<?xml version="1.0" encoding="UTF-8"?>
<testsuite name="com.raderleao.admin.catalogo.application.category.update.UpdateCategoryUseCaseTest" tests="5" skipped="0" failures="0" errors="0" timestamp="2023-03-18T03:22:35" hostname="RaderLeao-MacBook-Air.local" time="0.02">
  <properties/>
  <testcase name="givenACommandWithInvalidID_whenCallsUpdateCategory_shouldReturnNotFoundException()" classname="com.raderleao.admin.catalogo.application.category.update.UpdateCategoryUseCaseTest" time="0.003"/>
  <testcase name="givenAValidCommand_whenCallsUpdateCategory_shouldReturnCategoryId()" classname="com.raderleao.admin.catalogo.application.category.update.UpdateCategoryUseCaseTest" time="0.003"/>
  <testcase name="givenAValidCommand_whenGatewayThrowsRandomException_shouldReturnException()" classname="com.raderleao.admin.catalogo.application.category.update.UpdateCategoryUseCaseTest" time="0.005"/>
  <testcase name="givenAValidInactiveCommand_whenCallsUpdateCategory_shouldReturnInactiveCategoryId()" classname="com.raderleao.admin.catalogo.application.category.update.UpdateCategoryUseCaseTest" time="0.003"/>
  <testcase name="givenAInvalidName_whenCallsUpdateCategory_thenShouldReturnDomainException()" classname="com.raderleao.admin.catalogo.application.category.update.UpdateCategoryUseCaseTest" time="0.001"/>
  <system-out><![CDATA[]]></system-out>
  <system-err><![CDATA[]]></system-err>
</testsuite>
