<?xml version="1.0" encoding="UTF-8"?>
<testsuite name="com.raderleao.admin.catalogo.application.category.create.CreateCategoryUseCaseTest" tests="1" skipped="0" failures="0" errors="0" timestamp="2023-03-12T19:46:23" hostname="RaderLeao-MacBook-Air.local" time="0.652">
  <properties/>
  <testcase name="givenAInvalidName_whenCallsCreateCategory_thenShouldReturnDomainException()" classname="com.raderleao.admin.catalogo.application.category.create.CreateCategoryUseCaseTest" time="0.652"/>
  <system-out><![CDATA[]]></system-out>
  <system-err><![CDATA[]]></system-err>
</testsuite>
