<?xml version="1.0" encoding="UTF-8"?>
<testsuite name="com.raderleao.admin.catalogo.application.genre.delete.DeleteGenreUseCaseTest" tests="3" skipped="0" failures="0" errors="0" timestamp="2023-04-06T18:18:44" hostname="RaderLeao-MacBook-Air.local" time="0.003">
  <properties/>
  <testcase name="givenAValidGenreId_whenCallsDeleteGenre_shouldDeleteGenre()" classname="com.raderleao.admin.catalogo.application.genre.delete.DeleteGenreUseCaseTest" time="0.001"/>
  <testcase name="givenAnInvalidGenreId_whenCallsDeleteGenre_shouldBeOk()" classname="com.raderleao.admin.catalogo.application.genre.delete.DeleteGenreUseCaseTest" time="0.001"/>
  <testcase name="givenAValidGenreId_whenCallsDeleteGenreAndGatewayThrowsUnexpectedError_shouldReceiveException()" classname="com.raderleao.admin.catalogo.application.genre.delete.DeleteGenreUseCaseTest" time="0.001"/>
  <system-out><![CDATA[]]></system-out>
  <system-err><![CDATA[]]></system-err>
</testsuite>
