<?xml version="1.0" encoding="UTF-8"?>
<testsuite name="com.raderleao.admin.catalogo.application.category.create.CreateCategoryUseCaseTest" tests="1" skipped="0" failures="0" errors="0" timestamp="2023-03-09T21:59:43" hostname="RaderLeao-MacBook-Air.local" time="0.87">
  <properties/>
  <testcase name="givenAValidCommand_whenGatewayThrowsRandomException_shouldReturnException()" classname="com.raderleao.admin.catalogo.application.category.create.CreateCategoryUseCaseTest" time="0.87"/>
  <system-out><![CDATA[]]></system-out>
  <system-err><![CDATA[]]></system-err>
</testsuite>
