<?xml version="1.0" encoding="UTF-8"?>
<testsuite name="com.raderleao.admin.catalogo.application.category.create.CreateCategoryUseCaseTest" tests="4" skipped="0" failures="0" errors="0" timestamp="2023-03-16T03:30:38" hostname="RaderLeao-MacBook-Air.local" time="0.518">
  <properties/>
  <testcase name="givenAValidCommand_whenCallsCreateCategory_shouldReturnCategoryId()" classname="com.raderleao.admin.catalogo.application.category.create.CreateCategoryUseCaseTest" time="0.479"/>
  <testcase name="givenAValidCommand_whenGatewayThrowsRandomException_shouldReturnException()" classname="com.raderleao.admin.catalogo.application.category.create.CreateCategoryUseCaseTest" time="0.018"/>
  <testcase name="givenAInvalidName_whenCallsCreateCategory_thenShouldReturnDomainException()" classname="com.raderleao.admin.catalogo.application.category.create.CreateCategoryUseCaseTest" time="0.008"/>
  <testcase name="givenAValidCommandWithInactiveCategory_whenCallsCreateCategory_shouldReturnInactiveCategoryId()" classname="com.raderleao.admin.catalogo.application.category.create.CreateCategoryUseCaseTest" time="0.008"/>
  <system-out><![CDATA[]]></system-out>
  <system-err><![CDATA[]]></system-err>
</testsuite>
