<?xml version="1.0" encoding="UTF-8"?>
<testsuite name="com.raderleao.admin.catalogo.application.category.delete.DeteleCategoryUseCaseTest" tests="3" skipped="0" failures="0" errors="0" timestamp="2023-03-17T22:05:42" hostname="RaderLeao-MacBook-Air.local" time="0.013">
  <properties/>
  <testcase name="givenAValidId_whenCallsDeleteCategory_shouldBeOK()" classname="com.raderleao.admin.catalogo.application.category.delete.DeteleCategoryUseCaseTest" time="0.006"/>
  <testcase name="givenAInvalidId_whenCallsDeleteCategory_shouldBeOK()" classname="com.raderleao.admin.catalogo.application.category.delete.DeteleCategoryUseCaseTest" time="0.003"/>
  <testcase name="givenAValidId_whenGatewayThrowsException_shouldReturnException()" classname="com.raderleao.admin.catalogo.application.category.delete.DeteleCategoryUseCaseTest" time="0.004"/>
  <system-out><![CDATA[]]></system-out>
  <system-err><![CDATA[]]></system-err>
</testsuite>
