<?xml version="1.0" encoding="UTF-8"?>
<testsuite name="com.raderleao.admin.catalogo.application.genre.retrieve.list.ListGenreUseCaseTest" tests="3" skipped="0" failures="0" errors="0" timestamp="2023-04-06T18:18:44" hostname="RaderLeao-MacBook-Air.local" time="0.006">
  <properties/>
  <testcase name="givenAValidQuery_whenCallsListGenreAndResultIsEmpty_shouldReturnGenres()" classname="com.raderleao.admin.catalogo.application.genre.retrieve.list.ListGenreUseCaseTest" time="0.002"/>
  <testcase name="givenAValidQuery_whenCallsListGenreAndGatewayThrowsRandomError_shouldReturnException()" classname="com.raderleao.admin.catalogo.application.genre.retrieve.list.ListGenreUseCaseTest" time="0.001"/>
  <testcase name="givenAValidQuery_whenCallsListGenre_shouldReturnGenres()" classname="com.raderleao.admin.catalogo.application.genre.retrieve.list.ListGenreUseCaseTest" time="0.003"/>
  <system-out><![CDATA[]]></system-out>
  <system-err><![CDATA[]]></system-err>
</testsuite>
