<?xml version="1.0" encoding="UTF-8"?>
<testsuite name="com.raderleao.admin.catalogo.application.UseCaseTest" tests="1" skipped="0" failures="0" errors="0" timestamp="2023-03-14T23:00:52" hostname="RaderLeao-MacBook-Air.local" time="0.616">
  <properties/>
  <testcase name="testCreateUseCase()" classname="com.raderleao.admin.catalogo.application.UseCaseTest" time="0.616"/>
  <system-out><![CDATA[]]></system-out>
  <system-err><![CDATA[]]></system-err>
</testsuite>
