<?xml version="1.0" encoding="UTF-8"?>
<testsuite name="com.raderleao.admin.catalogo.application.UseCaseTest" tests="1" skipped="0" failures="0" errors="0" timestamp="2023-03-16T03:30:37" hostname="RaderLeao-MacBook-Air.local" time="1.242">
  <properties/>
  <testcase name="testCreateUseCase()" classname="com.raderleao.admin.catalogo.application.UseCaseTest" time="1.242"/>
  <system-out><![CDATA[]]></system-out>
  <system-err><![CDATA[]]></system-err>
</testsuite>
