<?xml version="1.0" encoding="UTF-8"?>
<testsuite name="com.raderleao.admin.catalogo.application.genre.create.CreateGenreUseCaseTest" tests="1" skipped="0" failures="0" errors="0" timestamp="2023-03-30T03:07:10" hostname="RaderLeao-MacBook-Air.local" time="0.763">
  <properties/>
  <testcase name="givenAValidCommand_whenCallsCreateGenre_shouldReturnGenreId()" classname="com.raderleao.admin.catalogo.application.genre.create.CreateGenreUseCaseTest" time="0.763"/>
  <system-out><![CDATA[]]></system-out>
  <system-err><![CDATA[]]></system-err>
</testsuite>
