<?xml version="1.0" encoding="UTF-8"?>
<testsuite name="com.raderleao.admin.catalogo.application.category.retrieve.list.ListCategoriesUseCaseTest" tests="3" skipped="0" failures="0" errors="0" timestamp="2023-03-27T00:27:46" hostname="RaderLeao-MacBook-Air.local" time="0.031">
  <properties/>
  <testcase name="givenAValidQuery_whenCallsListCategories_thenShouldReturnCategories()" classname="com.raderleao.admin.catalogo.application.category.retrieve.list.ListCategoriesUseCaseTest" time="0.024"/>
  <testcase name="givenAValidQuery_whenHasNoResults_thenShouldEmpityCategories()" classname="com.raderleao.admin.catalogo.application.category.retrieve.list.ListCategoriesUseCaseTest" time="0.002"/>
  <testcase name="givenAValidQuery_whenGatewayThowsException_shouldReturnException()" classname="com.raderleao.admin.catalogo.application.category.retrieve.list.ListCategoriesUseCaseTest" time="0.003"/>
  <system-out><![CDATA[]]></system-out>
  <system-err><![CDATA[]]></system-err>
</testsuite>
