<?xml version="1.0" encoding="UTF-8"?>
<testsuite name="com.raderleao.admin.catalogo.infrastructure.MainTest" tests="1" skipped="0" failures="0" errors="0" timestamp="2023-03-16T03:30:43" hostname="RaderLeao-MacBook-Air.local" time="0.016">
  <properties/>
  <testcase name="testMain()" classname="com.raderleao.admin.catalogo.infrastructure.MainTest" time="0.016"/>
  <system-out><![CDATA[]]></system-out>
  <system-err><![CDATA[]]></system-err>
</testsuite>
