<?xml version="1.0" encoding="UTF-8"?>
<testsuite name="com.raderleao.admin.catalogo.infrastructure.MainTest" tests="1" skipped="0" failures="0" errors="0" timestamp="2023-03-14T21:07:06" hostname="RaderLeao-MacBook-Air.local" time="2.022">
  <properties/>
  <testcase name="testMain()" classname="com.raderleao.admin.catalogo.infrastructure.MainTest" time="2.022"/>
  <system-out><![CDATA[
  .   ____          _            __ _ _
 /\\ / ___'_ __ _ _(_)_ __  __ _ \ \ \ \
( ( )\___ | '_ | '_| | '_ \/ _` | \ \ \ \
 \\/  ___)| |_)| | | | | || (_| |  ) ) ) )
  '  |____| .__|_| |_|_| |_\__, | / / / /
 =========|_|==============|___/=/_/_/_/
 :: Spring Boot ::                (v2.7.7)

2023-03-14 18:07:06.798  INFO 79850 --- [    Test worker] c.r.admin.catalogo.infrastructure.Main   : Starting Main using Java 17.0.2 on RaderLeao-MacBook-Air.local with PID 79850 (started by raderleao in /Users/raderleao/src/dev/Workspace/admin-do-catalogo/infrastructure)
2023-03-14 18:07:06.799  INFO 79850 --- [    Test worker] c.r.admin.catalogo.infrastructure.Main   : No active profile set, falling back to 1 default profile: "development"
2023-03-14 18:07:07.101  INFO 79850 --- [    Test worker] .s.d.r.c.RepositoryConfigurationDelegate : Bootstrapping Spring Data JPA repositories in DEFAULT mode.
2023-03-14 18:07:07.110  INFO 79850 --- [    Test worker] .s.d.r.c.RepositoryConfigurationDelegate : Finished Spring Data repository scanning in 3 ms. Found 0 JPA repository interfaces.
2023-03-14 18:07:07.438  INFO 79850 --- [    Test worker] com.zaxxer.hikari.HikariDataSource       : HikariPool-1 - Starting...
2023-03-14 18:07:07.688  INFO 79850 --- [    Test worker] com.zaxxer.hikari.HikariDataSource       : HikariPool-1 - Start completed.
2023-03-14 18:07:07.738  INFO 79850 --- [    Test worker] o.hibernate.jpa.internal.util.LogHelper  : HHH000204: Processing PersistenceUnitInfo [name: default]
2023-03-14 18:07:07.799  INFO 79850 --- [    Test worker] org.hibernate.Version                    : HHH000412: Hibernate ORM core version 5.6.14.Final
2023-03-14 18:07:07.936  INFO 79850 --- [    Test worker] o.hibernate.annotations.common.Version   : HCANN000001: Hibernate Commons Annotations {5.1.2.Final}
2023-03-14 18:07:08.019  INFO 79850 --- [    Test worker] org.hibernate.dialect.Dialect            : HHH000400: Using dialect: org.hibernate.dialect.H2Dialect
2023-03-14 18:07:08.155  INFO 79850 --- [    Test worker] o.h.e.t.j.p.i.JtaPlatformInitiator       : HHH000490: Using JtaPlatform implementation: [org.hibernate.engine.transaction.jta.platform.internal.NoJtaPlatform]
2023-03-14 18:07:08.160  INFO 79850 --- [    Test worker] j.LocalContainerEntityManagerFactoryBean : Initialized JPA EntityManagerFactory for persistence unit 'default'
2023-03-14 18:07:08.224  INFO 79850 --- [    Test worker] c.r.admin.catalogo.infrastructure.Main   : Started Main in 1.912 seconds (JVM running for 2.463)
]]></system-out>
  <system-err><![CDATA[]]></system-err>
</testsuite>
