<?xml version="1.0" encoding="UTF-8"?>
<testsuite name="com.raderleao.admin.catalogo.e2e.category.CategoryE2ETest" tests="1" skipped="0" failures="0" errors="0" timestamp="2023-03-27T02:55:19" hostname="RaderLeao-MacBook-Air.local" time="0.491">
  <properties/>
  <testcase name="asACatalogAdminIShouldBeAbleToDeleteACategoryByItsIdentifier()" classname="com.raderleao.admin.catalogo.e2e.category.CategoryE2ETest" time="0.491"/>
  <system-out><![CDATA[23:55:00.173 [Test worker] DEBUG org.springframework.test.context.BootstrapUtils - Instantiating CacheAwareContextLoaderDelegate from class [org.springframework.test.context.cache.DefaultCacheAwareContextLoaderDelegate]
23:55:00.183 [Test worker] DEBUG org.springframework.test.context.BootstrapUtils - Instantiating BootstrapContext using constructor [public org.springframework.test.context.support.DefaultBootstrapContext(java.lang.Class,org.springframework.test.context.CacheAwareContextLoaderDelegate)]
23:55:00.224 [Test worker] DEBUG org.springframework.test.context.BootstrapUtils - Instantiating TestContextBootstrapper for test class [com.raderleao.admin.catalogo.e2e.category.CategoryE2ETest] from class [org.springframework.boot.test.context.SpringBootTestContextBootstrapper]
23:55:00.243 [Test worker] INFO org.springframework.boot.test.context.SpringBootTestContextBootstrapper - Neither @ContextConfiguration nor @ContextHierarchy found for test class [com.raderleao.admin.catalogo.e2e.category.CategoryE2ETest], using SpringBootContextLoader
23:55:00.247 [Test worker] DEBUG org.springframework.test.context.support.AbstractContextLoader - Did not detect default resource location for test class [com.raderleao.admin.catalogo.e2e.category.CategoryE2ETest]: class path resource [com/raderleao/admin/catalogo/e2e/category/CategoryE2ETest-context.xml] does not exist
23:55:00.248 [Test worker] DEBUG org.springframework.test.context.support.AbstractContextLoader - Did not detect default resource location for test class [com.raderleao.admin.catalogo.e2e.category.CategoryE2ETest]: class path resource [com/raderleao/admin/catalogo/e2e/category/CategoryE2ETestContext.groovy] does not exist
23:55:00.248 [Test worker] INFO org.springframework.test.context.support.AbstractContextLoader - Could not detect default resource locations for test class [com.raderleao.admin.catalogo.e2e.category.CategoryE2ETest]: no resource found for suffixes {-context.xml, Context.groovy}.
23:55:00.407 [Test worker] DEBUG org.springframework.boot.test.context.SpringBootTestContextBootstrapper - @TestExecutionListeners is not present for class [com.raderleao.admin.catalogo.e2e.category.CategoryE2ETest]: using defaults.
23:55:00.407 [Test worker] INFO org.springframework.boot.test.context.SpringBootTestContextBootstrapper - Loaded default TestExecutionListener class names from location [META-INF/spring.factories]: [org.springframework.boot.test.autoconfigure.restdocs.RestDocsTestExecutionListener, org.springframework.boot.test.autoconfigure.web.client.MockRestServiceServerResetTestExecutionListener, org.springframework.boot.test.autoconfigure.web.servlet.MockMvcPrintOnlyOnFailureTestExecutionListener, org.springframework.boot.test.autoconfigure.web.servlet.WebDriverTestExecutionListener, org.springframework.boot.test.autoconfigure.webservices.client.MockWebServiceServerTestExecutionListener, org.springframework.boot.test.mock.mockito.MockitoTestExecutionListener, org.springframework.boot.test.mock.mockito.ResetMocksTestExecutionListener, org.springframework.test.context.web.ServletTestExecutionListener, org.springframework.test.context.support.DirtiesContextBeforeModesTestExecutionListener, org.springframework.test.context.event.ApplicationEventsTestExecutionListener, org.springframework.test.context.support.DependencyInjectionTestExecutionListener, org.springframework.test.context.support.DirtiesContextTestExecutionListener, org.springframework.test.context.transaction.TransactionalTestExecutionListener, org.springframework.test.context.jdbc.SqlScriptsTestExecutionListener, org.springframework.test.context.event.EventPublishingTestExecutionListener]
23:55:00.420 [Test worker] INFO org.springframework.boot.test.context.SpringBootTestContextBootstrapper - Using TestExecutionListeners: [org.springframework.test.context.web.ServletTestExecutionListener@5b408dc3, org.springframework.test.context.support.DirtiesContextBeforeModesTestExecutionListener@4d098f9b, org.springframework.test.context.event.ApplicationEventsTestExecutionListener@2dbf4cbd, org.springframework.boot.test.mock.mockito.MockitoTestExecutionListener@20b5f2ac, org.springframework.boot.test.autoconfigure.SpringBootDependencyInjectionTestExecutionListener@7fc44dec, org.springframework.test.context.support.DirtiesContextTestExecutionListener@7e3060d8, org.springframework.test.context.transaction.TransactionalTestExecutionListener@293d0107, org.springframework.test.context.jdbc.SqlScriptsTestExecutionListener@2692b61e, org.springframework.test.context.event.EventPublishingTestExecutionListener@7b64240d, org.springframework.boot.test.autoconfigure.restdocs.RestDocsTestExecutionListener@62fad19, org.springframework.boot.test.autoconfigure.web.client.MockRestServiceServerResetTestExecutionListener@47dbb1e2, org.springframework.boot.test.autoconfigure.web.servlet.MockMvcPrintOnlyOnFailureTestExecutionListener@74cadd41, org.springframework.boot.test.autoconfigure.web.servlet.WebDriverTestExecutionListener@2e54db99, org.springframework.boot.test.autoconfigure.webservices.client.MockWebServiceServerTestExecutionListener@55e8ec2f, org.springframework.boot.test.mock.mockito.ResetMocksTestExecutionListener@4f2613d1]
23:55:00.424 [Test worker] DEBUG org.springframework.test.context.support.AbstractDirtiesContextTestExecutionListener - Before test class: context [DefaultTestContext@292d1c71 testClass = CategoryE2ETest, testInstance = [null], testMethod = [null], testException = [null], mergedContextConfiguration = [WebMergedContextConfiguration@2b491fee testClass = CategoryE2ETest, locations = '{}', classes = '{class com.raderleao.admin.catalogo.infrastructure.configuration.WebServerConfig}', contextInitializerClasses = '[]', activeProfiles = '{test-e2e}', propertySourceLocations = '{}', propertySourceProperties = '{org.springframework.boot.test.context.SpringBootTestContextBootstrapper=true}', contextCustomizers = set[org.springframework.boot.test.autoconfigure.actuate.metrics.MetricsExportContextCustomizerFactory$DisableMetricExportContextCustomizer@dbd8e44, org.springframework.boot.test.autoconfigure.properties.PropertyMappingContextCustomizer@4b3fa0b3, org.springframework.boot.test.autoconfigure.web.servlet.WebDriverContextCustomizerFactory$Customizer@5a709816, [ImportsContextCustomizer@3f1c5af9 key = [org.springframework.boot.test.autoconfigure.web.servlet.MockMvcAutoConfiguration, org.springframework.boot.test.autoconfigure.web.servlet.MockMvcWebClientAutoConfiguration, org.springframework.boot.test.autoconfigure.web.servlet.MockMvcWebDriverAutoConfiguration, org.springframework.boot.autoconfigure.security.oauth2.client.servlet.OAuth2ClientAutoConfiguration, org.springframework.boot.autoconfigure.security.oauth2.resource.servlet.OAuth2ResourceServerAutoConfiguration, org.springframework.boot.autoconfigure.security.servlet.SecurityAutoConfiguration, org.springframework.boot.autoconfigure.security.servlet.SecurityFilterAutoConfiguration, org.springframework.boot.autoconfigure.security.servlet.UserDetailsServiceAutoConfiguration, org.springframework.boot.test.autoconfigure.web.servlet.MockMvcSecurityConfiguration, org.springframework.boot.test.autoconfigure.web.reactive.WebTestClientAutoConfiguration]], org.springframework.boot.test.context.filter.ExcludeFilterContextCustomizer@35229f85, org.springframework.boot.test.json.DuplicateJsonObjectContextCustomizerFactory$DuplicateJsonObjectContextCustomizer@4758820d, org.springframework.boot.test.mock.mockito.MockitoContextCustomizer@0, org.springframework.boot.test.web.client.TestRestTemplateContextCustomizer@635572a7, org.springframework.test.context.support.DynamicPropertiesContextCustomizer@785c4263, org.springframework.boot.test.context.SpringBootTestArgs@1, org.springframework.boot.test.context.SpringBootTestWebEnvironment@2cd2a21f], resourceBasePath = 'src/main/webapp', contextLoader = 'org.springframework.boot.test.context.SpringBootContextLoader', parent = [null]], attributes = map['org.springframework.test.context.web.ServletTestExecutionListener.activateListener' -> true]], class annotated with @DirtiesContext [false] with mode [null].
23:55:00.450 [Test worker] DEBUG org.testcontainers.utility.TestcontainersConfiguration - Testcontainers configuration overrides will be loaded from file:/Users/raderleao/.testcontainers.properties
23:55:00.454 [Test worker] INFO org.testcontainers.utility.ImageNameSubstitutor - Image name substitution will be performed by: DefaultImageNameSubstitutor (composite of 'ConfigurationFileImageNameSubstitutor' and 'PrefixingImageNameSubstitutor')
23:55:00.478 [Test worker] INFO org.testcontainers.dockerclient.DockerClientProviderStrategy - Loaded org.testcontainers.dockerclient.UnixSocketClientProviderStrategy from ~/.testcontainers.properties, will try it first
23:55:00.480 [Test worker] DEBUG org.testcontainers.dockerclient.DockerClientProviderStrategy - Trying out strategy: UnixSocketClientProviderStrategy
23:55:00.699 [Test worker] DEBUG org.testcontainers.shaded.com.github.dockerjava.core.command.AbstrDockerCmd - Cmd: 
23:55:00.714 [Test worker] DEBUG com.github.dockerjava.zerodep.shaded.org.apache.hc.client5.http.impl.classic.InternalHttpClient - ex-00000001: preparing request execution
23:55:00.717 [Test worker] DEBUG com.github.dockerjava.zerodep.shaded.org.apache.hc.client5.http.protocol.RequestAddCookies - Cookie spec selected: strict
23:55:00.720 [Test worker] DEBUG com.github.dockerjava.zerodep.shaded.org.apache.hc.client5.http.protocol.RequestAuthCache - Auth cache not set in the context
23:55:00.720 [Test worker] DEBUG com.github.dockerjava.zerodep.shaded.org.apache.hc.client5.http.impl.classic.ProtocolExec - ex-00000001: target auth state: UNCHALLENGED
23:55:00.720 [Test worker] DEBUG com.github.dockerjava.zerodep.shaded.org.apache.hc.client5.http.impl.classic.ProtocolExec - ex-00000001: proxy auth state: UNCHALLENGED
23:55:00.720 [Test worker] DEBUG com.github.dockerjava.zerodep.shaded.org.apache.hc.client5.http.impl.classic.ConnectExec - ex-00000001: acquiring connection with route {}->unix://localhost:2375
23:55:00.720 [Test worker] DEBUG com.github.dockerjava.zerodep.shaded.org.apache.hc.client5.http.impl.classic.InternalHttpClient - ex-00000001: acquiring endpoint (3 MINUTES)
23:55:00.721 [Test worker] DEBUG com.github.dockerjava.zerodep.shaded.org.apache.hc.client5.http.impl.io.PoolingHttpClientConnectionManager - ex-00000001: endpoint lease request (3 MINUTES) [route: {}->unix://localhost:2375][total available: 0; route allocated: 0 of 2147483647; total allocated: 0 of 2147483647]
23:55:00.724 [Test worker] DEBUG com.github.dockerjava.zerodep.shaded.org.apache.hc.client5.http.impl.io.PoolingHttpClientConnectionManager - ex-00000001: endpoint leased [route: {}->unix://localhost:2375][total available: 0; route allocated: 1 of 2147483647; total allocated: 1 of 2147483647]
23:55:00.751 [Test worker] DEBUG com.github.dockerjava.zerodep.shaded.org.apache.hc.client5.http.impl.io.PoolingHttpClientConnectionManager - ex-00000001: acquired ep-00000000
23:55:00.751 [Test worker] DEBUG com.github.dockerjava.zerodep.shaded.org.apache.hc.client5.http.impl.classic.InternalHttpClient - ex-00000001: acquired endpoint ep-00000000
23:55:00.751 [Test worker] DEBUG com.github.dockerjava.zerodep.shaded.org.apache.hc.client5.http.impl.classic.ConnectExec - ex-00000001: opening connection {}->unix://localhost:2375
23:55:00.752 [Test worker] DEBUG com.github.dockerjava.zerodep.shaded.org.apache.hc.client5.http.impl.classic.InternalHttpClient - ep-00000000: connecting endpoint (3 MINUTES)
23:55:00.752 [Test worker] DEBUG com.github.dockerjava.zerodep.shaded.org.apache.hc.client5.http.impl.io.PoolingHttpClientConnectionManager - ep-00000000: connecting endpoint to unix://localhost:2375 (3 MINUTES)
23:55:00.755 [Test worker] DEBUG com.github.dockerjava.zerodep.shaded.org.apache.hc.client5.http.impl.io.DefaultHttpClientConnectionOperator - http-outgoing-0: connecting to localhost/127.0.0.1:2375
23:55:00.755 [Test worker] DEBUG com.github.dockerjava.zerodep.shaded.org.apache.hc.client5.http.impl.io.DefaultHttpClientConnectionOperator - http-outgoing-0: connection established /var/run/docker.sock<->/var/run/docker.sock
23:55:00.757 [Test worker] DEBUG com.github.dockerjava.zerodep.shaded.org.apache.hc.client5.http.impl.io.PoolingHttpClientConnectionManager - ep-00000000: connected http-outgoing-0
23:55:00.757 [Test worker] DEBUG com.github.dockerjava.zerodep.shaded.org.apache.hc.client5.http.impl.classic.InternalHttpClient - ep-00000000: endpoint connected
23:55:00.758 [Test worker] DEBUG com.github.dockerjava.zerodep.shaded.org.apache.hc.client5.http.impl.classic.MainClientExec - ex-00000001: executing GET /v1.32/info HTTP/1.1
23:55:00.758 [Test worker] DEBUG com.github.dockerjava.zerodep.shaded.org.apache.hc.client5.http.impl.classic.InternalHttpClient - ep-00000000: start execution ex-00000001
23:55:00.759 [Test worker] DEBUG com.github.dockerjava.zerodep.shaded.org.apache.hc.client5.http.impl.io.PoolingHttpClientConnectionManager - ep-00000000: executing exchange ex-00000001 over http-outgoing-0
23:55:00.759 [Test worker] DEBUG com.github.dockerjava.zerodep.shaded.org.apache.hc.client5.http.headers - http-outgoing-0 >> GET /v1.32/info HTTP/1.1
23:55:00.760 [Test worker] DEBUG com.github.dockerjava.zerodep.shaded.org.apache.hc.client5.http.headers - http-outgoing-0 >> x-tc-sid: 818a13d9-e138-4e41-b5a4-74fd927e6a2d
23:55:00.760 [Test worker] DEBUG com.github.dockerjava.zerodep.shaded.org.apache.hc.client5.http.headers - http-outgoing-0 >> Accept-Encoding: gzip, x-gzip, deflate
23:55:00.760 [Test worker] DEBUG com.github.dockerjava.zerodep.shaded.org.apache.hc.client5.http.headers - http-outgoing-0 >> Host: localhost:2375
23:55:00.760 [Test worker] DEBUG com.github.dockerjava.zerodep.shaded.org.apache.hc.client5.http.headers - http-outgoing-0 >> Connection: keep-alive
23:55:00.760 [Test worker] DEBUG com.github.dockerjava.zerodep.shaded.org.apache.hc.client5.http.headers - http-outgoing-0 >> User-Agent: Apache-HttpClient/5.0.3 (Java/17.0.2)
23:55:00.760 [Test worker] DEBUG com.github.dockerjava.zerodep.shaded.org.apache.hc.client5.http.wire - http-outgoing-0 >> "GET /v1.32/info HTTP/1.1[\r][\n]"
23:55:00.760 [Test worker] DEBUG com.github.dockerjava.zerodep.shaded.org.apache.hc.client5.http.wire - http-outgoing-0 >> "x-tc-sid: 818a13d9-e138-4e41-b5a4-74fd927e6a2d[\r][\n]"
23:55:00.760 [Test worker] DEBUG com.github.dockerjava.zerodep.shaded.org.apache.hc.client5.http.wire - http-outgoing-0 >> "Accept-Encoding: gzip, x-gzip, deflate[\r][\n]"
23:55:00.761 [Test worker] DEBUG com.github.dockerjava.zerodep.shaded.org.apache.hc.client5.http.wire - http-outgoing-0 >> "Host: localhost:2375[\r][\n]"
23:55:00.761 [Test worker] DEBUG com.github.dockerjava.zerodep.shaded.org.apache.hc.client5.http.wire - http-outgoing-0 >> "Connection: keep-alive[\r][\n]"
23:55:00.761 [Test worker] DEBUG com.github.dockerjava.zerodep.shaded.org.apache.hc.client5.http.wire - http-outgoing-0 >> "User-Agent: Apache-HttpClient/5.0.3 (Java/17.0.2)[\r][\n]"
23:55:00.761 [Test worker] DEBUG com.github.dockerjava.zerodep.shaded.org.apache.hc.client5.http.wire - http-outgoing-0 >> "[\r][\n]"
23:55:00.840 [Test worker] DEBUG com.github.dockerjava.zerodep.shaded.org.apache.hc.client5.http.wire - http-outgoing-0 << "HTTP/1.1 200 OK[\r][\n]"
23:55:00.840 [Test worker] DEBUG com.github.dockerjava.zerodep.shaded.org.apache.hc.client5.http.wire - http-outgoing-0 << "Api-Version: 1.41[\r][\n]"
23:55:00.840 [Test worker] DEBUG com.github.dockerjava.zerodep.shaded.org.apache.hc.client5.http.wire - http-outgoing-0 << "Content-Type: application/json[\r][\n]"
23:55:00.840 [Test worker] DEBUG com.github.dockerjava.zerodep.shaded.org.apache.hc.client5.http.wire - http-outgoing-0 << "Date: Mon, 27 Mar 2023 02:55:00 GMT[\r][\n]"
23:55:00.840 [Test worker] DEBUG com.github.dockerjava.zerodep.shaded.org.apache.hc.client5.http.wire - http-outgoing-0 << "Docker-Experimental: false[\r][\n]"
23:55:00.840 [Test worker] DEBUG com.github.dockerjava.zerodep.shaded.org.apache.hc.client5.http.wire - http-outgoing-0 << "Ostype: linux[\r][\n]"
23:55:00.840 [Test worker] DEBUG com.github.dockerjava.zerodep.shaded.org.apache.hc.client5.http.wire - http-outgoing-0 << "Server: Docker/20.10.21 (linux)[\r][\n]"
23:55:00.840 [Test worker] DEBUG com.github.dockerjava.zerodep.shaded.org.apache.hc.client5.http.wire - http-outgoing-0 << "Transfer-Encoding: chunked[\r][\n]"
23:55:00.840 [Test worker] DEBUG com.github.dockerjava.zerodep.shaded.org.apache.hc.client5.http.wire - http-outgoing-0 << "[\r][\n]"
23:55:00.842 [Test worker] DEBUG com.github.dockerjava.zerodep.shaded.org.apache.hc.client5.http.headers - http-outgoing-0 << HTTP/1.1 200 OK
23:55:00.842 [Test worker] DEBUG com.github.dockerjava.zerodep.shaded.org.apache.hc.client5.http.headers - http-outgoing-0 << Api-Version: 1.41
23:55:00.842 [Test worker] DEBUG com.github.dockerjava.zerodep.shaded.org.apache.hc.client5.http.headers - http-outgoing-0 << Content-Type: application/json
23:55:00.843 [Test worker] DEBUG com.github.dockerjava.zerodep.shaded.org.apache.hc.client5.http.headers - http-outgoing-0 << Date: Mon, 27 Mar 2023 02:55:00 GMT
23:55:00.843 [Test worker] DEBUG com.github.dockerjava.zerodep.shaded.org.apache.hc.client5.http.headers - http-outgoing-0 << Docker-Experimental: false
23:55:00.843 [Test worker] DEBUG com.github.dockerjava.zerodep.shaded.org.apache.hc.client5.http.headers - http-outgoing-0 << Ostype: linux
23:55:00.843 [Test worker] DEBUG com.github.dockerjava.zerodep.shaded.org.apache.hc.client5.http.headers - http-outgoing-0 << Server: Docker/20.10.21 (linux)
23:55:00.843 [Test worker] DEBUG com.github.dockerjava.zerodep.shaded.org.apache.hc.client5.http.headers - http-outgoing-0 << Transfer-Encoding: chunked
23:55:00.845 [Test worker] DEBUG com.github.dockerjava.zerodep.shaded.org.apache.hc.client5.http.impl.classic.MainClientExec - ex-00000001: connection can be kept alive for 3 MINUTES
23:55:00.850 [Test worker] DEBUG com.github.dockerjava.zerodep.shaded.org.apache.hc.client5.http.wire - http-outgoing-0 << "9b5[\r][\n]"
23:55:00.850 [Test worker] DEBUG com.github.dockerjava.zerodep.shaded.org.apache.hc.client5.http.wire - http-outgoing-0 << "{"ID":"CHCI:UPAM:TORI:5KXR:EIWO:ULUG:WV7M:IN4U:FXTX:6P5W:QVNL:LTRL","Containers":1,"ContainersRunning":1,"ContainersPaused":0,"ContainersStopped":0,"Images":14,"Driver":"overlay2","DriverStatus":[["Backing Filesystem","extfs"],["Supports d_type","true"],["Native Overlay Diff","true"],["userxattr","false"]],"Plugins":{"Volume":["local"],"Network":["bridge","host","ipvlan","macvlan","null","overlay"],"Authorization":null,"Log":["awslogs","fluentd","gcplogs","gelf","journald","json-file","local","logentries","splunk","syslog"]},"MemoryLimit":true,"SwapLimit":true,"KernelMemory":false,"KernelMemoryTCP":false,"CpuCfsPeriod":true,"CpuCfsQuota":true,"CPUShares":true,"CPUSet":true,"PidsLimit":true,"IPv4Forwarding":true,"BridgeNfIptables":true,"BridgeNfIp6tables":true,"Debug":false,"NFd":58,"OomKillDisable":false,"NGoroutines":60,"SystemTime":"2023-03-27T02:55:00.785642877Z","LoggingDriver":"json-file","CgroupDriver":"cgroupfs","CgroupVersion":"2","NEventsListener":6,"KernelVersion":"5.15.49-linuxkit","OperatingSystem":"Docker Desktop","OSVersion":"","OSType":"linux","Architecture":"aarch64","IndexServerAddress":"https://index.docker.io/v1/","RegistryConfig":{"AllowNondistributableArtifactsCIDRs":[],"AllowNondistributableArtifactsHostnames":[],"InsecureRegistryCIDRs":["127.0.0.0/8"],"IndexConfigs":{"docker.io":{"Name":"docker.io","Mirrors":[],"Secure":true,"Official":true},"hubproxy.docker.internal:5000":{"Name":"hubproxy.docker.internal:5000","Mirrors":[],"Secure":false,"Official":false}},"Mirrors":[]},"NCPU":4,"MemTotal":4124512256,"GenericResources":null,"DockerRootDir":"/var/lib/docker","HttpProxy":"http.docker.internal:3128","HttpsProxy":"http.docker.internal:3128","NoProxy":"hubproxy.docker.internal","Name":"docker-desktop","Labels":[],"ExperimentalBuild":false,"ServerVersion":"20.10.21","Runtimes":{"io.containerd.runc.v2":{"path":"runc"},"io.containerd.runtime.v1.linux":{"path":"runc"},"runc":{"path":"runc"}},"DefaultRuntime":"runc","Swarm":{"NodeID":"","NodeAddr":"","LocalNodeState":"inactive","ControlAvailable":false,"Error":"","RemoteManagers":null},"LiveRestoreEnabled":false,"Isolation":"","InitBinary":"docker-init","ContainerdCommit":{"ID":"770bd0108c32f3fb5c73ae1264f7e503fe7b2661","Expected":"770bd0108c32f3fb5c73ae1264f7e503fe7b2661"},"RuncCommit":{"ID":"v1.1.4-0-g5fd4c4d","Expected":"v1.1.4-0-g5fd4c4d"},"InitCommit":{"ID":"de40ad0","Expected":"de40ad0"},"SecurityOptions":["name=seccomp,profile=default","name=cgroupns"],"Warnings":null}[\n]"
23:55:00.850 [Test worker] DEBUG com.github.dockerjava.zerodep.shaded.org.apache.hc.client5.http.wire - http-outgoing-0 << "[\r][\n]"
23:55:00.850 [Test worker] DEBUG com.github.dockerjava.zerodep.shaded.org.apache.hc.client5.http.wire - http-outgoing-0 << "0[\r][\n]"
23:55:00.850 [Test worker] DEBUG com.github.dockerjava.zerodep.shaded.org.apache.hc.client5.http.wire - http-outgoing-0 << "[\r][\n]"
23:55:00.946 [Test worker] DEBUG com.github.dockerjava.zerodep.shaded.org.apache.hc.client5.http.impl.classic.InternalHttpClient - ep-00000000: releasing valid endpoint
23:55:00.946 [Test worker] DEBUG com.github.dockerjava.zerodep.shaded.org.apache.hc.client5.http.impl.io.PoolingHttpClientConnectionManager - ep-00000000: releasing endpoint
23:55:00.946 [Test worker] DEBUG com.github.dockerjava.zerodep.shaded.org.apache.hc.client5.http.impl.io.PoolingHttpClientConnectionManager - ep-00000000: connection http-outgoing-0 can be kept alive for 3 MINUTES
23:55:00.946 [Test worker] DEBUG com.github.dockerjava.zerodep.shaded.org.apache.hc.client5.http.impl.io.PoolingHttpClientConnectionManager - ep-00000000: connection released [route: {}->unix://localhost:2375][total available: 1; route allocated: 1 of 2147483647; total allocated: 1 of 2147483647]
23:55:00.947 [Test worker] INFO org.testcontainers.dockerclient.DockerClientProviderStrategy - Found Docker environment with local Unix socket (unix:///var/run/docker.sock)
23:55:00.947 [Test worker] DEBUG org.testcontainers.dockerclient.DockerClientProviderStrategy - Transport type: 'httpclient5', Docker host: 'unix:///var/run/docker.sock'
23:55:00.947 [Test worker] DEBUG org.testcontainers.dockerclient.DockerClientProviderStrategy - Checking Docker OS type for local Unix socket (unix:///var/run/docker.sock)
23:55:00.948 [Test worker] INFO org.testcontainers.DockerClientFactory - Docker host IP address is localhost
23:55:00.948 [Test worker] DEBUG org.testcontainers.DockerClientFactory - Docker info: {NGoroutines=60, Name=docker-desktop, Swarm={NodeID=, NodeAddr=, LocalNodeState=inactive, ControlAvailable=false, Error=, RemoteManagers=null}, RuncCommit={ID=v1.1.4-0-g5fd4c4d, Expected=v1.1.4-0-g5fd4c4d}, OSVersion=, Runtimes={io.containerd.runc.v2={path=runc}, io.containerd.runtime.v1.linux={path=runc}, runc={path=runc}}, ID=CHCI:UPAM:TORI:5KXR:EIWO:ULUG:WV7M:IN4U:FXTX:6P5W:QVNL:LTRL, DriverStatus=[[Backing Filesystem, extfs], [Supports d_type, true], [Native Overlay Diff, true], [userxattr, false]], BridgeNfIptables=true, LiveRestoreEnabled=false, SystemTime=2023-03-27T02:55:00.785642877Z, NoProxy=hubproxy.docker.internal, Architecture=aarch64, NEventsListener=6, HttpsProxy=http.docker.internal:3128, Images=14, ContainersRunning=1, Labels=[], InitCommit={ID=de40ad0, Expected=de40ad0}, NFd=58, KernelVersion=5.15.49-linuxkit, LoggingDriver=json-file, OSType=linux, SecurityOptions=[name=seccomp,profile=default, name=cgroupns], ContainerdCommit={ID=770bd0108c32f3fb5c73ae1264f7e503fe7b2661, Expected=770bd0108c32f3fb5c73ae1264f7e503fe7b2661}, GenericResources=null, KernelMemory=false, OperatingSystem=Docker Desktop, RegistryConfig={AllowNondistributableArtifactsCIDRs=[], AllowNondistributableArtifactsHostnames=[], InsecureRegistryCIDRs=[127.0.0.0/8], IndexConfigs={docker.io={Name=docker.io, Mirrors=[], Secure=true, Official=true}, hubproxy.docker.internal:5000={Name=hubproxy.docker.internal:5000, Mirrors=[], Secure=false, Official=false}}, Mirrors=[]}, ServerVersion=20.10.21, OomKillDisable=false, CpuCfsQuota=true, Containers=1, Driver=overlay2, KernelMemoryTCP=false, IPv4Forwarding=true, ExperimentalBuild=false, DockerRootDir=/var/lib/docker, CPUSet=true, CpuCfsPeriod=true, DefaultRuntime=runc, CPUShares=true, Debug=false, NCPU=4, Plugins={Volume=[local], Network=[bridge, host, ipvlan, macvlan, null, overlay], Authorization=null, Log=[awslogs, fluentd, gcplogs, gelf, journald, json-file, local, logentries, splunk, syslog]}, SwapLimit=true, CgroupDriver=cgroupfs, ContainersPaused=0, MemTotal=4124512256, IndexServerAddress=https://index.docker.io/v1/, MemoryLimit=true, HttpProxy=http.docker.internal:3128, InitBinary=docker-init, CgroupVersion=2, PidsLimit=true, Isolation=, BridgeNfIp6tables=true, Warnings=null, ContainersStopped=0}
23:55:00.950 [Test worker] DEBUG org.testcontainers.shaded.com.github.dockerjava.core.command.AbstrDockerCmd - Cmd: 
23:55:00.951 [Test worker] DEBUG com.github.dockerjava.zerodep.shaded.org.apache.hc.client5.http.impl.classic.InternalHttpClient - ex-00000002: preparing request execution
23:55:00.952 [Test worker] DEBUG com.github.dockerjava.zerodep.shaded.org.apache.hc.client5.http.protocol.RequestAddCookies - Cookie spec selected: strict
23:55:00.952 [Test worker] DEBUG com.github.dockerjava.zerodep.shaded.org.apache.hc.client5.http.protocol.RequestAuthCache - Auth cache not set in the context
23:55:00.952 [Test worker] DEBUG com.github.dockerjava.zerodep.shaded.org.apache.hc.client5.http.impl.classic.ProtocolExec - ex-00000002: target auth state: UNCHALLENGED
23:55:00.952 [Test worker] DEBUG com.github.dockerjava.zerodep.shaded.org.apache.hc.client5.http.impl.classic.ProtocolExec - ex-00000002: proxy auth state: UNCHALLENGED
23:55:00.952 [Test worker] DEBUG com.github.dockerjava.zerodep.shaded.org.apache.hc.client5.http.impl.classic.ConnectExec - ex-00000002: acquiring connection with route {}->unix://localhost:2375
23:55:00.952 [Test worker] DEBUG com.github.dockerjava.zerodep.shaded.org.apache.hc.client5.http.impl.classic.InternalHttpClient - ex-00000002: acquiring endpoint (3 MINUTES)
23:55:00.952 [Test worker] DEBUG com.github.dockerjava.zerodep.shaded.org.apache.hc.client5.http.impl.io.PoolingHttpClientConnectionManager - ex-00000002: endpoint lease request (3 MINUTES) [route: {}->unix://localhost:2375][total available: 1; route allocated: 1 of 2147483647; total allocated: 1 of 2147483647]
23:55:00.952 [Test worker] DEBUG com.github.dockerjava.zerodep.shaded.org.apache.hc.client5.http.impl.io.PoolingHttpClientConnectionManager - ex-00000002: endpoint leased [route: {}->unix://localhost:2375][total available: 0; route allocated: 1 of 2147483647; total allocated: 1 of 2147483647]
23:55:00.953 [Test worker] DEBUG com.github.dockerjava.zerodep.shaded.org.apache.hc.client5.http.impl.io.PoolingHttpClientConnectionManager - ex-00000002: acquired ep-00000001
23:55:00.953 [Test worker] DEBUG com.github.dockerjava.zerodep.shaded.org.apache.hc.client5.http.impl.classic.InternalHttpClient - ex-00000002: acquired endpoint ep-00000001
23:55:00.953 [Test worker] DEBUG com.github.dockerjava.zerodep.shaded.org.apache.hc.client5.http.impl.classic.MainClientExec - ex-00000002: executing GET /v1.32/version HTTP/1.1
23:55:00.953 [Test worker] DEBUG com.github.dockerjava.zerodep.shaded.org.apache.hc.client5.http.impl.classic.InternalHttpClient - ep-00000001: start execution ex-00000002
23:55:00.953 [Test worker] DEBUG com.github.dockerjava.zerodep.shaded.org.apache.hc.client5.http.impl.io.PoolingHttpClientConnectionManager - ep-00000001: executing exchange ex-00000002 over http-outgoing-0
23:55:00.953 [Test worker] DEBUG com.github.dockerjava.zerodep.shaded.org.apache.hc.client5.http.headers - http-outgoing-0 >> GET /v1.32/version HTTP/1.1
23:55:00.953 [Test worker] DEBUG com.github.dockerjava.zerodep.shaded.org.apache.hc.client5.http.headers - http-outgoing-0 >> accept: application/json
23:55:00.953 [Test worker] DEBUG com.github.dockerjava.zerodep.shaded.org.apache.hc.client5.http.headers - http-outgoing-0 >> x-tc-sid: 818a13d9-e138-4e41-b5a4-74fd927e6a2d
23:55:00.953 [Test worker] DEBUG com.github.dockerjava.zerodep.shaded.org.apache.hc.client5.http.headers - http-outgoing-0 >> Accept-Encoding: gzip, x-gzip, deflate
23:55:00.954 [Test worker] DEBUG com.github.dockerjava.zerodep.shaded.org.apache.hc.client5.http.headers - http-outgoing-0 >> Host: localhost:2375
23:55:00.954 [Test worker] DEBUG com.github.dockerjava.zerodep.shaded.org.apache.hc.client5.http.headers - http-outgoing-0 >> Connection: keep-alive
23:55:00.954 [Test worker] DEBUG com.github.dockerjava.zerodep.shaded.org.apache.hc.client5.http.headers - http-outgoing-0 >> User-Agent: Apache-HttpClient/5.0.3 (Java/17.0.2)
23:55:00.954 [Test worker] DEBUG com.github.dockerjava.zerodep.shaded.org.apache.hc.client5.http.wire - http-outgoing-0 >> "GET /v1.32/version HTTP/1.1[\r][\n]"
23:55:00.954 [Test worker] DEBUG com.github.dockerjava.zerodep.shaded.org.apache.hc.client5.http.wire - http-outgoing-0 >> "accept: application/json[\r][\n]"
23:55:00.954 [Test worker] DEBUG com.github.dockerjava.zerodep.shaded.org.apache.hc.client5.http.wire - http-outgoing-0 >> "x-tc-sid: 818a13d9-e138-4e41-b5a4-74fd927e6a2d[\r][\n]"
23:55:00.954 [Test worker] DEBUG com.github.dockerjava.zerodep.shaded.org.apache.hc.client5.http.wire - http-outgoing-0 >> "Accept-Encoding: gzip, x-gzip, deflate[\r][\n]"
23:55:00.954 [Test worker] DEBUG com.github.dockerjava.zerodep.shaded.org.apache.hc.client5.http.wire - http-outgoing-0 >> "Host: localhost:2375[\r][\n]"
23:55:00.954 [Test worker] DEBUG com.github.dockerjava.zerodep.shaded.org.apache.hc.client5.http.wire - http-outgoing-0 >> "Connection: keep-alive[\r][\n]"
23:55:00.954 [Test worker] DEBUG com.github.dockerjava.zerodep.shaded.org.apache.hc.client5.http.wire - http-outgoing-0 >> "User-Agent: Apache-HttpClient/5.0.3 (Java/17.0.2)[\r][\n]"
23:55:00.954 [Test worker] DEBUG com.github.dockerjava.zerodep.shaded.org.apache.hc.client5.http.wire - http-outgoing-0 >> "[\r][\n]"
23:55:00.976 [Test worker] DEBUG com.github.dockerjava.zerodep.shaded.org.apache.hc.client5.http.wire - http-outgoing-0 << "HTTP/1.1 200 OK[\r][\n]"
23:55:00.977 [Test worker] DEBUG com.github.dockerjava.zerodep.shaded.org.apache.hc.client5.http.wire - http-outgoing-0 << "Api-Version: 1.41[\r][\n]"
23:55:00.977 [Test worker] DEBUG com.github.dockerjava.zerodep.shaded.org.apache.hc.client5.http.wire - http-outgoing-0 << "Content-Type: application/json[\r][\n]"
23:55:00.977 [Test worker] DEBUG com.github.dockerjava.zerodep.shaded.org.apache.hc.client5.http.wire - http-outgoing-0 << "Date: Mon, 27 Mar 2023 02:55:00 GMT[\r][\n]"
23:55:00.977 [Test worker] DEBUG com.github.dockerjava.zerodep.shaded.org.apache.hc.client5.http.wire - http-outgoing-0 << "Docker-Experimental: false[\r][\n]"
23:55:00.977 [Test worker] DEBUG com.github.dockerjava.zerodep.shaded.org.apache.hc.client5.http.wire - http-outgoing-0 << "Ostype: linux[\r][\n]"
23:55:00.977 [Test worker] DEBUG com.github.dockerjava.zerodep.shaded.org.apache.hc.client5.http.wire - http-outgoing-0 << "Server: Docker/20.10.21 (linux)[\r][\n]"
23:55:00.977 [Test worker] DEBUG com.github.dockerjava.zerodep.shaded.org.apache.hc.client5.http.wire - http-outgoing-0 << "Transfer-Encoding: chunked[\r][\n]"
23:55:00.977 [Test worker] DEBUG com.github.dockerjava.zerodep.shaded.org.apache.hc.client5.http.wire - http-outgoing-0 << "[\r][\n]"
23:55:00.978 [Test worker] DEBUG com.github.dockerjava.zerodep.shaded.org.apache.hc.client5.http.headers - http-outgoing-0 << HTTP/1.1 200 OK
23:55:00.978 [Test worker] DEBUG com.github.dockerjava.zerodep.shaded.org.apache.hc.client5.http.headers - http-outgoing-0 << Api-Version: 1.41
23:55:00.978 [Test worker] DEBUG com.github.dockerjava.zerodep.shaded.org.apache.hc.client5.http.headers - http-outgoing-0 << Content-Type: application/json
23:55:00.978 [Test worker] DEBUG com.github.dockerjava.zerodep.shaded.org.apache.hc.client5.http.headers - http-outgoing-0 << Date: Mon, 27 Mar 2023 02:55:00 GMT
23:55:00.978 [Test worker] DEBUG com.github.dockerjava.zerodep.shaded.org.apache.hc.client5.http.headers - http-outgoing-0 << Docker-Experimental: false
23:55:00.978 [Test worker] DEBUG com.github.dockerjava.zerodep.shaded.org.apache.hc.client5.http.headers - http-outgoing-0 << Ostype: linux
23:55:00.978 [Test worker] DEBUG com.github.dockerjava.zerodep.shaded.org.apache.hc.client5.http.headers - http-outgoing-0 << Server: Docker/20.10.21 (linux)
23:55:00.979 [Test worker] DEBUG com.github.dockerjava.zerodep.shaded.org.apache.hc.client5.http.headers - http-outgoing-0 << Transfer-Encoding: chunked
23:55:00.979 [Test worker] DEBUG com.github.dockerjava.zerodep.shaded.org.apache.hc.client5.http.impl.classic.MainClientExec - ex-00000002: connection can be kept alive for 3 MINUTES
23:55:00.980 [Test worker] DEBUG com.github.dockerjava.zerodep.shaded.org.apache.hc.client5.http.wire - http-outgoing-0 << "33c[\r][\n]"
23:55:00.980 [Test worker] DEBUG com.github.dockerjava.zerodep.shaded.org.apache.hc.client5.http.wire - http-outgoing-0 << "{"Platform":{"Name":"Docker Desktop 4.15.0 (93002)"},"Components":[{"Name":"Engine","Version":"20.10.21","Details":{"ApiVersion":"1.41","Arch":"arm64","BuildTime":"2022-10-25T17:59:41.000000000+00:00","Experimental":"false","GitCommit":"3056208","GoVersion":"go1.18.7","KernelVersion":"5.15.49-linuxkit","MinAPIVersion":"1.12","Os":"linux"}},{"Name":"containerd","Version":"1.6.10","Details":{"GitCommit":"770bd0108c32f3fb5c73ae1264f7e503fe7b2661"}},{"Name":"runc","Version":"1.1.4","Details":{"GitCommit":"v1.1.4-0-g5fd4c4d"}},{"Name":"docker-init","Version":"0.19.0","Details":{"GitCommit":"de40ad0"}}],"Version":"20.10.21","ApiVersion":"1.41","MinAPIVersion":"1.12","GitCommit":"3056208","GoVersion":"go1.18.7","Os":"linux","Arch":"arm64","KernelVersion":"5.15.49-linuxkit","BuildTime":"2022-10-25T17:59:41.000000000+00:00"}[\n]"
23:55:00.981 [Test worker] DEBUG com.github.dockerjava.zerodep.shaded.org.apache.hc.client5.http.wire - http-outgoing-0 << "[\r][\n]"
23:55:00.987 [Test worker] DEBUG com.github.dockerjava.zerodep.shaded.org.apache.hc.client5.http.wire - http-outgoing-0 << "0[\r][\n]"
23:55:00.987 [Test worker] DEBUG com.github.dockerjava.zerodep.shaded.org.apache.hc.client5.http.wire - http-outgoing-0 << "[\r][\n]"
23:55:00.987 [Test worker] DEBUG com.github.dockerjava.zerodep.shaded.org.apache.hc.client5.http.impl.classic.InternalHttpClient - ep-00000001: releasing valid endpoint
23:55:00.987 [Test worker] DEBUG com.github.dockerjava.zerodep.shaded.org.apache.hc.client5.http.impl.io.PoolingHttpClientConnectionManager - ep-00000001: releasing endpoint
23:55:00.987 [Test worker] DEBUG com.github.dockerjava.zerodep.shaded.org.apache.hc.client5.http.impl.io.PoolingHttpClientConnectionManager - ep-00000001: connection http-outgoing-0 can be kept alive for 3 MINUTES
23:55:00.987 [Test worker] DEBUG com.github.dockerjava.zerodep.shaded.org.apache.hc.client5.http.impl.io.PoolingHttpClientConnectionManager - ep-00000001: connection released [route: {}->unix://localhost:2375][total available: 1; route allocated: 1 of 2147483647; total allocated: 1 of 2147483647]
23:55:00.987 [Test worker] DEBUG org.testcontainers.DockerClientFactory - Docker version: {Components=[{Name=Engine, Version=20.10.21, Details={ApiVersion=1.41, Arch=arm64, BuildTime=2022-10-25T17:59:41.000000000+00:00, Experimental=false, GitCommit=3056208, GoVersion=go1.18.7, KernelVersion=5.15.49-linuxkit, MinAPIVersion=1.12, Os=linux}}, {Name=containerd, Version=1.6.10, Details={GitCommit=770bd0108c32f3fb5c73ae1264f7e503fe7b2661}}, {Name=runc, Version=1.1.4, Details={GitCommit=v1.1.4-0-g5fd4c4d}}, {Name=docker-init, Version=0.19.0, Details={GitCommit=de40ad0}}], KernelVersion=5.15.49-linuxkit, ApiVersion=1.41, Platform={Name=Docker Desktop 4.15.0 (93002)}, GitCommit=3056208, Os=linux, Version=20.10.21, MinAPIVersion=1.12, Arch=arm64, GoVersion=go1.18.7, BuildTime=2022-10-25T17:59:41.000000000+00:00}
23:55:00.988 [Test worker] INFO org.testcontainers.DockerClientFactory - Connected to docker: 
  Server Version: 20.10.21
  API Version: 1.41
  Operating System: Docker Desktop
  Total Memory: 3933 MB
23:55:00.996 [Test worker] DEBUG org.testcontainers.utility.RyukResourceReaper - Ryuk is enabled
23:55:00.998 [Test worker] DEBUG org.testcontainers.utility.PrefixingImageNameSubstitutor - No prefix is configured
23:55:00.998 [Test worker] DEBUG org.testcontainers.utility.ImageNameSubstitutor - Did not find a substitute image for testcontainers/ryuk:0.3.4 (using image substitutor: DefaultImageNameSubstitutor (composite of 'ConfigurationFileImageNameSubstitutor' and 'PrefixingImageNameSubstitutor'))
23:55:01.000 [Test worker] DEBUG org.testcontainers.shaded.com.github.dockerjava.core.command.AbstrDockerCmd - Cmd: ListImagesCmdImpl[filters=org.testcontainers.shaded.com.github.dockerjava.core.util.FiltersBuilder@0,imageNameFilter=<null>,showAll=false]
23:55:01.003 [Test worker] DEBUG com.github.dockerjava.zerodep.shaded.org.apache.hc.client5.http.impl.classic.InternalHttpClient - ex-00000003: preparing request execution
23:55:01.003 [Test worker] DEBUG com.github.dockerjava.zerodep.shaded.org.apache.hc.client5.http.protocol.RequestAddCookies - Cookie spec selected: strict
23:55:01.003 [Test worker] DEBUG com.github.dockerjava.zerodep.shaded.org.apache.hc.client5.http.protocol.RequestAuthCache - Auth cache not set in the context
23:55:01.003 [Test worker] DEBUG com.github.dockerjava.zerodep.shaded.org.apache.hc.client5.http.impl.classic.ProtocolExec - ex-00000003: target auth state: UNCHALLENGED
23:55:01.004 [Test worker] DEBUG com.github.dockerjava.zerodep.shaded.org.apache.hc.client5.http.impl.classic.ProtocolExec - ex-00000003: proxy auth state: UNCHALLENGED
23:55:01.004 [Test worker] DEBUG com.github.dockerjava.zerodep.shaded.org.apache.hc.client5.http.impl.classic.ConnectExec - ex-00000003: acquiring connection with route {}->unix://localhost:2375
23:55:01.004 [Test worker] DEBUG com.github.dockerjava.zerodep.shaded.org.apache.hc.client5.http.impl.classic.InternalHttpClient - ex-00000003: acquiring endpoint (3 MINUTES)
23:55:01.004 [Test worker] DEBUG com.github.dockerjava.zerodep.shaded.org.apache.hc.client5.http.impl.io.PoolingHttpClientConnectionManager - ex-00000003: endpoint lease request (3 MINUTES) [route: {}->unix://localhost:2375][total available: 1; route allocated: 1 of 2147483647; total allocated: 1 of 2147483647]
23:55:01.004 [Test worker] DEBUG com.github.dockerjava.zerodep.shaded.org.apache.hc.client5.http.impl.io.PoolingHttpClientConnectionManager - ex-00000003: endpoint leased [route: {}->unix://localhost:2375][total available: 0; route allocated: 1 of 2147483647; total allocated: 1 of 2147483647]
23:55:01.004 [Test worker] DEBUG com.github.dockerjava.zerodep.shaded.org.apache.hc.client5.http.impl.io.PoolingHttpClientConnectionManager - ex-00000003: acquired ep-00000002
23:55:01.004 [Test worker] DEBUG com.github.dockerjava.zerodep.shaded.org.apache.hc.client5.http.impl.classic.InternalHttpClient - ex-00000003: acquired endpoint ep-00000002
23:55:01.004 [Test worker] DEBUG com.github.dockerjava.zerodep.shaded.org.apache.hc.client5.http.impl.classic.MainClientExec - ex-00000003: executing GET /v1.32/images/json HTTP/1.1
23:55:01.004 [Test worker] DEBUG com.github.dockerjava.zerodep.shaded.org.apache.hc.client5.http.impl.classic.InternalHttpClient - ep-00000002: start execution ex-00000003
23:55:01.004 [Test worker] DEBUG com.github.dockerjava.zerodep.shaded.org.apache.hc.client5.http.impl.io.PoolingHttpClientConnectionManager - ep-00000002: executing exchange ex-00000003 over http-outgoing-0
23:55:01.005 [Test worker] DEBUG com.github.dockerjava.zerodep.shaded.org.apache.hc.client5.http.headers - http-outgoing-0 >> GET /v1.32/images/json HTTP/1.1
23:55:01.005 [Test worker] DEBUG com.github.dockerjava.zerodep.shaded.org.apache.hc.client5.http.headers - http-outgoing-0 >> accept: application/json
23:55:01.005 [Test worker] DEBUG com.github.dockerjava.zerodep.shaded.org.apache.hc.client5.http.headers - http-outgoing-0 >> x-tc-sid: 818a13d9-e138-4e41-b5a4-74fd927e6a2d
23:55:01.005 [Test worker] DEBUG com.github.dockerjava.zerodep.shaded.org.apache.hc.client5.http.headers - http-outgoing-0 >> Accept-Encoding: gzip, x-gzip, deflate
23:55:01.005 [Test worker] DEBUG com.github.dockerjava.zerodep.shaded.org.apache.hc.client5.http.headers - http-outgoing-0 >> Host: localhost:2375
23:55:01.005 [Test worker] DEBUG com.github.dockerjava.zerodep.shaded.org.apache.hc.client5.http.headers - http-outgoing-0 >> Connection: keep-alive
23:55:01.005 [Test worker] DEBUG com.github.dockerjava.zerodep.shaded.org.apache.hc.client5.http.headers - http-outgoing-0 >> User-Agent: Apache-HttpClient/5.0.3 (Java/17.0.2)
23:55:01.005 [Test worker] DEBUG com.github.dockerjava.zerodep.shaded.org.apache.hc.client5.http.wire - http-outgoing-0 >> "GET /v1.32/images/json HTTP/1.1[\r][\n]"
23:55:01.005 [Test worker] DEBUG com.github.dockerjava.zerodep.shaded.org.apache.hc.client5.http.wire - http-outgoing-0 >> "accept: application/json[\r][\n]"
23:55:01.005 [Test worker] DEBUG com.github.dockerjava.zerodep.shaded.org.apache.hc.client5.http.wire - http-outgoing-0 >> "x-tc-sid: 818a13d9-e138-4e41-b5a4-74fd927e6a2d[\r][\n]"
23:55:01.005 [Test worker] DEBUG com.github.dockerjava.zerodep.shaded.org.apache.hc.client5.http.wire - http-outgoing-0 >> "Accept-Encoding: gzip, x-gzip, deflate[\r][\n]"
23:55:01.005 [Test worker] DEBUG com.github.dockerjava.zerodep.shaded.org.apache.hc.client5.http.wire - http-outgoing-0 >> "Host: localhost:2375[\r][\n]"
23:55:01.005 [Test worker] DEBUG com.github.dockerjava.zerodep.shaded.org.apache.hc.client5.http.wire - http-outgoing-0 >> "Connection: keep-alive[\r][\n]"
23:55:01.005 [Test worker] DEBUG com.github.dockerjava.zerodep.shaded.org.apache.hc.client5.http.wire - http-outgoing-0 >> "User-Agent: Apache-HttpClient/5.0.3 (Java/17.0.2)[\r][\n]"
23:55:01.005 [Test worker] DEBUG com.github.dockerjava.zerodep.shaded.org.apache.hc.client5.http.wire - http-outgoing-0 >> "[\r][\n]"
23:55:01.015 [Test worker] DEBUG com.github.dockerjava.zerodep.shaded.org.apache.hc.client5.http.wire - http-outgoing-0 << "HTTP/1.1 200 OK[\r][\n]"
23:55:01.015 [Test worker] DEBUG com.github.dockerjava.zerodep.shaded.org.apache.hc.client5.http.wire - http-outgoing-0 << "Api-Version: 1.41[\r][\n]"
23:55:01.015 [Test worker] DEBUG com.github.dockerjava.zerodep.shaded.org.apache.hc.client5.http.wire - http-outgoing-0 << "Content-Type: application/json[\r][\n]"
23:55:01.015 [Test worker] DEBUG com.github.dockerjava.zerodep.shaded.org.apache.hc.client5.http.wire - http-outgoing-0 << "Date: Mon, 27 Mar 2023 02:55:01 GMT[\r][\n]"
23:55:01.015 [Test worker] DEBUG com.github.dockerjava.zerodep.shaded.org.apache.hc.client5.http.wire - http-outgoing-0 << "Docker-Experimental: false[\r][\n]"
23:55:01.015 [Test worker] DEBUG com.github.dockerjava.zerodep.shaded.org.apache.hc.client5.http.wire - http-outgoing-0 << "Ostype: linux[\r][\n]"
23:55:01.015 [Test worker] DEBUG com.github.dockerjava.zerodep.shaded.org.apache.hc.client5.http.wire - http-outgoing-0 << "Server: Docker/20.10.21 (linux)[\r][\n]"
23:55:01.015 [Test worker] DEBUG com.github.dockerjava.zerodep.shaded.org.apache.hc.client5.http.wire - http-outgoing-0 << "Transfer-Encoding: chunked[\r][\n]"
23:55:01.015 [Test worker] DEBUG com.github.dockerjava.zerodep.shaded.org.apache.hc.client5.http.wire - http-outgoing-0 << "[\r][\n]"
23:55:01.016 [Test worker] DEBUG com.github.dockerjava.zerodep.shaded.org.apache.hc.client5.http.headers - http-outgoing-0 << HTTP/1.1 200 OK
23:55:01.016 [Test worker] DEBUG com.github.dockerjava.zerodep.shaded.org.apache.hc.client5.http.headers - http-outgoing-0 << Api-Version: 1.41
23:55:01.016 [Test worker] DEBUG com.github.dockerjava.zerodep.shaded.org.apache.hc.client5.http.headers - http-outgoing-0 << Content-Type: application/json
23:55:01.016 [Test worker] DEBUG com.github.dockerjava.zerodep.shaded.org.apache.hc.client5.http.headers - http-outgoing-0 << Date: Mon, 27 Mar 2023 02:55:01 GMT
23:55:01.016 [Test worker] DEBUG com.github.dockerjava.zerodep.shaded.org.apache.hc.client5.http.headers - http-outgoing-0 << Docker-Experimental: false
23:55:01.016 [Test worker] DEBUG com.github.dockerjava.zerodep.shaded.org.apache.hc.client5.http.headers - http-outgoing-0 << Ostype: linux
23:55:01.016 [Test worker] DEBUG com.github.dockerjava.zerodep.shaded.org.apache.hc.client5.http.headers - http-outgoing-0 << Server: Docker/20.10.21 (linux)
23:55:01.016 [Test worker] DEBUG com.github.dockerjava.zerodep.shaded.org.apache.hc.client5.http.headers - http-outgoing-0 << Transfer-Encoding: chunked
23:55:01.016 [Test worker] DEBUG com.github.dockerjava.zerodep.shaded.org.apache.hc.client5.http.impl.classic.MainClientExec - ex-00000003: connection can be kept alive for 3 MINUTES
23:55:01.017 [Test worker] DEBUG com.github.dockerjava.zerodep.shaded.org.apache.hc.client5.http.wire - http-outgoing-0 << "28d2[\r][\n]"
23:55:01.017 [Test worker] DEBUG com.github.dockerjava.zerodep.shaded.org.apache.hc.client5.http.wire - http-outgoing-0 << "[{"Containers":-1,"Created":1678310826,"Id":"sha256:c7c54c29e20dccc1aefb936c8eba8bb8b98b87a4921102aba87fde2df5810af9","Labels":null,"ParentId":"","RepoDigests":["mysql@sha256:2596158f73606ba571e1af29a9c32bec5dc021a2495e4a70d194a9b49664f4d9"],"RepoTags":["mysql:latest"],"SharedSize":-1,"Size":543741711,"VirtualSize":543741711},{"Containers":-1,"Created":1677981481,"Id":"sha256:7e030d4117537b3c017952a0fe3740fd36cd4ca80673a6f1163c6126700f7bc0","Labels":null,"ParentId":"","RepoDigests":["raderleao/hello-go@sha256:c46eaa9ee67b5f898a321ab4da9fd7dccb9037bc64a396690a845ca0e5a2f02c"],"RepoTags":["raderleao/hello-go:latest"],"SharedSize":-1,"Size":727148229,"VirtualSize":727148229},{"Containers":-1,"Created":1677965913,"Id":"sha256:f833dd120d95ddad280fa5c788edd3279f3b82d230daf15357f01ec33be97bef","Labels":null,"ParentId":"","RepoDigests":["raderleao/hello-go@sha256:a4ffc058d63374cba977e8f10e14d26104ceec18de90d2b68053ebff6f93ac99"],"RepoTags":null,"SharedSize":-1,"Size":727147267,"VirtualSize":727147267},{"Containers":-1,"Created":1677741933,"Id":"sha256:a00136dd338fe3de62080dcce407fedbb7b08c470ad8b6880bd778239669404e","Labels":{"org.opencontainers.image.ref.name":"ubuntu","org.opencontainers.image.version":"22.04"},"ParentId":"","RepoDigests":["sonarqube@sha256:b4855c5db2f0bfbd91b263e5da36e438b8e548d08931cc8fe4cbe461be35c2e9"],"RepoTags":["sonarqube:latest"],"SharedSize":-1,"Size":608149361,"VirtualSize":608149361},{"Containers":-1,"Created":1677376223,"Id":"sha256:8d8acf0abb08d7755d0a823ffe08ee91885aee8fda65f162c5ebbc638f0b8bdb","Labels":null,"ParentId":"","RepoDigests":["raderleao/fullcycle@sha256:4683b243e4f6a30bfeff05c56309ff9ad45fe8819c1403f81e3f1953b5bb9248"],"RepoTags":["raderleao/fullcycle:latest"],"SharedSize":-1,"Size":1245184,"VirtualSize":1245184},{"Containers":-1,"Created":1677375537,"Id":"sha256:1918d530b155c28c7d79eab53db8678de8bf15e388004079599d5bae41776a82","Labels":null,"ParentId":"","RepoDigests":["raderleao/desafio-docker-go@sha256:77470cf4f39855d968a13b186785c59030aa9d560c21a41a9c5a1260e086d907"],"RepoTags":["raderleao/desafio-docker-go:latest"],"SharedSize":-1,"Size":1245184,"VirtualSize":1245184},{"Containers":-1,"Created":1674621598,"Id":"sha256:31bc8a72bbc4fbc082695df8d3a647442077faf383a86056319834dd514cfbab","Labels":null,"ParentId":"","RepoDigests":["raderleao/gerpessoa-api@sha256:117878836478476c0b73e2126afb3ffd8ba85f51af3a89a29a623d6311224fa4"],"RepoTags":["raderleao/gerpessoa-api:latest"],"SharedSize":-1,"Size":555971317,"VirtualSize":555971317},{"Containers":-1,"Created":1666726861,"Id":"sha256:476b7007f4f5bb64e0710a75920b223addbed48f47a026be959da53e7c55b98d","Labels":{},"ParentId":"","RepoDigests":["kindest/node@sha256:f52781bc0d7a19fb6c405c2af83abfeb311f130707a0e219175677e366cc45d1"],"RepoTags":null,"SharedSize":-1,"Size":823565907,"VirtualSize":823565907},{"Containers":-1,"Created":1659017550,"Id":"sha256:5d28cedc492d64d21c11814d84d9d41566f07023b9c95245e163b05acfcb7172","Labels":null,"ParentId":"","RepoDigests":["testcontainers/ryuk@sha256:0c8faa0a3ad1e154f9d8d5d78627b40d7359ff3f7d3f98556aa32157ad8fd924"],"RepoTags":["testcontainers/ryuk:0.3.4"],"SharedSize":-1,"Size":11483382,"VirtualSize":11483382},{"Containers":-1,"Created":1621469295,"Id":"sha256:97c46e854e69160f7ca0064527018a19d083b1ad39a2d0b17436decb501631ab","Labels":{"description":"Metricbeat is a lightweight shipper for metrics.","io.k8s.description":"Metricbeat is a lightweight shipper for metrics.","io.k8s.display-name":"Metricbeat image","license":"Elastic License","maintainer":"infra@elastic.co","name":"metricbeat","org.label-schema.build-date":"2021-05-20T00:06:02Z","org.label-schema.license":"Elastic License","org.label-schema.name":"metricbeat","org.label-schema.schema-version":"1.0","org.label-schema.url":"https://www.elastic.co/beats/metricbeat","org.label-schema.vcs-ref":"054e224d226b42a1dd7c72dcf48c3f18de452e22","org.label-schema.vcs-url":"github.com/elastic/beats/v7","org.label-schema.vendor":"Elastic","org.label-schema.version":"7.13.0","org.opencontainers.image.created":"2021-05-20T00:06:02Z","org.opencontainers.image.licenses":"Elastic License","org.opencontainers.image.title":"Metricbeat","org.opencontainers.image.vendor":"Elastic","release":"1","summary":"metricbeat","url":"https://www.elastic.co/beats/metricbeat","vendor":"Elastic","version":"7.13.0"},"ParentId":"","RepoDigests":["docker.elastic.co/beats/metricbeat@sha256:6941fcefabc4c79306135e689cedaeee38e3fb4c0ee43522a5d366d1966dfa44"],"RepoTags":["docker.elastic.co/beats/metricbeat:7.13.0"],"SharedSize":-1,"Size":633589175,"VirtualSize":633589175},{"Containers":-1,"Created":1621469059,"Id":"sha256:5345ada3ceee387641a7f1c0e5476a458b6fc4e454cf20102ade9d5d92b49302","Labels":{"description":"Ping remote services for availability and log results to Elasticsearch or send to Logstash.","io.k8s.description":"Ping remote services for availability and log results to Elasticsearch or send to Logstash.","io.k8s.display-name":"Heartbeat image","license":"Elastic License","maintainer":"infra@elastic.co","name":"heartbeat","org.label-schema.build-date":"2021-05-20T00:02:07Z","org.label-schema.license":"Elastic License","org.label-schema.name":"heartbeat","org.label-schema.schema-version":"1.0","org.label-schema.url":"https://www.elastic.co/beats/heartbeat","org.label-schema.vcs-ref":"054e224d226b42a1dd7c72dcf48c3f18de452e22","org.label-schema.vcs-url":"github.com/elastic/beats/v7","org.label-schema.vendor":"Elastic","org.label-schema.version":"7.13.0","org.opencontainers.image.created":"2021-05-20T00:02:07Z","org.opencontainers.image.licenses":"Elastic License","org.opencontainers.image.title":"Heartbeat","org.opencontainers.image.vendor":"Elastic","release":"1","summary":"heartbeat","url":"https://www.elastic.co/beats/heartbeat","vendor":"Elastic","version":"7.13.0"},"ParentId":"","RepoDigests":["docker.elastic.co/beats/heartbeat@sha256:94372b4b95c4b9270fd22a480b5b2687e59d5f21eaeefc6babe622213f05f89c"],"RepoTags":["docker.elastic.co/beats/heartbeat:7.13.0"],"SharedSize":-1,"Size":1336109070,"VirtualSize":1336109070},{"Containers":-1,"Created":1621467106,"Id":"sha256:0ba39fdc26dab419de87376ba6b636987d3d5634a0488f49d47314504f7ad481","Labels":{"org.label-schema.build-date":"2021-05-19T23:27:03.161Z","org.label-schema.license":"Elastic License","org.label-schema.name":"Kibana","org.label-schema.schema-version":"1.0","org.label-schema.url":"https://www.elastic.co/products/kibana","org.label-schema.usage":"https://www.elastic.co/guide/en/kibana/reference/index.html","org.label-schema.vcs-ref":"9863e88bd63ad546b9d36e6b0c0c55cb65dd9081","org.label-schema.vcs-url":"https://github.com/elastic/kibana","org.label-schema.vendor":"Elastic","org.label-schema.version":"7.13.0","org.opencontainers.image.created":"2021-05-19T23:27:03.161Z","org.opencontainers.image.documentation":"https://www.elastic.co/guide/en/kibana/reference/index.html","org.opencontainers.image.licenses":"Elastic License","org.opencontainers.image.revision":"9863e88bd63ad546b9d36e6b0c0c55cb65dd9081","org.opencontainers.image.source":"https://github.com/elastic/kibana","org.opencontainers.image.title":"Kibana","org.opencontainers.image.url":"https://www.elastic.co/products/kibana","org.opencontainers.image.vendor":"Elastic","org.opencontainers.image.version":"7.13.0"},"ParentId":"","RepoDigests":["docker.elastic.co/kibana/kibana@sha256:2075b0a1c4881bda1536cd58fc5b240d37871419c9487fd6300c85ae5062f27c"],"RepoTags":["docker.elastic.co/kibana/kibana:7.13.0"],"SharedSize":-1,"Size":1265761165,"VirtualSize":1265761165},{"Containers":-1,"Created":1621466698,"Id":"sha256:6688074378ef10ea49a3a7a6f64348779de563f93dc199fa823ba1970a237889","Labels":{"description":"Elastic APM Server","io.k8s.description":"Elastic APM Server","io.k8s.display-name":"Apm-Server image","license":"ASL 2.0","maintainer":"infra@elastic.co","name":"apm-server","org.label-schema.build-date":"2021-05-19T23:16:13Z","org.label-schema.license":"ASL 2.0","org.label-schema.name":"apm-server","org.label-schema.schema-version":"1.0","org.label-schema.url":"https://www.elastic.co/solutions/apm","org.label-schema.vcs-ref":"f3e7ff7f9dee40259b82cf0bf230df07b89c1ab1","org.label-schema.vcs-"
23:55:01.027 [Test worker] DEBUG com.github.dockerjava.zerodep.shaded.org.apache.hc.client5.http.wire - http-outgoing-0 << "url":"github.com/elastic/apm-server","org.label-schema.vendor":"Elastic","org.label-schema.version":"7.13.0","org.opencontainers.image.created":"2021-05-19T23:16:13Z","org.opencontainers.image.licenses":"ASL 2.0","org.opencontainers.image.title":"Apm-Server","org.opencontainers.image.vendor":"Elastic","release":"1","summary":"apm-server","url":"https://www.elastic.co/solutions/apm","vendor":"Elastic","version":"7.13.0"},"ParentId":"","RepoDigests":["docker.elastic.co/apm/apm-server-oss@sha256:fbc405573930f58da30f8663370dfc5fbadb4d92bbacb22b3c27229401967861"],"RepoTags":["docker.elastic.co/apm/apm-server-oss:7.13.0"],"SharedSize":-1,"Size":561498633,"VirtualSize":561498633},{"Containers":-1,"Created":1621466579,"Id":"sha256:180acac67f2d15cc4296c498d586615f35a5ac5e30be5ceccd23ee1984818d61","Labels":{"org.label-schema.build-date":"2021-05-19T23:18:25.025066927Z","org.label-schema.license":"Elastic-License-2.0","org.label-schema.name":"Elasticsearch","org.label-schema.schema-version":"1.0","org.label-schema.url":"https://www.elastic.co/products/elasticsearch","org.label-schema.usage":"https://www.elastic.co/guide/en/elasticsearch/reference/index.html","org.label-schema.vcs-ref":"5ca8591c6fcdb1260ce95b08a8e023559635c6f3","org.label-schema.vcs-url":"https://github.com/elastic/elasticsearch","org.label-schema.vendor":"Elastic","org.label-schema.version":"7.13.0","org.opencontainers.image.created":"2021-05-19T23:18:25.025066927Z","org.opencontainers.image.documentation":"https://www.elastic.co/guide/en/elasticsearch/reference/index.html","org.opencontainers.image.licenses":"Elastic-License-2.0","org.opencontainers.image.revision":"5ca8591c6fcdb1260ce95b08a8e023559635c6f3","org.opencontainers.image.source":"https://github.com/elastic/elasticsearch","org.opencontainers.image.title":"Elasticsearch","org.opencontainers.image.url":"https://www.elastic.co/products/elasticsearch","org.opencontainers.image.vendor":"Elastic","org.opencontainers.image.version":"7.13.0"},"ParentId":"","RepoDigests":["docker.elastic.co/elasticsearch/elasticsearch@sha256:c7efa0260b40ebe8332c38b113b628bc33f78ab33feb97494a56d1338dc88c12"],"RepoTags":["docker.elastic.co/elasticsearch/elasticsearch:7.13.0"],"SharedSize":-1,"Size":897646467,"VirtualSize":897646467}][\n]"
23:55:01.028 [Test worker] DEBUG com.github.dockerjava.zerodep.shaded.org.apache.hc.client5.http.wire - http-outgoing-0 << "[\r][\n]"
23:55:01.028 [Test worker] DEBUG com.github.dockerjava.zerodep.shaded.org.apache.hc.client5.http.wire - http-outgoing-0 << "0[\r][\n]"
23:55:01.028 [Test worker] DEBUG com.github.dockerjava.zerodep.shaded.org.apache.hc.client5.http.wire - http-outgoing-0 << "[\r][\n]"
23:55:01.028 [Test worker] DEBUG com.github.dockerjava.zerodep.shaded.org.apache.hc.client5.http.impl.classic.InternalHttpClient - ep-00000002: releasing valid endpoint
23:55:01.029 [Test worker] DEBUG com.github.dockerjava.zerodep.shaded.org.apache.hc.client5.http.impl.io.PoolingHttpClientConnectionManager - ep-00000002: releasing endpoint
23:55:01.029 [Test worker] DEBUG com.github.dockerjava.zerodep.shaded.org.apache.hc.client5.http.impl.io.PoolingHttpClientConnectionManager - ep-00000002: connection http-outgoing-0 can be kept alive for 3 MINUTES
23:55:01.029 [Test worker] DEBUG com.github.dockerjava.zerodep.shaded.org.apache.hc.client5.http.impl.io.PoolingHttpClientConnectionManager - ep-00000002: connection released [route: {}->unix://localhost:2375][total available: 1; route allocated: 1 of 2147483647; total allocated: 1 of 2147483647]
23:55:01.032 [Test worker] DEBUG org.testcontainers.images.LocalImagesCache - repoTags is null, skipping image: Image(created=1677965913, id=sha256:f833dd120d95ddad280fa5c788edd3279f3b82d230daf15357f01ec33be97bef, parentId=, repoTags=null, repoDigests=[raderleao/hello-go@sha256:a4ffc058d63374cba977e8f10e14d26104ceec18de90d2b68053ebff6f93ac99], size=727147267, virtualSize=727147267, sharedSize=-1, labels=null, containers=-1)
23:55:01.033 [Test worker] DEBUG org.testcontainers.images.LocalImagesCache - repoTags is null, skipping image: Image(created=1666726861, id=sha256:476b7007f4f5bb64e0710a75920b223addbed48f47a026be959da53e7c55b98d, parentId=, repoTags=null, repoDigests=[kindest/node@sha256:f52781bc0d7a19fb6c405c2af83abfeb311f130707a0e219175677e366cc45d1], size=823565907, virtualSize=823565907, sharedSize=-1, labels={}, containers=-1)
23:55:01.033 [Test worker] DEBUG org.testcontainers.images.AbstractImagePullPolicy - Using locally available and not pulling image: testcontainers/ryuk:0.3.4
23:55:01.033 [Test worker] DEBUG ]]>&#x1f433;<![CDATA[ [testcontainers/ryuk:0.3.4] - Starting container: testcontainers/ryuk:0.3.4
23:55:01.034 [Test worker] DEBUG ]]>&#x1f433;<![CDATA[ [testcontainers/ryuk:0.3.4] - Trying to start container: testcontainers/ryuk:0.3.4 (attempt 1/1)
23:55:01.034 [Test worker] DEBUG ]]>&#x1f433;<![CDATA[ [testcontainers/ryuk:0.3.4] - Starting container: testcontainers/ryuk:0.3.4
23:55:01.034 [Test worker] INFO ]]>&#x1f433;<![CDATA[ [testcontainers/ryuk:0.3.4] - Creating container for image: testcontainers/ryuk:0.3.4
23:55:01.065 [Test worker] DEBUG org.testcontainers.utility.RegistryAuthLocator - Looking up auth config for image: testcontainers/ryuk:0.3.4 at registry: https://index.docker.io/v1/
23:55:01.066 [Test worker] DEBUG org.testcontainers.utility.RegistryAuthLocator - RegistryAuthLocator has configFile: /Users/raderleao/.docker/config.json (exists) and commandPathPrefix: 
23:55:01.066 [Test worker] DEBUG org.testcontainers.utility.RegistryAuthLocator - registryName [https://index.docker.io/v1/] for dockerImageName [testcontainers/ryuk:0.3.4]
23:55:01.066 [Test worker] DEBUG org.testcontainers.utility.RegistryAuthLocator - Executing docker credential provider: docker-credential-desktop to locate auth config for: https://index.docker.io/v1/
23:55:01.073 [Test worker] DEBUG org.testcontainers.shaded.org.zeroturnaround.exec.ProcessExecutor - Executing [docker-credential-desktop, get].
23:55:01.089 [Test worker] DEBUG org.testcontainers.shaded.org.zeroturnaround.exec.ProcessExecutor - Started Process[pid=84344, exitValue="not exited"]
23:55:01.599 [WaitForProcess-Process[pid=84344, exitValue="not exited"]] DEBUG org.testcontainers.shaded.org.zeroturnaround.exec.WaitForProcess - Process[pid=84344, exitValue=0] stopped with exit code 0
23:55:01.602 [Test worker] DEBUG org.testcontainers.utility.RegistryAuthLocator - Credential helper/store provided auth config for: https://index.docker.io/v1/
23:55:01.604 [Test worker] DEBUG org.testcontainers.utility.RegistryAuthLocator - found creds store auth config [AuthConfig{username=raderleao, password=hidden non-blank value, auth=blank, email=null, registryAddress=https://index.docker.io/v1/, registryToken=blank}]
23:55:01.604 [Test worker] DEBUG org.testcontainers.utility.RegistryAuthLocator - Cached auth found: [AuthConfig{username=raderleao, password=hidden non-blank value, auth=blank, email=null, registryAddress=https://index.docker.io/v1/, registryToken=blank}]
23:55:01.604 [Test worker] DEBUG org.testcontainers.dockerclient.AuthDelegatingDockerClientConfig - Effective auth config [AuthConfig{username=raderleao, password=hidden non-blank value, auth=blank, email=null, registryAddress=https://index.docker.io/v1/, registryToken=blank}]
23:55:01.616 [Test worker] DEBUG org.testcontainers.shaded.com.github.dockerjava.core.command.AbstrDockerCmd - Cmd: org.testcontainers.shaded.com.github.dockerjava.core.command.CreateContainerCmdImpl@11d4dbd6[aliases=<null>,argsEscaped=<null>,attachStderr=<null>,attachStdin=<null>,attachStdout=<null>,authConfig=AuthConfig(username=raderleao, email=null, registryAddress=https://index.docker.io/v1/, stackOrchestrator=null),cmd={},domainName=<null>,entrypoint=<null>,env={},exposedPorts=ExposedPorts(exposedPorts=[8080/tcp]),healthcheck=<null>,hostConfig=HostConfig(binds=[/var/run/docker.sock:/var/run/docker.sock:rw], blkioWeight=null, blkioWeightDevice=null, blkioDeviceReadBps=null, blkioDeviceWriteBps=null, blkioDeviceReadIOps=null, blkioDeviceWriteIOps=null, memorySwappiness=null, nanoCPUs=null, capAdd=null, capDrop=null, containerIDFile=null, cpuPeriod=null, cpuRealtimePeriod=null, cpuRealtimeRuntime=null, cpuShares=null, cpuQuota=null, cpusetCpus=null, cpusetMems=null, devices=null, deviceCgroupRules=null, deviceRequests=null, diskQuota=null, dns=null, dnsOptions=null, dnsSearch=null, extraHosts=[], groupAdd=null, ipcMode=null, cgroup=null, links=[], logConfig=LogConfig(type=null, config=null), lxcConf=null, memory=null, memorySwap=null, memoryReservation=null, kernelMemory=null, networkMode=null, oomKillDisable=null, init=null, autoRemove=true, oomScoreAdj=null, portBindings={8080/tcp=[Lcom.github.dockerjava.api.model.Ports$Binding;@240f6c41}, privileged=false, publishAllPorts=null, readonlyRootfs=null, restartPolicy=null, ulimits=null, cpuCount=null, cpuPercent=null, ioMaximumIOps=null, ioMaximumBandwidth=null, volumesFrom=[], mounts=null, pidMode=null, isolation=null, securityOpts=null, storageOpt=null, cgroupParent=null, volumeDriver=null, shmSize=null, pidsLimit=null, runtime=null, tmpFs=null, utSMode=null, usernsMode=null, sysctls=null, consoleSize=null, cgroupnsMode=null),hostName=<null>,image=testcontainers/ryuk:0.3.4,ipv4Address=<null>,ipv6Address=<null>,labels={org.testcontainers=true, org.testcontainers.lang=java, org.testcontainers.version=1.17.6},macAddress=<null>,name=testcontainers-ryuk-818a13d9-e138-4e41-b5a4-74fd927e6a2d,networkDisabled=<null>,networkingConfig=<null>,onBuild=<null>,platform=<null>,portSpecs=<null>,shell=<null>,stdInOnce=<null>,stdinOpen=<null>,stopSignal=<null>,stopTimeout=<null>,tty=<null>,user=<null>,volumes=Volumes(volumes=[]),workingDir=<null>]
23:55:01.698 [Test worker] DEBUG com.github.dockerjava.zerodep.shaded.org.apache.hc.client5.http.impl.classic.InternalHttpClient - ex-00000004: preparing request execution
23:55:01.699 [Test worker] DEBUG com.github.dockerjava.zerodep.shaded.org.apache.hc.client5.http.protocol.RequestAddCookies - Cookie spec selected: strict
23:55:01.699 [Test worker] DEBUG com.github.dockerjava.zerodep.shaded.org.apache.hc.client5.http.protocol.RequestAuthCache - Auth cache not set in the context
23:55:01.699 [Test worker] DEBUG com.github.dockerjava.zerodep.shaded.org.apache.hc.client5.http.impl.classic.ProtocolExec - ex-00000004: target auth state: UNCHALLENGED
23:55:01.699 [Test worker] DEBUG com.github.dockerjava.zerodep.shaded.org.apache.hc.client5.http.impl.classic.ProtocolExec - ex-00000004: proxy auth state: UNCHALLENGED
23:55:01.699 [Test worker] DEBUG com.github.dockerjava.zerodep.shaded.org.apache.hc.client5.http.impl.classic.ConnectExec - ex-00000004: acquiring connection with route {}->unix://localhost:2375
23:55:01.699 [Test worker] DEBUG com.github.dockerjava.zerodep.shaded.org.apache.hc.client5.http.impl.classic.InternalHttpClient - ex-00000004: acquiring endpoint (3 MINUTES)
23:55:01.699 [Test worker] DEBUG com.github.dockerjava.zerodep.shaded.org.apache.hc.client5.http.impl.io.PoolingHttpClientConnectionManager - ex-00000004: endpoint lease request (3 MINUTES) [route: {}->unix://localhost:2375][total available: 1; route allocated: 1 of 2147483647; total allocated: 1 of 2147483647]
23:55:01.699 [Test worker] DEBUG com.github.dockerjava.zerodep.shaded.org.apache.hc.client5.http.impl.io.PoolingHttpClientConnectionManager - ex-00000004: endpoint leased [route: {}->unix://localhost:2375][total available: 0; route allocated: 1 of 2147483647; total allocated: 1 of 2147483647]
23:55:01.699 [Test worker] DEBUG com.github.dockerjava.zerodep.shaded.org.apache.hc.client5.http.impl.io.PoolingHttpClientConnectionManager - ex-00000004: acquired ep-00000003
23:55:01.700 [Test worker] DEBUG com.github.dockerjava.zerodep.shaded.org.apache.hc.client5.http.impl.classic.InternalHttpClient - ex-00000004: acquired endpoint ep-00000003
23:55:01.700 [Test worker] DEBUG com.github.dockerjava.zerodep.shaded.org.apache.hc.client5.http.impl.classic.MainClientExec - ex-00000004: executing POST /v1.32/containers/create?name=testcontainers-ryuk-818a13d9-e138-4e41-b5a4-74fd927e6a2d HTTP/1.1
23:55:01.700 [Test worker] DEBUG com.github.dockerjava.zerodep.shaded.org.apache.hc.client5.http.impl.classic.InternalHttpClient - ep-00000003: start execution ex-00000004
23:55:01.700 [Test worker] DEBUG com.github.dockerjava.zerodep.shaded.org.apache.hc.client5.http.impl.io.PoolingHttpClientConnectionManager - ep-00000003: executing exchange ex-00000004 over http-outgoing-0
23:55:01.700 [Test worker] DEBUG com.github.dockerjava.zerodep.shaded.org.apache.hc.client5.http.headers - http-outgoing-0 >> POST /v1.32/containers/create?name=testcontainers-ryuk-818a13d9-e138-4e41-b5a4-74fd927e6a2d HTTP/1.1
23:55:01.700 [Test worker] DEBUG com.github.dockerjava.zerodep.shaded.org.apache.hc.client5.http.headers - http-outgoing-0 >> X-Registry-Auth: eyJ1c2VybmFtZSI6InJhZGVybGVhbyIsInBhc3N3b3JkIjoib2ltYzYwNjBAIiwiZW1haWwiOm51bGwsInNlcnZlcmFkZHJlc3MiOiJodHRwczovL2luZGV4LmRvY2tlci5pby92MS8iLCJhdXRoIjpudWxsLCJyZWdpc3RyeXRva2VuIjpudWxsLCJpZGVudGl0eXRva2VuIjpudWxsLCJzdGFja09yY2hlc3RyYXRvciI6bnVsbH0=
23:55:01.700 [Test worker] DEBUG com.github.dockerjava.zerodep.shaded.org.apache.hc.client5.http.headers - http-outgoing-0 >> accept: application/json
23:55:01.700 [Test worker] DEBUG com.github.dockerjava.zerodep.shaded.org.apache.hc.client5.http.headers - http-outgoing-0 >> content-type: application/json
23:55:01.700 [Test worker] DEBUG com.github.dockerjava.zerodep.shaded.org.apache.hc.client5.http.headers - http-outgoing-0 >> x-tc-sid: 818a13d9-e138-4e41-b5a4-74fd927e6a2d
23:55:01.700 [Test worker] DEBUG com.github.dockerjava.zerodep.shaded.org.apache.hc.client5.http.headers - http-outgoing-0 >> Accept-Encoding: gzip, x-gzip, deflate
23:55:01.700 [Test worker] DEBUG com.github.dockerjava.zerodep.shaded.org.apache.hc.client5.http.headers - http-outgoing-0 >> Content-Length: 1955
23:55:01.700 [Test worker] DEBUG com.github.dockerjava.zerodep.shaded.org.apache.hc.client5.http.headers - http-outgoing-0 >> Host: localhost:2375
23:55:01.701 [Test worker] DEBUG com.github.dockerjava.zerodep.shaded.org.apache.hc.client5.http.headers - http-outgoing-0 >> Connection: keep-alive
23:55:01.701 [Test worker] DEBUG com.github.dockerjava.zerodep.shaded.org.apache.hc.client5.http.headers - http-outgoing-0 >> User-Agent: Apache-HttpClient/5.0.3 (Java/17.0.2)
23:55:01.701 [Test worker] DEBUG com.github.dockerjava.zerodep.shaded.org.apache.hc.client5.http.wire - http-outgoing-0 >> "POST /v1.32/containers/create?name=testcontainers-ryuk-818a13d9-e138-4e41-b5a4-74fd927e6a2d HTTP/1.1[\r][\n]"
23:55:01.701 [Test worker] DEBUG com.github.dockerjava.zerodep.shaded.org.apache.hc.client5.http.wire - http-outgoing-0 >> "X-Registry-Auth: eyJ1c2VybmFtZSI6InJhZGVybGVhbyIsInBhc3N3b3JkIjoib2ltYzYwNjBAIiwiZW1haWwiOm51bGwsInNlcnZlcmFkZHJlc3MiOiJodHRwczovL2luZGV4LmRvY2tlci5pby92MS8iLCJhdXRoIjpudWxsLCJyZWdpc3RyeXRva2VuIjpudWxsLCJpZGVudGl0eXRva2VuIjpudWxsLCJzdGFja09yY2hlc3RyYXRvciI6bnVsbH0=[\r][\n]"
23:55:01.701 [Test worker] DEBUG com.github.dockerjava.zerodep.shaded.org.apache.hc.client5.http.wire - http-outgoing-0 >> "accept: application/json[\r][\n]"
23:55:01.701 [Test worker] DEBUG com.github.dockerjava.zerodep.shaded.org.apache.hc.client5.http.wire - http-outgoing-0 >> "content-type: application/json[\r][\n]"
23:55:01.701 [Test worker] DEBUG com.github.dockerjava.zerodep.shaded.org.apache.hc.client5.http.wire - http-outgoing-0 >> "x-tc-sid: 818a13d9-e138-4e41-b5a4-74fd927e6a2d[\r][\n]"
23:55:01.701 [Test worker] DEBUG com.github.dockerjava.zerodep.shaded.org.apache.hc.client5.http.wire - http-outgoing-0 >> "Accept-Encoding: gzip, x-gzip, deflate[\r][\n]"
23:55:01.701 [Test worker] DEBUG com.github.dockerjava.zerodep.shaded.org.apache.hc.client5.http.wire - http-outgoing-0 >> "Content-Length: 1955[\r][\n]"
23:55:01.701 [Test worker] DEBUG com.github.dockerjava.zerodep.shaded.org.apache.hc.client5.http.wire - http-outgoing-0 >> "Host: localhost:2375[\r][\n]"
23:55:01.701 [Test worker] DEBUG com.github.dockerjava.zerodep.shaded.org.apache.hc.client5.http.wire - http-outgoing-0 >> "Connection: keep-alive[\r][\n]"
23:55:01.701 [Test worker] DEBUG com.github.dockerjava.zerodep.shaded.org.apache.hc.client5.http.wire - http-outgoing-0 >> "User-Agent: Apache-HttpClient/5.0.3 (Java/17.0.2)[\r][\n]"
23:55:01.702 [Test worker] DEBUG com.github.dockerjava.zerodep.shaded.org.apache.hc.client5.http.wire - http-outgoing-0 >> "[\r][\n]"
23:55:01.702 [Test worker] DEBUG com.github.dockerjava.zerodep.shaded.org.apache.hc.client5.http.wire - http-outgoing-0 >> "{"Hostname":null,"Domainname":null,"User":null,"AttachStdin":null,"AttachStdout":null,"AttachStderr":null,"PortSpecs":null,"Tty":null,"OpenStdin":null,"StdinOnce":null,"Env":[],"Cmd":[],"Healthcheck":null,"ArgsEscaped":null,"Entrypoint":null,"Image":"testcontainers/ryuk:0.3.4","Volumes":{},"WorkingDir":null,"MacAddress":null,"OnBuild":null,"NetworkDisabled":null,"ExposedPorts":{"8080/tcp":{}},"StopSignal":null,"StopTimeout":null,"HostConfig":{"Binds":["/var/run/docker.sock:/var/run/docker.sock:rw"],"BlkioWeight":null,"BlkioWeightDevice":null,"BlkioDeviceReadBps":null,"BlkioDeviceWriteBps":null,"BlkioDeviceReadIOps":null,"BlkioDeviceWriteIOps":null,"MemorySwappiness":null,"NanoCpus":null,"CapAdd":null,"CapDrop":null,"ContainerIDFile":null,"CpuPeriod":null,"CpuRealtimePeriod":null,"CpuRealtimeRuntime":null,"CpuShares":null,"CpuQuota":null,"CpusetCpus":null,"CpusetMems":null,"Devices":null,"DeviceCgroupRules":null,"DeviceRequests":null,"DiskQuota":null,"Dns":null,"DnsOptions":null,"DnsSearch":null,"ExtraHosts":[],"GroupAdd":null,"IpcMode":null,"Cgroup":null,"Links":[],"LogConfig":null,"LxcConf":null,"Memory":null,"MemorySwap":null,"MemoryReservation":null,"KernelMemory":null,"NetworkMode":null,"OomKillDisable":null,"Init":null,"AutoRemove":true,"OomScoreAdj":null,"PortBindings":{"8080/tcp":[{"HostIp":"","HostPort":""}]},"Privileged":false,"PublishAllPorts":null,"ReadonlyRootfs":null,"RestartPolicy":null,"Ulimits":null,"CpuCount":null,"CpuPercent":null,"IOMaximumIOps":null,"IOMaximumBandwidth":null,"VolumesFrom":[],"Mounts":null,"PidMode":null,"Isolation":null,"SecurityOpt":null,"StorageOpt":null,"CgroupParent":null,"VolumeDriver":null,"ShmSize":null,"PidsLimit":null,"Runtime":null,"Tmpfs":null,"UTSMode":null,"UsernsMode":null,"Sysctls":null,"ConsoleSize":null,"CgroupnsMode":null},"Labels":{"org.testcontainers":"true","org.testcontainers.lang":"java","org.testcontainers.version":"1.17.6"},"Shell":null,"NetworkingConfig":null}"
23:55:01.768 [Test worker] DEBUG com.github.dockerjava.zerodep.shaded.org.apache.hc.client5.http.wire - http-outgoing-0 << "HTTP/1.1 201 Created[\r][\n]"
23:55:01.769 [Test worker] DEBUG com.github.dockerjava.zerodep.shaded.org.apache.hc.client5.http.wire - http-outgoing-0 << "Api-Version: 1.41[\r][\n]"
23:55:01.769 [Test worker] DEBUG com.github.dockerjava.zerodep.shaded.org.apache.hc.client5.http.wire - http-outgoing-0 << "Content-Type: application/json[\r][\n]"
23:55:01.769 [Test worker] DEBUG com.github.dockerjava.zerodep.shaded.org.apache.hc.client5.http.wire - http-outgoing-0 << "Date: Mon, 27 Mar 2023 02:55:01 GMT[\r][\n]"
23:55:01.769 [Test worker] DEBUG com.github.dockerjava.zerodep.shaded.org.apache.hc.client5.http.wire - http-outgoing-0 << "Docker-Experimental: false[\r][\n]"
23:55:01.769 [Test worker] DEBUG com.github.dockerjava.zerodep.shaded.org.apache.hc.client5.http.wire - http-outgoing-0 << "Ostype: linux[\r][\n]"
23:55:01.769 [Test worker] DEBUG com.github.dockerjava.zerodep.shaded.org.apache.hc.client5.http.wire - http-outgoing-0 << "Server: Docker/20.10.21 (linux)[\r][\n]"
23:55:01.770 [Test worker] DEBUG com.github.dockerjava.zerodep.shaded.org.apache.hc.client5.http.wire - http-outgoing-0 << "Transfer-Encoding: chunked[\r][\n]"
23:55:01.770 [Test worker] DEBUG com.github.dockerjava.zerodep.shaded.org.apache.hc.client5.http.wire - http-outgoing-0 << "[\r][\n]"
23:55:01.770 [Test worker] DEBUG com.github.dockerjava.zerodep.shaded.org.apache.hc.client5.http.wire - http-outgoing-0 << "58[\r][\n]"
23:55:01.770 [Test worker] DEBUG com.github.dockerjava.zerodep.shaded.org.apache.hc.client5.http.wire - http-outgoing-0 << "{"Id":"2cf8e5d7ba844076d71294986030cbcd17515276ac0ec48c60f0831841ff63cc","Warnings":[]}[\n]"
23:55:01.770 [Test worker] DEBUG com.github.dockerjava.zerodep.shaded.org.apache.hc.client5.http.wire - http-outgoing-0 << "[\r][\n]"
23:55:01.770 [Test worker] DEBUG com.github.dockerjava.zerodep.shaded.org.apache.hc.client5.http.headers - http-outgoing-0 << HTTP/1.1 201 Created
23:55:01.770 [Test worker] DEBUG com.github.dockerjava.zerodep.shaded.org.apache.hc.client5.http.headers - http-outgoing-0 << Api-Version: 1.41
23:55:01.770 [Test worker] DEBUG com.github.dockerjava.zerodep.shaded.org.apache.hc.client5.http.headers - http-outgoing-0 << Content-Type: application/json
23:55:01.770 [Test worker] DEBUG com.github.dockerjava.zerodep.shaded.org.apache.hc.client5.http.headers - http-outgoing-0 << Date: Mon, 27 Mar 2023 02:55:01 GMT
23:55:01.770 [Test worker] DEBUG com.github.dockerjava.zerodep.shaded.org.apache.hc.client5.http.headers - http-outgoing-0 << Docker-Experimental: false
23:55:01.770 [Test worker] DEBUG com.github.dockerjava.zerodep.shaded.org.apache.hc.client5.http.headers - http-outgoing-0 << Ostype: linux
23:55:01.770 [Test worker] DEBUG com.github.dockerjava.zerodep.shaded.org.apache.hc.client5.http.headers - http-outgoing-0 << Server: Docker/20.10.21 (linux)
23:55:01.771 [Test worker] DEBUG com.github.dockerjava.zerodep.shaded.org.apache.hc.client5.http.headers - http-outgoing-0 << Transfer-Encoding: chunked
23:55:01.771 [Test worker] DEBUG com.github.dockerjava.zerodep.shaded.org.apache.hc.client5.http.impl.classic.MainClientExec - ex-00000004: connection can be kept alive for 3 MINUTES
23:55:01.773 [Test worker] DEBUG com.github.dockerjava.zerodep.shaded.org.apache.hc.client5.http.wire - http-outgoing-0 << "0[\r][\n]"
23:55:01.774 [Test worker] DEBUG com.github.dockerjava.zerodep.shaded.org.apache.hc.client5.http.wire - http-outgoing-0 << "[\r][\n]"
23:55:01.774 [Test worker] DEBUG com.github.dockerjava.zerodep.shaded.org.apache.hc.client5.http.impl.classic.InternalHttpClient - ep-00000003: releasing valid endpoint
23:55:01.774 [Test worker] DEBUG com.github.dockerjava.zerodep.shaded.org.apache.hc.client5.http.impl.io.PoolingHttpClientConnectionManager - ep-00000003: releasing endpoint
23:55:01.774 [Test worker] DEBUG com.github.dockerjava.zerodep.shaded.org.apache.hc.client5.http.impl.io.PoolingHttpClientConnectionManager - ep-00000003: connection http-outgoing-0 can be kept alive for 3 MINUTES
23:55:01.774 [Test worker] DEBUG com.github.dockerjava.zerodep.shaded.org.apache.hc.client5.http.impl.io.PoolingHttpClientConnectionManager - ep-00000003: connection released [route: {}->unix://localhost:2375][total available: 1; route allocated: 1 of 2147483647; total allocated: 1 of 2147483647]
23:55:01.779 [Test worker] INFO ]]>&#x1f433;<![CDATA[ [testcontainers/ryuk:0.3.4] - Container testcontainers/ryuk:0.3.4 is starting: 2cf8e5d7ba844076d71294986030cbcd17515276ac0ec48c60f0831841ff63cc
23:55:01.780 [Test worker] DEBUG org.testcontainers.shaded.com.github.dockerjava.core.command.AbstrDockerCmd - Cmd: 2cf8e5d7ba844076d71294986030cbcd17515276ac0ec48c60f0831841ff63cc
23:55:01.781 [Test worker] DEBUG com.github.dockerjava.zerodep.shaded.org.apache.hc.client5.http.impl.classic.InternalHttpClient - ex-00000005: preparing request execution
23:55:01.782 [Test worker] DEBUG com.github.dockerjava.zerodep.shaded.org.apache.hc.client5.http.protocol.RequestAddCookies - Cookie spec selected: strict
23:55:01.782 [Test worker] DEBUG com.github.dockerjava.zerodep.shaded.org.apache.hc.client5.http.protocol.RequestAuthCache - Auth cache not set in the context
23:55:01.782 [Test worker] DEBUG com.github.dockerjava.zerodep.shaded.org.apache.hc.client5.http.impl.classic.ProtocolExec - ex-00000005: target auth state: UNCHALLENGED
23:55:01.782 [Test worker] DEBUG com.github.dockerjava.zerodep.shaded.org.apache.hc.client5.http.impl.classic.ProtocolExec - ex-00000005: proxy auth state: UNCHALLENGED
23:55:01.782 [Test worker] DEBUG com.github.dockerjava.zerodep.shaded.org.apache.hc.client5.http.impl.classic.ConnectExec - ex-00000005: acquiring connection with route {}->unix://localhost:2375
23:55:01.782 [Test worker] DEBUG com.github.dockerjava.zerodep.shaded.org.apache.hc.client5.http.impl.classic.InternalHttpClient - ex-00000005: acquiring endpoint (3 MINUTES)
23:55:01.782 [Test worker] DEBUG com.github.dockerjava.zerodep.shaded.org.apache.hc.client5.http.impl.io.PoolingHttpClientConnectionManager - ex-00000005: endpoint lease request (3 MINUTES) [route: {}->unix://localhost:2375][total available: 1; route allocated: 1 of 2147483647; total allocated: 1 of 2147483647]
23:55:01.782 [Test worker] DEBUG com.github.dockerjava.zerodep.shaded.org.apache.hc.client5.http.impl.io.PoolingHttpClientConnectionManager - ex-00000005: endpoint leased [route: {}->unix://localhost:2375][total available: 0; route allocated: 1 of 2147483647; total allocated: 1 of 2147483647]
23:55:01.782 [Test worker] DEBUG com.github.dockerjava.zerodep.shaded.org.apache.hc.client5.http.impl.io.PoolingHttpClientConnectionManager - ex-00000005: acquired ep-00000004
23:55:01.782 [Test worker] DEBUG com.github.dockerjava.zerodep.shaded.org.apache.hc.client5.http.impl.classic.InternalHttpClient - ex-00000005: acquired endpoint ep-00000004
23:55:01.782 [Test worker] DEBUG com.github.dockerjava.zerodep.shaded.org.apache.hc.client5.http.impl.classic.MainClientExec - ex-00000005: executing POST /v1.32/containers/2cf8e5d7ba844076d71294986030cbcd17515276ac0ec48c60f0831841ff63cc/start HTTP/1.1
23:55:01.782 [Test worker] DEBUG com.github.dockerjava.zerodep.shaded.org.apache.hc.client5.http.impl.classic.InternalHttpClient - ep-00000004: start execution ex-00000005
23:55:01.782 [Test worker] DEBUG com.github.dockerjava.zerodep.shaded.org.apache.hc.client5.http.impl.io.PoolingHttpClientConnectionManager - ep-00000004: executing exchange ex-00000005 over http-outgoing-0
23:55:01.783 [Test worker] DEBUG com.github.dockerjava.zerodep.shaded.org.apache.hc.client5.http.headers - http-outgoing-0 >> POST /v1.32/containers/2cf8e5d7ba844076d71294986030cbcd17515276ac0ec48c60f0831841ff63cc/start HTTP/1.1
23:55:01.783 [Test worker] DEBUG com.github.dockerjava.zerodep.shaded.org.apache.hc.client5.http.headers - http-outgoing-0 >> accept: application/json
23:55:01.783 [Test worker] DEBUG com.github.dockerjava.zerodep.shaded.org.apache.hc.client5.http.headers - http-outgoing-0 >> content-type: application/json
23:55:01.783 [Test worker] DEBUG com.github.dockerjava.zerodep.shaded.org.apache.hc.client5.http.headers - http-outgoing-0 >> x-tc-sid: 818a13d9-e138-4e41-b5a4-74fd927e6a2d
23:55:01.783 [Test worker] DEBUG com.github.dockerjava.zerodep.shaded.org.apache.hc.client5.http.headers - http-outgoing-0 >> Accept-Encoding: gzip, x-gzip, deflate
23:55:01.783 [Test worker] DEBUG com.github.dockerjava.zerodep.shaded.org.apache.hc.client5.http.headers - http-outgoing-0 >> Host: localhost:2375
23:55:01.783 [Test worker] DEBUG com.github.dockerjava.zerodep.shaded.org.apache.hc.client5.http.headers - http-outgoing-0 >> Connection: keep-alive
23:55:01.783 [Test worker] DEBUG com.github.dockerjava.zerodep.shaded.org.apache.hc.client5.http.headers - http-outgoing-0 >> User-Agent: Apache-HttpClient/5.0.3 (Java/17.0.2)
23:55:01.783 [Test worker] DEBUG com.github.dockerjava.zerodep.shaded.org.apache.hc.client5.http.wire - http-outgoing-0 >> "POST /v1.32/containers/2cf8e5d7ba844076d71294986030cbcd17515276ac0ec48c60f0831841ff63cc/start HTTP/1.1[\r][\n]"
23:55:01.783 [Test worker] DEBUG com.github.dockerjava.zerodep.shaded.org.apache.hc.client5.http.wire - http-outgoing-0 >> "accept: application/json[\r][\n]"
23:55:01.783 [Test worker] DEBUG com.github.dockerjava.zerodep.shaded.org.apache.hc.client5.http.wire - http-outgoing-0 >> "content-type: application/json[\r][\n]"
23:55:01.783 [Test worker] DEBUG com.github.dockerjava.zerodep.shaded.org.apache.hc.client5.http.wire - http-outgoing-0 >> "x-tc-sid: 818a13d9-e138-4e41-b5a4-74fd927e6a2d[\r][\n]"
23:55:01.783 [Test worker] DEBUG com.github.dockerjava.zerodep.shaded.org.apache.hc.client5.http.wire - http-outgoing-0 >> "Accept-Encoding: gzip, x-gzip, deflate[\r][\n]"
23:55:01.783 [Test worker] DEBUG com.github.dockerjava.zerodep.shaded.org.apache.hc.client5.http.wire - http-outgoing-0 >> "Host: localhost:2375[\r][\n]"
23:55:01.783 [Test worker] DEBUG com.github.dockerjava.zerodep.shaded.org.apache.hc.client5.http.wire - http-outgoing-0 >> "Connection: keep-alive[\r][\n]"
23:55:01.783 [Test worker] DEBUG com.github.dockerjava.zerodep.shaded.org.apache.hc.client5.http.wire - http-outgoing-0 >> "User-Agent: Apache-HttpClient/5.0.3 (Java/17.0.2)[\r][\n]"
23:55:01.783 [Test worker] DEBUG com.github.dockerjava.zerodep.shaded.org.apache.hc.client5.http.wire - http-outgoing-0 >> "[\r][\n]"
23:55:02.316 [Test worker] DEBUG com.github.dockerjava.zerodep.shaded.org.apache.hc.client5.http.wire - http-outgoing-0 << "HTTP/1.1 204 No Content[\r][\n]"
23:55:02.317 [Test worker] DEBUG com.github.dockerjava.zerodep.shaded.org.apache.hc.client5.http.wire - http-outgoing-0 << "Api-Version: 1.41[\r][\n]"
23:55:02.317 [Test worker] DEBUG com.github.dockerjava.zerodep.shaded.org.apache.hc.client5.http.wire - http-outgoing-0 << "Date: Mon, 27 Mar 2023 02:55:02 GMT[\r][\n]"
23:55:02.317 [Test worker] DEBUG com.github.dockerjava.zerodep.shaded.org.apache.hc.client5.http.wire - http-outgoing-0 << "Docker-Experimental: false[\r][\n]"
23:55:02.317 [Test worker] DEBUG com.github.dockerjava.zerodep.shaded.org.apache.hc.client5.http.wire - http-outgoing-0 << "Ostype: linux[\r][\n]"
23:55:02.318 [Test worker] DEBUG com.github.dockerjava.zerodep.shaded.org.apache.hc.client5.http.wire - http-outgoing-0 << "Server: Docker/20.10.21 (linux)[\r][\n]"
23:55:02.318 [Test worker] DEBUG com.github.dockerjava.zerodep.shaded.org.apache.hc.client5.http.wire - http-outgoing-0 << "[\r][\n]"
23:55:02.318 [Test worker] DEBUG com.github.dockerjava.zerodep.shaded.org.apache.hc.client5.http.headers - http-outgoing-0 << HTTP/1.1 204 No Content
23:55:02.318 [Test worker] DEBUG com.github.dockerjava.zerodep.shaded.org.apache.hc.client5.http.headers - http-outgoing-0 << Api-Version: 1.41
23:55:02.318 [Test worker] DEBUG com.github.dockerjava.zerodep.shaded.org.apache.hc.client5.http.headers - http-outgoing-0 << Date: Mon, 27 Mar 2023 02:55:02 GMT
23:55:02.318 [Test worker] DEBUG com.github.dockerjava.zerodep.shaded.org.apache.hc.client5.http.headers - http-outgoing-0 << Docker-Experimental: false
23:55:02.318 [Test worker] DEBUG com.github.dockerjava.zerodep.shaded.org.apache.hc.client5.http.headers - http-outgoing-0 << Ostype: linux
23:55:02.318 [Test worker] DEBUG com.github.dockerjava.zerodep.shaded.org.apache.hc.client5.http.headers - http-outgoing-0 << Server: Docker/20.10.21 (linux)
23:55:02.319 [Test worker] DEBUG com.github.dockerjava.zerodep.shaded.org.apache.hc.client5.http.impl.classic.MainClientExec - ex-00000005: connection can be kept alive for 3 MINUTES
23:55:02.320 [Test worker] DEBUG com.github.dockerjava.zerodep.shaded.org.apache.hc.client5.http.impl.classic.InternalHttpClient - ep-00000004: releasing valid endpoint
23:55:02.320 [Test worker] DEBUG com.github.dockerjava.zerodep.shaded.org.apache.hc.client5.http.impl.io.PoolingHttpClientConnectionManager - ep-00000004: releasing endpoint
23:55:02.320 [Test worker] DEBUG com.github.dockerjava.zerodep.shaded.org.apache.hc.client5.http.impl.io.PoolingHttpClientConnectionManager - ep-00000004: connection http-outgoing-0 can be kept alive for 3 MINUTES
23:55:02.320 [Test worker] DEBUG com.github.dockerjava.zerodep.shaded.org.apache.hc.client5.http.impl.io.PoolingHttpClientConnectionManager - ep-00000004: connection released [route: {}->unix://localhost:2375][total available: 1; route allocated: 1 of 2147483647; total allocated: 1 of 2147483647]
23:55:02.330 [Test worker] DEBUG org.testcontainers.shaded.com.github.dockerjava.core.command.AbstrDockerCmd - Cmd: 2cf8e5d7ba844076d71294986030cbcd17515276ac0ec48c60f0831841ff63cc,false
23:55:02.331 [Test worker] DEBUG org.testcontainers.shaded.com.github.dockerjava.core.exec.InspectContainerCmdExec - GET: DefaultWebTarget{path=[/containers/2cf8e5d7ba844076d71294986030cbcd17515276ac0ec48c60f0831841ff63cc/json], queryParams={}}
23:55:02.331 [Test worker] DEBUG com.github.dockerjava.zerodep.shaded.org.apache.hc.client5.http.impl.classic.InternalHttpClient - ex-00000006: preparing request execution
23:55:02.332 [Test worker] DEBUG com.github.dockerjava.zerodep.shaded.org.apache.hc.client5.http.protocol.RequestAddCookies - Cookie spec selected: strict
23:55:02.332 [Test worker] DEBUG com.github.dockerjava.zerodep.shaded.org.apache.hc.client5.http.protocol.RequestAuthCache - Auth cache not set in the context
23:55:02.332 [Test worker] DEBUG com.github.dockerjava.zerodep.shaded.org.apache.hc.client5.http.impl.classic.ProtocolExec - ex-00000006: target auth state: UNCHALLENGED
23:55:02.332 [Test worker] DEBUG com.github.dockerjava.zerodep.shaded.org.apache.hc.client5.http.impl.classic.ProtocolExec - ex-00000006: proxy auth state: UNCHALLENGED
23:55:02.332 [Test worker] DEBUG com.github.dockerjava.zerodep.shaded.org.apache.hc.client5.http.impl.classic.ConnectExec - ex-00000006: acquiring connection with route {}->unix://localhost:2375
23:55:02.332 [Test worker] DEBUG com.github.dockerjava.zerodep.shaded.org.apache.hc.client5.http.impl.classic.InternalHttpClient - ex-00000006: acquiring endpoint (3 MINUTES)
23:55:02.332 [Test worker] DEBUG com.github.dockerjava.zerodep.shaded.org.apache.hc.client5.http.impl.io.PoolingHttpClientConnectionManager - ex-00000006: endpoint lease request (3 MINUTES) [route: {}->unix://localhost:2375][total available: 1; route allocated: 1 of 2147483647; total allocated: 1 of 2147483647]
23:55:02.332 [Test worker] DEBUG com.github.dockerjava.zerodep.shaded.org.apache.hc.client5.http.impl.io.PoolingHttpClientConnectionManager - ex-00000006: endpoint leased [route: {}->unix://localhost:2375][total available: 0; route allocated: 1 of 2147483647; total allocated: 1 of 2147483647]
23:55:02.332 [Test worker] DEBUG com.github.dockerjava.zerodep.shaded.org.apache.hc.client5.http.impl.io.PoolingHttpClientConnectionManager - ex-00000006: acquired ep-00000005
23:55:02.333 [Test worker] DEBUG com.github.dockerjava.zerodep.shaded.org.apache.hc.client5.http.impl.classic.InternalHttpClient - ex-00000006: acquired endpoint ep-00000005
23:55:02.333 [Test worker] DEBUG com.github.dockerjava.zerodep.shaded.org.apache.hc.client5.http.impl.classic.MainClientExec - ex-00000006: executing GET /v1.32/containers/2cf8e5d7ba844076d71294986030cbcd17515276ac0ec48c60f0831841ff63cc/json HTTP/1.1
23:55:02.333 [Test worker] DEBUG com.github.dockerjava.zerodep.shaded.org.apache.hc.client5.http.impl.classic.InternalHttpClient - ep-00000005: start execution ex-00000006
23:55:02.333 [Test worker] DEBUG com.github.dockerjava.zerodep.shaded.org.apache.hc.client5.http.impl.io.PoolingHttpClientConnectionManager - ep-00000005: executing exchange ex-00000006 over http-outgoing-0
23:55:02.333 [Test worker] DEBUG com.github.dockerjava.zerodep.shaded.org.apache.hc.client5.http.headers - http-outgoing-0 >> GET /v1.32/containers/2cf8e5d7ba844076d71294986030cbcd17515276ac0ec48c60f0831841ff63cc/json HTTP/1.1
23:55:02.333 [Test worker] DEBUG com.github.dockerjava.zerodep.shaded.org.apache.hc.client5.http.headers - http-outgoing-0 >> accept: application/json
23:55:02.333 [Test worker] DEBUG com.github.dockerjava.zerodep.shaded.org.apache.hc.client5.http.headers - http-outgoing-0 >> x-tc-sid: 818a13d9-e138-4e41-b5a4-74fd927e6a2d
23:55:02.333 [Test worker] DEBUG com.github.dockerjava.zerodep.shaded.org.apache.hc.client5.http.headers - http-outgoing-0 >> Accept-Encoding: gzip, x-gzip, deflate
23:55:02.333 [Test worker] DEBUG com.github.dockerjava.zerodep.shaded.org.apache.hc.client5.http.headers - http-outgoing-0 >> Host: localhost:2375
23:55:02.333 [Test worker] DEBUG com.github.dockerjava.zerodep.shaded.org.apache.hc.client5.http.headers - http-outgoing-0 >> Connection: keep-alive
23:55:02.333 [Test worker] DEBUG com.github.dockerjava.zerodep.shaded.org.apache.hc.client5.http.headers - http-outgoing-0 >> User-Agent: Apache-HttpClient/5.0.3 (Java/17.0.2)
23:55:02.333 [Test worker] DEBUG com.github.dockerjava.zerodep.shaded.org.apache.hc.client5.http.wire - http-outgoing-0 >> "GET /v1.32/containers/2cf8e5d7ba844076d71294986030cbcd17515276ac0ec48c60f0831841ff63cc/json HTTP/1.1[\r][\n]"
23:55:02.333 [Test worker] DEBUG com.github.dockerjava.zerodep.shaded.org.apache.hc.client5.http.wire - http-outgoing-0 >> "accept: application/json[\r][\n]"
23:55:02.333 [Test worker] DEBUG com.github.dockerjava.zerodep.shaded.org.apache.hc.client5.http.wire - http-outgoing-0 >> "x-tc-sid: 818a13d9-e138-4e41-b5a4-74fd927e6a2d[\r][\n]"
23:55:02.333 [Test worker] DEBUG com.github.dockerjava.zerodep.shaded.org.apache.hc.client5.http.wire - http-outgoing-0 >> "Accept-Encoding: gzip, x-gzip, deflate[\r][\n]"
23:55:02.334 [Test worker] DEBUG com.github.dockerjava.zerodep.shaded.org.apache.hc.client5.http.wire - http-outgoing-0 >> "Host: localhost:2375[\r][\n]"
23:55:02.334 [Test worker] DEBUG com.github.dockerjava.zerodep.shaded.org.apache.hc.client5.http.wire - http-outgoing-0 >> "Connection: keep-alive[\r][\n]"
23:55:02.334 [Test worker] DEBUG com.github.dockerjava.zerodep.shaded.org.apache.hc.client5.http.wire - http-outgoing-0 >> "User-Agent: Apache-HttpClient/5.0.3 (Java/17.0.2)[\r][\n]"
23:55:02.334 [Test worker] DEBUG com.github.dockerjava.zerodep.shaded.org.apache.hc.client5.http.wire - http-outgoing-0 >> "[\r][\n]"
23:55:02.342 [Test worker] DEBUG com.github.dockerjava.zerodep.shaded.org.apache.hc.client5.http.wire - http-outgoing-0 << "HTTP/1.1 200 OK[\r][\n]"
23:55:02.342 [Test worker] DEBUG com.github.dockerjava.zerodep.shaded.org.apache.hc.client5.http.wire - http-outgoing-0 << "Api-Version: 1.41[\r][\n]"
23:55:02.342 [Test worker] DEBUG com.github.dockerjava.zerodep.shaded.org.apache.hc.client5.http.wire - http-outgoing-0 << "Content-Type: application/json[\r][\n]"
23:55:02.342 [Test worker] DEBUG com.github.dockerjava.zerodep.shaded.org.apache.hc.client5.http.wire - http-outgoing-0 << "Date: Mon, 27 Mar 2023 02:55:02 GMT[\r][\n]"
23:55:02.343 [Test worker] DEBUG com.github.dockerjava.zerodep.shaded.org.apache.hc.client5.http.wire - http-outgoing-0 << "Docker-Experimental: false[\r][\n]"
23:55:02.343 [Test worker] DEBUG com.github.dockerjava.zerodep.shaded.org.apache.hc.client5.http.wire - http-outgoing-0 << "Ostype: linux[\r][\n]"
23:55:02.343 [Test worker] DEBUG com.github.dockerjava.zerodep.shaded.org.apache.hc.client5.http.wire - http-outgoing-0 << "Server: Docker/20.10.21 (linux)[\r][\n]"
23:55:02.343 [Test worker] DEBUG com.github.dockerjava.zerodep.shaded.org.apache.hc.client5.http.wire - http-outgoing-0 << "Transfer-Encoding: chunked[\r][\n]"
23:55:02.343 [Test worker] DEBUG com.github.dockerjava.zerodep.shaded.org.apache.hc.client5.http.wire - http-outgoing-0 << "[\r][\n]"
23:55:02.343 [Test worker] DEBUG com.github.dockerjava.zerodep.shaded.org.apache.hc.client5.http.headers - http-outgoing-0 << HTTP/1.1 200 OK
23:55:02.343 [Test worker] DEBUG com.github.dockerjava.zerodep.shaded.org.apache.hc.client5.http.headers - http-outgoing-0 << Api-Version: 1.41
23:55:02.343 [Test worker] DEBUG com.github.dockerjava.zerodep.shaded.org.apache.hc.client5.http.headers - http-outgoing-0 << Content-Type: application/json
23:55:02.343 [Test worker] DEBUG com.github.dockerjava.zerodep.shaded.org.apache.hc.client5.http.headers - http-outgoing-0 << Date: Mon, 27 Mar 2023 02:55:02 GMT
23:55:02.343 [Test worker] DEBUG com.github.dockerjava.zerodep.shaded.org.apache.hc.client5.http.headers - http-outgoing-0 << Docker-Experimental: false
23:55:02.343 [Test worker] DEBUG com.github.dockerjava.zerodep.shaded.org.apache.hc.client5.http.headers - http-outgoing-0 << Ostype: linux
23:55:02.343 [Test worker] DEBUG com.github.dockerjava.zerodep.shaded.org.apache.hc.client5.http.headers - http-outgoing-0 << Server: Docker/20.10.21 (linux)
23:55:02.343 [Test worker] DEBUG com.github.dockerjava.zerodep.shaded.org.apache.hc.client5.http.headers - http-outgoing-0 << Transfer-Encoding: chunked
23:55:02.344 [Test worker] DEBUG com.github.dockerjava.zerodep.shaded.org.apache.hc.client5.http.impl.classic.MainClientExec - ex-00000006: connection can be kept alive for 3 MINUTES
23:55:02.353 [Test worker] DEBUG com.github.dockerjava.zerodep.shaded.org.apache.hc.client5.http.wire - http-outgoing-0 << "1439[\r][\n]"
23:55:02.354 [Test worker] DEBUG com.github.dockerjava.zerodep.shaded.org.apache.hc.client5.http.wire - http-outgoing-0 << "{"Id":"2cf8e5d7ba844076d71294986030cbcd17515276ac0ec48c60f0831841ff63cc","Created":"2023-03-27T02:55:01.733545253Z","Path":"/app","Args":[],"State":{"Status":"running","Running":true,"Paused":false,"Restarting":false,"OOMKilled":false,"Dead":false,"Pid":18226,"ExitCode":0,"Error":"","StartedAt":"2023-03-27T02:55:02.30912367Z","FinishedAt":"0001-01-01T00:00:00Z"},"Image":"sha256:5d28cedc492d64d21c11814d84d9d41566f07023b9c95245e163b05acfcb7172","ResolvConfPath":"/var/lib/docker/containers/2cf8e5d7ba844076d71294986030cbcd17515276ac0ec48c60f0831841ff63cc/resolv.conf","HostnamePath":"/var/lib/docker/containers/2cf8e5d7ba844076d71294986030cbcd17515276ac0ec48c60f0831841ff63cc/hostname","HostsPath":"/var/lib/docker/containers/2cf8e5d7ba844076d71294986030cbcd17515276ac0ec48c60f0831841ff63cc/hosts","LogPath":"/var/lib/docker/containers/2cf8e5d7ba844076d71294986030cbcd17515276ac0ec48c60f0831841ff63cc/2cf8e5d7ba844076d71294986030cbcd17515276ac0ec48c60f0831841ff63cc-json.log","Name":"/testcontainers-ryuk-818a13d9-e138-4e41-b5a4-74fd927e6a2d","RestartCount":0,"Driver":"overlay2","Platform":"linux","MountLabel":"","ProcessLabel":"","AppArmorProfile":"","ExecIDs":null,"HostConfig":{"Binds":["/var/run/docker.sock:/var/run/docker.sock:rw"],"ContainerIDFile":"","LogConfig":{"Type":"json-file","Config":{}},"NetworkMode":"default","PortBindings":{"8080/tcp":[{"HostIp":"0.0.0.0","HostPort":"0"}]},"RestartPolicy":{"Name":"","MaximumRetryCount":0},"AutoRemove":true,"VolumeDriver":"","VolumesFrom":[],"CapAdd":null,"CapDrop":null,"CgroupnsMode":"private","Dns":null,"DnsOptions":null,"DnsSearch":null,"ExtraHosts":[],"GroupAdd":null,"IpcMode":"shareable","Cgroup":"","Links":null,"OomScoreAdj":0,"PidMode":"","Privileged":false,"PublishAllPorts":false,"ReadonlyRootfs":false,"SecurityOpt":null,"UTSMode":"","UsernsMode":"","ShmSize":67108864,"Runtime":"runc","ConsoleSize":[0,0],"Isolation":"","CpuShares":0,"Memory":0,"NanoCpus":0,"CgroupParent":"","BlkioWeight":0,"BlkioWeightDevice":null,"BlkioDeviceReadBps":null,"BlkioDeviceWriteBps":null,"BlkioDeviceReadIOps":null,"BlkioDeviceWriteIOps":null,"CpuPeriod":0,"CpuQuota":0,"CpuRealtimePeriod":0,"CpuRealtimeRuntime":0,"CpusetCpus":"","CpusetMems":"","Devices":null,"DeviceCgroupRules":null,"DeviceRequests":null,"KernelMemory":0,"KernelMemoryTCP":0,"MemoryReservation":0,"MemorySwap":0,"MemorySwappiness":null,"OomKillDisable":null,"PidsLimit":null,"Ulimits":null,"CpuCount":0,"CpuPercent":0,"IOMaximumIOps":0,"IOMaximumBandwidth":0,"MaskedPaths":["/proc/asound","/proc/acpi","/proc/kcore","/proc/keys","/proc/latency_stats","/proc/timer_list","/proc/timer_stats","/proc/sched_debug","/proc/scsi","/sys/firmware"],"ReadonlyPaths":["/proc/bus","/proc/fs","/proc/irq","/proc/sys","/proc/sysrq-trigger"]},"GraphDriver":{"Data":{"LowerDir":"/var/lib/docker/overlay2/9bce0dbcc8dad3ebbad5775146d4edde0adad05ccf978bd26572c4612b496897-init/diff:/var/lib/docker/overlay2/bc20005e8ef20c0d7201a7be3aff7a9162321ec7e8e4a899b9d16bacc7cce38d/diff:/var/lib/docker/overlay2/684320642ff3af40250fafed19cae7fe9d20e6b0a8f266e85219854528717961/diff:/var/lib/docker/overlay2/0ac10462599fa2f7d0cbcdaa05e88abd3f650c04b068983f26d6e2c9f2266a20/diff","MergedDir":"/var/lib/docker/overlay2/9bce0dbcc8dad3ebbad5775146d4edde0adad05ccf978bd26572c4612b496897/merged","UpperDir":"/var/lib/docker/overlay2/9bce0dbcc8dad3ebbad5775146d4edde0adad05ccf978bd26572c4612b496897/diff","WorkDir":"/var/lib/docker/overlay2/9bce0dbcc8dad3ebbad5775146d4edde0adad05ccf978bd26572c4612b496897/work"},"Name":"overlay2"},"Mounts":[{"Type":"bind","Source":"/var/run/docker.sock","Destination":"/var/run/docker.sock","Mode":"rw","RW":true,"Propagation":"rprivate"}],"Config":{"Hostname":"2cf8e5d7ba84","Domainname":"","User":"","AttachStdin":false,"AttachStdout":false,"AttachStderr":false,"ExposedPorts":{"8080/tcp":{}},"Tty":false,"OpenStdin":false,"StdinOnce":false,"Env":["PATH=/usr/local/sbin:/usr/local/bin:/usr/sbin:/usr/bin:/sbin:/bin"],"Cmd":["/app"],"Image":"testcontainers/ryuk:0.3.4","Volumes":null,"WorkingDir":"","Entrypoint":null,"OnBuild":null,"Labels":{"org.testcontainers":"true","org.testcontainers.lang":"java","org.testcontainers.version":"1.17.6"}},"NetworkSettings":{"Bridge":"","SandboxID":"8dccd7192c1a2b144d6d433e77d14c4a33cb60e90a2f613e9f9790d7cb6e84ec","HairpinMode":false,"LinkLocalIPv6Address":"","LinkLocalIPv6PrefixLen":0,"Ports":{"8080/tcp":[{"HostIp":"0.0.0.0","HostPort":"56287"}]},"SandboxKey":"/var/run/docker/netns/8dccd7192c1a","SecondaryIPAddresses":null,"SecondaryIPv6Addresses":null,"EndpointID":"919c75f5033b69ded9e492fd6804a00879a1c90863e3d62720b963731443b15e","Gateway":"172.17.0.1","GlobalIPv6Address":"","GlobalIPv6PrefixLen":0,"IPAddress":"172.17.0.2","IPPrefixLen":16,"IPv6Gateway":"","MacAddress":"02:42:ac:11:00:02","Networks":{"bridge":{"IPAMConfig":null,"Links":null,"Aliases":null,"NetworkID":"308e234c143065751b16b4500cb9f48d5c7fc2116504b3d816a5e51cd4771062","EndpointID":"919c75f5033b69ded9e492fd6804a00879a1c90863e3d62720b963731443b15e","Gateway":"172.17.0.1","IPAddress":"172.17.0.2","IPPrefixLen":16,"IPv6Gateway":"","GlobalIPv6Address":"","GlobalIPv6PrefixLen":0,"MacAddress":"02:42:ac:11:00:02","DriverOpts":null}}}}[\n]"
23:55:02.354 [Test worker] DEBUG com.github.dockerjava.zerodep.shaded.org.apache.hc.client5.http.wire - http-outgoing-0 << "[\r][\n]"
23:55:02.433 [Test worker] DEBUG com.github.dockerjava.zerodep.shaded.org.apache.hc.client5.http.wire - http-outgoing-0 << "0[\r][\n]"
23:55:02.433 [Test worker] DEBUG com.github.dockerjava.zerodep.shaded.org.apache.hc.client5.http.wire - http-outgoing-0 << "[\r][\n]"
23:55:02.433 [Test worker] DEBUG com.github.dockerjava.zerodep.shaded.org.apache.hc.client5.http.impl.classic.InternalHttpClient - ep-00000005: releasing valid endpoint
23:55:02.433 [Test worker] DEBUG com.github.dockerjava.zerodep.shaded.org.apache.hc.client5.http.impl.io.PoolingHttpClientConnectionManager - ep-00000005: releasing endpoint
23:55:02.433 [Test worker] DEBUG com.github.dockerjava.zerodep.shaded.org.apache.hc.client5.http.impl.io.PoolingHttpClientConnectionManager - ep-00000005: connection http-outgoing-0 can be kept alive for 3 MINUTES
23:55:02.433 [Test worker] DEBUG com.github.dockerjava.zerodep.shaded.org.apache.hc.client5.http.impl.io.PoolingHttpClientConnectionManager - ep-00000005: connection released [route: {}->unix://localhost:2375][total available: 1; route allocated: 1 of 2147483647; total allocated: 1 of 2147483647]
23:55:02.439 [docker-java-stream--957540619] DEBUG com.github.dockerjava.zerodep.shaded.org.apache.hc.client5.http.impl.classic.InternalHttpClient - ex-00000007: preparing request execution
23:55:02.439 [docker-java-stream--957540619] DEBUG com.github.dockerjava.zerodep.shaded.org.apache.hc.client5.http.protocol.RequestAddCookies - Cookie spec selected: strict
23:55:02.439 [docker-java-stream--957540619] DEBUG com.github.dockerjava.zerodep.shaded.org.apache.hc.client5.http.protocol.RequestAuthCache - Auth cache not set in the context
23:55:02.439 [docker-java-stream--957540619] DEBUG com.github.dockerjava.zerodep.shaded.org.apache.hc.client5.http.impl.classic.ProtocolExec - ex-00000007: target auth state: UNCHALLENGED
23:55:02.439 [docker-java-stream--957540619] DEBUG com.github.dockerjava.zerodep.shaded.org.apache.hc.client5.http.impl.classic.ProtocolExec - ex-00000007: proxy auth state: UNCHALLENGED
23:55:02.439 [docker-java-stream--957540619] DEBUG com.github.dockerjava.zerodep.shaded.org.apache.hc.client5.http.impl.classic.ConnectExec - ex-00000007: acquiring connection with route {}->unix://localhost:2375
23:55:02.439 [docker-java-stream--957540619] DEBUG com.github.dockerjava.zerodep.shaded.org.apache.hc.client5.http.impl.classic.InternalHttpClient - ex-00000007: acquiring endpoint (3 MINUTES)
23:55:02.440 [docker-java-stream--957540619] DEBUG com.github.dockerjava.zerodep.shaded.org.apache.hc.client5.http.impl.io.PoolingHttpClientConnectionManager - ex-00000007: endpoint lease request (3 MINUTES) [route: {}->unix://localhost:2375][total available: 1; route allocated: 1 of 2147483647; total allocated: 1 of 2147483647]
23:55:02.440 [docker-java-stream--957540619] DEBUG com.github.dockerjava.zerodep.shaded.org.apache.hc.client5.http.impl.io.PoolingHttpClientConnectionManager - ex-00000007: endpoint leased [route: {}->unix://localhost:2375][total available: 0; route allocated: 1 of 2147483647; total allocated: 1 of 2147483647]
23:55:02.440 [docker-java-stream--957540619] DEBUG com.github.dockerjava.zerodep.shaded.org.apache.hc.client5.http.impl.io.PoolingHttpClientConnectionManager - ex-00000007: acquired ep-00000006
23:55:02.440 [docker-java-stream--957540619] DEBUG com.github.dockerjava.zerodep.shaded.org.apache.hc.client5.http.impl.classic.InternalHttpClient - ex-00000007: acquired endpoint ep-00000006
23:55:02.440 [docker-java-stream--957540619] DEBUG com.github.dockerjava.zerodep.shaded.org.apache.hc.client5.http.impl.classic.MainClientExec - ex-00000007: executing GET /v1.32/containers/2cf8e5d7ba844076d71294986030cbcd17515276ac0ec48c60f0831841ff63cc/logs?stdout=true&stderr=true&follow=true&since=0 HTTP/1.1
23:55:02.440 [docker-java-stream--957540619] DEBUG com.github.dockerjava.zerodep.shaded.org.apache.hc.client5.http.impl.classic.InternalHttpClient - ep-00000006: start execution ex-00000007
23:55:02.440 [docker-java-stream--957540619] DEBUG com.github.dockerjava.zerodep.shaded.org.apache.hc.client5.http.impl.io.PoolingHttpClientConnectionManager - ep-00000006: executing exchange ex-00000007 over http-outgoing-0
23:55:02.441 [docker-java-stream--957540619] DEBUG com.github.dockerjava.zerodep.shaded.org.apache.hc.client5.http.headers - http-outgoing-0 >> GET /v1.32/containers/2cf8e5d7ba844076d71294986030cbcd17515276ac0ec48c60f0831841ff63cc/logs?stdout=true&stderr=true&follow=true&since=0 HTTP/1.1
23:55:02.441 [docker-java-stream--957540619] DEBUG com.github.dockerjava.zerodep.shaded.org.apache.hc.client5.http.headers - http-outgoing-0 >> x-tc-sid: 818a13d9-e138-4e41-b5a4-74fd927e6a2d
23:55:02.441 [docker-java-stream--957540619] DEBUG com.github.dockerjava.zerodep.shaded.org.apache.hc.client5.http.headers - http-outgoing-0 >> Accept-Encoding: gzip, x-gzip, deflate
23:55:02.441 [docker-java-stream--957540619] DEBUG com.github.dockerjava.zerodep.shaded.org.apache.hc.client5.http.headers - http-outgoing-0 >> Host: localhost:2375
23:55:02.441 [docker-java-stream--957540619] DEBUG com.github.dockerjava.zerodep.shaded.org.apache.hc.client5.http.headers - http-outgoing-0 >> Connection: keep-alive
23:55:02.441 [docker-java-stream--957540619] DEBUG com.github.dockerjava.zerodep.shaded.org.apache.hc.client5.http.headers - http-outgoing-0 >> User-Agent: Apache-HttpClient/5.0.3 (Java/17.0.2)
23:55:02.441 [docker-java-stream--957540619] DEBUG com.github.dockerjava.zerodep.shaded.org.apache.hc.client5.http.wire - http-outgoing-0 >> "GET /v1.32/containers/2cf8e5d7ba844076d71294986030cbcd17515276ac0ec48c60f0831841ff63cc/logs?stdout=true&stderr=true&follow=true&since=0 HTTP/1.1[\r][\n]"
23:55:02.441 [docker-java-stream--957540619] DEBUG com.github.dockerjava.zerodep.shaded.org.apache.hc.client5.http.wire - http-outgoing-0 >> "x-tc-sid: 818a13d9-e138-4e41-b5a4-74fd927e6a2d[\r][\n]"
23:55:02.441 [docker-java-stream--957540619] DEBUG com.github.dockerjava.zerodep.shaded.org.apache.hc.client5.http.wire - http-outgoing-0 >> "Accept-Encoding: gzip, x-gzip, deflate[\r][\n]"
23:55:02.441 [docker-java-stream--957540619] DEBUG com.github.dockerjava.zerodep.shaded.org.apache.hc.client5.http.wire - http-outgoing-0 >> "Host: localhost:2375[\r][\n]"
23:55:02.441 [docker-java-stream--957540619] DEBUG com.github.dockerjava.zerodep.shaded.org.apache.hc.client5.http.wire - http-outgoing-0 >> "Connection: keep-alive[\r][\n]"
23:55:02.441 [docker-java-stream--957540619] DEBUG com.github.dockerjava.zerodep.shaded.org.apache.hc.client5.http.wire - http-outgoing-0 >> "User-Agent: Apache-HttpClient/5.0.3 (Java/17.0.2)[\r][\n]"
23:55:02.441 [docker-java-stream--957540619] DEBUG com.github.dockerjava.zerodep.shaded.org.apache.hc.client5.http.wire - http-outgoing-0 >> "[\r][\n]"
23:55:02.443 [docker-java-stream--957540619] DEBUG com.github.dockerjava.zerodep.shaded.org.apache.hc.client5.http.wire - http-outgoing-0 << "HTTP/1.1 200 OK[\r][\n]"
23:55:02.444 [docker-java-stream--957540619] DEBUG com.github.dockerjava.zerodep.shaded.org.apache.hc.client5.http.wire - http-outgoing-0 << "Api-Version: 1.41[\r][\n]"
23:55:02.444 [docker-java-stream--957540619] DEBUG com.github.dockerjava.zerodep.shaded.org.apache.hc.client5.http.wire - http-outgoing-0 << "Date: Mon, 27 Mar 2023 02:55:02 GMT[\r][\n]"
23:55:02.444 [docker-java-stream--957540619] DEBUG com.github.dockerjava.zerodep.shaded.org.apache.hc.client5.http.wire - http-outgoing-0 << "Docker-Experimental: false[\r][\n]"
23:55:02.444 [docker-java-stream--957540619] DEBUG com.github.dockerjava.zerodep.shaded.org.apache.hc.client5.http.wire - http-outgoing-0 << "Ostype: linux[\r][\n]"
23:55:02.444 [docker-java-stream--957540619] DEBUG com.github.dockerjava.zerodep.shaded.org.apache.hc.client5.http.wire - http-outgoing-0 << "Server: Docker/20.10.21 (linux)[\r][\n]"
23:55:02.444 [docker-java-stream--957540619] DEBUG com.github.dockerjava.zerodep.shaded.org.apache.hc.client5.http.wire - http-outgoing-0 << "Transfer-Encoding: chunked[\r][\n]"
23:55:02.444 [docker-java-stream--957540619] DEBUG com.github.dockerjava.zerodep.shaded.org.apache.hc.client5.http.wire - http-outgoing-0 << "[\r][\n]"
23:55:02.444 [docker-java-stream--957540619] DEBUG com.github.dockerjava.zerodep.shaded.org.apache.hc.client5.http.headers - http-outgoing-0 << HTTP/1.1 200 OK
23:55:02.444 [docker-java-stream--957540619] DEBUG com.github.dockerjava.zerodep.shaded.org.apache.hc.client5.http.headers - http-outgoing-0 << Api-Version: 1.41
23:55:02.444 [docker-java-stream--957540619] DEBUG com.github.dockerjava.zerodep.shaded.org.apache.hc.client5.http.headers - http-outgoing-0 << Date: Mon, 27 Mar 2023 02:55:02 GMT
23:55:02.444 [docker-java-stream--957540619] DEBUG com.github.dockerjava.zerodep.shaded.org.apache.hc.client5.http.headers - http-outgoing-0 << Docker-Experimental: false
23:55:02.444 [docker-java-stream--957540619] DEBUG com.github.dockerjava.zerodep.shaded.org.apache.hc.client5.http.headers - http-outgoing-0 << Ostype: linux
23:55:02.444 [docker-java-stream--957540619] DEBUG com.github.dockerjava.zerodep.shaded.org.apache.hc.client5.http.headers - http-outgoing-0 << Server: Docker/20.10.21 (linux)
23:55:02.444 [docker-java-stream--957540619] DEBUG com.github.dockerjava.zerodep.shaded.org.apache.hc.client5.http.headers - http-outgoing-0 << Transfer-Encoding: chunked
23:55:02.444 [docker-java-stream--957540619] DEBUG com.github.dockerjava.zerodep.shaded.org.apache.hc.client5.http.impl.classic.MainClientExec - ex-00000007: connection can be kept alive for 3 MINUTES
23:55:02.452 [docker-java-stream--957540619] DEBUG com.github.dockerjava.zerodep.shaded.org.apache.hc.client5.http.wire - http-outgoing-0 << "c0[\r][\n]"
23:55:02.452 [docker-java-stream--957540619] DEBUG com.github.dockerjava.zerodep.shaded.org.apache.hc.client5.http.wire - http-outgoing-0 << "[0x2][0x0][0x0][0x0][0x0][0x0][0x0]&2023/03/27 02:55:02 Pinging Docker...[\n]"
23:55:02.452 [docker-java-stream--957540619] DEBUG com.github.dockerjava.zerodep.shaded.org.apache.hc.client5.http.wire - http-outgoing-0 << "[0x2][0x0][0x0][0x0][0x0][0x0][0x0]02023/03/27 02:55:02 Docker daemon is available![\n]"
23:55:02.452 [docker-java-stream--957540619] DEBUG com.github.dockerjava.zerodep.shaded.org.apache.hc.client5.http.wire - http-outgoing-0 << "[0x2][0x0][0x0][0x0][0x0][0x0][0x0]-2023/03/27 02:55:02 Starting on port 8080...[\n]"
23:55:02.453 [docker-java-stream--957540619] DEBUG com.github.dockerjava.zerodep.shaded.org.apache.hc.client5.http.wire - http-outgoing-0 << "[0x2][0x0][0x0][0x0][0x0][0x0][0x0][0x1d]2023/03/27 02:55:02 Started![\n]"
23:55:02.453 [docker-java-stream--957540619] DEBUG com.github.dockerjava.zerodep.shaded.org.apache.hc.client5.http.wire - http-outgoing-0 << "[\r][\n]"
23:55:02.459 [Test worker] DEBUG org.testcontainers.containers.output.WaitingConsumer - STDERR: 2023/03/27 02:55:02 Started!
23:55:02.460 [Test worker] DEBUG com.github.dockerjava.zerodep.shaded.org.apache.hc.client5.http.impl.classic.InternalHttpClient - ep-00000006: cancel
23:55:02.461 [Test worker] DEBUG com.github.dockerjava.zerodep.shaded.org.apache.hc.client5.http.impl.io.DefaultManagedHttpClientConnection - http-outgoing-0: close connection IMMEDIATE
23:55:02.461 [docker-java-stream--957540619] DEBUG com.github.dockerjava.zerodep.shaded.org.apache.hc.client5.http.wire - http-outgoing-0 << "[read] I/O error: null"
23:55:02.461 [docker-java-stream--957540619] DEBUG com.github.dockerjava.zerodep.shaded.org.apache.hc.client5.http.wire - http-outgoing-0 << "[read] I/O error: null"
23:55:02.461 [Test worker] DEBUG com.github.dockerjava.zerodep.shaded.org.apache.hc.client5.http.impl.classic.InternalHttpClient - ep-00000006: endpoint closed
23:55:02.461 [Test worker] DEBUG com.github.dockerjava.zerodep.shaded.org.apache.hc.client5.http.impl.classic.InternalHttpClient - ep-00000006: discarding endpoint
23:55:02.461 [Test worker] DEBUG com.github.dockerjava.zerodep.shaded.org.apache.hc.client5.http.impl.io.PoolingHttpClientConnectionManager - ep-00000006: releasing endpoint
23:55:02.461 [Test worker] DEBUG com.github.dockerjava.zerodep.shaded.org.apache.hc.client5.http.impl.io.PoolingHttpClientConnectionManager - ep-00000006: connection is not kept alive
23:55:02.462 [Test worker] DEBUG com.github.dockerjava.zerodep.shaded.org.apache.hc.client5.http.impl.io.PoolingHttpClientConnectionManager - ep-00000006: connection released [route: {}->unix://localhost:2375][total available: 0; route allocated: 0 of 2147483647; total allocated: 0 of 2147483647]
23:55:02.462 [Test worker] INFO ]]>&#x1f433;<![CDATA[ [testcontainers/ryuk:0.3.4] - Container testcontainers/ryuk:0.3.4 started in PT1.465527S
23:55:02.464 [docker-java-stream--957540619] DEBUG com.github.dockerjava.zerodep.ApacheDockerHttpClientImpl$ApacheResponse - Failed to close the response
java.nio.channels.ClosedChannelException: null
	at java.base/sun.nio.ch.SocketChannelImpl.ensureOpenAndConnected(SocketChannelImpl.java:215)
	at java.base/sun.nio.ch.SocketChannelImpl.read(SocketChannelImpl.java:403)
	at java.base/sun.nio.ch.ChannelInputStream.read(ChannelInputStream.java:59)
	at java.base/sun.nio.ch.ChannelInputStream.read(ChannelInputStream.java:107)
	at java.base/sun.nio.ch.ChannelInputStream.read(ChannelInputStream.java:101)
	at com.github.dockerjava.zerodep.shaded.org.apache.hc.client5.http.impl.io.LoggingInputStream.read(LoggingInputStream.java:81)
	at com.github.dockerjava.zerodep.shaded.org.apache.hc.core5.http.impl.io.SessionInputBufferImpl.fillBuffer(SessionInputBufferImpl.java:149)
	at com.github.dockerjava.zerodep.shaded.org.apache.hc.core5.http.impl.io.SessionInputBufferImpl.readLine(SessionInputBufferImpl.java:280)
	at com.github.dockerjava.zerodep.shaded.org.apache.hc.core5.http.impl.io.ChunkedInputStream.getChunkSize(ChunkedInputStream.java:261)
	at com.github.dockerjava.zerodep.shaded.org.apache.hc.core5.http.impl.io.ChunkedInputStream.nextChunk(ChunkedInputStream.java:222)
	at com.github.dockerjava.zerodep.shaded.org.apache.hc.core5.http.impl.io.ChunkedInputStream.read(ChunkedInputStream.java:147)
	at com.github.dockerjava.zerodep.shaded.org.apache.hc.core5.http.impl.io.ChunkedInputStream.close(ChunkedInputStream.java:314)
	at com.github.dockerjava.zerodep.shaded.org.apache.hc.core5.io.Closer.close(Closer.java:48)
	at com.github.dockerjava.zerodep.shaded.org.apache.hc.core5.http.impl.io.IncomingHttpEntity.close(IncomingHttpEntity.java:111)
	at com.github.dockerjava.zerodep.shaded.org.apache.hc.core5.http.io.entity.HttpEntityWrapper.close(HttpEntityWrapper.java:120)
	at com.github.dockerjava.zerodep.shaded.org.apache.hc.core5.io.Closer.close(Closer.java:48)
	at com.github.dockerjava.zerodep.shaded.org.apache.hc.core5.http.message.BasicClassicHttpResponse.close(BasicClassicHttpResponse.java:93)
	at com.github.dockerjava.zerodep.shaded.org.apache.hc.client5.http.impl.classic.CloseableHttpResponse.close(CloseableHttpResponse.java:200)
	at com.github.dockerjava.zerodep.ApacheDockerHttpClientImpl$ApacheResponse.close(ApacheDockerHttpClientImpl.java:256)
	at org.testcontainers.shaded.com.github.dockerjava.core.DefaultInvocationBuilder.lambda$executeAndStream$1(DefaultInvocationBuilder.java:277)
	at java.base/java.lang.Thread.run(Thread.java:833)
23:55:02.468 [testcontainers-ryuk] DEBUG org.testcontainers.utility.ResourceReaper - Sending 'label=org.testcontainers%3Dtrue&label=org.testcontainers.lang%3Djava&label=org.testcontainers.version%3D1.17.6&label=org.testcontainers.sessionId%3D818a13d9-e138-4e41-b5a4-74fd927e6a2d' to Ryuk
23:55:02.479 [testcontainers-ryuk] DEBUG org.testcontainers.utility.RyukResourceReaper - Received 'ACK' from Ryuk
23:55:02.479 [Test worker] INFO org.testcontainers.utility.RyukResourceReaper - Ryuk started - will monitor and terminate Testcontainers containers on JVM exit
23:55:02.479 [Test worker] DEBUG org.testcontainers.DockerClientFactory - Checks are enabled
23:55:02.479 [Test worker] INFO org.testcontainers.DockerClientFactory - Checking the system...
23:55:02.480 [Test worker] INFO org.testcontainers.DockerClientFactory - ✔︎ Docker server version should be at least 1.6.0
23:55:02.483 [Test worker] DEBUG org.testcontainers.utility.PrefixingImageNameSubstitutor - No prefix is configured
23:55:02.483 [Test worker] DEBUG org.testcontainers.utility.ImageNameSubstitutor - Did not find a substitute image for mysql:latest (using image substitutor: DefaultImageNameSubstitutor (composite of 'ConfigurationFileImageNameSubstitutor' and 'PrefixingImageNameSubstitutor'))
23:55:02.483 [Test worker] DEBUG org.testcontainers.images.AbstractImagePullPolicy - Using locally available and not pulling image: mysql:latest
23:55:02.483 [Test worker] DEBUG ]]>&#x1f433;<![CDATA[ [mysql:latest] - Starting container: mysql:latest
23:55:02.483 [Test worker] DEBUG ]]>&#x1f433;<![CDATA[ [mysql:latest] - Trying to start container: mysql:latest (attempt 1/3)
23:55:02.483 [Test worker] DEBUG ]]>&#x1f433;<![CDATA[ [mysql:latest] - Starting container: mysql:latest
23:55:02.483 [Test worker] INFO ]]>&#x1f433;<![CDATA[ [mysql:latest] - Creating container for image: mysql:latest
23:55:02.483 [Test worker] DEBUG org.testcontainers.utility.RegistryAuthLocator - Looking up auth config for image: mysql:latest at registry: https://index.docker.io/v1/
23:55:02.484 [Test worker] DEBUG org.testcontainers.utility.RegistryAuthLocator - Cached auth found: [AuthConfig{username=raderleao, password=hidden non-blank value, auth=blank, email=null, registryAddress=https://index.docker.io/v1/, registryToken=blank}]
23:55:02.484 [Test worker] DEBUG org.testcontainers.dockerclient.AuthDelegatingDockerClientConfig - Effective auth config [AuthConfig{username=raderleao, password=hidden non-blank value, auth=blank, email=null, registryAddress=https://index.docker.io/v1/, registryToken=blank}]
23:55:02.484 [Test worker] DEBUG org.testcontainers.shaded.com.github.dockerjava.core.command.AbstrDockerCmd - Cmd: org.testcontainers.shaded.com.github.dockerjava.core.command.CreateContainerCmdImpl@2b8bd798[aliases=<null>,argsEscaped=<null>,attachStderr=<null>,attachStdin=<null>,attachStdout=<null>,authConfig=AuthConfig(username=raderleao, email=null, registryAddress=https://index.docker.io/v1/, stackOrchestrator=null),cmd={},domainName=<null>,entrypoint=<null>,env={MYSQL_DATABASE=adm_videos,MYSQL_PASSWORD=123456,MYSQL_ROOT_PASSWORD=123456},exposedPorts=ExposedPorts(exposedPorts=[3306/tcp]),healthcheck=<null>,hostConfig=HostConfig(binds=[], blkioWeight=null, blkioWeightDevice=null, blkioDeviceReadBps=null, blkioDeviceWriteBps=null, blkioDeviceReadIOps=null, blkioDeviceWriteIOps=null, memorySwappiness=null, nanoCPUs=null, capAdd=null, capDrop=null, containerIDFile=null, cpuPeriod=null, cpuRealtimePeriod=null, cpuRealtimeRuntime=null, cpuShares=null, cpuQuota=null, cpusetCpus=null, cpusetMems=null, devices=null, deviceCgroupRules=null, deviceRequests=null, diskQuota=null, dns=null, dnsOptions=null, dnsSearch=null, extraHosts=[], groupAdd=null, ipcMode=null, cgroup=null, links=[], logConfig=LogConfig(type=null, config=null), lxcConf=null, memory=null, memorySwap=null, memoryReservation=null, kernelMemory=null, networkMode=null, oomKillDisable=null, init=null, autoRemove=null, oomScoreAdj=null, portBindings={3306/tcp=[Lcom.github.dockerjava.api.model.Ports$Binding;@3e7c4815}, privileged=null, publishAllPorts=null, readonlyRootfs=null, restartPolicy=null, ulimits=null, cpuCount=null, cpuPercent=null, ioMaximumIOps=null, ioMaximumBandwidth=null, volumesFrom=[], mounts=null, pidMode=null, isolation=null, securityOpts=null, storageOpt=null, cgroupParent=null, volumeDriver=null, shmSize=null, pidsLimit=null, runtime=null, tmpFs=null, utSMode=null, usernsMode=null, sysctls=null, consoleSize=null, cgroupnsMode=null),hostName=<null>,image=mysql:latest,ipv4Address=<null>,ipv6Address=<null>,labels={org.testcontainers=true, org.testcontainers.lang=java, org.testcontainers.version=1.17.6, org.testcontainers.sessionId=818a13d9-e138-4e41-b5a4-74fd927e6a2d},macAddress=<null>,name=<null>,networkDisabled=<null>,networkingConfig=<null>,onBuild=<null>,platform=<null>,portSpecs=<null>,shell=<null>,stdInOnce=<null>,stdinOpen=<null>,stopSignal=<null>,stopTimeout=<null>,tty=<null>,user=<null>,volumes=Volumes(volumes=[]),workingDir=<null>]
23:55:02.486 [Test worker] DEBUG com.github.dockerjava.zerodep.shaded.org.apache.hc.client5.http.impl.classic.InternalHttpClient - ex-00000008: preparing request execution
23:55:02.486 [Test worker] DEBUG com.github.dockerjava.zerodep.shaded.org.apache.hc.client5.http.protocol.RequestAddCookies - Cookie spec selected: strict
23:55:02.487 [Test worker] DEBUG com.github.dockerjava.zerodep.shaded.org.apache.hc.client5.http.protocol.RequestAuthCache - Auth cache not set in the context
23:55:02.487 [Test worker] DEBUG com.github.dockerjava.zerodep.shaded.org.apache.hc.client5.http.impl.classic.ProtocolExec - ex-00000008: target auth state: UNCHALLENGED
23:55:02.487 [Test worker] DEBUG com.github.dockerjava.zerodep.shaded.org.apache.hc.client5.http.impl.classic.ProtocolExec - ex-00000008: proxy auth state: UNCHALLENGED
23:55:02.487 [Test worker] DEBUG com.github.dockerjava.zerodep.shaded.org.apache.hc.client5.http.impl.classic.ConnectExec - ex-00000008: acquiring connection with route {}->unix://localhost:2375
23:55:02.487 [Test worker] DEBUG com.github.dockerjava.zerodep.shaded.org.apache.hc.client5.http.impl.classic.InternalHttpClient - ex-00000008: acquiring endpoint (3 MINUTES)
23:55:02.487 [Test worker] DEBUG com.github.dockerjava.zerodep.shaded.org.apache.hc.client5.http.impl.io.PoolingHttpClientConnectionManager - ex-00000008: endpoint lease request (3 MINUTES) [route: {}->unix://localhost:2375][total available: 0; route allocated: 0 of 2147483647; total allocated: 0 of 2147483647]
23:55:02.487 [Test worker] DEBUG com.github.dockerjava.zerodep.shaded.org.apache.hc.client5.http.impl.io.PoolingHttpClientConnectionManager - ex-00000008: endpoint leased [route: {}->unix://localhost:2375][total available: 0; route allocated: 1 of 2147483647; total allocated: 1 of 2147483647]
23:55:02.487 [Test worker] DEBUG com.github.dockerjava.zerodep.shaded.org.apache.hc.client5.http.impl.io.PoolingHttpClientConnectionManager - ex-00000008: acquired ep-00000007
23:55:02.487 [Test worker] DEBUG com.github.dockerjava.zerodep.shaded.org.apache.hc.client5.http.impl.classic.InternalHttpClient - ex-00000008: acquired endpoint ep-00000007
23:55:02.487 [Test worker] DEBUG com.github.dockerjava.zerodep.shaded.org.apache.hc.client5.http.impl.classic.ConnectExec - ex-00000008: opening connection {}->unix://localhost:2375
23:55:02.487 [Test worker] DEBUG com.github.dockerjava.zerodep.shaded.org.apache.hc.client5.http.impl.classic.InternalHttpClient - ep-00000007: connecting endpoint (3 MINUTES)
23:55:02.487 [Test worker] DEBUG com.github.dockerjava.zerodep.shaded.org.apache.hc.client5.http.impl.io.PoolingHttpClientConnectionManager - ep-00000007: connecting endpoint to unix://localhost:2375 (3 MINUTES)
23:55:02.487 [Test worker] DEBUG com.github.dockerjava.zerodep.shaded.org.apache.hc.client5.http.impl.io.DefaultHttpClientConnectionOperator - http-outgoing-1: connecting to localhost/127.0.0.1:2375
23:55:02.488 [Test worker] DEBUG com.github.dockerjava.zerodep.shaded.org.apache.hc.client5.http.impl.io.DefaultHttpClientConnectionOperator - http-outgoing-1: connection established /var/run/docker.sock<->/var/run/docker.sock
23:55:02.488 [Test worker] DEBUG com.github.dockerjava.zerodep.shaded.org.apache.hc.client5.http.impl.io.PoolingHttpClientConnectionManager - ep-00000007: connected http-outgoing-1
23:55:02.488 [Test worker] DEBUG com.github.dockerjava.zerodep.shaded.org.apache.hc.client5.http.impl.classic.InternalHttpClient - ep-00000007: endpoint connected
23:55:02.488 [Test worker] DEBUG com.github.dockerjava.zerodep.shaded.org.apache.hc.client5.http.impl.classic.MainClientExec - ex-00000008: executing POST /v1.32/containers/create HTTP/1.1
23:55:02.488 [Test worker] DEBUG com.github.dockerjava.zerodep.shaded.org.apache.hc.client5.http.impl.classic.InternalHttpClient - ep-00000007: start execution ex-00000008
23:55:02.488 [Test worker] DEBUG com.github.dockerjava.zerodep.shaded.org.apache.hc.client5.http.impl.io.PoolingHttpClientConnectionManager - ep-00000007: executing exchange ex-00000008 over http-outgoing-1
23:55:02.488 [Test worker] DEBUG com.github.dockerjava.zerodep.shaded.org.apache.hc.client5.http.headers - http-outgoing-1 >> POST /v1.32/containers/create HTTP/1.1
23:55:02.488 [Test worker] DEBUG com.github.dockerjava.zerodep.shaded.org.apache.hc.client5.http.headers - http-outgoing-1 >> X-Registry-Auth: eyJ1c2VybmFtZSI6InJhZGVybGVhbyIsInBhc3N3b3JkIjoib2ltYzYwNjBAIiwiZW1haWwiOm51bGwsInNlcnZlcmFkZHJlc3MiOiJodHRwczovL2luZGV4LmRvY2tlci5pby92MS8iLCJhdXRoIjpudWxsLCJyZWdpc3RyeXRva2VuIjpudWxsLCJpZGVudGl0eXRva2VuIjpudWxsLCJzdGFja09yY2hlc3RyYXRvciI6bnVsbH0=
23:55:02.488 [Test worker] DEBUG com.github.dockerjava.zerodep.shaded.org.apache.hc.client5.http.headers - http-outgoing-1 >> accept: application/json
23:55:02.488 [Test worker] DEBUG com.github.dockerjava.zerodep.shaded.org.apache.hc.client5.http.headers - http-outgoing-1 >> content-type: application/json
23:55:02.488 [Test worker] DEBUG com.github.dockerjava.zerodep.shaded.org.apache.hc.client5.http.headers - http-outgoing-1 >> x-tc-sid: 818a13d9-e138-4e41-b5a4-74fd927e6a2d
23:55:02.488 [Test worker] DEBUG com.github.dockerjava.zerodep.shaded.org.apache.hc.client5.http.headers - http-outgoing-1 >> Accept-Encoding: gzip, x-gzip, deflate
23:55:02.488 [Test worker] DEBUG com.github.dockerjava.zerodep.shaded.org.apache.hc.client5.http.headers - http-outgoing-1 >> Content-Length: 2045
23:55:02.488 [Test worker] DEBUG com.github.dockerjava.zerodep.shaded.org.apache.hc.client5.http.headers - http-outgoing-1 >> Host: localhost:2375
23:55:02.488 [Test worker] DEBUG com.github.dockerjava.zerodep.shaded.org.apache.hc.client5.http.headers - http-outgoing-1 >> Connection: keep-alive
23:55:02.488 [Test worker] DEBUG com.github.dockerjava.zerodep.shaded.org.apache.hc.client5.http.headers - http-outgoing-1 >> User-Agent: Apache-HttpClient/5.0.3 (Java/17.0.2)
23:55:02.488 [Test worker] DEBUG com.github.dockerjava.zerodep.shaded.org.apache.hc.client5.http.wire - http-outgoing-1 >> "POST /v1.32/containers/create HTTP/1.1[\r][\n]"
23:55:02.488 [Test worker] DEBUG com.github.dockerjava.zerodep.shaded.org.apache.hc.client5.http.wire - http-outgoing-1 >> "X-Registry-Auth: eyJ1c2VybmFtZSI6InJhZGVybGVhbyIsInBhc3N3b3JkIjoib2ltYzYwNjBAIiwiZW1haWwiOm51bGwsInNlcnZlcmFkZHJlc3MiOiJodHRwczovL2luZGV4LmRvY2tlci5pby92MS8iLCJhdXRoIjpudWxsLCJyZWdpc3RyeXRva2VuIjpudWxsLCJpZGVudGl0eXRva2VuIjpudWxsLCJzdGFja09yY2hlc3RyYXRvciI6bnVsbH0=[\r][\n]"
23:55:02.488 [Test worker] DEBUG com.github.dockerjava.zerodep.shaded.org.apache.hc.client5.http.wire - http-outgoing-1 >> "accept: application/json[\r][\n]"
23:55:02.488 [Test worker] DEBUG com.github.dockerjava.zerodep.shaded.org.apache.hc.client5.http.wire - http-outgoing-1 >> "content-type: application/json[\r][\n]"
23:55:02.488 [Test worker] DEBUG com.github.dockerjava.zerodep.shaded.org.apache.hc.client5.http.wire - http-outgoing-1 >> "x-tc-sid: 818a13d9-e138-4e41-b5a4-74fd927e6a2d[\r][\n]"
23:55:02.488 [Test worker] DEBUG com.github.dockerjava.zerodep.shaded.org.apache.hc.client5.http.wire - http-outgoing-1 >> "Accept-Encoding: gzip, x-gzip, deflate[\r][\n]"
23:55:02.488 [Test worker] DEBUG com.github.dockerjava.zerodep.shaded.org.apache.hc.client5.http.wire - http-outgoing-1 >> "Content-Length: 2045[\r][\n]"
23:55:02.488 [Test worker] DEBUG com.github.dockerjava.zerodep.shaded.org.apache.hc.client5.http.wire - http-outgoing-1 >> "Host: localhost:2375[\r][\n]"
23:55:02.488 [Test worker] DEBUG com.github.dockerjava.zerodep.shaded.org.apache.hc.client5.http.wire - http-outgoing-1 >> "Connection: keep-alive[\r][\n]"
23:55:02.488 [Test worker] DEBUG com.github.dockerjava.zerodep.shaded.org.apache.hc.client5.http.wire - http-outgoing-1 >> "User-Agent: Apache-HttpClient/5.0.3 (Java/17.0.2)[\r][\n]"
23:55:02.488 [Test worker] DEBUG com.github.dockerjava.zerodep.shaded.org.apache.hc.client5.http.wire - http-outgoing-1 >> "[\r][\n]"
23:55:02.489 [Test worker] DEBUG com.github.dockerjava.zerodep.shaded.org.apache.hc.client5.http.wire - http-outgoing-1 >> "{"Hostname":null,"Domainname":null,"User":null,"AttachStdin":null,"AttachStdout":null,"AttachStderr":null,"PortSpecs":null,"Tty":null,"OpenStdin":null,"StdinOnce":null,"Env":["MYSQL_DATABASE=adm_videos","MYSQL_PASSWORD=123456","MYSQL_ROOT_PASSWORD=123456"],"Cmd":[],"Healthcheck":null,"ArgsEscaped":null,"Entrypoint":null,"Image":"mysql:latest","Volumes":{},"WorkingDir":null,"MacAddress":null,"OnBuild":null,"NetworkDisabled":null,"ExposedPorts":{"3306/tcp":{}},"StopSignal":null,"StopTimeout":null,"HostConfig":{"Binds":[],"BlkioWeight":null,"BlkioWeightDevice":null,"BlkioDeviceReadBps":null,"BlkioDeviceWriteBps":null,"BlkioDeviceReadIOps":null,"BlkioDeviceWriteIOps":null,"MemorySwappiness":null,"NanoCpus":null,"CapAdd":null,"CapDrop":null,"ContainerIDFile":null,"CpuPeriod":null,"CpuRealtimePeriod":null,"CpuRealtimeRuntime":null,"CpuShares":null,"CpuQuota":null,"CpusetCpus":null,"CpusetMems":null,"Devices":null,"DeviceCgroupRules":null,"DeviceRequests":null,"DiskQuota":null,"Dns":null,"DnsOptions":null,"DnsSearch":null,"ExtraHosts":[],"GroupAdd":null,"IpcMode":null,"Cgroup":null,"Links":[],"LogConfig":null,"LxcConf":null,"Memory":null,"MemorySwap":null,"MemoryReservation":null,"KernelMemory":null,"NetworkMode":null,"OomKillDisable":null,"Init":null,"AutoRemove":null,"OomScoreAdj":null,"PortBindings":{"3306/tcp":[{"HostIp":"","HostPort":""}]},"Privileged":null,"PublishAllPorts":null,"ReadonlyRootfs":null,"RestartPolicy":null,"Ulimits":null,"CpuCount":null,"CpuPercent":null,"IOMaximumIOps":null,"IOMaximumBandwidth":null,"VolumesFrom":[],"Mounts":null,"PidMode":null,"Isolation":null,"SecurityOpt":null,"StorageOpt":null,"CgroupParent":null,"VolumeDriver":null,"ShmSize":null,"PidsLimit":null,"Runtime":null,"Tmpfs":null,"UTSMode":null,"UsernsMode":null,"Sysctls":null,"ConsoleSize":null,"CgroupnsMode":null},"Labels":{"org.testcontainers":"true","org.testcontainers.lang":"java","org.testcontainers.version":"1.17.6","org.testcontainers.sessionId":"818a13d9-e138-4e41-b5a4-74fd927e6a2d"},"Shell":null,"NetworkingConfig":null}"
23:55:02.524 [Test worker] DEBUG com.github.dockerjava.zerodep.shaded.org.apache.hc.client5.http.wire - http-outgoing-1 << "HTTP/1.1 201 Created[\r][\n]"
23:55:02.524 [Test worker] DEBUG com.github.dockerjava.zerodep.shaded.org.apache.hc.client5.http.wire - http-outgoing-1 << "Api-Version: 1.41[\r][\n]"
23:55:02.524 [Test worker] DEBUG com.github.dockerjava.zerodep.shaded.org.apache.hc.client5.http.wire - http-outgoing-1 << "Content-Type: application/json[\r][\n]"
23:55:02.524 [Test worker] DEBUG com.github.dockerjava.zerodep.shaded.org.apache.hc.client5.http.wire - http-outgoing-1 << "Date: Mon, 27 Mar 2023 02:55:02 GMT[\r][\n]"
23:55:02.524 [Test worker] DEBUG com.github.dockerjava.zerodep.shaded.org.apache.hc.client5.http.wire - http-outgoing-1 << "Docker-Experimental: false[\r][\n]"
23:55:02.524 [Test worker] DEBUG com.github.dockerjava.zerodep.shaded.org.apache.hc.client5.http.wire - http-outgoing-1 << "Ostype: linux[\r][\n]"
23:55:02.524 [Test worker] DEBUG com.github.dockerjava.zerodep.shaded.org.apache.hc.client5.http.wire - http-outgoing-1 << "Server: Docker/20.10.21 (linux)[\r][\n]"
23:55:02.524 [Test worker] DEBUG com.github.dockerjava.zerodep.shaded.org.apache.hc.client5.http.wire - http-outgoing-1 << "Transfer-Encoding: chunked[\r][\n]"
23:55:02.524 [Test worker] DEBUG com.github.dockerjava.zerodep.shaded.org.apache.hc.client5.http.wire - http-outgoing-1 << "[\r][\n]"
23:55:02.524 [Test worker] DEBUG com.github.dockerjava.zerodep.shaded.org.apache.hc.client5.http.wire - http-outgoing-1 << "58[\r][\n]"
23:55:02.524 [Test worker] DEBUG com.github.dockerjava.zerodep.shaded.org.apache.hc.client5.http.wire - http-outgoing-1 << "{"Id":"c37a42694b7d1cff581f5e7b89a60b044af4721181408c271e821f1413201ca6","Warnings":[]}[\n]"
23:55:02.524 [Test worker] DEBUG com.github.dockerjava.zerodep.shaded.org.apache.hc.client5.http.wire - http-outgoing-1 << "[\r][\n]"
23:55:02.524 [Test worker] DEBUG com.github.dockerjava.zerodep.shaded.org.apache.hc.client5.http.headers - http-outgoing-1 << HTTP/1.1 201 Created
23:55:02.525 [Test worker] DEBUG com.github.dockerjava.zerodep.shaded.org.apache.hc.client5.http.headers - http-outgoing-1 << Api-Version: 1.41
23:55:02.525 [Test worker] DEBUG com.github.dockerjava.zerodep.shaded.org.apache.hc.client5.http.headers - http-outgoing-1 << Content-Type: application/json
23:55:02.525 [Test worker] DEBUG com.github.dockerjava.zerodep.shaded.org.apache.hc.client5.http.headers - http-outgoing-1 << Date: Mon, 27 Mar 2023 02:55:02 GMT
23:55:02.525 [Test worker] DEBUG com.github.dockerjava.zerodep.shaded.org.apache.hc.client5.http.headers - http-outgoing-1 << Docker-Experimental: false
23:55:02.525 [Test worker] DEBUG com.github.dockerjava.zerodep.shaded.org.apache.hc.client5.http.headers - http-outgoing-1 << Ostype: linux
23:55:02.525 [Test worker] DEBUG com.github.dockerjava.zerodep.shaded.org.apache.hc.client5.http.headers - http-outgoing-1 << Server: Docker/20.10.21 (linux)
23:55:02.525 [Test worker] DEBUG com.github.dockerjava.zerodep.shaded.org.apache.hc.client5.http.headers - http-outgoing-1 << Transfer-Encoding: chunked
23:55:02.525 [Test worker] DEBUG com.github.dockerjava.zerodep.shaded.org.apache.hc.client5.http.impl.classic.MainClientExec - ex-00000008: connection can be kept alive for 3 MINUTES
23:55:02.526 [Test worker] DEBUG com.github.dockerjava.zerodep.shaded.org.apache.hc.client5.http.wire - http-outgoing-1 << "0[\r][\n]"
23:55:02.526 [Test worker] DEBUG com.github.dockerjava.zerodep.shaded.org.apache.hc.client5.http.wire - http-outgoing-1 << "[\r][\n]"
23:55:02.526 [Test worker] DEBUG com.github.dockerjava.zerodep.shaded.org.apache.hc.client5.http.impl.classic.InternalHttpClient - ep-00000007: releasing valid endpoint
23:55:02.526 [Test worker] DEBUG com.github.dockerjava.zerodep.shaded.org.apache.hc.client5.http.impl.io.PoolingHttpClientConnectionManager - ep-00000007: releasing endpoint
23:55:02.526 [Test worker] DEBUG com.github.dockerjava.zerodep.shaded.org.apache.hc.client5.http.impl.io.PoolingHttpClientConnectionManager - ep-00000007: connection http-outgoing-1 can be kept alive for 3 MINUTES
23:55:02.526 [Test worker] DEBUG com.github.dockerjava.zerodep.shaded.org.apache.hc.client5.http.impl.io.PoolingHttpClientConnectionManager - ep-00000007: connection released [route: {}->unix://localhost:2375][total available: 1; route allocated: 1 of 2147483647; total allocated: 1 of 2147483647]
23:55:02.529 [Test worker] DEBUG org.testcontainers.utility.MountableFile - Copying classpath resource(s) from jar:file:/Users/raderleao/.gradle/caches/modules-2/files-2.1/org.testcontainers/mysql/1.17.6/2a7c95202abd34a2688e4030eab97a41e615ea79/mysql-1.17.6.jar!/mysql-default-conf to /tmp/.testcontainers-tmp-10252273920667183890 to permit Docker to bind
23:55:02.529 [Test worker] DEBUG org.testcontainers.utility.MountableFile - Copying resource mysql-default-conf from JAR file /Users/raderleao/.gradle/caches/modules-2/files-2.1/org.testcontainers/mysql/1.17.6/2a7c95202abd34a2688e4030eab97a41e615ea79/mysql-1.17.6.jar
23:55:02.529 [Test worker] DEBUG org.testcontainers.utility.MountableFile - Copying classpath resource(s) from jar:file:/Users/raderleao/.gradle/caches/modules-2/files-2.1/org.testcontainers/mysql/1.17.6/2a7c95202abd34a2688e4030eab97a41e615ea79/mysql-1.17.6.jar!/mysql-default-conf to /tmp/.testcontainers-tmp-10252273920667183890 to permit Docker to bind
23:55:02.529 [Test worker] DEBUG org.testcontainers.utility.MountableFile - Copying resource mysql-default-conf from JAR file /Users/raderleao/.gradle/caches/modules-2/files-2.1/org.testcontainers/mysql/1.17.6/2a7c95202abd34a2688e4030eab97a41e615ea79/mysql-1.17.6.jar
23:55:02.544 [Test worker] DEBUG org.testcontainers.shaded.com.github.dockerjava.core.command.AbstrDockerCmd - Cmd: org.testcontainers.shaded.com.github.dockerjava.core.command.CopyArchiveToContainerCmdImpl@1d5d5621[cp ,<null>, ,c37a42694b7d1cff581f5e7b89a60b044af4721181408c271e821f1413201ca6,:,/]
23:55:02.545 [Test worker] DEBUG com.github.dockerjava.zerodep.shaded.org.apache.hc.client5.http.impl.classic.InternalHttpClient - ex-00000009: preparing request execution
23:55:02.545 [Test worker] DEBUG com.github.dockerjava.zerodep.shaded.org.apache.hc.client5.http.protocol.RequestAddCookies - Cookie spec selected: strict
23:55:02.546 [Test worker] DEBUG com.github.dockerjava.zerodep.shaded.org.apache.hc.client5.http.protocol.RequestAuthCache - Auth cache not set in the context
23:55:02.546 [Test worker] DEBUG com.github.dockerjava.zerodep.shaded.org.apache.hc.client5.http.impl.classic.ProtocolExec - ex-00000009: target auth state: UNCHALLENGED
23:55:02.546 [Test worker] DEBUG com.github.dockerjava.zerodep.shaded.org.apache.hc.client5.http.impl.classic.ProtocolExec - ex-00000009: proxy auth state: UNCHALLENGED
23:55:02.546 [Test worker] DEBUG com.github.dockerjava.zerodep.shaded.org.apache.hc.client5.http.impl.classic.ConnectExec - ex-00000009: acquiring connection with route {}->unix://localhost:2375
23:55:02.546 [Test worker] DEBUG com.github.dockerjava.zerodep.shaded.org.apache.hc.client5.http.impl.classic.InternalHttpClient - ex-00000009: acquiring endpoint (3 MINUTES)
23:55:02.546 [Test worker] DEBUG com.github.dockerjava.zerodep.shaded.org.apache.hc.client5.http.impl.io.PoolingHttpClientConnectionManager - ex-00000009: endpoint lease request (3 MINUTES) [route: {}->unix://localhost:2375][total available: 1; route allocated: 1 of 2147483647; total allocated: 1 of 2147483647]
23:55:02.546 [Test worker] DEBUG com.github.dockerjava.zerodep.shaded.org.apache.hc.client5.http.impl.io.PoolingHttpClientConnectionManager - ex-00000009: endpoint leased [route: {}->unix://localhost:2375][total available: 0; route allocated: 1 of 2147483647; total allocated: 1 of 2147483647]
23:55:02.547 [Test worker] DEBUG com.github.dockerjava.zerodep.shaded.org.apache.hc.client5.http.impl.io.PoolingHttpClientConnectionManager - ex-00000009: acquired ep-00000008
23:55:02.547 [Test worker] DEBUG com.github.dockerjava.zerodep.shaded.org.apache.hc.client5.http.impl.classic.InternalHttpClient - ex-00000009: acquired endpoint ep-00000008
23:55:02.547 [Test worker] DEBUG com.github.dockerjava.zerodep.shaded.org.apache.hc.client5.http.impl.classic.MainClientExec - ex-00000009: executing PUT /v1.32/containers/c37a42694b7d1cff581f5e7b89a60b044af4721181408c271e821f1413201ca6/archive?noOverwriteDirNonDir=false&path=%2F HTTP/1.1
23:55:02.547 [Test worker] DEBUG com.github.dockerjava.zerodep.shaded.org.apache.hc.client5.http.impl.classic.InternalHttpClient - ep-00000008: start execution ex-00000009
23:55:02.547 [Test worker] DEBUG com.github.dockerjava.zerodep.shaded.org.apache.hc.client5.http.impl.io.PoolingHttpClientConnectionManager - ep-00000008: executing exchange ex-00000009 over http-outgoing-1
23:55:02.547 [Test worker] DEBUG com.github.dockerjava.zerodep.shaded.org.apache.hc.client5.http.headers - http-outgoing-1 >> PUT /v1.32/containers/c37a42694b7d1cff581f5e7b89a60b044af4721181408c271e821f1413201ca6/archive?noOverwriteDirNonDir=false&path=%2F HTTP/1.1
23:55:02.547 [Test worker] DEBUG com.github.dockerjava.zerodep.shaded.org.apache.hc.client5.http.headers - http-outgoing-1 >> content-type: APPLICATION_X_TAR
23:55:02.547 [Test worker] DEBUG com.github.dockerjava.zerodep.shaded.org.apache.hc.client5.http.headers - http-outgoing-1 >> x-tc-sid: 818a13d9-e138-4e41-b5a4-74fd927e6a2d
23:55:02.547 [Test worker] DEBUG com.github.dockerjava.zerodep.shaded.org.apache.hc.client5.http.headers - http-outgoing-1 >> Accept-Encoding: gzip, x-gzip, deflate
23:55:02.548 [Test worker] DEBUG com.github.dockerjava.zerodep.shaded.org.apache.hc.client5.http.headers - http-outgoing-1 >> Transfer-Encoding: chunked
23:55:02.548 [Test worker] DEBUG com.github.dockerjava.zerodep.shaded.org.apache.hc.client5.http.headers - http-outgoing-1 >> Host: localhost:2375
23:55:02.548 [Test worker] DEBUG com.github.dockerjava.zerodep.shaded.org.apache.hc.client5.http.headers - http-outgoing-1 >> Connection: keep-alive
23:55:02.548 [Test worker] DEBUG com.github.dockerjava.zerodep.shaded.org.apache.hc.client5.http.headers - http-outgoing-1 >> User-Agent: Apache-HttpClient/5.0.3 (Java/17.0.2)
23:55:02.549 [Test worker] DEBUG com.github.dockerjava.zerodep.shaded.org.apache.hc.client5.http.wire - http-outgoing-1 >> "PUT /v1.32/containers/c37a42694b7d1cff581f5e7b89a60b044af4721181408c271e821f1413201ca6/archive?noOverwriteDirNonDir=false&path=%2F HTTP/1.1[\r][\n]"
23:55:02.549 [Test worker] DEBUG com.github.dockerjava.zerodep.shaded.org.apache.hc.client5.http.wire - http-outgoing-1 >> "content-type: APPLICATION_X_TAR[\r][\n]"
23:55:02.549 [Test worker] DEBUG com.github.dockerjava.zerodep.shaded.org.apache.hc.client5.http.wire - http-outgoing-1 >> "x-tc-sid: 818a13d9-e138-4e41-b5a4-74fd927e6a2d[\r][\n]"
23:55:02.549 [Test worker] DEBUG com.github.dockerjava.zerodep.shaded.org.apache.hc.client5.http.wire - http-outgoing-1 >> "Accept-Encoding: gzip, x-gzip, deflate[\r][\n]"
23:55:02.550 [Test worker] DEBUG com.github.dockerjava.zerodep.shaded.org.apache.hc.client5.http.wire - http-outgoing-1 >> "Transfer-Encoding: chunked[\r][\n]"
23:55:02.550 [Test worker] DEBUG com.github.dockerjava.zerodep.shaded.org.apache.hc.client5.http.wire - http-outgoing-1 >> "Host: localhost:2375[\r][\n]"
23:55:02.550 [Test worker] DEBUG com.github.dockerjava.zerodep.shaded.org.apache.hc.client5.http.wire - http-outgoing-1 >> "Connection: keep-alive[\r][\n]"
23:55:02.550 [Test worker] DEBUG com.github.dockerjava.zerodep.shaded.org.apache.hc.client5.http.wire - http-outgoing-1 >> "User-Agent: Apache-HttpClient/5.0.3 (Java/17.0.2)[\r][\n]"
23:55:02.550 [Test worker] DEBUG com.github.dockerjava.zerodep.shaded.org.apache.hc.client5.http.wire - http-outgoing-1 >> "[\r][\n]"
23:55:02.550 [Test worker] DEBUG com.github.dockerjava.zerodep.shaded.org.apache.hc.client5.http.wire - http-outgoing-1 >> "1000[\r][\n]"
23:55:02.550 [Test worker] DEBUG com.github.dockerjava.zerodep.shaded.org.apache.hc.client5.http.wire - http-outgoing-1 >> "./PaxHeaders.X/etc_mysql_conf.d_[0x0][0x0][0x0][0x0][0x0][0x0][0x0][0x0][0x0][0x0][0x0][0x0][0x0][0x0][0x0][0x0][0x0][0x0][0x0][0x0][0x0][0x0][0x0][0x0][0x0][0x0][0x0][0x0][0x0][0x0][0x0][0x0][0x0][0x0][0x0][0x0][0x0][0x0][0x0][0x0][0x0][0x0][0x0][0x0][0x0][0x0][0x0][0x0][0x0][0x0][0x0][0x0][0x0][0x0][0x0][0x0][0x0][0x0][0x0][0x0][0x0][0x0][0x0][0x0][0x0][0x0][0x0][0x0]0100644 0000000 0000000 00000000172 14410202606 015610[0x0] x[0x0][0x0][0x0][0x0][0x0][0x0][0x0][0x0][0x0][0x0][0x0][0x0][0x0][0x0][0x0][0x0][0x0][0x0][0x0][0x0][0x0][0x0][0x0][0x0][0x0][0x0][0x0][0x0][0x0][0x0][0x0][0x0][0x0][0x0][0x0][0x0][0x0][0x0][0x0][0x0][0x0][0x0][0x0][0x0][0x0][0x0][0x0][0x0][0x0][0x0][0x0][0x0][0x0][0x0][0x0][0x0][0x0][0x0][0x0][0x0][0x0][0x0][0x0][0x0][0x0][0x0][0x0][0x0][0x0][0x0][0x0][0x0][0x0][0x0][0x0][0x0][0x0][0x0][0x0][0x0][0x0][0x0][0x0][0x0][0x0][0x0][0x0][0x0][0x0][0x0][0x0][0x0][0x0][0x0][0x0][0x0][0x0][0x0][0x0][0x0]ustar[0x0]00[0x0][0x0][0x0][0x0][0x0][0x0][0x0][0x0][0x0][0x0][0x0][0x0][0x0][0x0][0x0][0x0][0x0][0x0][0x0][0x0][0x0][0x0][0x0][0x0][0x0][0x0][0x0][0x0][0x0][0x0][0x0][0x0][0x0][0x0][0x0][0x0][0x0][0x0][0x0][0x0][0x0][0x0][0x0][0x0][0x0][0x0][0x0][0x0][0x0][0x0][0x0][0x0][0x0][0x0][0x0][0x0][0x0][0x0][0x0][0x0][0x0][0x0][0x0][0x0]0000000 0000000 [0x0][0x0][0x0][0x0][0x0][0x0][0x0][0x0][0x0][0x0][0x0][0x0][0x0][0x0][0x0][0x0][0x0][0x0][0x0][0x0][0x0][0x0][0x0][0x0][0x0][0x0][0x0][0x0][0x0][0x0][0x0][0x0][0x0][0x0][0x0][0x0][0x0][0x0][0x0][0x0][0x0][0x0][0x0][0x0][0x0][0x0][0x0][0x0][0x0][0x0][0x0][0x0][0x0][0x0][0x0][0x0][0x0][0x0][0x0][0x0][0x0][0x0][0x0][0x0][0x0][0x0][0x0][0x0][0x0][0x0][0x0][0x0][0x0][0x0][0x0][0x0][0x0][0x0][0x0][0x0][0x0][0x0][0x0][0x0][0x0][0x0][0x0][0x0][0x0][0x0][0x0][0x0][0x0][0x0][0x0][0x0][0x0][0x0][0x0][0x0][0x0][0x0][0x0][0x0][0x0][0x0][0x0][0x0][0x0][0x0][0x0][0x0][0x0][0x0][0x0][0x0][0x0][0x0][0x0][0x0][0x0][0x0][0x0][0x0][0x0][0x0][0x0][0x0][0x0][0x0][0x0][0x0][0x0][0x0][0x0][0x0][0x0][0x0][0x0][0x0][0x0][0x0][0x0][0x0][0x0][0x0][0x0][0x0][0x0][0x0][0x0][0x0][0x0][0x0][0x0][0x0][0x0][0x0][0x0][0x0][0x0][0x0][0x0][0x0][0x0][0x0][0x0]28 atime=1679885702.5299208[\n]"
23:55:02.551 [Test worker] DEBUG com.github.dockerjava.zerodep.shaded.org.apache.hc.client5.http.wire - http-outgoing-1 >> "28 ctime=1679885702.5302689[\n]"
23:55:02.551 [Test worker] DEBUG com.github.dockerjava.zerodep.shaded.org.apache.hc.client5.http.wire - http-outgoing-1 >> "28 mtime=1679885702.5302689[\n]"
23:55:02.551 [Test worker] DEBUG com.github.dockerjava.zerodep.shaded.org.apache.hc.client5.http.wire - http-outgoing-1 >> "38 LIBARCHIVE.creationtime=1679885702[\n]"
23:55:02.552 [Test worker] DEBUG com.github.dockerjava.zerodep.shaded.org.apache.hc.client5.http.wire - http-outgoing-1 >> "[0x0][0x0][0x0][0x0][0x0][0x0][0x0][0x0][0x0][0x0][0x0][0x0][0x0][0x0][0x0][0x0][0x0][0x0][0x0][0x0][0x0][0x0][0x0][0x0][0x0][0x0][0x0][0x0][0x0][0x0][0x0][0x0][0x0][0x0][0x0][0x0][0x0][0x0][0x0][0x0][0x0][0x0][0x0][0x0][0x0][0x0][0x0][0x0][0x0][0x0][0x0][0x0][0x0][0x0][0x0][0x0][0x0][0x0][0x0][0x0][0x0][0x0][0x0][0x0][0x0][0x0][0x0][0x0][0x0][0x0][0x0][0x0][0x0][0x0][0x0][0x0][0x0][0x0][0x0][0x0][0x0][0x0][0x0][0x0][0x0][0x0][0x0][0x0][0x0][0x0][0x0][0x0][0x0][0x0][0x0][0x0][0x0][0x0][0x0][0x0][0x0][0x0][0x0][0x0][0x0][0x0][0x0][0x0][0x0][0x0][0x0][0x0][0x0][0x0][0x0][0x0][0x0][0x0][0x0][0x0][0x0][0x0][0x0][0x0][0x0][0x0][0x0][0x0][0x0][0x0][0x0][0x0][0x0][0x0][0x0][0x0][0x0][0x0][0x0][0x0][0x0][0x0][0x0][0x0][0x0][0x0][0x0][0x0][0x0][0x0][0x0][0x0][0x0][0x0][0x0][0x0][0x0][0x0][0x0][0x0][0x0][0x0][0x0][0x0][0x0][0x0][0x0][0x0][0x0][0x0][0x0][0x0][0x0][0x0][0x0][0x0][0x0][0x0][0x0][0x0][0x0][0x0][0x0][0x0][0x0][0x0][0x0][0x0][0x0][0x0][0x0][0x0][0x0][0x0][0x0][0x0][0x0][0x0][0x0][0x0][0x0][0x0][0x0][0x0][0x0][0x0][0x0][0x0][0x0][0x0][0x0][0x0][0x0][0x0][0x0][0x0][0x0][0x0][0x0][0x0][0x0][0x0][0x0][0x0][0x0][0x0][0x0][0x0][0x0][0x0][0x0][0x0][0x0][0x0][0x0][0x0][0x0][0x0][0x0][0x0][0x0][0x0][0x0][0x0][0x0][0x0][0x0][0x0][0x0][0x0][0x0][0x0][0x0][0x0][0x0][0x0][0x0][0x0][0x0][0x0][0x0][0x0][0x0][0x0][0x0][0x0][0x0][0x0][0x0][0x0][0x0][0x0][0x0][0x0][0x0][0x0][0x0][0x0][0x0][0x0][0x0][0x0][0x0][0x0][0x0][0x0][0x0][0x0][0x0][0x0][0x0][0x0][0x0][0x0][0x0][0x0][0x0][0x0][0x0][0x0][0x0][0x0][0x0][0x0][0x0][0x0][0x0][0x0][0x0][0x0][0x0][0x0][0x0][0x0][0x0][0x0][0x0][0x0][0x0][0x0][0x0][0x0][0x0][0x0][0x0][0x0][0x0][0x0][0x0][0x0][0x0][0x0][0x0][0x0][0x0][0x0][0x0][0x0][0x0][0x0][0x0][0x0][0x0][0x0][0x0][0x0][0x0][0x0][0x0][0x0][0x0][0x0][0x0][0x0][0x0][0x0][0x0][0x0][0x0][0x0][0x0][0x0][0x0][0x0][0x0][0x0][0x0][0x0][0x0][0x0][0x0][0x0][0x0][0x0][0x0][0x0][0x0][0x0][0x0][0x0][0x0][0x0][0x0][0x0][0x0][0x0][0x0][0x0][0x0][0x0]etc/mysql/conf.d/[0x0][0x0][0x0][0x0][0x0][0x0][0x0][0x0][0x0][0x0][0x0][0x0][0x0][0x0][0x0][0x0][0x0][0x0][0x0][0x0][0x0][0x0][0x0][0x0][0x0][0x0][0x0][0x0][0x0][0x0][0x0][0x0][0x0][0x0][0x0][0x0][0x0][0x0][0x0][0x0][0x0][0x0][0x0][0x0][0x0][0x0][0x0][0x0][0x0][0x0][0x0][0x0][0x0][0x0][0x0][0x0][0x0][0x0][0x0][0x0][0x0][0x0][0x0][0x0][0x0][0x0][0x0][0x0][0x0][0x0][0x0][0x0][0x0][0x0][0x0][0x0][0x0][0x0][0x0][0x0][0x0][0x0][0x0]0040755 0000765 0000000 00000000000 14410202606 015620[0x0] 5[0x0][0x0][0x0][0x0][0x0][0x0][0x0][0x0][0x0][0x0][0x0][0x0][0x0][0x0][0x0][0x0][0x0][0x0][0x0][0x0][0x0][0x0][0x0][0x0][0x0][0x0][0x0][0x0][0x0][0x0][0x0][0x0][0x0][0x0][0x0][0x0][0x0][0x0][0x0][0x0][0x0][0x0][0x0][0x0][0x0][0x0][0x0][0x0][0x0][0x0][0x0][0x0][0x0][0x0][0x0][0x0][0x0][0x0][0x0][0x0][0x0][0x0][0x0][0x0][0x0][0x0][0x0][0x0][0x0][0x0][0x0][0x0][0x0][0x0][0x0][0x0][0x0][0x0][0x0][0x0][0x0][0x0][0x0][0x0][0x0][0x0][0x0][0x0][0x0][0x0][0x0][0x0][0x0][0x0][0x0][0x0][0x0][0x0][0x0][0x0]ustar[0x0]00raderleao[0x0][0x0][0x0][0x0][0x0][0x0][0x0][0x0][0x0][0x0][0x0][0x0][0x0][0x0][0x0][0x0][0x0][0x0][0x0][0x0][0x0][0x0][0x0]wheel[0x0][0x0][0x0][0x0][0x0][0x0][0x0][0x0][0x0][0x0][0x0][0x0][0x0][0x0][0x0][0x0][0x0][0x0][0x0][0x0][0x0][0x0][0x0][0x0][0x0][0x0][0x0]0000000 0000000 [0x0][0x0][0x0][0x0][0x0][0x0][0x0][0x0][0x0][0x0][0x0][0x0][0x0][0x0][0x0][0x0][0x0][0x0][0x0][0x0][0x0][0x0][0x0][0x0][0x0][0x0][0x0][0x0][0x0][0x0][0x0][0x0][0x0][0x0][0x0][0x0][0x0][0x0][0x0][0x0][0x0][0x0][0x0][0x0][0x0][0x0][0x0][0x0][0x0][0x0][0x0][0x0][0x0][0x0][0x0][0x0][0x0][0x0][0x0][0x0][0x0][0x0][0x0][0x0][0x0][0x0][0x0][0x0][0x0][0x0][0x0][0x0][0x0][0x0][0x0][0x0][0x0][0x0][0x0][0x0][0x0][0x0][0x0][0x0][0x0][0x0][0x0][0x0][0x0][0x0][0x0][0x0][0x0][0x0][0x0][0x0][0x0][0x0][0x0][0x0][0x0][0x0][0x0][0x0][0x0][0x0][0x0][0x0][0x0][0x0][0x0][0x0][0x0][0x0][0x0][0x0][0x0][0x0][0x0][0x0][0x0][0x0][0x0][0x0][0x0][0x0][0x0][0x0][0x0][0x0][0x0][0x0][0x0][0x0][0x0][0x0][0x0][0x0][0x0][0x0][0x0][0x0][0x0][0x0][0x0][0x0][0x0][0x0][0x0][0x0][0x0][0x0][0x0][0x0][0x0][0x0][0x0][0x0][0x0][0x0][0x0][0x0][0x0][0x0][0x0][0x0][0x0]./PaxHeaders.X/etc_mysql_conf.d_my.cnf[0x0][0x0][0x0][0x0][0x0][0x0][0x0][0x0][0x0][0x0][0x0][0x0][0x0][0x0][0x0][0x0][0x0][0x0][0x0][0x0][0x0][0x0][0x0][0x0][0x0][0x0][0x0][0x0][0x0][0x0][0x0][0x0][0x0][0x0][0x0][0x0][0x0][0x0][0x0][0x0][0x0][0x0][0x0][0x0][0x0][0x0][0x0][0x0][0x0][0x0][0x0][0x0][0x0][0x0][0x0][0x0][0x0][0x0][0x0][0x0][0x0][0x0]0100644 0000000 0000000 00000000172 14410202606 016723[0x0] x[0x0][0x0][0x0][0x0][0x0][0x0][0x0][0x0][0x0][0x0][0x0][0x0][0x0][0x0][0x0][0x0][0x0][0x0][0x0][0x0][0x0][0x0][0x0][0x0][0x0][0x0][0x0][0x0][0x0][0x0][0x0][0x0][0x0][0x0][0x0][0x0][0x0][0x0][0x0][0x0][0x0][0x0][0x0][0x0][0x0][0x0][0x0][0x0][0x0][0x0][0x0][0x0][0x0][0x0][0x0][0x0][0x0][0x0][0x0][0x0][0x0][0x0][0x0][0x0][0x0][0x0][0x0][0x0][0x0][0x0][0x0][0x0][0x0][0x0][0x0][0x0][0x0][0x0][0x0][0x0][0x0][0x0][0x0][0x0][0x0][0x0][0x0][0x0][0x0][0x0][0x0][0x0][0x0][0x0][0x0][0x0][0x0][0x0][0x0][0x0]ustar[0x0]00[0x0][0x0][0x0][0x0][0x0][0x0][0x0][0x0][0x0][0x0][0x0][0x0][0x0][0x0][0x0][0x0][0x0][0x0][0x0][0x0][0x0][0x0][0x0][0x0][0x0][0x0][0x0][0x0][0x0][0x0][0x0][0x0][0x0][0x0][0x0][0x0][0x0][0x0][0x0][0x0][0x0][0x0][0x0][0x0][0x0][0x0][0x0][0x0][0x0][0x0][0x0][0x0][0x0][0x0][0x0][0x0][0x0][0x0][0x0][0x0][0x0][0x0][0x0][0x0]0000000 0000000 [0x0][0x0][0x0][0x0][0x0][0x0][0x0][0x0][0x0][0x0][0x0][0x0][0x0][0x0][0x0][0x0][0x0][0x0][0x0][0x0][0x0][0x0][0x0][0x0][0x0][0x0][0x0][0x0][0x0][0x0][0x0][0x0][0x0][0x0][0x0][0x0][0x0][0x0][0x0][0x0][0x0][0x0][0x0][0x0][0x0][0x0][0x0][0x0][0x0][0x0][0x0][0x0][0x0][0x0][0x0][0x0][0x0][0x0][0x0][0x0][0x0][0x0][0x0][0x0][0x0][0x0][0x0][0x0][0x0][0x0][0x0][0x0][0x0][0x0][0x0][0x0][0x0][0x0][0x0][0x0][0x0][0x0][0x0][0x0][0x0][0x0][0x0][0x0][0x0][0x0][0x0][0x0][0x0][0x0][0x0][0x0][0x0][0x0][0x0][0x0][0x0][0x0][0x0][0x0][0x0][0x0][0x0][0x0][0x0][0x0][0x0][0x0][0x0][0x0][0x0][0x0][0x0][0x0][0x0][0x0][0x0][0x0][0x0][0x0][0x0][0x0][0x0][0x0][0x0][0x0][0x0][0x0][0x0][0x0][0x0][0x0][0x0][0x0][0x0][0x0][0x0][0x0][0x0][0x0][0x0][0x0][0x0][0x0][0x0][0x0][0x0][0x0][0x0][0x0][0x0][0x0][0x0][0x0][0x0][0x0][0x0][0x0][0x0][0x0][0x0][0x0][0x0]28 atime=1679885702.5302568[\n]"
23:55:02.553 [Test worker] DEBUG com.github.dockerjava.zerodep.shaded.org.apache.hc.client5.http.wire - http-outgoing-1 >> "28 ctime=1679885702.5305145[\n]"
23:55:02.554 [Test worker] DEBUG com.github.dockerjava.zerodep.shaded.org.apache.hc.client5.http.wire - http-outgoing-1 >> "28 mtime=1679885702.5305145[\n]"
23:55:02.554 [Test worker] DEBUG com.github.dockerjava.zerodep.shaded.org.apache.hc.client5.http.wire - http-outgoing-1 >> "38 LIBARCHIVE.creationtime=1679885702[\n]"
23:55:02.554 [Test worker] DEBUG com.github.dockerjava.zerodep.shaded.org.apache.hc.client5.http.wire - http-outgoing-1 >> "[0x0][0x0][0x0][0x0][0x0][0x0][0x0][0x0][0x0][0x0][0x0][0x0][0x0][0x0][0x0][0x0][0x0][0x0][0x0][0x0][0x0][0x0][0x0][0x0][0x0][0x0][0x0][0x0][0x0][0x0][0x0][0x0][0x0][0x0][0x0][0x0][0x0][0x0][0x0][0x0][0x0][0x0][0x0][0x0][0x0][0x0][0x0][0x0][0x0][0x0][0x0][0x0][0x0][0x0][0x0][0x0][0x0][0x0][0x0][0x0][0x0][0x0][0x0][0x0][0x0][0x0][0x0][0x0][0x0][0x0][0x0][0x0][0x0][0x0][0x0][0x0][0x0][0x0][0x0][0x0][0x0][0x0][0x0][0x0][0x0][0x0][0x0][0x0][0x0][0x0][0x0][0x0][0x0][0x0][0x0][0x0][0x0][0x0][0x0][0x0][0x0][0x0][0x0][0x0][0x0][0x0][0x0][0x0][0x0][0x0][0x0][0x0][0x0][0x0][0x0][0x0][0x0][0x0][0x0][0x0][0x0][0x0][0x0][0x0][0x0][0x0][0x0][0x0][0x0][0x0][0x0][0x0][0x0][0x0][0x0][0x0][0x0][0x0][0x0][0x0][0x0][0x0][0x0][0x0][0x0][0x0][0x0][0x0][0x0][0x0][0x0][0x0][0x0][0x0][0x0][0x0][0x0][0x0][0x0][0x0][0x0][0x0][0x0][0x0][0x0][0x0][0x0][0x0][0x0][0x0][0x0][0x0][0x0][0x0][0x0][0x0][0x0][0x0][0x0][0x0][0x0][0x0][0x0][0x0][0x0][0x0][0x0][0x0][0x0][0x0][0x0][0x0][0x0][0x0][0x0][0x0][0x0][0x0][0x0][0x0][0x0][0x0][0x0][0x0][0x0][0x0][0x0][0x0][0x0][0x0][0x0][0x0][0x0][0x0][0x0][0x0][0x0][0x0][0x0][0x0][0x0][0x0][0x0][0x0][0x0][0x0][0x0][0x0][0x0][0x0][0x0][0x0][0x0][0x0][0x0][0x0][0x0][0x0][0x0][0x0][0x0][0x0][0x0][0x0][0x0][0x0][0x0][0x0][0x0][0x0][0x0][0x0][0x0][0x0][0x0][0x0][0x0][0x0][0x0][0x0][0x0][0x0][0x0][0x0][0x0][0x0][0x0][0x0][0x0][0x0][0x0][0x0][0x0][0x0][0x0][0x0][0x0][0x0][0x0][0x0][0x0][0x0][0x0][0x0][0x0][0x0][0x0][0x0][0x0][0x0][0x0][0x0][0x0][0x0][0x0][0x0][0x0][0x0][0x0][0x0][0x0][0x0][0x0][0x0][0x0][0x0][0x0][0x0][0x0][0x0][0x0][0x0][0x0][0x0][0x0][0x0][0x0][0x0][0x0][0x0][0x0][0x0][0x0][0x0][0x0][0x0][0x0][0x0][0x0][0x0][0x0][0x0][0x0][0x0][0x0][0x0][0x0][0x0][0x0][0x0][0x0][0x0][0x0][0x0][0x0][0x0][0x0][0x0][0x0][0x0][0x0][0x0][0x0][0x0][0x0][0x0][0x0][0x0][0x0][0x0][0x0][0x0][0x0][0x0][0x0][0x0][0x0][0x0][0x0][0x0][0x0][0x0][0x0][0x0][0x0][0x0][0x0][0x0][0x0][0x0][0x0][0x0][0x0][0x0][0x0][0x0][0x0][0x0][0x0][0x0]etc/mysql/conf.d/my.cnf[0x0][0x0][0x0][0x0][0x0][0x0][0x0][0x0][0x0][0x0][0x0][0x0][0x0][0x0][0x0][0x0][0x0][0x0][0x0][0x0][0x0][0x0][0x0][0x0][0x0][0x0][0x0][0x0][0x0][0x0][0x0][0x0][0x0][0x0][0x0][0x0][0x0][0x0][0x0][0x0][0x0][0x0][0x0][0x0][0x0][0x0][0x0][0x0][0x0][0x0][0x0][0x0][0x0][0x0][0x0][0x0][0x0][0x0][0x0][0x0][0x0][0x0][0x0][0x0][0x0][0x0][0x0][0x0][0x0][0x0][0x0][0x0][0x0][0x0][0x0][0x0][0x0]0100644 0000765 0000000 00000003240 14410202606 016731[0x0] 0[0x0][0x0][0x0][0x0][0x0][0x0][0x0][0x0][0x0][0x0][0x0][0x0][0x0][0x0][0x0][0x0][0x0][0x0][0x0][0x0][0x0][0x0][0x0][0x0][0x0][0x0][0x0][0x0][0x0][0x0][0x0][0x0][0x0][0x0][0x0][0x0][0x0][0x0][0x0][0x0][0x0][0x0][0x0][0x0][0x0][0x0][0x0][0x0][0x0][0x0][0x0][0x0][0x0][0x0][0x0][0x0][0x0][0x0][0x0][0x0][0x0][0x0][0x0][0x0][0x0][0x0][0x0][0x0][0x0][0x0][0x0][0x0][0x0][0x0][0x0][0x0][0x0][0x0][0x0][0x0][0x0][0x0][0x0][0x0][0x0][0x0][0x0][0x0][0x0][0x0][0x0][0x0][0x0][0x0][0x0][0x0][0x0][0x0][0x0][0x0]ustar[0x0]00raderleao[0x0][0x0][0x0][0x0][0x0][0x0][0x0][0x0][0x0][0x0][0x0][0x0][0x0][0x0][0x0][0x0][0x0][0x0][0x0][0x0][0x0][0x0][0x0]wheel[0x0][0x0][0x0][0x0][0x0][0x0][0x0][0x0][0x0][0x0][0x0][0x0][0x0][0x0][0x0][0x0][0x0][0x0][0x0][0x0][0x0][0x0][0x0][0x0][0x0][0x0][0x0]0000000 0000000 [0x0][0x0][0x0][0x0][0x0][0x0][0x0][0x0][0x0][0x0][0x0][0x0][0x0][0x0][0x0][0x0][0x0][0x0][0x0][0x0][0x0][0x0][0x0][0x0][0x0][0x0][0x0][0x0][0x0][0x0][0x0][0x0][0x0][0x0][0x0][0x0][0x0][0x0][0x0][0x0][0x0][0x0][0x0][0x0][0x0][0x0][0x0][0x0][0x0][0x0][0x0][0x0][0x0][0x0][0x0][0x0][0x0][0x0][0x0][0x0][0x0][0x0][0x0][0x0][0x0][0x0][0x0][0x0][0x0][0x0][0x0][0x0][0x0][0x0][0x0][0x0][0x0][0x0][0x0][0x0][0x0][0x0][0x0][0x0][0x0][0x0][0x0][0x0][0x0][0x0][0x0][0x0][0x0][0x0][0x0][0x0][0x0][0x0][0x0][0x0][0x0][0x0][0x0][0x0][0x0][0x0][0x0][0x0][0x0][0x0][0x0][0x0][0x0][0x0][0x0][0x0][0x0][0x0][0x0][0x0][0x0][0x0][0x0][0x0][0x0][0x0][0x0][0x0][0x0][0x0][0x0][0x0][0x0][0x0][0x0][0x0][0x0][0x0][0x0][0x0][0x0][0x0][0x0][0x0][0x0][0x0][0x0][0x0][0x0][0x0][0x0][0x0][0x0][0x0][0x0][0x0][0x0][0x0][0x0][0x0][0x0][0x0][0x0][0x0][0x0][0x0][0x0][mysqld][\n]"
23:55:02.555 [Test worker] DEBUG com.github.dockerjava.zerodep.shaded.org.apache.hc.client5.http.wire - http-outgoing-1 >> "user = mysql[\n]"
23:55:02.555 [Test worker] DEBUG com.github.dockerjava.zerodep.shaded.org.apache.hc.client5.http.wire - http-outgoing-1 >> "datadir = /var/lib/mysql[\n]"
23:55:02.555 [Test worker] DEBUG com.github.dockerjava.zerodep.shaded.org.apache.hc.client5.http.wire - http-outgoing-1 >> "port   [0x9][0x9]= 3306[\n]"
23:55:02.555 [Test worker] DEBUG com.github.dockerjava.zerodep.shaded.org.apache.hc.client5.http.wire - http-outgoing-1 >> "#socket [0x9][0x9]= /tmp/mysql.sock[\n]"
23:55:02.555 [Test worker] DEBUG com.github.dockerjava.zerodep.shaded.org.apache.hc.client5.http.wire - http-outgoing-1 >> "skip-external-locking[\n]"
23:55:02.555 [Test worker] DEBUG com.github.dockerjava.zerodep.shaded.org.apache.hc.client5.http.wire - http-outgoing-1 >> "key_buffer_size = 16K[\n]"
23:55:02.555 [Test worker] DEBUG com.github.dockerjava.zerodep.shaded.org.apache.hc.client5.http.wire - http-outgoing-1 >> "max_allowed_packet = 1M[\n]"
23:55:02.555 [Test worker] DEBUG com.github.dockerjava.zerodep.shaded.org.apache.hc.client5.http.wire - http-outgoing-1 >> "table_open_cache = 4[\n]"
23:55:02.555 [Test worker] DEBUG com.github.dockerjava.zerodep.shaded.org.apache.hc.client5.http.wire - http-outgoing-1 >> "sort_buffer_size = 64K[\n]"
23:55:02.555 [Test worker] DEBUG com.github.dockerjava.zerodep.shaded.org.apache.hc.client5.http.wire - http-outgoing-1 >> "read_buffer_size = 256K[\n]"
23:55:02.555 [Test worker] DEBUG com.github.dockerjava.zerodep.shaded.org.apache.hc.client5.http.wire - http-outgoing-1 >> "read_rnd_buffer_size = 256K[\n]"
23:55:02.555 [Test worker] DEBUG com.github.dockerjava.zerodep.shaded.org.apache.hc.client5.http.wire - http-outgoing-1 >> "net_buffer_length = 2K[\n]"
23:55:02.555 [Test worker] DEBUG com.github.dockerjava.zerodep.shaded.org.apache.hc.client5.http.wire - http-outgoing-1 >> "skip-host-cache[\n]"
23:55:02.555 [Test worker] DEBUG com.github.dockerjava.zerodep.shaded.org.apache.hc.client5.http.wire - http-outgoing-1 >> "skip-name-resolve[\n]"
23:55:02.555 [Test worker] DEBUG com.github.dockerjava.zerodep.shaded.org.apache.hc.client5.http.wire - http-outgoing-1 >> "[\n]"
23:55:02.555 [Test worker] DEBUG com.github.dockerjava.zerodep.shaded.org.apache.hc.client5.http.wire - http-outgoing-1 >> "# Don't listen on a TCP/IP port at all. This can be a security enhancement,[\n]"
23:55:02.555 [Test worker] DEBUG com.github.dockerjava.zerodep.shaded.org.apache.hc.client5.http.wire - http-outgoing-1 >> "# if all processes that need to connect to mysqld run on the same host.[\n]"
23:55:02.556 [Test worker] DEBUG com.github.dockerjava.zerodep.shaded.org.apache.hc.client5.http.wire - http-outgoing-1 >> "# All interaction with mysqld must be made via Unix sockets or named pipes.[\n]"
23:55:02.556 [Test worker] DEBUG com.github.dockerjava.zerodep.shaded.org.apache.hc.client5.http.wire - http-outgoing-1 >> "# Note that using this option without enabling named pipes on Windows[\n]"
23:55:02.556 [Test worker] DEBUG com.github.dockerjava.zerodep.shaded.org.apache.hc.client5.http.wire - http-outgoing-1 >> "# (using the "enable-named-pipe" option) will render mysqld useless![\n]"
23:55:02.556 [Test worker] DEBUG com.github.dockerjava.zerodep.shaded.org.apache.hc.client5.http.wire - http-outgoing-1 >> "#[\n]"
23:55:02.556 [Test worker] DEBUG com.github.dockerjava.zerodep.shaded.org.apache.hc.client5.http.wire - http-outgoing-1 >> "#skip-networking[\n]"
23:55:02.556 [Test worker] DEBUG com.github.dockerjava.zerodep.shaded.org.apache.hc.client5.http.wire - http-outgoing-1 >> "#server-id      [0x9]= 1[\n]"
23:55:02.556 [Test worker] DEBUG com.github.dockerjava.zerodep.shaded.org.apache.hc.client5.http.wire - http-outgoing-1 >> "[\n]"
23:55:02.556 [Test worker] DEBUG com.github.dockerjava.zerodep.shaded.org.apache.hc.client5.http.wire - http-outgoing-1 >> "# Uncomment the following if you want to log updates[\n]"
23:55:02.557 [Test worker] DEBUG com.github.dockerjava.zerodep.shaded.org.apache.hc.client5.http.wire - http-outgoing-1 >> "#log-bin=mysql-bin[\n]"
23:55:02.557 [Test worker] DEBUG com.github.dockerjava.zerodep.shaded.org.apache.hc.client5.http.wire - http-outgoing-1 >> "[\n]"
23:55:02.557 [Test worker] DEBUG com.github.dockerjava.zerodep.shaded.org.apache.hc.client5.http.wire - http-outgoing-1 >> "# binary logging format - mixed recommended[\n]"
23:55:02.557 [Test worker] DEBUG com.github.dockerjava.zerodep.shaded.org.apache.hc.client5.http.wire - http-outgoing-1 >> "#binlog_format=mixed[\n]"
23:55:02.557 [Test worker] DEBUG com.github.dockerjava.zerodep.shaded.org.apache.hc.client5.http.wire - http-outgoing-1 >> "[\n]"
23:55:02.557 [Test worker] DEBUG com.github.dockerjava.zerodep.shaded.org.apache.hc.client5.http.wire - http-outgoing-1 >> "# Causes updates to non-transactional engines using statement format to be[\n]"
23:55:02.557 [Test worker] DEBUG com.github.dockerjava.zerodep.shaded.org.apache.hc.client5.http.wire - http-outgoing-1 >> "# written directly to binary log. Before using this option make sure that[\n]"
23:55:02.557 [Test worker] DEBUG com.github.dockerjava.zerodep.shaded.org.apache.hc.client5.http.wire - http-outgoing-1 >> "# there are no depe[\r][\n]"
23:55:02.557 [Test worker] DEBUG com.github.dockerjava.zerodep.shaded.org.apache.hc.client5.http.wire - http-outgoing-1 >> "800[\r][\n]"
23:55:02.557 [Test worker] DEBUG com.github.dockerjava.zerodep.shaded.org.apache.hc.client5.http.wire - http-outgoing-1 >> "ndencies between transactional and non-transactional[\n]"
23:55:02.557 [Test worker] DEBUG com.github.dockerjava.zerodep.shaded.org.apache.hc.client5.http.wire - http-outgoing-1 >> "# tables such as in the statement INSERT INTO t_myisam SELECT * FROM[\n]"
23:55:02.557 [Test worker] DEBUG com.github.dockerjava.zerodep.shaded.org.apache.hc.client5.http.wire - http-outgoing-1 >> "# t_innodb; otherwise, slaves may diverge from the master.[\n]"
23:55:02.558 [Test worker] DEBUG com.github.dockerjava.zerodep.shaded.org.apache.hc.client5.http.wire - http-outgoing-1 >> "#binlog_direct_non_transactional_updates=TRUE[\n]"
23:55:02.558 [Test worker] DEBUG com.github.dockerjava.zerodep.shaded.org.apache.hc.client5.http.wire - http-outgoing-1 >> "[\n]"
23:55:02.558 [Test worker] DEBUG com.github.dockerjava.zerodep.shaded.org.apache.hc.client5.http.wire - http-outgoing-1 >> "# Uncomment the following if you are using InnoDB tables[\n]"
23:55:02.558 [Test worker] DEBUG com.github.dockerjava.zerodep.shaded.org.apache.hc.client5.http.wire - http-outgoing-1 >> "innodb_data_file_path = ibdata1:10M:autoextend[\n]"
23:55:02.558 [Test worker] DEBUG com.github.dockerjava.zerodep.shaded.org.apache.hc.client5.http.wire - http-outgoing-1 >> "# You can set .._buffer_pool_size up to 50 - 80 %[\n]"
23:55:02.558 [Test worker] DEBUG com.github.dockerjava.zerodep.shaded.org.apache.hc.client5.http.wire - http-outgoing-1 >> "# of RAM but beware of setting memory usage too high[\n]"
23:55:02.558 [Test worker] DEBUG com.github.dockerjava.zerodep.shaded.org.apache.hc.client5.http.wire - http-outgoing-1 >> "innodb_buffer_pool_size = 16M[\n]"
23:55:02.558 [Test worker] DEBUG com.github.dockerjava.zerodep.shaded.org.apache.hc.client5.http.wire - http-outgoing-1 >> "#innodb_additional_mem_pool_size = 2M[\n]"
23:55:02.558 [Test worker] DEBUG com.github.dockerjava.zerodep.shaded.org.apache.hc.client5.http.wire - http-outgoing-1 >> "# Set .._log_file_size to 25 % of buffer pool size[\n]"
23:55:02.558 [Test worker] DEBUG com.github.dockerjava.zerodep.shaded.org.apache.hc.client5.http.wire - http-outgoing-1 >> "innodb_log_file_size = 5M[\n]"
23:55:02.558 [Test worker] DEBUG com.github.dockerjava.zerodep.shaded.org.apache.hc.client5.http.wire - http-outgoing-1 >> "innodb_log_buffer_size = 8M[\n]"
23:55:02.558 [Test worker] DEBUG com.github.dockerjava.zerodep.shaded.org.apache.hc.client5.http.wire - http-outgoing-1 >> "innodb_flush_log_at_trx_commit = 1[\n]"
23:55:02.558 [Test worker] DEBUG com.github.dockerjava.zerodep.shaded.org.apache.hc.client5.http.wire - http-outgoing-1 >> "innodb_lock_wait_timeout = 50[0x0][0x0][0x0][0x0][0x0][0x0][0x0][0x0][0x0][0x0][0x0][0x0][0x0][0x0][0x0][0x0][0x0][0x0][0x0][0x0][0x0][0x0][0x0][0x0][0x0][0x0][0x0][0x0][0x0][0x0][0x0][0x0][0x0][0x0][0x0][0x0][0x0][0x0][0x0][0x0][0x0][0x0][0x0][0x0][0x0][0x0][0x0][0x0][0x0][0x0][0x0][0x0][0x0][0x0][0x0][0x0][0x0][0x0][0x0][0x0][0x0][0x0][0x0][0x0][0x0][0x0][0x0][0x0][0x0][0x0][0x0][0x0][0x0][0x0][0x0][0x0][0x0][0x0][0x0][0x0][0x0][0x0][0x0][0x0][0x0][0x0][0x0][0x0][0x0][0x0][0x0][0x0][0x0][0x0][0x0][0x0][0x0][0x0][0x0][0x0][0x0][0x0][0x0][0x0][0x0][0x0][0x0][0x0][0x0][0x0][0x0][0x0][0x0][0x0][0x0][0x0][0x0][0x0][0x0][0x0][0x0][0x0][0x0][0x0][0x0][0x0][0x0][0x0][0x0][0x0][0x0][0x0][0x0][0x0][0x0][0x0][0x0][0x0][0x0][0x0][0x0][0x0][0x0][0x0][0x0][0x0][0x0][0x0][0x0][0x0][0x0][0x0][0x0][0x0][0x0][0x0][0x0][0x0][0x0][0x0][0x0][0x0][0x0][0x0][0x0][0x0][0x0][0x0][0x0][0x0][0x0][0x0][0x0][0x0][0x0][0x0][0x0][0x0][0x0][0x0][0x0][0x0][0x0][0x0][0x0][0x0][0x0][0x0][0x0][0x0][0x0][0x0][0x0][0x0][0x0][0x0][0x0][0x0][0x0][0x0][0x0][0x0][0x0][0x0][0x0][0x0][0x0][0x0][0x0][0x0][0x0][0x0][0x0][0x0][0x0][0x0][0x0][0x0][0x0][0x0][0x0][0x0][0x0][0x0][0x0][0x0][0x0][0x0][0x0][0x0][0x0][0x0][0x0][0x0][0x0][0x0][0x0][0x0][0x0][0x0][0x0][0x0][0x0][0x0][0x0][0x0][0x0][0x0][0x0][0x0][0x0][0x0][0x0][0x0][0x0][0x0][0x0][0x0][0x0][0x0][0x0][0x0][0x0][0x0][0x0][0x0][0x0][0x0][0x0][0x0][0x0][0x0][0x0][0x0][0x0][0x0][0x0][0x0][0x0][0x0][0x0][0x0][0x0][0x0][0x0][0x0][0x0][0x0][0x0][0x0][0x0][0x0][0x0][0x0][0x0][0x0][0x0][0x0][0x0][0x0][0x0][0x0][0x0][0x0][0x0][0x0][0x0][0x0][0x0][0x0][0x0][0x0][0x0][0x0][0x0][0x0][0x0][0x0][0x0][0x0][0x0][0x0][0x0][0x0][0x0][0x0][0x0][0x0][0x0][0x0][0x0][0x0][0x0][0x0][0x0][0x0][0x0][0x0][0x0][0x0][0x0][0x0][0x0][0x0][0x0][0x0][0x0][0x0][0x0][0x0][0x0][0x0][0x0][0x0][0x0][0x0][0x0][0x0][0x0][0x0][0x0][0x0][0x0][0x0][0x0][0x0][0x0][0x0][0x0][0x0][0x0][0x0][0x0][0x0][0x0][0x0][0x0][0x0][0x0][0x0][0x0][0x0][0x0][0x0][0x0][0x0][0x0][0x0][0x0][0x0][0x0][0x0][0x0][0x0][0x0][0x0][0x0][0x0][0x0][0x0][0x0][0x0][0x0][0x0][0x0][0x0][0x0][0x0][0x0][0x0][0x0][0x0][0x0][0x0][0x0][0x0][0x0][0x0][0x0][0x0][0x0][0x0][0x0][0x0][0x0][0x0][0x0][0x0][0x0][0x0][0x0][0x0][0x0][0x0][0x0][0x0][0x0][0x0][0x0][0x0][0x0][0x0][0x0][0x0][0x0][0x0][0x0][0x0][0x0][0x0][0x0][0x0][0x0][0x0][0x0][0x0][0x0][0x0][0x0][0x0][0x0][0x0][0x0][0x0][0x0][0x0][0x0][0x0][0x0][0x0][0x0][0x0][0x0][0x0][0x0][0x0][0x0][0x0][0x0][0x0][0x0][0x0][0x0][0x0][0x0][0x0][0x0][0x0][0x0][0x0][0x0][0x0][0x0][0x0][0x0][0x0][0x0][0x0][0x0][0x0][0x0][0x0][0x0][0x0][0x0][0x0][0x0][0x0][0x0][0x0][0x0][0x0][0x0][0x0][0x0][0x0][0x0][0x0][0x0][0x0][0x0][0x0][0x0][0x0][0x0][0x0][0x0][0x0][0x0][0x0][0x0][0x0][0x0][0x0][0x0][0x0][0x0][0x0][0x0][0x0][0x0][0x0][0x0][0x0][0x0][0x0][0x0][0x0][0x0][0x0][0x0][0x0][0x0][0x0][0x0][0x0][0x0][0x0][0x0][0x0][0x0][0x0][0x0][0x0][0x0][0x0][0x0][0x0][0x0][0x0][0x0][0x0][0x0][0x0][0x0][0x0][0x0][0x0][0x0][0x0][0x0][0x0][0x0][0x0][0x0][0x0][0x0][0x0][0x0][0x0][0x0][0x0][0x0][0x0][0x0][0x0][0x0][0x0][0x0][0x0][0x0][0x0][0x0][0x0][0x0][0x0][0x0][0x0][0x0][0x0][0x0][0x0][0x0][0x0][0x0][0x0][0x0][0x0][0x0][0x0][0x0][0x0][0x0][0x0][0x0][0x0][0x0][0x0][0x0][0x0][0x0][0x0][0x0][0x0][0x0][0x0][0x0][0x0][0x0][0x0][0x0][0x0][0x0][0x0][0x0][0x0][0x0][0x0][0x0][0x0][0x0][0x0][0x0][0x0][0x0][0x0][0x0][0x0][0x0][0x0][0x0][0x0][0x0][0x0][0x0][0x0][0x0][0x0][0x0][0x0][0x0][0x0][0x0][0x0][0x0][0x0][0x0][0x0][0x0][0x0][0x0][0x0][0x0][0x0][0x0][0x0][0x0][0x0][0x0][0x0][0x0][0x0][0x0][0x0][0x0][0x0][0x0][0x0][0x0][0x0][0x0][0x0][0x0][0x0][0x0][0x0][0x0][0x0][0x0][0x0][0x0][0x0][0x0][0x0][0x0][0x0][0x0][0x0][0x0][0x0][0x0][0x0][0x0][0x0][0x0][0x0][0x0][0x0][0x0][0x0][0x0][0x0][0x0][0x0][0x0][0x0][0x0][0x0][0x0][0x0][0x0][0x0][0x0][0x0][0x0][0x0][0x0][0x0][0x0][0x0][0x0][0x0][0x0][0x0][0x0][0x0][0x0][0x0][0x0][0x0][0x0][0x0][0x0][0x0][0x0][0x0][0x0][0x0][0x0][0x0][0x0][0x0][0x0][0x0][0x0][0x0][0x0][0x0][0x0][0x0][0x0][0x0][0x0][0x0][0x0][0x0][0x0][0x0][0x0][0x0][0x0][0x0][0x0][0x0][0x0][0x0][0x0][0x0][0x0][0x0][0x0][0x0][0x0][0x0][0x0][0x0][0x0][0x0][0x0][0x0][0x0][0x0][0x0][0x0][0x0][0x0][0x0][0x0][0x0][0x0][0x0][0x0][0x0][0x0][0x0][0x0][0x0][0x0][0x0][0x0][0x0][0x0][0x0][0x0][0x0][0x0][0x0][0x0][0x0][0x0][0x0][0x0][0x0][0x0][0x0][0x0][0x0][0x0][0x0][0x0][0x0][0x0][0x0][0x0][0x0][0x0][0x0][0x0][0x0][0x0][0x0][0x0][0x0][0x0][0x0][0x0][0x0][0x0][0x0][0x0][0x0][0x0][0x0][0x0][0x0][0x0][0x0][0x0][0x0][0x0][0x0][0x0][0x0][0x0][0x0][0x0][0x0][0x0][0x0][0x0][0x0][0x0][0x0][0x0][0x0][0x0][0x0][0x0][0x0][0x0][0x0][0x0][0x0][0x0][0x0][0x0][0x0][0x0][0x0][0x0][0x0][0x0][0x0][0x0][0x0][0x0][0x0][0x0][0x0][0x0][0x0][0x0][0x0][0x0][0x0][0x0][0x0][0x0][0x0][0x0][0x0][0x0][0x0][0x0][0x0][0x0][0x0][0x0][0x0][0x0][0x0][0x0][0x0][0x0][0x0][0x0][0x0][0x0][0x0][0x0][0x0][0x0][0x0][0x0][0x0][0x0][0x0][0x0][0x0][0x0][0x0][0x0][0x0][0x0][0x0][0x0][0x0][0x0][0x0][0x0][0x0][0x0][0x0][0x0][0x0][0x0][0x0][0x0][0x0][0x0][0x0][0x0][0x0][0x0][0x0][0x0][0x0][0x0][0x0][0x0][0x0][0x0][0x0][0x0][0x0][0x0][0x0][0x0][0x0][0x0][0x0][0x0][0x0][0x0][0x0][0x0][0x0][0x0][0x0][0x0][0x0][0x0][0x0][0x0][0x0][0x0][0x0][0x0][0x0][0x0][0x0][0x0][0x0][0x0][0x0][0x0][0x0][0x0][0x0][0x0][0x0][0x0][0x0][0x0][0x0][0x0][0x0][0x0][0x0][0x0][0x0][0x0][0x0][0x0][0x0][0x0][0x0][0x0][0x0][0x0][0x0][0x0][0x0][0x0][0x0][0x0][0x0][0x0][0x0][0x0][0x0][0x0][0x0][0x0][0x0][0x0][0x0][0x0][0x0][0x0][0x0][0x0][0x0][0x0][0x0][0x0][0x0][0x0][0x0][0x0][0x0][0x0][0x0][0x0][0x0][0x0][0x0][0x0][0x0][0x0][0x0][0x0][0x0][0x0][0x0][0x0][0x0][0x0][0x0][0x0][0x0][0x0][0x0][0x0][0x0][0x0][0x0][0x0][0x0][0x0][0x0][0x0][0x0][0x0][0x0][0x0][0x0][0x0][0x0][0x0][0x0][0x0][0x0][0x0][0x0][0x0][0x0][0x0][0x0][0x0][0x0][0x0][0x0][0x0][0x0][0x0][0x0][0x0][0x0][0x0][0x0][0x0][0x0][0x0][0x0][0x0][0x0][0x0][0x0][0x0][0x0][0x0][0x0][0x0][0x0][0x0][0x0][0x0][0x0][0x0][0x0][0x0][0x0][0x0][0x0][0x0][0x0][0x0][0x0][0x0][0x0][0x0][0x0][0x0][0x0][0x0][0x0][0x0][0x0][0x0][0x0][0x0][0x0][0x0][0x0][0x0][0x0][0x0][0x0][0x0][0x0][0x0][0x0][0x0][0x0][0x0][0x0][0x0][0x0][0x0][0x0][0x0][0x0][0x0][0x0][0x0][0x0][0x0][0x0][0x0][0x0][0x0][0x0][0x0][0x0][0x0][0x0][0x0][0x0][0x0][0x0][0x0][0x0][0x0][0x0][0x0][0x0][0x0][0x0][0x0][0x0][0x0][0x0][0x0][0x0][0x0][0x0][0x0][0x0][0x0][0x0][0x0][0x0][0x0][0x0][0x0][0x0][0x0][0x0][0x0][0x0][0x0][0x0][0x0][0x0][0x0][0x0][0x0][0x0][0x0][0x0][0x0][0x0][0x0][0x0][0x0][0x0][0x0][0x0][0x0][0x0][0x0][0x0][0x0][0x0][0x0][0x0][0x0][0x0][0x0][0x0][0x0][0x0][0x0][0x0][0x0][0x0][0x0][0x0][0x0][0x0][0x0][0x0][0x0][0x0][0x0][0x0][0x0][0x0][0x0][0x0][0x0][0x0][0x0][0x0][0x0][0x0][0x0][0x0][0x0][0x0][0x0][0x0][0x0][0x0][0x0][0x0][0x0][0x0][0x0][0x0][0x0][0x0][0x0][0x0][0x0][0x0][0x0][0x0][0x0][0x0][0x0][0x0][0x0][0x0][0x0][0x0][0x0][0x0][0x0][0x0][0x0][0x0][0x0][0x0][0x0][0x0][0x0][0x0][0x0][0x0][0x0][0x0][0x0][0x0][0x0][0x0][0x0][0x0][0x0][0x0][0x0][0x0][0x0][0x0][0x0][0x0][0x0][0x0][0x0][0x0][0x0][0x0][0x0][0x0][0x0][\r][\n]"
23:55:02.560 [Test worker] DEBUG com.github.dockerjava.zerodep.shaded.org.apache.hc.client5.http.wire - http-outgoing-1 >> "0[\r][\n]"
23:55:02.560 [Test worker] DEBUG com.github.dockerjava.zerodep.shaded.org.apache.hc.client5.http.wire - http-outgoing-1 >> "[\r][\n]"
23:55:02.675 [Test worker] DEBUG com.github.dockerjava.zerodep.shaded.org.apache.hc.client5.http.wire - http-outgoing-1 << "HTTP/1.1 200 OK[\r][\n]"
23:55:02.675 [Test worker] DEBUG com.github.dockerjava.zerodep.shaded.org.apache.hc.client5.http.wire - http-outgoing-1 << "Api-Version: 1.41[\r][\n]"
23:55:02.675 [Test worker] DEBUG com.github.dockerjava.zerodep.shaded.org.apache.hc.client5.http.wire - http-outgoing-1 << "Date: Mon, 27 Mar 2023 02:55:02 GMT[\r][\n]"
23:55:02.676 [Test worker] DEBUG com.github.dockerjava.zerodep.shaded.org.apache.hc.client5.http.wire - http-outgoing-1 << "Docker-Experimental: false[\r][\n]"
23:55:02.676 [Test worker] DEBUG com.github.dockerjava.zerodep.shaded.org.apache.hc.client5.http.wire - http-outgoing-1 << "Ostype: linux[\r][\n]"
23:55:02.676 [Test worker] DEBUG com.github.dockerjava.zerodep.shaded.org.apache.hc.client5.http.wire - http-outgoing-1 << "Server: Docker/20.10.21 (linux)[\r][\n]"
23:55:02.676 [Test worker] DEBUG com.github.dockerjava.zerodep.shaded.org.apache.hc.client5.http.wire - http-outgoing-1 << "Transfer-Encoding: chunked[\r][\n]"
23:55:02.676 [Test worker] DEBUG com.github.dockerjava.zerodep.shaded.org.apache.hc.client5.http.wire - http-outgoing-1 << "[\r][\n]"
23:55:02.676 [Test worker] DEBUG com.github.dockerjava.zerodep.shaded.org.apache.hc.client5.http.headers - http-outgoing-1 << HTTP/1.1 200 OK
23:55:02.676 [Test worker] DEBUG com.github.dockerjava.zerodep.shaded.org.apache.hc.client5.http.headers - http-outgoing-1 << Api-Version: 1.41
23:55:02.676 [Test worker] DEBUG com.github.dockerjava.zerodep.shaded.org.apache.hc.client5.http.headers - http-outgoing-1 << Date: Mon, 27 Mar 2023 02:55:02 GMT
23:55:02.676 [Test worker] DEBUG com.github.dockerjava.zerodep.shaded.org.apache.hc.client5.http.headers - http-outgoing-1 << Docker-Experimental: false
23:55:02.676 [Test worker] DEBUG com.github.dockerjava.zerodep.shaded.org.apache.hc.client5.http.headers - http-outgoing-1 << Ostype: linux
23:55:02.676 [Test worker] DEBUG com.github.dockerjava.zerodep.shaded.org.apache.hc.client5.http.headers - http-outgoing-1 << Server: Docker/20.10.21 (linux)
23:55:02.676 [Test worker] DEBUG com.github.dockerjava.zerodep.shaded.org.apache.hc.client5.http.headers - http-outgoing-1 << Transfer-Encoding: chunked
23:55:02.677 [Test worker] DEBUG com.github.dockerjava.zerodep.shaded.org.apache.hc.client5.http.impl.classic.MainClientExec - ex-00000009: connection can be kept alive for 3 MINUTES
23:55:02.677 [Test worker] DEBUG com.github.dockerjava.zerodep.shaded.org.apache.hc.client5.http.impl.classic.ProtocolExec - ex-00000009: Cannot retry non-repeatable request
23:55:02.677 [Test worker] DEBUG com.github.dockerjava.zerodep.shaded.org.apache.hc.client5.http.impl.classic.HttpRequestRetryExec - ex-00000009: cannot retry non-repeatable request
23:55:02.677 [Test worker] DEBUG com.github.dockerjava.zerodep.shaded.org.apache.hc.client5.http.impl.classic.InternalHttpClient - ep-00000008: cancel
23:55:02.677 [Test worker] DEBUG com.github.dockerjava.zerodep.shaded.org.apache.hc.client5.http.impl.io.DefaultManagedHttpClientConnection - http-outgoing-1: close connection IMMEDIATE
23:55:02.677 [Test worker] DEBUG com.github.dockerjava.zerodep.shaded.org.apache.hc.client5.http.impl.classic.InternalHttpClient - ep-00000008: endpoint closed
23:55:02.677 [Test worker] DEBUG com.github.dockerjava.zerodep.shaded.org.apache.hc.client5.http.impl.classic.InternalHttpClient - ep-00000008: discarding endpoint
23:55:02.678 [Test worker] DEBUG com.github.dockerjava.zerodep.shaded.org.apache.hc.client5.http.impl.io.PoolingHttpClientConnectionManager - ep-00000008: releasing endpoint
23:55:02.678 [Test worker] DEBUG com.github.dockerjava.zerodep.shaded.org.apache.hc.client5.http.impl.io.PoolingHttpClientConnectionManager - ep-00000008: connection is not kept alive
23:55:02.678 [Test worker] DEBUG com.github.dockerjava.zerodep.shaded.org.apache.hc.client5.http.impl.io.PoolingHttpClientConnectionManager - ep-00000008: connection released [route: {}->unix://localhost:2375][total available: 0; route allocated: 0 of 2147483647; total allocated: 0 of 2147483647]
23:55:02.678 [Test worker] DEBUG com.github.dockerjava.zerodep.shaded.org.apache.hc.client5.http.wire - http-outgoing-1 << "[read] I/O error: null"
23:55:02.678 [Test worker] DEBUG com.github.dockerjava.zerodep.ApacheDockerHttpClientImpl$ApacheResponse - Failed to close the response
java.nio.channels.ClosedChannelException: null
	at java.base/sun.nio.ch.SocketChannelImpl.ensureOpenAndConnected(SocketChannelImpl.java:215)
	at java.base/sun.nio.ch.SocketChannelImpl.read(SocketChannelImpl.java:403)
	at java.base/sun.nio.ch.ChannelInputStream.read(ChannelInputStream.java:59)
	at java.base/sun.nio.ch.ChannelInputStream.read(ChannelInputStream.java:107)
	at java.base/sun.nio.ch.ChannelInputStream.read(ChannelInputStream.java:101)
	at com.github.dockerjava.zerodep.shaded.org.apache.hc.client5.http.impl.io.LoggingInputStream.read(LoggingInputStream.java:81)
	at com.github.dockerjava.zerodep.shaded.org.apache.hc.core5.http.impl.io.SessionInputBufferImpl.fillBuffer(SessionInputBufferImpl.java:149)
	at com.github.dockerjava.zerodep.shaded.org.apache.hc.core5.http.impl.io.SessionInputBufferImpl.readLine(SessionInputBufferImpl.java:280)
	at com.github.dockerjava.zerodep.shaded.org.apache.hc.core5.http.impl.io.ChunkedInputStream.getChunkSize(ChunkedInputStream.java:261)
	at com.github.dockerjava.zerodep.shaded.org.apache.hc.core5.http.impl.io.ChunkedInputStream.nextChunk(ChunkedInputStream.java:222)
	at com.github.dockerjava.zerodep.shaded.org.apache.hc.core5.http.impl.io.ChunkedInputStream.read(ChunkedInputStream.java:183)
	at com.github.dockerjava.zerodep.shaded.org.apache.hc.core5.http.impl.io.ChunkedInputStream.read(ChunkedInputStream.java:210)
	at com.github.dockerjava.zerodep.shaded.org.apache.hc.core5.http.impl.io.ChunkedInputStream.close(ChunkedInputStream.java:319)
	at com.github.dockerjava.zerodep.shaded.org.apache.hc.core5.io.Closer.close(Closer.java:48)
	at com.github.dockerjava.zerodep.shaded.org.apache.hc.core5.http.impl.io.IncomingHttpEntity.close(IncomingHttpEntity.java:111)
	at com.github.dockerjava.zerodep.shaded.org.apache.hc.core5.http.io.entity.HttpEntityWrapper.close(HttpEntityWrapper.java:120)
	at com.github.dockerjava.zerodep.shaded.org.apache.hc.core5.io.Closer.close(Closer.java:48)
	at com.github.dockerjava.zerodep.shaded.org.apache.hc.core5.http.message.BasicClassicHttpResponse.close(BasicClassicHttpResponse.java:93)
	at com.github.dockerjava.zerodep.shaded.org.apache.hc.client5.http.impl.classic.CloseableHttpResponse.close(CloseableHttpResponse.java:200)
	at com.github.dockerjava.zerodep.ApacheDockerHttpClientImpl$ApacheResponse.close(ApacheDockerHttpClientImpl.java:256)
	at org.testcontainers.shaded.com.github.dockerjava.core.DefaultInvocationBuilder.put(DefaultInvocationBuilder.java:223)
	at org.testcontainers.shaded.com.github.dockerjava.core.exec.CopyArchiveToContainerCmdExec.execute(CopyArchiveToContainerCmdExec.java:32)
	at org.testcontainers.shaded.com.github.dockerjava.core.exec.CopyArchiveToContainerCmdExec.execute(CopyArchiveToContainerCmdExec.java:13)
	at org.testcontainers.shaded.com.github.dockerjava.core.exec.AbstrSyncDockerCmdExec.exec(AbstrSyncDockerCmdExec.java:21)
	at org.testcontainers.shaded.com.github.dockerjava.core.command.AbstrDockerCmd.exec(AbstrDockerCmd.java:35)
	at org.testcontainers.shaded.com.github.dockerjava.core.command.CopyArchiveToContainerCmdImpl.exec(CopyArchiveToContainerCmdImpl.java:154)
	at org.testcontainers.containers.ContainerState.copyFileToContainer(ContainerState.java:298)
	at org.testcontainers.containers.ContainerState.copyFileToContainer(ContainerState.java:267)
	at java.base/java.util.LinkedHashMap.forEach(LinkedHashMap.java:721)
	at org.testcontainers.containers.GenericContainer.tryStart(GenericContainer.java:430)
	at org.testcontainers.containers.GenericContainer.lambda$doStart$0(GenericContainer.java:344)
	at org.rnorth.ducttape.unreliables.Unreliables.retryUntilSuccess(Unreliables.java:81)
	at org.testcontainers.containers.GenericContainer.doStart(GenericContainer.java:334)
	at org.testcontainers.containers.GenericContainer.start(GenericContainer.java:322)
	at org.testcontainers.junit.jupiter.TestcontainersExtension$StoreAdapter.start(TestcontainersExtension.java:242)
	at org.testcontainers.junit.jupiter.TestcontainersExtension$StoreAdapter.access$200(TestcontainersExtension.java:229)
	at org.testcontainers.junit.jupiter.TestcontainersExtension.lambda$null$1(TestcontainersExtension.java:56)
	at org.junit.jupiter.engine.execution.ExtensionValuesStore.lambda$getOrComputeIfAbsent$4(ExtensionValuesStore.java:86)
	at org.junit.jupiter.engine.execution.ExtensionValuesStore$MemoizingSupplier.computeValue(ExtensionValuesStore.java:223)
	at org.junit.jupiter.engine.execution.ExtensionValuesStore$MemoizingSupplier.get(ExtensionValuesStore.java:211)
	at org.junit.jupiter.engine.execution.ExtensionValuesStore$StoredValue.evaluate(ExtensionValuesStore.java:191)
	at org.junit.jupiter.engine.execution.ExtensionValuesStore$StoredValue.access$100(ExtensionValuesStore.java:171)
	at org.junit.jupiter.engine.execution.ExtensionValuesStore.getOrComputeIfAbsent(ExtensionValuesStore.java:89)
	at org.junit.jupiter.engine.execution.NamespaceAwareStore.getOrComputeIfAbsent(NamespaceAwareStore.java:53)
	at org.testcontainers.junit.jupiter.TestcontainersExtension.lambda$beforeAll$2(TestcontainersExtension.java:56)
	at java.base/java.util.ArrayList.forEach(ArrayList.java:1511)
	at org.testcontainers.junit.jupiter.TestcontainersExtension.beforeAll(TestcontainersExtension.java:55)
	at org.junit.jupiter.engine.descriptor.ClassBasedTestDescriptor.lambda$invokeBeforeAllCallbacks$10(ClassBasedTestDescriptor.java:381)
	at org.junit.platform.engine.support.hierarchical.ThrowableCollector.execute(ThrowableCollector.java:73)
	at org.junit.jupiter.engine.descriptor.ClassBasedTestDescriptor.invokeBeforeAllCallbacks(ClassBasedTestDescriptor.java:381)
	at org.junit.jupiter.engine.descriptor.ClassBasedTestDescriptor.before(ClassBasedTestDescriptor.java:205)
	at org.junit.jupiter.engine.descriptor.ClassBasedTestDescriptor.before(ClassBasedTestDescriptor.java:80)
	at org.junit.platform.engine.support.hierarchical.NodeTestTask.lambda$executeRecursively$6(NodeTestTask.java:148)
	at org.junit.platform.engine.support.hierarchical.ThrowableCollector.execute(ThrowableCollector.java:73)
	at org.junit.platform.engine.support.hierarchical.NodeTestTask.lambda$executeRecursively$8(NodeTestTask.java:141)
	at org.junit.platform.engine.support.hierarchical.Node.around(Node.java:137)
	at org.junit.platform.engine.support.hierarchical.NodeTestTask.lambda$executeRecursively$9(NodeTestTask.java:139)
	at org.junit.platform.engine.support.hierarchical.ThrowableCollector.execute(ThrowableCollector.java:73)
	at org.junit.platform.engine.support.hierarchical.NodeTestTask.executeRecursively(NodeTestTask.java:138)
	at org.junit.platform.engine.support.hierarchical.NodeTestTask.execute(NodeTestTask.java:95)
	at java.base/java.util.ArrayList.forEach(ArrayList.java:1511)
	at org.junit.platform.engine.support.hierarchical.SameThreadHierarchicalTestExecutorService.invokeAll(SameThreadHierarchicalTestExecutorService.java:41)
	at org.junit.platform.engine.support.hierarchical.NodeTestTask.lambda$executeRecursively$6(NodeTestTask.java:155)
	at org.junit.platform.engine.support.hierarchical.ThrowableCollector.execute(ThrowableCollector.java:73)
	at org.junit.platform.engine.support.hierarchical.NodeTestTask.lambda$executeRecursively$8(NodeTestTask.java:141)
	at org.junit.platform.engine.support.hierarchical.Node.around(Node.java:137)
	at org.junit.platform.engine.support.hierarchical.NodeTestTask.lambda$executeRecursively$9(NodeTestTask.java:139)
	at org.junit.platform.engine.support.hierarchical.ThrowableCollector.execute(ThrowableCollector.java:73)
	at org.junit.platform.engine.support.hierarchical.NodeTestTask.executeRecursively(NodeTestTask.java:138)
	at org.junit.platform.engine.support.hierarchical.NodeTestTask.execute(NodeTestTask.java:95)
	at org.junit.platform.engine.support.hierarchical.SameThreadHierarchicalTestExecutorService.submit(SameThreadHierarchicalTestExecutorService.java:35)
	at org.junit.platform.engine.support.hierarchical.HierarchicalTestExecutor.execute(HierarchicalTestExecutor.java:57)
	at org.junit.platform.engine.support.hierarchical.HierarchicalTestEngine.execute(HierarchicalTestEngine.java:54)
	at org.junit.platform.launcher.core.EngineExecutionOrchestrator.execute(EngineExecutionOrchestrator.java:107)
	at org.junit.platform.launcher.core.EngineExecutionOrchestrator.execute(EngineExecutionOrchestrator.java:88)
	at org.junit.platform.launcher.core.EngineExecutionOrchestrator.lambda$execute$0(EngineExecutionOrchestrator.java:54)
	at org.junit.platform.launcher.core.EngineExecutionOrchestrator.withInterceptedStreams(EngineExecutionOrchestrator.java:67)
	at org.junit.platform.launcher.core.EngineExecutionOrchestrator.execute(EngineExecutionOrchestrator.java:52)
	at org.junit.platform.launcher.core.DefaultLauncher.execute(DefaultLauncher.java:114)
	at org.junit.platform.launcher.core.DefaultLauncher.execute(DefaultLauncher.java:86)
	at org.junit.platform.launcher.core.DefaultLauncherSession$DelegatingLauncher.execute(DefaultLauncherSession.java:86)
	at org.junit.platform.launcher.core.SessionPerRequestLauncher.execute(SessionPerRequestLauncher.java:53)
	at org.gradle.api.internal.tasks.testing.junitplatform.JUnitPlatformTestClassProcessor$CollectAllTestClassesExecutor.processAllTestClasses(JUnitPlatformTestClassProcessor.java:99)
	at org.gradle.api.internal.tasks.testing.junitplatform.JUnitPlatformTestClassProcessor$CollectAllTestClassesExecutor.access$000(JUnitPlatformTestClassProcessor.java:79)
	at org.gradle.api.internal.tasks.testing.junitplatform.JUnitPlatformTestClassProcessor.stop(JUnitPlatformTestClassProcessor.java:75)
	at org.gradle.api.internal.tasks.testing.SuiteTestClassProcessor.stop(SuiteTestClassProcessor.java:62)
	at java.base/jdk.internal.reflect.NativeMethodAccessorImpl.invoke0(Native Method)
	at java.base/jdk.internal.reflect.NativeMethodAccessorImpl.invoke(NativeMethodAccessorImpl.java:77)
	at java.base/jdk.internal.reflect.DelegatingMethodAccessorImpl.invoke(DelegatingMethodAccessorImpl.java:43)
	at java.base/java.lang.reflect.Method.invoke(Method.java:568)
	at org.gradle.internal.dispatch.ReflectionDispatch.dispatch(ReflectionDispatch.java:36)
	at org.gradle.internal.dispatch.ReflectionDispatch.dispatch(ReflectionDispatch.java:24)
	at org.gradle.internal.dispatch.ContextClassLoaderDispatch.dispatch(ContextClassLoaderDispatch.java:33)
	at org.gradle.internal.dispatch.ProxyDispatchAdapter$DispatchingInvocationHandler.invoke(ProxyDispatchAdapter.java:94)
	at jdk.proxy1/jdk.proxy1.$Proxy2.stop(Unknown Source)
	at org.gradle.api.internal.tasks.testing.worker.TestWorker$3.run(TestWorker.java:193)
	at org.gradle.api.internal.tasks.testing.worker.TestWorker.executeAndMaintainThreadName(TestWorker.java:129)
	at org.gradle.api.internal.tasks.testing.worker.TestWorker.execute(TestWorker.java:100)
	at org.gradle.api.internal.tasks.testing.worker.TestWorker.execute(TestWorker.java:60)
	at org.gradle.process.internal.worker.child.ActionExecutionWorker.execute(ActionExecutionWorker.java:56)
	at org.gradle.process.internal.worker.child.SystemApplicationClassLoaderWorker.call(SystemApplicationClassLoaderWorker.java:113)
	at org.gradle.process.internal.worker.child.SystemApplicationClassLoaderWorker.call(SystemApplicationClassLoaderWorker.java:65)
	at worker.org.gradle.process.internal.worker.GradleWorkerMain.run(GradleWorkerMain.java:69)
	at worker.org.gradle.process.internal.worker.GradleWorkerMain.main(GradleWorkerMain.java:74)
23:55:02.680 [Test worker] INFO ]]>&#x1f433;<![CDATA[ [mysql:latest] - Container mysql:latest is starting: c37a42694b7d1cff581f5e7b89a60b044af4721181408c271e821f1413201ca6
23:55:02.680 [Test worker] DEBUG org.testcontainers.shaded.com.github.dockerjava.core.command.AbstrDockerCmd - Cmd: c37a42694b7d1cff581f5e7b89a60b044af4721181408c271e821f1413201ca6
23:55:02.681 [Test worker] DEBUG com.github.dockerjava.zerodep.shaded.org.apache.hc.client5.http.impl.classic.InternalHttpClient - ex-0000000A: preparing request execution
23:55:02.681 [Test worker] DEBUG com.github.dockerjava.zerodep.shaded.org.apache.hc.client5.http.protocol.RequestAddCookies - Cookie spec selected: strict
23:55:02.681 [Test worker] DEBUG com.github.dockerjava.zerodep.shaded.org.apache.hc.client5.http.protocol.RequestAuthCache - Auth cache not set in the context
23:55:02.681 [Test worker] DEBUG com.github.dockerjava.zerodep.shaded.org.apache.hc.client5.http.impl.classic.ProtocolExec - ex-0000000A: target auth state: UNCHALLENGED
23:55:02.681 [Test worker] DEBUG com.github.dockerjava.zerodep.shaded.org.apache.hc.client5.http.impl.classic.ProtocolExec - ex-0000000A: proxy auth state: UNCHALLENGED
23:55:02.682 [Test worker] DEBUG com.github.dockerjava.zerodep.shaded.org.apache.hc.client5.http.impl.classic.ConnectExec - ex-0000000A: acquiring connection with route {}->unix://localhost:2375
23:55:02.682 [Test worker] DEBUG com.github.dockerjava.zerodep.shaded.org.apache.hc.client5.http.impl.classic.InternalHttpClient - ex-0000000A: acquiring endpoint (3 MINUTES)
23:55:02.682 [Test worker] DEBUG com.github.dockerjava.zerodep.shaded.org.apache.hc.client5.http.impl.io.PoolingHttpClientConnectionManager - ex-0000000A: endpoint lease request (3 MINUTES) [route: {}->unix://localhost:2375][total available: 0; route allocated: 0 of 2147483647; total allocated: 0 of 2147483647]
23:55:02.682 [Test worker] DEBUG com.github.dockerjava.zerodep.shaded.org.apache.hc.client5.http.impl.io.PoolingHttpClientConnectionManager - ex-0000000A: endpoint leased [route: {}->unix://localhost:2375][total available: 0; route allocated: 1 of 2147483647; total allocated: 1 of 2147483647]
23:55:02.682 [Test worker] DEBUG com.github.dockerjava.zerodep.shaded.org.apache.hc.client5.http.impl.io.PoolingHttpClientConnectionManager - ex-0000000A: acquired ep-00000009
23:55:02.682 [Test worker] DEBUG com.github.dockerjava.zerodep.shaded.org.apache.hc.client5.http.impl.classic.InternalHttpClient - ex-0000000A: acquired endpoint ep-00000009
23:55:02.682 [Test worker] DEBUG com.github.dockerjava.zerodep.shaded.org.apache.hc.client5.http.impl.classic.ConnectExec - ex-0000000A: opening connection {}->unix://localhost:2375
23:55:02.682 [Test worker] DEBUG com.github.dockerjava.zerodep.shaded.org.apache.hc.client5.http.impl.classic.InternalHttpClient - ep-00000009: connecting endpoint (3 MINUTES)
23:55:02.683 [Test worker] DEBUG com.github.dockerjava.zerodep.shaded.org.apache.hc.client5.http.impl.io.PoolingHttpClientConnectionManager - ep-00000009: connecting endpoint to unix://localhost:2375 (3 MINUTES)
23:55:02.683 [Test worker] DEBUG com.github.dockerjava.zerodep.shaded.org.apache.hc.client5.http.impl.io.DefaultHttpClientConnectionOperator - http-outgoing-2: connecting to localhost/127.0.0.1:2375
23:55:02.683 [Test worker] DEBUG com.github.dockerjava.zerodep.shaded.org.apache.hc.client5.http.impl.io.DefaultHttpClientConnectionOperator - http-outgoing-2: connection established /var/run/docker.sock<->/var/run/docker.sock
23:55:02.683 [Test worker] DEBUG com.github.dockerjava.zerodep.shaded.org.apache.hc.client5.http.impl.io.PoolingHttpClientConnectionManager - ep-00000009: connected http-outgoing-2
23:55:02.683 [Test worker] DEBUG com.github.dockerjava.zerodep.shaded.org.apache.hc.client5.http.impl.classic.InternalHttpClient - ep-00000009: endpoint connected
23:55:02.683 [Test worker] DEBUG com.github.dockerjava.zerodep.shaded.org.apache.hc.client5.http.impl.classic.MainClientExec - ex-0000000A: executing POST /v1.32/containers/c37a42694b7d1cff581f5e7b89a60b044af4721181408c271e821f1413201ca6/start HTTP/1.1
23:55:02.684 [Test worker] DEBUG com.github.dockerjava.zerodep.shaded.org.apache.hc.client5.http.impl.classic.InternalHttpClient - ep-00000009: start execution ex-0000000A
23:55:02.684 [Test worker] DEBUG com.github.dockerjava.zerodep.shaded.org.apache.hc.client5.http.impl.io.PoolingHttpClientConnectionManager - ep-00000009: executing exchange ex-0000000A over http-outgoing-2
23:55:02.684 [Test worker] DEBUG com.github.dockerjava.zerodep.shaded.org.apache.hc.client5.http.headers - http-outgoing-2 >> POST /v1.32/containers/c37a42694b7d1cff581f5e7b89a60b044af4721181408c271e821f1413201ca6/start HTTP/1.1
23:55:02.684 [Test worker] DEBUG com.github.dockerjava.zerodep.shaded.org.apache.hc.client5.http.headers - http-outgoing-2 >> accept: application/json
23:55:02.684 [Test worker] DEBUG com.github.dockerjava.zerodep.shaded.org.apache.hc.client5.http.headers - http-outgoing-2 >> content-type: application/json
23:55:02.684 [Test worker] DEBUG com.github.dockerjava.zerodep.shaded.org.apache.hc.client5.http.headers - http-outgoing-2 >> x-tc-sid: 818a13d9-e138-4e41-b5a4-74fd927e6a2d
23:55:02.684 [Test worker] DEBUG com.github.dockerjava.zerodep.shaded.org.apache.hc.client5.http.headers - http-outgoing-2 >> Accept-Encoding: gzip, x-gzip, deflate
23:55:02.684 [Test worker] DEBUG com.github.dockerjava.zerodep.shaded.org.apache.hc.client5.http.headers - http-outgoing-2 >> Host: localhost:2375
23:55:02.684 [Test worker] DEBUG com.github.dockerjava.zerodep.shaded.org.apache.hc.client5.http.headers - http-outgoing-2 >> Connection: keep-alive
23:55:02.684 [Test worker] DEBUG com.github.dockerjava.zerodep.shaded.org.apache.hc.client5.http.headers - http-outgoing-2 >> User-Agent: Apache-HttpClient/5.0.3 (Java/17.0.2)
23:55:02.684 [Test worker] DEBUG com.github.dockerjava.zerodep.shaded.org.apache.hc.client5.http.wire - http-outgoing-2 >> "POST /v1.32/containers/c37a42694b7d1cff581f5e7b89a60b044af4721181408c271e821f1413201ca6/start HTTP/1.1[\r][\n]"
23:55:02.684 [Test worker] DEBUG com.github.dockerjava.zerodep.shaded.org.apache.hc.client5.http.wire - http-outgoing-2 >> "accept: application/json[\r][\n]"
23:55:02.684 [Test worker] DEBUG com.github.dockerjava.zerodep.shaded.org.apache.hc.client5.http.wire - http-outgoing-2 >> "content-type: application/json[\r][\n]"
23:55:02.684 [Test worker] DEBUG com.github.dockerjava.zerodep.shaded.org.apache.hc.client5.http.wire - http-outgoing-2 >> "x-tc-sid: 818a13d9-e138-4e41-b5a4-74fd927e6a2d[\r][\n]"
23:55:02.684 [Test worker] DEBUG com.github.dockerjava.zerodep.shaded.org.apache.hc.client5.http.wire - http-outgoing-2 >> "Accept-Encoding: gzip, x-gzip, deflate[\r][\n]"
23:55:02.684 [Test worker] DEBUG com.github.dockerjava.zerodep.shaded.org.apache.hc.client5.http.wire - http-outgoing-2 >> "Host: localhost:2375[\r][\n]"
23:55:02.684 [Test worker] DEBUG com.github.dockerjava.zerodep.shaded.org.apache.hc.client5.http.wire - http-outgoing-2 >> "Connection: keep-alive[\r][\n]"
23:55:02.684 [Test worker] DEBUG com.github.dockerjava.zerodep.shaded.org.apache.hc.client5.http.wire - http-outgoing-2 >> "User-Agent: Apache-HttpClient/5.0.3 (Java/17.0.2)[\r][\n]"
23:55:02.684 [Test worker] DEBUG com.github.dockerjava.zerodep.shaded.org.apache.hc.client5.http.wire - http-outgoing-2 >> "[\r][\n]"
23:55:03.130 [Test worker] DEBUG com.github.dockerjava.zerodep.shaded.org.apache.hc.client5.http.wire - http-outgoing-2 << "HTTP/1.1 204 No Content[\r][\n]"
23:55:03.130 [Test worker] DEBUG com.github.dockerjava.zerodep.shaded.org.apache.hc.client5.http.wire - http-outgoing-2 << "Api-Version: 1.41[\r][\n]"
23:55:03.130 [Test worker] DEBUG com.github.dockerjava.zerodep.shaded.org.apache.hc.client5.http.wire - http-outgoing-2 << "Date: Mon, 27 Mar 2023 02:55:03 GMT[\r][\n]"
23:55:03.130 [Test worker] DEBUG com.github.dockerjava.zerodep.shaded.org.apache.hc.client5.http.wire - http-outgoing-2 << "Docker-Experimental: false[\r][\n]"
23:55:03.131 [Test worker] DEBUG com.github.dockerjava.zerodep.shaded.org.apache.hc.client5.http.wire - http-outgoing-2 << "Ostype: linux[\r][\n]"
23:55:03.131 [Test worker] DEBUG com.github.dockerjava.zerodep.shaded.org.apache.hc.client5.http.wire - http-outgoing-2 << "Server: Docker/20.10.21 (linux)[\r][\n]"
23:55:03.131 [Test worker] DEBUG com.github.dockerjava.zerodep.shaded.org.apache.hc.client5.http.wire - http-outgoing-2 << "[\r][\n]"
23:55:03.131 [Test worker] DEBUG com.github.dockerjava.zerodep.shaded.org.apache.hc.client5.http.headers - http-outgoing-2 << HTTP/1.1 204 No Content
23:55:03.131 [Test worker] DEBUG com.github.dockerjava.zerodep.shaded.org.apache.hc.client5.http.headers - http-outgoing-2 << Api-Version: 1.41
23:55:03.131 [Test worker] DEBUG com.github.dockerjava.zerodep.shaded.org.apache.hc.client5.http.headers - http-outgoing-2 << Date: Mon, 27 Mar 2023 02:55:03 GMT
23:55:03.131 [Test worker] DEBUG com.github.dockerjava.zerodep.shaded.org.apache.hc.client5.http.headers - http-outgoing-2 << Docker-Experimental: false
23:55:03.131 [Test worker] DEBUG com.github.dockerjava.zerodep.shaded.org.apache.hc.client5.http.headers - http-outgoing-2 << Ostype: linux
23:55:03.131 [Test worker] DEBUG com.github.dockerjava.zerodep.shaded.org.apache.hc.client5.http.headers - http-outgoing-2 << Server: Docker/20.10.21 (linux)
23:55:03.131 [Test worker] DEBUG com.github.dockerjava.zerodep.shaded.org.apache.hc.client5.http.impl.classic.MainClientExec - ex-0000000A: connection can be kept alive for 3 MINUTES
23:55:03.131 [Test worker] DEBUG com.github.dockerjava.zerodep.shaded.org.apache.hc.client5.http.impl.classic.InternalHttpClient - ep-00000009: releasing valid endpoint
23:55:03.131 [Test worker] DEBUG com.github.dockerjava.zerodep.shaded.org.apache.hc.client5.http.impl.io.PoolingHttpClientConnectionManager - ep-00000009: releasing endpoint
23:55:03.131 [Test worker] DEBUG com.github.dockerjava.zerodep.shaded.org.apache.hc.client5.http.impl.io.PoolingHttpClientConnectionManager - ep-00000009: connection http-outgoing-2 can be kept alive for 3 MINUTES
23:55:03.131 [Test worker] DEBUG com.github.dockerjava.zerodep.shaded.org.apache.hc.client5.http.impl.io.PoolingHttpClientConnectionManager - ep-00000009: connection released [route: {}->unix://localhost:2375][total available: 1; route allocated: 1 of 2147483647; total allocated: 1 of 2147483647]
23:55:03.132 [Test worker] DEBUG org.testcontainers.shaded.com.github.dockerjava.core.command.AbstrDockerCmd - Cmd: c37a42694b7d1cff581f5e7b89a60b044af4721181408c271e821f1413201ca6,false
23:55:03.132 [Test worker] DEBUG org.testcontainers.shaded.com.github.dockerjava.core.exec.InspectContainerCmdExec - GET: DefaultWebTarget{path=[/containers/c37a42694b7d1cff581f5e7b89a60b044af4721181408c271e821f1413201ca6/json], queryParams={}}
23:55:03.132 [Test worker] DEBUG com.github.dockerjava.zerodep.shaded.org.apache.hc.client5.http.impl.classic.InternalHttpClient - ex-0000000B: preparing request execution
23:55:03.133 [Test worker] DEBUG com.github.dockerjava.zerodep.shaded.org.apache.hc.client5.http.protocol.RequestAddCookies - Cookie spec selected: strict
23:55:03.133 [Test worker] DEBUG com.github.dockerjava.zerodep.shaded.org.apache.hc.client5.http.protocol.RequestAuthCache - Auth cache not set in the context
23:55:03.133 [Test worker] DEBUG com.github.dockerjava.zerodep.shaded.org.apache.hc.client5.http.impl.classic.ProtocolExec - ex-0000000B: target auth state: UNCHALLENGED
23:55:03.133 [Test worker] DEBUG com.github.dockerjava.zerodep.shaded.org.apache.hc.client5.http.impl.classic.ProtocolExec - ex-0000000B: proxy auth state: UNCHALLENGED
23:55:03.133 [Test worker] DEBUG com.github.dockerjava.zerodep.shaded.org.apache.hc.client5.http.impl.classic.ConnectExec - ex-0000000B: acquiring connection with route {}->unix://localhost:2375
23:55:03.133 [Test worker] DEBUG com.github.dockerjava.zerodep.shaded.org.apache.hc.client5.http.impl.classic.InternalHttpClient - ex-0000000B: acquiring endpoint (3 MINUTES)
23:55:03.133 [Test worker] DEBUG com.github.dockerjava.zerodep.shaded.org.apache.hc.client5.http.impl.io.PoolingHttpClientConnectionManager - ex-0000000B: endpoint lease request (3 MINUTES) [route: {}->unix://localhost:2375][total available: 1; route allocated: 1 of 2147483647; total allocated: 1 of 2147483647]
23:55:03.133 [Test worker] DEBUG com.github.dockerjava.zerodep.shaded.org.apache.hc.client5.http.impl.io.PoolingHttpClientConnectionManager - ex-0000000B: endpoint leased [route: {}->unix://localhost:2375][total available: 0; route allocated: 1 of 2147483647; total allocated: 1 of 2147483647]
23:55:03.133 [Test worker] DEBUG com.github.dockerjava.zerodep.shaded.org.apache.hc.client5.http.impl.io.PoolingHttpClientConnectionManager - ex-0000000B: acquired ep-0000000A
23:55:03.133 [Test worker] DEBUG com.github.dockerjava.zerodep.shaded.org.apache.hc.client5.http.impl.classic.InternalHttpClient - ex-0000000B: acquired endpoint ep-0000000A
23:55:03.133 [Test worker] DEBUG com.github.dockerjava.zerodep.shaded.org.apache.hc.client5.http.impl.classic.MainClientExec - ex-0000000B: executing GET /v1.32/containers/c37a42694b7d1cff581f5e7b89a60b044af4721181408c271e821f1413201ca6/json HTTP/1.1
23:55:03.133 [Test worker] DEBUG com.github.dockerjava.zerodep.shaded.org.apache.hc.client5.http.impl.classic.InternalHttpClient - ep-0000000A: start execution ex-0000000B
23:55:03.133 [Test worker] DEBUG com.github.dockerjava.zerodep.shaded.org.apache.hc.client5.http.impl.io.PoolingHttpClientConnectionManager - ep-0000000A: executing exchange ex-0000000B over http-outgoing-2
23:55:03.134 [Test worker] DEBUG com.github.dockerjava.zerodep.shaded.org.apache.hc.client5.http.headers - http-outgoing-2 >> GET /v1.32/containers/c37a42694b7d1cff581f5e7b89a60b044af4721181408c271e821f1413201ca6/json HTTP/1.1
23:55:03.134 [Test worker] DEBUG com.github.dockerjava.zerodep.shaded.org.apache.hc.client5.http.headers - http-outgoing-2 >> accept: application/json
23:55:03.134 [Test worker] DEBUG com.github.dockerjava.zerodep.shaded.org.apache.hc.client5.http.headers - http-outgoing-2 >> x-tc-sid: 818a13d9-e138-4e41-b5a4-74fd927e6a2d
23:55:03.134 [Test worker] DEBUG com.github.dockerjava.zerodep.shaded.org.apache.hc.client5.http.headers - http-outgoing-2 >> Accept-Encoding: gzip, x-gzip, deflate
23:55:03.134 [Test worker] DEBUG com.github.dockerjava.zerodep.shaded.org.apache.hc.client5.http.headers - http-outgoing-2 >> Host: localhost:2375
23:55:03.134 [Test worker] DEBUG com.github.dockerjava.zerodep.shaded.org.apache.hc.client5.http.headers - http-outgoing-2 >> Connection: keep-alive
23:55:03.134 [Test worker] DEBUG com.github.dockerjava.zerodep.shaded.org.apache.hc.client5.http.headers - http-outgoing-2 >> User-Agent: Apache-HttpClient/5.0.3 (Java/17.0.2)
23:55:03.134 [Test worker] DEBUG com.github.dockerjava.zerodep.shaded.org.apache.hc.client5.http.wire - http-outgoing-2 >> "GET /v1.32/containers/c37a42694b7d1cff581f5e7b89a60b044af4721181408c271e821f1413201ca6/json HTTP/1.1[\r][\n]"
23:55:03.134 [Test worker] DEBUG com.github.dockerjava.zerodep.shaded.org.apache.hc.client5.http.wire - http-outgoing-2 >> "accept: application/json[\r][\n]"
23:55:03.134 [Test worker] DEBUG com.github.dockerjava.zerodep.shaded.org.apache.hc.client5.http.wire - http-outgoing-2 >> "x-tc-sid: 818a13d9-e138-4e41-b5a4-74fd927e6a2d[\r][\n]"
23:55:03.134 [Test worker] DEBUG com.github.dockerjava.zerodep.shaded.org.apache.hc.client5.http.wire - http-outgoing-2 >> "Accept-Encoding: gzip, x-gzip, deflate[\r][\n]"
23:55:03.134 [Test worker] DEBUG com.github.dockerjava.zerodep.shaded.org.apache.hc.client5.http.wire - http-outgoing-2 >> "Host: localhost:2375[\r][\n]"
23:55:03.134 [Test worker] DEBUG com.github.dockerjava.zerodep.shaded.org.apache.hc.client5.http.wire - http-outgoing-2 >> "Connection: keep-alive[\r][\n]"
23:55:03.134 [Test worker] DEBUG com.github.dockerjava.zerodep.shaded.org.apache.hc.client5.http.wire - http-outgoing-2 >> "User-Agent: Apache-HttpClient/5.0.3 (Java/17.0.2)[\r][\n]"
23:55:03.134 [Test worker] DEBUG com.github.dockerjava.zerodep.shaded.org.apache.hc.client5.http.wire - http-outgoing-2 >> "[\r][\n]"
23:55:03.135 [Test worker] DEBUG com.github.dockerjava.zerodep.shaded.org.apache.hc.client5.http.wire - http-outgoing-2 << "HTTP/1.1 200 OK[\r][\n]"
23:55:03.136 [Test worker] DEBUG com.github.dockerjava.zerodep.shaded.org.apache.hc.client5.http.wire - http-outgoing-2 << "Api-Version: 1.41[\r][\n]"
23:55:03.136 [Test worker] DEBUG com.github.dockerjava.zerodep.shaded.org.apache.hc.client5.http.wire - http-outgoing-2 << "Content-Type: application/json[\r][\n]"
23:55:03.136 [Test worker] DEBUG com.github.dockerjava.zerodep.shaded.org.apache.hc.client5.http.wire - http-outgoing-2 << "Date: Mon, 27 Mar 2023 02:55:03 GMT[\r][\n]"
23:55:03.136 [Test worker] DEBUG com.github.dockerjava.zerodep.shaded.org.apache.hc.client5.http.wire - http-outgoing-2 << "Docker-Experimental: false[\r][\n]"
23:55:03.136 [Test worker] DEBUG com.github.dockerjava.zerodep.shaded.org.apache.hc.client5.http.wire - http-outgoing-2 << "Ostype: linux[\r][\n]"
23:55:03.136 [Test worker] DEBUG com.github.dockerjava.zerodep.shaded.org.apache.hc.client5.http.wire - http-outgoing-2 << "Server: Docker/20.10.21 (linux)[\r][\n]"
23:55:03.136 [Test worker] DEBUG com.github.dockerjava.zerodep.shaded.org.apache.hc.client5.http.wire - http-outgoing-2 << "Transfer-Encoding: chunked[\r][\n]"
23:55:03.136 [Test worker] DEBUG com.github.dockerjava.zerodep.shaded.org.apache.hc.client5.http.wire - http-outgoing-2 << "[\r][\n]"
23:55:03.136 [Test worker] DEBUG com.github.dockerjava.zerodep.shaded.org.apache.hc.client5.http.headers - http-outgoing-2 << HTTP/1.1 200 OK
23:55:03.136 [Test worker] DEBUG com.github.dockerjava.zerodep.shaded.org.apache.hc.client5.http.headers - http-outgoing-2 << Api-Version: 1.41
23:55:03.136 [Test worker] DEBUG com.github.dockerjava.zerodep.shaded.org.apache.hc.client5.http.headers - http-outgoing-2 << Content-Type: application/json
23:55:03.136 [Test worker] DEBUG com.github.dockerjava.zerodep.shaded.org.apache.hc.client5.http.headers - http-outgoing-2 << Date: Mon, 27 Mar 2023 02:55:03 GMT
23:55:03.136 [Test worker] DEBUG com.github.dockerjava.zerodep.shaded.org.apache.hc.client5.http.headers - http-outgoing-2 << Docker-Experimental: false
23:55:03.136 [Test worker] DEBUG com.github.dockerjava.zerodep.shaded.org.apache.hc.client5.http.headers - http-outgoing-2 << Ostype: linux
23:55:03.136 [Test worker] DEBUG com.github.dockerjava.zerodep.shaded.org.apache.hc.client5.http.headers - http-outgoing-2 << Server: Docker/20.10.21 (linux)
23:55:03.136 [Test worker] DEBUG com.github.dockerjava.zerodep.shaded.org.apache.hc.client5.http.headers - http-outgoing-2 << Transfer-Encoding: chunked
23:55:03.136 [Test worker] DEBUG com.github.dockerjava.zerodep.shaded.org.apache.hc.client5.http.impl.classic.MainClientExec - ex-0000000B: connection can be kept alive for 3 MINUTES
23:55:03.137 [Test worker] DEBUG com.github.dockerjava.zerodep.shaded.org.apache.hc.client5.http.wire - http-outgoing-2 << "18c1[\r][\n]"
23:55:03.137 [Test worker] DEBUG com.github.dockerjava.zerodep.shaded.org.apache.hc.client5.http.wire - http-outgoing-2 << "{"Id":"c37a42694b7d1cff581f5e7b89a60b044af4721181408c271e821f1413201ca6","Created":"2023-03-27T02:55:02.49734542Z","Path":"docker-entrypoint.sh","Args":["mysqld"],"State":{"Status":"running","Running":true,"Paused":false,"Restarting":false,"OOMKilled":false,"Dead":false,"Pid":18342,"ExitCode":0,"Error":"","StartedAt":"2023-03-27T02:55:03.12719392Z","FinishedAt":"0001-01-01T00:00:00Z"},"Image":"sha256:c7c54c29e20dccc1aefb936c8eba8bb8b98b87a4921102aba87fde2df5810af9","ResolvConfPath":"/var/lib/docker/containers/c37a42694b7d1cff581f5e7b89a60b044af4721181408c271e821f1413201ca6/resolv.conf","HostnamePath":"/var/lib/docker/containers/c37a42694b7d1cff581f5e7b89a60b044af4721181408c271e821f1413201ca6/hostname","HostsPath":"/var/lib/docker/containers/c37a42694b7d1cff581f5e7b89a60b044af4721181408c271e821f1413201ca6/hosts","LogPath":"/var/lib/docker/containers/c37a42694b7d1cff581f5e7b89a60b044af4721181408c271e821f1413201ca6/c37a42694b7d1cff581f5e7b89a60b044af4721181408c271e821f1413201ca6-json.log","Name":"/elegant_mahavira","RestartCount":0,"Driver":"overlay2","Platform":"linux","MountLabel":"","ProcessLabel":"","AppArmorProfile":"","ExecIDs":null,"HostConfig":{"Binds":[],"ContainerIDFile":"","LogConfig":{"Type":"json-file","Config":{}},"NetworkMode":"default","PortBindings":{"3306/tcp":[{"HostIp":"0.0.0.0","HostPort":"0"}]},"RestartPolicy":{"Name":"","MaximumRetryCount":0},"AutoRemove":false,"VolumeDriver":"","VolumesFrom":[],"CapAdd":null,"CapDrop":null,"CgroupnsMode":"private","Dns":null,"DnsOptions":null,"DnsSearch":null,"ExtraHosts":[],"GroupAdd":null,"IpcMode":"shareable","Cgroup":"","Links":null,"OomScoreAdj":0,"PidMode":"","Privileged":false,"PublishAllPorts":false,"ReadonlyRootfs":false,"SecurityOpt":null,"UTSMode":"","UsernsMode":"","ShmSize":67108864,"Runtime":"runc","ConsoleSize":[0,0],"Isolation":"","CpuShares":0,"Memory":0,"NanoCpus":0,"CgroupParent":"","BlkioWeight":0,"BlkioWeightDevice":null,"BlkioDeviceReadBps":null,"BlkioDeviceWriteBps":null,"BlkioDeviceReadIOps":null,"BlkioDeviceWriteIOps":null,"CpuPeriod":0,"CpuQuota":0,"CpuRealtimePeriod":0,"CpuRealtimeRuntime":0,"CpusetCpus":"","CpusetMems":"","Devices":null,"DeviceCgroupRules":null,"DeviceRequests":null,"KernelMemory":0,"KernelMemoryTCP":0,"MemoryReservation":0,"MemorySwap":0,"MemorySwappiness":null,"OomKillDisable":null,"PidsLimit":null,"Ulimits":null,"CpuCount":0,"CpuPercent":0,"IOMaximumIOps":0,"IOMaximumBandwidth":0,"MaskedPaths":["/proc/asound","/proc/acpi","/proc/kcore","/proc/keys","/proc/latency_stats","/proc/timer_list","/proc/timer_stats","/proc/sched_debug","/proc/scsi","/sys/firmware"],"ReadonlyPaths":["/proc/bus","/proc/fs","/proc/irq","/proc/sys","/proc/sysrq-trigger"]},"GraphDriver":{"Data":{"LowerDir":"/var/lib/docker/overlay2/2c15a904a49807090175d7750f18e0f6a57e99c38a424839679cbaf676a4d500-init/diff:/var/lib/docker/overlay2/1bd8849d7a296305617011f940aa5cfabbe972a513397b1b6bbc27639b6c1f30/diff:/var/lib/docker/overlay2/199d69b2fbf78af4d4c95dec4fd2f8835ab0347eb49fb20ebb2ff3b99fedd6ad/diff:/var/lib/docker/overlay2/d83c38d654989311f75b9491329846033bfb7714de76ef635380dcfad5c740d9/diff:/var/lib/docker/overlay2/08600d0aea2ab2728bebcf5d2589c640a842f53d1ba3c4a4adccb4d03b923cf6/diff:/var/lib/docker/overlay2/9ec7c63a3fb14d13ac788bbf5e282ca821edc41260b79944e5e631037d13ecda/diff:/var/lib/docker/overlay2/db601d7a1b4ea6da638db620462f0da96fa55c559d02269c9ddb09027936ed87/diff:/var/lib/docker/overlay2/a6d2bd03f942e2565f21e74cfe152c7ec836a1c2b583f0790c685b92bdcfda24/diff:/var/lib/docker/overlay2/9badd16ea2c5e2bf1fde8b579683e41137dfc46ed5449234149f199a6751cc84/diff:/var/lib/docker/overlay2/6efb85646ed12e2d1181ef4cc6f6f6732c00c15a4035fe17ebc4f075ca573c30/diff:/var/lib/docker/overlay2/895d7c0ec09144d6ed33936f4e98e11c18010f7abd708cae1ce43aec7a7f2621/diff:/var/lib/docker/overlay2/1c4ba77aa573ab6e5e5069fd15eae71b3da940bde0f97a922a227ffc8a1d1096/diff","MergedDir":"/var/lib/docker/overlay2/2c15a904a49807090175d7750f18e0f6a57e99c38a424839679cbaf676a4d500/merged","UpperDir":"/var/lib/docker/overlay2/2c15a904a49807090175d7750f18e0f6a57e99c38a424839679cbaf676a4d500/diff","WorkDir":"/var/lib/docker/overlay2/2c15a904a49807090175d7750f18e0f6a57e99c38a424839679cbaf676a4d500/work"},"Name":"overlay2"},"Mounts":[{"Type":"volume","Name":"44a9389ce95a2961210e86afd6afe42b23405f43157b5dc00e010d283c01df79","Source":"/var/lib/docker/volumes/44a9389ce95a2961210e86afd6afe42b23405f43157b5dc00e010d283c01df79/_data","Destination":"/var/lib/mysql","Driver":"local","Mode":"","RW":true,"Propagation":""}],"Config":{"Hostname":"c37a42694b7d","Domainname":"","User":"","AttachStdin":false,"AttachStdout":false,"AttachStderr":false,"ExposedPorts":{"3306/tcp":{},"33060/tcp":{}},"Tty":false,"OpenStdin":false,"StdinOnce":false,"Env":["MYSQL_DATABASE=adm_videos","MYSQL_PASSWORD=123456","MYSQL_ROOT_PASSWORD=123456","PATH=/usr/local/sbin:/usr/local/bin:/usr/sbin:/usr/bin:/sbin:/bin","GOSU_VERSION=1.16","MYSQL_MAJOR=8.0","MYSQL_VERSION=8.0.32-1.el8","MYSQL_SHELL_VERSION=8.0.32-1.el8"],"Cmd":["mysqld"],"Image":"mysql:latest","Volumes":{"/var/lib/mysql":{}},"WorkingDir":"","Entrypoint":["docker-entrypoint.sh"],"OnBuild":null,"Labels":{"org.testcontainers":"true","org.testcontainers.lang":"java","org.testcontainers.sessionId":"818a13d9-e138-4e41-b5a4-74fd927e6a2d","org.testcontainers.version":"1.17.6"}},"NetworkSettings":{"Bridge":"","SandboxID":"bd1f3a626f226e407a1a406212013b21c93b302c93f9fd53a405b7fc5ff825b3","HairpinMode":false,"LinkLocalIPv6Address":"","LinkLocalIPv6PrefixLen":0,"Ports":{"3306/tcp":[{"HostIp":"0.0.0.0","HostPort":"56289"}],"33060/tcp":null},"SandboxKey":"/var/run/docker/netns/bd1f3a626f22","SecondaryIPAddresses":null,"SecondaryIPv6Addresses":null,"EndpointID":"a2b725c0c5ce4503f8e45e0c2adc4455b29a53a4866d3f23b2bce893a084641f","Gateway":"172.17.0.1","GlobalIPv6Address":"","GlobalIPv6PrefixLen":0,"IPAddress":"172.17.0.3","IPPrefixLen":16,"IPv6Gateway":"","MacAddress":"02:42:ac:11:00:03","Networks":{"bridge":{"IPAMConfig":null,"Links":null,"Aliases":null,"NetworkID":"308e234c143065751b16b4500cb9f48d5c7fc2116504b3d816a5e51cd4771062","EndpointID":"a2b725c0c5ce4503f8e45e0c2adc4455b29a53a4866d3f23b2bce893a084641f","Gateway":"172.17.0.1","IPAddress":"172.17.0.3","IPPrefixLen":16,"IPv6Gateway":"","GlobalIPv6Address":"","GlobalIPv6PrefixLen":0,"MacAddress":"02:42:ac:11:00:03","DriverOpts":null}}}}[\n]"
23:55:03.138 [Test worker] DEBUG com.github.dockerjava.zerodep.shaded.org.apache.hc.client5.http.wire - http-outgoing-2 << "[\r][\n]"
23:55:03.141 [Test worker] DEBUG com.github.dockerjava.zerodep.shaded.org.apache.hc.client5.http.wire - http-outgoing-2 << "0[\r][\n]"
23:55:03.141 [Test worker] DEBUG com.github.dockerjava.zerodep.shaded.org.apache.hc.client5.http.wire - http-outgoing-2 << "[\r][\n]"
23:55:03.141 [Test worker] DEBUG com.github.dockerjava.zerodep.shaded.org.apache.hc.client5.http.impl.classic.InternalHttpClient - ep-0000000A: releasing valid endpoint
23:55:03.141 [Test worker] DEBUG com.github.dockerjava.zerodep.shaded.org.apache.hc.client5.http.impl.io.PoolingHttpClientConnectionManager - ep-0000000A: releasing endpoint
23:55:03.141 [Test worker] DEBUG com.github.dockerjava.zerodep.shaded.org.apache.hc.client5.http.impl.io.PoolingHttpClientConnectionManager - ep-0000000A: connection http-outgoing-2 can be kept alive for 3 MINUTES
23:55:03.141 [Test worker] DEBUG com.github.dockerjava.zerodep.shaded.org.apache.hc.client5.http.impl.io.PoolingHttpClientConnectionManager - ep-0000000A: connection released [route: {}->unix://localhost:2375][total available: 1; route allocated: 1 of 2147483647; total allocated: 1 of 2147483647]
23:55:03.142 [Test worker] INFO ]]>&#x1f433;<![CDATA[ [mysql:latest] - Waiting for database connection to become available at jdbc:mysql://localhost:56289/adm_videos using query 'SELECT 1'
23:55:03.142 [Test worker] DEBUG org.testcontainers.shaded.com.github.dockerjava.core.command.AbstrDockerCmd - Cmd: c37a42694b7d1cff581f5e7b89a60b044af4721181408c271e821f1413201ca6,false
23:55:03.142 [Test worker] DEBUG org.testcontainers.shaded.com.github.dockerjava.core.exec.InspectContainerCmdExec - GET: DefaultWebTarget{path=[/containers/c37a42694b7d1cff581f5e7b89a60b044af4721181408c271e821f1413201ca6/json], queryParams={}}
23:55:03.142 [Test worker] DEBUG com.github.dockerjava.zerodep.shaded.org.apache.hc.client5.http.impl.classic.InternalHttpClient - ex-0000000C: preparing request execution
23:55:03.142 [Test worker] DEBUG com.github.dockerjava.zerodep.shaded.org.apache.hc.client5.http.protocol.RequestAddCookies - Cookie spec selected: strict
23:55:03.142 [Test worker] DEBUG com.github.dockerjava.zerodep.shaded.org.apache.hc.client5.http.protocol.RequestAuthCache - Auth cache not set in the context
23:55:03.142 [Test worker] DEBUG com.github.dockerjava.zerodep.shaded.org.apache.hc.client5.http.impl.classic.ProtocolExec - ex-0000000C: target auth state: UNCHALLENGED
23:55:03.142 [Test worker] DEBUG com.github.dockerjava.zerodep.shaded.org.apache.hc.client5.http.impl.classic.ProtocolExec - ex-0000000C: proxy auth state: UNCHALLENGED
23:55:03.142 [Test worker] DEBUG com.github.dockerjava.zerodep.shaded.org.apache.hc.client5.http.impl.classic.ConnectExec - ex-0000000C: acquiring connection with route {}->unix://localhost:2375
23:55:03.142 [Test worker] DEBUG com.github.dockerjava.zerodep.shaded.org.apache.hc.client5.http.impl.classic.InternalHttpClient - ex-0000000C: acquiring endpoint (3 MINUTES)
23:55:03.142 [Test worker] DEBUG com.github.dockerjava.zerodep.shaded.org.apache.hc.client5.http.impl.io.PoolingHttpClientConnectionManager - ex-0000000C: endpoint lease request (3 MINUTES) [route: {}->unix://localhost:2375][total available: 1; route allocated: 1 of 2147483647; total allocated: 1 of 2147483647]
23:55:03.142 [Test worker] DEBUG com.github.dockerjava.zerodep.shaded.org.apache.hc.client5.http.impl.io.PoolingHttpClientConnectionManager - ex-0000000C: endpoint leased [route: {}->unix://localhost:2375][total available: 0; route allocated: 1 of 2147483647; total allocated: 1 of 2147483647]
23:55:03.142 [Test worker] DEBUG com.github.dockerjava.zerodep.shaded.org.apache.hc.client5.http.impl.io.PoolingHttpClientConnectionManager - ex-0000000C: acquired ep-0000000B
23:55:03.142 [Test worker] DEBUG com.github.dockerjava.zerodep.shaded.org.apache.hc.client5.http.impl.classic.InternalHttpClient - ex-0000000C: acquired endpoint ep-0000000B
23:55:03.142 [Test worker] DEBUG com.github.dockerjava.zerodep.shaded.org.apache.hc.client5.http.impl.classic.MainClientExec - ex-0000000C: executing GET /v1.32/containers/c37a42694b7d1cff581f5e7b89a60b044af4721181408c271e821f1413201ca6/json HTTP/1.1
23:55:03.142 [Test worker] DEBUG com.github.dockerjava.zerodep.shaded.org.apache.hc.client5.http.impl.classic.InternalHttpClient - ep-0000000B: start execution ex-0000000C
23:55:03.142 [Test worker] DEBUG com.github.dockerjava.zerodep.shaded.org.apache.hc.client5.http.impl.io.PoolingHttpClientConnectionManager - ep-0000000B: executing exchange ex-0000000C over http-outgoing-2
23:55:03.143 [Test worker] DEBUG com.github.dockerjava.zerodep.shaded.org.apache.hc.client5.http.headers - http-outgoing-2 >> GET /v1.32/containers/c37a42694b7d1cff581f5e7b89a60b044af4721181408c271e821f1413201ca6/json HTTP/1.1
23:55:03.143 [Test worker] DEBUG com.github.dockerjava.zerodep.shaded.org.apache.hc.client5.http.headers - http-outgoing-2 >> accept: application/json
23:55:03.143 [Test worker] DEBUG com.github.dockerjava.zerodep.shaded.org.apache.hc.client5.http.headers - http-outgoing-2 >> x-tc-sid: 818a13d9-e138-4e41-b5a4-74fd927e6a2d
23:55:03.143 [Test worker] DEBUG com.github.dockerjava.zerodep.shaded.org.apache.hc.client5.http.headers - http-outgoing-2 >> Accept-Encoding: gzip, x-gzip, deflate
23:55:03.143 [Test worker] DEBUG com.github.dockerjava.zerodep.shaded.org.apache.hc.client5.http.headers - http-outgoing-2 >> Host: localhost:2375
23:55:03.143 [Test worker] DEBUG com.github.dockerjava.zerodep.shaded.org.apache.hc.client5.http.headers - http-outgoing-2 >> Connection: keep-alive
23:55:03.143 [Test worker] DEBUG com.github.dockerjava.zerodep.shaded.org.apache.hc.client5.http.headers - http-outgoing-2 >> User-Agent: Apache-HttpClient/5.0.3 (Java/17.0.2)
23:55:03.143 [Test worker] DEBUG com.github.dockerjava.zerodep.shaded.org.apache.hc.client5.http.wire - http-outgoing-2 >> "GET /v1.32/containers/c37a42694b7d1cff581f5e7b89a60b044af4721181408c271e821f1413201ca6/json HTTP/1.1[\r][\n]"
23:55:03.143 [Test worker] DEBUG com.github.dockerjava.zerodep.shaded.org.apache.hc.client5.http.wire - http-outgoing-2 >> "accept: application/json[\r][\n]"
23:55:03.143 [Test worker] DEBUG com.github.dockerjava.zerodep.shaded.org.apache.hc.client5.http.wire - http-outgoing-2 >> "x-tc-sid: 818a13d9-e138-4e41-b5a4-74fd927e6a2d[\r][\n]"
23:55:03.143 [Test worker] DEBUG com.github.dockerjava.zerodep.shaded.org.apache.hc.client5.http.wire - http-outgoing-2 >> "Accept-Encoding: gzip, x-gzip, deflate[\r][\n]"
23:55:03.143 [Test worker] DEBUG com.github.dockerjava.zerodep.shaded.org.apache.hc.client5.http.wire - http-outgoing-2 >> "Host: localhost:2375[\r][\n]"
23:55:03.143 [Test worker] DEBUG com.github.dockerjava.zerodep.shaded.org.apache.hc.client5.http.wire - http-outgoing-2 >> "Connection: keep-alive[\r][\n]"
23:55:03.143 [Test worker] DEBUG com.github.dockerjava.zerodep.shaded.org.apache.hc.client5.http.wire - http-outgoing-2 >> "User-Agent: Apache-HttpClient/5.0.3 (Java/17.0.2)[\r][\n]"
23:55:03.143 [Test worker] DEBUG com.github.dockerjava.zerodep.shaded.org.apache.hc.client5.http.wire - http-outgoing-2 >> "[\r][\n]"
23:55:03.147 [Test worker] DEBUG com.github.dockerjava.zerodep.shaded.org.apache.hc.client5.http.wire - http-outgoing-2 << "HTTP/1.1 200 OK[\r][\n]"
23:55:03.147 [Test worker] DEBUG com.github.dockerjava.zerodep.shaded.org.apache.hc.client5.http.wire - http-outgoing-2 << "Api-Version: 1.41[\r][\n]"
23:55:03.147 [Test worker] DEBUG com.github.dockerjava.zerodep.shaded.org.apache.hc.client5.http.wire - http-outgoing-2 << "Content-Type: application/json[\r][\n]"
23:55:03.147 [Test worker] DEBUG com.github.dockerjava.zerodep.shaded.org.apache.hc.client5.http.wire - http-outgoing-2 << "Date: Mon, 27 Mar 2023 02:55:03 GMT[\r][\n]"
23:55:03.147 [Test worker] DEBUG com.github.dockerjava.zerodep.shaded.org.apache.hc.client5.http.wire - http-outgoing-2 << "Docker-Experimental: false[\r][\n]"
23:55:03.147 [Test worker] DEBUG com.github.dockerjava.zerodep.shaded.org.apache.hc.client5.http.wire - http-outgoing-2 << "Ostype: linux[\r][\n]"
23:55:03.147 [Test worker] DEBUG com.github.dockerjava.zerodep.shaded.org.apache.hc.client5.http.wire - http-outgoing-2 << "Server: Docker/20.10.21 (linux)[\r][\n]"
23:55:03.147 [Test worker] DEBUG com.github.dockerjava.zerodep.shaded.org.apache.hc.client5.http.wire - http-outgoing-2 << "Transfer-Encoding: chunked[\r][\n]"
23:55:03.147 [Test worker] DEBUG com.github.dockerjava.zerodep.shaded.org.apache.hc.client5.http.wire - http-outgoing-2 << "[\r][\n]"
23:55:03.147 [Test worker] DEBUG com.github.dockerjava.zerodep.shaded.org.apache.hc.client5.http.headers - http-outgoing-2 << HTTP/1.1 200 OK
23:55:03.147 [Test worker] DEBUG com.github.dockerjava.zerodep.shaded.org.apache.hc.client5.http.headers - http-outgoing-2 << Api-Version: 1.41
23:55:03.147 [Test worker] DEBUG com.github.dockerjava.zerodep.shaded.org.apache.hc.client5.http.headers - http-outgoing-2 << Content-Type: application/json
23:55:03.147 [Test worker] DEBUG com.github.dockerjava.zerodep.shaded.org.apache.hc.client5.http.headers - http-outgoing-2 << Date: Mon, 27 Mar 2023 02:55:03 GMT
23:55:03.147 [Test worker] DEBUG com.github.dockerjava.zerodep.shaded.org.apache.hc.client5.http.headers - http-outgoing-2 << Docker-Experimental: false
23:55:03.147 [Test worker] DEBUG com.github.dockerjava.zerodep.shaded.org.apache.hc.client5.http.headers - http-outgoing-2 << Ostype: linux
23:55:03.147 [Test worker] DEBUG com.github.dockerjava.zerodep.shaded.org.apache.hc.client5.http.headers - http-outgoing-2 << Server: Docker/20.10.21 (linux)
23:55:03.147 [Test worker] DEBUG com.github.dockerjava.zerodep.shaded.org.apache.hc.client5.http.headers - http-outgoing-2 << Transfer-Encoding: chunked
23:55:03.147 [Test worker] DEBUG com.github.dockerjava.zerodep.shaded.org.apache.hc.client5.http.impl.classic.MainClientExec - ex-0000000C: connection can be kept alive for 3 MINUTES
23:55:03.148 [Test worker] DEBUG com.github.dockerjava.zerodep.shaded.org.apache.hc.client5.http.wire - http-outgoing-2 << "18c1[\r][\n]"
23:55:03.149 [Test worker] DEBUG com.github.dockerjava.zerodep.shaded.org.apache.hc.client5.http.wire - http-outgoing-2 << "{"Id":"c37a42694b7d1cff581f5e7b89a60b044af4721181408c271e821f1413201ca6","Created":"2023-03-27T02:55:02.49734542Z","Path":"docker-entrypoint.sh","Args":["mysqld"],"State":{"Status":"running","Running":true,"Paused":false,"Restarting":false,"OOMKilled":false,"Dead":false,"Pid":18342,"ExitCode":0,"Error":"","StartedAt":"2023-03-27T02:55:03.12719392Z","FinishedAt":"0001-01-01T00:00:00Z"},"Image":"sha256:c7c54c29e20dccc1aefb936c8eba8bb8b98b87a4921102aba87fde2df5810af9","ResolvConfPath":"/var/lib/docker/containers/c37a42694b7d1cff581f5e7b89a60b044af4721181408c271e821f1413201ca6/resolv.conf","HostnamePath":"/var/lib/docker/containers/c37a42694b7d1cff581f5e7b89a60b044af4721181408c271e821f1413201ca6/hostname","HostsPath":"/var/lib/docker/containers/c37a42694b7d1cff581f5e7b89a60b044af4721181408c271e821f1413201ca6/hosts","LogPath":"/var/lib/docker/containers/c37a42694b7d1cff581f5e7b89a60b044af4721181408c271e821f1413201ca6/c37a42694b7d1cff581f5e7b89a60b044af4721181408c271e821f1413201ca6-json.log","Name":"/elegant_mahavira","RestartCount":0,"Driver":"overlay2","Platform":"linux","MountLabel":"","ProcessLabel":"","AppArmorProfile":"","ExecIDs":null,"HostConfig":{"Binds":[],"ContainerIDFile":"","LogConfig":{"Type":"json-file","Config":{}},"NetworkMode":"default","PortBindings":{"3306/tcp":[{"HostIp":"0.0.0.0","HostPort":"0"}]},"RestartPolicy":{"Name":"","MaximumRetryCount":0},"AutoRemove":false,"VolumeDriver":"","VolumesFrom":[],"CapAdd":null,"CapDrop":null,"CgroupnsMode":"private","Dns":null,"DnsOptions":null,"DnsSearch":null,"ExtraHosts":[],"GroupAdd":null,"IpcMode":"shareable","Cgroup":"","Links":null,"OomScoreAdj":0,"PidMode":"","Privileged":false,"PublishAllPorts":false,"ReadonlyRootfs":false,"SecurityOpt":null,"UTSMode":"","UsernsMode":"","ShmSize":67108864,"Runtime":"runc","ConsoleSize":[0,0],"Isolation":"","CpuShares":0,"Memory":0,"NanoCpus":0,"CgroupParent":"","BlkioWeight":0,"BlkioWeightDevice":null,"BlkioDeviceReadBps":null,"BlkioDeviceWriteBps":null,"BlkioDeviceReadIOps":null,"BlkioDeviceWriteIOps":null,"CpuPeriod":0,"CpuQuota":0,"CpuRealtimePeriod":0,"CpuRealtimeRuntime":0,"CpusetCpus":"","CpusetMems":"","Devices":null,"DeviceCgroupRules":null,"DeviceRequests":null,"KernelMemory":0,"KernelMemoryTCP":0,"MemoryReservation":0,"MemorySwap":0,"MemorySwappiness":null,"OomKillDisable":null,"PidsLimit":null,"Ulimits":null,"CpuCount":0,"CpuPercent":0,"IOMaximumIOps":0,"IOMaximumBandwidth":0,"MaskedPaths":["/proc/asound","/proc/acpi","/proc/kcore","/proc/keys","/proc/latency_stats","/proc/timer_list","/proc/timer_stats","/proc/sched_debug","/proc/scsi","/sys/firmware"],"ReadonlyPaths":["/proc/bus","/proc/fs","/proc/irq","/proc/sys","/proc/sysrq-trigger"]},"GraphDriver":{"Data":{"LowerDir":"/var/lib/docker/overlay2/2c15a904a49807090175d7750f18e0f6a57e99c38a424839679cbaf676a4d500-init/diff:/var/lib/docker/overlay2/1bd8849d7a296305617011f940aa5cfabbe972a513397b1b6bbc27639b6c1f30/diff:/var/lib/docker/overlay2/199d69b2fbf78af4d4c95dec4fd2f8835ab0347eb49fb20ebb2ff3b99fedd6ad/diff:/var/lib/docker/overlay2/d83c38d654989311f75b9491329846033bfb7714de76ef635380dcfad5c740d9/diff:/var/lib/docker/overlay2/08600d0aea2ab2728bebcf5d2589c640a842f53d1ba3c4a4adccb4d03b923cf6/diff:/var/lib/docker/overlay2/9ec7c63a3fb14d13ac788bbf5e282ca821edc41260b79944e5e631037d13ecda/diff:/var/lib/docker/overlay2/db601d7a1b4ea6da638db620462f0da96fa55c559d02269c9ddb09027936ed87/diff:/var/lib/docker/overlay2/a6d2bd03f942e2565f21e74cfe152c7ec836a1c2b583f0790c685b92bdcfda24/diff:/var/lib/docker/overlay2/9badd16ea2c5e2bf1fde8b579683e41137dfc46ed5449234149f199a6751cc84/diff:/var/lib/docker/overlay2/6efb85646ed12e2d1181ef4cc6f6f6732c00c15a4035fe17ebc4f075ca573c30/diff:/var/lib/docker/overlay2/895d7c0ec09144d6ed33936f4e98e11c18010f7abd708cae1ce43aec7a7f2621/diff:/var/lib/docker/overlay2/1c4ba77aa573ab6e5e5069fd15eae71b3da940bde0f97a922a227ffc8a1d1096/diff","MergedDir":"/var/lib/docker/overlay2/2c15a904a49807090175d7750f18e0f6a57e99c38a424839679cbaf676a4d500/merged","UpperDir":"/var/lib/docker/overlay2/2c15a904a49807090175d7750f18e0f6a57e99c38a424839679cbaf676a4d500/diff","WorkDir":"/var/lib/docker/overlay2/2c15a904a49807090175d7750f18e0f6a57e99c38a424839679cbaf676a4d500/work"},"Name":"overlay2"},"Mounts":[{"Type":"volume","Name":"44a9389ce95a2961210e86afd6afe42b23405f43157b5dc00e010d283c01df79","Source":"/var/lib/docker/volumes/44a9389ce95a2961210e86afd6afe42b23405f43157b5dc00e010d283c01df79/_data","Destination":"/var/lib/mysql","Driver":"local","Mode":"","RW":true,"Propagation":""}],"Config":{"Hostname":"c37a42694b7d","Domainname":"","User":"","AttachStdin":false,"AttachStdout":false,"AttachStderr":false,"ExposedPorts":{"3306/tcp":{},"33060/tcp":{}},"Tty":false,"OpenStdin":false,"StdinOnce":false,"Env":["MYSQL_DATABASE=adm_videos","MYSQL_PASSWORD=123456","MYSQL_ROOT_PASSWORD=123456","PATH=/usr/local/sbin:/usr/local/bin:/usr/sbin:/usr/bin:/sbin:/bin","GOSU_VERSION=1.16","MYSQL_MAJOR=8.0","MYSQL_VERSION=8.0.32-1.el8","MYSQL_SHELL_VERSION=8.0.32-1.el8"],"Cmd":["mysqld"],"Image":"mysql:latest","Volumes":{"/var/lib/mysql":{}},"WorkingDir":"","Entrypoint":["docker-entrypoint.sh"],"OnBuild":null,"Labels":{"org.testcontainers":"true","org.testcontainers.lang":"java","org.testcontainers.sessionId":"818a13d9-e138-4e41-b5a4-74fd927e6a2d","org.testcontainers.version":"1.17.6"}},"NetworkSettings":{"Bridge":"","SandboxID":"bd1f3a626f226e407a1a406212013b21c93b302c93f9fd53a405b7fc5ff825b3","HairpinMode":false,"LinkLocalIPv6Address":"","LinkLocalIPv6PrefixLen":0,"Ports":{"3306/tcp":[{"HostIp":"0.0.0.0","HostPort":"56289"}],"33060/tcp":null},"SandboxKey":"/var/run/docker/netns/bd1f3a626f22","SecondaryIPAddresses":null,"SecondaryIPv6Addresses":null,"EndpointID":"a2b725c0c5ce4503f8e45e0c2adc4455b29a53a4866d3f23b2bce893a084641f","Gateway":"172.17.0.1","GlobalIPv6Address":"","GlobalIPv6PrefixLen":0,"IPAddress":"172.17.0.3","IPPrefixLen":16,"IPv6Gateway":"","MacAddress":"02:42:ac:11:00:03","Networks":{"bridge":{"IPAMConfig":null,"Links":null,"Aliases":null,"NetworkID":"308e234c143065751b16b4500cb9f48d5c7fc2116504b3d816a5e51cd4771062","EndpointID":"a2b725c0c5ce4503f8e45e0c2adc4455b29a53a4866d3f23b2bce893a084641f","Gateway":"172.17.0.1","IPAddress":"172.17.0.3","IPPrefixLen":16,"IPv6Gateway":"","GlobalIPv6Address":"","GlobalIPv6PrefixLen":0,"MacAddress":"02:42:ac:11:00:03","DriverOpts":null}}}}[\n]"
23:55:03.149 [Test worker] DEBUG com.github.dockerjava.zerodep.shaded.org.apache.hc.client5.http.wire - http-outgoing-2 << "[\r][\n]"
23:55:03.151 [Test worker] DEBUG com.github.dockerjava.zerodep.shaded.org.apache.hc.client5.http.wire - http-outgoing-2 << "0[\r][\n]"
23:55:03.151 [Test worker] DEBUG com.github.dockerjava.zerodep.shaded.org.apache.hc.client5.http.wire - http-outgoing-2 << "[\r][\n]"
23:55:03.151 [Test worker] DEBUG com.github.dockerjava.zerodep.shaded.org.apache.hc.client5.http.impl.classic.InternalHttpClient - ep-0000000B: releasing valid endpoint
23:55:03.151 [Test worker] DEBUG com.github.dockerjava.zerodep.shaded.org.apache.hc.client5.http.impl.io.PoolingHttpClientConnectionManager - ep-0000000B: releasing endpoint
23:55:03.151 [Test worker] DEBUG com.github.dockerjava.zerodep.shaded.org.apache.hc.client5.http.impl.io.PoolingHttpClientConnectionManager - ep-0000000B: connection http-outgoing-2 can be kept alive for 3 MINUTES
23:55:03.151 [Test worker] DEBUG com.github.dockerjava.zerodep.shaded.org.apache.hc.client5.http.impl.io.PoolingHttpClientConnectionManager - ep-0000000B: connection released [route: {}->unix://localhost:2375][total available: 1; route allocated: 1 of 2147483647; total allocated: 1 of 2147483647]
23:55:03.156 [Test worker] DEBUG org.testcontainers.shaded.com.github.dockerjava.core.command.AbstrDockerCmd - Cmd: c37a42694b7d1cff581f5e7b89a60b044af4721181408c271e821f1413201ca6,false
23:55:03.157 [Test worker] DEBUG org.testcontainers.shaded.com.github.dockerjava.core.exec.InspectContainerCmdExec - GET: DefaultWebTarget{path=[/containers/c37a42694b7d1cff581f5e7b89a60b044af4721181408c271e821f1413201ca6/json], queryParams={}}
23:55:03.157 [Test worker] DEBUG com.github.dockerjava.zerodep.shaded.org.apache.hc.client5.http.impl.classic.InternalHttpClient - ex-0000000D: preparing request execution
23:55:03.157 [Test worker] DEBUG com.github.dockerjava.zerodep.shaded.org.apache.hc.client5.http.protocol.RequestAddCookies - Cookie spec selected: strict
23:55:03.157 [Test worker] DEBUG com.github.dockerjava.zerodep.shaded.org.apache.hc.client5.http.protocol.RequestAuthCache - Auth cache not set in the context
23:55:03.157 [Test worker] DEBUG com.github.dockerjava.zerodep.shaded.org.apache.hc.client5.http.impl.classic.ProtocolExec - ex-0000000D: target auth state: UNCHALLENGED
23:55:03.157 [Test worker] DEBUG com.github.dockerjava.zerodep.shaded.org.apache.hc.client5.http.impl.classic.ProtocolExec - ex-0000000D: proxy auth state: UNCHALLENGED
23:55:03.157 [Test worker] DEBUG com.github.dockerjava.zerodep.shaded.org.apache.hc.client5.http.impl.classic.ConnectExec - ex-0000000D: acquiring connection with route {}->unix://localhost:2375
23:55:03.157 [Test worker] DEBUG com.github.dockerjava.zerodep.shaded.org.apache.hc.client5.http.impl.classic.InternalHttpClient - ex-0000000D: acquiring endpoint (3 MINUTES)
23:55:03.158 [Test worker] DEBUG com.github.dockerjava.zerodep.shaded.org.apache.hc.client5.http.impl.io.PoolingHttpClientConnectionManager - ex-0000000D: endpoint lease request (3 MINUTES) [route: {}->unix://localhost:2375][total available: 1; route allocated: 1 of 2147483647; total allocated: 1 of 2147483647]
23:55:03.158 [Test worker] DEBUG com.github.dockerjava.zerodep.shaded.org.apache.hc.client5.http.impl.io.PoolingHttpClientConnectionManager - ex-0000000D: endpoint leased [route: {}->unix://localhost:2375][total available: 0; route allocated: 1 of 2147483647; total allocated: 1 of 2147483647]
23:55:03.158 [Test worker] DEBUG com.github.dockerjava.zerodep.shaded.org.apache.hc.client5.http.impl.io.PoolingHttpClientConnectionManager - ex-0000000D: acquired ep-0000000C
23:55:03.158 [Test worker] DEBUG com.github.dockerjava.zerodep.shaded.org.apache.hc.client5.http.impl.classic.InternalHttpClient - ex-0000000D: acquired endpoint ep-0000000C
23:55:03.158 [Test worker] DEBUG com.github.dockerjava.zerodep.shaded.org.apache.hc.client5.http.impl.classic.MainClientExec - ex-0000000D: executing GET /v1.32/containers/c37a42694b7d1cff581f5e7b89a60b044af4721181408c271e821f1413201ca6/json HTTP/1.1
23:55:03.158 [Test worker] DEBUG com.github.dockerjava.zerodep.shaded.org.apache.hc.client5.http.impl.classic.InternalHttpClient - ep-0000000C: start execution ex-0000000D
23:55:03.158 [Test worker] DEBUG com.github.dockerjava.zerodep.shaded.org.apache.hc.client5.http.impl.io.PoolingHttpClientConnectionManager - ep-0000000C: executing exchange ex-0000000D over http-outgoing-2
23:55:03.158 [Test worker] DEBUG com.github.dockerjava.zerodep.shaded.org.apache.hc.client5.http.headers - http-outgoing-2 >> GET /v1.32/containers/c37a42694b7d1cff581f5e7b89a60b044af4721181408c271e821f1413201ca6/json HTTP/1.1
23:55:03.158 [Test worker] DEBUG com.github.dockerjava.zerodep.shaded.org.apache.hc.client5.http.headers - http-outgoing-2 >> accept: application/json
23:55:03.158 [Test worker] DEBUG com.github.dockerjava.zerodep.shaded.org.apache.hc.client5.http.headers - http-outgoing-2 >> x-tc-sid: 818a13d9-e138-4e41-b5a4-74fd927e6a2d
23:55:03.158 [Test worker] DEBUG com.github.dockerjava.zerodep.shaded.org.apache.hc.client5.http.headers - http-outgoing-2 >> Accept-Encoding: gzip, x-gzip, deflate
23:55:03.158 [Test worker] DEBUG com.github.dockerjava.zerodep.shaded.org.apache.hc.client5.http.headers - http-outgoing-2 >> Host: localhost:2375
23:55:03.158 [Test worker] DEBUG com.github.dockerjava.zerodep.shaded.org.apache.hc.client5.http.headers - http-outgoing-2 >> Connection: keep-alive
23:55:03.158 [Test worker] DEBUG com.github.dockerjava.zerodep.shaded.org.apache.hc.client5.http.headers - http-outgoing-2 >> User-Agent: Apache-HttpClient/5.0.3 (Java/17.0.2)
23:55:03.158 [Test worker] DEBUG com.github.dockerjava.zerodep.shaded.org.apache.hc.client5.http.wire - http-outgoing-2 >> "GET /v1.32/containers/c37a42694b7d1cff581f5e7b89a60b044af4721181408c271e821f1413201ca6/json HTTP/1.1[\r][\n]"
23:55:03.158 [Test worker] DEBUG com.github.dockerjava.zerodep.shaded.org.apache.hc.client5.http.wire - http-outgoing-2 >> "accept: application/json[\r][\n]"
23:55:03.158 [Test worker] DEBUG com.github.dockerjava.zerodep.shaded.org.apache.hc.client5.http.wire - http-outgoing-2 >> "x-tc-sid: 818a13d9-e138-4e41-b5a4-74fd927e6a2d[\r][\n]"
23:55:03.158 [Test worker] DEBUG com.github.dockerjava.zerodep.shaded.org.apache.hc.client5.http.wire - http-outgoing-2 >> "Accept-Encoding: gzip, x-gzip, deflate[\r][\n]"
23:55:03.158 [Test worker] DEBUG com.github.dockerjava.zerodep.shaded.org.apache.hc.client5.http.wire - http-outgoing-2 >> "Host: localhost:2375[\r][\n]"
23:55:03.158 [Test worker] DEBUG com.github.dockerjava.zerodep.shaded.org.apache.hc.client5.http.wire - http-outgoing-2 >> "Connection: keep-alive[\r][\n]"
23:55:03.158 [Test worker] DEBUG com.github.dockerjava.zerodep.shaded.org.apache.hc.client5.http.wire - http-outgoing-2 >> "User-Agent: Apache-HttpClient/5.0.3 (Java/17.0.2)[\r][\n]"
23:55:03.158 [Test worker] DEBUG com.github.dockerjava.zerodep.shaded.org.apache.hc.client5.http.wire - http-outgoing-2 >> "[\r][\n]"
23:55:03.161 [Test worker] DEBUG com.github.dockerjava.zerodep.shaded.org.apache.hc.client5.http.wire - http-outgoing-2 << "HTTP/1.1 200 OK[\r][\n]"
23:55:03.161 [Test worker] DEBUG com.github.dockerjava.zerodep.shaded.org.apache.hc.client5.http.wire - http-outgoing-2 << "Api-Version: 1.41[\r][\n]"
23:55:03.161 [Test worker] DEBUG com.github.dockerjava.zerodep.shaded.org.apache.hc.client5.http.wire - http-outgoing-2 << "Content-Type: application/json[\r][\n]"
23:55:03.161 [Test worker] DEBUG com.github.dockerjava.zerodep.shaded.org.apache.hc.client5.http.wire - http-outgoing-2 << "Date: Mon, 27 Mar 2023 02:55:03 GMT[\r][\n]"
23:55:03.161 [Test worker] DEBUG com.github.dockerjava.zerodep.shaded.org.apache.hc.client5.http.wire - http-outgoing-2 << "Docker-Experimental: false[\r][\n]"
23:55:03.161 [Test worker] DEBUG com.github.dockerjava.zerodep.shaded.org.apache.hc.client5.http.wire - http-outgoing-2 << "Ostype: linux[\r][\n]"
23:55:03.161 [Test worker] DEBUG com.github.dockerjava.zerodep.shaded.org.apache.hc.client5.http.wire - http-outgoing-2 << "Server: Docker/20.10.21 (linux)[\r][\n]"
23:55:03.161 [Test worker] DEBUG com.github.dockerjava.zerodep.shaded.org.apache.hc.client5.http.wire - http-outgoing-2 << "Transfer-Encoding: chunked[\r][\n]"
23:55:03.161 [Test worker] DEBUG com.github.dockerjava.zerodep.shaded.org.apache.hc.client5.http.wire - http-outgoing-2 << "[\r][\n]"
23:55:03.161 [Test worker] DEBUG com.github.dockerjava.zerodep.shaded.org.apache.hc.client5.http.headers - http-outgoing-2 << HTTP/1.1 200 OK
23:55:03.161 [Test worker] DEBUG com.github.dockerjava.zerodep.shaded.org.apache.hc.client5.http.headers - http-outgoing-2 << Api-Version: 1.41
23:55:03.161 [Test worker] DEBUG com.github.dockerjava.zerodep.shaded.org.apache.hc.client5.http.headers - http-outgoing-2 << Content-Type: application/json
23:55:03.161 [Test worker] DEBUG com.github.dockerjava.zerodep.shaded.org.apache.hc.client5.http.headers - http-outgoing-2 << Date: Mon, 27 Mar 2023 02:55:03 GMT
23:55:03.161 [Test worker] DEBUG com.github.dockerjava.zerodep.shaded.org.apache.hc.client5.http.headers - http-outgoing-2 << Docker-Experimental: false
23:55:03.161 [Test worker] DEBUG com.github.dockerjava.zerodep.shaded.org.apache.hc.client5.http.headers - http-outgoing-2 << Ostype: linux
23:55:03.161 [Test worker] DEBUG com.github.dockerjava.zerodep.shaded.org.apache.hc.client5.http.headers - http-outgoing-2 << Server: Docker/20.10.21 (linux)
23:55:03.161 [Test worker] DEBUG com.github.dockerjava.zerodep.shaded.org.apache.hc.client5.http.headers - http-outgoing-2 << Transfer-Encoding: chunked
23:55:03.162 [Test worker] DEBUG com.github.dockerjava.zerodep.shaded.org.apache.hc.client5.http.impl.classic.MainClientExec - ex-0000000D: connection can be kept alive for 3 MINUTES
23:55:03.163 [Test worker] DEBUG com.github.dockerjava.zerodep.shaded.org.apache.hc.client5.http.wire - http-outgoing-2 << "18c1[\r][\n]"
23:55:03.164 [Test worker] DEBUG com.github.dockerjava.zerodep.shaded.org.apache.hc.client5.http.wire - http-outgoing-2 << "{"Id":"c37a42694b7d1cff581f5e7b89a60b044af4721181408c271e821f1413201ca6","Created":"2023-03-27T02:55:02.49734542Z","Path":"docker-entrypoint.sh","Args":["mysqld"],"State":{"Status":"running","Running":true,"Paused":false,"Restarting":false,"OOMKilled":false,"Dead":false,"Pid":18342,"ExitCode":0,"Error":"","StartedAt":"2023-03-27T02:55:03.12719392Z","FinishedAt":"0001-01-01T00:00:00Z"},"Image":"sha256:c7c54c29e20dccc1aefb936c8eba8bb8b98b87a4921102aba87fde2df5810af9","ResolvConfPath":"/var/lib/docker/containers/c37a42694b7d1cff581f5e7b89a60b044af4721181408c271e821f1413201ca6/resolv.conf","HostnamePath":"/var/lib/docker/containers/c37a42694b7d1cff581f5e7b89a60b044af4721181408c271e821f1413201ca6/hostname","HostsPath":"/var/lib/docker/containers/c37a42694b7d1cff581f5e7b89a60b044af4721181408c271e821f1413201ca6/hosts","LogPath":"/var/lib/docker/containers/c37a42694b7d1cff581f5e7b89a60b044af4721181408c271e821f1413201ca6/c37a42694b7d1cff581f5e7b89a60b044af4721181408c271e821f1413201ca6-json.log","Name":"/elegant_mahavira","RestartCount":0,"Driver":"overlay2","Platform":"linux","MountLabel":"","ProcessLabel":"","AppArmorProfile":"","ExecIDs":null,"HostConfig":{"Binds":[],"ContainerIDFile":"","LogConfig":{"Type":"json-file","Config":{}},"NetworkMode":"default","PortBindings":{"3306/tcp":[{"HostIp":"0.0.0.0","HostPort":"0"}]},"RestartPolicy":{"Name":"","MaximumRetryCount":0},"AutoRemove":false,"VolumeDriver":"","VolumesFrom":[],"CapAdd":null,"CapDrop":null,"CgroupnsMode":"private","Dns":null,"DnsOptions":null,"DnsSearch":null,"ExtraHosts":[],"GroupAdd":null,"IpcMode":"shareable","Cgroup":"","Links":null,"OomScoreAdj":0,"PidMode":"","Privileged":false,"PublishAllPorts":false,"ReadonlyRootfs":false,"SecurityOpt":null,"UTSMode":"","UsernsMode":"","ShmSize":67108864,"Runtime":"runc","ConsoleSize":[0,0],"Isolation":"","CpuShares":0,"Memory":0,"NanoCpus":0,"CgroupParent":"","BlkioWeight":0,"BlkioWeightDevice":null,"BlkioDeviceReadBps":null,"BlkioDeviceWriteBps":null,"BlkioDeviceReadIOps":null,"BlkioDeviceWriteIOps":null,"CpuPeriod":0,"CpuQuota":0,"CpuRealtimePeriod":0,"CpuRealtimeRuntime":0,"CpusetCpus":"","CpusetMems":"","Devices":null,"DeviceCgroupRules":null,"DeviceRequests":null,"KernelMemory":0,"KernelMemoryTCP":0,"MemoryReservation":0,"MemorySwap":0,"MemorySwappiness":null,"OomKillDisable":null,"PidsLimit":null,"Ulimits":null,"CpuCount":0,"CpuPercent":0,"IOMaximumIOps":0,"IOMaximumBandwidth":0,"MaskedPaths":["/proc/asound","/proc/acpi","/proc/kcore","/proc/keys","/proc/latency_stats","/proc/timer_list","/proc/timer_stats","/proc/sched_debug","/proc/scsi","/sys/firmware"],"ReadonlyPaths":["/proc/bus","/proc/fs","/proc/irq","/proc/sys","/proc/sysrq-trigger"]},"GraphDriver":{"Data":{"LowerDir":"/var/lib/docker/overlay2/2c15a904a49807090175d7750f18e0f6a57e99c38a424839679cbaf676a4d500-init/diff:/var/lib/docker/overlay2/1bd8849d7a296305617011f940aa5cfabbe972a513397b1b6bbc27639b6c1f30/diff:/var/lib/docker/overlay2/199d69b2fbf78af4d4c95dec4fd2f8835ab0347eb49fb20ebb2ff3b99fedd6ad/diff:/var/lib/docker/overlay2/d83c38d654989311f75b9491329846033bfb7714de76ef635380dcfad5c740d9/diff:/var/lib/docker/overlay2/08600d0aea2ab2728bebcf5d2589c640a842f53d1ba3c4a4adccb4d03b923cf6/diff:/var/lib/docker/overlay2/9ec7c63a3fb14d13ac788bbf5e282ca821edc41260b79944e5e631037d13ecda/diff:/var/lib/docker/overlay2/db601d7a1b4ea6da638db620462f0da96fa55c559d02269c9ddb09027936ed87/diff:/var/lib/docker/overlay2/a6d2bd03f942e2565f21e74cfe152c7ec836a1c2b583f0790c685b92bdcfda24/diff:/var/lib/docker/overlay2/9badd16ea2c5e2bf1fde8b579683e41137dfc46ed5449234149f199a6751cc84/diff:/var/lib/docker/overlay2/6efb85646ed12e2d1181ef4cc6f6f6732c00c15a4035fe17ebc4f075ca573c30/diff:/var/lib/docker/overlay2/895d7c0ec09144d6ed33936f4e98e11c18010f7abd708cae1ce43aec7a7f2621/diff:/var/lib/docker/overlay2/1c4ba77aa573ab6e5e5069fd15eae71b3da940bde0f97a922a227ffc8a1d1096/diff","MergedDir":"/var/lib/docker/overlay2/2c15a904a49807090175d7750f18e0f6a57e99c38a424839679cbaf676a4d500/merged","UpperDir":"/var/lib/docker/overlay2/2c15a904a49807090175d7750f18e0f6a57e99c38a424839679cbaf676a4d500/diff","WorkDir":"/var/lib/docker/overlay2/2c15a904a49807090175d7750f18e0f6a57e99c38a424839679cbaf676a4d500/work"},"Name":"overlay2"},"Mounts":[{"Type":"volume","Name":"44a9389ce95a2961210e86afd6afe42b23405f43157b5dc00e010d283c01df79","Source":"/var/lib/docker/volumes/44a9389ce95a2961210e86afd6afe42b23405f43157b5dc00e010d283c01df79/_data","Destination":"/var/lib/mysql","Driver":"local","Mode":"","RW":true,"Propagation":""}],"Config":{"Hostname":"c37a42694b7d","Domainname":"","User":"","AttachStdin":false,"AttachStdout":false,"AttachStderr":false,"ExposedPorts":{"3306/tcp":{},"33060/tcp":{}},"Tty":false,"OpenStdin":false,"StdinOnce":false,"Env":["MYSQL_DATABASE=adm_videos","MYSQL_PASSWORD=123456","MYSQL_ROOT_PASSWORD=123456","PATH=/usr/local/sbin:/usr/local/bin:/usr/sbin:/usr/bin:/sbin:/bin","GOSU_VERSION=1.16","MYSQL_MAJOR=8.0","MYSQL_VERSION=8.0.32-1.el8","MYSQL_SHELL_VERSION=8.0.32-1.el8"],"Cmd":["mysqld"],"Image":"mysql:latest","Volumes":{"/var/lib/mysql":{}},"WorkingDir":"","Entrypoint":["docker-entrypoint.sh"],"OnBuild":null,"Labels":{"org.testcontainers":"true","org.testcontainers.lang":"java","org.testcontainers.sessionId":"818a13d9-e138-4e41-b5a4-74fd927e6a2d","org.testcontainers.version":"1.17.6"}},"NetworkSettings":{"Bridge":"","SandboxID":"bd1f3a626f226e407a1a406212013b21c93b302c93f9fd53a405b7fc5ff825b3","HairpinMode":false,"LinkLocalIPv6Address":"","LinkLocalIPv6PrefixLen":0,"Ports":{"3306/tcp":[{"HostIp":"0.0.0.0","HostPort":"56289"}],"33060/tcp":null},"SandboxKey":"/var/run/docker/netns/bd1f3a626f22","SecondaryIPAddresses":null,"SecondaryIPv6Addresses":null,"EndpointID":"a2b725c0c5ce4503f8e45e0c2adc4455b29a53a4866d3f23b2bce893a084641f","Gateway":"172.17.0.1","GlobalIPv6Address":"","GlobalIPv6PrefixLen":0,"IPAddress":"172.17.0.3","IPPrefixLen":16,"IPv6Gateway":"","MacAddress":"02:42:ac:11:00:03","Networks":{"bridge":{"IPAMConfig":null,"Links":null,"Aliases":null,"NetworkID":"308e234c143065751b16b4500cb9f48d5c7fc2116504b3d816a5e51cd4771062","EndpointID":"a2b725c0c5ce4503f8e45e0c2adc4455b29a53a4866d3f23b2bce893a084641f","Gateway":"172.17.0.1","IPAddress":"172.17.0.3","IPPrefixLen":16,"IPv6Gateway":"","GlobalIPv6Address":"","GlobalIPv6PrefixLen":0,"MacAddress":"02:42:ac:11:00:03","DriverOpts":null}}}}[\n]"
23:55:03.164 [Test worker] DEBUG com.github.dockerjava.zerodep.shaded.org.apache.hc.client5.http.wire - http-outgoing-2 << "[\r][\n]"
23:55:03.165 [Test worker] DEBUG com.github.dockerjava.zerodep.shaded.org.apache.hc.client5.http.wire - http-outgoing-2 << "0[\r][\n]"
23:55:03.165 [Test worker] DEBUG com.github.dockerjava.zerodep.shaded.org.apache.hc.client5.http.wire - http-outgoing-2 << "[\r][\n]"
23:55:03.165 [Test worker] DEBUG com.github.dockerjava.zerodep.shaded.org.apache.hc.client5.http.impl.classic.InternalHttpClient - ep-0000000C: releasing valid endpoint
23:55:03.165 [Test worker] DEBUG com.github.dockerjava.zerodep.shaded.org.apache.hc.client5.http.impl.io.PoolingHttpClientConnectionManager - ep-0000000C: releasing endpoint
23:55:03.166 [Test worker] DEBUG com.github.dockerjava.zerodep.shaded.org.apache.hc.client5.http.impl.io.PoolingHttpClientConnectionManager - ep-0000000C: connection http-outgoing-2 can be kept alive for 3 MINUTES
23:55:03.166 [Test worker] DEBUG com.github.dockerjava.zerodep.shaded.org.apache.hc.client5.http.impl.io.PoolingHttpClientConnectionManager - ep-0000000C: connection released [route: {}->unix://localhost:2375][total available: 1; route allocated: 1 of 2147483647; total allocated: 1 of 2147483647]
23:55:03.166 [Test worker] DEBUG ]]>&#x1f433;<![CDATA[ [mysql:latest] - Trying to create JDBC connection using com.mysql.cj.jdbc.Driver to jdbc:mysql://localhost:56289/adm_videos?useSSL=false&allowPublicKeyRetrieval=true with properties: {password=123456, user=root}
23:55:03.388 [Test worker] DEBUG org.testcontainers.shaded.com.github.dockerjava.core.command.AbstrDockerCmd - Cmd: c37a42694b7d1cff581f5e7b89a60b044af4721181408c271e821f1413201ca6,false
23:55:03.389 [Test worker] DEBUG org.testcontainers.shaded.com.github.dockerjava.core.exec.InspectContainerCmdExec - GET: DefaultWebTarget{path=[/containers/c37a42694b7d1cff581f5e7b89a60b044af4721181408c271e821f1413201ca6/json], queryParams={}}
23:55:03.389 [Test worker] DEBUG com.github.dockerjava.zerodep.shaded.org.apache.hc.client5.http.impl.classic.InternalHttpClient - ex-0000000E: preparing request execution
23:55:03.389 [Test worker] DEBUG com.github.dockerjava.zerodep.shaded.org.apache.hc.client5.http.protocol.RequestAddCookies - Cookie spec selected: strict
23:55:03.389 [Test worker] DEBUG com.github.dockerjava.zerodep.shaded.org.apache.hc.client5.http.protocol.RequestAuthCache - Auth cache not set in the context
23:55:03.389 [Test worker] DEBUG com.github.dockerjava.zerodep.shaded.org.apache.hc.client5.http.impl.classic.ProtocolExec - ex-0000000E: target auth state: UNCHALLENGED
23:55:03.389 [Test worker] DEBUG com.github.dockerjava.zerodep.shaded.org.apache.hc.client5.http.impl.classic.ProtocolExec - ex-0000000E: proxy auth state: UNCHALLENGED
23:55:03.389 [Test worker] DEBUG com.github.dockerjava.zerodep.shaded.org.apache.hc.client5.http.impl.classic.ConnectExec - ex-0000000E: acquiring connection with route {}->unix://localhost:2375
23:55:03.389 [Test worker] DEBUG com.github.dockerjava.zerodep.shaded.org.apache.hc.client5.http.impl.classic.InternalHttpClient - ex-0000000E: acquiring endpoint (3 MINUTES)
23:55:03.389 [Test worker] DEBUG com.github.dockerjava.zerodep.shaded.org.apache.hc.client5.http.impl.io.PoolingHttpClientConnectionManager - ex-0000000E: endpoint lease request (3 MINUTES) [route: {}->unix://localhost:2375][total available: 1; route allocated: 1 of 2147483647; total allocated: 1 of 2147483647]
23:55:03.390 [Test worker] DEBUG com.github.dockerjava.zerodep.shaded.org.apache.hc.client5.http.impl.io.PoolingHttpClientConnectionManager - ex-0000000E: endpoint leased [route: {}->unix://localhost:2375][total available: 0; route allocated: 1 of 2147483647; total allocated: 1 of 2147483647]
23:55:03.390 [Test worker] DEBUG com.github.dockerjava.zerodep.shaded.org.apache.hc.client5.http.impl.io.PoolingHttpClientConnectionManager - ex-0000000E: acquired ep-0000000D
23:55:03.390 [Test worker] DEBUG com.github.dockerjava.zerodep.shaded.org.apache.hc.client5.http.impl.classic.InternalHttpClient - ex-0000000E: acquired endpoint ep-0000000D
23:55:03.390 [Test worker] DEBUG com.github.dockerjava.zerodep.shaded.org.apache.hc.client5.http.impl.classic.MainClientExec - ex-0000000E: executing GET /v1.32/containers/c37a42694b7d1cff581f5e7b89a60b044af4721181408c271e821f1413201ca6/json HTTP/1.1
23:55:03.390 [Test worker] DEBUG com.github.dockerjava.zerodep.shaded.org.apache.hc.client5.http.impl.classic.InternalHttpClient - ep-0000000D: start execution ex-0000000E
23:55:03.390 [Test worker] DEBUG com.github.dockerjava.zerodep.shaded.org.apache.hc.client5.http.impl.io.PoolingHttpClientConnectionManager - ep-0000000D: executing exchange ex-0000000E over http-outgoing-2
23:55:03.390 [Test worker] DEBUG com.github.dockerjava.zerodep.shaded.org.apache.hc.client5.http.headers - http-outgoing-2 >> GET /v1.32/containers/c37a42694b7d1cff581f5e7b89a60b044af4721181408c271e821f1413201ca6/json HTTP/1.1
23:55:03.390 [Test worker] DEBUG com.github.dockerjava.zerodep.shaded.org.apache.hc.client5.http.headers - http-outgoing-2 >> accept: application/json
23:55:03.390 [Test worker] DEBUG com.github.dockerjava.zerodep.shaded.org.apache.hc.client5.http.headers - http-outgoing-2 >> x-tc-sid: 818a13d9-e138-4e41-b5a4-74fd927e6a2d
23:55:03.390 [Test worker] DEBUG com.github.dockerjava.zerodep.shaded.org.apache.hc.client5.http.headers - http-outgoing-2 >> Accept-Encoding: gzip, x-gzip, deflate
23:55:03.390 [Test worker] DEBUG com.github.dockerjava.zerodep.shaded.org.apache.hc.client5.http.headers - http-outgoing-2 >> Host: localhost:2375
23:55:03.390 [Test worker] DEBUG com.github.dockerjava.zerodep.shaded.org.apache.hc.client5.http.headers - http-outgoing-2 >> Connection: keep-alive
23:55:03.390 [Test worker] DEBUG com.github.dockerjava.zerodep.shaded.org.apache.hc.client5.http.headers - http-outgoing-2 >> User-Agent: Apache-HttpClient/5.0.3 (Java/17.0.2)
23:55:03.390 [Test worker] DEBUG com.github.dockerjava.zerodep.shaded.org.apache.hc.client5.http.wire - http-outgoing-2 >> "GET /v1.32/containers/c37a42694b7d1cff581f5e7b89a60b044af4721181408c271e821f1413201ca6/json HTTP/1.1[\r][\n]"
23:55:03.390 [Test worker] DEBUG com.github.dockerjava.zerodep.shaded.org.apache.hc.client5.http.wire - http-outgoing-2 >> "accept: application/json[\r][\n]"
23:55:03.390 [Test worker] DEBUG com.github.dockerjava.zerodep.shaded.org.apache.hc.client5.http.wire - http-outgoing-2 >> "x-tc-sid: 818a13d9-e138-4e41-b5a4-74fd927e6a2d[\r][\n]"
23:55:03.390 [Test worker] DEBUG com.github.dockerjava.zerodep.shaded.org.apache.hc.client5.http.wire - http-outgoing-2 >> "Accept-Encoding: gzip, x-gzip, deflate[\r][\n]"
23:55:03.390 [Test worker] DEBUG com.github.dockerjava.zerodep.shaded.org.apache.hc.client5.http.wire - http-outgoing-2 >> "Host: localhost:2375[\r][\n]"
23:55:03.390 [Test worker] DEBUG com.github.dockerjava.zerodep.shaded.org.apache.hc.client5.http.wire - http-outgoing-2 >> "Connection: keep-alive[\r][\n]"
23:55:03.390 [Test worker] DEBUG com.github.dockerjava.zerodep.shaded.org.apache.hc.client5.http.wire - http-outgoing-2 >> "User-Agent: Apache-HttpClient/5.0.3 (Java/17.0.2)[\r][\n]"
23:55:03.390 [Test worker] DEBUG com.github.dockerjava.zerodep.shaded.org.apache.hc.client5.http.wire - http-outgoing-2 >> "[\r][\n]"
23:55:03.393 [Test worker] DEBUG com.github.dockerjava.zerodep.shaded.org.apache.hc.client5.http.wire - http-outgoing-2 << "HTTP/1.1 200 OK[\r][\n]"
23:55:03.394 [Test worker] DEBUG com.github.dockerjava.zerodep.shaded.org.apache.hc.client5.http.wire - http-outgoing-2 << "Api-Version: 1.41[\r][\n]"
23:55:03.394 [Test worker] DEBUG com.github.dockerjava.zerodep.shaded.org.apache.hc.client5.http.wire - http-outgoing-2 << "Content-Type: application/json[\r][\n]"
23:55:03.394 [Test worker] DEBUG com.github.dockerjava.zerodep.shaded.org.apache.hc.client5.http.wire - http-outgoing-2 << "Date: Mon, 27 Mar 2023 02:55:03 GMT[\r][\n]"
23:55:03.394 [Test worker] DEBUG com.github.dockerjava.zerodep.shaded.org.apache.hc.client5.http.wire - http-outgoing-2 << "Docker-Experimental: false[\r][\n]"
23:55:03.394 [Test worker] DEBUG com.github.dockerjava.zerodep.shaded.org.apache.hc.client5.http.wire - http-outgoing-2 << "Ostype: linux[\r][\n]"
23:55:03.394 [Test worker] DEBUG com.github.dockerjava.zerodep.shaded.org.apache.hc.client5.http.wire - http-outgoing-2 << "Server: Docker/20.10.21 (linux)[\r][\n]"
23:55:03.394 [Test worker] DEBUG com.github.dockerjava.zerodep.shaded.org.apache.hc.client5.http.wire - http-outgoing-2 << "Transfer-Encoding: chunked[\r][\n]"
23:55:03.394 [Test worker] DEBUG com.github.dockerjava.zerodep.shaded.org.apache.hc.client5.http.wire - http-outgoing-2 << "[\r][\n]"
23:55:03.394 [Test worker] DEBUG com.github.dockerjava.zerodep.shaded.org.apache.hc.client5.http.headers - http-outgoing-2 << HTTP/1.1 200 OK
23:55:03.394 [Test worker] DEBUG com.github.dockerjava.zerodep.shaded.org.apache.hc.client5.http.headers - http-outgoing-2 << Api-Version: 1.41
23:55:03.394 [Test worker] DEBUG com.github.dockerjava.zerodep.shaded.org.apache.hc.client5.http.headers - http-outgoing-2 << Content-Type: application/json
23:55:03.394 [Test worker] DEBUG com.github.dockerjava.zerodep.shaded.org.apache.hc.client5.http.headers - http-outgoing-2 << Date: Mon, 27 Mar 2023 02:55:03 GMT
23:55:03.394 [Test worker] DEBUG com.github.dockerjava.zerodep.shaded.org.apache.hc.client5.http.headers - http-outgoing-2 << Docker-Experimental: false
23:55:03.394 [Test worker] DEBUG com.github.dockerjava.zerodep.shaded.org.apache.hc.client5.http.headers - http-outgoing-2 << Ostype: linux
23:55:03.394 [Test worker] DEBUG com.github.dockerjava.zerodep.shaded.org.apache.hc.client5.http.headers - http-outgoing-2 << Server: Docker/20.10.21 (linux)
23:55:03.394 [Test worker] DEBUG com.github.dockerjava.zerodep.shaded.org.apache.hc.client5.http.headers - http-outgoing-2 << Transfer-Encoding: chunked
23:55:03.394 [Test worker] DEBUG com.github.dockerjava.zerodep.shaded.org.apache.hc.client5.http.impl.classic.MainClientExec - ex-0000000E: connection can be kept alive for 3 MINUTES
23:55:03.395 [Test worker] DEBUG com.github.dockerjava.zerodep.shaded.org.apache.hc.client5.http.wire - http-outgoing-2 << "18c1[\r][\n]"
23:55:03.396 [Test worker] DEBUG com.github.dockerjava.zerodep.shaded.org.apache.hc.client5.http.wire - http-outgoing-2 << "{"Id":"c37a42694b7d1cff581f5e7b89a60b044af4721181408c271e821f1413201ca6","Created":"2023-03-27T02:55:02.49734542Z","Path":"docker-entrypoint.sh","Args":["mysqld"],"State":{"Status":"running","Running":true,"Paused":false,"Restarting":false,"OOMKilled":false,"Dead":false,"Pid":18342,"ExitCode":0,"Error":"","StartedAt":"2023-03-27T02:55:03.12719392Z","FinishedAt":"0001-01-01T00:00:00Z"},"Image":"sha256:c7c54c29e20dccc1aefb936c8eba8bb8b98b87a4921102aba87fde2df5810af9","ResolvConfPath":"/var/lib/docker/containers/c37a42694b7d1cff581f5e7b89a60b044af4721181408c271e821f1413201ca6/resolv.conf","HostnamePath":"/var/lib/docker/containers/c37a42694b7d1cff581f5e7b89a60b044af4721181408c271e821f1413201ca6/hostname","HostsPath":"/var/lib/docker/containers/c37a42694b7d1cff581f5e7b89a60b044af4721181408c271e821f1413201ca6/hosts","LogPath":"/var/lib/docker/containers/c37a42694b7d1cff581f5e7b89a60b044af4721181408c271e821f1413201ca6/c37a42694b7d1cff581f5e7b89a60b044af4721181408c271e821f1413201ca6-json.log","Name":"/elegant_mahavira","RestartCount":0,"Driver":"overlay2","Platform":"linux","MountLabel":"","ProcessLabel":"","AppArmorProfile":"","ExecIDs":null,"HostConfig":{"Binds":[],"ContainerIDFile":"","LogConfig":{"Type":"json-file","Config":{}},"NetworkMode":"default","PortBindings":{"3306/tcp":[{"HostIp":"0.0.0.0","HostPort":"0"}]},"RestartPolicy":{"Name":"","MaximumRetryCount":0},"AutoRemove":false,"VolumeDriver":"","VolumesFrom":[],"CapAdd":null,"CapDrop":null,"CgroupnsMode":"private","Dns":null,"DnsOptions":null,"DnsSearch":null,"ExtraHosts":[],"GroupAdd":null,"IpcMode":"shareable","Cgroup":"","Links":null,"OomScoreAdj":0,"PidMode":"","Privileged":false,"PublishAllPorts":false,"ReadonlyRootfs":false,"SecurityOpt":null,"UTSMode":"","UsernsMode":"","ShmSize":67108864,"Runtime":"runc","ConsoleSize":[0,0],"Isolation":"","CpuShares":0,"Memory":0,"NanoCpus":0,"CgroupParent":"","BlkioWeight":0,"BlkioWeightDevice":null,"BlkioDeviceReadBps":null,"BlkioDeviceWriteBps":null,"BlkioDeviceReadIOps":null,"BlkioDeviceWriteIOps":null,"CpuPeriod":0,"CpuQuota":0,"CpuRealtimePeriod":0,"CpuRealtimeRuntime":0,"CpusetCpus":"","CpusetMems":"","Devices":null,"DeviceCgroupRules":null,"DeviceRequests":null,"KernelMemory":0,"KernelMemoryTCP":0,"MemoryReservation":0,"MemorySwap":0,"MemorySwappiness":null,"OomKillDisable":null,"PidsLimit":null,"Ulimits":null,"CpuCount":0,"CpuPercent":0,"IOMaximumIOps":0,"IOMaximumBandwidth":0,"MaskedPaths":["/proc/asound","/proc/acpi","/proc/kcore","/proc/keys","/proc/latency_stats","/proc/timer_list","/proc/timer_stats","/proc/sched_debug","/proc/scsi","/sys/firmware"],"ReadonlyPaths":["/proc/bus","/proc/fs","/proc/irq","/proc/sys","/proc/sysrq-trigger"]},"GraphDriver":{"Data":{"LowerDir":"/var/lib/docker/overlay2/2c15a904a49807090175d7750f18e0f6a57e99c38a424839679cbaf676a4d500-init/diff:/var/lib/docker/overlay2/1bd8849d7a296305617011f940aa5cfabbe972a513397b1b6bbc27639b6c1f30/diff:/var/lib/docker/overlay2/199d69b2fbf78af4d4c95dec4fd2f8835ab0347eb49fb20ebb2ff3b99fedd6ad/diff:/var/lib/docker/overlay2/d83c38d654989311f75b9491329846033bfb7714de76ef635380dcfad5c740d9/diff:/var/lib/docker/overlay2/08600d0aea2ab2728bebcf5d2589c640a842f53d1ba3c4a4adccb4d03b923cf6/diff:/var/lib/docker/overlay2/9ec7c63a3fb14d13ac788bbf5e282ca821edc41260b79944e5e631037d13ecda/diff:/var/lib/docker/overlay2/db601d7a1b4ea6da638db620462f0da96fa55c559d02269c9ddb09027936ed87/diff:/var/lib/docker/overlay2/a6d2bd03f942e2565f21e74cfe152c7ec836a1c2b583f0790c685b92bdcfda24/diff:/var/lib/docker/overlay2/9badd16ea2c5e2bf1fde8b579683e41137dfc46ed5449234149f199a6751cc84/diff:/var/lib/docker/overlay2/6efb85646ed12e2d1181ef4cc6f6f6732c00c15a4035fe17ebc4f075ca573c30/diff:/var/lib/docker/overlay2/895d7c0ec09144d6ed33936f4e98e11c18010f7abd708cae1ce43aec7a7f2621/diff:/var/lib/docker/overlay2/1c4ba77aa573ab6e5e5069fd15eae71b3da940bde0f97a922a227ffc8a1d1096/diff","MergedDir":"/var/lib/docker/overlay2/2c15a904a49807090175d7750f18e0f6a57e99c38a424839679cbaf676a4d500/merged","UpperDir":"/var/lib/docker/overlay2/2c15a904a49807090175d7750f18e0f6a57e99c38a424839679cbaf676a4d500/diff","WorkDir":"/var/lib/docker/overlay2/2c15a904a49807090175d7750f18e0f6a57e99c38a424839679cbaf676a4d500/work"},"Name":"overlay2"},"Mounts":[{"Type":"volume","Name":"44a9389ce95a2961210e86afd6afe42b23405f43157b5dc00e010d283c01df79","Source":"/var/lib/docker/volumes/44a9389ce95a2961210e86afd6afe42b23405f43157b5dc00e010d283c01df79/_data","Destination":"/var/lib/mysql","Driver":"local","Mode":"","RW":true,"Propagation":""}],"Config":{"Hostname":"c37a42694b7d","Domainname":"","User":"","AttachStdin":false,"AttachStdout":false,"AttachStderr":false,"ExposedPorts":{"3306/tcp":{},"33060/tcp":{}},"Tty":false,"OpenStdin":false,"StdinOnce":false,"Env":["MYSQL_DATABASE=adm_videos","MYSQL_PASSWORD=123456","MYSQL_ROOT_PASSWORD=123456","PATH=/usr/local/sbin:/usr/local/bin:/usr/sbin:/usr/bin:/sbin:/bin","GOSU_VERSION=1.16","MYSQL_MAJOR=8.0","MYSQL_VERSION=8.0.32-1.el8","MYSQL_SHELL_VERSION=8.0.32-1.el8"],"Cmd":["mysqld"],"Image":"mysql:latest","Volumes":{"/var/lib/mysql":{}},"WorkingDir":"","Entrypoint":["docker-entrypoint.sh"],"OnBuild":null,"Labels":{"org.testcontainers":"true","org.testcontainers.lang":"java","org.testcontainers.sessionId":"818a13d9-e138-4e41-b5a4-74fd927e6a2d","org.testcontainers.version":"1.17.6"}},"NetworkSettings":{"Bridge":"","SandboxID":"bd1f3a626f226e407a1a406212013b21c93b302c93f9fd53a405b7fc5ff825b3","HairpinMode":false,"LinkLocalIPv6Address":"","LinkLocalIPv6PrefixLen":0,"Ports":{"3306/tcp":[{"HostIp":"0.0.0.0","HostPort":"56289"}],"33060/tcp":null},"SandboxKey":"/var/run/docker/netns/bd1f3a626f22","SecondaryIPAddresses":null,"SecondaryIPv6Addresses":null,"EndpointID":"a2b725c0c5ce4503f8e45e0c2adc4455b29a53a4866d3f23b2bce893a084641f","Gateway":"172.17.0.1","GlobalIPv6Address":"","GlobalIPv6PrefixLen":0,"IPAddress":"172.17.0.3","IPPrefixLen":16,"IPv6Gateway":"","MacAddress":"02:42:ac:11:00:03","Networks":{"bridge":{"IPAMConfig":null,"Links":null,"Aliases":null,"NetworkID":"308e234c143065751b16b4500cb9f48d5c7fc2116504b3d816a5e51cd4771062","EndpointID":"a2b725c0c5ce4503f8e45e0c2adc4455b29a53a4866d3f23b2bce893a084641f","Gateway":"172.17.0.1","IPAddress":"172.17.0.3","IPPrefixLen":16,"IPv6Gateway":"","GlobalIPv6Address":"","GlobalIPv6PrefixLen":0,"MacAddress":"02:42:ac:11:00:03","DriverOpts":null}}}}[\n]"
23:55:03.396 [Test worker] DEBUG com.github.dockerjava.zerodep.shaded.org.apache.hc.client5.http.wire - http-outgoing-2 << "[\r][\n]"
23:55:03.397 [Test worker] DEBUG com.github.dockerjava.zerodep.shaded.org.apache.hc.client5.http.wire - http-outgoing-2 << "0[\r][\n]"
23:55:03.397 [Test worker] DEBUG com.github.dockerjava.zerodep.shaded.org.apache.hc.client5.http.wire - http-outgoing-2 << "[\r][\n]"
23:55:03.397 [Test worker] DEBUG com.github.dockerjava.zerodep.shaded.org.apache.hc.client5.http.impl.classic.InternalHttpClient - ep-0000000D: releasing valid endpoint
23:55:03.397 [Test worker] DEBUG com.github.dockerjava.zerodep.shaded.org.apache.hc.client5.http.impl.io.PoolingHttpClientConnectionManager - ep-0000000D: releasing endpoint
23:55:03.397 [Test worker] DEBUG com.github.dockerjava.zerodep.shaded.org.apache.hc.client5.http.impl.io.PoolingHttpClientConnectionManager - ep-0000000D: connection http-outgoing-2 can be kept alive for 3 MINUTES
23:55:03.397 [Test worker] DEBUG com.github.dockerjava.zerodep.shaded.org.apache.hc.client5.http.impl.io.PoolingHttpClientConnectionManager - ep-0000000D: connection released [route: {}->unix://localhost:2375][total available: 1; route allocated: 1 of 2147483647; total allocated: 1 of 2147483647]
23:55:03.397 [Test worker] DEBUG ]]>&#x1f433;<![CDATA[ [mysql:latest] - Trying to create JDBC connection using com.mysql.cj.jdbc.Driver to jdbc:mysql://localhost:56289/adm_videos?useSSL=false&allowPublicKeyRetrieval=true with properties: {password=123456, user=root}
23:55:03.502 [Test worker] DEBUG org.testcontainers.shaded.com.github.dockerjava.core.command.AbstrDockerCmd - Cmd: c37a42694b7d1cff581f5e7b89a60b044af4721181408c271e821f1413201ca6,false
23:55:03.502 [Test worker] DEBUG org.testcontainers.shaded.com.github.dockerjava.core.exec.InspectContainerCmdExec - GET: DefaultWebTarget{path=[/containers/c37a42694b7d1cff581f5e7b89a60b044af4721181408c271e821f1413201ca6/json], queryParams={}}
23:55:03.502 [Test worker] DEBUG com.github.dockerjava.zerodep.shaded.org.apache.hc.client5.http.impl.classic.InternalHttpClient - ex-0000000F: preparing request execution
23:55:03.502 [Test worker] DEBUG com.github.dockerjava.zerodep.shaded.org.apache.hc.client5.http.protocol.RequestAddCookies - Cookie spec selected: strict
23:55:03.502 [Test worker] DEBUG com.github.dockerjava.zerodep.shaded.org.apache.hc.client5.http.protocol.RequestAuthCache - Auth cache not set in the context
23:55:03.502 [Test worker] DEBUG com.github.dockerjava.zerodep.shaded.org.apache.hc.client5.http.impl.classic.ProtocolExec - ex-0000000F: target auth state: UNCHALLENGED
23:55:03.502 [Test worker] DEBUG com.github.dockerjava.zerodep.shaded.org.apache.hc.client5.http.impl.classic.ProtocolExec - ex-0000000F: proxy auth state: UNCHALLENGED
23:55:03.502 [Test worker] DEBUG com.github.dockerjava.zerodep.shaded.org.apache.hc.client5.http.impl.classic.ConnectExec - ex-0000000F: acquiring connection with route {}->unix://localhost:2375
23:55:03.502 [Test worker] DEBUG com.github.dockerjava.zerodep.shaded.org.apache.hc.client5.http.impl.classic.InternalHttpClient - ex-0000000F: acquiring endpoint (3 MINUTES)
23:55:03.502 [Test worker] DEBUG com.github.dockerjava.zerodep.shaded.org.apache.hc.client5.http.impl.io.PoolingHttpClientConnectionManager - ex-0000000F: endpoint lease request (3 MINUTES) [route: {}->unix://localhost:2375][total available: 1; route allocated: 1 of 2147483647; total allocated: 1 of 2147483647]
23:55:03.502 [Test worker] DEBUG com.github.dockerjava.zerodep.shaded.org.apache.hc.client5.http.impl.io.PoolingHttpClientConnectionManager - ex-0000000F: endpoint leased [route: {}->unix://localhost:2375][total available: 0; route allocated: 1 of 2147483647; total allocated: 1 of 2147483647]
23:55:03.502 [Test worker] DEBUG com.github.dockerjava.zerodep.shaded.org.apache.hc.client5.http.impl.io.PoolingHttpClientConnectionManager - ex-0000000F: acquired ep-0000000E
23:55:03.502 [Test worker] DEBUG com.github.dockerjava.zerodep.shaded.org.apache.hc.client5.http.impl.classic.InternalHttpClient - ex-0000000F: acquired endpoint ep-0000000E
23:55:03.503 [Test worker] DEBUG com.github.dockerjava.zerodep.shaded.org.apache.hc.client5.http.impl.classic.MainClientExec - ex-0000000F: executing GET /v1.32/containers/c37a42694b7d1cff581f5e7b89a60b044af4721181408c271e821f1413201ca6/json HTTP/1.1
23:55:03.503 [Test worker] DEBUG com.github.dockerjava.zerodep.shaded.org.apache.hc.client5.http.impl.classic.InternalHttpClient - ep-0000000E: start execution ex-0000000F
23:55:03.503 [Test worker] DEBUG com.github.dockerjava.zerodep.shaded.org.apache.hc.client5.http.impl.io.PoolingHttpClientConnectionManager - ep-0000000E: executing exchange ex-0000000F over http-outgoing-2
23:55:03.503 [Test worker] DEBUG com.github.dockerjava.zerodep.shaded.org.apache.hc.client5.http.headers - http-outgoing-2 >> GET /v1.32/containers/c37a42694b7d1cff581f5e7b89a60b044af4721181408c271e821f1413201ca6/json HTTP/1.1
23:55:03.503 [Test worker] DEBUG com.github.dockerjava.zerodep.shaded.org.apache.hc.client5.http.headers - http-outgoing-2 >> accept: application/json
23:55:03.503 [Test worker] DEBUG com.github.dockerjava.zerodep.shaded.org.apache.hc.client5.http.headers - http-outgoing-2 >> x-tc-sid: 818a13d9-e138-4e41-b5a4-74fd927e6a2d
23:55:03.503 [Test worker] DEBUG com.github.dockerjava.zerodep.shaded.org.apache.hc.client5.http.headers - http-outgoing-2 >> Accept-Encoding: gzip, x-gzip, deflate
23:55:03.503 [Test worker] DEBUG com.github.dockerjava.zerodep.shaded.org.apache.hc.client5.http.headers - http-outgoing-2 >> Host: localhost:2375
23:55:03.503 [Test worker] DEBUG com.github.dockerjava.zerodep.shaded.org.apache.hc.client5.http.headers - http-outgoing-2 >> Connection: keep-alive
23:55:03.503 [Test worker] DEBUG com.github.dockerjava.zerodep.shaded.org.apache.hc.client5.http.headers - http-outgoing-2 >> User-Agent: Apache-HttpClient/5.0.3 (Java/17.0.2)
23:55:03.503 [Test worker] DEBUG com.github.dockerjava.zerodep.shaded.org.apache.hc.client5.http.wire - http-outgoing-2 >> "GET /v1.32/containers/c37a42694b7d1cff581f5e7b89a60b044af4721181408c271e821f1413201ca6/json HTTP/1.1[\r][\n]"
23:55:03.503 [Test worker] DEBUG com.github.dockerjava.zerodep.shaded.org.apache.hc.client5.http.wire - http-outgoing-2 >> "accept: application/json[\r][\n]"
23:55:03.503 [Test worker] DEBUG com.github.dockerjava.zerodep.shaded.org.apache.hc.client5.http.wire - http-outgoing-2 >> "x-tc-sid: 818a13d9-e138-4e41-b5a4-74fd927e6a2d[\r][\n]"
23:55:03.503 [Test worker] DEBUG com.github.dockerjava.zerodep.shaded.org.apache.hc.client5.http.wire - http-outgoing-2 >> "Accept-Encoding: gzip, x-gzip, deflate[\r][\n]"
23:55:03.503 [Test worker] DEBUG com.github.dockerjava.zerodep.shaded.org.apache.hc.client5.http.wire - http-outgoing-2 >> "Host: localhost:2375[\r][\n]"
23:55:03.503 [Test worker] DEBUG com.github.dockerjava.zerodep.shaded.org.apache.hc.client5.http.wire - http-outgoing-2 >> "Connection: keep-alive[\r][\n]"
23:55:03.503 [Test worker] DEBUG com.github.dockerjava.zerodep.shaded.org.apache.hc.client5.http.wire - http-outgoing-2 >> "User-Agent: Apache-HttpClient/5.0.3 (Java/17.0.2)[\r][\n]"
23:55:03.503 [Test worker] DEBUG com.github.dockerjava.zerodep.shaded.org.apache.hc.client5.http.wire - http-outgoing-2 >> "[\r][\n]"
23:55:03.505 [Test worker] DEBUG com.github.dockerjava.zerodep.shaded.org.apache.hc.client5.http.wire - http-outgoing-2 << "HTTP/1.1 200 OK[\r][\n]"
23:55:03.505 [Test worker] DEBUG com.github.dockerjava.zerodep.shaded.org.apache.hc.client5.http.wire - http-outgoing-2 << "Api-Version: 1.41[\r][\n]"
23:55:03.505 [Test worker] DEBUG com.github.dockerjava.zerodep.shaded.org.apache.hc.client5.http.wire - http-outgoing-2 << "Content-Type: application/json[\r][\n]"
23:55:03.505 [Test worker] DEBUG com.github.dockerjava.zerodep.shaded.org.apache.hc.client5.http.wire - http-outgoing-2 << "Date: Mon, 27 Mar 2023 02:55:03 GMT[\r][\n]"
23:55:03.505 [Test worker] DEBUG com.github.dockerjava.zerodep.shaded.org.apache.hc.client5.http.wire - http-outgoing-2 << "Docker-Experimental: false[\r][\n]"
23:55:03.505 [Test worker] DEBUG com.github.dockerjava.zerodep.shaded.org.apache.hc.client5.http.wire - http-outgoing-2 << "Ostype: linux[\r][\n]"
23:55:03.505 [Test worker] DEBUG com.github.dockerjava.zerodep.shaded.org.apache.hc.client5.http.wire - http-outgoing-2 << "Server: Docker/20.10.21 (linux)[\r][\n]"
23:55:03.505 [Test worker] DEBUG com.github.dockerjava.zerodep.shaded.org.apache.hc.client5.http.wire - http-outgoing-2 << "Transfer-Encoding: chunked[\r][\n]"
23:55:03.505 [Test worker] DEBUG com.github.dockerjava.zerodep.shaded.org.apache.hc.client5.http.wire - http-outgoing-2 << "[\r][\n]"
23:55:03.505 [Test worker] DEBUG com.github.dockerjava.zerodep.shaded.org.apache.hc.client5.http.headers - http-outgoing-2 << HTTP/1.1 200 OK
23:55:03.505 [Test worker] DEBUG com.github.dockerjava.zerodep.shaded.org.apache.hc.client5.http.headers - http-outgoing-2 << Api-Version: 1.41
23:55:03.505 [Test worker] DEBUG com.github.dockerjava.zerodep.shaded.org.apache.hc.client5.http.headers - http-outgoing-2 << Content-Type: application/json
23:55:03.505 [Test worker] DEBUG com.github.dockerjava.zerodep.shaded.org.apache.hc.client5.http.headers - http-outgoing-2 << Date: Mon, 27 Mar 2023 02:55:03 GMT
23:55:03.505 [Test worker] DEBUG com.github.dockerjava.zerodep.shaded.org.apache.hc.client5.http.headers - http-outgoing-2 << Docker-Experimental: false
23:55:03.505 [Test worker] DEBUG com.github.dockerjava.zerodep.shaded.org.apache.hc.client5.http.headers - http-outgoing-2 << Ostype: linux
23:55:03.505 [Test worker] DEBUG com.github.dockerjava.zerodep.shaded.org.apache.hc.client5.http.headers - http-outgoing-2 << Server: Docker/20.10.21 (linux)
23:55:03.505 [Test worker] DEBUG com.github.dockerjava.zerodep.shaded.org.apache.hc.client5.http.headers - http-outgoing-2 << Transfer-Encoding: chunked
23:55:03.505 [Test worker] DEBUG com.github.dockerjava.zerodep.shaded.org.apache.hc.client5.http.impl.classic.MainClientExec - ex-0000000F: connection can be kept alive for 3 MINUTES
23:55:03.507 [Test worker] DEBUG com.github.dockerjava.zerodep.shaded.org.apache.hc.client5.http.wire - http-outgoing-2 << "18c1[\r][\n]"
23:55:03.507 [Test worker] DEBUG com.github.dockerjava.zerodep.shaded.org.apache.hc.client5.http.wire - http-outgoing-2 << "{"Id":"c37a42694b7d1cff581f5e7b89a60b044af4721181408c271e821f1413201ca6","Created":"2023-03-27T02:55:02.49734542Z","Path":"docker-entrypoint.sh","Args":["mysqld"],"State":{"Status":"running","Running":true,"Paused":false,"Restarting":false,"OOMKilled":false,"Dead":false,"Pid":18342,"ExitCode":0,"Error":"","StartedAt":"2023-03-27T02:55:03.12719392Z","FinishedAt":"0001-01-01T00:00:00Z"},"Image":"sha256:c7c54c29e20dccc1aefb936c8eba8bb8b98b87a4921102aba87fde2df5810af9","ResolvConfPath":"/var/lib/docker/containers/c37a42694b7d1cff581f5e7b89a60b044af4721181408c271e821f1413201ca6/resolv.conf","HostnamePath":"/var/lib/docker/containers/c37a42694b7d1cff581f5e7b89a60b044af4721181408c271e821f1413201ca6/hostname","HostsPath":"/var/lib/docker/containers/c37a42694b7d1cff581f5e7b89a60b044af4721181408c271e821f1413201ca6/hosts","LogPath":"/var/lib/docker/containers/c37a42694b7d1cff581f5e7b89a60b044af4721181408c271e821f1413201ca6/c37a42694b7d1cff581f5e7b89a60b044af4721181408c271e821f1413201ca6-json.log","Name":"/elegant_mahavira","RestartCount":0,"Driver":"overlay2","Platform":"linux","MountLabel":"","ProcessLabel":"","AppArmorProfile":"","ExecIDs":null,"HostConfig":{"Binds":[],"ContainerIDFile":"","LogConfig":{"Type":"json-file","Config":{}},"NetworkMode":"default","PortBindings":{"3306/tcp":[{"HostIp":"0.0.0.0","HostPort":"0"}]},"RestartPolicy":{"Name":"","MaximumRetryCount":0},"AutoRemove":false,"VolumeDriver":"","VolumesFrom":[],"CapAdd":null,"CapDrop":null,"CgroupnsMode":"private","Dns":null,"DnsOptions":null,"DnsSearch":null,"ExtraHosts":[],"GroupAdd":null,"IpcMode":"shareable","Cgroup":"","Links":null,"OomScoreAdj":0,"PidMode":"","Privileged":false,"PublishAllPorts":false,"ReadonlyRootfs":false,"SecurityOpt":null,"UTSMode":"","UsernsMode":"","ShmSize":67108864,"Runtime":"runc","ConsoleSize":[0,0],"Isolation":"","CpuShares":0,"Memory":0,"NanoCpus":0,"CgroupParent":"","BlkioWeight":0,"BlkioWeightDevice":null,"BlkioDeviceReadBps":null,"BlkioDeviceWriteBps":null,"BlkioDeviceReadIOps":null,"BlkioDeviceWriteIOps":null,"CpuPeriod":0,"CpuQuota":0,"CpuRealtimePeriod":0,"CpuRealtimeRuntime":0,"CpusetCpus":"","CpusetMems":"","Devices":null,"DeviceCgroupRules":null,"DeviceRequests":null,"KernelMemory":0,"KernelMemoryTCP":0,"MemoryReservation":0,"MemorySwap":0,"MemorySwappiness":null,"OomKillDisable":null,"PidsLimit":null,"Ulimits":null,"CpuCount":0,"CpuPercent":0,"IOMaximumIOps":0,"IOMaximumBandwidth":0,"MaskedPaths":["/proc/asound","/proc/acpi","/proc/kcore","/proc/keys","/proc/latency_stats","/proc/timer_list","/proc/timer_stats","/proc/sched_debug","/proc/scsi","/sys/firmware"],"ReadonlyPaths":["/proc/bus","/proc/fs","/proc/irq","/proc/sys","/proc/sysrq-trigger"]},"GraphDriver":{"Data":{"LowerDir":"/var/lib/docker/overlay2/2c15a904a49807090175d7750f18e0f6a57e99c38a424839679cbaf676a4d500-init/diff:/var/lib/docker/overlay2/1bd8849d7a296305617011f940aa5cfabbe972a513397b1b6bbc27639b6c1f30/diff:/var/lib/docker/overlay2/199d69b2fbf78af4d4c95dec4fd2f8835ab0347eb49fb20ebb2ff3b99fedd6ad/diff:/var/lib/docker/overlay2/d83c38d654989311f75b9491329846033bfb7714de76ef635380dcfad5c740d9/diff:/var/lib/docker/overlay2/08600d0aea2ab2728bebcf5d2589c640a842f53d1ba3c4a4adccb4d03b923cf6/diff:/var/lib/docker/overlay2/9ec7c63a3fb14d13ac788bbf5e282ca821edc41260b79944e5e631037d13ecda/diff:/var/lib/docker/overlay2/db601d7a1b4ea6da638db620462f0da96fa55c559d02269c9ddb09027936ed87/diff:/var/lib/docker/overlay2/a6d2bd03f942e2565f21e74cfe152c7ec836a1c2b583f0790c685b92bdcfda24/diff:/var/lib/docker/overlay2/9badd16ea2c5e2bf1fde8b579683e41137dfc46ed5449234149f199a6751cc84/diff:/var/lib/docker/overlay2/6efb85646ed12e2d1181ef4cc6f6f6732c00c15a4035fe17ebc4f075ca573c30/diff:/var/lib/docker/overlay2/895d7c0ec09144d6ed33936f4e98e11c18010f7abd708cae1ce43aec7a7f2621/diff:/var/lib/docker/overlay2/1c4ba77aa573ab6e5e5069fd15eae71b3da940bde0f97a922a227ffc8a1d1096/diff","MergedDir":"/var/lib/docker/overlay2/2c15a904a49807090175d7750f18e0f6a57e99c38a424839679cbaf676a4d500/merged","UpperDir":"/var/lib/docker/overlay2/2c15a904a49807090175d7750f18e0f6a57e99c38a424839679cbaf676a4d500/diff","WorkDir":"/var/lib/docker/overlay2/2c15a904a49807090175d7750f18e0f6a57e99c38a424839679cbaf676a4d500/work"},"Name":"overlay2"},"Mounts":[{"Type":"volume","Name":"44a9389ce95a2961210e86afd6afe42b23405f43157b5dc00e010d283c01df79","Source":"/var/lib/docker/volumes/44a9389ce95a2961210e86afd6afe42b23405f43157b5dc00e010d283c01df79/_data","Destination":"/var/lib/mysql","Driver":"local","Mode":"","RW":true,"Propagation":""}],"Config":{"Hostname":"c37a42694b7d","Domainname":"","User":"","AttachStdin":false,"AttachStdout":false,"AttachStderr":false,"ExposedPorts":{"3306/tcp":{},"33060/tcp":{}},"Tty":false,"OpenStdin":false,"StdinOnce":false,"Env":["MYSQL_DATABASE=adm_videos","MYSQL_PASSWORD=123456","MYSQL_ROOT_PASSWORD=123456","PATH=/usr/local/sbin:/usr/local/bin:/usr/sbin:/usr/bin:/sbin:/bin","GOSU_VERSION=1.16","MYSQL_MAJOR=8.0","MYSQL_VERSION=8.0.32-1.el8","MYSQL_SHELL_VERSION=8.0.32-1.el8"],"Cmd":["mysqld"],"Image":"mysql:latest","Volumes":{"/var/lib/mysql":{}},"WorkingDir":"","Entrypoint":["docker-entrypoint.sh"],"OnBuild":null,"Labels":{"org.testcontainers":"true","org.testcontainers.lang":"java","org.testcontainers.sessionId":"818a13d9-e138-4e41-b5a4-74fd927e6a2d","org.testcontainers.version":"1.17.6"}},"NetworkSettings":{"Bridge":"","SandboxID":"bd1f3a626f226e407a1a406212013b21c93b302c93f9fd53a405b7fc5ff825b3","HairpinMode":false,"LinkLocalIPv6Address":"","LinkLocalIPv6PrefixLen":0,"Ports":{"3306/tcp":[{"HostIp":"0.0.0.0","HostPort":"56289"}],"33060/tcp":null},"SandboxKey":"/var/run/docker/netns/bd1f3a626f22","SecondaryIPAddresses":null,"SecondaryIPv6Addresses":null,"EndpointID":"a2b725c0c5ce4503f8e45e0c2adc4455b29a53a4866d3f23b2bce893a084641f","Gateway":"172.17.0.1","GlobalIPv6Address":"","GlobalIPv6PrefixLen":0,"IPAddress":"172.17.0.3","IPPrefixLen":16,"IPv6Gateway":"","MacAddress":"02:42:ac:11:00:03","Networks":{"bridge":{"IPAMConfig":null,"Links":null,"Aliases":null,"NetworkID":"308e234c143065751b16b4500cb9f48d5c7fc2116504b3d816a5e51cd4771062","EndpointID":"a2b725c0c5ce4503f8e45e0c2adc4455b29a53a4866d3f23b2bce893a084641f","Gateway":"172.17.0.1","IPAddress":"172.17.0.3","IPPrefixLen":16,"IPv6Gateway":"","GlobalIPv6Address":"","GlobalIPv6PrefixLen":0,"MacAddress":"02:42:ac:11:00:03","DriverOpts":null}}}}[\n]"
23:55:03.507 [Test worker] DEBUG com.github.dockerjava.zerodep.shaded.org.apache.hc.client5.http.wire - http-outgoing-2 << "[\r][\n]"
23:55:03.508 [Test worker] DEBUG com.github.dockerjava.zerodep.shaded.org.apache.hc.client5.http.wire - http-outgoing-2 << "0[\r][\n]"
23:55:03.508 [Test worker] DEBUG com.github.dockerjava.zerodep.shaded.org.apache.hc.client5.http.wire - http-outgoing-2 << "[\r][\n]"
23:55:03.508 [Test worker] DEBUG com.github.dockerjava.zerodep.shaded.org.apache.hc.client5.http.impl.classic.InternalHttpClient - ep-0000000E: releasing valid endpoint
23:55:03.508 [Test worker] DEBUG com.github.dockerjava.zerodep.shaded.org.apache.hc.client5.http.impl.io.PoolingHttpClientConnectionManager - ep-0000000E: releasing endpoint
23:55:03.508 [Test worker] DEBUG com.github.dockerjava.zerodep.shaded.org.apache.hc.client5.http.impl.io.PoolingHttpClientConnectionManager - ep-0000000E: connection http-outgoing-2 can be kept alive for 3 MINUTES
23:55:03.508 [Test worker] DEBUG com.github.dockerjava.zerodep.shaded.org.apache.hc.client5.http.impl.io.PoolingHttpClientConnectionManager - ep-0000000E: connection released [route: {}->unix://localhost:2375][total available: 1; route allocated: 1 of 2147483647; total allocated: 1 of 2147483647]
23:55:03.508 [Test worker] DEBUG ]]>&#x1f433;<![CDATA[ [mysql:latest] - Trying to create JDBC connection using com.mysql.cj.jdbc.Driver to jdbc:mysql://localhost:56289/adm_videos?useSSL=false&allowPublicKeyRetrieval=true with properties: {password=123456, user=root}
23:55:03.614 [Test worker] DEBUG org.testcontainers.shaded.com.github.dockerjava.core.command.AbstrDockerCmd - Cmd: c37a42694b7d1cff581f5e7b89a60b044af4721181408c271e821f1413201ca6,false
23:55:03.614 [Test worker] DEBUG org.testcontainers.shaded.com.github.dockerjava.core.exec.InspectContainerCmdExec - GET: DefaultWebTarget{path=[/containers/c37a42694b7d1cff581f5e7b89a60b044af4721181408c271e821f1413201ca6/json], queryParams={}}
23:55:03.615 [Test worker] DEBUG com.github.dockerjava.zerodep.shaded.org.apache.hc.client5.http.impl.classic.InternalHttpClient - ex-00000010: preparing request execution
23:55:03.615 [Test worker] DEBUG com.github.dockerjava.zerodep.shaded.org.apache.hc.client5.http.protocol.RequestAddCookies - Cookie spec selected: strict
23:55:03.615 [Test worker] DEBUG com.github.dockerjava.zerodep.shaded.org.apache.hc.client5.http.protocol.RequestAuthCache - Auth cache not set in the context
23:55:03.615 [Test worker] DEBUG com.github.dockerjava.zerodep.shaded.org.apache.hc.client5.http.impl.classic.ProtocolExec - ex-00000010: target auth state: UNCHALLENGED
23:55:03.615 [Test worker] DEBUG com.github.dockerjava.zerodep.shaded.org.apache.hc.client5.http.impl.classic.ProtocolExec - ex-00000010: proxy auth state: UNCHALLENGED
23:55:03.615 [Test worker] DEBUG com.github.dockerjava.zerodep.shaded.org.apache.hc.client5.http.impl.classic.ConnectExec - ex-00000010: acquiring connection with route {}->unix://localhost:2375
23:55:03.615 [Test worker] DEBUG com.github.dockerjava.zerodep.shaded.org.apache.hc.client5.http.impl.classic.InternalHttpClient - ex-00000010: acquiring endpoint (3 MINUTES)
23:55:03.615 [Test worker] DEBUG com.github.dockerjava.zerodep.shaded.org.apache.hc.client5.http.impl.io.PoolingHttpClientConnectionManager - ex-00000010: endpoint lease request (3 MINUTES) [route: {}->unix://localhost:2375][total available: 1; route allocated: 1 of 2147483647; total allocated: 1 of 2147483647]
23:55:03.615 [Test worker] DEBUG com.github.dockerjava.zerodep.shaded.org.apache.hc.client5.http.impl.io.PoolingHttpClientConnectionManager - ex-00000010: endpoint leased [route: {}->unix://localhost:2375][total available: 0; route allocated: 1 of 2147483647; total allocated: 1 of 2147483647]
23:55:03.615 [Test worker] DEBUG com.github.dockerjava.zerodep.shaded.org.apache.hc.client5.http.impl.io.PoolingHttpClientConnectionManager - ex-00000010: acquired ep-0000000F
23:55:03.615 [Test worker] DEBUG com.github.dockerjava.zerodep.shaded.org.apache.hc.client5.http.impl.classic.InternalHttpClient - ex-00000010: acquired endpoint ep-0000000F
23:55:03.615 [Test worker] DEBUG com.github.dockerjava.zerodep.shaded.org.apache.hc.client5.http.impl.classic.MainClientExec - ex-00000010: executing GET /v1.32/containers/c37a42694b7d1cff581f5e7b89a60b044af4721181408c271e821f1413201ca6/json HTTP/1.1
23:55:03.615 [Test worker] DEBUG com.github.dockerjava.zerodep.shaded.org.apache.hc.client5.http.impl.classic.InternalHttpClient - ep-0000000F: start execution ex-00000010
23:55:03.615 [Test worker] DEBUG com.github.dockerjava.zerodep.shaded.org.apache.hc.client5.http.impl.io.PoolingHttpClientConnectionManager - ep-0000000F: executing exchange ex-00000010 over http-outgoing-2
23:55:03.616 [Test worker] DEBUG com.github.dockerjava.zerodep.shaded.org.apache.hc.client5.http.headers - http-outgoing-2 >> GET /v1.32/containers/c37a42694b7d1cff581f5e7b89a60b044af4721181408c271e821f1413201ca6/json HTTP/1.1
23:55:03.616 [Test worker] DEBUG com.github.dockerjava.zerodep.shaded.org.apache.hc.client5.http.headers - http-outgoing-2 >> accept: application/json
23:55:03.616 [Test worker] DEBUG com.github.dockerjava.zerodep.shaded.org.apache.hc.client5.http.headers - http-outgoing-2 >> x-tc-sid: 818a13d9-e138-4e41-b5a4-74fd927e6a2d
23:55:03.616 [Test worker] DEBUG com.github.dockerjava.zerodep.shaded.org.apache.hc.client5.http.headers - http-outgoing-2 >> Accept-Encoding: gzip, x-gzip, deflate
23:55:03.616 [Test worker] DEBUG com.github.dockerjava.zerodep.shaded.org.apache.hc.client5.http.headers - http-outgoing-2 >> Host: localhost:2375
23:55:03.616 [Test worker] DEBUG com.github.dockerjava.zerodep.shaded.org.apache.hc.client5.http.headers - http-outgoing-2 >> Connection: keep-alive
23:55:03.616 [Test worker] DEBUG com.github.dockerjava.zerodep.shaded.org.apache.hc.client5.http.headers - http-outgoing-2 >> User-Agent: Apache-HttpClient/5.0.3 (Java/17.0.2)
23:55:03.616 [Test worker] DEBUG com.github.dockerjava.zerodep.shaded.org.apache.hc.client5.http.wire - http-outgoing-2 >> "GET /v1.32/containers/c37a42694b7d1cff581f5e7b89a60b044af4721181408c271e821f1413201ca6/json HTTP/1.1[\r][\n]"
23:55:03.616 [Test worker] DEBUG com.github.dockerjava.zerodep.shaded.org.apache.hc.client5.http.wire - http-outgoing-2 >> "accept: application/json[\r][\n]"
23:55:03.616 [Test worker] DEBUG com.github.dockerjava.zerodep.shaded.org.apache.hc.client5.http.wire - http-outgoing-2 >> "x-tc-sid: 818a13d9-e138-4e41-b5a4-74fd927e6a2d[\r][\n]"
23:55:03.616 [Test worker] DEBUG com.github.dockerjava.zerodep.shaded.org.apache.hc.client5.http.wire - http-outgoing-2 >> "Accept-Encoding: gzip, x-gzip, deflate[\r][\n]"
23:55:03.616 [Test worker] DEBUG com.github.dockerjava.zerodep.shaded.org.apache.hc.client5.http.wire - http-outgoing-2 >> "Host: localhost:2375[\r][\n]"
23:55:03.616 [Test worker] DEBUG com.github.dockerjava.zerodep.shaded.org.apache.hc.client5.http.wire - http-outgoing-2 >> "Connection: keep-alive[\r][\n]"
23:55:03.616 [Test worker] DEBUG com.github.dockerjava.zerodep.shaded.org.apache.hc.client5.http.wire - http-outgoing-2 >> "User-Agent: Apache-HttpClient/5.0.3 (Java/17.0.2)[\r][\n]"
23:55:03.616 [Test worker] DEBUG com.github.dockerjava.zerodep.shaded.org.apache.hc.client5.http.wire - http-outgoing-2 >> "[\r][\n]"
23:55:03.618 [Test worker] DEBUG com.github.dockerjava.zerodep.shaded.org.apache.hc.client5.http.wire - http-outgoing-2 << "HTTP/1.1 200 OK[\r][\n]"
23:55:03.618 [Test worker] DEBUG com.github.dockerjava.zerodep.shaded.org.apache.hc.client5.http.wire - http-outgoing-2 << "Api-Version: 1.41[\r][\n]"
23:55:03.618 [Test worker] DEBUG com.github.dockerjava.zerodep.shaded.org.apache.hc.client5.http.wire - http-outgoing-2 << "Content-Type: application/json[\r][\n]"
23:55:03.618 [Test worker] DEBUG com.github.dockerjava.zerodep.shaded.org.apache.hc.client5.http.wire - http-outgoing-2 << "Date: Mon, 27 Mar 2023 02:55:03 GMT[\r][\n]"
23:55:03.618 [Test worker] DEBUG com.github.dockerjava.zerodep.shaded.org.apache.hc.client5.http.wire - http-outgoing-2 << "Docker-Experimental: false[\r][\n]"
23:55:03.618 [Test worker] DEBUG com.github.dockerjava.zerodep.shaded.org.apache.hc.client5.http.wire - http-outgoing-2 << "Ostype: linux[\r][\n]"
23:55:03.618 [Test worker] DEBUG com.github.dockerjava.zerodep.shaded.org.apache.hc.client5.http.wire - http-outgoing-2 << "Server: Docker/20.10.21 (linux)[\r][\n]"
23:55:03.618 [Test worker] DEBUG com.github.dockerjava.zerodep.shaded.org.apache.hc.client5.http.wire - http-outgoing-2 << "Transfer-Encoding: chunked[\r][\n]"
23:55:03.619 [Test worker] DEBUG com.github.dockerjava.zerodep.shaded.org.apache.hc.client5.http.wire - http-outgoing-2 << "[\r][\n]"
23:55:03.619 [Test worker] DEBUG com.github.dockerjava.zerodep.shaded.org.apache.hc.client5.http.headers - http-outgoing-2 << HTTP/1.1 200 OK
23:55:03.619 [Test worker] DEBUG com.github.dockerjava.zerodep.shaded.org.apache.hc.client5.http.headers - http-outgoing-2 << Api-Version: 1.41
23:55:03.619 [Test worker] DEBUG com.github.dockerjava.zerodep.shaded.org.apache.hc.client5.http.headers - http-outgoing-2 << Content-Type: application/json
23:55:03.619 [Test worker] DEBUG com.github.dockerjava.zerodep.shaded.org.apache.hc.client5.http.headers - http-outgoing-2 << Date: Mon, 27 Mar 2023 02:55:03 GMT
23:55:03.619 [Test worker] DEBUG com.github.dockerjava.zerodep.shaded.org.apache.hc.client5.http.headers - http-outgoing-2 << Docker-Experimental: false
23:55:03.619 [Test worker] DEBUG com.github.dockerjava.zerodep.shaded.org.apache.hc.client5.http.headers - http-outgoing-2 << Ostype: linux
23:55:03.619 [Test worker] DEBUG com.github.dockerjava.zerodep.shaded.org.apache.hc.client5.http.headers - http-outgoing-2 << Server: Docker/20.10.21 (linux)
23:55:03.619 [Test worker] DEBUG com.github.dockerjava.zerodep.shaded.org.apache.hc.client5.http.headers - http-outgoing-2 << Transfer-Encoding: chunked
23:55:03.619 [Test worker] DEBUG com.github.dockerjava.zerodep.shaded.org.apache.hc.client5.http.impl.classic.MainClientExec - ex-00000010: connection can be kept alive for 3 MINUTES
23:55:03.620 [Test worker] DEBUG com.github.dockerjava.zerodep.shaded.org.apache.hc.client5.http.wire - http-outgoing-2 << "18c1[\r][\n]"
23:55:03.620 [Test worker] DEBUG com.github.dockerjava.zerodep.shaded.org.apache.hc.client5.http.wire - http-outgoing-2 << "{"Id":"c37a42694b7d1cff581f5e7b89a60b044af4721181408c271e821f1413201ca6","Created":"2023-03-27T02:55:02.49734542Z","Path":"docker-entrypoint.sh","Args":["mysqld"],"State":{"Status":"running","Running":true,"Paused":false,"Restarting":false,"OOMKilled":false,"Dead":false,"Pid":18342,"ExitCode":0,"Error":"","StartedAt":"2023-03-27T02:55:03.12719392Z","FinishedAt":"0001-01-01T00:00:00Z"},"Image":"sha256:c7c54c29e20dccc1aefb936c8eba8bb8b98b87a4921102aba87fde2df5810af9","ResolvConfPath":"/var/lib/docker/containers/c37a42694b7d1cff581f5e7b89a60b044af4721181408c271e821f1413201ca6/resolv.conf","HostnamePath":"/var/lib/docker/containers/c37a42694b7d1cff581f5e7b89a60b044af4721181408c271e821f1413201ca6/hostname","HostsPath":"/var/lib/docker/containers/c37a42694b7d1cff581f5e7b89a60b044af4721181408c271e821f1413201ca6/hosts","LogPath":"/var/lib/docker/containers/c37a42694b7d1cff581f5e7b89a60b044af4721181408c271e821f1413201ca6/c37a42694b7d1cff581f5e7b89a60b044af4721181408c271e821f1413201ca6-json.log","Name":"/elegant_mahavira","RestartCount":0,"Driver":"overlay2","Platform":"linux","MountLabel":"","ProcessLabel":"","AppArmorProfile":"","ExecIDs":null,"HostConfig":{"Binds":[],"ContainerIDFile":"","LogConfig":{"Type":"json-file","Config":{}},"NetworkMode":"default","PortBindings":{"3306/tcp":[{"HostIp":"0.0.0.0","HostPort":"0"}]},"RestartPolicy":{"Name":"","MaximumRetryCount":0},"AutoRemove":false,"VolumeDriver":"","VolumesFrom":[],"CapAdd":null,"CapDrop":null,"CgroupnsMode":"private","Dns":null,"DnsOptions":null,"DnsSearch":null,"ExtraHosts":[],"GroupAdd":null,"IpcMode":"shareable","Cgroup":"","Links":null,"OomScoreAdj":0,"PidMode":"","Privileged":false,"PublishAllPorts":false,"ReadonlyRootfs":false,"SecurityOpt":null,"UTSMode":"","UsernsMode":"","ShmSize":67108864,"Runtime":"runc","ConsoleSize":[0,0],"Isolation":"","CpuShares":0,"Memory":0,"NanoCpus":0,"CgroupParent":"","BlkioWeight":0,"BlkioWeightDevice":null,"BlkioDeviceReadBps":null,"BlkioDeviceWriteBps":null,"BlkioDeviceReadIOps":null,"BlkioDeviceWriteIOps":null,"CpuPeriod":0,"CpuQuota":0,"CpuRealtimePeriod":0,"CpuRealtimeRuntime":0,"CpusetCpus":"","CpusetMems":"","Devices":null,"DeviceCgroupRules":null,"DeviceRequests":null,"KernelMemory":0,"KernelMemoryTCP":0,"MemoryReservation":0,"MemorySwap":0,"MemorySwappiness":null,"OomKillDisable":null,"PidsLimit":null,"Ulimits":null,"CpuCount":0,"CpuPercent":0,"IOMaximumIOps":0,"IOMaximumBandwidth":0,"MaskedPaths":["/proc/asound","/proc/acpi","/proc/kcore","/proc/keys","/proc/latency_stats","/proc/timer_list","/proc/timer_stats","/proc/sched_debug","/proc/scsi","/sys/firmware"],"ReadonlyPaths":["/proc/bus","/proc/fs","/proc/irq","/proc/sys","/proc/sysrq-trigger"]},"GraphDriver":{"Data":{"LowerDir":"/var/lib/docker/overlay2/2c15a904a49807090175d7750f18e0f6a57e99c38a424839679cbaf676a4d500-init/diff:/var/lib/docker/overlay2/1bd8849d7a296305617011f940aa5cfabbe972a513397b1b6bbc27639b6c1f30/diff:/var/lib/docker/overlay2/199d69b2fbf78af4d4c95dec4fd2f8835ab0347eb49fb20ebb2ff3b99fedd6ad/diff:/var/lib/docker/overlay2/d83c38d654989311f75b9491329846033bfb7714de76ef635380dcfad5c740d9/diff:/var/lib/docker/overlay2/08600d0aea2ab2728bebcf5d2589c640a842f53d1ba3c4a4adccb4d03b923cf6/diff:/var/lib/docker/overlay2/9ec7c63a3fb14d13ac788bbf5e282ca821edc41260b79944e5e631037d13ecda/diff:/var/lib/docker/overlay2/db601d7a1b4ea6da638db620462f0da96fa55c559d02269c9ddb09027936ed87/diff:/var/lib/docker/overlay2/a6d2bd03f942e2565f21e74cfe152c7ec836a1c2b583f0790c685b92bdcfda24/diff:/var/lib/docker/overlay2/9badd16ea2c5e2bf1fde8b579683e41137dfc46ed5449234149f199a6751cc84/diff:/var/lib/docker/overlay2/6efb85646ed12e2d1181ef4cc6f6f6732c00c15a4035fe17ebc4f075ca573c30/diff:/var/lib/docker/overlay2/895d7c0ec09144d6ed33936f4e98e11c18010f7abd708cae1ce43aec7a7f2621/diff:/var/lib/docker/overlay2/1c4ba77aa573ab6e5e5069fd15eae71b3da940bde0f97a922a227ffc8a1d1096/diff","MergedDir":"/var/lib/docker/overlay2/2c15a904a49807090175d7750f18e0f6a57e99c38a424839679cbaf676a4d500/merged","UpperDir":"/var/lib/docker/overlay2/2c15a904a49807090175d7750f18e0f6a57e99c38a424839679cbaf676a4d500/diff","WorkDir":"/var/lib/docker/overlay2/2c15a904a49807090175d7750f18e0f6a57e99c38a424839679cbaf676a4d500/work"},"Name":"overlay2"},"Mounts":[{"Type":"volume","Name":"44a9389ce95a2961210e86afd6afe42b23405f43157b5dc00e010d283c01df79","Source":"/var/lib/docker/volumes/44a9389ce95a2961210e86afd6afe42b23405f43157b5dc00e010d283c01df79/_data","Destination":"/var/lib/mysql","Driver":"local","Mode":"","RW":true,"Propagation":""}],"Config":{"Hostname":"c37a42694b7d","Domainname":"","User":"","AttachStdin":false,"AttachStdout":false,"AttachStderr":false,"ExposedPorts":{"3306/tcp":{},"33060/tcp":{}},"Tty":false,"OpenStdin":false,"StdinOnce":false,"Env":["MYSQL_DATABASE=adm_videos","MYSQL_PASSWORD=123456","MYSQL_ROOT_PASSWORD=123456","PATH=/usr/local/sbin:/usr/local/bin:/usr/sbin:/usr/bin:/sbin:/bin","GOSU_VERSION=1.16","MYSQL_MAJOR=8.0","MYSQL_VERSION=8.0.32-1.el8","MYSQL_SHELL_VERSION=8.0.32-1.el8"],"Cmd":["mysqld"],"Image":"mysql:latest","Volumes":{"/var/lib/mysql":{}},"WorkingDir":"","Entrypoint":["docker-entrypoint.sh"],"OnBuild":null,"Labels":{"org.testcontainers":"true","org.testcontainers.lang":"java","org.testcontainers.sessionId":"818a13d9-e138-4e41-b5a4-74fd927e6a2d","org.testcontainers.version":"1.17.6"}},"NetworkSettings":{"Bridge":"","SandboxID":"bd1f3a626f226e407a1a406212013b21c93b302c93f9fd53a405b7fc5ff825b3","HairpinMode":false,"LinkLocalIPv6Address":"","LinkLocalIPv6PrefixLen":0,"Ports":{"3306/tcp":[{"HostIp":"0.0.0.0","HostPort":"56289"}],"33060/tcp":null},"SandboxKey":"/var/run/docker/netns/bd1f3a626f22","SecondaryIPAddresses":null,"SecondaryIPv6Addresses":null,"EndpointID":"a2b725c0c5ce4503f8e45e0c2adc4455b29a53a4866d3f23b2bce893a084641f","Gateway":"172.17.0.1","GlobalIPv6Address":"","GlobalIPv6PrefixLen":0,"IPAddress":"172.17.0.3","IPPrefixLen":16,"IPv6Gateway":"","MacAddress":"02:42:ac:11:00:03","Networks":{"bridge":{"IPAMConfig":null,"Links":null,"Aliases":null,"NetworkID":"308e234c143065751b16b4500cb9f48d5c7fc2116504b3d816a5e51cd4771062","EndpointID":"a2b725c0c5ce4503f8e45e0c2adc4455b29a53a4866d3f23b2bce893a084641f","Gateway":"172.17.0.1","IPAddress":"172.17.0.3","IPPrefixLen":16,"IPv6Gateway":"","GlobalIPv6Address":"","GlobalIPv6PrefixLen":0,"MacAddress":"02:42:ac:11:00:03","DriverOpts":null}}}}[\n]"
23:55:03.620 [Test worker] DEBUG com.github.dockerjava.zerodep.shaded.org.apache.hc.client5.http.wire - http-outgoing-2 << "[\r][\n]"
23:55:03.621 [Test worker] DEBUG com.github.dockerjava.zerodep.shaded.org.apache.hc.client5.http.wire - http-outgoing-2 << "0[\r][\n]"
23:55:03.621 [Test worker] DEBUG com.github.dockerjava.zerodep.shaded.org.apache.hc.client5.http.wire - http-outgoing-2 << "[\r][\n]"
23:55:03.622 [Test worker] DEBUG com.github.dockerjava.zerodep.shaded.org.apache.hc.client5.http.impl.classic.InternalHttpClient - ep-0000000F: releasing valid endpoint
23:55:03.622 [Test worker] DEBUG com.github.dockerjava.zerodep.shaded.org.apache.hc.client5.http.impl.io.PoolingHttpClientConnectionManager - ep-0000000F: releasing endpoint
23:55:03.622 [Test worker] DEBUG com.github.dockerjava.zerodep.shaded.org.apache.hc.client5.http.impl.io.PoolingHttpClientConnectionManager - ep-0000000F: connection http-outgoing-2 can be kept alive for 3 MINUTES
23:55:03.622 [Test worker] DEBUG com.github.dockerjava.zerodep.shaded.org.apache.hc.client5.http.impl.io.PoolingHttpClientConnectionManager - ep-0000000F: connection released [route: {}->unix://localhost:2375][total available: 1; route allocated: 1 of 2147483647; total allocated: 1 of 2147483647]
23:55:03.622 [Test worker] DEBUG ]]>&#x1f433;<![CDATA[ [mysql:latest] - Trying to create JDBC connection using com.mysql.cj.jdbc.Driver to jdbc:mysql://localhost:56289/adm_videos?useSSL=false&allowPublicKeyRetrieval=true with properties: {password=123456, user=root}
23:55:03.729 [Test worker] DEBUG org.testcontainers.shaded.com.github.dockerjava.core.command.AbstrDockerCmd - Cmd: c37a42694b7d1cff581f5e7b89a60b044af4721181408c271e821f1413201ca6,false
23:55:03.729 [Test worker] DEBUG org.testcontainers.shaded.com.github.dockerjava.core.exec.InspectContainerCmdExec - GET: DefaultWebTarget{path=[/containers/c37a42694b7d1cff581f5e7b89a60b044af4721181408c271e821f1413201ca6/json], queryParams={}}
23:55:03.730 [Test worker] DEBUG com.github.dockerjava.zerodep.shaded.org.apache.hc.client5.http.impl.classic.InternalHttpClient - ex-00000011: preparing request execution
23:55:03.730 [Test worker] DEBUG com.github.dockerjava.zerodep.shaded.org.apache.hc.client5.http.protocol.RequestAddCookies - Cookie spec selected: strict
23:55:03.730 [Test worker] DEBUG com.github.dockerjava.zerodep.shaded.org.apache.hc.client5.http.protocol.RequestAuthCache - Auth cache not set in the context
23:55:03.730 [Test worker] DEBUG com.github.dockerjava.zerodep.shaded.org.apache.hc.client5.http.impl.classic.ProtocolExec - ex-00000011: target auth state: UNCHALLENGED
23:55:03.730 [Test worker] DEBUG com.github.dockerjava.zerodep.shaded.org.apache.hc.client5.http.impl.classic.ProtocolExec - ex-00000011: proxy auth state: UNCHALLENGED
23:55:03.730 [Test worker] DEBUG com.github.dockerjava.zerodep.shaded.org.apache.hc.client5.http.impl.classic.ConnectExec - ex-00000011: acquiring connection with route {}->unix://localhost:2375
23:55:03.730 [Test worker] DEBUG com.github.dockerjava.zerodep.shaded.org.apache.hc.client5.http.impl.classic.InternalHttpClient - ex-00000011: acquiring endpoint (3 MINUTES)
23:55:03.730 [Test worker] DEBUG com.github.dockerjava.zerodep.shaded.org.apache.hc.client5.http.impl.io.PoolingHttpClientConnectionManager - ex-00000011: endpoint lease request (3 MINUTES) [route: {}->unix://localhost:2375][total available: 1; route allocated: 1 of 2147483647; total allocated: 1 of 2147483647]
23:55:03.730 [Test worker] DEBUG com.github.dockerjava.zerodep.shaded.org.apache.hc.client5.http.impl.io.PoolingHttpClientConnectionManager - ex-00000011: endpoint leased [route: {}->unix://localhost:2375][total available: 0; route allocated: 1 of 2147483647; total allocated: 1 of 2147483647]
23:55:03.730 [Test worker] DEBUG com.github.dockerjava.zerodep.shaded.org.apache.hc.client5.http.impl.io.PoolingHttpClientConnectionManager - ex-00000011: acquired ep-00000010
23:55:03.730 [Test worker] DEBUG com.github.dockerjava.zerodep.shaded.org.apache.hc.client5.http.impl.classic.InternalHttpClient - ex-00000011: acquired endpoint ep-00000010
23:55:03.730 [Test worker] DEBUG com.github.dockerjava.zerodep.shaded.org.apache.hc.client5.http.impl.classic.MainClientExec - ex-00000011: executing GET /v1.32/containers/c37a42694b7d1cff581f5e7b89a60b044af4721181408c271e821f1413201ca6/json HTTP/1.1
23:55:03.730 [Test worker] DEBUG com.github.dockerjava.zerodep.shaded.org.apache.hc.client5.http.impl.classic.InternalHttpClient - ep-00000010: start execution ex-00000011
23:55:03.730 [Test worker] DEBUG com.github.dockerjava.zerodep.shaded.org.apache.hc.client5.http.impl.io.PoolingHttpClientConnectionManager - ep-00000010: executing exchange ex-00000011 over http-outgoing-2
23:55:03.731 [Test worker] DEBUG com.github.dockerjava.zerodep.shaded.org.apache.hc.client5.http.headers - http-outgoing-2 >> GET /v1.32/containers/c37a42694b7d1cff581f5e7b89a60b044af4721181408c271e821f1413201ca6/json HTTP/1.1
23:55:03.731 [Test worker] DEBUG com.github.dockerjava.zerodep.shaded.org.apache.hc.client5.http.headers - http-outgoing-2 >> accept: application/json
23:55:03.731 [Test worker] DEBUG com.github.dockerjava.zerodep.shaded.org.apache.hc.client5.http.headers - http-outgoing-2 >> x-tc-sid: 818a13d9-e138-4e41-b5a4-74fd927e6a2d
23:55:03.731 [Test worker] DEBUG com.github.dockerjava.zerodep.shaded.org.apache.hc.client5.http.headers - http-outgoing-2 >> Accept-Encoding: gzip, x-gzip, deflate
23:55:03.731 [Test worker] DEBUG com.github.dockerjava.zerodep.shaded.org.apache.hc.client5.http.headers - http-outgoing-2 >> Host: localhost:2375
23:55:03.731 [Test worker] DEBUG com.github.dockerjava.zerodep.shaded.org.apache.hc.client5.http.headers - http-outgoing-2 >> Connection: keep-alive
23:55:03.731 [Test worker] DEBUG com.github.dockerjava.zerodep.shaded.org.apache.hc.client5.http.headers - http-outgoing-2 >> User-Agent: Apache-HttpClient/5.0.3 (Java/17.0.2)
23:55:03.731 [Test worker] DEBUG com.github.dockerjava.zerodep.shaded.org.apache.hc.client5.http.wire - http-outgoing-2 >> "GET /v1.32/containers/c37a42694b7d1cff581f5e7b89a60b044af4721181408c271e821f1413201ca6/json HTTP/1.1[\r][\n]"
23:55:03.731 [Test worker] DEBUG com.github.dockerjava.zerodep.shaded.org.apache.hc.client5.http.wire - http-outgoing-2 >> "accept: application/json[\r][\n]"
23:55:03.731 [Test worker] DEBUG com.github.dockerjava.zerodep.shaded.org.apache.hc.client5.http.wire - http-outgoing-2 >> "x-tc-sid: 818a13d9-e138-4e41-b5a4-74fd927e6a2d[\r][\n]"
23:55:03.731 [Test worker] DEBUG com.github.dockerjava.zerodep.shaded.org.apache.hc.client5.http.wire - http-outgoing-2 >> "Accept-Encoding: gzip, x-gzip, deflate[\r][\n]"
23:55:03.731 [Test worker] DEBUG com.github.dockerjava.zerodep.shaded.org.apache.hc.client5.http.wire - http-outgoing-2 >> "Host: localhost:2375[\r][\n]"
23:55:03.731 [Test worker] DEBUG com.github.dockerjava.zerodep.shaded.org.apache.hc.client5.http.wire - http-outgoing-2 >> "Connection: keep-alive[\r][\n]"
23:55:03.731 [Test worker] DEBUG com.github.dockerjava.zerodep.shaded.org.apache.hc.client5.http.wire - http-outgoing-2 >> "User-Agent: Apache-HttpClient/5.0.3 (Java/17.0.2)[\r][\n]"
23:55:03.731 [Test worker] DEBUG com.github.dockerjava.zerodep.shaded.org.apache.hc.client5.http.wire - http-outgoing-2 >> "[\r][\n]"
23:55:03.733 [Test worker] DEBUG com.github.dockerjava.zerodep.shaded.org.apache.hc.client5.http.wire - http-outgoing-2 << "HTTP/1.1 200 OK[\r][\n]"
23:55:03.733 [Test worker] DEBUG com.github.dockerjava.zerodep.shaded.org.apache.hc.client5.http.wire - http-outgoing-2 << "Api-Version: 1.41[\r][\n]"
23:55:03.733 [Test worker] DEBUG com.github.dockerjava.zerodep.shaded.org.apache.hc.client5.http.wire - http-outgoing-2 << "Content-Type: application/json[\r][\n]"
23:55:03.733 [Test worker] DEBUG com.github.dockerjava.zerodep.shaded.org.apache.hc.client5.http.wire - http-outgoing-2 << "Date: Mon, 27 Mar 2023 02:55:03 GMT[\r][\n]"
23:55:03.733 [Test worker] DEBUG com.github.dockerjava.zerodep.shaded.org.apache.hc.client5.http.wire - http-outgoing-2 << "Docker-Experimental: false[\r][\n]"
23:55:03.733 [Test worker] DEBUG com.github.dockerjava.zerodep.shaded.org.apache.hc.client5.http.wire - http-outgoing-2 << "Ostype: linux[\r][\n]"
23:55:03.733 [Test worker] DEBUG com.github.dockerjava.zerodep.shaded.org.apache.hc.client5.http.wire - http-outgoing-2 << "Server: Docker/20.10.21 (linux)[\r][\n]"
23:55:03.733 [Test worker] DEBUG com.github.dockerjava.zerodep.shaded.org.apache.hc.client5.http.wire - http-outgoing-2 << "Transfer-Encoding: chunked[\r][\n]"
23:55:03.733 [Test worker] DEBUG com.github.dockerjava.zerodep.shaded.org.apache.hc.client5.http.wire - http-outgoing-2 << "[\r][\n]"
23:55:03.733 [Test worker] DEBUG com.github.dockerjava.zerodep.shaded.org.apache.hc.client5.http.headers - http-outgoing-2 << HTTP/1.1 200 OK
23:55:03.733 [Test worker] DEBUG com.github.dockerjava.zerodep.shaded.org.apache.hc.client5.http.headers - http-outgoing-2 << Api-Version: 1.41
23:55:03.733 [Test worker] DEBUG com.github.dockerjava.zerodep.shaded.org.apache.hc.client5.http.headers - http-outgoing-2 << Content-Type: application/json
23:55:03.733 [Test worker] DEBUG com.github.dockerjava.zerodep.shaded.org.apache.hc.client5.http.headers - http-outgoing-2 << Date: Mon, 27 Mar 2023 02:55:03 GMT
23:55:03.733 [Test worker] DEBUG com.github.dockerjava.zerodep.shaded.org.apache.hc.client5.http.headers - http-outgoing-2 << Docker-Experimental: false
23:55:03.733 [Test worker] DEBUG com.github.dockerjava.zerodep.shaded.org.apache.hc.client5.http.headers - http-outgoing-2 << Ostype: linux
23:55:03.733 [Test worker] DEBUG com.github.dockerjava.zerodep.shaded.org.apache.hc.client5.http.headers - http-outgoing-2 << Server: Docker/20.10.21 (linux)
23:55:03.733 [Test worker] DEBUG com.github.dockerjava.zerodep.shaded.org.apache.hc.client5.http.headers - http-outgoing-2 << Transfer-Encoding: chunked
23:55:03.734 [Test worker] DEBUG com.github.dockerjava.zerodep.shaded.org.apache.hc.client5.http.impl.classic.MainClientExec - ex-00000011: connection can be kept alive for 3 MINUTES
23:55:03.734 [Test worker] DEBUG com.github.dockerjava.zerodep.shaded.org.apache.hc.client5.http.wire - http-outgoing-2 << "18c1[\r][\n]"
23:55:03.735 [Test worker] DEBUG com.github.dockerjava.zerodep.shaded.org.apache.hc.client5.http.wire - http-outgoing-2 << "{"Id":"c37a42694b7d1cff581f5e7b89a60b044af4721181408c271e821f1413201ca6","Created":"2023-03-27T02:55:02.49734542Z","Path":"docker-entrypoint.sh","Args":["mysqld"],"State":{"Status":"running","Running":true,"Paused":false,"Restarting":false,"OOMKilled":false,"Dead":false,"Pid":18342,"ExitCode":0,"Error":"","StartedAt":"2023-03-27T02:55:03.12719392Z","FinishedAt":"0001-01-01T00:00:00Z"},"Image":"sha256:c7c54c29e20dccc1aefb936c8eba8bb8b98b87a4921102aba87fde2df5810af9","ResolvConfPath":"/var/lib/docker/containers/c37a42694b7d1cff581f5e7b89a60b044af4721181408c271e821f1413201ca6/resolv.conf","HostnamePath":"/var/lib/docker/containers/c37a42694b7d1cff581f5e7b89a60b044af4721181408c271e821f1413201ca6/hostname","HostsPath":"/var/lib/docker/containers/c37a42694b7d1cff581f5e7b89a60b044af4721181408c271e821f1413201ca6/hosts","LogPath":"/var/lib/docker/containers/c37a42694b7d1cff581f5e7b89a60b044af4721181408c271e821f1413201ca6/c37a42694b7d1cff581f5e7b89a60b044af4721181408c271e821f1413201ca6-json.log","Name":"/elegant_mahavira","RestartCount":0,"Driver":"overlay2","Platform":"linux","MountLabel":"","ProcessLabel":"","AppArmorProfile":"","ExecIDs":null,"HostConfig":{"Binds":[],"ContainerIDFile":"","LogConfig":{"Type":"json-file","Config":{}},"NetworkMode":"default","PortBindings":{"3306/tcp":[{"HostIp":"0.0.0.0","HostPort":"0"}]},"RestartPolicy":{"Name":"","MaximumRetryCount":0},"AutoRemove":false,"VolumeDriver":"","VolumesFrom":[],"CapAdd":null,"CapDrop":null,"CgroupnsMode":"private","Dns":null,"DnsOptions":null,"DnsSearch":null,"ExtraHosts":[],"GroupAdd":null,"IpcMode":"shareable","Cgroup":"","Links":null,"OomScoreAdj":0,"PidMode":"","Privileged":false,"PublishAllPorts":false,"ReadonlyRootfs":false,"SecurityOpt":null,"UTSMode":"","UsernsMode":"","ShmSize":67108864,"Runtime":"runc","ConsoleSize":[0,0],"Isolation":"","CpuShares":0,"Memory":0,"NanoCpus":0,"CgroupParent":"","BlkioWeight":0,"BlkioWeightDevice":null,"BlkioDeviceReadBps":null,"BlkioDeviceWriteBps":null,"BlkioDeviceReadIOps":null,"BlkioDeviceWriteIOps":null,"CpuPeriod":0,"CpuQuota":0,"CpuRealtimePeriod":0,"CpuRealtimeRuntime":0,"CpusetCpus":"","CpusetMems":"","Devices":null,"DeviceCgroupRules":null,"DeviceRequests":null,"KernelMemory":0,"KernelMemoryTCP":0,"MemoryReservation":0,"MemorySwap":0,"MemorySwappiness":null,"OomKillDisable":null,"PidsLimit":null,"Ulimits":null,"CpuCount":0,"CpuPercent":0,"IOMaximumIOps":0,"IOMaximumBandwidth":0,"MaskedPaths":["/proc/asound","/proc/acpi","/proc/kcore","/proc/keys","/proc/latency_stats","/proc/timer_list","/proc/timer_stats","/proc/sched_debug","/proc/scsi","/sys/firmware"],"ReadonlyPaths":["/proc/bus","/proc/fs","/proc/irq","/proc/sys","/proc/sysrq-trigger"]},"GraphDriver":{"Data":{"LowerDir":"/var/lib/docker/overlay2/2c15a904a49807090175d7750f18e0f6a57e99c38a424839679cbaf676a4d500-init/diff:/var/lib/docker/overlay2/1bd8849d7a296305617011f940aa5cfabbe972a513397b1b6bbc27639b6c1f30/diff:/var/lib/docker/overlay2/199d69b2fbf78af4d4c95dec4fd2f8835ab0347eb49fb20ebb2ff3b99fedd6ad/diff:/var/lib/docker/overlay2/d83c38d654989311f75b9491329846033bfb7714de76ef635380dcfad5c740d9/diff:/var/lib/docker/overlay2/08600d0aea2ab2728bebcf5d2589c640a842f53d1ba3c4a4adccb4d03b923cf6/diff:/var/lib/docker/overlay2/9ec7c63a3fb14d13ac788bbf5e282ca821edc41260b79944e5e631037d13ecda/diff:/var/lib/docker/overlay2/db601d7a1b4ea6da638db620462f0da96fa55c559d02269c9ddb09027936ed87/diff:/var/lib/docker/overlay2/a6d2bd03f942e2565f21e74cfe152c7ec836a1c2b583f0790c685b92bdcfda24/diff:/var/lib/docker/overlay2/9badd16ea2c5e2bf1fde8b579683e41137dfc46ed5449234149f199a6751cc84/diff:/var/lib/docker/overlay2/6efb85646ed12e2d1181ef4cc6f6f6732c00c15a4035fe17ebc4f075ca573c30/diff:/var/lib/docker/overlay2/895d7c0ec09144d6ed33936f4e98e11c18010f7abd708cae1ce43aec7a7f2621/diff:/var/lib/docker/overlay2/1c4ba77aa573ab6e5e5069fd15eae71b3da940bde0f97a922a227ffc8a1d1096/diff","MergedDir":"/var/lib/docker/overlay2/2c15a904a49807090175d7750f18e0f6a57e99c38a424839679cbaf676a4d500/merged","UpperDir":"/var/lib/docker/overlay2/2c15a904a49807090175d7750f18e0f6a57e99c38a424839679cbaf676a4d500/diff","WorkDir":"/var/lib/docker/overlay2/2c15a904a49807090175d7750f18e0f6a57e99c38a424839679cbaf676a4d500/work"},"Name":"overlay2"},"Mounts":[{"Type":"volume","Name":"44a9389ce95a2961210e86afd6afe42b23405f43157b5dc00e010d283c01df79","Source":"/var/lib/docker/volumes/44a9389ce95a2961210e86afd6afe42b23405f43157b5dc00e010d283c01df79/_data","Destination":"/var/lib/mysql","Driver":"local","Mode":"","RW":true,"Propagation":""}],"Config":{"Hostname":"c37a42694b7d","Domainname":"","User":"","AttachStdin":false,"AttachStdout":false,"AttachStderr":false,"ExposedPorts":{"3306/tcp":{},"33060/tcp":{}},"Tty":false,"OpenStdin":false,"StdinOnce":false,"Env":["MYSQL_DATABASE=adm_videos","MYSQL_PASSWORD=123456","MYSQL_ROOT_PASSWORD=123456","PATH=/usr/local/sbin:/usr/local/bin:/usr/sbin:/usr/bin:/sbin:/bin","GOSU_VERSION=1.16","MYSQL_MAJOR=8.0","MYSQL_VERSION=8.0.32-1.el8","MYSQL_SHELL_VERSION=8.0.32-1.el8"],"Cmd":["mysqld"],"Image":"mysql:latest","Volumes":{"/var/lib/mysql":{}},"WorkingDir":"","Entrypoint":["docker-entrypoint.sh"],"OnBuild":null,"Labels":{"org.testcontainers":"true","org.testcontainers.lang":"java","org.testcontainers.sessionId":"818a13d9-e138-4e41-b5a4-74fd927e6a2d","org.testcontainers.version":"1.17.6"}},"NetworkSettings":{"Bridge":"","SandboxID":"bd1f3a626f226e407a1a406212013b21c93b302c93f9fd53a405b7fc5ff825b3","HairpinMode":false,"LinkLocalIPv6Address":"","LinkLocalIPv6PrefixLen":0,"Ports":{"3306/tcp":[{"HostIp":"0.0.0.0","HostPort":"56289"}],"33060/tcp":null},"SandboxKey":"/var/run/docker/netns/bd1f3a626f22","SecondaryIPAddresses":null,"SecondaryIPv6Addresses":null,"EndpointID":"a2b725c0c5ce4503f8e45e0c2adc4455b29a53a4866d3f23b2bce893a084641f","Gateway":"172.17.0.1","GlobalIPv6Address":"","GlobalIPv6PrefixLen":0,"IPAddress":"172.17.0.3","IPPrefixLen":16,"IPv6Gateway":"","MacAddress":"02:42:ac:11:00:03","Networks":{"bridge":{"IPAMConfig":null,"Links":null,"Aliases":null,"NetworkID":"308e234c143065751b16b4500cb9f48d5c7fc2116504b3d816a5e51cd4771062","EndpointID":"a2b725c0c5ce4503f8e45e0c2adc4455b29a53a4866d3f23b2bce893a084641f","Gateway":"172.17.0.1","IPAddress":"172.17.0.3","IPPrefixLen":16,"IPv6Gateway":"","GlobalIPv6Address":"","GlobalIPv6PrefixLen":0,"MacAddress":"02:42:ac:11:00:03","DriverOpts":null}}}}[\n]"
23:55:03.735 [Test worker] DEBUG com.github.dockerjava.zerodep.shaded.org.apache.hc.client5.http.wire - http-outgoing-2 << "[\r][\n]"
23:55:03.737 [Test worker] DEBUG com.github.dockerjava.zerodep.shaded.org.apache.hc.client5.http.wire - http-outgoing-2 << "0[\r][\n]"
23:55:03.738 [Test worker] DEBUG com.github.dockerjava.zerodep.shaded.org.apache.hc.client5.http.wire - http-outgoing-2 << "[\r][\n]"
23:55:03.738 [Test worker] DEBUG com.github.dockerjava.zerodep.shaded.org.apache.hc.client5.http.impl.classic.InternalHttpClient - ep-00000010: releasing valid endpoint
23:55:03.738 [Test worker] DEBUG com.github.dockerjava.zerodep.shaded.org.apache.hc.client5.http.impl.io.PoolingHttpClientConnectionManager - ep-00000010: releasing endpoint
23:55:03.738 [Test worker] DEBUG com.github.dockerjava.zerodep.shaded.org.apache.hc.client5.http.impl.io.PoolingHttpClientConnectionManager - ep-00000010: connection http-outgoing-2 can be kept alive for 3 MINUTES
23:55:03.738 [Test worker] DEBUG com.github.dockerjava.zerodep.shaded.org.apache.hc.client5.http.impl.io.PoolingHttpClientConnectionManager - ep-00000010: connection released [route: {}->unix://localhost:2375][total available: 1; route allocated: 1 of 2147483647; total allocated: 1 of 2147483647]
23:55:03.738 [Test worker] DEBUG ]]>&#x1f433;<![CDATA[ [mysql:latest] - Trying to create JDBC connection using com.mysql.cj.jdbc.Driver to jdbc:mysql://localhost:56289/adm_videos?useSSL=false&allowPublicKeyRetrieval=true with properties: {password=123456, user=root}
23:55:03.841 [Test worker] DEBUG org.testcontainers.shaded.com.github.dockerjava.core.command.AbstrDockerCmd - Cmd: c37a42694b7d1cff581f5e7b89a60b044af4721181408c271e821f1413201ca6,false
23:55:03.842 [Test worker] DEBUG org.testcontainers.shaded.com.github.dockerjava.core.exec.InspectContainerCmdExec - GET: DefaultWebTarget{path=[/containers/c37a42694b7d1cff581f5e7b89a60b044af4721181408c271e821f1413201ca6/json], queryParams={}}
23:55:03.843 [Test worker] DEBUG com.github.dockerjava.zerodep.shaded.org.apache.hc.client5.http.impl.classic.InternalHttpClient - ex-00000012: preparing request execution
23:55:03.843 [Test worker] DEBUG com.github.dockerjava.zerodep.shaded.org.apache.hc.client5.http.protocol.RequestAddCookies - Cookie spec selected: strict
23:55:03.843 [Test worker] DEBUG com.github.dockerjava.zerodep.shaded.org.apache.hc.client5.http.protocol.RequestAuthCache - Auth cache not set in the context
23:55:03.843 [Test worker] DEBUG com.github.dockerjava.zerodep.shaded.org.apache.hc.client5.http.impl.classic.ProtocolExec - ex-00000012: target auth state: UNCHALLENGED
23:55:03.843 [Test worker] DEBUG com.github.dockerjava.zerodep.shaded.org.apache.hc.client5.http.impl.classic.ProtocolExec - ex-00000012: proxy auth state: UNCHALLENGED
23:55:03.843 [Test worker] DEBUG com.github.dockerjava.zerodep.shaded.org.apache.hc.client5.http.impl.classic.ConnectExec - ex-00000012: acquiring connection with route {}->unix://localhost:2375
23:55:03.843 [Test worker] DEBUG com.github.dockerjava.zerodep.shaded.org.apache.hc.client5.http.impl.classic.InternalHttpClient - ex-00000012: acquiring endpoint (3 MINUTES)
23:55:03.844 [Test worker] DEBUG com.github.dockerjava.zerodep.shaded.org.apache.hc.client5.http.impl.io.PoolingHttpClientConnectionManager - ex-00000012: endpoint lease request (3 MINUTES) [route: {}->unix://localhost:2375][total available: 1; route allocated: 1 of 2147483647; total allocated: 1 of 2147483647]
23:55:03.844 [Test worker] DEBUG com.github.dockerjava.zerodep.shaded.org.apache.hc.client5.http.impl.io.PoolingHttpClientConnectionManager - ex-00000012: endpoint leased [route: {}->unix://localhost:2375][total available: 0; route allocated: 1 of 2147483647; total allocated: 1 of 2147483647]
23:55:03.844 [Test worker] DEBUG com.github.dockerjava.zerodep.shaded.org.apache.hc.client5.http.impl.io.PoolingHttpClientConnectionManager - ex-00000012: acquired ep-00000011
23:55:03.844 [Test worker] DEBUG com.github.dockerjava.zerodep.shaded.org.apache.hc.client5.http.impl.classic.InternalHttpClient - ex-00000012: acquired endpoint ep-00000011
23:55:03.844 [Test worker] DEBUG com.github.dockerjava.zerodep.shaded.org.apache.hc.client5.http.impl.classic.MainClientExec - ex-00000012: executing GET /v1.32/containers/c37a42694b7d1cff581f5e7b89a60b044af4721181408c271e821f1413201ca6/json HTTP/1.1
23:55:03.844 [Test worker] DEBUG com.github.dockerjava.zerodep.shaded.org.apache.hc.client5.http.impl.classic.InternalHttpClient - ep-00000011: start execution ex-00000012
23:55:03.844 [Test worker] DEBUG com.github.dockerjava.zerodep.shaded.org.apache.hc.client5.http.impl.io.PoolingHttpClientConnectionManager - ep-00000011: executing exchange ex-00000012 over http-outgoing-2
23:55:03.845 [Test worker] DEBUG com.github.dockerjava.zerodep.shaded.org.apache.hc.client5.http.headers - http-outgoing-2 >> GET /v1.32/containers/c37a42694b7d1cff581f5e7b89a60b044af4721181408c271e821f1413201ca6/json HTTP/1.1
23:55:03.845 [Test worker] DEBUG com.github.dockerjava.zerodep.shaded.org.apache.hc.client5.http.headers - http-outgoing-2 >> accept: application/json
23:55:03.845 [Test worker] DEBUG com.github.dockerjava.zerodep.shaded.org.apache.hc.client5.http.headers - http-outgoing-2 >> x-tc-sid: 818a13d9-e138-4e41-b5a4-74fd927e6a2d
23:55:03.845 [Test worker] DEBUG com.github.dockerjava.zerodep.shaded.org.apache.hc.client5.http.headers - http-outgoing-2 >> Accept-Encoding: gzip, x-gzip, deflate
23:55:03.845 [Test worker] DEBUG com.github.dockerjava.zerodep.shaded.org.apache.hc.client5.http.headers - http-outgoing-2 >> Host: localhost:2375
23:55:03.845 [Test worker] DEBUG com.github.dockerjava.zerodep.shaded.org.apache.hc.client5.http.headers - http-outgoing-2 >> Connection: keep-alive
23:55:03.845 [Test worker] DEBUG com.github.dockerjava.zerodep.shaded.org.apache.hc.client5.http.headers - http-outgoing-2 >> User-Agent: Apache-HttpClient/5.0.3 (Java/17.0.2)
23:55:03.845 [Test worker] DEBUG com.github.dockerjava.zerodep.shaded.org.apache.hc.client5.http.wire - http-outgoing-2 >> "GET /v1.32/containers/c37a42694b7d1cff581f5e7b89a60b044af4721181408c271e821f1413201ca6/json HTTP/1.1[\r][\n]"
23:55:03.845 [Test worker] DEBUG com.github.dockerjava.zerodep.shaded.org.apache.hc.client5.http.wire - http-outgoing-2 >> "accept: application/json[\r][\n]"
23:55:03.845 [Test worker] DEBUG com.github.dockerjava.zerodep.shaded.org.apache.hc.client5.http.wire - http-outgoing-2 >> "x-tc-sid: 818a13d9-e138-4e41-b5a4-74fd927e6a2d[\r][\n]"
23:55:03.845 [Test worker] DEBUG com.github.dockerjava.zerodep.shaded.org.apache.hc.client5.http.wire - http-outgoing-2 >> "Accept-Encoding: gzip, x-gzip, deflate[\r][\n]"
23:55:03.845 [Test worker] DEBUG com.github.dockerjava.zerodep.shaded.org.apache.hc.client5.http.wire - http-outgoing-2 >> "Host: localhost:2375[\r][\n]"
23:55:03.845 [Test worker] DEBUG com.github.dockerjava.zerodep.shaded.org.apache.hc.client5.http.wire - http-outgoing-2 >> "Connection: keep-alive[\r][\n]"
23:55:03.845 [Test worker] DEBUG com.github.dockerjava.zerodep.shaded.org.apache.hc.client5.http.wire - http-outgoing-2 >> "User-Agent: Apache-HttpClient/5.0.3 (Java/17.0.2)[\r][\n]"
23:55:03.845 [Test worker] DEBUG com.github.dockerjava.zerodep.shaded.org.apache.hc.client5.http.wire - http-outgoing-2 >> "[\r][\n]"
23:55:03.848 [Test worker] DEBUG com.github.dockerjava.zerodep.shaded.org.apache.hc.client5.http.wire - http-outgoing-2 << "HTTP/1.1 200 OK[\r][\n]"
23:55:03.848 [Test worker] DEBUG com.github.dockerjava.zerodep.shaded.org.apache.hc.client5.http.wire - http-outgoing-2 << "Api-Version: 1.41[\r][\n]"
23:55:03.848 [Test worker] DEBUG com.github.dockerjava.zerodep.shaded.org.apache.hc.client5.http.wire - http-outgoing-2 << "Content-Type: application/json[\r][\n]"
23:55:03.848 [Test worker] DEBUG com.github.dockerjava.zerodep.shaded.org.apache.hc.client5.http.wire - http-outgoing-2 << "Date: Mon, 27 Mar 2023 02:55:03 GMT[\r][\n]"
23:55:03.848 [Test worker] DEBUG com.github.dockerjava.zerodep.shaded.org.apache.hc.client5.http.wire - http-outgoing-2 << "Docker-Experimental: false[\r][\n]"
23:55:03.848 [Test worker] DEBUG com.github.dockerjava.zerodep.shaded.org.apache.hc.client5.http.wire - http-outgoing-2 << "Ostype: linux[\r][\n]"
23:55:03.848 [Test worker] DEBUG com.github.dockerjava.zerodep.shaded.org.apache.hc.client5.http.wire - http-outgoing-2 << "Server: Docker/20.10.21 (linux)[\r][\n]"
23:55:03.848 [Test worker] DEBUG com.github.dockerjava.zerodep.shaded.org.apache.hc.client5.http.wire - http-outgoing-2 << "Transfer-Encoding: chunked[\r][\n]"
23:55:03.848 [Test worker] DEBUG com.github.dockerjava.zerodep.shaded.org.apache.hc.client5.http.wire - http-outgoing-2 << "[\r][\n]"
23:55:03.848 [Test worker] DEBUG com.github.dockerjava.zerodep.shaded.org.apache.hc.client5.http.headers - http-outgoing-2 << HTTP/1.1 200 OK
23:55:03.848 [Test worker] DEBUG com.github.dockerjava.zerodep.shaded.org.apache.hc.client5.http.headers - http-outgoing-2 << Api-Version: 1.41
23:55:03.848 [Test worker] DEBUG com.github.dockerjava.zerodep.shaded.org.apache.hc.client5.http.headers - http-outgoing-2 << Content-Type: application/json
23:55:03.848 [Test worker] DEBUG com.github.dockerjava.zerodep.shaded.org.apache.hc.client5.http.headers - http-outgoing-2 << Date: Mon, 27 Mar 2023 02:55:03 GMT
23:55:03.848 [Test worker] DEBUG com.github.dockerjava.zerodep.shaded.org.apache.hc.client5.http.headers - http-outgoing-2 << Docker-Experimental: false
23:55:03.848 [Test worker] DEBUG com.github.dockerjava.zerodep.shaded.org.apache.hc.client5.http.headers - http-outgoing-2 << Ostype: linux
23:55:03.848 [Test worker] DEBUG com.github.dockerjava.zerodep.shaded.org.apache.hc.client5.http.headers - http-outgoing-2 << Server: Docker/20.10.21 (linux)
23:55:03.848 [Test worker] DEBUG com.github.dockerjava.zerodep.shaded.org.apache.hc.client5.http.headers - http-outgoing-2 << Transfer-Encoding: chunked
23:55:03.849 [Test worker] DEBUG com.github.dockerjava.zerodep.shaded.org.apache.hc.client5.http.impl.classic.MainClientExec - ex-00000012: connection can be kept alive for 3 MINUTES
23:55:03.849 [Test worker] DEBUG com.github.dockerjava.zerodep.shaded.org.apache.hc.client5.http.wire - http-outgoing-2 << "18c1[\r][\n]"
23:55:03.850 [Test worker] DEBUG com.github.dockerjava.zerodep.shaded.org.apache.hc.client5.http.wire - http-outgoing-2 << "{"Id":"c37a42694b7d1cff581f5e7b89a60b044af4721181408c271e821f1413201ca6","Created":"2023-03-27T02:55:02.49734542Z","Path":"docker-entrypoint.sh","Args":["mysqld"],"State":{"Status":"running","Running":true,"Paused":false,"Restarting":false,"OOMKilled":false,"Dead":false,"Pid":18342,"ExitCode":0,"Error":"","StartedAt":"2023-03-27T02:55:03.12719392Z","FinishedAt":"0001-01-01T00:00:00Z"},"Image":"sha256:c7c54c29e20dccc1aefb936c8eba8bb8b98b87a4921102aba87fde2df5810af9","ResolvConfPath":"/var/lib/docker/containers/c37a42694b7d1cff581f5e7b89a60b044af4721181408c271e821f1413201ca6/resolv.conf","HostnamePath":"/var/lib/docker/containers/c37a42694b7d1cff581f5e7b89a60b044af4721181408c271e821f1413201ca6/hostname","HostsPath":"/var/lib/docker/containers/c37a42694b7d1cff581f5e7b89a60b044af4721181408c271e821f1413201ca6/hosts","LogPath":"/var/lib/docker/containers/c37a42694b7d1cff581f5e7b89a60b044af4721181408c271e821f1413201ca6/c37a42694b7d1cff581f5e7b89a60b044af4721181408c271e821f1413201ca6-json.log","Name":"/elegant_mahavira","RestartCount":0,"Driver":"overlay2","Platform":"linux","MountLabel":"","ProcessLabel":"","AppArmorProfile":"","ExecIDs":null,"HostConfig":{"Binds":[],"ContainerIDFile":"","LogConfig":{"Type":"json-file","Config":{}},"NetworkMode":"default","PortBindings":{"3306/tcp":[{"HostIp":"0.0.0.0","HostPort":"0"}]},"RestartPolicy":{"Name":"","MaximumRetryCount":0},"AutoRemove":false,"VolumeDriver":"","VolumesFrom":[],"CapAdd":null,"CapDrop":null,"CgroupnsMode":"private","Dns":null,"DnsOptions":null,"DnsSearch":null,"ExtraHosts":[],"GroupAdd":null,"IpcMode":"shareable","Cgroup":"","Links":null,"OomScoreAdj":0,"PidMode":"","Privileged":false,"PublishAllPorts":false,"ReadonlyRootfs":false,"SecurityOpt":null,"UTSMode":"","UsernsMode":"","ShmSize":67108864,"Runtime":"runc","ConsoleSize":[0,0],"Isolation":"","CpuShares":0,"Memory":0,"NanoCpus":0,"CgroupParent":"","BlkioWeight":0,"BlkioWeightDevice":null,"BlkioDeviceReadBps":null,"BlkioDeviceWriteBps":null,"BlkioDeviceReadIOps":null,"BlkioDeviceWriteIOps":null,"CpuPeriod":0,"CpuQuota":0,"CpuRealtimePeriod":0,"CpuRealtimeRuntime":0,"CpusetCpus":"","CpusetMems":"","Devices":null,"DeviceCgroupRules":null,"DeviceRequests":null,"KernelMemory":0,"KernelMemoryTCP":0,"MemoryReservation":0,"MemorySwap":0,"MemorySwappiness":null,"OomKillDisable":null,"PidsLimit":null,"Ulimits":null,"CpuCount":0,"CpuPercent":0,"IOMaximumIOps":0,"IOMaximumBandwidth":0,"MaskedPaths":["/proc/asound","/proc/acpi","/proc/kcore","/proc/keys","/proc/latency_stats","/proc/timer_list","/proc/timer_stats","/proc/sched_debug","/proc/scsi","/sys/firmware"],"ReadonlyPaths":["/proc/bus","/proc/fs","/proc/irq","/proc/sys","/proc/sysrq-trigger"]},"GraphDriver":{"Data":{"LowerDir":"/var/lib/docker/overlay2/2c15a904a49807090175d7750f18e0f6a57e99c38a424839679cbaf676a4d500-init/diff:/var/lib/docker/overlay2/1bd8849d7a296305617011f940aa5cfabbe972a513397b1b6bbc27639b6c1f30/diff:/var/lib/docker/overlay2/199d69b2fbf78af4d4c95dec4fd2f8835ab0347eb49fb20ebb2ff3b99fedd6ad/diff:/var/lib/docker/overlay2/d83c38d654989311f75b9491329846033bfb7714de76ef635380dcfad5c740d9/diff:/var/lib/docker/overlay2/08600d0aea2ab2728bebcf5d2589c640a842f53d1ba3c4a4adccb4d03b923cf6/diff:/var/lib/docker/overlay2/9ec7c63a3fb14d13ac788bbf5e282ca821edc41260b79944e5e631037d13ecda/diff:/var/lib/docker/overlay2/db601d7a1b4ea6da638db620462f0da96fa55c559d02269c9ddb09027936ed87/diff:/var/lib/docker/overlay2/a6d2bd03f942e2565f21e74cfe152c7ec836a1c2b583f0790c685b92bdcfda24/diff:/var/lib/docker/overlay2/9badd16ea2c5e2bf1fde8b579683e41137dfc46ed5449234149f199a6751cc84/diff:/var/lib/docker/overlay2/6efb85646ed12e2d1181ef4cc6f6f6732c00c15a4035fe17ebc4f075ca573c30/diff:/var/lib/docker/overlay2/895d7c0ec09144d6ed33936f4e98e11c18010f7abd708cae1ce43aec7a7f2621/diff:/var/lib/docker/overlay2/1c4ba77aa573ab6e5e5069fd15eae71b3da940bde0f97a922a227ffc8a1d1096/diff","MergedDir":"/var/lib/docker/overlay2/2c15a904a49807090175d7750f18e0f6a57e99c38a424839679cbaf676a4d500/merged","UpperDir":"/var/lib/docker/overlay2/2c15a904a49807090175d7750f18e0f6a57e99c38a424839679cbaf676a4d500/diff","WorkDir":"/var/lib/docker/overlay2/2c15a904a49807090175d7750f18e0f6a57e99c38a424839679cbaf676a4d500/work"},"Name":"overlay2"},"Mounts":[{"Type":"volume","Name":"44a9389ce95a2961210e86afd6afe42b23405f43157b5dc00e010d283c01df79","Source":"/var/lib/docker/volumes/44a9389ce95a2961210e86afd6afe42b23405f43157b5dc00e010d283c01df79/_data","Destination":"/var/lib/mysql","Driver":"local","Mode":"","RW":true,"Propagation":""}],"Config":{"Hostname":"c37a42694b7d","Domainname":"","User":"","AttachStdin":false,"AttachStdout":false,"AttachStderr":false,"ExposedPorts":{"3306/tcp":{},"33060/tcp":{}},"Tty":false,"OpenStdin":false,"StdinOnce":false,"Env":["MYSQL_DATABASE=adm_videos","MYSQL_PASSWORD=123456","MYSQL_ROOT_PASSWORD=123456","PATH=/usr/local/sbin:/usr/local/bin:/usr/sbin:/usr/bin:/sbin:/bin","GOSU_VERSION=1.16","MYSQL_MAJOR=8.0","MYSQL_VERSION=8.0.32-1.el8","MYSQL_SHELL_VERSION=8.0.32-1.el8"],"Cmd":["mysqld"],"Image":"mysql:latest","Volumes":{"/var/lib/mysql":{}},"WorkingDir":"","Entrypoint":["docker-entrypoint.sh"],"OnBuild":null,"Labels":{"org.testcontainers":"true","org.testcontainers.lang":"java","org.testcontainers.sessionId":"818a13d9-e138-4e41-b5a4-74fd927e6a2d","org.testcontainers.version":"1.17.6"}},"NetworkSettings":{"Bridge":"","SandboxID":"bd1f3a626f226e407a1a406212013b21c93b302c93f9fd53a405b7fc5ff825b3","HairpinMode":false,"LinkLocalIPv6Address":"","LinkLocalIPv6PrefixLen":0,"Ports":{"3306/tcp":[{"HostIp":"0.0.0.0","HostPort":"56289"}],"33060/tcp":null},"SandboxKey":"/var/run/docker/netns/bd1f3a626f22","SecondaryIPAddresses":null,"SecondaryIPv6Addresses":null,"EndpointID":"a2b725c0c5ce4503f8e45e0c2adc4455b29a53a4866d3f23b2bce893a084641f","Gateway":"172.17.0.1","GlobalIPv6Address":"","GlobalIPv6PrefixLen":0,"IPAddress":"172.17.0.3","IPPrefixLen":16,"IPv6Gateway":"","MacAddress":"02:42:ac:11:00:03","Networks":{"bridge":{"IPAMConfig":null,"Links":null,"Aliases":null,"NetworkID":"308e234c143065751b16b4500cb9f48d5c7fc2116504b3d816a5e51cd4771062","EndpointID":"a2b725c0c5ce4503f8e45e0c2adc4455b29a53a4866d3f23b2bce893a084641f","Gateway":"172.17.0.1","IPAddress":"172.17.0.3","IPPrefixLen":16,"IPv6Gateway":"","GlobalIPv6Address":"","GlobalIPv6PrefixLen":0,"MacAddress":"02:42:ac:11:00:03","DriverOpts":null}}}}[\n]"
23:55:03.850 [Test worker] DEBUG com.github.dockerjava.zerodep.shaded.org.apache.hc.client5.http.wire - http-outgoing-2 << "[\r][\n]"
23:55:03.851 [Test worker] DEBUG com.github.dockerjava.zerodep.shaded.org.apache.hc.client5.http.wire - http-outgoing-2 << "0[\r][\n]"
23:55:03.851 [Test worker] DEBUG com.github.dockerjava.zerodep.shaded.org.apache.hc.client5.http.wire - http-outgoing-2 << "[\r][\n]"
23:55:03.851 [Test worker] DEBUG com.github.dockerjava.zerodep.shaded.org.apache.hc.client5.http.impl.classic.InternalHttpClient - ep-00000011: releasing valid endpoint
23:55:03.851 [Test worker] DEBUG com.github.dockerjava.zerodep.shaded.org.apache.hc.client5.http.impl.io.PoolingHttpClientConnectionManager - ep-00000011: releasing endpoint
23:55:03.851 [Test worker] DEBUG com.github.dockerjava.zerodep.shaded.org.apache.hc.client5.http.impl.io.PoolingHttpClientConnectionManager - ep-00000011: connection http-outgoing-2 can be kept alive for 3 MINUTES
23:55:03.851 [Test worker] DEBUG com.github.dockerjava.zerodep.shaded.org.apache.hc.client5.http.impl.io.PoolingHttpClientConnectionManager - ep-00000011: connection released [route: {}->unix://localhost:2375][total available: 1; route allocated: 1 of 2147483647; total allocated: 1 of 2147483647]
23:55:03.851 [Test worker] DEBUG ]]>&#x1f433;<![CDATA[ [mysql:latest] - Trying to create JDBC connection using com.mysql.cj.jdbc.Driver to jdbc:mysql://localhost:56289/adm_videos?useSSL=false&allowPublicKeyRetrieval=true with properties: {password=123456, user=root}
23:55:03.954 [Test worker] DEBUG org.testcontainers.shaded.com.github.dockerjava.core.command.AbstrDockerCmd - Cmd: c37a42694b7d1cff581f5e7b89a60b044af4721181408c271e821f1413201ca6,false
23:55:03.954 [Test worker] DEBUG org.testcontainers.shaded.com.github.dockerjava.core.exec.InspectContainerCmdExec - GET: DefaultWebTarget{path=[/containers/c37a42694b7d1cff581f5e7b89a60b044af4721181408c271e821f1413201ca6/json], queryParams={}}
23:55:03.955 [Test worker] DEBUG com.github.dockerjava.zerodep.shaded.org.apache.hc.client5.http.impl.classic.InternalHttpClient - ex-00000013: preparing request execution
23:55:03.956 [Test worker] DEBUG com.github.dockerjava.zerodep.shaded.org.apache.hc.client5.http.protocol.RequestAddCookies - Cookie spec selected: strict
23:55:03.956 [Test worker] DEBUG com.github.dockerjava.zerodep.shaded.org.apache.hc.client5.http.protocol.RequestAuthCache - Auth cache not set in the context
23:55:03.957 [Test worker] DEBUG com.github.dockerjava.zerodep.shaded.org.apache.hc.client5.http.impl.classic.ProtocolExec - ex-00000013: target auth state: UNCHALLENGED
23:55:03.957 [Test worker] DEBUG com.github.dockerjava.zerodep.shaded.org.apache.hc.client5.http.impl.classic.ProtocolExec - ex-00000013: proxy auth state: UNCHALLENGED
23:55:03.957 [Test worker] DEBUG com.github.dockerjava.zerodep.shaded.org.apache.hc.client5.http.impl.classic.ConnectExec - ex-00000013: acquiring connection with route {}->unix://localhost:2375
23:55:03.957 [Test worker] DEBUG com.github.dockerjava.zerodep.shaded.org.apache.hc.client5.http.impl.classic.InternalHttpClient - ex-00000013: acquiring endpoint (3 MINUTES)
23:55:03.958 [Test worker] DEBUG com.github.dockerjava.zerodep.shaded.org.apache.hc.client5.http.impl.io.PoolingHttpClientConnectionManager - ex-00000013: endpoint lease request (3 MINUTES) [route: {}->unix://localhost:2375][total available: 1; route allocated: 1 of 2147483647; total allocated: 1 of 2147483647]
23:55:03.958 [Test worker] DEBUG com.github.dockerjava.zerodep.shaded.org.apache.hc.client5.http.impl.io.PoolingHttpClientConnectionManager - ex-00000013: endpoint leased [route: {}->unix://localhost:2375][total available: 0; route allocated: 1 of 2147483647; total allocated: 1 of 2147483647]
23:55:03.958 [Test worker] DEBUG com.github.dockerjava.zerodep.shaded.org.apache.hc.client5.http.impl.io.PoolingHttpClientConnectionManager - ex-00000013: acquired ep-00000012
23:55:03.958 [Test worker] DEBUG com.github.dockerjava.zerodep.shaded.org.apache.hc.client5.http.impl.classic.InternalHttpClient - ex-00000013: acquired endpoint ep-00000012
23:55:03.958 [Test worker] DEBUG com.github.dockerjava.zerodep.shaded.org.apache.hc.client5.http.impl.classic.MainClientExec - ex-00000013: executing GET /v1.32/containers/c37a42694b7d1cff581f5e7b89a60b044af4721181408c271e821f1413201ca6/json HTTP/1.1
23:55:03.958 [Test worker] DEBUG com.github.dockerjava.zerodep.shaded.org.apache.hc.client5.http.impl.classic.InternalHttpClient - ep-00000012: start execution ex-00000013
23:55:03.958 [Test worker] DEBUG com.github.dockerjava.zerodep.shaded.org.apache.hc.client5.http.impl.io.PoolingHttpClientConnectionManager - ep-00000012: executing exchange ex-00000013 over http-outgoing-2
23:55:03.958 [Test worker] DEBUG com.github.dockerjava.zerodep.shaded.org.apache.hc.client5.http.headers - http-outgoing-2 >> GET /v1.32/containers/c37a42694b7d1cff581f5e7b89a60b044af4721181408c271e821f1413201ca6/json HTTP/1.1
23:55:03.958 [Test worker] DEBUG com.github.dockerjava.zerodep.shaded.org.apache.hc.client5.http.headers - http-outgoing-2 >> accept: application/json
23:55:03.959 [Test worker] DEBUG com.github.dockerjava.zerodep.shaded.org.apache.hc.client5.http.headers - http-outgoing-2 >> x-tc-sid: 818a13d9-e138-4e41-b5a4-74fd927e6a2d
23:55:03.959 [Test worker] DEBUG com.github.dockerjava.zerodep.shaded.org.apache.hc.client5.http.headers - http-outgoing-2 >> Accept-Encoding: gzip, x-gzip, deflate
23:55:03.959 [Test worker] DEBUG com.github.dockerjava.zerodep.shaded.org.apache.hc.client5.http.headers - http-outgoing-2 >> Host: localhost:2375
23:55:03.959 [Test worker] DEBUG com.github.dockerjava.zerodep.shaded.org.apache.hc.client5.http.headers - http-outgoing-2 >> Connection: keep-alive
23:55:03.959 [Test worker] DEBUG com.github.dockerjava.zerodep.shaded.org.apache.hc.client5.http.headers - http-outgoing-2 >> User-Agent: Apache-HttpClient/5.0.3 (Java/17.0.2)
23:55:03.959 [Test worker] DEBUG com.github.dockerjava.zerodep.shaded.org.apache.hc.client5.http.wire - http-outgoing-2 >> "GET /v1.32/containers/c37a42694b7d1cff581f5e7b89a60b044af4721181408c271e821f1413201ca6/json HTTP/1.1[\r][\n]"
23:55:03.959 [Test worker] DEBUG com.github.dockerjava.zerodep.shaded.org.apache.hc.client5.http.wire - http-outgoing-2 >> "accept: application/json[\r][\n]"
23:55:03.959 [Test worker] DEBUG com.github.dockerjava.zerodep.shaded.org.apache.hc.client5.http.wire - http-outgoing-2 >> "x-tc-sid: 818a13d9-e138-4e41-b5a4-74fd927e6a2d[\r][\n]"
23:55:03.959 [Test worker] DEBUG com.github.dockerjava.zerodep.shaded.org.apache.hc.client5.http.wire - http-outgoing-2 >> "Accept-Encoding: gzip, x-gzip, deflate[\r][\n]"
23:55:03.959 [Test worker] DEBUG com.github.dockerjava.zerodep.shaded.org.apache.hc.client5.http.wire - http-outgoing-2 >> "Host: localhost:2375[\r][\n]"
23:55:03.959 [Test worker] DEBUG com.github.dockerjava.zerodep.shaded.org.apache.hc.client5.http.wire - http-outgoing-2 >> "Connection: keep-alive[\r][\n]"
23:55:03.959 [Test worker] DEBUG com.github.dockerjava.zerodep.shaded.org.apache.hc.client5.http.wire - http-outgoing-2 >> "User-Agent: Apache-HttpClient/5.0.3 (Java/17.0.2)[\r][\n]"
23:55:03.959 [Test worker] DEBUG com.github.dockerjava.zerodep.shaded.org.apache.hc.client5.http.wire - http-outgoing-2 >> "[\r][\n]"
23:55:03.976 [Test worker] DEBUG com.github.dockerjava.zerodep.shaded.org.apache.hc.client5.http.wire - http-outgoing-2 << "HTTP/1.1 200 OK[\r][\n]"
23:55:03.976 [Test worker] DEBUG com.github.dockerjava.zerodep.shaded.org.apache.hc.client5.http.wire - http-outgoing-2 << "Api-Version: 1.41[\r][\n]"
23:55:03.976 [Test worker] DEBUG com.github.dockerjava.zerodep.shaded.org.apache.hc.client5.http.wire - http-outgoing-2 << "Content-Type: application/json[\r][\n]"
23:55:03.976 [Test worker] DEBUG com.github.dockerjava.zerodep.shaded.org.apache.hc.client5.http.wire - http-outgoing-2 << "Date: Mon, 27 Mar 2023 02:55:03 GMT[\r][\n]"
23:55:03.976 [Test worker] DEBUG com.github.dockerjava.zerodep.shaded.org.apache.hc.client5.http.wire - http-outgoing-2 << "Docker-Experimental: false[\r][\n]"
23:55:03.976 [Test worker] DEBUG com.github.dockerjava.zerodep.shaded.org.apache.hc.client5.http.wire - http-outgoing-2 << "Ostype: linux[\r][\n]"
23:55:03.976 [Test worker] DEBUG com.github.dockerjava.zerodep.shaded.org.apache.hc.client5.http.wire - http-outgoing-2 << "Server: Docker/20.10.21 (linux)[\r][\n]"
23:55:03.976 [Test worker] DEBUG com.github.dockerjava.zerodep.shaded.org.apache.hc.client5.http.wire - http-outgoing-2 << "Transfer-Encoding: chunked[\r][\n]"
23:55:03.976 [Test worker] DEBUG com.github.dockerjava.zerodep.shaded.org.apache.hc.client5.http.wire - http-outgoing-2 << "[\r][\n]"
23:55:03.976 [Test worker] DEBUG com.github.dockerjava.zerodep.shaded.org.apache.hc.client5.http.headers - http-outgoing-2 << HTTP/1.1 200 OK
23:55:03.976 [Test worker] DEBUG com.github.dockerjava.zerodep.shaded.org.apache.hc.client5.http.headers - http-outgoing-2 << Api-Version: 1.41
23:55:03.976 [Test worker] DEBUG com.github.dockerjava.zerodep.shaded.org.apache.hc.client5.http.headers - http-outgoing-2 << Content-Type: application/json
23:55:03.976 [Test worker] DEBUG com.github.dockerjava.zerodep.shaded.org.apache.hc.client5.http.headers - http-outgoing-2 << Date: Mon, 27 Mar 2023 02:55:03 GMT
23:55:03.976 [Test worker] DEBUG com.github.dockerjava.zerodep.shaded.org.apache.hc.client5.http.headers - http-outgoing-2 << Docker-Experimental: false
23:55:03.976 [Test worker] DEBUG com.github.dockerjava.zerodep.shaded.org.apache.hc.client5.http.headers - http-outgoing-2 << Ostype: linux
23:55:03.976 [Test worker] DEBUG com.github.dockerjava.zerodep.shaded.org.apache.hc.client5.http.headers - http-outgoing-2 << Server: Docker/20.10.21 (linux)
23:55:03.976 [Test worker] DEBUG com.github.dockerjava.zerodep.shaded.org.apache.hc.client5.http.headers - http-outgoing-2 << Transfer-Encoding: chunked
23:55:03.977 [Test worker] DEBUG com.github.dockerjava.zerodep.shaded.org.apache.hc.client5.http.impl.classic.MainClientExec - ex-00000013: connection can be kept alive for 3 MINUTES
23:55:03.979 [Test worker] DEBUG com.github.dockerjava.zerodep.shaded.org.apache.hc.client5.http.wire - http-outgoing-2 << "18c1[\r][\n]"
23:55:03.979 [Test worker] DEBUG com.github.dockerjava.zerodep.shaded.org.apache.hc.client5.http.wire - http-outgoing-2 << "{"Id":"c37a42694b7d1cff581f5e7b89a60b044af4721181408c271e821f1413201ca6","Created":"2023-03-27T02:55:02.49734542Z","Path":"docker-entrypoint.sh","Args":["mysqld"],"State":{"Status":"running","Running":true,"Paused":false,"Restarting":false,"OOMKilled":false,"Dead":false,"Pid":18342,"ExitCode":0,"Error":"","StartedAt":"2023-03-27T02:55:03.12719392Z","FinishedAt":"0001-01-01T00:00:00Z"},"Image":"sha256:c7c54c29e20dccc1aefb936c8eba8bb8b98b87a4921102aba87fde2df5810af9","ResolvConfPath":"/var/lib/docker/containers/c37a42694b7d1cff581f5e7b89a60b044af4721181408c271e821f1413201ca6/resolv.conf","HostnamePath":"/var/lib/docker/containers/c37a42694b7d1cff581f5e7b89a60b044af4721181408c271e821f1413201ca6/hostname","HostsPath":"/var/lib/docker/containers/c37a42694b7d1cff581f5e7b89a60b044af4721181408c271e821f1413201ca6/hosts","LogPath":"/var/lib/docker/containers/c37a42694b7d1cff581f5e7b89a60b044af4721181408c271e821f1413201ca6/c37a42694b7d1cff581f5e7b89a60b044af4721181408c271e821f1413201ca6-json.log","Name":"/elegant_mahavira","RestartCount":0,"Driver":"overlay2","Platform":"linux","MountLabel":"","ProcessLabel":"","AppArmorProfile":"","ExecIDs":null,"HostConfig":{"Binds":[],"ContainerIDFile":"","LogConfig":{"Type":"json-file","Config":{}},"NetworkMode":"default","PortBindings":{"3306/tcp":[{"HostIp":"0.0.0.0","HostPort":"0"}]},"RestartPolicy":{"Name":"","MaximumRetryCount":0},"AutoRemove":false,"VolumeDriver":"","VolumesFrom":[],"CapAdd":null,"CapDrop":null,"CgroupnsMode":"private","Dns":null,"DnsOptions":null,"DnsSearch":null,"ExtraHosts":[],"GroupAdd":null,"IpcMode":"shareable","Cgroup":"","Links":null,"OomScoreAdj":0,"PidMode":"","Privileged":false,"PublishAllPorts":false,"ReadonlyRootfs":false,"SecurityOpt":null,"UTSMode":"","UsernsMode":"","ShmSize":67108864,"Runtime":"runc","ConsoleSize":[0,0],"Isolation":"","CpuShares":0,"Memory":0,"NanoCpus":0,"CgroupParent":"","BlkioWeight":0,"BlkioWeightDevice":null,"BlkioDeviceReadBps":null,"BlkioDeviceWriteBps":null,"BlkioDeviceReadIOps":null,"BlkioDeviceWriteIOps":null,"CpuPeriod":0,"CpuQuota":0,"CpuRealtimePeriod":0,"CpuRealtimeRuntime":0,"CpusetCpus":"","CpusetMems":"","Devices":null,"DeviceCgroupRules":null,"DeviceRequests":null,"KernelMemory":0,"KernelMemoryTCP":0,"MemoryReservation":0,"MemorySwap":0,"MemorySwappiness":null,"OomKillDisable":null,"PidsLimit":null,"Ulimits":null,"CpuCount":0,"CpuPercent":0,"IOMaximumIOps":0,"IOMaximumBandwidth":0,"MaskedPaths":["/proc/asound","/proc/acpi","/proc/kcore","/proc/keys","/proc/latency_stats","/proc/timer_list","/proc/timer_stats","/proc/sched_debug","/proc/scsi","/sys/firmware"],"ReadonlyPaths":["/proc/bus","/proc/fs","/proc/irq","/proc/sys","/proc/sysrq-trigger"]},"GraphDriver":{"Data":{"LowerDir":"/var/lib/docker/overlay2/2c15a904a49807090175d7750f18e0f6a57e99c38a424839679cbaf676a4d500-init/diff:/var/lib/docker/overlay2/1bd8849d7a296305617011f940aa5cfabbe972a513397b1b6bbc27639b6c1f30/diff:/var/lib/docker/overlay2/199d69b2fbf78af4d4c95dec4fd2f8835ab0347eb49fb20ebb2ff3b99fedd6ad/diff:/var/lib/docker/overlay2/d83c38d654989311f75b9491329846033bfb7714de76ef635380dcfad5c740d9/diff:/var/lib/docker/overlay2/08600d0aea2ab2728bebcf5d2589c640a842f53d1ba3c4a4adccb4d03b923cf6/diff:/var/lib/docker/overlay2/9ec7c63a3fb14d13ac788bbf5e282ca821edc41260b79944e5e631037d13ecda/diff:/var/lib/docker/overlay2/db601d7a1b4ea6da638db620462f0da96fa55c559d02269c9ddb09027936ed87/diff:/var/lib/docker/overlay2/a6d2bd03f942e2565f21e74cfe152c7ec836a1c2b583f0790c685b92bdcfda24/diff:/var/lib/docker/overlay2/9badd16ea2c5e2bf1fde8b579683e41137dfc46ed5449234149f199a6751cc84/diff:/var/lib/docker/overlay2/6efb85646ed12e2d1181ef4cc6f6f6732c00c15a4035fe17ebc4f075ca573c30/diff:/var/lib/docker/overlay2/895d7c0ec09144d6ed33936f4e98e11c18010f7abd708cae1ce43aec7a7f2621/diff:/var/lib/docker/overlay2/1c4ba77aa573ab6e5e5069fd15eae71b3da940bde0f97a922a227ffc8a1d1096/diff","MergedDir":"/var/lib/docker/overlay2/2c15a904a49807090175d7750f18e0f6a57e99c38a424839679cbaf676a4d500/merged","UpperDir":"/var/lib/docker/overlay2/2c15a904a49807090175d7750f18e0f6a57e99c38a424839679cbaf676a4d500/diff","WorkDir":"/var/lib/docker/overlay2/2c15a904a49807090175d7750f18e0f6a57e99c38a424839679cbaf676a4d500/work"},"Name":"overlay2"},"Mounts":[{"Type":"volume","Name":"44a9389ce95a2961210e86afd6afe42b23405f43157b5dc00e010d283c01df79","Source":"/var/lib/docker/volumes/44a9389ce95a2961210e86afd6afe42b23405f43157b5dc00e010d283c01df79/_data","Destination":"/var/lib/mysql","Driver":"local","Mode":"","RW":true,"Propagation":""}],"Config":{"Hostname":"c37a42694b7d","Domainname":"","User":"","AttachStdin":false,"AttachStdout":false,"AttachStderr":false,"ExposedPorts":{"3306/tcp":{},"33060/tcp":{}},"Tty":false,"OpenStdin":false,"StdinOnce":false,"Env":["MYSQL_DATABASE=adm_videos","MYSQL_PASSWORD=123456","MYSQL_ROOT_PASSWORD=123456","PATH=/usr/local/sbin:/usr/local/bin:/usr/sbin:/usr/bin:/sbin:/bin","GOSU_VERSION=1.16","MYSQL_MAJOR=8.0","MYSQL_VERSION=8.0.32-1.el8","MYSQL_SHELL_VERSION=8.0.32-1.el8"],"Cmd":["mysqld"],"Image":"mysql:latest","Volumes":{"/var/lib/mysql":{}},"WorkingDir":"","Entrypoint":["docker-entrypoint.sh"],"OnBuild":null,"Labels":{"org.testcontainers":"true","org.testcontainers.lang":"java","org.testcontainers.sessionId":"818a13d9-e138-4e41-b5a4-74fd927e6a2d","org.testcontainers.version":"1.17.6"}},"NetworkSettings":{"Bridge":"","SandboxID":"bd1f3a626f226e407a1a406212013b21c93b302c93f9fd53a405b7fc5ff825b3","HairpinMode":false,"LinkLocalIPv6Address":"","LinkLocalIPv6PrefixLen":0,"Ports":{"3306/tcp":[{"HostIp":"0.0.0.0","HostPort":"56289"}],"33060/tcp":null},"SandboxKey":"/var/run/docker/netns/bd1f3a626f22","SecondaryIPAddresses":null,"SecondaryIPv6Addresses":null,"EndpointID":"a2b725c0c5ce4503f8e45e0c2adc4455b29a53a4866d3f23b2bce893a084641f","Gateway":"172.17.0.1","GlobalIPv6Address":"","GlobalIPv6PrefixLen":0,"IPAddress":"172.17.0.3","IPPrefixLen":16,"IPv6Gateway":"","MacAddress":"02:42:ac:11:00:03","Networks":{"bridge":{"IPAMConfig":null,"Links":null,"Aliases":null,"NetworkID":"308e234c143065751b16b4500cb9f48d5c7fc2116504b3d816a5e51cd4771062","EndpointID":"a2b725c0c5ce4503f8e45e0c2adc4455b29a53a4866d3f23b2bce893a084641f","Gateway":"172.17.0.1","IPAddress":"172.17.0.3","IPPrefixLen":16,"IPv6Gateway":"","GlobalIPv6Address":"","GlobalIPv6PrefixLen":0,"MacAddress":"02:42:ac:11:00:03","DriverOpts":null}}}}[\n]"
23:55:03.979 [Test worker] DEBUG com.github.dockerjava.zerodep.shaded.org.apache.hc.client5.http.wire - http-outgoing-2 << "[\r][\n]"
23:55:03.981 [Test worker] DEBUG com.github.dockerjava.zerodep.shaded.org.apache.hc.client5.http.wire - http-outgoing-2 << "0[\r][\n]"
23:55:03.981 [Test worker] DEBUG com.github.dockerjava.zerodep.shaded.org.apache.hc.client5.http.wire - http-outgoing-2 << "[\r][\n]"
23:55:03.981 [Test worker] DEBUG com.github.dockerjava.zerodep.shaded.org.apache.hc.client5.http.impl.classic.InternalHttpClient - ep-00000012: releasing valid endpoint
23:55:03.981 [Test worker] DEBUG com.github.dockerjava.zerodep.shaded.org.apache.hc.client5.http.impl.io.PoolingHttpClientConnectionManager - ep-00000012: releasing endpoint
23:55:03.981 [Test worker] DEBUG com.github.dockerjava.zerodep.shaded.org.apache.hc.client5.http.impl.io.PoolingHttpClientConnectionManager - ep-00000012: connection http-outgoing-2 can be kept alive for 3 MINUTES
23:55:03.981 [Test worker] DEBUG com.github.dockerjava.zerodep.shaded.org.apache.hc.client5.http.impl.io.PoolingHttpClientConnectionManager - ep-00000012: connection released [route: {}->unix://localhost:2375][total available: 1; route allocated: 1 of 2147483647; total allocated: 1 of 2147483647]
23:55:03.982 [Test worker] DEBUG ]]>&#x1f433;<![CDATA[ [mysql:latest] - Trying to create JDBC connection using com.mysql.cj.jdbc.Driver to jdbc:mysql://localhost:56289/adm_videos?useSSL=false&allowPublicKeyRetrieval=true with properties: {password=123456, user=root}
23:55:04.089 [Test worker] DEBUG org.testcontainers.shaded.com.github.dockerjava.core.command.AbstrDockerCmd - Cmd: c37a42694b7d1cff581f5e7b89a60b044af4721181408c271e821f1413201ca6,false
23:55:04.090 [Test worker] DEBUG org.testcontainers.shaded.com.github.dockerjava.core.exec.InspectContainerCmdExec - GET: DefaultWebTarget{path=[/containers/c37a42694b7d1cff581f5e7b89a60b044af4721181408c271e821f1413201ca6/json], queryParams={}}
23:55:04.090 [Test worker] DEBUG com.github.dockerjava.zerodep.shaded.org.apache.hc.client5.http.impl.classic.InternalHttpClient - ex-00000014: preparing request execution
23:55:04.090 [Test worker] DEBUG com.github.dockerjava.zerodep.shaded.org.apache.hc.client5.http.protocol.RequestAddCookies - Cookie spec selected: strict
23:55:04.090 [Test worker] DEBUG com.github.dockerjava.zerodep.shaded.org.apache.hc.client5.http.protocol.RequestAuthCache - Auth cache not set in the context
23:55:04.090 [Test worker] DEBUG com.github.dockerjava.zerodep.shaded.org.apache.hc.client5.http.impl.classic.ProtocolExec - ex-00000014: target auth state: UNCHALLENGED
23:55:04.090 [Test worker] DEBUG com.github.dockerjava.zerodep.shaded.org.apache.hc.client5.http.impl.classic.ProtocolExec - ex-00000014: proxy auth state: UNCHALLENGED
23:55:04.090 [Test worker] DEBUG com.github.dockerjava.zerodep.shaded.org.apache.hc.client5.http.impl.classic.ConnectExec - ex-00000014: acquiring connection with route {}->unix://localhost:2375
23:55:04.091 [Test worker] DEBUG com.github.dockerjava.zerodep.shaded.org.apache.hc.client5.http.impl.classic.InternalHttpClient - ex-00000014: acquiring endpoint (3 MINUTES)
23:55:04.091 [Test worker] DEBUG com.github.dockerjava.zerodep.shaded.org.apache.hc.client5.http.impl.io.PoolingHttpClientConnectionManager - ex-00000014: endpoint lease request (3 MINUTES) [route: {}->unix://localhost:2375][total available: 1; route allocated: 1 of 2147483647; total allocated: 1 of 2147483647]
23:55:04.091 [Test worker] DEBUG com.github.dockerjava.zerodep.shaded.org.apache.hc.client5.http.impl.io.PoolingHttpClientConnectionManager - ex-00000014: endpoint leased [route: {}->unix://localhost:2375][total available: 0; route allocated: 1 of 2147483647; total allocated: 1 of 2147483647]
23:55:04.091 [Test worker] DEBUG com.github.dockerjava.zerodep.shaded.org.apache.hc.client5.http.impl.io.PoolingHttpClientConnectionManager - ex-00000014: acquired ep-00000013
23:55:04.091 [Test worker] DEBUG com.github.dockerjava.zerodep.shaded.org.apache.hc.client5.http.impl.classic.InternalHttpClient - ex-00000014: acquired endpoint ep-00000013
23:55:04.091 [Test worker] DEBUG com.github.dockerjava.zerodep.shaded.org.apache.hc.client5.http.impl.classic.MainClientExec - ex-00000014: executing GET /v1.32/containers/c37a42694b7d1cff581f5e7b89a60b044af4721181408c271e821f1413201ca6/json HTTP/1.1
23:55:04.091 [Test worker] DEBUG com.github.dockerjava.zerodep.shaded.org.apache.hc.client5.http.impl.classic.InternalHttpClient - ep-00000013: start execution ex-00000014
23:55:04.091 [Test worker] DEBUG com.github.dockerjava.zerodep.shaded.org.apache.hc.client5.http.impl.io.PoolingHttpClientConnectionManager - ep-00000013: executing exchange ex-00000014 over http-outgoing-2
23:55:04.091 [Test worker] DEBUG com.github.dockerjava.zerodep.shaded.org.apache.hc.client5.http.headers - http-outgoing-2 >> GET /v1.32/containers/c37a42694b7d1cff581f5e7b89a60b044af4721181408c271e821f1413201ca6/json HTTP/1.1
23:55:04.091 [Test worker] DEBUG com.github.dockerjava.zerodep.shaded.org.apache.hc.client5.http.headers - http-outgoing-2 >> accept: application/json
23:55:04.091 [Test worker] DEBUG com.github.dockerjava.zerodep.shaded.org.apache.hc.client5.http.headers - http-outgoing-2 >> x-tc-sid: 818a13d9-e138-4e41-b5a4-74fd927e6a2d
23:55:04.091 [Test worker] DEBUG com.github.dockerjava.zerodep.shaded.org.apache.hc.client5.http.headers - http-outgoing-2 >> Accept-Encoding: gzip, x-gzip, deflate
23:55:04.091 [Test worker] DEBUG com.github.dockerjava.zerodep.shaded.org.apache.hc.client5.http.headers - http-outgoing-2 >> Host: localhost:2375
23:55:04.091 [Test worker] DEBUG com.github.dockerjava.zerodep.shaded.org.apache.hc.client5.http.headers - http-outgoing-2 >> Connection: keep-alive
23:55:04.091 [Test worker] DEBUG com.github.dockerjava.zerodep.shaded.org.apache.hc.client5.http.headers - http-outgoing-2 >> User-Agent: Apache-HttpClient/5.0.3 (Java/17.0.2)
23:55:04.091 [Test worker] DEBUG com.github.dockerjava.zerodep.shaded.org.apache.hc.client5.http.wire - http-outgoing-2 >> "GET /v1.32/containers/c37a42694b7d1cff581f5e7b89a60b044af4721181408c271e821f1413201ca6/json HTTP/1.1[\r][\n]"
23:55:04.091 [Test worker] DEBUG com.github.dockerjava.zerodep.shaded.org.apache.hc.client5.http.wire - http-outgoing-2 >> "accept: application/json[\r][\n]"
23:55:04.091 [Test worker] DEBUG com.github.dockerjava.zerodep.shaded.org.apache.hc.client5.http.wire - http-outgoing-2 >> "x-tc-sid: 818a13d9-e138-4e41-b5a4-74fd927e6a2d[\r][\n]"
23:55:04.091 [Test worker] DEBUG com.github.dockerjava.zerodep.shaded.org.apache.hc.client5.http.wire - http-outgoing-2 >> "Accept-Encoding: gzip, x-gzip, deflate[\r][\n]"
23:55:04.091 [Test worker] DEBUG com.github.dockerjava.zerodep.shaded.org.apache.hc.client5.http.wire - http-outgoing-2 >> "Host: localhost:2375[\r][\n]"
23:55:04.091 [Test worker] DEBUG com.github.dockerjava.zerodep.shaded.org.apache.hc.client5.http.wire - http-outgoing-2 >> "Connection: keep-alive[\r][\n]"
23:55:04.091 [Test worker] DEBUG com.github.dockerjava.zerodep.shaded.org.apache.hc.client5.http.wire - http-outgoing-2 >> "User-Agent: Apache-HttpClient/5.0.3 (Java/17.0.2)[\r][\n]"
23:55:04.091 [Test worker] DEBUG com.github.dockerjava.zerodep.shaded.org.apache.hc.client5.http.wire - http-outgoing-2 >> "[\r][\n]"
23:55:04.094 [Test worker] DEBUG com.github.dockerjava.zerodep.shaded.org.apache.hc.client5.http.wire - http-outgoing-2 << "HTTP/1.1 200 OK[\r][\n]"
23:55:04.094 [Test worker] DEBUG com.github.dockerjava.zerodep.shaded.org.apache.hc.client5.http.wire - http-outgoing-2 << "Api-Version: 1.41[\r][\n]"
23:55:04.094 [Test worker] DEBUG com.github.dockerjava.zerodep.shaded.org.apache.hc.client5.http.wire - http-outgoing-2 << "Content-Type: application/json[\r][\n]"
23:55:04.094 [Test worker] DEBUG com.github.dockerjava.zerodep.shaded.org.apache.hc.client5.http.wire - http-outgoing-2 << "Date: Mon, 27 Mar 2023 02:55:04 GMT[\r][\n]"
23:55:04.094 [Test worker] DEBUG com.github.dockerjava.zerodep.shaded.org.apache.hc.client5.http.wire - http-outgoing-2 << "Docker-Experimental: false[\r][\n]"
23:55:04.094 [Test worker] DEBUG com.github.dockerjava.zerodep.shaded.org.apache.hc.client5.http.wire - http-outgoing-2 << "Ostype: linux[\r][\n]"
23:55:04.094 [Test worker] DEBUG com.github.dockerjava.zerodep.shaded.org.apache.hc.client5.http.wire - http-outgoing-2 << "Server: Docker/20.10.21 (linux)[\r][\n]"
23:55:04.094 [Test worker] DEBUG com.github.dockerjava.zerodep.shaded.org.apache.hc.client5.http.wire - http-outgoing-2 << "Transfer-Encoding: chunked[\r][\n]"
23:55:04.094 [Test worker] DEBUG com.github.dockerjava.zerodep.shaded.org.apache.hc.client5.http.wire - http-outgoing-2 << "[\r][\n]"
23:55:04.094 [Test worker] DEBUG com.github.dockerjava.zerodep.shaded.org.apache.hc.client5.http.headers - http-outgoing-2 << HTTP/1.1 200 OK
23:55:04.094 [Test worker] DEBUG com.github.dockerjava.zerodep.shaded.org.apache.hc.client5.http.headers - http-outgoing-2 << Api-Version: 1.41
23:55:04.094 [Test worker] DEBUG com.github.dockerjava.zerodep.shaded.org.apache.hc.client5.http.headers - http-outgoing-2 << Content-Type: application/json
23:55:04.094 [Test worker] DEBUG com.github.dockerjava.zerodep.shaded.org.apache.hc.client5.http.headers - http-outgoing-2 << Date: Mon, 27 Mar 2023 02:55:04 GMT
23:55:04.094 [Test worker] DEBUG com.github.dockerjava.zerodep.shaded.org.apache.hc.client5.http.headers - http-outgoing-2 << Docker-Experimental: false
23:55:04.094 [Test worker] DEBUG com.github.dockerjava.zerodep.shaded.org.apache.hc.client5.http.headers - http-outgoing-2 << Ostype: linux
23:55:04.094 [Test worker] DEBUG com.github.dockerjava.zerodep.shaded.org.apache.hc.client5.http.headers - http-outgoing-2 << Server: Docker/20.10.21 (linux)
23:55:04.094 [Test worker] DEBUG com.github.dockerjava.zerodep.shaded.org.apache.hc.client5.http.headers - http-outgoing-2 << Transfer-Encoding: chunked
23:55:04.095 [Test worker] DEBUG com.github.dockerjava.zerodep.shaded.org.apache.hc.client5.http.impl.classic.MainClientExec - ex-00000014: connection can be kept alive for 3 MINUTES
23:55:04.095 [Test worker] DEBUG com.github.dockerjava.zerodep.shaded.org.apache.hc.client5.http.wire - http-outgoing-2 << "18c1[\r][\n]"
23:55:04.095 [Test worker] DEBUG com.github.dockerjava.zerodep.shaded.org.apache.hc.client5.http.wire - http-outgoing-2 << "{"Id":"c37a42694b7d1cff581f5e7b89a60b044af4721181408c271e821f1413201ca6","Created":"2023-03-27T02:55:02.49734542Z","Path":"docker-entrypoint.sh","Args":["mysqld"],"State":{"Status":"running","Running":true,"Paused":false,"Restarting":false,"OOMKilled":false,"Dead":false,"Pid":18342,"ExitCode":0,"Error":"","StartedAt":"2023-03-27T02:55:03.12719392Z","FinishedAt":"0001-01-01T00:00:00Z"},"Image":"sha256:c7c54c29e20dccc1aefb936c8eba8bb8b98b87a4921102aba87fde2df5810af9","ResolvConfPath":"/var/lib/docker/containers/c37a42694b7d1cff581f5e7b89a60b044af4721181408c271e821f1413201ca6/resolv.conf","HostnamePath":"/var/lib/docker/containers/c37a42694b7d1cff581f5e7b89a60b044af4721181408c271e821f1413201ca6/hostname","HostsPath":"/var/lib/docker/containers/c37a42694b7d1cff581f5e7b89a60b044af4721181408c271e821f1413201ca6/hosts","LogPath":"/var/lib/docker/containers/c37a42694b7d1cff581f5e7b89a60b044af4721181408c271e821f1413201ca6/c37a42694b7d1cff581f5e7b89a60b044af4721181408c271e821f1413201ca6-json.log","Name":"/elegant_mahavira","RestartCount":0,"Driver":"overlay2","Platform":"linux","MountLabel":"","ProcessLabel":"","AppArmorProfile":"","ExecIDs":null,"HostConfig":{"Binds":[],"ContainerIDFile":"","LogConfig":{"Type":"json-file","Config":{}},"NetworkMode":"default","PortBindings":{"3306/tcp":[{"HostIp":"0.0.0.0","HostPort":"0"}]},"RestartPolicy":{"Name":"","MaximumRetryCount":0},"AutoRemove":false,"VolumeDriver":"","VolumesFrom":[],"CapAdd":null,"CapDrop":null,"CgroupnsMode":"private","Dns":null,"DnsOptions":null,"DnsSearch":null,"ExtraHosts":[],"GroupAdd":null,"IpcMode":"shareable","Cgroup":"","Links":null,"OomScoreAdj":0,"PidMode":"","Privileged":false,"PublishAllPorts":false,"ReadonlyRootfs":false,"SecurityOpt":null,"UTSMode":"","UsernsMode":"","ShmSize":67108864,"Runtime":"runc","ConsoleSize":[0,0],"Isolation":"","CpuShares":0,"Memory":0,"NanoCpus":0,"CgroupParent":"","BlkioWeight":0,"BlkioWeightDevice":null,"BlkioDeviceReadBps":null,"BlkioDeviceWriteBps":null,"BlkioDeviceReadIOps":null,"BlkioDeviceWriteIOps":null,"CpuPeriod":0,"CpuQuota":0,"CpuRealtimePeriod":0,"CpuRealtimeRuntime":0,"CpusetCpus":"","CpusetMems":"","Devices":null,"DeviceCgroupRules":null,"DeviceRequests":null,"KernelMemory":0,"KernelMemoryTCP":0,"MemoryReservation":0,"MemorySwap":0,"MemorySwappiness":null,"OomKillDisable":null,"PidsLimit":null,"Ulimits":null,"CpuCount":0,"CpuPercent":0,"IOMaximumIOps":0,"IOMaximumBandwidth":0,"MaskedPaths":["/proc/asound","/proc/acpi","/proc/kcore","/proc/keys","/proc/latency_stats","/proc/timer_list","/proc/timer_stats","/proc/sched_debug","/proc/scsi","/sys/firmware"],"ReadonlyPaths":["/proc/bus","/proc/fs","/proc/irq","/proc/sys","/proc/sysrq-trigger"]},"GraphDriver":{"Data":{"LowerDir":"/var/lib/docker/overlay2/2c15a904a49807090175d7750f18e0f6a57e99c38a424839679cbaf676a4d500-init/diff:/var/lib/docker/overlay2/1bd8849d7a296305617011f940aa5cfabbe972a513397b1b6bbc27639b6c1f30/diff:/var/lib/docker/overlay2/199d69b2fbf78af4d4c95dec4fd2f8835ab0347eb49fb20ebb2ff3b99fedd6ad/diff:/var/lib/docker/overlay2/d83c38d654989311f75b9491329846033bfb7714de76ef635380dcfad5c740d9/diff:/var/lib/docker/overlay2/08600d0aea2ab2728bebcf5d2589c640a842f53d1ba3c4a4adccb4d03b923cf6/diff:/var/lib/docker/overlay2/9ec7c63a3fb14d13ac788bbf5e282ca821edc41260b79944e5e631037d13ecda/diff:/var/lib/docker/overlay2/db601d7a1b4ea6da638db620462f0da96fa55c559d02269c9ddb09027936ed87/diff:/var/lib/docker/overlay2/a6d2bd03f942e2565f21e74cfe152c7ec836a1c2b583f0790c685b92bdcfda24/diff:/var/lib/docker/overlay2/9badd16ea2c5e2bf1fde8b579683e41137dfc46ed5449234149f199a6751cc84/diff:/var/lib/docker/overlay2/6efb85646ed12e2d1181ef4cc6f6f6732c00c15a4035fe17ebc4f075ca573c30/diff:/var/lib/docker/overlay2/895d7c0ec09144d6ed33936f4e98e11c18010f7abd708cae1ce43aec7a7f2621/diff:/var/lib/docker/overlay2/1c4ba77aa573ab6e5e5069fd15eae71b3da940bde0f97a922a227ffc8a1d1096/diff","MergedDir":"/var/lib/docker/overlay2/2c15a904a49807090175d7750f18e0f6a57e99c38a424839679cbaf676a4d500/merged","UpperDir":"/var/lib/docker/overlay2/2c15a904a49807090175d7750f18e0f6a57e99c38a424839679cbaf676a4d500/diff","WorkDir":"/var/lib/docker/overlay2/2c15a904a49807090175d7750f18e0f6a57e99c38a424839679cbaf676a4d500/work"},"Name":"overlay2"},"Mounts":[{"Type":"volume","Name":"44a9389ce95a2961210e86afd6afe42b23405f43157b5dc00e010d283c01df79","Source":"/var/lib/docker/volumes/44a9389ce95a2961210e86afd6afe42b23405f43157b5dc00e010d283c01df79/_data","Destination":"/var/lib/mysql","Driver":"local","Mode":"","RW":true,"Propagation":""}],"Config":{"Hostname":"c37a42694b7d","Domainname":"","User":"","AttachStdin":false,"AttachStdout":false,"AttachStderr":false,"ExposedPorts":{"3306/tcp":{},"33060/tcp":{}},"Tty":false,"OpenStdin":false,"StdinOnce":false,"Env":["MYSQL_DATABASE=adm_videos","MYSQL_PASSWORD=123456","MYSQL_ROOT_PASSWORD=123456","PATH=/usr/local/sbin:/usr/local/bin:/usr/sbin:/usr/bin:/sbin:/bin","GOSU_VERSION=1.16","MYSQL_MAJOR=8.0","MYSQL_VERSION=8.0.32-1.el8","MYSQL_SHELL_VERSION=8.0.32-1.el8"],"Cmd":["mysqld"],"Image":"mysql:latest","Volumes":{"/var/lib/mysql":{}},"WorkingDir":"","Entrypoint":["docker-entrypoint.sh"],"OnBuild":null,"Labels":{"org.testcontainers":"true","org.testcontainers.lang":"java","org.testcontainers.sessionId":"818a13d9-e138-4e41-b5a4-74fd927e6a2d","org.testcontainers.version":"1.17.6"}},"NetworkSettings":{"Bridge":"","SandboxID":"bd1f3a626f226e407a1a406212013b21c93b302c93f9fd53a405b7fc5ff825b3","HairpinMode":false,"LinkLocalIPv6Address":"","LinkLocalIPv6PrefixLen":0,"Ports":{"3306/tcp":[{"HostIp":"0.0.0.0","HostPort":"56289"}],"33060/tcp":null},"SandboxKey":"/var/run/docker/netns/bd1f3a626f22","SecondaryIPAddresses":null,"SecondaryIPv6Addresses":null,"EndpointID":"a2b725c0c5ce4503f8e45e0c2adc4455b29a53a4866d3f23b2bce893a084641f","Gateway":"172.17.0.1","GlobalIPv6Address":"","GlobalIPv6PrefixLen":0,"IPAddress":"172.17.0.3","IPPrefixLen":16,"IPv6Gateway":"","MacAddress":"02:42:ac:11:00:03","Networks":{"bridge":{"IPAMConfig":null,"Links":null,"Aliases":null,"NetworkID":"308e234c143065751b16b4500cb9f48d5c7fc2116504b3d816a5e51cd4771062","EndpointID":"a2b725c0c5ce4503f8e45e0c2adc4455b29a53a4866d3f23b2bce893a084641f","Gateway":"172.17.0.1","IPAddress":"172.17.0.3","IPPrefixLen":16,"IPv6Gateway":"","GlobalIPv6Address":"","GlobalIPv6PrefixLen":0,"MacAddress":"02:42:ac:11:00:03","DriverOpts":null}}}}[\n]"
23:55:04.096 [Test worker] DEBUG com.github.dockerjava.zerodep.shaded.org.apache.hc.client5.http.wire - http-outgoing-2 << "[\r][\n]"
23:55:04.099 [Test worker] DEBUG com.github.dockerjava.zerodep.shaded.org.apache.hc.client5.http.wire - http-outgoing-2 << "0[\r][\n]"
23:55:04.099 [Test worker] DEBUG com.github.dockerjava.zerodep.shaded.org.apache.hc.client5.http.wire - http-outgoing-2 << "[\r][\n]"
23:55:04.099 [Test worker] DEBUG com.github.dockerjava.zerodep.shaded.org.apache.hc.client5.http.impl.classic.InternalHttpClient - ep-00000013: releasing valid endpoint
23:55:04.099 [Test worker] DEBUG com.github.dockerjava.zerodep.shaded.org.apache.hc.client5.http.impl.io.PoolingHttpClientConnectionManager - ep-00000013: releasing endpoint
23:55:04.099 [Test worker] DEBUG com.github.dockerjava.zerodep.shaded.org.apache.hc.client5.http.impl.io.PoolingHttpClientConnectionManager - ep-00000013: connection http-outgoing-2 can be kept alive for 3 MINUTES
23:55:04.099 [Test worker] DEBUG com.github.dockerjava.zerodep.shaded.org.apache.hc.client5.http.impl.io.PoolingHttpClientConnectionManager - ep-00000013: connection released [route: {}->unix://localhost:2375][total available: 1; route allocated: 1 of 2147483647; total allocated: 1 of 2147483647]
23:55:04.099 [Test worker] DEBUG ]]>&#x1f433;<![CDATA[ [mysql:latest] - Trying to create JDBC connection using com.mysql.cj.jdbc.Driver to jdbc:mysql://localhost:56289/adm_videos?useSSL=false&allowPublicKeyRetrieval=true with properties: {password=123456, user=root}
23:55:04.204 [Test worker] DEBUG org.testcontainers.shaded.com.github.dockerjava.core.command.AbstrDockerCmd - Cmd: c37a42694b7d1cff581f5e7b89a60b044af4721181408c271e821f1413201ca6,false
23:55:04.205 [Test worker] DEBUG org.testcontainers.shaded.com.github.dockerjava.core.exec.InspectContainerCmdExec - GET: DefaultWebTarget{path=[/containers/c37a42694b7d1cff581f5e7b89a60b044af4721181408c271e821f1413201ca6/json], queryParams={}}
23:55:04.205 [Test worker] DEBUG com.github.dockerjava.zerodep.shaded.org.apache.hc.client5.http.impl.classic.InternalHttpClient - ex-00000015: preparing request execution
23:55:04.205 [Test worker] DEBUG com.github.dockerjava.zerodep.shaded.org.apache.hc.client5.http.protocol.RequestAddCookies - Cookie spec selected: strict
23:55:04.206 [Test worker] DEBUG com.github.dockerjava.zerodep.shaded.org.apache.hc.client5.http.protocol.RequestAuthCache - Auth cache not set in the context
23:55:04.206 [Test worker] DEBUG com.github.dockerjava.zerodep.shaded.org.apache.hc.client5.http.impl.classic.ProtocolExec - ex-00000015: target auth state: UNCHALLENGED
23:55:04.206 [Test worker] DEBUG com.github.dockerjava.zerodep.shaded.org.apache.hc.client5.http.impl.classic.ProtocolExec - ex-00000015: proxy auth state: UNCHALLENGED
23:55:04.206 [Test worker] DEBUG com.github.dockerjava.zerodep.shaded.org.apache.hc.client5.http.impl.classic.ConnectExec - ex-00000015: acquiring connection with route {}->unix://localhost:2375
23:55:04.206 [Test worker] DEBUG com.github.dockerjava.zerodep.shaded.org.apache.hc.client5.http.impl.classic.InternalHttpClient - ex-00000015: acquiring endpoint (3 MINUTES)
23:55:04.206 [Test worker] DEBUG com.github.dockerjava.zerodep.shaded.org.apache.hc.client5.http.impl.io.PoolingHttpClientConnectionManager - ex-00000015: endpoint lease request (3 MINUTES) [route: {}->unix://localhost:2375][total available: 1; route allocated: 1 of 2147483647; total allocated: 1 of 2147483647]
23:55:04.207 [Test worker] DEBUG com.github.dockerjava.zerodep.shaded.org.apache.hc.client5.http.impl.io.PoolingHttpClientConnectionManager - ex-00000015: endpoint leased [route: {}->unix://localhost:2375][total available: 0; route allocated: 1 of 2147483647; total allocated: 1 of 2147483647]
23:55:04.207 [Test worker] DEBUG com.github.dockerjava.zerodep.shaded.org.apache.hc.client5.http.impl.io.PoolingHttpClientConnectionManager - ex-00000015: acquired ep-00000014
23:55:04.207 [Test worker] DEBUG com.github.dockerjava.zerodep.shaded.org.apache.hc.client5.http.impl.classic.InternalHttpClient - ex-00000015: acquired endpoint ep-00000014
23:55:04.207 [Test worker] DEBUG com.github.dockerjava.zerodep.shaded.org.apache.hc.client5.http.impl.classic.MainClientExec - ex-00000015: executing GET /v1.32/containers/c37a42694b7d1cff581f5e7b89a60b044af4721181408c271e821f1413201ca6/json HTTP/1.1
23:55:04.207 [Test worker] DEBUG com.github.dockerjava.zerodep.shaded.org.apache.hc.client5.http.impl.classic.InternalHttpClient - ep-00000014: start execution ex-00000015
23:55:04.207 [Test worker] DEBUG com.github.dockerjava.zerodep.shaded.org.apache.hc.client5.http.impl.io.PoolingHttpClientConnectionManager - ep-00000014: executing exchange ex-00000015 over http-outgoing-2
23:55:04.207 [Test worker] DEBUG com.github.dockerjava.zerodep.shaded.org.apache.hc.client5.http.headers - http-outgoing-2 >> GET /v1.32/containers/c37a42694b7d1cff581f5e7b89a60b044af4721181408c271e821f1413201ca6/json HTTP/1.1
23:55:04.207 [Test worker] DEBUG com.github.dockerjava.zerodep.shaded.org.apache.hc.client5.http.headers - http-outgoing-2 >> accept: application/json
23:55:04.207 [Test worker] DEBUG com.github.dockerjava.zerodep.shaded.org.apache.hc.client5.http.headers - http-outgoing-2 >> x-tc-sid: 818a13d9-e138-4e41-b5a4-74fd927e6a2d
23:55:04.207 [Test worker] DEBUG com.github.dockerjava.zerodep.shaded.org.apache.hc.client5.http.headers - http-outgoing-2 >> Accept-Encoding: gzip, x-gzip, deflate
23:55:04.207 [Test worker] DEBUG com.github.dockerjava.zerodep.shaded.org.apache.hc.client5.http.headers - http-outgoing-2 >> Host: localhost:2375
23:55:04.207 [Test worker] DEBUG com.github.dockerjava.zerodep.shaded.org.apache.hc.client5.http.headers - http-outgoing-2 >> Connection: keep-alive
23:55:04.207 [Test worker] DEBUG com.github.dockerjava.zerodep.shaded.org.apache.hc.client5.http.headers - http-outgoing-2 >> User-Agent: Apache-HttpClient/5.0.3 (Java/17.0.2)
23:55:04.207 [Test worker] DEBUG com.github.dockerjava.zerodep.shaded.org.apache.hc.client5.http.wire - http-outgoing-2 >> "GET /v1.32/containers/c37a42694b7d1cff581f5e7b89a60b044af4721181408c271e821f1413201ca6/json HTTP/1.1[\r][\n]"
23:55:04.207 [Test worker] DEBUG com.github.dockerjava.zerodep.shaded.org.apache.hc.client5.http.wire - http-outgoing-2 >> "accept: application/json[\r][\n]"
23:55:04.207 [Test worker] DEBUG com.github.dockerjava.zerodep.shaded.org.apache.hc.client5.http.wire - http-outgoing-2 >> "x-tc-sid: 818a13d9-e138-4e41-b5a4-74fd927e6a2d[\r][\n]"
23:55:04.208 [Test worker] DEBUG com.github.dockerjava.zerodep.shaded.org.apache.hc.client5.http.wire - http-outgoing-2 >> "Accept-Encoding: gzip, x-gzip, deflate[\r][\n]"
23:55:04.208 [Test worker] DEBUG com.github.dockerjava.zerodep.shaded.org.apache.hc.client5.http.wire - http-outgoing-2 >> "Host: localhost:2375[\r][\n]"
23:55:04.208 [Test worker] DEBUG com.github.dockerjava.zerodep.shaded.org.apache.hc.client5.http.wire - http-outgoing-2 >> "Connection: keep-alive[\r][\n]"
23:55:04.208 [Test worker] DEBUG com.github.dockerjava.zerodep.shaded.org.apache.hc.client5.http.wire - http-outgoing-2 >> "User-Agent: Apache-HttpClient/5.0.3 (Java/17.0.2)[\r][\n]"
23:55:04.208 [Test worker] DEBUG com.github.dockerjava.zerodep.shaded.org.apache.hc.client5.http.wire - http-outgoing-2 >> "[\r][\n]"
23:55:04.210 [Test worker] DEBUG com.github.dockerjava.zerodep.shaded.org.apache.hc.client5.http.wire - http-outgoing-2 << "HTTP/1.1 200 OK[\r][\n]"
23:55:04.210 [Test worker] DEBUG com.github.dockerjava.zerodep.shaded.org.apache.hc.client5.http.wire - http-outgoing-2 << "Api-Version: 1.41[\r][\n]"
23:55:04.210 [Test worker] DEBUG com.github.dockerjava.zerodep.shaded.org.apache.hc.client5.http.wire - http-outgoing-2 << "Content-Type: application/json[\r][\n]"
23:55:04.210 [Test worker] DEBUG com.github.dockerjava.zerodep.shaded.org.apache.hc.client5.http.wire - http-outgoing-2 << "Date: Mon, 27 Mar 2023 02:55:04 GMT[\r][\n]"
23:55:04.210 [Test worker] DEBUG com.github.dockerjava.zerodep.shaded.org.apache.hc.client5.http.wire - http-outgoing-2 << "Docker-Experimental: false[\r][\n]"
23:55:04.210 [Test worker] DEBUG com.github.dockerjava.zerodep.shaded.org.apache.hc.client5.http.wire - http-outgoing-2 << "Ostype: linux[\r][\n]"
23:55:04.210 [Test worker] DEBUG com.github.dockerjava.zerodep.shaded.org.apache.hc.client5.http.wire - http-outgoing-2 << "Server: Docker/20.10.21 (linux)[\r][\n]"
23:55:04.210 [Test worker] DEBUG com.github.dockerjava.zerodep.shaded.org.apache.hc.client5.http.wire - http-outgoing-2 << "Transfer-Encoding: chunked[\r][\n]"
23:55:04.210 [Test worker] DEBUG com.github.dockerjava.zerodep.shaded.org.apache.hc.client5.http.wire - http-outgoing-2 << "[\r][\n]"
23:55:04.210 [Test worker] DEBUG com.github.dockerjava.zerodep.shaded.org.apache.hc.client5.http.headers - http-outgoing-2 << HTTP/1.1 200 OK
23:55:04.210 [Test worker] DEBUG com.github.dockerjava.zerodep.shaded.org.apache.hc.client5.http.headers - http-outgoing-2 << Api-Version: 1.41
23:55:04.210 [Test worker] DEBUG com.github.dockerjava.zerodep.shaded.org.apache.hc.client5.http.headers - http-outgoing-2 << Content-Type: application/json
23:55:04.210 [Test worker] DEBUG com.github.dockerjava.zerodep.shaded.org.apache.hc.client5.http.headers - http-outgoing-2 << Date: Mon, 27 Mar 2023 02:55:04 GMT
23:55:04.210 [Test worker] DEBUG com.github.dockerjava.zerodep.shaded.org.apache.hc.client5.http.headers - http-outgoing-2 << Docker-Experimental: false
23:55:04.210 [Test worker] DEBUG com.github.dockerjava.zerodep.shaded.org.apache.hc.client5.http.headers - http-outgoing-2 << Ostype: linux
23:55:04.210 [Test worker] DEBUG com.github.dockerjava.zerodep.shaded.org.apache.hc.client5.http.headers - http-outgoing-2 << Server: Docker/20.10.21 (linux)
23:55:04.210 [Test worker] DEBUG com.github.dockerjava.zerodep.shaded.org.apache.hc.client5.http.headers - http-outgoing-2 << Transfer-Encoding: chunked
23:55:04.210 [Test worker] DEBUG com.github.dockerjava.zerodep.shaded.org.apache.hc.client5.http.impl.classic.MainClientExec - ex-00000015: connection can be kept alive for 3 MINUTES
23:55:04.212 [Test worker] DEBUG com.github.dockerjava.zerodep.shaded.org.apache.hc.client5.http.wire - http-outgoing-2 << "18c1[\r][\n]"
23:55:04.212 [Test worker] DEBUG com.github.dockerjava.zerodep.shaded.org.apache.hc.client5.http.wire - http-outgoing-2 << "{"Id":"c37a42694b7d1cff581f5e7b89a60b044af4721181408c271e821f1413201ca6","Created":"2023-03-27T02:55:02.49734542Z","Path":"docker-entrypoint.sh","Args":["mysqld"],"State":{"Status":"running","Running":true,"Paused":false,"Restarting":false,"OOMKilled":false,"Dead":false,"Pid":18342,"ExitCode":0,"Error":"","StartedAt":"2023-03-27T02:55:03.12719392Z","FinishedAt":"0001-01-01T00:00:00Z"},"Image":"sha256:c7c54c29e20dccc1aefb936c8eba8bb8b98b87a4921102aba87fde2df5810af9","ResolvConfPath":"/var/lib/docker/containers/c37a42694b7d1cff581f5e7b89a60b044af4721181408c271e821f1413201ca6/resolv.conf","HostnamePath":"/var/lib/docker/containers/c37a42694b7d1cff581f5e7b89a60b044af4721181408c271e821f1413201ca6/hostname","HostsPath":"/var/lib/docker/containers/c37a42694b7d1cff581f5e7b89a60b044af4721181408c271e821f1413201ca6/hosts","LogPath":"/var/lib/docker/containers/c37a42694b7d1cff581f5e7b89a60b044af4721181408c271e821f1413201ca6/c37a42694b7d1cff581f5e7b89a60b044af4721181408c271e821f1413201ca6-json.log","Name":"/elegant_mahavira","RestartCount":0,"Driver":"overlay2","Platform":"linux","MountLabel":"","ProcessLabel":"","AppArmorProfile":"","ExecIDs":null,"HostConfig":{"Binds":[],"ContainerIDFile":"","LogConfig":{"Type":"json-file","Config":{}},"NetworkMode":"default","PortBindings":{"3306/tcp":[{"HostIp":"0.0.0.0","HostPort":"0"}]},"RestartPolicy":{"Name":"","MaximumRetryCount":0},"AutoRemove":false,"VolumeDriver":"","VolumesFrom":[],"CapAdd":null,"CapDrop":null,"CgroupnsMode":"private","Dns":null,"DnsOptions":null,"DnsSearch":null,"ExtraHosts":[],"GroupAdd":null,"IpcMode":"shareable","Cgroup":"","Links":null,"OomScoreAdj":0,"PidMode":"","Privileged":false,"PublishAllPorts":false,"ReadonlyRootfs":false,"SecurityOpt":null,"UTSMode":"","UsernsMode":"","ShmSize":67108864,"Runtime":"runc","ConsoleSize":[0,0],"Isolation":"","CpuShares":0,"Memory":0,"NanoCpus":0,"CgroupParent":"","BlkioWeight":0,"BlkioWeightDevice":null,"BlkioDeviceReadBps":null,"BlkioDeviceWriteBps":null,"BlkioDeviceReadIOps":null,"BlkioDeviceWriteIOps":null,"CpuPeriod":0,"CpuQuota":0,"CpuRealtimePeriod":0,"CpuRealtimeRuntime":0,"CpusetCpus":"","CpusetMems":"","Devices":null,"DeviceCgroupRules":null,"DeviceRequests":null,"KernelMemory":0,"KernelMemoryTCP":0,"MemoryReservation":0,"MemorySwap":0,"MemorySwappiness":null,"OomKillDisable":null,"PidsLimit":null,"Ulimits":null,"CpuCount":0,"CpuPercent":0,"IOMaximumIOps":0,"IOMaximumBandwidth":0,"MaskedPaths":["/proc/asound","/proc/acpi","/proc/kcore","/proc/keys","/proc/latency_stats","/proc/timer_list","/proc/timer_stats","/proc/sched_debug","/proc/scsi","/sys/firmware"],"ReadonlyPaths":["/proc/bus","/proc/fs","/proc/irq","/proc/sys","/proc/sysrq-trigger"]},"GraphDriver":{"Data":{"LowerDir":"/var/lib/docker/overlay2/2c15a904a49807090175d7750f18e0f6a57e99c38a424839679cbaf676a4d500-init/diff:/var/lib/docker/overlay2/1bd8849d7a296305617011f940aa5cfabbe972a513397b1b6bbc27639b6c1f30/diff:/var/lib/docker/overlay2/199d69b2fbf78af4d4c95dec4fd2f8835ab0347eb49fb20ebb2ff3b99fedd6ad/diff:/var/lib/docker/overlay2/d83c38d654989311f75b9491329846033bfb7714de76ef635380dcfad5c740d9/diff:/var/lib/docker/overlay2/08600d0aea2ab2728bebcf5d2589c640a842f53d1ba3c4a4adccb4d03b923cf6/diff:/var/lib/docker/overlay2/9ec7c63a3fb14d13ac788bbf5e282ca821edc41260b79944e5e631037d13ecda/diff:/var/lib/docker/overlay2/db601d7a1b4ea6da638db620462f0da96fa55c559d02269c9ddb09027936ed87/diff:/var/lib/docker/overlay2/a6d2bd03f942e2565f21e74cfe152c7ec836a1c2b583f0790c685b92bdcfda24/diff:/var/lib/docker/overlay2/9badd16ea2c5e2bf1fde8b579683e41137dfc46ed5449234149f199a6751cc84/diff:/var/lib/docker/overlay2/6efb85646ed12e2d1181ef4cc6f6f6732c00c15a4035fe17ebc4f075ca573c30/diff:/var/lib/docker/overlay2/895d7c0ec09144d6ed33936f4e98e11c18010f7abd708cae1ce43aec7a7f2621/diff:/var/lib/docker/overlay2/1c4ba77aa573ab6e5e5069fd15eae71b3da940bde0f97a922a227ffc8a1d1096/diff","MergedDir":"/var/lib/docker/overlay2/2c15a904a49807090175d7750f18e0f6a57e99c38a424839679cbaf676a4d500/merged","UpperDir":"/var/lib/docker/overlay2/2c15a904a49807090175d7750f18e0f6a57e99c38a424839679cbaf676a4d500/diff","WorkDir":"/var/lib/docker/overlay2/2c15a904a49807090175d7750f18e0f6a57e99c38a424839679cbaf676a4d500/work"},"Name":"overlay2"},"Mounts":[{"Type":"volume","Name":"44a9389ce95a2961210e86afd6afe42b23405f43157b5dc00e010d283c01df79","Source":"/var/lib/docker/volumes/44a9389ce95a2961210e86afd6afe42b23405f43157b5dc00e010d283c01df79/_data","Destination":"/var/lib/mysql","Driver":"local","Mode":"","RW":true,"Propagation":""}],"Config":{"Hostname":"c37a42694b7d","Domainname":"","User":"","AttachStdin":false,"AttachStdout":false,"AttachStderr":false,"ExposedPorts":{"3306/tcp":{},"33060/tcp":{}},"Tty":false,"OpenStdin":false,"StdinOnce":false,"Env":["MYSQL_DATABASE=adm_videos","MYSQL_PASSWORD=123456","MYSQL_ROOT_PASSWORD=123456","PATH=/usr/local/sbin:/usr/local/bin:/usr/sbin:/usr/bin:/sbin:/bin","GOSU_VERSION=1.16","MYSQL_MAJOR=8.0","MYSQL_VERSION=8.0.32-1.el8","MYSQL_SHELL_VERSION=8.0.32-1.el8"],"Cmd":["mysqld"],"Image":"mysql:latest","Volumes":{"/var/lib/mysql":{}},"WorkingDir":"","Entrypoint":["docker-entrypoint.sh"],"OnBuild":null,"Labels":{"org.testcontainers":"true","org.testcontainers.lang":"java","org.testcontainers.sessionId":"818a13d9-e138-4e41-b5a4-74fd927e6a2d","org.testcontainers.version":"1.17.6"}},"NetworkSettings":{"Bridge":"","SandboxID":"bd1f3a626f226e407a1a406212013b21c93b302c93f9fd53a405b7fc5ff825b3","HairpinMode":false,"LinkLocalIPv6Address":"","LinkLocalIPv6PrefixLen":0,"Ports":{"3306/tcp":[{"HostIp":"0.0.0.0","HostPort":"56289"}],"33060/tcp":null},"SandboxKey":"/var/run/docker/netns/bd1f3a626f22","SecondaryIPAddresses":null,"SecondaryIPv6Addresses":null,"EndpointID":"a2b725c0c5ce4503f8e45e0c2adc4455b29a53a4866d3f23b2bce893a084641f","Gateway":"172.17.0.1","GlobalIPv6Address":"","GlobalIPv6PrefixLen":0,"IPAddress":"172.17.0.3","IPPrefixLen":16,"IPv6Gateway":"","MacAddress":"02:42:ac:11:00:03","Networks":{"bridge":{"IPAMConfig":null,"Links":null,"Aliases":null,"NetworkID":"308e234c143065751b16b4500cb9f48d5c7fc2116504b3d816a5e51cd4771062","EndpointID":"a2b725c0c5ce4503f8e45e0c2adc4455b29a53a4866d3f23b2bce893a084641f","Gateway":"172.17.0.1","IPAddress":"172.17.0.3","IPPrefixLen":16,"IPv6Gateway":"","GlobalIPv6Address":"","GlobalIPv6PrefixLen":0,"MacAddress":"02:42:ac:11:00:03","DriverOpts":null}}}}[\n]"
23:55:04.212 [Test worker] DEBUG com.github.dockerjava.zerodep.shaded.org.apache.hc.client5.http.wire - http-outgoing-2 << "[\r][\n]"
23:55:04.213 [Test worker] DEBUG com.github.dockerjava.zerodep.shaded.org.apache.hc.client5.http.wire - http-outgoing-2 << "0[\r][\n]"
23:55:04.213 [Test worker] DEBUG com.github.dockerjava.zerodep.shaded.org.apache.hc.client5.http.wire - http-outgoing-2 << "[\r][\n]"
23:55:04.213 [Test worker] DEBUG com.github.dockerjava.zerodep.shaded.org.apache.hc.client5.http.impl.classic.InternalHttpClient - ep-00000014: releasing valid endpoint
23:55:04.213 [Test worker] DEBUG com.github.dockerjava.zerodep.shaded.org.apache.hc.client5.http.impl.io.PoolingHttpClientConnectionManager - ep-00000014: releasing endpoint
23:55:04.213 [Test worker] DEBUG com.github.dockerjava.zerodep.shaded.org.apache.hc.client5.http.impl.io.PoolingHttpClientConnectionManager - ep-00000014: connection http-outgoing-2 can be kept alive for 3 MINUTES
23:55:04.213 [Test worker] DEBUG com.github.dockerjava.zerodep.shaded.org.apache.hc.client5.http.impl.io.PoolingHttpClientConnectionManager - ep-00000014: connection released [route: {}->unix://localhost:2375][total available: 1; route allocated: 1 of 2147483647; total allocated: 1 of 2147483647]
23:55:04.213 [Test worker] DEBUG ]]>&#x1f433;<![CDATA[ [mysql:latest] - Trying to create JDBC connection using com.mysql.cj.jdbc.Driver to jdbc:mysql://localhost:56289/adm_videos?useSSL=false&allowPublicKeyRetrieval=true with properties: {password=123456, user=root}
23:55:04.316 [Test worker] DEBUG org.testcontainers.shaded.com.github.dockerjava.core.command.AbstrDockerCmd - Cmd: c37a42694b7d1cff581f5e7b89a60b044af4721181408c271e821f1413201ca6,false
23:55:04.317 [Test worker] DEBUG org.testcontainers.shaded.com.github.dockerjava.core.exec.InspectContainerCmdExec - GET: DefaultWebTarget{path=[/containers/c37a42694b7d1cff581f5e7b89a60b044af4721181408c271e821f1413201ca6/json], queryParams={}}
23:55:04.317 [Test worker] DEBUG com.github.dockerjava.zerodep.shaded.org.apache.hc.client5.http.impl.classic.InternalHttpClient - ex-00000016: preparing request execution
23:55:04.317 [Test worker] DEBUG com.github.dockerjava.zerodep.shaded.org.apache.hc.client5.http.protocol.RequestAddCookies - Cookie spec selected: strict
23:55:04.318 [Test worker] DEBUG com.github.dockerjava.zerodep.shaded.org.apache.hc.client5.http.protocol.RequestAuthCache - Auth cache not set in the context
23:55:04.318 [Test worker] DEBUG com.github.dockerjava.zerodep.shaded.org.apache.hc.client5.http.impl.classic.ProtocolExec - ex-00000016: target auth state: UNCHALLENGED
23:55:04.318 [Test worker] DEBUG com.github.dockerjava.zerodep.shaded.org.apache.hc.client5.http.impl.classic.ProtocolExec - ex-00000016: proxy auth state: UNCHALLENGED
23:55:04.318 [Test worker] DEBUG com.github.dockerjava.zerodep.shaded.org.apache.hc.client5.http.impl.classic.ConnectExec - ex-00000016: acquiring connection with route {}->unix://localhost:2375
23:55:04.318 [Test worker] DEBUG com.github.dockerjava.zerodep.shaded.org.apache.hc.client5.http.impl.classic.InternalHttpClient - ex-00000016: acquiring endpoint (3 MINUTES)
23:55:04.318 [Test worker] DEBUG com.github.dockerjava.zerodep.shaded.org.apache.hc.client5.http.impl.io.PoolingHttpClientConnectionManager - ex-00000016: endpoint lease request (3 MINUTES) [route: {}->unix://localhost:2375][total available: 1; route allocated: 1 of 2147483647; total allocated: 1 of 2147483647]
23:55:04.318 [Test worker] DEBUG com.github.dockerjava.zerodep.shaded.org.apache.hc.client5.http.impl.io.PoolingHttpClientConnectionManager - ex-00000016: endpoint leased [route: {}->unix://localhost:2375][total available: 0; route allocated: 1 of 2147483647; total allocated: 1 of 2147483647]
23:55:04.318 [Test worker] DEBUG com.github.dockerjava.zerodep.shaded.org.apache.hc.client5.http.impl.io.PoolingHttpClientConnectionManager - ex-00000016: acquired ep-00000015
23:55:04.318 [Test worker] DEBUG com.github.dockerjava.zerodep.shaded.org.apache.hc.client5.http.impl.classic.InternalHttpClient - ex-00000016: acquired endpoint ep-00000015
23:55:04.318 [Test worker] DEBUG com.github.dockerjava.zerodep.shaded.org.apache.hc.client5.http.impl.classic.MainClientExec - ex-00000016: executing GET /v1.32/containers/c37a42694b7d1cff581f5e7b89a60b044af4721181408c271e821f1413201ca6/json HTTP/1.1
23:55:04.318 [Test worker] DEBUG com.github.dockerjava.zerodep.shaded.org.apache.hc.client5.http.impl.classic.InternalHttpClient - ep-00000015: start execution ex-00000016
23:55:04.318 [Test worker] DEBUG com.github.dockerjava.zerodep.shaded.org.apache.hc.client5.http.impl.io.PoolingHttpClientConnectionManager - ep-00000015: executing exchange ex-00000016 over http-outgoing-2
23:55:04.318 [Test worker] DEBUG com.github.dockerjava.zerodep.shaded.org.apache.hc.client5.http.headers - http-outgoing-2 >> GET /v1.32/containers/c37a42694b7d1cff581f5e7b89a60b044af4721181408c271e821f1413201ca6/json HTTP/1.1
23:55:04.318 [Test worker] DEBUG com.github.dockerjava.zerodep.shaded.org.apache.hc.client5.http.headers - http-outgoing-2 >> accept: application/json
23:55:04.318 [Test worker] DEBUG com.github.dockerjava.zerodep.shaded.org.apache.hc.client5.http.headers - http-outgoing-2 >> x-tc-sid: 818a13d9-e138-4e41-b5a4-74fd927e6a2d
23:55:04.318 [Test worker] DEBUG com.github.dockerjava.zerodep.shaded.org.apache.hc.client5.http.headers - http-outgoing-2 >> Accept-Encoding: gzip, x-gzip, deflate
23:55:04.318 [Test worker] DEBUG com.github.dockerjava.zerodep.shaded.org.apache.hc.client5.http.headers - http-outgoing-2 >> Host: localhost:2375
23:55:04.318 [Test worker] DEBUG com.github.dockerjava.zerodep.shaded.org.apache.hc.client5.http.headers - http-outgoing-2 >> Connection: keep-alive
23:55:04.318 [Test worker] DEBUG com.github.dockerjava.zerodep.shaded.org.apache.hc.client5.http.headers - http-outgoing-2 >> User-Agent: Apache-HttpClient/5.0.3 (Java/17.0.2)
23:55:04.318 [Test worker] DEBUG com.github.dockerjava.zerodep.shaded.org.apache.hc.client5.http.wire - http-outgoing-2 >> "GET /v1.32/containers/c37a42694b7d1cff581f5e7b89a60b044af4721181408c271e821f1413201ca6/json HTTP/1.1[\r][\n]"
23:55:04.318 [Test worker] DEBUG com.github.dockerjava.zerodep.shaded.org.apache.hc.client5.http.wire - http-outgoing-2 >> "accept: application/json[\r][\n]"
23:55:04.318 [Test worker] DEBUG com.github.dockerjava.zerodep.shaded.org.apache.hc.client5.http.wire - http-outgoing-2 >> "x-tc-sid: 818a13d9-e138-4e41-b5a4-74fd927e6a2d[\r][\n]"
23:55:04.318 [Test worker] DEBUG com.github.dockerjava.zerodep.shaded.org.apache.hc.client5.http.wire - http-outgoing-2 >> "Accept-Encoding: gzip, x-gzip, deflate[\r][\n]"
23:55:04.318 [Test worker] DEBUG com.github.dockerjava.zerodep.shaded.org.apache.hc.client5.http.wire - http-outgoing-2 >> "Host: localhost:2375[\r][\n]"
23:55:04.318 [Test worker] DEBUG com.github.dockerjava.zerodep.shaded.org.apache.hc.client5.http.wire - http-outgoing-2 >> "Connection: keep-alive[\r][\n]"
23:55:04.318 [Test worker] DEBUG com.github.dockerjava.zerodep.shaded.org.apache.hc.client5.http.wire - http-outgoing-2 >> "User-Agent: Apache-HttpClient/5.0.3 (Java/17.0.2)[\r][\n]"
23:55:04.318 [Test worker] DEBUG com.github.dockerjava.zerodep.shaded.org.apache.hc.client5.http.wire - http-outgoing-2 >> "[\r][\n]"
23:55:04.320 [Test worker] DEBUG com.github.dockerjava.zerodep.shaded.org.apache.hc.client5.http.wire - http-outgoing-2 << "HTTP/1.1 200 OK[\r][\n]"
23:55:04.321 [Test worker] DEBUG com.github.dockerjava.zerodep.shaded.org.apache.hc.client5.http.wire - http-outgoing-2 << "Api-Version: 1.41[\r][\n]"
23:55:04.321 [Test worker] DEBUG com.github.dockerjava.zerodep.shaded.org.apache.hc.client5.http.wire - http-outgoing-2 << "Content-Type: application/json[\r][\n]"
23:55:04.321 [Test worker] DEBUG com.github.dockerjava.zerodep.shaded.org.apache.hc.client5.http.wire - http-outgoing-2 << "Date: Mon, 27 Mar 2023 02:55:04 GMT[\r][\n]"
23:55:04.321 [Test worker] DEBUG com.github.dockerjava.zerodep.shaded.org.apache.hc.client5.http.wire - http-outgoing-2 << "Docker-Experimental: false[\r][\n]"
23:55:04.321 [Test worker] DEBUG com.github.dockerjava.zerodep.shaded.org.apache.hc.client5.http.wire - http-outgoing-2 << "Ostype: linux[\r][\n]"
23:55:04.321 [Test worker] DEBUG com.github.dockerjava.zerodep.shaded.org.apache.hc.client5.http.wire - http-outgoing-2 << "Server: Docker/20.10.21 (linux)[\r][\n]"
23:55:04.321 [Test worker] DEBUG com.github.dockerjava.zerodep.shaded.org.apache.hc.client5.http.wire - http-outgoing-2 << "Transfer-Encoding: chunked[\r][\n]"
23:55:04.321 [Test worker] DEBUG com.github.dockerjava.zerodep.shaded.org.apache.hc.client5.http.wire - http-outgoing-2 << "[\r][\n]"
23:55:04.321 [Test worker] DEBUG com.github.dockerjava.zerodep.shaded.org.apache.hc.client5.http.headers - http-outgoing-2 << HTTP/1.1 200 OK
23:55:04.321 [Test worker] DEBUG com.github.dockerjava.zerodep.shaded.org.apache.hc.client5.http.headers - http-outgoing-2 << Api-Version: 1.41
23:55:04.321 [Test worker] DEBUG com.github.dockerjava.zerodep.shaded.org.apache.hc.client5.http.headers - http-outgoing-2 << Content-Type: application/json
23:55:04.321 [Test worker] DEBUG com.github.dockerjava.zerodep.shaded.org.apache.hc.client5.http.headers - http-outgoing-2 << Date: Mon, 27 Mar 2023 02:55:04 GMT
23:55:04.321 [Test worker] DEBUG com.github.dockerjava.zerodep.shaded.org.apache.hc.client5.http.headers - http-outgoing-2 << Docker-Experimental: false
23:55:04.321 [Test worker] DEBUG com.github.dockerjava.zerodep.shaded.org.apache.hc.client5.http.headers - http-outgoing-2 << Ostype: linux
23:55:04.321 [Test worker] DEBUG com.github.dockerjava.zerodep.shaded.org.apache.hc.client5.http.headers - http-outgoing-2 << Server: Docker/20.10.21 (linux)
23:55:04.321 [Test worker] DEBUG com.github.dockerjava.zerodep.shaded.org.apache.hc.client5.http.headers - http-outgoing-2 << Transfer-Encoding: chunked
23:55:04.321 [Test worker] DEBUG com.github.dockerjava.zerodep.shaded.org.apache.hc.client5.http.impl.classic.MainClientExec - ex-00000016: connection can be kept alive for 3 MINUTES
23:55:04.323 [Test worker] DEBUG com.github.dockerjava.zerodep.shaded.org.apache.hc.client5.http.wire - http-outgoing-2 << "18c1[\r][\n]"
23:55:04.323 [Test worker] DEBUG com.github.dockerjava.zerodep.shaded.org.apache.hc.client5.http.wire - http-outgoing-2 << "{"Id":"c37a42694b7d1cff581f5e7b89a60b044af4721181408c271e821f1413201ca6","Created":"2023-03-27T02:55:02.49734542Z","Path":"docker-entrypoint.sh","Args":["mysqld"],"State":{"Status":"running","Running":true,"Paused":false,"Restarting":false,"OOMKilled":false,"Dead":false,"Pid":18342,"ExitCode":0,"Error":"","StartedAt":"2023-03-27T02:55:03.12719392Z","FinishedAt":"0001-01-01T00:00:00Z"},"Image":"sha256:c7c54c29e20dccc1aefb936c8eba8bb8b98b87a4921102aba87fde2df5810af9","ResolvConfPath":"/var/lib/docker/containers/c37a42694b7d1cff581f5e7b89a60b044af4721181408c271e821f1413201ca6/resolv.conf","HostnamePath":"/var/lib/docker/containers/c37a42694b7d1cff581f5e7b89a60b044af4721181408c271e821f1413201ca6/hostname","HostsPath":"/var/lib/docker/containers/c37a42694b7d1cff581f5e7b89a60b044af4721181408c271e821f1413201ca6/hosts","LogPath":"/var/lib/docker/containers/c37a42694b7d1cff581f5e7b89a60b044af4721181408c271e821f1413201ca6/c37a42694b7d1cff581f5e7b89a60b044af4721181408c271e821f1413201ca6-json.log","Name":"/elegant_mahavira","RestartCount":0,"Driver":"overlay2","Platform":"linux","MountLabel":"","ProcessLabel":"","AppArmorProfile":"","ExecIDs":null,"HostConfig":{"Binds":[],"ContainerIDFile":"","LogConfig":{"Type":"json-file","Config":{}},"NetworkMode":"default","PortBindings":{"3306/tcp":[{"HostIp":"0.0.0.0","HostPort":"0"}]},"RestartPolicy":{"Name":"","MaximumRetryCount":0},"AutoRemove":false,"VolumeDriver":"","VolumesFrom":[],"CapAdd":null,"CapDrop":null,"CgroupnsMode":"private","Dns":null,"DnsOptions":null,"DnsSearch":null,"ExtraHosts":[],"GroupAdd":null,"IpcMode":"shareable","Cgroup":"","Links":null,"OomScoreAdj":0,"PidMode":"","Privileged":false,"PublishAllPorts":false,"ReadonlyRootfs":false,"SecurityOpt":null,"UTSMode":"","UsernsMode":"","ShmSize":67108864,"Runtime":"runc","ConsoleSize":[0,0],"Isolation":"","CpuShares":0,"Memory":0,"NanoCpus":0,"CgroupParent":"","BlkioWeight":0,"BlkioWeightDevice":null,"BlkioDeviceReadBps":null,"BlkioDeviceWriteBps":null,"BlkioDeviceReadIOps":null,"BlkioDeviceWriteIOps":null,"CpuPeriod":0,"CpuQuota":0,"CpuRealtimePeriod":0,"CpuRealtimeRuntime":0,"CpusetCpus":"","CpusetMems":"","Devices":null,"DeviceCgroupRules":null,"DeviceRequests":null,"KernelMemory":0,"KernelMemoryTCP":0,"MemoryReservation":0,"MemorySwap":0,"MemorySwappiness":null,"OomKillDisable":null,"PidsLimit":null,"Ulimits":null,"CpuCount":0,"CpuPercent":0,"IOMaximumIOps":0,"IOMaximumBandwidth":0,"MaskedPaths":["/proc/asound","/proc/acpi","/proc/kcore","/proc/keys","/proc/latency_stats","/proc/timer_list","/proc/timer_stats","/proc/sched_debug","/proc/scsi","/sys/firmware"],"ReadonlyPaths":["/proc/bus","/proc/fs","/proc/irq","/proc/sys","/proc/sysrq-trigger"]},"GraphDriver":{"Data":{"LowerDir":"/var/lib/docker/overlay2/2c15a904a49807090175d7750f18e0f6a57e99c38a424839679cbaf676a4d500-init/diff:/var/lib/docker/overlay2/1bd8849d7a296305617011f940aa5cfabbe972a513397b1b6bbc27639b6c1f30/diff:/var/lib/docker/overlay2/199d69b2fbf78af4d4c95dec4fd2f8835ab0347eb49fb20ebb2ff3b99fedd6ad/diff:/var/lib/docker/overlay2/d83c38d654989311f75b9491329846033bfb7714de76ef635380dcfad5c740d9/diff:/var/lib/docker/overlay2/08600d0aea2ab2728bebcf5d2589c640a842f53d1ba3c4a4adccb4d03b923cf6/diff:/var/lib/docker/overlay2/9ec7c63a3fb14d13ac788bbf5e282ca821edc41260b79944e5e631037d13ecda/diff:/var/lib/docker/overlay2/db601d7a1b4ea6da638db620462f0da96fa55c559d02269c9ddb09027936ed87/diff:/var/lib/docker/overlay2/a6d2bd03f942e2565f21e74cfe152c7ec836a1c2b583f0790c685b92bdcfda24/diff:/var/lib/docker/overlay2/9badd16ea2c5e2bf1fde8b579683e41137dfc46ed5449234149f199a6751cc84/diff:/var/lib/docker/overlay2/6efb85646ed12e2d1181ef4cc6f6f6732c00c15a4035fe17ebc4f075ca573c30/diff:/var/lib/docker/overlay2/895d7c0ec09144d6ed33936f4e98e11c18010f7abd708cae1ce43aec7a7f2621/diff:/var/lib/docker/overlay2/1c4ba77aa573ab6e5e5069fd15eae71b3da940bde0f97a922a227ffc8a1d1096/diff","MergedDir":"/var/lib/docker/overlay2/2c15a904a49807090175d7750f18e0f6a57e99c38a424839679cbaf676a4d500/merged","UpperDir":"/var/lib/docker/overlay2/2c15a904a49807090175d7750f18e0f6a57e99c38a424839679cbaf676a4d500/diff","WorkDir":"/var/lib/docker/overlay2/2c15a904a49807090175d7750f18e0f6a57e99c38a424839679cbaf676a4d500/work"},"Name":"overlay2"},"Mounts":[{"Type":"volume","Name":"44a9389ce95a2961210e86afd6afe42b23405f43157b5dc00e010d283c01df79","Source":"/var/lib/docker/volumes/44a9389ce95a2961210e86afd6afe42b23405f43157b5dc00e010d283c01df79/_data","Destination":"/var/lib/mysql","Driver":"local","Mode":"","RW":true,"Propagation":""}],"Config":{"Hostname":"c37a42694b7d","Domainname":"","User":"","AttachStdin":false,"AttachStdout":false,"AttachStderr":false,"ExposedPorts":{"3306/tcp":{},"33060/tcp":{}},"Tty":false,"OpenStdin":false,"StdinOnce":false,"Env":["MYSQL_DATABASE=adm_videos","MYSQL_PASSWORD=123456","MYSQL_ROOT_PASSWORD=123456","PATH=/usr/local/sbin:/usr/local/bin:/usr/sbin:/usr/bin:/sbin:/bin","GOSU_VERSION=1.16","MYSQL_MAJOR=8.0","MYSQL_VERSION=8.0.32-1.el8","MYSQL_SHELL_VERSION=8.0.32-1.el8"],"Cmd":["mysqld"],"Image":"mysql:latest","Volumes":{"/var/lib/mysql":{}},"WorkingDir":"","Entrypoint":["docker-entrypoint.sh"],"OnBuild":null,"Labels":{"org.testcontainers":"true","org.testcontainers.lang":"java","org.testcontainers.sessionId":"818a13d9-e138-4e41-b5a4-74fd927e6a2d","org.testcontainers.version":"1.17.6"}},"NetworkSettings":{"Bridge":"","SandboxID":"bd1f3a626f226e407a1a406212013b21c93b302c93f9fd53a405b7fc5ff825b3","HairpinMode":false,"LinkLocalIPv6Address":"","LinkLocalIPv6PrefixLen":0,"Ports":{"3306/tcp":[{"HostIp":"0.0.0.0","HostPort":"56289"}],"33060/tcp":null},"SandboxKey":"/var/run/docker/netns/bd1f3a626f22","SecondaryIPAddresses":null,"SecondaryIPv6Addresses":null,"EndpointID":"a2b725c0c5ce4503f8e45e0c2adc4455b29a53a4866d3f23b2bce893a084641f","Gateway":"172.17.0.1","GlobalIPv6Address":"","GlobalIPv6PrefixLen":0,"IPAddress":"172.17.0.3","IPPrefixLen":16,"IPv6Gateway":"","MacAddress":"02:42:ac:11:00:03","Networks":{"bridge":{"IPAMConfig":null,"Links":null,"Aliases":null,"NetworkID":"308e234c143065751b16b4500cb9f48d5c7fc2116504b3d816a5e51cd4771062","EndpointID":"a2b725c0c5ce4503f8e45e0c2adc4455b29a53a4866d3f23b2bce893a084641f","Gateway":"172.17.0.1","IPAddress":"172.17.0.3","IPPrefixLen":16,"IPv6Gateway":"","GlobalIPv6Address":"","GlobalIPv6PrefixLen":0,"MacAddress":"02:42:ac:11:00:03","DriverOpts":null}}}}[\n]"
23:55:04.323 [Test worker] DEBUG com.github.dockerjava.zerodep.shaded.org.apache.hc.client5.http.wire - http-outgoing-2 << "[\r][\n]"
23:55:04.325 [Test worker] DEBUG com.github.dockerjava.zerodep.shaded.org.apache.hc.client5.http.wire - http-outgoing-2 << "0[\r][\n]"
23:55:04.325 [Test worker] DEBUG com.github.dockerjava.zerodep.shaded.org.apache.hc.client5.http.wire - http-outgoing-2 << "[\r][\n]"
23:55:04.325 [Test worker] DEBUG com.github.dockerjava.zerodep.shaded.org.apache.hc.client5.http.impl.classic.InternalHttpClient - ep-00000015: releasing valid endpoint
23:55:04.325 [Test worker] DEBUG com.github.dockerjava.zerodep.shaded.org.apache.hc.client5.http.impl.io.PoolingHttpClientConnectionManager - ep-00000015: releasing endpoint
23:55:04.325 [Test worker] DEBUG com.github.dockerjava.zerodep.shaded.org.apache.hc.client5.http.impl.io.PoolingHttpClientConnectionManager - ep-00000015: connection http-outgoing-2 can be kept alive for 3 MINUTES
23:55:04.325 [Test worker] DEBUG com.github.dockerjava.zerodep.shaded.org.apache.hc.client5.http.impl.io.PoolingHttpClientConnectionManager - ep-00000015: connection released [route: {}->unix://localhost:2375][total available: 1; route allocated: 1 of 2147483647; total allocated: 1 of 2147483647]
23:55:04.325 [Test worker] DEBUG ]]>&#x1f433;<![CDATA[ [mysql:latest] - Trying to create JDBC connection using com.mysql.cj.jdbc.Driver to jdbc:mysql://localhost:56289/adm_videos?useSSL=false&allowPublicKeyRetrieval=true with properties: {password=123456, user=root}
23:55:04.432 [Test worker] DEBUG org.testcontainers.shaded.com.github.dockerjava.core.command.AbstrDockerCmd - Cmd: c37a42694b7d1cff581f5e7b89a60b044af4721181408c271e821f1413201ca6,false
23:55:04.432 [Test worker] DEBUG org.testcontainers.shaded.com.github.dockerjava.core.exec.InspectContainerCmdExec - GET: DefaultWebTarget{path=[/containers/c37a42694b7d1cff581f5e7b89a60b044af4721181408c271e821f1413201ca6/json], queryParams={}}
23:55:04.433 [Test worker] DEBUG com.github.dockerjava.zerodep.shaded.org.apache.hc.client5.http.impl.classic.InternalHttpClient - ex-00000017: preparing request execution
23:55:04.433 [Test worker] DEBUG com.github.dockerjava.zerodep.shaded.org.apache.hc.client5.http.protocol.RequestAddCookies - Cookie spec selected: strict
23:55:04.433 [Test worker] DEBUG com.github.dockerjava.zerodep.shaded.org.apache.hc.client5.http.protocol.RequestAuthCache - Auth cache not set in the context
23:55:04.433 [Test worker] DEBUG com.github.dockerjava.zerodep.shaded.org.apache.hc.client5.http.impl.classic.ProtocolExec - ex-00000017: target auth state: UNCHALLENGED
23:55:04.433 [Test worker] DEBUG com.github.dockerjava.zerodep.shaded.org.apache.hc.client5.http.impl.classic.ProtocolExec - ex-00000017: proxy auth state: UNCHALLENGED
23:55:04.433 [Test worker] DEBUG com.github.dockerjava.zerodep.shaded.org.apache.hc.client5.http.impl.classic.ConnectExec - ex-00000017: acquiring connection with route {}->unix://localhost:2375
23:55:04.433 [Test worker] DEBUG com.github.dockerjava.zerodep.shaded.org.apache.hc.client5.http.impl.classic.InternalHttpClient - ex-00000017: acquiring endpoint (3 MINUTES)
23:55:04.433 [Test worker] DEBUG com.github.dockerjava.zerodep.shaded.org.apache.hc.client5.http.impl.io.PoolingHttpClientConnectionManager - ex-00000017: endpoint lease request (3 MINUTES) [route: {}->unix://localhost:2375][total available: 1; route allocated: 1 of 2147483647; total allocated: 1 of 2147483647]
23:55:04.433 [Test worker] DEBUG com.github.dockerjava.zerodep.shaded.org.apache.hc.client5.http.impl.io.PoolingHttpClientConnectionManager - ex-00000017: endpoint leased [route: {}->unix://localhost:2375][total available: 0; route allocated: 1 of 2147483647; total allocated: 1 of 2147483647]
23:55:04.433 [Test worker] DEBUG com.github.dockerjava.zerodep.shaded.org.apache.hc.client5.http.impl.io.PoolingHttpClientConnectionManager - ex-00000017: acquired ep-00000016
23:55:04.434 [Test worker] DEBUG com.github.dockerjava.zerodep.shaded.org.apache.hc.client5.http.impl.classic.InternalHttpClient - ex-00000017: acquired endpoint ep-00000016
23:55:04.434 [Test worker] DEBUG com.github.dockerjava.zerodep.shaded.org.apache.hc.client5.http.impl.classic.MainClientExec - ex-00000017: executing GET /v1.32/containers/c37a42694b7d1cff581f5e7b89a60b044af4721181408c271e821f1413201ca6/json HTTP/1.1
23:55:04.434 [Test worker] DEBUG com.github.dockerjava.zerodep.shaded.org.apache.hc.client5.http.impl.classic.InternalHttpClient - ep-00000016: start execution ex-00000017
23:55:04.434 [Test worker] DEBUG com.github.dockerjava.zerodep.shaded.org.apache.hc.client5.http.impl.io.PoolingHttpClientConnectionManager - ep-00000016: executing exchange ex-00000017 over http-outgoing-2
23:55:04.434 [Test worker] DEBUG com.github.dockerjava.zerodep.shaded.org.apache.hc.client5.http.headers - http-outgoing-2 >> GET /v1.32/containers/c37a42694b7d1cff581f5e7b89a60b044af4721181408c271e821f1413201ca6/json HTTP/1.1
23:55:04.434 [Test worker] DEBUG com.github.dockerjava.zerodep.shaded.org.apache.hc.client5.http.headers - http-outgoing-2 >> accept: application/json
23:55:04.434 [Test worker] DEBUG com.github.dockerjava.zerodep.shaded.org.apache.hc.client5.http.headers - http-outgoing-2 >> x-tc-sid: 818a13d9-e138-4e41-b5a4-74fd927e6a2d
23:55:04.434 [Test worker] DEBUG com.github.dockerjava.zerodep.shaded.org.apache.hc.client5.http.headers - http-outgoing-2 >> Accept-Encoding: gzip, x-gzip, deflate
23:55:04.434 [Test worker] DEBUG com.github.dockerjava.zerodep.shaded.org.apache.hc.client5.http.headers - http-outgoing-2 >> Host: localhost:2375
23:55:04.434 [Test worker] DEBUG com.github.dockerjava.zerodep.shaded.org.apache.hc.client5.http.headers - http-outgoing-2 >> Connection: keep-alive
23:55:04.434 [Test worker] DEBUG com.github.dockerjava.zerodep.shaded.org.apache.hc.client5.http.headers - http-outgoing-2 >> User-Agent: Apache-HttpClient/5.0.3 (Java/17.0.2)
23:55:04.434 [Test worker] DEBUG com.github.dockerjava.zerodep.shaded.org.apache.hc.client5.http.wire - http-outgoing-2 >> "GET /v1.32/containers/c37a42694b7d1cff581f5e7b89a60b044af4721181408c271e821f1413201ca6/json HTTP/1.1[\r][\n]"
23:55:04.434 [Test worker] DEBUG com.github.dockerjava.zerodep.shaded.org.apache.hc.client5.http.wire - http-outgoing-2 >> "accept: application/json[\r][\n]"
23:55:04.434 [Test worker] DEBUG com.github.dockerjava.zerodep.shaded.org.apache.hc.client5.http.wire - http-outgoing-2 >> "x-tc-sid: 818a13d9-e138-4e41-b5a4-74fd927e6a2d[\r][\n]"
23:55:04.434 [Test worker] DEBUG com.github.dockerjava.zerodep.shaded.org.apache.hc.client5.http.wire - http-outgoing-2 >> "Accept-Encoding: gzip, x-gzip, deflate[\r][\n]"
23:55:04.434 [Test worker] DEBUG com.github.dockerjava.zerodep.shaded.org.apache.hc.client5.http.wire - http-outgoing-2 >> "Host: localhost:2375[\r][\n]"
23:55:04.434 [Test worker] DEBUG com.github.dockerjava.zerodep.shaded.org.apache.hc.client5.http.wire - http-outgoing-2 >> "Connection: keep-alive[\r][\n]"
23:55:04.434 [Test worker] DEBUG com.github.dockerjava.zerodep.shaded.org.apache.hc.client5.http.wire - http-outgoing-2 >> "User-Agent: Apache-HttpClient/5.0.3 (Java/17.0.2)[\r][\n]"
23:55:04.434 [Test worker] DEBUG com.github.dockerjava.zerodep.shaded.org.apache.hc.client5.http.wire - http-outgoing-2 >> "[\r][\n]"
23:55:04.438 [Test worker] DEBUG com.github.dockerjava.zerodep.shaded.org.apache.hc.client5.http.wire - http-outgoing-2 << "HTTP/1.1 200 OK[\r][\n]"
23:55:04.438 [Test worker] DEBUG com.github.dockerjava.zerodep.shaded.org.apache.hc.client5.http.wire - http-outgoing-2 << "Api-Version: 1.41[\r][\n]"
23:55:04.438 [Test worker] DEBUG com.github.dockerjava.zerodep.shaded.org.apache.hc.client5.http.wire - http-outgoing-2 << "Content-Type: application/json[\r][\n]"
23:55:04.438 [Test worker] DEBUG com.github.dockerjava.zerodep.shaded.org.apache.hc.client5.http.wire - http-outgoing-2 << "Date: Mon, 27 Mar 2023 02:55:04 GMT[\r][\n]"
23:55:04.438 [Test worker] DEBUG com.github.dockerjava.zerodep.shaded.org.apache.hc.client5.http.wire - http-outgoing-2 << "Docker-Experimental: false[\r][\n]"
23:55:04.438 [Test worker] DEBUG com.github.dockerjava.zerodep.shaded.org.apache.hc.client5.http.wire - http-outgoing-2 << "Ostype: linux[\r][\n]"
23:55:04.438 [Test worker] DEBUG com.github.dockerjava.zerodep.shaded.org.apache.hc.client5.http.wire - http-outgoing-2 << "Server: Docker/20.10.21 (linux)[\r][\n]"
23:55:04.438 [Test worker] DEBUG com.github.dockerjava.zerodep.shaded.org.apache.hc.client5.http.wire - http-outgoing-2 << "Transfer-Encoding: chunked[\r][\n]"
23:55:04.438 [Test worker] DEBUG com.github.dockerjava.zerodep.shaded.org.apache.hc.client5.http.wire - http-outgoing-2 << "[\r][\n]"
23:55:04.438 [Test worker] DEBUG com.github.dockerjava.zerodep.shaded.org.apache.hc.client5.http.headers - http-outgoing-2 << HTTP/1.1 200 OK
23:55:04.438 [Test worker] DEBUG com.github.dockerjava.zerodep.shaded.org.apache.hc.client5.http.headers - http-outgoing-2 << Api-Version: 1.41
23:55:04.438 [Test worker] DEBUG com.github.dockerjava.zerodep.shaded.org.apache.hc.client5.http.headers - http-outgoing-2 << Content-Type: application/json
23:55:04.438 [Test worker] DEBUG com.github.dockerjava.zerodep.shaded.org.apache.hc.client5.http.headers - http-outgoing-2 << Date: Mon, 27 Mar 2023 02:55:04 GMT
23:55:04.438 [Test worker] DEBUG com.github.dockerjava.zerodep.shaded.org.apache.hc.client5.http.headers - http-outgoing-2 << Docker-Experimental: false
23:55:04.438 [Test worker] DEBUG com.github.dockerjava.zerodep.shaded.org.apache.hc.client5.http.headers - http-outgoing-2 << Ostype: linux
23:55:04.438 [Test worker] DEBUG com.github.dockerjava.zerodep.shaded.org.apache.hc.client5.http.headers - http-outgoing-2 << Server: Docker/20.10.21 (linux)
23:55:04.438 [Test worker] DEBUG com.github.dockerjava.zerodep.shaded.org.apache.hc.client5.http.headers - http-outgoing-2 << Transfer-Encoding: chunked
23:55:04.439 [Test worker] DEBUG com.github.dockerjava.zerodep.shaded.org.apache.hc.client5.http.impl.classic.MainClientExec - ex-00000017: connection can be kept alive for 3 MINUTES
23:55:04.440 [Test worker] DEBUG com.github.dockerjava.zerodep.shaded.org.apache.hc.client5.http.wire - http-outgoing-2 << "18c1[\r][\n]"
23:55:04.440 [Test worker] DEBUG com.github.dockerjava.zerodep.shaded.org.apache.hc.client5.http.wire - http-outgoing-2 << "{"Id":"c37a42694b7d1cff581f5e7b89a60b044af4721181408c271e821f1413201ca6","Created":"2023-03-27T02:55:02.49734542Z","Path":"docker-entrypoint.sh","Args":["mysqld"],"State":{"Status":"running","Running":true,"Paused":false,"Restarting":false,"OOMKilled":false,"Dead":false,"Pid":18342,"ExitCode":0,"Error":"","StartedAt":"2023-03-27T02:55:03.12719392Z","FinishedAt":"0001-01-01T00:00:00Z"},"Image":"sha256:c7c54c29e20dccc1aefb936c8eba8bb8b98b87a4921102aba87fde2df5810af9","ResolvConfPath":"/var/lib/docker/containers/c37a42694b7d1cff581f5e7b89a60b044af4721181408c271e821f1413201ca6/resolv.conf","HostnamePath":"/var/lib/docker/containers/c37a42694b7d1cff581f5e7b89a60b044af4721181408c271e821f1413201ca6/hostname","HostsPath":"/var/lib/docker/containers/c37a42694b7d1cff581f5e7b89a60b044af4721181408c271e821f1413201ca6/hosts","LogPath":"/var/lib/docker/containers/c37a42694b7d1cff581f5e7b89a60b044af4721181408c271e821f1413201ca6/c37a42694b7d1cff581f5e7b89a60b044af4721181408c271e821f1413201ca6-json.log","Name":"/elegant_mahavira","RestartCount":0,"Driver":"overlay2","Platform":"linux","MountLabel":"","ProcessLabel":"","AppArmorProfile":"","ExecIDs":null,"HostConfig":{"Binds":[],"ContainerIDFile":"","LogConfig":{"Type":"json-file","Config":{}},"NetworkMode":"default","PortBindings":{"3306/tcp":[{"HostIp":"0.0.0.0","HostPort":"0"}]},"RestartPolicy":{"Name":"","MaximumRetryCount":0},"AutoRemove":false,"VolumeDriver":"","VolumesFrom":[],"CapAdd":null,"CapDrop":null,"CgroupnsMode":"private","Dns":null,"DnsOptions":null,"DnsSearch":null,"ExtraHosts":[],"GroupAdd":null,"IpcMode":"shareable","Cgroup":"","Links":null,"OomScoreAdj":0,"PidMode":"","Privileged":false,"PublishAllPorts":false,"ReadonlyRootfs":false,"SecurityOpt":null,"UTSMode":"","UsernsMode":"","ShmSize":67108864,"Runtime":"runc","ConsoleSize":[0,0],"Isolation":"","CpuShares":0,"Memory":0,"NanoCpus":0,"CgroupParent":"","BlkioWeight":0,"BlkioWeightDevice":null,"BlkioDeviceReadBps":null,"BlkioDeviceWriteBps":null,"BlkioDeviceReadIOps":null,"BlkioDeviceWriteIOps":null,"CpuPeriod":0,"CpuQuota":0,"CpuRealtimePeriod":0,"CpuRealtimeRuntime":0,"CpusetCpus":"","CpusetMems":"","Devices":null,"DeviceCgroupRules":null,"DeviceRequests":null,"KernelMemory":0,"KernelMemoryTCP":0,"MemoryReservation":0,"MemorySwap":0,"MemorySwappiness":null,"OomKillDisable":null,"PidsLimit":null,"Ulimits":null,"CpuCount":0,"CpuPercent":0,"IOMaximumIOps":0,"IOMaximumBandwidth":0,"MaskedPaths":["/proc/asound","/proc/acpi","/proc/kcore","/proc/keys","/proc/latency_stats","/proc/timer_list","/proc/timer_stats","/proc/sched_debug","/proc/scsi","/sys/firmware"],"ReadonlyPaths":["/proc/bus","/proc/fs","/proc/irq","/proc/sys","/proc/sysrq-trigger"]},"GraphDriver":{"Data":{"LowerDir":"/var/lib/docker/overlay2/2c15a904a49807090175d7750f18e0f6a57e99c38a424839679cbaf676a4d500-init/diff:/var/lib/docker/overlay2/1bd8849d7a296305617011f940aa5cfabbe972a513397b1b6bbc27639b6c1f30/diff:/var/lib/docker/overlay2/199d69b2fbf78af4d4c95dec4fd2f8835ab0347eb49fb20ebb2ff3b99fedd6ad/diff:/var/lib/docker/overlay2/d83c38d654989311f75b9491329846033bfb7714de76ef635380dcfad5c740d9/diff:/var/lib/docker/overlay2/08600d0aea2ab2728bebcf5d2589c640a842f53d1ba3c4a4adccb4d03b923cf6/diff:/var/lib/docker/overlay2/9ec7c63a3fb14d13ac788bbf5e282ca821edc41260b79944e5e631037d13ecda/diff:/var/lib/docker/overlay2/db601d7a1b4ea6da638db620462f0da96fa55c559d02269c9ddb09027936ed87/diff:/var/lib/docker/overlay2/a6d2bd03f942e2565f21e74cfe152c7ec836a1c2b583f0790c685b92bdcfda24/diff:/var/lib/docker/overlay2/9badd16ea2c5e2bf1fde8b579683e41137dfc46ed5449234149f199a6751cc84/diff:/var/lib/docker/overlay2/6efb85646ed12e2d1181ef4cc6f6f6732c00c15a4035fe17ebc4f075ca573c30/diff:/var/lib/docker/overlay2/895d7c0ec09144d6ed33936f4e98e11c18010f7abd708cae1ce43aec7a7f2621/diff:/var/lib/docker/overlay2/1c4ba77aa573ab6e5e5069fd15eae71b3da940bde0f97a922a227ffc8a1d1096/diff","MergedDir":"/var/lib/docker/overlay2/2c15a904a49807090175d7750f18e0f6a57e99c38a424839679cbaf676a4d500/merged","UpperDir":"/var/lib/docker/overlay2/2c15a904a49807090175d7750f18e0f6a57e99c38a424839679cbaf676a4d500/diff","WorkDir":"/var/lib/docker/overlay2/2c15a904a49807090175d7750f18e0f6a57e99c38a424839679cbaf676a4d500/work"},"Name":"overlay2"},"Mounts":[{"Type":"volume","Name":"44a9389ce95a2961210e86afd6afe42b23405f43157b5dc00e010d283c01df79","Source":"/var/lib/docker/volumes/44a9389ce95a2961210e86afd6afe42b23405f43157b5dc00e010d283c01df79/_data","Destination":"/var/lib/mysql","Driver":"local","Mode":"","RW":true,"Propagation":""}],"Config":{"Hostname":"c37a42694b7d","Domainname":"","User":"","AttachStdin":false,"AttachStdout":false,"AttachStderr":false,"ExposedPorts":{"3306/tcp":{},"33060/tcp":{}},"Tty":false,"OpenStdin":false,"StdinOnce":false,"Env":["MYSQL_DATABASE=adm_videos","MYSQL_PASSWORD=123456","MYSQL_ROOT_PASSWORD=123456","PATH=/usr/local/sbin:/usr/local/bin:/usr/sbin:/usr/bin:/sbin:/bin","GOSU_VERSION=1.16","MYSQL_MAJOR=8.0","MYSQL_VERSION=8.0.32-1.el8","MYSQL_SHELL_VERSION=8.0.32-1.el8"],"Cmd":["mysqld"],"Image":"mysql:latest","Volumes":{"/var/lib/mysql":{}},"WorkingDir":"","Entrypoint":["docker-entrypoint.sh"],"OnBuild":null,"Labels":{"org.testcontainers":"true","org.testcontainers.lang":"java","org.testcontainers.sessionId":"818a13d9-e138-4e41-b5a4-74fd927e6a2d","org.testcontainers.version":"1.17.6"}},"NetworkSettings":{"Bridge":"","SandboxID":"bd1f3a626f226e407a1a406212013b21c93b302c93f9fd53a405b7fc5ff825b3","HairpinMode":false,"LinkLocalIPv6Address":"","LinkLocalIPv6PrefixLen":0,"Ports":{"3306/tcp":[{"HostIp":"0.0.0.0","HostPort":"56289"}],"33060/tcp":null},"SandboxKey":"/var/run/docker/netns/bd1f3a626f22","SecondaryIPAddresses":null,"SecondaryIPv6Addresses":null,"EndpointID":"a2b725c0c5ce4503f8e45e0c2adc4455b29a53a4866d3f23b2bce893a084641f","Gateway":"172.17.0.1","GlobalIPv6Address":"","GlobalIPv6PrefixLen":0,"IPAddress":"172.17.0.3","IPPrefixLen":16,"IPv6Gateway":"","MacAddress":"02:42:ac:11:00:03","Networks":{"bridge":{"IPAMConfig":null,"Links":null,"Aliases":null,"NetworkID":"308e234c143065751b16b4500cb9f48d5c7fc2116504b3d816a5e51cd4771062","EndpointID":"a2b725c0c5ce4503f8e45e0c2adc4455b29a53a4866d3f23b2bce893a084641f","Gateway":"172.17.0.1","IPAddress":"172.17.0.3","IPPrefixLen":16,"IPv6Gateway":"","GlobalIPv6Address":"","GlobalIPv6PrefixLen":0,"MacAddress":"02:42:ac:11:00:03","DriverOpts":null}}}}[\n]"
23:55:04.440 [Test worker] DEBUG com.github.dockerjava.zerodep.shaded.org.apache.hc.client5.http.wire - http-outgoing-2 << "[\r][\n]"
23:55:04.440 [Test worker] DEBUG com.github.dockerjava.zerodep.shaded.org.apache.hc.client5.http.wire - http-outgoing-2 << "0[\r][\n]"
23:55:04.441 [Test worker] DEBUG com.github.dockerjava.zerodep.shaded.org.apache.hc.client5.http.wire - http-outgoing-2 << "[\r][\n]"
23:55:04.441 [Test worker] DEBUG com.github.dockerjava.zerodep.shaded.org.apache.hc.client5.http.impl.classic.InternalHttpClient - ep-00000016: releasing valid endpoint
23:55:04.441 [Test worker] DEBUG com.github.dockerjava.zerodep.shaded.org.apache.hc.client5.http.impl.io.PoolingHttpClientConnectionManager - ep-00000016: releasing endpoint
23:55:04.442 [Test worker] DEBUG com.github.dockerjava.zerodep.shaded.org.apache.hc.client5.http.impl.io.PoolingHttpClientConnectionManager - ep-00000016: connection http-outgoing-2 can be kept alive for 3 MINUTES
23:55:04.442 [Test worker] DEBUG com.github.dockerjava.zerodep.shaded.org.apache.hc.client5.http.impl.io.PoolingHttpClientConnectionManager - ep-00000016: connection released [route: {}->unix://localhost:2375][total available: 1; route allocated: 1 of 2147483647; total allocated: 1 of 2147483647]
23:55:04.442 [Test worker] DEBUG ]]>&#x1f433;<![CDATA[ [mysql:latest] - Trying to create JDBC connection using com.mysql.cj.jdbc.Driver to jdbc:mysql://localhost:56289/adm_videos?useSSL=false&allowPublicKeyRetrieval=true with properties: {password=123456, user=root}
23:55:04.550 [Test worker] DEBUG org.testcontainers.shaded.com.github.dockerjava.core.command.AbstrDockerCmd - Cmd: c37a42694b7d1cff581f5e7b89a60b044af4721181408c271e821f1413201ca6,false
23:55:04.550 [Test worker] DEBUG org.testcontainers.shaded.com.github.dockerjava.core.exec.InspectContainerCmdExec - GET: DefaultWebTarget{path=[/containers/c37a42694b7d1cff581f5e7b89a60b044af4721181408c271e821f1413201ca6/json], queryParams={}}
23:55:04.551 [Test worker] DEBUG com.github.dockerjava.zerodep.shaded.org.apache.hc.client5.http.impl.classic.InternalHttpClient - ex-00000018: preparing request execution
23:55:04.551 [Test worker] DEBUG com.github.dockerjava.zerodep.shaded.org.apache.hc.client5.http.protocol.RequestAddCookies - Cookie spec selected: strict
23:55:04.551 [Test worker] DEBUG com.github.dockerjava.zerodep.shaded.org.apache.hc.client5.http.protocol.RequestAuthCache - Auth cache not set in the context
23:55:04.551 [Test worker] DEBUG com.github.dockerjava.zerodep.shaded.org.apache.hc.client5.http.impl.classic.ProtocolExec - ex-00000018: target auth state: UNCHALLENGED
23:55:04.551 [Test worker] DEBUG com.github.dockerjava.zerodep.shaded.org.apache.hc.client5.http.impl.classic.ProtocolExec - ex-00000018: proxy auth state: UNCHALLENGED
23:55:04.551 [Test worker] DEBUG com.github.dockerjava.zerodep.shaded.org.apache.hc.client5.http.impl.classic.ConnectExec - ex-00000018: acquiring connection with route {}->unix://localhost:2375
23:55:04.551 [Test worker] DEBUG com.github.dockerjava.zerodep.shaded.org.apache.hc.client5.http.impl.classic.InternalHttpClient - ex-00000018: acquiring endpoint (3 MINUTES)
23:55:04.551 [Test worker] DEBUG com.github.dockerjava.zerodep.shaded.org.apache.hc.client5.http.impl.io.PoolingHttpClientConnectionManager - ex-00000018: endpoint lease request (3 MINUTES) [route: {}->unix://localhost:2375][total available: 1; route allocated: 1 of 2147483647; total allocated: 1 of 2147483647]
23:55:04.551 [Test worker] DEBUG com.github.dockerjava.zerodep.shaded.org.apache.hc.client5.http.impl.io.PoolingHttpClientConnectionManager - ex-00000018: endpoint leased [route: {}->unix://localhost:2375][total available: 0; route allocated: 1 of 2147483647; total allocated: 1 of 2147483647]
23:55:04.551 [Test worker] DEBUG com.github.dockerjava.zerodep.shaded.org.apache.hc.client5.http.impl.io.PoolingHttpClientConnectionManager - ex-00000018: acquired ep-00000017
23:55:04.551 [Test worker] DEBUG com.github.dockerjava.zerodep.shaded.org.apache.hc.client5.http.impl.classic.InternalHttpClient - ex-00000018: acquired endpoint ep-00000017
23:55:04.551 [Test worker] DEBUG com.github.dockerjava.zerodep.shaded.org.apache.hc.client5.http.impl.classic.MainClientExec - ex-00000018: executing GET /v1.32/containers/c37a42694b7d1cff581f5e7b89a60b044af4721181408c271e821f1413201ca6/json HTTP/1.1
23:55:04.551 [Test worker] DEBUG com.github.dockerjava.zerodep.shaded.org.apache.hc.client5.http.impl.classic.InternalHttpClient - ep-00000017: start execution ex-00000018
23:55:04.551 [Test worker] DEBUG com.github.dockerjava.zerodep.shaded.org.apache.hc.client5.http.impl.io.PoolingHttpClientConnectionManager - ep-00000017: executing exchange ex-00000018 over http-outgoing-2
23:55:04.551 [Test worker] DEBUG com.github.dockerjava.zerodep.shaded.org.apache.hc.client5.http.headers - http-outgoing-2 >> GET /v1.32/containers/c37a42694b7d1cff581f5e7b89a60b044af4721181408c271e821f1413201ca6/json HTTP/1.1
23:55:04.551 [Test worker] DEBUG com.github.dockerjava.zerodep.shaded.org.apache.hc.client5.http.headers - http-outgoing-2 >> accept: application/json
23:55:04.551 [Test worker] DEBUG com.github.dockerjava.zerodep.shaded.org.apache.hc.client5.http.headers - http-outgoing-2 >> x-tc-sid: 818a13d9-e138-4e41-b5a4-74fd927e6a2d
23:55:04.551 [Test worker] DEBUG com.github.dockerjava.zerodep.shaded.org.apache.hc.client5.http.headers - http-outgoing-2 >> Accept-Encoding: gzip, x-gzip, deflate
23:55:04.551 [Test worker] DEBUG com.github.dockerjava.zerodep.shaded.org.apache.hc.client5.http.headers - http-outgoing-2 >> Host: localhost:2375
23:55:04.551 [Test worker] DEBUG com.github.dockerjava.zerodep.shaded.org.apache.hc.client5.http.headers - http-outgoing-2 >> Connection: keep-alive
23:55:04.551 [Test worker] DEBUG com.github.dockerjava.zerodep.shaded.org.apache.hc.client5.http.headers - http-outgoing-2 >> User-Agent: Apache-HttpClient/5.0.3 (Java/17.0.2)
23:55:04.551 [Test worker] DEBUG com.github.dockerjava.zerodep.shaded.org.apache.hc.client5.http.wire - http-outgoing-2 >> "GET /v1.32/containers/c37a42694b7d1cff581f5e7b89a60b044af4721181408c271e821f1413201ca6/json HTTP/1.1[\r][\n]"
23:55:04.551 [Test worker] DEBUG com.github.dockerjava.zerodep.shaded.org.apache.hc.client5.http.wire - http-outgoing-2 >> "accept: application/json[\r][\n]"
23:55:04.551 [Test worker] DEBUG com.github.dockerjava.zerodep.shaded.org.apache.hc.client5.http.wire - http-outgoing-2 >> "x-tc-sid: 818a13d9-e138-4e41-b5a4-74fd927e6a2d[\r][\n]"
23:55:04.551 [Test worker] DEBUG com.github.dockerjava.zerodep.shaded.org.apache.hc.client5.http.wire - http-outgoing-2 >> "Accept-Encoding: gzip, x-gzip, deflate[\r][\n]"
23:55:04.551 [Test worker] DEBUG com.github.dockerjava.zerodep.shaded.org.apache.hc.client5.http.wire - http-outgoing-2 >> "Host: localhost:2375[\r][\n]"
23:55:04.551 [Test worker] DEBUG com.github.dockerjava.zerodep.shaded.org.apache.hc.client5.http.wire - http-outgoing-2 >> "Connection: keep-alive[\r][\n]"
23:55:04.551 [Test worker] DEBUG com.github.dockerjava.zerodep.shaded.org.apache.hc.client5.http.wire - http-outgoing-2 >> "User-Agent: Apache-HttpClient/5.0.3 (Java/17.0.2)[\r][\n]"
23:55:04.551 [Test worker] DEBUG com.github.dockerjava.zerodep.shaded.org.apache.hc.client5.http.wire - http-outgoing-2 >> "[\r][\n]"
23:55:04.554 [Test worker] DEBUG com.github.dockerjava.zerodep.shaded.org.apache.hc.client5.http.wire - http-outgoing-2 << "HTTP/1.1 200 OK[\r][\n]"
23:55:04.554 [Test worker] DEBUG com.github.dockerjava.zerodep.shaded.org.apache.hc.client5.http.wire - http-outgoing-2 << "Api-Version: 1.41[\r][\n]"
23:55:04.554 [Test worker] DEBUG com.github.dockerjava.zerodep.shaded.org.apache.hc.client5.http.wire - http-outgoing-2 << "Content-Type: application/json[\r][\n]"
23:55:04.554 [Test worker] DEBUG com.github.dockerjava.zerodep.shaded.org.apache.hc.client5.http.wire - http-outgoing-2 << "Date: Mon, 27 Mar 2023 02:55:04 GMT[\r][\n]"
23:55:04.554 [Test worker] DEBUG com.github.dockerjava.zerodep.shaded.org.apache.hc.client5.http.wire - http-outgoing-2 << "Docker-Experimental: false[\r][\n]"
23:55:04.555 [Test worker] DEBUG com.github.dockerjava.zerodep.shaded.org.apache.hc.client5.http.wire - http-outgoing-2 << "Ostype: linux[\r][\n]"
23:55:04.555 [Test worker] DEBUG com.github.dockerjava.zerodep.shaded.org.apache.hc.client5.http.wire - http-outgoing-2 << "Server: Docker/20.10.21 (linux)[\r][\n]"
23:55:04.555 [Test worker] DEBUG com.github.dockerjava.zerodep.shaded.org.apache.hc.client5.http.wire - http-outgoing-2 << "Transfer-Encoding: chunked[\r][\n]"
23:55:04.555 [Test worker] DEBUG com.github.dockerjava.zerodep.shaded.org.apache.hc.client5.http.wire - http-outgoing-2 << "[\r][\n]"
23:55:04.555 [Test worker] DEBUG com.github.dockerjava.zerodep.shaded.org.apache.hc.client5.http.headers - http-outgoing-2 << HTTP/1.1 200 OK
23:55:04.555 [Test worker] DEBUG com.github.dockerjava.zerodep.shaded.org.apache.hc.client5.http.headers - http-outgoing-2 << Api-Version: 1.41
23:55:04.555 [Test worker] DEBUG com.github.dockerjava.zerodep.shaded.org.apache.hc.client5.http.headers - http-outgoing-2 << Content-Type: application/json
23:55:04.555 [Test worker] DEBUG com.github.dockerjava.zerodep.shaded.org.apache.hc.client5.http.headers - http-outgoing-2 << Date: Mon, 27 Mar 2023 02:55:04 GMT
23:55:04.555 [Test worker] DEBUG com.github.dockerjava.zerodep.shaded.org.apache.hc.client5.http.headers - http-outgoing-2 << Docker-Experimental: false
23:55:04.555 [Test worker] DEBUG com.github.dockerjava.zerodep.shaded.org.apache.hc.client5.http.headers - http-outgoing-2 << Ostype: linux
23:55:04.555 [Test worker] DEBUG com.github.dockerjava.zerodep.shaded.org.apache.hc.client5.http.headers - http-outgoing-2 << Server: Docker/20.10.21 (linux)
23:55:04.555 [Test worker] DEBUG com.github.dockerjava.zerodep.shaded.org.apache.hc.client5.http.headers - http-outgoing-2 << Transfer-Encoding: chunked
23:55:04.555 [Test worker] DEBUG com.github.dockerjava.zerodep.shaded.org.apache.hc.client5.http.impl.classic.MainClientExec - ex-00000018: connection can be kept alive for 3 MINUTES
23:55:04.556 [Test worker] DEBUG com.github.dockerjava.zerodep.shaded.org.apache.hc.client5.http.wire - http-outgoing-2 << "18c1[\r][\n]"
23:55:04.557 [Test worker] DEBUG com.github.dockerjava.zerodep.shaded.org.apache.hc.client5.http.wire - http-outgoing-2 << "{"Id":"c37a42694b7d1cff581f5e7b89a60b044af4721181408c271e821f1413201ca6","Created":"2023-03-27T02:55:02.49734542Z","Path":"docker-entrypoint.sh","Args":["mysqld"],"State":{"Status":"running","Running":true,"Paused":false,"Restarting":false,"OOMKilled":false,"Dead":false,"Pid":18342,"ExitCode":0,"Error":"","StartedAt":"2023-03-27T02:55:03.12719392Z","FinishedAt":"0001-01-01T00:00:00Z"},"Image":"sha256:c7c54c29e20dccc1aefb936c8eba8bb8b98b87a4921102aba87fde2df5810af9","ResolvConfPath":"/var/lib/docker/containers/c37a42694b7d1cff581f5e7b89a60b044af4721181408c271e821f1413201ca6/resolv.conf","HostnamePath":"/var/lib/docker/containers/c37a42694b7d1cff581f5e7b89a60b044af4721181408c271e821f1413201ca6/hostname","HostsPath":"/var/lib/docker/containers/c37a42694b7d1cff581f5e7b89a60b044af4721181408c271e821f1413201ca6/hosts","LogPath":"/var/lib/docker/containers/c37a42694b7d1cff581f5e7b89a60b044af4721181408c271e821f1413201ca6/c37a42694b7d1cff581f5e7b89a60b044af4721181408c271e821f1413201ca6-json.log","Name":"/elegant_mahavira","RestartCount":0,"Driver":"overlay2","Platform":"linux","MountLabel":"","ProcessLabel":"","AppArmorProfile":"","ExecIDs":null,"HostConfig":{"Binds":[],"ContainerIDFile":"","LogConfig":{"Type":"json-file","Config":{}},"NetworkMode":"default","PortBindings":{"3306/tcp":[{"HostIp":"0.0.0.0","HostPort":"0"}]},"RestartPolicy":{"Name":"","MaximumRetryCount":0},"AutoRemove":false,"VolumeDriver":"","VolumesFrom":[],"CapAdd":null,"CapDrop":null,"CgroupnsMode":"private","Dns":null,"DnsOptions":null,"DnsSearch":null,"ExtraHosts":[],"GroupAdd":null,"IpcMode":"shareable","Cgroup":"","Links":null,"OomScoreAdj":0,"PidMode":"","Privileged":false,"PublishAllPorts":false,"ReadonlyRootfs":false,"SecurityOpt":null,"UTSMode":"","UsernsMode":"","ShmSize":67108864,"Runtime":"runc","ConsoleSize":[0,0],"Isolation":"","CpuShares":0,"Memory":0,"NanoCpus":0,"CgroupParent":"","BlkioWeight":0,"BlkioWeightDevice":null,"BlkioDeviceReadBps":null,"BlkioDeviceWriteBps":null,"BlkioDeviceReadIOps":null,"BlkioDeviceWriteIOps":null,"CpuPeriod":0,"CpuQuota":0,"CpuRealtimePeriod":0,"CpuRealtimeRuntime":0,"CpusetCpus":"","CpusetMems":"","Devices":null,"DeviceCgroupRules":null,"DeviceRequests":null,"KernelMemory":0,"KernelMemoryTCP":0,"MemoryReservation":0,"MemorySwap":0,"MemorySwappiness":null,"OomKillDisable":null,"PidsLimit":null,"Ulimits":null,"CpuCount":0,"CpuPercent":0,"IOMaximumIOps":0,"IOMaximumBandwidth":0,"MaskedPaths":["/proc/asound","/proc/acpi","/proc/kcore","/proc/keys","/proc/latency_stats","/proc/timer_list","/proc/timer_stats","/proc/sched_debug","/proc/scsi","/sys/firmware"],"ReadonlyPaths":["/proc/bus","/proc/fs","/proc/irq","/proc/sys","/proc/sysrq-trigger"]},"GraphDriver":{"Data":{"LowerDir":"/var/lib/docker/overlay2/2c15a904a49807090175d7750f18e0f6a57e99c38a424839679cbaf676a4d500-init/diff:/var/lib/docker/overlay2/1bd8849d7a296305617011f940aa5cfabbe972a513397b1b6bbc27639b6c1f30/diff:/var/lib/docker/overlay2/199d69b2fbf78af4d4c95dec4fd2f8835ab0347eb49fb20ebb2ff3b99fedd6ad/diff:/var/lib/docker/overlay2/d83c38d654989311f75b9491329846033bfb7714de76ef635380dcfad5c740d9/diff:/var/lib/docker/overlay2/08600d0aea2ab2728bebcf5d2589c640a842f53d1ba3c4a4adccb4d03b923cf6/diff:/var/lib/docker/overlay2/9ec7c63a3fb14d13ac788bbf5e282ca821edc41260b79944e5e631037d13ecda/diff:/var/lib/docker/overlay2/db601d7a1b4ea6da638db620462f0da96fa55c559d02269c9ddb09027936ed87/diff:/var/lib/docker/overlay2/a6d2bd03f942e2565f21e74cfe152c7ec836a1c2b583f0790c685b92bdcfda24/diff:/var/lib/docker/overlay2/9badd16ea2c5e2bf1fde8b579683e41137dfc46ed5449234149f199a6751cc84/diff:/var/lib/docker/overlay2/6efb85646ed12e2d1181ef4cc6f6f6732c00c15a4035fe17ebc4f075ca573c30/diff:/var/lib/docker/overlay2/895d7c0ec09144d6ed33936f4e98e11c18010f7abd708cae1ce43aec7a7f2621/diff:/var/lib/docker/overlay2/1c4ba77aa573ab6e5e5069fd15eae71b3da940bde0f97a922a227ffc8a1d1096/diff","MergedDir":"/var/lib/docker/overlay2/2c15a904a49807090175d7750f18e0f6a57e99c38a424839679cbaf676a4d500/merged","UpperDir":"/var/lib/docker/overlay2/2c15a904a49807090175d7750f18e0f6a57e99c38a424839679cbaf676a4d500/diff","WorkDir":"/var/lib/docker/overlay2/2c15a904a49807090175d7750f18e0f6a57e99c38a424839679cbaf676a4d500/work"},"Name":"overlay2"},"Mounts":[{"Type":"volume","Name":"44a9389ce95a2961210e86afd6afe42b23405f43157b5dc00e010d283c01df79","Source":"/var/lib/docker/volumes/44a9389ce95a2961210e86afd6afe42b23405f43157b5dc00e010d283c01df79/_data","Destination":"/var/lib/mysql","Driver":"local","Mode":"","RW":true,"Propagation":""}],"Config":{"Hostname":"c37a42694b7d","Domainname":"","User":"","AttachStdin":false,"AttachStdout":false,"AttachStderr":false,"ExposedPorts":{"3306/tcp":{},"33060/tcp":{}},"Tty":false,"OpenStdin":false,"StdinOnce":false,"Env":["MYSQL_DATABASE=adm_videos","MYSQL_PASSWORD=123456","MYSQL_ROOT_PASSWORD=123456","PATH=/usr/local/sbin:/usr/local/bin:/usr/sbin:/usr/bin:/sbin:/bin","GOSU_VERSION=1.16","MYSQL_MAJOR=8.0","MYSQL_VERSION=8.0.32-1.el8","MYSQL_SHELL_VERSION=8.0.32-1.el8"],"Cmd":["mysqld"],"Image":"mysql:latest","Volumes":{"/var/lib/mysql":{}},"WorkingDir":"","Entrypoint":["docker-entrypoint.sh"],"OnBuild":null,"Labels":{"org.testcontainers":"true","org.testcontainers.lang":"java","org.testcontainers.sessionId":"818a13d9-e138-4e41-b5a4-74fd927e6a2d","org.testcontainers.version":"1.17.6"}},"NetworkSettings":{"Bridge":"","SandboxID":"bd1f3a626f226e407a1a406212013b21c93b302c93f9fd53a405b7fc5ff825b3","HairpinMode":false,"LinkLocalIPv6Address":"","LinkLocalIPv6PrefixLen":0,"Ports":{"3306/tcp":[{"HostIp":"0.0.0.0","HostPort":"56289"}],"33060/tcp":null},"SandboxKey":"/var/run/docker/netns/bd1f3a626f22","SecondaryIPAddresses":null,"SecondaryIPv6Addresses":null,"EndpointID":"a2b725c0c5ce4503f8e45e0c2adc4455b29a53a4866d3f23b2bce893a084641f","Gateway":"172.17.0.1","GlobalIPv6Address":"","GlobalIPv6PrefixLen":0,"IPAddress":"172.17.0.3","IPPrefixLen":16,"IPv6Gateway":"","MacAddress":"02:42:ac:11:00:03","Networks":{"bridge":{"IPAMConfig":null,"Links":null,"Aliases":null,"NetworkID":"308e234c143065751b16b4500cb9f48d5c7fc2116504b3d816a5e51cd4771062","EndpointID":"a2b725c0c5ce4503f8e45e0c2adc4455b29a53a4866d3f23b2bce893a084641f","Gateway":"172.17.0.1","IPAddress":"172.17.0.3","IPPrefixLen":16,"IPv6Gateway":"","GlobalIPv6Address":"","GlobalIPv6PrefixLen":0,"MacAddress":"02:42:ac:11:00:03","DriverOpts":null}}}}[\n]"
23:55:04.557 [Test worker] DEBUG com.github.dockerjava.zerodep.shaded.org.apache.hc.client5.http.wire - http-outgoing-2 << "[\r][\n]"
23:55:04.558 [Test worker] DEBUG com.github.dockerjava.zerodep.shaded.org.apache.hc.client5.http.wire - http-outgoing-2 << "0[\r][\n]"
23:55:04.558 [Test worker] DEBUG com.github.dockerjava.zerodep.shaded.org.apache.hc.client5.http.wire - http-outgoing-2 << "[\r][\n]"
23:55:04.558 [Test worker] DEBUG com.github.dockerjava.zerodep.shaded.org.apache.hc.client5.http.impl.classic.InternalHttpClient - ep-00000017: releasing valid endpoint
23:55:04.558 [Test worker] DEBUG com.github.dockerjava.zerodep.shaded.org.apache.hc.client5.http.impl.io.PoolingHttpClientConnectionManager - ep-00000017: releasing endpoint
23:55:04.558 [Test worker] DEBUG com.github.dockerjava.zerodep.shaded.org.apache.hc.client5.http.impl.io.PoolingHttpClientConnectionManager - ep-00000017: connection http-outgoing-2 can be kept alive for 3 MINUTES
23:55:04.559 [Test worker] DEBUG com.github.dockerjava.zerodep.shaded.org.apache.hc.client5.http.impl.io.PoolingHttpClientConnectionManager - ep-00000017: connection released [route: {}->unix://localhost:2375][total available: 1; route allocated: 1 of 2147483647; total allocated: 1 of 2147483647]
23:55:04.559 [Test worker] DEBUG ]]>&#x1f433;<![CDATA[ [mysql:latest] - Trying to create JDBC connection using com.mysql.cj.jdbc.Driver to jdbc:mysql://localhost:56289/adm_videos?useSSL=false&allowPublicKeyRetrieval=true with properties: {password=123456, user=root}
23:55:04.669 [Test worker] DEBUG org.testcontainers.shaded.com.github.dockerjava.core.command.AbstrDockerCmd - Cmd: c37a42694b7d1cff581f5e7b89a60b044af4721181408c271e821f1413201ca6,false
23:55:04.672 [Test worker] DEBUG org.testcontainers.shaded.com.github.dockerjava.core.exec.InspectContainerCmdExec - GET: DefaultWebTarget{path=[/containers/c37a42694b7d1cff581f5e7b89a60b044af4721181408c271e821f1413201ca6/json], queryParams={}}
23:55:04.674 [Test worker] DEBUG com.github.dockerjava.zerodep.shaded.org.apache.hc.client5.http.impl.classic.InternalHttpClient - ex-00000019: preparing request execution
23:55:04.674 [Test worker] DEBUG com.github.dockerjava.zerodep.shaded.org.apache.hc.client5.http.protocol.RequestAddCookies - Cookie spec selected: strict
23:55:04.675 [Test worker] DEBUG com.github.dockerjava.zerodep.shaded.org.apache.hc.client5.http.protocol.RequestAuthCache - Auth cache not set in the context
23:55:04.675 [Test worker] DEBUG com.github.dockerjava.zerodep.shaded.org.apache.hc.client5.http.impl.classic.ProtocolExec - ex-00000019: target auth state: UNCHALLENGED
23:55:04.675 [Test worker] DEBUG com.github.dockerjava.zerodep.shaded.org.apache.hc.client5.http.impl.classic.ProtocolExec - ex-00000019: proxy auth state: UNCHALLENGED
23:55:04.675 [Test worker] DEBUG com.github.dockerjava.zerodep.shaded.org.apache.hc.client5.http.impl.classic.ConnectExec - ex-00000019: acquiring connection with route {}->unix://localhost:2375
23:55:04.675 [Test worker] DEBUG com.github.dockerjava.zerodep.shaded.org.apache.hc.client5.http.impl.classic.InternalHttpClient - ex-00000019: acquiring endpoint (3 MINUTES)
23:55:04.675 [Test worker] DEBUG com.github.dockerjava.zerodep.shaded.org.apache.hc.client5.http.impl.io.PoolingHttpClientConnectionManager - ex-00000019: endpoint lease request (3 MINUTES) [route: {}->unix://localhost:2375][total available: 1; route allocated: 1 of 2147483647; total allocated: 1 of 2147483647]
23:55:04.675 [Test worker] DEBUG com.github.dockerjava.zerodep.shaded.org.apache.hc.client5.http.impl.io.PoolingHttpClientConnectionManager - ex-00000019: endpoint leased [route: {}->unix://localhost:2375][total available: 0; route allocated: 1 of 2147483647; total allocated: 1 of 2147483647]
23:55:04.676 [Test worker] DEBUG com.github.dockerjava.zerodep.shaded.org.apache.hc.client5.http.impl.io.PoolingHttpClientConnectionManager - ex-00000019: acquired ep-00000018
23:55:04.676 [Test worker] DEBUG com.github.dockerjava.zerodep.shaded.org.apache.hc.client5.http.impl.classic.InternalHttpClient - ex-00000019: acquired endpoint ep-00000018
23:55:04.676 [Test worker] DEBUG com.github.dockerjava.zerodep.shaded.org.apache.hc.client5.http.impl.classic.MainClientExec - ex-00000019: executing GET /v1.32/containers/c37a42694b7d1cff581f5e7b89a60b044af4721181408c271e821f1413201ca6/json HTTP/1.1
23:55:04.676 [Test worker] DEBUG com.github.dockerjava.zerodep.shaded.org.apache.hc.client5.http.impl.classic.InternalHttpClient - ep-00000018: start execution ex-00000019
23:55:04.676 [Test worker] DEBUG com.github.dockerjava.zerodep.shaded.org.apache.hc.client5.http.impl.io.PoolingHttpClientConnectionManager - ep-00000018: executing exchange ex-00000019 over http-outgoing-2
23:55:04.676 [Test worker] DEBUG com.github.dockerjava.zerodep.shaded.org.apache.hc.client5.http.headers - http-outgoing-2 >> GET /v1.32/containers/c37a42694b7d1cff581f5e7b89a60b044af4721181408c271e821f1413201ca6/json HTTP/1.1
23:55:04.676 [Test worker] DEBUG com.github.dockerjava.zerodep.shaded.org.apache.hc.client5.http.headers - http-outgoing-2 >> accept: application/json
23:55:04.676 [Test worker] DEBUG com.github.dockerjava.zerodep.shaded.org.apache.hc.client5.http.headers - http-outgoing-2 >> x-tc-sid: 818a13d9-e138-4e41-b5a4-74fd927e6a2d
23:55:04.676 [Test worker] DEBUG com.github.dockerjava.zerodep.shaded.org.apache.hc.client5.http.headers - http-outgoing-2 >> Accept-Encoding: gzip, x-gzip, deflate
23:55:04.676 [Test worker] DEBUG com.github.dockerjava.zerodep.shaded.org.apache.hc.client5.http.headers - http-outgoing-2 >> Host: localhost:2375
23:55:04.676 [Test worker] DEBUG com.github.dockerjava.zerodep.shaded.org.apache.hc.client5.http.headers - http-outgoing-2 >> Connection: keep-alive
23:55:04.676 [Test worker] DEBUG com.github.dockerjava.zerodep.shaded.org.apache.hc.client5.http.headers - http-outgoing-2 >> User-Agent: Apache-HttpClient/5.0.3 (Java/17.0.2)
23:55:04.676 [Test worker] DEBUG com.github.dockerjava.zerodep.shaded.org.apache.hc.client5.http.wire - http-outgoing-2 >> "GET /v1.32/containers/c37a42694b7d1cff581f5e7b89a60b044af4721181408c271e821f1413201ca6/json HTTP/1.1[\r][\n]"
23:55:04.676 [Test worker] DEBUG com.github.dockerjava.zerodep.shaded.org.apache.hc.client5.http.wire - http-outgoing-2 >> "accept: application/json[\r][\n]"
23:55:04.676 [Test worker] DEBUG com.github.dockerjava.zerodep.shaded.org.apache.hc.client5.http.wire - http-outgoing-2 >> "x-tc-sid: 818a13d9-e138-4e41-b5a4-74fd927e6a2d[\r][\n]"
23:55:04.676 [Test worker] DEBUG com.github.dockerjava.zerodep.shaded.org.apache.hc.client5.http.wire - http-outgoing-2 >> "Accept-Encoding: gzip, x-gzip, deflate[\r][\n]"
23:55:04.676 [Test worker] DEBUG com.github.dockerjava.zerodep.shaded.org.apache.hc.client5.http.wire - http-outgoing-2 >> "Host: localhost:2375[\r][\n]"
23:55:04.676 [Test worker] DEBUG com.github.dockerjava.zerodep.shaded.org.apache.hc.client5.http.wire - http-outgoing-2 >> "Connection: keep-alive[\r][\n]"
23:55:04.676 [Test worker] DEBUG com.github.dockerjava.zerodep.shaded.org.apache.hc.client5.http.wire - http-outgoing-2 >> "User-Agent: Apache-HttpClient/5.0.3 (Java/17.0.2)[\r][\n]"
23:55:04.676 [Test worker] DEBUG com.github.dockerjava.zerodep.shaded.org.apache.hc.client5.http.wire - http-outgoing-2 >> "[\r][\n]"
23:55:04.679 [Test worker] DEBUG com.github.dockerjava.zerodep.shaded.org.apache.hc.client5.http.wire - http-outgoing-2 << "HTTP/1.1 200 OK[\r][\n]"
23:55:04.679 [Test worker] DEBUG com.github.dockerjava.zerodep.shaded.org.apache.hc.client5.http.wire - http-outgoing-2 << "Api-Version: 1.41[\r][\n]"
23:55:04.679 [Test worker] DEBUG com.github.dockerjava.zerodep.shaded.org.apache.hc.client5.http.wire - http-outgoing-2 << "Content-Type: application/json[\r][\n]"
23:55:04.679 [Test worker] DEBUG com.github.dockerjava.zerodep.shaded.org.apache.hc.client5.http.wire - http-outgoing-2 << "Date: Mon, 27 Mar 2023 02:55:04 GMT[\r][\n]"
23:55:04.679 [Test worker] DEBUG com.github.dockerjava.zerodep.shaded.org.apache.hc.client5.http.wire - http-outgoing-2 << "Docker-Experimental: false[\r][\n]"
23:55:04.679 [Test worker] DEBUG com.github.dockerjava.zerodep.shaded.org.apache.hc.client5.http.wire - http-outgoing-2 << "Ostype: linux[\r][\n]"
23:55:04.679 [Test worker] DEBUG com.github.dockerjava.zerodep.shaded.org.apache.hc.client5.http.wire - http-outgoing-2 << "Server: Docker/20.10.21 (linux)[\r][\n]"
23:55:04.679 [Test worker] DEBUG com.github.dockerjava.zerodep.shaded.org.apache.hc.client5.http.wire - http-outgoing-2 << "Transfer-Encoding: chunked[\r][\n]"
23:55:04.679 [Test worker] DEBUG com.github.dockerjava.zerodep.shaded.org.apache.hc.client5.http.wire - http-outgoing-2 << "[\r][\n]"
23:55:04.680 [Test worker] DEBUG com.github.dockerjava.zerodep.shaded.org.apache.hc.client5.http.headers - http-outgoing-2 << HTTP/1.1 200 OK
23:55:04.680 [Test worker] DEBUG com.github.dockerjava.zerodep.shaded.org.apache.hc.client5.http.headers - http-outgoing-2 << Api-Version: 1.41
23:55:04.680 [Test worker] DEBUG com.github.dockerjava.zerodep.shaded.org.apache.hc.client5.http.headers - http-outgoing-2 << Content-Type: application/json
23:55:04.680 [Test worker] DEBUG com.github.dockerjava.zerodep.shaded.org.apache.hc.client5.http.headers - http-outgoing-2 << Date: Mon, 27 Mar 2023 02:55:04 GMT
23:55:04.680 [Test worker] DEBUG com.github.dockerjava.zerodep.shaded.org.apache.hc.client5.http.headers - http-outgoing-2 << Docker-Experimental: false
23:55:04.680 [Test worker] DEBUG com.github.dockerjava.zerodep.shaded.org.apache.hc.client5.http.headers - http-outgoing-2 << Ostype: linux
23:55:04.680 [Test worker] DEBUG com.github.dockerjava.zerodep.shaded.org.apache.hc.client5.http.headers - http-outgoing-2 << Server: Docker/20.10.21 (linux)
23:55:04.680 [Test worker] DEBUG com.github.dockerjava.zerodep.shaded.org.apache.hc.client5.http.headers - http-outgoing-2 << Transfer-Encoding: chunked
23:55:04.680 [Test worker] DEBUG com.github.dockerjava.zerodep.shaded.org.apache.hc.client5.http.impl.classic.MainClientExec - ex-00000019: connection can be kept alive for 3 MINUTES
23:55:04.682 [Test worker] DEBUG com.github.dockerjava.zerodep.shaded.org.apache.hc.client5.http.wire - http-outgoing-2 << "18c1[\r][\n]"
23:55:04.682 [Test worker] DEBUG com.github.dockerjava.zerodep.shaded.org.apache.hc.client5.http.wire - http-outgoing-2 << "{"Id":"c37a42694b7d1cff581f5e7b89a60b044af4721181408c271e821f1413201ca6","Created":"2023-03-27T02:55:02.49734542Z","Path":"docker-entrypoint.sh","Args":["mysqld"],"State":{"Status":"running","Running":true,"Paused":false,"Restarting":false,"OOMKilled":false,"Dead":false,"Pid":18342,"ExitCode":0,"Error":"","StartedAt":"2023-03-27T02:55:03.12719392Z","FinishedAt":"0001-01-01T00:00:00Z"},"Image":"sha256:c7c54c29e20dccc1aefb936c8eba8bb8b98b87a4921102aba87fde2df5810af9","ResolvConfPath":"/var/lib/docker/containers/c37a42694b7d1cff581f5e7b89a60b044af4721181408c271e821f1413201ca6/resolv.conf","HostnamePath":"/var/lib/docker/containers/c37a42694b7d1cff581f5e7b89a60b044af4721181408c271e821f1413201ca6/hostname","HostsPath":"/var/lib/docker/containers/c37a42694b7d1cff581f5e7b89a60b044af4721181408c271e821f1413201ca6/hosts","LogPath":"/var/lib/docker/containers/c37a42694b7d1cff581f5e7b89a60b044af4721181408c271e821f1413201ca6/c37a42694b7d1cff581f5e7b89a60b044af4721181408c271e821f1413201ca6-json.log","Name":"/elegant_mahavira","RestartCount":0,"Driver":"overlay2","Platform":"linux","MountLabel":"","ProcessLabel":"","AppArmorProfile":"","ExecIDs":null,"HostConfig":{"Binds":[],"ContainerIDFile":"","LogConfig":{"Type":"json-file","Config":{}},"NetworkMode":"default","PortBindings":{"3306/tcp":[{"HostIp":"0.0.0.0","HostPort":"0"}]},"RestartPolicy":{"Name":"","MaximumRetryCount":0},"AutoRemove":false,"VolumeDriver":"","VolumesFrom":[],"CapAdd":null,"CapDrop":null,"CgroupnsMode":"private","Dns":null,"DnsOptions":null,"DnsSearch":null,"ExtraHosts":[],"GroupAdd":null,"IpcMode":"shareable","Cgroup":"","Links":null,"OomScoreAdj":0,"PidMode":"","Privileged":false,"PublishAllPorts":false,"ReadonlyRootfs":false,"SecurityOpt":null,"UTSMode":"","UsernsMode":"","ShmSize":67108864,"Runtime":"runc","ConsoleSize":[0,0],"Isolation":"","CpuShares":0,"Memory":0,"NanoCpus":0,"CgroupParent":"","BlkioWeight":0,"BlkioWeightDevice":null,"BlkioDeviceReadBps":null,"BlkioDeviceWriteBps":null,"BlkioDeviceReadIOps":null,"BlkioDeviceWriteIOps":null,"CpuPeriod":0,"CpuQuota":0,"CpuRealtimePeriod":0,"CpuRealtimeRuntime":0,"CpusetCpus":"","CpusetMems":"","Devices":null,"DeviceCgroupRules":null,"DeviceRequests":null,"KernelMemory":0,"KernelMemoryTCP":0,"MemoryReservation":0,"MemorySwap":0,"MemorySwappiness":null,"OomKillDisable":null,"PidsLimit":null,"Ulimits":null,"CpuCount":0,"CpuPercent":0,"IOMaximumIOps":0,"IOMaximumBandwidth":0,"MaskedPaths":["/proc/asound","/proc/acpi","/proc/kcore","/proc/keys","/proc/latency_stats","/proc/timer_list","/proc/timer_stats","/proc/sched_debug","/proc/scsi","/sys/firmware"],"ReadonlyPaths":["/proc/bus","/proc/fs","/proc/irq","/proc/sys","/proc/sysrq-trigger"]},"GraphDriver":{"Data":{"LowerDir":"/var/lib/docker/overlay2/2c15a904a49807090175d7750f18e0f6a57e99c38a424839679cbaf676a4d500-init/diff:/var/lib/docker/overlay2/1bd8849d7a296305617011f940aa5cfabbe972a513397b1b6bbc27639b6c1f30/diff:/var/lib/docker/overlay2/199d69b2fbf78af4d4c95dec4fd2f8835ab0347eb49fb20ebb2ff3b99fedd6ad/diff:/var/lib/docker/overlay2/d83c38d654989311f75b9491329846033bfb7714de76ef635380dcfad5c740d9/diff:/var/lib/docker/overlay2/08600d0aea2ab2728bebcf5d2589c640a842f53d1ba3c4a4adccb4d03b923cf6/diff:/var/lib/docker/overlay2/9ec7c63a3fb14d13ac788bbf5e282ca821edc41260b79944e5e631037d13ecda/diff:/var/lib/docker/overlay2/db601d7a1b4ea6da638db620462f0da96fa55c559d02269c9ddb09027936ed87/diff:/var/lib/docker/overlay2/a6d2bd03f942e2565f21e74cfe152c7ec836a1c2b583f0790c685b92bdcfda24/diff:/var/lib/docker/overlay2/9badd16ea2c5e2bf1fde8b579683e41137dfc46ed5449234149f199a6751cc84/diff:/var/lib/docker/overlay2/6efb85646ed12e2d1181ef4cc6f6f6732c00c15a4035fe17ebc4f075ca573c30/diff:/var/lib/docker/overlay2/895d7c0ec09144d6ed33936f4e98e11c18010f7abd708cae1ce43aec7a7f2621/diff:/var/lib/docker/overlay2/1c4ba77aa573ab6e5e5069fd15eae71b3da940bde0f97a922a227ffc8a1d1096/diff","MergedDir":"/var/lib/docker/overlay2/2c15a904a49807090175d7750f18e0f6a57e99c38a424839679cbaf676a4d500/merged","UpperDir":"/var/lib/docker/overlay2/2c15a904a49807090175d7750f18e0f6a57e99c38a424839679cbaf676a4d500/diff","WorkDir":"/var/lib/docker/overlay2/2c15a904a49807090175d7750f18e0f6a57e99c38a424839679cbaf676a4d500/work"},"Name":"overlay2"},"Mounts":[{"Type":"volume","Name":"44a9389ce95a2961210e86afd6afe42b23405f43157b5dc00e010d283c01df79","Source":"/var/lib/docker/volumes/44a9389ce95a2961210e86afd6afe42b23405f43157b5dc00e010d283c01df79/_data","Destination":"/var/lib/mysql","Driver":"local","Mode":"","RW":true,"Propagation":""}],"Config":{"Hostname":"c37a42694b7d","Domainname":"","User":"","AttachStdin":false,"AttachStdout":false,"AttachStderr":false,"ExposedPorts":{"3306/tcp":{},"33060/tcp":{}},"Tty":false,"OpenStdin":false,"StdinOnce":false,"Env":["MYSQL_DATABASE=adm_videos","MYSQL_PASSWORD=123456","MYSQL_ROOT_PASSWORD=123456","PATH=/usr/local/sbin:/usr/local/bin:/usr/sbin:/usr/bin:/sbin:/bin","GOSU_VERSION=1.16","MYSQL_MAJOR=8.0","MYSQL_VERSION=8.0.32-1.el8","MYSQL_SHELL_VERSION=8.0.32-1.el8"],"Cmd":["mysqld"],"Image":"mysql:latest","Volumes":{"/var/lib/mysql":{}},"WorkingDir":"","Entrypoint":["docker-entrypoint.sh"],"OnBuild":null,"Labels":{"org.testcontainers":"true","org.testcontainers.lang":"java","org.testcontainers.sessionId":"818a13d9-e138-4e41-b5a4-74fd927e6a2d","org.testcontainers.version":"1.17.6"}},"NetworkSettings":{"Bridge":"","SandboxID":"bd1f3a626f226e407a1a406212013b21c93b302c93f9fd53a405b7fc5ff825b3","HairpinMode":false,"LinkLocalIPv6Address":"","LinkLocalIPv6PrefixLen":0,"Ports":{"3306/tcp":[{"HostIp":"0.0.0.0","HostPort":"56289"}],"33060/tcp":null},"SandboxKey":"/var/run/docker/netns/bd1f3a626f22","SecondaryIPAddresses":null,"SecondaryIPv6Addresses":null,"EndpointID":"a2b725c0c5ce4503f8e45e0c2adc4455b29a53a4866d3f23b2bce893a084641f","Gateway":"172.17.0.1","GlobalIPv6Address":"","GlobalIPv6PrefixLen":0,"IPAddress":"172.17.0.3","IPPrefixLen":16,"IPv6Gateway":"","MacAddress":"02:42:ac:11:00:03","Networks":{"bridge":{"IPAMConfig":null,"Links":null,"Aliases":null,"NetworkID":"308e234c143065751b16b4500cb9f48d5c7fc2116504b3d816a5e51cd4771062","EndpointID":"a2b725c0c5ce4503f8e45e0c2adc4455b29a53a4866d3f23b2bce893a084641f","Gateway":"172.17.0.1","IPAddress":"172.17.0.3","IPPrefixLen":16,"IPv6Gateway":"","GlobalIPv6Address":"","GlobalIPv6PrefixLen":0,"MacAddress":"02:42:ac:11:00:03","DriverOpts":null}}}}[\n]"
23:55:04.682 [Test worker] DEBUG com.github.dockerjava.zerodep.shaded.org.apache.hc.client5.http.wire - http-outgoing-2 << "[\r][\n]"
23:55:04.687 [Test worker] DEBUG com.github.dockerjava.zerodep.shaded.org.apache.hc.client5.http.wire - http-outgoing-2 << "0[\r][\n]"
23:55:04.687 [Test worker] DEBUG com.github.dockerjava.zerodep.shaded.org.apache.hc.client5.http.wire - http-outgoing-2 << "[\r][\n]"
23:55:04.687 [Test worker] DEBUG com.github.dockerjava.zerodep.shaded.org.apache.hc.client5.http.impl.classic.InternalHttpClient - ep-00000018: releasing valid endpoint
23:55:04.687 [Test worker] DEBUG com.github.dockerjava.zerodep.shaded.org.apache.hc.client5.http.impl.io.PoolingHttpClientConnectionManager - ep-00000018: releasing endpoint
23:55:04.687 [Test worker] DEBUG com.github.dockerjava.zerodep.shaded.org.apache.hc.client5.http.impl.io.PoolingHttpClientConnectionManager - ep-00000018: connection http-outgoing-2 can be kept alive for 3 MINUTES
23:55:04.687 [Test worker] DEBUG com.github.dockerjava.zerodep.shaded.org.apache.hc.client5.http.impl.io.PoolingHttpClientConnectionManager - ep-00000018: connection released [route: {}->unix://localhost:2375][total available: 1; route allocated: 1 of 2147483647; total allocated: 1 of 2147483647]
23:55:04.687 [Test worker] DEBUG ]]>&#x1f433;<![CDATA[ [mysql:latest] - Trying to create JDBC connection using com.mysql.cj.jdbc.Driver to jdbc:mysql://localhost:56289/adm_videos?useSSL=false&allowPublicKeyRetrieval=true with properties: {password=123456, user=root}
23:55:04.794 [Test worker] DEBUG org.testcontainers.shaded.com.github.dockerjava.core.command.AbstrDockerCmd - Cmd: c37a42694b7d1cff581f5e7b89a60b044af4721181408c271e821f1413201ca6,false
23:55:04.795 [Test worker] DEBUG org.testcontainers.shaded.com.github.dockerjava.core.exec.InspectContainerCmdExec - GET: DefaultWebTarget{path=[/containers/c37a42694b7d1cff581f5e7b89a60b044af4721181408c271e821f1413201ca6/json], queryParams={}}
23:55:04.795 [Test worker] DEBUG com.github.dockerjava.zerodep.shaded.org.apache.hc.client5.http.impl.classic.InternalHttpClient - ex-0000001A: preparing request execution
23:55:04.795 [Test worker] DEBUG com.github.dockerjava.zerodep.shaded.org.apache.hc.client5.http.protocol.RequestAddCookies - Cookie spec selected: strict
23:55:04.795 [Test worker] DEBUG com.github.dockerjava.zerodep.shaded.org.apache.hc.client5.http.protocol.RequestAuthCache - Auth cache not set in the context
23:55:04.795 [Test worker] DEBUG com.github.dockerjava.zerodep.shaded.org.apache.hc.client5.http.impl.classic.ProtocolExec - ex-0000001A: target auth state: UNCHALLENGED
23:55:04.795 [Test worker] DEBUG com.github.dockerjava.zerodep.shaded.org.apache.hc.client5.http.impl.classic.ProtocolExec - ex-0000001A: proxy auth state: UNCHALLENGED
23:55:04.795 [Test worker] DEBUG com.github.dockerjava.zerodep.shaded.org.apache.hc.client5.http.impl.classic.ConnectExec - ex-0000001A: acquiring connection with route {}->unix://localhost:2375
23:55:04.795 [Test worker] DEBUG com.github.dockerjava.zerodep.shaded.org.apache.hc.client5.http.impl.classic.InternalHttpClient - ex-0000001A: acquiring endpoint (3 MINUTES)
23:55:04.795 [Test worker] DEBUG com.github.dockerjava.zerodep.shaded.org.apache.hc.client5.http.impl.io.PoolingHttpClientConnectionManager - ex-0000001A: endpoint lease request (3 MINUTES) [route: {}->unix://localhost:2375][total available: 1; route allocated: 1 of 2147483647; total allocated: 1 of 2147483647]
23:55:04.795 [Test worker] DEBUG com.github.dockerjava.zerodep.shaded.org.apache.hc.client5.http.impl.io.PoolingHttpClientConnectionManager - ex-0000001A: endpoint leased [route: {}->unix://localhost:2375][total available: 0; route allocated: 1 of 2147483647; total allocated: 1 of 2147483647]
23:55:04.796 [Test worker] DEBUG com.github.dockerjava.zerodep.shaded.org.apache.hc.client5.http.impl.io.PoolingHttpClientConnectionManager - ex-0000001A: acquired ep-00000019
23:55:04.796 [Test worker] DEBUG com.github.dockerjava.zerodep.shaded.org.apache.hc.client5.http.impl.classic.InternalHttpClient - ex-0000001A: acquired endpoint ep-00000019
23:55:04.796 [Test worker] DEBUG com.github.dockerjava.zerodep.shaded.org.apache.hc.client5.http.impl.classic.MainClientExec - ex-0000001A: executing GET /v1.32/containers/c37a42694b7d1cff581f5e7b89a60b044af4721181408c271e821f1413201ca6/json HTTP/1.1
23:55:04.796 [Test worker] DEBUG com.github.dockerjava.zerodep.shaded.org.apache.hc.client5.http.impl.classic.InternalHttpClient - ep-00000019: start execution ex-0000001A
23:55:04.796 [Test worker] DEBUG com.github.dockerjava.zerodep.shaded.org.apache.hc.client5.http.impl.io.PoolingHttpClientConnectionManager - ep-00000019: executing exchange ex-0000001A over http-outgoing-2
23:55:04.796 [Test worker] DEBUG com.github.dockerjava.zerodep.shaded.org.apache.hc.client5.http.headers - http-outgoing-2 >> GET /v1.32/containers/c37a42694b7d1cff581f5e7b89a60b044af4721181408c271e821f1413201ca6/json HTTP/1.1
23:55:04.796 [Test worker] DEBUG com.github.dockerjava.zerodep.shaded.org.apache.hc.client5.http.headers - http-outgoing-2 >> accept: application/json
23:55:04.796 [Test worker] DEBUG com.github.dockerjava.zerodep.shaded.org.apache.hc.client5.http.headers - http-outgoing-2 >> x-tc-sid: 818a13d9-e138-4e41-b5a4-74fd927e6a2d
23:55:04.796 [Test worker] DEBUG com.github.dockerjava.zerodep.shaded.org.apache.hc.client5.http.headers - http-outgoing-2 >> Accept-Encoding: gzip, x-gzip, deflate
23:55:04.796 [Test worker] DEBUG com.github.dockerjava.zerodep.shaded.org.apache.hc.client5.http.headers - http-outgoing-2 >> Host: localhost:2375
23:55:04.796 [Test worker] DEBUG com.github.dockerjava.zerodep.shaded.org.apache.hc.client5.http.headers - http-outgoing-2 >> Connection: keep-alive
23:55:04.796 [Test worker] DEBUG com.github.dockerjava.zerodep.shaded.org.apache.hc.client5.http.headers - http-outgoing-2 >> User-Agent: Apache-HttpClient/5.0.3 (Java/17.0.2)
23:55:04.796 [Test worker] DEBUG com.github.dockerjava.zerodep.shaded.org.apache.hc.client5.http.wire - http-outgoing-2 >> "GET /v1.32/containers/c37a42694b7d1cff581f5e7b89a60b044af4721181408c271e821f1413201ca6/json HTTP/1.1[\r][\n]"
23:55:04.796 [Test worker] DEBUG com.github.dockerjava.zerodep.shaded.org.apache.hc.client5.http.wire - http-outgoing-2 >> "accept: application/json[\r][\n]"
23:55:04.796 [Test worker] DEBUG com.github.dockerjava.zerodep.shaded.org.apache.hc.client5.http.wire - http-outgoing-2 >> "x-tc-sid: 818a13d9-e138-4e41-b5a4-74fd927e6a2d[\r][\n]"
23:55:04.796 [Test worker] DEBUG com.github.dockerjava.zerodep.shaded.org.apache.hc.client5.http.wire - http-outgoing-2 >> "Accept-Encoding: gzip, x-gzip, deflate[\r][\n]"
23:55:04.796 [Test worker] DEBUG com.github.dockerjava.zerodep.shaded.org.apache.hc.client5.http.wire - http-outgoing-2 >> "Host: localhost:2375[\r][\n]"
23:55:04.796 [Test worker] DEBUG com.github.dockerjava.zerodep.shaded.org.apache.hc.client5.http.wire - http-outgoing-2 >> "Connection: keep-alive[\r][\n]"
23:55:04.796 [Test worker] DEBUG com.github.dockerjava.zerodep.shaded.org.apache.hc.client5.http.wire - http-outgoing-2 >> "User-Agent: Apache-HttpClient/5.0.3 (Java/17.0.2)[\r][\n]"
23:55:04.796 [Test worker] DEBUG com.github.dockerjava.zerodep.shaded.org.apache.hc.client5.http.wire - http-outgoing-2 >> "[\r][\n]"
23:55:04.799 [Test worker] DEBUG com.github.dockerjava.zerodep.shaded.org.apache.hc.client5.http.wire - http-outgoing-2 << "HTTP/1.1 200 OK[\r][\n]"
23:55:04.799 [Test worker] DEBUG com.github.dockerjava.zerodep.shaded.org.apache.hc.client5.http.wire - http-outgoing-2 << "Api-Version: 1.41[\r][\n]"
23:55:04.799 [Test worker] DEBUG com.github.dockerjava.zerodep.shaded.org.apache.hc.client5.http.wire - http-outgoing-2 << "Content-Type: application/json[\r][\n]"
23:55:04.799 [Test worker] DEBUG com.github.dockerjava.zerodep.shaded.org.apache.hc.client5.http.wire - http-outgoing-2 << "Date: Mon, 27 Mar 2023 02:55:04 GMT[\r][\n]"
23:55:04.799 [Test worker] DEBUG com.github.dockerjava.zerodep.shaded.org.apache.hc.client5.http.wire - http-outgoing-2 << "Docker-Experimental: false[\r][\n]"
23:55:04.799 [Test worker] DEBUG com.github.dockerjava.zerodep.shaded.org.apache.hc.client5.http.wire - http-outgoing-2 << "Ostype: linux[\r][\n]"
23:55:04.799 [Test worker] DEBUG com.github.dockerjava.zerodep.shaded.org.apache.hc.client5.http.wire - http-outgoing-2 << "Server: Docker/20.10.21 (linux)[\r][\n]"
23:55:04.799 [Test worker] DEBUG com.github.dockerjava.zerodep.shaded.org.apache.hc.client5.http.wire - http-outgoing-2 << "Transfer-Encoding: chunked[\r][\n]"
23:55:04.799 [Test worker] DEBUG com.github.dockerjava.zerodep.shaded.org.apache.hc.client5.http.wire - http-outgoing-2 << "[\r][\n]"
23:55:04.799 [Test worker] DEBUG com.github.dockerjava.zerodep.shaded.org.apache.hc.client5.http.headers - http-outgoing-2 << HTTP/1.1 200 OK
23:55:04.799 [Test worker] DEBUG com.github.dockerjava.zerodep.shaded.org.apache.hc.client5.http.headers - http-outgoing-2 << Api-Version: 1.41
23:55:04.799 [Test worker] DEBUG com.github.dockerjava.zerodep.shaded.org.apache.hc.client5.http.headers - http-outgoing-2 << Content-Type: application/json
23:55:04.799 [Test worker] DEBUG com.github.dockerjava.zerodep.shaded.org.apache.hc.client5.http.headers - http-outgoing-2 << Date: Mon, 27 Mar 2023 02:55:04 GMT
23:55:04.799 [Test worker] DEBUG com.github.dockerjava.zerodep.shaded.org.apache.hc.client5.http.headers - http-outgoing-2 << Docker-Experimental: false
23:55:04.799 [Test worker] DEBUG com.github.dockerjava.zerodep.shaded.org.apache.hc.client5.http.headers - http-outgoing-2 << Ostype: linux
23:55:04.799 [Test worker] DEBUG com.github.dockerjava.zerodep.shaded.org.apache.hc.client5.http.headers - http-outgoing-2 << Server: Docker/20.10.21 (linux)
23:55:04.799 [Test worker] DEBUG com.github.dockerjava.zerodep.shaded.org.apache.hc.client5.http.headers - http-outgoing-2 << Transfer-Encoding: chunked
23:55:04.800 [Test worker] DEBUG com.github.dockerjava.zerodep.shaded.org.apache.hc.client5.http.impl.classic.MainClientExec - ex-0000001A: connection can be kept alive for 3 MINUTES
23:55:04.800 [Test worker] DEBUG com.github.dockerjava.zerodep.shaded.org.apache.hc.client5.http.wire - http-outgoing-2 << "18c1[\r][\n]"
23:55:04.801 [Test worker] DEBUG com.github.dockerjava.zerodep.shaded.org.apache.hc.client5.http.wire - http-outgoing-2 << "{"Id":"c37a42694b7d1cff581f5e7b89a60b044af4721181408c271e821f1413201ca6","Created":"2023-03-27T02:55:02.49734542Z","Path":"docker-entrypoint.sh","Args":["mysqld"],"State":{"Status":"running","Running":true,"Paused":false,"Restarting":false,"OOMKilled":false,"Dead":false,"Pid":18342,"ExitCode":0,"Error":"","StartedAt":"2023-03-27T02:55:03.12719392Z","FinishedAt":"0001-01-01T00:00:00Z"},"Image":"sha256:c7c54c29e20dccc1aefb936c8eba8bb8b98b87a4921102aba87fde2df5810af9","ResolvConfPath":"/var/lib/docker/containers/c37a42694b7d1cff581f5e7b89a60b044af4721181408c271e821f1413201ca6/resolv.conf","HostnamePath":"/var/lib/docker/containers/c37a42694b7d1cff581f5e7b89a60b044af4721181408c271e821f1413201ca6/hostname","HostsPath":"/var/lib/docker/containers/c37a42694b7d1cff581f5e7b89a60b044af4721181408c271e821f1413201ca6/hosts","LogPath":"/var/lib/docker/containers/c37a42694b7d1cff581f5e7b89a60b044af4721181408c271e821f1413201ca6/c37a42694b7d1cff581f5e7b89a60b044af4721181408c271e821f1413201ca6-json.log","Name":"/elegant_mahavira","RestartCount":0,"Driver":"overlay2","Platform":"linux","MountLabel":"","ProcessLabel":"","AppArmorProfile":"","ExecIDs":null,"HostConfig":{"Binds":[],"ContainerIDFile":"","LogConfig":{"Type":"json-file","Config":{}},"NetworkMode":"default","PortBindings":{"3306/tcp":[{"HostIp":"0.0.0.0","HostPort":"0"}]},"RestartPolicy":{"Name":"","MaximumRetryCount":0},"AutoRemove":false,"VolumeDriver":"","VolumesFrom":[],"CapAdd":null,"CapDrop":null,"CgroupnsMode":"private","Dns":null,"DnsOptions":null,"DnsSearch":null,"ExtraHosts":[],"GroupAdd":null,"IpcMode":"shareable","Cgroup":"","Links":null,"OomScoreAdj":0,"PidMode":"","Privileged":false,"PublishAllPorts":false,"ReadonlyRootfs":false,"SecurityOpt":null,"UTSMode":"","UsernsMode":"","ShmSize":67108864,"Runtime":"runc","ConsoleSize":[0,0],"Isolation":"","CpuShares":0,"Memory":0,"NanoCpus":0,"CgroupParent":"","BlkioWeight":0,"BlkioWeightDevice":null,"BlkioDeviceReadBps":null,"BlkioDeviceWriteBps":null,"BlkioDeviceReadIOps":null,"BlkioDeviceWriteIOps":null,"CpuPeriod":0,"CpuQuota":0,"CpuRealtimePeriod":0,"CpuRealtimeRuntime":0,"CpusetCpus":"","CpusetMems":"","Devices":null,"DeviceCgroupRules":null,"DeviceRequests":null,"KernelMemory":0,"KernelMemoryTCP":0,"MemoryReservation":0,"MemorySwap":0,"MemorySwappiness":null,"OomKillDisable":null,"PidsLimit":null,"Ulimits":null,"CpuCount":0,"CpuPercent":0,"IOMaximumIOps":0,"IOMaximumBandwidth":0,"MaskedPaths":["/proc/asound","/proc/acpi","/proc/kcore","/proc/keys","/proc/latency_stats","/proc/timer_list","/proc/timer_stats","/proc/sched_debug","/proc/scsi","/sys/firmware"],"ReadonlyPaths":["/proc/bus","/proc/fs","/proc/irq","/proc/sys","/proc/sysrq-trigger"]},"GraphDriver":{"Data":{"LowerDir":"/var/lib/docker/overlay2/2c15a904a49807090175d7750f18e0f6a57e99c38a424839679cbaf676a4d500-init/diff:/var/lib/docker/overlay2/1bd8849d7a296305617011f940aa5cfabbe972a513397b1b6bbc27639b6c1f30/diff:/var/lib/docker/overlay2/199d69b2fbf78af4d4c95dec4fd2f8835ab0347eb49fb20ebb2ff3b99fedd6ad/diff:/var/lib/docker/overlay2/d83c38d654989311f75b9491329846033bfb7714de76ef635380dcfad5c740d9/diff:/var/lib/docker/overlay2/08600d0aea2ab2728bebcf5d2589c640a842f53d1ba3c4a4adccb4d03b923cf6/diff:/var/lib/docker/overlay2/9ec7c63a3fb14d13ac788bbf5e282ca821edc41260b79944e5e631037d13ecda/diff:/var/lib/docker/overlay2/db601d7a1b4ea6da638db620462f0da96fa55c559d02269c9ddb09027936ed87/diff:/var/lib/docker/overlay2/a6d2bd03f942e2565f21e74cfe152c7ec836a1c2b583f0790c685b92bdcfda24/diff:/var/lib/docker/overlay2/9badd16ea2c5e2bf1fde8b579683e41137dfc46ed5449234149f199a6751cc84/diff:/var/lib/docker/overlay2/6efb85646ed12e2d1181ef4cc6f6f6732c00c15a4035fe17ebc4f075ca573c30/diff:/var/lib/docker/overlay2/895d7c0ec09144d6ed33936f4e98e11c18010f7abd708cae1ce43aec7a7f2621/diff:/var/lib/docker/overlay2/1c4ba77aa573ab6e5e5069fd15eae71b3da940bde0f97a922a227ffc8a1d1096/diff","MergedDir":"/var/lib/docker/overlay2/2c15a904a49807090175d7750f18e0f6a57e99c38a424839679cbaf676a4d500/merged","UpperDir":"/var/lib/docker/overlay2/2c15a904a49807090175d7750f18e0f6a57e99c38a424839679cbaf676a4d500/diff","WorkDir":"/var/lib/docker/overlay2/2c15a904a49807090175d7750f18e0f6a57e99c38a424839679cbaf676a4d500/work"},"Name":"overlay2"},"Mounts":[{"Type":"volume","Name":"44a9389ce95a2961210e86afd6afe42b23405f43157b5dc00e010d283c01df79","Source":"/var/lib/docker/volumes/44a9389ce95a2961210e86afd6afe42b23405f43157b5dc00e010d283c01df79/_data","Destination":"/var/lib/mysql","Driver":"local","Mode":"","RW":true,"Propagation":""}],"Config":{"Hostname":"c37a42694b7d","Domainname":"","User":"","AttachStdin":false,"AttachStdout":false,"AttachStderr":false,"ExposedPorts":{"3306/tcp":{},"33060/tcp":{}},"Tty":false,"OpenStdin":false,"StdinOnce":false,"Env":["MYSQL_DATABASE=adm_videos","MYSQL_PASSWORD=123456","MYSQL_ROOT_PASSWORD=123456","PATH=/usr/local/sbin:/usr/local/bin:/usr/sbin:/usr/bin:/sbin:/bin","GOSU_VERSION=1.16","MYSQL_MAJOR=8.0","MYSQL_VERSION=8.0.32-1.el8","MYSQL_SHELL_VERSION=8.0.32-1.el8"],"Cmd":["mysqld"],"Image":"mysql:latest","Volumes":{"/var/lib/mysql":{}},"WorkingDir":"","Entrypoint":["docker-entrypoint.sh"],"OnBuild":null,"Labels":{"org.testcontainers":"true","org.testcontainers.lang":"java","org.testcontainers.sessionId":"818a13d9-e138-4e41-b5a4-74fd927e6a2d","org.testcontainers.version":"1.17.6"}},"NetworkSettings":{"Bridge":"","SandboxID":"bd1f3a626f226e407a1a406212013b21c93b302c93f9fd53a405b7fc5ff825b3","HairpinMode":false,"LinkLocalIPv6Address":"","LinkLocalIPv6PrefixLen":0,"Ports":{"3306/tcp":[{"HostIp":"0.0.0.0","HostPort":"56289"}],"33060/tcp":null},"SandboxKey":"/var/run/docker/netns/bd1f3a626f22","SecondaryIPAddresses":null,"SecondaryIPv6Addresses":null,"EndpointID":"a2b725c0c5ce4503f8e45e0c2adc4455b29a53a4866d3f23b2bce893a084641f","Gateway":"172.17.0.1","GlobalIPv6Address":"","GlobalIPv6PrefixLen":0,"IPAddress":"172.17.0.3","IPPrefixLen":16,"IPv6Gateway":"","MacAddress":"02:42:ac:11:00:03","Networks":{"bridge":{"IPAMConfig":null,"Links":null,"Aliases":null,"NetworkID":"308e234c143065751b16b4500cb9f48d5c7fc2116504b3d816a5e51cd4771062","EndpointID":"a2b725c0c5ce4503f8e45e0c2adc4455b29a53a4866d3f23b2bce893a084641f","Gateway":"172.17.0.1","IPAddress":"172.17.0.3","IPPrefixLen":16,"IPv6Gateway":"","GlobalIPv6Address":"","GlobalIPv6PrefixLen":0,"MacAddress":"02:42:ac:11:00:03","DriverOpts":null}}}}[\n]"
23:55:04.801 [Test worker] DEBUG com.github.dockerjava.zerodep.shaded.org.apache.hc.client5.http.wire - http-outgoing-2 << "[\r][\n]"
23:55:04.801 [Test worker] DEBUG com.github.dockerjava.zerodep.shaded.org.apache.hc.client5.http.wire - http-outgoing-2 << "0[\r][\n]"
23:55:04.802 [Test worker] DEBUG com.github.dockerjava.zerodep.shaded.org.apache.hc.client5.http.wire - http-outgoing-2 << "[\r][\n]"
23:55:04.802 [Test worker] DEBUG com.github.dockerjava.zerodep.shaded.org.apache.hc.client5.http.impl.classic.InternalHttpClient - ep-00000019: releasing valid endpoint
23:55:04.802 [Test worker] DEBUG com.github.dockerjava.zerodep.shaded.org.apache.hc.client5.http.impl.io.PoolingHttpClientConnectionManager - ep-00000019: releasing endpoint
23:55:04.802 [Test worker] DEBUG com.github.dockerjava.zerodep.shaded.org.apache.hc.client5.http.impl.io.PoolingHttpClientConnectionManager - ep-00000019: connection http-outgoing-2 can be kept alive for 3 MINUTES
23:55:04.802 [Test worker] DEBUG com.github.dockerjava.zerodep.shaded.org.apache.hc.client5.http.impl.io.PoolingHttpClientConnectionManager - ep-00000019: connection released [route: {}->unix://localhost:2375][total available: 1; route allocated: 1 of 2147483647; total allocated: 1 of 2147483647]
23:55:04.802 [Test worker] DEBUG ]]>&#x1f433;<![CDATA[ [mysql:latest] - Trying to create JDBC connection using com.mysql.cj.jdbc.Driver to jdbc:mysql://localhost:56289/adm_videos?useSSL=false&allowPublicKeyRetrieval=true with properties: {password=123456, user=root}
23:55:04.906 [Test worker] DEBUG org.testcontainers.shaded.com.github.dockerjava.core.command.AbstrDockerCmd - Cmd: c37a42694b7d1cff581f5e7b89a60b044af4721181408c271e821f1413201ca6,false
23:55:04.907 [Test worker] DEBUG org.testcontainers.shaded.com.github.dockerjava.core.exec.InspectContainerCmdExec - GET: DefaultWebTarget{path=[/containers/c37a42694b7d1cff581f5e7b89a60b044af4721181408c271e821f1413201ca6/json], queryParams={}}
23:55:04.908 [Test worker] DEBUG com.github.dockerjava.zerodep.shaded.org.apache.hc.client5.http.impl.classic.InternalHttpClient - ex-0000001B: preparing request execution
23:55:04.908 [Test worker] DEBUG com.github.dockerjava.zerodep.shaded.org.apache.hc.client5.http.protocol.RequestAddCookies - Cookie spec selected: strict
23:55:04.908 [Test worker] DEBUG com.github.dockerjava.zerodep.shaded.org.apache.hc.client5.http.protocol.RequestAuthCache - Auth cache not set in the context
23:55:04.908 [Test worker] DEBUG com.github.dockerjava.zerodep.shaded.org.apache.hc.client5.http.impl.classic.ProtocolExec - ex-0000001B: target auth state: UNCHALLENGED
23:55:04.908 [Test worker] DEBUG com.github.dockerjava.zerodep.shaded.org.apache.hc.client5.http.impl.classic.ProtocolExec - ex-0000001B: proxy auth state: UNCHALLENGED
23:55:04.908 [Test worker] DEBUG com.github.dockerjava.zerodep.shaded.org.apache.hc.client5.http.impl.classic.ConnectExec - ex-0000001B: acquiring connection with route {}->unix://localhost:2375
23:55:04.908 [Test worker] DEBUG com.github.dockerjava.zerodep.shaded.org.apache.hc.client5.http.impl.classic.InternalHttpClient - ex-0000001B: acquiring endpoint (3 MINUTES)
23:55:04.908 [Test worker] DEBUG com.github.dockerjava.zerodep.shaded.org.apache.hc.client5.http.impl.io.PoolingHttpClientConnectionManager - ex-0000001B: endpoint lease request (3 MINUTES) [route: {}->unix://localhost:2375][total available: 1; route allocated: 1 of 2147483647; total allocated: 1 of 2147483647]
23:55:04.908 [Test worker] DEBUG com.github.dockerjava.zerodep.shaded.org.apache.hc.client5.http.impl.io.PoolingHttpClientConnectionManager - ex-0000001B: endpoint leased [route: {}->unix://localhost:2375][total available: 0; route allocated: 1 of 2147483647; total allocated: 1 of 2147483647]
23:55:04.908 [Test worker] DEBUG com.github.dockerjava.zerodep.shaded.org.apache.hc.client5.http.impl.io.PoolingHttpClientConnectionManager - ex-0000001B: acquired ep-0000001A
23:55:04.908 [Test worker] DEBUG com.github.dockerjava.zerodep.shaded.org.apache.hc.client5.http.impl.classic.InternalHttpClient - ex-0000001B: acquired endpoint ep-0000001A
23:55:04.908 [Test worker] DEBUG com.github.dockerjava.zerodep.shaded.org.apache.hc.client5.http.impl.classic.MainClientExec - ex-0000001B: executing GET /v1.32/containers/c37a42694b7d1cff581f5e7b89a60b044af4721181408c271e821f1413201ca6/json HTTP/1.1
23:55:04.908 [Test worker] DEBUG com.github.dockerjava.zerodep.shaded.org.apache.hc.client5.http.impl.classic.InternalHttpClient - ep-0000001A: start execution ex-0000001B
23:55:04.908 [Test worker] DEBUG com.github.dockerjava.zerodep.shaded.org.apache.hc.client5.http.impl.io.PoolingHttpClientConnectionManager - ep-0000001A: executing exchange ex-0000001B over http-outgoing-2
23:55:04.908 [Test worker] DEBUG com.github.dockerjava.zerodep.shaded.org.apache.hc.client5.http.headers - http-outgoing-2 >> GET /v1.32/containers/c37a42694b7d1cff581f5e7b89a60b044af4721181408c271e821f1413201ca6/json HTTP/1.1
23:55:04.909 [Test worker] DEBUG com.github.dockerjava.zerodep.shaded.org.apache.hc.client5.http.headers - http-outgoing-2 >> accept: application/json
23:55:04.909 [Test worker] DEBUG com.github.dockerjava.zerodep.shaded.org.apache.hc.client5.http.headers - http-outgoing-2 >> x-tc-sid: 818a13d9-e138-4e41-b5a4-74fd927e6a2d
23:55:04.909 [Test worker] DEBUG com.github.dockerjava.zerodep.shaded.org.apache.hc.client5.http.headers - http-outgoing-2 >> Accept-Encoding: gzip, x-gzip, deflate
23:55:04.909 [Test worker] DEBUG com.github.dockerjava.zerodep.shaded.org.apache.hc.client5.http.headers - http-outgoing-2 >> Host: localhost:2375
23:55:04.909 [Test worker] DEBUG com.github.dockerjava.zerodep.shaded.org.apache.hc.client5.http.headers - http-outgoing-2 >> Connection: keep-alive
23:55:04.909 [Test worker] DEBUG com.github.dockerjava.zerodep.shaded.org.apache.hc.client5.http.headers - http-outgoing-2 >> User-Agent: Apache-HttpClient/5.0.3 (Java/17.0.2)
23:55:04.909 [Test worker] DEBUG com.github.dockerjava.zerodep.shaded.org.apache.hc.client5.http.wire - http-outgoing-2 >> "GET /v1.32/containers/c37a42694b7d1cff581f5e7b89a60b044af4721181408c271e821f1413201ca6/json HTTP/1.1[\r][\n]"
23:55:04.909 [Test worker] DEBUG com.github.dockerjava.zerodep.shaded.org.apache.hc.client5.http.wire - http-outgoing-2 >> "accept: application/json[\r][\n]"
23:55:04.909 [Test worker] DEBUG com.github.dockerjava.zerodep.shaded.org.apache.hc.client5.http.wire - http-outgoing-2 >> "x-tc-sid: 818a13d9-e138-4e41-b5a4-74fd927e6a2d[\r][\n]"
23:55:04.909 [Test worker] DEBUG com.github.dockerjava.zerodep.shaded.org.apache.hc.client5.http.wire - http-outgoing-2 >> "Accept-Encoding: gzip, x-gzip, deflate[\r][\n]"
23:55:04.909 [Test worker] DEBUG com.github.dockerjava.zerodep.shaded.org.apache.hc.client5.http.wire - http-outgoing-2 >> "Host: localhost:2375[\r][\n]"
23:55:04.909 [Test worker] DEBUG com.github.dockerjava.zerodep.shaded.org.apache.hc.client5.http.wire - http-outgoing-2 >> "Connection: keep-alive[\r][\n]"
23:55:04.909 [Test worker] DEBUG com.github.dockerjava.zerodep.shaded.org.apache.hc.client5.http.wire - http-outgoing-2 >> "User-Agent: Apache-HttpClient/5.0.3 (Java/17.0.2)[\r][\n]"
23:55:04.909 [Test worker] DEBUG com.github.dockerjava.zerodep.shaded.org.apache.hc.client5.http.wire - http-outgoing-2 >> "[\r][\n]"
23:55:04.911 [Test worker] DEBUG com.github.dockerjava.zerodep.shaded.org.apache.hc.client5.http.wire - http-outgoing-2 << "HTTP/1.1 200 OK[\r][\n]"
23:55:04.911 [Test worker] DEBUG com.github.dockerjava.zerodep.shaded.org.apache.hc.client5.http.wire - http-outgoing-2 << "Api-Version: 1.41[\r][\n]"
23:55:04.911 [Test worker] DEBUG com.github.dockerjava.zerodep.shaded.org.apache.hc.client5.http.wire - http-outgoing-2 << "Content-Type: application/json[\r][\n]"
23:55:04.911 [Test worker] DEBUG com.github.dockerjava.zerodep.shaded.org.apache.hc.client5.http.wire - http-outgoing-2 << "Date: Mon, 27 Mar 2023 02:55:04 GMT[\r][\n]"
23:55:04.911 [Test worker] DEBUG com.github.dockerjava.zerodep.shaded.org.apache.hc.client5.http.wire - http-outgoing-2 << "Docker-Experimental: false[\r][\n]"
23:55:04.911 [Test worker] DEBUG com.github.dockerjava.zerodep.shaded.org.apache.hc.client5.http.wire - http-outgoing-2 << "Ostype: linux[\r][\n]"
23:55:04.911 [Test worker] DEBUG com.github.dockerjava.zerodep.shaded.org.apache.hc.client5.http.wire - http-outgoing-2 << "Server: Docker/20.10.21 (linux)[\r][\n]"
23:55:04.911 [Test worker] DEBUG com.github.dockerjava.zerodep.shaded.org.apache.hc.client5.http.wire - http-outgoing-2 << "Transfer-Encoding: chunked[\r][\n]"
23:55:04.911 [Test worker] DEBUG com.github.dockerjava.zerodep.shaded.org.apache.hc.client5.http.wire - http-outgoing-2 << "[\r][\n]"
23:55:04.911 [Test worker] DEBUG com.github.dockerjava.zerodep.shaded.org.apache.hc.client5.http.headers - http-outgoing-2 << HTTP/1.1 200 OK
23:55:04.911 [Test worker] DEBUG com.github.dockerjava.zerodep.shaded.org.apache.hc.client5.http.headers - http-outgoing-2 << Api-Version: 1.41
23:55:04.911 [Test worker] DEBUG com.github.dockerjava.zerodep.shaded.org.apache.hc.client5.http.headers - http-outgoing-2 << Content-Type: application/json
23:55:04.911 [Test worker] DEBUG com.github.dockerjava.zerodep.shaded.org.apache.hc.client5.http.headers - http-outgoing-2 << Date: Mon, 27 Mar 2023 02:55:04 GMT
23:55:04.911 [Test worker] DEBUG com.github.dockerjava.zerodep.shaded.org.apache.hc.client5.http.headers - http-outgoing-2 << Docker-Experimental: false
23:55:04.911 [Test worker] DEBUG com.github.dockerjava.zerodep.shaded.org.apache.hc.client5.http.headers - http-outgoing-2 << Ostype: linux
23:55:04.911 [Test worker] DEBUG com.github.dockerjava.zerodep.shaded.org.apache.hc.client5.http.headers - http-outgoing-2 << Server: Docker/20.10.21 (linux)
23:55:04.911 [Test worker] DEBUG com.github.dockerjava.zerodep.shaded.org.apache.hc.client5.http.headers - http-outgoing-2 << Transfer-Encoding: chunked
23:55:04.911 [Test worker] DEBUG com.github.dockerjava.zerodep.shaded.org.apache.hc.client5.http.impl.classic.MainClientExec - ex-0000001B: connection can be kept alive for 3 MINUTES
23:55:04.913 [Test worker] DEBUG com.github.dockerjava.zerodep.shaded.org.apache.hc.client5.http.wire - http-outgoing-2 << "18c1[\r][\n]"
23:55:04.913 [Test worker] DEBUG com.github.dockerjava.zerodep.shaded.org.apache.hc.client5.http.wire - http-outgoing-2 << "{"Id":"c37a42694b7d1cff581f5e7b89a60b044af4721181408c271e821f1413201ca6","Created":"2023-03-27T02:55:02.49734542Z","Path":"docker-entrypoint.sh","Args":["mysqld"],"State":{"Status":"running","Running":true,"Paused":false,"Restarting":false,"OOMKilled":false,"Dead":false,"Pid":18342,"ExitCode":0,"Error":"","StartedAt":"2023-03-27T02:55:03.12719392Z","FinishedAt":"0001-01-01T00:00:00Z"},"Image":"sha256:c7c54c29e20dccc1aefb936c8eba8bb8b98b87a4921102aba87fde2df5810af9","ResolvConfPath":"/var/lib/docker/containers/c37a42694b7d1cff581f5e7b89a60b044af4721181408c271e821f1413201ca6/resolv.conf","HostnamePath":"/var/lib/docker/containers/c37a42694b7d1cff581f5e7b89a60b044af4721181408c271e821f1413201ca6/hostname","HostsPath":"/var/lib/docker/containers/c37a42694b7d1cff581f5e7b89a60b044af4721181408c271e821f1413201ca6/hosts","LogPath":"/var/lib/docker/containers/c37a42694b7d1cff581f5e7b89a60b044af4721181408c271e821f1413201ca6/c37a42694b7d1cff581f5e7b89a60b044af4721181408c271e821f1413201ca6-json.log","Name":"/elegant_mahavira","RestartCount":0,"Driver":"overlay2","Platform":"linux","MountLabel":"","ProcessLabel":"","AppArmorProfile":"","ExecIDs":null,"HostConfig":{"Binds":[],"ContainerIDFile":"","LogConfig":{"Type":"json-file","Config":{}},"NetworkMode":"default","PortBindings":{"3306/tcp":[{"HostIp":"0.0.0.0","HostPort":"0"}]},"RestartPolicy":{"Name":"","MaximumRetryCount":0},"AutoRemove":false,"VolumeDriver":"","VolumesFrom":[],"CapAdd":null,"CapDrop":null,"CgroupnsMode":"private","Dns":null,"DnsOptions":null,"DnsSearch":null,"ExtraHosts":[],"GroupAdd":null,"IpcMode":"shareable","Cgroup":"","Links":null,"OomScoreAdj":0,"PidMode":"","Privileged":false,"PublishAllPorts":false,"ReadonlyRootfs":false,"SecurityOpt":null,"UTSMode":"","UsernsMode":"","ShmSize":67108864,"Runtime":"runc","ConsoleSize":[0,0],"Isolation":"","CpuShares":0,"Memory":0,"NanoCpus":0,"CgroupParent":"","BlkioWeight":0,"BlkioWeightDevice":null,"BlkioDeviceReadBps":null,"BlkioDeviceWriteBps":null,"BlkioDeviceReadIOps":null,"BlkioDeviceWriteIOps":null,"CpuPeriod":0,"CpuQuota":0,"CpuRealtimePeriod":0,"CpuRealtimeRuntime":0,"CpusetCpus":"","CpusetMems":"","Devices":null,"DeviceCgroupRules":null,"DeviceRequests":null,"KernelMemory":0,"KernelMemoryTCP":0,"MemoryReservation":0,"MemorySwap":0,"MemorySwappiness":null,"OomKillDisable":null,"PidsLimit":null,"Ulimits":null,"CpuCount":0,"CpuPercent":0,"IOMaximumIOps":0,"IOMaximumBandwidth":0,"MaskedPaths":["/proc/asound","/proc/acpi","/proc/kcore","/proc/keys","/proc/latency_stats","/proc/timer_list","/proc/timer_stats","/proc/sched_debug","/proc/scsi","/sys/firmware"],"ReadonlyPaths":["/proc/bus","/proc/fs","/proc/irq","/proc/sys","/proc/sysrq-trigger"]},"GraphDriver":{"Data":{"LowerDir":"/var/lib/docker/overlay2/2c15a904a49807090175d7750f18e0f6a57e99c38a424839679cbaf676a4d500-init/diff:/var/lib/docker/overlay2/1bd8849d7a296305617011f940aa5cfabbe972a513397b1b6bbc27639b6c1f30/diff:/var/lib/docker/overlay2/199d69b2fbf78af4d4c95dec4fd2f8835ab0347eb49fb20ebb2ff3b99fedd6ad/diff:/var/lib/docker/overlay2/d83c38d654989311f75b9491329846033bfb7714de76ef635380dcfad5c740d9/diff:/var/lib/docker/overlay2/08600d0aea2ab2728bebcf5d2589c640a842f53d1ba3c4a4adccb4d03b923cf6/diff:/var/lib/docker/overlay2/9ec7c63a3fb14d13ac788bbf5e282ca821edc41260b79944e5e631037d13ecda/diff:/var/lib/docker/overlay2/db601d7a1b4ea6da638db620462f0da96fa55c559d02269c9ddb09027936ed87/diff:/var/lib/docker/overlay2/a6d2bd03f942e2565f21e74cfe152c7ec836a1c2b583f0790c685b92bdcfda24/diff:/var/lib/docker/overlay2/9badd16ea2c5e2bf1fde8b579683e41137dfc46ed5449234149f199a6751cc84/diff:/var/lib/docker/overlay2/6efb85646ed12e2d1181ef4cc6f6f6732c00c15a4035fe17ebc4f075ca573c30/diff:/var/lib/docker/overlay2/895d7c0ec09144d6ed33936f4e98e11c18010f7abd708cae1ce43aec7a7f2621/diff:/var/lib/docker/overlay2/1c4ba77aa573ab6e5e5069fd15eae71b3da940bde0f97a922a227ffc8a1d1096/diff","MergedDir":"/var/lib/docker/overlay2/2c15a904a49807090175d7750f18e0f6a57e99c38a424839679cbaf676a4d500/merged","UpperDir":"/var/lib/docker/overlay2/2c15a904a49807090175d7750f18e0f6a57e99c38a424839679cbaf676a4d500/diff","WorkDir":"/var/lib/docker/overlay2/2c15a904a49807090175d7750f18e0f6a57e99c38a424839679cbaf676a4d500/work"},"Name":"overlay2"},"Mounts":[{"Type":"volume","Name":"44a9389ce95a2961210e86afd6afe42b23405f43157b5dc00e010d283c01df79","Source":"/var/lib/docker/volumes/44a9389ce95a2961210e86afd6afe42b23405f43157b5dc00e010d283c01df79/_data","Destination":"/var/lib/mysql","Driver":"local","Mode":"","RW":true,"Propagation":""}],"Config":{"Hostname":"c37a42694b7d","Domainname":"","User":"","AttachStdin":false,"AttachStdout":false,"AttachStderr":false,"ExposedPorts":{"3306/tcp":{},"33060/tcp":{}},"Tty":false,"OpenStdin":false,"StdinOnce":false,"Env":["MYSQL_DATABASE=adm_videos","MYSQL_PASSWORD=123456","MYSQL_ROOT_PASSWORD=123456","PATH=/usr/local/sbin:/usr/local/bin:/usr/sbin:/usr/bin:/sbin:/bin","GOSU_VERSION=1.16","MYSQL_MAJOR=8.0","MYSQL_VERSION=8.0.32-1.el8","MYSQL_SHELL_VERSION=8.0.32-1.el8"],"Cmd":["mysqld"],"Image":"mysql:latest","Volumes":{"/var/lib/mysql":{}},"WorkingDir":"","Entrypoint":["docker-entrypoint.sh"],"OnBuild":null,"Labels":{"org.testcontainers":"true","org.testcontainers.lang":"java","org.testcontainers.sessionId":"818a13d9-e138-4e41-b5a4-74fd927e6a2d","org.testcontainers.version":"1.17.6"}},"NetworkSettings":{"Bridge":"","SandboxID":"bd1f3a626f226e407a1a406212013b21c93b302c93f9fd53a405b7fc5ff825b3","HairpinMode":false,"LinkLocalIPv6Address":"","LinkLocalIPv6PrefixLen":0,"Ports":{"3306/tcp":[{"HostIp":"0.0.0.0","HostPort":"56289"}],"33060/tcp":null},"SandboxKey":"/var/run/docker/netns/bd1f3a626f22","SecondaryIPAddresses":null,"SecondaryIPv6Addresses":null,"EndpointID":"a2b725c0c5ce4503f8e45e0c2adc4455b29a53a4866d3f23b2bce893a084641f","Gateway":"172.17.0.1","GlobalIPv6Address":"","GlobalIPv6PrefixLen":0,"IPAddress":"172.17.0.3","IPPrefixLen":16,"IPv6Gateway":"","MacAddress":"02:42:ac:11:00:03","Networks":{"bridge":{"IPAMConfig":null,"Links":null,"Aliases":null,"NetworkID":"308e234c143065751b16b4500cb9f48d5c7fc2116504b3d816a5e51cd4771062","EndpointID":"a2b725c0c5ce4503f8e45e0c2adc4455b29a53a4866d3f23b2bce893a084641f","Gateway":"172.17.0.1","IPAddress":"172.17.0.3","IPPrefixLen":16,"IPv6Gateway":"","GlobalIPv6Address":"","GlobalIPv6PrefixLen":0,"MacAddress":"02:42:ac:11:00:03","DriverOpts":null}}}}[\n]"
23:55:04.913 [Test worker] DEBUG com.github.dockerjava.zerodep.shaded.org.apache.hc.client5.http.wire - http-outgoing-2 << "[\r][\n]"
23:55:04.913 [Test worker] DEBUG com.github.dockerjava.zerodep.shaded.org.apache.hc.client5.http.wire - http-outgoing-2 << "0[\r][\n]"
23:55:04.913 [Test worker] DEBUG com.github.dockerjava.zerodep.shaded.org.apache.hc.client5.http.wire - http-outgoing-2 << "[\r][\n]"
23:55:04.915 [Test worker] DEBUG com.github.dockerjava.zerodep.shaded.org.apache.hc.client5.http.impl.classic.InternalHttpClient - ep-0000001A: releasing valid endpoint
23:55:04.915 [Test worker] DEBUG com.github.dockerjava.zerodep.shaded.org.apache.hc.client5.http.impl.io.PoolingHttpClientConnectionManager - ep-0000001A: releasing endpoint
23:55:04.915 [Test worker] DEBUG com.github.dockerjava.zerodep.shaded.org.apache.hc.client5.http.impl.io.PoolingHttpClientConnectionManager - ep-0000001A: connection http-outgoing-2 can be kept alive for 3 MINUTES
23:55:04.915 [Test worker] DEBUG com.github.dockerjava.zerodep.shaded.org.apache.hc.client5.http.impl.io.PoolingHttpClientConnectionManager - ep-0000001A: connection released [route: {}->unix://localhost:2375][total available: 1; route allocated: 1 of 2147483647; total allocated: 1 of 2147483647]
23:55:04.915 [Test worker] DEBUG ]]>&#x1f433;<![CDATA[ [mysql:latest] - Trying to create JDBC connection using com.mysql.cj.jdbc.Driver to jdbc:mysql://localhost:56289/adm_videos?useSSL=false&allowPublicKeyRetrieval=true with properties: {password=123456, user=root}
23:55:05.022 [Test worker] DEBUG org.testcontainers.shaded.com.github.dockerjava.core.command.AbstrDockerCmd - Cmd: c37a42694b7d1cff581f5e7b89a60b044af4721181408c271e821f1413201ca6,false
23:55:05.023 [Test worker] DEBUG org.testcontainers.shaded.com.github.dockerjava.core.exec.InspectContainerCmdExec - GET: DefaultWebTarget{path=[/containers/c37a42694b7d1cff581f5e7b89a60b044af4721181408c271e821f1413201ca6/json], queryParams={}}
23:55:05.024 [Test worker] DEBUG com.github.dockerjava.zerodep.shaded.org.apache.hc.client5.http.impl.classic.InternalHttpClient - ex-0000001C: preparing request execution
23:55:05.024 [Test worker] DEBUG com.github.dockerjava.zerodep.shaded.org.apache.hc.client5.http.protocol.RequestAddCookies - Cookie spec selected: strict
23:55:05.024 [Test worker] DEBUG com.github.dockerjava.zerodep.shaded.org.apache.hc.client5.http.protocol.RequestAuthCache - Auth cache not set in the context
23:55:05.024 [Test worker] DEBUG com.github.dockerjava.zerodep.shaded.org.apache.hc.client5.http.impl.classic.ProtocolExec - ex-0000001C: target auth state: UNCHALLENGED
23:55:05.024 [Test worker] DEBUG com.github.dockerjava.zerodep.shaded.org.apache.hc.client5.http.impl.classic.ProtocolExec - ex-0000001C: proxy auth state: UNCHALLENGED
23:55:05.024 [Test worker] DEBUG com.github.dockerjava.zerodep.shaded.org.apache.hc.client5.http.impl.classic.ConnectExec - ex-0000001C: acquiring connection with route {}->unix://localhost:2375
23:55:05.024 [Test worker] DEBUG com.github.dockerjava.zerodep.shaded.org.apache.hc.client5.http.impl.classic.InternalHttpClient - ex-0000001C: acquiring endpoint (3 MINUTES)
23:55:05.024 [Test worker] DEBUG com.github.dockerjava.zerodep.shaded.org.apache.hc.client5.http.impl.io.PoolingHttpClientConnectionManager - ex-0000001C: endpoint lease request (3 MINUTES) [route: {}->unix://localhost:2375][total available: 1; route allocated: 1 of 2147483647; total allocated: 1 of 2147483647]
23:55:05.024 [Test worker] DEBUG com.github.dockerjava.zerodep.shaded.org.apache.hc.client5.http.impl.io.PoolingHttpClientConnectionManager - ex-0000001C: endpoint leased [route: {}->unix://localhost:2375][total available: 0; route allocated: 1 of 2147483647; total allocated: 1 of 2147483647]
23:55:05.024 [Test worker] DEBUG com.github.dockerjava.zerodep.shaded.org.apache.hc.client5.http.impl.io.PoolingHttpClientConnectionManager - ex-0000001C: acquired ep-0000001B
23:55:05.024 [Test worker] DEBUG com.github.dockerjava.zerodep.shaded.org.apache.hc.client5.http.impl.classic.InternalHttpClient - ex-0000001C: acquired endpoint ep-0000001B
23:55:05.024 [Test worker] DEBUG com.github.dockerjava.zerodep.shaded.org.apache.hc.client5.http.impl.classic.MainClientExec - ex-0000001C: executing GET /v1.32/containers/c37a42694b7d1cff581f5e7b89a60b044af4721181408c271e821f1413201ca6/json HTTP/1.1
23:55:05.024 [Test worker] DEBUG com.github.dockerjava.zerodep.shaded.org.apache.hc.client5.http.impl.classic.InternalHttpClient - ep-0000001B: start execution ex-0000001C
23:55:05.024 [Test worker] DEBUG com.github.dockerjava.zerodep.shaded.org.apache.hc.client5.http.impl.io.PoolingHttpClientConnectionManager - ep-0000001B: executing exchange ex-0000001C over http-outgoing-2
23:55:05.024 [Test worker] DEBUG com.github.dockerjava.zerodep.shaded.org.apache.hc.client5.http.headers - http-outgoing-2 >> GET /v1.32/containers/c37a42694b7d1cff581f5e7b89a60b044af4721181408c271e821f1413201ca6/json HTTP/1.1
23:55:05.025 [Test worker] DEBUG com.github.dockerjava.zerodep.shaded.org.apache.hc.client5.http.headers - http-outgoing-2 >> accept: application/json
23:55:05.025 [Test worker] DEBUG com.github.dockerjava.zerodep.shaded.org.apache.hc.client5.http.headers - http-outgoing-2 >> x-tc-sid: 818a13d9-e138-4e41-b5a4-74fd927e6a2d
23:55:05.025 [Test worker] DEBUG com.github.dockerjava.zerodep.shaded.org.apache.hc.client5.http.headers - http-outgoing-2 >> Accept-Encoding: gzip, x-gzip, deflate
23:55:05.025 [Test worker] DEBUG com.github.dockerjava.zerodep.shaded.org.apache.hc.client5.http.headers - http-outgoing-2 >> Host: localhost:2375
23:55:05.025 [Test worker] DEBUG com.github.dockerjava.zerodep.shaded.org.apache.hc.client5.http.headers - http-outgoing-2 >> Connection: keep-alive
23:55:05.025 [Test worker] DEBUG com.github.dockerjava.zerodep.shaded.org.apache.hc.client5.http.headers - http-outgoing-2 >> User-Agent: Apache-HttpClient/5.0.3 (Java/17.0.2)
23:55:05.025 [Test worker] DEBUG com.github.dockerjava.zerodep.shaded.org.apache.hc.client5.http.wire - http-outgoing-2 >> "GET /v1.32/containers/c37a42694b7d1cff581f5e7b89a60b044af4721181408c271e821f1413201ca6/json HTTP/1.1[\r][\n]"
23:55:05.025 [Test worker] DEBUG com.github.dockerjava.zerodep.shaded.org.apache.hc.client5.http.wire - http-outgoing-2 >> "accept: application/json[\r][\n]"
23:55:05.025 [Test worker] DEBUG com.github.dockerjava.zerodep.shaded.org.apache.hc.client5.http.wire - http-outgoing-2 >> "x-tc-sid: 818a13d9-e138-4e41-b5a4-74fd927e6a2d[\r][\n]"
23:55:05.025 [Test worker] DEBUG com.github.dockerjava.zerodep.shaded.org.apache.hc.client5.http.wire - http-outgoing-2 >> "Accept-Encoding: gzip, x-gzip, deflate[\r][\n]"
23:55:05.025 [Test worker] DEBUG com.github.dockerjava.zerodep.shaded.org.apache.hc.client5.http.wire - http-outgoing-2 >> "Host: localhost:2375[\r][\n]"
23:55:05.025 [Test worker] DEBUG com.github.dockerjava.zerodep.shaded.org.apache.hc.client5.http.wire - http-outgoing-2 >> "Connection: keep-alive[\r][\n]"
23:55:05.025 [Test worker] DEBUG com.github.dockerjava.zerodep.shaded.org.apache.hc.client5.http.wire - http-outgoing-2 >> "User-Agent: Apache-HttpClient/5.0.3 (Java/17.0.2)[\r][\n]"
23:55:05.025 [Test worker] DEBUG com.github.dockerjava.zerodep.shaded.org.apache.hc.client5.http.wire - http-outgoing-2 >> "[\r][\n]"
23:55:05.027 [Test worker] DEBUG com.github.dockerjava.zerodep.shaded.org.apache.hc.client5.http.wire - http-outgoing-2 << "HTTP/1.1 200 OK[\r][\n]"
23:55:05.027 [Test worker] DEBUG com.github.dockerjava.zerodep.shaded.org.apache.hc.client5.http.wire - http-outgoing-2 << "Api-Version: 1.41[\r][\n]"
23:55:05.027 [Test worker] DEBUG com.github.dockerjava.zerodep.shaded.org.apache.hc.client5.http.wire - http-outgoing-2 << "Content-Type: application/json[\r][\n]"
23:55:05.027 [Test worker] DEBUG com.github.dockerjava.zerodep.shaded.org.apache.hc.client5.http.wire - http-outgoing-2 << "Date: Mon, 27 Mar 2023 02:55:05 GMT[\r][\n]"
23:55:05.027 [Test worker] DEBUG com.github.dockerjava.zerodep.shaded.org.apache.hc.client5.http.wire - http-outgoing-2 << "Docker-Experimental: false[\r][\n]"
23:55:05.027 [Test worker] DEBUG com.github.dockerjava.zerodep.shaded.org.apache.hc.client5.http.wire - http-outgoing-2 << "Ostype: linux[\r][\n]"
23:55:05.027 [Test worker] DEBUG com.github.dockerjava.zerodep.shaded.org.apache.hc.client5.http.wire - http-outgoing-2 << "Server: Docker/20.10.21 (linux)[\r][\n]"
23:55:05.027 [Test worker] DEBUG com.github.dockerjava.zerodep.shaded.org.apache.hc.client5.http.wire - http-outgoing-2 << "Transfer-Encoding: chunked[\r][\n]"
23:55:05.027 [Test worker] DEBUG com.github.dockerjava.zerodep.shaded.org.apache.hc.client5.http.wire - http-outgoing-2 << "[\r][\n]"
23:55:05.027 [Test worker] DEBUG com.github.dockerjava.zerodep.shaded.org.apache.hc.client5.http.headers - http-outgoing-2 << HTTP/1.1 200 OK
23:55:05.027 [Test worker] DEBUG com.github.dockerjava.zerodep.shaded.org.apache.hc.client5.http.headers - http-outgoing-2 << Api-Version: 1.41
23:55:05.027 [Test worker] DEBUG com.github.dockerjava.zerodep.shaded.org.apache.hc.client5.http.headers - http-outgoing-2 << Content-Type: application/json
23:55:05.027 [Test worker] DEBUG com.github.dockerjava.zerodep.shaded.org.apache.hc.client5.http.headers - http-outgoing-2 << Date: Mon, 27 Mar 2023 02:55:05 GMT
23:55:05.027 [Test worker] DEBUG com.github.dockerjava.zerodep.shaded.org.apache.hc.client5.http.headers - http-outgoing-2 << Docker-Experimental: false
23:55:05.027 [Test worker] DEBUG com.github.dockerjava.zerodep.shaded.org.apache.hc.client5.http.headers - http-outgoing-2 << Ostype: linux
23:55:05.027 [Test worker] DEBUG com.github.dockerjava.zerodep.shaded.org.apache.hc.client5.http.headers - http-outgoing-2 << Server: Docker/20.10.21 (linux)
23:55:05.027 [Test worker] DEBUG com.github.dockerjava.zerodep.shaded.org.apache.hc.client5.http.headers - http-outgoing-2 << Transfer-Encoding: chunked
23:55:05.027 [Test worker] DEBUG com.github.dockerjava.zerodep.shaded.org.apache.hc.client5.http.impl.classic.MainClientExec - ex-0000001C: connection can be kept alive for 3 MINUTES
23:55:05.028 [Test worker] DEBUG com.github.dockerjava.zerodep.shaded.org.apache.hc.client5.http.wire - http-outgoing-2 << "18c1[\r][\n]"
23:55:05.028 [Test worker] DEBUG com.github.dockerjava.zerodep.shaded.org.apache.hc.client5.http.wire - http-outgoing-2 << "{"Id":"c37a42694b7d1cff581f5e7b89a60b044af4721181408c271e821f1413201ca6","Created":"2023-03-27T02:55:02.49734542Z","Path":"docker-entrypoint.sh","Args":["mysqld"],"State":{"Status":"running","Running":true,"Paused":false,"Restarting":false,"OOMKilled":false,"Dead":false,"Pid":18342,"ExitCode":0,"Error":"","StartedAt":"2023-03-27T02:55:03.12719392Z","FinishedAt":"0001-01-01T00:00:00Z"},"Image":"sha256:c7c54c29e20dccc1aefb936c8eba8bb8b98b87a4921102aba87fde2df5810af9","ResolvConfPath":"/var/lib/docker/containers/c37a42694b7d1cff581f5e7b89a60b044af4721181408c271e821f1413201ca6/resolv.conf","HostnamePath":"/var/lib/docker/containers/c37a42694b7d1cff581f5e7b89a60b044af4721181408c271e821f1413201ca6/hostname","HostsPath":"/var/lib/docker/containers/c37a42694b7d1cff581f5e7b89a60b044af4721181408c271e821f1413201ca6/hosts","LogPath":"/var/lib/docker/containers/c37a42694b7d1cff581f5e7b89a60b044af4721181408c271e821f1413201ca6/c37a42694b7d1cff581f5e7b89a60b044af4721181408c271e821f1413201ca6-json.log","Name":"/elegant_mahavira","RestartCount":0,"Driver":"overlay2","Platform":"linux","MountLabel":"","ProcessLabel":"","AppArmorProfile":"","ExecIDs":null,"HostConfig":{"Binds":[],"ContainerIDFile":"","LogConfig":{"Type":"json-file","Config":{}},"NetworkMode":"default","PortBindings":{"3306/tcp":[{"HostIp":"0.0.0.0","HostPort":"0"}]},"RestartPolicy":{"Name":"","MaximumRetryCount":0},"AutoRemove":false,"VolumeDriver":"","VolumesFrom":[],"CapAdd":null,"CapDrop":null,"CgroupnsMode":"private","Dns":null,"DnsOptions":null,"DnsSearch":null,"ExtraHosts":[],"GroupAdd":null,"IpcMode":"shareable","Cgroup":"","Links":null,"OomScoreAdj":0,"PidMode":"","Privileged":false,"PublishAllPorts":false,"ReadonlyRootfs":false,"SecurityOpt":null,"UTSMode":"","UsernsMode":"","ShmSize":67108864,"Runtime":"runc","ConsoleSize":[0,0],"Isolation":"","CpuShares":0,"Memory":0,"NanoCpus":0,"CgroupParent":"","BlkioWeight":0,"BlkioWeightDevice":null,"BlkioDeviceReadBps":null,"BlkioDeviceWriteBps":null,"BlkioDeviceReadIOps":null,"BlkioDeviceWriteIOps":null,"CpuPeriod":0,"CpuQuota":0,"CpuRealtimePeriod":0,"CpuRealtimeRuntime":0,"CpusetCpus":"","CpusetMems":"","Devices":null,"DeviceCgroupRules":null,"DeviceRequests":null,"KernelMemory":0,"KernelMemoryTCP":0,"MemoryReservation":0,"MemorySwap":0,"MemorySwappiness":null,"OomKillDisable":null,"PidsLimit":null,"Ulimits":null,"CpuCount":0,"CpuPercent":0,"IOMaximumIOps":0,"IOMaximumBandwidth":0,"MaskedPaths":["/proc/asound","/proc/acpi","/proc/kcore","/proc/keys","/proc/latency_stats","/proc/timer_list","/proc/timer_stats","/proc/sched_debug","/proc/scsi","/sys/firmware"],"ReadonlyPaths":["/proc/bus","/proc/fs","/proc/irq","/proc/sys","/proc/sysrq-trigger"]},"GraphDriver":{"Data":{"LowerDir":"/var/lib/docker/overlay2/2c15a904a49807090175d7750f18e0f6a57e99c38a424839679cbaf676a4d500-init/diff:/var/lib/docker/overlay2/1bd8849d7a296305617011f940aa5cfabbe972a513397b1b6bbc27639b6c1f30/diff:/var/lib/docker/overlay2/199d69b2fbf78af4d4c95dec4fd2f8835ab0347eb49fb20ebb2ff3b99fedd6ad/diff:/var/lib/docker/overlay2/d83c38d654989311f75b9491329846033bfb7714de76ef635380dcfad5c740d9/diff:/var/lib/docker/overlay2/08600d0aea2ab2728bebcf5d2589c640a842f53d1ba3c4a4adccb4d03b923cf6/diff:/var/lib/docker/overlay2/9ec7c63a3fb14d13ac788bbf5e282ca821edc41260b79944e5e631037d13ecda/diff:/var/lib/docker/overlay2/db601d7a1b4ea6da638db620462f0da96fa55c559d02269c9ddb09027936ed87/diff:/var/lib/docker/overlay2/a6d2bd03f942e2565f21e74cfe152c7ec836a1c2b583f0790c685b92bdcfda24/diff:/var/lib/docker/overlay2/9badd16ea2c5e2bf1fde8b579683e41137dfc46ed5449234149f199a6751cc84/diff:/var/lib/docker/overlay2/6efb85646ed12e2d1181ef4cc6f6f6732c00c15a4035fe17ebc4f075ca573c30/diff:/var/lib/docker/overlay2/895d7c0ec09144d6ed33936f4e98e11c18010f7abd708cae1ce43aec7a7f2621/diff:/var/lib/docker/overlay2/1c4ba77aa573ab6e5e5069fd15eae71b3da940bde0f97a922a227ffc8a1d1096/diff","MergedDir":"/var/lib/docker/overlay2/2c15a904a49807090175d7750f18e0f6a57e99c38a424839679cbaf676a4d500/merged","UpperDir":"/var/lib/docker/overlay2/2c15a904a49807090175d7750f18e0f6a57e99c38a424839679cbaf676a4d500/diff","WorkDir":"/var/lib/docker/overlay2/2c15a904a49807090175d7750f18e0f6a57e99c38a424839679cbaf676a4d500/work"},"Name":"overlay2"},"Mounts":[{"Type":"volume","Name":"44a9389ce95a2961210e86afd6afe42b23405f43157b5dc00e010d283c01df79","Source":"/var/lib/docker/volumes/44a9389ce95a2961210e86afd6afe42b23405f43157b5dc00e010d283c01df79/_data","Destination":"/var/lib/mysql","Driver":"local","Mode":"","RW":true,"Propagation":""}],"Config":{"Hostname":"c37a42694b7d","Domainname":"","User":"","AttachStdin":false,"AttachStdout":false,"AttachStderr":false,"ExposedPorts":{"3306/tcp":{},"33060/tcp":{}},"Tty":false,"OpenStdin":false,"StdinOnce":false,"Env":["MYSQL_DATABASE=adm_videos","MYSQL_PASSWORD=123456","MYSQL_ROOT_PASSWORD=123456","PATH=/usr/local/sbin:/usr/local/bin:/usr/sbin:/usr/bin:/sbin:/bin","GOSU_VERSION=1.16","MYSQL_MAJOR=8.0","MYSQL_VERSION=8.0.32-1.el8","MYSQL_SHELL_VERSION=8.0.32-1.el8"],"Cmd":["mysqld"],"Image":"mysql:latest","Volumes":{"/var/lib/mysql":{}},"WorkingDir":"","Entrypoint":["docker-entrypoint.sh"],"OnBuild":null,"Labels":{"org.testcontainers":"true","org.testcontainers.lang":"java","org.testcontainers.sessionId":"818a13d9-e138-4e41-b5a4-74fd927e6a2d","org.testcontainers.version":"1.17.6"}},"NetworkSettings":{"Bridge":"","SandboxID":"bd1f3a626f226e407a1a406212013b21c93b302c93f9fd53a405b7fc5ff825b3","HairpinMode":false,"LinkLocalIPv6Address":"","LinkLocalIPv6PrefixLen":0,"Ports":{"3306/tcp":[{"HostIp":"0.0.0.0","HostPort":"56289"}],"33060/tcp":null},"SandboxKey":"/var/run/docker/netns/bd1f3a626f22","SecondaryIPAddresses":null,"SecondaryIPv6Addresses":null,"EndpointID":"a2b725c0c5ce4503f8e45e0c2adc4455b29a53a4866d3f23b2bce893a084641f","Gateway":"172.17.0.1","GlobalIPv6Address":"","GlobalIPv6PrefixLen":0,"IPAddress":"172.17.0.3","IPPrefixLen":16,"IPv6Gateway":"","MacAddress":"02:42:ac:11:00:03","Networks":{"bridge":{"IPAMConfig":null,"Links":null,"Aliases":null,"NetworkID":"308e234c143065751b16b4500cb9f48d5c7fc2116504b3d816a5e51cd4771062","EndpointID":"a2b725c0c5ce4503f8e45e0c2adc4455b29a53a4866d3f23b2bce893a084641f","Gateway":"172.17.0.1","IPAddress":"172.17.0.3","IPPrefixLen":16,"IPv6Gateway":"","GlobalIPv6Address":"","GlobalIPv6PrefixLen":0,"MacAddress":"02:42:ac:11:00:03","DriverOpts":null}}}}[\n]"
23:55:05.028 [Test worker] DEBUG com.github.dockerjava.zerodep.shaded.org.apache.hc.client5.http.wire - http-outgoing-2 << "[\r][\n]"
23:55:05.029 [Test worker] DEBUG com.github.dockerjava.zerodep.shaded.org.apache.hc.client5.http.wire - http-outgoing-2 << "0[\r][\n]"
23:55:05.030 [Test worker] DEBUG com.github.dockerjava.zerodep.shaded.org.apache.hc.client5.http.wire - http-outgoing-2 << "[\r][\n]"
23:55:05.030 [Test worker] DEBUG com.github.dockerjava.zerodep.shaded.org.apache.hc.client5.http.impl.classic.InternalHttpClient - ep-0000001B: releasing valid endpoint
23:55:05.030 [Test worker] DEBUG com.github.dockerjava.zerodep.shaded.org.apache.hc.client5.http.impl.io.PoolingHttpClientConnectionManager - ep-0000001B: releasing endpoint
23:55:05.030 [Test worker] DEBUG com.github.dockerjava.zerodep.shaded.org.apache.hc.client5.http.impl.io.PoolingHttpClientConnectionManager - ep-0000001B: connection http-outgoing-2 can be kept alive for 3 MINUTES
23:55:05.030 [Test worker] DEBUG com.github.dockerjava.zerodep.shaded.org.apache.hc.client5.http.impl.io.PoolingHttpClientConnectionManager - ep-0000001B: connection released [route: {}->unix://localhost:2375][total available: 1; route allocated: 1 of 2147483647; total allocated: 1 of 2147483647]
23:55:05.030 [Test worker] DEBUG ]]>&#x1f433;<![CDATA[ [mysql:latest] - Trying to create JDBC connection using com.mysql.cj.jdbc.Driver to jdbc:mysql://localhost:56289/adm_videos?useSSL=false&allowPublicKeyRetrieval=true with properties: {password=123456, user=root}
23:55:05.136 [Test worker] DEBUG org.testcontainers.shaded.com.github.dockerjava.core.command.AbstrDockerCmd - Cmd: c37a42694b7d1cff581f5e7b89a60b044af4721181408c271e821f1413201ca6,false
23:55:05.137 [Test worker] DEBUG org.testcontainers.shaded.com.github.dockerjava.core.exec.InspectContainerCmdExec - GET: DefaultWebTarget{path=[/containers/c37a42694b7d1cff581f5e7b89a60b044af4721181408c271e821f1413201ca6/json], queryParams={}}
23:55:05.137 [Test worker] DEBUG com.github.dockerjava.zerodep.shaded.org.apache.hc.client5.http.impl.classic.InternalHttpClient - ex-0000001D: preparing request execution
23:55:05.138 [Test worker] DEBUG com.github.dockerjava.zerodep.shaded.org.apache.hc.client5.http.protocol.RequestAddCookies - Cookie spec selected: strict
23:55:05.138 [Test worker] DEBUG com.github.dockerjava.zerodep.shaded.org.apache.hc.client5.http.protocol.RequestAuthCache - Auth cache not set in the context
23:55:05.138 [Test worker] DEBUG com.github.dockerjava.zerodep.shaded.org.apache.hc.client5.http.impl.classic.ProtocolExec - ex-0000001D: target auth state: UNCHALLENGED
23:55:05.138 [Test worker] DEBUG com.github.dockerjava.zerodep.shaded.org.apache.hc.client5.http.impl.classic.ProtocolExec - ex-0000001D: proxy auth state: UNCHALLENGED
23:55:05.138 [Test worker] DEBUG com.github.dockerjava.zerodep.shaded.org.apache.hc.client5.http.impl.classic.ConnectExec - ex-0000001D: acquiring connection with route {}->unix://localhost:2375
23:55:05.138 [Test worker] DEBUG com.github.dockerjava.zerodep.shaded.org.apache.hc.client5.http.impl.classic.InternalHttpClient - ex-0000001D: acquiring endpoint (3 MINUTES)
23:55:05.138 [Test worker] DEBUG com.github.dockerjava.zerodep.shaded.org.apache.hc.client5.http.impl.io.PoolingHttpClientConnectionManager - ex-0000001D: endpoint lease request (3 MINUTES) [route: {}->unix://localhost:2375][total available: 1; route allocated: 1 of 2147483647; total allocated: 1 of 2147483647]
23:55:05.138 [Test worker] DEBUG com.github.dockerjava.zerodep.shaded.org.apache.hc.client5.http.impl.io.PoolingHttpClientConnectionManager - ex-0000001D: endpoint leased [route: {}->unix://localhost:2375][total available: 0; route allocated: 1 of 2147483647; total allocated: 1 of 2147483647]
23:55:05.138 [Test worker] DEBUG com.github.dockerjava.zerodep.shaded.org.apache.hc.client5.http.impl.io.PoolingHttpClientConnectionManager - ex-0000001D: acquired ep-0000001C
23:55:05.138 [Test worker] DEBUG com.github.dockerjava.zerodep.shaded.org.apache.hc.client5.http.impl.classic.InternalHttpClient - ex-0000001D: acquired endpoint ep-0000001C
23:55:05.138 [Test worker] DEBUG com.github.dockerjava.zerodep.shaded.org.apache.hc.client5.http.impl.classic.MainClientExec - ex-0000001D: executing GET /v1.32/containers/c37a42694b7d1cff581f5e7b89a60b044af4721181408c271e821f1413201ca6/json HTTP/1.1
23:55:05.138 [Test worker] DEBUG com.github.dockerjava.zerodep.shaded.org.apache.hc.client5.http.impl.classic.InternalHttpClient - ep-0000001C: start execution ex-0000001D
23:55:05.138 [Test worker] DEBUG com.github.dockerjava.zerodep.shaded.org.apache.hc.client5.http.impl.io.PoolingHttpClientConnectionManager - ep-0000001C: executing exchange ex-0000001D over http-outgoing-2
23:55:05.138 [Test worker] DEBUG com.github.dockerjava.zerodep.shaded.org.apache.hc.client5.http.headers - http-outgoing-2 >> GET /v1.32/containers/c37a42694b7d1cff581f5e7b89a60b044af4721181408c271e821f1413201ca6/json HTTP/1.1
23:55:05.138 [Test worker] DEBUG com.github.dockerjava.zerodep.shaded.org.apache.hc.client5.http.headers - http-outgoing-2 >> accept: application/json
23:55:05.138 [Test worker] DEBUG com.github.dockerjava.zerodep.shaded.org.apache.hc.client5.http.headers - http-outgoing-2 >> x-tc-sid: 818a13d9-e138-4e41-b5a4-74fd927e6a2d
23:55:05.138 [Test worker] DEBUG com.github.dockerjava.zerodep.shaded.org.apache.hc.client5.http.headers - http-outgoing-2 >> Accept-Encoding: gzip, x-gzip, deflate
23:55:05.138 [Test worker] DEBUG com.github.dockerjava.zerodep.shaded.org.apache.hc.client5.http.headers - http-outgoing-2 >> Host: localhost:2375
23:55:05.138 [Test worker] DEBUG com.github.dockerjava.zerodep.shaded.org.apache.hc.client5.http.headers - http-outgoing-2 >> Connection: keep-alive
23:55:05.138 [Test worker] DEBUG com.github.dockerjava.zerodep.shaded.org.apache.hc.client5.http.headers - http-outgoing-2 >> User-Agent: Apache-HttpClient/5.0.3 (Java/17.0.2)
23:55:05.138 [Test worker] DEBUG com.github.dockerjava.zerodep.shaded.org.apache.hc.client5.http.wire - http-outgoing-2 >> "GET /v1.32/containers/c37a42694b7d1cff581f5e7b89a60b044af4721181408c271e821f1413201ca6/json HTTP/1.1[\r][\n]"
23:55:05.138 [Test worker] DEBUG com.github.dockerjava.zerodep.shaded.org.apache.hc.client5.http.wire - http-outgoing-2 >> "accept: application/json[\r][\n]"
23:55:05.138 [Test worker] DEBUG com.github.dockerjava.zerodep.shaded.org.apache.hc.client5.http.wire - http-outgoing-2 >> "x-tc-sid: 818a13d9-e138-4e41-b5a4-74fd927e6a2d[\r][\n]"
23:55:05.138 [Test worker] DEBUG com.github.dockerjava.zerodep.shaded.org.apache.hc.client5.http.wire - http-outgoing-2 >> "Accept-Encoding: gzip, x-gzip, deflate[\r][\n]"
23:55:05.138 [Test worker] DEBUG com.github.dockerjava.zerodep.shaded.org.apache.hc.client5.http.wire - http-outgoing-2 >> "Host: localhost:2375[\r][\n]"
23:55:05.138 [Test worker] DEBUG com.github.dockerjava.zerodep.shaded.org.apache.hc.client5.http.wire - http-outgoing-2 >> "Connection: keep-alive[\r][\n]"
23:55:05.138 [Test worker] DEBUG com.github.dockerjava.zerodep.shaded.org.apache.hc.client5.http.wire - http-outgoing-2 >> "User-Agent: Apache-HttpClient/5.0.3 (Java/17.0.2)[\r][\n]"
23:55:05.138 [Test worker] DEBUG com.github.dockerjava.zerodep.shaded.org.apache.hc.client5.http.wire - http-outgoing-2 >> "[\r][\n]"
23:55:05.140 [Test worker] DEBUG com.github.dockerjava.zerodep.shaded.org.apache.hc.client5.http.wire - http-outgoing-2 << "HTTP/1.1 200 OK[\r][\n]"
23:55:05.140 [Test worker] DEBUG com.github.dockerjava.zerodep.shaded.org.apache.hc.client5.http.wire - http-outgoing-2 << "Api-Version: 1.41[\r][\n]"
23:55:05.140 [Test worker] DEBUG com.github.dockerjava.zerodep.shaded.org.apache.hc.client5.http.wire - http-outgoing-2 << "Content-Type: application/json[\r][\n]"
23:55:05.140 [Test worker] DEBUG com.github.dockerjava.zerodep.shaded.org.apache.hc.client5.http.wire - http-outgoing-2 << "Date: Mon, 27 Mar 2023 02:55:05 GMT[\r][\n]"
23:55:05.140 [Test worker] DEBUG com.github.dockerjava.zerodep.shaded.org.apache.hc.client5.http.wire - http-outgoing-2 << "Docker-Experimental: false[\r][\n]"
23:55:05.140 [Test worker] DEBUG com.github.dockerjava.zerodep.shaded.org.apache.hc.client5.http.wire - http-outgoing-2 << "Ostype: linux[\r][\n]"
23:55:05.140 [Test worker] DEBUG com.github.dockerjava.zerodep.shaded.org.apache.hc.client5.http.wire - http-outgoing-2 << "Server: Docker/20.10.21 (linux)[\r][\n]"
23:55:05.140 [Test worker] DEBUG com.github.dockerjava.zerodep.shaded.org.apache.hc.client5.http.wire - http-outgoing-2 << "Transfer-Encoding: chunked[\r][\n]"
23:55:05.140 [Test worker] DEBUG com.github.dockerjava.zerodep.shaded.org.apache.hc.client5.http.wire - http-outgoing-2 << "[\r][\n]"
23:55:05.140 [Test worker] DEBUG com.github.dockerjava.zerodep.shaded.org.apache.hc.client5.http.headers - http-outgoing-2 << HTTP/1.1 200 OK
23:55:05.140 [Test worker] DEBUG com.github.dockerjava.zerodep.shaded.org.apache.hc.client5.http.headers - http-outgoing-2 << Api-Version: 1.41
23:55:05.140 [Test worker] DEBUG com.github.dockerjava.zerodep.shaded.org.apache.hc.client5.http.headers - http-outgoing-2 << Content-Type: application/json
23:55:05.140 [Test worker] DEBUG com.github.dockerjava.zerodep.shaded.org.apache.hc.client5.http.headers - http-outgoing-2 << Date: Mon, 27 Mar 2023 02:55:05 GMT
23:55:05.140 [Test worker] DEBUG com.github.dockerjava.zerodep.shaded.org.apache.hc.client5.http.headers - http-outgoing-2 << Docker-Experimental: false
23:55:05.140 [Test worker] DEBUG com.github.dockerjava.zerodep.shaded.org.apache.hc.client5.http.headers - http-outgoing-2 << Ostype: linux
23:55:05.141 [Test worker] DEBUG com.github.dockerjava.zerodep.shaded.org.apache.hc.client5.http.headers - http-outgoing-2 << Server: Docker/20.10.21 (linux)
23:55:05.141 [Test worker] DEBUG com.github.dockerjava.zerodep.shaded.org.apache.hc.client5.http.headers - http-outgoing-2 << Transfer-Encoding: chunked
23:55:05.141 [Test worker] DEBUG com.github.dockerjava.zerodep.shaded.org.apache.hc.client5.http.impl.classic.MainClientExec - ex-0000001D: connection can be kept alive for 3 MINUTES
23:55:05.142 [Test worker] DEBUG com.github.dockerjava.zerodep.shaded.org.apache.hc.client5.http.wire - http-outgoing-2 << "18c1[\r][\n]"
23:55:05.142 [Test worker] DEBUG com.github.dockerjava.zerodep.shaded.org.apache.hc.client5.http.wire - http-outgoing-2 << "{"Id":"c37a42694b7d1cff581f5e7b89a60b044af4721181408c271e821f1413201ca6","Created":"2023-03-27T02:55:02.49734542Z","Path":"docker-entrypoint.sh","Args":["mysqld"],"State":{"Status":"running","Running":true,"Paused":false,"Restarting":false,"OOMKilled":false,"Dead":false,"Pid":18342,"ExitCode":0,"Error":"","StartedAt":"2023-03-27T02:55:03.12719392Z","FinishedAt":"0001-01-01T00:00:00Z"},"Image":"sha256:c7c54c29e20dccc1aefb936c8eba8bb8b98b87a4921102aba87fde2df5810af9","ResolvConfPath":"/var/lib/docker/containers/c37a42694b7d1cff581f5e7b89a60b044af4721181408c271e821f1413201ca6/resolv.conf","HostnamePath":"/var/lib/docker/containers/c37a42694b7d1cff581f5e7b89a60b044af4721181408c271e821f1413201ca6/hostname","HostsPath":"/var/lib/docker/containers/c37a42694b7d1cff581f5e7b89a60b044af4721181408c271e821f1413201ca6/hosts","LogPath":"/var/lib/docker/containers/c37a42694b7d1cff581f5e7b89a60b044af4721181408c271e821f1413201ca6/c37a42694b7d1cff581f5e7b89a60b044af4721181408c271e821f1413201ca6-json.log","Name":"/elegant_mahavira","RestartCount":0,"Driver":"overlay2","Platform":"linux","MountLabel":"","ProcessLabel":"","AppArmorProfile":"","ExecIDs":null,"HostConfig":{"Binds":[],"ContainerIDFile":"","LogConfig":{"Type":"json-file","Config":{}},"NetworkMode":"default","PortBindings":{"3306/tcp":[{"HostIp":"0.0.0.0","HostPort":"0"}]},"RestartPolicy":{"Name":"","MaximumRetryCount":0},"AutoRemove":false,"VolumeDriver":"","VolumesFrom":[],"CapAdd":null,"CapDrop":null,"CgroupnsMode":"private","Dns":null,"DnsOptions":null,"DnsSearch":null,"ExtraHosts":[],"GroupAdd":null,"IpcMode":"shareable","Cgroup":"","Links":null,"OomScoreAdj":0,"PidMode":"","Privileged":false,"PublishAllPorts":false,"ReadonlyRootfs":false,"SecurityOpt":null,"UTSMode":"","UsernsMode":"","ShmSize":67108864,"Runtime":"runc","ConsoleSize":[0,0],"Isolation":"","CpuShares":0,"Memory":0,"NanoCpus":0,"CgroupParent":"","BlkioWeight":0,"BlkioWeightDevice":null,"BlkioDeviceReadBps":null,"BlkioDeviceWriteBps":null,"BlkioDeviceReadIOps":null,"BlkioDeviceWriteIOps":null,"CpuPeriod":0,"CpuQuota":0,"CpuRealtimePeriod":0,"CpuRealtimeRuntime":0,"CpusetCpus":"","CpusetMems":"","Devices":null,"DeviceCgroupRules":null,"DeviceRequests":null,"KernelMemory":0,"KernelMemoryTCP":0,"MemoryReservation":0,"MemorySwap":0,"MemorySwappiness":null,"OomKillDisable":null,"PidsLimit":null,"Ulimits":null,"CpuCount":0,"CpuPercent":0,"IOMaximumIOps":0,"IOMaximumBandwidth":0,"MaskedPaths":["/proc/asound","/proc/acpi","/proc/kcore","/proc/keys","/proc/latency_stats","/proc/timer_list","/proc/timer_stats","/proc/sched_debug","/proc/scsi","/sys/firmware"],"ReadonlyPaths":["/proc/bus","/proc/fs","/proc/irq","/proc/sys","/proc/sysrq-trigger"]},"GraphDriver":{"Data":{"LowerDir":"/var/lib/docker/overlay2/2c15a904a49807090175d7750f18e0f6a57e99c38a424839679cbaf676a4d500-init/diff:/var/lib/docker/overlay2/1bd8849d7a296305617011f940aa5cfabbe972a513397b1b6bbc27639b6c1f30/diff:/var/lib/docker/overlay2/199d69b2fbf78af4d4c95dec4fd2f8835ab0347eb49fb20ebb2ff3b99fedd6ad/diff:/var/lib/docker/overlay2/d83c38d654989311f75b9491329846033bfb7714de76ef635380dcfad5c740d9/diff:/var/lib/docker/overlay2/08600d0aea2ab2728bebcf5d2589c640a842f53d1ba3c4a4adccb4d03b923cf6/diff:/var/lib/docker/overlay2/9ec7c63a3fb14d13ac788bbf5e282ca821edc41260b79944e5e631037d13ecda/diff:/var/lib/docker/overlay2/db601d7a1b4ea6da638db620462f0da96fa55c559d02269c9ddb09027936ed87/diff:/var/lib/docker/overlay2/a6d2bd03f942e2565f21e74cfe152c7ec836a1c2b583f0790c685b92bdcfda24/diff:/var/lib/docker/overlay2/9badd16ea2c5e2bf1fde8b579683e41137dfc46ed5449234149f199a6751cc84/diff:/var/lib/docker/overlay2/6efb85646ed12e2d1181ef4cc6f6f6732c00c15a4035fe17ebc4f075ca573c30/diff:/var/lib/docker/overlay2/895d7c0ec09144d6ed33936f4e98e11c18010f7abd708cae1ce43aec7a7f2621/diff:/var/lib/docker/overlay2/1c4ba77aa573ab6e5e5069fd15eae71b3da940bde0f97a922a227ffc8a1d1096/diff","MergedDir":"/var/lib/docker/overlay2/2c15a904a49807090175d7750f18e0f6a57e99c38a424839679cbaf676a4d500/merged","UpperDir":"/var/lib/docker/overlay2/2c15a904a49807090175d7750f18e0f6a57e99c38a424839679cbaf676a4d500/diff","WorkDir":"/var/lib/docker/overlay2/2c15a904a49807090175d7750f18e0f6a57e99c38a424839679cbaf676a4d500/work"},"Name":"overlay2"},"Mounts":[{"Type":"volume","Name":"44a9389ce95a2961210e86afd6afe42b23405f43157b5dc00e010d283c01df79","Source":"/var/lib/docker/volumes/44a9389ce95a2961210e86afd6afe42b23405f43157b5dc00e010d283c01df79/_data","Destination":"/var/lib/mysql","Driver":"local","Mode":"","RW":true,"Propagation":""}],"Config":{"Hostname":"c37a42694b7d","Domainname":"","User":"","AttachStdin":false,"AttachStdout":false,"AttachStderr":false,"ExposedPorts":{"3306/tcp":{},"33060/tcp":{}},"Tty":false,"OpenStdin":false,"StdinOnce":false,"Env":["MYSQL_DATABASE=adm_videos","MYSQL_PASSWORD=123456","MYSQL_ROOT_PASSWORD=123456","PATH=/usr/local/sbin:/usr/local/bin:/usr/sbin:/usr/bin:/sbin:/bin","GOSU_VERSION=1.16","MYSQL_MAJOR=8.0","MYSQL_VERSION=8.0.32-1.el8","MYSQL_SHELL_VERSION=8.0.32-1.el8"],"Cmd":["mysqld"],"Image":"mysql:latest","Volumes":{"/var/lib/mysql":{}},"WorkingDir":"","Entrypoint":["docker-entrypoint.sh"],"OnBuild":null,"Labels":{"org.testcontainers":"true","org.testcontainers.lang":"java","org.testcontainers.sessionId":"818a13d9-e138-4e41-b5a4-74fd927e6a2d","org.testcontainers.version":"1.17.6"}},"NetworkSettings":{"Bridge":"","SandboxID":"bd1f3a626f226e407a1a406212013b21c93b302c93f9fd53a405b7fc5ff825b3","HairpinMode":false,"LinkLocalIPv6Address":"","LinkLocalIPv6PrefixLen":0,"Ports":{"3306/tcp":[{"HostIp":"0.0.0.0","HostPort":"56289"}],"33060/tcp":null},"SandboxKey":"/var/run/docker/netns/bd1f3a626f22","SecondaryIPAddresses":null,"SecondaryIPv6Addresses":null,"EndpointID":"a2b725c0c5ce4503f8e45e0c2adc4455b29a53a4866d3f23b2bce893a084641f","Gateway":"172.17.0.1","GlobalIPv6Address":"","GlobalIPv6PrefixLen":0,"IPAddress":"172.17.0.3","IPPrefixLen":16,"IPv6Gateway":"","MacAddress":"02:42:ac:11:00:03","Networks":{"bridge":{"IPAMConfig":null,"Links":null,"Aliases":null,"NetworkID":"308e234c143065751b16b4500cb9f48d5c7fc2116504b3d816a5e51cd4771062","EndpointID":"a2b725c0c5ce4503f8e45e0c2adc4455b29a53a4866d3f23b2bce893a084641f","Gateway":"172.17.0.1","IPAddress":"172.17.0.3","IPPrefixLen":16,"IPv6Gateway":"","GlobalIPv6Address":"","GlobalIPv6PrefixLen":0,"MacAddress":"02:42:ac:11:00:03","DriverOpts":null}}}}[\n]"
23:55:05.142 [Test worker] DEBUG com.github.dockerjava.zerodep.shaded.org.apache.hc.client5.http.wire - http-outgoing-2 << "[\r][\n]"
23:55:05.143 [Test worker] DEBUG com.github.dockerjava.zerodep.shaded.org.apache.hc.client5.http.wire - http-outgoing-2 << "0[\r][\n]"
23:55:05.143 [Test worker] DEBUG com.github.dockerjava.zerodep.shaded.org.apache.hc.client5.http.wire - http-outgoing-2 << "[\r][\n]"
23:55:05.143 [Test worker] DEBUG com.github.dockerjava.zerodep.shaded.org.apache.hc.client5.http.impl.classic.InternalHttpClient - ep-0000001C: releasing valid endpoint
23:55:05.143 [Test worker] DEBUG com.github.dockerjava.zerodep.shaded.org.apache.hc.client5.http.impl.io.PoolingHttpClientConnectionManager - ep-0000001C: releasing endpoint
23:55:05.143 [Test worker] DEBUG com.github.dockerjava.zerodep.shaded.org.apache.hc.client5.http.impl.io.PoolingHttpClientConnectionManager - ep-0000001C: connection http-outgoing-2 can be kept alive for 3 MINUTES
23:55:05.143 [Test worker] DEBUG com.github.dockerjava.zerodep.shaded.org.apache.hc.client5.http.impl.io.PoolingHttpClientConnectionManager - ep-0000001C: connection released [route: {}->unix://localhost:2375][total available: 1; route allocated: 1 of 2147483647; total allocated: 1 of 2147483647]
23:55:05.143 [Test worker] DEBUG ]]>&#x1f433;<![CDATA[ [mysql:latest] - Trying to create JDBC connection using com.mysql.cj.jdbc.Driver to jdbc:mysql://localhost:56289/adm_videos?useSSL=false&allowPublicKeyRetrieval=true with properties: {password=123456, user=root}
23:55:05.247 [Test worker] DEBUG org.testcontainers.shaded.com.github.dockerjava.core.command.AbstrDockerCmd - Cmd: c37a42694b7d1cff581f5e7b89a60b044af4721181408c271e821f1413201ca6,false
23:55:05.247 [Test worker] DEBUG org.testcontainers.shaded.com.github.dockerjava.core.exec.InspectContainerCmdExec - GET: DefaultWebTarget{path=[/containers/c37a42694b7d1cff581f5e7b89a60b044af4721181408c271e821f1413201ca6/json], queryParams={}}
23:55:05.248 [Test worker] DEBUG com.github.dockerjava.zerodep.shaded.org.apache.hc.client5.http.impl.classic.InternalHttpClient - ex-0000001E: preparing request execution
23:55:05.248 [Test worker] DEBUG com.github.dockerjava.zerodep.shaded.org.apache.hc.client5.http.protocol.RequestAddCookies - Cookie spec selected: strict
23:55:05.248 [Test worker] DEBUG com.github.dockerjava.zerodep.shaded.org.apache.hc.client5.http.protocol.RequestAuthCache - Auth cache not set in the context
23:55:05.248 [Test worker] DEBUG com.github.dockerjava.zerodep.shaded.org.apache.hc.client5.http.impl.classic.ProtocolExec - ex-0000001E: target auth state: UNCHALLENGED
23:55:05.248 [Test worker] DEBUG com.github.dockerjava.zerodep.shaded.org.apache.hc.client5.http.impl.classic.ProtocolExec - ex-0000001E: proxy auth state: UNCHALLENGED
23:55:05.248 [Test worker] DEBUG com.github.dockerjava.zerodep.shaded.org.apache.hc.client5.http.impl.classic.ConnectExec - ex-0000001E: acquiring connection with route {}->unix://localhost:2375
23:55:05.248 [Test worker] DEBUG com.github.dockerjava.zerodep.shaded.org.apache.hc.client5.http.impl.classic.InternalHttpClient - ex-0000001E: acquiring endpoint (3 MINUTES)
23:55:05.248 [Test worker] DEBUG com.github.dockerjava.zerodep.shaded.org.apache.hc.client5.http.impl.io.PoolingHttpClientConnectionManager - ex-0000001E: endpoint lease request (3 MINUTES) [route: {}->unix://localhost:2375][total available: 1; route allocated: 1 of 2147483647; total allocated: 1 of 2147483647]
23:55:05.249 [Test worker] DEBUG com.github.dockerjava.zerodep.shaded.org.apache.hc.client5.http.impl.io.PoolingHttpClientConnectionManager - ex-0000001E: endpoint leased [route: {}->unix://localhost:2375][total available: 0; route allocated: 1 of 2147483647; total allocated: 1 of 2147483647]
23:55:05.249 [Test worker] DEBUG com.github.dockerjava.zerodep.shaded.org.apache.hc.client5.http.impl.io.PoolingHttpClientConnectionManager - ex-0000001E: acquired ep-0000001D
23:55:05.249 [Test worker] DEBUG com.github.dockerjava.zerodep.shaded.org.apache.hc.client5.http.impl.classic.InternalHttpClient - ex-0000001E: acquired endpoint ep-0000001D
23:55:05.249 [Test worker] DEBUG com.github.dockerjava.zerodep.shaded.org.apache.hc.client5.http.impl.classic.MainClientExec - ex-0000001E: executing GET /v1.32/containers/c37a42694b7d1cff581f5e7b89a60b044af4721181408c271e821f1413201ca6/json HTTP/1.1
23:55:05.249 [Test worker] DEBUG com.github.dockerjava.zerodep.shaded.org.apache.hc.client5.http.impl.classic.InternalHttpClient - ep-0000001D: start execution ex-0000001E
23:55:05.249 [Test worker] DEBUG com.github.dockerjava.zerodep.shaded.org.apache.hc.client5.http.impl.io.PoolingHttpClientConnectionManager - ep-0000001D: executing exchange ex-0000001E over http-outgoing-2
23:55:05.249 [Test worker] DEBUG com.github.dockerjava.zerodep.shaded.org.apache.hc.client5.http.headers - http-outgoing-2 >> GET /v1.32/containers/c37a42694b7d1cff581f5e7b89a60b044af4721181408c271e821f1413201ca6/json HTTP/1.1
23:55:05.249 [Test worker] DEBUG com.github.dockerjava.zerodep.shaded.org.apache.hc.client5.http.headers - http-outgoing-2 >> accept: application/json
23:55:05.249 [Test worker] DEBUG com.github.dockerjava.zerodep.shaded.org.apache.hc.client5.http.headers - http-outgoing-2 >> x-tc-sid: 818a13d9-e138-4e41-b5a4-74fd927e6a2d
23:55:05.249 [Test worker] DEBUG com.github.dockerjava.zerodep.shaded.org.apache.hc.client5.http.headers - http-outgoing-2 >> Accept-Encoding: gzip, x-gzip, deflate
23:55:05.249 [Test worker] DEBUG com.github.dockerjava.zerodep.shaded.org.apache.hc.client5.http.headers - http-outgoing-2 >> Host: localhost:2375
23:55:05.249 [Test worker] DEBUG com.github.dockerjava.zerodep.shaded.org.apache.hc.client5.http.headers - http-outgoing-2 >> Connection: keep-alive
23:55:05.249 [Test worker] DEBUG com.github.dockerjava.zerodep.shaded.org.apache.hc.client5.http.headers - http-outgoing-2 >> User-Agent: Apache-HttpClient/5.0.3 (Java/17.0.2)
23:55:05.249 [Test worker] DEBUG com.github.dockerjava.zerodep.shaded.org.apache.hc.client5.http.wire - http-outgoing-2 >> "GET /v1.32/containers/c37a42694b7d1cff581f5e7b89a60b044af4721181408c271e821f1413201ca6/json HTTP/1.1[\r][\n]"
23:55:05.249 [Test worker] DEBUG com.github.dockerjava.zerodep.shaded.org.apache.hc.client5.http.wire - http-outgoing-2 >> "accept: application/json[\r][\n]"
23:55:05.249 [Test worker] DEBUG com.github.dockerjava.zerodep.shaded.org.apache.hc.client5.http.wire - http-outgoing-2 >> "x-tc-sid: 818a13d9-e138-4e41-b5a4-74fd927e6a2d[\r][\n]"
23:55:05.249 [Test worker] DEBUG com.github.dockerjava.zerodep.shaded.org.apache.hc.client5.http.wire - http-outgoing-2 >> "Accept-Encoding: gzip, x-gzip, deflate[\r][\n]"
23:55:05.249 [Test worker] DEBUG com.github.dockerjava.zerodep.shaded.org.apache.hc.client5.http.wire - http-outgoing-2 >> "Host: localhost:2375[\r][\n]"
23:55:05.249 [Test worker] DEBUG com.github.dockerjava.zerodep.shaded.org.apache.hc.client5.http.wire - http-outgoing-2 >> "Connection: keep-alive[\r][\n]"
23:55:05.249 [Test worker] DEBUG com.github.dockerjava.zerodep.shaded.org.apache.hc.client5.http.wire - http-outgoing-2 >> "User-Agent: Apache-HttpClient/5.0.3 (Java/17.0.2)[\r][\n]"
23:55:05.249 [Test worker] DEBUG com.github.dockerjava.zerodep.shaded.org.apache.hc.client5.http.wire - http-outgoing-2 >> "[\r][\n]"
23:55:05.251 [Test worker] DEBUG com.github.dockerjava.zerodep.shaded.org.apache.hc.client5.http.wire - http-outgoing-2 << "HTTP/1.1 200 OK[\r][\n]"
23:55:05.251 [Test worker] DEBUG com.github.dockerjava.zerodep.shaded.org.apache.hc.client5.http.wire - http-outgoing-2 << "Api-Version: 1.41[\r][\n]"
23:55:05.251 [Test worker] DEBUG com.github.dockerjava.zerodep.shaded.org.apache.hc.client5.http.wire - http-outgoing-2 << "Content-Type: application/json[\r][\n]"
23:55:05.251 [Test worker] DEBUG com.github.dockerjava.zerodep.shaded.org.apache.hc.client5.http.wire - http-outgoing-2 << "Date: Mon, 27 Mar 2023 02:55:05 GMT[\r][\n]"
23:55:05.251 [Test worker] DEBUG com.github.dockerjava.zerodep.shaded.org.apache.hc.client5.http.wire - http-outgoing-2 << "Docker-Experimental: false[\r][\n]"
23:55:05.251 [Test worker] DEBUG com.github.dockerjava.zerodep.shaded.org.apache.hc.client5.http.wire - http-outgoing-2 << "Ostype: linux[\r][\n]"
23:55:05.251 [Test worker] DEBUG com.github.dockerjava.zerodep.shaded.org.apache.hc.client5.http.wire - http-outgoing-2 << "Server: Docker/20.10.21 (linux)[\r][\n]"
23:55:05.251 [Test worker] DEBUG com.github.dockerjava.zerodep.shaded.org.apache.hc.client5.http.wire - http-outgoing-2 << "Transfer-Encoding: chunked[\r][\n]"
23:55:05.251 [Test worker] DEBUG com.github.dockerjava.zerodep.shaded.org.apache.hc.client5.http.wire - http-outgoing-2 << "[\r][\n]"
23:55:05.251 [Test worker] DEBUG com.github.dockerjava.zerodep.shaded.org.apache.hc.client5.http.headers - http-outgoing-2 << HTTP/1.1 200 OK
23:55:05.251 [Test worker] DEBUG com.github.dockerjava.zerodep.shaded.org.apache.hc.client5.http.headers - http-outgoing-2 << Api-Version: 1.41
23:55:05.251 [Test worker] DEBUG com.github.dockerjava.zerodep.shaded.org.apache.hc.client5.http.headers - http-outgoing-2 << Content-Type: application/json
23:55:05.251 [Test worker] DEBUG com.github.dockerjava.zerodep.shaded.org.apache.hc.client5.http.headers - http-outgoing-2 << Date: Mon, 27 Mar 2023 02:55:05 GMT
23:55:05.251 [Test worker] DEBUG com.github.dockerjava.zerodep.shaded.org.apache.hc.client5.http.headers - http-outgoing-2 << Docker-Experimental: false
23:55:05.251 [Test worker] DEBUG com.github.dockerjava.zerodep.shaded.org.apache.hc.client5.http.headers - http-outgoing-2 << Ostype: linux
23:55:05.251 [Test worker] DEBUG com.github.dockerjava.zerodep.shaded.org.apache.hc.client5.http.headers - http-outgoing-2 << Server: Docker/20.10.21 (linux)
23:55:05.251 [Test worker] DEBUG com.github.dockerjava.zerodep.shaded.org.apache.hc.client5.http.headers - http-outgoing-2 << Transfer-Encoding: chunked
23:55:05.251 [Test worker] DEBUG com.github.dockerjava.zerodep.shaded.org.apache.hc.client5.http.impl.classic.MainClientExec - ex-0000001E: connection can be kept alive for 3 MINUTES
23:55:05.252 [Test worker] DEBUG com.github.dockerjava.zerodep.shaded.org.apache.hc.client5.http.wire - http-outgoing-2 << "18c1[\r][\n]"
23:55:05.253 [Test worker] DEBUG com.github.dockerjava.zerodep.shaded.org.apache.hc.client5.http.wire - http-outgoing-2 << "{"Id":"c37a42694b7d1cff581f5e7b89a60b044af4721181408c271e821f1413201ca6","Created":"2023-03-27T02:55:02.49734542Z","Path":"docker-entrypoint.sh","Args":["mysqld"],"State":{"Status":"running","Running":true,"Paused":false,"Restarting":false,"OOMKilled":false,"Dead":false,"Pid":18342,"ExitCode":0,"Error":"","StartedAt":"2023-03-27T02:55:03.12719392Z","FinishedAt":"0001-01-01T00:00:00Z"},"Image":"sha256:c7c54c29e20dccc1aefb936c8eba8bb8b98b87a4921102aba87fde2df5810af9","ResolvConfPath":"/var/lib/docker/containers/c37a42694b7d1cff581f5e7b89a60b044af4721181408c271e821f1413201ca6/resolv.conf","HostnamePath":"/var/lib/docker/containers/c37a42694b7d1cff581f5e7b89a60b044af4721181408c271e821f1413201ca6/hostname","HostsPath":"/var/lib/docker/containers/c37a42694b7d1cff581f5e7b89a60b044af4721181408c271e821f1413201ca6/hosts","LogPath":"/var/lib/docker/containers/c37a42694b7d1cff581f5e7b89a60b044af4721181408c271e821f1413201ca6/c37a42694b7d1cff581f5e7b89a60b044af4721181408c271e821f1413201ca6-json.log","Name":"/elegant_mahavira","RestartCount":0,"Driver":"overlay2","Platform":"linux","MountLabel":"","ProcessLabel":"","AppArmorProfile":"","ExecIDs":null,"HostConfig":{"Binds":[],"ContainerIDFile":"","LogConfig":{"Type":"json-file","Config":{}},"NetworkMode":"default","PortBindings":{"3306/tcp":[{"HostIp":"0.0.0.0","HostPort":"0"}]},"RestartPolicy":{"Name":"","MaximumRetryCount":0},"AutoRemove":false,"VolumeDriver":"","VolumesFrom":[],"CapAdd":null,"CapDrop":null,"CgroupnsMode":"private","Dns":null,"DnsOptions":null,"DnsSearch":null,"ExtraHosts":[],"GroupAdd":null,"IpcMode":"shareable","Cgroup":"","Links":null,"OomScoreAdj":0,"PidMode":"","Privileged":false,"PublishAllPorts":false,"ReadonlyRootfs":false,"SecurityOpt":null,"UTSMode":"","UsernsMode":"","ShmSize":67108864,"Runtime":"runc","ConsoleSize":[0,0],"Isolation":"","CpuShares":0,"Memory":0,"NanoCpus":0,"CgroupParent":"","BlkioWeight":0,"BlkioWeightDevice":null,"BlkioDeviceReadBps":null,"BlkioDeviceWriteBps":null,"BlkioDeviceReadIOps":null,"BlkioDeviceWriteIOps":null,"CpuPeriod":0,"CpuQuota":0,"CpuRealtimePeriod":0,"CpuRealtimeRuntime":0,"CpusetCpus":"","CpusetMems":"","Devices":null,"DeviceCgroupRules":null,"DeviceRequests":null,"KernelMemory":0,"KernelMemoryTCP":0,"MemoryReservation":0,"MemorySwap":0,"MemorySwappiness":null,"OomKillDisable":null,"PidsLimit":null,"Ulimits":null,"CpuCount":0,"CpuPercent":0,"IOMaximumIOps":0,"IOMaximumBandwidth":0,"MaskedPaths":["/proc/asound","/proc/acpi","/proc/kcore","/proc/keys","/proc/latency_stats","/proc/timer_list","/proc/timer_stats","/proc/sched_debug","/proc/scsi","/sys/firmware"],"ReadonlyPaths":["/proc/bus","/proc/fs","/proc/irq","/proc/sys","/proc/sysrq-trigger"]},"GraphDriver":{"Data":{"LowerDir":"/var/lib/docker/overlay2/2c15a904a49807090175d7750f18e0f6a57e99c38a424839679cbaf676a4d500-init/diff:/var/lib/docker/overlay2/1bd8849d7a296305617011f940aa5cfabbe972a513397b1b6bbc27639b6c1f30/diff:/var/lib/docker/overlay2/199d69b2fbf78af4d4c95dec4fd2f8835ab0347eb49fb20ebb2ff3b99fedd6ad/diff:/var/lib/docker/overlay2/d83c38d654989311f75b9491329846033bfb7714de76ef635380dcfad5c740d9/diff:/var/lib/docker/overlay2/08600d0aea2ab2728bebcf5d2589c640a842f53d1ba3c4a4adccb4d03b923cf6/diff:/var/lib/docker/overlay2/9ec7c63a3fb14d13ac788bbf5e282ca821edc41260b79944e5e631037d13ecda/diff:/var/lib/docker/overlay2/db601d7a1b4ea6da638db620462f0da96fa55c559d02269c9ddb09027936ed87/diff:/var/lib/docker/overlay2/a6d2bd03f942e2565f21e74cfe152c7ec836a1c2b583f0790c685b92bdcfda24/diff:/var/lib/docker/overlay2/9badd16ea2c5e2bf1fde8b579683e41137dfc46ed5449234149f199a6751cc84/diff:/var/lib/docker/overlay2/6efb85646ed12e2d1181ef4cc6f6f6732c00c15a4035fe17ebc4f075ca573c30/diff:/var/lib/docker/overlay2/895d7c0ec09144d6ed33936f4e98e11c18010f7abd708cae1ce43aec7a7f2621/diff:/var/lib/docker/overlay2/1c4ba77aa573ab6e5e5069fd15eae71b3da940bde0f97a922a227ffc8a1d1096/diff","MergedDir":"/var/lib/docker/overlay2/2c15a904a49807090175d7750f18e0f6a57e99c38a424839679cbaf676a4d500/merged","UpperDir":"/var/lib/docker/overlay2/2c15a904a49807090175d7750f18e0f6a57e99c38a424839679cbaf676a4d500/diff","WorkDir":"/var/lib/docker/overlay2/2c15a904a49807090175d7750f18e0f6a57e99c38a424839679cbaf676a4d500/work"},"Name":"overlay2"},"Mounts":[{"Type":"volume","Name":"44a9389ce95a2961210e86afd6afe42b23405f43157b5dc00e010d283c01df79","Source":"/var/lib/docker/volumes/44a9389ce95a2961210e86afd6afe42b23405f43157b5dc00e010d283c01df79/_data","Destination":"/var/lib/mysql","Driver":"local","Mode":"","RW":true,"Propagation":""}],"Config":{"Hostname":"c37a42694b7d","Domainname":"","User":"","AttachStdin":false,"AttachStdout":false,"AttachStderr":false,"ExposedPorts":{"3306/tcp":{},"33060/tcp":{}},"Tty":false,"OpenStdin":false,"StdinOnce":false,"Env":["MYSQL_DATABASE=adm_videos","MYSQL_PASSWORD=123456","MYSQL_ROOT_PASSWORD=123456","PATH=/usr/local/sbin:/usr/local/bin:/usr/sbin:/usr/bin:/sbin:/bin","GOSU_VERSION=1.16","MYSQL_MAJOR=8.0","MYSQL_VERSION=8.0.32-1.el8","MYSQL_SHELL_VERSION=8.0.32-1.el8"],"Cmd":["mysqld"],"Image":"mysql:latest","Volumes":{"/var/lib/mysql":{}},"WorkingDir":"","Entrypoint":["docker-entrypoint.sh"],"OnBuild":null,"Labels":{"org.testcontainers":"true","org.testcontainers.lang":"java","org.testcontainers.sessionId":"818a13d9-e138-4e41-b5a4-74fd927e6a2d","org.testcontainers.version":"1.17.6"}},"NetworkSettings":{"Bridge":"","SandboxID":"bd1f3a626f226e407a1a406212013b21c93b302c93f9fd53a405b7fc5ff825b3","HairpinMode":false,"LinkLocalIPv6Address":"","LinkLocalIPv6PrefixLen":0,"Ports":{"3306/tcp":[{"HostIp":"0.0.0.0","HostPort":"56289"}],"33060/tcp":null},"SandboxKey":"/var/run/docker/netns/bd1f3a626f22","SecondaryIPAddresses":null,"SecondaryIPv6Addresses":null,"EndpointID":"a2b725c0c5ce4503f8e45e0c2adc4455b29a53a4866d3f23b2bce893a084641f","Gateway":"172.17.0.1","GlobalIPv6Address":"","GlobalIPv6PrefixLen":0,"IPAddress":"172.17.0.3","IPPrefixLen":16,"IPv6Gateway":"","MacAddress":"02:42:ac:11:00:03","Networks":{"bridge":{"IPAMConfig":null,"Links":null,"Aliases":null,"NetworkID":"308e234c143065751b16b4500cb9f48d5c7fc2116504b3d816a5e51cd4771062","EndpointID":"a2b725c0c5ce4503f8e45e0c2adc4455b29a53a4866d3f23b2bce893a084641f","Gateway":"172.17.0.1","IPAddress":"172.17.0.3","IPPrefixLen":16,"IPv6Gateway":"","GlobalIPv6Address":"","GlobalIPv6PrefixLen":0,"MacAddress":"02:42:ac:11:00:03","DriverOpts":null}}}}[\n]"
23:55:05.253 [Test worker] DEBUG com.github.dockerjava.zerodep.shaded.org.apache.hc.client5.http.wire - http-outgoing-2 << "[\r][\n]"
23:55:05.254 [Test worker] DEBUG com.github.dockerjava.zerodep.shaded.org.apache.hc.client5.http.wire - http-outgoing-2 << "0[\r][\n]"
23:55:05.254 [Test worker] DEBUG com.github.dockerjava.zerodep.shaded.org.apache.hc.client5.http.wire - http-outgoing-2 << "[\r][\n]"
23:55:05.254 [Test worker] DEBUG com.github.dockerjava.zerodep.shaded.org.apache.hc.client5.http.impl.classic.InternalHttpClient - ep-0000001D: releasing valid endpoint
23:55:05.254 [Test worker] DEBUG com.github.dockerjava.zerodep.shaded.org.apache.hc.client5.http.impl.io.PoolingHttpClientConnectionManager - ep-0000001D: releasing endpoint
23:55:05.254 [Test worker] DEBUG com.github.dockerjava.zerodep.shaded.org.apache.hc.client5.http.impl.io.PoolingHttpClientConnectionManager - ep-0000001D: connection http-outgoing-2 can be kept alive for 3 MINUTES
23:55:05.254 [Test worker] DEBUG com.github.dockerjava.zerodep.shaded.org.apache.hc.client5.http.impl.io.PoolingHttpClientConnectionManager - ep-0000001D: connection released [route: {}->unix://localhost:2375][total available: 1; route allocated: 1 of 2147483647; total allocated: 1 of 2147483647]
23:55:05.254 [Test worker] DEBUG ]]>&#x1f433;<![CDATA[ [mysql:latest] - Trying to create JDBC connection using com.mysql.cj.jdbc.Driver to jdbc:mysql://localhost:56289/adm_videos?useSSL=false&allowPublicKeyRetrieval=true with properties: {password=123456, user=root}
23:55:05.361 [Test worker] DEBUG org.testcontainers.shaded.com.github.dockerjava.core.command.AbstrDockerCmd - Cmd: c37a42694b7d1cff581f5e7b89a60b044af4721181408c271e821f1413201ca6,false
23:55:05.362 [Test worker] DEBUG org.testcontainers.shaded.com.github.dockerjava.core.exec.InspectContainerCmdExec - GET: DefaultWebTarget{path=[/containers/c37a42694b7d1cff581f5e7b89a60b044af4721181408c271e821f1413201ca6/json], queryParams={}}
23:55:05.363 [Test worker] DEBUG com.github.dockerjava.zerodep.shaded.org.apache.hc.client5.http.impl.classic.InternalHttpClient - ex-0000001F: preparing request execution
23:55:05.363 [Test worker] DEBUG com.github.dockerjava.zerodep.shaded.org.apache.hc.client5.http.protocol.RequestAddCookies - Cookie spec selected: strict
23:55:05.363 [Test worker] DEBUG com.github.dockerjava.zerodep.shaded.org.apache.hc.client5.http.protocol.RequestAuthCache - Auth cache not set in the context
23:55:05.363 [Test worker] DEBUG com.github.dockerjava.zerodep.shaded.org.apache.hc.client5.http.impl.classic.ProtocolExec - ex-0000001F: target auth state: UNCHALLENGED
23:55:05.363 [Test worker] DEBUG com.github.dockerjava.zerodep.shaded.org.apache.hc.client5.http.impl.classic.ProtocolExec - ex-0000001F: proxy auth state: UNCHALLENGED
23:55:05.363 [Test worker] DEBUG com.github.dockerjava.zerodep.shaded.org.apache.hc.client5.http.impl.classic.ConnectExec - ex-0000001F: acquiring connection with route {}->unix://localhost:2375
23:55:05.363 [Test worker] DEBUG com.github.dockerjava.zerodep.shaded.org.apache.hc.client5.http.impl.classic.InternalHttpClient - ex-0000001F: acquiring endpoint (3 MINUTES)
23:55:05.363 [Test worker] DEBUG com.github.dockerjava.zerodep.shaded.org.apache.hc.client5.http.impl.io.PoolingHttpClientConnectionManager - ex-0000001F: endpoint lease request (3 MINUTES) [route: {}->unix://localhost:2375][total available: 1; route allocated: 1 of 2147483647; total allocated: 1 of 2147483647]
23:55:05.363 [Test worker] DEBUG com.github.dockerjava.zerodep.shaded.org.apache.hc.client5.http.impl.io.PoolingHttpClientConnectionManager - ex-0000001F: endpoint leased [route: {}->unix://localhost:2375][total available: 0; route allocated: 1 of 2147483647; total allocated: 1 of 2147483647]
23:55:05.364 [Test worker] DEBUG com.github.dockerjava.zerodep.shaded.org.apache.hc.client5.http.impl.io.PoolingHttpClientConnectionManager - ex-0000001F: acquired ep-0000001E
23:55:05.364 [Test worker] DEBUG com.github.dockerjava.zerodep.shaded.org.apache.hc.client5.http.impl.classic.InternalHttpClient - ex-0000001F: acquired endpoint ep-0000001E
23:55:05.364 [Test worker] DEBUG com.github.dockerjava.zerodep.shaded.org.apache.hc.client5.http.impl.classic.MainClientExec - ex-0000001F: executing GET /v1.32/containers/c37a42694b7d1cff581f5e7b89a60b044af4721181408c271e821f1413201ca6/json HTTP/1.1
23:55:05.364 [Test worker] DEBUG com.github.dockerjava.zerodep.shaded.org.apache.hc.client5.http.impl.classic.InternalHttpClient - ep-0000001E: start execution ex-0000001F
23:55:05.364 [Test worker] DEBUG com.github.dockerjava.zerodep.shaded.org.apache.hc.client5.http.impl.io.PoolingHttpClientConnectionManager - ep-0000001E: executing exchange ex-0000001F over http-outgoing-2
23:55:05.364 [Test worker] DEBUG com.github.dockerjava.zerodep.shaded.org.apache.hc.client5.http.headers - http-outgoing-2 >> GET /v1.32/containers/c37a42694b7d1cff581f5e7b89a60b044af4721181408c271e821f1413201ca6/json HTTP/1.1
23:55:05.364 [Test worker] DEBUG com.github.dockerjava.zerodep.shaded.org.apache.hc.client5.http.headers - http-outgoing-2 >> accept: application/json
23:55:05.364 [Test worker] DEBUG com.github.dockerjava.zerodep.shaded.org.apache.hc.client5.http.headers - http-outgoing-2 >> x-tc-sid: 818a13d9-e138-4e41-b5a4-74fd927e6a2d
23:55:05.364 [Test worker] DEBUG com.github.dockerjava.zerodep.shaded.org.apache.hc.client5.http.headers - http-outgoing-2 >> Accept-Encoding: gzip, x-gzip, deflate
23:55:05.364 [Test worker] DEBUG com.github.dockerjava.zerodep.shaded.org.apache.hc.client5.http.headers - http-outgoing-2 >> Host: localhost:2375
23:55:05.364 [Test worker] DEBUG com.github.dockerjava.zerodep.shaded.org.apache.hc.client5.http.headers - http-outgoing-2 >> Connection: keep-alive
23:55:05.364 [Test worker] DEBUG com.github.dockerjava.zerodep.shaded.org.apache.hc.client5.http.headers - http-outgoing-2 >> User-Agent: Apache-HttpClient/5.0.3 (Java/17.0.2)
23:55:05.364 [Test worker] DEBUG com.github.dockerjava.zerodep.shaded.org.apache.hc.client5.http.wire - http-outgoing-2 >> "GET /v1.32/containers/c37a42694b7d1cff581f5e7b89a60b044af4721181408c271e821f1413201ca6/json HTTP/1.1[\r][\n]"
23:55:05.364 [Test worker] DEBUG com.github.dockerjava.zerodep.shaded.org.apache.hc.client5.http.wire - http-outgoing-2 >> "accept: application/json[\r][\n]"
23:55:05.364 [Test worker] DEBUG com.github.dockerjava.zerodep.shaded.org.apache.hc.client5.http.wire - http-outgoing-2 >> "x-tc-sid: 818a13d9-e138-4e41-b5a4-74fd927e6a2d[\r][\n]"
23:55:05.364 [Test worker] DEBUG com.github.dockerjava.zerodep.shaded.org.apache.hc.client5.http.wire - http-outgoing-2 >> "Accept-Encoding: gzip, x-gzip, deflate[\r][\n]"
23:55:05.364 [Test worker] DEBUG com.github.dockerjava.zerodep.shaded.org.apache.hc.client5.http.wire - http-outgoing-2 >> "Host: localhost:2375[\r][\n]"
23:55:05.364 [Test worker] DEBUG com.github.dockerjava.zerodep.shaded.org.apache.hc.client5.http.wire - http-outgoing-2 >> "Connection: keep-alive[\r][\n]"
23:55:05.364 [Test worker] DEBUG com.github.dockerjava.zerodep.shaded.org.apache.hc.client5.http.wire - http-outgoing-2 >> "User-Agent: Apache-HttpClient/5.0.3 (Java/17.0.2)[\r][\n]"
23:55:05.364 [Test worker] DEBUG com.github.dockerjava.zerodep.shaded.org.apache.hc.client5.http.wire - http-outgoing-2 >> "[\r][\n]"
23:55:05.367 [Test worker] DEBUG com.github.dockerjava.zerodep.shaded.org.apache.hc.client5.http.wire - http-outgoing-2 << "HTTP/1.1 200 OK[\r][\n]"
23:55:05.367 [Test worker] DEBUG com.github.dockerjava.zerodep.shaded.org.apache.hc.client5.http.wire - http-outgoing-2 << "Api-Version: 1.41[\r][\n]"
23:55:05.367 [Test worker] DEBUG com.github.dockerjava.zerodep.shaded.org.apache.hc.client5.http.wire - http-outgoing-2 << "Content-Type: application/json[\r][\n]"
23:55:05.367 [Test worker] DEBUG com.github.dockerjava.zerodep.shaded.org.apache.hc.client5.http.wire - http-outgoing-2 << "Date: Mon, 27 Mar 2023 02:55:05 GMT[\r][\n]"
23:55:05.367 [Test worker] DEBUG com.github.dockerjava.zerodep.shaded.org.apache.hc.client5.http.wire - http-outgoing-2 << "Docker-Experimental: false[\r][\n]"
23:55:05.367 [Test worker] DEBUG com.github.dockerjava.zerodep.shaded.org.apache.hc.client5.http.wire - http-outgoing-2 << "Ostype: linux[\r][\n]"
23:55:05.367 [Test worker] DEBUG com.github.dockerjava.zerodep.shaded.org.apache.hc.client5.http.wire - http-outgoing-2 << "Server: Docker/20.10.21 (linux)[\r][\n]"
23:55:05.367 [Test worker] DEBUG com.github.dockerjava.zerodep.shaded.org.apache.hc.client5.http.wire - http-outgoing-2 << "Transfer-Encoding: chunked[\r][\n]"
23:55:05.367 [Test worker] DEBUG com.github.dockerjava.zerodep.shaded.org.apache.hc.client5.http.wire - http-outgoing-2 << "[\r][\n]"
23:55:05.367 [Test worker] DEBUG com.github.dockerjava.zerodep.shaded.org.apache.hc.client5.http.headers - http-outgoing-2 << HTTP/1.1 200 OK
23:55:05.367 [Test worker] DEBUG com.github.dockerjava.zerodep.shaded.org.apache.hc.client5.http.headers - http-outgoing-2 << Api-Version: 1.41
23:55:05.367 [Test worker] DEBUG com.github.dockerjava.zerodep.shaded.org.apache.hc.client5.http.headers - http-outgoing-2 << Content-Type: application/json
23:55:05.367 [Test worker] DEBUG com.github.dockerjava.zerodep.shaded.org.apache.hc.client5.http.headers - http-outgoing-2 << Date: Mon, 27 Mar 2023 02:55:05 GMT
23:55:05.367 [Test worker] DEBUG com.github.dockerjava.zerodep.shaded.org.apache.hc.client5.http.headers - http-outgoing-2 << Docker-Experimental: false
23:55:05.367 [Test worker] DEBUG com.github.dockerjava.zerodep.shaded.org.apache.hc.client5.http.headers - http-outgoing-2 << Ostype: linux
23:55:05.367 [Test worker] DEBUG com.github.dockerjava.zerodep.shaded.org.apache.hc.client5.http.headers - http-outgoing-2 << Server: Docker/20.10.21 (linux)
23:55:05.367 [Test worker] DEBUG com.github.dockerjava.zerodep.shaded.org.apache.hc.client5.http.headers - http-outgoing-2 << Transfer-Encoding: chunked
23:55:05.367 [Test worker] DEBUG com.github.dockerjava.zerodep.shaded.org.apache.hc.client5.http.impl.classic.MainClientExec - ex-0000001F: connection can be kept alive for 3 MINUTES
23:55:05.369 [Test worker] DEBUG com.github.dockerjava.zerodep.shaded.org.apache.hc.client5.http.wire - http-outgoing-2 << "18c1[\r][\n]"
23:55:05.369 [Test worker] DEBUG com.github.dockerjava.zerodep.shaded.org.apache.hc.client5.http.wire - http-outgoing-2 << "{"Id":"c37a42694b7d1cff581f5e7b89a60b044af4721181408c271e821f1413201ca6","Created":"2023-03-27T02:55:02.49734542Z","Path":"docker-entrypoint.sh","Args":["mysqld"],"State":{"Status":"running","Running":true,"Paused":false,"Restarting":false,"OOMKilled":false,"Dead":false,"Pid":18342,"ExitCode":0,"Error":"","StartedAt":"2023-03-27T02:55:03.12719392Z","FinishedAt":"0001-01-01T00:00:00Z"},"Image":"sha256:c7c54c29e20dccc1aefb936c8eba8bb8b98b87a4921102aba87fde2df5810af9","ResolvConfPath":"/var/lib/docker/containers/c37a42694b7d1cff581f5e7b89a60b044af4721181408c271e821f1413201ca6/resolv.conf","HostnamePath":"/var/lib/docker/containers/c37a42694b7d1cff581f5e7b89a60b044af4721181408c271e821f1413201ca6/hostname","HostsPath":"/var/lib/docker/containers/c37a42694b7d1cff581f5e7b89a60b044af4721181408c271e821f1413201ca6/hosts","LogPath":"/var/lib/docker/containers/c37a42694b7d1cff581f5e7b89a60b044af4721181408c271e821f1413201ca6/c37a42694b7d1cff581f5e7b89a60b044af4721181408c271e821f1413201ca6-json.log","Name":"/elegant_mahavira","RestartCount":0,"Driver":"overlay2","Platform":"linux","MountLabel":"","ProcessLabel":"","AppArmorProfile":"","ExecIDs":null,"HostConfig":{"Binds":[],"ContainerIDFile":"","LogConfig":{"Type":"json-file","Config":{}},"NetworkMode":"default","PortBindings":{"3306/tcp":[{"HostIp":"0.0.0.0","HostPort":"0"}]},"RestartPolicy":{"Name":"","MaximumRetryCount":0},"AutoRemove":false,"VolumeDriver":"","VolumesFrom":[],"CapAdd":null,"CapDrop":null,"CgroupnsMode":"private","Dns":null,"DnsOptions":null,"DnsSearch":null,"ExtraHosts":[],"GroupAdd":null,"IpcMode":"shareable","Cgroup":"","Links":null,"OomScoreAdj":0,"PidMode":"","Privileged":false,"PublishAllPorts":false,"ReadonlyRootfs":false,"SecurityOpt":null,"UTSMode":"","UsernsMode":"","ShmSize":67108864,"Runtime":"runc","ConsoleSize":[0,0],"Isolation":"","CpuShares":0,"Memory":0,"NanoCpus":0,"CgroupParent":"","BlkioWeight":0,"BlkioWeightDevice":null,"BlkioDeviceReadBps":null,"BlkioDeviceWriteBps":null,"BlkioDeviceReadIOps":null,"BlkioDeviceWriteIOps":null,"CpuPeriod":0,"CpuQuota":0,"CpuRealtimePeriod":0,"CpuRealtimeRuntime":0,"CpusetCpus":"","CpusetMems":"","Devices":null,"DeviceCgroupRules":null,"DeviceRequests":null,"KernelMemory":0,"KernelMemoryTCP":0,"MemoryReservation":0,"MemorySwap":0,"MemorySwappiness":null,"OomKillDisable":null,"PidsLimit":null,"Ulimits":null,"CpuCount":0,"CpuPercent":0,"IOMaximumIOps":0,"IOMaximumBandwidth":0,"MaskedPaths":["/proc/asound","/proc/acpi","/proc/kcore","/proc/keys","/proc/latency_stats","/proc/timer_list","/proc/timer_stats","/proc/sched_debug","/proc/scsi","/sys/firmware"],"ReadonlyPaths":["/proc/bus","/proc/fs","/proc/irq","/proc/sys","/proc/sysrq-trigger"]},"GraphDriver":{"Data":{"LowerDir":"/var/lib/docker/overlay2/2c15a904a49807090175d7750f18e0f6a57e99c38a424839679cbaf676a4d500-init/diff:/var/lib/docker/overlay2/1bd8849d7a296305617011f940aa5cfabbe972a513397b1b6bbc27639b6c1f30/diff:/var/lib/docker/overlay2/199d69b2fbf78af4d4c95dec4fd2f8835ab0347eb49fb20ebb2ff3b99fedd6ad/diff:/var/lib/docker/overlay2/d83c38d654989311f75b9491329846033bfb7714de76ef635380dcfad5c740d9/diff:/var/lib/docker/overlay2/08600d0aea2ab2728bebcf5d2589c640a842f53d1ba3c4a4adccb4d03b923cf6/diff:/var/lib/docker/overlay2/9ec7c63a3fb14d13ac788bbf5e282ca821edc41260b79944e5e631037d13ecda/diff:/var/lib/docker/overlay2/db601d7a1b4ea6da638db620462f0da96fa55c559d02269c9ddb09027936ed87/diff:/var/lib/docker/overlay2/a6d2bd03f942e2565f21e74cfe152c7ec836a1c2b583f0790c685b92bdcfda24/diff:/var/lib/docker/overlay2/9badd16ea2c5e2bf1fde8b579683e41137dfc46ed5449234149f199a6751cc84/diff:/var/lib/docker/overlay2/6efb85646ed12e2d1181ef4cc6f6f6732c00c15a4035fe17ebc4f075ca573c30/diff:/var/lib/docker/overlay2/895d7c0ec09144d6ed33936f4e98e11c18010f7abd708cae1ce43aec7a7f2621/diff:/var/lib/docker/overlay2/1c4ba77aa573ab6e5e5069fd15eae71b3da940bde0f97a922a227ffc8a1d1096/diff","MergedDir":"/var/lib/docker/overlay2/2c15a904a49807090175d7750f18e0f6a57e99c38a424839679cbaf676a4d500/merged","UpperDir":"/var/lib/docker/overlay2/2c15a904a49807090175d7750f18e0f6a57e99c38a424839679cbaf676a4d500/diff","WorkDir":"/var/lib/docker/overlay2/2c15a904a49807090175d7750f18e0f6a57e99c38a424839679cbaf676a4d500/work"},"Name":"overlay2"},"Mounts":[{"Type":"volume","Name":"44a9389ce95a2961210e86afd6afe42b23405f43157b5dc00e010d283c01df79","Source":"/var/lib/docker/volumes/44a9389ce95a2961210e86afd6afe42b23405f43157b5dc00e010d283c01df79/_data","Destination":"/var/lib/mysql","Driver":"local","Mode":"","RW":true,"Propagation":""}],"Config":{"Hostname":"c37a42694b7d","Domainname":"","User":"","AttachStdin":false,"AttachStdout":false,"AttachStderr":false,"ExposedPorts":{"3306/tcp":{},"33060/tcp":{}},"Tty":false,"OpenStdin":false,"StdinOnce":false,"Env":["MYSQL_DATABASE=adm_videos","MYSQL_PASSWORD=123456","MYSQL_ROOT_PASSWORD=123456","PATH=/usr/local/sbin:/usr/local/bin:/usr/sbin:/usr/bin:/sbin:/bin","GOSU_VERSION=1.16","MYSQL_MAJOR=8.0","MYSQL_VERSION=8.0.32-1.el8","MYSQL_SHELL_VERSION=8.0.32-1.el8"],"Cmd":["mysqld"],"Image":"mysql:latest","Volumes":{"/var/lib/mysql":{}},"WorkingDir":"","Entrypoint":["docker-entrypoint.sh"],"OnBuild":null,"Labels":{"org.testcontainers":"true","org.testcontainers.lang":"java","org.testcontainers.sessionId":"818a13d9-e138-4e41-b5a4-74fd927e6a2d","org.testcontainers.version":"1.17.6"}},"NetworkSettings":{"Bridge":"","SandboxID":"bd1f3a626f226e407a1a406212013b21c93b302c93f9fd53a405b7fc5ff825b3","HairpinMode":false,"LinkLocalIPv6Address":"","LinkLocalIPv6PrefixLen":0,"Ports":{"3306/tcp":[{"HostIp":"0.0.0.0","HostPort":"56289"}],"33060/tcp":null},"SandboxKey":"/var/run/docker/netns/bd1f3a626f22","SecondaryIPAddresses":null,"SecondaryIPv6Addresses":null,"EndpointID":"a2b725c0c5ce4503f8e45e0c2adc4455b29a53a4866d3f23b2bce893a084641f","Gateway":"172.17.0.1","GlobalIPv6Address":"","GlobalIPv6PrefixLen":0,"IPAddress":"172.17.0.3","IPPrefixLen":16,"IPv6Gateway":"","MacAddress":"02:42:ac:11:00:03","Networks":{"bridge":{"IPAMConfig":null,"Links":null,"Aliases":null,"NetworkID":"308e234c143065751b16b4500cb9f48d5c7fc2116504b3d816a5e51cd4771062","EndpointID":"a2b725c0c5ce4503f8e45e0c2adc4455b29a53a4866d3f23b2bce893a084641f","Gateway":"172.17.0.1","IPAddress":"172.17.0.3","IPPrefixLen":16,"IPv6Gateway":"","GlobalIPv6Address":"","GlobalIPv6PrefixLen":0,"MacAddress":"02:42:ac:11:00:03","DriverOpts":null}}}}[\n]"
23:55:05.369 [Test worker] DEBUG com.github.dockerjava.zerodep.shaded.org.apache.hc.client5.http.wire - http-outgoing-2 << "[\r][\n]"
23:55:05.370 [Test worker] DEBUG com.github.dockerjava.zerodep.shaded.org.apache.hc.client5.http.wire - http-outgoing-2 << "0[\r][\n]"
23:55:05.370 [Test worker] DEBUG com.github.dockerjava.zerodep.shaded.org.apache.hc.client5.http.wire - http-outgoing-2 << "[\r][\n]"
23:55:05.370 [Test worker] DEBUG com.github.dockerjava.zerodep.shaded.org.apache.hc.client5.http.impl.classic.InternalHttpClient - ep-0000001E: releasing valid endpoint
23:55:05.370 [Test worker] DEBUG com.github.dockerjava.zerodep.shaded.org.apache.hc.client5.http.impl.io.PoolingHttpClientConnectionManager - ep-0000001E: releasing endpoint
23:55:05.370 [Test worker] DEBUG com.github.dockerjava.zerodep.shaded.org.apache.hc.client5.http.impl.io.PoolingHttpClientConnectionManager - ep-0000001E: connection http-outgoing-2 can be kept alive for 3 MINUTES
23:55:05.370 [Test worker] DEBUG com.github.dockerjava.zerodep.shaded.org.apache.hc.client5.http.impl.io.PoolingHttpClientConnectionManager - ep-0000001E: connection released [route: {}->unix://localhost:2375][total available: 1; route allocated: 1 of 2147483647; total allocated: 1 of 2147483647]
23:55:05.370 [Test worker] DEBUG ]]>&#x1f433;<![CDATA[ [mysql:latest] - Trying to create JDBC connection using com.mysql.cj.jdbc.Driver to jdbc:mysql://localhost:56289/adm_videos?useSSL=false&allowPublicKeyRetrieval=true with properties: {password=123456, user=root}
23:55:05.474 [Test worker] DEBUG org.testcontainers.shaded.com.github.dockerjava.core.command.AbstrDockerCmd - Cmd: c37a42694b7d1cff581f5e7b89a60b044af4721181408c271e821f1413201ca6,false
23:55:05.474 [Test worker] DEBUG org.testcontainers.shaded.com.github.dockerjava.core.exec.InspectContainerCmdExec - GET: DefaultWebTarget{path=[/containers/c37a42694b7d1cff581f5e7b89a60b044af4721181408c271e821f1413201ca6/json], queryParams={}}
23:55:05.474 [Test worker] DEBUG com.github.dockerjava.zerodep.shaded.org.apache.hc.client5.http.impl.classic.InternalHttpClient - ex-00000020: preparing request execution
23:55:05.474 [Test worker] DEBUG com.github.dockerjava.zerodep.shaded.org.apache.hc.client5.http.protocol.RequestAddCookies - Cookie spec selected: strict
23:55:05.474 [Test worker] DEBUG com.github.dockerjava.zerodep.shaded.org.apache.hc.client5.http.protocol.RequestAuthCache - Auth cache not set in the context
23:55:05.474 [Test worker] DEBUG com.github.dockerjava.zerodep.shaded.org.apache.hc.client5.http.impl.classic.ProtocolExec - ex-00000020: target auth state: UNCHALLENGED
23:55:05.474 [Test worker] DEBUG com.github.dockerjava.zerodep.shaded.org.apache.hc.client5.http.impl.classic.ProtocolExec - ex-00000020: proxy auth state: UNCHALLENGED
23:55:05.474 [Test worker] DEBUG com.github.dockerjava.zerodep.shaded.org.apache.hc.client5.http.impl.classic.ConnectExec - ex-00000020: acquiring connection with route {}->unix://localhost:2375
23:55:05.474 [Test worker] DEBUG com.github.dockerjava.zerodep.shaded.org.apache.hc.client5.http.impl.classic.InternalHttpClient - ex-00000020: acquiring endpoint (3 MINUTES)
23:55:05.474 [Test worker] DEBUG com.github.dockerjava.zerodep.shaded.org.apache.hc.client5.http.impl.io.PoolingHttpClientConnectionManager - ex-00000020: endpoint lease request (3 MINUTES) [route: {}->unix://localhost:2375][total available: 1; route allocated: 1 of 2147483647; total allocated: 1 of 2147483647]
23:55:05.474 [Test worker] DEBUG com.github.dockerjava.zerodep.shaded.org.apache.hc.client5.http.impl.io.PoolingHttpClientConnectionManager - ex-00000020: endpoint leased [route: {}->unix://localhost:2375][total available: 0; route allocated: 1 of 2147483647; total allocated: 1 of 2147483647]
23:55:05.474 [Test worker] DEBUG com.github.dockerjava.zerodep.shaded.org.apache.hc.client5.http.impl.io.PoolingHttpClientConnectionManager - ex-00000020: acquired ep-0000001F
23:55:05.475 [Test worker] DEBUG com.github.dockerjava.zerodep.shaded.org.apache.hc.client5.http.impl.classic.InternalHttpClient - ex-00000020: acquired endpoint ep-0000001F
23:55:05.475 [Test worker] DEBUG com.github.dockerjava.zerodep.shaded.org.apache.hc.client5.http.impl.classic.MainClientExec - ex-00000020: executing GET /v1.32/containers/c37a42694b7d1cff581f5e7b89a60b044af4721181408c271e821f1413201ca6/json HTTP/1.1
23:55:05.475 [Test worker] DEBUG com.github.dockerjava.zerodep.shaded.org.apache.hc.client5.http.impl.classic.InternalHttpClient - ep-0000001F: start execution ex-00000020
23:55:05.475 [Test worker] DEBUG com.github.dockerjava.zerodep.shaded.org.apache.hc.client5.http.impl.io.PoolingHttpClientConnectionManager - ep-0000001F: executing exchange ex-00000020 over http-outgoing-2
23:55:05.475 [Test worker] DEBUG com.github.dockerjava.zerodep.shaded.org.apache.hc.client5.http.headers - http-outgoing-2 >> GET /v1.32/containers/c37a42694b7d1cff581f5e7b89a60b044af4721181408c271e821f1413201ca6/json HTTP/1.1
23:55:05.475 [Test worker] DEBUG com.github.dockerjava.zerodep.shaded.org.apache.hc.client5.http.headers - http-outgoing-2 >> accept: application/json
23:55:05.475 [Test worker] DEBUG com.github.dockerjava.zerodep.shaded.org.apache.hc.client5.http.headers - http-outgoing-2 >> x-tc-sid: 818a13d9-e138-4e41-b5a4-74fd927e6a2d
23:55:05.475 [Test worker] DEBUG com.github.dockerjava.zerodep.shaded.org.apache.hc.client5.http.headers - http-outgoing-2 >> Accept-Encoding: gzip, x-gzip, deflate
23:55:05.475 [Test worker] DEBUG com.github.dockerjava.zerodep.shaded.org.apache.hc.client5.http.headers - http-outgoing-2 >> Host: localhost:2375
23:55:05.475 [Test worker] DEBUG com.github.dockerjava.zerodep.shaded.org.apache.hc.client5.http.headers - http-outgoing-2 >> Connection: keep-alive
23:55:05.475 [Test worker] DEBUG com.github.dockerjava.zerodep.shaded.org.apache.hc.client5.http.headers - http-outgoing-2 >> User-Agent: Apache-HttpClient/5.0.3 (Java/17.0.2)
23:55:05.475 [Test worker] DEBUG com.github.dockerjava.zerodep.shaded.org.apache.hc.client5.http.wire - http-outgoing-2 >> "GET /v1.32/containers/c37a42694b7d1cff581f5e7b89a60b044af4721181408c271e821f1413201ca6/json HTTP/1.1[\r][\n]"
23:55:05.475 [Test worker] DEBUG com.github.dockerjava.zerodep.shaded.org.apache.hc.client5.http.wire - http-outgoing-2 >> "accept: application/json[\r][\n]"
23:55:05.475 [Test worker] DEBUG com.github.dockerjava.zerodep.shaded.org.apache.hc.client5.http.wire - http-outgoing-2 >> "x-tc-sid: 818a13d9-e138-4e41-b5a4-74fd927e6a2d[\r][\n]"
23:55:05.475 [Test worker] DEBUG com.github.dockerjava.zerodep.shaded.org.apache.hc.client5.http.wire - http-outgoing-2 >> "Accept-Encoding: gzip, x-gzip, deflate[\r][\n]"
23:55:05.475 [Test worker] DEBUG com.github.dockerjava.zerodep.shaded.org.apache.hc.client5.http.wire - http-outgoing-2 >> "Host: localhost:2375[\r][\n]"
23:55:05.475 [Test worker] DEBUG com.github.dockerjava.zerodep.shaded.org.apache.hc.client5.http.wire - http-outgoing-2 >> "Connection: keep-alive[\r][\n]"
23:55:05.475 [Test worker] DEBUG com.github.dockerjava.zerodep.shaded.org.apache.hc.client5.http.wire - http-outgoing-2 >> "User-Agent: Apache-HttpClient/5.0.3 (Java/17.0.2)[\r][\n]"
23:55:05.475 [Test worker] DEBUG com.github.dockerjava.zerodep.shaded.org.apache.hc.client5.http.wire - http-outgoing-2 >> "[\r][\n]"
23:55:05.477 [Test worker] DEBUG com.github.dockerjava.zerodep.shaded.org.apache.hc.client5.http.wire - http-outgoing-2 << "HTTP/1.1 200 OK[\r][\n]"
23:55:05.477 [Test worker] DEBUG com.github.dockerjava.zerodep.shaded.org.apache.hc.client5.http.wire - http-outgoing-2 << "Api-Version: 1.41[\r][\n]"
23:55:05.477 [Test worker] DEBUG com.github.dockerjava.zerodep.shaded.org.apache.hc.client5.http.wire - http-outgoing-2 << "Content-Type: application/json[\r][\n]"
23:55:05.477 [Test worker] DEBUG com.github.dockerjava.zerodep.shaded.org.apache.hc.client5.http.wire - http-outgoing-2 << "Date: Mon, 27 Mar 2023 02:55:05 GMT[\r][\n]"
23:55:05.477 [Test worker] DEBUG com.github.dockerjava.zerodep.shaded.org.apache.hc.client5.http.wire - http-outgoing-2 << "Docker-Experimental: false[\r][\n]"
23:55:05.477 [Test worker] DEBUG com.github.dockerjava.zerodep.shaded.org.apache.hc.client5.http.wire - http-outgoing-2 << "Ostype: linux[\r][\n]"
23:55:05.477 [Test worker] DEBUG com.github.dockerjava.zerodep.shaded.org.apache.hc.client5.http.wire - http-outgoing-2 << "Server: Docker/20.10.21 (linux)[\r][\n]"
23:55:05.477 [Test worker] DEBUG com.github.dockerjava.zerodep.shaded.org.apache.hc.client5.http.wire - http-outgoing-2 << "Transfer-Encoding: chunked[\r][\n]"
23:55:05.477 [Test worker] DEBUG com.github.dockerjava.zerodep.shaded.org.apache.hc.client5.http.wire - http-outgoing-2 << "[\r][\n]"
23:55:05.477 [Test worker] DEBUG com.github.dockerjava.zerodep.shaded.org.apache.hc.client5.http.headers - http-outgoing-2 << HTTP/1.1 200 OK
23:55:05.477 [Test worker] DEBUG com.github.dockerjava.zerodep.shaded.org.apache.hc.client5.http.headers - http-outgoing-2 << Api-Version: 1.41
23:55:05.477 [Test worker] DEBUG com.github.dockerjava.zerodep.shaded.org.apache.hc.client5.http.headers - http-outgoing-2 << Content-Type: application/json
23:55:05.477 [Test worker] DEBUG com.github.dockerjava.zerodep.shaded.org.apache.hc.client5.http.headers - http-outgoing-2 << Date: Mon, 27 Mar 2023 02:55:05 GMT
23:55:05.477 [Test worker] DEBUG com.github.dockerjava.zerodep.shaded.org.apache.hc.client5.http.headers - http-outgoing-2 << Docker-Experimental: false
23:55:05.477 [Test worker] DEBUG com.github.dockerjava.zerodep.shaded.org.apache.hc.client5.http.headers - http-outgoing-2 << Ostype: linux
23:55:05.477 [Test worker] DEBUG com.github.dockerjava.zerodep.shaded.org.apache.hc.client5.http.headers - http-outgoing-2 << Server: Docker/20.10.21 (linux)
23:55:05.477 [Test worker] DEBUG com.github.dockerjava.zerodep.shaded.org.apache.hc.client5.http.headers - http-outgoing-2 << Transfer-Encoding: chunked
23:55:05.477 [Test worker] DEBUG com.github.dockerjava.zerodep.shaded.org.apache.hc.client5.http.impl.classic.MainClientExec - ex-00000020: connection can be kept alive for 3 MINUTES
23:55:05.479 [Test worker] DEBUG com.github.dockerjava.zerodep.shaded.org.apache.hc.client5.http.wire - http-outgoing-2 << "18c1[\r][\n]"
23:55:05.479 [Test worker] DEBUG com.github.dockerjava.zerodep.shaded.org.apache.hc.client5.http.wire - http-outgoing-2 << "{"Id":"c37a42694b7d1cff581f5e7b89a60b044af4721181408c271e821f1413201ca6","Created":"2023-03-27T02:55:02.49734542Z","Path":"docker-entrypoint.sh","Args":["mysqld"],"State":{"Status":"running","Running":true,"Paused":false,"Restarting":false,"OOMKilled":false,"Dead":false,"Pid":18342,"ExitCode":0,"Error":"","StartedAt":"2023-03-27T02:55:03.12719392Z","FinishedAt":"0001-01-01T00:00:00Z"},"Image":"sha256:c7c54c29e20dccc1aefb936c8eba8bb8b98b87a4921102aba87fde2df5810af9","ResolvConfPath":"/var/lib/docker/containers/c37a42694b7d1cff581f5e7b89a60b044af4721181408c271e821f1413201ca6/resolv.conf","HostnamePath":"/var/lib/docker/containers/c37a42694b7d1cff581f5e7b89a60b044af4721181408c271e821f1413201ca6/hostname","HostsPath":"/var/lib/docker/containers/c37a42694b7d1cff581f5e7b89a60b044af4721181408c271e821f1413201ca6/hosts","LogPath":"/var/lib/docker/containers/c37a42694b7d1cff581f5e7b89a60b044af4721181408c271e821f1413201ca6/c37a42694b7d1cff581f5e7b89a60b044af4721181408c271e821f1413201ca6-json.log","Name":"/elegant_mahavira","RestartCount":0,"Driver":"overlay2","Platform":"linux","MountLabel":"","ProcessLabel":"","AppArmorProfile":"","ExecIDs":null,"HostConfig":{"Binds":[],"ContainerIDFile":"","LogConfig":{"Type":"json-file","Config":{}},"NetworkMode":"default","PortBindings":{"3306/tcp":[{"HostIp":"0.0.0.0","HostPort":"0"}]},"RestartPolicy":{"Name":"","MaximumRetryCount":0},"AutoRemove":false,"VolumeDriver":"","VolumesFrom":[],"CapAdd":null,"CapDrop":null,"CgroupnsMode":"private","Dns":null,"DnsOptions":null,"DnsSearch":null,"ExtraHosts":[],"GroupAdd":null,"IpcMode":"shareable","Cgroup":"","Links":null,"OomScoreAdj":0,"PidMode":"","Privileged":false,"PublishAllPorts":false,"ReadonlyRootfs":false,"SecurityOpt":null,"UTSMode":"","UsernsMode":"","ShmSize":67108864,"Runtime":"runc","ConsoleSize":[0,0],"Isolation":"","CpuShares":0,"Memory":0,"NanoCpus":0,"CgroupParent":"","BlkioWeight":0,"BlkioWeightDevice":null,"BlkioDeviceReadBps":null,"BlkioDeviceWriteBps":null,"BlkioDeviceReadIOps":null,"BlkioDeviceWriteIOps":null,"CpuPeriod":0,"CpuQuota":0,"CpuRealtimePeriod":0,"CpuRealtimeRuntime":0,"CpusetCpus":"","CpusetMems":"","Devices":null,"DeviceCgroupRules":null,"DeviceRequests":null,"KernelMemory":0,"KernelMemoryTCP":0,"MemoryReservation":0,"MemorySwap":0,"MemorySwappiness":null,"OomKillDisable":null,"PidsLimit":null,"Ulimits":null,"CpuCount":0,"CpuPercent":0,"IOMaximumIOps":0,"IOMaximumBandwidth":0,"MaskedPaths":["/proc/asound","/proc/acpi","/proc/kcore","/proc/keys","/proc/latency_stats","/proc/timer_list","/proc/timer_stats","/proc/sched_debug","/proc/scsi","/sys/firmware"],"ReadonlyPaths":["/proc/bus","/proc/fs","/proc/irq","/proc/sys","/proc/sysrq-trigger"]},"GraphDriver":{"Data":{"LowerDir":"/var/lib/docker/overlay2/2c15a904a49807090175d7750f18e0f6a57e99c38a424839679cbaf676a4d500-init/diff:/var/lib/docker/overlay2/1bd8849d7a296305617011f940aa5cfabbe972a513397b1b6bbc27639b6c1f30/diff:/var/lib/docker/overlay2/199d69b2fbf78af4d4c95dec4fd2f8835ab0347eb49fb20ebb2ff3b99fedd6ad/diff:/var/lib/docker/overlay2/d83c38d654989311f75b9491329846033bfb7714de76ef635380dcfad5c740d9/diff:/var/lib/docker/overlay2/08600d0aea2ab2728bebcf5d2589c640a842f53d1ba3c4a4adccb4d03b923cf6/diff:/var/lib/docker/overlay2/9ec7c63a3fb14d13ac788bbf5e282ca821edc41260b79944e5e631037d13ecda/diff:/var/lib/docker/overlay2/db601d7a1b4ea6da638db620462f0da96fa55c559d02269c9ddb09027936ed87/diff:/var/lib/docker/overlay2/a6d2bd03f942e2565f21e74cfe152c7ec836a1c2b583f0790c685b92bdcfda24/diff:/var/lib/docker/overlay2/9badd16ea2c5e2bf1fde8b579683e41137dfc46ed5449234149f199a6751cc84/diff:/var/lib/docker/overlay2/6efb85646ed12e2d1181ef4cc6f6f6732c00c15a4035fe17ebc4f075ca573c30/diff:/var/lib/docker/overlay2/895d7c0ec09144d6ed33936f4e98e11c18010f7abd708cae1ce43aec7a7f2621/diff:/var/lib/docker/overlay2/1c4ba77aa573ab6e5e5069fd15eae71b3da940bde0f97a922a227ffc8a1d1096/diff","MergedDir":"/var/lib/docker/overlay2/2c15a904a49807090175d7750f18e0f6a57e99c38a424839679cbaf676a4d500/merged","UpperDir":"/var/lib/docker/overlay2/2c15a904a49807090175d7750f18e0f6a57e99c38a424839679cbaf676a4d500/diff","WorkDir":"/var/lib/docker/overlay2/2c15a904a49807090175d7750f18e0f6a57e99c38a424839679cbaf676a4d500/work"},"Name":"overlay2"},"Mounts":[{"Type":"volume","Name":"44a9389ce95a2961210e86afd6afe42b23405f43157b5dc00e010d283c01df79","Source":"/var/lib/docker/volumes/44a9389ce95a2961210e86afd6afe42b23405f43157b5dc00e010d283c01df79/_data","Destination":"/var/lib/mysql","Driver":"local","Mode":"","RW":true,"Propagation":""}],"Config":{"Hostname":"c37a42694b7d","Domainname":"","User":"","AttachStdin":false,"AttachStdout":false,"AttachStderr":false,"ExposedPorts":{"3306/tcp":{},"33060/tcp":{}},"Tty":false,"OpenStdin":false,"StdinOnce":false,"Env":["MYSQL_DATABASE=adm_videos","MYSQL_PASSWORD=123456","MYSQL_ROOT_PASSWORD=123456","PATH=/usr/local/sbin:/usr/local/bin:/usr/sbin:/usr/bin:/sbin:/bin","GOSU_VERSION=1.16","MYSQL_MAJOR=8.0","MYSQL_VERSION=8.0.32-1.el8","MYSQL_SHELL_VERSION=8.0.32-1.el8"],"Cmd":["mysqld"],"Image":"mysql:latest","Volumes":{"/var/lib/mysql":{}},"WorkingDir":"","Entrypoint":["docker-entrypoint.sh"],"OnBuild":null,"Labels":{"org.testcontainers":"true","org.testcontainers.lang":"java","org.testcontainers.sessionId":"818a13d9-e138-4e41-b5a4-74fd927e6a2d","org.testcontainers.version":"1.17.6"}},"NetworkSettings":{"Bridge":"","SandboxID":"bd1f3a626f226e407a1a406212013b21c93b302c93f9fd53a405b7fc5ff825b3","HairpinMode":false,"LinkLocalIPv6Address":"","LinkLocalIPv6PrefixLen":0,"Ports":{"3306/tcp":[{"HostIp":"0.0.0.0","HostPort":"56289"}],"33060/tcp":null},"SandboxKey":"/var/run/docker/netns/bd1f3a626f22","SecondaryIPAddresses":null,"SecondaryIPv6Addresses":null,"EndpointID":"a2b725c0c5ce4503f8e45e0c2adc4455b29a53a4866d3f23b2bce893a084641f","Gateway":"172.17.0.1","GlobalIPv6Address":"","GlobalIPv6PrefixLen":0,"IPAddress":"172.17.0.3","IPPrefixLen":16,"IPv6Gateway":"","MacAddress":"02:42:ac:11:00:03","Networks":{"bridge":{"IPAMConfig":null,"Links":null,"Aliases":null,"NetworkID":"308e234c143065751b16b4500cb9f48d5c7fc2116504b3d816a5e51cd4771062","EndpointID":"a2b725c0c5ce4503f8e45e0c2adc4455b29a53a4866d3f23b2bce893a084641f","Gateway":"172.17.0.1","IPAddress":"172.17.0.3","IPPrefixLen":16,"IPv6Gateway":"","GlobalIPv6Address":"","GlobalIPv6PrefixLen":0,"MacAddress":"02:42:ac:11:00:03","DriverOpts":null}}}}[\n]"
23:55:05.479 [Test worker] DEBUG com.github.dockerjava.zerodep.shaded.org.apache.hc.client5.http.wire - http-outgoing-2 << "[\r][\n]"
23:55:05.480 [Test worker] DEBUG com.github.dockerjava.zerodep.shaded.org.apache.hc.client5.http.wire - http-outgoing-2 << "0[\r][\n]"
23:55:05.480 [Test worker] DEBUG com.github.dockerjava.zerodep.shaded.org.apache.hc.client5.http.wire - http-outgoing-2 << "[\r][\n]"
23:55:05.480 [Test worker] DEBUG com.github.dockerjava.zerodep.shaded.org.apache.hc.client5.http.impl.classic.InternalHttpClient - ep-0000001F: releasing valid endpoint
23:55:05.480 [Test worker] DEBUG com.github.dockerjava.zerodep.shaded.org.apache.hc.client5.http.impl.io.PoolingHttpClientConnectionManager - ep-0000001F: releasing endpoint
23:55:05.480 [Test worker] DEBUG com.github.dockerjava.zerodep.shaded.org.apache.hc.client5.http.impl.io.PoolingHttpClientConnectionManager - ep-0000001F: connection http-outgoing-2 can be kept alive for 3 MINUTES
23:55:05.480 [Test worker] DEBUG com.github.dockerjava.zerodep.shaded.org.apache.hc.client5.http.impl.io.PoolingHttpClientConnectionManager - ep-0000001F: connection released [route: {}->unix://localhost:2375][total available: 1; route allocated: 1 of 2147483647; total allocated: 1 of 2147483647]
23:55:05.480 [Test worker] DEBUG ]]>&#x1f433;<![CDATA[ [mysql:latest] - Trying to create JDBC connection using com.mysql.cj.jdbc.Driver to jdbc:mysql://localhost:56289/adm_videos?useSSL=false&allowPublicKeyRetrieval=true with properties: {password=123456, user=root}
23:55:05.597 [Test worker] DEBUG org.testcontainers.shaded.com.github.dockerjava.core.command.AbstrDockerCmd - Cmd: c37a42694b7d1cff581f5e7b89a60b044af4721181408c271e821f1413201ca6,false
23:55:05.597 [Test worker] DEBUG org.testcontainers.shaded.com.github.dockerjava.core.exec.InspectContainerCmdExec - GET: DefaultWebTarget{path=[/containers/c37a42694b7d1cff581f5e7b89a60b044af4721181408c271e821f1413201ca6/json], queryParams={}}
23:55:05.597 [Test worker] DEBUG com.github.dockerjava.zerodep.shaded.org.apache.hc.client5.http.impl.classic.InternalHttpClient - ex-00000021: preparing request execution
23:55:05.597 [Test worker] DEBUG com.github.dockerjava.zerodep.shaded.org.apache.hc.client5.http.protocol.RequestAddCookies - Cookie spec selected: strict
23:55:05.597 [Test worker] DEBUG com.github.dockerjava.zerodep.shaded.org.apache.hc.client5.http.protocol.RequestAuthCache - Auth cache not set in the context
23:55:05.597 [Test worker] DEBUG com.github.dockerjava.zerodep.shaded.org.apache.hc.client5.http.impl.classic.ProtocolExec - ex-00000021: target auth state: UNCHALLENGED
23:55:05.597 [Test worker] DEBUG com.github.dockerjava.zerodep.shaded.org.apache.hc.client5.http.impl.classic.ProtocolExec - ex-00000021: proxy auth state: UNCHALLENGED
23:55:05.598 [Test worker] DEBUG com.github.dockerjava.zerodep.shaded.org.apache.hc.client5.http.impl.classic.ConnectExec - ex-00000021: acquiring connection with route {}->unix://localhost:2375
23:55:05.598 [Test worker] DEBUG com.github.dockerjava.zerodep.shaded.org.apache.hc.client5.http.impl.classic.InternalHttpClient - ex-00000021: acquiring endpoint (3 MINUTES)
23:55:05.598 [Test worker] DEBUG com.github.dockerjava.zerodep.shaded.org.apache.hc.client5.http.impl.io.PoolingHttpClientConnectionManager - ex-00000021: endpoint lease request (3 MINUTES) [route: {}->unix://localhost:2375][total available: 1; route allocated: 1 of 2147483647; total allocated: 1 of 2147483647]
23:55:05.598 [Test worker] DEBUG com.github.dockerjava.zerodep.shaded.org.apache.hc.client5.http.impl.io.PoolingHttpClientConnectionManager - ex-00000021: endpoint leased [route: {}->unix://localhost:2375][total available: 0; route allocated: 1 of 2147483647; total allocated: 1 of 2147483647]
23:55:05.598 [Test worker] DEBUG com.github.dockerjava.zerodep.shaded.org.apache.hc.client5.http.impl.io.PoolingHttpClientConnectionManager - ex-00000021: acquired ep-00000020
23:55:05.598 [Test worker] DEBUG com.github.dockerjava.zerodep.shaded.org.apache.hc.client5.http.impl.classic.InternalHttpClient - ex-00000021: acquired endpoint ep-00000020
23:55:05.598 [Test worker] DEBUG com.github.dockerjava.zerodep.shaded.org.apache.hc.client5.http.impl.classic.MainClientExec - ex-00000021: executing GET /v1.32/containers/c37a42694b7d1cff581f5e7b89a60b044af4721181408c271e821f1413201ca6/json HTTP/1.1
23:55:05.598 [Test worker] DEBUG com.github.dockerjava.zerodep.shaded.org.apache.hc.client5.http.impl.classic.InternalHttpClient - ep-00000020: start execution ex-00000021
23:55:05.598 [Test worker] DEBUG com.github.dockerjava.zerodep.shaded.org.apache.hc.client5.http.impl.io.PoolingHttpClientConnectionManager - ep-00000020: executing exchange ex-00000021 over http-outgoing-2
23:55:05.598 [Test worker] DEBUG com.github.dockerjava.zerodep.shaded.org.apache.hc.client5.http.headers - http-outgoing-2 >> GET /v1.32/containers/c37a42694b7d1cff581f5e7b89a60b044af4721181408c271e821f1413201ca6/json HTTP/1.1
23:55:05.598 [Test worker] DEBUG com.github.dockerjava.zerodep.shaded.org.apache.hc.client5.http.headers - http-outgoing-2 >> accept: application/json
23:55:05.598 [Test worker] DEBUG com.github.dockerjava.zerodep.shaded.org.apache.hc.client5.http.headers - http-outgoing-2 >> x-tc-sid: 818a13d9-e138-4e41-b5a4-74fd927e6a2d
23:55:05.598 [Test worker] DEBUG com.github.dockerjava.zerodep.shaded.org.apache.hc.client5.http.headers - http-outgoing-2 >> Accept-Encoding: gzip, x-gzip, deflate
23:55:05.598 [Test worker] DEBUG com.github.dockerjava.zerodep.shaded.org.apache.hc.client5.http.headers - http-outgoing-2 >> Host: localhost:2375
23:55:05.598 [Test worker] DEBUG com.github.dockerjava.zerodep.shaded.org.apache.hc.client5.http.headers - http-outgoing-2 >> Connection: keep-alive
23:55:05.598 [Test worker] DEBUG com.github.dockerjava.zerodep.shaded.org.apache.hc.client5.http.headers - http-outgoing-2 >> User-Agent: Apache-HttpClient/5.0.3 (Java/17.0.2)
23:55:05.598 [Test worker] DEBUG com.github.dockerjava.zerodep.shaded.org.apache.hc.client5.http.wire - http-outgoing-2 >> "GET /v1.32/containers/c37a42694b7d1cff581f5e7b89a60b044af4721181408c271e821f1413201ca6/json HTTP/1.1[\r][\n]"
23:55:05.598 [Test worker] DEBUG com.github.dockerjava.zerodep.shaded.org.apache.hc.client5.http.wire - http-outgoing-2 >> "accept: application/json[\r][\n]"
23:55:05.598 [Test worker] DEBUG com.github.dockerjava.zerodep.shaded.org.apache.hc.client5.http.wire - http-outgoing-2 >> "x-tc-sid: 818a13d9-e138-4e41-b5a4-74fd927e6a2d[\r][\n]"
23:55:05.598 [Test worker] DEBUG com.github.dockerjava.zerodep.shaded.org.apache.hc.client5.http.wire - http-outgoing-2 >> "Accept-Encoding: gzip, x-gzip, deflate[\r][\n]"
23:55:05.598 [Test worker] DEBUG com.github.dockerjava.zerodep.shaded.org.apache.hc.client5.http.wire - http-outgoing-2 >> "Host: localhost:2375[\r][\n]"
23:55:05.598 [Test worker] DEBUG com.github.dockerjava.zerodep.shaded.org.apache.hc.client5.http.wire - http-outgoing-2 >> "Connection: keep-alive[\r][\n]"
23:55:05.598 [Test worker] DEBUG com.github.dockerjava.zerodep.shaded.org.apache.hc.client5.http.wire - http-outgoing-2 >> "User-Agent: Apache-HttpClient/5.0.3 (Java/17.0.2)[\r][\n]"
23:55:05.598 [Test worker] DEBUG com.github.dockerjava.zerodep.shaded.org.apache.hc.client5.http.wire - http-outgoing-2 >> "[\r][\n]"
23:55:05.601 [Test worker] DEBUG com.github.dockerjava.zerodep.shaded.org.apache.hc.client5.http.wire - http-outgoing-2 << "HTTP/1.1 200 OK[\r][\n]"
23:55:05.601 [Test worker] DEBUG com.github.dockerjava.zerodep.shaded.org.apache.hc.client5.http.wire - http-outgoing-2 << "Api-Version: 1.41[\r][\n]"
23:55:05.601 [Test worker] DEBUG com.github.dockerjava.zerodep.shaded.org.apache.hc.client5.http.wire - http-outgoing-2 << "Content-Type: application/json[\r][\n]"
23:55:05.601 [Test worker] DEBUG com.github.dockerjava.zerodep.shaded.org.apache.hc.client5.http.wire - http-outgoing-2 << "Date: Mon, 27 Mar 2023 02:55:05 GMT[\r][\n]"
23:55:05.601 [Test worker] DEBUG com.github.dockerjava.zerodep.shaded.org.apache.hc.client5.http.wire - http-outgoing-2 << "Docker-Experimental: false[\r][\n]"
23:55:05.601 [Test worker] DEBUG com.github.dockerjava.zerodep.shaded.org.apache.hc.client5.http.wire - http-outgoing-2 << "Ostype: linux[\r][\n]"
23:55:05.601 [Test worker] DEBUG com.github.dockerjava.zerodep.shaded.org.apache.hc.client5.http.wire - http-outgoing-2 << "Server: Docker/20.10.21 (linux)[\r][\n]"
23:55:05.601 [Test worker] DEBUG com.github.dockerjava.zerodep.shaded.org.apache.hc.client5.http.wire - http-outgoing-2 << "Transfer-Encoding: chunked[\r][\n]"
23:55:05.601 [Test worker] DEBUG com.github.dockerjava.zerodep.shaded.org.apache.hc.client5.http.wire - http-outgoing-2 << "[\r][\n]"
23:55:05.601 [Test worker] DEBUG com.github.dockerjava.zerodep.shaded.org.apache.hc.client5.http.headers - http-outgoing-2 << HTTP/1.1 200 OK
23:55:05.601 [Test worker] DEBUG com.github.dockerjava.zerodep.shaded.org.apache.hc.client5.http.headers - http-outgoing-2 << Api-Version: 1.41
23:55:05.601 [Test worker] DEBUG com.github.dockerjava.zerodep.shaded.org.apache.hc.client5.http.headers - http-outgoing-2 << Content-Type: application/json
23:55:05.601 [Test worker] DEBUG com.github.dockerjava.zerodep.shaded.org.apache.hc.client5.http.headers - http-outgoing-2 << Date: Mon, 27 Mar 2023 02:55:05 GMT
23:55:05.601 [Test worker] DEBUG com.github.dockerjava.zerodep.shaded.org.apache.hc.client5.http.headers - http-outgoing-2 << Docker-Experimental: false
23:55:05.601 [Test worker] DEBUG com.github.dockerjava.zerodep.shaded.org.apache.hc.client5.http.headers - http-outgoing-2 << Ostype: linux
23:55:05.601 [Test worker] DEBUG com.github.dockerjava.zerodep.shaded.org.apache.hc.client5.http.headers - http-outgoing-2 << Server: Docker/20.10.21 (linux)
23:55:05.601 [Test worker] DEBUG com.github.dockerjava.zerodep.shaded.org.apache.hc.client5.http.headers - http-outgoing-2 << Transfer-Encoding: chunked
23:55:05.602 [Test worker] DEBUG com.github.dockerjava.zerodep.shaded.org.apache.hc.client5.http.impl.classic.MainClientExec - ex-00000021: connection can be kept alive for 3 MINUTES
23:55:05.603 [Test worker] DEBUG com.github.dockerjava.zerodep.shaded.org.apache.hc.client5.http.wire - http-outgoing-2 << "18c1[\r][\n]"
23:55:05.603 [Test worker] DEBUG com.github.dockerjava.zerodep.shaded.org.apache.hc.client5.http.wire - http-outgoing-2 << "{"Id":"c37a42694b7d1cff581f5e7b89a60b044af4721181408c271e821f1413201ca6","Created":"2023-03-27T02:55:02.49734542Z","Path":"docker-entrypoint.sh","Args":["mysqld"],"State":{"Status":"running","Running":true,"Paused":false,"Restarting":false,"OOMKilled":false,"Dead":false,"Pid":18342,"ExitCode":0,"Error":"","StartedAt":"2023-03-27T02:55:03.12719392Z","FinishedAt":"0001-01-01T00:00:00Z"},"Image":"sha256:c7c54c29e20dccc1aefb936c8eba8bb8b98b87a4921102aba87fde2df5810af9","ResolvConfPath":"/var/lib/docker/containers/c37a42694b7d1cff581f5e7b89a60b044af4721181408c271e821f1413201ca6/resolv.conf","HostnamePath":"/var/lib/docker/containers/c37a42694b7d1cff581f5e7b89a60b044af4721181408c271e821f1413201ca6/hostname","HostsPath":"/var/lib/docker/containers/c37a42694b7d1cff581f5e7b89a60b044af4721181408c271e821f1413201ca6/hosts","LogPath":"/var/lib/docker/containers/c37a42694b7d1cff581f5e7b89a60b044af4721181408c271e821f1413201ca6/c37a42694b7d1cff581f5e7b89a60b044af4721181408c271e821f1413201ca6-json.log","Name":"/elegant_mahavira","RestartCount":0,"Driver":"overlay2","Platform":"linux","MountLabel":"","ProcessLabel":"","AppArmorProfile":"","ExecIDs":null,"HostConfig":{"Binds":[],"ContainerIDFile":"","LogConfig":{"Type":"json-file","Config":{}},"NetworkMode":"default","PortBindings":{"3306/tcp":[{"HostIp":"0.0.0.0","HostPort":"0"}]},"RestartPolicy":{"Name":"","MaximumRetryCount":0},"AutoRemove":false,"VolumeDriver":"","VolumesFrom":[],"CapAdd":null,"CapDrop":null,"CgroupnsMode":"private","Dns":null,"DnsOptions":null,"DnsSearch":null,"ExtraHosts":[],"GroupAdd":null,"IpcMode":"shareable","Cgroup":"","Links":null,"OomScoreAdj":0,"PidMode":"","Privileged":false,"PublishAllPorts":false,"ReadonlyRootfs":false,"SecurityOpt":null,"UTSMode":"","UsernsMode":"","ShmSize":67108864,"Runtime":"runc","ConsoleSize":[0,0],"Isolation":"","CpuShares":0,"Memory":0,"NanoCpus":0,"CgroupParent":"","BlkioWeight":0,"BlkioWeightDevice":null,"BlkioDeviceReadBps":null,"BlkioDeviceWriteBps":null,"BlkioDeviceReadIOps":null,"BlkioDeviceWriteIOps":null,"CpuPeriod":0,"CpuQuota":0,"CpuRealtimePeriod":0,"CpuRealtimeRuntime":0,"CpusetCpus":"","CpusetMems":"","Devices":null,"DeviceCgroupRules":null,"DeviceRequests":null,"KernelMemory":0,"KernelMemoryTCP":0,"MemoryReservation":0,"MemorySwap":0,"MemorySwappiness":null,"OomKillDisable":null,"PidsLimit":null,"Ulimits":null,"CpuCount":0,"CpuPercent":0,"IOMaximumIOps":0,"IOMaximumBandwidth":0,"MaskedPaths":["/proc/asound","/proc/acpi","/proc/kcore","/proc/keys","/proc/latency_stats","/proc/timer_list","/proc/timer_stats","/proc/sched_debug","/proc/scsi","/sys/firmware"],"ReadonlyPaths":["/proc/bus","/proc/fs","/proc/irq","/proc/sys","/proc/sysrq-trigger"]},"GraphDriver":{"Data":{"LowerDir":"/var/lib/docker/overlay2/2c15a904a49807090175d7750f18e0f6a57e99c38a424839679cbaf676a4d500-init/diff:/var/lib/docker/overlay2/1bd8849d7a296305617011f940aa5cfabbe972a513397b1b6bbc27639b6c1f30/diff:/var/lib/docker/overlay2/199d69b2fbf78af4d4c95dec4fd2f8835ab0347eb49fb20ebb2ff3b99fedd6ad/diff:/var/lib/docker/overlay2/d83c38d654989311f75b9491329846033bfb7714de76ef635380dcfad5c740d9/diff:/var/lib/docker/overlay2/08600d0aea2ab2728bebcf5d2589c640a842f53d1ba3c4a4adccb4d03b923cf6/diff:/var/lib/docker/overlay2/9ec7c63a3fb14d13ac788bbf5e282ca821edc41260b79944e5e631037d13ecda/diff:/var/lib/docker/overlay2/db601d7a1b4ea6da638db620462f0da96fa55c559d02269c9ddb09027936ed87/diff:/var/lib/docker/overlay2/a6d2bd03f942e2565f21e74cfe152c7ec836a1c2b583f0790c685b92bdcfda24/diff:/var/lib/docker/overlay2/9badd16ea2c5e2bf1fde8b579683e41137dfc46ed5449234149f199a6751cc84/diff:/var/lib/docker/overlay2/6efb85646ed12e2d1181ef4cc6f6f6732c00c15a4035fe17ebc4f075ca573c30/diff:/var/lib/docker/overlay2/895d7c0ec09144d6ed33936f4e98e11c18010f7abd708cae1ce43aec7a7f2621/diff:/var/lib/docker/overlay2/1c4ba77aa573ab6e5e5069fd15eae71b3da940bde0f97a922a227ffc8a1d1096/diff","MergedDir":"/var/lib/docker/overlay2/2c15a904a49807090175d7750f18e0f6a57e99c38a424839679cbaf676a4d500/merged","UpperDir":"/var/lib/docker/overlay2/2c15a904a49807090175d7750f18e0f6a57e99c38a424839679cbaf676a4d500/diff","WorkDir":"/var/lib/docker/overlay2/2c15a904a49807090175d7750f18e0f6a57e99c38a424839679cbaf676a4d500/work"},"Name":"overlay2"},"Mounts":[{"Type":"volume","Name":"44a9389ce95a2961210e86afd6afe42b23405f43157b5dc00e010d283c01df79","Source":"/var/lib/docker/volumes/44a9389ce95a2961210e86afd6afe42b23405f43157b5dc00e010d283c01df79/_data","Destination":"/var/lib/mysql","Driver":"local","Mode":"","RW":true,"Propagation":""}],"Config":{"Hostname":"c37a42694b7d","Domainname":"","User":"","AttachStdin":false,"AttachStdout":false,"AttachStderr":false,"ExposedPorts":{"3306/tcp":{},"33060/tcp":{}},"Tty":false,"OpenStdin":false,"StdinOnce":false,"Env":["MYSQL_DATABASE=adm_videos","MYSQL_PASSWORD=123456","MYSQL_ROOT_PASSWORD=123456","PATH=/usr/local/sbin:/usr/local/bin:/usr/sbin:/usr/bin:/sbin:/bin","GOSU_VERSION=1.16","MYSQL_MAJOR=8.0","MYSQL_VERSION=8.0.32-1.el8","MYSQL_SHELL_VERSION=8.0.32-1.el8"],"Cmd":["mysqld"],"Image":"mysql:latest","Volumes":{"/var/lib/mysql":{}},"WorkingDir":"","Entrypoint":["docker-entrypoint.sh"],"OnBuild":null,"Labels":{"org.testcontainers":"true","org.testcontainers.lang":"java","org.testcontainers.sessionId":"818a13d9-e138-4e41-b5a4-74fd927e6a2d","org.testcontainers.version":"1.17.6"}},"NetworkSettings":{"Bridge":"","SandboxID":"bd1f3a626f226e407a1a406212013b21c93b302c93f9fd53a405b7fc5ff825b3","HairpinMode":false,"LinkLocalIPv6Address":"","LinkLocalIPv6PrefixLen":0,"Ports":{"3306/tcp":[{"HostIp":"0.0.0.0","HostPort":"56289"}],"33060/tcp":null},"SandboxKey":"/var/run/docker/netns/bd1f3a626f22","SecondaryIPAddresses":null,"SecondaryIPv6Addresses":null,"EndpointID":"a2b725c0c5ce4503f8e45e0c2adc4455b29a53a4866d3f23b2bce893a084641f","Gateway":"172.17.0.1","GlobalIPv6Address":"","GlobalIPv6PrefixLen":0,"IPAddress":"172.17.0.3","IPPrefixLen":16,"IPv6Gateway":"","MacAddress":"02:42:ac:11:00:03","Networks":{"bridge":{"IPAMConfig":null,"Links":null,"Aliases":null,"NetworkID":"308e234c143065751b16b4500cb9f48d5c7fc2116504b3d816a5e51cd4771062","EndpointID":"a2b725c0c5ce4503f8e45e0c2adc4455b29a53a4866d3f23b2bce893a084641f","Gateway":"172.17.0.1","IPAddress":"172.17.0.3","IPPrefixLen":16,"IPv6Gateway":"","GlobalIPv6Address":"","GlobalIPv6PrefixLen":0,"MacAddress":"02:42:ac:11:00:03","DriverOpts":null}}}}[\n]"
23:55:05.603 [Test worker] DEBUG com.github.dockerjava.zerodep.shaded.org.apache.hc.client5.http.wire - http-outgoing-2 << "[\r][\n]"
23:55:05.604 [Test worker] DEBUG com.github.dockerjava.zerodep.shaded.org.apache.hc.client5.http.wire - http-outgoing-2 << "0[\r][\n]"
23:55:05.604 [Test worker] DEBUG com.github.dockerjava.zerodep.shaded.org.apache.hc.client5.http.wire - http-outgoing-2 << "[\r][\n]"
23:55:05.605 [Test worker] DEBUG com.github.dockerjava.zerodep.shaded.org.apache.hc.client5.http.impl.classic.InternalHttpClient - ep-00000020: releasing valid endpoint
23:55:05.605 [Test worker] DEBUG com.github.dockerjava.zerodep.shaded.org.apache.hc.client5.http.impl.io.PoolingHttpClientConnectionManager - ep-00000020: releasing endpoint
23:55:05.605 [Test worker] DEBUG com.github.dockerjava.zerodep.shaded.org.apache.hc.client5.http.impl.io.PoolingHttpClientConnectionManager - ep-00000020: connection http-outgoing-2 can be kept alive for 3 MINUTES
23:55:05.605 [Test worker] DEBUG com.github.dockerjava.zerodep.shaded.org.apache.hc.client5.http.impl.io.PoolingHttpClientConnectionManager - ep-00000020: connection released [route: {}->unix://localhost:2375][total available: 1; route allocated: 1 of 2147483647; total allocated: 1 of 2147483647]
23:55:05.605 [Test worker] DEBUG ]]>&#x1f433;<![CDATA[ [mysql:latest] - Trying to create JDBC connection using com.mysql.cj.jdbc.Driver to jdbc:mysql://localhost:56289/adm_videos?useSSL=false&allowPublicKeyRetrieval=true with properties: {password=123456, user=root}
23:55:05.708 [Test worker] DEBUG org.testcontainers.shaded.com.github.dockerjava.core.command.AbstrDockerCmd - Cmd: c37a42694b7d1cff581f5e7b89a60b044af4721181408c271e821f1413201ca6,false
23:55:05.709 [Test worker] DEBUG org.testcontainers.shaded.com.github.dockerjava.core.exec.InspectContainerCmdExec - GET: DefaultWebTarget{path=[/containers/c37a42694b7d1cff581f5e7b89a60b044af4721181408c271e821f1413201ca6/json], queryParams={}}
23:55:05.709 [Test worker] DEBUG com.github.dockerjava.zerodep.shaded.org.apache.hc.client5.http.impl.classic.InternalHttpClient - ex-00000022: preparing request execution
23:55:05.709 [Test worker] DEBUG com.github.dockerjava.zerodep.shaded.org.apache.hc.client5.http.protocol.RequestAddCookies - Cookie spec selected: strict
23:55:05.709 [Test worker] DEBUG com.github.dockerjava.zerodep.shaded.org.apache.hc.client5.http.protocol.RequestAuthCache - Auth cache not set in the context
23:55:05.709 [Test worker] DEBUG com.github.dockerjava.zerodep.shaded.org.apache.hc.client5.http.impl.classic.ProtocolExec - ex-00000022: target auth state: UNCHALLENGED
23:55:05.709 [Test worker] DEBUG com.github.dockerjava.zerodep.shaded.org.apache.hc.client5.http.impl.classic.ProtocolExec - ex-00000022: proxy auth state: UNCHALLENGED
23:55:05.709 [Test worker] DEBUG com.github.dockerjava.zerodep.shaded.org.apache.hc.client5.http.impl.classic.ConnectExec - ex-00000022: acquiring connection with route {}->unix://localhost:2375
23:55:05.709 [Test worker] DEBUG com.github.dockerjava.zerodep.shaded.org.apache.hc.client5.http.impl.classic.InternalHttpClient - ex-00000022: acquiring endpoint (3 MINUTES)
23:55:05.709 [Test worker] DEBUG com.github.dockerjava.zerodep.shaded.org.apache.hc.client5.http.impl.io.PoolingHttpClientConnectionManager - ex-00000022: endpoint lease request (3 MINUTES) [route: {}->unix://localhost:2375][total available: 1; route allocated: 1 of 2147483647; total allocated: 1 of 2147483647]
23:55:05.709 [Test worker] DEBUG com.github.dockerjava.zerodep.shaded.org.apache.hc.client5.http.impl.io.PoolingHttpClientConnectionManager - ex-00000022: endpoint leased [route: {}->unix://localhost:2375][total available: 0; route allocated: 1 of 2147483647; total allocated: 1 of 2147483647]
23:55:05.709 [Test worker] DEBUG com.github.dockerjava.zerodep.shaded.org.apache.hc.client5.http.impl.io.PoolingHttpClientConnectionManager - ex-00000022: acquired ep-00000021
23:55:05.709 [Test worker] DEBUG com.github.dockerjava.zerodep.shaded.org.apache.hc.client5.http.impl.classic.InternalHttpClient - ex-00000022: acquired endpoint ep-00000021
23:55:05.709 [Test worker] DEBUG com.github.dockerjava.zerodep.shaded.org.apache.hc.client5.http.impl.classic.MainClientExec - ex-00000022: executing GET /v1.32/containers/c37a42694b7d1cff581f5e7b89a60b044af4721181408c271e821f1413201ca6/json HTTP/1.1
23:55:05.709 [Test worker] DEBUG com.github.dockerjava.zerodep.shaded.org.apache.hc.client5.http.impl.classic.InternalHttpClient - ep-00000021: start execution ex-00000022
23:55:05.709 [Test worker] DEBUG com.github.dockerjava.zerodep.shaded.org.apache.hc.client5.http.impl.io.PoolingHttpClientConnectionManager - ep-00000021: executing exchange ex-00000022 over http-outgoing-2
23:55:05.709 [Test worker] DEBUG com.github.dockerjava.zerodep.shaded.org.apache.hc.client5.http.headers - http-outgoing-2 >> GET /v1.32/containers/c37a42694b7d1cff581f5e7b89a60b044af4721181408c271e821f1413201ca6/json HTTP/1.1
23:55:05.709 [Test worker] DEBUG com.github.dockerjava.zerodep.shaded.org.apache.hc.client5.http.headers - http-outgoing-2 >> accept: application/json
23:55:05.709 [Test worker] DEBUG com.github.dockerjava.zerodep.shaded.org.apache.hc.client5.http.headers - http-outgoing-2 >> x-tc-sid: 818a13d9-e138-4e41-b5a4-74fd927e6a2d
23:55:05.709 [Test worker] DEBUG com.github.dockerjava.zerodep.shaded.org.apache.hc.client5.http.headers - http-outgoing-2 >> Accept-Encoding: gzip, x-gzip, deflate
23:55:05.709 [Test worker] DEBUG com.github.dockerjava.zerodep.shaded.org.apache.hc.client5.http.headers - http-outgoing-2 >> Host: localhost:2375
23:55:05.709 [Test worker] DEBUG com.github.dockerjava.zerodep.shaded.org.apache.hc.client5.http.headers - http-outgoing-2 >> Connection: keep-alive
23:55:05.709 [Test worker] DEBUG com.github.dockerjava.zerodep.shaded.org.apache.hc.client5.http.headers - http-outgoing-2 >> User-Agent: Apache-HttpClient/5.0.3 (Java/17.0.2)
23:55:05.710 [Test worker] DEBUG com.github.dockerjava.zerodep.shaded.org.apache.hc.client5.http.wire - http-outgoing-2 >> "GET /v1.32/containers/c37a42694b7d1cff581f5e7b89a60b044af4721181408c271e821f1413201ca6/json HTTP/1.1[\r][\n]"
23:55:05.710 [Test worker] DEBUG com.github.dockerjava.zerodep.shaded.org.apache.hc.client5.http.wire - http-outgoing-2 >> "accept: application/json[\r][\n]"
23:55:05.710 [Test worker] DEBUG com.github.dockerjava.zerodep.shaded.org.apache.hc.client5.http.wire - http-outgoing-2 >> "x-tc-sid: 818a13d9-e138-4e41-b5a4-74fd927e6a2d[\r][\n]"
23:55:05.710 [Test worker] DEBUG com.github.dockerjava.zerodep.shaded.org.apache.hc.client5.http.wire - http-outgoing-2 >> "Accept-Encoding: gzip, x-gzip, deflate[\r][\n]"
23:55:05.710 [Test worker] DEBUG com.github.dockerjava.zerodep.shaded.org.apache.hc.client5.http.wire - http-outgoing-2 >> "Host: localhost:2375[\r][\n]"
23:55:05.710 [Test worker] DEBUG com.github.dockerjava.zerodep.shaded.org.apache.hc.client5.http.wire - http-outgoing-2 >> "Connection: keep-alive[\r][\n]"
23:55:05.710 [Test worker] DEBUG com.github.dockerjava.zerodep.shaded.org.apache.hc.client5.http.wire - http-outgoing-2 >> "User-Agent: Apache-HttpClient/5.0.3 (Java/17.0.2)[\r][\n]"
23:55:05.710 [Test worker] DEBUG com.github.dockerjava.zerodep.shaded.org.apache.hc.client5.http.wire - http-outgoing-2 >> "[\r][\n]"
23:55:05.714 [Test worker] DEBUG com.github.dockerjava.zerodep.shaded.org.apache.hc.client5.http.wire - http-outgoing-2 << "HTTP/1.1 200 OK[\r][\n]"
23:55:05.714 [Test worker] DEBUG com.github.dockerjava.zerodep.shaded.org.apache.hc.client5.http.wire - http-outgoing-2 << "Api-Version: 1.41[\r][\n]"
23:55:05.714 [Test worker] DEBUG com.github.dockerjava.zerodep.shaded.org.apache.hc.client5.http.wire - http-outgoing-2 << "Content-Type: application/json[\r][\n]"
23:55:05.714 [Test worker] DEBUG com.github.dockerjava.zerodep.shaded.org.apache.hc.client5.http.wire - http-outgoing-2 << "Date: Mon, 27 Mar 2023 02:55:05 GMT[\r][\n]"
23:55:05.714 [Test worker] DEBUG com.github.dockerjava.zerodep.shaded.org.apache.hc.client5.http.wire - http-outgoing-2 << "Docker-Experimental: false[\r][\n]"
23:55:05.714 [Test worker] DEBUG com.github.dockerjava.zerodep.shaded.org.apache.hc.client5.http.wire - http-outgoing-2 << "Ostype: linux[\r][\n]"
23:55:05.714 [Test worker] DEBUG com.github.dockerjava.zerodep.shaded.org.apache.hc.client5.http.wire - http-outgoing-2 << "Server: Docker/20.10.21 (linux)[\r][\n]"
23:55:05.714 [Test worker] DEBUG com.github.dockerjava.zerodep.shaded.org.apache.hc.client5.http.wire - http-outgoing-2 << "Transfer-Encoding: chunked[\r][\n]"
23:55:05.714 [Test worker] DEBUG com.github.dockerjava.zerodep.shaded.org.apache.hc.client5.http.wire - http-outgoing-2 << "[\r][\n]"
23:55:05.714 [Test worker] DEBUG com.github.dockerjava.zerodep.shaded.org.apache.hc.client5.http.headers - http-outgoing-2 << HTTP/1.1 200 OK
23:55:05.714 [Test worker] DEBUG com.github.dockerjava.zerodep.shaded.org.apache.hc.client5.http.headers - http-outgoing-2 << Api-Version: 1.41
23:55:05.714 [Test worker] DEBUG com.github.dockerjava.zerodep.shaded.org.apache.hc.client5.http.headers - http-outgoing-2 << Content-Type: application/json
23:55:05.714 [Test worker] DEBUG com.github.dockerjava.zerodep.shaded.org.apache.hc.client5.http.headers - http-outgoing-2 << Date: Mon, 27 Mar 2023 02:55:05 GMT
23:55:05.714 [Test worker] DEBUG com.github.dockerjava.zerodep.shaded.org.apache.hc.client5.http.headers - http-outgoing-2 << Docker-Experimental: false
23:55:05.714 [Test worker] DEBUG com.github.dockerjava.zerodep.shaded.org.apache.hc.client5.http.headers - http-outgoing-2 << Ostype: linux
23:55:05.714 [Test worker] DEBUG com.github.dockerjava.zerodep.shaded.org.apache.hc.client5.http.headers - http-outgoing-2 << Server: Docker/20.10.21 (linux)
23:55:05.714 [Test worker] DEBUG com.github.dockerjava.zerodep.shaded.org.apache.hc.client5.http.headers - http-outgoing-2 << Transfer-Encoding: chunked
23:55:05.714 [Test worker] DEBUG com.github.dockerjava.zerodep.shaded.org.apache.hc.client5.http.impl.classic.MainClientExec - ex-00000022: connection can be kept alive for 3 MINUTES
23:55:05.717 [Test worker] DEBUG com.github.dockerjava.zerodep.shaded.org.apache.hc.client5.http.wire - http-outgoing-2 << "18c1[\r][\n]"
23:55:05.717 [Test worker] DEBUG com.github.dockerjava.zerodep.shaded.org.apache.hc.client5.http.wire - http-outgoing-2 << "{"Id":"c37a42694b7d1cff581f5e7b89a60b044af4721181408c271e821f1413201ca6","Created":"2023-03-27T02:55:02.49734542Z","Path":"docker-entrypoint.sh","Args":["mysqld"],"State":{"Status":"running","Running":true,"Paused":false,"Restarting":false,"OOMKilled":false,"Dead":false,"Pid":18342,"ExitCode":0,"Error":"","StartedAt":"2023-03-27T02:55:03.12719392Z","FinishedAt":"0001-01-01T00:00:00Z"},"Image":"sha256:c7c54c29e20dccc1aefb936c8eba8bb8b98b87a4921102aba87fde2df5810af9","ResolvConfPath":"/var/lib/docker/containers/c37a42694b7d1cff581f5e7b89a60b044af4721181408c271e821f1413201ca6/resolv.conf","HostnamePath":"/var/lib/docker/containers/c37a42694b7d1cff581f5e7b89a60b044af4721181408c271e821f1413201ca6/hostname","HostsPath":"/var/lib/docker/containers/c37a42694b7d1cff581f5e7b89a60b044af4721181408c271e821f1413201ca6/hosts","LogPath":"/var/lib/docker/containers/c37a42694b7d1cff581f5e7b89a60b044af4721181408c271e821f1413201ca6/c37a42694b7d1cff581f5e7b89a60b044af4721181408c271e821f1413201ca6-json.log","Name":"/elegant_mahavira","RestartCount":0,"Driver":"overlay2","Platform":"linux","MountLabel":"","ProcessLabel":"","AppArmorProfile":"","ExecIDs":null,"HostConfig":{"Binds":[],"ContainerIDFile":"","LogConfig":{"Type":"json-file","Config":{}},"NetworkMode":"default","PortBindings":{"3306/tcp":[{"HostIp":"0.0.0.0","HostPort":"0"}]},"RestartPolicy":{"Name":"","MaximumRetryCount":0},"AutoRemove":false,"VolumeDriver":"","VolumesFrom":[],"CapAdd":null,"CapDrop":null,"CgroupnsMode":"private","Dns":null,"DnsOptions":null,"DnsSearch":null,"ExtraHosts":[],"GroupAdd":null,"IpcMode":"shareable","Cgroup":"","Links":null,"OomScoreAdj":0,"PidMode":"","Privileged":false,"PublishAllPorts":false,"ReadonlyRootfs":false,"SecurityOpt":null,"UTSMode":"","UsernsMode":"","ShmSize":67108864,"Runtime":"runc","ConsoleSize":[0,0],"Isolation":"","CpuShares":0,"Memory":0,"NanoCpus":0,"CgroupParent":"","BlkioWeight":0,"BlkioWeightDevice":null,"BlkioDeviceReadBps":null,"BlkioDeviceWriteBps":null,"BlkioDeviceReadIOps":null,"BlkioDeviceWriteIOps":null,"CpuPeriod":0,"CpuQuota":0,"CpuRealtimePeriod":0,"CpuRealtimeRuntime":0,"CpusetCpus":"","CpusetMems":"","Devices":null,"DeviceCgroupRules":null,"DeviceRequests":null,"KernelMemory":0,"KernelMemoryTCP":0,"MemoryReservation":0,"MemorySwap":0,"MemorySwappiness":null,"OomKillDisable":null,"PidsLimit":null,"Ulimits":null,"CpuCount":0,"CpuPercent":0,"IOMaximumIOps":0,"IOMaximumBandwidth":0,"MaskedPaths":["/proc/asound","/proc/acpi","/proc/kcore","/proc/keys","/proc/latency_stats","/proc/timer_list","/proc/timer_stats","/proc/sched_debug","/proc/scsi","/sys/firmware"],"ReadonlyPaths":["/proc/bus","/proc/fs","/proc/irq","/proc/sys","/proc/sysrq-trigger"]},"GraphDriver":{"Data":{"LowerDir":"/var/lib/docker/overlay2/2c15a904a49807090175d7750f18e0f6a57e99c38a424839679cbaf676a4d500-init/diff:/var/lib/docker/overlay2/1bd8849d7a296305617011f940aa5cfabbe972a513397b1b6bbc27639b6c1f30/diff:/var/lib/docker/overlay2/199d69b2fbf78af4d4c95dec4fd2f8835ab0347eb49fb20ebb2ff3b99fedd6ad/diff:/var/lib/docker/overlay2/d83c38d654989311f75b9491329846033bfb7714de76ef635380dcfad5c740d9/diff:/var/lib/docker/overlay2/08600d0aea2ab2728bebcf5d2589c640a842f53d1ba3c4a4adccb4d03b923cf6/diff:/var/lib/docker/overlay2/9ec7c63a3fb14d13ac788bbf5e282ca821edc41260b79944e5e631037d13ecda/diff:/var/lib/docker/overlay2/db601d7a1b4ea6da638db620462f0da96fa55c559d02269c9ddb09027936ed87/diff:/var/lib/docker/overlay2/a6d2bd03f942e2565f21e74cfe152c7ec836a1c2b583f0790c685b92bdcfda24/diff:/var/lib/docker/overlay2/9badd16ea2c5e2bf1fde8b579683e41137dfc46ed5449234149f199a6751cc84/diff:/var/lib/docker/overlay2/6efb85646ed12e2d1181ef4cc6f6f6732c00c15a4035fe17ebc4f075ca573c30/diff:/var/lib/docker/overlay2/895d7c0ec09144d6ed33936f4e98e11c18010f7abd708cae1ce43aec7a7f2621/diff:/var/lib/docker/overlay2/1c4ba77aa573ab6e5e5069fd15eae71b3da940bde0f97a922a227ffc8a1d1096/diff","MergedDir":"/var/lib/docker/overlay2/2c15a904a49807090175d7750f18e0f6a57e99c38a424839679cbaf676a4d500/merged","UpperDir":"/var/lib/docker/overlay2/2c15a904a49807090175d7750f18e0f6a57e99c38a424839679cbaf676a4d500/diff","WorkDir":"/var/lib/docker/overlay2/2c15a904a49807090175d7750f18e0f6a57e99c38a424839679cbaf676a4d500/work"},"Name":"overlay2"},"Mounts":[{"Type":"volume","Name":"44a9389ce95a2961210e86afd6afe42b23405f43157b5dc00e010d283c01df79","Source":"/var/lib/docker/volumes/44a9389ce95a2961210e86afd6afe42b23405f43157b5dc00e010d283c01df79/_data","Destination":"/var/lib/mysql","Driver":"local","Mode":"","RW":true,"Propagation":""}],"Config":{"Hostname":"c37a42694b7d","Domainname":"","User":"","AttachStdin":false,"AttachStdout":false,"AttachStderr":false,"ExposedPorts":{"3306/tcp":{},"33060/tcp":{}},"Tty":false,"OpenStdin":false,"StdinOnce":false,"Env":["MYSQL_DATABASE=adm_videos","MYSQL_PASSWORD=123456","MYSQL_ROOT_PASSWORD=123456","PATH=/usr/local/sbin:/usr/local/bin:/usr/sbin:/usr/bin:/sbin:/bin","GOSU_VERSION=1.16","MYSQL_MAJOR=8.0","MYSQL_VERSION=8.0.32-1.el8","MYSQL_SHELL_VERSION=8.0.32-1.el8"],"Cmd":["mysqld"],"Image":"mysql:latest","Volumes":{"/var/lib/mysql":{}},"WorkingDir":"","Entrypoint":["docker-entrypoint.sh"],"OnBuild":null,"Labels":{"org.testcontainers":"true","org.testcontainers.lang":"java","org.testcontainers.sessionId":"818a13d9-e138-4e41-b5a4-74fd927e6a2d","org.testcontainers.version":"1.17.6"}},"NetworkSettings":{"Bridge":"","SandboxID":"bd1f3a626f226e407a1a406212013b21c93b302c93f9fd53a405b7fc5ff825b3","HairpinMode":false,"LinkLocalIPv6Address":"","LinkLocalIPv6PrefixLen":0,"Ports":{"3306/tcp":[{"HostIp":"0.0.0.0","HostPort":"56289"}],"33060/tcp":null},"SandboxKey":"/var/run/docker/netns/bd1f3a626f22","SecondaryIPAddresses":null,"SecondaryIPv6Addresses":null,"EndpointID":"a2b725c0c5ce4503f8e45e0c2adc4455b29a53a4866d3f23b2bce893a084641f","Gateway":"172.17.0.1","GlobalIPv6Address":"","GlobalIPv6PrefixLen":0,"IPAddress":"172.17.0.3","IPPrefixLen":16,"IPv6Gateway":"","MacAddress":"02:42:ac:11:00:03","Networks":{"bridge":{"IPAMConfig":null,"Links":null,"Aliases":null,"NetworkID":"308e234c143065751b16b4500cb9f48d5c7fc2116504b3d816a5e51cd4771062","EndpointID":"a2b725c0c5ce4503f8e45e0c2adc4455b29a53a4866d3f23b2bce893a084641f","Gateway":"172.17.0.1","IPAddress":"172.17.0.3","IPPrefixLen":16,"IPv6Gateway":"","GlobalIPv6Address":"","GlobalIPv6PrefixLen":0,"MacAddress":"02:42:ac:11:00:03","DriverOpts":null}}}}[\n]"
23:55:05.717 [Test worker] DEBUG com.github.dockerjava.zerodep.shaded.org.apache.hc.client5.http.wire - http-outgoing-2 << "[\r][\n]"
23:55:05.718 [Test worker] DEBUG com.github.dockerjava.zerodep.shaded.org.apache.hc.client5.http.wire - http-outgoing-2 << "0[\r][\n]"
23:55:05.718 [Test worker] DEBUG com.github.dockerjava.zerodep.shaded.org.apache.hc.client5.http.wire - http-outgoing-2 << "[\r][\n]"
23:55:05.718 [Test worker] DEBUG com.github.dockerjava.zerodep.shaded.org.apache.hc.client5.http.impl.classic.InternalHttpClient - ep-00000021: releasing valid endpoint
23:55:05.718 [Test worker] DEBUG com.github.dockerjava.zerodep.shaded.org.apache.hc.client5.http.impl.io.PoolingHttpClientConnectionManager - ep-00000021: releasing endpoint
23:55:05.718 [Test worker] DEBUG com.github.dockerjava.zerodep.shaded.org.apache.hc.client5.http.impl.io.PoolingHttpClientConnectionManager - ep-00000021: connection http-outgoing-2 can be kept alive for 3 MINUTES
23:55:05.718 [Test worker] DEBUG com.github.dockerjava.zerodep.shaded.org.apache.hc.client5.http.impl.io.PoolingHttpClientConnectionManager - ep-00000021: connection released [route: {}->unix://localhost:2375][total available: 1; route allocated: 1 of 2147483647; total allocated: 1 of 2147483647]
23:55:05.718 [Test worker] DEBUG ]]>&#x1f433;<![CDATA[ [mysql:latest] - Trying to create JDBC connection using com.mysql.cj.jdbc.Driver to jdbc:mysql://localhost:56289/adm_videos?useSSL=false&allowPublicKeyRetrieval=true with properties: {password=123456, user=root}
23:55:05.824 [Test worker] DEBUG org.testcontainers.shaded.com.github.dockerjava.core.command.AbstrDockerCmd - Cmd: c37a42694b7d1cff581f5e7b89a60b044af4721181408c271e821f1413201ca6,false
23:55:05.824 [Test worker] DEBUG org.testcontainers.shaded.com.github.dockerjava.core.exec.InspectContainerCmdExec - GET: DefaultWebTarget{path=[/containers/c37a42694b7d1cff581f5e7b89a60b044af4721181408c271e821f1413201ca6/json], queryParams={}}
23:55:05.824 [Test worker] DEBUG com.github.dockerjava.zerodep.shaded.org.apache.hc.client5.http.impl.classic.InternalHttpClient - ex-00000023: preparing request execution
23:55:05.824 [Test worker] DEBUG com.github.dockerjava.zerodep.shaded.org.apache.hc.client5.http.protocol.RequestAddCookies - Cookie spec selected: strict
23:55:05.824 [Test worker] DEBUG com.github.dockerjava.zerodep.shaded.org.apache.hc.client5.http.protocol.RequestAuthCache - Auth cache not set in the context
23:55:05.824 [Test worker] DEBUG com.github.dockerjava.zerodep.shaded.org.apache.hc.client5.http.impl.classic.ProtocolExec - ex-00000023: target auth state: UNCHALLENGED
23:55:05.824 [Test worker] DEBUG com.github.dockerjava.zerodep.shaded.org.apache.hc.client5.http.impl.classic.ProtocolExec - ex-00000023: proxy auth state: UNCHALLENGED
23:55:05.824 [Test worker] DEBUG com.github.dockerjava.zerodep.shaded.org.apache.hc.client5.http.impl.classic.ConnectExec - ex-00000023: acquiring connection with route {}->unix://localhost:2375
23:55:05.824 [Test worker] DEBUG com.github.dockerjava.zerodep.shaded.org.apache.hc.client5.http.impl.classic.InternalHttpClient - ex-00000023: acquiring endpoint (3 MINUTES)
23:55:05.824 [Test worker] DEBUG com.github.dockerjava.zerodep.shaded.org.apache.hc.client5.http.impl.io.PoolingHttpClientConnectionManager - ex-00000023: endpoint lease request (3 MINUTES) [route: {}->unix://localhost:2375][total available: 1; route allocated: 1 of 2147483647; total allocated: 1 of 2147483647]
23:55:05.824 [Test worker] DEBUG com.github.dockerjava.zerodep.shaded.org.apache.hc.client5.http.impl.io.PoolingHttpClientConnectionManager - ex-00000023: endpoint leased [route: {}->unix://localhost:2375][total available: 0; route allocated: 1 of 2147483647; total allocated: 1 of 2147483647]
23:55:05.824 [Test worker] DEBUG com.github.dockerjava.zerodep.shaded.org.apache.hc.client5.http.impl.io.PoolingHttpClientConnectionManager - ex-00000023: acquired ep-00000022
23:55:05.824 [Test worker] DEBUG com.github.dockerjava.zerodep.shaded.org.apache.hc.client5.http.impl.classic.InternalHttpClient - ex-00000023: acquired endpoint ep-00000022
23:55:05.824 [Test worker] DEBUG com.github.dockerjava.zerodep.shaded.org.apache.hc.client5.http.impl.classic.MainClientExec - ex-00000023: executing GET /v1.32/containers/c37a42694b7d1cff581f5e7b89a60b044af4721181408c271e821f1413201ca6/json HTTP/1.1
23:55:05.824 [Test worker] DEBUG com.github.dockerjava.zerodep.shaded.org.apache.hc.client5.http.impl.classic.InternalHttpClient - ep-00000022: start execution ex-00000023
23:55:05.824 [Test worker] DEBUG com.github.dockerjava.zerodep.shaded.org.apache.hc.client5.http.impl.io.PoolingHttpClientConnectionManager - ep-00000022: executing exchange ex-00000023 over http-outgoing-2
23:55:05.824 [Test worker] DEBUG com.github.dockerjava.zerodep.shaded.org.apache.hc.client5.http.headers - http-outgoing-2 >> GET /v1.32/containers/c37a42694b7d1cff581f5e7b89a60b044af4721181408c271e821f1413201ca6/json HTTP/1.1
23:55:05.824 [Test worker] DEBUG com.github.dockerjava.zerodep.shaded.org.apache.hc.client5.http.headers - http-outgoing-2 >> accept: application/json
23:55:05.824 [Test worker] DEBUG com.github.dockerjava.zerodep.shaded.org.apache.hc.client5.http.headers - http-outgoing-2 >> x-tc-sid: 818a13d9-e138-4e41-b5a4-74fd927e6a2d
23:55:05.824 [Test worker] DEBUG com.github.dockerjava.zerodep.shaded.org.apache.hc.client5.http.headers - http-outgoing-2 >> Accept-Encoding: gzip, x-gzip, deflate
23:55:05.824 [Test worker] DEBUG com.github.dockerjava.zerodep.shaded.org.apache.hc.client5.http.headers - http-outgoing-2 >> Host: localhost:2375
23:55:05.824 [Test worker] DEBUG com.github.dockerjava.zerodep.shaded.org.apache.hc.client5.http.headers - http-outgoing-2 >> Connection: keep-alive
23:55:05.824 [Test worker] DEBUG com.github.dockerjava.zerodep.shaded.org.apache.hc.client5.http.headers - http-outgoing-2 >> User-Agent: Apache-HttpClient/5.0.3 (Java/17.0.2)
23:55:05.824 [Test worker] DEBUG com.github.dockerjava.zerodep.shaded.org.apache.hc.client5.http.wire - http-outgoing-2 >> "GET /v1.32/containers/c37a42694b7d1cff581f5e7b89a60b044af4721181408c271e821f1413201ca6/json HTTP/1.1[\r][\n]"
23:55:05.824 [Test worker] DEBUG com.github.dockerjava.zerodep.shaded.org.apache.hc.client5.http.wire - http-outgoing-2 >> "accept: application/json[\r][\n]"
23:55:05.824 [Test worker] DEBUG com.github.dockerjava.zerodep.shaded.org.apache.hc.client5.http.wire - http-outgoing-2 >> "x-tc-sid: 818a13d9-e138-4e41-b5a4-74fd927e6a2d[\r][\n]"
23:55:05.824 [Test worker] DEBUG com.github.dockerjava.zerodep.shaded.org.apache.hc.client5.http.wire - http-outgoing-2 >> "Accept-Encoding: gzip, x-gzip, deflate[\r][\n]"
23:55:05.824 [Test worker] DEBUG com.github.dockerjava.zerodep.shaded.org.apache.hc.client5.http.wire - http-outgoing-2 >> "Host: localhost:2375[\r][\n]"
23:55:05.824 [Test worker] DEBUG com.github.dockerjava.zerodep.shaded.org.apache.hc.client5.http.wire - http-outgoing-2 >> "Connection: keep-alive[\r][\n]"
23:55:05.824 [Test worker] DEBUG com.github.dockerjava.zerodep.shaded.org.apache.hc.client5.http.wire - http-outgoing-2 >> "User-Agent: Apache-HttpClient/5.0.3 (Java/17.0.2)[\r][\n]"
23:55:05.824 [Test worker] DEBUG com.github.dockerjava.zerodep.shaded.org.apache.hc.client5.http.wire - http-outgoing-2 >> "[\r][\n]"
23:55:05.828 [Test worker] DEBUG com.github.dockerjava.zerodep.shaded.org.apache.hc.client5.http.wire - http-outgoing-2 << "HTTP/1.1 200 OK[\r][\n]"
23:55:05.828 [Test worker] DEBUG com.github.dockerjava.zerodep.shaded.org.apache.hc.client5.http.wire - http-outgoing-2 << "Api-Version: 1.41[\r][\n]"
23:55:05.828 [Test worker] DEBUG com.github.dockerjava.zerodep.shaded.org.apache.hc.client5.http.wire - http-outgoing-2 << "Content-Type: application/json[\r][\n]"
23:55:05.828 [Test worker] DEBUG com.github.dockerjava.zerodep.shaded.org.apache.hc.client5.http.wire - http-outgoing-2 << "Date: Mon, 27 Mar 2023 02:55:05 GMT[\r][\n]"
23:55:05.828 [Test worker] DEBUG com.github.dockerjava.zerodep.shaded.org.apache.hc.client5.http.wire - http-outgoing-2 << "Docker-Experimental: false[\r][\n]"
23:55:05.828 [Test worker] DEBUG com.github.dockerjava.zerodep.shaded.org.apache.hc.client5.http.wire - http-outgoing-2 << "Ostype: linux[\r][\n]"
23:55:05.828 [Test worker] DEBUG com.github.dockerjava.zerodep.shaded.org.apache.hc.client5.http.wire - http-outgoing-2 << "Server: Docker/20.10.21 (linux)[\r][\n]"
23:55:05.828 [Test worker] DEBUG com.github.dockerjava.zerodep.shaded.org.apache.hc.client5.http.wire - http-outgoing-2 << "Transfer-Encoding: chunked[\r][\n]"
23:55:05.828 [Test worker] DEBUG com.github.dockerjava.zerodep.shaded.org.apache.hc.client5.http.wire - http-outgoing-2 << "[\r][\n]"
23:55:05.828 [Test worker] DEBUG com.github.dockerjava.zerodep.shaded.org.apache.hc.client5.http.headers - http-outgoing-2 << HTTP/1.1 200 OK
23:55:05.828 [Test worker] DEBUG com.github.dockerjava.zerodep.shaded.org.apache.hc.client5.http.headers - http-outgoing-2 << Api-Version: 1.41
23:55:05.828 [Test worker] DEBUG com.github.dockerjava.zerodep.shaded.org.apache.hc.client5.http.headers - http-outgoing-2 << Content-Type: application/json
23:55:05.828 [Test worker] DEBUG com.github.dockerjava.zerodep.shaded.org.apache.hc.client5.http.headers - http-outgoing-2 << Date: Mon, 27 Mar 2023 02:55:05 GMT
23:55:05.828 [Test worker] DEBUG com.github.dockerjava.zerodep.shaded.org.apache.hc.client5.http.headers - http-outgoing-2 << Docker-Experimental: false
23:55:05.828 [Test worker] DEBUG com.github.dockerjava.zerodep.shaded.org.apache.hc.client5.http.headers - http-outgoing-2 << Ostype: linux
23:55:05.828 [Test worker] DEBUG com.github.dockerjava.zerodep.shaded.org.apache.hc.client5.http.headers - http-outgoing-2 << Server: Docker/20.10.21 (linux)
23:55:05.828 [Test worker] DEBUG com.github.dockerjava.zerodep.shaded.org.apache.hc.client5.http.headers - http-outgoing-2 << Transfer-Encoding: chunked
23:55:05.828 [Test worker] DEBUG com.github.dockerjava.zerodep.shaded.org.apache.hc.client5.http.impl.classic.MainClientExec - ex-00000023: connection can be kept alive for 3 MINUTES
23:55:05.830 [Test worker] DEBUG com.github.dockerjava.zerodep.shaded.org.apache.hc.client5.http.wire - http-outgoing-2 << "18c1[\r][\n]"
23:55:05.830 [Test worker] DEBUG com.github.dockerjava.zerodep.shaded.org.apache.hc.client5.http.wire - http-outgoing-2 << "{"Id":"c37a42694b7d1cff581f5e7b89a60b044af4721181408c271e821f1413201ca6","Created":"2023-03-27T02:55:02.49734542Z","Path":"docker-entrypoint.sh","Args":["mysqld"],"State":{"Status":"running","Running":true,"Paused":false,"Restarting":false,"OOMKilled":false,"Dead":false,"Pid":18342,"ExitCode":0,"Error":"","StartedAt":"2023-03-27T02:55:03.12719392Z","FinishedAt":"0001-01-01T00:00:00Z"},"Image":"sha256:c7c54c29e20dccc1aefb936c8eba8bb8b98b87a4921102aba87fde2df5810af9","ResolvConfPath":"/var/lib/docker/containers/c37a42694b7d1cff581f5e7b89a60b044af4721181408c271e821f1413201ca6/resolv.conf","HostnamePath":"/var/lib/docker/containers/c37a42694b7d1cff581f5e7b89a60b044af4721181408c271e821f1413201ca6/hostname","HostsPath":"/var/lib/docker/containers/c37a42694b7d1cff581f5e7b89a60b044af4721181408c271e821f1413201ca6/hosts","LogPath":"/var/lib/docker/containers/c37a42694b7d1cff581f5e7b89a60b044af4721181408c271e821f1413201ca6/c37a42694b7d1cff581f5e7b89a60b044af4721181408c271e821f1413201ca6-json.log","Name":"/elegant_mahavira","RestartCount":0,"Driver":"overlay2","Platform":"linux","MountLabel":"","ProcessLabel":"","AppArmorProfile":"","ExecIDs":null,"HostConfig":{"Binds":[],"ContainerIDFile":"","LogConfig":{"Type":"json-file","Config":{}},"NetworkMode":"default","PortBindings":{"3306/tcp":[{"HostIp":"0.0.0.0","HostPort":"0"}]},"RestartPolicy":{"Name":"","MaximumRetryCount":0},"AutoRemove":false,"VolumeDriver":"","VolumesFrom":[],"CapAdd":null,"CapDrop":null,"CgroupnsMode":"private","Dns":null,"DnsOptions":null,"DnsSearch":null,"ExtraHosts":[],"GroupAdd":null,"IpcMode":"shareable","Cgroup":"","Links":null,"OomScoreAdj":0,"PidMode":"","Privileged":false,"PublishAllPorts":false,"ReadonlyRootfs":false,"SecurityOpt":null,"UTSMode":"","UsernsMode":"","ShmSize":67108864,"Runtime":"runc","ConsoleSize":[0,0],"Isolation":"","CpuShares":0,"Memory":0,"NanoCpus":0,"CgroupParent":"","BlkioWeight":0,"BlkioWeightDevice":null,"BlkioDeviceReadBps":null,"BlkioDeviceWriteBps":null,"BlkioDeviceReadIOps":null,"BlkioDeviceWriteIOps":null,"CpuPeriod":0,"CpuQuota":0,"CpuRealtimePeriod":0,"CpuRealtimeRuntime":0,"CpusetCpus":"","CpusetMems":"","Devices":null,"DeviceCgroupRules":null,"DeviceRequests":null,"KernelMemory":0,"KernelMemoryTCP":0,"MemoryReservation":0,"MemorySwap":0,"MemorySwappiness":null,"OomKillDisable":null,"PidsLimit":null,"Ulimits":null,"CpuCount":0,"CpuPercent":0,"IOMaximumIOps":0,"IOMaximumBandwidth":0,"MaskedPaths":["/proc/asound","/proc/acpi","/proc/kcore","/proc/keys","/proc/latency_stats","/proc/timer_list","/proc/timer_stats","/proc/sched_debug","/proc/scsi","/sys/firmware"],"ReadonlyPaths":["/proc/bus","/proc/fs","/proc/irq","/proc/sys","/proc/sysrq-trigger"]},"GraphDriver":{"Data":{"LowerDir":"/var/lib/docker/overlay2/2c15a904a49807090175d7750f18e0f6a57e99c38a424839679cbaf676a4d500-init/diff:/var/lib/docker/overlay2/1bd8849d7a296305617011f940aa5cfabbe972a513397b1b6bbc27639b6c1f30/diff:/var/lib/docker/overlay2/199d69b2fbf78af4d4c95dec4fd2f8835ab0347eb49fb20ebb2ff3b99fedd6ad/diff:/var/lib/docker/overlay2/d83c38d654989311f75b9491329846033bfb7714de76ef635380dcfad5c740d9/diff:/var/lib/docker/overlay2/08600d0aea2ab2728bebcf5d2589c640a842f53d1ba3c4a4adccb4d03b923cf6/diff:/var/lib/docker/overlay2/9ec7c63a3fb14d13ac788bbf5e282ca821edc41260b79944e5e631037d13ecda/diff:/var/lib/docker/overlay2/db601d7a1b4ea6da638db620462f0da96fa55c559d02269c9ddb09027936ed87/diff:/var/lib/docker/overlay2/a6d2bd03f942e2565f21e74cfe152c7ec836a1c2b583f0790c685b92bdcfda24/diff:/var/lib/docker/overlay2/9badd16ea2c5e2bf1fde8b579683e41137dfc46ed5449234149f199a6751cc84/diff:/var/lib/docker/overlay2/6efb85646ed12e2d1181ef4cc6f6f6732c00c15a4035fe17ebc4f075ca573c30/diff:/var/lib/docker/overlay2/895d7c0ec09144d6ed33936f4e98e11c18010f7abd708cae1ce43aec7a7f2621/diff:/var/lib/docker/overlay2/1c4ba77aa573ab6e5e5069fd15eae71b3da940bde0f97a922a227ffc8a1d1096/diff","MergedDir":"/var/lib/docker/overlay2/2c15a904a49807090175d7750f18e0f6a57e99c38a424839679cbaf676a4d500/merged","UpperDir":"/var/lib/docker/overlay2/2c15a904a49807090175d7750f18e0f6a57e99c38a424839679cbaf676a4d500/diff","WorkDir":"/var/lib/docker/overlay2/2c15a904a49807090175d7750f18e0f6a57e99c38a424839679cbaf676a4d500/work"},"Name":"overlay2"},"Mounts":[{"Type":"volume","Name":"44a9389ce95a2961210e86afd6afe42b23405f43157b5dc00e010d283c01df79","Source":"/var/lib/docker/volumes/44a9389ce95a2961210e86afd6afe42b23405f43157b5dc00e010d283c01df79/_data","Destination":"/var/lib/mysql","Driver":"local","Mode":"","RW":true,"Propagation":""}],"Config":{"Hostname":"c37a42694b7d","Domainname":"","User":"","AttachStdin":false,"AttachStdout":false,"AttachStderr":false,"ExposedPorts":{"3306/tcp":{},"33060/tcp":{}},"Tty":false,"OpenStdin":false,"StdinOnce":false,"Env":["MYSQL_DATABASE=adm_videos","MYSQL_PASSWORD=123456","MYSQL_ROOT_PASSWORD=123456","PATH=/usr/local/sbin:/usr/local/bin:/usr/sbin:/usr/bin:/sbin:/bin","GOSU_VERSION=1.16","MYSQL_MAJOR=8.0","MYSQL_VERSION=8.0.32-1.el8","MYSQL_SHELL_VERSION=8.0.32-1.el8"],"Cmd":["mysqld"],"Image":"mysql:latest","Volumes":{"/var/lib/mysql":{}},"WorkingDir":"","Entrypoint":["docker-entrypoint.sh"],"OnBuild":null,"Labels":{"org.testcontainers":"true","org.testcontainers.lang":"java","org.testcontainers.sessionId":"818a13d9-e138-4e41-b5a4-74fd927e6a2d","org.testcontainers.version":"1.17.6"}},"NetworkSettings":{"Bridge":"","SandboxID":"bd1f3a626f226e407a1a406212013b21c93b302c93f9fd53a405b7fc5ff825b3","HairpinMode":false,"LinkLocalIPv6Address":"","LinkLocalIPv6PrefixLen":0,"Ports":{"3306/tcp":[{"HostIp":"0.0.0.0","HostPort":"56289"}],"33060/tcp":null},"SandboxKey":"/var/run/docker/netns/bd1f3a626f22","SecondaryIPAddresses":null,"SecondaryIPv6Addresses":null,"EndpointID":"a2b725c0c5ce4503f8e45e0c2adc4455b29a53a4866d3f23b2bce893a084641f","Gateway":"172.17.0.1","GlobalIPv6Address":"","GlobalIPv6PrefixLen":0,"IPAddress":"172.17.0.3","IPPrefixLen":16,"IPv6Gateway":"","MacAddress":"02:42:ac:11:00:03","Networks":{"bridge":{"IPAMConfig":null,"Links":null,"Aliases":null,"NetworkID":"308e234c143065751b16b4500cb9f48d5c7fc2116504b3d816a5e51cd4771062","EndpointID":"a2b725c0c5ce4503f8e45e0c2adc4455b29a53a4866d3f23b2bce893a084641f","Gateway":"172.17.0.1","IPAddress":"172.17.0.3","IPPrefixLen":16,"IPv6Gateway":"","GlobalIPv6Address":"","GlobalIPv6PrefixLen":0,"MacAddress":"02:42:ac:11:00:03","DriverOpts":null}}}}[\n]"
23:55:05.830 [Test worker] DEBUG com.github.dockerjava.zerodep.shaded.org.apache.hc.client5.http.wire - http-outgoing-2 << "[\r][\n]"
23:55:05.831 [Test worker] DEBUG com.github.dockerjava.zerodep.shaded.org.apache.hc.client5.http.wire - http-outgoing-2 << "0[\r][\n]"
23:55:05.831 [Test worker] DEBUG com.github.dockerjava.zerodep.shaded.org.apache.hc.client5.http.wire - http-outgoing-2 << "[\r][\n]"
23:55:05.831 [Test worker] DEBUG com.github.dockerjava.zerodep.shaded.org.apache.hc.client5.http.impl.classic.InternalHttpClient - ep-00000022: releasing valid endpoint
23:55:05.831 [Test worker] DEBUG com.github.dockerjava.zerodep.shaded.org.apache.hc.client5.http.impl.io.PoolingHttpClientConnectionManager - ep-00000022: releasing endpoint
23:55:05.831 [Test worker] DEBUG com.github.dockerjava.zerodep.shaded.org.apache.hc.client5.http.impl.io.PoolingHttpClientConnectionManager - ep-00000022: connection http-outgoing-2 can be kept alive for 3 MINUTES
23:55:05.831 [Test worker] DEBUG com.github.dockerjava.zerodep.shaded.org.apache.hc.client5.http.impl.io.PoolingHttpClientConnectionManager - ep-00000022: connection released [route: {}->unix://localhost:2375][total available: 1; route allocated: 1 of 2147483647; total allocated: 1 of 2147483647]
23:55:05.831 [Test worker] DEBUG ]]>&#x1f433;<![CDATA[ [mysql:latest] - Trying to create JDBC connection using com.mysql.cj.jdbc.Driver to jdbc:mysql://localhost:56289/adm_videos?useSSL=false&allowPublicKeyRetrieval=true with properties: {password=123456, user=root}
23:55:05.936 [Test worker] DEBUG org.testcontainers.shaded.com.github.dockerjava.core.command.AbstrDockerCmd - Cmd: c37a42694b7d1cff581f5e7b89a60b044af4721181408c271e821f1413201ca6,false
23:55:05.936 [Test worker] DEBUG org.testcontainers.shaded.com.github.dockerjava.core.exec.InspectContainerCmdExec - GET: DefaultWebTarget{path=[/containers/c37a42694b7d1cff581f5e7b89a60b044af4721181408c271e821f1413201ca6/json], queryParams={}}
23:55:05.936 [Test worker] DEBUG com.github.dockerjava.zerodep.shaded.org.apache.hc.client5.http.impl.classic.InternalHttpClient - ex-00000024: preparing request execution
23:55:05.936 [Test worker] DEBUG com.github.dockerjava.zerodep.shaded.org.apache.hc.client5.http.protocol.RequestAddCookies - Cookie spec selected: strict
23:55:05.936 [Test worker] DEBUG com.github.dockerjava.zerodep.shaded.org.apache.hc.client5.http.protocol.RequestAuthCache - Auth cache not set in the context
23:55:05.936 [Test worker] DEBUG com.github.dockerjava.zerodep.shaded.org.apache.hc.client5.http.impl.classic.ProtocolExec - ex-00000024: target auth state: UNCHALLENGED
23:55:05.936 [Test worker] DEBUG com.github.dockerjava.zerodep.shaded.org.apache.hc.client5.http.impl.classic.ProtocolExec - ex-00000024: proxy auth state: UNCHALLENGED
23:55:05.936 [Test worker] DEBUG com.github.dockerjava.zerodep.shaded.org.apache.hc.client5.http.impl.classic.ConnectExec - ex-00000024: acquiring connection with route {}->unix://localhost:2375
23:55:05.936 [Test worker] DEBUG com.github.dockerjava.zerodep.shaded.org.apache.hc.client5.http.impl.classic.InternalHttpClient - ex-00000024: acquiring endpoint (3 MINUTES)
23:55:05.937 [Test worker] DEBUG com.github.dockerjava.zerodep.shaded.org.apache.hc.client5.http.impl.io.PoolingHttpClientConnectionManager - ex-00000024: endpoint lease request (3 MINUTES) [route: {}->unix://localhost:2375][total available: 1; route allocated: 1 of 2147483647; total allocated: 1 of 2147483647]
23:55:05.937 [Test worker] DEBUG com.github.dockerjava.zerodep.shaded.org.apache.hc.client5.http.impl.io.PoolingHttpClientConnectionManager - ex-00000024: endpoint leased [route: {}->unix://localhost:2375][total available: 0; route allocated: 1 of 2147483647; total allocated: 1 of 2147483647]
23:55:05.937 [Test worker] DEBUG com.github.dockerjava.zerodep.shaded.org.apache.hc.client5.http.impl.io.PoolingHttpClientConnectionManager - ex-00000024: acquired ep-00000023
23:55:05.937 [Test worker] DEBUG com.github.dockerjava.zerodep.shaded.org.apache.hc.client5.http.impl.classic.InternalHttpClient - ex-00000024: acquired endpoint ep-00000023
23:55:05.937 [Test worker] DEBUG com.github.dockerjava.zerodep.shaded.org.apache.hc.client5.http.impl.classic.MainClientExec - ex-00000024: executing GET /v1.32/containers/c37a42694b7d1cff581f5e7b89a60b044af4721181408c271e821f1413201ca6/json HTTP/1.1
23:55:05.937 [Test worker] DEBUG com.github.dockerjava.zerodep.shaded.org.apache.hc.client5.http.impl.classic.InternalHttpClient - ep-00000023: start execution ex-00000024
23:55:05.937 [Test worker] DEBUG com.github.dockerjava.zerodep.shaded.org.apache.hc.client5.http.impl.io.PoolingHttpClientConnectionManager - ep-00000023: executing exchange ex-00000024 over http-outgoing-2
23:55:05.937 [Test worker] DEBUG com.github.dockerjava.zerodep.shaded.org.apache.hc.client5.http.headers - http-outgoing-2 >> GET /v1.32/containers/c37a42694b7d1cff581f5e7b89a60b044af4721181408c271e821f1413201ca6/json HTTP/1.1
23:55:05.937 [Test worker] DEBUG com.github.dockerjava.zerodep.shaded.org.apache.hc.client5.http.headers - http-outgoing-2 >> accept: application/json
23:55:05.937 [Test worker] DEBUG com.github.dockerjava.zerodep.shaded.org.apache.hc.client5.http.headers - http-outgoing-2 >> x-tc-sid: 818a13d9-e138-4e41-b5a4-74fd927e6a2d
23:55:05.937 [Test worker] DEBUG com.github.dockerjava.zerodep.shaded.org.apache.hc.client5.http.headers - http-outgoing-2 >> Accept-Encoding: gzip, x-gzip, deflate
23:55:05.937 [Test worker] DEBUG com.github.dockerjava.zerodep.shaded.org.apache.hc.client5.http.headers - http-outgoing-2 >> Host: localhost:2375
23:55:05.937 [Test worker] DEBUG com.github.dockerjava.zerodep.shaded.org.apache.hc.client5.http.headers - http-outgoing-2 >> Connection: keep-alive
23:55:05.937 [Test worker] DEBUG com.github.dockerjava.zerodep.shaded.org.apache.hc.client5.http.headers - http-outgoing-2 >> User-Agent: Apache-HttpClient/5.0.3 (Java/17.0.2)
23:55:05.937 [Test worker] DEBUG com.github.dockerjava.zerodep.shaded.org.apache.hc.client5.http.wire - http-outgoing-2 >> "GET /v1.32/containers/c37a42694b7d1cff581f5e7b89a60b044af4721181408c271e821f1413201ca6/json HTTP/1.1[\r][\n]"
23:55:05.937 [Test worker] DEBUG com.github.dockerjava.zerodep.shaded.org.apache.hc.client5.http.wire - http-outgoing-2 >> "accept: application/json[\r][\n]"
23:55:05.937 [Test worker] DEBUG com.github.dockerjava.zerodep.shaded.org.apache.hc.client5.http.wire - http-outgoing-2 >> "x-tc-sid: 818a13d9-e138-4e41-b5a4-74fd927e6a2d[\r][\n]"
23:55:05.937 [Test worker] DEBUG com.github.dockerjava.zerodep.shaded.org.apache.hc.client5.http.wire - http-outgoing-2 >> "Accept-Encoding: gzip, x-gzip, deflate[\r][\n]"
23:55:05.937 [Test worker] DEBUG com.github.dockerjava.zerodep.shaded.org.apache.hc.client5.http.wire - http-outgoing-2 >> "Host: localhost:2375[\r][\n]"
23:55:05.937 [Test worker] DEBUG com.github.dockerjava.zerodep.shaded.org.apache.hc.client5.http.wire - http-outgoing-2 >> "Connection: keep-alive[\r][\n]"
23:55:05.937 [Test worker] DEBUG com.github.dockerjava.zerodep.shaded.org.apache.hc.client5.http.wire - http-outgoing-2 >> "User-Agent: Apache-HttpClient/5.0.3 (Java/17.0.2)[\r][\n]"
23:55:05.937 [Test worker] DEBUG com.github.dockerjava.zerodep.shaded.org.apache.hc.client5.http.wire - http-outgoing-2 >> "[\r][\n]"
23:55:05.946 [Test worker] DEBUG com.github.dockerjava.zerodep.shaded.org.apache.hc.client5.http.wire - http-outgoing-2 << "HTTP/1.1 200 OK[\r][\n]"
23:55:05.946 [Test worker] DEBUG com.github.dockerjava.zerodep.shaded.org.apache.hc.client5.http.wire - http-outgoing-2 << "Api-Version: 1.41[\r][\n]"
23:55:05.946 [Test worker] DEBUG com.github.dockerjava.zerodep.shaded.org.apache.hc.client5.http.wire - http-outgoing-2 << "Content-Type: application/json[\r][\n]"
23:55:05.946 [Test worker] DEBUG com.github.dockerjava.zerodep.shaded.org.apache.hc.client5.http.wire - http-outgoing-2 << "Date: Mon, 27 Mar 2023 02:55:05 GMT[\r][\n]"
23:55:05.947 [Test worker] DEBUG com.github.dockerjava.zerodep.shaded.org.apache.hc.client5.http.wire - http-outgoing-2 << "Docker-Experimental: false[\r][\n]"
23:55:05.947 [Test worker] DEBUG com.github.dockerjava.zerodep.shaded.org.apache.hc.client5.http.wire - http-outgoing-2 << "Ostype: linux[\r][\n]"
23:55:05.947 [Test worker] DEBUG com.github.dockerjava.zerodep.shaded.org.apache.hc.client5.http.wire - http-outgoing-2 << "Server: Docker/20.10.21 (linux)[\r][\n]"
23:55:05.947 [Test worker] DEBUG com.github.dockerjava.zerodep.shaded.org.apache.hc.client5.http.wire - http-outgoing-2 << "Transfer-Encoding: chunked[\r][\n]"
23:55:05.947 [Test worker] DEBUG com.github.dockerjava.zerodep.shaded.org.apache.hc.client5.http.wire - http-outgoing-2 << "[\r][\n]"
23:55:05.947 [Test worker] DEBUG com.github.dockerjava.zerodep.shaded.org.apache.hc.client5.http.headers - http-outgoing-2 << HTTP/1.1 200 OK
23:55:05.947 [Test worker] DEBUG com.github.dockerjava.zerodep.shaded.org.apache.hc.client5.http.headers - http-outgoing-2 << Api-Version: 1.41
23:55:05.947 [Test worker] DEBUG com.github.dockerjava.zerodep.shaded.org.apache.hc.client5.http.headers - http-outgoing-2 << Content-Type: application/json
23:55:05.947 [Test worker] DEBUG com.github.dockerjava.zerodep.shaded.org.apache.hc.client5.http.headers - http-outgoing-2 << Date: Mon, 27 Mar 2023 02:55:05 GMT
23:55:05.947 [Test worker] DEBUG com.github.dockerjava.zerodep.shaded.org.apache.hc.client5.http.headers - http-outgoing-2 << Docker-Experimental: false
23:55:05.947 [Test worker] DEBUG com.github.dockerjava.zerodep.shaded.org.apache.hc.client5.http.headers - http-outgoing-2 << Ostype: linux
23:55:05.947 [Test worker] DEBUG com.github.dockerjava.zerodep.shaded.org.apache.hc.client5.http.headers - http-outgoing-2 << Server: Docker/20.10.21 (linux)
23:55:05.947 [Test worker] DEBUG com.github.dockerjava.zerodep.shaded.org.apache.hc.client5.http.headers - http-outgoing-2 << Transfer-Encoding: chunked
23:55:05.947 [Test worker] DEBUG com.github.dockerjava.zerodep.shaded.org.apache.hc.client5.http.impl.classic.MainClientExec - ex-00000024: connection can be kept alive for 3 MINUTES
23:55:05.950 [Test worker] DEBUG com.github.dockerjava.zerodep.shaded.org.apache.hc.client5.http.wire - http-outgoing-2 << "18c1[\r][\n]"
23:55:05.950 [Test worker] DEBUG com.github.dockerjava.zerodep.shaded.org.apache.hc.client5.http.wire - http-outgoing-2 << "{"Id":"c37a42694b7d1cff581f5e7b89a60b044af4721181408c271e821f1413201ca6","Created":"2023-03-27T02:55:02.49734542Z","Path":"docker-entrypoint.sh","Args":["mysqld"],"State":{"Status":"running","Running":true,"Paused":false,"Restarting":false,"OOMKilled":false,"Dead":false,"Pid":18342,"ExitCode":0,"Error":"","StartedAt":"2023-03-27T02:55:03.12719392Z","FinishedAt":"0001-01-01T00:00:00Z"},"Image":"sha256:c7c54c29e20dccc1aefb936c8eba8bb8b98b87a4921102aba87fde2df5810af9","ResolvConfPath":"/var/lib/docker/containers/c37a42694b7d1cff581f5e7b89a60b044af4721181408c271e821f1413201ca6/resolv.conf","HostnamePath":"/var/lib/docker/containers/c37a42694b7d1cff581f5e7b89a60b044af4721181408c271e821f1413201ca6/hostname","HostsPath":"/var/lib/docker/containers/c37a42694b7d1cff581f5e7b89a60b044af4721181408c271e821f1413201ca6/hosts","LogPath":"/var/lib/docker/containers/c37a42694b7d1cff581f5e7b89a60b044af4721181408c271e821f1413201ca6/c37a42694b7d1cff581f5e7b89a60b044af4721181408c271e821f1413201ca6-json.log","Name":"/elegant_mahavira","RestartCount":0,"Driver":"overlay2","Platform":"linux","MountLabel":"","ProcessLabel":"","AppArmorProfile":"","ExecIDs":null,"HostConfig":{"Binds":[],"ContainerIDFile":"","LogConfig":{"Type":"json-file","Config":{}},"NetworkMode":"default","PortBindings":{"3306/tcp":[{"HostIp":"0.0.0.0","HostPort":"0"}]},"RestartPolicy":{"Name":"","MaximumRetryCount":0},"AutoRemove":false,"VolumeDriver":"","VolumesFrom":[],"CapAdd":null,"CapDrop":null,"CgroupnsMode":"private","Dns":null,"DnsOptions":null,"DnsSearch":null,"ExtraHosts":[],"GroupAdd":null,"IpcMode":"shareable","Cgroup":"","Links":null,"OomScoreAdj":0,"PidMode":"","Privileged":false,"PublishAllPorts":false,"ReadonlyRootfs":false,"SecurityOpt":null,"UTSMode":"","UsernsMode":"","ShmSize":67108864,"Runtime":"runc","ConsoleSize":[0,0],"Isolation":"","CpuShares":0,"Memory":0,"NanoCpus":0,"CgroupParent":"","BlkioWeight":0,"BlkioWeightDevice":null,"BlkioDeviceReadBps":null,"BlkioDeviceWriteBps":null,"BlkioDeviceReadIOps":null,"BlkioDeviceWriteIOps":null,"CpuPeriod":0,"CpuQuota":0,"CpuRealtimePeriod":0,"CpuRealtimeRuntime":0,"CpusetCpus":"","CpusetMems":"","Devices":null,"DeviceCgroupRules":null,"DeviceRequests":null,"KernelMemory":0,"KernelMemoryTCP":0,"MemoryReservation":0,"MemorySwap":0,"MemorySwappiness":null,"OomKillDisable":null,"PidsLimit":null,"Ulimits":null,"CpuCount":0,"CpuPercent":0,"IOMaximumIOps":0,"IOMaximumBandwidth":0,"MaskedPaths":["/proc/asound","/proc/acpi","/proc/kcore","/proc/keys","/proc/latency_stats","/proc/timer_list","/proc/timer_stats","/proc/sched_debug","/proc/scsi","/sys/firmware"],"ReadonlyPaths":["/proc/bus","/proc/fs","/proc/irq","/proc/sys","/proc/sysrq-trigger"]},"GraphDriver":{"Data":{"LowerDir":"/var/lib/docker/overlay2/2c15a904a49807090175d7750f18e0f6a57e99c38a424839679cbaf676a4d500-init/diff:/var/lib/docker/overlay2/1bd8849d7a296305617011f940aa5cfabbe972a513397b1b6bbc27639b6c1f30/diff:/var/lib/docker/overlay2/199d69b2fbf78af4d4c95dec4fd2f8835ab0347eb49fb20ebb2ff3b99fedd6ad/diff:/var/lib/docker/overlay2/d83c38d654989311f75b9491329846033bfb7714de76ef635380dcfad5c740d9/diff:/var/lib/docker/overlay2/08600d0aea2ab2728bebcf5d2589c640a842f53d1ba3c4a4adccb4d03b923cf6/diff:/var/lib/docker/overlay2/9ec7c63a3fb14d13ac788bbf5e282ca821edc41260b79944e5e631037d13ecda/diff:/var/lib/docker/overlay2/db601d7a1b4ea6da638db620462f0da96fa55c559d02269c9ddb09027936ed87/diff:/var/lib/docker/overlay2/a6d2bd03f942e2565f21e74cfe152c7ec836a1c2b583f0790c685b92bdcfda24/diff:/var/lib/docker/overlay2/9badd16ea2c5e2bf1fde8b579683e41137dfc46ed5449234149f199a6751cc84/diff:/var/lib/docker/overlay2/6efb85646ed12e2d1181ef4cc6f6f6732c00c15a4035fe17ebc4f075ca573c30/diff:/var/lib/docker/overlay2/895d7c0ec09144d6ed33936f4e98e11c18010f7abd708cae1ce43aec7a7f2621/diff:/var/lib/docker/overlay2/1c4ba77aa573ab6e5e5069fd15eae71b3da940bde0f97a922a227ffc8a1d1096/diff","MergedDir":"/var/lib/docker/overlay2/2c15a904a49807090175d7750f18e0f6a57e99c38a424839679cbaf676a4d500/merged","UpperDir":"/var/lib/docker/overlay2/2c15a904a49807090175d7750f18e0f6a57e99c38a424839679cbaf676a4d500/diff","WorkDir":"/var/lib/docker/overlay2/2c15a904a49807090175d7750f18e0f6a57e99c38a424839679cbaf676a4d500/work"},"Name":"overlay2"},"Mounts":[{"Type":"volume","Name":"44a9389ce95a2961210e86afd6afe42b23405f43157b5dc00e010d283c01df79","Source":"/var/lib/docker/volumes/44a9389ce95a2961210e86afd6afe42b23405f43157b5dc00e010d283c01df79/_data","Destination":"/var/lib/mysql","Driver":"local","Mode":"","RW":true,"Propagation":""}],"Config":{"Hostname":"c37a42694b7d","Domainname":"","User":"","AttachStdin":false,"AttachStdout":false,"AttachStderr":false,"ExposedPorts":{"3306/tcp":{},"33060/tcp":{}},"Tty":false,"OpenStdin":false,"StdinOnce":false,"Env":["MYSQL_DATABASE=adm_videos","MYSQL_PASSWORD=123456","MYSQL_ROOT_PASSWORD=123456","PATH=/usr/local/sbin:/usr/local/bin:/usr/sbin:/usr/bin:/sbin:/bin","GOSU_VERSION=1.16","MYSQL_MAJOR=8.0","MYSQL_VERSION=8.0.32-1.el8","MYSQL_SHELL_VERSION=8.0.32-1.el8"],"Cmd":["mysqld"],"Image":"mysql:latest","Volumes":{"/var/lib/mysql":{}},"WorkingDir":"","Entrypoint":["docker-entrypoint.sh"],"OnBuild":null,"Labels":{"org.testcontainers":"true","org.testcontainers.lang":"java","org.testcontainers.sessionId":"818a13d9-e138-4e41-b5a4-74fd927e6a2d","org.testcontainers.version":"1.17.6"}},"NetworkSettings":{"Bridge":"","SandboxID":"bd1f3a626f226e407a1a406212013b21c93b302c93f9fd53a405b7fc5ff825b3","HairpinMode":false,"LinkLocalIPv6Address":"","LinkLocalIPv6PrefixLen":0,"Ports":{"3306/tcp":[{"HostIp":"0.0.0.0","HostPort":"56289"}],"33060/tcp":null},"SandboxKey":"/var/run/docker/netns/bd1f3a626f22","SecondaryIPAddresses":null,"SecondaryIPv6Addresses":null,"EndpointID":"a2b725c0c5ce4503f8e45e0c2adc4455b29a53a4866d3f23b2bce893a084641f","Gateway":"172.17.0.1","GlobalIPv6Address":"","GlobalIPv6PrefixLen":0,"IPAddress":"172.17.0.3","IPPrefixLen":16,"IPv6Gateway":"","MacAddress":"02:42:ac:11:00:03","Networks":{"bridge":{"IPAMConfig":null,"Links":null,"Aliases":null,"NetworkID":"308e234c143065751b16b4500cb9f48d5c7fc2116504b3d816a5e51cd4771062","EndpointID":"a2b725c0c5ce4503f8e45e0c2adc4455b29a53a4866d3f23b2bce893a084641f","Gateway":"172.17.0.1","IPAddress":"172.17.0.3","IPPrefixLen":16,"IPv6Gateway":"","GlobalIPv6Address":"","GlobalIPv6PrefixLen":0,"MacAddress":"02:42:ac:11:00:03","DriverOpts":null}}}}[\n]"
23:55:05.950 [Test worker] DEBUG com.github.dockerjava.zerodep.shaded.org.apache.hc.client5.http.wire - http-outgoing-2 << "[\r][\n]"
23:55:05.952 [Test worker] DEBUG com.github.dockerjava.zerodep.shaded.org.apache.hc.client5.http.wire - http-outgoing-2 << "0[\r][\n]"
23:55:05.952 [Test worker] DEBUG com.github.dockerjava.zerodep.shaded.org.apache.hc.client5.http.wire - http-outgoing-2 << "[\r][\n]"
23:55:05.952 [Test worker] DEBUG com.github.dockerjava.zerodep.shaded.org.apache.hc.client5.http.impl.classic.InternalHttpClient - ep-00000023: releasing valid endpoint
23:55:05.952 [Test worker] DEBUG com.github.dockerjava.zerodep.shaded.org.apache.hc.client5.http.impl.io.PoolingHttpClientConnectionManager - ep-00000023: releasing endpoint
23:55:05.952 [Test worker] DEBUG com.github.dockerjava.zerodep.shaded.org.apache.hc.client5.http.impl.io.PoolingHttpClientConnectionManager - ep-00000023: connection http-outgoing-2 can be kept alive for 3 MINUTES
23:55:05.952 [Test worker] DEBUG com.github.dockerjava.zerodep.shaded.org.apache.hc.client5.http.impl.io.PoolingHttpClientConnectionManager - ep-00000023: connection released [route: {}->unix://localhost:2375][total available: 1; route allocated: 1 of 2147483647; total allocated: 1 of 2147483647]
23:55:05.952 [Test worker] DEBUG ]]>&#x1f433;<![CDATA[ [mysql:latest] - Trying to create JDBC connection using com.mysql.cj.jdbc.Driver to jdbc:mysql://localhost:56289/adm_videos?useSSL=false&allowPublicKeyRetrieval=true with properties: {password=123456, user=root}
23:55:06.056 [Test worker] DEBUG org.testcontainers.shaded.com.github.dockerjava.core.command.AbstrDockerCmd - Cmd: c37a42694b7d1cff581f5e7b89a60b044af4721181408c271e821f1413201ca6,false
23:55:06.056 [Test worker] DEBUG org.testcontainers.shaded.com.github.dockerjava.core.exec.InspectContainerCmdExec - GET: DefaultWebTarget{path=[/containers/c37a42694b7d1cff581f5e7b89a60b044af4721181408c271e821f1413201ca6/json], queryParams={}}
23:55:06.056 [Test worker] DEBUG com.github.dockerjava.zerodep.shaded.org.apache.hc.client5.http.impl.classic.InternalHttpClient - ex-00000025: preparing request execution
23:55:06.056 [Test worker] DEBUG com.github.dockerjava.zerodep.shaded.org.apache.hc.client5.http.protocol.RequestAddCookies - Cookie spec selected: strict
23:55:06.056 [Test worker] DEBUG com.github.dockerjava.zerodep.shaded.org.apache.hc.client5.http.protocol.RequestAuthCache - Auth cache not set in the context
23:55:06.056 [Test worker] DEBUG com.github.dockerjava.zerodep.shaded.org.apache.hc.client5.http.impl.classic.ProtocolExec - ex-00000025: target auth state: UNCHALLENGED
23:55:06.056 [Test worker] DEBUG com.github.dockerjava.zerodep.shaded.org.apache.hc.client5.http.impl.classic.ProtocolExec - ex-00000025: proxy auth state: UNCHALLENGED
23:55:06.056 [Test worker] DEBUG com.github.dockerjava.zerodep.shaded.org.apache.hc.client5.http.impl.classic.ConnectExec - ex-00000025: acquiring connection with route {}->unix://localhost:2375
23:55:06.056 [Test worker] DEBUG com.github.dockerjava.zerodep.shaded.org.apache.hc.client5.http.impl.classic.InternalHttpClient - ex-00000025: acquiring endpoint (3 MINUTES)
23:55:06.057 [Test worker] DEBUG com.github.dockerjava.zerodep.shaded.org.apache.hc.client5.http.impl.io.PoolingHttpClientConnectionManager - ex-00000025: endpoint lease request (3 MINUTES) [route: {}->unix://localhost:2375][total available: 1; route allocated: 1 of 2147483647; total allocated: 1 of 2147483647]
23:55:06.057 [Test worker] DEBUG com.github.dockerjava.zerodep.shaded.org.apache.hc.client5.http.impl.io.PoolingHttpClientConnectionManager - ex-00000025: endpoint leased [route: {}->unix://localhost:2375][total available: 0; route allocated: 1 of 2147483647; total allocated: 1 of 2147483647]
23:55:06.057 [Test worker] DEBUG com.github.dockerjava.zerodep.shaded.org.apache.hc.client5.http.impl.io.PoolingHttpClientConnectionManager - ex-00000025: acquired ep-00000024
23:55:06.057 [Test worker] DEBUG com.github.dockerjava.zerodep.shaded.org.apache.hc.client5.http.impl.classic.InternalHttpClient - ex-00000025: acquired endpoint ep-00000024
23:55:06.057 [Test worker] DEBUG com.github.dockerjava.zerodep.shaded.org.apache.hc.client5.http.impl.classic.MainClientExec - ex-00000025: executing GET /v1.32/containers/c37a42694b7d1cff581f5e7b89a60b044af4721181408c271e821f1413201ca6/json HTTP/1.1
23:55:06.057 [Test worker] DEBUG com.github.dockerjava.zerodep.shaded.org.apache.hc.client5.http.impl.classic.InternalHttpClient - ep-00000024: start execution ex-00000025
23:55:06.057 [Test worker] DEBUG com.github.dockerjava.zerodep.shaded.org.apache.hc.client5.http.impl.io.PoolingHttpClientConnectionManager - ep-00000024: executing exchange ex-00000025 over http-outgoing-2
23:55:06.057 [Test worker] DEBUG com.github.dockerjava.zerodep.shaded.org.apache.hc.client5.http.headers - http-outgoing-2 >> GET /v1.32/containers/c37a42694b7d1cff581f5e7b89a60b044af4721181408c271e821f1413201ca6/json HTTP/1.1
23:55:06.057 [Test worker] DEBUG com.github.dockerjava.zerodep.shaded.org.apache.hc.client5.http.headers - http-outgoing-2 >> accept: application/json
23:55:06.057 [Test worker] DEBUG com.github.dockerjava.zerodep.shaded.org.apache.hc.client5.http.headers - http-outgoing-2 >> x-tc-sid: 818a13d9-e138-4e41-b5a4-74fd927e6a2d
23:55:06.057 [Test worker] DEBUG com.github.dockerjava.zerodep.shaded.org.apache.hc.client5.http.headers - http-outgoing-2 >> Accept-Encoding: gzip, x-gzip, deflate
23:55:06.057 [Test worker] DEBUG com.github.dockerjava.zerodep.shaded.org.apache.hc.client5.http.headers - http-outgoing-2 >> Host: localhost:2375
23:55:06.057 [Test worker] DEBUG com.github.dockerjava.zerodep.shaded.org.apache.hc.client5.http.headers - http-outgoing-2 >> Connection: keep-alive
23:55:06.057 [Test worker] DEBUG com.github.dockerjava.zerodep.shaded.org.apache.hc.client5.http.headers - http-outgoing-2 >> User-Agent: Apache-HttpClient/5.0.3 (Java/17.0.2)
23:55:06.057 [Test worker] DEBUG com.github.dockerjava.zerodep.shaded.org.apache.hc.client5.http.wire - http-outgoing-2 >> "GET /v1.32/containers/c37a42694b7d1cff581f5e7b89a60b044af4721181408c271e821f1413201ca6/json HTTP/1.1[\r][\n]"
23:55:06.057 [Test worker] DEBUG com.github.dockerjava.zerodep.shaded.org.apache.hc.client5.http.wire - http-outgoing-2 >> "accept: application/json[\r][\n]"
23:55:06.057 [Test worker] DEBUG com.github.dockerjava.zerodep.shaded.org.apache.hc.client5.http.wire - http-outgoing-2 >> "x-tc-sid: 818a13d9-e138-4e41-b5a4-74fd927e6a2d[\r][\n]"
23:55:06.057 [Test worker] DEBUG com.github.dockerjava.zerodep.shaded.org.apache.hc.client5.http.wire - http-outgoing-2 >> "Accept-Encoding: gzip, x-gzip, deflate[\r][\n]"
23:55:06.057 [Test worker] DEBUG com.github.dockerjava.zerodep.shaded.org.apache.hc.client5.http.wire - http-outgoing-2 >> "Host: localhost:2375[\r][\n]"
23:55:06.057 [Test worker] DEBUG com.github.dockerjava.zerodep.shaded.org.apache.hc.client5.http.wire - http-outgoing-2 >> "Connection: keep-alive[\r][\n]"
23:55:06.057 [Test worker] DEBUG com.github.dockerjava.zerodep.shaded.org.apache.hc.client5.http.wire - http-outgoing-2 >> "User-Agent: Apache-HttpClient/5.0.3 (Java/17.0.2)[\r][\n]"
23:55:06.057 [Test worker] DEBUG com.github.dockerjava.zerodep.shaded.org.apache.hc.client5.http.wire - http-outgoing-2 >> "[\r][\n]"
23:55:06.061 [Test worker] DEBUG com.github.dockerjava.zerodep.shaded.org.apache.hc.client5.http.wire - http-outgoing-2 << "HTTP/1.1 200 OK[\r][\n]"
23:55:06.061 [Test worker] DEBUG com.github.dockerjava.zerodep.shaded.org.apache.hc.client5.http.wire - http-outgoing-2 << "Api-Version: 1.41[\r][\n]"
23:55:06.061 [Test worker] DEBUG com.github.dockerjava.zerodep.shaded.org.apache.hc.client5.http.wire - http-outgoing-2 << "Content-Type: application/json[\r][\n]"
23:55:06.061 [Test worker] DEBUG com.github.dockerjava.zerodep.shaded.org.apache.hc.client5.http.wire - http-outgoing-2 << "Date: Mon, 27 Mar 2023 02:55:06 GMT[\r][\n]"
23:55:06.061 [Test worker] DEBUG com.github.dockerjava.zerodep.shaded.org.apache.hc.client5.http.wire - http-outgoing-2 << "Docker-Experimental: false[\r][\n]"
23:55:06.061 [Test worker] DEBUG com.github.dockerjava.zerodep.shaded.org.apache.hc.client5.http.wire - http-outgoing-2 << "Ostype: linux[\r][\n]"
23:55:06.061 [Test worker] DEBUG com.github.dockerjava.zerodep.shaded.org.apache.hc.client5.http.wire - http-outgoing-2 << "Server: Docker/20.10.21 (linux)[\r][\n]"
23:55:06.061 [Test worker] DEBUG com.github.dockerjava.zerodep.shaded.org.apache.hc.client5.http.wire - http-outgoing-2 << "Transfer-Encoding: chunked[\r][\n]"
23:55:06.061 [Test worker] DEBUG com.github.dockerjava.zerodep.shaded.org.apache.hc.client5.http.wire - http-outgoing-2 << "[\r][\n]"
23:55:06.061 [Test worker] DEBUG com.github.dockerjava.zerodep.shaded.org.apache.hc.client5.http.headers - http-outgoing-2 << HTTP/1.1 200 OK
23:55:06.061 [Test worker] DEBUG com.github.dockerjava.zerodep.shaded.org.apache.hc.client5.http.headers - http-outgoing-2 << Api-Version: 1.41
23:55:06.061 [Test worker] DEBUG com.github.dockerjava.zerodep.shaded.org.apache.hc.client5.http.headers - http-outgoing-2 << Content-Type: application/json
23:55:06.061 [Test worker] DEBUG com.github.dockerjava.zerodep.shaded.org.apache.hc.client5.http.headers - http-outgoing-2 << Date: Mon, 27 Mar 2023 02:55:06 GMT
23:55:06.061 [Test worker] DEBUG com.github.dockerjava.zerodep.shaded.org.apache.hc.client5.http.headers - http-outgoing-2 << Docker-Experimental: false
23:55:06.061 [Test worker] DEBUG com.github.dockerjava.zerodep.shaded.org.apache.hc.client5.http.headers - http-outgoing-2 << Ostype: linux
23:55:06.061 [Test worker] DEBUG com.github.dockerjava.zerodep.shaded.org.apache.hc.client5.http.headers - http-outgoing-2 << Server: Docker/20.10.21 (linux)
23:55:06.061 [Test worker] DEBUG com.github.dockerjava.zerodep.shaded.org.apache.hc.client5.http.headers - http-outgoing-2 << Transfer-Encoding: chunked
23:55:06.062 [Test worker] DEBUG com.github.dockerjava.zerodep.shaded.org.apache.hc.client5.http.impl.classic.MainClientExec - ex-00000025: connection can be kept alive for 3 MINUTES
23:55:06.063 [Test worker] DEBUG com.github.dockerjava.zerodep.shaded.org.apache.hc.client5.http.wire - http-outgoing-2 << "18c1[\r][\n]"
23:55:06.063 [Test worker] DEBUG com.github.dockerjava.zerodep.shaded.org.apache.hc.client5.http.wire - http-outgoing-2 << "{"Id":"c37a42694b7d1cff581f5e7b89a60b044af4721181408c271e821f1413201ca6","Created":"2023-03-27T02:55:02.49734542Z","Path":"docker-entrypoint.sh","Args":["mysqld"],"State":{"Status":"running","Running":true,"Paused":false,"Restarting":false,"OOMKilled":false,"Dead":false,"Pid":18342,"ExitCode":0,"Error":"","StartedAt":"2023-03-27T02:55:03.12719392Z","FinishedAt":"0001-01-01T00:00:00Z"},"Image":"sha256:c7c54c29e20dccc1aefb936c8eba8bb8b98b87a4921102aba87fde2df5810af9","ResolvConfPath":"/var/lib/docker/containers/c37a42694b7d1cff581f5e7b89a60b044af4721181408c271e821f1413201ca6/resolv.conf","HostnamePath":"/var/lib/docker/containers/c37a42694b7d1cff581f5e7b89a60b044af4721181408c271e821f1413201ca6/hostname","HostsPath":"/var/lib/docker/containers/c37a42694b7d1cff581f5e7b89a60b044af4721181408c271e821f1413201ca6/hosts","LogPath":"/var/lib/docker/containers/c37a42694b7d1cff581f5e7b89a60b044af4721181408c271e821f1413201ca6/c37a42694b7d1cff581f5e7b89a60b044af4721181408c271e821f1413201ca6-json.log","Name":"/elegant_mahavira","RestartCount":0,"Driver":"overlay2","Platform":"linux","MountLabel":"","ProcessLabel":"","AppArmorProfile":"","ExecIDs":null,"HostConfig":{"Binds":[],"ContainerIDFile":"","LogConfig":{"Type":"json-file","Config":{}},"NetworkMode":"default","PortBindings":{"3306/tcp":[{"HostIp":"0.0.0.0","HostPort":"0"}]},"RestartPolicy":{"Name":"","MaximumRetryCount":0},"AutoRemove":false,"VolumeDriver":"","VolumesFrom":[],"CapAdd":null,"CapDrop":null,"CgroupnsMode":"private","Dns":null,"DnsOptions":null,"DnsSearch":null,"ExtraHosts":[],"GroupAdd":null,"IpcMode":"shareable","Cgroup":"","Links":null,"OomScoreAdj":0,"PidMode":"","Privileged":false,"PublishAllPorts":false,"ReadonlyRootfs":false,"SecurityOpt":null,"UTSMode":"","UsernsMode":"","ShmSize":67108864,"Runtime":"runc","ConsoleSize":[0,0],"Isolation":"","CpuShares":0,"Memory":0,"NanoCpus":0,"CgroupParent":"","BlkioWeight":0,"BlkioWeightDevice":null,"BlkioDeviceReadBps":null,"BlkioDeviceWriteBps":null,"BlkioDeviceReadIOps":null,"BlkioDeviceWriteIOps":null,"CpuPeriod":0,"CpuQuota":0,"CpuRealtimePeriod":0,"CpuRealtimeRuntime":0,"CpusetCpus":"","CpusetMems":"","Devices":null,"DeviceCgroupRules":null,"DeviceRequests":null,"KernelMemory":0,"KernelMemoryTCP":0,"MemoryReservation":0,"MemorySwap":0,"MemorySwappiness":null,"OomKillDisable":null,"PidsLimit":null,"Ulimits":null,"CpuCount":0,"CpuPercent":0,"IOMaximumIOps":0,"IOMaximumBandwidth":0,"MaskedPaths":["/proc/asound","/proc/acpi","/proc/kcore","/proc/keys","/proc/latency_stats","/proc/timer_list","/proc/timer_stats","/proc/sched_debug","/proc/scsi","/sys/firmware"],"ReadonlyPaths":["/proc/bus","/proc/fs","/proc/irq","/proc/sys","/proc/sysrq-trigger"]},"GraphDriver":{"Data":{"LowerDir":"/var/lib/docker/overlay2/2c15a904a49807090175d7750f18e0f6a57e99c38a424839679cbaf676a4d500-init/diff:/var/lib/docker/overlay2/1bd8849d7a296305617011f940aa5cfabbe972a513397b1b6bbc27639b6c1f30/diff:/var/lib/docker/overlay2/199d69b2fbf78af4d4c95dec4fd2f8835ab0347eb49fb20ebb2ff3b99fedd6ad/diff:/var/lib/docker/overlay2/d83c38d654989311f75b9491329846033bfb7714de76ef635380dcfad5c740d9/diff:/var/lib/docker/overlay2/08600d0aea2ab2728bebcf5d2589c640a842f53d1ba3c4a4adccb4d03b923cf6/diff:/var/lib/docker/overlay2/9ec7c63a3fb14d13ac788bbf5e282ca821edc41260b79944e5e631037d13ecda/diff:/var/lib/docker/overlay2/db601d7a1b4ea6da638db620462f0da96fa55c559d02269c9ddb09027936ed87/diff:/var/lib/docker/overlay2/a6d2bd03f942e2565f21e74cfe152c7ec836a1c2b583f0790c685b92bdcfda24/diff:/var/lib/docker/overlay2/9badd16ea2c5e2bf1fde8b579683e41137dfc46ed5449234149f199a6751cc84/diff:/var/lib/docker/overlay2/6efb85646ed12e2d1181ef4cc6f6f6732c00c15a4035fe17ebc4f075ca573c30/diff:/var/lib/docker/overlay2/895d7c0ec09144d6ed33936f4e98e11c18010f7abd708cae1ce43aec7a7f2621/diff:/var/lib/docker/overlay2/1c4ba77aa573ab6e5e5069fd15eae71b3da940bde0f97a922a227ffc8a1d1096/diff","MergedDir":"/var/lib/docker/overlay2/2c15a904a49807090175d7750f18e0f6a57e99c38a424839679cbaf676a4d500/merged","UpperDir":"/var/lib/docker/overlay2/2c15a904a49807090175d7750f18e0f6a57e99c38a424839679cbaf676a4d500/diff","WorkDir":"/var/lib/docker/overlay2/2c15a904a49807090175d7750f18e0f6a57e99c38a424839679cbaf676a4d500/work"},"Name":"overlay2"},"Mounts":[{"Type":"volume","Name":"44a9389ce95a2961210e86afd6afe42b23405f43157b5dc00e010d283c01df79","Source":"/var/lib/docker/volumes/44a9389ce95a2961210e86afd6afe42b23405f43157b5dc00e010d283c01df79/_data","Destination":"/var/lib/mysql","Driver":"local","Mode":"","RW":true,"Propagation":""}],"Config":{"Hostname":"c37a42694b7d","Domainname":"","User":"","AttachStdin":false,"AttachStdout":false,"AttachStderr":false,"ExposedPorts":{"3306/tcp":{},"33060/tcp":{}},"Tty":false,"OpenStdin":false,"StdinOnce":false,"Env":["MYSQL_DATABASE=adm_videos","MYSQL_PASSWORD=123456","MYSQL_ROOT_PASSWORD=123456","PATH=/usr/local/sbin:/usr/local/bin:/usr/sbin:/usr/bin:/sbin:/bin","GOSU_VERSION=1.16","MYSQL_MAJOR=8.0","MYSQL_VERSION=8.0.32-1.el8","MYSQL_SHELL_VERSION=8.0.32-1.el8"],"Cmd":["mysqld"],"Image":"mysql:latest","Volumes":{"/var/lib/mysql":{}},"WorkingDir":"","Entrypoint":["docker-entrypoint.sh"],"OnBuild":null,"Labels":{"org.testcontainers":"true","org.testcontainers.lang":"java","org.testcontainers.sessionId":"818a13d9-e138-4e41-b5a4-74fd927e6a2d","org.testcontainers.version":"1.17.6"}},"NetworkSettings":{"Bridge":"","SandboxID":"bd1f3a626f226e407a1a406212013b21c93b302c93f9fd53a405b7fc5ff825b3","HairpinMode":false,"LinkLocalIPv6Address":"","LinkLocalIPv6PrefixLen":0,"Ports":{"3306/tcp":[{"HostIp":"0.0.0.0","HostPort":"56289"}],"33060/tcp":null},"SandboxKey":"/var/run/docker/netns/bd1f3a626f22","SecondaryIPAddresses":null,"SecondaryIPv6Addresses":null,"EndpointID":"a2b725c0c5ce4503f8e45e0c2adc4455b29a53a4866d3f23b2bce893a084641f","Gateway":"172.17.0.1","GlobalIPv6Address":"","GlobalIPv6PrefixLen":0,"IPAddress":"172.17.0.3","IPPrefixLen":16,"IPv6Gateway":"","MacAddress":"02:42:ac:11:00:03","Networks":{"bridge":{"IPAMConfig":null,"Links":null,"Aliases":null,"NetworkID":"308e234c143065751b16b4500cb9f48d5c7fc2116504b3d816a5e51cd4771062","EndpointID":"a2b725c0c5ce4503f8e45e0c2adc4455b29a53a4866d3f23b2bce893a084641f","Gateway":"172.17.0.1","IPAddress":"172.17.0.3","IPPrefixLen":16,"IPv6Gateway":"","GlobalIPv6Address":"","GlobalIPv6PrefixLen":0,"MacAddress":"02:42:ac:11:00:03","DriverOpts":null}}}}[\n]"
23:55:06.064 [Test worker] DEBUG com.github.dockerjava.zerodep.shaded.org.apache.hc.client5.http.wire - http-outgoing-2 << "[\r][\n]"
23:55:06.064 [Test worker] DEBUG com.github.dockerjava.zerodep.shaded.org.apache.hc.client5.http.wire - http-outgoing-2 << "0[\r][\n]"
23:55:06.064 [Test worker] DEBUG com.github.dockerjava.zerodep.shaded.org.apache.hc.client5.http.wire - http-outgoing-2 << "[\r][\n]"
23:55:06.064 [Test worker] DEBUG com.github.dockerjava.zerodep.shaded.org.apache.hc.client5.http.impl.classic.InternalHttpClient - ep-00000024: releasing valid endpoint
23:55:06.064 [Test worker] DEBUG com.github.dockerjava.zerodep.shaded.org.apache.hc.client5.http.impl.io.PoolingHttpClientConnectionManager - ep-00000024: releasing endpoint
23:55:06.064 [Test worker] DEBUG com.github.dockerjava.zerodep.shaded.org.apache.hc.client5.http.impl.io.PoolingHttpClientConnectionManager - ep-00000024: connection http-outgoing-2 can be kept alive for 3 MINUTES
23:55:06.064 [Test worker] DEBUG com.github.dockerjava.zerodep.shaded.org.apache.hc.client5.http.impl.io.PoolingHttpClientConnectionManager - ep-00000024: connection released [route: {}->unix://localhost:2375][total available: 1; route allocated: 1 of 2147483647; total allocated: 1 of 2147483647]
23:55:06.065 [Test worker] DEBUG ]]>&#x1f433;<![CDATA[ [mysql:latest] - Trying to create JDBC connection using com.mysql.cj.jdbc.Driver to jdbc:mysql://localhost:56289/adm_videos?useSSL=false&allowPublicKeyRetrieval=true with properties: {password=123456, user=root}
23:55:06.168 [Test worker] DEBUG org.testcontainers.shaded.com.github.dockerjava.core.command.AbstrDockerCmd - Cmd: c37a42694b7d1cff581f5e7b89a60b044af4721181408c271e821f1413201ca6,false
23:55:06.169 [Test worker] DEBUG org.testcontainers.shaded.com.github.dockerjava.core.exec.InspectContainerCmdExec - GET: DefaultWebTarget{path=[/containers/c37a42694b7d1cff581f5e7b89a60b044af4721181408c271e821f1413201ca6/json], queryParams={}}
23:55:06.169 [Test worker] DEBUG com.github.dockerjava.zerodep.shaded.org.apache.hc.client5.http.impl.classic.InternalHttpClient - ex-00000026: preparing request execution
23:55:06.169 [Test worker] DEBUG com.github.dockerjava.zerodep.shaded.org.apache.hc.client5.http.protocol.RequestAddCookies - Cookie spec selected: strict
23:55:06.169 [Test worker] DEBUG com.github.dockerjava.zerodep.shaded.org.apache.hc.client5.http.protocol.RequestAuthCache - Auth cache not set in the context
23:55:06.169 [Test worker] DEBUG com.github.dockerjava.zerodep.shaded.org.apache.hc.client5.http.impl.classic.ProtocolExec - ex-00000026: target auth state: UNCHALLENGED
23:55:06.169 [Test worker] DEBUG com.github.dockerjava.zerodep.shaded.org.apache.hc.client5.http.impl.classic.ProtocolExec - ex-00000026: proxy auth state: UNCHALLENGED
23:55:06.169 [Test worker] DEBUG com.github.dockerjava.zerodep.shaded.org.apache.hc.client5.http.impl.classic.ConnectExec - ex-00000026: acquiring connection with route {}->unix://localhost:2375
23:55:06.169 [Test worker] DEBUG com.github.dockerjava.zerodep.shaded.org.apache.hc.client5.http.impl.classic.InternalHttpClient - ex-00000026: acquiring endpoint (3 MINUTES)
23:55:06.169 [Test worker] DEBUG com.github.dockerjava.zerodep.shaded.org.apache.hc.client5.http.impl.io.PoolingHttpClientConnectionManager - ex-00000026: endpoint lease request (3 MINUTES) [route: {}->unix://localhost:2375][total available: 1; route allocated: 1 of 2147483647; total allocated: 1 of 2147483647]
23:55:06.169 [Test worker] DEBUG com.github.dockerjava.zerodep.shaded.org.apache.hc.client5.http.impl.io.PoolingHttpClientConnectionManager - ex-00000026: endpoint leased [route: {}->unix://localhost:2375][total available: 0; route allocated: 1 of 2147483647; total allocated: 1 of 2147483647]
23:55:06.169 [Test worker] DEBUG com.github.dockerjava.zerodep.shaded.org.apache.hc.client5.http.impl.io.PoolingHttpClientConnectionManager - ex-00000026: acquired ep-00000025
23:55:06.169 [Test worker] DEBUG com.github.dockerjava.zerodep.shaded.org.apache.hc.client5.http.impl.classic.InternalHttpClient - ex-00000026: acquired endpoint ep-00000025
23:55:06.170 [Test worker] DEBUG com.github.dockerjava.zerodep.shaded.org.apache.hc.client5.http.impl.classic.MainClientExec - ex-00000026: executing GET /v1.32/containers/c37a42694b7d1cff581f5e7b89a60b044af4721181408c271e821f1413201ca6/json HTTP/1.1
23:55:06.170 [Test worker] DEBUG com.github.dockerjava.zerodep.shaded.org.apache.hc.client5.http.impl.classic.InternalHttpClient - ep-00000025: start execution ex-00000026
23:55:06.170 [Test worker] DEBUG com.github.dockerjava.zerodep.shaded.org.apache.hc.client5.http.impl.io.PoolingHttpClientConnectionManager - ep-00000025: executing exchange ex-00000026 over http-outgoing-2
23:55:06.170 [Test worker] DEBUG com.github.dockerjava.zerodep.shaded.org.apache.hc.client5.http.headers - http-outgoing-2 >> GET /v1.32/containers/c37a42694b7d1cff581f5e7b89a60b044af4721181408c271e821f1413201ca6/json HTTP/1.1
23:55:06.170 [Test worker] DEBUG com.github.dockerjava.zerodep.shaded.org.apache.hc.client5.http.headers - http-outgoing-2 >> accept: application/json
23:55:06.170 [Test worker] DEBUG com.github.dockerjava.zerodep.shaded.org.apache.hc.client5.http.headers - http-outgoing-2 >> x-tc-sid: 818a13d9-e138-4e41-b5a4-74fd927e6a2d
23:55:06.170 [Test worker] DEBUG com.github.dockerjava.zerodep.shaded.org.apache.hc.client5.http.headers - http-outgoing-2 >> Accept-Encoding: gzip, x-gzip, deflate
23:55:06.170 [Test worker] DEBUG com.github.dockerjava.zerodep.shaded.org.apache.hc.client5.http.headers - http-outgoing-2 >> Host: localhost:2375
23:55:06.170 [Test worker] DEBUG com.github.dockerjava.zerodep.shaded.org.apache.hc.client5.http.headers - http-outgoing-2 >> Connection: keep-alive
23:55:06.170 [Test worker] DEBUG com.github.dockerjava.zerodep.shaded.org.apache.hc.client5.http.headers - http-outgoing-2 >> User-Agent: Apache-HttpClient/5.0.3 (Java/17.0.2)
23:55:06.170 [Test worker] DEBUG com.github.dockerjava.zerodep.shaded.org.apache.hc.client5.http.wire - http-outgoing-2 >> "GET /v1.32/containers/c37a42694b7d1cff581f5e7b89a60b044af4721181408c271e821f1413201ca6/json HTTP/1.1[\r][\n]"
23:55:06.170 [Test worker] DEBUG com.github.dockerjava.zerodep.shaded.org.apache.hc.client5.http.wire - http-outgoing-2 >> "accept: application/json[\r][\n]"
23:55:06.170 [Test worker] DEBUG com.github.dockerjava.zerodep.shaded.org.apache.hc.client5.http.wire - http-outgoing-2 >> "x-tc-sid: 818a13d9-e138-4e41-b5a4-74fd927e6a2d[\r][\n]"
23:55:06.170 [Test worker] DEBUG com.github.dockerjava.zerodep.shaded.org.apache.hc.client5.http.wire - http-outgoing-2 >> "Accept-Encoding: gzip, x-gzip, deflate[\r][\n]"
23:55:06.170 [Test worker] DEBUG com.github.dockerjava.zerodep.shaded.org.apache.hc.client5.http.wire - http-outgoing-2 >> "Host: localhost:2375[\r][\n]"
23:55:06.170 [Test worker] DEBUG com.github.dockerjava.zerodep.shaded.org.apache.hc.client5.http.wire - http-outgoing-2 >> "Connection: keep-alive[\r][\n]"
23:55:06.170 [Test worker] DEBUG com.github.dockerjava.zerodep.shaded.org.apache.hc.client5.http.wire - http-outgoing-2 >> "User-Agent: Apache-HttpClient/5.0.3 (Java/17.0.2)[\r][\n]"
23:55:06.170 [Test worker] DEBUG com.github.dockerjava.zerodep.shaded.org.apache.hc.client5.http.wire - http-outgoing-2 >> "[\r][\n]"
23:55:06.172 [Test worker] DEBUG com.github.dockerjava.zerodep.shaded.org.apache.hc.client5.http.wire - http-outgoing-2 << "HTTP/1.1 200 OK[\r][\n]"
23:55:06.172 [Test worker] DEBUG com.github.dockerjava.zerodep.shaded.org.apache.hc.client5.http.wire - http-outgoing-2 << "Api-Version: 1.41[\r][\n]"
23:55:06.172 [Test worker] DEBUG com.github.dockerjava.zerodep.shaded.org.apache.hc.client5.http.wire - http-outgoing-2 << "Content-Type: application/json[\r][\n]"
23:55:06.172 [Test worker] DEBUG com.github.dockerjava.zerodep.shaded.org.apache.hc.client5.http.wire - http-outgoing-2 << "Date: Mon, 27 Mar 2023 02:55:06 GMT[\r][\n]"
23:55:06.172 [Test worker] DEBUG com.github.dockerjava.zerodep.shaded.org.apache.hc.client5.http.wire - http-outgoing-2 << "Docker-Experimental: false[\r][\n]"
23:55:06.172 [Test worker] DEBUG com.github.dockerjava.zerodep.shaded.org.apache.hc.client5.http.wire - http-outgoing-2 << "Ostype: linux[\r][\n]"
23:55:06.172 [Test worker] DEBUG com.github.dockerjava.zerodep.shaded.org.apache.hc.client5.http.wire - http-outgoing-2 << "Server: Docker/20.10.21 (linux)[\r][\n]"
23:55:06.172 [Test worker] DEBUG com.github.dockerjava.zerodep.shaded.org.apache.hc.client5.http.wire - http-outgoing-2 << "Transfer-Encoding: chunked[\r][\n]"
23:55:06.172 [Test worker] DEBUG com.github.dockerjava.zerodep.shaded.org.apache.hc.client5.http.wire - http-outgoing-2 << "[\r][\n]"
23:55:06.173 [Test worker] DEBUG com.github.dockerjava.zerodep.shaded.org.apache.hc.client5.http.headers - http-outgoing-2 << HTTP/1.1 200 OK
23:55:06.173 [Test worker] DEBUG com.github.dockerjava.zerodep.shaded.org.apache.hc.client5.http.headers - http-outgoing-2 << Api-Version: 1.41
23:55:06.173 [Test worker] DEBUG com.github.dockerjava.zerodep.shaded.org.apache.hc.client5.http.headers - http-outgoing-2 << Content-Type: application/json
23:55:06.173 [Test worker] DEBUG com.github.dockerjava.zerodep.shaded.org.apache.hc.client5.http.headers - http-outgoing-2 << Date: Mon, 27 Mar 2023 02:55:06 GMT
23:55:06.173 [Test worker] DEBUG com.github.dockerjava.zerodep.shaded.org.apache.hc.client5.http.headers - http-outgoing-2 << Docker-Experimental: false
23:55:06.173 [Test worker] DEBUG com.github.dockerjava.zerodep.shaded.org.apache.hc.client5.http.headers - http-outgoing-2 << Ostype: linux
23:55:06.173 [Test worker] DEBUG com.github.dockerjava.zerodep.shaded.org.apache.hc.client5.http.headers - http-outgoing-2 << Server: Docker/20.10.21 (linux)
23:55:06.173 [Test worker] DEBUG com.github.dockerjava.zerodep.shaded.org.apache.hc.client5.http.headers - http-outgoing-2 << Transfer-Encoding: chunked
23:55:06.173 [Test worker] DEBUG com.github.dockerjava.zerodep.shaded.org.apache.hc.client5.http.impl.classic.MainClientExec - ex-00000026: connection can be kept alive for 3 MINUTES
23:55:06.175 [Test worker] DEBUG com.github.dockerjava.zerodep.shaded.org.apache.hc.client5.http.wire - http-outgoing-2 << "18c1[\r][\n]"
23:55:06.175 [Test worker] DEBUG com.github.dockerjava.zerodep.shaded.org.apache.hc.client5.http.wire - http-outgoing-2 << "{"Id":"c37a42694b7d1cff581f5e7b89a60b044af4721181408c271e821f1413201ca6","Created":"2023-03-27T02:55:02.49734542Z","Path":"docker-entrypoint.sh","Args":["mysqld"],"State":{"Status":"running","Running":true,"Paused":false,"Restarting":false,"OOMKilled":false,"Dead":false,"Pid":18342,"ExitCode":0,"Error":"","StartedAt":"2023-03-27T02:55:03.12719392Z","FinishedAt":"0001-01-01T00:00:00Z"},"Image":"sha256:c7c54c29e20dccc1aefb936c8eba8bb8b98b87a4921102aba87fde2df5810af9","ResolvConfPath":"/var/lib/docker/containers/c37a42694b7d1cff581f5e7b89a60b044af4721181408c271e821f1413201ca6/resolv.conf","HostnamePath":"/var/lib/docker/containers/c37a42694b7d1cff581f5e7b89a60b044af4721181408c271e821f1413201ca6/hostname","HostsPath":"/var/lib/docker/containers/c37a42694b7d1cff581f5e7b89a60b044af4721181408c271e821f1413201ca6/hosts","LogPath":"/var/lib/docker/containers/c37a42694b7d1cff581f5e7b89a60b044af4721181408c271e821f1413201ca6/c37a42694b7d1cff581f5e7b89a60b044af4721181408c271e821f1413201ca6-json.log","Name":"/elegant_mahavira","RestartCount":0,"Driver":"overlay2","Platform":"linux","MountLabel":"","ProcessLabel":"","AppArmorProfile":"","ExecIDs":null,"HostConfig":{"Binds":[],"ContainerIDFile":"","LogConfig":{"Type":"json-file","Config":{}},"NetworkMode":"default","PortBindings":{"3306/tcp":[{"HostIp":"0.0.0.0","HostPort":"0"}]},"RestartPolicy":{"Name":"","MaximumRetryCount":0},"AutoRemove":false,"VolumeDriver":"","VolumesFrom":[],"CapAdd":null,"CapDrop":null,"CgroupnsMode":"private","Dns":null,"DnsOptions":null,"DnsSearch":null,"ExtraHosts":[],"GroupAdd":null,"IpcMode":"shareable","Cgroup":"","Links":null,"OomScoreAdj":0,"PidMode":"","Privileged":false,"PublishAllPorts":false,"ReadonlyRootfs":false,"SecurityOpt":null,"UTSMode":"","UsernsMode":"","ShmSize":67108864,"Runtime":"runc","ConsoleSize":[0,0],"Isolation":"","CpuShares":0,"Memory":0,"NanoCpus":0,"CgroupParent":"","BlkioWeight":0,"BlkioWeightDevice":null,"BlkioDeviceReadBps":null,"BlkioDeviceWriteBps":null,"BlkioDeviceReadIOps":null,"BlkioDeviceWriteIOps":null,"CpuPeriod":0,"CpuQuota":0,"CpuRealtimePeriod":0,"CpuRealtimeRuntime":0,"CpusetCpus":"","CpusetMems":"","Devices":null,"DeviceCgroupRules":null,"DeviceRequests":null,"KernelMemory":0,"KernelMemoryTCP":0,"MemoryReservation":0,"MemorySwap":0,"MemorySwappiness":null,"OomKillDisable":null,"PidsLimit":null,"Ulimits":null,"CpuCount":0,"CpuPercent":0,"IOMaximumIOps":0,"IOMaximumBandwidth":0,"MaskedPaths":["/proc/asound","/proc/acpi","/proc/kcore","/proc/keys","/proc/latency_stats","/proc/timer_list","/proc/timer_stats","/proc/sched_debug","/proc/scsi","/sys/firmware"],"ReadonlyPaths":["/proc/bus","/proc/fs","/proc/irq","/proc/sys","/proc/sysrq-trigger"]},"GraphDriver":{"Data":{"LowerDir":"/var/lib/docker/overlay2/2c15a904a49807090175d7750f18e0f6a57e99c38a424839679cbaf676a4d500-init/diff:/var/lib/docker/overlay2/1bd8849d7a296305617011f940aa5cfabbe972a513397b1b6bbc27639b6c1f30/diff:/var/lib/docker/overlay2/199d69b2fbf78af4d4c95dec4fd2f8835ab0347eb49fb20ebb2ff3b99fedd6ad/diff:/var/lib/docker/overlay2/d83c38d654989311f75b9491329846033bfb7714de76ef635380dcfad5c740d9/diff:/var/lib/docker/overlay2/08600d0aea2ab2728bebcf5d2589c640a842f53d1ba3c4a4adccb4d03b923cf6/diff:/var/lib/docker/overlay2/9ec7c63a3fb14d13ac788bbf5e282ca821edc41260b79944e5e631037d13ecda/diff:/var/lib/docker/overlay2/db601d7a1b4ea6da638db620462f0da96fa55c559d02269c9ddb09027936ed87/diff:/var/lib/docker/overlay2/a6d2bd03f942e2565f21e74cfe152c7ec836a1c2b583f0790c685b92bdcfda24/diff:/var/lib/docker/overlay2/9badd16ea2c5e2bf1fde8b579683e41137dfc46ed5449234149f199a6751cc84/diff:/var/lib/docker/overlay2/6efb85646ed12e2d1181ef4cc6f6f6732c00c15a4035fe17ebc4f075ca573c30/diff:/var/lib/docker/overlay2/895d7c0ec09144d6ed33936f4e98e11c18010f7abd708cae1ce43aec7a7f2621/diff:/var/lib/docker/overlay2/1c4ba77aa573ab6e5e5069fd15eae71b3da940bde0f97a922a227ffc8a1d1096/diff","MergedDir":"/var/lib/docker/overlay2/2c15a904a49807090175d7750f18e0f6a57e99c38a424839679cbaf676a4d500/merged","UpperDir":"/var/lib/docker/overlay2/2c15a904a49807090175d7750f18e0f6a57e99c38a424839679cbaf676a4d500/diff","WorkDir":"/var/lib/docker/overlay2/2c15a904a49807090175d7750f18e0f6a57e99c38a424839679cbaf676a4d500/work"},"Name":"overlay2"},"Mounts":[{"Type":"volume","Name":"44a9389ce95a2961210e86afd6afe42b23405f43157b5dc00e010d283c01df79","Source":"/var/lib/docker/volumes/44a9389ce95a2961210e86afd6afe42b23405f43157b5dc00e010d283c01df79/_data","Destination":"/var/lib/mysql","Driver":"local","Mode":"","RW":true,"Propagation":""}],"Config":{"Hostname":"c37a42694b7d","Domainname":"","User":"","AttachStdin":false,"AttachStdout":false,"AttachStderr":false,"ExposedPorts":{"3306/tcp":{},"33060/tcp":{}},"Tty":false,"OpenStdin":false,"StdinOnce":false,"Env":["MYSQL_DATABASE=adm_videos","MYSQL_PASSWORD=123456","MYSQL_ROOT_PASSWORD=123456","PATH=/usr/local/sbin:/usr/local/bin:/usr/sbin:/usr/bin:/sbin:/bin","GOSU_VERSION=1.16","MYSQL_MAJOR=8.0","MYSQL_VERSION=8.0.32-1.el8","MYSQL_SHELL_VERSION=8.0.32-1.el8"],"Cmd":["mysqld"],"Image":"mysql:latest","Volumes":{"/var/lib/mysql":{}},"WorkingDir":"","Entrypoint":["docker-entrypoint.sh"],"OnBuild":null,"Labels":{"org.testcontainers":"true","org.testcontainers.lang":"java","org.testcontainers.sessionId":"818a13d9-e138-4e41-b5a4-74fd927e6a2d","org.testcontainers.version":"1.17.6"}},"NetworkSettings":{"Bridge":"","SandboxID":"bd1f3a626f226e407a1a406212013b21c93b302c93f9fd53a405b7fc5ff825b3","HairpinMode":false,"LinkLocalIPv6Address":"","LinkLocalIPv6PrefixLen":0,"Ports":{"3306/tcp":[{"HostIp":"0.0.0.0","HostPort":"56289"}],"33060/tcp":null},"SandboxKey":"/var/run/docker/netns/bd1f3a626f22","SecondaryIPAddresses":null,"SecondaryIPv6Addresses":null,"EndpointID":"a2b725c0c5ce4503f8e45e0c2adc4455b29a53a4866d3f23b2bce893a084641f","Gateway":"172.17.0.1","GlobalIPv6Address":"","GlobalIPv6PrefixLen":0,"IPAddress":"172.17.0.3","IPPrefixLen":16,"IPv6Gateway":"","MacAddress":"02:42:ac:11:00:03","Networks":{"bridge":{"IPAMConfig":null,"Links":null,"Aliases":null,"NetworkID":"308e234c143065751b16b4500cb9f48d5c7fc2116504b3d816a5e51cd4771062","EndpointID":"a2b725c0c5ce4503f8e45e0c2adc4455b29a53a4866d3f23b2bce893a084641f","Gateway":"172.17.0.1","IPAddress":"172.17.0.3","IPPrefixLen":16,"IPv6Gateway":"","GlobalIPv6Address":"","GlobalIPv6PrefixLen":0,"MacAddress":"02:42:ac:11:00:03","DriverOpts":null}}}}[\n]"
23:55:06.175 [Test worker] DEBUG com.github.dockerjava.zerodep.shaded.org.apache.hc.client5.http.wire - http-outgoing-2 << "[\r][\n]"
23:55:06.176 [Test worker] DEBUG com.github.dockerjava.zerodep.shaded.org.apache.hc.client5.http.wire - http-outgoing-2 << "0[\r][\n]"
23:55:06.176 [Test worker] DEBUG com.github.dockerjava.zerodep.shaded.org.apache.hc.client5.http.wire - http-outgoing-2 << "[\r][\n]"
23:55:06.176 [Test worker] DEBUG com.github.dockerjava.zerodep.shaded.org.apache.hc.client5.http.impl.classic.InternalHttpClient - ep-00000025: releasing valid endpoint
23:55:06.176 [Test worker] DEBUG com.github.dockerjava.zerodep.shaded.org.apache.hc.client5.http.impl.io.PoolingHttpClientConnectionManager - ep-00000025: releasing endpoint
23:55:06.176 [Test worker] DEBUG com.github.dockerjava.zerodep.shaded.org.apache.hc.client5.http.impl.io.PoolingHttpClientConnectionManager - ep-00000025: connection http-outgoing-2 can be kept alive for 3 MINUTES
23:55:06.176 [Test worker] DEBUG com.github.dockerjava.zerodep.shaded.org.apache.hc.client5.http.impl.io.PoolingHttpClientConnectionManager - ep-00000025: connection released [route: {}->unix://localhost:2375][total available: 1; route allocated: 1 of 2147483647; total allocated: 1 of 2147483647]
23:55:06.176 [Test worker] DEBUG ]]>&#x1f433;<![CDATA[ [mysql:latest] - Trying to create JDBC connection using com.mysql.cj.jdbc.Driver to jdbc:mysql://localhost:56289/adm_videos?useSSL=false&allowPublicKeyRetrieval=true with properties: {password=123456, user=root}
23:55:06.280 [Test worker] DEBUG org.testcontainers.shaded.com.github.dockerjava.core.command.AbstrDockerCmd - Cmd: c37a42694b7d1cff581f5e7b89a60b044af4721181408c271e821f1413201ca6,false
23:55:06.280 [Test worker] DEBUG org.testcontainers.shaded.com.github.dockerjava.core.exec.InspectContainerCmdExec - GET: DefaultWebTarget{path=[/containers/c37a42694b7d1cff581f5e7b89a60b044af4721181408c271e821f1413201ca6/json], queryParams={}}
23:55:06.281 [Test worker] DEBUG com.github.dockerjava.zerodep.shaded.org.apache.hc.client5.http.impl.classic.InternalHttpClient - ex-00000027: preparing request execution
23:55:06.281 [Test worker] DEBUG com.github.dockerjava.zerodep.shaded.org.apache.hc.client5.http.protocol.RequestAddCookies - Cookie spec selected: strict
23:55:06.281 [Test worker] DEBUG com.github.dockerjava.zerodep.shaded.org.apache.hc.client5.http.protocol.RequestAuthCache - Auth cache not set in the context
23:55:06.281 [Test worker] DEBUG com.github.dockerjava.zerodep.shaded.org.apache.hc.client5.http.impl.classic.ProtocolExec - ex-00000027: target auth state: UNCHALLENGED
23:55:06.281 [Test worker] DEBUG com.github.dockerjava.zerodep.shaded.org.apache.hc.client5.http.impl.classic.ProtocolExec - ex-00000027: proxy auth state: UNCHALLENGED
23:55:06.281 [Test worker] DEBUG com.github.dockerjava.zerodep.shaded.org.apache.hc.client5.http.impl.classic.ConnectExec - ex-00000027: acquiring connection with route {}->unix://localhost:2375
23:55:06.281 [Test worker] DEBUG com.github.dockerjava.zerodep.shaded.org.apache.hc.client5.http.impl.classic.InternalHttpClient - ex-00000027: acquiring endpoint (3 MINUTES)
23:55:06.281 [Test worker] DEBUG com.github.dockerjava.zerodep.shaded.org.apache.hc.client5.http.impl.io.PoolingHttpClientConnectionManager - ex-00000027: endpoint lease request (3 MINUTES) [route: {}->unix://localhost:2375][total available: 1; route allocated: 1 of 2147483647; total allocated: 1 of 2147483647]
23:55:06.281 [Test worker] DEBUG com.github.dockerjava.zerodep.shaded.org.apache.hc.client5.http.impl.io.PoolingHttpClientConnectionManager - ex-00000027: endpoint leased [route: {}->unix://localhost:2375][total available: 0; route allocated: 1 of 2147483647; total allocated: 1 of 2147483647]
23:55:06.281 [Test worker] DEBUG com.github.dockerjava.zerodep.shaded.org.apache.hc.client5.http.impl.io.PoolingHttpClientConnectionManager - ex-00000027: acquired ep-00000026
23:55:06.281 [Test worker] DEBUG com.github.dockerjava.zerodep.shaded.org.apache.hc.client5.http.impl.classic.InternalHttpClient - ex-00000027: acquired endpoint ep-00000026
23:55:06.281 [Test worker] DEBUG com.github.dockerjava.zerodep.shaded.org.apache.hc.client5.http.impl.classic.MainClientExec - ex-00000027: executing GET /v1.32/containers/c37a42694b7d1cff581f5e7b89a60b044af4721181408c271e821f1413201ca6/json HTTP/1.1
23:55:06.281 [Test worker] DEBUG com.github.dockerjava.zerodep.shaded.org.apache.hc.client5.http.impl.classic.InternalHttpClient - ep-00000026: start execution ex-00000027
23:55:06.281 [Test worker] DEBUG com.github.dockerjava.zerodep.shaded.org.apache.hc.client5.http.impl.io.PoolingHttpClientConnectionManager - ep-00000026: executing exchange ex-00000027 over http-outgoing-2
23:55:06.281 [Test worker] DEBUG com.github.dockerjava.zerodep.shaded.org.apache.hc.client5.http.headers - http-outgoing-2 >> GET /v1.32/containers/c37a42694b7d1cff581f5e7b89a60b044af4721181408c271e821f1413201ca6/json HTTP/1.1
23:55:06.281 [Test worker] DEBUG com.github.dockerjava.zerodep.shaded.org.apache.hc.client5.http.headers - http-outgoing-2 >> accept: application/json
23:55:06.281 [Test worker] DEBUG com.github.dockerjava.zerodep.shaded.org.apache.hc.client5.http.headers - http-outgoing-2 >> x-tc-sid: 818a13d9-e138-4e41-b5a4-74fd927e6a2d
23:55:06.281 [Test worker] DEBUG com.github.dockerjava.zerodep.shaded.org.apache.hc.client5.http.headers - http-outgoing-2 >> Accept-Encoding: gzip, x-gzip, deflate
23:55:06.281 [Test worker] DEBUG com.github.dockerjava.zerodep.shaded.org.apache.hc.client5.http.headers - http-outgoing-2 >> Host: localhost:2375
23:55:06.281 [Test worker] DEBUG com.github.dockerjava.zerodep.shaded.org.apache.hc.client5.http.headers - http-outgoing-2 >> Connection: keep-alive
23:55:06.281 [Test worker] DEBUG com.github.dockerjava.zerodep.shaded.org.apache.hc.client5.http.headers - http-outgoing-2 >> User-Agent: Apache-HttpClient/5.0.3 (Java/17.0.2)
23:55:06.281 [Test worker] DEBUG com.github.dockerjava.zerodep.shaded.org.apache.hc.client5.http.wire - http-outgoing-2 >> "GET /v1.32/containers/c37a42694b7d1cff581f5e7b89a60b044af4721181408c271e821f1413201ca6/json HTTP/1.1[\r][\n]"
23:55:06.281 [Test worker] DEBUG com.github.dockerjava.zerodep.shaded.org.apache.hc.client5.http.wire - http-outgoing-2 >> "accept: application/json[\r][\n]"
23:55:06.281 [Test worker] DEBUG com.github.dockerjava.zerodep.shaded.org.apache.hc.client5.http.wire - http-outgoing-2 >> "x-tc-sid: 818a13d9-e138-4e41-b5a4-74fd927e6a2d[\r][\n]"
23:55:06.281 [Test worker] DEBUG com.github.dockerjava.zerodep.shaded.org.apache.hc.client5.http.wire - http-outgoing-2 >> "Accept-Encoding: gzip, x-gzip, deflate[\r][\n]"
23:55:06.281 [Test worker] DEBUG com.github.dockerjava.zerodep.shaded.org.apache.hc.client5.http.wire - http-outgoing-2 >> "Host: localhost:2375[\r][\n]"
23:55:06.281 [Test worker] DEBUG com.github.dockerjava.zerodep.shaded.org.apache.hc.client5.http.wire - http-outgoing-2 >> "Connection: keep-alive[\r][\n]"
23:55:06.281 [Test worker] DEBUG com.github.dockerjava.zerodep.shaded.org.apache.hc.client5.http.wire - http-outgoing-2 >> "User-Agent: Apache-HttpClient/5.0.3 (Java/17.0.2)[\r][\n]"
23:55:06.281 [Test worker] DEBUG com.github.dockerjava.zerodep.shaded.org.apache.hc.client5.http.wire - http-outgoing-2 >> "[\r][\n]"
23:55:06.287 [Test worker] DEBUG com.github.dockerjava.zerodep.shaded.org.apache.hc.client5.http.wire - http-outgoing-2 << "HTTP/1.1 200 OK[\r][\n]"
23:55:06.287 [Test worker] DEBUG com.github.dockerjava.zerodep.shaded.org.apache.hc.client5.http.wire - http-outgoing-2 << "Api-Version: 1.41[\r][\n]"
23:55:06.287 [Test worker] DEBUG com.github.dockerjava.zerodep.shaded.org.apache.hc.client5.http.wire - http-outgoing-2 << "Content-Type: application/json[\r][\n]"
23:55:06.287 [Test worker] DEBUG com.github.dockerjava.zerodep.shaded.org.apache.hc.client5.http.wire - http-outgoing-2 << "Date: Mon, 27 Mar 2023 02:55:06 GMT[\r][\n]"
23:55:06.287 [Test worker] DEBUG com.github.dockerjava.zerodep.shaded.org.apache.hc.client5.http.wire - http-outgoing-2 << "Docker-Experimental: false[\r][\n]"
23:55:06.288 [Test worker] DEBUG com.github.dockerjava.zerodep.shaded.org.apache.hc.client5.http.wire - http-outgoing-2 << "Ostype: linux[\r][\n]"
23:55:06.288 [Test worker] DEBUG com.github.dockerjava.zerodep.shaded.org.apache.hc.client5.http.wire - http-outgoing-2 << "Server: Docker/20.10.21 (linux)[\r][\n]"
23:55:06.288 [Test worker] DEBUG com.github.dockerjava.zerodep.shaded.org.apache.hc.client5.http.wire - http-outgoing-2 << "Transfer-Encoding: chunked[\r][\n]"
23:55:06.288 [Test worker] DEBUG com.github.dockerjava.zerodep.shaded.org.apache.hc.client5.http.wire - http-outgoing-2 << "[\r][\n]"
23:55:06.288 [Test worker] DEBUG com.github.dockerjava.zerodep.shaded.org.apache.hc.client5.http.headers - http-outgoing-2 << HTTP/1.1 200 OK
23:55:06.288 [Test worker] DEBUG com.github.dockerjava.zerodep.shaded.org.apache.hc.client5.http.headers - http-outgoing-2 << Api-Version: 1.41
23:55:06.288 [Test worker] DEBUG com.github.dockerjava.zerodep.shaded.org.apache.hc.client5.http.headers - http-outgoing-2 << Content-Type: application/json
23:55:06.288 [Test worker] DEBUG com.github.dockerjava.zerodep.shaded.org.apache.hc.client5.http.headers - http-outgoing-2 << Date: Mon, 27 Mar 2023 02:55:06 GMT
23:55:06.288 [Test worker] DEBUG com.github.dockerjava.zerodep.shaded.org.apache.hc.client5.http.headers - http-outgoing-2 << Docker-Experimental: false
23:55:06.288 [Test worker] DEBUG com.github.dockerjava.zerodep.shaded.org.apache.hc.client5.http.headers - http-outgoing-2 << Ostype: linux
23:55:06.288 [Test worker] DEBUG com.github.dockerjava.zerodep.shaded.org.apache.hc.client5.http.headers - http-outgoing-2 << Server: Docker/20.10.21 (linux)
23:55:06.288 [Test worker] DEBUG com.github.dockerjava.zerodep.shaded.org.apache.hc.client5.http.headers - http-outgoing-2 << Transfer-Encoding: chunked
23:55:06.288 [Test worker] DEBUG com.github.dockerjava.zerodep.shaded.org.apache.hc.client5.http.impl.classic.MainClientExec - ex-00000027: connection can be kept alive for 3 MINUTES
23:55:06.290 [Test worker] DEBUG com.github.dockerjava.zerodep.shaded.org.apache.hc.client5.http.wire - http-outgoing-2 << "18c1[\r][\n]"
23:55:06.291 [Test worker] DEBUG com.github.dockerjava.zerodep.shaded.org.apache.hc.client5.http.wire - http-outgoing-2 << "{"Id":"c37a42694b7d1cff581f5e7b89a60b044af4721181408c271e821f1413201ca6","Created":"2023-03-27T02:55:02.49734542Z","Path":"docker-entrypoint.sh","Args":["mysqld"],"State":{"Status":"running","Running":true,"Paused":false,"Restarting":false,"OOMKilled":false,"Dead":false,"Pid":18342,"ExitCode":0,"Error":"","StartedAt":"2023-03-27T02:55:03.12719392Z","FinishedAt":"0001-01-01T00:00:00Z"},"Image":"sha256:c7c54c29e20dccc1aefb936c8eba8bb8b98b87a4921102aba87fde2df5810af9","ResolvConfPath":"/var/lib/docker/containers/c37a42694b7d1cff581f5e7b89a60b044af4721181408c271e821f1413201ca6/resolv.conf","HostnamePath":"/var/lib/docker/containers/c37a42694b7d1cff581f5e7b89a60b044af4721181408c271e821f1413201ca6/hostname","HostsPath":"/var/lib/docker/containers/c37a42694b7d1cff581f5e7b89a60b044af4721181408c271e821f1413201ca6/hosts","LogPath":"/var/lib/docker/containers/c37a42694b7d1cff581f5e7b89a60b044af4721181408c271e821f1413201ca6/c37a42694b7d1cff581f5e7b89a60b044af4721181408c271e821f1413201ca6-json.log","Name":"/elegant_mahavira","RestartCount":0,"Driver":"overlay2","Platform":"linux","MountLabel":"","ProcessLabel":"","AppArmorProfile":"","ExecIDs":null,"HostConfig":{"Binds":[],"ContainerIDFile":"","LogConfig":{"Type":"json-file","Config":{}},"NetworkMode":"default","PortBindings":{"3306/tcp":[{"HostIp":"0.0.0.0","HostPort":"0"}]},"RestartPolicy":{"Name":"","MaximumRetryCount":0},"AutoRemove":false,"VolumeDriver":"","VolumesFrom":[],"CapAdd":null,"CapDrop":null,"CgroupnsMode":"private","Dns":null,"DnsOptions":null,"DnsSearch":null,"ExtraHosts":[],"GroupAdd":null,"IpcMode":"shareable","Cgroup":"","Links":null,"OomScoreAdj":0,"PidMode":"","Privileged":false,"PublishAllPorts":false,"ReadonlyRootfs":false,"SecurityOpt":null,"UTSMode":"","UsernsMode":"","ShmSize":67108864,"Runtime":"runc","ConsoleSize":[0,0],"Isolation":"","CpuShares":0,"Memory":0,"NanoCpus":0,"CgroupParent":"","BlkioWeight":0,"BlkioWeightDevice":null,"BlkioDeviceReadBps":null,"BlkioDeviceWriteBps":null,"BlkioDeviceReadIOps":null,"BlkioDeviceWriteIOps":null,"CpuPeriod":0,"CpuQuota":0,"CpuRealtimePeriod":0,"CpuRealtimeRuntime":0,"CpusetCpus":"","CpusetMems":"","Devices":null,"DeviceCgroupRules":null,"DeviceRequests":null,"KernelMemory":0,"KernelMemoryTCP":0,"MemoryReservation":0,"MemorySwap":0,"MemorySwappiness":null,"OomKillDisable":null,"PidsLimit":null,"Ulimits":null,"CpuCount":0,"CpuPercent":0,"IOMaximumIOps":0,"IOMaximumBandwidth":0,"MaskedPaths":["/proc/asound","/proc/acpi","/proc/kcore","/proc/keys","/proc/latency_stats","/proc/timer_list","/proc/timer_stats","/proc/sched_debug","/proc/scsi","/sys/firmware"],"ReadonlyPaths":["/proc/bus","/proc/fs","/proc/irq","/proc/sys","/proc/sysrq-trigger"]},"GraphDriver":{"Data":{"LowerDir":"/var/lib/docker/overlay2/2c15a904a49807090175d7750f18e0f6a57e99c38a424839679cbaf676a4d500-init/diff:/var/lib/docker/overlay2/1bd8849d7a296305617011f940aa5cfabbe972a513397b1b6bbc27639b6c1f30/diff:/var/lib/docker/overlay2/199d69b2fbf78af4d4c95dec4fd2f8835ab0347eb49fb20ebb2ff3b99fedd6ad/diff:/var/lib/docker/overlay2/d83c38d654989311f75b9491329846033bfb7714de76ef635380dcfad5c740d9/diff:/var/lib/docker/overlay2/08600d0aea2ab2728bebcf5d2589c640a842f53d1ba3c4a4adccb4d03b923cf6/diff:/var/lib/docker/overlay2/9ec7c63a3fb14d13ac788bbf5e282ca821edc41260b79944e5e631037d13ecda/diff:/var/lib/docker/overlay2/db601d7a1b4ea6da638db620462f0da96fa55c559d02269c9ddb09027936ed87/diff:/var/lib/docker/overlay2/a6d2bd03f942e2565f21e74cfe152c7ec836a1c2b583f0790c685b92bdcfda24/diff:/var/lib/docker/overlay2/9badd16ea2c5e2bf1fde8b579683e41137dfc46ed5449234149f199a6751cc84/diff:/var/lib/docker/overlay2/6efb85646ed12e2d1181ef4cc6f6f6732c00c15a4035fe17ebc4f075ca573c30/diff:/var/lib/docker/overlay2/895d7c0ec09144d6ed33936f4e98e11c18010f7abd708cae1ce43aec7a7f2621/diff:/var/lib/docker/overlay2/1c4ba77aa573ab6e5e5069fd15eae71b3da940bde0f97a922a227ffc8a1d1096/diff","MergedDir":"/var/lib/docker/overlay2/2c15a904a49807090175d7750f18e0f6a57e99c38a424839679cbaf676a4d500/merged","UpperDir":"/var/lib/docker/overlay2/2c15a904a49807090175d7750f18e0f6a57e99c38a424839679cbaf676a4d500/diff","WorkDir":"/var/lib/docker/overlay2/2c15a904a49807090175d7750f18e0f6a57e99c38a424839679cbaf676a4d500/work"},"Name":"overlay2"},"Mounts":[{"Type":"volume","Name":"44a9389ce95a2961210e86afd6afe42b23405f43157b5dc00e010d283c01df79","Source":"/var/lib/docker/volumes/44a9389ce95a2961210e86afd6afe42b23405f43157b5dc00e010d283c01df79/_data","Destination":"/var/lib/mysql","Driver":"local","Mode":"","RW":true,"Propagation":""}],"Config":{"Hostname":"c37a42694b7d","Domainname":"","User":"","AttachStdin":false,"AttachStdout":false,"AttachStderr":false,"ExposedPorts":{"3306/tcp":{},"33060/tcp":{}},"Tty":false,"OpenStdin":false,"StdinOnce":false,"Env":["MYSQL_DATABASE=adm_videos","MYSQL_PASSWORD=123456","MYSQL_ROOT_PASSWORD=123456","PATH=/usr/local/sbin:/usr/local/bin:/usr/sbin:/usr/bin:/sbin:/bin","GOSU_VERSION=1.16","MYSQL_MAJOR=8.0","MYSQL_VERSION=8.0.32-1.el8","MYSQL_SHELL_VERSION=8.0.32-1.el8"],"Cmd":["mysqld"],"Image":"mysql:latest","Volumes":{"/var/lib/mysql":{}},"WorkingDir":"","Entrypoint":["docker-entrypoint.sh"],"OnBuild":null,"Labels":{"org.testcontainers":"true","org.testcontainers.lang":"java","org.testcontainers.sessionId":"818a13d9-e138-4e41-b5a4-74fd927e6a2d","org.testcontainers.version":"1.17.6"}},"NetworkSettings":{"Bridge":"","SandboxID":"bd1f3a626f226e407a1a406212013b21c93b302c93f9fd53a405b7fc5ff825b3","HairpinMode":false,"LinkLocalIPv6Address":"","LinkLocalIPv6PrefixLen":0,"Ports":{"3306/tcp":[{"HostIp":"0.0.0.0","HostPort":"56289"}],"33060/tcp":null},"SandboxKey":"/var/run/docker/netns/bd1f3a626f22","SecondaryIPAddresses":null,"SecondaryIPv6Addresses":null,"EndpointID":"a2b725c0c5ce4503f8e45e0c2adc4455b29a53a4866d3f23b2bce893a084641f","Gateway":"172.17.0.1","GlobalIPv6Address":"","GlobalIPv6PrefixLen":0,"IPAddress":"172.17.0.3","IPPrefixLen":16,"IPv6Gateway":"","MacAddress":"02:42:ac:11:00:03","Networks":{"bridge":{"IPAMConfig":null,"Links":null,"Aliases":null,"NetworkID":"308e234c143065751b16b4500cb9f48d5c7fc2116504b3d816a5e51cd4771062","EndpointID":"a2b725c0c5ce4503f8e45e0c2adc4455b29a53a4866d3f23b2bce893a084641f","Gateway":"172.17.0.1","IPAddress":"172.17.0.3","IPPrefixLen":16,"IPv6Gateway":"","GlobalIPv6Address":"","GlobalIPv6PrefixLen":0,"MacAddress":"02:42:ac:11:00:03","DriverOpts":null}}}}[\n]"
23:55:06.291 [Test worker] DEBUG com.github.dockerjava.zerodep.shaded.org.apache.hc.client5.http.wire - http-outgoing-2 << "[\r][\n]"
23:55:06.291 [Test worker] DEBUG com.github.dockerjava.zerodep.shaded.org.apache.hc.client5.http.wire - http-outgoing-2 << "0[\r][\n]"
23:55:06.292 [Test worker] DEBUG com.github.dockerjava.zerodep.shaded.org.apache.hc.client5.http.wire - http-outgoing-2 << "[\r][\n]"
23:55:06.292 [Test worker] DEBUG com.github.dockerjava.zerodep.shaded.org.apache.hc.client5.http.impl.classic.InternalHttpClient - ep-00000026: releasing valid endpoint
23:55:06.292 [Test worker] DEBUG com.github.dockerjava.zerodep.shaded.org.apache.hc.client5.http.impl.io.PoolingHttpClientConnectionManager - ep-00000026: releasing endpoint
23:55:06.292 [Test worker] DEBUG com.github.dockerjava.zerodep.shaded.org.apache.hc.client5.http.impl.io.PoolingHttpClientConnectionManager - ep-00000026: connection http-outgoing-2 can be kept alive for 3 MINUTES
23:55:06.292 [Test worker] DEBUG com.github.dockerjava.zerodep.shaded.org.apache.hc.client5.http.impl.io.PoolingHttpClientConnectionManager - ep-00000026: connection released [route: {}->unix://localhost:2375][total available: 1; route allocated: 1 of 2147483647; total allocated: 1 of 2147483647]
23:55:06.292 [Test worker] DEBUG ]]>&#x1f433;<![CDATA[ [mysql:latest] - Trying to create JDBC connection using com.mysql.cj.jdbc.Driver to jdbc:mysql://localhost:56289/adm_videos?useSSL=false&allowPublicKeyRetrieval=true with properties: {password=123456, user=root}
23:55:06.396 [Test worker] DEBUG org.testcontainers.shaded.com.github.dockerjava.core.command.AbstrDockerCmd - Cmd: c37a42694b7d1cff581f5e7b89a60b044af4721181408c271e821f1413201ca6,false
23:55:06.396 [Test worker] DEBUG org.testcontainers.shaded.com.github.dockerjava.core.exec.InspectContainerCmdExec - GET: DefaultWebTarget{path=[/containers/c37a42694b7d1cff581f5e7b89a60b044af4721181408c271e821f1413201ca6/json], queryParams={}}
23:55:06.396 [Test worker] DEBUG com.github.dockerjava.zerodep.shaded.org.apache.hc.client5.http.impl.classic.InternalHttpClient - ex-00000028: preparing request execution
23:55:06.396 [Test worker] DEBUG com.github.dockerjava.zerodep.shaded.org.apache.hc.client5.http.protocol.RequestAddCookies - Cookie spec selected: strict
23:55:06.396 [Test worker] DEBUG com.github.dockerjava.zerodep.shaded.org.apache.hc.client5.http.protocol.RequestAuthCache - Auth cache not set in the context
23:55:06.396 [Test worker] DEBUG com.github.dockerjava.zerodep.shaded.org.apache.hc.client5.http.impl.classic.ProtocolExec - ex-00000028: target auth state: UNCHALLENGED
23:55:06.396 [Test worker] DEBUG com.github.dockerjava.zerodep.shaded.org.apache.hc.client5.http.impl.classic.ProtocolExec - ex-00000028: proxy auth state: UNCHALLENGED
23:55:06.396 [Test worker] DEBUG com.github.dockerjava.zerodep.shaded.org.apache.hc.client5.http.impl.classic.ConnectExec - ex-00000028: acquiring connection with route {}->unix://localhost:2375
23:55:06.396 [Test worker] DEBUG com.github.dockerjava.zerodep.shaded.org.apache.hc.client5.http.impl.classic.InternalHttpClient - ex-00000028: acquiring endpoint (3 MINUTES)
23:55:06.397 [Test worker] DEBUG com.github.dockerjava.zerodep.shaded.org.apache.hc.client5.http.impl.io.PoolingHttpClientConnectionManager - ex-00000028: endpoint lease request (3 MINUTES) [route: {}->unix://localhost:2375][total available: 1; route allocated: 1 of 2147483647; total allocated: 1 of 2147483647]
23:55:06.397 [Test worker] DEBUG com.github.dockerjava.zerodep.shaded.org.apache.hc.client5.http.impl.io.PoolingHttpClientConnectionManager - ex-00000028: endpoint leased [route: {}->unix://localhost:2375][total available: 0; route allocated: 1 of 2147483647; total allocated: 1 of 2147483647]
23:55:06.397 [Test worker] DEBUG com.github.dockerjava.zerodep.shaded.org.apache.hc.client5.http.impl.io.PoolingHttpClientConnectionManager - ex-00000028: acquired ep-00000027
23:55:06.397 [Test worker] DEBUG com.github.dockerjava.zerodep.shaded.org.apache.hc.client5.http.impl.classic.InternalHttpClient - ex-00000028: acquired endpoint ep-00000027
23:55:06.397 [Test worker] DEBUG com.github.dockerjava.zerodep.shaded.org.apache.hc.client5.http.impl.classic.MainClientExec - ex-00000028: executing GET /v1.32/containers/c37a42694b7d1cff581f5e7b89a60b044af4721181408c271e821f1413201ca6/json HTTP/1.1
23:55:06.397 [Test worker] DEBUG com.github.dockerjava.zerodep.shaded.org.apache.hc.client5.http.impl.classic.InternalHttpClient - ep-00000027: start execution ex-00000028
23:55:06.397 [Test worker] DEBUG com.github.dockerjava.zerodep.shaded.org.apache.hc.client5.http.impl.io.PoolingHttpClientConnectionManager - ep-00000027: executing exchange ex-00000028 over http-outgoing-2
23:55:06.397 [Test worker] DEBUG com.github.dockerjava.zerodep.shaded.org.apache.hc.client5.http.headers - http-outgoing-2 >> GET /v1.32/containers/c37a42694b7d1cff581f5e7b89a60b044af4721181408c271e821f1413201ca6/json HTTP/1.1
23:55:06.397 [Test worker] DEBUG com.github.dockerjava.zerodep.shaded.org.apache.hc.client5.http.headers - http-outgoing-2 >> accept: application/json
23:55:06.397 [Test worker] DEBUG com.github.dockerjava.zerodep.shaded.org.apache.hc.client5.http.headers - http-outgoing-2 >> x-tc-sid: 818a13d9-e138-4e41-b5a4-74fd927e6a2d
23:55:06.397 [Test worker] DEBUG com.github.dockerjava.zerodep.shaded.org.apache.hc.client5.http.headers - http-outgoing-2 >> Accept-Encoding: gzip, x-gzip, deflate
23:55:06.397 [Test worker] DEBUG com.github.dockerjava.zerodep.shaded.org.apache.hc.client5.http.headers - http-outgoing-2 >> Host: localhost:2375
23:55:06.397 [Test worker] DEBUG com.github.dockerjava.zerodep.shaded.org.apache.hc.client5.http.headers - http-outgoing-2 >> Connection: keep-alive
23:55:06.397 [Test worker] DEBUG com.github.dockerjava.zerodep.shaded.org.apache.hc.client5.http.headers - http-outgoing-2 >> User-Agent: Apache-HttpClient/5.0.3 (Java/17.0.2)
23:55:06.397 [Test worker] DEBUG com.github.dockerjava.zerodep.shaded.org.apache.hc.client5.http.wire - http-outgoing-2 >> "GET /v1.32/containers/c37a42694b7d1cff581f5e7b89a60b044af4721181408c271e821f1413201ca6/json HTTP/1.1[\r][\n]"
23:55:06.397 [Test worker] DEBUG com.github.dockerjava.zerodep.shaded.org.apache.hc.client5.http.wire - http-outgoing-2 >> "accept: application/json[\r][\n]"
23:55:06.397 [Test worker] DEBUG com.github.dockerjava.zerodep.shaded.org.apache.hc.client5.http.wire - http-outgoing-2 >> "x-tc-sid: 818a13d9-e138-4e41-b5a4-74fd927e6a2d[\r][\n]"
23:55:06.397 [Test worker] DEBUG com.github.dockerjava.zerodep.shaded.org.apache.hc.client5.http.wire - http-outgoing-2 >> "Accept-Encoding: gzip, x-gzip, deflate[\r][\n]"
23:55:06.397 [Test worker] DEBUG com.github.dockerjava.zerodep.shaded.org.apache.hc.client5.http.wire - http-outgoing-2 >> "Host: localhost:2375[\r][\n]"
23:55:06.397 [Test worker] DEBUG com.github.dockerjava.zerodep.shaded.org.apache.hc.client5.http.wire - http-outgoing-2 >> "Connection: keep-alive[\r][\n]"
23:55:06.397 [Test worker] DEBUG com.github.dockerjava.zerodep.shaded.org.apache.hc.client5.http.wire - http-outgoing-2 >> "User-Agent: Apache-HttpClient/5.0.3 (Java/17.0.2)[\r][\n]"
23:55:06.397 [Test worker] DEBUG com.github.dockerjava.zerodep.shaded.org.apache.hc.client5.http.wire - http-outgoing-2 >> "[\r][\n]"
23:55:06.399 [Test worker] DEBUG com.github.dockerjava.zerodep.shaded.org.apache.hc.client5.http.wire - http-outgoing-2 << "HTTP/1.1 200 OK[\r][\n]"
23:55:06.399 [Test worker] DEBUG com.github.dockerjava.zerodep.shaded.org.apache.hc.client5.http.wire - http-outgoing-2 << "Api-Version: 1.41[\r][\n]"
23:55:06.399 [Test worker] DEBUG com.github.dockerjava.zerodep.shaded.org.apache.hc.client5.http.wire - http-outgoing-2 << "Content-Type: application/json[\r][\n]"
23:55:06.399 [Test worker] DEBUG com.github.dockerjava.zerodep.shaded.org.apache.hc.client5.http.wire - http-outgoing-2 << "Date: Mon, 27 Mar 2023 02:55:06 GMT[\r][\n]"
23:55:06.399 [Test worker] DEBUG com.github.dockerjava.zerodep.shaded.org.apache.hc.client5.http.wire - http-outgoing-2 << "Docker-Experimental: false[\r][\n]"
23:55:06.399 [Test worker] DEBUG com.github.dockerjava.zerodep.shaded.org.apache.hc.client5.http.wire - http-outgoing-2 << "Ostype: linux[\r][\n]"
23:55:06.399 [Test worker] DEBUG com.github.dockerjava.zerodep.shaded.org.apache.hc.client5.http.wire - http-outgoing-2 << "Server: Docker/20.10.21 (linux)[\r][\n]"
23:55:06.399 [Test worker] DEBUG com.github.dockerjava.zerodep.shaded.org.apache.hc.client5.http.wire - http-outgoing-2 << "Transfer-Encoding: chunked[\r][\n]"
23:55:06.399 [Test worker] DEBUG com.github.dockerjava.zerodep.shaded.org.apache.hc.client5.http.wire - http-outgoing-2 << "[\r][\n]"
23:55:06.399 [Test worker] DEBUG com.github.dockerjava.zerodep.shaded.org.apache.hc.client5.http.headers - http-outgoing-2 << HTTP/1.1 200 OK
23:55:06.399 [Test worker] DEBUG com.github.dockerjava.zerodep.shaded.org.apache.hc.client5.http.headers - http-outgoing-2 << Api-Version: 1.41
23:55:06.399 [Test worker] DEBUG com.github.dockerjava.zerodep.shaded.org.apache.hc.client5.http.headers - http-outgoing-2 << Content-Type: application/json
23:55:06.399 [Test worker] DEBUG com.github.dockerjava.zerodep.shaded.org.apache.hc.client5.http.headers - http-outgoing-2 << Date: Mon, 27 Mar 2023 02:55:06 GMT
23:55:06.399 [Test worker] DEBUG com.github.dockerjava.zerodep.shaded.org.apache.hc.client5.http.headers - http-outgoing-2 << Docker-Experimental: false
23:55:06.399 [Test worker] DEBUG com.github.dockerjava.zerodep.shaded.org.apache.hc.client5.http.headers - http-outgoing-2 << Ostype: linux
23:55:06.399 [Test worker] DEBUG com.github.dockerjava.zerodep.shaded.org.apache.hc.client5.http.headers - http-outgoing-2 << Server: Docker/20.10.21 (linux)
23:55:06.399 [Test worker] DEBUG com.github.dockerjava.zerodep.shaded.org.apache.hc.client5.http.headers - http-outgoing-2 << Transfer-Encoding: chunked
23:55:06.400 [Test worker] DEBUG com.github.dockerjava.zerodep.shaded.org.apache.hc.client5.http.impl.classic.MainClientExec - ex-00000028: connection can be kept alive for 3 MINUTES
23:55:06.401 [Test worker] DEBUG com.github.dockerjava.zerodep.shaded.org.apache.hc.client5.http.wire - http-outgoing-2 << "18c1[\r][\n]"
23:55:06.401 [Test worker] DEBUG com.github.dockerjava.zerodep.shaded.org.apache.hc.client5.http.wire - http-outgoing-2 << "{"Id":"c37a42694b7d1cff581f5e7b89a60b044af4721181408c271e821f1413201ca6","Created":"2023-03-27T02:55:02.49734542Z","Path":"docker-entrypoint.sh","Args":["mysqld"],"State":{"Status":"running","Running":true,"Paused":false,"Restarting":false,"OOMKilled":false,"Dead":false,"Pid":18342,"ExitCode":0,"Error":"","StartedAt":"2023-03-27T02:55:03.12719392Z","FinishedAt":"0001-01-01T00:00:00Z"},"Image":"sha256:c7c54c29e20dccc1aefb936c8eba8bb8b98b87a4921102aba87fde2df5810af9","ResolvConfPath":"/var/lib/docker/containers/c37a42694b7d1cff581f5e7b89a60b044af4721181408c271e821f1413201ca6/resolv.conf","HostnamePath":"/var/lib/docker/containers/c37a42694b7d1cff581f5e7b89a60b044af4721181408c271e821f1413201ca6/hostname","HostsPath":"/var/lib/docker/containers/c37a42694b7d1cff581f5e7b89a60b044af4721181408c271e821f1413201ca6/hosts","LogPath":"/var/lib/docker/containers/c37a42694b7d1cff581f5e7b89a60b044af4721181408c271e821f1413201ca6/c37a42694b7d1cff581f5e7b89a60b044af4721181408c271e821f1413201ca6-json.log","Name":"/elegant_mahavira","RestartCount":0,"Driver":"overlay2","Platform":"linux","MountLabel":"","ProcessLabel":"","AppArmorProfile":"","ExecIDs":null,"HostConfig":{"Binds":[],"ContainerIDFile":"","LogConfig":{"Type":"json-file","Config":{}},"NetworkMode":"default","PortBindings":{"3306/tcp":[{"HostIp":"0.0.0.0","HostPort":"0"}]},"RestartPolicy":{"Name":"","MaximumRetryCount":0},"AutoRemove":false,"VolumeDriver":"","VolumesFrom":[],"CapAdd":null,"CapDrop":null,"CgroupnsMode":"private","Dns":null,"DnsOptions":null,"DnsSearch":null,"ExtraHosts":[],"GroupAdd":null,"IpcMode":"shareable","Cgroup":"","Links":null,"OomScoreAdj":0,"PidMode":"","Privileged":false,"PublishAllPorts":false,"ReadonlyRootfs":false,"SecurityOpt":null,"UTSMode":"","UsernsMode":"","ShmSize":67108864,"Runtime":"runc","ConsoleSize":[0,0],"Isolation":"","CpuShares":0,"Memory":0,"NanoCpus":0,"CgroupParent":"","BlkioWeight":0,"BlkioWeightDevice":null,"BlkioDeviceReadBps":null,"BlkioDeviceWriteBps":null,"BlkioDeviceReadIOps":null,"BlkioDeviceWriteIOps":null,"CpuPeriod":0,"CpuQuota":0,"CpuRealtimePeriod":0,"CpuRealtimeRuntime":0,"CpusetCpus":"","CpusetMems":"","Devices":null,"DeviceCgroupRules":null,"DeviceRequests":null,"KernelMemory":0,"KernelMemoryTCP":0,"MemoryReservation":0,"MemorySwap":0,"MemorySwappiness":null,"OomKillDisable":null,"PidsLimit":null,"Ulimits":null,"CpuCount":0,"CpuPercent":0,"IOMaximumIOps":0,"IOMaximumBandwidth":0,"MaskedPaths":["/proc/asound","/proc/acpi","/proc/kcore","/proc/keys","/proc/latency_stats","/proc/timer_list","/proc/timer_stats","/proc/sched_debug","/proc/scsi","/sys/firmware"],"ReadonlyPaths":["/proc/bus","/proc/fs","/proc/irq","/proc/sys","/proc/sysrq-trigger"]},"GraphDriver":{"Data":{"LowerDir":"/var/lib/docker/overlay2/2c15a904a49807090175d7750f18e0f6a57e99c38a424839679cbaf676a4d500-init/diff:/var/lib/docker/overlay2/1bd8849d7a296305617011f940aa5cfabbe972a513397b1b6bbc27639b6c1f30/diff:/var/lib/docker/overlay2/199d69b2fbf78af4d4c95dec4fd2f8835ab0347eb49fb20ebb2ff3b99fedd6ad/diff:/var/lib/docker/overlay2/d83c38d654989311f75b9491329846033bfb7714de76ef635380dcfad5c740d9/diff:/var/lib/docker/overlay2/08600d0aea2ab2728bebcf5d2589c640a842f53d1ba3c4a4adccb4d03b923cf6/diff:/var/lib/docker/overlay2/9ec7c63a3fb14d13ac788bbf5e282ca821edc41260b79944e5e631037d13ecda/diff:/var/lib/docker/overlay2/db601d7a1b4ea6da638db620462f0da96fa55c559d02269c9ddb09027936ed87/diff:/var/lib/docker/overlay2/a6d2bd03f942e2565f21e74cfe152c7ec836a1c2b583f0790c685b92bdcfda24/diff:/var/lib/docker/overlay2/9badd16ea2c5e2bf1fde8b579683e41137dfc46ed5449234149f199a6751cc84/diff:/var/lib/docker/overlay2/6efb85646ed12e2d1181ef4cc6f6f6732c00c15a4035fe17ebc4f075ca573c30/diff:/var/lib/docker/overlay2/895d7c0ec09144d6ed33936f4e98e11c18010f7abd708cae1ce43aec7a7f2621/diff:/var/lib/docker/overlay2/1c4ba77aa573ab6e5e5069fd15eae71b3da940bde0f97a922a227ffc8a1d1096/diff","MergedDir":"/var/lib/docker/overlay2/2c15a904a49807090175d7750f18e0f6a57e99c38a424839679cbaf676a4d500/merged","UpperDir":"/var/lib/docker/overlay2/2c15a904a49807090175d7750f18e0f6a57e99c38a424839679cbaf676a4d500/diff","WorkDir":"/var/lib/docker/overlay2/2c15a904a49807090175d7750f18e0f6a57e99c38a424839679cbaf676a4d500/work"},"Name":"overlay2"},"Mounts":[{"Type":"volume","Name":"44a9389ce95a2961210e86afd6afe42b23405f43157b5dc00e010d283c01df79","Source":"/var/lib/docker/volumes/44a9389ce95a2961210e86afd6afe42b23405f43157b5dc00e010d283c01df79/_data","Destination":"/var/lib/mysql","Driver":"local","Mode":"","RW":true,"Propagation":""}],"Config":{"Hostname":"c37a42694b7d","Domainname":"","User":"","AttachStdin":false,"AttachStdout":false,"AttachStderr":false,"ExposedPorts":{"3306/tcp":{},"33060/tcp":{}},"Tty":false,"OpenStdin":false,"StdinOnce":false,"Env":["MYSQL_DATABASE=adm_videos","MYSQL_PASSWORD=123456","MYSQL_ROOT_PASSWORD=123456","PATH=/usr/local/sbin:/usr/local/bin:/usr/sbin:/usr/bin:/sbin:/bin","GOSU_VERSION=1.16","MYSQL_MAJOR=8.0","MYSQL_VERSION=8.0.32-1.el8","MYSQL_SHELL_VERSION=8.0.32-1.el8"],"Cmd":["mysqld"],"Image":"mysql:latest","Volumes":{"/var/lib/mysql":{}},"WorkingDir":"","Entrypoint":["docker-entrypoint.sh"],"OnBuild":null,"Labels":{"org.testcontainers":"true","org.testcontainers.lang":"java","org.testcontainers.sessionId":"818a13d9-e138-4e41-b5a4-74fd927e6a2d","org.testcontainers.version":"1.17.6"}},"NetworkSettings":{"Bridge":"","SandboxID":"bd1f3a626f226e407a1a406212013b21c93b302c93f9fd53a405b7fc5ff825b3","HairpinMode":false,"LinkLocalIPv6Address":"","LinkLocalIPv6PrefixLen":0,"Ports":{"3306/tcp":[{"HostIp":"0.0.0.0","HostPort":"56289"}],"33060/tcp":null},"SandboxKey":"/var/run/docker/netns/bd1f3a626f22","SecondaryIPAddresses":null,"SecondaryIPv6Addresses":null,"EndpointID":"a2b725c0c5ce4503f8e45e0c2adc4455b29a53a4866d3f23b2bce893a084641f","Gateway":"172.17.0.1","GlobalIPv6Address":"","GlobalIPv6PrefixLen":0,"IPAddress":"172.17.0.3","IPPrefixLen":16,"IPv6Gateway":"","MacAddress":"02:42:ac:11:00:03","Networks":{"bridge":{"IPAMConfig":null,"Links":null,"Aliases":null,"NetworkID":"308e234c143065751b16b4500cb9f48d5c7fc2116504b3d816a5e51cd4771062","EndpointID":"a2b725c0c5ce4503f8e45e0c2adc4455b29a53a4866d3f23b2bce893a084641f","Gateway":"172.17.0.1","IPAddress":"172.17.0.3","IPPrefixLen":16,"IPv6Gateway":"","GlobalIPv6Address":"","GlobalIPv6PrefixLen":0,"MacAddress":"02:42:ac:11:00:03","DriverOpts":null}}}}[\n]"
23:55:06.401 [Test worker] DEBUG com.github.dockerjava.zerodep.shaded.org.apache.hc.client5.http.wire - http-outgoing-2 << "[\r][\n]"
23:55:06.402 [Test worker] DEBUG com.github.dockerjava.zerodep.shaded.org.apache.hc.client5.http.wire - http-outgoing-2 << "0[\r][\n]"
23:55:06.402 [Test worker] DEBUG com.github.dockerjava.zerodep.shaded.org.apache.hc.client5.http.wire - http-outgoing-2 << "[\r][\n]"
23:55:06.402 [Test worker] DEBUG com.github.dockerjava.zerodep.shaded.org.apache.hc.client5.http.impl.classic.InternalHttpClient - ep-00000027: releasing valid endpoint
23:55:06.402 [Test worker] DEBUG com.github.dockerjava.zerodep.shaded.org.apache.hc.client5.http.impl.io.PoolingHttpClientConnectionManager - ep-00000027: releasing endpoint
23:55:06.402 [Test worker] DEBUG com.github.dockerjava.zerodep.shaded.org.apache.hc.client5.http.impl.io.PoolingHttpClientConnectionManager - ep-00000027: connection http-outgoing-2 can be kept alive for 3 MINUTES
23:55:06.402 [Test worker] DEBUG com.github.dockerjava.zerodep.shaded.org.apache.hc.client5.http.impl.io.PoolingHttpClientConnectionManager - ep-00000027: connection released [route: {}->unix://localhost:2375][total available: 1; route allocated: 1 of 2147483647; total allocated: 1 of 2147483647]
23:55:06.402 [Test worker] DEBUG ]]>&#x1f433;<![CDATA[ [mysql:latest] - Trying to create JDBC connection using com.mysql.cj.jdbc.Driver to jdbc:mysql://localhost:56289/adm_videos?useSSL=false&allowPublicKeyRetrieval=true with properties: {password=123456, user=root}
23:55:06.507 [Test worker] DEBUG org.testcontainers.shaded.com.github.dockerjava.core.command.AbstrDockerCmd - Cmd: c37a42694b7d1cff581f5e7b89a60b044af4721181408c271e821f1413201ca6,false
23:55:06.508 [Test worker] DEBUG org.testcontainers.shaded.com.github.dockerjava.core.exec.InspectContainerCmdExec - GET: DefaultWebTarget{path=[/containers/c37a42694b7d1cff581f5e7b89a60b044af4721181408c271e821f1413201ca6/json], queryParams={}}
23:55:06.508 [Test worker] DEBUG com.github.dockerjava.zerodep.shaded.org.apache.hc.client5.http.impl.classic.InternalHttpClient - ex-00000029: preparing request execution
23:55:06.508 [Test worker] DEBUG com.github.dockerjava.zerodep.shaded.org.apache.hc.client5.http.protocol.RequestAddCookies - Cookie spec selected: strict
23:55:06.508 [Test worker] DEBUG com.github.dockerjava.zerodep.shaded.org.apache.hc.client5.http.protocol.RequestAuthCache - Auth cache not set in the context
23:55:06.508 [Test worker] DEBUG com.github.dockerjava.zerodep.shaded.org.apache.hc.client5.http.impl.classic.ProtocolExec - ex-00000029: target auth state: UNCHALLENGED
23:55:06.508 [Test worker] DEBUG com.github.dockerjava.zerodep.shaded.org.apache.hc.client5.http.impl.classic.ProtocolExec - ex-00000029: proxy auth state: UNCHALLENGED
23:55:06.508 [Test worker] DEBUG com.github.dockerjava.zerodep.shaded.org.apache.hc.client5.http.impl.classic.ConnectExec - ex-00000029: acquiring connection with route {}->unix://localhost:2375
23:55:06.508 [Test worker] DEBUG com.github.dockerjava.zerodep.shaded.org.apache.hc.client5.http.impl.classic.InternalHttpClient - ex-00000029: acquiring endpoint (3 MINUTES)
23:55:06.508 [Test worker] DEBUG com.github.dockerjava.zerodep.shaded.org.apache.hc.client5.http.impl.io.PoolingHttpClientConnectionManager - ex-00000029: endpoint lease request (3 MINUTES) [route: {}->unix://localhost:2375][total available: 1; route allocated: 1 of 2147483647; total allocated: 1 of 2147483647]
23:55:06.508 [Test worker] DEBUG com.github.dockerjava.zerodep.shaded.org.apache.hc.client5.http.impl.io.PoolingHttpClientConnectionManager - ex-00000029: endpoint leased [route: {}->unix://localhost:2375][total available: 0; route allocated: 1 of 2147483647; total allocated: 1 of 2147483647]
23:55:06.509 [Test worker] DEBUG com.github.dockerjava.zerodep.shaded.org.apache.hc.client5.http.impl.io.PoolingHttpClientConnectionManager - ex-00000029: acquired ep-00000028
23:55:06.509 [Test worker] DEBUG com.github.dockerjava.zerodep.shaded.org.apache.hc.client5.http.impl.classic.InternalHttpClient - ex-00000029: acquired endpoint ep-00000028
23:55:06.509 [Test worker] DEBUG com.github.dockerjava.zerodep.shaded.org.apache.hc.client5.http.impl.classic.MainClientExec - ex-00000029: executing GET /v1.32/containers/c37a42694b7d1cff581f5e7b89a60b044af4721181408c271e821f1413201ca6/json HTTP/1.1
23:55:06.509 [Test worker] DEBUG com.github.dockerjava.zerodep.shaded.org.apache.hc.client5.http.impl.classic.InternalHttpClient - ep-00000028: start execution ex-00000029
23:55:06.509 [Test worker] DEBUG com.github.dockerjava.zerodep.shaded.org.apache.hc.client5.http.impl.io.PoolingHttpClientConnectionManager - ep-00000028: executing exchange ex-00000029 over http-outgoing-2
23:55:06.509 [Test worker] DEBUG com.github.dockerjava.zerodep.shaded.org.apache.hc.client5.http.headers - http-outgoing-2 >> GET /v1.32/containers/c37a42694b7d1cff581f5e7b89a60b044af4721181408c271e821f1413201ca6/json HTTP/1.1
23:55:06.509 [Test worker] DEBUG com.github.dockerjava.zerodep.shaded.org.apache.hc.client5.http.headers - http-outgoing-2 >> accept: application/json
23:55:06.509 [Test worker] DEBUG com.github.dockerjava.zerodep.shaded.org.apache.hc.client5.http.headers - http-outgoing-2 >> x-tc-sid: 818a13d9-e138-4e41-b5a4-74fd927e6a2d
23:55:06.509 [Test worker] DEBUG com.github.dockerjava.zerodep.shaded.org.apache.hc.client5.http.headers - http-outgoing-2 >> Accept-Encoding: gzip, x-gzip, deflate
23:55:06.509 [Test worker] DEBUG com.github.dockerjava.zerodep.shaded.org.apache.hc.client5.http.headers - http-outgoing-2 >> Host: localhost:2375
23:55:06.509 [Test worker] DEBUG com.github.dockerjava.zerodep.shaded.org.apache.hc.client5.http.headers - http-outgoing-2 >> Connection: keep-alive
23:55:06.509 [Test worker] DEBUG com.github.dockerjava.zerodep.shaded.org.apache.hc.client5.http.headers - http-outgoing-2 >> User-Agent: Apache-HttpClient/5.0.3 (Java/17.0.2)
23:55:06.509 [Test worker] DEBUG com.github.dockerjava.zerodep.shaded.org.apache.hc.client5.http.wire - http-outgoing-2 >> "GET /v1.32/containers/c37a42694b7d1cff581f5e7b89a60b044af4721181408c271e821f1413201ca6/json HTTP/1.1[\r][\n]"
23:55:06.509 [Test worker] DEBUG com.github.dockerjava.zerodep.shaded.org.apache.hc.client5.http.wire - http-outgoing-2 >> "accept: application/json[\r][\n]"
23:55:06.509 [Test worker] DEBUG com.github.dockerjava.zerodep.shaded.org.apache.hc.client5.http.wire - http-outgoing-2 >> "x-tc-sid: 818a13d9-e138-4e41-b5a4-74fd927e6a2d[\r][\n]"
23:55:06.509 [Test worker] DEBUG com.github.dockerjava.zerodep.shaded.org.apache.hc.client5.http.wire - http-outgoing-2 >> "Accept-Encoding: gzip, x-gzip, deflate[\r][\n]"
23:55:06.509 [Test worker] DEBUG com.github.dockerjava.zerodep.shaded.org.apache.hc.client5.http.wire - http-outgoing-2 >> "Host: localhost:2375[\r][\n]"
23:55:06.509 [Test worker] DEBUG com.github.dockerjava.zerodep.shaded.org.apache.hc.client5.http.wire - http-outgoing-2 >> "Connection: keep-alive[\r][\n]"
23:55:06.509 [Test worker] DEBUG com.github.dockerjava.zerodep.shaded.org.apache.hc.client5.http.wire - http-outgoing-2 >> "User-Agent: Apache-HttpClient/5.0.3 (Java/17.0.2)[\r][\n]"
23:55:06.509 [Test worker] DEBUG com.github.dockerjava.zerodep.shaded.org.apache.hc.client5.http.wire - http-outgoing-2 >> "[\r][\n]"
23:55:06.513 [Test worker] DEBUG com.github.dockerjava.zerodep.shaded.org.apache.hc.client5.http.wire - http-outgoing-2 << "HTTP/1.1 200 OK[\r][\n]"
23:55:06.513 [Test worker] DEBUG com.github.dockerjava.zerodep.shaded.org.apache.hc.client5.http.wire - http-outgoing-2 << "Api-Version: 1.41[\r][\n]"
23:55:06.513 [Test worker] DEBUG com.github.dockerjava.zerodep.shaded.org.apache.hc.client5.http.wire - http-outgoing-2 << "Content-Type: application/json[\r][\n]"
23:55:06.513 [Test worker] DEBUG com.github.dockerjava.zerodep.shaded.org.apache.hc.client5.http.wire - http-outgoing-2 << "Date: Mon, 27 Mar 2023 02:55:06 GMT[\r][\n]"
23:55:06.513 [Test worker] DEBUG com.github.dockerjava.zerodep.shaded.org.apache.hc.client5.http.wire - http-outgoing-2 << "Docker-Experimental: false[\r][\n]"
23:55:06.513 [Test worker] DEBUG com.github.dockerjava.zerodep.shaded.org.apache.hc.client5.http.wire - http-outgoing-2 << "Ostype: linux[\r][\n]"
23:55:06.513 [Test worker] DEBUG com.github.dockerjava.zerodep.shaded.org.apache.hc.client5.http.wire - http-outgoing-2 << "Server: Docker/20.10.21 (linux)[\r][\n]"
23:55:06.513 [Test worker] DEBUG com.github.dockerjava.zerodep.shaded.org.apache.hc.client5.http.wire - http-outgoing-2 << "Transfer-Encoding: chunked[\r][\n]"
23:55:06.513 [Test worker] DEBUG com.github.dockerjava.zerodep.shaded.org.apache.hc.client5.http.wire - http-outgoing-2 << "[\r][\n]"
23:55:06.513 [Test worker] DEBUG com.github.dockerjava.zerodep.shaded.org.apache.hc.client5.http.headers - http-outgoing-2 << HTTP/1.1 200 OK
23:55:06.513 [Test worker] DEBUG com.github.dockerjava.zerodep.shaded.org.apache.hc.client5.http.headers - http-outgoing-2 << Api-Version: 1.41
23:55:06.513 [Test worker] DEBUG com.github.dockerjava.zerodep.shaded.org.apache.hc.client5.http.headers - http-outgoing-2 << Content-Type: application/json
23:55:06.513 [Test worker] DEBUG com.github.dockerjava.zerodep.shaded.org.apache.hc.client5.http.headers - http-outgoing-2 << Date: Mon, 27 Mar 2023 02:55:06 GMT
23:55:06.513 [Test worker] DEBUG com.github.dockerjava.zerodep.shaded.org.apache.hc.client5.http.headers - http-outgoing-2 << Docker-Experimental: false
23:55:06.513 [Test worker] DEBUG com.github.dockerjava.zerodep.shaded.org.apache.hc.client5.http.headers - http-outgoing-2 << Ostype: linux
23:55:06.513 [Test worker] DEBUG com.github.dockerjava.zerodep.shaded.org.apache.hc.client5.http.headers - http-outgoing-2 << Server: Docker/20.10.21 (linux)
23:55:06.513 [Test worker] DEBUG com.github.dockerjava.zerodep.shaded.org.apache.hc.client5.http.headers - http-outgoing-2 << Transfer-Encoding: chunked
23:55:06.513 [Test worker] DEBUG com.github.dockerjava.zerodep.shaded.org.apache.hc.client5.http.impl.classic.MainClientExec - ex-00000029: connection can be kept alive for 3 MINUTES
23:55:06.520 [Test worker] DEBUG com.github.dockerjava.zerodep.shaded.org.apache.hc.client5.http.wire - http-outgoing-2 << "18c1[\r][\n]"
23:55:06.520 [Test worker] DEBUG com.github.dockerjava.zerodep.shaded.org.apache.hc.client5.http.wire - http-outgoing-2 << "{"Id":"c37a42694b7d1cff581f5e7b89a60b044af4721181408c271e821f1413201ca6","Created":"2023-03-27T02:55:02.49734542Z","Path":"docker-entrypoint.sh","Args":["mysqld"],"State":{"Status":"running","Running":true,"Paused":false,"Restarting":false,"OOMKilled":false,"Dead":false,"Pid":18342,"ExitCode":0,"Error":"","StartedAt":"2023-03-27T02:55:03.12719392Z","FinishedAt":"0001-01-01T00:00:00Z"},"Image":"sha256:c7c54c29e20dccc1aefb936c8eba8bb8b98b87a4921102aba87fde2df5810af9","ResolvConfPath":"/var/lib/docker/containers/c37a42694b7d1cff581f5e7b89a60b044af4721181408c271e821f1413201ca6/resolv.conf","HostnamePath":"/var/lib/docker/containers/c37a42694b7d1cff581f5e7b89a60b044af4721181408c271e821f1413201ca6/hostname","HostsPath":"/var/lib/docker/containers/c37a42694b7d1cff581f5e7b89a60b044af4721181408c271e821f1413201ca6/hosts","LogPath":"/var/lib/docker/containers/c37a42694b7d1cff581f5e7b89a60b044af4721181408c271e821f1413201ca6/c37a42694b7d1cff581f5e7b89a60b044af4721181408c271e821f1413201ca6-json.log","Name":"/elegant_mahavira","RestartCount":0,"Driver":"overlay2","Platform":"linux","MountLabel":"","ProcessLabel":"","AppArmorProfile":"","ExecIDs":null,"HostConfig":{"Binds":[],"ContainerIDFile":"","LogConfig":{"Type":"json-file","Config":{}},"NetworkMode":"default","PortBindings":{"3306/tcp":[{"HostIp":"0.0.0.0","HostPort":"0"}]},"RestartPolicy":{"Name":"","MaximumRetryCount":0},"AutoRemove":false,"VolumeDriver":"","VolumesFrom":[],"CapAdd":null,"CapDrop":null,"CgroupnsMode":"private","Dns":null,"DnsOptions":null,"DnsSearch":null,"ExtraHosts":[],"GroupAdd":null,"IpcMode":"shareable","Cgroup":"","Links":null,"OomScoreAdj":0,"PidMode":"","Privileged":false,"PublishAllPorts":false,"ReadonlyRootfs":false,"SecurityOpt":null,"UTSMode":"","UsernsMode":"","ShmSize":67108864,"Runtime":"runc","ConsoleSize":[0,0],"Isolation":"","CpuShares":0,"Memory":0,"NanoCpus":0,"CgroupParent":"","BlkioWeight":0,"BlkioWeightDevice":null,"BlkioDeviceReadBps":null,"BlkioDeviceWriteBps":null,"BlkioDeviceReadIOps":null,"BlkioDeviceWriteIOps":null,"CpuPeriod":0,"CpuQuota":0,"CpuRealtimePeriod":0,"CpuRealtimeRuntime":0,"CpusetCpus":"","CpusetMems":"","Devices":null,"DeviceCgroupRules":null,"DeviceRequests":null,"KernelMemory":0,"KernelMemoryTCP":0,"MemoryReservation":0,"MemorySwap":0,"MemorySwappiness":null,"OomKillDisable":null,"PidsLimit":null,"Ulimits":null,"CpuCount":0,"CpuPercent":0,"IOMaximumIOps":0,"IOMaximumBandwidth":0,"MaskedPaths":["/proc/asound","/proc/acpi","/proc/kcore","/proc/keys","/proc/latency_stats","/proc/timer_list","/proc/timer_stats","/proc/sched_debug","/proc/scsi","/sys/firmware"],"ReadonlyPaths":["/proc/bus","/proc/fs","/proc/irq","/proc/sys","/proc/sysrq-trigger"]},"GraphDriver":{"Data":{"LowerDir":"/var/lib/docker/overlay2/2c15a904a49807090175d7750f18e0f6a57e99c38a424839679cbaf676a4d500-init/diff:/var/lib/docker/overlay2/1bd8849d7a296305617011f940aa5cfabbe972a513397b1b6bbc27639b6c1f30/diff:/var/lib/docker/overlay2/199d69b2fbf78af4d4c95dec4fd2f8835ab0347eb49fb20ebb2ff3b99fedd6ad/diff:/var/lib/docker/overlay2/d83c38d654989311f75b9491329846033bfb7714de76ef635380dcfad5c740d9/diff:/var/lib/docker/overlay2/08600d0aea2ab2728bebcf5d2589c640a842f53d1ba3c4a4adccb4d03b923cf6/diff:/var/lib/docker/overlay2/9ec7c63a3fb14d13ac788bbf5e282ca821edc41260b79944e5e631037d13ecda/diff:/var/lib/docker/overlay2/db601d7a1b4ea6da638db620462f0da96fa55c559d02269c9ddb09027936ed87/diff:/var/lib/docker/overlay2/a6d2bd03f942e2565f21e74cfe152c7ec836a1c2b583f0790c685b92bdcfda24/diff:/var/lib/docker/overlay2/9badd16ea2c5e2bf1fde8b579683e41137dfc46ed5449234149f199a6751cc84/diff:/var/lib/docker/overlay2/6efb85646ed12e2d1181ef4cc6f6f6732c00c15a4035fe17ebc4f075ca573c30/diff:/var/lib/docker/overlay2/895d7c0ec09144d6ed33936f4e98e11c18010f7abd708cae1ce43aec7a7f2621/diff:/var/lib/docker/overlay2/1c4ba77aa573ab6e5e5069fd15eae71b3da940bde0f97a922a227ffc8a1d1096/diff","MergedDir":"/var/lib/docker/overlay2/2c15a904a49807090175d7750f18e0f6a57e99c38a424839679cbaf676a4d500/merged","UpperDir":"/var/lib/docker/overlay2/2c15a904a49807090175d7750f18e0f6a57e99c38a424839679cbaf676a4d500/diff","WorkDir":"/var/lib/docker/overlay2/2c15a904a49807090175d7750f18e0f6a57e99c38a424839679cbaf676a4d500/work"},"Name":"overlay2"},"Mounts":[{"Type":"volume","Name":"44a9389ce95a2961210e86afd6afe42b23405f43157b5dc00e010d283c01df79","Source":"/var/lib/docker/volumes/44a9389ce95a2961210e86afd6afe42b23405f43157b5dc00e010d283c01df79/_data","Destination":"/var/lib/mysql","Driver":"local","Mode":"","RW":true,"Propagation":""}],"Config":{"Hostname":"c37a42694b7d","Domainname":"","User":"","AttachStdin":false,"AttachStdout":false,"AttachStderr":false,"ExposedPorts":{"3306/tcp":{},"33060/tcp":{}},"Tty":false,"OpenStdin":false,"StdinOnce":false,"Env":["MYSQL_DATABASE=adm_videos","MYSQL_PASSWORD=123456","MYSQL_ROOT_PASSWORD=123456","PATH=/usr/local/sbin:/usr/local/bin:/usr/sbin:/usr/bin:/sbin:/bin","GOSU_VERSION=1.16","MYSQL_MAJOR=8.0","MYSQL_VERSION=8.0.32-1.el8","MYSQL_SHELL_VERSION=8.0.32-1.el8"],"Cmd":["mysqld"],"Image":"mysql:latest","Volumes":{"/var/lib/mysql":{}},"WorkingDir":"","Entrypoint":["docker-entrypoint.sh"],"OnBuild":null,"Labels":{"org.testcontainers":"true","org.testcontainers.lang":"java","org.testcontainers.sessionId":"818a13d9-e138-4e41-b5a4-74fd927e6a2d","org.testcontainers.version":"1.17.6"}},"NetworkSettings":{"Bridge":"","SandboxID":"bd1f3a626f226e407a1a406212013b21c93b302c93f9fd53a405b7fc5ff825b3","HairpinMode":false,"LinkLocalIPv6Address":"","LinkLocalIPv6PrefixLen":0,"Ports":{"3306/tcp":[{"HostIp":"0.0.0.0","HostPort":"56289"}],"33060/tcp":null},"SandboxKey":"/var/run/docker/netns/bd1f3a626f22","SecondaryIPAddresses":null,"SecondaryIPv6Addresses":null,"EndpointID":"a2b725c0c5ce4503f8e45e0c2adc4455b29a53a4866d3f23b2bce893a084641f","Gateway":"172.17.0.1","GlobalIPv6Address":"","GlobalIPv6PrefixLen":0,"IPAddress":"172.17.0.3","IPPrefixLen":16,"IPv6Gateway":"","MacAddress":"02:42:ac:11:00:03","Networks":{"bridge":{"IPAMConfig":null,"Links":null,"Aliases":null,"NetworkID":"308e234c143065751b16b4500cb9f48d5c7fc2116504b3d816a5e51cd4771062","EndpointID":"a2b725c0c5ce4503f8e45e0c2adc4455b29a53a4866d3f23b2bce893a084641f","Gateway":"172.17.0.1","IPAddress":"172.17.0.3","IPPrefixLen":16,"IPv6Gateway":"","GlobalIPv6Address":"","GlobalIPv6PrefixLen":0,"MacAddress":"02:42:ac:11:00:03","DriverOpts":null}}}}[\n]"
23:55:06.520 [Test worker] DEBUG com.github.dockerjava.zerodep.shaded.org.apache.hc.client5.http.wire - http-outgoing-2 << "[\r][\n]"
23:55:06.522 [Test worker] DEBUG com.github.dockerjava.zerodep.shaded.org.apache.hc.client5.http.wire - http-outgoing-2 << "0[\r][\n]"
23:55:06.523 [Test worker] DEBUG com.github.dockerjava.zerodep.shaded.org.apache.hc.client5.http.wire - http-outgoing-2 << "[\r][\n]"
23:55:06.524 [Test worker] DEBUG com.github.dockerjava.zerodep.shaded.org.apache.hc.client5.http.impl.classic.InternalHttpClient - ep-00000028: releasing valid endpoint
23:55:06.524 [Test worker] DEBUG com.github.dockerjava.zerodep.shaded.org.apache.hc.client5.http.impl.io.PoolingHttpClientConnectionManager - ep-00000028: releasing endpoint
23:55:06.524 [Test worker] DEBUG com.github.dockerjava.zerodep.shaded.org.apache.hc.client5.http.impl.io.PoolingHttpClientConnectionManager - ep-00000028: connection http-outgoing-2 can be kept alive for 3 MINUTES
23:55:06.524 [Test worker] DEBUG com.github.dockerjava.zerodep.shaded.org.apache.hc.client5.http.impl.io.PoolingHttpClientConnectionManager - ep-00000028: connection released [route: {}->unix://localhost:2375][total available: 1; route allocated: 1 of 2147483647; total allocated: 1 of 2147483647]
23:55:06.524 [Test worker] DEBUG ]]>&#x1f433;<![CDATA[ [mysql:latest] - Trying to create JDBC connection using com.mysql.cj.jdbc.Driver to jdbc:mysql://localhost:56289/adm_videos?useSSL=false&allowPublicKeyRetrieval=true with properties: {password=123456, user=root}
23:55:06.647 [Test worker] DEBUG org.testcontainers.shaded.com.github.dockerjava.core.command.AbstrDockerCmd - Cmd: c37a42694b7d1cff581f5e7b89a60b044af4721181408c271e821f1413201ca6,false
23:55:06.647 [Test worker] DEBUG org.testcontainers.shaded.com.github.dockerjava.core.exec.InspectContainerCmdExec - GET: DefaultWebTarget{path=[/containers/c37a42694b7d1cff581f5e7b89a60b044af4721181408c271e821f1413201ca6/json], queryParams={}}
23:55:06.648 [Test worker] DEBUG com.github.dockerjava.zerodep.shaded.org.apache.hc.client5.http.impl.classic.InternalHttpClient - ex-0000002A: preparing request execution
23:55:06.648 [Test worker] DEBUG com.github.dockerjava.zerodep.shaded.org.apache.hc.client5.http.protocol.RequestAddCookies - Cookie spec selected: strict
23:55:06.648 [Test worker] DEBUG com.github.dockerjava.zerodep.shaded.org.apache.hc.client5.http.protocol.RequestAuthCache - Auth cache not set in the context
23:55:06.648 [Test worker] DEBUG com.github.dockerjava.zerodep.shaded.org.apache.hc.client5.http.impl.classic.ProtocolExec - ex-0000002A: target auth state: UNCHALLENGED
23:55:06.648 [Test worker] DEBUG com.github.dockerjava.zerodep.shaded.org.apache.hc.client5.http.impl.classic.ProtocolExec - ex-0000002A: proxy auth state: UNCHALLENGED
23:55:06.648 [Test worker] DEBUG com.github.dockerjava.zerodep.shaded.org.apache.hc.client5.http.impl.classic.ConnectExec - ex-0000002A: acquiring connection with route {}->unix://localhost:2375
23:55:06.648 [Test worker] DEBUG com.github.dockerjava.zerodep.shaded.org.apache.hc.client5.http.impl.classic.InternalHttpClient - ex-0000002A: acquiring endpoint (3 MINUTES)
23:55:06.648 [Test worker] DEBUG com.github.dockerjava.zerodep.shaded.org.apache.hc.client5.http.impl.io.PoolingHttpClientConnectionManager - ex-0000002A: endpoint lease request (3 MINUTES) [route: {}->unix://localhost:2375][total available: 1; route allocated: 1 of 2147483647; total allocated: 1 of 2147483647]
23:55:06.648 [Test worker] DEBUG com.github.dockerjava.zerodep.shaded.org.apache.hc.client5.http.impl.io.PoolingHttpClientConnectionManager - ex-0000002A: endpoint leased [route: {}->unix://localhost:2375][total available: 0; route allocated: 1 of 2147483647; total allocated: 1 of 2147483647]
23:55:06.648 [Test worker] DEBUG com.github.dockerjava.zerodep.shaded.org.apache.hc.client5.http.impl.io.PoolingHttpClientConnectionManager - ex-0000002A: acquired ep-00000029
23:55:06.648 [Test worker] DEBUG com.github.dockerjava.zerodep.shaded.org.apache.hc.client5.http.impl.classic.InternalHttpClient - ex-0000002A: acquired endpoint ep-00000029
23:55:06.648 [Test worker] DEBUG com.github.dockerjava.zerodep.shaded.org.apache.hc.client5.http.impl.classic.MainClientExec - ex-0000002A: executing GET /v1.32/containers/c37a42694b7d1cff581f5e7b89a60b044af4721181408c271e821f1413201ca6/json HTTP/1.1
23:55:06.648 [Test worker] DEBUG com.github.dockerjava.zerodep.shaded.org.apache.hc.client5.http.impl.classic.InternalHttpClient - ep-00000029: start execution ex-0000002A
23:55:06.648 [Test worker] DEBUG com.github.dockerjava.zerodep.shaded.org.apache.hc.client5.http.impl.io.PoolingHttpClientConnectionManager - ep-00000029: executing exchange ex-0000002A over http-outgoing-2
23:55:06.648 [Test worker] DEBUG com.github.dockerjava.zerodep.shaded.org.apache.hc.client5.http.headers - http-outgoing-2 >> GET /v1.32/containers/c37a42694b7d1cff581f5e7b89a60b044af4721181408c271e821f1413201ca6/json HTTP/1.1
23:55:06.648 [Test worker] DEBUG com.github.dockerjava.zerodep.shaded.org.apache.hc.client5.http.headers - http-outgoing-2 >> accept: application/json
23:55:06.648 [Test worker] DEBUG com.github.dockerjava.zerodep.shaded.org.apache.hc.client5.http.headers - http-outgoing-2 >> x-tc-sid: 818a13d9-e138-4e41-b5a4-74fd927e6a2d
23:55:06.648 [Test worker] DEBUG com.github.dockerjava.zerodep.shaded.org.apache.hc.client5.http.headers - http-outgoing-2 >> Accept-Encoding: gzip, x-gzip, deflate
23:55:06.648 [Test worker] DEBUG com.github.dockerjava.zerodep.shaded.org.apache.hc.client5.http.headers - http-outgoing-2 >> Host: localhost:2375
23:55:06.648 [Test worker] DEBUG com.github.dockerjava.zerodep.shaded.org.apache.hc.client5.http.headers - http-outgoing-2 >> Connection: keep-alive
23:55:06.648 [Test worker] DEBUG com.github.dockerjava.zerodep.shaded.org.apache.hc.client5.http.headers - http-outgoing-2 >> User-Agent: Apache-HttpClient/5.0.3 (Java/17.0.2)
23:55:06.648 [Test worker] DEBUG com.github.dockerjava.zerodep.shaded.org.apache.hc.client5.http.wire - http-outgoing-2 >> "GET /v1.32/containers/c37a42694b7d1cff581f5e7b89a60b044af4721181408c271e821f1413201ca6/json HTTP/1.1[\r][\n]"
23:55:06.648 [Test worker] DEBUG com.github.dockerjava.zerodep.shaded.org.apache.hc.client5.http.wire - http-outgoing-2 >> "accept: application/json[\r][\n]"
23:55:06.648 [Test worker] DEBUG com.github.dockerjava.zerodep.shaded.org.apache.hc.client5.http.wire - http-outgoing-2 >> "x-tc-sid: 818a13d9-e138-4e41-b5a4-74fd927e6a2d[\r][\n]"
23:55:06.648 [Test worker] DEBUG com.github.dockerjava.zerodep.shaded.org.apache.hc.client5.http.wire - http-outgoing-2 >> "Accept-Encoding: gzip, x-gzip, deflate[\r][\n]"
23:55:06.648 [Test worker] DEBUG com.github.dockerjava.zerodep.shaded.org.apache.hc.client5.http.wire - http-outgoing-2 >> "Host: localhost:2375[\r][\n]"
23:55:06.648 [Test worker] DEBUG com.github.dockerjava.zerodep.shaded.org.apache.hc.client5.http.wire - http-outgoing-2 >> "Connection: keep-alive[\r][\n]"
23:55:06.648 [Test worker] DEBUG com.github.dockerjava.zerodep.shaded.org.apache.hc.client5.http.wire - http-outgoing-2 >> "User-Agent: Apache-HttpClient/5.0.3 (Java/17.0.2)[\r][\n]"
23:55:06.648 [Test worker] DEBUG com.github.dockerjava.zerodep.shaded.org.apache.hc.client5.http.wire - http-outgoing-2 >> "[\r][\n]"
23:55:06.651 [Test worker] DEBUG com.github.dockerjava.zerodep.shaded.org.apache.hc.client5.http.wire - http-outgoing-2 << "HTTP/1.1 200 OK[\r][\n]"
23:55:06.651 [Test worker] DEBUG com.github.dockerjava.zerodep.shaded.org.apache.hc.client5.http.wire - http-outgoing-2 << "Api-Version: 1.41[\r][\n]"
23:55:06.652 [Test worker] DEBUG com.github.dockerjava.zerodep.shaded.org.apache.hc.client5.http.wire - http-outgoing-2 << "Content-Type: application/json[\r][\n]"
23:55:06.652 [Test worker] DEBUG com.github.dockerjava.zerodep.shaded.org.apache.hc.client5.http.wire - http-outgoing-2 << "Date: Mon, 27 Mar 2023 02:55:06 GMT[\r][\n]"
23:55:06.652 [Test worker] DEBUG com.github.dockerjava.zerodep.shaded.org.apache.hc.client5.http.wire - http-outgoing-2 << "Docker-Experimental: false[\r][\n]"
23:55:06.652 [Test worker] DEBUG com.github.dockerjava.zerodep.shaded.org.apache.hc.client5.http.wire - http-outgoing-2 << "Ostype: linux[\r][\n]"
23:55:06.652 [Test worker] DEBUG com.github.dockerjava.zerodep.shaded.org.apache.hc.client5.http.wire - http-outgoing-2 << "Server: Docker/20.10.21 (linux)[\r][\n]"
23:55:06.652 [Test worker] DEBUG com.github.dockerjava.zerodep.shaded.org.apache.hc.client5.http.wire - http-outgoing-2 << "Transfer-Encoding: chunked[\r][\n]"
23:55:06.652 [Test worker] DEBUG com.github.dockerjava.zerodep.shaded.org.apache.hc.client5.http.wire - http-outgoing-2 << "[\r][\n]"
23:55:06.652 [Test worker] DEBUG com.github.dockerjava.zerodep.shaded.org.apache.hc.client5.http.headers - http-outgoing-2 << HTTP/1.1 200 OK
23:55:06.652 [Test worker] DEBUG com.github.dockerjava.zerodep.shaded.org.apache.hc.client5.http.headers - http-outgoing-2 << Api-Version: 1.41
23:55:06.652 [Test worker] DEBUG com.github.dockerjava.zerodep.shaded.org.apache.hc.client5.http.headers - http-outgoing-2 << Content-Type: application/json
23:55:06.652 [Test worker] DEBUG com.github.dockerjava.zerodep.shaded.org.apache.hc.client5.http.headers - http-outgoing-2 << Date: Mon, 27 Mar 2023 02:55:06 GMT
23:55:06.652 [Test worker] DEBUG com.github.dockerjava.zerodep.shaded.org.apache.hc.client5.http.headers - http-outgoing-2 << Docker-Experimental: false
23:55:06.652 [Test worker] DEBUG com.github.dockerjava.zerodep.shaded.org.apache.hc.client5.http.headers - http-outgoing-2 << Ostype: linux
23:55:06.652 [Test worker] DEBUG com.github.dockerjava.zerodep.shaded.org.apache.hc.client5.http.headers - http-outgoing-2 << Server: Docker/20.10.21 (linux)
23:55:06.652 [Test worker] DEBUG com.github.dockerjava.zerodep.shaded.org.apache.hc.client5.http.headers - http-outgoing-2 << Transfer-Encoding: chunked
23:55:06.652 [Test worker] DEBUG com.github.dockerjava.zerodep.shaded.org.apache.hc.client5.http.impl.classic.MainClientExec - ex-0000002A: connection can be kept alive for 3 MINUTES
23:55:06.654 [Test worker] DEBUG com.github.dockerjava.zerodep.shaded.org.apache.hc.client5.http.wire - http-outgoing-2 << "18c1[\r][\n]"
23:55:06.654 [Test worker] DEBUG com.github.dockerjava.zerodep.shaded.org.apache.hc.client5.http.wire - http-outgoing-2 << "{"Id":"c37a42694b7d1cff581f5e7b89a60b044af4721181408c271e821f1413201ca6","Created":"2023-03-27T02:55:02.49734542Z","Path":"docker-entrypoint.sh","Args":["mysqld"],"State":{"Status":"running","Running":true,"Paused":false,"Restarting":false,"OOMKilled":false,"Dead":false,"Pid":18342,"ExitCode":0,"Error":"","StartedAt":"2023-03-27T02:55:03.12719392Z","FinishedAt":"0001-01-01T00:00:00Z"},"Image":"sha256:c7c54c29e20dccc1aefb936c8eba8bb8b98b87a4921102aba87fde2df5810af9","ResolvConfPath":"/var/lib/docker/containers/c37a42694b7d1cff581f5e7b89a60b044af4721181408c271e821f1413201ca6/resolv.conf","HostnamePath":"/var/lib/docker/containers/c37a42694b7d1cff581f5e7b89a60b044af4721181408c271e821f1413201ca6/hostname","HostsPath":"/var/lib/docker/containers/c37a42694b7d1cff581f5e7b89a60b044af4721181408c271e821f1413201ca6/hosts","LogPath":"/var/lib/docker/containers/c37a42694b7d1cff581f5e7b89a60b044af4721181408c271e821f1413201ca6/c37a42694b7d1cff581f5e7b89a60b044af4721181408c271e821f1413201ca6-json.log","Name":"/elegant_mahavira","RestartCount":0,"Driver":"overlay2","Platform":"linux","MountLabel":"","ProcessLabel":"","AppArmorProfile":"","ExecIDs":null,"HostConfig":{"Binds":[],"ContainerIDFile":"","LogConfig":{"Type":"json-file","Config":{}},"NetworkMode":"default","PortBindings":{"3306/tcp":[{"HostIp":"0.0.0.0","HostPort":"0"}]},"RestartPolicy":{"Name":"","MaximumRetryCount":0},"AutoRemove":false,"VolumeDriver":"","VolumesFrom":[],"CapAdd":null,"CapDrop":null,"CgroupnsMode":"private","Dns":null,"DnsOptions":null,"DnsSearch":null,"ExtraHosts":[],"GroupAdd":null,"IpcMode":"shareable","Cgroup":"","Links":null,"OomScoreAdj":0,"PidMode":"","Privileged":false,"PublishAllPorts":false,"ReadonlyRootfs":false,"SecurityOpt":null,"UTSMode":"","UsernsMode":"","ShmSize":67108864,"Runtime":"runc","ConsoleSize":[0,0],"Isolation":"","CpuShares":0,"Memory":0,"NanoCpus":0,"CgroupParent":"","BlkioWeight":0,"BlkioWeightDevice":null,"BlkioDeviceReadBps":null,"BlkioDeviceWriteBps":null,"BlkioDeviceReadIOps":null,"BlkioDeviceWriteIOps":null,"CpuPeriod":0,"CpuQuota":0,"CpuRealtimePeriod":0,"CpuRealtimeRuntime":0,"CpusetCpus":"","CpusetMems":"","Devices":null,"DeviceCgroupRules":null,"DeviceRequests":null,"KernelMemory":0,"KernelMemoryTCP":0,"MemoryReservation":0,"MemorySwap":0,"MemorySwappiness":null,"OomKillDisable":null,"PidsLimit":null,"Ulimits":null,"CpuCount":0,"CpuPercent":0,"IOMaximumIOps":0,"IOMaximumBandwidth":0,"MaskedPaths":["/proc/asound","/proc/acpi","/proc/kcore","/proc/keys","/proc/latency_stats","/proc/timer_list","/proc/timer_stats","/proc/sched_debug","/proc/scsi","/sys/firmware"],"ReadonlyPaths":["/proc/bus","/proc/fs","/proc/irq","/proc/sys","/proc/sysrq-trigger"]},"GraphDriver":{"Data":{"LowerDir":"/var/lib/docker/overlay2/2c15a904a49807090175d7750f18e0f6a57e99c38a424839679cbaf676a4d500-init/diff:/var/lib/docker/overlay2/1bd8849d7a296305617011f940aa5cfabbe972a513397b1b6bbc27639b6c1f30/diff:/var/lib/docker/overlay2/199d69b2fbf78af4d4c95dec4fd2f8835ab0347eb49fb20ebb2ff3b99fedd6ad/diff:/var/lib/docker/overlay2/d83c38d654989311f75b9491329846033bfb7714de76ef635380dcfad5c740d9/diff:/var/lib/docker/overlay2/08600d0aea2ab2728bebcf5d2589c640a842f53d1ba3c4a4adccb4d03b923cf6/diff:/var/lib/docker/overlay2/9ec7c63a3fb14d13ac788bbf5e282ca821edc41260b79944e5e631037d13ecda/diff:/var/lib/docker/overlay2/db601d7a1b4ea6da638db620462f0da96fa55c559d02269c9ddb09027936ed87/diff:/var/lib/docker/overlay2/a6d2bd03f942e2565f21e74cfe152c7ec836a1c2b583f0790c685b92bdcfda24/diff:/var/lib/docker/overlay2/9badd16ea2c5e2bf1fde8b579683e41137dfc46ed5449234149f199a6751cc84/diff:/var/lib/docker/overlay2/6efb85646ed12e2d1181ef4cc6f6f6732c00c15a4035fe17ebc4f075ca573c30/diff:/var/lib/docker/overlay2/895d7c0ec09144d6ed33936f4e98e11c18010f7abd708cae1ce43aec7a7f2621/diff:/var/lib/docker/overlay2/1c4ba77aa573ab6e5e5069fd15eae71b3da940bde0f97a922a227ffc8a1d1096/diff","MergedDir":"/var/lib/docker/overlay2/2c15a904a49807090175d7750f18e0f6a57e99c38a424839679cbaf676a4d500/merged","UpperDir":"/var/lib/docker/overlay2/2c15a904a49807090175d7750f18e0f6a57e99c38a424839679cbaf676a4d500/diff","WorkDir":"/var/lib/docker/overlay2/2c15a904a49807090175d7750f18e0f6a57e99c38a424839679cbaf676a4d500/work"},"Name":"overlay2"},"Mounts":[{"Type":"volume","Name":"44a9389ce95a2961210e86afd6afe42b23405f43157b5dc00e010d283c01df79","Source":"/var/lib/docker/volumes/44a9389ce95a2961210e86afd6afe42b23405f43157b5dc00e010d283c01df79/_data","Destination":"/var/lib/mysql","Driver":"local","Mode":"","RW":true,"Propagation":""}],"Config":{"Hostname":"c37a42694b7d","Domainname":"","User":"","AttachStdin":false,"AttachStdout":false,"AttachStderr":false,"ExposedPorts":{"3306/tcp":{},"33060/tcp":{}},"Tty":false,"OpenStdin":false,"StdinOnce":false,"Env":["MYSQL_DATABASE=adm_videos","MYSQL_PASSWORD=123456","MYSQL_ROOT_PASSWORD=123456","PATH=/usr/local/sbin:/usr/local/bin:/usr/sbin:/usr/bin:/sbin:/bin","GOSU_VERSION=1.16","MYSQL_MAJOR=8.0","MYSQL_VERSION=8.0.32-1.el8","MYSQL_SHELL_VERSION=8.0.32-1.el8"],"Cmd":["mysqld"],"Image":"mysql:latest","Volumes":{"/var/lib/mysql":{}},"WorkingDir":"","Entrypoint":["docker-entrypoint.sh"],"OnBuild":null,"Labels":{"org.testcontainers":"true","org.testcontainers.lang":"java","org.testcontainers.sessionId":"818a13d9-e138-4e41-b5a4-74fd927e6a2d","org.testcontainers.version":"1.17.6"}},"NetworkSettings":{"Bridge":"","SandboxID":"bd1f3a626f226e407a1a406212013b21c93b302c93f9fd53a405b7fc5ff825b3","HairpinMode":false,"LinkLocalIPv6Address":"","LinkLocalIPv6PrefixLen":0,"Ports":{"3306/tcp":[{"HostIp":"0.0.0.0","HostPort":"56289"}],"33060/tcp":null},"SandboxKey":"/var/run/docker/netns/bd1f3a626f22","SecondaryIPAddresses":null,"SecondaryIPv6Addresses":null,"EndpointID":"a2b725c0c5ce4503f8e45e0c2adc4455b29a53a4866d3f23b2bce893a084641f","Gateway":"172.17.0.1","GlobalIPv6Address":"","GlobalIPv6PrefixLen":0,"IPAddress":"172.17.0.3","IPPrefixLen":16,"IPv6Gateway":"","MacAddress":"02:42:ac:11:00:03","Networks":{"bridge":{"IPAMConfig":null,"Links":null,"Aliases":null,"NetworkID":"308e234c143065751b16b4500cb9f48d5c7fc2116504b3d816a5e51cd4771062","EndpointID":"a2b725c0c5ce4503f8e45e0c2adc4455b29a53a4866d3f23b2bce893a084641f","Gateway":"172.17.0.1","IPAddress":"172.17.0.3","IPPrefixLen":16,"IPv6Gateway":"","GlobalIPv6Address":"","GlobalIPv6PrefixLen":0,"MacAddress":"02:42:ac:11:00:03","DriverOpts":null}}}}[\n]"
23:55:06.654 [Test worker] DEBUG com.github.dockerjava.zerodep.shaded.org.apache.hc.client5.http.wire - http-outgoing-2 << "[\r][\n]"
23:55:06.655 [Test worker] DEBUG com.github.dockerjava.zerodep.shaded.org.apache.hc.client5.http.wire - http-outgoing-2 << "0[\r][\n]"
23:55:06.655 [Test worker] DEBUG com.github.dockerjava.zerodep.shaded.org.apache.hc.client5.http.wire - http-outgoing-2 << "[\r][\n]"
23:55:06.656 [Test worker] DEBUG com.github.dockerjava.zerodep.shaded.org.apache.hc.client5.http.impl.classic.InternalHttpClient - ep-00000029: releasing valid endpoint
23:55:06.656 [Test worker] DEBUG com.github.dockerjava.zerodep.shaded.org.apache.hc.client5.http.impl.io.PoolingHttpClientConnectionManager - ep-00000029: releasing endpoint
23:55:06.656 [Test worker] DEBUG com.github.dockerjava.zerodep.shaded.org.apache.hc.client5.http.impl.io.PoolingHttpClientConnectionManager - ep-00000029: connection http-outgoing-2 can be kept alive for 3 MINUTES
23:55:06.656 [Test worker] DEBUG com.github.dockerjava.zerodep.shaded.org.apache.hc.client5.http.impl.io.PoolingHttpClientConnectionManager - ep-00000029: connection released [route: {}->unix://localhost:2375][total available: 1; route allocated: 1 of 2147483647; total allocated: 1 of 2147483647]
23:55:06.656 [Test worker] DEBUG ]]>&#x1f433;<![CDATA[ [mysql:latest] - Trying to create JDBC connection using com.mysql.cj.jdbc.Driver to jdbc:mysql://localhost:56289/adm_videos?useSSL=false&allowPublicKeyRetrieval=true with properties: {password=123456, user=root}
23:55:06.760 [Test worker] DEBUG org.testcontainers.shaded.com.github.dockerjava.core.command.AbstrDockerCmd - Cmd: c37a42694b7d1cff581f5e7b89a60b044af4721181408c271e821f1413201ca6,false
23:55:06.761 [Test worker] DEBUG org.testcontainers.shaded.com.github.dockerjava.core.exec.InspectContainerCmdExec - GET: DefaultWebTarget{path=[/containers/c37a42694b7d1cff581f5e7b89a60b044af4721181408c271e821f1413201ca6/json], queryParams={}}
23:55:06.761 [Test worker] DEBUG com.github.dockerjava.zerodep.shaded.org.apache.hc.client5.http.impl.classic.InternalHttpClient - ex-0000002B: preparing request execution
23:55:06.761 [Test worker] DEBUG com.github.dockerjava.zerodep.shaded.org.apache.hc.client5.http.protocol.RequestAddCookies - Cookie spec selected: strict
23:55:06.761 [Test worker] DEBUG com.github.dockerjava.zerodep.shaded.org.apache.hc.client5.http.protocol.RequestAuthCache - Auth cache not set in the context
23:55:06.761 [Test worker] DEBUG com.github.dockerjava.zerodep.shaded.org.apache.hc.client5.http.impl.classic.ProtocolExec - ex-0000002B: target auth state: UNCHALLENGED
23:55:06.761 [Test worker] DEBUG com.github.dockerjava.zerodep.shaded.org.apache.hc.client5.http.impl.classic.ProtocolExec - ex-0000002B: proxy auth state: UNCHALLENGED
23:55:06.761 [Test worker] DEBUG com.github.dockerjava.zerodep.shaded.org.apache.hc.client5.http.impl.classic.ConnectExec - ex-0000002B: acquiring connection with route {}->unix://localhost:2375
23:55:06.761 [Test worker] DEBUG com.github.dockerjava.zerodep.shaded.org.apache.hc.client5.http.impl.classic.InternalHttpClient - ex-0000002B: acquiring endpoint (3 MINUTES)
23:55:06.761 [Test worker] DEBUG com.github.dockerjava.zerodep.shaded.org.apache.hc.client5.http.impl.io.PoolingHttpClientConnectionManager - ex-0000002B: endpoint lease request (3 MINUTES) [route: {}->unix://localhost:2375][total available: 1; route allocated: 1 of 2147483647; total allocated: 1 of 2147483647]
23:55:06.761 [Test worker] DEBUG com.github.dockerjava.zerodep.shaded.org.apache.hc.client5.http.impl.io.PoolingHttpClientConnectionManager - ex-0000002B: endpoint leased [route: {}->unix://localhost:2375][total available: 0; route allocated: 1 of 2147483647; total allocated: 1 of 2147483647]
23:55:06.761 [Test worker] DEBUG com.github.dockerjava.zerodep.shaded.org.apache.hc.client5.http.impl.io.PoolingHttpClientConnectionManager - ex-0000002B: acquired ep-0000002A
23:55:06.761 [Test worker] DEBUG com.github.dockerjava.zerodep.shaded.org.apache.hc.client5.http.impl.classic.InternalHttpClient - ex-0000002B: acquired endpoint ep-0000002A
23:55:06.761 [Test worker] DEBUG com.github.dockerjava.zerodep.shaded.org.apache.hc.client5.http.impl.classic.MainClientExec - ex-0000002B: executing GET /v1.32/containers/c37a42694b7d1cff581f5e7b89a60b044af4721181408c271e821f1413201ca6/json HTTP/1.1
23:55:06.761 [Test worker] DEBUG com.github.dockerjava.zerodep.shaded.org.apache.hc.client5.http.impl.classic.InternalHttpClient - ep-0000002A: start execution ex-0000002B
23:55:06.761 [Test worker] DEBUG com.github.dockerjava.zerodep.shaded.org.apache.hc.client5.http.impl.io.PoolingHttpClientConnectionManager - ep-0000002A: executing exchange ex-0000002B over http-outgoing-2
23:55:06.761 [Test worker] DEBUG com.github.dockerjava.zerodep.shaded.org.apache.hc.client5.http.headers - http-outgoing-2 >> GET /v1.32/containers/c37a42694b7d1cff581f5e7b89a60b044af4721181408c271e821f1413201ca6/json HTTP/1.1
23:55:06.762 [Test worker] DEBUG com.github.dockerjava.zerodep.shaded.org.apache.hc.client5.http.headers - http-outgoing-2 >> accept: application/json
23:55:06.762 [Test worker] DEBUG com.github.dockerjava.zerodep.shaded.org.apache.hc.client5.http.headers - http-outgoing-2 >> x-tc-sid: 818a13d9-e138-4e41-b5a4-74fd927e6a2d
23:55:06.762 [Test worker] DEBUG com.github.dockerjava.zerodep.shaded.org.apache.hc.client5.http.headers - http-outgoing-2 >> Accept-Encoding: gzip, x-gzip, deflate
23:55:06.762 [Test worker] DEBUG com.github.dockerjava.zerodep.shaded.org.apache.hc.client5.http.headers - http-outgoing-2 >> Host: localhost:2375
23:55:06.762 [Test worker] DEBUG com.github.dockerjava.zerodep.shaded.org.apache.hc.client5.http.headers - http-outgoing-2 >> Connection: keep-alive
23:55:06.762 [Test worker] DEBUG com.github.dockerjava.zerodep.shaded.org.apache.hc.client5.http.headers - http-outgoing-2 >> User-Agent: Apache-HttpClient/5.0.3 (Java/17.0.2)
23:55:06.762 [Test worker] DEBUG com.github.dockerjava.zerodep.shaded.org.apache.hc.client5.http.wire - http-outgoing-2 >> "GET /v1.32/containers/c37a42694b7d1cff581f5e7b89a60b044af4721181408c271e821f1413201ca6/json HTTP/1.1[\r][\n]"
23:55:06.762 [Test worker] DEBUG com.github.dockerjava.zerodep.shaded.org.apache.hc.client5.http.wire - http-outgoing-2 >> "accept: application/json[\r][\n]"
23:55:06.762 [Test worker] DEBUG com.github.dockerjava.zerodep.shaded.org.apache.hc.client5.http.wire - http-outgoing-2 >> "x-tc-sid: 818a13d9-e138-4e41-b5a4-74fd927e6a2d[\r][\n]"
23:55:06.762 [Test worker] DEBUG com.github.dockerjava.zerodep.shaded.org.apache.hc.client5.http.wire - http-outgoing-2 >> "Accept-Encoding: gzip, x-gzip, deflate[\r][\n]"
23:55:06.762 [Test worker] DEBUG com.github.dockerjava.zerodep.shaded.org.apache.hc.client5.http.wire - http-outgoing-2 >> "Host: localhost:2375[\r][\n]"
23:55:06.762 [Test worker] DEBUG com.github.dockerjava.zerodep.shaded.org.apache.hc.client5.http.wire - http-outgoing-2 >> "Connection: keep-alive[\r][\n]"
23:55:06.762 [Test worker] DEBUG com.github.dockerjava.zerodep.shaded.org.apache.hc.client5.http.wire - http-outgoing-2 >> "User-Agent: Apache-HttpClient/5.0.3 (Java/17.0.2)[\r][\n]"
23:55:06.762 [Test worker] DEBUG com.github.dockerjava.zerodep.shaded.org.apache.hc.client5.http.wire - http-outgoing-2 >> "[\r][\n]"
23:55:06.765 [Test worker] DEBUG com.github.dockerjava.zerodep.shaded.org.apache.hc.client5.http.wire - http-outgoing-2 << "HTTP/1.1 200 OK[\r][\n]"
23:55:06.765 [Test worker] DEBUG com.github.dockerjava.zerodep.shaded.org.apache.hc.client5.http.wire - http-outgoing-2 << "Api-Version: 1.41[\r][\n]"
23:55:06.765 [Test worker] DEBUG com.github.dockerjava.zerodep.shaded.org.apache.hc.client5.http.wire - http-outgoing-2 << "Content-Type: application/json[\r][\n]"
23:55:06.765 [Test worker] DEBUG com.github.dockerjava.zerodep.shaded.org.apache.hc.client5.http.wire - http-outgoing-2 << "Date: Mon, 27 Mar 2023 02:55:06 GMT[\r][\n]"
23:55:06.765 [Test worker] DEBUG com.github.dockerjava.zerodep.shaded.org.apache.hc.client5.http.wire - http-outgoing-2 << "Docker-Experimental: false[\r][\n]"
23:55:06.765 [Test worker] DEBUG com.github.dockerjava.zerodep.shaded.org.apache.hc.client5.http.wire - http-outgoing-2 << "Ostype: linux[\r][\n]"
23:55:06.765 [Test worker] DEBUG com.github.dockerjava.zerodep.shaded.org.apache.hc.client5.http.wire - http-outgoing-2 << "Server: Docker/20.10.21 (linux)[\r][\n]"
23:55:06.765 [Test worker] DEBUG com.github.dockerjava.zerodep.shaded.org.apache.hc.client5.http.wire - http-outgoing-2 << "Transfer-Encoding: chunked[\r][\n]"
23:55:06.765 [Test worker] DEBUG com.github.dockerjava.zerodep.shaded.org.apache.hc.client5.http.wire - http-outgoing-2 << "[\r][\n]"
23:55:06.765 [Test worker] DEBUG com.github.dockerjava.zerodep.shaded.org.apache.hc.client5.http.headers - http-outgoing-2 << HTTP/1.1 200 OK
23:55:06.765 [Test worker] DEBUG com.github.dockerjava.zerodep.shaded.org.apache.hc.client5.http.headers - http-outgoing-2 << Api-Version: 1.41
23:55:06.766 [Test worker] DEBUG com.github.dockerjava.zerodep.shaded.org.apache.hc.client5.http.headers - http-outgoing-2 << Content-Type: application/json
23:55:06.766 [Test worker] DEBUG com.github.dockerjava.zerodep.shaded.org.apache.hc.client5.http.headers - http-outgoing-2 << Date: Mon, 27 Mar 2023 02:55:06 GMT
23:55:06.766 [Test worker] DEBUG com.github.dockerjava.zerodep.shaded.org.apache.hc.client5.http.headers - http-outgoing-2 << Docker-Experimental: false
23:55:06.766 [Test worker] DEBUG com.github.dockerjava.zerodep.shaded.org.apache.hc.client5.http.headers - http-outgoing-2 << Ostype: linux
23:55:06.766 [Test worker] DEBUG com.github.dockerjava.zerodep.shaded.org.apache.hc.client5.http.headers - http-outgoing-2 << Server: Docker/20.10.21 (linux)
23:55:06.766 [Test worker] DEBUG com.github.dockerjava.zerodep.shaded.org.apache.hc.client5.http.headers - http-outgoing-2 << Transfer-Encoding: chunked
23:55:06.766 [Test worker] DEBUG com.github.dockerjava.zerodep.shaded.org.apache.hc.client5.http.impl.classic.MainClientExec - ex-0000002B: connection can be kept alive for 3 MINUTES
23:55:06.767 [Test worker] DEBUG com.github.dockerjava.zerodep.shaded.org.apache.hc.client5.http.wire - http-outgoing-2 << "18c1[\r][\n]"
23:55:06.768 [Test worker] DEBUG com.github.dockerjava.zerodep.shaded.org.apache.hc.client5.http.wire - http-outgoing-2 << "{"Id":"c37a42694b7d1cff581f5e7b89a60b044af4721181408c271e821f1413201ca6","Created":"2023-03-27T02:55:02.49734542Z","Path":"docker-entrypoint.sh","Args":["mysqld"],"State":{"Status":"running","Running":true,"Paused":false,"Restarting":false,"OOMKilled":false,"Dead":false,"Pid":18342,"ExitCode":0,"Error":"","StartedAt":"2023-03-27T02:55:03.12719392Z","FinishedAt":"0001-01-01T00:00:00Z"},"Image":"sha256:c7c54c29e20dccc1aefb936c8eba8bb8b98b87a4921102aba87fde2df5810af9","ResolvConfPath":"/var/lib/docker/containers/c37a42694b7d1cff581f5e7b89a60b044af4721181408c271e821f1413201ca6/resolv.conf","HostnamePath":"/var/lib/docker/containers/c37a42694b7d1cff581f5e7b89a60b044af4721181408c271e821f1413201ca6/hostname","HostsPath":"/var/lib/docker/containers/c37a42694b7d1cff581f5e7b89a60b044af4721181408c271e821f1413201ca6/hosts","LogPath":"/var/lib/docker/containers/c37a42694b7d1cff581f5e7b89a60b044af4721181408c271e821f1413201ca6/c37a42694b7d1cff581f5e7b89a60b044af4721181408c271e821f1413201ca6-json.log","Name":"/elegant_mahavira","RestartCount":0,"Driver":"overlay2","Platform":"linux","MountLabel":"","ProcessLabel":"","AppArmorProfile":"","ExecIDs":null,"HostConfig":{"Binds":[],"ContainerIDFile":"","LogConfig":{"Type":"json-file","Config":{}},"NetworkMode":"default","PortBindings":{"3306/tcp":[{"HostIp":"0.0.0.0","HostPort":"0"}]},"RestartPolicy":{"Name":"","MaximumRetryCount":0},"AutoRemove":false,"VolumeDriver":"","VolumesFrom":[],"CapAdd":null,"CapDrop":null,"CgroupnsMode":"private","Dns":null,"DnsOptions":null,"DnsSearch":null,"ExtraHosts":[],"GroupAdd":null,"IpcMode":"shareable","Cgroup":"","Links":null,"OomScoreAdj":0,"PidMode":"","Privileged":false,"PublishAllPorts":false,"ReadonlyRootfs":false,"SecurityOpt":null,"UTSMode":"","UsernsMode":"","ShmSize":67108864,"Runtime":"runc","ConsoleSize":[0,0],"Isolation":"","CpuShares":0,"Memory":0,"NanoCpus":0,"CgroupParent":"","BlkioWeight":0,"BlkioWeightDevice":null,"BlkioDeviceReadBps":null,"BlkioDeviceWriteBps":null,"BlkioDeviceReadIOps":null,"BlkioDeviceWriteIOps":null,"CpuPeriod":0,"CpuQuota":0,"CpuRealtimePeriod":0,"CpuRealtimeRuntime":0,"CpusetCpus":"","CpusetMems":"","Devices":null,"DeviceCgroupRules":null,"DeviceRequests":null,"KernelMemory":0,"KernelMemoryTCP":0,"MemoryReservation":0,"MemorySwap":0,"MemorySwappiness":null,"OomKillDisable":null,"PidsLimit":null,"Ulimits":null,"CpuCount":0,"CpuPercent":0,"IOMaximumIOps":0,"IOMaximumBandwidth":0,"MaskedPaths":["/proc/asound","/proc/acpi","/proc/kcore","/proc/keys","/proc/latency_stats","/proc/timer_list","/proc/timer_stats","/proc/sched_debug","/proc/scsi","/sys/firmware"],"ReadonlyPaths":["/proc/bus","/proc/fs","/proc/irq","/proc/sys","/proc/sysrq-trigger"]},"GraphDriver":{"Data":{"LowerDir":"/var/lib/docker/overlay2/2c15a904a49807090175d7750f18e0f6a57e99c38a424839679cbaf676a4d500-init/diff:/var/lib/docker/overlay2/1bd8849d7a296305617011f940aa5cfabbe972a513397b1b6bbc27639b6c1f30/diff:/var/lib/docker/overlay2/199d69b2fbf78af4d4c95dec4fd2f8835ab0347eb49fb20ebb2ff3b99fedd6ad/diff:/var/lib/docker/overlay2/d83c38d654989311f75b9491329846033bfb7714de76ef635380dcfad5c740d9/diff:/var/lib/docker/overlay2/08600d0aea2ab2728bebcf5d2589c640a842f53d1ba3c4a4adccb4d03b923cf6/diff:/var/lib/docker/overlay2/9ec7c63a3fb14d13ac788bbf5e282ca821edc41260b79944e5e631037d13ecda/diff:/var/lib/docker/overlay2/db601d7a1b4ea6da638db620462f0da96fa55c559d02269c9ddb09027936ed87/diff:/var/lib/docker/overlay2/a6d2bd03f942e2565f21e74cfe152c7ec836a1c2b583f0790c685b92bdcfda24/diff:/var/lib/docker/overlay2/9badd16ea2c5e2bf1fde8b579683e41137dfc46ed5449234149f199a6751cc84/diff:/var/lib/docker/overlay2/6efb85646ed12e2d1181ef4cc6f6f6732c00c15a4035fe17ebc4f075ca573c30/diff:/var/lib/docker/overlay2/895d7c0ec09144d6ed33936f4e98e11c18010f7abd708cae1ce43aec7a7f2621/diff:/var/lib/docker/overlay2/1c4ba77aa573ab6e5e5069fd15eae71b3da940bde0f97a922a227ffc8a1d1096/diff","MergedDir":"/var/lib/docker/overlay2/2c15a904a49807090175d7750f18e0f6a57e99c38a424839679cbaf676a4d500/merged","UpperDir":"/var/lib/docker/overlay2/2c15a904a49807090175d7750f18e0f6a57e99c38a424839679cbaf676a4d500/diff","WorkDir":"/var/lib/docker/overlay2/2c15a904a49807090175d7750f18e0f6a57e99c38a424839679cbaf676a4d500/work"},"Name":"overlay2"},"Mounts":[{"Type":"volume","Name":"44a9389ce95a2961210e86afd6afe42b23405f43157b5dc00e010d283c01df79","Source":"/var/lib/docker/volumes/44a9389ce95a2961210e86afd6afe42b23405f43157b5dc00e010d283c01df79/_data","Destination":"/var/lib/mysql","Driver":"local","Mode":"","RW":true,"Propagation":""}],"Config":{"Hostname":"c37a42694b7d","Domainname":"","User":"","AttachStdin":false,"AttachStdout":false,"AttachStderr":false,"ExposedPorts":{"3306/tcp":{},"33060/tcp":{}},"Tty":false,"OpenStdin":false,"StdinOnce":false,"Env":["MYSQL_DATABASE=adm_videos","MYSQL_PASSWORD=123456","MYSQL_ROOT_PASSWORD=123456","PATH=/usr/local/sbin:/usr/local/bin:/usr/sbin:/usr/bin:/sbin:/bin","GOSU_VERSION=1.16","MYSQL_MAJOR=8.0","MYSQL_VERSION=8.0.32-1.el8","MYSQL_SHELL_VERSION=8.0.32-1.el8"],"Cmd":["mysqld"],"Image":"mysql:latest","Volumes":{"/var/lib/mysql":{}},"WorkingDir":"","Entrypoint":["docker-entrypoint.sh"],"OnBuild":null,"Labels":{"org.testcontainers":"true","org.testcontainers.lang":"java","org.testcontainers.sessionId":"818a13d9-e138-4e41-b5a4-74fd927e6a2d","org.testcontainers.version":"1.17.6"}},"NetworkSettings":{"Bridge":"","SandboxID":"bd1f3a626f226e407a1a406212013b21c93b302c93f9fd53a405b7fc5ff825b3","HairpinMode":false,"LinkLocalIPv6Address":"","LinkLocalIPv6PrefixLen":0,"Ports":{"3306/tcp":[{"HostIp":"0.0.0.0","HostPort":"56289"}],"33060/tcp":null},"SandboxKey":"/var/run/docker/netns/bd1f3a626f22","SecondaryIPAddresses":null,"SecondaryIPv6Addresses":null,"EndpointID":"a2b725c0c5ce4503f8e45e0c2adc4455b29a53a4866d3f23b2bce893a084641f","Gateway":"172.17.0.1","GlobalIPv6Address":"","GlobalIPv6PrefixLen":0,"IPAddress":"172.17.0.3","IPPrefixLen":16,"IPv6Gateway":"","MacAddress":"02:42:ac:11:00:03","Networks":{"bridge":{"IPAMConfig":null,"Links":null,"Aliases":null,"NetworkID":"308e234c143065751b16b4500cb9f48d5c7fc2116504b3d816a5e51cd4771062","EndpointID":"a2b725c0c5ce4503f8e45e0c2adc4455b29a53a4866d3f23b2bce893a084641f","Gateway":"172.17.0.1","IPAddress":"172.17.0.3","IPPrefixLen":16,"IPv6Gateway":"","GlobalIPv6Address":"","GlobalIPv6PrefixLen":0,"MacAddress":"02:42:ac:11:00:03","DriverOpts":null}}}}[\n]"
23:55:06.768 [Test worker] DEBUG com.github.dockerjava.zerodep.shaded.org.apache.hc.client5.http.wire - http-outgoing-2 << "[\r][\n]"
23:55:06.768 [Test worker] DEBUG com.github.dockerjava.zerodep.shaded.org.apache.hc.client5.http.wire - http-outgoing-2 << "0[\r][\n]"
23:55:06.768 [Test worker] DEBUG com.github.dockerjava.zerodep.shaded.org.apache.hc.client5.http.wire - http-outgoing-2 << "[\r][\n]"
23:55:06.768 [Test worker] DEBUG com.github.dockerjava.zerodep.shaded.org.apache.hc.client5.http.impl.classic.InternalHttpClient - ep-0000002A: releasing valid endpoint
23:55:06.768 [Test worker] DEBUG com.github.dockerjava.zerodep.shaded.org.apache.hc.client5.http.impl.io.PoolingHttpClientConnectionManager - ep-0000002A: releasing endpoint
23:55:06.768 [Test worker] DEBUG com.github.dockerjava.zerodep.shaded.org.apache.hc.client5.http.impl.io.PoolingHttpClientConnectionManager - ep-0000002A: connection http-outgoing-2 can be kept alive for 3 MINUTES
23:55:06.769 [Test worker] DEBUG com.github.dockerjava.zerodep.shaded.org.apache.hc.client5.http.impl.io.PoolingHttpClientConnectionManager - ep-0000002A: connection released [route: {}->unix://localhost:2375][total available: 1; route allocated: 1 of 2147483647; total allocated: 1 of 2147483647]
23:55:06.769 [Test worker] DEBUG ]]>&#x1f433;<![CDATA[ [mysql:latest] - Trying to create JDBC connection using com.mysql.cj.jdbc.Driver to jdbc:mysql://localhost:56289/adm_videos?useSSL=false&allowPublicKeyRetrieval=true with properties: {password=123456, user=root}
23:55:06.877 [Test worker] DEBUG org.testcontainers.shaded.com.github.dockerjava.core.command.AbstrDockerCmd - Cmd: c37a42694b7d1cff581f5e7b89a60b044af4721181408c271e821f1413201ca6,false
23:55:06.877 [Test worker] DEBUG org.testcontainers.shaded.com.github.dockerjava.core.exec.InspectContainerCmdExec - GET: DefaultWebTarget{path=[/containers/c37a42694b7d1cff581f5e7b89a60b044af4721181408c271e821f1413201ca6/json], queryParams={}}
23:55:06.877 [Test worker] DEBUG com.github.dockerjava.zerodep.shaded.org.apache.hc.client5.http.impl.classic.InternalHttpClient - ex-0000002C: preparing request execution
23:55:06.878 [Test worker] DEBUG com.github.dockerjava.zerodep.shaded.org.apache.hc.client5.http.protocol.RequestAddCookies - Cookie spec selected: strict
23:55:06.878 [Test worker] DEBUG com.github.dockerjava.zerodep.shaded.org.apache.hc.client5.http.protocol.RequestAuthCache - Auth cache not set in the context
23:55:06.878 [Test worker] DEBUG com.github.dockerjava.zerodep.shaded.org.apache.hc.client5.http.impl.classic.ProtocolExec - ex-0000002C: target auth state: UNCHALLENGED
23:55:06.878 [Test worker] DEBUG com.github.dockerjava.zerodep.shaded.org.apache.hc.client5.http.impl.classic.ProtocolExec - ex-0000002C: proxy auth state: UNCHALLENGED
23:55:06.878 [Test worker] DEBUG com.github.dockerjava.zerodep.shaded.org.apache.hc.client5.http.impl.classic.ConnectExec - ex-0000002C: acquiring connection with route {}->unix://localhost:2375
23:55:06.878 [Test worker] DEBUG com.github.dockerjava.zerodep.shaded.org.apache.hc.client5.http.impl.classic.InternalHttpClient - ex-0000002C: acquiring endpoint (3 MINUTES)
23:55:06.878 [Test worker] DEBUG com.github.dockerjava.zerodep.shaded.org.apache.hc.client5.http.impl.io.PoolingHttpClientConnectionManager - ex-0000002C: endpoint lease request (3 MINUTES) [route: {}->unix://localhost:2375][total available: 1; route allocated: 1 of 2147483647; total allocated: 1 of 2147483647]
23:55:06.878 [Test worker] DEBUG com.github.dockerjava.zerodep.shaded.org.apache.hc.client5.http.impl.io.PoolingHttpClientConnectionManager - ex-0000002C: endpoint leased [route: {}->unix://localhost:2375][total available: 0; route allocated: 1 of 2147483647; total allocated: 1 of 2147483647]
23:55:06.878 [Test worker] DEBUG com.github.dockerjava.zerodep.shaded.org.apache.hc.client5.http.impl.io.PoolingHttpClientConnectionManager - ex-0000002C: acquired ep-0000002B
23:55:06.878 [Test worker] DEBUG com.github.dockerjava.zerodep.shaded.org.apache.hc.client5.http.impl.classic.InternalHttpClient - ex-0000002C: acquired endpoint ep-0000002B
23:55:06.878 [Test worker] DEBUG com.github.dockerjava.zerodep.shaded.org.apache.hc.client5.http.impl.classic.MainClientExec - ex-0000002C: executing GET /v1.32/containers/c37a42694b7d1cff581f5e7b89a60b044af4721181408c271e821f1413201ca6/json HTTP/1.1
23:55:06.878 [Test worker] DEBUG com.github.dockerjava.zerodep.shaded.org.apache.hc.client5.http.impl.classic.InternalHttpClient - ep-0000002B: start execution ex-0000002C
23:55:06.878 [Test worker] DEBUG com.github.dockerjava.zerodep.shaded.org.apache.hc.client5.http.impl.io.PoolingHttpClientConnectionManager - ep-0000002B: executing exchange ex-0000002C over http-outgoing-2
23:55:06.878 [Test worker] DEBUG com.github.dockerjava.zerodep.shaded.org.apache.hc.client5.http.headers - http-outgoing-2 >> GET /v1.32/containers/c37a42694b7d1cff581f5e7b89a60b044af4721181408c271e821f1413201ca6/json HTTP/1.1
23:55:06.878 [Test worker] DEBUG com.github.dockerjava.zerodep.shaded.org.apache.hc.client5.http.headers - http-outgoing-2 >> accept: application/json
23:55:06.878 [Test worker] DEBUG com.github.dockerjava.zerodep.shaded.org.apache.hc.client5.http.headers - http-outgoing-2 >> x-tc-sid: 818a13d9-e138-4e41-b5a4-74fd927e6a2d
23:55:06.878 [Test worker] DEBUG com.github.dockerjava.zerodep.shaded.org.apache.hc.client5.http.headers - http-outgoing-2 >> Accept-Encoding: gzip, x-gzip, deflate
23:55:06.878 [Test worker] DEBUG com.github.dockerjava.zerodep.shaded.org.apache.hc.client5.http.headers - http-outgoing-2 >> Host: localhost:2375
23:55:06.878 [Test worker] DEBUG com.github.dockerjava.zerodep.shaded.org.apache.hc.client5.http.headers - http-outgoing-2 >> Connection: keep-alive
23:55:06.878 [Test worker] DEBUG com.github.dockerjava.zerodep.shaded.org.apache.hc.client5.http.headers - http-outgoing-2 >> User-Agent: Apache-HttpClient/5.0.3 (Java/17.0.2)
23:55:06.878 [Test worker] DEBUG com.github.dockerjava.zerodep.shaded.org.apache.hc.client5.http.wire - http-outgoing-2 >> "GET /v1.32/containers/c37a42694b7d1cff581f5e7b89a60b044af4721181408c271e821f1413201ca6/json HTTP/1.1[\r][\n]"
23:55:06.878 [Test worker] DEBUG com.github.dockerjava.zerodep.shaded.org.apache.hc.client5.http.wire - http-outgoing-2 >> "accept: application/json[\r][\n]"
23:55:06.878 [Test worker] DEBUG com.github.dockerjava.zerodep.shaded.org.apache.hc.client5.http.wire - http-outgoing-2 >> "x-tc-sid: 818a13d9-e138-4e41-b5a4-74fd927e6a2d[\r][\n]"
23:55:06.878 [Test worker] DEBUG com.github.dockerjava.zerodep.shaded.org.apache.hc.client5.http.wire - http-outgoing-2 >> "Accept-Encoding: gzip, x-gzip, deflate[\r][\n]"
23:55:06.878 [Test worker] DEBUG com.github.dockerjava.zerodep.shaded.org.apache.hc.client5.http.wire - http-outgoing-2 >> "Host: localhost:2375[\r][\n]"
23:55:06.878 [Test worker] DEBUG com.github.dockerjava.zerodep.shaded.org.apache.hc.client5.http.wire - http-outgoing-2 >> "Connection: keep-alive[\r][\n]"
23:55:06.878 [Test worker] DEBUG com.github.dockerjava.zerodep.shaded.org.apache.hc.client5.http.wire - http-outgoing-2 >> "User-Agent: Apache-HttpClient/5.0.3 (Java/17.0.2)[\r][\n]"
23:55:06.878 [Test worker] DEBUG com.github.dockerjava.zerodep.shaded.org.apache.hc.client5.http.wire - http-outgoing-2 >> "[\r][\n]"
23:55:06.881 [Test worker] DEBUG com.github.dockerjava.zerodep.shaded.org.apache.hc.client5.http.wire - http-outgoing-2 << "HTTP/1.1 200 OK[\r][\n]"
23:55:06.881 [Test worker] DEBUG com.github.dockerjava.zerodep.shaded.org.apache.hc.client5.http.wire - http-outgoing-2 << "Api-Version: 1.41[\r][\n]"
23:55:06.881 [Test worker] DEBUG com.github.dockerjava.zerodep.shaded.org.apache.hc.client5.http.wire - http-outgoing-2 << "Content-Type: application/json[\r][\n]"
23:55:06.881 [Test worker] DEBUG com.github.dockerjava.zerodep.shaded.org.apache.hc.client5.http.wire - http-outgoing-2 << "Date: Mon, 27 Mar 2023 02:55:06 GMT[\r][\n]"
23:55:06.881 [Test worker] DEBUG com.github.dockerjava.zerodep.shaded.org.apache.hc.client5.http.wire - http-outgoing-2 << "Docker-Experimental: false[\r][\n]"
23:55:06.881 [Test worker] DEBUG com.github.dockerjava.zerodep.shaded.org.apache.hc.client5.http.wire - http-outgoing-2 << "Ostype: linux[\r][\n]"
23:55:06.881 [Test worker] DEBUG com.github.dockerjava.zerodep.shaded.org.apache.hc.client5.http.wire - http-outgoing-2 << "Server: Docker/20.10.21 (linux)[\r][\n]"
23:55:06.881 [Test worker] DEBUG com.github.dockerjava.zerodep.shaded.org.apache.hc.client5.http.wire - http-outgoing-2 << "Transfer-Encoding: chunked[\r][\n]"
23:55:06.881 [Test worker] DEBUG com.github.dockerjava.zerodep.shaded.org.apache.hc.client5.http.wire - http-outgoing-2 << "[\r][\n]"
23:55:06.881 [Test worker] DEBUG com.github.dockerjava.zerodep.shaded.org.apache.hc.client5.http.headers - http-outgoing-2 << HTTP/1.1 200 OK
23:55:06.881 [Test worker] DEBUG com.github.dockerjava.zerodep.shaded.org.apache.hc.client5.http.headers - http-outgoing-2 << Api-Version: 1.41
23:55:06.881 [Test worker] DEBUG com.github.dockerjava.zerodep.shaded.org.apache.hc.client5.http.headers - http-outgoing-2 << Content-Type: application/json
23:55:06.881 [Test worker] DEBUG com.github.dockerjava.zerodep.shaded.org.apache.hc.client5.http.headers - http-outgoing-2 << Date: Mon, 27 Mar 2023 02:55:06 GMT
23:55:06.881 [Test worker] DEBUG com.github.dockerjava.zerodep.shaded.org.apache.hc.client5.http.headers - http-outgoing-2 << Docker-Experimental: false
23:55:06.881 [Test worker] DEBUG com.github.dockerjava.zerodep.shaded.org.apache.hc.client5.http.headers - http-outgoing-2 << Ostype: linux
23:55:06.881 [Test worker] DEBUG com.github.dockerjava.zerodep.shaded.org.apache.hc.client5.http.headers - http-outgoing-2 << Server: Docker/20.10.21 (linux)
23:55:06.881 [Test worker] DEBUG com.github.dockerjava.zerodep.shaded.org.apache.hc.client5.http.headers - http-outgoing-2 << Transfer-Encoding: chunked
23:55:06.881 [Test worker] DEBUG com.github.dockerjava.zerodep.shaded.org.apache.hc.client5.http.impl.classic.MainClientExec - ex-0000002C: connection can be kept alive for 3 MINUTES
23:55:06.883 [Test worker] DEBUG com.github.dockerjava.zerodep.shaded.org.apache.hc.client5.http.wire - http-outgoing-2 << "18c1[\r][\n]"
23:55:06.883 [Test worker] DEBUG com.github.dockerjava.zerodep.shaded.org.apache.hc.client5.http.wire - http-outgoing-2 << "{"Id":"c37a42694b7d1cff581f5e7b89a60b044af4721181408c271e821f1413201ca6","Created":"2023-03-27T02:55:02.49734542Z","Path":"docker-entrypoint.sh","Args":["mysqld"],"State":{"Status":"running","Running":true,"Paused":false,"Restarting":false,"OOMKilled":false,"Dead":false,"Pid":18342,"ExitCode":0,"Error":"","StartedAt":"2023-03-27T02:55:03.12719392Z","FinishedAt":"0001-01-01T00:00:00Z"},"Image":"sha256:c7c54c29e20dccc1aefb936c8eba8bb8b98b87a4921102aba87fde2df5810af9","ResolvConfPath":"/var/lib/docker/containers/c37a42694b7d1cff581f5e7b89a60b044af4721181408c271e821f1413201ca6/resolv.conf","HostnamePath":"/var/lib/docker/containers/c37a42694b7d1cff581f5e7b89a60b044af4721181408c271e821f1413201ca6/hostname","HostsPath":"/var/lib/docker/containers/c37a42694b7d1cff581f5e7b89a60b044af4721181408c271e821f1413201ca6/hosts","LogPath":"/var/lib/docker/containers/c37a42694b7d1cff581f5e7b89a60b044af4721181408c271e821f1413201ca6/c37a42694b7d1cff581f5e7b89a60b044af4721181408c271e821f1413201ca6-json.log","Name":"/elegant_mahavira","RestartCount":0,"Driver":"overlay2","Platform":"linux","MountLabel":"","ProcessLabel":"","AppArmorProfile":"","ExecIDs":null,"HostConfig":{"Binds":[],"ContainerIDFile":"","LogConfig":{"Type":"json-file","Config":{}},"NetworkMode":"default","PortBindings":{"3306/tcp":[{"HostIp":"0.0.0.0","HostPort":"0"}]},"RestartPolicy":{"Name":"","MaximumRetryCount":0},"AutoRemove":false,"VolumeDriver":"","VolumesFrom":[],"CapAdd":null,"CapDrop":null,"CgroupnsMode":"private","Dns":null,"DnsOptions":null,"DnsSearch":null,"ExtraHosts":[],"GroupAdd":null,"IpcMode":"shareable","Cgroup":"","Links":null,"OomScoreAdj":0,"PidMode":"","Privileged":false,"PublishAllPorts":false,"ReadonlyRootfs":false,"SecurityOpt":null,"UTSMode":"","UsernsMode":"","ShmSize":67108864,"Runtime":"runc","ConsoleSize":[0,0],"Isolation":"","CpuShares":0,"Memory":0,"NanoCpus":0,"CgroupParent":"","BlkioWeight":0,"BlkioWeightDevice":null,"BlkioDeviceReadBps":null,"BlkioDeviceWriteBps":null,"BlkioDeviceReadIOps":null,"BlkioDeviceWriteIOps":null,"CpuPeriod":0,"CpuQuota":0,"CpuRealtimePeriod":0,"CpuRealtimeRuntime":0,"CpusetCpus":"","CpusetMems":"","Devices":null,"DeviceCgroupRules":null,"DeviceRequests":null,"KernelMemory":0,"KernelMemoryTCP":0,"MemoryReservation":0,"MemorySwap":0,"MemorySwappiness":null,"OomKillDisable":null,"PidsLimit":null,"Ulimits":null,"CpuCount":0,"CpuPercent":0,"IOMaximumIOps":0,"IOMaximumBandwidth":0,"MaskedPaths":["/proc/asound","/proc/acpi","/proc/kcore","/proc/keys","/proc/latency_stats","/proc/timer_list","/proc/timer_stats","/proc/sched_debug","/proc/scsi","/sys/firmware"],"ReadonlyPaths":["/proc/bus","/proc/fs","/proc/irq","/proc/sys","/proc/sysrq-trigger"]},"GraphDriver":{"Data":{"LowerDir":"/var/lib/docker/overlay2/2c15a904a49807090175d7750f18e0f6a57e99c38a424839679cbaf676a4d500-init/diff:/var/lib/docker/overlay2/1bd8849d7a296305617011f940aa5cfabbe972a513397b1b6bbc27639b6c1f30/diff:/var/lib/docker/overlay2/199d69b2fbf78af4d4c95dec4fd2f8835ab0347eb49fb20ebb2ff3b99fedd6ad/diff:/var/lib/docker/overlay2/d83c38d654989311f75b9491329846033bfb7714de76ef635380dcfad5c740d9/diff:/var/lib/docker/overlay2/08600d0aea2ab2728bebcf5d2589c640a842f53d1ba3c4a4adccb4d03b923cf6/diff:/var/lib/docker/overlay2/9ec7c63a3fb14d13ac788bbf5e282ca821edc41260b79944e5e631037d13ecda/diff:/var/lib/docker/overlay2/db601d7a1b4ea6da638db620462f0da96fa55c559d02269c9ddb09027936ed87/diff:/var/lib/docker/overlay2/a6d2bd03f942e2565f21e74cfe152c7ec836a1c2b583f0790c685b92bdcfda24/diff:/var/lib/docker/overlay2/9badd16ea2c5e2bf1fde8b579683e41137dfc46ed5449234149f199a6751cc84/diff:/var/lib/docker/overlay2/6efb85646ed12e2d1181ef4cc6f6f6732c00c15a4035fe17ebc4f075ca573c30/diff:/var/lib/docker/overlay2/895d7c0ec09144d6ed33936f4e98e11c18010f7abd708cae1ce43aec7a7f2621/diff:/var/lib/docker/overlay2/1c4ba77aa573ab6e5e5069fd15eae71b3da940bde0f97a922a227ffc8a1d1096/diff","MergedDir":"/var/lib/docker/overlay2/2c15a904a49807090175d7750f18e0f6a57e99c38a424839679cbaf676a4d500/merged","UpperDir":"/var/lib/docker/overlay2/2c15a904a49807090175d7750f18e0f6a57e99c38a424839679cbaf676a4d500/diff","WorkDir":"/var/lib/docker/overlay2/2c15a904a49807090175d7750f18e0f6a57e99c38a424839679cbaf676a4d500/work"},"Name":"overlay2"},"Mounts":[{"Type":"volume","Name":"44a9389ce95a2961210e86afd6afe42b23405f43157b5dc00e010d283c01df79","Source":"/var/lib/docker/volumes/44a9389ce95a2961210e86afd6afe42b23405f43157b5dc00e010d283c01df79/_data","Destination":"/var/lib/mysql","Driver":"local","Mode":"","RW":true,"Propagation":""}],"Config":{"Hostname":"c37a42694b7d","Domainname":"","User":"","AttachStdin":false,"AttachStdout":false,"AttachStderr":false,"ExposedPorts":{"3306/tcp":{},"33060/tcp":{}},"Tty":false,"OpenStdin":false,"StdinOnce":false,"Env":["MYSQL_DATABASE=adm_videos","MYSQL_PASSWORD=123456","MYSQL_ROOT_PASSWORD=123456","PATH=/usr/local/sbin:/usr/local/bin:/usr/sbin:/usr/bin:/sbin:/bin","GOSU_VERSION=1.16","MYSQL_MAJOR=8.0","MYSQL_VERSION=8.0.32-1.el8","MYSQL_SHELL_VERSION=8.0.32-1.el8"],"Cmd":["mysqld"],"Image":"mysql:latest","Volumes":{"/var/lib/mysql":{}},"WorkingDir":"","Entrypoint":["docker-entrypoint.sh"],"OnBuild":null,"Labels":{"org.testcontainers":"true","org.testcontainers.lang":"java","org.testcontainers.sessionId":"818a13d9-e138-4e41-b5a4-74fd927e6a2d","org.testcontainers.version":"1.17.6"}},"NetworkSettings":{"Bridge":"","SandboxID":"bd1f3a626f226e407a1a406212013b21c93b302c93f9fd53a405b7fc5ff825b3","HairpinMode":false,"LinkLocalIPv6Address":"","LinkLocalIPv6PrefixLen":0,"Ports":{"3306/tcp":[{"HostIp":"0.0.0.0","HostPort":"56289"}],"33060/tcp":null},"SandboxKey":"/var/run/docker/netns/bd1f3a626f22","SecondaryIPAddresses":null,"SecondaryIPv6Addresses":null,"EndpointID":"a2b725c0c5ce4503f8e45e0c2adc4455b29a53a4866d3f23b2bce893a084641f","Gateway":"172.17.0.1","GlobalIPv6Address":"","GlobalIPv6PrefixLen":0,"IPAddress":"172.17.0.3","IPPrefixLen":16,"IPv6Gateway":"","MacAddress":"02:42:ac:11:00:03","Networks":{"bridge":{"IPAMConfig":null,"Links":null,"Aliases":null,"NetworkID":"308e234c143065751b16b4500cb9f48d5c7fc2116504b3d816a5e51cd4771062","EndpointID":"a2b725c0c5ce4503f8e45e0c2adc4455b29a53a4866d3f23b2bce893a084641f","Gateway":"172.17.0.1","IPAddress":"172.17.0.3","IPPrefixLen":16,"IPv6Gateway":"","GlobalIPv6Address":"","GlobalIPv6PrefixLen":0,"MacAddress":"02:42:ac:11:00:03","DriverOpts":null}}}}[\n]"
23:55:06.883 [Test worker] DEBUG com.github.dockerjava.zerodep.shaded.org.apache.hc.client5.http.wire - http-outgoing-2 << "[\r][\n]"
23:55:06.884 [Test worker] DEBUG com.github.dockerjava.zerodep.shaded.org.apache.hc.client5.http.wire - http-outgoing-2 << "0[\r][\n]"
23:55:06.884 [Test worker] DEBUG com.github.dockerjava.zerodep.shaded.org.apache.hc.client5.http.wire - http-outgoing-2 << "[\r][\n]"
23:55:06.884 [Test worker] DEBUG com.github.dockerjava.zerodep.shaded.org.apache.hc.client5.http.impl.classic.InternalHttpClient - ep-0000002B: releasing valid endpoint
23:55:06.884 [Test worker] DEBUG com.github.dockerjava.zerodep.shaded.org.apache.hc.client5.http.impl.io.PoolingHttpClientConnectionManager - ep-0000002B: releasing endpoint
23:55:06.884 [Test worker] DEBUG com.github.dockerjava.zerodep.shaded.org.apache.hc.client5.http.impl.io.PoolingHttpClientConnectionManager - ep-0000002B: connection http-outgoing-2 can be kept alive for 3 MINUTES
23:55:06.884 [Test worker] DEBUG com.github.dockerjava.zerodep.shaded.org.apache.hc.client5.http.impl.io.PoolingHttpClientConnectionManager - ep-0000002B: connection released [route: {}->unix://localhost:2375][total available: 1; route allocated: 1 of 2147483647; total allocated: 1 of 2147483647]
23:55:06.884 [Test worker] DEBUG ]]>&#x1f433;<![CDATA[ [mysql:latest] - Trying to create JDBC connection using com.mysql.cj.jdbc.Driver to jdbc:mysql://localhost:56289/adm_videos?useSSL=false&allowPublicKeyRetrieval=true with properties: {password=123456, user=root}
23:55:06.988 [Test worker] DEBUG org.testcontainers.shaded.com.github.dockerjava.core.command.AbstrDockerCmd - Cmd: c37a42694b7d1cff581f5e7b89a60b044af4721181408c271e821f1413201ca6,false
23:55:06.989 [Test worker] DEBUG org.testcontainers.shaded.com.github.dockerjava.core.exec.InspectContainerCmdExec - GET: DefaultWebTarget{path=[/containers/c37a42694b7d1cff581f5e7b89a60b044af4721181408c271e821f1413201ca6/json], queryParams={}}
23:55:06.989 [Test worker] DEBUG com.github.dockerjava.zerodep.shaded.org.apache.hc.client5.http.impl.classic.InternalHttpClient - ex-0000002D: preparing request execution
23:55:06.989 [Test worker] DEBUG com.github.dockerjava.zerodep.shaded.org.apache.hc.client5.http.protocol.RequestAddCookies - Cookie spec selected: strict
23:55:06.989 [Test worker] DEBUG com.github.dockerjava.zerodep.shaded.org.apache.hc.client5.http.protocol.RequestAuthCache - Auth cache not set in the context
23:55:06.989 [Test worker] DEBUG com.github.dockerjava.zerodep.shaded.org.apache.hc.client5.http.impl.classic.ProtocolExec - ex-0000002D: target auth state: UNCHALLENGED
23:55:06.989 [Test worker] DEBUG com.github.dockerjava.zerodep.shaded.org.apache.hc.client5.http.impl.classic.ProtocolExec - ex-0000002D: proxy auth state: UNCHALLENGED
23:55:06.989 [Test worker] DEBUG com.github.dockerjava.zerodep.shaded.org.apache.hc.client5.http.impl.classic.ConnectExec - ex-0000002D: acquiring connection with route {}->unix://localhost:2375
23:55:06.989 [Test worker] DEBUG com.github.dockerjava.zerodep.shaded.org.apache.hc.client5.http.impl.classic.InternalHttpClient - ex-0000002D: acquiring endpoint (3 MINUTES)
23:55:06.989 [Test worker] DEBUG com.github.dockerjava.zerodep.shaded.org.apache.hc.client5.http.impl.io.PoolingHttpClientConnectionManager - ex-0000002D: endpoint lease request (3 MINUTES) [route: {}->unix://localhost:2375][total available: 1; route allocated: 1 of 2147483647; total allocated: 1 of 2147483647]
23:55:06.989 [Test worker] DEBUG com.github.dockerjava.zerodep.shaded.org.apache.hc.client5.http.impl.io.PoolingHttpClientConnectionManager - ex-0000002D: endpoint leased [route: {}->unix://localhost:2375][total available: 0; route allocated: 1 of 2147483647; total allocated: 1 of 2147483647]
23:55:06.989 [Test worker] DEBUG com.github.dockerjava.zerodep.shaded.org.apache.hc.client5.http.impl.io.PoolingHttpClientConnectionManager - ex-0000002D: acquired ep-0000002C
23:55:06.989 [Test worker] DEBUG com.github.dockerjava.zerodep.shaded.org.apache.hc.client5.http.impl.classic.InternalHttpClient - ex-0000002D: acquired endpoint ep-0000002C
23:55:06.989 [Test worker] DEBUG com.github.dockerjava.zerodep.shaded.org.apache.hc.client5.http.impl.classic.MainClientExec - ex-0000002D: executing GET /v1.32/containers/c37a42694b7d1cff581f5e7b89a60b044af4721181408c271e821f1413201ca6/json HTTP/1.1
23:55:06.989 [Test worker] DEBUG com.github.dockerjava.zerodep.shaded.org.apache.hc.client5.http.impl.classic.InternalHttpClient - ep-0000002C: start execution ex-0000002D
23:55:06.989 [Test worker] DEBUG com.github.dockerjava.zerodep.shaded.org.apache.hc.client5.http.impl.io.PoolingHttpClientConnectionManager - ep-0000002C: executing exchange ex-0000002D over http-outgoing-2
23:55:06.989 [Test worker] DEBUG com.github.dockerjava.zerodep.shaded.org.apache.hc.client5.http.headers - http-outgoing-2 >> GET /v1.32/containers/c37a42694b7d1cff581f5e7b89a60b044af4721181408c271e821f1413201ca6/json HTTP/1.1
23:55:06.989 [Test worker] DEBUG com.github.dockerjava.zerodep.shaded.org.apache.hc.client5.http.headers - http-outgoing-2 >> accept: application/json
23:55:06.989 [Test worker] DEBUG com.github.dockerjava.zerodep.shaded.org.apache.hc.client5.http.headers - http-outgoing-2 >> x-tc-sid: 818a13d9-e138-4e41-b5a4-74fd927e6a2d
23:55:06.989 [Test worker] DEBUG com.github.dockerjava.zerodep.shaded.org.apache.hc.client5.http.headers - http-outgoing-2 >> Accept-Encoding: gzip, x-gzip, deflate
23:55:06.989 [Test worker] DEBUG com.github.dockerjava.zerodep.shaded.org.apache.hc.client5.http.headers - http-outgoing-2 >> Host: localhost:2375
23:55:06.989 [Test worker] DEBUG com.github.dockerjava.zerodep.shaded.org.apache.hc.client5.http.headers - http-outgoing-2 >> Connection: keep-alive
23:55:06.989 [Test worker] DEBUG com.github.dockerjava.zerodep.shaded.org.apache.hc.client5.http.headers - http-outgoing-2 >> User-Agent: Apache-HttpClient/5.0.3 (Java/17.0.2)
23:55:06.989 [Test worker] DEBUG com.github.dockerjava.zerodep.shaded.org.apache.hc.client5.http.wire - http-outgoing-2 >> "GET /v1.32/containers/c37a42694b7d1cff581f5e7b89a60b044af4721181408c271e821f1413201ca6/json HTTP/1.1[\r][\n]"
23:55:06.989 [Test worker] DEBUG com.github.dockerjava.zerodep.shaded.org.apache.hc.client5.http.wire - http-outgoing-2 >> "accept: application/json[\r][\n]"
23:55:06.989 [Test worker] DEBUG com.github.dockerjava.zerodep.shaded.org.apache.hc.client5.http.wire - http-outgoing-2 >> "x-tc-sid: 818a13d9-e138-4e41-b5a4-74fd927e6a2d[\r][\n]"
23:55:06.989 [Test worker] DEBUG com.github.dockerjava.zerodep.shaded.org.apache.hc.client5.http.wire - http-outgoing-2 >> "Accept-Encoding: gzip, x-gzip, deflate[\r][\n]"
23:55:06.989 [Test worker] DEBUG com.github.dockerjava.zerodep.shaded.org.apache.hc.client5.http.wire - http-outgoing-2 >> "Host: localhost:2375[\r][\n]"
23:55:06.989 [Test worker] DEBUG com.github.dockerjava.zerodep.shaded.org.apache.hc.client5.http.wire - http-outgoing-2 >> "Connection: keep-alive[\r][\n]"
23:55:06.989 [Test worker] DEBUG com.github.dockerjava.zerodep.shaded.org.apache.hc.client5.http.wire - http-outgoing-2 >> "User-Agent: Apache-HttpClient/5.0.3 (Java/17.0.2)[\r][\n]"
23:55:06.989 [Test worker] DEBUG com.github.dockerjava.zerodep.shaded.org.apache.hc.client5.http.wire - http-outgoing-2 >> "[\r][\n]"
23:55:06.993 [Test worker] DEBUG com.github.dockerjava.zerodep.shaded.org.apache.hc.client5.http.wire - http-outgoing-2 << "HTTP/1.1 200 OK[\r][\n]"
23:55:06.993 [Test worker] DEBUG com.github.dockerjava.zerodep.shaded.org.apache.hc.client5.http.wire - http-outgoing-2 << "Api-Version: 1.41[\r][\n]"
23:55:06.993 [Test worker] DEBUG com.github.dockerjava.zerodep.shaded.org.apache.hc.client5.http.wire - http-outgoing-2 << "Content-Type: application/json[\r][\n]"
23:55:06.993 [Test worker] DEBUG com.github.dockerjava.zerodep.shaded.org.apache.hc.client5.http.wire - http-outgoing-2 << "Date: Mon, 27 Mar 2023 02:55:06 GMT[\r][\n]"
23:55:06.993 [Test worker] DEBUG com.github.dockerjava.zerodep.shaded.org.apache.hc.client5.http.wire - http-outgoing-2 << "Docker-Experimental: false[\r][\n]"
23:55:06.993 [Test worker] DEBUG com.github.dockerjava.zerodep.shaded.org.apache.hc.client5.http.wire - http-outgoing-2 << "Ostype: linux[\r][\n]"
23:55:06.993 [Test worker] DEBUG com.github.dockerjava.zerodep.shaded.org.apache.hc.client5.http.wire - http-outgoing-2 << "Server: Docker/20.10.21 (linux)[\r][\n]"
23:55:06.993 [Test worker] DEBUG com.github.dockerjava.zerodep.shaded.org.apache.hc.client5.http.wire - http-outgoing-2 << "Transfer-Encoding: chunked[\r][\n]"
23:55:06.993 [Test worker] DEBUG com.github.dockerjava.zerodep.shaded.org.apache.hc.client5.http.wire - http-outgoing-2 << "[\r][\n]"
23:55:06.993 [Test worker] DEBUG com.github.dockerjava.zerodep.shaded.org.apache.hc.client5.http.headers - http-outgoing-2 << HTTP/1.1 200 OK
23:55:06.993 [Test worker] DEBUG com.github.dockerjava.zerodep.shaded.org.apache.hc.client5.http.headers - http-outgoing-2 << Api-Version: 1.41
23:55:06.993 [Test worker] DEBUG com.github.dockerjava.zerodep.shaded.org.apache.hc.client5.http.headers - http-outgoing-2 << Content-Type: application/json
23:55:06.993 [Test worker] DEBUG com.github.dockerjava.zerodep.shaded.org.apache.hc.client5.http.headers - http-outgoing-2 << Date: Mon, 27 Mar 2023 02:55:06 GMT
23:55:06.993 [Test worker] DEBUG com.github.dockerjava.zerodep.shaded.org.apache.hc.client5.http.headers - http-outgoing-2 << Docker-Experimental: false
23:55:06.993 [Test worker] DEBUG com.github.dockerjava.zerodep.shaded.org.apache.hc.client5.http.headers - http-outgoing-2 << Ostype: linux
23:55:06.993 [Test worker] DEBUG com.github.dockerjava.zerodep.shaded.org.apache.hc.client5.http.headers - http-outgoing-2 << Server: Docker/20.10.21 (linux)
23:55:06.993 [Test worker] DEBUG com.github.dockerjava.zerodep.shaded.org.apache.hc.client5.http.headers - http-outgoing-2 << Transfer-Encoding: chunked
23:55:06.993 [Test worker] DEBUG com.github.dockerjava.zerodep.shaded.org.apache.hc.client5.http.impl.classic.MainClientExec - ex-0000002D: connection can be kept alive for 3 MINUTES
23:55:06.995 [Test worker] DEBUG com.github.dockerjava.zerodep.shaded.org.apache.hc.client5.http.wire - http-outgoing-2 << "18c1[\r][\n]"
23:55:06.996 [Test worker] DEBUG com.github.dockerjava.zerodep.shaded.org.apache.hc.client5.http.wire - http-outgoing-2 << "{"Id":"c37a42694b7d1cff581f5e7b89a60b044af4721181408c271e821f1413201ca6","Created":"2023-03-27T02:55:02.49734542Z","Path":"docker-entrypoint.sh","Args":["mysqld"],"State":{"Status":"running","Running":true,"Paused":false,"Restarting":false,"OOMKilled":false,"Dead":false,"Pid":18342,"ExitCode":0,"Error":"","StartedAt":"2023-03-27T02:55:03.12719392Z","FinishedAt":"0001-01-01T00:00:00Z"},"Image":"sha256:c7c54c29e20dccc1aefb936c8eba8bb8b98b87a4921102aba87fde2df5810af9","ResolvConfPath":"/var/lib/docker/containers/c37a42694b7d1cff581f5e7b89a60b044af4721181408c271e821f1413201ca6/resolv.conf","HostnamePath":"/var/lib/docker/containers/c37a42694b7d1cff581f5e7b89a60b044af4721181408c271e821f1413201ca6/hostname","HostsPath":"/var/lib/docker/containers/c37a42694b7d1cff581f5e7b89a60b044af4721181408c271e821f1413201ca6/hosts","LogPath":"/var/lib/docker/containers/c37a42694b7d1cff581f5e7b89a60b044af4721181408c271e821f1413201ca6/c37a42694b7d1cff581f5e7b89a60b044af4721181408c271e821f1413201ca6-json.log","Name":"/elegant_mahavira","RestartCount":0,"Driver":"overlay2","Platform":"linux","MountLabel":"","ProcessLabel":"","AppArmorProfile":"","ExecIDs":null,"HostConfig":{"Binds":[],"ContainerIDFile":"","LogConfig":{"Type":"json-file","Config":{}},"NetworkMode":"default","PortBindings":{"3306/tcp":[{"HostIp":"0.0.0.0","HostPort":"0"}]},"RestartPolicy":{"Name":"","MaximumRetryCount":0},"AutoRemove":false,"VolumeDriver":"","VolumesFrom":[],"CapAdd":null,"CapDrop":null,"CgroupnsMode":"private","Dns":null,"DnsOptions":null,"DnsSearch":null,"ExtraHosts":[],"GroupAdd":null,"IpcMode":"shareable","Cgroup":"","Links":null,"OomScoreAdj":0,"PidMode":"","Privileged":false,"PublishAllPorts":false,"ReadonlyRootfs":false,"SecurityOpt":null,"UTSMode":"","UsernsMode":"","ShmSize":67108864,"Runtime":"runc","ConsoleSize":[0,0],"Isolation":"","CpuShares":0,"Memory":0,"NanoCpus":0,"CgroupParent":"","BlkioWeight":0,"BlkioWeightDevice":null,"BlkioDeviceReadBps":null,"BlkioDeviceWriteBps":null,"BlkioDeviceReadIOps":null,"BlkioDeviceWriteIOps":null,"CpuPeriod":0,"CpuQuota":0,"CpuRealtimePeriod":0,"CpuRealtimeRuntime":0,"CpusetCpus":"","CpusetMems":"","Devices":null,"DeviceCgroupRules":null,"DeviceRequests":null,"KernelMemory":0,"KernelMemoryTCP":0,"MemoryReservation":0,"MemorySwap":0,"MemorySwappiness":null,"OomKillDisable":null,"PidsLimit":null,"Ulimits":null,"CpuCount":0,"CpuPercent":0,"IOMaximumIOps":0,"IOMaximumBandwidth":0,"MaskedPaths":["/proc/asound","/proc/acpi","/proc/kcore","/proc/keys","/proc/latency_stats","/proc/timer_list","/proc/timer_stats","/proc/sched_debug","/proc/scsi","/sys/firmware"],"ReadonlyPaths":["/proc/bus","/proc/fs","/proc/irq","/proc/sys","/proc/sysrq-trigger"]},"GraphDriver":{"Data":{"LowerDir":"/var/lib/docker/overlay2/2c15a904a49807090175d7750f18e0f6a57e99c38a424839679cbaf676a4d500-init/diff:/var/lib/docker/overlay2/1bd8849d7a296305617011f940aa5cfabbe972a513397b1b6bbc27639b6c1f30/diff:/var/lib/docker/overlay2/199d69b2fbf78af4d4c95dec4fd2f8835ab0347eb49fb20ebb2ff3b99fedd6ad/diff:/var/lib/docker/overlay2/d83c38d654989311f75b9491329846033bfb7714de76ef635380dcfad5c740d9/diff:/var/lib/docker/overlay2/08600d0aea2ab2728bebcf5d2589c640a842f53d1ba3c4a4adccb4d03b923cf6/diff:/var/lib/docker/overlay2/9ec7c63a3fb14d13ac788bbf5e282ca821edc41260b79944e5e631037d13ecda/diff:/var/lib/docker/overlay2/db601d7a1b4ea6da638db620462f0da96fa55c559d02269c9ddb09027936ed87/diff:/var/lib/docker/overlay2/a6d2bd03f942e2565f21e74cfe152c7ec836a1c2b583f0790c685b92bdcfda24/diff:/var/lib/docker/overlay2/9badd16ea2c5e2bf1fde8b579683e41137dfc46ed5449234149f199a6751cc84/diff:/var/lib/docker/overlay2/6efb85646ed12e2d1181ef4cc6f6f6732c00c15a4035fe17ebc4f075ca573c30/diff:/var/lib/docker/overlay2/895d7c0ec09144d6ed33936f4e98e11c18010f7abd708cae1ce43aec7a7f2621/diff:/var/lib/docker/overlay2/1c4ba77aa573ab6e5e5069fd15eae71b3da940bde0f97a922a227ffc8a1d1096/diff","MergedDir":"/var/lib/docker/overlay2/2c15a904a49807090175d7750f18e0f6a57e99c38a424839679cbaf676a4d500/merged","UpperDir":"/var/lib/docker/overlay2/2c15a904a49807090175d7750f18e0f6a57e99c38a424839679cbaf676a4d500/diff","WorkDir":"/var/lib/docker/overlay2/2c15a904a49807090175d7750f18e0f6a57e99c38a424839679cbaf676a4d500/work"},"Name":"overlay2"},"Mounts":[{"Type":"volume","Name":"44a9389ce95a2961210e86afd6afe42b23405f43157b5dc00e010d283c01df79","Source":"/var/lib/docker/volumes/44a9389ce95a2961210e86afd6afe42b23405f43157b5dc00e010d283c01df79/_data","Destination":"/var/lib/mysql","Driver":"local","Mode":"","RW":true,"Propagation":""}],"Config":{"Hostname":"c37a42694b7d","Domainname":"","User":"","AttachStdin":false,"AttachStdout":false,"AttachStderr":false,"ExposedPorts":{"3306/tcp":{},"33060/tcp":{}},"Tty":false,"OpenStdin":false,"StdinOnce":false,"Env":["MYSQL_DATABASE=adm_videos","MYSQL_PASSWORD=123456","MYSQL_ROOT_PASSWORD=123456","PATH=/usr/local/sbin:/usr/local/bin:/usr/sbin:/usr/bin:/sbin:/bin","GOSU_VERSION=1.16","MYSQL_MAJOR=8.0","MYSQL_VERSION=8.0.32-1.el8","MYSQL_SHELL_VERSION=8.0.32-1.el8"],"Cmd":["mysqld"],"Image":"mysql:latest","Volumes":{"/var/lib/mysql":{}},"WorkingDir":"","Entrypoint":["docker-entrypoint.sh"],"OnBuild":null,"Labels":{"org.testcontainers":"true","org.testcontainers.lang":"java","org.testcontainers.sessionId":"818a13d9-e138-4e41-b5a4-74fd927e6a2d","org.testcontainers.version":"1.17.6"}},"NetworkSettings":{"Bridge":"","SandboxID":"bd1f3a626f226e407a1a406212013b21c93b302c93f9fd53a405b7fc5ff825b3","HairpinMode":false,"LinkLocalIPv6Address":"","LinkLocalIPv6PrefixLen":0,"Ports":{"3306/tcp":[{"HostIp":"0.0.0.0","HostPort":"56289"}],"33060/tcp":null},"SandboxKey":"/var/run/docker/netns/bd1f3a626f22","SecondaryIPAddresses":null,"SecondaryIPv6Addresses":null,"EndpointID":"a2b725c0c5ce4503f8e45e0c2adc4455b29a53a4866d3f23b2bce893a084641f","Gateway":"172.17.0.1","GlobalIPv6Address":"","GlobalIPv6PrefixLen":0,"IPAddress":"172.17.0.3","IPPrefixLen":16,"IPv6Gateway":"","MacAddress":"02:42:ac:11:00:03","Networks":{"bridge":{"IPAMConfig":null,"Links":null,"Aliases":null,"NetworkID":"308e234c143065751b16b4500cb9f48d5c7fc2116504b3d816a5e51cd4771062","EndpointID":"a2b725c0c5ce4503f8e45e0c2adc4455b29a53a4866d3f23b2bce893a084641f","Gateway":"172.17.0.1","IPAddress":"172.17.0.3","IPPrefixLen":16,"IPv6Gateway":"","GlobalIPv6Address":"","GlobalIPv6PrefixLen":0,"MacAddress":"02:42:ac:11:00:03","DriverOpts":null}}}}[\n]"
23:55:06.996 [Test worker] DEBUG com.github.dockerjava.zerodep.shaded.org.apache.hc.client5.http.wire - http-outgoing-2 << "[\r][\n]"
23:55:06.997 [Test worker] DEBUG com.github.dockerjava.zerodep.shaded.org.apache.hc.client5.http.wire - http-outgoing-2 << "0[\r][\n]"
23:55:06.997 [Test worker] DEBUG com.github.dockerjava.zerodep.shaded.org.apache.hc.client5.http.wire - http-outgoing-2 << "[\r][\n]"
23:55:06.997 [Test worker] DEBUG com.github.dockerjava.zerodep.shaded.org.apache.hc.client5.http.impl.classic.InternalHttpClient - ep-0000002C: releasing valid endpoint
23:55:06.997 [Test worker] DEBUG com.github.dockerjava.zerodep.shaded.org.apache.hc.client5.http.impl.io.PoolingHttpClientConnectionManager - ep-0000002C: releasing endpoint
23:55:06.997 [Test worker] DEBUG com.github.dockerjava.zerodep.shaded.org.apache.hc.client5.http.impl.io.PoolingHttpClientConnectionManager - ep-0000002C: connection http-outgoing-2 can be kept alive for 3 MINUTES
23:55:06.997 [Test worker] DEBUG com.github.dockerjava.zerodep.shaded.org.apache.hc.client5.http.impl.io.PoolingHttpClientConnectionManager - ep-0000002C: connection released [route: {}->unix://localhost:2375][total available: 1; route allocated: 1 of 2147483647; total allocated: 1 of 2147483647]
23:55:06.997 [Test worker] DEBUG ]]>&#x1f433;<![CDATA[ [mysql:latest] - Trying to create JDBC connection using com.mysql.cj.jdbc.Driver to jdbc:mysql://localhost:56289/adm_videos?useSSL=false&allowPublicKeyRetrieval=true with properties: {password=123456, user=root}
23:55:07.100 [Test worker] DEBUG org.testcontainers.shaded.com.github.dockerjava.core.command.AbstrDockerCmd - Cmd: c37a42694b7d1cff581f5e7b89a60b044af4721181408c271e821f1413201ca6,false
23:55:07.100 [Test worker] DEBUG org.testcontainers.shaded.com.github.dockerjava.core.exec.InspectContainerCmdExec - GET: DefaultWebTarget{path=[/containers/c37a42694b7d1cff581f5e7b89a60b044af4721181408c271e821f1413201ca6/json], queryParams={}}
23:55:07.101 [Test worker] DEBUG com.github.dockerjava.zerodep.shaded.org.apache.hc.client5.http.impl.classic.InternalHttpClient - ex-0000002E: preparing request execution
23:55:07.101 [Test worker] DEBUG com.github.dockerjava.zerodep.shaded.org.apache.hc.client5.http.protocol.RequestAddCookies - Cookie spec selected: strict
23:55:07.101 [Test worker] DEBUG com.github.dockerjava.zerodep.shaded.org.apache.hc.client5.http.protocol.RequestAuthCache - Auth cache not set in the context
23:55:07.101 [Test worker] DEBUG com.github.dockerjava.zerodep.shaded.org.apache.hc.client5.http.impl.classic.ProtocolExec - ex-0000002E: target auth state: UNCHALLENGED
23:55:07.101 [Test worker] DEBUG com.github.dockerjava.zerodep.shaded.org.apache.hc.client5.http.impl.classic.ProtocolExec - ex-0000002E: proxy auth state: UNCHALLENGED
23:55:07.101 [Test worker] DEBUG com.github.dockerjava.zerodep.shaded.org.apache.hc.client5.http.impl.classic.ConnectExec - ex-0000002E: acquiring connection with route {}->unix://localhost:2375
23:55:07.101 [Test worker] DEBUG com.github.dockerjava.zerodep.shaded.org.apache.hc.client5.http.impl.classic.InternalHttpClient - ex-0000002E: acquiring endpoint (3 MINUTES)
23:55:07.101 [Test worker] DEBUG com.github.dockerjava.zerodep.shaded.org.apache.hc.client5.http.impl.io.PoolingHttpClientConnectionManager - ex-0000002E: endpoint lease request (3 MINUTES) [route: {}->unix://localhost:2375][total available: 1; route allocated: 1 of 2147483647; total allocated: 1 of 2147483647]
23:55:07.101 [Test worker] DEBUG com.github.dockerjava.zerodep.shaded.org.apache.hc.client5.http.impl.io.PoolingHttpClientConnectionManager - ex-0000002E: endpoint leased [route: {}->unix://localhost:2375][total available: 0; route allocated: 1 of 2147483647; total allocated: 1 of 2147483647]
23:55:07.101 [Test worker] DEBUG com.github.dockerjava.zerodep.shaded.org.apache.hc.client5.http.impl.io.PoolingHttpClientConnectionManager - ex-0000002E: acquired ep-0000002D
23:55:07.101 [Test worker] DEBUG com.github.dockerjava.zerodep.shaded.org.apache.hc.client5.http.impl.classic.InternalHttpClient - ex-0000002E: acquired endpoint ep-0000002D
23:55:07.101 [Test worker] DEBUG com.github.dockerjava.zerodep.shaded.org.apache.hc.client5.http.impl.classic.MainClientExec - ex-0000002E: executing GET /v1.32/containers/c37a42694b7d1cff581f5e7b89a60b044af4721181408c271e821f1413201ca6/json HTTP/1.1
23:55:07.101 [Test worker] DEBUG com.github.dockerjava.zerodep.shaded.org.apache.hc.client5.http.impl.classic.InternalHttpClient - ep-0000002D: start execution ex-0000002E
23:55:07.101 [Test worker] DEBUG com.github.dockerjava.zerodep.shaded.org.apache.hc.client5.http.impl.io.PoolingHttpClientConnectionManager - ep-0000002D: executing exchange ex-0000002E over http-outgoing-2
23:55:07.102 [Test worker] DEBUG com.github.dockerjava.zerodep.shaded.org.apache.hc.client5.http.headers - http-outgoing-2 >> GET /v1.32/containers/c37a42694b7d1cff581f5e7b89a60b044af4721181408c271e821f1413201ca6/json HTTP/1.1
23:55:07.102 [Test worker] DEBUG com.github.dockerjava.zerodep.shaded.org.apache.hc.client5.http.headers - http-outgoing-2 >> accept: application/json
23:55:07.102 [Test worker] DEBUG com.github.dockerjava.zerodep.shaded.org.apache.hc.client5.http.headers - http-outgoing-2 >> x-tc-sid: 818a13d9-e138-4e41-b5a4-74fd927e6a2d
23:55:07.102 [Test worker] DEBUG com.github.dockerjava.zerodep.shaded.org.apache.hc.client5.http.headers - http-outgoing-2 >> Accept-Encoding: gzip, x-gzip, deflate
23:55:07.102 [Test worker] DEBUG com.github.dockerjava.zerodep.shaded.org.apache.hc.client5.http.headers - http-outgoing-2 >> Host: localhost:2375
23:55:07.102 [Test worker] DEBUG com.github.dockerjava.zerodep.shaded.org.apache.hc.client5.http.headers - http-outgoing-2 >> Connection: keep-alive
23:55:07.102 [Test worker] DEBUG com.github.dockerjava.zerodep.shaded.org.apache.hc.client5.http.headers - http-outgoing-2 >> User-Agent: Apache-HttpClient/5.0.3 (Java/17.0.2)
23:55:07.102 [Test worker] DEBUG com.github.dockerjava.zerodep.shaded.org.apache.hc.client5.http.wire - http-outgoing-2 >> "GET /v1.32/containers/c37a42694b7d1cff581f5e7b89a60b044af4721181408c271e821f1413201ca6/json HTTP/1.1[\r][\n]"
23:55:07.102 [Test worker] DEBUG com.github.dockerjava.zerodep.shaded.org.apache.hc.client5.http.wire - http-outgoing-2 >> "accept: application/json[\r][\n]"
23:55:07.102 [Test worker] DEBUG com.github.dockerjava.zerodep.shaded.org.apache.hc.client5.http.wire - http-outgoing-2 >> "x-tc-sid: 818a13d9-e138-4e41-b5a4-74fd927e6a2d[\r][\n]"
23:55:07.102 [Test worker] DEBUG com.github.dockerjava.zerodep.shaded.org.apache.hc.client5.http.wire - http-outgoing-2 >> "Accept-Encoding: gzip, x-gzip, deflate[\r][\n]"
23:55:07.102 [Test worker] DEBUG com.github.dockerjava.zerodep.shaded.org.apache.hc.client5.http.wire - http-outgoing-2 >> "Host: localhost:2375[\r][\n]"
23:55:07.102 [Test worker] DEBUG com.github.dockerjava.zerodep.shaded.org.apache.hc.client5.http.wire - http-outgoing-2 >> "Connection: keep-alive[\r][\n]"
23:55:07.102 [Test worker] DEBUG com.github.dockerjava.zerodep.shaded.org.apache.hc.client5.http.wire - http-outgoing-2 >> "User-Agent: Apache-HttpClient/5.0.3 (Java/17.0.2)[\r][\n]"
23:55:07.102 [Test worker] DEBUG com.github.dockerjava.zerodep.shaded.org.apache.hc.client5.http.wire - http-outgoing-2 >> "[\r][\n]"
23:55:07.104 [Test worker] DEBUG com.github.dockerjava.zerodep.shaded.org.apache.hc.client5.http.wire - http-outgoing-2 << "HTTP/1.1 200 OK[\r][\n]"
23:55:07.104 [Test worker] DEBUG com.github.dockerjava.zerodep.shaded.org.apache.hc.client5.http.wire - http-outgoing-2 << "Api-Version: 1.41[\r][\n]"
23:55:07.104 [Test worker] DEBUG com.github.dockerjava.zerodep.shaded.org.apache.hc.client5.http.wire - http-outgoing-2 << "Content-Type: application/json[\r][\n]"
23:55:07.104 [Test worker] DEBUG com.github.dockerjava.zerodep.shaded.org.apache.hc.client5.http.wire - http-outgoing-2 << "Date: Mon, 27 Mar 2023 02:55:07 GMT[\r][\n]"
23:55:07.104 [Test worker] DEBUG com.github.dockerjava.zerodep.shaded.org.apache.hc.client5.http.wire - http-outgoing-2 << "Docker-Experimental: false[\r][\n]"
23:55:07.104 [Test worker] DEBUG com.github.dockerjava.zerodep.shaded.org.apache.hc.client5.http.wire - http-outgoing-2 << "Ostype: linux[\r][\n]"
23:55:07.104 [Test worker] DEBUG com.github.dockerjava.zerodep.shaded.org.apache.hc.client5.http.wire - http-outgoing-2 << "Server: Docker/20.10.21 (linux)[\r][\n]"
23:55:07.104 [Test worker] DEBUG com.github.dockerjava.zerodep.shaded.org.apache.hc.client5.http.wire - http-outgoing-2 << "Transfer-Encoding: chunked[\r][\n]"
23:55:07.104 [Test worker] DEBUG com.github.dockerjava.zerodep.shaded.org.apache.hc.client5.http.wire - http-outgoing-2 << "[\r][\n]"
23:55:07.104 [Test worker] DEBUG com.github.dockerjava.zerodep.shaded.org.apache.hc.client5.http.headers - http-outgoing-2 << HTTP/1.1 200 OK
23:55:07.104 [Test worker] DEBUG com.github.dockerjava.zerodep.shaded.org.apache.hc.client5.http.headers - http-outgoing-2 << Api-Version: 1.41
23:55:07.104 [Test worker] DEBUG com.github.dockerjava.zerodep.shaded.org.apache.hc.client5.http.headers - http-outgoing-2 << Content-Type: application/json
23:55:07.104 [Test worker] DEBUG com.github.dockerjava.zerodep.shaded.org.apache.hc.client5.http.headers - http-outgoing-2 << Date: Mon, 27 Mar 2023 02:55:07 GMT
23:55:07.104 [Test worker] DEBUG com.github.dockerjava.zerodep.shaded.org.apache.hc.client5.http.headers - http-outgoing-2 << Docker-Experimental: false
23:55:07.104 [Test worker] DEBUG com.github.dockerjava.zerodep.shaded.org.apache.hc.client5.http.headers - http-outgoing-2 << Ostype: linux
23:55:07.104 [Test worker] DEBUG com.github.dockerjava.zerodep.shaded.org.apache.hc.client5.http.headers - http-outgoing-2 << Server: Docker/20.10.21 (linux)
23:55:07.104 [Test worker] DEBUG com.github.dockerjava.zerodep.shaded.org.apache.hc.client5.http.headers - http-outgoing-2 << Transfer-Encoding: chunked
23:55:07.104 [Test worker] DEBUG com.github.dockerjava.zerodep.shaded.org.apache.hc.client5.http.impl.classic.MainClientExec - ex-0000002E: connection can be kept alive for 3 MINUTES
23:55:07.105 [Test worker] DEBUG com.github.dockerjava.zerodep.shaded.org.apache.hc.client5.http.wire - http-outgoing-2 << "18c1[\r][\n]"
23:55:07.105 [Test worker] DEBUG com.github.dockerjava.zerodep.shaded.org.apache.hc.client5.http.wire - http-outgoing-2 << "{"Id":"c37a42694b7d1cff581f5e7b89a60b044af4721181408c271e821f1413201ca6","Created":"2023-03-27T02:55:02.49734542Z","Path":"docker-entrypoint.sh","Args":["mysqld"],"State":{"Status":"running","Running":true,"Paused":false,"Restarting":false,"OOMKilled":false,"Dead":false,"Pid":18342,"ExitCode":0,"Error":"","StartedAt":"2023-03-27T02:55:03.12719392Z","FinishedAt":"0001-01-01T00:00:00Z"},"Image":"sha256:c7c54c29e20dccc1aefb936c8eba8bb8b98b87a4921102aba87fde2df5810af9","ResolvConfPath":"/var/lib/docker/containers/c37a42694b7d1cff581f5e7b89a60b044af4721181408c271e821f1413201ca6/resolv.conf","HostnamePath":"/var/lib/docker/containers/c37a42694b7d1cff581f5e7b89a60b044af4721181408c271e821f1413201ca6/hostname","HostsPath":"/var/lib/docker/containers/c37a42694b7d1cff581f5e7b89a60b044af4721181408c271e821f1413201ca6/hosts","LogPath":"/var/lib/docker/containers/c37a42694b7d1cff581f5e7b89a60b044af4721181408c271e821f1413201ca6/c37a42694b7d1cff581f5e7b89a60b044af4721181408c271e821f1413201ca6-json.log","Name":"/elegant_mahavira","RestartCount":0,"Driver":"overlay2","Platform":"linux","MountLabel":"","ProcessLabel":"","AppArmorProfile":"","ExecIDs":null,"HostConfig":{"Binds":[],"ContainerIDFile":"","LogConfig":{"Type":"json-file","Config":{}},"NetworkMode":"default","PortBindings":{"3306/tcp":[{"HostIp":"0.0.0.0","HostPort":"0"}]},"RestartPolicy":{"Name":"","MaximumRetryCount":0},"AutoRemove":false,"VolumeDriver":"","VolumesFrom":[],"CapAdd":null,"CapDrop":null,"CgroupnsMode":"private","Dns":null,"DnsOptions":null,"DnsSearch":null,"ExtraHosts":[],"GroupAdd":null,"IpcMode":"shareable","Cgroup":"","Links":null,"OomScoreAdj":0,"PidMode":"","Privileged":false,"PublishAllPorts":false,"ReadonlyRootfs":false,"SecurityOpt":null,"UTSMode":"","UsernsMode":"","ShmSize":67108864,"Runtime":"runc","ConsoleSize":[0,0],"Isolation":"","CpuShares":0,"Memory":0,"NanoCpus":0,"CgroupParent":"","BlkioWeight":0,"BlkioWeightDevice":null,"BlkioDeviceReadBps":null,"BlkioDeviceWriteBps":null,"BlkioDeviceReadIOps":null,"BlkioDeviceWriteIOps":null,"CpuPeriod":0,"CpuQuota":0,"CpuRealtimePeriod":0,"CpuRealtimeRuntime":0,"CpusetCpus":"","CpusetMems":"","Devices":null,"DeviceCgroupRules":null,"DeviceRequests":null,"KernelMemory":0,"KernelMemoryTCP":0,"MemoryReservation":0,"MemorySwap":0,"MemorySwappiness":null,"OomKillDisable":null,"PidsLimit":null,"Ulimits":null,"CpuCount":0,"CpuPercent":0,"IOMaximumIOps":0,"IOMaximumBandwidth":0,"MaskedPaths":["/proc/asound","/proc/acpi","/proc/kcore","/proc/keys","/proc/latency_stats","/proc/timer_list","/proc/timer_stats","/proc/sched_debug","/proc/scsi","/sys/firmware"],"ReadonlyPaths":["/proc/bus","/proc/fs","/proc/irq","/proc/sys","/proc/sysrq-trigger"]},"GraphDriver":{"Data":{"LowerDir":"/var/lib/docker/overlay2/2c15a904a49807090175d7750f18e0f6a57e99c38a424839679cbaf676a4d500-init/diff:/var/lib/docker/overlay2/1bd8849d7a296305617011f940aa5cfabbe972a513397b1b6bbc27639b6c1f30/diff:/var/lib/docker/overlay2/199d69b2fbf78af4d4c95dec4fd2f8835ab0347eb49fb20ebb2ff3b99fedd6ad/diff:/var/lib/docker/overlay2/d83c38d654989311f75b9491329846033bfb7714de76ef635380dcfad5c740d9/diff:/var/lib/docker/overlay2/08600d0aea2ab2728bebcf5d2589c640a842f53d1ba3c4a4adccb4d03b923cf6/diff:/var/lib/docker/overlay2/9ec7c63a3fb14d13ac788bbf5e282ca821edc41260b79944e5e631037d13ecda/diff:/var/lib/docker/overlay2/db601d7a1b4ea6da638db620462f0da96fa55c559d02269c9ddb09027936ed87/diff:/var/lib/docker/overlay2/a6d2bd03f942e2565f21e74cfe152c7ec836a1c2b583f0790c685b92bdcfda24/diff:/var/lib/docker/overlay2/9badd16ea2c5e2bf1fde8b579683e41137dfc46ed5449234149f199a6751cc84/diff:/var/lib/docker/overlay2/6efb85646ed12e2d1181ef4cc6f6f6732c00c15a4035fe17ebc4f075ca573c30/diff:/var/lib/docker/overlay2/895d7c0ec09144d6ed33936f4e98e11c18010f7abd708cae1ce43aec7a7f2621/diff:/var/lib/docker/overlay2/1c4ba77aa573ab6e5e5069fd15eae71b3da940bde0f97a922a227ffc8a1d1096/diff","MergedDir":"/var/lib/docker/overlay2/2c15a904a49807090175d7750f18e0f6a57e99c38a424839679cbaf676a4d500/merged","UpperDir":"/var/lib/docker/overlay2/2c15a904a49807090175d7750f18e0f6a57e99c38a424839679cbaf676a4d500/diff","WorkDir":"/var/lib/docker/overlay2/2c15a904a49807090175d7750f18e0f6a57e99c38a424839679cbaf676a4d500/work"},"Name":"overlay2"},"Mounts":[{"Type":"volume","Name":"44a9389ce95a2961210e86afd6afe42b23405f43157b5dc00e010d283c01df79","Source":"/var/lib/docker/volumes/44a9389ce95a2961210e86afd6afe42b23405f43157b5dc00e010d283c01df79/_data","Destination":"/var/lib/mysql","Driver":"local","Mode":"","RW":true,"Propagation":""}],"Config":{"Hostname":"c37a42694b7d","Domainname":"","User":"","AttachStdin":false,"AttachStdout":false,"AttachStderr":false,"ExposedPorts":{"3306/tcp":{},"33060/tcp":{}},"Tty":false,"OpenStdin":false,"StdinOnce":false,"Env":["MYSQL_DATABASE=adm_videos","MYSQL_PASSWORD=123456","MYSQL_ROOT_PASSWORD=123456","PATH=/usr/local/sbin:/usr/local/bin:/usr/sbin:/usr/bin:/sbin:/bin","GOSU_VERSION=1.16","MYSQL_MAJOR=8.0","MYSQL_VERSION=8.0.32-1.el8","MYSQL_SHELL_VERSION=8.0.32-1.el8"],"Cmd":["mysqld"],"Image":"mysql:latest","Volumes":{"/var/lib/mysql":{}},"WorkingDir":"","Entrypoint":["docker-entrypoint.sh"],"OnBuild":null,"Labels":{"org.testcontainers":"true","org.testcontainers.lang":"java","org.testcontainers.sessionId":"818a13d9-e138-4e41-b5a4-74fd927e6a2d","org.testcontainers.version":"1.17.6"}},"NetworkSettings":{"Bridge":"","SandboxID":"bd1f3a626f226e407a1a406212013b21c93b302c93f9fd53a405b7fc5ff825b3","HairpinMode":false,"LinkLocalIPv6Address":"","LinkLocalIPv6PrefixLen":0,"Ports":{"3306/tcp":[{"HostIp":"0.0.0.0","HostPort":"56289"}],"33060/tcp":null},"SandboxKey":"/var/run/docker/netns/bd1f3a626f22","SecondaryIPAddresses":null,"SecondaryIPv6Addresses":null,"EndpointID":"a2b725c0c5ce4503f8e45e0c2adc4455b29a53a4866d3f23b2bce893a084641f","Gateway":"172.17.0.1","GlobalIPv6Address":"","GlobalIPv6PrefixLen":0,"IPAddress":"172.17.0.3","IPPrefixLen":16,"IPv6Gateway":"","MacAddress":"02:42:ac:11:00:03","Networks":{"bridge":{"IPAMConfig":null,"Links":null,"Aliases":null,"NetworkID":"308e234c143065751b16b4500cb9f48d5c7fc2116504b3d816a5e51cd4771062","EndpointID":"a2b725c0c5ce4503f8e45e0c2adc4455b29a53a4866d3f23b2bce893a084641f","Gateway":"172.17.0.1","IPAddress":"172.17.0.3","IPPrefixLen":16,"IPv6Gateway":"","GlobalIPv6Address":"","GlobalIPv6PrefixLen":0,"MacAddress":"02:42:ac:11:00:03","DriverOpts":null}}}}[\n]"
23:55:07.106 [Test worker] DEBUG com.github.dockerjava.zerodep.shaded.org.apache.hc.client5.http.wire - http-outgoing-2 << "[\r][\n]"
23:55:07.107 [Test worker] DEBUG com.github.dockerjava.zerodep.shaded.org.apache.hc.client5.http.wire - http-outgoing-2 << "0[\r][\n]"
23:55:07.107 [Test worker] DEBUG com.github.dockerjava.zerodep.shaded.org.apache.hc.client5.http.wire - http-outgoing-2 << "[\r][\n]"
23:55:07.107 [Test worker] DEBUG com.github.dockerjava.zerodep.shaded.org.apache.hc.client5.http.impl.classic.InternalHttpClient - ep-0000002D: releasing valid endpoint
23:55:07.107 [Test worker] DEBUG com.github.dockerjava.zerodep.shaded.org.apache.hc.client5.http.impl.io.PoolingHttpClientConnectionManager - ep-0000002D: releasing endpoint
23:55:07.107 [Test worker] DEBUG com.github.dockerjava.zerodep.shaded.org.apache.hc.client5.http.impl.io.PoolingHttpClientConnectionManager - ep-0000002D: connection http-outgoing-2 can be kept alive for 3 MINUTES
23:55:07.107 [Test worker] DEBUG com.github.dockerjava.zerodep.shaded.org.apache.hc.client5.http.impl.io.PoolingHttpClientConnectionManager - ep-0000002D: connection released [route: {}->unix://localhost:2375][total available: 1; route allocated: 1 of 2147483647; total allocated: 1 of 2147483647]
23:55:07.107 [Test worker] DEBUG ]]>&#x1f433;<![CDATA[ [mysql:latest] - Trying to create JDBC connection using com.mysql.cj.jdbc.Driver to jdbc:mysql://localhost:56289/adm_videos?useSSL=false&allowPublicKeyRetrieval=true with properties: {password=123456, user=root}
23:55:07.210 [Test worker] DEBUG org.testcontainers.shaded.com.github.dockerjava.core.command.AbstrDockerCmd - Cmd: c37a42694b7d1cff581f5e7b89a60b044af4721181408c271e821f1413201ca6,false
23:55:07.211 [Test worker] DEBUG org.testcontainers.shaded.com.github.dockerjava.core.exec.InspectContainerCmdExec - GET: DefaultWebTarget{path=[/containers/c37a42694b7d1cff581f5e7b89a60b044af4721181408c271e821f1413201ca6/json], queryParams={}}
23:55:07.211 [Test worker] DEBUG com.github.dockerjava.zerodep.shaded.org.apache.hc.client5.http.impl.classic.InternalHttpClient - ex-0000002F: preparing request execution
23:55:07.211 [Test worker] DEBUG com.github.dockerjava.zerodep.shaded.org.apache.hc.client5.http.protocol.RequestAddCookies - Cookie spec selected: strict
23:55:07.211 [Test worker] DEBUG com.github.dockerjava.zerodep.shaded.org.apache.hc.client5.http.protocol.RequestAuthCache - Auth cache not set in the context
23:55:07.211 [Test worker] DEBUG com.github.dockerjava.zerodep.shaded.org.apache.hc.client5.http.impl.classic.ProtocolExec - ex-0000002F: target auth state: UNCHALLENGED
23:55:07.211 [Test worker] DEBUG com.github.dockerjava.zerodep.shaded.org.apache.hc.client5.http.impl.classic.ProtocolExec - ex-0000002F: proxy auth state: UNCHALLENGED
23:55:07.211 [Test worker] DEBUG com.github.dockerjava.zerodep.shaded.org.apache.hc.client5.http.impl.classic.ConnectExec - ex-0000002F: acquiring connection with route {}->unix://localhost:2375
23:55:07.211 [Test worker] DEBUG com.github.dockerjava.zerodep.shaded.org.apache.hc.client5.http.impl.classic.InternalHttpClient - ex-0000002F: acquiring endpoint (3 MINUTES)
23:55:07.211 [Test worker] DEBUG com.github.dockerjava.zerodep.shaded.org.apache.hc.client5.http.impl.io.PoolingHttpClientConnectionManager - ex-0000002F: endpoint lease request (3 MINUTES) [route: {}->unix://localhost:2375][total available: 1; route allocated: 1 of 2147483647; total allocated: 1 of 2147483647]
23:55:07.211 [Test worker] DEBUG com.github.dockerjava.zerodep.shaded.org.apache.hc.client5.http.impl.io.PoolingHttpClientConnectionManager - ex-0000002F: endpoint leased [route: {}->unix://localhost:2375][total available: 0; route allocated: 1 of 2147483647; total allocated: 1 of 2147483647]
23:55:07.211 [Test worker] DEBUG com.github.dockerjava.zerodep.shaded.org.apache.hc.client5.http.impl.io.PoolingHttpClientConnectionManager - ex-0000002F: acquired ep-0000002E
23:55:07.211 [Test worker] DEBUG com.github.dockerjava.zerodep.shaded.org.apache.hc.client5.http.impl.classic.InternalHttpClient - ex-0000002F: acquired endpoint ep-0000002E
23:55:07.211 [Test worker] DEBUG com.github.dockerjava.zerodep.shaded.org.apache.hc.client5.http.impl.classic.MainClientExec - ex-0000002F: executing GET /v1.32/containers/c37a42694b7d1cff581f5e7b89a60b044af4721181408c271e821f1413201ca6/json HTTP/1.1
23:55:07.211 [Test worker] DEBUG com.github.dockerjava.zerodep.shaded.org.apache.hc.client5.http.impl.classic.InternalHttpClient - ep-0000002E: start execution ex-0000002F
23:55:07.211 [Test worker] DEBUG com.github.dockerjava.zerodep.shaded.org.apache.hc.client5.http.impl.io.PoolingHttpClientConnectionManager - ep-0000002E: executing exchange ex-0000002F over http-outgoing-2
23:55:07.211 [Test worker] DEBUG com.github.dockerjava.zerodep.shaded.org.apache.hc.client5.http.headers - http-outgoing-2 >> GET /v1.32/containers/c37a42694b7d1cff581f5e7b89a60b044af4721181408c271e821f1413201ca6/json HTTP/1.1
23:55:07.211 [Test worker] DEBUG com.github.dockerjava.zerodep.shaded.org.apache.hc.client5.http.headers - http-outgoing-2 >> accept: application/json
23:55:07.211 [Test worker] DEBUG com.github.dockerjava.zerodep.shaded.org.apache.hc.client5.http.headers - http-outgoing-2 >> x-tc-sid: 818a13d9-e138-4e41-b5a4-74fd927e6a2d
23:55:07.211 [Test worker] DEBUG com.github.dockerjava.zerodep.shaded.org.apache.hc.client5.http.headers - http-outgoing-2 >> Accept-Encoding: gzip, x-gzip, deflate
23:55:07.211 [Test worker] DEBUG com.github.dockerjava.zerodep.shaded.org.apache.hc.client5.http.headers - http-outgoing-2 >> Host: localhost:2375
23:55:07.211 [Test worker] DEBUG com.github.dockerjava.zerodep.shaded.org.apache.hc.client5.http.headers - http-outgoing-2 >> Connection: keep-alive
23:55:07.211 [Test worker] DEBUG com.github.dockerjava.zerodep.shaded.org.apache.hc.client5.http.headers - http-outgoing-2 >> User-Agent: Apache-HttpClient/5.0.3 (Java/17.0.2)
23:55:07.211 [Test worker] DEBUG com.github.dockerjava.zerodep.shaded.org.apache.hc.client5.http.wire - http-outgoing-2 >> "GET /v1.32/containers/c37a42694b7d1cff581f5e7b89a60b044af4721181408c271e821f1413201ca6/json HTTP/1.1[\r][\n]"
23:55:07.211 [Test worker] DEBUG com.github.dockerjava.zerodep.shaded.org.apache.hc.client5.http.wire - http-outgoing-2 >> "accept: application/json[\r][\n]"
23:55:07.211 [Test worker] DEBUG com.github.dockerjava.zerodep.shaded.org.apache.hc.client5.http.wire - http-outgoing-2 >> "x-tc-sid: 818a13d9-e138-4e41-b5a4-74fd927e6a2d[\r][\n]"
23:55:07.211 [Test worker] DEBUG com.github.dockerjava.zerodep.shaded.org.apache.hc.client5.http.wire - http-outgoing-2 >> "Accept-Encoding: gzip, x-gzip, deflate[\r][\n]"
23:55:07.211 [Test worker] DEBUG com.github.dockerjava.zerodep.shaded.org.apache.hc.client5.http.wire - http-outgoing-2 >> "Host: localhost:2375[\r][\n]"
23:55:07.211 [Test worker] DEBUG com.github.dockerjava.zerodep.shaded.org.apache.hc.client5.http.wire - http-outgoing-2 >> "Connection: keep-alive[\r][\n]"
23:55:07.211 [Test worker] DEBUG com.github.dockerjava.zerodep.shaded.org.apache.hc.client5.http.wire - http-outgoing-2 >> "User-Agent: Apache-HttpClient/5.0.3 (Java/17.0.2)[\r][\n]"
23:55:07.211 [Test worker] DEBUG com.github.dockerjava.zerodep.shaded.org.apache.hc.client5.http.wire - http-outgoing-2 >> "[\r][\n]"
23:55:07.213 [Test worker] DEBUG com.github.dockerjava.zerodep.shaded.org.apache.hc.client5.http.wire - http-outgoing-2 << "HTTP/1.1 200 OK[\r][\n]"
23:55:07.214 [Test worker] DEBUG com.github.dockerjava.zerodep.shaded.org.apache.hc.client5.http.wire - http-outgoing-2 << "Api-Version: 1.41[\r][\n]"
23:55:07.214 [Test worker] DEBUG com.github.dockerjava.zerodep.shaded.org.apache.hc.client5.http.wire - http-outgoing-2 << "Content-Type: application/json[\r][\n]"
23:55:07.214 [Test worker] DEBUG com.github.dockerjava.zerodep.shaded.org.apache.hc.client5.http.wire - http-outgoing-2 << "Date: Mon, 27 Mar 2023 02:55:07 GMT[\r][\n]"
23:55:07.214 [Test worker] DEBUG com.github.dockerjava.zerodep.shaded.org.apache.hc.client5.http.wire - http-outgoing-2 << "Docker-Experimental: false[\r][\n]"
23:55:07.214 [Test worker] DEBUG com.github.dockerjava.zerodep.shaded.org.apache.hc.client5.http.wire - http-outgoing-2 << "Ostype: linux[\r][\n]"
23:55:07.214 [Test worker] DEBUG com.github.dockerjava.zerodep.shaded.org.apache.hc.client5.http.wire - http-outgoing-2 << "Server: Docker/20.10.21 (linux)[\r][\n]"
23:55:07.214 [Test worker] DEBUG com.github.dockerjava.zerodep.shaded.org.apache.hc.client5.http.wire - http-outgoing-2 << "Transfer-Encoding: chunked[\r][\n]"
23:55:07.214 [Test worker] DEBUG com.github.dockerjava.zerodep.shaded.org.apache.hc.client5.http.wire - http-outgoing-2 << "[\r][\n]"
23:55:07.214 [Test worker] DEBUG com.github.dockerjava.zerodep.shaded.org.apache.hc.client5.http.headers - http-outgoing-2 << HTTP/1.1 200 OK
23:55:07.214 [Test worker] DEBUG com.github.dockerjava.zerodep.shaded.org.apache.hc.client5.http.headers - http-outgoing-2 << Api-Version: 1.41
23:55:07.214 [Test worker] DEBUG com.github.dockerjava.zerodep.shaded.org.apache.hc.client5.http.headers - http-outgoing-2 << Content-Type: application/json
23:55:07.214 [Test worker] DEBUG com.github.dockerjava.zerodep.shaded.org.apache.hc.client5.http.headers - http-outgoing-2 << Date: Mon, 27 Mar 2023 02:55:07 GMT
23:55:07.214 [Test worker] DEBUG com.github.dockerjava.zerodep.shaded.org.apache.hc.client5.http.headers - http-outgoing-2 << Docker-Experimental: false
23:55:07.214 [Test worker] DEBUG com.github.dockerjava.zerodep.shaded.org.apache.hc.client5.http.headers - http-outgoing-2 << Ostype: linux
23:55:07.214 [Test worker] DEBUG com.github.dockerjava.zerodep.shaded.org.apache.hc.client5.http.headers - http-outgoing-2 << Server: Docker/20.10.21 (linux)
23:55:07.214 [Test worker] DEBUG com.github.dockerjava.zerodep.shaded.org.apache.hc.client5.http.headers - http-outgoing-2 << Transfer-Encoding: chunked
23:55:07.214 [Test worker] DEBUG com.github.dockerjava.zerodep.shaded.org.apache.hc.client5.http.impl.classic.MainClientExec - ex-0000002F: connection can be kept alive for 3 MINUTES
23:55:07.215 [Test worker] DEBUG com.github.dockerjava.zerodep.shaded.org.apache.hc.client5.http.wire - http-outgoing-2 << "18c1[\r][\n]"
23:55:07.215 [Test worker] DEBUG com.github.dockerjava.zerodep.shaded.org.apache.hc.client5.http.wire - http-outgoing-2 << "{"Id":"c37a42694b7d1cff581f5e7b89a60b044af4721181408c271e821f1413201ca6","Created":"2023-03-27T02:55:02.49734542Z","Path":"docker-entrypoint.sh","Args":["mysqld"],"State":{"Status":"running","Running":true,"Paused":false,"Restarting":false,"OOMKilled":false,"Dead":false,"Pid":18342,"ExitCode":0,"Error":"","StartedAt":"2023-03-27T02:55:03.12719392Z","FinishedAt":"0001-01-01T00:00:00Z"},"Image":"sha256:c7c54c29e20dccc1aefb936c8eba8bb8b98b87a4921102aba87fde2df5810af9","ResolvConfPath":"/var/lib/docker/containers/c37a42694b7d1cff581f5e7b89a60b044af4721181408c271e821f1413201ca6/resolv.conf","HostnamePath":"/var/lib/docker/containers/c37a42694b7d1cff581f5e7b89a60b044af4721181408c271e821f1413201ca6/hostname","HostsPath":"/var/lib/docker/containers/c37a42694b7d1cff581f5e7b89a60b044af4721181408c271e821f1413201ca6/hosts","LogPath":"/var/lib/docker/containers/c37a42694b7d1cff581f5e7b89a60b044af4721181408c271e821f1413201ca6/c37a42694b7d1cff581f5e7b89a60b044af4721181408c271e821f1413201ca6-json.log","Name":"/elegant_mahavira","RestartCount":0,"Driver":"overlay2","Platform":"linux","MountLabel":"","ProcessLabel":"","AppArmorProfile":"","ExecIDs":null,"HostConfig":{"Binds":[],"ContainerIDFile":"","LogConfig":{"Type":"json-file","Config":{}},"NetworkMode":"default","PortBindings":{"3306/tcp":[{"HostIp":"0.0.0.0","HostPort":"0"}]},"RestartPolicy":{"Name":"","MaximumRetryCount":0},"AutoRemove":false,"VolumeDriver":"","VolumesFrom":[],"CapAdd":null,"CapDrop":null,"CgroupnsMode":"private","Dns":null,"DnsOptions":null,"DnsSearch":null,"ExtraHosts":[],"GroupAdd":null,"IpcMode":"shareable","Cgroup":"","Links":null,"OomScoreAdj":0,"PidMode":"","Privileged":false,"PublishAllPorts":false,"ReadonlyRootfs":false,"SecurityOpt":null,"UTSMode":"","UsernsMode":"","ShmSize":67108864,"Runtime":"runc","ConsoleSize":[0,0],"Isolation":"","CpuShares":0,"Memory":0,"NanoCpus":0,"CgroupParent":"","BlkioWeight":0,"BlkioWeightDevice":null,"BlkioDeviceReadBps":null,"BlkioDeviceWriteBps":null,"BlkioDeviceReadIOps":null,"BlkioDeviceWriteIOps":null,"CpuPeriod":0,"CpuQuota":0,"CpuRealtimePeriod":0,"CpuRealtimeRuntime":0,"CpusetCpus":"","CpusetMems":"","Devices":null,"DeviceCgroupRules":null,"DeviceRequests":null,"KernelMemory":0,"KernelMemoryTCP":0,"MemoryReservation":0,"MemorySwap":0,"MemorySwappiness":null,"OomKillDisable":null,"PidsLimit":null,"Ulimits":null,"CpuCount":0,"CpuPercent":0,"IOMaximumIOps":0,"IOMaximumBandwidth":0,"MaskedPaths":["/proc/asound","/proc/acpi","/proc/kcore","/proc/keys","/proc/latency_stats","/proc/timer_list","/proc/timer_stats","/proc/sched_debug","/proc/scsi","/sys/firmware"],"ReadonlyPaths":["/proc/bus","/proc/fs","/proc/irq","/proc/sys","/proc/sysrq-trigger"]},"GraphDriver":{"Data":{"LowerDir":"/var/lib/docker/overlay2/2c15a904a49807090175d7750f18e0f6a57e99c38a424839679cbaf676a4d500-init/diff:/var/lib/docker/overlay2/1bd8849d7a296305617011f940aa5cfabbe972a513397b1b6bbc27639b6c1f30/diff:/var/lib/docker/overlay2/199d69b2fbf78af4d4c95dec4fd2f8835ab0347eb49fb20ebb2ff3b99fedd6ad/diff:/var/lib/docker/overlay2/d83c38d654989311f75b9491329846033bfb7714de76ef635380dcfad5c740d9/diff:/var/lib/docker/overlay2/08600d0aea2ab2728bebcf5d2589c640a842f53d1ba3c4a4adccb4d03b923cf6/diff:/var/lib/docker/overlay2/9ec7c63a3fb14d13ac788bbf5e282ca821edc41260b79944e5e631037d13ecda/diff:/var/lib/docker/overlay2/db601d7a1b4ea6da638db620462f0da96fa55c559d02269c9ddb09027936ed87/diff:/var/lib/docker/overlay2/a6d2bd03f942e2565f21e74cfe152c7ec836a1c2b583f0790c685b92bdcfda24/diff:/var/lib/docker/overlay2/9badd16ea2c5e2bf1fde8b579683e41137dfc46ed5449234149f199a6751cc84/diff:/var/lib/docker/overlay2/6efb85646ed12e2d1181ef4cc6f6f6732c00c15a4035fe17ebc4f075ca573c30/diff:/var/lib/docker/overlay2/895d7c0ec09144d6ed33936f4e98e11c18010f7abd708cae1ce43aec7a7f2621/diff:/var/lib/docker/overlay2/1c4ba77aa573ab6e5e5069fd15eae71b3da940bde0f97a922a227ffc8a1d1096/diff","MergedDir":"/var/lib/docker/overlay2/2c15a904a49807090175d7750f18e0f6a57e99c38a424839679cbaf676a4d500/merged","UpperDir":"/var/lib/docker/overlay2/2c15a904a49807090175d7750f18e0f6a57e99c38a424839679cbaf676a4d500/diff","WorkDir":"/var/lib/docker/overlay2/2c15a904a49807090175d7750f18e0f6a57e99c38a424839679cbaf676a4d500/work"},"Name":"overlay2"},"Mounts":[{"Type":"volume","Name":"44a9389ce95a2961210e86afd6afe42b23405f43157b5dc00e010d283c01df79","Source":"/var/lib/docker/volumes/44a9389ce95a2961210e86afd6afe42b23405f43157b5dc00e010d283c01df79/_data","Destination":"/var/lib/mysql","Driver":"local","Mode":"","RW":true,"Propagation":""}],"Config":{"Hostname":"c37a42694b7d","Domainname":"","User":"","AttachStdin":false,"AttachStdout":false,"AttachStderr":false,"ExposedPorts":{"3306/tcp":{},"33060/tcp":{}},"Tty":false,"OpenStdin":false,"StdinOnce":false,"Env":["MYSQL_DATABASE=adm_videos","MYSQL_PASSWORD=123456","MYSQL_ROOT_PASSWORD=123456","PATH=/usr/local/sbin:/usr/local/bin:/usr/sbin:/usr/bin:/sbin:/bin","GOSU_VERSION=1.16","MYSQL_MAJOR=8.0","MYSQL_VERSION=8.0.32-1.el8","MYSQL_SHELL_VERSION=8.0.32-1.el8"],"Cmd":["mysqld"],"Image":"mysql:latest","Volumes":{"/var/lib/mysql":{}},"WorkingDir":"","Entrypoint":["docker-entrypoint.sh"],"OnBuild":null,"Labels":{"org.testcontainers":"true","org.testcontainers.lang":"java","org.testcontainers.sessionId":"818a13d9-e138-4e41-b5a4-74fd927e6a2d","org.testcontainers.version":"1.17.6"}},"NetworkSettings":{"Bridge":"","SandboxID":"bd1f3a626f226e407a1a406212013b21c93b302c93f9fd53a405b7fc5ff825b3","HairpinMode":false,"LinkLocalIPv6Address":"","LinkLocalIPv6PrefixLen":0,"Ports":{"3306/tcp":[{"HostIp":"0.0.0.0","HostPort":"56289"}],"33060/tcp":null},"SandboxKey":"/var/run/docker/netns/bd1f3a626f22","SecondaryIPAddresses":null,"SecondaryIPv6Addresses":null,"EndpointID":"a2b725c0c5ce4503f8e45e0c2adc4455b29a53a4866d3f23b2bce893a084641f","Gateway":"172.17.0.1","GlobalIPv6Address":"","GlobalIPv6PrefixLen":0,"IPAddress":"172.17.0.3","IPPrefixLen":16,"IPv6Gateway":"","MacAddress":"02:42:ac:11:00:03","Networks":{"bridge":{"IPAMConfig":null,"Links":null,"Aliases":null,"NetworkID":"308e234c143065751b16b4500cb9f48d5c7fc2116504b3d816a5e51cd4771062","EndpointID":"a2b725c0c5ce4503f8e45e0c2adc4455b29a53a4866d3f23b2bce893a084641f","Gateway":"172.17.0.1","IPAddress":"172.17.0.3","IPPrefixLen":16,"IPv6Gateway":"","GlobalIPv6Address":"","GlobalIPv6PrefixLen":0,"MacAddress":"02:42:ac:11:00:03","DriverOpts":null}}}}[\n]"
23:55:07.215 [Test worker] DEBUG com.github.dockerjava.zerodep.shaded.org.apache.hc.client5.http.wire - http-outgoing-2 << "[\r][\n]"
23:55:07.216 [Test worker] DEBUG com.github.dockerjava.zerodep.shaded.org.apache.hc.client5.http.wire - http-outgoing-2 << "0[\r][\n]"
23:55:07.216 [Test worker] DEBUG com.github.dockerjava.zerodep.shaded.org.apache.hc.client5.http.wire - http-outgoing-2 << "[\r][\n]"
23:55:07.216 [Test worker] DEBUG com.github.dockerjava.zerodep.shaded.org.apache.hc.client5.http.impl.classic.InternalHttpClient - ep-0000002E: releasing valid endpoint
23:55:07.216 [Test worker] DEBUG com.github.dockerjava.zerodep.shaded.org.apache.hc.client5.http.impl.io.PoolingHttpClientConnectionManager - ep-0000002E: releasing endpoint
23:55:07.216 [Test worker] DEBUG com.github.dockerjava.zerodep.shaded.org.apache.hc.client5.http.impl.io.PoolingHttpClientConnectionManager - ep-0000002E: connection http-outgoing-2 can be kept alive for 3 MINUTES
23:55:07.216 [Test worker] DEBUG com.github.dockerjava.zerodep.shaded.org.apache.hc.client5.http.impl.io.PoolingHttpClientConnectionManager - ep-0000002E: connection released [route: {}->unix://localhost:2375][total available: 1; route allocated: 1 of 2147483647; total allocated: 1 of 2147483647]
23:55:07.216 [Test worker] DEBUG ]]>&#x1f433;<![CDATA[ [mysql:latest] - Trying to create JDBC connection using com.mysql.cj.jdbc.Driver to jdbc:mysql://localhost:56289/adm_videos?useSSL=false&allowPublicKeyRetrieval=true with properties: {password=123456, user=root}
23:55:07.323 [Test worker] DEBUG org.testcontainers.shaded.com.github.dockerjava.core.command.AbstrDockerCmd - Cmd: c37a42694b7d1cff581f5e7b89a60b044af4721181408c271e821f1413201ca6,false
23:55:07.323 [Test worker] DEBUG org.testcontainers.shaded.com.github.dockerjava.core.exec.InspectContainerCmdExec - GET: DefaultWebTarget{path=[/containers/c37a42694b7d1cff581f5e7b89a60b044af4721181408c271e821f1413201ca6/json], queryParams={}}
23:55:07.324 [Test worker] DEBUG com.github.dockerjava.zerodep.shaded.org.apache.hc.client5.http.impl.classic.InternalHttpClient - ex-00000030: preparing request execution
23:55:07.324 [Test worker] DEBUG com.github.dockerjava.zerodep.shaded.org.apache.hc.client5.http.protocol.RequestAddCookies - Cookie spec selected: strict
23:55:07.324 [Test worker] DEBUG com.github.dockerjava.zerodep.shaded.org.apache.hc.client5.http.protocol.RequestAuthCache - Auth cache not set in the context
23:55:07.324 [Test worker] DEBUG com.github.dockerjava.zerodep.shaded.org.apache.hc.client5.http.impl.classic.ProtocolExec - ex-00000030: target auth state: UNCHALLENGED
23:55:07.324 [Test worker] DEBUG com.github.dockerjava.zerodep.shaded.org.apache.hc.client5.http.impl.classic.ProtocolExec - ex-00000030: proxy auth state: UNCHALLENGED
23:55:07.324 [Test worker] DEBUG com.github.dockerjava.zerodep.shaded.org.apache.hc.client5.http.impl.classic.ConnectExec - ex-00000030: acquiring connection with route {}->unix://localhost:2375
23:55:07.324 [Test worker] DEBUG com.github.dockerjava.zerodep.shaded.org.apache.hc.client5.http.impl.classic.InternalHttpClient - ex-00000030: acquiring endpoint (3 MINUTES)
23:55:07.324 [Test worker] DEBUG com.github.dockerjava.zerodep.shaded.org.apache.hc.client5.http.impl.io.PoolingHttpClientConnectionManager - ex-00000030: endpoint lease request (3 MINUTES) [route: {}->unix://localhost:2375][total available: 1; route allocated: 1 of 2147483647; total allocated: 1 of 2147483647]
23:55:07.324 [Test worker] DEBUG com.github.dockerjava.zerodep.shaded.org.apache.hc.client5.http.impl.io.PoolingHttpClientConnectionManager - ex-00000030: endpoint leased [route: {}->unix://localhost:2375][total available: 0; route allocated: 1 of 2147483647; total allocated: 1 of 2147483647]
23:55:07.324 [Test worker] DEBUG com.github.dockerjava.zerodep.shaded.org.apache.hc.client5.http.impl.io.PoolingHttpClientConnectionManager - ex-00000030: acquired ep-0000002F
23:55:07.324 [Test worker] DEBUG com.github.dockerjava.zerodep.shaded.org.apache.hc.client5.http.impl.classic.InternalHttpClient - ex-00000030: acquired endpoint ep-0000002F
23:55:07.324 [Test worker] DEBUG com.github.dockerjava.zerodep.shaded.org.apache.hc.client5.http.impl.classic.MainClientExec - ex-00000030: executing GET /v1.32/containers/c37a42694b7d1cff581f5e7b89a60b044af4721181408c271e821f1413201ca6/json HTTP/1.1
23:55:07.324 [Test worker] DEBUG com.github.dockerjava.zerodep.shaded.org.apache.hc.client5.http.impl.classic.InternalHttpClient - ep-0000002F: start execution ex-00000030
23:55:07.324 [Test worker] DEBUG com.github.dockerjava.zerodep.shaded.org.apache.hc.client5.http.impl.io.PoolingHttpClientConnectionManager - ep-0000002F: executing exchange ex-00000030 over http-outgoing-2
23:55:07.324 [Test worker] DEBUG com.github.dockerjava.zerodep.shaded.org.apache.hc.client5.http.headers - http-outgoing-2 >> GET /v1.32/containers/c37a42694b7d1cff581f5e7b89a60b044af4721181408c271e821f1413201ca6/json HTTP/1.1
23:55:07.324 [Test worker] DEBUG com.github.dockerjava.zerodep.shaded.org.apache.hc.client5.http.headers - http-outgoing-2 >> accept: application/json
23:55:07.324 [Test worker] DEBUG com.github.dockerjava.zerodep.shaded.org.apache.hc.client5.http.headers - http-outgoing-2 >> x-tc-sid: 818a13d9-e138-4e41-b5a4-74fd927e6a2d
23:55:07.324 [Test worker] DEBUG com.github.dockerjava.zerodep.shaded.org.apache.hc.client5.http.headers - http-outgoing-2 >> Accept-Encoding: gzip, x-gzip, deflate
23:55:07.324 [Test worker] DEBUG com.github.dockerjava.zerodep.shaded.org.apache.hc.client5.http.headers - http-outgoing-2 >> Host: localhost:2375
23:55:07.324 [Test worker] DEBUG com.github.dockerjava.zerodep.shaded.org.apache.hc.client5.http.headers - http-outgoing-2 >> Connection: keep-alive
23:55:07.324 [Test worker] DEBUG com.github.dockerjava.zerodep.shaded.org.apache.hc.client5.http.headers - http-outgoing-2 >> User-Agent: Apache-HttpClient/5.0.3 (Java/17.0.2)
23:55:07.324 [Test worker] DEBUG com.github.dockerjava.zerodep.shaded.org.apache.hc.client5.http.wire - http-outgoing-2 >> "GET /v1.32/containers/c37a42694b7d1cff581f5e7b89a60b044af4721181408c271e821f1413201ca6/json HTTP/1.1[\r][\n]"
23:55:07.324 [Test worker] DEBUG com.github.dockerjava.zerodep.shaded.org.apache.hc.client5.http.wire - http-outgoing-2 >> "accept: application/json[\r][\n]"
23:55:07.324 [Test worker] DEBUG com.github.dockerjava.zerodep.shaded.org.apache.hc.client5.http.wire - http-outgoing-2 >> "x-tc-sid: 818a13d9-e138-4e41-b5a4-74fd927e6a2d[\r][\n]"
23:55:07.324 [Test worker] DEBUG com.github.dockerjava.zerodep.shaded.org.apache.hc.client5.http.wire - http-outgoing-2 >> "Accept-Encoding: gzip, x-gzip, deflate[\r][\n]"
23:55:07.324 [Test worker] DEBUG com.github.dockerjava.zerodep.shaded.org.apache.hc.client5.http.wire - http-outgoing-2 >> "Host: localhost:2375[\r][\n]"
23:55:07.324 [Test worker] DEBUG com.github.dockerjava.zerodep.shaded.org.apache.hc.client5.http.wire - http-outgoing-2 >> "Connection: keep-alive[\r][\n]"
23:55:07.324 [Test worker] DEBUG com.github.dockerjava.zerodep.shaded.org.apache.hc.client5.http.wire - http-outgoing-2 >> "User-Agent: Apache-HttpClient/5.0.3 (Java/17.0.2)[\r][\n]"
23:55:07.324 [Test worker] DEBUG com.github.dockerjava.zerodep.shaded.org.apache.hc.client5.http.wire - http-outgoing-2 >> "[\r][\n]"
23:55:07.327 [Test worker] DEBUG com.github.dockerjava.zerodep.shaded.org.apache.hc.client5.http.wire - http-outgoing-2 << "HTTP/1.1 200 OK[\r][\n]"
23:55:07.327 [Test worker] DEBUG com.github.dockerjava.zerodep.shaded.org.apache.hc.client5.http.wire - http-outgoing-2 << "Api-Version: 1.41[\r][\n]"
23:55:07.327 [Test worker] DEBUG com.github.dockerjava.zerodep.shaded.org.apache.hc.client5.http.wire - http-outgoing-2 << "Content-Type: application/json[\r][\n]"
23:55:07.327 [Test worker] DEBUG com.github.dockerjava.zerodep.shaded.org.apache.hc.client5.http.wire - http-outgoing-2 << "Date: Mon, 27 Mar 2023 02:55:07 GMT[\r][\n]"
23:55:07.327 [Test worker] DEBUG com.github.dockerjava.zerodep.shaded.org.apache.hc.client5.http.wire - http-outgoing-2 << "Docker-Experimental: false[\r][\n]"
23:55:07.327 [Test worker] DEBUG com.github.dockerjava.zerodep.shaded.org.apache.hc.client5.http.wire - http-outgoing-2 << "Ostype: linux[\r][\n]"
23:55:07.327 [Test worker] DEBUG com.github.dockerjava.zerodep.shaded.org.apache.hc.client5.http.wire - http-outgoing-2 << "Server: Docker/20.10.21 (linux)[\r][\n]"
23:55:07.327 [Test worker] DEBUG com.github.dockerjava.zerodep.shaded.org.apache.hc.client5.http.wire - http-outgoing-2 << "Transfer-Encoding: chunked[\r][\n]"
23:55:07.327 [Test worker] DEBUG com.github.dockerjava.zerodep.shaded.org.apache.hc.client5.http.wire - http-outgoing-2 << "[\r][\n]"
23:55:07.327 [Test worker] DEBUG com.github.dockerjava.zerodep.shaded.org.apache.hc.client5.http.headers - http-outgoing-2 << HTTP/1.1 200 OK
23:55:07.327 [Test worker] DEBUG com.github.dockerjava.zerodep.shaded.org.apache.hc.client5.http.headers - http-outgoing-2 << Api-Version: 1.41
23:55:07.327 [Test worker] DEBUG com.github.dockerjava.zerodep.shaded.org.apache.hc.client5.http.headers - http-outgoing-2 << Content-Type: application/json
23:55:07.327 [Test worker] DEBUG com.github.dockerjava.zerodep.shaded.org.apache.hc.client5.http.headers - http-outgoing-2 << Date: Mon, 27 Mar 2023 02:55:07 GMT
23:55:07.327 [Test worker] DEBUG com.github.dockerjava.zerodep.shaded.org.apache.hc.client5.http.headers - http-outgoing-2 << Docker-Experimental: false
23:55:07.327 [Test worker] DEBUG com.github.dockerjava.zerodep.shaded.org.apache.hc.client5.http.headers - http-outgoing-2 << Ostype: linux
23:55:07.327 [Test worker] DEBUG com.github.dockerjava.zerodep.shaded.org.apache.hc.client5.http.headers - http-outgoing-2 << Server: Docker/20.10.21 (linux)
23:55:07.327 [Test worker] DEBUG com.github.dockerjava.zerodep.shaded.org.apache.hc.client5.http.headers - http-outgoing-2 << Transfer-Encoding: chunked
23:55:07.327 [Test worker] DEBUG com.github.dockerjava.zerodep.shaded.org.apache.hc.client5.http.impl.classic.MainClientExec - ex-00000030: connection can be kept alive for 3 MINUTES
23:55:07.329 [Test worker] DEBUG com.github.dockerjava.zerodep.shaded.org.apache.hc.client5.http.wire - http-outgoing-2 << "18c1[\r][\n]"
23:55:07.329 [Test worker] DEBUG com.github.dockerjava.zerodep.shaded.org.apache.hc.client5.http.wire - http-outgoing-2 << "{"Id":"c37a42694b7d1cff581f5e7b89a60b044af4721181408c271e821f1413201ca6","Created":"2023-03-27T02:55:02.49734542Z","Path":"docker-entrypoint.sh","Args":["mysqld"],"State":{"Status":"running","Running":true,"Paused":false,"Restarting":false,"OOMKilled":false,"Dead":false,"Pid":18342,"ExitCode":0,"Error":"","StartedAt":"2023-03-27T02:55:03.12719392Z","FinishedAt":"0001-01-01T00:00:00Z"},"Image":"sha256:c7c54c29e20dccc1aefb936c8eba8bb8b98b87a4921102aba87fde2df5810af9","ResolvConfPath":"/var/lib/docker/containers/c37a42694b7d1cff581f5e7b89a60b044af4721181408c271e821f1413201ca6/resolv.conf","HostnamePath":"/var/lib/docker/containers/c37a42694b7d1cff581f5e7b89a60b044af4721181408c271e821f1413201ca6/hostname","HostsPath":"/var/lib/docker/containers/c37a42694b7d1cff581f5e7b89a60b044af4721181408c271e821f1413201ca6/hosts","LogPath":"/var/lib/docker/containers/c37a42694b7d1cff581f5e7b89a60b044af4721181408c271e821f1413201ca6/c37a42694b7d1cff581f5e7b89a60b044af4721181408c271e821f1413201ca6-json.log","Name":"/elegant_mahavira","RestartCount":0,"Driver":"overlay2","Platform":"linux","MountLabel":"","ProcessLabel":"","AppArmorProfile":"","ExecIDs":null,"HostConfig":{"Binds":[],"ContainerIDFile":"","LogConfig":{"Type":"json-file","Config":{}},"NetworkMode":"default","PortBindings":{"3306/tcp":[{"HostIp":"0.0.0.0","HostPort":"0"}]},"RestartPolicy":{"Name":"","MaximumRetryCount":0},"AutoRemove":false,"VolumeDriver":"","VolumesFrom":[],"CapAdd":null,"CapDrop":null,"CgroupnsMode":"private","Dns":null,"DnsOptions":null,"DnsSearch":null,"ExtraHosts":[],"GroupAdd":null,"IpcMode":"shareable","Cgroup":"","Links":null,"OomScoreAdj":0,"PidMode":"","Privileged":false,"PublishAllPorts":false,"ReadonlyRootfs":false,"SecurityOpt":null,"UTSMode":"","UsernsMode":"","ShmSize":67108864,"Runtime":"runc","ConsoleSize":[0,0],"Isolation":"","CpuShares":0,"Memory":0,"NanoCpus":0,"CgroupParent":"","BlkioWeight":0,"BlkioWeightDevice":null,"BlkioDeviceReadBps":null,"BlkioDeviceWriteBps":null,"BlkioDeviceReadIOps":null,"BlkioDeviceWriteIOps":null,"CpuPeriod":0,"CpuQuota":0,"CpuRealtimePeriod":0,"CpuRealtimeRuntime":0,"CpusetCpus":"","CpusetMems":"","Devices":null,"DeviceCgroupRules":null,"DeviceRequests":null,"KernelMemory":0,"KernelMemoryTCP":0,"MemoryReservation":0,"MemorySwap":0,"MemorySwappiness":null,"OomKillDisable":null,"PidsLimit":null,"Ulimits":null,"CpuCount":0,"CpuPercent":0,"IOMaximumIOps":0,"IOMaximumBandwidth":0,"MaskedPaths":["/proc/asound","/proc/acpi","/proc/kcore","/proc/keys","/proc/latency_stats","/proc/timer_list","/proc/timer_stats","/proc/sched_debug","/proc/scsi","/sys/firmware"],"ReadonlyPaths":["/proc/bus","/proc/fs","/proc/irq","/proc/sys","/proc/sysrq-trigger"]},"GraphDriver":{"Data":{"LowerDir":"/var/lib/docker/overlay2/2c15a904a49807090175d7750f18e0f6a57e99c38a424839679cbaf676a4d500-init/diff:/var/lib/docker/overlay2/1bd8849d7a296305617011f940aa5cfabbe972a513397b1b6bbc27639b6c1f30/diff:/var/lib/docker/overlay2/199d69b2fbf78af4d4c95dec4fd2f8835ab0347eb49fb20ebb2ff3b99fedd6ad/diff:/var/lib/docker/overlay2/d83c38d654989311f75b9491329846033bfb7714de76ef635380dcfad5c740d9/diff:/var/lib/docker/overlay2/08600d0aea2ab2728bebcf5d2589c640a842f53d1ba3c4a4adccb4d03b923cf6/diff:/var/lib/docker/overlay2/9ec7c63a3fb14d13ac788bbf5e282ca821edc41260b79944e5e631037d13ecda/diff:/var/lib/docker/overlay2/db601d7a1b4ea6da638db620462f0da96fa55c559d02269c9ddb09027936ed87/diff:/var/lib/docker/overlay2/a6d2bd03f942e2565f21e74cfe152c7ec836a1c2b583f0790c685b92bdcfda24/diff:/var/lib/docker/overlay2/9badd16ea2c5e2bf1fde8b579683e41137dfc46ed5449234149f199a6751cc84/diff:/var/lib/docker/overlay2/6efb85646ed12e2d1181ef4cc6f6f6732c00c15a4035fe17ebc4f075ca573c30/diff:/var/lib/docker/overlay2/895d7c0ec09144d6ed33936f4e98e11c18010f7abd708cae1ce43aec7a7f2621/diff:/var/lib/docker/overlay2/1c4ba77aa573ab6e5e5069fd15eae71b3da940bde0f97a922a227ffc8a1d1096/diff","MergedDir":"/var/lib/docker/overlay2/2c15a904a49807090175d7750f18e0f6a57e99c38a424839679cbaf676a4d500/merged","UpperDir":"/var/lib/docker/overlay2/2c15a904a49807090175d7750f18e0f6a57e99c38a424839679cbaf676a4d500/diff","WorkDir":"/var/lib/docker/overlay2/2c15a904a49807090175d7750f18e0f6a57e99c38a424839679cbaf676a4d500/work"},"Name":"overlay2"},"Mounts":[{"Type":"volume","Name":"44a9389ce95a2961210e86afd6afe42b23405f43157b5dc00e010d283c01df79","Source":"/var/lib/docker/volumes/44a9389ce95a2961210e86afd6afe42b23405f43157b5dc00e010d283c01df79/_data","Destination":"/var/lib/mysql","Driver":"local","Mode":"","RW":true,"Propagation":""}],"Config":{"Hostname":"c37a42694b7d","Domainname":"","User":"","AttachStdin":false,"AttachStdout":false,"AttachStderr":false,"ExposedPorts":{"3306/tcp":{},"33060/tcp":{}},"Tty":false,"OpenStdin":false,"StdinOnce":false,"Env":["MYSQL_DATABASE=adm_videos","MYSQL_PASSWORD=123456","MYSQL_ROOT_PASSWORD=123456","PATH=/usr/local/sbin:/usr/local/bin:/usr/sbin:/usr/bin:/sbin:/bin","GOSU_VERSION=1.16","MYSQL_MAJOR=8.0","MYSQL_VERSION=8.0.32-1.el8","MYSQL_SHELL_VERSION=8.0.32-1.el8"],"Cmd":["mysqld"],"Image":"mysql:latest","Volumes":{"/var/lib/mysql":{}},"WorkingDir":"","Entrypoint":["docker-entrypoint.sh"],"OnBuild":null,"Labels":{"org.testcontainers":"true","org.testcontainers.lang":"java","org.testcontainers.sessionId":"818a13d9-e138-4e41-b5a4-74fd927e6a2d","org.testcontainers.version":"1.17.6"}},"NetworkSettings":{"Bridge":"","SandboxID":"bd1f3a626f226e407a1a406212013b21c93b302c93f9fd53a405b7fc5ff825b3","HairpinMode":false,"LinkLocalIPv6Address":"","LinkLocalIPv6PrefixLen":0,"Ports":{"3306/tcp":[{"HostIp":"0.0.0.0","HostPort":"56289"}],"33060/tcp":null},"SandboxKey":"/var/run/docker/netns/bd1f3a626f22","SecondaryIPAddresses":null,"SecondaryIPv6Addresses":null,"EndpointID":"a2b725c0c5ce4503f8e45e0c2adc4455b29a53a4866d3f23b2bce893a084641f","Gateway":"172.17.0.1","GlobalIPv6Address":"","GlobalIPv6PrefixLen":0,"IPAddress":"172.17.0.3","IPPrefixLen":16,"IPv6Gateway":"","MacAddress":"02:42:ac:11:00:03","Networks":{"bridge":{"IPAMConfig":null,"Links":null,"Aliases":null,"NetworkID":"308e234c143065751b16b4500cb9f48d5c7fc2116504b3d816a5e51cd4771062","EndpointID":"a2b725c0c5ce4503f8e45e0c2adc4455b29a53a4866d3f23b2bce893a084641f","Gateway":"172.17.0.1","IPAddress":"172.17.0.3","IPPrefixLen":16,"IPv6Gateway":"","GlobalIPv6Address":"","GlobalIPv6PrefixLen":0,"MacAddress":"02:42:ac:11:00:03","DriverOpts":null}}}}[\n]"
23:55:07.329 [Test worker] DEBUG com.github.dockerjava.zerodep.shaded.org.apache.hc.client5.http.wire - http-outgoing-2 << "[\r][\n]"
23:55:07.330 [Test worker] DEBUG com.github.dockerjava.zerodep.shaded.org.apache.hc.client5.http.wire - http-outgoing-2 << "0[\r][\n]"
23:55:07.330 [Test worker] DEBUG com.github.dockerjava.zerodep.shaded.org.apache.hc.client5.http.wire - http-outgoing-2 << "[\r][\n]"
23:55:07.330 [Test worker] DEBUG com.github.dockerjava.zerodep.shaded.org.apache.hc.client5.http.impl.classic.InternalHttpClient - ep-0000002F: releasing valid endpoint
23:55:07.330 [Test worker] DEBUG com.github.dockerjava.zerodep.shaded.org.apache.hc.client5.http.impl.io.PoolingHttpClientConnectionManager - ep-0000002F: releasing endpoint
23:55:07.330 [Test worker] DEBUG com.github.dockerjava.zerodep.shaded.org.apache.hc.client5.http.impl.io.PoolingHttpClientConnectionManager - ep-0000002F: connection http-outgoing-2 can be kept alive for 3 MINUTES
23:55:07.330 [Test worker] DEBUG com.github.dockerjava.zerodep.shaded.org.apache.hc.client5.http.impl.io.PoolingHttpClientConnectionManager - ep-0000002F: connection released [route: {}->unix://localhost:2375][total available: 1; route allocated: 1 of 2147483647; total allocated: 1 of 2147483647]
23:55:07.330 [Test worker] DEBUG ]]>&#x1f433;<![CDATA[ [mysql:latest] - Trying to create JDBC connection using com.mysql.cj.jdbc.Driver to jdbc:mysql://localhost:56289/adm_videos?useSSL=false&allowPublicKeyRetrieval=true with properties: {password=123456, user=root}
23:55:07.433 [Test worker] DEBUG org.testcontainers.shaded.com.github.dockerjava.core.command.AbstrDockerCmd - Cmd: c37a42694b7d1cff581f5e7b89a60b044af4721181408c271e821f1413201ca6,false
23:55:07.433 [Test worker] DEBUG org.testcontainers.shaded.com.github.dockerjava.core.exec.InspectContainerCmdExec - GET: DefaultWebTarget{path=[/containers/c37a42694b7d1cff581f5e7b89a60b044af4721181408c271e821f1413201ca6/json], queryParams={}}
23:55:07.433 [Test worker] DEBUG com.github.dockerjava.zerodep.shaded.org.apache.hc.client5.http.impl.classic.InternalHttpClient - ex-00000031: preparing request execution
23:55:07.433 [Test worker] DEBUG com.github.dockerjava.zerodep.shaded.org.apache.hc.client5.http.protocol.RequestAddCookies - Cookie spec selected: strict
23:55:07.433 [Test worker] DEBUG com.github.dockerjava.zerodep.shaded.org.apache.hc.client5.http.protocol.RequestAuthCache - Auth cache not set in the context
23:55:07.433 [Test worker] DEBUG com.github.dockerjava.zerodep.shaded.org.apache.hc.client5.http.impl.classic.ProtocolExec - ex-00000031: target auth state: UNCHALLENGED
23:55:07.433 [Test worker] DEBUG com.github.dockerjava.zerodep.shaded.org.apache.hc.client5.http.impl.classic.ProtocolExec - ex-00000031: proxy auth state: UNCHALLENGED
23:55:07.433 [Test worker] DEBUG com.github.dockerjava.zerodep.shaded.org.apache.hc.client5.http.impl.classic.ConnectExec - ex-00000031: acquiring connection with route {}->unix://localhost:2375
23:55:07.433 [Test worker] DEBUG com.github.dockerjava.zerodep.shaded.org.apache.hc.client5.http.impl.classic.InternalHttpClient - ex-00000031: acquiring endpoint (3 MINUTES)
23:55:07.434 [Test worker] DEBUG com.github.dockerjava.zerodep.shaded.org.apache.hc.client5.http.impl.io.PoolingHttpClientConnectionManager - ex-00000031: endpoint lease request (3 MINUTES) [route: {}->unix://localhost:2375][total available: 1; route allocated: 1 of 2147483647; total allocated: 1 of 2147483647]
23:55:07.434 [Test worker] DEBUG com.github.dockerjava.zerodep.shaded.org.apache.hc.client5.http.impl.io.PoolingHttpClientConnectionManager - ex-00000031: endpoint leased [route: {}->unix://localhost:2375][total available: 0; route allocated: 1 of 2147483647; total allocated: 1 of 2147483647]
23:55:07.434 [Test worker] DEBUG com.github.dockerjava.zerodep.shaded.org.apache.hc.client5.http.impl.io.PoolingHttpClientConnectionManager - ex-00000031: acquired ep-00000030
23:55:07.434 [Test worker] DEBUG com.github.dockerjava.zerodep.shaded.org.apache.hc.client5.http.impl.classic.InternalHttpClient - ex-00000031: acquired endpoint ep-00000030
23:55:07.434 [Test worker] DEBUG com.github.dockerjava.zerodep.shaded.org.apache.hc.client5.http.impl.classic.MainClientExec - ex-00000031: executing GET /v1.32/containers/c37a42694b7d1cff581f5e7b89a60b044af4721181408c271e821f1413201ca6/json HTTP/1.1
23:55:07.434 [Test worker] DEBUG com.github.dockerjava.zerodep.shaded.org.apache.hc.client5.http.impl.classic.InternalHttpClient - ep-00000030: start execution ex-00000031
23:55:07.434 [Test worker] DEBUG com.github.dockerjava.zerodep.shaded.org.apache.hc.client5.http.impl.io.PoolingHttpClientConnectionManager - ep-00000030: executing exchange ex-00000031 over http-outgoing-2
23:55:07.434 [Test worker] DEBUG com.github.dockerjava.zerodep.shaded.org.apache.hc.client5.http.headers - http-outgoing-2 >> GET /v1.32/containers/c37a42694b7d1cff581f5e7b89a60b044af4721181408c271e821f1413201ca6/json HTTP/1.1
23:55:07.434 [Test worker] DEBUG com.github.dockerjava.zerodep.shaded.org.apache.hc.client5.http.headers - http-outgoing-2 >> accept: application/json
23:55:07.434 [Test worker] DEBUG com.github.dockerjava.zerodep.shaded.org.apache.hc.client5.http.headers - http-outgoing-2 >> x-tc-sid: 818a13d9-e138-4e41-b5a4-74fd927e6a2d
23:55:07.434 [Test worker] DEBUG com.github.dockerjava.zerodep.shaded.org.apache.hc.client5.http.headers - http-outgoing-2 >> Accept-Encoding: gzip, x-gzip, deflate
23:55:07.434 [Test worker] DEBUG com.github.dockerjava.zerodep.shaded.org.apache.hc.client5.http.headers - http-outgoing-2 >> Host: localhost:2375
23:55:07.434 [Test worker] DEBUG com.github.dockerjava.zerodep.shaded.org.apache.hc.client5.http.headers - http-outgoing-2 >> Connection: keep-alive
23:55:07.434 [Test worker] DEBUG com.github.dockerjava.zerodep.shaded.org.apache.hc.client5.http.headers - http-outgoing-2 >> User-Agent: Apache-HttpClient/5.0.3 (Java/17.0.2)
23:55:07.434 [Test worker] DEBUG com.github.dockerjava.zerodep.shaded.org.apache.hc.client5.http.wire - http-outgoing-2 >> "GET /v1.32/containers/c37a42694b7d1cff581f5e7b89a60b044af4721181408c271e821f1413201ca6/json HTTP/1.1[\r][\n]"
23:55:07.434 [Test worker] DEBUG com.github.dockerjava.zerodep.shaded.org.apache.hc.client5.http.wire - http-outgoing-2 >> "accept: application/json[\r][\n]"
23:55:07.434 [Test worker] DEBUG com.github.dockerjava.zerodep.shaded.org.apache.hc.client5.http.wire - http-outgoing-2 >> "x-tc-sid: 818a13d9-e138-4e41-b5a4-74fd927e6a2d[\r][\n]"
23:55:07.434 [Test worker] DEBUG com.github.dockerjava.zerodep.shaded.org.apache.hc.client5.http.wire - http-outgoing-2 >> "Accept-Encoding: gzip, x-gzip, deflate[\r][\n]"
23:55:07.434 [Test worker] DEBUG com.github.dockerjava.zerodep.shaded.org.apache.hc.client5.http.wire - http-outgoing-2 >> "Host: localhost:2375[\r][\n]"
23:55:07.434 [Test worker] DEBUG com.github.dockerjava.zerodep.shaded.org.apache.hc.client5.http.wire - http-outgoing-2 >> "Connection: keep-alive[\r][\n]"
23:55:07.434 [Test worker] DEBUG com.github.dockerjava.zerodep.shaded.org.apache.hc.client5.http.wire - http-outgoing-2 >> "User-Agent: Apache-HttpClient/5.0.3 (Java/17.0.2)[\r][\n]"
23:55:07.434 [Test worker] DEBUG com.github.dockerjava.zerodep.shaded.org.apache.hc.client5.http.wire - http-outgoing-2 >> "[\r][\n]"
23:55:07.436 [Test worker] DEBUG com.github.dockerjava.zerodep.shaded.org.apache.hc.client5.http.wire - http-outgoing-2 << "HTTP/1.1 200 OK[\r][\n]"
23:55:07.436 [Test worker] DEBUG com.github.dockerjava.zerodep.shaded.org.apache.hc.client5.http.wire - http-outgoing-2 << "Api-Version: 1.41[\r][\n]"
23:55:07.436 [Test worker] DEBUG com.github.dockerjava.zerodep.shaded.org.apache.hc.client5.http.wire - http-outgoing-2 << "Content-Type: application/json[\r][\n]"
23:55:07.436 [Test worker] DEBUG com.github.dockerjava.zerodep.shaded.org.apache.hc.client5.http.wire - http-outgoing-2 << "Date: Mon, 27 Mar 2023 02:55:07 GMT[\r][\n]"
23:55:07.436 [Test worker] DEBUG com.github.dockerjava.zerodep.shaded.org.apache.hc.client5.http.wire - http-outgoing-2 << "Docker-Experimental: false[\r][\n]"
23:55:07.436 [Test worker] DEBUG com.github.dockerjava.zerodep.shaded.org.apache.hc.client5.http.wire - http-outgoing-2 << "Ostype: linux[\r][\n]"
23:55:07.436 [Test worker] DEBUG com.github.dockerjava.zerodep.shaded.org.apache.hc.client5.http.wire - http-outgoing-2 << "Server: Docker/20.10.21 (linux)[\r][\n]"
23:55:07.436 [Test worker] DEBUG com.github.dockerjava.zerodep.shaded.org.apache.hc.client5.http.wire - http-outgoing-2 << "Transfer-Encoding: chunked[\r][\n]"
23:55:07.436 [Test worker] DEBUG com.github.dockerjava.zerodep.shaded.org.apache.hc.client5.http.wire - http-outgoing-2 << "[\r][\n]"
23:55:07.436 [Test worker] DEBUG com.github.dockerjava.zerodep.shaded.org.apache.hc.client5.http.headers - http-outgoing-2 << HTTP/1.1 200 OK
23:55:07.436 [Test worker] DEBUG com.github.dockerjava.zerodep.shaded.org.apache.hc.client5.http.headers - http-outgoing-2 << Api-Version: 1.41
23:55:07.436 [Test worker] DEBUG com.github.dockerjava.zerodep.shaded.org.apache.hc.client5.http.headers - http-outgoing-2 << Content-Type: application/json
23:55:07.436 [Test worker] DEBUG com.github.dockerjava.zerodep.shaded.org.apache.hc.client5.http.headers - http-outgoing-2 << Date: Mon, 27 Mar 2023 02:55:07 GMT
23:55:07.436 [Test worker] DEBUG com.github.dockerjava.zerodep.shaded.org.apache.hc.client5.http.headers - http-outgoing-2 << Docker-Experimental: false
23:55:07.436 [Test worker] DEBUG com.github.dockerjava.zerodep.shaded.org.apache.hc.client5.http.headers - http-outgoing-2 << Ostype: linux
23:55:07.436 [Test worker] DEBUG com.github.dockerjava.zerodep.shaded.org.apache.hc.client5.http.headers - http-outgoing-2 << Server: Docker/20.10.21 (linux)
23:55:07.436 [Test worker] DEBUG com.github.dockerjava.zerodep.shaded.org.apache.hc.client5.http.headers - http-outgoing-2 << Transfer-Encoding: chunked
23:55:07.436 [Test worker] DEBUG com.github.dockerjava.zerodep.shaded.org.apache.hc.client5.http.impl.classic.MainClientExec - ex-00000031: connection can be kept alive for 3 MINUTES
23:55:07.438 [Test worker] DEBUG com.github.dockerjava.zerodep.shaded.org.apache.hc.client5.http.wire - http-outgoing-2 << "18c1[\r][\n]"
23:55:07.438 [Test worker] DEBUG com.github.dockerjava.zerodep.shaded.org.apache.hc.client5.http.wire - http-outgoing-2 << "{"Id":"c37a42694b7d1cff581f5e7b89a60b044af4721181408c271e821f1413201ca6","Created":"2023-03-27T02:55:02.49734542Z","Path":"docker-entrypoint.sh","Args":["mysqld"],"State":{"Status":"running","Running":true,"Paused":false,"Restarting":false,"OOMKilled":false,"Dead":false,"Pid":18342,"ExitCode":0,"Error":"","StartedAt":"2023-03-27T02:55:03.12719392Z","FinishedAt":"0001-01-01T00:00:00Z"},"Image":"sha256:c7c54c29e20dccc1aefb936c8eba8bb8b98b87a4921102aba87fde2df5810af9","ResolvConfPath":"/var/lib/docker/containers/c37a42694b7d1cff581f5e7b89a60b044af4721181408c271e821f1413201ca6/resolv.conf","HostnamePath":"/var/lib/docker/containers/c37a42694b7d1cff581f5e7b89a60b044af4721181408c271e821f1413201ca6/hostname","HostsPath":"/var/lib/docker/containers/c37a42694b7d1cff581f5e7b89a60b044af4721181408c271e821f1413201ca6/hosts","LogPath":"/var/lib/docker/containers/c37a42694b7d1cff581f5e7b89a60b044af4721181408c271e821f1413201ca6/c37a42694b7d1cff581f5e7b89a60b044af4721181408c271e821f1413201ca6-json.log","Name":"/elegant_mahavira","RestartCount":0,"Driver":"overlay2","Platform":"linux","MountLabel":"","ProcessLabel":"","AppArmorProfile":"","ExecIDs":null,"HostConfig":{"Binds":[],"ContainerIDFile":"","LogConfig":{"Type":"json-file","Config":{}},"NetworkMode":"default","PortBindings":{"3306/tcp":[{"HostIp":"0.0.0.0","HostPort":"0"}]},"RestartPolicy":{"Name":"","MaximumRetryCount":0},"AutoRemove":false,"VolumeDriver":"","VolumesFrom":[],"CapAdd":null,"CapDrop":null,"CgroupnsMode":"private","Dns":null,"DnsOptions":null,"DnsSearch":null,"ExtraHosts":[],"GroupAdd":null,"IpcMode":"shareable","Cgroup":"","Links":null,"OomScoreAdj":0,"PidMode":"","Privileged":false,"PublishAllPorts":false,"ReadonlyRootfs":false,"SecurityOpt":null,"UTSMode":"","UsernsMode":"","ShmSize":67108864,"Runtime":"runc","ConsoleSize":[0,0],"Isolation":"","CpuShares":0,"Memory":0,"NanoCpus":0,"CgroupParent":"","BlkioWeight":0,"BlkioWeightDevice":null,"BlkioDeviceReadBps":null,"BlkioDeviceWriteBps":null,"BlkioDeviceReadIOps":null,"BlkioDeviceWriteIOps":null,"CpuPeriod":0,"CpuQuota":0,"CpuRealtimePeriod":0,"CpuRealtimeRuntime":0,"CpusetCpus":"","CpusetMems":"","Devices":null,"DeviceCgroupRules":null,"DeviceRequests":null,"KernelMemory":0,"KernelMemoryTCP":0,"MemoryReservation":0,"MemorySwap":0,"MemorySwappiness":null,"OomKillDisable":null,"PidsLimit":null,"Ulimits":null,"CpuCount":0,"CpuPercent":0,"IOMaximumIOps":0,"IOMaximumBandwidth":0,"MaskedPaths":["/proc/asound","/proc/acpi","/proc/kcore","/proc/keys","/proc/latency_stats","/proc/timer_list","/proc/timer_stats","/proc/sched_debug","/proc/scsi","/sys/firmware"],"ReadonlyPaths":["/proc/bus","/proc/fs","/proc/irq","/proc/sys","/proc/sysrq-trigger"]},"GraphDriver":{"Data":{"LowerDir":"/var/lib/docker/overlay2/2c15a904a49807090175d7750f18e0f6a57e99c38a424839679cbaf676a4d500-init/diff:/var/lib/docker/overlay2/1bd8849d7a296305617011f940aa5cfabbe972a513397b1b6bbc27639b6c1f30/diff:/var/lib/docker/overlay2/199d69b2fbf78af4d4c95dec4fd2f8835ab0347eb49fb20ebb2ff3b99fedd6ad/diff:/var/lib/docker/overlay2/d83c38d654989311f75b9491329846033bfb7714de76ef635380dcfad5c740d9/diff:/var/lib/docker/overlay2/08600d0aea2ab2728bebcf5d2589c640a842f53d1ba3c4a4adccb4d03b923cf6/diff:/var/lib/docker/overlay2/9ec7c63a3fb14d13ac788bbf5e282ca821edc41260b79944e5e631037d13ecda/diff:/var/lib/docker/overlay2/db601d7a1b4ea6da638db620462f0da96fa55c559d02269c9ddb09027936ed87/diff:/var/lib/docker/overlay2/a6d2bd03f942e2565f21e74cfe152c7ec836a1c2b583f0790c685b92bdcfda24/diff:/var/lib/docker/overlay2/9badd16ea2c5e2bf1fde8b579683e41137dfc46ed5449234149f199a6751cc84/diff:/var/lib/docker/overlay2/6efb85646ed12e2d1181ef4cc6f6f6732c00c15a4035fe17ebc4f075ca573c30/diff:/var/lib/docker/overlay2/895d7c0ec09144d6ed33936f4e98e11c18010f7abd708cae1ce43aec7a7f2621/diff:/var/lib/docker/overlay2/1c4ba77aa573ab6e5e5069fd15eae71b3da940bde0f97a922a227ffc8a1d1096/diff","MergedDir":"/var/lib/docker/overlay2/2c15a904a49807090175d7750f18e0f6a57e99c38a424839679cbaf676a4d500/merged","UpperDir":"/var/lib/docker/overlay2/2c15a904a49807090175d7750f18e0f6a57e99c38a424839679cbaf676a4d500/diff","WorkDir":"/var/lib/docker/overlay2/2c15a904a49807090175d7750f18e0f6a57e99c38a424839679cbaf676a4d500/work"},"Name":"overlay2"},"Mounts":[{"Type":"volume","Name":"44a9389ce95a2961210e86afd6afe42b23405f43157b5dc00e010d283c01df79","Source":"/var/lib/docker/volumes/44a9389ce95a2961210e86afd6afe42b23405f43157b5dc00e010d283c01df79/_data","Destination":"/var/lib/mysql","Driver":"local","Mode":"","RW":true,"Propagation":""}],"Config":{"Hostname":"c37a42694b7d","Domainname":"","User":"","AttachStdin":false,"AttachStdout":false,"AttachStderr":false,"ExposedPorts":{"3306/tcp":{},"33060/tcp":{}},"Tty":false,"OpenStdin":false,"StdinOnce":false,"Env":["MYSQL_DATABASE=adm_videos","MYSQL_PASSWORD=123456","MYSQL_ROOT_PASSWORD=123456","PATH=/usr/local/sbin:/usr/local/bin:/usr/sbin:/usr/bin:/sbin:/bin","GOSU_VERSION=1.16","MYSQL_MAJOR=8.0","MYSQL_VERSION=8.0.32-1.el8","MYSQL_SHELL_VERSION=8.0.32-1.el8"],"Cmd":["mysqld"],"Image":"mysql:latest","Volumes":{"/var/lib/mysql":{}},"WorkingDir":"","Entrypoint":["docker-entrypoint.sh"],"OnBuild":null,"Labels":{"org.testcontainers":"true","org.testcontainers.lang":"java","org.testcontainers.sessionId":"818a13d9-e138-4e41-b5a4-74fd927e6a2d","org.testcontainers.version":"1.17.6"}},"NetworkSettings":{"Bridge":"","SandboxID":"bd1f3a626f226e407a1a406212013b21c93b302c93f9fd53a405b7fc5ff825b3","HairpinMode":false,"LinkLocalIPv6Address":"","LinkLocalIPv6PrefixLen":0,"Ports":{"3306/tcp":[{"HostIp":"0.0.0.0","HostPort":"56289"}],"33060/tcp":null},"SandboxKey":"/var/run/docker/netns/bd1f3a626f22","SecondaryIPAddresses":null,"SecondaryIPv6Addresses":null,"EndpointID":"a2b725c0c5ce4503f8e45e0c2adc4455b29a53a4866d3f23b2bce893a084641f","Gateway":"172.17.0.1","GlobalIPv6Address":"","GlobalIPv6PrefixLen":0,"IPAddress":"172.17.0.3","IPPrefixLen":16,"IPv6Gateway":"","MacAddress":"02:42:ac:11:00:03","Networks":{"bridge":{"IPAMConfig":null,"Links":null,"Aliases":null,"NetworkID":"308e234c143065751b16b4500cb9f48d5c7fc2116504b3d816a5e51cd4771062","EndpointID":"a2b725c0c5ce4503f8e45e0c2adc4455b29a53a4866d3f23b2bce893a084641f","Gateway":"172.17.0.1","IPAddress":"172.17.0.3","IPPrefixLen":16,"IPv6Gateway":"","GlobalIPv6Address":"","GlobalIPv6PrefixLen":0,"MacAddress":"02:42:ac:11:00:03","DriverOpts":null}}}}[\n]"
23:55:07.438 [Test worker] DEBUG com.github.dockerjava.zerodep.shaded.org.apache.hc.client5.http.wire - http-outgoing-2 << "[\r][\n]"
23:55:07.438 [Test worker] DEBUG com.github.dockerjava.zerodep.shaded.org.apache.hc.client5.http.wire - http-outgoing-2 << "0[\r][\n]"
23:55:07.438 [Test worker] DEBUG com.github.dockerjava.zerodep.shaded.org.apache.hc.client5.http.wire - http-outgoing-2 << "[\r][\n]"
23:55:07.438 [Test worker] DEBUG com.github.dockerjava.zerodep.shaded.org.apache.hc.client5.http.impl.classic.InternalHttpClient - ep-00000030: releasing valid endpoint
23:55:07.438 [Test worker] DEBUG com.github.dockerjava.zerodep.shaded.org.apache.hc.client5.http.impl.io.PoolingHttpClientConnectionManager - ep-00000030: releasing endpoint
23:55:07.438 [Test worker] DEBUG com.github.dockerjava.zerodep.shaded.org.apache.hc.client5.http.impl.io.PoolingHttpClientConnectionManager - ep-00000030: connection http-outgoing-2 can be kept alive for 3 MINUTES
23:55:07.438 [Test worker] DEBUG com.github.dockerjava.zerodep.shaded.org.apache.hc.client5.http.impl.io.PoolingHttpClientConnectionManager - ep-00000030: connection released [route: {}->unix://localhost:2375][total available: 1; route allocated: 1 of 2147483647; total allocated: 1 of 2147483647]
23:55:07.438 [Test worker] DEBUG ]]>&#x1f433;<![CDATA[ [mysql:latest] - Trying to create JDBC connection using com.mysql.cj.jdbc.Driver to jdbc:mysql://localhost:56289/adm_videos?useSSL=false&allowPublicKeyRetrieval=true with properties: {password=123456, user=root}
23:55:07.545 [Test worker] DEBUG org.testcontainers.shaded.com.github.dockerjava.core.command.AbstrDockerCmd - Cmd: c37a42694b7d1cff581f5e7b89a60b044af4721181408c271e821f1413201ca6,false
23:55:07.545 [Test worker] DEBUG org.testcontainers.shaded.com.github.dockerjava.core.exec.InspectContainerCmdExec - GET: DefaultWebTarget{path=[/containers/c37a42694b7d1cff581f5e7b89a60b044af4721181408c271e821f1413201ca6/json], queryParams={}}
23:55:07.545 [Test worker] DEBUG com.github.dockerjava.zerodep.shaded.org.apache.hc.client5.http.impl.classic.InternalHttpClient - ex-00000032: preparing request execution
23:55:07.545 [Test worker] DEBUG com.github.dockerjava.zerodep.shaded.org.apache.hc.client5.http.protocol.RequestAddCookies - Cookie spec selected: strict
23:55:07.545 [Test worker] DEBUG com.github.dockerjava.zerodep.shaded.org.apache.hc.client5.http.protocol.RequestAuthCache - Auth cache not set in the context
23:55:07.545 [Test worker] DEBUG com.github.dockerjava.zerodep.shaded.org.apache.hc.client5.http.impl.classic.ProtocolExec - ex-00000032: target auth state: UNCHALLENGED
23:55:07.545 [Test worker] DEBUG com.github.dockerjava.zerodep.shaded.org.apache.hc.client5.http.impl.classic.ProtocolExec - ex-00000032: proxy auth state: UNCHALLENGED
23:55:07.545 [Test worker] DEBUG com.github.dockerjava.zerodep.shaded.org.apache.hc.client5.http.impl.classic.ConnectExec - ex-00000032: acquiring connection with route {}->unix://localhost:2375
23:55:07.545 [Test worker] DEBUG com.github.dockerjava.zerodep.shaded.org.apache.hc.client5.http.impl.classic.InternalHttpClient - ex-00000032: acquiring endpoint (3 MINUTES)
23:55:07.545 [Test worker] DEBUG com.github.dockerjava.zerodep.shaded.org.apache.hc.client5.http.impl.io.PoolingHttpClientConnectionManager - ex-00000032: endpoint lease request (3 MINUTES) [route: {}->unix://localhost:2375][total available: 1; route allocated: 1 of 2147483647; total allocated: 1 of 2147483647]
23:55:07.546 [Test worker] DEBUG com.github.dockerjava.zerodep.shaded.org.apache.hc.client5.http.impl.io.PoolingHttpClientConnectionManager - ex-00000032: endpoint leased [route: {}->unix://localhost:2375][total available: 0; route allocated: 1 of 2147483647; total allocated: 1 of 2147483647]
23:55:07.546 [Test worker] DEBUG com.github.dockerjava.zerodep.shaded.org.apache.hc.client5.http.impl.io.PoolingHttpClientConnectionManager - ex-00000032: acquired ep-00000031
23:55:07.546 [Test worker] DEBUG com.github.dockerjava.zerodep.shaded.org.apache.hc.client5.http.impl.classic.InternalHttpClient - ex-00000032: acquired endpoint ep-00000031
23:55:07.546 [Test worker] DEBUG com.github.dockerjava.zerodep.shaded.org.apache.hc.client5.http.impl.classic.MainClientExec - ex-00000032: executing GET /v1.32/containers/c37a42694b7d1cff581f5e7b89a60b044af4721181408c271e821f1413201ca6/json HTTP/1.1
23:55:07.546 [Test worker] DEBUG com.github.dockerjava.zerodep.shaded.org.apache.hc.client5.http.impl.classic.InternalHttpClient - ep-00000031: start execution ex-00000032
23:55:07.546 [Test worker] DEBUG com.github.dockerjava.zerodep.shaded.org.apache.hc.client5.http.impl.io.PoolingHttpClientConnectionManager - ep-00000031: executing exchange ex-00000032 over http-outgoing-2
23:55:07.546 [Test worker] DEBUG com.github.dockerjava.zerodep.shaded.org.apache.hc.client5.http.headers - http-outgoing-2 >> GET /v1.32/containers/c37a42694b7d1cff581f5e7b89a60b044af4721181408c271e821f1413201ca6/json HTTP/1.1
23:55:07.546 [Test worker] DEBUG com.github.dockerjava.zerodep.shaded.org.apache.hc.client5.http.headers - http-outgoing-2 >> accept: application/json
23:55:07.546 [Test worker] DEBUG com.github.dockerjava.zerodep.shaded.org.apache.hc.client5.http.headers - http-outgoing-2 >> x-tc-sid: 818a13d9-e138-4e41-b5a4-74fd927e6a2d
23:55:07.546 [Test worker] DEBUG com.github.dockerjava.zerodep.shaded.org.apache.hc.client5.http.headers - http-outgoing-2 >> Accept-Encoding: gzip, x-gzip, deflate
23:55:07.546 [Test worker] DEBUG com.github.dockerjava.zerodep.shaded.org.apache.hc.client5.http.headers - http-outgoing-2 >> Host: localhost:2375
23:55:07.546 [Test worker] DEBUG com.github.dockerjava.zerodep.shaded.org.apache.hc.client5.http.headers - http-outgoing-2 >> Connection: keep-alive
23:55:07.546 [Test worker] DEBUG com.github.dockerjava.zerodep.shaded.org.apache.hc.client5.http.headers - http-outgoing-2 >> User-Agent: Apache-HttpClient/5.0.3 (Java/17.0.2)
23:55:07.546 [Test worker] DEBUG com.github.dockerjava.zerodep.shaded.org.apache.hc.client5.http.wire - http-outgoing-2 >> "GET /v1.32/containers/c37a42694b7d1cff581f5e7b89a60b044af4721181408c271e821f1413201ca6/json HTTP/1.1[\r][\n]"
23:55:07.546 [Test worker] DEBUG com.github.dockerjava.zerodep.shaded.org.apache.hc.client5.http.wire - http-outgoing-2 >> "accept: application/json[\r][\n]"
23:55:07.546 [Test worker] DEBUG com.github.dockerjava.zerodep.shaded.org.apache.hc.client5.http.wire - http-outgoing-2 >> "x-tc-sid: 818a13d9-e138-4e41-b5a4-74fd927e6a2d[\r][\n]"
23:55:07.546 [Test worker] DEBUG com.github.dockerjava.zerodep.shaded.org.apache.hc.client5.http.wire - http-outgoing-2 >> "Accept-Encoding: gzip, x-gzip, deflate[\r][\n]"
23:55:07.546 [Test worker] DEBUG com.github.dockerjava.zerodep.shaded.org.apache.hc.client5.http.wire - http-outgoing-2 >> "Host: localhost:2375[\r][\n]"
23:55:07.546 [Test worker] DEBUG com.github.dockerjava.zerodep.shaded.org.apache.hc.client5.http.wire - http-outgoing-2 >> "Connection: keep-alive[\r][\n]"
23:55:07.546 [Test worker] DEBUG com.github.dockerjava.zerodep.shaded.org.apache.hc.client5.http.wire - http-outgoing-2 >> "User-Agent: Apache-HttpClient/5.0.3 (Java/17.0.2)[\r][\n]"
23:55:07.546 [Test worker] DEBUG com.github.dockerjava.zerodep.shaded.org.apache.hc.client5.http.wire - http-outgoing-2 >> "[\r][\n]"
23:55:07.548 [Test worker] DEBUG com.github.dockerjava.zerodep.shaded.org.apache.hc.client5.http.wire - http-outgoing-2 << "HTTP/1.1 200 OK[\r][\n]"
23:55:07.548 [Test worker] DEBUG com.github.dockerjava.zerodep.shaded.org.apache.hc.client5.http.wire - http-outgoing-2 << "Api-Version: 1.41[\r][\n]"
23:55:07.548 [Test worker] DEBUG com.github.dockerjava.zerodep.shaded.org.apache.hc.client5.http.wire - http-outgoing-2 << "Content-Type: application/json[\r][\n]"
23:55:07.548 [Test worker] DEBUG com.github.dockerjava.zerodep.shaded.org.apache.hc.client5.http.wire - http-outgoing-2 << "Date: Mon, 27 Mar 2023 02:55:07 GMT[\r][\n]"
23:55:07.548 [Test worker] DEBUG com.github.dockerjava.zerodep.shaded.org.apache.hc.client5.http.wire - http-outgoing-2 << "Docker-Experimental: false[\r][\n]"
23:55:07.548 [Test worker] DEBUG com.github.dockerjava.zerodep.shaded.org.apache.hc.client5.http.wire - http-outgoing-2 << "Ostype: linux[\r][\n]"
23:55:07.548 [Test worker] DEBUG com.github.dockerjava.zerodep.shaded.org.apache.hc.client5.http.wire - http-outgoing-2 << "Server: Docker/20.10.21 (linux)[\r][\n]"
23:55:07.548 [Test worker] DEBUG com.github.dockerjava.zerodep.shaded.org.apache.hc.client5.http.wire - http-outgoing-2 << "Transfer-Encoding: chunked[\r][\n]"
23:55:07.548 [Test worker] DEBUG com.github.dockerjava.zerodep.shaded.org.apache.hc.client5.http.wire - http-outgoing-2 << "[\r][\n]"
23:55:07.548 [Test worker] DEBUG com.github.dockerjava.zerodep.shaded.org.apache.hc.client5.http.headers - http-outgoing-2 << HTTP/1.1 200 OK
23:55:07.548 [Test worker] DEBUG com.github.dockerjava.zerodep.shaded.org.apache.hc.client5.http.headers - http-outgoing-2 << Api-Version: 1.41
23:55:07.548 [Test worker] DEBUG com.github.dockerjava.zerodep.shaded.org.apache.hc.client5.http.headers - http-outgoing-2 << Content-Type: application/json
23:55:07.548 [Test worker] DEBUG com.github.dockerjava.zerodep.shaded.org.apache.hc.client5.http.headers - http-outgoing-2 << Date: Mon, 27 Mar 2023 02:55:07 GMT
23:55:07.548 [Test worker] DEBUG com.github.dockerjava.zerodep.shaded.org.apache.hc.client5.http.headers - http-outgoing-2 << Docker-Experimental: false
23:55:07.548 [Test worker] DEBUG com.github.dockerjava.zerodep.shaded.org.apache.hc.client5.http.headers - http-outgoing-2 << Ostype: linux
23:55:07.548 [Test worker] DEBUG com.github.dockerjava.zerodep.shaded.org.apache.hc.client5.http.headers - http-outgoing-2 << Server: Docker/20.10.21 (linux)
23:55:07.548 [Test worker] DEBUG com.github.dockerjava.zerodep.shaded.org.apache.hc.client5.http.headers - http-outgoing-2 << Transfer-Encoding: chunked
23:55:07.548 [Test worker] DEBUG com.github.dockerjava.zerodep.shaded.org.apache.hc.client5.http.impl.classic.MainClientExec - ex-00000032: connection can be kept alive for 3 MINUTES
23:55:07.551 [Test worker] DEBUG com.github.dockerjava.zerodep.shaded.org.apache.hc.client5.http.wire - http-outgoing-2 << "18c1[\r][\n]"
23:55:07.551 [Test worker] DEBUG com.github.dockerjava.zerodep.shaded.org.apache.hc.client5.http.wire - http-outgoing-2 << "{"Id":"c37a42694b7d1cff581f5e7b89a60b044af4721181408c271e821f1413201ca6","Created":"2023-03-27T02:55:02.49734542Z","Path":"docker-entrypoint.sh","Args":["mysqld"],"State":{"Status":"running","Running":true,"Paused":false,"Restarting":false,"OOMKilled":false,"Dead":false,"Pid":18342,"ExitCode":0,"Error":"","StartedAt":"2023-03-27T02:55:03.12719392Z","FinishedAt":"0001-01-01T00:00:00Z"},"Image":"sha256:c7c54c29e20dccc1aefb936c8eba8bb8b98b87a4921102aba87fde2df5810af9","ResolvConfPath":"/var/lib/docker/containers/c37a42694b7d1cff581f5e7b89a60b044af4721181408c271e821f1413201ca6/resolv.conf","HostnamePath":"/var/lib/docker/containers/c37a42694b7d1cff581f5e7b89a60b044af4721181408c271e821f1413201ca6/hostname","HostsPath":"/var/lib/docker/containers/c37a42694b7d1cff581f5e7b89a60b044af4721181408c271e821f1413201ca6/hosts","LogPath":"/var/lib/docker/containers/c37a42694b7d1cff581f5e7b89a60b044af4721181408c271e821f1413201ca6/c37a42694b7d1cff581f5e7b89a60b044af4721181408c271e821f1413201ca6-json.log","Name":"/elegant_mahavira","RestartCount":0,"Driver":"overlay2","Platform":"linux","MountLabel":"","ProcessLabel":"","AppArmorProfile":"","ExecIDs":null,"HostConfig":{"Binds":[],"ContainerIDFile":"","LogConfig":{"Type":"json-file","Config":{}},"NetworkMode":"default","PortBindings":{"3306/tcp":[{"HostIp":"0.0.0.0","HostPort":"0"}]},"RestartPolicy":{"Name":"","MaximumRetryCount":0},"AutoRemove":false,"VolumeDriver":"","VolumesFrom":[],"CapAdd":null,"CapDrop":null,"CgroupnsMode":"private","Dns":null,"DnsOptions":null,"DnsSearch":null,"ExtraHosts":[],"GroupAdd":null,"IpcMode":"shareable","Cgroup":"","Links":null,"OomScoreAdj":0,"PidMode":"","Privileged":false,"PublishAllPorts":false,"ReadonlyRootfs":false,"SecurityOpt":null,"UTSMode":"","UsernsMode":"","ShmSize":67108864,"Runtime":"runc","ConsoleSize":[0,0],"Isolation":"","CpuShares":0,"Memory":0,"NanoCpus":0,"CgroupParent":"","BlkioWeight":0,"BlkioWeightDevice":null,"BlkioDeviceReadBps":null,"BlkioDeviceWriteBps":null,"BlkioDeviceReadIOps":null,"BlkioDeviceWriteIOps":null,"CpuPeriod":0,"CpuQuota":0,"CpuRealtimePeriod":0,"CpuRealtimeRuntime":0,"CpusetCpus":"","CpusetMems":"","Devices":null,"DeviceCgroupRules":null,"DeviceRequests":null,"KernelMemory":0,"KernelMemoryTCP":0,"MemoryReservation":0,"MemorySwap":0,"MemorySwappiness":null,"OomKillDisable":null,"PidsLimit":null,"Ulimits":null,"CpuCount":0,"CpuPercent":0,"IOMaximumIOps":0,"IOMaximumBandwidth":0,"MaskedPaths":["/proc/asound","/proc/acpi","/proc/kcore","/proc/keys","/proc/latency_stats","/proc/timer_list","/proc/timer_stats","/proc/sched_debug","/proc/scsi","/sys/firmware"],"ReadonlyPaths":["/proc/bus","/proc/fs","/proc/irq","/proc/sys","/proc/sysrq-trigger"]},"GraphDriver":{"Data":{"LowerDir":"/var/lib/docker/overlay2/2c15a904a49807090175d7750f18e0f6a57e99c38a424839679cbaf676a4d500-init/diff:/var/lib/docker/overlay2/1bd8849d7a296305617011f940aa5cfabbe972a513397b1b6bbc27639b6c1f30/diff:/var/lib/docker/overlay2/199d69b2fbf78af4d4c95dec4fd2f8835ab0347eb49fb20ebb2ff3b99fedd6ad/diff:/var/lib/docker/overlay2/d83c38d654989311f75b9491329846033bfb7714de76ef635380dcfad5c740d9/diff:/var/lib/docker/overlay2/08600d0aea2ab2728bebcf5d2589c640a842f53d1ba3c4a4adccb4d03b923cf6/diff:/var/lib/docker/overlay2/9ec7c63a3fb14d13ac788bbf5e282ca821edc41260b79944e5e631037d13ecda/diff:/var/lib/docker/overlay2/db601d7a1b4ea6da638db620462f0da96fa55c559d02269c9ddb09027936ed87/diff:/var/lib/docker/overlay2/a6d2bd03f942e2565f21e74cfe152c7ec836a1c2b583f0790c685b92bdcfda24/diff:/var/lib/docker/overlay2/9badd16ea2c5e2bf1fde8b579683e41137dfc46ed5449234149f199a6751cc84/diff:/var/lib/docker/overlay2/6efb85646ed12e2d1181ef4cc6f6f6732c00c15a4035fe17ebc4f075ca573c30/diff:/var/lib/docker/overlay2/895d7c0ec09144d6ed33936f4e98e11c18010f7abd708cae1ce43aec7a7f2621/diff:/var/lib/docker/overlay2/1c4ba77aa573ab6e5e5069fd15eae71b3da940bde0f97a922a227ffc8a1d1096/diff","MergedDir":"/var/lib/docker/overlay2/2c15a904a49807090175d7750f18e0f6a57e99c38a424839679cbaf676a4d500/merged","UpperDir":"/var/lib/docker/overlay2/2c15a904a49807090175d7750f18e0f6a57e99c38a424839679cbaf676a4d500/diff","WorkDir":"/var/lib/docker/overlay2/2c15a904a49807090175d7750f18e0f6a57e99c38a424839679cbaf676a4d500/work"},"Name":"overlay2"},"Mounts":[{"Type":"volume","Name":"44a9389ce95a2961210e86afd6afe42b23405f43157b5dc00e010d283c01df79","Source":"/var/lib/docker/volumes/44a9389ce95a2961210e86afd6afe42b23405f43157b5dc00e010d283c01df79/_data","Destination":"/var/lib/mysql","Driver":"local","Mode":"","RW":true,"Propagation":""}],"Config":{"Hostname":"c37a42694b7d","Domainname":"","User":"","AttachStdin":false,"AttachStdout":false,"AttachStderr":false,"ExposedPorts":{"3306/tcp":{},"33060/tcp":{}},"Tty":false,"OpenStdin":false,"StdinOnce":false,"Env":["MYSQL_DATABASE=adm_videos","MYSQL_PASSWORD=123456","MYSQL_ROOT_PASSWORD=123456","PATH=/usr/local/sbin:/usr/local/bin:/usr/sbin:/usr/bin:/sbin:/bin","GOSU_VERSION=1.16","MYSQL_MAJOR=8.0","MYSQL_VERSION=8.0.32-1.el8","MYSQL_SHELL_VERSION=8.0.32-1.el8"],"Cmd":["mysqld"],"Image":"mysql:latest","Volumes":{"/var/lib/mysql":{}},"WorkingDir":"","Entrypoint":["docker-entrypoint.sh"],"OnBuild":null,"Labels":{"org.testcontainers":"true","org.testcontainers.lang":"java","org.testcontainers.sessionId":"818a13d9-e138-4e41-b5a4-74fd927e6a2d","org.testcontainers.version":"1.17.6"}},"NetworkSettings":{"Bridge":"","SandboxID":"bd1f3a626f226e407a1a406212013b21c93b302c93f9fd53a405b7fc5ff825b3","HairpinMode":false,"LinkLocalIPv6Address":"","LinkLocalIPv6PrefixLen":0,"Ports":{"3306/tcp":[{"HostIp":"0.0.0.0","HostPort":"56289"}],"33060/tcp":null},"SandboxKey":"/var/run/docker/netns/bd1f3a626f22","SecondaryIPAddresses":null,"SecondaryIPv6Addresses":null,"EndpointID":"a2b725c0c5ce4503f8e45e0c2adc4455b29a53a4866d3f23b2bce893a084641f","Gateway":"172.17.0.1","GlobalIPv6Address":"","GlobalIPv6PrefixLen":0,"IPAddress":"172.17.0.3","IPPrefixLen":16,"IPv6Gateway":"","MacAddress":"02:42:ac:11:00:03","Networks":{"bridge":{"IPAMConfig":null,"Links":null,"Aliases":null,"NetworkID":"308e234c143065751b16b4500cb9f48d5c7fc2116504b3d816a5e51cd4771062","EndpointID":"a2b725c0c5ce4503f8e45e0c2adc4455b29a53a4866d3f23b2bce893a084641f","Gateway":"172.17.0.1","IPAddress":"172.17.0.3","IPPrefixLen":16,"IPv6Gateway":"","GlobalIPv6Address":"","GlobalIPv6PrefixLen":0,"MacAddress":"02:42:ac:11:00:03","DriverOpts":null}}}}[\n]"
23:55:07.551 [Test worker] DEBUG com.github.dockerjava.zerodep.shaded.org.apache.hc.client5.http.wire - http-outgoing-2 << "[\r][\n]"
23:55:07.552 [Test worker] DEBUG com.github.dockerjava.zerodep.shaded.org.apache.hc.client5.http.wire - http-outgoing-2 << "0[\r][\n]"
23:55:07.552 [Test worker] DEBUG com.github.dockerjava.zerodep.shaded.org.apache.hc.client5.http.wire - http-outgoing-2 << "[\r][\n]"
23:55:07.552 [Test worker] DEBUG com.github.dockerjava.zerodep.shaded.org.apache.hc.client5.http.impl.classic.InternalHttpClient - ep-00000031: releasing valid endpoint
23:55:07.552 [Test worker] DEBUG com.github.dockerjava.zerodep.shaded.org.apache.hc.client5.http.impl.io.PoolingHttpClientConnectionManager - ep-00000031: releasing endpoint
23:55:07.552 [Test worker] DEBUG com.github.dockerjava.zerodep.shaded.org.apache.hc.client5.http.impl.io.PoolingHttpClientConnectionManager - ep-00000031: connection http-outgoing-2 can be kept alive for 3 MINUTES
23:55:07.552 [Test worker] DEBUG com.github.dockerjava.zerodep.shaded.org.apache.hc.client5.http.impl.io.PoolingHttpClientConnectionManager - ep-00000031: connection released [route: {}->unix://localhost:2375][total available: 1; route allocated: 1 of 2147483647; total allocated: 1 of 2147483647]
23:55:07.553 [Test worker] DEBUG ]]>&#x1f433;<![CDATA[ [mysql:latest] - Trying to create JDBC connection using com.mysql.cj.jdbc.Driver to jdbc:mysql://localhost:56289/adm_videos?useSSL=false&allowPublicKeyRetrieval=true with properties: {password=123456, user=root}
23:55:07.657 [Test worker] DEBUG org.testcontainers.shaded.com.github.dockerjava.core.command.AbstrDockerCmd - Cmd: c37a42694b7d1cff581f5e7b89a60b044af4721181408c271e821f1413201ca6,false
23:55:07.658 [Test worker] DEBUG org.testcontainers.shaded.com.github.dockerjava.core.exec.InspectContainerCmdExec - GET: DefaultWebTarget{path=[/containers/c37a42694b7d1cff581f5e7b89a60b044af4721181408c271e821f1413201ca6/json], queryParams={}}
23:55:07.658 [Test worker] DEBUG com.github.dockerjava.zerodep.shaded.org.apache.hc.client5.http.impl.classic.InternalHttpClient - ex-00000033: preparing request execution
23:55:07.658 [Test worker] DEBUG com.github.dockerjava.zerodep.shaded.org.apache.hc.client5.http.protocol.RequestAddCookies - Cookie spec selected: strict
23:55:07.658 [Test worker] DEBUG com.github.dockerjava.zerodep.shaded.org.apache.hc.client5.http.protocol.RequestAuthCache - Auth cache not set in the context
23:55:07.658 [Test worker] DEBUG com.github.dockerjava.zerodep.shaded.org.apache.hc.client5.http.impl.classic.ProtocolExec - ex-00000033: target auth state: UNCHALLENGED
23:55:07.658 [Test worker] DEBUG com.github.dockerjava.zerodep.shaded.org.apache.hc.client5.http.impl.classic.ProtocolExec - ex-00000033: proxy auth state: UNCHALLENGED
23:55:07.658 [Test worker] DEBUG com.github.dockerjava.zerodep.shaded.org.apache.hc.client5.http.impl.classic.ConnectExec - ex-00000033: acquiring connection with route {}->unix://localhost:2375
23:55:07.658 [Test worker] DEBUG com.github.dockerjava.zerodep.shaded.org.apache.hc.client5.http.impl.classic.InternalHttpClient - ex-00000033: acquiring endpoint (3 MINUTES)
23:55:07.658 [Test worker] DEBUG com.github.dockerjava.zerodep.shaded.org.apache.hc.client5.http.impl.io.PoolingHttpClientConnectionManager - ex-00000033: endpoint lease request (3 MINUTES) [route: {}->unix://localhost:2375][total available: 1; route allocated: 1 of 2147483647; total allocated: 1 of 2147483647]
23:55:07.659 [Test worker] DEBUG com.github.dockerjava.zerodep.shaded.org.apache.hc.client5.http.impl.io.PoolingHttpClientConnectionManager - ex-00000033: endpoint leased [route: {}->unix://localhost:2375][total available: 0; route allocated: 1 of 2147483647; total allocated: 1 of 2147483647]
23:55:07.659 [Test worker] DEBUG com.github.dockerjava.zerodep.shaded.org.apache.hc.client5.http.impl.io.PoolingHttpClientConnectionManager - ex-00000033: acquired ep-00000032
23:55:07.659 [Test worker] DEBUG com.github.dockerjava.zerodep.shaded.org.apache.hc.client5.http.impl.classic.InternalHttpClient - ex-00000033: acquired endpoint ep-00000032
23:55:07.659 [Test worker] DEBUG com.github.dockerjava.zerodep.shaded.org.apache.hc.client5.http.impl.classic.MainClientExec - ex-00000033: executing GET /v1.32/containers/c37a42694b7d1cff581f5e7b89a60b044af4721181408c271e821f1413201ca6/json HTTP/1.1
23:55:07.659 [Test worker] DEBUG com.github.dockerjava.zerodep.shaded.org.apache.hc.client5.http.impl.classic.InternalHttpClient - ep-00000032: start execution ex-00000033
23:55:07.659 [Test worker] DEBUG com.github.dockerjava.zerodep.shaded.org.apache.hc.client5.http.impl.io.PoolingHttpClientConnectionManager - ep-00000032: executing exchange ex-00000033 over http-outgoing-2
23:55:07.659 [Test worker] DEBUG com.github.dockerjava.zerodep.shaded.org.apache.hc.client5.http.headers - http-outgoing-2 >> GET /v1.32/containers/c37a42694b7d1cff581f5e7b89a60b044af4721181408c271e821f1413201ca6/json HTTP/1.1
23:55:07.659 [Test worker] DEBUG com.github.dockerjava.zerodep.shaded.org.apache.hc.client5.http.headers - http-outgoing-2 >> accept: application/json
23:55:07.659 [Test worker] DEBUG com.github.dockerjava.zerodep.shaded.org.apache.hc.client5.http.headers - http-outgoing-2 >> x-tc-sid: 818a13d9-e138-4e41-b5a4-74fd927e6a2d
23:55:07.659 [Test worker] DEBUG com.github.dockerjava.zerodep.shaded.org.apache.hc.client5.http.headers - http-outgoing-2 >> Accept-Encoding: gzip, x-gzip, deflate
23:55:07.659 [Test worker] DEBUG com.github.dockerjava.zerodep.shaded.org.apache.hc.client5.http.headers - http-outgoing-2 >> Host: localhost:2375
23:55:07.659 [Test worker] DEBUG com.github.dockerjava.zerodep.shaded.org.apache.hc.client5.http.headers - http-outgoing-2 >> Connection: keep-alive
23:55:07.659 [Test worker] DEBUG com.github.dockerjava.zerodep.shaded.org.apache.hc.client5.http.headers - http-outgoing-2 >> User-Agent: Apache-HttpClient/5.0.3 (Java/17.0.2)
23:55:07.659 [Test worker] DEBUG com.github.dockerjava.zerodep.shaded.org.apache.hc.client5.http.wire - http-outgoing-2 >> "GET /v1.32/containers/c37a42694b7d1cff581f5e7b89a60b044af4721181408c271e821f1413201ca6/json HTTP/1.1[\r][\n]"
23:55:07.659 [Test worker] DEBUG com.github.dockerjava.zerodep.shaded.org.apache.hc.client5.http.wire - http-outgoing-2 >> "accept: application/json[\r][\n]"
23:55:07.659 [Test worker] DEBUG com.github.dockerjava.zerodep.shaded.org.apache.hc.client5.http.wire - http-outgoing-2 >> "x-tc-sid: 818a13d9-e138-4e41-b5a4-74fd927e6a2d[\r][\n]"
23:55:07.659 [Test worker] DEBUG com.github.dockerjava.zerodep.shaded.org.apache.hc.client5.http.wire - http-outgoing-2 >> "Accept-Encoding: gzip, x-gzip, deflate[\r][\n]"
23:55:07.659 [Test worker] DEBUG com.github.dockerjava.zerodep.shaded.org.apache.hc.client5.http.wire - http-outgoing-2 >> "Host: localhost:2375[\r][\n]"
23:55:07.659 [Test worker] DEBUG com.github.dockerjava.zerodep.shaded.org.apache.hc.client5.http.wire - http-outgoing-2 >> "Connection: keep-alive[\r][\n]"
23:55:07.659 [Test worker] DEBUG com.github.dockerjava.zerodep.shaded.org.apache.hc.client5.http.wire - http-outgoing-2 >> "User-Agent: Apache-HttpClient/5.0.3 (Java/17.0.2)[\r][\n]"
23:55:07.659 [Test worker] DEBUG com.github.dockerjava.zerodep.shaded.org.apache.hc.client5.http.wire - http-outgoing-2 >> "[\r][\n]"
23:55:07.661 [Test worker] DEBUG com.github.dockerjava.zerodep.shaded.org.apache.hc.client5.http.wire - http-outgoing-2 << "HTTP/1.1 200 OK[\r][\n]"
23:55:07.661 [Test worker] DEBUG com.github.dockerjava.zerodep.shaded.org.apache.hc.client5.http.wire - http-outgoing-2 << "Api-Version: 1.41[\r][\n]"
23:55:07.661 [Test worker] DEBUG com.github.dockerjava.zerodep.shaded.org.apache.hc.client5.http.wire - http-outgoing-2 << "Content-Type: application/json[\r][\n]"
23:55:07.661 [Test worker] DEBUG com.github.dockerjava.zerodep.shaded.org.apache.hc.client5.http.wire - http-outgoing-2 << "Date: Mon, 27 Mar 2023 02:55:07 GMT[\r][\n]"
23:55:07.661 [Test worker] DEBUG com.github.dockerjava.zerodep.shaded.org.apache.hc.client5.http.wire - http-outgoing-2 << "Docker-Experimental: false[\r][\n]"
23:55:07.661 [Test worker] DEBUG com.github.dockerjava.zerodep.shaded.org.apache.hc.client5.http.wire - http-outgoing-2 << "Ostype: linux[\r][\n]"
23:55:07.661 [Test worker] DEBUG com.github.dockerjava.zerodep.shaded.org.apache.hc.client5.http.wire - http-outgoing-2 << "Server: Docker/20.10.21 (linux)[\r][\n]"
23:55:07.661 [Test worker] DEBUG com.github.dockerjava.zerodep.shaded.org.apache.hc.client5.http.wire - http-outgoing-2 << "Transfer-Encoding: chunked[\r][\n]"
23:55:07.661 [Test worker] DEBUG com.github.dockerjava.zerodep.shaded.org.apache.hc.client5.http.wire - http-outgoing-2 << "[\r][\n]"
23:55:07.661 [Test worker] DEBUG com.github.dockerjava.zerodep.shaded.org.apache.hc.client5.http.headers - http-outgoing-2 << HTTP/1.1 200 OK
23:55:07.661 [Test worker] DEBUG com.github.dockerjava.zerodep.shaded.org.apache.hc.client5.http.headers - http-outgoing-2 << Api-Version: 1.41
23:55:07.661 [Test worker] DEBUG com.github.dockerjava.zerodep.shaded.org.apache.hc.client5.http.headers - http-outgoing-2 << Content-Type: application/json
23:55:07.661 [Test worker] DEBUG com.github.dockerjava.zerodep.shaded.org.apache.hc.client5.http.headers - http-outgoing-2 << Date: Mon, 27 Mar 2023 02:55:07 GMT
23:55:07.661 [Test worker] DEBUG com.github.dockerjava.zerodep.shaded.org.apache.hc.client5.http.headers - http-outgoing-2 << Docker-Experimental: false
23:55:07.661 [Test worker] DEBUG com.github.dockerjava.zerodep.shaded.org.apache.hc.client5.http.headers - http-outgoing-2 << Ostype: linux
23:55:07.661 [Test worker] DEBUG com.github.dockerjava.zerodep.shaded.org.apache.hc.client5.http.headers - http-outgoing-2 << Server: Docker/20.10.21 (linux)
23:55:07.661 [Test worker] DEBUG com.github.dockerjava.zerodep.shaded.org.apache.hc.client5.http.headers - http-outgoing-2 << Transfer-Encoding: chunked
23:55:07.662 [Test worker] DEBUG com.github.dockerjava.zerodep.shaded.org.apache.hc.client5.http.impl.classic.MainClientExec - ex-00000033: connection can be kept alive for 3 MINUTES
23:55:07.662 [Test worker] DEBUG com.github.dockerjava.zerodep.shaded.org.apache.hc.client5.http.wire - http-outgoing-2 << "18c1[\r][\n]"
23:55:07.662 [Test worker] DEBUG com.github.dockerjava.zerodep.shaded.org.apache.hc.client5.http.wire - http-outgoing-2 << "{"Id":"c37a42694b7d1cff581f5e7b89a60b044af4721181408c271e821f1413201ca6","Created":"2023-03-27T02:55:02.49734542Z","Path":"docker-entrypoint.sh","Args":["mysqld"],"State":{"Status":"running","Running":true,"Paused":false,"Restarting":false,"OOMKilled":false,"Dead":false,"Pid":18342,"ExitCode":0,"Error":"","StartedAt":"2023-03-27T02:55:03.12719392Z","FinishedAt":"0001-01-01T00:00:00Z"},"Image":"sha256:c7c54c29e20dccc1aefb936c8eba8bb8b98b87a4921102aba87fde2df5810af9","ResolvConfPath":"/var/lib/docker/containers/c37a42694b7d1cff581f5e7b89a60b044af4721181408c271e821f1413201ca6/resolv.conf","HostnamePath":"/var/lib/docker/containers/c37a42694b7d1cff581f5e7b89a60b044af4721181408c271e821f1413201ca6/hostname","HostsPath":"/var/lib/docker/containers/c37a42694b7d1cff581f5e7b89a60b044af4721181408c271e821f1413201ca6/hosts","LogPath":"/var/lib/docker/containers/c37a42694b7d1cff581f5e7b89a60b044af4721181408c271e821f1413201ca6/c37a42694b7d1cff581f5e7b89a60b044af4721181408c271e821f1413201ca6-json.log","Name":"/elegant_mahavira","RestartCount":0,"Driver":"overlay2","Platform":"linux","MountLabel":"","ProcessLabel":"","AppArmorProfile":"","ExecIDs":null,"HostConfig":{"Binds":[],"ContainerIDFile":"","LogConfig":{"Type":"json-file","Config":{}},"NetworkMode":"default","PortBindings":{"3306/tcp":[{"HostIp":"0.0.0.0","HostPort":"0"}]},"RestartPolicy":{"Name":"","MaximumRetryCount":0},"AutoRemove":false,"VolumeDriver":"","VolumesFrom":[],"CapAdd":null,"CapDrop":null,"CgroupnsMode":"private","Dns":null,"DnsOptions":null,"DnsSearch":null,"ExtraHosts":[],"GroupAdd":null,"IpcMode":"shareable","Cgroup":"","Links":null,"OomScoreAdj":0,"PidMode":"","Privileged":false,"PublishAllPorts":false,"ReadonlyRootfs":false,"SecurityOpt":null,"UTSMode":"","UsernsMode":"","ShmSize":67108864,"Runtime":"runc","ConsoleSize":[0,0],"Isolation":"","CpuShares":0,"Memory":0,"NanoCpus":0,"CgroupParent":"","BlkioWeight":0,"BlkioWeightDevice":null,"BlkioDeviceReadBps":null,"BlkioDeviceWriteBps":null,"BlkioDeviceReadIOps":null,"BlkioDeviceWriteIOps":null,"CpuPeriod":0,"CpuQuota":0,"CpuRealtimePeriod":0,"CpuRealtimeRuntime":0,"CpusetCpus":"","CpusetMems":"","Devices":null,"DeviceCgroupRules":null,"DeviceRequests":null,"KernelMemory":0,"KernelMemoryTCP":0,"MemoryReservation":0,"MemorySwap":0,"MemorySwappiness":null,"OomKillDisable":null,"PidsLimit":null,"Ulimits":null,"CpuCount":0,"CpuPercent":0,"IOMaximumIOps":0,"IOMaximumBandwidth":0,"MaskedPaths":["/proc/asound","/proc/acpi","/proc/kcore","/proc/keys","/proc/latency_stats","/proc/timer_list","/proc/timer_stats","/proc/sched_debug","/proc/scsi","/sys/firmware"],"ReadonlyPaths":["/proc/bus","/proc/fs","/proc/irq","/proc/sys","/proc/sysrq-trigger"]},"GraphDriver":{"Data":{"LowerDir":"/var/lib/docker/overlay2/2c15a904a49807090175d7750f18e0f6a57e99c38a424839679cbaf676a4d500-init/diff:/var/lib/docker/overlay2/1bd8849d7a296305617011f940aa5cfabbe972a513397b1b6bbc27639b6c1f30/diff:/var/lib/docker/overlay2/199d69b2fbf78af4d4c95dec4fd2f8835ab0347eb49fb20ebb2ff3b99fedd6ad/diff:/var/lib/docker/overlay2/d83c38d654989311f75b9491329846033bfb7714de76ef635380dcfad5c740d9/diff:/var/lib/docker/overlay2/08600d0aea2ab2728bebcf5d2589c640a842f53d1ba3c4a4adccb4d03b923cf6/diff:/var/lib/docker/overlay2/9ec7c63a3fb14d13ac788bbf5e282ca821edc41260b79944e5e631037d13ecda/diff:/var/lib/docker/overlay2/db601d7a1b4ea6da638db620462f0da96fa55c559d02269c9ddb09027936ed87/diff:/var/lib/docker/overlay2/a6d2bd03f942e2565f21e74cfe152c7ec836a1c2b583f0790c685b92bdcfda24/diff:/var/lib/docker/overlay2/9badd16ea2c5e2bf1fde8b579683e41137dfc46ed5449234149f199a6751cc84/diff:/var/lib/docker/overlay2/6efb85646ed12e2d1181ef4cc6f6f6732c00c15a4035fe17ebc4f075ca573c30/diff:/var/lib/docker/overlay2/895d7c0ec09144d6ed33936f4e98e11c18010f7abd708cae1ce43aec7a7f2621/diff:/var/lib/docker/overlay2/1c4ba77aa573ab6e5e5069fd15eae71b3da940bde0f97a922a227ffc8a1d1096/diff","MergedDir":"/var/lib/docker/overlay2/2c15a904a49807090175d7750f18e0f6a57e99c38a424839679cbaf676a4d500/merged","UpperDir":"/var/lib/docker/overlay2/2c15a904a49807090175d7750f18e0f6a57e99c38a424839679cbaf676a4d500/diff","WorkDir":"/var/lib/docker/overlay2/2c15a904a49807090175d7750f18e0f6a57e99c38a424839679cbaf676a4d500/work"},"Name":"overlay2"},"Mounts":[{"Type":"volume","Name":"44a9389ce95a2961210e86afd6afe42b23405f43157b5dc00e010d283c01df79","Source":"/var/lib/docker/volumes/44a9389ce95a2961210e86afd6afe42b23405f43157b5dc00e010d283c01df79/_data","Destination":"/var/lib/mysql","Driver":"local","Mode":"","RW":true,"Propagation":""}],"Config":{"Hostname":"c37a42694b7d","Domainname":"","User":"","AttachStdin":false,"AttachStdout":false,"AttachStderr":false,"ExposedPorts":{"3306/tcp":{},"33060/tcp":{}},"Tty":false,"OpenStdin":false,"StdinOnce":false,"Env":["MYSQL_DATABASE=adm_videos","MYSQL_PASSWORD=123456","MYSQL_ROOT_PASSWORD=123456","PATH=/usr/local/sbin:/usr/local/bin:/usr/sbin:/usr/bin:/sbin:/bin","GOSU_VERSION=1.16","MYSQL_MAJOR=8.0","MYSQL_VERSION=8.0.32-1.el8","MYSQL_SHELL_VERSION=8.0.32-1.el8"],"Cmd":["mysqld"],"Image":"mysql:latest","Volumes":{"/var/lib/mysql":{}},"WorkingDir":"","Entrypoint":["docker-entrypoint.sh"],"OnBuild":null,"Labels":{"org.testcontainers":"true","org.testcontainers.lang":"java","org.testcontainers.sessionId":"818a13d9-e138-4e41-b5a4-74fd927e6a2d","org.testcontainers.version":"1.17.6"}},"NetworkSettings":{"Bridge":"","SandboxID":"bd1f3a626f226e407a1a406212013b21c93b302c93f9fd53a405b7fc5ff825b3","HairpinMode":false,"LinkLocalIPv6Address":"","LinkLocalIPv6PrefixLen":0,"Ports":{"3306/tcp":[{"HostIp":"0.0.0.0","HostPort":"56289"}],"33060/tcp":null},"SandboxKey":"/var/run/docker/netns/bd1f3a626f22","SecondaryIPAddresses":null,"SecondaryIPv6Addresses":null,"EndpointID":"a2b725c0c5ce4503f8e45e0c2adc4455b29a53a4866d3f23b2bce893a084641f","Gateway":"172.17.0.1","GlobalIPv6Address":"","GlobalIPv6PrefixLen":0,"IPAddress":"172.17.0.3","IPPrefixLen":16,"IPv6Gateway":"","MacAddress":"02:42:ac:11:00:03","Networks":{"bridge":{"IPAMConfig":null,"Links":null,"Aliases":null,"NetworkID":"308e234c143065751b16b4500cb9f48d5c7fc2116504b3d816a5e51cd4771062","EndpointID":"a2b725c0c5ce4503f8e45e0c2adc4455b29a53a4866d3f23b2bce893a084641f","Gateway":"172.17.0.1","IPAddress":"172.17.0.3","IPPrefixLen":16,"IPv6Gateway":"","GlobalIPv6Address":"","GlobalIPv6PrefixLen":0,"MacAddress":"02:42:ac:11:00:03","DriverOpts":null}}}}[\n]"
23:55:07.663 [Test worker] DEBUG com.github.dockerjava.zerodep.shaded.org.apache.hc.client5.http.wire - http-outgoing-2 << "[\r][\n]"
23:55:07.664 [Test worker] DEBUG com.github.dockerjava.zerodep.shaded.org.apache.hc.client5.http.wire - http-outgoing-2 << "0[\r][\n]"
23:55:07.664 [Test worker] DEBUG com.github.dockerjava.zerodep.shaded.org.apache.hc.client5.http.wire - http-outgoing-2 << "[\r][\n]"
23:55:07.664 [Test worker] DEBUG com.github.dockerjava.zerodep.shaded.org.apache.hc.client5.http.impl.classic.InternalHttpClient - ep-00000032: releasing valid endpoint
23:55:07.664 [Test worker] DEBUG com.github.dockerjava.zerodep.shaded.org.apache.hc.client5.http.impl.io.PoolingHttpClientConnectionManager - ep-00000032: releasing endpoint
23:55:07.664 [Test worker] DEBUG com.github.dockerjava.zerodep.shaded.org.apache.hc.client5.http.impl.io.PoolingHttpClientConnectionManager - ep-00000032: connection http-outgoing-2 can be kept alive for 3 MINUTES
23:55:07.664 [Test worker] DEBUG com.github.dockerjava.zerodep.shaded.org.apache.hc.client5.http.impl.io.PoolingHttpClientConnectionManager - ep-00000032: connection released [route: {}->unix://localhost:2375][total available: 1; route allocated: 1 of 2147483647; total allocated: 1 of 2147483647]
23:55:07.664 [Test worker] DEBUG ]]>&#x1f433;<![CDATA[ [mysql:latest] - Trying to create JDBC connection using com.mysql.cj.jdbc.Driver to jdbc:mysql://localhost:56289/adm_videos?useSSL=false&allowPublicKeyRetrieval=true with properties: {password=123456, user=root}
23:55:07.772 [Test worker] DEBUG org.testcontainers.shaded.com.github.dockerjava.core.command.AbstrDockerCmd - Cmd: c37a42694b7d1cff581f5e7b89a60b044af4721181408c271e821f1413201ca6,false
23:55:07.772 [Test worker] DEBUG org.testcontainers.shaded.com.github.dockerjava.core.exec.InspectContainerCmdExec - GET: DefaultWebTarget{path=[/containers/c37a42694b7d1cff581f5e7b89a60b044af4721181408c271e821f1413201ca6/json], queryParams={}}
23:55:07.773 [Test worker] DEBUG com.github.dockerjava.zerodep.shaded.org.apache.hc.client5.http.impl.classic.InternalHttpClient - ex-00000034: preparing request execution
23:55:07.773 [Test worker] DEBUG com.github.dockerjava.zerodep.shaded.org.apache.hc.client5.http.protocol.RequestAddCookies - Cookie spec selected: strict
23:55:07.773 [Test worker] DEBUG com.github.dockerjava.zerodep.shaded.org.apache.hc.client5.http.protocol.RequestAuthCache - Auth cache not set in the context
23:55:07.773 [Test worker] DEBUG com.github.dockerjava.zerodep.shaded.org.apache.hc.client5.http.impl.classic.ProtocolExec - ex-00000034: target auth state: UNCHALLENGED
23:55:07.773 [Test worker] DEBUG com.github.dockerjava.zerodep.shaded.org.apache.hc.client5.http.impl.classic.ProtocolExec - ex-00000034: proxy auth state: UNCHALLENGED
23:55:07.773 [Test worker] DEBUG com.github.dockerjava.zerodep.shaded.org.apache.hc.client5.http.impl.classic.ConnectExec - ex-00000034: acquiring connection with route {}->unix://localhost:2375
23:55:07.773 [Test worker] DEBUG com.github.dockerjava.zerodep.shaded.org.apache.hc.client5.http.impl.classic.InternalHttpClient - ex-00000034: acquiring endpoint (3 MINUTES)
23:55:07.773 [Test worker] DEBUG com.github.dockerjava.zerodep.shaded.org.apache.hc.client5.http.impl.io.PoolingHttpClientConnectionManager - ex-00000034: endpoint lease request (3 MINUTES) [route: {}->unix://localhost:2375][total available: 1; route allocated: 1 of 2147483647; total allocated: 1 of 2147483647]
23:55:07.774 [Test worker] DEBUG com.github.dockerjava.zerodep.shaded.org.apache.hc.client5.http.impl.io.PoolingHttpClientConnectionManager - ex-00000034: endpoint leased [route: {}->unix://localhost:2375][total available: 0; route allocated: 1 of 2147483647; total allocated: 1 of 2147483647]
23:55:07.774 [Test worker] DEBUG com.github.dockerjava.zerodep.shaded.org.apache.hc.client5.http.impl.io.PoolingHttpClientConnectionManager - ex-00000034: acquired ep-00000033
23:55:07.774 [Test worker] DEBUG com.github.dockerjava.zerodep.shaded.org.apache.hc.client5.http.impl.classic.InternalHttpClient - ex-00000034: acquired endpoint ep-00000033
23:55:07.774 [Test worker] DEBUG com.github.dockerjava.zerodep.shaded.org.apache.hc.client5.http.impl.classic.MainClientExec - ex-00000034: executing GET /v1.32/containers/c37a42694b7d1cff581f5e7b89a60b044af4721181408c271e821f1413201ca6/json HTTP/1.1
23:55:07.774 [Test worker] DEBUG com.github.dockerjava.zerodep.shaded.org.apache.hc.client5.http.impl.classic.InternalHttpClient - ep-00000033: start execution ex-00000034
23:55:07.774 [Test worker] DEBUG com.github.dockerjava.zerodep.shaded.org.apache.hc.client5.http.impl.io.PoolingHttpClientConnectionManager - ep-00000033: executing exchange ex-00000034 over http-outgoing-2
23:55:07.774 [Test worker] DEBUG com.github.dockerjava.zerodep.shaded.org.apache.hc.client5.http.headers - http-outgoing-2 >> GET /v1.32/containers/c37a42694b7d1cff581f5e7b89a60b044af4721181408c271e821f1413201ca6/json HTTP/1.1
23:55:07.774 [Test worker] DEBUG com.github.dockerjava.zerodep.shaded.org.apache.hc.client5.http.headers - http-outgoing-2 >> accept: application/json
23:55:07.774 [Test worker] DEBUG com.github.dockerjava.zerodep.shaded.org.apache.hc.client5.http.headers - http-outgoing-2 >> x-tc-sid: 818a13d9-e138-4e41-b5a4-74fd927e6a2d
23:55:07.774 [Test worker] DEBUG com.github.dockerjava.zerodep.shaded.org.apache.hc.client5.http.headers - http-outgoing-2 >> Accept-Encoding: gzip, x-gzip, deflate
23:55:07.774 [Test worker] DEBUG com.github.dockerjava.zerodep.shaded.org.apache.hc.client5.http.headers - http-outgoing-2 >> Host: localhost:2375
23:55:07.774 [Test worker] DEBUG com.github.dockerjava.zerodep.shaded.org.apache.hc.client5.http.headers - http-outgoing-2 >> Connection: keep-alive
23:55:07.774 [Test worker] DEBUG com.github.dockerjava.zerodep.shaded.org.apache.hc.client5.http.headers - http-outgoing-2 >> User-Agent: Apache-HttpClient/5.0.3 (Java/17.0.2)
23:55:07.774 [Test worker] DEBUG com.github.dockerjava.zerodep.shaded.org.apache.hc.client5.http.wire - http-outgoing-2 >> "GET /v1.32/containers/c37a42694b7d1cff581f5e7b89a60b044af4721181408c271e821f1413201ca6/json HTTP/1.1[\r][\n]"
23:55:07.774 [Test worker] DEBUG com.github.dockerjava.zerodep.shaded.org.apache.hc.client5.http.wire - http-outgoing-2 >> "accept: application/json[\r][\n]"
23:55:07.774 [Test worker] DEBUG com.github.dockerjava.zerodep.shaded.org.apache.hc.client5.http.wire - http-outgoing-2 >> "x-tc-sid: 818a13d9-e138-4e41-b5a4-74fd927e6a2d[\r][\n]"
23:55:07.774 [Test worker] DEBUG com.github.dockerjava.zerodep.shaded.org.apache.hc.client5.http.wire - http-outgoing-2 >> "Accept-Encoding: gzip, x-gzip, deflate[\r][\n]"
23:55:07.774 [Test worker] DEBUG com.github.dockerjava.zerodep.shaded.org.apache.hc.client5.http.wire - http-outgoing-2 >> "Host: localhost:2375[\r][\n]"
23:55:07.774 [Test worker] DEBUG com.github.dockerjava.zerodep.shaded.org.apache.hc.client5.http.wire - http-outgoing-2 >> "Connection: keep-alive[\r][\n]"
23:55:07.774 [Test worker] DEBUG com.github.dockerjava.zerodep.shaded.org.apache.hc.client5.http.wire - http-outgoing-2 >> "User-Agent: Apache-HttpClient/5.0.3 (Java/17.0.2)[\r][\n]"
23:55:07.774 [Test worker] DEBUG com.github.dockerjava.zerodep.shaded.org.apache.hc.client5.http.wire - http-outgoing-2 >> "[\r][\n]"
23:55:07.776 [Test worker] DEBUG com.github.dockerjava.zerodep.shaded.org.apache.hc.client5.http.wire - http-outgoing-2 << "HTTP/1.1 200 OK[\r][\n]"
23:55:07.776 [Test worker] DEBUG com.github.dockerjava.zerodep.shaded.org.apache.hc.client5.http.wire - http-outgoing-2 << "Api-Version: 1.41[\r][\n]"
23:55:07.776 [Test worker] DEBUG com.github.dockerjava.zerodep.shaded.org.apache.hc.client5.http.wire - http-outgoing-2 << "Content-Type: application/json[\r][\n]"
23:55:07.776 [Test worker] DEBUG com.github.dockerjava.zerodep.shaded.org.apache.hc.client5.http.wire - http-outgoing-2 << "Date: Mon, 27 Mar 2023 02:55:07 GMT[\r][\n]"
23:55:07.776 [Test worker] DEBUG com.github.dockerjava.zerodep.shaded.org.apache.hc.client5.http.wire - http-outgoing-2 << "Docker-Experimental: false[\r][\n]"
23:55:07.776 [Test worker] DEBUG com.github.dockerjava.zerodep.shaded.org.apache.hc.client5.http.wire - http-outgoing-2 << "Ostype: linux[\r][\n]"
23:55:07.776 [Test worker] DEBUG com.github.dockerjava.zerodep.shaded.org.apache.hc.client5.http.wire - http-outgoing-2 << "Server: Docker/20.10.21 (linux)[\r][\n]"
23:55:07.776 [Test worker] DEBUG com.github.dockerjava.zerodep.shaded.org.apache.hc.client5.http.wire - http-outgoing-2 << "Transfer-Encoding: chunked[\r][\n]"
23:55:07.776 [Test worker] DEBUG com.github.dockerjava.zerodep.shaded.org.apache.hc.client5.http.wire - http-outgoing-2 << "[\r][\n]"
23:55:07.776 [Test worker] DEBUG com.github.dockerjava.zerodep.shaded.org.apache.hc.client5.http.headers - http-outgoing-2 << HTTP/1.1 200 OK
23:55:07.776 [Test worker] DEBUG com.github.dockerjava.zerodep.shaded.org.apache.hc.client5.http.headers - http-outgoing-2 << Api-Version: 1.41
23:55:07.776 [Test worker] DEBUG com.github.dockerjava.zerodep.shaded.org.apache.hc.client5.http.headers - http-outgoing-2 << Content-Type: application/json
23:55:07.776 [Test worker] DEBUG com.github.dockerjava.zerodep.shaded.org.apache.hc.client5.http.headers - http-outgoing-2 << Date: Mon, 27 Mar 2023 02:55:07 GMT
23:55:07.776 [Test worker] DEBUG com.github.dockerjava.zerodep.shaded.org.apache.hc.client5.http.headers - http-outgoing-2 << Docker-Experimental: false
23:55:07.776 [Test worker] DEBUG com.github.dockerjava.zerodep.shaded.org.apache.hc.client5.http.headers - http-outgoing-2 << Ostype: linux
23:55:07.776 [Test worker] DEBUG com.github.dockerjava.zerodep.shaded.org.apache.hc.client5.http.headers - http-outgoing-2 << Server: Docker/20.10.21 (linux)
23:55:07.776 [Test worker] DEBUG com.github.dockerjava.zerodep.shaded.org.apache.hc.client5.http.headers - http-outgoing-2 << Transfer-Encoding: chunked
23:55:07.776 [Test worker] DEBUG com.github.dockerjava.zerodep.shaded.org.apache.hc.client5.http.impl.classic.MainClientExec - ex-00000034: connection can be kept alive for 3 MINUTES
23:55:07.777 [Test worker] DEBUG com.github.dockerjava.zerodep.shaded.org.apache.hc.client5.http.wire - http-outgoing-2 << "18c1[\r][\n]"
23:55:07.777 [Test worker] DEBUG com.github.dockerjava.zerodep.shaded.org.apache.hc.client5.http.wire - http-outgoing-2 << "{"Id":"c37a42694b7d1cff581f5e7b89a60b044af4721181408c271e821f1413201ca6","Created":"2023-03-27T02:55:02.49734542Z","Path":"docker-entrypoint.sh","Args":["mysqld"],"State":{"Status":"running","Running":true,"Paused":false,"Restarting":false,"OOMKilled":false,"Dead":false,"Pid":18342,"ExitCode":0,"Error":"","StartedAt":"2023-03-27T02:55:03.12719392Z","FinishedAt":"0001-01-01T00:00:00Z"},"Image":"sha256:c7c54c29e20dccc1aefb936c8eba8bb8b98b87a4921102aba87fde2df5810af9","ResolvConfPath":"/var/lib/docker/containers/c37a42694b7d1cff581f5e7b89a60b044af4721181408c271e821f1413201ca6/resolv.conf","HostnamePath":"/var/lib/docker/containers/c37a42694b7d1cff581f5e7b89a60b044af4721181408c271e821f1413201ca6/hostname","HostsPath":"/var/lib/docker/containers/c37a42694b7d1cff581f5e7b89a60b044af4721181408c271e821f1413201ca6/hosts","LogPath":"/var/lib/docker/containers/c37a42694b7d1cff581f5e7b89a60b044af4721181408c271e821f1413201ca6/c37a42694b7d1cff581f5e7b89a60b044af4721181408c271e821f1413201ca6-json.log","Name":"/elegant_mahavira","RestartCount":0,"Driver":"overlay2","Platform":"linux","MountLabel":"","ProcessLabel":"","AppArmorProfile":"","ExecIDs":null,"HostConfig":{"Binds":[],"ContainerIDFile":"","LogConfig":{"Type":"json-file","Config":{}},"NetworkMode":"default","PortBindings":{"3306/tcp":[{"HostIp":"0.0.0.0","HostPort":"0"}]},"RestartPolicy":{"Name":"","MaximumRetryCount":0},"AutoRemove":false,"VolumeDriver":"","VolumesFrom":[],"CapAdd":null,"CapDrop":null,"CgroupnsMode":"private","Dns":null,"DnsOptions":null,"DnsSearch":null,"ExtraHosts":[],"GroupAdd":null,"IpcMode":"shareable","Cgroup":"","Links":null,"OomScoreAdj":0,"PidMode":"","Privileged":false,"PublishAllPorts":false,"ReadonlyRootfs":false,"SecurityOpt":null,"UTSMode":"","UsernsMode":"","ShmSize":67108864,"Runtime":"runc","ConsoleSize":[0,0],"Isolation":"","CpuShares":0,"Memory":0,"NanoCpus":0,"CgroupParent":"","BlkioWeight":0,"BlkioWeightDevice":null,"BlkioDeviceReadBps":null,"BlkioDeviceWriteBps":null,"BlkioDeviceReadIOps":null,"BlkioDeviceWriteIOps":null,"CpuPeriod":0,"CpuQuota":0,"CpuRealtimePeriod":0,"CpuRealtimeRuntime":0,"CpusetCpus":"","CpusetMems":"","Devices":null,"DeviceCgroupRules":null,"DeviceRequests":null,"KernelMemory":0,"KernelMemoryTCP":0,"MemoryReservation":0,"MemorySwap":0,"MemorySwappiness":null,"OomKillDisable":null,"PidsLimit":null,"Ulimits":null,"CpuCount":0,"CpuPercent":0,"IOMaximumIOps":0,"IOMaximumBandwidth":0,"MaskedPaths":["/proc/asound","/proc/acpi","/proc/kcore","/proc/keys","/proc/latency_stats","/proc/timer_list","/proc/timer_stats","/proc/sched_debug","/proc/scsi","/sys/firmware"],"ReadonlyPaths":["/proc/bus","/proc/fs","/proc/irq","/proc/sys","/proc/sysrq-trigger"]},"GraphDriver":{"Data":{"LowerDir":"/var/lib/docker/overlay2/2c15a904a49807090175d7750f18e0f6a57e99c38a424839679cbaf676a4d500-init/diff:/var/lib/docker/overlay2/1bd8849d7a296305617011f940aa5cfabbe972a513397b1b6bbc27639b6c1f30/diff:/var/lib/docker/overlay2/199d69b2fbf78af4d4c95dec4fd2f8835ab0347eb49fb20ebb2ff3b99fedd6ad/diff:/var/lib/docker/overlay2/d83c38d654989311f75b9491329846033bfb7714de76ef635380dcfad5c740d9/diff:/var/lib/docker/overlay2/08600d0aea2ab2728bebcf5d2589c640a842f53d1ba3c4a4adccb4d03b923cf6/diff:/var/lib/docker/overlay2/9ec7c63a3fb14d13ac788bbf5e282ca821edc41260b79944e5e631037d13ecda/diff:/var/lib/docker/overlay2/db601d7a1b4ea6da638db620462f0da96fa55c559d02269c9ddb09027936ed87/diff:/var/lib/docker/overlay2/a6d2bd03f942e2565f21e74cfe152c7ec836a1c2b583f0790c685b92bdcfda24/diff:/var/lib/docker/overlay2/9badd16ea2c5e2bf1fde8b579683e41137dfc46ed5449234149f199a6751cc84/diff:/var/lib/docker/overlay2/6efb85646ed12e2d1181ef4cc6f6f6732c00c15a4035fe17ebc4f075ca573c30/diff:/var/lib/docker/overlay2/895d7c0ec09144d6ed33936f4e98e11c18010f7abd708cae1ce43aec7a7f2621/diff:/var/lib/docker/overlay2/1c4ba77aa573ab6e5e5069fd15eae71b3da940bde0f97a922a227ffc8a1d1096/diff","MergedDir":"/var/lib/docker/overlay2/2c15a904a49807090175d7750f18e0f6a57e99c38a424839679cbaf676a4d500/merged","UpperDir":"/var/lib/docker/overlay2/2c15a904a49807090175d7750f18e0f6a57e99c38a424839679cbaf676a4d500/diff","WorkDir":"/var/lib/docker/overlay2/2c15a904a49807090175d7750f18e0f6a57e99c38a424839679cbaf676a4d500/work"},"Name":"overlay2"},"Mounts":[{"Type":"volume","Name":"44a9389ce95a2961210e86afd6afe42b23405f43157b5dc00e010d283c01df79","Source":"/var/lib/docker/volumes/44a9389ce95a2961210e86afd6afe42b23405f43157b5dc00e010d283c01df79/_data","Destination":"/var/lib/mysql","Driver":"local","Mode":"","RW":true,"Propagation":""}],"Config":{"Hostname":"c37a42694b7d","Domainname":"","User":"","AttachStdin":false,"AttachStdout":false,"AttachStderr":false,"ExposedPorts":{"3306/tcp":{},"33060/tcp":{}},"Tty":false,"OpenStdin":false,"StdinOnce":false,"Env":["MYSQL_DATABASE=adm_videos","MYSQL_PASSWORD=123456","MYSQL_ROOT_PASSWORD=123456","PATH=/usr/local/sbin:/usr/local/bin:/usr/sbin:/usr/bin:/sbin:/bin","GOSU_VERSION=1.16","MYSQL_MAJOR=8.0","MYSQL_VERSION=8.0.32-1.el8","MYSQL_SHELL_VERSION=8.0.32-1.el8"],"Cmd":["mysqld"],"Image":"mysql:latest","Volumes":{"/var/lib/mysql":{}},"WorkingDir":"","Entrypoint":["docker-entrypoint.sh"],"OnBuild":null,"Labels":{"org.testcontainers":"true","org.testcontainers.lang":"java","org.testcontainers.sessionId":"818a13d9-e138-4e41-b5a4-74fd927e6a2d","org.testcontainers.version":"1.17.6"}},"NetworkSettings":{"Bridge":"","SandboxID":"bd1f3a626f226e407a1a406212013b21c93b302c93f9fd53a405b7fc5ff825b3","HairpinMode":false,"LinkLocalIPv6Address":"","LinkLocalIPv6PrefixLen":0,"Ports":{"3306/tcp":[{"HostIp":"0.0.0.0","HostPort":"56289"}],"33060/tcp":null},"SandboxKey":"/var/run/docker/netns/bd1f3a626f22","SecondaryIPAddresses":null,"SecondaryIPv6Addresses":null,"EndpointID":"a2b725c0c5ce4503f8e45e0c2adc4455b29a53a4866d3f23b2bce893a084641f","Gateway":"172.17.0.1","GlobalIPv6Address":"","GlobalIPv6PrefixLen":0,"IPAddress":"172.17.0.3","IPPrefixLen":16,"IPv6Gateway":"","MacAddress":"02:42:ac:11:00:03","Networks":{"bridge":{"IPAMConfig":null,"Links":null,"Aliases":null,"NetworkID":"308e234c143065751b16b4500cb9f48d5c7fc2116504b3d816a5e51cd4771062","EndpointID":"a2b725c0c5ce4503f8e45e0c2adc4455b29a53a4866d3f23b2bce893a084641f","Gateway":"172.17.0.1","IPAddress":"172.17.0.3","IPPrefixLen":16,"IPv6Gateway":"","GlobalIPv6Address":"","GlobalIPv6PrefixLen":0,"MacAddress":"02:42:ac:11:00:03","DriverOpts":null}}}}[\n]"
23:55:07.777 [Test worker] DEBUG com.github.dockerjava.zerodep.shaded.org.apache.hc.client5.http.wire - http-outgoing-2 << "[\r][\n]"
23:55:07.778 [Test worker] DEBUG com.github.dockerjava.zerodep.shaded.org.apache.hc.client5.http.wire - http-outgoing-2 << "0[\r][\n]"
23:55:07.778 [Test worker] DEBUG com.github.dockerjava.zerodep.shaded.org.apache.hc.client5.http.wire - http-outgoing-2 << "[\r][\n]"
23:55:07.779 [Test worker] DEBUG com.github.dockerjava.zerodep.shaded.org.apache.hc.client5.http.impl.classic.InternalHttpClient - ep-00000033: releasing valid endpoint
23:55:07.779 [Test worker] DEBUG com.github.dockerjava.zerodep.shaded.org.apache.hc.client5.http.impl.io.PoolingHttpClientConnectionManager - ep-00000033: releasing endpoint
23:55:07.779 [Test worker] DEBUG com.github.dockerjava.zerodep.shaded.org.apache.hc.client5.http.impl.io.PoolingHttpClientConnectionManager - ep-00000033: connection http-outgoing-2 can be kept alive for 3 MINUTES
23:55:07.779 [Test worker] DEBUG com.github.dockerjava.zerodep.shaded.org.apache.hc.client5.http.impl.io.PoolingHttpClientConnectionManager - ep-00000033: connection released [route: {}->unix://localhost:2375][total available: 1; route allocated: 1 of 2147483647; total allocated: 1 of 2147483647]
23:55:07.779 [Test worker] DEBUG ]]>&#x1f433;<![CDATA[ [mysql:latest] - Trying to create JDBC connection using com.mysql.cj.jdbc.Driver to jdbc:mysql://localhost:56289/adm_videos?useSSL=false&allowPublicKeyRetrieval=true with properties: {password=123456, user=root}
23:55:07.887 [Test worker] DEBUG org.testcontainers.shaded.com.github.dockerjava.core.command.AbstrDockerCmd - Cmd: c37a42694b7d1cff581f5e7b89a60b044af4721181408c271e821f1413201ca6,false
23:55:07.887 [Test worker] DEBUG org.testcontainers.shaded.com.github.dockerjava.core.exec.InspectContainerCmdExec - GET: DefaultWebTarget{path=[/containers/c37a42694b7d1cff581f5e7b89a60b044af4721181408c271e821f1413201ca6/json], queryParams={}}
23:55:07.888 [Test worker] DEBUG com.github.dockerjava.zerodep.shaded.org.apache.hc.client5.http.impl.classic.InternalHttpClient - ex-00000035: preparing request execution
23:55:07.888 [Test worker] DEBUG com.github.dockerjava.zerodep.shaded.org.apache.hc.client5.http.protocol.RequestAddCookies - Cookie spec selected: strict
23:55:07.888 [Test worker] DEBUG com.github.dockerjava.zerodep.shaded.org.apache.hc.client5.http.protocol.RequestAuthCache - Auth cache not set in the context
23:55:07.888 [Test worker] DEBUG com.github.dockerjava.zerodep.shaded.org.apache.hc.client5.http.impl.classic.ProtocolExec - ex-00000035: target auth state: UNCHALLENGED
23:55:07.888 [Test worker] DEBUG com.github.dockerjava.zerodep.shaded.org.apache.hc.client5.http.impl.classic.ProtocolExec - ex-00000035: proxy auth state: UNCHALLENGED
23:55:07.888 [Test worker] DEBUG com.github.dockerjava.zerodep.shaded.org.apache.hc.client5.http.impl.classic.ConnectExec - ex-00000035: acquiring connection with route {}->unix://localhost:2375
23:55:07.888 [Test worker] DEBUG com.github.dockerjava.zerodep.shaded.org.apache.hc.client5.http.impl.classic.InternalHttpClient - ex-00000035: acquiring endpoint (3 MINUTES)
23:55:07.888 [Test worker] DEBUG com.github.dockerjava.zerodep.shaded.org.apache.hc.client5.http.impl.io.PoolingHttpClientConnectionManager - ex-00000035: endpoint lease request (3 MINUTES) [route: {}->unix://localhost:2375][total available: 1; route allocated: 1 of 2147483647; total allocated: 1 of 2147483647]
23:55:07.888 [Test worker] DEBUG com.github.dockerjava.zerodep.shaded.org.apache.hc.client5.http.impl.io.PoolingHttpClientConnectionManager - ex-00000035: endpoint leased [route: {}->unix://localhost:2375][total available: 0; route allocated: 1 of 2147483647; total allocated: 1 of 2147483647]
23:55:07.888 [Test worker] DEBUG com.github.dockerjava.zerodep.shaded.org.apache.hc.client5.http.impl.io.PoolingHttpClientConnectionManager - ex-00000035: acquired ep-00000034
23:55:07.888 [Test worker] DEBUG com.github.dockerjava.zerodep.shaded.org.apache.hc.client5.http.impl.classic.InternalHttpClient - ex-00000035: acquired endpoint ep-00000034
23:55:07.888 [Test worker] DEBUG com.github.dockerjava.zerodep.shaded.org.apache.hc.client5.http.impl.classic.MainClientExec - ex-00000035: executing GET /v1.32/containers/c37a42694b7d1cff581f5e7b89a60b044af4721181408c271e821f1413201ca6/json HTTP/1.1
23:55:07.888 [Test worker] DEBUG com.github.dockerjava.zerodep.shaded.org.apache.hc.client5.http.impl.classic.InternalHttpClient - ep-00000034: start execution ex-00000035
23:55:07.888 [Test worker] DEBUG com.github.dockerjava.zerodep.shaded.org.apache.hc.client5.http.impl.io.PoolingHttpClientConnectionManager - ep-00000034: executing exchange ex-00000035 over http-outgoing-2
23:55:07.888 [Test worker] DEBUG com.github.dockerjava.zerodep.shaded.org.apache.hc.client5.http.headers - http-outgoing-2 >> GET /v1.32/containers/c37a42694b7d1cff581f5e7b89a60b044af4721181408c271e821f1413201ca6/json HTTP/1.1
23:55:07.888 [Test worker] DEBUG com.github.dockerjava.zerodep.shaded.org.apache.hc.client5.http.headers - http-outgoing-2 >> accept: application/json
23:55:07.888 [Test worker] DEBUG com.github.dockerjava.zerodep.shaded.org.apache.hc.client5.http.headers - http-outgoing-2 >> x-tc-sid: 818a13d9-e138-4e41-b5a4-74fd927e6a2d
23:55:07.888 [Test worker] DEBUG com.github.dockerjava.zerodep.shaded.org.apache.hc.client5.http.headers - http-outgoing-2 >> Accept-Encoding: gzip, x-gzip, deflate
23:55:07.888 [Test worker] DEBUG com.github.dockerjava.zerodep.shaded.org.apache.hc.client5.http.headers - http-outgoing-2 >> Host: localhost:2375
23:55:07.888 [Test worker] DEBUG com.github.dockerjava.zerodep.shaded.org.apache.hc.client5.http.headers - http-outgoing-2 >> Connection: keep-alive
23:55:07.888 [Test worker] DEBUG com.github.dockerjava.zerodep.shaded.org.apache.hc.client5.http.headers - http-outgoing-2 >> User-Agent: Apache-HttpClient/5.0.3 (Java/17.0.2)
23:55:07.888 [Test worker] DEBUG com.github.dockerjava.zerodep.shaded.org.apache.hc.client5.http.wire - http-outgoing-2 >> "GET /v1.32/containers/c37a42694b7d1cff581f5e7b89a60b044af4721181408c271e821f1413201ca6/json HTTP/1.1[\r][\n]"
23:55:07.888 [Test worker] DEBUG com.github.dockerjava.zerodep.shaded.org.apache.hc.client5.http.wire - http-outgoing-2 >> "accept: application/json[\r][\n]"
23:55:07.888 [Test worker] DEBUG com.github.dockerjava.zerodep.shaded.org.apache.hc.client5.http.wire - http-outgoing-2 >> "x-tc-sid: 818a13d9-e138-4e41-b5a4-74fd927e6a2d[\r][\n]"
23:55:07.888 [Test worker] DEBUG com.github.dockerjava.zerodep.shaded.org.apache.hc.client5.http.wire - http-outgoing-2 >> "Accept-Encoding: gzip, x-gzip, deflate[\r][\n]"
23:55:07.888 [Test worker] DEBUG com.github.dockerjava.zerodep.shaded.org.apache.hc.client5.http.wire - http-outgoing-2 >> "Host: localhost:2375[\r][\n]"
23:55:07.888 [Test worker] DEBUG com.github.dockerjava.zerodep.shaded.org.apache.hc.client5.http.wire - http-outgoing-2 >> "Connection: keep-alive[\r][\n]"
23:55:07.888 [Test worker] DEBUG com.github.dockerjava.zerodep.shaded.org.apache.hc.client5.http.wire - http-outgoing-2 >> "User-Agent: Apache-HttpClient/5.0.3 (Java/17.0.2)[\r][\n]"
23:55:07.888 [Test worker] DEBUG com.github.dockerjava.zerodep.shaded.org.apache.hc.client5.http.wire - http-outgoing-2 >> "[\r][\n]"
23:55:07.891 [Test worker] DEBUG com.github.dockerjava.zerodep.shaded.org.apache.hc.client5.http.wire - http-outgoing-2 << "HTTP/1.1 200 OK[\r][\n]"
23:55:07.891 [Test worker] DEBUG com.github.dockerjava.zerodep.shaded.org.apache.hc.client5.http.wire - http-outgoing-2 << "Api-Version: 1.41[\r][\n]"
23:55:07.891 [Test worker] DEBUG com.github.dockerjava.zerodep.shaded.org.apache.hc.client5.http.wire - http-outgoing-2 << "Content-Type: application/json[\r][\n]"
23:55:07.891 [Test worker] DEBUG com.github.dockerjava.zerodep.shaded.org.apache.hc.client5.http.wire - http-outgoing-2 << "Date: Mon, 27 Mar 2023 02:55:07 GMT[\r][\n]"
23:55:07.891 [Test worker] DEBUG com.github.dockerjava.zerodep.shaded.org.apache.hc.client5.http.wire - http-outgoing-2 << "Docker-Experimental: false[\r][\n]"
23:55:07.891 [Test worker] DEBUG com.github.dockerjava.zerodep.shaded.org.apache.hc.client5.http.wire - http-outgoing-2 << "Ostype: linux[\r][\n]"
23:55:07.891 [Test worker] DEBUG com.github.dockerjava.zerodep.shaded.org.apache.hc.client5.http.wire - http-outgoing-2 << "Server: Docker/20.10.21 (linux)[\r][\n]"
23:55:07.891 [Test worker] DEBUG com.github.dockerjava.zerodep.shaded.org.apache.hc.client5.http.wire - http-outgoing-2 << "Transfer-Encoding: chunked[\r][\n]"
23:55:07.891 [Test worker] DEBUG com.github.dockerjava.zerodep.shaded.org.apache.hc.client5.http.wire - http-outgoing-2 << "[\r][\n]"
23:55:07.891 [Test worker] DEBUG com.github.dockerjava.zerodep.shaded.org.apache.hc.client5.http.headers - http-outgoing-2 << HTTP/1.1 200 OK
23:55:07.891 [Test worker] DEBUG com.github.dockerjava.zerodep.shaded.org.apache.hc.client5.http.headers - http-outgoing-2 << Api-Version: 1.41
23:55:07.891 [Test worker] DEBUG com.github.dockerjava.zerodep.shaded.org.apache.hc.client5.http.headers - http-outgoing-2 << Content-Type: application/json
23:55:07.891 [Test worker] DEBUG com.github.dockerjava.zerodep.shaded.org.apache.hc.client5.http.headers - http-outgoing-2 << Date: Mon, 27 Mar 2023 02:55:07 GMT
23:55:07.891 [Test worker] DEBUG com.github.dockerjava.zerodep.shaded.org.apache.hc.client5.http.headers - http-outgoing-2 << Docker-Experimental: false
23:55:07.891 [Test worker] DEBUG com.github.dockerjava.zerodep.shaded.org.apache.hc.client5.http.headers - http-outgoing-2 << Ostype: linux
23:55:07.891 [Test worker] DEBUG com.github.dockerjava.zerodep.shaded.org.apache.hc.client5.http.headers - http-outgoing-2 << Server: Docker/20.10.21 (linux)
23:55:07.891 [Test worker] DEBUG com.github.dockerjava.zerodep.shaded.org.apache.hc.client5.http.headers - http-outgoing-2 << Transfer-Encoding: chunked
23:55:07.891 [Test worker] DEBUG com.github.dockerjava.zerodep.shaded.org.apache.hc.client5.http.impl.classic.MainClientExec - ex-00000035: connection can be kept alive for 3 MINUTES
23:55:07.892 [Test worker] DEBUG com.github.dockerjava.zerodep.shaded.org.apache.hc.client5.http.wire - http-outgoing-2 << "18c1[\r][\n]"
23:55:07.892 [Test worker] DEBUG com.github.dockerjava.zerodep.shaded.org.apache.hc.client5.http.wire - http-outgoing-2 << "{"Id":"c37a42694b7d1cff581f5e7b89a60b044af4721181408c271e821f1413201ca6","Created":"2023-03-27T02:55:02.49734542Z","Path":"docker-entrypoint.sh","Args":["mysqld"],"State":{"Status":"running","Running":true,"Paused":false,"Restarting":false,"OOMKilled":false,"Dead":false,"Pid":18342,"ExitCode":0,"Error":"","StartedAt":"2023-03-27T02:55:03.12719392Z","FinishedAt":"0001-01-01T00:00:00Z"},"Image":"sha256:c7c54c29e20dccc1aefb936c8eba8bb8b98b87a4921102aba87fde2df5810af9","ResolvConfPath":"/var/lib/docker/containers/c37a42694b7d1cff581f5e7b89a60b044af4721181408c271e821f1413201ca6/resolv.conf","HostnamePath":"/var/lib/docker/containers/c37a42694b7d1cff581f5e7b89a60b044af4721181408c271e821f1413201ca6/hostname","HostsPath":"/var/lib/docker/containers/c37a42694b7d1cff581f5e7b89a60b044af4721181408c271e821f1413201ca6/hosts","LogPath":"/var/lib/docker/containers/c37a42694b7d1cff581f5e7b89a60b044af4721181408c271e821f1413201ca6/c37a42694b7d1cff581f5e7b89a60b044af4721181408c271e821f1413201ca6-json.log","Name":"/elegant_mahavira","RestartCount":0,"Driver":"overlay2","Platform":"linux","MountLabel":"","ProcessLabel":"","AppArmorProfile":"","ExecIDs":null,"HostConfig":{"Binds":[],"ContainerIDFile":"","LogConfig":{"Type":"json-file","Config":{}},"NetworkMode":"default","PortBindings":{"3306/tcp":[{"HostIp":"0.0.0.0","HostPort":"0"}]},"RestartPolicy":{"Name":"","MaximumRetryCount":0},"AutoRemove":false,"VolumeDriver":"","VolumesFrom":[],"CapAdd":null,"CapDrop":null,"CgroupnsMode":"private","Dns":null,"DnsOptions":null,"DnsSearch":null,"ExtraHosts":[],"GroupAdd":null,"IpcMode":"shareable","Cgroup":"","Links":null,"OomScoreAdj":0,"PidMode":"","Privileged":false,"PublishAllPorts":false,"ReadonlyRootfs":false,"SecurityOpt":null,"UTSMode":"","UsernsMode":"","ShmSize":67108864,"Runtime":"runc","ConsoleSize":[0,0],"Isolation":"","CpuShares":0,"Memory":0,"NanoCpus":0,"CgroupParent":"","BlkioWeight":0,"BlkioWeightDevice":null,"BlkioDeviceReadBps":null,"BlkioDeviceWriteBps":null,"BlkioDeviceReadIOps":null,"BlkioDeviceWriteIOps":null,"CpuPeriod":0,"CpuQuota":0,"CpuRealtimePeriod":0,"CpuRealtimeRuntime":0,"CpusetCpus":"","CpusetMems":"","Devices":null,"DeviceCgroupRules":null,"DeviceRequests":null,"KernelMemory":0,"KernelMemoryTCP":0,"MemoryReservation":0,"MemorySwap":0,"MemorySwappiness":null,"OomKillDisable":null,"PidsLimit":null,"Ulimits":null,"CpuCount":0,"CpuPercent":0,"IOMaximumIOps":0,"IOMaximumBandwidth":0,"MaskedPaths":["/proc/asound","/proc/acpi","/proc/kcore","/proc/keys","/proc/latency_stats","/proc/timer_list","/proc/timer_stats","/proc/sched_debug","/proc/scsi","/sys/firmware"],"ReadonlyPaths":["/proc/bus","/proc/fs","/proc/irq","/proc/sys","/proc/sysrq-trigger"]},"GraphDriver":{"Data":{"LowerDir":"/var/lib/docker/overlay2/2c15a904a49807090175d7750f18e0f6a57e99c38a424839679cbaf676a4d500-init/diff:/var/lib/docker/overlay2/1bd8849d7a296305617011f940aa5cfabbe972a513397b1b6bbc27639b6c1f30/diff:/var/lib/docker/overlay2/199d69b2fbf78af4d4c95dec4fd2f8835ab0347eb49fb20ebb2ff3b99fedd6ad/diff:/var/lib/docker/overlay2/d83c38d654989311f75b9491329846033bfb7714de76ef635380dcfad5c740d9/diff:/var/lib/docker/overlay2/08600d0aea2ab2728bebcf5d2589c640a842f53d1ba3c4a4adccb4d03b923cf6/diff:/var/lib/docker/overlay2/9ec7c63a3fb14d13ac788bbf5e282ca821edc41260b79944e5e631037d13ecda/diff:/var/lib/docker/overlay2/db601d7a1b4ea6da638db620462f0da96fa55c559d02269c9ddb09027936ed87/diff:/var/lib/docker/overlay2/a6d2bd03f942e2565f21e74cfe152c7ec836a1c2b583f0790c685b92bdcfda24/diff:/var/lib/docker/overlay2/9badd16ea2c5e2bf1fde8b579683e41137dfc46ed5449234149f199a6751cc84/diff:/var/lib/docker/overlay2/6efb85646ed12e2d1181ef4cc6f6f6732c00c15a4035fe17ebc4f075ca573c30/diff:/var/lib/docker/overlay2/895d7c0ec09144d6ed33936f4e98e11c18010f7abd708cae1ce43aec7a7f2621/diff:/var/lib/docker/overlay2/1c4ba77aa573ab6e5e5069fd15eae71b3da940bde0f97a922a227ffc8a1d1096/diff","MergedDir":"/var/lib/docker/overlay2/2c15a904a49807090175d7750f18e0f6a57e99c38a424839679cbaf676a4d500/merged","UpperDir":"/var/lib/docker/overlay2/2c15a904a49807090175d7750f18e0f6a57e99c38a424839679cbaf676a4d500/diff","WorkDir":"/var/lib/docker/overlay2/2c15a904a49807090175d7750f18e0f6a57e99c38a424839679cbaf676a4d500/work"},"Name":"overlay2"},"Mounts":[{"Type":"volume","Name":"44a9389ce95a2961210e86afd6afe42b23405f43157b5dc00e010d283c01df79","Source":"/var/lib/docker/volumes/44a9389ce95a2961210e86afd6afe42b23405f43157b5dc00e010d283c01df79/_data","Destination":"/var/lib/mysql","Driver":"local","Mode":"","RW":true,"Propagation":""}],"Config":{"Hostname":"c37a42694b7d","Domainname":"","User":"","AttachStdin":false,"AttachStdout":false,"AttachStderr":false,"ExposedPorts":{"3306/tcp":{},"33060/tcp":{}},"Tty":false,"OpenStdin":false,"StdinOnce":false,"Env":["MYSQL_DATABASE=adm_videos","MYSQL_PASSWORD=123456","MYSQL_ROOT_PASSWORD=123456","PATH=/usr/local/sbin:/usr/local/bin:/usr/sbin:/usr/bin:/sbin:/bin","GOSU_VERSION=1.16","MYSQL_MAJOR=8.0","MYSQL_VERSION=8.0.32-1.el8","MYSQL_SHELL_VERSION=8.0.32-1.el8"],"Cmd":["mysqld"],"Image":"mysql:latest","Volumes":{"/var/lib/mysql":{}},"WorkingDir":"","Entrypoint":["docker-entrypoint.sh"],"OnBuild":null,"Labels":{"org.testcontainers":"true","org.testcontainers.lang":"java","org.testcontainers.sessionId":"818a13d9-e138-4e41-b5a4-74fd927e6a2d","org.testcontainers.version":"1.17.6"}},"NetworkSettings":{"Bridge":"","SandboxID":"bd1f3a626f226e407a1a406212013b21c93b302c93f9fd53a405b7fc5ff825b3","HairpinMode":false,"LinkLocalIPv6Address":"","LinkLocalIPv6PrefixLen":0,"Ports":{"3306/tcp":[{"HostIp":"0.0.0.0","HostPort":"56289"}],"33060/tcp":null},"SandboxKey":"/var/run/docker/netns/bd1f3a626f22","SecondaryIPAddresses":null,"SecondaryIPv6Addresses":null,"EndpointID":"a2b725c0c5ce4503f8e45e0c2adc4455b29a53a4866d3f23b2bce893a084641f","Gateway":"172.17.0.1","GlobalIPv6Address":"","GlobalIPv6PrefixLen":0,"IPAddress":"172.17.0.3","IPPrefixLen":16,"IPv6Gateway":"","MacAddress":"02:42:ac:11:00:03","Networks":{"bridge":{"IPAMConfig":null,"Links":null,"Aliases":null,"NetworkID":"308e234c143065751b16b4500cb9f48d5c7fc2116504b3d816a5e51cd4771062","EndpointID":"a2b725c0c5ce4503f8e45e0c2adc4455b29a53a4866d3f23b2bce893a084641f","Gateway":"172.17.0.1","IPAddress":"172.17.0.3","IPPrefixLen":16,"IPv6Gateway":"","GlobalIPv6Address":"","GlobalIPv6PrefixLen":0,"MacAddress":"02:42:ac:11:00:03","DriverOpts":null}}}}[\n]"
23:55:07.892 [Test worker] DEBUG com.github.dockerjava.zerodep.shaded.org.apache.hc.client5.http.wire - http-outgoing-2 << "[\r][\n]"
23:55:07.893 [Test worker] DEBUG com.github.dockerjava.zerodep.shaded.org.apache.hc.client5.http.wire - http-outgoing-2 << "0[\r][\n]"
23:55:07.893 [Test worker] DEBUG com.github.dockerjava.zerodep.shaded.org.apache.hc.client5.http.wire - http-outgoing-2 << "[\r][\n]"
23:55:07.893 [Test worker] DEBUG com.github.dockerjava.zerodep.shaded.org.apache.hc.client5.http.impl.classic.InternalHttpClient - ep-00000034: releasing valid endpoint
23:55:07.893 [Test worker] DEBUG com.github.dockerjava.zerodep.shaded.org.apache.hc.client5.http.impl.io.PoolingHttpClientConnectionManager - ep-00000034: releasing endpoint
23:55:07.893 [Test worker] DEBUG com.github.dockerjava.zerodep.shaded.org.apache.hc.client5.http.impl.io.PoolingHttpClientConnectionManager - ep-00000034: connection http-outgoing-2 can be kept alive for 3 MINUTES
23:55:07.893 [Test worker] DEBUG com.github.dockerjava.zerodep.shaded.org.apache.hc.client5.http.impl.io.PoolingHttpClientConnectionManager - ep-00000034: connection released [route: {}->unix://localhost:2375][total available: 1; route allocated: 1 of 2147483647; total allocated: 1 of 2147483647]
23:55:07.893 [Test worker] DEBUG ]]>&#x1f433;<![CDATA[ [mysql:latest] - Trying to create JDBC connection using com.mysql.cj.jdbc.Driver to jdbc:mysql://localhost:56289/adm_videos?useSSL=false&allowPublicKeyRetrieval=true with properties: {password=123456, user=root}
23:55:08.000 [Test worker] DEBUG org.testcontainers.shaded.com.github.dockerjava.core.command.AbstrDockerCmd - Cmd: c37a42694b7d1cff581f5e7b89a60b044af4721181408c271e821f1413201ca6,false
23:55:08.001 [Test worker] DEBUG org.testcontainers.shaded.com.github.dockerjava.core.exec.InspectContainerCmdExec - GET: DefaultWebTarget{path=[/containers/c37a42694b7d1cff581f5e7b89a60b044af4721181408c271e821f1413201ca6/json], queryParams={}}
23:55:08.001 [Test worker] DEBUG com.github.dockerjava.zerodep.shaded.org.apache.hc.client5.http.impl.classic.InternalHttpClient - ex-00000036: preparing request execution
23:55:08.001 [Test worker] DEBUG com.github.dockerjava.zerodep.shaded.org.apache.hc.client5.http.protocol.RequestAddCookies - Cookie spec selected: strict
23:55:08.001 [Test worker] DEBUG com.github.dockerjava.zerodep.shaded.org.apache.hc.client5.http.protocol.RequestAuthCache - Auth cache not set in the context
23:55:08.001 [Test worker] DEBUG com.github.dockerjava.zerodep.shaded.org.apache.hc.client5.http.impl.classic.ProtocolExec - ex-00000036: target auth state: UNCHALLENGED
23:55:08.001 [Test worker] DEBUG com.github.dockerjava.zerodep.shaded.org.apache.hc.client5.http.impl.classic.ProtocolExec - ex-00000036: proxy auth state: UNCHALLENGED
23:55:08.001 [Test worker] DEBUG com.github.dockerjava.zerodep.shaded.org.apache.hc.client5.http.impl.classic.ConnectExec - ex-00000036: acquiring connection with route {}->unix://localhost:2375
23:55:08.001 [Test worker] DEBUG com.github.dockerjava.zerodep.shaded.org.apache.hc.client5.http.impl.classic.InternalHttpClient - ex-00000036: acquiring endpoint (3 MINUTES)
23:55:08.001 [Test worker] DEBUG com.github.dockerjava.zerodep.shaded.org.apache.hc.client5.http.impl.io.PoolingHttpClientConnectionManager - ex-00000036: endpoint lease request (3 MINUTES) [route: {}->unix://localhost:2375][total available: 1; route allocated: 1 of 2147483647; total allocated: 1 of 2147483647]
23:55:08.001 [Test worker] DEBUG com.github.dockerjava.zerodep.shaded.org.apache.hc.client5.http.impl.io.PoolingHttpClientConnectionManager - ex-00000036: endpoint leased [route: {}->unix://localhost:2375][total available: 0; route allocated: 1 of 2147483647; total allocated: 1 of 2147483647]
23:55:08.001 [Test worker] DEBUG com.github.dockerjava.zerodep.shaded.org.apache.hc.client5.http.impl.io.PoolingHttpClientConnectionManager - ex-00000036: acquired ep-00000035
23:55:08.001 [Test worker] DEBUG com.github.dockerjava.zerodep.shaded.org.apache.hc.client5.http.impl.classic.InternalHttpClient - ex-00000036: acquired endpoint ep-00000035
23:55:08.001 [Test worker] DEBUG com.github.dockerjava.zerodep.shaded.org.apache.hc.client5.http.impl.classic.MainClientExec - ex-00000036: executing GET /v1.32/containers/c37a42694b7d1cff581f5e7b89a60b044af4721181408c271e821f1413201ca6/json HTTP/1.1
23:55:08.001 [Test worker] DEBUG com.github.dockerjava.zerodep.shaded.org.apache.hc.client5.http.impl.classic.InternalHttpClient - ep-00000035: start execution ex-00000036
23:55:08.001 [Test worker] DEBUG com.github.dockerjava.zerodep.shaded.org.apache.hc.client5.http.impl.io.PoolingHttpClientConnectionManager - ep-00000035: executing exchange ex-00000036 over http-outgoing-2
23:55:08.001 [Test worker] DEBUG com.github.dockerjava.zerodep.shaded.org.apache.hc.client5.http.headers - http-outgoing-2 >> GET /v1.32/containers/c37a42694b7d1cff581f5e7b89a60b044af4721181408c271e821f1413201ca6/json HTTP/1.1
23:55:08.001 [Test worker] DEBUG com.github.dockerjava.zerodep.shaded.org.apache.hc.client5.http.headers - http-outgoing-2 >> accept: application/json
23:55:08.001 [Test worker] DEBUG com.github.dockerjava.zerodep.shaded.org.apache.hc.client5.http.headers - http-outgoing-2 >> x-tc-sid: 818a13d9-e138-4e41-b5a4-74fd927e6a2d
23:55:08.001 [Test worker] DEBUG com.github.dockerjava.zerodep.shaded.org.apache.hc.client5.http.headers - http-outgoing-2 >> Accept-Encoding: gzip, x-gzip, deflate
23:55:08.001 [Test worker] DEBUG com.github.dockerjava.zerodep.shaded.org.apache.hc.client5.http.headers - http-outgoing-2 >> Host: localhost:2375
23:55:08.001 [Test worker] DEBUG com.github.dockerjava.zerodep.shaded.org.apache.hc.client5.http.headers - http-outgoing-2 >> Connection: keep-alive
23:55:08.001 [Test worker] DEBUG com.github.dockerjava.zerodep.shaded.org.apache.hc.client5.http.headers - http-outgoing-2 >> User-Agent: Apache-HttpClient/5.0.3 (Java/17.0.2)
23:55:08.001 [Test worker] DEBUG com.github.dockerjava.zerodep.shaded.org.apache.hc.client5.http.wire - http-outgoing-2 >> "GET /v1.32/containers/c37a42694b7d1cff581f5e7b89a60b044af4721181408c271e821f1413201ca6/json HTTP/1.1[\r][\n]"
23:55:08.001 [Test worker] DEBUG com.github.dockerjava.zerodep.shaded.org.apache.hc.client5.http.wire - http-outgoing-2 >> "accept: application/json[\r][\n]"
23:55:08.001 [Test worker] DEBUG com.github.dockerjava.zerodep.shaded.org.apache.hc.client5.http.wire - http-outgoing-2 >> "x-tc-sid: 818a13d9-e138-4e41-b5a4-74fd927e6a2d[\r][\n]"
23:55:08.001 [Test worker] DEBUG com.github.dockerjava.zerodep.shaded.org.apache.hc.client5.http.wire - http-outgoing-2 >> "Accept-Encoding: gzip, x-gzip, deflate[\r][\n]"
23:55:08.001 [Test worker] DEBUG com.github.dockerjava.zerodep.shaded.org.apache.hc.client5.http.wire - http-outgoing-2 >> "Host: localhost:2375[\r][\n]"
23:55:08.001 [Test worker] DEBUG com.github.dockerjava.zerodep.shaded.org.apache.hc.client5.http.wire - http-outgoing-2 >> "Connection: keep-alive[\r][\n]"
23:55:08.001 [Test worker] DEBUG com.github.dockerjava.zerodep.shaded.org.apache.hc.client5.http.wire - http-outgoing-2 >> "User-Agent: Apache-HttpClient/5.0.3 (Java/17.0.2)[\r][\n]"
23:55:08.001 [Test worker] DEBUG com.github.dockerjava.zerodep.shaded.org.apache.hc.client5.http.wire - http-outgoing-2 >> "[\r][\n]"
23:55:08.006 [Test worker] DEBUG com.github.dockerjava.zerodep.shaded.org.apache.hc.client5.http.wire - http-outgoing-2 << "HTTP/1.1 200 OK[\r][\n]"
23:55:08.006 [Test worker] DEBUG com.github.dockerjava.zerodep.shaded.org.apache.hc.client5.http.wire - http-outgoing-2 << "Api-Version: 1.41[\r][\n]"
23:55:08.006 [Test worker] DEBUG com.github.dockerjava.zerodep.shaded.org.apache.hc.client5.http.wire - http-outgoing-2 << "Content-Type: application/json[\r][\n]"
23:55:08.006 [Test worker] DEBUG com.github.dockerjava.zerodep.shaded.org.apache.hc.client5.http.wire - http-outgoing-2 << "Date: Mon, 27 Mar 2023 02:55:08 GMT[\r][\n]"
23:55:08.006 [Test worker] DEBUG com.github.dockerjava.zerodep.shaded.org.apache.hc.client5.http.wire - http-outgoing-2 << "Docker-Experimental: false[\r][\n]"
23:55:08.006 [Test worker] DEBUG com.github.dockerjava.zerodep.shaded.org.apache.hc.client5.http.wire - http-outgoing-2 << "Ostype: linux[\r][\n]"
23:55:08.006 [Test worker] DEBUG com.github.dockerjava.zerodep.shaded.org.apache.hc.client5.http.wire - http-outgoing-2 << "Server: Docker/20.10.21 (linux)[\r][\n]"
23:55:08.006 [Test worker] DEBUG com.github.dockerjava.zerodep.shaded.org.apache.hc.client5.http.wire - http-outgoing-2 << "Transfer-Encoding: chunked[\r][\n]"
23:55:08.006 [Test worker] DEBUG com.github.dockerjava.zerodep.shaded.org.apache.hc.client5.http.wire - http-outgoing-2 << "[\r][\n]"
23:55:08.006 [Test worker] DEBUG com.github.dockerjava.zerodep.shaded.org.apache.hc.client5.http.headers - http-outgoing-2 << HTTP/1.1 200 OK
23:55:08.006 [Test worker] DEBUG com.github.dockerjava.zerodep.shaded.org.apache.hc.client5.http.headers - http-outgoing-2 << Api-Version: 1.41
23:55:08.006 [Test worker] DEBUG com.github.dockerjava.zerodep.shaded.org.apache.hc.client5.http.headers - http-outgoing-2 << Content-Type: application/json
23:55:08.006 [Test worker] DEBUG com.github.dockerjava.zerodep.shaded.org.apache.hc.client5.http.headers - http-outgoing-2 << Date: Mon, 27 Mar 2023 02:55:08 GMT
23:55:08.006 [Test worker] DEBUG com.github.dockerjava.zerodep.shaded.org.apache.hc.client5.http.headers - http-outgoing-2 << Docker-Experimental: false
23:55:08.006 [Test worker] DEBUG com.github.dockerjava.zerodep.shaded.org.apache.hc.client5.http.headers - http-outgoing-2 << Ostype: linux
23:55:08.006 [Test worker] DEBUG com.github.dockerjava.zerodep.shaded.org.apache.hc.client5.http.headers - http-outgoing-2 << Server: Docker/20.10.21 (linux)
23:55:08.006 [Test worker] DEBUG com.github.dockerjava.zerodep.shaded.org.apache.hc.client5.http.headers - http-outgoing-2 << Transfer-Encoding: chunked
23:55:08.006 [Test worker] DEBUG com.github.dockerjava.zerodep.shaded.org.apache.hc.client5.http.impl.classic.MainClientExec - ex-00000036: connection can be kept alive for 3 MINUTES
23:55:08.009 [Test worker] DEBUG com.github.dockerjava.zerodep.shaded.org.apache.hc.client5.http.wire - http-outgoing-2 << "18c1[\r][\n]"
23:55:08.009 [Test worker] DEBUG com.github.dockerjava.zerodep.shaded.org.apache.hc.client5.http.wire - http-outgoing-2 << "{"Id":"c37a42694b7d1cff581f5e7b89a60b044af4721181408c271e821f1413201ca6","Created":"2023-03-27T02:55:02.49734542Z","Path":"docker-entrypoint.sh","Args":["mysqld"],"State":{"Status":"running","Running":true,"Paused":false,"Restarting":false,"OOMKilled":false,"Dead":false,"Pid":18342,"ExitCode":0,"Error":"","StartedAt":"2023-03-27T02:55:03.12719392Z","FinishedAt":"0001-01-01T00:00:00Z"},"Image":"sha256:c7c54c29e20dccc1aefb936c8eba8bb8b98b87a4921102aba87fde2df5810af9","ResolvConfPath":"/var/lib/docker/containers/c37a42694b7d1cff581f5e7b89a60b044af4721181408c271e821f1413201ca6/resolv.conf","HostnamePath":"/var/lib/docker/containers/c37a42694b7d1cff581f5e7b89a60b044af4721181408c271e821f1413201ca6/hostname","HostsPath":"/var/lib/docker/containers/c37a42694b7d1cff581f5e7b89a60b044af4721181408c271e821f1413201ca6/hosts","LogPath":"/var/lib/docker/containers/c37a42694b7d1cff581f5e7b89a60b044af4721181408c271e821f1413201ca6/c37a42694b7d1cff581f5e7b89a60b044af4721181408c271e821f1413201ca6-json.log","Name":"/elegant_mahavira","RestartCount":0,"Driver":"overlay2","Platform":"linux","MountLabel":"","ProcessLabel":"","AppArmorProfile":"","ExecIDs":null,"HostConfig":{"Binds":[],"ContainerIDFile":"","LogConfig":{"Type":"json-file","Config":{}},"NetworkMode":"default","PortBindings":{"3306/tcp":[{"HostIp":"0.0.0.0","HostPort":"0"}]},"RestartPolicy":{"Name":"","MaximumRetryCount":0},"AutoRemove":false,"VolumeDriver":"","VolumesFrom":[],"CapAdd":null,"CapDrop":null,"CgroupnsMode":"private","Dns":null,"DnsOptions":null,"DnsSearch":null,"ExtraHosts":[],"GroupAdd":null,"IpcMode":"shareable","Cgroup":"","Links":null,"OomScoreAdj":0,"PidMode":"","Privileged":false,"PublishAllPorts":false,"ReadonlyRootfs":false,"SecurityOpt":null,"UTSMode":"","UsernsMode":"","ShmSize":67108864,"Runtime":"runc","ConsoleSize":[0,0],"Isolation":"","CpuShares":0,"Memory":0,"NanoCpus":0,"CgroupParent":"","BlkioWeight":0,"BlkioWeightDevice":null,"BlkioDeviceReadBps":null,"BlkioDeviceWriteBps":null,"BlkioDeviceReadIOps":null,"BlkioDeviceWriteIOps":null,"CpuPeriod":0,"CpuQuota":0,"CpuRealtimePeriod":0,"CpuRealtimeRuntime":0,"CpusetCpus":"","CpusetMems":"","Devices":null,"DeviceCgroupRules":null,"DeviceRequests":null,"KernelMemory":0,"KernelMemoryTCP":0,"MemoryReservation":0,"MemorySwap":0,"MemorySwappiness":null,"OomKillDisable":null,"PidsLimit":null,"Ulimits":null,"CpuCount":0,"CpuPercent":0,"IOMaximumIOps":0,"IOMaximumBandwidth":0,"MaskedPaths":["/proc/asound","/proc/acpi","/proc/kcore","/proc/keys","/proc/latency_stats","/proc/timer_list","/proc/timer_stats","/proc/sched_debug","/proc/scsi","/sys/firmware"],"ReadonlyPaths":["/proc/bus","/proc/fs","/proc/irq","/proc/sys","/proc/sysrq-trigger"]},"GraphDriver":{"Data":{"LowerDir":"/var/lib/docker/overlay2/2c15a904a49807090175d7750f18e0f6a57e99c38a424839679cbaf676a4d500-init/diff:/var/lib/docker/overlay2/1bd8849d7a296305617011f940aa5cfabbe972a513397b1b6bbc27639b6c1f30/diff:/var/lib/docker/overlay2/199d69b2fbf78af4d4c95dec4fd2f8835ab0347eb49fb20ebb2ff3b99fedd6ad/diff:/var/lib/docker/overlay2/d83c38d654989311f75b9491329846033bfb7714de76ef635380dcfad5c740d9/diff:/var/lib/docker/overlay2/08600d0aea2ab2728bebcf5d2589c640a842f53d1ba3c4a4adccb4d03b923cf6/diff:/var/lib/docker/overlay2/9ec7c63a3fb14d13ac788bbf5e282ca821edc41260b79944e5e631037d13ecda/diff:/var/lib/docker/overlay2/db601d7a1b4ea6da638db620462f0da96fa55c559d02269c9ddb09027936ed87/diff:/var/lib/docker/overlay2/a6d2bd03f942e2565f21e74cfe152c7ec836a1c2b583f0790c685b92bdcfda24/diff:/var/lib/docker/overlay2/9badd16ea2c5e2bf1fde8b579683e41137dfc46ed5449234149f199a6751cc84/diff:/var/lib/docker/overlay2/6efb85646ed12e2d1181ef4cc6f6f6732c00c15a4035fe17ebc4f075ca573c30/diff:/var/lib/docker/overlay2/895d7c0ec09144d6ed33936f4e98e11c18010f7abd708cae1ce43aec7a7f2621/diff:/var/lib/docker/overlay2/1c4ba77aa573ab6e5e5069fd15eae71b3da940bde0f97a922a227ffc8a1d1096/diff","MergedDir":"/var/lib/docker/overlay2/2c15a904a49807090175d7750f18e0f6a57e99c38a424839679cbaf676a4d500/merged","UpperDir":"/var/lib/docker/overlay2/2c15a904a49807090175d7750f18e0f6a57e99c38a424839679cbaf676a4d500/diff","WorkDir":"/var/lib/docker/overlay2/2c15a904a49807090175d7750f18e0f6a57e99c38a424839679cbaf676a4d500/work"},"Name":"overlay2"},"Mounts":[{"Type":"volume","Name":"44a9389ce95a2961210e86afd6afe42b23405f43157b5dc00e010d283c01df79","Source":"/var/lib/docker/volumes/44a9389ce95a2961210e86afd6afe42b23405f43157b5dc00e010d283c01df79/_data","Destination":"/var/lib/mysql","Driver":"local","Mode":"","RW":true,"Propagation":""}],"Config":{"Hostname":"c37a42694b7d","Domainname":"","User":"","AttachStdin":false,"AttachStdout":false,"AttachStderr":false,"ExposedPorts":{"3306/tcp":{},"33060/tcp":{}},"Tty":false,"OpenStdin":false,"StdinOnce":false,"Env":["MYSQL_DATABASE=adm_videos","MYSQL_PASSWORD=123456","MYSQL_ROOT_PASSWORD=123456","PATH=/usr/local/sbin:/usr/local/bin:/usr/sbin:/usr/bin:/sbin:/bin","GOSU_VERSION=1.16","MYSQL_MAJOR=8.0","MYSQL_VERSION=8.0.32-1.el8","MYSQL_SHELL_VERSION=8.0.32-1.el8"],"Cmd":["mysqld"],"Image":"mysql:latest","Volumes":{"/var/lib/mysql":{}},"WorkingDir":"","Entrypoint":["docker-entrypoint.sh"],"OnBuild":null,"Labels":{"org.testcontainers":"true","org.testcontainers.lang":"java","org.testcontainers.sessionId":"818a13d9-e138-4e41-b5a4-74fd927e6a2d","org.testcontainers.version":"1.17.6"}},"NetworkSettings":{"Bridge":"","SandboxID":"bd1f3a626f226e407a1a406212013b21c93b302c93f9fd53a405b7fc5ff825b3","HairpinMode":false,"LinkLocalIPv6Address":"","LinkLocalIPv6PrefixLen":0,"Ports":{"3306/tcp":[{"HostIp":"0.0.0.0","HostPort":"56289"}],"33060/tcp":null},"SandboxKey":"/var/run/docker/netns/bd1f3a626f22","SecondaryIPAddresses":null,"SecondaryIPv6Addresses":null,"EndpointID":"a2b725c0c5ce4503f8e45e0c2adc4455b29a53a4866d3f23b2bce893a084641f","Gateway":"172.17.0.1","GlobalIPv6Address":"","GlobalIPv6PrefixLen":0,"IPAddress":"172.17.0.3","IPPrefixLen":16,"IPv6Gateway":"","MacAddress":"02:42:ac:11:00:03","Networks":{"bridge":{"IPAMConfig":null,"Links":null,"Aliases":null,"NetworkID":"308e234c143065751b16b4500cb9f48d5c7fc2116504b3d816a5e51cd4771062","EndpointID":"a2b725c0c5ce4503f8e45e0c2adc4455b29a53a4866d3f23b2bce893a084641f","Gateway":"172.17.0.1","IPAddress":"172.17.0.3","IPPrefixLen":16,"IPv6Gateway":"","GlobalIPv6Address":"","GlobalIPv6PrefixLen":0,"MacAddress":"02:42:ac:11:00:03","DriverOpts":null}}}}[\n]"
23:55:08.009 [Test worker] DEBUG com.github.dockerjava.zerodep.shaded.org.apache.hc.client5.http.wire - http-outgoing-2 << "[\r][\n]"
23:55:08.010 [Test worker] DEBUG com.github.dockerjava.zerodep.shaded.org.apache.hc.client5.http.wire - http-outgoing-2 << "0[\r][\n]"
23:55:08.010 [Test worker] DEBUG com.github.dockerjava.zerodep.shaded.org.apache.hc.client5.http.wire - http-outgoing-2 << "[\r][\n]"
23:55:08.010 [Test worker] DEBUG com.github.dockerjava.zerodep.shaded.org.apache.hc.client5.http.impl.classic.InternalHttpClient - ep-00000035: releasing valid endpoint
23:55:08.010 [Test worker] DEBUG com.github.dockerjava.zerodep.shaded.org.apache.hc.client5.http.impl.io.PoolingHttpClientConnectionManager - ep-00000035: releasing endpoint
23:55:08.010 [Test worker] DEBUG com.github.dockerjava.zerodep.shaded.org.apache.hc.client5.http.impl.io.PoolingHttpClientConnectionManager - ep-00000035: connection http-outgoing-2 can be kept alive for 3 MINUTES
23:55:08.010 [Test worker] DEBUG com.github.dockerjava.zerodep.shaded.org.apache.hc.client5.http.impl.io.PoolingHttpClientConnectionManager - ep-00000035: connection released [route: {}->unix://localhost:2375][total available: 1; route allocated: 1 of 2147483647; total allocated: 1 of 2147483647]
23:55:08.010 [Test worker] DEBUG ]]>&#x1f433;<![CDATA[ [mysql:latest] - Trying to create JDBC connection using com.mysql.cj.jdbc.Driver to jdbc:mysql://localhost:56289/adm_videos?useSSL=false&allowPublicKeyRetrieval=true with properties: {password=123456, user=root}
23:55:08.119 [Test worker] DEBUG org.testcontainers.shaded.com.github.dockerjava.core.command.AbstrDockerCmd - Cmd: c37a42694b7d1cff581f5e7b89a60b044af4721181408c271e821f1413201ca6,false
23:55:08.119 [Test worker] DEBUG org.testcontainers.shaded.com.github.dockerjava.core.exec.InspectContainerCmdExec - GET: DefaultWebTarget{path=[/containers/c37a42694b7d1cff581f5e7b89a60b044af4721181408c271e821f1413201ca6/json], queryParams={}}
23:55:08.120 [Test worker] DEBUG com.github.dockerjava.zerodep.shaded.org.apache.hc.client5.http.impl.classic.InternalHttpClient - ex-00000037: preparing request execution
23:55:08.120 [Test worker] DEBUG com.github.dockerjava.zerodep.shaded.org.apache.hc.client5.http.protocol.RequestAddCookies - Cookie spec selected: strict
23:55:08.120 [Test worker] DEBUG com.github.dockerjava.zerodep.shaded.org.apache.hc.client5.http.protocol.RequestAuthCache - Auth cache not set in the context
23:55:08.120 [Test worker] DEBUG com.github.dockerjava.zerodep.shaded.org.apache.hc.client5.http.impl.classic.ProtocolExec - ex-00000037: target auth state: UNCHALLENGED
23:55:08.120 [Test worker] DEBUG com.github.dockerjava.zerodep.shaded.org.apache.hc.client5.http.impl.classic.ProtocolExec - ex-00000037: proxy auth state: UNCHALLENGED
23:55:08.120 [Test worker] DEBUG com.github.dockerjava.zerodep.shaded.org.apache.hc.client5.http.impl.classic.ConnectExec - ex-00000037: acquiring connection with route {}->unix://localhost:2375
23:55:08.120 [Test worker] DEBUG com.github.dockerjava.zerodep.shaded.org.apache.hc.client5.http.impl.classic.InternalHttpClient - ex-00000037: acquiring endpoint (3 MINUTES)
23:55:08.120 [Test worker] DEBUG com.github.dockerjava.zerodep.shaded.org.apache.hc.client5.http.impl.io.PoolingHttpClientConnectionManager - ex-00000037: endpoint lease request (3 MINUTES) [route: {}->unix://localhost:2375][total available: 1; route allocated: 1 of 2147483647; total allocated: 1 of 2147483647]
23:55:08.120 [Test worker] DEBUG com.github.dockerjava.zerodep.shaded.org.apache.hc.client5.http.impl.io.PoolingHttpClientConnectionManager - ex-00000037: endpoint leased [route: {}->unix://localhost:2375][total available: 0; route allocated: 1 of 2147483647; total allocated: 1 of 2147483647]
23:55:08.120 [Test worker] DEBUG com.github.dockerjava.zerodep.shaded.org.apache.hc.client5.http.impl.io.PoolingHttpClientConnectionManager - ex-00000037: acquired ep-00000036
23:55:08.120 [Test worker] DEBUG com.github.dockerjava.zerodep.shaded.org.apache.hc.client5.http.impl.classic.InternalHttpClient - ex-00000037: acquired endpoint ep-00000036
23:55:08.120 [Test worker] DEBUG com.github.dockerjava.zerodep.shaded.org.apache.hc.client5.http.impl.classic.MainClientExec - ex-00000037: executing GET /v1.32/containers/c37a42694b7d1cff581f5e7b89a60b044af4721181408c271e821f1413201ca6/json HTTP/1.1
23:55:08.120 [Test worker] DEBUG com.github.dockerjava.zerodep.shaded.org.apache.hc.client5.http.impl.classic.InternalHttpClient - ep-00000036: start execution ex-00000037
23:55:08.120 [Test worker] DEBUG com.github.dockerjava.zerodep.shaded.org.apache.hc.client5.http.impl.io.PoolingHttpClientConnectionManager - ep-00000036: executing exchange ex-00000037 over http-outgoing-2
23:55:08.120 [Test worker] DEBUG com.github.dockerjava.zerodep.shaded.org.apache.hc.client5.http.headers - http-outgoing-2 >> GET /v1.32/containers/c37a42694b7d1cff581f5e7b89a60b044af4721181408c271e821f1413201ca6/json HTTP/1.1
23:55:08.120 [Test worker] DEBUG com.github.dockerjava.zerodep.shaded.org.apache.hc.client5.http.headers - http-outgoing-2 >> accept: application/json
23:55:08.120 [Test worker] DEBUG com.github.dockerjava.zerodep.shaded.org.apache.hc.client5.http.headers - http-outgoing-2 >> x-tc-sid: 818a13d9-e138-4e41-b5a4-74fd927e6a2d
23:55:08.120 [Test worker] DEBUG com.github.dockerjava.zerodep.shaded.org.apache.hc.client5.http.headers - http-outgoing-2 >> Accept-Encoding: gzip, x-gzip, deflate
23:55:08.120 [Test worker] DEBUG com.github.dockerjava.zerodep.shaded.org.apache.hc.client5.http.headers - http-outgoing-2 >> Host: localhost:2375
23:55:08.120 [Test worker] DEBUG com.github.dockerjava.zerodep.shaded.org.apache.hc.client5.http.headers - http-outgoing-2 >> Connection: keep-alive
23:55:08.120 [Test worker] DEBUG com.github.dockerjava.zerodep.shaded.org.apache.hc.client5.http.headers - http-outgoing-2 >> User-Agent: Apache-HttpClient/5.0.3 (Java/17.0.2)
23:55:08.120 [Test worker] DEBUG com.github.dockerjava.zerodep.shaded.org.apache.hc.client5.http.wire - http-outgoing-2 >> "GET /v1.32/containers/c37a42694b7d1cff581f5e7b89a60b044af4721181408c271e821f1413201ca6/json HTTP/1.1[\r][\n]"
23:55:08.120 [Test worker] DEBUG com.github.dockerjava.zerodep.shaded.org.apache.hc.client5.http.wire - http-outgoing-2 >> "accept: application/json[\r][\n]"
23:55:08.120 [Test worker] DEBUG com.github.dockerjava.zerodep.shaded.org.apache.hc.client5.http.wire - http-outgoing-2 >> "x-tc-sid: 818a13d9-e138-4e41-b5a4-74fd927e6a2d[\r][\n]"
23:55:08.120 [Test worker] DEBUG com.github.dockerjava.zerodep.shaded.org.apache.hc.client5.http.wire - http-outgoing-2 >> "Accept-Encoding: gzip, x-gzip, deflate[\r][\n]"
23:55:08.120 [Test worker] DEBUG com.github.dockerjava.zerodep.shaded.org.apache.hc.client5.http.wire - http-outgoing-2 >> "Host: localhost:2375[\r][\n]"
23:55:08.120 [Test worker] DEBUG com.github.dockerjava.zerodep.shaded.org.apache.hc.client5.http.wire - http-outgoing-2 >> "Connection: keep-alive[\r][\n]"
23:55:08.120 [Test worker] DEBUG com.github.dockerjava.zerodep.shaded.org.apache.hc.client5.http.wire - http-outgoing-2 >> "User-Agent: Apache-HttpClient/5.0.3 (Java/17.0.2)[\r][\n]"
23:55:08.120 [Test worker] DEBUG com.github.dockerjava.zerodep.shaded.org.apache.hc.client5.http.wire - http-outgoing-2 >> "[\r][\n]"
23:55:08.123 [Test worker] DEBUG com.github.dockerjava.zerodep.shaded.org.apache.hc.client5.http.wire - http-outgoing-2 << "HTTP/1.1 200 OK[\r][\n]"
23:55:08.123 [Test worker] DEBUG com.github.dockerjava.zerodep.shaded.org.apache.hc.client5.http.wire - http-outgoing-2 << "Api-Version: 1.41[\r][\n]"
23:55:08.123 [Test worker] DEBUG com.github.dockerjava.zerodep.shaded.org.apache.hc.client5.http.wire - http-outgoing-2 << "Content-Type: application/json[\r][\n]"
23:55:08.123 [Test worker] DEBUG com.github.dockerjava.zerodep.shaded.org.apache.hc.client5.http.wire - http-outgoing-2 << "Date: Mon, 27 Mar 2023 02:55:08 GMT[\r][\n]"
23:55:08.123 [Test worker] DEBUG com.github.dockerjava.zerodep.shaded.org.apache.hc.client5.http.wire - http-outgoing-2 << "Docker-Experimental: false[\r][\n]"
23:55:08.123 [Test worker] DEBUG com.github.dockerjava.zerodep.shaded.org.apache.hc.client5.http.wire - http-outgoing-2 << "Ostype: linux[\r][\n]"
23:55:08.123 [Test worker] DEBUG com.github.dockerjava.zerodep.shaded.org.apache.hc.client5.http.wire - http-outgoing-2 << "Server: Docker/20.10.21 (linux)[\r][\n]"
23:55:08.123 [Test worker] DEBUG com.github.dockerjava.zerodep.shaded.org.apache.hc.client5.http.wire - http-outgoing-2 << "Transfer-Encoding: chunked[\r][\n]"
23:55:08.123 [Test worker] DEBUG com.github.dockerjava.zerodep.shaded.org.apache.hc.client5.http.wire - http-outgoing-2 << "[\r][\n]"
23:55:08.123 [Test worker] DEBUG com.github.dockerjava.zerodep.shaded.org.apache.hc.client5.http.headers - http-outgoing-2 << HTTP/1.1 200 OK
23:55:08.123 [Test worker] DEBUG com.github.dockerjava.zerodep.shaded.org.apache.hc.client5.http.headers - http-outgoing-2 << Api-Version: 1.41
23:55:08.123 [Test worker] DEBUG com.github.dockerjava.zerodep.shaded.org.apache.hc.client5.http.headers - http-outgoing-2 << Content-Type: application/json
23:55:08.123 [Test worker] DEBUG com.github.dockerjava.zerodep.shaded.org.apache.hc.client5.http.headers - http-outgoing-2 << Date: Mon, 27 Mar 2023 02:55:08 GMT
23:55:08.123 [Test worker] DEBUG com.github.dockerjava.zerodep.shaded.org.apache.hc.client5.http.headers - http-outgoing-2 << Docker-Experimental: false
23:55:08.123 [Test worker] DEBUG com.github.dockerjava.zerodep.shaded.org.apache.hc.client5.http.headers - http-outgoing-2 << Ostype: linux
23:55:08.123 [Test worker] DEBUG com.github.dockerjava.zerodep.shaded.org.apache.hc.client5.http.headers - http-outgoing-2 << Server: Docker/20.10.21 (linux)
23:55:08.123 [Test worker] DEBUG com.github.dockerjava.zerodep.shaded.org.apache.hc.client5.http.headers - http-outgoing-2 << Transfer-Encoding: chunked
23:55:08.123 [Test worker] DEBUG com.github.dockerjava.zerodep.shaded.org.apache.hc.client5.http.impl.classic.MainClientExec - ex-00000037: connection can be kept alive for 3 MINUTES
23:55:08.124 [Test worker] DEBUG com.github.dockerjava.zerodep.shaded.org.apache.hc.client5.http.wire - http-outgoing-2 << "18c1[\r][\n]"
23:55:08.124 [Test worker] DEBUG com.github.dockerjava.zerodep.shaded.org.apache.hc.client5.http.wire - http-outgoing-2 << "{"Id":"c37a42694b7d1cff581f5e7b89a60b044af4721181408c271e821f1413201ca6","Created":"2023-03-27T02:55:02.49734542Z","Path":"docker-entrypoint.sh","Args":["mysqld"],"State":{"Status":"running","Running":true,"Paused":false,"Restarting":false,"OOMKilled":false,"Dead":false,"Pid":18342,"ExitCode":0,"Error":"","StartedAt":"2023-03-27T02:55:03.12719392Z","FinishedAt":"0001-01-01T00:00:00Z"},"Image":"sha256:c7c54c29e20dccc1aefb936c8eba8bb8b98b87a4921102aba87fde2df5810af9","ResolvConfPath":"/var/lib/docker/containers/c37a42694b7d1cff581f5e7b89a60b044af4721181408c271e821f1413201ca6/resolv.conf","HostnamePath":"/var/lib/docker/containers/c37a42694b7d1cff581f5e7b89a60b044af4721181408c271e821f1413201ca6/hostname","HostsPath":"/var/lib/docker/containers/c37a42694b7d1cff581f5e7b89a60b044af4721181408c271e821f1413201ca6/hosts","LogPath":"/var/lib/docker/containers/c37a42694b7d1cff581f5e7b89a60b044af4721181408c271e821f1413201ca6/c37a42694b7d1cff581f5e7b89a60b044af4721181408c271e821f1413201ca6-json.log","Name":"/elegant_mahavira","RestartCount":0,"Driver":"overlay2","Platform":"linux","MountLabel":"","ProcessLabel":"","AppArmorProfile":"","ExecIDs":null,"HostConfig":{"Binds":[],"ContainerIDFile":"","LogConfig":{"Type":"json-file","Config":{}},"NetworkMode":"default","PortBindings":{"3306/tcp":[{"HostIp":"0.0.0.0","HostPort":"0"}]},"RestartPolicy":{"Name":"","MaximumRetryCount":0},"AutoRemove":false,"VolumeDriver":"","VolumesFrom":[],"CapAdd":null,"CapDrop":null,"CgroupnsMode":"private","Dns":null,"DnsOptions":null,"DnsSearch":null,"ExtraHosts":[],"GroupAdd":null,"IpcMode":"shareable","Cgroup":"","Links":null,"OomScoreAdj":0,"PidMode":"","Privileged":false,"PublishAllPorts":false,"ReadonlyRootfs":false,"SecurityOpt":null,"UTSMode":"","UsernsMode":"","ShmSize":67108864,"Runtime":"runc","ConsoleSize":[0,0],"Isolation":"","CpuShares":0,"Memory":0,"NanoCpus":0,"CgroupParent":"","BlkioWeight":0,"BlkioWeightDevice":null,"BlkioDeviceReadBps":null,"BlkioDeviceWriteBps":null,"BlkioDeviceReadIOps":null,"BlkioDeviceWriteIOps":null,"CpuPeriod":0,"CpuQuota":0,"CpuRealtimePeriod":0,"CpuRealtimeRuntime":0,"CpusetCpus":"","CpusetMems":"","Devices":null,"DeviceCgroupRules":null,"DeviceRequests":null,"KernelMemory":0,"KernelMemoryTCP":0,"MemoryReservation":0,"MemorySwap":0,"MemorySwappiness":null,"OomKillDisable":null,"PidsLimit":null,"Ulimits":null,"CpuCount":0,"CpuPercent":0,"IOMaximumIOps":0,"IOMaximumBandwidth":0,"MaskedPaths":["/proc/asound","/proc/acpi","/proc/kcore","/proc/keys","/proc/latency_stats","/proc/timer_list","/proc/timer_stats","/proc/sched_debug","/proc/scsi","/sys/firmware"],"ReadonlyPaths":["/proc/bus","/proc/fs","/proc/irq","/proc/sys","/proc/sysrq-trigger"]},"GraphDriver":{"Data":{"LowerDir":"/var/lib/docker/overlay2/2c15a904a49807090175d7750f18e0f6a57e99c38a424839679cbaf676a4d500-init/diff:/var/lib/docker/overlay2/1bd8849d7a296305617011f940aa5cfabbe972a513397b1b6bbc27639b6c1f30/diff:/var/lib/docker/overlay2/199d69b2fbf78af4d4c95dec4fd2f8835ab0347eb49fb20ebb2ff3b99fedd6ad/diff:/var/lib/docker/overlay2/d83c38d654989311f75b9491329846033bfb7714de76ef635380dcfad5c740d9/diff:/var/lib/docker/overlay2/08600d0aea2ab2728bebcf5d2589c640a842f53d1ba3c4a4adccb4d03b923cf6/diff:/var/lib/docker/overlay2/9ec7c63a3fb14d13ac788bbf5e282ca821edc41260b79944e5e631037d13ecda/diff:/var/lib/docker/overlay2/db601d7a1b4ea6da638db620462f0da96fa55c559d02269c9ddb09027936ed87/diff:/var/lib/docker/overlay2/a6d2bd03f942e2565f21e74cfe152c7ec836a1c2b583f0790c685b92bdcfda24/diff:/var/lib/docker/overlay2/9badd16ea2c5e2bf1fde8b579683e41137dfc46ed5449234149f199a6751cc84/diff:/var/lib/docker/overlay2/6efb85646ed12e2d1181ef4cc6f6f6732c00c15a4035fe17ebc4f075ca573c30/diff:/var/lib/docker/overlay2/895d7c0ec09144d6ed33936f4e98e11c18010f7abd708cae1ce43aec7a7f2621/diff:/var/lib/docker/overlay2/1c4ba77aa573ab6e5e5069fd15eae71b3da940bde0f97a922a227ffc8a1d1096/diff","MergedDir":"/var/lib/docker/overlay2/2c15a904a49807090175d7750f18e0f6a57e99c38a424839679cbaf676a4d500/merged","UpperDir":"/var/lib/docker/overlay2/2c15a904a49807090175d7750f18e0f6a57e99c38a424839679cbaf676a4d500/diff","WorkDir":"/var/lib/docker/overlay2/2c15a904a49807090175d7750f18e0f6a57e99c38a424839679cbaf676a4d500/work"},"Name":"overlay2"},"Mounts":[{"Type":"volume","Name":"44a9389ce95a2961210e86afd6afe42b23405f43157b5dc00e010d283c01df79","Source":"/var/lib/docker/volumes/44a9389ce95a2961210e86afd6afe42b23405f43157b5dc00e010d283c01df79/_data","Destination":"/var/lib/mysql","Driver":"local","Mode":"","RW":true,"Propagation":""}],"Config":{"Hostname":"c37a42694b7d","Domainname":"","User":"","AttachStdin":false,"AttachStdout":false,"AttachStderr":false,"ExposedPorts":{"3306/tcp":{},"33060/tcp":{}},"Tty":false,"OpenStdin":false,"StdinOnce":false,"Env":["MYSQL_DATABASE=adm_videos","MYSQL_PASSWORD=123456","MYSQL_ROOT_PASSWORD=123456","PATH=/usr/local/sbin:/usr/local/bin:/usr/sbin:/usr/bin:/sbin:/bin","GOSU_VERSION=1.16","MYSQL_MAJOR=8.0","MYSQL_VERSION=8.0.32-1.el8","MYSQL_SHELL_VERSION=8.0.32-1.el8"],"Cmd":["mysqld"],"Image":"mysql:latest","Volumes":{"/var/lib/mysql":{}},"WorkingDir":"","Entrypoint":["docker-entrypoint.sh"],"OnBuild":null,"Labels":{"org.testcontainers":"true","org.testcontainers.lang":"java","org.testcontainers.sessionId":"818a13d9-e138-4e41-b5a4-74fd927e6a2d","org.testcontainers.version":"1.17.6"}},"NetworkSettings":{"Bridge":"","SandboxID":"bd1f3a626f226e407a1a406212013b21c93b302c93f9fd53a405b7fc5ff825b3","HairpinMode":false,"LinkLocalIPv6Address":"","LinkLocalIPv6PrefixLen":0,"Ports":{"3306/tcp":[{"HostIp":"0.0.0.0","HostPort":"56289"}],"33060/tcp":null},"SandboxKey":"/var/run/docker/netns/bd1f3a626f22","SecondaryIPAddresses":null,"SecondaryIPv6Addresses":null,"EndpointID":"a2b725c0c5ce4503f8e45e0c2adc4455b29a53a4866d3f23b2bce893a084641f","Gateway":"172.17.0.1","GlobalIPv6Address":"","GlobalIPv6PrefixLen":0,"IPAddress":"172.17.0.3","IPPrefixLen":16,"IPv6Gateway":"","MacAddress":"02:42:ac:11:00:03","Networks":{"bridge":{"IPAMConfig":null,"Links":null,"Aliases":null,"NetworkID":"308e234c143065751b16b4500cb9f48d5c7fc2116504b3d816a5e51cd4771062","EndpointID":"a2b725c0c5ce4503f8e45e0c2adc4455b29a53a4866d3f23b2bce893a084641f","Gateway":"172.17.0.1","IPAddress":"172.17.0.3","IPPrefixLen":16,"IPv6Gateway":"","GlobalIPv6Address":"","GlobalIPv6PrefixLen":0,"MacAddress":"02:42:ac:11:00:03","DriverOpts":null}}}}[\n]"
23:55:08.124 [Test worker] DEBUG com.github.dockerjava.zerodep.shaded.org.apache.hc.client5.http.wire - http-outgoing-2 << "[\r][\n]"
23:55:08.125 [Test worker] DEBUG com.github.dockerjava.zerodep.shaded.org.apache.hc.client5.http.wire - http-outgoing-2 << "0[\r][\n]"
23:55:08.125 [Test worker] DEBUG com.github.dockerjava.zerodep.shaded.org.apache.hc.client5.http.wire - http-outgoing-2 << "[\r][\n]"
23:55:08.125 [Test worker] DEBUG com.github.dockerjava.zerodep.shaded.org.apache.hc.client5.http.impl.classic.InternalHttpClient - ep-00000036: releasing valid endpoint
23:55:08.125 [Test worker] DEBUG com.github.dockerjava.zerodep.shaded.org.apache.hc.client5.http.impl.io.PoolingHttpClientConnectionManager - ep-00000036: releasing endpoint
23:55:08.125 [Test worker] DEBUG com.github.dockerjava.zerodep.shaded.org.apache.hc.client5.http.impl.io.PoolingHttpClientConnectionManager - ep-00000036: connection http-outgoing-2 can be kept alive for 3 MINUTES
23:55:08.125 [Test worker] DEBUG com.github.dockerjava.zerodep.shaded.org.apache.hc.client5.http.impl.io.PoolingHttpClientConnectionManager - ep-00000036: connection released [route: {}->unix://localhost:2375][total available: 1; route allocated: 1 of 2147483647; total allocated: 1 of 2147483647]
23:55:08.126 [Test worker] DEBUG ]]>&#x1f433;<![CDATA[ [mysql:latest] - Trying to create JDBC connection using com.mysql.cj.jdbc.Driver to jdbc:mysql://localhost:56289/adm_videos?useSSL=false&allowPublicKeyRetrieval=true with properties: {password=123456, user=root}
23:55:08.233 [Test worker] DEBUG org.testcontainers.shaded.com.github.dockerjava.core.command.AbstrDockerCmd - Cmd: c37a42694b7d1cff581f5e7b89a60b044af4721181408c271e821f1413201ca6,false
23:55:08.234 [Test worker] DEBUG org.testcontainers.shaded.com.github.dockerjava.core.exec.InspectContainerCmdExec - GET: DefaultWebTarget{path=[/containers/c37a42694b7d1cff581f5e7b89a60b044af4721181408c271e821f1413201ca6/json], queryParams={}}
23:55:08.235 [Test worker] DEBUG com.github.dockerjava.zerodep.shaded.org.apache.hc.client5.http.impl.classic.InternalHttpClient - ex-00000038: preparing request execution
23:55:08.235 [Test worker] DEBUG com.github.dockerjava.zerodep.shaded.org.apache.hc.client5.http.protocol.RequestAddCookies - Cookie spec selected: strict
23:55:08.235 [Test worker] DEBUG com.github.dockerjava.zerodep.shaded.org.apache.hc.client5.http.protocol.RequestAuthCache - Auth cache not set in the context
23:55:08.235 [Test worker] DEBUG com.github.dockerjava.zerodep.shaded.org.apache.hc.client5.http.impl.classic.ProtocolExec - ex-00000038: target auth state: UNCHALLENGED
23:55:08.235 [Test worker] DEBUG com.github.dockerjava.zerodep.shaded.org.apache.hc.client5.http.impl.classic.ProtocolExec - ex-00000038: proxy auth state: UNCHALLENGED
23:55:08.235 [Test worker] DEBUG com.github.dockerjava.zerodep.shaded.org.apache.hc.client5.http.impl.classic.ConnectExec - ex-00000038: acquiring connection with route {}->unix://localhost:2375
23:55:08.235 [Test worker] DEBUG com.github.dockerjava.zerodep.shaded.org.apache.hc.client5.http.impl.classic.InternalHttpClient - ex-00000038: acquiring endpoint (3 MINUTES)
23:55:08.235 [Test worker] DEBUG com.github.dockerjava.zerodep.shaded.org.apache.hc.client5.http.impl.io.PoolingHttpClientConnectionManager - ex-00000038: endpoint lease request (3 MINUTES) [route: {}->unix://localhost:2375][total available: 1; route allocated: 1 of 2147483647; total allocated: 1 of 2147483647]
23:55:08.236 [Test worker] DEBUG com.github.dockerjava.zerodep.shaded.org.apache.hc.client5.http.impl.io.PoolingHttpClientConnectionManager - ex-00000038: endpoint leased [route: {}->unix://localhost:2375][total available: 0; route allocated: 1 of 2147483647; total allocated: 1 of 2147483647]
23:55:08.236 [Test worker] DEBUG com.github.dockerjava.zerodep.shaded.org.apache.hc.client5.http.impl.io.PoolingHttpClientConnectionManager - ex-00000038: acquired ep-00000037
23:55:08.236 [Test worker] DEBUG com.github.dockerjava.zerodep.shaded.org.apache.hc.client5.http.impl.classic.InternalHttpClient - ex-00000038: acquired endpoint ep-00000037
23:55:08.236 [Test worker] DEBUG com.github.dockerjava.zerodep.shaded.org.apache.hc.client5.http.impl.classic.MainClientExec - ex-00000038: executing GET /v1.32/containers/c37a42694b7d1cff581f5e7b89a60b044af4721181408c271e821f1413201ca6/json HTTP/1.1
23:55:08.236 [Test worker] DEBUG com.github.dockerjava.zerodep.shaded.org.apache.hc.client5.http.impl.classic.InternalHttpClient - ep-00000037: start execution ex-00000038
23:55:08.236 [Test worker] DEBUG com.github.dockerjava.zerodep.shaded.org.apache.hc.client5.http.impl.io.PoolingHttpClientConnectionManager - ep-00000037: executing exchange ex-00000038 over http-outgoing-2
23:55:08.236 [Test worker] DEBUG com.github.dockerjava.zerodep.shaded.org.apache.hc.client5.http.headers - http-outgoing-2 >> GET /v1.32/containers/c37a42694b7d1cff581f5e7b89a60b044af4721181408c271e821f1413201ca6/json HTTP/1.1
23:55:08.236 [Test worker] DEBUG com.github.dockerjava.zerodep.shaded.org.apache.hc.client5.http.headers - http-outgoing-2 >> accept: application/json
23:55:08.236 [Test worker] DEBUG com.github.dockerjava.zerodep.shaded.org.apache.hc.client5.http.headers - http-outgoing-2 >> x-tc-sid: 818a13d9-e138-4e41-b5a4-74fd927e6a2d
23:55:08.236 [Test worker] DEBUG com.github.dockerjava.zerodep.shaded.org.apache.hc.client5.http.headers - http-outgoing-2 >> Accept-Encoding: gzip, x-gzip, deflate
23:55:08.236 [Test worker] DEBUG com.github.dockerjava.zerodep.shaded.org.apache.hc.client5.http.headers - http-outgoing-2 >> Host: localhost:2375
23:55:08.236 [Test worker] DEBUG com.github.dockerjava.zerodep.shaded.org.apache.hc.client5.http.headers - http-outgoing-2 >> Connection: keep-alive
23:55:08.236 [Test worker] DEBUG com.github.dockerjava.zerodep.shaded.org.apache.hc.client5.http.headers - http-outgoing-2 >> User-Agent: Apache-HttpClient/5.0.3 (Java/17.0.2)
23:55:08.236 [Test worker] DEBUG com.github.dockerjava.zerodep.shaded.org.apache.hc.client5.http.wire - http-outgoing-2 >> "GET /v1.32/containers/c37a42694b7d1cff581f5e7b89a60b044af4721181408c271e821f1413201ca6/json HTTP/1.1[\r][\n]"
23:55:08.236 [Test worker] DEBUG com.github.dockerjava.zerodep.shaded.org.apache.hc.client5.http.wire - http-outgoing-2 >> "accept: application/json[\r][\n]"
23:55:08.236 [Test worker] DEBUG com.github.dockerjava.zerodep.shaded.org.apache.hc.client5.http.wire - http-outgoing-2 >> "x-tc-sid: 818a13d9-e138-4e41-b5a4-74fd927e6a2d[\r][\n]"
23:55:08.236 [Test worker] DEBUG com.github.dockerjava.zerodep.shaded.org.apache.hc.client5.http.wire - http-outgoing-2 >> "Accept-Encoding: gzip, x-gzip, deflate[\r][\n]"
23:55:08.236 [Test worker] DEBUG com.github.dockerjava.zerodep.shaded.org.apache.hc.client5.http.wire - http-outgoing-2 >> "Host: localhost:2375[\r][\n]"
23:55:08.236 [Test worker] DEBUG com.github.dockerjava.zerodep.shaded.org.apache.hc.client5.http.wire - http-outgoing-2 >> "Connection: keep-alive[\r][\n]"
23:55:08.236 [Test worker] DEBUG com.github.dockerjava.zerodep.shaded.org.apache.hc.client5.http.wire - http-outgoing-2 >> "User-Agent: Apache-HttpClient/5.0.3 (Java/17.0.2)[\r][\n]"
23:55:08.236 [Test worker] DEBUG com.github.dockerjava.zerodep.shaded.org.apache.hc.client5.http.wire - http-outgoing-2 >> "[\r][\n]"
23:55:08.240 [Test worker] DEBUG com.github.dockerjava.zerodep.shaded.org.apache.hc.client5.http.wire - http-outgoing-2 << "HTTP/1.1 200 OK[\r][\n]"
23:55:08.240 [Test worker] DEBUG com.github.dockerjava.zerodep.shaded.org.apache.hc.client5.http.wire - http-outgoing-2 << "Api-Version: 1.41[\r][\n]"
23:55:08.240 [Test worker] DEBUG com.github.dockerjava.zerodep.shaded.org.apache.hc.client5.http.wire - http-outgoing-2 << "Content-Type: application/json[\r][\n]"
23:55:08.240 [Test worker] DEBUG com.github.dockerjava.zerodep.shaded.org.apache.hc.client5.http.wire - http-outgoing-2 << "Date: Mon, 27 Mar 2023 02:55:08 GMT[\r][\n]"
23:55:08.240 [Test worker] DEBUG com.github.dockerjava.zerodep.shaded.org.apache.hc.client5.http.wire - http-outgoing-2 << "Docker-Experimental: false[\r][\n]"
23:55:08.240 [Test worker] DEBUG com.github.dockerjava.zerodep.shaded.org.apache.hc.client5.http.wire - http-outgoing-2 << "Ostype: linux[\r][\n]"
23:55:08.240 [Test worker] DEBUG com.github.dockerjava.zerodep.shaded.org.apache.hc.client5.http.wire - http-outgoing-2 << "Server: Docker/20.10.21 (linux)[\r][\n]"
23:55:08.240 [Test worker] DEBUG com.github.dockerjava.zerodep.shaded.org.apache.hc.client5.http.wire - http-outgoing-2 << "Transfer-Encoding: chunked[\r][\n]"
23:55:08.240 [Test worker] DEBUG com.github.dockerjava.zerodep.shaded.org.apache.hc.client5.http.wire - http-outgoing-2 << "[\r][\n]"
23:55:08.240 [Test worker] DEBUG com.github.dockerjava.zerodep.shaded.org.apache.hc.client5.http.headers - http-outgoing-2 << HTTP/1.1 200 OK
23:55:08.240 [Test worker] DEBUG com.github.dockerjava.zerodep.shaded.org.apache.hc.client5.http.headers - http-outgoing-2 << Api-Version: 1.41
23:55:08.240 [Test worker] DEBUG com.github.dockerjava.zerodep.shaded.org.apache.hc.client5.http.headers - http-outgoing-2 << Content-Type: application/json
23:55:08.240 [Test worker] DEBUG com.github.dockerjava.zerodep.shaded.org.apache.hc.client5.http.headers - http-outgoing-2 << Date: Mon, 27 Mar 2023 02:55:08 GMT
23:55:08.240 [Test worker] DEBUG com.github.dockerjava.zerodep.shaded.org.apache.hc.client5.http.headers - http-outgoing-2 << Docker-Experimental: false
23:55:08.240 [Test worker] DEBUG com.github.dockerjava.zerodep.shaded.org.apache.hc.client5.http.headers - http-outgoing-2 << Ostype: linux
23:55:08.240 [Test worker] DEBUG com.github.dockerjava.zerodep.shaded.org.apache.hc.client5.http.headers - http-outgoing-2 << Server: Docker/20.10.21 (linux)
23:55:08.240 [Test worker] DEBUG com.github.dockerjava.zerodep.shaded.org.apache.hc.client5.http.headers - http-outgoing-2 << Transfer-Encoding: chunked
23:55:08.240 [Test worker] DEBUG com.github.dockerjava.zerodep.shaded.org.apache.hc.client5.http.impl.classic.MainClientExec - ex-00000038: connection can be kept alive for 3 MINUTES
23:55:08.243 [Test worker] DEBUG com.github.dockerjava.zerodep.shaded.org.apache.hc.client5.http.wire - http-outgoing-2 << "18c1[\r][\n]"
23:55:08.243 [Test worker] DEBUG com.github.dockerjava.zerodep.shaded.org.apache.hc.client5.http.wire - http-outgoing-2 << "{"Id":"c37a42694b7d1cff581f5e7b89a60b044af4721181408c271e821f1413201ca6","Created":"2023-03-27T02:55:02.49734542Z","Path":"docker-entrypoint.sh","Args":["mysqld"],"State":{"Status":"running","Running":true,"Paused":false,"Restarting":false,"OOMKilled":false,"Dead":false,"Pid":18342,"ExitCode":0,"Error":"","StartedAt":"2023-03-27T02:55:03.12719392Z","FinishedAt":"0001-01-01T00:00:00Z"},"Image":"sha256:c7c54c29e20dccc1aefb936c8eba8bb8b98b87a4921102aba87fde2df5810af9","ResolvConfPath":"/var/lib/docker/containers/c37a42694b7d1cff581f5e7b89a60b044af4721181408c271e821f1413201ca6/resolv.conf","HostnamePath":"/var/lib/docker/containers/c37a42694b7d1cff581f5e7b89a60b044af4721181408c271e821f1413201ca6/hostname","HostsPath":"/var/lib/docker/containers/c37a42694b7d1cff581f5e7b89a60b044af4721181408c271e821f1413201ca6/hosts","LogPath":"/var/lib/docker/containers/c37a42694b7d1cff581f5e7b89a60b044af4721181408c271e821f1413201ca6/c37a42694b7d1cff581f5e7b89a60b044af4721181408c271e821f1413201ca6-json.log","Name":"/elegant_mahavira","RestartCount":0,"Driver":"overlay2","Platform":"linux","MountLabel":"","ProcessLabel":"","AppArmorProfile":"","ExecIDs":null,"HostConfig":{"Binds":[],"ContainerIDFile":"","LogConfig":{"Type":"json-file","Config":{}},"NetworkMode":"default","PortBindings":{"3306/tcp":[{"HostIp":"0.0.0.0","HostPort":"0"}]},"RestartPolicy":{"Name":"","MaximumRetryCount":0},"AutoRemove":false,"VolumeDriver":"","VolumesFrom":[],"CapAdd":null,"CapDrop":null,"CgroupnsMode":"private","Dns":null,"DnsOptions":null,"DnsSearch":null,"ExtraHosts":[],"GroupAdd":null,"IpcMode":"shareable","Cgroup":"","Links":null,"OomScoreAdj":0,"PidMode":"","Privileged":false,"PublishAllPorts":false,"ReadonlyRootfs":false,"SecurityOpt":null,"UTSMode":"","UsernsMode":"","ShmSize":67108864,"Runtime":"runc","ConsoleSize":[0,0],"Isolation":"","CpuShares":0,"Memory":0,"NanoCpus":0,"CgroupParent":"","BlkioWeight":0,"BlkioWeightDevice":null,"BlkioDeviceReadBps":null,"BlkioDeviceWriteBps":null,"BlkioDeviceReadIOps":null,"BlkioDeviceWriteIOps":null,"CpuPeriod":0,"CpuQuota":0,"CpuRealtimePeriod":0,"CpuRealtimeRuntime":0,"CpusetCpus":"","CpusetMems":"","Devices":null,"DeviceCgroupRules":null,"DeviceRequests":null,"KernelMemory":0,"KernelMemoryTCP":0,"MemoryReservation":0,"MemorySwap":0,"MemorySwappiness":null,"OomKillDisable":null,"PidsLimit":null,"Ulimits":null,"CpuCount":0,"CpuPercent":0,"IOMaximumIOps":0,"IOMaximumBandwidth":0,"MaskedPaths":["/proc/asound","/proc/acpi","/proc/kcore","/proc/keys","/proc/latency_stats","/proc/timer_list","/proc/timer_stats","/proc/sched_debug","/proc/scsi","/sys/firmware"],"ReadonlyPaths":["/proc/bus","/proc/fs","/proc/irq","/proc/sys","/proc/sysrq-trigger"]},"GraphDriver":{"Data":{"LowerDir":"/var/lib/docker/overlay2/2c15a904a49807090175d7750f18e0f6a57e99c38a424839679cbaf676a4d500-init/diff:/var/lib/docker/overlay2/1bd8849d7a296305617011f940aa5cfabbe972a513397b1b6bbc27639b6c1f30/diff:/var/lib/docker/overlay2/199d69b2fbf78af4d4c95dec4fd2f8835ab0347eb49fb20ebb2ff3b99fedd6ad/diff:/var/lib/docker/overlay2/d83c38d654989311f75b9491329846033bfb7714de76ef635380dcfad5c740d9/diff:/var/lib/docker/overlay2/08600d0aea2ab2728bebcf5d2589c640a842f53d1ba3c4a4adccb4d03b923cf6/diff:/var/lib/docker/overlay2/9ec7c63a3fb14d13ac788bbf5e282ca821edc41260b79944e5e631037d13ecda/diff:/var/lib/docker/overlay2/db601d7a1b4ea6da638db620462f0da96fa55c559d02269c9ddb09027936ed87/diff:/var/lib/docker/overlay2/a6d2bd03f942e2565f21e74cfe152c7ec836a1c2b583f0790c685b92bdcfda24/diff:/var/lib/docker/overlay2/9badd16ea2c5e2bf1fde8b579683e41137dfc46ed5449234149f199a6751cc84/diff:/var/lib/docker/overlay2/6efb85646ed12e2d1181ef4cc6f6f6732c00c15a4035fe17ebc4f075ca573c30/diff:/var/lib/docker/overlay2/895d7c0ec09144d6ed33936f4e98e11c18010f7abd708cae1ce43aec7a7f2621/diff:/var/lib/docker/overlay2/1c4ba77aa573ab6e5e5069fd15eae71b3da940bde0f97a922a227ffc8a1d1096/diff","MergedDir":"/var/lib/docker/overlay2/2c15a904a49807090175d7750f18e0f6a57e99c38a424839679cbaf676a4d500/merged","UpperDir":"/var/lib/docker/overlay2/2c15a904a49807090175d7750f18e0f6a57e99c38a424839679cbaf676a4d500/diff","WorkDir":"/var/lib/docker/overlay2/2c15a904a49807090175d7750f18e0f6a57e99c38a424839679cbaf676a4d500/work"},"Name":"overlay2"},"Mounts":[{"Type":"volume","Name":"44a9389ce95a2961210e86afd6afe42b23405f43157b5dc00e010d283c01df79","Source":"/var/lib/docker/volumes/44a9389ce95a2961210e86afd6afe42b23405f43157b5dc00e010d283c01df79/_data","Destination":"/var/lib/mysql","Driver":"local","Mode":"","RW":true,"Propagation":""}],"Config":{"Hostname":"c37a42694b7d","Domainname":"","User":"","AttachStdin":false,"AttachStdout":false,"AttachStderr":false,"ExposedPorts":{"3306/tcp":{},"33060/tcp":{}},"Tty":false,"OpenStdin":false,"StdinOnce":false,"Env":["MYSQL_DATABASE=adm_videos","MYSQL_PASSWORD=123456","MYSQL_ROOT_PASSWORD=123456","PATH=/usr/local/sbin:/usr/local/bin:/usr/sbin:/usr/bin:/sbin:/bin","GOSU_VERSION=1.16","MYSQL_MAJOR=8.0","MYSQL_VERSION=8.0.32-1.el8","MYSQL_SHELL_VERSION=8.0.32-1.el8"],"Cmd":["mysqld"],"Image":"mysql:latest","Volumes":{"/var/lib/mysql":{}},"WorkingDir":"","Entrypoint":["docker-entrypoint.sh"],"OnBuild":null,"Labels":{"org.testcontainers":"true","org.testcontainers.lang":"java","org.testcontainers.sessionId":"818a13d9-e138-4e41-b5a4-74fd927e6a2d","org.testcontainers.version":"1.17.6"}},"NetworkSettings":{"Bridge":"","SandboxID":"bd1f3a626f226e407a1a406212013b21c93b302c93f9fd53a405b7fc5ff825b3","HairpinMode":false,"LinkLocalIPv6Address":"","LinkLocalIPv6PrefixLen":0,"Ports":{"3306/tcp":[{"HostIp":"0.0.0.0","HostPort":"56289"}],"33060/tcp":null},"SandboxKey":"/var/run/docker/netns/bd1f3a626f22","SecondaryIPAddresses":null,"SecondaryIPv6Addresses":null,"EndpointID":"a2b725c0c5ce4503f8e45e0c2adc4455b29a53a4866d3f23b2bce893a084641f","Gateway":"172.17.0.1","GlobalIPv6Address":"","GlobalIPv6PrefixLen":0,"IPAddress":"172.17.0.3","IPPrefixLen":16,"IPv6Gateway":"","MacAddress":"02:42:ac:11:00:03","Networks":{"bridge":{"IPAMConfig":null,"Links":null,"Aliases":null,"NetworkID":"308e234c143065751b16b4500cb9f48d5c7fc2116504b3d816a5e51cd4771062","EndpointID":"a2b725c0c5ce4503f8e45e0c2adc4455b29a53a4866d3f23b2bce893a084641f","Gateway":"172.17.0.1","IPAddress":"172.17.0.3","IPPrefixLen":16,"IPv6Gateway":"","GlobalIPv6Address":"","GlobalIPv6PrefixLen":0,"MacAddress":"02:42:ac:11:00:03","DriverOpts":null}}}}[\n]"
23:55:08.243 [Test worker] DEBUG com.github.dockerjava.zerodep.shaded.org.apache.hc.client5.http.wire - http-outgoing-2 << "[\r][\n]"
23:55:08.243 [Test worker] DEBUG com.github.dockerjava.zerodep.shaded.org.apache.hc.client5.http.wire - http-outgoing-2 << "0[\r][\n]"
23:55:08.243 [Test worker] DEBUG com.github.dockerjava.zerodep.shaded.org.apache.hc.client5.http.wire - http-outgoing-2 << "[\r][\n]"
23:55:08.243 [Test worker] DEBUG com.github.dockerjava.zerodep.shaded.org.apache.hc.client5.http.impl.classic.InternalHttpClient - ep-00000037: releasing valid endpoint
23:55:08.243 [Test worker] DEBUG com.github.dockerjava.zerodep.shaded.org.apache.hc.client5.http.impl.io.PoolingHttpClientConnectionManager - ep-00000037: releasing endpoint
23:55:08.244 [Test worker] DEBUG com.github.dockerjava.zerodep.shaded.org.apache.hc.client5.http.impl.io.PoolingHttpClientConnectionManager - ep-00000037: connection http-outgoing-2 can be kept alive for 3 MINUTES
23:55:08.244 [Test worker] DEBUG com.github.dockerjava.zerodep.shaded.org.apache.hc.client5.http.impl.io.PoolingHttpClientConnectionManager - ep-00000037: connection released [route: {}->unix://localhost:2375][total available: 1; route allocated: 1 of 2147483647; total allocated: 1 of 2147483647]
23:55:08.244 [Test worker] DEBUG ]]>&#x1f433;<![CDATA[ [mysql:latest] - Trying to create JDBC connection using com.mysql.cj.jdbc.Driver to jdbc:mysql://localhost:56289/adm_videos?useSSL=false&allowPublicKeyRetrieval=true with properties: {password=123456, user=root}
23:55:08.352 [Test worker] DEBUG org.testcontainers.shaded.com.github.dockerjava.core.command.AbstrDockerCmd - Cmd: c37a42694b7d1cff581f5e7b89a60b044af4721181408c271e821f1413201ca6,false
23:55:08.352 [Test worker] DEBUG org.testcontainers.shaded.com.github.dockerjava.core.exec.InspectContainerCmdExec - GET: DefaultWebTarget{path=[/containers/c37a42694b7d1cff581f5e7b89a60b044af4721181408c271e821f1413201ca6/json], queryParams={}}
23:55:08.352 [Test worker] DEBUG com.github.dockerjava.zerodep.shaded.org.apache.hc.client5.http.impl.classic.InternalHttpClient - ex-00000039: preparing request execution
23:55:08.352 [Test worker] DEBUG com.github.dockerjava.zerodep.shaded.org.apache.hc.client5.http.protocol.RequestAddCookies - Cookie spec selected: strict
23:55:08.352 [Test worker] DEBUG com.github.dockerjava.zerodep.shaded.org.apache.hc.client5.http.protocol.RequestAuthCache - Auth cache not set in the context
23:55:08.352 [Test worker] DEBUG com.github.dockerjava.zerodep.shaded.org.apache.hc.client5.http.impl.classic.ProtocolExec - ex-00000039: target auth state: UNCHALLENGED
23:55:08.352 [Test worker] DEBUG com.github.dockerjava.zerodep.shaded.org.apache.hc.client5.http.impl.classic.ProtocolExec - ex-00000039: proxy auth state: UNCHALLENGED
23:55:08.352 [Test worker] DEBUG com.github.dockerjava.zerodep.shaded.org.apache.hc.client5.http.impl.classic.ConnectExec - ex-00000039: acquiring connection with route {}->unix://localhost:2375
23:55:08.352 [Test worker] DEBUG com.github.dockerjava.zerodep.shaded.org.apache.hc.client5.http.impl.classic.InternalHttpClient - ex-00000039: acquiring endpoint (3 MINUTES)
23:55:08.353 [Test worker] DEBUG com.github.dockerjava.zerodep.shaded.org.apache.hc.client5.http.impl.io.PoolingHttpClientConnectionManager - ex-00000039: endpoint lease request (3 MINUTES) [route: {}->unix://localhost:2375][total available: 1; route allocated: 1 of 2147483647; total allocated: 1 of 2147483647]
23:55:08.353 [Test worker] DEBUG com.github.dockerjava.zerodep.shaded.org.apache.hc.client5.http.impl.io.PoolingHttpClientConnectionManager - ex-00000039: endpoint leased [route: {}->unix://localhost:2375][total available: 0; route allocated: 1 of 2147483647; total allocated: 1 of 2147483647]
23:55:08.353 [Test worker] DEBUG com.github.dockerjava.zerodep.shaded.org.apache.hc.client5.http.impl.io.PoolingHttpClientConnectionManager - ex-00000039: acquired ep-00000038
23:55:08.353 [Test worker] DEBUG com.github.dockerjava.zerodep.shaded.org.apache.hc.client5.http.impl.classic.InternalHttpClient - ex-00000039: acquired endpoint ep-00000038
23:55:08.353 [Test worker] DEBUG com.github.dockerjava.zerodep.shaded.org.apache.hc.client5.http.impl.classic.MainClientExec - ex-00000039: executing GET /v1.32/containers/c37a42694b7d1cff581f5e7b89a60b044af4721181408c271e821f1413201ca6/json HTTP/1.1
23:55:08.353 [Test worker] DEBUG com.github.dockerjava.zerodep.shaded.org.apache.hc.client5.http.impl.classic.InternalHttpClient - ep-00000038: start execution ex-00000039
23:55:08.353 [Test worker] DEBUG com.github.dockerjava.zerodep.shaded.org.apache.hc.client5.http.impl.io.PoolingHttpClientConnectionManager - ep-00000038: executing exchange ex-00000039 over http-outgoing-2
23:55:08.353 [Test worker] DEBUG com.github.dockerjava.zerodep.shaded.org.apache.hc.client5.http.headers - http-outgoing-2 >> GET /v1.32/containers/c37a42694b7d1cff581f5e7b89a60b044af4721181408c271e821f1413201ca6/json HTTP/1.1
23:55:08.353 [Test worker] DEBUG com.github.dockerjava.zerodep.shaded.org.apache.hc.client5.http.headers - http-outgoing-2 >> accept: application/json
23:55:08.353 [Test worker] DEBUG com.github.dockerjava.zerodep.shaded.org.apache.hc.client5.http.headers - http-outgoing-2 >> x-tc-sid: 818a13d9-e138-4e41-b5a4-74fd927e6a2d
23:55:08.353 [Test worker] DEBUG com.github.dockerjava.zerodep.shaded.org.apache.hc.client5.http.headers - http-outgoing-2 >> Accept-Encoding: gzip, x-gzip, deflate
23:55:08.353 [Test worker] DEBUG com.github.dockerjava.zerodep.shaded.org.apache.hc.client5.http.headers - http-outgoing-2 >> Host: localhost:2375
23:55:08.353 [Test worker] DEBUG com.github.dockerjava.zerodep.shaded.org.apache.hc.client5.http.headers - http-outgoing-2 >> Connection: keep-alive
23:55:08.353 [Test worker] DEBUG com.github.dockerjava.zerodep.shaded.org.apache.hc.client5.http.headers - http-outgoing-2 >> User-Agent: Apache-HttpClient/5.0.3 (Java/17.0.2)
23:55:08.353 [Test worker] DEBUG com.github.dockerjava.zerodep.shaded.org.apache.hc.client5.http.wire - http-outgoing-2 >> "GET /v1.32/containers/c37a42694b7d1cff581f5e7b89a60b044af4721181408c271e821f1413201ca6/json HTTP/1.1[\r][\n]"
23:55:08.353 [Test worker] DEBUG com.github.dockerjava.zerodep.shaded.org.apache.hc.client5.http.wire - http-outgoing-2 >> "accept: application/json[\r][\n]"
23:55:08.353 [Test worker] DEBUG com.github.dockerjava.zerodep.shaded.org.apache.hc.client5.http.wire - http-outgoing-2 >> "x-tc-sid: 818a13d9-e138-4e41-b5a4-74fd927e6a2d[\r][\n]"
23:55:08.353 [Test worker] DEBUG com.github.dockerjava.zerodep.shaded.org.apache.hc.client5.http.wire - http-outgoing-2 >> "Accept-Encoding: gzip, x-gzip, deflate[\r][\n]"
23:55:08.353 [Test worker] DEBUG com.github.dockerjava.zerodep.shaded.org.apache.hc.client5.http.wire - http-outgoing-2 >> "Host: localhost:2375[\r][\n]"
23:55:08.353 [Test worker] DEBUG com.github.dockerjava.zerodep.shaded.org.apache.hc.client5.http.wire - http-outgoing-2 >> "Connection: keep-alive[\r][\n]"
23:55:08.354 [Test worker] DEBUG com.github.dockerjava.zerodep.shaded.org.apache.hc.client5.http.wire - http-outgoing-2 >> "User-Agent: Apache-HttpClient/5.0.3 (Java/17.0.2)[\r][\n]"
23:55:08.354 [Test worker] DEBUG com.github.dockerjava.zerodep.shaded.org.apache.hc.client5.http.wire - http-outgoing-2 >> "[\r][\n]"
23:55:08.359 [Test worker] DEBUG com.github.dockerjava.zerodep.shaded.org.apache.hc.client5.http.wire - http-outgoing-2 << "HTTP/1.1 200 OK[\r][\n]"
23:55:08.360 [Test worker] DEBUG com.github.dockerjava.zerodep.shaded.org.apache.hc.client5.http.wire - http-outgoing-2 << "Api-Version: 1.41[\r][\n]"
23:55:08.360 [Test worker] DEBUG com.github.dockerjava.zerodep.shaded.org.apache.hc.client5.http.wire - http-outgoing-2 << "Content-Type: application/json[\r][\n]"
23:55:08.360 [Test worker] DEBUG com.github.dockerjava.zerodep.shaded.org.apache.hc.client5.http.wire - http-outgoing-2 << "Date: Mon, 27 Mar 2023 02:55:08 GMT[\r][\n]"
23:55:08.360 [Test worker] DEBUG com.github.dockerjava.zerodep.shaded.org.apache.hc.client5.http.wire - http-outgoing-2 << "Docker-Experimental: false[\r][\n]"
23:55:08.360 [Test worker] DEBUG com.github.dockerjava.zerodep.shaded.org.apache.hc.client5.http.wire - http-outgoing-2 << "Ostype: linux[\r][\n]"
23:55:08.360 [Test worker] DEBUG com.github.dockerjava.zerodep.shaded.org.apache.hc.client5.http.wire - http-outgoing-2 << "Server: Docker/20.10.21 (linux)[\r][\n]"
23:55:08.360 [Test worker] DEBUG com.github.dockerjava.zerodep.shaded.org.apache.hc.client5.http.wire - http-outgoing-2 << "Transfer-Encoding: chunked[\r][\n]"
23:55:08.360 [Test worker] DEBUG com.github.dockerjava.zerodep.shaded.org.apache.hc.client5.http.wire - http-outgoing-2 << "[\r][\n]"
23:55:08.360 [Test worker] DEBUG com.github.dockerjava.zerodep.shaded.org.apache.hc.client5.http.headers - http-outgoing-2 << HTTP/1.1 200 OK
23:55:08.360 [Test worker] DEBUG com.github.dockerjava.zerodep.shaded.org.apache.hc.client5.http.headers - http-outgoing-2 << Api-Version: 1.41
23:55:08.360 [Test worker] DEBUG com.github.dockerjava.zerodep.shaded.org.apache.hc.client5.http.headers - http-outgoing-2 << Content-Type: application/json
23:55:08.360 [Test worker] DEBUG com.github.dockerjava.zerodep.shaded.org.apache.hc.client5.http.headers - http-outgoing-2 << Date: Mon, 27 Mar 2023 02:55:08 GMT
23:55:08.360 [Test worker] DEBUG com.github.dockerjava.zerodep.shaded.org.apache.hc.client5.http.headers - http-outgoing-2 << Docker-Experimental: false
23:55:08.360 [Test worker] DEBUG com.github.dockerjava.zerodep.shaded.org.apache.hc.client5.http.headers - http-outgoing-2 << Ostype: linux
23:55:08.360 [Test worker] DEBUG com.github.dockerjava.zerodep.shaded.org.apache.hc.client5.http.headers - http-outgoing-2 << Server: Docker/20.10.21 (linux)
23:55:08.360 [Test worker] DEBUG com.github.dockerjava.zerodep.shaded.org.apache.hc.client5.http.headers - http-outgoing-2 << Transfer-Encoding: chunked
23:55:08.360 [Test worker] DEBUG com.github.dockerjava.zerodep.shaded.org.apache.hc.client5.http.impl.classic.MainClientExec - ex-00000039: connection can be kept alive for 3 MINUTES
23:55:08.363 [Test worker] DEBUG com.github.dockerjava.zerodep.shaded.org.apache.hc.client5.http.wire - http-outgoing-2 << "18c1[\r][\n]"
23:55:08.363 [Test worker] DEBUG com.github.dockerjava.zerodep.shaded.org.apache.hc.client5.http.wire - http-outgoing-2 << "{"Id":"c37a42694b7d1cff581f5e7b89a60b044af4721181408c271e821f1413201ca6","Created":"2023-03-27T02:55:02.49734542Z","Path":"docker-entrypoint.sh","Args":["mysqld"],"State":{"Status":"running","Running":true,"Paused":false,"Restarting":false,"OOMKilled":false,"Dead":false,"Pid":18342,"ExitCode":0,"Error":"","StartedAt":"2023-03-27T02:55:03.12719392Z","FinishedAt":"0001-01-01T00:00:00Z"},"Image":"sha256:c7c54c29e20dccc1aefb936c8eba8bb8b98b87a4921102aba87fde2df5810af9","ResolvConfPath":"/var/lib/docker/containers/c37a42694b7d1cff581f5e7b89a60b044af4721181408c271e821f1413201ca6/resolv.conf","HostnamePath":"/var/lib/docker/containers/c37a42694b7d1cff581f5e7b89a60b044af4721181408c271e821f1413201ca6/hostname","HostsPath":"/var/lib/docker/containers/c37a42694b7d1cff581f5e7b89a60b044af4721181408c271e821f1413201ca6/hosts","LogPath":"/var/lib/docker/containers/c37a42694b7d1cff581f5e7b89a60b044af4721181408c271e821f1413201ca6/c37a42694b7d1cff581f5e7b89a60b044af4721181408c271e821f1413201ca6-json.log","Name":"/elegant_mahavira","RestartCount":0,"Driver":"overlay2","Platform":"linux","MountLabel":"","ProcessLabel":"","AppArmorProfile":"","ExecIDs":null,"HostConfig":{"Binds":[],"ContainerIDFile":"","LogConfig":{"Type":"json-file","Config":{}},"NetworkMode":"default","PortBindings":{"3306/tcp":[{"HostIp":"0.0.0.0","HostPort":"0"}]},"RestartPolicy":{"Name":"","MaximumRetryCount":0},"AutoRemove":false,"VolumeDriver":"","VolumesFrom":[],"CapAdd":null,"CapDrop":null,"CgroupnsMode":"private","Dns":null,"DnsOptions":null,"DnsSearch":null,"ExtraHosts":[],"GroupAdd":null,"IpcMode":"shareable","Cgroup":"","Links":null,"OomScoreAdj":0,"PidMode":"","Privileged":false,"PublishAllPorts":false,"ReadonlyRootfs":false,"SecurityOpt":null,"UTSMode":"","UsernsMode":"","ShmSize":67108864,"Runtime":"runc","ConsoleSize":[0,0],"Isolation":"","CpuShares":0,"Memory":0,"NanoCpus":0,"CgroupParent":"","BlkioWeight":0,"BlkioWeightDevice":null,"BlkioDeviceReadBps":null,"BlkioDeviceWriteBps":null,"BlkioDeviceReadIOps":null,"BlkioDeviceWriteIOps":null,"CpuPeriod":0,"CpuQuota":0,"CpuRealtimePeriod":0,"CpuRealtimeRuntime":0,"CpusetCpus":"","CpusetMems":"","Devices":null,"DeviceCgroupRules":null,"DeviceRequests":null,"KernelMemory":0,"KernelMemoryTCP":0,"MemoryReservation":0,"MemorySwap":0,"MemorySwappiness":null,"OomKillDisable":null,"PidsLimit":null,"Ulimits":null,"CpuCount":0,"CpuPercent":0,"IOMaximumIOps":0,"IOMaximumBandwidth":0,"MaskedPaths":["/proc/asound","/proc/acpi","/proc/kcore","/proc/keys","/proc/latency_stats","/proc/timer_list","/proc/timer_stats","/proc/sched_debug","/proc/scsi","/sys/firmware"],"ReadonlyPaths":["/proc/bus","/proc/fs","/proc/irq","/proc/sys","/proc/sysrq-trigger"]},"GraphDriver":{"Data":{"LowerDir":"/var/lib/docker/overlay2/2c15a904a49807090175d7750f18e0f6a57e99c38a424839679cbaf676a4d500-init/diff:/var/lib/docker/overlay2/1bd8849d7a296305617011f940aa5cfabbe972a513397b1b6bbc27639b6c1f30/diff:/var/lib/docker/overlay2/199d69b2fbf78af4d4c95dec4fd2f8835ab0347eb49fb20ebb2ff3b99fedd6ad/diff:/var/lib/docker/overlay2/d83c38d654989311f75b9491329846033bfb7714de76ef635380dcfad5c740d9/diff:/var/lib/docker/overlay2/08600d0aea2ab2728bebcf5d2589c640a842f53d1ba3c4a4adccb4d03b923cf6/diff:/var/lib/docker/overlay2/9ec7c63a3fb14d13ac788bbf5e282ca821edc41260b79944e5e631037d13ecda/diff:/var/lib/docker/overlay2/db601d7a1b4ea6da638db620462f0da96fa55c559d02269c9ddb09027936ed87/diff:/var/lib/docker/overlay2/a6d2bd03f942e2565f21e74cfe152c7ec836a1c2b583f0790c685b92bdcfda24/diff:/var/lib/docker/overlay2/9badd16ea2c5e2bf1fde8b579683e41137dfc46ed5449234149f199a6751cc84/diff:/var/lib/docker/overlay2/6efb85646ed12e2d1181ef4cc6f6f6732c00c15a4035fe17ebc4f075ca573c30/diff:/var/lib/docker/overlay2/895d7c0ec09144d6ed33936f4e98e11c18010f7abd708cae1ce43aec7a7f2621/diff:/var/lib/docker/overlay2/1c4ba77aa573ab6e5e5069fd15eae71b3da940bde0f97a922a227ffc8a1d1096/diff","MergedDir":"/var/lib/docker/overlay2/2c15a904a49807090175d7750f18e0f6a57e99c38a424839679cbaf676a4d500/merged","UpperDir":"/var/lib/docker/overlay2/2c15a904a49807090175d7750f18e0f6a57e99c38a424839679cbaf676a4d500/diff","WorkDir":"/var/lib/docker/overlay2/2c15a904a49807090175d7750f18e0f6a57e99c38a424839679cbaf676a4d500/work"},"Name":"overlay2"},"Mounts":[{"Type":"volume","Name":"44a9389ce95a2961210e86afd6afe42b23405f43157b5dc00e010d283c01df79","Source":"/var/lib/docker/volumes/44a9389ce95a2961210e86afd6afe42b23405f43157b5dc00e010d283c01df79/_data","Destination":"/var/lib/mysql","Driver":"local","Mode":"","RW":true,"Propagation":""}],"Config":{"Hostname":"c37a42694b7d","Domainname":"","User":"","AttachStdin":false,"AttachStdout":false,"AttachStderr":false,"ExposedPorts":{"3306/tcp":{},"33060/tcp":{}},"Tty":false,"OpenStdin":false,"StdinOnce":false,"Env":["MYSQL_DATABASE=adm_videos","MYSQL_PASSWORD=123456","MYSQL_ROOT_PASSWORD=123456","PATH=/usr/local/sbin:/usr/local/bin:/usr/sbin:/usr/bin:/sbin:/bin","GOSU_VERSION=1.16","MYSQL_MAJOR=8.0","MYSQL_VERSION=8.0.32-1.el8","MYSQL_SHELL_VERSION=8.0.32-1.el8"],"Cmd":["mysqld"],"Image":"mysql:latest","Volumes":{"/var/lib/mysql":{}},"WorkingDir":"","Entrypoint":["docker-entrypoint.sh"],"OnBuild":null,"Labels":{"org.testcontainers":"true","org.testcontainers.lang":"java","org.testcontainers.sessionId":"818a13d9-e138-4e41-b5a4-74fd927e6a2d","org.testcontainers.version":"1.17.6"}},"NetworkSettings":{"Bridge":"","SandboxID":"bd1f3a626f226e407a1a406212013b21c93b302c93f9fd53a405b7fc5ff825b3","HairpinMode":false,"LinkLocalIPv6Address":"","LinkLocalIPv6PrefixLen":0,"Ports":{"3306/tcp":[{"HostIp":"0.0.0.0","HostPort":"56289"}],"33060/tcp":null},"SandboxKey":"/var/run/docker/netns/bd1f3a626f22","SecondaryIPAddresses":null,"SecondaryIPv6Addresses":null,"EndpointID":"a2b725c0c5ce4503f8e45e0c2adc4455b29a53a4866d3f23b2bce893a084641f","Gateway":"172.17.0.1","GlobalIPv6Address":"","GlobalIPv6PrefixLen":0,"IPAddress":"172.17.0.3","IPPrefixLen":16,"IPv6Gateway":"","MacAddress":"02:42:ac:11:00:03","Networks":{"bridge":{"IPAMConfig":null,"Links":null,"Aliases":null,"NetworkID":"308e234c143065751b16b4500cb9f48d5c7fc2116504b3d816a5e51cd4771062","EndpointID":"a2b725c0c5ce4503f8e45e0c2adc4455b29a53a4866d3f23b2bce893a084641f","Gateway":"172.17.0.1","IPAddress":"172.17.0.3","IPPrefixLen":16,"IPv6Gateway":"","GlobalIPv6Address":"","GlobalIPv6PrefixLen":0,"MacAddress":"02:42:ac:11:00:03","DriverOpts":null}}}}[\n]"
23:55:08.363 [Test worker] DEBUG com.github.dockerjava.zerodep.shaded.org.apache.hc.client5.http.wire - http-outgoing-2 << "[\r][\n]"
23:55:08.364 [Test worker] DEBUG com.github.dockerjava.zerodep.shaded.org.apache.hc.client5.http.wire - http-outgoing-2 << "0[\r][\n]"
23:55:08.364 [Test worker] DEBUG com.github.dockerjava.zerodep.shaded.org.apache.hc.client5.http.wire - http-outgoing-2 << "[\r][\n]"
23:55:08.364 [Test worker] DEBUG com.github.dockerjava.zerodep.shaded.org.apache.hc.client5.http.impl.classic.InternalHttpClient - ep-00000038: releasing valid endpoint
23:55:08.364 [Test worker] DEBUG com.github.dockerjava.zerodep.shaded.org.apache.hc.client5.http.impl.io.PoolingHttpClientConnectionManager - ep-00000038: releasing endpoint
23:55:08.364 [Test worker] DEBUG com.github.dockerjava.zerodep.shaded.org.apache.hc.client5.http.impl.io.PoolingHttpClientConnectionManager - ep-00000038: connection http-outgoing-2 can be kept alive for 3 MINUTES
23:55:08.365 [Test worker] DEBUG com.github.dockerjava.zerodep.shaded.org.apache.hc.client5.http.impl.io.PoolingHttpClientConnectionManager - ep-00000038: connection released [route: {}->unix://localhost:2375][total available: 1; route allocated: 1 of 2147483647; total allocated: 1 of 2147483647]
23:55:08.365 [Test worker] DEBUG ]]>&#x1f433;<![CDATA[ [mysql:latest] - Trying to create JDBC connection using com.mysql.cj.jdbc.Driver to jdbc:mysql://localhost:56289/adm_videos?useSSL=false&allowPublicKeyRetrieval=true with properties: {password=123456, user=root}
23:55:08.474 [Test worker] DEBUG org.testcontainers.shaded.com.github.dockerjava.core.command.AbstrDockerCmd - Cmd: c37a42694b7d1cff581f5e7b89a60b044af4721181408c271e821f1413201ca6,false
23:55:08.475 [Test worker] DEBUG org.testcontainers.shaded.com.github.dockerjava.core.exec.InspectContainerCmdExec - GET: DefaultWebTarget{path=[/containers/c37a42694b7d1cff581f5e7b89a60b044af4721181408c271e821f1413201ca6/json], queryParams={}}
23:55:08.475 [Test worker] DEBUG com.github.dockerjava.zerodep.shaded.org.apache.hc.client5.http.impl.classic.InternalHttpClient - ex-0000003A: preparing request execution
23:55:08.475 [Test worker] DEBUG com.github.dockerjava.zerodep.shaded.org.apache.hc.client5.http.protocol.RequestAddCookies - Cookie spec selected: strict
23:55:08.475 [Test worker] DEBUG com.github.dockerjava.zerodep.shaded.org.apache.hc.client5.http.protocol.RequestAuthCache - Auth cache not set in the context
23:55:08.475 [Test worker] DEBUG com.github.dockerjava.zerodep.shaded.org.apache.hc.client5.http.impl.classic.ProtocolExec - ex-0000003A: target auth state: UNCHALLENGED
23:55:08.475 [Test worker] DEBUG com.github.dockerjava.zerodep.shaded.org.apache.hc.client5.http.impl.classic.ProtocolExec - ex-0000003A: proxy auth state: UNCHALLENGED
23:55:08.475 [Test worker] DEBUG com.github.dockerjava.zerodep.shaded.org.apache.hc.client5.http.impl.classic.ConnectExec - ex-0000003A: acquiring connection with route {}->unix://localhost:2375
23:55:08.475 [Test worker] DEBUG com.github.dockerjava.zerodep.shaded.org.apache.hc.client5.http.impl.classic.InternalHttpClient - ex-0000003A: acquiring endpoint (3 MINUTES)
23:55:08.475 [Test worker] DEBUG com.github.dockerjava.zerodep.shaded.org.apache.hc.client5.http.impl.io.PoolingHttpClientConnectionManager - ex-0000003A: endpoint lease request (3 MINUTES) [route: {}->unix://localhost:2375][total available: 1; route allocated: 1 of 2147483647; total allocated: 1 of 2147483647]
23:55:08.475 [Test worker] DEBUG com.github.dockerjava.zerodep.shaded.org.apache.hc.client5.http.impl.io.PoolingHttpClientConnectionManager - ex-0000003A: endpoint leased [route: {}->unix://localhost:2375][total available: 0; route allocated: 1 of 2147483647; total allocated: 1 of 2147483647]
23:55:08.476 [Test worker] DEBUG com.github.dockerjava.zerodep.shaded.org.apache.hc.client5.http.impl.io.PoolingHttpClientConnectionManager - ex-0000003A: acquired ep-00000039
23:55:08.476 [Test worker] DEBUG com.github.dockerjava.zerodep.shaded.org.apache.hc.client5.http.impl.classic.InternalHttpClient - ex-0000003A: acquired endpoint ep-00000039
23:55:08.476 [Test worker] DEBUG com.github.dockerjava.zerodep.shaded.org.apache.hc.client5.http.impl.classic.MainClientExec - ex-0000003A: executing GET /v1.32/containers/c37a42694b7d1cff581f5e7b89a60b044af4721181408c271e821f1413201ca6/json HTTP/1.1
23:55:08.476 [Test worker] DEBUG com.github.dockerjava.zerodep.shaded.org.apache.hc.client5.http.impl.classic.InternalHttpClient - ep-00000039: start execution ex-0000003A
23:55:08.476 [Test worker] DEBUG com.github.dockerjava.zerodep.shaded.org.apache.hc.client5.http.impl.io.PoolingHttpClientConnectionManager - ep-00000039: executing exchange ex-0000003A over http-outgoing-2
23:55:08.476 [Test worker] DEBUG com.github.dockerjava.zerodep.shaded.org.apache.hc.client5.http.headers - http-outgoing-2 >> GET /v1.32/containers/c37a42694b7d1cff581f5e7b89a60b044af4721181408c271e821f1413201ca6/json HTTP/1.1
23:55:08.476 [Test worker] DEBUG com.github.dockerjava.zerodep.shaded.org.apache.hc.client5.http.headers - http-outgoing-2 >> accept: application/json
23:55:08.476 [Test worker] DEBUG com.github.dockerjava.zerodep.shaded.org.apache.hc.client5.http.headers - http-outgoing-2 >> x-tc-sid: 818a13d9-e138-4e41-b5a4-74fd927e6a2d
23:55:08.476 [Test worker] DEBUG com.github.dockerjava.zerodep.shaded.org.apache.hc.client5.http.headers - http-outgoing-2 >> Accept-Encoding: gzip, x-gzip, deflate
23:55:08.476 [Test worker] DEBUG com.github.dockerjava.zerodep.shaded.org.apache.hc.client5.http.headers - http-outgoing-2 >> Host: localhost:2375
23:55:08.476 [Test worker] DEBUG com.github.dockerjava.zerodep.shaded.org.apache.hc.client5.http.headers - http-outgoing-2 >> Connection: keep-alive
23:55:08.476 [Test worker] DEBUG com.github.dockerjava.zerodep.shaded.org.apache.hc.client5.http.headers - http-outgoing-2 >> User-Agent: Apache-HttpClient/5.0.3 (Java/17.0.2)
23:55:08.476 [Test worker] DEBUG com.github.dockerjava.zerodep.shaded.org.apache.hc.client5.http.wire - http-outgoing-2 >> "GET /v1.32/containers/c37a42694b7d1cff581f5e7b89a60b044af4721181408c271e821f1413201ca6/json HTTP/1.1[\r][\n]"
23:55:08.476 [Test worker] DEBUG com.github.dockerjava.zerodep.shaded.org.apache.hc.client5.http.wire - http-outgoing-2 >> "accept: application/json[\r][\n]"
23:55:08.476 [Test worker] DEBUG com.github.dockerjava.zerodep.shaded.org.apache.hc.client5.http.wire - http-outgoing-2 >> "x-tc-sid: 818a13d9-e138-4e41-b5a4-74fd927e6a2d[\r][\n]"
23:55:08.476 [Test worker] DEBUG com.github.dockerjava.zerodep.shaded.org.apache.hc.client5.http.wire - http-outgoing-2 >> "Accept-Encoding: gzip, x-gzip, deflate[\r][\n]"
23:55:08.476 [Test worker] DEBUG com.github.dockerjava.zerodep.shaded.org.apache.hc.client5.http.wire - http-outgoing-2 >> "Host: localhost:2375[\r][\n]"
23:55:08.476 [Test worker] DEBUG com.github.dockerjava.zerodep.shaded.org.apache.hc.client5.http.wire - http-outgoing-2 >> "Connection: keep-alive[\r][\n]"
23:55:08.476 [Test worker] DEBUG com.github.dockerjava.zerodep.shaded.org.apache.hc.client5.http.wire - http-outgoing-2 >> "User-Agent: Apache-HttpClient/5.0.3 (Java/17.0.2)[\r][\n]"
23:55:08.476 [Test worker] DEBUG com.github.dockerjava.zerodep.shaded.org.apache.hc.client5.http.wire - http-outgoing-2 >> "[\r][\n]"
23:55:08.480 [Test worker] DEBUG com.github.dockerjava.zerodep.shaded.org.apache.hc.client5.http.wire - http-outgoing-2 << "HTTP/1.1 200 OK[\r][\n]"
23:55:08.480 [Test worker] DEBUG com.github.dockerjava.zerodep.shaded.org.apache.hc.client5.http.wire - http-outgoing-2 << "Api-Version: 1.41[\r][\n]"
23:55:08.480 [Test worker] DEBUG com.github.dockerjava.zerodep.shaded.org.apache.hc.client5.http.wire - http-outgoing-2 << "Content-Type: application/json[\r][\n]"
23:55:08.480 [Test worker] DEBUG com.github.dockerjava.zerodep.shaded.org.apache.hc.client5.http.wire - http-outgoing-2 << "Date: Mon, 27 Mar 2023 02:55:08 GMT[\r][\n]"
23:55:08.480 [Test worker] DEBUG com.github.dockerjava.zerodep.shaded.org.apache.hc.client5.http.wire - http-outgoing-2 << "Docker-Experimental: false[\r][\n]"
23:55:08.480 [Test worker] DEBUG com.github.dockerjava.zerodep.shaded.org.apache.hc.client5.http.wire - http-outgoing-2 << "Ostype: linux[\r][\n]"
23:55:08.480 [Test worker] DEBUG com.github.dockerjava.zerodep.shaded.org.apache.hc.client5.http.wire - http-outgoing-2 << "Server: Docker/20.10.21 (linux)[\r][\n]"
23:55:08.480 [Test worker] DEBUG com.github.dockerjava.zerodep.shaded.org.apache.hc.client5.http.wire - http-outgoing-2 << "Transfer-Encoding: chunked[\r][\n]"
23:55:08.480 [Test worker] DEBUG com.github.dockerjava.zerodep.shaded.org.apache.hc.client5.http.wire - http-outgoing-2 << "[\r][\n]"
23:55:08.480 [Test worker] DEBUG com.github.dockerjava.zerodep.shaded.org.apache.hc.client5.http.headers - http-outgoing-2 << HTTP/1.1 200 OK
23:55:08.480 [Test worker] DEBUG com.github.dockerjava.zerodep.shaded.org.apache.hc.client5.http.headers - http-outgoing-2 << Api-Version: 1.41
23:55:08.480 [Test worker] DEBUG com.github.dockerjava.zerodep.shaded.org.apache.hc.client5.http.headers - http-outgoing-2 << Content-Type: application/json
23:55:08.480 [Test worker] DEBUG com.github.dockerjava.zerodep.shaded.org.apache.hc.client5.http.headers - http-outgoing-2 << Date: Mon, 27 Mar 2023 02:55:08 GMT
23:55:08.480 [Test worker] DEBUG com.github.dockerjava.zerodep.shaded.org.apache.hc.client5.http.headers - http-outgoing-2 << Docker-Experimental: false
23:55:08.480 [Test worker] DEBUG com.github.dockerjava.zerodep.shaded.org.apache.hc.client5.http.headers - http-outgoing-2 << Ostype: linux
23:55:08.480 [Test worker] DEBUG com.github.dockerjava.zerodep.shaded.org.apache.hc.client5.http.headers - http-outgoing-2 << Server: Docker/20.10.21 (linux)
23:55:08.480 [Test worker] DEBUG com.github.dockerjava.zerodep.shaded.org.apache.hc.client5.http.headers - http-outgoing-2 << Transfer-Encoding: chunked
23:55:08.481 [Test worker] DEBUG com.github.dockerjava.zerodep.shaded.org.apache.hc.client5.http.impl.classic.MainClientExec - ex-0000003A: connection can be kept alive for 3 MINUTES
23:55:08.483 [Test worker] DEBUG com.github.dockerjava.zerodep.shaded.org.apache.hc.client5.http.wire - http-outgoing-2 << "18c1[\r][\n]"
23:55:08.483 [Test worker] DEBUG com.github.dockerjava.zerodep.shaded.org.apache.hc.client5.http.wire - http-outgoing-2 << "{"Id":"c37a42694b7d1cff581f5e7b89a60b044af4721181408c271e821f1413201ca6","Created":"2023-03-27T02:55:02.49734542Z","Path":"docker-entrypoint.sh","Args":["mysqld"],"State":{"Status":"running","Running":true,"Paused":false,"Restarting":false,"OOMKilled":false,"Dead":false,"Pid":18342,"ExitCode":0,"Error":"","StartedAt":"2023-03-27T02:55:03.12719392Z","FinishedAt":"0001-01-01T00:00:00Z"},"Image":"sha256:c7c54c29e20dccc1aefb936c8eba8bb8b98b87a4921102aba87fde2df5810af9","ResolvConfPath":"/var/lib/docker/containers/c37a42694b7d1cff581f5e7b89a60b044af4721181408c271e821f1413201ca6/resolv.conf","HostnamePath":"/var/lib/docker/containers/c37a42694b7d1cff581f5e7b89a60b044af4721181408c271e821f1413201ca6/hostname","HostsPath":"/var/lib/docker/containers/c37a42694b7d1cff581f5e7b89a60b044af4721181408c271e821f1413201ca6/hosts","LogPath":"/var/lib/docker/containers/c37a42694b7d1cff581f5e7b89a60b044af4721181408c271e821f1413201ca6/c37a42694b7d1cff581f5e7b89a60b044af4721181408c271e821f1413201ca6-json.log","Name":"/elegant_mahavira","RestartCount":0,"Driver":"overlay2","Platform":"linux","MountLabel":"","ProcessLabel":"","AppArmorProfile":"","ExecIDs":null,"HostConfig":{"Binds":[],"ContainerIDFile":"","LogConfig":{"Type":"json-file","Config":{}},"NetworkMode":"default","PortBindings":{"3306/tcp":[{"HostIp":"0.0.0.0","HostPort":"0"}]},"RestartPolicy":{"Name":"","MaximumRetryCount":0},"AutoRemove":false,"VolumeDriver":"","VolumesFrom":[],"CapAdd":null,"CapDrop":null,"CgroupnsMode":"private","Dns":null,"DnsOptions":null,"DnsSearch":null,"ExtraHosts":[],"GroupAdd":null,"IpcMode":"shareable","Cgroup":"","Links":null,"OomScoreAdj":0,"PidMode":"","Privileged":false,"PublishAllPorts":false,"ReadonlyRootfs":false,"SecurityOpt":null,"UTSMode":"","UsernsMode":"","ShmSize":67108864,"Runtime":"runc","ConsoleSize":[0,0],"Isolation":"","CpuShares":0,"Memory":0,"NanoCpus":0,"CgroupParent":"","BlkioWeight":0,"BlkioWeightDevice":null,"BlkioDeviceReadBps":null,"BlkioDeviceWriteBps":null,"BlkioDeviceReadIOps":null,"BlkioDeviceWriteIOps":null,"CpuPeriod":0,"CpuQuota":0,"CpuRealtimePeriod":0,"CpuRealtimeRuntime":0,"CpusetCpus":"","CpusetMems":"","Devices":null,"DeviceCgroupRules":null,"DeviceRequests":null,"KernelMemory":0,"KernelMemoryTCP":0,"MemoryReservation":0,"MemorySwap":0,"MemorySwappiness":null,"OomKillDisable":null,"PidsLimit":null,"Ulimits":null,"CpuCount":0,"CpuPercent":0,"IOMaximumIOps":0,"IOMaximumBandwidth":0,"MaskedPaths":["/proc/asound","/proc/acpi","/proc/kcore","/proc/keys","/proc/latency_stats","/proc/timer_list","/proc/timer_stats","/proc/sched_debug","/proc/scsi","/sys/firmware"],"ReadonlyPaths":["/proc/bus","/proc/fs","/proc/irq","/proc/sys","/proc/sysrq-trigger"]},"GraphDriver":{"Data":{"LowerDir":"/var/lib/docker/overlay2/2c15a904a49807090175d7750f18e0f6a57e99c38a424839679cbaf676a4d500-init/diff:/var/lib/docker/overlay2/1bd8849d7a296305617011f940aa5cfabbe972a513397b1b6bbc27639b6c1f30/diff:/var/lib/docker/overlay2/199d69b2fbf78af4d4c95dec4fd2f8835ab0347eb49fb20ebb2ff3b99fedd6ad/diff:/var/lib/docker/overlay2/d83c38d654989311f75b9491329846033bfb7714de76ef635380dcfad5c740d9/diff:/var/lib/docker/overlay2/08600d0aea2ab2728bebcf5d2589c640a842f53d1ba3c4a4adccb4d03b923cf6/diff:/var/lib/docker/overlay2/9ec7c63a3fb14d13ac788bbf5e282ca821edc41260b79944e5e631037d13ecda/diff:/var/lib/docker/overlay2/db601d7a1b4ea6da638db620462f0da96fa55c559d02269c9ddb09027936ed87/diff:/var/lib/docker/overlay2/a6d2bd03f942e2565f21e74cfe152c7ec836a1c2b583f0790c685b92bdcfda24/diff:/var/lib/docker/overlay2/9badd16ea2c5e2bf1fde8b579683e41137dfc46ed5449234149f199a6751cc84/diff:/var/lib/docker/overlay2/6efb85646ed12e2d1181ef4cc6f6f6732c00c15a4035fe17ebc4f075ca573c30/diff:/var/lib/docker/overlay2/895d7c0ec09144d6ed33936f4e98e11c18010f7abd708cae1ce43aec7a7f2621/diff:/var/lib/docker/overlay2/1c4ba77aa573ab6e5e5069fd15eae71b3da940bde0f97a922a227ffc8a1d1096/diff","MergedDir":"/var/lib/docker/overlay2/2c15a904a49807090175d7750f18e0f6a57e99c38a424839679cbaf676a4d500/merged","UpperDir":"/var/lib/docker/overlay2/2c15a904a49807090175d7750f18e0f6a57e99c38a424839679cbaf676a4d500/diff","WorkDir":"/var/lib/docker/overlay2/2c15a904a49807090175d7750f18e0f6a57e99c38a424839679cbaf676a4d500/work"},"Name":"overlay2"},"Mounts":[{"Type":"volume","Name":"44a9389ce95a2961210e86afd6afe42b23405f43157b5dc00e010d283c01df79","Source":"/var/lib/docker/volumes/44a9389ce95a2961210e86afd6afe42b23405f43157b5dc00e010d283c01df79/_data","Destination":"/var/lib/mysql","Driver":"local","Mode":"","RW":true,"Propagation":""}],"Config":{"Hostname":"c37a42694b7d","Domainname":"","User":"","AttachStdin":false,"AttachStdout":false,"AttachStderr":false,"ExposedPorts":{"3306/tcp":{},"33060/tcp":{}},"Tty":false,"OpenStdin":false,"StdinOnce":false,"Env":["MYSQL_DATABASE=adm_videos","MYSQL_PASSWORD=123456","MYSQL_ROOT_PASSWORD=123456","PATH=/usr/local/sbin:/usr/local/bin:/usr/sbin:/usr/bin:/sbin:/bin","GOSU_VERSION=1.16","MYSQL_MAJOR=8.0","MYSQL_VERSION=8.0.32-1.el8","MYSQL_SHELL_VERSION=8.0.32-1.el8"],"Cmd":["mysqld"],"Image":"mysql:latest","Volumes":{"/var/lib/mysql":{}},"WorkingDir":"","Entrypoint":["docker-entrypoint.sh"],"OnBuild":null,"Labels":{"org.testcontainers":"true","org.testcontainers.lang":"java","org.testcontainers.sessionId":"818a13d9-e138-4e41-b5a4-74fd927e6a2d","org.testcontainers.version":"1.17.6"}},"NetworkSettings":{"Bridge":"","SandboxID":"bd1f3a626f226e407a1a406212013b21c93b302c93f9fd53a405b7fc5ff825b3","HairpinMode":false,"LinkLocalIPv6Address":"","LinkLocalIPv6PrefixLen":0,"Ports":{"3306/tcp":[{"HostIp":"0.0.0.0","HostPort":"56289"}],"33060/tcp":null},"SandboxKey":"/var/run/docker/netns/bd1f3a626f22","SecondaryIPAddresses":null,"SecondaryIPv6Addresses":null,"EndpointID":"a2b725c0c5ce4503f8e45e0c2adc4455b29a53a4866d3f23b2bce893a084641f","Gateway":"172.17.0.1","GlobalIPv6Address":"","GlobalIPv6PrefixLen":0,"IPAddress":"172.17.0.3","IPPrefixLen":16,"IPv6Gateway":"","MacAddress":"02:42:ac:11:00:03","Networks":{"bridge":{"IPAMConfig":null,"Links":null,"Aliases":null,"NetworkID":"308e234c143065751b16b4500cb9f48d5c7fc2116504b3d816a5e51cd4771062","EndpointID":"a2b725c0c5ce4503f8e45e0c2adc4455b29a53a4866d3f23b2bce893a084641f","Gateway":"172.17.0.1","IPAddress":"172.17.0.3","IPPrefixLen":16,"IPv6Gateway":"","GlobalIPv6Address":"","GlobalIPv6PrefixLen":0,"MacAddress":"02:42:ac:11:00:03","DriverOpts":null}}}}[\n]"
23:55:08.483 [Test worker] DEBUG com.github.dockerjava.zerodep.shaded.org.apache.hc.client5.http.wire - http-outgoing-2 << "[\r][\n]"
23:55:08.484 [Test worker] DEBUG com.github.dockerjava.zerodep.shaded.org.apache.hc.client5.http.wire - http-outgoing-2 << "0[\r][\n]"
23:55:08.484 [Test worker] DEBUG com.github.dockerjava.zerodep.shaded.org.apache.hc.client5.http.wire - http-outgoing-2 << "[\r][\n]"
23:55:08.484 [Test worker] DEBUG com.github.dockerjava.zerodep.shaded.org.apache.hc.client5.http.impl.classic.InternalHttpClient - ep-00000039: releasing valid endpoint
23:55:08.484 [Test worker] DEBUG com.github.dockerjava.zerodep.shaded.org.apache.hc.client5.http.impl.io.PoolingHttpClientConnectionManager - ep-00000039: releasing endpoint
23:55:08.484 [Test worker] DEBUG com.github.dockerjava.zerodep.shaded.org.apache.hc.client5.http.impl.io.PoolingHttpClientConnectionManager - ep-00000039: connection http-outgoing-2 can be kept alive for 3 MINUTES
23:55:08.484 [Test worker] DEBUG com.github.dockerjava.zerodep.shaded.org.apache.hc.client5.http.impl.io.PoolingHttpClientConnectionManager - ep-00000039: connection released [route: {}->unix://localhost:2375][total available: 1; route allocated: 1 of 2147483647; total allocated: 1 of 2147483647]
23:55:08.484 [Test worker] DEBUG ]]>&#x1f433;<![CDATA[ [mysql:latest] - Trying to create JDBC connection using com.mysql.cj.jdbc.Driver to jdbc:mysql://localhost:56289/adm_videos?useSSL=false&allowPublicKeyRetrieval=true with properties: {password=123456, user=root}
23:55:08.587 [Test worker] DEBUG org.testcontainers.shaded.com.github.dockerjava.core.command.AbstrDockerCmd - Cmd: c37a42694b7d1cff581f5e7b89a60b044af4721181408c271e821f1413201ca6,false
23:55:08.588 [Test worker] DEBUG org.testcontainers.shaded.com.github.dockerjava.core.exec.InspectContainerCmdExec - GET: DefaultWebTarget{path=[/containers/c37a42694b7d1cff581f5e7b89a60b044af4721181408c271e821f1413201ca6/json], queryParams={}}
23:55:08.588 [Test worker] DEBUG com.github.dockerjava.zerodep.shaded.org.apache.hc.client5.http.impl.classic.InternalHttpClient - ex-0000003B: preparing request execution
23:55:08.588 [Test worker] DEBUG com.github.dockerjava.zerodep.shaded.org.apache.hc.client5.http.protocol.RequestAddCookies - Cookie spec selected: strict
23:55:08.588 [Test worker] DEBUG com.github.dockerjava.zerodep.shaded.org.apache.hc.client5.http.protocol.RequestAuthCache - Auth cache not set in the context
23:55:08.588 [Test worker] DEBUG com.github.dockerjava.zerodep.shaded.org.apache.hc.client5.http.impl.classic.ProtocolExec - ex-0000003B: target auth state: UNCHALLENGED
23:55:08.588 [Test worker] DEBUG com.github.dockerjava.zerodep.shaded.org.apache.hc.client5.http.impl.classic.ProtocolExec - ex-0000003B: proxy auth state: UNCHALLENGED
23:55:08.588 [Test worker] DEBUG com.github.dockerjava.zerodep.shaded.org.apache.hc.client5.http.impl.classic.ConnectExec - ex-0000003B: acquiring connection with route {}->unix://localhost:2375
23:55:08.588 [Test worker] DEBUG com.github.dockerjava.zerodep.shaded.org.apache.hc.client5.http.impl.classic.InternalHttpClient - ex-0000003B: acquiring endpoint (3 MINUTES)
23:55:08.588 [Test worker] DEBUG com.github.dockerjava.zerodep.shaded.org.apache.hc.client5.http.impl.io.PoolingHttpClientConnectionManager - ex-0000003B: endpoint lease request (3 MINUTES) [route: {}->unix://localhost:2375][total available: 1; route allocated: 1 of 2147483647; total allocated: 1 of 2147483647]
23:55:08.588 [Test worker] DEBUG com.github.dockerjava.zerodep.shaded.org.apache.hc.client5.http.impl.io.PoolingHttpClientConnectionManager - ex-0000003B: endpoint leased [route: {}->unix://localhost:2375][total available: 0; route allocated: 1 of 2147483647; total allocated: 1 of 2147483647]
23:55:08.589 [Test worker] DEBUG com.github.dockerjava.zerodep.shaded.org.apache.hc.client5.http.impl.io.PoolingHttpClientConnectionManager - ex-0000003B: acquired ep-0000003A
23:55:08.589 [Test worker] DEBUG com.github.dockerjava.zerodep.shaded.org.apache.hc.client5.http.impl.classic.InternalHttpClient - ex-0000003B: acquired endpoint ep-0000003A
23:55:08.589 [Test worker] DEBUG com.github.dockerjava.zerodep.shaded.org.apache.hc.client5.http.impl.classic.MainClientExec - ex-0000003B: executing GET /v1.32/containers/c37a42694b7d1cff581f5e7b89a60b044af4721181408c271e821f1413201ca6/json HTTP/1.1
23:55:08.589 [Test worker] DEBUG com.github.dockerjava.zerodep.shaded.org.apache.hc.client5.http.impl.classic.InternalHttpClient - ep-0000003A: start execution ex-0000003B
23:55:08.589 [Test worker] DEBUG com.github.dockerjava.zerodep.shaded.org.apache.hc.client5.http.impl.io.PoolingHttpClientConnectionManager - ep-0000003A: executing exchange ex-0000003B over http-outgoing-2
23:55:08.589 [Test worker] DEBUG com.github.dockerjava.zerodep.shaded.org.apache.hc.client5.http.headers - http-outgoing-2 >> GET /v1.32/containers/c37a42694b7d1cff581f5e7b89a60b044af4721181408c271e821f1413201ca6/json HTTP/1.1
23:55:08.589 [Test worker] DEBUG com.github.dockerjava.zerodep.shaded.org.apache.hc.client5.http.headers - http-outgoing-2 >> accept: application/json
23:55:08.589 [Test worker] DEBUG com.github.dockerjava.zerodep.shaded.org.apache.hc.client5.http.headers - http-outgoing-2 >> x-tc-sid: 818a13d9-e138-4e41-b5a4-74fd927e6a2d
23:55:08.589 [Test worker] DEBUG com.github.dockerjava.zerodep.shaded.org.apache.hc.client5.http.headers - http-outgoing-2 >> Accept-Encoding: gzip, x-gzip, deflate
23:55:08.589 [Test worker] DEBUG com.github.dockerjava.zerodep.shaded.org.apache.hc.client5.http.headers - http-outgoing-2 >> Host: localhost:2375
23:55:08.589 [Test worker] DEBUG com.github.dockerjava.zerodep.shaded.org.apache.hc.client5.http.headers - http-outgoing-2 >> Connection: keep-alive
23:55:08.589 [Test worker] DEBUG com.github.dockerjava.zerodep.shaded.org.apache.hc.client5.http.headers - http-outgoing-2 >> User-Agent: Apache-HttpClient/5.0.3 (Java/17.0.2)
23:55:08.589 [Test worker] DEBUG com.github.dockerjava.zerodep.shaded.org.apache.hc.client5.http.wire - http-outgoing-2 >> "GET /v1.32/containers/c37a42694b7d1cff581f5e7b89a60b044af4721181408c271e821f1413201ca6/json HTTP/1.1[\r][\n]"
23:55:08.589 [Test worker] DEBUG com.github.dockerjava.zerodep.shaded.org.apache.hc.client5.http.wire - http-outgoing-2 >> "accept: application/json[\r][\n]"
23:55:08.589 [Test worker] DEBUG com.github.dockerjava.zerodep.shaded.org.apache.hc.client5.http.wire - http-outgoing-2 >> "x-tc-sid: 818a13d9-e138-4e41-b5a4-74fd927e6a2d[\r][\n]"
23:55:08.589 [Test worker] DEBUG com.github.dockerjava.zerodep.shaded.org.apache.hc.client5.http.wire - http-outgoing-2 >> "Accept-Encoding: gzip, x-gzip, deflate[\r][\n]"
23:55:08.589 [Test worker] DEBUG com.github.dockerjava.zerodep.shaded.org.apache.hc.client5.http.wire - http-outgoing-2 >> "Host: localhost:2375[\r][\n]"
23:55:08.589 [Test worker] DEBUG com.github.dockerjava.zerodep.shaded.org.apache.hc.client5.http.wire - http-outgoing-2 >> "Connection: keep-alive[\r][\n]"
23:55:08.589 [Test worker] DEBUG com.github.dockerjava.zerodep.shaded.org.apache.hc.client5.http.wire - http-outgoing-2 >> "User-Agent: Apache-HttpClient/5.0.3 (Java/17.0.2)[\r][\n]"
23:55:08.589 [Test worker] DEBUG com.github.dockerjava.zerodep.shaded.org.apache.hc.client5.http.wire - http-outgoing-2 >> "[\r][\n]"
23:55:08.591 [Test worker] DEBUG com.github.dockerjava.zerodep.shaded.org.apache.hc.client5.http.wire - http-outgoing-2 << "HTTP/1.1 200 OK[\r][\n]"
23:55:08.591 [Test worker] DEBUG com.github.dockerjava.zerodep.shaded.org.apache.hc.client5.http.wire - http-outgoing-2 << "Api-Version: 1.41[\r][\n]"
23:55:08.591 [Test worker] DEBUG com.github.dockerjava.zerodep.shaded.org.apache.hc.client5.http.wire - http-outgoing-2 << "Content-Type: application/json[\r][\n]"
23:55:08.591 [Test worker] DEBUG com.github.dockerjava.zerodep.shaded.org.apache.hc.client5.http.wire - http-outgoing-2 << "Date: Mon, 27 Mar 2023 02:55:08 GMT[\r][\n]"
23:55:08.591 [Test worker] DEBUG com.github.dockerjava.zerodep.shaded.org.apache.hc.client5.http.wire - http-outgoing-2 << "Docker-Experimental: false[\r][\n]"
23:55:08.591 [Test worker] DEBUG com.github.dockerjava.zerodep.shaded.org.apache.hc.client5.http.wire - http-outgoing-2 << "Ostype: linux[\r][\n]"
23:55:08.591 [Test worker] DEBUG com.github.dockerjava.zerodep.shaded.org.apache.hc.client5.http.wire - http-outgoing-2 << "Server: Docker/20.10.21 (linux)[\r][\n]"
23:55:08.591 [Test worker] DEBUG com.github.dockerjava.zerodep.shaded.org.apache.hc.client5.http.wire - http-outgoing-2 << "Transfer-Encoding: chunked[\r][\n]"
23:55:08.591 [Test worker] DEBUG com.github.dockerjava.zerodep.shaded.org.apache.hc.client5.http.wire - http-outgoing-2 << "[\r][\n]"
23:55:08.592 [Test worker] DEBUG com.github.dockerjava.zerodep.shaded.org.apache.hc.client5.http.headers - http-outgoing-2 << HTTP/1.1 200 OK
23:55:08.592 [Test worker] DEBUG com.github.dockerjava.zerodep.shaded.org.apache.hc.client5.http.headers - http-outgoing-2 << Api-Version: 1.41
23:55:08.592 [Test worker] DEBUG com.github.dockerjava.zerodep.shaded.org.apache.hc.client5.http.headers - http-outgoing-2 << Content-Type: application/json
23:55:08.592 [Test worker] DEBUG com.github.dockerjava.zerodep.shaded.org.apache.hc.client5.http.headers - http-outgoing-2 << Date: Mon, 27 Mar 2023 02:55:08 GMT
23:55:08.592 [Test worker] DEBUG com.github.dockerjava.zerodep.shaded.org.apache.hc.client5.http.headers - http-outgoing-2 << Docker-Experimental: false
23:55:08.592 [Test worker] DEBUG com.github.dockerjava.zerodep.shaded.org.apache.hc.client5.http.headers - http-outgoing-2 << Ostype: linux
23:55:08.592 [Test worker] DEBUG com.github.dockerjava.zerodep.shaded.org.apache.hc.client5.http.headers - http-outgoing-2 << Server: Docker/20.10.21 (linux)
23:55:08.592 [Test worker] DEBUG com.github.dockerjava.zerodep.shaded.org.apache.hc.client5.http.headers - http-outgoing-2 << Transfer-Encoding: chunked
23:55:08.592 [Test worker] DEBUG com.github.dockerjava.zerodep.shaded.org.apache.hc.client5.http.impl.classic.MainClientExec - ex-0000003B: connection can be kept alive for 3 MINUTES
23:55:08.593 [Test worker] DEBUG com.github.dockerjava.zerodep.shaded.org.apache.hc.client5.http.wire - http-outgoing-2 << "18c1[\r][\n]"
23:55:08.593 [Test worker] DEBUG com.github.dockerjava.zerodep.shaded.org.apache.hc.client5.http.wire - http-outgoing-2 << "{"Id":"c37a42694b7d1cff581f5e7b89a60b044af4721181408c271e821f1413201ca6","Created":"2023-03-27T02:55:02.49734542Z","Path":"docker-entrypoint.sh","Args":["mysqld"],"State":{"Status":"running","Running":true,"Paused":false,"Restarting":false,"OOMKilled":false,"Dead":false,"Pid":18342,"ExitCode":0,"Error":"","StartedAt":"2023-03-27T02:55:03.12719392Z","FinishedAt":"0001-01-01T00:00:00Z"},"Image":"sha256:c7c54c29e20dccc1aefb936c8eba8bb8b98b87a4921102aba87fde2df5810af9","ResolvConfPath":"/var/lib/docker/containers/c37a42694b7d1cff581f5e7b89a60b044af4721181408c271e821f1413201ca6/resolv.conf","HostnamePath":"/var/lib/docker/containers/c37a42694b7d1cff581f5e7b89a60b044af4721181408c271e821f1413201ca6/hostname","HostsPath":"/var/lib/docker/containers/c37a42694b7d1cff581f5e7b89a60b044af4721181408c271e821f1413201ca6/hosts","LogPath":"/var/lib/docker/containers/c37a42694b7d1cff581f5e7b89a60b044af4721181408c271e821f1413201ca6/c37a42694b7d1cff581f5e7b89a60b044af4721181408c271e821f1413201ca6-json.log","Name":"/elegant_mahavira","RestartCount":0,"Driver":"overlay2","Platform":"linux","MountLabel":"","ProcessLabel":"","AppArmorProfile":"","ExecIDs":null,"HostConfig":{"Binds":[],"ContainerIDFile":"","LogConfig":{"Type":"json-file","Config":{}},"NetworkMode":"default","PortBindings":{"3306/tcp":[{"HostIp":"0.0.0.0","HostPort":"0"}]},"RestartPolicy":{"Name":"","MaximumRetryCount":0},"AutoRemove":false,"VolumeDriver":"","VolumesFrom":[],"CapAdd":null,"CapDrop":null,"CgroupnsMode":"private","Dns":null,"DnsOptions":null,"DnsSearch":null,"ExtraHosts":[],"GroupAdd":null,"IpcMode":"shareable","Cgroup":"","Links":null,"OomScoreAdj":0,"PidMode":"","Privileged":false,"PublishAllPorts":false,"ReadonlyRootfs":false,"SecurityOpt":null,"UTSMode":"","UsernsMode":"","ShmSize":67108864,"Runtime":"runc","ConsoleSize":[0,0],"Isolation":"","CpuShares":0,"Memory":0,"NanoCpus":0,"CgroupParent":"","BlkioWeight":0,"BlkioWeightDevice":null,"BlkioDeviceReadBps":null,"BlkioDeviceWriteBps":null,"BlkioDeviceReadIOps":null,"BlkioDeviceWriteIOps":null,"CpuPeriod":0,"CpuQuota":0,"CpuRealtimePeriod":0,"CpuRealtimeRuntime":0,"CpusetCpus":"","CpusetMems":"","Devices":null,"DeviceCgroupRules":null,"DeviceRequests":null,"KernelMemory":0,"KernelMemoryTCP":0,"MemoryReservation":0,"MemorySwap":0,"MemorySwappiness":null,"OomKillDisable":null,"PidsLimit":null,"Ulimits":null,"CpuCount":0,"CpuPercent":0,"IOMaximumIOps":0,"IOMaximumBandwidth":0,"MaskedPaths":["/proc/asound","/proc/acpi","/proc/kcore","/proc/keys","/proc/latency_stats","/proc/timer_list","/proc/timer_stats","/proc/sched_debug","/proc/scsi","/sys/firmware"],"ReadonlyPaths":["/proc/bus","/proc/fs","/proc/irq","/proc/sys","/proc/sysrq-trigger"]},"GraphDriver":{"Data":{"LowerDir":"/var/lib/docker/overlay2/2c15a904a49807090175d7750f18e0f6a57e99c38a424839679cbaf676a4d500-init/diff:/var/lib/docker/overlay2/1bd8849d7a296305617011f940aa5cfabbe972a513397b1b6bbc27639b6c1f30/diff:/var/lib/docker/overlay2/199d69b2fbf78af4d4c95dec4fd2f8835ab0347eb49fb20ebb2ff3b99fedd6ad/diff:/var/lib/docker/overlay2/d83c38d654989311f75b9491329846033bfb7714de76ef635380dcfad5c740d9/diff:/var/lib/docker/overlay2/08600d0aea2ab2728bebcf5d2589c640a842f53d1ba3c4a4adccb4d03b923cf6/diff:/var/lib/docker/overlay2/9ec7c63a3fb14d13ac788bbf5e282ca821edc41260b79944e5e631037d13ecda/diff:/var/lib/docker/overlay2/db601d7a1b4ea6da638db620462f0da96fa55c559d02269c9ddb09027936ed87/diff:/var/lib/docker/overlay2/a6d2bd03f942e2565f21e74cfe152c7ec836a1c2b583f0790c685b92bdcfda24/diff:/var/lib/docker/overlay2/9badd16ea2c5e2bf1fde8b579683e41137dfc46ed5449234149f199a6751cc84/diff:/var/lib/docker/overlay2/6efb85646ed12e2d1181ef4cc6f6f6732c00c15a4035fe17ebc4f075ca573c30/diff:/var/lib/docker/overlay2/895d7c0ec09144d6ed33936f4e98e11c18010f7abd708cae1ce43aec7a7f2621/diff:/var/lib/docker/overlay2/1c4ba77aa573ab6e5e5069fd15eae71b3da940bde0f97a922a227ffc8a1d1096/diff","MergedDir":"/var/lib/docker/overlay2/2c15a904a49807090175d7750f18e0f6a57e99c38a424839679cbaf676a4d500/merged","UpperDir":"/var/lib/docker/overlay2/2c15a904a49807090175d7750f18e0f6a57e99c38a424839679cbaf676a4d500/diff","WorkDir":"/var/lib/docker/overlay2/2c15a904a49807090175d7750f18e0f6a57e99c38a424839679cbaf676a4d500/work"},"Name":"overlay2"},"Mounts":[{"Type":"volume","Name":"44a9389ce95a2961210e86afd6afe42b23405f43157b5dc00e010d283c01df79","Source":"/var/lib/docker/volumes/44a9389ce95a2961210e86afd6afe42b23405f43157b5dc00e010d283c01df79/_data","Destination":"/var/lib/mysql","Driver":"local","Mode":"","RW":true,"Propagation":""}],"Config":{"Hostname":"c37a42694b7d","Domainname":"","User":"","AttachStdin":false,"AttachStdout":false,"AttachStderr":false,"ExposedPorts":{"3306/tcp":{},"33060/tcp":{}},"Tty":false,"OpenStdin":false,"StdinOnce":false,"Env":["MYSQL_DATABASE=adm_videos","MYSQL_PASSWORD=123456","MYSQL_ROOT_PASSWORD=123456","PATH=/usr/local/sbin:/usr/local/bin:/usr/sbin:/usr/bin:/sbin:/bin","GOSU_VERSION=1.16","MYSQL_MAJOR=8.0","MYSQL_VERSION=8.0.32-1.el8","MYSQL_SHELL_VERSION=8.0.32-1.el8"],"Cmd":["mysqld"],"Image":"mysql:latest","Volumes":{"/var/lib/mysql":{}},"WorkingDir":"","Entrypoint":["docker-entrypoint.sh"],"OnBuild":null,"Labels":{"org.testcontainers":"true","org.testcontainers.lang":"java","org.testcontainers.sessionId":"818a13d9-e138-4e41-b5a4-74fd927e6a2d","org.testcontainers.version":"1.17.6"}},"NetworkSettings":{"Bridge":"","SandboxID":"bd1f3a626f226e407a1a406212013b21c93b302c93f9fd53a405b7fc5ff825b3","HairpinMode":false,"LinkLocalIPv6Address":"","LinkLocalIPv6PrefixLen":0,"Ports":{"3306/tcp":[{"HostIp":"0.0.0.0","HostPort":"56289"}],"33060/tcp":null},"SandboxKey":"/var/run/docker/netns/bd1f3a626f22","SecondaryIPAddresses":null,"SecondaryIPv6Addresses":null,"EndpointID":"a2b725c0c5ce4503f8e45e0c2adc4455b29a53a4866d3f23b2bce893a084641f","Gateway":"172.17.0.1","GlobalIPv6Address":"","GlobalIPv6PrefixLen":0,"IPAddress":"172.17.0.3","IPPrefixLen":16,"IPv6Gateway":"","MacAddress":"02:42:ac:11:00:03","Networks":{"bridge":{"IPAMConfig":null,"Links":null,"Aliases":null,"NetworkID":"308e234c143065751b16b4500cb9f48d5c7fc2116504b3d816a5e51cd4771062","EndpointID":"a2b725c0c5ce4503f8e45e0c2adc4455b29a53a4866d3f23b2bce893a084641f","Gateway":"172.17.0.1","IPAddress":"172.17.0.3","IPPrefixLen":16,"IPv6Gateway":"","GlobalIPv6Address":"","GlobalIPv6PrefixLen":0,"MacAddress":"02:42:ac:11:00:03","DriverOpts":null}}}}[\n]"
23:55:08.593 [Test worker] DEBUG com.github.dockerjava.zerodep.shaded.org.apache.hc.client5.http.wire - http-outgoing-2 << "[\r][\n]"
23:55:08.594 [Test worker] DEBUG com.github.dockerjava.zerodep.shaded.org.apache.hc.client5.http.wire - http-outgoing-2 << "0[\r][\n]"
23:55:08.594 [Test worker] DEBUG com.github.dockerjava.zerodep.shaded.org.apache.hc.client5.http.wire - http-outgoing-2 << "[\r][\n]"
23:55:08.594 [Test worker] DEBUG com.github.dockerjava.zerodep.shaded.org.apache.hc.client5.http.impl.classic.InternalHttpClient - ep-0000003A: releasing valid endpoint
23:55:08.594 [Test worker] DEBUG com.github.dockerjava.zerodep.shaded.org.apache.hc.client5.http.impl.io.PoolingHttpClientConnectionManager - ep-0000003A: releasing endpoint
23:55:08.594 [Test worker] DEBUG com.github.dockerjava.zerodep.shaded.org.apache.hc.client5.http.impl.io.PoolingHttpClientConnectionManager - ep-0000003A: connection http-outgoing-2 can be kept alive for 3 MINUTES
23:55:08.595 [Test worker] DEBUG com.github.dockerjava.zerodep.shaded.org.apache.hc.client5.http.impl.io.PoolingHttpClientConnectionManager - ep-0000003A: connection released [route: {}->unix://localhost:2375][total available: 1; route allocated: 1 of 2147483647; total allocated: 1 of 2147483647]
23:55:08.595 [Test worker] DEBUG ]]>&#x1f433;<![CDATA[ [mysql:latest] - Trying to create JDBC connection using com.mysql.cj.jdbc.Driver to jdbc:mysql://localhost:56289/adm_videos?useSSL=false&allowPublicKeyRetrieval=true with properties: {password=123456, user=root}
23:55:08.697 [Test worker] DEBUG org.testcontainers.shaded.com.github.dockerjava.core.command.AbstrDockerCmd - Cmd: c37a42694b7d1cff581f5e7b89a60b044af4721181408c271e821f1413201ca6,false
23:55:08.698 [Test worker] DEBUG org.testcontainers.shaded.com.github.dockerjava.core.exec.InspectContainerCmdExec - GET: DefaultWebTarget{path=[/containers/c37a42694b7d1cff581f5e7b89a60b044af4721181408c271e821f1413201ca6/json], queryParams={}}
23:55:08.698 [Test worker] DEBUG com.github.dockerjava.zerodep.shaded.org.apache.hc.client5.http.impl.classic.InternalHttpClient - ex-0000003C: preparing request execution
23:55:08.698 [Test worker] DEBUG com.github.dockerjava.zerodep.shaded.org.apache.hc.client5.http.protocol.RequestAddCookies - Cookie spec selected: strict
23:55:08.698 [Test worker] DEBUG com.github.dockerjava.zerodep.shaded.org.apache.hc.client5.http.protocol.RequestAuthCache - Auth cache not set in the context
23:55:08.698 [Test worker] DEBUG com.github.dockerjava.zerodep.shaded.org.apache.hc.client5.http.impl.classic.ProtocolExec - ex-0000003C: target auth state: UNCHALLENGED
23:55:08.698 [Test worker] DEBUG com.github.dockerjava.zerodep.shaded.org.apache.hc.client5.http.impl.classic.ProtocolExec - ex-0000003C: proxy auth state: UNCHALLENGED
23:55:08.698 [Test worker] DEBUG com.github.dockerjava.zerodep.shaded.org.apache.hc.client5.http.impl.classic.ConnectExec - ex-0000003C: acquiring connection with route {}->unix://localhost:2375
23:55:08.698 [Test worker] DEBUG com.github.dockerjava.zerodep.shaded.org.apache.hc.client5.http.impl.classic.InternalHttpClient - ex-0000003C: acquiring endpoint (3 MINUTES)
23:55:08.699 [Test worker] DEBUG com.github.dockerjava.zerodep.shaded.org.apache.hc.client5.http.impl.io.PoolingHttpClientConnectionManager - ex-0000003C: endpoint lease request (3 MINUTES) [route: {}->unix://localhost:2375][total available: 1; route allocated: 1 of 2147483647; total allocated: 1 of 2147483647]
23:55:08.699 [Test worker] DEBUG com.github.dockerjava.zerodep.shaded.org.apache.hc.client5.http.impl.io.PoolingHttpClientConnectionManager - ex-0000003C: endpoint leased [route: {}->unix://localhost:2375][total available: 0; route allocated: 1 of 2147483647; total allocated: 1 of 2147483647]
23:55:08.699 [Test worker] DEBUG com.github.dockerjava.zerodep.shaded.org.apache.hc.client5.http.impl.io.PoolingHttpClientConnectionManager - ex-0000003C: acquired ep-0000003B
23:55:08.699 [Test worker] DEBUG com.github.dockerjava.zerodep.shaded.org.apache.hc.client5.http.impl.classic.InternalHttpClient - ex-0000003C: acquired endpoint ep-0000003B
23:55:08.699 [Test worker] DEBUG com.github.dockerjava.zerodep.shaded.org.apache.hc.client5.http.impl.classic.MainClientExec - ex-0000003C: executing GET /v1.32/containers/c37a42694b7d1cff581f5e7b89a60b044af4721181408c271e821f1413201ca6/json HTTP/1.1
23:55:08.699 [Test worker] DEBUG com.github.dockerjava.zerodep.shaded.org.apache.hc.client5.http.impl.classic.InternalHttpClient - ep-0000003B: start execution ex-0000003C
23:55:08.699 [Test worker] DEBUG com.github.dockerjava.zerodep.shaded.org.apache.hc.client5.http.impl.io.PoolingHttpClientConnectionManager - ep-0000003B: executing exchange ex-0000003C over http-outgoing-2
23:55:08.699 [Test worker] DEBUG com.github.dockerjava.zerodep.shaded.org.apache.hc.client5.http.headers - http-outgoing-2 >> GET /v1.32/containers/c37a42694b7d1cff581f5e7b89a60b044af4721181408c271e821f1413201ca6/json HTTP/1.1
23:55:08.699 [Test worker] DEBUG com.github.dockerjava.zerodep.shaded.org.apache.hc.client5.http.headers - http-outgoing-2 >> accept: application/json
23:55:08.699 [Test worker] DEBUG com.github.dockerjava.zerodep.shaded.org.apache.hc.client5.http.headers - http-outgoing-2 >> x-tc-sid: 818a13d9-e138-4e41-b5a4-74fd927e6a2d
23:55:08.699 [Test worker] DEBUG com.github.dockerjava.zerodep.shaded.org.apache.hc.client5.http.headers - http-outgoing-2 >> Accept-Encoding: gzip, x-gzip, deflate
23:55:08.699 [Test worker] DEBUG com.github.dockerjava.zerodep.shaded.org.apache.hc.client5.http.headers - http-outgoing-2 >> Host: localhost:2375
23:55:08.699 [Test worker] DEBUG com.github.dockerjava.zerodep.shaded.org.apache.hc.client5.http.headers - http-outgoing-2 >> Connection: keep-alive
23:55:08.699 [Test worker] DEBUG com.github.dockerjava.zerodep.shaded.org.apache.hc.client5.http.headers - http-outgoing-2 >> User-Agent: Apache-HttpClient/5.0.3 (Java/17.0.2)
23:55:08.699 [Test worker] DEBUG com.github.dockerjava.zerodep.shaded.org.apache.hc.client5.http.wire - http-outgoing-2 >> "GET /v1.32/containers/c37a42694b7d1cff581f5e7b89a60b044af4721181408c271e821f1413201ca6/json HTTP/1.1[\r][\n]"
23:55:08.699 [Test worker] DEBUG com.github.dockerjava.zerodep.shaded.org.apache.hc.client5.http.wire - http-outgoing-2 >> "accept: application/json[\r][\n]"
23:55:08.699 [Test worker] DEBUG com.github.dockerjava.zerodep.shaded.org.apache.hc.client5.http.wire - http-outgoing-2 >> "x-tc-sid: 818a13d9-e138-4e41-b5a4-74fd927e6a2d[\r][\n]"
23:55:08.699 [Test worker] DEBUG com.github.dockerjava.zerodep.shaded.org.apache.hc.client5.http.wire - http-outgoing-2 >> "Accept-Encoding: gzip, x-gzip, deflate[\r][\n]"
23:55:08.699 [Test worker] DEBUG com.github.dockerjava.zerodep.shaded.org.apache.hc.client5.http.wire - http-outgoing-2 >> "Host: localhost:2375[\r][\n]"
23:55:08.699 [Test worker] DEBUG com.github.dockerjava.zerodep.shaded.org.apache.hc.client5.http.wire - http-outgoing-2 >> "Connection: keep-alive[\r][\n]"
23:55:08.699 [Test worker] DEBUG com.github.dockerjava.zerodep.shaded.org.apache.hc.client5.http.wire - http-outgoing-2 >> "User-Agent: Apache-HttpClient/5.0.3 (Java/17.0.2)[\r][\n]"
23:55:08.699 [Test worker] DEBUG com.github.dockerjava.zerodep.shaded.org.apache.hc.client5.http.wire - http-outgoing-2 >> "[\r][\n]"
23:55:08.701 [Test worker] DEBUG com.github.dockerjava.zerodep.shaded.org.apache.hc.client5.http.wire - http-outgoing-2 << "HTTP/1.1 200 OK[\r][\n]"
23:55:08.701 [Test worker] DEBUG com.github.dockerjava.zerodep.shaded.org.apache.hc.client5.http.wire - http-outgoing-2 << "Api-Version: 1.41[\r][\n]"
23:55:08.701 [Test worker] DEBUG com.github.dockerjava.zerodep.shaded.org.apache.hc.client5.http.wire - http-outgoing-2 << "Content-Type: application/json[\r][\n]"
23:55:08.701 [Test worker] DEBUG com.github.dockerjava.zerodep.shaded.org.apache.hc.client5.http.wire - http-outgoing-2 << "Date: Mon, 27 Mar 2023 02:55:08 GMT[\r][\n]"
23:55:08.701 [Test worker] DEBUG com.github.dockerjava.zerodep.shaded.org.apache.hc.client5.http.wire - http-outgoing-2 << "Docker-Experimental: false[\r][\n]"
23:55:08.701 [Test worker] DEBUG com.github.dockerjava.zerodep.shaded.org.apache.hc.client5.http.wire - http-outgoing-2 << "Ostype: linux[\r][\n]"
23:55:08.701 [Test worker] DEBUG com.github.dockerjava.zerodep.shaded.org.apache.hc.client5.http.wire - http-outgoing-2 << "Server: Docker/20.10.21 (linux)[\r][\n]"
23:55:08.701 [Test worker] DEBUG com.github.dockerjava.zerodep.shaded.org.apache.hc.client5.http.wire - http-outgoing-2 << "Transfer-Encoding: chunked[\r][\n]"
23:55:08.701 [Test worker] DEBUG com.github.dockerjava.zerodep.shaded.org.apache.hc.client5.http.wire - http-outgoing-2 << "[\r][\n]"
23:55:08.701 [Test worker] DEBUG com.github.dockerjava.zerodep.shaded.org.apache.hc.client5.http.headers - http-outgoing-2 << HTTP/1.1 200 OK
23:55:08.701 [Test worker] DEBUG com.github.dockerjava.zerodep.shaded.org.apache.hc.client5.http.headers - http-outgoing-2 << Api-Version: 1.41
23:55:08.701 [Test worker] DEBUG com.github.dockerjava.zerodep.shaded.org.apache.hc.client5.http.headers - http-outgoing-2 << Content-Type: application/json
23:55:08.701 [Test worker] DEBUG com.github.dockerjava.zerodep.shaded.org.apache.hc.client5.http.headers - http-outgoing-2 << Date: Mon, 27 Mar 2023 02:55:08 GMT
23:55:08.701 [Test worker] DEBUG com.github.dockerjava.zerodep.shaded.org.apache.hc.client5.http.headers - http-outgoing-2 << Docker-Experimental: false
23:55:08.701 [Test worker] DEBUG com.github.dockerjava.zerodep.shaded.org.apache.hc.client5.http.headers - http-outgoing-2 << Ostype: linux
23:55:08.701 [Test worker] DEBUG com.github.dockerjava.zerodep.shaded.org.apache.hc.client5.http.headers - http-outgoing-2 << Server: Docker/20.10.21 (linux)
23:55:08.701 [Test worker] DEBUG com.github.dockerjava.zerodep.shaded.org.apache.hc.client5.http.headers - http-outgoing-2 << Transfer-Encoding: chunked
23:55:08.702 [Test worker] DEBUG com.github.dockerjava.zerodep.shaded.org.apache.hc.client5.http.impl.classic.MainClientExec - ex-0000003C: connection can be kept alive for 3 MINUTES
23:55:08.702 [Test worker] DEBUG com.github.dockerjava.zerodep.shaded.org.apache.hc.client5.http.wire - http-outgoing-2 << "18c1[\r][\n]"
23:55:08.703 [Test worker] DEBUG com.github.dockerjava.zerodep.shaded.org.apache.hc.client5.http.wire - http-outgoing-2 << "{"Id":"c37a42694b7d1cff581f5e7b89a60b044af4721181408c271e821f1413201ca6","Created":"2023-03-27T02:55:02.49734542Z","Path":"docker-entrypoint.sh","Args":["mysqld"],"State":{"Status":"running","Running":true,"Paused":false,"Restarting":false,"OOMKilled":false,"Dead":false,"Pid":18342,"ExitCode":0,"Error":"","StartedAt":"2023-03-27T02:55:03.12719392Z","FinishedAt":"0001-01-01T00:00:00Z"},"Image":"sha256:c7c54c29e20dccc1aefb936c8eba8bb8b98b87a4921102aba87fde2df5810af9","ResolvConfPath":"/var/lib/docker/containers/c37a42694b7d1cff581f5e7b89a60b044af4721181408c271e821f1413201ca6/resolv.conf","HostnamePath":"/var/lib/docker/containers/c37a42694b7d1cff581f5e7b89a60b044af4721181408c271e821f1413201ca6/hostname","HostsPath":"/var/lib/docker/containers/c37a42694b7d1cff581f5e7b89a60b044af4721181408c271e821f1413201ca6/hosts","LogPath":"/var/lib/docker/containers/c37a42694b7d1cff581f5e7b89a60b044af4721181408c271e821f1413201ca6/c37a42694b7d1cff581f5e7b89a60b044af4721181408c271e821f1413201ca6-json.log","Name":"/elegant_mahavira","RestartCount":0,"Driver":"overlay2","Platform":"linux","MountLabel":"","ProcessLabel":"","AppArmorProfile":"","ExecIDs":null,"HostConfig":{"Binds":[],"ContainerIDFile":"","LogConfig":{"Type":"json-file","Config":{}},"NetworkMode":"default","PortBindings":{"3306/tcp":[{"HostIp":"0.0.0.0","HostPort":"0"}]},"RestartPolicy":{"Name":"","MaximumRetryCount":0},"AutoRemove":false,"VolumeDriver":"","VolumesFrom":[],"CapAdd":null,"CapDrop":null,"CgroupnsMode":"private","Dns":null,"DnsOptions":null,"DnsSearch":null,"ExtraHosts":[],"GroupAdd":null,"IpcMode":"shareable","Cgroup":"","Links":null,"OomScoreAdj":0,"PidMode":"","Privileged":false,"PublishAllPorts":false,"ReadonlyRootfs":false,"SecurityOpt":null,"UTSMode":"","UsernsMode":"","ShmSize":67108864,"Runtime":"runc","ConsoleSize":[0,0],"Isolation":"","CpuShares":0,"Memory":0,"NanoCpus":0,"CgroupParent":"","BlkioWeight":0,"BlkioWeightDevice":null,"BlkioDeviceReadBps":null,"BlkioDeviceWriteBps":null,"BlkioDeviceReadIOps":null,"BlkioDeviceWriteIOps":null,"CpuPeriod":0,"CpuQuota":0,"CpuRealtimePeriod":0,"CpuRealtimeRuntime":0,"CpusetCpus":"","CpusetMems":"","Devices":null,"DeviceCgroupRules":null,"DeviceRequests":null,"KernelMemory":0,"KernelMemoryTCP":0,"MemoryReservation":0,"MemorySwap":0,"MemorySwappiness":null,"OomKillDisable":null,"PidsLimit":null,"Ulimits":null,"CpuCount":0,"CpuPercent":0,"IOMaximumIOps":0,"IOMaximumBandwidth":0,"MaskedPaths":["/proc/asound","/proc/acpi","/proc/kcore","/proc/keys","/proc/latency_stats","/proc/timer_list","/proc/timer_stats","/proc/sched_debug","/proc/scsi","/sys/firmware"],"ReadonlyPaths":["/proc/bus","/proc/fs","/proc/irq","/proc/sys","/proc/sysrq-trigger"]},"GraphDriver":{"Data":{"LowerDir":"/var/lib/docker/overlay2/2c15a904a49807090175d7750f18e0f6a57e99c38a424839679cbaf676a4d500-init/diff:/var/lib/docker/overlay2/1bd8849d7a296305617011f940aa5cfabbe972a513397b1b6bbc27639b6c1f30/diff:/var/lib/docker/overlay2/199d69b2fbf78af4d4c95dec4fd2f8835ab0347eb49fb20ebb2ff3b99fedd6ad/diff:/var/lib/docker/overlay2/d83c38d654989311f75b9491329846033bfb7714de76ef635380dcfad5c740d9/diff:/var/lib/docker/overlay2/08600d0aea2ab2728bebcf5d2589c640a842f53d1ba3c4a4adccb4d03b923cf6/diff:/var/lib/docker/overlay2/9ec7c63a3fb14d13ac788bbf5e282ca821edc41260b79944e5e631037d13ecda/diff:/var/lib/docker/overlay2/db601d7a1b4ea6da638db620462f0da96fa55c559d02269c9ddb09027936ed87/diff:/var/lib/docker/overlay2/a6d2bd03f942e2565f21e74cfe152c7ec836a1c2b583f0790c685b92bdcfda24/diff:/var/lib/docker/overlay2/9badd16ea2c5e2bf1fde8b579683e41137dfc46ed5449234149f199a6751cc84/diff:/var/lib/docker/overlay2/6efb85646ed12e2d1181ef4cc6f6f6732c00c15a4035fe17ebc4f075ca573c30/diff:/var/lib/docker/overlay2/895d7c0ec09144d6ed33936f4e98e11c18010f7abd708cae1ce43aec7a7f2621/diff:/var/lib/docker/overlay2/1c4ba77aa573ab6e5e5069fd15eae71b3da940bde0f97a922a227ffc8a1d1096/diff","MergedDir":"/var/lib/docker/overlay2/2c15a904a49807090175d7750f18e0f6a57e99c38a424839679cbaf676a4d500/merged","UpperDir":"/var/lib/docker/overlay2/2c15a904a49807090175d7750f18e0f6a57e99c38a424839679cbaf676a4d500/diff","WorkDir":"/var/lib/docker/overlay2/2c15a904a49807090175d7750f18e0f6a57e99c38a424839679cbaf676a4d500/work"},"Name":"overlay2"},"Mounts":[{"Type":"volume","Name":"44a9389ce95a2961210e86afd6afe42b23405f43157b5dc00e010d283c01df79","Source":"/var/lib/docker/volumes/44a9389ce95a2961210e86afd6afe42b23405f43157b5dc00e010d283c01df79/_data","Destination":"/var/lib/mysql","Driver":"local","Mode":"","RW":true,"Propagation":""}],"Config":{"Hostname":"c37a42694b7d","Domainname":"","User":"","AttachStdin":false,"AttachStdout":false,"AttachStderr":false,"ExposedPorts":{"3306/tcp":{},"33060/tcp":{}},"Tty":false,"OpenStdin":false,"StdinOnce":false,"Env":["MYSQL_DATABASE=adm_videos","MYSQL_PASSWORD=123456","MYSQL_ROOT_PASSWORD=123456","PATH=/usr/local/sbin:/usr/local/bin:/usr/sbin:/usr/bin:/sbin:/bin","GOSU_VERSION=1.16","MYSQL_MAJOR=8.0","MYSQL_VERSION=8.0.32-1.el8","MYSQL_SHELL_VERSION=8.0.32-1.el8"],"Cmd":["mysqld"],"Image":"mysql:latest","Volumes":{"/var/lib/mysql":{}},"WorkingDir":"","Entrypoint":["docker-entrypoint.sh"],"OnBuild":null,"Labels":{"org.testcontainers":"true","org.testcontainers.lang":"java","org.testcontainers.sessionId":"818a13d9-e138-4e41-b5a4-74fd927e6a2d","org.testcontainers.version":"1.17.6"}},"NetworkSettings":{"Bridge":"","SandboxID":"bd1f3a626f226e407a1a406212013b21c93b302c93f9fd53a405b7fc5ff825b3","HairpinMode":false,"LinkLocalIPv6Address":"","LinkLocalIPv6PrefixLen":0,"Ports":{"3306/tcp":[{"HostIp":"0.0.0.0","HostPort":"56289"}],"33060/tcp":null},"SandboxKey":"/var/run/docker/netns/bd1f3a626f22","SecondaryIPAddresses":null,"SecondaryIPv6Addresses":null,"EndpointID":"a2b725c0c5ce4503f8e45e0c2adc4455b29a53a4866d3f23b2bce893a084641f","Gateway":"172.17.0.1","GlobalIPv6Address":"","GlobalIPv6PrefixLen":0,"IPAddress":"172.17.0.3","IPPrefixLen":16,"IPv6Gateway":"","MacAddress":"02:42:ac:11:00:03","Networks":{"bridge":{"IPAMConfig":null,"Links":null,"Aliases":null,"NetworkID":"308e234c143065751b16b4500cb9f48d5c7fc2116504b3d816a5e51cd4771062","EndpointID":"a2b725c0c5ce4503f8e45e0c2adc4455b29a53a4866d3f23b2bce893a084641f","Gateway":"172.17.0.1","IPAddress":"172.17.0.3","IPPrefixLen":16,"IPv6Gateway":"","GlobalIPv6Address":"","GlobalIPv6PrefixLen":0,"MacAddress":"02:42:ac:11:00:03","DriverOpts":null}}}}[\n]"
23:55:08.703 [Test worker] DEBUG com.github.dockerjava.zerodep.shaded.org.apache.hc.client5.http.wire - http-outgoing-2 << "[\r][\n]"
23:55:08.704 [Test worker] DEBUG com.github.dockerjava.zerodep.shaded.org.apache.hc.client5.http.wire - http-outgoing-2 << "0[\r][\n]"
23:55:08.704 [Test worker] DEBUG com.github.dockerjava.zerodep.shaded.org.apache.hc.client5.http.wire - http-outgoing-2 << "[\r][\n]"
23:55:08.704 [Test worker] DEBUG com.github.dockerjava.zerodep.shaded.org.apache.hc.client5.http.impl.classic.InternalHttpClient - ep-0000003B: releasing valid endpoint
23:55:08.704 [Test worker] DEBUG com.github.dockerjava.zerodep.shaded.org.apache.hc.client5.http.impl.io.PoolingHttpClientConnectionManager - ep-0000003B: releasing endpoint
23:55:08.704 [Test worker] DEBUG com.github.dockerjava.zerodep.shaded.org.apache.hc.client5.http.impl.io.PoolingHttpClientConnectionManager - ep-0000003B: connection http-outgoing-2 can be kept alive for 3 MINUTES
23:55:08.704 [Test worker] DEBUG com.github.dockerjava.zerodep.shaded.org.apache.hc.client5.http.impl.io.PoolingHttpClientConnectionManager - ep-0000003B: connection released [route: {}->unix://localhost:2375][total available: 1; route allocated: 1 of 2147483647; total allocated: 1 of 2147483647]
23:55:08.704 [Test worker] DEBUG ]]>&#x1f433;<![CDATA[ [mysql:latest] - Trying to create JDBC connection using com.mysql.cj.jdbc.Driver to jdbc:mysql://localhost:56289/adm_videos?useSSL=false&allowPublicKeyRetrieval=true with properties: {password=123456, user=root}
23:55:08.811 [Test worker] DEBUG org.testcontainers.shaded.com.github.dockerjava.core.command.AbstrDockerCmd - Cmd: c37a42694b7d1cff581f5e7b89a60b044af4721181408c271e821f1413201ca6,false
23:55:08.811 [Test worker] DEBUG org.testcontainers.shaded.com.github.dockerjava.core.exec.InspectContainerCmdExec - GET: DefaultWebTarget{path=[/containers/c37a42694b7d1cff581f5e7b89a60b044af4721181408c271e821f1413201ca6/json], queryParams={}}
23:55:08.812 [Test worker] DEBUG com.github.dockerjava.zerodep.shaded.org.apache.hc.client5.http.impl.classic.InternalHttpClient - ex-0000003D: preparing request execution
23:55:08.812 [Test worker] DEBUG com.github.dockerjava.zerodep.shaded.org.apache.hc.client5.http.protocol.RequestAddCookies - Cookie spec selected: strict
23:55:08.812 [Test worker] DEBUG com.github.dockerjava.zerodep.shaded.org.apache.hc.client5.http.protocol.RequestAuthCache - Auth cache not set in the context
23:55:08.812 [Test worker] DEBUG com.github.dockerjava.zerodep.shaded.org.apache.hc.client5.http.impl.classic.ProtocolExec - ex-0000003D: target auth state: UNCHALLENGED
23:55:08.812 [Test worker] DEBUG com.github.dockerjava.zerodep.shaded.org.apache.hc.client5.http.impl.classic.ProtocolExec - ex-0000003D: proxy auth state: UNCHALLENGED
23:55:08.812 [Test worker] DEBUG com.github.dockerjava.zerodep.shaded.org.apache.hc.client5.http.impl.classic.ConnectExec - ex-0000003D: acquiring connection with route {}->unix://localhost:2375
23:55:08.812 [Test worker] DEBUG com.github.dockerjava.zerodep.shaded.org.apache.hc.client5.http.impl.classic.InternalHttpClient - ex-0000003D: acquiring endpoint (3 MINUTES)
23:55:08.812 [Test worker] DEBUG com.github.dockerjava.zerodep.shaded.org.apache.hc.client5.http.impl.io.PoolingHttpClientConnectionManager - ex-0000003D: endpoint lease request (3 MINUTES) [route: {}->unix://localhost:2375][total available: 1; route allocated: 1 of 2147483647; total allocated: 1 of 2147483647]
23:55:08.812 [Test worker] DEBUG com.github.dockerjava.zerodep.shaded.org.apache.hc.client5.http.impl.io.PoolingHttpClientConnectionManager - ex-0000003D: endpoint leased [route: {}->unix://localhost:2375][total available: 0; route allocated: 1 of 2147483647; total allocated: 1 of 2147483647]
23:55:08.813 [Test worker] DEBUG com.github.dockerjava.zerodep.shaded.org.apache.hc.client5.http.impl.io.PoolingHttpClientConnectionManager - ex-0000003D: acquired ep-0000003C
23:55:08.813 [Test worker] DEBUG com.github.dockerjava.zerodep.shaded.org.apache.hc.client5.http.impl.classic.InternalHttpClient - ex-0000003D: acquired endpoint ep-0000003C
23:55:08.813 [Test worker] DEBUG com.github.dockerjava.zerodep.shaded.org.apache.hc.client5.http.impl.classic.MainClientExec - ex-0000003D: executing GET /v1.32/containers/c37a42694b7d1cff581f5e7b89a60b044af4721181408c271e821f1413201ca6/json HTTP/1.1
23:55:08.813 [Test worker] DEBUG com.github.dockerjava.zerodep.shaded.org.apache.hc.client5.http.impl.classic.InternalHttpClient - ep-0000003C: start execution ex-0000003D
23:55:08.813 [Test worker] DEBUG com.github.dockerjava.zerodep.shaded.org.apache.hc.client5.http.impl.io.PoolingHttpClientConnectionManager - ep-0000003C: executing exchange ex-0000003D over http-outgoing-2
23:55:08.813 [Test worker] DEBUG com.github.dockerjava.zerodep.shaded.org.apache.hc.client5.http.headers - http-outgoing-2 >> GET /v1.32/containers/c37a42694b7d1cff581f5e7b89a60b044af4721181408c271e821f1413201ca6/json HTTP/1.1
23:55:08.813 [Test worker] DEBUG com.github.dockerjava.zerodep.shaded.org.apache.hc.client5.http.headers - http-outgoing-2 >> accept: application/json
23:55:08.813 [Test worker] DEBUG com.github.dockerjava.zerodep.shaded.org.apache.hc.client5.http.headers - http-outgoing-2 >> x-tc-sid: 818a13d9-e138-4e41-b5a4-74fd927e6a2d
23:55:08.813 [Test worker] DEBUG com.github.dockerjava.zerodep.shaded.org.apache.hc.client5.http.headers - http-outgoing-2 >> Accept-Encoding: gzip, x-gzip, deflate
23:55:08.813 [Test worker] DEBUG com.github.dockerjava.zerodep.shaded.org.apache.hc.client5.http.headers - http-outgoing-2 >> Host: localhost:2375
23:55:08.813 [Test worker] DEBUG com.github.dockerjava.zerodep.shaded.org.apache.hc.client5.http.headers - http-outgoing-2 >> Connection: keep-alive
23:55:08.813 [Test worker] DEBUG com.github.dockerjava.zerodep.shaded.org.apache.hc.client5.http.headers - http-outgoing-2 >> User-Agent: Apache-HttpClient/5.0.3 (Java/17.0.2)
23:55:08.813 [Test worker] DEBUG com.github.dockerjava.zerodep.shaded.org.apache.hc.client5.http.wire - http-outgoing-2 >> "GET /v1.32/containers/c37a42694b7d1cff581f5e7b89a60b044af4721181408c271e821f1413201ca6/json HTTP/1.1[\r][\n]"
23:55:08.813 [Test worker] DEBUG com.github.dockerjava.zerodep.shaded.org.apache.hc.client5.http.wire - http-outgoing-2 >> "accept: application/json[\r][\n]"
23:55:08.813 [Test worker] DEBUG com.github.dockerjava.zerodep.shaded.org.apache.hc.client5.http.wire - http-outgoing-2 >> "x-tc-sid: 818a13d9-e138-4e41-b5a4-74fd927e6a2d[\r][\n]"
23:55:08.813 [Test worker] DEBUG com.github.dockerjava.zerodep.shaded.org.apache.hc.client5.http.wire - http-outgoing-2 >> "Accept-Encoding: gzip, x-gzip, deflate[\r][\n]"
23:55:08.813 [Test worker] DEBUG com.github.dockerjava.zerodep.shaded.org.apache.hc.client5.http.wire - http-outgoing-2 >> "Host: localhost:2375[\r][\n]"
23:55:08.813 [Test worker] DEBUG com.github.dockerjava.zerodep.shaded.org.apache.hc.client5.http.wire - http-outgoing-2 >> "Connection: keep-alive[\r][\n]"
23:55:08.813 [Test worker] DEBUG com.github.dockerjava.zerodep.shaded.org.apache.hc.client5.http.wire - http-outgoing-2 >> "User-Agent: Apache-HttpClient/5.0.3 (Java/17.0.2)[\r][\n]"
23:55:08.813 [Test worker] DEBUG com.github.dockerjava.zerodep.shaded.org.apache.hc.client5.http.wire - http-outgoing-2 >> "[\r][\n]"
23:55:08.816 [Test worker] DEBUG com.github.dockerjava.zerodep.shaded.org.apache.hc.client5.http.wire - http-outgoing-2 << "HTTP/1.1 200 OK[\r][\n]"
23:55:08.816 [Test worker] DEBUG com.github.dockerjava.zerodep.shaded.org.apache.hc.client5.http.wire - http-outgoing-2 << "Api-Version: 1.41[\r][\n]"
23:55:08.816 [Test worker] DEBUG com.github.dockerjava.zerodep.shaded.org.apache.hc.client5.http.wire - http-outgoing-2 << "Content-Type: application/json[\r][\n]"
23:55:08.816 [Test worker] DEBUG com.github.dockerjava.zerodep.shaded.org.apache.hc.client5.http.wire - http-outgoing-2 << "Date: Mon, 27 Mar 2023 02:55:08 GMT[\r][\n]"
23:55:08.816 [Test worker] DEBUG com.github.dockerjava.zerodep.shaded.org.apache.hc.client5.http.wire - http-outgoing-2 << "Docker-Experimental: false[\r][\n]"
23:55:08.816 [Test worker] DEBUG com.github.dockerjava.zerodep.shaded.org.apache.hc.client5.http.wire - http-outgoing-2 << "Ostype: linux[\r][\n]"
23:55:08.816 [Test worker] DEBUG com.github.dockerjava.zerodep.shaded.org.apache.hc.client5.http.wire - http-outgoing-2 << "Server: Docker/20.10.21 (linux)[\r][\n]"
23:55:08.816 [Test worker] DEBUG com.github.dockerjava.zerodep.shaded.org.apache.hc.client5.http.wire - http-outgoing-2 << "Transfer-Encoding: chunked[\r][\n]"
23:55:08.816 [Test worker] DEBUG com.github.dockerjava.zerodep.shaded.org.apache.hc.client5.http.wire - http-outgoing-2 << "[\r][\n]"
23:55:08.816 [Test worker] DEBUG com.github.dockerjava.zerodep.shaded.org.apache.hc.client5.http.headers - http-outgoing-2 << HTTP/1.1 200 OK
23:55:08.816 [Test worker] DEBUG com.github.dockerjava.zerodep.shaded.org.apache.hc.client5.http.headers - http-outgoing-2 << Api-Version: 1.41
23:55:08.816 [Test worker] DEBUG com.github.dockerjava.zerodep.shaded.org.apache.hc.client5.http.headers - http-outgoing-2 << Content-Type: application/json
23:55:08.816 [Test worker] DEBUG com.github.dockerjava.zerodep.shaded.org.apache.hc.client5.http.headers - http-outgoing-2 << Date: Mon, 27 Mar 2023 02:55:08 GMT
23:55:08.816 [Test worker] DEBUG com.github.dockerjava.zerodep.shaded.org.apache.hc.client5.http.headers - http-outgoing-2 << Docker-Experimental: false
23:55:08.816 [Test worker] DEBUG com.github.dockerjava.zerodep.shaded.org.apache.hc.client5.http.headers - http-outgoing-2 << Ostype: linux
23:55:08.816 [Test worker] DEBUG com.github.dockerjava.zerodep.shaded.org.apache.hc.client5.http.headers - http-outgoing-2 << Server: Docker/20.10.21 (linux)
23:55:08.816 [Test worker] DEBUG com.github.dockerjava.zerodep.shaded.org.apache.hc.client5.http.headers - http-outgoing-2 << Transfer-Encoding: chunked
23:55:08.816 [Test worker] DEBUG com.github.dockerjava.zerodep.shaded.org.apache.hc.client5.http.impl.classic.MainClientExec - ex-0000003D: connection can be kept alive for 3 MINUTES
23:55:08.817 [Test worker] DEBUG com.github.dockerjava.zerodep.shaded.org.apache.hc.client5.http.wire - http-outgoing-2 << "18c1[\r][\n]"
23:55:08.817 [Test worker] DEBUG com.github.dockerjava.zerodep.shaded.org.apache.hc.client5.http.wire - http-outgoing-2 << "{"Id":"c37a42694b7d1cff581f5e7b89a60b044af4721181408c271e821f1413201ca6","Created":"2023-03-27T02:55:02.49734542Z","Path":"docker-entrypoint.sh","Args":["mysqld"],"State":{"Status":"running","Running":true,"Paused":false,"Restarting":false,"OOMKilled":false,"Dead":false,"Pid":18342,"ExitCode":0,"Error":"","StartedAt":"2023-03-27T02:55:03.12719392Z","FinishedAt":"0001-01-01T00:00:00Z"},"Image":"sha256:c7c54c29e20dccc1aefb936c8eba8bb8b98b87a4921102aba87fde2df5810af9","ResolvConfPath":"/var/lib/docker/containers/c37a42694b7d1cff581f5e7b89a60b044af4721181408c271e821f1413201ca6/resolv.conf","HostnamePath":"/var/lib/docker/containers/c37a42694b7d1cff581f5e7b89a60b044af4721181408c271e821f1413201ca6/hostname","HostsPath":"/var/lib/docker/containers/c37a42694b7d1cff581f5e7b89a60b044af4721181408c271e821f1413201ca6/hosts","LogPath":"/var/lib/docker/containers/c37a42694b7d1cff581f5e7b89a60b044af4721181408c271e821f1413201ca6/c37a42694b7d1cff581f5e7b89a60b044af4721181408c271e821f1413201ca6-json.log","Name":"/elegant_mahavira","RestartCount":0,"Driver":"overlay2","Platform":"linux","MountLabel":"","ProcessLabel":"","AppArmorProfile":"","ExecIDs":null,"HostConfig":{"Binds":[],"ContainerIDFile":"","LogConfig":{"Type":"json-file","Config":{}},"NetworkMode":"default","PortBindings":{"3306/tcp":[{"HostIp":"0.0.0.0","HostPort":"0"}]},"RestartPolicy":{"Name":"","MaximumRetryCount":0},"AutoRemove":false,"VolumeDriver":"","VolumesFrom":[],"CapAdd":null,"CapDrop":null,"CgroupnsMode":"private","Dns":null,"DnsOptions":null,"DnsSearch":null,"ExtraHosts":[],"GroupAdd":null,"IpcMode":"shareable","Cgroup":"","Links":null,"OomScoreAdj":0,"PidMode":"","Privileged":false,"PublishAllPorts":false,"ReadonlyRootfs":false,"SecurityOpt":null,"UTSMode":"","UsernsMode":"","ShmSize":67108864,"Runtime":"runc","ConsoleSize":[0,0],"Isolation":"","CpuShares":0,"Memory":0,"NanoCpus":0,"CgroupParent":"","BlkioWeight":0,"BlkioWeightDevice":null,"BlkioDeviceReadBps":null,"BlkioDeviceWriteBps":null,"BlkioDeviceReadIOps":null,"BlkioDeviceWriteIOps":null,"CpuPeriod":0,"CpuQuota":0,"CpuRealtimePeriod":0,"CpuRealtimeRuntime":0,"CpusetCpus":"","CpusetMems":"","Devices":null,"DeviceCgroupRules":null,"DeviceRequests":null,"KernelMemory":0,"KernelMemoryTCP":0,"MemoryReservation":0,"MemorySwap":0,"MemorySwappiness":null,"OomKillDisable":null,"PidsLimit":null,"Ulimits":null,"CpuCount":0,"CpuPercent":0,"IOMaximumIOps":0,"IOMaximumBandwidth":0,"MaskedPaths":["/proc/asound","/proc/acpi","/proc/kcore","/proc/keys","/proc/latency_stats","/proc/timer_list","/proc/timer_stats","/proc/sched_debug","/proc/scsi","/sys/firmware"],"ReadonlyPaths":["/proc/bus","/proc/fs","/proc/irq","/proc/sys","/proc/sysrq-trigger"]},"GraphDriver":{"Data":{"LowerDir":"/var/lib/docker/overlay2/2c15a904a49807090175d7750f18e0f6a57e99c38a424839679cbaf676a4d500-init/diff:/var/lib/docker/overlay2/1bd8849d7a296305617011f940aa5cfabbe972a513397b1b6bbc27639b6c1f30/diff:/var/lib/docker/overlay2/199d69b2fbf78af4d4c95dec4fd2f8835ab0347eb49fb20ebb2ff3b99fedd6ad/diff:/var/lib/docker/overlay2/d83c38d654989311f75b9491329846033bfb7714de76ef635380dcfad5c740d9/diff:/var/lib/docker/overlay2/08600d0aea2ab2728bebcf5d2589c640a842f53d1ba3c4a4adccb4d03b923cf6/diff:/var/lib/docker/overlay2/9ec7c63a3fb14d13ac788bbf5e282ca821edc41260b79944e5e631037d13ecda/diff:/var/lib/docker/overlay2/db601d7a1b4ea6da638db620462f0da96fa55c559d02269c9ddb09027936ed87/diff:/var/lib/docker/overlay2/a6d2bd03f942e2565f21e74cfe152c7ec836a1c2b583f0790c685b92bdcfda24/diff:/var/lib/docker/overlay2/9badd16ea2c5e2bf1fde8b579683e41137dfc46ed5449234149f199a6751cc84/diff:/var/lib/docker/overlay2/6efb85646ed12e2d1181ef4cc6f6f6732c00c15a4035fe17ebc4f075ca573c30/diff:/var/lib/docker/overlay2/895d7c0ec09144d6ed33936f4e98e11c18010f7abd708cae1ce43aec7a7f2621/diff:/var/lib/docker/overlay2/1c4ba77aa573ab6e5e5069fd15eae71b3da940bde0f97a922a227ffc8a1d1096/diff","MergedDir":"/var/lib/docker/overlay2/2c15a904a49807090175d7750f18e0f6a57e99c38a424839679cbaf676a4d500/merged","UpperDir":"/var/lib/docker/overlay2/2c15a904a49807090175d7750f18e0f6a57e99c38a424839679cbaf676a4d500/diff","WorkDir":"/var/lib/docker/overlay2/2c15a904a49807090175d7750f18e0f6a57e99c38a424839679cbaf676a4d500/work"},"Name":"overlay2"},"Mounts":[{"Type":"volume","Name":"44a9389ce95a2961210e86afd6afe42b23405f43157b5dc00e010d283c01df79","Source":"/var/lib/docker/volumes/44a9389ce95a2961210e86afd6afe42b23405f43157b5dc00e010d283c01df79/_data","Destination":"/var/lib/mysql","Driver":"local","Mode":"","RW":true,"Propagation":""}],"Config":{"Hostname":"c37a42694b7d","Domainname":"","User":"","AttachStdin":false,"AttachStdout":false,"AttachStderr":false,"ExposedPorts":{"3306/tcp":{},"33060/tcp":{}},"Tty":false,"OpenStdin":false,"StdinOnce":false,"Env":["MYSQL_DATABASE=adm_videos","MYSQL_PASSWORD=123456","MYSQL_ROOT_PASSWORD=123456","PATH=/usr/local/sbin:/usr/local/bin:/usr/sbin:/usr/bin:/sbin:/bin","GOSU_VERSION=1.16","MYSQL_MAJOR=8.0","MYSQL_VERSION=8.0.32-1.el8","MYSQL_SHELL_VERSION=8.0.32-1.el8"],"Cmd":["mysqld"],"Image":"mysql:latest","Volumes":{"/var/lib/mysql":{}},"WorkingDir":"","Entrypoint":["docker-entrypoint.sh"],"OnBuild":null,"Labels":{"org.testcontainers":"true","org.testcontainers.lang":"java","org.testcontainers.sessionId":"818a13d9-e138-4e41-b5a4-74fd927e6a2d","org.testcontainers.version":"1.17.6"}},"NetworkSettings":{"Bridge":"","SandboxID":"bd1f3a626f226e407a1a406212013b21c93b302c93f9fd53a405b7fc5ff825b3","HairpinMode":false,"LinkLocalIPv6Address":"","LinkLocalIPv6PrefixLen":0,"Ports":{"3306/tcp":[{"HostIp":"0.0.0.0","HostPort":"56289"}],"33060/tcp":null},"SandboxKey":"/var/run/docker/netns/bd1f3a626f22","SecondaryIPAddresses":null,"SecondaryIPv6Addresses":null,"EndpointID":"a2b725c0c5ce4503f8e45e0c2adc4455b29a53a4866d3f23b2bce893a084641f","Gateway":"172.17.0.1","GlobalIPv6Address":"","GlobalIPv6PrefixLen":0,"IPAddress":"172.17.0.3","IPPrefixLen":16,"IPv6Gateway":"","MacAddress":"02:42:ac:11:00:03","Networks":{"bridge":{"IPAMConfig":null,"Links":null,"Aliases":null,"NetworkID":"308e234c143065751b16b4500cb9f48d5c7fc2116504b3d816a5e51cd4771062","EndpointID":"a2b725c0c5ce4503f8e45e0c2adc4455b29a53a4866d3f23b2bce893a084641f","Gateway":"172.17.0.1","IPAddress":"172.17.0.3","IPPrefixLen":16,"IPv6Gateway":"","GlobalIPv6Address":"","GlobalIPv6PrefixLen":0,"MacAddress":"02:42:ac:11:00:03","DriverOpts":null}}}}[\n]"
23:55:08.817 [Test worker] DEBUG com.github.dockerjava.zerodep.shaded.org.apache.hc.client5.http.wire - http-outgoing-2 << "[\r][\n]"
23:55:08.818 [Test worker] DEBUG com.github.dockerjava.zerodep.shaded.org.apache.hc.client5.http.wire - http-outgoing-2 << "0[\r][\n]"
23:55:08.818 [Test worker] DEBUG com.github.dockerjava.zerodep.shaded.org.apache.hc.client5.http.wire - http-outgoing-2 << "[\r][\n]"
23:55:08.818 [Test worker] DEBUG com.github.dockerjava.zerodep.shaded.org.apache.hc.client5.http.impl.classic.InternalHttpClient - ep-0000003C: releasing valid endpoint
23:55:08.818 [Test worker] DEBUG com.github.dockerjava.zerodep.shaded.org.apache.hc.client5.http.impl.io.PoolingHttpClientConnectionManager - ep-0000003C: releasing endpoint
23:55:08.819 [Test worker] DEBUG com.github.dockerjava.zerodep.shaded.org.apache.hc.client5.http.impl.io.PoolingHttpClientConnectionManager - ep-0000003C: connection http-outgoing-2 can be kept alive for 3 MINUTES
23:55:08.819 [Test worker] DEBUG com.github.dockerjava.zerodep.shaded.org.apache.hc.client5.http.impl.io.PoolingHttpClientConnectionManager - ep-0000003C: connection released [route: {}->unix://localhost:2375][total available: 1; route allocated: 1 of 2147483647; total allocated: 1 of 2147483647]
23:55:08.819 [Test worker] DEBUG ]]>&#x1f433;<![CDATA[ [mysql:latest] - Trying to create JDBC connection using com.mysql.cj.jdbc.Driver to jdbc:mysql://localhost:56289/adm_videos?useSSL=false&allowPublicKeyRetrieval=true with properties: {password=123456, user=root}
23:55:08.930 [Test worker] DEBUG org.testcontainers.shaded.com.github.dockerjava.core.command.AbstrDockerCmd - Cmd: c37a42694b7d1cff581f5e7b89a60b044af4721181408c271e821f1413201ca6,false
23:55:08.931 [Test worker] DEBUG org.testcontainers.shaded.com.github.dockerjava.core.exec.InspectContainerCmdExec - GET: DefaultWebTarget{path=[/containers/c37a42694b7d1cff581f5e7b89a60b044af4721181408c271e821f1413201ca6/json], queryParams={}}
23:55:08.932 [Test worker] DEBUG com.github.dockerjava.zerodep.shaded.org.apache.hc.client5.http.impl.classic.InternalHttpClient - ex-0000003E: preparing request execution
23:55:08.932 [Test worker] DEBUG com.github.dockerjava.zerodep.shaded.org.apache.hc.client5.http.protocol.RequestAddCookies - Cookie spec selected: strict
23:55:08.932 [Test worker] DEBUG com.github.dockerjava.zerodep.shaded.org.apache.hc.client5.http.protocol.RequestAuthCache - Auth cache not set in the context
23:55:08.932 [Test worker] DEBUG com.github.dockerjava.zerodep.shaded.org.apache.hc.client5.http.impl.classic.ProtocolExec - ex-0000003E: target auth state: UNCHALLENGED
23:55:08.932 [Test worker] DEBUG com.github.dockerjava.zerodep.shaded.org.apache.hc.client5.http.impl.classic.ProtocolExec - ex-0000003E: proxy auth state: UNCHALLENGED
23:55:08.932 [Test worker] DEBUG com.github.dockerjava.zerodep.shaded.org.apache.hc.client5.http.impl.classic.ConnectExec - ex-0000003E: acquiring connection with route {}->unix://localhost:2375
23:55:08.932 [Test worker] DEBUG com.github.dockerjava.zerodep.shaded.org.apache.hc.client5.http.impl.classic.InternalHttpClient - ex-0000003E: acquiring endpoint (3 MINUTES)
23:55:08.932 [Test worker] DEBUG com.github.dockerjava.zerodep.shaded.org.apache.hc.client5.http.impl.io.PoolingHttpClientConnectionManager - ex-0000003E: endpoint lease request (3 MINUTES) [route: {}->unix://localhost:2375][total available: 1; route allocated: 1 of 2147483647; total allocated: 1 of 2147483647]
23:55:08.932 [Test worker] DEBUG com.github.dockerjava.zerodep.shaded.org.apache.hc.client5.http.impl.io.PoolingHttpClientConnectionManager - ex-0000003E: endpoint leased [route: {}->unix://localhost:2375][total available: 0; route allocated: 1 of 2147483647; total allocated: 1 of 2147483647]
23:55:08.933 [Test worker] DEBUG com.github.dockerjava.zerodep.shaded.org.apache.hc.client5.http.impl.io.PoolingHttpClientConnectionManager - ex-0000003E: acquired ep-0000003D
23:55:08.933 [Test worker] DEBUG com.github.dockerjava.zerodep.shaded.org.apache.hc.client5.http.impl.classic.InternalHttpClient - ex-0000003E: acquired endpoint ep-0000003D
23:55:08.933 [Test worker] DEBUG com.github.dockerjava.zerodep.shaded.org.apache.hc.client5.http.impl.classic.MainClientExec - ex-0000003E: executing GET /v1.32/containers/c37a42694b7d1cff581f5e7b89a60b044af4721181408c271e821f1413201ca6/json HTTP/1.1
23:55:08.933 [Test worker] DEBUG com.github.dockerjava.zerodep.shaded.org.apache.hc.client5.http.impl.classic.InternalHttpClient - ep-0000003D: start execution ex-0000003E
23:55:08.933 [Test worker] DEBUG com.github.dockerjava.zerodep.shaded.org.apache.hc.client5.http.impl.io.PoolingHttpClientConnectionManager - ep-0000003D: executing exchange ex-0000003E over http-outgoing-2
23:55:08.933 [Test worker] DEBUG com.github.dockerjava.zerodep.shaded.org.apache.hc.client5.http.headers - http-outgoing-2 >> GET /v1.32/containers/c37a42694b7d1cff581f5e7b89a60b044af4721181408c271e821f1413201ca6/json HTTP/1.1
23:55:08.933 [Test worker] DEBUG com.github.dockerjava.zerodep.shaded.org.apache.hc.client5.http.headers - http-outgoing-2 >> accept: application/json
23:55:08.933 [Test worker] DEBUG com.github.dockerjava.zerodep.shaded.org.apache.hc.client5.http.headers - http-outgoing-2 >> x-tc-sid: 818a13d9-e138-4e41-b5a4-74fd927e6a2d
23:55:08.933 [Test worker] DEBUG com.github.dockerjava.zerodep.shaded.org.apache.hc.client5.http.headers - http-outgoing-2 >> Accept-Encoding: gzip, x-gzip, deflate
23:55:08.933 [Test worker] DEBUG com.github.dockerjava.zerodep.shaded.org.apache.hc.client5.http.headers - http-outgoing-2 >> Host: localhost:2375
23:55:08.933 [Test worker] DEBUG com.github.dockerjava.zerodep.shaded.org.apache.hc.client5.http.headers - http-outgoing-2 >> Connection: keep-alive
23:55:08.933 [Test worker] DEBUG com.github.dockerjava.zerodep.shaded.org.apache.hc.client5.http.headers - http-outgoing-2 >> User-Agent: Apache-HttpClient/5.0.3 (Java/17.0.2)
23:55:08.933 [Test worker] DEBUG com.github.dockerjava.zerodep.shaded.org.apache.hc.client5.http.wire - http-outgoing-2 >> "GET /v1.32/containers/c37a42694b7d1cff581f5e7b89a60b044af4721181408c271e821f1413201ca6/json HTTP/1.1[\r][\n]"
23:55:08.933 [Test worker] DEBUG com.github.dockerjava.zerodep.shaded.org.apache.hc.client5.http.wire - http-outgoing-2 >> "accept: application/json[\r][\n]"
23:55:08.933 [Test worker] DEBUG com.github.dockerjava.zerodep.shaded.org.apache.hc.client5.http.wire - http-outgoing-2 >> "x-tc-sid: 818a13d9-e138-4e41-b5a4-74fd927e6a2d[\r][\n]"
23:55:08.933 [Test worker] DEBUG com.github.dockerjava.zerodep.shaded.org.apache.hc.client5.http.wire - http-outgoing-2 >> "Accept-Encoding: gzip, x-gzip, deflate[\r][\n]"
23:55:08.933 [Test worker] DEBUG com.github.dockerjava.zerodep.shaded.org.apache.hc.client5.http.wire - http-outgoing-2 >> "Host: localhost:2375[\r][\n]"
23:55:08.933 [Test worker] DEBUG com.github.dockerjava.zerodep.shaded.org.apache.hc.client5.http.wire - http-outgoing-2 >> "Connection: keep-alive[\r][\n]"
23:55:08.933 [Test worker] DEBUG com.github.dockerjava.zerodep.shaded.org.apache.hc.client5.http.wire - http-outgoing-2 >> "User-Agent: Apache-HttpClient/5.0.3 (Java/17.0.2)[\r][\n]"
23:55:08.933 [Test worker] DEBUG com.github.dockerjava.zerodep.shaded.org.apache.hc.client5.http.wire - http-outgoing-2 >> "[\r][\n]"
23:55:08.935 [Test worker] DEBUG com.github.dockerjava.zerodep.shaded.org.apache.hc.client5.http.wire - http-outgoing-2 << "HTTP/1.1 200 OK[\r][\n]"
23:55:08.935 [Test worker] DEBUG com.github.dockerjava.zerodep.shaded.org.apache.hc.client5.http.wire - http-outgoing-2 << "Api-Version: 1.41[\r][\n]"
23:55:08.935 [Test worker] DEBUG com.github.dockerjava.zerodep.shaded.org.apache.hc.client5.http.wire - http-outgoing-2 << "Content-Type: application/json[\r][\n]"
23:55:08.935 [Test worker] DEBUG com.github.dockerjava.zerodep.shaded.org.apache.hc.client5.http.wire - http-outgoing-2 << "Date: Mon, 27 Mar 2023 02:55:08 GMT[\r][\n]"
23:55:08.935 [Test worker] DEBUG com.github.dockerjava.zerodep.shaded.org.apache.hc.client5.http.wire - http-outgoing-2 << "Docker-Experimental: false[\r][\n]"
23:55:08.935 [Test worker] DEBUG com.github.dockerjava.zerodep.shaded.org.apache.hc.client5.http.wire - http-outgoing-2 << "Ostype: linux[\r][\n]"
23:55:08.935 [Test worker] DEBUG com.github.dockerjava.zerodep.shaded.org.apache.hc.client5.http.wire - http-outgoing-2 << "Server: Docker/20.10.21 (linux)[\r][\n]"
23:55:08.935 [Test worker] DEBUG com.github.dockerjava.zerodep.shaded.org.apache.hc.client5.http.wire - http-outgoing-2 << "Transfer-Encoding: chunked[\r][\n]"
23:55:08.935 [Test worker] DEBUG com.github.dockerjava.zerodep.shaded.org.apache.hc.client5.http.wire - http-outgoing-2 << "[\r][\n]"
23:55:08.935 [Test worker] DEBUG com.github.dockerjava.zerodep.shaded.org.apache.hc.client5.http.headers - http-outgoing-2 << HTTP/1.1 200 OK
23:55:08.935 [Test worker] DEBUG com.github.dockerjava.zerodep.shaded.org.apache.hc.client5.http.headers - http-outgoing-2 << Api-Version: 1.41
23:55:08.935 [Test worker] DEBUG com.github.dockerjava.zerodep.shaded.org.apache.hc.client5.http.headers - http-outgoing-2 << Content-Type: application/json
23:55:08.935 [Test worker] DEBUG com.github.dockerjava.zerodep.shaded.org.apache.hc.client5.http.headers - http-outgoing-2 << Date: Mon, 27 Mar 2023 02:55:08 GMT
23:55:08.935 [Test worker] DEBUG com.github.dockerjava.zerodep.shaded.org.apache.hc.client5.http.headers - http-outgoing-2 << Docker-Experimental: false
23:55:08.935 [Test worker] DEBUG com.github.dockerjava.zerodep.shaded.org.apache.hc.client5.http.headers - http-outgoing-2 << Ostype: linux
23:55:08.935 [Test worker] DEBUG com.github.dockerjava.zerodep.shaded.org.apache.hc.client5.http.headers - http-outgoing-2 << Server: Docker/20.10.21 (linux)
23:55:08.935 [Test worker] DEBUG com.github.dockerjava.zerodep.shaded.org.apache.hc.client5.http.headers - http-outgoing-2 << Transfer-Encoding: chunked
23:55:08.936 [Test worker] DEBUG com.github.dockerjava.zerodep.shaded.org.apache.hc.client5.http.impl.classic.MainClientExec - ex-0000003E: connection can be kept alive for 3 MINUTES
23:55:08.936 [Test worker] DEBUG com.github.dockerjava.zerodep.shaded.org.apache.hc.client5.http.wire - http-outgoing-2 << "18c1[\r][\n]"
23:55:08.936 [Test worker] DEBUG com.github.dockerjava.zerodep.shaded.org.apache.hc.client5.http.wire - http-outgoing-2 << "{"Id":"c37a42694b7d1cff581f5e7b89a60b044af4721181408c271e821f1413201ca6","Created":"2023-03-27T02:55:02.49734542Z","Path":"docker-entrypoint.sh","Args":["mysqld"],"State":{"Status":"running","Running":true,"Paused":false,"Restarting":false,"OOMKilled":false,"Dead":false,"Pid":18342,"ExitCode":0,"Error":"","StartedAt":"2023-03-27T02:55:03.12719392Z","FinishedAt":"0001-01-01T00:00:00Z"},"Image":"sha256:c7c54c29e20dccc1aefb936c8eba8bb8b98b87a4921102aba87fde2df5810af9","ResolvConfPath":"/var/lib/docker/containers/c37a42694b7d1cff581f5e7b89a60b044af4721181408c271e821f1413201ca6/resolv.conf","HostnamePath":"/var/lib/docker/containers/c37a42694b7d1cff581f5e7b89a60b044af4721181408c271e821f1413201ca6/hostname","HostsPath":"/var/lib/docker/containers/c37a42694b7d1cff581f5e7b89a60b044af4721181408c271e821f1413201ca6/hosts","LogPath":"/var/lib/docker/containers/c37a42694b7d1cff581f5e7b89a60b044af4721181408c271e821f1413201ca6/c37a42694b7d1cff581f5e7b89a60b044af4721181408c271e821f1413201ca6-json.log","Name":"/elegant_mahavira","RestartCount":0,"Driver":"overlay2","Platform":"linux","MountLabel":"","ProcessLabel":"","AppArmorProfile":"","ExecIDs":null,"HostConfig":{"Binds":[],"ContainerIDFile":"","LogConfig":{"Type":"json-file","Config":{}},"NetworkMode":"default","PortBindings":{"3306/tcp":[{"HostIp":"0.0.0.0","HostPort":"0"}]},"RestartPolicy":{"Name":"","MaximumRetryCount":0},"AutoRemove":false,"VolumeDriver":"","VolumesFrom":[],"CapAdd":null,"CapDrop":null,"CgroupnsMode":"private","Dns":null,"DnsOptions":null,"DnsSearch":null,"ExtraHosts":[],"GroupAdd":null,"IpcMode":"shareable","Cgroup":"","Links":null,"OomScoreAdj":0,"PidMode":"","Privileged":false,"PublishAllPorts":false,"ReadonlyRootfs":false,"SecurityOpt":null,"UTSMode":"","UsernsMode":"","ShmSize":67108864,"Runtime":"runc","ConsoleSize":[0,0],"Isolation":"","CpuShares":0,"Memory":0,"NanoCpus":0,"CgroupParent":"","BlkioWeight":0,"BlkioWeightDevice":null,"BlkioDeviceReadBps":null,"BlkioDeviceWriteBps":null,"BlkioDeviceReadIOps":null,"BlkioDeviceWriteIOps":null,"CpuPeriod":0,"CpuQuota":0,"CpuRealtimePeriod":0,"CpuRealtimeRuntime":0,"CpusetCpus":"","CpusetMems":"","Devices":null,"DeviceCgroupRules":null,"DeviceRequests":null,"KernelMemory":0,"KernelMemoryTCP":0,"MemoryReservation":0,"MemorySwap":0,"MemorySwappiness":null,"OomKillDisable":null,"PidsLimit":null,"Ulimits":null,"CpuCount":0,"CpuPercent":0,"IOMaximumIOps":0,"IOMaximumBandwidth":0,"MaskedPaths":["/proc/asound","/proc/acpi","/proc/kcore","/proc/keys","/proc/latency_stats","/proc/timer_list","/proc/timer_stats","/proc/sched_debug","/proc/scsi","/sys/firmware"],"ReadonlyPaths":["/proc/bus","/proc/fs","/proc/irq","/proc/sys","/proc/sysrq-trigger"]},"GraphDriver":{"Data":{"LowerDir":"/var/lib/docker/overlay2/2c15a904a49807090175d7750f18e0f6a57e99c38a424839679cbaf676a4d500-init/diff:/var/lib/docker/overlay2/1bd8849d7a296305617011f940aa5cfabbe972a513397b1b6bbc27639b6c1f30/diff:/var/lib/docker/overlay2/199d69b2fbf78af4d4c95dec4fd2f8835ab0347eb49fb20ebb2ff3b99fedd6ad/diff:/var/lib/docker/overlay2/d83c38d654989311f75b9491329846033bfb7714de76ef635380dcfad5c740d9/diff:/var/lib/docker/overlay2/08600d0aea2ab2728bebcf5d2589c640a842f53d1ba3c4a4adccb4d03b923cf6/diff:/var/lib/docker/overlay2/9ec7c63a3fb14d13ac788bbf5e282ca821edc41260b79944e5e631037d13ecda/diff:/var/lib/docker/overlay2/db601d7a1b4ea6da638db620462f0da96fa55c559d02269c9ddb09027936ed87/diff:/var/lib/docker/overlay2/a6d2bd03f942e2565f21e74cfe152c7ec836a1c2b583f0790c685b92bdcfda24/diff:/var/lib/docker/overlay2/9badd16ea2c5e2bf1fde8b579683e41137dfc46ed5449234149f199a6751cc84/diff:/var/lib/docker/overlay2/6efb85646ed12e2d1181ef4cc6f6f6732c00c15a4035fe17ebc4f075ca573c30/diff:/var/lib/docker/overlay2/895d7c0ec09144d6ed33936f4e98e11c18010f7abd708cae1ce43aec7a7f2621/diff:/var/lib/docker/overlay2/1c4ba77aa573ab6e5e5069fd15eae71b3da940bde0f97a922a227ffc8a1d1096/diff","MergedDir":"/var/lib/docker/overlay2/2c15a904a49807090175d7750f18e0f6a57e99c38a424839679cbaf676a4d500/merged","UpperDir":"/var/lib/docker/overlay2/2c15a904a49807090175d7750f18e0f6a57e99c38a424839679cbaf676a4d500/diff","WorkDir":"/var/lib/docker/overlay2/2c15a904a49807090175d7750f18e0f6a57e99c38a424839679cbaf676a4d500/work"},"Name":"overlay2"},"Mounts":[{"Type":"volume","Name":"44a9389ce95a2961210e86afd6afe42b23405f43157b5dc00e010d283c01df79","Source":"/var/lib/docker/volumes/44a9389ce95a2961210e86afd6afe42b23405f43157b5dc00e010d283c01df79/_data","Destination":"/var/lib/mysql","Driver":"local","Mode":"","RW":true,"Propagation":""}],"Config":{"Hostname":"c37a42694b7d","Domainname":"","User":"","AttachStdin":false,"AttachStdout":false,"AttachStderr":false,"ExposedPorts":{"3306/tcp":{},"33060/tcp":{}},"Tty":false,"OpenStdin":false,"StdinOnce":false,"Env":["MYSQL_DATABASE=adm_videos","MYSQL_PASSWORD=123456","MYSQL_ROOT_PASSWORD=123456","PATH=/usr/local/sbin:/usr/local/bin:/usr/sbin:/usr/bin:/sbin:/bin","GOSU_VERSION=1.16","MYSQL_MAJOR=8.0","MYSQL_VERSION=8.0.32-1.el8","MYSQL_SHELL_VERSION=8.0.32-1.el8"],"Cmd":["mysqld"],"Image":"mysql:latest","Volumes":{"/var/lib/mysql":{}},"WorkingDir":"","Entrypoint":["docker-entrypoint.sh"],"OnBuild":null,"Labels":{"org.testcontainers":"true","org.testcontainers.lang":"java","org.testcontainers.sessionId":"818a13d9-e138-4e41-b5a4-74fd927e6a2d","org.testcontainers.version":"1.17.6"}},"NetworkSettings":{"Bridge":"","SandboxID":"bd1f3a626f226e407a1a406212013b21c93b302c93f9fd53a405b7fc5ff825b3","HairpinMode":false,"LinkLocalIPv6Address":"","LinkLocalIPv6PrefixLen":0,"Ports":{"3306/tcp":[{"HostIp":"0.0.0.0","HostPort":"56289"}],"33060/tcp":null},"SandboxKey":"/var/run/docker/netns/bd1f3a626f22","SecondaryIPAddresses":null,"SecondaryIPv6Addresses":null,"EndpointID":"a2b725c0c5ce4503f8e45e0c2adc4455b29a53a4866d3f23b2bce893a084641f","Gateway":"172.17.0.1","GlobalIPv6Address":"","GlobalIPv6PrefixLen":0,"IPAddress":"172.17.0.3","IPPrefixLen":16,"IPv6Gateway":"","MacAddress":"02:42:ac:11:00:03","Networks":{"bridge":{"IPAMConfig":null,"Links":null,"Aliases":null,"NetworkID":"308e234c143065751b16b4500cb9f48d5c7fc2116504b3d816a5e51cd4771062","EndpointID":"a2b725c0c5ce4503f8e45e0c2adc4455b29a53a4866d3f23b2bce893a084641f","Gateway":"172.17.0.1","IPAddress":"172.17.0.3","IPPrefixLen":16,"IPv6Gateway":"","GlobalIPv6Address":"","GlobalIPv6PrefixLen":0,"MacAddress":"02:42:ac:11:00:03","DriverOpts":null}}}}[\n]"
23:55:08.937 [Test worker] DEBUG com.github.dockerjava.zerodep.shaded.org.apache.hc.client5.http.wire - http-outgoing-2 << "[\r][\n]"
23:55:08.938 [Test worker] DEBUG com.github.dockerjava.zerodep.shaded.org.apache.hc.client5.http.wire - http-outgoing-2 << "0[\r][\n]"
23:55:08.938 [Test worker] DEBUG com.github.dockerjava.zerodep.shaded.org.apache.hc.client5.http.wire - http-outgoing-2 << "[\r][\n]"
23:55:08.938 [Test worker] DEBUG com.github.dockerjava.zerodep.shaded.org.apache.hc.client5.http.impl.classic.InternalHttpClient - ep-0000003D: releasing valid endpoint
23:55:08.938 [Test worker] DEBUG com.github.dockerjava.zerodep.shaded.org.apache.hc.client5.http.impl.io.PoolingHttpClientConnectionManager - ep-0000003D: releasing endpoint
23:55:08.938 [Test worker] DEBUG com.github.dockerjava.zerodep.shaded.org.apache.hc.client5.http.impl.io.PoolingHttpClientConnectionManager - ep-0000003D: connection http-outgoing-2 can be kept alive for 3 MINUTES
23:55:08.938 [Test worker] DEBUG com.github.dockerjava.zerodep.shaded.org.apache.hc.client5.http.impl.io.PoolingHttpClientConnectionManager - ep-0000003D: connection released [route: {}->unix://localhost:2375][total available: 1; route allocated: 1 of 2147483647; total allocated: 1 of 2147483647]
23:55:08.938 [Test worker] DEBUG ]]>&#x1f433;<![CDATA[ [mysql:latest] - Trying to create JDBC connection using com.mysql.cj.jdbc.Driver to jdbc:mysql://localhost:56289/adm_videos?useSSL=false&allowPublicKeyRetrieval=true with properties: {password=123456, user=root}
23:55:09.042 [Test worker] DEBUG org.testcontainers.shaded.com.github.dockerjava.core.command.AbstrDockerCmd - Cmd: c37a42694b7d1cff581f5e7b89a60b044af4721181408c271e821f1413201ca6,false
23:55:09.043 [Test worker] DEBUG org.testcontainers.shaded.com.github.dockerjava.core.exec.InspectContainerCmdExec - GET: DefaultWebTarget{path=[/containers/c37a42694b7d1cff581f5e7b89a60b044af4721181408c271e821f1413201ca6/json], queryParams={}}
23:55:09.043 [Test worker] DEBUG com.github.dockerjava.zerodep.shaded.org.apache.hc.client5.http.impl.classic.InternalHttpClient - ex-0000003F: preparing request execution
23:55:09.043 [Test worker] DEBUG com.github.dockerjava.zerodep.shaded.org.apache.hc.client5.http.protocol.RequestAddCookies - Cookie spec selected: strict
23:55:09.043 [Test worker] DEBUG com.github.dockerjava.zerodep.shaded.org.apache.hc.client5.http.protocol.RequestAuthCache - Auth cache not set in the context
23:55:09.043 [Test worker] DEBUG com.github.dockerjava.zerodep.shaded.org.apache.hc.client5.http.impl.classic.ProtocolExec - ex-0000003F: target auth state: UNCHALLENGED
23:55:09.043 [Test worker] DEBUG com.github.dockerjava.zerodep.shaded.org.apache.hc.client5.http.impl.classic.ProtocolExec - ex-0000003F: proxy auth state: UNCHALLENGED
23:55:09.043 [Test worker] DEBUG com.github.dockerjava.zerodep.shaded.org.apache.hc.client5.http.impl.classic.ConnectExec - ex-0000003F: acquiring connection with route {}->unix://localhost:2375
23:55:09.043 [Test worker] DEBUG com.github.dockerjava.zerodep.shaded.org.apache.hc.client5.http.impl.classic.InternalHttpClient - ex-0000003F: acquiring endpoint (3 MINUTES)
23:55:09.043 [Test worker] DEBUG com.github.dockerjava.zerodep.shaded.org.apache.hc.client5.http.impl.io.PoolingHttpClientConnectionManager - ex-0000003F: endpoint lease request (3 MINUTES) [route: {}->unix://localhost:2375][total available: 1; route allocated: 1 of 2147483647; total allocated: 1 of 2147483647]
23:55:09.043 [Test worker] DEBUG com.github.dockerjava.zerodep.shaded.org.apache.hc.client5.http.impl.io.PoolingHttpClientConnectionManager - ex-0000003F: endpoint leased [route: {}->unix://localhost:2375][total available: 0; route allocated: 1 of 2147483647; total allocated: 1 of 2147483647]
23:55:09.043 [Test worker] DEBUG com.github.dockerjava.zerodep.shaded.org.apache.hc.client5.http.impl.io.PoolingHttpClientConnectionManager - ex-0000003F: acquired ep-0000003E
23:55:09.043 [Test worker] DEBUG com.github.dockerjava.zerodep.shaded.org.apache.hc.client5.http.impl.classic.InternalHttpClient - ex-0000003F: acquired endpoint ep-0000003E
23:55:09.043 [Test worker] DEBUG com.github.dockerjava.zerodep.shaded.org.apache.hc.client5.http.impl.classic.MainClientExec - ex-0000003F: executing GET /v1.32/containers/c37a42694b7d1cff581f5e7b89a60b044af4721181408c271e821f1413201ca6/json HTTP/1.1
23:55:09.043 [Test worker] DEBUG com.github.dockerjava.zerodep.shaded.org.apache.hc.client5.http.impl.classic.InternalHttpClient - ep-0000003E: start execution ex-0000003F
23:55:09.043 [Test worker] DEBUG com.github.dockerjava.zerodep.shaded.org.apache.hc.client5.http.impl.io.PoolingHttpClientConnectionManager - ep-0000003E: executing exchange ex-0000003F over http-outgoing-2
23:55:09.043 [Test worker] DEBUG com.github.dockerjava.zerodep.shaded.org.apache.hc.client5.http.headers - http-outgoing-2 >> GET /v1.32/containers/c37a42694b7d1cff581f5e7b89a60b044af4721181408c271e821f1413201ca6/json HTTP/1.1
23:55:09.043 [Test worker] DEBUG com.github.dockerjava.zerodep.shaded.org.apache.hc.client5.http.headers - http-outgoing-2 >> accept: application/json
23:55:09.043 [Test worker] DEBUG com.github.dockerjava.zerodep.shaded.org.apache.hc.client5.http.headers - http-outgoing-2 >> x-tc-sid: 818a13d9-e138-4e41-b5a4-74fd927e6a2d
23:55:09.043 [Test worker] DEBUG com.github.dockerjava.zerodep.shaded.org.apache.hc.client5.http.headers - http-outgoing-2 >> Accept-Encoding: gzip, x-gzip, deflate
23:55:09.043 [Test worker] DEBUG com.github.dockerjava.zerodep.shaded.org.apache.hc.client5.http.headers - http-outgoing-2 >> Host: localhost:2375
23:55:09.043 [Test worker] DEBUG com.github.dockerjava.zerodep.shaded.org.apache.hc.client5.http.headers - http-outgoing-2 >> Connection: keep-alive
23:55:09.043 [Test worker] DEBUG com.github.dockerjava.zerodep.shaded.org.apache.hc.client5.http.headers - http-outgoing-2 >> User-Agent: Apache-HttpClient/5.0.3 (Java/17.0.2)
23:55:09.043 [Test worker] DEBUG com.github.dockerjava.zerodep.shaded.org.apache.hc.client5.http.wire - http-outgoing-2 >> "GET /v1.32/containers/c37a42694b7d1cff581f5e7b89a60b044af4721181408c271e821f1413201ca6/json HTTP/1.1[\r][\n]"
23:55:09.043 [Test worker] DEBUG com.github.dockerjava.zerodep.shaded.org.apache.hc.client5.http.wire - http-outgoing-2 >> "accept: application/json[\r][\n]"
23:55:09.043 [Test worker] DEBUG com.github.dockerjava.zerodep.shaded.org.apache.hc.client5.http.wire - http-outgoing-2 >> "x-tc-sid: 818a13d9-e138-4e41-b5a4-74fd927e6a2d[\r][\n]"
23:55:09.043 [Test worker] DEBUG com.github.dockerjava.zerodep.shaded.org.apache.hc.client5.http.wire - http-outgoing-2 >> "Accept-Encoding: gzip, x-gzip, deflate[\r][\n]"
23:55:09.043 [Test worker] DEBUG com.github.dockerjava.zerodep.shaded.org.apache.hc.client5.http.wire - http-outgoing-2 >> "Host: localhost:2375[\r][\n]"
23:55:09.043 [Test worker] DEBUG com.github.dockerjava.zerodep.shaded.org.apache.hc.client5.http.wire - http-outgoing-2 >> "Connection: keep-alive[\r][\n]"
23:55:09.043 [Test worker] DEBUG com.github.dockerjava.zerodep.shaded.org.apache.hc.client5.http.wire - http-outgoing-2 >> "User-Agent: Apache-HttpClient/5.0.3 (Java/17.0.2)[\r][\n]"
23:55:09.043 [Test worker] DEBUG com.github.dockerjava.zerodep.shaded.org.apache.hc.client5.http.wire - http-outgoing-2 >> "[\r][\n]"
23:55:09.046 [Test worker] DEBUG com.github.dockerjava.zerodep.shaded.org.apache.hc.client5.http.wire - http-outgoing-2 << "HTTP/1.1 200 OK[\r][\n]"
23:55:09.046 [Test worker] DEBUG com.github.dockerjava.zerodep.shaded.org.apache.hc.client5.http.wire - http-outgoing-2 << "Api-Version: 1.41[\r][\n]"
23:55:09.046 [Test worker] DEBUG com.github.dockerjava.zerodep.shaded.org.apache.hc.client5.http.wire - http-outgoing-2 << "Content-Type: application/json[\r][\n]"
23:55:09.046 [Test worker] DEBUG com.github.dockerjava.zerodep.shaded.org.apache.hc.client5.http.wire - http-outgoing-2 << "Date: Mon, 27 Mar 2023 02:55:09 GMT[\r][\n]"
23:55:09.046 [Test worker] DEBUG com.github.dockerjava.zerodep.shaded.org.apache.hc.client5.http.wire - http-outgoing-2 << "Docker-Experimental: false[\r][\n]"
23:55:09.046 [Test worker] DEBUG com.github.dockerjava.zerodep.shaded.org.apache.hc.client5.http.wire - http-outgoing-2 << "Ostype: linux[\r][\n]"
23:55:09.046 [Test worker] DEBUG com.github.dockerjava.zerodep.shaded.org.apache.hc.client5.http.wire - http-outgoing-2 << "Server: Docker/20.10.21 (linux)[\r][\n]"
23:55:09.046 [Test worker] DEBUG com.github.dockerjava.zerodep.shaded.org.apache.hc.client5.http.wire - http-outgoing-2 << "Transfer-Encoding: chunked[\r][\n]"
23:55:09.046 [Test worker] DEBUG com.github.dockerjava.zerodep.shaded.org.apache.hc.client5.http.wire - http-outgoing-2 << "[\r][\n]"
23:55:09.046 [Test worker] DEBUG com.github.dockerjava.zerodep.shaded.org.apache.hc.client5.http.headers - http-outgoing-2 << HTTP/1.1 200 OK
23:55:09.046 [Test worker] DEBUG com.github.dockerjava.zerodep.shaded.org.apache.hc.client5.http.headers - http-outgoing-2 << Api-Version: 1.41
23:55:09.046 [Test worker] DEBUG com.github.dockerjava.zerodep.shaded.org.apache.hc.client5.http.headers - http-outgoing-2 << Content-Type: application/json
23:55:09.046 [Test worker] DEBUG com.github.dockerjava.zerodep.shaded.org.apache.hc.client5.http.headers - http-outgoing-2 << Date: Mon, 27 Mar 2023 02:55:09 GMT
23:55:09.046 [Test worker] DEBUG com.github.dockerjava.zerodep.shaded.org.apache.hc.client5.http.headers - http-outgoing-2 << Docker-Experimental: false
23:55:09.046 [Test worker] DEBUG com.github.dockerjava.zerodep.shaded.org.apache.hc.client5.http.headers - http-outgoing-2 << Ostype: linux
23:55:09.046 [Test worker] DEBUG com.github.dockerjava.zerodep.shaded.org.apache.hc.client5.http.headers - http-outgoing-2 << Server: Docker/20.10.21 (linux)
23:55:09.046 [Test worker] DEBUG com.github.dockerjava.zerodep.shaded.org.apache.hc.client5.http.headers - http-outgoing-2 << Transfer-Encoding: chunked
23:55:09.046 [Test worker] DEBUG com.github.dockerjava.zerodep.shaded.org.apache.hc.client5.http.impl.classic.MainClientExec - ex-0000003F: connection can be kept alive for 3 MINUTES
23:55:09.049 [Test worker] DEBUG com.github.dockerjava.zerodep.shaded.org.apache.hc.client5.http.wire - http-outgoing-2 << "18c1[\r][\n]"
23:55:09.049 [Test worker] DEBUG com.github.dockerjava.zerodep.shaded.org.apache.hc.client5.http.wire - http-outgoing-2 << "{"Id":"c37a42694b7d1cff581f5e7b89a60b044af4721181408c271e821f1413201ca6","Created":"2023-03-27T02:55:02.49734542Z","Path":"docker-entrypoint.sh","Args":["mysqld"],"State":{"Status":"running","Running":true,"Paused":false,"Restarting":false,"OOMKilled":false,"Dead":false,"Pid":18342,"ExitCode":0,"Error":"","StartedAt":"2023-03-27T02:55:03.12719392Z","FinishedAt":"0001-01-01T00:00:00Z"},"Image":"sha256:c7c54c29e20dccc1aefb936c8eba8bb8b98b87a4921102aba87fde2df5810af9","ResolvConfPath":"/var/lib/docker/containers/c37a42694b7d1cff581f5e7b89a60b044af4721181408c271e821f1413201ca6/resolv.conf","HostnamePath":"/var/lib/docker/containers/c37a42694b7d1cff581f5e7b89a60b044af4721181408c271e821f1413201ca6/hostname","HostsPath":"/var/lib/docker/containers/c37a42694b7d1cff581f5e7b89a60b044af4721181408c271e821f1413201ca6/hosts","LogPath":"/var/lib/docker/containers/c37a42694b7d1cff581f5e7b89a60b044af4721181408c271e821f1413201ca6/c37a42694b7d1cff581f5e7b89a60b044af4721181408c271e821f1413201ca6-json.log","Name":"/elegant_mahavira","RestartCount":0,"Driver":"overlay2","Platform":"linux","MountLabel":"","ProcessLabel":"","AppArmorProfile":"","ExecIDs":null,"HostConfig":{"Binds":[],"ContainerIDFile":"","LogConfig":{"Type":"json-file","Config":{}},"NetworkMode":"default","PortBindings":{"3306/tcp":[{"HostIp":"0.0.0.0","HostPort":"0"}]},"RestartPolicy":{"Name":"","MaximumRetryCount":0},"AutoRemove":false,"VolumeDriver":"","VolumesFrom":[],"CapAdd":null,"CapDrop":null,"CgroupnsMode":"private","Dns":null,"DnsOptions":null,"DnsSearch":null,"ExtraHosts":[],"GroupAdd":null,"IpcMode":"shareable","Cgroup":"","Links":null,"OomScoreAdj":0,"PidMode":"","Privileged":false,"PublishAllPorts":false,"ReadonlyRootfs":false,"SecurityOpt":null,"UTSMode":"","UsernsMode":"","ShmSize":67108864,"Runtime":"runc","ConsoleSize":[0,0],"Isolation":"","CpuShares":0,"Memory":0,"NanoCpus":0,"CgroupParent":"","BlkioWeight":0,"BlkioWeightDevice":null,"BlkioDeviceReadBps":null,"BlkioDeviceWriteBps":null,"BlkioDeviceReadIOps":null,"BlkioDeviceWriteIOps":null,"CpuPeriod":0,"CpuQuota":0,"CpuRealtimePeriod":0,"CpuRealtimeRuntime":0,"CpusetCpus":"","CpusetMems":"","Devices":null,"DeviceCgroupRules":null,"DeviceRequests":null,"KernelMemory":0,"KernelMemoryTCP":0,"MemoryReservation":0,"MemorySwap":0,"MemorySwappiness":null,"OomKillDisable":null,"PidsLimit":null,"Ulimits":null,"CpuCount":0,"CpuPercent":0,"IOMaximumIOps":0,"IOMaximumBandwidth":0,"MaskedPaths":["/proc/asound","/proc/acpi","/proc/kcore","/proc/keys","/proc/latency_stats","/proc/timer_list","/proc/timer_stats","/proc/sched_debug","/proc/scsi","/sys/firmware"],"ReadonlyPaths":["/proc/bus","/proc/fs","/proc/irq","/proc/sys","/proc/sysrq-trigger"]},"GraphDriver":{"Data":{"LowerDir":"/var/lib/docker/overlay2/2c15a904a49807090175d7750f18e0f6a57e99c38a424839679cbaf676a4d500-init/diff:/var/lib/docker/overlay2/1bd8849d7a296305617011f940aa5cfabbe972a513397b1b6bbc27639b6c1f30/diff:/var/lib/docker/overlay2/199d69b2fbf78af4d4c95dec4fd2f8835ab0347eb49fb20ebb2ff3b99fedd6ad/diff:/var/lib/docker/overlay2/d83c38d654989311f75b9491329846033bfb7714de76ef635380dcfad5c740d9/diff:/var/lib/docker/overlay2/08600d0aea2ab2728bebcf5d2589c640a842f53d1ba3c4a4adccb4d03b923cf6/diff:/var/lib/docker/overlay2/9ec7c63a3fb14d13ac788bbf5e282ca821edc41260b79944e5e631037d13ecda/diff:/var/lib/docker/overlay2/db601d7a1b4ea6da638db620462f0da96fa55c559d02269c9ddb09027936ed87/diff:/var/lib/docker/overlay2/a6d2bd03f942e2565f21e74cfe152c7ec836a1c2b583f0790c685b92bdcfda24/diff:/var/lib/docker/overlay2/9badd16ea2c5e2bf1fde8b579683e41137dfc46ed5449234149f199a6751cc84/diff:/var/lib/docker/overlay2/6efb85646ed12e2d1181ef4cc6f6f6732c00c15a4035fe17ebc4f075ca573c30/diff:/var/lib/docker/overlay2/895d7c0ec09144d6ed33936f4e98e11c18010f7abd708cae1ce43aec7a7f2621/diff:/var/lib/docker/overlay2/1c4ba77aa573ab6e5e5069fd15eae71b3da940bde0f97a922a227ffc8a1d1096/diff","MergedDir":"/var/lib/docker/overlay2/2c15a904a49807090175d7750f18e0f6a57e99c38a424839679cbaf676a4d500/merged","UpperDir":"/var/lib/docker/overlay2/2c15a904a49807090175d7750f18e0f6a57e99c38a424839679cbaf676a4d500/diff","WorkDir":"/var/lib/docker/overlay2/2c15a904a49807090175d7750f18e0f6a57e99c38a424839679cbaf676a4d500/work"},"Name":"overlay2"},"Mounts":[{"Type":"volume","Name":"44a9389ce95a2961210e86afd6afe42b23405f43157b5dc00e010d283c01df79","Source":"/var/lib/docker/volumes/44a9389ce95a2961210e86afd6afe42b23405f43157b5dc00e010d283c01df79/_data","Destination":"/var/lib/mysql","Driver":"local","Mode":"","RW":true,"Propagation":""}],"Config":{"Hostname":"c37a42694b7d","Domainname":"","User":"","AttachStdin":false,"AttachStdout":false,"AttachStderr":false,"ExposedPorts":{"3306/tcp":{},"33060/tcp":{}},"Tty":false,"OpenStdin":false,"StdinOnce":false,"Env":["MYSQL_DATABASE=adm_videos","MYSQL_PASSWORD=123456","MYSQL_ROOT_PASSWORD=123456","PATH=/usr/local/sbin:/usr/local/bin:/usr/sbin:/usr/bin:/sbin:/bin","GOSU_VERSION=1.16","MYSQL_MAJOR=8.0","MYSQL_VERSION=8.0.32-1.el8","MYSQL_SHELL_VERSION=8.0.32-1.el8"],"Cmd":["mysqld"],"Image":"mysql:latest","Volumes":{"/var/lib/mysql":{}},"WorkingDir":"","Entrypoint":["docker-entrypoint.sh"],"OnBuild":null,"Labels":{"org.testcontainers":"true","org.testcontainers.lang":"java","org.testcontainers.sessionId":"818a13d9-e138-4e41-b5a4-74fd927e6a2d","org.testcontainers.version":"1.17.6"}},"NetworkSettings":{"Bridge":"","SandboxID":"bd1f3a626f226e407a1a406212013b21c93b302c93f9fd53a405b7fc5ff825b3","HairpinMode":false,"LinkLocalIPv6Address":"","LinkLocalIPv6PrefixLen":0,"Ports":{"3306/tcp":[{"HostIp":"0.0.0.0","HostPort":"56289"}],"33060/tcp":null},"SandboxKey":"/var/run/docker/netns/bd1f3a626f22","SecondaryIPAddresses":null,"SecondaryIPv6Addresses":null,"EndpointID":"a2b725c0c5ce4503f8e45e0c2adc4455b29a53a4866d3f23b2bce893a084641f","Gateway":"172.17.0.1","GlobalIPv6Address":"","GlobalIPv6PrefixLen":0,"IPAddress":"172.17.0.3","IPPrefixLen":16,"IPv6Gateway":"","MacAddress":"02:42:ac:11:00:03","Networks":{"bridge":{"IPAMConfig":null,"Links":null,"Aliases":null,"NetworkID":"308e234c143065751b16b4500cb9f48d5c7fc2116504b3d816a5e51cd4771062","EndpointID":"a2b725c0c5ce4503f8e45e0c2adc4455b29a53a4866d3f23b2bce893a084641f","Gateway":"172.17.0.1","IPAddress":"172.17.0.3","IPPrefixLen":16,"IPv6Gateway":"","GlobalIPv6Address":"","GlobalIPv6PrefixLen":0,"MacAddress":"02:42:ac:11:00:03","DriverOpts":null}}}}[\n]"
23:55:09.049 [Test worker] DEBUG com.github.dockerjava.zerodep.shaded.org.apache.hc.client5.http.wire - http-outgoing-2 << "[\r][\n]"
23:55:09.049 [Test worker] DEBUG com.github.dockerjava.zerodep.shaded.org.apache.hc.client5.http.wire - http-outgoing-2 << "0[\r][\n]"
23:55:09.049 [Test worker] DEBUG com.github.dockerjava.zerodep.shaded.org.apache.hc.client5.http.wire - http-outgoing-2 << "[\r][\n]"
23:55:09.050 [Test worker] DEBUG com.github.dockerjava.zerodep.shaded.org.apache.hc.client5.http.impl.classic.InternalHttpClient - ep-0000003E: releasing valid endpoint
23:55:09.050 [Test worker] DEBUG com.github.dockerjava.zerodep.shaded.org.apache.hc.client5.http.impl.io.PoolingHttpClientConnectionManager - ep-0000003E: releasing endpoint
23:55:09.050 [Test worker] DEBUG com.github.dockerjava.zerodep.shaded.org.apache.hc.client5.http.impl.io.PoolingHttpClientConnectionManager - ep-0000003E: connection http-outgoing-2 can be kept alive for 3 MINUTES
23:55:09.050 [Test worker] DEBUG com.github.dockerjava.zerodep.shaded.org.apache.hc.client5.http.impl.io.PoolingHttpClientConnectionManager - ep-0000003E: connection released [route: {}->unix://localhost:2375][total available: 1; route allocated: 1 of 2147483647; total allocated: 1 of 2147483647]
23:55:09.050 [Test worker] DEBUG ]]>&#x1f433;<![CDATA[ [mysql:latest] - Trying to create JDBC connection using com.mysql.cj.jdbc.Driver to jdbc:mysql://localhost:56289/adm_videos?useSSL=false&allowPublicKeyRetrieval=true with properties: {password=123456, user=root}
23:55:09.155 [Test worker] DEBUG org.testcontainers.shaded.com.github.dockerjava.core.command.AbstrDockerCmd - Cmd: c37a42694b7d1cff581f5e7b89a60b044af4721181408c271e821f1413201ca6,false
23:55:09.156 [Test worker] DEBUG org.testcontainers.shaded.com.github.dockerjava.core.exec.InspectContainerCmdExec - GET: DefaultWebTarget{path=[/containers/c37a42694b7d1cff581f5e7b89a60b044af4721181408c271e821f1413201ca6/json], queryParams={}}
23:55:09.157 [Test worker] DEBUG com.github.dockerjava.zerodep.shaded.org.apache.hc.client5.http.impl.classic.InternalHttpClient - ex-00000040: preparing request execution
23:55:09.157 [Test worker] DEBUG com.github.dockerjava.zerodep.shaded.org.apache.hc.client5.http.protocol.RequestAddCookies - Cookie spec selected: strict
23:55:09.157 [Test worker] DEBUG com.github.dockerjava.zerodep.shaded.org.apache.hc.client5.http.protocol.RequestAuthCache - Auth cache not set in the context
23:55:09.157 [Test worker] DEBUG com.github.dockerjava.zerodep.shaded.org.apache.hc.client5.http.impl.classic.ProtocolExec - ex-00000040: target auth state: UNCHALLENGED
23:55:09.158 [Test worker] DEBUG com.github.dockerjava.zerodep.shaded.org.apache.hc.client5.http.impl.classic.ProtocolExec - ex-00000040: proxy auth state: UNCHALLENGED
23:55:09.158 [Test worker] DEBUG com.github.dockerjava.zerodep.shaded.org.apache.hc.client5.http.impl.classic.ConnectExec - ex-00000040: acquiring connection with route {}->unix://localhost:2375
23:55:09.158 [Test worker] DEBUG com.github.dockerjava.zerodep.shaded.org.apache.hc.client5.http.impl.classic.InternalHttpClient - ex-00000040: acquiring endpoint (3 MINUTES)
23:55:09.158 [Test worker] DEBUG com.github.dockerjava.zerodep.shaded.org.apache.hc.client5.http.impl.io.PoolingHttpClientConnectionManager - ex-00000040: endpoint lease request (3 MINUTES) [route: {}->unix://localhost:2375][total available: 1; route allocated: 1 of 2147483647; total allocated: 1 of 2147483647]
23:55:09.158 [Test worker] DEBUG com.github.dockerjava.zerodep.shaded.org.apache.hc.client5.http.impl.io.PoolingHttpClientConnectionManager - ex-00000040: endpoint leased [route: {}->unix://localhost:2375][total available: 0; route allocated: 1 of 2147483647; total allocated: 1 of 2147483647]
23:55:09.158 [Test worker] DEBUG com.github.dockerjava.zerodep.shaded.org.apache.hc.client5.http.impl.io.PoolingHttpClientConnectionManager - ex-00000040: acquired ep-0000003F
23:55:09.158 [Test worker] DEBUG com.github.dockerjava.zerodep.shaded.org.apache.hc.client5.http.impl.classic.InternalHttpClient - ex-00000040: acquired endpoint ep-0000003F
23:55:09.158 [Test worker] DEBUG com.github.dockerjava.zerodep.shaded.org.apache.hc.client5.http.impl.classic.MainClientExec - ex-00000040: executing GET /v1.32/containers/c37a42694b7d1cff581f5e7b89a60b044af4721181408c271e821f1413201ca6/json HTTP/1.1
23:55:09.158 [Test worker] DEBUG com.github.dockerjava.zerodep.shaded.org.apache.hc.client5.http.impl.classic.InternalHttpClient - ep-0000003F: start execution ex-00000040
23:55:09.158 [Test worker] DEBUG com.github.dockerjava.zerodep.shaded.org.apache.hc.client5.http.impl.io.PoolingHttpClientConnectionManager - ep-0000003F: executing exchange ex-00000040 over http-outgoing-2
23:55:09.159 [Test worker] DEBUG com.github.dockerjava.zerodep.shaded.org.apache.hc.client5.http.headers - http-outgoing-2 >> GET /v1.32/containers/c37a42694b7d1cff581f5e7b89a60b044af4721181408c271e821f1413201ca6/json HTTP/1.1
23:55:09.159 [Test worker] DEBUG com.github.dockerjava.zerodep.shaded.org.apache.hc.client5.http.headers - http-outgoing-2 >> accept: application/json
23:55:09.159 [Test worker] DEBUG com.github.dockerjava.zerodep.shaded.org.apache.hc.client5.http.headers - http-outgoing-2 >> x-tc-sid: 818a13d9-e138-4e41-b5a4-74fd927e6a2d
23:55:09.159 [Test worker] DEBUG com.github.dockerjava.zerodep.shaded.org.apache.hc.client5.http.headers - http-outgoing-2 >> Accept-Encoding: gzip, x-gzip, deflate
23:55:09.159 [Test worker] DEBUG com.github.dockerjava.zerodep.shaded.org.apache.hc.client5.http.headers - http-outgoing-2 >> Host: localhost:2375
23:55:09.159 [Test worker] DEBUG com.github.dockerjava.zerodep.shaded.org.apache.hc.client5.http.headers - http-outgoing-2 >> Connection: keep-alive
23:55:09.159 [Test worker] DEBUG com.github.dockerjava.zerodep.shaded.org.apache.hc.client5.http.headers - http-outgoing-2 >> User-Agent: Apache-HttpClient/5.0.3 (Java/17.0.2)
23:55:09.159 [Test worker] DEBUG com.github.dockerjava.zerodep.shaded.org.apache.hc.client5.http.wire - http-outgoing-2 >> "GET /v1.32/containers/c37a42694b7d1cff581f5e7b89a60b044af4721181408c271e821f1413201ca6/json HTTP/1.1[\r][\n]"
23:55:09.159 [Test worker] DEBUG com.github.dockerjava.zerodep.shaded.org.apache.hc.client5.http.wire - http-outgoing-2 >> "accept: application/json[\r][\n]"
23:55:09.159 [Test worker] DEBUG com.github.dockerjava.zerodep.shaded.org.apache.hc.client5.http.wire - http-outgoing-2 >> "x-tc-sid: 818a13d9-e138-4e41-b5a4-74fd927e6a2d[\r][\n]"
23:55:09.159 [Test worker] DEBUG com.github.dockerjava.zerodep.shaded.org.apache.hc.client5.http.wire - http-outgoing-2 >> "Accept-Encoding: gzip, x-gzip, deflate[\r][\n]"
23:55:09.159 [Test worker] DEBUG com.github.dockerjava.zerodep.shaded.org.apache.hc.client5.http.wire - http-outgoing-2 >> "Host: localhost:2375[\r][\n]"
23:55:09.159 [Test worker] DEBUG com.github.dockerjava.zerodep.shaded.org.apache.hc.client5.http.wire - http-outgoing-2 >> "Connection: keep-alive[\r][\n]"
23:55:09.159 [Test worker] DEBUG com.github.dockerjava.zerodep.shaded.org.apache.hc.client5.http.wire - http-outgoing-2 >> "User-Agent: Apache-HttpClient/5.0.3 (Java/17.0.2)[\r][\n]"
23:55:09.159 [Test worker] DEBUG com.github.dockerjava.zerodep.shaded.org.apache.hc.client5.http.wire - http-outgoing-2 >> "[\r][\n]"
23:55:09.161 [Test worker] DEBUG com.github.dockerjava.zerodep.shaded.org.apache.hc.client5.http.wire - http-outgoing-2 << "HTTP/1.1 200 OK[\r][\n]"
23:55:09.161 [Test worker] DEBUG com.github.dockerjava.zerodep.shaded.org.apache.hc.client5.http.wire - http-outgoing-2 << "Api-Version: 1.41[\r][\n]"
23:55:09.161 [Test worker] DEBUG com.github.dockerjava.zerodep.shaded.org.apache.hc.client5.http.wire - http-outgoing-2 << "Content-Type: application/json[\r][\n]"
23:55:09.161 [Test worker] DEBUG com.github.dockerjava.zerodep.shaded.org.apache.hc.client5.http.wire - http-outgoing-2 << "Date: Mon, 27 Mar 2023 02:55:09 GMT[\r][\n]"
23:55:09.161 [Test worker] DEBUG com.github.dockerjava.zerodep.shaded.org.apache.hc.client5.http.wire - http-outgoing-2 << "Docker-Experimental: false[\r][\n]"
23:55:09.161 [Test worker] DEBUG com.github.dockerjava.zerodep.shaded.org.apache.hc.client5.http.wire - http-outgoing-2 << "Ostype: linux[\r][\n]"
23:55:09.161 [Test worker] DEBUG com.github.dockerjava.zerodep.shaded.org.apache.hc.client5.http.wire - http-outgoing-2 << "Server: Docker/20.10.21 (linux)[\r][\n]"
23:55:09.161 [Test worker] DEBUG com.github.dockerjava.zerodep.shaded.org.apache.hc.client5.http.wire - http-outgoing-2 << "Transfer-Encoding: chunked[\r][\n]"
23:55:09.161 [Test worker] DEBUG com.github.dockerjava.zerodep.shaded.org.apache.hc.client5.http.wire - http-outgoing-2 << "[\r][\n]"
23:55:09.161 [Test worker] DEBUG com.github.dockerjava.zerodep.shaded.org.apache.hc.client5.http.headers - http-outgoing-2 << HTTP/1.1 200 OK
23:55:09.161 [Test worker] DEBUG com.github.dockerjava.zerodep.shaded.org.apache.hc.client5.http.headers - http-outgoing-2 << Api-Version: 1.41
23:55:09.161 [Test worker] DEBUG com.github.dockerjava.zerodep.shaded.org.apache.hc.client5.http.headers - http-outgoing-2 << Content-Type: application/json
23:55:09.161 [Test worker] DEBUG com.github.dockerjava.zerodep.shaded.org.apache.hc.client5.http.headers - http-outgoing-2 << Date: Mon, 27 Mar 2023 02:55:09 GMT
23:55:09.161 [Test worker] DEBUG com.github.dockerjava.zerodep.shaded.org.apache.hc.client5.http.headers - http-outgoing-2 << Docker-Experimental: false
23:55:09.161 [Test worker] DEBUG com.github.dockerjava.zerodep.shaded.org.apache.hc.client5.http.headers - http-outgoing-2 << Ostype: linux
23:55:09.161 [Test worker] DEBUG com.github.dockerjava.zerodep.shaded.org.apache.hc.client5.http.headers - http-outgoing-2 << Server: Docker/20.10.21 (linux)
23:55:09.161 [Test worker] DEBUG com.github.dockerjava.zerodep.shaded.org.apache.hc.client5.http.headers - http-outgoing-2 << Transfer-Encoding: chunked
23:55:09.161 [Test worker] DEBUG com.github.dockerjava.zerodep.shaded.org.apache.hc.client5.http.impl.classic.MainClientExec - ex-00000040: connection can be kept alive for 3 MINUTES
23:55:09.162 [Test worker] DEBUG com.github.dockerjava.zerodep.shaded.org.apache.hc.client5.http.wire - http-outgoing-2 << "18c1[\r][\n]"
23:55:09.162 [Test worker] DEBUG com.github.dockerjava.zerodep.shaded.org.apache.hc.client5.http.wire - http-outgoing-2 << "{"Id":"c37a42694b7d1cff581f5e7b89a60b044af4721181408c271e821f1413201ca6","Created":"2023-03-27T02:55:02.49734542Z","Path":"docker-entrypoint.sh","Args":["mysqld"],"State":{"Status":"running","Running":true,"Paused":false,"Restarting":false,"OOMKilled":false,"Dead":false,"Pid":18342,"ExitCode":0,"Error":"","StartedAt":"2023-03-27T02:55:03.12719392Z","FinishedAt":"0001-01-01T00:00:00Z"},"Image":"sha256:c7c54c29e20dccc1aefb936c8eba8bb8b98b87a4921102aba87fde2df5810af9","ResolvConfPath":"/var/lib/docker/containers/c37a42694b7d1cff581f5e7b89a60b044af4721181408c271e821f1413201ca6/resolv.conf","HostnamePath":"/var/lib/docker/containers/c37a42694b7d1cff581f5e7b89a60b044af4721181408c271e821f1413201ca6/hostname","HostsPath":"/var/lib/docker/containers/c37a42694b7d1cff581f5e7b89a60b044af4721181408c271e821f1413201ca6/hosts","LogPath":"/var/lib/docker/containers/c37a42694b7d1cff581f5e7b89a60b044af4721181408c271e821f1413201ca6/c37a42694b7d1cff581f5e7b89a60b044af4721181408c271e821f1413201ca6-json.log","Name":"/elegant_mahavira","RestartCount":0,"Driver":"overlay2","Platform":"linux","MountLabel":"","ProcessLabel":"","AppArmorProfile":"","ExecIDs":null,"HostConfig":{"Binds":[],"ContainerIDFile":"","LogConfig":{"Type":"json-file","Config":{}},"NetworkMode":"default","PortBindings":{"3306/tcp":[{"HostIp":"0.0.0.0","HostPort":"0"}]},"RestartPolicy":{"Name":"","MaximumRetryCount":0},"AutoRemove":false,"VolumeDriver":"","VolumesFrom":[],"CapAdd":null,"CapDrop":null,"CgroupnsMode":"private","Dns":null,"DnsOptions":null,"DnsSearch":null,"ExtraHosts":[],"GroupAdd":null,"IpcMode":"shareable","Cgroup":"","Links":null,"OomScoreAdj":0,"PidMode":"","Privileged":false,"PublishAllPorts":false,"ReadonlyRootfs":false,"SecurityOpt":null,"UTSMode":"","UsernsMode":"","ShmSize":67108864,"Runtime":"runc","ConsoleSize":[0,0],"Isolation":"","CpuShares":0,"Memory":0,"NanoCpus":0,"CgroupParent":"","BlkioWeight":0,"BlkioWeightDevice":null,"BlkioDeviceReadBps":null,"BlkioDeviceWriteBps":null,"BlkioDeviceReadIOps":null,"BlkioDeviceWriteIOps":null,"CpuPeriod":0,"CpuQuota":0,"CpuRealtimePeriod":0,"CpuRealtimeRuntime":0,"CpusetCpus":"","CpusetMems":"","Devices":null,"DeviceCgroupRules":null,"DeviceRequests":null,"KernelMemory":0,"KernelMemoryTCP":0,"MemoryReservation":0,"MemorySwap":0,"MemorySwappiness":null,"OomKillDisable":null,"PidsLimit":null,"Ulimits":null,"CpuCount":0,"CpuPercent":0,"IOMaximumIOps":0,"IOMaximumBandwidth":0,"MaskedPaths":["/proc/asound","/proc/acpi","/proc/kcore","/proc/keys","/proc/latency_stats","/proc/timer_list","/proc/timer_stats","/proc/sched_debug","/proc/scsi","/sys/firmware"],"ReadonlyPaths":["/proc/bus","/proc/fs","/proc/irq","/proc/sys","/proc/sysrq-trigger"]},"GraphDriver":{"Data":{"LowerDir":"/var/lib/docker/overlay2/2c15a904a49807090175d7750f18e0f6a57e99c38a424839679cbaf676a4d500-init/diff:/var/lib/docker/overlay2/1bd8849d7a296305617011f940aa5cfabbe972a513397b1b6bbc27639b6c1f30/diff:/var/lib/docker/overlay2/199d69b2fbf78af4d4c95dec4fd2f8835ab0347eb49fb20ebb2ff3b99fedd6ad/diff:/var/lib/docker/overlay2/d83c38d654989311f75b9491329846033bfb7714de76ef635380dcfad5c740d9/diff:/var/lib/docker/overlay2/08600d0aea2ab2728bebcf5d2589c640a842f53d1ba3c4a4adccb4d03b923cf6/diff:/var/lib/docker/overlay2/9ec7c63a3fb14d13ac788bbf5e282ca821edc41260b79944e5e631037d13ecda/diff:/var/lib/docker/overlay2/db601d7a1b4ea6da638db620462f0da96fa55c559d02269c9ddb09027936ed87/diff:/var/lib/docker/overlay2/a6d2bd03f942e2565f21e74cfe152c7ec836a1c2b583f0790c685b92bdcfda24/diff:/var/lib/docker/overlay2/9badd16ea2c5e2bf1fde8b579683e41137dfc46ed5449234149f199a6751cc84/diff:/var/lib/docker/overlay2/6efb85646ed12e2d1181ef4cc6f6f6732c00c15a4035fe17ebc4f075ca573c30/diff:/var/lib/docker/overlay2/895d7c0ec09144d6ed33936f4e98e11c18010f7abd708cae1ce43aec7a7f2621/diff:/var/lib/docker/overlay2/1c4ba77aa573ab6e5e5069fd15eae71b3da940bde0f97a922a227ffc8a1d1096/diff","MergedDir":"/var/lib/docker/overlay2/2c15a904a49807090175d7750f18e0f6a57e99c38a424839679cbaf676a4d500/merged","UpperDir":"/var/lib/docker/overlay2/2c15a904a49807090175d7750f18e0f6a57e99c38a424839679cbaf676a4d500/diff","WorkDir":"/var/lib/docker/overlay2/2c15a904a49807090175d7750f18e0f6a57e99c38a424839679cbaf676a4d500/work"},"Name":"overlay2"},"Mounts":[{"Type":"volume","Name":"44a9389ce95a2961210e86afd6afe42b23405f43157b5dc00e010d283c01df79","Source":"/var/lib/docker/volumes/44a9389ce95a2961210e86afd6afe42b23405f43157b5dc00e010d283c01df79/_data","Destination":"/var/lib/mysql","Driver":"local","Mode":"","RW":true,"Propagation":""}],"Config":{"Hostname":"c37a42694b7d","Domainname":"","User":"","AttachStdin":false,"AttachStdout":false,"AttachStderr":false,"ExposedPorts":{"3306/tcp":{},"33060/tcp":{}},"Tty":false,"OpenStdin":false,"StdinOnce":false,"Env":["MYSQL_DATABASE=adm_videos","MYSQL_PASSWORD=123456","MYSQL_ROOT_PASSWORD=123456","PATH=/usr/local/sbin:/usr/local/bin:/usr/sbin:/usr/bin:/sbin:/bin","GOSU_VERSION=1.16","MYSQL_MAJOR=8.0","MYSQL_VERSION=8.0.32-1.el8","MYSQL_SHELL_VERSION=8.0.32-1.el8"],"Cmd":["mysqld"],"Image":"mysql:latest","Volumes":{"/var/lib/mysql":{}},"WorkingDir":"","Entrypoint":["docker-entrypoint.sh"],"OnBuild":null,"Labels":{"org.testcontainers":"true","org.testcontainers.lang":"java","org.testcontainers.sessionId":"818a13d9-e138-4e41-b5a4-74fd927e6a2d","org.testcontainers.version":"1.17.6"}},"NetworkSettings":{"Bridge":"","SandboxID":"bd1f3a626f226e407a1a406212013b21c93b302c93f9fd53a405b7fc5ff825b3","HairpinMode":false,"LinkLocalIPv6Address":"","LinkLocalIPv6PrefixLen":0,"Ports":{"3306/tcp":[{"HostIp":"0.0.0.0","HostPort":"56289"}],"33060/tcp":null},"SandboxKey":"/var/run/docker/netns/bd1f3a626f22","SecondaryIPAddresses":null,"SecondaryIPv6Addresses":null,"EndpointID":"a2b725c0c5ce4503f8e45e0c2adc4455b29a53a4866d3f23b2bce893a084641f","Gateway":"172.17.0.1","GlobalIPv6Address":"","GlobalIPv6PrefixLen":0,"IPAddress":"172.17.0.3","IPPrefixLen":16,"IPv6Gateway":"","MacAddress":"02:42:ac:11:00:03","Networks":{"bridge":{"IPAMConfig":null,"Links":null,"Aliases":null,"NetworkID":"308e234c143065751b16b4500cb9f48d5c7fc2116504b3d816a5e51cd4771062","EndpointID":"a2b725c0c5ce4503f8e45e0c2adc4455b29a53a4866d3f23b2bce893a084641f","Gateway":"172.17.0.1","IPAddress":"172.17.0.3","IPPrefixLen":16,"IPv6Gateway":"","GlobalIPv6Address":"","GlobalIPv6PrefixLen":0,"MacAddress":"02:42:ac:11:00:03","DriverOpts":null}}}}[\n]"
23:55:09.162 [Test worker] DEBUG com.github.dockerjava.zerodep.shaded.org.apache.hc.client5.http.wire - http-outgoing-2 << "[\r][\n]"
23:55:09.163 [Test worker] DEBUG com.github.dockerjava.zerodep.shaded.org.apache.hc.client5.http.wire - http-outgoing-2 << "0[\r][\n]"
23:55:09.163 [Test worker] DEBUG com.github.dockerjava.zerodep.shaded.org.apache.hc.client5.http.wire - http-outgoing-2 << "[\r][\n]"
23:55:09.163 [Test worker] DEBUG com.github.dockerjava.zerodep.shaded.org.apache.hc.client5.http.impl.classic.InternalHttpClient - ep-0000003F: releasing valid endpoint
23:55:09.163 [Test worker] DEBUG com.github.dockerjava.zerodep.shaded.org.apache.hc.client5.http.impl.io.PoolingHttpClientConnectionManager - ep-0000003F: releasing endpoint
23:55:09.163 [Test worker] DEBUG com.github.dockerjava.zerodep.shaded.org.apache.hc.client5.http.impl.io.PoolingHttpClientConnectionManager - ep-0000003F: connection http-outgoing-2 can be kept alive for 3 MINUTES
23:55:09.164 [Test worker] DEBUG com.github.dockerjava.zerodep.shaded.org.apache.hc.client5.http.impl.io.PoolingHttpClientConnectionManager - ep-0000003F: connection released [route: {}->unix://localhost:2375][total available: 1; route allocated: 1 of 2147483647; total allocated: 1 of 2147483647]
23:55:09.164 [Test worker] DEBUG ]]>&#x1f433;<![CDATA[ [mysql:latest] - Trying to create JDBC connection using com.mysql.cj.jdbc.Driver to jdbc:mysql://localhost:56289/adm_videos?useSSL=false&allowPublicKeyRetrieval=true with properties: {password=123456, user=root}
23:55:09.269 [Test worker] DEBUG org.testcontainers.shaded.com.github.dockerjava.core.command.AbstrDockerCmd - Cmd: c37a42694b7d1cff581f5e7b89a60b044af4721181408c271e821f1413201ca6,false
23:55:09.270 [Test worker] DEBUG org.testcontainers.shaded.com.github.dockerjava.core.exec.InspectContainerCmdExec - GET: DefaultWebTarget{path=[/containers/c37a42694b7d1cff581f5e7b89a60b044af4721181408c271e821f1413201ca6/json], queryParams={}}
23:55:09.270 [Test worker] DEBUG com.github.dockerjava.zerodep.shaded.org.apache.hc.client5.http.impl.classic.InternalHttpClient - ex-00000041: preparing request execution
23:55:09.270 [Test worker] DEBUG com.github.dockerjava.zerodep.shaded.org.apache.hc.client5.http.protocol.RequestAddCookies - Cookie spec selected: strict
23:55:09.270 [Test worker] DEBUG com.github.dockerjava.zerodep.shaded.org.apache.hc.client5.http.protocol.RequestAuthCache - Auth cache not set in the context
23:55:09.270 [Test worker] DEBUG com.github.dockerjava.zerodep.shaded.org.apache.hc.client5.http.impl.classic.ProtocolExec - ex-00000041: target auth state: UNCHALLENGED
23:55:09.270 [Test worker] DEBUG com.github.dockerjava.zerodep.shaded.org.apache.hc.client5.http.impl.classic.ProtocolExec - ex-00000041: proxy auth state: UNCHALLENGED
23:55:09.270 [Test worker] DEBUG com.github.dockerjava.zerodep.shaded.org.apache.hc.client5.http.impl.classic.ConnectExec - ex-00000041: acquiring connection with route {}->unix://localhost:2375
23:55:09.270 [Test worker] DEBUG com.github.dockerjava.zerodep.shaded.org.apache.hc.client5.http.impl.classic.InternalHttpClient - ex-00000041: acquiring endpoint (3 MINUTES)
23:55:09.270 [Test worker] DEBUG com.github.dockerjava.zerodep.shaded.org.apache.hc.client5.http.impl.io.PoolingHttpClientConnectionManager - ex-00000041: endpoint lease request (3 MINUTES) [route: {}->unix://localhost:2375][total available: 1; route allocated: 1 of 2147483647; total allocated: 1 of 2147483647]
23:55:09.270 [Test worker] DEBUG com.github.dockerjava.zerodep.shaded.org.apache.hc.client5.http.impl.io.PoolingHttpClientConnectionManager - ex-00000041: endpoint leased [route: {}->unix://localhost:2375][total available: 0; route allocated: 1 of 2147483647; total allocated: 1 of 2147483647]
23:55:09.270 [Test worker] DEBUG com.github.dockerjava.zerodep.shaded.org.apache.hc.client5.http.impl.io.PoolingHttpClientConnectionManager - ex-00000041: acquired ep-00000040
23:55:09.270 [Test worker] DEBUG com.github.dockerjava.zerodep.shaded.org.apache.hc.client5.http.impl.classic.InternalHttpClient - ex-00000041: acquired endpoint ep-00000040
23:55:09.270 [Test worker] DEBUG com.github.dockerjava.zerodep.shaded.org.apache.hc.client5.http.impl.classic.MainClientExec - ex-00000041: executing GET /v1.32/containers/c37a42694b7d1cff581f5e7b89a60b044af4721181408c271e821f1413201ca6/json HTTP/1.1
23:55:09.270 [Test worker] DEBUG com.github.dockerjava.zerodep.shaded.org.apache.hc.client5.http.impl.classic.InternalHttpClient - ep-00000040: start execution ex-00000041
23:55:09.270 [Test worker] DEBUG com.github.dockerjava.zerodep.shaded.org.apache.hc.client5.http.impl.io.PoolingHttpClientConnectionManager - ep-00000040: executing exchange ex-00000041 over http-outgoing-2
23:55:09.270 [Test worker] DEBUG com.github.dockerjava.zerodep.shaded.org.apache.hc.client5.http.headers - http-outgoing-2 >> GET /v1.32/containers/c37a42694b7d1cff581f5e7b89a60b044af4721181408c271e821f1413201ca6/json HTTP/1.1
23:55:09.270 [Test worker] DEBUG com.github.dockerjava.zerodep.shaded.org.apache.hc.client5.http.headers - http-outgoing-2 >> accept: application/json
23:55:09.270 [Test worker] DEBUG com.github.dockerjava.zerodep.shaded.org.apache.hc.client5.http.headers - http-outgoing-2 >> x-tc-sid: 818a13d9-e138-4e41-b5a4-74fd927e6a2d
23:55:09.270 [Test worker] DEBUG com.github.dockerjava.zerodep.shaded.org.apache.hc.client5.http.headers - http-outgoing-2 >> Accept-Encoding: gzip, x-gzip, deflate
23:55:09.270 [Test worker] DEBUG com.github.dockerjava.zerodep.shaded.org.apache.hc.client5.http.headers - http-outgoing-2 >> Host: localhost:2375
23:55:09.270 [Test worker] DEBUG com.github.dockerjava.zerodep.shaded.org.apache.hc.client5.http.headers - http-outgoing-2 >> Connection: keep-alive
23:55:09.270 [Test worker] DEBUG com.github.dockerjava.zerodep.shaded.org.apache.hc.client5.http.headers - http-outgoing-2 >> User-Agent: Apache-HttpClient/5.0.3 (Java/17.0.2)
23:55:09.270 [Test worker] DEBUG com.github.dockerjava.zerodep.shaded.org.apache.hc.client5.http.wire - http-outgoing-2 >> "GET /v1.32/containers/c37a42694b7d1cff581f5e7b89a60b044af4721181408c271e821f1413201ca6/json HTTP/1.1[\r][\n]"
23:55:09.270 [Test worker] DEBUG com.github.dockerjava.zerodep.shaded.org.apache.hc.client5.http.wire - http-outgoing-2 >> "accept: application/json[\r][\n]"
23:55:09.270 [Test worker] DEBUG com.github.dockerjava.zerodep.shaded.org.apache.hc.client5.http.wire - http-outgoing-2 >> "x-tc-sid: 818a13d9-e138-4e41-b5a4-74fd927e6a2d[\r][\n]"
23:55:09.270 [Test worker] DEBUG com.github.dockerjava.zerodep.shaded.org.apache.hc.client5.http.wire - http-outgoing-2 >> "Accept-Encoding: gzip, x-gzip, deflate[\r][\n]"
23:55:09.270 [Test worker] DEBUG com.github.dockerjava.zerodep.shaded.org.apache.hc.client5.http.wire - http-outgoing-2 >> "Host: localhost:2375[\r][\n]"
23:55:09.270 [Test worker] DEBUG com.github.dockerjava.zerodep.shaded.org.apache.hc.client5.http.wire - http-outgoing-2 >> "Connection: keep-alive[\r][\n]"
23:55:09.270 [Test worker] DEBUG com.github.dockerjava.zerodep.shaded.org.apache.hc.client5.http.wire - http-outgoing-2 >> "User-Agent: Apache-HttpClient/5.0.3 (Java/17.0.2)[\r][\n]"
23:55:09.270 [Test worker] DEBUG com.github.dockerjava.zerodep.shaded.org.apache.hc.client5.http.wire - http-outgoing-2 >> "[\r][\n]"
23:55:09.274 [Test worker] DEBUG com.github.dockerjava.zerodep.shaded.org.apache.hc.client5.http.wire - http-outgoing-2 << "HTTP/1.1 200 OK[\r][\n]"
23:55:09.274 [Test worker] DEBUG com.github.dockerjava.zerodep.shaded.org.apache.hc.client5.http.wire - http-outgoing-2 << "Api-Version: 1.41[\r][\n]"
23:55:09.274 [Test worker] DEBUG com.github.dockerjava.zerodep.shaded.org.apache.hc.client5.http.wire - http-outgoing-2 << "Content-Type: application/json[\r][\n]"
23:55:09.274 [Test worker] DEBUG com.github.dockerjava.zerodep.shaded.org.apache.hc.client5.http.wire - http-outgoing-2 << "Date: Mon, 27 Mar 2023 02:55:09 GMT[\r][\n]"
23:55:09.274 [Test worker] DEBUG com.github.dockerjava.zerodep.shaded.org.apache.hc.client5.http.wire - http-outgoing-2 << "Docker-Experimental: false[\r][\n]"
23:55:09.274 [Test worker] DEBUG com.github.dockerjava.zerodep.shaded.org.apache.hc.client5.http.wire - http-outgoing-2 << "Ostype: linux[\r][\n]"
23:55:09.274 [Test worker] DEBUG com.github.dockerjava.zerodep.shaded.org.apache.hc.client5.http.wire - http-outgoing-2 << "Server: Docker/20.10.21 (linux)[\r][\n]"
23:55:09.274 [Test worker] DEBUG com.github.dockerjava.zerodep.shaded.org.apache.hc.client5.http.wire - http-outgoing-2 << "Transfer-Encoding: chunked[\r][\n]"
23:55:09.274 [Test worker] DEBUG com.github.dockerjava.zerodep.shaded.org.apache.hc.client5.http.wire - http-outgoing-2 << "[\r][\n]"
23:55:09.274 [Test worker] DEBUG com.github.dockerjava.zerodep.shaded.org.apache.hc.client5.http.headers - http-outgoing-2 << HTTP/1.1 200 OK
23:55:09.274 [Test worker] DEBUG com.github.dockerjava.zerodep.shaded.org.apache.hc.client5.http.headers - http-outgoing-2 << Api-Version: 1.41
23:55:09.274 [Test worker] DEBUG com.github.dockerjava.zerodep.shaded.org.apache.hc.client5.http.headers - http-outgoing-2 << Content-Type: application/json
23:55:09.274 [Test worker] DEBUG com.github.dockerjava.zerodep.shaded.org.apache.hc.client5.http.headers - http-outgoing-2 << Date: Mon, 27 Mar 2023 02:55:09 GMT
23:55:09.274 [Test worker] DEBUG com.github.dockerjava.zerodep.shaded.org.apache.hc.client5.http.headers - http-outgoing-2 << Docker-Experimental: false
23:55:09.274 [Test worker] DEBUG com.github.dockerjava.zerodep.shaded.org.apache.hc.client5.http.headers - http-outgoing-2 << Ostype: linux
23:55:09.274 [Test worker] DEBUG com.github.dockerjava.zerodep.shaded.org.apache.hc.client5.http.headers - http-outgoing-2 << Server: Docker/20.10.21 (linux)
23:55:09.274 [Test worker] DEBUG com.github.dockerjava.zerodep.shaded.org.apache.hc.client5.http.headers - http-outgoing-2 << Transfer-Encoding: chunked
23:55:09.274 [Test worker] DEBUG com.github.dockerjava.zerodep.shaded.org.apache.hc.client5.http.impl.classic.MainClientExec - ex-00000041: connection can be kept alive for 3 MINUTES
23:55:09.275 [Test worker] DEBUG com.github.dockerjava.zerodep.shaded.org.apache.hc.client5.http.wire - http-outgoing-2 << "18c1[\r][\n]"
23:55:09.275 [Test worker] DEBUG com.github.dockerjava.zerodep.shaded.org.apache.hc.client5.http.wire - http-outgoing-2 << "{"Id":"c37a42694b7d1cff581f5e7b89a60b044af4721181408c271e821f1413201ca6","Created":"2023-03-27T02:55:02.49734542Z","Path":"docker-entrypoint.sh","Args":["mysqld"],"State":{"Status":"running","Running":true,"Paused":false,"Restarting":false,"OOMKilled":false,"Dead":false,"Pid":18342,"ExitCode":0,"Error":"","StartedAt":"2023-03-27T02:55:03.12719392Z","FinishedAt":"0001-01-01T00:00:00Z"},"Image":"sha256:c7c54c29e20dccc1aefb936c8eba8bb8b98b87a4921102aba87fde2df5810af9","ResolvConfPath":"/var/lib/docker/containers/c37a42694b7d1cff581f5e7b89a60b044af4721181408c271e821f1413201ca6/resolv.conf","HostnamePath":"/var/lib/docker/containers/c37a42694b7d1cff581f5e7b89a60b044af4721181408c271e821f1413201ca6/hostname","HostsPath":"/var/lib/docker/containers/c37a42694b7d1cff581f5e7b89a60b044af4721181408c271e821f1413201ca6/hosts","LogPath":"/var/lib/docker/containers/c37a42694b7d1cff581f5e7b89a60b044af4721181408c271e821f1413201ca6/c37a42694b7d1cff581f5e7b89a60b044af4721181408c271e821f1413201ca6-json.log","Name":"/elegant_mahavira","RestartCount":0,"Driver":"overlay2","Platform":"linux","MountLabel":"","ProcessLabel":"","AppArmorProfile":"","ExecIDs":null,"HostConfig":{"Binds":[],"ContainerIDFile":"","LogConfig":{"Type":"json-file","Config":{}},"NetworkMode":"default","PortBindings":{"3306/tcp":[{"HostIp":"0.0.0.0","HostPort":"0"}]},"RestartPolicy":{"Name":"","MaximumRetryCount":0},"AutoRemove":false,"VolumeDriver":"","VolumesFrom":[],"CapAdd":null,"CapDrop":null,"CgroupnsMode":"private","Dns":null,"DnsOptions":null,"DnsSearch":null,"ExtraHosts":[],"GroupAdd":null,"IpcMode":"shareable","Cgroup":"","Links":null,"OomScoreAdj":0,"PidMode":"","Privileged":false,"PublishAllPorts":false,"ReadonlyRootfs":false,"SecurityOpt":null,"UTSMode":"","UsernsMode":"","ShmSize":67108864,"Runtime":"runc","ConsoleSize":[0,0],"Isolation":"","CpuShares":0,"Memory":0,"NanoCpus":0,"CgroupParent":"","BlkioWeight":0,"BlkioWeightDevice":null,"BlkioDeviceReadBps":null,"BlkioDeviceWriteBps":null,"BlkioDeviceReadIOps":null,"BlkioDeviceWriteIOps":null,"CpuPeriod":0,"CpuQuota":0,"CpuRealtimePeriod":0,"CpuRealtimeRuntime":0,"CpusetCpus":"","CpusetMems":"","Devices":null,"DeviceCgroupRules":null,"DeviceRequests":null,"KernelMemory":0,"KernelMemoryTCP":0,"MemoryReservation":0,"MemorySwap":0,"MemorySwappiness":null,"OomKillDisable":null,"PidsLimit":null,"Ulimits":null,"CpuCount":0,"CpuPercent":0,"IOMaximumIOps":0,"IOMaximumBandwidth":0,"MaskedPaths":["/proc/asound","/proc/acpi","/proc/kcore","/proc/keys","/proc/latency_stats","/proc/timer_list","/proc/timer_stats","/proc/sched_debug","/proc/scsi","/sys/firmware"],"ReadonlyPaths":["/proc/bus","/proc/fs","/proc/irq","/proc/sys","/proc/sysrq-trigger"]},"GraphDriver":{"Data":{"LowerDir":"/var/lib/docker/overlay2/2c15a904a49807090175d7750f18e0f6a57e99c38a424839679cbaf676a4d500-init/diff:/var/lib/docker/overlay2/1bd8849d7a296305617011f940aa5cfabbe972a513397b1b6bbc27639b6c1f30/diff:/var/lib/docker/overlay2/199d69b2fbf78af4d4c95dec4fd2f8835ab0347eb49fb20ebb2ff3b99fedd6ad/diff:/var/lib/docker/overlay2/d83c38d654989311f75b9491329846033bfb7714de76ef635380dcfad5c740d9/diff:/var/lib/docker/overlay2/08600d0aea2ab2728bebcf5d2589c640a842f53d1ba3c4a4adccb4d03b923cf6/diff:/var/lib/docker/overlay2/9ec7c63a3fb14d13ac788bbf5e282ca821edc41260b79944e5e631037d13ecda/diff:/var/lib/docker/overlay2/db601d7a1b4ea6da638db620462f0da96fa55c559d02269c9ddb09027936ed87/diff:/var/lib/docker/overlay2/a6d2bd03f942e2565f21e74cfe152c7ec836a1c2b583f0790c685b92bdcfda24/diff:/var/lib/docker/overlay2/9badd16ea2c5e2bf1fde8b579683e41137dfc46ed5449234149f199a6751cc84/diff:/var/lib/docker/overlay2/6efb85646ed12e2d1181ef4cc6f6f6732c00c15a4035fe17ebc4f075ca573c30/diff:/var/lib/docker/overlay2/895d7c0ec09144d6ed33936f4e98e11c18010f7abd708cae1ce43aec7a7f2621/diff:/var/lib/docker/overlay2/1c4ba77aa573ab6e5e5069fd15eae71b3da940bde0f97a922a227ffc8a1d1096/diff","MergedDir":"/var/lib/docker/overlay2/2c15a904a49807090175d7750f18e0f6a57e99c38a424839679cbaf676a4d500/merged","UpperDir":"/var/lib/docker/overlay2/2c15a904a49807090175d7750f18e0f6a57e99c38a424839679cbaf676a4d500/diff","WorkDir":"/var/lib/docker/overlay2/2c15a904a49807090175d7750f18e0f6a57e99c38a424839679cbaf676a4d500/work"},"Name":"overlay2"},"Mounts":[{"Type":"volume","Name":"44a9389ce95a2961210e86afd6afe42b23405f43157b5dc00e010d283c01df79","Source":"/var/lib/docker/volumes/44a9389ce95a2961210e86afd6afe42b23405f43157b5dc00e010d283c01df79/_data","Destination":"/var/lib/mysql","Driver":"local","Mode":"","RW":true,"Propagation":""}],"Config":{"Hostname":"c37a42694b7d","Domainname":"","User":"","AttachStdin":false,"AttachStdout":false,"AttachStderr":false,"ExposedPorts":{"3306/tcp":{},"33060/tcp":{}},"Tty":false,"OpenStdin":false,"StdinOnce":false,"Env":["MYSQL_DATABASE=adm_videos","MYSQL_PASSWORD=123456","MYSQL_ROOT_PASSWORD=123456","PATH=/usr/local/sbin:/usr/local/bin:/usr/sbin:/usr/bin:/sbin:/bin","GOSU_VERSION=1.16","MYSQL_MAJOR=8.0","MYSQL_VERSION=8.0.32-1.el8","MYSQL_SHELL_VERSION=8.0.32-1.el8"],"Cmd":["mysqld"],"Image":"mysql:latest","Volumes":{"/var/lib/mysql":{}},"WorkingDir":"","Entrypoint":["docker-entrypoint.sh"],"OnBuild":null,"Labels":{"org.testcontainers":"true","org.testcontainers.lang":"java","org.testcontainers.sessionId":"818a13d9-e138-4e41-b5a4-74fd927e6a2d","org.testcontainers.version":"1.17.6"}},"NetworkSettings":{"Bridge":"","SandboxID":"bd1f3a626f226e407a1a406212013b21c93b302c93f9fd53a405b7fc5ff825b3","HairpinMode":false,"LinkLocalIPv6Address":"","LinkLocalIPv6PrefixLen":0,"Ports":{"3306/tcp":[{"HostIp":"0.0.0.0","HostPort":"56289"}],"33060/tcp":null},"SandboxKey":"/var/run/docker/netns/bd1f3a626f22","SecondaryIPAddresses":null,"SecondaryIPv6Addresses":null,"EndpointID":"a2b725c0c5ce4503f8e45e0c2adc4455b29a53a4866d3f23b2bce893a084641f","Gateway":"172.17.0.1","GlobalIPv6Address":"","GlobalIPv6PrefixLen":0,"IPAddress":"172.17.0.3","IPPrefixLen":16,"IPv6Gateway":"","MacAddress":"02:42:ac:11:00:03","Networks":{"bridge":{"IPAMConfig":null,"Links":null,"Aliases":null,"NetworkID":"308e234c143065751b16b4500cb9f48d5c7fc2116504b3d816a5e51cd4771062","EndpointID":"a2b725c0c5ce4503f8e45e0c2adc4455b29a53a4866d3f23b2bce893a084641f","Gateway":"172.17.0.1","IPAddress":"172.17.0.3","IPPrefixLen":16,"IPv6Gateway":"","GlobalIPv6Address":"","GlobalIPv6PrefixLen":0,"MacAddress":"02:42:ac:11:00:03","DriverOpts":null}}}}[\n]"
23:55:09.275 [Test worker] DEBUG com.github.dockerjava.zerodep.shaded.org.apache.hc.client5.http.wire - http-outgoing-2 << "[\r][\n]"
23:55:09.276 [Test worker] DEBUG com.github.dockerjava.zerodep.shaded.org.apache.hc.client5.http.wire - http-outgoing-2 << "0[\r][\n]"
23:55:09.276 [Test worker] DEBUG com.github.dockerjava.zerodep.shaded.org.apache.hc.client5.http.wire - http-outgoing-2 << "[\r][\n]"
23:55:09.276 [Test worker] DEBUG com.github.dockerjava.zerodep.shaded.org.apache.hc.client5.http.impl.classic.InternalHttpClient - ep-00000040: releasing valid endpoint
23:55:09.276 [Test worker] DEBUG com.github.dockerjava.zerodep.shaded.org.apache.hc.client5.http.impl.io.PoolingHttpClientConnectionManager - ep-00000040: releasing endpoint
23:55:09.276 [Test worker] DEBUG com.github.dockerjava.zerodep.shaded.org.apache.hc.client5.http.impl.io.PoolingHttpClientConnectionManager - ep-00000040: connection http-outgoing-2 can be kept alive for 3 MINUTES
23:55:09.276 [Test worker] DEBUG com.github.dockerjava.zerodep.shaded.org.apache.hc.client5.http.impl.io.PoolingHttpClientConnectionManager - ep-00000040: connection released [route: {}->unix://localhost:2375][total available: 1; route allocated: 1 of 2147483647; total allocated: 1 of 2147483647]
23:55:09.276 [Test worker] DEBUG ]]>&#x1f433;<![CDATA[ [mysql:latest] - Trying to create JDBC connection using com.mysql.cj.jdbc.Driver to jdbc:mysql://localhost:56289/adm_videos?useSSL=false&allowPublicKeyRetrieval=true with properties: {password=123456, user=root}
23:55:09.383 [Test worker] DEBUG org.testcontainers.shaded.com.github.dockerjava.core.command.AbstrDockerCmd - Cmd: c37a42694b7d1cff581f5e7b89a60b044af4721181408c271e821f1413201ca6,false
23:55:09.384 [Test worker] DEBUG org.testcontainers.shaded.com.github.dockerjava.core.exec.InspectContainerCmdExec - GET: DefaultWebTarget{path=[/containers/c37a42694b7d1cff581f5e7b89a60b044af4721181408c271e821f1413201ca6/json], queryParams={}}
23:55:09.384 [Test worker] DEBUG com.github.dockerjava.zerodep.shaded.org.apache.hc.client5.http.impl.classic.InternalHttpClient - ex-00000042: preparing request execution
23:55:09.385 [Test worker] DEBUG com.github.dockerjava.zerodep.shaded.org.apache.hc.client5.http.protocol.RequestAddCookies - Cookie spec selected: strict
23:55:09.385 [Test worker] DEBUG com.github.dockerjava.zerodep.shaded.org.apache.hc.client5.http.protocol.RequestAuthCache - Auth cache not set in the context
23:55:09.385 [Test worker] DEBUG com.github.dockerjava.zerodep.shaded.org.apache.hc.client5.http.impl.classic.ProtocolExec - ex-00000042: target auth state: UNCHALLENGED
23:55:09.385 [Test worker] DEBUG com.github.dockerjava.zerodep.shaded.org.apache.hc.client5.http.impl.classic.ProtocolExec - ex-00000042: proxy auth state: UNCHALLENGED
23:55:09.385 [Test worker] DEBUG com.github.dockerjava.zerodep.shaded.org.apache.hc.client5.http.impl.classic.ConnectExec - ex-00000042: acquiring connection with route {}->unix://localhost:2375
23:55:09.385 [Test worker] DEBUG com.github.dockerjava.zerodep.shaded.org.apache.hc.client5.http.impl.classic.InternalHttpClient - ex-00000042: acquiring endpoint (3 MINUTES)
23:55:09.385 [Test worker] DEBUG com.github.dockerjava.zerodep.shaded.org.apache.hc.client5.http.impl.io.PoolingHttpClientConnectionManager - ex-00000042: endpoint lease request (3 MINUTES) [route: {}->unix://localhost:2375][total available: 1; route allocated: 1 of 2147483647; total allocated: 1 of 2147483647]
23:55:09.385 [Test worker] DEBUG com.github.dockerjava.zerodep.shaded.org.apache.hc.client5.http.impl.io.PoolingHttpClientConnectionManager - ex-00000042: endpoint leased [route: {}->unix://localhost:2375][total available: 0; route allocated: 1 of 2147483647; total allocated: 1 of 2147483647]
23:55:09.385 [Test worker] DEBUG com.github.dockerjava.zerodep.shaded.org.apache.hc.client5.http.impl.io.PoolingHttpClientConnectionManager - ex-00000042: acquired ep-00000041
23:55:09.385 [Test worker] DEBUG com.github.dockerjava.zerodep.shaded.org.apache.hc.client5.http.impl.classic.InternalHttpClient - ex-00000042: acquired endpoint ep-00000041
23:55:09.385 [Test worker] DEBUG com.github.dockerjava.zerodep.shaded.org.apache.hc.client5.http.impl.classic.MainClientExec - ex-00000042: executing GET /v1.32/containers/c37a42694b7d1cff581f5e7b89a60b044af4721181408c271e821f1413201ca6/json HTTP/1.1
23:55:09.385 [Test worker] DEBUG com.github.dockerjava.zerodep.shaded.org.apache.hc.client5.http.impl.classic.InternalHttpClient - ep-00000041: start execution ex-00000042
23:55:09.385 [Test worker] DEBUG com.github.dockerjava.zerodep.shaded.org.apache.hc.client5.http.impl.io.PoolingHttpClientConnectionManager - ep-00000041: executing exchange ex-00000042 over http-outgoing-2
23:55:09.385 [Test worker] DEBUG com.github.dockerjava.zerodep.shaded.org.apache.hc.client5.http.headers - http-outgoing-2 >> GET /v1.32/containers/c37a42694b7d1cff581f5e7b89a60b044af4721181408c271e821f1413201ca6/json HTTP/1.1
23:55:09.385 [Test worker] DEBUG com.github.dockerjava.zerodep.shaded.org.apache.hc.client5.http.headers - http-outgoing-2 >> accept: application/json
23:55:09.385 [Test worker] DEBUG com.github.dockerjava.zerodep.shaded.org.apache.hc.client5.http.headers - http-outgoing-2 >> x-tc-sid: 818a13d9-e138-4e41-b5a4-74fd927e6a2d
23:55:09.385 [Test worker] DEBUG com.github.dockerjava.zerodep.shaded.org.apache.hc.client5.http.headers - http-outgoing-2 >> Accept-Encoding: gzip, x-gzip, deflate
23:55:09.385 [Test worker] DEBUG com.github.dockerjava.zerodep.shaded.org.apache.hc.client5.http.headers - http-outgoing-2 >> Host: localhost:2375
23:55:09.385 [Test worker] DEBUG com.github.dockerjava.zerodep.shaded.org.apache.hc.client5.http.headers - http-outgoing-2 >> Connection: keep-alive
23:55:09.385 [Test worker] DEBUG com.github.dockerjava.zerodep.shaded.org.apache.hc.client5.http.headers - http-outgoing-2 >> User-Agent: Apache-HttpClient/5.0.3 (Java/17.0.2)
23:55:09.385 [Test worker] DEBUG com.github.dockerjava.zerodep.shaded.org.apache.hc.client5.http.wire - http-outgoing-2 >> "GET /v1.32/containers/c37a42694b7d1cff581f5e7b89a60b044af4721181408c271e821f1413201ca6/json HTTP/1.1[\r][\n]"
23:55:09.385 [Test worker] DEBUG com.github.dockerjava.zerodep.shaded.org.apache.hc.client5.http.wire - http-outgoing-2 >> "accept: application/json[\r][\n]"
23:55:09.385 [Test worker] DEBUG com.github.dockerjava.zerodep.shaded.org.apache.hc.client5.http.wire - http-outgoing-2 >> "x-tc-sid: 818a13d9-e138-4e41-b5a4-74fd927e6a2d[\r][\n]"
23:55:09.385 [Test worker] DEBUG com.github.dockerjava.zerodep.shaded.org.apache.hc.client5.http.wire - http-outgoing-2 >> "Accept-Encoding: gzip, x-gzip, deflate[\r][\n]"
23:55:09.385 [Test worker] DEBUG com.github.dockerjava.zerodep.shaded.org.apache.hc.client5.http.wire - http-outgoing-2 >> "Host: localhost:2375[\r][\n]"
23:55:09.385 [Test worker] DEBUG com.github.dockerjava.zerodep.shaded.org.apache.hc.client5.http.wire - http-outgoing-2 >> "Connection: keep-alive[\r][\n]"
23:55:09.385 [Test worker] DEBUG com.github.dockerjava.zerodep.shaded.org.apache.hc.client5.http.wire - http-outgoing-2 >> "User-Agent: Apache-HttpClient/5.0.3 (Java/17.0.2)[\r][\n]"
23:55:09.385 [Test worker] DEBUG com.github.dockerjava.zerodep.shaded.org.apache.hc.client5.http.wire - http-outgoing-2 >> "[\r][\n]"
23:55:09.387 [Test worker] DEBUG com.github.dockerjava.zerodep.shaded.org.apache.hc.client5.http.wire - http-outgoing-2 << "HTTP/1.1 200 OK[\r][\n]"
23:55:09.387 [Test worker] DEBUG com.github.dockerjava.zerodep.shaded.org.apache.hc.client5.http.wire - http-outgoing-2 << "Api-Version: 1.41[\r][\n]"
23:55:09.387 [Test worker] DEBUG com.github.dockerjava.zerodep.shaded.org.apache.hc.client5.http.wire - http-outgoing-2 << "Content-Type: application/json[\r][\n]"
23:55:09.387 [Test worker] DEBUG com.github.dockerjava.zerodep.shaded.org.apache.hc.client5.http.wire - http-outgoing-2 << "Date: Mon, 27 Mar 2023 02:55:09 GMT[\r][\n]"
23:55:09.387 [Test worker] DEBUG com.github.dockerjava.zerodep.shaded.org.apache.hc.client5.http.wire - http-outgoing-2 << "Docker-Experimental: false[\r][\n]"
23:55:09.387 [Test worker] DEBUG com.github.dockerjava.zerodep.shaded.org.apache.hc.client5.http.wire - http-outgoing-2 << "Ostype: linux[\r][\n]"
23:55:09.387 [Test worker] DEBUG com.github.dockerjava.zerodep.shaded.org.apache.hc.client5.http.wire - http-outgoing-2 << "Server: Docker/20.10.21 (linux)[\r][\n]"
23:55:09.387 [Test worker] DEBUG com.github.dockerjava.zerodep.shaded.org.apache.hc.client5.http.wire - http-outgoing-2 << "Transfer-Encoding: chunked[\r][\n]"
23:55:09.387 [Test worker] DEBUG com.github.dockerjava.zerodep.shaded.org.apache.hc.client5.http.wire - http-outgoing-2 << "[\r][\n]"
23:55:09.387 [Test worker] DEBUG com.github.dockerjava.zerodep.shaded.org.apache.hc.client5.http.headers - http-outgoing-2 << HTTP/1.1 200 OK
23:55:09.387 [Test worker] DEBUG com.github.dockerjava.zerodep.shaded.org.apache.hc.client5.http.headers - http-outgoing-2 << Api-Version: 1.41
23:55:09.387 [Test worker] DEBUG com.github.dockerjava.zerodep.shaded.org.apache.hc.client5.http.headers - http-outgoing-2 << Content-Type: application/json
23:55:09.387 [Test worker] DEBUG com.github.dockerjava.zerodep.shaded.org.apache.hc.client5.http.headers - http-outgoing-2 << Date: Mon, 27 Mar 2023 02:55:09 GMT
23:55:09.387 [Test worker] DEBUG com.github.dockerjava.zerodep.shaded.org.apache.hc.client5.http.headers - http-outgoing-2 << Docker-Experimental: false
23:55:09.387 [Test worker] DEBUG com.github.dockerjava.zerodep.shaded.org.apache.hc.client5.http.headers - http-outgoing-2 << Ostype: linux
23:55:09.387 [Test worker] DEBUG com.github.dockerjava.zerodep.shaded.org.apache.hc.client5.http.headers - http-outgoing-2 << Server: Docker/20.10.21 (linux)
23:55:09.387 [Test worker] DEBUG com.github.dockerjava.zerodep.shaded.org.apache.hc.client5.http.headers - http-outgoing-2 << Transfer-Encoding: chunked
23:55:09.387 [Test worker] DEBUG com.github.dockerjava.zerodep.shaded.org.apache.hc.client5.http.impl.classic.MainClientExec - ex-00000042: connection can be kept alive for 3 MINUTES
23:55:09.389 [Test worker] DEBUG com.github.dockerjava.zerodep.shaded.org.apache.hc.client5.http.wire - http-outgoing-2 << "18c1[\r][\n]"
23:55:09.389 [Test worker] DEBUG com.github.dockerjava.zerodep.shaded.org.apache.hc.client5.http.wire - http-outgoing-2 << "{"Id":"c37a42694b7d1cff581f5e7b89a60b044af4721181408c271e821f1413201ca6","Created":"2023-03-27T02:55:02.49734542Z","Path":"docker-entrypoint.sh","Args":["mysqld"],"State":{"Status":"running","Running":true,"Paused":false,"Restarting":false,"OOMKilled":false,"Dead":false,"Pid":18342,"ExitCode":0,"Error":"","StartedAt":"2023-03-27T02:55:03.12719392Z","FinishedAt":"0001-01-01T00:00:00Z"},"Image":"sha256:c7c54c29e20dccc1aefb936c8eba8bb8b98b87a4921102aba87fde2df5810af9","ResolvConfPath":"/var/lib/docker/containers/c37a42694b7d1cff581f5e7b89a60b044af4721181408c271e821f1413201ca6/resolv.conf","HostnamePath":"/var/lib/docker/containers/c37a42694b7d1cff581f5e7b89a60b044af4721181408c271e821f1413201ca6/hostname","HostsPath":"/var/lib/docker/containers/c37a42694b7d1cff581f5e7b89a60b044af4721181408c271e821f1413201ca6/hosts","LogPath":"/var/lib/docker/containers/c37a42694b7d1cff581f5e7b89a60b044af4721181408c271e821f1413201ca6/c37a42694b7d1cff581f5e7b89a60b044af4721181408c271e821f1413201ca6-json.log","Name":"/elegant_mahavira","RestartCount":0,"Driver":"overlay2","Platform":"linux","MountLabel":"","ProcessLabel":"","AppArmorProfile":"","ExecIDs":null,"HostConfig":{"Binds":[],"ContainerIDFile":"","LogConfig":{"Type":"json-file","Config":{}},"NetworkMode":"default","PortBindings":{"3306/tcp":[{"HostIp":"0.0.0.0","HostPort":"0"}]},"RestartPolicy":{"Name":"","MaximumRetryCount":0},"AutoRemove":false,"VolumeDriver":"","VolumesFrom":[],"CapAdd":null,"CapDrop":null,"CgroupnsMode":"private","Dns":null,"DnsOptions":null,"DnsSearch":null,"ExtraHosts":[],"GroupAdd":null,"IpcMode":"shareable","Cgroup":"","Links":null,"OomScoreAdj":0,"PidMode":"","Privileged":false,"PublishAllPorts":false,"ReadonlyRootfs":false,"SecurityOpt":null,"UTSMode":"","UsernsMode":"","ShmSize":67108864,"Runtime":"runc","ConsoleSize":[0,0],"Isolation":"","CpuShares":0,"Memory":0,"NanoCpus":0,"CgroupParent":"","BlkioWeight":0,"BlkioWeightDevice":null,"BlkioDeviceReadBps":null,"BlkioDeviceWriteBps":null,"BlkioDeviceReadIOps":null,"BlkioDeviceWriteIOps":null,"CpuPeriod":0,"CpuQuota":0,"CpuRealtimePeriod":0,"CpuRealtimeRuntime":0,"CpusetCpus":"","CpusetMems":"","Devices":null,"DeviceCgroupRules":null,"DeviceRequests":null,"KernelMemory":0,"KernelMemoryTCP":0,"MemoryReservation":0,"MemorySwap":0,"MemorySwappiness":null,"OomKillDisable":null,"PidsLimit":null,"Ulimits":null,"CpuCount":0,"CpuPercent":0,"IOMaximumIOps":0,"IOMaximumBandwidth":0,"MaskedPaths":["/proc/asound","/proc/acpi","/proc/kcore","/proc/keys","/proc/latency_stats","/proc/timer_list","/proc/timer_stats","/proc/sched_debug","/proc/scsi","/sys/firmware"],"ReadonlyPaths":["/proc/bus","/proc/fs","/proc/irq","/proc/sys","/proc/sysrq-trigger"]},"GraphDriver":{"Data":{"LowerDir":"/var/lib/docker/overlay2/2c15a904a49807090175d7750f18e0f6a57e99c38a424839679cbaf676a4d500-init/diff:/var/lib/docker/overlay2/1bd8849d7a296305617011f940aa5cfabbe972a513397b1b6bbc27639b6c1f30/diff:/var/lib/docker/overlay2/199d69b2fbf78af4d4c95dec4fd2f8835ab0347eb49fb20ebb2ff3b99fedd6ad/diff:/var/lib/docker/overlay2/d83c38d654989311f75b9491329846033bfb7714de76ef635380dcfad5c740d9/diff:/var/lib/docker/overlay2/08600d0aea2ab2728bebcf5d2589c640a842f53d1ba3c4a4adccb4d03b923cf6/diff:/var/lib/docker/overlay2/9ec7c63a3fb14d13ac788bbf5e282ca821edc41260b79944e5e631037d13ecda/diff:/var/lib/docker/overlay2/db601d7a1b4ea6da638db620462f0da96fa55c559d02269c9ddb09027936ed87/diff:/var/lib/docker/overlay2/a6d2bd03f942e2565f21e74cfe152c7ec836a1c2b583f0790c685b92bdcfda24/diff:/var/lib/docker/overlay2/9badd16ea2c5e2bf1fde8b579683e41137dfc46ed5449234149f199a6751cc84/diff:/var/lib/docker/overlay2/6efb85646ed12e2d1181ef4cc6f6f6732c00c15a4035fe17ebc4f075ca573c30/diff:/var/lib/docker/overlay2/895d7c0ec09144d6ed33936f4e98e11c18010f7abd708cae1ce43aec7a7f2621/diff:/var/lib/docker/overlay2/1c4ba77aa573ab6e5e5069fd15eae71b3da940bde0f97a922a227ffc8a1d1096/diff","MergedDir":"/var/lib/docker/overlay2/2c15a904a49807090175d7750f18e0f6a57e99c38a424839679cbaf676a4d500/merged","UpperDir":"/var/lib/docker/overlay2/2c15a904a49807090175d7750f18e0f6a57e99c38a424839679cbaf676a4d500/diff","WorkDir":"/var/lib/docker/overlay2/2c15a904a49807090175d7750f18e0f6a57e99c38a424839679cbaf676a4d500/work"},"Name":"overlay2"},"Mounts":[{"Type":"volume","Name":"44a9389ce95a2961210e86afd6afe42b23405f43157b5dc00e010d283c01df79","Source":"/var/lib/docker/volumes/44a9389ce95a2961210e86afd6afe42b23405f43157b5dc00e010d283c01df79/_data","Destination":"/var/lib/mysql","Driver":"local","Mode":"","RW":true,"Propagation":""}],"Config":{"Hostname":"c37a42694b7d","Domainname":"","User":"","AttachStdin":false,"AttachStdout":false,"AttachStderr":false,"ExposedPorts":{"3306/tcp":{},"33060/tcp":{}},"Tty":false,"OpenStdin":false,"StdinOnce":false,"Env":["MYSQL_DATABASE=adm_videos","MYSQL_PASSWORD=123456","MYSQL_ROOT_PASSWORD=123456","PATH=/usr/local/sbin:/usr/local/bin:/usr/sbin:/usr/bin:/sbin:/bin","GOSU_VERSION=1.16","MYSQL_MAJOR=8.0","MYSQL_VERSION=8.0.32-1.el8","MYSQL_SHELL_VERSION=8.0.32-1.el8"],"Cmd":["mysqld"],"Image":"mysql:latest","Volumes":{"/var/lib/mysql":{}},"WorkingDir":"","Entrypoint":["docker-entrypoint.sh"],"OnBuild":null,"Labels":{"org.testcontainers":"true","org.testcontainers.lang":"java","org.testcontainers.sessionId":"818a13d9-e138-4e41-b5a4-74fd927e6a2d","org.testcontainers.version":"1.17.6"}},"NetworkSettings":{"Bridge":"","SandboxID":"bd1f3a626f226e407a1a406212013b21c93b302c93f9fd53a405b7fc5ff825b3","HairpinMode":false,"LinkLocalIPv6Address":"","LinkLocalIPv6PrefixLen":0,"Ports":{"3306/tcp":[{"HostIp":"0.0.0.0","HostPort":"56289"}],"33060/tcp":null},"SandboxKey":"/var/run/docker/netns/bd1f3a626f22","SecondaryIPAddresses":null,"SecondaryIPv6Addresses":null,"EndpointID":"a2b725c0c5ce4503f8e45e0c2adc4455b29a53a4866d3f23b2bce893a084641f","Gateway":"172.17.0.1","GlobalIPv6Address":"","GlobalIPv6PrefixLen":0,"IPAddress":"172.17.0.3","IPPrefixLen":16,"IPv6Gateway":"","MacAddress":"02:42:ac:11:00:03","Networks":{"bridge":{"IPAMConfig":null,"Links":null,"Aliases":null,"NetworkID":"308e234c143065751b16b4500cb9f48d5c7fc2116504b3d816a5e51cd4771062","EndpointID":"a2b725c0c5ce4503f8e45e0c2adc4455b29a53a4866d3f23b2bce893a084641f","Gateway":"172.17.0.1","IPAddress":"172.17.0.3","IPPrefixLen":16,"IPv6Gateway":"","GlobalIPv6Address":"","GlobalIPv6PrefixLen":0,"MacAddress":"02:42:ac:11:00:03","DriverOpts":null}}}}[\n]"
23:55:09.389 [Test worker] DEBUG com.github.dockerjava.zerodep.shaded.org.apache.hc.client5.http.wire - http-outgoing-2 << "[\r][\n]"
23:55:09.390 [Test worker] DEBUG com.github.dockerjava.zerodep.shaded.org.apache.hc.client5.http.wire - http-outgoing-2 << "0[\r][\n]"
23:55:09.390 [Test worker] DEBUG com.github.dockerjava.zerodep.shaded.org.apache.hc.client5.http.wire - http-outgoing-2 << "[\r][\n]"
23:55:09.390 [Test worker] DEBUG com.github.dockerjava.zerodep.shaded.org.apache.hc.client5.http.impl.classic.InternalHttpClient - ep-00000041: releasing valid endpoint
23:55:09.390 [Test worker] DEBUG com.github.dockerjava.zerodep.shaded.org.apache.hc.client5.http.impl.io.PoolingHttpClientConnectionManager - ep-00000041: releasing endpoint
23:55:09.390 [Test worker] DEBUG com.github.dockerjava.zerodep.shaded.org.apache.hc.client5.http.impl.io.PoolingHttpClientConnectionManager - ep-00000041: connection http-outgoing-2 can be kept alive for 3 MINUTES
23:55:09.390 [Test worker] DEBUG com.github.dockerjava.zerodep.shaded.org.apache.hc.client5.http.impl.io.PoolingHttpClientConnectionManager - ep-00000041: connection released [route: {}->unix://localhost:2375][total available: 1; route allocated: 1 of 2147483647; total allocated: 1 of 2147483647]
23:55:09.390 [Test worker] DEBUG ]]>&#x1f433;<![CDATA[ [mysql:latest] - Trying to create JDBC connection using com.mysql.cj.jdbc.Driver to jdbc:mysql://localhost:56289/adm_videos?useSSL=false&allowPublicKeyRetrieval=true with properties: {password=123456, user=root}
23:55:09.497 [Test worker] DEBUG org.testcontainers.shaded.com.github.dockerjava.core.command.AbstrDockerCmd - Cmd: c37a42694b7d1cff581f5e7b89a60b044af4721181408c271e821f1413201ca6,false
23:55:09.497 [Test worker] DEBUG org.testcontainers.shaded.com.github.dockerjava.core.exec.InspectContainerCmdExec - GET: DefaultWebTarget{path=[/containers/c37a42694b7d1cff581f5e7b89a60b044af4721181408c271e821f1413201ca6/json], queryParams={}}
23:55:09.498 [Test worker] DEBUG com.github.dockerjava.zerodep.shaded.org.apache.hc.client5.http.impl.classic.InternalHttpClient - ex-00000043: preparing request execution
23:55:09.498 [Test worker] DEBUG com.github.dockerjava.zerodep.shaded.org.apache.hc.client5.http.protocol.RequestAddCookies - Cookie spec selected: strict
23:55:09.498 [Test worker] DEBUG com.github.dockerjava.zerodep.shaded.org.apache.hc.client5.http.protocol.RequestAuthCache - Auth cache not set in the context
23:55:09.498 [Test worker] DEBUG com.github.dockerjava.zerodep.shaded.org.apache.hc.client5.http.impl.classic.ProtocolExec - ex-00000043: target auth state: UNCHALLENGED
23:55:09.498 [Test worker] DEBUG com.github.dockerjava.zerodep.shaded.org.apache.hc.client5.http.impl.classic.ProtocolExec - ex-00000043: proxy auth state: UNCHALLENGED
23:55:09.498 [Test worker] DEBUG com.github.dockerjava.zerodep.shaded.org.apache.hc.client5.http.impl.classic.ConnectExec - ex-00000043: acquiring connection with route {}->unix://localhost:2375
23:55:09.498 [Test worker] DEBUG com.github.dockerjava.zerodep.shaded.org.apache.hc.client5.http.impl.classic.InternalHttpClient - ex-00000043: acquiring endpoint (3 MINUTES)
23:55:09.498 [Test worker] DEBUG com.github.dockerjava.zerodep.shaded.org.apache.hc.client5.http.impl.io.PoolingHttpClientConnectionManager - ex-00000043: endpoint lease request (3 MINUTES) [route: {}->unix://localhost:2375][total available: 1; route allocated: 1 of 2147483647; total allocated: 1 of 2147483647]
23:55:09.498 [Test worker] DEBUG com.github.dockerjava.zerodep.shaded.org.apache.hc.client5.http.impl.io.PoolingHttpClientConnectionManager - ex-00000043: endpoint leased [route: {}->unix://localhost:2375][total available: 0; route allocated: 1 of 2147483647; total allocated: 1 of 2147483647]
23:55:09.498 [Test worker] DEBUG com.github.dockerjava.zerodep.shaded.org.apache.hc.client5.http.impl.io.PoolingHttpClientConnectionManager - ex-00000043: acquired ep-00000042
23:55:09.498 [Test worker] DEBUG com.github.dockerjava.zerodep.shaded.org.apache.hc.client5.http.impl.classic.InternalHttpClient - ex-00000043: acquired endpoint ep-00000042
23:55:09.498 [Test worker] DEBUG com.github.dockerjava.zerodep.shaded.org.apache.hc.client5.http.impl.classic.MainClientExec - ex-00000043: executing GET /v1.32/containers/c37a42694b7d1cff581f5e7b89a60b044af4721181408c271e821f1413201ca6/json HTTP/1.1
23:55:09.498 [Test worker] DEBUG com.github.dockerjava.zerodep.shaded.org.apache.hc.client5.http.impl.classic.InternalHttpClient - ep-00000042: start execution ex-00000043
23:55:09.498 [Test worker] DEBUG com.github.dockerjava.zerodep.shaded.org.apache.hc.client5.http.impl.io.PoolingHttpClientConnectionManager - ep-00000042: executing exchange ex-00000043 over http-outgoing-2
23:55:09.498 [Test worker] DEBUG com.github.dockerjava.zerodep.shaded.org.apache.hc.client5.http.headers - http-outgoing-2 >> GET /v1.32/containers/c37a42694b7d1cff581f5e7b89a60b044af4721181408c271e821f1413201ca6/json HTTP/1.1
23:55:09.498 [Test worker] DEBUG com.github.dockerjava.zerodep.shaded.org.apache.hc.client5.http.headers - http-outgoing-2 >> accept: application/json
23:55:09.498 [Test worker] DEBUG com.github.dockerjava.zerodep.shaded.org.apache.hc.client5.http.headers - http-outgoing-2 >> x-tc-sid: 818a13d9-e138-4e41-b5a4-74fd927e6a2d
23:55:09.498 [Test worker] DEBUG com.github.dockerjava.zerodep.shaded.org.apache.hc.client5.http.headers - http-outgoing-2 >> Accept-Encoding: gzip, x-gzip, deflate
23:55:09.498 [Test worker] DEBUG com.github.dockerjava.zerodep.shaded.org.apache.hc.client5.http.headers - http-outgoing-2 >> Host: localhost:2375
23:55:09.498 [Test worker] DEBUG com.github.dockerjava.zerodep.shaded.org.apache.hc.client5.http.headers - http-outgoing-2 >> Connection: keep-alive
23:55:09.498 [Test worker] DEBUG com.github.dockerjava.zerodep.shaded.org.apache.hc.client5.http.headers - http-outgoing-2 >> User-Agent: Apache-HttpClient/5.0.3 (Java/17.0.2)
23:55:09.498 [Test worker] DEBUG com.github.dockerjava.zerodep.shaded.org.apache.hc.client5.http.wire - http-outgoing-2 >> "GET /v1.32/containers/c37a42694b7d1cff581f5e7b89a60b044af4721181408c271e821f1413201ca6/json HTTP/1.1[\r][\n]"
23:55:09.498 [Test worker] DEBUG com.github.dockerjava.zerodep.shaded.org.apache.hc.client5.http.wire - http-outgoing-2 >> "accept: application/json[\r][\n]"
23:55:09.498 [Test worker] DEBUG com.github.dockerjava.zerodep.shaded.org.apache.hc.client5.http.wire - http-outgoing-2 >> "x-tc-sid: 818a13d9-e138-4e41-b5a4-74fd927e6a2d[\r][\n]"
23:55:09.498 [Test worker] DEBUG com.github.dockerjava.zerodep.shaded.org.apache.hc.client5.http.wire - http-outgoing-2 >> "Accept-Encoding: gzip, x-gzip, deflate[\r][\n]"
23:55:09.498 [Test worker] DEBUG com.github.dockerjava.zerodep.shaded.org.apache.hc.client5.http.wire - http-outgoing-2 >> "Host: localhost:2375[\r][\n]"
23:55:09.498 [Test worker] DEBUG com.github.dockerjava.zerodep.shaded.org.apache.hc.client5.http.wire - http-outgoing-2 >> "Connection: keep-alive[\r][\n]"
23:55:09.498 [Test worker] DEBUG com.github.dockerjava.zerodep.shaded.org.apache.hc.client5.http.wire - http-outgoing-2 >> "User-Agent: Apache-HttpClient/5.0.3 (Java/17.0.2)[\r][\n]"
23:55:09.498 [Test worker] DEBUG com.github.dockerjava.zerodep.shaded.org.apache.hc.client5.http.wire - http-outgoing-2 >> "[\r][\n]"
23:55:09.501 [Test worker] DEBUG com.github.dockerjava.zerodep.shaded.org.apache.hc.client5.http.wire - http-outgoing-2 << "HTTP/1.1 200 OK[\r][\n]"
23:55:09.501 [Test worker] DEBUG com.github.dockerjava.zerodep.shaded.org.apache.hc.client5.http.wire - http-outgoing-2 << "Api-Version: 1.41[\r][\n]"
23:55:09.501 [Test worker] DEBUG com.github.dockerjava.zerodep.shaded.org.apache.hc.client5.http.wire - http-outgoing-2 << "Content-Type: application/json[\r][\n]"
23:55:09.501 [Test worker] DEBUG com.github.dockerjava.zerodep.shaded.org.apache.hc.client5.http.wire - http-outgoing-2 << "Date: Mon, 27 Mar 2023 02:55:09 GMT[\r][\n]"
23:55:09.501 [Test worker] DEBUG com.github.dockerjava.zerodep.shaded.org.apache.hc.client5.http.wire - http-outgoing-2 << "Docker-Experimental: false[\r][\n]"
23:55:09.501 [Test worker] DEBUG com.github.dockerjava.zerodep.shaded.org.apache.hc.client5.http.wire - http-outgoing-2 << "Ostype: linux[\r][\n]"
23:55:09.501 [Test worker] DEBUG com.github.dockerjava.zerodep.shaded.org.apache.hc.client5.http.wire - http-outgoing-2 << "Server: Docker/20.10.21 (linux)[\r][\n]"
23:55:09.501 [Test worker] DEBUG com.github.dockerjava.zerodep.shaded.org.apache.hc.client5.http.wire - http-outgoing-2 << "Transfer-Encoding: chunked[\r][\n]"
23:55:09.501 [Test worker] DEBUG com.github.dockerjava.zerodep.shaded.org.apache.hc.client5.http.wire - http-outgoing-2 << "[\r][\n]"
23:55:09.501 [Test worker] DEBUG com.github.dockerjava.zerodep.shaded.org.apache.hc.client5.http.headers - http-outgoing-2 << HTTP/1.1 200 OK
23:55:09.501 [Test worker] DEBUG com.github.dockerjava.zerodep.shaded.org.apache.hc.client5.http.headers - http-outgoing-2 << Api-Version: 1.41
23:55:09.501 [Test worker] DEBUG com.github.dockerjava.zerodep.shaded.org.apache.hc.client5.http.headers - http-outgoing-2 << Content-Type: application/json
23:55:09.501 [Test worker] DEBUG com.github.dockerjava.zerodep.shaded.org.apache.hc.client5.http.headers - http-outgoing-2 << Date: Mon, 27 Mar 2023 02:55:09 GMT
23:55:09.501 [Test worker] DEBUG com.github.dockerjava.zerodep.shaded.org.apache.hc.client5.http.headers - http-outgoing-2 << Docker-Experimental: false
23:55:09.501 [Test worker] DEBUG com.github.dockerjava.zerodep.shaded.org.apache.hc.client5.http.headers - http-outgoing-2 << Ostype: linux
23:55:09.501 [Test worker] DEBUG com.github.dockerjava.zerodep.shaded.org.apache.hc.client5.http.headers - http-outgoing-2 << Server: Docker/20.10.21 (linux)
23:55:09.501 [Test worker] DEBUG com.github.dockerjava.zerodep.shaded.org.apache.hc.client5.http.headers - http-outgoing-2 << Transfer-Encoding: chunked
23:55:09.501 [Test worker] DEBUG com.github.dockerjava.zerodep.shaded.org.apache.hc.client5.http.impl.classic.MainClientExec - ex-00000043: connection can be kept alive for 3 MINUTES
23:55:09.503 [Test worker] DEBUG com.github.dockerjava.zerodep.shaded.org.apache.hc.client5.http.wire - http-outgoing-2 << "18c1[\r][\n]"
23:55:09.503 [Test worker] DEBUG com.github.dockerjava.zerodep.shaded.org.apache.hc.client5.http.wire - http-outgoing-2 << "{"Id":"c37a42694b7d1cff581f5e7b89a60b044af4721181408c271e821f1413201ca6","Created":"2023-03-27T02:55:02.49734542Z","Path":"docker-entrypoint.sh","Args":["mysqld"],"State":{"Status":"running","Running":true,"Paused":false,"Restarting":false,"OOMKilled":false,"Dead":false,"Pid":18342,"ExitCode":0,"Error":"","StartedAt":"2023-03-27T02:55:03.12719392Z","FinishedAt":"0001-01-01T00:00:00Z"},"Image":"sha256:c7c54c29e20dccc1aefb936c8eba8bb8b98b87a4921102aba87fde2df5810af9","ResolvConfPath":"/var/lib/docker/containers/c37a42694b7d1cff581f5e7b89a60b044af4721181408c271e821f1413201ca6/resolv.conf","HostnamePath":"/var/lib/docker/containers/c37a42694b7d1cff581f5e7b89a60b044af4721181408c271e821f1413201ca6/hostname","HostsPath":"/var/lib/docker/containers/c37a42694b7d1cff581f5e7b89a60b044af4721181408c271e821f1413201ca6/hosts","LogPath":"/var/lib/docker/containers/c37a42694b7d1cff581f5e7b89a60b044af4721181408c271e821f1413201ca6/c37a42694b7d1cff581f5e7b89a60b044af4721181408c271e821f1413201ca6-json.log","Name":"/elegant_mahavira","RestartCount":0,"Driver":"overlay2","Platform":"linux","MountLabel":"","ProcessLabel":"","AppArmorProfile":"","ExecIDs":null,"HostConfig":{"Binds":[],"ContainerIDFile":"","LogConfig":{"Type":"json-file","Config":{}},"NetworkMode":"default","PortBindings":{"3306/tcp":[{"HostIp":"0.0.0.0","HostPort":"0"}]},"RestartPolicy":{"Name":"","MaximumRetryCount":0},"AutoRemove":false,"VolumeDriver":"","VolumesFrom":[],"CapAdd":null,"CapDrop":null,"CgroupnsMode":"private","Dns":null,"DnsOptions":null,"DnsSearch":null,"ExtraHosts":[],"GroupAdd":null,"IpcMode":"shareable","Cgroup":"","Links":null,"OomScoreAdj":0,"PidMode":"","Privileged":false,"PublishAllPorts":false,"ReadonlyRootfs":false,"SecurityOpt":null,"UTSMode":"","UsernsMode":"","ShmSize":67108864,"Runtime":"runc","ConsoleSize":[0,0],"Isolation":"","CpuShares":0,"Memory":0,"NanoCpus":0,"CgroupParent":"","BlkioWeight":0,"BlkioWeightDevice":null,"BlkioDeviceReadBps":null,"BlkioDeviceWriteBps":null,"BlkioDeviceReadIOps":null,"BlkioDeviceWriteIOps":null,"CpuPeriod":0,"CpuQuota":0,"CpuRealtimePeriod":0,"CpuRealtimeRuntime":0,"CpusetCpus":"","CpusetMems":"","Devices":null,"DeviceCgroupRules":null,"DeviceRequests":null,"KernelMemory":0,"KernelMemoryTCP":0,"MemoryReservation":0,"MemorySwap":0,"MemorySwappiness":null,"OomKillDisable":null,"PidsLimit":null,"Ulimits":null,"CpuCount":0,"CpuPercent":0,"IOMaximumIOps":0,"IOMaximumBandwidth":0,"MaskedPaths":["/proc/asound","/proc/acpi","/proc/kcore","/proc/keys","/proc/latency_stats","/proc/timer_list","/proc/timer_stats","/proc/sched_debug","/proc/scsi","/sys/firmware"],"ReadonlyPaths":["/proc/bus","/proc/fs","/proc/irq","/proc/sys","/proc/sysrq-trigger"]},"GraphDriver":{"Data":{"LowerDir":"/var/lib/docker/overlay2/2c15a904a49807090175d7750f18e0f6a57e99c38a424839679cbaf676a4d500-init/diff:/var/lib/docker/overlay2/1bd8849d7a296305617011f940aa5cfabbe972a513397b1b6bbc27639b6c1f30/diff:/var/lib/docker/overlay2/199d69b2fbf78af4d4c95dec4fd2f8835ab0347eb49fb20ebb2ff3b99fedd6ad/diff:/var/lib/docker/overlay2/d83c38d654989311f75b9491329846033bfb7714de76ef635380dcfad5c740d9/diff:/var/lib/docker/overlay2/08600d0aea2ab2728bebcf5d2589c640a842f53d1ba3c4a4adccb4d03b923cf6/diff:/var/lib/docker/overlay2/9ec7c63a3fb14d13ac788bbf5e282ca821edc41260b79944e5e631037d13ecda/diff:/var/lib/docker/overlay2/db601d7a1b4ea6da638db620462f0da96fa55c559d02269c9ddb09027936ed87/diff:/var/lib/docker/overlay2/a6d2bd03f942e2565f21e74cfe152c7ec836a1c2b583f0790c685b92bdcfda24/diff:/var/lib/docker/overlay2/9badd16ea2c5e2bf1fde8b579683e41137dfc46ed5449234149f199a6751cc84/diff:/var/lib/docker/overlay2/6efb85646ed12e2d1181ef4cc6f6f6732c00c15a4035fe17ebc4f075ca573c30/diff:/var/lib/docker/overlay2/895d7c0ec09144d6ed33936f4e98e11c18010f7abd708cae1ce43aec7a7f2621/diff:/var/lib/docker/overlay2/1c4ba77aa573ab6e5e5069fd15eae71b3da940bde0f97a922a227ffc8a1d1096/diff","MergedDir":"/var/lib/docker/overlay2/2c15a904a49807090175d7750f18e0f6a57e99c38a424839679cbaf676a4d500/merged","UpperDir":"/var/lib/docker/overlay2/2c15a904a49807090175d7750f18e0f6a57e99c38a424839679cbaf676a4d500/diff","WorkDir":"/var/lib/docker/overlay2/2c15a904a49807090175d7750f18e0f6a57e99c38a424839679cbaf676a4d500/work"},"Name":"overlay2"},"Mounts":[{"Type":"volume","Name":"44a9389ce95a2961210e86afd6afe42b23405f43157b5dc00e010d283c01df79","Source":"/var/lib/docker/volumes/44a9389ce95a2961210e86afd6afe42b23405f43157b5dc00e010d283c01df79/_data","Destination":"/var/lib/mysql","Driver":"local","Mode":"","RW":true,"Propagation":""}],"Config":{"Hostname":"c37a42694b7d","Domainname":"","User":"","AttachStdin":false,"AttachStdout":false,"AttachStderr":false,"ExposedPorts":{"3306/tcp":{},"33060/tcp":{}},"Tty":false,"OpenStdin":false,"StdinOnce":false,"Env":["MYSQL_DATABASE=adm_videos","MYSQL_PASSWORD=123456","MYSQL_ROOT_PASSWORD=123456","PATH=/usr/local/sbin:/usr/local/bin:/usr/sbin:/usr/bin:/sbin:/bin","GOSU_VERSION=1.16","MYSQL_MAJOR=8.0","MYSQL_VERSION=8.0.32-1.el8","MYSQL_SHELL_VERSION=8.0.32-1.el8"],"Cmd":["mysqld"],"Image":"mysql:latest","Volumes":{"/var/lib/mysql":{}},"WorkingDir":"","Entrypoint":["docker-entrypoint.sh"],"OnBuild":null,"Labels":{"org.testcontainers":"true","org.testcontainers.lang":"java","org.testcontainers.sessionId":"818a13d9-e138-4e41-b5a4-74fd927e6a2d","org.testcontainers.version":"1.17.6"}},"NetworkSettings":{"Bridge":"","SandboxID":"bd1f3a626f226e407a1a406212013b21c93b302c93f9fd53a405b7fc5ff825b3","HairpinMode":false,"LinkLocalIPv6Address":"","LinkLocalIPv6PrefixLen":0,"Ports":{"3306/tcp":[{"HostIp":"0.0.0.0","HostPort":"56289"}],"33060/tcp":null},"SandboxKey":"/var/run/docker/netns/bd1f3a626f22","SecondaryIPAddresses":null,"SecondaryIPv6Addresses":null,"EndpointID":"a2b725c0c5ce4503f8e45e0c2adc4455b29a53a4866d3f23b2bce893a084641f","Gateway":"172.17.0.1","GlobalIPv6Address":"","GlobalIPv6PrefixLen":0,"IPAddress":"172.17.0.3","IPPrefixLen":16,"IPv6Gateway":"","MacAddress":"02:42:ac:11:00:03","Networks":{"bridge":{"IPAMConfig":null,"Links":null,"Aliases":null,"NetworkID":"308e234c143065751b16b4500cb9f48d5c7fc2116504b3d816a5e51cd4771062","EndpointID":"a2b725c0c5ce4503f8e45e0c2adc4455b29a53a4866d3f23b2bce893a084641f","Gateway":"172.17.0.1","IPAddress":"172.17.0.3","IPPrefixLen":16,"IPv6Gateway":"","GlobalIPv6Address":"","GlobalIPv6PrefixLen":0,"MacAddress":"02:42:ac:11:00:03","DriverOpts":null}}}}[\n]"
23:55:09.503 [Test worker] DEBUG com.github.dockerjava.zerodep.shaded.org.apache.hc.client5.http.wire - http-outgoing-2 << "[\r][\n]"
23:55:09.503 [Test worker] DEBUG com.github.dockerjava.zerodep.shaded.org.apache.hc.client5.http.wire - http-outgoing-2 << "0[\r][\n]"
23:55:09.503 [Test worker] DEBUG com.github.dockerjava.zerodep.shaded.org.apache.hc.client5.http.wire - http-outgoing-2 << "[\r][\n]"
23:55:09.503 [Test worker] DEBUG com.github.dockerjava.zerodep.shaded.org.apache.hc.client5.http.impl.classic.InternalHttpClient - ep-00000042: releasing valid endpoint
23:55:09.503 [Test worker] DEBUG com.github.dockerjava.zerodep.shaded.org.apache.hc.client5.http.impl.io.PoolingHttpClientConnectionManager - ep-00000042: releasing endpoint
23:55:09.503 [Test worker] DEBUG com.github.dockerjava.zerodep.shaded.org.apache.hc.client5.http.impl.io.PoolingHttpClientConnectionManager - ep-00000042: connection http-outgoing-2 can be kept alive for 3 MINUTES
23:55:09.503 [Test worker] DEBUG com.github.dockerjava.zerodep.shaded.org.apache.hc.client5.http.impl.io.PoolingHttpClientConnectionManager - ep-00000042: connection released [route: {}->unix://localhost:2375][total available: 1; route allocated: 1 of 2147483647; total allocated: 1 of 2147483647]
23:55:09.503 [Test worker] DEBUG ]]>&#x1f433;<![CDATA[ [mysql:latest] - Trying to create JDBC connection using com.mysql.cj.jdbc.Driver to jdbc:mysql://localhost:56289/adm_videos?useSSL=false&allowPublicKeyRetrieval=true with properties: {password=123456, user=root}
23:55:09.609 [Test worker] DEBUG org.testcontainers.shaded.com.github.dockerjava.core.command.AbstrDockerCmd - Cmd: c37a42694b7d1cff581f5e7b89a60b044af4721181408c271e821f1413201ca6,false
23:55:09.609 [Test worker] DEBUG org.testcontainers.shaded.com.github.dockerjava.core.exec.InspectContainerCmdExec - GET: DefaultWebTarget{path=[/containers/c37a42694b7d1cff581f5e7b89a60b044af4721181408c271e821f1413201ca6/json], queryParams={}}
23:55:09.609 [Test worker] DEBUG com.github.dockerjava.zerodep.shaded.org.apache.hc.client5.http.impl.classic.InternalHttpClient - ex-00000044: preparing request execution
23:55:09.609 [Test worker] DEBUG com.github.dockerjava.zerodep.shaded.org.apache.hc.client5.http.protocol.RequestAddCookies - Cookie spec selected: strict
23:55:09.609 [Test worker] DEBUG com.github.dockerjava.zerodep.shaded.org.apache.hc.client5.http.protocol.RequestAuthCache - Auth cache not set in the context
23:55:09.609 [Test worker] DEBUG com.github.dockerjava.zerodep.shaded.org.apache.hc.client5.http.impl.classic.ProtocolExec - ex-00000044: target auth state: UNCHALLENGED
23:55:09.609 [Test worker] DEBUG com.github.dockerjava.zerodep.shaded.org.apache.hc.client5.http.impl.classic.ProtocolExec - ex-00000044: proxy auth state: UNCHALLENGED
23:55:09.609 [Test worker] DEBUG com.github.dockerjava.zerodep.shaded.org.apache.hc.client5.http.impl.classic.ConnectExec - ex-00000044: acquiring connection with route {}->unix://localhost:2375
23:55:09.609 [Test worker] DEBUG com.github.dockerjava.zerodep.shaded.org.apache.hc.client5.http.impl.classic.InternalHttpClient - ex-00000044: acquiring endpoint (3 MINUTES)
23:55:09.609 [Test worker] DEBUG com.github.dockerjava.zerodep.shaded.org.apache.hc.client5.http.impl.io.PoolingHttpClientConnectionManager - ex-00000044: endpoint lease request (3 MINUTES) [route: {}->unix://localhost:2375][total available: 1; route allocated: 1 of 2147483647; total allocated: 1 of 2147483647]
23:55:09.610 [Test worker] DEBUG com.github.dockerjava.zerodep.shaded.org.apache.hc.client5.http.impl.io.PoolingHttpClientConnectionManager - ex-00000044: endpoint leased [route: {}->unix://localhost:2375][total available: 0; route allocated: 1 of 2147483647; total allocated: 1 of 2147483647]
23:55:09.610 [Test worker] DEBUG com.github.dockerjava.zerodep.shaded.org.apache.hc.client5.http.impl.io.PoolingHttpClientConnectionManager - ex-00000044: acquired ep-00000043
23:55:09.610 [Test worker] DEBUG com.github.dockerjava.zerodep.shaded.org.apache.hc.client5.http.impl.classic.InternalHttpClient - ex-00000044: acquired endpoint ep-00000043
23:55:09.610 [Test worker] DEBUG com.github.dockerjava.zerodep.shaded.org.apache.hc.client5.http.impl.classic.MainClientExec - ex-00000044: executing GET /v1.32/containers/c37a42694b7d1cff581f5e7b89a60b044af4721181408c271e821f1413201ca6/json HTTP/1.1
23:55:09.610 [Test worker] DEBUG com.github.dockerjava.zerodep.shaded.org.apache.hc.client5.http.impl.classic.InternalHttpClient - ep-00000043: start execution ex-00000044
23:55:09.610 [Test worker] DEBUG com.github.dockerjava.zerodep.shaded.org.apache.hc.client5.http.impl.io.PoolingHttpClientConnectionManager - ep-00000043: executing exchange ex-00000044 over http-outgoing-2
23:55:09.610 [Test worker] DEBUG com.github.dockerjava.zerodep.shaded.org.apache.hc.client5.http.headers - http-outgoing-2 >> GET /v1.32/containers/c37a42694b7d1cff581f5e7b89a60b044af4721181408c271e821f1413201ca6/json HTTP/1.1
23:55:09.610 [Test worker] DEBUG com.github.dockerjava.zerodep.shaded.org.apache.hc.client5.http.headers - http-outgoing-2 >> accept: application/json
23:55:09.610 [Test worker] DEBUG com.github.dockerjava.zerodep.shaded.org.apache.hc.client5.http.headers - http-outgoing-2 >> x-tc-sid: 818a13d9-e138-4e41-b5a4-74fd927e6a2d
23:55:09.610 [Test worker] DEBUG com.github.dockerjava.zerodep.shaded.org.apache.hc.client5.http.headers - http-outgoing-2 >> Accept-Encoding: gzip, x-gzip, deflate
23:55:09.610 [Test worker] DEBUG com.github.dockerjava.zerodep.shaded.org.apache.hc.client5.http.headers - http-outgoing-2 >> Host: localhost:2375
23:55:09.610 [Test worker] DEBUG com.github.dockerjava.zerodep.shaded.org.apache.hc.client5.http.headers - http-outgoing-2 >> Connection: keep-alive
23:55:09.610 [Test worker] DEBUG com.github.dockerjava.zerodep.shaded.org.apache.hc.client5.http.headers - http-outgoing-2 >> User-Agent: Apache-HttpClient/5.0.3 (Java/17.0.2)
23:55:09.610 [Test worker] DEBUG com.github.dockerjava.zerodep.shaded.org.apache.hc.client5.http.wire - http-outgoing-2 >> "GET /v1.32/containers/c37a42694b7d1cff581f5e7b89a60b044af4721181408c271e821f1413201ca6/json HTTP/1.1[\r][\n]"
23:55:09.610 [Test worker] DEBUG com.github.dockerjava.zerodep.shaded.org.apache.hc.client5.http.wire - http-outgoing-2 >> "accept: application/json[\r][\n]"
23:55:09.610 [Test worker] DEBUG com.github.dockerjava.zerodep.shaded.org.apache.hc.client5.http.wire - http-outgoing-2 >> "x-tc-sid: 818a13d9-e138-4e41-b5a4-74fd927e6a2d[\r][\n]"
23:55:09.610 [Test worker] DEBUG com.github.dockerjava.zerodep.shaded.org.apache.hc.client5.http.wire - http-outgoing-2 >> "Accept-Encoding: gzip, x-gzip, deflate[\r][\n]"
23:55:09.610 [Test worker] DEBUG com.github.dockerjava.zerodep.shaded.org.apache.hc.client5.http.wire - http-outgoing-2 >> "Host: localhost:2375[\r][\n]"
23:55:09.610 [Test worker] DEBUG com.github.dockerjava.zerodep.shaded.org.apache.hc.client5.http.wire - http-outgoing-2 >> "Connection: keep-alive[\r][\n]"
23:55:09.610 [Test worker] DEBUG com.github.dockerjava.zerodep.shaded.org.apache.hc.client5.http.wire - http-outgoing-2 >> "User-Agent: Apache-HttpClient/5.0.3 (Java/17.0.2)[\r][\n]"
23:55:09.610 [Test worker] DEBUG com.github.dockerjava.zerodep.shaded.org.apache.hc.client5.http.wire - http-outgoing-2 >> "[\r][\n]"
23:55:09.613 [Test worker] DEBUG com.github.dockerjava.zerodep.shaded.org.apache.hc.client5.http.wire - http-outgoing-2 << "HTTP/1.1 200 OK[\r][\n]"
23:55:09.613 [Test worker] DEBUG com.github.dockerjava.zerodep.shaded.org.apache.hc.client5.http.wire - http-outgoing-2 << "Api-Version: 1.41[\r][\n]"
23:55:09.613 [Test worker] DEBUG com.github.dockerjava.zerodep.shaded.org.apache.hc.client5.http.wire - http-outgoing-2 << "Content-Type: application/json[\r][\n]"
23:55:09.613 [Test worker] DEBUG com.github.dockerjava.zerodep.shaded.org.apache.hc.client5.http.wire - http-outgoing-2 << "Date: Mon, 27 Mar 2023 02:55:09 GMT[\r][\n]"
23:55:09.613 [Test worker] DEBUG com.github.dockerjava.zerodep.shaded.org.apache.hc.client5.http.wire - http-outgoing-2 << "Docker-Experimental: false[\r][\n]"
23:55:09.613 [Test worker] DEBUG com.github.dockerjava.zerodep.shaded.org.apache.hc.client5.http.wire - http-outgoing-2 << "Ostype: linux[\r][\n]"
23:55:09.613 [Test worker] DEBUG com.github.dockerjava.zerodep.shaded.org.apache.hc.client5.http.wire - http-outgoing-2 << "Server: Docker/20.10.21 (linux)[\r][\n]"
23:55:09.613 [Test worker] DEBUG com.github.dockerjava.zerodep.shaded.org.apache.hc.client5.http.wire - http-outgoing-2 << "Transfer-Encoding: chunked[\r][\n]"
23:55:09.613 [Test worker] DEBUG com.github.dockerjava.zerodep.shaded.org.apache.hc.client5.http.wire - http-outgoing-2 << "[\r][\n]"
23:55:09.613 [Test worker] DEBUG com.github.dockerjava.zerodep.shaded.org.apache.hc.client5.http.headers - http-outgoing-2 << HTTP/1.1 200 OK
23:55:09.613 [Test worker] DEBUG com.github.dockerjava.zerodep.shaded.org.apache.hc.client5.http.headers - http-outgoing-2 << Api-Version: 1.41
23:55:09.613 [Test worker] DEBUG com.github.dockerjava.zerodep.shaded.org.apache.hc.client5.http.headers - http-outgoing-2 << Content-Type: application/json
23:55:09.613 [Test worker] DEBUG com.github.dockerjava.zerodep.shaded.org.apache.hc.client5.http.headers - http-outgoing-2 << Date: Mon, 27 Mar 2023 02:55:09 GMT
23:55:09.613 [Test worker] DEBUG com.github.dockerjava.zerodep.shaded.org.apache.hc.client5.http.headers - http-outgoing-2 << Docker-Experimental: false
23:55:09.613 [Test worker] DEBUG com.github.dockerjava.zerodep.shaded.org.apache.hc.client5.http.headers - http-outgoing-2 << Ostype: linux
23:55:09.613 [Test worker] DEBUG com.github.dockerjava.zerodep.shaded.org.apache.hc.client5.http.headers - http-outgoing-2 << Server: Docker/20.10.21 (linux)
23:55:09.613 [Test worker] DEBUG com.github.dockerjava.zerodep.shaded.org.apache.hc.client5.http.headers - http-outgoing-2 << Transfer-Encoding: chunked
23:55:09.613 [Test worker] DEBUG com.github.dockerjava.zerodep.shaded.org.apache.hc.client5.http.impl.classic.MainClientExec - ex-00000044: connection can be kept alive for 3 MINUTES
23:55:09.614 [Test worker] DEBUG com.github.dockerjava.zerodep.shaded.org.apache.hc.client5.http.wire - http-outgoing-2 << "18c1[\r][\n]"
23:55:09.615 [Test worker] DEBUG com.github.dockerjava.zerodep.shaded.org.apache.hc.client5.http.wire - http-outgoing-2 << "{"Id":"c37a42694b7d1cff581f5e7b89a60b044af4721181408c271e821f1413201ca6","Created":"2023-03-27T02:55:02.49734542Z","Path":"docker-entrypoint.sh","Args":["mysqld"],"State":{"Status":"running","Running":true,"Paused":false,"Restarting":false,"OOMKilled":false,"Dead":false,"Pid":18342,"ExitCode":0,"Error":"","StartedAt":"2023-03-27T02:55:03.12719392Z","FinishedAt":"0001-01-01T00:00:00Z"},"Image":"sha256:c7c54c29e20dccc1aefb936c8eba8bb8b98b87a4921102aba87fde2df5810af9","ResolvConfPath":"/var/lib/docker/containers/c37a42694b7d1cff581f5e7b89a60b044af4721181408c271e821f1413201ca6/resolv.conf","HostnamePath":"/var/lib/docker/containers/c37a42694b7d1cff581f5e7b89a60b044af4721181408c271e821f1413201ca6/hostname","HostsPath":"/var/lib/docker/containers/c37a42694b7d1cff581f5e7b89a60b044af4721181408c271e821f1413201ca6/hosts","LogPath":"/var/lib/docker/containers/c37a42694b7d1cff581f5e7b89a60b044af4721181408c271e821f1413201ca6/c37a42694b7d1cff581f5e7b89a60b044af4721181408c271e821f1413201ca6-json.log","Name":"/elegant_mahavira","RestartCount":0,"Driver":"overlay2","Platform":"linux","MountLabel":"","ProcessLabel":"","AppArmorProfile":"","ExecIDs":null,"HostConfig":{"Binds":[],"ContainerIDFile":"","LogConfig":{"Type":"json-file","Config":{}},"NetworkMode":"default","PortBindings":{"3306/tcp":[{"HostIp":"0.0.0.0","HostPort":"0"}]},"RestartPolicy":{"Name":"","MaximumRetryCount":0},"AutoRemove":false,"VolumeDriver":"","VolumesFrom":[],"CapAdd":null,"CapDrop":null,"CgroupnsMode":"private","Dns":null,"DnsOptions":null,"DnsSearch":null,"ExtraHosts":[],"GroupAdd":null,"IpcMode":"shareable","Cgroup":"","Links":null,"OomScoreAdj":0,"PidMode":"","Privileged":false,"PublishAllPorts":false,"ReadonlyRootfs":false,"SecurityOpt":null,"UTSMode":"","UsernsMode":"","ShmSize":67108864,"Runtime":"runc","ConsoleSize":[0,0],"Isolation":"","CpuShares":0,"Memory":0,"NanoCpus":0,"CgroupParent":"","BlkioWeight":0,"BlkioWeightDevice":null,"BlkioDeviceReadBps":null,"BlkioDeviceWriteBps":null,"BlkioDeviceReadIOps":null,"BlkioDeviceWriteIOps":null,"CpuPeriod":0,"CpuQuota":0,"CpuRealtimePeriod":0,"CpuRealtimeRuntime":0,"CpusetCpus":"","CpusetMems":"","Devices":null,"DeviceCgroupRules":null,"DeviceRequests":null,"KernelMemory":0,"KernelMemoryTCP":0,"MemoryReservation":0,"MemorySwap":0,"MemorySwappiness":null,"OomKillDisable":null,"PidsLimit":null,"Ulimits":null,"CpuCount":0,"CpuPercent":0,"IOMaximumIOps":0,"IOMaximumBandwidth":0,"MaskedPaths":["/proc/asound","/proc/acpi","/proc/kcore","/proc/keys","/proc/latency_stats","/proc/timer_list","/proc/timer_stats","/proc/sched_debug","/proc/scsi","/sys/firmware"],"ReadonlyPaths":["/proc/bus","/proc/fs","/proc/irq","/proc/sys","/proc/sysrq-trigger"]},"GraphDriver":{"Data":{"LowerDir":"/var/lib/docker/overlay2/2c15a904a49807090175d7750f18e0f6a57e99c38a424839679cbaf676a4d500-init/diff:/var/lib/docker/overlay2/1bd8849d7a296305617011f940aa5cfabbe972a513397b1b6bbc27639b6c1f30/diff:/var/lib/docker/overlay2/199d69b2fbf78af4d4c95dec4fd2f8835ab0347eb49fb20ebb2ff3b99fedd6ad/diff:/var/lib/docker/overlay2/d83c38d654989311f75b9491329846033bfb7714de76ef635380dcfad5c740d9/diff:/var/lib/docker/overlay2/08600d0aea2ab2728bebcf5d2589c640a842f53d1ba3c4a4adccb4d03b923cf6/diff:/var/lib/docker/overlay2/9ec7c63a3fb14d13ac788bbf5e282ca821edc41260b79944e5e631037d13ecda/diff:/var/lib/docker/overlay2/db601d7a1b4ea6da638db620462f0da96fa55c559d02269c9ddb09027936ed87/diff:/var/lib/docker/overlay2/a6d2bd03f942e2565f21e74cfe152c7ec836a1c2b583f0790c685b92bdcfda24/diff:/var/lib/docker/overlay2/9badd16ea2c5e2bf1fde8b579683e41137dfc46ed5449234149f199a6751cc84/diff:/var/lib/docker/overlay2/6efb85646ed12e2d1181ef4cc6f6f6732c00c15a4035fe17ebc4f075ca573c30/diff:/var/lib/docker/overlay2/895d7c0ec09144d6ed33936f4e98e11c18010f7abd708cae1ce43aec7a7f2621/diff:/var/lib/docker/overlay2/1c4ba77aa573ab6e5e5069fd15eae71b3da940bde0f97a922a227ffc8a1d1096/diff","MergedDir":"/var/lib/docker/overlay2/2c15a904a49807090175d7750f18e0f6a57e99c38a424839679cbaf676a4d500/merged","UpperDir":"/var/lib/docker/overlay2/2c15a904a49807090175d7750f18e0f6a57e99c38a424839679cbaf676a4d500/diff","WorkDir":"/var/lib/docker/overlay2/2c15a904a49807090175d7750f18e0f6a57e99c38a424839679cbaf676a4d500/work"},"Name":"overlay2"},"Mounts":[{"Type":"volume","Name":"44a9389ce95a2961210e86afd6afe42b23405f43157b5dc00e010d283c01df79","Source":"/var/lib/docker/volumes/44a9389ce95a2961210e86afd6afe42b23405f43157b5dc00e010d283c01df79/_data","Destination":"/var/lib/mysql","Driver":"local","Mode":"","RW":true,"Propagation":""}],"Config":{"Hostname":"c37a42694b7d","Domainname":"","User":"","AttachStdin":false,"AttachStdout":false,"AttachStderr":false,"ExposedPorts":{"3306/tcp":{},"33060/tcp":{}},"Tty":false,"OpenStdin":false,"StdinOnce":false,"Env":["MYSQL_DATABASE=adm_videos","MYSQL_PASSWORD=123456","MYSQL_ROOT_PASSWORD=123456","PATH=/usr/local/sbin:/usr/local/bin:/usr/sbin:/usr/bin:/sbin:/bin","GOSU_VERSION=1.16","MYSQL_MAJOR=8.0","MYSQL_VERSION=8.0.32-1.el8","MYSQL_SHELL_VERSION=8.0.32-1.el8"],"Cmd":["mysqld"],"Image":"mysql:latest","Volumes":{"/var/lib/mysql":{}},"WorkingDir":"","Entrypoint":["docker-entrypoint.sh"],"OnBuild":null,"Labels":{"org.testcontainers":"true","org.testcontainers.lang":"java","org.testcontainers.sessionId":"818a13d9-e138-4e41-b5a4-74fd927e6a2d","org.testcontainers.version":"1.17.6"}},"NetworkSettings":{"Bridge":"","SandboxID":"bd1f3a626f226e407a1a406212013b21c93b302c93f9fd53a405b7fc5ff825b3","HairpinMode":false,"LinkLocalIPv6Address":"","LinkLocalIPv6PrefixLen":0,"Ports":{"3306/tcp":[{"HostIp":"0.0.0.0","HostPort":"56289"}],"33060/tcp":null},"SandboxKey":"/var/run/docker/netns/bd1f3a626f22","SecondaryIPAddresses":null,"SecondaryIPv6Addresses":null,"EndpointID":"a2b725c0c5ce4503f8e45e0c2adc4455b29a53a4866d3f23b2bce893a084641f","Gateway":"172.17.0.1","GlobalIPv6Address":"","GlobalIPv6PrefixLen":0,"IPAddress":"172.17.0.3","IPPrefixLen":16,"IPv6Gateway":"","MacAddress":"02:42:ac:11:00:03","Networks":{"bridge":{"IPAMConfig":null,"Links":null,"Aliases":null,"NetworkID":"308e234c143065751b16b4500cb9f48d5c7fc2116504b3d816a5e51cd4771062","EndpointID":"a2b725c0c5ce4503f8e45e0c2adc4455b29a53a4866d3f23b2bce893a084641f","Gateway":"172.17.0.1","IPAddress":"172.17.0.3","IPPrefixLen":16,"IPv6Gateway":"","GlobalIPv6Address":"","GlobalIPv6PrefixLen":0,"MacAddress":"02:42:ac:11:00:03","DriverOpts":null}}}}[\n]"
23:55:09.615 [Test worker] DEBUG com.github.dockerjava.zerodep.shaded.org.apache.hc.client5.http.wire - http-outgoing-2 << "[\r][\n]"
23:55:09.616 [Test worker] DEBUG com.github.dockerjava.zerodep.shaded.org.apache.hc.client5.http.wire - http-outgoing-2 << "0[\r][\n]"
23:55:09.616 [Test worker] DEBUG com.github.dockerjava.zerodep.shaded.org.apache.hc.client5.http.wire - http-outgoing-2 << "[\r][\n]"
23:55:09.616 [Test worker] DEBUG com.github.dockerjava.zerodep.shaded.org.apache.hc.client5.http.impl.classic.InternalHttpClient - ep-00000043: releasing valid endpoint
23:55:09.616 [Test worker] DEBUG com.github.dockerjava.zerodep.shaded.org.apache.hc.client5.http.impl.io.PoolingHttpClientConnectionManager - ep-00000043: releasing endpoint
23:55:09.616 [Test worker] DEBUG com.github.dockerjava.zerodep.shaded.org.apache.hc.client5.http.impl.io.PoolingHttpClientConnectionManager - ep-00000043: connection http-outgoing-2 can be kept alive for 3 MINUTES
23:55:09.616 [Test worker] DEBUG com.github.dockerjava.zerodep.shaded.org.apache.hc.client5.http.impl.io.PoolingHttpClientConnectionManager - ep-00000043: connection released [route: {}->unix://localhost:2375][total available: 1; route allocated: 1 of 2147483647; total allocated: 1 of 2147483647]
23:55:09.616 [Test worker] DEBUG ]]>&#x1f433;<![CDATA[ [mysql:latest] - Trying to create JDBC connection using com.mysql.cj.jdbc.Driver to jdbc:mysql://localhost:56289/adm_videos?useSSL=false&allowPublicKeyRetrieval=true with properties: {password=123456, user=root}
23:55:09.722 [Test worker] DEBUG org.testcontainers.shaded.com.github.dockerjava.core.command.AbstrDockerCmd - Cmd: c37a42694b7d1cff581f5e7b89a60b044af4721181408c271e821f1413201ca6,false
23:55:09.722 [Test worker] DEBUG org.testcontainers.shaded.com.github.dockerjava.core.exec.InspectContainerCmdExec - GET: DefaultWebTarget{path=[/containers/c37a42694b7d1cff581f5e7b89a60b044af4721181408c271e821f1413201ca6/json], queryParams={}}
23:55:09.722 [Test worker] DEBUG com.github.dockerjava.zerodep.shaded.org.apache.hc.client5.http.impl.classic.InternalHttpClient - ex-00000045: preparing request execution
23:55:09.723 [Test worker] DEBUG com.github.dockerjava.zerodep.shaded.org.apache.hc.client5.http.protocol.RequestAddCookies - Cookie spec selected: strict
23:55:09.723 [Test worker] DEBUG com.github.dockerjava.zerodep.shaded.org.apache.hc.client5.http.protocol.RequestAuthCache - Auth cache not set in the context
23:55:09.723 [Test worker] DEBUG com.github.dockerjava.zerodep.shaded.org.apache.hc.client5.http.impl.classic.ProtocolExec - ex-00000045: target auth state: UNCHALLENGED
23:55:09.723 [Test worker] DEBUG com.github.dockerjava.zerodep.shaded.org.apache.hc.client5.http.impl.classic.ProtocolExec - ex-00000045: proxy auth state: UNCHALLENGED
23:55:09.723 [Test worker] DEBUG com.github.dockerjava.zerodep.shaded.org.apache.hc.client5.http.impl.classic.ConnectExec - ex-00000045: acquiring connection with route {}->unix://localhost:2375
23:55:09.723 [Test worker] DEBUG com.github.dockerjava.zerodep.shaded.org.apache.hc.client5.http.impl.classic.InternalHttpClient - ex-00000045: acquiring endpoint (3 MINUTES)
23:55:09.723 [Test worker] DEBUG com.github.dockerjava.zerodep.shaded.org.apache.hc.client5.http.impl.io.PoolingHttpClientConnectionManager - ex-00000045: endpoint lease request (3 MINUTES) [route: {}->unix://localhost:2375][total available: 1; route allocated: 1 of 2147483647; total allocated: 1 of 2147483647]
23:55:09.724 [Test worker] DEBUG com.github.dockerjava.zerodep.shaded.org.apache.hc.client5.http.impl.io.PoolingHttpClientConnectionManager - ex-00000045: endpoint leased [route: {}->unix://localhost:2375][total available: 0; route allocated: 1 of 2147483647; total allocated: 1 of 2147483647]
23:55:09.724 [Test worker] DEBUG com.github.dockerjava.zerodep.shaded.org.apache.hc.client5.http.impl.io.PoolingHttpClientConnectionManager - ex-00000045: acquired ep-00000044
23:55:09.724 [Test worker] DEBUG com.github.dockerjava.zerodep.shaded.org.apache.hc.client5.http.impl.classic.InternalHttpClient - ex-00000045: acquired endpoint ep-00000044
23:55:09.724 [Test worker] DEBUG com.github.dockerjava.zerodep.shaded.org.apache.hc.client5.http.impl.classic.MainClientExec - ex-00000045: executing GET /v1.32/containers/c37a42694b7d1cff581f5e7b89a60b044af4721181408c271e821f1413201ca6/json HTTP/1.1
23:55:09.724 [Test worker] DEBUG com.github.dockerjava.zerodep.shaded.org.apache.hc.client5.http.impl.classic.InternalHttpClient - ep-00000044: start execution ex-00000045
23:55:09.724 [Test worker] DEBUG com.github.dockerjava.zerodep.shaded.org.apache.hc.client5.http.impl.io.PoolingHttpClientConnectionManager - ep-00000044: executing exchange ex-00000045 over http-outgoing-2
23:55:09.724 [Test worker] DEBUG com.github.dockerjava.zerodep.shaded.org.apache.hc.client5.http.headers - http-outgoing-2 >> GET /v1.32/containers/c37a42694b7d1cff581f5e7b89a60b044af4721181408c271e821f1413201ca6/json HTTP/1.1
23:55:09.724 [Test worker] DEBUG com.github.dockerjava.zerodep.shaded.org.apache.hc.client5.http.headers - http-outgoing-2 >> accept: application/json
23:55:09.724 [Test worker] DEBUG com.github.dockerjava.zerodep.shaded.org.apache.hc.client5.http.headers - http-outgoing-2 >> x-tc-sid: 818a13d9-e138-4e41-b5a4-74fd927e6a2d
23:55:09.724 [Test worker] DEBUG com.github.dockerjava.zerodep.shaded.org.apache.hc.client5.http.headers - http-outgoing-2 >> Accept-Encoding: gzip, x-gzip, deflate
23:55:09.724 [Test worker] DEBUG com.github.dockerjava.zerodep.shaded.org.apache.hc.client5.http.headers - http-outgoing-2 >> Host: localhost:2375
23:55:09.724 [Test worker] DEBUG com.github.dockerjava.zerodep.shaded.org.apache.hc.client5.http.headers - http-outgoing-2 >> Connection: keep-alive
23:55:09.724 [Test worker] DEBUG com.github.dockerjava.zerodep.shaded.org.apache.hc.client5.http.headers - http-outgoing-2 >> User-Agent: Apache-HttpClient/5.0.3 (Java/17.0.2)
23:55:09.724 [Test worker] DEBUG com.github.dockerjava.zerodep.shaded.org.apache.hc.client5.http.wire - http-outgoing-2 >> "GET /v1.32/containers/c37a42694b7d1cff581f5e7b89a60b044af4721181408c271e821f1413201ca6/json HTTP/1.1[\r][\n]"
23:55:09.724 [Test worker] DEBUG com.github.dockerjava.zerodep.shaded.org.apache.hc.client5.http.wire - http-outgoing-2 >> "accept: application/json[\r][\n]"
23:55:09.724 [Test worker] DEBUG com.github.dockerjava.zerodep.shaded.org.apache.hc.client5.http.wire - http-outgoing-2 >> "x-tc-sid: 818a13d9-e138-4e41-b5a4-74fd927e6a2d[\r][\n]"
23:55:09.724 [Test worker] DEBUG com.github.dockerjava.zerodep.shaded.org.apache.hc.client5.http.wire - http-outgoing-2 >> "Accept-Encoding: gzip, x-gzip, deflate[\r][\n]"
23:55:09.724 [Test worker] DEBUG com.github.dockerjava.zerodep.shaded.org.apache.hc.client5.http.wire - http-outgoing-2 >> "Host: localhost:2375[\r][\n]"
23:55:09.724 [Test worker] DEBUG com.github.dockerjava.zerodep.shaded.org.apache.hc.client5.http.wire - http-outgoing-2 >> "Connection: keep-alive[\r][\n]"
23:55:09.724 [Test worker] DEBUG com.github.dockerjava.zerodep.shaded.org.apache.hc.client5.http.wire - http-outgoing-2 >> "User-Agent: Apache-HttpClient/5.0.3 (Java/17.0.2)[\r][\n]"
23:55:09.724 [Test worker] DEBUG com.github.dockerjava.zerodep.shaded.org.apache.hc.client5.http.wire - http-outgoing-2 >> "[\r][\n]"
23:55:09.729 [Test worker] DEBUG com.github.dockerjava.zerodep.shaded.org.apache.hc.client5.http.wire - http-outgoing-2 << "HTTP/1.1 200 OK[\r][\n]"
23:55:09.730 [Test worker] DEBUG com.github.dockerjava.zerodep.shaded.org.apache.hc.client5.http.wire - http-outgoing-2 << "Api-Version: 1.41[\r][\n]"
23:55:09.730 [Test worker] DEBUG com.github.dockerjava.zerodep.shaded.org.apache.hc.client5.http.wire - http-outgoing-2 << "Content-Type: application/json[\r][\n]"
23:55:09.730 [Test worker] DEBUG com.github.dockerjava.zerodep.shaded.org.apache.hc.client5.http.wire - http-outgoing-2 << "Date: Mon, 27 Mar 2023 02:55:09 GMT[\r][\n]"
23:55:09.730 [Test worker] DEBUG com.github.dockerjava.zerodep.shaded.org.apache.hc.client5.http.wire - http-outgoing-2 << "Docker-Experimental: false[\r][\n]"
23:55:09.730 [Test worker] DEBUG com.github.dockerjava.zerodep.shaded.org.apache.hc.client5.http.wire - http-outgoing-2 << "Ostype: linux[\r][\n]"
23:55:09.730 [Test worker] DEBUG com.github.dockerjava.zerodep.shaded.org.apache.hc.client5.http.wire - http-outgoing-2 << "Server: Docker/20.10.21 (linux)[\r][\n]"
23:55:09.730 [Test worker] DEBUG com.github.dockerjava.zerodep.shaded.org.apache.hc.client5.http.wire - http-outgoing-2 << "Transfer-Encoding: chunked[\r][\n]"
23:55:09.730 [Test worker] DEBUG com.github.dockerjava.zerodep.shaded.org.apache.hc.client5.http.wire - http-outgoing-2 << "[\r][\n]"
23:55:09.730 [Test worker] DEBUG com.github.dockerjava.zerodep.shaded.org.apache.hc.client5.http.headers - http-outgoing-2 << HTTP/1.1 200 OK
23:55:09.730 [Test worker] DEBUG com.github.dockerjava.zerodep.shaded.org.apache.hc.client5.http.headers - http-outgoing-2 << Api-Version: 1.41
23:55:09.730 [Test worker] DEBUG com.github.dockerjava.zerodep.shaded.org.apache.hc.client5.http.headers - http-outgoing-2 << Content-Type: application/json
23:55:09.730 [Test worker] DEBUG com.github.dockerjava.zerodep.shaded.org.apache.hc.client5.http.headers - http-outgoing-2 << Date: Mon, 27 Mar 2023 02:55:09 GMT
23:55:09.730 [Test worker] DEBUG com.github.dockerjava.zerodep.shaded.org.apache.hc.client5.http.headers - http-outgoing-2 << Docker-Experimental: false
23:55:09.730 [Test worker] DEBUG com.github.dockerjava.zerodep.shaded.org.apache.hc.client5.http.headers - http-outgoing-2 << Ostype: linux
23:55:09.730 [Test worker] DEBUG com.github.dockerjava.zerodep.shaded.org.apache.hc.client5.http.headers - http-outgoing-2 << Server: Docker/20.10.21 (linux)
23:55:09.730 [Test worker] DEBUG com.github.dockerjava.zerodep.shaded.org.apache.hc.client5.http.headers - http-outgoing-2 << Transfer-Encoding: chunked
23:55:09.730 [Test worker] DEBUG com.github.dockerjava.zerodep.shaded.org.apache.hc.client5.http.impl.classic.MainClientExec - ex-00000045: connection can be kept alive for 3 MINUTES
23:55:09.733 [Test worker] DEBUG com.github.dockerjava.zerodep.shaded.org.apache.hc.client5.http.wire - http-outgoing-2 << "18c1[\r][\n]"
23:55:09.733 [Test worker] DEBUG com.github.dockerjava.zerodep.shaded.org.apache.hc.client5.http.wire - http-outgoing-2 << "{"Id":"c37a42694b7d1cff581f5e7b89a60b044af4721181408c271e821f1413201ca6","Created":"2023-03-27T02:55:02.49734542Z","Path":"docker-entrypoint.sh","Args":["mysqld"],"State":{"Status":"running","Running":true,"Paused":false,"Restarting":false,"OOMKilled":false,"Dead":false,"Pid":18342,"ExitCode":0,"Error":"","StartedAt":"2023-03-27T02:55:03.12719392Z","FinishedAt":"0001-01-01T00:00:00Z"},"Image":"sha256:c7c54c29e20dccc1aefb936c8eba8bb8b98b87a4921102aba87fde2df5810af9","ResolvConfPath":"/var/lib/docker/containers/c37a42694b7d1cff581f5e7b89a60b044af4721181408c271e821f1413201ca6/resolv.conf","HostnamePath":"/var/lib/docker/containers/c37a42694b7d1cff581f5e7b89a60b044af4721181408c271e821f1413201ca6/hostname","HostsPath":"/var/lib/docker/containers/c37a42694b7d1cff581f5e7b89a60b044af4721181408c271e821f1413201ca6/hosts","LogPath":"/var/lib/docker/containers/c37a42694b7d1cff581f5e7b89a60b044af4721181408c271e821f1413201ca6/c37a42694b7d1cff581f5e7b89a60b044af4721181408c271e821f1413201ca6-json.log","Name":"/elegant_mahavira","RestartCount":0,"Driver":"overlay2","Platform":"linux","MountLabel":"","ProcessLabel":"","AppArmorProfile":"","ExecIDs":null,"HostConfig":{"Binds":[],"ContainerIDFile":"","LogConfig":{"Type":"json-file","Config":{}},"NetworkMode":"default","PortBindings":{"3306/tcp":[{"HostIp":"0.0.0.0","HostPort":"0"}]},"RestartPolicy":{"Name":"","MaximumRetryCount":0},"AutoRemove":false,"VolumeDriver":"","VolumesFrom":[],"CapAdd":null,"CapDrop":null,"CgroupnsMode":"private","Dns":null,"DnsOptions":null,"DnsSearch":null,"ExtraHosts":[],"GroupAdd":null,"IpcMode":"shareable","Cgroup":"","Links":null,"OomScoreAdj":0,"PidMode":"","Privileged":false,"PublishAllPorts":false,"ReadonlyRootfs":false,"SecurityOpt":null,"UTSMode":"","UsernsMode":"","ShmSize":67108864,"Runtime":"runc","ConsoleSize":[0,0],"Isolation":"","CpuShares":0,"Memory":0,"NanoCpus":0,"CgroupParent":"","BlkioWeight":0,"BlkioWeightDevice":null,"BlkioDeviceReadBps":null,"BlkioDeviceWriteBps":null,"BlkioDeviceReadIOps":null,"BlkioDeviceWriteIOps":null,"CpuPeriod":0,"CpuQuota":0,"CpuRealtimePeriod":0,"CpuRealtimeRuntime":0,"CpusetCpus":"","CpusetMems":"","Devices":null,"DeviceCgroupRules":null,"DeviceRequests":null,"KernelMemory":0,"KernelMemoryTCP":0,"MemoryReservation":0,"MemorySwap":0,"MemorySwappiness":null,"OomKillDisable":null,"PidsLimit":null,"Ulimits":null,"CpuCount":0,"CpuPercent":0,"IOMaximumIOps":0,"IOMaximumBandwidth":0,"MaskedPaths":["/proc/asound","/proc/acpi","/proc/kcore","/proc/keys","/proc/latency_stats","/proc/timer_list","/proc/timer_stats","/proc/sched_debug","/proc/scsi","/sys/firmware"],"ReadonlyPaths":["/proc/bus","/proc/fs","/proc/irq","/proc/sys","/proc/sysrq-trigger"]},"GraphDriver":{"Data":{"LowerDir":"/var/lib/docker/overlay2/2c15a904a49807090175d7750f18e0f6a57e99c38a424839679cbaf676a4d500-init/diff:/var/lib/docker/overlay2/1bd8849d7a296305617011f940aa5cfabbe972a513397b1b6bbc27639b6c1f30/diff:/var/lib/docker/overlay2/199d69b2fbf78af4d4c95dec4fd2f8835ab0347eb49fb20ebb2ff3b99fedd6ad/diff:/var/lib/docker/overlay2/d83c38d654989311f75b9491329846033bfb7714de76ef635380dcfad5c740d9/diff:/var/lib/docker/overlay2/08600d0aea2ab2728bebcf5d2589c640a842f53d1ba3c4a4adccb4d03b923cf6/diff:/var/lib/docker/overlay2/9ec7c63a3fb14d13ac788bbf5e282ca821edc41260b79944e5e631037d13ecda/diff:/var/lib/docker/overlay2/db601d7a1b4ea6da638db620462f0da96fa55c559d02269c9ddb09027936ed87/diff:/var/lib/docker/overlay2/a6d2bd03f942e2565f21e74cfe152c7ec836a1c2b583f0790c685b92bdcfda24/diff:/var/lib/docker/overlay2/9badd16ea2c5e2bf1fde8b579683e41137dfc46ed5449234149f199a6751cc84/diff:/var/lib/docker/overlay2/6efb85646ed12e2d1181ef4cc6f6f6732c00c15a4035fe17ebc4f075ca573c30/diff:/var/lib/docker/overlay2/895d7c0ec09144d6ed33936f4e98e11c18010f7abd708cae1ce43aec7a7f2621/diff:/var/lib/docker/overlay2/1c4ba77aa573ab6e5e5069fd15eae71b3da940bde0f97a922a227ffc8a1d1096/diff","MergedDir":"/var/lib/docker/overlay2/2c15a904a49807090175d7750f18e0f6a57e99c38a424839679cbaf676a4d500/merged","UpperDir":"/var/lib/docker/overlay2/2c15a904a49807090175d7750f18e0f6a57e99c38a424839679cbaf676a4d500/diff","WorkDir":"/var/lib/docker/overlay2/2c15a904a49807090175d7750f18e0f6a57e99c38a424839679cbaf676a4d500/work"},"Name":"overlay2"},"Mounts":[{"Type":"volume","Name":"44a9389ce95a2961210e86afd6afe42b23405f43157b5dc00e010d283c01df79","Source":"/var/lib/docker/volumes/44a9389ce95a2961210e86afd6afe42b23405f43157b5dc00e010d283c01df79/_data","Destination":"/var/lib/mysql","Driver":"local","Mode":"","RW":true,"Propagation":""}],"Config":{"Hostname":"c37a42694b7d","Domainname":"","User":"","AttachStdin":false,"AttachStdout":false,"AttachStderr":false,"ExposedPorts":{"3306/tcp":{},"33060/tcp":{}},"Tty":false,"OpenStdin":false,"StdinOnce":false,"Env":["MYSQL_DATABASE=adm_videos","MYSQL_PASSWORD=123456","MYSQL_ROOT_PASSWORD=123456","PATH=/usr/local/sbin:/usr/local/bin:/usr/sbin:/usr/bin:/sbin:/bin","GOSU_VERSION=1.16","MYSQL_MAJOR=8.0","MYSQL_VERSION=8.0.32-1.el8","MYSQL_SHELL_VERSION=8.0.32-1.el8"],"Cmd":["mysqld"],"Image":"mysql:latest","Volumes":{"/var/lib/mysql":{}},"WorkingDir":"","Entrypoint":["docker-entrypoint.sh"],"OnBuild":null,"Labels":{"org.testcontainers":"true","org.testcontainers.lang":"java","org.testcontainers.sessionId":"818a13d9-e138-4e41-b5a4-74fd927e6a2d","org.testcontainers.version":"1.17.6"}},"NetworkSettings":{"Bridge":"","SandboxID":"bd1f3a626f226e407a1a406212013b21c93b302c93f9fd53a405b7fc5ff825b3","HairpinMode":false,"LinkLocalIPv6Address":"","LinkLocalIPv6PrefixLen":0,"Ports":{"3306/tcp":[{"HostIp":"0.0.0.0","HostPort":"56289"}],"33060/tcp":null},"SandboxKey":"/var/run/docker/netns/bd1f3a626f22","SecondaryIPAddresses":null,"SecondaryIPv6Addresses":null,"EndpointID":"a2b725c0c5ce4503f8e45e0c2adc4455b29a53a4866d3f23b2bce893a084641f","Gateway":"172.17.0.1","GlobalIPv6Address":"","GlobalIPv6PrefixLen":0,"IPAddress":"172.17.0.3","IPPrefixLen":16,"IPv6Gateway":"","MacAddress":"02:42:ac:11:00:03","Networks":{"bridge":{"IPAMConfig":null,"Links":null,"Aliases":null,"NetworkID":"308e234c143065751b16b4500cb9f48d5c7fc2116504b3d816a5e51cd4771062","EndpointID":"a2b725c0c5ce4503f8e45e0c2adc4455b29a53a4866d3f23b2bce893a084641f","Gateway":"172.17.0.1","IPAddress":"172.17.0.3","IPPrefixLen":16,"IPv6Gateway":"","GlobalIPv6Address":"","GlobalIPv6PrefixLen":0,"MacAddress":"02:42:ac:11:00:03","DriverOpts":null}}}}[\n]"
23:55:09.733 [Test worker] DEBUG com.github.dockerjava.zerodep.shaded.org.apache.hc.client5.http.wire - http-outgoing-2 << "[\r][\n]"
23:55:09.734 [Test worker] DEBUG com.github.dockerjava.zerodep.shaded.org.apache.hc.client5.http.wire - http-outgoing-2 << "0[\r][\n]"
23:55:09.734 [Test worker] DEBUG com.github.dockerjava.zerodep.shaded.org.apache.hc.client5.http.wire - http-outgoing-2 << "[\r][\n]"
23:55:09.734 [Test worker] DEBUG com.github.dockerjava.zerodep.shaded.org.apache.hc.client5.http.impl.classic.InternalHttpClient - ep-00000044: releasing valid endpoint
23:55:09.734 [Test worker] DEBUG com.github.dockerjava.zerodep.shaded.org.apache.hc.client5.http.impl.io.PoolingHttpClientConnectionManager - ep-00000044: releasing endpoint
23:55:09.734 [Test worker] DEBUG com.github.dockerjava.zerodep.shaded.org.apache.hc.client5.http.impl.io.PoolingHttpClientConnectionManager - ep-00000044: connection http-outgoing-2 can be kept alive for 3 MINUTES
23:55:09.735 [Test worker] DEBUG com.github.dockerjava.zerodep.shaded.org.apache.hc.client5.http.impl.io.PoolingHttpClientConnectionManager - ep-00000044: connection released [route: {}->unix://localhost:2375][total available: 1; route allocated: 1 of 2147483647; total allocated: 1 of 2147483647]
23:55:09.735 [Test worker] DEBUG ]]>&#x1f433;<![CDATA[ [mysql:latest] - Trying to create JDBC connection using com.mysql.cj.jdbc.Driver to jdbc:mysql://localhost:56289/adm_videos?useSSL=false&allowPublicKeyRetrieval=true with properties: {password=123456, user=root}
23:55:09.849 [Test worker] DEBUG org.testcontainers.shaded.com.github.dockerjava.core.command.AbstrDockerCmd - Cmd: c37a42694b7d1cff581f5e7b89a60b044af4721181408c271e821f1413201ca6,false
23:55:09.850 [Test worker] DEBUG org.testcontainers.shaded.com.github.dockerjava.core.exec.InspectContainerCmdExec - GET: DefaultWebTarget{path=[/containers/c37a42694b7d1cff581f5e7b89a60b044af4721181408c271e821f1413201ca6/json], queryParams={}}
23:55:09.850 [Test worker] DEBUG com.github.dockerjava.zerodep.shaded.org.apache.hc.client5.http.impl.classic.InternalHttpClient - ex-00000046: preparing request execution
23:55:09.850 [Test worker] DEBUG com.github.dockerjava.zerodep.shaded.org.apache.hc.client5.http.protocol.RequestAddCookies - Cookie spec selected: strict
23:55:09.850 [Test worker] DEBUG com.github.dockerjava.zerodep.shaded.org.apache.hc.client5.http.protocol.RequestAuthCache - Auth cache not set in the context
23:55:09.850 [Test worker] DEBUG com.github.dockerjava.zerodep.shaded.org.apache.hc.client5.http.impl.classic.ProtocolExec - ex-00000046: target auth state: UNCHALLENGED
23:55:09.850 [Test worker] DEBUG com.github.dockerjava.zerodep.shaded.org.apache.hc.client5.http.impl.classic.ProtocolExec - ex-00000046: proxy auth state: UNCHALLENGED
23:55:09.850 [Test worker] DEBUG com.github.dockerjava.zerodep.shaded.org.apache.hc.client5.http.impl.classic.ConnectExec - ex-00000046: acquiring connection with route {}->unix://localhost:2375
23:55:09.850 [Test worker] DEBUG com.github.dockerjava.zerodep.shaded.org.apache.hc.client5.http.impl.classic.InternalHttpClient - ex-00000046: acquiring endpoint (3 MINUTES)
23:55:09.851 [Test worker] DEBUG com.github.dockerjava.zerodep.shaded.org.apache.hc.client5.http.impl.io.PoolingHttpClientConnectionManager - ex-00000046: endpoint lease request (3 MINUTES) [route: {}->unix://localhost:2375][total available: 1; route allocated: 1 of 2147483647; total allocated: 1 of 2147483647]
23:55:09.851 [Test worker] DEBUG com.github.dockerjava.zerodep.shaded.org.apache.hc.client5.http.impl.io.PoolingHttpClientConnectionManager - ex-00000046: endpoint leased [route: {}->unix://localhost:2375][total available: 0; route allocated: 1 of 2147483647; total allocated: 1 of 2147483647]
23:55:09.851 [Test worker] DEBUG com.github.dockerjava.zerodep.shaded.org.apache.hc.client5.http.impl.io.PoolingHttpClientConnectionManager - ex-00000046: acquired ep-00000045
23:55:09.851 [Test worker] DEBUG com.github.dockerjava.zerodep.shaded.org.apache.hc.client5.http.impl.classic.InternalHttpClient - ex-00000046: acquired endpoint ep-00000045
23:55:09.851 [Test worker] DEBUG com.github.dockerjava.zerodep.shaded.org.apache.hc.client5.http.impl.classic.MainClientExec - ex-00000046: executing GET /v1.32/containers/c37a42694b7d1cff581f5e7b89a60b044af4721181408c271e821f1413201ca6/json HTTP/1.1
23:55:09.851 [Test worker] DEBUG com.github.dockerjava.zerodep.shaded.org.apache.hc.client5.http.impl.classic.InternalHttpClient - ep-00000045: start execution ex-00000046
23:55:09.851 [Test worker] DEBUG com.github.dockerjava.zerodep.shaded.org.apache.hc.client5.http.impl.io.PoolingHttpClientConnectionManager - ep-00000045: executing exchange ex-00000046 over http-outgoing-2
23:55:09.851 [Test worker] DEBUG com.github.dockerjava.zerodep.shaded.org.apache.hc.client5.http.headers - http-outgoing-2 >> GET /v1.32/containers/c37a42694b7d1cff581f5e7b89a60b044af4721181408c271e821f1413201ca6/json HTTP/1.1
23:55:09.851 [Test worker] DEBUG com.github.dockerjava.zerodep.shaded.org.apache.hc.client5.http.headers - http-outgoing-2 >> accept: application/json
23:55:09.851 [Test worker] DEBUG com.github.dockerjava.zerodep.shaded.org.apache.hc.client5.http.headers - http-outgoing-2 >> x-tc-sid: 818a13d9-e138-4e41-b5a4-74fd927e6a2d
23:55:09.851 [Test worker] DEBUG com.github.dockerjava.zerodep.shaded.org.apache.hc.client5.http.headers - http-outgoing-2 >> Accept-Encoding: gzip, x-gzip, deflate
23:55:09.851 [Test worker] DEBUG com.github.dockerjava.zerodep.shaded.org.apache.hc.client5.http.headers - http-outgoing-2 >> Host: localhost:2375
23:55:09.851 [Test worker] DEBUG com.github.dockerjava.zerodep.shaded.org.apache.hc.client5.http.headers - http-outgoing-2 >> Connection: keep-alive
23:55:09.851 [Test worker] DEBUG com.github.dockerjava.zerodep.shaded.org.apache.hc.client5.http.headers - http-outgoing-2 >> User-Agent: Apache-HttpClient/5.0.3 (Java/17.0.2)
23:55:09.851 [Test worker] DEBUG com.github.dockerjava.zerodep.shaded.org.apache.hc.client5.http.wire - http-outgoing-2 >> "GET /v1.32/containers/c37a42694b7d1cff581f5e7b89a60b044af4721181408c271e821f1413201ca6/json HTTP/1.1[\r][\n]"
23:55:09.851 [Test worker] DEBUG com.github.dockerjava.zerodep.shaded.org.apache.hc.client5.http.wire - http-outgoing-2 >> "accept: application/json[\r][\n]"
23:55:09.851 [Test worker] DEBUG com.github.dockerjava.zerodep.shaded.org.apache.hc.client5.http.wire - http-outgoing-2 >> "x-tc-sid: 818a13d9-e138-4e41-b5a4-74fd927e6a2d[\r][\n]"
23:55:09.851 [Test worker] DEBUG com.github.dockerjava.zerodep.shaded.org.apache.hc.client5.http.wire - http-outgoing-2 >> "Accept-Encoding: gzip, x-gzip, deflate[\r][\n]"
23:55:09.851 [Test worker] DEBUG com.github.dockerjava.zerodep.shaded.org.apache.hc.client5.http.wire - http-outgoing-2 >> "Host: localhost:2375[\r][\n]"
23:55:09.851 [Test worker] DEBUG com.github.dockerjava.zerodep.shaded.org.apache.hc.client5.http.wire - http-outgoing-2 >> "Connection: keep-alive[\r][\n]"
23:55:09.851 [Test worker] DEBUG com.github.dockerjava.zerodep.shaded.org.apache.hc.client5.http.wire - http-outgoing-2 >> "User-Agent: Apache-HttpClient/5.0.3 (Java/17.0.2)[\r][\n]"
23:55:09.851 [Test worker] DEBUG com.github.dockerjava.zerodep.shaded.org.apache.hc.client5.http.wire - http-outgoing-2 >> "[\r][\n]"
23:55:09.853 [Test worker] DEBUG com.github.dockerjava.zerodep.shaded.org.apache.hc.client5.http.wire - http-outgoing-2 << "HTTP/1.1 200 OK[\r][\n]"
23:55:09.853 [Test worker] DEBUG com.github.dockerjava.zerodep.shaded.org.apache.hc.client5.http.wire - http-outgoing-2 << "Api-Version: 1.41[\r][\n]"
23:55:09.853 [Test worker] DEBUG com.github.dockerjava.zerodep.shaded.org.apache.hc.client5.http.wire - http-outgoing-2 << "Content-Type: application/json[\r][\n]"
23:55:09.853 [Test worker] DEBUG com.github.dockerjava.zerodep.shaded.org.apache.hc.client5.http.wire - http-outgoing-2 << "Date: Mon, 27 Mar 2023 02:55:09 GMT[\r][\n]"
23:55:09.853 [Test worker] DEBUG com.github.dockerjava.zerodep.shaded.org.apache.hc.client5.http.wire - http-outgoing-2 << "Docker-Experimental: false[\r][\n]"
23:55:09.853 [Test worker] DEBUG com.github.dockerjava.zerodep.shaded.org.apache.hc.client5.http.wire - http-outgoing-2 << "Ostype: linux[\r][\n]"
23:55:09.853 [Test worker] DEBUG com.github.dockerjava.zerodep.shaded.org.apache.hc.client5.http.wire - http-outgoing-2 << "Server: Docker/20.10.21 (linux)[\r][\n]"
23:55:09.853 [Test worker] DEBUG com.github.dockerjava.zerodep.shaded.org.apache.hc.client5.http.wire - http-outgoing-2 << "Transfer-Encoding: chunked[\r][\n]"
23:55:09.853 [Test worker] DEBUG com.github.dockerjava.zerodep.shaded.org.apache.hc.client5.http.wire - http-outgoing-2 << "[\r][\n]"
23:55:09.853 [Test worker] DEBUG com.github.dockerjava.zerodep.shaded.org.apache.hc.client5.http.headers - http-outgoing-2 << HTTP/1.1 200 OK
23:55:09.853 [Test worker] DEBUG com.github.dockerjava.zerodep.shaded.org.apache.hc.client5.http.headers - http-outgoing-2 << Api-Version: 1.41
23:55:09.853 [Test worker] DEBUG com.github.dockerjava.zerodep.shaded.org.apache.hc.client5.http.headers - http-outgoing-2 << Content-Type: application/json
23:55:09.853 [Test worker] DEBUG com.github.dockerjava.zerodep.shaded.org.apache.hc.client5.http.headers - http-outgoing-2 << Date: Mon, 27 Mar 2023 02:55:09 GMT
23:55:09.853 [Test worker] DEBUG com.github.dockerjava.zerodep.shaded.org.apache.hc.client5.http.headers - http-outgoing-2 << Docker-Experimental: false
23:55:09.853 [Test worker] DEBUG com.github.dockerjava.zerodep.shaded.org.apache.hc.client5.http.headers - http-outgoing-2 << Ostype: linux
23:55:09.853 [Test worker] DEBUG com.github.dockerjava.zerodep.shaded.org.apache.hc.client5.http.headers - http-outgoing-2 << Server: Docker/20.10.21 (linux)
23:55:09.853 [Test worker] DEBUG com.github.dockerjava.zerodep.shaded.org.apache.hc.client5.http.headers - http-outgoing-2 << Transfer-Encoding: chunked
23:55:09.853 [Test worker] DEBUG com.github.dockerjava.zerodep.shaded.org.apache.hc.client5.http.impl.classic.MainClientExec - ex-00000046: connection can be kept alive for 3 MINUTES
23:55:09.854 [Test worker] DEBUG com.github.dockerjava.zerodep.shaded.org.apache.hc.client5.http.wire - http-outgoing-2 << "18c1[\r][\n]"
23:55:09.855 [Test worker] DEBUG com.github.dockerjava.zerodep.shaded.org.apache.hc.client5.http.wire - http-outgoing-2 << "{"Id":"c37a42694b7d1cff581f5e7b89a60b044af4721181408c271e821f1413201ca6","Created":"2023-03-27T02:55:02.49734542Z","Path":"docker-entrypoint.sh","Args":["mysqld"],"State":{"Status":"running","Running":true,"Paused":false,"Restarting":false,"OOMKilled":false,"Dead":false,"Pid":18342,"ExitCode":0,"Error":"","StartedAt":"2023-03-27T02:55:03.12719392Z","FinishedAt":"0001-01-01T00:00:00Z"},"Image":"sha256:c7c54c29e20dccc1aefb936c8eba8bb8b98b87a4921102aba87fde2df5810af9","ResolvConfPath":"/var/lib/docker/containers/c37a42694b7d1cff581f5e7b89a60b044af4721181408c271e821f1413201ca6/resolv.conf","HostnamePath":"/var/lib/docker/containers/c37a42694b7d1cff581f5e7b89a60b044af4721181408c271e821f1413201ca6/hostname","HostsPath":"/var/lib/docker/containers/c37a42694b7d1cff581f5e7b89a60b044af4721181408c271e821f1413201ca6/hosts","LogPath":"/var/lib/docker/containers/c37a42694b7d1cff581f5e7b89a60b044af4721181408c271e821f1413201ca6/c37a42694b7d1cff581f5e7b89a60b044af4721181408c271e821f1413201ca6-json.log","Name":"/elegant_mahavira","RestartCount":0,"Driver":"overlay2","Platform":"linux","MountLabel":"","ProcessLabel":"","AppArmorProfile":"","ExecIDs":null,"HostConfig":{"Binds":[],"ContainerIDFile":"","LogConfig":{"Type":"json-file","Config":{}},"NetworkMode":"default","PortBindings":{"3306/tcp":[{"HostIp":"0.0.0.0","HostPort":"0"}]},"RestartPolicy":{"Name":"","MaximumRetryCount":0},"AutoRemove":false,"VolumeDriver":"","VolumesFrom":[],"CapAdd":null,"CapDrop":null,"CgroupnsMode":"private","Dns":null,"DnsOptions":null,"DnsSearch":null,"ExtraHosts":[],"GroupAdd":null,"IpcMode":"shareable","Cgroup":"","Links":null,"OomScoreAdj":0,"PidMode":"","Privileged":false,"PublishAllPorts":false,"ReadonlyRootfs":false,"SecurityOpt":null,"UTSMode":"","UsernsMode":"","ShmSize":67108864,"Runtime":"runc","ConsoleSize":[0,0],"Isolation":"","CpuShares":0,"Memory":0,"NanoCpus":0,"CgroupParent":"","BlkioWeight":0,"BlkioWeightDevice":null,"BlkioDeviceReadBps":null,"BlkioDeviceWriteBps":null,"BlkioDeviceReadIOps":null,"BlkioDeviceWriteIOps":null,"CpuPeriod":0,"CpuQuota":0,"CpuRealtimePeriod":0,"CpuRealtimeRuntime":0,"CpusetCpus":"","CpusetMems":"","Devices":null,"DeviceCgroupRules":null,"DeviceRequests":null,"KernelMemory":0,"KernelMemoryTCP":0,"MemoryReservation":0,"MemorySwap":0,"MemorySwappiness":null,"OomKillDisable":null,"PidsLimit":null,"Ulimits":null,"CpuCount":0,"CpuPercent":0,"IOMaximumIOps":0,"IOMaximumBandwidth":0,"MaskedPaths":["/proc/asound","/proc/acpi","/proc/kcore","/proc/keys","/proc/latency_stats","/proc/timer_list","/proc/timer_stats","/proc/sched_debug","/proc/scsi","/sys/firmware"],"ReadonlyPaths":["/proc/bus","/proc/fs","/proc/irq","/proc/sys","/proc/sysrq-trigger"]},"GraphDriver":{"Data":{"LowerDir":"/var/lib/docker/overlay2/2c15a904a49807090175d7750f18e0f6a57e99c38a424839679cbaf676a4d500-init/diff:/var/lib/docker/overlay2/1bd8849d7a296305617011f940aa5cfabbe972a513397b1b6bbc27639b6c1f30/diff:/var/lib/docker/overlay2/199d69b2fbf78af4d4c95dec4fd2f8835ab0347eb49fb20ebb2ff3b99fedd6ad/diff:/var/lib/docker/overlay2/d83c38d654989311f75b9491329846033bfb7714de76ef635380dcfad5c740d9/diff:/var/lib/docker/overlay2/08600d0aea2ab2728bebcf5d2589c640a842f53d1ba3c4a4adccb4d03b923cf6/diff:/var/lib/docker/overlay2/9ec7c63a3fb14d13ac788bbf5e282ca821edc41260b79944e5e631037d13ecda/diff:/var/lib/docker/overlay2/db601d7a1b4ea6da638db620462f0da96fa55c559d02269c9ddb09027936ed87/diff:/var/lib/docker/overlay2/a6d2bd03f942e2565f21e74cfe152c7ec836a1c2b583f0790c685b92bdcfda24/diff:/var/lib/docker/overlay2/9badd16ea2c5e2bf1fde8b579683e41137dfc46ed5449234149f199a6751cc84/diff:/var/lib/docker/overlay2/6efb85646ed12e2d1181ef4cc6f6f6732c00c15a4035fe17ebc4f075ca573c30/diff:/var/lib/docker/overlay2/895d7c0ec09144d6ed33936f4e98e11c18010f7abd708cae1ce43aec7a7f2621/diff:/var/lib/docker/overlay2/1c4ba77aa573ab6e5e5069fd15eae71b3da940bde0f97a922a227ffc8a1d1096/diff","MergedDir":"/var/lib/docker/overlay2/2c15a904a49807090175d7750f18e0f6a57e99c38a424839679cbaf676a4d500/merged","UpperDir":"/var/lib/docker/overlay2/2c15a904a49807090175d7750f18e0f6a57e99c38a424839679cbaf676a4d500/diff","WorkDir":"/var/lib/docker/overlay2/2c15a904a49807090175d7750f18e0f6a57e99c38a424839679cbaf676a4d500/work"},"Name":"overlay2"},"Mounts":[{"Type":"volume","Name":"44a9389ce95a2961210e86afd6afe42b23405f43157b5dc00e010d283c01df79","Source":"/var/lib/docker/volumes/44a9389ce95a2961210e86afd6afe42b23405f43157b5dc00e010d283c01df79/_data","Destination":"/var/lib/mysql","Driver":"local","Mode":"","RW":true,"Propagation":""}],"Config":{"Hostname":"c37a42694b7d","Domainname":"","User":"","AttachStdin":false,"AttachStdout":false,"AttachStderr":false,"ExposedPorts":{"3306/tcp":{},"33060/tcp":{}},"Tty":false,"OpenStdin":false,"StdinOnce":false,"Env":["MYSQL_DATABASE=adm_videos","MYSQL_PASSWORD=123456","MYSQL_ROOT_PASSWORD=123456","PATH=/usr/local/sbin:/usr/local/bin:/usr/sbin:/usr/bin:/sbin:/bin","GOSU_VERSION=1.16","MYSQL_MAJOR=8.0","MYSQL_VERSION=8.0.32-1.el8","MYSQL_SHELL_VERSION=8.0.32-1.el8"],"Cmd":["mysqld"],"Image":"mysql:latest","Volumes":{"/var/lib/mysql":{}},"WorkingDir":"","Entrypoint":["docker-entrypoint.sh"],"OnBuild":null,"Labels":{"org.testcontainers":"true","org.testcontainers.lang":"java","org.testcontainers.sessionId":"818a13d9-e138-4e41-b5a4-74fd927e6a2d","org.testcontainers.version":"1.17.6"}},"NetworkSettings":{"Bridge":"","SandboxID":"bd1f3a626f226e407a1a406212013b21c93b302c93f9fd53a405b7fc5ff825b3","HairpinMode":false,"LinkLocalIPv6Address":"","LinkLocalIPv6PrefixLen":0,"Ports":{"3306/tcp":[{"HostIp":"0.0.0.0","HostPort":"56289"}],"33060/tcp":null},"SandboxKey":"/var/run/docker/netns/bd1f3a626f22","SecondaryIPAddresses":null,"SecondaryIPv6Addresses":null,"EndpointID":"a2b725c0c5ce4503f8e45e0c2adc4455b29a53a4866d3f23b2bce893a084641f","Gateway":"172.17.0.1","GlobalIPv6Address":"","GlobalIPv6PrefixLen":0,"IPAddress":"172.17.0.3","IPPrefixLen":16,"IPv6Gateway":"","MacAddress":"02:42:ac:11:00:03","Networks":{"bridge":{"IPAMConfig":null,"Links":null,"Aliases":null,"NetworkID":"308e234c143065751b16b4500cb9f48d5c7fc2116504b3d816a5e51cd4771062","EndpointID":"a2b725c0c5ce4503f8e45e0c2adc4455b29a53a4866d3f23b2bce893a084641f","Gateway":"172.17.0.1","IPAddress":"172.17.0.3","IPPrefixLen":16,"IPv6Gateway":"","GlobalIPv6Address":"","GlobalIPv6PrefixLen":0,"MacAddress":"02:42:ac:11:00:03","DriverOpts":null}}}}[\n]"
23:55:09.855 [Test worker] DEBUG com.github.dockerjava.zerodep.shaded.org.apache.hc.client5.http.wire - http-outgoing-2 << "[\r][\n]"
23:55:09.855 [Test worker] DEBUG com.github.dockerjava.zerodep.shaded.org.apache.hc.client5.http.wire - http-outgoing-2 << "0[\r][\n]"
23:55:09.855 [Test worker] DEBUG com.github.dockerjava.zerodep.shaded.org.apache.hc.client5.http.wire - http-outgoing-2 << "[\r][\n]"
23:55:09.856 [Test worker] DEBUG com.github.dockerjava.zerodep.shaded.org.apache.hc.client5.http.impl.classic.InternalHttpClient - ep-00000045: releasing valid endpoint
23:55:09.856 [Test worker] DEBUG com.github.dockerjava.zerodep.shaded.org.apache.hc.client5.http.impl.io.PoolingHttpClientConnectionManager - ep-00000045: releasing endpoint
23:55:09.856 [Test worker] DEBUG com.github.dockerjava.zerodep.shaded.org.apache.hc.client5.http.impl.io.PoolingHttpClientConnectionManager - ep-00000045: connection http-outgoing-2 can be kept alive for 3 MINUTES
23:55:09.856 [Test worker] DEBUG com.github.dockerjava.zerodep.shaded.org.apache.hc.client5.http.impl.io.PoolingHttpClientConnectionManager - ep-00000045: connection released [route: {}->unix://localhost:2375][total available: 1; route allocated: 1 of 2147483647; total allocated: 1 of 2147483647]
23:55:09.856 [Test worker] DEBUG ]]>&#x1f433;<![CDATA[ [mysql:latest] - Trying to create JDBC connection using com.mysql.cj.jdbc.Driver to jdbc:mysql://localhost:56289/adm_videos?useSSL=false&allowPublicKeyRetrieval=true with properties: {password=123456, user=root}
23:55:09.963 [Test worker] DEBUG org.testcontainers.shaded.com.github.dockerjava.core.command.AbstrDockerCmd - Cmd: c37a42694b7d1cff581f5e7b89a60b044af4721181408c271e821f1413201ca6,false
23:55:09.963 [Test worker] DEBUG org.testcontainers.shaded.com.github.dockerjava.core.exec.InspectContainerCmdExec - GET: DefaultWebTarget{path=[/containers/c37a42694b7d1cff581f5e7b89a60b044af4721181408c271e821f1413201ca6/json], queryParams={}}
23:55:09.964 [Test worker] DEBUG com.github.dockerjava.zerodep.shaded.org.apache.hc.client5.http.impl.classic.InternalHttpClient - ex-00000047: preparing request execution
23:55:09.964 [Test worker] DEBUG com.github.dockerjava.zerodep.shaded.org.apache.hc.client5.http.protocol.RequestAddCookies - Cookie spec selected: strict
23:55:09.964 [Test worker] DEBUG com.github.dockerjava.zerodep.shaded.org.apache.hc.client5.http.protocol.RequestAuthCache - Auth cache not set in the context
23:55:09.964 [Test worker] DEBUG com.github.dockerjava.zerodep.shaded.org.apache.hc.client5.http.impl.classic.ProtocolExec - ex-00000047: target auth state: UNCHALLENGED
23:55:09.964 [Test worker] DEBUG com.github.dockerjava.zerodep.shaded.org.apache.hc.client5.http.impl.classic.ProtocolExec - ex-00000047: proxy auth state: UNCHALLENGED
23:55:09.964 [Test worker] DEBUG com.github.dockerjava.zerodep.shaded.org.apache.hc.client5.http.impl.classic.ConnectExec - ex-00000047: acquiring connection with route {}->unix://localhost:2375
23:55:09.964 [Test worker] DEBUG com.github.dockerjava.zerodep.shaded.org.apache.hc.client5.http.impl.classic.InternalHttpClient - ex-00000047: acquiring endpoint (3 MINUTES)
23:55:09.964 [Test worker] DEBUG com.github.dockerjava.zerodep.shaded.org.apache.hc.client5.http.impl.io.PoolingHttpClientConnectionManager - ex-00000047: endpoint lease request (3 MINUTES) [route: {}->unix://localhost:2375][total available: 1; route allocated: 1 of 2147483647; total allocated: 1 of 2147483647]
23:55:09.964 [Test worker] DEBUG com.github.dockerjava.zerodep.shaded.org.apache.hc.client5.http.impl.io.PoolingHttpClientConnectionManager - ex-00000047: endpoint leased [route: {}->unix://localhost:2375][total available: 0; route allocated: 1 of 2147483647; total allocated: 1 of 2147483647]
23:55:09.965 [Test worker] DEBUG com.github.dockerjava.zerodep.shaded.org.apache.hc.client5.http.impl.io.PoolingHttpClientConnectionManager - ex-00000047: acquired ep-00000046
23:55:09.965 [Test worker] DEBUG com.github.dockerjava.zerodep.shaded.org.apache.hc.client5.http.impl.classic.InternalHttpClient - ex-00000047: acquired endpoint ep-00000046
23:55:09.965 [Test worker] DEBUG com.github.dockerjava.zerodep.shaded.org.apache.hc.client5.http.impl.classic.MainClientExec - ex-00000047: executing GET /v1.32/containers/c37a42694b7d1cff581f5e7b89a60b044af4721181408c271e821f1413201ca6/json HTTP/1.1
23:55:09.965 [Test worker] DEBUG com.github.dockerjava.zerodep.shaded.org.apache.hc.client5.http.impl.classic.InternalHttpClient - ep-00000046: start execution ex-00000047
23:55:09.965 [Test worker] DEBUG com.github.dockerjava.zerodep.shaded.org.apache.hc.client5.http.impl.io.PoolingHttpClientConnectionManager - ep-00000046: executing exchange ex-00000047 over http-outgoing-2
23:55:09.965 [Test worker] DEBUG com.github.dockerjava.zerodep.shaded.org.apache.hc.client5.http.headers - http-outgoing-2 >> GET /v1.32/containers/c37a42694b7d1cff581f5e7b89a60b044af4721181408c271e821f1413201ca6/json HTTP/1.1
23:55:09.965 [Test worker] DEBUG com.github.dockerjava.zerodep.shaded.org.apache.hc.client5.http.headers - http-outgoing-2 >> accept: application/json
23:55:09.965 [Test worker] DEBUG com.github.dockerjava.zerodep.shaded.org.apache.hc.client5.http.headers - http-outgoing-2 >> x-tc-sid: 818a13d9-e138-4e41-b5a4-74fd927e6a2d
23:55:09.965 [Test worker] DEBUG com.github.dockerjava.zerodep.shaded.org.apache.hc.client5.http.headers - http-outgoing-2 >> Accept-Encoding: gzip, x-gzip, deflate
23:55:09.965 [Test worker] DEBUG com.github.dockerjava.zerodep.shaded.org.apache.hc.client5.http.headers - http-outgoing-2 >> Host: localhost:2375
23:55:09.965 [Test worker] DEBUG com.github.dockerjava.zerodep.shaded.org.apache.hc.client5.http.headers - http-outgoing-2 >> Connection: keep-alive
23:55:09.965 [Test worker] DEBUG com.github.dockerjava.zerodep.shaded.org.apache.hc.client5.http.headers - http-outgoing-2 >> User-Agent: Apache-HttpClient/5.0.3 (Java/17.0.2)
23:55:09.965 [Test worker] DEBUG com.github.dockerjava.zerodep.shaded.org.apache.hc.client5.http.wire - http-outgoing-2 >> "GET /v1.32/containers/c37a42694b7d1cff581f5e7b89a60b044af4721181408c271e821f1413201ca6/json HTTP/1.1[\r][\n]"
23:55:09.965 [Test worker] DEBUG com.github.dockerjava.zerodep.shaded.org.apache.hc.client5.http.wire - http-outgoing-2 >> "accept: application/json[\r][\n]"
23:55:09.965 [Test worker] DEBUG com.github.dockerjava.zerodep.shaded.org.apache.hc.client5.http.wire - http-outgoing-2 >> "x-tc-sid: 818a13d9-e138-4e41-b5a4-74fd927e6a2d[\r][\n]"
23:55:09.965 [Test worker] DEBUG com.github.dockerjava.zerodep.shaded.org.apache.hc.client5.http.wire - http-outgoing-2 >> "Accept-Encoding: gzip, x-gzip, deflate[\r][\n]"
23:55:09.965 [Test worker] DEBUG com.github.dockerjava.zerodep.shaded.org.apache.hc.client5.http.wire - http-outgoing-2 >> "Host: localhost:2375[\r][\n]"
23:55:09.965 [Test worker] DEBUG com.github.dockerjava.zerodep.shaded.org.apache.hc.client5.http.wire - http-outgoing-2 >> "Connection: keep-alive[\r][\n]"
23:55:09.965 [Test worker] DEBUG com.github.dockerjava.zerodep.shaded.org.apache.hc.client5.http.wire - http-outgoing-2 >> "User-Agent: Apache-HttpClient/5.0.3 (Java/17.0.2)[\r][\n]"
23:55:09.965 [Test worker] DEBUG com.github.dockerjava.zerodep.shaded.org.apache.hc.client5.http.wire - http-outgoing-2 >> "[\r][\n]"
23:55:09.968 [Test worker] DEBUG com.github.dockerjava.zerodep.shaded.org.apache.hc.client5.http.wire - http-outgoing-2 << "HTTP/1.1 200 OK[\r][\n]"
23:55:09.968 [Test worker] DEBUG com.github.dockerjava.zerodep.shaded.org.apache.hc.client5.http.wire - http-outgoing-2 << "Api-Version: 1.41[\r][\n]"
23:55:09.968 [Test worker] DEBUG com.github.dockerjava.zerodep.shaded.org.apache.hc.client5.http.wire - http-outgoing-2 << "Content-Type: application/json[\r][\n]"
23:55:09.968 [Test worker] DEBUG com.github.dockerjava.zerodep.shaded.org.apache.hc.client5.http.wire - http-outgoing-2 << "Date: Mon, 27 Mar 2023 02:55:09 GMT[\r][\n]"
23:55:09.968 [Test worker] DEBUG com.github.dockerjava.zerodep.shaded.org.apache.hc.client5.http.wire - http-outgoing-2 << "Docker-Experimental: false[\r][\n]"
23:55:09.968 [Test worker] DEBUG com.github.dockerjava.zerodep.shaded.org.apache.hc.client5.http.wire - http-outgoing-2 << "Ostype: linux[\r][\n]"
23:55:09.968 [Test worker] DEBUG com.github.dockerjava.zerodep.shaded.org.apache.hc.client5.http.wire - http-outgoing-2 << "Server: Docker/20.10.21 (linux)[\r][\n]"
23:55:09.968 [Test worker] DEBUG com.github.dockerjava.zerodep.shaded.org.apache.hc.client5.http.wire - http-outgoing-2 << "Transfer-Encoding: chunked[\r][\n]"
23:55:09.968 [Test worker] DEBUG com.github.dockerjava.zerodep.shaded.org.apache.hc.client5.http.wire - http-outgoing-2 << "[\r][\n]"
23:55:09.968 [Test worker] DEBUG com.github.dockerjava.zerodep.shaded.org.apache.hc.client5.http.headers - http-outgoing-2 << HTTP/1.1 200 OK
23:55:09.968 [Test worker] DEBUG com.github.dockerjava.zerodep.shaded.org.apache.hc.client5.http.headers - http-outgoing-2 << Api-Version: 1.41
23:55:09.968 [Test worker] DEBUG com.github.dockerjava.zerodep.shaded.org.apache.hc.client5.http.headers - http-outgoing-2 << Content-Type: application/json
23:55:09.968 [Test worker] DEBUG com.github.dockerjava.zerodep.shaded.org.apache.hc.client5.http.headers - http-outgoing-2 << Date: Mon, 27 Mar 2023 02:55:09 GMT
23:55:09.968 [Test worker] DEBUG com.github.dockerjava.zerodep.shaded.org.apache.hc.client5.http.headers - http-outgoing-2 << Docker-Experimental: false
23:55:09.968 [Test worker] DEBUG com.github.dockerjava.zerodep.shaded.org.apache.hc.client5.http.headers - http-outgoing-2 << Ostype: linux
23:55:09.968 [Test worker] DEBUG com.github.dockerjava.zerodep.shaded.org.apache.hc.client5.http.headers - http-outgoing-2 << Server: Docker/20.10.21 (linux)
23:55:09.968 [Test worker] DEBUG com.github.dockerjava.zerodep.shaded.org.apache.hc.client5.http.headers - http-outgoing-2 << Transfer-Encoding: chunked
23:55:09.968 [Test worker] DEBUG com.github.dockerjava.zerodep.shaded.org.apache.hc.client5.http.impl.classic.MainClientExec - ex-00000047: connection can be kept alive for 3 MINUTES
23:55:09.969 [Test worker] DEBUG com.github.dockerjava.zerodep.shaded.org.apache.hc.client5.http.wire - http-outgoing-2 << "18c1[\r][\n]"
23:55:09.969 [Test worker] DEBUG com.github.dockerjava.zerodep.shaded.org.apache.hc.client5.http.wire - http-outgoing-2 << "{"Id":"c37a42694b7d1cff581f5e7b89a60b044af4721181408c271e821f1413201ca6","Created":"2023-03-27T02:55:02.49734542Z","Path":"docker-entrypoint.sh","Args":["mysqld"],"State":{"Status":"running","Running":true,"Paused":false,"Restarting":false,"OOMKilled":false,"Dead":false,"Pid":18342,"ExitCode":0,"Error":"","StartedAt":"2023-03-27T02:55:03.12719392Z","FinishedAt":"0001-01-01T00:00:00Z"},"Image":"sha256:c7c54c29e20dccc1aefb936c8eba8bb8b98b87a4921102aba87fde2df5810af9","ResolvConfPath":"/var/lib/docker/containers/c37a42694b7d1cff581f5e7b89a60b044af4721181408c271e821f1413201ca6/resolv.conf","HostnamePath":"/var/lib/docker/containers/c37a42694b7d1cff581f5e7b89a60b044af4721181408c271e821f1413201ca6/hostname","HostsPath":"/var/lib/docker/containers/c37a42694b7d1cff581f5e7b89a60b044af4721181408c271e821f1413201ca6/hosts","LogPath":"/var/lib/docker/containers/c37a42694b7d1cff581f5e7b89a60b044af4721181408c271e821f1413201ca6/c37a42694b7d1cff581f5e7b89a60b044af4721181408c271e821f1413201ca6-json.log","Name":"/elegant_mahavira","RestartCount":0,"Driver":"overlay2","Platform":"linux","MountLabel":"","ProcessLabel":"","AppArmorProfile":"","ExecIDs":null,"HostConfig":{"Binds":[],"ContainerIDFile":"","LogConfig":{"Type":"json-file","Config":{}},"NetworkMode":"default","PortBindings":{"3306/tcp":[{"HostIp":"0.0.0.0","HostPort":"0"}]},"RestartPolicy":{"Name":"","MaximumRetryCount":0},"AutoRemove":false,"VolumeDriver":"","VolumesFrom":[],"CapAdd":null,"CapDrop":null,"CgroupnsMode":"private","Dns":null,"DnsOptions":null,"DnsSearch":null,"ExtraHosts":[],"GroupAdd":null,"IpcMode":"shareable","Cgroup":"","Links":null,"OomScoreAdj":0,"PidMode":"","Privileged":false,"PublishAllPorts":false,"ReadonlyRootfs":false,"SecurityOpt":null,"UTSMode":"","UsernsMode":"","ShmSize":67108864,"Runtime":"runc","ConsoleSize":[0,0],"Isolation":"","CpuShares":0,"Memory":0,"NanoCpus":0,"CgroupParent":"","BlkioWeight":0,"BlkioWeightDevice":null,"BlkioDeviceReadBps":null,"BlkioDeviceWriteBps":null,"BlkioDeviceReadIOps":null,"BlkioDeviceWriteIOps":null,"CpuPeriod":0,"CpuQuota":0,"CpuRealtimePeriod":0,"CpuRealtimeRuntime":0,"CpusetCpus":"","CpusetMems":"","Devices":null,"DeviceCgroupRules":null,"DeviceRequests":null,"KernelMemory":0,"KernelMemoryTCP":0,"MemoryReservation":0,"MemorySwap":0,"MemorySwappiness":null,"OomKillDisable":null,"PidsLimit":null,"Ulimits":null,"CpuCount":0,"CpuPercent":0,"IOMaximumIOps":0,"IOMaximumBandwidth":0,"MaskedPaths":["/proc/asound","/proc/acpi","/proc/kcore","/proc/keys","/proc/latency_stats","/proc/timer_list","/proc/timer_stats","/proc/sched_debug","/proc/scsi","/sys/firmware"],"ReadonlyPaths":["/proc/bus","/proc/fs","/proc/irq","/proc/sys","/proc/sysrq-trigger"]},"GraphDriver":{"Data":{"LowerDir":"/var/lib/docker/overlay2/2c15a904a49807090175d7750f18e0f6a57e99c38a424839679cbaf676a4d500-init/diff:/var/lib/docker/overlay2/1bd8849d7a296305617011f940aa5cfabbe972a513397b1b6bbc27639b6c1f30/diff:/var/lib/docker/overlay2/199d69b2fbf78af4d4c95dec4fd2f8835ab0347eb49fb20ebb2ff3b99fedd6ad/diff:/var/lib/docker/overlay2/d83c38d654989311f75b9491329846033bfb7714de76ef635380dcfad5c740d9/diff:/var/lib/docker/overlay2/08600d0aea2ab2728bebcf5d2589c640a842f53d1ba3c4a4adccb4d03b923cf6/diff:/var/lib/docker/overlay2/9ec7c63a3fb14d13ac788bbf5e282ca821edc41260b79944e5e631037d13ecda/diff:/var/lib/docker/overlay2/db601d7a1b4ea6da638db620462f0da96fa55c559d02269c9ddb09027936ed87/diff:/var/lib/docker/overlay2/a6d2bd03f942e2565f21e74cfe152c7ec836a1c2b583f0790c685b92bdcfda24/diff:/var/lib/docker/overlay2/9badd16ea2c5e2bf1fde8b579683e41137dfc46ed5449234149f199a6751cc84/diff:/var/lib/docker/overlay2/6efb85646ed12e2d1181ef4cc6f6f6732c00c15a4035fe17ebc4f075ca573c30/diff:/var/lib/docker/overlay2/895d7c0ec09144d6ed33936f4e98e11c18010f7abd708cae1ce43aec7a7f2621/diff:/var/lib/docker/overlay2/1c4ba77aa573ab6e5e5069fd15eae71b3da940bde0f97a922a227ffc8a1d1096/diff","MergedDir":"/var/lib/docker/overlay2/2c15a904a49807090175d7750f18e0f6a57e99c38a424839679cbaf676a4d500/merged","UpperDir":"/var/lib/docker/overlay2/2c15a904a49807090175d7750f18e0f6a57e99c38a424839679cbaf676a4d500/diff","WorkDir":"/var/lib/docker/overlay2/2c15a904a49807090175d7750f18e0f6a57e99c38a424839679cbaf676a4d500/work"},"Name":"overlay2"},"Mounts":[{"Type":"volume","Name":"44a9389ce95a2961210e86afd6afe42b23405f43157b5dc00e010d283c01df79","Source":"/var/lib/docker/volumes/44a9389ce95a2961210e86afd6afe42b23405f43157b5dc00e010d283c01df79/_data","Destination":"/var/lib/mysql","Driver":"local","Mode":"","RW":true,"Propagation":""}],"Config":{"Hostname":"c37a42694b7d","Domainname":"","User":"","AttachStdin":false,"AttachStdout":false,"AttachStderr":false,"ExposedPorts":{"3306/tcp":{},"33060/tcp":{}},"Tty":false,"OpenStdin":false,"StdinOnce":false,"Env":["MYSQL_DATABASE=adm_videos","MYSQL_PASSWORD=123456","MYSQL_ROOT_PASSWORD=123456","PATH=/usr/local/sbin:/usr/local/bin:/usr/sbin:/usr/bin:/sbin:/bin","GOSU_VERSION=1.16","MYSQL_MAJOR=8.0","MYSQL_VERSION=8.0.32-1.el8","MYSQL_SHELL_VERSION=8.0.32-1.el8"],"Cmd":["mysqld"],"Image":"mysql:latest","Volumes":{"/var/lib/mysql":{}},"WorkingDir":"","Entrypoint":["docker-entrypoint.sh"],"OnBuild":null,"Labels":{"org.testcontainers":"true","org.testcontainers.lang":"java","org.testcontainers.sessionId":"818a13d9-e138-4e41-b5a4-74fd927e6a2d","org.testcontainers.version":"1.17.6"}},"NetworkSettings":{"Bridge":"","SandboxID":"bd1f3a626f226e407a1a406212013b21c93b302c93f9fd53a405b7fc5ff825b3","HairpinMode":false,"LinkLocalIPv6Address":"","LinkLocalIPv6PrefixLen":0,"Ports":{"3306/tcp":[{"HostIp":"0.0.0.0","HostPort":"56289"}],"33060/tcp":null},"SandboxKey":"/var/run/docker/netns/bd1f3a626f22","SecondaryIPAddresses":null,"SecondaryIPv6Addresses":null,"EndpointID":"a2b725c0c5ce4503f8e45e0c2adc4455b29a53a4866d3f23b2bce893a084641f","Gateway":"172.17.0.1","GlobalIPv6Address":"","GlobalIPv6PrefixLen":0,"IPAddress":"172.17.0.3","IPPrefixLen":16,"IPv6Gateway":"","MacAddress":"02:42:ac:11:00:03","Networks":{"bridge":{"IPAMConfig":null,"Links":null,"Aliases":null,"NetworkID":"308e234c143065751b16b4500cb9f48d5c7fc2116504b3d816a5e51cd4771062","EndpointID":"a2b725c0c5ce4503f8e45e0c2adc4455b29a53a4866d3f23b2bce893a084641f","Gateway":"172.17.0.1","IPAddress":"172.17.0.3","IPPrefixLen":16,"IPv6Gateway":"","GlobalIPv6Address":"","GlobalIPv6PrefixLen":0,"MacAddress":"02:42:ac:11:00:03","DriverOpts":null}}}}[\n]"
23:55:09.969 [Test worker] DEBUG com.github.dockerjava.zerodep.shaded.org.apache.hc.client5.http.wire - http-outgoing-2 << "[\r][\n]"
23:55:09.970 [Test worker] DEBUG com.github.dockerjava.zerodep.shaded.org.apache.hc.client5.http.wire - http-outgoing-2 << "0[\r][\n]"
23:55:09.970 [Test worker] DEBUG com.github.dockerjava.zerodep.shaded.org.apache.hc.client5.http.wire - http-outgoing-2 << "[\r][\n]"
23:55:09.970 [Test worker] DEBUG com.github.dockerjava.zerodep.shaded.org.apache.hc.client5.http.impl.classic.InternalHttpClient - ep-00000046: releasing valid endpoint
23:55:09.970 [Test worker] DEBUG com.github.dockerjava.zerodep.shaded.org.apache.hc.client5.http.impl.io.PoolingHttpClientConnectionManager - ep-00000046: releasing endpoint
23:55:09.970 [Test worker] DEBUG com.github.dockerjava.zerodep.shaded.org.apache.hc.client5.http.impl.io.PoolingHttpClientConnectionManager - ep-00000046: connection http-outgoing-2 can be kept alive for 3 MINUTES
23:55:09.970 [Test worker] DEBUG com.github.dockerjava.zerodep.shaded.org.apache.hc.client5.http.impl.io.PoolingHttpClientConnectionManager - ep-00000046: connection released [route: {}->unix://localhost:2375][total available: 1; route allocated: 1 of 2147483647; total allocated: 1 of 2147483647]
23:55:09.971 [Test worker] DEBUG ]]>&#x1f433;<![CDATA[ [mysql:latest] - Trying to create JDBC connection using com.mysql.cj.jdbc.Driver to jdbc:mysql://localhost:56289/adm_videos?useSSL=false&allowPublicKeyRetrieval=true with properties: {password=123456, user=root}
23:55:10.078 [Test worker] DEBUG org.testcontainers.shaded.com.github.dockerjava.core.command.AbstrDockerCmd - Cmd: c37a42694b7d1cff581f5e7b89a60b044af4721181408c271e821f1413201ca6,false
23:55:10.078 [Test worker] DEBUG org.testcontainers.shaded.com.github.dockerjava.core.exec.InspectContainerCmdExec - GET: DefaultWebTarget{path=[/containers/c37a42694b7d1cff581f5e7b89a60b044af4721181408c271e821f1413201ca6/json], queryParams={}}
23:55:10.079 [Test worker] DEBUG com.github.dockerjava.zerodep.shaded.org.apache.hc.client5.http.impl.classic.InternalHttpClient - ex-00000048: preparing request execution
23:55:10.079 [Test worker] DEBUG com.github.dockerjava.zerodep.shaded.org.apache.hc.client5.http.protocol.RequestAddCookies - Cookie spec selected: strict
23:55:10.079 [Test worker] DEBUG com.github.dockerjava.zerodep.shaded.org.apache.hc.client5.http.protocol.RequestAuthCache - Auth cache not set in the context
23:55:10.079 [Test worker] DEBUG com.github.dockerjava.zerodep.shaded.org.apache.hc.client5.http.impl.classic.ProtocolExec - ex-00000048: target auth state: UNCHALLENGED
23:55:10.079 [Test worker] DEBUG com.github.dockerjava.zerodep.shaded.org.apache.hc.client5.http.impl.classic.ProtocolExec - ex-00000048: proxy auth state: UNCHALLENGED
23:55:10.079 [Test worker] DEBUG com.github.dockerjava.zerodep.shaded.org.apache.hc.client5.http.impl.classic.ConnectExec - ex-00000048: acquiring connection with route {}->unix://localhost:2375
23:55:10.079 [Test worker] DEBUG com.github.dockerjava.zerodep.shaded.org.apache.hc.client5.http.impl.classic.InternalHttpClient - ex-00000048: acquiring endpoint (3 MINUTES)
23:55:10.079 [Test worker] DEBUG com.github.dockerjava.zerodep.shaded.org.apache.hc.client5.http.impl.io.PoolingHttpClientConnectionManager - ex-00000048: endpoint lease request (3 MINUTES) [route: {}->unix://localhost:2375][total available: 1; route allocated: 1 of 2147483647; total allocated: 1 of 2147483647]
23:55:10.079 [Test worker] DEBUG com.github.dockerjava.zerodep.shaded.org.apache.hc.client5.http.impl.io.PoolingHttpClientConnectionManager - ex-00000048: endpoint leased [route: {}->unix://localhost:2375][total available: 0; route allocated: 1 of 2147483647; total allocated: 1 of 2147483647]
23:55:10.079 [Test worker] DEBUG com.github.dockerjava.zerodep.shaded.org.apache.hc.client5.http.impl.io.PoolingHttpClientConnectionManager - ex-00000048: acquired ep-00000047
23:55:10.079 [Test worker] DEBUG com.github.dockerjava.zerodep.shaded.org.apache.hc.client5.http.impl.classic.InternalHttpClient - ex-00000048: acquired endpoint ep-00000047
23:55:10.079 [Test worker] DEBUG com.github.dockerjava.zerodep.shaded.org.apache.hc.client5.http.impl.classic.MainClientExec - ex-00000048: executing GET /v1.32/containers/c37a42694b7d1cff581f5e7b89a60b044af4721181408c271e821f1413201ca6/json HTTP/1.1
23:55:10.079 [Test worker] DEBUG com.github.dockerjava.zerodep.shaded.org.apache.hc.client5.http.impl.classic.InternalHttpClient - ep-00000047: start execution ex-00000048
23:55:10.079 [Test worker] DEBUG com.github.dockerjava.zerodep.shaded.org.apache.hc.client5.http.impl.io.PoolingHttpClientConnectionManager - ep-00000047: executing exchange ex-00000048 over http-outgoing-2
23:55:10.079 [Test worker] DEBUG com.github.dockerjava.zerodep.shaded.org.apache.hc.client5.http.headers - http-outgoing-2 >> GET /v1.32/containers/c37a42694b7d1cff581f5e7b89a60b044af4721181408c271e821f1413201ca6/json HTTP/1.1
23:55:10.079 [Test worker] DEBUG com.github.dockerjava.zerodep.shaded.org.apache.hc.client5.http.headers - http-outgoing-2 >> accept: application/json
23:55:10.079 [Test worker] DEBUG com.github.dockerjava.zerodep.shaded.org.apache.hc.client5.http.headers - http-outgoing-2 >> x-tc-sid: 818a13d9-e138-4e41-b5a4-74fd927e6a2d
23:55:10.079 [Test worker] DEBUG com.github.dockerjava.zerodep.shaded.org.apache.hc.client5.http.headers - http-outgoing-2 >> Accept-Encoding: gzip, x-gzip, deflate
23:55:10.079 [Test worker] DEBUG com.github.dockerjava.zerodep.shaded.org.apache.hc.client5.http.headers - http-outgoing-2 >> Host: localhost:2375
23:55:10.079 [Test worker] DEBUG com.github.dockerjava.zerodep.shaded.org.apache.hc.client5.http.headers - http-outgoing-2 >> Connection: keep-alive
23:55:10.079 [Test worker] DEBUG com.github.dockerjava.zerodep.shaded.org.apache.hc.client5.http.headers - http-outgoing-2 >> User-Agent: Apache-HttpClient/5.0.3 (Java/17.0.2)
23:55:10.079 [Test worker] DEBUG com.github.dockerjava.zerodep.shaded.org.apache.hc.client5.http.wire - http-outgoing-2 >> "GET /v1.32/containers/c37a42694b7d1cff581f5e7b89a60b044af4721181408c271e821f1413201ca6/json HTTP/1.1[\r][\n]"
23:55:10.079 [Test worker] DEBUG com.github.dockerjava.zerodep.shaded.org.apache.hc.client5.http.wire - http-outgoing-2 >> "accept: application/json[\r][\n]"
23:55:10.079 [Test worker] DEBUG com.github.dockerjava.zerodep.shaded.org.apache.hc.client5.http.wire - http-outgoing-2 >> "x-tc-sid: 818a13d9-e138-4e41-b5a4-74fd927e6a2d[\r][\n]"
23:55:10.079 [Test worker] DEBUG com.github.dockerjava.zerodep.shaded.org.apache.hc.client5.http.wire - http-outgoing-2 >> "Accept-Encoding: gzip, x-gzip, deflate[\r][\n]"
23:55:10.079 [Test worker] DEBUG com.github.dockerjava.zerodep.shaded.org.apache.hc.client5.http.wire - http-outgoing-2 >> "Host: localhost:2375[\r][\n]"
23:55:10.079 [Test worker] DEBUG com.github.dockerjava.zerodep.shaded.org.apache.hc.client5.http.wire - http-outgoing-2 >> "Connection: keep-alive[\r][\n]"
23:55:10.079 [Test worker] DEBUG com.github.dockerjava.zerodep.shaded.org.apache.hc.client5.http.wire - http-outgoing-2 >> "User-Agent: Apache-HttpClient/5.0.3 (Java/17.0.2)[\r][\n]"
23:55:10.079 [Test worker] DEBUG com.github.dockerjava.zerodep.shaded.org.apache.hc.client5.http.wire - http-outgoing-2 >> "[\r][\n]"
23:55:10.083 [Test worker] DEBUG com.github.dockerjava.zerodep.shaded.org.apache.hc.client5.http.wire - http-outgoing-2 << "HTTP/1.1 200 OK[\r][\n]"
23:55:10.083 [Test worker] DEBUG com.github.dockerjava.zerodep.shaded.org.apache.hc.client5.http.wire - http-outgoing-2 << "Api-Version: 1.41[\r][\n]"
23:55:10.083 [Test worker] DEBUG com.github.dockerjava.zerodep.shaded.org.apache.hc.client5.http.wire - http-outgoing-2 << "Content-Type: application/json[\r][\n]"
23:55:10.083 [Test worker] DEBUG com.github.dockerjava.zerodep.shaded.org.apache.hc.client5.http.wire - http-outgoing-2 << "Date: Mon, 27 Mar 2023 02:55:10 GMT[\r][\n]"
23:55:10.083 [Test worker] DEBUG com.github.dockerjava.zerodep.shaded.org.apache.hc.client5.http.wire - http-outgoing-2 << "Docker-Experimental: false[\r][\n]"
23:55:10.083 [Test worker] DEBUG com.github.dockerjava.zerodep.shaded.org.apache.hc.client5.http.wire - http-outgoing-2 << "Ostype: linux[\r][\n]"
23:55:10.083 [Test worker] DEBUG com.github.dockerjava.zerodep.shaded.org.apache.hc.client5.http.wire - http-outgoing-2 << "Server: Docker/20.10.21 (linux)[\r][\n]"
23:55:10.083 [Test worker] DEBUG com.github.dockerjava.zerodep.shaded.org.apache.hc.client5.http.wire - http-outgoing-2 << "Transfer-Encoding: chunked[\r][\n]"
23:55:10.083 [Test worker] DEBUG com.github.dockerjava.zerodep.shaded.org.apache.hc.client5.http.wire - http-outgoing-2 << "[\r][\n]"
23:55:10.083 [Test worker] DEBUG com.github.dockerjava.zerodep.shaded.org.apache.hc.client5.http.headers - http-outgoing-2 << HTTP/1.1 200 OK
23:55:10.083 [Test worker] DEBUG com.github.dockerjava.zerodep.shaded.org.apache.hc.client5.http.headers - http-outgoing-2 << Api-Version: 1.41
23:55:10.083 [Test worker] DEBUG com.github.dockerjava.zerodep.shaded.org.apache.hc.client5.http.headers - http-outgoing-2 << Content-Type: application/json
23:55:10.083 [Test worker] DEBUG com.github.dockerjava.zerodep.shaded.org.apache.hc.client5.http.headers - http-outgoing-2 << Date: Mon, 27 Mar 2023 02:55:10 GMT
23:55:10.083 [Test worker] DEBUG com.github.dockerjava.zerodep.shaded.org.apache.hc.client5.http.headers - http-outgoing-2 << Docker-Experimental: false
23:55:10.083 [Test worker] DEBUG com.github.dockerjava.zerodep.shaded.org.apache.hc.client5.http.headers - http-outgoing-2 << Ostype: linux
23:55:10.083 [Test worker] DEBUG com.github.dockerjava.zerodep.shaded.org.apache.hc.client5.http.headers - http-outgoing-2 << Server: Docker/20.10.21 (linux)
23:55:10.083 [Test worker] DEBUG com.github.dockerjava.zerodep.shaded.org.apache.hc.client5.http.headers - http-outgoing-2 << Transfer-Encoding: chunked
23:55:10.083 [Test worker] DEBUG com.github.dockerjava.zerodep.shaded.org.apache.hc.client5.http.impl.classic.MainClientExec - ex-00000048: connection can be kept alive for 3 MINUTES
23:55:10.084 [Test worker] DEBUG com.github.dockerjava.zerodep.shaded.org.apache.hc.client5.http.wire - http-outgoing-2 << "18c1[\r][\n]"
23:55:10.084 [Test worker] DEBUG com.github.dockerjava.zerodep.shaded.org.apache.hc.client5.http.wire - http-outgoing-2 << "{"Id":"c37a42694b7d1cff581f5e7b89a60b044af4721181408c271e821f1413201ca6","Created":"2023-03-27T02:55:02.49734542Z","Path":"docker-entrypoint.sh","Args":["mysqld"],"State":{"Status":"running","Running":true,"Paused":false,"Restarting":false,"OOMKilled":false,"Dead":false,"Pid":18342,"ExitCode":0,"Error":"","StartedAt":"2023-03-27T02:55:03.12719392Z","FinishedAt":"0001-01-01T00:00:00Z"},"Image":"sha256:c7c54c29e20dccc1aefb936c8eba8bb8b98b87a4921102aba87fde2df5810af9","ResolvConfPath":"/var/lib/docker/containers/c37a42694b7d1cff581f5e7b89a60b044af4721181408c271e821f1413201ca6/resolv.conf","HostnamePath":"/var/lib/docker/containers/c37a42694b7d1cff581f5e7b89a60b044af4721181408c271e821f1413201ca6/hostname","HostsPath":"/var/lib/docker/containers/c37a42694b7d1cff581f5e7b89a60b044af4721181408c271e821f1413201ca6/hosts","LogPath":"/var/lib/docker/containers/c37a42694b7d1cff581f5e7b89a60b044af4721181408c271e821f1413201ca6/c37a42694b7d1cff581f5e7b89a60b044af4721181408c271e821f1413201ca6-json.log","Name":"/elegant_mahavira","RestartCount":0,"Driver":"overlay2","Platform":"linux","MountLabel":"","ProcessLabel":"","AppArmorProfile":"","ExecIDs":null,"HostConfig":{"Binds":[],"ContainerIDFile":"","LogConfig":{"Type":"json-file","Config":{}},"NetworkMode":"default","PortBindings":{"3306/tcp":[{"HostIp":"0.0.0.0","HostPort":"0"}]},"RestartPolicy":{"Name":"","MaximumRetryCount":0},"AutoRemove":false,"VolumeDriver":"","VolumesFrom":[],"CapAdd":null,"CapDrop":null,"CgroupnsMode":"private","Dns":null,"DnsOptions":null,"DnsSearch":null,"ExtraHosts":[],"GroupAdd":null,"IpcMode":"shareable","Cgroup":"","Links":null,"OomScoreAdj":0,"PidMode":"","Privileged":false,"PublishAllPorts":false,"ReadonlyRootfs":false,"SecurityOpt":null,"UTSMode":"","UsernsMode":"","ShmSize":67108864,"Runtime":"runc","ConsoleSize":[0,0],"Isolation":"","CpuShares":0,"Memory":0,"NanoCpus":0,"CgroupParent":"","BlkioWeight":0,"BlkioWeightDevice":null,"BlkioDeviceReadBps":null,"BlkioDeviceWriteBps":null,"BlkioDeviceReadIOps":null,"BlkioDeviceWriteIOps":null,"CpuPeriod":0,"CpuQuota":0,"CpuRealtimePeriod":0,"CpuRealtimeRuntime":0,"CpusetCpus":"","CpusetMems":"","Devices":null,"DeviceCgroupRules":null,"DeviceRequests":null,"KernelMemory":0,"KernelMemoryTCP":0,"MemoryReservation":0,"MemorySwap":0,"MemorySwappiness":null,"OomKillDisable":null,"PidsLimit":null,"Ulimits":null,"CpuCount":0,"CpuPercent":0,"IOMaximumIOps":0,"IOMaximumBandwidth":0,"MaskedPaths":["/proc/asound","/proc/acpi","/proc/kcore","/proc/keys","/proc/latency_stats","/proc/timer_list","/proc/timer_stats","/proc/sched_debug","/proc/scsi","/sys/firmware"],"ReadonlyPaths":["/proc/bus","/proc/fs","/proc/irq","/proc/sys","/proc/sysrq-trigger"]},"GraphDriver":{"Data":{"LowerDir":"/var/lib/docker/overlay2/2c15a904a49807090175d7750f18e0f6a57e99c38a424839679cbaf676a4d500-init/diff:/var/lib/docker/overlay2/1bd8849d7a296305617011f940aa5cfabbe972a513397b1b6bbc27639b6c1f30/diff:/var/lib/docker/overlay2/199d69b2fbf78af4d4c95dec4fd2f8835ab0347eb49fb20ebb2ff3b99fedd6ad/diff:/var/lib/docker/overlay2/d83c38d654989311f75b9491329846033bfb7714de76ef635380dcfad5c740d9/diff:/var/lib/docker/overlay2/08600d0aea2ab2728bebcf5d2589c640a842f53d1ba3c4a4adccb4d03b923cf6/diff:/var/lib/docker/overlay2/9ec7c63a3fb14d13ac788bbf5e282ca821edc41260b79944e5e631037d13ecda/diff:/var/lib/docker/overlay2/db601d7a1b4ea6da638db620462f0da96fa55c559d02269c9ddb09027936ed87/diff:/var/lib/docker/overlay2/a6d2bd03f942e2565f21e74cfe152c7ec836a1c2b583f0790c685b92bdcfda24/diff:/var/lib/docker/overlay2/9badd16ea2c5e2bf1fde8b579683e41137dfc46ed5449234149f199a6751cc84/diff:/var/lib/docker/overlay2/6efb85646ed12e2d1181ef4cc6f6f6732c00c15a4035fe17ebc4f075ca573c30/diff:/var/lib/docker/overlay2/895d7c0ec09144d6ed33936f4e98e11c18010f7abd708cae1ce43aec7a7f2621/diff:/var/lib/docker/overlay2/1c4ba77aa573ab6e5e5069fd15eae71b3da940bde0f97a922a227ffc8a1d1096/diff","MergedDir":"/var/lib/docker/overlay2/2c15a904a49807090175d7750f18e0f6a57e99c38a424839679cbaf676a4d500/merged","UpperDir":"/var/lib/docker/overlay2/2c15a904a49807090175d7750f18e0f6a57e99c38a424839679cbaf676a4d500/diff","WorkDir":"/var/lib/docker/overlay2/2c15a904a49807090175d7750f18e0f6a57e99c38a424839679cbaf676a4d500/work"},"Name":"overlay2"},"Mounts":[{"Type":"volume","Name":"44a9389ce95a2961210e86afd6afe42b23405f43157b5dc00e010d283c01df79","Source":"/var/lib/docker/volumes/44a9389ce95a2961210e86afd6afe42b23405f43157b5dc00e010d283c01df79/_data","Destination":"/var/lib/mysql","Driver":"local","Mode":"","RW":true,"Propagation":""}],"Config":{"Hostname":"c37a42694b7d","Domainname":"","User":"","AttachStdin":false,"AttachStdout":false,"AttachStderr":false,"ExposedPorts":{"3306/tcp":{},"33060/tcp":{}},"Tty":false,"OpenStdin":false,"StdinOnce":false,"Env":["MYSQL_DATABASE=adm_videos","MYSQL_PASSWORD=123456","MYSQL_ROOT_PASSWORD=123456","PATH=/usr/local/sbin:/usr/local/bin:/usr/sbin:/usr/bin:/sbin:/bin","GOSU_VERSION=1.16","MYSQL_MAJOR=8.0","MYSQL_VERSION=8.0.32-1.el8","MYSQL_SHELL_VERSION=8.0.32-1.el8"],"Cmd":["mysqld"],"Image":"mysql:latest","Volumes":{"/var/lib/mysql":{}},"WorkingDir":"","Entrypoint":["docker-entrypoint.sh"],"OnBuild":null,"Labels":{"org.testcontainers":"true","org.testcontainers.lang":"java","org.testcontainers.sessionId":"818a13d9-e138-4e41-b5a4-74fd927e6a2d","org.testcontainers.version":"1.17.6"}},"NetworkSettings":{"Bridge":"","SandboxID":"bd1f3a626f226e407a1a406212013b21c93b302c93f9fd53a405b7fc5ff825b3","HairpinMode":false,"LinkLocalIPv6Address":"","LinkLocalIPv6PrefixLen":0,"Ports":{"3306/tcp":[{"HostIp":"0.0.0.0","HostPort":"56289"}],"33060/tcp":null},"SandboxKey":"/var/run/docker/netns/bd1f3a626f22","SecondaryIPAddresses":null,"SecondaryIPv6Addresses":null,"EndpointID":"a2b725c0c5ce4503f8e45e0c2adc4455b29a53a4866d3f23b2bce893a084641f","Gateway":"172.17.0.1","GlobalIPv6Address":"","GlobalIPv6PrefixLen":0,"IPAddress":"172.17.0.3","IPPrefixLen":16,"IPv6Gateway":"","MacAddress":"02:42:ac:11:00:03","Networks":{"bridge":{"IPAMConfig":null,"Links":null,"Aliases":null,"NetworkID":"308e234c143065751b16b4500cb9f48d5c7fc2116504b3d816a5e51cd4771062","EndpointID":"a2b725c0c5ce4503f8e45e0c2adc4455b29a53a4866d3f23b2bce893a084641f","Gateway":"172.17.0.1","IPAddress":"172.17.0.3","IPPrefixLen":16,"IPv6Gateway":"","GlobalIPv6Address":"","GlobalIPv6PrefixLen":0,"MacAddress":"02:42:ac:11:00:03","DriverOpts":null}}}}[\n]"
23:55:10.084 [Test worker] DEBUG com.github.dockerjava.zerodep.shaded.org.apache.hc.client5.http.wire - http-outgoing-2 << "[\r][\n]"
23:55:10.085 [Test worker] DEBUG com.github.dockerjava.zerodep.shaded.org.apache.hc.client5.http.wire - http-outgoing-2 << "0[\r][\n]"
23:55:10.086 [Test worker] DEBUG com.github.dockerjava.zerodep.shaded.org.apache.hc.client5.http.wire - http-outgoing-2 << "[\r][\n]"
23:55:10.086 [Test worker] DEBUG com.github.dockerjava.zerodep.shaded.org.apache.hc.client5.http.impl.classic.InternalHttpClient - ep-00000047: releasing valid endpoint
23:55:10.086 [Test worker] DEBUG com.github.dockerjava.zerodep.shaded.org.apache.hc.client5.http.impl.io.PoolingHttpClientConnectionManager - ep-00000047: releasing endpoint
23:55:10.086 [Test worker] DEBUG com.github.dockerjava.zerodep.shaded.org.apache.hc.client5.http.impl.io.PoolingHttpClientConnectionManager - ep-00000047: connection http-outgoing-2 can be kept alive for 3 MINUTES
23:55:10.086 [Test worker] DEBUG com.github.dockerjava.zerodep.shaded.org.apache.hc.client5.http.impl.io.PoolingHttpClientConnectionManager - ep-00000047: connection released [route: {}->unix://localhost:2375][total available: 1; route allocated: 1 of 2147483647; total allocated: 1 of 2147483647]
23:55:10.086 [Test worker] DEBUG ]]>&#x1f433;<![CDATA[ [mysql:latest] - Trying to create JDBC connection using com.mysql.cj.jdbc.Driver to jdbc:mysql://localhost:56289/adm_videos?useSSL=false&allowPublicKeyRetrieval=true with properties: {password=123456, user=root}
23:55:10.192 [Test worker] DEBUG org.testcontainers.shaded.com.github.dockerjava.core.command.AbstrDockerCmd - Cmd: c37a42694b7d1cff581f5e7b89a60b044af4721181408c271e821f1413201ca6,false
23:55:10.192 [Test worker] DEBUG org.testcontainers.shaded.com.github.dockerjava.core.exec.InspectContainerCmdExec - GET: DefaultWebTarget{path=[/containers/c37a42694b7d1cff581f5e7b89a60b044af4721181408c271e821f1413201ca6/json], queryParams={}}
23:55:10.192 [Test worker] DEBUG com.github.dockerjava.zerodep.shaded.org.apache.hc.client5.http.impl.classic.InternalHttpClient - ex-00000049: preparing request execution
23:55:10.192 [Test worker] DEBUG com.github.dockerjava.zerodep.shaded.org.apache.hc.client5.http.protocol.RequestAddCookies - Cookie spec selected: strict
23:55:10.192 [Test worker] DEBUG com.github.dockerjava.zerodep.shaded.org.apache.hc.client5.http.protocol.RequestAuthCache - Auth cache not set in the context
23:55:10.192 [Test worker] DEBUG com.github.dockerjava.zerodep.shaded.org.apache.hc.client5.http.impl.classic.ProtocolExec - ex-00000049: target auth state: UNCHALLENGED
23:55:10.192 [Test worker] DEBUG com.github.dockerjava.zerodep.shaded.org.apache.hc.client5.http.impl.classic.ProtocolExec - ex-00000049: proxy auth state: UNCHALLENGED
23:55:10.193 [Test worker] DEBUG com.github.dockerjava.zerodep.shaded.org.apache.hc.client5.http.impl.classic.ConnectExec - ex-00000049: acquiring connection with route {}->unix://localhost:2375
23:55:10.193 [Test worker] DEBUG com.github.dockerjava.zerodep.shaded.org.apache.hc.client5.http.impl.classic.InternalHttpClient - ex-00000049: acquiring endpoint (3 MINUTES)
23:55:10.193 [Test worker] DEBUG com.github.dockerjava.zerodep.shaded.org.apache.hc.client5.http.impl.io.PoolingHttpClientConnectionManager - ex-00000049: endpoint lease request (3 MINUTES) [route: {}->unix://localhost:2375][total available: 1; route allocated: 1 of 2147483647; total allocated: 1 of 2147483647]
23:55:10.193 [Test worker] DEBUG com.github.dockerjava.zerodep.shaded.org.apache.hc.client5.http.impl.io.PoolingHttpClientConnectionManager - ex-00000049: endpoint leased [route: {}->unix://localhost:2375][total available: 0; route allocated: 1 of 2147483647; total allocated: 1 of 2147483647]
23:55:10.193 [Test worker] DEBUG com.github.dockerjava.zerodep.shaded.org.apache.hc.client5.http.impl.io.PoolingHttpClientConnectionManager - ex-00000049: acquired ep-00000048
23:55:10.193 [Test worker] DEBUG com.github.dockerjava.zerodep.shaded.org.apache.hc.client5.http.impl.classic.InternalHttpClient - ex-00000049: acquired endpoint ep-00000048
23:55:10.193 [Test worker] DEBUG com.github.dockerjava.zerodep.shaded.org.apache.hc.client5.http.impl.classic.MainClientExec - ex-00000049: executing GET /v1.32/containers/c37a42694b7d1cff581f5e7b89a60b044af4721181408c271e821f1413201ca6/json HTTP/1.1
23:55:10.193 [Test worker] DEBUG com.github.dockerjava.zerodep.shaded.org.apache.hc.client5.http.impl.classic.InternalHttpClient - ep-00000048: start execution ex-00000049
23:55:10.193 [Test worker] DEBUG com.github.dockerjava.zerodep.shaded.org.apache.hc.client5.http.impl.io.PoolingHttpClientConnectionManager - ep-00000048: executing exchange ex-00000049 over http-outgoing-2
23:55:10.193 [Test worker] DEBUG com.github.dockerjava.zerodep.shaded.org.apache.hc.client5.http.headers - http-outgoing-2 >> GET /v1.32/containers/c37a42694b7d1cff581f5e7b89a60b044af4721181408c271e821f1413201ca6/json HTTP/1.1
23:55:10.193 [Test worker] DEBUG com.github.dockerjava.zerodep.shaded.org.apache.hc.client5.http.headers - http-outgoing-2 >> accept: application/json
23:55:10.193 [Test worker] DEBUG com.github.dockerjava.zerodep.shaded.org.apache.hc.client5.http.headers - http-outgoing-2 >> x-tc-sid: 818a13d9-e138-4e41-b5a4-74fd927e6a2d
23:55:10.193 [Test worker] DEBUG com.github.dockerjava.zerodep.shaded.org.apache.hc.client5.http.headers - http-outgoing-2 >> Accept-Encoding: gzip, x-gzip, deflate
23:55:10.193 [Test worker] DEBUG com.github.dockerjava.zerodep.shaded.org.apache.hc.client5.http.headers - http-outgoing-2 >> Host: localhost:2375
23:55:10.193 [Test worker] DEBUG com.github.dockerjava.zerodep.shaded.org.apache.hc.client5.http.headers - http-outgoing-2 >> Connection: keep-alive
23:55:10.193 [Test worker] DEBUG com.github.dockerjava.zerodep.shaded.org.apache.hc.client5.http.headers - http-outgoing-2 >> User-Agent: Apache-HttpClient/5.0.3 (Java/17.0.2)
23:55:10.193 [Test worker] DEBUG com.github.dockerjava.zerodep.shaded.org.apache.hc.client5.http.wire - http-outgoing-2 >> "GET /v1.32/containers/c37a42694b7d1cff581f5e7b89a60b044af4721181408c271e821f1413201ca6/json HTTP/1.1[\r][\n]"
23:55:10.193 [Test worker] DEBUG com.github.dockerjava.zerodep.shaded.org.apache.hc.client5.http.wire - http-outgoing-2 >> "accept: application/json[\r][\n]"
23:55:10.193 [Test worker] DEBUG com.github.dockerjava.zerodep.shaded.org.apache.hc.client5.http.wire - http-outgoing-2 >> "x-tc-sid: 818a13d9-e138-4e41-b5a4-74fd927e6a2d[\r][\n]"
23:55:10.193 [Test worker] DEBUG com.github.dockerjava.zerodep.shaded.org.apache.hc.client5.http.wire - http-outgoing-2 >> "Accept-Encoding: gzip, x-gzip, deflate[\r][\n]"
23:55:10.193 [Test worker] DEBUG com.github.dockerjava.zerodep.shaded.org.apache.hc.client5.http.wire - http-outgoing-2 >> "Host: localhost:2375[\r][\n]"
23:55:10.193 [Test worker] DEBUG com.github.dockerjava.zerodep.shaded.org.apache.hc.client5.http.wire - http-outgoing-2 >> "Connection: keep-alive[\r][\n]"
23:55:10.193 [Test worker] DEBUG com.github.dockerjava.zerodep.shaded.org.apache.hc.client5.http.wire - http-outgoing-2 >> "User-Agent: Apache-HttpClient/5.0.3 (Java/17.0.2)[\r][\n]"
23:55:10.193 [Test worker] DEBUG com.github.dockerjava.zerodep.shaded.org.apache.hc.client5.http.wire - http-outgoing-2 >> "[\r][\n]"
23:55:10.195 [Test worker] DEBUG com.github.dockerjava.zerodep.shaded.org.apache.hc.client5.http.wire - http-outgoing-2 << "HTTP/1.1 200 OK[\r][\n]"
23:55:10.195 [Test worker] DEBUG com.github.dockerjava.zerodep.shaded.org.apache.hc.client5.http.wire - http-outgoing-2 << "Api-Version: 1.41[\r][\n]"
23:55:10.195 [Test worker] DEBUG com.github.dockerjava.zerodep.shaded.org.apache.hc.client5.http.wire - http-outgoing-2 << "Content-Type: application/json[\r][\n]"
23:55:10.195 [Test worker] DEBUG com.github.dockerjava.zerodep.shaded.org.apache.hc.client5.http.wire - http-outgoing-2 << "Date: Mon, 27 Mar 2023 02:55:10 GMT[\r][\n]"
23:55:10.195 [Test worker] DEBUG com.github.dockerjava.zerodep.shaded.org.apache.hc.client5.http.wire - http-outgoing-2 << "Docker-Experimental: false[\r][\n]"
23:55:10.195 [Test worker] DEBUG com.github.dockerjava.zerodep.shaded.org.apache.hc.client5.http.wire - http-outgoing-2 << "Ostype: linux[\r][\n]"
23:55:10.195 [Test worker] DEBUG com.github.dockerjava.zerodep.shaded.org.apache.hc.client5.http.wire - http-outgoing-2 << "Server: Docker/20.10.21 (linux)[\r][\n]"
23:55:10.195 [Test worker] DEBUG com.github.dockerjava.zerodep.shaded.org.apache.hc.client5.http.wire - http-outgoing-2 << "Transfer-Encoding: chunked[\r][\n]"
23:55:10.195 [Test worker] DEBUG com.github.dockerjava.zerodep.shaded.org.apache.hc.client5.http.wire - http-outgoing-2 << "[\r][\n]"
23:55:10.195 [Test worker] DEBUG com.github.dockerjava.zerodep.shaded.org.apache.hc.client5.http.headers - http-outgoing-2 << HTTP/1.1 200 OK
23:55:10.195 [Test worker] DEBUG com.github.dockerjava.zerodep.shaded.org.apache.hc.client5.http.headers - http-outgoing-2 << Api-Version: 1.41
23:55:10.195 [Test worker] DEBUG com.github.dockerjava.zerodep.shaded.org.apache.hc.client5.http.headers - http-outgoing-2 << Content-Type: application/json
23:55:10.195 [Test worker] DEBUG com.github.dockerjava.zerodep.shaded.org.apache.hc.client5.http.headers - http-outgoing-2 << Date: Mon, 27 Mar 2023 02:55:10 GMT
23:55:10.195 [Test worker] DEBUG com.github.dockerjava.zerodep.shaded.org.apache.hc.client5.http.headers - http-outgoing-2 << Docker-Experimental: false
23:55:10.195 [Test worker] DEBUG com.github.dockerjava.zerodep.shaded.org.apache.hc.client5.http.headers - http-outgoing-2 << Ostype: linux
23:55:10.195 [Test worker] DEBUG com.github.dockerjava.zerodep.shaded.org.apache.hc.client5.http.headers - http-outgoing-2 << Server: Docker/20.10.21 (linux)
23:55:10.195 [Test worker] DEBUG com.github.dockerjava.zerodep.shaded.org.apache.hc.client5.http.headers - http-outgoing-2 << Transfer-Encoding: chunked
23:55:10.195 [Test worker] DEBUG com.github.dockerjava.zerodep.shaded.org.apache.hc.client5.http.impl.classic.MainClientExec - ex-00000049: connection can be kept alive for 3 MINUTES
23:55:10.196 [Test worker] DEBUG com.github.dockerjava.zerodep.shaded.org.apache.hc.client5.http.wire - http-outgoing-2 << "18c1[\r][\n]"
23:55:10.196 [Test worker] DEBUG com.github.dockerjava.zerodep.shaded.org.apache.hc.client5.http.wire - http-outgoing-2 << "{"Id":"c37a42694b7d1cff581f5e7b89a60b044af4721181408c271e821f1413201ca6","Created":"2023-03-27T02:55:02.49734542Z","Path":"docker-entrypoint.sh","Args":["mysqld"],"State":{"Status":"running","Running":true,"Paused":false,"Restarting":false,"OOMKilled":false,"Dead":false,"Pid":18342,"ExitCode":0,"Error":"","StartedAt":"2023-03-27T02:55:03.12719392Z","FinishedAt":"0001-01-01T00:00:00Z"},"Image":"sha256:c7c54c29e20dccc1aefb936c8eba8bb8b98b87a4921102aba87fde2df5810af9","ResolvConfPath":"/var/lib/docker/containers/c37a42694b7d1cff581f5e7b89a60b044af4721181408c271e821f1413201ca6/resolv.conf","HostnamePath":"/var/lib/docker/containers/c37a42694b7d1cff581f5e7b89a60b044af4721181408c271e821f1413201ca6/hostname","HostsPath":"/var/lib/docker/containers/c37a42694b7d1cff581f5e7b89a60b044af4721181408c271e821f1413201ca6/hosts","LogPath":"/var/lib/docker/containers/c37a42694b7d1cff581f5e7b89a60b044af4721181408c271e821f1413201ca6/c37a42694b7d1cff581f5e7b89a60b044af4721181408c271e821f1413201ca6-json.log","Name":"/elegant_mahavira","RestartCount":0,"Driver":"overlay2","Platform":"linux","MountLabel":"","ProcessLabel":"","AppArmorProfile":"","ExecIDs":null,"HostConfig":{"Binds":[],"ContainerIDFile":"","LogConfig":{"Type":"json-file","Config":{}},"NetworkMode":"default","PortBindings":{"3306/tcp":[{"HostIp":"0.0.0.0","HostPort":"0"}]},"RestartPolicy":{"Name":"","MaximumRetryCount":0},"AutoRemove":false,"VolumeDriver":"","VolumesFrom":[],"CapAdd":null,"CapDrop":null,"CgroupnsMode":"private","Dns":null,"DnsOptions":null,"DnsSearch":null,"ExtraHosts":[],"GroupAdd":null,"IpcMode":"shareable","Cgroup":"","Links":null,"OomScoreAdj":0,"PidMode":"","Privileged":false,"PublishAllPorts":false,"ReadonlyRootfs":false,"SecurityOpt":null,"UTSMode":"","UsernsMode":"","ShmSize":67108864,"Runtime":"runc","ConsoleSize":[0,0],"Isolation":"","CpuShares":0,"Memory":0,"NanoCpus":0,"CgroupParent":"","BlkioWeight":0,"BlkioWeightDevice":null,"BlkioDeviceReadBps":null,"BlkioDeviceWriteBps":null,"BlkioDeviceReadIOps":null,"BlkioDeviceWriteIOps":null,"CpuPeriod":0,"CpuQuota":0,"CpuRealtimePeriod":0,"CpuRealtimeRuntime":0,"CpusetCpus":"","CpusetMems":"","Devices":null,"DeviceCgroupRules":null,"DeviceRequests":null,"KernelMemory":0,"KernelMemoryTCP":0,"MemoryReservation":0,"MemorySwap":0,"MemorySwappiness":null,"OomKillDisable":null,"PidsLimit":null,"Ulimits":null,"CpuCount":0,"CpuPercent":0,"IOMaximumIOps":0,"IOMaximumBandwidth":0,"MaskedPaths":["/proc/asound","/proc/acpi","/proc/kcore","/proc/keys","/proc/latency_stats","/proc/timer_list","/proc/timer_stats","/proc/sched_debug","/proc/scsi","/sys/firmware"],"ReadonlyPaths":["/proc/bus","/proc/fs","/proc/irq","/proc/sys","/proc/sysrq-trigger"]},"GraphDriver":{"Data":{"LowerDir":"/var/lib/docker/overlay2/2c15a904a49807090175d7750f18e0f6a57e99c38a424839679cbaf676a4d500-init/diff:/var/lib/docker/overlay2/1bd8849d7a296305617011f940aa5cfabbe972a513397b1b6bbc27639b6c1f30/diff:/var/lib/docker/overlay2/199d69b2fbf78af4d4c95dec4fd2f8835ab0347eb49fb20ebb2ff3b99fedd6ad/diff:/var/lib/docker/overlay2/d83c38d654989311f75b9491329846033bfb7714de76ef635380dcfad5c740d9/diff:/var/lib/docker/overlay2/08600d0aea2ab2728bebcf5d2589c640a842f53d1ba3c4a4adccb4d03b923cf6/diff:/var/lib/docker/overlay2/9ec7c63a3fb14d13ac788bbf5e282ca821edc41260b79944e5e631037d13ecda/diff:/var/lib/docker/overlay2/db601d7a1b4ea6da638db620462f0da96fa55c559d02269c9ddb09027936ed87/diff:/var/lib/docker/overlay2/a6d2bd03f942e2565f21e74cfe152c7ec836a1c2b583f0790c685b92bdcfda24/diff:/var/lib/docker/overlay2/9badd16ea2c5e2bf1fde8b579683e41137dfc46ed5449234149f199a6751cc84/diff:/var/lib/docker/overlay2/6efb85646ed12e2d1181ef4cc6f6f6732c00c15a4035fe17ebc4f075ca573c30/diff:/var/lib/docker/overlay2/895d7c0ec09144d6ed33936f4e98e11c18010f7abd708cae1ce43aec7a7f2621/diff:/var/lib/docker/overlay2/1c4ba77aa573ab6e5e5069fd15eae71b3da940bde0f97a922a227ffc8a1d1096/diff","MergedDir":"/var/lib/docker/overlay2/2c15a904a49807090175d7750f18e0f6a57e99c38a424839679cbaf676a4d500/merged","UpperDir":"/var/lib/docker/overlay2/2c15a904a49807090175d7750f18e0f6a57e99c38a424839679cbaf676a4d500/diff","WorkDir":"/var/lib/docker/overlay2/2c15a904a49807090175d7750f18e0f6a57e99c38a424839679cbaf676a4d500/work"},"Name":"overlay2"},"Mounts":[{"Type":"volume","Name":"44a9389ce95a2961210e86afd6afe42b23405f43157b5dc00e010d283c01df79","Source":"/var/lib/docker/volumes/44a9389ce95a2961210e86afd6afe42b23405f43157b5dc00e010d283c01df79/_data","Destination":"/var/lib/mysql","Driver":"local","Mode":"","RW":true,"Propagation":""}],"Config":{"Hostname":"c37a42694b7d","Domainname":"","User":"","AttachStdin":false,"AttachStdout":false,"AttachStderr":false,"ExposedPorts":{"3306/tcp":{},"33060/tcp":{}},"Tty":false,"OpenStdin":false,"StdinOnce":false,"Env":["MYSQL_DATABASE=adm_videos","MYSQL_PASSWORD=123456","MYSQL_ROOT_PASSWORD=123456","PATH=/usr/local/sbin:/usr/local/bin:/usr/sbin:/usr/bin:/sbin:/bin","GOSU_VERSION=1.16","MYSQL_MAJOR=8.0","MYSQL_VERSION=8.0.32-1.el8","MYSQL_SHELL_VERSION=8.0.32-1.el8"],"Cmd":["mysqld"],"Image":"mysql:latest","Volumes":{"/var/lib/mysql":{}},"WorkingDir":"","Entrypoint":["docker-entrypoint.sh"],"OnBuild":null,"Labels":{"org.testcontainers":"true","org.testcontainers.lang":"java","org.testcontainers.sessionId":"818a13d9-e138-4e41-b5a4-74fd927e6a2d","org.testcontainers.version":"1.17.6"}},"NetworkSettings":{"Bridge":"","SandboxID":"bd1f3a626f226e407a1a406212013b21c93b302c93f9fd53a405b7fc5ff825b3","HairpinMode":false,"LinkLocalIPv6Address":"","LinkLocalIPv6PrefixLen":0,"Ports":{"3306/tcp":[{"HostIp":"0.0.0.0","HostPort":"56289"}],"33060/tcp":null},"SandboxKey":"/var/run/docker/netns/bd1f3a626f22","SecondaryIPAddresses":null,"SecondaryIPv6Addresses":null,"EndpointID":"a2b725c0c5ce4503f8e45e0c2adc4455b29a53a4866d3f23b2bce893a084641f","Gateway":"172.17.0.1","GlobalIPv6Address":"","GlobalIPv6PrefixLen":0,"IPAddress":"172.17.0.3","IPPrefixLen":16,"IPv6Gateway":"","MacAddress":"02:42:ac:11:00:03","Networks":{"bridge":{"IPAMConfig":null,"Links":null,"Aliases":null,"NetworkID":"308e234c143065751b16b4500cb9f48d5c7fc2116504b3d816a5e51cd4771062","EndpointID":"a2b725c0c5ce4503f8e45e0c2adc4455b29a53a4866d3f23b2bce893a084641f","Gateway":"172.17.0.1","IPAddress":"172.17.0.3","IPPrefixLen":16,"IPv6Gateway":"","GlobalIPv6Address":"","GlobalIPv6PrefixLen":0,"MacAddress":"02:42:ac:11:00:03","DriverOpts":null}}}}[\n]"
23:55:10.197 [Test worker] DEBUG com.github.dockerjava.zerodep.shaded.org.apache.hc.client5.http.wire - http-outgoing-2 << "[\r][\n]"
23:55:10.197 [Test worker] DEBUG com.github.dockerjava.zerodep.shaded.org.apache.hc.client5.http.wire - http-outgoing-2 << "0[\r][\n]"
23:55:10.197 [Test worker] DEBUG com.github.dockerjava.zerodep.shaded.org.apache.hc.client5.http.wire - http-outgoing-2 << "[\r][\n]"
23:55:10.197 [Test worker] DEBUG com.github.dockerjava.zerodep.shaded.org.apache.hc.client5.http.impl.classic.InternalHttpClient - ep-00000048: releasing valid endpoint
23:55:10.197 [Test worker] DEBUG com.github.dockerjava.zerodep.shaded.org.apache.hc.client5.http.impl.io.PoolingHttpClientConnectionManager - ep-00000048: releasing endpoint
23:55:10.197 [Test worker] DEBUG com.github.dockerjava.zerodep.shaded.org.apache.hc.client5.http.impl.io.PoolingHttpClientConnectionManager - ep-00000048: connection http-outgoing-2 can be kept alive for 3 MINUTES
23:55:10.197 [Test worker] DEBUG com.github.dockerjava.zerodep.shaded.org.apache.hc.client5.http.impl.io.PoolingHttpClientConnectionManager - ep-00000048: connection released [route: {}->unix://localhost:2375][total available: 1; route allocated: 1 of 2147483647; total allocated: 1 of 2147483647]
23:55:10.197 [Test worker] DEBUG ]]>&#x1f433;<![CDATA[ [mysql:latest] - Trying to create JDBC connection using com.mysql.cj.jdbc.Driver to jdbc:mysql://localhost:56289/adm_videos?useSSL=false&allowPublicKeyRetrieval=true with properties: {password=123456, user=root}
23:55:10.301 [Test worker] DEBUG org.testcontainers.shaded.com.github.dockerjava.core.command.AbstrDockerCmd - Cmd: c37a42694b7d1cff581f5e7b89a60b044af4721181408c271e821f1413201ca6,false
23:55:10.301 [Test worker] DEBUG org.testcontainers.shaded.com.github.dockerjava.core.exec.InspectContainerCmdExec - GET: DefaultWebTarget{path=[/containers/c37a42694b7d1cff581f5e7b89a60b044af4721181408c271e821f1413201ca6/json], queryParams={}}
23:55:10.301 [Test worker] DEBUG com.github.dockerjava.zerodep.shaded.org.apache.hc.client5.http.impl.classic.InternalHttpClient - ex-0000004A: preparing request execution
23:55:10.301 [Test worker] DEBUG com.github.dockerjava.zerodep.shaded.org.apache.hc.client5.http.protocol.RequestAddCookies - Cookie spec selected: strict
23:55:10.301 [Test worker] DEBUG com.github.dockerjava.zerodep.shaded.org.apache.hc.client5.http.protocol.RequestAuthCache - Auth cache not set in the context
23:55:10.301 [Test worker] DEBUG com.github.dockerjava.zerodep.shaded.org.apache.hc.client5.http.impl.classic.ProtocolExec - ex-0000004A: target auth state: UNCHALLENGED
23:55:10.301 [Test worker] DEBUG com.github.dockerjava.zerodep.shaded.org.apache.hc.client5.http.impl.classic.ProtocolExec - ex-0000004A: proxy auth state: UNCHALLENGED
23:55:10.301 [Test worker] DEBUG com.github.dockerjava.zerodep.shaded.org.apache.hc.client5.http.impl.classic.ConnectExec - ex-0000004A: acquiring connection with route {}->unix://localhost:2375
23:55:10.301 [Test worker] DEBUG com.github.dockerjava.zerodep.shaded.org.apache.hc.client5.http.impl.classic.InternalHttpClient - ex-0000004A: acquiring endpoint (3 MINUTES)
23:55:10.302 [Test worker] DEBUG com.github.dockerjava.zerodep.shaded.org.apache.hc.client5.http.impl.io.PoolingHttpClientConnectionManager - ex-0000004A: endpoint lease request (3 MINUTES) [route: {}->unix://localhost:2375][total available: 1; route allocated: 1 of 2147483647; total allocated: 1 of 2147483647]
23:55:10.302 [Test worker] DEBUG com.github.dockerjava.zerodep.shaded.org.apache.hc.client5.http.impl.io.PoolingHttpClientConnectionManager - ex-0000004A: endpoint leased [route: {}->unix://localhost:2375][total available: 0; route allocated: 1 of 2147483647; total allocated: 1 of 2147483647]
23:55:10.302 [Test worker] DEBUG com.github.dockerjava.zerodep.shaded.org.apache.hc.client5.http.impl.io.PoolingHttpClientConnectionManager - ex-0000004A: acquired ep-00000049
23:55:10.302 [Test worker] DEBUG com.github.dockerjava.zerodep.shaded.org.apache.hc.client5.http.impl.classic.InternalHttpClient - ex-0000004A: acquired endpoint ep-00000049
23:55:10.302 [Test worker] DEBUG com.github.dockerjava.zerodep.shaded.org.apache.hc.client5.http.impl.classic.MainClientExec - ex-0000004A: executing GET /v1.32/containers/c37a42694b7d1cff581f5e7b89a60b044af4721181408c271e821f1413201ca6/json HTTP/1.1
23:55:10.302 [Test worker] DEBUG com.github.dockerjava.zerodep.shaded.org.apache.hc.client5.http.impl.classic.InternalHttpClient - ep-00000049: start execution ex-0000004A
23:55:10.302 [Test worker] DEBUG com.github.dockerjava.zerodep.shaded.org.apache.hc.client5.http.impl.io.PoolingHttpClientConnectionManager - ep-00000049: executing exchange ex-0000004A over http-outgoing-2
23:55:10.302 [Test worker] DEBUG com.github.dockerjava.zerodep.shaded.org.apache.hc.client5.http.headers - http-outgoing-2 >> GET /v1.32/containers/c37a42694b7d1cff581f5e7b89a60b044af4721181408c271e821f1413201ca6/json HTTP/1.1
23:55:10.302 [Test worker] DEBUG com.github.dockerjava.zerodep.shaded.org.apache.hc.client5.http.headers - http-outgoing-2 >> accept: application/json
23:55:10.302 [Test worker] DEBUG com.github.dockerjava.zerodep.shaded.org.apache.hc.client5.http.headers - http-outgoing-2 >> x-tc-sid: 818a13d9-e138-4e41-b5a4-74fd927e6a2d
23:55:10.302 [Test worker] DEBUG com.github.dockerjava.zerodep.shaded.org.apache.hc.client5.http.headers - http-outgoing-2 >> Accept-Encoding: gzip, x-gzip, deflate
23:55:10.302 [Test worker] DEBUG com.github.dockerjava.zerodep.shaded.org.apache.hc.client5.http.headers - http-outgoing-2 >> Host: localhost:2375
23:55:10.302 [Test worker] DEBUG com.github.dockerjava.zerodep.shaded.org.apache.hc.client5.http.headers - http-outgoing-2 >> Connection: keep-alive
23:55:10.302 [Test worker] DEBUG com.github.dockerjava.zerodep.shaded.org.apache.hc.client5.http.headers - http-outgoing-2 >> User-Agent: Apache-HttpClient/5.0.3 (Java/17.0.2)
23:55:10.302 [Test worker] DEBUG com.github.dockerjava.zerodep.shaded.org.apache.hc.client5.http.wire - http-outgoing-2 >> "GET /v1.32/containers/c37a42694b7d1cff581f5e7b89a60b044af4721181408c271e821f1413201ca6/json HTTP/1.1[\r][\n]"
23:55:10.302 [Test worker] DEBUG com.github.dockerjava.zerodep.shaded.org.apache.hc.client5.http.wire - http-outgoing-2 >> "accept: application/json[\r][\n]"
23:55:10.302 [Test worker] DEBUG com.github.dockerjava.zerodep.shaded.org.apache.hc.client5.http.wire - http-outgoing-2 >> "x-tc-sid: 818a13d9-e138-4e41-b5a4-74fd927e6a2d[\r][\n]"
23:55:10.302 [Test worker] DEBUG com.github.dockerjava.zerodep.shaded.org.apache.hc.client5.http.wire - http-outgoing-2 >> "Accept-Encoding: gzip, x-gzip, deflate[\r][\n]"
23:55:10.302 [Test worker] DEBUG com.github.dockerjava.zerodep.shaded.org.apache.hc.client5.http.wire - http-outgoing-2 >> "Host: localhost:2375[\r][\n]"
23:55:10.302 [Test worker] DEBUG com.github.dockerjava.zerodep.shaded.org.apache.hc.client5.http.wire - http-outgoing-2 >> "Connection: keep-alive[\r][\n]"
23:55:10.302 [Test worker] DEBUG com.github.dockerjava.zerodep.shaded.org.apache.hc.client5.http.wire - http-outgoing-2 >> "User-Agent: Apache-HttpClient/5.0.3 (Java/17.0.2)[\r][\n]"
23:55:10.302 [Test worker] DEBUG com.github.dockerjava.zerodep.shaded.org.apache.hc.client5.http.wire - http-outgoing-2 >> "[\r][\n]"
23:55:10.304 [Test worker] DEBUG com.github.dockerjava.zerodep.shaded.org.apache.hc.client5.http.wire - http-outgoing-2 << "HTTP/1.1 200 OK[\r][\n]"
23:55:10.304 [Test worker] DEBUG com.github.dockerjava.zerodep.shaded.org.apache.hc.client5.http.wire - http-outgoing-2 << "Api-Version: 1.41[\r][\n]"
23:55:10.304 [Test worker] DEBUG com.github.dockerjava.zerodep.shaded.org.apache.hc.client5.http.wire - http-outgoing-2 << "Content-Type: application/json[\r][\n]"
23:55:10.304 [Test worker] DEBUG com.github.dockerjava.zerodep.shaded.org.apache.hc.client5.http.wire - http-outgoing-2 << "Date: Mon, 27 Mar 2023 02:55:10 GMT[\r][\n]"
23:55:10.304 [Test worker] DEBUG com.github.dockerjava.zerodep.shaded.org.apache.hc.client5.http.wire - http-outgoing-2 << "Docker-Experimental: false[\r][\n]"
23:55:10.304 [Test worker] DEBUG com.github.dockerjava.zerodep.shaded.org.apache.hc.client5.http.wire - http-outgoing-2 << "Ostype: linux[\r][\n]"
23:55:10.304 [Test worker] DEBUG com.github.dockerjava.zerodep.shaded.org.apache.hc.client5.http.wire - http-outgoing-2 << "Server: Docker/20.10.21 (linux)[\r][\n]"
23:55:10.304 [Test worker] DEBUG com.github.dockerjava.zerodep.shaded.org.apache.hc.client5.http.wire - http-outgoing-2 << "Transfer-Encoding: chunked[\r][\n]"
23:55:10.304 [Test worker] DEBUG com.github.dockerjava.zerodep.shaded.org.apache.hc.client5.http.wire - http-outgoing-2 << "[\r][\n]"
23:55:10.304 [Test worker] DEBUG com.github.dockerjava.zerodep.shaded.org.apache.hc.client5.http.headers - http-outgoing-2 << HTTP/1.1 200 OK
23:55:10.304 [Test worker] DEBUG com.github.dockerjava.zerodep.shaded.org.apache.hc.client5.http.headers - http-outgoing-2 << Api-Version: 1.41
23:55:10.304 [Test worker] DEBUG com.github.dockerjava.zerodep.shaded.org.apache.hc.client5.http.headers - http-outgoing-2 << Content-Type: application/json
23:55:10.304 [Test worker] DEBUG com.github.dockerjava.zerodep.shaded.org.apache.hc.client5.http.headers - http-outgoing-2 << Date: Mon, 27 Mar 2023 02:55:10 GMT
23:55:10.304 [Test worker] DEBUG com.github.dockerjava.zerodep.shaded.org.apache.hc.client5.http.headers - http-outgoing-2 << Docker-Experimental: false
23:55:10.304 [Test worker] DEBUG com.github.dockerjava.zerodep.shaded.org.apache.hc.client5.http.headers - http-outgoing-2 << Ostype: linux
23:55:10.304 [Test worker] DEBUG com.github.dockerjava.zerodep.shaded.org.apache.hc.client5.http.headers - http-outgoing-2 << Server: Docker/20.10.21 (linux)
23:55:10.304 [Test worker] DEBUG com.github.dockerjava.zerodep.shaded.org.apache.hc.client5.http.headers - http-outgoing-2 << Transfer-Encoding: chunked
23:55:10.305 [Test worker] DEBUG com.github.dockerjava.zerodep.shaded.org.apache.hc.client5.http.impl.classic.MainClientExec - ex-0000004A: connection can be kept alive for 3 MINUTES
23:55:10.306 [Test worker] DEBUG com.github.dockerjava.zerodep.shaded.org.apache.hc.client5.http.wire - http-outgoing-2 << "18c1[\r][\n]"
23:55:10.306 [Test worker] DEBUG com.github.dockerjava.zerodep.shaded.org.apache.hc.client5.http.wire - http-outgoing-2 << "{"Id":"c37a42694b7d1cff581f5e7b89a60b044af4721181408c271e821f1413201ca6","Created":"2023-03-27T02:55:02.49734542Z","Path":"docker-entrypoint.sh","Args":["mysqld"],"State":{"Status":"running","Running":true,"Paused":false,"Restarting":false,"OOMKilled":false,"Dead":false,"Pid":18342,"ExitCode":0,"Error":"","StartedAt":"2023-03-27T02:55:03.12719392Z","FinishedAt":"0001-01-01T00:00:00Z"},"Image":"sha256:c7c54c29e20dccc1aefb936c8eba8bb8b98b87a4921102aba87fde2df5810af9","ResolvConfPath":"/var/lib/docker/containers/c37a42694b7d1cff581f5e7b89a60b044af4721181408c271e821f1413201ca6/resolv.conf","HostnamePath":"/var/lib/docker/containers/c37a42694b7d1cff581f5e7b89a60b044af4721181408c271e821f1413201ca6/hostname","HostsPath":"/var/lib/docker/containers/c37a42694b7d1cff581f5e7b89a60b044af4721181408c271e821f1413201ca6/hosts","LogPath":"/var/lib/docker/containers/c37a42694b7d1cff581f5e7b89a60b044af4721181408c271e821f1413201ca6/c37a42694b7d1cff581f5e7b89a60b044af4721181408c271e821f1413201ca6-json.log","Name":"/elegant_mahavira","RestartCount":0,"Driver":"overlay2","Platform":"linux","MountLabel":"","ProcessLabel":"","AppArmorProfile":"","ExecIDs":null,"HostConfig":{"Binds":[],"ContainerIDFile":"","LogConfig":{"Type":"json-file","Config":{}},"NetworkMode":"default","PortBindings":{"3306/tcp":[{"HostIp":"0.0.0.0","HostPort":"0"}]},"RestartPolicy":{"Name":"","MaximumRetryCount":0},"AutoRemove":false,"VolumeDriver":"","VolumesFrom":[],"CapAdd":null,"CapDrop":null,"CgroupnsMode":"private","Dns":null,"DnsOptions":null,"DnsSearch":null,"ExtraHosts":[],"GroupAdd":null,"IpcMode":"shareable","Cgroup":"","Links":null,"OomScoreAdj":0,"PidMode":"","Privileged":false,"PublishAllPorts":false,"ReadonlyRootfs":false,"SecurityOpt":null,"UTSMode":"","UsernsMode":"","ShmSize":67108864,"Runtime":"runc","ConsoleSize":[0,0],"Isolation":"","CpuShares":0,"Memory":0,"NanoCpus":0,"CgroupParent":"","BlkioWeight":0,"BlkioWeightDevice":null,"BlkioDeviceReadBps":null,"BlkioDeviceWriteBps":null,"BlkioDeviceReadIOps":null,"BlkioDeviceWriteIOps":null,"CpuPeriod":0,"CpuQuota":0,"CpuRealtimePeriod":0,"CpuRealtimeRuntime":0,"CpusetCpus":"","CpusetMems":"","Devices":null,"DeviceCgroupRules":null,"DeviceRequests":null,"KernelMemory":0,"KernelMemoryTCP":0,"MemoryReservation":0,"MemorySwap":0,"MemorySwappiness":null,"OomKillDisable":null,"PidsLimit":null,"Ulimits":null,"CpuCount":0,"CpuPercent":0,"IOMaximumIOps":0,"IOMaximumBandwidth":0,"MaskedPaths":["/proc/asound","/proc/acpi","/proc/kcore","/proc/keys","/proc/latency_stats","/proc/timer_list","/proc/timer_stats","/proc/sched_debug","/proc/scsi","/sys/firmware"],"ReadonlyPaths":["/proc/bus","/proc/fs","/proc/irq","/proc/sys","/proc/sysrq-trigger"]},"GraphDriver":{"Data":{"LowerDir":"/var/lib/docker/overlay2/2c15a904a49807090175d7750f18e0f6a57e99c38a424839679cbaf676a4d500-init/diff:/var/lib/docker/overlay2/1bd8849d7a296305617011f940aa5cfabbe972a513397b1b6bbc27639b6c1f30/diff:/var/lib/docker/overlay2/199d69b2fbf78af4d4c95dec4fd2f8835ab0347eb49fb20ebb2ff3b99fedd6ad/diff:/var/lib/docker/overlay2/d83c38d654989311f75b9491329846033bfb7714de76ef635380dcfad5c740d9/diff:/var/lib/docker/overlay2/08600d0aea2ab2728bebcf5d2589c640a842f53d1ba3c4a4adccb4d03b923cf6/diff:/var/lib/docker/overlay2/9ec7c63a3fb14d13ac788bbf5e282ca821edc41260b79944e5e631037d13ecda/diff:/var/lib/docker/overlay2/db601d7a1b4ea6da638db620462f0da96fa55c559d02269c9ddb09027936ed87/diff:/var/lib/docker/overlay2/a6d2bd03f942e2565f21e74cfe152c7ec836a1c2b583f0790c685b92bdcfda24/diff:/var/lib/docker/overlay2/9badd16ea2c5e2bf1fde8b579683e41137dfc46ed5449234149f199a6751cc84/diff:/var/lib/docker/overlay2/6efb85646ed12e2d1181ef4cc6f6f6732c00c15a4035fe17ebc4f075ca573c30/diff:/var/lib/docker/overlay2/895d7c0ec09144d6ed33936f4e98e11c18010f7abd708cae1ce43aec7a7f2621/diff:/var/lib/docker/overlay2/1c4ba77aa573ab6e5e5069fd15eae71b3da940bde0f97a922a227ffc8a1d1096/diff","MergedDir":"/var/lib/docker/overlay2/2c15a904a49807090175d7750f18e0f6a57e99c38a424839679cbaf676a4d500/merged","UpperDir":"/var/lib/docker/overlay2/2c15a904a49807090175d7750f18e0f6a57e99c38a424839679cbaf676a4d500/diff","WorkDir":"/var/lib/docker/overlay2/2c15a904a49807090175d7750f18e0f6a57e99c38a424839679cbaf676a4d500/work"},"Name":"overlay2"},"Mounts":[{"Type":"volume","Name":"44a9389ce95a2961210e86afd6afe42b23405f43157b5dc00e010d283c01df79","Source":"/var/lib/docker/volumes/44a9389ce95a2961210e86afd6afe42b23405f43157b5dc00e010d283c01df79/_data","Destination":"/var/lib/mysql","Driver":"local","Mode":"","RW":true,"Propagation":""}],"Config":{"Hostname":"c37a42694b7d","Domainname":"","User":"","AttachStdin":false,"AttachStdout":false,"AttachStderr":false,"ExposedPorts":{"3306/tcp":{},"33060/tcp":{}},"Tty":false,"OpenStdin":false,"StdinOnce":false,"Env":["MYSQL_DATABASE=adm_videos","MYSQL_PASSWORD=123456","MYSQL_ROOT_PASSWORD=123456","PATH=/usr/local/sbin:/usr/local/bin:/usr/sbin:/usr/bin:/sbin:/bin","GOSU_VERSION=1.16","MYSQL_MAJOR=8.0","MYSQL_VERSION=8.0.32-1.el8","MYSQL_SHELL_VERSION=8.0.32-1.el8"],"Cmd":["mysqld"],"Image":"mysql:latest","Volumes":{"/var/lib/mysql":{}},"WorkingDir":"","Entrypoint":["docker-entrypoint.sh"],"OnBuild":null,"Labels":{"org.testcontainers":"true","org.testcontainers.lang":"java","org.testcontainers.sessionId":"818a13d9-e138-4e41-b5a4-74fd927e6a2d","org.testcontainers.version":"1.17.6"}},"NetworkSettings":{"Bridge":"","SandboxID":"bd1f3a626f226e407a1a406212013b21c93b302c93f9fd53a405b7fc5ff825b3","HairpinMode":false,"LinkLocalIPv6Address":"","LinkLocalIPv6PrefixLen":0,"Ports":{"3306/tcp":[{"HostIp":"0.0.0.0","HostPort":"56289"}],"33060/tcp":null},"SandboxKey":"/var/run/docker/netns/bd1f3a626f22","SecondaryIPAddresses":null,"SecondaryIPv6Addresses":null,"EndpointID":"a2b725c0c5ce4503f8e45e0c2adc4455b29a53a4866d3f23b2bce893a084641f","Gateway":"172.17.0.1","GlobalIPv6Address":"","GlobalIPv6PrefixLen":0,"IPAddress":"172.17.0.3","IPPrefixLen":16,"IPv6Gateway":"","MacAddress":"02:42:ac:11:00:03","Networks":{"bridge":{"IPAMConfig":null,"Links":null,"Aliases":null,"NetworkID":"308e234c143065751b16b4500cb9f48d5c7fc2116504b3d816a5e51cd4771062","EndpointID":"a2b725c0c5ce4503f8e45e0c2adc4455b29a53a4866d3f23b2bce893a084641f","Gateway":"172.17.0.1","IPAddress":"172.17.0.3","IPPrefixLen":16,"IPv6Gateway":"","GlobalIPv6Address":"","GlobalIPv6PrefixLen":0,"MacAddress":"02:42:ac:11:00:03","DriverOpts":null}}}}[\n]"
23:55:10.306 [Test worker] DEBUG com.github.dockerjava.zerodep.shaded.org.apache.hc.client5.http.wire - http-outgoing-2 << "[\r][\n]"
23:55:10.307 [Test worker] DEBUG com.github.dockerjava.zerodep.shaded.org.apache.hc.client5.http.wire - http-outgoing-2 << "0[\r][\n]"
23:55:10.307 [Test worker] DEBUG com.github.dockerjava.zerodep.shaded.org.apache.hc.client5.http.wire - http-outgoing-2 << "[\r][\n]"
23:55:10.307 [Test worker] DEBUG com.github.dockerjava.zerodep.shaded.org.apache.hc.client5.http.impl.classic.InternalHttpClient - ep-00000049: releasing valid endpoint
23:55:10.307 [Test worker] DEBUG com.github.dockerjava.zerodep.shaded.org.apache.hc.client5.http.impl.io.PoolingHttpClientConnectionManager - ep-00000049: releasing endpoint
23:55:10.307 [Test worker] DEBUG com.github.dockerjava.zerodep.shaded.org.apache.hc.client5.http.impl.io.PoolingHttpClientConnectionManager - ep-00000049: connection http-outgoing-2 can be kept alive for 3 MINUTES
23:55:10.307 [Test worker] DEBUG com.github.dockerjava.zerodep.shaded.org.apache.hc.client5.http.impl.io.PoolingHttpClientConnectionManager - ep-00000049: connection released [route: {}->unix://localhost:2375][total available: 1; route allocated: 1 of 2147483647; total allocated: 1 of 2147483647]
23:55:10.307 [Test worker] DEBUG ]]>&#x1f433;<![CDATA[ [mysql:latest] - Trying to create JDBC connection using com.mysql.cj.jdbc.Driver to jdbc:mysql://localhost:56289/adm_videos?useSSL=false&allowPublicKeyRetrieval=true with properties: {password=123456, user=root}
23:55:10.410 [Test worker] DEBUG org.testcontainers.shaded.com.github.dockerjava.core.command.AbstrDockerCmd - Cmd: c37a42694b7d1cff581f5e7b89a60b044af4721181408c271e821f1413201ca6,false
23:55:10.411 [Test worker] DEBUG org.testcontainers.shaded.com.github.dockerjava.core.exec.InspectContainerCmdExec - GET: DefaultWebTarget{path=[/containers/c37a42694b7d1cff581f5e7b89a60b044af4721181408c271e821f1413201ca6/json], queryParams={}}
23:55:10.411 [Test worker] DEBUG com.github.dockerjava.zerodep.shaded.org.apache.hc.client5.http.impl.classic.InternalHttpClient - ex-0000004B: preparing request execution
23:55:10.411 [Test worker] DEBUG com.github.dockerjava.zerodep.shaded.org.apache.hc.client5.http.protocol.RequestAddCookies - Cookie spec selected: strict
23:55:10.411 [Test worker] DEBUG com.github.dockerjava.zerodep.shaded.org.apache.hc.client5.http.protocol.RequestAuthCache - Auth cache not set in the context
23:55:10.411 [Test worker] DEBUG com.github.dockerjava.zerodep.shaded.org.apache.hc.client5.http.impl.classic.ProtocolExec - ex-0000004B: target auth state: UNCHALLENGED
23:55:10.411 [Test worker] DEBUG com.github.dockerjava.zerodep.shaded.org.apache.hc.client5.http.impl.classic.ProtocolExec - ex-0000004B: proxy auth state: UNCHALLENGED
23:55:10.411 [Test worker] DEBUG com.github.dockerjava.zerodep.shaded.org.apache.hc.client5.http.impl.classic.ConnectExec - ex-0000004B: acquiring connection with route {}->unix://localhost:2375
23:55:10.411 [Test worker] DEBUG com.github.dockerjava.zerodep.shaded.org.apache.hc.client5.http.impl.classic.InternalHttpClient - ex-0000004B: acquiring endpoint (3 MINUTES)
23:55:10.411 [Test worker] DEBUG com.github.dockerjava.zerodep.shaded.org.apache.hc.client5.http.impl.io.PoolingHttpClientConnectionManager - ex-0000004B: endpoint lease request (3 MINUTES) [route: {}->unix://localhost:2375][total available: 1; route allocated: 1 of 2147483647; total allocated: 1 of 2147483647]
23:55:10.411 [Test worker] DEBUG com.github.dockerjava.zerodep.shaded.org.apache.hc.client5.http.impl.io.PoolingHttpClientConnectionManager - ex-0000004B: endpoint leased [route: {}->unix://localhost:2375][total available: 0; route allocated: 1 of 2147483647; total allocated: 1 of 2147483647]
23:55:10.411 [Test worker] DEBUG com.github.dockerjava.zerodep.shaded.org.apache.hc.client5.http.impl.io.PoolingHttpClientConnectionManager - ex-0000004B: acquired ep-0000004A
23:55:10.411 [Test worker] DEBUG com.github.dockerjava.zerodep.shaded.org.apache.hc.client5.http.impl.classic.InternalHttpClient - ex-0000004B: acquired endpoint ep-0000004A
23:55:10.411 [Test worker] DEBUG com.github.dockerjava.zerodep.shaded.org.apache.hc.client5.http.impl.classic.MainClientExec - ex-0000004B: executing GET /v1.32/containers/c37a42694b7d1cff581f5e7b89a60b044af4721181408c271e821f1413201ca6/json HTTP/1.1
23:55:10.411 [Test worker] DEBUG com.github.dockerjava.zerodep.shaded.org.apache.hc.client5.http.impl.classic.InternalHttpClient - ep-0000004A: start execution ex-0000004B
23:55:10.411 [Test worker] DEBUG com.github.dockerjava.zerodep.shaded.org.apache.hc.client5.http.impl.io.PoolingHttpClientConnectionManager - ep-0000004A: executing exchange ex-0000004B over http-outgoing-2
23:55:10.411 [Test worker] DEBUG com.github.dockerjava.zerodep.shaded.org.apache.hc.client5.http.headers - http-outgoing-2 >> GET /v1.32/containers/c37a42694b7d1cff581f5e7b89a60b044af4721181408c271e821f1413201ca6/json HTTP/1.1
23:55:10.411 [Test worker] DEBUG com.github.dockerjava.zerodep.shaded.org.apache.hc.client5.http.headers - http-outgoing-2 >> accept: application/json
23:55:10.411 [Test worker] DEBUG com.github.dockerjava.zerodep.shaded.org.apache.hc.client5.http.headers - http-outgoing-2 >> x-tc-sid: 818a13d9-e138-4e41-b5a4-74fd927e6a2d
23:55:10.411 [Test worker] DEBUG com.github.dockerjava.zerodep.shaded.org.apache.hc.client5.http.headers - http-outgoing-2 >> Accept-Encoding: gzip, x-gzip, deflate
23:55:10.411 [Test worker] DEBUG com.github.dockerjava.zerodep.shaded.org.apache.hc.client5.http.headers - http-outgoing-2 >> Host: localhost:2375
23:55:10.411 [Test worker] DEBUG com.github.dockerjava.zerodep.shaded.org.apache.hc.client5.http.headers - http-outgoing-2 >> Connection: keep-alive
23:55:10.411 [Test worker] DEBUG com.github.dockerjava.zerodep.shaded.org.apache.hc.client5.http.headers - http-outgoing-2 >> User-Agent: Apache-HttpClient/5.0.3 (Java/17.0.2)
23:55:10.411 [Test worker] DEBUG com.github.dockerjava.zerodep.shaded.org.apache.hc.client5.http.wire - http-outgoing-2 >> "GET /v1.32/containers/c37a42694b7d1cff581f5e7b89a60b044af4721181408c271e821f1413201ca6/json HTTP/1.1[\r][\n]"
23:55:10.411 [Test worker] DEBUG com.github.dockerjava.zerodep.shaded.org.apache.hc.client5.http.wire - http-outgoing-2 >> "accept: application/json[\r][\n]"
23:55:10.411 [Test worker] DEBUG com.github.dockerjava.zerodep.shaded.org.apache.hc.client5.http.wire - http-outgoing-2 >> "x-tc-sid: 818a13d9-e138-4e41-b5a4-74fd927e6a2d[\r][\n]"
23:55:10.411 [Test worker] DEBUG com.github.dockerjava.zerodep.shaded.org.apache.hc.client5.http.wire - http-outgoing-2 >> "Accept-Encoding: gzip, x-gzip, deflate[\r][\n]"
23:55:10.411 [Test worker] DEBUG com.github.dockerjava.zerodep.shaded.org.apache.hc.client5.http.wire - http-outgoing-2 >> "Host: localhost:2375[\r][\n]"
23:55:10.411 [Test worker] DEBUG com.github.dockerjava.zerodep.shaded.org.apache.hc.client5.http.wire - http-outgoing-2 >> "Connection: keep-alive[\r][\n]"
23:55:10.411 [Test worker] DEBUG com.github.dockerjava.zerodep.shaded.org.apache.hc.client5.http.wire - http-outgoing-2 >> "User-Agent: Apache-HttpClient/5.0.3 (Java/17.0.2)[\r][\n]"
23:55:10.411 [Test worker] DEBUG com.github.dockerjava.zerodep.shaded.org.apache.hc.client5.http.wire - http-outgoing-2 >> "[\r][\n]"
23:55:10.414 [Test worker] DEBUG com.github.dockerjava.zerodep.shaded.org.apache.hc.client5.http.wire - http-outgoing-2 << "HTTP/1.1 200 OK[\r][\n]"
23:55:10.414 [Test worker] DEBUG com.github.dockerjava.zerodep.shaded.org.apache.hc.client5.http.wire - http-outgoing-2 << "Api-Version: 1.41[\r][\n]"
23:55:10.414 [Test worker] DEBUG com.github.dockerjava.zerodep.shaded.org.apache.hc.client5.http.wire - http-outgoing-2 << "Content-Type: application/json[\r][\n]"
23:55:10.414 [Test worker] DEBUG com.github.dockerjava.zerodep.shaded.org.apache.hc.client5.http.wire - http-outgoing-2 << "Date: Mon, 27 Mar 2023 02:55:10 GMT[\r][\n]"
23:55:10.414 [Test worker] DEBUG com.github.dockerjava.zerodep.shaded.org.apache.hc.client5.http.wire - http-outgoing-2 << "Docker-Experimental: false[\r][\n]"
23:55:10.414 [Test worker] DEBUG com.github.dockerjava.zerodep.shaded.org.apache.hc.client5.http.wire - http-outgoing-2 << "Ostype: linux[\r][\n]"
23:55:10.414 [Test worker] DEBUG com.github.dockerjava.zerodep.shaded.org.apache.hc.client5.http.wire - http-outgoing-2 << "Server: Docker/20.10.21 (linux)[\r][\n]"
23:55:10.414 [Test worker] DEBUG com.github.dockerjava.zerodep.shaded.org.apache.hc.client5.http.wire - http-outgoing-2 << "Transfer-Encoding: chunked[\r][\n]"
23:55:10.414 [Test worker] DEBUG com.github.dockerjava.zerodep.shaded.org.apache.hc.client5.http.wire - http-outgoing-2 << "[\r][\n]"
23:55:10.414 [Test worker] DEBUG com.github.dockerjava.zerodep.shaded.org.apache.hc.client5.http.headers - http-outgoing-2 << HTTP/1.1 200 OK
23:55:10.414 [Test worker] DEBUG com.github.dockerjava.zerodep.shaded.org.apache.hc.client5.http.headers - http-outgoing-2 << Api-Version: 1.41
23:55:10.414 [Test worker] DEBUG com.github.dockerjava.zerodep.shaded.org.apache.hc.client5.http.headers - http-outgoing-2 << Content-Type: application/json
23:55:10.414 [Test worker] DEBUG com.github.dockerjava.zerodep.shaded.org.apache.hc.client5.http.headers - http-outgoing-2 << Date: Mon, 27 Mar 2023 02:55:10 GMT
23:55:10.414 [Test worker] DEBUG com.github.dockerjava.zerodep.shaded.org.apache.hc.client5.http.headers - http-outgoing-2 << Docker-Experimental: false
23:55:10.414 [Test worker] DEBUG com.github.dockerjava.zerodep.shaded.org.apache.hc.client5.http.headers - http-outgoing-2 << Ostype: linux
23:55:10.414 [Test worker] DEBUG com.github.dockerjava.zerodep.shaded.org.apache.hc.client5.http.headers - http-outgoing-2 << Server: Docker/20.10.21 (linux)
23:55:10.414 [Test worker] DEBUG com.github.dockerjava.zerodep.shaded.org.apache.hc.client5.http.headers - http-outgoing-2 << Transfer-Encoding: chunked
23:55:10.414 [Test worker] DEBUG com.github.dockerjava.zerodep.shaded.org.apache.hc.client5.http.impl.classic.MainClientExec - ex-0000004B: connection can be kept alive for 3 MINUTES
23:55:10.415 [Test worker] DEBUG com.github.dockerjava.zerodep.shaded.org.apache.hc.client5.http.wire - http-outgoing-2 << "18c1[\r][\n]"
23:55:10.415 [Test worker] DEBUG com.github.dockerjava.zerodep.shaded.org.apache.hc.client5.http.wire - http-outgoing-2 << "{"Id":"c37a42694b7d1cff581f5e7b89a60b044af4721181408c271e821f1413201ca6","Created":"2023-03-27T02:55:02.49734542Z","Path":"docker-entrypoint.sh","Args":["mysqld"],"State":{"Status":"running","Running":true,"Paused":false,"Restarting":false,"OOMKilled":false,"Dead":false,"Pid":18342,"ExitCode":0,"Error":"","StartedAt":"2023-03-27T02:55:03.12719392Z","FinishedAt":"0001-01-01T00:00:00Z"},"Image":"sha256:c7c54c29e20dccc1aefb936c8eba8bb8b98b87a4921102aba87fde2df5810af9","ResolvConfPath":"/var/lib/docker/containers/c37a42694b7d1cff581f5e7b89a60b044af4721181408c271e821f1413201ca6/resolv.conf","HostnamePath":"/var/lib/docker/containers/c37a42694b7d1cff581f5e7b89a60b044af4721181408c271e821f1413201ca6/hostname","HostsPath":"/var/lib/docker/containers/c37a42694b7d1cff581f5e7b89a60b044af4721181408c271e821f1413201ca6/hosts","LogPath":"/var/lib/docker/containers/c37a42694b7d1cff581f5e7b89a60b044af4721181408c271e821f1413201ca6/c37a42694b7d1cff581f5e7b89a60b044af4721181408c271e821f1413201ca6-json.log","Name":"/elegant_mahavira","RestartCount":0,"Driver":"overlay2","Platform":"linux","MountLabel":"","ProcessLabel":"","AppArmorProfile":"","ExecIDs":null,"HostConfig":{"Binds":[],"ContainerIDFile":"","LogConfig":{"Type":"json-file","Config":{}},"NetworkMode":"default","PortBindings":{"3306/tcp":[{"HostIp":"0.0.0.0","HostPort":"0"}]},"RestartPolicy":{"Name":"","MaximumRetryCount":0},"AutoRemove":false,"VolumeDriver":"","VolumesFrom":[],"CapAdd":null,"CapDrop":null,"CgroupnsMode":"private","Dns":null,"DnsOptions":null,"DnsSearch":null,"ExtraHosts":[],"GroupAdd":null,"IpcMode":"shareable","Cgroup":"","Links":null,"OomScoreAdj":0,"PidMode":"","Privileged":false,"PublishAllPorts":false,"ReadonlyRootfs":false,"SecurityOpt":null,"UTSMode":"","UsernsMode":"","ShmSize":67108864,"Runtime":"runc","ConsoleSize":[0,0],"Isolation":"","CpuShares":0,"Memory":0,"NanoCpus":0,"CgroupParent":"","BlkioWeight":0,"BlkioWeightDevice":null,"BlkioDeviceReadBps":null,"BlkioDeviceWriteBps":null,"BlkioDeviceReadIOps":null,"BlkioDeviceWriteIOps":null,"CpuPeriod":0,"CpuQuota":0,"CpuRealtimePeriod":0,"CpuRealtimeRuntime":0,"CpusetCpus":"","CpusetMems":"","Devices":null,"DeviceCgroupRules":null,"DeviceRequests":null,"KernelMemory":0,"KernelMemoryTCP":0,"MemoryReservation":0,"MemorySwap":0,"MemorySwappiness":null,"OomKillDisable":null,"PidsLimit":null,"Ulimits":null,"CpuCount":0,"CpuPercent":0,"IOMaximumIOps":0,"IOMaximumBandwidth":0,"MaskedPaths":["/proc/asound","/proc/acpi","/proc/kcore","/proc/keys","/proc/latency_stats","/proc/timer_list","/proc/timer_stats","/proc/sched_debug","/proc/scsi","/sys/firmware"],"ReadonlyPaths":["/proc/bus","/proc/fs","/proc/irq","/proc/sys","/proc/sysrq-trigger"]},"GraphDriver":{"Data":{"LowerDir":"/var/lib/docker/overlay2/2c15a904a49807090175d7750f18e0f6a57e99c38a424839679cbaf676a4d500-init/diff:/var/lib/docker/overlay2/1bd8849d7a296305617011f940aa5cfabbe972a513397b1b6bbc27639b6c1f30/diff:/var/lib/docker/overlay2/199d69b2fbf78af4d4c95dec4fd2f8835ab0347eb49fb20ebb2ff3b99fedd6ad/diff:/var/lib/docker/overlay2/d83c38d654989311f75b9491329846033bfb7714de76ef635380dcfad5c740d9/diff:/var/lib/docker/overlay2/08600d0aea2ab2728bebcf5d2589c640a842f53d1ba3c4a4adccb4d03b923cf6/diff:/var/lib/docker/overlay2/9ec7c63a3fb14d13ac788bbf5e282ca821edc41260b79944e5e631037d13ecda/diff:/var/lib/docker/overlay2/db601d7a1b4ea6da638db620462f0da96fa55c559d02269c9ddb09027936ed87/diff:/var/lib/docker/overlay2/a6d2bd03f942e2565f21e74cfe152c7ec836a1c2b583f0790c685b92bdcfda24/diff:/var/lib/docker/overlay2/9badd16ea2c5e2bf1fde8b579683e41137dfc46ed5449234149f199a6751cc84/diff:/var/lib/docker/overlay2/6efb85646ed12e2d1181ef4cc6f6f6732c00c15a4035fe17ebc4f075ca573c30/diff:/var/lib/docker/overlay2/895d7c0ec09144d6ed33936f4e98e11c18010f7abd708cae1ce43aec7a7f2621/diff:/var/lib/docker/overlay2/1c4ba77aa573ab6e5e5069fd15eae71b3da940bde0f97a922a227ffc8a1d1096/diff","MergedDir":"/var/lib/docker/overlay2/2c15a904a49807090175d7750f18e0f6a57e99c38a424839679cbaf676a4d500/merged","UpperDir":"/var/lib/docker/overlay2/2c15a904a49807090175d7750f18e0f6a57e99c38a424839679cbaf676a4d500/diff","WorkDir":"/var/lib/docker/overlay2/2c15a904a49807090175d7750f18e0f6a57e99c38a424839679cbaf676a4d500/work"},"Name":"overlay2"},"Mounts":[{"Type":"volume","Name":"44a9389ce95a2961210e86afd6afe42b23405f43157b5dc00e010d283c01df79","Source":"/var/lib/docker/volumes/44a9389ce95a2961210e86afd6afe42b23405f43157b5dc00e010d283c01df79/_data","Destination":"/var/lib/mysql","Driver":"local","Mode":"","RW":true,"Propagation":""}],"Config":{"Hostname":"c37a42694b7d","Domainname":"","User":"","AttachStdin":false,"AttachStdout":false,"AttachStderr":false,"ExposedPorts":{"3306/tcp":{},"33060/tcp":{}},"Tty":false,"OpenStdin":false,"StdinOnce":false,"Env":["MYSQL_DATABASE=adm_videos","MYSQL_PASSWORD=123456","MYSQL_ROOT_PASSWORD=123456","PATH=/usr/local/sbin:/usr/local/bin:/usr/sbin:/usr/bin:/sbin:/bin","GOSU_VERSION=1.16","MYSQL_MAJOR=8.0","MYSQL_VERSION=8.0.32-1.el8","MYSQL_SHELL_VERSION=8.0.32-1.el8"],"Cmd":["mysqld"],"Image":"mysql:latest","Volumes":{"/var/lib/mysql":{}},"WorkingDir":"","Entrypoint":["docker-entrypoint.sh"],"OnBuild":null,"Labels":{"org.testcontainers":"true","org.testcontainers.lang":"java","org.testcontainers.sessionId":"818a13d9-e138-4e41-b5a4-74fd927e6a2d","org.testcontainers.version":"1.17.6"}},"NetworkSettings":{"Bridge":"","SandboxID":"bd1f3a626f226e407a1a406212013b21c93b302c93f9fd53a405b7fc5ff825b3","HairpinMode":false,"LinkLocalIPv6Address":"","LinkLocalIPv6PrefixLen":0,"Ports":{"3306/tcp":[{"HostIp":"0.0.0.0","HostPort":"56289"}],"33060/tcp":null},"SandboxKey":"/var/run/docker/netns/bd1f3a626f22","SecondaryIPAddresses":null,"SecondaryIPv6Addresses":null,"EndpointID":"a2b725c0c5ce4503f8e45e0c2adc4455b29a53a4866d3f23b2bce893a084641f","Gateway":"172.17.0.1","GlobalIPv6Address":"","GlobalIPv6PrefixLen":0,"IPAddress":"172.17.0.3","IPPrefixLen":16,"IPv6Gateway":"","MacAddress":"02:42:ac:11:00:03","Networks":{"bridge":{"IPAMConfig":null,"Links":null,"Aliases":null,"NetworkID":"308e234c143065751b16b4500cb9f48d5c7fc2116504b3d816a5e51cd4771062","EndpointID":"a2b725c0c5ce4503f8e45e0c2adc4455b29a53a4866d3f23b2bce893a084641f","Gateway":"172.17.0.1","IPAddress":"172.17.0.3","IPPrefixLen":16,"IPv6Gateway":"","GlobalIPv6Address":"","GlobalIPv6PrefixLen":0,"MacAddress":"02:42:ac:11:00:03","DriverOpts":null}}}}[\n]"
23:55:10.416 [Test worker] DEBUG com.github.dockerjava.zerodep.shaded.org.apache.hc.client5.http.wire - http-outgoing-2 << "[\r][\n]"
23:55:10.416 [Test worker] DEBUG com.github.dockerjava.zerodep.shaded.org.apache.hc.client5.http.wire - http-outgoing-2 << "0[\r][\n]"
23:55:10.416 [Test worker] DEBUG com.github.dockerjava.zerodep.shaded.org.apache.hc.client5.http.wire - http-outgoing-2 << "[\r][\n]"
23:55:10.416 [Test worker] DEBUG com.github.dockerjava.zerodep.shaded.org.apache.hc.client5.http.impl.classic.InternalHttpClient - ep-0000004A: releasing valid endpoint
23:55:10.416 [Test worker] DEBUG com.github.dockerjava.zerodep.shaded.org.apache.hc.client5.http.impl.io.PoolingHttpClientConnectionManager - ep-0000004A: releasing endpoint
23:55:10.416 [Test worker] DEBUG com.github.dockerjava.zerodep.shaded.org.apache.hc.client5.http.impl.io.PoolingHttpClientConnectionManager - ep-0000004A: connection http-outgoing-2 can be kept alive for 3 MINUTES
23:55:10.416 [Test worker] DEBUG com.github.dockerjava.zerodep.shaded.org.apache.hc.client5.http.impl.io.PoolingHttpClientConnectionManager - ep-0000004A: connection released [route: {}->unix://localhost:2375][total available: 1; route allocated: 1 of 2147483647; total allocated: 1 of 2147483647]
23:55:10.416 [Test worker] DEBUG ]]>&#x1f433;<![CDATA[ [mysql:latest] - Trying to create JDBC connection using com.mysql.cj.jdbc.Driver to jdbc:mysql://localhost:56289/adm_videos?useSSL=false&allowPublicKeyRetrieval=true with properties: {password=123456, user=root}
23:55:10.521 [Test worker] DEBUG org.testcontainers.shaded.com.github.dockerjava.core.command.AbstrDockerCmd - Cmd: c37a42694b7d1cff581f5e7b89a60b044af4721181408c271e821f1413201ca6,false
23:55:10.522 [Test worker] DEBUG org.testcontainers.shaded.com.github.dockerjava.core.exec.InspectContainerCmdExec - GET: DefaultWebTarget{path=[/containers/c37a42694b7d1cff581f5e7b89a60b044af4721181408c271e821f1413201ca6/json], queryParams={}}
23:55:10.522 [Test worker] DEBUG com.github.dockerjava.zerodep.shaded.org.apache.hc.client5.http.impl.classic.InternalHttpClient - ex-0000004C: preparing request execution
23:55:10.522 [Test worker] DEBUG com.github.dockerjava.zerodep.shaded.org.apache.hc.client5.http.protocol.RequestAddCookies - Cookie spec selected: strict
23:55:10.522 [Test worker] DEBUG com.github.dockerjava.zerodep.shaded.org.apache.hc.client5.http.protocol.RequestAuthCache - Auth cache not set in the context
23:55:10.522 [Test worker] DEBUG com.github.dockerjava.zerodep.shaded.org.apache.hc.client5.http.impl.classic.ProtocolExec - ex-0000004C: target auth state: UNCHALLENGED
23:55:10.522 [Test worker] DEBUG com.github.dockerjava.zerodep.shaded.org.apache.hc.client5.http.impl.classic.ProtocolExec - ex-0000004C: proxy auth state: UNCHALLENGED
23:55:10.522 [Test worker] DEBUG com.github.dockerjava.zerodep.shaded.org.apache.hc.client5.http.impl.classic.ConnectExec - ex-0000004C: acquiring connection with route {}->unix://localhost:2375
23:55:10.522 [Test worker] DEBUG com.github.dockerjava.zerodep.shaded.org.apache.hc.client5.http.impl.classic.InternalHttpClient - ex-0000004C: acquiring endpoint (3 MINUTES)
23:55:10.522 [Test worker] DEBUG com.github.dockerjava.zerodep.shaded.org.apache.hc.client5.http.impl.io.PoolingHttpClientConnectionManager - ex-0000004C: endpoint lease request (3 MINUTES) [route: {}->unix://localhost:2375][total available: 1; route allocated: 1 of 2147483647; total allocated: 1 of 2147483647]
23:55:10.523 [Test worker] DEBUG com.github.dockerjava.zerodep.shaded.org.apache.hc.client5.http.impl.io.PoolingHttpClientConnectionManager - ex-0000004C: endpoint leased [route: {}->unix://localhost:2375][total available: 0; route allocated: 1 of 2147483647; total allocated: 1 of 2147483647]
23:55:10.523 [Test worker] DEBUG com.github.dockerjava.zerodep.shaded.org.apache.hc.client5.http.impl.io.PoolingHttpClientConnectionManager - ex-0000004C: acquired ep-0000004B
23:55:10.523 [Test worker] DEBUG com.github.dockerjava.zerodep.shaded.org.apache.hc.client5.http.impl.classic.InternalHttpClient - ex-0000004C: acquired endpoint ep-0000004B
23:55:10.523 [Test worker] DEBUG com.github.dockerjava.zerodep.shaded.org.apache.hc.client5.http.impl.classic.MainClientExec - ex-0000004C: executing GET /v1.32/containers/c37a42694b7d1cff581f5e7b89a60b044af4721181408c271e821f1413201ca6/json HTTP/1.1
23:55:10.523 [Test worker] DEBUG com.github.dockerjava.zerodep.shaded.org.apache.hc.client5.http.impl.classic.InternalHttpClient - ep-0000004B: start execution ex-0000004C
23:55:10.523 [Test worker] DEBUG com.github.dockerjava.zerodep.shaded.org.apache.hc.client5.http.impl.io.PoolingHttpClientConnectionManager - ep-0000004B: executing exchange ex-0000004C over http-outgoing-2
23:55:10.523 [Test worker] DEBUG com.github.dockerjava.zerodep.shaded.org.apache.hc.client5.http.headers - http-outgoing-2 >> GET /v1.32/containers/c37a42694b7d1cff581f5e7b89a60b044af4721181408c271e821f1413201ca6/json HTTP/1.1
23:55:10.523 [Test worker] DEBUG com.github.dockerjava.zerodep.shaded.org.apache.hc.client5.http.headers - http-outgoing-2 >> accept: application/json
23:55:10.523 [Test worker] DEBUG com.github.dockerjava.zerodep.shaded.org.apache.hc.client5.http.headers - http-outgoing-2 >> x-tc-sid: 818a13d9-e138-4e41-b5a4-74fd927e6a2d
23:55:10.523 [Test worker] DEBUG com.github.dockerjava.zerodep.shaded.org.apache.hc.client5.http.headers - http-outgoing-2 >> Accept-Encoding: gzip, x-gzip, deflate
23:55:10.523 [Test worker] DEBUG com.github.dockerjava.zerodep.shaded.org.apache.hc.client5.http.headers - http-outgoing-2 >> Host: localhost:2375
23:55:10.523 [Test worker] DEBUG com.github.dockerjava.zerodep.shaded.org.apache.hc.client5.http.headers - http-outgoing-2 >> Connection: keep-alive
23:55:10.523 [Test worker] DEBUG com.github.dockerjava.zerodep.shaded.org.apache.hc.client5.http.headers - http-outgoing-2 >> User-Agent: Apache-HttpClient/5.0.3 (Java/17.0.2)
23:55:10.523 [Test worker] DEBUG com.github.dockerjava.zerodep.shaded.org.apache.hc.client5.http.wire - http-outgoing-2 >> "GET /v1.32/containers/c37a42694b7d1cff581f5e7b89a60b044af4721181408c271e821f1413201ca6/json HTTP/1.1[\r][\n]"
23:55:10.523 [Test worker] DEBUG com.github.dockerjava.zerodep.shaded.org.apache.hc.client5.http.wire - http-outgoing-2 >> "accept: application/json[\r][\n]"
23:55:10.523 [Test worker] DEBUG com.github.dockerjava.zerodep.shaded.org.apache.hc.client5.http.wire - http-outgoing-2 >> "x-tc-sid: 818a13d9-e138-4e41-b5a4-74fd927e6a2d[\r][\n]"
23:55:10.523 [Test worker] DEBUG com.github.dockerjava.zerodep.shaded.org.apache.hc.client5.http.wire - http-outgoing-2 >> "Accept-Encoding: gzip, x-gzip, deflate[\r][\n]"
23:55:10.523 [Test worker] DEBUG com.github.dockerjava.zerodep.shaded.org.apache.hc.client5.http.wire - http-outgoing-2 >> "Host: localhost:2375[\r][\n]"
23:55:10.523 [Test worker] DEBUG com.github.dockerjava.zerodep.shaded.org.apache.hc.client5.http.wire - http-outgoing-2 >> "Connection: keep-alive[\r][\n]"
23:55:10.523 [Test worker] DEBUG com.github.dockerjava.zerodep.shaded.org.apache.hc.client5.http.wire - http-outgoing-2 >> "User-Agent: Apache-HttpClient/5.0.3 (Java/17.0.2)[\r][\n]"
23:55:10.523 [Test worker] DEBUG com.github.dockerjava.zerodep.shaded.org.apache.hc.client5.http.wire - http-outgoing-2 >> "[\r][\n]"
23:55:10.526 [Test worker] DEBUG com.github.dockerjava.zerodep.shaded.org.apache.hc.client5.http.wire - http-outgoing-2 << "HTTP/1.1 200 OK[\r][\n]"
23:55:10.526 [Test worker] DEBUG com.github.dockerjava.zerodep.shaded.org.apache.hc.client5.http.wire - http-outgoing-2 << "Api-Version: 1.41[\r][\n]"
23:55:10.526 [Test worker] DEBUG com.github.dockerjava.zerodep.shaded.org.apache.hc.client5.http.wire - http-outgoing-2 << "Content-Type: application/json[\r][\n]"
23:55:10.526 [Test worker] DEBUG com.github.dockerjava.zerodep.shaded.org.apache.hc.client5.http.wire - http-outgoing-2 << "Date: Mon, 27 Mar 2023 02:55:10 GMT[\r][\n]"
23:55:10.526 [Test worker] DEBUG com.github.dockerjava.zerodep.shaded.org.apache.hc.client5.http.wire - http-outgoing-2 << "Docker-Experimental: false[\r][\n]"
23:55:10.526 [Test worker] DEBUG com.github.dockerjava.zerodep.shaded.org.apache.hc.client5.http.wire - http-outgoing-2 << "Ostype: linux[\r][\n]"
23:55:10.526 [Test worker] DEBUG com.github.dockerjava.zerodep.shaded.org.apache.hc.client5.http.wire - http-outgoing-2 << "Server: Docker/20.10.21 (linux)[\r][\n]"
23:55:10.526 [Test worker] DEBUG com.github.dockerjava.zerodep.shaded.org.apache.hc.client5.http.wire - http-outgoing-2 << "Transfer-Encoding: chunked[\r][\n]"
23:55:10.526 [Test worker] DEBUG com.github.dockerjava.zerodep.shaded.org.apache.hc.client5.http.wire - http-outgoing-2 << "[\r][\n]"
23:55:10.526 [Test worker] DEBUG com.github.dockerjava.zerodep.shaded.org.apache.hc.client5.http.headers - http-outgoing-2 << HTTP/1.1 200 OK
23:55:10.526 [Test worker] DEBUG com.github.dockerjava.zerodep.shaded.org.apache.hc.client5.http.headers - http-outgoing-2 << Api-Version: 1.41
23:55:10.526 [Test worker] DEBUG com.github.dockerjava.zerodep.shaded.org.apache.hc.client5.http.headers - http-outgoing-2 << Content-Type: application/json
23:55:10.526 [Test worker] DEBUG com.github.dockerjava.zerodep.shaded.org.apache.hc.client5.http.headers - http-outgoing-2 << Date: Mon, 27 Mar 2023 02:55:10 GMT
23:55:10.526 [Test worker] DEBUG com.github.dockerjava.zerodep.shaded.org.apache.hc.client5.http.headers - http-outgoing-2 << Docker-Experimental: false
23:55:10.526 [Test worker] DEBUG com.github.dockerjava.zerodep.shaded.org.apache.hc.client5.http.headers - http-outgoing-2 << Ostype: linux
23:55:10.526 [Test worker] DEBUG com.github.dockerjava.zerodep.shaded.org.apache.hc.client5.http.headers - http-outgoing-2 << Server: Docker/20.10.21 (linux)
23:55:10.526 [Test worker] DEBUG com.github.dockerjava.zerodep.shaded.org.apache.hc.client5.http.headers - http-outgoing-2 << Transfer-Encoding: chunked
23:55:10.526 [Test worker] DEBUG com.github.dockerjava.zerodep.shaded.org.apache.hc.client5.http.impl.classic.MainClientExec - ex-0000004C: connection can be kept alive for 3 MINUTES
23:55:10.527 [Test worker] DEBUG com.github.dockerjava.zerodep.shaded.org.apache.hc.client5.http.wire - http-outgoing-2 << "18c1[\r][\n]"
23:55:10.527 [Test worker] DEBUG com.github.dockerjava.zerodep.shaded.org.apache.hc.client5.http.wire - http-outgoing-2 << "{"Id":"c37a42694b7d1cff581f5e7b89a60b044af4721181408c271e821f1413201ca6","Created":"2023-03-27T02:55:02.49734542Z","Path":"docker-entrypoint.sh","Args":["mysqld"],"State":{"Status":"running","Running":true,"Paused":false,"Restarting":false,"OOMKilled":false,"Dead":false,"Pid":18342,"ExitCode":0,"Error":"","StartedAt":"2023-03-27T02:55:03.12719392Z","FinishedAt":"0001-01-01T00:00:00Z"},"Image":"sha256:c7c54c29e20dccc1aefb936c8eba8bb8b98b87a4921102aba87fde2df5810af9","ResolvConfPath":"/var/lib/docker/containers/c37a42694b7d1cff581f5e7b89a60b044af4721181408c271e821f1413201ca6/resolv.conf","HostnamePath":"/var/lib/docker/containers/c37a42694b7d1cff581f5e7b89a60b044af4721181408c271e821f1413201ca6/hostname","HostsPath":"/var/lib/docker/containers/c37a42694b7d1cff581f5e7b89a60b044af4721181408c271e821f1413201ca6/hosts","LogPath":"/var/lib/docker/containers/c37a42694b7d1cff581f5e7b89a60b044af4721181408c271e821f1413201ca6/c37a42694b7d1cff581f5e7b89a60b044af4721181408c271e821f1413201ca6-json.log","Name":"/elegant_mahavira","RestartCount":0,"Driver":"overlay2","Platform":"linux","MountLabel":"","ProcessLabel":"","AppArmorProfile":"","ExecIDs":null,"HostConfig":{"Binds":[],"ContainerIDFile":"","LogConfig":{"Type":"json-file","Config":{}},"NetworkMode":"default","PortBindings":{"3306/tcp":[{"HostIp":"0.0.0.0","HostPort":"0"}]},"RestartPolicy":{"Name":"","MaximumRetryCount":0},"AutoRemove":false,"VolumeDriver":"","VolumesFrom":[],"CapAdd":null,"CapDrop":null,"CgroupnsMode":"private","Dns":null,"DnsOptions":null,"DnsSearch":null,"ExtraHosts":[],"GroupAdd":null,"IpcMode":"shareable","Cgroup":"","Links":null,"OomScoreAdj":0,"PidMode":"","Privileged":false,"PublishAllPorts":false,"ReadonlyRootfs":false,"SecurityOpt":null,"UTSMode":"","UsernsMode":"","ShmSize":67108864,"Runtime":"runc","ConsoleSize":[0,0],"Isolation":"","CpuShares":0,"Memory":0,"NanoCpus":0,"CgroupParent":"","BlkioWeight":0,"BlkioWeightDevice":null,"BlkioDeviceReadBps":null,"BlkioDeviceWriteBps":null,"BlkioDeviceReadIOps":null,"BlkioDeviceWriteIOps":null,"CpuPeriod":0,"CpuQuota":0,"CpuRealtimePeriod":0,"CpuRealtimeRuntime":0,"CpusetCpus":"","CpusetMems":"","Devices":null,"DeviceCgroupRules":null,"DeviceRequests":null,"KernelMemory":0,"KernelMemoryTCP":0,"MemoryReservation":0,"MemorySwap":0,"MemorySwappiness":null,"OomKillDisable":null,"PidsLimit":null,"Ulimits":null,"CpuCount":0,"CpuPercent":0,"IOMaximumIOps":0,"IOMaximumBandwidth":0,"MaskedPaths":["/proc/asound","/proc/acpi","/proc/kcore","/proc/keys","/proc/latency_stats","/proc/timer_list","/proc/timer_stats","/proc/sched_debug","/proc/scsi","/sys/firmware"],"ReadonlyPaths":["/proc/bus","/proc/fs","/proc/irq","/proc/sys","/proc/sysrq-trigger"]},"GraphDriver":{"Data":{"LowerDir":"/var/lib/docker/overlay2/2c15a904a49807090175d7750f18e0f6a57e99c38a424839679cbaf676a4d500-init/diff:/var/lib/docker/overlay2/1bd8849d7a296305617011f940aa5cfabbe972a513397b1b6bbc27639b6c1f30/diff:/var/lib/docker/overlay2/199d69b2fbf78af4d4c95dec4fd2f8835ab0347eb49fb20ebb2ff3b99fedd6ad/diff:/var/lib/docker/overlay2/d83c38d654989311f75b9491329846033bfb7714de76ef635380dcfad5c740d9/diff:/var/lib/docker/overlay2/08600d0aea2ab2728bebcf5d2589c640a842f53d1ba3c4a4adccb4d03b923cf6/diff:/var/lib/docker/overlay2/9ec7c63a3fb14d13ac788bbf5e282ca821edc41260b79944e5e631037d13ecda/diff:/var/lib/docker/overlay2/db601d7a1b4ea6da638db620462f0da96fa55c559d02269c9ddb09027936ed87/diff:/var/lib/docker/overlay2/a6d2bd03f942e2565f21e74cfe152c7ec836a1c2b583f0790c685b92bdcfda24/diff:/var/lib/docker/overlay2/9badd16ea2c5e2bf1fde8b579683e41137dfc46ed5449234149f199a6751cc84/diff:/var/lib/docker/overlay2/6efb85646ed12e2d1181ef4cc6f6f6732c00c15a4035fe17ebc4f075ca573c30/diff:/var/lib/docker/overlay2/895d7c0ec09144d6ed33936f4e98e11c18010f7abd708cae1ce43aec7a7f2621/diff:/var/lib/docker/overlay2/1c4ba77aa573ab6e5e5069fd15eae71b3da940bde0f97a922a227ffc8a1d1096/diff","MergedDir":"/var/lib/docker/overlay2/2c15a904a49807090175d7750f18e0f6a57e99c38a424839679cbaf676a4d500/merged","UpperDir":"/var/lib/docker/overlay2/2c15a904a49807090175d7750f18e0f6a57e99c38a424839679cbaf676a4d500/diff","WorkDir":"/var/lib/docker/overlay2/2c15a904a49807090175d7750f18e0f6a57e99c38a424839679cbaf676a4d500/work"},"Name":"overlay2"},"Mounts":[{"Type":"volume","Name":"44a9389ce95a2961210e86afd6afe42b23405f43157b5dc00e010d283c01df79","Source":"/var/lib/docker/volumes/44a9389ce95a2961210e86afd6afe42b23405f43157b5dc00e010d283c01df79/_data","Destination":"/var/lib/mysql","Driver":"local","Mode":"","RW":true,"Propagation":""}],"Config":{"Hostname":"c37a42694b7d","Domainname":"","User":"","AttachStdin":false,"AttachStdout":false,"AttachStderr":false,"ExposedPorts":{"3306/tcp":{},"33060/tcp":{}},"Tty":false,"OpenStdin":false,"StdinOnce":false,"Env":["MYSQL_DATABASE=adm_videos","MYSQL_PASSWORD=123456","MYSQL_ROOT_PASSWORD=123456","PATH=/usr/local/sbin:/usr/local/bin:/usr/sbin:/usr/bin:/sbin:/bin","GOSU_VERSION=1.16","MYSQL_MAJOR=8.0","MYSQL_VERSION=8.0.32-1.el8","MYSQL_SHELL_VERSION=8.0.32-1.el8"],"Cmd":["mysqld"],"Image":"mysql:latest","Volumes":{"/var/lib/mysql":{}},"WorkingDir":"","Entrypoint":["docker-entrypoint.sh"],"OnBuild":null,"Labels":{"org.testcontainers":"true","org.testcontainers.lang":"java","org.testcontainers.sessionId":"818a13d9-e138-4e41-b5a4-74fd927e6a2d","org.testcontainers.version":"1.17.6"}},"NetworkSettings":{"Bridge":"","SandboxID":"bd1f3a626f226e407a1a406212013b21c93b302c93f9fd53a405b7fc5ff825b3","HairpinMode":false,"LinkLocalIPv6Address":"","LinkLocalIPv6PrefixLen":0,"Ports":{"3306/tcp":[{"HostIp":"0.0.0.0","HostPort":"56289"}],"33060/tcp":null},"SandboxKey":"/var/run/docker/netns/bd1f3a626f22","SecondaryIPAddresses":null,"SecondaryIPv6Addresses":null,"EndpointID":"a2b725c0c5ce4503f8e45e0c2adc4455b29a53a4866d3f23b2bce893a084641f","Gateway":"172.17.0.1","GlobalIPv6Address":"","GlobalIPv6PrefixLen":0,"IPAddress":"172.17.0.3","IPPrefixLen":16,"IPv6Gateway":"","MacAddress":"02:42:ac:11:00:03","Networks":{"bridge":{"IPAMConfig":null,"Links":null,"Aliases":null,"NetworkID":"308e234c143065751b16b4500cb9f48d5c7fc2116504b3d816a5e51cd4771062","EndpointID":"a2b725c0c5ce4503f8e45e0c2adc4455b29a53a4866d3f23b2bce893a084641f","Gateway":"172.17.0.1","IPAddress":"172.17.0.3","IPPrefixLen":16,"IPv6Gateway":"","GlobalIPv6Address":"","GlobalIPv6PrefixLen":0,"MacAddress":"02:42:ac:11:00:03","DriverOpts":null}}}}[\n]"
23:55:10.528 [Test worker] DEBUG com.github.dockerjava.zerodep.shaded.org.apache.hc.client5.http.wire - http-outgoing-2 << "[\r][\n]"
23:55:10.528 [Test worker] DEBUG com.github.dockerjava.zerodep.shaded.org.apache.hc.client5.http.wire - http-outgoing-2 << "0[\r][\n]"
23:55:10.528 [Test worker] DEBUG com.github.dockerjava.zerodep.shaded.org.apache.hc.client5.http.wire - http-outgoing-2 << "[\r][\n]"
23:55:10.528 [Test worker] DEBUG com.github.dockerjava.zerodep.shaded.org.apache.hc.client5.http.impl.classic.InternalHttpClient - ep-0000004B: releasing valid endpoint
23:55:10.528 [Test worker] DEBUG com.github.dockerjava.zerodep.shaded.org.apache.hc.client5.http.impl.io.PoolingHttpClientConnectionManager - ep-0000004B: releasing endpoint
23:55:10.528 [Test worker] DEBUG com.github.dockerjava.zerodep.shaded.org.apache.hc.client5.http.impl.io.PoolingHttpClientConnectionManager - ep-0000004B: connection http-outgoing-2 can be kept alive for 3 MINUTES
23:55:10.528 [Test worker] DEBUG com.github.dockerjava.zerodep.shaded.org.apache.hc.client5.http.impl.io.PoolingHttpClientConnectionManager - ep-0000004B: connection released [route: {}->unix://localhost:2375][total available: 1; route allocated: 1 of 2147483647; total allocated: 1 of 2147483647]
23:55:10.528 [Test worker] DEBUG ]]>&#x1f433;<![CDATA[ [mysql:latest] - Trying to create JDBC connection using com.mysql.cj.jdbc.Driver to jdbc:mysql://localhost:56289/adm_videos?useSSL=false&allowPublicKeyRetrieval=true with properties: {password=123456, user=root}
23:55:10.632 [Test worker] DEBUG org.testcontainers.shaded.com.github.dockerjava.core.command.AbstrDockerCmd - Cmd: c37a42694b7d1cff581f5e7b89a60b044af4721181408c271e821f1413201ca6,false
23:55:10.632 [Test worker] DEBUG org.testcontainers.shaded.com.github.dockerjava.core.exec.InspectContainerCmdExec - GET: DefaultWebTarget{path=[/containers/c37a42694b7d1cff581f5e7b89a60b044af4721181408c271e821f1413201ca6/json], queryParams={}}
23:55:10.632 [Test worker] DEBUG com.github.dockerjava.zerodep.shaded.org.apache.hc.client5.http.impl.classic.InternalHttpClient - ex-0000004D: preparing request execution
23:55:10.633 [Test worker] DEBUG com.github.dockerjava.zerodep.shaded.org.apache.hc.client5.http.protocol.RequestAddCookies - Cookie spec selected: strict
23:55:10.633 [Test worker] DEBUG com.github.dockerjava.zerodep.shaded.org.apache.hc.client5.http.protocol.RequestAuthCache - Auth cache not set in the context
23:55:10.633 [Test worker] DEBUG com.github.dockerjava.zerodep.shaded.org.apache.hc.client5.http.impl.classic.ProtocolExec - ex-0000004D: target auth state: UNCHALLENGED
23:55:10.633 [Test worker] DEBUG com.github.dockerjava.zerodep.shaded.org.apache.hc.client5.http.impl.classic.ProtocolExec - ex-0000004D: proxy auth state: UNCHALLENGED
23:55:10.633 [Test worker] DEBUG com.github.dockerjava.zerodep.shaded.org.apache.hc.client5.http.impl.classic.ConnectExec - ex-0000004D: acquiring connection with route {}->unix://localhost:2375
23:55:10.633 [Test worker] DEBUG com.github.dockerjava.zerodep.shaded.org.apache.hc.client5.http.impl.classic.InternalHttpClient - ex-0000004D: acquiring endpoint (3 MINUTES)
23:55:10.633 [Test worker] DEBUG com.github.dockerjava.zerodep.shaded.org.apache.hc.client5.http.impl.io.PoolingHttpClientConnectionManager - ex-0000004D: endpoint lease request (3 MINUTES) [route: {}->unix://localhost:2375][total available: 1; route allocated: 1 of 2147483647; total allocated: 1 of 2147483647]
23:55:10.633 [Test worker] DEBUG com.github.dockerjava.zerodep.shaded.org.apache.hc.client5.http.impl.io.PoolingHttpClientConnectionManager - ex-0000004D: endpoint leased [route: {}->unix://localhost:2375][total available: 0; route allocated: 1 of 2147483647; total allocated: 1 of 2147483647]
23:55:10.633 [Test worker] DEBUG com.github.dockerjava.zerodep.shaded.org.apache.hc.client5.http.impl.io.PoolingHttpClientConnectionManager - ex-0000004D: acquired ep-0000004C
23:55:10.633 [Test worker] DEBUG com.github.dockerjava.zerodep.shaded.org.apache.hc.client5.http.impl.classic.InternalHttpClient - ex-0000004D: acquired endpoint ep-0000004C
23:55:10.633 [Test worker] DEBUG com.github.dockerjava.zerodep.shaded.org.apache.hc.client5.http.impl.classic.MainClientExec - ex-0000004D: executing GET /v1.32/containers/c37a42694b7d1cff581f5e7b89a60b044af4721181408c271e821f1413201ca6/json HTTP/1.1
23:55:10.633 [Test worker] DEBUG com.github.dockerjava.zerodep.shaded.org.apache.hc.client5.http.impl.classic.InternalHttpClient - ep-0000004C: start execution ex-0000004D
23:55:10.633 [Test worker] DEBUG com.github.dockerjava.zerodep.shaded.org.apache.hc.client5.http.impl.io.PoolingHttpClientConnectionManager - ep-0000004C: executing exchange ex-0000004D over http-outgoing-2
23:55:10.633 [Test worker] DEBUG com.github.dockerjava.zerodep.shaded.org.apache.hc.client5.http.headers - http-outgoing-2 >> GET /v1.32/containers/c37a42694b7d1cff581f5e7b89a60b044af4721181408c271e821f1413201ca6/json HTTP/1.1
23:55:10.633 [Test worker] DEBUG com.github.dockerjava.zerodep.shaded.org.apache.hc.client5.http.headers - http-outgoing-2 >> accept: application/json
23:55:10.633 [Test worker] DEBUG com.github.dockerjava.zerodep.shaded.org.apache.hc.client5.http.headers - http-outgoing-2 >> x-tc-sid: 818a13d9-e138-4e41-b5a4-74fd927e6a2d
23:55:10.633 [Test worker] DEBUG com.github.dockerjava.zerodep.shaded.org.apache.hc.client5.http.headers - http-outgoing-2 >> Accept-Encoding: gzip, x-gzip, deflate
23:55:10.633 [Test worker] DEBUG com.github.dockerjava.zerodep.shaded.org.apache.hc.client5.http.headers - http-outgoing-2 >> Host: localhost:2375
23:55:10.633 [Test worker] DEBUG com.github.dockerjava.zerodep.shaded.org.apache.hc.client5.http.headers - http-outgoing-2 >> Connection: keep-alive
23:55:10.633 [Test worker] DEBUG com.github.dockerjava.zerodep.shaded.org.apache.hc.client5.http.headers - http-outgoing-2 >> User-Agent: Apache-HttpClient/5.0.3 (Java/17.0.2)
23:55:10.633 [Test worker] DEBUG com.github.dockerjava.zerodep.shaded.org.apache.hc.client5.http.wire - http-outgoing-2 >> "GET /v1.32/containers/c37a42694b7d1cff581f5e7b89a60b044af4721181408c271e821f1413201ca6/json HTTP/1.1[\r][\n]"
23:55:10.633 [Test worker] DEBUG com.github.dockerjava.zerodep.shaded.org.apache.hc.client5.http.wire - http-outgoing-2 >> "accept: application/json[\r][\n]"
23:55:10.633 [Test worker] DEBUG com.github.dockerjava.zerodep.shaded.org.apache.hc.client5.http.wire - http-outgoing-2 >> "x-tc-sid: 818a13d9-e138-4e41-b5a4-74fd927e6a2d[\r][\n]"
23:55:10.633 [Test worker] DEBUG com.github.dockerjava.zerodep.shaded.org.apache.hc.client5.http.wire - http-outgoing-2 >> "Accept-Encoding: gzip, x-gzip, deflate[\r][\n]"
23:55:10.633 [Test worker] DEBUG com.github.dockerjava.zerodep.shaded.org.apache.hc.client5.http.wire - http-outgoing-2 >> "Host: localhost:2375[\r][\n]"
23:55:10.633 [Test worker] DEBUG com.github.dockerjava.zerodep.shaded.org.apache.hc.client5.http.wire - http-outgoing-2 >> "Connection: keep-alive[\r][\n]"
23:55:10.633 [Test worker] DEBUG com.github.dockerjava.zerodep.shaded.org.apache.hc.client5.http.wire - http-outgoing-2 >> "User-Agent: Apache-HttpClient/5.0.3 (Java/17.0.2)[\r][\n]"
23:55:10.633 [Test worker] DEBUG com.github.dockerjava.zerodep.shaded.org.apache.hc.client5.http.wire - http-outgoing-2 >> "[\r][\n]"
23:55:10.635 [Test worker] DEBUG com.github.dockerjava.zerodep.shaded.org.apache.hc.client5.http.wire - http-outgoing-2 << "HTTP/1.1 200 OK[\r][\n]"
23:55:10.635 [Test worker] DEBUG com.github.dockerjava.zerodep.shaded.org.apache.hc.client5.http.wire - http-outgoing-2 << "Api-Version: 1.41[\r][\n]"
23:55:10.635 [Test worker] DEBUG com.github.dockerjava.zerodep.shaded.org.apache.hc.client5.http.wire - http-outgoing-2 << "Content-Type: application/json[\r][\n]"
23:55:10.635 [Test worker] DEBUG com.github.dockerjava.zerodep.shaded.org.apache.hc.client5.http.wire - http-outgoing-2 << "Date: Mon, 27 Mar 2023 02:55:10 GMT[\r][\n]"
23:55:10.635 [Test worker] DEBUG com.github.dockerjava.zerodep.shaded.org.apache.hc.client5.http.wire - http-outgoing-2 << "Docker-Experimental: false[\r][\n]"
23:55:10.635 [Test worker] DEBUG com.github.dockerjava.zerodep.shaded.org.apache.hc.client5.http.wire - http-outgoing-2 << "Ostype: linux[\r][\n]"
23:55:10.635 [Test worker] DEBUG com.github.dockerjava.zerodep.shaded.org.apache.hc.client5.http.wire - http-outgoing-2 << "Server: Docker/20.10.21 (linux)[\r][\n]"
23:55:10.635 [Test worker] DEBUG com.github.dockerjava.zerodep.shaded.org.apache.hc.client5.http.wire - http-outgoing-2 << "Transfer-Encoding: chunked[\r][\n]"
23:55:10.635 [Test worker] DEBUG com.github.dockerjava.zerodep.shaded.org.apache.hc.client5.http.wire - http-outgoing-2 << "[\r][\n]"
23:55:10.635 [Test worker] DEBUG com.github.dockerjava.zerodep.shaded.org.apache.hc.client5.http.headers - http-outgoing-2 << HTTP/1.1 200 OK
23:55:10.636 [Test worker] DEBUG com.github.dockerjava.zerodep.shaded.org.apache.hc.client5.http.headers - http-outgoing-2 << Api-Version: 1.41
23:55:10.636 [Test worker] DEBUG com.github.dockerjava.zerodep.shaded.org.apache.hc.client5.http.headers - http-outgoing-2 << Content-Type: application/json
23:55:10.636 [Test worker] DEBUG com.github.dockerjava.zerodep.shaded.org.apache.hc.client5.http.headers - http-outgoing-2 << Date: Mon, 27 Mar 2023 02:55:10 GMT
23:55:10.636 [Test worker] DEBUG com.github.dockerjava.zerodep.shaded.org.apache.hc.client5.http.headers - http-outgoing-2 << Docker-Experimental: false
23:55:10.636 [Test worker] DEBUG com.github.dockerjava.zerodep.shaded.org.apache.hc.client5.http.headers - http-outgoing-2 << Ostype: linux
23:55:10.636 [Test worker] DEBUG com.github.dockerjava.zerodep.shaded.org.apache.hc.client5.http.headers - http-outgoing-2 << Server: Docker/20.10.21 (linux)
23:55:10.636 [Test worker] DEBUG com.github.dockerjava.zerodep.shaded.org.apache.hc.client5.http.headers - http-outgoing-2 << Transfer-Encoding: chunked
23:55:10.636 [Test worker] DEBUG com.github.dockerjava.zerodep.shaded.org.apache.hc.client5.http.impl.classic.MainClientExec - ex-0000004D: connection can be kept alive for 3 MINUTES
23:55:10.637 [Test worker] DEBUG com.github.dockerjava.zerodep.shaded.org.apache.hc.client5.http.wire - http-outgoing-2 << "18c1[\r][\n]"
23:55:10.637 [Test worker] DEBUG com.github.dockerjava.zerodep.shaded.org.apache.hc.client5.http.wire - http-outgoing-2 << "{"Id":"c37a42694b7d1cff581f5e7b89a60b044af4721181408c271e821f1413201ca6","Created":"2023-03-27T02:55:02.49734542Z","Path":"docker-entrypoint.sh","Args":["mysqld"],"State":{"Status":"running","Running":true,"Paused":false,"Restarting":false,"OOMKilled":false,"Dead":false,"Pid":18342,"ExitCode":0,"Error":"","StartedAt":"2023-03-27T02:55:03.12719392Z","FinishedAt":"0001-01-01T00:00:00Z"},"Image":"sha256:c7c54c29e20dccc1aefb936c8eba8bb8b98b87a4921102aba87fde2df5810af9","ResolvConfPath":"/var/lib/docker/containers/c37a42694b7d1cff581f5e7b89a60b044af4721181408c271e821f1413201ca6/resolv.conf","HostnamePath":"/var/lib/docker/containers/c37a42694b7d1cff581f5e7b89a60b044af4721181408c271e821f1413201ca6/hostname","HostsPath":"/var/lib/docker/containers/c37a42694b7d1cff581f5e7b89a60b044af4721181408c271e821f1413201ca6/hosts","LogPath":"/var/lib/docker/containers/c37a42694b7d1cff581f5e7b89a60b044af4721181408c271e821f1413201ca6/c37a42694b7d1cff581f5e7b89a60b044af4721181408c271e821f1413201ca6-json.log","Name":"/elegant_mahavira","RestartCount":0,"Driver":"overlay2","Platform":"linux","MountLabel":"","ProcessLabel":"","AppArmorProfile":"","ExecIDs":null,"HostConfig":{"Binds":[],"ContainerIDFile":"","LogConfig":{"Type":"json-file","Config":{}},"NetworkMode":"default","PortBindings":{"3306/tcp":[{"HostIp":"0.0.0.0","HostPort":"0"}]},"RestartPolicy":{"Name":"","MaximumRetryCount":0},"AutoRemove":false,"VolumeDriver":"","VolumesFrom":[],"CapAdd":null,"CapDrop":null,"CgroupnsMode":"private","Dns":null,"DnsOptions":null,"DnsSearch":null,"ExtraHosts":[],"GroupAdd":null,"IpcMode":"shareable","Cgroup":"","Links":null,"OomScoreAdj":0,"PidMode":"","Privileged":false,"PublishAllPorts":false,"ReadonlyRootfs":false,"SecurityOpt":null,"UTSMode":"","UsernsMode":"","ShmSize":67108864,"Runtime":"runc","ConsoleSize":[0,0],"Isolation":"","CpuShares":0,"Memory":0,"NanoCpus":0,"CgroupParent":"","BlkioWeight":0,"BlkioWeightDevice":null,"BlkioDeviceReadBps":null,"BlkioDeviceWriteBps":null,"BlkioDeviceReadIOps":null,"BlkioDeviceWriteIOps":null,"CpuPeriod":0,"CpuQuota":0,"CpuRealtimePeriod":0,"CpuRealtimeRuntime":0,"CpusetCpus":"","CpusetMems":"","Devices":null,"DeviceCgroupRules":null,"DeviceRequests":null,"KernelMemory":0,"KernelMemoryTCP":0,"MemoryReservation":0,"MemorySwap":0,"MemorySwappiness":null,"OomKillDisable":null,"PidsLimit":null,"Ulimits":null,"CpuCount":0,"CpuPercent":0,"IOMaximumIOps":0,"IOMaximumBandwidth":0,"MaskedPaths":["/proc/asound","/proc/acpi","/proc/kcore","/proc/keys","/proc/latency_stats","/proc/timer_list","/proc/timer_stats","/proc/sched_debug","/proc/scsi","/sys/firmware"],"ReadonlyPaths":["/proc/bus","/proc/fs","/proc/irq","/proc/sys","/proc/sysrq-trigger"]},"GraphDriver":{"Data":{"LowerDir":"/var/lib/docker/overlay2/2c15a904a49807090175d7750f18e0f6a57e99c38a424839679cbaf676a4d500-init/diff:/var/lib/docker/overlay2/1bd8849d7a296305617011f940aa5cfabbe972a513397b1b6bbc27639b6c1f30/diff:/var/lib/docker/overlay2/199d69b2fbf78af4d4c95dec4fd2f8835ab0347eb49fb20ebb2ff3b99fedd6ad/diff:/var/lib/docker/overlay2/d83c38d654989311f75b9491329846033bfb7714de76ef635380dcfad5c740d9/diff:/var/lib/docker/overlay2/08600d0aea2ab2728bebcf5d2589c640a842f53d1ba3c4a4adccb4d03b923cf6/diff:/var/lib/docker/overlay2/9ec7c63a3fb14d13ac788bbf5e282ca821edc41260b79944e5e631037d13ecda/diff:/var/lib/docker/overlay2/db601d7a1b4ea6da638db620462f0da96fa55c559d02269c9ddb09027936ed87/diff:/var/lib/docker/overlay2/a6d2bd03f942e2565f21e74cfe152c7ec836a1c2b583f0790c685b92bdcfda24/diff:/var/lib/docker/overlay2/9badd16ea2c5e2bf1fde8b579683e41137dfc46ed5449234149f199a6751cc84/diff:/var/lib/docker/overlay2/6efb85646ed12e2d1181ef4cc6f6f6732c00c15a4035fe17ebc4f075ca573c30/diff:/var/lib/docker/overlay2/895d7c0ec09144d6ed33936f4e98e11c18010f7abd708cae1ce43aec7a7f2621/diff:/var/lib/docker/overlay2/1c4ba77aa573ab6e5e5069fd15eae71b3da940bde0f97a922a227ffc8a1d1096/diff","MergedDir":"/var/lib/docker/overlay2/2c15a904a49807090175d7750f18e0f6a57e99c38a424839679cbaf676a4d500/merged","UpperDir":"/var/lib/docker/overlay2/2c15a904a49807090175d7750f18e0f6a57e99c38a424839679cbaf676a4d500/diff","WorkDir":"/var/lib/docker/overlay2/2c15a904a49807090175d7750f18e0f6a57e99c38a424839679cbaf676a4d500/work"},"Name":"overlay2"},"Mounts":[{"Type":"volume","Name":"44a9389ce95a2961210e86afd6afe42b23405f43157b5dc00e010d283c01df79","Source":"/var/lib/docker/volumes/44a9389ce95a2961210e86afd6afe42b23405f43157b5dc00e010d283c01df79/_data","Destination":"/var/lib/mysql","Driver":"local","Mode":"","RW":true,"Propagation":""}],"Config":{"Hostname":"c37a42694b7d","Domainname":"","User":"","AttachStdin":false,"AttachStdout":false,"AttachStderr":false,"ExposedPorts":{"3306/tcp":{},"33060/tcp":{}},"Tty":false,"OpenStdin":false,"StdinOnce":false,"Env":["MYSQL_DATABASE=adm_videos","MYSQL_PASSWORD=123456","MYSQL_ROOT_PASSWORD=123456","PATH=/usr/local/sbin:/usr/local/bin:/usr/sbin:/usr/bin:/sbin:/bin","GOSU_VERSION=1.16","MYSQL_MAJOR=8.0","MYSQL_VERSION=8.0.32-1.el8","MYSQL_SHELL_VERSION=8.0.32-1.el8"],"Cmd":["mysqld"],"Image":"mysql:latest","Volumes":{"/var/lib/mysql":{}},"WorkingDir":"","Entrypoint":["docker-entrypoint.sh"],"OnBuild":null,"Labels":{"org.testcontainers":"true","org.testcontainers.lang":"java","org.testcontainers.sessionId":"818a13d9-e138-4e41-b5a4-74fd927e6a2d","org.testcontainers.version":"1.17.6"}},"NetworkSettings":{"Bridge":"","SandboxID":"bd1f3a626f226e407a1a406212013b21c93b302c93f9fd53a405b7fc5ff825b3","HairpinMode":false,"LinkLocalIPv6Address":"","LinkLocalIPv6PrefixLen":0,"Ports":{"3306/tcp":[{"HostIp":"0.0.0.0","HostPort":"56289"}],"33060/tcp":null},"SandboxKey":"/var/run/docker/netns/bd1f3a626f22","SecondaryIPAddresses":null,"SecondaryIPv6Addresses":null,"EndpointID":"a2b725c0c5ce4503f8e45e0c2adc4455b29a53a4866d3f23b2bce893a084641f","Gateway":"172.17.0.1","GlobalIPv6Address":"","GlobalIPv6PrefixLen":0,"IPAddress":"172.17.0.3","IPPrefixLen":16,"IPv6Gateway":"","MacAddress":"02:42:ac:11:00:03","Networks":{"bridge":{"IPAMConfig":null,"Links":null,"Aliases":null,"NetworkID":"308e234c143065751b16b4500cb9f48d5c7fc2116504b3d816a5e51cd4771062","EndpointID":"a2b725c0c5ce4503f8e45e0c2adc4455b29a53a4866d3f23b2bce893a084641f","Gateway":"172.17.0.1","IPAddress":"172.17.0.3","IPPrefixLen":16,"IPv6Gateway":"","GlobalIPv6Address":"","GlobalIPv6PrefixLen":0,"MacAddress":"02:42:ac:11:00:03","DriverOpts":null}}}}[\n]"
23:55:10.637 [Test worker] DEBUG com.github.dockerjava.zerodep.shaded.org.apache.hc.client5.http.wire - http-outgoing-2 << "[\r][\n]"
23:55:10.638 [Test worker] DEBUG com.github.dockerjava.zerodep.shaded.org.apache.hc.client5.http.wire - http-outgoing-2 << "0[\r][\n]"
23:55:10.638 [Test worker] DEBUG com.github.dockerjava.zerodep.shaded.org.apache.hc.client5.http.wire - http-outgoing-2 << "[\r][\n]"
23:55:10.638 [Test worker] DEBUG com.github.dockerjava.zerodep.shaded.org.apache.hc.client5.http.impl.classic.InternalHttpClient - ep-0000004C: releasing valid endpoint
23:55:10.638 [Test worker] DEBUG com.github.dockerjava.zerodep.shaded.org.apache.hc.client5.http.impl.io.PoolingHttpClientConnectionManager - ep-0000004C: releasing endpoint
23:55:10.638 [Test worker] DEBUG com.github.dockerjava.zerodep.shaded.org.apache.hc.client5.http.impl.io.PoolingHttpClientConnectionManager - ep-0000004C: connection http-outgoing-2 can be kept alive for 3 MINUTES
23:55:10.638 [Test worker] DEBUG com.github.dockerjava.zerodep.shaded.org.apache.hc.client5.http.impl.io.PoolingHttpClientConnectionManager - ep-0000004C: connection released [route: {}->unix://localhost:2375][total available: 1; route allocated: 1 of 2147483647; total allocated: 1 of 2147483647]
23:55:10.638 [Test worker] DEBUG ]]>&#x1f433;<![CDATA[ [mysql:latest] - Trying to create JDBC connection using com.mysql.cj.jdbc.Driver to jdbc:mysql://localhost:56289/adm_videos?useSSL=false&allowPublicKeyRetrieval=true with properties: {password=123456, user=root}
23:55:10.744 [Test worker] DEBUG org.testcontainers.shaded.com.github.dockerjava.core.command.AbstrDockerCmd - Cmd: c37a42694b7d1cff581f5e7b89a60b044af4721181408c271e821f1413201ca6,false
23:55:10.744 [Test worker] DEBUG org.testcontainers.shaded.com.github.dockerjava.core.exec.InspectContainerCmdExec - GET: DefaultWebTarget{path=[/containers/c37a42694b7d1cff581f5e7b89a60b044af4721181408c271e821f1413201ca6/json], queryParams={}}
23:55:10.745 [Test worker] DEBUG com.github.dockerjava.zerodep.shaded.org.apache.hc.client5.http.impl.classic.InternalHttpClient - ex-0000004E: preparing request execution
23:55:10.745 [Test worker] DEBUG com.github.dockerjava.zerodep.shaded.org.apache.hc.client5.http.protocol.RequestAddCookies - Cookie spec selected: strict
23:55:10.747 [Test worker] DEBUG com.github.dockerjava.zerodep.shaded.org.apache.hc.client5.http.protocol.RequestAuthCache - Auth cache not set in the context
23:55:10.753 [Test worker] DEBUG com.github.dockerjava.zerodep.shaded.org.apache.hc.client5.http.impl.classic.ProtocolExec - ex-0000004E: target auth state: UNCHALLENGED
23:55:10.753 [Test worker] DEBUG com.github.dockerjava.zerodep.shaded.org.apache.hc.client5.http.impl.classic.ProtocolExec - ex-0000004E: proxy auth state: UNCHALLENGED
23:55:10.753 [Test worker] DEBUG com.github.dockerjava.zerodep.shaded.org.apache.hc.client5.http.impl.classic.ConnectExec - ex-0000004E: acquiring connection with route {}->unix://localhost:2375
23:55:10.754 [Test worker] DEBUG com.github.dockerjava.zerodep.shaded.org.apache.hc.client5.http.impl.classic.InternalHttpClient - ex-0000004E: acquiring endpoint (3 MINUTES)
23:55:10.754 [Test worker] DEBUG com.github.dockerjava.zerodep.shaded.org.apache.hc.client5.http.impl.io.PoolingHttpClientConnectionManager - ex-0000004E: endpoint lease request (3 MINUTES) [route: {}->unix://localhost:2375][total available: 1; route allocated: 1 of 2147483647; total allocated: 1 of 2147483647]
23:55:10.754 [Test worker] DEBUG com.github.dockerjava.zerodep.shaded.org.apache.hc.client5.http.impl.io.PoolingHttpClientConnectionManager - ex-0000004E: endpoint leased [route: {}->unix://localhost:2375][total available: 0; route allocated: 1 of 2147483647; total allocated: 1 of 2147483647]
23:55:10.754 [Test worker] DEBUG com.github.dockerjava.zerodep.shaded.org.apache.hc.client5.http.impl.io.PoolingHttpClientConnectionManager - ex-0000004E: acquired ep-0000004D
23:55:10.754 [Test worker] DEBUG com.github.dockerjava.zerodep.shaded.org.apache.hc.client5.http.impl.classic.InternalHttpClient - ex-0000004E: acquired endpoint ep-0000004D
23:55:10.754 [Test worker] DEBUG com.github.dockerjava.zerodep.shaded.org.apache.hc.client5.http.impl.classic.MainClientExec - ex-0000004E: executing GET /v1.32/containers/c37a42694b7d1cff581f5e7b89a60b044af4721181408c271e821f1413201ca6/json HTTP/1.1
23:55:10.754 [Test worker] DEBUG com.github.dockerjava.zerodep.shaded.org.apache.hc.client5.http.impl.classic.InternalHttpClient - ep-0000004D: start execution ex-0000004E
23:55:10.754 [Test worker] DEBUG com.github.dockerjava.zerodep.shaded.org.apache.hc.client5.http.impl.io.PoolingHttpClientConnectionManager - ep-0000004D: executing exchange ex-0000004E over http-outgoing-2
23:55:10.754 [Test worker] DEBUG com.github.dockerjava.zerodep.shaded.org.apache.hc.client5.http.headers - http-outgoing-2 >> GET /v1.32/containers/c37a42694b7d1cff581f5e7b89a60b044af4721181408c271e821f1413201ca6/json HTTP/1.1
23:55:10.754 [Test worker] DEBUG com.github.dockerjava.zerodep.shaded.org.apache.hc.client5.http.headers - http-outgoing-2 >> accept: application/json
23:55:10.754 [Test worker] DEBUG com.github.dockerjava.zerodep.shaded.org.apache.hc.client5.http.headers - http-outgoing-2 >> x-tc-sid: 818a13d9-e138-4e41-b5a4-74fd927e6a2d
23:55:10.754 [Test worker] DEBUG com.github.dockerjava.zerodep.shaded.org.apache.hc.client5.http.headers - http-outgoing-2 >> Accept-Encoding: gzip, x-gzip, deflate
23:55:10.754 [Test worker] DEBUG com.github.dockerjava.zerodep.shaded.org.apache.hc.client5.http.headers - http-outgoing-2 >> Host: localhost:2375
23:55:10.754 [Test worker] DEBUG com.github.dockerjava.zerodep.shaded.org.apache.hc.client5.http.headers - http-outgoing-2 >> Connection: keep-alive
23:55:10.754 [Test worker] DEBUG com.github.dockerjava.zerodep.shaded.org.apache.hc.client5.http.headers - http-outgoing-2 >> User-Agent: Apache-HttpClient/5.0.3 (Java/17.0.2)
23:55:10.754 [Test worker] DEBUG com.github.dockerjava.zerodep.shaded.org.apache.hc.client5.http.wire - http-outgoing-2 >> "GET /v1.32/containers/c37a42694b7d1cff581f5e7b89a60b044af4721181408c271e821f1413201ca6/json HTTP/1.1[\r][\n]"
23:55:10.754 [Test worker] DEBUG com.github.dockerjava.zerodep.shaded.org.apache.hc.client5.http.wire - http-outgoing-2 >> "accept: application/json[\r][\n]"
23:55:10.754 [Test worker] DEBUG com.github.dockerjava.zerodep.shaded.org.apache.hc.client5.http.wire - http-outgoing-2 >> "x-tc-sid: 818a13d9-e138-4e41-b5a4-74fd927e6a2d[\r][\n]"
23:55:10.754 [Test worker] DEBUG com.github.dockerjava.zerodep.shaded.org.apache.hc.client5.http.wire - http-outgoing-2 >> "Accept-Encoding: gzip, x-gzip, deflate[\r][\n]"
23:55:10.754 [Test worker] DEBUG com.github.dockerjava.zerodep.shaded.org.apache.hc.client5.http.wire - http-outgoing-2 >> "Host: localhost:2375[\r][\n]"
23:55:10.754 [Test worker] DEBUG com.github.dockerjava.zerodep.shaded.org.apache.hc.client5.http.wire - http-outgoing-2 >> "Connection: keep-alive[\r][\n]"
23:55:10.754 [Test worker] DEBUG com.github.dockerjava.zerodep.shaded.org.apache.hc.client5.http.wire - http-outgoing-2 >> "User-Agent: Apache-HttpClient/5.0.3 (Java/17.0.2)[\r][\n]"
23:55:10.754 [Test worker] DEBUG com.github.dockerjava.zerodep.shaded.org.apache.hc.client5.http.wire - http-outgoing-2 >> "[\r][\n]"
23:55:10.758 [Test worker] DEBUG com.github.dockerjava.zerodep.shaded.org.apache.hc.client5.http.wire - http-outgoing-2 << "HTTP/1.1 200 OK[\r][\n]"
23:55:10.758 [Test worker] DEBUG com.github.dockerjava.zerodep.shaded.org.apache.hc.client5.http.wire - http-outgoing-2 << "Api-Version: 1.41[\r][\n]"
23:55:10.758 [Test worker] DEBUG com.github.dockerjava.zerodep.shaded.org.apache.hc.client5.http.wire - http-outgoing-2 << "Content-Type: application/json[\r][\n]"
23:55:10.758 [Test worker] DEBUG com.github.dockerjava.zerodep.shaded.org.apache.hc.client5.http.wire - http-outgoing-2 << "Date: Mon, 27 Mar 2023 02:55:10 GMT[\r][\n]"
23:55:10.758 [Test worker] DEBUG com.github.dockerjava.zerodep.shaded.org.apache.hc.client5.http.wire - http-outgoing-2 << "Docker-Experimental: false[\r][\n]"
23:55:10.758 [Test worker] DEBUG com.github.dockerjava.zerodep.shaded.org.apache.hc.client5.http.wire - http-outgoing-2 << "Ostype: linux[\r][\n]"
23:55:10.758 [Test worker] DEBUG com.github.dockerjava.zerodep.shaded.org.apache.hc.client5.http.wire - http-outgoing-2 << "Server: Docker/20.10.21 (linux)[\r][\n]"
23:55:10.758 [Test worker] DEBUG com.github.dockerjava.zerodep.shaded.org.apache.hc.client5.http.wire - http-outgoing-2 << "Transfer-Encoding: chunked[\r][\n]"
23:55:10.758 [Test worker] DEBUG com.github.dockerjava.zerodep.shaded.org.apache.hc.client5.http.wire - http-outgoing-2 << "[\r][\n]"
23:55:10.758 [Test worker] DEBUG com.github.dockerjava.zerodep.shaded.org.apache.hc.client5.http.headers - http-outgoing-2 << HTTP/1.1 200 OK
23:55:10.758 [Test worker] DEBUG com.github.dockerjava.zerodep.shaded.org.apache.hc.client5.http.headers - http-outgoing-2 << Api-Version: 1.41
23:55:10.758 [Test worker] DEBUG com.github.dockerjava.zerodep.shaded.org.apache.hc.client5.http.headers - http-outgoing-2 << Content-Type: application/json
23:55:10.758 [Test worker] DEBUG com.github.dockerjava.zerodep.shaded.org.apache.hc.client5.http.headers - http-outgoing-2 << Date: Mon, 27 Mar 2023 02:55:10 GMT
23:55:10.758 [Test worker] DEBUG com.github.dockerjava.zerodep.shaded.org.apache.hc.client5.http.headers - http-outgoing-2 << Docker-Experimental: false
23:55:10.758 [Test worker] DEBUG com.github.dockerjava.zerodep.shaded.org.apache.hc.client5.http.headers - http-outgoing-2 << Ostype: linux
23:55:10.758 [Test worker] DEBUG com.github.dockerjava.zerodep.shaded.org.apache.hc.client5.http.headers - http-outgoing-2 << Server: Docker/20.10.21 (linux)
23:55:10.758 [Test worker] DEBUG com.github.dockerjava.zerodep.shaded.org.apache.hc.client5.http.headers - http-outgoing-2 << Transfer-Encoding: chunked
23:55:10.758 [Test worker] DEBUG com.github.dockerjava.zerodep.shaded.org.apache.hc.client5.http.impl.classic.MainClientExec - ex-0000004E: connection can be kept alive for 3 MINUTES
23:55:10.760 [Test worker] DEBUG com.github.dockerjava.zerodep.shaded.org.apache.hc.client5.http.wire - http-outgoing-2 << "18c1[\r][\n]"
23:55:10.760 [Test worker] DEBUG com.github.dockerjava.zerodep.shaded.org.apache.hc.client5.http.wire - http-outgoing-2 << "{"Id":"c37a42694b7d1cff581f5e7b89a60b044af4721181408c271e821f1413201ca6","Created":"2023-03-27T02:55:02.49734542Z","Path":"docker-entrypoint.sh","Args":["mysqld"],"State":{"Status":"running","Running":true,"Paused":false,"Restarting":false,"OOMKilled":false,"Dead":false,"Pid":18342,"ExitCode":0,"Error":"","StartedAt":"2023-03-27T02:55:03.12719392Z","FinishedAt":"0001-01-01T00:00:00Z"},"Image":"sha256:c7c54c29e20dccc1aefb936c8eba8bb8b98b87a4921102aba87fde2df5810af9","ResolvConfPath":"/var/lib/docker/containers/c37a42694b7d1cff581f5e7b89a60b044af4721181408c271e821f1413201ca6/resolv.conf","HostnamePath":"/var/lib/docker/containers/c37a42694b7d1cff581f5e7b89a60b044af4721181408c271e821f1413201ca6/hostname","HostsPath":"/var/lib/docker/containers/c37a42694b7d1cff581f5e7b89a60b044af4721181408c271e821f1413201ca6/hosts","LogPath":"/var/lib/docker/containers/c37a42694b7d1cff581f5e7b89a60b044af4721181408c271e821f1413201ca6/c37a42694b7d1cff581f5e7b89a60b044af4721181408c271e821f1413201ca6-json.log","Name":"/elegant_mahavira","RestartCount":0,"Driver":"overlay2","Platform":"linux","MountLabel":"","ProcessLabel":"","AppArmorProfile":"","ExecIDs":null,"HostConfig":{"Binds":[],"ContainerIDFile":"","LogConfig":{"Type":"json-file","Config":{}},"NetworkMode":"default","PortBindings":{"3306/tcp":[{"HostIp":"0.0.0.0","HostPort":"0"}]},"RestartPolicy":{"Name":"","MaximumRetryCount":0},"AutoRemove":false,"VolumeDriver":"","VolumesFrom":[],"CapAdd":null,"CapDrop":null,"CgroupnsMode":"private","Dns":null,"DnsOptions":null,"DnsSearch":null,"ExtraHosts":[],"GroupAdd":null,"IpcMode":"shareable","Cgroup":"","Links":null,"OomScoreAdj":0,"PidMode":"","Privileged":false,"PublishAllPorts":false,"ReadonlyRootfs":false,"SecurityOpt":null,"UTSMode":"","UsernsMode":"","ShmSize":67108864,"Runtime":"runc","ConsoleSize":[0,0],"Isolation":"","CpuShares":0,"Memory":0,"NanoCpus":0,"CgroupParent":"","BlkioWeight":0,"BlkioWeightDevice":null,"BlkioDeviceReadBps":null,"BlkioDeviceWriteBps":null,"BlkioDeviceReadIOps":null,"BlkioDeviceWriteIOps":null,"CpuPeriod":0,"CpuQuota":0,"CpuRealtimePeriod":0,"CpuRealtimeRuntime":0,"CpusetCpus":"","CpusetMems":"","Devices":null,"DeviceCgroupRules":null,"DeviceRequests":null,"KernelMemory":0,"KernelMemoryTCP":0,"MemoryReservation":0,"MemorySwap":0,"MemorySwappiness":null,"OomKillDisable":null,"PidsLimit":null,"Ulimits":null,"CpuCount":0,"CpuPercent":0,"IOMaximumIOps":0,"IOMaximumBandwidth":0,"MaskedPaths":["/proc/asound","/proc/acpi","/proc/kcore","/proc/keys","/proc/latency_stats","/proc/timer_list","/proc/timer_stats","/proc/sched_debug","/proc/scsi","/sys/firmware"],"ReadonlyPaths":["/proc/bus","/proc/fs","/proc/irq","/proc/sys","/proc/sysrq-trigger"]},"GraphDriver":{"Data":{"LowerDir":"/var/lib/docker/overlay2/2c15a904a49807090175d7750f18e0f6a57e99c38a424839679cbaf676a4d500-init/diff:/var/lib/docker/overlay2/1bd8849d7a296305617011f940aa5cfabbe972a513397b1b6bbc27639b6c1f30/diff:/var/lib/docker/overlay2/199d69b2fbf78af4d4c95dec4fd2f8835ab0347eb49fb20ebb2ff3b99fedd6ad/diff:/var/lib/docker/overlay2/d83c38d654989311f75b9491329846033bfb7714de76ef635380dcfad5c740d9/diff:/var/lib/docker/overlay2/08600d0aea2ab2728bebcf5d2589c640a842f53d1ba3c4a4adccb4d03b923cf6/diff:/var/lib/docker/overlay2/9ec7c63a3fb14d13ac788bbf5e282ca821edc41260b79944e5e631037d13ecda/diff:/var/lib/docker/overlay2/db601d7a1b4ea6da638db620462f0da96fa55c559d02269c9ddb09027936ed87/diff:/var/lib/docker/overlay2/a6d2bd03f942e2565f21e74cfe152c7ec836a1c2b583f0790c685b92bdcfda24/diff:/var/lib/docker/overlay2/9badd16ea2c5e2bf1fde8b579683e41137dfc46ed5449234149f199a6751cc84/diff:/var/lib/docker/overlay2/6efb85646ed12e2d1181ef4cc6f6f6732c00c15a4035fe17ebc4f075ca573c30/diff:/var/lib/docker/overlay2/895d7c0ec09144d6ed33936f4e98e11c18010f7abd708cae1ce43aec7a7f2621/diff:/var/lib/docker/overlay2/1c4ba77aa573ab6e5e5069fd15eae71b3da940bde0f97a922a227ffc8a1d1096/diff","MergedDir":"/var/lib/docker/overlay2/2c15a904a49807090175d7750f18e0f6a57e99c38a424839679cbaf676a4d500/merged","UpperDir":"/var/lib/docker/overlay2/2c15a904a49807090175d7750f18e0f6a57e99c38a424839679cbaf676a4d500/diff","WorkDir":"/var/lib/docker/overlay2/2c15a904a49807090175d7750f18e0f6a57e99c38a424839679cbaf676a4d500/work"},"Name":"overlay2"},"Mounts":[{"Type":"volume","Name":"44a9389ce95a2961210e86afd6afe42b23405f43157b5dc00e010d283c01df79","Source":"/var/lib/docker/volumes/44a9389ce95a2961210e86afd6afe42b23405f43157b5dc00e010d283c01df79/_data","Destination":"/var/lib/mysql","Driver":"local","Mode":"","RW":true,"Propagation":""}],"Config":{"Hostname":"c37a42694b7d","Domainname":"","User":"","AttachStdin":false,"AttachStdout":false,"AttachStderr":false,"ExposedPorts":{"3306/tcp":{},"33060/tcp":{}},"Tty":false,"OpenStdin":false,"StdinOnce":false,"Env":["MYSQL_DATABASE=adm_videos","MYSQL_PASSWORD=123456","MYSQL_ROOT_PASSWORD=123456","PATH=/usr/local/sbin:/usr/local/bin:/usr/sbin:/usr/bin:/sbin:/bin","GOSU_VERSION=1.16","MYSQL_MAJOR=8.0","MYSQL_VERSION=8.0.32-1.el8","MYSQL_SHELL_VERSION=8.0.32-1.el8"],"Cmd":["mysqld"],"Image":"mysql:latest","Volumes":{"/var/lib/mysql":{}},"WorkingDir":"","Entrypoint":["docker-entrypoint.sh"],"OnBuild":null,"Labels":{"org.testcontainers":"true","org.testcontainers.lang":"java","org.testcontainers.sessionId":"818a13d9-e138-4e41-b5a4-74fd927e6a2d","org.testcontainers.version":"1.17.6"}},"NetworkSettings":{"Bridge":"","SandboxID":"bd1f3a626f226e407a1a406212013b21c93b302c93f9fd53a405b7fc5ff825b3","HairpinMode":false,"LinkLocalIPv6Address":"","LinkLocalIPv6PrefixLen":0,"Ports":{"3306/tcp":[{"HostIp":"0.0.0.0","HostPort":"56289"}],"33060/tcp":null},"SandboxKey":"/var/run/docker/netns/bd1f3a626f22","SecondaryIPAddresses":null,"SecondaryIPv6Addresses":null,"EndpointID":"a2b725c0c5ce4503f8e45e0c2adc4455b29a53a4866d3f23b2bce893a084641f","Gateway":"172.17.0.1","GlobalIPv6Address":"","GlobalIPv6PrefixLen":0,"IPAddress":"172.17.0.3","IPPrefixLen":16,"IPv6Gateway":"","MacAddress":"02:42:ac:11:00:03","Networks":{"bridge":{"IPAMConfig":null,"Links":null,"Aliases":null,"NetworkID":"308e234c143065751b16b4500cb9f48d5c7fc2116504b3d816a5e51cd4771062","EndpointID":"a2b725c0c5ce4503f8e45e0c2adc4455b29a53a4866d3f23b2bce893a084641f","Gateway":"172.17.0.1","IPAddress":"172.17.0.3","IPPrefixLen":16,"IPv6Gateway":"","GlobalIPv6Address":"","GlobalIPv6PrefixLen":0,"MacAddress":"02:42:ac:11:00:03","DriverOpts":null}}}}[\n]"
23:55:10.760 [Test worker] DEBUG com.github.dockerjava.zerodep.shaded.org.apache.hc.client5.http.wire - http-outgoing-2 << "[\r][\n]"
23:55:10.761 [Test worker] DEBUG com.github.dockerjava.zerodep.shaded.org.apache.hc.client5.http.wire - http-outgoing-2 << "0[\r][\n]"
23:55:10.761 [Test worker] DEBUG com.github.dockerjava.zerodep.shaded.org.apache.hc.client5.http.wire - http-outgoing-2 << "[\r][\n]"
23:55:10.761 [Test worker] DEBUG com.github.dockerjava.zerodep.shaded.org.apache.hc.client5.http.impl.classic.InternalHttpClient - ep-0000004D: releasing valid endpoint
23:55:10.761 [Test worker] DEBUG com.github.dockerjava.zerodep.shaded.org.apache.hc.client5.http.impl.io.PoolingHttpClientConnectionManager - ep-0000004D: releasing endpoint
23:55:10.761 [Test worker] DEBUG com.github.dockerjava.zerodep.shaded.org.apache.hc.client5.http.impl.io.PoolingHttpClientConnectionManager - ep-0000004D: connection http-outgoing-2 can be kept alive for 3 MINUTES
23:55:10.761 [Test worker] DEBUG com.github.dockerjava.zerodep.shaded.org.apache.hc.client5.http.impl.io.PoolingHttpClientConnectionManager - ep-0000004D: connection released [route: {}->unix://localhost:2375][total available: 1; route allocated: 1 of 2147483647; total allocated: 1 of 2147483647]
23:55:10.761 [Test worker] DEBUG ]]>&#x1f433;<![CDATA[ [mysql:latest] - Trying to create JDBC connection using com.mysql.cj.jdbc.Driver to jdbc:mysql://localhost:56289/adm_videos?useSSL=false&allowPublicKeyRetrieval=true with properties: {password=123456, user=root}
23:55:10.865 [Test worker] DEBUG org.testcontainers.shaded.com.github.dockerjava.core.command.AbstrDockerCmd - Cmd: c37a42694b7d1cff581f5e7b89a60b044af4721181408c271e821f1413201ca6,false
23:55:10.866 [Test worker] DEBUG org.testcontainers.shaded.com.github.dockerjava.core.exec.InspectContainerCmdExec - GET: DefaultWebTarget{path=[/containers/c37a42694b7d1cff581f5e7b89a60b044af4721181408c271e821f1413201ca6/json], queryParams={}}
23:55:10.866 [Test worker] DEBUG com.github.dockerjava.zerodep.shaded.org.apache.hc.client5.http.impl.classic.InternalHttpClient - ex-0000004F: preparing request execution
23:55:10.866 [Test worker] DEBUG com.github.dockerjava.zerodep.shaded.org.apache.hc.client5.http.protocol.RequestAddCookies - Cookie spec selected: strict
23:55:10.866 [Test worker] DEBUG com.github.dockerjava.zerodep.shaded.org.apache.hc.client5.http.protocol.RequestAuthCache - Auth cache not set in the context
23:55:10.866 [Test worker] DEBUG com.github.dockerjava.zerodep.shaded.org.apache.hc.client5.http.impl.classic.ProtocolExec - ex-0000004F: target auth state: UNCHALLENGED
23:55:10.866 [Test worker] DEBUG com.github.dockerjava.zerodep.shaded.org.apache.hc.client5.http.impl.classic.ProtocolExec - ex-0000004F: proxy auth state: UNCHALLENGED
23:55:10.866 [Test worker] DEBUG com.github.dockerjava.zerodep.shaded.org.apache.hc.client5.http.impl.classic.ConnectExec - ex-0000004F: acquiring connection with route {}->unix://localhost:2375
23:55:10.866 [Test worker] DEBUG com.github.dockerjava.zerodep.shaded.org.apache.hc.client5.http.impl.classic.InternalHttpClient - ex-0000004F: acquiring endpoint (3 MINUTES)
23:55:10.866 [Test worker] DEBUG com.github.dockerjava.zerodep.shaded.org.apache.hc.client5.http.impl.io.PoolingHttpClientConnectionManager - ex-0000004F: endpoint lease request (3 MINUTES) [route: {}->unix://localhost:2375][total available: 1; route allocated: 1 of 2147483647; total allocated: 1 of 2147483647]
23:55:10.866 [Test worker] DEBUG com.github.dockerjava.zerodep.shaded.org.apache.hc.client5.http.impl.io.PoolingHttpClientConnectionManager - ex-0000004F: endpoint leased [route: {}->unix://localhost:2375][total available: 0; route allocated: 1 of 2147483647; total allocated: 1 of 2147483647]
23:55:10.866 [Test worker] DEBUG com.github.dockerjava.zerodep.shaded.org.apache.hc.client5.http.impl.io.PoolingHttpClientConnectionManager - ex-0000004F: acquired ep-0000004E
23:55:10.866 [Test worker] DEBUG com.github.dockerjava.zerodep.shaded.org.apache.hc.client5.http.impl.classic.InternalHttpClient - ex-0000004F: acquired endpoint ep-0000004E
23:55:10.866 [Test worker] DEBUG com.github.dockerjava.zerodep.shaded.org.apache.hc.client5.http.impl.classic.MainClientExec - ex-0000004F: executing GET /v1.32/containers/c37a42694b7d1cff581f5e7b89a60b044af4721181408c271e821f1413201ca6/json HTTP/1.1
23:55:10.866 [Test worker] DEBUG com.github.dockerjava.zerodep.shaded.org.apache.hc.client5.http.impl.classic.InternalHttpClient - ep-0000004E: start execution ex-0000004F
23:55:10.866 [Test worker] DEBUG com.github.dockerjava.zerodep.shaded.org.apache.hc.client5.http.impl.io.PoolingHttpClientConnectionManager - ep-0000004E: executing exchange ex-0000004F over http-outgoing-2
23:55:10.866 [Test worker] DEBUG com.github.dockerjava.zerodep.shaded.org.apache.hc.client5.http.headers - http-outgoing-2 >> GET /v1.32/containers/c37a42694b7d1cff581f5e7b89a60b044af4721181408c271e821f1413201ca6/json HTTP/1.1
23:55:10.866 [Test worker] DEBUG com.github.dockerjava.zerodep.shaded.org.apache.hc.client5.http.headers - http-outgoing-2 >> accept: application/json
23:55:10.866 [Test worker] DEBUG com.github.dockerjava.zerodep.shaded.org.apache.hc.client5.http.headers - http-outgoing-2 >> x-tc-sid: 818a13d9-e138-4e41-b5a4-74fd927e6a2d
23:55:10.866 [Test worker] DEBUG com.github.dockerjava.zerodep.shaded.org.apache.hc.client5.http.headers - http-outgoing-2 >> Accept-Encoding: gzip, x-gzip, deflate
23:55:10.866 [Test worker] DEBUG com.github.dockerjava.zerodep.shaded.org.apache.hc.client5.http.headers - http-outgoing-2 >> Host: localhost:2375
23:55:10.866 [Test worker] DEBUG com.github.dockerjava.zerodep.shaded.org.apache.hc.client5.http.headers - http-outgoing-2 >> Connection: keep-alive
23:55:10.866 [Test worker] DEBUG com.github.dockerjava.zerodep.shaded.org.apache.hc.client5.http.headers - http-outgoing-2 >> User-Agent: Apache-HttpClient/5.0.3 (Java/17.0.2)
23:55:10.866 [Test worker] DEBUG com.github.dockerjava.zerodep.shaded.org.apache.hc.client5.http.wire - http-outgoing-2 >> "GET /v1.32/containers/c37a42694b7d1cff581f5e7b89a60b044af4721181408c271e821f1413201ca6/json HTTP/1.1[\r][\n]"
23:55:10.866 [Test worker] DEBUG com.github.dockerjava.zerodep.shaded.org.apache.hc.client5.http.wire - http-outgoing-2 >> "accept: application/json[\r][\n]"
23:55:10.866 [Test worker] DEBUG com.github.dockerjava.zerodep.shaded.org.apache.hc.client5.http.wire - http-outgoing-2 >> "x-tc-sid: 818a13d9-e138-4e41-b5a4-74fd927e6a2d[\r][\n]"
23:55:10.866 [Test worker] DEBUG com.github.dockerjava.zerodep.shaded.org.apache.hc.client5.http.wire - http-outgoing-2 >> "Accept-Encoding: gzip, x-gzip, deflate[\r][\n]"
23:55:10.866 [Test worker] DEBUG com.github.dockerjava.zerodep.shaded.org.apache.hc.client5.http.wire - http-outgoing-2 >> "Host: localhost:2375[\r][\n]"
23:55:10.866 [Test worker] DEBUG com.github.dockerjava.zerodep.shaded.org.apache.hc.client5.http.wire - http-outgoing-2 >> "Connection: keep-alive[\r][\n]"
23:55:10.866 [Test worker] DEBUG com.github.dockerjava.zerodep.shaded.org.apache.hc.client5.http.wire - http-outgoing-2 >> "User-Agent: Apache-HttpClient/5.0.3 (Java/17.0.2)[\r][\n]"
23:55:10.866 [Test worker] DEBUG com.github.dockerjava.zerodep.shaded.org.apache.hc.client5.http.wire - http-outgoing-2 >> "[\r][\n]"
23:55:10.868 [Test worker] DEBUG com.github.dockerjava.zerodep.shaded.org.apache.hc.client5.http.wire - http-outgoing-2 << "HTTP/1.1 200 OK[\r][\n]"
23:55:10.868 [Test worker] DEBUG com.github.dockerjava.zerodep.shaded.org.apache.hc.client5.http.wire - http-outgoing-2 << "Api-Version: 1.41[\r][\n]"
23:55:10.868 [Test worker] DEBUG com.github.dockerjava.zerodep.shaded.org.apache.hc.client5.http.wire - http-outgoing-2 << "Content-Type: application/json[\r][\n]"
23:55:10.868 [Test worker] DEBUG com.github.dockerjava.zerodep.shaded.org.apache.hc.client5.http.wire - http-outgoing-2 << "Date: Mon, 27 Mar 2023 02:55:10 GMT[\r][\n]"
23:55:10.868 [Test worker] DEBUG com.github.dockerjava.zerodep.shaded.org.apache.hc.client5.http.wire - http-outgoing-2 << "Docker-Experimental: false[\r][\n]"
23:55:10.868 [Test worker] DEBUG com.github.dockerjava.zerodep.shaded.org.apache.hc.client5.http.wire - http-outgoing-2 << "Ostype: linux[\r][\n]"
23:55:10.868 [Test worker] DEBUG com.github.dockerjava.zerodep.shaded.org.apache.hc.client5.http.wire - http-outgoing-2 << "Server: Docker/20.10.21 (linux)[\r][\n]"
23:55:10.868 [Test worker] DEBUG com.github.dockerjava.zerodep.shaded.org.apache.hc.client5.http.wire - http-outgoing-2 << "Transfer-Encoding: chunked[\r][\n]"
23:55:10.868 [Test worker] DEBUG com.github.dockerjava.zerodep.shaded.org.apache.hc.client5.http.wire - http-outgoing-2 << "[\r][\n]"
23:55:10.868 [Test worker] DEBUG com.github.dockerjava.zerodep.shaded.org.apache.hc.client5.http.headers - http-outgoing-2 << HTTP/1.1 200 OK
23:55:10.868 [Test worker] DEBUG com.github.dockerjava.zerodep.shaded.org.apache.hc.client5.http.headers - http-outgoing-2 << Api-Version: 1.41
23:55:10.868 [Test worker] DEBUG com.github.dockerjava.zerodep.shaded.org.apache.hc.client5.http.headers - http-outgoing-2 << Content-Type: application/json
23:55:10.868 [Test worker] DEBUG com.github.dockerjava.zerodep.shaded.org.apache.hc.client5.http.headers - http-outgoing-2 << Date: Mon, 27 Mar 2023 02:55:10 GMT
23:55:10.868 [Test worker] DEBUG com.github.dockerjava.zerodep.shaded.org.apache.hc.client5.http.headers - http-outgoing-2 << Docker-Experimental: false
23:55:10.869 [Test worker] DEBUG com.github.dockerjava.zerodep.shaded.org.apache.hc.client5.http.headers - http-outgoing-2 << Ostype: linux
23:55:10.869 [Test worker] DEBUG com.github.dockerjava.zerodep.shaded.org.apache.hc.client5.http.headers - http-outgoing-2 << Server: Docker/20.10.21 (linux)
23:55:10.869 [Test worker] DEBUG com.github.dockerjava.zerodep.shaded.org.apache.hc.client5.http.headers - http-outgoing-2 << Transfer-Encoding: chunked
23:55:10.869 [Test worker] DEBUG com.github.dockerjava.zerodep.shaded.org.apache.hc.client5.http.impl.classic.MainClientExec - ex-0000004F: connection can be kept alive for 3 MINUTES
23:55:10.873 [Test worker] DEBUG com.github.dockerjava.zerodep.shaded.org.apache.hc.client5.http.wire - http-outgoing-2 << "18c1[\r][\n]"
23:55:10.873 [Test worker] DEBUG com.github.dockerjava.zerodep.shaded.org.apache.hc.client5.http.wire - http-outgoing-2 << "{"Id":"c37a42694b7d1cff581f5e7b89a60b044af4721181408c271e821f1413201ca6","Created":"2023-03-27T02:55:02.49734542Z","Path":"docker-entrypoint.sh","Args":["mysqld"],"State":{"Status":"running","Running":true,"Paused":false,"Restarting":false,"OOMKilled":false,"Dead":false,"Pid":18342,"ExitCode":0,"Error":"","StartedAt":"2023-03-27T02:55:03.12719392Z","FinishedAt":"0001-01-01T00:00:00Z"},"Image":"sha256:c7c54c29e20dccc1aefb936c8eba8bb8b98b87a4921102aba87fde2df5810af9","ResolvConfPath":"/var/lib/docker/containers/c37a42694b7d1cff581f5e7b89a60b044af4721181408c271e821f1413201ca6/resolv.conf","HostnamePath":"/var/lib/docker/containers/c37a42694b7d1cff581f5e7b89a60b044af4721181408c271e821f1413201ca6/hostname","HostsPath":"/var/lib/docker/containers/c37a42694b7d1cff581f5e7b89a60b044af4721181408c271e821f1413201ca6/hosts","LogPath":"/var/lib/docker/containers/c37a42694b7d1cff581f5e7b89a60b044af4721181408c271e821f1413201ca6/c37a42694b7d1cff581f5e7b89a60b044af4721181408c271e821f1413201ca6-json.log","Name":"/elegant_mahavira","RestartCount":0,"Driver":"overlay2","Platform":"linux","MountLabel":"","ProcessLabel":"","AppArmorProfile":"","ExecIDs":null,"HostConfig":{"Binds":[],"ContainerIDFile":"","LogConfig":{"Type":"json-file","Config":{}},"NetworkMode":"default","PortBindings":{"3306/tcp":[{"HostIp":"0.0.0.0","HostPort":"0"}]},"RestartPolicy":{"Name":"","MaximumRetryCount":0},"AutoRemove":false,"VolumeDriver":"","VolumesFrom":[],"CapAdd":null,"CapDrop":null,"CgroupnsMode":"private","Dns":null,"DnsOptions":null,"DnsSearch":null,"ExtraHosts":[],"GroupAdd":null,"IpcMode":"shareable","Cgroup":"","Links":null,"OomScoreAdj":0,"PidMode":"","Privileged":false,"PublishAllPorts":false,"ReadonlyRootfs":false,"SecurityOpt":null,"UTSMode":"","UsernsMode":"","ShmSize":67108864,"Runtime":"runc","ConsoleSize":[0,0],"Isolation":"","CpuShares":0,"Memory":0,"NanoCpus":0,"CgroupParent":"","BlkioWeight":0,"BlkioWeightDevice":null,"BlkioDeviceReadBps":null,"BlkioDeviceWriteBps":null,"BlkioDeviceReadIOps":null,"BlkioDeviceWriteIOps":null,"CpuPeriod":0,"CpuQuota":0,"CpuRealtimePeriod":0,"CpuRealtimeRuntime":0,"CpusetCpus":"","CpusetMems":"","Devices":null,"DeviceCgroupRules":null,"DeviceRequests":null,"KernelMemory":0,"KernelMemoryTCP":0,"MemoryReservation":0,"MemorySwap":0,"MemorySwappiness":null,"OomKillDisable":null,"PidsLimit":null,"Ulimits":null,"CpuCount":0,"CpuPercent":0,"IOMaximumIOps":0,"IOMaximumBandwidth":0,"MaskedPaths":["/proc/asound","/proc/acpi","/proc/kcore","/proc/keys","/proc/latency_stats","/proc/timer_list","/proc/timer_stats","/proc/sched_debug","/proc/scsi","/sys/firmware"],"ReadonlyPaths":["/proc/bus","/proc/fs","/proc/irq","/proc/sys","/proc/sysrq-trigger"]},"GraphDriver":{"Data":{"LowerDir":"/var/lib/docker/overlay2/2c15a904a49807090175d7750f18e0f6a57e99c38a424839679cbaf676a4d500-init/diff:/var/lib/docker/overlay2/1bd8849d7a296305617011f940aa5cfabbe972a513397b1b6bbc27639b6c1f30/diff:/var/lib/docker/overlay2/199d69b2fbf78af4d4c95dec4fd2f8835ab0347eb49fb20ebb2ff3b99fedd6ad/diff:/var/lib/docker/overlay2/d83c38d654989311f75b9491329846033bfb7714de76ef635380dcfad5c740d9/diff:/var/lib/docker/overlay2/08600d0aea2ab2728bebcf5d2589c640a842f53d1ba3c4a4adccb4d03b923cf6/diff:/var/lib/docker/overlay2/9ec7c63a3fb14d13ac788bbf5e282ca821edc41260b79944e5e631037d13ecda/diff:/var/lib/docker/overlay2/db601d7a1b4ea6da638db620462f0da96fa55c559d02269c9ddb09027936ed87/diff:/var/lib/docker/overlay2/a6d2bd03f942e2565f21e74cfe152c7ec836a1c2b583f0790c685b92bdcfda24/diff:/var/lib/docker/overlay2/9badd16ea2c5e2bf1fde8b579683e41137dfc46ed5449234149f199a6751cc84/diff:/var/lib/docker/overlay2/6efb85646ed12e2d1181ef4cc6f6f6732c00c15a4035fe17ebc4f075ca573c30/diff:/var/lib/docker/overlay2/895d7c0ec09144d6ed33936f4e98e11c18010f7abd708cae1ce43aec7a7f2621/diff:/var/lib/docker/overlay2/1c4ba77aa573ab6e5e5069fd15eae71b3da940bde0f97a922a227ffc8a1d1096/diff","MergedDir":"/var/lib/docker/overlay2/2c15a904a49807090175d7750f18e0f6a57e99c38a424839679cbaf676a4d500/merged","UpperDir":"/var/lib/docker/overlay2/2c15a904a49807090175d7750f18e0f6a57e99c38a424839679cbaf676a4d500/diff","WorkDir":"/var/lib/docker/overlay2/2c15a904a49807090175d7750f18e0f6a57e99c38a424839679cbaf676a4d500/work"},"Name":"overlay2"},"Mounts":[{"Type":"volume","Name":"44a9389ce95a2961210e86afd6afe42b23405f43157b5dc00e010d283c01df79","Source":"/var/lib/docker/volumes/44a9389ce95a2961210e86afd6afe42b23405f43157b5dc00e010d283c01df79/_data","Destination":"/var/lib/mysql","Driver":"local","Mode":"","RW":true,"Propagation":""}],"Config":{"Hostname":"c37a42694b7d","Domainname":"","User":"","AttachStdin":false,"AttachStdout":false,"AttachStderr":false,"ExposedPorts":{"3306/tcp":{},"33060/tcp":{}},"Tty":false,"OpenStdin":false,"StdinOnce":false,"Env":["MYSQL_DATABASE=adm_videos","MYSQL_PASSWORD=123456","MYSQL_ROOT_PASSWORD=123456","PATH=/usr/local/sbin:/usr/local/bin:/usr/sbin:/usr/bin:/sbin:/bin","GOSU_VERSION=1.16","MYSQL_MAJOR=8.0","MYSQL_VERSION=8.0.32-1.el8","MYSQL_SHELL_VERSION=8.0.32-1.el8"],"Cmd":["mysqld"],"Image":"mysql:latest","Volumes":{"/var/lib/mysql":{}},"WorkingDir":"","Entrypoint":["docker-entrypoint.sh"],"OnBuild":null,"Labels":{"org.testcontainers":"true","org.testcontainers.lang":"java","org.testcontainers.sessionId":"818a13d9-e138-4e41-b5a4-74fd927e6a2d","org.testcontainers.version":"1.17.6"}},"NetworkSettings":{"Bridge":"","SandboxID":"bd1f3a626f226e407a1a406212013b21c93b302c93f9fd53a405b7fc5ff825b3","HairpinMode":false,"LinkLocalIPv6Address":"","LinkLocalIPv6PrefixLen":0,"Ports":{"3306/tcp":[{"HostIp":"0.0.0.0","HostPort":"56289"}],"33060/tcp":null},"SandboxKey":"/var/run/docker/netns/bd1f3a626f22","SecondaryIPAddresses":null,"SecondaryIPv6Addresses":null,"EndpointID":"a2b725c0c5ce4503f8e45e0c2adc4455b29a53a4866d3f23b2bce893a084641f","Gateway":"172.17.0.1","GlobalIPv6Address":"","GlobalIPv6PrefixLen":0,"IPAddress":"172.17.0.3","IPPrefixLen":16,"IPv6Gateway":"","MacAddress":"02:42:ac:11:00:03","Networks":{"bridge":{"IPAMConfig":null,"Links":null,"Aliases":null,"NetworkID":"308e234c143065751b16b4500cb9f48d5c7fc2116504b3d816a5e51cd4771062","EndpointID":"a2b725c0c5ce4503f8e45e0c2adc4455b29a53a4866d3f23b2bce893a084641f","Gateway":"172.17.0.1","IPAddress":"172.17.0.3","IPPrefixLen":16,"IPv6Gateway":"","GlobalIPv6Address":"","GlobalIPv6PrefixLen":0,"MacAddress":"02:42:ac:11:00:03","DriverOpts":null}}}}[\n]"
23:55:10.873 [Test worker] DEBUG com.github.dockerjava.zerodep.shaded.org.apache.hc.client5.http.wire - http-outgoing-2 << "[\r][\n]"
23:55:10.874 [Test worker] DEBUG com.github.dockerjava.zerodep.shaded.org.apache.hc.client5.http.wire - http-outgoing-2 << "0[\r][\n]"
23:55:10.874 [Test worker] DEBUG com.github.dockerjava.zerodep.shaded.org.apache.hc.client5.http.wire - http-outgoing-2 << "[\r][\n]"
23:55:10.874 [Test worker] DEBUG com.github.dockerjava.zerodep.shaded.org.apache.hc.client5.http.impl.classic.InternalHttpClient - ep-0000004E: releasing valid endpoint
23:55:10.874 [Test worker] DEBUG com.github.dockerjava.zerodep.shaded.org.apache.hc.client5.http.impl.io.PoolingHttpClientConnectionManager - ep-0000004E: releasing endpoint
23:55:10.874 [Test worker] DEBUG com.github.dockerjava.zerodep.shaded.org.apache.hc.client5.http.impl.io.PoolingHttpClientConnectionManager - ep-0000004E: connection http-outgoing-2 can be kept alive for 3 MINUTES
23:55:10.874 [Test worker] DEBUG com.github.dockerjava.zerodep.shaded.org.apache.hc.client5.http.impl.io.PoolingHttpClientConnectionManager - ep-0000004E: connection released [route: {}->unix://localhost:2375][total available: 1; route allocated: 1 of 2147483647; total allocated: 1 of 2147483647]
23:55:10.875 [Test worker] DEBUG ]]>&#x1f433;<![CDATA[ [mysql:latest] - Trying to create JDBC connection using com.mysql.cj.jdbc.Driver to jdbc:mysql://localhost:56289/adm_videos?useSSL=false&allowPublicKeyRetrieval=true with properties: {password=123456, user=root}
23:55:10.979 [Test worker] DEBUG org.testcontainers.shaded.com.github.dockerjava.core.command.AbstrDockerCmd - Cmd: c37a42694b7d1cff581f5e7b89a60b044af4721181408c271e821f1413201ca6,false
23:55:10.979 [Test worker] DEBUG org.testcontainers.shaded.com.github.dockerjava.core.exec.InspectContainerCmdExec - GET: DefaultWebTarget{path=[/containers/c37a42694b7d1cff581f5e7b89a60b044af4721181408c271e821f1413201ca6/json], queryParams={}}
23:55:10.980 [Test worker] DEBUG com.github.dockerjava.zerodep.shaded.org.apache.hc.client5.http.impl.classic.InternalHttpClient - ex-00000050: preparing request execution
23:55:10.980 [Test worker] DEBUG com.github.dockerjava.zerodep.shaded.org.apache.hc.client5.http.protocol.RequestAddCookies - Cookie spec selected: strict
23:55:10.980 [Test worker] DEBUG com.github.dockerjava.zerodep.shaded.org.apache.hc.client5.http.protocol.RequestAuthCache - Auth cache not set in the context
23:55:10.980 [Test worker] DEBUG com.github.dockerjava.zerodep.shaded.org.apache.hc.client5.http.impl.classic.ProtocolExec - ex-00000050: target auth state: UNCHALLENGED
23:55:10.980 [Test worker] DEBUG com.github.dockerjava.zerodep.shaded.org.apache.hc.client5.http.impl.classic.ProtocolExec - ex-00000050: proxy auth state: UNCHALLENGED
23:55:10.980 [Test worker] DEBUG com.github.dockerjava.zerodep.shaded.org.apache.hc.client5.http.impl.classic.ConnectExec - ex-00000050: acquiring connection with route {}->unix://localhost:2375
23:55:10.980 [Test worker] DEBUG com.github.dockerjava.zerodep.shaded.org.apache.hc.client5.http.impl.classic.InternalHttpClient - ex-00000050: acquiring endpoint (3 MINUTES)
23:55:10.980 [Test worker] DEBUG com.github.dockerjava.zerodep.shaded.org.apache.hc.client5.http.impl.io.PoolingHttpClientConnectionManager - ex-00000050: endpoint lease request (3 MINUTES) [route: {}->unix://localhost:2375][total available: 1; route allocated: 1 of 2147483647; total allocated: 1 of 2147483647]
23:55:10.980 [Test worker] DEBUG com.github.dockerjava.zerodep.shaded.org.apache.hc.client5.http.impl.io.PoolingHttpClientConnectionManager - ex-00000050: endpoint leased [route: {}->unix://localhost:2375][total available: 0; route allocated: 1 of 2147483647; total allocated: 1 of 2147483647]
23:55:10.980 [Test worker] DEBUG com.github.dockerjava.zerodep.shaded.org.apache.hc.client5.http.impl.io.PoolingHttpClientConnectionManager - ex-00000050: acquired ep-0000004F
23:55:10.980 [Test worker] DEBUG com.github.dockerjava.zerodep.shaded.org.apache.hc.client5.http.impl.classic.InternalHttpClient - ex-00000050: acquired endpoint ep-0000004F
23:55:10.980 [Test worker] DEBUG com.github.dockerjava.zerodep.shaded.org.apache.hc.client5.http.impl.classic.MainClientExec - ex-00000050: executing GET /v1.32/containers/c37a42694b7d1cff581f5e7b89a60b044af4721181408c271e821f1413201ca6/json HTTP/1.1
23:55:10.980 [Test worker] DEBUG com.github.dockerjava.zerodep.shaded.org.apache.hc.client5.http.impl.classic.InternalHttpClient - ep-0000004F: start execution ex-00000050
23:55:10.980 [Test worker] DEBUG com.github.dockerjava.zerodep.shaded.org.apache.hc.client5.http.impl.io.PoolingHttpClientConnectionManager - ep-0000004F: executing exchange ex-00000050 over http-outgoing-2
23:55:10.980 [Test worker] DEBUG com.github.dockerjava.zerodep.shaded.org.apache.hc.client5.http.headers - http-outgoing-2 >> GET /v1.32/containers/c37a42694b7d1cff581f5e7b89a60b044af4721181408c271e821f1413201ca6/json HTTP/1.1
23:55:10.980 [Test worker] DEBUG com.github.dockerjava.zerodep.shaded.org.apache.hc.client5.http.headers - http-outgoing-2 >> accept: application/json
23:55:10.980 [Test worker] DEBUG com.github.dockerjava.zerodep.shaded.org.apache.hc.client5.http.headers - http-outgoing-2 >> x-tc-sid: 818a13d9-e138-4e41-b5a4-74fd927e6a2d
23:55:10.980 [Test worker] DEBUG com.github.dockerjava.zerodep.shaded.org.apache.hc.client5.http.headers - http-outgoing-2 >> Accept-Encoding: gzip, x-gzip, deflate
23:55:10.980 [Test worker] DEBUG com.github.dockerjava.zerodep.shaded.org.apache.hc.client5.http.headers - http-outgoing-2 >> Host: localhost:2375
23:55:10.980 [Test worker] DEBUG com.github.dockerjava.zerodep.shaded.org.apache.hc.client5.http.headers - http-outgoing-2 >> Connection: keep-alive
23:55:10.980 [Test worker] DEBUG com.github.dockerjava.zerodep.shaded.org.apache.hc.client5.http.headers - http-outgoing-2 >> User-Agent: Apache-HttpClient/5.0.3 (Java/17.0.2)
23:55:10.980 [Test worker] DEBUG com.github.dockerjava.zerodep.shaded.org.apache.hc.client5.http.wire - http-outgoing-2 >> "GET /v1.32/containers/c37a42694b7d1cff581f5e7b89a60b044af4721181408c271e821f1413201ca6/json HTTP/1.1[\r][\n]"
23:55:10.980 [Test worker] DEBUG com.github.dockerjava.zerodep.shaded.org.apache.hc.client5.http.wire - http-outgoing-2 >> "accept: application/json[\r][\n]"
23:55:10.980 [Test worker] DEBUG com.github.dockerjava.zerodep.shaded.org.apache.hc.client5.http.wire - http-outgoing-2 >> "x-tc-sid: 818a13d9-e138-4e41-b5a4-74fd927e6a2d[\r][\n]"
23:55:10.980 [Test worker] DEBUG com.github.dockerjava.zerodep.shaded.org.apache.hc.client5.http.wire - http-outgoing-2 >> "Accept-Encoding: gzip, x-gzip, deflate[\r][\n]"
23:55:10.980 [Test worker] DEBUG com.github.dockerjava.zerodep.shaded.org.apache.hc.client5.http.wire - http-outgoing-2 >> "Host: localhost:2375[\r][\n]"
23:55:10.980 [Test worker] DEBUG com.github.dockerjava.zerodep.shaded.org.apache.hc.client5.http.wire - http-outgoing-2 >> "Connection: keep-alive[\r][\n]"
23:55:10.980 [Test worker] DEBUG com.github.dockerjava.zerodep.shaded.org.apache.hc.client5.http.wire - http-outgoing-2 >> "User-Agent: Apache-HttpClient/5.0.3 (Java/17.0.2)[\r][\n]"
23:55:10.980 [Test worker] DEBUG com.github.dockerjava.zerodep.shaded.org.apache.hc.client5.http.wire - http-outgoing-2 >> "[\r][\n]"
23:55:10.984 [Test worker] DEBUG com.github.dockerjava.zerodep.shaded.org.apache.hc.client5.http.wire - http-outgoing-2 << "HTTP/1.1 200 OK[\r][\n]"
23:55:10.984 [Test worker] DEBUG com.github.dockerjava.zerodep.shaded.org.apache.hc.client5.http.wire - http-outgoing-2 << "Api-Version: 1.41[\r][\n]"
23:55:10.984 [Test worker] DEBUG com.github.dockerjava.zerodep.shaded.org.apache.hc.client5.http.wire - http-outgoing-2 << "Content-Type: application/json[\r][\n]"
23:55:10.984 [Test worker] DEBUG com.github.dockerjava.zerodep.shaded.org.apache.hc.client5.http.wire - http-outgoing-2 << "Date: Mon, 27 Mar 2023 02:55:10 GMT[\r][\n]"
23:55:10.984 [Test worker] DEBUG com.github.dockerjava.zerodep.shaded.org.apache.hc.client5.http.wire - http-outgoing-2 << "Docker-Experimental: false[\r][\n]"
23:55:10.984 [Test worker] DEBUG com.github.dockerjava.zerodep.shaded.org.apache.hc.client5.http.wire - http-outgoing-2 << "Ostype: linux[\r][\n]"
23:55:10.984 [Test worker] DEBUG com.github.dockerjava.zerodep.shaded.org.apache.hc.client5.http.wire - http-outgoing-2 << "Server: Docker/20.10.21 (linux)[\r][\n]"
23:55:10.984 [Test worker] DEBUG com.github.dockerjava.zerodep.shaded.org.apache.hc.client5.http.wire - http-outgoing-2 << "Transfer-Encoding: chunked[\r][\n]"
23:55:10.984 [Test worker] DEBUG com.github.dockerjava.zerodep.shaded.org.apache.hc.client5.http.wire - http-outgoing-2 << "[\r][\n]"
23:55:10.984 [Test worker] DEBUG com.github.dockerjava.zerodep.shaded.org.apache.hc.client5.http.headers - http-outgoing-2 << HTTP/1.1 200 OK
23:55:10.984 [Test worker] DEBUG com.github.dockerjava.zerodep.shaded.org.apache.hc.client5.http.headers - http-outgoing-2 << Api-Version: 1.41
23:55:10.984 [Test worker] DEBUG com.github.dockerjava.zerodep.shaded.org.apache.hc.client5.http.headers - http-outgoing-2 << Content-Type: application/json
23:55:10.984 [Test worker] DEBUG com.github.dockerjava.zerodep.shaded.org.apache.hc.client5.http.headers - http-outgoing-2 << Date: Mon, 27 Mar 2023 02:55:10 GMT
23:55:10.984 [Test worker] DEBUG com.github.dockerjava.zerodep.shaded.org.apache.hc.client5.http.headers - http-outgoing-2 << Docker-Experimental: false
23:55:10.984 [Test worker] DEBUG com.github.dockerjava.zerodep.shaded.org.apache.hc.client5.http.headers - http-outgoing-2 << Ostype: linux
23:55:10.984 [Test worker] DEBUG com.github.dockerjava.zerodep.shaded.org.apache.hc.client5.http.headers - http-outgoing-2 << Server: Docker/20.10.21 (linux)
23:55:10.984 [Test worker] DEBUG com.github.dockerjava.zerodep.shaded.org.apache.hc.client5.http.headers - http-outgoing-2 << Transfer-Encoding: chunked
23:55:10.985 [Test worker] DEBUG com.github.dockerjava.zerodep.shaded.org.apache.hc.client5.http.impl.classic.MainClientExec - ex-00000050: connection can be kept alive for 3 MINUTES
23:55:10.985 [Test worker] DEBUG com.github.dockerjava.zerodep.shaded.org.apache.hc.client5.http.wire - http-outgoing-2 << "18c1[\r][\n]"
23:55:10.985 [Test worker] DEBUG com.github.dockerjava.zerodep.shaded.org.apache.hc.client5.http.wire - http-outgoing-2 << "{"Id":"c37a42694b7d1cff581f5e7b89a60b044af4721181408c271e821f1413201ca6","Created":"2023-03-27T02:55:02.49734542Z","Path":"docker-entrypoint.sh","Args":["mysqld"],"State":{"Status":"running","Running":true,"Paused":false,"Restarting":false,"OOMKilled":false,"Dead":false,"Pid":18342,"ExitCode":0,"Error":"","StartedAt":"2023-03-27T02:55:03.12719392Z","FinishedAt":"0001-01-01T00:00:00Z"},"Image":"sha256:c7c54c29e20dccc1aefb936c8eba8bb8b98b87a4921102aba87fde2df5810af9","ResolvConfPath":"/var/lib/docker/containers/c37a42694b7d1cff581f5e7b89a60b044af4721181408c271e821f1413201ca6/resolv.conf","HostnamePath":"/var/lib/docker/containers/c37a42694b7d1cff581f5e7b89a60b044af4721181408c271e821f1413201ca6/hostname","HostsPath":"/var/lib/docker/containers/c37a42694b7d1cff581f5e7b89a60b044af4721181408c271e821f1413201ca6/hosts","LogPath":"/var/lib/docker/containers/c37a42694b7d1cff581f5e7b89a60b044af4721181408c271e821f1413201ca6/c37a42694b7d1cff581f5e7b89a60b044af4721181408c271e821f1413201ca6-json.log","Name":"/elegant_mahavira","RestartCount":0,"Driver":"overlay2","Platform":"linux","MountLabel":"","ProcessLabel":"","AppArmorProfile":"","ExecIDs":null,"HostConfig":{"Binds":[],"ContainerIDFile":"","LogConfig":{"Type":"json-file","Config":{}},"NetworkMode":"default","PortBindings":{"3306/tcp":[{"HostIp":"0.0.0.0","HostPort":"0"}]},"RestartPolicy":{"Name":"","MaximumRetryCount":0},"AutoRemove":false,"VolumeDriver":"","VolumesFrom":[],"CapAdd":null,"CapDrop":null,"CgroupnsMode":"private","Dns":null,"DnsOptions":null,"DnsSearch":null,"ExtraHosts":[],"GroupAdd":null,"IpcMode":"shareable","Cgroup":"","Links":null,"OomScoreAdj":0,"PidMode":"","Privileged":false,"PublishAllPorts":false,"ReadonlyRootfs":false,"SecurityOpt":null,"UTSMode":"","UsernsMode":"","ShmSize":67108864,"Runtime":"runc","ConsoleSize":[0,0],"Isolation":"","CpuShares":0,"Memory":0,"NanoCpus":0,"CgroupParent":"","BlkioWeight":0,"BlkioWeightDevice":null,"BlkioDeviceReadBps":null,"BlkioDeviceWriteBps":null,"BlkioDeviceReadIOps":null,"BlkioDeviceWriteIOps":null,"CpuPeriod":0,"CpuQuota":0,"CpuRealtimePeriod":0,"CpuRealtimeRuntime":0,"CpusetCpus":"","CpusetMems":"","Devices":null,"DeviceCgroupRules":null,"DeviceRequests":null,"KernelMemory":0,"KernelMemoryTCP":0,"MemoryReservation":0,"MemorySwap":0,"MemorySwappiness":null,"OomKillDisable":null,"PidsLimit":null,"Ulimits":null,"CpuCount":0,"CpuPercent":0,"IOMaximumIOps":0,"IOMaximumBandwidth":0,"MaskedPaths":["/proc/asound","/proc/acpi","/proc/kcore","/proc/keys","/proc/latency_stats","/proc/timer_list","/proc/timer_stats","/proc/sched_debug","/proc/scsi","/sys/firmware"],"ReadonlyPaths":["/proc/bus","/proc/fs","/proc/irq","/proc/sys","/proc/sysrq-trigger"]},"GraphDriver":{"Data":{"LowerDir":"/var/lib/docker/overlay2/2c15a904a49807090175d7750f18e0f6a57e99c38a424839679cbaf676a4d500-init/diff:/var/lib/docker/overlay2/1bd8849d7a296305617011f940aa5cfabbe972a513397b1b6bbc27639b6c1f30/diff:/var/lib/docker/overlay2/199d69b2fbf78af4d4c95dec4fd2f8835ab0347eb49fb20ebb2ff3b99fedd6ad/diff:/var/lib/docker/overlay2/d83c38d654989311f75b9491329846033bfb7714de76ef635380dcfad5c740d9/diff:/var/lib/docker/overlay2/08600d0aea2ab2728bebcf5d2589c640a842f53d1ba3c4a4adccb4d03b923cf6/diff:/var/lib/docker/overlay2/9ec7c63a3fb14d13ac788bbf5e282ca821edc41260b79944e5e631037d13ecda/diff:/var/lib/docker/overlay2/db601d7a1b4ea6da638db620462f0da96fa55c559d02269c9ddb09027936ed87/diff:/var/lib/docker/overlay2/a6d2bd03f942e2565f21e74cfe152c7ec836a1c2b583f0790c685b92bdcfda24/diff:/var/lib/docker/overlay2/9badd16ea2c5e2bf1fde8b579683e41137dfc46ed5449234149f199a6751cc84/diff:/var/lib/docker/overlay2/6efb85646ed12e2d1181ef4cc6f6f6732c00c15a4035fe17ebc4f075ca573c30/diff:/var/lib/docker/overlay2/895d7c0ec09144d6ed33936f4e98e11c18010f7abd708cae1ce43aec7a7f2621/diff:/var/lib/docker/overlay2/1c4ba77aa573ab6e5e5069fd15eae71b3da940bde0f97a922a227ffc8a1d1096/diff","MergedDir":"/var/lib/docker/overlay2/2c15a904a49807090175d7750f18e0f6a57e99c38a424839679cbaf676a4d500/merged","UpperDir":"/var/lib/docker/overlay2/2c15a904a49807090175d7750f18e0f6a57e99c38a424839679cbaf676a4d500/diff","WorkDir":"/var/lib/docker/overlay2/2c15a904a49807090175d7750f18e0f6a57e99c38a424839679cbaf676a4d500/work"},"Name":"overlay2"},"Mounts":[{"Type":"volume","Name":"44a9389ce95a2961210e86afd6afe42b23405f43157b5dc00e010d283c01df79","Source":"/var/lib/docker/volumes/44a9389ce95a2961210e86afd6afe42b23405f43157b5dc00e010d283c01df79/_data","Destination":"/var/lib/mysql","Driver":"local","Mode":"","RW":true,"Propagation":""}],"Config":{"Hostname":"c37a42694b7d","Domainname":"","User":"","AttachStdin":false,"AttachStdout":false,"AttachStderr":false,"ExposedPorts":{"3306/tcp":{},"33060/tcp":{}},"Tty":false,"OpenStdin":false,"StdinOnce":false,"Env":["MYSQL_DATABASE=adm_videos","MYSQL_PASSWORD=123456","MYSQL_ROOT_PASSWORD=123456","PATH=/usr/local/sbin:/usr/local/bin:/usr/sbin:/usr/bin:/sbin:/bin","GOSU_VERSION=1.16","MYSQL_MAJOR=8.0","MYSQL_VERSION=8.0.32-1.el8","MYSQL_SHELL_VERSION=8.0.32-1.el8"],"Cmd":["mysqld"],"Image":"mysql:latest","Volumes":{"/var/lib/mysql":{}},"WorkingDir":"","Entrypoint":["docker-entrypoint.sh"],"OnBuild":null,"Labels":{"org.testcontainers":"true","org.testcontainers.lang":"java","org.testcontainers.sessionId":"818a13d9-e138-4e41-b5a4-74fd927e6a2d","org.testcontainers.version":"1.17.6"}},"NetworkSettings":{"Bridge":"","SandboxID":"bd1f3a626f226e407a1a406212013b21c93b302c93f9fd53a405b7fc5ff825b3","HairpinMode":false,"LinkLocalIPv6Address":"","LinkLocalIPv6PrefixLen":0,"Ports":{"3306/tcp":[{"HostIp":"0.0.0.0","HostPort":"56289"}],"33060/tcp":null},"SandboxKey":"/var/run/docker/netns/bd1f3a626f22","SecondaryIPAddresses":null,"SecondaryIPv6Addresses":null,"EndpointID":"a2b725c0c5ce4503f8e45e0c2adc4455b29a53a4866d3f23b2bce893a084641f","Gateway":"172.17.0.1","GlobalIPv6Address":"","GlobalIPv6PrefixLen":0,"IPAddress":"172.17.0.3","IPPrefixLen":16,"IPv6Gateway":"","MacAddress":"02:42:ac:11:00:03","Networks":{"bridge":{"IPAMConfig":null,"Links":null,"Aliases":null,"NetworkID":"308e234c143065751b16b4500cb9f48d5c7fc2116504b3d816a5e51cd4771062","EndpointID":"a2b725c0c5ce4503f8e45e0c2adc4455b29a53a4866d3f23b2bce893a084641f","Gateway":"172.17.0.1","IPAddress":"172.17.0.3","IPPrefixLen":16,"IPv6Gateway":"","GlobalIPv6Address":"","GlobalIPv6PrefixLen":0,"MacAddress":"02:42:ac:11:00:03","DriverOpts":null}}}}[\n]"
23:55:10.985 [Test worker] DEBUG com.github.dockerjava.zerodep.shaded.org.apache.hc.client5.http.wire - http-outgoing-2 << "[\r][\n]"
23:55:10.985 [Test worker] DEBUG com.github.dockerjava.zerodep.shaded.org.apache.hc.client5.http.wire - http-outgoing-2 << "0[\r][\n]"
23:55:10.985 [Test worker] DEBUG com.github.dockerjava.zerodep.shaded.org.apache.hc.client5.http.wire - http-outgoing-2 << "[\r][\n]"
23:55:10.986 [Test worker] DEBUG com.github.dockerjava.zerodep.shaded.org.apache.hc.client5.http.impl.classic.InternalHttpClient - ep-0000004F: releasing valid endpoint
23:55:10.986 [Test worker] DEBUG com.github.dockerjava.zerodep.shaded.org.apache.hc.client5.http.impl.io.PoolingHttpClientConnectionManager - ep-0000004F: releasing endpoint
23:55:10.986 [Test worker] DEBUG com.github.dockerjava.zerodep.shaded.org.apache.hc.client5.http.impl.io.PoolingHttpClientConnectionManager - ep-0000004F: connection http-outgoing-2 can be kept alive for 3 MINUTES
23:55:10.986 [Test worker] DEBUG com.github.dockerjava.zerodep.shaded.org.apache.hc.client5.http.impl.io.PoolingHttpClientConnectionManager - ep-0000004F: connection released [route: {}->unix://localhost:2375][total available: 1; route allocated: 1 of 2147483647; total allocated: 1 of 2147483647]
23:55:10.986 [Test worker] DEBUG ]]>&#x1f433;<![CDATA[ [mysql:latest] - Trying to create JDBC connection using com.mysql.cj.jdbc.Driver to jdbc:mysql://localhost:56289/adm_videos?useSSL=false&allowPublicKeyRetrieval=true with properties: {password=123456, user=root}
23:55:11.090 [Test worker] DEBUG org.testcontainers.shaded.com.github.dockerjava.core.command.AbstrDockerCmd - Cmd: c37a42694b7d1cff581f5e7b89a60b044af4721181408c271e821f1413201ca6,false
23:55:11.090 [Test worker] DEBUG org.testcontainers.shaded.com.github.dockerjava.core.exec.InspectContainerCmdExec - GET: DefaultWebTarget{path=[/containers/c37a42694b7d1cff581f5e7b89a60b044af4721181408c271e821f1413201ca6/json], queryParams={}}
23:55:11.091 [Test worker] DEBUG com.github.dockerjava.zerodep.shaded.org.apache.hc.client5.http.impl.classic.InternalHttpClient - ex-00000051: preparing request execution
23:55:11.091 [Test worker] DEBUG com.github.dockerjava.zerodep.shaded.org.apache.hc.client5.http.protocol.RequestAddCookies - Cookie spec selected: strict
23:55:11.091 [Test worker] DEBUG com.github.dockerjava.zerodep.shaded.org.apache.hc.client5.http.protocol.RequestAuthCache - Auth cache not set in the context
23:55:11.091 [Test worker] DEBUG com.github.dockerjava.zerodep.shaded.org.apache.hc.client5.http.impl.classic.ProtocolExec - ex-00000051: target auth state: UNCHALLENGED
23:55:11.091 [Test worker] DEBUG com.github.dockerjava.zerodep.shaded.org.apache.hc.client5.http.impl.classic.ProtocolExec - ex-00000051: proxy auth state: UNCHALLENGED
23:55:11.091 [Test worker] DEBUG com.github.dockerjava.zerodep.shaded.org.apache.hc.client5.http.impl.classic.ConnectExec - ex-00000051: acquiring connection with route {}->unix://localhost:2375
23:55:11.092 [Test worker] DEBUG com.github.dockerjava.zerodep.shaded.org.apache.hc.client5.http.impl.classic.InternalHttpClient - ex-00000051: acquiring endpoint (3 MINUTES)
23:55:11.092 [Test worker] DEBUG com.github.dockerjava.zerodep.shaded.org.apache.hc.client5.http.impl.io.PoolingHttpClientConnectionManager - ex-00000051: endpoint lease request (3 MINUTES) [route: {}->unix://localhost:2375][total available: 1; route allocated: 1 of 2147483647; total allocated: 1 of 2147483647]
23:55:11.093 [Test worker] DEBUG com.github.dockerjava.zerodep.shaded.org.apache.hc.client5.http.impl.io.PoolingHttpClientConnectionManager - ex-00000051: endpoint leased [route: {}->unix://localhost:2375][total available: 0; route allocated: 1 of 2147483647; total allocated: 1 of 2147483647]
23:55:11.094 [Test worker] DEBUG com.github.dockerjava.zerodep.shaded.org.apache.hc.client5.http.impl.io.PoolingHttpClientConnectionManager - ex-00000051: acquired ep-00000050
23:55:11.094 [Test worker] DEBUG com.github.dockerjava.zerodep.shaded.org.apache.hc.client5.http.impl.classic.InternalHttpClient - ex-00000051: acquired endpoint ep-00000050
23:55:11.094 [Test worker] DEBUG com.github.dockerjava.zerodep.shaded.org.apache.hc.client5.http.impl.classic.MainClientExec - ex-00000051: executing GET /v1.32/containers/c37a42694b7d1cff581f5e7b89a60b044af4721181408c271e821f1413201ca6/json HTTP/1.1
23:55:11.094 [Test worker] DEBUG com.github.dockerjava.zerodep.shaded.org.apache.hc.client5.http.impl.classic.InternalHttpClient - ep-00000050: start execution ex-00000051
23:55:11.094 [Test worker] DEBUG com.github.dockerjava.zerodep.shaded.org.apache.hc.client5.http.impl.io.PoolingHttpClientConnectionManager - ep-00000050: executing exchange ex-00000051 over http-outgoing-2
23:55:11.095 [Test worker] DEBUG com.github.dockerjava.zerodep.shaded.org.apache.hc.client5.http.headers - http-outgoing-2 >> GET /v1.32/containers/c37a42694b7d1cff581f5e7b89a60b044af4721181408c271e821f1413201ca6/json HTTP/1.1
23:55:11.095 [Test worker] DEBUG com.github.dockerjava.zerodep.shaded.org.apache.hc.client5.http.headers - http-outgoing-2 >> accept: application/json
23:55:11.095 [Test worker] DEBUG com.github.dockerjava.zerodep.shaded.org.apache.hc.client5.http.headers - http-outgoing-2 >> x-tc-sid: 818a13d9-e138-4e41-b5a4-74fd927e6a2d
23:55:11.095 [Test worker] DEBUG com.github.dockerjava.zerodep.shaded.org.apache.hc.client5.http.headers - http-outgoing-2 >> Accept-Encoding: gzip, x-gzip, deflate
23:55:11.095 [Test worker] DEBUG com.github.dockerjava.zerodep.shaded.org.apache.hc.client5.http.headers - http-outgoing-2 >> Host: localhost:2375
23:55:11.095 [Test worker] DEBUG com.github.dockerjava.zerodep.shaded.org.apache.hc.client5.http.headers - http-outgoing-2 >> Connection: keep-alive
23:55:11.095 [Test worker] DEBUG com.github.dockerjava.zerodep.shaded.org.apache.hc.client5.http.headers - http-outgoing-2 >> User-Agent: Apache-HttpClient/5.0.3 (Java/17.0.2)
23:55:11.095 [Test worker] DEBUG com.github.dockerjava.zerodep.shaded.org.apache.hc.client5.http.wire - http-outgoing-2 >> "GET /v1.32/containers/c37a42694b7d1cff581f5e7b89a60b044af4721181408c271e821f1413201ca6/json HTTP/1.1[\r][\n]"
23:55:11.095 [Test worker] DEBUG com.github.dockerjava.zerodep.shaded.org.apache.hc.client5.http.wire - http-outgoing-2 >> "accept: application/json[\r][\n]"
23:55:11.095 [Test worker] DEBUG com.github.dockerjava.zerodep.shaded.org.apache.hc.client5.http.wire - http-outgoing-2 >> "x-tc-sid: 818a13d9-e138-4e41-b5a4-74fd927e6a2d[\r][\n]"
23:55:11.095 [Test worker] DEBUG com.github.dockerjava.zerodep.shaded.org.apache.hc.client5.http.wire - http-outgoing-2 >> "Accept-Encoding: gzip, x-gzip, deflate[\r][\n]"
23:55:11.095 [Test worker] DEBUG com.github.dockerjava.zerodep.shaded.org.apache.hc.client5.http.wire - http-outgoing-2 >> "Host: localhost:2375[\r][\n]"
23:55:11.095 [Test worker] DEBUG com.github.dockerjava.zerodep.shaded.org.apache.hc.client5.http.wire - http-outgoing-2 >> "Connection: keep-alive[\r][\n]"
23:55:11.095 [Test worker] DEBUG com.github.dockerjava.zerodep.shaded.org.apache.hc.client5.http.wire - http-outgoing-2 >> "User-Agent: Apache-HttpClient/5.0.3 (Java/17.0.2)[\r][\n]"
23:55:11.095 [Test worker] DEBUG com.github.dockerjava.zerodep.shaded.org.apache.hc.client5.http.wire - http-outgoing-2 >> "[\r][\n]"
23:55:11.102 [Test worker] DEBUG com.github.dockerjava.zerodep.shaded.org.apache.hc.client5.http.wire - http-outgoing-2 << "HTTP/1.1 200 OK[\r][\n]"
23:55:11.102 [Test worker] DEBUG com.github.dockerjava.zerodep.shaded.org.apache.hc.client5.http.wire - http-outgoing-2 << "Api-Version: 1.41[\r][\n]"
23:55:11.102 [Test worker] DEBUG com.github.dockerjava.zerodep.shaded.org.apache.hc.client5.http.wire - http-outgoing-2 << "Content-Type: application/json[\r][\n]"
23:55:11.102 [Test worker] DEBUG com.github.dockerjava.zerodep.shaded.org.apache.hc.client5.http.wire - http-outgoing-2 << "Date: Mon, 27 Mar 2023 02:55:11 GMT[\r][\n]"
23:55:11.102 [Test worker] DEBUG com.github.dockerjava.zerodep.shaded.org.apache.hc.client5.http.wire - http-outgoing-2 << "Docker-Experimental: false[\r][\n]"
23:55:11.102 [Test worker] DEBUG com.github.dockerjava.zerodep.shaded.org.apache.hc.client5.http.wire - http-outgoing-2 << "Ostype: linux[\r][\n]"
23:55:11.102 [Test worker] DEBUG com.github.dockerjava.zerodep.shaded.org.apache.hc.client5.http.wire - http-outgoing-2 << "Server: Docker/20.10.21 (linux)[\r][\n]"
23:55:11.102 [Test worker] DEBUG com.github.dockerjava.zerodep.shaded.org.apache.hc.client5.http.wire - http-outgoing-2 << "Transfer-Encoding: chunked[\r][\n]"
23:55:11.102 [Test worker] DEBUG com.github.dockerjava.zerodep.shaded.org.apache.hc.client5.http.wire - http-outgoing-2 << "[\r][\n]"
23:55:11.102 [Test worker] DEBUG com.github.dockerjava.zerodep.shaded.org.apache.hc.client5.http.headers - http-outgoing-2 << HTTP/1.1 200 OK
23:55:11.102 [Test worker] DEBUG com.github.dockerjava.zerodep.shaded.org.apache.hc.client5.http.headers - http-outgoing-2 << Api-Version: 1.41
23:55:11.102 [Test worker] DEBUG com.github.dockerjava.zerodep.shaded.org.apache.hc.client5.http.headers - http-outgoing-2 << Content-Type: application/json
23:55:11.102 [Test worker] DEBUG com.github.dockerjava.zerodep.shaded.org.apache.hc.client5.http.headers - http-outgoing-2 << Date: Mon, 27 Mar 2023 02:55:11 GMT
23:55:11.102 [Test worker] DEBUG com.github.dockerjava.zerodep.shaded.org.apache.hc.client5.http.headers - http-outgoing-2 << Docker-Experimental: false
23:55:11.102 [Test worker] DEBUG com.github.dockerjava.zerodep.shaded.org.apache.hc.client5.http.headers - http-outgoing-2 << Ostype: linux
23:55:11.102 [Test worker] DEBUG com.github.dockerjava.zerodep.shaded.org.apache.hc.client5.http.headers - http-outgoing-2 << Server: Docker/20.10.21 (linux)
23:55:11.102 [Test worker] DEBUG com.github.dockerjava.zerodep.shaded.org.apache.hc.client5.http.headers - http-outgoing-2 << Transfer-Encoding: chunked
23:55:11.102 [Test worker] DEBUG com.github.dockerjava.zerodep.shaded.org.apache.hc.client5.http.impl.classic.MainClientExec - ex-00000051: connection can be kept alive for 3 MINUTES
23:55:11.104 [Test worker] DEBUG com.github.dockerjava.zerodep.shaded.org.apache.hc.client5.http.wire - http-outgoing-2 << "18c1[\r][\n]"
23:55:11.104 [Test worker] DEBUG com.github.dockerjava.zerodep.shaded.org.apache.hc.client5.http.wire - http-outgoing-2 << "{"Id":"c37a42694b7d1cff581f5e7b89a60b044af4721181408c271e821f1413201ca6","Created":"2023-03-27T02:55:02.49734542Z","Path":"docker-entrypoint.sh","Args":["mysqld"],"State":{"Status":"running","Running":true,"Paused":false,"Restarting":false,"OOMKilled":false,"Dead":false,"Pid":18342,"ExitCode":0,"Error":"","StartedAt":"2023-03-27T02:55:03.12719392Z","FinishedAt":"0001-01-01T00:00:00Z"},"Image":"sha256:c7c54c29e20dccc1aefb936c8eba8bb8b98b87a4921102aba87fde2df5810af9","ResolvConfPath":"/var/lib/docker/containers/c37a42694b7d1cff581f5e7b89a60b044af4721181408c271e821f1413201ca6/resolv.conf","HostnamePath":"/var/lib/docker/containers/c37a42694b7d1cff581f5e7b89a60b044af4721181408c271e821f1413201ca6/hostname","HostsPath":"/var/lib/docker/containers/c37a42694b7d1cff581f5e7b89a60b044af4721181408c271e821f1413201ca6/hosts","LogPath":"/var/lib/docker/containers/c37a42694b7d1cff581f5e7b89a60b044af4721181408c271e821f1413201ca6/c37a42694b7d1cff581f5e7b89a60b044af4721181408c271e821f1413201ca6-json.log","Name":"/elegant_mahavira","RestartCount":0,"Driver":"overlay2","Platform":"linux","MountLabel":"","ProcessLabel":"","AppArmorProfile":"","ExecIDs":null,"HostConfig":{"Binds":[],"ContainerIDFile":"","LogConfig":{"Type":"json-file","Config":{}},"NetworkMode":"default","PortBindings":{"3306/tcp":[{"HostIp":"0.0.0.0","HostPort":"0"}]},"RestartPolicy":{"Name":"","MaximumRetryCount":0},"AutoRemove":false,"VolumeDriver":"","VolumesFrom":[],"CapAdd":null,"CapDrop":null,"CgroupnsMode":"private","Dns":null,"DnsOptions":null,"DnsSearch":null,"ExtraHosts":[],"GroupAdd":null,"IpcMode":"shareable","Cgroup":"","Links":null,"OomScoreAdj":0,"PidMode":"","Privileged":false,"PublishAllPorts":false,"ReadonlyRootfs":false,"SecurityOpt":null,"UTSMode":"","UsernsMode":"","ShmSize":67108864,"Runtime":"runc","ConsoleSize":[0,0],"Isolation":"","CpuShares":0,"Memory":0,"NanoCpus":0,"CgroupParent":"","BlkioWeight":0,"BlkioWeightDevice":null,"BlkioDeviceReadBps":null,"BlkioDeviceWriteBps":null,"BlkioDeviceReadIOps":null,"BlkioDeviceWriteIOps":null,"CpuPeriod":0,"CpuQuota":0,"CpuRealtimePeriod":0,"CpuRealtimeRuntime":0,"CpusetCpus":"","CpusetMems":"","Devices":null,"DeviceCgroupRules":null,"DeviceRequests":null,"KernelMemory":0,"KernelMemoryTCP":0,"MemoryReservation":0,"MemorySwap":0,"MemorySwappiness":null,"OomKillDisable":null,"PidsLimit":null,"Ulimits":null,"CpuCount":0,"CpuPercent":0,"IOMaximumIOps":0,"IOMaximumBandwidth":0,"MaskedPaths":["/proc/asound","/proc/acpi","/proc/kcore","/proc/keys","/proc/latency_stats","/proc/timer_list","/proc/timer_stats","/proc/sched_debug","/proc/scsi","/sys/firmware"],"ReadonlyPaths":["/proc/bus","/proc/fs","/proc/irq","/proc/sys","/proc/sysrq-trigger"]},"GraphDriver":{"Data":{"LowerDir":"/var/lib/docker/overlay2/2c15a904a49807090175d7750f18e0f6a57e99c38a424839679cbaf676a4d500-init/diff:/var/lib/docker/overlay2/1bd8849d7a296305617011f940aa5cfabbe972a513397b1b6bbc27639b6c1f30/diff:/var/lib/docker/overlay2/199d69b2fbf78af4d4c95dec4fd2f8835ab0347eb49fb20ebb2ff3b99fedd6ad/diff:/var/lib/docker/overlay2/d83c38d654989311f75b9491329846033bfb7714de76ef635380dcfad5c740d9/diff:/var/lib/docker/overlay2/08600d0aea2ab2728bebcf5d2589c640a842f53d1ba3c4a4adccb4d03b923cf6/diff:/var/lib/docker/overlay2/9ec7c63a3fb14d13ac788bbf5e282ca821edc41260b79944e5e631037d13ecda/diff:/var/lib/docker/overlay2/db601d7a1b4ea6da638db620462f0da96fa55c559d02269c9ddb09027936ed87/diff:/var/lib/docker/overlay2/a6d2bd03f942e2565f21e74cfe152c7ec836a1c2b583f0790c685b92bdcfda24/diff:/var/lib/docker/overlay2/9badd16ea2c5e2bf1fde8b579683e41137dfc46ed5449234149f199a6751cc84/diff:/var/lib/docker/overlay2/6efb85646ed12e2d1181ef4cc6f6f6732c00c15a4035fe17ebc4f075ca573c30/diff:/var/lib/docker/overlay2/895d7c0ec09144d6ed33936f4e98e11c18010f7abd708cae1ce43aec7a7f2621/diff:/var/lib/docker/overlay2/1c4ba77aa573ab6e5e5069fd15eae71b3da940bde0f97a922a227ffc8a1d1096/diff","MergedDir":"/var/lib/docker/overlay2/2c15a904a49807090175d7750f18e0f6a57e99c38a424839679cbaf676a4d500/merged","UpperDir":"/var/lib/docker/overlay2/2c15a904a49807090175d7750f18e0f6a57e99c38a424839679cbaf676a4d500/diff","WorkDir":"/var/lib/docker/overlay2/2c15a904a49807090175d7750f18e0f6a57e99c38a424839679cbaf676a4d500/work"},"Name":"overlay2"},"Mounts":[{"Type":"volume","Name":"44a9389ce95a2961210e86afd6afe42b23405f43157b5dc00e010d283c01df79","Source":"/var/lib/docker/volumes/44a9389ce95a2961210e86afd6afe42b23405f43157b5dc00e010d283c01df79/_data","Destination":"/var/lib/mysql","Driver":"local","Mode":"","RW":true,"Propagation":""}],"Config":{"Hostname":"c37a42694b7d","Domainname":"","User":"","AttachStdin":false,"AttachStdout":false,"AttachStderr":false,"ExposedPorts":{"3306/tcp":{},"33060/tcp":{}},"Tty":false,"OpenStdin":false,"StdinOnce":false,"Env":["MYSQL_DATABASE=adm_videos","MYSQL_PASSWORD=123456","MYSQL_ROOT_PASSWORD=123456","PATH=/usr/local/sbin:/usr/local/bin:/usr/sbin:/usr/bin:/sbin:/bin","GOSU_VERSION=1.16","MYSQL_MAJOR=8.0","MYSQL_VERSION=8.0.32-1.el8","MYSQL_SHELL_VERSION=8.0.32-1.el8"],"Cmd":["mysqld"],"Image":"mysql:latest","Volumes":{"/var/lib/mysql":{}},"WorkingDir":"","Entrypoint":["docker-entrypoint.sh"],"OnBuild":null,"Labels":{"org.testcontainers":"true","org.testcontainers.lang":"java","org.testcontainers.sessionId":"818a13d9-e138-4e41-b5a4-74fd927e6a2d","org.testcontainers.version":"1.17.6"}},"NetworkSettings":{"Bridge":"","SandboxID":"bd1f3a626f226e407a1a406212013b21c93b302c93f9fd53a405b7fc5ff825b3","HairpinMode":false,"LinkLocalIPv6Address":"","LinkLocalIPv6PrefixLen":0,"Ports":{"3306/tcp":[{"HostIp":"0.0.0.0","HostPort":"56289"}],"33060/tcp":null},"SandboxKey":"/var/run/docker/netns/bd1f3a626f22","SecondaryIPAddresses":null,"SecondaryIPv6Addresses":null,"EndpointID":"a2b725c0c5ce4503f8e45e0c2adc4455b29a53a4866d3f23b2bce893a084641f","Gateway":"172.17.0.1","GlobalIPv6Address":"","GlobalIPv6PrefixLen":0,"IPAddress":"172.17.0.3","IPPrefixLen":16,"IPv6Gateway":"","MacAddress":"02:42:ac:11:00:03","Networks":{"bridge":{"IPAMConfig":null,"Links":null,"Aliases":null,"NetworkID":"308e234c143065751b16b4500cb9f48d5c7fc2116504b3d816a5e51cd4771062","EndpointID":"a2b725c0c5ce4503f8e45e0c2adc4455b29a53a4866d3f23b2bce893a084641f","Gateway":"172.17.0.1","IPAddress":"172.17.0.3","IPPrefixLen":16,"IPv6Gateway":"","GlobalIPv6Address":"","GlobalIPv6PrefixLen":0,"MacAddress":"02:42:ac:11:00:03","DriverOpts":null}}}}[\n]"
23:55:11.104 [Test worker] DEBUG com.github.dockerjava.zerodep.shaded.org.apache.hc.client5.http.wire - http-outgoing-2 << "[\r][\n]"
23:55:11.104 [Test worker] DEBUG com.github.dockerjava.zerodep.shaded.org.apache.hc.client5.http.wire - http-outgoing-2 << "0[\r][\n]"
23:55:11.104 [Test worker] DEBUG com.github.dockerjava.zerodep.shaded.org.apache.hc.client5.http.wire - http-outgoing-2 << "[\r][\n]"
23:55:11.104 [Test worker] DEBUG com.github.dockerjava.zerodep.shaded.org.apache.hc.client5.http.impl.classic.InternalHttpClient - ep-00000050: releasing valid endpoint
23:55:11.104 [Test worker] DEBUG com.github.dockerjava.zerodep.shaded.org.apache.hc.client5.http.impl.io.PoolingHttpClientConnectionManager - ep-00000050: releasing endpoint
23:55:11.104 [Test worker] DEBUG com.github.dockerjava.zerodep.shaded.org.apache.hc.client5.http.impl.io.PoolingHttpClientConnectionManager - ep-00000050: connection http-outgoing-2 can be kept alive for 3 MINUTES
23:55:11.105 [Test worker] DEBUG com.github.dockerjava.zerodep.shaded.org.apache.hc.client5.http.impl.io.PoolingHttpClientConnectionManager - ep-00000050: connection released [route: {}->unix://localhost:2375][total available: 1; route allocated: 1 of 2147483647; total allocated: 1 of 2147483647]
23:55:11.105 [Test worker] DEBUG ]]>&#x1f433;<![CDATA[ [mysql:latest] - Trying to create JDBC connection using com.mysql.cj.jdbc.Driver to jdbc:mysql://localhost:56289/adm_videos?useSSL=false&allowPublicKeyRetrieval=true with properties: {password=123456, user=root}
23:55:11.208 [Test worker] DEBUG org.testcontainers.shaded.com.github.dockerjava.core.command.AbstrDockerCmd - Cmd: c37a42694b7d1cff581f5e7b89a60b044af4721181408c271e821f1413201ca6,false
23:55:11.209 [Test worker] DEBUG org.testcontainers.shaded.com.github.dockerjava.core.exec.InspectContainerCmdExec - GET: DefaultWebTarget{path=[/containers/c37a42694b7d1cff581f5e7b89a60b044af4721181408c271e821f1413201ca6/json], queryParams={}}
23:55:11.209 [Test worker] DEBUG com.github.dockerjava.zerodep.shaded.org.apache.hc.client5.http.impl.classic.InternalHttpClient - ex-00000052: preparing request execution
23:55:11.209 [Test worker] DEBUG com.github.dockerjava.zerodep.shaded.org.apache.hc.client5.http.protocol.RequestAddCookies - Cookie spec selected: strict
23:55:11.209 [Test worker] DEBUG com.github.dockerjava.zerodep.shaded.org.apache.hc.client5.http.protocol.RequestAuthCache - Auth cache not set in the context
23:55:11.209 [Test worker] DEBUG com.github.dockerjava.zerodep.shaded.org.apache.hc.client5.http.impl.classic.ProtocolExec - ex-00000052: target auth state: UNCHALLENGED
23:55:11.209 [Test worker] DEBUG com.github.dockerjava.zerodep.shaded.org.apache.hc.client5.http.impl.classic.ProtocolExec - ex-00000052: proxy auth state: UNCHALLENGED
23:55:11.209 [Test worker] DEBUG com.github.dockerjava.zerodep.shaded.org.apache.hc.client5.http.impl.classic.ConnectExec - ex-00000052: acquiring connection with route {}->unix://localhost:2375
23:55:11.209 [Test worker] DEBUG com.github.dockerjava.zerodep.shaded.org.apache.hc.client5.http.impl.classic.InternalHttpClient - ex-00000052: acquiring endpoint (3 MINUTES)
23:55:11.209 [Test worker] DEBUG com.github.dockerjava.zerodep.shaded.org.apache.hc.client5.http.impl.io.PoolingHttpClientConnectionManager - ex-00000052: endpoint lease request (3 MINUTES) [route: {}->unix://localhost:2375][total available: 1; route allocated: 1 of 2147483647; total allocated: 1 of 2147483647]
23:55:11.209 [Test worker] DEBUG com.github.dockerjava.zerodep.shaded.org.apache.hc.client5.http.impl.io.PoolingHttpClientConnectionManager - ex-00000052: endpoint leased [route: {}->unix://localhost:2375][total available: 0; route allocated: 1 of 2147483647; total allocated: 1 of 2147483647]
23:55:11.209 [Test worker] DEBUG com.github.dockerjava.zerodep.shaded.org.apache.hc.client5.http.impl.io.PoolingHttpClientConnectionManager - ex-00000052: acquired ep-00000051
23:55:11.209 [Test worker] DEBUG com.github.dockerjava.zerodep.shaded.org.apache.hc.client5.http.impl.classic.InternalHttpClient - ex-00000052: acquired endpoint ep-00000051
23:55:11.209 [Test worker] DEBUG com.github.dockerjava.zerodep.shaded.org.apache.hc.client5.http.impl.classic.MainClientExec - ex-00000052: executing GET /v1.32/containers/c37a42694b7d1cff581f5e7b89a60b044af4721181408c271e821f1413201ca6/json HTTP/1.1
23:55:11.210 [Test worker] DEBUG com.github.dockerjava.zerodep.shaded.org.apache.hc.client5.http.impl.classic.InternalHttpClient - ep-00000051: start execution ex-00000052
23:55:11.210 [Test worker] DEBUG com.github.dockerjava.zerodep.shaded.org.apache.hc.client5.http.impl.io.PoolingHttpClientConnectionManager - ep-00000051: executing exchange ex-00000052 over http-outgoing-2
23:55:11.210 [Test worker] DEBUG com.github.dockerjava.zerodep.shaded.org.apache.hc.client5.http.headers - http-outgoing-2 >> GET /v1.32/containers/c37a42694b7d1cff581f5e7b89a60b044af4721181408c271e821f1413201ca6/json HTTP/1.1
23:55:11.210 [Test worker] DEBUG com.github.dockerjava.zerodep.shaded.org.apache.hc.client5.http.headers - http-outgoing-2 >> accept: application/json
23:55:11.210 [Test worker] DEBUG com.github.dockerjava.zerodep.shaded.org.apache.hc.client5.http.headers - http-outgoing-2 >> x-tc-sid: 818a13d9-e138-4e41-b5a4-74fd927e6a2d
23:55:11.210 [Test worker] DEBUG com.github.dockerjava.zerodep.shaded.org.apache.hc.client5.http.headers - http-outgoing-2 >> Accept-Encoding: gzip, x-gzip, deflate
23:55:11.210 [Test worker] DEBUG com.github.dockerjava.zerodep.shaded.org.apache.hc.client5.http.headers - http-outgoing-2 >> Host: localhost:2375
23:55:11.210 [Test worker] DEBUG com.github.dockerjava.zerodep.shaded.org.apache.hc.client5.http.headers - http-outgoing-2 >> Connection: keep-alive
23:55:11.210 [Test worker] DEBUG com.github.dockerjava.zerodep.shaded.org.apache.hc.client5.http.headers - http-outgoing-2 >> User-Agent: Apache-HttpClient/5.0.3 (Java/17.0.2)
23:55:11.210 [Test worker] DEBUG com.github.dockerjava.zerodep.shaded.org.apache.hc.client5.http.wire - http-outgoing-2 >> "GET /v1.32/containers/c37a42694b7d1cff581f5e7b89a60b044af4721181408c271e821f1413201ca6/json HTTP/1.1[\r][\n]"
23:55:11.210 [Test worker] DEBUG com.github.dockerjava.zerodep.shaded.org.apache.hc.client5.http.wire - http-outgoing-2 >> "accept: application/json[\r][\n]"
23:55:11.210 [Test worker] DEBUG com.github.dockerjava.zerodep.shaded.org.apache.hc.client5.http.wire - http-outgoing-2 >> "x-tc-sid: 818a13d9-e138-4e41-b5a4-74fd927e6a2d[\r][\n]"
23:55:11.210 [Test worker] DEBUG com.github.dockerjava.zerodep.shaded.org.apache.hc.client5.http.wire - http-outgoing-2 >> "Accept-Encoding: gzip, x-gzip, deflate[\r][\n]"
23:55:11.210 [Test worker] DEBUG com.github.dockerjava.zerodep.shaded.org.apache.hc.client5.http.wire - http-outgoing-2 >> "Host: localhost:2375[\r][\n]"
23:55:11.210 [Test worker] DEBUG com.github.dockerjava.zerodep.shaded.org.apache.hc.client5.http.wire - http-outgoing-2 >> "Connection: keep-alive[\r][\n]"
23:55:11.210 [Test worker] DEBUG com.github.dockerjava.zerodep.shaded.org.apache.hc.client5.http.wire - http-outgoing-2 >> "User-Agent: Apache-HttpClient/5.0.3 (Java/17.0.2)[\r][\n]"
23:55:11.210 [Test worker] DEBUG com.github.dockerjava.zerodep.shaded.org.apache.hc.client5.http.wire - http-outgoing-2 >> "[\r][\n]"
23:55:11.211 [Test worker] DEBUG com.github.dockerjava.zerodep.shaded.org.apache.hc.client5.http.wire - http-outgoing-2 << "HTTP/1.1 200 OK[\r][\n]"
23:55:11.212 [Test worker] DEBUG com.github.dockerjava.zerodep.shaded.org.apache.hc.client5.http.wire - http-outgoing-2 << "Api-Version: 1.41[\r][\n]"
23:55:11.212 [Test worker] DEBUG com.github.dockerjava.zerodep.shaded.org.apache.hc.client5.http.wire - http-outgoing-2 << "Content-Type: application/json[\r][\n]"
23:55:11.212 [Test worker] DEBUG com.github.dockerjava.zerodep.shaded.org.apache.hc.client5.http.wire - http-outgoing-2 << "Date: Mon, 27 Mar 2023 02:55:11 GMT[\r][\n]"
23:55:11.212 [Test worker] DEBUG com.github.dockerjava.zerodep.shaded.org.apache.hc.client5.http.wire - http-outgoing-2 << "Docker-Experimental: false[\r][\n]"
23:55:11.212 [Test worker] DEBUG com.github.dockerjava.zerodep.shaded.org.apache.hc.client5.http.wire - http-outgoing-2 << "Ostype: linux[\r][\n]"
23:55:11.212 [Test worker] DEBUG com.github.dockerjava.zerodep.shaded.org.apache.hc.client5.http.wire - http-outgoing-2 << "Server: Docker/20.10.21 (linux)[\r][\n]"
23:55:11.212 [Test worker] DEBUG com.github.dockerjava.zerodep.shaded.org.apache.hc.client5.http.wire - http-outgoing-2 << "Transfer-Encoding: chunked[\r][\n]"
23:55:11.212 [Test worker] DEBUG com.github.dockerjava.zerodep.shaded.org.apache.hc.client5.http.wire - http-outgoing-2 << "[\r][\n]"
23:55:11.212 [Test worker] DEBUG com.github.dockerjava.zerodep.shaded.org.apache.hc.client5.http.headers - http-outgoing-2 << HTTP/1.1 200 OK
23:55:11.212 [Test worker] DEBUG com.github.dockerjava.zerodep.shaded.org.apache.hc.client5.http.headers - http-outgoing-2 << Api-Version: 1.41
23:55:11.212 [Test worker] DEBUG com.github.dockerjava.zerodep.shaded.org.apache.hc.client5.http.headers - http-outgoing-2 << Content-Type: application/json
23:55:11.212 [Test worker] DEBUG com.github.dockerjava.zerodep.shaded.org.apache.hc.client5.http.headers - http-outgoing-2 << Date: Mon, 27 Mar 2023 02:55:11 GMT
23:55:11.212 [Test worker] DEBUG com.github.dockerjava.zerodep.shaded.org.apache.hc.client5.http.headers - http-outgoing-2 << Docker-Experimental: false
23:55:11.212 [Test worker] DEBUG com.github.dockerjava.zerodep.shaded.org.apache.hc.client5.http.headers - http-outgoing-2 << Ostype: linux
23:55:11.212 [Test worker] DEBUG com.github.dockerjava.zerodep.shaded.org.apache.hc.client5.http.headers - http-outgoing-2 << Server: Docker/20.10.21 (linux)
23:55:11.212 [Test worker] DEBUG com.github.dockerjava.zerodep.shaded.org.apache.hc.client5.http.headers - http-outgoing-2 << Transfer-Encoding: chunked
23:55:11.212 [Test worker] DEBUG com.github.dockerjava.zerodep.shaded.org.apache.hc.client5.http.impl.classic.MainClientExec - ex-00000052: connection can be kept alive for 3 MINUTES
23:55:11.213 [Test worker] DEBUG com.github.dockerjava.zerodep.shaded.org.apache.hc.client5.http.wire - http-outgoing-2 << "18c1[\r][\n]"
23:55:11.213 [Test worker] DEBUG com.github.dockerjava.zerodep.shaded.org.apache.hc.client5.http.wire - http-outgoing-2 << "{"Id":"c37a42694b7d1cff581f5e7b89a60b044af4721181408c271e821f1413201ca6","Created":"2023-03-27T02:55:02.49734542Z","Path":"docker-entrypoint.sh","Args":["mysqld"],"State":{"Status":"running","Running":true,"Paused":false,"Restarting":false,"OOMKilled":false,"Dead":false,"Pid":18342,"ExitCode":0,"Error":"","StartedAt":"2023-03-27T02:55:03.12719392Z","FinishedAt":"0001-01-01T00:00:00Z"},"Image":"sha256:c7c54c29e20dccc1aefb936c8eba8bb8b98b87a4921102aba87fde2df5810af9","ResolvConfPath":"/var/lib/docker/containers/c37a42694b7d1cff581f5e7b89a60b044af4721181408c271e821f1413201ca6/resolv.conf","HostnamePath":"/var/lib/docker/containers/c37a42694b7d1cff581f5e7b89a60b044af4721181408c271e821f1413201ca6/hostname","HostsPath":"/var/lib/docker/containers/c37a42694b7d1cff581f5e7b89a60b044af4721181408c271e821f1413201ca6/hosts","LogPath":"/var/lib/docker/containers/c37a42694b7d1cff581f5e7b89a60b044af4721181408c271e821f1413201ca6/c37a42694b7d1cff581f5e7b89a60b044af4721181408c271e821f1413201ca6-json.log","Name":"/elegant_mahavira","RestartCount":0,"Driver":"overlay2","Platform":"linux","MountLabel":"","ProcessLabel":"","AppArmorProfile":"","ExecIDs":null,"HostConfig":{"Binds":[],"ContainerIDFile":"","LogConfig":{"Type":"json-file","Config":{}},"NetworkMode":"default","PortBindings":{"3306/tcp":[{"HostIp":"0.0.0.0","HostPort":"0"}]},"RestartPolicy":{"Name":"","MaximumRetryCount":0},"AutoRemove":false,"VolumeDriver":"","VolumesFrom":[],"CapAdd":null,"CapDrop":null,"CgroupnsMode":"private","Dns":null,"DnsOptions":null,"DnsSearch":null,"ExtraHosts":[],"GroupAdd":null,"IpcMode":"shareable","Cgroup":"","Links":null,"OomScoreAdj":0,"PidMode":"","Privileged":false,"PublishAllPorts":false,"ReadonlyRootfs":false,"SecurityOpt":null,"UTSMode":"","UsernsMode":"","ShmSize":67108864,"Runtime":"runc","ConsoleSize":[0,0],"Isolation":"","CpuShares":0,"Memory":0,"NanoCpus":0,"CgroupParent":"","BlkioWeight":0,"BlkioWeightDevice":null,"BlkioDeviceReadBps":null,"BlkioDeviceWriteBps":null,"BlkioDeviceReadIOps":null,"BlkioDeviceWriteIOps":null,"CpuPeriod":0,"CpuQuota":0,"CpuRealtimePeriod":0,"CpuRealtimeRuntime":0,"CpusetCpus":"","CpusetMems":"","Devices":null,"DeviceCgroupRules":null,"DeviceRequests":null,"KernelMemory":0,"KernelMemoryTCP":0,"MemoryReservation":0,"MemorySwap":0,"MemorySwappiness":null,"OomKillDisable":null,"PidsLimit":null,"Ulimits":null,"CpuCount":0,"CpuPercent":0,"IOMaximumIOps":0,"IOMaximumBandwidth":0,"MaskedPaths":["/proc/asound","/proc/acpi","/proc/kcore","/proc/keys","/proc/latency_stats","/proc/timer_list","/proc/timer_stats","/proc/sched_debug","/proc/scsi","/sys/firmware"],"ReadonlyPaths":["/proc/bus","/proc/fs","/proc/irq","/proc/sys","/proc/sysrq-trigger"]},"GraphDriver":{"Data":{"LowerDir":"/var/lib/docker/overlay2/2c15a904a49807090175d7750f18e0f6a57e99c38a424839679cbaf676a4d500-init/diff:/var/lib/docker/overlay2/1bd8849d7a296305617011f940aa5cfabbe972a513397b1b6bbc27639b6c1f30/diff:/var/lib/docker/overlay2/199d69b2fbf78af4d4c95dec4fd2f8835ab0347eb49fb20ebb2ff3b99fedd6ad/diff:/var/lib/docker/overlay2/d83c38d654989311f75b9491329846033bfb7714de76ef635380dcfad5c740d9/diff:/var/lib/docker/overlay2/08600d0aea2ab2728bebcf5d2589c640a842f53d1ba3c4a4adccb4d03b923cf6/diff:/var/lib/docker/overlay2/9ec7c63a3fb14d13ac788bbf5e282ca821edc41260b79944e5e631037d13ecda/diff:/var/lib/docker/overlay2/db601d7a1b4ea6da638db620462f0da96fa55c559d02269c9ddb09027936ed87/diff:/var/lib/docker/overlay2/a6d2bd03f942e2565f21e74cfe152c7ec836a1c2b583f0790c685b92bdcfda24/diff:/var/lib/docker/overlay2/9badd16ea2c5e2bf1fde8b579683e41137dfc46ed5449234149f199a6751cc84/diff:/var/lib/docker/overlay2/6efb85646ed12e2d1181ef4cc6f6f6732c00c15a4035fe17ebc4f075ca573c30/diff:/var/lib/docker/overlay2/895d7c0ec09144d6ed33936f4e98e11c18010f7abd708cae1ce43aec7a7f2621/diff:/var/lib/docker/overlay2/1c4ba77aa573ab6e5e5069fd15eae71b3da940bde0f97a922a227ffc8a1d1096/diff","MergedDir":"/var/lib/docker/overlay2/2c15a904a49807090175d7750f18e0f6a57e99c38a424839679cbaf676a4d500/merged","UpperDir":"/var/lib/docker/overlay2/2c15a904a49807090175d7750f18e0f6a57e99c38a424839679cbaf676a4d500/diff","WorkDir":"/var/lib/docker/overlay2/2c15a904a49807090175d7750f18e0f6a57e99c38a424839679cbaf676a4d500/work"},"Name":"overlay2"},"Mounts":[{"Type":"volume","Name":"44a9389ce95a2961210e86afd6afe42b23405f43157b5dc00e010d283c01df79","Source":"/var/lib/docker/volumes/44a9389ce95a2961210e86afd6afe42b23405f43157b5dc00e010d283c01df79/_data","Destination":"/var/lib/mysql","Driver":"local","Mode":"","RW":true,"Propagation":""}],"Config":{"Hostname":"c37a42694b7d","Domainname":"","User":"","AttachStdin":false,"AttachStdout":false,"AttachStderr":false,"ExposedPorts":{"3306/tcp":{},"33060/tcp":{}},"Tty":false,"OpenStdin":false,"StdinOnce":false,"Env":["MYSQL_DATABASE=adm_videos","MYSQL_PASSWORD=123456","MYSQL_ROOT_PASSWORD=123456","PATH=/usr/local/sbin:/usr/local/bin:/usr/sbin:/usr/bin:/sbin:/bin","GOSU_VERSION=1.16","MYSQL_MAJOR=8.0","MYSQL_VERSION=8.0.32-1.el8","MYSQL_SHELL_VERSION=8.0.32-1.el8"],"Cmd":["mysqld"],"Image":"mysql:latest","Volumes":{"/var/lib/mysql":{}},"WorkingDir":"","Entrypoint":["docker-entrypoint.sh"],"OnBuild":null,"Labels":{"org.testcontainers":"true","org.testcontainers.lang":"java","org.testcontainers.sessionId":"818a13d9-e138-4e41-b5a4-74fd927e6a2d","org.testcontainers.version":"1.17.6"}},"NetworkSettings":{"Bridge":"","SandboxID":"bd1f3a626f226e407a1a406212013b21c93b302c93f9fd53a405b7fc5ff825b3","HairpinMode":false,"LinkLocalIPv6Address":"","LinkLocalIPv6PrefixLen":0,"Ports":{"3306/tcp":[{"HostIp":"0.0.0.0","HostPort":"56289"}],"33060/tcp":null},"SandboxKey":"/var/run/docker/netns/bd1f3a626f22","SecondaryIPAddresses":null,"SecondaryIPv6Addresses":null,"EndpointID":"a2b725c0c5ce4503f8e45e0c2adc4455b29a53a4866d3f23b2bce893a084641f","Gateway":"172.17.0.1","GlobalIPv6Address":"","GlobalIPv6PrefixLen":0,"IPAddress":"172.17.0.3","IPPrefixLen":16,"IPv6Gateway":"","MacAddress":"02:42:ac:11:00:03","Networks":{"bridge":{"IPAMConfig":null,"Links":null,"Aliases":null,"NetworkID":"308e234c143065751b16b4500cb9f48d5c7fc2116504b3d816a5e51cd4771062","EndpointID":"a2b725c0c5ce4503f8e45e0c2adc4455b29a53a4866d3f23b2bce893a084641f","Gateway":"172.17.0.1","IPAddress":"172.17.0.3","IPPrefixLen":16,"IPv6Gateway":"","GlobalIPv6Address":"","GlobalIPv6PrefixLen":0,"MacAddress":"02:42:ac:11:00:03","DriverOpts":null}}}}[\n]"
23:55:11.213 [Test worker] DEBUG com.github.dockerjava.zerodep.shaded.org.apache.hc.client5.http.wire - http-outgoing-2 << "[\r][\n]"
23:55:11.214 [Test worker] DEBUG com.github.dockerjava.zerodep.shaded.org.apache.hc.client5.http.wire - http-outgoing-2 << "0[\r][\n]"
23:55:11.214 [Test worker] DEBUG com.github.dockerjava.zerodep.shaded.org.apache.hc.client5.http.wire - http-outgoing-2 << "[\r][\n]"
23:55:11.214 [Test worker] DEBUG com.github.dockerjava.zerodep.shaded.org.apache.hc.client5.http.impl.classic.InternalHttpClient - ep-00000051: releasing valid endpoint
23:55:11.214 [Test worker] DEBUG com.github.dockerjava.zerodep.shaded.org.apache.hc.client5.http.impl.io.PoolingHttpClientConnectionManager - ep-00000051: releasing endpoint
23:55:11.214 [Test worker] DEBUG com.github.dockerjava.zerodep.shaded.org.apache.hc.client5.http.impl.io.PoolingHttpClientConnectionManager - ep-00000051: connection http-outgoing-2 can be kept alive for 3 MINUTES
23:55:11.214 [Test worker] DEBUG com.github.dockerjava.zerodep.shaded.org.apache.hc.client5.http.impl.io.PoolingHttpClientConnectionManager - ep-00000051: connection released [route: {}->unix://localhost:2375][total available: 1; route allocated: 1 of 2147483647; total allocated: 1 of 2147483647]
23:55:11.214 [Test worker] DEBUG ]]>&#x1f433;<![CDATA[ [mysql:latest] - Trying to create JDBC connection using com.mysql.cj.jdbc.Driver to jdbc:mysql://localhost:56289/adm_videos?useSSL=false&allowPublicKeyRetrieval=true with properties: {password=123456, user=root}
23:55:11.318 [Test worker] DEBUG org.testcontainers.shaded.com.github.dockerjava.core.command.AbstrDockerCmd - Cmd: c37a42694b7d1cff581f5e7b89a60b044af4721181408c271e821f1413201ca6,false
23:55:11.318 [Test worker] DEBUG org.testcontainers.shaded.com.github.dockerjava.core.exec.InspectContainerCmdExec - GET: DefaultWebTarget{path=[/containers/c37a42694b7d1cff581f5e7b89a60b044af4721181408c271e821f1413201ca6/json], queryParams={}}
23:55:11.318 [Test worker] DEBUG com.github.dockerjava.zerodep.shaded.org.apache.hc.client5.http.impl.classic.InternalHttpClient - ex-00000053: preparing request execution
23:55:11.318 [Test worker] DEBUG com.github.dockerjava.zerodep.shaded.org.apache.hc.client5.http.protocol.RequestAddCookies - Cookie spec selected: strict
23:55:11.318 [Test worker] DEBUG com.github.dockerjava.zerodep.shaded.org.apache.hc.client5.http.protocol.RequestAuthCache - Auth cache not set in the context
23:55:11.318 [Test worker] DEBUG com.github.dockerjava.zerodep.shaded.org.apache.hc.client5.http.impl.classic.ProtocolExec - ex-00000053: target auth state: UNCHALLENGED
23:55:11.318 [Test worker] DEBUG com.github.dockerjava.zerodep.shaded.org.apache.hc.client5.http.impl.classic.ProtocolExec - ex-00000053: proxy auth state: UNCHALLENGED
23:55:11.318 [Test worker] DEBUG com.github.dockerjava.zerodep.shaded.org.apache.hc.client5.http.impl.classic.ConnectExec - ex-00000053: acquiring connection with route {}->unix://localhost:2375
23:55:11.319 [Test worker] DEBUG com.github.dockerjava.zerodep.shaded.org.apache.hc.client5.http.impl.classic.InternalHttpClient - ex-00000053: acquiring endpoint (3 MINUTES)
23:55:11.319 [Test worker] DEBUG com.github.dockerjava.zerodep.shaded.org.apache.hc.client5.http.impl.io.PoolingHttpClientConnectionManager - ex-00000053: endpoint lease request (3 MINUTES) [route: {}->unix://localhost:2375][total available: 1; route allocated: 1 of 2147483647; total allocated: 1 of 2147483647]
23:55:11.319 [Test worker] DEBUG com.github.dockerjava.zerodep.shaded.org.apache.hc.client5.http.impl.io.PoolingHttpClientConnectionManager - ex-00000053: endpoint leased [route: {}->unix://localhost:2375][total available: 0; route allocated: 1 of 2147483647; total allocated: 1 of 2147483647]
23:55:11.319 [Test worker] DEBUG com.github.dockerjava.zerodep.shaded.org.apache.hc.client5.http.impl.io.PoolingHttpClientConnectionManager - ex-00000053: acquired ep-00000052
23:55:11.319 [Test worker] DEBUG com.github.dockerjava.zerodep.shaded.org.apache.hc.client5.http.impl.classic.InternalHttpClient - ex-00000053: acquired endpoint ep-00000052
23:55:11.319 [Test worker] DEBUG com.github.dockerjava.zerodep.shaded.org.apache.hc.client5.http.impl.classic.MainClientExec - ex-00000053: executing GET /v1.32/containers/c37a42694b7d1cff581f5e7b89a60b044af4721181408c271e821f1413201ca6/json HTTP/1.1
23:55:11.319 [Test worker] DEBUG com.github.dockerjava.zerodep.shaded.org.apache.hc.client5.http.impl.classic.InternalHttpClient - ep-00000052: start execution ex-00000053
23:55:11.319 [Test worker] DEBUG com.github.dockerjava.zerodep.shaded.org.apache.hc.client5.http.impl.io.PoolingHttpClientConnectionManager - ep-00000052: executing exchange ex-00000053 over http-outgoing-2
23:55:11.319 [Test worker] DEBUG com.github.dockerjava.zerodep.shaded.org.apache.hc.client5.http.headers - http-outgoing-2 >> GET /v1.32/containers/c37a42694b7d1cff581f5e7b89a60b044af4721181408c271e821f1413201ca6/json HTTP/1.1
23:55:11.319 [Test worker] DEBUG com.github.dockerjava.zerodep.shaded.org.apache.hc.client5.http.headers - http-outgoing-2 >> accept: application/json
23:55:11.319 [Test worker] DEBUG com.github.dockerjava.zerodep.shaded.org.apache.hc.client5.http.headers - http-outgoing-2 >> x-tc-sid: 818a13d9-e138-4e41-b5a4-74fd927e6a2d
23:55:11.319 [Test worker] DEBUG com.github.dockerjava.zerodep.shaded.org.apache.hc.client5.http.headers - http-outgoing-2 >> Accept-Encoding: gzip, x-gzip, deflate
23:55:11.319 [Test worker] DEBUG com.github.dockerjava.zerodep.shaded.org.apache.hc.client5.http.headers - http-outgoing-2 >> Host: localhost:2375
23:55:11.319 [Test worker] DEBUG com.github.dockerjava.zerodep.shaded.org.apache.hc.client5.http.headers - http-outgoing-2 >> Connection: keep-alive
23:55:11.319 [Test worker] DEBUG com.github.dockerjava.zerodep.shaded.org.apache.hc.client5.http.headers - http-outgoing-2 >> User-Agent: Apache-HttpClient/5.0.3 (Java/17.0.2)
23:55:11.319 [Test worker] DEBUG com.github.dockerjava.zerodep.shaded.org.apache.hc.client5.http.wire - http-outgoing-2 >> "GET /v1.32/containers/c37a42694b7d1cff581f5e7b89a60b044af4721181408c271e821f1413201ca6/json HTTP/1.1[\r][\n]"
23:55:11.319 [Test worker] DEBUG com.github.dockerjava.zerodep.shaded.org.apache.hc.client5.http.wire - http-outgoing-2 >> "accept: application/json[\r][\n]"
23:55:11.319 [Test worker] DEBUG com.github.dockerjava.zerodep.shaded.org.apache.hc.client5.http.wire - http-outgoing-2 >> "x-tc-sid: 818a13d9-e138-4e41-b5a4-74fd927e6a2d[\r][\n]"
23:55:11.319 [Test worker] DEBUG com.github.dockerjava.zerodep.shaded.org.apache.hc.client5.http.wire - http-outgoing-2 >> "Accept-Encoding: gzip, x-gzip, deflate[\r][\n]"
23:55:11.319 [Test worker] DEBUG com.github.dockerjava.zerodep.shaded.org.apache.hc.client5.http.wire - http-outgoing-2 >> "Host: localhost:2375[\r][\n]"
23:55:11.319 [Test worker] DEBUG com.github.dockerjava.zerodep.shaded.org.apache.hc.client5.http.wire - http-outgoing-2 >> "Connection: keep-alive[\r][\n]"
23:55:11.319 [Test worker] DEBUG com.github.dockerjava.zerodep.shaded.org.apache.hc.client5.http.wire - http-outgoing-2 >> "User-Agent: Apache-HttpClient/5.0.3 (Java/17.0.2)[\r][\n]"
23:55:11.319 [Test worker] DEBUG com.github.dockerjava.zerodep.shaded.org.apache.hc.client5.http.wire - http-outgoing-2 >> "[\r][\n]"
23:55:11.321 [Test worker] DEBUG com.github.dockerjava.zerodep.shaded.org.apache.hc.client5.http.wire - http-outgoing-2 << "HTTP/1.1 200 OK[\r][\n]"
23:55:11.321 [Test worker] DEBUG com.github.dockerjava.zerodep.shaded.org.apache.hc.client5.http.wire - http-outgoing-2 << "Api-Version: 1.41[\r][\n]"
23:55:11.321 [Test worker] DEBUG com.github.dockerjava.zerodep.shaded.org.apache.hc.client5.http.wire - http-outgoing-2 << "Content-Type: application/json[\r][\n]"
23:55:11.321 [Test worker] DEBUG com.github.dockerjava.zerodep.shaded.org.apache.hc.client5.http.wire - http-outgoing-2 << "Date: Mon, 27 Mar 2023 02:55:11 GMT[\r][\n]"
23:55:11.321 [Test worker] DEBUG com.github.dockerjava.zerodep.shaded.org.apache.hc.client5.http.wire - http-outgoing-2 << "Docker-Experimental: false[\r][\n]"
23:55:11.321 [Test worker] DEBUG com.github.dockerjava.zerodep.shaded.org.apache.hc.client5.http.wire - http-outgoing-2 << "Ostype: linux[\r][\n]"
23:55:11.321 [Test worker] DEBUG com.github.dockerjava.zerodep.shaded.org.apache.hc.client5.http.wire - http-outgoing-2 << "Server: Docker/20.10.21 (linux)[\r][\n]"
23:55:11.321 [Test worker] DEBUG com.github.dockerjava.zerodep.shaded.org.apache.hc.client5.http.wire - http-outgoing-2 << "Transfer-Encoding: chunked[\r][\n]"
23:55:11.321 [Test worker] DEBUG com.github.dockerjava.zerodep.shaded.org.apache.hc.client5.http.wire - http-outgoing-2 << "[\r][\n]"
23:55:11.321 [Test worker] DEBUG com.github.dockerjava.zerodep.shaded.org.apache.hc.client5.http.headers - http-outgoing-2 << HTTP/1.1 200 OK
23:55:11.321 [Test worker] DEBUG com.github.dockerjava.zerodep.shaded.org.apache.hc.client5.http.headers - http-outgoing-2 << Api-Version: 1.41
23:55:11.321 [Test worker] DEBUG com.github.dockerjava.zerodep.shaded.org.apache.hc.client5.http.headers - http-outgoing-2 << Content-Type: application/json
23:55:11.321 [Test worker] DEBUG com.github.dockerjava.zerodep.shaded.org.apache.hc.client5.http.headers - http-outgoing-2 << Date: Mon, 27 Mar 2023 02:55:11 GMT
23:55:11.321 [Test worker] DEBUG com.github.dockerjava.zerodep.shaded.org.apache.hc.client5.http.headers - http-outgoing-2 << Docker-Experimental: false
23:55:11.321 [Test worker] DEBUG com.github.dockerjava.zerodep.shaded.org.apache.hc.client5.http.headers - http-outgoing-2 << Ostype: linux
23:55:11.321 [Test worker] DEBUG com.github.dockerjava.zerodep.shaded.org.apache.hc.client5.http.headers - http-outgoing-2 << Server: Docker/20.10.21 (linux)
23:55:11.321 [Test worker] DEBUG com.github.dockerjava.zerodep.shaded.org.apache.hc.client5.http.headers - http-outgoing-2 << Transfer-Encoding: chunked
23:55:11.321 [Test worker] DEBUG com.github.dockerjava.zerodep.shaded.org.apache.hc.client5.http.impl.classic.MainClientExec - ex-00000053: connection can be kept alive for 3 MINUTES
23:55:11.323 [Test worker] DEBUG com.github.dockerjava.zerodep.shaded.org.apache.hc.client5.http.wire - http-outgoing-2 << "18c1[\r][\n]"
23:55:11.323 [Test worker] DEBUG com.github.dockerjava.zerodep.shaded.org.apache.hc.client5.http.wire - http-outgoing-2 << "{"Id":"c37a42694b7d1cff581f5e7b89a60b044af4721181408c271e821f1413201ca6","Created":"2023-03-27T02:55:02.49734542Z","Path":"docker-entrypoint.sh","Args":["mysqld"],"State":{"Status":"running","Running":true,"Paused":false,"Restarting":false,"OOMKilled":false,"Dead":false,"Pid":18342,"ExitCode":0,"Error":"","StartedAt":"2023-03-27T02:55:03.12719392Z","FinishedAt":"0001-01-01T00:00:00Z"},"Image":"sha256:c7c54c29e20dccc1aefb936c8eba8bb8b98b87a4921102aba87fde2df5810af9","ResolvConfPath":"/var/lib/docker/containers/c37a42694b7d1cff581f5e7b89a60b044af4721181408c271e821f1413201ca6/resolv.conf","HostnamePath":"/var/lib/docker/containers/c37a42694b7d1cff581f5e7b89a60b044af4721181408c271e821f1413201ca6/hostname","HostsPath":"/var/lib/docker/containers/c37a42694b7d1cff581f5e7b89a60b044af4721181408c271e821f1413201ca6/hosts","LogPath":"/var/lib/docker/containers/c37a42694b7d1cff581f5e7b89a60b044af4721181408c271e821f1413201ca6/c37a42694b7d1cff581f5e7b89a60b044af4721181408c271e821f1413201ca6-json.log","Name":"/elegant_mahavira","RestartCount":0,"Driver":"overlay2","Platform":"linux","MountLabel":"","ProcessLabel":"","AppArmorProfile":"","ExecIDs":null,"HostConfig":{"Binds":[],"ContainerIDFile":"","LogConfig":{"Type":"json-file","Config":{}},"NetworkMode":"default","PortBindings":{"3306/tcp":[{"HostIp":"0.0.0.0","HostPort":"0"}]},"RestartPolicy":{"Name":"","MaximumRetryCount":0},"AutoRemove":false,"VolumeDriver":"","VolumesFrom":[],"CapAdd":null,"CapDrop":null,"CgroupnsMode":"private","Dns":null,"DnsOptions":null,"DnsSearch":null,"ExtraHosts":[],"GroupAdd":null,"IpcMode":"shareable","Cgroup":"","Links":null,"OomScoreAdj":0,"PidMode":"","Privileged":false,"PublishAllPorts":false,"ReadonlyRootfs":false,"SecurityOpt":null,"UTSMode":"","UsernsMode":"","ShmSize":67108864,"Runtime":"runc","ConsoleSize":[0,0],"Isolation":"","CpuShares":0,"Memory":0,"NanoCpus":0,"CgroupParent":"","BlkioWeight":0,"BlkioWeightDevice":null,"BlkioDeviceReadBps":null,"BlkioDeviceWriteBps":null,"BlkioDeviceReadIOps":null,"BlkioDeviceWriteIOps":null,"CpuPeriod":0,"CpuQuota":0,"CpuRealtimePeriod":0,"CpuRealtimeRuntime":0,"CpusetCpus":"","CpusetMems":"","Devices":null,"DeviceCgroupRules":null,"DeviceRequests":null,"KernelMemory":0,"KernelMemoryTCP":0,"MemoryReservation":0,"MemorySwap":0,"MemorySwappiness":null,"OomKillDisable":null,"PidsLimit":null,"Ulimits":null,"CpuCount":0,"CpuPercent":0,"IOMaximumIOps":0,"IOMaximumBandwidth":0,"MaskedPaths":["/proc/asound","/proc/acpi","/proc/kcore","/proc/keys","/proc/latency_stats","/proc/timer_list","/proc/timer_stats","/proc/sched_debug","/proc/scsi","/sys/firmware"],"ReadonlyPaths":["/proc/bus","/proc/fs","/proc/irq","/proc/sys","/proc/sysrq-trigger"]},"GraphDriver":{"Data":{"LowerDir":"/var/lib/docker/overlay2/2c15a904a49807090175d7750f18e0f6a57e99c38a424839679cbaf676a4d500-init/diff:/var/lib/docker/overlay2/1bd8849d7a296305617011f940aa5cfabbe972a513397b1b6bbc27639b6c1f30/diff:/var/lib/docker/overlay2/199d69b2fbf78af4d4c95dec4fd2f8835ab0347eb49fb20ebb2ff3b99fedd6ad/diff:/var/lib/docker/overlay2/d83c38d654989311f75b9491329846033bfb7714de76ef635380dcfad5c740d9/diff:/var/lib/docker/overlay2/08600d0aea2ab2728bebcf5d2589c640a842f53d1ba3c4a4adccb4d03b923cf6/diff:/var/lib/docker/overlay2/9ec7c63a3fb14d13ac788bbf5e282ca821edc41260b79944e5e631037d13ecda/diff:/var/lib/docker/overlay2/db601d7a1b4ea6da638db620462f0da96fa55c559d02269c9ddb09027936ed87/diff:/var/lib/docker/overlay2/a6d2bd03f942e2565f21e74cfe152c7ec836a1c2b583f0790c685b92bdcfda24/diff:/var/lib/docker/overlay2/9badd16ea2c5e2bf1fde8b579683e41137dfc46ed5449234149f199a6751cc84/diff:/var/lib/docker/overlay2/6efb85646ed12e2d1181ef4cc6f6f6732c00c15a4035fe17ebc4f075ca573c30/diff:/var/lib/docker/overlay2/895d7c0ec09144d6ed33936f4e98e11c18010f7abd708cae1ce43aec7a7f2621/diff:/var/lib/docker/overlay2/1c4ba77aa573ab6e5e5069fd15eae71b3da940bde0f97a922a227ffc8a1d1096/diff","MergedDir":"/var/lib/docker/overlay2/2c15a904a49807090175d7750f18e0f6a57e99c38a424839679cbaf676a4d500/merged","UpperDir":"/var/lib/docker/overlay2/2c15a904a49807090175d7750f18e0f6a57e99c38a424839679cbaf676a4d500/diff","WorkDir":"/var/lib/docker/overlay2/2c15a904a49807090175d7750f18e0f6a57e99c38a424839679cbaf676a4d500/work"},"Name":"overlay2"},"Mounts":[{"Type":"volume","Name":"44a9389ce95a2961210e86afd6afe42b23405f43157b5dc00e010d283c01df79","Source":"/var/lib/docker/volumes/44a9389ce95a2961210e86afd6afe42b23405f43157b5dc00e010d283c01df79/_data","Destination":"/var/lib/mysql","Driver":"local","Mode":"","RW":true,"Propagation":""}],"Config":{"Hostname":"c37a42694b7d","Domainname":"","User":"","AttachStdin":false,"AttachStdout":false,"AttachStderr":false,"ExposedPorts":{"3306/tcp":{},"33060/tcp":{}},"Tty":false,"OpenStdin":false,"StdinOnce":false,"Env":["MYSQL_DATABASE=adm_videos","MYSQL_PASSWORD=123456","MYSQL_ROOT_PASSWORD=123456","PATH=/usr/local/sbin:/usr/local/bin:/usr/sbin:/usr/bin:/sbin:/bin","GOSU_VERSION=1.16","MYSQL_MAJOR=8.0","MYSQL_VERSION=8.0.32-1.el8","MYSQL_SHELL_VERSION=8.0.32-1.el8"],"Cmd":["mysqld"],"Image":"mysql:latest","Volumes":{"/var/lib/mysql":{}},"WorkingDir":"","Entrypoint":["docker-entrypoint.sh"],"OnBuild":null,"Labels":{"org.testcontainers":"true","org.testcontainers.lang":"java","org.testcontainers.sessionId":"818a13d9-e138-4e41-b5a4-74fd927e6a2d","org.testcontainers.version":"1.17.6"}},"NetworkSettings":{"Bridge":"","SandboxID":"bd1f3a626f226e407a1a406212013b21c93b302c93f9fd53a405b7fc5ff825b3","HairpinMode":false,"LinkLocalIPv6Address":"","LinkLocalIPv6PrefixLen":0,"Ports":{"3306/tcp":[{"HostIp":"0.0.0.0","HostPort":"56289"}],"33060/tcp":null},"SandboxKey":"/var/run/docker/netns/bd1f3a626f22","SecondaryIPAddresses":null,"SecondaryIPv6Addresses":null,"EndpointID":"a2b725c0c5ce4503f8e45e0c2adc4455b29a53a4866d3f23b2bce893a084641f","Gateway":"172.17.0.1","GlobalIPv6Address":"","GlobalIPv6PrefixLen":0,"IPAddress":"172.17.0.3","IPPrefixLen":16,"IPv6Gateway":"","MacAddress":"02:42:ac:11:00:03","Networks":{"bridge":{"IPAMConfig":null,"Links":null,"Aliases":null,"NetworkID":"308e234c143065751b16b4500cb9f48d5c7fc2116504b3d816a5e51cd4771062","EndpointID":"a2b725c0c5ce4503f8e45e0c2adc4455b29a53a4866d3f23b2bce893a084641f","Gateway":"172.17.0.1","IPAddress":"172.17.0.3","IPPrefixLen":16,"IPv6Gateway":"","GlobalIPv6Address":"","GlobalIPv6PrefixLen":0,"MacAddress":"02:42:ac:11:00:03","DriverOpts":null}}}}[\n]"
23:55:11.323 [Test worker] DEBUG com.github.dockerjava.zerodep.shaded.org.apache.hc.client5.http.wire - http-outgoing-2 << "[\r][\n]"
23:55:11.324 [Test worker] DEBUG com.github.dockerjava.zerodep.shaded.org.apache.hc.client5.http.wire - http-outgoing-2 << "0[\r][\n]"
23:55:11.326 [Test worker] DEBUG com.github.dockerjava.zerodep.shaded.org.apache.hc.client5.http.wire - http-outgoing-2 << "[\r][\n]"
23:55:11.326 [Test worker] DEBUG com.github.dockerjava.zerodep.shaded.org.apache.hc.client5.http.impl.classic.InternalHttpClient - ep-00000052: releasing valid endpoint
23:55:11.326 [Test worker] DEBUG com.github.dockerjava.zerodep.shaded.org.apache.hc.client5.http.impl.io.PoolingHttpClientConnectionManager - ep-00000052: releasing endpoint
23:55:11.326 [Test worker] DEBUG com.github.dockerjava.zerodep.shaded.org.apache.hc.client5.http.impl.io.PoolingHttpClientConnectionManager - ep-00000052: connection http-outgoing-2 can be kept alive for 3 MINUTES
23:55:11.326 [Test worker] DEBUG com.github.dockerjava.zerodep.shaded.org.apache.hc.client5.http.impl.io.PoolingHttpClientConnectionManager - ep-00000052: connection released [route: {}->unix://localhost:2375][total available: 1; route allocated: 1 of 2147483647; total allocated: 1 of 2147483647]
23:55:11.326 [Test worker] DEBUG ]]>&#x1f433;<![CDATA[ [mysql:latest] - Trying to create JDBC connection using com.mysql.cj.jdbc.Driver to jdbc:mysql://localhost:56289/adm_videos?useSSL=false&allowPublicKeyRetrieval=true with properties: {password=123456, user=root}
23:55:11.434 [Test worker] DEBUG org.testcontainers.shaded.com.github.dockerjava.core.command.AbstrDockerCmd - Cmd: c37a42694b7d1cff581f5e7b89a60b044af4721181408c271e821f1413201ca6,false
23:55:11.435 [Test worker] DEBUG org.testcontainers.shaded.com.github.dockerjava.core.exec.InspectContainerCmdExec - GET: DefaultWebTarget{path=[/containers/c37a42694b7d1cff581f5e7b89a60b044af4721181408c271e821f1413201ca6/json], queryParams={}}
23:55:11.435 [Test worker] DEBUG com.github.dockerjava.zerodep.shaded.org.apache.hc.client5.http.impl.classic.InternalHttpClient - ex-00000054: preparing request execution
23:55:11.435 [Test worker] DEBUG com.github.dockerjava.zerodep.shaded.org.apache.hc.client5.http.protocol.RequestAddCookies - Cookie spec selected: strict
23:55:11.435 [Test worker] DEBUG com.github.dockerjava.zerodep.shaded.org.apache.hc.client5.http.protocol.RequestAuthCache - Auth cache not set in the context
23:55:11.435 [Test worker] DEBUG com.github.dockerjava.zerodep.shaded.org.apache.hc.client5.http.impl.classic.ProtocolExec - ex-00000054: target auth state: UNCHALLENGED
23:55:11.435 [Test worker] DEBUG com.github.dockerjava.zerodep.shaded.org.apache.hc.client5.http.impl.classic.ProtocolExec - ex-00000054: proxy auth state: UNCHALLENGED
23:55:11.435 [Test worker] DEBUG com.github.dockerjava.zerodep.shaded.org.apache.hc.client5.http.impl.classic.ConnectExec - ex-00000054: acquiring connection with route {}->unix://localhost:2375
23:55:11.435 [Test worker] DEBUG com.github.dockerjava.zerodep.shaded.org.apache.hc.client5.http.impl.classic.InternalHttpClient - ex-00000054: acquiring endpoint (3 MINUTES)
23:55:11.435 [Test worker] DEBUG com.github.dockerjava.zerodep.shaded.org.apache.hc.client5.http.impl.io.PoolingHttpClientConnectionManager - ex-00000054: endpoint lease request (3 MINUTES) [route: {}->unix://localhost:2375][total available: 1; route allocated: 1 of 2147483647; total allocated: 1 of 2147483647]
23:55:11.435 [Test worker] DEBUG com.github.dockerjava.zerodep.shaded.org.apache.hc.client5.http.impl.io.PoolingHttpClientConnectionManager - ex-00000054: endpoint leased [route: {}->unix://localhost:2375][total available: 0; route allocated: 1 of 2147483647; total allocated: 1 of 2147483647]
23:55:11.435 [Test worker] DEBUG com.github.dockerjava.zerodep.shaded.org.apache.hc.client5.http.impl.io.PoolingHttpClientConnectionManager - ex-00000054: acquired ep-00000053
23:55:11.435 [Test worker] DEBUG com.github.dockerjava.zerodep.shaded.org.apache.hc.client5.http.impl.classic.InternalHttpClient - ex-00000054: acquired endpoint ep-00000053
23:55:11.435 [Test worker] DEBUG com.github.dockerjava.zerodep.shaded.org.apache.hc.client5.http.impl.classic.MainClientExec - ex-00000054: executing GET /v1.32/containers/c37a42694b7d1cff581f5e7b89a60b044af4721181408c271e821f1413201ca6/json HTTP/1.1
23:55:11.435 [Test worker] DEBUG com.github.dockerjava.zerodep.shaded.org.apache.hc.client5.http.impl.classic.InternalHttpClient - ep-00000053: start execution ex-00000054
23:55:11.435 [Test worker] DEBUG com.github.dockerjava.zerodep.shaded.org.apache.hc.client5.http.impl.io.PoolingHttpClientConnectionManager - ep-00000053: executing exchange ex-00000054 over http-outgoing-2
23:55:11.435 [Test worker] DEBUG com.github.dockerjava.zerodep.shaded.org.apache.hc.client5.http.headers - http-outgoing-2 >> GET /v1.32/containers/c37a42694b7d1cff581f5e7b89a60b044af4721181408c271e821f1413201ca6/json HTTP/1.1
23:55:11.435 [Test worker] DEBUG com.github.dockerjava.zerodep.shaded.org.apache.hc.client5.http.headers - http-outgoing-2 >> accept: application/json
23:55:11.435 [Test worker] DEBUG com.github.dockerjava.zerodep.shaded.org.apache.hc.client5.http.headers - http-outgoing-2 >> x-tc-sid: 818a13d9-e138-4e41-b5a4-74fd927e6a2d
23:55:11.435 [Test worker] DEBUG com.github.dockerjava.zerodep.shaded.org.apache.hc.client5.http.headers - http-outgoing-2 >> Accept-Encoding: gzip, x-gzip, deflate
23:55:11.435 [Test worker] DEBUG com.github.dockerjava.zerodep.shaded.org.apache.hc.client5.http.headers - http-outgoing-2 >> Host: localhost:2375
23:55:11.435 [Test worker] DEBUG com.github.dockerjava.zerodep.shaded.org.apache.hc.client5.http.headers - http-outgoing-2 >> Connection: keep-alive
23:55:11.435 [Test worker] DEBUG com.github.dockerjava.zerodep.shaded.org.apache.hc.client5.http.headers - http-outgoing-2 >> User-Agent: Apache-HttpClient/5.0.3 (Java/17.0.2)
23:55:11.435 [Test worker] DEBUG com.github.dockerjava.zerodep.shaded.org.apache.hc.client5.http.wire - http-outgoing-2 >> "GET /v1.32/containers/c37a42694b7d1cff581f5e7b89a60b044af4721181408c271e821f1413201ca6/json HTTP/1.1[\r][\n]"
23:55:11.435 [Test worker] DEBUG com.github.dockerjava.zerodep.shaded.org.apache.hc.client5.http.wire - http-outgoing-2 >> "accept: application/json[\r][\n]"
23:55:11.435 [Test worker] DEBUG com.github.dockerjava.zerodep.shaded.org.apache.hc.client5.http.wire - http-outgoing-2 >> "x-tc-sid: 818a13d9-e138-4e41-b5a4-74fd927e6a2d[\r][\n]"
23:55:11.435 [Test worker] DEBUG com.github.dockerjava.zerodep.shaded.org.apache.hc.client5.http.wire - http-outgoing-2 >> "Accept-Encoding: gzip, x-gzip, deflate[\r][\n]"
23:55:11.435 [Test worker] DEBUG com.github.dockerjava.zerodep.shaded.org.apache.hc.client5.http.wire - http-outgoing-2 >> "Host: localhost:2375[\r][\n]"
23:55:11.435 [Test worker] DEBUG com.github.dockerjava.zerodep.shaded.org.apache.hc.client5.http.wire - http-outgoing-2 >> "Connection: keep-alive[\r][\n]"
23:55:11.435 [Test worker] DEBUG com.github.dockerjava.zerodep.shaded.org.apache.hc.client5.http.wire - http-outgoing-2 >> "User-Agent: Apache-HttpClient/5.0.3 (Java/17.0.2)[\r][\n]"
23:55:11.435 [Test worker] DEBUG com.github.dockerjava.zerodep.shaded.org.apache.hc.client5.http.wire - http-outgoing-2 >> "[\r][\n]"
23:55:11.438 [Test worker] DEBUG com.github.dockerjava.zerodep.shaded.org.apache.hc.client5.http.wire - http-outgoing-2 << "HTTP/1.1 200 OK[\r][\n]"
23:55:11.438 [Test worker] DEBUG com.github.dockerjava.zerodep.shaded.org.apache.hc.client5.http.wire - http-outgoing-2 << "Api-Version: 1.41[\r][\n]"
23:55:11.438 [Test worker] DEBUG com.github.dockerjava.zerodep.shaded.org.apache.hc.client5.http.wire - http-outgoing-2 << "Content-Type: application/json[\r][\n]"
23:55:11.438 [Test worker] DEBUG com.github.dockerjava.zerodep.shaded.org.apache.hc.client5.http.wire - http-outgoing-2 << "Date: Mon, 27 Mar 2023 02:55:11 GMT[\r][\n]"
23:55:11.438 [Test worker] DEBUG com.github.dockerjava.zerodep.shaded.org.apache.hc.client5.http.wire - http-outgoing-2 << "Docker-Experimental: false[\r][\n]"
23:55:11.438 [Test worker] DEBUG com.github.dockerjava.zerodep.shaded.org.apache.hc.client5.http.wire - http-outgoing-2 << "Ostype: linux[\r][\n]"
23:55:11.438 [Test worker] DEBUG com.github.dockerjava.zerodep.shaded.org.apache.hc.client5.http.wire - http-outgoing-2 << "Server: Docker/20.10.21 (linux)[\r][\n]"
23:55:11.438 [Test worker] DEBUG com.github.dockerjava.zerodep.shaded.org.apache.hc.client5.http.wire - http-outgoing-2 << "Transfer-Encoding: chunked[\r][\n]"
23:55:11.438 [Test worker] DEBUG com.github.dockerjava.zerodep.shaded.org.apache.hc.client5.http.wire - http-outgoing-2 << "[\r][\n]"
23:55:11.438 [Test worker] DEBUG com.github.dockerjava.zerodep.shaded.org.apache.hc.client5.http.headers - http-outgoing-2 << HTTP/1.1 200 OK
23:55:11.438 [Test worker] DEBUG com.github.dockerjava.zerodep.shaded.org.apache.hc.client5.http.headers - http-outgoing-2 << Api-Version: 1.41
23:55:11.438 [Test worker] DEBUG com.github.dockerjava.zerodep.shaded.org.apache.hc.client5.http.headers - http-outgoing-2 << Content-Type: application/json
23:55:11.438 [Test worker] DEBUG com.github.dockerjava.zerodep.shaded.org.apache.hc.client5.http.headers - http-outgoing-2 << Date: Mon, 27 Mar 2023 02:55:11 GMT
23:55:11.438 [Test worker] DEBUG com.github.dockerjava.zerodep.shaded.org.apache.hc.client5.http.headers - http-outgoing-2 << Docker-Experimental: false
23:55:11.438 [Test worker] DEBUG com.github.dockerjava.zerodep.shaded.org.apache.hc.client5.http.headers - http-outgoing-2 << Ostype: linux
23:55:11.438 [Test worker] DEBUG com.github.dockerjava.zerodep.shaded.org.apache.hc.client5.http.headers - http-outgoing-2 << Server: Docker/20.10.21 (linux)
23:55:11.438 [Test worker] DEBUG com.github.dockerjava.zerodep.shaded.org.apache.hc.client5.http.headers - http-outgoing-2 << Transfer-Encoding: chunked
23:55:11.438 [Test worker] DEBUG com.github.dockerjava.zerodep.shaded.org.apache.hc.client5.http.impl.classic.MainClientExec - ex-00000054: connection can be kept alive for 3 MINUTES
23:55:11.440 [Test worker] DEBUG com.github.dockerjava.zerodep.shaded.org.apache.hc.client5.http.wire - http-outgoing-2 << "18c1[\r][\n]"
23:55:11.440 [Test worker] DEBUG com.github.dockerjava.zerodep.shaded.org.apache.hc.client5.http.wire - http-outgoing-2 << "{"Id":"c37a42694b7d1cff581f5e7b89a60b044af4721181408c271e821f1413201ca6","Created":"2023-03-27T02:55:02.49734542Z","Path":"docker-entrypoint.sh","Args":["mysqld"],"State":{"Status":"running","Running":true,"Paused":false,"Restarting":false,"OOMKilled":false,"Dead":false,"Pid":18342,"ExitCode":0,"Error":"","StartedAt":"2023-03-27T02:55:03.12719392Z","FinishedAt":"0001-01-01T00:00:00Z"},"Image":"sha256:c7c54c29e20dccc1aefb936c8eba8bb8b98b87a4921102aba87fde2df5810af9","ResolvConfPath":"/var/lib/docker/containers/c37a42694b7d1cff581f5e7b89a60b044af4721181408c271e821f1413201ca6/resolv.conf","HostnamePath":"/var/lib/docker/containers/c37a42694b7d1cff581f5e7b89a60b044af4721181408c271e821f1413201ca6/hostname","HostsPath":"/var/lib/docker/containers/c37a42694b7d1cff581f5e7b89a60b044af4721181408c271e821f1413201ca6/hosts","LogPath":"/var/lib/docker/containers/c37a42694b7d1cff581f5e7b89a60b044af4721181408c271e821f1413201ca6/c37a42694b7d1cff581f5e7b89a60b044af4721181408c271e821f1413201ca6-json.log","Name":"/elegant_mahavira","RestartCount":0,"Driver":"overlay2","Platform":"linux","MountLabel":"","ProcessLabel":"","AppArmorProfile":"","ExecIDs":null,"HostConfig":{"Binds":[],"ContainerIDFile":"","LogConfig":{"Type":"json-file","Config":{}},"NetworkMode":"default","PortBindings":{"3306/tcp":[{"HostIp":"0.0.0.0","HostPort":"0"}]},"RestartPolicy":{"Name":"","MaximumRetryCount":0},"AutoRemove":false,"VolumeDriver":"","VolumesFrom":[],"CapAdd":null,"CapDrop":null,"CgroupnsMode":"private","Dns":null,"DnsOptions":null,"DnsSearch":null,"ExtraHosts":[],"GroupAdd":null,"IpcMode":"shareable","Cgroup":"","Links":null,"OomScoreAdj":0,"PidMode":"","Privileged":false,"PublishAllPorts":false,"ReadonlyRootfs":false,"SecurityOpt":null,"UTSMode":"","UsernsMode":"","ShmSize":67108864,"Runtime":"runc","ConsoleSize":[0,0],"Isolation":"","CpuShares":0,"Memory":0,"NanoCpus":0,"CgroupParent":"","BlkioWeight":0,"BlkioWeightDevice":null,"BlkioDeviceReadBps":null,"BlkioDeviceWriteBps":null,"BlkioDeviceReadIOps":null,"BlkioDeviceWriteIOps":null,"CpuPeriod":0,"CpuQuota":0,"CpuRealtimePeriod":0,"CpuRealtimeRuntime":0,"CpusetCpus":"","CpusetMems":"","Devices":null,"DeviceCgroupRules":null,"DeviceRequests":null,"KernelMemory":0,"KernelMemoryTCP":0,"MemoryReservation":0,"MemorySwap":0,"MemorySwappiness":null,"OomKillDisable":null,"PidsLimit":null,"Ulimits":null,"CpuCount":0,"CpuPercent":0,"IOMaximumIOps":0,"IOMaximumBandwidth":0,"MaskedPaths":["/proc/asound","/proc/acpi","/proc/kcore","/proc/keys","/proc/latency_stats","/proc/timer_list","/proc/timer_stats","/proc/sched_debug","/proc/scsi","/sys/firmware"],"ReadonlyPaths":["/proc/bus","/proc/fs","/proc/irq","/proc/sys","/proc/sysrq-trigger"]},"GraphDriver":{"Data":{"LowerDir":"/var/lib/docker/overlay2/2c15a904a49807090175d7750f18e0f6a57e99c38a424839679cbaf676a4d500-init/diff:/var/lib/docker/overlay2/1bd8849d7a296305617011f940aa5cfabbe972a513397b1b6bbc27639b6c1f30/diff:/var/lib/docker/overlay2/199d69b2fbf78af4d4c95dec4fd2f8835ab0347eb49fb20ebb2ff3b99fedd6ad/diff:/var/lib/docker/overlay2/d83c38d654989311f75b9491329846033bfb7714de76ef635380dcfad5c740d9/diff:/var/lib/docker/overlay2/08600d0aea2ab2728bebcf5d2589c640a842f53d1ba3c4a4adccb4d03b923cf6/diff:/var/lib/docker/overlay2/9ec7c63a3fb14d13ac788bbf5e282ca821edc41260b79944e5e631037d13ecda/diff:/var/lib/docker/overlay2/db601d7a1b4ea6da638db620462f0da96fa55c559d02269c9ddb09027936ed87/diff:/var/lib/docker/overlay2/a6d2bd03f942e2565f21e74cfe152c7ec836a1c2b583f0790c685b92bdcfda24/diff:/var/lib/docker/overlay2/9badd16ea2c5e2bf1fde8b579683e41137dfc46ed5449234149f199a6751cc84/diff:/var/lib/docker/overlay2/6efb85646ed12e2d1181ef4cc6f6f6732c00c15a4035fe17ebc4f075ca573c30/diff:/var/lib/docker/overlay2/895d7c0ec09144d6ed33936f4e98e11c18010f7abd708cae1ce43aec7a7f2621/diff:/var/lib/docker/overlay2/1c4ba77aa573ab6e5e5069fd15eae71b3da940bde0f97a922a227ffc8a1d1096/diff","MergedDir":"/var/lib/docker/overlay2/2c15a904a49807090175d7750f18e0f6a57e99c38a424839679cbaf676a4d500/merged","UpperDir":"/var/lib/docker/overlay2/2c15a904a49807090175d7750f18e0f6a57e99c38a424839679cbaf676a4d500/diff","WorkDir":"/var/lib/docker/overlay2/2c15a904a49807090175d7750f18e0f6a57e99c38a424839679cbaf676a4d500/work"},"Name":"overlay2"},"Mounts":[{"Type":"volume","Name":"44a9389ce95a2961210e86afd6afe42b23405f43157b5dc00e010d283c01df79","Source":"/var/lib/docker/volumes/44a9389ce95a2961210e86afd6afe42b23405f43157b5dc00e010d283c01df79/_data","Destination":"/var/lib/mysql","Driver":"local","Mode":"","RW":true,"Propagation":""}],"Config":{"Hostname":"c37a42694b7d","Domainname":"","User":"","AttachStdin":false,"AttachStdout":false,"AttachStderr":false,"ExposedPorts":{"3306/tcp":{},"33060/tcp":{}},"Tty":false,"OpenStdin":false,"StdinOnce":false,"Env":["MYSQL_DATABASE=adm_videos","MYSQL_PASSWORD=123456","MYSQL_ROOT_PASSWORD=123456","PATH=/usr/local/sbin:/usr/local/bin:/usr/sbin:/usr/bin:/sbin:/bin","GOSU_VERSION=1.16","MYSQL_MAJOR=8.0","MYSQL_VERSION=8.0.32-1.el8","MYSQL_SHELL_VERSION=8.0.32-1.el8"],"Cmd":["mysqld"],"Image":"mysql:latest","Volumes":{"/var/lib/mysql":{}},"WorkingDir":"","Entrypoint":["docker-entrypoint.sh"],"OnBuild":null,"Labels":{"org.testcontainers":"true","org.testcontainers.lang":"java","org.testcontainers.sessionId":"818a13d9-e138-4e41-b5a4-74fd927e6a2d","org.testcontainers.version":"1.17.6"}},"NetworkSettings":{"Bridge":"","SandboxID":"bd1f3a626f226e407a1a406212013b21c93b302c93f9fd53a405b7fc5ff825b3","HairpinMode":false,"LinkLocalIPv6Address":"","LinkLocalIPv6PrefixLen":0,"Ports":{"3306/tcp":[{"HostIp":"0.0.0.0","HostPort":"56289"}],"33060/tcp":null},"SandboxKey":"/var/run/docker/netns/bd1f3a626f22","SecondaryIPAddresses":null,"SecondaryIPv6Addresses":null,"EndpointID":"a2b725c0c5ce4503f8e45e0c2adc4455b29a53a4866d3f23b2bce893a084641f","Gateway":"172.17.0.1","GlobalIPv6Address":"","GlobalIPv6PrefixLen":0,"IPAddress":"172.17.0.3","IPPrefixLen":16,"IPv6Gateway":"","MacAddress":"02:42:ac:11:00:03","Networks":{"bridge":{"IPAMConfig":null,"Links":null,"Aliases":null,"NetworkID":"308e234c143065751b16b4500cb9f48d5c7fc2116504b3d816a5e51cd4771062","EndpointID":"a2b725c0c5ce4503f8e45e0c2adc4455b29a53a4866d3f23b2bce893a084641f","Gateway":"172.17.0.1","IPAddress":"172.17.0.3","IPPrefixLen":16,"IPv6Gateway":"","GlobalIPv6Address":"","GlobalIPv6PrefixLen":0,"MacAddress":"02:42:ac:11:00:03","DriverOpts":null}}}}[\n]"
23:55:11.440 [Test worker] DEBUG com.github.dockerjava.zerodep.shaded.org.apache.hc.client5.http.wire - http-outgoing-2 << "[\r][\n]"
23:55:11.440 [Test worker] DEBUG com.github.dockerjava.zerodep.shaded.org.apache.hc.client5.http.wire - http-outgoing-2 << "0[\r][\n]"
23:55:11.440 [Test worker] DEBUG com.github.dockerjava.zerodep.shaded.org.apache.hc.client5.http.wire - http-outgoing-2 << "[\r][\n]"
23:55:11.440 [Test worker] DEBUG com.github.dockerjava.zerodep.shaded.org.apache.hc.client5.http.impl.classic.InternalHttpClient - ep-00000053: releasing valid endpoint
23:55:11.440 [Test worker] DEBUG com.github.dockerjava.zerodep.shaded.org.apache.hc.client5.http.impl.io.PoolingHttpClientConnectionManager - ep-00000053: releasing endpoint
23:55:11.440 [Test worker] DEBUG com.github.dockerjava.zerodep.shaded.org.apache.hc.client5.http.impl.io.PoolingHttpClientConnectionManager - ep-00000053: connection http-outgoing-2 can be kept alive for 3 MINUTES
23:55:11.440 [Test worker] DEBUG com.github.dockerjava.zerodep.shaded.org.apache.hc.client5.http.impl.io.PoolingHttpClientConnectionManager - ep-00000053: connection released [route: {}->unix://localhost:2375][total available: 1; route allocated: 1 of 2147483647; total allocated: 1 of 2147483647]
23:55:11.440 [Test worker] DEBUG ]]>&#x1f433;<![CDATA[ [mysql:latest] - Trying to create JDBC connection using com.mysql.cj.jdbc.Driver to jdbc:mysql://localhost:56289/adm_videos?useSSL=false&allowPublicKeyRetrieval=true with properties: {password=123456, user=root}
23:55:11.543 [Test worker] DEBUG org.testcontainers.shaded.com.github.dockerjava.core.command.AbstrDockerCmd - Cmd: c37a42694b7d1cff581f5e7b89a60b044af4721181408c271e821f1413201ca6,false
23:55:11.544 [Test worker] DEBUG org.testcontainers.shaded.com.github.dockerjava.core.exec.InspectContainerCmdExec - GET: DefaultWebTarget{path=[/containers/c37a42694b7d1cff581f5e7b89a60b044af4721181408c271e821f1413201ca6/json], queryParams={}}
23:55:11.544 [Test worker] DEBUG com.github.dockerjava.zerodep.shaded.org.apache.hc.client5.http.impl.classic.InternalHttpClient - ex-00000055: preparing request execution
23:55:11.544 [Test worker] DEBUG com.github.dockerjava.zerodep.shaded.org.apache.hc.client5.http.protocol.RequestAddCookies - Cookie spec selected: strict
23:55:11.544 [Test worker] DEBUG com.github.dockerjava.zerodep.shaded.org.apache.hc.client5.http.protocol.RequestAuthCache - Auth cache not set in the context
23:55:11.544 [Test worker] DEBUG com.github.dockerjava.zerodep.shaded.org.apache.hc.client5.http.impl.classic.ProtocolExec - ex-00000055: target auth state: UNCHALLENGED
23:55:11.544 [Test worker] DEBUG com.github.dockerjava.zerodep.shaded.org.apache.hc.client5.http.impl.classic.ProtocolExec - ex-00000055: proxy auth state: UNCHALLENGED
23:55:11.544 [Test worker] DEBUG com.github.dockerjava.zerodep.shaded.org.apache.hc.client5.http.impl.classic.ConnectExec - ex-00000055: acquiring connection with route {}->unix://localhost:2375
23:55:11.544 [Test worker] DEBUG com.github.dockerjava.zerodep.shaded.org.apache.hc.client5.http.impl.classic.InternalHttpClient - ex-00000055: acquiring endpoint (3 MINUTES)
23:55:11.544 [Test worker] DEBUG com.github.dockerjava.zerodep.shaded.org.apache.hc.client5.http.impl.io.PoolingHttpClientConnectionManager - ex-00000055: endpoint lease request (3 MINUTES) [route: {}->unix://localhost:2375][total available: 1; route allocated: 1 of 2147483647; total allocated: 1 of 2147483647]
23:55:11.544 [Test worker] DEBUG com.github.dockerjava.zerodep.shaded.org.apache.hc.client5.http.impl.io.PoolingHttpClientConnectionManager - ex-00000055: endpoint leased [route: {}->unix://localhost:2375][total available: 0; route allocated: 1 of 2147483647; total allocated: 1 of 2147483647]
23:55:11.544 [Test worker] DEBUG com.github.dockerjava.zerodep.shaded.org.apache.hc.client5.http.impl.io.PoolingHttpClientConnectionManager - ex-00000055: acquired ep-00000054
23:55:11.544 [Test worker] DEBUG com.github.dockerjava.zerodep.shaded.org.apache.hc.client5.http.impl.classic.InternalHttpClient - ex-00000055: acquired endpoint ep-00000054
23:55:11.544 [Test worker] DEBUG com.github.dockerjava.zerodep.shaded.org.apache.hc.client5.http.impl.classic.MainClientExec - ex-00000055: executing GET /v1.32/containers/c37a42694b7d1cff581f5e7b89a60b044af4721181408c271e821f1413201ca6/json HTTP/1.1
23:55:11.544 [Test worker] DEBUG com.github.dockerjava.zerodep.shaded.org.apache.hc.client5.http.impl.classic.InternalHttpClient - ep-00000054: start execution ex-00000055
23:55:11.545 [Test worker] DEBUG com.github.dockerjava.zerodep.shaded.org.apache.hc.client5.http.impl.io.PoolingHttpClientConnectionManager - ep-00000054: executing exchange ex-00000055 over http-outgoing-2
23:55:11.545 [Test worker] DEBUG com.github.dockerjava.zerodep.shaded.org.apache.hc.client5.http.headers - http-outgoing-2 >> GET /v1.32/containers/c37a42694b7d1cff581f5e7b89a60b044af4721181408c271e821f1413201ca6/json HTTP/1.1
23:55:11.545 [Test worker] DEBUG com.github.dockerjava.zerodep.shaded.org.apache.hc.client5.http.headers - http-outgoing-2 >> accept: application/json
23:55:11.545 [Test worker] DEBUG com.github.dockerjava.zerodep.shaded.org.apache.hc.client5.http.headers - http-outgoing-2 >> x-tc-sid: 818a13d9-e138-4e41-b5a4-74fd927e6a2d
23:55:11.545 [Test worker] DEBUG com.github.dockerjava.zerodep.shaded.org.apache.hc.client5.http.headers - http-outgoing-2 >> Accept-Encoding: gzip, x-gzip, deflate
23:55:11.545 [Test worker] DEBUG com.github.dockerjava.zerodep.shaded.org.apache.hc.client5.http.headers - http-outgoing-2 >> Host: localhost:2375
23:55:11.545 [Test worker] DEBUG com.github.dockerjava.zerodep.shaded.org.apache.hc.client5.http.headers - http-outgoing-2 >> Connection: keep-alive
23:55:11.545 [Test worker] DEBUG com.github.dockerjava.zerodep.shaded.org.apache.hc.client5.http.headers - http-outgoing-2 >> User-Agent: Apache-HttpClient/5.0.3 (Java/17.0.2)
23:55:11.545 [Test worker] DEBUG com.github.dockerjava.zerodep.shaded.org.apache.hc.client5.http.wire - http-outgoing-2 >> "GET /v1.32/containers/c37a42694b7d1cff581f5e7b89a60b044af4721181408c271e821f1413201ca6/json HTTP/1.1[\r][\n]"
23:55:11.545 [Test worker] DEBUG com.github.dockerjava.zerodep.shaded.org.apache.hc.client5.http.wire - http-outgoing-2 >> "accept: application/json[\r][\n]"
23:55:11.545 [Test worker] DEBUG com.github.dockerjava.zerodep.shaded.org.apache.hc.client5.http.wire - http-outgoing-2 >> "x-tc-sid: 818a13d9-e138-4e41-b5a4-74fd927e6a2d[\r][\n]"
23:55:11.545 [Test worker] DEBUG com.github.dockerjava.zerodep.shaded.org.apache.hc.client5.http.wire - http-outgoing-2 >> "Accept-Encoding: gzip, x-gzip, deflate[\r][\n]"
23:55:11.545 [Test worker] DEBUG com.github.dockerjava.zerodep.shaded.org.apache.hc.client5.http.wire - http-outgoing-2 >> "Host: localhost:2375[\r][\n]"
23:55:11.545 [Test worker] DEBUG com.github.dockerjava.zerodep.shaded.org.apache.hc.client5.http.wire - http-outgoing-2 >> "Connection: keep-alive[\r][\n]"
23:55:11.545 [Test worker] DEBUG com.github.dockerjava.zerodep.shaded.org.apache.hc.client5.http.wire - http-outgoing-2 >> "User-Agent: Apache-HttpClient/5.0.3 (Java/17.0.2)[\r][\n]"
23:55:11.545 [Test worker] DEBUG com.github.dockerjava.zerodep.shaded.org.apache.hc.client5.http.wire - http-outgoing-2 >> "[\r][\n]"
23:55:11.546 [Test worker] DEBUG com.github.dockerjava.zerodep.shaded.org.apache.hc.client5.http.wire - http-outgoing-2 << "HTTP/1.1 200 OK[\r][\n]"
23:55:11.546 [Test worker] DEBUG com.github.dockerjava.zerodep.shaded.org.apache.hc.client5.http.wire - http-outgoing-2 << "Api-Version: 1.41[\r][\n]"
23:55:11.547 [Test worker] DEBUG com.github.dockerjava.zerodep.shaded.org.apache.hc.client5.http.wire - http-outgoing-2 << "Content-Type: application/json[\r][\n]"
23:55:11.547 [Test worker] DEBUG com.github.dockerjava.zerodep.shaded.org.apache.hc.client5.http.wire - http-outgoing-2 << "Date: Mon, 27 Mar 2023 02:55:11 GMT[\r][\n]"
23:55:11.547 [Test worker] DEBUG com.github.dockerjava.zerodep.shaded.org.apache.hc.client5.http.wire - http-outgoing-2 << "Docker-Experimental: false[\r][\n]"
23:55:11.547 [Test worker] DEBUG com.github.dockerjava.zerodep.shaded.org.apache.hc.client5.http.wire - http-outgoing-2 << "Ostype: linux[\r][\n]"
23:55:11.547 [Test worker] DEBUG com.github.dockerjava.zerodep.shaded.org.apache.hc.client5.http.wire - http-outgoing-2 << "Server: Docker/20.10.21 (linux)[\r][\n]"
23:55:11.547 [Test worker] DEBUG com.github.dockerjava.zerodep.shaded.org.apache.hc.client5.http.wire - http-outgoing-2 << "Transfer-Encoding: chunked[\r][\n]"
23:55:11.547 [Test worker] DEBUG com.github.dockerjava.zerodep.shaded.org.apache.hc.client5.http.wire - http-outgoing-2 << "[\r][\n]"
23:55:11.547 [Test worker] DEBUG com.github.dockerjava.zerodep.shaded.org.apache.hc.client5.http.headers - http-outgoing-2 << HTTP/1.1 200 OK
23:55:11.547 [Test worker] DEBUG com.github.dockerjava.zerodep.shaded.org.apache.hc.client5.http.headers - http-outgoing-2 << Api-Version: 1.41
23:55:11.547 [Test worker] DEBUG com.github.dockerjava.zerodep.shaded.org.apache.hc.client5.http.headers - http-outgoing-2 << Content-Type: application/json
23:55:11.547 [Test worker] DEBUG com.github.dockerjava.zerodep.shaded.org.apache.hc.client5.http.headers - http-outgoing-2 << Date: Mon, 27 Mar 2023 02:55:11 GMT
23:55:11.547 [Test worker] DEBUG com.github.dockerjava.zerodep.shaded.org.apache.hc.client5.http.headers - http-outgoing-2 << Docker-Experimental: false
23:55:11.547 [Test worker] DEBUG com.github.dockerjava.zerodep.shaded.org.apache.hc.client5.http.headers - http-outgoing-2 << Ostype: linux
23:55:11.547 [Test worker] DEBUG com.github.dockerjava.zerodep.shaded.org.apache.hc.client5.http.headers - http-outgoing-2 << Server: Docker/20.10.21 (linux)
23:55:11.547 [Test worker] DEBUG com.github.dockerjava.zerodep.shaded.org.apache.hc.client5.http.headers - http-outgoing-2 << Transfer-Encoding: chunked
23:55:11.547 [Test worker] DEBUG com.github.dockerjava.zerodep.shaded.org.apache.hc.client5.http.impl.classic.MainClientExec - ex-00000055: connection can be kept alive for 3 MINUTES
23:55:11.548 [Test worker] DEBUG com.github.dockerjava.zerodep.shaded.org.apache.hc.client5.http.wire - http-outgoing-2 << "18c1[\r][\n]"
23:55:11.548 [Test worker] DEBUG com.github.dockerjava.zerodep.shaded.org.apache.hc.client5.http.wire - http-outgoing-2 << "{"Id":"c37a42694b7d1cff581f5e7b89a60b044af4721181408c271e821f1413201ca6","Created":"2023-03-27T02:55:02.49734542Z","Path":"docker-entrypoint.sh","Args":["mysqld"],"State":{"Status":"running","Running":true,"Paused":false,"Restarting":false,"OOMKilled":false,"Dead":false,"Pid":18342,"ExitCode":0,"Error":"","StartedAt":"2023-03-27T02:55:03.12719392Z","FinishedAt":"0001-01-01T00:00:00Z"},"Image":"sha256:c7c54c29e20dccc1aefb936c8eba8bb8b98b87a4921102aba87fde2df5810af9","ResolvConfPath":"/var/lib/docker/containers/c37a42694b7d1cff581f5e7b89a60b044af4721181408c271e821f1413201ca6/resolv.conf","HostnamePath":"/var/lib/docker/containers/c37a42694b7d1cff581f5e7b89a60b044af4721181408c271e821f1413201ca6/hostname","HostsPath":"/var/lib/docker/containers/c37a42694b7d1cff581f5e7b89a60b044af4721181408c271e821f1413201ca6/hosts","LogPath":"/var/lib/docker/containers/c37a42694b7d1cff581f5e7b89a60b044af4721181408c271e821f1413201ca6/c37a42694b7d1cff581f5e7b89a60b044af4721181408c271e821f1413201ca6-json.log","Name":"/elegant_mahavira","RestartCount":0,"Driver":"overlay2","Platform":"linux","MountLabel":"","ProcessLabel":"","AppArmorProfile":"","ExecIDs":null,"HostConfig":{"Binds":[],"ContainerIDFile":"","LogConfig":{"Type":"json-file","Config":{}},"NetworkMode":"default","PortBindings":{"3306/tcp":[{"HostIp":"0.0.0.0","HostPort":"0"}]},"RestartPolicy":{"Name":"","MaximumRetryCount":0},"AutoRemove":false,"VolumeDriver":"","VolumesFrom":[],"CapAdd":null,"CapDrop":null,"CgroupnsMode":"private","Dns":null,"DnsOptions":null,"DnsSearch":null,"ExtraHosts":[],"GroupAdd":null,"IpcMode":"shareable","Cgroup":"","Links":null,"OomScoreAdj":0,"PidMode":"","Privileged":false,"PublishAllPorts":false,"ReadonlyRootfs":false,"SecurityOpt":null,"UTSMode":"","UsernsMode":"","ShmSize":67108864,"Runtime":"runc","ConsoleSize":[0,0],"Isolation":"","CpuShares":0,"Memory":0,"NanoCpus":0,"CgroupParent":"","BlkioWeight":0,"BlkioWeightDevice":null,"BlkioDeviceReadBps":null,"BlkioDeviceWriteBps":null,"BlkioDeviceReadIOps":null,"BlkioDeviceWriteIOps":null,"CpuPeriod":0,"CpuQuota":0,"CpuRealtimePeriod":0,"CpuRealtimeRuntime":0,"CpusetCpus":"","CpusetMems":"","Devices":null,"DeviceCgroupRules":null,"DeviceRequests":null,"KernelMemory":0,"KernelMemoryTCP":0,"MemoryReservation":0,"MemorySwap":0,"MemorySwappiness":null,"OomKillDisable":null,"PidsLimit":null,"Ulimits":null,"CpuCount":0,"CpuPercent":0,"IOMaximumIOps":0,"IOMaximumBandwidth":0,"MaskedPaths":["/proc/asound","/proc/acpi","/proc/kcore","/proc/keys","/proc/latency_stats","/proc/timer_list","/proc/timer_stats","/proc/sched_debug","/proc/scsi","/sys/firmware"],"ReadonlyPaths":["/proc/bus","/proc/fs","/proc/irq","/proc/sys","/proc/sysrq-trigger"]},"GraphDriver":{"Data":{"LowerDir":"/var/lib/docker/overlay2/2c15a904a49807090175d7750f18e0f6a57e99c38a424839679cbaf676a4d500-init/diff:/var/lib/docker/overlay2/1bd8849d7a296305617011f940aa5cfabbe972a513397b1b6bbc27639b6c1f30/diff:/var/lib/docker/overlay2/199d69b2fbf78af4d4c95dec4fd2f8835ab0347eb49fb20ebb2ff3b99fedd6ad/diff:/var/lib/docker/overlay2/d83c38d654989311f75b9491329846033bfb7714de76ef635380dcfad5c740d9/diff:/var/lib/docker/overlay2/08600d0aea2ab2728bebcf5d2589c640a842f53d1ba3c4a4adccb4d03b923cf6/diff:/var/lib/docker/overlay2/9ec7c63a3fb14d13ac788bbf5e282ca821edc41260b79944e5e631037d13ecda/diff:/var/lib/docker/overlay2/db601d7a1b4ea6da638db620462f0da96fa55c559d02269c9ddb09027936ed87/diff:/var/lib/docker/overlay2/a6d2bd03f942e2565f21e74cfe152c7ec836a1c2b583f0790c685b92bdcfda24/diff:/var/lib/docker/overlay2/9badd16ea2c5e2bf1fde8b579683e41137dfc46ed5449234149f199a6751cc84/diff:/var/lib/docker/overlay2/6efb85646ed12e2d1181ef4cc6f6f6732c00c15a4035fe17ebc4f075ca573c30/diff:/var/lib/docker/overlay2/895d7c0ec09144d6ed33936f4e98e11c18010f7abd708cae1ce43aec7a7f2621/diff:/var/lib/docker/overlay2/1c4ba77aa573ab6e5e5069fd15eae71b3da940bde0f97a922a227ffc8a1d1096/diff","MergedDir":"/var/lib/docker/overlay2/2c15a904a49807090175d7750f18e0f6a57e99c38a424839679cbaf676a4d500/merged","UpperDir":"/var/lib/docker/overlay2/2c15a904a49807090175d7750f18e0f6a57e99c38a424839679cbaf676a4d500/diff","WorkDir":"/var/lib/docker/overlay2/2c15a904a49807090175d7750f18e0f6a57e99c38a424839679cbaf676a4d500/work"},"Name":"overlay2"},"Mounts":[{"Type":"volume","Name":"44a9389ce95a2961210e86afd6afe42b23405f43157b5dc00e010d283c01df79","Source":"/var/lib/docker/volumes/44a9389ce95a2961210e86afd6afe42b23405f43157b5dc00e010d283c01df79/_data","Destination":"/var/lib/mysql","Driver":"local","Mode":"","RW":true,"Propagation":""}],"Config":{"Hostname":"c37a42694b7d","Domainname":"","User":"","AttachStdin":false,"AttachStdout":false,"AttachStderr":false,"ExposedPorts":{"3306/tcp":{},"33060/tcp":{}},"Tty":false,"OpenStdin":false,"StdinOnce":false,"Env":["MYSQL_DATABASE=adm_videos","MYSQL_PASSWORD=123456","MYSQL_ROOT_PASSWORD=123456","PATH=/usr/local/sbin:/usr/local/bin:/usr/sbin:/usr/bin:/sbin:/bin","GOSU_VERSION=1.16","MYSQL_MAJOR=8.0","MYSQL_VERSION=8.0.32-1.el8","MYSQL_SHELL_VERSION=8.0.32-1.el8"],"Cmd":["mysqld"],"Image":"mysql:latest","Volumes":{"/var/lib/mysql":{}},"WorkingDir":"","Entrypoint":["docker-entrypoint.sh"],"OnBuild":null,"Labels":{"org.testcontainers":"true","org.testcontainers.lang":"java","org.testcontainers.sessionId":"818a13d9-e138-4e41-b5a4-74fd927e6a2d","org.testcontainers.version":"1.17.6"}},"NetworkSettings":{"Bridge":"","SandboxID":"bd1f3a626f226e407a1a406212013b21c93b302c93f9fd53a405b7fc5ff825b3","HairpinMode":false,"LinkLocalIPv6Address":"","LinkLocalIPv6PrefixLen":0,"Ports":{"3306/tcp":[{"HostIp":"0.0.0.0","HostPort":"56289"}],"33060/tcp":null},"SandboxKey":"/var/run/docker/netns/bd1f3a626f22","SecondaryIPAddresses":null,"SecondaryIPv6Addresses":null,"EndpointID":"a2b725c0c5ce4503f8e45e0c2adc4455b29a53a4866d3f23b2bce893a084641f","Gateway":"172.17.0.1","GlobalIPv6Address":"","GlobalIPv6PrefixLen":0,"IPAddress":"172.17.0.3","IPPrefixLen":16,"IPv6Gateway":"","MacAddress":"02:42:ac:11:00:03","Networks":{"bridge":{"IPAMConfig":null,"Links":null,"Aliases":null,"NetworkID":"308e234c143065751b16b4500cb9f48d5c7fc2116504b3d816a5e51cd4771062","EndpointID":"a2b725c0c5ce4503f8e45e0c2adc4455b29a53a4866d3f23b2bce893a084641f","Gateway":"172.17.0.1","IPAddress":"172.17.0.3","IPPrefixLen":16,"IPv6Gateway":"","GlobalIPv6Address":"","GlobalIPv6PrefixLen":0,"MacAddress":"02:42:ac:11:00:03","DriverOpts":null}}}}[\n]"
23:55:11.548 [Test worker] DEBUG com.github.dockerjava.zerodep.shaded.org.apache.hc.client5.http.wire - http-outgoing-2 << "[\r][\n]"
23:55:11.549 [Test worker] DEBUG com.github.dockerjava.zerodep.shaded.org.apache.hc.client5.http.wire - http-outgoing-2 << "0[\r][\n]"
23:55:11.549 [Test worker] DEBUG com.github.dockerjava.zerodep.shaded.org.apache.hc.client5.http.wire - http-outgoing-2 << "[\r][\n]"
23:55:11.549 [Test worker] DEBUG com.github.dockerjava.zerodep.shaded.org.apache.hc.client5.http.impl.classic.InternalHttpClient - ep-00000054: releasing valid endpoint
23:55:11.549 [Test worker] DEBUG com.github.dockerjava.zerodep.shaded.org.apache.hc.client5.http.impl.io.PoolingHttpClientConnectionManager - ep-00000054: releasing endpoint
23:55:11.549 [Test worker] DEBUG com.github.dockerjava.zerodep.shaded.org.apache.hc.client5.http.impl.io.PoolingHttpClientConnectionManager - ep-00000054: connection http-outgoing-2 can be kept alive for 3 MINUTES
23:55:11.549 [Test worker] DEBUG com.github.dockerjava.zerodep.shaded.org.apache.hc.client5.http.impl.io.PoolingHttpClientConnectionManager - ep-00000054: connection released [route: {}->unix://localhost:2375][total available: 1; route allocated: 1 of 2147483647; total allocated: 1 of 2147483647]
23:55:11.549 [Test worker] DEBUG ]]>&#x1f433;<![CDATA[ [mysql:latest] - Trying to create JDBC connection using com.mysql.cj.jdbc.Driver to jdbc:mysql://localhost:56289/adm_videos?useSSL=false&allowPublicKeyRetrieval=true with properties: {password=123456, user=root}
23:55:11.653 [Test worker] DEBUG org.testcontainers.shaded.com.github.dockerjava.core.command.AbstrDockerCmd - Cmd: c37a42694b7d1cff581f5e7b89a60b044af4721181408c271e821f1413201ca6,false
23:55:11.653 [Test worker] DEBUG org.testcontainers.shaded.com.github.dockerjava.core.exec.InspectContainerCmdExec - GET: DefaultWebTarget{path=[/containers/c37a42694b7d1cff581f5e7b89a60b044af4721181408c271e821f1413201ca6/json], queryParams={}}
23:55:11.653 [Test worker] DEBUG com.github.dockerjava.zerodep.shaded.org.apache.hc.client5.http.impl.classic.InternalHttpClient - ex-00000056: preparing request execution
23:55:11.653 [Test worker] DEBUG com.github.dockerjava.zerodep.shaded.org.apache.hc.client5.http.protocol.RequestAddCookies - Cookie spec selected: strict
23:55:11.653 [Test worker] DEBUG com.github.dockerjava.zerodep.shaded.org.apache.hc.client5.http.protocol.RequestAuthCache - Auth cache not set in the context
23:55:11.653 [Test worker] DEBUG com.github.dockerjava.zerodep.shaded.org.apache.hc.client5.http.impl.classic.ProtocolExec - ex-00000056: target auth state: UNCHALLENGED
23:55:11.653 [Test worker] DEBUG com.github.dockerjava.zerodep.shaded.org.apache.hc.client5.http.impl.classic.ProtocolExec - ex-00000056: proxy auth state: UNCHALLENGED
23:55:11.654 [Test worker] DEBUG com.github.dockerjava.zerodep.shaded.org.apache.hc.client5.http.impl.classic.ConnectExec - ex-00000056: acquiring connection with route {}->unix://localhost:2375
23:55:11.654 [Test worker] DEBUG com.github.dockerjava.zerodep.shaded.org.apache.hc.client5.http.impl.classic.InternalHttpClient - ex-00000056: acquiring endpoint (3 MINUTES)
23:55:11.654 [Test worker] DEBUG com.github.dockerjava.zerodep.shaded.org.apache.hc.client5.http.impl.io.PoolingHttpClientConnectionManager - ex-00000056: endpoint lease request (3 MINUTES) [route: {}->unix://localhost:2375][total available: 1; route allocated: 1 of 2147483647; total allocated: 1 of 2147483647]
23:55:11.654 [Test worker] DEBUG com.github.dockerjava.zerodep.shaded.org.apache.hc.client5.http.impl.io.PoolingHttpClientConnectionManager - ex-00000056: endpoint leased [route: {}->unix://localhost:2375][total available: 0; route allocated: 1 of 2147483647; total allocated: 1 of 2147483647]
23:55:11.654 [Test worker] DEBUG com.github.dockerjava.zerodep.shaded.org.apache.hc.client5.http.impl.io.PoolingHttpClientConnectionManager - ex-00000056: acquired ep-00000055
23:55:11.654 [Test worker] DEBUG com.github.dockerjava.zerodep.shaded.org.apache.hc.client5.http.impl.classic.InternalHttpClient - ex-00000056: acquired endpoint ep-00000055
23:55:11.654 [Test worker] DEBUG com.github.dockerjava.zerodep.shaded.org.apache.hc.client5.http.impl.classic.MainClientExec - ex-00000056: executing GET /v1.32/containers/c37a42694b7d1cff581f5e7b89a60b044af4721181408c271e821f1413201ca6/json HTTP/1.1
23:55:11.654 [Test worker] DEBUG com.github.dockerjava.zerodep.shaded.org.apache.hc.client5.http.impl.classic.InternalHttpClient - ep-00000055: start execution ex-00000056
23:55:11.654 [Test worker] DEBUG com.github.dockerjava.zerodep.shaded.org.apache.hc.client5.http.impl.io.PoolingHttpClientConnectionManager - ep-00000055: executing exchange ex-00000056 over http-outgoing-2
23:55:11.654 [Test worker] DEBUG com.github.dockerjava.zerodep.shaded.org.apache.hc.client5.http.headers - http-outgoing-2 >> GET /v1.32/containers/c37a42694b7d1cff581f5e7b89a60b044af4721181408c271e821f1413201ca6/json HTTP/1.1
23:55:11.654 [Test worker] DEBUG com.github.dockerjava.zerodep.shaded.org.apache.hc.client5.http.headers - http-outgoing-2 >> accept: application/json
23:55:11.654 [Test worker] DEBUG com.github.dockerjava.zerodep.shaded.org.apache.hc.client5.http.headers - http-outgoing-2 >> x-tc-sid: 818a13d9-e138-4e41-b5a4-74fd927e6a2d
23:55:11.654 [Test worker] DEBUG com.github.dockerjava.zerodep.shaded.org.apache.hc.client5.http.headers - http-outgoing-2 >> Accept-Encoding: gzip, x-gzip, deflate
23:55:11.654 [Test worker] DEBUG com.github.dockerjava.zerodep.shaded.org.apache.hc.client5.http.headers - http-outgoing-2 >> Host: localhost:2375
23:55:11.654 [Test worker] DEBUG com.github.dockerjava.zerodep.shaded.org.apache.hc.client5.http.headers - http-outgoing-2 >> Connection: keep-alive
23:55:11.654 [Test worker] DEBUG com.github.dockerjava.zerodep.shaded.org.apache.hc.client5.http.headers - http-outgoing-2 >> User-Agent: Apache-HttpClient/5.0.3 (Java/17.0.2)
23:55:11.654 [Test worker] DEBUG com.github.dockerjava.zerodep.shaded.org.apache.hc.client5.http.wire - http-outgoing-2 >> "GET /v1.32/containers/c37a42694b7d1cff581f5e7b89a60b044af4721181408c271e821f1413201ca6/json HTTP/1.1[\r][\n]"
23:55:11.654 [Test worker] DEBUG com.github.dockerjava.zerodep.shaded.org.apache.hc.client5.http.wire - http-outgoing-2 >> "accept: application/json[\r][\n]"
23:55:11.654 [Test worker] DEBUG com.github.dockerjava.zerodep.shaded.org.apache.hc.client5.http.wire - http-outgoing-2 >> "x-tc-sid: 818a13d9-e138-4e41-b5a4-74fd927e6a2d[\r][\n]"
23:55:11.654 [Test worker] DEBUG com.github.dockerjava.zerodep.shaded.org.apache.hc.client5.http.wire - http-outgoing-2 >> "Accept-Encoding: gzip, x-gzip, deflate[\r][\n]"
23:55:11.654 [Test worker] DEBUG com.github.dockerjava.zerodep.shaded.org.apache.hc.client5.http.wire - http-outgoing-2 >> "Host: localhost:2375[\r][\n]"
23:55:11.654 [Test worker] DEBUG com.github.dockerjava.zerodep.shaded.org.apache.hc.client5.http.wire - http-outgoing-2 >> "Connection: keep-alive[\r][\n]"
23:55:11.654 [Test worker] DEBUG com.github.dockerjava.zerodep.shaded.org.apache.hc.client5.http.wire - http-outgoing-2 >> "User-Agent: Apache-HttpClient/5.0.3 (Java/17.0.2)[\r][\n]"
23:55:11.654 [Test worker] DEBUG com.github.dockerjava.zerodep.shaded.org.apache.hc.client5.http.wire - http-outgoing-2 >> "[\r][\n]"
23:55:11.657 [Test worker] DEBUG com.github.dockerjava.zerodep.shaded.org.apache.hc.client5.http.wire - http-outgoing-2 << "HTTP/1.1 200 OK[\r][\n]"
23:55:11.657 [Test worker] DEBUG com.github.dockerjava.zerodep.shaded.org.apache.hc.client5.http.wire - http-outgoing-2 << "Api-Version: 1.41[\r][\n]"
23:55:11.657 [Test worker] DEBUG com.github.dockerjava.zerodep.shaded.org.apache.hc.client5.http.wire - http-outgoing-2 << "Content-Type: application/json[\r][\n]"
23:55:11.657 [Test worker] DEBUG com.github.dockerjava.zerodep.shaded.org.apache.hc.client5.http.wire - http-outgoing-2 << "Date: Mon, 27 Mar 2023 02:55:11 GMT[\r][\n]"
23:55:11.657 [Test worker] DEBUG com.github.dockerjava.zerodep.shaded.org.apache.hc.client5.http.wire - http-outgoing-2 << "Docker-Experimental: false[\r][\n]"
23:55:11.657 [Test worker] DEBUG com.github.dockerjava.zerodep.shaded.org.apache.hc.client5.http.wire - http-outgoing-2 << "Ostype: linux[\r][\n]"
23:55:11.657 [Test worker] DEBUG com.github.dockerjava.zerodep.shaded.org.apache.hc.client5.http.wire - http-outgoing-2 << "Server: Docker/20.10.21 (linux)[\r][\n]"
23:55:11.657 [Test worker] DEBUG com.github.dockerjava.zerodep.shaded.org.apache.hc.client5.http.wire - http-outgoing-2 << "Transfer-Encoding: chunked[\r][\n]"
23:55:11.657 [Test worker] DEBUG com.github.dockerjava.zerodep.shaded.org.apache.hc.client5.http.wire - http-outgoing-2 << "[\r][\n]"
23:55:11.657 [Test worker] DEBUG com.github.dockerjava.zerodep.shaded.org.apache.hc.client5.http.headers - http-outgoing-2 << HTTP/1.1 200 OK
23:55:11.657 [Test worker] DEBUG com.github.dockerjava.zerodep.shaded.org.apache.hc.client5.http.headers - http-outgoing-2 << Api-Version: 1.41
23:55:11.657 [Test worker] DEBUG com.github.dockerjava.zerodep.shaded.org.apache.hc.client5.http.headers - http-outgoing-2 << Content-Type: application/json
23:55:11.657 [Test worker] DEBUG com.github.dockerjava.zerodep.shaded.org.apache.hc.client5.http.headers - http-outgoing-2 << Date: Mon, 27 Mar 2023 02:55:11 GMT
23:55:11.657 [Test worker] DEBUG com.github.dockerjava.zerodep.shaded.org.apache.hc.client5.http.headers - http-outgoing-2 << Docker-Experimental: false
23:55:11.657 [Test worker] DEBUG com.github.dockerjava.zerodep.shaded.org.apache.hc.client5.http.headers - http-outgoing-2 << Ostype: linux
23:55:11.657 [Test worker] DEBUG com.github.dockerjava.zerodep.shaded.org.apache.hc.client5.http.headers - http-outgoing-2 << Server: Docker/20.10.21 (linux)
23:55:11.657 [Test worker] DEBUG com.github.dockerjava.zerodep.shaded.org.apache.hc.client5.http.headers - http-outgoing-2 << Transfer-Encoding: chunked
23:55:11.657 [Test worker] DEBUG com.github.dockerjava.zerodep.shaded.org.apache.hc.client5.http.impl.classic.MainClientExec - ex-00000056: connection can be kept alive for 3 MINUTES
23:55:11.659 [Test worker] DEBUG com.github.dockerjava.zerodep.shaded.org.apache.hc.client5.http.wire - http-outgoing-2 << "18c1[\r][\n]"
23:55:11.659 [Test worker] DEBUG com.github.dockerjava.zerodep.shaded.org.apache.hc.client5.http.wire - http-outgoing-2 << "{"Id":"c37a42694b7d1cff581f5e7b89a60b044af4721181408c271e821f1413201ca6","Created":"2023-03-27T02:55:02.49734542Z","Path":"docker-entrypoint.sh","Args":["mysqld"],"State":{"Status":"running","Running":true,"Paused":false,"Restarting":false,"OOMKilled":false,"Dead":false,"Pid":18342,"ExitCode":0,"Error":"","StartedAt":"2023-03-27T02:55:03.12719392Z","FinishedAt":"0001-01-01T00:00:00Z"},"Image":"sha256:c7c54c29e20dccc1aefb936c8eba8bb8b98b87a4921102aba87fde2df5810af9","ResolvConfPath":"/var/lib/docker/containers/c37a42694b7d1cff581f5e7b89a60b044af4721181408c271e821f1413201ca6/resolv.conf","HostnamePath":"/var/lib/docker/containers/c37a42694b7d1cff581f5e7b89a60b044af4721181408c271e821f1413201ca6/hostname","HostsPath":"/var/lib/docker/containers/c37a42694b7d1cff581f5e7b89a60b044af4721181408c271e821f1413201ca6/hosts","LogPath":"/var/lib/docker/containers/c37a42694b7d1cff581f5e7b89a60b044af4721181408c271e821f1413201ca6/c37a42694b7d1cff581f5e7b89a60b044af4721181408c271e821f1413201ca6-json.log","Name":"/elegant_mahavira","RestartCount":0,"Driver":"overlay2","Platform":"linux","MountLabel":"","ProcessLabel":"","AppArmorProfile":"","ExecIDs":null,"HostConfig":{"Binds":[],"ContainerIDFile":"","LogConfig":{"Type":"json-file","Config":{}},"NetworkMode":"default","PortBindings":{"3306/tcp":[{"HostIp":"0.0.0.0","HostPort":"0"}]},"RestartPolicy":{"Name":"","MaximumRetryCount":0},"AutoRemove":false,"VolumeDriver":"","VolumesFrom":[],"CapAdd":null,"CapDrop":null,"CgroupnsMode":"private","Dns":null,"DnsOptions":null,"DnsSearch":null,"ExtraHosts":[],"GroupAdd":null,"IpcMode":"shareable","Cgroup":"","Links":null,"OomScoreAdj":0,"PidMode":"","Privileged":false,"PublishAllPorts":false,"ReadonlyRootfs":false,"SecurityOpt":null,"UTSMode":"","UsernsMode":"","ShmSize":67108864,"Runtime":"runc","ConsoleSize":[0,0],"Isolation":"","CpuShares":0,"Memory":0,"NanoCpus":0,"CgroupParent":"","BlkioWeight":0,"BlkioWeightDevice":null,"BlkioDeviceReadBps":null,"BlkioDeviceWriteBps":null,"BlkioDeviceReadIOps":null,"BlkioDeviceWriteIOps":null,"CpuPeriod":0,"CpuQuota":0,"CpuRealtimePeriod":0,"CpuRealtimeRuntime":0,"CpusetCpus":"","CpusetMems":"","Devices":null,"DeviceCgroupRules":null,"DeviceRequests":null,"KernelMemory":0,"KernelMemoryTCP":0,"MemoryReservation":0,"MemorySwap":0,"MemorySwappiness":null,"OomKillDisable":null,"PidsLimit":null,"Ulimits":null,"CpuCount":0,"CpuPercent":0,"IOMaximumIOps":0,"IOMaximumBandwidth":0,"MaskedPaths":["/proc/asound","/proc/acpi","/proc/kcore","/proc/keys","/proc/latency_stats","/proc/timer_list","/proc/timer_stats","/proc/sched_debug","/proc/scsi","/sys/firmware"],"ReadonlyPaths":["/proc/bus","/proc/fs","/proc/irq","/proc/sys","/proc/sysrq-trigger"]},"GraphDriver":{"Data":{"LowerDir":"/var/lib/docker/overlay2/2c15a904a49807090175d7750f18e0f6a57e99c38a424839679cbaf676a4d500-init/diff:/var/lib/docker/overlay2/1bd8849d7a296305617011f940aa5cfabbe972a513397b1b6bbc27639b6c1f30/diff:/var/lib/docker/overlay2/199d69b2fbf78af4d4c95dec4fd2f8835ab0347eb49fb20ebb2ff3b99fedd6ad/diff:/var/lib/docker/overlay2/d83c38d654989311f75b9491329846033bfb7714de76ef635380dcfad5c740d9/diff:/var/lib/docker/overlay2/08600d0aea2ab2728bebcf5d2589c640a842f53d1ba3c4a4adccb4d03b923cf6/diff:/var/lib/docker/overlay2/9ec7c63a3fb14d13ac788bbf5e282ca821edc41260b79944e5e631037d13ecda/diff:/var/lib/docker/overlay2/db601d7a1b4ea6da638db620462f0da96fa55c559d02269c9ddb09027936ed87/diff:/var/lib/docker/overlay2/a6d2bd03f942e2565f21e74cfe152c7ec836a1c2b583f0790c685b92bdcfda24/diff:/var/lib/docker/overlay2/9badd16ea2c5e2bf1fde8b579683e41137dfc46ed5449234149f199a6751cc84/diff:/var/lib/docker/overlay2/6efb85646ed12e2d1181ef4cc6f6f6732c00c15a4035fe17ebc4f075ca573c30/diff:/var/lib/docker/overlay2/895d7c0ec09144d6ed33936f4e98e11c18010f7abd708cae1ce43aec7a7f2621/diff:/var/lib/docker/overlay2/1c4ba77aa573ab6e5e5069fd15eae71b3da940bde0f97a922a227ffc8a1d1096/diff","MergedDir":"/var/lib/docker/overlay2/2c15a904a49807090175d7750f18e0f6a57e99c38a424839679cbaf676a4d500/merged","UpperDir":"/var/lib/docker/overlay2/2c15a904a49807090175d7750f18e0f6a57e99c38a424839679cbaf676a4d500/diff","WorkDir":"/var/lib/docker/overlay2/2c15a904a49807090175d7750f18e0f6a57e99c38a424839679cbaf676a4d500/work"},"Name":"overlay2"},"Mounts":[{"Type":"volume","Name":"44a9389ce95a2961210e86afd6afe42b23405f43157b5dc00e010d283c01df79","Source":"/var/lib/docker/volumes/44a9389ce95a2961210e86afd6afe42b23405f43157b5dc00e010d283c01df79/_data","Destination":"/var/lib/mysql","Driver":"local","Mode":"","RW":true,"Propagation":""}],"Config":{"Hostname":"c37a42694b7d","Domainname":"","User":"","AttachStdin":false,"AttachStdout":false,"AttachStderr":false,"ExposedPorts":{"3306/tcp":{},"33060/tcp":{}},"Tty":false,"OpenStdin":false,"StdinOnce":false,"Env":["MYSQL_DATABASE=adm_videos","MYSQL_PASSWORD=123456","MYSQL_ROOT_PASSWORD=123456","PATH=/usr/local/sbin:/usr/local/bin:/usr/sbin:/usr/bin:/sbin:/bin","GOSU_VERSION=1.16","MYSQL_MAJOR=8.0","MYSQL_VERSION=8.0.32-1.el8","MYSQL_SHELL_VERSION=8.0.32-1.el8"],"Cmd":["mysqld"],"Image":"mysql:latest","Volumes":{"/var/lib/mysql":{}},"WorkingDir":"","Entrypoint":["docker-entrypoint.sh"],"OnBuild":null,"Labels":{"org.testcontainers":"true","org.testcontainers.lang":"java","org.testcontainers.sessionId":"818a13d9-e138-4e41-b5a4-74fd927e6a2d","org.testcontainers.version":"1.17.6"}},"NetworkSettings":{"Bridge":"","SandboxID":"bd1f3a626f226e407a1a406212013b21c93b302c93f9fd53a405b7fc5ff825b3","HairpinMode":false,"LinkLocalIPv6Address":"","LinkLocalIPv6PrefixLen":0,"Ports":{"3306/tcp":[{"HostIp":"0.0.0.0","HostPort":"56289"}],"33060/tcp":null},"SandboxKey":"/var/run/docker/netns/bd1f3a626f22","SecondaryIPAddresses":null,"SecondaryIPv6Addresses":null,"EndpointID":"a2b725c0c5ce4503f8e45e0c2adc4455b29a53a4866d3f23b2bce893a084641f","Gateway":"172.17.0.1","GlobalIPv6Address":"","GlobalIPv6PrefixLen":0,"IPAddress":"172.17.0.3","IPPrefixLen":16,"IPv6Gateway":"","MacAddress":"02:42:ac:11:00:03","Networks":{"bridge":{"IPAMConfig":null,"Links":null,"Aliases":null,"NetworkID":"308e234c143065751b16b4500cb9f48d5c7fc2116504b3d816a5e51cd4771062","EndpointID":"a2b725c0c5ce4503f8e45e0c2adc4455b29a53a4866d3f23b2bce893a084641f","Gateway":"172.17.0.1","IPAddress":"172.17.0.3","IPPrefixLen":16,"IPv6Gateway":"","GlobalIPv6Address":"","GlobalIPv6PrefixLen":0,"MacAddress":"02:42:ac:11:00:03","DriverOpts":null}}}}[\n]"
23:55:11.659 [Test worker] DEBUG com.github.dockerjava.zerodep.shaded.org.apache.hc.client5.http.wire - http-outgoing-2 << "[\r][\n]"
23:55:11.660 [Test worker] DEBUG com.github.dockerjava.zerodep.shaded.org.apache.hc.client5.http.wire - http-outgoing-2 << "0[\r][\n]"
23:55:11.660 [Test worker] DEBUG com.github.dockerjava.zerodep.shaded.org.apache.hc.client5.http.wire - http-outgoing-2 << "[\r][\n]"
23:55:11.660 [Test worker] DEBUG com.github.dockerjava.zerodep.shaded.org.apache.hc.client5.http.impl.classic.InternalHttpClient - ep-00000055: releasing valid endpoint
23:55:11.660 [Test worker] DEBUG com.github.dockerjava.zerodep.shaded.org.apache.hc.client5.http.impl.io.PoolingHttpClientConnectionManager - ep-00000055: releasing endpoint
23:55:11.660 [Test worker] DEBUG com.github.dockerjava.zerodep.shaded.org.apache.hc.client5.http.impl.io.PoolingHttpClientConnectionManager - ep-00000055: connection http-outgoing-2 can be kept alive for 3 MINUTES
23:55:11.660 [Test worker] DEBUG com.github.dockerjava.zerodep.shaded.org.apache.hc.client5.http.impl.io.PoolingHttpClientConnectionManager - ep-00000055: connection released [route: {}->unix://localhost:2375][total available: 1; route allocated: 1 of 2147483647; total allocated: 1 of 2147483647]
23:55:11.660 [Test worker] DEBUG ]]>&#x1f433;<![CDATA[ [mysql:latest] - Trying to create JDBC connection using com.mysql.cj.jdbc.Driver to jdbc:mysql://localhost:56289/adm_videos?useSSL=false&allowPublicKeyRetrieval=true with properties: {password=123456, user=root}
23:55:11.764 [Test worker] DEBUG org.testcontainers.shaded.com.github.dockerjava.core.command.AbstrDockerCmd - Cmd: c37a42694b7d1cff581f5e7b89a60b044af4721181408c271e821f1413201ca6,false
23:55:11.765 [Test worker] DEBUG org.testcontainers.shaded.com.github.dockerjava.core.exec.InspectContainerCmdExec - GET: DefaultWebTarget{path=[/containers/c37a42694b7d1cff581f5e7b89a60b044af4721181408c271e821f1413201ca6/json], queryParams={}}
23:55:11.765 [Test worker] DEBUG com.github.dockerjava.zerodep.shaded.org.apache.hc.client5.http.impl.classic.InternalHttpClient - ex-00000057: preparing request execution
23:55:11.765 [Test worker] DEBUG com.github.dockerjava.zerodep.shaded.org.apache.hc.client5.http.protocol.RequestAddCookies - Cookie spec selected: strict
23:55:11.765 [Test worker] DEBUG com.github.dockerjava.zerodep.shaded.org.apache.hc.client5.http.protocol.RequestAuthCache - Auth cache not set in the context
23:55:11.765 [Test worker] DEBUG com.github.dockerjava.zerodep.shaded.org.apache.hc.client5.http.impl.classic.ProtocolExec - ex-00000057: target auth state: UNCHALLENGED
23:55:11.765 [Test worker] DEBUG com.github.dockerjava.zerodep.shaded.org.apache.hc.client5.http.impl.classic.ProtocolExec - ex-00000057: proxy auth state: UNCHALLENGED
23:55:11.765 [Test worker] DEBUG com.github.dockerjava.zerodep.shaded.org.apache.hc.client5.http.impl.classic.ConnectExec - ex-00000057: acquiring connection with route {}->unix://localhost:2375
23:55:11.765 [Test worker] DEBUG com.github.dockerjava.zerodep.shaded.org.apache.hc.client5.http.impl.classic.InternalHttpClient - ex-00000057: acquiring endpoint (3 MINUTES)
23:55:11.766 [Test worker] DEBUG com.github.dockerjava.zerodep.shaded.org.apache.hc.client5.http.impl.io.PoolingHttpClientConnectionManager - ex-00000057: endpoint lease request (3 MINUTES) [route: {}->unix://localhost:2375][total available: 1; route allocated: 1 of 2147483647; total allocated: 1 of 2147483647]
23:55:11.766 [Test worker] DEBUG com.github.dockerjava.zerodep.shaded.org.apache.hc.client5.http.impl.io.PoolingHttpClientConnectionManager - ex-00000057: endpoint leased [route: {}->unix://localhost:2375][total available: 0; route allocated: 1 of 2147483647; total allocated: 1 of 2147483647]
23:55:11.766 [Test worker] DEBUG com.github.dockerjava.zerodep.shaded.org.apache.hc.client5.http.impl.io.PoolingHttpClientConnectionManager - ex-00000057: acquired ep-00000056
23:55:11.766 [Test worker] DEBUG com.github.dockerjava.zerodep.shaded.org.apache.hc.client5.http.impl.classic.InternalHttpClient - ex-00000057: acquired endpoint ep-00000056
23:55:11.766 [Test worker] DEBUG com.github.dockerjava.zerodep.shaded.org.apache.hc.client5.http.impl.classic.MainClientExec - ex-00000057: executing GET /v1.32/containers/c37a42694b7d1cff581f5e7b89a60b044af4721181408c271e821f1413201ca6/json HTTP/1.1
23:55:11.766 [Test worker] DEBUG com.github.dockerjava.zerodep.shaded.org.apache.hc.client5.http.impl.classic.InternalHttpClient - ep-00000056: start execution ex-00000057
23:55:11.766 [Test worker] DEBUG com.github.dockerjava.zerodep.shaded.org.apache.hc.client5.http.impl.io.PoolingHttpClientConnectionManager - ep-00000056: executing exchange ex-00000057 over http-outgoing-2
23:55:11.766 [Test worker] DEBUG com.github.dockerjava.zerodep.shaded.org.apache.hc.client5.http.headers - http-outgoing-2 >> GET /v1.32/containers/c37a42694b7d1cff581f5e7b89a60b044af4721181408c271e821f1413201ca6/json HTTP/1.1
23:55:11.766 [Test worker] DEBUG com.github.dockerjava.zerodep.shaded.org.apache.hc.client5.http.headers - http-outgoing-2 >> accept: application/json
23:55:11.766 [Test worker] DEBUG com.github.dockerjava.zerodep.shaded.org.apache.hc.client5.http.headers - http-outgoing-2 >> x-tc-sid: 818a13d9-e138-4e41-b5a4-74fd927e6a2d
23:55:11.766 [Test worker] DEBUG com.github.dockerjava.zerodep.shaded.org.apache.hc.client5.http.headers - http-outgoing-2 >> Accept-Encoding: gzip, x-gzip, deflate
23:55:11.766 [Test worker] DEBUG com.github.dockerjava.zerodep.shaded.org.apache.hc.client5.http.headers - http-outgoing-2 >> Host: localhost:2375
23:55:11.766 [Test worker] DEBUG com.github.dockerjava.zerodep.shaded.org.apache.hc.client5.http.headers - http-outgoing-2 >> Connection: keep-alive
23:55:11.766 [Test worker] DEBUG com.github.dockerjava.zerodep.shaded.org.apache.hc.client5.http.headers - http-outgoing-2 >> User-Agent: Apache-HttpClient/5.0.3 (Java/17.0.2)
23:55:11.766 [Test worker] DEBUG com.github.dockerjava.zerodep.shaded.org.apache.hc.client5.http.wire - http-outgoing-2 >> "GET /v1.32/containers/c37a42694b7d1cff581f5e7b89a60b044af4721181408c271e821f1413201ca6/json HTTP/1.1[\r][\n]"
23:55:11.766 [Test worker] DEBUG com.github.dockerjava.zerodep.shaded.org.apache.hc.client5.http.wire - http-outgoing-2 >> "accept: application/json[\r][\n]"
23:55:11.766 [Test worker] DEBUG com.github.dockerjava.zerodep.shaded.org.apache.hc.client5.http.wire - http-outgoing-2 >> "x-tc-sid: 818a13d9-e138-4e41-b5a4-74fd927e6a2d[\r][\n]"
23:55:11.766 [Test worker] DEBUG com.github.dockerjava.zerodep.shaded.org.apache.hc.client5.http.wire - http-outgoing-2 >> "Accept-Encoding: gzip, x-gzip, deflate[\r][\n]"
23:55:11.766 [Test worker] DEBUG com.github.dockerjava.zerodep.shaded.org.apache.hc.client5.http.wire - http-outgoing-2 >> "Host: localhost:2375[\r][\n]"
23:55:11.766 [Test worker] DEBUG com.github.dockerjava.zerodep.shaded.org.apache.hc.client5.http.wire - http-outgoing-2 >> "Connection: keep-alive[\r][\n]"
23:55:11.766 [Test worker] DEBUG com.github.dockerjava.zerodep.shaded.org.apache.hc.client5.http.wire - http-outgoing-2 >> "User-Agent: Apache-HttpClient/5.0.3 (Java/17.0.2)[\r][\n]"
23:55:11.766 [Test worker] DEBUG com.github.dockerjava.zerodep.shaded.org.apache.hc.client5.http.wire - http-outgoing-2 >> "[\r][\n]"
23:55:11.768 [Test worker] DEBUG com.github.dockerjava.zerodep.shaded.org.apache.hc.client5.http.wire - http-outgoing-2 << "HTTP/1.1 200 OK[\r][\n]"
23:55:11.768 [Test worker] DEBUG com.github.dockerjava.zerodep.shaded.org.apache.hc.client5.http.wire - http-outgoing-2 << "Api-Version: 1.41[\r][\n]"
23:55:11.768 [Test worker] DEBUG com.github.dockerjava.zerodep.shaded.org.apache.hc.client5.http.wire - http-outgoing-2 << "Content-Type: application/json[\r][\n]"
23:55:11.768 [Test worker] DEBUG com.github.dockerjava.zerodep.shaded.org.apache.hc.client5.http.wire - http-outgoing-2 << "Date: Mon, 27 Mar 2023 02:55:11 GMT[\r][\n]"
23:55:11.768 [Test worker] DEBUG com.github.dockerjava.zerodep.shaded.org.apache.hc.client5.http.wire - http-outgoing-2 << "Docker-Experimental: false[\r][\n]"
23:55:11.768 [Test worker] DEBUG com.github.dockerjava.zerodep.shaded.org.apache.hc.client5.http.wire - http-outgoing-2 << "Ostype: linux[\r][\n]"
23:55:11.768 [Test worker] DEBUG com.github.dockerjava.zerodep.shaded.org.apache.hc.client5.http.wire - http-outgoing-2 << "Server: Docker/20.10.21 (linux)[\r][\n]"
23:55:11.768 [Test worker] DEBUG com.github.dockerjava.zerodep.shaded.org.apache.hc.client5.http.wire - http-outgoing-2 << "Transfer-Encoding: chunked[\r][\n]"
23:55:11.768 [Test worker] DEBUG com.github.dockerjava.zerodep.shaded.org.apache.hc.client5.http.wire - http-outgoing-2 << "[\r][\n]"
23:55:11.768 [Test worker] DEBUG com.github.dockerjava.zerodep.shaded.org.apache.hc.client5.http.headers - http-outgoing-2 << HTTP/1.1 200 OK
23:55:11.769 [Test worker] DEBUG com.github.dockerjava.zerodep.shaded.org.apache.hc.client5.http.headers - http-outgoing-2 << Api-Version: 1.41
23:55:11.769 [Test worker] DEBUG com.github.dockerjava.zerodep.shaded.org.apache.hc.client5.http.headers - http-outgoing-2 << Content-Type: application/json
23:55:11.769 [Test worker] DEBUG com.github.dockerjava.zerodep.shaded.org.apache.hc.client5.http.headers - http-outgoing-2 << Date: Mon, 27 Mar 2023 02:55:11 GMT
23:55:11.769 [Test worker] DEBUG com.github.dockerjava.zerodep.shaded.org.apache.hc.client5.http.headers - http-outgoing-2 << Docker-Experimental: false
23:55:11.769 [Test worker] DEBUG com.github.dockerjava.zerodep.shaded.org.apache.hc.client5.http.headers - http-outgoing-2 << Ostype: linux
23:55:11.769 [Test worker] DEBUG com.github.dockerjava.zerodep.shaded.org.apache.hc.client5.http.headers - http-outgoing-2 << Server: Docker/20.10.21 (linux)
23:55:11.769 [Test worker] DEBUG com.github.dockerjava.zerodep.shaded.org.apache.hc.client5.http.headers - http-outgoing-2 << Transfer-Encoding: chunked
23:55:11.769 [Test worker] DEBUG com.github.dockerjava.zerodep.shaded.org.apache.hc.client5.http.impl.classic.MainClientExec - ex-00000057: connection can be kept alive for 3 MINUTES
23:55:11.770 [Test worker] DEBUG com.github.dockerjava.zerodep.shaded.org.apache.hc.client5.http.wire - http-outgoing-2 << "18c1[\r][\n]"
23:55:11.770 [Test worker] DEBUG com.github.dockerjava.zerodep.shaded.org.apache.hc.client5.http.wire - http-outgoing-2 << "{"Id":"c37a42694b7d1cff581f5e7b89a60b044af4721181408c271e821f1413201ca6","Created":"2023-03-27T02:55:02.49734542Z","Path":"docker-entrypoint.sh","Args":["mysqld"],"State":{"Status":"running","Running":true,"Paused":false,"Restarting":false,"OOMKilled":false,"Dead":false,"Pid":18342,"ExitCode":0,"Error":"","StartedAt":"2023-03-27T02:55:03.12719392Z","FinishedAt":"0001-01-01T00:00:00Z"},"Image":"sha256:c7c54c29e20dccc1aefb936c8eba8bb8b98b87a4921102aba87fde2df5810af9","ResolvConfPath":"/var/lib/docker/containers/c37a42694b7d1cff581f5e7b89a60b044af4721181408c271e821f1413201ca6/resolv.conf","HostnamePath":"/var/lib/docker/containers/c37a42694b7d1cff581f5e7b89a60b044af4721181408c271e821f1413201ca6/hostname","HostsPath":"/var/lib/docker/containers/c37a42694b7d1cff581f5e7b89a60b044af4721181408c271e821f1413201ca6/hosts","LogPath":"/var/lib/docker/containers/c37a42694b7d1cff581f5e7b89a60b044af4721181408c271e821f1413201ca6/c37a42694b7d1cff581f5e7b89a60b044af4721181408c271e821f1413201ca6-json.log","Name":"/elegant_mahavira","RestartCount":0,"Driver":"overlay2","Platform":"linux","MountLabel":"","ProcessLabel":"","AppArmorProfile":"","ExecIDs":null,"HostConfig":{"Binds":[],"ContainerIDFile":"","LogConfig":{"Type":"json-file","Config":{}},"NetworkMode":"default","PortBindings":{"3306/tcp":[{"HostIp":"0.0.0.0","HostPort":"0"}]},"RestartPolicy":{"Name":"","MaximumRetryCount":0},"AutoRemove":false,"VolumeDriver":"","VolumesFrom":[],"CapAdd":null,"CapDrop":null,"CgroupnsMode":"private","Dns":null,"DnsOptions":null,"DnsSearch":null,"ExtraHosts":[],"GroupAdd":null,"IpcMode":"shareable","Cgroup":"","Links":null,"OomScoreAdj":0,"PidMode":"","Privileged":false,"PublishAllPorts":false,"ReadonlyRootfs":false,"SecurityOpt":null,"UTSMode":"","UsernsMode":"","ShmSize":67108864,"Runtime":"runc","ConsoleSize":[0,0],"Isolation":"","CpuShares":0,"Memory":0,"NanoCpus":0,"CgroupParent":"","BlkioWeight":0,"BlkioWeightDevice":null,"BlkioDeviceReadBps":null,"BlkioDeviceWriteBps":null,"BlkioDeviceReadIOps":null,"BlkioDeviceWriteIOps":null,"CpuPeriod":0,"CpuQuota":0,"CpuRealtimePeriod":0,"CpuRealtimeRuntime":0,"CpusetCpus":"","CpusetMems":"","Devices":null,"DeviceCgroupRules":null,"DeviceRequests":null,"KernelMemory":0,"KernelMemoryTCP":0,"MemoryReservation":0,"MemorySwap":0,"MemorySwappiness":null,"OomKillDisable":null,"PidsLimit":null,"Ulimits":null,"CpuCount":0,"CpuPercent":0,"IOMaximumIOps":0,"IOMaximumBandwidth":0,"MaskedPaths":["/proc/asound","/proc/acpi","/proc/kcore","/proc/keys","/proc/latency_stats","/proc/timer_list","/proc/timer_stats","/proc/sched_debug","/proc/scsi","/sys/firmware"],"ReadonlyPaths":["/proc/bus","/proc/fs","/proc/irq","/proc/sys","/proc/sysrq-trigger"]},"GraphDriver":{"Data":{"LowerDir":"/var/lib/docker/overlay2/2c15a904a49807090175d7750f18e0f6a57e99c38a424839679cbaf676a4d500-init/diff:/var/lib/docker/overlay2/1bd8849d7a296305617011f940aa5cfabbe972a513397b1b6bbc27639b6c1f30/diff:/var/lib/docker/overlay2/199d69b2fbf78af4d4c95dec4fd2f8835ab0347eb49fb20ebb2ff3b99fedd6ad/diff:/var/lib/docker/overlay2/d83c38d654989311f75b9491329846033bfb7714de76ef635380dcfad5c740d9/diff:/var/lib/docker/overlay2/08600d0aea2ab2728bebcf5d2589c640a842f53d1ba3c4a4adccb4d03b923cf6/diff:/var/lib/docker/overlay2/9ec7c63a3fb14d13ac788bbf5e282ca821edc41260b79944e5e631037d13ecda/diff:/var/lib/docker/overlay2/db601d7a1b4ea6da638db620462f0da96fa55c559d02269c9ddb09027936ed87/diff:/var/lib/docker/overlay2/a6d2bd03f942e2565f21e74cfe152c7ec836a1c2b583f0790c685b92bdcfda24/diff:/var/lib/docker/overlay2/9badd16ea2c5e2bf1fde8b579683e41137dfc46ed5449234149f199a6751cc84/diff:/var/lib/docker/overlay2/6efb85646ed12e2d1181ef4cc6f6f6732c00c15a4035fe17ebc4f075ca573c30/diff:/var/lib/docker/overlay2/895d7c0ec09144d6ed33936f4e98e11c18010f7abd708cae1ce43aec7a7f2621/diff:/var/lib/docker/overlay2/1c4ba77aa573ab6e5e5069fd15eae71b3da940bde0f97a922a227ffc8a1d1096/diff","MergedDir":"/var/lib/docker/overlay2/2c15a904a49807090175d7750f18e0f6a57e99c38a424839679cbaf676a4d500/merged","UpperDir":"/var/lib/docker/overlay2/2c15a904a49807090175d7750f18e0f6a57e99c38a424839679cbaf676a4d500/diff","WorkDir":"/var/lib/docker/overlay2/2c15a904a49807090175d7750f18e0f6a57e99c38a424839679cbaf676a4d500/work"},"Name":"overlay2"},"Mounts":[{"Type":"volume","Name":"44a9389ce95a2961210e86afd6afe42b23405f43157b5dc00e010d283c01df79","Source":"/var/lib/docker/volumes/44a9389ce95a2961210e86afd6afe42b23405f43157b5dc00e010d283c01df79/_data","Destination":"/var/lib/mysql","Driver":"local","Mode":"","RW":true,"Propagation":""}],"Config":{"Hostname":"c37a42694b7d","Domainname":"","User":"","AttachStdin":false,"AttachStdout":false,"AttachStderr":false,"ExposedPorts":{"3306/tcp":{},"33060/tcp":{}},"Tty":false,"OpenStdin":false,"StdinOnce":false,"Env":["MYSQL_DATABASE=adm_videos","MYSQL_PASSWORD=123456","MYSQL_ROOT_PASSWORD=123456","PATH=/usr/local/sbin:/usr/local/bin:/usr/sbin:/usr/bin:/sbin:/bin","GOSU_VERSION=1.16","MYSQL_MAJOR=8.0","MYSQL_VERSION=8.0.32-1.el8","MYSQL_SHELL_VERSION=8.0.32-1.el8"],"Cmd":["mysqld"],"Image":"mysql:latest","Volumes":{"/var/lib/mysql":{}},"WorkingDir":"","Entrypoint":["docker-entrypoint.sh"],"OnBuild":null,"Labels":{"org.testcontainers":"true","org.testcontainers.lang":"java","org.testcontainers.sessionId":"818a13d9-e138-4e41-b5a4-74fd927e6a2d","org.testcontainers.version":"1.17.6"}},"NetworkSettings":{"Bridge":"","SandboxID":"bd1f3a626f226e407a1a406212013b21c93b302c93f9fd53a405b7fc5ff825b3","HairpinMode":false,"LinkLocalIPv6Address":"","LinkLocalIPv6PrefixLen":0,"Ports":{"3306/tcp":[{"HostIp":"0.0.0.0","HostPort":"56289"}],"33060/tcp":null},"SandboxKey":"/var/run/docker/netns/bd1f3a626f22","SecondaryIPAddresses":null,"SecondaryIPv6Addresses":null,"EndpointID":"a2b725c0c5ce4503f8e45e0c2adc4455b29a53a4866d3f23b2bce893a084641f","Gateway":"172.17.0.1","GlobalIPv6Address":"","GlobalIPv6PrefixLen":0,"IPAddress":"172.17.0.3","IPPrefixLen":16,"IPv6Gateway":"","MacAddress":"02:42:ac:11:00:03","Networks":{"bridge":{"IPAMConfig":null,"Links":null,"Aliases":null,"NetworkID":"308e234c143065751b16b4500cb9f48d5c7fc2116504b3d816a5e51cd4771062","EndpointID":"a2b725c0c5ce4503f8e45e0c2adc4455b29a53a4866d3f23b2bce893a084641f","Gateway":"172.17.0.1","IPAddress":"172.17.0.3","IPPrefixLen":16,"IPv6Gateway":"","GlobalIPv6Address":"","GlobalIPv6PrefixLen":0,"MacAddress":"02:42:ac:11:00:03","DriverOpts":null}}}}[\n]"
23:55:11.770 [Test worker] DEBUG com.github.dockerjava.zerodep.shaded.org.apache.hc.client5.http.wire - http-outgoing-2 << "[\r][\n]"
23:55:11.771 [Test worker] DEBUG com.github.dockerjava.zerodep.shaded.org.apache.hc.client5.http.wire - http-outgoing-2 << "0[\r][\n]"
23:55:11.771 [Test worker] DEBUG com.github.dockerjava.zerodep.shaded.org.apache.hc.client5.http.wire - http-outgoing-2 << "[\r][\n]"
23:55:11.771 [Test worker] DEBUG com.github.dockerjava.zerodep.shaded.org.apache.hc.client5.http.impl.classic.InternalHttpClient - ep-00000056: releasing valid endpoint
23:55:11.771 [Test worker] DEBUG com.github.dockerjava.zerodep.shaded.org.apache.hc.client5.http.impl.io.PoolingHttpClientConnectionManager - ep-00000056: releasing endpoint
23:55:11.771 [Test worker] DEBUG com.github.dockerjava.zerodep.shaded.org.apache.hc.client5.http.impl.io.PoolingHttpClientConnectionManager - ep-00000056: connection http-outgoing-2 can be kept alive for 3 MINUTES
23:55:11.771 [Test worker] DEBUG com.github.dockerjava.zerodep.shaded.org.apache.hc.client5.http.impl.io.PoolingHttpClientConnectionManager - ep-00000056: connection released [route: {}->unix://localhost:2375][total available: 1; route allocated: 1 of 2147483647; total allocated: 1 of 2147483647]
23:55:11.772 [Test worker] DEBUG ]]>&#x1f433;<![CDATA[ [mysql:latest] - Trying to create JDBC connection using com.mysql.cj.jdbc.Driver to jdbc:mysql://localhost:56289/adm_videos?useSSL=false&allowPublicKeyRetrieval=true with properties: {password=123456, user=root}
23:55:11.875 [Test worker] DEBUG org.testcontainers.shaded.com.github.dockerjava.core.command.AbstrDockerCmd - Cmd: c37a42694b7d1cff581f5e7b89a60b044af4721181408c271e821f1413201ca6,false
23:55:11.875 [Test worker] DEBUG org.testcontainers.shaded.com.github.dockerjava.core.exec.InspectContainerCmdExec - GET: DefaultWebTarget{path=[/containers/c37a42694b7d1cff581f5e7b89a60b044af4721181408c271e821f1413201ca6/json], queryParams={}}
23:55:11.876 [Test worker] DEBUG com.github.dockerjava.zerodep.shaded.org.apache.hc.client5.http.impl.classic.InternalHttpClient - ex-00000058: preparing request execution
23:55:11.876 [Test worker] DEBUG com.github.dockerjava.zerodep.shaded.org.apache.hc.client5.http.protocol.RequestAddCookies - Cookie spec selected: strict
23:55:11.876 [Test worker] DEBUG com.github.dockerjava.zerodep.shaded.org.apache.hc.client5.http.protocol.RequestAuthCache - Auth cache not set in the context
23:55:11.876 [Test worker] DEBUG com.github.dockerjava.zerodep.shaded.org.apache.hc.client5.http.impl.classic.ProtocolExec - ex-00000058: target auth state: UNCHALLENGED
23:55:11.876 [Test worker] DEBUG com.github.dockerjava.zerodep.shaded.org.apache.hc.client5.http.impl.classic.ProtocolExec - ex-00000058: proxy auth state: UNCHALLENGED
23:55:11.876 [Test worker] DEBUG com.github.dockerjava.zerodep.shaded.org.apache.hc.client5.http.impl.classic.ConnectExec - ex-00000058: acquiring connection with route {}->unix://localhost:2375
23:55:11.876 [Test worker] DEBUG com.github.dockerjava.zerodep.shaded.org.apache.hc.client5.http.impl.classic.InternalHttpClient - ex-00000058: acquiring endpoint (3 MINUTES)
23:55:11.876 [Test worker] DEBUG com.github.dockerjava.zerodep.shaded.org.apache.hc.client5.http.impl.io.PoolingHttpClientConnectionManager - ex-00000058: endpoint lease request (3 MINUTES) [route: {}->unix://localhost:2375][total available: 1; route allocated: 1 of 2147483647; total allocated: 1 of 2147483647]
23:55:11.876 [Test worker] DEBUG com.github.dockerjava.zerodep.shaded.org.apache.hc.client5.http.impl.io.PoolingHttpClientConnectionManager - ex-00000058: endpoint leased [route: {}->unix://localhost:2375][total available: 0; route allocated: 1 of 2147483647; total allocated: 1 of 2147483647]
23:55:11.876 [Test worker] DEBUG com.github.dockerjava.zerodep.shaded.org.apache.hc.client5.http.impl.io.PoolingHttpClientConnectionManager - ex-00000058: acquired ep-00000057
23:55:11.876 [Test worker] DEBUG com.github.dockerjava.zerodep.shaded.org.apache.hc.client5.http.impl.classic.InternalHttpClient - ex-00000058: acquired endpoint ep-00000057
23:55:11.876 [Test worker] DEBUG com.github.dockerjava.zerodep.shaded.org.apache.hc.client5.http.impl.classic.MainClientExec - ex-00000058: executing GET /v1.32/containers/c37a42694b7d1cff581f5e7b89a60b044af4721181408c271e821f1413201ca6/json HTTP/1.1
23:55:11.876 [Test worker] DEBUG com.github.dockerjava.zerodep.shaded.org.apache.hc.client5.http.impl.classic.InternalHttpClient - ep-00000057: start execution ex-00000058
23:55:11.876 [Test worker] DEBUG com.github.dockerjava.zerodep.shaded.org.apache.hc.client5.http.impl.io.PoolingHttpClientConnectionManager - ep-00000057: executing exchange ex-00000058 over http-outgoing-2
23:55:11.876 [Test worker] DEBUG com.github.dockerjava.zerodep.shaded.org.apache.hc.client5.http.headers - http-outgoing-2 >> GET /v1.32/containers/c37a42694b7d1cff581f5e7b89a60b044af4721181408c271e821f1413201ca6/json HTTP/1.1
23:55:11.876 [Test worker] DEBUG com.github.dockerjava.zerodep.shaded.org.apache.hc.client5.http.headers - http-outgoing-2 >> accept: application/json
23:55:11.876 [Test worker] DEBUG com.github.dockerjava.zerodep.shaded.org.apache.hc.client5.http.headers - http-outgoing-2 >> x-tc-sid: 818a13d9-e138-4e41-b5a4-74fd927e6a2d
23:55:11.876 [Test worker] DEBUG com.github.dockerjava.zerodep.shaded.org.apache.hc.client5.http.headers - http-outgoing-2 >> Accept-Encoding: gzip, x-gzip, deflate
23:55:11.876 [Test worker] DEBUG com.github.dockerjava.zerodep.shaded.org.apache.hc.client5.http.headers - http-outgoing-2 >> Host: localhost:2375
23:55:11.876 [Test worker] DEBUG com.github.dockerjava.zerodep.shaded.org.apache.hc.client5.http.headers - http-outgoing-2 >> Connection: keep-alive
23:55:11.876 [Test worker] DEBUG com.github.dockerjava.zerodep.shaded.org.apache.hc.client5.http.headers - http-outgoing-2 >> User-Agent: Apache-HttpClient/5.0.3 (Java/17.0.2)
23:55:11.876 [Test worker] DEBUG com.github.dockerjava.zerodep.shaded.org.apache.hc.client5.http.wire - http-outgoing-2 >> "GET /v1.32/containers/c37a42694b7d1cff581f5e7b89a60b044af4721181408c271e821f1413201ca6/json HTTP/1.1[\r][\n]"
23:55:11.876 [Test worker] DEBUG com.github.dockerjava.zerodep.shaded.org.apache.hc.client5.http.wire - http-outgoing-2 >> "accept: application/json[\r][\n]"
23:55:11.876 [Test worker] DEBUG com.github.dockerjava.zerodep.shaded.org.apache.hc.client5.http.wire - http-outgoing-2 >> "x-tc-sid: 818a13d9-e138-4e41-b5a4-74fd927e6a2d[\r][\n]"
23:55:11.876 [Test worker] DEBUG com.github.dockerjava.zerodep.shaded.org.apache.hc.client5.http.wire - http-outgoing-2 >> "Accept-Encoding: gzip, x-gzip, deflate[\r][\n]"
23:55:11.876 [Test worker] DEBUG com.github.dockerjava.zerodep.shaded.org.apache.hc.client5.http.wire - http-outgoing-2 >> "Host: localhost:2375[\r][\n]"
23:55:11.876 [Test worker] DEBUG com.github.dockerjava.zerodep.shaded.org.apache.hc.client5.http.wire - http-outgoing-2 >> "Connection: keep-alive[\r][\n]"
23:55:11.876 [Test worker] DEBUG com.github.dockerjava.zerodep.shaded.org.apache.hc.client5.http.wire - http-outgoing-2 >> "User-Agent: Apache-HttpClient/5.0.3 (Java/17.0.2)[\r][\n]"
23:55:11.876 [Test worker] DEBUG com.github.dockerjava.zerodep.shaded.org.apache.hc.client5.http.wire - http-outgoing-2 >> "[\r][\n]"
23:55:11.878 [Test worker] DEBUG com.github.dockerjava.zerodep.shaded.org.apache.hc.client5.http.wire - http-outgoing-2 << "HTTP/1.1 200 OK[\r][\n]"
23:55:11.878 [Test worker] DEBUG com.github.dockerjava.zerodep.shaded.org.apache.hc.client5.http.wire - http-outgoing-2 << "Api-Version: 1.41[\r][\n]"
23:55:11.878 [Test worker] DEBUG com.github.dockerjava.zerodep.shaded.org.apache.hc.client5.http.wire - http-outgoing-2 << "Content-Type: application/json[\r][\n]"
23:55:11.878 [Test worker] DEBUG com.github.dockerjava.zerodep.shaded.org.apache.hc.client5.http.wire - http-outgoing-2 << "Date: Mon, 27 Mar 2023 02:55:11 GMT[\r][\n]"
23:55:11.878 [Test worker] DEBUG com.github.dockerjava.zerodep.shaded.org.apache.hc.client5.http.wire - http-outgoing-2 << "Docker-Experimental: false[\r][\n]"
23:55:11.878 [Test worker] DEBUG com.github.dockerjava.zerodep.shaded.org.apache.hc.client5.http.wire - http-outgoing-2 << "Ostype: linux[\r][\n]"
23:55:11.878 [Test worker] DEBUG com.github.dockerjava.zerodep.shaded.org.apache.hc.client5.http.wire - http-outgoing-2 << "Server: Docker/20.10.21 (linux)[\r][\n]"
23:55:11.878 [Test worker] DEBUG com.github.dockerjava.zerodep.shaded.org.apache.hc.client5.http.wire - http-outgoing-2 << "Transfer-Encoding: chunked[\r][\n]"
23:55:11.878 [Test worker] DEBUG com.github.dockerjava.zerodep.shaded.org.apache.hc.client5.http.wire - http-outgoing-2 << "[\r][\n]"
23:55:11.878 [Test worker] DEBUG com.github.dockerjava.zerodep.shaded.org.apache.hc.client5.http.headers - http-outgoing-2 << HTTP/1.1 200 OK
23:55:11.878 [Test worker] DEBUG com.github.dockerjava.zerodep.shaded.org.apache.hc.client5.http.headers - http-outgoing-2 << Api-Version: 1.41
23:55:11.878 [Test worker] DEBUG com.github.dockerjava.zerodep.shaded.org.apache.hc.client5.http.headers - http-outgoing-2 << Content-Type: application/json
23:55:11.878 [Test worker] DEBUG com.github.dockerjava.zerodep.shaded.org.apache.hc.client5.http.headers - http-outgoing-2 << Date: Mon, 27 Mar 2023 02:55:11 GMT
23:55:11.878 [Test worker] DEBUG com.github.dockerjava.zerodep.shaded.org.apache.hc.client5.http.headers - http-outgoing-2 << Docker-Experimental: false
23:55:11.878 [Test worker] DEBUG com.github.dockerjava.zerodep.shaded.org.apache.hc.client5.http.headers - http-outgoing-2 << Ostype: linux
23:55:11.878 [Test worker] DEBUG com.github.dockerjava.zerodep.shaded.org.apache.hc.client5.http.headers - http-outgoing-2 << Server: Docker/20.10.21 (linux)
23:55:11.878 [Test worker] DEBUG com.github.dockerjava.zerodep.shaded.org.apache.hc.client5.http.headers - http-outgoing-2 << Transfer-Encoding: chunked
23:55:11.878 [Test worker] DEBUG com.github.dockerjava.zerodep.shaded.org.apache.hc.client5.http.impl.classic.MainClientExec - ex-00000058: connection can be kept alive for 3 MINUTES
23:55:11.879 [Test worker] DEBUG com.github.dockerjava.zerodep.shaded.org.apache.hc.client5.http.wire - http-outgoing-2 << "18c1[\r][\n]"
23:55:11.880 [Test worker] DEBUG com.github.dockerjava.zerodep.shaded.org.apache.hc.client5.http.wire - http-outgoing-2 << "{"Id":"c37a42694b7d1cff581f5e7b89a60b044af4721181408c271e821f1413201ca6","Created":"2023-03-27T02:55:02.49734542Z","Path":"docker-entrypoint.sh","Args":["mysqld"],"State":{"Status":"running","Running":true,"Paused":false,"Restarting":false,"OOMKilled":false,"Dead":false,"Pid":18342,"ExitCode":0,"Error":"","StartedAt":"2023-03-27T02:55:03.12719392Z","FinishedAt":"0001-01-01T00:00:00Z"},"Image":"sha256:c7c54c29e20dccc1aefb936c8eba8bb8b98b87a4921102aba87fde2df5810af9","ResolvConfPath":"/var/lib/docker/containers/c37a42694b7d1cff581f5e7b89a60b044af4721181408c271e821f1413201ca6/resolv.conf","HostnamePath":"/var/lib/docker/containers/c37a42694b7d1cff581f5e7b89a60b044af4721181408c271e821f1413201ca6/hostname","HostsPath":"/var/lib/docker/containers/c37a42694b7d1cff581f5e7b89a60b044af4721181408c271e821f1413201ca6/hosts","LogPath":"/var/lib/docker/containers/c37a42694b7d1cff581f5e7b89a60b044af4721181408c271e821f1413201ca6/c37a42694b7d1cff581f5e7b89a60b044af4721181408c271e821f1413201ca6-json.log","Name":"/elegant_mahavira","RestartCount":0,"Driver":"overlay2","Platform":"linux","MountLabel":"","ProcessLabel":"","AppArmorProfile":"","ExecIDs":null,"HostConfig":{"Binds":[],"ContainerIDFile":"","LogConfig":{"Type":"json-file","Config":{}},"NetworkMode":"default","PortBindings":{"3306/tcp":[{"HostIp":"0.0.0.0","HostPort":"0"}]},"RestartPolicy":{"Name":"","MaximumRetryCount":0},"AutoRemove":false,"VolumeDriver":"","VolumesFrom":[],"CapAdd":null,"CapDrop":null,"CgroupnsMode":"private","Dns":null,"DnsOptions":null,"DnsSearch":null,"ExtraHosts":[],"GroupAdd":null,"IpcMode":"shareable","Cgroup":"","Links":null,"OomScoreAdj":0,"PidMode":"","Privileged":false,"PublishAllPorts":false,"ReadonlyRootfs":false,"SecurityOpt":null,"UTSMode":"","UsernsMode":"","ShmSize":67108864,"Runtime":"runc","ConsoleSize":[0,0],"Isolation":"","CpuShares":0,"Memory":0,"NanoCpus":0,"CgroupParent":"","BlkioWeight":0,"BlkioWeightDevice":null,"BlkioDeviceReadBps":null,"BlkioDeviceWriteBps":null,"BlkioDeviceReadIOps":null,"BlkioDeviceWriteIOps":null,"CpuPeriod":0,"CpuQuota":0,"CpuRealtimePeriod":0,"CpuRealtimeRuntime":0,"CpusetCpus":"","CpusetMems":"","Devices":null,"DeviceCgroupRules":null,"DeviceRequests":null,"KernelMemory":0,"KernelMemoryTCP":0,"MemoryReservation":0,"MemorySwap":0,"MemorySwappiness":null,"OomKillDisable":null,"PidsLimit":null,"Ulimits":null,"CpuCount":0,"CpuPercent":0,"IOMaximumIOps":0,"IOMaximumBandwidth":0,"MaskedPaths":["/proc/asound","/proc/acpi","/proc/kcore","/proc/keys","/proc/latency_stats","/proc/timer_list","/proc/timer_stats","/proc/sched_debug","/proc/scsi","/sys/firmware"],"ReadonlyPaths":["/proc/bus","/proc/fs","/proc/irq","/proc/sys","/proc/sysrq-trigger"]},"GraphDriver":{"Data":{"LowerDir":"/var/lib/docker/overlay2/2c15a904a49807090175d7750f18e0f6a57e99c38a424839679cbaf676a4d500-init/diff:/var/lib/docker/overlay2/1bd8849d7a296305617011f940aa5cfabbe972a513397b1b6bbc27639b6c1f30/diff:/var/lib/docker/overlay2/199d69b2fbf78af4d4c95dec4fd2f8835ab0347eb49fb20ebb2ff3b99fedd6ad/diff:/var/lib/docker/overlay2/d83c38d654989311f75b9491329846033bfb7714de76ef635380dcfad5c740d9/diff:/var/lib/docker/overlay2/08600d0aea2ab2728bebcf5d2589c640a842f53d1ba3c4a4adccb4d03b923cf6/diff:/var/lib/docker/overlay2/9ec7c63a3fb14d13ac788bbf5e282ca821edc41260b79944e5e631037d13ecda/diff:/var/lib/docker/overlay2/db601d7a1b4ea6da638db620462f0da96fa55c559d02269c9ddb09027936ed87/diff:/var/lib/docker/overlay2/a6d2bd03f942e2565f21e74cfe152c7ec836a1c2b583f0790c685b92bdcfda24/diff:/var/lib/docker/overlay2/9badd16ea2c5e2bf1fde8b579683e41137dfc46ed5449234149f199a6751cc84/diff:/var/lib/docker/overlay2/6efb85646ed12e2d1181ef4cc6f6f6732c00c15a4035fe17ebc4f075ca573c30/diff:/var/lib/docker/overlay2/895d7c0ec09144d6ed33936f4e98e11c18010f7abd708cae1ce43aec7a7f2621/diff:/var/lib/docker/overlay2/1c4ba77aa573ab6e5e5069fd15eae71b3da940bde0f97a922a227ffc8a1d1096/diff","MergedDir":"/var/lib/docker/overlay2/2c15a904a49807090175d7750f18e0f6a57e99c38a424839679cbaf676a4d500/merged","UpperDir":"/var/lib/docker/overlay2/2c15a904a49807090175d7750f18e0f6a57e99c38a424839679cbaf676a4d500/diff","WorkDir":"/var/lib/docker/overlay2/2c15a904a49807090175d7750f18e0f6a57e99c38a424839679cbaf676a4d500/work"},"Name":"overlay2"},"Mounts":[{"Type":"volume","Name":"44a9389ce95a2961210e86afd6afe42b23405f43157b5dc00e010d283c01df79","Source":"/var/lib/docker/volumes/44a9389ce95a2961210e86afd6afe42b23405f43157b5dc00e010d283c01df79/_data","Destination":"/var/lib/mysql","Driver":"local","Mode":"","RW":true,"Propagation":""}],"Config":{"Hostname":"c37a42694b7d","Domainname":"","User":"","AttachStdin":false,"AttachStdout":false,"AttachStderr":false,"ExposedPorts":{"3306/tcp":{},"33060/tcp":{}},"Tty":false,"OpenStdin":false,"StdinOnce":false,"Env":["MYSQL_DATABASE=adm_videos","MYSQL_PASSWORD=123456","MYSQL_ROOT_PASSWORD=123456","PATH=/usr/local/sbin:/usr/local/bin:/usr/sbin:/usr/bin:/sbin:/bin","GOSU_VERSION=1.16","MYSQL_MAJOR=8.0","MYSQL_VERSION=8.0.32-1.el8","MYSQL_SHELL_VERSION=8.0.32-1.el8"],"Cmd":["mysqld"],"Image":"mysql:latest","Volumes":{"/var/lib/mysql":{}},"WorkingDir":"","Entrypoint":["docker-entrypoint.sh"],"OnBuild":null,"Labels":{"org.testcontainers":"true","org.testcontainers.lang":"java","org.testcontainers.sessionId":"818a13d9-e138-4e41-b5a4-74fd927e6a2d","org.testcontainers.version":"1.17.6"}},"NetworkSettings":{"Bridge":"","SandboxID":"bd1f3a626f226e407a1a406212013b21c93b302c93f9fd53a405b7fc5ff825b3","HairpinMode":false,"LinkLocalIPv6Address":"","LinkLocalIPv6PrefixLen":0,"Ports":{"3306/tcp":[{"HostIp":"0.0.0.0","HostPort":"56289"}],"33060/tcp":null},"SandboxKey":"/var/run/docker/netns/bd1f3a626f22","SecondaryIPAddresses":null,"SecondaryIPv6Addresses":null,"EndpointID":"a2b725c0c5ce4503f8e45e0c2adc4455b29a53a4866d3f23b2bce893a084641f","Gateway":"172.17.0.1","GlobalIPv6Address":"","GlobalIPv6PrefixLen":0,"IPAddress":"172.17.0.3","IPPrefixLen":16,"IPv6Gateway":"","MacAddress":"02:42:ac:11:00:03","Networks":{"bridge":{"IPAMConfig":null,"Links":null,"Aliases":null,"NetworkID":"308e234c143065751b16b4500cb9f48d5c7fc2116504b3d816a5e51cd4771062","EndpointID":"a2b725c0c5ce4503f8e45e0c2adc4455b29a53a4866d3f23b2bce893a084641f","Gateway":"172.17.0.1","IPAddress":"172.17.0.3","IPPrefixLen":16,"IPv6Gateway":"","GlobalIPv6Address":"","GlobalIPv6PrefixLen":0,"MacAddress":"02:42:ac:11:00:03","DriverOpts":null}}}}[\n]"
23:55:11.880 [Test worker] DEBUG com.github.dockerjava.zerodep.shaded.org.apache.hc.client5.http.wire - http-outgoing-2 << "[\r][\n]"
23:55:11.881 [Test worker] DEBUG com.github.dockerjava.zerodep.shaded.org.apache.hc.client5.http.wire - http-outgoing-2 << "0[\r][\n]"
23:55:11.881 [Test worker] DEBUG com.github.dockerjava.zerodep.shaded.org.apache.hc.client5.http.wire - http-outgoing-2 << "[\r][\n]"
23:55:11.881 [Test worker] DEBUG com.github.dockerjava.zerodep.shaded.org.apache.hc.client5.http.impl.classic.InternalHttpClient - ep-00000057: releasing valid endpoint
23:55:11.881 [Test worker] DEBUG com.github.dockerjava.zerodep.shaded.org.apache.hc.client5.http.impl.io.PoolingHttpClientConnectionManager - ep-00000057: releasing endpoint
23:55:11.881 [Test worker] DEBUG com.github.dockerjava.zerodep.shaded.org.apache.hc.client5.http.impl.io.PoolingHttpClientConnectionManager - ep-00000057: connection http-outgoing-2 can be kept alive for 3 MINUTES
23:55:11.881 [Test worker] DEBUG com.github.dockerjava.zerodep.shaded.org.apache.hc.client5.http.impl.io.PoolingHttpClientConnectionManager - ep-00000057: connection released [route: {}->unix://localhost:2375][total available: 1; route allocated: 1 of 2147483647; total allocated: 1 of 2147483647]
23:55:11.881 [Test worker] DEBUG ]]>&#x1f433;<![CDATA[ [mysql:latest] - Trying to create JDBC connection using com.mysql.cj.jdbc.Driver to jdbc:mysql://localhost:56289/adm_videos?useSSL=false&allowPublicKeyRetrieval=true with properties: {password=123456, user=root}
23:55:11.984 [Test worker] DEBUG org.testcontainers.shaded.com.github.dockerjava.core.command.AbstrDockerCmd - Cmd: c37a42694b7d1cff581f5e7b89a60b044af4721181408c271e821f1413201ca6,false
23:55:11.985 [Test worker] DEBUG org.testcontainers.shaded.com.github.dockerjava.core.exec.InspectContainerCmdExec - GET: DefaultWebTarget{path=[/containers/c37a42694b7d1cff581f5e7b89a60b044af4721181408c271e821f1413201ca6/json], queryParams={}}
23:55:11.985 [Test worker] DEBUG com.github.dockerjava.zerodep.shaded.org.apache.hc.client5.http.impl.classic.InternalHttpClient - ex-00000059: preparing request execution
23:55:11.985 [Test worker] DEBUG com.github.dockerjava.zerodep.shaded.org.apache.hc.client5.http.protocol.RequestAddCookies - Cookie spec selected: strict
23:55:11.985 [Test worker] DEBUG com.github.dockerjava.zerodep.shaded.org.apache.hc.client5.http.protocol.RequestAuthCache - Auth cache not set in the context
23:55:11.985 [Test worker] DEBUG com.github.dockerjava.zerodep.shaded.org.apache.hc.client5.http.impl.classic.ProtocolExec - ex-00000059: target auth state: UNCHALLENGED
23:55:11.985 [Test worker] DEBUG com.github.dockerjava.zerodep.shaded.org.apache.hc.client5.http.impl.classic.ProtocolExec - ex-00000059: proxy auth state: UNCHALLENGED
23:55:11.985 [Test worker] DEBUG com.github.dockerjava.zerodep.shaded.org.apache.hc.client5.http.impl.classic.ConnectExec - ex-00000059: acquiring connection with route {}->unix://localhost:2375
23:55:11.986 [Test worker] DEBUG com.github.dockerjava.zerodep.shaded.org.apache.hc.client5.http.impl.classic.InternalHttpClient - ex-00000059: acquiring endpoint (3 MINUTES)
23:55:11.986 [Test worker] DEBUG com.github.dockerjava.zerodep.shaded.org.apache.hc.client5.http.impl.io.PoolingHttpClientConnectionManager - ex-00000059: endpoint lease request (3 MINUTES) [route: {}->unix://localhost:2375][total available: 1; route allocated: 1 of 2147483647; total allocated: 1 of 2147483647]
23:55:11.986 [Test worker] DEBUG com.github.dockerjava.zerodep.shaded.org.apache.hc.client5.http.impl.io.PoolingHttpClientConnectionManager - ex-00000059: endpoint leased [route: {}->unix://localhost:2375][total available: 0; route allocated: 1 of 2147483647; total allocated: 1 of 2147483647]
23:55:11.986 [Test worker] DEBUG com.github.dockerjava.zerodep.shaded.org.apache.hc.client5.http.impl.io.PoolingHttpClientConnectionManager - ex-00000059: acquired ep-00000058
23:55:11.986 [Test worker] DEBUG com.github.dockerjava.zerodep.shaded.org.apache.hc.client5.http.impl.classic.InternalHttpClient - ex-00000059: acquired endpoint ep-00000058
23:55:11.986 [Test worker] DEBUG com.github.dockerjava.zerodep.shaded.org.apache.hc.client5.http.impl.classic.MainClientExec - ex-00000059: executing GET /v1.32/containers/c37a42694b7d1cff581f5e7b89a60b044af4721181408c271e821f1413201ca6/json HTTP/1.1
23:55:11.986 [Test worker] DEBUG com.github.dockerjava.zerodep.shaded.org.apache.hc.client5.http.impl.classic.InternalHttpClient - ep-00000058: start execution ex-00000059
23:55:11.986 [Test worker] DEBUG com.github.dockerjava.zerodep.shaded.org.apache.hc.client5.http.impl.io.PoolingHttpClientConnectionManager - ep-00000058: executing exchange ex-00000059 over http-outgoing-2
23:55:11.986 [Test worker] DEBUG com.github.dockerjava.zerodep.shaded.org.apache.hc.client5.http.headers - http-outgoing-2 >> GET /v1.32/containers/c37a42694b7d1cff581f5e7b89a60b044af4721181408c271e821f1413201ca6/json HTTP/1.1
23:55:11.986 [Test worker] DEBUG com.github.dockerjava.zerodep.shaded.org.apache.hc.client5.http.headers - http-outgoing-2 >> accept: application/json
23:55:11.986 [Test worker] DEBUG com.github.dockerjava.zerodep.shaded.org.apache.hc.client5.http.headers - http-outgoing-2 >> x-tc-sid: 818a13d9-e138-4e41-b5a4-74fd927e6a2d
23:55:11.986 [Test worker] DEBUG com.github.dockerjava.zerodep.shaded.org.apache.hc.client5.http.headers - http-outgoing-2 >> Accept-Encoding: gzip, x-gzip, deflate
23:55:11.986 [Test worker] DEBUG com.github.dockerjava.zerodep.shaded.org.apache.hc.client5.http.headers - http-outgoing-2 >> Host: localhost:2375
23:55:11.986 [Test worker] DEBUG com.github.dockerjava.zerodep.shaded.org.apache.hc.client5.http.headers - http-outgoing-2 >> Connection: keep-alive
23:55:11.986 [Test worker] DEBUG com.github.dockerjava.zerodep.shaded.org.apache.hc.client5.http.headers - http-outgoing-2 >> User-Agent: Apache-HttpClient/5.0.3 (Java/17.0.2)
23:55:11.986 [Test worker] DEBUG com.github.dockerjava.zerodep.shaded.org.apache.hc.client5.http.wire - http-outgoing-2 >> "GET /v1.32/containers/c37a42694b7d1cff581f5e7b89a60b044af4721181408c271e821f1413201ca6/json HTTP/1.1[\r][\n]"
23:55:11.986 [Test worker] DEBUG com.github.dockerjava.zerodep.shaded.org.apache.hc.client5.http.wire - http-outgoing-2 >> "accept: application/json[\r][\n]"
23:55:11.986 [Test worker] DEBUG com.github.dockerjava.zerodep.shaded.org.apache.hc.client5.http.wire - http-outgoing-2 >> "x-tc-sid: 818a13d9-e138-4e41-b5a4-74fd927e6a2d[\r][\n]"
23:55:11.986 [Test worker] DEBUG com.github.dockerjava.zerodep.shaded.org.apache.hc.client5.http.wire - http-outgoing-2 >> "Accept-Encoding: gzip, x-gzip, deflate[\r][\n]"
23:55:11.986 [Test worker] DEBUG com.github.dockerjava.zerodep.shaded.org.apache.hc.client5.http.wire - http-outgoing-2 >> "Host: localhost:2375[\r][\n]"
23:55:11.986 [Test worker] DEBUG com.github.dockerjava.zerodep.shaded.org.apache.hc.client5.http.wire - http-outgoing-2 >> "Connection: keep-alive[\r][\n]"
23:55:11.986 [Test worker] DEBUG com.github.dockerjava.zerodep.shaded.org.apache.hc.client5.http.wire - http-outgoing-2 >> "User-Agent: Apache-HttpClient/5.0.3 (Java/17.0.2)[\r][\n]"
23:55:11.986 [Test worker] DEBUG com.github.dockerjava.zerodep.shaded.org.apache.hc.client5.http.wire - http-outgoing-2 >> "[\r][\n]"
23:55:11.991 [Test worker] DEBUG com.github.dockerjava.zerodep.shaded.org.apache.hc.client5.http.wire - http-outgoing-2 << "HTTP/1.1 200 OK[\r][\n]"
23:55:11.991 [Test worker] DEBUG com.github.dockerjava.zerodep.shaded.org.apache.hc.client5.http.wire - http-outgoing-2 << "Api-Version: 1.41[\r][\n]"
23:55:11.991 [Test worker] DEBUG com.github.dockerjava.zerodep.shaded.org.apache.hc.client5.http.wire - http-outgoing-2 << "Content-Type: application/json[\r][\n]"
23:55:11.991 [Test worker] DEBUG com.github.dockerjava.zerodep.shaded.org.apache.hc.client5.http.wire - http-outgoing-2 << "Date: Mon, 27 Mar 2023 02:55:11 GMT[\r][\n]"
23:55:11.991 [Test worker] DEBUG com.github.dockerjava.zerodep.shaded.org.apache.hc.client5.http.wire - http-outgoing-2 << "Docker-Experimental: false[\r][\n]"
23:55:11.991 [Test worker] DEBUG com.github.dockerjava.zerodep.shaded.org.apache.hc.client5.http.wire - http-outgoing-2 << "Ostype: linux[\r][\n]"
23:55:11.991 [Test worker] DEBUG com.github.dockerjava.zerodep.shaded.org.apache.hc.client5.http.wire - http-outgoing-2 << "Server: Docker/20.10.21 (linux)[\r][\n]"
23:55:11.991 [Test worker] DEBUG com.github.dockerjava.zerodep.shaded.org.apache.hc.client5.http.wire - http-outgoing-2 << "Transfer-Encoding: chunked[\r][\n]"
23:55:11.991 [Test worker] DEBUG com.github.dockerjava.zerodep.shaded.org.apache.hc.client5.http.wire - http-outgoing-2 << "[\r][\n]"
23:55:11.992 [Test worker] DEBUG com.github.dockerjava.zerodep.shaded.org.apache.hc.client5.http.headers - http-outgoing-2 << HTTP/1.1 200 OK
23:55:11.992 [Test worker] DEBUG com.github.dockerjava.zerodep.shaded.org.apache.hc.client5.http.headers - http-outgoing-2 << Api-Version: 1.41
23:55:11.992 [Test worker] DEBUG com.github.dockerjava.zerodep.shaded.org.apache.hc.client5.http.headers - http-outgoing-2 << Content-Type: application/json
23:55:11.992 [Test worker] DEBUG com.github.dockerjava.zerodep.shaded.org.apache.hc.client5.http.headers - http-outgoing-2 << Date: Mon, 27 Mar 2023 02:55:11 GMT
23:55:11.992 [Test worker] DEBUG com.github.dockerjava.zerodep.shaded.org.apache.hc.client5.http.headers - http-outgoing-2 << Docker-Experimental: false
23:55:11.992 [Test worker] DEBUG com.github.dockerjava.zerodep.shaded.org.apache.hc.client5.http.headers - http-outgoing-2 << Ostype: linux
23:55:11.992 [Test worker] DEBUG com.github.dockerjava.zerodep.shaded.org.apache.hc.client5.http.headers - http-outgoing-2 << Server: Docker/20.10.21 (linux)
23:55:11.992 [Test worker] DEBUG com.github.dockerjava.zerodep.shaded.org.apache.hc.client5.http.headers - http-outgoing-2 << Transfer-Encoding: chunked
23:55:11.992 [Test worker] DEBUG com.github.dockerjava.zerodep.shaded.org.apache.hc.client5.http.impl.classic.MainClientExec - ex-00000059: connection can be kept alive for 3 MINUTES
23:55:11.994 [Test worker] DEBUG com.github.dockerjava.zerodep.shaded.org.apache.hc.client5.http.wire - http-outgoing-2 << "18c1[\r][\n]"
23:55:11.994 [Test worker] DEBUG com.github.dockerjava.zerodep.shaded.org.apache.hc.client5.http.wire - http-outgoing-2 << "{"Id":"c37a42694b7d1cff581f5e7b89a60b044af4721181408c271e821f1413201ca6","Created":"2023-03-27T02:55:02.49734542Z","Path":"docker-entrypoint.sh","Args":["mysqld"],"State":{"Status":"running","Running":true,"Paused":false,"Restarting":false,"OOMKilled":false,"Dead":false,"Pid":18342,"ExitCode":0,"Error":"","StartedAt":"2023-03-27T02:55:03.12719392Z","FinishedAt":"0001-01-01T00:00:00Z"},"Image":"sha256:c7c54c29e20dccc1aefb936c8eba8bb8b98b87a4921102aba87fde2df5810af9","ResolvConfPath":"/var/lib/docker/containers/c37a42694b7d1cff581f5e7b89a60b044af4721181408c271e821f1413201ca6/resolv.conf","HostnamePath":"/var/lib/docker/containers/c37a42694b7d1cff581f5e7b89a60b044af4721181408c271e821f1413201ca6/hostname","HostsPath":"/var/lib/docker/containers/c37a42694b7d1cff581f5e7b89a60b044af4721181408c271e821f1413201ca6/hosts","LogPath":"/var/lib/docker/containers/c37a42694b7d1cff581f5e7b89a60b044af4721181408c271e821f1413201ca6/c37a42694b7d1cff581f5e7b89a60b044af4721181408c271e821f1413201ca6-json.log","Name":"/elegant_mahavira","RestartCount":0,"Driver":"overlay2","Platform":"linux","MountLabel":"","ProcessLabel":"","AppArmorProfile":"","ExecIDs":null,"HostConfig":{"Binds":[],"ContainerIDFile":"","LogConfig":{"Type":"json-file","Config":{}},"NetworkMode":"default","PortBindings":{"3306/tcp":[{"HostIp":"0.0.0.0","HostPort":"0"}]},"RestartPolicy":{"Name":"","MaximumRetryCount":0},"AutoRemove":false,"VolumeDriver":"","VolumesFrom":[],"CapAdd":null,"CapDrop":null,"CgroupnsMode":"private","Dns":null,"DnsOptions":null,"DnsSearch":null,"ExtraHosts":[],"GroupAdd":null,"IpcMode":"shareable","Cgroup":"","Links":null,"OomScoreAdj":0,"PidMode":"","Privileged":false,"PublishAllPorts":false,"ReadonlyRootfs":false,"SecurityOpt":null,"UTSMode":"","UsernsMode":"","ShmSize":67108864,"Runtime":"runc","ConsoleSize":[0,0],"Isolation":"","CpuShares":0,"Memory":0,"NanoCpus":0,"CgroupParent":"","BlkioWeight":0,"BlkioWeightDevice":null,"BlkioDeviceReadBps":null,"BlkioDeviceWriteBps":null,"BlkioDeviceReadIOps":null,"BlkioDeviceWriteIOps":null,"CpuPeriod":0,"CpuQuota":0,"CpuRealtimePeriod":0,"CpuRealtimeRuntime":0,"CpusetCpus":"","CpusetMems":"","Devices":null,"DeviceCgroupRules":null,"DeviceRequests":null,"KernelMemory":0,"KernelMemoryTCP":0,"MemoryReservation":0,"MemorySwap":0,"MemorySwappiness":null,"OomKillDisable":null,"PidsLimit":null,"Ulimits":null,"CpuCount":0,"CpuPercent":0,"IOMaximumIOps":0,"IOMaximumBandwidth":0,"MaskedPaths":["/proc/asound","/proc/acpi","/proc/kcore","/proc/keys","/proc/latency_stats","/proc/timer_list","/proc/timer_stats","/proc/sched_debug","/proc/scsi","/sys/firmware"],"ReadonlyPaths":["/proc/bus","/proc/fs","/proc/irq","/proc/sys","/proc/sysrq-trigger"]},"GraphDriver":{"Data":{"LowerDir":"/var/lib/docker/overlay2/2c15a904a49807090175d7750f18e0f6a57e99c38a424839679cbaf676a4d500-init/diff:/var/lib/docker/overlay2/1bd8849d7a296305617011f940aa5cfabbe972a513397b1b6bbc27639b6c1f30/diff:/var/lib/docker/overlay2/199d69b2fbf78af4d4c95dec4fd2f8835ab0347eb49fb20ebb2ff3b99fedd6ad/diff:/var/lib/docker/overlay2/d83c38d654989311f75b9491329846033bfb7714de76ef635380dcfad5c740d9/diff:/var/lib/docker/overlay2/08600d0aea2ab2728bebcf5d2589c640a842f53d1ba3c4a4adccb4d03b923cf6/diff:/var/lib/docker/overlay2/9ec7c63a3fb14d13ac788bbf5e282ca821edc41260b79944e5e631037d13ecda/diff:/var/lib/docker/overlay2/db601d7a1b4ea6da638db620462f0da96fa55c559d02269c9ddb09027936ed87/diff:/var/lib/docker/overlay2/a6d2bd03f942e2565f21e74cfe152c7ec836a1c2b583f0790c685b92bdcfda24/diff:/var/lib/docker/overlay2/9badd16ea2c5e2bf1fde8b579683e41137dfc46ed5449234149f199a6751cc84/diff:/var/lib/docker/overlay2/6efb85646ed12e2d1181ef4cc6f6f6732c00c15a4035fe17ebc4f075ca573c30/diff:/var/lib/docker/overlay2/895d7c0ec09144d6ed33936f4e98e11c18010f7abd708cae1ce43aec7a7f2621/diff:/var/lib/docker/overlay2/1c4ba77aa573ab6e5e5069fd15eae71b3da940bde0f97a922a227ffc8a1d1096/diff","MergedDir":"/var/lib/docker/overlay2/2c15a904a49807090175d7750f18e0f6a57e99c38a424839679cbaf676a4d500/merged","UpperDir":"/var/lib/docker/overlay2/2c15a904a49807090175d7750f18e0f6a57e99c38a424839679cbaf676a4d500/diff","WorkDir":"/var/lib/docker/overlay2/2c15a904a49807090175d7750f18e0f6a57e99c38a424839679cbaf676a4d500/work"},"Name":"overlay2"},"Mounts":[{"Type":"volume","Name":"44a9389ce95a2961210e86afd6afe42b23405f43157b5dc00e010d283c01df79","Source":"/var/lib/docker/volumes/44a9389ce95a2961210e86afd6afe42b23405f43157b5dc00e010d283c01df79/_data","Destination":"/var/lib/mysql","Driver":"local","Mode":"","RW":true,"Propagation":""}],"Config":{"Hostname":"c37a42694b7d","Domainname":"","User":"","AttachStdin":false,"AttachStdout":false,"AttachStderr":false,"ExposedPorts":{"3306/tcp":{},"33060/tcp":{}},"Tty":false,"OpenStdin":false,"StdinOnce":false,"Env":["MYSQL_DATABASE=adm_videos","MYSQL_PASSWORD=123456","MYSQL_ROOT_PASSWORD=123456","PATH=/usr/local/sbin:/usr/local/bin:/usr/sbin:/usr/bin:/sbin:/bin","GOSU_VERSION=1.16","MYSQL_MAJOR=8.0","MYSQL_VERSION=8.0.32-1.el8","MYSQL_SHELL_VERSION=8.0.32-1.el8"],"Cmd":["mysqld"],"Image":"mysql:latest","Volumes":{"/var/lib/mysql":{}},"WorkingDir":"","Entrypoint":["docker-entrypoint.sh"],"OnBuild":null,"Labels":{"org.testcontainers":"true","org.testcontainers.lang":"java","org.testcontainers.sessionId":"818a13d9-e138-4e41-b5a4-74fd927e6a2d","org.testcontainers.version":"1.17.6"}},"NetworkSettings":{"Bridge":"","SandboxID":"bd1f3a626f226e407a1a406212013b21c93b302c93f9fd53a405b7fc5ff825b3","HairpinMode":false,"LinkLocalIPv6Address":"","LinkLocalIPv6PrefixLen":0,"Ports":{"3306/tcp":[{"HostIp":"0.0.0.0","HostPort":"56289"}],"33060/tcp":null},"SandboxKey":"/var/run/docker/netns/bd1f3a626f22","SecondaryIPAddresses":null,"SecondaryIPv6Addresses":null,"EndpointID":"a2b725c0c5ce4503f8e45e0c2adc4455b29a53a4866d3f23b2bce893a084641f","Gateway":"172.17.0.1","GlobalIPv6Address":"","GlobalIPv6PrefixLen":0,"IPAddress":"172.17.0.3","IPPrefixLen":16,"IPv6Gateway":"","MacAddress":"02:42:ac:11:00:03","Networks":{"bridge":{"IPAMConfig":null,"Links":null,"Aliases":null,"NetworkID":"308e234c143065751b16b4500cb9f48d5c7fc2116504b3d816a5e51cd4771062","EndpointID":"a2b725c0c5ce4503f8e45e0c2adc4455b29a53a4866d3f23b2bce893a084641f","Gateway":"172.17.0.1","IPAddress":"172.17.0.3","IPPrefixLen":16,"IPv6Gateway":"","GlobalIPv6Address":"","GlobalIPv6PrefixLen":0,"MacAddress":"02:42:ac:11:00:03","DriverOpts":null}}}}[\n]"
23:55:11.994 [Test worker] DEBUG com.github.dockerjava.zerodep.shaded.org.apache.hc.client5.http.wire - http-outgoing-2 << "[\r][\n]"
23:55:11.994 [Test worker] DEBUG com.github.dockerjava.zerodep.shaded.org.apache.hc.client5.http.wire - http-outgoing-2 << "0[\r][\n]"
23:55:11.994 [Test worker] DEBUG com.github.dockerjava.zerodep.shaded.org.apache.hc.client5.http.wire - http-outgoing-2 << "[\r][\n]"
23:55:11.995 [Test worker] DEBUG com.github.dockerjava.zerodep.shaded.org.apache.hc.client5.http.impl.classic.InternalHttpClient - ep-00000058: releasing valid endpoint
23:55:11.995 [Test worker] DEBUG com.github.dockerjava.zerodep.shaded.org.apache.hc.client5.http.impl.io.PoolingHttpClientConnectionManager - ep-00000058: releasing endpoint
23:55:11.995 [Test worker] DEBUG com.github.dockerjava.zerodep.shaded.org.apache.hc.client5.http.impl.io.PoolingHttpClientConnectionManager - ep-00000058: connection http-outgoing-2 can be kept alive for 3 MINUTES
23:55:11.995 [Test worker] DEBUG com.github.dockerjava.zerodep.shaded.org.apache.hc.client5.http.impl.io.PoolingHttpClientConnectionManager - ep-00000058: connection released [route: {}->unix://localhost:2375][total available: 1; route allocated: 1 of 2147483647; total allocated: 1 of 2147483647]
23:55:11.995 [Test worker] DEBUG ]]>&#x1f433;<![CDATA[ [mysql:latest] - Trying to create JDBC connection using com.mysql.cj.jdbc.Driver to jdbc:mysql://localhost:56289/adm_videos?useSSL=false&allowPublicKeyRetrieval=true with properties: {password=123456, user=root}
23:55:12.101 [Test worker] DEBUG org.testcontainers.shaded.com.github.dockerjava.core.command.AbstrDockerCmd - Cmd: c37a42694b7d1cff581f5e7b89a60b044af4721181408c271e821f1413201ca6,false
23:55:12.102 [Test worker] DEBUG org.testcontainers.shaded.com.github.dockerjava.core.exec.InspectContainerCmdExec - GET: DefaultWebTarget{path=[/containers/c37a42694b7d1cff581f5e7b89a60b044af4721181408c271e821f1413201ca6/json], queryParams={}}
23:55:12.102 [Test worker] DEBUG com.github.dockerjava.zerodep.shaded.org.apache.hc.client5.http.impl.classic.InternalHttpClient - ex-0000005A: preparing request execution
23:55:12.102 [Test worker] DEBUG com.github.dockerjava.zerodep.shaded.org.apache.hc.client5.http.protocol.RequestAddCookies - Cookie spec selected: strict
23:55:12.103 [Test worker] DEBUG com.github.dockerjava.zerodep.shaded.org.apache.hc.client5.http.protocol.RequestAuthCache - Auth cache not set in the context
23:55:12.103 [Test worker] DEBUG com.github.dockerjava.zerodep.shaded.org.apache.hc.client5.http.impl.classic.ProtocolExec - ex-0000005A: target auth state: UNCHALLENGED
23:55:12.103 [Test worker] DEBUG com.github.dockerjava.zerodep.shaded.org.apache.hc.client5.http.impl.classic.ProtocolExec - ex-0000005A: proxy auth state: UNCHALLENGED
23:55:12.103 [Test worker] DEBUG com.github.dockerjava.zerodep.shaded.org.apache.hc.client5.http.impl.classic.ConnectExec - ex-0000005A: acquiring connection with route {}->unix://localhost:2375
23:55:12.103 [Test worker] DEBUG com.github.dockerjava.zerodep.shaded.org.apache.hc.client5.http.impl.classic.InternalHttpClient - ex-0000005A: acquiring endpoint (3 MINUTES)
23:55:12.103 [Test worker] DEBUG com.github.dockerjava.zerodep.shaded.org.apache.hc.client5.http.impl.io.PoolingHttpClientConnectionManager - ex-0000005A: endpoint lease request (3 MINUTES) [route: {}->unix://localhost:2375][total available: 1; route allocated: 1 of 2147483647; total allocated: 1 of 2147483647]
23:55:12.103 [Test worker] DEBUG com.github.dockerjava.zerodep.shaded.org.apache.hc.client5.http.impl.io.PoolingHttpClientConnectionManager - ex-0000005A: endpoint leased [route: {}->unix://localhost:2375][total available: 0; route allocated: 1 of 2147483647; total allocated: 1 of 2147483647]
23:55:12.103 [Test worker] DEBUG com.github.dockerjava.zerodep.shaded.org.apache.hc.client5.http.impl.io.PoolingHttpClientConnectionManager - ex-0000005A: acquired ep-00000059
23:55:12.103 [Test worker] DEBUG com.github.dockerjava.zerodep.shaded.org.apache.hc.client5.http.impl.classic.InternalHttpClient - ex-0000005A: acquired endpoint ep-00000059
23:55:12.103 [Test worker] DEBUG com.github.dockerjava.zerodep.shaded.org.apache.hc.client5.http.impl.classic.MainClientExec - ex-0000005A: executing GET /v1.32/containers/c37a42694b7d1cff581f5e7b89a60b044af4721181408c271e821f1413201ca6/json HTTP/1.1
23:55:12.103 [Test worker] DEBUG com.github.dockerjava.zerodep.shaded.org.apache.hc.client5.http.impl.classic.InternalHttpClient - ep-00000059: start execution ex-0000005A
23:55:12.103 [Test worker] DEBUG com.github.dockerjava.zerodep.shaded.org.apache.hc.client5.http.impl.io.PoolingHttpClientConnectionManager - ep-00000059: executing exchange ex-0000005A over http-outgoing-2
23:55:12.103 [Test worker] DEBUG com.github.dockerjava.zerodep.shaded.org.apache.hc.client5.http.headers - http-outgoing-2 >> GET /v1.32/containers/c37a42694b7d1cff581f5e7b89a60b044af4721181408c271e821f1413201ca6/json HTTP/1.1
23:55:12.103 [Test worker] DEBUG com.github.dockerjava.zerodep.shaded.org.apache.hc.client5.http.headers - http-outgoing-2 >> accept: application/json
23:55:12.103 [Test worker] DEBUG com.github.dockerjava.zerodep.shaded.org.apache.hc.client5.http.headers - http-outgoing-2 >> x-tc-sid: 818a13d9-e138-4e41-b5a4-74fd927e6a2d
23:55:12.103 [Test worker] DEBUG com.github.dockerjava.zerodep.shaded.org.apache.hc.client5.http.headers - http-outgoing-2 >> Accept-Encoding: gzip, x-gzip, deflate
23:55:12.103 [Test worker] DEBUG com.github.dockerjava.zerodep.shaded.org.apache.hc.client5.http.headers - http-outgoing-2 >> Host: localhost:2375
23:55:12.103 [Test worker] DEBUG com.github.dockerjava.zerodep.shaded.org.apache.hc.client5.http.headers - http-outgoing-2 >> Connection: keep-alive
23:55:12.103 [Test worker] DEBUG com.github.dockerjava.zerodep.shaded.org.apache.hc.client5.http.headers - http-outgoing-2 >> User-Agent: Apache-HttpClient/5.0.3 (Java/17.0.2)
23:55:12.103 [Test worker] DEBUG com.github.dockerjava.zerodep.shaded.org.apache.hc.client5.http.wire - http-outgoing-2 >> "GET /v1.32/containers/c37a42694b7d1cff581f5e7b89a60b044af4721181408c271e821f1413201ca6/json HTTP/1.1[\r][\n]"
23:55:12.103 [Test worker] DEBUG com.github.dockerjava.zerodep.shaded.org.apache.hc.client5.http.wire - http-outgoing-2 >> "accept: application/json[\r][\n]"
23:55:12.103 [Test worker] DEBUG com.github.dockerjava.zerodep.shaded.org.apache.hc.client5.http.wire - http-outgoing-2 >> "x-tc-sid: 818a13d9-e138-4e41-b5a4-74fd927e6a2d[\r][\n]"
23:55:12.103 [Test worker] DEBUG com.github.dockerjava.zerodep.shaded.org.apache.hc.client5.http.wire - http-outgoing-2 >> "Accept-Encoding: gzip, x-gzip, deflate[\r][\n]"
23:55:12.103 [Test worker] DEBUG com.github.dockerjava.zerodep.shaded.org.apache.hc.client5.http.wire - http-outgoing-2 >> "Host: localhost:2375[\r][\n]"
23:55:12.103 [Test worker] DEBUG com.github.dockerjava.zerodep.shaded.org.apache.hc.client5.http.wire - http-outgoing-2 >> "Connection: keep-alive[\r][\n]"
23:55:12.103 [Test worker] DEBUG com.github.dockerjava.zerodep.shaded.org.apache.hc.client5.http.wire - http-outgoing-2 >> "User-Agent: Apache-HttpClient/5.0.3 (Java/17.0.2)[\r][\n]"
23:55:12.103 [Test worker] DEBUG com.github.dockerjava.zerodep.shaded.org.apache.hc.client5.http.wire - http-outgoing-2 >> "[\r][\n]"
23:55:12.105 [Test worker] DEBUG com.github.dockerjava.zerodep.shaded.org.apache.hc.client5.http.wire - http-outgoing-2 << "HTTP/1.1 200 OK[\r][\n]"
23:55:12.105 [Test worker] DEBUG com.github.dockerjava.zerodep.shaded.org.apache.hc.client5.http.wire - http-outgoing-2 << "Api-Version: 1.41[\r][\n]"
23:55:12.105 [Test worker] DEBUG com.github.dockerjava.zerodep.shaded.org.apache.hc.client5.http.wire - http-outgoing-2 << "Content-Type: application/json[\r][\n]"
23:55:12.105 [Test worker] DEBUG com.github.dockerjava.zerodep.shaded.org.apache.hc.client5.http.wire - http-outgoing-2 << "Date: Mon, 27 Mar 2023 02:55:12 GMT[\r][\n]"
23:55:12.105 [Test worker] DEBUG com.github.dockerjava.zerodep.shaded.org.apache.hc.client5.http.wire - http-outgoing-2 << "Docker-Experimental: false[\r][\n]"
23:55:12.105 [Test worker] DEBUG com.github.dockerjava.zerodep.shaded.org.apache.hc.client5.http.wire - http-outgoing-2 << "Ostype: linux[\r][\n]"
23:55:12.105 [Test worker] DEBUG com.github.dockerjava.zerodep.shaded.org.apache.hc.client5.http.wire - http-outgoing-2 << "Server: Docker/20.10.21 (linux)[\r][\n]"
23:55:12.105 [Test worker] DEBUG com.github.dockerjava.zerodep.shaded.org.apache.hc.client5.http.wire - http-outgoing-2 << "Transfer-Encoding: chunked[\r][\n]"
23:55:12.105 [Test worker] DEBUG com.github.dockerjava.zerodep.shaded.org.apache.hc.client5.http.wire - http-outgoing-2 << "[\r][\n]"
23:55:12.106 [Test worker] DEBUG com.github.dockerjava.zerodep.shaded.org.apache.hc.client5.http.headers - http-outgoing-2 << HTTP/1.1 200 OK
23:55:12.106 [Test worker] DEBUG com.github.dockerjava.zerodep.shaded.org.apache.hc.client5.http.headers - http-outgoing-2 << Api-Version: 1.41
23:55:12.106 [Test worker] DEBUG com.github.dockerjava.zerodep.shaded.org.apache.hc.client5.http.headers - http-outgoing-2 << Content-Type: application/json
23:55:12.106 [Test worker] DEBUG com.github.dockerjava.zerodep.shaded.org.apache.hc.client5.http.headers - http-outgoing-2 << Date: Mon, 27 Mar 2023 02:55:12 GMT
23:55:12.106 [Test worker] DEBUG com.github.dockerjava.zerodep.shaded.org.apache.hc.client5.http.headers - http-outgoing-2 << Docker-Experimental: false
23:55:12.106 [Test worker] DEBUG com.github.dockerjava.zerodep.shaded.org.apache.hc.client5.http.headers - http-outgoing-2 << Ostype: linux
23:55:12.106 [Test worker] DEBUG com.github.dockerjava.zerodep.shaded.org.apache.hc.client5.http.headers - http-outgoing-2 << Server: Docker/20.10.21 (linux)
23:55:12.106 [Test worker] DEBUG com.github.dockerjava.zerodep.shaded.org.apache.hc.client5.http.headers - http-outgoing-2 << Transfer-Encoding: chunked
23:55:12.106 [Test worker] DEBUG com.github.dockerjava.zerodep.shaded.org.apache.hc.client5.http.impl.classic.MainClientExec - ex-0000005A: connection can be kept alive for 3 MINUTES
23:55:12.108 [Test worker] DEBUG com.github.dockerjava.zerodep.shaded.org.apache.hc.client5.http.wire - http-outgoing-2 << "18c1[\r][\n]"
23:55:12.108 [Test worker] DEBUG com.github.dockerjava.zerodep.shaded.org.apache.hc.client5.http.wire - http-outgoing-2 << "{"Id":"c37a42694b7d1cff581f5e7b89a60b044af4721181408c271e821f1413201ca6","Created":"2023-03-27T02:55:02.49734542Z","Path":"docker-entrypoint.sh","Args":["mysqld"],"State":{"Status":"running","Running":true,"Paused":false,"Restarting":false,"OOMKilled":false,"Dead":false,"Pid":18342,"ExitCode":0,"Error":"","StartedAt":"2023-03-27T02:55:03.12719392Z","FinishedAt":"0001-01-01T00:00:00Z"},"Image":"sha256:c7c54c29e20dccc1aefb936c8eba8bb8b98b87a4921102aba87fde2df5810af9","ResolvConfPath":"/var/lib/docker/containers/c37a42694b7d1cff581f5e7b89a60b044af4721181408c271e821f1413201ca6/resolv.conf","HostnamePath":"/var/lib/docker/containers/c37a42694b7d1cff581f5e7b89a60b044af4721181408c271e821f1413201ca6/hostname","HostsPath":"/var/lib/docker/containers/c37a42694b7d1cff581f5e7b89a60b044af4721181408c271e821f1413201ca6/hosts","LogPath":"/var/lib/docker/containers/c37a42694b7d1cff581f5e7b89a60b044af4721181408c271e821f1413201ca6/c37a42694b7d1cff581f5e7b89a60b044af4721181408c271e821f1413201ca6-json.log","Name":"/elegant_mahavira","RestartCount":0,"Driver":"overlay2","Platform":"linux","MountLabel":"","ProcessLabel":"","AppArmorProfile":"","ExecIDs":null,"HostConfig":{"Binds":[],"ContainerIDFile":"","LogConfig":{"Type":"json-file","Config":{}},"NetworkMode":"default","PortBindings":{"3306/tcp":[{"HostIp":"0.0.0.0","HostPort":"0"}]},"RestartPolicy":{"Name":"","MaximumRetryCount":0},"AutoRemove":false,"VolumeDriver":"","VolumesFrom":[],"CapAdd":null,"CapDrop":null,"CgroupnsMode":"private","Dns":null,"DnsOptions":null,"DnsSearch":null,"ExtraHosts":[],"GroupAdd":null,"IpcMode":"shareable","Cgroup":"","Links":null,"OomScoreAdj":0,"PidMode":"","Privileged":false,"PublishAllPorts":false,"ReadonlyRootfs":false,"SecurityOpt":null,"UTSMode":"","UsernsMode":"","ShmSize":67108864,"Runtime":"runc","ConsoleSize":[0,0],"Isolation":"","CpuShares":0,"Memory":0,"NanoCpus":0,"CgroupParent":"","BlkioWeight":0,"BlkioWeightDevice":null,"BlkioDeviceReadBps":null,"BlkioDeviceWriteBps":null,"BlkioDeviceReadIOps":null,"BlkioDeviceWriteIOps":null,"CpuPeriod":0,"CpuQuota":0,"CpuRealtimePeriod":0,"CpuRealtimeRuntime":0,"CpusetCpus":"","CpusetMems":"","Devices":null,"DeviceCgroupRules":null,"DeviceRequests":null,"KernelMemory":0,"KernelMemoryTCP":0,"MemoryReservation":0,"MemorySwap":0,"MemorySwappiness":null,"OomKillDisable":null,"PidsLimit":null,"Ulimits":null,"CpuCount":0,"CpuPercent":0,"IOMaximumIOps":0,"IOMaximumBandwidth":0,"MaskedPaths":["/proc/asound","/proc/acpi","/proc/kcore","/proc/keys","/proc/latency_stats","/proc/timer_list","/proc/timer_stats","/proc/sched_debug","/proc/scsi","/sys/firmware"],"ReadonlyPaths":["/proc/bus","/proc/fs","/proc/irq","/proc/sys","/proc/sysrq-trigger"]},"GraphDriver":{"Data":{"LowerDir":"/var/lib/docker/overlay2/2c15a904a49807090175d7750f18e0f6a57e99c38a424839679cbaf676a4d500-init/diff:/var/lib/docker/overlay2/1bd8849d7a296305617011f940aa5cfabbe972a513397b1b6bbc27639b6c1f30/diff:/var/lib/docker/overlay2/199d69b2fbf78af4d4c95dec4fd2f8835ab0347eb49fb20ebb2ff3b99fedd6ad/diff:/var/lib/docker/overlay2/d83c38d654989311f75b9491329846033bfb7714de76ef635380dcfad5c740d9/diff:/var/lib/docker/overlay2/08600d0aea2ab2728bebcf5d2589c640a842f53d1ba3c4a4adccb4d03b923cf6/diff:/var/lib/docker/overlay2/9ec7c63a3fb14d13ac788bbf5e282ca821edc41260b79944e5e631037d13ecda/diff:/var/lib/docker/overlay2/db601d7a1b4ea6da638db620462f0da96fa55c559d02269c9ddb09027936ed87/diff:/var/lib/docker/overlay2/a6d2bd03f942e2565f21e74cfe152c7ec836a1c2b583f0790c685b92bdcfda24/diff:/var/lib/docker/overlay2/9badd16ea2c5e2bf1fde8b579683e41137dfc46ed5449234149f199a6751cc84/diff:/var/lib/docker/overlay2/6efb85646ed12e2d1181ef4cc6f6f6732c00c15a4035fe17ebc4f075ca573c30/diff:/var/lib/docker/overlay2/895d7c0ec09144d6ed33936f4e98e11c18010f7abd708cae1ce43aec7a7f2621/diff:/var/lib/docker/overlay2/1c4ba77aa573ab6e5e5069fd15eae71b3da940bde0f97a922a227ffc8a1d1096/diff","MergedDir":"/var/lib/docker/overlay2/2c15a904a49807090175d7750f18e0f6a57e99c38a424839679cbaf676a4d500/merged","UpperDir":"/var/lib/docker/overlay2/2c15a904a49807090175d7750f18e0f6a57e99c38a424839679cbaf676a4d500/diff","WorkDir":"/var/lib/docker/overlay2/2c15a904a49807090175d7750f18e0f6a57e99c38a424839679cbaf676a4d500/work"},"Name":"overlay2"},"Mounts":[{"Type":"volume","Name":"44a9389ce95a2961210e86afd6afe42b23405f43157b5dc00e010d283c01df79","Source":"/var/lib/docker/volumes/44a9389ce95a2961210e86afd6afe42b23405f43157b5dc00e010d283c01df79/_data","Destination":"/var/lib/mysql","Driver":"local","Mode":"","RW":true,"Propagation":""}],"Config":{"Hostname":"c37a42694b7d","Domainname":"","User":"","AttachStdin":false,"AttachStdout":false,"AttachStderr":false,"ExposedPorts":{"3306/tcp":{},"33060/tcp":{}},"Tty":false,"OpenStdin":false,"StdinOnce":false,"Env":["MYSQL_DATABASE=adm_videos","MYSQL_PASSWORD=123456","MYSQL_ROOT_PASSWORD=123456","PATH=/usr/local/sbin:/usr/local/bin:/usr/sbin:/usr/bin:/sbin:/bin","GOSU_VERSION=1.16","MYSQL_MAJOR=8.0","MYSQL_VERSION=8.0.32-1.el8","MYSQL_SHELL_VERSION=8.0.32-1.el8"],"Cmd":["mysqld"],"Image":"mysql:latest","Volumes":{"/var/lib/mysql":{}},"WorkingDir":"","Entrypoint":["docker-entrypoint.sh"],"OnBuild":null,"Labels":{"org.testcontainers":"true","org.testcontainers.lang":"java","org.testcontainers.sessionId":"818a13d9-e138-4e41-b5a4-74fd927e6a2d","org.testcontainers.version":"1.17.6"}},"NetworkSettings":{"Bridge":"","SandboxID":"bd1f3a626f226e407a1a406212013b21c93b302c93f9fd53a405b7fc5ff825b3","HairpinMode":false,"LinkLocalIPv6Address":"","LinkLocalIPv6PrefixLen":0,"Ports":{"3306/tcp":[{"HostIp":"0.0.0.0","HostPort":"56289"}],"33060/tcp":null},"SandboxKey":"/var/run/docker/netns/bd1f3a626f22","SecondaryIPAddresses":null,"SecondaryIPv6Addresses":null,"EndpointID":"a2b725c0c5ce4503f8e45e0c2adc4455b29a53a4866d3f23b2bce893a084641f","Gateway":"172.17.0.1","GlobalIPv6Address":"","GlobalIPv6PrefixLen":0,"IPAddress":"172.17.0.3","IPPrefixLen":16,"IPv6Gateway":"","MacAddress":"02:42:ac:11:00:03","Networks":{"bridge":{"IPAMConfig":null,"Links":null,"Aliases":null,"NetworkID":"308e234c143065751b16b4500cb9f48d5c7fc2116504b3d816a5e51cd4771062","EndpointID":"a2b725c0c5ce4503f8e45e0c2adc4455b29a53a4866d3f23b2bce893a084641f","Gateway":"172.17.0.1","IPAddress":"172.17.0.3","IPPrefixLen":16,"IPv6Gateway":"","GlobalIPv6Address":"","GlobalIPv6PrefixLen":0,"MacAddress":"02:42:ac:11:00:03","DriverOpts":null}}}}[\n]"
23:55:12.108 [Test worker] DEBUG com.github.dockerjava.zerodep.shaded.org.apache.hc.client5.http.wire - http-outgoing-2 << "[\r][\n]"
23:55:12.109 [Test worker] DEBUG com.github.dockerjava.zerodep.shaded.org.apache.hc.client5.http.wire - http-outgoing-2 << "0[\r][\n]"
23:55:12.109 [Test worker] DEBUG com.github.dockerjava.zerodep.shaded.org.apache.hc.client5.http.wire - http-outgoing-2 << "[\r][\n]"
23:55:12.109 [Test worker] DEBUG com.github.dockerjava.zerodep.shaded.org.apache.hc.client5.http.impl.classic.InternalHttpClient - ep-00000059: releasing valid endpoint
23:55:12.109 [Test worker] DEBUG com.github.dockerjava.zerodep.shaded.org.apache.hc.client5.http.impl.io.PoolingHttpClientConnectionManager - ep-00000059: releasing endpoint
23:55:12.109 [Test worker] DEBUG com.github.dockerjava.zerodep.shaded.org.apache.hc.client5.http.impl.io.PoolingHttpClientConnectionManager - ep-00000059: connection http-outgoing-2 can be kept alive for 3 MINUTES
23:55:12.109 [Test worker] DEBUG com.github.dockerjava.zerodep.shaded.org.apache.hc.client5.http.impl.io.PoolingHttpClientConnectionManager - ep-00000059: connection released [route: {}->unix://localhost:2375][total available: 1; route allocated: 1 of 2147483647; total allocated: 1 of 2147483647]
23:55:12.109 [Test worker] DEBUG ]]>&#x1f433;<![CDATA[ [mysql:latest] - Trying to create JDBC connection using com.mysql.cj.jdbc.Driver to jdbc:mysql://localhost:56289/adm_videos?useSSL=false&allowPublicKeyRetrieval=true with properties: {password=123456, user=root}
23:55:12.212 [Test worker] DEBUG org.testcontainers.shaded.com.github.dockerjava.core.command.AbstrDockerCmd - Cmd: c37a42694b7d1cff581f5e7b89a60b044af4721181408c271e821f1413201ca6,false
23:55:12.212 [Test worker] DEBUG org.testcontainers.shaded.com.github.dockerjava.core.exec.InspectContainerCmdExec - GET: DefaultWebTarget{path=[/containers/c37a42694b7d1cff581f5e7b89a60b044af4721181408c271e821f1413201ca6/json], queryParams={}}
23:55:12.212 [Test worker] DEBUG com.github.dockerjava.zerodep.shaded.org.apache.hc.client5.http.impl.classic.InternalHttpClient - ex-0000005B: preparing request execution
23:55:12.212 [Test worker] DEBUG com.github.dockerjava.zerodep.shaded.org.apache.hc.client5.http.protocol.RequestAddCookies - Cookie spec selected: strict
23:55:12.212 [Test worker] DEBUG com.github.dockerjava.zerodep.shaded.org.apache.hc.client5.http.protocol.RequestAuthCache - Auth cache not set in the context
23:55:12.212 [Test worker] DEBUG com.github.dockerjava.zerodep.shaded.org.apache.hc.client5.http.impl.classic.ProtocolExec - ex-0000005B: target auth state: UNCHALLENGED
23:55:12.213 [Test worker] DEBUG com.github.dockerjava.zerodep.shaded.org.apache.hc.client5.http.impl.classic.ProtocolExec - ex-0000005B: proxy auth state: UNCHALLENGED
23:55:12.213 [Test worker] DEBUG com.github.dockerjava.zerodep.shaded.org.apache.hc.client5.http.impl.classic.ConnectExec - ex-0000005B: acquiring connection with route {}->unix://localhost:2375
23:55:12.213 [Test worker] DEBUG com.github.dockerjava.zerodep.shaded.org.apache.hc.client5.http.impl.classic.InternalHttpClient - ex-0000005B: acquiring endpoint (3 MINUTES)
23:55:12.213 [Test worker] DEBUG com.github.dockerjava.zerodep.shaded.org.apache.hc.client5.http.impl.io.PoolingHttpClientConnectionManager - ex-0000005B: endpoint lease request (3 MINUTES) [route: {}->unix://localhost:2375][total available: 1; route allocated: 1 of 2147483647; total allocated: 1 of 2147483647]
23:55:12.213 [Test worker] DEBUG com.github.dockerjava.zerodep.shaded.org.apache.hc.client5.http.impl.io.PoolingHttpClientConnectionManager - ex-0000005B: endpoint leased [route: {}->unix://localhost:2375][total available: 0; route allocated: 1 of 2147483647; total allocated: 1 of 2147483647]
23:55:12.213 [Test worker] DEBUG com.github.dockerjava.zerodep.shaded.org.apache.hc.client5.http.impl.io.PoolingHttpClientConnectionManager - ex-0000005B: acquired ep-0000005A
23:55:12.213 [Test worker] DEBUG com.github.dockerjava.zerodep.shaded.org.apache.hc.client5.http.impl.classic.InternalHttpClient - ex-0000005B: acquired endpoint ep-0000005A
23:55:12.213 [Test worker] DEBUG com.github.dockerjava.zerodep.shaded.org.apache.hc.client5.http.impl.classic.MainClientExec - ex-0000005B: executing GET /v1.32/containers/c37a42694b7d1cff581f5e7b89a60b044af4721181408c271e821f1413201ca6/json HTTP/1.1
23:55:12.213 [Test worker] DEBUG com.github.dockerjava.zerodep.shaded.org.apache.hc.client5.http.impl.classic.InternalHttpClient - ep-0000005A: start execution ex-0000005B
23:55:12.213 [Test worker] DEBUG com.github.dockerjava.zerodep.shaded.org.apache.hc.client5.http.impl.io.PoolingHttpClientConnectionManager - ep-0000005A: executing exchange ex-0000005B over http-outgoing-2
23:55:12.213 [Test worker] DEBUG com.github.dockerjava.zerodep.shaded.org.apache.hc.client5.http.headers - http-outgoing-2 >> GET /v1.32/containers/c37a42694b7d1cff581f5e7b89a60b044af4721181408c271e821f1413201ca6/json HTTP/1.1
23:55:12.213 [Test worker] DEBUG com.github.dockerjava.zerodep.shaded.org.apache.hc.client5.http.headers - http-outgoing-2 >> accept: application/json
23:55:12.213 [Test worker] DEBUG com.github.dockerjava.zerodep.shaded.org.apache.hc.client5.http.headers - http-outgoing-2 >> x-tc-sid: 818a13d9-e138-4e41-b5a4-74fd927e6a2d
23:55:12.213 [Test worker] DEBUG com.github.dockerjava.zerodep.shaded.org.apache.hc.client5.http.headers - http-outgoing-2 >> Accept-Encoding: gzip, x-gzip, deflate
23:55:12.213 [Test worker] DEBUG com.github.dockerjava.zerodep.shaded.org.apache.hc.client5.http.headers - http-outgoing-2 >> Host: localhost:2375
23:55:12.213 [Test worker] DEBUG com.github.dockerjava.zerodep.shaded.org.apache.hc.client5.http.headers - http-outgoing-2 >> Connection: keep-alive
23:55:12.213 [Test worker] DEBUG com.github.dockerjava.zerodep.shaded.org.apache.hc.client5.http.headers - http-outgoing-2 >> User-Agent: Apache-HttpClient/5.0.3 (Java/17.0.2)
23:55:12.213 [Test worker] DEBUG com.github.dockerjava.zerodep.shaded.org.apache.hc.client5.http.wire - http-outgoing-2 >> "GET /v1.32/containers/c37a42694b7d1cff581f5e7b89a60b044af4721181408c271e821f1413201ca6/json HTTP/1.1[\r][\n]"
23:55:12.213 [Test worker] DEBUG com.github.dockerjava.zerodep.shaded.org.apache.hc.client5.http.wire - http-outgoing-2 >> "accept: application/json[\r][\n]"
23:55:12.213 [Test worker] DEBUG com.github.dockerjava.zerodep.shaded.org.apache.hc.client5.http.wire - http-outgoing-2 >> "x-tc-sid: 818a13d9-e138-4e41-b5a4-74fd927e6a2d[\r][\n]"
23:55:12.213 [Test worker] DEBUG com.github.dockerjava.zerodep.shaded.org.apache.hc.client5.http.wire - http-outgoing-2 >> "Accept-Encoding: gzip, x-gzip, deflate[\r][\n]"
23:55:12.213 [Test worker] DEBUG com.github.dockerjava.zerodep.shaded.org.apache.hc.client5.http.wire - http-outgoing-2 >> "Host: localhost:2375[\r][\n]"
23:55:12.213 [Test worker] DEBUG com.github.dockerjava.zerodep.shaded.org.apache.hc.client5.http.wire - http-outgoing-2 >> "Connection: keep-alive[\r][\n]"
23:55:12.213 [Test worker] DEBUG com.github.dockerjava.zerodep.shaded.org.apache.hc.client5.http.wire - http-outgoing-2 >> "User-Agent: Apache-HttpClient/5.0.3 (Java/17.0.2)[\r][\n]"
23:55:12.213 [Test worker] DEBUG com.github.dockerjava.zerodep.shaded.org.apache.hc.client5.http.wire - http-outgoing-2 >> "[\r][\n]"
23:55:12.215 [Test worker] DEBUG com.github.dockerjava.zerodep.shaded.org.apache.hc.client5.http.wire - http-outgoing-2 << "HTTP/1.1 200 OK[\r][\n]"
23:55:12.215 [Test worker] DEBUG com.github.dockerjava.zerodep.shaded.org.apache.hc.client5.http.wire - http-outgoing-2 << "Api-Version: 1.41[\r][\n]"
23:55:12.215 [Test worker] DEBUG com.github.dockerjava.zerodep.shaded.org.apache.hc.client5.http.wire - http-outgoing-2 << "Content-Type: application/json[\r][\n]"
23:55:12.215 [Test worker] DEBUG com.github.dockerjava.zerodep.shaded.org.apache.hc.client5.http.wire - http-outgoing-2 << "Date: Mon, 27 Mar 2023 02:55:12 GMT[\r][\n]"
23:55:12.215 [Test worker] DEBUG com.github.dockerjava.zerodep.shaded.org.apache.hc.client5.http.wire - http-outgoing-2 << "Docker-Experimental: false[\r][\n]"
23:55:12.215 [Test worker] DEBUG com.github.dockerjava.zerodep.shaded.org.apache.hc.client5.http.wire - http-outgoing-2 << "Ostype: linux[\r][\n]"
23:55:12.217 [Test worker] DEBUG com.github.dockerjava.zerodep.shaded.org.apache.hc.client5.http.wire - http-outgoing-2 << "Server: Docker/20.10.21 (linux)[\r][\n]"
23:55:12.217 [Test worker] DEBUG com.github.dockerjava.zerodep.shaded.org.apache.hc.client5.http.wire - http-outgoing-2 << "Transfer-Encoding: chunked[\r][\n]"
23:55:12.217 [Test worker] DEBUG com.github.dockerjava.zerodep.shaded.org.apache.hc.client5.http.wire - http-outgoing-2 << "[\r][\n]"
23:55:12.217 [Test worker] DEBUG com.github.dockerjava.zerodep.shaded.org.apache.hc.client5.http.headers - http-outgoing-2 << HTTP/1.1 200 OK
23:55:12.217 [Test worker] DEBUG com.github.dockerjava.zerodep.shaded.org.apache.hc.client5.http.headers - http-outgoing-2 << Api-Version: 1.41
23:55:12.217 [Test worker] DEBUG com.github.dockerjava.zerodep.shaded.org.apache.hc.client5.http.headers - http-outgoing-2 << Content-Type: application/json
23:55:12.217 [Test worker] DEBUG com.github.dockerjava.zerodep.shaded.org.apache.hc.client5.http.headers - http-outgoing-2 << Date: Mon, 27 Mar 2023 02:55:12 GMT
23:55:12.217 [Test worker] DEBUG com.github.dockerjava.zerodep.shaded.org.apache.hc.client5.http.headers - http-outgoing-2 << Docker-Experimental: false
23:55:12.217 [Test worker] DEBUG com.github.dockerjava.zerodep.shaded.org.apache.hc.client5.http.headers - http-outgoing-2 << Ostype: linux
23:55:12.217 [Test worker] DEBUG com.github.dockerjava.zerodep.shaded.org.apache.hc.client5.http.headers - http-outgoing-2 << Server: Docker/20.10.21 (linux)
23:55:12.217 [Test worker] DEBUG com.github.dockerjava.zerodep.shaded.org.apache.hc.client5.http.headers - http-outgoing-2 << Transfer-Encoding: chunked
23:55:12.217 [Test worker] DEBUG com.github.dockerjava.zerodep.shaded.org.apache.hc.client5.http.impl.classic.MainClientExec - ex-0000005B: connection can be kept alive for 3 MINUTES
23:55:12.217 [Test worker] DEBUG com.github.dockerjava.zerodep.shaded.org.apache.hc.client5.http.wire - http-outgoing-2 << "18c1[\r][\n]"
23:55:12.217 [Test worker] DEBUG com.github.dockerjava.zerodep.shaded.org.apache.hc.client5.http.wire - http-outgoing-2 << "{"Id":"c37a42694b7d1cff581f5e7b89a60b044af4721181408c271e821f1413201ca6","Created":"2023-03-27T02:55:02.49734542Z","Path":"docker-entrypoint.sh","Args":["mysqld"],"State":{"Status":"running","Running":true,"Paused":false,"Restarting":false,"OOMKilled":false,"Dead":false,"Pid":18342,"ExitCode":0,"Error":"","StartedAt":"2023-03-27T02:55:03.12719392Z","FinishedAt":"0001-01-01T00:00:00Z"},"Image":"sha256:c7c54c29e20dccc1aefb936c8eba8bb8b98b87a4921102aba87fde2df5810af9","ResolvConfPath":"/var/lib/docker/containers/c37a42694b7d1cff581f5e7b89a60b044af4721181408c271e821f1413201ca6/resolv.conf","HostnamePath":"/var/lib/docker/containers/c37a42694b7d1cff581f5e7b89a60b044af4721181408c271e821f1413201ca6/hostname","HostsPath":"/var/lib/docker/containers/c37a42694b7d1cff581f5e7b89a60b044af4721181408c271e821f1413201ca6/hosts","LogPath":"/var/lib/docker/containers/c37a42694b7d1cff581f5e7b89a60b044af4721181408c271e821f1413201ca6/c37a42694b7d1cff581f5e7b89a60b044af4721181408c271e821f1413201ca6-json.log","Name":"/elegant_mahavira","RestartCount":0,"Driver":"overlay2","Platform":"linux","MountLabel":"","ProcessLabel":"","AppArmorProfile":"","ExecIDs":null,"HostConfig":{"Binds":[],"ContainerIDFile":"","LogConfig":{"Type":"json-file","Config":{}},"NetworkMode":"default","PortBindings":{"3306/tcp":[{"HostIp":"0.0.0.0","HostPort":"0"}]},"RestartPolicy":{"Name":"","MaximumRetryCount":0},"AutoRemove":false,"VolumeDriver":"","VolumesFrom":[],"CapAdd":null,"CapDrop":null,"CgroupnsMode":"private","Dns":null,"DnsOptions":null,"DnsSearch":null,"ExtraHosts":[],"GroupAdd":null,"IpcMode":"shareable","Cgroup":"","Links":null,"OomScoreAdj":0,"PidMode":"","Privileged":false,"PublishAllPorts":false,"ReadonlyRootfs":false,"SecurityOpt":null,"UTSMode":"","UsernsMode":"","ShmSize":67108864,"Runtime":"runc","ConsoleSize":[0,0],"Isolation":"","CpuShares":0,"Memory":0,"NanoCpus":0,"CgroupParent":"","BlkioWeight":0,"BlkioWeightDevice":null,"BlkioDeviceReadBps":null,"BlkioDeviceWriteBps":null,"BlkioDeviceReadIOps":null,"BlkioDeviceWriteIOps":null,"CpuPeriod":0,"CpuQuota":0,"CpuRealtimePeriod":0,"CpuRealtimeRuntime":0,"CpusetCpus":"","CpusetMems":"","Devices":null,"DeviceCgroupRules":null,"DeviceRequests":null,"KernelMemory":0,"KernelMemoryTCP":0,"MemoryReservation":0,"MemorySwap":0,"MemorySwappiness":null,"OomKillDisable":null,"PidsLimit":null,"Ulimits":null,"CpuCount":0,"CpuPercent":0,"IOMaximumIOps":0,"IOMaximumBandwidth":0,"MaskedPaths":["/proc/asound","/proc/acpi","/proc/kcore","/proc/keys","/proc/latency_stats","/proc/timer_list","/proc/timer_stats","/proc/sched_debug","/proc/scsi","/sys/firmware"],"ReadonlyPaths":["/proc/bus","/proc/fs","/proc/irq","/proc/sys","/proc/sysrq-trigger"]},"GraphDriver":{"Data":{"LowerDir":"/var/lib/docker/overlay2/2c15a904a49807090175d7750f18e0f6a57e99c38a424839679cbaf676a4d500-init/diff:/var/lib/docker/overlay2/1bd8849d7a296305617011f940aa5cfabbe972a513397b1b6bbc27639b6c1f30/diff:/var/lib/docker/overlay2/199d69b2fbf78af4d4c95dec4fd2f8835ab0347eb49fb20ebb2ff3b99fedd6ad/diff:/var/lib/docker/overlay2/d83c38d654989311f75b9491329846033bfb7714de76ef635380dcfad5c740d9/diff:/var/lib/docker/overlay2/08600d0aea2ab2728bebcf5d2589c640a842f53d1ba3c4a4adccb4d03b923cf6/diff:/var/lib/docker/overlay2/9ec7c63a3fb14d13ac788bbf5e282ca821edc41260b79944e5e631037d13ecda/diff:/var/lib/docker/overlay2/db601d7a1b4ea6da638db620462f0da96fa55c559d02269c9ddb09027936ed87/diff:/var/lib/docker/overlay2/a6d2bd03f942e2565f21e74cfe152c7ec836a1c2b583f0790c685b92bdcfda24/diff:/var/lib/docker/overlay2/9badd16ea2c5e2bf1fde8b579683e41137dfc46ed5449234149f199a6751cc84/diff:/var/lib/docker/overlay2/6efb85646ed12e2d1181ef4cc6f6f6732c00c15a4035fe17ebc4f075ca573c30/diff:/var/lib/docker/overlay2/895d7c0ec09144d6ed33936f4e98e11c18010f7abd708cae1ce43aec7a7f2621/diff:/var/lib/docker/overlay2/1c4ba77aa573ab6e5e5069fd15eae71b3da940bde0f97a922a227ffc8a1d1096/diff","MergedDir":"/var/lib/docker/overlay2/2c15a904a49807090175d7750f18e0f6a57e99c38a424839679cbaf676a4d500/merged","UpperDir":"/var/lib/docker/overlay2/2c15a904a49807090175d7750f18e0f6a57e99c38a424839679cbaf676a4d500/diff","WorkDir":"/var/lib/docker/overlay2/2c15a904a49807090175d7750f18e0f6a57e99c38a424839679cbaf676a4d500/work"},"Name":"overlay2"},"Mounts":[{"Type":"volume","Name":"44a9389ce95a2961210e86afd6afe42b23405f43157b5dc00e010d283c01df79","Source":"/var/lib/docker/volumes/44a9389ce95a2961210e86afd6afe42b23405f43157b5dc00e010d283c01df79/_data","Destination":"/var/lib/mysql","Driver":"local","Mode":"","RW":true,"Propagation":""}],"Config":{"Hostname":"c37a42694b7d","Domainname":"","User":"","AttachStdin":false,"AttachStdout":false,"AttachStderr":false,"ExposedPorts":{"3306/tcp":{},"33060/tcp":{}},"Tty":false,"OpenStdin":false,"StdinOnce":false,"Env":["MYSQL_DATABASE=adm_videos","MYSQL_PASSWORD=123456","MYSQL_ROOT_PASSWORD=123456","PATH=/usr/local/sbin:/usr/local/bin:/usr/sbin:/usr/bin:/sbin:/bin","GOSU_VERSION=1.16","MYSQL_MAJOR=8.0","MYSQL_VERSION=8.0.32-1.el8","MYSQL_SHELL_VERSION=8.0.32-1.el8"],"Cmd":["mysqld"],"Image":"mysql:latest","Volumes":{"/var/lib/mysql":{}},"WorkingDir":"","Entrypoint":["docker-entrypoint.sh"],"OnBuild":null,"Labels":{"org.testcontainers":"true","org.testcontainers.lang":"java","org.testcontainers.sessionId":"818a13d9-e138-4e41-b5a4-74fd927e6a2d","org.testcontainers.version":"1.17.6"}},"NetworkSettings":{"Bridge":"","SandboxID":"bd1f3a626f226e407a1a406212013b21c93b302c93f9fd53a405b7fc5ff825b3","HairpinMode":false,"LinkLocalIPv6Address":"","LinkLocalIPv6PrefixLen":0,"Ports":{"3306/tcp":[{"HostIp":"0.0.0.0","HostPort":"56289"}],"33060/tcp":null},"SandboxKey":"/var/run/docker/netns/bd1f3a626f22","SecondaryIPAddresses":null,"SecondaryIPv6Addresses":null,"EndpointID":"a2b725c0c5ce4503f8e45e0c2adc4455b29a53a4866d3f23b2bce893a084641f","Gateway":"172.17.0.1","GlobalIPv6Address":"","GlobalIPv6PrefixLen":0,"IPAddress":"172.17.0.3","IPPrefixLen":16,"IPv6Gateway":"","MacAddress":"02:42:ac:11:00:03","Networks":{"bridge":{"IPAMConfig":null,"Links":null,"Aliases":null,"NetworkID":"308e234c143065751b16b4500cb9f48d5c7fc2116504b3d816a5e51cd4771062","EndpointID":"a2b725c0c5ce4503f8e45e0c2adc4455b29a53a4866d3f23b2bce893a084641f","Gateway":"172.17.0.1","IPAddress":"172.17.0.3","IPPrefixLen":16,"IPv6Gateway":"","GlobalIPv6Address":"","GlobalIPv6PrefixLen":0,"MacAddress":"02:42:ac:11:00:03","DriverOpts":null}}}}[\n]"
23:55:12.217 [Test worker] DEBUG com.github.dockerjava.zerodep.shaded.org.apache.hc.client5.http.wire - http-outgoing-2 << "[\r][\n]"
23:55:12.217 [Test worker] DEBUG com.github.dockerjava.zerodep.shaded.org.apache.hc.client5.http.wire - http-outgoing-2 << "0[\r][\n]"
23:55:12.217 [Test worker] DEBUG com.github.dockerjava.zerodep.shaded.org.apache.hc.client5.http.wire - http-outgoing-2 << "[\r][\n]"
23:55:12.218 [Test worker] DEBUG com.github.dockerjava.zerodep.shaded.org.apache.hc.client5.http.impl.classic.InternalHttpClient - ep-0000005A: releasing valid endpoint
23:55:12.218 [Test worker] DEBUG com.github.dockerjava.zerodep.shaded.org.apache.hc.client5.http.impl.io.PoolingHttpClientConnectionManager - ep-0000005A: releasing endpoint
23:55:12.219 [Test worker] DEBUG com.github.dockerjava.zerodep.shaded.org.apache.hc.client5.http.impl.io.PoolingHttpClientConnectionManager - ep-0000005A: connection http-outgoing-2 can be kept alive for 3 MINUTES
23:55:12.219 [Test worker] DEBUG com.github.dockerjava.zerodep.shaded.org.apache.hc.client5.http.impl.io.PoolingHttpClientConnectionManager - ep-0000005A: connection released [route: {}->unix://localhost:2375][total available: 1; route allocated: 1 of 2147483647; total allocated: 1 of 2147483647]
23:55:12.219 [Test worker] DEBUG ]]>&#x1f433;<![CDATA[ [mysql:latest] - Trying to create JDBC connection using com.mysql.cj.jdbc.Driver to jdbc:mysql://localhost:56289/adm_videos?useSSL=false&allowPublicKeyRetrieval=true with properties: {password=123456, user=root}
23:55:12.322 [Test worker] DEBUG org.testcontainers.shaded.com.github.dockerjava.core.command.AbstrDockerCmd - Cmd: c37a42694b7d1cff581f5e7b89a60b044af4721181408c271e821f1413201ca6,false
23:55:12.322 [Test worker] DEBUG org.testcontainers.shaded.com.github.dockerjava.core.exec.InspectContainerCmdExec - GET: DefaultWebTarget{path=[/containers/c37a42694b7d1cff581f5e7b89a60b044af4721181408c271e821f1413201ca6/json], queryParams={}}
23:55:12.322 [Test worker] DEBUG com.github.dockerjava.zerodep.shaded.org.apache.hc.client5.http.impl.classic.InternalHttpClient - ex-0000005C: preparing request execution
23:55:12.322 [Test worker] DEBUG com.github.dockerjava.zerodep.shaded.org.apache.hc.client5.http.protocol.RequestAddCookies - Cookie spec selected: strict
23:55:12.322 [Test worker] DEBUG com.github.dockerjava.zerodep.shaded.org.apache.hc.client5.http.protocol.RequestAuthCache - Auth cache not set in the context
23:55:12.322 [Test worker] DEBUG com.github.dockerjava.zerodep.shaded.org.apache.hc.client5.http.impl.classic.ProtocolExec - ex-0000005C: target auth state: UNCHALLENGED
23:55:12.322 [Test worker] DEBUG com.github.dockerjava.zerodep.shaded.org.apache.hc.client5.http.impl.classic.ProtocolExec - ex-0000005C: proxy auth state: UNCHALLENGED
23:55:12.322 [Test worker] DEBUG com.github.dockerjava.zerodep.shaded.org.apache.hc.client5.http.impl.classic.ConnectExec - ex-0000005C: acquiring connection with route {}->unix://localhost:2375
23:55:12.322 [Test worker] DEBUG com.github.dockerjava.zerodep.shaded.org.apache.hc.client5.http.impl.classic.InternalHttpClient - ex-0000005C: acquiring endpoint (3 MINUTES)
23:55:12.323 [Test worker] DEBUG com.github.dockerjava.zerodep.shaded.org.apache.hc.client5.http.impl.io.PoolingHttpClientConnectionManager - ex-0000005C: endpoint lease request (3 MINUTES) [route: {}->unix://localhost:2375][total available: 1; route allocated: 1 of 2147483647; total allocated: 1 of 2147483647]
23:55:12.323 [Test worker] DEBUG com.github.dockerjava.zerodep.shaded.org.apache.hc.client5.http.impl.io.PoolingHttpClientConnectionManager - ex-0000005C: endpoint leased [route: {}->unix://localhost:2375][total available: 0; route allocated: 1 of 2147483647; total allocated: 1 of 2147483647]
23:55:12.323 [Test worker] DEBUG com.github.dockerjava.zerodep.shaded.org.apache.hc.client5.http.impl.io.PoolingHttpClientConnectionManager - ex-0000005C: acquired ep-0000005B
23:55:12.323 [Test worker] DEBUG com.github.dockerjava.zerodep.shaded.org.apache.hc.client5.http.impl.classic.InternalHttpClient - ex-0000005C: acquired endpoint ep-0000005B
23:55:12.323 [Test worker] DEBUG com.github.dockerjava.zerodep.shaded.org.apache.hc.client5.http.impl.classic.MainClientExec - ex-0000005C: executing GET /v1.32/containers/c37a42694b7d1cff581f5e7b89a60b044af4721181408c271e821f1413201ca6/json HTTP/1.1
23:55:12.323 [Test worker] DEBUG com.github.dockerjava.zerodep.shaded.org.apache.hc.client5.http.impl.classic.InternalHttpClient - ep-0000005B: start execution ex-0000005C
23:55:12.323 [Test worker] DEBUG com.github.dockerjava.zerodep.shaded.org.apache.hc.client5.http.impl.io.PoolingHttpClientConnectionManager - ep-0000005B: executing exchange ex-0000005C over http-outgoing-2
23:55:12.323 [Test worker] DEBUG com.github.dockerjava.zerodep.shaded.org.apache.hc.client5.http.headers - http-outgoing-2 >> GET /v1.32/containers/c37a42694b7d1cff581f5e7b89a60b044af4721181408c271e821f1413201ca6/json HTTP/1.1
23:55:12.323 [Test worker] DEBUG com.github.dockerjava.zerodep.shaded.org.apache.hc.client5.http.headers - http-outgoing-2 >> accept: application/json
23:55:12.323 [Test worker] DEBUG com.github.dockerjava.zerodep.shaded.org.apache.hc.client5.http.headers - http-outgoing-2 >> x-tc-sid: 818a13d9-e138-4e41-b5a4-74fd927e6a2d
23:55:12.323 [Test worker] DEBUG com.github.dockerjava.zerodep.shaded.org.apache.hc.client5.http.headers - http-outgoing-2 >> Accept-Encoding: gzip, x-gzip, deflate
23:55:12.323 [Test worker] DEBUG com.github.dockerjava.zerodep.shaded.org.apache.hc.client5.http.headers - http-outgoing-2 >> Host: localhost:2375
23:55:12.323 [Test worker] DEBUG com.github.dockerjava.zerodep.shaded.org.apache.hc.client5.http.headers - http-outgoing-2 >> Connection: keep-alive
23:55:12.323 [Test worker] DEBUG com.github.dockerjava.zerodep.shaded.org.apache.hc.client5.http.headers - http-outgoing-2 >> User-Agent: Apache-HttpClient/5.0.3 (Java/17.0.2)
23:55:12.323 [Test worker] DEBUG com.github.dockerjava.zerodep.shaded.org.apache.hc.client5.http.wire - http-outgoing-2 >> "GET /v1.32/containers/c37a42694b7d1cff581f5e7b89a60b044af4721181408c271e821f1413201ca6/json HTTP/1.1[\r][\n]"
23:55:12.323 [Test worker] DEBUG com.github.dockerjava.zerodep.shaded.org.apache.hc.client5.http.wire - http-outgoing-2 >> "accept: application/json[\r][\n]"
23:55:12.323 [Test worker] DEBUG com.github.dockerjava.zerodep.shaded.org.apache.hc.client5.http.wire - http-outgoing-2 >> "x-tc-sid: 818a13d9-e138-4e41-b5a4-74fd927e6a2d[\r][\n]"
23:55:12.323 [Test worker] DEBUG com.github.dockerjava.zerodep.shaded.org.apache.hc.client5.http.wire - http-outgoing-2 >> "Accept-Encoding: gzip, x-gzip, deflate[\r][\n]"
23:55:12.323 [Test worker] DEBUG com.github.dockerjava.zerodep.shaded.org.apache.hc.client5.http.wire - http-outgoing-2 >> "Host: localhost:2375[\r][\n]"
23:55:12.323 [Test worker] DEBUG com.github.dockerjava.zerodep.shaded.org.apache.hc.client5.http.wire - http-outgoing-2 >> "Connection: keep-alive[\r][\n]"
23:55:12.323 [Test worker] DEBUG com.github.dockerjava.zerodep.shaded.org.apache.hc.client5.http.wire - http-outgoing-2 >> "User-Agent: Apache-HttpClient/5.0.3 (Java/17.0.2)[\r][\n]"
23:55:12.323 [Test worker] DEBUG com.github.dockerjava.zerodep.shaded.org.apache.hc.client5.http.wire - http-outgoing-2 >> "[\r][\n]"
23:55:12.326 [Test worker] DEBUG com.github.dockerjava.zerodep.shaded.org.apache.hc.client5.http.wire - http-outgoing-2 << "HTTP/1.1 200 OK[\r][\n]"
23:55:12.327 [Test worker] DEBUG com.github.dockerjava.zerodep.shaded.org.apache.hc.client5.http.wire - http-outgoing-2 << "Api-Version: 1.41[\r][\n]"
23:55:12.327 [Test worker] DEBUG com.github.dockerjava.zerodep.shaded.org.apache.hc.client5.http.wire - http-outgoing-2 << "Content-Type: application/json[\r][\n]"
23:55:12.327 [Test worker] DEBUG com.github.dockerjava.zerodep.shaded.org.apache.hc.client5.http.wire - http-outgoing-2 << "Date: Mon, 27 Mar 2023 02:55:12 GMT[\r][\n]"
23:55:12.327 [Test worker] DEBUG com.github.dockerjava.zerodep.shaded.org.apache.hc.client5.http.wire - http-outgoing-2 << "Docker-Experimental: false[\r][\n]"
23:55:12.327 [Test worker] DEBUG com.github.dockerjava.zerodep.shaded.org.apache.hc.client5.http.wire - http-outgoing-2 << "Ostype: linux[\r][\n]"
23:55:12.327 [Test worker] DEBUG com.github.dockerjava.zerodep.shaded.org.apache.hc.client5.http.wire - http-outgoing-2 << "Server: Docker/20.10.21 (linux)[\r][\n]"
23:55:12.327 [Test worker] DEBUG com.github.dockerjava.zerodep.shaded.org.apache.hc.client5.http.wire - http-outgoing-2 << "Transfer-Encoding: chunked[\r][\n]"
23:55:12.327 [Test worker] DEBUG com.github.dockerjava.zerodep.shaded.org.apache.hc.client5.http.wire - http-outgoing-2 << "[\r][\n]"
23:55:12.327 [Test worker] DEBUG com.github.dockerjava.zerodep.shaded.org.apache.hc.client5.http.headers - http-outgoing-2 << HTTP/1.1 200 OK
23:55:12.327 [Test worker] DEBUG com.github.dockerjava.zerodep.shaded.org.apache.hc.client5.http.headers - http-outgoing-2 << Api-Version: 1.41
23:55:12.327 [Test worker] DEBUG com.github.dockerjava.zerodep.shaded.org.apache.hc.client5.http.headers - http-outgoing-2 << Content-Type: application/json
23:55:12.327 [Test worker] DEBUG com.github.dockerjava.zerodep.shaded.org.apache.hc.client5.http.headers - http-outgoing-2 << Date: Mon, 27 Mar 2023 02:55:12 GMT
23:55:12.327 [Test worker] DEBUG com.github.dockerjava.zerodep.shaded.org.apache.hc.client5.http.headers - http-outgoing-2 << Docker-Experimental: false
23:55:12.327 [Test worker] DEBUG com.github.dockerjava.zerodep.shaded.org.apache.hc.client5.http.headers - http-outgoing-2 << Ostype: linux
23:55:12.327 [Test worker] DEBUG com.github.dockerjava.zerodep.shaded.org.apache.hc.client5.http.headers - http-outgoing-2 << Server: Docker/20.10.21 (linux)
23:55:12.327 [Test worker] DEBUG com.github.dockerjava.zerodep.shaded.org.apache.hc.client5.http.headers - http-outgoing-2 << Transfer-Encoding: chunked
23:55:12.327 [Test worker] DEBUG com.github.dockerjava.zerodep.shaded.org.apache.hc.client5.http.impl.classic.MainClientExec - ex-0000005C: connection can be kept alive for 3 MINUTES
23:55:12.329 [Test worker] DEBUG com.github.dockerjava.zerodep.shaded.org.apache.hc.client5.http.wire - http-outgoing-2 << "18c1[\r][\n]"
23:55:12.329 [Test worker] DEBUG com.github.dockerjava.zerodep.shaded.org.apache.hc.client5.http.wire - http-outgoing-2 << "{"Id":"c37a42694b7d1cff581f5e7b89a60b044af4721181408c271e821f1413201ca6","Created":"2023-03-27T02:55:02.49734542Z","Path":"docker-entrypoint.sh","Args":["mysqld"],"State":{"Status":"running","Running":true,"Paused":false,"Restarting":false,"OOMKilled":false,"Dead":false,"Pid":18342,"ExitCode":0,"Error":"","StartedAt":"2023-03-27T02:55:03.12719392Z","FinishedAt":"0001-01-01T00:00:00Z"},"Image":"sha256:c7c54c29e20dccc1aefb936c8eba8bb8b98b87a4921102aba87fde2df5810af9","ResolvConfPath":"/var/lib/docker/containers/c37a42694b7d1cff581f5e7b89a60b044af4721181408c271e821f1413201ca6/resolv.conf","HostnamePath":"/var/lib/docker/containers/c37a42694b7d1cff581f5e7b89a60b044af4721181408c271e821f1413201ca6/hostname","HostsPath":"/var/lib/docker/containers/c37a42694b7d1cff581f5e7b89a60b044af4721181408c271e821f1413201ca6/hosts","LogPath":"/var/lib/docker/containers/c37a42694b7d1cff581f5e7b89a60b044af4721181408c271e821f1413201ca6/c37a42694b7d1cff581f5e7b89a60b044af4721181408c271e821f1413201ca6-json.log","Name":"/elegant_mahavira","RestartCount":0,"Driver":"overlay2","Platform":"linux","MountLabel":"","ProcessLabel":"","AppArmorProfile":"","ExecIDs":null,"HostConfig":{"Binds":[],"ContainerIDFile":"","LogConfig":{"Type":"json-file","Config":{}},"NetworkMode":"default","PortBindings":{"3306/tcp":[{"HostIp":"0.0.0.0","HostPort":"0"}]},"RestartPolicy":{"Name":"","MaximumRetryCount":0},"AutoRemove":false,"VolumeDriver":"","VolumesFrom":[],"CapAdd":null,"CapDrop":null,"CgroupnsMode":"private","Dns":null,"DnsOptions":null,"DnsSearch":null,"ExtraHosts":[],"GroupAdd":null,"IpcMode":"shareable","Cgroup":"","Links":null,"OomScoreAdj":0,"PidMode":"","Privileged":false,"PublishAllPorts":false,"ReadonlyRootfs":false,"SecurityOpt":null,"UTSMode":"","UsernsMode":"","ShmSize":67108864,"Runtime":"runc","ConsoleSize":[0,0],"Isolation":"","CpuShares":0,"Memory":0,"NanoCpus":0,"CgroupParent":"","BlkioWeight":0,"BlkioWeightDevice":null,"BlkioDeviceReadBps":null,"BlkioDeviceWriteBps":null,"BlkioDeviceReadIOps":null,"BlkioDeviceWriteIOps":null,"CpuPeriod":0,"CpuQuota":0,"CpuRealtimePeriod":0,"CpuRealtimeRuntime":0,"CpusetCpus":"","CpusetMems":"","Devices":null,"DeviceCgroupRules":null,"DeviceRequests":null,"KernelMemory":0,"KernelMemoryTCP":0,"MemoryReservation":0,"MemorySwap":0,"MemorySwappiness":null,"OomKillDisable":null,"PidsLimit":null,"Ulimits":null,"CpuCount":0,"CpuPercent":0,"IOMaximumIOps":0,"IOMaximumBandwidth":0,"MaskedPaths":["/proc/asound","/proc/acpi","/proc/kcore","/proc/keys","/proc/latency_stats","/proc/timer_list","/proc/timer_stats","/proc/sched_debug","/proc/scsi","/sys/firmware"],"ReadonlyPaths":["/proc/bus","/proc/fs","/proc/irq","/proc/sys","/proc/sysrq-trigger"]},"GraphDriver":{"Data":{"LowerDir":"/var/lib/docker/overlay2/2c15a904a49807090175d7750f18e0f6a57e99c38a424839679cbaf676a4d500-init/diff:/var/lib/docker/overlay2/1bd8849d7a296305617011f940aa5cfabbe972a513397b1b6bbc27639b6c1f30/diff:/var/lib/docker/overlay2/199d69b2fbf78af4d4c95dec4fd2f8835ab0347eb49fb20ebb2ff3b99fedd6ad/diff:/var/lib/docker/overlay2/d83c38d654989311f75b9491329846033bfb7714de76ef635380dcfad5c740d9/diff:/var/lib/docker/overlay2/08600d0aea2ab2728bebcf5d2589c640a842f53d1ba3c4a4adccb4d03b923cf6/diff:/var/lib/docker/overlay2/9ec7c63a3fb14d13ac788bbf5e282ca821edc41260b79944e5e631037d13ecda/diff:/var/lib/docker/overlay2/db601d7a1b4ea6da638db620462f0da96fa55c559d02269c9ddb09027936ed87/diff:/var/lib/docker/overlay2/a6d2bd03f942e2565f21e74cfe152c7ec836a1c2b583f0790c685b92bdcfda24/diff:/var/lib/docker/overlay2/9badd16ea2c5e2bf1fde8b579683e41137dfc46ed5449234149f199a6751cc84/diff:/var/lib/docker/overlay2/6efb85646ed12e2d1181ef4cc6f6f6732c00c15a4035fe17ebc4f075ca573c30/diff:/var/lib/docker/overlay2/895d7c0ec09144d6ed33936f4e98e11c18010f7abd708cae1ce43aec7a7f2621/diff:/var/lib/docker/overlay2/1c4ba77aa573ab6e5e5069fd15eae71b3da940bde0f97a922a227ffc8a1d1096/diff","MergedDir":"/var/lib/docker/overlay2/2c15a904a49807090175d7750f18e0f6a57e99c38a424839679cbaf676a4d500/merged","UpperDir":"/var/lib/docker/overlay2/2c15a904a49807090175d7750f18e0f6a57e99c38a424839679cbaf676a4d500/diff","WorkDir":"/var/lib/docker/overlay2/2c15a904a49807090175d7750f18e0f6a57e99c38a424839679cbaf676a4d500/work"},"Name":"overlay2"},"Mounts":[{"Type":"volume","Name":"44a9389ce95a2961210e86afd6afe42b23405f43157b5dc00e010d283c01df79","Source":"/var/lib/docker/volumes/44a9389ce95a2961210e86afd6afe42b23405f43157b5dc00e010d283c01df79/_data","Destination":"/var/lib/mysql","Driver":"local","Mode":"","RW":true,"Propagation":""}],"Config":{"Hostname":"c37a42694b7d","Domainname":"","User":"","AttachStdin":false,"AttachStdout":false,"AttachStderr":false,"ExposedPorts":{"3306/tcp":{},"33060/tcp":{}},"Tty":false,"OpenStdin":false,"StdinOnce":false,"Env":["MYSQL_DATABASE=adm_videos","MYSQL_PASSWORD=123456","MYSQL_ROOT_PASSWORD=123456","PATH=/usr/local/sbin:/usr/local/bin:/usr/sbin:/usr/bin:/sbin:/bin","GOSU_VERSION=1.16","MYSQL_MAJOR=8.0","MYSQL_VERSION=8.0.32-1.el8","MYSQL_SHELL_VERSION=8.0.32-1.el8"],"Cmd":["mysqld"],"Image":"mysql:latest","Volumes":{"/var/lib/mysql":{}},"WorkingDir":"","Entrypoint":["docker-entrypoint.sh"],"OnBuild":null,"Labels":{"org.testcontainers":"true","org.testcontainers.lang":"java","org.testcontainers.sessionId":"818a13d9-e138-4e41-b5a4-74fd927e6a2d","org.testcontainers.version":"1.17.6"}},"NetworkSettings":{"Bridge":"","SandboxID":"bd1f3a626f226e407a1a406212013b21c93b302c93f9fd53a405b7fc5ff825b3","HairpinMode":false,"LinkLocalIPv6Address":"","LinkLocalIPv6PrefixLen":0,"Ports":{"3306/tcp":[{"HostIp":"0.0.0.0","HostPort":"56289"}],"33060/tcp":null},"SandboxKey":"/var/run/docker/netns/bd1f3a626f22","SecondaryIPAddresses":null,"SecondaryIPv6Addresses":null,"EndpointID":"a2b725c0c5ce4503f8e45e0c2adc4455b29a53a4866d3f23b2bce893a084641f","Gateway":"172.17.0.1","GlobalIPv6Address":"","GlobalIPv6PrefixLen":0,"IPAddress":"172.17.0.3","IPPrefixLen":16,"IPv6Gateway":"","MacAddress":"02:42:ac:11:00:03","Networks":{"bridge":{"IPAMConfig":null,"Links":null,"Aliases":null,"NetworkID":"308e234c143065751b16b4500cb9f48d5c7fc2116504b3d816a5e51cd4771062","EndpointID":"a2b725c0c5ce4503f8e45e0c2adc4455b29a53a4866d3f23b2bce893a084641f","Gateway":"172.17.0.1","IPAddress":"172.17.0.3","IPPrefixLen":16,"IPv6Gateway":"","GlobalIPv6Address":"","GlobalIPv6PrefixLen":0,"MacAddress":"02:42:ac:11:00:03","DriverOpts":null}}}}[\n]"
23:55:12.329 [Test worker] DEBUG com.github.dockerjava.zerodep.shaded.org.apache.hc.client5.http.wire - http-outgoing-2 << "[\r][\n]"
23:55:12.330 [Test worker] DEBUG com.github.dockerjava.zerodep.shaded.org.apache.hc.client5.http.wire - http-outgoing-2 << "0[\r][\n]"
23:55:12.330 [Test worker] DEBUG com.github.dockerjava.zerodep.shaded.org.apache.hc.client5.http.wire - http-outgoing-2 << "[\r][\n]"
23:55:12.330 [Test worker] DEBUG com.github.dockerjava.zerodep.shaded.org.apache.hc.client5.http.impl.classic.InternalHttpClient - ep-0000005B: releasing valid endpoint
23:55:12.330 [Test worker] DEBUG com.github.dockerjava.zerodep.shaded.org.apache.hc.client5.http.impl.io.PoolingHttpClientConnectionManager - ep-0000005B: releasing endpoint
23:55:12.330 [Test worker] DEBUG com.github.dockerjava.zerodep.shaded.org.apache.hc.client5.http.impl.io.PoolingHttpClientConnectionManager - ep-0000005B: connection http-outgoing-2 can be kept alive for 3 MINUTES
23:55:12.330 [Test worker] DEBUG com.github.dockerjava.zerodep.shaded.org.apache.hc.client5.http.impl.io.PoolingHttpClientConnectionManager - ep-0000005B: connection released [route: {}->unix://localhost:2375][total available: 1; route allocated: 1 of 2147483647; total allocated: 1 of 2147483647]
23:55:12.330 [Test worker] DEBUG ]]>&#x1f433;<![CDATA[ [mysql:latest] - Trying to create JDBC connection using com.mysql.cj.jdbc.Driver to jdbc:mysql://localhost:56289/adm_videos?useSSL=false&allowPublicKeyRetrieval=true with properties: {password=123456, user=root}
23:55:12.436 [Test worker] DEBUG org.testcontainers.shaded.com.github.dockerjava.core.command.AbstrDockerCmd - Cmd: c37a42694b7d1cff581f5e7b89a60b044af4721181408c271e821f1413201ca6,false
23:55:12.437 [Test worker] DEBUG org.testcontainers.shaded.com.github.dockerjava.core.exec.InspectContainerCmdExec - GET: DefaultWebTarget{path=[/containers/c37a42694b7d1cff581f5e7b89a60b044af4721181408c271e821f1413201ca6/json], queryParams={}}
23:55:12.437 [Test worker] DEBUG com.github.dockerjava.zerodep.shaded.org.apache.hc.client5.http.impl.classic.InternalHttpClient - ex-0000005D: preparing request execution
23:55:12.437 [Test worker] DEBUG com.github.dockerjava.zerodep.shaded.org.apache.hc.client5.http.protocol.RequestAddCookies - Cookie spec selected: strict
23:55:12.437 [Test worker] DEBUG com.github.dockerjava.zerodep.shaded.org.apache.hc.client5.http.protocol.RequestAuthCache - Auth cache not set in the context
23:55:12.437 [Test worker] DEBUG com.github.dockerjava.zerodep.shaded.org.apache.hc.client5.http.impl.classic.ProtocolExec - ex-0000005D: target auth state: UNCHALLENGED
23:55:12.437 [Test worker] DEBUG com.github.dockerjava.zerodep.shaded.org.apache.hc.client5.http.impl.classic.ProtocolExec - ex-0000005D: proxy auth state: UNCHALLENGED
23:55:12.437 [Test worker] DEBUG com.github.dockerjava.zerodep.shaded.org.apache.hc.client5.http.impl.classic.ConnectExec - ex-0000005D: acquiring connection with route {}->unix://localhost:2375
23:55:12.437 [Test worker] DEBUG com.github.dockerjava.zerodep.shaded.org.apache.hc.client5.http.impl.classic.InternalHttpClient - ex-0000005D: acquiring endpoint (3 MINUTES)
23:55:12.437 [Test worker] DEBUG com.github.dockerjava.zerodep.shaded.org.apache.hc.client5.http.impl.io.PoolingHttpClientConnectionManager - ex-0000005D: endpoint lease request (3 MINUTES) [route: {}->unix://localhost:2375][total available: 1; route allocated: 1 of 2147483647; total allocated: 1 of 2147483647]
23:55:12.437 [Test worker] DEBUG com.github.dockerjava.zerodep.shaded.org.apache.hc.client5.http.impl.io.PoolingHttpClientConnectionManager - ex-0000005D: endpoint leased [route: {}->unix://localhost:2375][total available: 0; route allocated: 1 of 2147483647; total allocated: 1 of 2147483647]
23:55:12.437 [Test worker] DEBUG com.github.dockerjava.zerodep.shaded.org.apache.hc.client5.http.impl.io.PoolingHttpClientConnectionManager - ex-0000005D: acquired ep-0000005C
23:55:12.437 [Test worker] DEBUG com.github.dockerjava.zerodep.shaded.org.apache.hc.client5.http.impl.classic.InternalHttpClient - ex-0000005D: acquired endpoint ep-0000005C
23:55:12.437 [Test worker] DEBUG com.github.dockerjava.zerodep.shaded.org.apache.hc.client5.http.impl.classic.MainClientExec - ex-0000005D: executing GET /v1.32/containers/c37a42694b7d1cff581f5e7b89a60b044af4721181408c271e821f1413201ca6/json HTTP/1.1
23:55:12.437 [Test worker] DEBUG com.github.dockerjava.zerodep.shaded.org.apache.hc.client5.http.impl.classic.InternalHttpClient - ep-0000005C: start execution ex-0000005D
23:55:12.437 [Test worker] DEBUG com.github.dockerjava.zerodep.shaded.org.apache.hc.client5.http.impl.io.PoolingHttpClientConnectionManager - ep-0000005C: executing exchange ex-0000005D over http-outgoing-2
23:55:12.437 [Test worker] DEBUG com.github.dockerjava.zerodep.shaded.org.apache.hc.client5.http.headers - http-outgoing-2 >> GET /v1.32/containers/c37a42694b7d1cff581f5e7b89a60b044af4721181408c271e821f1413201ca6/json HTTP/1.1
23:55:12.437 [Test worker] DEBUG com.github.dockerjava.zerodep.shaded.org.apache.hc.client5.http.headers - http-outgoing-2 >> accept: application/json
23:55:12.437 [Test worker] DEBUG com.github.dockerjava.zerodep.shaded.org.apache.hc.client5.http.headers - http-outgoing-2 >> x-tc-sid: 818a13d9-e138-4e41-b5a4-74fd927e6a2d
23:55:12.437 [Test worker] DEBUG com.github.dockerjava.zerodep.shaded.org.apache.hc.client5.http.headers - http-outgoing-2 >> Accept-Encoding: gzip, x-gzip, deflate
23:55:12.437 [Test worker] DEBUG com.github.dockerjava.zerodep.shaded.org.apache.hc.client5.http.headers - http-outgoing-2 >> Host: localhost:2375
23:55:12.437 [Test worker] DEBUG com.github.dockerjava.zerodep.shaded.org.apache.hc.client5.http.headers - http-outgoing-2 >> Connection: keep-alive
23:55:12.437 [Test worker] DEBUG com.github.dockerjava.zerodep.shaded.org.apache.hc.client5.http.headers - http-outgoing-2 >> User-Agent: Apache-HttpClient/5.0.3 (Java/17.0.2)
23:55:12.437 [Test worker] DEBUG com.github.dockerjava.zerodep.shaded.org.apache.hc.client5.http.wire - http-outgoing-2 >> "GET /v1.32/containers/c37a42694b7d1cff581f5e7b89a60b044af4721181408c271e821f1413201ca6/json HTTP/1.1[\r][\n]"
23:55:12.437 [Test worker] DEBUG com.github.dockerjava.zerodep.shaded.org.apache.hc.client5.http.wire - http-outgoing-2 >> "accept: application/json[\r][\n]"
23:55:12.437 [Test worker] DEBUG com.github.dockerjava.zerodep.shaded.org.apache.hc.client5.http.wire - http-outgoing-2 >> "x-tc-sid: 818a13d9-e138-4e41-b5a4-74fd927e6a2d[\r][\n]"
23:55:12.437 [Test worker] DEBUG com.github.dockerjava.zerodep.shaded.org.apache.hc.client5.http.wire - http-outgoing-2 >> "Accept-Encoding: gzip, x-gzip, deflate[\r][\n]"
23:55:12.437 [Test worker] DEBUG com.github.dockerjava.zerodep.shaded.org.apache.hc.client5.http.wire - http-outgoing-2 >> "Host: localhost:2375[\r][\n]"
23:55:12.437 [Test worker] DEBUG com.github.dockerjava.zerodep.shaded.org.apache.hc.client5.http.wire - http-outgoing-2 >> "Connection: keep-alive[\r][\n]"
23:55:12.437 [Test worker] DEBUG com.github.dockerjava.zerodep.shaded.org.apache.hc.client5.http.wire - http-outgoing-2 >> "User-Agent: Apache-HttpClient/5.0.3 (Java/17.0.2)[\r][\n]"
23:55:12.437 [Test worker] DEBUG com.github.dockerjava.zerodep.shaded.org.apache.hc.client5.http.wire - http-outgoing-2 >> "[\r][\n]"
23:55:12.440 [Test worker] DEBUG com.github.dockerjava.zerodep.shaded.org.apache.hc.client5.http.wire - http-outgoing-2 << "HTTP/1.1 200 OK[\r][\n]"
23:55:12.440 [Test worker] DEBUG com.github.dockerjava.zerodep.shaded.org.apache.hc.client5.http.wire - http-outgoing-2 << "Api-Version: 1.41[\r][\n]"
23:55:12.440 [Test worker] DEBUG com.github.dockerjava.zerodep.shaded.org.apache.hc.client5.http.wire - http-outgoing-2 << "Content-Type: application/json[\r][\n]"
23:55:12.440 [Test worker] DEBUG com.github.dockerjava.zerodep.shaded.org.apache.hc.client5.http.wire - http-outgoing-2 << "Date: Mon, 27 Mar 2023 02:55:12 GMT[\r][\n]"
23:55:12.440 [Test worker] DEBUG com.github.dockerjava.zerodep.shaded.org.apache.hc.client5.http.wire - http-outgoing-2 << "Docker-Experimental: false[\r][\n]"
23:55:12.440 [Test worker] DEBUG com.github.dockerjava.zerodep.shaded.org.apache.hc.client5.http.wire - http-outgoing-2 << "Ostype: linux[\r][\n]"
23:55:12.440 [Test worker] DEBUG com.github.dockerjava.zerodep.shaded.org.apache.hc.client5.http.wire - http-outgoing-2 << "Server: Docker/20.10.21 (linux)[\r][\n]"
23:55:12.440 [Test worker] DEBUG com.github.dockerjava.zerodep.shaded.org.apache.hc.client5.http.wire - http-outgoing-2 << "Transfer-Encoding: chunked[\r][\n]"
23:55:12.440 [Test worker] DEBUG com.github.dockerjava.zerodep.shaded.org.apache.hc.client5.http.wire - http-outgoing-2 << "[\r][\n]"
23:55:12.440 [Test worker] DEBUG com.github.dockerjava.zerodep.shaded.org.apache.hc.client5.http.headers - http-outgoing-2 << HTTP/1.1 200 OK
23:55:12.440 [Test worker] DEBUG com.github.dockerjava.zerodep.shaded.org.apache.hc.client5.http.headers - http-outgoing-2 << Api-Version: 1.41
23:55:12.440 [Test worker] DEBUG com.github.dockerjava.zerodep.shaded.org.apache.hc.client5.http.headers - http-outgoing-2 << Content-Type: application/json
23:55:12.440 [Test worker] DEBUG com.github.dockerjava.zerodep.shaded.org.apache.hc.client5.http.headers - http-outgoing-2 << Date: Mon, 27 Mar 2023 02:55:12 GMT
23:55:12.440 [Test worker] DEBUG com.github.dockerjava.zerodep.shaded.org.apache.hc.client5.http.headers - http-outgoing-2 << Docker-Experimental: false
23:55:12.440 [Test worker] DEBUG com.github.dockerjava.zerodep.shaded.org.apache.hc.client5.http.headers - http-outgoing-2 << Ostype: linux
23:55:12.440 [Test worker] DEBUG com.github.dockerjava.zerodep.shaded.org.apache.hc.client5.http.headers - http-outgoing-2 << Server: Docker/20.10.21 (linux)
23:55:12.440 [Test worker] DEBUG com.github.dockerjava.zerodep.shaded.org.apache.hc.client5.http.headers - http-outgoing-2 << Transfer-Encoding: chunked
23:55:12.440 [Test worker] DEBUG com.github.dockerjava.zerodep.shaded.org.apache.hc.client5.http.impl.classic.MainClientExec - ex-0000005D: connection can be kept alive for 3 MINUTES
23:55:12.442 [Test worker] DEBUG com.github.dockerjava.zerodep.shaded.org.apache.hc.client5.http.wire - http-outgoing-2 << "18c1[\r][\n]"
23:55:12.443 [Test worker] DEBUG com.github.dockerjava.zerodep.shaded.org.apache.hc.client5.http.wire - http-outgoing-2 << "{"Id":"c37a42694b7d1cff581f5e7b89a60b044af4721181408c271e821f1413201ca6","Created":"2023-03-27T02:55:02.49734542Z","Path":"docker-entrypoint.sh","Args":["mysqld"],"State":{"Status":"running","Running":true,"Paused":false,"Restarting":false,"OOMKilled":false,"Dead":false,"Pid":18342,"ExitCode":0,"Error":"","StartedAt":"2023-03-27T02:55:03.12719392Z","FinishedAt":"0001-01-01T00:00:00Z"},"Image":"sha256:c7c54c29e20dccc1aefb936c8eba8bb8b98b87a4921102aba87fde2df5810af9","ResolvConfPath":"/var/lib/docker/containers/c37a42694b7d1cff581f5e7b89a60b044af4721181408c271e821f1413201ca6/resolv.conf","HostnamePath":"/var/lib/docker/containers/c37a42694b7d1cff581f5e7b89a60b044af4721181408c271e821f1413201ca6/hostname","HostsPath":"/var/lib/docker/containers/c37a42694b7d1cff581f5e7b89a60b044af4721181408c271e821f1413201ca6/hosts","LogPath":"/var/lib/docker/containers/c37a42694b7d1cff581f5e7b89a60b044af4721181408c271e821f1413201ca6/c37a42694b7d1cff581f5e7b89a60b044af4721181408c271e821f1413201ca6-json.log","Name":"/elegant_mahavira","RestartCount":0,"Driver":"overlay2","Platform":"linux","MountLabel":"","ProcessLabel":"","AppArmorProfile":"","ExecIDs":null,"HostConfig":{"Binds":[],"ContainerIDFile":"","LogConfig":{"Type":"json-file","Config":{}},"NetworkMode":"default","PortBindings":{"3306/tcp":[{"HostIp":"0.0.0.0","HostPort":"0"}]},"RestartPolicy":{"Name":"","MaximumRetryCount":0},"AutoRemove":false,"VolumeDriver":"","VolumesFrom":[],"CapAdd":null,"CapDrop":null,"CgroupnsMode":"private","Dns":null,"DnsOptions":null,"DnsSearch":null,"ExtraHosts":[],"GroupAdd":null,"IpcMode":"shareable","Cgroup":"","Links":null,"OomScoreAdj":0,"PidMode":"","Privileged":false,"PublishAllPorts":false,"ReadonlyRootfs":false,"SecurityOpt":null,"UTSMode":"","UsernsMode":"","ShmSize":67108864,"Runtime":"runc","ConsoleSize":[0,0],"Isolation":"","CpuShares":0,"Memory":0,"NanoCpus":0,"CgroupParent":"","BlkioWeight":0,"BlkioWeightDevice":null,"BlkioDeviceReadBps":null,"BlkioDeviceWriteBps":null,"BlkioDeviceReadIOps":null,"BlkioDeviceWriteIOps":null,"CpuPeriod":0,"CpuQuota":0,"CpuRealtimePeriod":0,"CpuRealtimeRuntime":0,"CpusetCpus":"","CpusetMems":"","Devices":null,"DeviceCgroupRules":null,"DeviceRequests":null,"KernelMemory":0,"KernelMemoryTCP":0,"MemoryReservation":0,"MemorySwap":0,"MemorySwappiness":null,"OomKillDisable":null,"PidsLimit":null,"Ulimits":null,"CpuCount":0,"CpuPercent":0,"IOMaximumIOps":0,"IOMaximumBandwidth":0,"MaskedPaths":["/proc/asound","/proc/acpi","/proc/kcore","/proc/keys","/proc/latency_stats","/proc/timer_list","/proc/timer_stats","/proc/sched_debug","/proc/scsi","/sys/firmware"],"ReadonlyPaths":["/proc/bus","/proc/fs","/proc/irq","/proc/sys","/proc/sysrq-trigger"]},"GraphDriver":{"Data":{"LowerDir":"/var/lib/docker/overlay2/2c15a904a49807090175d7750f18e0f6a57e99c38a424839679cbaf676a4d500-init/diff:/var/lib/docker/overlay2/1bd8849d7a296305617011f940aa5cfabbe972a513397b1b6bbc27639b6c1f30/diff:/var/lib/docker/overlay2/199d69b2fbf78af4d4c95dec4fd2f8835ab0347eb49fb20ebb2ff3b99fedd6ad/diff:/var/lib/docker/overlay2/d83c38d654989311f75b9491329846033bfb7714de76ef635380dcfad5c740d9/diff:/var/lib/docker/overlay2/08600d0aea2ab2728bebcf5d2589c640a842f53d1ba3c4a4adccb4d03b923cf6/diff:/var/lib/docker/overlay2/9ec7c63a3fb14d13ac788bbf5e282ca821edc41260b79944e5e631037d13ecda/diff:/var/lib/docker/overlay2/db601d7a1b4ea6da638db620462f0da96fa55c559d02269c9ddb09027936ed87/diff:/var/lib/docker/overlay2/a6d2bd03f942e2565f21e74cfe152c7ec836a1c2b583f0790c685b92bdcfda24/diff:/var/lib/docker/overlay2/9badd16ea2c5e2bf1fde8b579683e41137dfc46ed5449234149f199a6751cc84/diff:/var/lib/docker/overlay2/6efb85646ed12e2d1181ef4cc6f6f6732c00c15a4035fe17ebc4f075ca573c30/diff:/var/lib/docker/overlay2/895d7c0ec09144d6ed33936f4e98e11c18010f7abd708cae1ce43aec7a7f2621/diff:/var/lib/docker/overlay2/1c4ba77aa573ab6e5e5069fd15eae71b3da940bde0f97a922a227ffc8a1d1096/diff","MergedDir":"/var/lib/docker/overlay2/2c15a904a49807090175d7750f18e0f6a57e99c38a424839679cbaf676a4d500/merged","UpperDir":"/var/lib/docker/overlay2/2c15a904a49807090175d7750f18e0f6a57e99c38a424839679cbaf676a4d500/diff","WorkDir":"/var/lib/docker/overlay2/2c15a904a49807090175d7750f18e0f6a57e99c38a424839679cbaf676a4d500/work"},"Name":"overlay2"},"Mounts":[{"Type":"volume","Name":"44a9389ce95a2961210e86afd6afe42b23405f43157b5dc00e010d283c01df79","Source":"/var/lib/docker/volumes/44a9389ce95a2961210e86afd6afe42b23405f43157b5dc00e010d283c01df79/_data","Destination":"/var/lib/mysql","Driver":"local","Mode":"","RW":true,"Propagation":""}],"Config":{"Hostname":"c37a42694b7d","Domainname":"","User":"","AttachStdin":false,"AttachStdout":false,"AttachStderr":false,"ExposedPorts":{"3306/tcp":{},"33060/tcp":{}},"Tty":false,"OpenStdin":false,"StdinOnce":false,"Env":["MYSQL_DATABASE=adm_videos","MYSQL_PASSWORD=123456","MYSQL_ROOT_PASSWORD=123456","PATH=/usr/local/sbin:/usr/local/bin:/usr/sbin:/usr/bin:/sbin:/bin","GOSU_VERSION=1.16","MYSQL_MAJOR=8.0","MYSQL_VERSION=8.0.32-1.el8","MYSQL_SHELL_VERSION=8.0.32-1.el8"],"Cmd":["mysqld"],"Image":"mysql:latest","Volumes":{"/var/lib/mysql":{}},"WorkingDir":"","Entrypoint":["docker-entrypoint.sh"],"OnBuild":null,"Labels":{"org.testcontainers":"true","org.testcontainers.lang":"java","org.testcontainers.sessionId":"818a13d9-e138-4e41-b5a4-74fd927e6a2d","org.testcontainers.version":"1.17.6"}},"NetworkSettings":{"Bridge":"","SandboxID":"bd1f3a626f226e407a1a406212013b21c93b302c93f9fd53a405b7fc5ff825b3","HairpinMode":false,"LinkLocalIPv6Address":"","LinkLocalIPv6PrefixLen":0,"Ports":{"3306/tcp":[{"HostIp":"0.0.0.0","HostPort":"56289"}],"33060/tcp":null},"SandboxKey":"/var/run/docker/netns/bd1f3a626f22","SecondaryIPAddresses":null,"SecondaryIPv6Addresses":null,"EndpointID":"a2b725c0c5ce4503f8e45e0c2adc4455b29a53a4866d3f23b2bce893a084641f","Gateway":"172.17.0.1","GlobalIPv6Address":"","GlobalIPv6PrefixLen":0,"IPAddress":"172.17.0.3","IPPrefixLen":16,"IPv6Gateway":"","MacAddress":"02:42:ac:11:00:03","Networks":{"bridge":{"IPAMConfig":null,"Links":null,"Aliases":null,"NetworkID":"308e234c143065751b16b4500cb9f48d5c7fc2116504b3d816a5e51cd4771062","EndpointID":"a2b725c0c5ce4503f8e45e0c2adc4455b29a53a4866d3f23b2bce893a084641f","Gateway":"172.17.0.1","IPAddress":"172.17.0.3","IPPrefixLen":16,"IPv6Gateway":"","GlobalIPv6Address":"","GlobalIPv6PrefixLen":0,"MacAddress":"02:42:ac:11:00:03","DriverOpts":null}}}}[\n]"
23:55:12.443 [Test worker] DEBUG com.github.dockerjava.zerodep.shaded.org.apache.hc.client5.http.wire - http-outgoing-2 << "[\r][\n]"
23:55:12.444 [Test worker] DEBUG com.github.dockerjava.zerodep.shaded.org.apache.hc.client5.http.wire - http-outgoing-2 << "0[\r][\n]"
23:55:12.444 [Test worker] DEBUG com.github.dockerjava.zerodep.shaded.org.apache.hc.client5.http.wire - http-outgoing-2 << "[\r][\n]"
23:55:12.444 [Test worker] DEBUG com.github.dockerjava.zerodep.shaded.org.apache.hc.client5.http.impl.classic.InternalHttpClient - ep-0000005C: releasing valid endpoint
23:55:12.444 [Test worker] DEBUG com.github.dockerjava.zerodep.shaded.org.apache.hc.client5.http.impl.io.PoolingHttpClientConnectionManager - ep-0000005C: releasing endpoint
23:55:12.444 [Test worker] DEBUG com.github.dockerjava.zerodep.shaded.org.apache.hc.client5.http.impl.io.PoolingHttpClientConnectionManager - ep-0000005C: connection http-outgoing-2 can be kept alive for 3 MINUTES
23:55:12.444 [Test worker] DEBUG com.github.dockerjava.zerodep.shaded.org.apache.hc.client5.http.impl.io.PoolingHttpClientConnectionManager - ep-0000005C: connection released [route: {}->unix://localhost:2375][total available: 1; route allocated: 1 of 2147483647; total allocated: 1 of 2147483647]
23:55:12.444 [Test worker] DEBUG ]]>&#x1f433;<![CDATA[ [mysql:latest] - Trying to create JDBC connection using com.mysql.cj.jdbc.Driver to jdbc:mysql://localhost:56289/adm_videos?useSSL=false&allowPublicKeyRetrieval=true with properties: {password=123456, user=root}
23:55:12.546 [Test worker] DEBUG org.testcontainers.shaded.com.github.dockerjava.core.command.AbstrDockerCmd - Cmd: c37a42694b7d1cff581f5e7b89a60b044af4721181408c271e821f1413201ca6,false
23:55:12.547 [Test worker] DEBUG org.testcontainers.shaded.com.github.dockerjava.core.exec.InspectContainerCmdExec - GET: DefaultWebTarget{path=[/containers/c37a42694b7d1cff581f5e7b89a60b044af4721181408c271e821f1413201ca6/json], queryParams={}}
23:55:12.547 [Test worker] DEBUG com.github.dockerjava.zerodep.shaded.org.apache.hc.client5.http.impl.classic.InternalHttpClient - ex-0000005E: preparing request execution
23:55:12.547 [Test worker] DEBUG com.github.dockerjava.zerodep.shaded.org.apache.hc.client5.http.protocol.RequestAddCookies - Cookie spec selected: strict
23:55:12.547 [Test worker] DEBUG com.github.dockerjava.zerodep.shaded.org.apache.hc.client5.http.protocol.RequestAuthCache - Auth cache not set in the context
23:55:12.547 [Test worker] DEBUG com.github.dockerjava.zerodep.shaded.org.apache.hc.client5.http.impl.classic.ProtocolExec - ex-0000005E: target auth state: UNCHALLENGED
23:55:12.547 [Test worker] DEBUG com.github.dockerjava.zerodep.shaded.org.apache.hc.client5.http.impl.classic.ProtocolExec - ex-0000005E: proxy auth state: UNCHALLENGED
23:55:12.547 [Test worker] DEBUG com.github.dockerjava.zerodep.shaded.org.apache.hc.client5.http.impl.classic.ConnectExec - ex-0000005E: acquiring connection with route {}->unix://localhost:2375
23:55:12.547 [Test worker] DEBUG com.github.dockerjava.zerodep.shaded.org.apache.hc.client5.http.impl.classic.InternalHttpClient - ex-0000005E: acquiring endpoint (3 MINUTES)
23:55:12.547 [Test worker] DEBUG com.github.dockerjava.zerodep.shaded.org.apache.hc.client5.http.impl.io.PoolingHttpClientConnectionManager - ex-0000005E: endpoint lease request (3 MINUTES) [route: {}->unix://localhost:2375][total available: 1; route allocated: 1 of 2147483647; total allocated: 1 of 2147483647]
23:55:12.547 [Test worker] DEBUG com.github.dockerjava.zerodep.shaded.org.apache.hc.client5.http.impl.io.PoolingHttpClientConnectionManager - ex-0000005E: endpoint leased [route: {}->unix://localhost:2375][total available: 0; route allocated: 1 of 2147483647; total allocated: 1 of 2147483647]
23:55:12.547 [Test worker] DEBUG com.github.dockerjava.zerodep.shaded.org.apache.hc.client5.http.impl.io.PoolingHttpClientConnectionManager - ex-0000005E: acquired ep-0000005D
23:55:12.547 [Test worker] DEBUG com.github.dockerjava.zerodep.shaded.org.apache.hc.client5.http.impl.classic.InternalHttpClient - ex-0000005E: acquired endpoint ep-0000005D
23:55:12.547 [Test worker] DEBUG com.github.dockerjava.zerodep.shaded.org.apache.hc.client5.http.impl.classic.MainClientExec - ex-0000005E: executing GET /v1.32/containers/c37a42694b7d1cff581f5e7b89a60b044af4721181408c271e821f1413201ca6/json HTTP/1.1
23:55:12.547 [Test worker] DEBUG com.github.dockerjava.zerodep.shaded.org.apache.hc.client5.http.impl.classic.InternalHttpClient - ep-0000005D: start execution ex-0000005E
23:55:12.547 [Test worker] DEBUG com.github.dockerjava.zerodep.shaded.org.apache.hc.client5.http.impl.io.PoolingHttpClientConnectionManager - ep-0000005D: executing exchange ex-0000005E over http-outgoing-2
23:55:12.547 [Test worker] DEBUG com.github.dockerjava.zerodep.shaded.org.apache.hc.client5.http.headers - http-outgoing-2 >> GET /v1.32/containers/c37a42694b7d1cff581f5e7b89a60b044af4721181408c271e821f1413201ca6/json HTTP/1.1
23:55:12.547 [Test worker] DEBUG com.github.dockerjava.zerodep.shaded.org.apache.hc.client5.http.headers - http-outgoing-2 >> accept: application/json
23:55:12.547 [Test worker] DEBUG com.github.dockerjava.zerodep.shaded.org.apache.hc.client5.http.headers - http-outgoing-2 >> x-tc-sid: 818a13d9-e138-4e41-b5a4-74fd927e6a2d
23:55:12.547 [Test worker] DEBUG com.github.dockerjava.zerodep.shaded.org.apache.hc.client5.http.headers - http-outgoing-2 >> Accept-Encoding: gzip, x-gzip, deflate
23:55:12.547 [Test worker] DEBUG com.github.dockerjava.zerodep.shaded.org.apache.hc.client5.http.headers - http-outgoing-2 >> Host: localhost:2375
23:55:12.547 [Test worker] DEBUG com.github.dockerjava.zerodep.shaded.org.apache.hc.client5.http.headers - http-outgoing-2 >> Connection: keep-alive
23:55:12.547 [Test worker] DEBUG com.github.dockerjava.zerodep.shaded.org.apache.hc.client5.http.headers - http-outgoing-2 >> User-Agent: Apache-HttpClient/5.0.3 (Java/17.0.2)
23:55:12.547 [Test worker] DEBUG com.github.dockerjava.zerodep.shaded.org.apache.hc.client5.http.wire - http-outgoing-2 >> "GET /v1.32/containers/c37a42694b7d1cff581f5e7b89a60b044af4721181408c271e821f1413201ca6/json HTTP/1.1[\r][\n]"
23:55:12.547 [Test worker] DEBUG com.github.dockerjava.zerodep.shaded.org.apache.hc.client5.http.wire - http-outgoing-2 >> "accept: application/json[\r][\n]"
23:55:12.547 [Test worker] DEBUG com.github.dockerjava.zerodep.shaded.org.apache.hc.client5.http.wire - http-outgoing-2 >> "x-tc-sid: 818a13d9-e138-4e41-b5a4-74fd927e6a2d[\r][\n]"
23:55:12.547 [Test worker] DEBUG com.github.dockerjava.zerodep.shaded.org.apache.hc.client5.http.wire - http-outgoing-2 >> "Accept-Encoding: gzip, x-gzip, deflate[\r][\n]"
23:55:12.547 [Test worker] DEBUG com.github.dockerjava.zerodep.shaded.org.apache.hc.client5.http.wire - http-outgoing-2 >> "Host: localhost:2375[\r][\n]"
23:55:12.547 [Test worker] DEBUG com.github.dockerjava.zerodep.shaded.org.apache.hc.client5.http.wire - http-outgoing-2 >> "Connection: keep-alive[\r][\n]"
23:55:12.547 [Test worker] DEBUG com.github.dockerjava.zerodep.shaded.org.apache.hc.client5.http.wire - http-outgoing-2 >> "User-Agent: Apache-HttpClient/5.0.3 (Java/17.0.2)[\r][\n]"
23:55:12.547 [Test worker] DEBUG com.github.dockerjava.zerodep.shaded.org.apache.hc.client5.http.wire - http-outgoing-2 >> "[\r][\n]"
23:55:12.550 [Test worker] DEBUG com.github.dockerjava.zerodep.shaded.org.apache.hc.client5.http.wire - http-outgoing-2 << "HTTP/1.1 200 OK[\r][\n]"
23:55:12.550 [Test worker] DEBUG com.github.dockerjava.zerodep.shaded.org.apache.hc.client5.http.wire - http-outgoing-2 << "Api-Version: 1.41[\r][\n]"
23:55:12.550 [Test worker] DEBUG com.github.dockerjava.zerodep.shaded.org.apache.hc.client5.http.wire - http-outgoing-2 << "Content-Type: application/json[\r][\n]"
23:55:12.550 [Test worker] DEBUG com.github.dockerjava.zerodep.shaded.org.apache.hc.client5.http.wire - http-outgoing-2 << "Date: Mon, 27 Mar 2023 02:55:12 GMT[\r][\n]"
23:55:12.550 [Test worker] DEBUG com.github.dockerjava.zerodep.shaded.org.apache.hc.client5.http.wire - http-outgoing-2 << "Docker-Experimental: false[\r][\n]"
23:55:12.550 [Test worker] DEBUG com.github.dockerjava.zerodep.shaded.org.apache.hc.client5.http.wire - http-outgoing-2 << "Ostype: linux[\r][\n]"
23:55:12.550 [Test worker] DEBUG com.github.dockerjava.zerodep.shaded.org.apache.hc.client5.http.wire - http-outgoing-2 << "Server: Docker/20.10.21 (linux)[\r][\n]"
23:55:12.550 [Test worker] DEBUG com.github.dockerjava.zerodep.shaded.org.apache.hc.client5.http.wire - http-outgoing-2 << "Transfer-Encoding: chunked[\r][\n]"
23:55:12.550 [Test worker] DEBUG com.github.dockerjava.zerodep.shaded.org.apache.hc.client5.http.wire - http-outgoing-2 << "[\r][\n]"
23:55:12.550 [Test worker] DEBUG com.github.dockerjava.zerodep.shaded.org.apache.hc.client5.http.headers - http-outgoing-2 << HTTP/1.1 200 OK
23:55:12.550 [Test worker] DEBUG com.github.dockerjava.zerodep.shaded.org.apache.hc.client5.http.headers - http-outgoing-2 << Api-Version: 1.41
23:55:12.550 [Test worker] DEBUG com.github.dockerjava.zerodep.shaded.org.apache.hc.client5.http.headers - http-outgoing-2 << Content-Type: application/json
23:55:12.550 [Test worker] DEBUG com.github.dockerjava.zerodep.shaded.org.apache.hc.client5.http.headers - http-outgoing-2 << Date: Mon, 27 Mar 2023 02:55:12 GMT
23:55:12.550 [Test worker] DEBUG com.github.dockerjava.zerodep.shaded.org.apache.hc.client5.http.headers - http-outgoing-2 << Docker-Experimental: false
23:55:12.550 [Test worker] DEBUG com.github.dockerjava.zerodep.shaded.org.apache.hc.client5.http.headers - http-outgoing-2 << Ostype: linux
23:55:12.550 [Test worker] DEBUG com.github.dockerjava.zerodep.shaded.org.apache.hc.client5.http.headers - http-outgoing-2 << Server: Docker/20.10.21 (linux)
23:55:12.550 [Test worker] DEBUG com.github.dockerjava.zerodep.shaded.org.apache.hc.client5.http.headers - http-outgoing-2 << Transfer-Encoding: chunked
23:55:12.550 [Test worker] DEBUG com.github.dockerjava.zerodep.shaded.org.apache.hc.client5.http.impl.classic.MainClientExec - ex-0000005E: connection can be kept alive for 3 MINUTES
23:55:12.552 [Test worker] DEBUG com.github.dockerjava.zerodep.shaded.org.apache.hc.client5.http.wire - http-outgoing-2 << "18c1[\r][\n]"
23:55:12.552 [Test worker] DEBUG com.github.dockerjava.zerodep.shaded.org.apache.hc.client5.http.wire - http-outgoing-2 << "{"Id":"c37a42694b7d1cff581f5e7b89a60b044af4721181408c271e821f1413201ca6","Created":"2023-03-27T02:55:02.49734542Z","Path":"docker-entrypoint.sh","Args":["mysqld"],"State":{"Status":"running","Running":true,"Paused":false,"Restarting":false,"OOMKilled":false,"Dead":false,"Pid":18342,"ExitCode":0,"Error":"","StartedAt":"2023-03-27T02:55:03.12719392Z","FinishedAt":"0001-01-01T00:00:00Z"},"Image":"sha256:c7c54c29e20dccc1aefb936c8eba8bb8b98b87a4921102aba87fde2df5810af9","ResolvConfPath":"/var/lib/docker/containers/c37a42694b7d1cff581f5e7b89a60b044af4721181408c271e821f1413201ca6/resolv.conf","HostnamePath":"/var/lib/docker/containers/c37a42694b7d1cff581f5e7b89a60b044af4721181408c271e821f1413201ca6/hostname","HostsPath":"/var/lib/docker/containers/c37a42694b7d1cff581f5e7b89a60b044af4721181408c271e821f1413201ca6/hosts","LogPath":"/var/lib/docker/containers/c37a42694b7d1cff581f5e7b89a60b044af4721181408c271e821f1413201ca6/c37a42694b7d1cff581f5e7b89a60b044af4721181408c271e821f1413201ca6-json.log","Name":"/elegant_mahavira","RestartCount":0,"Driver":"overlay2","Platform":"linux","MountLabel":"","ProcessLabel":"","AppArmorProfile":"","ExecIDs":null,"HostConfig":{"Binds":[],"ContainerIDFile":"","LogConfig":{"Type":"json-file","Config":{}},"NetworkMode":"default","PortBindings":{"3306/tcp":[{"HostIp":"0.0.0.0","HostPort":"0"}]},"RestartPolicy":{"Name":"","MaximumRetryCount":0},"AutoRemove":false,"VolumeDriver":"","VolumesFrom":[],"CapAdd":null,"CapDrop":null,"CgroupnsMode":"private","Dns":null,"DnsOptions":null,"DnsSearch":null,"ExtraHosts":[],"GroupAdd":null,"IpcMode":"shareable","Cgroup":"","Links":null,"OomScoreAdj":0,"PidMode":"","Privileged":false,"PublishAllPorts":false,"ReadonlyRootfs":false,"SecurityOpt":null,"UTSMode":"","UsernsMode":"","ShmSize":67108864,"Runtime":"runc","ConsoleSize":[0,0],"Isolation":"","CpuShares":0,"Memory":0,"NanoCpus":0,"CgroupParent":"","BlkioWeight":0,"BlkioWeightDevice":null,"BlkioDeviceReadBps":null,"BlkioDeviceWriteBps":null,"BlkioDeviceReadIOps":null,"BlkioDeviceWriteIOps":null,"CpuPeriod":0,"CpuQuota":0,"CpuRealtimePeriod":0,"CpuRealtimeRuntime":0,"CpusetCpus":"","CpusetMems":"","Devices":null,"DeviceCgroupRules":null,"DeviceRequests":null,"KernelMemory":0,"KernelMemoryTCP":0,"MemoryReservation":0,"MemorySwap":0,"MemorySwappiness":null,"OomKillDisable":null,"PidsLimit":null,"Ulimits":null,"CpuCount":0,"CpuPercent":0,"IOMaximumIOps":0,"IOMaximumBandwidth":0,"MaskedPaths":["/proc/asound","/proc/acpi","/proc/kcore","/proc/keys","/proc/latency_stats","/proc/timer_list","/proc/timer_stats","/proc/sched_debug","/proc/scsi","/sys/firmware"],"ReadonlyPaths":["/proc/bus","/proc/fs","/proc/irq","/proc/sys","/proc/sysrq-trigger"]},"GraphDriver":{"Data":{"LowerDir":"/var/lib/docker/overlay2/2c15a904a49807090175d7750f18e0f6a57e99c38a424839679cbaf676a4d500-init/diff:/var/lib/docker/overlay2/1bd8849d7a296305617011f940aa5cfabbe972a513397b1b6bbc27639b6c1f30/diff:/var/lib/docker/overlay2/199d69b2fbf78af4d4c95dec4fd2f8835ab0347eb49fb20ebb2ff3b99fedd6ad/diff:/var/lib/docker/overlay2/d83c38d654989311f75b9491329846033bfb7714de76ef635380dcfad5c740d9/diff:/var/lib/docker/overlay2/08600d0aea2ab2728bebcf5d2589c640a842f53d1ba3c4a4adccb4d03b923cf6/diff:/var/lib/docker/overlay2/9ec7c63a3fb14d13ac788bbf5e282ca821edc41260b79944e5e631037d13ecda/diff:/var/lib/docker/overlay2/db601d7a1b4ea6da638db620462f0da96fa55c559d02269c9ddb09027936ed87/diff:/var/lib/docker/overlay2/a6d2bd03f942e2565f21e74cfe152c7ec836a1c2b583f0790c685b92bdcfda24/diff:/var/lib/docker/overlay2/9badd16ea2c5e2bf1fde8b579683e41137dfc46ed5449234149f199a6751cc84/diff:/var/lib/docker/overlay2/6efb85646ed12e2d1181ef4cc6f6f6732c00c15a4035fe17ebc4f075ca573c30/diff:/var/lib/docker/overlay2/895d7c0ec09144d6ed33936f4e98e11c18010f7abd708cae1ce43aec7a7f2621/diff:/var/lib/docker/overlay2/1c4ba77aa573ab6e5e5069fd15eae71b3da940bde0f97a922a227ffc8a1d1096/diff","MergedDir":"/var/lib/docker/overlay2/2c15a904a49807090175d7750f18e0f6a57e99c38a424839679cbaf676a4d500/merged","UpperDir":"/var/lib/docker/overlay2/2c15a904a49807090175d7750f18e0f6a57e99c38a424839679cbaf676a4d500/diff","WorkDir":"/var/lib/docker/overlay2/2c15a904a49807090175d7750f18e0f6a57e99c38a424839679cbaf676a4d500/work"},"Name":"overlay2"},"Mounts":[{"Type":"volume","Name":"44a9389ce95a2961210e86afd6afe42b23405f43157b5dc00e010d283c01df79","Source":"/var/lib/docker/volumes/44a9389ce95a2961210e86afd6afe42b23405f43157b5dc00e010d283c01df79/_data","Destination":"/var/lib/mysql","Driver":"local","Mode":"","RW":true,"Propagation":""}],"Config":{"Hostname":"c37a42694b7d","Domainname":"","User":"","AttachStdin":false,"AttachStdout":false,"AttachStderr":false,"ExposedPorts":{"3306/tcp":{},"33060/tcp":{}},"Tty":false,"OpenStdin":false,"StdinOnce":false,"Env":["MYSQL_DATABASE=adm_videos","MYSQL_PASSWORD=123456","MYSQL_ROOT_PASSWORD=123456","PATH=/usr/local/sbin:/usr/local/bin:/usr/sbin:/usr/bin:/sbin:/bin","GOSU_VERSION=1.16","MYSQL_MAJOR=8.0","MYSQL_VERSION=8.0.32-1.el8","MYSQL_SHELL_VERSION=8.0.32-1.el8"],"Cmd":["mysqld"],"Image":"mysql:latest","Volumes":{"/var/lib/mysql":{}},"WorkingDir":"","Entrypoint":["docker-entrypoint.sh"],"OnBuild":null,"Labels":{"org.testcontainers":"true","org.testcontainers.lang":"java","org.testcontainers.sessionId":"818a13d9-e138-4e41-b5a4-74fd927e6a2d","org.testcontainers.version":"1.17.6"}},"NetworkSettings":{"Bridge":"","SandboxID":"bd1f3a626f226e407a1a406212013b21c93b302c93f9fd53a405b7fc5ff825b3","HairpinMode":false,"LinkLocalIPv6Address":"","LinkLocalIPv6PrefixLen":0,"Ports":{"3306/tcp":[{"HostIp":"0.0.0.0","HostPort":"56289"}],"33060/tcp":null},"SandboxKey":"/var/run/docker/netns/bd1f3a626f22","SecondaryIPAddresses":null,"SecondaryIPv6Addresses":null,"EndpointID":"a2b725c0c5ce4503f8e45e0c2adc4455b29a53a4866d3f23b2bce893a084641f","Gateway":"172.17.0.1","GlobalIPv6Address":"","GlobalIPv6PrefixLen":0,"IPAddress":"172.17.0.3","IPPrefixLen":16,"IPv6Gateway":"","MacAddress":"02:42:ac:11:00:03","Networks":{"bridge":{"IPAMConfig":null,"Links":null,"Aliases":null,"NetworkID":"308e234c143065751b16b4500cb9f48d5c7fc2116504b3d816a5e51cd4771062","EndpointID":"a2b725c0c5ce4503f8e45e0c2adc4455b29a53a4866d3f23b2bce893a084641f","Gateway":"172.17.0.1","IPAddress":"172.17.0.3","IPPrefixLen":16,"IPv6Gateway":"","GlobalIPv6Address":"","GlobalIPv6PrefixLen":0,"MacAddress":"02:42:ac:11:00:03","DriverOpts":null}}}}[\n]"
23:55:12.552 [Test worker] DEBUG com.github.dockerjava.zerodep.shaded.org.apache.hc.client5.http.wire - http-outgoing-2 << "[\r][\n]"
23:55:12.553 [Test worker] DEBUG com.github.dockerjava.zerodep.shaded.org.apache.hc.client5.http.wire - http-outgoing-2 << "0[\r][\n]"
23:55:12.553 [Test worker] DEBUG com.github.dockerjava.zerodep.shaded.org.apache.hc.client5.http.wire - http-outgoing-2 << "[\r][\n]"
23:55:12.553 [Test worker] DEBUG com.github.dockerjava.zerodep.shaded.org.apache.hc.client5.http.impl.classic.InternalHttpClient - ep-0000005D: releasing valid endpoint
23:55:12.553 [Test worker] DEBUG com.github.dockerjava.zerodep.shaded.org.apache.hc.client5.http.impl.io.PoolingHttpClientConnectionManager - ep-0000005D: releasing endpoint
23:55:12.553 [Test worker] DEBUG com.github.dockerjava.zerodep.shaded.org.apache.hc.client5.http.impl.io.PoolingHttpClientConnectionManager - ep-0000005D: connection http-outgoing-2 can be kept alive for 3 MINUTES
23:55:12.553 [Test worker] DEBUG com.github.dockerjava.zerodep.shaded.org.apache.hc.client5.http.impl.io.PoolingHttpClientConnectionManager - ep-0000005D: connection released [route: {}->unix://localhost:2375][total available: 1; route allocated: 1 of 2147483647; total allocated: 1 of 2147483647]
23:55:12.553 [Test worker] DEBUG ]]>&#x1f433;<![CDATA[ [mysql:latest] - Trying to create JDBC connection using com.mysql.cj.jdbc.Driver to jdbc:mysql://localhost:56289/adm_videos?useSSL=false&allowPublicKeyRetrieval=true with properties: {password=123456, user=root}
23:55:12.656 [Test worker] DEBUG org.testcontainers.shaded.com.github.dockerjava.core.command.AbstrDockerCmd - Cmd: c37a42694b7d1cff581f5e7b89a60b044af4721181408c271e821f1413201ca6,false
23:55:12.657 [Test worker] DEBUG org.testcontainers.shaded.com.github.dockerjava.core.exec.InspectContainerCmdExec - GET: DefaultWebTarget{path=[/containers/c37a42694b7d1cff581f5e7b89a60b044af4721181408c271e821f1413201ca6/json], queryParams={}}
23:55:12.657 [Test worker] DEBUG com.github.dockerjava.zerodep.shaded.org.apache.hc.client5.http.impl.classic.InternalHttpClient - ex-0000005F: preparing request execution
23:55:12.657 [Test worker] DEBUG com.github.dockerjava.zerodep.shaded.org.apache.hc.client5.http.protocol.RequestAddCookies - Cookie spec selected: strict
23:55:12.657 [Test worker] DEBUG com.github.dockerjava.zerodep.shaded.org.apache.hc.client5.http.protocol.RequestAuthCache - Auth cache not set in the context
23:55:12.657 [Test worker] DEBUG com.github.dockerjava.zerodep.shaded.org.apache.hc.client5.http.impl.classic.ProtocolExec - ex-0000005F: target auth state: UNCHALLENGED
23:55:12.657 [Test worker] DEBUG com.github.dockerjava.zerodep.shaded.org.apache.hc.client5.http.impl.classic.ProtocolExec - ex-0000005F: proxy auth state: UNCHALLENGED
23:55:12.657 [Test worker] DEBUG com.github.dockerjava.zerodep.shaded.org.apache.hc.client5.http.impl.classic.ConnectExec - ex-0000005F: acquiring connection with route {}->unix://localhost:2375
23:55:12.657 [Test worker] DEBUG com.github.dockerjava.zerodep.shaded.org.apache.hc.client5.http.impl.classic.InternalHttpClient - ex-0000005F: acquiring endpoint (3 MINUTES)
23:55:12.657 [Test worker] DEBUG com.github.dockerjava.zerodep.shaded.org.apache.hc.client5.http.impl.io.PoolingHttpClientConnectionManager - ex-0000005F: endpoint lease request (3 MINUTES) [route: {}->unix://localhost:2375][total available: 1; route allocated: 1 of 2147483647; total allocated: 1 of 2147483647]
23:55:12.658 [Test worker] DEBUG com.github.dockerjava.zerodep.shaded.org.apache.hc.client5.http.impl.io.PoolingHttpClientConnectionManager - ex-0000005F: endpoint leased [route: {}->unix://localhost:2375][total available: 0; route allocated: 1 of 2147483647; total allocated: 1 of 2147483647]
23:55:12.658 [Test worker] DEBUG com.github.dockerjava.zerodep.shaded.org.apache.hc.client5.http.impl.io.PoolingHttpClientConnectionManager - ex-0000005F: acquired ep-0000005E
23:55:12.658 [Test worker] DEBUG com.github.dockerjava.zerodep.shaded.org.apache.hc.client5.http.impl.classic.InternalHttpClient - ex-0000005F: acquired endpoint ep-0000005E
23:55:12.658 [Test worker] DEBUG com.github.dockerjava.zerodep.shaded.org.apache.hc.client5.http.impl.classic.MainClientExec - ex-0000005F: executing GET /v1.32/containers/c37a42694b7d1cff581f5e7b89a60b044af4721181408c271e821f1413201ca6/json HTTP/1.1
23:55:12.658 [Test worker] DEBUG com.github.dockerjava.zerodep.shaded.org.apache.hc.client5.http.impl.classic.InternalHttpClient - ep-0000005E: start execution ex-0000005F
23:55:12.658 [Test worker] DEBUG com.github.dockerjava.zerodep.shaded.org.apache.hc.client5.http.impl.io.PoolingHttpClientConnectionManager - ep-0000005E: executing exchange ex-0000005F over http-outgoing-2
23:55:12.658 [Test worker] DEBUG com.github.dockerjava.zerodep.shaded.org.apache.hc.client5.http.headers - http-outgoing-2 >> GET /v1.32/containers/c37a42694b7d1cff581f5e7b89a60b044af4721181408c271e821f1413201ca6/json HTTP/1.1
23:55:12.658 [Test worker] DEBUG com.github.dockerjava.zerodep.shaded.org.apache.hc.client5.http.headers - http-outgoing-2 >> accept: application/json
23:55:12.658 [Test worker] DEBUG com.github.dockerjava.zerodep.shaded.org.apache.hc.client5.http.headers - http-outgoing-2 >> x-tc-sid: 818a13d9-e138-4e41-b5a4-74fd927e6a2d
23:55:12.658 [Test worker] DEBUG com.github.dockerjava.zerodep.shaded.org.apache.hc.client5.http.headers - http-outgoing-2 >> Accept-Encoding: gzip, x-gzip, deflate
23:55:12.658 [Test worker] DEBUG com.github.dockerjava.zerodep.shaded.org.apache.hc.client5.http.headers - http-outgoing-2 >> Host: localhost:2375
23:55:12.658 [Test worker] DEBUG com.github.dockerjava.zerodep.shaded.org.apache.hc.client5.http.headers - http-outgoing-2 >> Connection: keep-alive
23:55:12.658 [Test worker] DEBUG com.github.dockerjava.zerodep.shaded.org.apache.hc.client5.http.headers - http-outgoing-2 >> User-Agent: Apache-HttpClient/5.0.3 (Java/17.0.2)
23:55:12.658 [Test worker] DEBUG com.github.dockerjava.zerodep.shaded.org.apache.hc.client5.http.wire - http-outgoing-2 >> "GET /v1.32/containers/c37a42694b7d1cff581f5e7b89a60b044af4721181408c271e821f1413201ca6/json HTTP/1.1[\r][\n]"
23:55:12.658 [Test worker] DEBUG com.github.dockerjava.zerodep.shaded.org.apache.hc.client5.http.wire - http-outgoing-2 >> "accept: application/json[\r][\n]"
23:55:12.658 [Test worker] DEBUG com.github.dockerjava.zerodep.shaded.org.apache.hc.client5.http.wire - http-outgoing-2 >> "x-tc-sid: 818a13d9-e138-4e41-b5a4-74fd927e6a2d[\r][\n]"
23:55:12.658 [Test worker] DEBUG com.github.dockerjava.zerodep.shaded.org.apache.hc.client5.http.wire - http-outgoing-2 >> "Accept-Encoding: gzip, x-gzip, deflate[\r][\n]"
23:55:12.658 [Test worker] DEBUG com.github.dockerjava.zerodep.shaded.org.apache.hc.client5.http.wire - http-outgoing-2 >> "Host: localhost:2375[\r][\n]"
23:55:12.658 [Test worker] DEBUG com.github.dockerjava.zerodep.shaded.org.apache.hc.client5.http.wire - http-outgoing-2 >> "Connection: keep-alive[\r][\n]"
23:55:12.658 [Test worker] DEBUG com.github.dockerjava.zerodep.shaded.org.apache.hc.client5.http.wire - http-outgoing-2 >> "User-Agent: Apache-HttpClient/5.0.3 (Java/17.0.2)[\r][\n]"
23:55:12.658 [Test worker] DEBUG com.github.dockerjava.zerodep.shaded.org.apache.hc.client5.http.wire - http-outgoing-2 >> "[\r][\n]"
23:55:12.660 [Test worker] DEBUG com.github.dockerjava.zerodep.shaded.org.apache.hc.client5.http.wire - http-outgoing-2 << "HTTP/1.1 200 OK[\r][\n]"
23:55:12.660 [Test worker] DEBUG com.github.dockerjava.zerodep.shaded.org.apache.hc.client5.http.wire - http-outgoing-2 << "Api-Version: 1.41[\r][\n]"
23:55:12.660 [Test worker] DEBUG com.github.dockerjava.zerodep.shaded.org.apache.hc.client5.http.wire - http-outgoing-2 << "Content-Type: application/json[\r][\n]"
23:55:12.660 [Test worker] DEBUG com.github.dockerjava.zerodep.shaded.org.apache.hc.client5.http.wire - http-outgoing-2 << "Date: Mon, 27 Mar 2023 02:55:12 GMT[\r][\n]"
23:55:12.660 [Test worker] DEBUG com.github.dockerjava.zerodep.shaded.org.apache.hc.client5.http.wire - http-outgoing-2 << "Docker-Experimental: false[\r][\n]"
23:55:12.660 [Test worker] DEBUG com.github.dockerjava.zerodep.shaded.org.apache.hc.client5.http.wire - http-outgoing-2 << "Ostype: linux[\r][\n]"
23:55:12.660 [Test worker] DEBUG com.github.dockerjava.zerodep.shaded.org.apache.hc.client5.http.wire - http-outgoing-2 << "Server: Docker/20.10.21 (linux)[\r][\n]"
23:55:12.660 [Test worker] DEBUG com.github.dockerjava.zerodep.shaded.org.apache.hc.client5.http.wire - http-outgoing-2 << "Transfer-Encoding: chunked[\r][\n]"
23:55:12.660 [Test worker] DEBUG com.github.dockerjava.zerodep.shaded.org.apache.hc.client5.http.wire - http-outgoing-2 << "[\r][\n]"
23:55:12.660 [Test worker] DEBUG com.github.dockerjava.zerodep.shaded.org.apache.hc.client5.http.headers - http-outgoing-2 << HTTP/1.1 200 OK
23:55:12.660 [Test worker] DEBUG com.github.dockerjava.zerodep.shaded.org.apache.hc.client5.http.headers - http-outgoing-2 << Api-Version: 1.41
23:55:12.660 [Test worker] DEBUG com.github.dockerjava.zerodep.shaded.org.apache.hc.client5.http.headers - http-outgoing-2 << Content-Type: application/json
23:55:12.660 [Test worker] DEBUG com.github.dockerjava.zerodep.shaded.org.apache.hc.client5.http.headers - http-outgoing-2 << Date: Mon, 27 Mar 2023 02:55:12 GMT
23:55:12.660 [Test worker] DEBUG com.github.dockerjava.zerodep.shaded.org.apache.hc.client5.http.headers - http-outgoing-2 << Docker-Experimental: false
23:55:12.660 [Test worker] DEBUG com.github.dockerjava.zerodep.shaded.org.apache.hc.client5.http.headers - http-outgoing-2 << Ostype: linux
23:55:12.660 [Test worker] DEBUG com.github.dockerjava.zerodep.shaded.org.apache.hc.client5.http.headers - http-outgoing-2 << Server: Docker/20.10.21 (linux)
23:55:12.660 [Test worker] DEBUG com.github.dockerjava.zerodep.shaded.org.apache.hc.client5.http.headers - http-outgoing-2 << Transfer-Encoding: chunked
23:55:12.660 [Test worker] DEBUG com.github.dockerjava.zerodep.shaded.org.apache.hc.client5.http.impl.classic.MainClientExec - ex-0000005F: connection can be kept alive for 3 MINUTES
23:55:12.661 [Test worker] DEBUG com.github.dockerjava.zerodep.shaded.org.apache.hc.client5.http.wire - http-outgoing-2 << "18c1[\r][\n]"
23:55:12.661 [Test worker] DEBUG com.github.dockerjava.zerodep.shaded.org.apache.hc.client5.http.wire - http-outgoing-2 << "{"Id":"c37a42694b7d1cff581f5e7b89a60b044af4721181408c271e821f1413201ca6","Created":"2023-03-27T02:55:02.49734542Z","Path":"docker-entrypoint.sh","Args":["mysqld"],"State":{"Status":"running","Running":true,"Paused":false,"Restarting":false,"OOMKilled":false,"Dead":false,"Pid":18342,"ExitCode":0,"Error":"","StartedAt":"2023-03-27T02:55:03.12719392Z","FinishedAt":"0001-01-01T00:00:00Z"},"Image":"sha256:c7c54c29e20dccc1aefb936c8eba8bb8b98b87a4921102aba87fde2df5810af9","ResolvConfPath":"/var/lib/docker/containers/c37a42694b7d1cff581f5e7b89a60b044af4721181408c271e821f1413201ca6/resolv.conf","HostnamePath":"/var/lib/docker/containers/c37a42694b7d1cff581f5e7b89a60b044af4721181408c271e821f1413201ca6/hostname","HostsPath":"/var/lib/docker/containers/c37a42694b7d1cff581f5e7b89a60b044af4721181408c271e821f1413201ca6/hosts","LogPath":"/var/lib/docker/containers/c37a42694b7d1cff581f5e7b89a60b044af4721181408c271e821f1413201ca6/c37a42694b7d1cff581f5e7b89a60b044af4721181408c271e821f1413201ca6-json.log","Name":"/elegant_mahavira","RestartCount":0,"Driver":"overlay2","Platform":"linux","MountLabel":"","ProcessLabel":"","AppArmorProfile":"","ExecIDs":null,"HostConfig":{"Binds":[],"ContainerIDFile":"","LogConfig":{"Type":"json-file","Config":{}},"NetworkMode":"default","PortBindings":{"3306/tcp":[{"HostIp":"0.0.0.0","HostPort":"0"}]},"RestartPolicy":{"Name":"","MaximumRetryCount":0},"AutoRemove":false,"VolumeDriver":"","VolumesFrom":[],"CapAdd":null,"CapDrop":null,"CgroupnsMode":"private","Dns":null,"DnsOptions":null,"DnsSearch":null,"ExtraHosts":[],"GroupAdd":null,"IpcMode":"shareable","Cgroup":"","Links":null,"OomScoreAdj":0,"PidMode":"","Privileged":false,"PublishAllPorts":false,"ReadonlyRootfs":false,"SecurityOpt":null,"UTSMode":"","UsernsMode":"","ShmSize":67108864,"Runtime":"runc","ConsoleSize":[0,0],"Isolation":"","CpuShares":0,"Memory":0,"NanoCpus":0,"CgroupParent":"","BlkioWeight":0,"BlkioWeightDevice":null,"BlkioDeviceReadBps":null,"BlkioDeviceWriteBps":null,"BlkioDeviceReadIOps":null,"BlkioDeviceWriteIOps":null,"CpuPeriod":0,"CpuQuota":0,"CpuRealtimePeriod":0,"CpuRealtimeRuntime":0,"CpusetCpus":"","CpusetMems":"","Devices":null,"DeviceCgroupRules":null,"DeviceRequests":null,"KernelMemory":0,"KernelMemoryTCP":0,"MemoryReservation":0,"MemorySwap":0,"MemorySwappiness":null,"OomKillDisable":null,"PidsLimit":null,"Ulimits":null,"CpuCount":0,"CpuPercent":0,"IOMaximumIOps":0,"IOMaximumBandwidth":0,"MaskedPaths":["/proc/asound","/proc/acpi","/proc/kcore","/proc/keys","/proc/latency_stats","/proc/timer_list","/proc/timer_stats","/proc/sched_debug","/proc/scsi","/sys/firmware"],"ReadonlyPaths":["/proc/bus","/proc/fs","/proc/irq","/proc/sys","/proc/sysrq-trigger"]},"GraphDriver":{"Data":{"LowerDir":"/var/lib/docker/overlay2/2c15a904a49807090175d7750f18e0f6a57e99c38a424839679cbaf676a4d500-init/diff:/var/lib/docker/overlay2/1bd8849d7a296305617011f940aa5cfabbe972a513397b1b6bbc27639b6c1f30/diff:/var/lib/docker/overlay2/199d69b2fbf78af4d4c95dec4fd2f8835ab0347eb49fb20ebb2ff3b99fedd6ad/diff:/var/lib/docker/overlay2/d83c38d654989311f75b9491329846033bfb7714de76ef635380dcfad5c740d9/diff:/var/lib/docker/overlay2/08600d0aea2ab2728bebcf5d2589c640a842f53d1ba3c4a4adccb4d03b923cf6/diff:/var/lib/docker/overlay2/9ec7c63a3fb14d13ac788bbf5e282ca821edc41260b79944e5e631037d13ecda/diff:/var/lib/docker/overlay2/db601d7a1b4ea6da638db620462f0da96fa55c559d02269c9ddb09027936ed87/diff:/var/lib/docker/overlay2/a6d2bd03f942e2565f21e74cfe152c7ec836a1c2b583f0790c685b92bdcfda24/diff:/var/lib/docker/overlay2/9badd16ea2c5e2bf1fde8b579683e41137dfc46ed5449234149f199a6751cc84/diff:/var/lib/docker/overlay2/6efb85646ed12e2d1181ef4cc6f6f6732c00c15a4035fe17ebc4f075ca573c30/diff:/var/lib/docker/overlay2/895d7c0ec09144d6ed33936f4e98e11c18010f7abd708cae1ce43aec7a7f2621/diff:/var/lib/docker/overlay2/1c4ba77aa573ab6e5e5069fd15eae71b3da940bde0f97a922a227ffc8a1d1096/diff","MergedDir":"/var/lib/docker/overlay2/2c15a904a49807090175d7750f18e0f6a57e99c38a424839679cbaf676a4d500/merged","UpperDir":"/var/lib/docker/overlay2/2c15a904a49807090175d7750f18e0f6a57e99c38a424839679cbaf676a4d500/diff","WorkDir":"/var/lib/docker/overlay2/2c15a904a49807090175d7750f18e0f6a57e99c38a424839679cbaf676a4d500/work"},"Name":"overlay2"},"Mounts":[{"Type":"volume","Name":"44a9389ce95a2961210e86afd6afe42b23405f43157b5dc00e010d283c01df79","Source":"/var/lib/docker/volumes/44a9389ce95a2961210e86afd6afe42b23405f43157b5dc00e010d283c01df79/_data","Destination":"/var/lib/mysql","Driver":"local","Mode":"","RW":true,"Propagation":""}],"Config":{"Hostname":"c37a42694b7d","Domainname":"","User":"","AttachStdin":false,"AttachStdout":false,"AttachStderr":false,"ExposedPorts":{"3306/tcp":{},"33060/tcp":{}},"Tty":false,"OpenStdin":false,"StdinOnce":false,"Env":["MYSQL_DATABASE=adm_videos","MYSQL_PASSWORD=123456","MYSQL_ROOT_PASSWORD=123456","PATH=/usr/local/sbin:/usr/local/bin:/usr/sbin:/usr/bin:/sbin:/bin","GOSU_VERSION=1.16","MYSQL_MAJOR=8.0","MYSQL_VERSION=8.0.32-1.el8","MYSQL_SHELL_VERSION=8.0.32-1.el8"],"Cmd":["mysqld"],"Image":"mysql:latest","Volumes":{"/var/lib/mysql":{}},"WorkingDir":"","Entrypoint":["docker-entrypoint.sh"],"OnBuild":null,"Labels":{"org.testcontainers":"true","org.testcontainers.lang":"java","org.testcontainers.sessionId":"818a13d9-e138-4e41-b5a4-74fd927e6a2d","org.testcontainers.version":"1.17.6"}},"NetworkSettings":{"Bridge":"","SandboxID":"bd1f3a626f226e407a1a406212013b21c93b302c93f9fd53a405b7fc5ff825b3","HairpinMode":false,"LinkLocalIPv6Address":"","LinkLocalIPv6PrefixLen":0,"Ports":{"3306/tcp":[{"HostIp":"0.0.0.0","HostPort":"56289"}],"33060/tcp":null},"SandboxKey":"/var/run/docker/netns/bd1f3a626f22","SecondaryIPAddresses":null,"SecondaryIPv6Addresses":null,"EndpointID":"a2b725c0c5ce4503f8e45e0c2adc4455b29a53a4866d3f23b2bce893a084641f","Gateway":"172.17.0.1","GlobalIPv6Address":"","GlobalIPv6PrefixLen":0,"IPAddress":"172.17.0.3","IPPrefixLen":16,"IPv6Gateway":"","MacAddress":"02:42:ac:11:00:03","Networks":{"bridge":{"IPAMConfig":null,"Links":null,"Aliases":null,"NetworkID":"308e234c143065751b16b4500cb9f48d5c7fc2116504b3d816a5e51cd4771062","EndpointID":"a2b725c0c5ce4503f8e45e0c2adc4455b29a53a4866d3f23b2bce893a084641f","Gateway":"172.17.0.1","IPAddress":"172.17.0.3","IPPrefixLen":16,"IPv6Gateway":"","GlobalIPv6Address":"","GlobalIPv6PrefixLen":0,"MacAddress":"02:42:ac:11:00:03","DriverOpts":null}}}}[\n]"
23:55:12.662 [Test worker] DEBUG com.github.dockerjava.zerodep.shaded.org.apache.hc.client5.http.wire - http-outgoing-2 << "[\r][\n]"
23:55:12.662 [Test worker] DEBUG com.github.dockerjava.zerodep.shaded.org.apache.hc.client5.http.wire - http-outgoing-2 << "0[\r][\n]"
23:55:12.662 [Test worker] DEBUG com.github.dockerjava.zerodep.shaded.org.apache.hc.client5.http.wire - http-outgoing-2 << "[\r][\n]"
23:55:12.662 [Test worker] DEBUG com.github.dockerjava.zerodep.shaded.org.apache.hc.client5.http.impl.classic.InternalHttpClient - ep-0000005E: releasing valid endpoint
23:55:12.662 [Test worker] DEBUG com.github.dockerjava.zerodep.shaded.org.apache.hc.client5.http.impl.io.PoolingHttpClientConnectionManager - ep-0000005E: releasing endpoint
23:55:12.662 [Test worker] DEBUG com.github.dockerjava.zerodep.shaded.org.apache.hc.client5.http.impl.io.PoolingHttpClientConnectionManager - ep-0000005E: connection http-outgoing-2 can be kept alive for 3 MINUTES
23:55:12.662 [Test worker] DEBUG com.github.dockerjava.zerodep.shaded.org.apache.hc.client5.http.impl.io.PoolingHttpClientConnectionManager - ep-0000005E: connection released [route: {}->unix://localhost:2375][total available: 1; route allocated: 1 of 2147483647; total allocated: 1 of 2147483647]
23:55:12.662 [Test worker] DEBUG ]]>&#x1f433;<![CDATA[ [mysql:latest] - Trying to create JDBC connection using com.mysql.cj.jdbc.Driver to jdbc:mysql://localhost:56289/adm_videos?useSSL=false&allowPublicKeyRetrieval=true with properties: {password=123456, user=root}
23:55:12.770 [Test worker] DEBUG org.testcontainers.shaded.com.github.dockerjava.core.command.AbstrDockerCmd - Cmd: c37a42694b7d1cff581f5e7b89a60b044af4721181408c271e821f1413201ca6,false
23:55:12.770 [Test worker] DEBUG org.testcontainers.shaded.com.github.dockerjava.core.exec.InspectContainerCmdExec - GET: DefaultWebTarget{path=[/containers/c37a42694b7d1cff581f5e7b89a60b044af4721181408c271e821f1413201ca6/json], queryParams={}}
23:55:12.771 [Test worker] DEBUG com.github.dockerjava.zerodep.shaded.org.apache.hc.client5.http.impl.classic.InternalHttpClient - ex-00000060: preparing request execution
23:55:12.771 [Test worker] DEBUG com.github.dockerjava.zerodep.shaded.org.apache.hc.client5.http.protocol.RequestAddCookies - Cookie spec selected: strict
23:55:12.771 [Test worker] DEBUG com.github.dockerjava.zerodep.shaded.org.apache.hc.client5.http.protocol.RequestAuthCache - Auth cache not set in the context
23:55:12.771 [Test worker] DEBUG com.github.dockerjava.zerodep.shaded.org.apache.hc.client5.http.impl.classic.ProtocolExec - ex-00000060: target auth state: UNCHALLENGED
23:55:12.771 [Test worker] DEBUG com.github.dockerjava.zerodep.shaded.org.apache.hc.client5.http.impl.classic.ProtocolExec - ex-00000060: proxy auth state: UNCHALLENGED
23:55:12.771 [Test worker] DEBUG com.github.dockerjava.zerodep.shaded.org.apache.hc.client5.http.impl.classic.ConnectExec - ex-00000060: acquiring connection with route {}->unix://localhost:2375
23:55:12.771 [Test worker] DEBUG com.github.dockerjava.zerodep.shaded.org.apache.hc.client5.http.impl.classic.InternalHttpClient - ex-00000060: acquiring endpoint (3 MINUTES)
23:55:12.771 [Test worker] DEBUG com.github.dockerjava.zerodep.shaded.org.apache.hc.client5.http.impl.io.PoolingHttpClientConnectionManager - ex-00000060: endpoint lease request (3 MINUTES) [route: {}->unix://localhost:2375][total available: 1; route allocated: 1 of 2147483647; total allocated: 1 of 2147483647]
23:55:12.771 [Test worker] DEBUG com.github.dockerjava.zerodep.shaded.org.apache.hc.client5.http.impl.io.PoolingHttpClientConnectionManager - ex-00000060: endpoint leased [route: {}->unix://localhost:2375][total available: 0; route allocated: 1 of 2147483647; total allocated: 1 of 2147483647]
23:55:12.771 [Test worker] DEBUG com.github.dockerjava.zerodep.shaded.org.apache.hc.client5.http.impl.io.PoolingHttpClientConnectionManager - ex-00000060: acquired ep-0000005F
23:55:12.771 [Test worker] DEBUG com.github.dockerjava.zerodep.shaded.org.apache.hc.client5.http.impl.classic.InternalHttpClient - ex-00000060: acquired endpoint ep-0000005F
23:55:12.771 [Test worker] DEBUG com.github.dockerjava.zerodep.shaded.org.apache.hc.client5.http.impl.classic.MainClientExec - ex-00000060: executing GET /v1.32/containers/c37a42694b7d1cff581f5e7b89a60b044af4721181408c271e821f1413201ca6/json HTTP/1.1
23:55:12.771 [Test worker] DEBUG com.github.dockerjava.zerodep.shaded.org.apache.hc.client5.http.impl.classic.InternalHttpClient - ep-0000005F: start execution ex-00000060
23:55:12.771 [Test worker] DEBUG com.github.dockerjava.zerodep.shaded.org.apache.hc.client5.http.impl.io.PoolingHttpClientConnectionManager - ep-0000005F: executing exchange ex-00000060 over http-outgoing-2
23:55:12.771 [Test worker] DEBUG com.github.dockerjava.zerodep.shaded.org.apache.hc.client5.http.headers - http-outgoing-2 >> GET /v1.32/containers/c37a42694b7d1cff581f5e7b89a60b044af4721181408c271e821f1413201ca6/json HTTP/1.1
23:55:12.771 [Test worker] DEBUG com.github.dockerjava.zerodep.shaded.org.apache.hc.client5.http.headers - http-outgoing-2 >> accept: application/json
23:55:12.771 [Test worker] DEBUG com.github.dockerjava.zerodep.shaded.org.apache.hc.client5.http.headers - http-outgoing-2 >> x-tc-sid: 818a13d9-e138-4e41-b5a4-74fd927e6a2d
23:55:12.771 [Test worker] DEBUG com.github.dockerjava.zerodep.shaded.org.apache.hc.client5.http.headers - http-outgoing-2 >> Accept-Encoding: gzip, x-gzip, deflate
23:55:12.771 [Test worker] DEBUG com.github.dockerjava.zerodep.shaded.org.apache.hc.client5.http.headers - http-outgoing-2 >> Host: localhost:2375
23:55:12.771 [Test worker] DEBUG com.github.dockerjava.zerodep.shaded.org.apache.hc.client5.http.headers - http-outgoing-2 >> Connection: keep-alive
23:55:12.771 [Test worker] DEBUG com.github.dockerjava.zerodep.shaded.org.apache.hc.client5.http.headers - http-outgoing-2 >> User-Agent: Apache-HttpClient/5.0.3 (Java/17.0.2)
23:55:12.771 [Test worker] DEBUG com.github.dockerjava.zerodep.shaded.org.apache.hc.client5.http.wire - http-outgoing-2 >> "GET /v1.32/containers/c37a42694b7d1cff581f5e7b89a60b044af4721181408c271e821f1413201ca6/json HTTP/1.1[\r][\n]"
23:55:12.771 [Test worker] DEBUG com.github.dockerjava.zerodep.shaded.org.apache.hc.client5.http.wire - http-outgoing-2 >> "accept: application/json[\r][\n]"
23:55:12.771 [Test worker] DEBUG com.github.dockerjava.zerodep.shaded.org.apache.hc.client5.http.wire - http-outgoing-2 >> "x-tc-sid: 818a13d9-e138-4e41-b5a4-74fd927e6a2d[\r][\n]"
23:55:12.771 [Test worker] DEBUG com.github.dockerjava.zerodep.shaded.org.apache.hc.client5.http.wire - http-outgoing-2 >> "Accept-Encoding: gzip, x-gzip, deflate[\r][\n]"
23:55:12.771 [Test worker] DEBUG com.github.dockerjava.zerodep.shaded.org.apache.hc.client5.http.wire - http-outgoing-2 >> "Host: localhost:2375[\r][\n]"
23:55:12.771 [Test worker] DEBUG com.github.dockerjava.zerodep.shaded.org.apache.hc.client5.http.wire - http-outgoing-2 >> "Connection: keep-alive[\r][\n]"
23:55:12.771 [Test worker] DEBUG com.github.dockerjava.zerodep.shaded.org.apache.hc.client5.http.wire - http-outgoing-2 >> "User-Agent: Apache-HttpClient/5.0.3 (Java/17.0.2)[\r][\n]"
23:55:12.771 [Test worker] DEBUG com.github.dockerjava.zerodep.shaded.org.apache.hc.client5.http.wire - http-outgoing-2 >> "[\r][\n]"
23:55:12.773 [Test worker] DEBUG com.github.dockerjava.zerodep.shaded.org.apache.hc.client5.http.wire - http-outgoing-2 << "HTTP/1.1 200 OK[\r][\n]"
23:55:12.773 [Test worker] DEBUG com.github.dockerjava.zerodep.shaded.org.apache.hc.client5.http.wire - http-outgoing-2 << "Api-Version: 1.41[\r][\n]"
23:55:12.773 [Test worker] DEBUG com.github.dockerjava.zerodep.shaded.org.apache.hc.client5.http.wire - http-outgoing-2 << "Content-Type: application/json[\r][\n]"
23:55:12.773 [Test worker] DEBUG com.github.dockerjava.zerodep.shaded.org.apache.hc.client5.http.wire - http-outgoing-2 << "Date: Mon, 27 Mar 2023 02:55:12 GMT[\r][\n]"
23:55:12.773 [Test worker] DEBUG com.github.dockerjava.zerodep.shaded.org.apache.hc.client5.http.wire - http-outgoing-2 << "Docker-Experimental: false[\r][\n]"
23:55:12.773 [Test worker] DEBUG com.github.dockerjava.zerodep.shaded.org.apache.hc.client5.http.wire - http-outgoing-2 << "Ostype: linux[\r][\n]"
23:55:12.773 [Test worker] DEBUG com.github.dockerjava.zerodep.shaded.org.apache.hc.client5.http.wire - http-outgoing-2 << "Server: Docker/20.10.21 (linux)[\r][\n]"
23:55:12.774 [Test worker] DEBUG com.github.dockerjava.zerodep.shaded.org.apache.hc.client5.http.wire - http-outgoing-2 << "Transfer-Encoding: chunked[\r][\n]"
23:55:12.774 [Test worker] DEBUG com.github.dockerjava.zerodep.shaded.org.apache.hc.client5.http.wire - http-outgoing-2 << "[\r][\n]"
23:55:12.774 [Test worker] DEBUG com.github.dockerjava.zerodep.shaded.org.apache.hc.client5.http.headers - http-outgoing-2 << HTTP/1.1 200 OK
23:55:12.774 [Test worker] DEBUG com.github.dockerjava.zerodep.shaded.org.apache.hc.client5.http.headers - http-outgoing-2 << Api-Version: 1.41
23:55:12.774 [Test worker] DEBUG com.github.dockerjava.zerodep.shaded.org.apache.hc.client5.http.headers - http-outgoing-2 << Content-Type: application/json
23:55:12.774 [Test worker] DEBUG com.github.dockerjava.zerodep.shaded.org.apache.hc.client5.http.headers - http-outgoing-2 << Date: Mon, 27 Mar 2023 02:55:12 GMT
23:55:12.774 [Test worker] DEBUG com.github.dockerjava.zerodep.shaded.org.apache.hc.client5.http.headers - http-outgoing-2 << Docker-Experimental: false
23:55:12.774 [Test worker] DEBUG com.github.dockerjava.zerodep.shaded.org.apache.hc.client5.http.headers - http-outgoing-2 << Ostype: linux
23:55:12.774 [Test worker] DEBUG com.github.dockerjava.zerodep.shaded.org.apache.hc.client5.http.headers - http-outgoing-2 << Server: Docker/20.10.21 (linux)
23:55:12.774 [Test worker] DEBUG com.github.dockerjava.zerodep.shaded.org.apache.hc.client5.http.headers - http-outgoing-2 << Transfer-Encoding: chunked
23:55:12.774 [Test worker] DEBUG com.github.dockerjava.zerodep.shaded.org.apache.hc.client5.http.impl.classic.MainClientExec - ex-00000060: connection can be kept alive for 3 MINUTES
23:55:12.775 [Test worker] DEBUG com.github.dockerjava.zerodep.shaded.org.apache.hc.client5.http.wire - http-outgoing-2 << "18c1[\r][\n]"
23:55:12.775 [Test worker] DEBUG com.github.dockerjava.zerodep.shaded.org.apache.hc.client5.http.wire - http-outgoing-2 << "{"Id":"c37a42694b7d1cff581f5e7b89a60b044af4721181408c271e821f1413201ca6","Created":"2023-03-27T02:55:02.49734542Z","Path":"docker-entrypoint.sh","Args":["mysqld"],"State":{"Status":"running","Running":true,"Paused":false,"Restarting":false,"OOMKilled":false,"Dead":false,"Pid":18342,"ExitCode":0,"Error":"","StartedAt":"2023-03-27T02:55:03.12719392Z","FinishedAt":"0001-01-01T00:00:00Z"},"Image":"sha256:c7c54c29e20dccc1aefb936c8eba8bb8b98b87a4921102aba87fde2df5810af9","ResolvConfPath":"/var/lib/docker/containers/c37a42694b7d1cff581f5e7b89a60b044af4721181408c271e821f1413201ca6/resolv.conf","HostnamePath":"/var/lib/docker/containers/c37a42694b7d1cff581f5e7b89a60b044af4721181408c271e821f1413201ca6/hostname","HostsPath":"/var/lib/docker/containers/c37a42694b7d1cff581f5e7b89a60b044af4721181408c271e821f1413201ca6/hosts","LogPath":"/var/lib/docker/containers/c37a42694b7d1cff581f5e7b89a60b044af4721181408c271e821f1413201ca6/c37a42694b7d1cff581f5e7b89a60b044af4721181408c271e821f1413201ca6-json.log","Name":"/elegant_mahavira","RestartCount":0,"Driver":"overlay2","Platform":"linux","MountLabel":"","ProcessLabel":"","AppArmorProfile":"","ExecIDs":null,"HostConfig":{"Binds":[],"ContainerIDFile":"","LogConfig":{"Type":"json-file","Config":{}},"NetworkMode":"default","PortBindings":{"3306/tcp":[{"HostIp":"0.0.0.0","HostPort":"0"}]},"RestartPolicy":{"Name":"","MaximumRetryCount":0},"AutoRemove":false,"VolumeDriver":"","VolumesFrom":[],"CapAdd":null,"CapDrop":null,"CgroupnsMode":"private","Dns":null,"DnsOptions":null,"DnsSearch":null,"ExtraHosts":[],"GroupAdd":null,"IpcMode":"shareable","Cgroup":"","Links":null,"OomScoreAdj":0,"PidMode":"","Privileged":false,"PublishAllPorts":false,"ReadonlyRootfs":false,"SecurityOpt":null,"UTSMode":"","UsernsMode":"","ShmSize":67108864,"Runtime":"runc","ConsoleSize":[0,0],"Isolation":"","CpuShares":0,"Memory":0,"NanoCpus":0,"CgroupParent":"","BlkioWeight":0,"BlkioWeightDevice":null,"BlkioDeviceReadBps":null,"BlkioDeviceWriteBps":null,"BlkioDeviceReadIOps":null,"BlkioDeviceWriteIOps":null,"CpuPeriod":0,"CpuQuota":0,"CpuRealtimePeriod":0,"CpuRealtimeRuntime":0,"CpusetCpus":"","CpusetMems":"","Devices":null,"DeviceCgroupRules":null,"DeviceRequests":null,"KernelMemory":0,"KernelMemoryTCP":0,"MemoryReservation":0,"MemorySwap":0,"MemorySwappiness":null,"OomKillDisable":null,"PidsLimit":null,"Ulimits":null,"CpuCount":0,"CpuPercent":0,"IOMaximumIOps":0,"IOMaximumBandwidth":0,"MaskedPaths":["/proc/asound","/proc/acpi","/proc/kcore","/proc/keys","/proc/latency_stats","/proc/timer_list","/proc/timer_stats","/proc/sched_debug","/proc/scsi","/sys/firmware"],"ReadonlyPaths":["/proc/bus","/proc/fs","/proc/irq","/proc/sys","/proc/sysrq-trigger"]},"GraphDriver":{"Data":{"LowerDir":"/var/lib/docker/overlay2/2c15a904a49807090175d7750f18e0f6a57e99c38a424839679cbaf676a4d500-init/diff:/var/lib/docker/overlay2/1bd8849d7a296305617011f940aa5cfabbe972a513397b1b6bbc27639b6c1f30/diff:/var/lib/docker/overlay2/199d69b2fbf78af4d4c95dec4fd2f8835ab0347eb49fb20ebb2ff3b99fedd6ad/diff:/var/lib/docker/overlay2/d83c38d654989311f75b9491329846033bfb7714de76ef635380dcfad5c740d9/diff:/var/lib/docker/overlay2/08600d0aea2ab2728bebcf5d2589c640a842f53d1ba3c4a4adccb4d03b923cf6/diff:/var/lib/docker/overlay2/9ec7c63a3fb14d13ac788bbf5e282ca821edc41260b79944e5e631037d13ecda/diff:/var/lib/docker/overlay2/db601d7a1b4ea6da638db620462f0da96fa55c559d02269c9ddb09027936ed87/diff:/var/lib/docker/overlay2/a6d2bd03f942e2565f21e74cfe152c7ec836a1c2b583f0790c685b92bdcfda24/diff:/var/lib/docker/overlay2/9badd16ea2c5e2bf1fde8b579683e41137dfc46ed5449234149f199a6751cc84/diff:/var/lib/docker/overlay2/6efb85646ed12e2d1181ef4cc6f6f6732c00c15a4035fe17ebc4f075ca573c30/diff:/var/lib/docker/overlay2/895d7c0ec09144d6ed33936f4e98e11c18010f7abd708cae1ce43aec7a7f2621/diff:/var/lib/docker/overlay2/1c4ba77aa573ab6e5e5069fd15eae71b3da940bde0f97a922a227ffc8a1d1096/diff","MergedDir":"/var/lib/docker/overlay2/2c15a904a49807090175d7750f18e0f6a57e99c38a424839679cbaf676a4d500/merged","UpperDir":"/var/lib/docker/overlay2/2c15a904a49807090175d7750f18e0f6a57e99c38a424839679cbaf676a4d500/diff","WorkDir":"/var/lib/docker/overlay2/2c15a904a49807090175d7750f18e0f6a57e99c38a424839679cbaf676a4d500/work"},"Name":"overlay2"},"Mounts":[{"Type":"volume","Name":"44a9389ce95a2961210e86afd6afe42b23405f43157b5dc00e010d283c01df79","Source":"/var/lib/docker/volumes/44a9389ce95a2961210e86afd6afe42b23405f43157b5dc00e010d283c01df79/_data","Destination":"/var/lib/mysql","Driver":"local","Mode":"","RW":true,"Propagation":""}],"Config":{"Hostname":"c37a42694b7d","Domainname":"","User":"","AttachStdin":false,"AttachStdout":false,"AttachStderr":false,"ExposedPorts":{"3306/tcp":{},"33060/tcp":{}},"Tty":false,"OpenStdin":false,"StdinOnce":false,"Env":["MYSQL_DATABASE=adm_videos","MYSQL_PASSWORD=123456","MYSQL_ROOT_PASSWORD=123456","PATH=/usr/local/sbin:/usr/local/bin:/usr/sbin:/usr/bin:/sbin:/bin","GOSU_VERSION=1.16","MYSQL_MAJOR=8.0","MYSQL_VERSION=8.0.32-1.el8","MYSQL_SHELL_VERSION=8.0.32-1.el8"],"Cmd":["mysqld"],"Image":"mysql:latest","Volumes":{"/var/lib/mysql":{}},"WorkingDir":"","Entrypoint":["docker-entrypoint.sh"],"OnBuild":null,"Labels":{"org.testcontainers":"true","org.testcontainers.lang":"java","org.testcontainers.sessionId":"818a13d9-e138-4e41-b5a4-74fd927e6a2d","org.testcontainers.version":"1.17.6"}},"NetworkSettings":{"Bridge":"","SandboxID":"bd1f3a626f226e407a1a406212013b21c93b302c93f9fd53a405b7fc5ff825b3","HairpinMode":false,"LinkLocalIPv6Address":"","LinkLocalIPv6PrefixLen":0,"Ports":{"3306/tcp":[{"HostIp":"0.0.0.0","HostPort":"56289"}],"33060/tcp":null},"SandboxKey":"/var/run/docker/netns/bd1f3a626f22","SecondaryIPAddresses":null,"SecondaryIPv6Addresses":null,"EndpointID":"a2b725c0c5ce4503f8e45e0c2adc4455b29a53a4866d3f23b2bce893a084641f","Gateway":"172.17.0.1","GlobalIPv6Address":"","GlobalIPv6PrefixLen":0,"IPAddress":"172.17.0.3","IPPrefixLen":16,"IPv6Gateway":"","MacAddress":"02:42:ac:11:00:03","Networks":{"bridge":{"IPAMConfig":null,"Links":null,"Aliases":null,"NetworkID":"308e234c143065751b16b4500cb9f48d5c7fc2116504b3d816a5e51cd4771062","EndpointID":"a2b725c0c5ce4503f8e45e0c2adc4455b29a53a4866d3f23b2bce893a084641f","Gateway":"172.17.0.1","IPAddress":"172.17.0.3","IPPrefixLen":16,"IPv6Gateway":"","GlobalIPv6Address":"","GlobalIPv6PrefixLen":0,"MacAddress":"02:42:ac:11:00:03","DriverOpts":null}}}}[\n]"
23:55:12.775 [Test worker] DEBUG com.github.dockerjava.zerodep.shaded.org.apache.hc.client5.http.wire - http-outgoing-2 << "[\r][\n]"
23:55:12.775 [Test worker] DEBUG com.github.dockerjava.zerodep.shaded.org.apache.hc.client5.http.wire - http-outgoing-2 << "0[\r][\n]"
23:55:12.775 [Test worker] DEBUG com.github.dockerjava.zerodep.shaded.org.apache.hc.client5.http.wire - http-outgoing-2 << "[\r][\n]"
23:55:12.776 [Test worker] DEBUG com.github.dockerjava.zerodep.shaded.org.apache.hc.client5.http.impl.classic.InternalHttpClient - ep-0000005F: releasing valid endpoint
23:55:12.776 [Test worker] DEBUG com.github.dockerjava.zerodep.shaded.org.apache.hc.client5.http.impl.io.PoolingHttpClientConnectionManager - ep-0000005F: releasing endpoint
23:55:12.776 [Test worker] DEBUG com.github.dockerjava.zerodep.shaded.org.apache.hc.client5.http.impl.io.PoolingHttpClientConnectionManager - ep-0000005F: connection http-outgoing-2 can be kept alive for 3 MINUTES
23:55:12.777 [Test worker] DEBUG com.github.dockerjava.zerodep.shaded.org.apache.hc.client5.http.impl.io.PoolingHttpClientConnectionManager - ep-0000005F: connection released [route: {}->unix://localhost:2375][total available: 1; route allocated: 1 of 2147483647; total allocated: 1 of 2147483647]
23:55:12.777 [Test worker] DEBUG ]]>&#x1f433;<![CDATA[ [mysql:latest] - Trying to create JDBC connection using com.mysql.cj.jdbc.Driver to jdbc:mysql://localhost:56289/adm_videos?useSSL=false&allowPublicKeyRetrieval=true with properties: {password=123456, user=root}
23:55:12.880 [Test worker] DEBUG org.testcontainers.shaded.com.github.dockerjava.core.command.AbstrDockerCmd - Cmd: c37a42694b7d1cff581f5e7b89a60b044af4721181408c271e821f1413201ca6,false
23:55:12.881 [Test worker] DEBUG org.testcontainers.shaded.com.github.dockerjava.core.exec.InspectContainerCmdExec - GET: DefaultWebTarget{path=[/containers/c37a42694b7d1cff581f5e7b89a60b044af4721181408c271e821f1413201ca6/json], queryParams={}}
23:55:12.881 [Test worker] DEBUG com.github.dockerjava.zerodep.shaded.org.apache.hc.client5.http.impl.classic.InternalHttpClient - ex-00000061: preparing request execution
23:55:12.882 [Test worker] DEBUG com.github.dockerjava.zerodep.shaded.org.apache.hc.client5.http.protocol.RequestAddCookies - Cookie spec selected: strict
23:55:12.882 [Test worker] DEBUG com.github.dockerjava.zerodep.shaded.org.apache.hc.client5.http.protocol.RequestAuthCache - Auth cache not set in the context
23:55:12.882 [Test worker] DEBUG com.github.dockerjava.zerodep.shaded.org.apache.hc.client5.http.impl.classic.ProtocolExec - ex-00000061: target auth state: UNCHALLENGED
23:55:12.882 [Test worker] DEBUG com.github.dockerjava.zerodep.shaded.org.apache.hc.client5.http.impl.classic.ProtocolExec - ex-00000061: proxy auth state: UNCHALLENGED
23:55:12.882 [Test worker] DEBUG com.github.dockerjava.zerodep.shaded.org.apache.hc.client5.http.impl.classic.ConnectExec - ex-00000061: acquiring connection with route {}->unix://localhost:2375
23:55:12.882 [Test worker] DEBUG com.github.dockerjava.zerodep.shaded.org.apache.hc.client5.http.impl.classic.InternalHttpClient - ex-00000061: acquiring endpoint (3 MINUTES)
23:55:12.882 [Test worker] DEBUG com.github.dockerjava.zerodep.shaded.org.apache.hc.client5.http.impl.io.PoolingHttpClientConnectionManager - ex-00000061: endpoint lease request (3 MINUTES) [route: {}->unix://localhost:2375][total available: 1; route allocated: 1 of 2147483647; total allocated: 1 of 2147483647]
23:55:12.882 [Test worker] DEBUG com.github.dockerjava.zerodep.shaded.org.apache.hc.client5.http.impl.io.PoolingHttpClientConnectionManager - ex-00000061: endpoint leased [route: {}->unix://localhost:2375][total available: 0; route allocated: 1 of 2147483647; total allocated: 1 of 2147483647]
23:55:12.882 [Test worker] DEBUG com.github.dockerjava.zerodep.shaded.org.apache.hc.client5.http.impl.io.PoolingHttpClientConnectionManager - ex-00000061: acquired ep-00000060
23:55:12.882 [Test worker] DEBUG com.github.dockerjava.zerodep.shaded.org.apache.hc.client5.http.impl.classic.InternalHttpClient - ex-00000061: acquired endpoint ep-00000060
23:55:12.882 [Test worker] DEBUG com.github.dockerjava.zerodep.shaded.org.apache.hc.client5.http.impl.classic.MainClientExec - ex-00000061: executing GET /v1.32/containers/c37a42694b7d1cff581f5e7b89a60b044af4721181408c271e821f1413201ca6/json HTTP/1.1
23:55:12.882 [Test worker] DEBUG com.github.dockerjava.zerodep.shaded.org.apache.hc.client5.http.impl.classic.InternalHttpClient - ep-00000060: start execution ex-00000061
23:55:12.882 [Test worker] DEBUG com.github.dockerjava.zerodep.shaded.org.apache.hc.client5.http.impl.io.PoolingHttpClientConnectionManager - ep-00000060: executing exchange ex-00000061 over http-outgoing-2
23:55:12.883 [Test worker] DEBUG com.github.dockerjava.zerodep.shaded.org.apache.hc.client5.http.headers - http-outgoing-2 >> GET /v1.32/containers/c37a42694b7d1cff581f5e7b89a60b044af4721181408c271e821f1413201ca6/json HTTP/1.1
23:55:12.883 [Test worker] DEBUG com.github.dockerjava.zerodep.shaded.org.apache.hc.client5.http.headers - http-outgoing-2 >> accept: application/json
23:55:12.883 [Test worker] DEBUG com.github.dockerjava.zerodep.shaded.org.apache.hc.client5.http.headers - http-outgoing-2 >> x-tc-sid: 818a13d9-e138-4e41-b5a4-74fd927e6a2d
23:55:12.883 [Test worker] DEBUG com.github.dockerjava.zerodep.shaded.org.apache.hc.client5.http.headers - http-outgoing-2 >> Accept-Encoding: gzip, x-gzip, deflate
23:55:12.883 [Test worker] DEBUG com.github.dockerjava.zerodep.shaded.org.apache.hc.client5.http.headers - http-outgoing-2 >> Host: localhost:2375
23:55:12.883 [Test worker] DEBUG com.github.dockerjava.zerodep.shaded.org.apache.hc.client5.http.headers - http-outgoing-2 >> Connection: keep-alive
23:55:12.883 [Test worker] DEBUG com.github.dockerjava.zerodep.shaded.org.apache.hc.client5.http.headers - http-outgoing-2 >> User-Agent: Apache-HttpClient/5.0.3 (Java/17.0.2)
23:55:12.883 [Test worker] DEBUG com.github.dockerjava.zerodep.shaded.org.apache.hc.client5.http.wire - http-outgoing-2 >> "GET /v1.32/containers/c37a42694b7d1cff581f5e7b89a60b044af4721181408c271e821f1413201ca6/json HTTP/1.1[\r][\n]"
23:55:12.883 [Test worker] DEBUG com.github.dockerjava.zerodep.shaded.org.apache.hc.client5.http.wire - http-outgoing-2 >> "accept: application/json[\r][\n]"
23:55:12.883 [Test worker] DEBUG com.github.dockerjava.zerodep.shaded.org.apache.hc.client5.http.wire - http-outgoing-2 >> "x-tc-sid: 818a13d9-e138-4e41-b5a4-74fd927e6a2d[\r][\n]"
23:55:12.883 [Test worker] DEBUG com.github.dockerjava.zerodep.shaded.org.apache.hc.client5.http.wire - http-outgoing-2 >> "Accept-Encoding: gzip, x-gzip, deflate[\r][\n]"
23:55:12.883 [Test worker] DEBUG com.github.dockerjava.zerodep.shaded.org.apache.hc.client5.http.wire - http-outgoing-2 >> "Host: localhost:2375[\r][\n]"
23:55:12.883 [Test worker] DEBUG com.github.dockerjava.zerodep.shaded.org.apache.hc.client5.http.wire - http-outgoing-2 >> "Connection: keep-alive[\r][\n]"
23:55:12.883 [Test worker] DEBUG com.github.dockerjava.zerodep.shaded.org.apache.hc.client5.http.wire - http-outgoing-2 >> "User-Agent: Apache-HttpClient/5.0.3 (Java/17.0.2)[\r][\n]"
23:55:12.883 [Test worker] DEBUG com.github.dockerjava.zerodep.shaded.org.apache.hc.client5.http.wire - http-outgoing-2 >> "[\r][\n]"
23:55:12.887 [Test worker] DEBUG com.github.dockerjava.zerodep.shaded.org.apache.hc.client5.http.wire - http-outgoing-2 << "HTTP/1.1 200 OK[\r][\n]"
23:55:12.887 [Test worker] DEBUG com.github.dockerjava.zerodep.shaded.org.apache.hc.client5.http.wire - http-outgoing-2 << "Api-Version: 1.41[\r][\n]"
23:55:12.887 [Test worker] DEBUG com.github.dockerjava.zerodep.shaded.org.apache.hc.client5.http.wire - http-outgoing-2 << "Content-Type: application/json[\r][\n]"
23:55:12.887 [Test worker] DEBUG com.github.dockerjava.zerodep.shaded.org.apache.hc.client5.http.wire - http-outgoing-2 << "Date: Mon, 27 Mar 2023 02:55:12 GMT[\r][\n]"
23:55:12.887 [Test worker] DEBUG com.github.dockerjava.zerodep.shaded.org.apache.hc.client5.http.wire - http-outgoing-2 << "Docker-Experimental: false[\r][\n]"
23:55:12.887 [Test worker] DEBUG com.github.dockerjava.zerodep.shaded.org.apache.hc.client5.http.wire - http-outgoing-2 << "Ostype: linux[\r][\n]"
23:55:12.887 [Test worker] DEBUG com.github.dockerjava.zerodep.shaded.org.apache.hc.client5.http.wire - http-outgoing-2 << "Server: Docker/20.10.21 (linux)[\r][\n]"
23:55:12.887 [Test worker] DEBUG com.github.dockerjava.zerodep.shaded.org.apache.hc.client5.http.wire - http-outgoing-2 << "Transfer-Encoding: chunked[\r][\n]"
23:55:12.887 [Test worker] DEBUG com.github.dockerjava.zerodep.shaded.org.apache.hc.client5.http.wire - http-outgoing-2 << "[\r][\n]"
23:55:12.887 [Test worker] DEBUG com.github.dockerjava.zerodep.shaded.org.apache.hc.client5.http.headers - http-outgoing-2 << HTTP/1.1 200 OK
23:55:12.887 [Test worker] DEBUG com.github.dockerjava.zerodep.shaded.org.apache.hc.client5.http.headers - http-outgoing-2 << Api-Version: 1.41
23:55:12.887 [Test worker] DEBUG com.github.dockerjava.zerodep.shaded.org.apache.hc.client5.http.headers - http-outgoing-2 << Content-Type: application/json
23:55:12.887 [Test worker] DEBUG com.github.dockerjava.zerodep.shaded.org.apache.hc.client5.http.headers - http-outgoing-2 << Date: Mon, 27 Mar 2023 02:55:12 GMT
23:55:12.887 [Test worker] DEBUG com.github.dockerjava.zerodep.shaded.org.apache.hc.client5.http.headers - http-outgoing-2 << Docker-Experimental: false
23:55:12.887 [Test worker] DEBUG com.github.dockerjava.zerodep.shaded.org.apache.hc.client5.http.headers - http-outgoing-2 << Ostype: linux
23:55:12.887 [Test worker] DEBUG com.github.dockerjava.zerodep.shaded.org.apache.hc.client5.http.headers - http-outgoing-2 << Server: Docker/20.10.21 (linux)
23:55:12.887 [Test worker] DEBUG com.github.dockerjava.zerodep.shaded.org.apache.hc.client5.http.headers - http-outgoing-2 << Transfer-Encoding: chunked
23:55:12.887 [Test worker] DEBUG com.github.dockerjava.zerodep.shaded.org.apache.hc.client5.http.impl.classic.MainClientExec - ex-00000061: connection can be kept alive for 3 MINUTES
23:55:12.887 [Test worker] DEBUG com.github.dockerjava.zerodep.shaded.org.apache.hc.client5.http.wire - http-outgoing-2 << "18c1[\r][\n]"
23:55:12.887 [Test worker] DEBUG com.github.dockerjava.zerodep.shaded.org.apache.hc.client5.http.wire - http-outgoing-2 << "{"Id":"c37a42694b7d1cff581f5e7b89a60b044af4721181408c271e821f1413201ca6","Created":"2023-03-27T02:55:02.49734542Z","Path":"docker-entrypoint.sh","Args":["mysqld"],"State":{"Status":"running","Running":true,"Paused":false,"Restarting":false,"OOMKilled":false,"Dead":false,"Pid":18342,"ExitCode":0,"Error":"","StartedAt":"2023-03-27T02:55:03.12719392Z","FinishedAt":"0001-01-01T00:00:00Z"},"Image":"sha256:c7c54c29e20dccc1aefb936c8eba8bb8b98b87a4921102aba87fde2df5810af9","ResolvConfPath":"/var/lib/docker/containers/c37a42694b7d1cff581f5e7b89a60b044af4721181408c271e821f1413201ca6/resolv.conf","HostnamePath":"/var/lib/docker/containers/c37a42694b7d1cff581f5e7b89a60b044af4721181408c271e821f1413201ca6/hostname","HostsPath":"/var/lib/docker/containers/c37a42694b7d1cff581f5e7b89a60b044af4721181408c271e821f1413201ca6/hosts","LogPath":"/var/lib/docker/containers/c37a42694b7d1cff581f5e7b89a60b044af4721181408c271e821f1413201ca6/c37a42694b7d1cff581f5e7b89a60b044af4721181408c271e821f1413201ca6-json.log","Name":"/elegant_mahavira","RestartCount":0,"Driver":"overlay2","Platform":"linux","MountLabel":"","ProcessLabel":"","AppArmorProfile":"","ExecIDs":null,"HostConfig":{"Binds":[],"ContainerIDFile":"","LogConfig":{"Type":"json-file","Config":{}},"NetworkMode":"default","PortBindings":{"3306/tcp":[{"HostIp":"0.0.0.0","HostPort":"0"}]},"RestartPolicy":{"Name":"","MaximumRetryCount":0},"AutoRemove":false,"VolumeDriver":"","VolumesFrom":[],"CapAdd":null,"CapDrop":null,"CgroupnsMode":"private","Dns":null,"DnsOptions":null,"DnsSearch":null,"ExtraHosts":[],"GroupAdd":null,"IpcMode":"shareable","Cgroup":"","Links":null,"OomScoreAdj":0,"PidMode":"","Privileged":false,"PublishAllPorts":false,"ReadonlyRootfs":false,"SecurityOpt":null,"UTSMode":"","UsernsMode":"","ShmSize":67108864,"Runtime":"runc","ConsoleSize":[0,0],"Isolation":"","CpuShares":0,"Memory":0,"NanoCpus":0,"CgroupParent":"","BlkioWeight":0,"BlkioWeightDevice":null,"BlkioDeviceReadBps":null,"BlkioDeviceWriteBps":null,"BlkioDeviceReadIOps":null,"BlkioDeviceWriteIOps":null,"CpuPeriod":0,"CpuQuota":0,"CpuRealtimePeriod":0,"CpuRealtimeRuntime":0,"CpusetCpus":"","CpusetMems":"","Devices":null,"DeviceCgroupRules":null,"DeviceRequests":null,"KernelMemory":0,"KernelMemoryTCP":0,"MemoryReservation":0,"MemorySwap":0,"MemorySwappiness":null,"OomKillDisable":null,"PidsLimit":null,"Ulimits":null,"CpuCount":0,"CpuPercent":0,"IOMaximumIOps":0,"IOMaximumBandwidth":0,"MaskedPaths":["/proc/asound","/proc/acpi","/proc/kcore","/proc/keys","/proc/latency_stats","/proc/timer_list","/proc/timer_stats","/proc/sched_debug","/proc/scsi","/sys/firmware"],"ReadonlyPaths":["/proc/bus","/proc/fs","/proc/irq","/proc/sys","/proc/sysrq-trigger"]},"GraphDriver":{"Data":{"LowerDir":"/var/lib/docker/overlay2/2c15a904a49807090175d7750f18e0f6a57e99c38a424839679cbaf676a4d500-init/diff:/var/lib/docker/overlay2/1bd8849d7a296305617011f940aa5cfabbe972a513397b1b6bbc27639b6c1f30/diff:/var/lib/docker/overlay2/199d69b2fbf78af4d4c95dec4fd2f8835ab0347eb49fb20ebb2ff3b99fedd6ad/diff:/var/lib/docker/overlay2/d83c38d654989311f75b9491329846033bfb7714de76ef635380dcfad5c740d9/diff:/var/lib/docker/overlay2/08600d0aea2ab2728bebcf5d2589c640a842f53d1ba3c4a4adccb4d03b923cf6/diff:/var/lib/docker/overlay2/9ec7c63a3fb14d13ac788bbf5e282ca821edc41260b79944e5e631037d13ecda/diff:/var/lib/docker/overlay2/db601d7a1b4ea6da638db620462f0da96fa55c559d02269c9ddb09027936ed87/diff:/var/lib/docker/overlay2/a6d2bd03f942e2565f21e74cfe152c7ec836a1c2b583f0790c685b92bdcfda24/diff:/var/lib/docker/overlay2/9badd16ea2c5e2bf1fde8b579683e41137dfc46ed5449234149f199a6751cc84/diff:/var/lib/docker/overlay2/6efb85646ed12e2d1181ef4cc6f6f6732c00c15a4035fe17ebc4f075ca573c30/diff:/var/lib/docker/overlay2/895d7c0ec09144d6ed33936f4e98e11c18010f7abd708cae1ce43aec7a7f2621/diff:/var/lib/docker/overlay2/1c4ba77aa573ab6e5e5069fd15eae71b3da940bde0f97a922a227ffc8a1d1096/diff","MergedDir":"/var/lib/docker/overlay2/2c15a904a49807090175d7750f18e0f6a57e99c38a424839679cbaf676a4d500/merged","UpperDir":"/var/lib/docker/overlay2/2c15a904a49807090175d7750f18e0f6a57e99c38a424839679cbaf676a4d500/diff","WorkDir":"/var/lib/docker/overlay2/2c15a904a49807090175d7750f18e0f6a57e99c38a424839679cbaf676a4d500/work"},"Name":"overlay2"},"Mounts":[{"Type":"volume","Name":"44a9389ce95a2961210e86afd6afe42b23405f43157b5dc00e010d283c01df79","Source":"/var/lib/docker/volumes/44a9389ce95a2961210e86afd6afe42b23405f43157b5dc00e010d283c01df79/_data","Destination":"/var/lib/mysql","Driver":"local","Mode":"","RW":true,"Propagation":""}],"Config":{"Hostname":"c37a42694b7d","Domainname":"","User":"","AttachStdin":false,"AttachStdout":false,"AttachStderr":false,"ExposedPorts":{"3306/tcp":{},"33060/tcp":{}},"Tty":false,"OpenStdin":false,"StdinOnce":false,"Env":["MYSQL_DATABASE=adm_videos","MYSQL_PASSWORD=123456","MYSQL_ROOT_PASSWORD=123456","PATH=/usr/local/sbin:/usr/local/bin:/usr/sbin:/usr/bin:/sbin:/bin","GOSU_VERSION=1.16","MYSQL_MAJOR=8.0","MYSQL_VERSION=8.0.32-1.el8","MYSQL_SHELL_VERSION=8.0.32-1.el8"],"Cmd":["mysqld"],"Image":"mysql:latest","Volumes":{"/var/lib/mysql":{}},"WorkingDir":"","Entrypoint":["docker-entrypoint.sh"],"OnBuild":null,"Labels":{"org.testcontainers":"true","org.testcontainers.lang":"java","org.testcontainers.sessionId":"818a13d9-e138-4e41-b5a4-74fd927e6a2d","org.testcontainers.version":"1.17.6"}},"NetworkSettings":{"Bridge":"","SandboxID":"bd1f3a626f226e407a1a406212013b21c93b302c93f9fd53a405b7fc5ff825b3","HairpinMode":false,"LinkLocalIPv6Address":"","LinkLocalIPv6PrefixLen":0,"Ports":{"3306/tcp":[{"HostIp":"0.0.0.0","HostPort":"56289"}],"33060/tcp":null},"SandboxKey":"/var/run/docker/netns/bd1f3a626f22","SecondaryIPAddresses":null,"SecondaryIPv6Addresses":null,"EndpointID":"a2b725c0c5ce4503f8e45e0c2adc4455b29a53a4866d3f23b2bce893a084641f","Gateway":"172.17.0.1","GlobalIPv6Address":"","GlobalIPv6PrefixLen":0,"IPAddress":"172.17.0.3","IPPrefixLen":16,"IPv6Gateway":"","MacAddress":"02:42:ac:11:00:03","Networks":{"bridge":{"IPAMConfig":null,"Links":null,"Aliases":null,"NetworkID":"308e234c143065751b16b4500cb9f48d5c7fc2116504b3d816a5e51cd4771062","EndpointID":"a2b725c0c5ce4503f8e45e0c2adc4455b29a53a4866d3f23b2bce893a084641f","Gateway":"172.17.0.1","IPAddress":"172.17.0.3","IPPrefixLen":16,"IPv6Gateway":"","GlobalIPv6Address":"","GlobalIPv6PrefixLen":0,"MacAddress":"02:42:ac:11:00:03","DriverOpts":null}}}}[\n]"
23:55:12.887 [Test worker] DEBUG com.github.dockerjava.zerodep.shaded.org.apache.hc.client5.http.wire - http-outgoing-2 << "[\r][\n]"
23:55:12.887 [Test worker] DEBUG com.github.dockerjava.zerodep.shaded.org.apache.hc.client5.http.wire - http-outgoing-2 << "0[\r][\n]"
23:55:12.887 [Test worker] DEBUG com.github.dockerjava.zerodep.shaded.org.apache.hc.client5.http.wire - http-outgoing-2 << "[\r][\n]"
23:55:12.889 [Test worker] DEBUG com.github.dockerjava.zerodep.shaded.org.apache.hc.client5.http.impl.classic.InternalHttpClient - ep-00000060: releasing valid endpoint
23:55:12.889 [Test worker] DEBUG com.github.dockerjava.zerodep.shaded.org.apache.hc.client5.http.impl.io.PoolingHttpClientConnectionManager - ep-00000060: releasing endpoint
23:55:12.889 [Test worker] DEBUG com.github.dockerjava.zerodep.shaded.org.apache.hc.client5.http.impl.io.PoolingHttpClientConnectionManager - ep-00000060: connection http-outgoing-2 can be kept alive for 3 MINUTES
23:55:12.889 [Test worker] DEBUG com.github.dockerjava.zerodep.shaded.org.apache.hc.client5.http.impl.io.PoolingHttpClientConnectionManager - ep-00000060: connection released [route: {}->unix://localhost:2375][total available: 1; route allocated: 1 of 2147483647; total allocated: 1 of 2147483647]
23:55:12.889 [Test worker] DEBUG ]]>&#x1f433;<![CDATA[ [mysql:latest] - Trying to create JDBC connection using com.mysql.cj.jdbc.Driver to jdbc:mysql://localhost:56289/adm_videos?useSSL=false&allowPublicKeyRetrieval=true with properties: {password=123456, user=root}
23:55:12.994 [Test worker] DEBUG org.testcontainers.shaded.com.github.dockerjava.core.command.AbstrDockerCmd - Cmd: c37a42694b7d1cff581f5e7b89a60b044af4721181408c271e821f1413201ca6,false
23:55:12.994 [Test worker] DEBUG org.testcontainers.shaded.com.github.dockerjava.core.exec.InspectContainerCmdExec - GET: DefaultWebTarget{path=[/containers/c37a42694b7d1cff581f5e7b89a60b044af4721181408c271e821f1413201ca6/json], queryParams={}}
23:55:12.994 [Test worker] DEBUG com.github.dockerjava.zerodep.shaded.org.apache.hc.client5.http.impl.classic.InternalHttpClient - ex-00000062: preparing request execution
23:55:12.994 [Test worker] DEBUG com.github.dockerjava.zerodep.shaded.org.apache.hc.client5.http.protocol.RequestAddCookies - Cookie spec selected: strict
23:55:12.994 [Test worker] DEBUG com.github.dockerjava.zerodep.shaded.org.apache.hc.client5.http.protocol.RequestAuthCache - Auth cache not set in the context
23:55:12.994 [Test worker] DEBUG com.github.dockerjava.zerodep.shaded.org.apache.hc.client5.http.impl.classic.ProtocolExec - ex-00000062: target auth state: UNCHALLENGED
23:55:12.994 [Test worker] DEBUG com.github.dockerjava.zerodep.shaded.org.apache.hc.client5.http.impl.classic.ProtocolExec - ex-00000062: proxy auth state: UNCHALLENGED
23:55:12.994 [Test worker] DEBUG com.github.dockerjava.zerodep.shaded.org.apache.hc.client5.http.impl.classic.ConnectExec - ex-00000062: acquiring connection with route {}->unix://localhost:2375
23:55:12.994 [Test worker] DEBUG com.github.dockerjava.zerodep.shaded.org.apache.hc.client5.http.impl.classic.InternalHttpClient - ex-00000062: acquiring endpoint (3 MINUTES)
23:55:12.994 [Test worker] DEBUG com.github.dockerjava.zerodep.shaded.org.apache.hc.client5.http.impl.io.PoolingHttpClientConnectionManager - ex-00000062: endpoint lease request (3 MINUTES) [route: {}->unix://localhost:2375][total available: 1; route allocated: 1 of 2147483647; total allocated: 1 of 2147483647]
23:55:12.994 [Test worker] DEBUG com.github.dockerjava.zerodep.shaded.org.apache.hc.client5.http.impl.io.PoolingHttpClientConnectionManager - ex-00000062: endpoint leased [route: {}->unix://localhost:2375][total available: 0; route allocated: 1 of 2147483647; total allocated: 1 of 2147483647]
23:55:12.994 [Test worker] DEBUG com.github.dockerjava.zerodep.shaded.org.apache.hc.client5.http.impl.io.PoolingHttpClientConnectionManager - ex-00000062: acquired ep-00000061
23:55:12.994 [Test worker] DEBUG com.github.dockerjava.zerodep.shaded.org.apache.hc.client5.http.impl.classic.InternalHttpClient - ex-00000062: acquired endpoint ep-00000061
23:55:12.994 [Test worker] DEBUG com.github.dockerjava.zerodep.shaded.org.apache.hc.client5.http.impl.classic.MainClientExec - ex-00000062: executing GET /v1.32/containers/c37a42694b7d1cff581f5e7b89a60b044af4721181408c271e821f1413201ca6/json HTTP/1.1
23:55:12.994 [Test worker] DEBUG com.github.dockerjava.zerodep.shaded.org.apache.hc.client5.http.impl.classic.InternalHttpClient - ep-00000061: start execution ex-00000062
23:55:12.994 [Test worker] DEBUG com.github.dockerjava.zerodep.shaded.org.apache.hc.client5.http.impl.io.PoolingHttpClientConnectionManager - ep-00000061: executing exchange ex-00000062 over http-outgoing-2
23:55:12.994 [Test worker] DEBUG com.github.dockerjava.zerodep.shaded.org.apache.hc.client5.http.headers - http-outgoing-2 >> GET /v1.32/containers/c37a42694b7d1cff581f5e7b89a60b044af4721181408c271e821f1413201ca6/json HTTP/1.1
23:55:12.994 [Test worker] DEBUG com.github.dockerjava.zerodep.shaded.org.apache.hc.client5.http.headers - http-outgoing-2 >> accept: application/json
23:55:12.994 [Test worker] DEBUG com.github.dockerjava.zerodep.shaded.org.apache.hc.client5.http.headers - http-outgoing-2 >> x-tc-sid: 818a13d9-e138-4e41-b5a4-74fd927e6a2d
23:55:12.994 [Test worker] DEBUG com.github.dockerjava.zerodep.shaded.org.apache.hc.client5.http.headers - http-outgoing-2 >> Accept-Encoding: gzip, x-gzip, deflate
23:55:12.994 [Test worker] DEBUG com.github.dockerjava.zerodep.shaded.org.apache.hc.client5.http.headers - http-outgoing-2 >> Host: localhost:2375
23:55:12.994 [Test worker] DEBUG com.github.dockerjava.zerodep.shaded.org.apache.hc.client5.http.headers - http-outgoing-2 >> Connection: keep-alive
23:55:12.994 [Test worker] DEBUG com.github.dockerjava.zerodep.shaded.org.apache.hc.client5.http.headers - http-outgoing-2 >> User-Agent: Apache-HttpClient/5.0.3 (Java/17.0.2)
23:55:12.994 [Test worker] DEBUG com.github.dockerjava.zerodep.shaded.org.apache.hc.client5.http.wire - http-outgoing-2 >> "GET /v1.32/containers/c37a42694b7d1cff581f5e7b89a60b044af4721181408c271e821f1413201ca6/json HTTP/1.1[\r][\n]"
23:55:12.994 [Test worker] DEBUG com.github.dockerjava.zerodep.shaded.org.apache.hc.client5.http.wire - http-outgoing-2 >> "accept: application/json[\r][\n]"
23:55:12.994 [Test worker] DEBUG com.github.dockerjava.zerodep.shaded.org.apache.hc.client5.http.wire - http-outgoing-2 >> "x-tc-sid: 818a13d9-e138-4e41-b5a4-74fd927e6a2d[\r][\n]"
23:55:12.994 [Test worker] DEBUG com.github.dockerjava.zerodep.shaded.org.apache.hc.client5.http.wire - http-outgoing-2 >> "Accept-Encoding: gzip, x-gzip, deflate[\r][\n]"
23:55:12.994 [Test worker] DEBUG com.github.dockerjava.zerodep.shaded.org.apache.hc.client5.http.wire - http-outgoing-2 >> "Host: localhost:2375[\r][\n]"
23:55:12.994 [Test worker] DEBUG com.github.dockerjava.zerodep.shaded.org.apache.hc.client5.http.wire - http-outgoing-2 >> "Connection: keep-alive[\r][\n]"
23:55:12.994 [Test worker] DEBUG com.github.dockerjava.zerodep.shaded.org.apache.hc.client5.http.wire - http-outgoing-2 >> "User-Agent: Apache-HttpClient/5.0.3 (Java/17.0.2)[\r][\n]"
23:55:12.994 [Test worker] DEBUG com.github.dockerjava.zerodep.shaded.org.apache.hc.client5.http.wire - http-outgoing-2 >> "[\r][\n]"
23:55:13.000 [Test worker] DEBUG com.github.dockerjava.zerodep.shaded.org.apache.hc.client5.http.wire - http-outgoing-2 << "HTTP/1.1 200 OK[\r][\n]"
23:55:13.000 [Test worker] DEBUG com.github.dockerjava.zerodep.shaded.org.apache.hc.client5.http.wire - http-outgoing-2 << "Api-Version: 1.41[\r][\n]"
23:55:13.000 [Test worker] DEBUG com.github.dockerjava.zerodep.shaded.org.apache.hc.client5.http.wire - http-outgoing-2 << "Content-Type: application/json[\r][\n]"
23:55:13.000 [Test worker] DEBUG com.github.dockerjava.zerodep.shaded.org.apache.hc.client5.http.wire - http-outgoing-2 << "Date: Mon, 27 Mar 2023 02:55:13 GMT[\r][\n]"
23:55:13.000 [Test worker] DEBUG com.github.dockerjava.zerodep.shaded.org.apache.hc.client5.http.wire - http-outgoing-2 << "Docker-Experimental: false[\r][\n]"
23:55:13.000 [Test worker] DEBUG com.github.dockerjava.zerodep.shaded.org.apache.hc.client5.http.wire - http-outgoing-2 << "Ostype: linux[\r][\n]"
23:55:13.000 [Test worker] DEBUG com.github.dockerjava.zerodep.shaded.org.apache.hc.client5.http.wire - http-outgoing-2 << "Server: Docker/20.10.21 (linux)[\r][\n]"
23:55:13.000 [Test worker] DEBUG com.github.dockerjava.zerodep.shaded.org.apache.hc.client5.http.wire - http-outgoing-2 << "Transfer-Encoding: chunked[\r][\n]"
23:55:13.000 [Test worker] DEBUG com.github.dockerjava.zerodep.shaded.org.apache.hc.client5.http.wire - http-outgoing-2 << "[\r][\n]"
23:55:13.000 [Test worker] DEBUG com.github.dockerjava.zerodep.shaded.org.apache.hc.client5.http.headers - http-outgoing-2 << HTTP/1.1 200 OK
23:55:13.000 [Test worker] DEBUG com.github.dockerjava.zerodep.shaded.org.apache.hc.client5.http.headers - http-outgoing-2 << Api-Version: 1.41
23:55:13.000 [Test worker] DEBUG com.github.dockerjava.zerodep.shaded.org.apache.hc.client5.http.headers - http-outgoing-2 << Content-Type: application/json
23:55:13.000 [Test worker] DEBUG com.github.dockerjava.zerodep.shaded.org.apache.hc.client5.http.headers - http-outgoing-2 << Date: Mon, 27 Mar 2023 02:55:13 GMT
23:55:13.000 [Test worker] DEBUG com.github.dockerjava.zerodep.shaded.org.apache.hc.client5.http.headers - http-outgoing-2 << Docker-Experimental: false
23:55:13.000 [Test worker] DEBUG com.github.dockerjava.zerodep.shaded.org.apache.hc.client5.http.headers - http-outgoing-2 << Ostype: linux
23:55:13.000 [Test worker] DEBUG com.github.dockerjava.zerodep.shaded.org.apache.hc.client5.http.headers - http-outgoing-2 << Server: Docker/20.10.21 (linux)
23:55:13.000 [Test worker] DEBUG com.github.dockerjava.zerodep.shaded.org.apache.hc.client5.http.headers - http-outgoing-2 << Transfer-Encoding: chunked
23:55:13.000 [Test worker] DEBUG com.github.dockerjava.zerodep.shaded.org.apache.hc.client5.http.impl.classic.MainClientExec - ex-00000062: connection can be kept alive for 3 MINUTES
23:55:13.003 [Test worker] DEBUG com.github.dockerjava.zerodep.shaded.org.apache.hc.client5.http.wire - http-outgoing-2 << "18c1[\r][\n]"
23:55:13.003 [Test worker] DEBUG com.github.dockerjava.zerodep.shaded.org.apache.hc.client5.http.wire - http-outgoing-2 << "{"Id":"c37a42694b7d1cff581f5e7b89a60b044af4721181408c271e821f1413201ca6","Created":"2023-03-27T02:55:02.49734542Z","Path":"docker-entrypoint.sh","Args":["mysqld"],"State":{"Status":"running","Running":true,"Paused":false,"Restarting":false,"OOMKilled":false,"Dead":false,"Pid":18342,"ExitCode":0,"Error":"","StartedAt":"2023-03-27T02:55:03.12719392Z","FinishedAt":"0001-01-01T00:00:00Z"},"Image":"sha256:c7c54c29e20dccc1aefb936c8eba8bb8b98b87a4921102aba87fde2df5810af9","ResolvConfPath":"/var/lib/docker/containers/c37a42694b7d1cff581f5e7b89a60b044af4721181408c271e821f1413201ca6/resolv.conf","HostnamePath":"/var/lib/docker/containers/c37a42694b7d1cff581f5e7b89a60b044af4721181408c271e821f1413201ca6/hostname","HostsPath":"/var/lib/docker/containers/c37a42694b7d1cff581f5e7b89a60b044af4721181408c271e821f1413201ca6/hosts","LogPath":"/var/lib/docker/containers/c37a42694b7d1cff581f5e7b89a60b044af4721181408c271e821f1413201ca6/c37a42694b7d1cff581f5e7b89a60b044af4721181408c271e821f1413201ca6-json.log","Name":"/elegant_mahavira","RestartCount":0,"Driver":"overlay2","Platform":"linux","MountLabel":"","ProcessLabel":"","AppArmorProfile":"","ExecIDs":null,"HostConfig":{"Binds":[],"ContainerIDFile":"","LogConfig":{"Type":"json-file","Config":{}},"NetworkMode":"default","PortBindings":{"3306/tcp":[{"HostIp":"0.0.0.0","HostPort":"0"}]},"RestartPolicy":{"Name":"","MaximumRetryCount":0},"AutoRemove":false,"VolumeDriver":"","VolumesFrom":[],"CapAdd":null,"CapDrop":null,"CgroupnsMode":"private","Dns":null,"DnsOptions":null,"DnsSearch":null,"ExtraHosts":[],"GroupAdd":null,"IpcMode":"shareable","Cgroup":"","Links":null,"OomScoreAdj":0,"PidMode":"","Privileged":false,"PublishAllPorts":false,"ReadonlyRootfs":false,"SecurityOpt":null,"UTSMode":"","UsernsMode":"","ShmSize":67108864,"Runtime":"runc","ConsoleSize":[0,0],"Isolation":"","CpuShares":0,"Memory":0,"NanoCpus":0,"CgroupParent":"","BlkioWeight":0,"BlkioWeightDevice":null,"BlkioDeviceReadBps":null,"BlkioDeviceWriteBps":null,"BlkioDeviceReadIOps":null,"BlkioDeviceWriteIOps":null,"CpuPeriod":0,"CpuQuota":0,"CpuRealtimePeriod":0,"CpuRealtimeRuntime":0,"CpusetCpus":"","CpusetMems":"","Devices":null,"DeviceCgroupRules":null,"DeviceRequests":null,"KernelMemory":0,"KernelMemoryTCP":0,"MemoryReservation":0,"MemorySwap":0,"MemorySwappiness":null,"OomKillDisable":null,"PidsLimit":null,"Ulimits":null,"CpuCount":0,"CpuPercent":0,"IOMaximumIOps":0,"IOMaximumBandwidth":0,"MaskedPaths":["/proc/asound","/proc/acpi","/proc/kcore","/proc/keys","/proc/latency_stats","/proc/timer_list","/proc/timer_stats","/proc/sched_debug","/proc/scsi","/sys/firmware"],"ReadonlyPaths":["/proc/bus","/proc/fs","/proc/irq","/proc/sys","/proc/sysrq-trigger"]},"GraphDriver":{"Data":{"LowerDir":"/var/lib/docker/overlay2/2c15a904a49807090175d7750f18e0f6a57e99c38a424839679cbaf676a4d500-init/diff:/var/lib/docker/overlay2/1bd8849d7a296305617011f940aa5cfabbe972a513397b1b6bbc27639b6c1f30/diff:/var/lib/docker/overlay2/199d69b2fbf78af4d4c95dec4fd2f8835ab0347eb49fb20ebb2ff3b99fedd6ad/diff:/var/lib/docker/overlay2/d83c38d654989311f75b9491329846033bfb7714de76ef635380dcfad5c740d9/diff:/var/lib/docker/overlay2/08600d0aea2ab2728bebcf5d2589c640a842f53d1ba3c4a4adccb4d03b923cf6/diff:/var/lib/docker/overlay2/9ec7c63a3fb14d13ac788bbf5e282ca821edc41260b79944e5e631037d13ecda/diff:/var/lib/docker/overlay2/db601d7a1b4ea6da638db620462f0da96fa55c559d02269c9ddb09027936ed87/diff:/var/lib/docker/overlay2/a6d2bd03f942e2565f21e74cfe152c7ec836a1c2b583f0790c685b92bdcfda24/diff:/var/lib/docker/overlay2/9badd16ea2c5e2bf1fde8b579683e41137dfc46ed5449234149f199a6751cc84/diff:/var/lib/docker/overlay2/6efb85646ed12e2d1181ef4cc6f6f6732c00c15a4035fe17ebc4f075ca573c30/diff:/var/lib/docker/overlay2/895d7c0ec09144d6ed33936f4e98e11c18010f7abd708cae1ce43aec7a7f2621/diff:/var/lib/docker/overlay2/1c4ba77aa573ab6e5e5069fd15eae71b3da940bde0f97a922a227ffc8a1d1096/diff","MergedDir":"/var/lib/docker/overlay2/2c15a904a49807090175d7750f18e0f6a57e99c38a424839679cbaf676a4d500/merged","UpperDir":"/var/lib/docker/overlay2/2c15a904a49807090175d7750f18e0f6a57e99c38a424839679cbaf676a4d500/diff","WorkDir":"/var/lib/docker/overlay2/2c15a904a49807090175d7750f18e0f6a57e99c38a424839679cbaf676a4d500/work"},"Name":"overlay2"},"Mounts":[{"Type":"volume","Name":"44a9389ce95a2961210e86afd6afe42b23405f43157b5dc00e010d283c01df79","Source":"/var/lib/docker/volumes/44a9389ce95a2961210e86afd6afe42b23405f43157b5dc00e010d283c01df79/_data","Destination":"/var/lib/mysql","Driver":"local","Mode":"","RW":true,"Propagation":""}],"Config":{"Hostname":"c37a42694b7d","Domainname":"","User":"","AttachStdin":false,"AttachStdout":false,"AttachStderr":false,"ExposedPorts":{"3306/tcp":{},"33060/tcp":{}},"Tty":false,"OpenStdin":false,"StdinOnce":false,"Env":["MYSQL_DATABASE=adm_videos","MYSQL_PASSWORD=123456","MYSQL_ROOT_PASSWORD=123456","PATH=/usr/local/sbin:/usr/local/bin:/usr/sbin:/usr/bin:/sbin:/bin","GOSU_VERSION=1.16","MYSQL_MAJOR=8.0","MYSQL_VERSION=8.0.32-1.el8","MYSQL_SHELL_VERSION=8.0.32-1.el8"],"Cmd":["mysqld"],"Image":"mysql:latest","Volumes":{"/var/lib/mysql":{}},"WorkingDir":"","Entrypoint":["docker-entrypoint.sh"],"OnBuild":null,"Labels":{"org.testcontainers":"true","org.testcontainers.lang":"java","org.testcontainers.sessionId":"818a13d9-e138-4e41-b5a4-74fd927e6a2d","org.testcontainers.version":"1.17.6"}},"NetworkSettings":{"Bridge":"","SandboxID":"bd1f3a626f226e407a1a406212013b21c93b302c93f9fd53a405b7fc5ff825b3","HairpinMode":false,"LinkLocalIPv6Address":"","LinkLocalIPv6PrefixLen":0,"Ports":{"3306/tcp":[{"HostIp":"0.0.0.0","HostPort":"56289"}],"33060/tcp":null},"SandboxKey":"/var/run/docker/netns/bd1f3a626f22","SecondaryIPAddresses":null,"SecondaryIPv6Addresses":null,"EndpointID":"a2b725c0c5ce4503f8e45e0c2adc4455b29a53a4866d3f23b2bce893a084641f","Gateway":"172.17.0.1","GlobalIPv6Address":"","GlobalIPv6PrefixLen":0,"IPAddress":"172.17.0.3","IPPrefixLen":16,"IPv6Gateway":"","MacAddress":"02:42:ac:11:00:03","Networks":{"bridge":{"IPAMConfig":null,"Links":null,"Aliases":null,"NetworkID":"308e234c143065751b16b4500cb9f48d5c7fc2116504b3d816a5e51cd4771062","EndpointID":"a2b725c0c5ce4503f8e45e0c2adc4455b29a53a4866d3f23b2bce893a084641f","Gateway":"172.17.0.1","IPAddress":"172.17.0.3","IPPrefixLen":16,"IPv6Gateway":"","GlobalIPv6Address":"","GlobalIPv6PrefixLen":0,"MacAddress":"02:42:ac:11:00:03","DriverOpts":null}}}}[\n]"
23:55:13.003 [Test worker] DEBUG com.github.dockerjava.zerodep.shaded.org.apache.hc.client5.http.wire - http-outgoing-2 << "[\r][\n]"
23:55:13.004 [Test worker] DEBUG com.github.dockerjava.zerodep.shaded.org.apache.hc.client5.http.wire - http-outgoing-2 << "0[\r][\n]"
23:55:13.004 [Test worker] DEBUG com.github.dockerjava.zerodep.shaded.org.apache.hc.client5.http.wire - http-outgoing-2 << "[\r][\n]"
23:55:13.004 [Test worker] DEBUG com.github.dockerjava.zerodep.shaded.org.apache.hc.client5.http.impl.classic.InternalHttpClient - ep-00000061: releasing valid endpoint
23:55:13.004 [Test worker] DEBUG com.github.dockerjava.zerodep.shaded.org.apache.hc.client5.http.impl.io.PoolingHttpClientConnectionManager - ep-00000061: releasing endpoint
23:55:13.004 [Test worker] DEBUG com.github.dockerjava.zerodep.shaded.org.apache.hc.client5.http.impl.io.PoolingHttpClientConnectionManager - ep-00000061: connection http-outgoing-2 can be kept alive for 3 MINUTES
23:55:13.004 [Test worker] DEBUG com.github.dockerjava.zerodep.shaded.org.apache.hc.client5.http.impl.io.PoolingHttpClientConnectionManager - ep-00000061: connection released [route: {}->unix://localhost:2375][total available: 1; route allocated: 1 of 2147483647; total allocated: 1 of 2147483647]
23:55:13.004 [Test worker] DEBUG ]]>&#x1f433;<![CDATA[ [mysql:latest] - Trying to create JDBC connection using com.mysql.cj.jdbc.Driver to jdbc:mysql://localhost:56289/adm_videos?useSSL=false&allowPublicKeyRetrieval=true with properties: {password=123456, user=root}
23:55:13.107 [Test worker] DEBUG org.testcontainers.shaded.com.github.dockerjava.core.command.AbstrDockerCmd - Cmd: c37a42694b7d1cff581f5e7b89a60b044af4721181408c271e821f1413201ca6,false
23:55:13.108 [Test worker] DEBUG org.testcontainers.shaded.com.github.dockerjava.core.exec.InspectContainerCmdExec - GET: DefaultWebTarget{path=[/containers/c37a42694b7d1cff581f5e7b89a60b044af4721181408c271e821f1413201ca6/json], queryParams={}}
23:55:13.108 [Test worker] DEBUG com.github.dockerjava.zerodep.shaded.org.apache.hc.client5.http.impl.classic.InternalHttpClient - ex-00000063: preparing request execution
23:55:13.108 [Test worker] DEBUG com.github.dockerjava.zerodep.shaded.org.apache.hc.client5.http.protocol.RequestAddCookies - Cookie spec selected: strict
23:55:13.108 [Test worker] DEBUG com.github.dockerjava.zerodep.shaded.org.apache.hc.client5.http.protocol.RequestAuthCache - Auth cache not set in the context
23:55:13.108 [Test worker] DEBUG com.github.dockerjava.zerodep.shaded.org.apache.hc.client5.http.impl.classic.ProtocolExec - ex-00000063: target auth state: UNCHALLENGED
23:55:13.108 [Test worker] DEBUG com.github.dockerjava.zerodep.shaded.org.apache.hc.client5.http.impl.classic.ProtocolExec - ex-00000063: proxy auth state: UNCHALLENGED
23:55:13.108 [Test worker] DEBUG com.github.dockerjava.zerodep.shaded.org.apache.hc.client5.http.impl.classic.ConnectExec - ex-00000063: acquiring connection with route {}->unix://localhost:2375
23:55:13.108 [Test worker] DEBUG com.github.dockerjava.zerodep.shaded.org.apache.hc.client5.http.impl.classic.InternalHttpClient - ex-00000063: acquiring endpoint (3 MINUTES)
23:55:13.108 [Test worker] DEBUG com.github.dockerjava.zerodep.shaded.org.apache.hc.client5.http.impl.io.PoolingHttpClientConnectionManager - ex-00000063: endpoint lease request (3 MINUTES) [route: {}->unix://localhost:2375][total available: 1; route allocated: 1 of 2147483647; total allocated: 1 of 2147483647]
23:55:13.108 [Test worker] DEBUG com.github.dockerjava.zerodep.shaded.org.apache.hc.client5.http.impl.io.PoolingHttpClientConnectionManager - ex-00000063: endpoint leased [route: {}->unix://localhost:2375][total available: 0; route allocated: 1 of 2147483647; total allocated: 1 of 2147483647]
23:55:13.108 [Test worker] DEBUG com.github.dockerjava.zerodep.shaded.org.apache.hc.client5.http.impl.io.PoolingHttpClientConnectionManager - ex-00000063: acquired ep-00000062
23:55:13.108 [Test worker] DEBUG com.github.dockerjava.zerodep.shaded.org.apache.hc.client5.http.impl.classic.InternalHttpClient - ex-00000063: acquired endpoint ep-00000062
23:55:13.108 [Test worker] DEBUG com.github.dockerjava.zerodep.shaded.org.apache.hc.client5.http.impl.classic.MainClientExec - ex-00000063: executing GET /v1.32/containers/c37a42694b7d1cff581f5e7b89a60b044af4721181408c271e821f1413201ca6/json HTTP/1.1
23:55:13.108 [Test worker] DEBUG com.github.dockerjava.zerodep.shaded.org.apache.hc.client5.http.impl.classic.InternalHttpClient - ep-00000062: start execution ex-00000063
23:55:13.108 [Test worker] DEBUG com.github.dockerjava.zerodep.shaded.org.apache.hc.client5.http.impl.io.PoolingHttpClientConnectionManager - ep-00000062: executing exchange ex-00000063 over http-outgoing-2
23:55:13.108 [Test worker] DEBUG com.github.dockerjava.zerodep.shaded.org.apache.hc.client5.http.headers - http-outgoing-2 >> GET /v1.32/containers/c37a42694b7d1cff581f5e7b89a60b044af4721181408c271e821f1413201ca6/json HTTP/1.1
23:55:13.108 [Test worker] DEBUG com.github.dockerjava.zerodep.shaded.org.apache.hc.client5.http.headers - http-outgoing-2 >> accept: application/json
23:55:13.108 [Test worker] DEBUG com.github.dockerjava.zerodep.shaded.org.apache.hc.client5.http.headers - http-outgoing-2 >> x-tc-sid: 818a13d9-e138-4e41-b5a4-74fd927e6a2d
23:55:13.108 [Test worker] DEBUG com.github.dockerjava.zerodep.shaded.org.apache.hc.client5.http.headers - http-outgoing-2 >> Accept-Encoding: gzip, x-gzip, deflate
23:55:13.108 [Test worker] DEBUG com.github.dockerjava.zerodep.shaded.org.apache.hc.client5.http.headers - http-outgoing-2 >> Host: localhost:2375
23:55:13.108 [Test worker] DEBUG com.github.dockerjava.zerodep.shaded.org.apache.hc.client5.http.headers - http-outgoing-2 >> Connection: keep-alive
23:55:13.108 [Test worker] DEBUG com.github.dockerjava.zerodep.shaded.org.apache.hc.client5.http.headers - http-outgoing-2 >> User-Agent: Apache-HttpClient/5.0.3 (Java/17.0.2)
23:55:13.108 [Test worker] DEBUG com.github.dockerjava.zerodep.shaded.org.apache.hc.client5.http.wire - http-outgoing-2 >> "GET /v1.32/containers/c37a42694b7d1cff581f5e7b89a60b044af4721181408c271e821f1413201ca6/json HTTP/1.1[\r][\n]"
23:55:13.108 [Test worker] DEBUG com.github.dockerjava.zerodep.shaded.org.apache.hc.client5.http.wire - http-outgoing-2 >> "accept: application/json[\r][\n]"
23:55:13.108 [Test worker] DEBUG com.github.dockerjava.zerodep.shaded.org.apache.hc.client5.http.wire - http-outgoing-2 >> "x-tc-sid: 818a13d9-e138-4e41-b5a4-74fd927e6a2d[\r][\n]"
23:55:13.108 [Test worker] DEBUG com.github.dockerjava.zerodep.shaded.org.apache.hc.client5.http.wire - http-outgoing-2 >> "Accept-Encoding: gzip, x-gzip, deflate[\r][\n]"
23:55:13.108 [Test worker] DEBUG com.github.dockerjava.zerodep.shaded.org.apache.hc.client5.http.wire - http-outgoing-2 >> "Host: localhost:2375[\r][\n]"
23:55:13.108 [Test worker] DEBUG com.github.dockerjava.zerodep.shaded.org.apache.hc.client5.http.wire - http-outgoing-2 >> "Connection: keep-alive[\r][\n]"
23:55:13.108 [Test worker] DEBUG com.github.dockerjava.zerodep.shaded.org.apache.hc.client5.http.wire - http-outgoing-2 >> "User-Agent: Apache-HttpClient/5.0.3 (Java/17.0.2)[\r][\n]"
23:55:13.108 [Test worker] DEBUG com.github.dockerjava.zerodep.shaded.org.apache.hc.client5.http.wire - http-outgoing-2 >> "[\r][\n]"
23:55:13.110 [Test worker] DEBUG com.github.dockerjava.zerodep.shaded.org.apache.hc.client5.http.wire - http-outgoing-2 << "HTTP/1.1 200 OK[\r][\n]"
23:55:13.110 [Test worker] DEBUG com.github.dockerjava.zerodep.shaded.org.apache.hc.client5.http.wire - http-outgoing-2 << "Api-Version: 1.41[\r][\n]"
23:55:13.110 [Test worker] DEBUG com.github.dockerjava.zerodep.shaded.org.apache.hc.client5.http.wire - http-outgoing-2 << "Content-Type: application/json[\r][\n]"
23:55:13.110 [Test worker] DEBUG com.github.dockerjava.zerodep.shaded.org.apache.hc.client5.http.wire - http-outgoing-2 << "Date: Mon, 27 Mar 2023 02:55:13 GMT[\r][\n]"
23:55:13.110 [Test worker] DEBUG com.github.dockerjava.zerodep.shaded.org.apache.hc.client5.http.wire - http-outgoing-2 << "Docker-Experimental: false[\r][\n]"
23:55:13.110 [Test worker] DEBUG com.github.dockerjava.zerodep.shaded.org.apache.hc.client5.http.wire - http-outgoing-2 << "Ostype: linux[\r][\n]"
23:55:13.110 [Test worker] DEBUG com.github.dockerjava.zerodep.shaded.org.apache.hc.client5.http.wire - http-outgoing-2 << "Server: Docker/20.10.21 (linux)[\r][\n]"
23:55:13.110 [Test worker] DEBUG com.github.dockerjava.zerodep.shaded.org.apache.hc.client5.http.wire - http-outgoing-2 << "Transfer-Encoding: chunked[\r][\n]"
23:55:13.110 [Test worker] DEBUG com.github.dockerjava.zerodep.shaded.org.apache.hc.client5.http.wire - http-outgoing-2 << "[\r][\n]"
23:55:13.110 [Test worker] DEBUG com.github.dockerjava.zerodep.shaded.org.apache.hc.client5.http.headers - http-outgoing-2 << HTTP/1.1 200 OK
23:55:13.110 [Test worker] DEBUG com.github.dockerjava.zerodep.shaded.org.apache.hc.client5.http.headers - http-outgoing-2 << Api-Version: 1.41
23:55:13.110 [Test worker] DEBUG com.github.dockerjava.zerodep.shaded.org.apache.hc.client5.http.headers - http-outgoing-2 << Content-Type: application/json
23:55:13.110 [Test worker] DEBUG com.github.dockerjava.zerodep.shaded.org.apache.hc.client5.http.headers - http-outgoing-2 << Date: Mon, 27 Mar 2023 02:55:13 GMT
23:55:13.110 [Test worker] DEBUG com.github.dockerjava.zerodep.shaded.org.apache.hc.client5.http.headers - http-outgoing-2 << Docker-Experimental: false
23:55:13.110 [Test worker] DEBUG com.github.dockerjava.zerodep.shaded.org.apache.hc.client5.http.headers - http-outgoing-2 << Ostype: linux
23:55:13.110 [Test worker] DEBUG com.github.dockerjava.zerodep.shaded.org.apache.hc.client5.http.headers - http-outgoing-2 << Server: Docker/20.10.21 (linux)
23:55:13.110 [Test worker] DEBUG com.github.dockerjava.zerodep.shaded.org.apache.hc.client5.http.headers - http-outgoing-2 << Transfer-Encoding: chunked
23:55:13.110 [Test worker] DEBUG com.github.dockerjava.zerodep.shaded.org.apache.hc.client5.http.impl.classic.MainClientExec - ex-00000063: connection can be kept alive for 3 MINUTES
23:55:13.112 [Test worker] DEBUG com.github.dockerjava.zerodep.shaded.org.apache.hc.client5.http.wire - http-outgoing-2 << "18c1[\r][\n]"
23:55:13.112 [Test worker] DEBUG com.github.dockerjava.zerodep.shaded.org.apache.hc.client5.http.wire - http-outgoing-2 << "{"Id":"c37a42694b7d1cff581f5e7b89a60b044af4721181408c271e821f1413201ca6","Created":"2023-03-27T02:55:02.49734542Z","Path":"docker-entrypoint.sh","Args":["mysqld"],"State":{"Status":"running","Running":true,"Paused":false,"Restarting":false,"OOMKilled":false,"Dead":false,"Pid":18342,"ExitCode":0,"Error":"","StartedAt":"2023-03-27T02:55:03.12719392Z","FinishedAt":"0001-01-01T00:00:00Z"},"Image":"sha256:c7c54c29e20dccc1aefb936c8eba8bb8b98b87a4921102aba87fde2df5810af9","ResolvConfPath":"/var/lib/docker/containers/c37a42694b7d1cff581f5e7b89a60b044af4721181408c271e821f1413201ca6/resolv.conf","HostnamePath":"/var/lib/docker/containers/c37a42694b7d1cff581f5e7b89a60b044af4721181408c271e821f1413201ca6/hostname","HostsPath":"/var/lib/docker/containers/c37a42694b7d1cff581f5e7b89a60b044af4721181408c271e821f1413201ca6/hosts","LogPath":"/var/lib/docker/containers/c37a42694b7d1cff581f5e7b89a60b044af4721181408c271e821f1413201ca6/c37a42694b7d1cff581f5e7b89a60b044af4721181408c271e821f1413201ca6-json.log","Name":"/elegant_mahavira","RestartCount":0,"Driver":"overlay2","Platform":"linux","MountLabel":"","ProcessLabel":"","AppArmorProfile":"","ExecIDs":null,"HostConfig":{"Binds":[],"ContainerIDFile":"","LogConfig":{"Type":"json-file","Config":{}},"NetworkMode":"default","PortBindings":{"3306/tcp":[{"HostIp":"0.0.0.0","HostPort":"0"}]},"RestartPolicy":{"Name":"","MaximumRetryCount":0},"AutoRemove":false,"VolumeDriver":"","VolumesFrom":[],"CapAdd":null,"CapDrop":null,"CgroupnsMode":"private","Dns":null,"DnsOptions":null,"DnsSearch":null,"ExtraHosts":[],"GroupAdd":null,"IpcMode":"shareable","Cgroup":"","Links":null,"OomScoreAdj":0,"PidMode":"","Privileged":false,"PublishAllPorts":false,"ReadonlyRootfs":false,"SecurityOpt":null,"UTSMode":"","UsernsMode":"","ShmSize":67108864,"Runtime":"runc","ConsoleSize":[0,0],"Isolation":"","CpuShares":0,"Memory":0,"NanoCpus":0,"CgroupParent":"","BlkioWeight":0,"BlkioWeightDevice":null,"BlkioDeviceReadBps":null,"BlkioDeviceWriteBps":null,"BlkioDeviceReadIOps":null,"BlkioDeviceWriteIOps":null,"CpuPeriod":0,"CpuQuota":0,"CpuRealtimePeriod":0,"CpuRealtimeRuntime":0,"CpusetCpus":"","CpusetMems":"","Devices":null,"DeviceCgroupRules":null,"DeviceRequests":null,"KernelMemory":0,"KernelMemoryTCP":0,"MemoryReservation":0,"MemorySwap":0,"MemorySwappiness":null,"OomKillDisable":null,"PidsLimit":null,"Ulimits":null,"CpuCount":0,"CpuPercent":0,"IOMaximumIOps":0,"IOMaximumBandwidth":0,"MaskedPaths":["/proc/asound","/proc/acpi","/proc/kcore","/proc/keys","/proc/latency_stats","/proc/timer_list","/proc/timer_stats","/proc/sched_debug","/proc/scsi","/sys/firmware"],"ReadonlyPaths":["/proc/bus","/proc/fs","/proc/irq","/proc/sys","/proc/sysrq-trigger"]},"GraphDriver":{"Data":{"LowerDir":"/var/lib/docker/overlay2/2c15a904a49807090175d7750f18e0f6a57e99c38a424839679cbaf676a4d500-init/diff:/var/lib/docker/overlay2/1bd8849d7a296305617011f940aa5cfabbe972a513397b1b6bbc27639b6c1f30/diff:/var/lib/docker/overlay2/199d69b2fbf78af4d4c95dec4fd2f8835ab0347eb49fb20ebb2ff3b99fedd6ad/diff:/var/lib/docker/overlay2/d83c38d654989311f75b9491329846033bfb7714de76ef635380dcfad5c740d9/diff:/var/lib/docker/overlay2/08600d0aea2ab2728bebcf5d2589c640a842f53d1ba3c4a4adccb4d03b923cf6/diff:/var/lib/docker/overlay2/9ec7c63a3fb14d13ac788bbf5e282ca821edc41260b79944e5e631037d13ecda/diff:/var/lib/docker/overlay2/db601d7a1b4ea6da638db620462f0da96fa55c559d02269c9ddb09027936ed87/diff:/var/lib/docker/overlay2/a6d2bd03f942e2565f21e74cfe152c7ec836a1c2b583f0790c685b92bdcfda24/diff:/var/lib/docker/overlay2/9badd16ea2c5e2bf1fde8b579683e41137dfc46ed5449234149f199a6751cc84/diff:/var/lib/docker/overlay2/6efb85646ed12e2d1181ef4cc6f6f6732c00c15a4035fe17ebc4f075ca573c30/diff:/var/lib/docker/overlay2/895d7c0ec09144d6ed33936f4e98e11c18010f7abd708cae1ce43aec7a7f2621/diff:/var/lib/docker/overlay2/1c4ba77aa573ab6e5e5069fd15eae71b3da940bde0f97a922a227ffc8a1d1096/diff","MergedDir":"/var/lib/docker/overlay2/2c15a904a49807090175d7750f18e0f6a57e99c38a424839679cbaf676a4d500/merged","UpperDir":"/var/lib/docker/overlay2/2c15a904a49807090175d7750f18e0f6a57e99c38a424839679cbaf676a4d500/diff","WorkDir":"/var/lib/docker/overlay2/2c15a904a49807090175d7750f18e0f6a57e99c38a424839679cbaf676a4d500/work"},"Name":"overlay2"},"Mounts":[{"Type":"volume","Name":"44a9389ce95a2961210e86afd6afe42b23405f43157b5dc00e010d283c01df79","Source":"/var/lib/docker/volumes/44a9389ce95a2961210e86afd6afe42b23405f43157b5dc00e010d283c01df79/_data","Destination":"/var/lib/mysql","Driver":"local","Mode":"","RW":true,"Propagation":""}],"Config":{"Hostname":"c37a42694b7d","Domainname":"","User":"","AttachStdin":false,"AttachStdout":false,"AttachStderr":false,"ExposedPorts":{"3306/tcp":{},"33060/tcp":{}},"Tty":false,"OpenStdin":false,"StdinOnce":false,"Env":["MYSQL_DATABASE=adm_videos","MYSQL_PASSWORD=123456","MYSQL_ROOT_PASSWORD=123456","PATH=/usr/local/sbin:/usr/local/bin:/usr/sbin:/usr/bin:/sbin:/bin","GOSU_VERSION=1.16","MYSQL_MAJOR=8.0","MYSQL_VERSION=8.0.32-1.el8","MYSQL_SHELL_VERSION=8.0.32-1.el8"],"Cmd":["mysqld"],"Image":"mysql:latest","Volumes":{"/var/lib/mysql":{}},"WorkingDir":"","Entrypoint":["docker-entrypoint.sh"],"OnBuild":null,"Labels":{"org.testcontainers":"true","org.testcontainers.lang":"java","org.testcontainers.sessionId":"818a13d9-e138-4e41-b5a4-74fd927e6a2d","org.testcontainers.version":"1.17.6"}},"NetworkSettings":{"Bridge":"","SandboxID":"bd1f3a626f226e407a1a406212013b21c93b302c93f9fd53a405b7fc5ff825b3","HairpinMode":false,"LinkLocalIPv6Address":"","LinkLocalIPv6PrefixLen":0,"Ports":{"3306/tcp":[{"HostIp":"0.0.0.0","HostPort":"56289"}],"33060/tcp":null},"SandboxKey":"/var/run/docker/netns/bd1f3a626f22","SecondaryIPAddresses":null,"SecondaryIPv6Addresses":null,"EndpointID":"a2b725c0c5ce4503f8e45e0c2adc4455b29a53a4866d3f23b2bce893a084641f","Gateway":"172.17.0.1","GlobalIPv6Address":"","GlobalIPv6PrefixLen":0,"IPAddress":"172.17.0.3","IPPrefixLen":16,"IPv6Gateway":"","MacAddress":"02:42:ac:11:00:03","Networks":{"bridge":{"IPAMConfig":null,"Links":null,"Aliases":null,"NetworkID":"308e234c143065751b16b4500cb9f48d5c7fc2116504b3d816a5e51cd4771062","EndpointID":"a2b725c0c5ce4503f8e45e0c2adc4455b29a53a4866d3f23b2bce893a084641f","Gateway":"172.17.0.1","IPAddress":"172.17.0.3","IPPrefixLen":16,"IPv6Gateway":"","GlobalIPv6Address":"","GlobalIPv6PrefixLen":0,"MacAddress":"02:42:ac:11:00:03","DriverOpts":null}}}}[\n]"
23:55:13.112 [Test worker] DEBUG com.github.dockerjava.zerodep.shaded.org.apache.hc.client5.http.wire - http-outgoing-2 << "[\r][\n]"
23:55:13.112 [Test worker] DEBUG com.github.dockerjava.zerodep.shaded.org.apache.hc.client5.http.wire - http-outgoing-2 << "0[\r][\n]"
23:55:13.112 [Test worker] DEBUG com.github.dockerjava.zerodep.shaded.org.apache.hc.client5.http.wire - http-outgoing-2 << "[\r][\n]"
23:55:13.112 [Test worker] DEBUG com.github.dockerjava.zerodep.shaded.org.apache.hc.client5.http.impl.classic.InternalHttpClient - ep-00000062: releasing valid endpoint
23:55:13.112 [Test worker] DEBUG com.github.dockerjava.zerodep.shaded.org.apache.hc.client5.http.impl.io.PoolingHttpClientConnectionManager - ep-00000062: releasing endpoint
23:55:13.113 [Test worker] DEBUG com.github.dockerjava.zerodep.shaded.org.apache.hc.client5.http.impl.io.PoolingHttpClientConnectionManager - ep-00000062: connection http-outgoing-2 can be kept alive for 3 MINUTES
23:55:13.113 [Test worker] DEBUG com.github.dockerjava.zerodep.shaded.org.apache.hc.client5.http.impl.io.PoolingHttpClientConnectionManager - ep-00000062: connection released [route: {}->unix://localhost:2375][total available: 1; route allocated: 1 of 2147483647; total allocated: 1 of 2147483647]
23:55:13.113 [Test worker] DEBUG ]]>&#x1f433;<![CDATA[ [mysql:latest] - Trying to create JDBC connection using com.mysql.cj.jdbc.Driver to jdbc:mysql://localhost:56289/adm_videos?useSSL=false&allowPublicKeyRetrieval=true with properties: {password=123456, user=root}
23:55:13.218 [Test worker] DEBUG org.testcontainers.shaded.com.github.dockerjava.core.command.AbstrDockerCmd - Cmd: c37a42694b7d1cff581f5e7b89a60b044af4721181408c271e821f1413201ca6,false
23:55:13.219 [Test worker] DEBUG org.testcontainers.shaded.com.github.dockerjava.core.exec.InspectContainerCmdExec - GET: DefaultWebTarget{path=[/containers/c37a42694b7d1cff581f5e7b89a60b044af4721181408c271e821f1413201ca6/json], queryParams={}}
23:55:13.219 [Test worker] DEBUG com.github.dockerjava.zerodep.shaded.org.apache.hc.client5.http.impl.classic.InternalHttpClient - ex-00000064: preparing request execution
23:55:13.219 [Test worker] DEBUG com.github.dockerjava.zerodep.shaded.org.apache.hc.client5.http.protocol.RequestAddCookies - Cookie spec selected: strict
23:55:13.219 [Test worker] DEBUG com.github.dockerjava.zerodep.shaded.org.apache.hc.client5.http.protocol.RequestAuthCache - Auth cache not set in the context
23:55:13.219 [Test worker] DEBUG com.github.dockerjava.zerodep.shaded.org.apache.hc.client5.http.impl.classic.ProtocolExec - ex-00000064: target auth state: UNCHALLENGED
23:55:13.219 [Test worker] DEBUG com.github.dockerjava.zerodep.shaded.org.apache.hc.client5.http.impl.classic.ProtocolExec - ex-00000064: proxy auth state: UNCHALLENGED
23:55:13.219 [Test worker] DEBUG com.github.dockerjava.zerodep.shaded.org.apache.hc.client5.http.impl.classic.ConnectExec - ex-00000064: acquiring connection with route {}->unix://localhost:2375
23:55:13.219 [Test worker] DEBUG com.github.dockerjava.zerodep.shaded.org.apache.hc.client5.http.impl.classic.InternalHttpClient - ex-00000064: acquiring endpoint (3 MINUTES)
23:55:13.219 [Test worker] DEBUG com.github.dockerjava.zerodep.shaded.org.apache.hc.client5.http.impl.io.PoolingHttpClientConnectionManager - ex-00000064: endpoint lease request (3 MINUTES) [route: {}->unix://localhost:2375][total available: 1; route allocated: 1 of 2147483647; total allocated: 1 of 2147483647]
23:55:13.220 [Test worker] DEBUG com.github.dockerjava.zerodep.shaded.org.apache.hc.client5.http.impl.io.PoolingHttpClientConnectionManager - ex-00000064: endpoint leased [route: {}->unix://localhost:2375][total available: 0; route allocated: 1 of 2147483647; total allocated: 1 of 2147483647]
23:55:13.220 [Test worker] DEBUG com.github.dockerjava.zerodep.shaded.org.apache.hc.client5.http.impl.io.PoolingHttpClientConnectionManager - ex-00000064: acquired ep-00000063
23:55:13.220 [Test worker] DEBUG com.github.dockerjava.zerodep.shaded.org.apache.hc.client5.http.impl.classic.InternalHttpClient - ex-00000064: acquired endpoint ep-00000063
23:55:13.220 [Test worker] DEBUG com.github.dockerjava.zerodep.shaded.org.apache.hc.client5.http.impl.classic.MainClientExec - ex-00000064: executing GET /v1.32/containers/c37a42694b7d1cff581f5e7b89a60b044af4721181408c271e821f1413201ca6/json HTTP/1.1
23:55:13.220 [Test worker] DEBUG com.github.dockerjava.zerodep.shaded.org.apache.hc.client5.http.impl.classic.InternalHttpClient - ep-00000063: start execution ex-00000064
23:55:13.220 [Test worker] DEBUG com.github.dockerjava.zerodep.shaded.org.apache.hc.client5.http.impl.io.PoolingHttpClientConnectionManager - ep-00000063: executing exchange ex-00000064 over http-outgoing-2
23:55:13.220 [Test worker] DEBUG com.github.dockerjava.zerodep.shaded.org.apache.hc.client5.http.headers - http-outgoing-2 >> GET /v1.32/containers/c37a42694b7d1cff581f5e7b89a60b044af4721181408c271e821f1413201ca6/json HTTP/1.1
23:55:13.220 [Test worker] DEBUG com.github.dockerjava.zerodep.shaded.org.apache.hc.client5.http.headers - http-outgoing-2 >> accept: application/json
23:55:13.220 [Test worker] DEBUG com.github.dockerjava.zerodep.shaded.org.apache.hc.client5.http.headers - http-outgoing-2 >> x-tc-sid: 818a13d9-e138-4e41-b5a4-74fd927e6a2d
23:55:13.220 [Test worker] DEBUG com.github.dockerjava.zerodep.shaded.org.apache.hc.client5.http.headers - http-outgoing-2 >> Accept-Encoding: gzip, x-gzip, deflate
23:55:13.220 [Test worker] DEBUG com.github.dockerjava.zerodep.shaded.org.apache.hc.client5.http.headers - http-outgoing-2 >> Host: localhost:2375
23:55:13.220 [Test worker] DEBUG com.github.dockerjava.zerodep.shaded.org.apache.hc.client5.http.headers - http-outgoing-2 >> Connection: keep-alive
23:55:13.220 [Test worker] DEBUG com.github.dockerjava.zerodep.shaded.org.apache.hc.client5.http.headers - http-outgoing-2 >> User-Agent: Apache-HttpClient/5.0.3 (Java/17.0.2)
23:55:13.220 [Test worker] DEBUG com.github.dockerjava.zerodep.shaded.org.apache.hc.client5.http.wire - http-outgoing-2 >> "GET /v1.32/containers/c37a42694b7d1cff581f5e7b89a60b044af4721181408c271e821f1413201ca6/json HTTP/1.1[\r][\n]"
23:55:13.220 [Test worker] DEBUG com.github.dockerjava.zerodep.shaded.org.apache.hc.client5.http.wire - http-outgoing-2 >> "accept: application/json[\r][\n]"
23:55:13.220 [Test worker] DEBUG com.github.dockerjava.zerodep.shaded.org.apache.hc.client5.http.wire - http-outgoing-2 >> "x-tc-sid: 818a13d9-e138-4e41-b5a4-74fd927e6a2d[\r][\n]"
23:55:13.220 [Test worker] DEBUG com.github.dockerjava.zerodep.shaded.org.apache.hc.client5.http.wire - http-outgoing-2 >> "Accept-Encoding: gzip, x-gzip, deflate[\r][\n]"
23:55:13.220 [Test worker] DEBUG com.github.dockerjava.zerodep.shaded.org.apache.hc.client5.http.wire - http-outgoing-2 >> "Host: localhost:2375[\r][\n]"
23:55:13.220 [Test worker] DEBUG com.github.dockerjava.zerodep.shaded.org.apache.hc.client5.http.wire - http-outgoing-2 >> "Connection: keep-alive[\r][\n]"
23:55:13.220 [Test worker] DEBUG com.github.dockerjava.zerodep.shaded.org.apache.hc.client5.http.wire - http-outgoing-2 >> "User-Agent: Apache-HttpClient/5.0.3 (Java/17.0.2)[\r][\n]"
23:55:13.220 [Test worker] DEBUG com.github.dockerjava.zerodep.shaded.org.apache.hc.client5.http.wire - http-outgoing-2 >> "[\r][\n]"
23:55:13.222 [Test worker] DEBUG com.github.dockerjava.zerodep.shaded.org.apache.hc.client5.http.wire - http-outgoing-2 << "HTTP/1.1 200 OK[\r][\n]"
23:55:13.223 [Test worker] DEBUG com.github.dockerjava.zerodep.shaded.org.apache.hc.client5.http.wire - http-outgoing-2 << "Api-Version: 1.41[\r][\n]"
23:55:13.223 [Test worker] DEBUG com.github.dockerjava.zerodep.shaded.org.apache.hc.client5.http.wire - http-outgoing-2 << "Content-Type: application/json[\r][\n]"
23:55:13.223 [Test worker] DEBUG com.github.dockerjava.zerodep.shaded.org.apache.hc.client5.http.wire - http-outgoing-2 << "Date: Mon, 27 Mar 2023 02:55:13 GMT[\r][\n]"
23:55:13.223 [Test worker] DEBUG com.github.dockerjava.zerodep.shaded.org.apache.hc.client5.http.wire - http-outgoing-2 << "Docker-Experimental: false[\r][\n]"
23:55:13.223 [Test worker] DEBUG com.github.dockerjava.zerodep.shaded.org.apache.hc.client5.http.wire - http-outgoing-2 << "Ostype: linux[\r][\n]"
23:55:13.223 [Test worker] DEBUG com.github.dockerjava.zerodep.shaded.org.apache.hc.client5.http.wire - http-outgoing-2 << "Server: Docker/20.10.21 (linux)[\r][\n]"
23:55:13.223 [Test worker] DEBUG com.github.dockerjava.zerodep.shaded.org.apache.hc.client5.http.wire - http-outgoing-2 << "Transfer-Encoding: chunked[\r][\n]"
23:55:13.223 [Test worker] DEBUG com.github.dockerjava.zerodep.shaded.org.apache.hc.client5.http.wire - http-outgoing-2 << "[\r][\n]"
23:55:13.223 [Test worker] DEBUG com.github.dockerjava.zerodep.shaded.org.apache.hc.client5.http.headers - http-outgoing-2 << HTTP/1.1 200 OK
23:55:13.223 [Test worker] DEBUG com.github.dockerjava.zerodep.shaded.org.apache.hc.client5.http.headers - http-outgoing-2 << Api-Version: 1.41
23:55:13.223 [Test worker] DEBUG com.github.dockerjava.zerodep.shaded.org.apache.hc.client5.http.headers - http-outgoing-2 << Content-Type: application/json
23:55:13.223 [Test worker] DEBUG com.github.dockerjava.zerodep.shaded.org.apache.hc.client5.http.headers - http-outgoing-2 << Date: Mon, 27 Mar 2023 02:55:13 GMT
23:55:13.223 [Test worker] DEBUG com.github.dockerjava.zerodep.shaded.org.apache.hc.client5.http.headers - http-outgoing-2 << Docker-Experimental: false
23:55:13.223 [Test worker] DEBUG com.github.dockerjava.zerodep.shaded.org.apache.hc.client5.http.headers - http-outgoing-2 << Ostype: linux
23:55:13.223 [Test worker] DEBUG com.github.dockerjava.zerodep.shaded.org.apache.hc.client5.http.headers - http-outgoing-2 << Server: Docker/20.10.21 (linux)
23:55:13.223 [Test worker] DEBUG com.github.dockerjava.zerodep.shaded.org.apache.hc.client5.http.headers - http-outgoing-2 << Transfer-Encoding: chunked
23:55:13.223 [Test worker] DEBUG com.github.dockerjava.zerodep.shaded.org.apache.hc.client5.http.impl.classic.MainClientExec - ex-00000064: connection can be kept alive for 3 MINUTES
23:55:13.224 [Test worker] DEBUG com.github.dockerjava.zerodep.shaded.org.apache.hc.client5.http.wire - http-outgoing-2 << "18c1[\r][\n]"
23:55:13.224 [Test worker] DEBUG com.github.dockerjava.zerodep.shaded.org.apache.hc.client5.http.wire - http-outgoing-2 << "{"Id":"c37a42694b7d1cff581f5e7b89a60b044af4721181408c271e821f1413201ca6","Created":"2023-03-27T02:55:02.49734542Z","Path":"docker-entrypoint.sh","Args":["mysqld"],"State":{"Status":"running","Running":true,"Paused":false,"Restarting":false,"OOMKilled":false,"Dead":false,"Pid":18342,"ExitCode":0,"Error":"","StartedAt":"2023-03-27T02:55:03.12719392Z","FinishedAt":"0001-01-01T00:00:00Z"},"Image":"sha256:c7c54c29e20dccc1aefb936c8eba8bb8b98b87a4921102aba87fde2df5810af9","ResolvConfPath":"/var/lib/docker/containers/c37a42694b7d1cff581f5e7b89a60b044af4721181408c271e821f1413201ca6/resolv.conf","HostnamePath":"/var/lib/docker/containers/c37a42694b7d1cff581f5e7b89a60b044af4721181408c271e821f1413201ca6/hostname","HostsPath":"/var/lib/docker/containers/c37a42694b7d1cff581f5e7b89a60b044af4721181408c271e821f1413201ca6/hosts","LogPath":"/var/lib/docker/containers/c37a42694b7d1cff581f5e7b89a60b044af4721181408c271e821f1413201ca6/c37a42694b7d1cff581f5e7b89a60b044af4721181408c271e821f1413201ca6-json.log","Name":"/elegant_mahavira","RestartCount":0,"Driver":"overlay2","Platform":"linux","MountLabel":"","ProcessLabel":"","AppArmorProfile":"","ExecIDs":null,"HostConfig":{"Binds":[],"ContainerIDFile":"","LogConfig":{"Type":"json-file","Config":{}},"NetworkMode":"default","PortBindings":{"3306/tcp":[{"HostIp":"0.0.0.0","HostPort":"0"}]},"RestartPolicy":{"Name":"","MaximumRetryCount":0},"AutoRemove":false,"VolumeDriver":"","VolumesFrom":[],"CapAdd":null,"CapDrop":null,"CgroupnsMode":"private","Dns":null,"DnsOptions":null,"DnsSearch":null,"ExtraHosts":[],"GroupAdd":null,"IpcMode":"shareable","Cgroup":"","Links":null,"OomScoreAdj":0,"PidMode":"","Privileged":false,"PublishAllPorts":false,"ReadonlyRootfs":false,"SecurityOpt":null,"UTSMode":"","UsernsMode":"","ShmSize":67108864,"Runtime":"runc","ConsoleSize":[0,0],"Isolation":"","CpuShares":0,"Memory":0,"NanoCpus":0,"CgroupParent":"","BlkioWeight":0,"BlkioWeightDevice":null,"BlkioDeviceReadBps":null,"BlkioDeviceWriteBps":null,"BlkioDeviceReadIOps":null,"BlkioDeviceWriteIOps":null,"CpuPeriod":0,"CpuQuota":0,"CpuRealtimePeriod":0,"CpuRealtimeRuntime":0,"CpusetCpus":"","CpusetMems":"","Devices":null,"DeviceCgroupRules":null,"DeviceRequests":null,"KernelMemory":0,"KernelMemoryTCP":0,"MemoryReservation":0,"MemorySwap":0,"MemorySwappiness":null,"OomKillDisable":null,"PidsLimit":null,"Ulimits":null,"CpuCount":0,"CpuPercent":0,"IOMaximumIOps":0,"IOMaximumBandwidth":0,"MaskedPaths":["/proc/asound","/proc/acpi","/proc/kcore","/proc/keys","/proc/latency_stats","/proc/timer_list","/proc/timer_stats","/proc/sched_debug","/proc/scsi","/sys/firmware"],"ReadonlyPaths":["/proc/bus","/proc/fs","/proc/irq","/proc/sys","/proc/sysrq-trigger"]},"GraphDriver":{"Data":{"LowerDir":"/var/lib/docker/overlay2/2c15a904a49807090175d7750f18e0f6a57e99c38a424839679cbaf676a4d500-init/diff:/var/lib/docker/overlay2/1bd8849d7a296305617011f940aa5cfabbe972a513397b1b6bbc27639b6c1f30/diff:/var/lib/docker/overlay2/199d69b2fbf78af4d4c95dec4fd2f8835ab0347eb49fb20ebb2ff3b99fedd6ad/diff:/var/lib/docker/overlay2/d83c38d654989311f75b9491329846033bfb7714de76ef635380dcfad5c740d9/diff:/var/lib/docker/overlay2/08600d0aea2ab2728bebcf5d2589c640a842f53d1ba3c4a4adccb4d03b923cf6/diff:/var/lib/docker/overlay2/9ec7c63a3fb14d13ac788bbf5e282ca821edc41260b79944e5e631037d13ecda/diff:/var/lib/docker/overlay2/db601d7a1b4ea6da638db620462f0da96fa55c559d02269c9ddb09027936ed87/diff:/var/lib/docker/overlay2/a6d2bd03f942e2565f21e74cfe152c7ec836a1c2b583f0790c685b92bdcfda24/diff:/var/lib/docker/overlay2/9badd16ea2c5e2bf1fde8b579683e41137dfc46ed5449234149f199a6751cc84/diff:/var/lib/docker/overlay2/6efb85646ed12e2d1181ef4cc6f6f6732c00c15a4035fe17ebc4f075ca573c30/diff:/var/lib/docker/overlay2/895d7c0ec09144d6ed33936f4e98e11c18010f7abd708cae1ce43aec7a7f2621/diff:/var/lib/docker/overlay2/1c4ba77aa573ab6e5e5069fd15eae71b3da940bde0f97a922a227ffc8a1d1096/diff","MergedDir":"/var/lib/docker/overlay2/2c15a904a49807090175d7750f18e0f6a57e99c38a424839679cbaf676a4d500/merged","UpperDir":"/var/lib/docker/overlay2/2c15a904a49807090175d7750f18e0f6a57e99c38a424839679cbaf676a4d500/diff","WorkDir":"/var/lib/docker/overlay2/2c15a904a49807090175d7750f18e0f6a57e99c38a424839679cbaf676a4d500/work"},"Name":"overlay2"},"Mounts":[{"Type":"volume","Name":"44a9389ce95a2961210e86afd6afe42b23405f43157b5dc00e010d283c01df79","Source":"/var/lib/docker/volumes/44a9389ce95a2961210e86afd6afe42b23405f43157b5dc00e010d283c01df79/_data","Destination":"/var/lib/mysql","Driver":"local","Mode":"","RW":true,"Propagation":""}],"Config":{"Hostname":"c37a42694b7d","Domainname":"","User":"","AttachStdin":false,"AttachStdout":false,"AttachStderr":false,"ExposedPorts":{"3306/tcp":{},"33060/tcp":{}},"Tty":false,"OpenStdin":false,"StdinOnce":false,"Env":["MYSQL_DATABASE=adm_videos","MYSQL_PASSWORD=123456","MYSQL_ROOT_PASSWORD=123456","PATH=/usr/local/sbin:/usr/local/bin:/usr/sbin:/usr/bin:/sbin:/bin","GOSU_VERSION=1.16","MYSQL_MAJOR=8.0","MYSQL_VERSION=8.0.32-1.el8","MYSQL_SHELL_VERSION=8.0.32-1.el8"],"Cmd":["mysqld"],"Image":"mysql:latest","Volumes":{"/var/lib/mysql":{}},"WorkingDir":"","Entrypoint":["docker-entrypoint.sh"],"OnBuild":null,"Labels":{"org.testcontainers":"true","org.testcontainers.lang":"java","org.testcontainers.sessionId":"818a13d9-e138-4e41-b5a4-74fd927e6a2d","org.testcontainers.version":"1.17.6"}},"NetworkSettings":{"Bridge":"","SandboxID":"bd1f3a626f226e407a1a406212013b21c93b302c93f9fd53a405b7fc5ff825b3","HairpinMode":false,"LinkLocalIPv6Address":"","LinkLocalIPv6PrefixLen":0,"Ports":{"3306/tcp":[{"HostIp":"0.0.0.0","HostPort":"56289"}],"33060/tcp":null},"SandboxKey":"/var/run/docker/netns/bd1f3a626f22","SecondaryIPAddresses":null,"SecondaryIPv6Addresses":null,"EndpointID":"a2b725c0c5ce4503f8e45e0c2adc4455b29a53a4866d3f23b2bce893a084641f","Gateway":"172.17.0.1","GlobalIPv6Address":"","GlobalIPv6PrefixLen":0,"IPAddress":"172.17.0.3","IPPrefixLen":16,"IPv6Gateway":"","MacAddress":"02:42:ac:11:00:03","Networks":{"bridge":{"IPAMConfig":null,"Links":null,"Aliases":null,"NetworkID":"308e234c143065751b16b4500cb9f48d5c7fc2116504b3d816a5e51cd4771062","EndpointID":"a2b725c0c5ce4503f8e45e0c2adc4455b29a53a4866d3f23b2bce893a084641f","Gateway":"172.17.0.1","IPAddress":"172.17.0.3","IPPrefixLen":16,"IPv6Gateway":"","GlobalIPv6Address":"","GlobalIPv6PrefixLen":0,"MacAddress":"02:42:ac:11:00:03","DriverOpts":null}}}}[\n]"
23:55:13.224 [Test worker] DEBUG com.github.dockerjava.zerodep.shaded.org.apache.hc.client5.http.wire - http-outgoing-2 << "[\r][\n]"
23:55:13.225 [Test worker] DEBUG com.github.dockerjava.zerodep.shaded.org.apache.hc.client5.http.wire - http-outgoing-2 << "0[\r][\n]"
23:55:13.225 [Test worker] DEBUG com.github.dockerjava.zerodep.shaded.org.apache.hc.client5.http.wire - http-outgoing-2 << "[\r][\n]"
23:55:13.225 [Test worker] DEBUG com.github.dockerjava.zerodep.shaded.org.apache.hc.client5.http.impl.classic.InternalHttpClient - ep-00000063: releasing valid endpoint
23:55:13.225 [Test worker] DEBUG com.github.dockerjava.zerodep.shaded.org.apache.hc.client5.http.impl.io.PoolingHttpClientConnectionManager - ep-00000063: releasing endpoint
23:55:13.225 [Test worker] DEBUG com.github.dockerjava.zerodep.shaded.org.apache.hc.client5.http.impl.io.PoolingHttpClientConnectionManager - ep-00000063: connection http-outgoing-2 can be kept alive for 3 MINUTES
23:55:13.225 [Test worker] DEBUG com.github.dockerjava.zerodep.shaded.org.apache.hc.client5.http.impl.io.PoolingHttpClientConnectionManager - ep-00000063: connection released [route: {}->unix://localhost:2375][total available: 1; route allocated: 1 of 2147483647; total allocated: 1 of 2147483647]
23:55:13.225 [Test worker] DEBUG ]]>&#x1f433;<![CDATA[ [mysql:latest] - Trying to create JDBC connection using com.mysql.cj.jdbc.Driver to jdbc:mysql://localhost:56289/adm_videos?useSSL=false&allowPublicKeyRetrieval=true with properties: {password=123456, user=root}
23:55:13.329 [Test worker] DEBUG org.testcontainers.shaded.com.github.dockerjava.core.command.AbstrDockerCmd - Cmd: c37a42694b7d1cff581f5e7b89a60b044af4721181408c271e821f1413201ca6,false
23:55:13.329 [Test worker] DEBUG org.testcontainers.shaded.com.github.dockerjava.core.exec.InspectContainerCmdExec - GET: DefaultWebTarget{path=[/containers/c37a42694b7d1cff581f5e7b89a60b044af4721181408c271e821f1413201ca6/json], queryParams={}}
23:55:13.330 [Test worker] DEBUG com.github.dockerjava.zerodep.shaded.org.apache.hc.client5.http.impl.classic.InternalHttpClient - ex-00000065: preparing request execution
23:55:13.330 [Test worker] DEBUG com.github.dockerjava.zerodep.shaded.org.apache.hc.client5.http.protocol.RequestAddCookies - Cookie spec selected: strict
23:55:13.330 [Test worker] DEBUG com.github.dockerjava.zerodep.shaded.org.apache.hc.client5.http.protocol.RequestAuthCache - Auth cache not set in the context
23:55:13.330 [Test worker] DEBUG com.github.dockerjava.zerodep.shaded.org.apache.hc.client5.http.impl.classic.ProtocolExec - ex-00000065: target auth state: UNCHALLENGED
23:55:13.330 [Test worker] DEBUG com.github.dockerjava.zerodep.shaded.org.apache.hc.client5.http.impl.classic.ProtocolExec - ex-00000065: proxy auth state: UNCHALLENGED
23:55:13.330 [Test worker] DEBUG com.github.dockerjava.zerodep.shaded.org.apache.hc.client5.http.impl.classic.ConnectExec - ex-00000065: acquiring connection with route {}->unix://localhost:2375
23:55:13.330 [Test worker] DEBUG com.github.dockerjava.zerodep.shaded.org.apache.hc.client5.http.impl.classic.InternalHttpClient - ex-00000065: acquiring endpoint (3 MINUTES)
23:55:13.331 [Test worker] DEBUG com.github.dockerjava.zerodep.shaded.org.apache.hc.client5.http.impl.io.PoolingHttpClientConnectionManager - ex-00000065: endpoint lease request (3 MINUTES) [route: {}->unix://localhost:2375][total available: 1; route allocated: 1 of 2147483647; total allocated: 1 of 2147483647]
23:55:13.331 [Test worker] DEBUG com.github.dockerjava.zerodep.shaded.org.apache.hc.client5.http.impl.io.PoolingHttpClientConnectionManager - ex-00000065: endpoint leased [route: {}->unix://localhost:2375][total available: 0; route allocated: 1 of 2147483647; total allocated: 1 of 2147483647]
23:55:13.331 [Test worker] DEBUG com.github.dockerjava.zerodep.shaded.org.apache.hc.client5.http.impl.io.PoolingHttpClientConnectionManager - ex-00000065: acquired ep-00000064
23:55:13.331 [Test worker] DEBUG com.github.dockerjava.zerodep.shaded.org.apache.hc.client5.http.impl.classic.InternalHttpClient - ex-00000065: acquired endpoint ep-00000064
23:55:13.331 [Test worker] DEBUG com.github.dockerjava.zerodep.shaded.org.apache.hc.client5.http.impl.classic.MainClientExec - ex-00000065: executing GET /v1.32/containers/c37a42694b7d1cff581f5e7b89a60b044af4721181408c271e821f1413201ca6/json HTTP/1.1
23:55:13.331 [Test worker] DEBUG com.github.dockerjava.zerodep.shaded.org.apache.hc.client5.http.impl.classic.InternalHttpClient - ep-00000064: start execution ex-00000065
23:55:13.331 [Test worker] DEBUG com.github.dockerjava.zerodep.shaded.org.apache.hc.client5.http.impl.io.PoolingHttpClientConnectionManager - ep-00000064: executing exchange ex-00000065 over http-outgoing-2
23:55:13.331 [Test worker] DEBUG com.github.dockerjava.zerodep.shaded.org.apache.hc.client5.http.headers - http-outgoing-2 >> GET /v1.32/containers/c37a42694b7d1cff581f5e7b89a60b044af4721181408c271e821f1413201ca6/json HTTP/1.1
23:55:13.331 [Test worker] DEBUG com.github.dockerjava.zerodep.shaded.org.apache.hc.client5.http.headers - http-outgoing-2 >> accept: application/json
23:55:13.331 [Test worker] DEBUG com.github.dockerjava.zerodep.shaded.org.apache.hc.client5.http.headers - http-outgoing-2 >> x-tc-sid: 818a13d9-e138-4e41-b5a4-74fd927e6a2d
23:55:13.331 [Test worker] DEBUG com.github.dockerjava.zerodep.shaded.org.apache.hc.client5.http.headers - http-outgoing-2 >> Accept-Encoding: gzip, x-gzip, deflate
23:55:13.331 [Test worker] DEBUG com.github.dockerjava.zerodep.shaded.org.apache.hc.client5.http.headers - http-outgoing-2 >> Host: localhost:2375
23:55:13.331 [Test worker] DEBUG com.github.dockerjava.zerodep.shaded.org.apache.hc.client5.http.headers - http-outgoing-2 >> Connection: keep-alive
23:55:13.331 [Test worker] DEBUG com.github.dockerjava.zerodep.shaded.org.apache.hc.client5.http.headers - http-outgoing-2 >> User-Agent: Apache-HttpClient/5.0.3 (Java/17.0.2)
23:55:13.331 [Test worker] DEBUG com.github.dockerjava.zerodep.shaded.org.apache.hc.client5.http.wire - http-outgoing-2 >> "GET /v1.32/containers/c37a42694b7d1cff581f5e7b89a60b044af4721181408c271e821f1413201ca6/json HTTP/1.1[\r][\n]"
23:55:13.331 [Test worker] DEBUG com.github.dockerjava.zerodep.shaded.org.apache.hc.client5.http.wire - http-outgoing-2 >> "accept: application/json[\r][\n]"
23:55:13.331 [Test worker] DEBUG com.github.dockerjava.zerodep.shaded.org.apache.hc.client5.http.wire - http-outgoing-2 >> "x-tc-sid: 818a13d9-e138-4e41-b5a4-74fd927e6a2d[\r][\n]"
23:55:13.331 [Test worker] DEBUG com.github.dockerjava.zerodep.shaded.org.apache.hc.client5.http.wire - http-outgoing-2 >> "Accept-Encoding: gzip, x-gzip, deflate[\r][\n]"
23:55:13.331 [Test worker] DEBUG com.github.dockerjava.zerodep.shaded.org.apache.hc.client5.http.wire - http-outgoing-2 >> "Host: localhost:2375[\r][\n]"
23:55:13.331 [Test worker] DEBUG com.github.dockerjava.zerodep.shaded.org.apache.hc.client5.http.wire - http-outgoing-2 >> "Connection: keep-alive[\r][\n]"
23:55:13.331 [Test worker] DEBUG com.github.dockerjava.zerodep.shaded.org.apache.hc.client5.http.wire - http-outgoing-2 >> "User-Agent: Apache-HttpClient/5.0.3 (Java/17.0.2)[\r][\n]"
23:55:13.331 [Test worker] DEBUG com.github.dockerjava.zerodep.shaded.org.apache.hc.client5.http.wire - http-outgoing-2 >> "[\r][\n]"
23:55:13.333 [Test worker] DEBUG com.github.dockerjava.zerodep.shaded.org.apache.hc.client5.http.wire - http-outgoing-2 << "HTTP/1.1 200 OK[\r][\n]"
23:55:13.333 [Test worker] DEBUG com.github.dockerjava.zerodep.shaded.org.apache.hc.client5.http.wire - http-outgoing-2 << "Api-Version: 1.41[\r][\n]"
23:55:13.333 [Test worker] DEBUG com.github.dockerjava.zerodep.shaded.org.apache.hc.client5.http.wire - http-outgoing-2 << "Content-Type: application/json[\r][\n]"
23:55:13.333 [Test worker] DEBUG com.github.dockerjava.zerodep.shaded.org.apache.hc.client5.http.wire - http-outgoing-2 << "Date: Mon, 27 Mar 2023 02:55:13 GMT[\r][\n]"
23:55:13.333 [Test worker] DEBUG com.github.dockerjava.zerodep.shaded.org.apache.hc.client5.http.wire - http-outgoing-2 << "Docker-Experimental: false[\r][\n]"
23:55:13.333 [Test worker] DEBUG com.github.dockerjava.zerodep.shaded.org.apache.hc.client5.http.wire - http-outgoing-2 << "Ostype: linux[\r][\n]"
23:55:13.333 [Test worker] DEBUG com.github.dockerjava.zerodep.shaded.org.apache.hc.client5.http.wire - http-outgoing-2 << "Server: Docker/20.10.21 (linux)[\r][\n]"
23:55:13.333 [Test worker] DEBUG com.github.dockerjava.zerodep.shaded.org.apache.hc.client5.http.wire - http-outgoing-2 << "Transfer-Encoding: chunked[\r][\n]"
23:55:13.333 [Test worker] DEBUG com.github.dockerjava.zerodep.shaded.org.apache.hc.client5.http.wire - http-outgoing-2 << "[\r][\n]"
23:55:13.333 [Test worker] DEBUG com.github.dockerjava.zerodep.shaded.org.apache.hc.client5.http.headers - http-outgoing-2 << HTTP/1.1 200 OK
23:55:13.333 [Test worker] DEBUG com.github.dockerjava.zerodep.shaded.org.apache.hc.client5.http.headers - http-outgoing-2 << Api-Version: 1.41
23:55:13.333 [Test worker] DEBUG com.github.dockerjava.zerodep.shaded.org.apache.hc.client5.http.headers - http-outgoing-2 << Content-Type: application/json
23:55:13.333 [Test worker] DEBUG com.github.dockerjava.zerodep.shaded.org.apache.hc.client5.http.headers - http-outgoing-2 << Date: Mon, 27 Mar 2023 02:55:13 GMT
23:55:13.333 [Test worker] DEBUG com.github.dockerjava.zerodep.shaded.org.apache.hc.client5.http.headers - http-outgoing-2 << Docker-Experimental: false
23:55:13.333 [Test worker] DEBUG com.github.dockerjava.zerodep.shaded.org.apache.hc.client5.http.headers - http-outgoing-2 << Ostype: linux
23:55:13.333 [Test worker] DEBUG com.github.dockerjava.zerodep.shaded.org.apache.hc.client5.http.headers - http-outgoing-2 << Server: Docker/20.10.21 (linux)
23:55:13.333 [Test worker] DEBUG com.github.dockerjava.zerodep.shaded.org.apache.hc.client5.http.headers - http-outgoing-2 << Transfer-Encoding: chunked
23:55:13.333 [Test worker] DEBUG com.github.dockerjava.zerodep.shaded.org.apache.hc.client5.http.impl.classic.MainClientExec - ex-00000065: connection can be kept alive for 3 MINUTES
23:55:13.334 [Test worker] DEBUG com.github.dockerjava.zerodep.shaded.org.apache.hc.client5.http.wire - http-outgoing-2 << "18c1[\r][\n]"
23:55:13.334 [Test worker] DEBUG com.github.dockerjava.zerodep.shaded.org.apache.hc.client5.http.wire - http-outgoing-2 << "{"Id":"c37a42694b7d1cff581f5e7b89a60b044af4721181408c271e821f1413201ca6","Created":"2023-03-27T02:55:02.49734542Z","Path":"docker-entrypoint.sh","Args":["mysqld"],"State":{"Status":"running","Running":true,"Paused":false,"Restarting":false,"OOMKilled":false,"Dead":false,"Pid":18342,"ExitCode":0,"Error":"","StartedAt":"2023-03-27T02:55:03.12719392Z","FinishedAt":"0001-01-01T00:00:00Z"},"Image":"sha256:c7c54c29e20dccc1aefb936c8eba8bb8b98b87a4921102aba87fde2df5810af9","ResolvConfPath":"/var/lib/docker/containers/c37a42694b7d1cff581f5e7b89a60b044af4721181408c271e821f1413201ca6/resolv.conf","HostnamePath":"/var/lib/docker/containers/c37a42694b7d1cff581f5e7b89a60b044af4721181408c271e821f1413201ca6/hostname","HostsPath":"/var/lib/docker/containers/c37a42694b7d1cff581f5e7b89a60b044af4721181408c271e821f1413201ca6/hosts","LogPath":"/var/lib/docker/containers/c37a42694b7d1cff581f5e7b89a60b044af4721181408c271e821f1413201ca6/c37a42694b7d1cff581f5e7b89a60b044af4721181408c271e821f1413201ca6-json.log","Name":"/elegant_mahavira","RestartCount":0,"Driver":"overlay2","Platform":"linux","MountLabel":"","ProcessLabel":"","AppArmorProfile":"","ExecIDs":null,"HostConfig":{"Binds":[],"ContainerIDFile":"","LogConfig":{"Type":"json-file","Config":{}},"NetworkMode":"default","PortBindings":{"3306/tcp":[{"HostIp":"0.0.0.0","HostPort":"0"}]},"RestartPolicy":{"Name":"","MaximumRetryCount":0},"AutoRemove":false,"VolumeDriver":"","VolumesFrom":[],"CapAdd":null,"CapDrop":null,"CgroupnsMode":"private","Dns":null,"DnsOptions":null,"DnsSearch":null,"ExtraHosts":[],"GroupAdd":null,"IpcMode":"shareable","Cgroup":"","Links":null,"OomScoreAdj":0,"PidMode":"","Privileged":false,"PublishAllPorts":false,"ReadonlyRootfs":false,"SecurityOpt":null,"UTSMode":"","UsernsMode":"","ShmSize":67108864,"Runtime":"runc","ConsoleSize":[0,0],"Isolation":"","CpuShares":0,"Memory":0,"NanoCpus":0,"CgroupParent":"","BlkioWeight":0,"BlkioWeightDevice":null,"BlkioDeviceReadBps":null,"BlkioDeviceWriteBps":null,"BlkioDeviceReadIOps":null,"BlkioDeviceWriteIOps":null,"CpuPeriod":0,"CpuQuota":0,"CpuRealtimePeriod":0,"CpuRealtimeRuntime":0,"CpusetCpus":"","CpusetMems":"","Devices":null,"DeviceCgroupRules":null,"DeviceRequests":null,"KernelMemory":0,"KernelMemoryTCP":0,"MemoryReservation":0,"MemorySwap":0,"MemorySwappiness":null,"OomKillDisable":null,"PidsLimit":null,"Ulimits":null,"CpuCount":0,"CpuPercent":0,"IOMaximumIOps":0,"IOMaximumBandwidth":0,"MaskedPaths":["/proc/asound","/proc/acpi","/proc/kcore","/proc/keys","/proc/latency_stats","/proc/timer_list","/proc/timer_stats","/proc/sched_debug","/proc/scsi","/sys/firmware"],"ReadonlyPaths":["/proc/bus","/proc/fs","/proc/irq","/proc/sys","/proc/sysrq-trigger"]},"GraphDriver":{"Data":{"LowerDir":"/var/lib/docker/overlay2/2c15a904a49807090175d7750f18e0f6a57e99c38a424839679cbaf676a4d500-init/diff:/var/lib/docker/overlay2/1bd8849d7a296305617011f940aa5cfabbe972a513397b1b6bbc27639b6c1f30/diff:/var/lib/docker/overlay2/199d69b2fbf78af4d4c95dec4fd2f8835ab0347eb49fb20ebb2ff3b99fedd6ad/diff:/var/lib/docker/overlay2/d83c38d654989311f75b9491329846033bfb7714de76ef635380dcfad5c740d9/diff:/var/lib/docker/overlay2/08600d0aea2ab2728bebcf5d2589c640a842f53d1ba3c4a4adccb4d03b923cf6/diff:/var/lib/docker/overlay2/9ec7c63a3fb14d13ac788bbf5e282ca821edc41260b79944e5e631037d13ecda/diff:/var/lib/docker/overlay2/db601d7a1b4ea6da638db620462f0da96fa55c559d02269c9ddb09027936ed87/diff:/var/lib/docker/overlay2/a6d2bd03f942e2565f21e74cfe152c7ec836a1c2b583f0790c685b92bdcfda24/diff:/var/lib/docker/overlay2/9badd16ea2c5e2bf1fde8b579683e41137dfc46ed5449234149f199a6751cc84/diff:/var/lib/docker/overlay2/6efb85646ed12e2d1181ef4cc6f6f6732c00c15a4035fe17ebc4f075ca573c30/diff:/var/lib/docker/overlay2/895d7c0ec09144d6ed33936f4e98e11c18010f7abd708cae1ce43aec7a7f2621/diff:/var/lib/docker/overlay2/1c4ba77aa573ab6e5e5069fd15eae71b3da940bde0f97a922a227ffc8a1d1096/diff","MergedDir":"/var/lib/docker/overlay2/2c15a904a49807090175d7750f18e0f6a57e99c38a424839679cbaf676a4d500/merged","UpperDir":"/var/lib/docker/overlay2/2c15a904a49807090175d7750f18e0f6a57e99c38a424839679cbaf676a4d500/diff","WorkDir":"/var/lib/docker/overlay2/2c15a904a49807090175d7750f18e0f6a57e99c38a424839679cbaf676a4d500/work"},"Name":"overlay2"},"Mounts":[{"Type":"volume","Name":"44a9389ce95a2961210e86afd6afe42b23405f43157b5dc00e010d283c01df79","Source":"/var/lib/docker/volumes/44a9389ce95a2961210e86afd6afe42b23405f43157b5dc00e010d283c01df79/_data","Destination":"/var/lib/mysql","Driver":"local","Mode":"","RW":true,"Propagation":""}],"Config":{"Hostname":"c37a42694b7d","Domainname":"","User":"","AttachStdin":false,"AttachStdout":false,"AttachStderr":false,"ExposedPorts":{"3306/tcp":{},"33060/tcp":{}},"Tty":false,"OpenStdin":false,"StdinOnce":false,"Env":["MYSQL_DATABASE=adm_videos","MYSQL_PASSWORD=123456","MYSQL_ROOT_PASSWORD=123456","PATH=/usr/local/sbin:/usr/local/bin:/usr/sbin:/usr/bin:/sbin:/bin","GOSU_VERSION=1.16","MYSQL_MAJOR=8.0","MYSQL_VERSION=8.0.32-1.el8","MYSQL_SHELL_VERSION=8.0.32-1.el8"],"Cmd":["mysqld"],"Image":"mysql:latest","Volumes":{"/var/lib/mysql":{}},"WorkingDir":"","Entrypoint":["docker-entrypoint.sh"],"OnBuild":null,"Labels":{"org.testcontainers":"true","org.testcontainers.lang":"java","org.testcontainers.sessionId":"818a13d9-e138-4e41-b5a4-74fd927e6a2d","org.testcontainers.version":"1.17.6"}},"NetworkSettings":{"Bridge":"","SandboxID":"bd1f3a626f226e407a1a406212013b21c93b302c93f9fd53a405b7fc5ff825b3","HairpinMode":false,"LinkLocalIPv6Address":"","LinkLocalIPv6PrefixLen":0,"Ports":{"3306/tcp":[{"HostIp":"0.0.0.0","HostPort":"56289"}],"33060/tcp":null},"SandboxKey":"/var/run/docker/netns/bd1f3a626f22","SecondaryIPAddresses":null,"SecondaryIPv6Addresses":null,"EndpointID":"a2b725c0c5ce4503f8e45e0c2adc4455b29a53a4866d3f23b2bce893a084641f","Gateway":"172.17.0.1","GlobalIPv6Address":"","GlobalIPv6PrefixLen":0,"IPAddress":"172.17.0.3","IPPrefixLen":16,"IPv6Gateway":"","MacAddress":"02:42:ac:11:00:03","Networks":{"bridge":{"IPAMConfig":null,"Links":null,"Aliases":null,"NetworkID":"308e234c143065751b16b4500cb9f48d5c7fc2116504b3d816a5e51cd4771062","EndpointID":"a2b725c0c5ce4503f8e45e0c2adc4455b29a53a4866d3f23b2bce893a084641f","Gateway":"172.17.0.1","IPAddress":"172.17.0.3","IPPrefixLen":16,"IPv6Gateway":"","GlobalIPv6Address":"","GlobalIPv6PrefixLen":0,"MacAddress":"02:42:ac:11:00:03","DriverOpts":null}}}}[\n]"
23:55:13.335 [Test worker] DEBUG com.github.dockerjava.zerodep.shaded.org.apache.hc.client5.http.wire - http-outgoing-2 << "[\r][\n]"
23:55:13.335 [Test worker] DEBUG com.github.dockerjava.zerodep.shaded.org.apache.hc.client5.http.wire - http-outgoing-2 << "0[\r][\n]"
23:55:13.335 [Test worker] DEBUG com.github.dockerjava.zerodep.shaded.org.apache.hc.client5.http.wire - http-outgoing-2 << "[\r][\n]"
23:55:13.335 [Test worker] DEBUG com.github.dockerjava.zerodep.shaded.org.apache.hc.client5.http.impl.classic.InternalHttpClient - ep-00000064: releasing valid endpoint
23:55:13.335 [Test worker] DEBUG com.github.dockerjava.zerodep.shaded.org.apache.hc.client5.http.impl.io.PoolingHttpClientConnectionManager - ep-00000064: releasing endpoint
23:55:13.336 [Test worker] DEBUG com.github.dockerjava.zerodep.shaded.org.apache.hc.client5.http.impl.io.PoolingHttpClientConnectionManager - ep-00000064: connection http-outgoing-2 can be kept alive for 3 MINUTES
23:55:13.336 [Test worker] DEBUG com.github.dockerjava.zerodep.shaded.org.apache.hc.client5.http.impl.io.PoolingHttpClientConnectionManager - ep-00000064: connection released [route: {}->unix://localhost:2375][total available: 1; route allocated: 1 of 2147483647; total allocated: 1 of 2147483647]
23:55:13.336 [Test worker] DEBUG ]]>&#x1f433;<![CDATA[ [mysql:latest] - Trying to create JDBC connection using com.mysql.cj.jdbc.Driver to jdbc:mysql://localhost:56289/adm_videos?useSSL=false&allowPublicKeyRetrieval=true with properties: {password=123456, user=root}
23:55:13.443 [Test worker] DEBUG org.testcontainers.shaded.com.github.dockerjava.core.command.AbstrDockerCmd - Cmd: c37a42694b7d1cff581f5e7b89a60b044af4721181408c271e821f1413201ca6,false
23:55:13.444 [Test worker] DEBUG org.testcontainers.shaded.com.github.dockerjava.core.exec.InspectContainerCmdExec - GET: DefaultWebTarget{path=[/containers/c37a42694b7d1cff581f5e7b89a60b044af4721181408c271e821f1413201ca6/json], queryParams={}}
23:55:13.444 [Test worker] DEBUG com.github.dockerjava.zerodep.shaded.org.apache.hc.client5.http.impl.classic.InternalHttpClient - ex-00000066: preparing request execution
23:55:13.444 [Test worker] DEBUG com.github.dockerjava.zerodep.shaded.org.apache.hc.client5.http.protocol.RequestAddCookies - Cookie spec selected: strict
23:55:13.444 [Test worker] DEBUG com.github.dockerjava.zerodep.shaded.org.apache.hc.client5.http.protocol.RequestAuthCache - Auth cache not set in the context
23:55:13.444 [Test worker] DEBUG com.github.dockerjava.zerodep.shaded.org.apache.hc.client5.http.impl.classic.ProtocolExec - ex-00000066: target auth state: UNCHALLENGED
23:55:13.444 [Test worker] DEBUG com.github.dockerjava.zerodep.shaded.org.apache.hc.client5.http.impl.classic.ProtocolExec - ex-00000066: proxy auth state: UNCHALLENGED
23:55:13.444 [Test worker] DEBUG com.github.dockerjava.zerodep.shaded.org.apache.hc.client5.http.impl.classic.ConnectExec - ex-00000066: acquiring connection with route {}->unix://localhost:2375
23:55:13.445 [Test worker] DEBUG com.github.dockerjava.zerodep.shaded.org.apache.hc.client5.http.impl.classic.InternalHttpClient - ex-00000066: acquiring endpoint (3 MINUTES)
23:55:13.445 [Test worker] DEBUG com.github.dockerjava.zerodep.shaded.org.apache.hc.client5.http.impl.io.PoolingHttpClientConnectionManager - ex-00000066: endpoint lease request (3 MINUTES) [route: {}->unix://localhost:2375][total available: 1; route allocated: 1 of 2147483647; total allocated: 1 of 2147483647]
23:55:13.445 [Test worker] DEBUG com.github.dockerjava.zerodep.shaded.org.apache.hc.client5.http.impl.io.PoolingHttpClientConnectionManager - ex-00000066: endpoint leased [route: {}->unix://localhost:2375][total available: 0; route allocated: 1 of 2147483647; total allocated: 1 of 2147483647]
23:55:13.445 [Test worker] DEBUG com.github.dockerjava.zerodep.shaded.org.apache.hc.client5.http.impl.io.PoolingHttpClientConnectionManager - ex-00000066: acquired ep-00000065
23:55:13.445 [Test worker] DEBUG com.github.dockerjava.zerodep.shaded.org.apache.hc.client5.http.impl.classic.InternalHttpClient - ex-00000066: acquired endpoint ep-00000065
23:55:13.445 [Test worker] DEBUG com.github.dockerjava.zerodep.shaded.org.apache.hc.client5.http.impl.classic.MainClientExec - ex-00000066: executing GET /v1.32/containers/c37a42694b7d1cff581f5e7b89a60b044af4721181408c271e821f1413201ca6/json HTTP/1.1
23:55:13.445 [Test worker] DEBUG com.github.dockerjava.zerodep.shaded.org.apache.hc.client5.http.impl.classic.InternalHttpClient - ep-00000065: start execution ex-00000066
23:55:13.445 [Test worker] DEBUG com.github.dockerjava.zerodep.shaded.org.apache.hc.client5.http.impl.io.PoolingHttpClientConnectionManager - ep-00000065: executing exchange ex-00000066 over http-outgoing-2
23:55:13.445 [Test worker] DEBUG com.github.dockerjava.zerodep.shaded.org.apache.hc.client5.http.headers - http-outgoing-2 >> GET /v1.32/containers/c37a42694b7d1cff581f5e7b89a60b044af4721181408c271e821f1413201ca6/json HTTP/1.1
23:55:13.445 [Test worker] DEBUG com.github.dockerjava.zerodep.shaded.org.apache.hc.client5.http.headers - http-outgoing-2 >> accept: application/json
23:55:13.445 [Test worker] DEBUG com.github.dockerjava.zerodep.shaded.org.apache.hc.client5.http.headers - http-outgoing-2 >> x-tc-sid: 818a13d9-e138-4e41-b5a4-74fd927e6a2d
23:55:13.445 [Test worker] DEBUG com.github.dockerjava.zerodep.shaded.org.apache.hc.client5.http.headers - http-outgoing-2 >> Accept-Encoding: gzip, x-gzip, deflate
23:55:13.445 [Test worker] DEBUG com.github.dockerjava.zerodep.shaded.org.apache.hc.client5.http.headers - http-outgoing-2 >> Host: localhost:2375
23:55:13.445 [Test worker] DEBUG com.github.dockerjava.zerodep.shaded.org.apache.hc.client5.http.headers - http-outgoing-2 >> Connection: keep-alive
23:55:13.445 [Test worker] DEBUG com.github.dockerjava.zerodep.shaded.org.apache.hc.client5.http.headers - http-outgoing-2 >> User-Agent: Apache-HttpClient/5.0.3 (Java/17.0.2)
23:55:13.445 [Test worker] DEBUG com.github.dockerjava.zerodep.shaded.org.apache.hc.client5.http.wire - http-outgoing-2 >> "GET /v1.32/containers/c37a42694b7d1cff581f5e7b89a60b044af4721181408c271e821f1413201ca6/json HTTP/1.1[\r][\n]"
23:55:13.445 [Test worker] DEBUG com.github.dockerjava.zerodep.shaded.org.apache.hc.client5.http.wire - http-outgoing-2 >> "accept: application/json[\r][\n]"
23:55:13.445 [Test worker] DEBUG com.github.dockerjava.zerodep.shaded.org.apache.hc.client5.http.wire - http-outgoing-2 >> "x-tc-sid: 818a13d9-e138-4e41-b5a4-74fd927e6a2d[\r][\n]"
23:55:13.445 [Test worker] DEBUG com.github.dockerjava.zerodep.shaded.org.apache.hc.client5.http.wire - http-outgoing-2 >> "Accept-Encoding: gzip, x-gzip, deflate[\r][\n]"
23:55:13.445 [Test worker] DEBUG com.github.dockerjava.zerodep.shaded.org.apache.hc.client5.http.wire - http-outgoing-2 >> "Host: localhost:2375[\r][\n]"
23:55:13.445 [Test worker] DEBUG com.github.dockerjava.zerodep.shaded.org.apache.hc.client5.http.wire - http-outgoing-2 >> "Connection: keep-alive[\r][\n]"
23:55:13.445 [Test worker] DEBUG com.github.dockerjava.zerodep.shaded.org.apache.hc.client5.http.wire - http-outgoing-2 >> "User-Agent: Apache-HttpClient/5.0.3 (Java/17.0.2)[\r][\n]"
23:55:13.445 [Test worker] DEBUG com.github.dockerjava.zerodep.shaded.org.apache.hc.client5.http.wire - http-outgoing-2 >> "[\r][\n]"
23:55:13.447 [Test worker] DEBUG com.github.dockerjava.zerodep.shaded.org.apache.hc.client5.http.wire - http-outgoing-2 << "HTTP/1.1 200 OK[\r][\n]"
23:55:13.447 [Test worker] DEBUG com.github.dockerjava.zerodep.shaded.org.apache.hc.client5.http.wire - http-outgoing-2 << "Api-Version: 1.41[\r][\n]"
23:55:13.447 [Test worker] DEBUG com.github.dockerjava.zerodep.shaded.org.apache.hc.client5.http.wire - http-outgoing-2 << "Content-Type: application/json[\r][\n]"
23:55:13.447 [Test worker] DEBUG com.github.dockerjava.zerodep.shaded.org.apache.hc.client5.http.wire - http-outgoing-2 << "Date: Mon, 27 Mar 2023 02:55:13 GMT[\r][\n]"
23:55:13.447 [Test worker] DEBUG com.github.dockerjava.zerodep.shaded.org.apache.hc.client5.http.wire - http-outgoing-2 << "Docker-Experimental: false[\r][\n]"
23:55:13.447 [Test worker] DEBUG com.github.dockerjava.zerodep.shaded.org.apache.hc.client5.http.wire - http-outgoing-2 << "Ostype: linux[\r][\n]"
23:55:13.447 [Test worker] DEBUG com.github.dockerjava.zerodep.shaded.org.apache.hc.client5.http.wire - http-outgoing-2 << "Server: Docker/20.10.21 (linux)[\r][\n]"
23:55:13.447 [Test worker] DEBUG com.github.dockerjava.zerodep.shaded.org.apache.hc.client5.http.wire - http-outgoing-2 << "Transfer-Encoding: chunked[\r][\n]"
23:55:13.447 [Test worker] DEBUG com.github.dockerjava.zerodep.shaded.org.apache.hc.client5.http.wire - http-outgoing-2 << "[\r][\n]"
23:55:13.447 [Test worker] DEBUG com.github.dockerjava.zerodep.shaded.org.apache.hc.client5.http.headers - http-outgoing-2 << HTTP/1.1 200 OK
23:55:13.447 [Test worker] DEBUG com.github.dockerjava.zerodep.shaded.org.apache.hc.client5.http.headers - http-outgoing-2 << Api-Version: 1.41
23:55:13.447 [Test worker] DEBUG com.github.dockerjava.zerodep.shaded.org.apache.hc.client5.http.headers - http-outgoing-2 << Content-Type: application/json
23:55:13.447 [Test worker] DEBUG com.github.dockerjava.zerodep.shaded.org.apache.hc.client5.http.headers - http-outgoing-2 << Date: Mon, 27 Mar 2023 02:55:13 GMT
23:55:13.447 [Test worker] DEBUG com.github.dockerjava.zerodep.shaded.org.apache.hc.client5.http.headers - http-outgoing-2 << Docker-Experimental: false
23:55:13.447 [Test worker] DEBUG com.github.dockerjava.zerodep.shaded.org.apache.hc.client5.http.headers - http-outgoing-2 << Ostype: linux
23:55:13.447 [Test worker] DEBUG com.github.dockerjava.zerodep.shaded.org.apache.hc.client5.http.headers - http-outgoing-2 << Server: Docker/20.10.21 (linux)
23:55:13.447 [Test worker] DEBUG com.github.dockerjava.zerodep.shaded.org.apache.hc.client5.http.headers - http-outgoing-2 << Transfer-Encoding: chunked
23:55:13.447 [Test worker] DEBUG com.github.dockerjava.zerodep.shaded.org.apache.hc.client5.http.impl.classic.MainClientExec - ex-00000066: connection can be kept alive for 3 MINUTES
23:55:13.449 [Test worker] DEBUG com.github.dockerjava.zerodep.shaded.org.apache.hc.client5.http.wire - http-outgoing-2 << "18c1[\r][\n]"
23:55:13.449 [Test worker] DEBUG com.github.dockerjava.zerodep.shaded.org.apache.hc.client5.http.wire - http-outgoing-2 << "{"Id":"c37a42694b7d1cff581f5e7b89a60b044af4721181408c271e821f1413201ca6","Created":"2023-03-27T02:55:02.49734542Z","Path":"docker-entrypoint.sh","Args":["mysqld"],"State":{"Status":"running","Running":true,"Paused":false,"Restarting":false,"OOMKilled":false,"Dead":false,"Pid":18342,"ExitCode":0,"Error":"","StartedAt":"2023-03-27T02:55:03.12719392Z","FinishedAt":"0001-01-01T00:00:00Z"},"Image":"sha256:c7c54c29e20dccc1aefb936c8eba8bb8b98b87a4921102aba87fde2df5810af9","ResolvConfPath":"/var/lib/docker/containers/c37a42694b7d1cff581f5e7b89a60b044af4721181408c271e821f1413201ca6/resolv.conf","HostnamePath":"/var/lib/docker/containers/c37a42694b7d1cff581f5e7b89a60b044af4721181408c271e821f1413201ca6/hostname","HostsPath":"/var/lib/docker/containers/c37a42694b7d1cff581f5e7b89a60b044af4721181408c271e821f1413201ca6/hosts","LogPath":"/var/lib/docker/containers/c37a42694b7d1cff581f5e7b89a60b044af4721181408c271e821f1413201ca6/c37a42694b7d1cff581f5e7b89a60b044af4721181408c271e821f1413201ca6-json.log","Name":"/elegant_mahavira","RestartCount":0,"Driver":"overlay2","Platform":"linux","MountLabel":"","ProcessLabel":"","AppArmorProfile":"","ExecIDs":null,"HostConfig":{"Binds":[],"ContainerIDFile":"","LogConfig":{"Type":"json-file","Config":{}},"NetworkMode":"default","PortBindings":{"3306/tcp":[{"HostIp":"0.0.0.0","HostPort":"0"}]},"RestartPolicy":{"Name":"","MaximumRetryCount":0},"AutoRemove":false,"VolumeDriver":"","VolumesFrom":[],"CapAdd":null,"CapDrop":null,"CgroupnsMode":"private","Dns":null,"DnsOptions":null,"DnsSearch":null,"ExtraHosts":[],"GroupAdd":null,"IpcMode":"shareable","Cgroup":"","Links":null,"OomScoreAdj":0,"PidMode":"","Privileged":false,"PublishAllPorts":false,"ReadonlyRootfs":false,"SecurityOpt":null,"UTSMode":"","UsernsMode":"","ShmSize":67108864,"Runtime":"runc","ConsoleSize":[0,0],"Isolation":"","CpuShares":0,"Memory":0,"NanoCpus":0,"CgroupParent":"","BlkioWeight":0,"BlkioWeightDevice":null,"BlkioDeviceReadBps":null,"BlkioDeviceWriteBps":null,"BlkioDeviceReadIOps":null,"BlkioDeviceWriteIOps":null,"CpuPeriod":0,"CpuQuota":0,"CpuRealtimePeriod":0,"CpuRealtimeRuntime":0,"CpusetCpus":"","CpusetMems":"","Devices":null,"DeviceCgroupRules":null,"DeviceRequests":null,"KernelMemory":0,"KernelMemoryTCP":0,"MemoryReservation":0,"MemorySwap":0,"MemorySwappiness":null,"OomKillDisable":null,"PidsLimit":null,"Ulimits":null,"CpuCount":0,"CpuPercent":0,"IOMaximumIOps":0,"IOMaximumBandwidth":0,"MaskedPaths":["/proc/asound","/proc/acpi","/proc/kcore","/proc/keys","/proc/latency_stats","/proc/timer_list","/proc/timer_stats","/proc/sched_debug","/proc/scsi","/sys/firmware"],"ReadonlyPaths":["/proc/bus","/proc/fs","/proc/irq","/proc/sys","/proc/sysrq-trigger"]},"GraphDriver":{"Data":{"LowerDir":"/var/lib/docker/overlay2/2c15a904a49807090175d7750f18e0f6a57e99c38a424839679cbaf676a4d500-init/diff:/var/lib/docker/overlay2/1bd8849d7a296305617011f940aa5cfabbe972a513397b1b6bbc27639b6c1f30/diff:/var/lib/docker/overlay2/199d69b2fbf78af4d4c95dec4fd2f8835ab0347eb49fb20ebb2ff3b99fedd6ad/diff:/var/lib/docker/overlay2/d83c38d654989311f75b9491329846033bfb7714de76ef635380dcfad5c740d9/diff:/var/lib/docker/overlay2/08600d0aea2ab2728bebcf5d2589c640a842f53d1ba3c4a4adccb4d03b923cf6/diff:/var/lib/docker/overlay2/9ec7c63a3fb14d13ac788bbf5e282ca821edc41260b79944e5e631037d13ecda/diff:/var/lib/docker/overlay2/db601d7a1b4ea6da638db620462f0da96fa55c559d02269c9ddb09027936ed87/diff:/var/lib/docker/overlay2/a6d2bd03f942e2565f21e74cfe152c7ec836a1c2b583f0790c685b92bdcfda24/diff:/var/lib/docker/overlay2/9badd16ea2c5e2bf1fde8b579683e41137dfc46ed5449234149f199a6751cc84/diff:/var/lib/docker/overlay2/6efb85646ed12e2d1181ef4cc6f6f6732c00c15a4035fe17ebc4f075ca573c30/diff:/var/lib/docker/overlay2/895d7c0ec09144d6ed33936f4e98e11c18010f7abd708cae1ce43aec7a7f2621/diff:/var/lib/docker/overlay2/1c4ba77aa573ab6e5e5069fd15eae71b3da940bde0f97a922a227ffc8a1d1096/diff","MergedDir":"/var/lib/docker/overlay2/2c15a904a49807090175d7750f18e0f6a57e99c38a424839679cbaf676a4d500/merged","UpperDir":"/var/lib/docker/overlay2/2c15a904a49807090175d7750f18e0f6a57e99c38a424839679cbaf676a4d500/diff","WorkDir":"/var/lib/docker/overlay2/2c15a904a49807090175d7750f18e0f6a57e99c38a424839679cbaf676a4d500/work"},"Name":"overlay2"},"Mounts":[{"Type":"volume","Name":"44a9389ce95a2961210e86afd6afe42b23405f43157b5dc00e010d283c01df79","Source":"/var/lib/docker/volumes/44a9389ce95a2961210e86afd6afe42b23405f43157b5dc00e010d283c01df79/_data","Destination":"/var/lib/mysql","Driver":"local","Mode":"","RW":true,"Propagation":""}],"Config":{"Hostname":"c37a42694b7d","Domainname":"","User":"","AttachStdin":false,"AttachStdout":false,"AttachStderr":false,"ExposedPorts":{"3306/tcp":{},"33060/tcp":{}},"Tty":false,"OpenStdin":false,"StdinOnce":false,"Env":["MYSQL_DATABASE=adm_videos","MYSQL_PASSWORD=123456","MYSQL_ROOT_PASSWORD=123456","PATH=/usr/local/sbin:/usr/local/bin:/usr/sbin:/usr/bin:/sbin:/bin","GOSU_VERSION=1.16","MYSQL_MAJOR=8.0","MYSQL_VERSION=8.0.32-1.el8","MYSQL_SHELL_VERSION=8.0.32-1.el8"],"Cmd":["mysqld"],"Image":"mysql:latest","Volumes":{"/var/lib/mysql":{}},"WorkingDir":"","Entrypoint":["docker-entrypoint.sh"],"OnBuild":null,"Labels":{"org.testcontainers":"true","org.testcontainers.lang":"java","org.testcontainers.sessionId":"818a13d9-e138-4e41-b5a4-74fd927e6a2d","org.testcontainers.version":"1.17.6"}},"NetworkSettings":{"Bridge":"","SandboxID":"bd1f3a626f226e407a1a406212013b21c93b302c93f9fd53a405b7fc5ff825b3","HairpinMode":false,"LinkLocalIPv6Address":"","LinkLocalIPv6PrefixLen":0,"Ports":{"3306/tcp":[{"HostIp":"0.0.0.0","HostPort":"56289"}],"33060/tcp":null},"SandboxKey":"/var/run/docker/netns/bd1f3a626f22","SecondaryIPAddresses":null,"SecondaryIPv6Addresses":null,"EndpointID":"a2b725c0c5ce4503f8e45e0c2adc4455b29a53a4866d3f23b2bce893a084641f","Gateway":"172.17.0.1","GlobalIPv6Address":"","GlobalIPv6PrefixLen":0,"IPAddress":"172.17.0.3","IPPrefixLen":16,"IPv6Gateway":"","MacAddress":"02:42:ac:11:00:03","Networks":{"bridge":{"IPAMConfig":null,"Links":null,"Aliases":null,"NetworkID":"308e234c143065751b16b4500cb9f48d5c7fc2116504b3d816a5e51cd4771062","EndpointID":"a2b725c0c5ce4503f8e45e0c2adc4455b29a53a4866d3f23b2bce893a084641f","Gateway":"172.17.0.1","IPAddress":"172.17.0.3","IPPrefixLen":16,"IPv6Gateway":"","GlobalIPv6Address":"","GlobalIPv6PrefixLen":0,"MacAddress":"02:42:ac:11:00:03","DriverOpts":null}}}}[\n]"
23:55:13.449 [Test worker] DEBUG com.github.dockerjava.zerodep.shaded.org.apache.hc.client5.http.wire - http-outgoing-2 << "[\r][\n]"
23:55:13.450 [Test worker] DEBUG com.github.dockerjava.zerodep.shaded.org.apache.hc.client5.http.wire - http-outgoing-2 << "0[\r][\n]"
23:55:13.450 [Test worker] DEBUG com.github.dockerjava.zerodep.shaded.org.apache.hc.client5.http.wire - http-outgoing-2 << "[\r][\n]"
23:55:13.450 [Test worker] DEBUG com.github.dockerjava.zerodep.shaded.org.apache.hc.client5.http.impl.classic.InternalHttpClient - ep-00000065: releasing valid endpoint
23:55:13.450 [Test worker] DEBUG com.github.dockerjava.zerodep.shaded.org.apache.hc.client5.http.impl.io.PoolingHttpClientConnectionManager - ep-00000065: releasing endpoint
23:55:13.450 [Test worker] DEBUG com.github.dockerjava.zerodep.shaded.org.apache.hc.client5.http.impl.io.PoolingHttpClientConnectionManager - ep-00000065: connection http-outgoing-2 can be kept alive for 3 MINUTES
23:55:13.450 [Test worker] DEBUG com.github.dockerjava.zerodep.shaded.org.apache.hc.client5.http.impl.io.PoolingHttpClientConnectionManager - ep-00000065: connection released [route: {}->unix://localhost:2375][total available: 1; route allocated: 1 of 2147483647; total allocated: 1 of 2147483647]
23:55:13.450 [Test worker] DEBUG ]]>&#x1f433;<![CDATA[ [mysql:latest] - Trying to create JDBC connection using com.mysql.cj.jdbc.Driver to jdbc:mysql://localhost:56289/adm_videos?useSSL=false&allowPublicKeyRetrieval=true with properties: {password=123456, user=root}
23:55:13.556 [Test worker] DEBUG org.testcontainers.shaded.com.github.dockerjava.core.command.AbstrDockerCmd - Cmd: c37a42694b7d1cff581f5e7b89a60b044af4721181408c271e821f1413201ca6,false
23:55:13.556 [Test worker] DEBUG org.testcontainers.shaded.com.github.dockerjava.core.exec.InspectContainerCmdExec - GET: DefaultWebTarget{path=[/containers/c37a42694b7d1cff581f5e7b89a60b044af4721181408c271e821f1413201ca6/json], queryParams={}}
23:55:13.557 [Test worker] DEBUG com.github.dockerjava.zerodep.shaded.org.apache.hc.client5.http.impl.classic.InternalHttpClient - ex-00000067: preparing request execution
23:55:13.557 [Test worker] DEBUG com.github.dockerjava.zerodep.shaded.org.apache.hc.client5.http.protocol.RequestAddCookies - Cookie spec selected: strict
23:55:13.557 [Test worker] DEBUG com.github.dockerjava.zerodep.shaded.org.apache.hc.client5.http.protocol.RequestAuthCache - Auth cache not set in the context
23:55:13.557 [Test worker] DEBUG com.github.dockerjava.zerodep.shaded.org.apache.hc.client5.http.impl.classic.ProtocolExec - ex-00000067: target auth state: UNCHALLENGED
23:55:13.557 [Test worker] DEBUG com.github.dockerjava.zerodep.shaded.org.apache.hc.client5.http.impl.classic.ProtocolExec - ex-00000067: proxy auth state: UNCHALLENGED
23:55:13.557 [Test worker] DEBUG com.github.dockerjava.zerodep.shaded.org.apache.hc.client5.http.impl.classic.ConnectExec - ex-00000067: acquiring connection with route {}->unix://localhost:2375
23:55:13.557 [Test worker] DEBUG com.github.dockerjava.zerodep.shaded.org.apache.hc.client5.http.impl.classic.InternalHttpClient - ex-00000067: acquiring endpoint (3 MINUTES)
23:55:13.557 [Test worker] DEBUG com.github.dockerjava.zerodep.shaded.org.apache.hc.client5.http.impl.io.PoolingHttpClientConnectionManager - ex-00000067: endpoint lease request (3 MINUTES) [route: {}->unix://localhost:2375][total available: 1; route allocated: 1 of 2147483647; total allocated: 1 of 2147483647]
23:55:13.557 [Test worker] DEBUG com.github.dockerjava.zerodep.shaded.org.apache.hc.client5.http.impl.io.PoolingHttpClientConnectionManager - ex-00000067: endpoint leased [route: {}->unix://localhost:2375][total available: 0; route allocated: 1 of 2147483647; total allocated: 1 of 2147483647]
23:55:13.557 [Test worker] DEBUG com.github.dockerjava.zerodep.shaded.org.apache.hc.client5.http.impl.io.PoolingHttpClientConnectionManager - ex-00000067: acquired ep-00000066
23:55:13.557 [Test worker] DEBUG com.github.dockerjava.zerodep.shaded.org.apache.hc.client5.http.impl.classic.InternalHttpClient - ex-00000067: acquired endpoint ep-00000066
23:55:13.557 [Test worker] DEBUG com.github.dockerjava.zerodep.shaded.org.apache.hc.client5.http.impl.classic.MainClientExec - ex-00000067: executing GET /v1.32/containers/c37a42694b7d1cff581f5e7b89a60b044af4721181408c271e821f1413201ca6/json HTTP/1.1
23:55:13.557 [Test worker] DEBUG com.github.dockerjava.zerodep.shaded.org.apache.hc.client5.http.impl.classic.InternalHttpClient - ep-00000066: start execution ex-00000067
23:55:13.557 [Test worker] DEBUG com.github.dockerjava.zerodep.shaded.org.apache.hc.client5.http.impl.io.PoolingHttpClientConnectionManager - ep-00000066: executing exchange ex-00000067 over http-outgoing-2
23:55:13.557 [Test worker] DEBUG com.github.dockerjava.zerodep.shaded.org.apache.hc.client5.http.headers - http-outgoing-2 >> GET /v1.32/containers/c37a42694b7d1cff581f5e7b89a60b044af4721181408c271e821f1413201ca6/json HTTP/1.1
23:55:13.557 [Test worker] DEBUG com.github.dockerjava.zerodep.shaded.org.apache.hc.client5.http.headers - http-outgoing-2 >> accept: application/json
23:55:13.557 [Test worker] DEBUG com.github.dockerjava.zerodep.shaded.org.apache.hc.client5.http.headers - http-outgoing-2 >> x-tc-sid: 818a13d9-e138-4e41-b5a4-74fd927e6a2d
23:55:13.557 [Test worker] DEBUG com.github.dockerjava.zerodep.shaded.org.apache.hc.client5.http.headers - http-outgoing-2 >> Accept-Encoding: gzip, x-gzip, deflate
23:55:13.557 [Test worker] DEBUG com.github.dockerjava.zerodep.shaded.org.apache.hc.client5.http.headers - http-outgoing-2 >> Host: localhost:2375
23:55:13.557 [Test worker] DEBUG com.github.dockerjava.zerodep.shaded.org.apache.hc.client5.http.headers - http-outgoing-2 >> Connection: keep-alive
23:55:13.557 [Test worker] DEBUG com.github.dockerjava.zerodep.shaded.org.apache.hc.client5.http.headers - http-outgoing-2 >> User-Agent: Apache-HttpClient/5.0.3 (Java/17.0.2)
23:55:13.558 [Test worker] DEBUG com.github.dockerjava.zerodep.shaded.org.apache.hc.client5.http.wire - http-outgoing-2 >> "GET /v1.32/containers/c37a42694b7d1cff581f5e7b89a60b044af4721181408c271e821f1413201ca6/json HTTP/1.1[\r][\n]"
23:55:13.558 [Test worker] DEBUG com.github.dockerjava.zerodep.shaded.org.apache.hc.client5.http.wire - http-outgoing-2 >> "accept: application/json[\r][\n]"
23:55:13.558 [Test worker] DEBUG com.github.dockerjava.zerodep.shaded.org.apache.hc.client5.http.wire - http-outgoing-2 >> "x-tc-sid: 818a13d9-e138-4e41-b5a4-74fd927e6a2d[\r][\n]"
23:55:13.558 [Test worker] DEBUG com.github.dockerjava.zerodep.shaded.org.apache.hc.client5.http.wire - http-outgoing-2 >> "Accept-Encoding: gzip, x-gzip, deflate[\r][\n]"
23:55:13.558 [Test worker] DEBUG com.github.dockerjava.zerodep.shaded.org.apache.hc.client5.http.wire - http-outgoing-2 >> "Host: localhost:2375[\r][\n]"
23:55:13.558 [Test worker] DEBUG com.github.dockerjava.zerodep.shaded.org.apache.hc.client5.http.wire - http-outgoing-2 >> "Connection: keep-alive[\r][\n]"
23:55:13.558 [Test worker] DEBUG com.github.dockerjava.zerodep.shaded.org.apache.hc.client5.http.wire - http-outgoing-2 >> "User-Agent: Apache-HttpClient/5.0.3 (Java/17.0.2)[\r][\n]"
23:55:13.558 [Test worker] DEBUG com.github.dockerjava.zerodep.shaded.org.apache.hc.client5.http.wire - http-outgoing-2 >> "[\r][\n]"
23:55:13.561 [Test worker] DEBUG com.github.dockerjava.zerodep.shaded.org.apache.hc.client5.http.wire - http-outgoing-2 << "HTTP/1.1 200 OK[\r][\n]"
23:55:13.561 [Test worker] DEBUG com.github.dockerjava.zerodep.shaded.org.apache.hc.client5.http.wire - http-outgoing-2 << "Api-Version: 1.41[\r][\n]"
23:55:13.561 [Test worker] DEBUG com.github.dockerjava.zerodep.shaded.org.apache.hc.client5.http.wire - http-outgoing-2 << "Content-Type: application/json[\r][\n]"
23:55:13.561 [Test worker] DEBUG com.github.dockerjava.zerodep.shaded.org.apache.hc.client5.http.wire - http-outgoing-2 << "Date: Mon, 27 Mar 2023 02:55:13 GMT[\r][\n]"
23:55:13.561 [Test worker] DEBUG com.github.dockerjava.zerodep.shaded.org.apache.hc.client5.http.wire - http-outgoing-2 << "Docker-Experimental: false[\r][\n]"
23:55:13.561 [Test worker] DEBUG com.github.dockerjava.zerodep.shaded.org.apache.hc.client5.http.wire - http-outgoing-2 << "Ostype: linux[\r][\n]"
23:55:13.561 [Test worker] DEBUG com.github.dockerjava.zerodep.shaded.org.apache.hc.client5.http.wire - http-outgoing-2 << "Server: Docker/20.10.21 (linux)[\r][\n]"
23:55:13.561 [Test worker] DEBUG com.github.dockerjava.zerodep.shaded.org.apache.hc.client5.http.wire - http-outgoing-2 << "Transfer-Encoding: chunked[\r][\n]"
23:55:13.561 [Test worker] DEBUG com.github.dockerjava.zerodep.shaded.org.apache.hc.client5.http.wire - http-outgoing-2 << "[\r][\n]"
23:55:13.561 [Test worker] DEBUG com.github.dockerjava.zerodep.shaded.org.apache.hc.client5.http.headers - http-outgoing-2 << HTTP/1.1 200 OK
23:55:13.561 [Test worker] DEBUG com.github.dockerjava.zerodep.shaded.org.apache.hc.client5.http.headers - http-outgoing-2 << Api-Version: 1.41
23:55:13.561 [Test worker] DEBUG com.github.dockerjava.zerodep.shaded.org.apache.hc.client5.http.headers - http-outgoing-2 << Content-Type: application/json
23:55:13.561 [Test worker] DEBUG com.github.dockerjava.zerodep.shaded.org.apache.hc.client5.http.headers - http-outgoing-2 << Date: Mon, 27 Mar 2023 02:55:13 GMT
23:55:13.561 [Test worker] DEBUG com.github.dockerjava.zerodep.shaded.org.apache.hc.client5.http.headers - http-outgoing-2 << Docker-Experimental: false
23:55:13.561 [Test worker] DEBUG com.github.dockerjava.zerodep.shaded.org.apache.hc.client5.http.headers - http-outgoing-2 << Ostype: linux
23:55:13.561 [Test worker] DEBUG com.github.dockerjava.zerodep.shaded.org.apache.hc.client5.http.headers - http-outgoing-2 << Server: Docker/20.10.21 (linux)
23:55:13.561 [Test worker] DEBUG com.github.dockerjava.zerodep.shaded.org.apache.hc.client5.http.headers - http-outgoing-2 << Transfer-Encoding: chunked
23:55:13.561 [Test worker] DEBUG com.github.dockerjava.zerodep.shaded.org.apache.hc.client5.http.impl.classic.MainClientExec - ex-00000067: connection can be kept alive for 3 MINUTES
23:55:13.563 [Test worker] DEBUG com.github.dockerjava.zerodep.shaded.org.apache.hc.client5.http.wire - http-outgoing-2 << "18c1[\r][\n]"
23:55:13.563 [Test worker] DEBUG com.github.dockerjava.zerodep.shaded.org.apache.hc.client5.http.wire - http-outgoing-2 << "{"Id":"c37a42694b7d1cff581f5e7b89a60b044af4721181408c271e821f1413201ca6","Created":"2023-03-27T02:55:02.49734542Z","Path":"docker-entrypoint.sh","Args":["mysqld"],"State":{"Status":"running","Running":true,"Paused":false,"Restarting":false,"OOMKilled":false,"Dead":false,"Pid":18342,"ExitCode":0,"Error":"","StartedAt":"2023-03-27T02:55:03.12719392Z","FinishedAt":"0001-01-01T00:00:00Z"},"Image":"sha256:c7c54c29e20dccc1aefb936c8eba8bb8b98b87a4921102aba87fde2df5810af9","ResolvConfPath":"/var/lib/docker/containers/c37a42694b7d1cff581f5e7b89a60b044af4721181408c271e821f1413201ca6/resolv.conf","HostnamePath":"/var/lib/docker/containers/c37a42694b7d1cff581f5e7b89a60b044af4721181408c271e821f1413201ca6/hostname","HostsPath":"/var/lib/docker/containers/c37a42694b7d1cff581f5e7b89a60b044af4721181408c271e821f1413201ca6/hosts","LogPath":"/var/lib/docker/containers/c37a42694b7d1cff581f5e7b89a60b044af4721181408c271e821f1413201ca6/c37a42694b7d1cff581f5e7b89a60b044af4721181408c271e821f1413201ca6-json.log","Name":"/elegant_mahavira","RestartCount":0,"Driver":"overlay2","Platform":"linux","MountLabel":"","ProcessLabel":"","AppArmorProfile":"","ExecIDs":null,"HostConfig":{"Binds":[],"ContainerIDFile":"","LogConfig":{"Type":"json-file","Config":{}},"NetworkMode":"default","PortBindings":{"3306/tcp":[{"HostIp":"0.0.0.0","HostPort":"0"}]},"RestartPolicy":{"Name":"","MaximumRetryCount":0},"AutoRemove":false,"VolumeDriver":"","VolumesFrom":[],"CapAdd":null,"CapDrop":null,"CgroupnsMode":"private","Dns":null,"DnsOptions":null,"DnsSearch":null,"ExtraHosts":[],"GroupAdd":null,"IpcMode":"shareable","Cgroup":"","Links":null,"OomScoreAdj":0,"PidMode":"","Privileged":false,"PublishAllPorts":false,"ReadonlyRootfs":false,"SecurityOpt":null,"UTSMode":"","UsernsMode":"","ShmSize":67108864,"Runtime":"runc","ConsoleSize":[0,0],"Isolation":"","CpuShares":0,"Memory":0,"NanoCpus":0,"CgroupParent":"","BlkioWeight":0,"BlkioWeightDevice":null,"BlkioDeviceReadBps":null,"BlkioDeviceWriteBps":null,"BlkioDeviceReadIOps":null,"BlkioDeviceWriteIOps":null,"CpuPeriod":0,"CpuQuota":0,"CpuRealtimePeriod":0,"CpuRealtimeRuntime":0,"CpusetCpus":"","CpusetMems":"","Devices":null,"DeviceCgroupRules":null,"DeviceRequests":null,"KernelMemory":0,"KernelMemoryTCP":0,"MemoryReservation":0,"MemorySwap":0,"MemorySwappiness":null,"OomKillDisable":null,"PidsLimit":null,"Ulimits":null,"CpuCount":0,"CpuPercent":0,"IOMaximumIOps":0,"IOMaximumBandwidth":0,"MaskedPaths":["/proc/asound","/proc/acpi","/proc/kcore","/proc/keys","/proc/latency_stats","/proc/timer_list","/proc/timer_stats","/proc/sched_debug","/proc/scsi","/sys/firmware"],"ReadonlyPaths":["/proc/bus","/proc/fs","/proc/irq","/proc/sys","/proc/sysrq-trigger"]},"GraphDriver":{"Data":{"LowerDir":"/var/lib/docker/overlay2/2c15a904a49807090175d7750f18e0f6a57e99c38a424839679cbaf676a4d500-init/diff:/var/lib/docker/overlay2/1bd8849d7a296305617011f940aa5cfabbe972a513397b1b6bbc27639b6c1f30/diff:/var/lib/docker/overlay2/199d69b2fbf78af4d4c95dec4fd2f8835ab0347eb49fb20ebb2ff3b99fedd6ad/diff:/var/lib/docker/overlay2/d83c38d654989311f75b9491329846033bfb7714de76ef635380dcfad5c740d9/diff:/var/lib/docker/overlay2/08600d0aea2ab2728bebcf5d2589c640a842f53d1ba3c4a4adccb4d03b923cf6/diff:/var/lib/docker/overlay2/9ec7c63a3fb14d13ac788bbf5e282ca821edc41260b79944e5e631037d13ecda/diff:/var/lib/docker/overlay2/db601d7a1b4ea6da638db620462f0da96fa55c559d02269c9ddb09027936ed87/diff:/var/lib/docker/overlay2/a6d2bd03f942e2565f21e74cfe152c7ec836a1c2b583f0790c685b92bdcfda24/diff:/var/lib/docker/overlay2/9badd16ea2c5e2bf1fde8b579683e41137dfc46ed5449234149f199a6751cc84/diff:/var/lib/docker/overlay2/6efb85646ed12e2d1181ef4cc6f6f6732c00c15a4035fe17ebc4f075ca573c30/diff:/var/lib/docker/overlay2/895d7c0ec09144d6ed33936f4e98e11c18010f7abd708cae1ce43aec7a7f2621/diff:/var/lib/docker/overlay2/1c4ba77aa573ab6e5e5069fd15eae71b3da940bde0f97a922a227ffc8a1d1096/diff","MergedDir":"/var/lib/docker/overlay2/2c15a904a49807090175d7750f18e0f6a57e99c38a424839679cbaf676a4d500/merged","UpperDir":"/var/lib/docker/overlay2/2c15a904a49807090175d7750f18e0f6a57e99c38a424839679cbaf676a4d500/diff","WorkDir":"/var/lib/docker/overlay2/2c15a904a49807090175d7750f18e0f6a57e99c38a424839679cbaf676a4d500/work"},"Name":"overlay2"},"Mounts":[{"Type":"volume","Name":"44a9389ce95a2961210e86afd6afe42b23405f43157b5dc00e010d283c01df79","Source":"/var/lib/docker/volumes/44a9389ce95a2961210e86afd6afe42b23405f43157b5dc00e010d283c01df79/_data","Destination":"/var/lib/mysql","Driver":"local","Mode":"","RW":true,"Propagation":""}],"Config":{"Hostname":"c37a42694b7d","Domainname":"","User":"","AttachStdin":false,"AttachStdout":false,"AttachStderr":false,"ExposedPorts":{"3306/tcp":{},"33060/tcp":{}},"Tty":false,"OpenStdin":false,"StdinOnce":false,"Env":["MYSQL_DATABASE=adm_videos","MYSQL_PASSWORD=123456","MYSQL_ROOT_PASSWORD=123456","PATH=/usr/local/sbin:/usr/local/bin:/usr/sbin:/usr/bin:/sbin:/bin","GOSU_VERSION=1.16","MYSQL_MAJOR=8.0","MYSQL_VERSION=8.0.32-1.el8","MYSQL_SHELL_VERSION=8.0.32-1.el8"],"Cmd":["mysqld"],"Image":"mysql:latest","Volumes":{"/var/lib/mysql":{}},"WorkingDir":"","Entrypoint":["docker-entrypoint.sh"],"OnBuild":null,"Labels":{"org.testcontainers":"true","org.testcontainers.lang":"java","org.testcontainers.sessionId":"818a13d9-e138-4e41-b5a4-74fd927e6a2d","org.testcontainers.version":"1.17.6"}},"NetworkSettings":{"Bridge":"","SandboxID":"bd1f3a626f226e407a1a406212013b21c93b302c93f9fd53a405b7fc5ff825b3","HairpinMode":false,"LinkLocalIPv6Address":"","LinkLocalIPv6PrefixLen":0,"Ports":{"3306/tcp":[{"HostIp":"0.0.0.0","HostPort":"56289"}],"33060/tcp":null},"SandboxKey":"/var/run/docker/netns/bd1f3a626f22","SecondaryIPAddresses":null,"SecondaryIPv6Addresses":null,"EndpointID":"a2b725c0c5ce4503f8e45e0c2adc4455b29a53a4866d3f23b2bce893a084641f","Gateway":"172.17.0.1","GlobalIPv6Address":"","GlobalIPv6PrefixLen":0,"IPAddress":"172.17.0.3","IPPrefixLen":16,"IPv6Gateway":"","MacAddress":"02:42:ac:11:00:03","Networks":{"bridge":{"IPAMConfig":null,"Links":null,"Aliases":null,"NetworkID":"308e234c143065751b16b4500cb9f48d5c7fc2116504b3d816a5e51cd4771062","EndpointID":"a2b725c0c5ce4503f8e45e0c2adc4455b29a53a4866d3f23b2bce893a084641f","Gateway":"172.17.0.1","IPAddress":"172.17.0.3","IPPrefixLen":16,"IPv6Gateway":"","GlobalIPv6Address":"","GlobalIPv6PrefixLen":0,"MacAddress":"02:42:ac:11:00:03","DriverOpts":null}}}}[\n]"
23:55:13.563 [Test worker] DEBUG com.github.dockerjava.zerodep.shaded.org.apache.hc.client5.http.wire - http-outgoing-2 << "[\r][\n]"
23:55:13.564 [Test worker] DEBUG com.github.dockerjava.zerodep.shaded.org.apache.hc.client5.http.wire - http-outgoing-2 << "0[\r][\n]"
23:55:13.564 [Test worker] DEBUG com.github.dockerjava.zerodep.shaded.org.apache.hc.client5.http.wire - http-outgoing-2 << "[\r][\n]"
23:55:13.564 [Test worker] DEBUG com.github.dockerjava.zerodep.shaded.org.apache.hc.client5.http.impl.classic.InternalHttpClient - ep-00000066: releasing valid endpoint
23:55:13.564 [Test worker] DEBUG com.github.dockerjava.zerodep.shaded.org.apache.hc.client5.http.impl.io.PoolingHttpClientConnectionManager - ep-00000066: releasing endpoint
23:55:13.564 [Test worker] DEBUG com.github.dockerjava.zerodep.shaded.org.apache.hc.client5.http.impl.io.PoolingHttpClientConnectionManager - ep-00000066: connection http-outgoing-2 can be kept alive for 3 MINUTES
23:55:13.564 [Test worker] DEBUG com.github.dockerjava.zerodep.shaded.org.apache.hc.client5.http.impl.io.PoolingHttpClientConnectionManager - ep-00000066: connection released [route: {}->unix://localhost:2375][total available: 1; route allocated: 1 of 2147483647; total allocated: 1 of 2147483647]
23:55:13.564 [Test worker] DEBUG ]]>&#x1f433;<![CDATA[ [mysql:latest] - Trying to create JDBC connection using com.mysql.cj.jdbc.Driver to jdbc:mysql://localhost:56289/adm_videos?useSSL=false&allowPublicKeyRetrieval=true with properties: {password=123456, user=root}
23:55:13.671 [Test worker] DEBUG org.testcontainers.shaded.com.github.dockerjava.core.command.AbstrDockerCmd - Cmd: c37a42694b7d1cff581f5e7b89a60b044af4721181408c271e821f1413201ca6,false
23:55:13.671 [Test worker] DEBUG org.testcontainers.shaded.com.github.dockerjava.core.exec.InspectContainerCmdExec - GET: DefaultWebTarget{path=[/containers/c37a42694b7d1cff581f5e7b89a60b044af4721181408c271e821f1413201ca6/json], queryParams={}}
23:55:13.672 [Test worker] DEBUG com.github.dockerjava.zerodep.shaded.org.apache.hc.client5.http.impl.classic.InternalHttpClient - ex-00000068: preparing request execution
23:55:13.672 [Test worker] DEBUG com.github.dockerjava.zerodep.shaded.org.apache.hc.client5.http.protocol.RequestAddCookies - Cookie spec selected: strict
23:55:13.672 [Test worker] DEBUG com.github.dockerjava.zerodep.shaded.org.apache.hc.client5.http.protocol.RequestAuthCache - Auth cache not set in the context
23:55:13.672 [Test worker] DEBUG com.github.dockerjava.zerodep.shaded.org.apache.hc.client5.http.impl.classic.ProtocolExec - ex-00000068: target auth state: UNCHALLENGED
23:55:13.672 [Test worker] DEBUG com.github.dockerjava.zerodep.shaded.org.apache.hc.client5.http.impl.classic.ProtocolExec - ex-00000068: proxy auth state: UNCHALLENGED
23:55:13.672 [Test worker] DEBUG com.github.dockerjava.zerodep.shaded.org.apache.hc.client5.http.impl.classic.ConnectExec - ex-00000068: acquiring connection with route {}->unix://localhost:2375
23:55:13.672 [Test worker] DEBUG com.github.dockerjava.zerodep.shaded.org.apache.hc.client5.http.impl.classic.InternalHttpClient - ex-00000068: acquiring endpoint (3 MINUTES)
23:55:13.672 [Test worker] DEBUG com.github.dockerjava.zerodep.shaded.org.apache.hc.client5.http.impl.io.PoolingHttpClientConnectionManager - ex-00000068: endpoint lease request (3 MINUTES) [route: {}->unix://localhost:2375][total available: 1; route allocated: 1 of 2147483647; total allocated: 1 of 2147483647]
23:55:13.672 [Test worker] DEBUG com.github.dockerjava.zerodep.shaded.org.apache.hc.client5.http.impl.io.PoolingHttpClientConnectionManager - ex-00000068: endpoint leased [route: {}->unix://localhost:2375][total available: 0; route allocated: 1 of 2147483647; total allocated: 1 of 2147483647]
23:55:13.672 [Test worker] DEBUG com.github.dockerjava.zerodep.shaded.org.apache.hc.client5.http.impl.io.PoolingHttpClientConnectionManager - ex-00000068: acquired ep-00000067
23:55:13.672 [Test worker] DEBUG com.github.dockerjava.zerodep.shaded.org.apache.hc.client5.http.impl.classic.InternalHttpClient - ex-00000068: acquired endpoint ep-00000067
23:55:13.672 [Test worker] DEBUG com.github.dockerjava.zerodep.shaded.org.apache.hc.client5.http.impl.classic.MainClientExec - ex-00000068: executing GET /v1.32/containers/c37a42694b7d1cff581f5e7b89a60b044af4721181408c271e821f1413201ca6/json HTTP/1.1
23:55:13.672 [Test worker] DEBUG com.github.dockerjava.zerodep.shaded.org.apache.hc.client5.http.impl.classic.InternalHttpClient - ep-00000067: start execution ex-00000068
23:55:13.672 [Test worker] DEBUG com.github.dockerjava.zerodep.shaded.org.apache.hc.client5.http.impl.io.PoolingHttpClientConnectionManager - ep-00000067: executing exchange ex-00000068 over http-outgoing-2
23:55:13.672 [Test worker] DEBUG com.github.dockerjava.zerodep.shaded.org.apache.hc.client5.http.headers - http-outgoing-2 >> GET /v1.32/containers/c37a42694b7d1cff581f5e7b89a60b044af4721181408c271e821f1413201ca6/json HTTP/1.1
23:55:13.672 [Test worker] DEBUG com.github.dockerjava.zerodep.shaded.org.apache.hc.client5.http.headers - http-outgoing-2 >> accept: application/json
23:55:13.672 [Test worker] DEBUG com.github.dockerjava.zerodep.shaded.org.apache.hc.client5.http.headers - http-outgoing-2 >> x-tc-sid: 818a13d9-e138-4e41-b5a4-74fd927e6a2d
23:55:13.672 [Test worker] DEBUG com.github.dockerjava.zerodep.shaded.org.apache.hc.client5.http.headers - http-outgoing-2 >> Accept-Encoding: gzip, x-gzip, deflate
23:55:13.672 [Test worker] DEBUG com.github.dockerjava.zerodep.shaded.org.apache.hc.client5.http.headers - http-outgoing-2 >> Host: localhost:2375
23:55:13.672 [Test worker] DEBUG com.github.dockerjava.zerodep.shaded.org.apache.hc.client5.http.headers - http-outgoing-2 >> Connection: keep-alive
23:55:13.672 [Test worker] DEBUG com.github.dockerjava.zerodep.shaded.org.apache.hc.client5.http.headers - http-outgoing-2 >> User-Agent: Apache-HttpClient/5.0.3 (Java/17.0.2)
23:55:13.672 [Test worker] DEBUG com.github.dockerjava.zerodep.shaded.org.apache.hc.client5.http.wire - http-outgoing-2 >> "GET /v1.32/containers/c37a42694b7d1cff581f5e7b89a60b044af4721181408c271e821f1413201ca6/json HTTP/1.1[\r][\n]"
23:55:13.672 [Test worker] DEBUG com.github.dockerjava.zerodep.shaded.org.apache.hc.client5.http.wire - http-outgoing-2 >> "accept: application/json[\r][\n]"
23:55:13.672 [Test worker] DEBUG com.github.dockerjava.zerodep.shaded.org.apache.hc.client5.http.wire - http-outgoing-2 >> "x-tc-sid: 818a13d9-e138-4e41-b5a4-74fd927e6a2d[\r][\n]"
23:55:13.672 [Test worker] DEBUG com.github.dockerjava.zerodep.shaded.org.apache.hc.client5.http.wire - http-outgoing-2 >> "Accept-Encoding: gzip, x-gzip, deflate[\r][\n]"
23:55:13.672 [Test worker] DEBUG com.github.dockerjava.zerodep.shaded.org.apache.hc.client5.http.wire - http-outgoing-2 >> "Host: localhost:2375[\r][\n]"
23:55:13.672 [Test worker] DEBUG com.github.dockerjava.zerodep.shaded.org.apache.hc.client5.http.wire - http-outgoing-2 >> "Connection: keep-alive[\r][\n]"
23:55:13.672 [Test worker] DEBUG com.github.dockerjava.zerodep.shaded.org.apache.hc.client5.http.wire - http-outgoing-2 >> "User-Agent: Apache-HttpClient/5.0.3 (Java/17.0.2)[\r][\n]"
23:55:13.672 [Test worker] DEBUG com.github.dockerjava.zerodep.shaded.org.apache.hc.client5.http.wire - http-outgoing-2 >> "[\r][\n]"
23:55:13.676 [Test worker] DEBUG com.github.dockerjava.zerodep.shaded.org.apache.hc.client5.http.wire - http-outgoing-2 << "HTTP/1.1 200 OK[\r][\n]"
23:55:13.676 [Test worker] DEBUG com.github.dockerjava.zerodep.shaded.org.apache.hc.client5.http.wire - http-outgoing-2 << "Api-Version: 1.41[\r][\n]"
23:55:13.676 [Test worker] DEBUG com.github.dockerjava.zerodep.shaded.org.apache.hc.client5.http.wire - http-outgoing-2 << "Content-Type: application/json[\r][\n]"
23:55:13.676 [Test worker] DEBUG com.github.dockerjava.zerodep.shaded.org.apache.hc.client5.http.wire - http-outgoing-2 << "Date: Mon, 27 Mar 2023 02:55:13 GMT[\r][\n]"
23:55:13.676 [Test worker] DEBUG com.github.dockerjava.zerodep.shaded.org.apache.hc.client5.http.wire - http-outgoing-2 << "Docker-Experimental: false[\r][\n]"
23:55:13.676 [Test worker] DEBUG com.github.dockerjava.zerodep.shaded.org.apache.hc.client5.http.wire - http-outgoing-2 << "Ostype: linux[\r][\n]"
23:55:13.676 [Test worker] DEBUG com.github.dockerjava.zerodep.shaded.org.apache.hc.client5.http.wire - http-outgoing-2 << "Server: Docker/20.10.21 (linux)[\r][\n]"
23:55:13.676 [Test worker] DEBUG com.github.dockerjava.zerodep.shaded.org.apache.hc.client5.http.wire - http-outgoing-2 << "Transfer-Encoding: chunked[\r][\n]"
23:55:13.676 [Test worker] DEBUG com.github.dockerjava.zerodep.shaded.org.apache.hc.client5.http.wire - http-outgoing-2 << "[\r][\n]"
23:55:13.676 [Test worker] DEBUG com.github.dockerjava.zerodep.shaded.org.apache.hc.client5.http.headers - http-outgoing-2 << HTTP/1.1 200 OK
23:55:13.676 [Test worker] DEBUG com.github.dockerjava.zerodep.shaded.org.apache.hc.client5.http.headers - http-outgoing-2 << Api-Version: 1.41
23:55:13.676 [Test worker] DEBUG com.github.dockerjava.zerodep.shaded.org.apache.hc.client5.http.headers - http-outgoing-2 << Content-Type: application/json
23:55:13.676 [Test worker] DEBUG com.github.dockerjava.zerodep.shaded.org.apache.hc.client5.http.headers - http-outgoing-2 << Date: Mon, 27 Mar 2023 02:55:13 GMT
23:55:13.676 [Test worker] DEBUG com.github.dockerjava.zerodep.shaded.org.apache.hc.client5.http.headers - http-outgoing-2 << Docker-Experimental: false
23:55:13.676 [Test worker] DEBUG com.github.dockerjava.zerodep.shaded.org.apache.hc.client5.http.headers - http-outgoing-2 << Ostype: linux
23:55:13.676 [Test worker] DEBUG com.github.dockerjava.zerodep.shaded.org.apache.hc.client5.http.headers - http-outgoing-2 << Server: Docker/20.10.21 (linux)
23:55:13.676 [Test worker] DEBUG com.github.dockerjava.zerodep.shaded.org.apache.hc.client5.http.headers - http-outgoing-2 << Transfer-Encoding: chunked
23:55:13.676 [Test worker] DEBUG com.github.dockerjava.zerodep.shaded.org.apache.hc.client5.http.impl.classic.MainClientExec - ex-00000068: connection can be kept alive for 3 MINUTES
23:55:13.677 [Test worker] DEBUG com.github.dockerjava.zerodep.shaded.org.apache.hc.client5.http.wire - http-outgoing-2 << "18c1[\r][\n]"
23:55:13.677 [Test worker] DEBUG com.github.dockerjava.zerodep.shaded.org.apache.hc.client5.http.wire - http-outgoing-2 << "{"Id":"c37a42694b7d1cff581f5e7b89a60b044af4721181408c271e821f1413201ca6","Created":"2023-03-27T02:55:02.49734542Z","Path":"docker-entrypoint.sh","Args":["mysqld"],"State":{"Status":"running","Running":true,"Paused":false,"Restarting":false,"OOMKilled":false,"Dead":false,"Pid":18342,"ExitCode":0,"Error":"","StartedAt":"2023-03-27T02:55:03.12719392Z","FinishedAt":"0001-01-01T00:00:00Z"},"Image":"sha256:c7c54c29e20dccc1aefb936c8eba8bb8b98b87a4921102aba87fde2df5810af9","ResolvConfPath":"/var/lib/docker/containers/c37a42694b7d1cff581f5e7b89a60b044af4721181408c271e821f1413201ca6/resolv.conf","HostnamePath":"/var/lib/docker/containers/c37a42694b7d1cff581f5e7b89a60b044af4721181408c271e821f1413201ca6/hostname","HostsPath":"/var/lib/docker/containers/c37a42694b7d1cff581f5e7b89a60b044af4721181408c271e821f1413201ca6/hosts","LogPath":"/var/lib/docker/containers/c37a42694b7d1cff581f5e7b89a60b044af4721181408c271e821f1413201ca6/c37a42694b7d1cff581f5e7b89a60b044af4721181408c271e821f1413201ca6-json.log","Name":"/elegant_mahavira","RestartCount":0,"Driver":"overlay2","Platform":"linux","MountLabel":"","ProcessLabel":"","AppArmorProfile":"","ExecIDs":null,"HostConfig":{"Binds":[],"ContainerIDFile":"","LogConfig":{"Type":"json-file","Config":{}},"NetworkMode":"default","PortBindings":{"3306/tcp":[{"HostIp":"0.0.0.0","HostPort":"0"}]},"RestartPolicy":{"Name":"","MaximumRetryCount":0},"AutoRemove":false,"VolumeDriver":"","VolumesFrom":[],"CapAdd":null,"CapDrop":null,"CgroupnsMode":"private","Dns":null,"DnsOptions":null,"DnsSearch":null,"ExtraHosts":[],"GroupAdd":null,"IpcMode":"shareable","Cgroup":"","Links":null,"OomScoreAdj":0,"PidMode":"","Privileged":false,"PublishAllPorts":false,"ReadonlyRootfs":false,"SecurityOpt":null,"UTSMode":"","UsernsMode":"","ShmSize":67108864,"Runtime":"runc","ConsoleSize":[0,0],"Isolation":"","CpuShares":0,"Memory":0,"NanoCpus":0,"CgroupParent":"","BlkioWeight":0,"BlkioWeightDevice":null,"BlkioDeviceReadBps":null,"BlkioDeviceWriteBps":null,"BlkioDeviceReadIOps":null,"BlkioDeviceWriteIOps":null,"CpuPeriod":0,"CpuQuota":0,"CpuRealtimePeriod":0,"CpuRealtimeRuntime":0,"CpusetCpus":"","CpusetMems":"","Devices":null,"DeviceCgroupRules":null,"DeviceRequests":null,"KernelMemory":0,"KernelMemoryTCP":0,"MemoryReservation":0,"MemorySwap":0,"MemorySwappiness":null,"OomKillDisable":null,"PidsLimit":null,"Ulimits":null,"CpuCount":0,"CpuPercent":0,"IOMaximumIOps":0,"IOMaximumBandwidth":0,"MaskedPaths":["/proc/asound","/proc/acpi","/proc/kcore","/proc/keys","/proc/latency_stats","/proc/timer_list","/proc/timer_stats","/proc/sched_debug","/proc/scsi","/sys/firmware"],"ReadonlyPaths":["/proc/bus","/proc/fs","/proc/irq","/proc/sys","/proc/sysrq-trigger"]},"GraphDriver":{"Data":{"LowerDir":"/var/lib/docker/overlay2/2c15a904a49807090175d7750f18e0f6a57e99c38a424839679cbaf676a4d500-init/diff:/var/lib/docker/overlay2/1bd8849d7a296305617011f940aa5cfabbe972a513397b1b6bbc27639b6c1f30/diff:/var/lib/docker/overlay2/199d69b2fbf78af4d4c95dec4fd2f8835ab0347eb49fb20ebb2ff3b99fedd6ad/diff:/var/lib/docker/overlay2/d83c38d654989311f75b9491329846033bfb7714de76ef635380dcfad5c740d9/diff:/var/lib/docker/overlay2/08600d0aea2ab2728bebcf5d2589c640a842f53d1ba3c4a4adccb4d03b923cf6/diff:/var/lib/docker/overlay2/9ec7c63a3fb14d13ac788bbf5e282ca821edc41260b79944e5e631037d13ecda/diff:/var/lib/docker/overlay2/db601d7a1b4ea6da638db620462f0da96fa55c559d02269c9ddb09027936ed87/diff:/var/lib/docker/overlay2/a6d2bd03f942e2565f21e74cfe152c7ec836a1c2b583f0790c685b92bdcfda24/diff:/var/lib/docker/overlay2/9badd16ea2c5e2bf1fde8b579683e41137dfc46ed5449234149f199a6751cc84/diff:/var/lib/docker/overlay2/6efb85646ed12e2d1181ef4cc6f6f6732c00c15a4035fe17ebc4f075ca573c30/diff:/var/lib/docker/overlay2/895d7c0ec09144d6ed33936f4e98e11c18010f7abd708cae1ce43aec7a7f2621/diff:/var/lib/docker/overlay2/1c4ba77aa573ab6e5e5069fd15eae71b3da940bde0f97a922a227ffc8a1d1096/diff","MergedDir":"/var/lib/docker/overlay2/2c15a904a49807090175d7750f18e0f6a57e99c38a424839679cbaf676a4d500/merged","UpperDir":"/var/lib/docker/overlay2/2c15a904a49807090175d7750f18e0f6a57e99c38a424839679cbaf676a4d500/diff","WorkDir":"/var/lib/docker/overlay2/2c15a904a49807090175d7750f18e0f6a57e99c38a424839679cbaf676a4d500/work"},"Name":"overlay2"},"Mounts":[{"Type":"volume","Name":"44a9389ce95a2961210e86afd6afe42b23405f43157b5dc00e010d283c01df79","Source":"/var/lib/docker/volumes/44a9389ce95a2961210e86afd6afe42b23405f43157b5dc00e010d283c01df79/_data","Destination":"/var/lib/mysql","Driver":"local","Mode":"","RW":true,"Propagation":""}],"Config":{"Hostname":"c37a42694b7d","Domainname":"","User":"","AttachStdin":false,"AttachStdout":false,"AttachStderr":false,"ExposedPorts":{"3306/tcp":{},"33060/tcp":{}},"Tty":false,"OpenStdin":false,"StdinOnce":false,"Env":["MYSQL_DATABASE=adm_videos","MYSQL_PASSWORD=123456","MYSQL_ROOT_PASSWORD=123456","PATH=/usr/local/sbin:/usr/local/bin:/usr/sbin:/usr/bin:/sbin:/bin","GOSU_VERSION=1.16","MYSQL_MAJOR=8.0","MYSQL_VERSION=8.0.32-1.el8","MYSQL_SHELL_VERSION=8.0.32-1.el8"],"Cmd":["mysqld"],"Image":"mysql:latest","Volumes":{"/var/lib/mysql":{}},"WorkingDir":"","Entrypoint":["docker-entrypoint.sh"],"OnBuild":null,"Labels":{"org.testcontainers":"true","org.testcontainers.lang":"java","org.testcontainers.sessionId":"818a13d9-e138-4e41-b5a4-74fd927e6a2d","org.testcontainers.version":"1.17.6"}},"NetworkSettings":{"Bridge":"","SandboxID":"bd1f3a626f226e407a1a406212013b21c93b302c93f9fd53a405b7fc5ff825b3","HairpinMode":false,"LinkLocalIPv6Address":"","LinkLocalIPv6PrefixLen":0,"Ports":{"3306/tcp":[{"HostIp":"0.0.0.0","HostPort":"56289"}],"33060/tcp":null},"SandboxKey":"/var/run/docker/netns/bd1f3a626f22","SecondaryIPAddresses":null,"SecondaryIPv6Addresses":null,"EndpointID":"a2b725c0c5ce4503f8e45e0c2adc4455b29a53a4866d3f23b2bce893a084641f","Gateway":"172.17.0.1","GlobalIPv6Address":"","GlobalIPv6PrefixLen":0,"IPAddress":"172.17.0.3","IPPrefixLen":16,"IPv6Gateway":"","MacAddress":"02:42:ac:11:00:03","Networks":{"bridge":{"IPAMConfig":null,"Links":null,"Aliases":null,"NetworkID":"308e234c143065751b16b4500cb9f48d5c7fc2116504b3d816a5e51cd4771062","EndpointID":"a2b725c0c5ce4503f8e45e0c2adc4455b29a53a4866d3f23b2bce893a084641f","Gateway":"172.17.0.1","IPAddress":"172.17.0.3","IPPrefixLen":16,"IPv6Gateway":"","GlobalIPv6Address":"","GlobalIPv6PrefixLen":0,"MacAddress":"02:42:ac:11:00:03","DriverOpts":null}}}}[\n]"
23:55:13.677 [Test worker] DEBUG com.github.dockerjava.zerodep.shaded.org.apache.hc.client5.http.wire - http-outgoing-2 << "[\r][\n]"
23:55:13.678 [Test worker] DEBUG com.github.dockerjava.zerodep.shaded.org.apache.hc.client5.http.wire - http-outgoing-2 << "0[\r][\n]"
23:55:13.678 [Test worker] DEBUG com.github.dockerjava.zerodep.shaded.org.apache.hc.client5.http.wire - http-outgoing-2 << "[\r][\n]"
23:55:13.678 [Test worker] DEBUG com.github.dockerjava.zerodep.shaded.org.apache.hc.client5.http.impl.classic.InternalHttpClient - ep-00000067: releasing valid endpoint
23:55:13.678 [Test worker] DEBUG com.github.dockerjava.zerodep.shaded.org.apache.hc.client5.http.impl.io.PoolingHttpClientConnectionManager - ep-00000067: releasing endpoint
23:55:13.678 [Test worker] DEBUG com.github.dockerjava.zerodep.shaded.org.apache.hc.client5.http.impl.io.PoolingHttpClientConnectionManager - ep-00000067: connection http-outgoing-2 can be kept alive for 3 MINUTES
23:55:13.678 [Test worker] DEBUG com.github.dockerjava.zerodep.shaded.org.apache.hc.client5.http.impl.io.PoolingHttpClientConnectionManager - ep-00000067: connection released [route: {}->unix://localhost:2375][total available: 1; route allocated: 1 of 2147483647; total allocated: 1 of 2147483647]
23:55:13.678 [Test worker] DEBUG ]]>&#x1f433;<![CDATA[ [mysql:latest] - Trying to create JDBC connection using com.mysql.cj.jdbc.Driver to jdbc:mysql://localhost:56289/adm_videos?useSSL=false&allowPublicKeyRetrieval=true with properties: {password=123456, user=root}
23:55:13.785 [Test worker] DEBUG org.testcontainers.shaded.com.github.dockerjava.core.command.AbstrDockerCmd - Cmd: c37a42694b7d1cff581f5e7b89a60b044af4721181408c271e821f1413201ca6,false
23:55:13.786 [Test worker] DEBUG org.testcontainers.shaded.com.github.dockerjava.core.exec.InspectContainerCmdExec - GET: DefaultWebTarget{path=[/containers/c37a42694b7d1cff581f5e7b89a60b044af4721181408c271e821f1413201ca6/json], queryParams={}}
23:55:13.786 [Test worker] DEBUG com.github.dockerjava.zerodep.shaded.org.apache.hc.client5.http.impl.classic.InternalHttpClient - ex-00000069: preparing request execution
23:55:13.786 [Test worker] DEBUG com.github.dockerjava.zerodep.shaded.org.apache.hc.client5.http.protocol.RequestAddCookies - Cookie spec selected: strict
23:55:13.786 [Test worker] DEBUG com.github.dockerjava.zerodep.shaded.org.apache.hc.client5.http.protocol.RequestAuthCache - Auth cache not set in the context
23:55:13.786 [Test worker] DEBUG com.github.dockerjava.zerodep.shaded.org.apache.hc.client5.http.impl.classic.ProtocolExec - ex-00000069: target auth state: UNCHALLENGED
23:55:13.786 [Test worker] DEBUG com.github.dockerjava.zerodep.shaded.org.apache.hc.client5.http.impl.classic.ProtocolExec - ex-00000069: proxy auth state: UNCHALLENGED
23:55:13.786 [Test worker] DEBUG com.github.dockerjava.zerodep.shaded.org.apache.hc.client5.http.impl.classic.ConnectExec - ex-00000069: acquiring connection with route {}->unix://localhost:2375
23:55:13.786 [Test worker] DEBUG com.github.dockerjava.zerodep.shaded.org.apache.hc.client5.http.impl.classic.InternalHttpClient - ex-00000069: acquiring endpoint (3 MINUTES)
23:55:13.786 [Test worker] DEBUG com.github.dockerjava.zerodep.shaded.org.apache.hc.client5.http.impl.io.PoolingHttpClientConnectionManager - ex-00000069: endpoint lease request (3 MINUTES) [route: {}->unix://localhost:2375][total available: 1; route allocated: 1 of 2147483647; total allocated: 1 of 2147483647]
23:55:13.786 [Test worker] DEBUG com.github.dockerjava.zerodep.shaded.org.apache.hc.client5.http.impl.io.PoolingHttpClientConnectionManager - ex-00000069: endpoint leased [route: {}->unix://localhost:2375][total available: 0; route allocated: 1 of 2147483647; total allocated: 1 of 2147483647]
23:55:13.786 [Test worker] DEBUG com.github.dockerjava.zerodep.shaded.org.apache.hc.client5.http.impl.io.PoolingHttpClientConnectionManager - ex-00000069: acquired ep-00000068
23:55:13.786 [Test worker] DEBUG com.github.dockerjava.zerodep.shaded.org.apache.hc.client5.http.impl.classic.InternalHttpClient - ex-00000069: acquired endpoint ep-00000068
23:55:13.787 [Test worker] DEBUG com.github.dockerjava.zerodep.shaded.org.apache.hc.client5.http.impl.classic.MainClientExec - ex-00000069: executing GET /v1.32/containers/c37a42694b7d1cff581f5e7b89a60b044af4721181408c271e821f1413201ca6/json HTTP/1.1
23:55:13.787 [Test worker] DEBUG com.github.dockerjava.zerodep.shaded.org.apache.hc.client5.http.impl.classic.InternalHttpClient - ep-00000068: start execution ex-00000069
23:55:13.787 [Test worker] DEBUG com.github.dockerjava.zerodep.shaded.org.apache.hc.client5.http.impl.io.PoolingHttpClientConnectionManager - ep-00000068: executing exchange ex-00000069 over http-outgoing-2
23:55:13.787 [Test worker] DEBUG com.github.dockerjava.zerodep.shaded.org.apache.hc.client5.http.headers - http-outgoing-2 >> GET /v1.32/containers/c37a42694b7d1cff581f5e7b89a60b044af4721181408c271e821f1413201ca6/json HTTP/1.1
23:55:13.787 [Test worker] DEBUG com.github.dockerjava.zerodep.shaded.org.apache.hc.client5.http.headers - http-outgoing-2 >> accept: application/json
23:55:13.787 [Test worker] DEBUG com.github.dockerjava.zerodep.shaded.org.apache.hc.client5.http.headers - http-outgoing-2 >> x-tc-sid: 818a13d9-e138-4e41-b5a4-74fd927e6a2d
23:55:13.787 [Test worker] DEBUG com.github.dockerjava.zerodep.shaded.org.apache.hc.client5.http.headers - http-outgoing-2 >> Accept-Encoding: gzip, x-gzip, deflate
23:55:13.787 [Test worker] DEBUG com.github.dockerjava.zerodep.shaded.org.apache.hc.client5.http.headers - http-outgoing-2 >> Host: localhost:2375
23:55:13.787 [Test worker] DEBUG com.github.dockerjava.zerodep.shaded.org.apache.hc.client5.http.headers - http-outgoing-2 >> Connection: keep-alive
23:55:13.787 [Test worker] DEBUG com.github.dockerjava.zerodep.shaded.org.apache.hc.client5.http.headers - http-outgoing-2 >> User-Agent: Apache-HttpClient/5.0.3 (Java/17.0.2)
23:55:13.787 [Test worker] DEBUG com.github.dockerjava.zerodep.shaded.org.apache.hc.client5.http.wire - http-outgoing-2 >> "GET /v1.32/containers/c37a42694b7d1cff581f5e7b89a60b044af4721181408c271e821f1413201ca6/json HTTP/1.1[\r][\n]"
23:55:13.787 [Test worker] DEBUG com.github.dockerjava.zerodep.shaded.org.apache.hc.client5.http.wire - http-outgoing-2 >> "accept: application/json[\r][\n]"
23:55:13.787 [Test worker] DEBUG com.github.dockerjava.zerodep.shaded.org.apache.hc.client5.http.wire - http-outgoing-2 >> "x-tc-sid: 818a13d9-e138-4e41-b5a4-74fd927e6a2d[\r][\n]"
23:55:13.787 [Test worker] DEBUG com.github.dockerjava.zerodep.shaded.org.apache.hc.client5.http.wire - http-outgoing-2 >> "Accept-Encoding: gzip, x-gzip, deflate[\r][\n]"
23:55:13.787 [Test worker] DEBUG com.github.dockerjava.zerodep.shaded.org.apache.hc.client5.http.wire - http-outgoing-2 >> "Host: localhost:2375[\r][\n]"
23:55:13.787 [Test worker] DEBUG com.github.dockerjava.zerodep.shaded.org.apache.hc.client5.http.wire - http-outgoing-2 >> "Connection: keep-alive[\r][\n]"
23:55:13.787 [Test worker] DEBUG com.github.dockerjava.zerodep.shaded.org.apache.hc.client5.http.wire - http-outgoing-2 >> "User-Agent: Apache-HttpClient/5.0.3 (Java/17.0.2)[\r][\n]"
23:55:13.787 [Test worker] DEBUG com.github.dockerjava.zerodep.shaded.org.apache.hc.client5.http.wire - http-outgoing-2 >> "[\r][\n]"
23:55:13.790 [Test worker] DEBUG com.github.dockerjava.zerodep.shaded.org.apache.hc.client5.http.wire - http-outgoing-2 << "HTTP/1.1 200 OK[\r][\n]"
23:55:13.790 [Test worker] DEBUG com.github.dockerjava.zerodep.shaded.org.apache.hc.client5.http.wire - http-outgoing-2 << "Api-Version: 1.41[\r][\n]"
23:55:13.790 [Test worker] DEBUG com.github.dockerjava.zerodep.shaded.org.apache.hc.client5.http.wire - http-outgoing-2 << "Content-Type: application/json[\r][\n]"
23:55:13.790 [Test worker] DEBUG com.github.dockerjava.zerodep.shaded.org.apache.hc.client5.http.wire - http-outgoing-2 << "Date: Mon, 27 Mar 2023 02:55:13 GMT[\r][\n]"
23:55:13.790 [Test worker] DEBUG com.github.dockerjava.zerodep.shaded.org.apache.hc.client5.http.wire - http-outgoing-2 << "Docker-Experimental: false[\r][\n]"
23:55:13.790 [Test worker] DEBUG com.github.dockerjava.zerodep.shaded.org.apache.hc.client5.http.wire - http-outgoing-2 << "Ostype: linux[\r][\n]"
23:55:13.790 [Test worker] DEBUG com.github.dockerjava.zerodep.shaded.org.apache.hc.client5.http.wire - http-outgoing-2 << "Server: Docker/20.10.21 (linux)[\r][\n]"
23:55:13.790 [Test worker] DEBUG com.github.dockerjava.zerodep.shaded.org.apache.hc.client5.http.wire - http-outgoing-2 << "Transfer-Encoding: chunked[\r][\n]"
23:55:13.790 [Test worker] DEBUG com.github.dockerjava.zerodep.shaded.org.apache.hc.client5.http.wire - http-outgoing-2 << "[\r][\n]"
23:55:13.790 [Test worker] DEBUG com.github.dockerjava.zerodep.shaded.org.apache.hc.client5.http.headers - http-outgoing-2 << HTTP/1.1 200 OK
23:55:13.790 [Test worker] DEBUG com.github.dockerjava.zerodep.shaded.org.apache.hc.client5.http.headers - http-outgoing-2 << Api-Version: 1.41
23:55:13.790 [Test worker] DEBUG com.github.dockerjava.zerodep.shaded.org.apache.hc.client5.http.headers - http-outgoing-2 << Content-Type: application/json
23:55:13.790 [Test worker] DEBUG com.github.dockerjava.zerodep.shaded.org.apache.hc.client5.http.headers - http-outgoing-2 << Date: Mon, 27 Mar 2023 02:55:13 GMT
23:55:13.790 [Test worker] DEBUG com.github.dockerjava.zerodep.shaded.org.apache.hc.client5.http.headers - http-outgoing-2 << Docker-Experimental: false
23:55:13.790 [Test worker] DEBUG com.github.dockerjava.zerodep.shaded.org.apache.hc.client5.http.headers - http-outgoing-2 << Ostype: linux
23:55:13.790 [Test worker] DEBUG com.github.dockerjava.zerodep.shaded.org.apache.hc.client5.http.headers - http-outgoing-2 << Server: Docker/20.10.21 (linux)
23:55:13.790 [Test worker] DEBUG com.github.dockerjava.zerodep.shaded.org.apache.hc.client5.http.headers - http-outgoing-2 << Transfer-Encoding: chunked
23:55:13.790 [Test worker] DEBUG com.github.dockerjava.zerodep.shaded.org.apache.hc.client5.http.impl.classic.MainClientExec - ex-00000069: connection can be kept alive for 3 MINUTES
23:55:13.792 [Test worker] DEBUG com.github.dockerjava.zerodep.shaded.org.apache.hc.client5.http.wire - http-outgoing-2 << "18c1[\r][\n]"
23:55:13.792 [Test worker] DEBUG com.github.dockerjava.zerodep.shaded.org.apache.hc.client5.http.wire - http-outgoing-2 << "{"Id":"c37a42694b7d1cff581f5e7b89a60b044af4721181408c271e821f1413201ca6","Created":"2023-03-27T02:55:02.49734542Z","Path":"docker-entrypoint.sh","Args":["mysqld"],"State":{"Status":"running","Running":true,"Paused":false,"Restarting":false,"OOMKilled":false,"Dead":false,"Pid":18342,"ExitCode":0,"Error":"","StartedAt":"2023-03-27T02:55:03.12719392Z","FinishedAt":"0001-01-01T00:00:00Z"},"Image":"sha256:c7c54c29e20dccc1aefb936c8eba8bb8b98b87a4921102aba87fde2df5810af9","ResolvConfPath":"/var/lib/docker/containers/c37a42694b7d1cff581f5e7b89a60b044af4721181408c271e821f1413201ca6/resolv.conf","HostnamePath":"/var/lib/docker/containers/c37a42694b7d1cff581f5e7b89a60b044af4721181408c271e821f1413201ca6/hostname","HostsPath":"/var/lib/docker/containers/c37a42694b7d1cff581f5e7b89a60b044af4721181408c271e821f1413201ca6/hosts","LogPath":"/var/lib/docker/containers/c37a42694b7d1cff581f5e7b89a60b044af4721181408c271e821f1413201ca6/c37a42694b7d1cff581f5e7b89a60b044af4721181408c271e821f1413201ca6-json.log","Name":"/elegant_mahavira","RestartCount":0,"Driver":"overlay2","Platform":"linux","MountLabel":"","ProcessLabel":"","AppArmorProfile":"","ExecIDs":null,"HostConfig":{"Binds":[],"ContainerIDFile":"","LogConfig":{"Type":"json-file","Config":{}},"NetworkMode":"default","PortBindings":{"3306/tcp":[{"HostIp":"0.0.0.0","HostPort":"0"}]},"RestartPolicy":{"Name":"","MaximumRetryCount":0},"AutoRemove":false,"VolumeDriver":"","VolumesFrom":[],"CapAdd":null,"CapDrop":null,"CgroupnsMode":"private","Dns":null,"DnsOptions":null,"DnsSearch":null,"ExtraHosts":[],"GroupAdd":null,"IpcMode":"shareable","Cgroup":"","Links":null,"OomScoreAdj":0,"PidMode":"","Privileged":false,"PublishAllPorts":false,"ReadonlyRootfs":false,"SecurityOpt":null,"UTSMode":"","UsernsMode":"","ShmSize":67108864,"Runtime":"runc","ConsoleSize":[0,0],"Isolation":"","CpuShares":0,"Memory":0,"NanoCpus":0,"CgroupParent":"","BlkioWeight":0,"BlkioWeightDevice":null,"BlkioDeviceReadBps":null,"BlkioDeviceWriteBps":null,"BlkioDeviceReadIOps":null,"BlkioDeviceWriteIOps":null,"CpuPeriod":0,"CpuQuota":0,"CpuRealtimePeriod":0,"CpuRealtimeRuntime":0,"CpusetCpus":"","CpusetMems":"","Devices":null,"DeviceCgroupRules":null,"DeviceRequests":null,"KernelMemory":0,"KernelMemoryTCP":0,"MemoryReservation":0,"MemorySwap":0,"MemorySwappiness":null,"OomKillDisable":null,"PidsLimit":null,"Ulimits":null,"CpuCount":0,"CpuPercent":0,"IOMaximumIOps":0,"IOMaximumBandwidth":0,"MaskedPaths":["/proc/asound","/proc/acpi","/proc/kcore","/proc/keys","/proc/latency_stats","/proc/timer_list","/proc/timer_stats","/proc/sched_debug","/proc/scsi","/sys/firmware"],"ReadonlyPaths":["/proc/bus","/proc/fs","/proc/irq","/proc/sys","/proc/sysrq-trigger"]},"GraphDriver":{"Data":{"LowerDir":"/var/lib/docker/overlay2/2c15a904a49807090175d7750f18e0f6a57e99c38a424839679cbaf676a4d500-init/diff:/var/lib/docker/overlay2/1bd8849d7a296305617011f940aa5cfabbe972a513397b1b6bbc27639b6c1f30/diff:/var/lib/docker/overlay2/199d69b2fbf78af4d4c95dec4fd2f8835ab0347eb49fb20ebb2ff3b99fedd6ad/diff:/var/lib/docker/overlay2/d83c38d654989311f75b9491329846033bfb7714de76ef635380dcfad5c740d9/diff:/var/lib/docker/overlay2/08600d0aea2ab2728bebcf5d2589c640a842f53d1ba3c4a4adccb4d03b923cf6/diff:/var/lib/docker/overlay2/9ec7c63a3fb14d13ac788bbf5e282ca821edc41260b79944e5e631037d13ecda/diff:/var/lib/docker/overlay2/db601d7a1b4ea6da638db620462f0da96fa55c559d02269c9ddb09027936ed87/diff:/var/lib/docker/overlay2/a6d2bd03f942e2565f21e74cfe152c7ec836a1c2b583f0790c685b92bdcfda24/diff:/var/lib/docker/overlay2/9badd16ea2c5e2bf1fde8b579683e41137dfc46ed5449234149f199a6751cc84/diff:/var/lib/docker/overlay2/6efb85646ed12e2d1181ef4cc6f6f6732c00c15a4035fe17ebc4f075ca573c30/diff:/var/lib/docker/overlay2/895d7c0ec09144d6ed33936f4e98e11c18010f7abd708cae1ce43aec7a7f2621/diff:/var/lib/docker/overlay2/1c4ba77aa573ab6e5e5069fd15eae71b3da940bde0f97a922a227ffc8a1d1096/diff","MergedDir":"/var/lib/docker/overlay2/2c15a904a49807090175d7750f18e0f6a57e99c38a424839679cbaf676a4d500/merged","UpperDir":"/var/lib/docker/overlay2/2c15a904a49807090175d7750f18e0f6a57e99c38a424839679cbaf676a4d500/diff","WorkDir":"/var/lib/docker/overlay2/2c15a904a49807090175d7750f18e0f6a57e99c38a424839679cbaf676a4d500/work"},"Name":"overlay2"},"Mounts":[{"Type":"volume","Name":"44a9389ce95a2961210e86afd6afe42b23405f43157b5dc00e010d283c01df79","Source":"/var/lib/docker/volumes/44a9389ce95a2961210e86afd6afe42b23405f43157b5dc00e010d283c01df79/_data","Destination":"/var/lib/mysql","Driver":"local","Mode":"","RW":true,"Propagation":""}],"Config":{"Hostname":"c37a42694b7d","Domainname":"","User":"","AttachStdin":false,"AttachStdout":false,"AttachStderr":false,"ExposedPorts":{"3306/tcp":{},"33060/tcp":{}},"Tty":false,"OpenStdin":false,"StdinOnce":false,"Env":["MYSQL_DATABASE=adm_videos","MYSQL_PASSWORD=123456","MYSQL_ROOT_PASSWORD=123456","PATH=/usr/local/sbin:/usr/local/bin:/usr/sbin:/usr/bin:/sbin:/bin","GOSU_VERSION=1.16","MYSQL_MAJOR=8.0","MYSQL_VERSION=8.0.32-1.el8","MYSQL_SHELL_VERSION=8.0.32-1.el8"],"Cmd":["mysqld"],"Image":"mysql:latest","Volumes":{"/var/lib/mysql":{}},"WorkingDir":"","Entrypoint":["docker-entrypoint.sh"],"OnBuild":null,"Labels":{"org.testcontainers":"true","org.testcontainers.lang":"java","org.testcontainers.sessionId":"818a13d9-e138-4e41-b5a4-74fd927e6a2d","org.testcontainers.version":"1.17.6"}},"NetworkSettings":{"Bridge":"","SandboxID":"bd1f3a626f226e407a1a406212013b21c93b302c93f9fd53a405b7fc5ff825b3","HairpinMode":false,"LinkLocalIPv6Address":"","LinkLocalIPv6PrefixLen":0,"Ports":{"3306/tcp":[{"HostIp":"0.0.0.0","HostPort":"56289"}],"33060/tcp":null},"SandboxKey":"/var/run/docker/netns/bd1f3a626f22","SecondaryIPAddresses":null,"SecondaryIPv6Addresses":null,"EndpointID":"a2b725c0c5ce4503f8e45e0c2adc4455b29a53a4866d3f23b2bce893a084641f","Gateway":"172.17.0.1","GlobalIPv6Address":"","GlobalIPv6PrefixLen":0,"IPAddress":"172.17.0.3","IPPrefixLen":16,"IPv6Gateway":"","MacAddress":"02:42:ac:11:00:03","Networks":{"bridge":{"IPAMConfig":null,"Links":null,"Aliases":null,"NetworkID":"308e234c143065751b16b4500cb9f48d5c7fc2116504b3d816a5e51cd4771062","EndpointID":"a2b725c0c5ce4503f8e45e0c2adc4455b29a53a4866d3f23b2bce893a084641f","Gateway":"172.17.0.1","IPAddress":"172.17.0.3","IPPrefixLen":16,"IPv6Gateway":"","GlobalIPv6Address":"","GlobalIPv6PrefixLen":0,"MacAddress":"02:42:ac:11:00:03","DriverOpts":null}}}}[\n]"
23:55:13.792 [Test worker] DEBUG com.github.dockerjava.zerodep.shaded.org.apache.hc.client5.http.wire - http-outgoing-2 << "[\r][\n]"
23:55:13.794 [Test worker] DEBUG com.github.dockerjava.zerodep.shaded.org.apache.hc.client5.http.wire - http-outgoing-2 << "0[\r][\n]"
23:55:13.794 [Test worker] DEBUG com.github.dockerjava.zerodep.shaded.org.apache.hc.client5.http.wire - http-outgoing-2 << "[\r][\n]"
23:55:13.794 [Test worker] DEBUG com.github.dockerjava.zerodep.shaded.org.apache.hc.client5.http.impl.classic.InternalHttpClient - ep-00000068: releasing valid endpoint
23:55:13.794 [Test worker] DEBUG com.github.dockerjava.zerodep.shaded.org.apache.hc.client5.http.impl.io.PoolingHttpClientConnectionManager - ep-00000068: releasing endpoint
23:55:13.794 [Test worker] DEBUG com.github.dockerjava.zerodep.shaded.org.apache.hc.client5.http.impl.io.PoolingHttpClientConnectionManager - ep-00000068: connection http-outgoing-2 can be kept alive for 3 MINUTES
23:55:13.794 [Test worker] DEBUG com.github.dockerjava.zerodep.shaded.org.apache.hc.client5.http.impl.io.PoolingHttpClientConnectionManager - ep-00000068: connection released [route: {}->unix://localhost:2375][total available: 1; route allocated: 1 of 2147483647; total allocated: 1 of 2147483647]
23:55:13.794 [Test worker] DEBUG ]]>&#x1f433;<![CDATA[ [mysql:latest] - Trying to create JDBC connection using com.mysql.cj.jdbc.Driver to jdbc:mysql://localhost:56289/adm_videos?useSSL=false&allowPublicKeyRetrieval=true with properties: {password=123456, user=root}
23:55:13.901 [Test worker] DEBUG org.testcontainers.shaded.com.github.dockerjava.core.command.AbstrDockerCmd - Cmd: c37a42694b7d1cff581f5e7b89a60b044af4721181408c271e821f1413201ca6,false
23:55:13.901 [Test worker] DEBUG org.testcontainers.shaded.com.github.dockerjava.core.exec.InspectContainerCmdExec - GET: DefaultWebTarget{path=[/containers/c37a42694b7d1cff581f5e7b89a60b044af4721181408c271e821f1413201ca6/json], queryParams={}}
23:55:13.902 [Test worker] DEBUG com.github.dockerjava.zerodep.shaded.org.apache.hc.client5.http.impl.classic.InternalHttpClient - ex-0000006A: preparing request execution
23:55:13.902 [Test worker] DEBUG com.github.dockerjava.zerodep.shaded.org.apache.hc.client5.http.protocol.RequestAddCookies - Cookie spec selected: strict
23:55:13.902 [Test worker] DEBUG com.github.dockerjava.zerodep.shaded.org.apache.hc.client5.http.protocol.RequestAuthCache - Auth cache not set in the context
23:55:13.902 [Test worker] DEBUG com.github.dockerjava.zerodep.shaded.org.apache.hc.client5.http.impl.classic.ProtocolExec - ex-0000006A: target auth state: UNCHALLENGED
23:55:13.902 [Test worker] DEBUG com.github.dockerjava.zerodep.shaded.org.apache.hc.client5.http.impl.classic.ProtocolExec - ex-0000006A: proxy auth state: UNCHALLENGED
23:55:13.902 [Test worker] DEBUG com.github.dockerjava.zerodep.shaded.org.apache.hc.client5.http.impl.classic.ConnectExec - ex-0000006A: acquiring connection with route {}->unix://localhost:2375
23:55:13.902 [Test worker] DEBUG com.github.dockerjava.zerodep.shaded.org.apache.hc.client5.http.impl.classic.InternalHttpClient - ex-0000006A: acquiring endpoint (3 MINUTES)
23:55:13.902 [Test worker] DEBUG com.github.dockerjava.zerodep.shaded.org.apache.hc.client5.http.impl.io.PoolingHttpClientConnectionManager - ex-0000006A: endpoint lease request (3 MINUTES) [route: {}->unix://localhost:2375][total available: 1; route allocated: 1 of 2147483647; total allocated: 1 of 2147483647]
23:55:13.902 [Test worker] DEBUG com.github.dockerjava.zerodep.shaded.org.apache.hc.client5.http.impl.io.PoolingHttpClientConnectionManager - ex-0000006A: endpoint leased [route: {}->unix://localhost:2375][total available: 0; route allocated: 1 of 2147483647; total allocated: 1 of 2147483647]
23:55:13.902 [Test worker] DEBUG com.github.dockerjava.zerodep.shaded.org.apache.hc.client5.http.impl.io.PoolingHttpClientConnectionManager - ex-0000006A: acquired ep-00000069
23:55:13.902 [Test worker] DEBUG com.github.dockerjava.zerodep.shaded.org.apache.hc.client5.http.impl.classic.InternalHttpClient - ex-0000006A: acquired endpoint ep-00000069
23:55:13.902 [Test worker] DEBUG com.github.dockerjava.zerodep.shaded.org.apache.hc.client5.http.impl.classic.MainClientExec - ex-0000006A: executing GET /v1.32/containers/c37a42694b7d1cff581f5e7b89a60b044af4721181408c271e821f1413201ca6/json HTTP/1.1
23:55:13.902 [Test worker] DEBUG com.github.dockerjava.zerodep.shaded.org.apache.hc.client5.http.impl.classic.InternalHttpClient - ep-00000069: start execution ex-0000006A
23:55:13.903 [Test worker] DEBUG com.github.dockerjava.zerodep.shaded.org.apache.hc.client5.http.impl.io.PoolingHttpClientConnectionManager - ep-00000069: executing exchange ex-0000006A over http-outgoing-2
23:55:13.903 [Test worker] DEBUG com.github.dockerjava.zerodep.shaded.org.apache.hc.client5.http.headers - http-outgoing-2 >> GET /v1.32/containers/c37a42694b7d1cff581f5e7b89a60b044af4721181408c271e821f1413201ca6/json HTTP/1.1
23:55:13.903 [Test worker] DEBUG com.github.dockerjava.zerodep.shaded.org.apache.hc.client5.http.headers - http-outgoing-2 >> accept: application/json
23:55:13.903 [Test worker] DEBUG com.github.dockerjava.zerodep.shaded.org.apache.hc.client5.http.headers - http-outgoing-2 >> x-tc-sid: 818a13d9-e138-4e41-b5a4-74fd927e6a2d
23:55:13.903 [Test worker] DEBUG com.github.dockerjava.zerodep.shaded.org.apache.hc.client5.http.headers - http-outgoing-2 >> Accept-Encoding: gzip, x-gzip, deflate
23:55:13.903 [Test worker] DEBUG com.github.dockerjava.zerodep.shaded.org.apache.hc.client5.http.headers - http-outgoing-2 >> Host: localhost:2375
23:55:13.903 [Test worker] DEBUG com.github.dockerjava.zerodep.shaded.org.apache.hc.client5.http.headers - http-outgoing-2 >> Connection: keep-alive
23:55:13.903 [Test worker] DEBUG com.github.dockerjava.zerodep.shaded.org.apache.hc.client5.http.headers - http-outgoing-2 >> User-Agent: Apache-HttpClient/5.0.3 (Java/17.0.2)
23:55:13.903 [Test worker] DEBUG com.github.dockerjava.zerodep.shaded.org.apache.hc.client5.http.wire - http-outgoing-2 >> "GET /v1.32/containers/c37a42694b7d1cff581f5e7b89a60b044af4721181408c271e821f1413201ca6/json HTTP/1.1[\r][\n]"
23:55:13.903 [Test worker] DEBUG com.github.dockerjava.zerodep.shaded.org.apache.hc.client5.http.wire - http-outgoing-2 >> "accept: application/json[\r][\n]"
23:55:13.903 [Test worker] DEBUG com.github.dockerjava.zerodep.shaded.org.apache.hc.client5.http.wire - http-outgoing-2 >> "x-tc-sid: 818a13d9-e138-4e41-b5a4-74fd927e6a2d[\r][\n]"
23:55:13.903 [Test worker] DEBUG com.github.dockerjava.zerodep.shaded.org.apache.hc.client5.http.wire - http-outgoing-2 >> "Accept-Encoding: gzip, x-gzip, deflate[\r][\n]"
23:55:13.903 [Test worker] DEBUG com.github.dockerjava.zerodep.shaded.org.apache.hc.client5.http.wire - http-outgoing-2 >> "Host: localhost:2375[\r][\n]"
23:55:13.903 [Test worker] DEBUG com.github.dockerjava.zerodep.shaded.org.apache.hc.client5.http.wire - http-outgoing-2 >> "Connection: keep-alive[\r][\n]"
23:55:13.903 [Test worker] DEBUG com.github.dockerjava.zerodep.shaded.org.apache.hc.client5.http.wire - http-outgoing-2 >> "User-Agent: Apache-HttpClient/5.0.3 (Java/17.0.2)[\r][\n]"
23:55:13.903 [Test worker] DEBUG com.github.dockerjava.zerodep.shaded.org.apache.hc.client5.http.wire - http-outgoing-2 >> "[\r][\n]"
23:55:13.906 [Test worker] DEBUG com.github.dockerjava.zerodep.shaded.org.apache.hc.client5.http.wire - http-outgoing-2 << "HTTP/1.1 200 OK[\r][\n]"
23:55:13.906 [Test worker] DEBUG com.github.dockerjava.zerodep.shaded.org.apache.hc.client5.http.wire - http-outgoing-2 << "Api-Version: 1.41[\r][\n]"
23:55:13.906 [Test worker] DEBUG com.github.dockerjava.zerodep.shaded.org.apache.hc.client5.http.wire - http-outgoing-2 << "Content-Type: application/json[\r][\n]"
23:55:13.906 [Test worker] DEBUG com.github.dockerjava.zerodep.shaded.org.apache.hc.client5.http.wire - http-outgoing-2 << "Date: Mon, 27 Mar 2023 02:55:13 GMT[\r][\n]"
23:55:13.906 [Test worker] DEBUG com.github.dockerjava.zerodep.shaded.org.apache.hc.client5.http.wire - http-outgoing-2 << "Docker-Experimental: false[\r][\n]"
23:55:13.906 [Test worker] DEBUG com.github.dockerjava.zerodep.shaded.org.apache.hc.client5.http.wire - http-outgoing-2 << "Ostype: linux[\r][\n]"
23:55:13.906 [Test worker] DEBUG com.github.dockerjava.zerodep.shaded.org.apache.hc.client5.http.wire - http-outgoing-2 << "Server: Docker/20.10.21 (linux)[\r][\n]"
23:55:13.906 [Test worker] DEBUG com.github.dockerjava.zerodep.shaded.org.apache.hc.client5.http.wire - http-outgoing-2 << "Transfer-Encoding: chunked[\r][\n]"
23:55:13.906 [Test worker] DEBUG com.github.dockerjava.zerodep.shaded.org.apache.hc.client5.http.wire - http-outgoing-2 << "[\r][\n]"
23:55:13.906 [Test worker] DEBUG com.github.dockerjava.zerodep.shaded.org.apache.hc.client5.http.headers - http-outgoing-2 << HTTP/1.1 200 OK
23:55:13.906 [Test worker] DEBUG com.github.dockerjava.zerodep.shaded.org.apache.hc.client5.http.headers - http-outgoing-2 << Api-Version: 1.41
23:55:13.906 [Test worker] DEBUG com.github.dockerjava.zerodep.shaded.org.apache.hc.client5.http.headers - http-outgoing-2 << Content-Type: application/json
23:55:13.906 [Test worker] DEBUG com.github.dockerjava.zerodep.shaded.org.apache.hc.client5.http.headers - http-outgoing-2 << Date: Mon, 27 Mar 2023 02:55:13 GMT
23:55:13.906 [Test worker] DEBUG com.github.dockerjava.zerodep.shaded.org.apache.hc.client5.http.headers - http-outgoing-2 << Docker-Experimental: false
23:55:13.906 [Test worker] DEBUG com.github.dockerjava.zerodep.shaded.org.apache.hc.client5.http.headers - http-outgoing-2 << Ostype: linux
23:55:13.906 [Test worker] DEBUG com.github.dockerjava.zerodep.shaded.org.apache.hc.client5.http.headers - http-outgoing-2 << Server: Docker/20.10.21 (linux)
23:55:13.906 [Test worker] DEBUG com.github.dockerjava.zerodep.shaded.org.apache.hc.client5.http.headers - http-outgoing-2 << Transfer-Encoding: chunked
23:55:13.906 [Test worker] DEBUG com.github.dockerjava.zerodep.shaded.org.apache.hc.client5.http.impl.classic.MainClientExec - ex-0000006A: connection can be kept alive for 3 MINUTES
23:55:13.907 [Test worker] DEBUG com.github.dockerjava.zerodep.shaded.org.apache.hc.client5.http.wire - http-outgoing-2 << "18c1[\r][\n]"
23:55:13.907 [Test worker] DEBUG com.github.dockerjava.zerodep.shaded.org.apache.hc.client5.http.wire - http-outgoing-2 << "{"Id":"c37a42694b7d1cff581f5e7b89a60b044af4721181408c271e821f1413201ca6","Created":"2023-03-27T02:55:02.49734542Z","Path":"docker-entrypoint.sh","Args":["mysqld"],"State":{"Status":"running","Running":true,"Paused":false,"Restarting":false,"OOMKilled":false,"Dead":false,"Pid":18342,"ExitCode":0,"Error":"","StartedAt":"2023-03-27T02:55:03.12719392Z","FinishedAt":"0001-01-01T00:00:00Z"},"Image":"sha256:c7c54c29e20dccc1aefb936c8eba8bb8b98b87a4921102aba87fde2df5810af9","ResolvConfPath":"/var/lib/docker/containers/c37a42694b7d1cff581f5e7b89a60b044af4721181408c271e821f1413201ca6/resolv.conf","HostnamePath":"/var/lib/docker/containers/c37a42694b7d1cff581f5e7b89a60b044af4721181408c271e821f1413201ca6/hostname","HostsPath":"/var/lib/docker/containers/c37a42694b7d1cff581f5e7b89a60b044af4721181408c271e821f1413201ca6/hosts","LogPath":"/var/lib/docker/containers/c37a42694b7d1cff581f5e7b89a60b044af4721181408c271e821f1413201ca6/c37a42694b7d1cff581f5e7b89a60b044af4721181408c271e821f1413201ca6-json.log","Name":"/elegant_mahavira","RestartCount":0,"Driver":"overlay2","Platform":"linux","MountLabel":"","ProcessLabel":"","AppArmorProfile":"","ExecIDs":null,"HostConfig":{"Binds":[],"ContainerIDFile":"","LogConfig":{"Type":"json-file","Config":{}},"NetworkMode":"default","PortBindings":{"3306/tcp":[{"HostIp":"0.0.0.0","HostPort":"0"}]},"RestartPolicy":{"Name":"","MaximumRetryCount":0},"AutoRemove":false,"VolumeDriver":"","VolumesFrom":[],"CapAdd":null,"CapDrop":null,"CgroupnsMode":"private","Dns":null,"DnsOptions":null,"DnsSearch":null,"ExtraHosts":[],"GroupAdd":null,"IpcMode":"shareable","Cgroup":"","Links":null,"OomScoreAdj":0,"PidMode":"","Privileged":false,"PublishAllPorts":false,"ReadonlyRootfs":false,"SecurityOpt":null,"UTSMode":"","UsernsMode":"","ShmSize":67108864,"Runtime":"runc","ConsoleSize":[0,0],"Isolation":"","CpuShares":0,"Memory":0,"NanoCpus":0,"CgroupParent":"","BlkioWeight":0,"BlkioWeightDevice":null,"BlkioDeviceReadBps":null,"BlkioDeviceWriteBps":null,"BlkioDeviceReadIOps":null,"BlkioDeviceWriteIOps":null,"CpuPeriod":0,"CpuQuota":0,"CpuRealtimePeriod":0,"CpuRealtimeRuntime":0,"CpusetCpus":"","CpusetMems":"","Devices":null,"DeviceCgroupRules":null,"DeviceRequests":null,"KernelMemory":0,"KernelMemoryTCP":0,"MemoryReservation":0,"MemorySwap":0,"MemorySwappiness":null,"OomKillDisable":null,"PidsLimit":null,"Ulimits":null,"CpuCount":0,"CpuPercent":0,"IOMaximumIOps":0,"IOMaximumBandwidth":0,"MaskedPaths":["/proc/asound","/proc/acpi","/proc/kcore","/proc/keys","/proc/latency_stats","/proc/timer_list","/proc/timer_stats","/proc/sched_debug","/proc/scsi","/sys/firmware"],"ReadonlyPaths":["/proc/bus","/proc/fs","/proc/irq","/proc/sys","/proc/sysrq-trigger"]},"GraphDriver":{"Data":{"LowerDir":"/var/lib/docker/overlay2/2c15a904a49807090175d7750f18e0f6a57e99c38a424839679cbaf676a4d500-init/diff:/var/lib/docker/overlay2/1bd8849d7a296305617011f940aa5cfabbe972a513397b1b6bbc27639b6c1f30/diff:/var/lib/docker/overlay2/199d69b2fbf78af4d4c95dec4fd2f8835ab0347eb49fb20ebb2ff3b99fedd6ad/diff:/var/lib/docker/overlay2/d83c38d654989311f75b9491329846033bfb7714de76ef635380dcfad5c740d9/diff:/var/lib/docker/overlay2/08600d0aea2ab2728bebcf5d2589c640a842f53d1ba3c4a4adccb4d03b923cf6/diff:/var/lib/docker/overlay2/9ec7c63a3fb14d13ac788bbf5e282ca821edc41260b79944e5e631037d13ecda/diff:/var/lib/docker/overlay2/db601d7a1b4ea6da638db620462f0da96fa55c559d02269c9ddb09027936ed87/diff:/var/lib/docker/overlay2/a6d2bd03f942e2565f21e74cfe152c7ec836a1c2b583f0790c685b92bdcfda24/diff:/var/lib/docker/overlay2/9badd16ea2c5e2bf1fde8b579683e41137dfc46ed5449234149f199a6751cc84/diff:/var/lib/docker/overlay2/6efb85646ed12e2d1181ef4cc6f6f6732c00c15a4035fe17ebc4f075ca573c30/diff:/var/lib/docker/overlay2/895d7c0ec09144d6ed33936f4e98e11c18010f7abd708cae1ce43aec7a7f2621/diff:/var/lib/docker/overlay2/1c4ba77aa573ab6e5e5069fd15eae71b3da940bde0f97a922a227ffc8a1d1096/diff","MergedDir":"/var/lib/docker/overlay2/2c15a904a49807090175d7750f18e0f6a57e99c38a424839679cbaf676a4d500/merged","UpperDir":"/var/lib/docker/overlay2/2c15a904a49807090175d7750f18e0f6a57e99c38a424839679cbaf676a4d500/diff","WorkDir":"/var/lib/docker/overlay2/2c15a904a49807090175d7750f18e0f6a57e99c38a424839679cbaf676a4d500/work"},"Name":"overlay2"},"Mounts":[{"Type":"volume","Name":"44a9389ce95a2961210e86afd6afe42b23405f43157b5dc00e010d283c01df79","Source":"/var/lib/docker/volumes/44a9389ce95a2961210e86afd6afe42b23405f43157b5dc00e010d283c01df79/_data","Destination":"/var/lib/mysql","Driver":"local","Mode":"","RW":true,"Propagation":""}],"Config":{"Hostname":"c37a42694b7d","Domainname":"","User":"","AttachStdin":false,"AttachStdout":false,"AttachStderr":false,"ExposedPorts":{"3306/tcp":{},"33060/tcp":{}},"Tty":false,"OpenStdin":false,"StdinOnce":false,"Env":["MYSQL_DATABASE=adm_videos","MYSQL_PASSWORD=123456","MYSQL_ROOT_PASSWORD=123456","PATH=/usr/local/sbin:/usr/local/bin:/usr/sbin:/usr/bin:/sbin:/bin","GOSU_VERSION=1.16","MYSQL_MAJOR=8.0","MYSQL_VERSION=8.0.32-1.el8","MYSQL_SHELL_VERSION=8.0.32-1.el8"],"Cmd":["mysqld"],"Image":"mysql:latest","Volumes":{"/var/lib/mysql":{}},"WorkingDir":"","Entrypoint":["docker-entrypoint.sh"],"OnBuild":null,"Labels":{"org.testcontainers":"true","org.testcontainers.lang":"java","org.testcontainers.sessionId":"818a13d9-e138-4e41-b5a4-74fd927e6a2d","org.testcontainers.version":"1.17.6"}},"NetworkSettings":{"Bridge":"","SandboxID":"bd1f3a626f226e407a1a406212013b21c93b302c93f9fd53a405b7fc5ff825b3","HairpinMode":false,"LinkLocalIPv6Address":"","LinkLocalIPv6PrefixLen":0,"Ports":{"3306/tcp":[{"HostIp":"0.0.0.0","HostPort":"56289"}],"33060/tcp":null},"SandboxKey":"/var/run/docker/netns/bd1f3a626f22","SecondaryIPAddresses":null,"SecondaryIPv6Addresses":null,"EndpointID":"a2b725c0c5ce4503f8e45e0c2adc4455b29a53a4866d3f23b2bce893a084641f","Gateway":"172.17.0.1","GlobalIPv6Address":"","GlobalIPv6PrefixLen":0,"IPAddress":"172.17.0.3","IPPrefixLen":16,"IPv6Gateway":"","MacAddress":"02:42:ac:11:00:03","Networks":{"bridge":{"IPAMConfig":null,"Links":null,"Aliases":null,"NetworkID":"308e234c143065751b16b4500cb9f48d5c7fc2116504b3d816a5e51cd4771062","EndpointID":"a2b725c0c5ce4503f8e45e0c2adc4455b29a53a4866d3f23b2bce893a084641f","Gateway":"172.17.0.1","IPAddress":"172.17.0.3","IPPrefixLen":16,"IPv6Gateway":"","GlobalIPv6Address":"","GlobalIPv6PrefixLen":0,"MacAddress":"02:42:ac:11:00:03","DriverOpts":null}}}}[\n]"
23:55:13.907 [Test worker] DEBUG com.github.dockerjava.zerodep.shaded.org.apache.hc.client5.http.wire - http-outgoing-2 << "[\r][\n]"
23:55:13.909 [Test worker] DEBUG com.github.dockerjava.zerodep.shaded.org.apache.hc.client5.http.wire - http-outgoing-2 << "0[\r][\n]"
23:55:13.909 [Test worker] DEBUG com.github.dockerjava.zerodep.shaded.org.apache.hc.client5.http.wire - http-outgoing-2 << "[\r][\n]"
23:55:13.909 [Test worker] DEBUG com.github.dockerjava.zerodep.shaded.org.apache.hc.client5.http.impl.classic.InternalHttpClient - ep-00000069: releasing valid endpoint
23:55:13.909 [Test worker] DEBUG com.github.dockerjava.zerodep.shaded.org.apache.hc.client5.http.impl.io.PoolingHttpClientConnectionManager - ep-00000069: releasing endpoint
23:55:13.909 [Test worker] DEBUG com.github.dockerjava.zerodep.shaded.org.apache.hc.client5.http.impl.io.PoolingHttpClientConnectionManager - ep-00000069: connection http-outgoing-2 can be kept alive for 3 MINUTES
23:55:13.909 [Test worker] DEBUG com.github.dockerjava.zerodep.shaded.org.apache.hc.client5.http.impl.io.PoolingHttpClientConnectionManager - ep-00000069: connection released [route: {}->unix://localhost:2375][total available: 1; route allocated: 1 of 2147483647; total allocated: 1 of 2147483647]
23:55:13.909 [Test worker] DEBUG ]]>&#x1f433;<![CDATA[ [mysql:latest] - Trying to create JDBC connection using com.mysql.cj.jdbc.Driver to jdbc:mysql://localhost:56289/adm_videos?useSSL=false&allowPublicKeyRetrieval=true with properties: {password=123456, user=root}
23:55:14.016 [Test worker] DEBUG org.testcontainers.shaded.com.github.dockerjava.core.command.AbstrDockerCmd - Cmd: c37a42694b7d1cff581f5e7b89a60b044af4721181408c271e821f1413201ca6,false
23:55:14.016 [Test worker] DEBUG org.testcontainers.shaded.com.github.dockerjava.core.exec.InspectContainerCmdExec - GET: DefaultWebTarget{path=[/containers/c37a42694b7d1cff581f5e7b89a60b044af4721181408c271e821f1413201ca6/json], queryParams={}}
23:55:14.016 [Test worker] DEBUG com.github.dockerjava.zerodep.shaded.org.apache.hc.client5.http.impl.classic.InternalHttpClient - ex-0000006B: preparing request execution
23:55:14.016 [Test worker] DEBUG com.github.dockerjava.zerodep.shaded.org.apache.hc.client5.http.protocol.RequestAddCookies - Cookie spec selected: strict
23:55:14.016 [Test worker] DEBUG com.github.dockerjava.zerodep.shaded.org.apache.hc.client5.http.protocol.RequestAuthCache - Auth cache not set in the context
23:55:14.016 [Test worker] DEBUG com.github.dockerjava.zerodep.shaded.org.apache.hc.client5.http.impl.classic.ProtocolExec - ex-0000006B: target auth state: UNCHALLENGED
23:55:14.016 [Test worker] DEBUG com.github.dockerjava.zerodep.shaded.org.apache.hc.client5.http.impl.classic.ProtocolExec - ex-0000006B: proxy auth state: UNCHALLENGED
23:55:14.016 [Test worker] DEBUG com.github.dockerjava.zerodep.shaded.org.apache.hc.client5.http.impl.classic.ConnectExec - ex-0000006B: acquiring connection with route {}->unix://localhost:2375
23:55:14.016 [Test worker] DEBUG com.github.dockerjava.zerodep.shaded.org.apache.hc.client5.http.impl.classic.InternalHttpClient - ex-0000006B: acquiring endpoint (3 MINUTES)
23:55:14.017 [Test worker] DEBUG com.github.dockerjava.zerodep.shaded.org.apache.hc.client5.http.impl.io.PoolingHttpClientConnectionManager - ex-0000006B: endpoint lease request (3 MINUTES) [route: {}->unix://localhost:2375][total available: 1; route allocated: 1 of 2147483647; total allocated: 1 of 2147483647]
23:55:14.017 [Test worker] DEBUG com.github.dockerjava.zerodep.shaded.org.apache.hc.client5.http.impl.io.PoolingHttpClientConnectionManager - ex-0000006B: endpoint leased [route: {}->unix://localhost:2375][total available: 0; route allocated: 1 of 2147483647; total allocated: 1 of 2147483647]
23:55:14.017 [Test worker] DEBUG com.github.dockerjava.zerodep.shaded.org.apache.hc.client5.http.impl.io.PoolingHttpClientConnectionManager - ex-0000006B: acquired ep-0000006A
23:55:14.017 [Test worker] DEBUG com.github.dockerjava.zerodep.shaded.org.apache.hc.client5.http.impl.classic.InternalHttpClient - ex-0000006B: acquired endpoint ep-0000006A
23:55:14.017 [Test worker] DEBUG com.github.dockerjava.zerodep.shaded.org.apache.hc.client5.http.impl.classic.MainClientExec - ex-0000006B: executing GET /v1.32/containers/c37a42694b7d1cff581f5e7b89a60b044af4721181408c271e821f1413201ca6/json HTTP/1.1
23:55:14.017 [Test worker] DEBUG com.github.dockerjava.zerodep.shaded.org.apache.hc.client5.http.impl.classic.InternalHttpClient - ep-0000006A: start execution ex-0000006B
23:55:14.017 [Test worker] DEBUG com.github.dockerjava.zerodep.shaded.org.apache.hc.client5.http.impl.io.PoolingHttpClientConnectionManager - ep-0000006A: executing exchange ex-0000006B over http-outgoing-2
23:55:14.017 [Test worker] DEBUG com.github.dockerjava.zerodep.shaded.org.apache.hc.client5.http.headers - http-outgoing-2 >> GET /v1.32/containers/c37a42694b7d1cff581f5e7b89a60b044af4721181408c271e821f1413201ca6/json HTTP/1.1
23:55:14.017 [Test worker] DEBUG com.github.dockerjava.zerodep.shaded.org.apache.hc.client5.http.headers - http-outgoing-2 >> accept: application/json
23:55:14.017 [Test worker] DEBUG com.github.dockerjava.zerodep.shaded.org.apache.hc.client5.http.headers - http-outgoing-2 >> x-tc-sid: 818a13d9-e138-4e41-b5a4-74fd927e6a2d
23:55:14.017 [Test worker] DEBUG com.github.dockerjava.zerodep.shaded.org.apache.hc.client5.http.headers - http-outgoing-2 >> Accept-Encoding: gzip, x-gzip, deflate
23:55:14.017 [Test worker] DEBUG com.github.dockerjava.zerodep.shaded.org.apache.hc.client5.http.headers - http-outgoing-2 >> Host: localhost:2375
23:55:14.017 [Test worker] DEBUG com.github.dockerjava.zerodep.shaded.org.apache.hc.client5.http.headers - http-outgoing-2 >> Connection: keep-alive
23:55:14.017 [Test worker] DEBUG com.github.dockerjava.zerodep.shaded.org.apache.hc.client5.http.headers - http-outgoing-2 >> User-Agent: Apache-HttpClient/5.0.3 (Java/17.0.2)
23:55:14.017 [Test worker] DEBUG com.github.dockerjava.zerodep.shaded.org.apache.hc.client5.http.wire - http-outgoing-2 >> "GET /v1.32/containers/c37a42694b7d1cff581f5e7b89a60b044af4721181408c271e821f1413201ca6/json HTTP/1.1[\r][\n]"
23:55:14.017 [Test worker] DEBUG com.github.dockerjava.zerodep.shaded.org.apache.hc.client5.http.wire - http-outgoing-2 >> "accept: application/json[\r][\n]"
23:55:14.017 [Test worker] DEBUG com.github.dockerjava.zerodep.shaded.org.apache.hc.client5.http.wire - http-outgoing-2 >> "x-tc-sid: 818a13d9-e138-4e41-b5a4-74fd927e6a2d[\r][\n]"
23:55:14.017 [Test worker] DEBUG com.github.dockerjava.zerodep.shaded.org.apache.hc.client5.http.wire - http-outgoing-2 >> "Accept-Encoding: gzip, x-gzip, deflate[\r][\n]"
23:55:14.017 [Test worker] DEBUG com.github.dockerjava.zerodep.shaded.org.apache.hc.client5.http.wire - http-outgoing-2 >> "Host: localhost:2375[\r][\n]"
23:55:14.017 [Test worker] DEBUG com.github.dockerjava.zerodep.shaded.org.apache.hc.client5.http.wire - http-outgoing-2 >> "Connection: keep-alive[\r][\n]"
23:55:14.017 [Test worker] DEBUG com.github.dockerjava.zerodep.shaded.org.apache.hc.client5.http.wire - http-outgoing-2 >> "User-Agent: Apache-HttpClient/5.0.3 (Java/17.0.2)[\r][\n]"
23:55:14.017 [Test worker] DEBUG com.github.dockerjava.zerodep.shaded.org.apache.hc.client5.http.wire - http-outgoing-2 >> "[\r][\n]"
23:55:14.025 [Test worker] DEBUG com.github.dockerjava.zerodep.shaded.org.apache.hc.client5.http.wire - http-outgoing-2 << "HTTP/1.1 200 OK[\r][\n]"
23:55:14.025 [Test worker] DEBUG com.github.dockerjava.zerodep.shaded.org.apache.hc.client5.http.wire - http-outgoing-2 << "Api-Version: 1.41[\r][\n]"
23:55:14.025 [Test worker] DEBUG com.github.dockerjava.zerodep.shaded.org.apache.hc.client5.http.wire - http-outgoing-2 << "Content-Type: application/json[\r][\n]"
23:55:14.025 [Test worker] DEBUG com.github.dockerjava.zerodep.shaded.org.apache.hc.client5.http.wire - http-outgoing-2 << "Date: Mon, 27 Mar 2023 02:55:14 GMT[\r][\n]"
23:55:14.025 [Test worker] DEBUG com.github.dockerjava.zerodep.shaded.org.apache.hc.client5.http.wire - http-outgoing-2 << "Docker-Experimental: false[\r][\n]"
23:55:14.025 [Test worker] DEBUG com.github.dockerjava.zerodep.shaded.org.apache.hc.client5.http.wire - http-outgoing-2 << "Ostype: linux[\r][\n]"
23:55:14.025 [Test worker] DEBUG com.github.dockerjava.zerodep.shaded.org.apache.hc.client5.http.wire - http-outgoing-2 << "Server: Docker/20.10.21 (linux)[\r][\n]"
23:55:14.025 [Test worker] DEBUG com.github.dockerjava.zerodep.shaded.org.apache.hc.client5.http.wire - http-outgoing-2 << "Transfer-Encoding: chunked[\r][\n]"
23:55:14.025 [Test worker] DEBUG com.github.dockerjava.zerodep.shaded.org.apache.hc.client5.http.wire - http-outgoing-2 << "[\r][\n]"
23:55:14.025 [Test worker] DEBUG com.github.dockerjava.zerodep.shaded.org.apache.hc.client5.http.headers - http-outgoing-2 << HTTP/1.1 200 OK
23:55:14.026 [Test worker] DEBUG com.github.dockerjava.zerodep.shaded.org.apache.hc.client5.http.headers - http-outgoing-2 << Api-Version: 1.41
23:55:14.026 [Test worker] DEBUG com.github.dockerjava.zerodep.shaded.org.apache.hc.client5.http.headers - http-outgoing-2 << Content-Type: application/json
23:55:14.026 [Test worker] DEBUG com.github.dockerjava.zerodep.shaded.org.apache.hc.client5.http.headers - http-outgoing-2 << Date: Mon, 27 Mar 2023 02:55:14 GMT
23:55:14.026 [Test worker] DEBUG com.github.dockerjava.zerodep.shaded.org.apache.hc.client5.http.headers - http-outgoing-2 << Docker-Experimental: false
23:55:14.026 [Test worker] DEBUG com.github.dockerjava.zerodep.shaded.org.apache.hc.client5.http.headers - http-outgoing-2 << Ostype: linux
23:55:14.026 [Test worker] DEBUG com.github.dockerjava.zerodep.shaded.org.apache.hc.client5.http.headers - http-outgoing-2 << Server: Docker/20.10.21 (linux)
23:55:14.026 [Test worker] DEBUG com.github.dockerjava.zerodep.shaded.org.apache.hc.client5.http.headers - http-outgoing-2 << Transfer-Encoding: chunked
23:55:14.026 [Test worker] DEBUG com.github.dockerjava.zerodep.shaded.org.apache.hc.client5.http.impl.classic.MainClientExec - ex-0000006B: connection can be kept alive for 3 MINUTES
23:55:14.030 [Test worker] DEBUG com.github.dockerjava.zerodep.shaded.org.apache.hc.client5.http.wire - http-outgoing-2 << "18c1[\r][\n]"
23:55:14.030 [Test worker] DEBUG com.github.dockerjava.zerodep.shaded.org.apache.hc.client5.http.wire - http-outgoing-2 << "{"Id":"c37a42694b7d1cff581f5e7b89a60b044af4721181408c271e821f1413201ca6","Created":"2023-03-27T02:55:02.49734542Z","Path":"docker-entrypoint.sh","Args":["mysqld"],"State":{"Status":"running","Running":true,"Paused":false,"Restarting":false,"OOMKilled":false,"Dead":false,"Pid":18342,"ExitCode":0,"Error":"","StartedAt":"2023-03-27T02:55:03.12719392Z","FinishedAt":"0001-01-01T00:00:00Z"},"Image":"sha256:c7c54c29e20dccc1aefb936c8eba8bb8b98b87a4921102aba87fde2df5810af9","ResolvConfPath":"/var/lib/docker/containers/c37a42694b7d1cff581f5e7b89a60b044af4721181408c271e821f1413201ca6/resolv.conf","HostnamePath":"/var/lib/docker/containers/c37a42694b7d1cff581f5e7b89a60b044af4721181408c271e821f1413201ca6/hostname","HostsPath":"/var/lib/docker/containers/c37a42694b7d1cff581f5e7b89a60b044af4721181408c271e821f1413201ca6/hosts","LogPath":"/var/lib/docker/containers/c37a42694b7d1cff581f5e7b89a60b044af4721181408c271e821f1413201ca6/c37a42694b7d1cff581f5e7b89a60b044af4721181408c271e821f1413201ca6-json.log","Name":"/elegant_mahavira","RestartCount":0,"Driver":"overlay2","Platform":"linux","MountLabel":"","ProcessLabel":"","AppArmorProfile":"","ExecIDs":null,"HostConfig":{"Binds":[],"ContainerIDFile":"","LogConfig":{"Type":"json-file","Config":{}},"NetworkMode":"default","PortBindings":{"3306/tcp":[{"HostIp":"0.0.0.0","HostPort":"0"}]},"RestartPolicy":{"Name":"","MaximumRetryCount":0},"AutoRemove":false,"VolumeDriver":"","VolumesFrom":[],"CapAdd":null,"CapDrop":null,"CgroupnsMode":"private","Dns":null,"DnsOptions":null,"DnsSearch":null,"ExtraHosts":[],"GroupAdd":null,"IpcMode":"shareable","Cgroup":"","Links":null,"OomScoreAdj":0,"PidMode":"","Privileged":false,"PublishAllPorts":false,"ReadonlyRootfs":false,"SecurityOpt":null,"UTSMode":"","UsernsMode":"","ShmSize":67108864,"Runtime":"runc","ConsoleSize":[0,0],"Isolation":"","CpuShares":0,"Memory":0,"NanoCpus":0,"CgroupParent":"","BlkioWeight":0,"BlkioWeightDevice":null,"BlkioDeviceReadBps":null,"BlkioDeviceWriteBps":null,"BlkioDeviceReadIOps":null,"BlkioDeviceWriteIOps":null,"CpuPeriod":0,"CpuQuota":0,"CpuRealtimePeriod":0,"CpuRealtimeRuntime":0,"CpusetCpus":"","CpusetMems":"","Devices":null,"DeviceCgroupRules":null,"DeviceRequests":null,"KernelMemory":0,"KernelMemoryTCP":0,"MemoryReservation":0,"MemorySwap":0,"MemorySwappiness":null,"OomKillDisable":null,"PidsLimit":null,"Ulimits":null,"CpuCount":0,"CpuPercent":0,"IOMaximumIOps":0,"IOMaximumBandwidth":0,"MaskedPaths":["/proc/asound","/proc/acpi","/proc/kcore","/proc/keys","/proc/latency_stats","/proc/timer_list","/proc/timer_stats","/proc/sched_debug","/proc/scsi","/sys/firmware"],"ReadonlyPaths":["/proc/bus","/proc/fs","/proc/irq","/proc/sys","/proc/sysrq-trigger"]},"GraphDriver":{"Data":{"LowerDir":"/var/lib/docker/overlay2/2c15a904a49807090175d7750f18e0f6a57e99c38a424839679cbaf676a4d500-init/diff:/var/lib/docker/overlay2/1bd8849d7a296305617011f940aa5cfabbe972a513397b1b6bbc27639b6c1f30/diff:/var/lib/docker/overlay2/199d69b2fbf78af4d4c95dec4fd2f8835ab0347eb49fb20ebb2ff3b99fedd6ad/diff:/var/lib/docker/overlay2/d83c38d654989311f75b9491329846033bfb7714de76ef635380dcfad5c740d9/diff:/var/lib/docker/overlay2/08600d0aea2ab2728bebcf5d2589c640a842f53d1ba3c4a4adccb4d03b923cf6/diff:/var/lib/docker/overlay2/9ec7c63a3fb14d13ac788bbf5e282ca821edc41260b79944e5e631037d13ecda/diff:/var/lib/docker/overlay2/db601d7a1b4ea6da638db620462f0da96fa55c559d02269c9ddb09027936ed87/diff:/var/lib/docker/overlay2/a6d2bd03f942e2565f21e74cfe152c7ec836a1c2b583f0790c685b92bdcfda24/diff:/var/lib/docker/overlay2/9badd16ea2c5e2bf1fde8b579683e41137dfc46ed5449234149f199a6751cc84/diff:/var/lib/docker/overlay2/6efb85646ed12e2d1181ef4cc6f6f6732c00c15a4035fe17ebc4f075ca573c30/diff:/var/lib/docker/overlay2/895d7c0ec09144d6ed33936f4e98e11c18010f7abd708cae1ce43aec7a7f2621/diff:/var/lib/docker/overlay2/1c4ba77aa573ab6e5e5069fd15eae71b3da940bde0f97a922a227ffc8a1d1096/diff","MergedDir":"/var/lib/docker/overlay2/2c15a904a49807090175d7750f18e0f6a57e99c38a424839679cbaf676a4d500/merged","UpperDir":"/var/lib/docker/overlay2/2c15a904a49807090175d7750f18e0f6a57e99c38a424839679cbaf676a4d500/diff","WorkDir":"/var/lib/docker/overlay2/2c15a904a49807090175d7750f18e0f6a57e99c38a424839679cbaf676a4d500/work"},"Name":"overlay2"},"Mounts":[{"Type":"volume","Name":"44a9389ce95a2961210e86afd6afe42b23405f43157b5dc00e010d283c01df79","Source":"/var/lib/docker/volumes/44a9389ce95a2961210e86afd6afe42b23405f43157b5dc00e010d283c01df79/_data","Destination":"/var/lib/mysql","Driver":"local","Mode":"","RW":true,"Propagation":""}],"Config":{"Hostname":"c37a42694b7d","Domainname":"","User":"","AttachStdin":false,"AttachStdout":false,"AttachStderr":false,"ExposedPorts":{"3306/tcp":{},"33060/tcp":{}},"Tty":false,"OpenStdin":false,"StdinOnce":false,"Env":["MYSQL_DATABASE=adm_videos","MYSQL_PASSWORD=123456","MYSQL_ROOT_PASSWORD=123456","PATH=/usr/local/sbin:/usr/local/bin:/usr/sbin:/usr/bin:/sbin:/bin","GOSU_VERSION=1.16","MYSQL_MAJOR=8.0","MYSQL_VERSION=8.0.32-1.el8","MYSQL_SHELL_VERSION=8.0.32-1.el8"],"Cmd":["mysqld"],"Image":"mysql:latest","Volumes":{"/var/lib/mysql":{}},"WorkingDir":"","Entrypoint":["docker-entrypoint.sh"],"OnBuild":null,"Labels":{"org.testcontainers":"true","org.testcontainers.lang":"java","org.testcontainers.sessionId":"818a13d9-e138-4e41-b5a4-74fd927e6a2d","org.testcontainers.version":"1.17.6"}},"NetworkSettings":{"Bridge":"","SandboxID":"bd1f3a626f226e407a1a406212013b21c93b302c93f9fd53a405b7fc5ff825b3","HairpinMode":false,"LinkLocalIPv6Address":"","LinkLocalIPv6PrefixLen":0,"Ports":{"3306/tcp":[{"HostIp":"0.0.0.0","HostPort":"56289"}],"33060/tcp":null},"SandboxKey":"/var/run/docker/netns/bd1f3a626f22","SecondaryIPAddresses":null,"SecondaryIPv6Addresses":null,"EndpointID":"a2b725c0c5ce4503f8e45e0c2adc4455b29a53a4866d3f23b2bce893a084641f","Gateway":"172.17.0.1","GlobalIPv6Address":"","GlobalIPv6PrefixLen":0,"IPAddress":"172.17.0.3","IPPrefixLen":16,"IPv6Gateway":"","MacAddress":"02:42:ac:11:00:03","Networks":{"bridge":{"IPAMConfig":null,"Links":null,"Aliases":null,"NetworkID":"308e234c143065751b16b4500cb9f48d5c7fc2116504b3d816a5e51cd4771062","EndpointID":"a2b725c0c5ce4503f8e45e0c2adc4455b29a53a4866d3f23b2bce893a084641f","Gateway":"172.17.0.1","IPAddress":"172.17.0.3","IPPrefixLen":16,"IPv6Gateway":"","GlobalIPv6Address":"","GlobalIPv6PrefixLen":0,"MacAddress":"02:42:ac:11:00:03","DriverOpts":null}}}}[\n]"
23:55:14.030 [Test worker] DEBUG com.github.dockerjava.zerodep.shaded.org.apache.hc.client5.http.wire - http-outgoing-2 << "[\r][\n]"
23:55:14.031 [Test worker] DEBUG com.github.dockerjava.zerodep.shaded.org.apache.hc.client5.http.wire - http-outgoing-2 << "0[\r][\n]"
23:55:14.031 [Test worker] DEBUG com.github.dockerjava.zerodep.shaded.org.apache.hc.client5.http.wire - http-outgoing-2 << "[\r][\n]"
23:55:14.031 [Test worker] DEBUG com.github.dockerjava.zerodep.shaded.org.apache.hc.client5.http.impl.classic.InternalHttpClient - ep-0000006A: releasing valid endpoint
23:55:14.031 [Test worker] DEBUG com.github.dockerjava.zerodep.shaded.org.apache.hc.client5.http.impl.io.PoolingHttpClientConnectionManager - ep-0000006A: releasing endpoint
23:55:14.031 [Test worker] DEBUG com.github.dockerjava.zerodep.shaded.org.apache.hc.client5.http.impl.io.PoolingHttpClientConnectionManager - ep-0000006A: connection http-outgoing-2 can be kept alive for 3 MINUTES
23:55:14.031 [Test worker] DEBUG com.github.dockerjava.zerodep.shaded.org.apache.hc.client5.http.impl.io.PoolingHttpClientConnectionManager - ep-0000006A: connection released [route: {}->unix://localhost:2375][total available: 1; route allocated: 1 of 2147483647; total allocated: 1 of 2147483647]
23:55:14.031 [Test worker] DEBUG ]]>&#x1f433;<![CDATA[ [mysql:latest] - Trying to create JDBC connection using com.mysql.cj.jdbc.Driver to jdbc:mysql://localhost:56289/adm_videos?useSSL=false&allowPublicKeyRetrieval=true with properties: {password=123456, user=root}
23:55:14.137 [Test worker] DEBUG org.testcontainers.shaded.com.github.dockerjava.core.command.AbstrDockerCmd - Cmd: c37a42694b7d1cff581f5e7b89a60b044af4721181408c271e821f1413201ca6,false
23:55:14.138 [Test worker] DEBUG org.testcontainers.shaded.com.github.dockerjava.core.exec.InspectContainerCmdExec - GET: DefaultWebTarget{path=[/containers/c37a42694b7d1cff581f5e7b89a60b044af4721181408c271e821f1413201ca6/json], queryParams={}}
23:55:14.138 [Test worker] DEBUG com.github.dockerjava.zerodep.shaded.org.apache.hc.client5.http.impl.classic.InternalHttpClient - ex-0000006C: preparing request execution
23:55:14.138 [Test worker] DEBUG com.github.dockerjava.zerodep.shaded.org.apache.hc.client5.http.protocol.RequestAddCookies - Cookie spec selected: strict
23:55:14.138 [Test worker] DEBUG com.github.dockerjava.zerodep.shaded.org.apache.hc.client5.http.protocol.RequestAuthCache - Auth cache not set in the context
23:55:14.138 [Test worker] DEBUG com.github.dockerjava.zerodep.shaded.org.apache.hc.client5.http.impl.classic.ProtocolExec - ex-0000006C: target auth state: UNCHALLENGED
23:55:14.138 [Test worker] DEBUG com.github.dockerjava.zerodep.shaded.org.apache.hc.client5.http.impl.classic.ProtocolExec - ex-0000006C: proxy auth state: UNCHALLENGED
23:55:14.138 [Test worker] DEBUG com.github.dockerjava.zerodep.shaded.org.apache.hc.client5.http.impl.classic.ConnectExec - ex-0000006C: acquiring connection with route {}->unix://localhost:2375
23:55:14.138 [Test worker] DEBUG com.github.dockerjava.zerodep.shaded.org.apache.hc.client5.http.impl.classic.InternalHttpClient - ex-0000006C: acquiring endpoint (3 MINUTES)
23:55:14.138 [Test worker] DEBUG com.github.dockerjava.zerodep.shaded.org.apache.hc.client5.http.impl.io.PoolingHttpClientConnectionManager - ex-0000006C: endpoint lease request (3 MINUTES) [route: {}->unix://localhost:2375][total available: 1; route allocated: 1 of 2147483647; total allocated: 1 of 2147483647]
23:55:14.139 [Test worker] DEBUG com.github.dockerjava.zerodep.shaded.org.apache.hc.client5.http.impl.io.PoolingHttpClientConnectionManager - ex-0000006C: endpoint leased [route: {}->unix://localhost:2375][total available: 0; route allocated: 1 of 2147483647; total allocated: 1 of 2147483647]
23:55:14.139 [Test worker] DEBUG com.github.dockerjava.zerodep.shaded.org.apache.hc.client5.http.impl.io.PoolingHttpClientConnectionManager - ex-0000006C: acquired ep-0000006B
23:55:14.139 [Test worker] DEBUG com.github.dockerjava.zerodep.shaded.org.apache.hc.client5.http.impl.classic.InternalHttpClient - ex-0000006C: acquired endpoint ep-0000006B
23:55:14.139 [Test worker] DEBUG com.github.dockerjava.zerodep.shaded.org.apache.hc.client5.http.impl.classic.MainClientExec - ex-0000006C: executing GET /v1.32/containers/c37a42694b7d1cff581f5e7b89a60b044af4721181408c271e821f1413201ca6/json HTTP/1.1
23:55:14.139 [Test worker] DEBUG com.github.dockerjava.zerodep.shaded.org.apache.hc.client5.http.impl.classic.InternalHttpClient - ep-0000006B: start execution ex-0000006C
23:55:14.139 [Test worker] DEBUG com.github.dockerjava.zerodep.shaded.org.apache.hc.client5.http.impl.io.PoolingHttpClientConnectionManager - ep-0000006B: executing exchange ex-0000006C over http-outgoing-2
23:55:14.139 [Test worker] DEBUG com.github.dockerjava.zerodep.shaded.org.apache.hc.client5.http.headers - http-outgoing-2 >> GET /v1.32/containers/c37a42694b7d1cff581f5e7b89a60b044af4721181408c271e821f1413201ca6/json HTTP/1.1
23:55:14.139 [Test worker] DEBUG com.github.dockerjava.zerodep.shaded.org.apache.hc.client5.http.headers - http-outgoing-2 >> accept: application/json
23:55:14.139 [Test worker] DEBUG com.github.dockerjava.zerodep.shaded.org.apache.hc.client5.http.headers - http-outgoing-2 >> x-tc-sid: 818a13d9-e138-4e41-b5a4-74fd927e6a2d
23:55:14.139 [Test worker] DEBUG com.github.dockerjava.zerodep.shaded.org.apache.hc.client5.http.headers - http-outgoing-2 >> Accept-Encoding: gzip, x-gzip, deflate
23:55:14.139 [Test worker] DEBUG com.github.dockerjava.zerodep.shaded.org.apache.hc.client5.http.headers - http-outgoing-2 >> Host: localhost:2375
23:55:14.139 [Test worker] DEBUG com.github.dockerjava.zerodep.shaded.org.apache.hc.client5.http.headers - http-outgoing-2 >> Connection: keep-alive
23:55:14.139 [Test worker] DEBUG com.github.dockerjava.zerodep.shaded.org.apache.hc.client5.http.headers - http-outgoing-2 >> User-Agent: Apache-HttpClient/5.0.3 (Java/17.0.2)
23:55:14.139 [Test worker] DEBUG com.github.dockerjava.zerodep.shaded.org.apache.hc.client5.http.wire - http-outgoing-2 >> "GET /v1.32/containers/c37a42694b7d1cff581f5e7b89a60b044af4721181408c271e821f1413201ca6/json HTTP/1.1[\r][\n]"
23:55:14.139 [Test worker] DEBUG com.github.dockerjava.zerodep.shaded.org.apache.hc.client5.http.wire - http-outgoing-2 >> "accept: application/json[\r][\n]"
23:55:14.139 [Test worker] DEBUG com.github.dockerjava.zerodep.shaded.org.apache.hc.client5.http.wire - http-outgoing-2 >> "x-tc-sid: 818a13d9-e138-4e41-b5a4-74fd927e6a2d[\r][\n]"
23:55:14.139 [Test worker] DEBUG com.github.dockerjava.zerodep.shaded.org.apache.hc.client5.http.wire - http-outgoing-2 >> "Accept-Encoding: gzip, x-gzip, deflate[\r][\n]"
23:55:14.139 [Test worker] DEBUG com.github.dockerjava.zerodep.shaded.org.apache.hc.client5.http.wire - http-outgoing-2 >> "Host: localhost:2375[\r][\n]"
23:55:14.139 [Test worker] DEBUG com.github.dockerjava.zerodep.shaded.org.apache.hc.client5.http.wire - http-outgoing-2 >> "Connection: keep-alive[\r][\n]"
23:55:14.139 [Test worker] DEBUG com.github.dockerjava.zerodep.shaded.org.apache.hc.client5.http.wire - http-outgoing-2 >> "User-Agent: Apache-HttpClient/5.0.3 (Java/17.0.2)[\r][\n]"
23:55:14.139 [Test worker] DEBUG com.github.dockerjava.zerodep.shaded.org.apache.hc.client5.http.wire - http-outgoing-2 >> "[\r][\n]"
23:55:14.141 [Test worker] DEBUG com.github.dockerjava.zerodep.shaded.org.apache.hc.client5.http.wire - http-outgoing-2 << "HTTP/1.1 200 OK[\r][\n]"
23:55:14.141 [Test worker] DEBUG com.github.dockerjava.zerodep.shaded.org.apache.hc.client5.http.wire - http-outgoing-2 << "Api-Version: 1.41[\r][\n]"
23:55:14.141 [Test worker] DEBUG com.github.dockerjava.zerodep.shaded.org.apache.hc.client5.http.wire - http-outgoing-2 << "Content-Type: application/json[\r][\n]"
23:55:14.141 [Test worker] DEBUG com.github.dockerjava.zerodep.shaded.org.apache.hc.client5.http.wire - http-outgoing-2 << "Date: Mon, 27 Mar 2023 02:55:14 GMT[\r][\n]"
23:55:14.141 [Test worker] DEBUG com.github.dockerjava.zerodep.shaded.org.apache.hc.client5.http.wire - http-outgoing-2 << "Docker-Experimental: false[\r][\n]"
23:55:14.141 [Test worker] DEBUG com.github.dockerjava.zerodep.shaded.org.apache.hc.client5.http.wire - http-outgoing-2 << "Ostype: linux[\r][\n]"
23:55:14.141 [Test worker] DEBUG com.github.dockerjava.zerodep.shaded.org.apache.hc.client5.http.wire - http-outgoing-2 << "Server: Docker/20.10.21 (linux)[\r][\n]"
23:55:14.141 [Test worker] DEBUG com.github.dockerjava.zerodep.shaded.org.apache.hc.client5.http.wire - http-outgoing-2 << "Transfer-Encoding: chunked[\r][\n]"
23:55:14.141 [Test worker] DEBUG com.github.dockerjava.zerodep.shaded.org.apache.hc.client5.http.wire - http-outgoing-2 << "[\r][\n]"
23:55:14.141 [Test worker] DEBUG com.github.dockerjava.zerodep.shaded.org.apache.hc.client5.http.headers - http-outgoing-2 << HTTP/1.1 200 OK
23:55:14.141 [Test worker] DEBUG com.github.dockerjava.zerodep.shaded.org.apache.hc.client5.http.headers - http-outgoing-2 << Api-Version: 1.41
23:55:14.141 [Test worker] DEBUG com.github.dockerjava.zerodep.shaded.org.apache.hc.client5.http.headers - http-outgoing-2 << Content-Type: application/json
23:55:14.141 [Test worker] DEBUG com.github.dockerjava.zerodep.shaded.org.apache.hc.client5.http.headers - http-outgoing-2 << Date: Mon, 27 Mar 2023 02:55:14 GMT
23:55:14.141 [Test worker] DEBUG com.github.dockerjava.zerodep.shaded.org.apache.hc.client5.http.headers - http-outgoing-2 << Docker-Experimental: false
23:55:14.141 [Test worker] DEBUG com.github.dockerjava.zerodep.shaded.org.apache.hc.client5.http.headers - http-outgoing-2 << Ostype: linux
23:55:14.141 [Test worker] DEBUG com.github.dockerjava.zerodep.shaded.org.apache.hc.client5.http.headers - http-outgoing-2 << Server: Docker/20.10.21 (linux)
23:55:14.141 [Test worker] DEBUG com.github.dockerjava.zerodep.shaded.org.apache.hc.client5.http.headers - http-outgoing-2 << Transfer-Encoding: chunked
23:55:14.142 [Test worker] DEBUG com.github.dockerjava.zerodep.shaded.org.apache.hc.client5.http.impl.classic.MainClientExec - ex-0000006C: connection can be kept alive for 3 MINUTES
23:55:14.142 [Test worker] DEBUG com.github.dockerjava.zerodep.shaded.org.apache.hc.client5.http.wire - http-outgoing-2 << "18c1[\r][\n]"
23:55:14.143 [Test worker] DEBUG com.github.dockerjava.zerodep.shaded.org.apache.hc.client5.http.wire - http-outgoing-2 << "{"Id":"c37a42694b7d1cff581f5e7b89a60b044af4721181408c271e821f1413201ca6","Created":"2023-03-27T02:55:02.49734542Z","Path":"docker-entrypoint.sh","Args":["mysqld"],"State":{"Status":"running","Running":true,"Paused":false,"Restarting":false,"OOMKilled":false,"Dead":false,"Pid":18342,"ExitCode":0,"Error":"","StartedAt":"2023-03-27T02:55:03.12719392Z","FinishedAt":"0001-01-01T00:00:00Z"},"Image":"sha256:c7c54c29e20dccc1aefb936c8eba8bb8b98b87a4921102aba87fde2df5810af9","ResolvConfPath":"/var/lib/docker/containers/c37a42694b7d1cff581f5e7b89a60b044af4721181408c271e821f1413201ca6/resolv.conf","HostnamePath":"/var/lib/docker/containers/c37a42694b7d1cff581f5e7b89a60b044af4721181408c271e821f1413201ca6/hostname","HostsPath":"/var/lib/docker/containers/c37a42694b7d1cff581f5e7b89a60b044af4721181408c271e821f1413201ca6/hosts","LogPath":"/var/lib/docker/containers/c37a42694b7d1cff581f5e7b89a60b044af4721181408c271e821f1413201ca6/c37a42694b7d1cff581f5e7b89a60b044af4721181408c271e821f1413201ca6-json.log","Name":"/elegant_mahavira","RestartCount":0,"Driver":"overlay2","Platform":"linux","MountLabel":"","ProcessLabel":"","AppArmorProfile":"","ExecIDs":null,"HostConfig":{"Binds":[],"ContainerIDFile":"","LogConfig":{"Type":"json-file","Config":{}},"NetworkMode":"default","PortBindings":{"3306/tcp":[{"HostIp":"0.0.0.0","HostPort":"0"}]},"RestartPolicy":{"Name":"","MaximumRetryCount":0},"AutoRemove":false,"VolumeDriver":"","VolumesFrom":[],"CapAdd":null,"CapDrop":null,"CgroupnsMode":"private","Dns":null,"DnsOptions":null,"DnsSearch":null,"ExtraHosts":[],"GroupAdd":null,"IpcMode":"shareable","Cgroup":"","Links":null,"OomScoreAdj":0,"PidMode":"","Privileged":false,"PublishAllPorts":false,"ReadonlyRootfs":false,"SecurityOpt":null,"UTSMode":"","UsernsMode":"","ShmSize":67108864,"Runtime":"runc","ConsoleSize":[0,0],"Isolation":"","CpuShares":0,"Memory":0,"NanoCpus":0,"CgroupParent":"","BlkioWeight":0,"BlkioWeightDevice":null,"BlkioDeviceReadBps":null,"BlkioDeviceWriteBps":null,"BlkioDeviceReadIOps":null,"BlkioDeviceWriteIOps":null,"CpuPeriod":0,"CpuQuota":0,"CpuRealtimePeriod":0,"CpuRealtimeRuntime":0,"CpusetCpus":"","CpusetMems":"","Devices":null,"DeviceCgroupRules":null,"DeviceRequests":null,"KernelMemory":0,"KernelMemoryTCP":0,"MemoryReservation":0,"MemorySwap":0,"MemorySwappiness":null,"OomKillDisable":null,"PidsLimit":null,"Ulimits":null,"CpuCount":0,"CpuPercent":0,"IOMaximumIOps":0,"IOMaximumBandwidth":0,"MaskedPaths":["/proc/asound","/proc/acpi","/proc/kcore","/proc/keys","/proc/latency_stats","/proc/timer_list","/proc/timer_stats","/proc/sched_debug","/proc/scsi","/sys/firmware"],"ReadonlyPaths":["/proc/bus","/proc/fs","/proc/irq","/proc/sys","/proc/sysrq-trigger"]},"GraphDriver":{"Data":{"LowerDir":"/var/lib/docker/overlay2/2c15a904a49807090175d7750f18e0f6a57e99c38a424839679cbaf676a4d500-init/diff:/var/lib/docker/overlay2/1bd8849d7a296305617011f940aa5cfabbe972a513397b1b6bbc27639b6c1f30/diff:/var/lib/docker/overlay2/199d69b2fbf78af4d4c95dec4fd2f8835ab0347eb49fb20ebb2ff3b99fedd6ad/diff:/var/lib/docker/overlay2/d83c38d654989311f75b9491329846033bfb7714de76ef635380dcfad5c740d9/diff:/var/lib/docker/overlay2/08600d0aea2ab2728bebcf5d2589c640a842f53d1ba3c4a4adccb4d03b923cf6/diff:/var/lib/docker/overlay2/9ec7c63a3fb14d13ac788bbf5e282ca821edc41260b79944e5e631037d13ecda/diff:/var/lib/docker/overlay2/db601d7a1b4ea6da638db620462f0da96fa55c559d02269c9ddb09027936ed87/diff:/var/lib/docker/overlay2/a6d2bd03f942e2565f21e74cfe152c7ec836a1c2b583f0790c685b92bdcfda24/diff:/var/lib/docker/overlay2/9badd16ea2c5e2bf1fde8b579683e41137dfc46ed5449234149f199a6751cc84/diff:/var/lib/docker/overlay2/6efb85646ed12e2d1181ef4cc6f6f6732c00c15a4035fe17ebc4f075ca573c30/diff:/var/lib/docker/overlay2/895d7c0ec09144d6ed33936f4e98e11c18010f7abd708cae1ce43aec7a7f2621/diff:/var/lib/docker/overlay2/1c4ba77aa573ab6e5e5069fd15eae71b3da940bde0f97a922a227ffc8a1d1096/diff","MergedDir":"/var/lib/docker/overlay2/2c15a904a49807090175d7750f18e0f6a57e99c38a424839679cbaf676a4d500/merged","UpperDir":"/var/lib/docker/overlay2/2c15a904a49807090175d7750f18e0f6a57e99c38a424839679cbaf676a4d500/diff","WorkDir":"/var/lib/docker/overlay2/2c15a904a49807090175d7750f18e0f6a57e99c38a424839679cbaf676a4d500/work"},"Name":"overlay2"},"Mounts":[{"Type":"volume","Name":"44a9389ce95a2961210e86afd6afe42b23405f43157b5dc00e010d283c01df79","Source":"/var/lib/docker/volumes/44a9389ce95a2961210e86afd6afe42b23405f43157b5dc00e010d283c01df79/_data","Destination":"/var/lib/mysql","Driver":"local","Mode":"","RW":true,"Propagation":""}],"Config":{"Hostname":"c37a42694b7d","Domainname":"","User":"","AttachStdin":false,"AttachStdout":false,"AttachStderr":false,"ExposedPorts":{"3306/tcp":{},"33060/tcp":{}},"Tty":false,"OpenStdin":false,"StdinOnce":false,"Env":["MYSQL_DATABASE=adm_videos","MYSQL_PASSWORD=123456","MYSQL_ROOT_PASSWORD=123456","PATH=/usr/local/sbin:/usr/local/bin:/usr/sbin:/usr/bin:/sbin:/bin","GOSU_VERSION=1.16","MYSQL_MAJOR=8.0","MYSQL_VERSION=8.0.32-1.el8","MYSQL_SHELL_VERSION=8.0.32-1.el8"],"Cmd":["mysqld"],"Image":"mysql:latest","Volumes":{"/var/lib/mysql":{}},"WorkingDir":"","Entrypoint":["docker-entrypoint.sh"],"OnBuild":null,"Labels":{"org.testcontainers":"true","org.testcontainers.lang":"java","org.testcontainers.sessionId":"818a13d9-e138-4e41-b5a4-74fd927e6a2d","org.testcontainers.version":"1.17.6"}},"NetworkSettings":{"Bridge":"","SandboxID":"bd1f3a626f226e407a1a406212013b21c93b302c93f9fd53a405b7fc5ff825b3","HairpinMode":false,"LinkLocalIPv6Address":"","LinkLocalIPv6PrefixLen":0,"Ports":{"3306/tcp":[{"HostIp":"0.0.0.0","HostPort":"56289"}],"33060/tcp":null},"SandboxKey":"/var/run/docker/netns/bd1f3a626f22","SecondaryIPAddresses":null,"SecondaryIPv6Addresses":null,"EndpointID":"a2b725c0c5ce4503f8e45e0c2adc4455b29a53a4866d3f23b2bce893a084641f","Gateway":"172.17.0.1","GlobalIPv6Address":"","GlobalIPv6PrefixLen":0,"IPAddress":"172.17.0.3","IPPrefixLen":16,"IPv6Gateway":"","MacAddress":"02:42:ac:11:00:03","Networks":{"bridge":{"IPAMConfig":null,"Links":null,"Aliases":null,"NetworkID":"308e234c143065751b16b4500cb9f48d5c7fc2116504b3d816a5e51cd4771062","EndpointID":"a2b725c0c5ce4503f8e45e0c2adc4455b29a53a4866d3f23b2bce893a084641f","Gateway":"172.17.0.1","IPAddress":"172.17.0.3","IPPrefixLen":16,"IPv6Gateway":"","GlobalIPv6Address":"","GlobalIPv6PrefixLen":0,"MacAddress":"02:42:ac:11:00:03","DriverOpts":null}}}}[\n]"
23:55:14.143 [Test worker] DEBUG com.github.dockerjava.zerodep.shaded.org.apache.hc.client5.http.wire - http-outgoing-2 << "[\r][\n]"
23:55:14.144 [Test worker] DEBUG com.github.dockerjava.zerodep.shaded.org.apache.hc.client5.http.wire - http-outgoing-2 << "0[\r][\n]"
23:55:14.144 [Test worker] DEBUG com.github.dockerjava.zerodep.shaded.org.apache.hc.client5.http.wire - http-outgoing-2 << "[\r][\n]"
23:55:14.144 [Test worker] DEBUG com.github.dockerjava.zerodep.shaded.org.apache.hc.client5.http.impl.classic.InternalHttpClient - ep-0000006B: releasing valid endpoint
23:55:14.144 [Test worker] DEBUG com.github.dockerjava.zerodep.shaded.org.apache.hc.client5.http.impl.io.PoolingHttpClientConnectionManager - ep-0000006B: releasing endpoint
23:55:14.144 [Test worker] DEBUG com.github.dockerjava.zerodep.shaded.org.apache.hc.client5.http.impl.io.PoolingHttpClientConnectionManager - ep-0000006B: connection http-outgoing-2 can be kept alive for 3 MINUTES
23:55:14.144 [Test worker] DEBUG com.github.dockerjava.zerodep.shaded.org.apache.hc.client5.http.impl.io.PoolingHttpClientConnectionManager - ep-0000006B: connection released [route: {}->unix://localhost:2375][total available: 1; route allocated: 1 of 2147483647; total allocated: 1 of 2147483647]
23:55:14.144 [Test worker] DEBUG ]]>&#x1f433;<![CDATA[ [mysql:latest] - Trying to create JDBC connection using com.mysql.cj.jdbc.Driver to jdbc:mysql://localhost:56289/adm_videos?useSSL=false&allowPublicKeyRetrieval=true with properties: {password=123456, user=root}
23:55:14.249 [Test worker] DEBUG org.testcontainers.shaded.com.github.dockerjava.core.command.AbstrDockerCmd - Cmd: c37a42694b7d1cff581f5e7b89a60b044af4721181408c271e821f1413201ca6,false
23:55:14.250 [Test worker] DEBUG org.testcontainers.shaded.com.github.dockerjava.core.exec.InspectContainerCmdExec - GET: DefaultWebTarget{path=[/containers/c37a42694b7d1cff581f5e7b89a60b044af4721181408c271e821f1413201ca6/json], queryParams={}}
23:55:14.250 [Test worker] DEBUG com.github.dockerjava.zerodep.shaded.org.apache.hc.client5.http.impl.classic.InternalHttpClient - ex-0000006D: preparing request execution
23:55:14.250 [Test worker] DEBUG com.github.dockerjava.zerodep.shaded.org.apache.hc.client5.http.protocol.RequestAddCookies - Cookie spec selected: strict
23:55:14.250 [Test worker] DEBUG com.github.dockerjava.zerodep.shaded.org.apache.hc.client5.http.protocol.RequestAuthCache - Auth cache not set in the context
23:55:14.250 [Test worker] DEBUG com.github.dockerjava.zerodep.shaded.org.apache.hc.client5.http.impl.classic.ProtocolExec - ex-0000006D: target auth state: UNCHALLENGED
23:55:14.250 [Test worker] DEBUG com.github.dockerjava.zerodep.shaded.org.apache.hc.client5.http.impl.classic.ProtocolExec - ex-0000006D: proxy auth state: UNCHALLENGED
23:55:14.250 [Test worker] DEBUG com.github.dockerjava.zerodep.shaded.org.apache.hc.client5.http.impl.classic.ConnectExec - ex-0000006D: acquiring connection with route {}->unix://localhost:2375
23:55:14.250 [Test worker] DEBUG com.github.dockerjava.zerodep.shaded.org.apache.hc.client5.http.impl.classic.InternalHttpClient - ex-0000006D: acquiring endpoint (3 MINUTES)
23:55:14.250 [Test worker] DEBUG com.github.dockerjava.zerodep.shaded.org.apache.hc.client5.http.impl.io.PoolingHttpClientConnectionManager - ex-0000006D: endpoint lease request (3 MINUTES) [route: {}->unix://localhost:2375][total available: 1; route allocated: 1 of 2147483647; total allocated: 1 of 2147483647]
23:55:14.250 [Test worker] DEBUG com.github.dockerjava.zerodep.shaded.org.apache.hc.client5.http.impl.io.PoolingHttpClientConnectionManager - ex-0000006D: endpoint leased [route: {}->unix://localhost:2375][total available: 0; route allocated: 1 of 2147483647; total allocated: 1 of 2147483647]
23:55:14.250 [Test worker] DEBUG com.github.dockerjava.zerodep.shaded.org.apache.hc.client5.http.impl.io.PoolingHttpClientConnectionManager - ex-0000006D: acquired ep-0000006C
23:55:14.250 [Test worker] DEBUG com.github.dockerjava.zerodep.shaded.org.apache.hc.client5.http.impl.classic.InternalHttpClient - ex-0000006D: acquired endpoint ep-0000006C
23:55:14.250 [Test worker] DEBUG com.github.dockerjava.zerodep.shaded.org.apache.hc.client5.http.impl.classic.MainClientExec - ex-0000006D: executing GET /v1.32/containers/c37a42694b7d1cff581f5e7b89a60b044af4721181408c271e821f1413201ca6/json HTTP/1.1
23:55:14.250 [Test worker] DEBUG com.github.dockerjava.zerodep.shaded.org.apache.hc.client5.http.impl.classic.InternalHttpClient - ep-0000006C: start execution ex-0000006D
23:55:14.250 [Test worker] DEBUG com.github.dockerjava.zerodep.shaded.org.apache.hc.client5.http.impl.io.PoolingHttpClientConnectionManager - ep-0000006C: executing exchange ex-0000006D over http-outgoing-2
23:55:14.250 [Test worker] DEBUG com.github.dockerjava.zerodep.shaded.org.apache.hc.client5.http.headers - http-outgoing-2 >> GET /v1.32/containers/c37a42694b7d1cff581f5e7b89a60b044af4721181408c271e821f1413201ca6/json HTTP/1.1
23:55:14.250 [Test worker] DEBUG com.github.dockerjava.zerodep.shaded.org.apache.hc.client5.http.headers - http-outgoing-2 >> accept: application/json
23:55:14.250 [Test worker] DEBUG com.github.dockerjava.zerodep.shaded.org.apache.hc.client5.http.headers - http-outgoing-2 >> x-tc-sid: 818a13d9-e138-4e41-b5a4-74fd927e6a2d
23:55:14.250 [Test worker] DEBUG com.github.dockerjava.zerodep.shaded.org.apache.hc.client5.http.headers - http-outgoing-2 >> Accept-Encoding: gzip, x-gzip, deflate
23:55:14.250 [Test worker] DEBUG com.github.dockerjava.zerodep.shaded.org.apache.hc.client5.http.headers - http-outgoing-2 >> Host: localhost:2375
23:55:14.250 [Test worker] DEBUG com.github.dockerjava.zerodep.shaded.org.apache.hc.client5.http.headers - http-outgoing-2 >> Connection: keep-alive
23:55:14.250 [Test worker] DEBUG com.github.dockerjava.zerodep.shaded.org.apache.hc.client5.http.headers - http-outgoing-2 >> User-Agent: Apache-HttpClient/5.0.3 (Java/17.0.2)
23:55:14.250 [Test worker] DEBUG com.github.dockerjava.zerodep.shaded.org.apache.hc.client5.http.wire - http-outgoing-2 >> "GET /v1.32/containers/c37a42694b7d1cff581f5e7b89a60b044af4721181408c271e821f1413201ca6/json HTTP/1.1[\r][\n]"
23:55:14.250 [Test worker] DEBUG com.github.dockerjava.zerodep.shaded.org.apache.hc.client5.http.wire - http-outgoing-2 >> "accept: application/json[\r][\n]"
23:55:14.250 [Test worker] DEBUG com.github.dockerjava.zerodep.shaded.org.apache.hc.client5.http.wire - http-outgoing-2 >> "x-tc-sid: 818a13d9-e138-4e41-b5a4-74fd927e6a2d[\r][\n]"
23:55:14.250 [Test worker] DEBUG com.github.dockerjava.zerodep.shaded.org.apache.hc.client5.http.wire - http-outgoing-2 >> "Accept-Encoding: gzip, x-gzip, deflate[\r][\n]"
23:55:14.250 [Test worker] DEBUG com.github.dockerjava.zerodep.shaded.org.apache.hc.client5.http.wire - http-outgoing-2 >> "Host: localhost:2375[\r][\n]"
23:55:14.250 [Test worker] DEBUG com.github.dockerjava.zerodep.shaded.org.apache.hc.client5.http.wire - http-outgoing-2 >> "Connection: keep-alive[\r][\n]"
23:55:14.250 [Test worker] DEBUG com.github.dockerjava.zerodep.shaded.org.apache.hc.client5.http.wire - http-outgoing-2 >> "User-Agent: Apache-HttpClient/5.0.3 (Java/17.0.2)[\r][\n]"
23:55:14.250 [Test worker] DEBUG com.github.dockerjava.zerodep.shaded.org.apache.hc.client5.http.wire - http-outgoing-2 >> "[\r][\n]"
23:55:14.253 [Test worker] DEBUG com.github.dockerjava.zerodep.shaded.org.apache.hc.client5.http.wire - http-outgoing-2 << "HTTP/1.1 200 OK[\r][\n]"
23:55:14.253 [Test worker] DEBUG com.github.dockerjava.zerodep.shaded.org.apache.hc.client5.http.wire - http-outgoing-2 << "Api-Version: 1.41[\r][\n]"
23:55:14.253 [Test worker] DEBUG com.github.dockerjava.zerodep.shaded.org.apache.hc.client5.http.wire - http-outgoing-2 << "Content-Type: application/json[\r][\n]"
23:55:14.253 [Test worker] DEBUG com.github.dockerjava.zerodep.shaded.org.apache.hc.client5.http.wire - http-outgoing-2 << "Date: Mon, 27 Mar 2023 02:55:14 GMT[\r][\n]"
23:55:14.253 [Test worker] DEBUG com.github.dockerjava.zerodep.shaded.org.apache.hc.client5.http.wire - http-outgoing-2 << "Docker-Experimental: false[\r][\n]"
23:55:14.253 [Test worker] DEBUG com.github.dockerjava.zerodep.shaded.org.apache.hc.client5.http.wire - http-outgoing-2 << "Ostype: linux[\r][\n]"
23:55:14.253 [Test worker] DEBUG com.github.dockerjava.zerodep.shaded.org.apache.hc.client5.http.wire - http-outgoing-2 << "Server: Docker/20.10.21 (linux)[\r][\n]"
23:55:14.253 [Test worker] DEBUG com.github.dockerjava.zerodep.shaded.org.apache.hc.client5.http.wire - http-outgoing-2 << "Transfer-Encoding: chunked[\r][\n]"
23:55:14.253 [Test worker] DEBUG com.github.dockerjava.zerodep.shaded.org.apache.hc.client5.http.wire - http-outgoing-2 << "[\r][\n]"
23:55:14.253 [Test worker] DEBUG com.github.dockerjava.zerodep.shaded.org.apache.hc.client5.http.headers - http-outgoing-2 << HTTP/1.1 200 OK
23:55:14.253 [Test worker] DEBUG com.github.dockerjava.zerodep.shaded.org.apache.hc.client5.http.headers - http-outgoing-2 << Api-Version: 1.41
23:55:14.253 [Test worker] DEBUG com.github.dockerjava.zerodep.shaded.org.apache.hc.client5.http.headers - http-outgoing-2 << Content-Type: application/json
23:55:14.253 [Test worker] DEBUG com.github.dockerjava.zerodep.shaded.org.apache.hc.client5.http.headers - http-outgoing-2 << Date: Mon, 27 Mar 2023 02:55:14 GMT
23:55:14.253 [Test worker] DEBUG com.github.dockerjava.zerodep.shaded.org.apache.hc.client5.http.headers - http-outgoing-2 << Docker-Experimental: false
23:55:14.253 [Test worker] DEBUG com.github.dockerjava.zerodep.shaded.org.apache.hc.client5.http.headers - http-outgoing-2 << Ostype: linux
23:55:14.253 [Test worker] DEBUG com.github.dockerjava.zerodep.shaded.org.apache.hc.client5.http.headers - http-outgoing-2 << Server: Docker/20.10.21 (linux)
23:55:14.253 [Test worker] DEBUG com.github.dockerjava.zerodep.shaded.org.apache.hc.client5.http.headers - http-outgoing-2 << Transfer-Encoding: chunked
23:55:14.253 [Test worker] DEBUG com.github.dockerjava.zerodep.shaded.org.apache.hc.client5.http.impl.classic.MainClientExec - ex-0000006D: connection can be kept alive for 3 MINUTES
23:55:14.255 [Test worker] DEBUG com.github.dockerjava.zerodep.shaded.org.apache.hc.client5.http.wire - http-outgoing-2 << "18c1[\r][\n]"
23:55:14.255 [Test worker] DEBUG com.github.dockerjava.zerodep.shaded.org.apache.hc.client5.http.wire - http-outgoing-2 << "{"Id":"c37a42694b7d1cff581f5e7b89a60b044af4721181408c271e821f1413201ca6","Created":"2023-03-27T02:55:02.49734542Z","Path":"docker-entrypoint.sh","Args":["mysqld"],"State":{"Status":"running","Running":true,"Paused":false,"Restarting":false,"OOMKilled":false,"Dead":false,"Pid":18342,"ExitCode":0,"Error":"","StartedAt":"2023-03-27T02:55:03.12719392Z","FinishedAt":"0001-01-01T00:00:00Z"},"Image":"sha256:c7c54c29e20dccc1aefb936c8eba8bb8b98b87a4921102aba87fde2df5810af9","ResolvConfPath":"/var/lib/docker/containers/c37a42694b7d1cff581f5e7b89a60b044af4721181408c271e821f1413201ca6/resolv.conf","HostnamePath":"/var/lib/docker/containers/c37a42694b7d1cff581f5e7b89a60b044af4721181408c271e821f1413201ca6/hostname","HostsPath":"/var/lib/docker/containers/c37a42694b7d1cff581f5e7b89a60b044af4721181408c271e821f1413201ca6/hosts","LogPath":"/var/lib/docker/containers/c37a42694b7d1cff581f5e7b89a60b044af4721181408c271e821f1413201ca6/c37a42694b7d1cff581f5e7b89a60b044af4721181408c271e821f1413201ca6-json.log","Name":"/elegant_mahavira","RestartCount":0,"Driver":"overlay2","Platform":"linux","MountLabel":"","ProcessLabel":"","AppArmorProfile":"","ExecIDs":null,"HostConfig":{"Binds":[],"ContainerIDFile":"","LogConfig":{"Type":"json-file","Config":{}},"NetworkMode":"default","PortBindings":{"3306/tcp":[{"HostIp":"0.0.0.0","HostPort":"0"}]},"RestartPolicy":{"Name":"","MaximumRetryCount":0},"AutoRemove":false,"VolumeDriver":"","VolumesFrom":[],"CapAdd":null,"CapDrop":null,"CgroupnsMode":"private","Dns":null,"DnsOptions":null,"DnsSearch":null,"ExtraHosts":[],"GroupAdd":null,"IpcMode":"shareable","Cgroup":"","Links":null,"OomScoreAdj":0,"PidMode":"","Privileged":false,"PublishAllPorts":false,"ReadonlyRootfs":false,"SecurityOpt":null,"UTSMode":"","UsernsMode":"","ShmSize":67108864,"Runtime":"runc","ConsoleSize":[0,0],"Isolation":"","CpuShares":0,"Memory":0,"NanoCpus":0,"CgroupParent":"","BlkioWeight":0,"BlkioWeightDevice":null,"BlkioDeviceReadBps":null,"BlkioDeviceWriteBps":null,"BlkioDeviceReadIOps":null,"BlkioDeviceWriteIOps":null,"CpuPeriod":0,"CpuQuota":0,"CpuRealtimePeriod":0,"CpuRealtimeRuntime":0,"CpusetCpus":"","CpusetMems":"","Devices":null,"DeviceCgroupRules":null,"DeviceRequests":null,"KernelMemory":0,"KernelMemoryTCP":0,"MemoryReservation":0,"MemorySwap":0,"MemorySwappiness":null,"OomKillDisable":null,"PidsLimit":null,"Ulimits":null,"CpuCount":0,"CpuPercent":0,"IOMaximumIOps":0,"IOMaximumBandwidth":0,"MaskedPaths":["/proc/asound","/proc/acpi","/proc/kcore","/proc/keys","/proc/latency_stats","/proc/timer_list","/proc/timer_stats","/proc/sched_debug","/proc/scsi","/sys/firmware"],"ReadonlyPaths":["/proc/bus","/proc/fs","/proc/irq","/proc/sys","/proc/sysrq-trigger"]},"GraphDriver":{"Data":{"LowerDir":"/var/lib/docker/overlay2/2c15a904a49807090175d7750f18e0f6a57e99c38a424839679cbaf676a4d500-init/diff:/var/lib/docker/overlay2/1bd8849d7a296305617011f940aa5cfabbe972a513397b1b6bbc27639b6c1f30/diff:/var/lib/docker/overlay2/199d69b2fbf78af4d4c95dec4fd2f8835ab0347eb49fb20ebb2ff3b99fedd6ad/diff:/var/lib/docker/overlay2/d83c38d654989311f75b9491329846033bfb7714de76ef635380dcfad5c740d9/diff:/var/lib/docker/overlay2/08600d0aea2ab2728bebcf5d2589c640a842f53d1ba3c4a4adccb4d03b923cf6/diff:/var/lib/docker/overlay2/9ec7c63a3fb14d13ac788bbf5e282ca821edc41260b79944e5e631037d13ecda/diff:/var/lib/docker/overlay2/db601d7a1b4ea6da638db620462f0da96fa55c559d02269c9ddb09027936ed87/diff:/var/lib/docker/overlay2/a6d2bd03f942e2565f21e74cfe152c7ec836a1c2b583f0790c685b92bdcfda24/diff:/var/lib/docker/overlay2/9badd16ea2c5e2bf1fde8b579683e41137dfc46ed5449234149f199a6751cc84/diff:/var/lib/docker/overlay2/6efb85646ed12e2d1181ef4cc6f6f6732c00c15a4035fe17ebc4f075ca573c30/diff:/var/lib/docker/overlay2/895d7c0ec09144d6ed33936f4e98e11c18010f7abd708cae1ce43aec7a7f2621/diff:/var/lib/docker/overlay2/1c4ba77aa573ab6e5e5069fd15eae71b3da940bde0f97a922a227ffc8a1d1096/diff","MergedDir":"/var/lib/docker/overlay2/2c15a904a49807090175d7750f18e0f6a57e99c38a424839679cbaf676a4d500/merged","UpperDir":"/var/lib/docker/overlay2/2c15a904a49807090175d7750f18e0f6a57e99c38a424839679cbaf676a4d500/diff","WorkDir":"/var/lib/docker/overlay2/2c15a904a49807090175d7750f18e0f6a57e99c38a424839679cbaf676a4d500/work"},"Name":"overlay2"},"Mounts":[{"Type":"volume","Name":"44a9389ce95a2961210e86afd6afe42b23405f43157b5dc00e010d283c01df79","Source":"/var/lib/docker/volumes/44a9389ce95a2961210e86afd6afe42b23405f43157b5dc00e010d283c01df79/_data","Destination":"/var/lib/mysql","Driver":"local","Mode":"","RW":true,"Propagation":""}],"Config":{"Hostname":"c37a42694b7d","Domainname":"","User":"","AttachStdin":false,"AttachStdout":false,"AttachStderr":false,"ExposedPorts":{"3306/tcp":{},"33060/tcp":{}},"Tty":false,"OpenStdin":false,"StdinOnce":false,"Env":["MYSQL_DATABASE=adm_videos","MYSQL_PASSWORD=123456","MYSQL_ROOT_PASSWORD=123456","PATH=/usr/local/sbin:/usr/local/bin:/usr/sbin:/usr/bin:/sbin:/bin","GOSU_VERSION=1.16","MYSQL_MAJOR=8.0","MYSQL_VERSION=8.0.32-1.el8","MYSQL_SHELL_VERSION=8.0.32-1.el8"],"Cmd":["mysqld"],"Image":"mysql:latest","Volumes":{"/var/lib/mysql":{}},"WorkingDir":"","Entrypoint":["docker-entrypoint.sh"],"OnBuild":null,"Labels":{"org.testcontainers":"true","org.testcontainers.lang":"java","org.testcontainers.sessionId":"818a13d9-e138-4e41-b5a4-74fd927e6a2d","org.testcontainers.version":"1.17.6"}},"NetworkSettings":{"Bridge":"","SandboxID":"bd1f3a626f226e407a1a406212013b21c93b302c93f9fd53a405b7fc5ff825b3","HairpinMode":false,"LinkLocalIPv6Address":"","LinkLocalIPv6PrefixLen":0,"Ports":{"3306/tcp":[{"HostIp":"0.0.0.0","HostPort":"56289"}],"33060/tcp":null},"SandboxKey":"/var/run/docker/netns/bd1f3a626f22","SecondaryIPAddresses":null,"SecondaryIPv6Addresses":null,"EndpointID":"a2b725c0c5ce4503f8e45e0c2adc4455b29a53a4866d3f23b2bce893a084641f","Gateway":"172.17.0.1","GlobalIPv6Address":"","GlobalIPv6PrefixLen":0,"IPAddress":"172.17.0.3","IPPrefixLen":16,"IPv6Gateway":"","MacAddress":"02:42:ac:11:00:03","Networks":{"bridge":{"IPAMConfig":null,"Links":null,"Aliases":null,"NetworkID":"308e234c143065751b16b4500cb9f48d5c7fc2116504b3d816a5e51cd4771062","EndpointID":"a2b725c0c5ce4503f8e45e0c2adc4455b29a53a4866d3f23b2bce893a084641f","Gateway":"172.17.0.1","IPAddress":"172.17.0.3","IPPrefixLen":16,"IPv6Gateway":"","GlobalIPv6Address":"","GlobalIPv6PrefixLen":0,"MacAddress":"02:42:ac:11:00:03","DriverOpts":null}}}}[\n]"
23:55:14.255 [Test worker] DEBUG com.github.dockerjava.zerodep.shaded.org.apache.hc.client5.http.wire - http-outgoing-2 << "[\r][\n]"
23:55:14.256 [Test worker] DEBUG com.github.dockerjava.zerodep.shaded.org.apache.hc.client5.http.wire - http-outgoing-2 << "0[\r][\n]"
23:55:14.256 [Test worker] DEBUG com.github.dockerjava.zerodep.shaded.org.apache.hc.client5.http.wire - http-outgoing-2 << "[\r][\n]"
23:55:14.256 [Test worker] DEBUG com.github.dockerjava.zerodep.shaded.org.apache.hc.client5.http.impl.classic.InternalHttpClient - ep-0000006C: releasing valid endpoint
23:55:14.256 [Test worker] DEBUG com.github.dockerjava.zerodep.shaded.org.apache.hc.client5.http.impl.io.PoolingHttpClientConnectionManager - ep-0000006C: releasing endpoint
23:55:14.256 [Test worker] DEBUG com.github.dockerjava.zerodep.shaded.org.apache.hc.client5.http.impl.io.PoolingHttpClientConnectionManager - ep-0000006C: connection http-outgoing-2 can be kept alive for 3 MINUTES
23:55:14.256 [Test worker] DEBUG com.github.dockerjava.zerodep.shaded.org.apache.hc.client5.http.impl.io.PoolingHttpClientConnectionManager - ep-0000006C: connection released [route: {}->unix://localhost:2375][total available: 1; route allocated: 1 of 2147483647; total allocated: 1 of 2147483647]
23:55:14.256 [Test worker] DEBUG ]]>&#x1f433;<![CDATA[ [mysql:latest] - Trying to create JDBC connection using com.mysql.cj.jdbc.Driver to jdbc:mysql://localhost:56289/adm_videos?useSSL=false&allowPublicKeyRetrieval=true with properties: {password=123456, user=root}
23:55:14.368 [Test worker] DEBUG org.testcontainers.shaded.com.github.dockerjava.core.command.AbstrDockerCmd - Cmd: c37a42694b7d1cff581f5e7b89a60b044af4721181408c271e821f1413201ca6,false
23:55:14.368 [Test worker] DEBUG org.testcontainers.shaded.com.github.dockerjava.core.exec.InspectContainerCmdExec - GET: DefaultWebTarget{path=[/containers/c37a42694b7d1cff581f5e7b89a60b044af4721181408c271e821f1413201ca6/json], queryParams={}}
23:55:14.368 [Test worker] DEBUG com.github.dockerjava.zerodep.shaded.org.apache.hc.client5.http.impl.classic.InternalHttpClient - ex-0000006E: preparing request execution
23:55:14.368 [Test worker] DEBUG com.github.dockerjava.zerodep.shaded.org.apache.hc.client5.http.protocol.RequestAddCookies - Cookie spec selected: strict
23:55:14.368 [Test worker] DEBUG com.github.dockerjava.zerodep.shaded.org.apache.hc.client5.http.protocol.RequestAuthCache - Auth cache not set in the context
23:55:14.368 [Test worker] DEBUG com.github.dockerjava.zerodep.shaded.org.apache.hc.client5.http.impl.classic.ProtocolExec - ex-0000006E: target auth state: UNCHALLENGED
23:55:14.368 [Test worker] DEBUG com.github.dockerjava.zerodep.shaded.org.apache.hc.client5.http.impl.classic.ProtocolExec - ex-0000006E: proxy auth state: UNCHALLENGED
23:55:14.368 [Test worker] DEBUG com.github.dockerjava.zerodep.shaded.org.apache.hc.client5.http.impl.classic.ConnectExec - ex-0000006E: acquiring connection with route {}->unix://localhost:2375
23:55:14.368 [Test worker] DEBUG com.github.dockerjava.zerodep.shaded.org.apache.hc.client5.http.impl.classic.InternalHttpClient - ex-0000006E: acquiring endpoint (3 MINUTES)
23:55:14.368 [Test worker] DEBUG com.github.dockerjava.zerodep.shaded.org.apache.hc.client5.http.impl.io.PoolingHttpClientConnectionManager - ex-0000006E: endpoint lease request (3 MINUTES) [route: {}->unix://localhost:2375][total available: 1; route allocated: 1 of 2147483647; total allocated: 1 of 2147483647]
23:55:14.368 [Test worker] DEBUG com.github.dockerjava.zerodep.shaded.org.apache.hc.client5.http.impl.io.PoolingHttpClientConnectionManager - ex-0000006E: endpoint leased [route: {}->unix://localhost:2375][total available: 0; route allocated: 1 of 2147483647; total allocated: 1 of 2147483647]
23:55:14.369 [Test worker] DEBUG com.github.dockerjava.zerodep.shaded.org.apache.hc.client5.http.impl.io.PoolingHttpClientConnectionManager - ex-0000006E: acquired ep-0000006D
23:55:14.369 [Test worker] DEBUG com.github.dockerjava.zerodep.shaded.org.apache.hc.client5.http.impl.classic.InternalHttpClient - ex-0000006E: acquired endpoint ep-0000006D
23:55:14.369 [Test worker] DEBUG com.github.dockerjava.zerodep.shaded.org.apache.hc.client5.http.impl.classic.MainClientExec - ex-0000006E: executing GET /v1.32/containers/c37a42694b7d1cff581f5e7b89a60b044af4721181408c271e821f1413201ca6/json HTTP/1.1
23:55:14.369 [Test worker] DEBUG com.github.dockerjava.zerodep.shaded.org.apache.hc.client5.http.impl.classic.InternalHttpClient - ep-0000006D: start execution ex-0000006E
23:55:14.369 [Test worker] DEBUG com.github.dockerjava.zerodep.shaded.org.apache.hc.client5.http.impl.io.PoolingHttpClientConnectionManager - ep-0000006D: executing exchange ex-0000006E over http-outgoing-2
23:55:14.369 [Test worker] DEBUG com.github.dockerjava.zerodep.shaded.org.apache.hc.client5.http.headers - http-outgoing-2 >> GET /v1.32/containers/c37a42694b7d1cff581f5e7b89a60b044af4721181408c271e821f1413201ca6/json HTTP/1.1
23:55:14.369 [Test worker] DEBUG com.github.dockerjava.zerodep.shaded.org.apache.hc.client5.http.headers - http-outgoing-2 >> accept: application/json
23:55:14.369 [Test worker] DEBUG com.github.dockerjava.zerodep.shaded.org.apache.hc.client5.http.headers - http-outgoing-2 >> x-tc-sid: 818a13d9-e138-4e41-b5a4-74fd927e6a2d
23:55:14.369 [Test worker] DEBUG com.github.dockerjava.zerodep.shaded.org.apache.hc.client5.http.headers - http-outgoing-2 >> Accept-Encoding: gzip, x-gzip, deflate
23:55:14.369 [Test worker] DEBUG com.github.dockerjava.zerodep.shaded.org.apache.hc.client5.http.headers - http-outgoing-2 >> Host: localhost:2375
23:55:14.369 [Test worker] DEBUG com.github.dockerjava.zerodep.shaded.org.apache.hc.client5.http.headers - http-outgoing-2 >> Connection: keep-alive
23:55:14.369 [Test worker] DEBUG com.github.dockerjava.zerodep.shaded.org.apache.hc.client5.http.headers - http-outgoing-2 >> User-Agent: Apache-HttpClient/5.0.3 (Java/17.0.2)
23:55:14.369 [Test worker] DEBUG com.github.dockerjava.zerodep.shaded.org.apache.hc.client5.http.wire - http-outgoing-2 >> "GET /v1.32/containers/c37a42694b7d1cff581f5e7b89a60b044af4721181408c271e821f1413201ca6/json HTTP/1.1[\r][\n]"
23:55:14.369 [Test worker] DEBUG com.github.dockerjava.zerodep.shaded.org.apache.hc.client5.http.wire - http-outgoing-2 >> "accept: application/json[\r][\n]"
23:55:14.369 [Test worker] DEBUG com.github.dockerjava.zerodep.shaded.org.apache.hc.client5.http.wire - http-outgoing-2 >> "x-tc-sid: 818a13d9-e138-4e41-b5a4-74fd927e6a2d[\r][\n]"
23:55:14.369 [Test worker] DEBUG com.github.dockerjava.zerodep.shaded.org.apache.hc.client5.http.wire - http-outgoing-2 >> "Accept-Encoding: gzip, x-gzip, deflate[\r][\n]"
23:55:14.369 [Test worker] DEBUG com.github.dockerjava.zerodep.shaded.org.apache.hc.client5.http.wire - http-outgoing-2 >> "Host: localhost:2375[\r][\n]"
23:55:14.369 [Test worker] DEBUG com.github.dockerjava.zerodep.shaded.org.apache.hc.client5.http.wire - http-outgoing-2 >> "Connection: keep-alive[\r][\n]"
23:55:14.369 [Test worker] DEBUG com.github.dockerjava.zerodep.shaded.org.apache.hc.client5.http.wire - http-outgoing-2 >> "User-Agent: Apache-HttpClient/5.0.3 (Java/17.0.2)[\r][\n]"
23:55:14.369 [Test worker] DEBUG com.github.dockerjava.zerodep.shaded.org.apache.hc.client5.http.wire - http-outgoing-2 >> "[\r][\n]"
23:55:14.371 [Test worker] DEBUG com.github.dockerjava.zerodep.shaded.org.apache.hc.client5.http.wire - http-outgoing-2 << "HTTP/1.1 200 OK[\r][\n]"
23:55:14.371 [Test worker] DEBUG com.github.dockerjava.zerodep.shaded.org.apache.hc.client5.http.wire - http-outgoing-2 << "Api-Version: 1.41[\r][\n]"
23:55:14.371 [Test worker] DEBUG com.github.dockerjava.zerodep.shaded.org.apache.hc.client5.http.wire - http-outgoing-2 << "Content-Type: application/json[\r][\n]"
23:55:14.371 [Test worker] DEBUG com.github.dockerjava.zerodep.shaded.org.apache.hc.client5.http.wire - http-outgoing-2 << "Date: Mon, 27 Mar 2023 02:55:14 GMT[\r][\n]"
23:55:14.371 [Test worker] DEBUG com.github.dockerjava.zerodep.shaded.org.apache.hc.client5.http.wire - http-outgoing-2 << "Docker-Experimental: false[\r][\n]"
23:55:14.371 [Test worker] DEBUG com.github.dockerjava.zerodep.shaded.org.apache.hc.client5.http.wire - http-outgoing-2 << "Ostype: linux[\r][\n]"
23:55:14.371 [Test worker] DEBUG com.github.dockerjava.zerodep.shaded.org.apache.hc.client5.http.wire - http-outgoing-2 << "Server: Docker/20.10.21 (linux)[\r][\n]"
23:55:14.371 [Test worker] DEBUG com.github.dockerjava.zerodep.shaded.org.apache.hc.client5.http.wire - http-outgoing-2 << "Transfer-Encoding: chunked[\r][\n]"
23:55:14.371 [Test worker] DEBUG com.github.dockerjava.zerodep.shaded.org.apache.hc.client5.http.wire - http-outgoing-2 << "[\r][\n]"
23:55:14.371 [Test worker] DEBUG com.github.dockerjava.zerodep.shaded.org.apache.hc.client5.http.headers - http-outgoing-2 << HTTP/1.1 200 OK
23:55:14.371 [Test worker] DEBUG com.github.dockerjava.zerodep.shaded.org.apache.hc.client5.http.headers - http-outgoing-2 << Api-Version: 1.41
23:55:14.371 [Test worker] DEBUG com.github.dockerjava.zerodep.shaded.org.apache.hc.client5.http.headers - http-outgoing-2 << Content-Type: application/json
23:55:14.371 [Test worker] DEBUG com.github.dockerjava.zerodep.shaded.org.apache.hc.client5.http.headers - http-outgoing-2 << Date: Mon, 27 Mar 2023 02:55:14 GMT
23:55:14.371 [Test worker] DEBUG com.github.dockerjava.zerodep.shaded.org.apache.hc.client5.http.headers - http-outgoing-2 << Docker-Experimental: false
23:55:14.371 [Test worker] DEBUG com.github.dockerjava.zerodep.shaded.org.apache.hc.client5.http.headers - http-outgoing-2 << Ostype: linux
23:55:14.371 [Test worker] DEBUG com.github.dockerjava.zerodep.shaded.org.apache.hc.client5.http.headers - http-outgoing-2 << Server: Docker/20.10.21 (linux)
23:55:14.371 [Test worker] DEBUG com.github.dockerjava.zerodep.shaded.org.apache.hc.client5.http.headers - http-outgoing-2 << Transfer-Encoding: chunked
23:55:14.371 [Test worker] DEBUG com.github.dockerjava.zerodep.shaded.org.apache.hc.client5.http.impl.classic.MainClientExec - ex-0000006E: connection can be kept alive for 3 MINUTES
23:55:14.373 [Test worker] DEBUG com.github.dockerjava.zerodep.shaded.org.apache.hc.client5.http.wire - http-outgoing-2 << "18c1[\r][\n]"
23:55:14.373 [Test worker] DEBUG com.github.dockerjava.zerodep.shaded.org.apache.hc.client5.http.wire - http-outgoing-2 << "{"Id":"c37a42694b7d1cff581f5e7b89a60b044af4721181408c271e821f1413201ca6","Created":"2023-03-27T02:55:02.49734542Z","Path":"docker-entrypoint.sh","Args":["mysqld"],"State":{"Status":"running","Running":true,"Paused":false,"Restarting":false,"OOMKilled":false,"Dead":false,"Pid":18342,"ExitCode":0,"Error":"","StartedAt":"2023-03-27T02:55:03.12719392Z","FinishedAt":"0001-01-01T00:00:00Z"},"Image":"sha256:c7c54c29e20dccc1aefb936c8eba8bb8b98b87a4921102aba87fde2df5810af9","ResolvConfPath":"/var/lib/docker/containers/c37a42694b7d1cff581f5e7b89a60b044af4721181408c271e821f1413201ca6/resolv.conf","HostnamePath":"/var/lib/docker/containers/c37a42694b7d1cff581f5e7b89a60b044af4721181408c271e821f1413201ca6/hostname","HostsPath":"/var/lib/docker/containers/c37a42694b7d1cff581f5e7b89a60b044af4721181408c271e821f1413201ca6/hosts","LogPath":"/var/lib/docker/containers/c37a42694b7d1cff581f5e7b89a60b044af4721181408c271e821f1413201ca6/c37a42694b7d1cff581f5e7b89a60b044af4721181408c271e821f1413201ca6-json.log","Name":"/elegant_mahavira","RestartCount":0,"Driver":"overlay2","Platform":"linux","MountLabel":"","ProcessLabel":"","AppArmorProfile":"","ExecIDs":null,"HostConfig":{"Binds":[],"ContainerIDFile":"","LogConfig":{"Type":"json-file","Config":{}},"NetworkMode":"default","PortBindings":{"3306/tcp":[{"HostIp":"0.0.0.0","HostPort":"0"}]},"RestartPolicy":{"Name":"","MaximumRetryCount":0},"AutoRemove":false,"VolumeDriver":"","VolumesFrom":[],"CapAdd":null,"CapDrop":null,"CgroupnsMode":"private","Dns":null,"DnsOptions":null,"DnsSearch":null,"ExtraHosts":[],"GroupAdd":null,"IpcMode":"shareable","Cgroup":"","Links":null,"OomScoreAdj":0,"PidMode":"","Privileged":false,"PublishAllPorts":false,"ReadonlyRootfs":false,"SecurityOpt":null,"UTSMode":"","UsernsMode":"","ShmSize":67108864,"Runtime":"runc","ConsoleSize":[0,0],"Isolation":"","CpuShares":0,"Memory":0,"NanoCpus":0,"CgroupParent":"","BlkioWeight":0,"BlkioWeightDevice":null,"BlkioDeviceReadBps":null,"BlkioDeviceWriteBps":null,"BlkioDeviceReadIOps":null,"BlkioDeviceWriteIOps":null,"CpuPeriod":0,"CpuQuota":0,"CpuRealtimePeriod":0,"CpuRealtimeRuntime":0,"CpusetCpus":"","CpusetMems":"","Devices":null,"DeviceCgroupRules":null,"DeviceRequests":null,"KernelMemory":0,"KernelMemoryTCP":0,"MemoryReservation":0,"MemorySwap":0,"MemorySwappiness":null,"OomKillDisable":null,"PidsLimit":null,"Ulimits":null,"CpuCount":0,"CpuPercent":0,"IOMaximumIOps":0,"IOMaximumBandwidth":0,"MaskedPaths":["/proc/asound","/proc/acpi","/proc/kcore","/proc/keys","/proc/latency_stats","/proc/timer_list","/proc/timer_stats","/proc/sched_debug","/proc/scsi","/sys/firmware"],"ReadonlyPaths":["/proc/bus","/proc/fs","/proc/irq","/proc/sys","/proc/sysrq-trigger"]},"GraphDriver":{"Data":{"LowerDir":"/var/lib/docker/overlay2/2c15a904a49807090175d7750f18e0f6a57e99c38a424839679cbaf676a4d500-init/diff:/var/lib/docker/overlay2/1bd8849d7a296305617011f940aa5cfabbe972a513397b1b6bbc27639b6c1f30/diff:/var/lib/docker/overlay2/199d69b2fbf78af4d4c95dec4fd2f8835ab0347eb49fb20ebb2ff3b99fedd6ad/diff:/var/lib/docker/overlay2/d83c38d654989311f75b9491329846033bfb7714de76ef635380dcfad5c740d9/diff:/var/lib/docker/overlay2/08600d0aea2ab2728bebcf5d2589c640a842f53d1ba3c4a4adccb4d03b923cf6/diff:/var/lib/docker/overlay2/9ec7c63a3fb14d13ac788bbf5e282ca821edc41260b79944e5e631037d13ecda/diff:/var/lib/docker/overlay2/db601d7a1b4ea6da638db620462f0da96fa55c559d02269c9ddb09027936ed87/diff:/var/lib/docker/overlay2/a6d2bd03f942e2565f21e74cfe152c7ec836a1c2b583f0790c685b92bdcfda24/diff:/var/lib/docker/overlay2/9badd16ea2c5e2bf1fde8b579683e41137dfc46ed5449234149f199a6751cc84/diff:/var/lib/docker/overlay2/6efb85646ed12e2d1181ef4cc6f6f6732c00c15a4035fe17ebc4f075ca573c30/diff:/var/lib/docker/overlay2/895d7c0ec09144d6ed33936f4e98e11c18010f7abd708cae1ce43aec7a7f2621/diff:/var/lib/docker/overlay2/1c4ba77aa573ab6e5e5069fd15eae71b3da940bde0f97a922a227ffc8a1d1096/diff","MergedDir":"/var/lib/docker/overlay2/2c15a904a49807090175d7750f18e0f6a57e99c38a424839679cbaf676a4d500/merged","UpperDir":"/var/lib/docker/overlay2/2c15a904a49807090175d7750f18e0f6a57e99c38a424839679cbaf676a4d500/diff","WorkDir":"/var/lib/docker/overlay2/2c15a904a49807090175d7750f18e0f6a57e99c38a424839679cbaf676a4d500/work"},"Name":"overlay2"},"Mounts":[{"Type":"volume","Name":"44a9389ce95a2961210e86afd6afe42b23405f43157b5dc00e010d283c01df79","Source":"/var/lib/docker/volumes/44a9389ce95a2961210e86afd6afe42b23405f43157b5dc00e010d283c01df79/_data","Destination":"/var/lib/mysql","Driver":"local","Mode":"","RW":true,"Propagation":""}],"Config":{"Hostname":"c37a42694b7d","Domainname":"","User":"","AttachStdin":false,"AttachStdout":false,"AttachStderr":false,"ExposedPorts":{"3306/tcp":{},"33060/tcp":{}},"Tty":false,"OpenStdin":false,"StdinOnce":false,"Env":["MYSQL_DATABASE=adm_videos","MYSQL_PASSWORD=123456","MYSQL_ROOT_PASSWORD=123456","PATH=/usr/local/sbin:/usr/local/bin:/usr/sbin:/usr/bin:/sbin:/bin","GOSU_VERSION=1.16","MYSQL_MAJOR=8.0","MYSQL_VERSION=8.0.32-1.el8","MYSQL_SHELL_VERSION=8.0.32-1.el8"],"Cmd":["mysqld"],"Image":"mysql:latest","Volumes":{"/var/lib/mysql":{}},"WorkingDir":"","Entrypoint":["docker-entrypoint.sh"],"OnBuild":null,"Labels":{"org.testcontainers":"true","org.testcontainers.lang":"java","org.testcontainers.sessionId":"818a13d9-e138-4e41-b5a4-74fd927e6a2d","org.testcontainers.version":"1.17.6"}},"NetworkSettings":{"Bridge":"","SandboxID":"bd1f3a626f226e407a1a406212013b21c93b302c93f9fd53a405b7fc5ff825b3","HairpinMode":false,"LinkLocalIPv6Address":"","LinkLocalIPv6PrefixLen":0,"Ports":{"3306/tcp":[{"HostIp":"0.0.0.0","HostPort":"56289"}],"33060/tcp":null},"SandboxKey":"/var/run/docker/netns/bd1f3a626f22","SecondaryIPAddresses":null,"SecondaryIPv6Addresses":null,"EndpointID":"a2b725c0c5ce4503f8e45e0c2adc4455b29a53a4866d3f23b2bce893a084641f","Gateway":"172.17.0.1","GlobalIPv6Address":"","GlobalIPv6PrefixLen":0,"IPAddress":"172.17.0.3","IPPrefixLen":16,"IPv6Gateway":"","MacAddress":"02:42:ac:11:00:03","Networks":{"bridge":{"IPAMConfig":null,"Links":null,"Aliases":null,"NetworkID":"308e234c143065751b16b4500cb9f48d5c7fc2116504b3d816a5e51cd4771062","EndpointID":"a2b725c0c5ce4503f8e45e0c2adc4455b29a53a4866d3f23b2bce893a084641f","Gateway":"172.17.0.1","IPAddress":"172.17.0.3","IPPrefixLen":16,"IPv6Gateway":"","GlobalIPv6Address":"","GlobalIPv6PrefixLen":0,"MacAddress":"02:42:ac:11:00:03","DriverOpts":null}}}}[\n]"
23:55:14.373 [Test worker] DEBUG com.github.dockerjava.zerodep.shaded.org.apache.hc.client5.http.wire - http-outgoing-2 << "[\r][\n]"
23:55:14.373 [Test worker] DEBUG com.github.dockerjava.zerodep.shaded.org.apache.hc.client5.http.wire - http-outgoing-2 << "0[\r][\n]"
23:55:14.373 [Test worker] DEBUG com.github.dockerjava.zerodep.shaded.org.apache.hc.client5.http.wire - http-outgoing-2 << "[\r][\n]"
23:55:14.373 [Test worker] DEBUG com.github.dockerjava.zerodep.shaded.org.apache.hc.client5.http.impl.classic.InternalHttpClient - ep-0000006D: releasing valid endpoint
23:55:14.373 [Test worker] DEBUG com.github.dockerjava.zerodep.shaded.org.apache.hc.client5.http.impl.io.PoolingHttpClientConnectionManager - ep-0000006D: releasing endpoint
23:55:14.373 [Test worker] DEBUG com.github.dockerjava.zerodep.shaded.org.apache.hc.client5.http.impl.io.PoolingHttpClientConnectionManager - ep-0000006D: connection http-outgoing-2 can be kept alive for 3 MINUTES
23:55:14.373 [Test worker] DEBUG com.github.dockerjava.zerodep.shaded.org.apache.hc.client5.http.impl.io.PoolingHttpClientConnectionManager - ep-0000006D: connection released [route: {}->unix://localhost:2375][total available: 1; route allocated: 1 of 2147483647; total allocated: 1 of 2147483647]
23:55:14.373 [Test worker] DEBUG ]]>&#x1f433;<![CDATA[ [mysql:latest] - Trying to create JDBC connection using com.mysql.cj.jdbc.Driver to jdbc:mysql://localhost:56289/adm_videos?useSSL=false&allowPublicKeyRetrieval=true with properties: {password=123456, user=root}
23:55:14.468 [Test worker] INFO ]]>&#x1f433;<![CDATA[ [mysql:latest] - Container is started (JDBC URL: jdbc:mysql://localhost:56289/adm_videos)
23:55:14.468 [Test worker] INFO ]]>&#x1f433;<![CDATA[ [mysql:latest] - Container mysql:latest started in PT11.985169S

  .   ____          _            __ _ _
 /\\ / ___'_ __ _ _(_)_ __  __ _ \ \ \ \
( ( )\___ | '_ | '_| | '_ \/ _` | \ \ \ \
 \\/  ___)| |_)| | | | | || (_| |  ) ) ) )
  '  |____| .__|_| |_|_| |_\__, | / / / /
 =========|_|==============|___/=/_/_/_/
 :: Spring Boot ::                (v2.7.7)

2023-03-26 23:55:14.913  INFO 84336 --- [    Test worker] c.r.a.c.e2e.category.CategoryE2ETest     : Starting CategoryE2ETest using Java 17.0.2 on RaderLeao-MacBook-Air.local with PID 84336 (started by raderleao in /Users/raderleao/src/dev/Workspace/admin-do-catalogo/infrastructure)
2023-03-26 23:55:14.914  INFO 84336 --- [    Test worker] c.r.a.c.e2e.category.CategoryE2ETest     : The following 1 profile is active: "test-e2e"
2023-03-26 23:55:15.443  INFO 84336 --- [    Test worker] .s.d.r.c.RepositoryConfigurationDelegate : Bootstrapping Spring Data JPA repositories in DEFAULT mode.
2023-03-26 23:55:15.477  INFO 84336 --- [    Test worker] .s.d.r.c.RepositoryConfigurationDelegate : Finished Spring Data repository scanning in 28 ms. Found 1 JPA repository interfaces.
2023-03-26 23:55:15.867  INFO 84336 --- [    Test worker] o.f.c.internal.license.VersionPrinter    : Flyway Community Edition 8.5.13 by Redgate
2023-03-26 23:55:15.867  INFO 84336 --- [    Test worker] o.f.c.internal.license.VersionPrinter    : See what's new here: https://flywaydb.org/documentation/learnmore/releaseNotes#8.5.13
2023-03-26 23:55:15.867  INFO 84336 --- [    Test worker] o.f.c.internal.license.VersionPrinter    : 
2023-03-26 23:55:15.874  WARN 84336 --- [    Test worker] com.zaxxer.hikari.HikariConfig           : master - idleTimeout is close to or more than maxLifetime, disabling it.
2023-03-26 23:55:15.874  INFO 84336 --- [    Test worker] com.zaxxer.hikari.HikariDataSource       : master - Starting...
2023-03-26 23:55:16.095  INFO 84336 --- [    Test worker] com.zaxxer.hikari.HikariDataSource       : master - Start completed.
2023-03-26 23:55:16.116  INFO 84336 --- [    Test worker] o.f.c.i.database.base.BaseDatabaseType   : Database: jdbc:mysql://localhost:56289/adm_videos (MySQL 8.0)
2023-03-26 23:55:16.188  INFO 84336 --- [    Test worker] o.f.core.internal.command.DbValidate     : Successfully validated 1 migration (execution time 00:00.024s)
2023-03-26 23:55:16.230  INFO 84336 --- [    Test worker] o.f.c.i.s.JdbcTableSchemaHistory         : Creating Schema History table `adm_videos`.`flyway_schema_history` ...
2023-03-26 23:55:16.358  INFO 84336 --- [    Test worker] o.f.core.internal.command.DbMigrate      : Current version of schema `adm_videos`: << Empty Schema >>
2023-03-26 23:55:16.373  INFO 84336 --- [    Test worker] o.f.core.internal.command.DbMigrate      : Migrating schema `adm_videos` to version "1 - initial"
2023-03-26 23:55:16.475  INFO 84336 --- [    Test worker] o.f.core.internal.command.DbMigrate      : Successfully applied 1 migration to schema `adm_videos`, now at version v1 (execution time 00:00.133s)
2023-03-26 23:55:16.620  INFO 84336 --- [    Test worker] o.hibernate.jpa.internal.util.LogHelper  : HHH000204: Processing PersistenceUnitInfo [name: default]
2023-03-26 23:55:16.666  INFO 84336 --- [    Test worker] org.hibernate.Version                    : HHH000412: Hibernate ORM core version 5.6.14.Final
2023-03-26 23:55:16.800  INFO 84336 --- [    Test worker] o.hibernate.annotations.common.Version   : HCANN000001: Hibernate Commons Annotations {5.1.2.Final}
2023-03-26 23:55:16.880  INFO 84336 --- [    Test worker] org.hibernate.dialect.Dialect            : HHH000400: Using dialect: org.hibernate.dialect.MySQL5InnoDBDialect
2023-03-26 23:55:17.307  INFO 84336 --- [    Test worker] o.h.e.t.j.p.i.JtaPlatformInitiator       : HHH000490: Using JtaPlatform implementation: [org.hibernate.engine.transaction.jta.platform.internal.NoJtaPlatform]
2023-03-26 23:55:17.313  INFO 84336 --- [    Test worker] j.LocalContainerEntityManagerFactoryBean : Initialized JPA EntityManagerFactory for persistence unit 'default'
2023-03-26 23:55:19.036  INFO 84336 --- [    Test worker] o.s.b.t.m.w.SpringBootMockServletContext : Initializing Spring TestDispatcherServlet ''
2023-03-26 23:55:19.037  INFO 84336 --- [    Test worker] o.s.t.web.servlet.TestDispatcherServlet  : Initializing Servlet ''
2023-03-26 23:55:19.037  INFO 84336 --- [    Test worker] o.s.t.web.servlet.TestDispatcherServlet  : Completed initialization in 0 ms
2023-03-26 23:55:19.060  INFO 84336 --- [    Test worker] c.r.a.c.e2e.category.CategoryE2ETest     : Started CategoryE2ETest in 4.56 seconds (JVM running for 19.698)
Hibernate: select categoryjp0_.id as id1_0_, categoryjp0_.active as active2_0_, categoryjp0_.created_at as created_3_0_, categoryjp0_.deleted_at as deleted_4_0_, categoryjp0_.description as descript5_0_, categoryjp0_.name as name6_0_, categoryjp0_.updated_at as updated_7_0_ from category categoryjp0_
Hibernate: select count(*) as col_0_0_ from category categoryjp0_
Hibernate: select categoryjp0_.id as id1_0_0_, categoryjp0_.active as active2_0_0_, categoryjp0_.created_at as created_3_0_0_, categoryjp0_.deleted_at as deleted_4_0_0_, categoryjp0_.description as descript5_0_0_, categoryjp0_.name as name6_0_0_, categoryjp0_.updated_at as updated_7_0_0_ from category categoryjp0_ where categoryjp0_.id=?
Hibernate: insert into category (active, created_at, deleted_at, description, name, updated_at, id) values (?, ?, ?, ?, ?, ?, ?)
Hibernate: select categoryjp0_.id as id1_0_0_, categoryjp0_.active as active2_0_0_, categoryjp0_.created_at as created_3_0_0_, categoryjp0_.deleted_at as deleted_4_0_0_, categoryjp0_.description as descript5_0_0_, categoryjp0_.name as name6_0_0_, categoryjp0_.updated_at as updated_7_0_0_ from category categoryjp0_ where categoryjp0_.id=?
Hibernate: select count(*) as col_0_0_ from category categoryjp0_ where categoryjp0_.id=?
Hibernate: select categoryjp0_.id as id1_0_0_, categoryjp0_.active as active2_0_0_, categoryjp0_.created_at as created_3_0_0_, categoryjp0_.deleted_at as deleted_4_0_0_, categoryjp0_.description as descript5_0_0_, categoryjp0_.name as name6_0_0_, categoryjp0_.updated_at as updated_7_0_0_ from category categoryjp0_ where categoryjp0_.id=?
Hibernate: delete from category where id=?
Hibernate: select count(*) as col_0_0_ from category categoryjp0_ where categoryjp0_.id=?
]]></system-out>
  <system-err><![CDATA[]]></system-err>
</testsuite>
