<?xml version="1.0" encoding="UTF-8"?>
<testsuite name="com.raderleao.admin.catalogo.infrastructure.category.models.UpdateCategoryRequestTest" tests="1" skipped="0" failures="0" errors="0" timestamp="2023-03-21T05:13:26" hostname="RaderLeao-MacBook-Air.local" time="0.306">
  <properties/>
  <testcase name="testUnmarshall()" classname="com.raderleao.admin.catalogo.infrastructure.category.models.UpdateCategoryRequestTest" time="0.306"/>
  <system-out><![CDATA[02:13:25.973 [Test worker] DEBUG org.springframework.test.context.BootstrapUtils - Instantiating CacheAwareContextLoaderDelegate from class [org.springframework.test.context.cache.DefaultCacheAwareContextLoaderDelegate]
02:13:25.980 [Test worker] DEBUG org.springframework.test.context.BootstrapUtils - Instantiating BootstrapContext using constructor [public org.springframework.test.context.support.DefaultBootstrapContext(java.lang.Class,org.springframework.test.context.CacheAwareContextLoaderDelegate)]
02:13:26.006 [Test worker] DEBUG org.springframework.test.context.BootstrapUtils - Instantiating TestContextBootstrapper for test class [com.raderleao.admin.catalogo.infrastructure.category.models.UpdateCategoryRequestTest] from class [org.springframework.boot.test.autoconfigure.json.JsonTestContextBootstrapper]
02:13:26.013 [Test worker] INFO org.springframework.boot.test.autoconfigure.json.JsonTestContextBootstrapper - Neither @ContextConfiguration nor @ContextHierarchy found for test class [com.raderleao.admin.catalogo.infrastructure.category.models.UpdateCategoryRequestTest], using SpringBootContextLoader
02:13:26.016 [Test worker] DEBUG org.springframework.test.context.support.AbstractContextLoader - Did not detect default resource location for test class [com.raderleao.admin.catalogo.infrastructure.category.models.UpdateCategoryRequestTest]: class path resource [com/raderleao/admin/catalogo/infrastructure/category/models/UpdateCategoryRequestTest-context.xml] does not exist
02:13:26.016 [Test worker] DEBUG org.springframework.test.context.support.AbstractContextLoader - Did not detect default resource location for test class [com.raderleao.admin.catalogo.infrastructure.category.models.UpdateCategoryRequestTest]: class path resource [com/raderleao/admin/catalogo/infrastructure/category/models/UpdateCategoryRequestTestContext.groovy] does not exist
02:13:26.017 [Test worker] INFO org.springframework.test.context.support.AbstractContextLoader - Could not detect default resource locations for test class [com.raderleao.admin.catalogo.infrastructure.category.models.UpdateCategoryRequestTest]: no resource found for suffixes {-context.xml, Context.groovy}.
02:13:26.017 [Test worker] INFO org.springframework.test.context.support.AnnotationConfigContextLoaderUtils - Could not detect default configuration classes for test class [com.raderleao.admin.catalogo.infrastructure.category.models.UpdateCategoryRequestTest]: UpdateCategoryRequestTest does not declare any static, non-private, non-final, nested classes annotated with @Configuration.
02:13:26.112 [Test worker] DEBUG org.springframework.context.annotation.ClassPathScanningCandidateComponentProvider - Identified candidate component class: file [/Users/raderleao/src/dev/Workspace/admin-do-catalogo/infrastructure/build/classes/java/main/com/raderleao/admin/catalogo/infrastructure/Main.class]
02:13:26.112 [Test worker] INFO org.springframework.boot.test.context.SpringBootTestContextBootstrapper - Found @SpringBootConfiguration com.raderleao.admin.catalogo.infrastructure.Main for test class com.raderleao.admin.catalogo.infrastructure.category.models.UpdateCategoryRequestTest
02:13:26.114 [Test worker] DEBUG org.springframework.boot.test.autoconfigure.json.JsonTestContextBootstrapper - @TestExecutionListeners is not present for class [com.raderleao.admin.catalogo.infrastructure.category.models.UpdateCategoryRequestTest]: using defaults.
02:13:26.114 [Test worker] INFO org.springframework.boot.test.autoconfigure.json.JsonTestContextBootstrapper - Loaded default TestExecutionListener class names from location [META-INF/spring.factories]: [org.springframework.boot.test.autoconfigure.restdocs.RestDocsTestExecutionListener, org.springframework.boot.test.autoconfigure.web.client.MockRestServiceServerResetTestExecutionListener, org.springframework.boot.test.autoconfigure.web.servlet.MockMvcPrintOnlyOnFailureTestExecutionListener, org.springframework.boot.test.autoconfigure.web.servlet.WebDriverTestExecutionListener, org.springframework.boot.test.autoconfigure.webservices.client.MockWebServiceServerTestExecutionListener, org.springframework.boot.test.mock.mockito.MockitoTestExecutionListener, org.springframework.boot.test.mock.mockito.ResetMocksTestExecutionListener, org.springframework.test.context.web.ServletTestExecutionListener, org.springframework.test.context.support.DirtiesContextBeforeModesTestExecutionListener, org.springframework.test.context.event.ApplicationEventsTestExecutionListener, org.springframework.test.context.support.DependencyInjectionTestExecutionListener, org.springframework.test.context.support.DirtiesContextTestExecutionListener, org.springframework.test.context.transaction.TransactionalTestExecutionListener, org.springframework.test.context.jdbc.SqlScriptsTestExecutionListener, org.springframework.test.context.event.EventPublishingTestExecutionListener]
02:13:26.125 [Test worker] INFO org.springframework.boot.test.autoconfigure.json.JsonTestContextBootstrapper - Using TestExecutionListeners: [org.springframework.test.context.web.ServletTestExecutionListener@686449f9, org.springframework.test.context.support.DirtiesContextBeforeModesTestExecutionListener@665df3c6, org.springframework.test.context.event.ApplicationEventsTestExecutionListener@68b6f0d6, org.springframework.boot.test.mock.mockito.MockitoTestExecutionListener@4044fb95, org.springframework.boot.test.autoconfigure.SpringBootDependencyInjectionTestExecutionListener@aa549e5, org.springframework.test.context.support.DirtiesContextTestExecutionListener@36f48b4, org.springframework.test.context.transaction.TransactionalTestExecutionListener@5c00384f, org.springframework.test.context.jdbc.SqlScriptsTestExecutionListener@3b7ff809, org.springframework.test.context.event.EventPublishingTestExecutionListener@1bb564e2, org.springframework.boot.test.autoconfigure.restdocs.RestDocsTestExecutionListener@62e6b5c8, org.springframework.boot.test.autoconfigure.web.client.MockRestServiceServerResetTestExecutionListener@3f792b9b, org.springframework.boot.test.autoconfigure.web.servlet.MockMvcPrintOnlyOnFailureTestExecutionListener@7b8233cd, org.springframework.boot.test.autoconfigure.web.servlet.WebDriverTestExecutionListener@4b20ca2b, org.springframework.boot.test.autoconfigure.webservices.client.MockWebServiceServerTestExecutionListener@1cbf6e72, org.springframework.boot.test.mock.mockito.ResetMocksTestExecutionListener@6aecbb8d]
02:13:26.127 [Test worker] DEBUG org.springframework.test.context.support.AbstractDirtiesContextTestExecutionListener - Before test class: context [DefaultTestContext@16746061 testClass = UpdateCategoryRequestTest, testInstance = [null], testMethod = [null], testException = [null], mergedContextConfiguration = [MergedContextConfiguration@57fd91c9 testClass = UpdateCategoryRequestTest, locations = '{}', classes = '{class com.raderleao.admin.catalogo.infrastructure.Main}', contextInitializerClasses = '[]', activeProfiles = '{test}', propertySourceLocations = '{}', propertySourceProperties = '{org.springframework.boot.test.autoconfigure.json.JsonTestContextBootstrapper=true}', contextCustomizers = set[org.springframework.boot.test.autoconfigure.OverrideAutoConfigurationContextCustomizerFactory$DisableAutoConfigurationContextCustomizer@27d4a09, org.springframework.boot.test.autoconfigure.actuate.metrics.MetricsExportContextCustomizerFactory$DisableMetricExportContextCustomizer@72437d8d, org.springframework.boot.test.autoconfigure.filter.TypeExcludeFiltersContextCustomizer@e126b6e8, org.springframework.boot.test.autoconfigure.properties.PropertyMappingContextCustomizer@68d196f6, org.springframework.boot.test.autoconfigure.web.servlet.WebDriverContextCustomizerFactory$Customizer@6436a7db, [ImportsContextCustomizer@6cfcd46d key = [org.springframework.boot.autoconfigure.cache.CacheAutoConfiguration, org.springframework.boot.autoconfigure.gson.GsonAutoConfiguration, org.springframework.boot.autoconfigure.jackson.JacksonAutoConfiguration, org.springframework.boot.autoconfigure.jsonb.JsonbAutoConfiguration, org.springframework.boot.test.autoconfigure.json.JsonTestersAutoConfiguration]], org.springframework.boot.test.context.filter.ExcludeFilterContextCustomizer@63798ca7, org.springframework.boot.test.json.DuplicateJsonObjectContextCustomizerFactory$DuplicateJsonObjectContextCustomizer@5674e1f2, org.springframework.boot.test.mock.mockito.MockitoContextCustomizer@0, org.springframework.boot.test.context.SpringBootTestArgs@1, org.springframework.boot.test.context.SpringBootTestWebEnvironment@0], contextLoader = 'org.springframework.boot.test.context.SpringBootContextLoader', parent = [null]], attributes = map[[empty]]], class annotated with @DirtiesContext [false] with mode [null].
02:13:26.135 [Test worker] DEBUG org.springframework.test.context.support.DependencyInjectionTestExecutionListener - Performing dependency injection for test context [[DefaultTestContext@16746061 testClass = UpdateCategoryRequestTest, testInstance = com.raderleao.admin.catalogo.infrastructure.category.models.UpdateCategoryRequestTest@14b030a0, testMethod = [null], testException = [null], mergedContextConfiguration = [MergedContextConfiguration@57fd91c9 testClass = UpdateCategoryRequestTest, locations = '{}', classes = '{class com.raderleao.admin.catalogo.infrastructure.Main}', contextInitializerClasses = '[]', activeProfiles = '{test}', propertySourceLocations = '{}', propertySourceProperties = '{org.springframework.boot.test.autoconfigure.json.JsonTestContextBootstrapper=true}', contextCustomizers = set[org.springframework.boot.test.autoconfigure.OverrideAutoConfigurationContextCustomizerFactory$DisableAutoConfigurationContextCustomizer@27d4a09, org.springframework.boot.test.autoconfigure.actuate.metrics.MetricsExportContextCustomizerFactory$DisableMetricExportContextCustomizer@72437d8d, org.springframework.boot.test.autoconfigure.filter.TypeExcludeFiltersContextCustomizer@e126b6e8, org.springframework.boot.test.autoconfigure.properties.PropertyMappingContextCustomizer@68d196f6, org.springframework.boot.test.autoconfigure.web.servlet.WebDriverContextCustomizerFactory$Customizer@6436a7db, [ImportsContextCustomizer@6cfcd46d key = [org.springframework.boot.autoconfigure.cache.CacheAutoConfiguration, org.springframework.boot.autoconfigure.gson.GsonAutoConfiguration, org.springframework.boot.autoconfigure.jackson.JacksonAutoConfiguration, org.springframework.boot.autoconfigure.jsonb.JsonbAutoConfiguration, org.springframework.boot.test.autoconfigure.json.JsonTestersAutoConfiguration]], org.springframework.boot.test.context.filter.ExcludeFilterContextCustomizer@63798ca7, org.springframework.boot.test.json.DuplicateJsonObjectContextCustomizerFactory$DuplicateJsonObjectContextCustomizer@5674e1f2, org.springframework.boot.test.mock.mockito.MockitoContextCustomizer@0, org.springframework.boot.test.context.SpringBootTestArgs@1, org.springframework.boot.test.context.SpringBootTestWebEnvironment@0], contextLoader = 'org.springframework.boot.test.context.SpringBootContextLoader', parent = [null]], attributes = map['org.springframework.test.context.event.ApplicationEventsTestExecutionListener.recordApplicationEvents' -> false]]].

  .   ____          _            __ _ _
 /\\ / ___'_ __ _ _(_)_ __  __ _ \ \ \ \
( ( )\___ | '_ | '_| | '_ \/ _` | \ \ \ \
 \\/  ___)| |_)| | | | | || (_| |  ) ) ) )
  '  |____| .__|_| |_|_| |_\__, | / / / /
 =========|_|==============|___/=/_/_/_/
 :: Spring Boot ::                (v2.7.7)

2023-03-21 02:13:26.592  INFO 60801 --- [    Test worker] c.r.a.c.i.c.m.UpdateCategoryRequestTest  : Starting UpdateCategoryRequestTest using Java 17.0.2 on RaderLeao-MacBook-Air.local with PID 60801 (started by raderleao in /Users/raderleao/src/dev/Workspace/admin-do-catalogo/infrastructure)
2023-03-21 02:13:26.593  INFO 60801 --- [    Test worker] c.r.a.c.i.c.m.UpdateCategoryRequestTest  : The following 1 profile is active: "test"
2023-03-21 02:13:26.942  INFO 60801 --- [    Test worker] c.r.a.c.i.c.m.UpdateCategoryRequestTest  : Started UpdateCategoryRequestTest in 0.784 seconds (JVM running for 1.462)
]]></system-out>
  <system-err><![CDATA[]]></system-err>
</testsuite>
