<?xml version="1.0" encoding="UTF-8"?>
<testsuite name="com.raderleao.admin.catalogo.e2e.category.CategoryE2ETest" tests="10" skipped="0" failures="10" errors="0" timestamp="2023-04-03T01:07:14" hostname="RaderLeao-MacBook-Air.local" time="2.238">
  <properties/>
  <testcase name="asACatalogAdminIShouldBeAbleToInactivateACategoryByItsIdentifier()" classname="com.raderleao.admin.catalogo.e2e.category.CategoryE2ETest" time="0.001">
    <failure message="java.lang.IllegalStateException: Failed to load ApplicationContext" type="java.lang.IllegalStateException">java.lang.IllegalStateException: Failed to load ApplicationContext
	at org.springframework.test.context.cache.DefaultCacheAwareContextLoaderDelegate.loadContext(DefaultCacheAwareContextLoaderDelegate.java:98)
	at org.springframework.test.context.support.DefaultTestContext.getApplicationContext(DefaultTestContext.java:124)
	at org.springframework.test.context.web.ServletTestExecutionListener.setUpRequestContextIfNecessary(ServletTestExecutionListener.java:190)
	at org.springframework.test.context.web.ServletTestExecutionListener.prepareTestInstance(ServletTestExecutionListener.java:132)
	at org.springframework.test.context.TestContextManager.prepareTestInstance(TestContextManager.java:248)
	at org.springframework.test.context.junit.jupiter.SpringExtension.postProcessTestInstance(SpringExtension.java:138)
	at org.junit.jupiter.engine.descriptor.ClassBasedTestDescriptor.lambda$invokeTestInstancePostProcessors$8(ClassBasedTestDescriptor.java:363)
	at org.junit.jupiter.engine.descriptor.ClassBasedTestDescriptor.executeAndMaskThrowable(ClassBasedTestDescriptor.java:368)
	at org.junit.jupiter.engine.descriptor.ClassBasedTestDescriptor.lambda$invokeTestInstancePostProcessors$9(ClassBasedTestDescriptor.java:363)
	at java.base/java.util.stream.ReferencePipeline$3$1.accept(ReferencePipeline.java:197)
	at java.base/java.util.stream.ReferencePipeline$2$1.accept(ReferencePipeline.java:179)
	at java.base/java.util.ArrayList$ArrayListSpliterator.forEachRemaining(ArrayList.java:1625)
	at java.base/java.util.stream.AbstractPipeline.copyInto(AbstractPipeline.java:509)
	at java.base/java.util.stream.AbstractPipeline.wrapAndCopyInto(AbstractPipeline.java:499)
	at java.base/java.util.stream.StreamSpliterators$WrappingSpliterator.forEachRemaining(StreamSpliterators.java:310)
	at java.base/java.util.stream.Streams$ConcatSpliterator.forEachRemaining(Streams.java:735)
	at java.base/java.util.stream.Streams$ConcatSpliterator.forEachRemaining(Streams.java:734)
	at java.base/java.util.stream.ReferencePipeline$Head.forEach(ReferencePipeline.java:762)
	at org.junit.jupiter.engine.descriptor.ClassBasedTestDescriptor.invokeTestInstancePostProcessors(ClassBasedTestDescriptor.java:362)
	at org.junit.jupiter.engine.descriptor.ClassBasedTestDescriptor.lambda$instantiateAndPostProcessTestInstance$6(ClassBasedTestDescriptor.java:283)
	at org.junit.platform.engine.support.hierarchical.ThrowableCollector.execute(ThrowableCollector.java:73)
	at org.junit.jupiter.engine.descriptor.ClassBasedTestDescriptor.instantiateAndPostProcessTestInstance(ClassBasedTestDescriptor.java:282)
	at org.junit.jupiter.engine.descriptor.ClassBasedTestDescriptor.lambda$testInstancesProvider$4(ClassBasedTestDescriptor.java:272)
	at java.base/java.util.Optional.orElseGet(Optional.java:364)
	at org.junit.jupiter.engine.descriptor.ClassBasedTestDescriptor.lambda$testInstancesProvider$5(ClassBasedTestDescriptor.java:271)
	at org.junit.jupiter.engine.execution.TestInstancesProvider.getTestInstances(TestInstancesProvider.java:31)
	at org.junit.jupiter.engine.descriptor.TestMethodTestDescriptor.lambda$prepare$0(TestMethodTestDescriptor.java:102)
	at org.junit.platform.engine.support.hierarchical.ThrowableCollector.execute(ThrowableCollector.java:73)
	at org.junit.jupiter.engine.descriptor.TestMethodTestDescriptor.prepare(TestMethodTestDescriptor.java:101)
	at org.junit.jupiter.engine.descriptor.TestMethodTestDescriptor.prepare(TestMethodTestDescriptor.java:66)
	at org.junit.platform.engine.support.hierarchical.NodeTestTask.lambda$prepare$2(NodeTestTask.java:123)
	at org.junit.platform.engine.support.hierarchical.ThrowableCollector.execute(ThrowableCollector.java:73)
	at org.junit.platform.engine.support.hierarchical.NodeTestTask.prepare(NodeTestTask.java:123)
	at org.junit.platform.engine.support.hierarchical.NodeTestTask.execute(NodeTestTask.java:90)
	at java.base/java.util.ArrayList.forEach(ArrayList.java:1511)
	at org.junit.platform.engine.support.hierarchical.SameThreadHierarchicalTestExecutorService.invokeAll(SameThreadHierarchicalTestExecutorService.java:41)
	at org.junit.platform.engine.support.hierarchical.NodeTestTask.lambda$executeRecursively$6(NodeTestTask.java:155)
	at org.junit.platform.engine.support.hierarchical.ThrowableCollector.execute(ThrowableCollector.java:73)
	at org.junit.platform.engine.support.hierarchical.NodeTestTask.lambda$executeRecursively$8(NodeTestTask.java:141)
	at org.junit.platform.engine.support.hierarchical.Node.around(Node.java:137)
	at org.junit.platform.engine.support.hierarchical.NodeTestTask.lambda$executeRecursively$9(NodeTestTask.java:139)
	at org.junit.platform.engine.support.hierarchical.ThrowableCollector.execute(ThrowableCollector.java:73)
	at org.junit.platform.engine.support.hierarchical.NodeTestTask.executeRecursively(NodeTestTask.java:138)
	at org.junit.platform.engine.support.hierarchical.NodeTestTask.execute(NodeTestTask.java:95)
	at java.base/java.util.ArrayList.forEach(ArrayList.java:1511)
	at org.junit.platform.engine.support.hierarchical.SameThreadHierarchicalTestExecutorService.invokeAll(SameThreadHierarchicalTestExecutorService.java:41)
	at org.junit.platform.engine.support.hierarchical.NodeTestTask.lambda$executeRecursively$6(NodeTestTask.java:155)
	at org.junit.platform.engine.support.hierarchical.ThrowableCollector.execute(ThrowableCollector.java:73)
	at org.junit.platform.engine.support.hierarchical.NodeTestTask.lambda$executeRecursively$8(NodeTestTask.java:141)
	at org.junit.platform.engine.support.hierarchical.Node.around(Node.java:137)
	at org.junit.platform.engine.support.hierarchical.NodeTestTask.lambda$executeRecursively$9(NodeTestTask.java:139)
	at org.junit.platform.engine.support.hierarchical.ThrowableCollector.execute(ThrowableCollector.java:73)
	at org.junit.platform.engine.support.hierarchical.NodeTestTask.executeRecursively(NodeTestTask.java:138)
	at org.junit.platform.engine.support.hierarchical.NodeTestTask.execute(NodeTestTask.java:95)
	at org.junit.platform.engine.support.hierarchical.SameThreadHierarchicalTestExecutorService.submit(SameThreadHierarchicalTestExecutorService.java:35)
	at org.junit.platform.engine.support.hierarchical.HierarchicalTestExecutor.execute(HierarchicalTestExecutor.java:57)
	at org.junit.platform.engine.support.hierarchical.HierarchicalTestEngine.execute(HierarchicalTestEngine.java:54)
	at org.junit.platform.launcher.core.EngineExecutionOrchestrator.execute(EngineExecutionOrchestrator.java:107)
	at org.junit.platform.launcher.core.EngineExecutionOrchestrator.execute(EngineExecutionOrchestrator.java:88)
	at org.junit.platform.launcher.core.EngineExecutionOrchestrator.lambda$execute$0(EngineExecutionOrchestrator.java:54)
	at org.junit.platform.launcher.core.EngineExecutionOrchestrator.withInterceptedStreams(EngineExecutionOrchestrator.java:67)
	at org.junit.platform.launcher.core.EngineExecutionOrchestrator.execute(EngineExecutionOrchestrator.java:52)
	at org.junit.platform.launcher.core.DefaultLauncher.execute(DefaultLauncher.java:114)
	at org.junit.platform.launcher.core.DefaultLauncher.execute(DefaultLauncher.java:86)
	at org.junit.platform.launcher.core.DefaultLauncherSession$DelegatingLauncher.execute(DefaultLauncherSession.java:86)
	at org.junit.platform.launcher.core.SessionPerRequestLauncher.execute(SessionPerRequestLauncher.java:53)
	at org.gradle.api.internal.tasks.testing.junitplatform.JUnitPlatformTestClassProcessor$CollectAllTestClassesExecutor.processAllTestClasses(JUnitPlatformTestClassProcessor.java:99)
	at org.gradle.api.internal.tasks.testing.junitplatform.JUnitPlatformTestClassProcessor$CollectAllTestClassesExecutor.access$000(JUnitPlatformTestClassProcessor.java:79)
	at org.gradle.api.internal.tasks.testing.junitplatform.JUnitPlatformTestClassProcessor.stop(JUnitPlatformTestClassProcessor.java:75)
	at org.gradle.api.internal.tasks.testing.SuiteTestClassProcessor.stop(SuiteTestClassProcessor.java:62)
	at java.base/jdk.internal.reflect.NativeMethodAccessorImpl.invoke0(Native Method)
	at java.base/jdk.internal.reflect.NativeMethodAccessorImpl.invoke(NativeMethodAccessorImpl.java:77)
	at java.base/jdk.internal.reflect.DelegatingMethodAccessorImpl.invoke(DelegatingMethodAccessorImpl.java:43)
	at java.base/java.lang.reflect.Method.invoke(Method.java:568)
	at org.gradle.internal.dispatch.ReflectionDispatch.dispatch(ReflectionDispatch.java:36)
	at org.gradle.internal.dispatch.ReflectionDispatch.dispatch(ReflectionDispatch.java:24)
	at org.gradle.internal.dispatch.ContextClassLoaderDispatch.dispatch(ContextClassLoaderDispatch.java:33)
	at org.gradle.internal.dispatch.ProxyDispatchAdapter$DispatchingInvocationHandler.invoke(ProxyDispatchAdapter.java:94)
	at jdk.proxy1/jdk.proxy1.$Proxy2.stop(Unknown Source)
	at org.gradle.api.internal.tasks.testing.worker.TestWorker$3.run(TestWorker.java:193)
	at org.gradle.api.internal.tasks.testing.worker.TestWorker.executeAndMaintainThreadName(TestWorker.java:129)
	at org.gradle.api.internal.tasks.testing.worker.TestWorker.execute(TestWorker.java:100)
	at org.gradle.api.internal.tasks.testing.worker.TestWorker.execute(TestWorker.java:60)
	at org.gradle.process.internal.worker.child.ActionExecutionWorker.execute(ActionExecutionWorker.java:56)
	at org.gradle.process.internal.worker.child.SystemApplicationClassLoaderWorker.call(SystemApplicationClassLoaderWorker.java:113)
	at org.gradle.process.internal.worker.child.SystemApplicationClassLoaderWorker.call(SystemApplicationClassLoaderWorker.java:65)
	at worker.org.gradle.process.internal.worker.GradleWorkerMain.run(GradleWorkerMain.java:69)
	at worker.org.gradle.process.internal.worker.GradleWorkerMain.main(GradleWorkerMain.java:74)
Caused by: org.springframework.beans.factory.BeanCreationException: Error creating bean with name 'entityManagerFactory' defined in class path resource [org/springframework/boot/autoconfigure/orm/jpa/HibernateJpaConfiguration.class]: Invocation of init method failed; nested exception is org.hibernate.AnnotationException: No identifier specified for entity: com.raderleao.admin.catalogo.infrastructure.genre.persistence.GenreJpaEntity
	at app//org.springframework.beans.factory.support.AbstractAutowireCapableBeanFactory.initializeBean(AbstractAutowireCapableBeanFactory.java:1804)
	at app//org.springframework.beans.factory.support.AbstractAutowireCapableBeanFactory.doCreateBean(AbstractAutowireCapableBeanFactory.java:620)
	at app//org.springframework.beans.factory.support.AbstractAutowireCapableBeanFactory.createBean(AbstractAutowireCapableBeanFactory.java:542)
	at app//org.springframework.beans.factory.support.AbstractBeanFactory.lambda$doGetBean$0(AbstractBeanFactory.java:335)
	at app//org.springframework.beans.factory.support.DefaultSingletonBeanRegistry.getSingleton(DefaultSingletonBeanRegistry.java:234)
	at app//org.springframework.beans.factory.support.AbstractBeanFactory.doGetBean(AbstractBeanFactory.java:333)
	at app//org.springframework.beans.factory.support.AbstractBeanFactory.getBean(AbstractBeanFactory.java:208)
	at app//org.springframework.context.support.AbstractApplicationContext.getBean(AbstractApplicationContext.java:1154)
	at app//org.springframework.context.support.AbstractApplicationContext.finishBeanFactoryInitialization(AbstractApplicationContext.java:908)
	at app//org.springframework.context.support.AbstractApplicationContext.refresh(AbstractApplicationContext.java:583)
	at app//org.springframework.boot.SpringApplication.refresh(SpringApplication.java:731)
	at app//org.springframework.boot.SpringApplication.refreshContext(SpringApplication.java:408)
	at app//org.springframework.boot.SpringApplication.run(SpringApplication.java:307)
	at app//org.springframework.boot.test.context.SpringBootContextLoader.loadContext(SpringBootContextLoader.java:136)
	at app//org.springframework.test.context.cache.DefaultCacheAwareContextLoaderDelegate.loadContextInternal(DefaultCacheAwareContextLoaderDelegate.java:141)
	at app//org.springframework.test.context.cache.DefaultCacheAwareContextLoaderDelegate.loadContext(DefaultCacheAwareContextLoaderDelegate.java:90)
	... 87 more
Caused by: org.hibernate.AnnotationException: No identifier specified for entity: com.raderleao.admin.catalogo.infrastructure.genre.persistence.GenreJpaEntity
	at app//org.hibernate.cfg.InheritanceState.determineDefaultAccessType(InheritanceState.java:266)
	at app//org.hibernate.cfg.InheritanceState.getElementsToProcess(InheritanceState.java:211)
	at app//org.hibernate.cfg.InheritanceState.hasIdClassOrEmbeddedId(InheritanceState.java:185)
	at app//org.hibernate.cfg.AnnotationBinder.processElementAnnotations(AnnotationBinder.java:2253)
	at app//org.hibernate.cfg.AnnotationBinder.fillComponent(AnnotationBinder.java:2816)
	at app//org.hibernate.cfg.AnnotationBinder.fillComponent(AnnotationBinder.java:2698)
	at app//org.hibernate.cfg.AnnotationBinder.bindComponent(AnnotationBinder.java:2646)
	at app//org.hibernate.cfg.AnnotationBinder.processElementAnnotations(AnnotationBinder.java:2275)
	at app//org.hibernate.cfg.AnnotationBinder.processIdPropertiesIfNotAlready(AnnotationBinder.java:968)
	at app//org.hibernate.cfg.AnnotationBinder.bindClass(AnnotationBinder.java:793)
	at app//org.hibernate.boot.model.source.internal.annotations.AnnotationMetadataSourceProcessorImpl.processEntityHierarchies(AnnotationMetadataSourceProcessorImpl.java:225)
	at app//org.hibernate.boot.model.process.spi.MetadataBuildingProcess$1.processEntityHierarchies(MetadataBuildingProcess.java:239)
	at app//org.hibernate.boot.model.process.spi.MetadataBuildingProcess.complete(MetadataBuildingProcess.java:282)
	at app//org.hibernate.jpa.boot.internal.EntityManagerFactoryBuilderImpl.metadata(EntityManagerFactoryBuilderImpl.java:1460)
	at app//org.hibernate.jpa.boot.internal.EntityManagerFactoryBuilderImpl.build(EntityManagerFactoryBuilderImpl.java:1494)
	at app//org.springframework.orm.jpa.vendor.SpringHibernateJpaPersistenceProvider.createContainerEntityManagerFactory(SpringHibernateJpaPersistenceProvider.java:58)
	at app//org.springframework.orm.jpa.LocalContainerEntityManagerFactoryBean.createNativeEntityManagerFactory(LocalContainerEntityManagerFactoryBean.java:365)
	at app//org.springframework.orm.jpa.AbstractEntityManagerFactoryBean.buildNativeEntityManagerFactory(AbstractEntityManagerFactoryBean.java:409)
	at app//org.springframework.orm.jpa.AbstractEntityManagerFactoryBean.afterPropertiesSet(AbstractEntityManagerFactoryBean.java:396)
	at app//org.springframework.orm.jpa.LocalContainerEntityManagerFactoryBean.afterPropertiesSet(LocalContainerEntityManagerFactoryBean.java:341)
	at app//org.springframework.beans.factory.support.AbstractAutowireCapableBeanFactory.invokeInitMethods(AbstractAutowireCapableBeanFactory.java:1863)
	at app//org.springframework.beans.factory.support.AbstractAutowireCapableBeanFactory.initializeBean(AbstractAutowireCapableBeanFactory.java:1800)
	... 102 more
</failure>
  </testcase>
  <testcase name="asACatalogAdminIShouldBeAbleToGetACategoryByItsIdentifier()" classname="com.raderleao.admin.catalogo.e2e.category.CategoryE2ETest" time="0.0">
    <failure message="java.lang.IllegalStateException: Failed to load ApplicationContext" type="java.lang.IllegalStateException">java.lang.IllegalStateException: Failed to load ApplicationContext
	at org.springframework.test.context.cache.DefaultCacheAwareContextLoaderDelegate.loadContext(DefaultCacheAwareContextLoaderDelegate.java:98)
	at org.springframework.test.context.support.DefaultTestContext.getApplicationContext(DefaultTestContext.java:124)
	at org.springframework.test.context.web.ServletTestExecutionListener.setUpRequestContextIfNecessary(ServletTestExecutionListener.java:190)
	at org.springframework.test.context.web.ServletTestExecutionListener.prepareTestInstance(ServletTestExecutionListener.java:132)
	at org.springframework.test.context.TestContextManager.prepareTestInstance(TestContextManager.java:248)
	at org.springframework.test.context.junit.jupiter.SpringExtension.postProcessTestInstance(SpringExtension.java:138)
	at org.junit.jupiter.engine.descriptor.ClassBasedTestDescriptor.lambda$invokeTestInstancePostProcessors$8(ClassBasedTestDescriptor.java:363)
	at org.junit.jupiter.engine.descriptor.ClassBasedTestDescriptor.executeAndMaskThrowable(ClassBasedTestDescriptor.java:368)
	at org.junit.jupiter.engine.descriptor.ClassBasedTestDescriptor.lambda$invokeTestInstancePostProcessors$9(ClassBasedTestDescriptor.java:363)
	at java.base/java.util.stream.ReferencePipeline$3$1.accept(ReferencePipeline.java:197)
	at java.base/java.util.stream.ReferencePipeline$2$1.accept(ReferencePipeline.java:179)
	at java.base/java.util.ArrayList$ArrayListSpliterator.forEachRemaining(ArrayList.java:1625)
	at java.base/java.util.stream.AbstractPipeline.copyInto(AbstractPipeline.java:509)
	at java.base/java.util.stream.AbstractPipeline.wrapAndCopyInto(AbstractPipeline.java:499)
	at java.base/java.util.stream.StreamSpliterators$WrappingSpliterator.forEachRemaining(StreamSpliterators.java:310)
	at java.base/java.util.stream.Streams$ConcatSpliterator.forEachRemaining(Streams.java:735)
	at java.base/java.util.stream.Streams$ConcatSpliterator.forEachRemaining(Streams.java:734)
	at java.base/java.util.stream.ReferencePipeline$Head.forEach(ReferencePipeline.java:762)
	at org.junit.jupiter.engine.descriptor.ClassBasedTestDescriptor.invokeTestInstancePostProcessors(ClassBasedTestDescriptor.java:362)
	at org.junit.jupiter.engine.descriptor.ClassBasedTestDescriptor.lambda$instantiateAndPostProcessTestInstance$6(ClassBasedTestDescriptor.java:283)
	at org.junit.platform.engine.support.hierarchical.ThrowableCollector.execute(ThrowableCollector.java:73)
	at org.junit.jupiter.engine.descriptor.ClassBasedTestDescriptor.instantiateAndPostProcessTestInstance(ClassBasedTestDescriptor.java:282)
	at org.junit.jupiter.engine.descriptor.ClassBasedTestDescriptor.lambda$testInstancesProvider$4(ClassBasedTestDescriptor.java:272)
	at java.base/java.util.Optional.orElseGet(Optional.java:364)
	at org.junit.jupiter.engine.descriptor.ClassBasedTestDescriptor.lambda$testInstancesProvider$5(ClassBasedTestDescriptor.java:271)
	at org.junit.jupiter.engine.execution.TestInstancesProvider.getTestInstances(TestInstancesProvider.java:31)
	at org.junit.jupiter.engine.descriptor.TestMethodTestDescriptor.lambda$prepare$0(TestMethodTestDescriptor.java:102)
	at org.junit.platform.engine.support.hierarchical.ThrowableCollector.execute(ThrowableCollector.java:73)
	at org.junit.jupiter.engine.descriptor.TestMethodTestDescriptor.prepare(TestMethodTestDescriptor.java:101)
	at org.junit.jupiter.engine.descriptor.TestMethodTestDescriptor.prepare(TestMethodTestDescriptor.java:66)
	at org.junit.platform.engine.support.hierarchical.NodeTestTask.lambda$prepare$2(NodeTestTask.java:123)
	at org.junit.platform.engine.support.hierarchical.ThrowableCollector.execute(ThrowableCollector.java:73)
	at org.junit.platform.engine.support.hierarchical.NodeTestTask.prepare(NodeTestTask.java:123)
	at org.junit.platform.engine.support.hierarchical.NodeTestTask.execute(NodeTestTask.java:90)
	at java.base/java.util.ArrayList.forEach(ArrayList.java:1511)
	at org.junit.platform.engine.support.hierarchical.SameThreadHierarchicalTestExecutorService.invokeAll(SameThreadHierarchicalTestExecutorService.java:41)
	at org.junit.platform.engine.support.hierarchical.NodeTestTask.lambda$executeRecursively$6(NodeTestTask.java:155)
	at org.junit.platform.engine.support.hierarchical.ThrowableCollector.execute(ThrowableCollector.java:73)
	at org.junit.platform.engine.support.hierarchical.NodeTestTask.lambda$executeRecursively$8(NodeTestTask.java:141)
	at org.junit.platform.engine.support.hierarchical.Node.around(Node.java:137)
	at org.junit.platform.engine.support.hierarchical.NodeTestTask.lambda$executeRecursively$9(NodeTestTask.java:139)
	at org.junit.platform.engine.support.hierarchical.ThrowableCollector.execute(ThrowableCollector.java:73)
	at org.junit.platform.engine.support.hierarchical.NodeTestTask.executeRecursively(NodeTestTask.java:138)
	at org.junit.platform.engine.support.hierarchical.NodeTestTask.execute(NodeTestTask.java:95)
	at java.base/java.util.ArrayList.forEach(ArrayList.java:1511)
	at org.junit.platform.engine.support.hierarchical.SameThreadHierarchicalTestExecutorService.invokeAll(SameThreadHierarchicalTestExecutorService.java:41)
	at org.junit.platform.engine.support.hierarchical.NodeTestTask.lambda$executeRecursively$6(NodeTestTask.java:155)
	at org.junit.platform.engine.support.hierarchical.ThrowableCollector.execute(ThrowableCollector.java:73)
	at org.junit.platform.engine.support.hierarchical.NodeTestTask.lambda$executeRecursively$8(NodeTestTask.java:141)
	at org.junit.platform.engine.support.hierarchical.Node.around(Node.java:137)
	at org.junit.platform.engine.support.hierarchical.NodeTestTask.lambda$executeRecursively$9(NodeTestTask.java:139)
	at org.junit.platform.engine.support.hierarchical.ThrowableCollector.execute(ThrowableCollector.java:73)
	at org.junit.platform.engine.support.hierarchical.NodeTestTask.executeRecursively(NodeTestTask.java:138)
	at org.junit.platform.engine.support.hierarchical.NodeTestTask.execute(NodeTestTask.java:95)
	at org.junit.platform.engine.support.hierarchical.SameThreadHierarchicalTestExecutorService.submit(SameThreadHierarchicalTestExecutorService.java:35)
	at org.junit.platform.engine.support.hierarchical.HierarchicalTestExecutor.execute(HierarchicalTestExecutor.java:57)
	at org.junit.platform.engine.support.hierarchical.HierarchicalTestEngine.execute(HierarchicalTestEngine.java:54)
	at org.junit.platform.launcher.core.EngineExecutionOrchestrator.execute(EngineExecutionOrchestrator.java:107)
	at org.junit.platform.launcher.core.EngineExecutionOrchestrator.execute(EngineExecutionOrchestrator.java:88)
	at org.junit.platform.launcher.core.EngineExecutionOrchestrator.lambda$execute$0(EngineExecutionOrchestrator.java:54)
	at org.junit.platform.launcher.core.EngineExecutionOrchestrator.withInterceptedStreams(EngineExecutionOrchestrator.java:67)
	at org.junit.platform.launcher.core.EngineExecutionOrchestrator.execute(EngineExecutionOrchestrator.java:52)
	at org.junit.platform.launcher.core.DefaultLauncher.execute(DefaultLauncher.java:114)
	at org.junit.platform.launcher.core.DefaultLauncher.execute(DefaultLauncher.java:86)
	at org.junit.platform.launcher.core.DefaultLauncherSession$DelegatingLauncher.execute(DefaultLauncherSession.java:86)
	at org.junit.platform.launcher.core.SessionPerRequestLauncher.execute(SessionPerRequestLauncher.java:53)
	at org.gradle.api.internal.tasks.testing.junitplatform.JUnitPlatformTestClassProcessor$CollectAllTestClassesExecutor.processAllTestClasses(JUnitPlatformTestClassProcessor.java:99)
	at org.gradle.api.internal.tasks.testing.junitplatform.JUnitPlatformTestClassProcessor$CollectAllTestClassesExecutor.access$000(JUnitPlatformTestClassProcessor.java:79)
	at org.gradle.api.internal.tasks.testing.junitplatform.JUnitPlatformTestClassProcessor.stop(JUnitPlatformTestClassProcessor.java:75)
	at org.gradle.api.internal.tasks.testing.SuiteTestClassProcessor.stop(SuiteTestClassProcessor.java:62)
	at java.base/jdk.internal.reflect.NativeMethodAccessorImpl.invoke0(Native Method)
	at java.base/jdk.internal.reflect.NativeMethodAccessorImpl.invoke(NativeMethodAccessorImpl.java:77)
	at java.base/jdk.internal.reflect.DelegatingMethodAccessorImpl.invoke(DelegatingMethodAccessorImpl.java:43)
	at java.base/java.lang.reflect.Method.invoke(Method.java:568)
	at org.gradle.internal.dispatch.ReflectionDispatch.dispatch(ReflectionDispatch.java:36)
	at org.gradle.internal.dispatch.ReflectionDispatch.dispatch(ReflectionDispatch.java:24)
	at org.gradle.internal.dispatch.ContextClassLoaderDispatch.dispatch(ContextClassLoaderDispatch.java:33)
	at org.gradle.internal.dispatch.ProxyDispatchAdapter$DispatchingInvocationHandler.invoke(ProxyDispatchAdapter.java:94)
	at jdk.proxy1/jdk.proxy1.$Proxy2.stop(Unknown Source)
	at org.gradle.api.internal.tasks.testing.worker.TestWorker$3.run(TestWorker.java:193)
	at org.gradle.api.internal.tasks.testing.worker.TestWorker.executeAndMaintainThreadName(TestWorker.java:129)
	at org.gradle.api.internal.tasks.testing.worker.TestWorker.execute(TestWorker.java:100)
	at org.gradle.api.internal.tasks.testing.worker.TestWorker.execute(TestWorker.java:60)
	at org.gradle.process.internal.worker.child.ActionExecutionWorker.execute(ActionExecutionWorker.java:56)
	at org.gradle.process.internal.worker.child.SystemApplicationClassLoaderWorker.call(SystemApplicationClassLoaderWorker.java:113)
	at org.gradle.process.internal.worker.child.SystemApplicationClassLoaderWorker.call(SystemApplicationClassLoaderWorker.java:65)
	at worker.org.gradle.process.internal.worker.GradleWorkerMain.run(GradleWorkerMain.java:69)
	at worker.org.gradle.process.internal.worker.GradleWorkerMain.main(GradleWorkerMain.java:74)
Caused by: org.springframework.beans.factory.BeanCreationException: Error creating bean with name 'entityManagerFactory' defined in class path resource [org/springframework/boot/autoconfigure/orm/jpa/HibernateJpaConfiguration.class]: Invocation of init method failed; nested exception is org.hibernate.AnnotationException: No identifier specified for entity: com.raderleao.admin.catalogo.infrastructure.genre.persistence.GenreJpaEntity
	at app//org.springframework.beans.factory.support.AbstractAutowireCapableBeanFactory.initializeBean(AbstractAutowireCapableBeanFactory.java:1804)
	at app//org.springframework.beans.factory.support.AbstractAutowireCapableBeanFactory.doCreateBean(AbstractAutowireCapableBeanFactory.java:620)
	at app//org.springframework.beans.factory.support.AbstractAutowireCapableBeanFactory.createBean(AbstractAutowireCapableBeanFactory.java:542)
	at app//org.springframework.beans.factory.support.AbstractBeanFactory.lambda$doGetBean$0(AbstractBeanFactory.java:335)
	at app//org.springframework.beans.factory.support.DefaultSingletonBeanRegistry.getSingleton(DefaultSingletonBeanRegistry.java:234)
	at app//org.springframework.beans.factory.support.AbstractBeanFactory.doGetBean(AbstractBeanFactory.java:333)
	at app//org.springframework.beans.factory.support.AbstractBeanFactory.getBean(AbstractBeanFactory.java:208)
	at app//org.springframework.context.support.AbstractApplicationContext.getBean(AbstractApplicationContext.java:1154)
	at app//org.springframework.context.support.AbstractApplicationContext.finishBeanFactoryInitialization(AbstractApplicationContext.java:908)
	at app//org.springframework.context.support.AbstractApplicationContext.refresh(AbstractApplicationContext.java:583)
	at app//org.springframework.boot.SpringApplication.refresh(SpringApplication.java:731)
	at app//org.springframework.boot.SpringApplication.refreshContext(SpringApplication.java:408)
	at app//org.springframework.boot.SpringApplication.run(SpringApplication.java:307)
	at app//org.springframework.boot.test.context.SpringBootContextLoader.loadContext(SpringBootContextLoader.java:136)
	at app//org.springframework.test.context.cache.DefaultCacheAwareContextLoaderDelegate.loadContextInternal(DefaultCacheAwareContextLoaderDelegate.java:141)
	at app//org.springframework.test.context.cache.DefaultCacheAwareContextLoaderDelegate.loadContext(DefaultCacheAwareContextLoaderDelegate.java:90)
	... 87 more
Caused by: org.hibernate.AnnotationException: No identifier specified for entity: com.raderleao.admin.catalogo.infrastructure.genre.persistence.GenreJpaEntity
	at app//org.hibernate.cfg.InheritanceState.determineDefaultAccessType(InheritanceState.java:266)
	at app//org.hibernate.cfg.InheritanceState.getElementsToProcess(InheritanceState.java:211)
	at app//org.hibernate.cfg.InheritanceState.hasIdClassOrEmbeddedId(InheritanceState.java:185)
	at app//org.hibernate.cfg.AnnotationBinder.processElementAnnotations(AnnotationBinder.java:2253)
	at app//org.hibernate.cfg.AnnotationBinder.fillComponent(AnnotationBinder.java:2816)
	at app//org.hibernate.cfg.AnnotationBinder.fillComponent(AnnotationBinder.java:2698)
	at app//org.hibernate.cfg.AnnotationBinder.bindComponent(AnnotationBinder.java:2646)
	at app//org.hibernate.cfg.AnnotationBinder.processElementAnnotations(AnnotationBinder.java:2275)
	at app//org.hibernate.cfg.AnnotationBinder.processIdPropertiesIfNotAlready(AnnotationBinder.java:968)
	at app//org.hibernate.cfg.AnnotationBinder.bindClass(AnnotationBinder.java:793)
	at app//org.hibernate.boot.model.source.internal.annotations.AnnotationMetadataSourceProcessorImpl.processEntityHierarchies(AnnotationMetadataSourceProcessorImpl.java:225)
	at app//org.hibernate.boot.model.process.spi.MetadataBuildingProcess$1.processEntityHierarchies(MetadataBuildingProcess.java:239)
	at app//org.hibernate.boot.model.process.spi.MetadataBuildingProcess.complete(MetadataBuildingProcess.java:282)
	at app//org.hibernate.jpa.boot.internal.EntityManagerFactoryBuilderImpl.metadata(EntityManagerFactoryBuilderImpl.java:1460)
	at app//org.hibernate.jpa.boot.internal.EntityManagerFactoryBuilderImpl.build(EntityManagerFactoryBuilderImpl.java:1494)
	at app//org.springframework.orm.jpa.vendor.SpringHibernateJpaPersistenceProvider.createContainerEntityManagerFactory(SpringHibernateJpaPersistenceProvider.java:58)
	at app//org.springframework.orm.jpa.LocalContainerEntityManagerFactoryBean.createNativeEntityManagerFactory(LocalContainerEntityManagerFactoryBean.java:365)
	at app//org.springframework.orm.jpa.AbstractEntityManagerFactoryBean.buildNativeEntityManagerFactory(AbstractEntityManagerFactoryBean.java:409)
	at app//org.springframework.orm.jpa.AbstractEntityManagerFactoryBean.afterPropertiesSet(AbstractEntityManagerFactoryBean.java:396)
	at app//org.springframework.orm.jpa.LocalContainerEntityManagerFactoryBean.afterPropertiesSet(LocalContainerEntityManagerFactoryBean.java:341)
	at app//org.springframework.beans.factory.support.AbstractAutowireCapableBeanFactory.invokeInitMethods(AbstractAutowireCapableBeanFactory.java:1863)
	at app//org.springframework.beans.factory.support.AbstractAutowireCapableBeanFactory.initializeBean(AbstractAutowireCapableBeanFactory.java:1800)
	... 102 more
</failure>
  </testcase>
  <testcase name="asACatalogAdminIShouldBeAbleToSortAllCategoriesByDescriptionDes()" classname="com.raderleao.admin.catalogo.e2e.category.CategoryE2ETest" time="0.001">
    <failure message="java.lang.IllegalStateException: Failed to load ApplicationContext" type="java.lang.IllegalStateException">java.lang.IllegalStateException: Failed to load ApplicationContext
	at org.springframework.test.context.cache.DefaultCacheAwareContextLoaderDelegate.loadContext(DefaultCacheAwareContextLoaderDelegate.java:98)
	at org.springframework.test.context.support.DefaultTestContext.getApplicationContext(DefaultTestContext.java:124)
	at org.springframework.test.context.web.ServletTestExecutionListener.setUpRequestContextIfNecessary(ServletTestExecutionListener.java:190)
	at org.springframework.test.context.web.ServletTestExecutionListener.prepareTestInstance(ServletTestExecutionListener.java:132)
	at org.springframework.test.context.TestContextManager.prepareTestInstance(TestContextManager.java:248)
	at org.springframework.test.context.junit.jupiter.SpringExtension.postProcessTestInstance(SpringExtension.java:138)
	at org.junit.jupiter.engine.descriptor.ClassBasedTestDescriptor.lambda$invokeTestInstancePostProcessors$8(ClassBasedTestDescriptor.java:363)
	at org.junit.jupiter.engine.descriptor.ClassBasedTestDescriptor.executeAndMaskThrowable(ClassBasedTestDescriptor.java:368)
	at org.junit.jupiter.engine.descriptor.ClassBasedTestDescriptor.lambda$invokeTestInstancePostProcessors$9(ClassBasedTestDescriptor.java:363)
	at java.base/java.util.stream.ReferencePipeline$3$1.accept(ReferencePipeline.java:197)
	at java.base/java.util.stream.ReferencePipeline$2$1.accept(ReferencePipeline.java:179)
	at java.base/java.util.ArrayList$ArrayListSpliterator.forEachRemaining(ArrayList.java:1625)
	at java.base/java.util.stream.AbstractPipeline.copyInto(AbstractPipeline.java:509)
	at java.base/java.util.stream.AbstractPipeline.wrapAndCopyInto(AbstractPipeline.java:499)
	at java.base/java.util.stream.StreamSpliterators$WrappingSpliterator.forEachRemaining(StreamSpliterators.java:310)
	at java.base/java.util.stream.Streams$ConcatSpliterator.forEachRemaining(Streams.java:735)
	at java.base/java.util.stream.Streams$ConcatSpliterator.forEachRemaining(Streams.java:734)
	at java.base/java.util.stream.ReferencePipeline$Head.forEach(ReferencePipeline.java:762)
	at org.junit.jupiter.engine.descriptor.ClassBasedTestDescriptor.invokeTestInstancePostProcessors(ClassBasedTestDescriptor.java:362)
	at org.junit.jupiter.engine.descriptor.ClassBasedTestDescriptor.lambda$instantiateAndPostProcessTestInstance$6(ClassBasedTestDescriptor.java:283)
	at org.junit.platform.engine.support.hierarchical.ThrowableCollector.execute(ThrowableCollector.java:73)
	at org.junit.jupiter.engine.descriptor.ClassBasedTestDescriptor.instantiateAndPostProcessTestInstance(ClassBasedTestDescriptor.java:282)
	at org.junit.jupiter.engine.descriptor.ClassBasedTestDescriptor.lambda$testInstancesProvider$4(ClassBasedTestDescriptor.java:272)
	at java.base/java.util.Optional.orElseGet(Optional.java:364)
	at org.junit.jupiter.engine.descriptor.ClassBasedTestDescriptor.lambda$testInstancesProvider$5(ClassBasedTestDescriptor.java:271)
	at org.junit.jupiter.engine.execution.TestInstancesProvider.getTestInstances(TestInstancesProvider.java:31)
	at org.junit.jupiter.engine.descriptor.TestMethodTestDescriptor.lambda$prepare$0(TestMethodTestDescriptor.java:102)
	at org.junit.platform.engine.support.hierarchical.ThrowableCollector.execute(ThrowableCollector.java:73)
	at org.junit.jupiter.engine.descriptor.TestMethodTestDescriptor.prepare(TestMethodTestDescriptor.java:101)
	at org.junit.jupiter.engine.descriptor.TestMethodTestDescriptor.prepare(TestMethodTestDescriptor.java:66)
	at org.junit.platform.engine.support.hierarchical.NodeTestTask.lambda$prepare$2(NodeTestTask.java:123)
	at org.junit.platform.engine.support.hierarchical.ThrowableCollector.execute(ThrowableCollector.java:73)
	at org.junit.platform.engine.support.hierarchical.NodeTestTask.prepare(NodeTestTask.java:123)
	at org.junit.platform.engine.support.hierarchical.NodeTestTask.execute(NodeTestTask.java:90)
	at java.base/java.util.ArrayList.forEach(ArrayList.java:1511)
	at org.junit.platform.engine.support.hierarchical.SameThreadHierarchicalTestExecutorService.invokeAll(SameThreadHierarchicalTestExecutorService.java:41)
	at org.junit.platform.engine.support.hierarchical.NodeTestTask.lambda$executeRecursively$6(NodeTestTask.java:155)
	at org.junit.platform.engine.support.hierarchical.ThrowableCollector.execute(ThrowableCollector.java:73)
	at org.junit.platform.engine.support.hierarchical.NodeTestTask.lambda$executeRecursively$8(NodeTestTask.java:141)
	at org.junit.platform.engine.support.hierarchical.Node.around(Node.java:137)
	at org.junit.platform.engine.support.hierarchical.NodeTestTask.lambda$executeRecursively$9(NodeTestTask.java:139)
	at org.junit.platform.engine.support.hierarchical.ThrowableCollector.execute(ThrowableCollector.java:73)
	at org.junit.platform.engine.support.hierarchical.NodeTestTask.executeRecursively(NodeTestTask.java:138)
	at org.junit.platform.engine.support.hierarchical.NodeTestTask.execute(NodeTestTask.java:95)
	at java.base/java.util.ArrayList.forEach(ArrayList.java:1511)
	at org.junit.platform.engine.support.hierarchical.SameThreadHierarchicalTestExecutorService.invokeAll(SameThreadHierarchicalTestExecutorService.java:41)
	at org.junit.platform.engine.support.hierarchical.NodeTestTask.lambda$executeRecursively$6(NodeTestTask.java:155)
	at org.junit.platform.engine.support.hierarchical.ThrowableCollector.execute(ThrowableCollector.java:73)
	at org.junit.platform.engine.support.hierarchical.NodeTestTask.lambda$executeRecursively$8(NodeTestTask.java:141)
	at org.junit.platform.engine.support.hierarchical.Node.around(Node.java:137)
	at org.junit.platform.engine.support.hierarchical.NodeTestTask.lambda$executeRecursively$9(NodeTestTask.java:139)
	at org.junit.platform.engine.support.hierarchical.ThrowableCollector.execute(ThrowableCollector.java:73)
	at org.junit.platform.engine.support.hierarchical.NodeTestTask.executeRecursively(NodeTestTask.java:138)
	at org.junit.platform.engine.support.hierarchical.NodeTestTask.execute(NodeTestTask.java:95)
	at org.junit.platform.engine.support.hierarchical.SameThreadHierarchicalTestExecutorService.submit(SameThreadHierarchicalTestExecutorService.java:35)
	at org.junit.platform.engine.support.hierarchical.HierarchicalTestExecutor.execute(HierarchicalTestExecutor.java:57)
	at org.junit.platform.engine.support.hierarchical.HierarchicalTestEngine.execute(HierarchicalTestEngine.java:54)
	at org.junit.platform.launcher.core.EngineExecutionOrchestrator.execute(EngineExecutionOrchestrator.java:107)
	at org.junit.platform.launcher.core.EngineExecutionOrchestrator.execute(EngineExecutionOrchestrator.java:88)
	at org.junit.platform.launcher.core.EngineExecutionOrchestrator.lambda$execute$0(EngineExecutionOrchestrator.java:54)
	at org.junit.platform.launcher.core.EngineExecutionOrchestrator.withInterceptedStreams(EngineExecutionOrchestrator.java:67)
	at org.junit.platform.launcher.core.EngineExecutionOrchestrator.execute(EngineExecutionOrchestrator.java:52)
	at org.junit.platform.launcher.core.DefaultLauncher.execute(DefaultLauncher.java:114)
	at org.junit.platform.launcher.core.DefaultLauncher.execute(DefaultLauncher.java:86)
	at org.junit.platform.launcher.core.DefaultLauncherSession$DelegatingLauncher.execute(DefaultLauncherSession.java:86)
	at org.junit.platform.launcher.core.SessionPerRequestLauncher.execute(SessionPerRequestLauncher.java:53)
	at org.gradle.api.internal.tasks.testing.junitplatform.JUnitPlatformTestClassProcessor$CollectAllTestClassesExecutor.processAllTestClasses(JUnitPlatformTestClassProcessor.java:99)
	at org.gradle.api.internal.tasks.testing.junitplatform.JUnitPlatformTestClassProcessor$CollectAllTestClassesExecutor.access$000(JUnitPlatformTestClassProcessor.java:79)
	at org.gradle.api.internal.tasks.testing.junitplatform.JUnitPlatformTestClassProcessor.stop(JUnitPlatformTestClassProcessor.java:75)
	at org.gradle.api.internal.tasks.testing.SuiteTestClassProcessor.stop(SuiteTestClassProcessor.java:62)
	at java.base/jdk.internal.reflect.NativeMethodAccessorImpl.invoke0(Native Method)
	at java.base/jdk.internal.reflect.NativeMethodAccessorImpl.invoke(NativeMethodAccessorImpl.java:77)
	at java.base/jdk.internal.reflect.DelegatingMethodAccessorImpl.invoke(DelegatingMethodAccessorImpl.java:43)
	at java.base/java.lang.reflect.Method.invoke(Method.java:568)
	at org.gradle.internal.dispatch.ReflectionDispatch.dispatch(ReflectionDispatch.java:36)
	at org.gradle.internal.dispatch.ReflectionDispatch.dispatch(ReflectionDispatch.java:24)
	at org.gradle.internal.dispatch.ContextClassLoaderDispatch.dispatch(ContextClassLoaderDispatch.java:33)
	at org.gradle.internal.dispatch.ProxyDispatchAdapter$DispatchingInvocationHandler.invoke(ProxyDispatchAdapter.java:94)
	at jdk.proxy1/jdk.proxy1.$Proxy2.stop(Unknown Source)
	at org.gradle.api.internal.tasks.testing.worker.TestWorker$3.run(TestWorker.java:193)
	at org.gradle.api.internal.tasks.testing.worker.TestWorker.executeAndMaintainThreadName(TestWorker.java:129)
	at org.gradle.api.internal.tasks.testing.worker.TestWorker.execute(TestWorker.java:100)
	at org.gradle.api.internal.tasks.testing.worker.TestWorker.execute(TestWorker.java:60)
	at org.gradle.process.internal.worker.child.ActionExecutionWorker.execute(ActionExecutionWorker.java:56)
	at org.gradle.process.internal.worker.child.SystemApplicationClassLoaderWorker.call(SystemApplicationClassLoaderWorker.java:113)
	at org.gradle.process.internal.worker.child.SystemApplicationClassLoaderWorker.call(SystemApplicationClassLoaderWorker.java:65)
	at worker.org.gradle.process.internal.worker.GradleWorkerMain.run(GradleWorkerMain.java:69)
	at worker.org.gradle.process.internal.worker.GradleWorkerMain.main(GradleWorkerMain.java:74)
Caused by: org.springframework.beans.factory.BeanCreationException: Error creating bean with name 'entityManagerFactory' defined in class path resource [org/springframework/boot/autoconfigure/orm/jpa/HibernateJpaConfiguration.class]: Invocation of init method failed; nested exception is org.hibernate.AnnotationException: No identifier specified for entity: com.raderleao.admin.catalogo.infrastructure.genre.persistence.GenreJpaEntity
	at app//org.springframework.beans.factory.support.AbstractAutowireCapableBeanFactory.initializeBean(AbstractAutowireCapableBeanFactory.java:1804)
	at app//org.springframework.beans.factory.support.AbstractAutowireCapableBeanFactory.doCreateBean(AbstractAutowireCapableBeanFactory.java:620)
	at app//org.springframework.beans.factory.support.AbstractAutowireCapableBeanFactory.createBean(AbstractAutowireCapableBeanFactory.java:542)
	at app//org.springframework.beans.factory.support.AbstractBeanFactory.lambda$doGetBean$0(AbstractBeanFactory.java:335)
	at app//org.springframework.beans.factory.support.DefaultSingletonBeanRegistry.getSingleton(DefaultSingletonBeanRegistry.java:234)
	at app//org.springframework.beans.factory.support.AbstractBeanFactory.doGetBean(AbstractBeanFactory.java:333)
	at app//org.springframework.beans.factory.support.AbstractBeanFactory.getBean(AbstractBeanFactory.java:208)
	at app//org.springframework.context.support.AbstractApplicationContext.getBean(AbstractApplicationContext.java:1154)
	at app//org.springframework.context.support.AbstractApplicationContext.finishBeanFactoryInitialization(AbstractApplicationContext.java:908)
	at app//org.springframework.context.support.AbstractApplicationContext.refresh(AbstractApplicationContext.java:583)
	at app//org.springframework.boot.SpringApplication.refresh(SpringApplication.java:731)
	at app//org.springframework.boot.SpringApplication.refreshContext(SpringApplication.java:408)
	at app//org.springframework.boot.SpringApplication.run(SpringApplication.java:307)
	at app//org.springframework.boot.test.context.SpringBootContextLoader.loadContext(SpringBootContextLoader.java:136)
	at app//org.springframework.test.context.cache.DefaultCacheAwareContextLoaderDelegate.loadContextInternal(DefaultCacheAwareContextLoaderDelegate.java:141)
	at app//org.springframework.test.context.cache.DefaultCacheAwareContextLoaderDelegate.loadContext(DefaultCacheAwareContextLoaderDelegate.java:90)
	... 87 more
Caused by: org.hibernate.AnnotationException: No identifier specified for entity: com.raderleao.admin.catalogo.infrastructure.genre.persistence.GenreJpaEntity
	at app//org.hibernate.cfg.InheritanceState.determineDefaultAccessType(InheritanceState.java:266)
	at app//org.hibernate.cfg.InheritanceState.getElementsToProcess(InheritanceState.java:211)
	at app//org.hibernate.cfg.InheritanceState.hasIdClassOrEmbeddedId(InheritanceState.java:185)
	at app//org.hibernate.cfg.AnnotationBinder.processElementAnnotations(AnnotationBinder.java:2253)
	at app//org.hibernate.cfg.AnnotationBinder.fillComponent(AnnotationBinder.java:2816)
	at app//org.hibernate.cfg.AnnotationBinder.fillComponent(AnnotationBinder.java:2698)
	at app//org.hibernate.cfg.AnnotationBinder.bindComponent(AnnotationBinder.java:2646)
	at app//org.hibernate.cfg.AnnotationBinder.processElementAnnotations(AnnotationBinder.java:2275)
	at app//org.hibernate.cfg.AnnotationBinder.processIdPropertiesIfNotAlready(AnnotationBinder.java:968)
	at app//org.hibernate.cfg.AnnotationBinder.bindClass(AnnotationBinder.java:793)
	at app//org.hibernate.boot.model.source.internal.annotations.AnnotationMetadataSourceProcessorImpl.processEntityHierarchies(AnnotationMetadataSourceProcessorImpl.java:225)
	at app//org.hibernate.boot.model.process.spi.MetadataBuildingProcess$1.processEntityHierarchies(MetadataBuildingProcess.java:239)
	at app//org.hibernate.boot.model.process.spi.MetadataBuildingProcess.complete(MetadataBuildingProcess.java:282)
	at app//org.hibernate.jpa.boot.internal.EntityManagerFactoryBuilderImpl.metadata(EntityManagerFactoryBuilderImpl.java:1460)
	at app//org.hibernate.jpa.boot.internal.EntityManagerFactoryBuilderImpl.build(EntityManagerFactoryBuilderImpl.java:1494)
	at app//org.springframework.orm.jpa.vendor.SpringHibernateJpaPersistenceProvider.createContainerEntityManagerFactory(SpringHibernateJpaPersistenceProvider.java:58)
	at app//org.springframework.orm.jpa.LocalContainerEntityManagerFactoryBean.createNativeEntityManagerFactory(LocalContainerEntityManagerFactoryBean.java:365)
	at app//org.springframework.orm.jpa.AbstractEntityManagerFactoryBean.buildNativeEntityManagerFactory(AbstractEntityManagerFactoryBean.java:409)
	at app//org.springframework.orm.jpa.AbstractEntityManagerFactoryBean.afterPropertiesSet(AbstractEntityManagerFactoryBean.java:396)
	at app//org.springframework.orm.jpa.LocalContainerEntityManagerFactoryBean.afterPropertiesSet(LocalContainerEntityManagerFactoryBean.java:341)
	at app//org.springframework.beans.factory.support.AbstractAutowireCapableBeanFactory.invokeInitMethods(AbstractAutowireCapableBeanFactory.java:1863)
	at app//org.springframework.beans.factory.support.AbstractAutowireCapableBeanFactory.initializeBean(AbstractAutowireCapableBeanFactory.java:1800)
	... 102 more
</failure>
  </testcase>
  <testcase name="asACatalogAdminIShouldBeAbleToNavigateToAllCategories()" classname="com.raderleao.admin.catalogo.e2e.category.CategoryE2ETest" time="0.001">
    <failure message="java.lang.IllegalStateException: Failed to load ApplicationContext" type="java.lang.IllegalStateException">java.lang.IllegalStateException: Failed to load ApplicationContext
	at org.springframework.test.context.cache.DefaultCacheAwareContextLoaderDelegate.loadContext(DefaultCacheAwareContextLoaderDelegate.java:98)
	at org.springframework.test.context.support.DefaultTestContext.getApplicationContext(DefaultTestContext.java:124)
	at org.springframework.test.context.web.ServletTestExecutionListener.setUpRequestContextIfNecessary(ServletTestExecutionListener.java:190)
	at org.springframework.test.context.web.ServletTestExecutionListener.prepareTestInstance(ServletTestExecutionListener.java:132)
	at org.springframework.test.context.TestContextManager.prepareTestInstance(TestContextManager.java:248)
	at org.springframework.test.context.junit.jupiter.SpringExtension.postProcessTestInstance(SpringExtension.java:138)
	at org.junit.jupiter.engine.descriptor.ClassBasedTestDescriptor.lambda$invokeTestInstancePostProcessors$8(ClassBasedTestDescriptor.java:363)
	at org.junit.jupiter.engine.descriptor.ClassBasedTestDescriptor.executeAndMaskThrowable(ClassBasedTestDescriptor.java:368)
	at org.junit.jupiter.engine.descriptor.ClassBasedTestDescriptor.lambda$invokeTestInstancePostProcessors$9(ClassBasedTestDescriptor.java:363)
	at java.base/java.util.stream.ReferencePipeline$3$1.accept(ReferencePipeline.java:197)
	at java.base/java.util.stream.ReferencePipeline$2$1.accept(ReferencePipeline.java:179)
	at java.base/java.util.ArrayList$ArrayListSpliterator.forEachRemaining(ArrayList.java:1625)
	at java.base/java.util.stream.AbstractPipeline.copyInto(AbstractPipeline.java:509)
	at java.base/java.util.stream.AbstractPipeline.wrapAndCopyInto(AbstractPipeline.java:499)
	at java.base/java.util.stream.StreamSpliterators$WrappingSpliterator.forEachRemaining(StreamSpliterators.java:310)
	at java.base/java.util.stream.Streams$ConcatSpliterator.forEachRemaining(Streams.java:735)
	at java.base/java.util.stream.Streams$ConcatSpliterator.forEachRemaining(Streams.java:734)
	at java.base/java.util.stream.ReferencePipeline$Head.forEach(ReferencePipeline.java:762)
	at org.junit.jupiter.engine.descriptor.ClassBasedTestDescriptor.invokeTestInstancePostProcessors(ClassBasedTestDescriptor.java:362)
	at org.junit.jupiter.engine.descriptor.ClassBasedTestDescriptor.lambda$instantiateAndPostProcessTestInstance$6(ClassBasedTestDescriptor.java:283)
	at org.junit.platform.engine.support.hierarchical.ThrowableCollector.execute(ThrowableCollector.java:73)
	at org.junit.jupiter.engine.descriptor.ClassBasedTestDescriptor.instantiateAndPostProcessTestInstance(ClassBasedTestDescriptor.java:282)
	at org.junit.jupiter.engine.descriptor.ClassBasedTestDescriptor.lambda$testInstancesProvider$4(ClassBasedTestDescriptor.java:272)
	at java.base/java.util.Optional.orElseGet(Optional.java:364)
	at org.junit.jupiter.engine.descriptor.ClassBasedTestDescriptor.lambda$testInstancesProvider$5(ClassBasedTestDescriptor.java:271)
	at org.junit.jupiter.engine.execution.TestInstancesProvider.getTestInstances(TestInstancesProvider.java:31)
	at org.junit.jupiter.engine.descriptor.TestMethodTestDescriptor.lambda$prepare$0(TestMethodTestDescriptor.java:102)
	at org.junit.platform.engine.support.hierarchical.ThrowableCollector.execute(ThrowableCollector.java:73)
	at org.junit.jupiter.engine.descriptor.TestMethodTestDescriptor.prepare(TestMethodTestDescriptor.java:101)
	at org.junit.jupiter.engine.descriptor.TestMethodTestDescriptor.prepare(TestMethodTestDescriptor.java:66)
	at org.junit.platform.engine.support.hierarchical.NodeTestTask.lambda$prepare$2(NodeTestTask.java:123)
	at org.junit.platform.engine.support.hierarchical.ThrowableCollector.execute(ThrowableCollector.java:73)
	at org.junit.platform.engine.support.hierarchical.NodeTestTask.prepare(NodeTestTask.java:123)
	at org.junit.platform.engine.support.hierarchical.NodeTestTask.execute(NodeTestTask.java:90)
	at java.base/java.util.ArrayList.forEach(ArrayList.java:1511)
	at org.junit.platform.engine.support.hierarchical.SameThreadHierarchicalTestExecutorService.invokeAll(SameThreadHierarchicalTestExecutorService.java:41)
	at org.junit.platform.engine.support.hierarchical.NodeTestTask.lambda$executeRecursively$6(NodeTestTask.java:155)
	at org.junit.platform.engine.support.hierarchical.ThrowableCollector.execute(ThrowableCollector.java:73)
	at org.junit.platform.engine.support.hierarchical.NodeTestTask.lambda$executeRecursively$8(NodeTestTask.java:141)
	at org.junit.platform.engine.support.hierarchical.Node.around(Node.java:137)
	at org.junit.platform.engine.support.hierarchical.NodeTestTask.lambda$executeRecursively$9(NodeTestTask.java:139)
	at org.junit.platform.engine.support.hierarchical.ThrowableCollector.execute(ThrowableCollector.java:73)
	at org.junit.platform.engine.support.hierarchical.NodeTestTask.executeRecursively(NodeTestTask.java:138)
	at org.junit.platform.engine.support.hierarchical.NodeTestTask.execute(NodeTestTask.java:95)
	at java.base/java.util.ArrayList.forEach(ArrayList.java:1511)
	at org.junit.platform.engine.support.hierarchical.SameThreadHierarchicalTestExecutorService.invokeAll(SameThreadHierarchicalTestExecutorService.java:41)
	at org.junit.platform.engine.support.hierarchical.NodeTestTask.lambda$executeRecursively$6(NodeTestTask.java:155)
	at org.junit.platform.engine.support.hierarchical.ThrowableCollector.execute(ThrowableCollector.java:73)
	at org.junit.platform.engine.support.hierarchical.NodeTestTask.lambda$executeRecursively$8(NodeTestTask.java:141)
	at org.junit.platform.engine.support.hierarchical.Node.around(Node.java:137)
	at org.junit.platform.engine.support.hierarchical.NodeTestTask.lambda$executeRecursively$9(NodeTestTask.java:139)
	at org.junit.platform.engine.support.hierarchical.ThrowableCollector.execute(ThrowableCollector.java:73)
	at org.junit.platform.engine.support.hierarchical.NodeTestTask.executeRecursively(NodeTestTask.java:138)
	at org.junit.platform.engine.support.hierarchical.NodeTestTask.execute(NodeTestTask.java:95)
	at org.junit.platform.engine.support.hierarchical.SameThreadHierarchicalTestExecutorService.submit(SameThreadHierarchicalTestExecutorService.java:35)
	at org.junit.platform.engine.support.hierarchical.HierarchicalTestExecutor.execute(HierarchicalTestExecutor.java:57)
	at org.junit.platform.engine.support.hierarchical.HierarchicalTestEngine.execute(HierarchicalTestEngine.java:54)
	at org.junit.platform.launcher.core.EngineExecutionOrchestrator.execute(EngineExecutionOrchestrator.java:107)
	at org.junit.platform.launcher.core.EngineExecutionOrchestrator.execute(EngineExecutionOrchestrator.java:88)
	at org.junit.platform.launcher.core.EngineExecutionOrchestrator.lambda$execute$0(EngineExecutionOrchestrator.java:54)
	at org.junit.platform.launcher.core.EngineExecutionOrchestrator.withInterceptedStreams(EngineExecutionOrchestrator.java:67)
	at org.junit.platform.launcher.core.EngineExecutionOrchestrator.execute(EngineExecutionOrchestrator.java:52)
	at org.junit.platform.launcher.core.DefaultLauncher.execute(DefaultLauncher.java:114)
	at org.junit.platform.launcher.core.DefaultLauncher.execute(DefaultLauncher.java:86)
	at org.junit.platform.launcher.core.DefaultLauncherSession$DelegatingLauncher.execute(DefaultLauncherSession.java:86)
	at org.junit.platform.launcher.core.SessionPerRequestLauncher.execute(SessionPerRequestLauncher.java:53)
	at org.gradle.api.internal.tasks.testing.junitplatform.JUnitPlatformTestClassProcessor$CollectAllTestClassesExecutor.processAllTestClasses(JUnitPlatformTestClassProcessor.java:99)
	at org.gradle.api.internal.tasks.testing.junitplatform.JUnitPlatformTestClassProcessor$CollectAllTestClassesExecutor.access$000(JUnitPlatformTestClassProcessor.java:79)
	at org.gradle.api.internal.tasks.testing.junitplatform.JUnitPlatformTestClassProcessor.stop(JUnitPlatformTestClassProcessor.java:75)
	at org.gradle.api.internal.tasks.testing.SuiteTestClassProcessor.stop(SuiteTestClassProcessor.java:62)
	at java.base/jdk.internal.reflect.NativeMethodAccessorImpl.invoke0(Native Method)
	at java.base/jdk.internal.reflect.NativeMethodAccessorImpl.invoke(NativeMethodAccessorImpl.java:77)
	at java.base/jdk.internal.reflect.DelegatingMethodAccessorImpl.invoke(DelegatingMethodAccessorImpl.java:43)
	at java.base/java.lang.reflect.Method.invoke(Method.java:568)
	at org.gradle.internal.dispatch.ReflectionDispatch.dispatch(ReflectionDispatch.java:36)
	at org.gradle.internal.dispatch.ReflectionDispatch.dispatch(ReflectionDispatch.java:24)
	at org.gradle.internal.dispatch.ContextClassLoaderDispatch.dispatch(ContextClassLoaderDispatch.java:33)
	at org.gradle.internal.dispatch.ProxyDispatchAdapter$DispatchingInvocationHandler.invoke(ProxyDispatchAdapter.java:94)
	at jdk.proxy1/jdk.proxy1.$Proxy2.stop(Unknown Source)
	at org.gradle.api.internal.tasks.testing.worker.TestWorker$3.run(TestWorker.java:193)
	at org.gradle.api.internal.tasks.testing.worker.TestWorker.executeAndMaintainThreadName(TestWorker.java:129)
	at org.gradle.api.internal.tasks.testing.worker.TestWorker.execute(TestWorker.java:100)
	at org.gradle.api.internal.tasks.testing.worker.TestWorker.execute(TestWorker.java:60)
	at org.gradle.process.internal.worker.child.ActionExecutionWorker.execute(ActionExecutionWorker.java:56)
	at org.gradle.process.internal.worker.child.SystemApplicationClassLoaderWorker.call(SystemApplicationClassLoaderWorker.java:113)
	at org.gradle.process.internal.worker.child.SystemApplicationClassLoaderWorker.call(SystemApplicationClassLoaderWorker.java:65)
	at worker.org.gradle.process.internal.worker.GradleWorkerMain.run(GradleWorkerMain.java:69)
	at worker.org.gradle.process.internal.worker.GradleWorkerMain.main(GradleWorkerMain.java:74)
Caused by: org.springframework.beans.factory.BeanCreationException: Error creating bean with name 'entityManagerFactory' defined in class path resource [org/springframework/boot/autoconfigure/orm/jpa/HibernateJpaConfiguration.class]: Invocation of init method failed; nested exception is org.hibernate.AnnotationException: No identifier specified for entity: com.raderleao.admin.catalogo.infrastructure.genre.persistence.GenreJpaEntity
	at app//org.springframework.beans.factory.support.AbstractAutowireCapableBeanFactory.initializeBean(AbstractAutowireCapableBeanFactory.java:1804)
	at app//org.springframework.beans.factory.support.AbstractAutowireCapableBeanFactory.doCreateBean(AbstractAutowireCapableBeanFactory.java:620)
	at app//org.springframework.beans.factory.support.AbstractAutowireCapableBeanFactory.createBean(AbstractAutowireCapableBeanFactory.java:542)
	at app//org.springframework.beans.factory.support.AbstractBeanFactory.lambda$doGetBean$0(AbstractBeanFactory.java:335)
	at app//org.springframework.beans.factory.support.DefaultSingletonBeanRegistry.getSingleton(DefaultSingletonBeanRegistry.java:234)
	at app//org.springframework.beans.factory.support.AbstractBeanFactory.doGetBean(AbstractBeanFactory.java:333)
	at app//org.springframework.beans.factory.support.AbstractBeanFactory.getBean(AbstractBeanFactory.java:208)
	at app//org.springframework.context.support.AbstractApplicationContext.getBean(AbstractApplicationContext.java:1154)
	at app//org.springframework.context.support.AbstractApplicationContext.finishBeanFactoryInitialization(AbstractApplicationContext.java:908)
	at app//org.springframework.context.support.AbstractApplicationContext.refresh(AbstractApplicationContext.java:583)
	at app//org.springframework.boot.SpringApplication.refresh(SpringApplication.java:731)
	at app//org.springframework.boot.SpringApplication.refreshContext(SpringApplication.java:408)
	at app//org.springframework.boot.SpringApplication.run(SpringApplication.java:307)
	at app//org.springframework.boot.test.context.SpringBootContextLoader.loadContext(SpringBootContextLoader.java:136)
	at app//org.springframework.test.context.cache.DefaultCacheAwareContextLoaderDelegate.loadContextInternal(DefaultCacheAwareContextLoaderDelegate.java:141)
	at app//org.springframework.test.context.cache.DefaultCacheAwareContextLoaderDelegate.loadContext(DefaultCacheAwareContextLoaderDelegate.java:90)
	... 87 more
Caused by: org.hibernate.AnnotationException: No identifier specified for entity: com.raderleao.admin.catalogo.infrastructure.genre.persistence.GenreJpaEntity
	at app//org.hibernate.cfg.InheritanceState.determineDefaultAccessType(InheritanceState.java:266)
	at app//org.hibernate.cfg.InheritanceState.getElementsToProcess(InheritanceState.java:211)
	at app//org.hibernate.cfg.InheritanceState.hasIdClassOrEmbeddedId(InheritanceState.java:185)
	at app//org.hibernate.cfg.AnnotationBinder.processElementAnnotations(AnnotationBinder.java:2253)
	at app//org.hibernate.cfg.AnnotationBinder.fillComponent(AnnotationBinder.java:2816)
	at app//org.hibernate.cfg.AnnotationBinder.fillComponent(AnnotationBinder.java:2698)
	at app//org.hibernate.cfg.AnnotationBinder.bindComponent(AnnotationBinder.java:2646)
	at app//org.hibernate.cfg.AnnotationBinder.processElementAnnotations(AnnotationBinder.java:2275)
	at app//org.hibernate.cfg.AnnotationBinder.processIdPropertiesIfNotAlready(AnnotationBinder.java:968)
	at app//org.hibernate.cfg.AnnotationBinder.bindClass(AnnotationBinder.java:793)
	at app//org.hibernate.boot.model.source.internal.annotations.AnnotationMetadataSourceProcessorImpl.processEntityHierarchies(AnnotationMetadataSourceProcessorImpl.java:225)
	at app//org.hibernate.boot.model.process.spi.MetadataBuildingProcess$1.processEntityHierarchies(MetadataBuildingProcess.java:239)
	at app//org.hibernate.boot.model.process.spi.MetadataBuildingProcess.complete(MetadataBuildingProcess.java:282)
	at app//org.hibernate.jpa.boot.internal.EntityManagerFactoryBuilderImpl.metadata(EntityManagerFactoryBuilderImpl.java:1460)
	at app//org.hibernate.jpa.boot.internal.EntityManagerFactoryBuilderImpl.build(EntityManagerFactoryBuilderImpl.java:1494)
	at app//org.springframework.orm.jpa.vendor.SpringHibernateJpaPersistenceProvider.createContainerEntityManagerFactory(SpringHibernateJpaPersistenceProvider.java:58)
	at app//org.springframework.orm.jpa.LocalContainerEntityManagerFactoryBean.createNativeEntityManagerFactory(LocalContainerEntityManagerFactoryBean.java:365)
	at app//org.springframework.orm.jpa.AbstractEntityManagerFactoryBean.buildNativeEntityManagerFactory(AbstractEntityManagerFactoryBean.java:409)
	at app//org.springframework.orm.jpa.AbstractEntityManagerFactoryBean.afterPropertiesSet(AbstractEntityManagerFactoryBean.java:396)
	at app//org.springframework.orm.jpa.LocalContainerEntityManagerFactoryBean.afterPropertiesSet(LocalContainerEntityManagerFactoryBean.java:341)
	at app//org.springframework.beans.factory.support.AbstractAutowireCapableBeanFactory.invokeInitMethods(AbstractAutowireCapableBeanFactory.java:1863)
	at app//org.springframework.beans.factory.support.AbstractAutowireCapableBeanFactory.initializeBean(AbstractAutowireCapableBeanFactory.java:1800)
	... 102 more
</failure>
  </testcase>
  <testcase name="asACatalogAdminIShouldBeAbleToActivateACategoryByItsIdentifier()" classname="com.raderleao.admin.catalogo.e2e.category.CategoryE2ETest" time="0.0">
    <failure message="java.lang.IllegalStateException: Failed to load ApplicationContext" type="java.lang.IllegalStateException">java.lang.IllegalStateException: Failed to load ApplicationContext
	at org.springframework.test.context.cache.DefaultCacheAwareContextLoaderDelegate.loadContext(DefaultCacheAwareContextLoaderDelegate.java:98)
	at org.springframework.test.context.support.DefaultTestContext.getApplicationContext(DefaultTestContext.java:124)
	at org.springframework.test.context.web.ServletTestExecutionListener.setUpRequestContextIfNecessary(ServletTestExecutionListener.java:190)
	at org.springframework.test.context.web.ServletTestExecutionListener.prepareTestInstance(ServletTestExecutionListener.java:132)
	at org.springframework.test.context.TestContextManager.prepareTestInstance(TestContextManager.java:248)
	at org.springframework.test.context.junit.jupiter.SpringExtension.postProcessTestInstance(SpringExtension.java:138)
	at org.junit.jupiter.engine.descriptor.ClassBasedTestDescriptor.lambda$invokeTestInstancePostProcessors$8(ClassBasedTestDescriptor.java:363)
	at org.junit.jupiter.engine.descriptor.ClassBasedTestDescriptor.executeAndMaskThrowable(ClassBasedTestDescriptor.java:368)
	at org.junit.jupiter.engine.descriptor.ClassBasedTestDescriptor.lambda$invokeTestInstancePostProcessors$9(ClassBasedTestDescriptor.java:363)
	at java.base/java.util.stream.ReferencePipeline$3$1.accept(ReferencePipeline.java:197)
	at java.base/java.util.stream.ReferencePipeline$2$1.accept(ReferencePipeline.java:179)
	at java.base/java.util.ArrayList$ArrayListSpliterator.forEachRemaining(ArrayList.java:1625)
	at java.base/java.util.stream.AbstractPipeline.copyInto(AbstractPipeline.java:509)
	at java.base/java.util.stream.AbstractPipeline.wrapAndCopyInto(AbstractPipeline.java:499)
	at java.base/java.util.stream.StreamSpliterators$WrappingSpliterator.forEachRemaining(StreamSpliterators.java:310)
	at java.base/java.util.stream.Streams$ConcatSpliterator.forEachRemaining(Streams.java:735)
	at java.base/java.util.stream.Streams$ConcatSpliterator.forEachRemaining(Streams.java:734)
	at java.base/java.util.stream.ReferencePipeline$Head.forEach(ReferencePipeline.java:762)
	at org.junit.jupiter.engine.descriptor.ClassBasedTestDescriptor.invokeTestInstancePostProcessors(ClassBasedTestDescriptor.java:362)
	at org.junit.jupiter.engine.descriptor.ClassBasedTestDescriptor.lambda$instantiateAndPostProcessTestInstance$6(ClassBasedTestDescriptor.java:283)
	at org.junit.platform.engine.support.hierarchical.ThrowableCollector.execute(ThrowableCollector.java:73)
	at org.junit.jupiter.engine.descriptor.ClassBasedTestDescriptor.instantiateAndPostProcessTestInstance(ClassBasedTestDescriptor.java:282)
	at org.junit.jupiter.engine.descriptor.ClassBasedTestDescriptor.lambda$testInstancesProvider$4(ClassBasedTestDescriptor.java:272)
	at java.base/java.util.Optional.orElseGet(Optional.java:364)
	at org.junit.jupiter.engine.descriptor.ClassBasedTestDescriptor.lambda$testInstancesProvider$5(ClassBasedTestDescriptor.java:271)
	at org.junit.jupiter.engine.execution.TestInstancesProvider.getTestInstances(TestInstancesProvider.java:31)
	at org.junit.jupiter.engine.descriptor.TestMethodTestDescriptor.lambda$prepare$0(TestMethodTestDescriptor.java:102)
	at org.junit.platform.engine.support.hierarchical.ThrowableCollector.execute(ThrowableCollector.java:73)
	at org.junit.jupiter.engine.descriptor.TestMethodTestDescriptor.prepare(TestMethodTestDescriptor.java:101)
	at org.junit.jupiter.engine.descriptor.TestMethodTestDescriptor.prepare(TestMethodTestDescriptor.java:66)
	at org.junit.platform.engine.support.hierarchical.NodeTestTask.lambda$prepare$2(NodeTestTask.java:123)
	at org.junit.platform.engine.support.hierarchical.ThrowableCollector.execute(ThrowableCollector.java:73)
	at org.junit.platform.engine.support.hierarchical.NodeTestTask.prepare(NodeTestTask.java:123)
	at org.junit.platform.engine.support.hierarchical.NodeTestTask.execute(NodeTestTask.java:90)
	at java.base/java.util.ArrayList.forEach(ArrayList.java:1511)
	at org.junit.platform.engine.support.hierarchical.SameThreadHierarchicalTestExecutorService.invokeAll(SameThreadHierarchicalTestExecutorService.java:41)
	at org.junit.platform.engine.support.hierarchical.NodeTestTask.lambda$executeRecursively$6(NodeTestTask.java:155)
	at org.junit.platform.engine.support.hierarchical.ThrowableCollector.execute(ThrowableCollector.java:73)
	at org.junit.platform.engine.support.hierarchical.NodeTestTask.lambda$executeRecursively$8(NodeTestTask.java:141)
	at org.junit.platform.engine.support.hierarchical.Node.around(Node.java:137)
	at org.junit.platform.engine.support.hierarchical.NodeTestTask.lambda$executeRecursively$9(NodeTestTask.java:139)
	at org.junit.platform.engine.support.hierarchical.ThrowableCollector.execute(ThrowableCollector.java:73)
	at org.junit.platform.engine.support.hierarchical.NodeTestTask.executeRecursively(NodeTestTask.java:138)
	at org.junit.platform.engine.support.hierarchical.NodeTestTask.execute(NodeTestTask.java:95)
	at java.base/java.util.ArrayList.forEach(ArrayList.java:1511)
	at org.junit.platform.engine.support.hierarchical.SameThreadHierarchicalTestExecutorService.invokeAll(SameThreadHierarchicalTestExecutorService.java:41)
	at org.junit.platform.engine.support.hierarchical.NodeTestTask.lambda$executeRecursively$6(NodeTestTask.java:155)
	at org.junit.platform.engine.support.hierarchical.ThrowableCollector.execute(ThrowableCollector.java:73)
	at org.junit.platform.engine.support.hierarchical.NodeTestTask.lambda$executeRecursively$8(NodeTestTask.java:141)
	at org.junit.platform.engine.support.hierarchical.Node.around(Node.java:137)
	at org.junit.platform.engine.support.hierarchical.NodeTestTask.lambda$executeRecursively$9(NodeTestTask.java:139)
	at org.junit.platform.engine.support.hierarchical.ThrowableCollector.execute(ThrowableCollector.java:73)
	at org.junit.platform.engine.support.hierarchical.NodeTestTask.executeRecursively(NodeTestTask.java:138)
	at org.junit.platform.engine.support.hierarchical.NodeTestTask.execute(NodeTestTask.java:95)
	at org.junit.platform.engine.support.hierarchical.SameThreadHierarchicalTestExecutorService.submit(SameThreadHierarchicalTestExecutorService.java:35)
	at org.junit.platform.engine.support.hierarchical.HierarchicalTestExecutor.execute(HierarchicalTestExecutor.java:57)
	at org.junit.platform.engine.support.hierarchical.HierarchicalTestEngine.execute(HierarchicalTestEngine.java:54)
	at org.junit.platform.launcher.core.EngineExecutionOrchestrator.execute(EngineExecutionOrchestrator.java:107)
	at org.junit.platform.launcher.core.EngineExecutionOrchestrator.execute(EngineExecutionOrchestrator.java:88)
	at org.junit.platform.launcher.core.EngineExecutionOrchestrator.lambda$execute$0(EngineExecutionOrchestrator.java:54)
	at org.junit.platform.launcher.core.EngineExecutionOrchestrator.withInterceptedStreams(EngineExecutionOrchestrator.java:67)
	at org.junit.platform.launcher.core.EngineExecutionOrchestrator.execute(EngineExecutionOrchestrator.java:52)
	at org.junit.platform.launcher.core.DefaultLauncher.execute(DefaultLauncher.java:114)
	at org.junit.platform.launcher.core.DefaultLauncher.execute(DefaultLauncher.java:86)
	at org.junit.platform.launcher.core.DefaultLauncherSession$DelegatingLauncher.execute(DefaultLauncherSession.java:86)
	at org.junit.platform.launcher.core.SessionPerRequestLauncher.execute(SessionPerRequestLauncher.java:53)
	at org.gradle.api.internal.tasks.testing.junitplatform.JUnitPlatformTestClassProcessor$CollectAllTestClassesExecutor.processAllTestClasses(JUnitPlatformTestClassProcessor.java:99)
	at org.gradle.api.internal.tasks.testing.junitplatform.JUnitPlatformTestClassProcessor$CollectAllTestClassesExecutor.access$000(JUnitPlatformTestClassProcessor.java:79)
	at org.gradle.api.internal.tasks.testing.junitplatform.JUnitPlatformTestClassProcessor.stop(JUnitPlatformTestClassProcessor.java:75)
	at org.gradle.api.internal.tasks.testing.SuiteTestClassProcessor.stop(SuiteTestClassProcessor.java:62)
	at java.base/jdk.internal.reflect.NativeMethodAccessorImpl.invoke0(Native Method)
	at java.base/jdk.internal.reflect.NativeMethodAccessorImpl.invoke(NativeMethodAccessorImpl.java:77)
	at java.base/jdk.internal.reflect.DelegatingMethodAccessorImpl.invoke(DelegatingMethodAccessorImpl.java:43)
	at java.base/java.lang.reflect.Method.invoke(Method.java:568)
	at org.gradle.internal.dispatch.ReflectionDispatch.dispatch(ReflectionDispatch.java:36)
	at org.gradle.internal.dispatch.ReflectionDispatch.dispatch(ReflectionDispatch.java:24)
	at org.gradle.internal.dispatch.ContextClassLoaderDispatch.dispatch(ContextClassLoaderDispatch.java:33)
	at org.gradle.internal.dispatch.ProxyDispatchAdapter$DispatchingInvocationHandler.invoke(ProxyDispatchAdapter.java:94)
	at jdk.proxy1/jdk.proxy1.$Proxy2.stop(Unknown Source)
	at org.gradle.api.internal.tasks.testing.worker.TestWorker$3.run(TestWorker.java:193)
	at org.gradle.api.internal.tasks.testing.worker.TestWorker.executeAndMaintainThreadName(TestWorker.java:129)
	at org.gradle.api.internal.tasks.testing.worker.TestWorker.execute(TestWorker.java:100)
	at org.gradle.api.internal.tasks.testing.worker.TestWorker.execute(TestWorker.java:60)
	at org.gradle.process.internal.worker.child.ActionExecutionWorker.execute(ActionExecutionWorker.java:56)
	at org.gradle.process.internal.worker.child.SystemApplicationClassLoaderWorker.call(SystemApplicationClassLoaderWorker.java:113)
	at org.gradle.process.internal.worker.child.SystemApplicationClassLoaderWorker.call(SystemApplicationClassLoaderWorker.java:65)
	at worker.org.gradle.process.internal.worker.GradleWorkerMain.run(GradleWorkerMain.java:69)
	at worker.org.gradle.process.internal.worker.GradleWorkerMain.main(GradleWorkerMain.java:74)
Caused by: org.springframework.beans.factory.BeanCreationException: Error creating bean with name 'entityManagerFactory' defined in class path resource [org/springframework/boot/autoconfigure/orm/jpa/HibernateJpaConfiguration.class]: Invocation of init method failed; nested exception is org.hibernate.AnnotationException: No identifier specified for entity: com.raderleao.admin.catalogo.infrastructure.genre.persistence.GenreJpaEntity
	at app//org.springframework.beans.factory.support.AbstractAutowireCapableBeanFactory.initializeBean(AbstractAutowireCapableBeanFactory.java:1804)
	at app//org.springframework.beans.factory.support.AbstractAutowireCapableBeanFactory.doCreateBean(AbstractAutowireCapableBeanFactory.java:620)
	at app//org.springframework.beans.factory.support.AbstractAutowireCapableBeanFactory.createBean(AbstractAutowireCapableBeanFactory.java:542)
	at app//org.springframework.beans.factory.support.AbstractBeanFactory.lambda$doGetBean$0(AbstractBeanFactory.java:335)
	at app//org.springframework.beans.factory.support.DefaultSingletonBeanRegistry.getSingleton(DefaultSingletonBeanRegistry.java:234)
	at app//org.springframework.beans.factory.support.AbstractBeanFactory.doGetBean(AbstractBeanFactory.java:333)
	at app//org.springframework.beans.factory.support.AbstractBeanFactory.getBean(AbstractBeanFactory.java:208)
	at app//org.springframework.context.support.AbstractApplicationContext.getBean(AbstractApplicationContext.java:1154)
	at app//org.springframework.context.support.AbstractApplicationContext.finishBeanFactoryInitialization(AbstractApplicationContext.java:908)
	at app//org.springframework.context.support.AbstractApplicationContext.refresh(AbstractApplicationContext.java:583)
	at app//org.springframework.boot.SpringApplication.refresh(SpringApplication.java:731)
	at app//org.springframework.boot.SpringApplication.refreshContext(SpringApplication.java:408)
	at app//org.springframework.boot.SpringApplication.run(SpringApplication.java:307)
	at app//org.springframework.boot.test.context.SpringBootContextLoader.loadContext(SpringBootContextLoader.java:136)
	at app//org.springframework.test.context.cache.DefaultCacheAwareContextLoaderDelegate.loadContextInternal(DefaultCacheAwareContextLoaderDelegate.java:141)
	at app//org.springframework.test.context.cache.DefaultCacheAwareContextLoaderDelegate.loadContext(DefaultCacheAwareContextLoaderDelegate.java:90)
	... 87 more
Caused by: org.hibernate.AnnotationException: No identifier specified for entity: com.raderleao.admin.catalogo.infrastructure.genre.persistence.GenreJpaEntity
	at app//org.hibernate.cfg.InheritanceState.determineDefaultAccessType(InheritanceState.java:266)
	at app//org.hibernate.cfg.InheritanceState.getElementsToProcess(InheritanceState.java:211)
	at app//org.hibernate.cfg.InheritanceState.hasIdClassOrEmbeddedId(InheritanceState.java:185)
	at app//org.hibernate.cfg.AnnotationBinder.processElementAnnotations(AnnotationBinder.java:2253)
	at app//org.hibernate.cfg.AnnotationBinder.fillComponent(AnnotationBinder.java:2816)
	at app//org.hibernate.cfg.AnnotationBinder.fillComponent(AnnotationBinder.java:2698)
	at app//org.hibernate.cfg.AnnotationBinder.bindComponent(AnnotationBinder.java:2646)
	at app//org.hibernate.cfg.AnnotationBinder.processElementAnnotations(AnnotationBinder.java:2275)
	at app//org.hibernate.cfg.AnnotationBinder.processIdPropertiesIfNotAlready(AnnotationBinder.java:968)
	at app//org.hibernate.cfg.AnnotationBinder.bindClass(AnnotationBinder.java:793)
	at app//org.hibernate.boot.model.source.internal.annotations.AnnotationMetadataSourceProcessorImpl.processEntityHierarchies(AnnotationMetadataSourceProcessorImpl.java:225)
	at app//org.hibernate.boot.model.process.spi.MetadataBuildingProcess$1.processEntityHierarchies(MetadataBuildingProcess.java:239)
	at app//org.hibernate.boot.model.process.spi.MetadataBuildingProcess.complete(MetadataBuildingProcess.java:282)
	at app//org.hibernate.jpa.boot.internal.EntityManagerFactoryBuilderImpl.metadata(EntityManagerFactoryBuilderImpl.java:1460)
	at app//org.hibernate.jpa.boot.internal.EntityManagerFactoryBuilderImpl.build(EntityManagerFactoryBuilderImpl.java:1494)
	at app//org.springframework.orm.jpa.vendor.SpringHibernateJpaPersistenceProvider.createContainerEntityManagerFactory(SpringHibernateJpaPersistenceProvider.java:58)
	at app//org.springframework.orm.jpa.LocalContainerEntityManagerFactoryBean.createNativeEntityManagerFactory(LocalContainerEntityManagerFactoryBean.java:365)
	at app//org.springframework.orm.jpa.AbstractEntityManagerFactoryBean.buildNativeEntityManagerFactory(AbstractEntityManagerFactoryBean.java:409)
	at app//org.springframework.orm.jpa.AbstractEntityManagerFactoryBean.afterPropertiesSet(AbstractEntityManagerFactoryBean.java:396)
	at app//org.springframework.orm.jpa.LocalContainerEntityManagerFactoryBean.afterPropertiesSet(LocalContainerEntityManagerFactoryBean.java:341)
	at app//org.springframework.beans.factory.support.AbstractAutowireCapableBeanFactory.invokeInitMethods(AbstractAutowireCapableBeanFactory.java:1863)
	at app//org.springframework.beans.factory.support.AbstractAutowireCapableBeanFactory.initializeBean(AbstractAutowireCapableBeanFactory.java:1800)
	... 102 more
</failure>
  </testcase>
  <testcase name="asACatalogAdminIShouldBeAbleToDeleteACategoryByItsIdentifier()" classname="com.raderleao.admin.catalogo.e2e.category.CategoryE2ETest" time="0.001">
    <failure message="java.lang.IllegalStateException: Failed to load ApplicationContext" type="java.lang.IllegalStateException">java.lang.IllegalStateException: Failed to load ApplicationContext
	at org.springframework.test.context.cache.DefaultCacheAwareContextLoaderDelegate.loadContext(DefaultCacheAwareContextLoaderDelegate.java:98)
	at org.springframework.test.context.support.DefaultTestContext.getApplicationContext(DefaultTestContext.java:124)
	at org.springframework.test.context.web.ServletTestExecutionListener.setUpRequestContextIfNecessary(ServletTestExecutionListener.java:190)
	at org.springframework.test.context.web.ServletTestExecutionListener.prepareTestInstance(ServletTestExecutionListener.java:132)
	at org.springframework.test.context.TestContextManager.prepareTestInstance(TestContextManager.java:248)
	at org.springframework.test.context.junit.jupiter.SpringExtension.postProcessTestInstance(SpringExtension.java:138)
	at org.junit.jupiter.engine.descriptor.ClassBasedTestDescriptor.lambda$invokeTestInstancePostProcessors$8(ClassBasedTestDescriptor.java:363)
	at org.junit.jupiter.engine.descriptor.ClassBasedTestDescriptor.executeAndMaskThrowable(ClassBasedTestDescriptor.java:368)
	at org.junit.jupiter.engine.descriptor.ClassBasedTestDescriptor.lambda$invokeTestInstancePostProcessors$9(ClassBasedTestDescriptor.java:363)
	at java.base/java.util.stream.ReferencePipeline$3$1.accept(ReferencePipeline.java:197)
	at java.base/java.util.stream.ReferencePipeline$2$1.accept(ReferencePipeline.java:179)
	at java.base/java.util.ArrayList$ArrayListSpliterator.forEachRemaining(ArrayList.java:1625)
	at java.base/java.util.stream.AbstractPipeline.copyInto(AbstractPipeline.java:509)
	at java.base/java.util.stream.AbstractPipeline.wrapAndCopyInto(AbstractPipeline.java:499)
	at java.base/java.util.stream.StreamSpliterators$WrappingSpliterator.forEachRemaining(StreamSpliterators.java:310)
	at java.base/java.util.stream.Streams$ConcatSpliterator.forEachRemaining(Streams.java:735)
	at java.base/java.util.stream.Streams$ConcatSpliterator.forEachRemaining(Streams.java:734)
	at java.base/java.util.stream.ReferencePipeline$Head.forEach(ReferencePipeline.java:762)
	at org.junit.jupiter.engine.descriptor.ClassBasedTestDescriptor.invokeTestInstancePostProcessors(ClassBasedTestDescriptor.java:362)
	at org.junit.jupiter.engine.descriptor.ClassBasedTestDescriptor.lambda$instantiateAndPostProcessTestInstance$6(ClassBasedTestDescriptor.java:283)
	at org.junit.platform.engine.support.hierarchical.ThrowableCollector.execute(ThrowableCollector.java:73)
	at org.junit.jupiter.engine.descriptor.ClassBasedTestDescriptor.instantiateAndPostProcessTestInstance(ClassBasedTestDescriptor.java:282)
	at org.junit.jupiter.engine.descriptor.ClassBasedTestDescriptor.lambda$testInstancesProvider$4(ClassBasedTestDescriptor.java:272)
	at java.base/java.util.Optional.orElseGet(Optional.java:364)
	at org.junit.jupiter.engine.descriptor.ClassBasedTestDescriptor.lambda$testInstancesProvider$5(ClassBasedTestDescriptor.java:271)
	at org.junit.jupiter.engine.execution.TestInstancesProvider.getTestInstances(TestInstancesProvider.java:31)
	at org.junit.jupiter.engine.descriptor.TestMethodTestDescriptor.lambda$prepare$0(TestMethodTestDescriptor.java:102)
	at org.junit.platform.engine.support.hierarchical.ThrowableCollector.execute(ThrowableCollector.java:73)
	at org.junit.jupiter.engine.descriptor.TestMethodTestDescriptor.prepare(TestMethodTestDescriptor.java:101)
	at org.junit.jupiter.engine.descriptor.TestMethodTestDescriptor.prepare(TestMethodTestDescriptor.java:66)
	at org.junit.platform.engine.support.hierarchical.NodeTestTask.lambda$prepare$2(NodeTestTask.java:123)
	at org.junit.platform.engine.support.hierarchical.ThrowableCollector.execute(ThrowableCollector.java:73)
	at org.junit.platform.engine.support.hierarchical.NodeTestTask.prepare(NodeTestTask.java:123)
	at org.junit.platform.engine.support.hierarchical.NodeTestTask.execute(NodeTestTask.java:90)
	at java.base/java.util.ArrayList.forEach(ArrayList.java:1511)
	at org.junit.platform.engine.support.hierarchical.SameThreadHierarchicalTestExecutorService.invokeAll(SameThreadHierarchicalTestExecutorService.java:41)
	at org.junit.platform.engine.support.hierarchical.NodeTestTask.lambda$executeRecursively$6(NodeTestTask.java:155)
	at org.junit.platform.engine.support.hierarchical.ThrowableCollector.execute(ThrowableCollector.java:73)
	at org.junit.platform.engine.support.hierarchical.NodeTestTask.lambda$executeRecursively$8(NodeTestTask.java:141)
	at org.junit.platform.engine.support.hierarchical.Node.around(Node.java:137)
	at org.junit.platform.engine.support.hierarchical.NodeTestTask.lambda$executeRecursively$9(NodeTestTask.java:139)
	at org.junit.platform.engine.support.hierarchical.ThrowableCollector.execute(ThrowableCollector.java:73)
	at org.junit.platform.engine.support.hierarchical.NodeTestTask.executeRecursively(NodeTestTask.java:138)
	at org.junit.platform.engine.support.hierarchical.NodeTestTask.execute(NodeTestTask.java:95)
	at java.base/java.util.ArrayList.forEach(ArrayList.java:1511)
	at org.junit.platform.engine.support.hierarchical.SameThreadHierarchicalTestExecutorService.invokeAll(SameThreadHierarchicalTestExecutorService.java:41)
	at org.junit.platform.engine.support.hierarchical.NodeTestTask.lambda$executeRecursively$6(NodeTestTask.java:155)
	at org.junit.platform.engine.support.hierarchical.ThrowableCollector.execute(ThrowableCollector.java:73)
	at org.junit.platform.engine.support.hierarchical.NodeTestTask.lambda$executeRecursively$8(NodeTestTask.java:141)
	at org.junit.platform.engine.support.hierarchical.Node.around(Node.java:137)
	at org.junit.platform.engine.support.hierarchical.NodeTestTask.lambda$executeRecursively$9(NodeTestTask.java:139)
	at org.junit.platform.engine.support.hierarchical.ThrowableCollector.execute(ThrowableCollector.java:73)
	at org.junit.platform.engine.support.hierarchical.NodeTestTask.executeRecursively(NodeTestTask.java:138)
	at org.junit.platform.engine.support.hierarchical.NodeTestTask.execute(NodeTestTask.java:95)
	at org.junit.platform.engine.support.hierarchical.SameThreadHierarchicalTestExecutorService.submit(SameThreadHierarchicalTestExecutorService.java:35)
	at org.junit.platform.engine.support.hierarchical.HierarchicalTestExecutor.execute(HierarchicalTestExecutor.java:57)
	at org.junit.platform.engine.support.hierarchical.HierarchicalTestEngine.execute(HierarchicalTestEngine.java:54)
	at org.junit.platform.launcher.core.EngineExecutionOrchestrator.execute(EngineExecutionOrchestrator.java:107)
	at org.junit.platform.launcher.core.EngineExecutionOrchestrator.execute(EngineExecutionOrchestrator.java:88)
	at org.junit.platform.launcher.core.EngineExecutionOrchestrator.lambda$execute$0(EngineExecutionOrchestrator.java:54)
	at org.junit.platform.launcher.core.EngineExecutionOrchestrator.withInterceptedStreams(EngineExecutionOrchestrator.java:67)
	at org.junit.platform.launcher.core.EngineExecutionOrchestrator.execute(EngineExecutionOrchestrator.java:52)
	at org.junit.platform.launcher.core.DefaultLauncher.execute(DefaultLauncher.java:114)
	at org.junit.platform.launcher.core.DefaultLauncher.execute(DefaultLauncher.java:86)
	at org.junit.platform.launcher.core.DefaultLauncherSession$DelegatingLauncher.execute(DefaultLauncherSession.java:86)
	at org.junit.platform.launcher.core.SessionPerRequestLauncher.execute(SessionPerRequestLauncher.java:53)
	at org.gradle.api.internal.tasks.testing.junitplatform.JUnitPlatformTestClassProcessor$CollectAllTestClassesExecutor.processAllTestClasses(JUnitPlatformTestClassProcessor.java:99)
	at org.gradle.api.internal.tasks.testing.junitplatform.JUnitPlatformTestClassProcessor$CollectAllTestClassesExecutor.access$000(JUnitPlatformTestClassProcessor.java:79)
	at org.gradle.api.internal.tasks.testing.junitplatform.JUnitPlatformTestClassProcessor.stop(JUnitPlatformTestClassProcessor.java:75)
	at org.gradle.api.internal.tasks.testing.SuiteTestClassProcessor.stop(SuiteTestClassProcessor.java:62)
	at java.base/jdk.internal.reflect.NativeMethodAccessorImpl.invoke0(Native Method)
	at java.base/jdk.internal.reflect.NativeMethodAccessorImpl.invoke(NativeMethodAccessorImpl.java:77)
	at java.base/jdk.internal.reflect.DelegatingMethodAccessorImpl.invoke(DelegatingMethodAccessorImpl.java:43)
	at java.base/java.lang.reflect.Method.invoke(Method.java:568)
	at org.gradle.internal.dispatch.ReflectionDispatch.dispatch(ReflectionDispatch.java:36)
	at org.gradle.internal.dispatch.ReflectionDispatch.dispatch(ReflectionDispatch.java:24)
	at org.gradle.internal.dispatch.ContextClassLoaderDispatch.dispatch(ContextClassLoaderDispatch.java:33)
	at org.gradle.internal.dispatch.ProxyDispatchAdapter$DispatchingInvocationHandler.invoke(ProxyDispatchAdapter.java:94)
	at jdk.proxy1/jdk.proxy1.$Proxy2.stop(Unknown Source)
	at org.gradle.api.internal.tasks.testing.worker.TestWorker$3.run(TestWorker.java:193)
	at org.gradle.api.internal.tasks.testing.worker.TestWorker.executeAndMaintainThreadName(TestWorker.java:129)
	at org.gradle.api.internal.tasks.testing.worker.TestWorker.execute(TestWorker.java:100)
	at org.gradle.api.internal.tasks.testing.worker.TestWorker.execute(TestWorker.java:60)
	at org.gradle.process.internal.worker.child.ActionExecutionWorker.execute(ActionExecutionWorker.java:56)
	at org.gradle.process.internal.worker.child.SystemApplicationClassLoaderWorker.call(SystemApplicationClassLoaderWorker.java:113)
	at org.gradle.process.internal.worker.child.SystemApplicationClassLoaderWorker.call(SystemApplicationClassLoaderWorker.java:65)
	at worker.org.gradle.process.internal.worker.GradleWorkerMain.run(GradleWorkerMain.java:69)
	at worker.org.gradle.process.internal.worker.GradleWorkerMain.main(GradleWorkerMain.java:74)
Caused by: org.springframework.beans.factory.BeanCreationException: Error creating bean with name 'entityManagerFactory' defined in class path resource [org/springframework/boot/autoconfigure/orm/jpa/HibernateJpaConfiguration.class]: Invocation of init method failed; nested exception is org.hibernate.AnnotationException: No identifier specified for entity: com.raderleao.admin.catalogo.infrastructure.genre.persistence.GenreJpaEntity
	at app//org.springframework.beans.factory.support.AbstractAutowireCapableBeanFactory.initializeBean(AbstractAutowireCapableBeanFactory.java:1804)
	at app//org.springframework.beans.factory.support.AbstractAutowireCapableBeanFactory.doCreateBean(AbstractAutowireCapableBeanFactory.java:620)
	at app//org.springframework.beans.factory.support.AbstractAutowireCapableBeanFactory.createBean(AbstractAutowireCapableBeanFactory.java:542)
	at app//org.springframework.beans.factory.support.AbstractBeanFactory.lambda$doGetBean$0(AbstractBeanFactory.java:335)
	at app//org.springframework.beans.factory.support.DefaultSingletonBeanRegistry.getSingleton(DefaultSingletonBeanRegistry.java:234)
	at app//org.springframework.beans.factory.support.AbstractBeanFactory.doGetBean(AbstractBeanFactory.java:333)
	at app//org.springframework.beans.factory.support.AbstractBeanFactory.getBean(AbstractBeanFactory.java:208)
	at app//org.springframework.context.support.AbstractApplicationContext.getBean(AbstractApplicationContext.java:1154)
	at app//org.springframework.context.support.AbstractApplicationContext.finishBeanFactoryInitialization(AbstractApplicationContext.java:908)
	at app//org.springframework.context.support.AbstractApplicationContext.refresh(AbstractApplicationContext.java:583)
	at app//org.springframework.boot.SpringApplication.refresh(SpringApplication.java:731)
	at app//org.springframework.boot.SpringApplication.refreshContext(SpringApplication.java:408)
	at app//org.springframework.boot.SpringApplication.run(SpringApplication.java:307)
	at app//org.springframework.boot.test.context.SpringBootContextLoader.loadContext(SpringBootContextLoader.java:136)
	at app//org.springframework.test.context.cache.DefaultCacheAwareContextLoaderDelegate.loadContextInternal(DefaultCacheAwareContextLoaderDelegate.java:141)
	at app//org.springframework.test.context.cache.DefaultCacheAwareContextLoaderDelegate.loadContext(DefaultCacheAwareContextLoaderDelegate.java:90)
	... 87 more
Caused by: org.hibernate.AnnotationException: No identifier specified for entity: com.raderleao.admin.catalogo.infrastructure.genre.persistence.GenreJpaEntity
	at app//org.hibernate.cfg.InheritanceState.determineDefaultAccessType(InheritanceState.java:266)
	at app//org.hibernate.cfg.InheritanceState.getElementsToProcess(InheritanceState.java:211)
	at app//org.hibernate.cfg.InheritanceState.hasIdClassOrEmbeddedId(InheritanceState.java:185)
	at app//org.hibernate.cfg.AnnotationBinder.processElementAnnotations(AnnotationBinder.java:2253)
	at app//org.hibernate.cfg.AnnotationBinder.fillComponent(AnnotationBinder.java:2816)
	at app//org.hibernate.cfg.AnnotationBinder.fillComponent(AnnotationBinder.java:2698)
	at app//org.hibernate.cfg.AnnotationBinder.bindComponent(AnnotationBinder.java:2646)
	at app//org.hibernate.cfg.AnnotationBinder.processElementAnnotations(AnnotationBinder.java:2275)
	at app//org.hibernate.cfg.AnnotationBinder.processIdPropertiesIfNotAlready(AnnotationBinder.java:968)
	at app//org.hibernate.cfg.AnnotationBinder.bindClass(AnnotationBinder.java:793)
	at app//org.hibernate.boot.model.source.internal.annotations.AnnotationMetadataSourceProcessorImpl.processEntityHierarchies(AnnotationMetadataSourceProcessorImpl.java:225)
	at app//org.hibernate.boot.model.process.spi.MetadataBuildingProcess$1.processEntityHierarchies(MetadataBuildingProcess.java:239)
	at app//org.hibernate.boot.model.process.spi.MetadataBuildingProcess.complete(MetadataBuildingProcess.java:282)
	at app//org.hibernate.jpa.boot.internal.EntityManagerFactoryBuilderImpl.metadata(EntityManagerFactoryBuilderImpl.java:1460)
	at app//org.hibernate.jpa.boot.internal.EntityManagerFactoryBuilderImpl.build(EntityManagerFactoryBuilderImpl.java:1494)
	at app//org.springframework.orm.jpa.vendor.SpringHibernateJpaPersistenceProvider.createContainerEntityManagerFactory(SpringHibernateJpaPersistenceProvider.java:58)
	at app//org.springframework.orm.jpa.LocalContainerEntityManagerFactoryBean.createNativeEntityManagerFactory(LocalContainerEntityManagerFactoryBean.java:365)
	at app//org.springframework.orm.jpa.AbstractEntityManagerFactoryBean.buildNativeEntityManagerFactory(AbstractEntityManagerFactoryBean.java:409)
	at app//org.springframework.orm.jpa.AbstractEntityManagerFactoryBean.afterPropertiesSet(AbstractEntityManagerFactoryBean.java:396)
	at app//org.springframework.orm.jpa.LocalContainerEntityManagerFactoryBean.afterPropertiesSet(LocalContainerEntityManagerFactoryBean.java:341)
	at app//org.springframework.beans.factory.support.AbstractAutowireCapableBeanFactory.invokeInitMethods(AbstractAutowireCapableBeanFactory.java:1863)
	at app//org.springframework.beans.factory.support.AbstractAutowireCapableBeanFactory.initializeBean(AbstractAutowireCapableBeanFactory.java:1800)
	... 102 more
</failure>
  </testcase>
  <testcase name="asACatalogAdminIShouldBeAbleToSearchBetweenToAllCategories()" classname="com.raderleao.admin.catalogo.e2e.category.CategoryE2ETest" time="0.0">
    <failure message="java.lang.IllegalStateException: Failed to load ApplicationContext" type="java.lang.IllegalStateException">java.lang.IllegalStateException: Failed to load ApplicationContext
	at org.springframework.test.context.cache.DefaultCacheAwareContextLoaderDelegate.loadContext(DefaultCacheAwareContextLoaderDelegate.java:98)
	at org.springframework.test.context.support.DefaultTestContext.getApplicationContext(DefaultTestContext.java:124)
	at org.springframework.test.context.web.ServletTestExecutionListener.setUpRequestContextIfNecessary(ServletTestExecutionListener.java:190)
	at org.springframework.test.context.web.ServletTestExecutionListener.prepareTestInstance(ServletTestExecutionListener.java:132)
	at org.springframework.test.context.TestContextManager.prepareTestInstance(TestContextManager.java:248)
	at org.springframework.test.context.junit.jupiter.SpringExtension.postProcessTestInstance(SpringExtension.java:138)
	at org.junit.jupiter.engine.descriptor.ClassBasedTestDescriptor.lambda$invokeTestInstancePostProcessors$8(ClassBasedTestDescriptor.java:363)
	at org.junit.jupiter.engine.descriptor.ClassBasedTestDescriptor.executeAndMaskThrowable(ClassBasedTestDescriptor.java:368)
	at org.junit.jupiter.engine.descriptor.ClassBasedTestDescriptor.lambda$invokeTestInstancePostProcessors$9(ClassBasedTestDescriptor.java:363)
	at java.base/java.util.stream.ReferencePipeline$3$1.accept(ReferencePipeline.java:197)
	at java.base/java.util.stream.ReferencePipeline$2$1.accept(ReferencePipeline.java:179)
	at java.base/java.util.ArrayList$ArrayListSpliterator.forEachRemaining(ArrayList.java:1625)
	at java.base/java.util.stream.AbstractPipeline.copyInto(AbstractPipeline.java:509)
	at java.base/java.util.stream.AbstractPipeline.wrapAndCopyInto(AbstractPipeline.java:499)
	at java.base/java.util.stream.StreamSpliterators$WrappingSpliterator.forEachRemaining(StreamSpliterators.java:310)
	at java.base/java.util.stream.Streams$ConcatSpliterator.forEachRemaining(Streams.java:735)
	at java.base/java.util.stream.Streams$ConcatSpliterator.forEachRemaining(Streams.java:734)
	at java.base/java.util.stream.ReferencePipeline$Head.forEach(ReferencePipeline.java:762)
	at org.junit.jupiter.engine.descriptor.ClassBasedTestDescriptor.invokeTestInstancePostProcessors(ClassBasedTestDescriptor.java:362)
	at org.junit.jupiter.engine.descriptor.ClassBasedTestDescriptor.lambda$instantiateAndPostProcessTestInstance$6(ClassBasedTestDescriptor.java:283)
	at org.junit.platform.engine.support.hierarchical.ThrowableCollector.execute(ThrowableCollector.java:73)
	at org.junit.jupiter.engine.descriptor.ClassBasedTestDescriptor.instantiateAndPostProcessTestInstance(ClassBasedTestDescriptor.java:282)
	at org.junit.jupiter.engine.descriptor.ClassBasedTestDescriptor.lambda$testInstancesProvider$4(ClassBasedTestDescriptor.java:272)
	at java.base/java.util.Optional.orElseGet(Optional.java:364)
	at org.junit.jupiter.engine.descriptor.ClassBasedTestDescriptor.lambda$testInstancesProvider$5(ClassBasedTestDescriptor.java:271)
	at org.junit.jupiter.engine.execution.TestInstancesProvider.getTestInstances(TestInstancesProvider.java:31)
	at org.junit.jupiter.engine.descriptor.TestMethodTestDescriptor.lambda$prepare$0(TestMethodTestDescriptor.java:102)
	at org.junit.platform.engine.support.hierarchical.ThrowableCollector.execute(ThrowableCollector.java:73)
	at org.junit.jupiter.engine.descriptor.TestMethodTestDescriptor.prepare(TestMethodTestDescriptor.java:101)
	at org.junit.jupiter.engine.descriptor.TestMethodTestDescriptor.prepare(TestMethodTestDescriptor.java:66)
	at org.junit.platform.engine.support.hierarchical.NodeTestTask.lambda$prepare$2(NodeTestTask.java:123)
	at org.junit.platform.engine.support.hierarchical.ThrowableCollector.execute(ThrowableCollector.java:73)
	at org.junit.platform.engine.support.hierarchical.NodeTestTask.prepare(NodeTestTask.java:123)
	at org.junit.platform.engine.support.hierarchical.NodeTestTask.execute(NodeTestTask.java:90)
	at java.base/java.util.ArrayList.forEach(ArrayList.java:1511)
	at org.junit.platform.engine.support.hierarchical.SameThreadHierarchicalTestExecutorService.invokeAll(SameThreadHierarchicalTestExecutorService.java:41)
	at org.junit.platform.engine.support.hierarchical.NodeTestTask.lambda$executeRecursively$6(NodeTestTask.java:155)
	at org.junit.platform.engine.support.hierarchical.ThrowableCollector.execute(ThrowableCollector.java:73)
	at org.junit.platform.engine.support.hierarchical.NodeTestTask.lambda$executeRecursively$8(NodeTestTask.java:141)
	at org.junit.platform.engine.support.hierarchical.Node.around(Node.java:137)
	at org.junit.platform.engine.support.hierarchical.NodeTestTask.lambda$executeRecursively$9(NodeTestTask.java:139)
	at org.junit.platform.engine.support.hierarchical.ThrowableCollector.execute(ThrowableCollector.java:73)
	at org.junit.platform.engine.support.hierarchical.NodeTestTask.executeRecursively(NodeTestTask.java:138)
	at org.junit.platform.engine.support.hierarchical.NodeTestTask.execute(NodeTestTask.java:95)
	at java.base/java.util.ArrayList.forEach(ArrayList.java:1511)
	at org.junit.platform.engine.support.hierarchical.SameThreadHierarchicalTestExecutorService.invokeAll(SameThreadHierarchicalTestExecutorService.java:41)
	at org.junit.platform.engine.support.hierarchical.NodeTestTask.lambda$executeRecursively$6(NodeTestTask.java:155)
	at org.junit.platform.engine.support.hierarchical.ThrowableCollector.execute(ThrowableCollector.java:73)
	at org.junit.platform.engine.support.hierarchical.NodeTestTask.lambda$executeRecursively$8(NodeTestTask.java:141)
	at org.junit.platform.engine.support.hierarchical.Node.around(Node.java:137)
	at org.junit.platform.engine.support.hierarchical.NodeTestTask.lambda$executeRecursively$9(NodeTestTask.java:139)
	at org.junit.platform.engine.support.hierarchical.ThrowableCollector.execute(ThrowableCollector.java:73)
	at org.junit.platform.engine.support.hierarchical.NodeTestTask.executeRecursively(NodeTestTask.java:138)
	at org.junit.platform.engine.support.hierarchical.NodeTestTask.execute(NodeTestTask.java:95)
	at org.junit.platform.engine.support.hierarchical.SameThreadHierarchicalTestExecutorService.submit(SameThreadHierarchicalTestExecutorService.java:35)
	at org.junit.platform.engine.support.hierarchical.HierarchicalTestExecutor.execute(HierarchicalTestExecutor.java:57)
	at org.junit.platform.engine.support.hierarchical.HierarchicalTestEngine.execute(HierarchicalTestEngine.java:54)
	at org.junit.platform.launcher.core.EngineExecutionOrchestrator.execute(EngineExecutionOrchestrator.java:107)
	at org.junit.platform.launcher.core.EngineExecutionOrchestrator.execute(EngineExecutionOrchestrator.java:88)
	at org.junit.platform.launcher.core.EngineExecutionOrchestrator.lambda$execute$0(EngineExecutionOrchestrator.java:54)
	at org.junit.platform.launcher.core.EngineExecutionOrchestrator.withInterceptedStreams(EngineExecutionOrchestrator.java:67)
	at org.junit.platform.launcher.core.EngineExecutionOrchestrator.execute(EngineExecutionOrchestrator.java:52)
	at org.junit.platform.launcher.core.DefaultLauncher.execute(DefaultLauncher.java:114)
	at org.junit.platform.launcher.core.DefaultLauncher.execute(DefaultLauncher.java:86)
	at org.junit.platform.launcher.core.DefaultLauncherSession$DelegatingLauncher.execute(DefaultLauncherSession.java:86)
	at org.junit.platform.launcher.core.SessionPerRequestLauncher.execute(SessionPerRequestLauncher.java:53)
	at org.gradle.api.internal.tasks.testing.junitplatform.JUnitPlatformTestClassProcessor$CollectAllTestClassesExecutor.processAllTestClasses(JUnitPlatformTestClassProcessor.java:99)
	at org.gradle.api.internal.tasks.testing.junitplatform.JUnitPlatformTestClassProcessor$CollectAllTestClassesExecutor.access$000(JUnitPlatformTestClassProcessor.java:79)
	at org.gradle.api.internal.tasks.testing.junitplatform.JUnitPlatformTestClassProcessor.stop(JUnitPlatformTestClassProcessor.java:75)
	at org.gradle.api.internal.tasks.testing.SuiteTestClassProcessor.stop(SuiteTestClassProcessor.java:62)
	at java.base/jdk.internal.reflect.NativeMethodAccessorImpl.invoke0(Native Method)
	at java.base/jdk.internal.reflect.NativeMethodAccessorImpl.invoke(NativeMethodAccessorImpl.java:77)
	at java.base/jdk.internal.reflect.DelegatingMethodAccessorImpl.invoke(DelegatingMethodAccessorImpl.java:43)
	at java.base/java.lang.reflect.Method.invoke(Method.java:568)
	at org.gradle.internal.dispatch.ReflectionDispatch.dispatch(ReflectionDispatch.java:36)
	at org.gradle.internal.dispatch.ReflectionDispatch.dispatch(ReflectionDispatch.java:24)
	at org.gradle.internal.dispatch.ContextClassLoaderDispatch.dispatch(ContextClassLoaderDispatch.java:33)
	at org.gradle.internal.dispatch.ProxyDispatchAdapter$DispatchingInvocationHandler.invoke(ProxyDispatchAdapter.java:94)
	at jdk.proxy1/jdk.proxy1.$Proxy2.stop(Unknown Source)
	at org.gradle.api.internal.tasks.testing.worker.TestWorker$3.run(TestWorker.java:193)
	at org.gradle.api.internal.tasks.testing.worker.TestWorker.executeAndMaintainThreadName(TestWorker.java:129)
	at org.gradle.api.internal.tasks.testing.worker.TestWorker.execute(TestWorker.java:100)
	at org.gradle.api.internal.tasks.testing.worker.TestWorker.execute(TestWorker.java:60)
	at org.gradle.process.internal.worker.child.ActionExecutionWorker.execute(ActionExecutionWorker.java:56)
	at org.gradle.process.internal.worker.child.SystemApplicationClassLoaderWorker.call(SystemApplicationClassLoaderWorker.java:113)
	at org.gradle.process.internal.worker.child.SystemApplicationClassLoaderWorker.call(SystemApplicationClassLoaderWorker.java:65)
	at worker.org.gradle.process.internal.worker.GradleWorkerMain.run(GradleWorkerMain.java:69)
	at worker.org.gradle.process.internal.worker.GradleWorkerMain.main(GradleWorkerMain.java:74)
Caused by: org.springframework.beans.factory.BeanCreationException: Error creating bean with name 'entityManagerFactory' defined in class path resource [org/springframework/boot/autoconfigure/orm/jpa/HibernateJpaConfiguration.class]: Invocation of init method failed; nested exception is org.hibernate.AnnotationException: No identifier specified for entity: com.raderleao.admin.catalogo.infrastructure.genre.persistence.GenreJpaEntity
	at app//org.springframework.beans.factory.support.AbstractAutowireCapableBeanFactory.initializeBean(AbstractAutowireCapableBeanFactory.java:1804)
	at app//org.springframework.beans.factory.support.AbstractAutowireCapableBeanFactory.doCreateBean(AbstractAutowireCapableBeanFactory.java:620)
	at app//org.springframework.beans.factory.support.AbstractAutowireCapableBeanFactory.createBean(AbstractAutowireCapableBeanFactory.java:542)
	at app//org.springframework.beans.factory.support.AbstractBeanFactory.lambda$doGetBean$0(AbstractBeanFactory.java:335)
	at app//org.springframework.beans.factory.support.DefaultSingletonBeanRegistry.getSingleton(DefaultSingletonBeanRegistry.java:234)
	at app//org.springframework.beans.factory.support.AbstractBeanFactory.doGetBean(AbstractBeanFactory.java:333)
	at app//org.springframework.beans.factory.support.AbstractBeanFactory.getBean(AbstractBeanFactory.java:208)
	at app//org.springframework.context.support.AbstractApplicationContext.getBean(AbstractApplicationContext.java:1154)
	at app//org.springframework.context.support.AbstractApplicationContext.finishBeanFactoryInitialization(AbstractApplicationContext.java:908)
	at app//org.springframework.context.support.AbstractApplicationContext.refresh(AbstractApplicationContext.java:583)
	at app//org.springframework.boot.SpringApplication.refresh(SpringApplication.java:731)
	at app//org.springframework.boot.SpringApplication.refreshContext(SpringApplication.java:408)
	at app//org.springframework.boot.SpringApplication.run(SpringApplication.java:307)
	at app//org.springframework.boot.test.context.SpringBootContextLoader.loadContext(SpringBootContextLoader.java:136)
	at app//org.springframework.test.context.cache.DefaultCacheAwareContextLoaderDelegate.loadContextInternal(DefaultCacheAwareContextLoaderDelegate.java:141)
	at app//org.springframework.test.context.cache.DefaultCacheAwareContextLoaderDelegate.loadContext(DefaultCacheAwareContextLoaderDelegate.java:90)
	... 87 more
Caused by: org.hibernate.AnnotationException: No identifier specified for entity: com.raderleao.admin.catalogo.infrastructure.genre.persistence.GenreJpaEntity
	at app//org.hibernate.cfg.InheritanceState.determineDefaultAccessType(InheritanceState.java:266)
	at app//org.hibernate.cfg.InheritanceState.getElementsToProcess(InheritanceState.java:211)
	at app//org.hibernate.cfg.InheritanceState.hasIdClassOrEmbeddedId(InheritanceState.java:185)
	at app//org.hibernate.cfg.AnnotationBinder.processElementAnnotations(AnnotationBinder.java:2253)
	at app//org.hibernate.cfg.AnnotationBinder.fillComponent(AnnotationBinder.java:2816)
	at app//org.hibernate.cfg.AnnotationBinder.fillComponent(AnnotationBinder.java:2698)
	at app//org.hibernate.cfg.AnnotationBinder.bindComponent(AnnotationBinder.java:2646)
	at app//org.hibernate.cfg.AnnotationBinder.processElementAnnotations(AnnotationBinder.java:2275)
	at app//org.hibernate.cfg.AnnotationBinder.processIdPropertiesIfNotAlready(AnnotationBinder.java:968)
	at app//org.hibernate.cfg.AnnotationBinder.bindClass(AnnotationBinder.java:793)
	at app//org.hibernate.boot.model.source.internal.annotations.AnnotationMetadataSourceProcessorImpl.processEntityHierarchies(AnnotationMetadataSourceProcessorImpl.java:225)
	at app//org.hibernate.boot.model.process.spi.MetadataBuildingProcess$1.processEntityHierarchies(MetadataBuildingProcess.java:239)
	at app//org.hibernate.boot.model.process.spi.MetadataBuildingProcess.complete(MetadataBuildingProcess.java:282)
	at app//org.hibernate.jpa.boot.internal.EntityManagerFactoryBuilderImpl.metadata(EntityManagerFactoryBuilderImpl.java:1460)
	at app//org.hibernate.jpa.boot.internal.EntityManagerFactoryBuilderImpl.build(EntityManagerFactoryBuilderImpl.java:1494)
	at app//org.springframework.orm.jpa.vendor.SpringHibernateJpaPersistenceProvider.createContainerEntityManagerFactory(SpringHibernateJpaPersistenceProvider.java:58)
	at app//org.springframework.orm.jpa.LocalContainerEntityManagerFactoryBean.createNativeEntityManagerFactory(LocalContainerEntityManagerFactoryBean.java:365)
	at app//org.springframework.orm.jpa.AbstractEntityManagerFactoryBean.buildNativeEntityManagerFactory(AbstractEntityManagerFactoryBean.java:409)
	at app//org.springframework.orm.jpa.AbstractEntityManagerFactoryBean.afterPropertiesSet(AbstractEntityManagerFactoryBean.java:396)
	at app//org.springframework.orm.jpa.LocalContainerEntityManagerFactoryBean.afterPropertiesSet(LocalContainerEntityManagerFactoryBean.java:341)
	at app//org.springframework.beans.factory.support.AbstractAutowireCapableBeanFactory.invokeInitMethods(AbstractAutowireCapableBeanFactory.java:1863)
	at app//org.springframework.beans.factory.support.AbstractAutowireCapableBeanFactory.initializeBean(AbstractAutowireCapableBeanFactory.java:1800)
	... 102 more
</failure>
  </testcase>
  <testcase name="asACatalogAdminIShouldBeAbleToSeeATreatedErrorByGettingAnotFoundCategory()" classname="com.raderleao.admin.catalogo.e2e.category.CategoryE2ETest" time="0.0">
    <failure message="java.lang.IllegalStateException: Failed to load ApplicationContext" type="java.lang.IllegalStateException">java.lang.IllegalStateException: Failed to load ApplicationContext
	at org.springframework.test.context.cache.DefaultCacheAwareContextLoaderDelegate.loadContext(DefaultCacheAwareContextLoaderDelegate.java:98)
	at org.springframework.test.context.support.DefaultTestContext.getApplicationContext(DefaultTestContext.java:124)
	at org.springframework.test.context.web.ServletTestExecutionListener.setUpRequestContextIfNecessary(ServletTestExecutionListener.java:190)
	at org.springframework.test.context.web.ServletTestExecutionListener.prepareTestInstance(ServletTestExecutionListener.java:132)
	at org.springframework.test.context.TestContextManager.prepareTestInstance(TestContextManager.java:248)
	at org.springframework.test.context.junit.jupiter.SpringExtension.postProcessTestInstance(SpringExtension.java:138)
	at org.junit.jupiter.engine.descriptor.ClassBasedTestDescriptor.lambda$invokeTestInstancePostProcessors$8(ClassBasedTestDescriptor.java:363)
	at org.junit.jupiter.engine.descriptor.ClassBasedTestDescriptor.executeAndMaskThrowable(ClassBasedTestDescriptor.java:368)
	at org.junit.jupiter.engine.descriptor.ClassBasedTestDescriptor.lambda$invokeTestInstancePostProcessors$9(ClassBasedTestDescriptor.java:363)
	at java.base/java.util.stream.ReferencePipeline$3$1.accept(ReferencePipeline.java:197)
	at java.base/java.util.stream.ReferencePipeline$2$1.accept(ReferencePipeline.java:179)
	at java.base/java.util.ArrayList$ArrayListSpliterator.forEachRemaining(ArrayList.java:1625)
	at java.base/java.util.stream.AbstractPipeline.copyInto(AbstractPipeline.java:509)
	at java.base/java.util.stream.AbstractPipeline.wrapAndCopyInto(AbstractPipeline.java:499)
	at java.base/java.util.stream.StreamSpliterators$WrappingSpliterator.forEachRemaining(StreamSpliterators.java:310)
	at java.base/java.util.stream.Streams$ConcatSpliterator.forEachRemaining(Streams.java:735)
	at java.base/java.util.stream.Streams$ConcatSpliterator.forEachRemaining(Streams.java:734)
	at java.base/java.util.stream.ReferencePipeline$Head.forEach(ReferencePipeline.java:762)
	at org.junit.jupiter.engine.descriptor.ClassBasedTestDescriptor.invokeTestInstancePostProcessors(ClassBasedTestDescriptor.java:362)
	at org.junit.jupiter.engine.descriptor.ClassBasedTestDescriptor.lambda$instantiateAndPostProcessTestInstance$6(ClassBasedTestDescriptor.java:283)
	at org.junit.platform.engine.support.hierarchical.ThrowableCollector.execute(ThrowableCollector.java:73)
	at org.junit.jupiter.engine.descriptor.ClassBasedTestDescriptor.instantiateAndPostProcessTestInstance(ClassBasedTestDescriptor.java:282)
	at org.junit.jupiter.engine.descriptor.ClassBasedTestDescriptor.lambda$testInstancesProvider$4(ClassBasedTestDescriptor.java:272)
	at java.base/java.util.Optional.orElseGet(Optional.java:364)
	at org.junit.jupiter.engine.descriptor.ClassBasedTestDescriptor.lambda$testInstancesProvider$5(ClassBasedTestDescriptor.java:271)
	at org.junit.jupiter.engine.execution.TestInstancesProvider.getTestInstances(TestInstancesProvider.java:31)
	at org.junit.jupiter.engine.descriptor.TestMethodTestDescriptor.lambda$prepare$0(TestMethodTestDescriptor.java:102)
	at org.junit.platform.engine.support.hierarchical.ThrowableCollector.execute(ThrowableCollector.java:73)
	at org.junit.jupiter.engine.descriptor.TestMethodTestDescriptor.prepare(TestMethodTestDescriptor.java:101)
	at org.junit.jupiter.engine.descriptor.TestMethodTestDescriptor.prepare(TestMethodTestDescriptor.java:66)
	at org.junit.platform.engine.support.hierarchical.NodeTestTask.lambda$prepare$2(NodeTestTask.java:123)
	at org.junit.platform.engine.support.hierarchical.ThrowableCollector.execute(ThrowableCollector.java:73)
	at org.junit.platform.engine.support.hierarchical.NodeTestTask.prepare(NodeTestTask.java:123)
	at org.junit.platform.engine.support.hierarchical.NodeTestTask.execute(NodeTestTask.java:90)
	at java.base/java.util.ArrayList.forEach(ArrayList.java:1511)
	at org.junit.platform.engine.support.hierarchical.SameThreadHierarchicalTestExecutorService.invokeAll(SameThreadHierarchicalTestExecutorService.java:41)
	at org.junit.platform.engine.support.hierarchical.NodeTestTask.lambda$executeRecursively$6(NodeTestTask.java:155)
	at org.junit.platform.engine.support.hierarchical.ThrowableCollector.execute(ThrowableCollector.java:73)
	at org.junit.platform.engine.support.hierarchical.NodeTestTask.lambda$executeRecursively$8(NodeTestTask.java:141)
	at org.junit.platform.engine.support.hierarchical.Node.around(Node.java:137)
	at org.junit.platform.engine.support.hierarchical.NodeTestTask.lambda$executeRecursively$9(NodeTestTask.java:139)
	at org.junit.platform.engine.support.hierarchical.ThrowableCollector.execute(ThrowableCollector.java:73)
	at org.junit.platform.engine.support.hierarchical.NodeTestTask.executeRecursively(NodeTestTask.java:138)
	at org.junit.platform.engine.support.hierarchical.NodeTestTask.execute(NodeTestTask.java:95)
	at java.base/java.util.ArrayList.forEach(ArrayList.java:1511)
	at org.junit.platform.engine.support.hierarchical.SameThreadHierarchicalTestExecutorService.invokeAll(SameThreadHierarchicalTestExecutorService.java:41)
	at org.junit.platform.engine.support.hierarchical.NodeTestTask.lambda$executeRecursively$6(NodeTestTask.java:155)
	at org.junit.platform.engine.support.hierarchical.ThrowableCollector.execute(ThrowableCollector.java:73)
	at org.junit.platform.engine.support.hierarchical.NodeTestTask.lambda$executeRecursively$8(NodeTestTask.java:141)
	at org.junit.platform.engine.support.hierarchical.Node.around(Node.java:137)
	at org.junit.platform.engine.support.hierarchical.NodeTestTask.lambda$executeRecursively$9(NodeTestTask.java:139)
	at org.junit.platform.engine.support.hierarchical.ThrowableCollector.execute(ThrowableCollector.java:73)
	at org.junit.platform.engine.support.hierarchical.NodeTestTask.executeRecursively(NodeTestTask.java:138)
	at org.junit.platform.engine.support.hierarchical.NodeTestTask.execute(NodeTestTask.java:95)
	at org.junit.platform.engine.support.hierarchical.SameThreadHierarchicalTestExecutorService.submit(SameThreadHierarchicalTestExecutorService.java:35)
	at org.junit.platform.engine.support.hierarchical.HierarchicalTestExecutor.execute(HierarchicalTestExecutor.java:57)
	at org.junit.platform.engine.support.hierarchical.HierarchicalTestEngine.execute(HierarchicalTestEngine.java:54)
	at org.junit.platform.launcher.core.EngineExecutionOrchestrator.execute(EngineExecutionOrchestrator.java:107)
	at org.junit.platform.launcher.core.EngineExecutionOrchestrator.execute(EngineExecutionOrchestrator.java:88)
	at org.junit.platform.launcher.core.EngineExecutionOrchestrator.lambda$execute$0(EngineExecutionOrchestrator.java:54)
	at org.junit.platform.launcher.core.EngineExecutionOrchestrator.withInterceptedStreams(EngineExecutionOrchestrator.java:67)
	at org.junit.platform.launcher.core.EngineExecutionOrchestrator.execute(EngineExecutionOrchestrator.java:52)
	at org.junit.platform.launcher.core.DefaultLauncher.execute(DefaultLauncher.java:114)
	at org.junit.platform.launcher.core.DefaultLauncher.execute(DefaultLauncher.java:86)
	at org.junit.platform.launcher.core.DefaultLauncherSession$DelegatingLauncher.execute(DefaultLauncherSession.java:86)
	at org.junit.platform.launcher.core.SessionPerRequestLauncher.execute(SessionPerRequestLauncher.java:53)
	at org.gradle.api.internal.tasks.testing.junitplatform.JUnitPlatformTestClassProcessor$CollectAllTestClassesExecutor.processAllTestClasses(JUnitPlatformTestClassProcessor.java:99)
	at org.gradle.api.internal.tasks.testing.junitplatform.JUnitPlatformTestClassProcessor$CollectAllTestClassesExecutor.access$000(JUnitPlatformTestClassProcessor.java:79)
	at org.gradle.api.internal.tasks.testing.junitplatform.JUnitPlatformTestClassProcessor.stop(JUnitPlatformTestClassProcessor.java:75)
	at org.gradle.api.internal.tasks.testing.SuiteTestClassProcessor.stop(SuiteTestClassProcessor.java:62)
	at java.base/jdk.internal.reflect.NativeMethodAccessorImpl.invoke0(Native Method)
	at java.base/jdk.internal.reflect.NativeMethodAccessorImpl.invoke(NativeMethodAccessorImpl.java:77)
	at java.base/jdk.internal.reflect.DelegatingMethodAccessorImpl.invoke(DelegatingMethodAccessorImpl.java:43)
	at java.base/java.lang.reflect.Method.invoke(Method.java:568)
	at org.gradle.internal.dispatch.ReflectionDispatch.dispatch(ReflectionDispatch.java:36)
	at org.gradle.internal.dispatch.ReflectionDispatch.dispatch(ReflectionDispatch.java:24)
	at org.gradle.internal.dispatch.ContextClassLoaderDispatch.dispatch(ContextClassLoaderDispatch.java:33)
	at org.gradle.internal.dispatch.ProxyDispatchAdapter$DispatchingInvocationHandler.invoke(ProxyDispatchAdapter.java:94)
	at jdk.proxy1/jdk.proxy1.$Proxy2.stop(Unknown Source)
	at org.gradle.api.internal.tasks.testing.worker.TestWorker$3.run(TestWorker.java:193)
	at org.gradle.api.internal.tasks.testing.worker.TestWorker.executeAndMaintainThreadName(TestWorker.java:129)
	at org.gradle.api.internal.tasks.testing.worker.TestWorker.execute(TestWorker.java:100)
	at org.gradle.api.internal.tasks.testing.worker.TestWorker.execute(TestWorker.java:60)
	at org.gradle.process.internal.worker.child.ActionExecutionWorker.execute(ActionExecutionWorker.java:56)
	at org.gradle.process.internal.worker.child.SystemApplicationClassLoaderWorker.call(SystemApplicationClassLoaderWorker.java:113)
	at org.gradle.process.internal.worker.child.SystemApplicationClassLoaderWorker.call(SystemApplicationClassLoaderWorker.java:65)
	at worker.org.gradle.process.internal.worker.GradleWorkerMain.run(GradleWorkerMain.java:69)
	at worker.org.gradle.process.internal.worker.GradleWorkerMain.main(GradleWorkerMain.java:74)
Caused by: org.springframework.beans.factory.BeanCreationException: Error creating bean with name 'entityManagerFactory' defined in class path resource [org/springframework/boot/autoconfigure/orm/jpa/HibernateJpaConfiguration.class]: Invocation of init method failed; nested exception is org.hibernate.AnnotationException: No identifier specified for entity: com.raderleao.admin.catalogo.infrastructure.genre.persistence.GenreJpaEntity
	at app//org.springframework.beans.factory.support.AbstractAutowireCapableBeanFactory.initializeBean(AbstractAutowireCapableBeanFactory.java:1804)
	at app//org.springframework.beans.factory.support.AbstractAutowireCapableBeanFactory.doCreateBean(AbstractAutowireCapableBeanFactory.java:620)
	at app//org.springframework.beans.factory.support.AbstractAutowireCapableBeanFactory.createBean(AbstractAutowireCapableBeanFactory.java:542)
	at app//org.springframework.beans.factory.support.AbstractBeanFactory.lambda$doGetBean$0(AbstractBeanFactory.java:335)
	at app//org.springframework.beans.factory.support.DefaultSingletonBeanRegistry.getSingleton(DefaultSingletonBeanRegistry.java:234)
	at app//org.springframework.beans.factory.support.AbstractBeanFactory.doGetBean(AbstractBeanFactory.java:333)
	at app//org.springframework.beans.factory.support.AbstractBeanFactory.getBean(AbstractBeanFactory.java:208)
	at app//org.springframework.context.support.AbstractApplicationContext.getBean(AbstractApplicationContext.java:1154)
	at app//org.springframework.context.support.AbstractApplicationContext.finishBeanFactoryInitialization(AbstractApplicationContext.java:908)
	at app//org.springframework.context.support.AbstractApplicationContext.refresh(AbstractApplicationContext.java:583)
	at app//org.springframework.boot.SpringApplication.refresh(SpringApplication.java:731)
	at app//org.springframework.boot.SpringApplication.refreshContext(SpringApplication.java:408)
	at app//org.springframework.boot.SpringApplication.run(SpringApplication.java:307)
	at app//org.springframework.boot.test.context.SpringBootContextLoader.loadContext(SpringBootContextLoader.java:136)
	at app//org.springframework.test.context.cache.DefaultCacheAwareContextLoaderDelegate.loadContextInternal(DefaultCacheAwareContextLoaderDelegate.java:141)
	at app//org.springframework.test.context.cache.DefaultCacheAwareContextLoaderDelegate.loadContext(DefaultCacheAwareContextLoaderDelegate.java:90)
	... 87 more
Caused by: org.hibernate.AnnotationException: No identifier specified for entity: com.raderleao.admin.catalogo.infrastructure.genre.persistence.GenreJpaEntity
	at app//org.hibernate.cfg.InheritanceState.determineDefaultAccessType(InheritanceState.java:266)
	at app//org.hibernate.cfg.InheritanceState.getElementsToProcess(InheritanceState.java:211)
	at app//org.hibernate.cfg.InheritanceState.hasIdClassOrEmbeddedId(InheritanceState.java:185)
	at app//org.hibernate.cfg.AnnotationBinder.processElementAnnotations(AnnotationBinder.java:2253)
	at app//org.hibernate.cfg.AnnotationBinder.fillComponent(AnnotationBinder.java:2816)
	at app//org.hibernate.cfg.AnnotationBinder.fillComponent(AnnotationBinder.java:2698)
	at app//org.hibernate.cfg.AnnotationBinder.bindComponent(AnnotationBinder.java:2646)
	at app//org.hibernate.cfg.AnnotationBinder.processElementAnnotations(AnnotationBinder.java:2275)
	at app//org.hibernate.cfg.AnnotationBinder.processIdPropertiesIfNotAlready(AnnotationBinder.java:968)
	at app//org.hibernate.cfg.AnnotationBinder.bindClass(AnnotationBinder.java:793)
	at app//org.hibernate.boot.model.source.internal.annotations.AnnotationMetadataSourceProcessorImpl.processEntityHierarchies(AnnotationMetadataSourceProcessorImpl.java:225)
	at app//org.hibernate.boot.model.process.spi.MetadataBuildingProcess$1.processEntityHierarchies(MetadataBuildingProcess.java:239)
	at app//org.hibernate.boot.model.process.spi.MetadataBuildingProcess.complete(MetadataBuildingProcess.java:282)
	at app//org.hibernate.jpa.boot.internal.EntityManagerFactoryBuilderImpl.metadata(EntityManagerFactoryBuilderImpl.java:1460)
	at app//org.hibernate.jpa.boot.internal.EntityManagerFactoryBuilderImpl.build(EntityManagerFactoryBuilderImpl.java:1494)
	at app//org.springframework.orm.jpa.vendor.SpringHibernateJpaPersistenceProvider.createContainerEntityManagerFactory(SpringHibernateJpaPersistenceProvider.java:58)
	at app//org.springframework.orm.jpa.LocalContainerEntityManagerFactoryBean.createNativeEntityManagerFactory(LocalContainerEntityManagerFactoryBean.java:365)
	at app//org.springframework.orm.jpa.AbstractEntityManagerFactoryBean.buildNativeEntityManagerFactory(AbstractEntityManagerFactoryBean.java:409)
	at app//org.springframework.orm.jpa.AbstractEntityManagerFactoryBean.afterPropertiesSet(AbstractEntityManagerFactoryBean.java:396)
	at app//org.springframework.orm.jpa.LocalContainerEntityManagerFactoryBean.afterPropertiesSet(LocalContainerEntityManagerFactoryBean.java:341)
	at app//org.springframework.beans.factory.support.AbstractAutowireCapableBeanFactory.invokeInitMethods(AbstractAutowireCapableBeanFactory.java:1863)
	at app//org.springframework.beans.factory.support.AbstractAutowireCapableBeanFactory.initializeBean(AbstractAutowireCapableBeanFactory.java:1800)
	... 102 more
</failure>
  </testcase>
  <testcase name="asACatalogAdminIShouldBeAbleToCreateANewCategoryWithValidValues()" classname="com.raderleao.admin.catalogo.e2e.category.CategoryE2ETest" time="0.0">
    <failure message="java.lang.IllegalStateException: Failed to load ApplicationContext" type="java.lang.IllegalStateException">java.lang.IllegalStateException: Failed to load ApplicationContext
	at org.springframework.test.context.cache.DefaultCacheAwareContextLoaderDelegate.loadContext(DefaultCacheAwareContextLoaderDelegate.java:98)
	at org.springframework.test.context.support.DefaultTestContext.getApplicationContext(DefaultTestContext.java:124)
	at org.springframework.test.context.web.ServletTestExecutionListener.setUpRequestContextIfNecessary(ServletTestExecutionListener.java:190)
	at org.springframework.test.context.web.ServletTestExecutionListener.prepareTestInstance(ServletTestExecutionListener.java:132)
	at org.springframework.test.context.TestContextManager.prepareTestInstance(TestContextManager.java:248)
	at org.springframework.test.context.junit.jupiter.SpringExtension.postProcessTestInstance(SpringExtension.java:138)
	at org.junit.jupiter.engine.descriptor.ClassBasedTestDescriptor.lambda$invokeTestInstancePostProcessors$8(ClassBasedTestDescriptor.java:363)
	at org.junit.jupiter.engine.descriptor.ClassBasedTestDescriptor.executeAndMaskThrowable(ClassBasedTestDescriptor.java:368)
	at org.junit.jupiter.engine.descriptor.ClassBasedTestDescriptor.lambda$invokeTestInstancePostProcessors$9(ClassBasedTestDescriptor.java:363)
	at java.base/java.util.stream.ReferencePipeline$3$1.accept(ReferencePipeline.java:197)
	at java.base/java.util.stream.ReferencePipeline$2$1.accept(ReferencePipeline.java:179)
	at java.base/java.util.ArrayList$ArrayListSpliterator.forEachRemaining(ArrayList.java:1625)
	at java.base/java.util.stream.AbstractPipeline.copyInto(AbstractPipeline.java:509)
	at java.base/java.util.stream.AbstractPipeline.wrapAndCopyInto(AbstractPipeline.java:499)
	at java.base/java.util.stream.StreamSpliterators$WrappingSpliterator.forEachRemaining(StreamSpliterators.java:310)
	at java.base/java.util.stream.Streams$ConcatSpliterator.forEachRemaining(Streams.java:735)
	at java.base/java.util.stream.Streams$ConcatSpliterator.forEachRemaining(Streams.java:734)
	at java.base/java.util.stream.ReferencePipeline$Head.forEach(ReferencePipeline.java:762)
	at org.junit.jupiter.engine.descriptor.ClassBasedTestDescriptor.invokeTestInstancePostProcessors(ClassBasedTestDescriptor.java:362)
	at org.junit.jupiter.engine.descriptor.ClassBasedTestDescriptor.lambda$instantiateAndPostProcessTestInstance$6(ClassBasedTestDescriptor.java:283)
	at org.junit.platform.engine.support.hierarchical.ThrowableCollector.execute(ThrowableCollector.java:73)
	at org.junit.jupiter.engine.descriptor.ClassBasedTestDescriptor.instantiateAndPostProcessTestInstance(ClassBasedTestDescriptor.java:282)
	at org.junit.jupiter.engine.descriptor.ClassBasedTestDescriptor.lambda$testInstancesProvider$4(ClassBasedTestDescriptor.java:272)
	at java.base/java.util.Optional.orElseGet(Optional.java:364)
	at org.junit.jupiter.engine.descriptor.ClassBasedTestDescriptor.lambda$testInstancesProvider$5(ClassBasedTestDescriptor.java:271)
	at org.junit.jupiter.engine.execution.TestInstancesProvider.getTestInstances(TestInstancesProvider.java:31)
	at org.junit.jupiter.engine.descriptor.TestMethodTestDescriptor.lambda$prepare$0(TestMethodTestDescriptor.java:102)
	at org.junit.platform.engine.support.hierarchical.ThrowableCollector.execute(ThrowableCollector.java:73)
	at org.junit.jupiter.engine.descriptor.TestMethodTestDescriptor.prepare(TestMethodTestDescriptor.java:101)
	at org.junit.jupiter.engine.descriptor.TestMethodTestDescriptor.prepare(TestMethodTestDescriptor.java:66)
	at org.junit.platform.engine.support.hierarchical.NodeTestTask.lambda$prepare$2(NodeTestTask.java:123)
	at org.junit.platform.engine.support.hierarchical.ThrowableCollector.execute(ThrowableCollector.java:73)
	at org.junit.platform.engine.support.hierarchical.NodeTestTask.prepare(NodeTestTask.java:123)
	at org.junit.platform.engine.support.hierarchical.NodeTestTask.execute(NodeTestTask.java:90)
	at java.base/java.util.ArrayList.forEach(ArrayList.java:1511)
	at org.junit.platform.engine.support.hierarchical.SameThreadHierarchicalTestExecutorService.invokeAll(SameThreadHierarchicalTestExecutorService.java:41)
	at org.junit.platform.engine.support.hierarchical.NodeTestTask.lambda$executeRecursively$6(NodeTestTask.java:155)
	at org.junit.platform.engine.support.hierarchical.ThrowableCollector.execute(ThrowableCollector.java:73)
	at org.junit.platform.engine.support.hierarchical.NodeTestTask.lambda$executeRecursively$8(NodeTestTask.java:141)
	at org.junit.platform.engine.support.hierarchical.Node.around(Node.java:137)
	at org.junit.platform.engine.support.hierarchical.NodeTestTask.lambda$executeRecursively$9(NodeTestTask.java:139)
	at org.junit.platform.engine.support.hierarchical.ThrowableCollector.execute(ThrowableCollector.java:73)
	at org.junit.platform.engine.support.hierarchical.NodeTestTask.executeRecursively(NodeTestTask.java:138)
	at org.junit.platform.engine.support.hierarchical.NodeTestTask.execute(NodeTestTask.java:95)
	at java.base/java.util.ArrayList.forEach(ArrayList.java:1511)
	at org.junit.platform.engine.support.hierarchical.SameThreadHierarchicalTestExecutorService.invokeAll(SameThreadHierarchicalTestExecutorService.java:41)
	at org.junit.platform.engine.support.hierarchical.NodeTestTask.lambda$executeRecursively$6(NodeTestTask.java:155)
	at org.junit.platform.engine.support.hierarchical.ThrowableCollector.execute(ThrowableCollector.java:73)
	at org.junit.platform.engine.support.hierarchical.NodeTestTask.lambda$executeRecursively$8(NodeTestTask.java:141)
	at org.junit.platform.engine.support.hierarchical.Node.around(Node.java:137)
	at org.junit.platform.engine.support.hierarchical.NodeTestTask.lambda$executeRecursively$9(NodeTestTask.java:139)
	at org.junit.platform.engine.support.hierarchical.ThrowableCollector.execute(ThrowableCollector.java:73)
	at org.junit.platform.engine.support.hierarchical.NodeTestTask.executeRecursively(NodeTestTask.java:138)
	at org.junit.platform.engine.support.hierarchical.NodeTestTask.execute(NodeTestTask.java:95)
	at org.junit.platform.engine.support.hierarchical.SameThreadHierarchicalTestExecutorService.submit(SameThreadHierarchicalTestExecutorService.java:35)
	at org.junit.platform.engine.support.hierarchical.HierarchicalTestExecutor.execute(HierarchicalTestExecutor.java:57)
	at org.junit.platform.engine.support.hierarchical.HierarchicalTestEngine.execute(HierarchicalTestEngine.java:54)
	at org.junit.platform.launcher.core.EngineExecutionOrchestrator.execute(EngineExecutionOrchestrator.java:107)
	at org.junit.platform.launcher.core.EngineExecutionOrchestrator.execute(EngineExecutionOrchestrator.java:88)
	at org.junit.platform.launcher.core.EngineExecutionOrchestrator.lambda$execute$0(EngineExecutionOrchestrator.java:54)
	at org.junit.platform.launcher.core.EngineExecutionOrchestrator.withInterceptedStreams(EngineExecutionOrchestrator.java:67)
	at org.junit.platform.launcher.core.EngineExecutionOrchestrator.execute(EngineExecutionOrchestrator.java:52)
	at org.junit.platform.launcher.core.DefaultLauncher.execute(DefaultLauncher.java:114)
	at org.junit.platform.launcher.core.DefaultLauncher.execute(DefaultLauncher.java:86)
	at org.junit.platform.launcher.core.DefaultLauncherSession$DelegatingLauncher.execute(DefaultLauncherSession.java:86)
	at org.junit.platform.launcher.core.SessionPerRequestLauncher.execute(SessionPerRequestLauncher.java:53)
	at org.gradle.api.internal.tasks.testing.junitplatform.JUnitPlatformTestClassProcessor$CollectAllTestClassesExecutor.processAllTestClasses(JUnitPlatformTestClassProcessor.java:99)
	at org.gradle.api.internal.tasks.testing.junitplatform.JUnitPlatformTestClassProcessor$CollectAllTestClassesExecutor.access$000(JUnitPlatformTestClassProcessor.java:79)
	at org.gradle.api.internal.tasks.testing.junitplatform.JUnitPlatformTestClassProcessor.stop(JUnitPlatformTestClassProcessor.java:75)
	at org.gradle.api.internal.tasks.testing.SuiteTestClassProcessor.stop(SuiteTestClassProcessor.java:62)
	at java.base/jdk.internal.reflect.NativeMethodAccessorImpl.invoke0(Native Method)
	at java.base/jdk.internal.reflect.NativeMethodAccessorImpl.invoke(NativeMethodAccessorImpl.java:77)
	at java.base/jdk.internal.reflect.DelegatingMethodAccessorImpl.invoke(DelegatingMethodAccessorImpl.java:43)
	at java.base/java.lang.reflect.Method.invoke(Method.java:568)
	at org.gradle.internal.dispatch.ReflectionDispatch.dispatch(ReflectionDispatch.java:36)
	at org.gradle.internal.dispatch.ReflectionDispatch.dispatch(ReflectionDispatch.java:24)
	at org.gradle.internal.dispatch.ContextClassLoaderDispatch.dispatch(ContextClassLoaderDispatch.java:33)
	at org.gradle.internal.dispatch.ProxyDispatchAdapter$DispatchingInvocationHandler.invoke(ProxyDispatchAdapter.java:94)
	at jdk.proxy1/jdk.proxy1.$Proxy2.stop(Unknown Source)
	at org.gradle.api.internal.tasks.testing.worker.TestWorker$3.run(TestWorker.java:193)
	at org.gradle.api.internal.tasks.testing.worker.TestWorker.executeAndMaintainThreadName(TestWorker.java:129)
	at org.gradle.api.internal.tasks.testing.worker.TestWorker.execute(TestWorker.java:100)
	at org.gradle.api.internal.tasks.testing.worker.TestWorker.execute(TestWorker.java:60)
	at org.gradle.process.internal.worker.child.ActionExecutionWorker.execute(ActionExecutionWorker.java:56)
	at org.gradle.process.internal.worker.child.SystemApplicationClassLoaderWorker.call(SystemApplicationClassLoaderWorker.java:113)
	at org.gradle.process.internal.worker.child.SystemApplicationClassLoaderWorker.call(SystemApplicationClassLoaderWorker.java:65)
	at worker.org.gradle.process.internal.worker.GradleWorkerMain.run(GradleWorkerMain.java:69)
	at worker.org.gradle.process.internal.worker.GradleWorkerMain.main(GradleWorkerMain.java:74)
Caused by: org.springframework.beans.factory.BeanCreationException: Error creating bean with name 'entityManagerFactory' defined in class path resource [org/springframework/boot/autoconfigure/orm/jpa/HibernateJpaConfiguration.class]: Invocation of init method failed; nested exception is org.hibernate.AnnotationException: No identifier specified for entity: com.raderleao.admin.catalogo.infrastructure.genre.persistence.GenreJpaEntity
	at app//org.springframework.beans.factory.support.AbstractAutowireCapableBeanFactory.initializeBean(AbstractAutowireCapableBeanFactory.java:1804)
	at app//org.springframework.beans.factory.support.AbstractAutowireCapableBeanFactory.doCreateBean(AbstractAutowireCapableBeanFactory.java:620)
	at app//org.springframework.beans.factory.support.AbstractAutowireCapableBeanFactory.createBean(AbstractAutowireCapableBeanFactory.java:542)
	at app//org.springframework.beans.factory.support.AbstractBeanFactory.lambda$doGetBean$0(AbstractBeanFactory.java:335)
	at app//org.springframework.beans.factory.support.DefaultSingletonBeanRegistry.getSingleton(DefaultSingletonBeanRegistry.java:234)
	at app//org.springframework.beans.factory.support.AbstractBeanFactory.doGetBean(AbstractBeanFactory.java:333)
	at app//org.springframework.beans.factory.support.AbstractBeanFactory.getBean(AbstractBeanFactory.java:208)
	at app//org.springframework.context.support.AbstractApplicationContext.getBean(AbstractApplicationContext.java:1154)
	at app//org.springframework.context.support.AbstractApplicationContext.finishBeanFactoryInitialization(AbstractApplicationContext.java:908)
	at app//org.springframework.context.support.AbstractApplicationContext.refresh(AbstractApplicationContext.java:583)
	at app//org.springframework.boot.SpringApplication.refresh(SpringApplication.java:731)
	at app//org.springframework.boot.SpringApplication.refreshContext(SpringApplication.java:408)
	at app//org.springframework.boot.SpringApplication.run(SpringApplication.java:307)
	at app//org.springframework.boot.test.context.SpringBootContextLoader.loadContext(SpringBootContextLoader.java:136)
	at app//org.springframework.test.context.cache.DefaultCacheAwareContextLoaderDelegate.loadContextInternal(DefaultCacheAwareContextLoaderDelegate.java:141)
	at app//org.springframework.test.context.cache.DefaultCacheAwareContextLoaderDelegate.loadContext(DefaultCacheAwareContextLoaderDelegate.java:90)
	... 87 more
Caused by: org.hibernate.AnnotationException: No identifier specified for entity: com.raderleao.admin.catalogo.infrastructure.genre.persistence.GenreJpaEntity
	at app//org.hibernate.cfg.InheritanceState.determineDefaultAccessType(InheritanceState.java:266)
	at app//org.hibernate.cfg.InheritanceState.getElementsToProcess(InheritanceState.java:211)
	at app//org.hibernate.cfg.InheritanceState.hasIdClassOrEmbeddedId(InheritanceState.java:185)
	at app//org.hibernate.cfg.AnnotationBinder.processElementAnnotations(AnnotationBinder.java:2253)
	at app//org.hibernate.cfg.AnnotationBinder.fillComponent(AnnotationBinder.java:2816)
	at app//org.hibernate.cfg.AnnotationBinder.fillComponent(AnnotationBinder.java:2698)
	at app//org.hibernate.cfg.AnnotationBinder.bindComponent(AnnotationBinder.java:2646)
	at app//org.hibernate.cfg.AnnotationBinder.processElementAnnotations(AnnotationBinder.java:2275)
	at app//org.hibernate.cfg.AnnotationBinder.processIdPropertiesIfNotAlready(AnnotationBinder.java:968)
	at app//org.hibernate.cfg.AnnotationBinder.bindClass(AnnotationBinder.java:793)
	at app//org.hibernate.boot.model.source.internal.annotations.AnnotationMetadataSourceProcessorImpl.processEntityHierarchies(AnnotationMetadataSourceProcessorImpl.java:225)
	at app//org.hibernate.boot.model.process.spi.MetadataBuildingProcess$1.processEntityHierarchies(MetadataBuildingProcess.java:239)
	at app//org.hibernate.boot.model.process.spi.MetadataBuildingProcess.complete(MetadataBuildingProcess.java:282)
	at app//org.hibernate.jpa.boot.internal.EntityManagerFactoryBuilderImpl.metadata(EntityManagerFactoryBuilderImpl.java:1460)
	at app//org.hibernate.jpa.boot.internal.EntityManagerFactoryBuilderImpl.build(EntityManagerFactoryBuilderImpl.java:1494)
	at app//org.springframework.orm.jpa.vendor.SpringHibernateJpaPersistenceProvider.createContainerEntityManagerFactory(SpringHibernateJpaPersistenceProvider.java:58)
	at app//org.springframework.orm.jpa.LocalContainerEntityManagerFactoryBean.createNativeEntityManagerFactory(LocalContainerEntityManagerFactoryBean.java:365)
	at app//org.springframework.orm.jpa.AbstractEntityManagerFactoryBean.buildNativeEntityManagerFactory(AbstractEntityManagerFactoryBean.java:409)
	at app//org.springframework.orm.jpa.AbstractEntityManagerFactoryBean.afterPropertiesSet(AbstractEntityManagerFactoryBean.java:396)
	at app//org.springframework.orm.jpa.LocalContainerEntityManagerFactoryBean.afterPropertiesSet(LocalContainerEntityManagerFactoryBean.java:341)
	at app//org.springframework.beans.factory.support.AbstractAutowireCapableBeanFactory.invokeInitMethods(AbstractAutowireCapableBeanFactory.java:1863)
	at app//org.springframework.beans.factory.support.AbstractAutowireCapableBeanFactory.initializeBean(AbstractAutowireCapableBeanFactory.java:1800)
	... 102 more
</failure>
  </testcase>
  <testcase name="asACatalogAdminIShouldBeAbleToUpdateACategoryByItsIdentifier()" classname="com.raderleao.admin.catalogo.e2e.category.CategoryE2ETest" time="0.0">
    <failure message="java.lang.IllegalStateException: Failed to load ApplicationContext" type="java.lang.IllegalStateException">java.lang.IllegalStateException: Failed to load ApplicationContext
	at org.springframework.test.context.cache.DefaultCacheAwareContextLoaderDelegate.loadContext(DefaultCacheAwareContextLoaderDelegate.java:98)
	at org.springframework.test.context.support.DefaultTestContext.getApplicationContext(DefaultTestContext.java:124)
	at org.springframework.test.context.web.ServletTestExecutionListener.setUpRequestContextIfNecessary(ServletTestExecutionListener.java:190)
	at org.springframework.test.context.web.ServletTestExecutionListener.prepareTestInstance(ServletTestExecutionListener.java:132)
	at org.springframework.test.context.TestContextManager.prepareTestInstance(TestContextManager.java:248)
	at org.springframework.test.context.junit.jupiter.SpringExtension.postProcessTestInstance(SpringExtension.java:138)
	at org.junit.jupiter.engine.descriptor.ClassBasedTestDescriptor.lambda$invokeTestInstancePostProcessors$8(ClassBasedTestDescriptor.java:363)
	at org.junit.jupiter.engine.descriptor.ClassBasedTestDescriptor.executeAndMaskThrowable(ClassBasedTestDescriptor.java:368)
	at org.junit.jupiter.engine.descriptor.ClassBasedTestDescriptor.lambda$invokeTestInstancePostProcessors$9(ClassBasedTestDescriptor.java:363)
	at java.base/java.util.stream.ReferencePipeline$3$1.accept(ReferencePipeline.java:197)
	at java.base/java.util.stream.ReferencePipeline$2$1.accept(ReferencePipeline.java:179)
	at java.base/java.util.ArrayList$ArrayListSpliterator.forEachRemaining(ArrayList.java:1625)
	at java.base/java.util.stream.AbstractPipeline.copyInto(AbstractPipeline.java:509)
	at java.base/java.util.stream.AbstractPipeline.wrapAndCopyInto(AbstractPipeline.java:499)
	at java.base/java.util.stream.StreamSpliterators$WrappingSpliterator.forEachRemaining(StreamSpliterators.java:310)
	at java.base/java.util.stream.Streams$ConcatSpliterator.forEachRemaining(Streams.java:735)
	at java.base/java.util.stream.Streams$ConcatSpliterator.forEachRemaining(Streams.java:734)
	at java.base/java.util.stream.ReferencePipeline$Head.forEach(ReferencePipeline.java:762)
	at org.junit.jupiter.engine.descriptor.ClassBasedTestDescriptor.invokeTestInstancePostProcessors(ClassBasedTestDescriptor.java:362)
	at org.junit.jupiter.engine.descriptor.ClassBasedTestDescriptor.lambda$instantiateAndPostProcessTestInstance$6(ClassBasedTestDescriptor.java:283)
	at org.junit.platform.engine.support.hierarchical.ThrowableCollector.execute(ThrowableCollector.java:73)
	at org.junit.jupiter.engine.descriptor.ClassBasedTestDescriptor.instantiateAndPostProcessTestInstance(ClassBasedTestDescriptor.java:282)
	at org.junit.jupiter.engine.descriptor.ClassBasedTestDescriptor.lambda$testInstancesProvider$4(ClassBasedTestDescriptor.java:272)
	at java.base/java.util.Optional.orElseGet(Optional.java:364)
	at org.junit.jupiter.engine.descriptor.ClassBasedTestDescriptor.lambda$testInstancesProvider$5(ClassBasedTestDescriptor.java:271)
	at org.junit.jupiter.engine.execution.TestInstancesProvider.getTestInstances(TestInstancesProvider.java:31)
	at org.junit.jupiter.engine.descriptor.TestMethodTestDescriptor.lambda$prepare$0(TestMethodTestDescriptor.java:102)
	at org.junit.platform.engine.support.hierarchical.ThrowableCollector.execute(ThrowableCollector.java:73)
	at org.junit.jupiter.engine.descriptor.TestMethodTestDescriptor.prepare(TestMethodTestDescriptor.java:101)
	at org.junit.jupiter.engine.descriptor.TestMethodTestDescriptor.prepare(TestMethodTestDescriptor.java:66)
	at org.junit.platform.engine.support.hierarchical.NodeTestTask.lambda$prepare$2(NodeTestTask.java:123)
	at org.junit.platform.engine.support.hierarchical.ThrowableCollector.execute(ThrowableCollector.java:73)
	at org.junit.platform.engine.support.hierarchical.NodeTestTask.prepare(NodeTestTask.java:123)
	at org.junit.platform.engine.support.hierarchical.NodeTestTask.execute(NodeTestTask.java:90)
	at java.base/java.util.ArrayList.forEach(ArrayList.java:1511)
	at org.junit.platform.engine.support.hierarchical.SameThreadHierarchicalTestExecutorService.invokeAll(SameThreadHierarchicalTestExecutorService.java:41)
	at org.junit.platform.engine.support.hierarchical.NodeTestTask.lambda$executeRecursively$6(NodeTestTask.java:155)
	at org.junit.platform.engine.support.hierarchical.ThrowableCollector.execute(ThrowableCollector.java:73)
	at org.junit.platform.engine.support.hierarchical.NodeTestTask.lambda$executeRecursively$8(NodeTestTask.java:141)
	at org.junit.platform.engine.support.hierarchical.Node.around(Node.java:137)
	at org.junit.platform.engine.support.hierarchical.NodeTestTask.lambda$executeRecursively$9(NodeTestTask.java:139)
	at org.junit.platform.engine.support.hierarchical.ThrowableCollector.execute(ThrowableCollector.java:73)
	at org.junit.platform.engine.support.hierarchical.NodeTestTask.executeRecursively(NodeTestTask.java:138)
	at org.junit.platform.engine.support.hierarchical.NodeTestTask.execute(NodeTestTask.java:95)
	at java.base/java.util.ArrayList.forEach(ArrayList.java:1511)
	at org.junit.platform.engine.support.hierarchical.SameThreadHierarchicalTestExecutorService.invokeAll(SameThreadHierarchicalTestExecutorService.java:41)
	at org.junit.platform.engine.support.hierarchical.NodeTestTask.lambda$executeRecursively$6(NodeTestTask.java:155)
	at org.junit.platform.engine.support.hierarchical.ThrowableCollector.execute(ThrowableCollector.java:73)
	at org.junit.platform.engine.support.hierarchical.NodeTestTask.lambda$executeRecursively$8(NodeTestTask.java:141)
	at org.junit.platform.engine.support.hierarchical.Node.around(Node.java:137)
	at org.junit.platform.engine.support.hierarchical.NodeTestTask.lambda$executeRecursively$9(NodeTestTask.java:139)
	at org.junit.platform.engine.support.hierarchical.ThrowableCollector.execute(ThrowableCollector.java:73)
	at org.junit.platform.engine.support.hierarchical.NodeTestTask.executeRecursively(NodeTestTask.java:138)
	at org.junit.platform.engine.support.hierarchical.NodeTestTask.execute(NodeTestTask.java:95)
	at org.junit.platform.engine.support.hierarchical.SameThreadHierarchicalTestExecutorService.submit(SameThreadHierarchicalTestExecutorService.java:35)
	at org.junit.platform.engine.support.hierarchical.HierarchicalTestExecutor.execute(HierarchicalTestExecutor.java:57)
	at org.junit.platform.engine.support.hierarchical.HierarchicalTestEngine.execute(HierarchicalTestEngine.java:54)
	at org.junit.platform.launcher.core.EngineExecutionOrchestrator.execute(EngineExecutionOrchestrator.java:107)
	at org.junit.platform.launcher.core.EngineExecutionOrchestrator.execute(EngineExecutionOrchestrator.java:88)
	at org.junit.platform.launcher.core.EngineExecutionOrchestrator.lambda$execute$0(EngineExecutionOrchestrator.java:54)
	at org.junit.platform.launcher.core.EngineExecutionOrchestrator.withInterceptedStreams(EngineExecutionOrchestrator.java:67)
	at org.junit.platform.launcher.core.EngineExecutionOrchestrator.execute(EngineExecutionOrchestrator.java:52)
	at org.junit.platform.launcher.core.DefaultLauncher.execute(DefaultLauncher.java:114)
	at org.junit.platform.launcher.core.DefaultLauncher.execute(DefaultLauncher.java:86)
	at org.junit.platform.launcher.core.DefaultLauncherSession$DelegatingLauncher.execute(DefaultLauncherSession.java:86)
	at org.junit.platform.launcher.core.SessionPerRequestLauncher.execute(SessionPerRequestLauncher.java:53)
	at org.gradle.api.internal.tasks.testing.junitplatform.JUnitPlatformTestClassProcessor$CollectAllTestClassesExecutor.processAllTestClasses(JUnitPlatformTestClassProcessor.java:99)
	at org.gradle.api.internal.tasks.testing.junitplatform.JUnitPlatformTestClassProcessor$CollectAllTestClassesExecutor.access$000(JUnitPlatformTestClassProcessor.java:79)
	at org.gradle.api.internal.tasks.testing.junitplatform.JUnitPlatformTestClassProcessor.stop(JUnitPlatformTestClassProcessor.java:75)
	at org.gradle.api.internal.tasks.testing.SuiteTestClassProcessor.stop(SuiteTestClassProcessor.java:62)
	at java.base/jdk.internal.reflect.NativeMethodAccessorImpl.invoke0(Native Method)
	at java.base/jdk.internal.reflect.NativeMethodAccessorImpl.invoke(NativeMethodAccessorImpl.java:77)
	at java.base/jdk.internal.reflect.DelegatingMethodAccessorImpl.invoke(DelegatingMethodAccessorImpl.java:43)
	at java.base/java.lang.reflect.Method.invoke(Method.java:568)
	at org.gradle.internal.dispatch.ReflectionDispatch.dispatch(ReflectionDispatch.java:36)
	at org.gradle.internal.dispatch.ReflectionDispatch.dispatch(ReflectionDispatch.java:24)
	at org.gradle.internal.dispatch.ContextClassLoaderDispatch.dispatch(ContextClassLoaderDispatch.java:33)
	at org.gradle.internal.dispatch.ProxyDispatchAdapter$DispatchingInvocationHandler.invoke(ProxyDispatchAdapter.java:94)
	at jdk.proxy1/jdk.proxy1.$Proxy2.stop(Unknown Source)
	at org.gradle.api.internal.tasks.testing.worker.TestWorker$3.run(TestWorker.java:193)
	at org.gradle.api.internal.tasks.testing.worker.TestWorker.executeAndMaintainThreadName(TestWorker.java:129)
	at org.gradle.api.internal.tasks.testing.worker.TestWorker.execute(TestWorker.java:100)
	at org.gradle.api.internal.tasks.testing.worker.TestWorker.execute(TestWorker.java:60)
	at org.gradle.process.internal.worker.child.ActionExecutionWorker.execute(ActionExecutionWorker.java:56)
	at org.gradle.process.internal.worker.child.SystemApplicationClassLoaderWorker.call(SystemApplicationClassLoaderWorker.java:113)
	at org.gradle.process.internal.worker.child.SystemApplicationClassLoaderWorker.call(SystemApplicationClassLoaderWorker.java:65)
	at worker.org.gradle.process.internal.worker.GradleWorkerMain.run(GradleWorkerMain.java:69)
	at worker.org.gradle.process.internal.worker.GradleWorkerMain.main(GradleWorkerMain.java:74)
Caused by: org.springframework.beans.factory.BeanCreationException: Error creating bean with name 'entityManagerFactory' defined in class path resource [org/springframework/boot/autoconfigure/orm/jpa/HibernateJpaConfiguration.class]: Invocation of init method failed; nested exception is org.hibernate.AnnotationException: No identifier specified for entity: com.raderleao.admin.catalogo.infrastructure.genre.persistence.GenreJpaEntity
	at app//org.springframework.beans.factory.support.AbstractAutowireCapableBeanFactory.initializeBean(AbstractAutowireCapableBeanFactory.java:1804)
	at app//org.springframework.beans.factory.support.AbstractAutowireCapableBeanFactory.doCreateBean(AbstractAutowireCapableBeanFactory.java:620)
	at app//org.springframework.beans.factory.support.AbstractAutowireCapableBeanFactory.createBean(AbstractAutowireCapableBeanFactory.java:542)
	at app//org.springframework.beans.factory.support.AbstractBeanFactory.lambda$doGetBean$0(AbstractBeanFactory.java:335)
	at app//org.springframework.beans.factory.support.DefaultSingletonBeanRegistry.getSingleton(DefaultSingletonBeanRegistry.java:234)
	at app//org.springframework.beans.factory.support.AbstractBeanFactory.doGetBean(AbstractBeanFactory.java:333)
	at app//org.springframework.beans.factory.support.AbstractBeanFactory.getBean(AbstractBeanFactory.java:208)
	at app//org.springframework.context.support.AbstractApplicationContext.getBean(AbstractApplicationContext.java:1154)
	at app//org.springframework.context.support.AbstractApplicationContext.finishBeanFactoryInitialization(AbstractApplicationContext.java:908)
	at app//org.springframework.context.support.AbstractApplicationContext.refresh(AbstractApplicationContext.java:583)
	at app//org.springframework.boot.SpringApplication.refresh(SpringApplication.java:731)
	at app//org.springframework.boot.SpringApplication.refreshContext(SpringApplication.java:408)
	at app//org.springframework.boot.SpringApplication.run(SpringApplication.java:307)
	at app//org.springframework.boot.test.context.SpringBootContextLoader.loadContext(SpringBootContextLoader.java:136)
	at app//org.springframework.test.context.cache.DefaultCacheAwareContextLoaderDelegate.loadContextInternal(DefaultCacheAwareContextLoaderDelegate.java:141)
	at app//org.springframework.test.context.cache.DefaultCacheAwareContextLoaderDelegate.loadContext(DefaultCacheAwareContextLoaderDelegate.java:90)
	... 87 more
Caused by: org.hibernate.AnnotationException: No identifier specified for entity: com.raderleao.admin.catalogo.infrastructure.genre.persistence.GenreJpaEntity
	at app//org.hibernate.cfg.InheritanceState.determineDefaultAccessType(InheritanceState.java:266)
	at app//org.hibernate.cfg.InheritanceState.getElementsToProcess(InheritanceState.java:211)
	at app//org.hibernate.cfg.InheritanceState.hasIdClassOrEmbeddedId(InheritanceState.java:185)
	at app//org.hibernate.cfg.AnnotationBinder.processElementAnnotations(AnnotationBinder.java:2253)
	at app//org.hibernate.cfg.AnnotationBinder.fillComponent(AnnotationBinder.java:2816)
	at app//org.hibernate.cfg.AnnotationBinder.fillComponent(AnnotationBinder.java:2698)
	at app//org.hibernate.cfg.AnnotationBinder.bindComponent(AnnotationBinder.java:2646)
	at app//org.hibernate.cfg.AnnotationBinder.processElementAnnotations(AnnotationBinder.java:2275)
	at app//org.hibernate.cfg.AnnotationBinder.processIdPropertiesIfNotAlready(AnnotationBinder.java:968)
	at app//org.hibernate.cfg.AnnotationBinder.bindClass(AnnotationBinder.java:793)
	at app//org.hibernate.boot.model.source.internal.annotations.AnnotationMetadataSourceProcessorImpl.processEntityHierarchies(AnnotationMetadataSourceProcessorImpl.java:225)
	at app//org.hibernate.boot.model.process.spi.MetadataBuildingProcess$1.processEntityHierarchies(MetadataBuildingProcess.java:239)
	at app//org.hibernate.boot.model.process.spi.MetadataBuildingProcess.complete(MetadataBuildingProcess.java:282)
	at app//org.hibernate.jpa.boot.internal.EntityManagerFactoryBuilderImpl.metadata(EntityManagerFactoryBuilderImpl.java:1460)
	at app//org.hibernate.jpa.boot.internal.EntityManagerFactoryBuilderImpl.build(EntityManagerFactoryBuilderImpl.java:1494)
	at app//org.springframework.orm.jpa.vendor.SpringHibernateJpaPersistenceProvider.createContainerEntityManagerFactory(SpringHibernateJpaPersistenceProvider.java:58)
	at app//org.springframework.orm.jpa.LocalContainerEntityManagerFactoryBean.createNativeEntityManagerFactory(LocalContainerEntityManagerFactoryBean.java:365)
	at app//org.springframework.orm.jpa.AbstractEntityManagerFactoryBean.buildNativeEntityManagerFactory(AbstractEntityManagerFactoryBean.java:409)
	at app//org.springframework.orm.jpa.AbstractEntityManagerFactoryBean.afterPropertiesSet(AbstractEntityManagerFactoryBean.java:396)
	at app//org.springframework.orm.jpa.LocalContainerEntityManagerFactoryBean.afterPropertiesSet(LocalContainerEntityManagerFactoryBean.java:341)
	at app//org.springframework.beans.factory.support.AbstractAutowireCapableBeanFactory.invokeInitMethods(AbstractAutowireCapableBeanFactory.java:1863)
	at app//org.springframework.beans.factory.support.AbstractAutowireCapableBeanFactory.initializeBean(AbstractAutowireCapableBeanFactory.java:1800)
	... 102 more
</failure>
  </testcase>
  <system-out><![CDATA[22:07:02.992 [Test worker] DEBUG org.springframework.test.context.BootstrapUtils - Instantiating CacheAwareContextLoaderDelegate from class [org.springframework.test.context.cache.DefaultCacheAwareContextLoaderDelegate]
22:07:02.997 [Test worker] DEBUG org.springframework.test.context.BootstrapUtils - Instantiating BootstrapContext using constructor [public org.springframework.test.context.support.DefaultBootstrapContext(java.lang.Class,org.springframework.test.context.CacheAwareContextLoaderDelegate)]
22:07:03.016 [Test worker] DEBUG org.springframework.test.context.BootstrapUtils - Instantiating TestContextBootstrapper for test class [com.raderleao.admin.catalogo.e2e.category.CategoryE2ETest] from class [org.springframework.boot.test.context.SpringBootTestContextBootstrapper]
22:07:03.022 [Test worker] INFO org.springframework.boot.test.context.SpringBootTestContextBootstrapper - Neither @ContextConfiguration nor @ContextHierarchy found for test class [com.raderleao.admin.catalogo.e2e.category.CategoryE2ETest], using SpringBootContextLoader
22:07:03.023 [Test worker] DEBUG org.springframework.test.context.support.AbstractContextLoader - Did not detect default resource location for test class [com.raderleao.admin.catalogo.e2e.category.CategoryE2ETest]: class path resource [com/raderleao/admin/catalogo/e2e/category/CategoryE2ETest-context.xml] does not exist
22:07:03.024 [Test worker] DEBUG org.springframework.test.context.support.AbstractContextLoader - Did not detect default resource location for test class [com.raderleao.admin.catalogo.e2e.category.CategoryE2ETest]: class path resource [com/raderleao/admin/catalogo/e2e/category/CategoryE2ETestContext.groovy] does not exist
22:07:03.024 [Test worker] INFO org.springframework.test.context.support.AbstractContextLoader - Could not detect default resource locations for test class [com.raderleao.admin.catalogo.e2e.category.CategoryE2ETest]: no resource found for suffixes {-context.xml, Context.groovy}.
22:07:03.091 [Test worker] DEBUG org.springframework.boot.test.context.SpringBootTestContextBootstrapper - @TestExecutionListeners is not present for class [com.raderleao.admin.catalogo.e2e.category.CategoryE2ETest]: using defaults.
22:07:03.092 [Test worker] INFO org.springframework.boot.test.context.SpringBootTestContextBootstrapper - Loaded default TestExecutionListener class names from location [META-INF/spring.factories]: [org.springframework.boot.test.autoconfigure.restdocs.RestDocsTestExecutionListener, org.springframework.boot.test.autoconfigure.web.client.MockRestServiceServerResetTestExecutionListener, org.springframework.boot.test.autoconfigure.web.servlet.MockMvcPrintOnlyOnFailureTestExecutionListener, org.springframework.boot.test.autoconfigure.web.servlet.WebDriverTestExecutionListener, org.springframework.boot.test.autoconfigure.webservices.client.MockWebServiceServerTestExecutionListener, org.springframework.boot.test.mock.mockito.MockitoTestExecutionListener, org.springframework.boot.test.mock.mockito.ResetMocksTestExecutionListener, org.springframework.test.context.web.ServletTestExecutionListener, org.springframework.test.context.support.DirtiesContextBeforeModesTestExecutionListener, org.springframework.test.context.event.ApplicationEventsTestExecutionListener, org.springframework.test.context.support.DependencyInjectionTestExecutionListener, org.springframework.test.context.support.DirtiesContextTestExecutionListener, org.springframework.test.context.transaction.TransactionalTestExecutionListener, org.springframework.test.context.jdbc.SqlScriptsTestExecutionListener, org.springframework.test.context.event.EventPublishingTestExecutionListener]
22:07:03.101 [Test worker] INFO org.springframework.boot.test.context.SpringBootTestContextBootstrapper - Using TestExecutionListeners: [org.springframework.test.context.web.ServletTestExecutionListener@54227100, org.springframework.test.context.support.DirtiesContextBeforeModesTestExecutionListener@6b5894c8, org.springframework.test.context.event.ApplicationEventsTestExecutionListener@1433046b, org.springframework.boot.test.mock.mockito.MockitoTestExecutionListener@3f446bef, org.springframework.boot.test.autoconfigure.SpringBootDependencyInjectionTestExecutionListener@7829b776, org.springframework.test.context.support.DirtiesContextTestExecutionListener@5778826f, org.springframework.test.context.transaction.TransactionalTestExecutionListener@5b64c4b7, org.springframework.test.context.jdbc.SqlScriptsTestExecutionListener@4763c727, org.springframework.test.context.event.EventPublishingTestExecutionListener@72445aba, org.springframework.boot.test.autoconfigure.restdocs.RestDocsTestExecutionListener@61bcd567, org.springframework.boot.test.autoconfigure.web.client.MockRestServiceServerResetTestExecutionListener@1c80e49b, org.springframework.boot.test.autoconfigure.web.servlet.MockMvcPrintOnlyOnFailureTestExecutionListener@458342d3, org.springframework.boot.test.autoconfigure.web.servlet.WebDriverTestExecutionListener@15c25153, org.springframework.boot.test.autoconfigure.webservices.client.MockWebServiceServerTestExecutionListener@1252b961, org.springframework.boot.test.mock.mockito.ResetMocksTestExecutionListener@9ed238c]
22:07:03.103 [Test worker] DEBUG org.springframework.test.context.support.AbstractDirtiesContextTestExecutionListener - Before test class: context [DefaultTestContext@83298d7 testClass = CategoryE2ETest, testInstance = [null], testMethod = [null], testException = [null], mergedContextConfiguration = [WebMergedContextConfiguration@42a9e5d1 testClass = CategoryE2ETest, locations = '{}', classes = '{class com.raderleao.admin.catalogo.infrastructure.configuration.WebServerConfig}', contextInitializerClasses = '[]', activeProfiles = '{test-e2e}', propertySourceLocations = '{}', propertySourceProperties = '{org.springframework.boot.test.context.SpringBootTestContextBootstrapper=true}', contextCustomizers = set[org.springframework.boot.test.autoconfigure.actuate.metrics.MetricsExportContextCustomizerFactory$DisableMetricExportContextCustomizer@2ea6e30c, org.springframework.boot.test.autoconfigure.properties.PropertyMappingContextCustomizer@4b3fa0b3, org.springframework.boot.test.autoconfigure.web.servlet.WebDriverContextCustomizerFactory$Customizer@4c51cf28, [ImportsContextCustomizer@5b080f3a key = [org.springframework.boot.test.autoconfigure.web.servlet.MockMvcAutoConfiguration, org.springframework.boot.test.autoconfigure.web.servlet.MockMvcWebClientAutoConfiguration, org.springframework.boot.test.autoconfigure.web.servlet.MockMvcWebDriverAutoConfiguration, org.springframework.boot.autoconfigure.security.oauth2.client.servlet.OAuth2ClientAutoConfiguration, org.springframework.boot.autoconfigure.security.oauth2.resource.servlet.OAuth2ResourceServerAutoConfiguration, org.springframework.boot.autoconfigure.security.servlet.SecurityAutoConfiguration, org.springframework.boot.autoconfigure.security.servlet.SecurityFilterAutoConfiguration, org.springframework.boot.autoconfigure.security.servlet.UserDetailsServiceAutoConfiguration, org.springframework.boot.test.autoconfigure.web.servlet.MockMvcSecurityConfiguration, org.springframework.boot.test.autoconfigure.web.reactive.WebTestClientAutoConfiguration]], org.springframework.boot.test.context.filter.ExcludeFilterContextCustomizer@2dc995f4, org.springframework.boot.test.json.DuplicateJsonObjectContextCustomizerFactory$DuplicateJsonObjectContextCustomizer@2df6226d, org.springframework.boot.test.mock.mockito.MockitoContextCustomizer@0, org.springframework.boot.test.web.client.TestRestTemplateContextCustomizer@62727399, org.springframework.test.context.support.DynamicPropertiesContextCustomizer@785c4263, org.springframework.boot.test.context.SpringBootTestArgs@1, org.springframework.boot.test.context.SpringBootTestWebEnvironment@2cd2a21f], resourceBasePath = 'src/main/webapp', contextLoader = 'org.springframework.boot.test.context.SpringBootContextLoader', parent = [null]], attributes = map['org.springframework.test.context.web.ServletTestExecutionListener.activateListener' -> true]], class annotated with @DirtiesContext [false] with mode [null].
22:07:03.117 [Test worker] DEBUG org.testcontainers.utility.TestcontainersConfiguration - Testcontainers configuration overrides will be loaded from file:/Users/raderleao/.testcontainers.properties
22:07:03.119 [Test worker] INFO org.testcontainers.utility.ImageNameSubstitutor - Image name substitution will be performed by: DefaultImageNameSubstitutor (composite of 'ConfigurationFileImageNameSubstitutor' and 'PrefixingImageNameSubstitutor')
22:07:03.131 [Test worker] INFO org.testcontainers.dockerclient.DockerClientProviderStrategy - Loaded org.testcontainers.dockerclient.UnixSocketClientProviderStrategy from ~/.testcontainers.properties, will try it first
22:07:03.132 [Test worker] DEBUG org.testcontainers.dockerclient.DockerClientProviderStrategy - Trying out strategy: UnixSocketClientProviderStrategy
22:07:03.242 [Test worker] DEBUG org.testcontainers.shaded.com.github.dockerjava.core.command.AbstrDockerCmd - Cmd: 
22:07:03.252 [Test worker] DEBUG com.github.dockerjava.zerodep.shaded.org.apache.hc.client5.http.impl.classic.InternalHttpClient - ex-00000001: preparing request execution
22:07:03.253 [Test worker] DEBUG com.github.dockerjava.zerodep.shaded.org.apache.hc.client5.http.protocol.RequestAddCookies - Cookie spec selected: strict
22:07:03.255 [Test worker] DEBUG com.github.dockerjava.zerodep.shaded.org.apache.hc.client5.http.protocol.RequestAuthCache - Auth cache not set in the context
22:07:03.255 [Test worker] DEBUG com.github.dockerjava.zerodep.shaded.org.apache.hc.client5.http.impl.classic.ProtocolExec - ex-00000001: target auth state: UNCHALLENGED
22:07:03.255 [Test worker] DEBUG com.github.dockerjava.zerodep.shaded.org.apache.hc.client5.http.impl.classic.ProtocolExec - ex-00000001: proxy auth state: UNCHALLENGED
22:07:03.255 [Test worker] DEBUG com.github.dockerjava.zerodep.shaded.org.apache.hc.client5.http.impl.classic.ConnectExec - ex-00000001: acquiring connection with route {}->unix://localhost:2375
22:07:03.255 [Test worker] DEBUG com.github.dockerjava.zerodep.shaded.org.apache.hc.client5.http.impl.classic.InternalHttpClient - ex-00000001: acquiring endpoint (3 MINUTES)
22:07:03.256 [Test worker] DEBUG com.github.dockerjava.zerodep.shaded.org.apache.hc.client5.http.impl.io.PoolingHttpClientConnectionManager - ex-00000001: endpoint lease request (3 MINUTES) [route: {}->unix://localhost:2375][total available: 0; route allocated: 0 of 2147483647; total allocated: 0 of 2147483647]
22:07:03.258 [Test worker] DEBUG com.github.dockerjava.zerodep.shaded.org.apache.hc.client5.http.impl.io.PoolingHttpClientConnectionManager - ex-00000001: endpoint leased [route: {}->unix://localhost:2375][total available: 0; route allocated: 1 of 2147483647; total allocated: 1 of 2147483647]
22:07:03.261 [Test worker] DEBUG com.github.dockerjava.zerodep.shaded.org.apache.hc.client5.http.impl.io.PoolingHttpClientConnectionManager - ex-00000001: acquired ep-00000000
22:07:03.261 [Test worker] DEBUG com.github.dockerjava.zerodep.shaded.org.apache.hc.client5.http.impl.classic.InternalHttpClient - ex-00000001: acquired endpoint ep-00000000
22:07:03.261 [Test worker] DEBUG com.github.dockerjava.zerodep.shaded.org.apache.hc.client5.http.impl.classic.ConnectExec - ex-00000001: opening connection {}->unix://localhost:2375
22:07:03.261 [Test worker] DEBUG com.github.dockerjava.zerodep.shaded.org.apache.hc.client5.http.impl.classic.InternalHttpClient - ep-00000000: connecting endpoint (3 MINUTES)
22:07:03.262 [Test worker] DEBUG com.github.dockerjava.zerodep.shaded.org.apache.hc.client5.http.impl.io.PoolingHttpClientConnectionManager - ep-00000000: connecting endpoint to unix://localhost:2375 (3 MINUTES)
22:07:03.263 [Test worker] DEBUG com.github.dockerjava.zerodep.shaded.org.apache.hc.client5.http.impl.io.DefaultHttpClientConnectionOperator - http-outgoing-0: connecting to localhost/127.0.0.1:2375
22:07:03.263 [Test worker] DEBUG com.github.dockerjava.zerodep.shaded.org.apache.hc.client5.http.impl.io.DefaultHttpClientConnectionOperator - http-outgoing-0: connection established /var/run/docker.sock<->/var/run/docker.sock
22:07:03.263 [Test worker] DEBUG com.github.dockerjava.zerodep.shaded.org.apache.hc.client5.http.impl.io.PoolingHttpClientConnectionManager - ep-00000000: connected http-outgoing-0
22:07:03.263 [Test worker] DEBUG com.github.dockerjava.zerodep.shaded.org.apache.hc.client5.http.impl.classic.InternalHttpClient - ep-00000000: endpoint connected
22:07:03.263 [Test worker] DEBUG com.github.dockerjava.zerodep.shaded.org.apache.hc.client5.http.impl.classic.MainClientExec - ex-00000001: executing GET /v1.32/info HTTP/1.1
22:07:03.264 [Test worker] DEBUG com.github.dockerjava.zerodep.shaded.org.apache.hc.client5.http.impl.classic.InternalHttpClient - ep-00000000: start execution ex-00000001
22:07:03.264 [Test worker] DEBUG com.github.dockerjava.zerodep.shaded.org.apache.hc.client5.http.impl.io.PoolingHttpClientConnectionManager - ep-00000000: executing exchange ex-00000001 over http-outgoing-0
22:07:03.264 [Test worker] DEBUG com.github.dockerjava.zerodep.shaded.org.apache.hc.client5.http.headers - http-outgoing-0 >> GET /v1.32/info HTTP/1.1
22:07:03.264 [Test worker] DEBUG com.github.dockerjava.zerodep.shaded.org.apache.hc.client5.http.headers - http-outgoing-0 >> x-tc-sid: c721e8e0-dbbd-4305-a748-6be2465f786d
22:07:03.264 [Test worker] DEBUG com.github.dockerjava.zerodep.shaded.org.apache.hc.client5.http.headers - http-outgoing-0 >> Accept-Encoding: gzip, x-gzip, deflate
22:07:03.264 [Test worker] DEBUG com.github.dockerjava.zerodep.shaded.org.apache.hc.client5.http.headers - http-outgoing-0 >> Host: localhost:2375
22:07:03.264 [Test worker] DEBUG com.github.dockerjava.zerodep.shaded.org.apache.hc.client5.http.headers - http-outgoing-0 >> Connection: keep-alive
22:07:03.264 [Test worker] DEBUG com.github.dockerjava.zerodep.shaded.org.apache.hc.client5.http.headers - http-outgoing-0 >> User-Agent: Apache-HttpClient/5.0.3 (Java/17.0.2)
22:07:03.264 [Test worker] DEBUG com.github.dockerjava.zerodep.shaded.org.apache.hc.client5.http.wire - http-outgoing-0 >> "GET /v1.32/info HTTP/1.1[\r][\n]"
22:07:03.264 [Test worker] DEBUG com.github.dockerjava.zerodep.shaded.org.apache.hc.client5.http.wire - http-outgoing-0 >> "x-tc-sid: c721e8e0-dbbd-4305-a748-6be2465f786d[\r][\n]"
22:07:03.264 [Test worker] DEBUG com.github.dockerjava.zerodep.shaded.org.apache.hc.client5.http.wire - http-outgoing-0 >> "Accept-Encoding: gzip, x-gzip, deflate[\r][\n]"
22:07:03.264 [Test worker] DEBUG com.github.dockerjava.zerodep.shaded.org.apache.hc.client5.http.wire - http-outgoing-0 >> "Host: localhost:2375[\r][\n]"
22:07:03.264 [Test worker] DEBUG com.github.dockerjava.zerodep.shaded.org.apache.hc.client5.http.wire - http-outgoing-0 >> "Connection: keep-alive[\r][\n]"
22:07:03.264 [Test worker] DEBUG com.github.dockerjava.zerodep.shaded.org.apache.hc.client5.http.wire - http-outgoing-0 >> "User-Agent: Apache-HttpClient/5.0.3 (Java/17.0.2)[\r][\n]"
22:07:03.265 [Test worker] DEBUG com.github.dockerjava.zerodep.shaded.org.apache.hc.client5.http.wire - http-outgoing-0 >> "[\r][\n]"
22:07:03.324 [Test worker] DEBUG com.github.dockerjava.zerodep.shaded.org.apache.hc.client5.http.wire - http-outgoing-0 << "HTTP/1.1 200 OK[\r][\n]"
22:07:03.324 [Test worker] DEBUG com.github.dockerjava.zerodep.shaded.org.apache.hc.client5.http.wire - http-outgoing-0 << "Api-Version: 1.41[\r][\n]"
22:07:03.324 [Test worker] DEBUG com.github.dockerjava.zerodep.shaded.org.apache.hc.client5.http.wire - http-outgoing-0 << "Content-Type: application/json[\r][\n]"
22:07:03.324 [Test worker] DEBUG com.github.dockerjava.zerodep.shaded.org.apache.hc.client5.http.wire - http-outgoing-0 << "Date: Mon, 03 Apr 2023 01:07:03 GMT[\r][\n]"
22:07:03.325 [Test worker] DEBUG com.github.dockerjava.zerodep.shaded.org.apache.hc.client5.http.wire - http-outgoing-0 << "Docker-Experimental: false[\r][\n]"
22:07:03.325 [Test worker] DEBUG com.github.dockerjava.zerodep.shaded.org.apache.hc.client5.http.wire - http-outgoing-0 << "Ostype: linux[\r][\n]"
22:07:03.325 [Test worker] DEBUG com.github.dockerjava.zerodep.shaded.org.apache.hc.client5.http.wire - http-outgoing-0 << "Server: Docker/20.10.21 (linux)[\r][\n]"
22:07:03.325 [Test worker] DEBUG com.github.dockerjava.zerodep.shaded.org.apache.hc.client5.http.wire - http-outgoing-0 << "Transfer-Encoding: chunked[\r][\n]"
22:07:03.325 [Test worker] DEBUG com.github.dockerjava.zerodep.shaded.org.apache.hc.client5.http.wire - http-outgoing-0 << "[\r][\n]"
22:07:03.325 [Test worker] DEBUG com.github.dockerjava.zerodep.shaded.org.apache.hc.client5.http.wire - http-outgoing-0 << "9b5[\r][\n]"
22:07:03.325 [Test worker] DEBUG com.github.dockerjava.zerodep.shaded.org.apache.hc.client5.http.wire - http-outgoing-0 << "{"ID":"EH3U:SVKD:FQUK:QQLQ:SXV7:67NY:ACOA:NL2H:PVSG:6YUK:QNQ6:LDDV","Containers":1,"ContainersRunning":1,"ContainersPaused":0,"ContainersStopped":0,"Images":14,"Driver":"overlay2","DriverStatus":[["Backing Filesystem","extfs"],["Supports d_type","true"],["Native Overlay Diff","true"],["userxattr","false"]],"Plugins":{"Volume":["local"],"Network":["bridge","host","ipvlan","macvlan","null","overlay"],"Authorization":null,"Log":["awslogs","fluentd","gcplogs","gelf","journald","json-file","local","logentries","splunk","syslog"]},"MemoryLimit":true,"SwapLimit":true,"KernelMemory":false,"KernelMemoryTCP":false,"CpuCfsPeriod":true,"CpuCfsQuota":true,"CPUShares":true,"CPUSet":true,"PidsLimit":true,"IPv4Forwarding":true,"BridgeNfIptables":true,"BridgeNfIp6tables":true,"Debug":false,"NFd":47,"OomKillDisable":false,"NGoroutines":51,"SystemTime":"2023-04-03T01:07:03.278031837Z","LoggingDriver":"json-file","CgroupDriver":"cgroupfs","CgroupVersion":"2","NEventsListener":5,"KernelVersion":"5.15.49-linuxkit","OperatingSystem":"Docker Desktop","OSVersion":"","OSType":"linux","Architecture":"aarch64","IndexServerAddress":"https://index.docker.io/v1/","RegistryConfig":{"AllowNondistributableArtifactsCIDRs":[],"AllowNondistributableArtifactsHostnames":[],"InsecureRegistryCIDRs":["127.0.0.0/8"],"IndexConfigs":{"docker.io":{"Name":"docker.io","Mirrors":[],"Secure":true,"Official":true},"hubproxy.docker.internal:5000":{"Name":"hubproxy.docker.internal:5000","Mirrors":[],"Secure":false,"Official":false}},"Mirrors":[]},"NCPU":4,"MemTotal":4124512256,"GenericResources":null,"DockerRootDir":"/var/lib/docker","HttpProxy":"http.docker.internal:3128","HttpsProxy":"http.docker.internal:3128","NoProxy":"hubproxy.docker.internal","Name":"docker-desktop","Labels":[],"ExperimentalBuild":false,"ServerVersion":"20.10.21","Runtimes":{"io.containerd.runc.v2":{"path":"runc"},"io.containerd.runtime.v1.linux":{"path":"runc"},"runc":{"path":"runc"}},"DefaultRuntime":"runc","Swarm":{"NodeID":"","NodeAddr":"","LocalNodeState":"inactive","ControlAvailable":false,"Error":"","RemoteManagers":null},"LiveRestoreEnabled":false,"Isolation":"","InitBinary":"docker-init","ContainerdCommit":{"ID":"770bd0108c32f3fb5c73ae1264f7e503fe7b2661","Expected":"770bd0108c32f3fb5c73ae1264f7e503fe7b2661"},"RuncCommit":{"ID":"v1.1.4-0-g5fd4c4d","Expected":"v1.1.4-0-g5fd4c4d"},"InitCommit":{"ID":"de40ad0","Expected":"de40ad0"},"SecurityOptions":["name=seccomp,profile=default","name=cgroupns"],"Warnings":null}[\n]"
22:07:03.325 [Test worker] DEBUG com.github.dockerjava.zerodep.shaded.org.apache.hc.client5.http.wire - http-outgoing-0 << "[\r][\n]"
22:07:03.325 [Test worker] DEBUG com.github.dockerjava.zerodep.shaded.org.apache.hc.client5.http.wire - http-outgoing-0 << "0[\r][\n]"
22:07:03.325 [Test worker] DEBUG com.github.dockerjava.zerodep.shaded.org.apache.hc.client5.http.wire - http-outgoing-0 << "[\r][\n]"
22:07:03.327 [Test worker] DEBUG com.github.dockerjava.zerodep.shaded.org.apache.hc.client5.http.headers - http-outgoing-0 << HTTP/1.1 200 OK
22:07:03.328 [Test worker] DEBUG com.github.dockerjava.zerodep.shaded.org.apache.hc.client5.http.headers - http-outgoing-0 << Api-Version: 1.41
22:07:03.328 [Test worker] DEBUG com.github.dockerjava.zerodep.shaded.org.apache.hc.client5.http.headers - http-outgoing-0 << Content-Type: application/json
22:07:03.328 [Test worker] DEBUG com.github.dockerjava.zerodep.shaded.org.apache.hc.client5.http.headers - http-outgoing-0 << Date: Mon, 03 Apr 2023 01:07:03 GMT
22:07:03.328 [Test worker] DEBUG com.github.dockerjava.zerodep.shaded.org.apache.hc.client5.http.headers - http-outgoing-0 << Docker-Experimental: false
22:07:03.328 [Test worker] DEBUG com.github.dockerjava.zerodep.shaded.org.apache.hc.client5.http.headers - http-outgoing-0 << Ostype: linux
22:07:03.328 [Test worker] DEBUG com.github.dockerjava.zerodep.shaded.org.apache.hc.client5.http.headers - http-outgoing-0 << Server: Docker/20.10.21 (linux)
22:07:03.328 [Test worker] DEBUG com.github.dockerjava.zerodep.shaded.org.apache.hc.client5.http.headers - http-outgoing-0 << Transfer-Encoding: chunked
22:07:03.330 [Test worker] DEBUG com.github.dockerjava.zerodep.shaded.org.apache.hc.client5.http.impl.classic.MainClientExec - ex-00000001: connection can be kept alive for 3 MINUTES
22:07:03.386 [Test worker] DEBUG com.github.dockerjava.zerodep.shaded.org.apache.hc.client5.http.impl.classic.InternalHttpClient - ep-00000000: releasing valid endpoint
22:07:03.386 [Test worker] DEBUG com.github.dockerjava.zerodep.shaded.org.apache.hc.client5.http.impl.io.PoolingHttpClientConnectionManager - ep-00000000: releasing endpoint
22:07:03.386 [Test worker] DEBUG com.github.dockerjava.zerodep.shaded.org.apache.hc.client5.http.impl.io.PoolingHttpClientConnectionManager - ep-00000000: connection http-outgoing-0 can be kept alive for 3 MINUTES
22:07:03.386 [Test worker] DEBUG com.github.dockerjava.zerodep.shaded.org.apache.hc.client5.http.impl.io.PoolingHttpClientConnectionManager - ep-00000000: connection released [route: {}->unix://localhost:2375][total available: 1; route allocated: 1 of 2147483647; total allocated: 1 of 2147483647]
22:07:03.386 [Test worker] INFO org.testcontainers.dockerclient.DockerClientProviderStrategy - Found Docker environment with local Unix socket (unix:///var/run/docker.sock)
22:07:03.387 [Test worker] DEBUG org.testcontainers.dockerclient.DockerClientProviderStrategy - Transport type: 'httpclient5', Docker host: 'unix:///var/run/docker.sock'
22:07:03.387 [Test worker] DEBUG org.testcontainers.dockerclient.DockerClientProviderStrategy - Checking Docker OS type for local Unix socket (unix:///var/run/docker.sock)
22:07:03.387 [Test worker] INFO org.testcontainers.DockerClientFactory - Docker host IP address is localhost
22:07:03.387 [Test worker] DEBUG org.testcontainers.DockerClientFactory - Docker info: {NGoroutines=51, Name=docker-desktop, Swarm={NodeID=, NodeAddr=, LocalNodeState=inactive, ControlAvailable=false, Error=, RemoteManagers=null}, RuncCommit={ID=v1.1.4-0-g5fd4c4d, Expected=v1.1.4-0-g5fd4c4d}, OSVersion=, Runtimes={io.containerd.runc.v2={path=runc}, io.containerd.runtime.v1.linux={path=runc}, runc={path=runc}}, ID=EH3U:SVKD:FQUK:QQLQ:SXV7:67NY:ACOA:NL2H:PVSG:6YUK:QNQ6:LDDV, DriverStatus=[[Backing Filesystem, extfs], [Supports d_type, true], [Native Overlay Diff, true], [userxattr, false]], BridgeNfIptables=true, LiveRestoreEnabled=false, SystemTime=2023-04-03T01:07:03.278031837Z, NoProxy=hubproxy.docker.internal, Architecture=aarch64, NEventsListener=5, HttpsProxy=http.docker.internal:3128, Images=14, ContainersRunning=1, Labels=[], InitCommit={ID=de40ad0, Expected=de40ad0}, NFd=47, KernelVersion=5.15.49-linuxkit, LoggingDriver=json-file, OSType=linux, SecurityOptions=[name=seccomp,profile=default, name=cgroupns], ContainerdCommit={ID=770bd0108c32f3fb5c73ae1264f7e503fe7b2661, Expected=770bd0108c32f3fb5c73ae1264f7e503fe7b2661}, GenericResources=null, KernelMemory=false, OperatingSystem=Docker Desktop, RegistryConfig={AllowNondistributableArtifactsCIDRs=[], AllowNondistributableArtifactsHostnames=[], InsecureRegistryCIDRs=[127.0.0.0/8], IndexConfigs={docker.io={Name=docker.io, Mirrors=[], Secure=true, Official=true}, hubproxy.docker.internal:5000={Name=hubproxy.docker.internal:5000, Mirrors=[], Secure=false, Official=false}}, Mirrors=[]}, ServerVersion=20.10.21, OomKillDisable=false, CpuCfsQuota=true, Containers=1, Driver=overlay2, KernelMemoryTCP=false, IPv4Forwarding=true, ExperimentalBuild=false, DockerRootDir=/var/lib/docker, CPUSet=true, CpuCfsPeriod=true, DefaultRuntime=runc, CPUShares=true, Debug=false, NCPU=4, Plugins={Volume=[local], Network=[bridge, host, ipvlan, macvlan, null, overlay], Authorization=null, Log=[awslogs, fluentd, gcplogs, gelf, journald, json-file, local, logentries, splunk, syslog]}, SwapLimit=true, CgroupDriver=cgroupfs, ContainersPaused=0, MemTotal=4124512256, IndexServerAddress=https://index.docker.io/v1/, MemoryLimit=true, HttpProxy=http.docker.internal:3128, InitBinary=docker-init, CgroupVersion=2, PidsLimit=true, Isolation=, BridgeNfIp6tables=true, Warnings=null, ContainersStopped=0}
22:07:03.389 [Test worker] DEBUG org.testcontainers.shaded.com.github.dockerjava.core.command.AbstrDockerCmd - Cmd: 
22:07:03.389 [Test worker] DEBUG com.github.dockerjava.zerodep.shaded.org.apache.hc.client5.http.impl.classic.InternalHttpClient - ex-00000002: preparing request execution
22:07:03.389 [Test worker] DEBUG com.github.dockerjava.zerodep.shaded.org.apache.hc.client5.http.protocol.RequestAddCookies - Cookie spec selected: strict
22:07:03.389 [Test worker] DEBUG com.github.dockerjava.zerodep.shaded.org.apache.hc.client5.http.protocol.RequestAuthCache - Auth cache not set in the context
22:07:03.389 [Test worker] DEBUG com.github.dockerjava.zerodep.shaded.org.apache.hc.client5.http.impl.classic.ProtocolExec - ex-00000002: target auth state: UNCHALLENGED
22:07:03.389 [Test worker] DEBUG com.github.dockerjava.zerodep.shaded.org.apache.hc.client5.http.impl.classic.ProtocolExec - ex-00000002: proxy auth state: UNCHALLENGED
22:07:03.389 [Test worker] DEBUG com.github.dockerjava.zerodep.shaded.org.apache.hc.client5.http.impl.classic.ConnectExec - ex-00000002: acquiring connection with route {}->unix://localhost:2375
22:07:03.389 [Test worker] DEBUG com.github.dockerjava.zerodep.shaded.org.apache.hc.client5.http.impl.classic.InternalHttpClient - ex-00000002: acquiring endpoint (3 MINUTES)
22:07:03.389 [Test worker] DEBUG com.github.dockerjava.zerodep.shaded.org.apache.hc.client5.http.impl.io.PoolingHttpClientConnectionManager - ex-00000002: endpoint lease request (3 MINUTES) [route: {}->unix://localhost:2375][total available: 1; route allocated: 1 of 2147483647; total allocated: 1 of 2147483647]
22:07:03.390 [Test worker] DEBUG com.github.dockerjava.zerodep.shaded.org.apache.hc.client5.http.impl.io.PoolingHttpClientConnectionManager - ex-00000002: endpoint leased [route: {}->unix://localhost:2375][total available: 0; route allocated: 1 of 2147483647; total allocated: 1 of 2147483647]
22:07:03.390 [Test worker] DEBUG com.github.dockerjava.zerodep.shaded.org.apache.hc.client5.http.impl.io.PoolingHttpClientConnectionManager - ex-00000002: acquired ep-00000001
22:07:03.390 [Test worker] DEBUG com.github.dockerjava.zerodep.shaded.org.apache.hc.client5.http.impl.classic.InternalHttpClient - ex-00000002: acquired endpoint ep-00000001
22:07:03.390 [Test worker] DEBUG com.github.dockerjava.zerodep.shaded.org.apache.hc.client5.http.impl.classic.MainClientExec - ex-00000002: executing GET /v1.32/version HTTP/1.1
22:07:03.390 [Test worker] DEBUG com.github.dockerjava.zerodep.shaded.org.apache.hc.client5.http.impl.classic.InternalHttpClient - ep-00000001: start execution ex-00000002
22:07:03.390 [Test worker] DEBUG com.github.dockerjava.zerodep.shaded.org.apache.hc.client5.http.impl.io.PoolingHttpClientConnectionManager - ep-00000001: executing exchange ex-00000002 over http-outgoing-0
22:07:03.390 [Test worker] DEBUG com.github.dockerjava.zerodep.shaded.org.apache.hc.client5.http.headers - http-outgoing-0 >> GET /v1.32/version HTTP/1.1
22:07:03.390 [Test worker] DEBUG com.github.dockerjava.zerodep.shaded.org.apache.hc.client5.http.headers - http-outgoing-0 >> accept: application/json
22:07:03.390 [Test worker] DEBUG com.github.dockerjava.zerodep.shaded.org.apache.hc.client5.http.headers - http-outgoing-0 >> x-tc-sid: c721e8e0-dbbd-4305-a748-6be2465f786d
22:07:03.390 [Test worker] DEBUG com.github.dockerjava.zerodep.shaded.org.apache.hc.client5.http.headers - http-outgoing-0 >> Accept-Encoding: gzip, x-gzip, deflate
22:07:03.390 [Test worker] DEBUG com.github.dockerjava.zerodep.shaded.org.apache.hc.client5.http.headers - http-outgoing-0 >> Host: localhost:2375
22:07:03.390 [Test worker] DEBUG com.github.dockerjava.zerodep.shaded.org.apache.hc.client5.http.headers - http-outgoing-0 >> Connection: keep-alive
22:07:03.390 [Test worker] DEBUG com.github.dockerjava.zerodep.shaded.org.apache.hc.client5.http.headers - http-outgoing-0 >> User-Agent: Apache-HttpClient/5.0.3 (Java/17.0.2)
22:07:03.390 [Test worker] DEBUG com.github.dockerjava.zerodep.shaded.org.apache.hc.client5.http.wire - http-outgoing-0 >> "GET /v1.32/version HTTP/1.1[\r][\n]"
22:07:03.390 [Test worker] DEBUG com.github.dockerjava.zerodep.shaded.org.apache.hc.client5.http.wire - http-outgoing-0 >> "accept: application/json[\r][\n]"
22:07:03.390 [Test worker] DEBUG com.github.dockerjava.zerodep.shaded.org.apache.hc.client5.http.wire - http-outgoing-0 >> "x-tc-sid: c721e8e0-dbbd-4305-a748-6be2465f786d[\r][\n]"
22:07:03.390 [Test worker] DEBUG com.github.dockerjava.zerodep.shaded.org.apache.hc.client5.http.wire - http-outgoing-0 >> "Accept-Encoding: gzip, x-gzip, deflate[\r][\n]"
22:07:03.390 [Test worker] DEBUG com.github.dockerjava.zerodep.shaded.org.apache.hc.client5.http.wire - http-outgoing-0 >> "Host: localhost:2375[\r][\n]"
22:07:03.390 [Test worker] DEBUG com.github.dockerjava.zerodep.shaded.org.apache.hc.client5.http.wire - http-outgoing-0 >> "Connection: keep-alive[\r][\n]"
22:07:03.390 [Test worker] DEBUG com.github.dockerjava.zerodep.shaded.org.apache.hc.client5.http.wire - http-outgoing-0 >> "User-Agent: Apache-HttpClient/5.0.3 (Java/17.0.2)[\r][\n]"
22:07:03.390 [Test worker] DEBUG com.github.dockerjava.zerodep.shaded.org.apache.hc.client5.http.wire - http-outgoing-0 >> "[\r][\n]"
22:07:03.407 [Test worker] DEBUG com.github.dockerjava.zerodep.shaded.org.apache.hc.client5.http.wire - http-outgoing-0 << "HTTP/1.1 200 OK[\r][\n]"
22:07:03.407 [Test worker] DEBUG com.github.dockerjava.zerodep.shaded.org.apache.hc.client5.http.wire - http-outgoing-0 << "Api-Version: 1.41[\r][\n]"
22:07:03.408 [Test worker] DEBUG com.github.dockerjava.zerodep.shaded.org.apache.hc.client5.http.wire - http-outgoing-0 << "Content-Type: application/json[\r][\n]"
22:07:03.408 [Test worker] DEBUG com.github.dockerjava.zerodep.shaded.org.apache.hc.client5.http.wire - http-outgoing-0 << "Date: Mon, 03 Apr 2023 01:07:03 GMT[\r][\n]"
22:07:03.408 [Test worker] DEBUG com.github.dockerjava.zerodep.shaded.org.apache.hc.client5.http.wire - http-outgoing-0 << "Docker-Experimental: false[\r][\n]"
22:07:03.408 [Test worker] DEBUG com.github.dockerjava.zerodep.shaded.org.apache.hc.client5.http.wire - http-outgoing-0 << "Ostype: linux[\r][\n]"
22:07:03.408 [Test worker] DEBUG com.github.dockerjava.zerodep.shaded.org.apache.hc.client5.http.wire - http-outgoing-0 << "Server: Docker/20.10.21 (linux)[\r][\n]"
22:07:03.408 [Test worker] DEBUG com.github.dockerjava.zerodep.shaded.org.apache.hc.client5.http.wire - http-outgoing-0 << "Transfer-Encoding: chunked[\r][\n]"
22:07:03.408 [Test worker] DEBUG com.github.dockerjava.zerodep.shaded.org.apache.hc.client5.http.wire - http-outgoing-0 << "[\r][\n]"
22:07:03.408 [Test worker] DEBUG com.github.dockerjava.zerodep.shaded.org.apache.hc.client5.http.headers - http-outgoing-0 << HTTP/1.1 200 OK
22:07:03.408 [Test worker] DEBUG com.github.dockerjava.zerodep.shaded.org.apache.hc.client5.http.headers - http-outgoing-0 << Api-Version: 1.41
22:07:03.408 [Test worker] DEBUG com.github.dockerjava.zerodep.shaded.org.apache.hc.client5.http.headers - http-outgoing-0 << Content-Type: application/json
22:07:03.408 [Test worker] DEBUG com.github.dockerjava.zerodep.shaded.org.apache.hc.client5.http.headers - http-outgoing-0 << Date: Mon, 03 Apr 2023 01:07:03 GMT
22:07:03.408 [Test worker] DEBUG com.github.dockerjava.zerodep.shaded.org.apache.hc.client5.http.headers - http-outgoing-0 << Docker-Experimental: false
22:07:03.408 [Test worker] DEBUG com.github.dockerjava.zerodep.shaded.org.apache.hc.client5.http.headers - http-outgoing-0 << Ostype: linux
22:07:03.408 [Test worker] DEBUG com.github.dockerjava.zerodep.shaded.org.apache.hc.client5.http.headers - http-outgoing-0 << Server: Docker/20.10.21 (linux)
22:07:03.408 [Test worker] DEBUG com.github.dockerjava.zerodep.shaded.org.apache.hc.client5.http.headers - http-outgoing-0 << Transfer-Encoding: chunked
22:07:03.408 [Test worker] DEBUG com.github.dockerjava.zerodep.shaded.org.apache.hc.client5.http.impl.classic.MainClientExec - ex-00000002: connection can be kept alive for 3 MINUTES
22:07:03.408 [Test worker] DEBUG com.github.dockerjava.zerodep.shaded.org.apache.hc.client5.http.wire - http-outgoing-0 << "33c[\r][\n]"
22:07:03.408 [Test worker] DEBUG com.github.dockerjava.zerodep.shaded.org.apache.hc.client5.http.wire - http-outgoing-0 << "{"Platform":{"Name":"Docker Desktop 4.15.0 (93002)"},"Components":[{"Name":"Engine","Version":"20.10.21","Details":{"ApiVersion":"1.41","Arch":"arm64","BuildTime":"2022-10-25T17:59:41.000000000+00:00","Experimental":"false","GitCommit":"3056208","GoVersion":"go1.18.7","KernelVersion":"5.15.49-linuxkit","MinAPIVersion":"1.12","Os":"linux"}},{"Name":"containerd","Version":"1.6.10","Details":{"GitCommit":"770bd0108c32f3fb5c73ae1264f7e503fe7b2661"}},{"Name":"runc","Version":"1.1.4","Details":{"GitCommit":"v1.1.4-0-g5fd4c4d"}},{"Name":"docker-init","Version":"0.19.0","Details":{"GitCommit":"de40ad0"}}],"Version":"20.10.21","ApiVersion":"1.41","MinAPIVersion":"1.12","GitCommit":"3056208","GoVersion":"go1.18.7","Os":"linux","Arch":"arm64","KernelVersion":"5.15.49-linuxkit","BuildTime":"2022-10-25T17:59:41.000000000+00:00"}[\n]"
22:07:03.408 [Test worker] DEBUG com.github.dockerjava.zerodep.shaded.org.apache.hc.client5.http.wire - http-outgoing-0 << "[\r][\n]"
22:07:03.408 [Test worker] DEBUG com.github.dockerjava.zerodep.shaded.org.apache.hc.client5.http.wire - http-outgoing-0 << "0[\r][\n]"
22:07:03.409 [Test worker] DEBUG com.github.dockerjava.zerodep.shaded.org.apache.hc.client5.http.wire - http-outgoing-0 << "[\r][\n]"
22:07:03.412 [Test worker] DEBUG com.github.dockerjava.zerodep.shaded.org.apache.hc.client5.http.impl.classic.InternalHttpClient - ep-00000001: releasing valid endpoint
22:07:03.412 [Test worker] DEBUG com.github.dockerjava.zerodep.shaded.org.apache.hc.client5.http.impl.io.PoolingHttpClientConnectionManager - ep-00000001: releasing endpoint
22:07:03.413 [Test worker] DEBUG com.github.dockerjava.zerodep.shaded.org.apache.hc.client5.http.impl.io.PoolingHttpClientConnectionManager - ep-00000001: connection http-outgoing-0 can be kept alive for 3 MINUTES
22:07:03.413 [Test worker] DEBUG com.github.dockerjava.zerodep.shaded.org.apache.hc.client5.http.impl.io.PoolingHttpClientConnectionManager - ep-00000001: connection released [route: {}->unix://localhost:2375][total available: 1; route allocated: 1 of 2147483647; total allocated: 1 of 2147483647]
22:07:03.413 [Test worker] DEBUG org.testcontainers.DockerClientFactory - Docker version: {Components=[{Name=Engine, Version=20.10.21, Details={ApiVersion=1.41, Arch=arm64, BuildTime=2022-10-25T17:59:41.000000000+00:00, Experimental=false, GitCommit=3056208, GoVersion=go1.18.7, KernelVersion=5.15.49-linuxkit, MinAPIVersion=1.12, Os=linux}}, {Name=containerd, Version=1.6.10, Details={GitCommit=770bd0108c32f3fb5c73ae1264f7e503fe7b2661}}, {Name=runc, Version=1.1.4, Details={GitCommit=v1.1.4-0-g5fd4c4d}}, {Name=docker-init, Version=0.19.0, Details={GitCommit=de40ad0}}], KernelVersion=5.15.49-linuxkit, ApiVersion=1.41, Platform={Name=Docker Desktop 4.15.0 (93002)}, GitCommit=3056208, Os=linux, Version=20.10.21, MinAPIVersion=1.12, Arch=arm64, GoVersion=go1.18.7, BuildTime=2022-10-25T17:59:41.000000000+00:00}
22:07:03.413 [Test worker] INFO org.testcontainers.DockerClientFactory - Connected to docker: 
  Server Version: 20.10.21
  API Version: 1.41
  Operating System: Docker Desktop
  Total Memory: 3933 MB
22:07:03.418 [Test worker] DEBUG org.testcontainers.utility.RyukResourceReaper - Ryuk is enabled
22:07:03.419 [Test worker] DEBUG org.testcontainers.utility.PrefixingImageNameSubstitutor - No prefix is configured
22:07:03.419 [Test worker] DEBUG org.testcontainers.utility.ImageNameSubstitutor - Did not find a substitute image for testcontainers/ryuk:0.3.4 (using image substitutor: DefaultImageNameSubstitutor (composite of 'ConfigurationFileImageNameSubstitutor' and 'PrefixingImageNameSubstitutor'))
22:07:03.420 [Test worker] DEBUG org.testcontainers.shaded.com.github.dockerjava.core.command.AbstrDockerCmd - Cmd: ListImagesCmdImpl[filters=org.testcontainers.shaded.com.github.dockerjava.core.util.FiltersBuilder@0,imageNameFilter=<null>,showAll=false]
22:07:03.421 [Test worker] DEBUG com.github.dockerjava.zerodep.shaded.org.apache.hc.client5.http.impl.classic.InternalHttpClient - ex-00000003: preparing request execution
22:07:03.422 [Test worker] DEBUG com.github.dockerjava.zerodep.shaded.org.apache.hc.client5.http.protocol.RequestAddCookies - Cookie spec selected: strict
22:07:03.422 [Test worker] DEBUG com.github.dockerjava.zerodep.shaded.org.apache.hc.client5.http.protocol.RequestAuthCache - Auth cache not set in the context
22:07:03.422 [Test worker] DEBUG com.github.dockerjava.zerodep.shaded.org.apache.hc.client5.http.impl.classic.ProtocolExec - ex-00000003: target auth state: UNCHALLENGED
22:07:03.422 [Test worker] DEBUG com.github.dockerjava.zerodep.shaded.org.apache.hc.client5.http.impl.classic.ProtocolExec - ex-00000003: proxy auth state: UNCHALLENGED
22:07:03.422 [Test worker] DEBUG com.github.dockerjava.zerodep.shaded.org.apache.hc.client5.http.impl.classic.ConnectExec - ex-00000003: acquiring connection with route {}->unix://localhost:2375
22:07:03.422 [Test worker] DEBUG com.github.dockerjava.zerodep.shaded.org.apache.hc.client5.http.impl.classic.InternalHttpClient - ex-00000003: acquiring endpoint (3 MINUTES)
22:07:03.422 [Test worker] DEBUG com.github.dockerjava.zerodep.shaded.org.apache.hc.client5.http.impl.io.PoolingHttpClientConnectionManager - ex-00000003: endpoint lease request (3 MINUTES) [route: {}->unix://localhost:2375][total available: 1; route allocated: 1 of 2147483647; total allocated: 1 of 2147483647]
22:07:03.422 [Test worker] DEBUG com.github.dockerjava.zerodep.shaded.org.apache.hc.client5.http.impl.io.PoolingHttpClientConnectionManager - ex-00000003: endpoint leased [route: {}->unix://localhost:2375][total available: 0; route allocated: 1 of 2147483647; total allocated: 1 of 2147483647]
22:07:03.422 [Test worker] DEBUG com.github.dockerjava.zerodep.shaded.org.apache.hc.client5.http.impl.io.PoolingHttpClientConnectionManager - ex-00000003: acquired ep-00000002
22:07:03.422 [Test worker] DEBUG com.github.dockerjava.zerodep.shaded.org.apache.hc.client5.http.impl.classic.InternalHttpClient - ex-00000003: acquired endpoint ep-00000002
22:07:03.422 [Test worker] DEBUG com.github.dockerjava.zerodep.shaded.org.apache.hc.client5.http.impl.classic.MainClientExec - ex-00000003: executing GET /v1.32/images/json HTTP/1.1
22:07:03.422 [Test worker] DEBUG com.github.dockerjava.zerodep.shaded.org.apache.hc.client5.http.impl.classic.InternalHttpClient - ep-00000002: start execution ex-00000003
22:07:03.422 [Test worker] DEBUG com.github.dockerjava.zerodep.shaded.org.apache.hc.client5.http.impl.io.PoolingHttpClientConnectionManager - ep-00000002: executing exchange ex-00000003 over http-outgoing-0
22:07:03.422 [Test worker] DEBUG com.github.dockerjava.zerodep.shaded.org.apache.hc.client5.http.headers - http-outgoing-0 >> GET /v1.32/images/json HTTP/1.1
22:07:03.422 [Test worker] DEBUG com.github.dockerjava.zerodep.shaded.org.apache.hc.client5.http.headers - http-outgoing-0 >> accept: application/json
22:07:03.422 [Test worker] DEBUG com.github.dockerjava.zerodep.shaded.org.apache.hc.client5.http.headers - http-outgoing-0 >> x-tc-sid: c721e8e0-dbbd-4305-a748-6be2465f786d
22:07:03.422 [Test worker] DEBUG com.github.dockerjava.zerodep.shaded.org.apache.hc.client5.http.headers - http-outgoing-0 >> Accept-Encoding: gzip, x-gzip, deflate
22:07:03.422 [Test worker] DEBUG com.github.dockerjava.zerodep.shaded.org.apache.hc.client5.http.headers - http-outgoing-0 >> Host: localhost:2375
22:07:03.422 [Test worker] DEBUG com.github.dockerjava.zerodep.shaded.org.apache.hc.client5.http.headers - http-outgoing-0 >> Connection: keep-alive
22:07:03.422 [Test worker] DEBUG com.github.dockerjava.zerodep.shaded.org.apache.hc.client5.http.headers - http-outgoing-0 >> User-Agent: Apache-HttpClient/5.0.3 (Java/17.0.2)
22:07:03.422 [Test worker] DEBUG com.github.dockerjava.zerodep.shaded.org.apache.hc.client5.http.wire - http-outgoing-0 >> "GET /v1.32/images/json HTTP/1.1[\r][\n]"
22:07:03.422 [Test worker] DEBUG com.github.dockerjava.zerodep.shaded.org.apache.hc.client5.http.wire - http-outgoing-0 >> "accept: application/json[\r][\n]"
22:07:03.423 [Test worker] DEBUG com.github.dockerjava.zerodep.shaded.org.apache.hc.client5.http.wire - http-outgoing-0 >> "x-tc-sid: c721e8e0-dbbd-4305-a748-6be2465f786d[\r][\n]"
22:07:03.423 [Test worker] DEBUG com.github.dockerjava.zerodep.shaded.org.apache.hc.client5.http.wire - http-outgoing-0 >> "Accept-Encoding: gzip, x-gzip, deflate[\r][\n]"
22:07:03.423 [Test worker] DEBUG com.github.dockerjava.zerodep.shaded.org.apache.hc.client5.http.wire - http-outgoing-0 >> "Host: localhost:2375[\r][\n]"
22:07:03.423 [Test worker] DEBUG com.github.dockerjava.zerodep.shaded.org.apache.hc.client5.http.wire - http-outgoing-0 >> "Connection: keep-alive[\r][\n]"
22:07:03.423 [Test worker] DEBUG com.github.dockerjava.zerodep.shaded.org.apache.hc.client5.http.wire - http-outgoing-0 >> "User-Agent: Apache-HttpClient/5.0.3 (Java/17.0.2)[\r][\n]"
22:07:03.423 [Test worker] DEBUG com.github.dockerjava.zerodep.shaded.org.apache.hc.client5.http.wire - http-outgoing-0 >> "[\r][\n]"
22:07:03.428 [Test worker] DEBUG com.github.dockerjava.zerodep.shaded.org.apache.hc.client5.http.wire - http-outgoing-0 << "HTTP/1.1 200 OK[\r][\n]"
22:07:03.429 [Test worker] DEBUG com.github.dockerjava.zerodep.shaded.org.apache.hc.client5.http.wire - http-outgoing-0 << "Api-Version: 1.41[\r][\n]"
22:07:03.429 [Test worker] DEBUG com.github.dockerjava.zerodep.shaded.org.apache.hc.client5.http.wire - http-outgoing-0 << "Content-Type: application/json[\r][\n]"
22:07:03.429 [Test worker] DEBUG com.github.dockerjava.zerodep.shaded.org.apache.hc.client5.http.wire - http-outgoing-0 << "Date: Mon, 03 Apr 2023 01:07:03 GMT[\r][\n]"
22:07:03.429 [Test worker] DEBUG com.github.dockerjava.zerodep.shaded.org.apache.hc.client5.http.wire - http-outgoing-0 << "Docker-Experimental: false[\r][\n]"
22:07:03.429 [Test worker] DEBUG com.github.dockerjava.zerodep.shaded.org.apache.hc.client5.http.wire - http-outgoing-0 << "Ostype: linux[\r][\n]"
22:07:03.429 [Test worker] DEBUG com.github.dockerjava.zerodep.shaded.org.apache.hc.client5.http.wire - http-outgoing-0 << "Server: Docker/20.10.21 (linux)[\r][\n]"
22:07:03.429 [Test worker] DEBUG com.github.dockerjava.zerodep.shaded.org.apache.hc.client5.http.wire - http-outgoing-0 << "Transfer-Encoding: chunked[\r][\n]"
22:07:03.429 [Test worker] DEBUG com.github.dockerjava.zerodep.shaded.org.apache.hc.client5.http.wire - http-outgoing-0 << "[\r][\n]"
22:07:03.429 [Test worker] DEBUG com.github.dockerjava.zerodep.shaded.org.apache.hc.client5.http.headers - http-outgoing-0 << HTTP/1.1 200 OK
22:07:03.429 [Test worker] DEBUG com.github.dockerjava.zerodep.shaded.org.apache.hc.client5.http.headers - http-outgoing-0 << Api-Version: 1.41
22:07:03.429 [Test worker] DEBUG com.github.dockerjava.zerodep.shaded.org.apache.hc.client5.http.headers - http-outgoing-0 << Content-Type: application/json
22:07:03.429 [Test worker] DEBUG com.github.dockerjava.zerodep.shaded.org.apache.hc.client5.http.headers - http-outgoing-0 << Date: Mon, 03 Apr 2023 01:07:03 GMT
22:07:03.429 [Test worker] DEBUG com.github.dockerjava.zerodep.shaded.org.apache.hc.client5.http.headers - http-outgoing-0 << Docker-Experimental: false
22:07:03.429 [Test worker] DEBUG com.github.dockerjava.zerodep.shaded.org.apache.hc.client5.http.headers - http-outgoing-0 << Ostype: linux
22:07:03.429 [Test worker] DEBUG com.github.dockerjava.zerodep.shaded.org.apache.hc.client5.http.headers - http-outgoing-0 << Server: Docker/20.10.21 (linux)
22:07:03.429 [Test worker] DEBUG com.github.dockerjava.zerodep.shaded.org.apache.hc.client5.http.headers - http-outgoing-0 << Transfer-Encoding: chunked
22:07:03.429 [Test worker] DEBUG com.github.dockerjava.zerodep.shaded.org.apache.hc.client5.http.impl.classic.MainClientExec - ex-00000003: connection can be kept alive for 3 MINUTES
22:07:03.429 [Test worker] DEBUG com.github.dockerjava.zerodep.shaded.org.apache.hc.client5.http.wire - http-outgoing-0 << "28d2[\r][\n]"
22:07:03.429 [Test worker] DEBUG com.github.dockerjava.zerodep.shaded.org.apache.hc.client5.http.wire - http-outgoing-0 << "[{"Containers":-1,"Created":1678310826,"Id":"sha256:c7c54c29e20dccc1aefb936c8eba8bb8b98b87a4921102aba87fde2df5810af9","Labels":null,"ParentId":"","RepoDigests":["mysql@sha256:2596158f73606ba571e1af29a9c32bec5dc021a2495e4a70d194a9b49664f4d9"],"RepoTags":["mysql:latest"],"SharedSize":-1,"Size":543741711,"VirtualSize":543741711},{"Containers":-1,"Created":1677981481,"Id":"sha256:7e030d4117537b3c017952a0fe3740fd36cd4ca80673a6f1163c6126700f7bc0","Labels":null,"ParentId":"","RepoDigests":["raderleao/hello-go@sha256:c46eaa9ee67b5f898a321ab4da9fd7dccb9037bc64a396690a845ca0e5a2f02c"],"RepoTags":["raderleao/hello-go:latest"],"SharedSize":-1,"Size":727148229,"VirtualSize":727148229},{"Containers":-1,"Created":1677965913,"Id":"sha256:f833dd120d95ddad280fa5c788edd3279f3b82d230daf15357f01ec33be97bef","Labels":null,"ParentId":"","RepoDigests":["raderleao/hello-go@sha256:a4ffc058d63374cba977e8f10e14d26104ceec18de90d2b68053ebff6f93ac99"],"RepoTags":null,"SharedSize":-1,"Size":727147267,"VirtualSize":727147267},{"Containers":-1,"Created":1677741933,"Id":"sha256:a00136dd338fe3de62080dcce407fedbb7b08c470ad8b6880bd778239669404e","Labels":{"org.opencontainers.image.ref.name":"ubuntu","org.opencontainers.image.version":"22.04"},"ParentId":"","RepoDigests":["sonarqube@sha256:b4855c5db2f0bfbd91b263e5da36e438b8e548d08931cc8fe4cbe461be35c2e9"],"RepoTags":["sonarqube:latest"],"SharedSize":-1,"Size":608149361,"VirtualSize":608149361},{"Containers":-1,"Created":1677376223,"Id":"sha256:8d8acf0abb08d7755d0a823ffe08ee91885aee8fda65f162c5ebbc638f0b8bdb","Labels":null,"ParentId":"","RepoDigests":["raderleao/fullcycle@sha256:4683b243e4f6a30bfeff05c56309ff9ad45fe8819c1403f81e3f1953b5bb9248"],"RepoTags":["raderleao/fullcycle:latest"],"SharedSize":-1,"Size":1245184,"VirtualSize":1245184},{"Containers":-1,"Created":1677375537,"Id":"sha256:1918d530b155c28c7d79eab53db8678de8bf15e388004079599d5bae41776a82","Labels":null,"ParentId":"","RepoDigests":["raderleao/desafio-docker-go@sha256:77470cf4f39855d968a13b186785c59030aa9d560c21a41a9c5a1260e086d907"],"RepoTags":["raderleao/desafio-docker-go:latest"],"SharedSize":-1,"Size":1245184,"VirtualSize":1245184},{"Containers":-1,"Created":1674621598,"Id":"sha256:31bc8a72bbc4fbc082695df8d3a647442077faf383a86056319834dd514cfbab","Labels":null,"ParentId":"","RepoDigests":["raderleao/gerpessoa-api@sha256:117878836478476c0b73e2126afb3ffd8ba85f51af3a89a29a623d6311224fa4"],"RepoTags":["raderleao/gerpessoa-api:latest"],"SharedSize":-1,"Size":555971317,"VirtualSize":555971317},{"Containers":-1,"Created":1666726861,"Id":"sha256:476b7007f4f5bb64e0710a75920b223addbed48f47a026be959da53e7c55b98d","Labels":{},"ParentId":"","RepoDigests":["kindest/node@sha256:f52781bc0d7a19fb6c405c2af83abfeb311f130707a0e219175677e366cc45d1"],"RepoTags":null,"SharedSize":-1,"Size":823565907,"VirtualSize":823565907},{"Containers":-1,"Created":1659017550,"Id":"sha256:5d28cedc492d64d21c11814d84d9d41566f07023b9c95245e163b05acfcb7172","Labels":null,"ParentId":"","RepoDigests":["testcontainers/ryuk@sha256:0c8faa0a3ad1e154f9d8d5d78627b40d7359ff3f7d3f98556aa32157ad8fd924"],"RepoTags":["testcontainers/ryuk:0.3.4"],"SharedSize":-1,"Size":11483382,"VirtualSize":11483382},{"Containers":-1,"Created":1621469295,"Id":"sha256:97c46e854e69160f7ca0064527018a19d083b1ad39a2d0b17436decb501631ab","Labels":{"description":"Metricbeat is a lightweight shipper for metrics.","io.k8s.description":"Metricbeat is a lightweight shipper for metrics.","io.k8s.display-name":"Metricbeat image","license":"Elastic License","maintainer":"infra@elastic.co","name":"metricbeat","org.label-schema.build-date":"2021-05-20T00:06:02Z","org.label-schema.license":"Elastic License","org.label-schema.name":"metricbeat","org.label-schema.schema-version":"1.0","org.label-schema.url":"https://www.elastic.co/beats/metricbeat","org.label-schema.vcs-ref":"054e224d226b42a1dd7c72dcf48c3f18de452e22","org.label-schema.vcs-url":"github.com/elastic/beats/v7","org.label-schema.vendor":"Elastic","org.label-schema.version":"7.13.0","org.opencontainers.image.created":"2021-05-20T00:06:02Z","org.opencontainers.image.licenses":"Elastic License","org.opencontainers.image.title":"Metricbeat","org.opencontainers.image.vendor":"Elastic","release":"1","summary":"metricbeat","url":"https://www.elastic.co/beats/metricbeat","vendor":"Elastic","version":"7.13.0"},"ParentId":"","RepoDigests":["docker.elastic.co/beats/metricbeat@sha256:6941fcefabc4c79306135e689cedaeee38e3fb4c0ee43522a5d366d1966dfa44"],"RepoTags":["docker.elastic.co/beats/metricbeat:7.13.0"],"SharedSize":-1,"Size":633589175,"VirtualSize":633589175},{"Containers":-1,"Created":1621469059,"Id":"sha256:5345ada3ceee387641a7f1c0e5476a458b6fc4e454cf20102ade9d5d92b49302","Labels":{"description":"Ping remote services for availability and log results to Elasticsearch or send to Logstash.","io.k8s.description":"Ping remote services for availability and log results to Elasticsearch or send to Logstash.","io.k8s.display-name":"Heartbeat image","license":"Elastic License","maintainer":"infra@elastic.co","name":"heartbeat","org.label-schema.build-date":"2021-05-20T00:02:07Z","org.label-schema.license":"Elastic License","org.label-schema.name":"heartbeat","org.label-schema.schema-version":"1.0","org.label-schema.url":"https://www.elastic.co/beats/heartbeat","org.label-schema.vcs-ref":"054e224d226b42a1dd7c72dcf48c3f18de452e22","org.label-schema.vcs-url":"github.com/elastic/beats/v7","org.label-schema.vendor":"Elastic","org.label-schema.version":"7.13.0","org.opencontainers.image.created":"2021-05-20T00:02:07Z","org.opencontainers.image.licenses":"Elastic License","org.opencontainers.image.title":"Heartbeat","org.opencontainers.image.vendor":"Elastic","release":"1","summary":"heartbeat","url":"https://www.elastic.co/beats/heartbeat","vendor":"Elastic","version":"7.13.0"},"ParentId":"","RepoDigests":["docker.elastic.co/beats/heartbeat@sha256:94372b4b95c4b9270fd22a480b5b2687e59d5f21eaeefc6babe622213f05f89c"],"RepoTags":["docker.elastic.co/beats/heartbeat:7.13.0"],"SharedSize":-1,"Size":1336109070,"VirtualSize":1336109070},{"Containers":-1,"Created":1621467106,"Id":"sha256:0ba39fdc26dab419de87376ba6b636987d3d5634a0488f49d47314504f7ad481","Labels":{"org.label-schema.build-date":"2021-05-19T23:27:03.161Z","org.label-schema.license":"Elastic License","org.label-schema.name":"Kibana","org.label-schema.schema-version":"1.0","org.label-schema.url":"https://www.elastic.co/products/kibana","org.label-schema.usage":"https://www.elastic.co/guide/en/kibana/reference/index.html","org.label-schema.vcs-ref":"9863e88bd63ad546b9d36e6b0c0c55cb65dd9081","org.label-schema.vcs-url":"https://github.com/elastic/kibana","org.label-schema.vendor":"Elastic","org.label-schema.version":"7.13.0","org.opencontainers.image.created":"2021-05-19T23:27:03.161Z","org.opencontainers.image.documentation":"https://www.elastic.co/guide/en/kibana/reference/index.html","org.opencontainers.image.licenses":"Elastic License","org.opencontainers.image.revision":"9863e88bd63ad546b9d36e6b0c0c55cb65dd9081","org.opencontainers.image.source":"https://github.com/elastic/kibana","org.opencontainers.image.title":"Kibana","org.opencontainers.image.url":"https://www.elastic.co/products/kibana","org.opencontainers.image.vendor":"Elastic","org.opencontainers.image.version":"7.13.0"},"ParentId":"","RepoDigests":["docker.elastic.co/kibana/kibana@sha256:2075b0a1c4881bda1536cd58fc5b240d37871419c9487fd6300c85ae5062f27c"],"RepoTags":["docker.elastic.co/kibana/kibana:7.13.0"],"SharedSize":-1,"Size":1265761165,"VirtualSize":1265761165},{"Containers":-1,"Created":1621466698,"Id":"sha256:6688074378ef10ea49a3a7a6f64348779de563f93dc199fa823ba1970a237889","Labels":{"description":"Elastic APM Server","io.k8s.description":"Elastic APM Server","io.k8s.display-name":"Apm-Server image","license":"ASL 2.0","maintainer":"infra@elastic.co","name":"apm-server","org.label-schema.build-date":"2021-05-19T23:16:13Z","org.label-schema.license":"ASL 2.0","org.label-schema.name":"apm-server","org.label-schema.schema-version":"1.0","org.label-schema.url":"https://www.elastic.co/solutions/apm","org.label-schema.vcs-ref":"f3e7ff7f9dee40259b82cf0bf230df07b89c1ab1","org.label-schema.vcs-"
22:07:03.434 [Test worker] DEBUG com.github.dockerjava.zerodep.shaded.org.apache.hc.client5.http.wire - http-outgoing-0 << "url":"github.com/elastic/apm-server","org.label-schema.vendor":"Elastic","org.label-schema.version":"7.13.0","org.opencontainers.image.created":"2021-05-19T23:16:13Z","org.opencontainers.image.licenses":"ASL 2.0","org.opencontainers.image.title":"Apm-Server","org.opencontainers.image.vendor":"Elastic","release":"1","summary":"apm-server","url":"https://www.elastic.co/solutions/apm","vendor":"Elastic","version":"7.13.0"},"ParentId":"","RepoDigests":["docker.elastic.co/apm/apm-server-oss@sha256:fbc405573930f58da30f8663370dfc5fbadb4d92bbacb22b3c27229401967861"],"RepoTags":["docker.elastic.co/apm/apm-server-oss:7.13.0"],"SharedSize":-1,"Size":561498633,"VirtualSize":561498633},{"Containers":-1,"Created":1621466579,"Id":"sha256:180acac67f2d15cc4296c498d586615f35a5ac5e30be5ceccd23ee1984818d61","Labels":{"org.label-schema.build-date":"2021-05-19T23:18:25.025066927Z","org.label-schema.license":"Elastic-License-2.0","org.label-schema.name":"Elasticsearch","org.label-schema.schema-version":"1.0","org.label-schema.url":"https://www.elastic.co/products/elasticsearch","org.label-schema.usage":"https://www.elastic.co/guide/en/elasticsearch/reference/index.html","org.label-schema.vcs-ref":"5ca8591c6fcdb1260ce95b08a8e023559635c6f3","org.label-schema.vcs-url":"https://github.com/elastic/elasticsearch","org.label-schema.vendor":"Elastic","org.label-schema.version":"7.13.0","org.opencontainers.image.created":"2021-05-19T23:18:25.025066927Z","org.opencontainers.image.documentation":"https://www.elastic.co/guide/en/elasticsearch/reference/index.html","org.opencontainers.image.licenses":"Elastic-License-2.0","org.opencontainers.image.revision":"5ca8591c6fcdb1260ce95b08a8e023559635c6f3","org.opencontainers.image.source":"https://github.com/elastic/elasticsearch","org.opencontainers.image.title":"Elasticsearch","org.opencontainers.image.url":"https://www.elastic.co/products/elasticsearch","org.opencontainers.image.vendor":"Elastic","org.opencontainers.image.version":"7.13.0"},"ParentId":"","RepoDigests":["docker.elastic.co/elasticsearch/elasticsearch@sha256:c7efa0260b40ebe8332c38b113b628bc33f78ab33feb97494a56d1338dc88c12"],"RepoTags":["docker.elastic.co/elasticsearch/elasticsearch:7.13.0"],"SharedSize":-1,"Size":897646467,"VirtualSize":897646467}][\n]"
22:07:03.435 [Test worker] DEBUG com.github.dockerjava.zerodep.shaded.org.apache.hc.client5.http.wire - http-outgoing-0 << "[\r][\n]"
22:07:03.435 [Test worker] DEBUG com.github.dockerjava.zerodep.shaded.org.apache.hc.client5.http.wire - http-outgoing-0 << "0[\r][\n]"
22:07:03.435 [Test worker] DEBUG com.github.dockerjava.zerodep.shaded.org.apache.hc.client5.http.wire - http-outgoing-0 << "[\r][\n]"
22:07:03.435 [Test worker] DEBUG com.github.dockerjava.zerodep.shaded.org.apache.hc.client5.http.impl.classic.InternalHttpClient - ep-00000002: releasing valid endpoint
22:07:03.435 [Test worker] DEBUG com.github.dockerjava.zerodep.shaded.org.apache.hc.client5.http.impl.io.PoolingHttpClientConnectionManager - ep-00000002: releasing endpoint
22:07:03.435 [Test worker] DEBUG com.github.dockerjava.zerodep.shaded.org.apache.hc.client5.http.impl.io.PoolingHttpClientConnectionManager - ep-00000002: connection http-outgoing-0 can be kept alive for 3 MINUTES
22:07:03.435 [Test worker] DEBUG com.github.dockerjava.zerodep.shaded.org.apache.hc.client5.http.impl.io.PoolingHttpClientConnectionManager - ep-00000002: connection released [route: {}->unix://localhost:2375][total available: 1; route allocated: 1 of 2147483647; total allocated: 1 of 2147483647]
22:07:03.437 [Test worker] DEBUG org.testcontainers.images.LocalImagesCache - repoTags is null, skipping image: Image(created=1677965913, id=sha256:f833dd120d95ddad280fa5c788edd3279f3b82d230daf15357f01ec33be97bef, parentId=, repoTags=null, repoDigests=[raderleao/hello-go@sha256:a4ffc058d63374cba977e8f10e14d26104ceec18de90d2b68053ebff6f93ac99], size=727147267, virtualSize=727147267, sharedSize=-1, labels=null, containers=-1)
22:07:03.437 [Test worker] DEBUG org.testcontainers.images.LocalImagesCache - repoTags is null, skipping image: Image(created=1666726861, id=sha256:476b7007f4f5bb64e0710a75920b223addbed48f47a026be959da53e7c55b98d, parentId=, repoTags=null, repoDigests=[kindest/node@sha256:f52781bc0d7a19fb6c405c2af83abfeb311f130707a0e219175677e366cc45d1], size=823565907, virtualSize=823565907, sharedSize=-1, labels={}, containers=-1)
22:07:03.437 [Test worker] DEBUG org.testcontainers.images.AbstractImagePullPolicy - Using locally available and not pulling image: testcontainers/ryuk:0.3.4
22:07:03.437 [Test worker] DEBUG ]]>&#x1f433;<![CDATA[ [testcontainers/ryuk:0.3.4] - Starting container: testcontainers/ryuk:0.3.4
22:07:03.438 [Test worker] DEBUG ]]>&#x1f433;<![CDATA[ [testcontainers/ryuk:0.3.4] - Trying to start container: testcontainers/ryuk:0.3.4 (attempt 1/1)
22:07:03.438 [Test worker] DEBUG ]]>&#x1f433;<![CDATA[ [testcontainers/ryuk:0.3.4] - Starting container: testcontainers/ryuk:0.3.4
22:07:03.438 [Test worker] INFO ]]>&#x1f433;<![CDATA[ [testcontainers/ryuk:0.3.4] - Creating container for image: testcontainers/ryuk:0.3.4
22:07:03.446 [Test worker] DEBUG org.testcontainers.utility.RegistryAuthLocator - Looking up auth config for image: testcontainers/ryuk:0.3.4 at registry: https://index.docker.io/v1/
22:07:03.446 [Test worker] DEBUG org.testcontainers.utility.RegistryAuthLocator - RegistryAuthLocator has configFile: /Users/raderleao/.docker/config.json (exists) and commandPathPrefix: 
22:07:03.447 [Test worker] DEBUG org.testcontainers.utility.RegistryAuthLocator - registryName [https://index.docker.io/v1/] for dockerImageName [testcontainers/ryuk:0.3.4]
22:07:03.447 [Test worker] DEBUG org.testcontainers.utility.RegistryAuthLocator - Executing docker credential provider: docker-credential-desktop to locate auth config for: https://index.docker.io/v1/
22:07:03.450 [Test worker] DEBUG org.testcontainers.shaded.org.zeroturnaround.exec.ProcessExecutor - Executing [docker-credential-desktop, get].
22:07:03.457 [Test worker] DEBUG org.testcontainers.shaded.org.zeroturnaround.exec.ProcessExecutor - Started Process[pid=13240, exitValue="not exited"]
22:07:03.701 [WaitForProcess-Process[pid=13240, exitValue="not exited"]] DEBUG org.testcontainers.shaded.org.zeroturnaround.exec.WaitForProcess - Process[pid=13240, exitValue=0] stopped with exit code 0
22:07:03.702 [Test worker] DEBUG org.testcontainers.utility.RegistryAuthLocator - Credential helper/store provided auth config for: https://index.docker.io/v1/
22:07:03.703 [Test worker] DEBUG org.testcontainers.utility.RegistryAuthLocator - found creds store auth config [AuthConfig{username=raderleao, password=hidden non-blank value, auth=blank, email=null, registryAddress=https://index.docker.io/v1/, registryToken=blank}]
22:07:03.703 [Test worker] DEBUG org.testcontainers.utility.RegistryAuthLocator - Cached auth found: [AuthConfig{username=raderleao, password=hidden non-blank value, auth=blank, email=null, registryAddress=https://index.docker.io/v1/, registryToken=blank}]
22:07:03.703 [Test worker] DEBUG org.testcontainers.dockerclient.AuthDelegatingDockerClientConfig - Effective auth config [AuthConfig{username=raderleao, password=hidden non-blank value, auth=blank, email=null, registryAddress=https://index.docker.io/v1/, registryToken=blank}]
22:07:03.708 [Test worker] DEBUG org.testcontainers.shaded.com.github.dockerjava.core.command.AbstrDockerCmd - Cmd: org.testcontainers.shaded.com.github.dockerjava.core.command.CreateContainerCmdImpl@30e6a763[aliases=<null>,argsEscaped=<null>,attachStderr=<null>,attachStdin=<null>,attachStdout=<null>,authConfig=AuthConfig(username=raderleao, email=null, registryAddress=https://index.docker.io/v1/, stackOrchestrator=null),cmd={},domainName=<null>,entrypoint=<null>,env={},exposedPorts=ExposedPorts(exposedPorts=[8080/tcp]),healthcheck=<null>,hostConfig=HostConfig(binds=[/var/run/docker.sock:/var/run/docker.sock:rw], blkioWeight=null, blkioWeightDevice=null, blkioDeviceReadBps=null, blkioDeviceWriteBps=null, blkioDeviceReadIOps=null, blkioDeviceWriteIOps=null, memorySwappiness=null, nanoCPUs=null, capAdd=null, capDrop=null, containerIDFile=null, cpuPeriod=null, cpuRealtimePeriod=null, cpuRealtimeRuntime=null, cpuShares=null, cpuQuota=null, cpusetCpus=null, cpusetMems=null, devices=null, deviceCgroupRules=null, deviceRequests=null, diskQuota=null, dns=null, dnsOptions=null, dnsSearch=null, extraHosts=[], groupAdd=null, ipcMode=null, cgroup=null, links=[], logConfig=LogConfig(type=null, config=null), lxcConf=null, memory=null, memorySwap=null, memoryReservation=null, kernelMemory=null, networkMode=null, oomKillDisable=null, init=null, autoRemove=true, oomScoreAdj=null, portBindings={8080/tcp=[Lcom.github.dockerjava.api.model.Ports$Binding;@7fc7c4a}, privileged=false, publishAllPorts=null, readonlyRootfs=null, restartPolicy=null, ulimits=null, cpuCount=null, cpuPercent=null, ioMaximumIOps=null, ioMaximumBandwidth=null, volumesFrom=[], mounts=null, pidMode=null, isolation=null, securityOpts=null, storageOpt=null, cgroupParent=null, volumeDriver=null, shmSize=null, pidsLimit=null, runtime=null, tmpFs=null, utSMode=null, usernsMode=null, sysctls=null, consoleSize=null, cgroupnsMode=null),hostName=<null>,image=testcontainers/ryuk:0.3.4,ipv4Address=<null>,ipv6Address=<null>,labels={org.testcontainers=true, org.testcontainers.lang=java, org.testcontainers.version=1.17.6},macAddress=<null>,name=testcontainers-ryuk-c721e8e0-dbbd-4305-a748-6be2465f786d,networkDisabled=<null>,networkingConfig=<null>,onBuild=<null>,platform=<null>,portSpecs=<null>,shell=<null>,stdInOnce=<null>,stdinOpen=<null>,stopSignal=<null>,stopTimeout=<null>,tty=<null>,user=<null>,volumes=Volumes(volumes=[]),workingDir=<null>]
22:07:03.744 [Test worker] DEBUG com.github.dockerjava.zerodep.shaded.org.apache.hc.client5.http.impl.classic.InternalHttpClient - ex-00000004: preparing request execution
22:07:03.744 [Test worker] DEBUG com.github.dockerjava.zerodep.shaded.org.apache.hc.client5.http.protocol.RequestAddCookies - Cookie spec selected: strict
22:07:03.744 [Test worker] DEBUG com.github.dockerjava.zerodep.shaded.org.apache.hc.client5.http.protocol.RequestAuthCache - Auth cache not set in the context
22:07:03.744 [Test worker] DEBUG com.github.dockerjava.zerodep.shaded.org.apache.hc.client5.http.impl.classic.ProtocolExec - ex-00000004: target auth state: UNCHALLENGED
22:07:03.744 [Test worker] DEBUG com.github.dockerjava.zerodep.shaded.org.apache.hc.client5.http.impl.classic.ProtocolExec - ex-00000004: proxy auth state: UNCHALLENGED
22:07:03.744 [Test worker] DEBUG com.github.dockerjava.zerodep.shaded.org.apache.hc.client5.http.impl.classic.ConnectExec - ex-00000004: acquiring connection with route {}->unix://localhost:2375
22:07:03.744 [Test worker] DEBUG com.github.dockerjava.zerodep.shaded.org.apache.hc.client5.http.impl.classic.InternalHttpClient - ex-00000004: acquiring endpoint (3 MINUTES)
22:07:03.744 [Test worker] DEBUG com.github.dockerjava.zerodep.shaded.org.apache.hc.client5.http.impl.io.PoolingHttpClientConnectionManager - ex-00000004: endpoint lease request (3 MINUTES) [route: {}->unix://localhost:2375][total available: 1; route allocated: 1 of 2147483647; total allocated: 1 of 2147483647]
22:07:03.744 [Test worker] DEBUG com.github.dockerjava.zerodep.shaded.org.apache.hc.client5.http.impl.io.PoolingHttpClientConnectionManager - ex-00000004: endpoint leased [route: {}->unix://localhost:2375][total available: 0; route allocated: 1 of 2147483647; total allocated: 1 of 2147483647]
22:07:03.744 [Test worker] DEBUG com.github.dockerjava.zerodep.shaded.org.apache.hc.client5.http.impl.io.PoolingHttpClientConnectionManager - ex-00000004: acquired ep-00000003
22:07:03.744 [Test worker] DEBUG com.github.dockerjava.zerodep.shaded.org.apache.hc.client5.http.impl.classic.InternalHttpClient - ex-00000004: acquired endpoint ep-00000003
22:07:03.744 [Test worker] DEBUG com.github.dockerjava.zerodep.shaded.org.apache.hc.client5.http.impl.classic.MainClientExec - ex-00000004: executing POST /v1.32/containers/create?name=testcontainers-ryuk-c721e8e0-dbbd-4305-a748-6be2465f786d HTTP/1.1
22:07:03.744 [Test worker] DEBUG com.github.dockerjava.zerodep.shaded.org.apache.hc.client5.http.impl.classic.InternalHttpClient - ep-00000003: start execution ex-00000004
22:07:03.744 [Test worker] DEBUG com.github.dockerjava.zerodep.shaded.org.apache.hc.client5.http.impl.io.PoolingHttpClientConnectionManager - ep-00000003: executing exchange ex-00000004 over http-outgoing-0
22:07:03.744 [Test worker] DEBUG com.github.dockerjava.zerodep.shaded.org.apache.hc.client5.http.headers - http-outgoing-0 >> POST /v1.32/containers/create?name=testcontainers-ryuk-c721e8e0-dbbd-4305-a748-6be2465f786d HTTP/1.1
22:07:03.744 [Test worker] DEBUG com.github.dockerjava.zerodep.shaded.org.apache.hc.client5.http.headers - http-outgoing-0 >> X-Registry-Auth: eyJ1c2VybmFtZSI6InJhZGVybGVhbyIsInBhc3N3b3JkIjoib2ltYzYwNjBAIiwiZW1haWwiOm51bGwsInNlcnZlcmFkZHJlc3MiOiJodHRwczovL2luZGV4LmRvY2tlci5pby92MS8iLCJhdXRoIjpudWxsLCJyZWdpc3RyeXRva2VuIjpudWxsLCJpZGVudGl0eXRva2VuIjpudWxsLCJzdGFja09yY2hlc3RyYXRvciI6bnVsbH0=
22:07:03.744 [Test worker] DEBUG com.github.dockerjava.zerodep.shaded.org.apache.hc.client5.http.headers - http-outgoing-0 >> accept: application/json
22:07:03.745 [Test worker] DEBUG com.github.dockerjava.zerodep.shaded.org.apache.hc.client5.http.headers - http-outgoing-0 >> content-type: application/json
22:07:03.745 [Test worker] DEBUG com.github.dockerjava.zerodep.shaded.org.apache.hc.client5.http.headers - http-outgoing-0 >> x-tc-sid: c721e8e0-dbbd-4305-a748-6be2465f786d
22:07:03.745 [Test worker] DEBUG com.github.dockerjava.zerodep.shaded.org.apache.hc.client5.http.headers - http-outgoing-0 >> Accept-Encoding: gzip, x-gzip, deflate
22:07:03.745 [Test worker] DEBUG com.github.dockerjava.zerodep.shaded.org.apache.hc.client5.http.headers - http-outgoing-0 >> Content-Length: 1955
22:07:03.745 [Test worker] DEBUG com.github.dockerjava.zerodep.shaded.org.apache.hc.client5.http.headers - http-outgoing-0 >> Host: localhost:2375
22:07:03.745 [Test worker] DEBUG com.github.dockerjava.zerodep.shaded.org.apache.hc.client5.http.headers - http-outgoing-0 >> Connection: keep-alive
22:07:03.745 [Test worker] DEBUG com.github.dockerjava.zerodep.shaded.org.apache.hc.client5.http.headers - http-outgoing-0 >> User-Agent: Apache-HttpClient/5.0.3 (Java/17.0.2)
22:07:03.745 [Test worker] DEBUG com.github.dockerjava.zerodep.shaded.org.apache.hc.client5.http.wire - http-outgoing-0 >> "POST /v1.32/containers/create?name=testcontainers-ryuk-c721e8e0-dbbd-4305-a748-6be2465f786d HTTP/1.1[\r][\n]"
22:07:03.745 [Test worker] DEBUG com.github.dockerjava.zerodep.shaded.org.apache.hc.client5.http.wire - http-outgoing-0 >> "X-Registry-Auth: eyJ1c2VybmFtZSI6InJhZGVybGVhbyIsInBhc3N3b3JkIjoib2ltYzYwNjBAIiwiZW1haWwiOm51bGwsInNlcnZlcmFkZHJlc3MiOiJodHRwczovL2luZGV4LmRvY2tlci5pby92MS8iLCJhdXRoIjpudWxsLCJyZWdpc3RyeXRva2VuIjpudWxsLCJpZGVudGl0eXRva2VuIjpudWxsLCJzdGFja09yY2hlc3RyYXRvciI6bnVsbH0=[\r][\n]"
22:07:03.745 [Test worker] DEBUG com.github.dockerjava.zerodep.shaded.org.apache.hc.client5.http.wire - http-outgoing-0 >> "accept: application/json[\r][\n]"
22:07:03.745 [Test worker] DEBUG com.github.dockerjava.zerodep.shaded.org.apache.hc.client5.http.wire - http-outgoing-0 >> "content-type: application/json[\r][\n]"
22:07:03.745 [Test worker] DEBUG com.github.dockerjava.zerodep.shaded.org.apache.hc.client5.http.wire - http-outgoing-0 >> "x-tc-sid: c721e8e0-dbbd-4305-a748-6be2465f786d[\r][\n]"
22:07:03.745 [Test worker] DEBUG com.github.dockerjava.zerodep.shaded.org.apache.hc.client5.http.wire - http-outgoing-0 >> "Accept-Encoding: gzip, x-gzip, deflate[\r][\n]"
22:07:03.745 [Test worker] DEBUG com.github.dockerjava.zerodep.shaded.org.apache.hc.client5.http.wire - http-outgoing-0 >> "Content-Length: 1955[\r][\n]"
22:07:03.745 [Test worker] DEBUG com.github.dockerjava.zerodep.shaded.org.apache.hc.client5.http.wire - http-outgoing-0 >> "Host: localhost:2375[\r][\n]"
22:07:03.745 [Test worker] DEBUG com.github.dockerjava.zerodep.shaded.org.apache.hc.client5.http.wire - http-outgoing-0 >> "Connection: keep-alive[\r][\n]"
22:07:03.745 [Test worker] DEBUG com.github.dockerjava.zerodep.shaded.org.apache.hc.client5.http.wire - http-outgoing-0 >> "User-Agent: Apache-HttpClient/5.0.3 (Java/17.0.2)[\r][\n]"
22:07:03.745 [Test worker] DEBUG com.github.dockerjava.zerodep.shaded.org.apache.hc.client5.http.wire - http-outgoing-0 >> "[\r][\n]"
22:07:03.745 [Test worker] DEBUG com.github.dockerjava.zerodep.shaded.org.apache.hc.client5.http.wire - http-outgoing-0 >> "{"Hostname":null,"Domainname":null,"User":null,"AttachStdin":null,"AttachStdout":null,"AttachStderr":null,"PortSpecs":null,"Tty":null,"OpenStdin":null,"StdinOnce":null,"Env":[],"Cmd":[],"Healthcheck":null,"ArgsEscaped":null,"Entrypoint":null,"Image":"testcontainers/ryuk:0.3.4","Volumes":{},"WorkingDir":null,"MacAddress":null,"OnBuild":null,"NetworkDisabled":null,"ExposedPorts":{"8080/tcp":{}},"StopSignal":null,"StopTimeout":null,"HostConfig":{"Binds":["/var/run/docker.sock:/var/run/docker.sock:rw"],"BlkioWeight":null,"BlkioWeightDevice":null,"BlkioDeviceReadBps":null,"BlkioDeviceWriteBps":null,"BlkioDeviceReadIOps":null,"BlkioDeviceWriteIOps":null,"MemorySwappiness":null,"NanoCpus":null,"CapAdd":null,"CapDrop":null,"ContainerIDFile":null,"CpuPeriod":null,"CpuRealtimePeriod":null,"CpuRealtimeRuntime":null,"CpuShares":null,"CpuQuota":null,"CpusetCpus":null,"CpusetMems":null,"Devices":null,"DeviceCgroupRules":null,"DeviceRequests":null,"DiskQuota":null,"Dns":null,"DnsOptions":null,"DnsSearch":null,"ExtraHosts":[],"GroupAdd":null,"IpcMode":null,"Cgroup":null,"Links":[],"LogConfig":null,"LxcConf":null,"Memory":null,"MemorySwap":null,"MemoryReservation":null,"KernelMemory":null,"NetworkMode":null,"OomKillDisable":null,"Init":null,"AutoRemove":true,"OomScoreAdj":null,"PortBindings":{"8080/tcp":[{"HostIp":"","HostPort":""}]},"Privileged":false,"PublishAllPorts":null,"ReadonlyRootfs":null,"RestartPolicy":null,"Ulimits":null,"CpuCount":null,"CpuPercent":null,"IOMaximumIOps":null,"IOMaximumBandwidth":null,"VolumesFrom":[],"Mounts":null,"PidMode":null,"Isolation":null,"SecurityOpt":null,"StorageOpt":null,"CgroupParent":null,"VolumeDriver":null,"ShmSize":null,"PidsLimit":null,"Runtime":null,"Tmpfs":null,"UTSMode":null,"UsernsMode":null,"Sysctls":null,"ConsoleSize":null,"CgroupnsMode":null},"Labels":{"org.testcontainers":"true","org.testcontainers.lang":"java","org.testcontainers.version":"1.17.6"},"Shell":null,"NetworkingConfig":null}"
22:07:03.790 [Test worker] DEBUG com.github.dockerjava.zerodep.shaded.org.apache.hc.client5.http.wire - http-outgoing-0 << "HTTP/1.1 201 Created[\r][\n]"
22:07:03.790 [Test worker] DEBUG com.github.dockerjava.zerodep.shaded.org.apache.hc.client5.http.wire - http-outgoing-0 << "Api-Version: 1.41[\r][\n]"
22:07:03.790 [Test worker] DEBUG com.github.dockerjava.zerodep.shaded.org.apache.hc.client5.http.wire - http-outgoing-0 << "Content-Type: application/json[\r][\n]"
22:07:03.790 [Test worker] DEBUG com.github.dockerjava.zerodep.shaded.org.apache.hc.client5.http.wire - http-outgoing-0 << "Date: Mon, 03 Apr 2023 01:07:03 GMT[\r][\n]"
22:07:03.790 [Test worker] DEBUG com.github.dockerjava.zerodep.shaded.org.apache.hc.client5.http.wire - http-outgoing-0 << "Docker-Experimental: false[\r][\n]"
22:07:03.790 [Test worker] DEBUG com.github.dockerjava.zerodep.shaded.org.apache.hc.client5.http.wire - http-outgoing-0 << "Ostype: linux[\r][\n]"
22:07:03.790 [Test worker] DEBUG com.github.dockerjava.zerodep.shaded.org.apache.hc.client5.http.wire - http-outgoing-0 << "Server: Docker/20.10.21 (linux)[\r][\n]"
22:07:03.790 [Test worker] DEBUG com.github.dockerjava.zerodep.shaded.org.apache.hc.client5.http.wire - http-outgoing-0 << "Transfer-Encoding: chunked[\r][\n]"
22:07:03.790 [Test worker] DEBUG com.github.dockerjava.zerodep.shaded.org.apache.hc.client5.http.wire - http-outgoing-0 << "[\r][\n]"
22:07:03.790 [Test worker] DEBUG com.github.dockerjava.zerodep.shaded.org.apache.hc.client5.http.wire - http-outgoing-0 << "58[\r][\n]"
22:07:03.790 [Test worker] DEBUG com.github.dockerjava.zerodep.shaded.org.apache.hc.client5.http.wire - http-outgoing-0 << "{"Id":"9385819398bc87648625b93ad4dd64e03b0cc0775b5f818cda5c5015256867e0","Warnings":[]}[\n]"
22:07:03.790 [Test worker] DEBUG com.github.dockerjava.zerodep.shaded.org.apache.hc.client5.http.wire - http-outgoing-0 << "[\r][\n]"
22:07:03.790 [Test worker] DEBUG com.github.dockerjava.zerodep.shaded.org.apache.hc.client5.http.headers - http-outgoing-0 << HTTP/1.1 201 Created
22:07:03.790 [Test worker] DEBUG com.github.dockerjava.zerodep.shaded.org.apache.hc.client5.http.headers - http-outgoing-0 << Api-Version: 1.41
22:07:03.790 [Test worker] DEBUG com.github.dockerjava.zerodep.shaded.org.apache.hc.client5.http.headers - http-outgoing-0 << Content-Type: application/json
22:07:03.790 [Test worker] DEBUG com.github.dockerjava.zerodep.shaded.org.apache.hc.client5.http.headers - http-outgoing-0 << Date: Mon, 03 Apr 2023 01:07:03 GMT
22:07:03.791 [Test worker] DEBUG com.github.dockerjava.zerodep.shaded.org.apache.hc.client5.http.headers - http-outgoing-0 << Docker-Experimental: false
22:07:03.791 [Test worker] DEBUG com.github.dockerjava.zerodep.shaded.org.apache.hc.client5.http.headers - http-outgoing-0 << Ostype: linux
22:07:03.791 [Test worker] DEBUG com.github.dockerjava.zerodep.shaded.org.apache.hc.client5.http.headers - http-outgoing-0 << Server: Docker/20.10.21 (linux)
22:07:03.791 [Test worker] DEBUG com.github.dockerjava.zerodep.shaded.org.apache.hc.client5.http.headers - http-outgoing-0 << Transfer-Encoding: chunked
22:07:03.791 [Test worker] DEBUG com.github.dockerjava.zerodep.shaded.org.apache.hc.client5.http.impl.classic.MainClientExec - ex-00000004: connection can be kept alive for 3 MINUTES
22:07:03.793 [Test worker] DEBUG com.github.dockerjava.zerodep.shaded.org.apache.hc.client5.http.wire - http-outgoing-0 << "0[\r][\n]"
22:07:03.793 [Test worker] DEBUG com.github.dockerjava.zerodep.shaded.org.apache.hc.client5.http.wire - http-outgoing-0 << "[\r][\n]"
22:07:03.793 [Test worker] DEBUG com.github.dockerjava.zerodep.shaded.org.apache.hc.client5.http.impl.classic.InternalHttpClient - ep-00000003: releasing valid endpoint
22:07:03.793 [Test worker] DEBUG com.github.dockerjava.zerodep.shaded.org.apache.hc.client5.http.impl.io.PoolingHttpClientConnectionManager - ep-00000003: releasing endpoint
22:07:03.793 [Test worker] DEBUG com.github.dockerjava.zerodep.shaded.org.apache.hc.client5.http.impl.io.PoolingHttpClientConnectionManager - ep-00000003: connection http-outgoing-0 can be kept alive for 3 MINUTES
22:07:03.793 [Test worker] DEBUG com.github.dockerjava.zerodep.shaded.org.apache.hc.client5.http.impl.io.PoolingHttpClientConnectionManager - ep-00000003: connection released [route: {}->unix://localhost:2375][total available: 1; route allocated: 1 of 2147483647; total allocated: 1 of 2147483647]
22:07:03.795 [Test worker] INFO ]]>&#x1f433;<![CDATA[ [testcontainers/ryuk:0.3.4] - Container testcontainers/ryuk:0.3.4 is starting: 9385819398bc87648625b93ad4dd64e03b0cc0775b5f818cda5c5015256867e0
22:07:03.796 [Test worker] DEBUG org.testcontainers.shaded.com.github.dockerjava.core.command.AbstrDockerCmd - Cmd: 9385819398bc87648625b93ad4dd64e03b0cc0775b5f818cda5c5015256867e0
22:07:03.797 [Test worker] DEBUG com.github.dockerjava.zerodep.shaded.org.apache.hc.client5.http.impl.classic.InternalHttpClient - ex-00000005: preparing request execution
22:07:03.797 [Test worker] DEBUG com.github.dockerjava.zerodep.shaded.org.apache.hc.client5.http.protocol.RequestAddCookies - Cookie spec selected: strict
22:07:03.797 [Test worker] DEBUG com.github.dockerjava.zerodep.shaded.org.apache.hc.client5.http.protocol.RequestAuthCache - Auth cache not set in the context
22:07:03.797 [Test worker] DEBUG com.github.dockerjava.zerodep.shaded.org.apache.hc.client5.http.impl.classic.ProtocolExec - ex-00000005: target auth state: UNCHALLENGED
22:07:03.797 [Test worker] DEBUG com.github.dockerjava.zerodep.shaded.org.apache.hc.client5.http.impl.classic.ProtocolExec - ex-00000005: proxy auth state: UNCHALLENGED
22:07:03.820 [Test worker] DEBUG com.github.dockerjava.zerodep.shaded.org.apache.hc.client5.http.impl.classic.ConnectExec - ex-00000005: acquiring connection with route {}->unix://localhost:2375
22:07:03.820 [Test worker] DEBUG com.github.dockerjava.zerodep.shaded.org.apache.hc.client5.http.impl.classic.InternalHttpClient - ex-00000005: acquiring endpoint (3 MINUTES)
22:07:03.821 [Test worker] DEBUG com.github.dockerjava.zerodep.shaded.org.apache.hc.client5.http.impl.io.PoolingHttpClientConnectionManager - ex-00000005: endpoint lease request (3 MINUTES) [route: {}->unix://localhost:2375][total available: 1; route allocated: 1 of 2147483647; total allocated: 1 of 2147483647]
22:07:03.821 [Test worker] DEBUG com.github.dockerjava.zerodep.shaded.org.apache.hc.client5.http.impl.io.PoolingHttpClientConnectionManager - ex-00000005: endpoint leased [route: {}->unix://localhost:2375][total available: 0; route allocated: 1 of 2147483647; total allocated: 1 of 2147483647]
22:07:03.821 [Test worker] DEBUG com.github.dockerjava.zerodep.shaded.org.apache.hc.client5.http.impl.io.PoolingHttpClientConnectionManager - ex-00000005: acquired ep-00000004
22:07:03.821 [Test worker] DEBUG com.github.dockerjava.zerodep.shaded.org.apache.hc.client5.http.impl.classic.InternalHttpClient - ex-00000005: acquired endpoint ep-00000004
22:07:03.821 [Test worker] DEBUG com.github.dockerjava.zerodep.shaded.org.apache.hc.client5.http.impl.classic.MainClientExec - ex-00000005: executing POST /v1.32/containers/9385819398bc87648625b93ad4dd64e03b0cc0775b5f818cda5c5015256867e0/start HTTP/1.1
22:07:03.822 [Test worker] DEBUG com.github.dockerjava.zerodep.shaded.org.apache.hc.client5.http.impl.classic.InternalHttpClient - ep-00000004: start execution ex-00000005
22:07:03.822 [Test worker] DEBUG com.github.dockerjava.zerodep.shaded.org.apache.hc.client5.http.impl.io.PoolingHttpClientConnectionManager - ep-00000004: executing exchange ex-00000005 over http-outgoing-0
22:07:03.822 [Test worker] DEBUG com.github.dockerjava.zerodep.shaded.org.apache.hc.client5.http.headers - http-outgoing-0 >> POST /v1.32/containers/9385819398bc87648625b93ad4dd64e03b0cc0775b5f818cda5c5015256867e0/start HTTP/1.1
22:07:03.822 [Test worker] DEBUG com.github.dockerjava.zerodep.shaded.org.apache.hc.client5.http.headers - http-outgoing-0 >> accept: application/json
22:07:03.822 [Test worker] DEBUG com.github.dockerjava.zerodep.shaded.org.apache.hc.client5.http.headers - http-outgoing-0 >> content-type: application/json
22:07:03.822 [Test worker] DEBUG com.github.dockerjava.zerodep.shaded.org.apache.hc.client5.http.headers - http-outgoing-0 >> x-tc-sid: c721e8e0-dbbd-4305-a748-6be2465f786d
22:07:03.822 [Test worker] DEBUG com.github.dockerjava.zerodep.shaded.org.apache.hc.client5.http.headers - http-outgoing-0 >> Accept-Encoding: gzip, x-gzip, deflate
22:07:03.822 [Test worker] DEBUG com.github.dockerjava.zerodep.shaded.org.apache.hc.client5.http.headers - http-outgoing-0 >> Host: localhost:2375
22:07:03.822 [Test worker] DEBUG com.github.dockerjava.zerodep.shaded.org.apache.hc.client5.http.headers - http-outgoing-0 >> Connection: keep-alive
22:07:03.822 [Test worker] DEBUG com.github.dockerjava.zerodep.shaded.org.apache.hc.client5.http.headers - http-outgoing-0 >> User-Agent: Apache-HttpClient/5.0.3 (Java/17.0.2)
22:07:03.822 [Test worker] DEBUG com.github.dockerjava.zerodep.shaded.org.apache.hc.client5.http.wire - http-outgoing-0 >> "POST /v1.32/containers/9385819398bc87648625b93ad4dd64e03b0cc0775b5f818cda5c5015256867e0/start HTTP/1.1[\r][\n]"
22:07:03.822 [Test worker] DEBUG com.github.dockerjava.zerodep.shaded.org.apache.hc.client5.http.wire - http-outgoing-0 >> "accept: application/json[\r][\n]"
22:07:03.822 [Test worker] DEBUG com.github.dockerjava.zerodep.shaded.org.apache.hc.client5.http.wire - http-outgoing-0 >> "content-type: application/json[\r][\n]"
22:07:03.822 [Test worker] DEBUG com.github.dockerjava.zerodep.shaded.org.apache.hc.client5.http.wire - http-outgoing-0 >> "x-tc-sid: c721e8e0-dbbd-4305-a748-6be2465f786d[\r][\n]"
22:07:03.822 [Test worker] DEBUG com.github.dockerjava.zerodep.shaded.org.apache.hc.client5.http.wire - http-outgoing-0 >> "Accept-Encoding: gzip, x-gzip, deflate[\r][\n]"
22:07:03.822 [Test worker] DEBUG com.github.dockerjava.zerodep.shaded.org.apache.hc.client5.http.wire - http-outgoing-0 >> "Host: localhost:2375[\r][\n]"
22:07:03.822 [Test worker] DEBUG com.github.dockerjava.zerodep.shaded.org.apache.hc.client5.http.wire - http-outgoing-0 >> "Connection: keep-alive[\r][\n]"
22:07:03.822 [Test worker] DEBUG com.github.dockerjava.zerodep.shaded.org.apache.hc.client5.http.wire - http-outgoing-0 >> "User-Agent: Apache-HttpClient/5.0.3 (Java/17.0.2)[\r][\n]"
22:07:03.823 [Test worker] DEBUG com.github.dockerjava.zerodep.shaded.org.apache.hc.client5.http.wire - http-outgoing-0 >> "[\r][\n]"
22:07:04.107 [Test worker] DEBUG com.github.dockerjava.zerodep.shaded.org.apache.hc.client5.http.wire - http-outgoing-0 << "HTTP/1.1 204 No Content[\r][\n]"
22:07:04.108 [Test worker] DEBUG com.github.dockerjava.zerodep.shaded.org.apache.hc.client5.http.wire - http-outgoing-0 << "Api-Version: 1.41[\r][\n]"
22:07:04.108 [Test worker] DEBUG com.github.dockerjava.zerodep.shaded.org.apache.hc.client5.http.wire - http-outgoing-0 << "Date: Mon, 03 Apr 2023 01:07:04 GMT[\r][\n]"
22:07:04.108 [Test worker] DEBUG com.github.dockerjava.zerodep.shaded.org.apache.hc.client5.http.wire - http-outgoing-0 << "Docker-Experimental: false[\r][\n]"
22:07:04.108 [Test worker] DEBUG com.github.dockerjava.zerodep.shaded.org.apache.hc.client5.http.wire - http-outgoing-0 << "Ostype: linux[\r][\n]"
22:07:04.108 [Test worker] DEBUG com.github.dockerjava.zerodep.shaded.org.apache.hc.client5.http.wire - http-outgoing-0 << "Server: Docker/20.10.21 (linux)[\r][\n]"
22:07:04.108 [Test worker] DEBUG com.github.dockerjava.zerodep.shaded.org.apache.hc.client5.http.wire - http-outgoing-0 << "[\r][\n]"
22:07:04.108 [Test worker] DEBUG com.github.dockerjava.zerodep.shaded.org.apache.hc.client5.http.headers - http-outgoing-0 << HTTP/1.1 204 No Content
22:07:04.108 [Test worker] DEBUG com.github.dockerjava.zerodep.shaded.org.apache.hc.client5.http.headers - http-outgoing-0 << Api-Version: 1.41
22:07:04.108 [Test worker] DEBUG com.github.dockerjava.zerodep.shaded.org.apache.hc.client5.http.headers - http-outgoing-0 << Date: Mon, 03 Apr 2023 01:07:04 GMT
22:07:04.108 [Test worker] DEBUG com.github.dockerjava.zerodep.shaded.org.apache.hc.client5.http.headers - http-outgoing-0 << Docker-Experimental: false
22:07:04.108 [Test worker] DEBUG com.github.dockerjava.zerodep.shaded.org.apache.hc.client5.http.headers - http-outgoing-0 << Ostype: linux
22:07:04.109 [Test worker] DEBUG com.github.dockerjava.zerodep.shaded.org.apache.hc.client5.http.headers - http-outgoing-0 << Server: Docker/20.10.21 (linux)
22:07:04.109 [Test worker] DEBUG com.github.dockerjava.zerodep.shaded.org.apache.hc.client5.http.impl.classic.MainClientExec - ex-00000005: connection can be kept alive for 3 MINUTES
22:07:04.109 [Test worker] DEBUG com.github.dockerjava.zerodep.shaded.org.apache.hc.client5.http.impl.classic.InternalHttpClient - ep-00000004: releasing valid endpoint
22:07:04.109 [Test worker] DEBUG com.github.dockerjava.zerodep.shaded.org.apache.hc.client5.http.impl.io.PoolingHttpClientConnectionManager - ep-00000004: releasing endpoint
22:07:04.109 [Test worker] DEBUG com.github.dockerjava.zerodep.shaded.org.apache.hc.client5.http.impl.io.PoolingHttpClientConnectionManager - ep-00000004: connection http-outgoing-0 can be kept alive for 3 MINUTES
22:07:04.109 [Test worker] DEBUG com.github.dockerjava.zerodep.shaded.org.apache.hc.client5.http.impl.io.PoolingHttpClientConnectionManager - ep-00000004: connection released [route: {}->unix://localhost:2375][total available: 1; route allocated: 1 of 2147483647; total allocated: 1 of 2147483647]
22:07:04.116 [Test worker] DEBUG org.testcontainers.shaded.com.github.dockerjava.core.command.AbstrDockerCmd - Cmd: 9385819398bc87648625b93ad4dd64e03b0cc0775b5f818cda5c5015256867e0,false
22:07:04.117 [Test worker] DEBUG org.testcontainers.shaded.com.github.dockerjava.core.exec.InspectContainerCmdExec - GET: DefaultWebTarget{path=[/containers/9385819398bc87648625b93ad4dd64e03b0cc0775b5f818cda5c5015256867e0/json], queryParams={}}
22:07:04.117 [Test worker] DEBUG com.github.dockerjava.zerodep.shaded.org.apache.hc.client5.http.impl.classic.InternalHttpClient - ex-00000006: preparing request execution
22:07:04.117 [Test worker] DEBUG com.github.dockerjava.zerodep.shaded.org.apache.hc.client5.http.protocol.RequestAddCookies - Cookie spec selected: strict
22:07:04.117 [Test worker] DEBUG com.github.dockerjava.zerodep.shaded.org.apache.hc.client5.http.protocol.RequestAuthCache - Auth cache not set in the context
22:07:04.117 [Test worker] DEBUG com.github.dockerjava.zerodep.shaded.org.apache.hc.client5.http.impl.classic.ProtocolExec - ex-00000006: target auth state: UNCHALLENGED
22:07:04.117 [Test worker] DEBUG com.github.dockerjava.zerodep.shaded.org.apache.hc.client5.http.impl.classic.ProtocolExec - ex-00000006: proxy auth state: UNCHALLENGED
22:07:04.117 [Test worker] DEBUG com.github.dockerjava.zerodep.shaded.org.apache.hc.client5.http.impl.classic.ConnectExec - ex-00000006: acquiring connection with route {}->unix://localhost:2375
22:07:04.117 [Test worker] DEBUG com.github.dockerjava.zerodep.shaded.org.apache.hc.client5.http.impl.classic.InternalHttpClient - ex-00000006: acquiring endpoint (3 MINUTES)
22:07:04.117 [Test worker] DEBUG com.github.dockerjava.zerodep.shaded.org.apache.hc.client5.http.impl.io.PoolingHttpClientConnectionManager - ex-00000006: endpoint lease request (3 MINUTES) [route: {}->unix://localhost:2375][total available: 1; route allocated: 1 of 2147483647; total allocated: 1 of 2147483647]
22:07:04.117 [Test worker] DEBUG com.github.dockerjava.zerodep.shaded.org.apache.hc.client5.http.impl.io.PoolingHttpClientConnectionManager - ex-00000006: endpoint leased [route: {}->unix://localhost:2375][total available: 0; route allocated: 1 of 2147483647; total allocated: 1 of 2147483647]
22:07:04.117 [Test worker] DEBUG com.github.dockerjava.zerodep.shaded.org.apache.hc.client5.http.impl.io.PoolingHttpClientConnectionManager - ex-00000006: acquired ep-00000005
22:07:04.117 [Test worker] DEBUG com.github.dockerjava.zerodep.shaded.org.apache.hc.client5.http.impl.classic.InternalHttpClient - ex-00000006: acquired endpoint ep-00000005
22:07:04.117 [Test worker] DEBUG com.github.dockerjava.zerodep.shaded.org.apache.hc.client5.http.impl.classic.MainClientExec - ex-00000006: executing GET /v1.32/containers/9385819398bc87648625b93ad4dd64e03b0cc0775b5f818cda5c5015256867e0/json HTTP/1.1
22:07:04.117 [Test worker] DEBUG com.github.dockerjava.zerodep.shaded.org.apache.hc.client5.http.impl.classic.InternalHttpClient - ep-00000005: start execution ex-00000006
22:07:04.117 [Test worker] DEBUG com.github.dockerjava.zerodep.shaded.org.apache.hc.client5.http.impl.io.PoolingHttpClientConnectionManager - ep-00000005: executing exchange ex-00000006 over http-outgoing-0
22:07:04.118 [Test worker] DEBUG com.github.dockerjava.zerodep.shaded.org.apache.hc.client5.http.headers - http-outgoing-0 >> GET /v1.32/containers/9385819398bc87648625b93ad4dd64e03b0cc0775b5f818cda5c5015256867e0/json HTTP/1.1
22:07:04.118 [Test worker] DEBUG com.github.dockerjava.zerodep.shaded.org.apache.hc.client5.http.headers - http-outgoing-0 >> accept: application/json
22:07:04.118 [Test worker] DEBUG com.github.dockerjava.zerodep.shaded.org.apache.hc.client5.http.headers - http-outgoing-0 >> x-tc-sid: c721e8e0-dbbd-4305-a748-6be2465f786d
22:07:04.118 [Test worker] DEBUG com.github.dockerjava.zerodep.shaded.org.apache.hc.client5.http.headers - http-outgoing-0 >> Accept-Encoding: gzip, x-gzip, deflate
22:07:04.118 [Test worker] DEBUG com.github.dockerjava.zerodep.shaded.org.apache.hc.client5.http.headers - http-outgoing-0 >> Host: localhost:2375
22:07:04.118 [Test worker] DEBUG com.github.dockerjava.zerodep.shaded.org.apache.hc.client5.http.headers - http-outgoing-0 >> Connection: keep-alive
22:07:04.118 [Test worker] DEBUG com.github.dockerjava.zerodep.shaded.org.apache.hc.client5.http.headers - http-outgoing-0 >> User-Agent: Apache-HttpClient/5.0.3 (Java/17.0.2)
22:07:04.118 [Test worker] DEBUG com.github.dockerjava.zerodep.shaded.org.apache.hc.client5.http.wire - http-outgoing-0 >> "GET /v1.32/containers/9385819398bc87648625b93ad4dd64e03b0cc0775b5f818cda5c5015256867e0/json HTTP/1.1[\r][\n]"
22:07:04.118 [Test worker] DEBUG com.github.dockerjava.zerodep.shaded.org.apache.hc.client5.http.wire - http-outgoing-0 >> "accept: application/json[\r][\n]"
22:07:04.118 [Test worker] DEBUG com.github.dockerjava.zerodep.shaded.org.apache.hc.client5.http.wire - http-outgoing-0 >> "x-tc-sid: c721e8e0-dbbd-4305-a748-6be2465f786d[\r][\n]"
22:07:04.118 [Test worker] DEBUG com.github.dockerjava.zerodep.shaded.org.apache.hc.client5.http.wire - http-outgoing-0 >> "Accept-Encoding: gzip, x-gzip, deflate[\r][\n]"
22:07:04.118 [Test worker] DEBUG com.github.dockerjava.zerodep.shaded.org.apache.hc.client5.http.wire - http-outgoing-0 >> "Host: localhost:2375[\r][\n]"
22:07:04.118 [Test worker] DEBUG com.github.dockerjava.zerodep.shaded.org.apache.hc.client5.http.wire - http-outgoing-0 >> "Connection: keep-alive[\r][\n]"
22:07:04.118 [Test worker] DEBUG com.github.dockerjava.zerodep.shaded.org.apache.hc.client5.http.wire - http-outgoing-0 >> "User-Agent: Apache-HttpClient/5.0.3 (Java/17.0.2)[\r][\n]"
22:07:04.118 [Test worker] DEBUG com.github.dockerjava.zerodep.shaded.org.apache.hc.client5.http.wire - http-outgoing-0 >> "[\r][\n]"
22:07:04.120 [Test worker] DEBUG com.github.dockerjava.zerodep.shaded.org.apache.hc.client5.http.wire - http-outgoing-0 << "HTTP/1.1 200 OK[\r][\n]"
22:07:04.120 [Test worker] DEBUG com.github.dockerjava.zerodep.shaded.org.apache.hc.client5.http.wire - http-outgoing-0 << "Api-Version: 1.41[\r][\n]"
22:07:04.120 [Test worker] DEBUG com.github.dockerjava.zerodep.shaded.org.apache.hc.client5.http.wire - http-outgoing-0 << "Content-Type: application/json[\r][\n]"
22:07:04.120 [Test worker] DEBUG com.github.dockerjava.zerodep.shaded.org.apache.hc.client5.http.wire - http-outgoing-0 << "Date: Mon, 03 Apr 2023 01:07:04 GMT[\r][\n]"
22:07:04.120 [Test worker] DEBUG com.github.dockerjava.zerodep.shaded.org.apache.hc.client5.http.wire - http-outgoing-0 << "Docker-Experimental: false[\r][\n]"
22:07:04.120 [Test worker] DEBUG com.github.dockerjava.zerodep.shaded.org.apache.hc.client5.http.wire - http-outgoing-0 << "Ostype: linux[\r][\n]"
22:07:04.120 [Test worker] DEBUG com.github.dockerjava.zerodep.shaded.org.apache.hc.client5.http.wire - http-outgoing-0 << "Server: Docker/20.10.21 (linux)[\r][\n]"
22:07:04.120 [Test worker] DEBUG com.github.dockerjava.zerodep.shaded.org.apache.hc.client5.http.wire - http-outgoing-0 << "Transfer-Encoding: chunked[\r][\n]"
22:07:04.120 [Test worker] DEBUG com.github.dockerjava.zerodep.shaded.org.apache.hc.client5.http.wire - http-outgoing-0 << "[\r][\n]"
22:07:04.121 [Test worker] DEBUG com.github.dockerjava.zerodep.shaded.org.apache.hc.client5.http.headers - http-outgoing-0 << HTTP/1.1 200 OK
22:07:04.121 [Test worker] DEBUG com.github.dockerjava.zerodep.shaded.org.apache.hc.client5.http.headers - http-outgoing-0 << Api-Version: 1.41
22:07:04.121 [Test worker] DEBUG com.github.dockerjava.zerodep.shaded.org.apache.hc.client5.http.headers - http-outgoing-0 << Content-Type: application/json
22:07:04.121 [Test worker] DEBUG com.github.dockerjava.zerodep.shaded.org.apache.hc.client5.http.headers - http-outgoing-0 << Date: Mon, 03 Apr 2023 01:07:04 GMT
22:07:04.121 [Test worker] DEBUG com.github.dockerjava.zerodep.shaded.org.apache.hc.client5.http.headers - http-outgoing-0 << Docker-Experimental: false
22:07:04.121 [Test worker] DEBUG com.github.dockerjava.zerodep.shaded.org.apache.hc.client5.http.headers - http-outgoing-0 << Ostype: linux
22:07:04.121 [Test worker] DEBUG com.github.dockerjava.zerodep.shaded.org.apache.hc.client5.http.headers - http-outgoing-0 << Server: Docker/20.10.21 (linux)
22:07:04.121 [Test worker] DEBUG com.github.dockerjava.zerodep.shaded.org.apache.hc.client5.http.headers - http-outgoing-0 << Transfer-Encoding: chunked
22:07:04.121 [Test worker] DEBUG com.github.dockerjava.zerodep.shaded.org.apache.hc.client5.http.impl.classic.MainClientExec - ex-00000006: connection can be kept alive for 3 MINUTES
22:07:04.121 [Test worker] DEBUG com.github.dockerjava.zerodep.shaded.org.apache.hc.client5.http.wire - http-outgoing-0 << "1439[\r][\n]"
22:07:04.122 [Test worker] DEBUG com.github.dockerjava.zerodep.shaded.org.apache.hc.client5.http.wire - http-outgoing-0 << "{"Id":"9385819398bc87648625b93ad4dd64e03b0cc0775b5f818cda5c5015256867e0","Created":"2023-04-03T01:07:03.759316962Z","Path":"/app","Args":[],"State":{"Status":"running","Running":true,"Paused":false,"Restarting":false,"OOMKilled":false,"Dead":false,"Pid":2610,"ExitCode":0,"Error":"","StartedAt":"2023-04-03T01:07:04.105643379Z","FinishedAt":"0001-01-01T00:00:00Z"},"Image":"sha256:5d28cedc492d64d21c11814d84d9d41566f07023b9c95245e163b05acfcb7172","ResolvConfPath":"/var/lib/docker/containers/9385819398bc87648625b93ad4dd64e03b0cc0775b5f818cda5c5015256867e0/resolv.conf","HostnamePath":"/var/lib/docker/containers/9385819398bc87648625b93ad4dd64e03b0cc0775b5f818cda5c5015256867e0/hostname","HostsPath":"/var/lib/docker/containers/9385819398bc87648625b93ad4dd64e03b0cc0775b5f818cda5c5015256867e0/hosts","LogPath":"/var/lib/docker/containers/9385819398bc87648625b93ad4dd64e03b0cc0775b5f818cda5c5015256867e0/9385819398bc87648625b93ad4dd64e03b0cc0775b5f818cda5c5015256867e0-json.log","Name":"/testcontainers-ryuk-c721e8e0-dbbd-4305-a748-6be2465f786d","RestartCount":0,"Driver":"overlay2","Platform":"linux","MountLabel":"","ProcessLabel":"","AppArmorProfile":"","ExecIDs":null,"HostConfig":{"Binds":["/var/run/docker.sock:/var/run/docker.sock:rw"],"ContainerIDFile":"","LogConfig":{"Type":"json-file","Config":{}},"NetworkMode":"default","PortBindings":{"8080/tcp":[{"HostIp":"0.0.0.0","HostPort":"0"}]},"RestartPolicy":{"Name":"","MaximumRetryCount":0},"AutoRemove":true,"VolumeDriver":"","VolumesFrom":[],"CapAdd":null,"CapDrop":null,"CgroupnsMode":"private","Dns":null,"DnsOptions":null,"DnsSearch":null,"ExtraHosts":[],"GroupAdd":null,"IpcMode":"shareable","Cgroup":"","Links":null,"OomScoreAdj":0,"PidMode":"","Privileged":false,"PublishAllPorts":false,"ReadonlyRootfs":false,"SecurityOpt":null,"UTSMode":"","UsernsMode":"","ShmSize":67108864,"Runtime":"runc","ConsoleSize":[0,0],"Isolation":"","CpuShares":0,"Memory":0,"NanoCpus":0,"CgroupParent":"","BlkioWeight":0,"BlkioWeightDevice":null,"BlkioDeviceReadBps":null,"BlkioDeviceWriteBps":null,"BlkioDeviceReadIOps":null,"BlkioDeviceWriteIOps":null,"CpuPeriod":0,"CpuQuota":0,"CpuRealtimePeriod":0,"CpuRealtimeRuntime":0,"CpusetCpus":"","CpusetMems":"","Devices":null,"DeviceCgroupRules":null,"DeviceRequests":null,"KernelMemory":0,"KernelMemoryTCP":0,"MemoryReservation":0,"MemorySwap":0,"MemorySwappiness":null,"OomKillDisable":null,"PidsLimit":null,"Ulimits":null,"CpuCount":0,"CpuPercent":0,"IOMaximumIOps":0,"IOMaximumBandwidth":0,"MaskedPaths":["/proc/asound","/proc/acpi","/proc/kcore","/proc/keys","/proc/latency_stats","/proc/timer_list","/proc/timer_stats","/proc/sched_debug","/proc/scsi","/sys/firmware"],"ReadonlyPaths":["/proc/bus","/proc/fs","/proc/irq","/proc/sys","/proc/sysrq-trigger"]},"GraphDriver":{"Data":{"LowerDir":"/var/lib/docker/overlay2/112c222c71963e0b69ca81230168479b4f9a7d0e83748411b0fe135be545fd52-init/diff:/var/lib/docker/overlay2/bc20005e8ef20c0d7201a7be3aff7a9162321ec7e8e4a899b9d16bacc7cce38d/diff:/var/lib/docker/overlay2/684320642ff3af40250fafed19cae7fe9d20e6b0a8f266e85219854528717961/diff:/var/lib/docker/overlay2/0ac10462599fa2f7d0cbcdaa05e88abd3f650c04b068983f26d6e2c9f2266a20/diff","MergedDir":"/var/lib/docker/overlay2/112c222c71963e0b69ca81230168479b4f9a7d0e83748411b0fe135be545fd52/merged","UpperDir":"/var/lib/docker/overlay2/112c222c71963e0b69ca81230168479b4f9a7d0e83748411b0fe135be545fd52/diff","WorkDir":"/var/lib/docker/overlay2/112c222c71963e0b69ca81230168479b4f9a7d0e83748411b0fe135be545fd52/work"},"Name":"overlay2"},"Mounts":[{"Type":"bind","Source":"/var/run/docker.sock","Destination":"/var/run/docker.sock","Mode":"rw","RW":true,"Propagation":"rprivate"}],"Config":{"Hostname":"9385819398bc","Domainname":"","User":"","AttachStdin":false,"AttachStdout":false,"AttachStderr":false,"ExposedPorts":{"8080/tcp":{}},"Tty":false,"OpenStdin":false,"StdinOnce":false,"Env":["PATH=/usr/local/sbin:/usr/local/bin:/usr/sbin:/usr/bin:/sbin:/bin"],"Cmd":["/app"],"Image":"testcontainers/ryuk:0.3.4","Volumes":null,"WorkingDir":"","Entrypoint":null,"OnBuild":null,"Labels":{"org.testcontainers":"true","org.testcontainers.lang":"java","org.testcontainers.version":"1.17.6"}},"NetworkSettings":{"Bridge":"","SandboxID":"6258728db94071398a62db1a14cecc58ab2a01aebfbaa0d7665bedbde93f8ee8","HairpinMode":false,"LinkLocalIPv6Address":"","LinkLocalIPv6PrefixLen":0,"Ports":{"8080/tcp":[{"HostIp":"0.0.0.0","HostPort":"50895"}]},"SandboxKey":"/var/run/docker/netns/6258728db940","SecondaryIPAddresses":null,"SecondaryIPv6Addresses":null,"EndpointID":"e0a73be9d6f491b9e16e06ad7b1df57666d66da02ce4d393d3b833c55c03cf19","Gateway":"172.17.0.1","GlobalIPv6Address":"","GlobalIPv6PrefixLen":0,"IPAddress":"172.17.0.2","IPPrefixLen":16,"IPv6Gateway":"","MacAddress":"02:42:ac:11:00:02","Networks":{"bridge":{"IPAMConfig":null,"Links":null,"Aliases":null,"NetworkID":"eba6fdf7ebe51912c859fc2dc83d1407a50db03ea3c296d90f885e8af84b6e93","EndpointID":"e0a73be9d6f491b9e16e06ad7b1df57666d66da02ce4d393d3b833c55c03cf19","Gateway":"172.17.0.1","IPAddress":"172.17.0.2","IPPrefixLen":16,"IPv6Gateway":"","GlobalIPv6Address":"","GlobalIPv6PrefixLen":0,"MacAddress":"02:42:ac:11:00:02","DriverOpts":null}}}}[\n]"
22:07:04.122 [Test worker] DEBUG com.github.dockerjava.zerodep.shaded.org.apache.hc.client5.http.wire - http-outgoing-0 << "[\r][\n]"
22:07:04.122 [Test worker] DEBUG com.github.dockerjava.zerodep.shaded.org.apache.hc.client5.http.wire - http-outgoing-0 << "0[\r][\n]"
22:07:04.122 [Test worker] DEBUG com.github.dockerjava.zerodep.shaded.org.apache.hc.client5.http.wire - http-outgoing-0 << "[\r][\n]"
22:07:04.166 [Test worker] DEBUG com.github.dockerjava.zerodep.shaded.org.apache.hc.client5.http.impl.classic.InternalHttpClient - ep-00000005: releasing valid endpoint
22:07:04.166 [Test worker] DEBUG com.github.dockerjava.zerodep.shaded.org.apache.hc.client5.http.impl.io.PoolingHttpClientConnectionManager - ep-00000005: releasing endpoint
22:07:04.166 [Test worker] DEBUG com.github.dockerjava.zerodep.shaded.org.apache.hc.client5.http.impl.io.PoolingHttpClientConnectionManager - ep-00000005: connection http-outgoing-0 can be kept alive for 3 MINUTES
22:07:04.166 [Test worker] DEBUG com.github.dockerjava.zerodep.shaded.org.apache.hc.client5.http.impl.io.PoolingHttpClientConnectionManager - ep-00000005: connection released [route: {}->unix://localhost:2375][total available: 1; route allocated: 1 of 2147483647; total allocated: 1 of 2147483647]
22:07:04.169 [docker-java-stream-2099097493] DEBUG com.github.dockerjava.zerodep.shaded.org.apache.hc.client5.http.impl.classic.InternalHttpClient - ex-00000007: preparing request execution
22:07:04.170 [docker-java-stream-2099097493] DEBUG com.github.dockerjava.zerodep.shaded.org.apache.hc.client5.http.protocol.RequestAddCookies - Cookie spec selected: strict
22:07:04.170 [docker-java-stream-2099097493] DEBUG com.github.dockerjava.zerodep.shaded.org.apache.hc.client5.http.protocol.RequestAuthCache - Auth cache not set in the context
22:07:04.170 [docker-java-stream-2099097493] DEBUG com.github.dockerjava.zerodep.shaded.org.apache.hc.client5.http.impl.classic.ProtocolExec - ex-00000007: target auth state: UNCHALLENGED
22:07:04.170 [docker-java-stream-2099097493] DEBUG com.github.dockerjava.zerodep.shaded.org.apache.hc.client5.http.impl.classic.ProtocolExec - ex-00000007: proxy auth state: UNCHALLENGED
22:07:04.170 [docker-java-stream-2099097493] DEBUG com.github.dockerjava.zerodep.shaded.org.apache.hc.client5.http.impl.classic.ConnectExec - ex-00000007: acquiring connection with route {}->unix://localhost:2375
22:07:04.170 [docker-java-stream-2099097493] DEBUG com.github.dockerjava.zerodep.shaded.org.apache.hc.client5.http.impl.classic.InternalHttpClient - ex-00000007: acquiring endpoint (3 MINUTES)
22:07:04.170 [docker-java-stream-2099097493] DEBUG com.github.dockerjava.zerodep.shaded.org.apache.hc.client5.http.impl.io.PoolingHttpClientConnectionManager - ex-00000007: endpoint lease request (3 MINUTES) [route: {}->unix://localhost:2375][total available: 1; route allocated: 1 of 2147483647; total allocated: 1 of 2147483647]
22:07:04.170 [docker-java-stream-2099097493] DEBUG com.github.dockerjava.zerodep.shaded.org.apache.hc.client5.http.impl.io.PoolingHttpClientConnectionManager - ex-00000007: endpoint leased [route: {}->unix://localhost:2375][total available: 0; route allocated: 1 of 2147483647; total allocated: 1 of 2147483647]
22:07:04.170 [docker-java-stream-2099097493] DEBUG com.github.dockerjava.zerodep.shaded.org.apache.hc.client5.http.impl.io.PoolingHttpClientConnectionManager - ex-00000007: acquired ep-00000006
22:07:04.170 [docker-java-stream-2099097493] DEBUG com.github.dockerjava.zerodep.shaded.org.apache.hc.client5.http.impl.classic.InternalHttpClient - ex-00000007: acquired endpoint ep-00000006
22:07:04.170 [docker-java-stream-2099097493] DEBUG com.github.dockerjava.zerodep.shaded.org.apache.hc.client5.http.impl.classic.MainClientExec - ex-00000007: executing GET /v1.32/containers/9385819398bc87648625b93ad4dd64e03b0cc0775b5f818cda5c5015256867e0/logs?stdout=true&stderr=true&follow=true&since=0 HTTP/1.1
22:07:04.170 [docker-java-stream-2099097493] DEBUG com.github.dockerjava.zerodep.shaded.org.apache.hc.client5.http.impl.classic.InternalHttpClient - ep-00000006: start execution ex-00000007
22:07:04.170 [docker-java-stream-2099097493] DEBUG com.github.dockerjava.zerodep.shaded.org.apache.hc.client5.http.impl.io.PoolingHttpClientConnectionManager - ep-00000006: executing exchange ex-00000007 over http-outgoing-0
22:07:04.170 [docker-java-stream-2099097493] DEBUG com.github.dockerjava.zerodep.shaded.org.apache.hc.client5.http.headers - http-outgoing-0 >> GET /v1.32/containers/9385819398bc87648625b93ad4dd64e03b0cc0775b5f818cda5c5015256867e0/logs?stdout=true&stderr=true&follow=true&since=0 HTTP/1.1
22:07:04.170 [docker-java-stream-2099097493] DEBUG com.github.dockerjava.zerodep.shaded.org.apache.hc.client5.http.headers - http-outgoing-0 >> x-tc-sid: c721e8e0-dbbd-4305-a748-6be2465f786d
22:07:04.170 [docker-java-stream-2099097493] DEBUG com.github.dockerjava.zerodep.shaded.org.apache.hc.client5.http.headers - http-outgoing-0 >> Accept-Encoding: gzip, x-gzip, deflate
22:07:04.170 [docker-java-stream-2099097493] DEBUG com.github.dockerjava.zerodep.shaded.org.apache.hc.client5.http.headers - http-outgoing-0 >> Host: localhost:2375
22:07:04.170 [docker-java-stream-2099097493] DEBUG com.github.dockerjava.zerodep.shaded.org.apache.hc.client5.http.headers - http-outgoing-0 >> Connection: keep-alive
22:07:04.170 [docker-java-stream-2099097493] DEBUG com.github.dockerjava.zerodep.shaded.org.apache.hc.client5.http.headers - http-outgoing-0 >> User-Agent: Apache-HttpClient/5.0.3 (Java/17.0.2)
22:07:04.170 [docker-java-stream-2099097493] DEBUG com.github.dockerjava.zerodep.shaded.org.apache.hc.client5.http.wire - http-outgoing-0 >> "GET /v1.32/containers/9385819398bc87648625b93ad4dd64e03b0cc0775b5f818cda5c5015256867e0/logs?stdout=true&stderr=true&follow=true&since=0 HTTP/1.1[\r][\n]"
22:07:04.170 [docker-java-stream-2099097493] DEBUG com.github.dockerjava.zerodep.shaded.org.apache.hc.client5.http.wire - http-outgoing-0 >> "x-tc-sid: c721e8e0-dbbd-4305-a748-6be2465f786d[\r][\n]"
22:07:04.170 [docker-java-stream-2099097493] DEBUG com.github.dockerjava.zerodep.shaded.org.apache.hc.client5.http.wire - http-outgoing-0 >> "Accept-Encoding: gzip, x-gzip, deflate[\r][\n]"
22:07:04.170 [docker-java-stream-2099097493] DEBUG com.github.dockerjava.zerodep.shaded.org.apache.hc.client5.http.wire - http-outgoing-0 >> "Host: localhost:2375[\r][\n]"
22:07:04.170 [docker-java-stream-2099097493] DEBUG com.github.dockerjava.zerodep.shaded.org.apache.hc.client5.http.wire - http-outgoing-0 >> "Connection: keep-alive[\r][\n]"
22:07:04.170 [docker-java-stream-2099097493] DEBUG com.github.dockerjava.zerodep.shaded.org.apache.hc.client5.http.wire - http-outgoing-0 >> "User-Agent: Apache-HttpClient/5.0.3 (Java/17.0.2)[\r][\n]"
22:07:04.170 [docker-java-stream-2099097493] DEBUG com.github.dockerjava.zerodep.shaded.org.apache.hc.client5.http.wire - http-outgoing-0 >> "[\r][\n]"
22:07:04.173 [docker-java-stream-2099097493] DEBUG com.github.dockerjava.zerodep.shaded.org.apache.hc.client5.http.wire - http-outgoing-0 << "HTTP/1.1 200 OK[\r][\n]"
22:07:04.173 [docker-java-stream-2099097493] DEBUG com.github.dockerjava.zerodep.shaded.org.apache.hc.client5.http.wire - http-outgoing-0 << "Api-Version: 1.41[\r][\n]"
22:07:04.173 [docker-java-stream-2099097493] DEBUG com.github.dockerjava.zerodep.shaded.org.apache.hc.client5.http.wire - http-outgoing-0 << "Date: Mon, 03 Apr 2023 01:07:04 GMT[\r][\n]"
22:07:04.173 [docker-java-stream-2099097493] DEBUG com.github.dockerjava.zerodep.shaded.org.apache.hc.client5.http.wire - http-outgoing-0 << "Docker-Experimental: false[\r][\n]"
22:07:04.173 [docker-java-stream-2099097493] DEBUG com.github.dockerjava.zerodep.shaded.org.apache.hc.client5.http.wire - http-outgoing-0 << "Ostype: linux[\r][\n]"
22:07:04.173 [docker-java-stream-2099097493] DEBUG com.github.dockerjava.zerodep.shaded.org.apache.hc.client5.http.wire - http-outgoing-0 << "Server: Docker/20.10.21 (linux)[\r][\n]"
22:07:04.173 [docker-java-stream-2099097493] DEBUG com.github.dockerjava.zerodep.shaded.org.apache.hc.client5.http.wire - http-outgoing-0 << "Transfer-Encoding: chunked[\r][\n]"
22:07:04.173 [docker-java-stream-2099097493] DEBUG com.github.dockerjava.zerodep.shaded.org.apache.hc.client5.http.wire - http-outgoing-0 << "[\r][\n]"
22:07:04.173 [docker-java-stream-2099097493] DEBUG com.github.dockerjava.zerodep.shaded.org.apache.hc.client5.http.headers - http-outgoing-0 << HTTP/1.1 200 OK
22:07:04.173 [docker-java-stream-2099097493] DEBUG com.github.dockerjava.zerodep.shaded.org.apache.hc.client5.http.headers - http-outgoing-0 << Api-Version: 1.41
22:07:04.173 [docker-java-stream-2099097493] DEBUG com.github.dockerjava.zerodep.shaded.org.apache.hc.client5.http.headers - http-outgoing-0 << Date: Mon, 03 Apr 2023 01:07:04 GMT
22:07:04.173 [docker-java-stream-2099097493] DEBUG com.github.dockerjava.zerodep.shaded.org.apache.hc.client5.http.headers - http-outgoing-0 << Docker-Experimental: false
22:07:04.173 [docker-java-stream-2099097493] DEBUG com.github.dockerjava.zerodep.shaded.org.apache.hc.client5.http.headers - http-outgoing-0 << Ostype: linux
22:07:04.173 [docker-java-stream-2099097493] DEBUG com.github.dockerjava.zerodep.shaded.org.apache.hc.client5.http.headers - http-outgoing-0 << Server: Docker/20.10.21 (linux)
22:07:04.173 [docker-java-stream-2099097493] DEBUG com.github.dockerjava.zerodep.shaded.org.apache.hc.client5.http.headers - http-outgoing-0 << Transfer-Encoding: chunked
22:07:04.173 [docker-java-stream-2099097493] DEBUG com.github.dockerjava.zerodep.shaded.org.apache.hc.client5.http.impl.classic.MainClientExec - ex-00000007: connection can be kept alive for 3 MINUTES
22:07:04.173 [docker-java-stream-2099097493] DEBUG com.github.dockerjava.zerodep.shaded.org.apache.hc.client5.http.wire - http-outgoing-0 << "c0[\r][\n]"
22:07:04.173 [docker-java-stream-2099097493] DEBUG com.github.dockerjava.zerodep.shaded.org.apache.hc.client5.http.wire - http-outgoing-0 << "[0x2][0x0][0x0][0x0][0x0][0x0][0x0]&2023/04/03 01:07:04 Pinging Docker...[\n]"
22:07:04.173 [docker-java-stream-2099097493] DEBUG com.github.dockerjava.zerodep.shaded.org.apache.hc.client5.http.wire - http-outgoing-0 << "[0x2][0x0][0x0][0x0][0x0][0x0][0x0]02023/04/03 01:07:04 Docker daemon is available![\n]"
22:07:04.173 [docker-java-stream-2099097493] DEBUG com.github.dockerjava.zerodep.shaded.org.apache.hc.client5.http.wire - http-outgoing-0 << "[0x2][0x0][0x0][0x0][0x0][0x0][0x0]-2023/04/03 01:07:04 Starting on port 8080...[\n]"
22:07:04.173 [docker-java-stream-2099097493] DEBUG com.github.dockerjava.zerodep.shaded.org.apache.hc.client5.http.wire - http-outgoing-0 << "[0x2][0x0][0x0][0x0][0x0][0x0][0x0][0x1d]2023/04/03 01:07:04 Started![\n]"
22:07:04.174 [docker-java-stream-2099097493] DEBUG com.github.dockerjava.zerodep.shaded.org.apache.hc.client5.http.wire - http-outgoing-0 << "[\r][\n]"
22:07:04.174 [Test worker] DEBUG org.testcontainers.containers.output.WaitingConsumer - STDERR: 2023/04/03 01:07:04 Pinging Docker...
22:07:04.175 [Test worker] DEBUG org.testcontainers.containers.output.WaitingConsumer - STDERR: 2023/04/03 01:07:04 Started!
22:07:04.175 [Test worker] DEBUG com.github.dockerjava.zerodep.shaded.org.apache.hc.client5.http.impl.classic.InternalHttpClient - ep-00000006: cancel
22:07:04.175 [docker-java-stream-2099097493] DEBUG com.github.dockerjava.zerodep.shaded.org.apache.hc.client5.http.wire - http-outgoing-0 << "[read] I/O error: null"
22:07:04.175 [Test worker] DEBUG com.github.dockerjava.zerodep.shaded.org.apache.hc.client5.http.impl.io.DefaultManagedHttpClientConnection - http-outgoing-0: close connection IMMEDIATE
22:07:04.175 [docker-java-stream-2099097493] DEBUG com.github.dockerjava.zerodep.shaded.org.apache.hc.client5.http.wire - http-outgoing-0 << "[read] I/O error: null"
22:07:04.176 [Test worker] DEBUG com.github.dockerjava.zerodep.shaded.org.apache.hc.client5.http.impl.classic.InternalHttpClient - ep-00000006: endpoint closed
22:07:04.176 [Test worker] DEBUG com.github.dockerjava.zerodep.shaded.org.apache.hc.client5.http.impl.classic.InternalHttpClient - ep-00000006: discarding endpoint
22:07:04.176 [Test worker] DEBUG com.github.dockerjava.zerodep.shaded.org.apache.hc.client5.http.impl.io.PoolingHttpClientConnectionManager - ep-00000006: releasing endpoint
22:07:04.176 [Test worker] DEBUG com.github.dockerjava.zerodep.shaded.org.apache.hc.client5.http.impl.io.PoolingHttpClientConnectionManager - ep-00000006: connection is not kept alive
22:07:04.176 [Test worker] DEBUG com.github.dockerjava.zerodep.shaded.org.apache.hc.client5.http.impl.io.PoolingHttpClientConnectionManager - ep-00000006: connection released [route: {}->unix://localhost:2375][total available: 0; route allocated: 0 of 2147483647; total allocated: 0 of 2147483647]
22:07:04.176 [Test worker] INFO ]]>&#x1f433;<![CDATA[ [testcontainers/ryuk:0.3.4] - Container testcontainers/ryuk:0.3.4 started in PT0.757741S
22:07:04.178 [docker-java-stream-2099097493] DEBUG com.github.dockerjava.zerodep.ApacheDockerHttpClientImpl$ApacheResponse - Failed to close the response
java.nio.channels.ClosedChannelException: null
	at java.base/sun.nio.ch.SocketChannelImpl.ensureOpenAndConnected(SocketChannelImpl.java:215)
	at java.base/sun.nio.ch.SocketChannelImpl.read(SocketChannelImpl.java:403)
	at java.base/sun.nio.ch.ChannelInputStream.read(ChannelInputStream.java:59)
	at java.base/sun.nio.ch.ChannelInputStream.read(ChannelInputStream.java:107)
	at java.base/sun.nio.ch.ChannelInputStream.read(ChannelInputStream.java:101)
	at com.github.dockerjava.zerodep.shaded.org.apache.hc.client5.http.impl.io.LoggingInputStream.read(LoggingInputStream.java:81)
	at com.github.dockerjava.zerodep.shaded.org.apache.hc.core5.http.impl.io.SessionInputBufferImpl.fillBuffer(SessionInputBufferImpl.java:149)
	at com.github.dockerjava.zerodep.shaded.org.apache.hc.core5.http.impl.io.SessionInputBufferImpl.readLine(SessionInputBufferImpl.java:280)
	at com.github.dockerjava.zerodep.shaded.org.apache.hc.core5.http.impl.io.ChunkedInputStream.getChunkSize(ChunkedInputStream.java:261)
	at com.github.dockerjava.zerodep.shaded.org.apache.hc.core5.http.impl.io.ChunkedInputStream.nextChunk(ChunkedInputStream.java:222)
	at com.github.dockerjava.zerodep.shaded.org.apache.hc.core5.http.impl.io.ChunkedInputStream.read(ChunkedInputStream.java:147)
	at com.github.dockerjava.zerodep.shaded.org.apache.hc.core5.http.impl.io.ChunkedInputStream.close(ChunkedInputStream.java:314)
	at com.github.dockerjava.zerodep.shaded.org.apache.hc.core5.io.Closer.close(Closer.java:48)
	at com.github.dockerjava.zerodep.shaded.org.apache.hc.core5.http.impl.io.IncomingHttpEntity.close(IncomingHttpEntity.java:111)
	at com.github.dockerjava.zerodep.shaded.org.apache.hc.core5.http.io.entity.HttpEntityWrapper.close(HttpEntityWrapper.java:120)
	at com.github.dockerjava.zerodep.shaded.org.apache.hc.core5.io.Closer.close(Closer.java:48)
	at com.github.dockerjava.zerodep.shaded.org.apache.hc.core5.http.message.BasicClassicHttpResponse.close(BasicClassicHttpResponse.java:93)
	at com.github.dockerjava.zerodep.shaded.org.apache.hc.client5.http.impl.classic.CloseableHttpResponse.close(CloseableHttpResponse.java:200)
	at com.github.dockerjava.zerodep.ApacheDockerHttpClientImpl$ApacheResponse.close(ApacheDockerHttpClientImpl.java:256)
	at org.testcontainers.shaded.com.github.dockerjava.core.DefaultInvocationBuilder.lambda$executeAndStream$1(DefaultInvocationBuilder.java:277)
	at java.base/java.lang.Thread.run(Thread.java:833)
22:07:04.180 [testcontainers-ryuk] DEBUG org.testcontainers.utility.ResourceReaper - Sending 'label=org.testcontainers%3Dtrue&label=org.testcontainers.lang%3Djava&label=org.testcontainers.version%3D1.17.6&label=org.testcontainers.sessionId%3Dc721e8e0-dbbd-4305-a748-6be2465f786d' to Ryuk
22:07:04.187 [testcontainers-ryuk] DEBUG org.testcontainers.utility.RyukResourceReaper - Received 'ACK' from Ryuk
22:07:04.188 [Test worker] INFO org.testcontainers.utility.RyukResourceReaper - Ryuk started - will monitor and terminate Testcontainers containers on JVM exit
22:07:04.188 [Test worker] DEBUG org.testcontainers.DockerClientFactory - Checks are enabled
22:07:04.188 [Test worker] INFO org.testcontainers.DockerClientFactory - Checking the system...
22:07:04.188 [Test worker] INFO org.testcontainers.DockerClientFactory - ✔︎ Docker server version should be at least 1.6.0
22:07:04.191 [Test worker] DEBUG org.testcontainers.utility.PrefixingImageNameSubstitutor - No prefix is configured
22:07:04.191 [Test worker] DEBUG org.testcontainers.utility.ImageNameSubstitutor - Did not find a substitute image for mysql:latest (using image substitutor: DefaultImageNameSubstitutor (composite of 'ConfigurationFileImageNameSubstitutor' and 'PrefixingImageNameSubstitutor'))
22:07:04.191 [Test worker] DEBUG org.testcontainers.images.AbstractImagePullPolicy - Using locally available and not pulling image: mysql:latest
22:07:04.191 [Test worker] DEBUG ]]>&#x1f433;<![CDATA[ [mysql:latest] - Starting container: mysql:latest
22:07:04.191 [Test worker] DEBUG ]]>&#x1f433;<![CDATA[ [mysql:latest] - Trying to start container: mysql:latest (attempt 1/3)
22:07:04.191 [Test worker] DEBUG ]]>&#x1f433;<![CDATA[ [mysql:latest] - Starting container: mysql:latest
22:07:04.191 [Test worker] INFO ]]>&#x1f433;<![CDATA[ [mysql:latest] - Creating container for image: mysql:latest
22:07:04.191 [Test worker] DEBUG org.testcontainers.utility.RegistryAuthLocator - Looking up auth config for image: mysql:latest at registry: https://index.docker.io/v1/
22:07:04.191 [Test worker] DEBUG org.testcontainers.utility.RegistryAuthLocator - Cached auth found: [AuthConfig{username=raderleao, password=hidden non-blank value, auth=blank, email=null, registryAddress=https://index.docker.io/v1/, registryToken=blank}]
22:07:04.191 [Test worker] DEBUG org.testcontainers.dockerclient.AuthDelegatingDockerClientConfig - Effective auth config [AuthConfig{username=raderleao, password=hidden non-blank value, auth=blank, email=null, registryAddress=https://index.docker.io/v1/, registryToken=blank}]
22:07:04.192 [Test worker] DEBUG org.testcontainers.shaded.com.github.dockerjava.core.command.AbstrDockerCmd - Cmd: org.testcontainers.shaded.com.github.dockerjava.core.command.CreateContainerCmdImpl@19382338[aliases=<null>,argsEscaped=<null>,attachStderr=<null>,attachStdin=<null>,attachStdout=<null>,authConfig=AuthConfig(username=raderleao, email=null, registryAddress=https://index.docker.io/v1/, stackOrchestrator=null),cmd={},domainName=<null>,entrypoint=<null>,env={MYSQL_DATABASE=adm_videos,MYSQL_PASSWORD=123456,MYSQL_ROOT_PASSWORD=123456},exposedPorts=ExposedPorts(exposedPorts=[3306/tcp]),healthcheck=<null>,hostConfig=HostConfig(binds=[], blkioWeight=null, blkioWeightDevice=null, blkioDeviceReadBps=null, blkioDeviceWriteBps=null, blkioDeviceReadIOps=null, blkioDeviceWriteIOps=null, memorySwappiness=null, nanoCPUs=null, capAdd=null, capDrop=null, containerIDFile=null, cpuPeriod=null, cpuRealtimePeriod=null, cpuRealtimeRuntime=null, cpuShares=null, cpuQuota=null, cpusetCpus=null, cpusetMems=null, devices=null, deviceCgroupRules=null, deviceRequests=null, diskQuota=null, dns=null, dnsOptions=null, dnsSearch=null, extraHosts=[], groupAdd=null, ipcMode=null, cgroup=null, links=[], logConfig=LogConfig(type=null, config=null), lxcConf=null, memory=null, memorySwap=null, memoryReservation=null, kernelMemory=null, networkMode=null, oomKillDisable=null, init=null, autoRemove=null, oomScoreAdj=null, portBindings={3306/tcp=[Lcom.github.dockerjava.api.model.Ports$Binding;@718dbd79}, privileged=null, publishAllPorts=null, readonlyRootfs=null, restartPolicy=null, ulimits=null, cpuCount=null, cpuPercent=null, ioMaximumIOps=null, ioMaximumBandwidth=null, volumesFrom=[], mounts=null, pidMode=null, isolation=null, securityOpts=null, storageOpt=null, cgroupParent=null, volumeDriver=null, shmSize=null, pidsLimit=null, runtime=null, tmpFs=null, utSMode=null, usernsMode=null, sysctls=null, consoleSize=null, cgroupnsMode=null),hostName=<null>,image=mysql:latest,ipv4Address=<null>,ipv6Address=<null>,labels={org.testcontainers=true, org.testcontainers.lang=java, org.testcontainers.version=1.17.6, org.testcontainers.sessionId=c721e8e0-dbbd-4305-a748-6be2465f786d},macAddress=<null>,name=<null>,networkDisabled=<null>,networkingConfig=<null>,onBuild=<null>,platform=<null>,portSpecs=<null>,shell=<null>,stdInOnce=<null>,stdinOpen=<null>,stopSignal=<null>,stopTimeout=<null>,tty=<null>,user=<null>,volumes=Volumes(volumes=[]),workingDir=<null>]
22:07:04.194 [Test worker] DEBUG com.github.dockerjava.zerodep.shaded.org.apache.hc.client5.http.impl.classic.InternalHttpClient - ex-00000008: preparing request execution
22:07:04.194 [Test worker] DEBUG com.github.dockerjava.zerodep.shaded.org.apache.hc.client5.http.protocol.RequestAddCookies - Cookie spec selected: strict
22:07:04.194 [Test worker] DEBUG com.github.dockerjava.zerodep.shaded.org.apache.hc.client5.http.protocol.RequestAuthCache - Auth cache not set in the context
22:07:04.194 [Test worker] DEBUG com.github.dockerjava.zerodep.shaded.org.apache.hc.client5.http.impl.classic.ProtocolExec - ex-00000008: target auth state: UNCHALLENGED
22:07:04.194 [Test worker] DEBUG com.github.dockerjava.zerodep.shaded.org.apache.hc.client5.http.impl.classic.ProtocolExec - ex-00000008: proxy auth state: UNCHALLENGED
22:07:04.194 [Test worker] DEBUG com.github.dockerjava.zerodep.shaded.org.apache.hc.client5.http.impl.classic.ConnectExec - ex-00000008: acquiring connection with route {}->unix://localhost:2375
22:07:04.194 [Test worker] DEBUG com.github.dockerjava.zerodep.shaded.org.apache.hc.client5.http.impl.classic.InternalHttpClient - ex-00000008: acquiring endpoint (3 MINUTES)
22:07:04.194 [Test worker] DEBUG com.github.dockerjava.zerodep.shaded.org.apache.hc.client5.http.impl.io.PoolingHttpClientConnectionManager - ex-00000008: endpoint lease request (3 MINUTES) [route: {}->unix://localhost:2375][total available: 0; route allocated: 0 of 2147483647; total allocated: 0 of 2147483647]
22:07:04.194 [Test worker] DEBUG com.github.dockerjava.zerodep.shaded.org.apache.hc.client5.http.impl.io.PoolingHttpClientConnectionManager - ex-00000008: endpoint leased [route: {}->unix://localhost:2375][total available: 0; route allocated: 1 of 2147483647; total allocated: 1 of 2147483647]
22:07:04.194 [Test worker] DEBUG com.github.dockerjava.zerodep.shaded.org.apache.hc.client5.http.impl.io.PoolingHttpClientConnectionManager - ex-00000008: acquired ep-00000007
22:07:04.194 [Test worker] DEBUG com.github.dockerjava.zerodep.shaded.org.apache.hc.client5.http.impl.classic.InternalHttpClient - ex-00000008: acquired endpoint ep-00000007
22:07:04.194 [Test worker] DEBUG com.github.dockerjava.zerodep.shaded.org.apache.hc.client5.http.impl.classic.ConnectExec - ex-00000008: opening connection {}->unix://localhost:2375
22:07:04.194 [Test worker] DEBUG com.github.dockerjava.zerodep.shaded.org.apache.hc.client5.http.impl.classic.InternalHttpClient - ep-00000007: connecting endpoint (3 MINUTES)
22:07:04.195 [Test worker] DEBUG com.github.dockerjava.zerodep.shaded.org.apache.hc.client5.http.impl.io.PoolingHttpClientConnectionManager - ep-00000007: connecting endpoint to unix://localhost:2375 (3 MINUTES)
22:07:04.195 [Test worker] DEBUG com.github.dockerjava.zerodep.shaded.org.apache.hc.client5.http.impl.io.DefaultHttpClientConnectionOperator - http-outgoing-1: connecting to localhost/127.0.0.1:2375
22:07:04.195 [Test worker] DEBUG com.github.dockerjava.zerodep.shaded.org.apache.hc.client5.http.impl.io.DefaultHttpClientConnectionOperator - http-outgoing-1: connection established /var/run/docker.sock<->/var/run/docker.sock
22:07:04.195 [Test worker] DEBUG com.github.dockerjava.zerodep.shaded.org.apache.hc.client5.http.impl.io.PoolingHttpClientConnectionManager - ep-00000007: connected http-outgoing-1
22:07:04.195 [Test worker] DEBUG com.github.dockerjava.zerodep.shaded.org.apache.hc.client5.http.impl.classic.InternalHttpClient - ep-00000007: endpoint connected
22:07:04.195 [Test worker] DEBUG com.github.dockerjava.zerodep.shaded.org.apache.hc.client5.http.impl.classic.MainClientExec - ex-00000008: executing POST /v1.32/containers/create HTTP/1.1
22:07:04.195 [Test worker] DEBUG com.github.dockerjava.zerodep.shaded.org.apache.hc.client5.http.impl.classic.InternalHttpClient - ep-00000007: start execution ex-00000008
22:07:04.195 [Test worker] DEBUG com.github.dockerjava.zerodep.shaded.org.apache.hc.client5.http.impl.io.PoolingHttpClientConnectionManager - ep-00000007: executing exchange ex-00000008 over http-outgoing-1
22:07:04.195 [Test worker] DEBUG com.github.dockerjava.zerodep.shaded.org.apache.hc.client5.http.headers - http-outgoing-1 >> POST /v1.32/containers/create HTTP/1.1
22:07:04.195 [Test worker] DEBUG com.github.dockerjava.zerodep.shaded.org.apache.hc.client5.http.headers - http-outgoing-1 >> X-Registry-Auth: eyJ1c2VybmFtZSI6InJhZGVybGVhbyIsInBhc3N3b3JkIjoib2ltYzYwNjBAIiwiZW1haWwiOm51bGwsInNlcnZlcmFkZHJlc3MiOiJodHRwczovL2luZGV4LmRvY2tlci5pby92MS8iLCJhdXRoIjpudWxsLCJyZWdpc3RyeXRva2VuIjpudWxsLCJpZGVudGl0eXRva2VuIjpudWxsLCJzdGFja09yY2hlc3RyYXRvciI6bnVsbH0=
22:07:04.195 [Test worker] DEBUG com.github.dockerjava.zerodep.shaded.org.apache.hc.client5.http.headers - http-outgoing-1 >> accept: application/json
22:07:04.195 [Test worker] DEBUG com.github.dockerjava.zerodep.shaded.org.apache.hc.client5.http.headers - http-outgoing-1 >> content-type: application/json
22:07:04.195 [Test worker] DEBUG com.github.dockerjava.zerodep.shaded.org.apache.hc.client5.http.headers - http-outgoing-1 >> x-tc-sid: c721e8e0-dbbd-4305-a748-6be2465f786d
22:07:04.195 [Test worker] DEBUG com.github.dockerjava.zerodep.shaded.org.apache.hc.client5.http.headers - http-outgoing-1 >> Accept-Encoding: gzip, x-gzip, deflate
22:07:04.195 [Test worker] DEBUG com.github.dockerjava.zerodep.shaded.org.apache.hc.client5.http.headers - http-outgoing-1 >> Content-Length: 2045
22:07:04.195 [Test worker] DEBUG com.github.dockerjava.zerodep.shaded.org.apache.hc.client5.http.headers - http-outgoing-1 >> Host: localhost:2375
22:07:04.195 [Test worker] DEBUG com.github.dockerjava.zerodep.shaded.org.apache.hc.client5.http.headers - http-outgoing-1 >> Connection: keep-alive
22:07:04.195 [Test worker] DEBUG com.github.dockerjava.zerodep.shaded.org.apache.hc.client5.http.headers - http-outgoing-1 >> User-Agent: Apache-HttpClient/5.0.3 (Java/17.0.2)
22:07:04.195 [Test worker] DEBUG com.github.dockerjava.zerodep.shaded.org.apache.hc.client5.http.wire - http-outgoing-1 >> "POST /v1.32/containers/create HTTP/1.1[\r][\n]"
22:07:04.195 [Test worker] DEBUG com.github.dockerjava.zerodep.shaded.org.apache.hc.client5.http.wire - http-outgoing-1 >> "X-Registry-Auth: eyJ1c2VybmFtZSI6InJhZGVybGVhbyIsInBhc3N3b3JkIjoib2ltYzYwNjBAIiwiZW1haWwiOm51bGwsInNlcnZlcmFkZHJlc3MiOiJodHRwczovL2luZGV4LmRvY2tlci5pby92MS8iLCJhdXRoIjpudWxsLCJyZWdpc3RyeXRva2VuIjpudWxsLCJpZGVudGl0eXRva2VuIjpudWxsLCJzdGFja09yY2hlc3RyYXRvciI6bnVsbH0=[\r][\n]"
22:07:04.195 [Test worker] DEBUG com.github.dockerjava.zerodep.shaded.org.apache.hc.client5.http.wire - http-outgoing-1 >> "accept: application/json[\r][\n]"
22:07:04.195 [Test worker] DEBUG com.github.dockerjava.zerodep.shaded.org.apache.hc.client5.http.wire - http-outgoing-1 >> "content-type: application/json[\r][\n]"
22:07:04.195 [Test worker] DEBUG com.github.dockerjava.zerodep.shaded.org.apache.hc.client5.http.wire - http-outgoing-1 >> "x-tc-sid: c721e8e0-dbbd-4305-a748-6be2465f786d[\r][\n]"
22:07:04.195 [Test worker] DEBUG com.github.dockerjava.zerodep.shaded.org.apache.hc.client5.http.wire - http-outgoing-1 >> "Accept-Encoding: gzip, x-gzip, deflate[\r][\n]"
22:07:04.195 [Test worker] DEBUG com.github.dockerjava.zerodep.shaded.org.apache.hc.client5.http.wire - http-outgoing-1 >> "Content-Length: 2045[\r][\n]"
22:07:04.195 [Test worker] DEBUG com.github.dockerjava.zerodep.shaded.org.apache.hc.client5.http.wire - http-outgoing-1 >> "Host: localhost:2375[\r][\n]"
22:07:04.195 [Test worker] DEBUG com.github.dockerjava.zerodep.shaded.org.apache.hc.client5.http.wire - http-outgoing-1 >> "Connection: keep-alive[\r][\n]"
22:07:04.195 [Test worker] DEBUG com.github.dockerjava.zerodep.shaded.org.apache.hc.client5.http.wire - http-outgoing-1 >> "User-Agent: Apache-HttpClient/5.0.3 (Java/17.0.2)[\r][\n]"
22:07:04.195 [Test worker] DEBUG com.github.dockerjava.zerodep.shaded.org.apache.hc.client5.http.wire - http-outgoing-1 >> "[\r][\n]"
22:07:04.195 [Test worker] DEBUG com.github.dockerjava.zerodep.shaded.org.apache.hc.client5.http.wire - http-outgoing-1 >> "{"Hostname":null,"Domainname":null,"User":null,"AttachStdin":null,"AttachStdout":null,"AttachStderr":null,"PortSpecs":null,"Tty":null,"OpenStdin":null,"StdinOnce":null,"Env":["MYSQL_DATABASE=adm_videos","MYSQL_PASSWORD=123456","MYSQL_ROOT_PASSWORD=123456"],"Cmd":[],"Healthcheck":null,"ArgsEscaped":null,"Entrypoint":null,"Image":"mysql:latest","Volumes":{},"WorkingDir":null,"MacAddress":null,"OnBuild":null,"NetworkDisabled":null,"ExposedPorts":{"3306/tcp":{}},"StopSignal":null,"StopTimeout":null,"HostConfig":{"Binds":[],"BlkioWeight":null,"BlkioWeightDevice":null,"BlkioDeviceReadBps":null,"BlkioDeviceWriteBps":null,"BlkioDeviceReadIOps":null,"BlkioDeviceWriteIOps":null,"MemorySwappiness":null,"NanoCpus":null,"CapAdd":null,"CapDrop":null,"ContainerIDFile":null,"CpuPeriod":null,"CpuRealtimePeriod":null,"CpuRealtimeRuntime":null,"CpuShares":null,"CpuQuota":null,"CpusetCpus":null,"CpusetMems":null,"Devices":null,"DeviceCgroupRules":null,"DeviceRequests":null,"DiskQuota":null,"Dns":null,"DnsOptions":null,"DnsSearch":null,"ExtraHosts":[],"GroupAdd":null,"IpcMode":null,"Cgroup":null,"Links":[],"LogConfig":null,"LxcConf":null,"Memory":null,"MemorySwap":null,"MemoryReservation":null,"KernelMemory":null,"NetworkMode":null,"OomKillDisable":null,"Init":null,"AutoRemove":null,"OomScoreAdj":null,"PortBindings":{"3306/tcp":[{"HostIp":"","HostPort":""}]},"Privileged":null,"PublishAllPorts":null,"ReadonlyRootfs":null,"RestartPolicy":null,"Ulimits":null,"CpuCount":null,"CpuPercent":null,"IOMaximumIOps":null,"IOMaximumBandwidth":null,"VolumesFrom":[],"Mounts":null,"PidMode":null,"Isolation":null,"SecurityOpt":null,"StorageOpt":null,"CgroupParent":null,"VolumeDriver":null,"ShmSize":null,"PidsLimit":null,"Runtime":null,"Tmpfs":null,"UTSMode":null,"UsernsMode":null,"Sysctls":null,"ConsoleSize":null,"CgroupnsMode":null},"Labels":{"org.testcontainers":"true","org.testcontainers.lang":"java","org.testcontainers.version":"1.17.6","org.testcontainers.sessionId":"c721e8e0-dbbd-4305-a748-6be2465f786d"},"Shell":null,"NetworkingConfig":null}"
22:07:04.214 [Test worker] DEBUG com.github.dockerjava.zerodep.shaded.org.apache.hc.client5.http.wire - http-outgoing-1 << "HTTP/1.1 201 Created[\r][\n]"
22:07:04.215 [Test worker] DEBUG com.github.dockerjava.zerodep.shaded.org.apache.hc.client5.http.wire - http-outgoing-1 << "Api-Version: 1.41[\r][\n]"
22:07:04.215 [Test worker] DEBUG com.github.dockerjava.zerodep.shaded.org.apache.hc.client5.http.wire - http-outgoing-1 << "Content-Type: application/json[\r][\n]"
22:07:04.215 [Test worker] DEBUG com.github.dockerjava.zerodep.shaded.org.apache.hc.client5.http.wire - http-outgoing-1 << "Date: Mon, 03 Apr 2023 01:07:04 GMT[\r][\n]"
22:07:04.215 [Test worker] DEBUG com.github.dockerjava.zerodep.shaded.org.apache.hc.client5.http.wire - http-outgoing-1 << "Docker-Experimental: false[\r][\n]"
22:07:04.215 [Test worker] DEBUG com.github.dockerjava.zerodep.shaded.org.apache.hc.client5.http.wire - http-outgoing-1 << "Ostype: linux[\r][\n]"
22:07:04.215 [Test worker] DEBUG com.github.dockerjava.zerodep.shaded.org.apache.hc.client5.http.wire - http-outgoing-1 << "Server: Docker/20.10.21 (linux)[\r][\n]"
22:07:04.215 [Test worker] DEBUG com.github.dockerjava.zerodep.shaded.org.apache.hc.client5.http.wire - http-outgoing-1 << "Transfer-Encoding: chunked[\r][\n]"
22:07:04.215 [Test worker] DEBUG com.github.dockerjava.zerodep.shaded.org.apache.hc.client5.http.wire - http-outgoing-1 << "[\r][\n]"
22:07:04.215 [Test worker] DEBUG com.github.dockerjava.zerodep.shaded.org.apache.hc.client5.http.wire - http-outgoing-1 << "58[\r][\n]"
22:07:04.215 [Test worker] DEBUG com.github.dockerjava.zerodep.shaded.org.apache.hc.client5.http.wire - http-outgoing-1 << "{"Id":"511b2d736fd4c4da08b79110fd21fdaa756368e4971eb130f8114450b3efc085","Warnings":[]}[\n]"
22:07:04.215 [Test worker] DEBUG com.github.dockerjava.zerodep.shaded.org.apache.hc.client5.http.wire - http-outgoing-1 << "[\r][\n]"
22:07:04.215 [Test worker] DEBUG com.github.dockerjava.zerodep.shaded.org.apache.hc.client5.http.headers - http-outgoing-1 << HTTP/1.1 201 Created
22:07:04.215 [Test worker] DEBUG com.github.dockerjava.zerodep.shaded.org.apache.hc.client5.http.headers - http-outgoing-1 << Api-Version: 1.41
22:07:04.215 [Test worker] DEBUG com.github.dockerjava.zerodep.shaded.org.apache.hc.client5.http.headers - http-outgoing-1 << Content-Type: application/json
22:07:04.215 [Test worker] DEBUG com.github.dockerjava.zerodep.shaded.org.apache.hc.client5.http.headers - http-outgoing-1 << Date: Mon, 03 Apr 2023 01:07:04 GMT
22:07:04.215 [Test worker] DEBUG com.github.dockerjava.zerodep.shaded.org.apache.hc.client5.http.headers - http-outgoing-1 << Docker-Experimental: false
22:07:04.215 [Test worker] DEBUG com.github.dockerjava.zerodep.shaded.org.apache.hc.client5.http.headers - http-outgoing-1 << Ostype: linux
22:07:04.215 [Test worker] DEBUG com.github.dockerjava.zerodep.shaded.org.apache.hc.client5.http.headers - http-outgoing-1 << Server: Docker/20.10.21 (linux)
22:07:04.215 [Test worker] DEBUG com.github.dockerjava.zerodep.shaded.org.apache.hc.client5.http.headers - http-outgoing-1 << Transfer-Encoding: chunked
22:07:04.216 [Test worker] DEBUG com.github.dockerjava.zerodep.shaded.org.apache.hc.client5.http.impl.classic.MainClientExec - ex-00000008: connection can be kept alive for 3 MINUTES
22:07:04.216 [Test worker] DEBUG com.github.dockerjava.zerodep.shaded.org.apache.hc.client5.http.wire - http-outgoing-1 << "0[\r][\n]"
22:07:04.216 [Test worker] DEBUG com.github.dockerjava.zerodep.shaded.org.apache.hc.client5.http.wire - http-outgoing-1 << "[\r][\n]"
22:07:04.216 [Test worker] DEBUG com.github.dockerjava.zerodep.shaded.org.apache.hc.client5.http.impl.classic.InternalHttpClient - ep-00000007: releasing valid endpoint
22:07:04.216 [Test worker] DEBUG com.github.dockerjava.zerodep.shaded.org.apache.hc.client5.http.impl.io.PoolingHttpClientConnectionManager - ep-00000007: releasing endpoint
22:07:04.216 [Test worker] DEBUG com.github.dockerjava.zerodep.shaded.org.apache.hc.client5.http.impl.io.PoolingHttpClientConnectionManager - ep-00000007: connection http-outgoing-1 can be kept alive for 3 MINUTES
22:07:04.216 [Test worker] DEBUG com.github.dockerjava.zerodep.shaded.org.apache.hc.client5.http.impl.io.PoolingHttpClientConnectionManager - ep-00000007: connection released [route: {}->unix://localhost:2375][total available: 1; route allocated: 1 of 2147483647; total allocated: 1 of 2147483647]
22:07:04.218 [Test worker] DEBUG org.testcontainers.utility.MountableFile - Copying classpath resource(s) from jar:file:/Users/raderleao/.gradle/caches/modules-2/files-2.1/org.testcontainers/mysql/1.17.6/2a7c95202abd34a2688e4030eab97a41e615ea79/mysql-1.17.6.jar!/mysql-default-conf to /tmp/.testcontainers-tmp-13022274233344895173 to permit Docker to bind
22:07:04.218 [Test worker] DEBUG org.testcontainers.utility.MountableFile - Copying resource mysql-default-conf from JAR file /Users/raderleao/.gradle/caches/modules-2/files-2.1/org.testcontainers/mysql/1.17.6/2a7c95202abd34a2688e4030eab97a41e615ea79/mysql-1.17.6.jar
22:07:04.218 [Test worker] DEBUG org.testcontainers.utility.MountableFile - Copying classpath resource(s) from jar:file:/Users/raderleao/.gradle/caches/modules-2/files-2.1/org.testcontainers/mysql/1.17.6/2a7c95202abd34a2688e4030eab97a41e615ea79/mysql-1.17.6.jar!/mysql-default-conf to /tmp/.testcontainers-tmp-13022274233344895173 to permit Docker to bind
22:07:04.218 [Test worker] DEBUG org.testcontainers.utility.MountableFile - Copying resource mysql-default-conf from JAR file /Users/raderleao/.gradle/caches/modules-2/files-2.1/org.testcontainers/mysql/1.17.6/2a7c95202abd34a2688e4030eab97a41e615ea79/mysql-1.17.6.jar
22:07:04.237 [Test worker] DEBUG org.testcontainers.shaded.com.github.dockerjava.core.command.AbstrDockerCmd - Cmd: org.testcontainers.shaded.com.github.dockerjava.core.command.CopyArchiveToContainerCmdImpl@44924587[cp ,<null>, ,511b2d736fd4c4da08b79110fd21fdaa756368e4971eb130f8114450b3efc085,:,/]
22:07:04.238 [Test worker] DEBUG com.github.dockerjava.zerodep.shaded.org.apache.hc.client5.http.impl.classic.InternalHttpClient - ex-00000009: preparing request execution
22:07:04.239 [Test worker] DEBUG com.github.dockerjava.zerodep.shaded.org.apache.hc.client5.http.protocol.RequestAddCookies - Cookie spec selected: strict
22:07:04.239 [Test worker] DEBUG com.github.dockerjava.zerodep.shaded.org.apache.hc.client5.http.protocol.RequestAuthCache - Auth cache not set in the context
22:07:04.239 [Test worker] DEBUG com.github.dockerjava.zerodep.shaded.org.apache.hc.client5.http.impl.classic.ProtocolExec - ex-00000009: target auth state: UNCHALLENGED
22:07:04.239 [Test worker] DEBUG com.github.dockerjava.zerodep.shaded.org.apache.hc.client5.http.impl.classic.ProtocolExec - ex-00000009: proxy auth state: UNCHALLENGED
22:07:04.239 [Test worker] DEBUG com.github.dockerjava.zerodep.shaded.org.apache.hc.client5.http.impl.classic.ConnectExec - ex-00000009: acquiring connection with route {}->unix://localhost:2375
22:07:04.239 [Test worker] DEBUG com.github.dockerjava.zerodep.shaded.org.apache.hc.client5.http.impl.classic.InternalHttpClient - ex-00000009: acquiring endpoint (3 MINUTES)
22:07:04.239 [Test worker] DEBUG com.github.dockerjava.zerodep.shaded.org.apache.hc.client5.http.impl.io.PoolingHttpClientConnectionManager - ex-00000009: endpoint lease request (3 MINUTES) [route: {}->unix://localhost:2375][total available: 1; route allocated: 1 of 2147483647; total allocated: 1 of 2147483647]
22:07:04.240 [Test worker] DEBUG com.github.dockerjava.zerodep.shaded.org.apache.hc.client5.http.impl.io.PoolingHttpClientConnectionManager - ex-00000009: endpoint leased [route: {}->unix://localhost:2375][total available: 0; route allocated: 1 of 2147483647; total allocated: 1 of 2147483647]
22:07:04.240 [Test worker] DEBUG com.github.dockerjava.zerodep.shaded.org.apache.hc.client5.http.impl.io.PoolingHttpClientConnectionManager - ex-00000009: acquired ep-00000008
22:07:04.240 [Test worker] DEBUG com.github.dockerjava.zerodep.shaded.org.apache.hc.client5.http.impl.classic.InternalHttpClient - ex-00000009: acquired endpoint ep-00000008
22:07:04.240 [Test worker] DEBUG com.github.dockerjava.zerodep.shaded.org.apache.hc.client5.http.impl.classic.MainClientExec - ex-00000009: executing PUT /v1.32/containers/511b2d736fd4c4da08b79110fd21fdaa756368e4971eb130f8114450b3efc085/archive?noOverwriteDirNonDir=false&path=%2F HTTP/1.1
22:07:04.240 [Test worker] DEBUG com.github.dockerjava.zerodep.shaded.org.apache.hc.client5.http.impl.classic.InternalHttpClient - ep-00000008: start execution ex-00000009
22:07:04.240 [Test worker] DEBUG com.github.dockerjava.zerodep.shaded.org.apache.hc.client5.http.impl.io.PoolingHttpClientConnectionManager - ep-00000008: executing exchange ex-00000009 over http-outgoing-1
22:07:04.240 [Test worker] DEBUG com.github.dockerjava.zerodep.shaded.org.apache.hc.client5.http.headers - http-outgoing-1 >> PUT /v1.32/containers/511b2d736fd4c4da08b79110fd21fdaa756368e4971eb130f8114450b3efc085/archive?noOverwriteDirNonDir=false&path=%2F HTTP/1.1
22:07:04.240 [Test worker] DEBUG com.github.dockerjava.zerodep.shaded.org.apache.hc.client5.http.headers - http-outgoing-1 >> content-type: APPLICATION_X_TAR
22:07:04.240 [Test worker] DEBUG com.github.dockerjava.zerodep.shaded.org.apache.hc.client5.http.headers - http-outgoing-1 >> x-tc-sid: c721e8e0-dbbd-4305-a748-6be2465f786d
22:07:04.240 [Test worker] DEBUG com.github.dockerjava.zerodep.shaded.org.apache.hc.client5.http.headers - http-outgoing-1 >> Accept-Encoding: gzip, x-gzip, deflate
22:07:04.240 [Test worker] DEBUG com.github.dockerjava.zerodep.shaded.org.apache.hc.client5.http.headers - http-outgoing-1 >> Transfer-Encoding: chunked
22:07:04.240 [Test worker] DEBUG com.github.dockerjava.zerodep.shaded.org.apache.hc.client5.http.headers - http-outgoing-1 >> Host: localhost:2375
22:07:04.240 [Test worker] DEBUG com.github.dockerjava.zerodep.shaded.org.apache.hc.client5.http.headers - http-outgoing-1 >> Connection: keep-alive
22:07:04.240 [Test worker] DEBUG com.github.dockerjava.zerodep.shaded.org.apache.hc.client5.http.headers - http-outgoing-1 >> User-Agent: Apache-HttpClient/5.0.3 (Java/17.0.2)
22:07:04.241 [Test worker] DEBUG com.github.dockerjava.zerodep.shaded.org.apache.hc.client5.http.wire - http-outgoing-1 >> "PUT /v1.32/containers/511b2d736fd4c4da08b79110fd21fdaa756368e4971eb130f8114450b3efc085/archive?noOverwriteDirNonDir=false&path=%2F HTTP/1.1[\r][\n]"
22:07:04.241 [Test worker] DEBUG com.github.dockerjava.zerodep.shaded.org.apache.hc.client5.http.wire - http-outgoing-1 >> "content-type: APPLICATION_X_TAR[\r][\n]"
22:07:04.241 [Test worker] DEBUG com.github.dockerjava.zerodep.shaded.org.apache.hc.client5.http.wire - http-outgoing-1 >> "x-tc-sid: c721e8e0-dbbd-4305-a748-6be2465f786d[\r][\n]"
22:07:04.241 [Test worker] DEBUG com.github.dockerjava.zerodep.shaded.org.apache.hc.client5.http.wire - http-outgoing-1 >> "Accept-Encoding: gzip, x-gzip, deflate[\r][\n]"
22:07:04.241 [Test worker] DEBUG com.github.dockerjava.zerodep.shaded.org.apache.hc.client5.http.wire - http-outgoing-1 >> "Transfer-Encoding: chunked[\r][\n]"
22:07:04.241 [Test worker] DEBUG com.github.dockerjava.zerodep.shaded.org.apache.hc.client5.http.wire - http-outgoing-1 >> "Host: localhost:2375[\r][\n]"
22:07:04.241 [Test worker] DEBUG com.github.dockerjava.zerodep.shaded.org.apache.hc.client5.http.wire - http-outgoing-1 >> "Connection: keep-alive[\r][\n]"
22:07:04.241 [Test worker] DEBUG com.github.dockerjava.zerodep.shaded.org.apache.hc.client5.http.wire - http-outgoing-1 >> "User-Agent: Apache-HttpClient/5.0.3 (Java/17.0.2)[\r][\n]"
22:07:04.241 [Test worker] DEBUG com.github.dockerjava.zerodep.shaded.org.apache.hc.client5.http.wire - http-outgoing-1 >> "[\r][\n]"
22:07:04.241 [Test worker] DEBUG com.github.dockerjava.zerodep.shaded.org.apache.hc.client5.http.wire - http-outgoing-1 >> "1000[\r][\n]"
22:07:04.241 [Test worker] DEBUG com.github.dockerjava.zerodep.shaded.org.apache.hc.client5.http.wire - http-outgoing-1 >> "./PaxHeaders.X/etc_mysql_conf.d_[0x0][0x0][0x0][0x0][0x0][0x0][0x0][0x0][0x0][0x0][0x0][0x0][0x0][0x0][0x0][0x0][0x0][0x0][0x0][0x0][0x0][0x0][0x0][0x0][0x0][0x0][0x0][0x0][0x0][0x0][0x0][0x0][0x0][0x0][0x0][0x0][0x0][0x0][0x0][0x0][0x0][0x0][0x0][0x0][0x0][0x0][0x0][0x0][0x0][0x0][0x0][0x0][0x0][0x0][0x0][0x0][0x0][0x0][0x0][0x0][0x0][0x0][0x0][0x0][0x0][0x0][0x0][0x0]0100644 0000000 0000000 00000000172 14412423270 015614[0x0] x[0x0][0x0][0x0][0x0][0x0][0x0][0x0][0x0][0x0][0x0][0x0][0x0][0x0][0x0][0x0][0x0][0x0][0x0][0x0][0x0][0x0][0x0][0x0][0x0][0x0][0x0][0x0][0x0][0x0][0x0][0x0][0x0][0x0][0x0][0x0][0x0][0x0][0x0][0x0][0x0][0x0][0x0][0x0][0x0][0x0][0x0][0x0][0x0][0x0][0x0][0x0][0x0][0x0][0x0][0x0][0x0][0x0][0x0][0x0][0x0][0x0][0x0][0x0][0x0][0x0][0x0][0x0][0x0][0x0][0x0][0x0][0x0][0x0][0x0][0x0][0x0][0x0][0x0][0x0][0x0][0x0][0x0][0x0][0x0][0x0][0x0][0x0][0x0][0x0][0x0][0x0][0x0][0x0][0x0][0x0][0x0][0x0][0x0][0x0][0x0]ustar[0x0]00[0x0][0x0][0x0][0x0][0x0][0x0][0x0][0x0][0x0][0x0][0x0][0x0][0x0][0x0][0x0][0x0][0x0][0x0][0x0][0x0][0x0][0x0][0x0][0x0][0x0][0x0][0x0][0x0][0x0][0x0][0x0][0x0][0x0][0x0][0x0][0x0][0x0][0x0][0x0][0x0][0x0][0x0][0x0][0x0][0x0][0x0][0x0][0x0][0x0][0x0][0x0][0x0][0x0][0x0][0x0][0x0][0x0][0x0][0x0][0x0][0x0][0x0][0x0][0x0]0000000 0000000 [0x0][0x0][0x0][0x0][0x0][0x0][0x0][0x0][0x0][0x0][0x0][0x0][0x0][0x0][0x0][0x0][0x0][0x0][0x0][0x0][0x0][0x0][0x0][0x0][0x0][0x0][0x0][0x0][0x0][0x0][0x0][0x0][0x0][0x0][0x0][0x0][0x0][0x0][0x0][0x0][0x0][0x0][0x0][0x0][0x0][0x0][0x0][0x0][0x0][0x0][0x0][0x0][0x0][0x0][0x0][0x0][0x0][0x0][0x0][0x0][0x0][0x0][0x0][0x0][0x0][0x0][0x0][0x0][0x0][0x0][0x0][0x0][0x0][0x0][0x0][0x0][0x0][0x0][0x0][0x0][0x0][0x0][0x0][0x0][0x0][0x0][0x0][0x0][0x0][0x0][0x0][0x0][0x0][0x0][0x0][0x0][0x0][0x0][0x0][0x0][0x0][0x0][0x0][0x0][0x0][0x0][0x0][0x0][0x0][0x0][0x0][0x0][0x0][0x0][0x0][0x0][0x0][0x0][0x0][0x0][0x0][0x0][0x0][0x0][0x0][0x0][0x0][0x0][0x0][0x0][0x0][0x0][0x0][0x0][0x0][0x0][0x0][0x0][0x0][0x0][0x0][0x0][0x0][0x0][0x0][0x0][0x0][0x0][0x0][0x0][0x0][0x0][0x0][0x0][0x0][0x0][0x0][0x0][0x0][0x0][0x0][0x0][0x0][0x0][0x0][0x0][0x0]28 atime=1680484024.2184402[\n]"
22:07:04.241 [Test worker] DEBUG com.github.dockerjava.zerodep.shaded.org.apache.hc.client5.http.wire - http-outgoing-1 >> "28 ctime=1680484024.2186152[\n]"
22:07:04.241 [Test worker] DEBUG com.github.dockerjava.zerodep.shaded.org.apache.hc.client5.http.wire - http-outgoing-1 >> "28 mtime=1680484024.2186152[\n]"
22:07:04.241 [Test worker] DEBUG com.github.dockerjava.zerodep.shaded.org.apache.hc.client5.http.wire - http-outgoing-1 >> "38 LIBARCHIVE.creationtime=1680484024[\n]"
22:07:04.242 [Test worker] DEBUG com.github.dockerjava.zerodep.shaded.org.apache.hc.client5.http.wire - http-outgoing-1 >> "[0x0][0x0][0x0][0x0][0x0][0x0][0x0][0x0][0x0][0x0][0x0][0x0][0x0][0x0][0x0][0x0][0x0][0x0][0x0][0x0][0x0][0x0][0x0][0x0][0x0][0x0][0x0][0x0][0x0][0x0][0x0][0x0][0x0][0x0][0x0][0x0][0x0][0x0][0x0][0x0][0x0][0x0][0x0][0x0][0x0][0x0][0x0][0x0][0x0][0x0][0x0][0x0][0x0][0x0][0x0][0x0][0x0][0x0][0x0][0x0][0x0][0x0][0x0][0x0][0x0][0x0][0x0][0x0][0x0][0x0][0x0][0x0][0x0][0x0][0x0][0x0][0x0][0x0][0x0][0x0][0x0][0x0][0x0][0x0][0x0][0x0][0x0][0x0][0x0][0x0][0x0][0x0][0x0][0x0][0x0][0x0][0x0][0x0][0x0][0x0][0x0][0x0][0x0][0x0][0x0][0x0][0x0][0x0][0x0][0x0][0x0][0x0][0x0][0x0][0x0][0x0][0x0][0x0][0x0][0x0][0x0][0x0][0x0][0x0][0x0][0x0][0x0][0x0][0x0][0x0][0x0][0x0][0x0][0x0][0x0][0x0][0x0][0x0][0x0][0x0][0x0][0x0][0x0][0x0][0x0][0x0][0x0][0x0][0x0][0x0][0x0][0x0][0x0][0x0][0x0][0x0][0x0][0x0][0x0][0x0][0x0][0x0][0x0][0x0][0x0][0x0][0x0][0x0][0x0][0x0][0x0][0x0][0x0][0x0][0x0][0x0][0x0][0x0][0x0][0x0][0x0][0x0][0x0][0x0][0x0][0x0][0x0][0x0][0x0][0x0][0x0][0x0][0x0][0x0][0x0][0x0][0x0][0x0][0x0][0x0][0x0][0x0][0x0][0x0][0x0][0x0][0x0][0x0][0x0][0x0][0x0][0x0][0x0][0x0][0x0][0x0][0x0][0x0][0x0][0x0][0x0][0x0][0x0][0x0][0x0][0x0][0x0][0x0][0x0][0x0][0x0][0x0][0x0][0x0][0x0][0x0][0x0][0x0][0x0][0x0][0x0][0x0][0x0][0x0][0x0][0x0][0x0][0x0][0x0][0x0][0x0][0x0][0x0][0x0][0x0][0x0][0x0][0x0][0x0][0x0][0x0][0x0][0x0][0x0][0x0][0x0][0x0][0x0][0x0][0x0][0x0][0x0][0x0][0x0][0x0][0x0][0x0][0x0][0x0][0x0][0x0][0x0][0x0][0x0][0x0][0x0][0x0][0x0][0x0][0x0][0x0][0x0][0x0][0x0][0x0][0x0][0x0][0x0][0x0][0x0][0x0][0x0][0x0][0x0][0x0][0x0][0x0][0x0][0x0][0x0][0x0][0x0][0x0][0x0][0x0][0x0][0x0][0x0][0x0][0x0][0x0][0x0][0x0][0x0][0x0][0x0][0x0][0x0][0x0][0x0][0x0][0x0][0x0][0x0][0x0][0x0][0x0][0x0][0x0][0x0][0x0][0x0][0x0][0x0][0x0][0x0][0x0][0x0][0x0][0x0][0x0][0x0][0x0][0x0][0x0][0x0][0x0][0x0][0x0][0x0][0x0][0x0][0x0][0x0][0x0][0x0][0x0][0x0][0x0][0x0][0x0][0x0][0x0][0x0][0x0][0x0][0x0][0x0][0x0][0x0][0x0][0x0][0x0][0x0][0x0][0x0][0x0][0x0][0x0][0x0]etc/mysql/conf.d/[0x0][0x0][0x0][0x0][0x0][0x0][0x0][0x0][0x0][0x0][0x0][0x0][0x0][0x0][0x0][0x0][0x0][0x0][0x0][0x0][0x0][0x0][0x0][0x0][0x0][0x0][0x0][0x0][0x0][0x0][0x0][0x0][0x0][0x0][0x0][0x0][0x0][0x0][0x0][0x0][0x0][0x0][0x0][0x0][0x0][0x0][0x0][0x0][0x0][0x0][0x0][0x0][0x0][0x0][0x0][0x0][0x0][0x0][0x0][0x0][0x0][0x0][0x0][0x0][0x0][0x0][0x0][0x0][0x0][0x0][0x0][0x0][0x0][0x0][0x0][0x0][0x0][0x0][0x0][0x0][0x0][0x0][0x0]0040755 0000765 0000000 00000000000 14412423270 015624[0x0] 5[0x0][0x0][0x0][0x0][0x0][0x0][0x0][0x0][0x0][0x0][0x0][0x0][0x0][0x0][0x0][0x0][0x0][0x0][0x0][0x0][0x0][0x0][0x0][0x0][0x0][0x0][0x0][0x0][0x0][0x0][0x0][0x0][0x0][0x0][0x0][0x0][0x0][0x0][0x0][0x0][0x0][0x0][0x0][0x0][0x0][0x0][0x0][0x0][0x0][0x0][0x0][0x0][0x0][0x0][0x0][0x0][0x0][0x0][0x0][0x0][0x0][0x0][0x0][0x0][0x0][0x0][0x0][0x0][0x0][0x0][0x0][0x0][0x0][0x0][0x0][0x0][0x0][0x0][0x0][0x0][0x0][0x0][0x0][0x0][0x0][0x0][0x0][0x0][0x0][0x0][0x0][0x0][0x0][0x0][0x0][0x0][0x0][0x0][0x0][0x0]ustar[0x0]00raderleao[0x0][0x0][0x0][0x0][0x0][0x0][0x0][0x0][0x0][0x0][0x0][0x0][0x0][0x0][0x0][0x0][0x0][0x0][0x0][0x0][0x0][0x0][0x0]wheel[0x0][0x0][0x0][0x0][0x0][0x0][0x0][0x0][0x0][0x0][0x0][0x0][0x0][0x0][0x0][0x0][0x0][0x0][0x0][0x0][0x0][0x0][0x0][0x0][0x0][0x0][0x0]0000000 0000000 [0x0][0x0][0x0][0x0][0x0][0x0][0x0][0x0][0x0][0x0][0x0][0x0][0x0][0x0][0x0][0x0][0x0][0x0][0x0][0x0][0x0][0x0][0x0][0x0][0x0][0x0][0x0][0x0][0x0][0x0][0x0][0x0][0x0][0x0][0x0][0x0][0x0][0x0][0x0][0x0][0x0][0x0][0x0][0x0][0x0][0x0][0x0][0x0][0x0][0x0][0x0][0x0][0x0][0x0][0x0][0x0][0x0][0x0][0x0][0x0][0x0][0x0][0x0][0x0][0x0][0x0][0x0][0x0][0x0][0x0][0x0][0x0][0x0][0x0][0x0][0x0][0x0][0x0][0x0][0x0][0x0][0x0][0x0][0x0][0x0][0x0][0x0][0x0][0x0][0x0][0x0][0x0][0x0][0x0][0x0][0x0][0x0][0x0][0x0][0x0][0x0][0x0][0x0][0x0][0x0][0x0][0x0][0x0][0x0][0x0][0x0][0x0][0x0][0x0][0x0][0x0][0x0][0x0][0x0][0x0][0x0][0x0][0x0][0x0][0x0][0x0][0x0][0x0][0x0][0x0][0x0][0x0][0x0][0x0][0x0][0x0][0x0][0x0][0x0][0x0][0x0][0x0][0x0][0x0][0x0][0x0][0x0][0x0][0x0][0x0][0x0][0x0][0x0][0x0][0x0][0x0][0x0][0x0][0x0][0x0][0x0][0x0][0x0][0x0][0x0][0x0][0x0]./PaxHeaders.X/etc_mysql_conf.d_my.cnf[0x0][0x0][0x0][0x0][0x0][0x0][0x0][0x0][0x0][0x0][0x0][0x0][0x0][0x0][0x0][0x0][0x0][0x0][0x0][0x0][0x0][0x0][0x0][0x0][0x0][0x0][0x0][0x0][0x0][0x0][0x0][0x0][0x0][0x0][0x0][0x0][0x0][0x0][0x0][0x0][0x0][0x0][0x0][0x0][0x0][0x0][0x0][0x0][0x0][0x0][0x0][0x0][0x0][0x0][0x0][0x0][0x0][0x0][0x0][0x0][0x0][0x0]0100644 0000000 0000000 00000000172 14412423270 016727[0x0] x[0x0][0x0][0x0][0x0][0x0][0x0][0x0][0x0][0x0][0x0][0x0][0x0][0x0][0x0][0x0][0x0][0x0][0x0][0x0][0x0][0x0][0x0][0x0][0x0][0x0][0x0][0x0][0x0][0x0][0x0][0x0][0x0][0x0][0x0][0x0][0x0][0x0][0x0][0x0][0x0][0x0][0x0][0x0][0x0][0x0][0x0][0x0][0x0][0x0][0x0][0x0][0x0][0x0][0x0][0x0][0x0][0x0][0x0][0x0][0x0][0x0][0x0][0x0][0x0][0x0][0x0][0x0][0x0][0x0][0x0][0x0][0x0][0x0][0x0][0x0][0x0][0x0][0x0][0x0][0x0][0x0][0x0][0x0][0x0][0x0][0x0][0x0][0x0][0x0][0x0][0x0][0x0][0x0][0x0][0x0][0x0][0x0][0x0][0x0][0x0]ustar[0x0]00[0x0][0x0][0x0][0x0][0x0][0x0][0x0][0x0][0x0][0x0][0x0][0x0][0x0][0x0][0x0][0x0][0x0][0x0][0x0][0x0][0x0][0x0][0x0][0x0][0x0][0x0][0x0][0x0][0x0][0x0][0x0][0x0][0x0][0x0][0x0][0x0][0x0][0x0][0x0][0x0][0x0][0x0][0x0][0x0][0x0][0x0][0x0][0x0][0x0][0x0][0x0][0x0][0x0][0x0][0x0][0x0][0x0][0x0][0x0][0x0][0x0][0x0][0x0][0x0]0000000 0000000 [0x0][0x0][0x0][0x0][0x0][0x0][0x0][0x0][0x0][0x0][0x0][0x0][0x0][0x0][0x0][0x0][0x0][0x0][0x0][0x0][0x0][0x0][0x0][0x0][0x0][0x0][0x0][0x0][0x0][0x0][0x0][0x0][0x0][0x0][0x0][0x0][0x0][0x0][0x0][0x0][0x0][0x0][0x0][0x0][0x0][0x0][0x0][0x0][0x0][0x0][0x0][0x0][0x0][0x0][0x0][0x0][0x0][0x0][0x0][0x0][0x0][0x0][0x0][0x0][0x0][0x0][0x0][0x0][0x0][0x0][0x0][0x0][0x0][0x0][0x0][0x0][0x0][0x0][0x0][0x0][0x0][0x0][0x0][0x0][0x0][0x0][0x0][0x0][0x0][0x0][0x0][0x0][0x0][0x0][0x0][0x0][0x0][0x0][0x0][0x0][0x0][0x0][0x0][0x0][0x0][0x0][0x0][0x0][0x0][0x0][0x0][0x0][0x0][0x0][0x0][0x0][0x0][0x0][0x0][0x0][0x0][0x0][0x0][0x0][0x0][0x0][0x0][0x0][0x0][0x0][0x0][0x0][0x0][0x0][0x0][0x0][0x0][0x0][0x0][0x0][0x0][0x0][0x0][0x0][0x0][0x0][0x0][0x0][0x0][0x0][0x0][0x0][0x0][0x0][0x0][0x0][0x0][0x0][0x0][0x0][0x0][0x0][0x0][0x0][0x0][0x0][0x0]28 atime=1680484024.2186116[\n]"
22:07:04.242 [Test worker] DEBUG com.github.dockerjava.zerodep.shaded.org.apache.hc.client5.http.wire - http-outgoing-1 >> "28 ctime=1680484024.2187338[\n]"
22:07:04.242 [Test worker] DEBUG com.github.dockerjava.zerodep.shaded.org.apache.hc.client5.http.wire - http-outgoing-1 >> "28 mtime=1680484024.2187338[\n]"
22:07:04.242 [Test worker] DEBUG com.github.dockerjava.zerodep.shaded.org.apache.hc.client5.http.wire - http-outgoing-1 >> "38 LIBARCHIVE.creationtime=1680484024[\n]"
22:07:04.242 [Test worker] DEBUG com.github.dockerjava.zerodep.shaded.org.apache.hc.client5.http.wire - http-outgoing-1 >> "[0x0][0x0][0x0][0x0][0x0][0x0][0x0][0x0][0x0][0x0][0x0][0x0][0x0][0x0][0x0][0x0][0x0][0x0][0x0][0x0][0x0][0x0][0x0][0x0][0x0][0x0][0x0][0x0][0x0][0x0][0x0][0x0][0x0][0x0][0x0][0x0][0x0][0x0][0x0][0x0][0x0][0x0][0x0][0x0][0x0][0x0][0x0][0x0][0x0][0x0][0x0][0x0][0x0][0x0][0x0][0x0][0x0][0x0][0x0][0x0][0x0][0x0][0x0][0x0][0x0][0x0][0x0][0x0][0x0][0x0][0x0][0x0][0x0][0x0][0x0][0x0][0x0][0x0][0x0][0x0][0x0][0x0][0x0][0x0][0x0][0x0][0x0][0x0][0x0][0x0][0x0][0x0][0x0][0x0][0x0][0x0][0x0][0x0][0x0][0x0][0x0][0x0][0x0][0x0][0x0][0x0][0x0][0x0][0x0][0x0][0x0][0x0][0x0][0x0][0x0][0x0][0x0][0x0][0x0][0x0][0x0][0x0][0x0][0x0][0x0][0x0][0x0][0x0][0x0][0x0][0x0][0x0][0x0][0x0][0x0][0x0][0x0][0x0][0x0][0x0][0x0][0x0][0x0][0x0][0x0][0x0][0x0][0x0][0x0][0x0][0x0][0x0][0x0][0x0][0x0][0x0][0x0][0x0][0x0][0x0][0x0][0x0][0x0][0x0][0x0][0x0][0x0][0x0][0x0][0x0][0x0][0x0][0x0][0x0][0x0][0x0][0x0][0x0][0x0][0x0][0x0][0x0][0x0][0x0][0x0][0x0][0x0][0x0][0x0][0x0][0x0][0x0][0x0][0x0][0x0][0x0][0x0][0x0][0x0][0x0][0x0][0x0][0x0][0x0][0x0][0x0][0x0][0x0][0x0][0x0][0x0][0x0][0x0][0x0][0x0][0x0][0x0][0x0][0x0][0x0][0x0][0x0][0x0][0x0][0x0][0x0][0x0][0x0][0x0][0x0][0x0][0x0][0x0][0x0][0x0][0x0][0x0][0x0][0x0][0x0][0x0][0x0][0x0][0x0][0x0][0x0][0x0][0x0][0x0][0x0][0x0][0x0][0x0][0x0][0x0][0x0][0x0][0x0][0x0][0x0][0x0][0x0][0x0][0x0][0x0][0x0][0x0][0x0][0x0][0x0][0x0][0x0][0x0][0x0][0x0][0x0][0x0][0x0][0x0][0x0][0x0][0x0][0x0][0x0][0x0][0x0][0x0][0x0][0x0][0x0][0x0][0x0][0x0][0x0][0x0][0x0][0x0][0x0][0x0][0x0][0x0][0x0][0x0][0x0][0x0][0x0][0x0][0x0][0x0][0x0][0x0][0x0][0x0][0x0][0x0][0x0][0x0][0x0][0x0][0x0][0x0][0x0][0x0][0x0][0x0][0x0][0x0][0x0][0x0][0x0][0x0][0x0][0x0][0x0][0x0][0x0][0x0][0x0][0x0][0x0][0x0][0x0][0x0][0x0][0x0][0x0][0x0][0x0][0x0][0x0][0x0][0x0][0x0][0x0][0x0][0x0][0x0][0x0][0x0][0x0][0x0][0x0][0x0][0x0][0x0][0x0][0x0][0x0][0x0][0x0][0x0][0x0][0x0][0x0][0x0][0x0][0x0][0x0][0x0][0x0][0x0][0x0][0x0][0x0][0x0][0x0][0x0][0x0][0x0][0x0]etc/mysql/conf.d/my.cnf[0x0][0x0][0x0][0x0][0x0][0x0][0x0][0x0][0x0][0x0][0x0][0x0][0x0][0x0][0x0][0x0][0x0][0x0][0x0][0x0][0x0][0x0][0x0][0x0][0x0][0x0][0x0][0x0][0x0][0x0][0x0][0x0][0x0][0x0][0x0][0x0][0x0][0x0][0x0][0x0][0x0][0x0][0x0][0x0][0x0][0x0][0x0][0x0][0x0][0x0][0x0][0x0][0x0][0x0][0x0][0x0][0x0][0x0][0x0][0x0][0x0][0x0][0x0][0x0][0x0][0x0][0x0][0x0][0x0][0x0][0x0][0x0][0x0][0x0][0x0][0x0][0x0]0100644 0000765 0000000 00000003240 14412423270 016735[0x0] 0[0x0][0x0][0x0][0x0][0x0][0x0][0x0][0x0][0x0][0x0][0x0][0x0][0x0][0x0][0x0][0x0][0x0][0x0][0x0][0x0][0x0][0x0][0x0][0x0][0x0][0x0][0x0][0x0][0x0][0x0][0x0][0x0][0x0][0x0][0x0][0x0][0x0][0x0][0x0][0x0][0x0][0x0][0x0][0x0][0x0][0x0][0x0][0x0][0x0][0x0][0x0][0x0][0x0][0x0][0x0][0x0][0x0][0x0][0x0][0x0][0x0][0x0][0x0][0x0][0x0][0x0][0x0][0x0][0x0][0x0][0x0][0x0][0x0][0x0][0x0][0x0][0x0][0x0][0x0][0x0][0x0][0x0][0x0][0x0][0x0][0x0][0x0][0x0][0x0][0x0][0x0][0x0][0x0][0x0][0x0][0x0][0x0][0x0][0x0][0x0]ustar[0x0]00raderleao[0x0][0x0][0x0][0x0][0x0][0x0][0x0][0x0][0x0][0x0][0x0][0x0][0x0][0x0][0x0][0x0][0x0][0x0][0x0][0x0][0x0][0x0][0x0]wheel[0x0][0x0][0x0][0x0][0x0][0x0][0x0][0x0][0x0][0x0][0x0][0x0][0x0][0x0][0x0][0x0][0x0][0x0][0x0][0x0][0x0][0x0][0x0][0x0][0x0][0x0][0x0]0000000 0000000 [0x0][0x0][0x0][0x0][0x0][0x0][0x0][0x0][0x0][0x0][0x0][0x0][0x0][0x0][0x0][0x0][0x0][0x0][0x0][0x0][0x0][0x0][0x0][0x0][0x0][0x0][0x0][0x0][0x0][0x0][0x0][0x0][0x0][0x0][0x0][0x0][0x0][0x0][0x0][0x0][0x0][0x0][0x0][0x0][0x0][0x0][0x0][0x0][0x0][0x0][0x0][0x0][0x0][0x0][0x0][0x0][0x0][0x0][0x0][0x0][0x0][0x0][0x0][0x0][0x0][0x0][0x0][0x0][0x0][0x0][0x0][0x0][0x0][0x0][0x0][0x0][0x0][0x0][0x0][0x0][0x0][0x0][0x0][0x0][0x0][0x0][0x0][0x0][0x0][0x0][0x0][0x0][0x0][0x0][0x0][0x0][0x0][0x0][0x0][0x0][0x0][0x0][0x0][0x0][0x0][0x0][0x0][0x0][0x0][0x0][0x0][0x0][0x0][0x0][0x0][0x0][0x0][0x0][0x0][0x0][0x0][0x0][0x0][0x0][0x0][0x0][0x0][0x0][0x0][0x0][0x0][0x0][0x0][0x0][0x0][0x0][0x0][0x0][0x0][0x0][0x0][0x0][0x0][0x0][0x0][0x0][0x0][0x0][0x0][0x0][0x0][0x0][0x0][0x0][0x0][0x0][0x0][0x0][0x0][0x0][0x0][0x0][0x0][0x0][0x0][0x0][0x0][mysqld][\n]"
22:07:04.243 [Test worker] DEBUG com.github.dockerjava.zerodep.shaded.org.apache.hc.client5.http.wire - http-outgoing-1 >> "user = mysql[\n]"
22:07:04.243 [Test worker] DEBUG com.github.dockerjava.zerodep.shaded.org.apache.hc.client5.http.wire - http-outgoing-1 >> "datadir = /var/lib/mysql[\n]"
22:07:04.243 [Test worker] DEBUG com.github.dockerjava.zerodep.shaded.org.apache.hc.client5.http.wire - http-outgoing-1 >> "port   [0x9][0x9]= 3306[\n]"
22:07:04.243 [Test worker] DEBUG com.github.dockerjava.zerodep.shaded.org.apache.hc.client5.http.wire - http-outgoing-1 >> "#socket [0x9][0x9]= /tmp/mysql.sock[\n]"
22:07:04.243 [Test worker] DEBUG com.github.dockerjava.zerodep.shaded.org.apache.hc.client5.http.wire - http-outgoing-1 >> "skip-external-locking[\n]"
22:07:04.243 [Test worker] DEBUG com.github.dockerjava.zerodep.shaded.org.apache.hc.client5.http.wire - http-outgoing-1 >> "key_buffer_size = 16K[\n]"
22:07:04.243 [Test worker] DEBUG com.github.dockerjava.zerodep.shaded.org.apache.hc.client5.http.wire - http-outgoing-1 >> "max_allowed_packet = 1M[\n]"
22:07:04.243 [Test worker] DEBUG com.github.dockerjava.zerodep.shaded.org.apache.hc.client5.http.wire - http-outgoing-1 >> "table_open_cache = 4[\n]"
22:07:04.243 [Test worker] DEBUG com.github.dockerjava.zerodep.shaded.org.apache.hc.client5.http.wire - http-outgoing-1 >> "sort_buffer_size = 64K[\n]"
22:07:04.243 [Test worker] DEBUG com.github.dockerjava.zerodep.shaded.org.apache.hc.client5.http.wire - http-outgoing-1 >> "read_buffer_size = 256K[\n]"
22:07:04.243 [Test worker] DEBUG com.github.dockerjava.zerodep.shaded.org.apache.hc.client5.http.wire - http-outgoing-1 >> "read_rnd_buffer_size = 256K[\n]"
22:07:04.243 [Test worker] DEBUG com.github.dockerjava.zerodep.shaded.org.apache.hc.client5.http.wire - http-outgoing-1 >> "net_buffer_length = 2K[\n]"
22:07:04.243 [Test worker] DEBUG com.github.dockerjava.zerodep.shaded.org.apache.hc.client5.http.wire - http-outgoing-1 >> "skip-host-cache[\n]"
22:07:04.243 [Test worker] DEBUG com.github.dockerjava.zerodep.shaded.org.apache.hc.client5.http.wire - http-outgoing-1 >> "skip-name-resolve[\n]"
22:07:04.243 [Test worker] DEBUG com.github.dockerjava.zerodep.shaded.org.apache.hc.client5.http.wire - http-outgoing-1 >> "[\n]"
22:07:04.243 [Test worker] DEBUG com.github.dockerjava.zerodep.shaded.org.apache.hc.client5.http.wire - http-outgoing-1 >> "# Don't listen on a TCP/IP port at all. This can be a security enhancement,[\n]"
22:07:04.243 [Test worker] DEBUG com.github.dockerjava.zerodep.shaded.org.apache.hc.client5.http.wire - http-outgoing-1 >> "# if all processes that need to connect to mysqld run on the same host.[\n]"
22:07:04.243 [Test worker] DEBUG com.github.dockerjava.zerodep.shaded.org.apache.hc.client5.http.wire - http-outgoing-1 >> "# All interaction with mysqld must be made via Unix sockets or named pipes.[\n]"
22:07:04.243 [Test worker] DEBUG com.github.dockerjava.zerodep.shaded.org.apache.hc.client5.http.wire - http-outgoing-1 >> "# Note that using this option without enabling named pipes on Windows[\n]"
22:07:04.243 [Test worker] DEBUG com.github.dockerjava.zerodep.shaded.org.apache.hc.client5.http.wire - http-outgoing-1 >> "# (using the "enable-named-pipe" option) will render mysqld useless![\n]"
22:07:04.243 [Test worker] DEBUG com.github.dockerjava.zerodep.shaded.org.apache.hc.client5.http.wire - http-outgoing-1 >> "#[\n]"
22:07:04.243 [Test worker] DEBUG com.github.dockerjava.zerodep.shaded.org.apache.hc.client5.http.wire - http-outgoing-1 >> "#skip-networking[\n]"
22:07:04.243 [Test worker] DEBUG com.github.dockerjava.zerodep.shaded.org.apache.hc.client5.http.wire - http-outgoing-1 >> "#server-id      [0x9]= 1[\n]"
22:07:04.243 [Test worker] DEBUG com.github.dockerjava.zerodep.shaded.org.apache.hc.client5.http.wire - http-outgoing-1 >> "[\n]"
22:07:04.243 [Test worker] DEBUG com.github.dockerjava.zerodep.shaded.org.apache.hc.client5.http.wire - http-outgoing-1 >> "# Uncomment the following if you want to log updates[\n]"
22:07:04.244 [Test worker] DEBUG com.github.dockerjava.zerodep.shaded.org.apache.hc.client5.http.wire - http-outgoing-1 >> "#log-bin=mysql-bin[\n]"
22:07:04.244 [Test worker] DEBUG com.github.dockerjava.zerodep.shaded.org.apache.hc.client5.http.wire - http-outgoing-1 >> "[\n]"
22:07:04.244 [Test worker] DEBUG com.github.dockerjava.zerodep.shaded.org.apache.hc.client5.http.wire - http-outgoing-1 >> "# binary logging format - mixed recommended[\n]"
22:07:04.244 [Test worker] DEBUG com.github.dockerjava.zerodep.shaded.org.apache.hc.client5.http.wire - http-outgoing-1 >> "#binlog_format=mixed[\n]"
22:07:04.244 [Test worker] DEBUG com.github.dockerjava.zerodep.shaded.org.apache.hc.client5.http.wire - http-outgoing-1 >> "[\n]"
22:07:04.244 [Test worker] DEBUG com.github.dockerjava.zerodep.shaded.org.apache.hc.client5.http.wire - http-outgoing-1 >> "# Causes updates to non-transactional engines using statement format to be[\n]"
22:07:04.244 [Test worker] DEBUG com.github.dockerjava.zerodep.shaded.org.apache.hc.client5.http.wire - http-outgoing-1 >> "# written directly to binary log. Before using this option make sure that[\n]"
22:07:04.244 [Test worker] DEBUG com.github.dockerjava.zerodep.shaded.org.apache.hc.client5.http.wire - http-outgoing-1 >> "# there are no depe[\r][\n]"
22:07:04.244 [Test worker] DEBUG com.github.dockerjava.zerodep.shaded.org.apache.hc.client5.http.wire - http-outgoing-1 >> "800[\r][\n]"
22:07:04.244 [Test worker] DEBUG com.github.dockerjava.zerodep.shaded.org.apache.hc.client5.http.wire - http-outgoing-1 >> "ndencies between transactional and non-transactional[\n]"
22:07:04.244 [Test worker] DEBUG com.github.dockerjava.zerodep.shaded.org.apache.hc.client5.http.wire - http-outgoing-1 >> "# tables such as in the statement INSERT INTO t_myisam SELECT * FROM[\n]"
22:07:04.244 [Test worker] DEBUG com.github.dockerjava.zerodep.shaded.org.apache.hc.client5.http.wire - http-outgoing-1 >> "# t_innodb; otherwise, slaves may diverge from the master.[\n]"
22:07:04.244 [Test worker] DEBUG com.github.dockerjava.zerodep.shaded.org.apache.hc.client5.http.wire - http-outgoing-1 >> "#binlog_direct_non_transactional_updates=TRUE[\n]"
22:07:04.244 [Test worker] DEBUG com.github.dockerjava.zerodep.shaded.org.apache.hc.client5.http.wire - http-outgoing-1 >> "[\n]"
22:07:04.245 [Test worker] DEBUG com.github.dockerjava.zerodep.shaded.org.apache.hc.client5.http.wire - http-outgoing-1 >> "# Uncomment the following if you are using InnoDB tables[\n]"
22:07:04.245 [Test worker] DEBUG com.github.dockerjava.zerodep.shaded.org.apache.hc.client5.http.wire - http-outgoing-1 >> "innodb_data_file_path = ibdata1:10M:autoextend[\n]"
22:07:04.245 [Test worker] DEBUG com.github.dockerjava.zerodep.shaded.org.apache.hc.client5.http.wire - http-outgoing-1 >> "# You can set .._buffer_pool_size up to 50 - 80 %[\n]"
22:07:04.245 [Test worker] DEBUG com.github.dockerjava.zerodep.shaded.org.apache.hc.client5.http.wire - http-outgoing-1 >> "# of RAM but beware of setting memory usage too high[\n]"
22:07:04.245 [Test worker] DEBUG com.github.dockerjava.zerodep.shaded.org.apache.hc.client5.http.wire - http-outgoing-1 >> "innodb_buffer_pool_size = 16M[\n]"
22:07:04.245 [Test worker] DEBUG com.github.dockerjava.zerodep.shaded.org.apache.hc.client5.http.wire - http-outgoing-1 >> "#innodb_additional_mem_pool_size = 2M[\n]"
22:07:04.245 [Test worker] DEBUG com.github.dockerjava.zerodep.shaded.org.apache.hc.client5.http.wire - http-outgoing-1 >> "# Set .._log_file_size to 25 % of buffer pool size[\n]"
22:07:04.245 [Test worker] DEBUG com.github.dockerjava.zerodep.shaded.org.apache.hc.client5.http.wire - http-outgoing-1 >> "innodb_log_file_size = 5M[\n]"
22:07:04.245 [Test worker] DEBUG com.github.dockerjava.zerodep.shaded.org.apache.hc.client5.http.wire - http-outgoing-1 >> "innodb_log_buffer_size = 8M[\n]"
22:07:04.245 [Test worker] DEBUG com.github.dockerjava.zerodep.shaded.org.apache.hc.client5.http.wire - http-outgoing-1 >> "innodb_flush_log_at_trx_commit = 1[\n]"
22:07:04.245 [Test worker] DEBUG com.github.dockerjava.zerodep.shaded.org.apache.hc.client5.http.wire - http-outgoing-1 >> "innodb_lock_wait_timeout = 50[0x0][0x0][0x0][0x0][0x0][0x0][0x0][0x0][0x0][0x0][0x0][0x0][0x0][0x0][0x0][0x0][0x0][0x0][0x0][0x0][0x0][0x0][0x0][0x0][0x0][0x0][0x0][0x0][0x0][0x0][0x0][0x0][0x0][0x0][0x0][0x0][0x0][0x0][0x0][0x0][0x0][0x0][0x0][0x0][0x0][0x0][0x0][0x0][0x0][0x0][0x0][0x0][0x0][0x0][0x0][0x0][0x0][0x0][0x0][0x0][0x0][0x0][0x0][0x0][0x0][0x0][0x0][0x0][0x0][0x0][0x0][0x0][0x0][0x0][0x0][0x0][0x0][0x0][0x0][0x0][0x0][0x0][0x0][0x0][0x0][0x0][0x0][0x0][0x0][0x0][0x0][0x0][0x0][0x0][0x0][0x0][0x0][0x0][0x0][0x0][0x0][0x0][0x0][0x0][0x0][0x0][0x0][0x0][0x0][0x0][0x0][0x0][0x0][0x0][0x0][0x0][0x0][0x0][0x0][0x0][0x0][0x0][0x0][0x0][0x0][0x0][0x0][0x0][0x0][0x0][0x0][0x0][0x0][0x0][0x0][0x0][0x0][0x0][0x0][0x0][0x0][0x0][0x0][0x0][0x0][0x0][0x0][0x0][0x0][0x0][0x0][0x0][0x0][0x0][0x0][0x0][0x0][0x0][0x0][0x0][0x0][0x0][0x0][0x0][0x0][0x0][0x0][0x0][0x0][0x0][0x0][0x0][0x0][0x0][0x0][0x0][0x0][0x0][0x0][0x0][0x0][0x0][0x0][0x0][0x0][0x0][0x0][0x0][0x0][0x0][0x0][0x0][0x0][0x0][0x0][0x0][0x0][0x0][0x0][0x0][0x0][0x0][0x0][0x0][0x0][0x0][0x0][0x0][0x0][0x0][0x0][0x0][0x0][0x0][0x0][0x0][0x0][0x0][0x0][0x0][0x0][0x0][0x0][0x0][0x0][0x0][0x0][0x0][0x0][0x0][0x0][0x0][0x0][0x0][0x0][0x0][0x0][0x0][0x0][0x0][0x0][0x0][0x0][0x0][0x0][0x0][0x0][0x0][0x0][0x0][0x0][0x0][0x0][0x0][0x0][0x0][0x0][0x0][0x0][0x0][0x0][0x0][0x0][0x0][0x0][0x0][0x0][0x0][0x0][0x0][0x0][0x0][0x0][0x0][0x0][0x0][0x0][0x0][0x0][0x0][0x0][0x0][0x0][0x0][0x0][0x0][0x0][0x0][0x0][0x0][0x0][0x0][0x0][0x0][0x0][0x0][0x0][0x0][0x0][0x0][0x0][0x0][0x0][0x0][0x0][0x0][0x0][0x0][0x0][0x0][0x0][0x0][0x0][0x0][0x0][0x0][0x0][0x0][0x0][0x0][0x0][0x0][0x0][0x0][0x0][0x0][0x0][0x0][0x0][0x0][0x0][0x0][0x0][0x0][0x0][0x0][0x0][0x0][0x0][0x0][0x0][0x0][0x0][0x0][0x0][0x0][0x0][0x0][0x0][0x0][0x0][0x0][0x0][0x0][0x0][0x0][0x0][0x0][0x0][0x0][0x0][0x0][0x0][0x0][0x0][0x0][0x0][0x0][0x0][0x0][0x0][0x0][0x0][0x0][0x0][0x0][0x0][0x0][0x0][0x0][0x0][0x0][0x0][0x0][0x0][0x0][0x0][0x0][0x0][0x0][0x0][0x0][0x0][0x0][0x0][0x0][0x0][0x0][0x0][0x0][0x0][0x0][0x0][0x0][0x0][0x0][0x0][0x0][0x0][0x0][0x0][0x0][0x0][0x0][0x0][0x0][0x0][0x0][0x0][0x0][0x0][0x0][0x0][0x0][0x0][0x0][0x0][0x0][0x0][0x0][0x0][0x0][0x0][0x0][0x0][0x0][0x0][0x0][0x0][0x0][0x0][0x0][0x0][0x0][0x0][0x0][0x0][0x0][0x0][0x0][0x0][0x0][0x0][0x0][0x0][0x0][0x0][0x0][0x0][0x0][0x0][0x0][0x0][0x0][0x0][0x0][0x0][0x0][0x0][0x0][0x0][0x0][0x0][0x0][0x0][0x0][0x0][0x0][0x0][0x0][0x0][0x0][0x0][0x0][0x0][0x0][0x0][0x0][0x0][0x0][0x0][0x0][0x0][0x0][0x0][0x0][0x0][0x0][0x0][0x0][0x0][0x0][0x0][0x0][0x0][0x0][0x0][0x0][0x0][0x0][0x0][0x0][0x0][0x0][0x0][0x0][0x0][0x0][0x0][0x0][0x0][0x0][0x0][0x0][0x0][0x0][0x0][0x0][0x0][0x0][0x0][0x0][0x0][0x0][0x0][0x0][0x0][0x0][0x0][0x0][0x0][0x0][0x0][0x0][0x0][0x0][0x0][0x0][0x0][0x0][0x0][0x0][0x0][0x0][0x0][0x0][0x0][0x0][0x0][0x0][0x0][0x0][0x0][0x0][0x0][0x0][0x0][0x0][0x0][0x0][0x0][0x0][0x0][0x0][0x0][0x0][0x0][0x0][0x0][0x0][0x0][0x0][0x0][0x0][0x0][0x0][0x0][0x0][0x0][0x0][0x0][0x0][0x0][0x0][0x0][0x0][0x0][0x0][0x0][0x0][0x0][0x0][0x0][0x0][0x0][0x0][0x0][0x0][0x0][0x0][0x0][0x0][0x0][0x0][0x0][0x0][0x0][0x0][0x0][0x0][0x0][0x0][0x0][0x0][0x0][0x0][0x0][0x0][0x0][0x0][0x0][0x0][0x0][0x0][0x0][0x0][0x0][0x0][0x0][0x0][0x0][0x0][0x0][0x0][0x0][0x0][0x0][0x0][0x0][0x0][0x0][0x0][0x0][0x0][0x0][0x0][0x0][0x0][0x0][0x0][0x0][0x0][0x0][0x0][0x0][0x0][0x0][0x0][0x0][0x0][0x0][0x0][0x0][0x0][0x0][0x0][0x0][0x0][0x0][0x0][0x0][0x0][0x0][0x0][0x0][0x0][0x0][0x0][0x0][0x0][0x0][0x0][0x0][0x0][0x0][0x0][0x0][0x0][0x0][0x0][0x0][0x0][0x0][0x0][0x0][0x0][0x0][0x0][0x0][0x0][0x0][0x0][0x0][0x0][0x0][0x0][0x0][0x0][0x0][0x0][0x0][0x0][0x0][0x0][0x0][0x0][0x0][0x0][0x0][0x0][0x0][0x0][0x0][0x0][0x0][0x0][0x0][0x0][0x0][0x0][0x0][0x0][0x0][0x0][0x0][0x0][0x0][0x0][0x0][0x0][0x0][0x0][0x0][0x0][0x0][0x0][0x0][0x0][0x0][0x0][0x0][0x0][0x0][0x0][0x0][0x0][0x0][0x0][0x0][0x0][0x0][0x0][0x0][0x0][0x0][0x0][0x0][0x0][0x0][0x0][0x0][0x0][0x0][0x0][0x0][0x0][0x0][0x0][0x0][0x0][0x0][0x0][0x0][0x0][0x0][0x0][0x0][0x0][0x0][0x0][0x0][0x0][0x0][0x0][0x0][0x0][0x0][0x0][0x0][0x0][0x0][0x0][0x0][0x0][0x0][0x0][0x0][0x0][0x0][0x0][0x0][0x0][0x0][0x0][0x0][0x0][0x0][0x0][0x0][0x0][0x0][0x0][0x0][0x0][0x0][0x0][0x0][0x0][0x0][0x0][0x0][0x0][0x0][0x0][0x0][0x0][0x0][0x0][0x0][0x0][0x0][0x0][0x0][0x0][0x0][0x0][0x0][0x0][0x0][0x0][0x0][0x0][0x0][0x0][0x0][0x0][0x0][0x0][0x0][0x0][0x0][0x0][0x0][0x0][0x0][0x0][0x0][0x0][0x0][0x0][0x0][0x0][0x0][0x0][0x0][0x0][0x0][0x0][0x0][0x0][0x0][0x0][0x0][0x0][0x0][0x0][0x0][0x0][0x0][0x0][0x0][0x0][0x0][0x0][0x0][0x0][0x0][0x0][0x0][0x0][0x0][0x0][0x0][0x0][0x0][0x0][0x0][0x0][0x0][0x0][0x0][0x0][0x0][0x0][0x0][0x0][0x0][0x0][0x0][0x0][0x0][0x0][0x0][0x0][0x0][0x0][0x0][0x0][0x0][0x0][0x0][0x0][0x0][0x0][0x0][0x0][0x0][0x0][0x0][0x0][0x0][0x0][0x0][0x0][0x0][0x0][0x0][0x0][0x0][0x0][0x0][0x0][0x0][0x0][0x0][0x0][0x0][0x0][0x0][0x0][0x0][0x0][0x0][0x0][0x0][0x0][0x0][0x0][0x0][0x0][0x0][0x0][0x0][0x0][0x0][0x0][0x0][0x0][0x0][0x0][0x0][0x0][0x0][0x0][0x0][0x0][0x0][0x0][0x0][0x0][0x0][0x0][0x0][0x0][0x0][0x0][0x0][0x0][0x0][0x0][0x0][0x0][0x0][0x0][0x0][0x0][0x0][0x0][0x0][0x0][0x0][0x0][0x0][0x0][0x0][0x0][0x0][0x0][0x0][0x0][0x0][0x0][0x0][0x0][0x0][0x0][0x0][0x0][0x0][0x0][0x0][0x0][0x0][0x0][0x0][0x0][0x0][0x0][0x0][0x0][0x0][0x0][0x0][0x0][0x0][0x0][0x0][0x0][0x0][0x0][0x0][0x0][0x0][0x0][0x0][0x0][0x0][0x0][0x0][0x0][0x0][0x0][0x0][0x0][0x0][0x0][0x0][0x0][0x0][0x0][0x0][0x0][0x0][0x0][0x0][0x0][0x0][0x0][0x0][0x0][0x0][0x0][0x0][0x0][0x0][0x0][0x0][0x0][0x0][0x0][0x0][0x0][0x0][0x0][0x0][0x0][0x0][0x0][0x0][0x0][0x0][0x0][0x0][0x0][0x0][0x0][0x0][0x0][0x0][0x0][0x0][0x0][0x0][0x0][0x0][0x0][0x0][0x0][0x0][0x0][0x0][0x0][0x0][0x0][0x0][0x0][0x0][0x0][0x0][0x0][0x0][0x0][0x0][0x0][0x0][0x0][0x0][0x0][0x0][0x0][0x0][0x0][0x0][0x0][0x0][0x0][0x0][0x0][0x0][0x0][0x0][0x0][0x0][0x0][0x0][0x0][0x0][0x0][0x0][0x0][0x0][0x0][0x0][0x0][0x0][0x0][0x0][0x0][0x0][0x0][0x0][0x0][0x0][0x0][0x0][0x0][0x0][0x0][0x0][0x0][0x0][0x0][0x0][0x0][0x0][0x0][0x0][0x0][0x0][0x0][0x0][0x0][0x0][0x0][0x0][0x0][0x0][0x0][0x0][0x0][0x0][0x0][0x0][0x0][0x0][0x0][0x0][0x0][0x0][0x0][0x0][0x0][0x0][0x0][0x0][0x0][0x0][0x0][0x0][0x0][0x0][0x0][0x0][0x0][0x0][0x0][0x0][0x0][0x0][0x0][0x0][0x0][0x0][0x0][0x0][0x0][0x0][0x0][0x0][0x0][0x0][0x0][0x0][0x0][0x0][0x0][0x0][0x0][0x0][0x0][0x0][0x0][0x0][0x0][0x0][0x0][0x0][0x0][0x0][0x0][0x0][0x0][0x0][0x0][0x0][0x0][0x0][0x0][0x0][0x0][0x0][0x0][0x0][0x0][0x0][0x0][0x0][0x0][0x0][0x0][0x0][0x0][0x0][0x0][0x0][0x0][0x0][0x0][0x0][0x0][0x0][0x0][0x0][0x0][0x0][0x0][0x0][0x0][0x0][0x0][0x0][0x0][0x0][0x0][0x0][0x0][0x0][0x0][0x0][0x0][0x0][0x0][0x0][0x0][0x0][0x0][0x0][0x0][0x0][0x0][0x0][0x0][0x0][0x0][0x0][0x0][0x0][0x0][0x0][0x0][0x0][0x0][0x0][0x0][0x0][0x0][0x0][0x0][0x0][0x0][0x0][0x0][0x0][0x0][0x0][0x0][0x0][0x0][0x0][0x0][0x0][0x0][0x0][0x0][0x0][0x0][0x0][0x0][0x0][0x0][0x0][0x0][0x0][0x0][0x0][0x0][\r][\n]"
22:07:04.246 [Test worker] DEBUG com.github.dockerjava.zerodep.shaded.org.apache.hc.client5.http.wire - http-outgoing-1 >> "0[\r][\n]"
22:07:04.246 [Test worker] DEBUG com.github.dockerjava.zerodep.shaded.org.apache.hc.client5.http.wire - http-outgoing-1 >> "[\r][\n]"
22:07:04.298 [Test worker] DEBUG com.github.dockerjava.zerodep.shaded.org.apache.hc.client5.http.wire - http-outgoing-1 << "HTTP/1.1 200 OK[\r][\n]"
22:07:04.298 [Test worker] DEBUG com.github.dockerjava.zerodep.shaded.org.apache.hc.client5.http.wire - http-outgoing-1 << "Api-Version: 1.41[\r][\n]"
22:07:04.298 [Test worker] DEBUG com.github.dockerjava.zerodep.shaded.org.apache.hc.client5.http.wire - http-outgoing-1 << "Date: Mon, 03 Apr 2023 01:07:04 GMT[\r][\n]"
22:07:04.298 [Test worker] DEBUG com.github.dockerjava.zerodep.shaded.org.apache.hc.client5.http.wire - http-outgoing-1 << "Docker-Experimental: false[\r][\n]"
22:07:04.298 [Test worker] DEBUG com.github.dockerjava.zerodep.shaded.org.apache.hc.client5.http.wire - http-outgoing-1 << "Ostype: linux[\r][\n]"
22:07:04.298 [Test worker] DEBUG com.github.dockerjava.zerodep.shaded.org.apache.hc.client5.http.wire - http-outgoing-1 << "Server: Docker/20.10.21 (linux)[\r][\n]"
22:07:04.298 [Test worker] DEBUG com.github.dockerjava.zerodep.shaded.org.apache.hc.client5.http.wire - http-outgoing-1 << "Transfer-Encoding: chunked[\r][\n]"
22:07:04.298 [Test worker] DEBUG com.github.dockerjava.zerodep.shaded.org.apache.hc.client5.http.wire - http-outgoing-1 << "[\r][\n]"
22:07:04.299 [Test worker] DEBUG com.github.dockerjava.zerodep.shaded.org.apache.hc.client5.http.headers - http-outgoing-1 << HTTP/1.1 200 OK
22:07:04.299 [Test worker] DEBUG com.github.dockerjava.zerodep.shaded.org.apache.hc.client5.http.headers - http-outgoing-1 << Api-Version: 1.41
22:07:04.299 [Test worker] DEBUG com.github.dockerjava.zerodep.shaded.org.apache.hc.client5.http.headers - http-outgoing-1 << Date: Mon, 03 Apr 2023 01:07:04 GMT
22:07:04.299 [Test worker] DEBUG com.github.dockerjava.zerodep.shaded.org.apache.hc.client5.http.headers - http-outgoing-1 << Docker-Experimental: false
22:07:04.299 [Test worker] DEBUG com.github.dockerjava.zerodep.shaded.org.apache.hc.client5.http.headers - http-outgoing-1 << Ostype: linux
22:07:04.299 [Test worker] DEBUG com.github.dockerjava.zerodep.shaded.org.apache.hc.client5.http.headers - http-outgoing-1 << Server: Docker/20.10.21 (linux)
22:07:04.299 [Test worker] DEBUG com.github.dockerjava.zerodep.shaded.org.apache.hc.client5.http.headers - http-outgoing-1 << Transfer-Encoding: chunked
22:07:04.299 [Test worker] DEBUG com.github.dockerjava.zerodep.shaded.org.apache.hc.client5.http.impl.classic.MainClientExec - ex-00000009: connection can be kept alive for 3 MINUTES
22:07:04.299 [Test worker] DEBUG com.github.dockerjava.zerodep.shaded.org.apache.hc.client5.http.impl.classic.ProtocolExec - ex-00000009: Cannot retry non-repeatable request
22:07:04.299 [Test worker] DEBUG com.github.dockerjava.zerodep.shaded.org.apache.hc.client5.http.impl.classic.HttpRequestRetryExec - ex-00000009: cannot retry non-repeatable request
22:07:04.299 [Test worker] DEBUG com.github.dockerjava.zerodep.shaded.org.apache.hc.client5.http.impl.classic.InternalHttpClient - ep-00000008: cancel
22:07:04.299 [Test worker] DEBUG com.github.dockerjava.zerodep.shaded.org.apache.hc.client5.http.impl.io.DefaultManagedHttpClientConnection - http-outgoing-1: close connection IMMEDIATE
22:07:04.299 [Test worker] DEBUG com.github.dockerjava.zerodep.shaded.org.apache.hc.client5.http.impl.classic.InternalHttpClient - ep-00000008: endpoint closed
22:07:04.299 [Test worker] DEBUG com.github.dockerjava.zerodep.shaded.org.apache.hc.client5.http.impl.classic.InternalHttpClient - ep-00000008: discarding endpoint
22:07:04.299 [Test worker] DEBUG com.github.dockerjava.zerodep.shaded.org.apache.hc.client5.http.impl.io.PoolingHttpClientConnectionManager - ep-00000008: releasing endpoint
22:07:04.299 [Test worker] DEBUG com.github.dockerjava.zerodep.shaded.org.apache.hc.client5.http.impl.io.PoolingHttpClientConnectionManager - ep-00000008: connection is not kept alive
22:07:04.299 [Test worker] DEBUG com.github.dockerjava.zerodep.shaded.org.apache.hc.client5.http.impl.io.PoolingHttpClientConnectionManager - ep-00000008: connection released [route: {}->unix://localhost:2375][total available: 0; route allocated: 0 of 2147483647; total allocated: 0 of 2147483647]
22:07:04.299 [Test worker] DEBUG com.github.dockerjava.zerodep.shaded.org.apache.hc.client5.http.wire - http-outgoing-1 << "[read] I/O error: null"
22:07:04.299 [Test worker] DEBUG com.github.dockerjava.zerodep.ApacheDockerHttpClientImpl$ApacheResponse - Failed to close the response
java.nio.channels.ClosedChannelException: null
	at java.base/sun.nio.ch.SocketChannelImpl.ensureOpenAndConnected(SocketChannelImpl.java:215)
	at java.base/sun.nio.ch.SocketChannelImpl.read(SocketChannelImpl.java:403)
	at java.base/sun.nio.ch.ChannelInputStream.read(ChannelInputStream.java:59)
	at java.base/sun.nio.ch.ChannelInputStream.read(ChannelInputStream.java:107)
	at java.base/sun.nio.ch.ChannelInputStream.read(ChannelInputStream.java:101)
	at com.github.dockerjava.zerodep.shaded.org.apache.hc.client5.http.impl.io.LoggingInputStream.read(LoggingInputStream.java:81)
	at com.github.dockerjava.zerodep.shaded.org.apache.hc.core5.http.impl.io.SessionInputBufferImpl.fillBuffer(SessionInputBufferImpl.java:149)
	at com.github.dockerjava.zerodep.shaded.org.apache.hc.core5.http.impl.io.SessionInputBufferImpl.readLine(SessionInputBufferImpl.java:280)
	at com.github.dockerjava.zerodep.shaded.org.apache.hc.core5.http.impl.io.ChunkedInputStream.getChunkSize(ChunkedInputStream.java:261)
	at com.github.dockerjava.zerodep.shaded.org.apache.hc.core5.http.impl.io.ChunkedInputStream.nextChunk(ChunkedInputStream.java:222)
	at com.github.dockerjava.zerodep.shaded.org.apache.hc.core5.http.impl.io.ChunkedInputStream.read(ChunkedInputStream.java:183)
	at com.github.dockerjava.zerodep.shaded.org.apache.hc.core5.http.impl.io.ChunkedInputStream.read(ChunkedInputStream.java:210)
	at com.github.dockerjava.zerodep.shaded.org.apache.hc.core5.http.impl.io.ChunkedInputStream.close(ChunkedInputStream.java:319)
	at com.github.dockerjava.zerodep.shaded.org.apache.hc.core5.io.Closer.close(Closer.java:48)
	at com.github.dockerjava.zerodep.shaded.org.apache.hc.core5.http.impl.io.IncomingHttpEntity.close(IncomingHttpEntity.java:111)
	at com.github.dockerjava.zerodep.shaded.org.apache.hc.core5.http.io.entity.HttpEntityWrapper.close(HttpEntityWrapper.java:120)
	at com.github.dockerjava.zerodep.shaded.org.apache.hc.core5.io.Closer.close(Closer.java:48)
	at com.github.dockerjava.zerodep.shaded.org.apache.hc.core5.http.message.BasicClassicHttpResponse.close(BasicClassicHttpResponse.java:93)
	at com.github.dockerjava.zerodep.shaded.org.apache.hc.client5.http.impl.classic.CloseableHttpResponse.close(CloseableHttpResponse.java:200)
	at com.github.dockerjava.zerodep.ApacheDockerHttpClientImpl$ApacheResponse.close(ApacheDockerHttpClientImpl.java:256)
	at org.testcontainers.shaded.com.github.dockerjava.core.DefaultInvocationBuilder.put(DefaultInvocationBuilder.java:223)
	at org.testcontainers.shaded.com.github.dockerjava.core.exec.CopyArchiveToContainerCmdExec.execute(CopyArchiveToContainerCmdExec.java:32)
	at org.testcontainers.shaded.com.github.dockerjava.core.exec.CopyArchiveToContainerCmdExec.execute(CopyArchiveToContainerCmdExec.java:13)
	at org.testcontainers.shaded.com.github.dockerjava.core.exec.AbstrSyncDockerCmdExec.exec(AbstrSyncDockerCmdExec.java:21)
	at org.testcontainers.shaded.com.github.dockerjava.core.command.AbstrDockerCmd.exec(AbstrDockerCmd.java:35)
	at org.testcontainers.shaded.com.github.dockerjava.core.command.CopyArchiveToContainerCmdImpl.exec(CopyArchiveToContainerCmdImpl.java:154)
	at org.testcontainers.containers.ContainerState.copyFileToContainer(ContainerState.java:298)
	at org.testcontainers.containers.ContainerState.copyFileToContainer(ContainerState.java:267)
	at java.base/java.util.LinkedHashMap.forEach(LinkedHashMap.java:721)
	at org.testcontainers.containers.GenericContainer.tryStart(GenericContainer.java:430)
	at org.testcontainers.containers.GenericContainer.lambda$doStart$0(GenericContainer.java:344)
	at org.rnorth.ducttape.unreliables.Unreliables.retryUntilSuccess(Unreliables.java:81)
	at org.testcontainers.containers.GenericContainer.doStart(GenericContainer.java:334)
	at org.testcontainers.containers.GenericContainer.start(GenericContainer.java:322)
	at org.testcontainers.junit.jupiter.TestcontainersExtension$StoreAdapter.start(TestcontainersExtension.java:242)
	at org.testcontainers.junit.jupiter.TestcontainersExtension$StoreAdapter.access$200(TestcontainersExtension.java:229)
	at org.testcontainers.junit.jupiter.TestcontainersExtension.lambda$null$1(TestcontainersExtension.java:56)
	at org.junit.jupiter.engine.execution.ExtensionValuesStore.lambda$getOrComputeIfAbsent$4(ExtensionValuesStore.java:86)
	at org.junit.jupiter.engine.execution.ExtensionValuesStore$MemoizingSupplier.computeValue(ExtensionValuesStore.java:223)
	at org.junit.jupiter.engine.execution.ExtensionValuesStore$MemoizingSupplier.get(ExtensionValuesStore.java:211)
	at org.junit.jupiter.engine.execution.ExtensionValuesStore$StoredValue.evaluate(ExtensionValuesStore.java:191)
	at org.junit.jupiter.engine.execution.ExtensionValuesStore$StoredValue.access$100(ExtensionValuesStore.java:171)
	at org.junit.jupiter.engine.execution.ExtensionValuesStore.getOrComputeIfAbsent(ExtensionValuesStore.java:89)
	at org.junit.jupiter.engine.execution.NamespaceAwareStore.getOrComputeIfAbsent(NamespaceAwareStore.java:53)
	at org.testcontainers.junit.jupiter.TestcontainersExtension.lambda$beforeAll$2(TestcontainersExtension.java:56)
	at java.base/java.util.ArrayList.forEach(ArrayList.java:1511)
	at org.testcontainers.junit.jupiter.TestcontainersExtension.beforeAll(TestcontainersExtension.java:55)
	at org.junit.jupiter.engine.descriptor.ClassBasedTestDescriptor.lambda$invokeBeforeAllCallbacks$10(ClassBasedTestDescriptor.java:381)
	at org.junit.platform.engine.support.hierarchical.ThrowableCollector.execute(ThrowableCollector.java:73)
	at org.junit.jupiter.engine.descriptor.ClassBasedTestDescriptor.invokeBeforeAllCallbacks(ClassBasedTestDescriptor.java:381)
	at org.junit.jupiter.engine.descriptor.ClassBasedTestDescriptor.before(ClassBasedTestDescriptor.java:205)
	at org.junit.jupiter.engine.descriptor.ClassBasedTestDescriptor.before(ClassBasedTestDescriptor.java:80)
	at org.junit.platform.engine.support.hierarchical.NodeTestTask.lambda$executeRecursively$6(NodeTestTask.java:148)
	at org.junit.platform.engine.support.hierarchical.ThrowableCollector.execute(ThrowableCollector.java:73)
	at org.junit.platform.engine.support.hierarchical.NodeTestTask.lambda$executeRecursively$8(NodeTestTask.java:141)
	at org.junit.platform.engine.support.hierarchical.Node.around(Node.java:137)
	at org.junit.platform.engine.support.hierarchical.NodeTestTask.lambda$executeRecursively$9(NodeTestTask.java:139)
	at org.junit.platform.engine.support.hierarchical.ThrowableCollector.execute(ThrowableCollector.java:73)
	at org.junit.platform.engine.support.hierarchical.NodeTestTask.executeRecursively(NodeTestTask.java:138)
	at org.junit.platform.engine.support.hierarchical.NodeTestTask.execute(NodeTestTask.java:95)
	at java.base/java.util.ArrayList.forEach(ArrayList.java:1511)
	at org.junit.platform.engine.support.hierarchical.SameThreadHierarchicalTestExecutorService.invokeAll(SameThreadHierarchicalTestExecutorService.java:41)
	at org.junit.platform.engine.support.hierarchical.NodeTestTask.lambda$executeRecursively$6(NodeTestTask.java:155)
	at org.junit.platform.engine.support.hierarchical.ThrowableCollector.execute(ThrowableCollector.java:73)
	at org.junit.platform.engine.support.hierarchical.NodeTestTask.lambda$executeRecursively$8(NodeTestTask.java:141)
	at org.junit.platform.engine.support.hierarchical.Node.around(Node.java:137)
	at org.junit.platform.engine.support.hierarchical.NodeTestTask.lambda$executeRecursively$9(NodeTestTask.java:139)
	at org.junit.platform.engine.support.hierarchical.ThrowableCollector.execute(ThrowableCollector.java:73)
	at org.junit.platform.engine.support.hierarchical.NodeTestTask.executeRecursively(NodeTestTask.java:138)
	at org.junit.platform.engine.support.hierarchical.NodeTestTask.execute(NodeTestTask.java:95)
	at org.junit.platform.engine.support.hierarchical.SameThreadHierarchicalTestExecutorService.submit(SameThreadHierarchicalTestExecutorService.java:35)
	at org.junit.platform.engine.support.hierarchical.HierarchicalTestExecutor.execute(HierarchicalTestExecutor.java:57)
	at org.junit.platform.engine.support.hierarchical.HierarchicalTestEngine.execute(HierarchicalTestEngine.java:54)
	at org.junit.platform.launcher.core.EngineExecutionOrchestrator.execute(EngineExecutionOrchestrator.java:107)
	at org.junit.platform.launcher.core.EngineExecutionOrchestrator.execute(EngineExecutionOrchestrator.java:88)
	at org.junit.platform.launcher.core.EngineExecutionOrchestrator.lambda$execute$0(EngineExecutionOrchestrator.java:54)
	at org.junit.platform.launcher.core.EngineExecutionOrchestrator.withInterceptedStreams(EngineExecutionOrchestrator.java:67)
	at org.junit.platform.launcher.core.EngineExecutionOrchestrator.execute(EngineExecutionOrchestrator.java:52)
	at org.junit.platform.launcher.core.DefaultLauncher.execute(DefaultLauncher.java:114)
	at org.junit.platform.launcher.core.DefaultLauncher.execute(DefaultLauncher.java:86)
	at org.junit.platform.launcher.core.DefaultLauncherSession$DelegatingLauncher.execute(DefaultLauncherSession.java:86)
	at org.junit.platform.launcher.core.SessionPerRequestLauncher.execute(SessionPerRequestLauncher.java:53)
	at org.gradle.api.internal.tasks.testing.junitplatform.JUnitPlatformTestClassProcessor$CollectAllTestClassesExecutor.processAllTestClasses(JUnitPlatformTestClassProcessor.java:99)
	at org.gradle.api.internal.tasks.testing.junitplatform.JUnitPlatformTestClassProcessor$CollectAllTestClassesExecutor.access$000(JUnitPlatformTestClassProcessor.java:79)
	at org.gradle.api.internal.tasks.testing.junitplatform.JUnitPlatformTestClassProcessor.stop(JUnitPlatformTestClassProcessor.java:75)
	at org.gradle.api.internal.tasks.testing.SuiteTestClassProcessor.stop(SuiteTestClassProcessor.java:62)
	at java.base/jdk.internal.reflect.NativeMethodAccessorImpl.invoke0(Native Method)
	at java.base/jdk.internal.reflect.NativeMethodAccessorImpl.invoke(NativeMethodAccessorImpl.java:77)
	at java.base/jdk.internal.reflect.DelegatingMethodAccessorImpl.invoke(DelegatingMethodAccessorImpl.java:43)
	at java.base/java.lang.reflect.Method.invoke(Method.java:568)
	at org.gradle.internal.dispatch.ReflectionDispatch.dispatch(ReflectionDispatch.java:36)
	at org.gradle.internal.dispatch.ReflectionDispatch.dispatch(ReflectionDispatch.java:24)
	at org.gradle.internal.dispatch.ContextClassLoaderDispatch.dispatch(ContextClassLoaderDispatch.java:33)
	at org.gradle.internal.dispatch.ProxyDispatchAdapter$DispatchingInvocationHandler.invoke(ProxyDispatchAdapter.java:94)
	at jdk.proxy1/jdk.proxy1.$Proxy2.stop(Unknown Source)
	at org.gradle.api.internal.tasks.testing.worker.TestWorker$3.run(TestWorker.java:193)
	at org.gradle.api.internal.tasks.testing.worker.TestWorker.executeAndMaintainThreadName(TestWorker.java:129)
	at org.gradle.api.internal.tasks.testing.worker.TestWorker.execute(TestWorker.java:100)
	at org.gradle.api.internal.tasks.testing.worker.TestWorker.execute(TestWorker.java:60)
	at org.gradle.process.internal.worker.child.ActionExecutionWorker.execute(ActionExecutionWorker.java:56)
	at org.gradle.process.internal.worker.child.SystemApplicationClassLoaderWorker.call(SystemApplicationClassLoaderWorker.java:113)
	at org.gradle.process.internal.worker.child.SystemApplicationClassLoaderWorker.call(SystemApplicationClassLoaderWorker.java:65)
	at worker.org.gradle.process.internal.worker.GradleWorkerMain.run(GradleWorkerMain.java:69)
	at worker.org.gradle.process.internal.worker.GradleWorkerMain.main(GradleWorkerMain.java:74)
22:07:04.300 [Test worker] INFO ]]>&#x1f433;<![CDATA[ [mysql:latest] - Container mysql:latest is starting: 511b2d736fd4c4da08b79110fd21fdaa756368e4971eb130f8114450b3efc085
22:07:04.300 [Test worker] DEBUG org.testcontainers.shaded.com.github.dockerjava.core.command.AbstrDockerCmd - Cmd: 511b2d736fd4c4da08b79110fd21fdaa756368e4971eb130f8114450b3efc085
22:07:04.300 [Test worker] DEBUG com.github.dockerjava.zerodep.shaded.org.apache.hc.client5.http.impl.classic.InternalHttpClient - ex-0000000A: preparing request execution
22:07:04.300 [Test worker] DEBUG com.github.dockerjava.zerodep.shaded.org.apache.hc.client5.http.protocol.RequestAddCookies - Cookie spec selected: strict
22:07:04.300 [Test worker] DEBUG com.github.dockerjava.zerodep.shaded.org.apache.hc.client5.http.protocol.RequestAuthCache - Auth cache not set in the context
22:07:04.300 [Test worker] DEBUG com.github.dockerjava.zerodep.shaded.org.apache.hc.client5.http.impl.classic.ProtocolExec - ex-0000000A: target auth state: UNCHALLENGED
22:07:04.301 [Test worker] DEBUG com.github.dockerjava.zerodep.shaded.org.apache.hc.client5.http.impl.classic.ProtocolExec - ex-0000000A: proxy auth state: UNCHALLENGED
22:07:04.301 [Test worker] DEBUG com.github.dockerjava.zerodep.shaded.org.apache.hc.client5.http.impl.classic.ConnectExec - ex-0000000A: acquiring connection with route {}->unix://localhost:2375
22:07:04.301 [Test worker] DEBUG com.github.dockerjava.zerodep.shaded.org.apache.hc.client5.http.impl.classic.InternalHttpClient - ex-0000000A: acquiring endpoint (3 MINUTES)
22:07:04.301 [Test worker] DEBUG com.github.dockerjava.zerodep.shaded.org.apache.hc.client5.http.impl.io.PoolingHttpClientConnectionManager - ex-0000000A: endpoint lease request (3 MINUTES) [route: {}->unix://localhost:2375][total available: 0; route allocated: 0 of 2147483647; total allocated: 0 of 2147483647]
22:07:04.301 [Test worker] DEBUG com.github.dockerjava.zerodep.shaded.org.apache.hc.client5.http.impl.io.PoolingHttpClientConnectionManager - ex-0000000A: endpoint leased [route: {}->unix://localhost:2375][total available: 0; route allocated: 1 of 2147483647; total allocated: 1 of 2147483647]
22:07:04.301 [Test worker] DEBUG com.github.dockerjava.zerodep.shaded.org.apache.hc.client5.http.impl.io.PoolingHttpClientConnectionManager - ex-0000000A: acquired ep-00000009
22:07:04.301 [Test worker] DEBUG com.github.dockerjava.zerodep.shaded.org.apache.hc.client5.http.impl.classic.InternalHttpClient - ex-0000000A: acquired endpoint ep-00000009
22:07:04.301 [Test worker] DEBUG com.github.dockerjava.zerodep.shaded.org.apache.hc.client5.http.impl.classic.ConnectExec - ex-0000000A: opening connection {}->unix://localhost:2375
22:07:04.301 [Test worker] DEBUG com.github.dockerjava.zerodep.shaded.org.apache.hc.client5.http.impl.classic.InternalHttpClient - ep-00000009: connecting endpoint (3 MINUTES)
22:07:04.301 [Test worker] DEBUG com.github.dockerjava.zerodep.shaded.org.apache.hc.client5.http.impl.io.PoolingHttpClientConnectionManager - ep-00000009: connecting endpoint to unix://localhost:2375 (3 MINUTES)
22:07:04.301 [Test worker] DEBUG com.github.dockerjava.zerodep.shaded.org.apache.hc.client5.http.impl.io.DefaultHttpClientConnectionOperator - http-outgoing-2: connecting to localhost/127.0.0.1:2375
22:07:04.301 [Test worker] DEBUG com.github.dockerjava.zerodep.shaded.org.apache.hc.client5.http.impl.io.DefaultHttpClientConnectionOperator - http-outgoing-2: connection established /var/run/docker.sock<->/var/run/docker.sock
22:07:04.301 [Test worker] DEBUG com.github.dockerjava.zerodep.shaded.org.apache.hc.client5.http.impl.io.PoolingHttpClientConnectionManager - ep-00000009: connected http-outgoing-2
22:07:04.301 [Test worker] DEBUG com.github.dockerjava.zerodep.shaded.org.apache.hc.client5.http.impl.classic.InternalHttpClient - ep-00000009: endpoint connected
22:07:04.301 [Test worker] DEBUG com.github.dockerjava.zerodep.shaded.org.apache.hc.client5.http.impl.classic.MainClientExec - ex-0000000A: executing POST /v1.32/containers/511b2d736fd4c4da08b79110fd21fdaa756368e4971eb130f8114450b3efc085/start HTTP/1.1
22:07:04.301 [Test worker] DEBUG com.github.dockerjava.zerodep.shaded.org.apache.hc.client5.http.impl.classic.InternalHttpClient - ep-00000009: start execution ex-0000000A
22:07:04.301 [Test worker] DEBUG com.github.dockerjava.zerodep.shaded.org.apache.hc.client5.http.impl.io.PoolingHttpClientConnectionManager - ep-00000009: executing exchange ex-0000000A over http-outgoing-2
22:07:04.301 [Test worker] DEBUG com.github.dockerjava.zerodep.shaded.org.apache.hc.client5.http.headers - http-outgoing-2 >> POST /v1.32/containers/511b2d736fd4c4da08b79110fd21fdaa756368e4971eb130f8114450b3efc085/start HTTP/1.1
22:07:04.302 [Test worker] DEBUG com.github.dockerjava.zerodep.shaded.org.apache.hc.client5.http.headers - http-outgoing-2 >> accept: application/json
22:07:04.302 [Test worker] DEBUG com.github.dockerjava.zerodep.shaded.org.apache.hc.client5.http.headers - http-outgoing-2 >> content-type: application/json
22:07:04.302 [Test worker] DEBUG com.github.dockerjava.zerodep.shaded.org.apache.hc.client5.http.headers - http-outgoing-2 >> x-tc-sid: c721e8e0-dbbd-4305-a748-6be2465f786d
22:07:04.302 [Test worker] DEBUG com.github.dockerjava.zerodep.shaded.org.apache.hc.client5.http.headers - http-outgoing-2 >> Accept-Encoding: gzip, x-gzip, deflate
22:07:04.302 [Test worker] DEBUG com.github.dockerjava.zerodep.shaded.org.apache.hc.client5.http.headers - http-outgoing-2 >> Host: localhost:2375
22:07:04.302 [Test worker] DEBUG com.github.dockerjava.zerodep.shaded.org.apache.hc.client5.http.headers - http-outgoing-2 >> Connection: keep-alive
22:07:04.302 [Test worker] DEBUG com.github.dockerjava.zerodep.shaded.org.apache.hc.client5.http.headers - http-outgoing-2 >> User-Agent: Apache-HttpClient/5.0.3 (Java/17.0.2)
22:07:04.302 [Test worker] DEBUG com.github.dockerjava.zerodep.shaded.org.apache.hc.client5.http.wire - http-outgoing-2 >> "POST /v1.32/containers/511b2d736fd4c4da08b79110fd21fdaa756368e4971eb130f8114450b3efc085/start HTTP/1.1[\r][\n]"
22:07:04.302 [Test worker] DEBUG com.github.dockerjava.zerodep.shaded.org.apache.hc.client5.http.wire - http-outgoing-2 >> "accept: application/json[\r][\n]"
22:07:04.302 [Test worker] DEBUG com.github.dockerjava.zerodep.shaded.org.apache.hc.client5.http.wire - http-outgoing-2 >> "content-type: application/json[\r][\n]"
22:07:04.302 [Test worker] DEBUG com.github.dockerjava.zerodep.shaded.org.apache.hc.client5.http.wire - http-outgoing-2 >> "x-tc-sid: c721e8e0-dbbd-4305-a748-6be2465f786d[\r][\n]"
22:07:04.302 [Test worker] DEBUG com.github.dockerjava.zerodep.shaded.org.apache.hc.client5.http.wire - http-outgoing-2 >> "Accept-Encoding: gzip, x-gzip, deflate[\r][\n]"
22:07:04.302 [Test worker] DEBUG com.github.dockerjava.zerodep.shaded.org.apache.hc.client5.http.wire - http-outgoing-2 >> "Host: localhost:2375[\r][\n]"
22:07:04.302 [Test worker] DEBUG com.github.dockerjava.zerodep.shaded.org.apache.hc.client5.http.wire - http-outgoing-2 >> "Connection: keep-alive[\r][\n]"
22:07:04.302 [Test worker] DEBUG com.github.dockerjava.zerodep.shaded.org.apache.hc.client5.http.wire - http-outgoing-2 >> "User-Agent: Apache-HttpClient/5.0.3 (Java/17.0.2)[\r][\n]"
22:07:04.302 [Test worker] DEBUG com.github.dockerjava.zerodep.shaded.org.apache.hc.client5.http.wire - http-outgoing-2 >> "[\r][\n]"
22:07:04.500 [Test worker] DEBUG com.github.dockerjava.zerodep.shaded.org.apache.hc.client5.http.wire - http-outgoing-2 << "HTTP/1.1 204 No Content[\r][\n]"
22:07:04.500 [Test worker] DEBUG com.github.dockerjava.zerodep.shaded.org.apache.hc.client5.http.wire - http-outgoing-2 << "Api-Version: 1.41[\r][\n]"
22:07:04.500 [Test worker] DEBUG com.github.dockerjava.zerodep.shaded.org.apache.hc.client5.http.wire - http-outgoing-2 << "Date: Mon, 03 Apr 2023 01:07:04 GMT[\r][\n]"
22:07:04.500 [Test worker] DEBUG com.github.dockerjava.zerodep.shaded.org.apache.hc.client5.http.wire - http-outgoing-2 << "Docker-Experimental: false[\r][\n]"
22:07:04.501 [Test worker] DEBUG com.github.dockerjava.zerodep.shaded.org.apache.hc.client5.http.wire - http-outgoing-2 << "Ostype: linux[\r][\n]"
22:07:04.501 [Test worker] DEBUG com.github.dockerjava.zerodep.shaded.org.apache.hc.client5.http.wire - http-outgoing-2 << "Server: Docker/20.10.21 (linux)[\r][\n]"
22:07:04.501 [Test worker] DEBUG com.github.dockerjava.zerodep.shaded.org.apache.hc.client5.http.wire - http-outgoing-2 << "[\r][\n]"
22:07:04.501 [Test worker] DEBUG com.github.dockerjava.zerodep.shaded.org.apache.hc.client5.http.headers - http-outgoing-2 << HTTP/1.1 204 No Content
22:07:04.501 [Test worker] DEBUG com.github.dockerjava.zerodep.shaded.org.apache.hc.client5.http.headers - http-outgoing-2 << Api-Version: 1.41
22:07:04.501 [Test worker] DEBUG com.github.dockerjava.zerodep.shaded.org.apache.hc.client5.http.headers - http-outgoing-2 << Date: Mon, 03 Apr 2023 01:07:04 GMT
22:07:04.501 [Test worker] DEBUG com.github.dockerjava.zerodep.shaded.org.apache.hc.client5.http.headers - http-outgoing-2 << Docker-Experimental: false
22:07:04.501 [Test worker] DEBUG com.github.dockerjava.zerodep.shaded.org.apache.hc.client5.http.headers - http-outgoing-2 << Ostype: linux
22:07:04.501 [Test worker] DEBUG com.github.dockerjava.zerodep.shaded.org.apache.hc.client5.http.headers - http-outgoing-2 << Server: Docker/20.10.21 (linux)
22:07:04.501 [Test worker] DEBUG com.github.dockerjava.zerodep.shaded.org.apache.hc.client5.http.impl.classic.MainClientExec - ex-0000000A: connection can be kept alive for 3 MINUTES
22:07:04.501 [Test worker] DEBUG com.github.dockerjava.zerodep.shaded.org.apache.hc.client5.http.impl.classic.InternalHttpClient - ep-00000009: releasing valid endpoint
22:07:04.501 [Test worker] DEBUG com.github.dockerjava.zerodep.shaded.org.apache.hc.client5.http.impl.io.PoolingHttpClientConnectionManager - ep-00000009: releasing endpoint
22:07:04.501 [Test worker] DEBUG com.github.dockerjava.zerodep.shaded.org.apache.hc.client5.http.impl.io.PoolingHttpClientConnectionManager - ep-00000009: connection http-outgoing-2 can be kept alive for 3 MINUTES
22:07:04.501 [Test worker] DEBUG com.github.dockerjava.zerodep.shaded.org.apache.hc.client5.http.impl.io.PoolingHttpClientConnectionManager - ep-00000009: connection released [route: {}->unix://localhost:2375][total available: 1; route allocated: 1 of 2147483647; total allocated: 1 of 2147483647]
22:07:04.501 [Test worker] DEBUG org.testcontainers.shaded.com.github.dockerjava.core.command.AbstrDockerCmd - Cmd: 511b2d736fd4c4da08b79110fd21fdaa756368e4971eb130f8114450b3efc085,false
22:07:04.501 [Test worker] DEBUG org.testcontainers.shaded.com.github.dockerjava.core.exec.InspectContainerCmdExec - GET: DefaultWebTarget{path=[/containers/511b2d736fd4c4da08b79110fd21fdaa756368e4971eb130f8114450b3efc085/json], queryParams={}}
22:07:04.501 [Test worker] DEBUG com.github.dockerjava.zerodep.shaded.org.apache.hc.client5.http.impl.classic.InternalHttpClient - ex-0000000B: preparing request execution
22:07:04.501 [Test worker] DEBUG com.github.dockerjava.zerodep.shaded.org.apache.hc.client5.http.protocol.RequestAddCookies - Cookie spec selected: strict
22:07:04.501 [Test worker] DEBUG com.github.dockerjava.zerodep.shaded.org.apache.hc.client5.http.protocol.RequestAuthCache - Auth cache not set in the context
22:07:04.501 [Test worker] DEBUG com.github.dockerjava.zerodep.shaded.org.apache.hc.client5.http.impl.classic.ProtocolExec - ex-0000000B: target auth state: UNCHALLENGED
22:07:04.501 [Test worker] DEBUG com.github.dockerjava.zerodep.shaded.org.apache.hc.client5.http.impl.classic.ProtocolExec - ex-0000000B: proxy auth state: UNCHALLENGED
22:07:04.501 [Test worker] DEBUG com.github.dockerjava.zerodep.shaded.org.apache.hc.client5.http.impl.classic.ConnectExec - ex-0000000B: acquiring connection with route {}->unix://localhost:2375
22:07:04.501 [Test worker] DEBUG com.github.dockerjava.zerodep.shaded.org.apache.hc.client5.http.impl.classic.InternalHttpClient - ex-0000000B: acquiring endpoint (3 MINUTES)
22:07:04.501 [Test worker] DEBUG com.github.dockerjava.zerodep.shaded.org.apache.hc.client5.http.impl.io.PoolingHttpClientConnectionManager - ex-0000000B: endpoint lease request (3 MINUTES) [route: {}->unix://localhost:2375][total available: 1; route allocated: 1 of 2147483647; total allocated: 1 of 2147483647]
22:07:04.502 [Test worker] DEBUG com.github.dockerjava.zerodep.shaded.org.apache.hc.client5.http.impl.io.PoolingHttpClientConnectionManager - ex-0000000B: endpoint leased [route: {}->unix://localhost:2375][total available: 0; route allocated: 1 of 2147483647; total allocated: 1 of 2147483647]
22:07:04.502 [Test worker] DEBUG com.github.dockerjava.zerodep.shaded.org.apache.hc.client5.http.impl.io.PoolingHttpClientConnectionManager - ex-0000000B: acquired ep-0000000A
22:07:04.502 [Test worker] DEBUG com.github.dockerjava.zerodep.shaded.org.apache.hc.client5.http.impl.classic.InternalHttpClient - ex-0000000B: acquired endpoint ep-0000000A
22:07:04.502 [Test worker] DEBUG com.github.dockerjava.zerodep.shaded.org.apache.hc.client5.http.impl.classic.MainClientExec - ex-0000000B: executing GET /v1.32/containers/511b2d736fd4c4da08b79110fd21fdaa756368e4971eb130f8114450b3efc085/json HTTP/1.1
22:07:04.502 [Test worker] DEBUG com.github.dockerjava.zerodep.shaded.org.apache.hc.client5.http.impl.classic.InternalHttpClient - ep-0000000A: start execution ex-0000000B
22:07:04.502 [Test worker] DEBUG com.github.dockerjava.zerodep.shaded.org.apache.hc.client5.http.impl.io.PoolingHttpClientConnectionManager - ep-0000000A: executing exchange ex-0000000B over http-outgoing-2
22:07:04.502 [Test worker] DEBUG com.github.dockerjava.zerodep.shaded.org.apache.hc.client5.http.headers - http-outgoing-2 >> GET /v1.32/containers/511b2d736fd4c4da08b79110fd21fdaa756368e4971eb130f8114450b3efc085/json HTTP/1.1
22:07:04.502 [Test worker] DEBUG com.github.dockerjava.zerodep.shaded.org.apache.hc.client5.http.headers - http-outgoing-2 >> accept: application/json
22:07:04.502 [Test worker] DEBUG com.github.dockerjava.zerodep.shaded.org.apache.hc.client5.http.headers - http-outgoing-2 >> x-tc-sid: c721e8e0-dbbd-4305-a748-6be2465f786d
22:07:04.502 [Test worker] DEBUG com.github.dockerjava.zerodep.shaded.org.apache.hc.client5.http.headers - http-outgoing-2 >> Accept-Encoding: gzip, x-gzip, deflate
22:07:04.502 [Test worker] DEBUG com.github.dockerjava.zerodep.shaded.org.apache.hc.client5.http.headers - http-outgoing-2 >> Host: localhost:2375
22:07:04.502 [Test worker] DEBUG com.github.dockerjava.zerodep.shaded.org.apache.hc.client5.http.headers - http-outgoing-2 >> Connection: keep-alive
22:07:04.502 [Test worker] DEBUG com.github.dockerjava.zerodep.shaded.org.apache.hc.client5.http.headers - http-outgoing-2 >> User-Agent: Apache-HttpClient/5.0.3 (Java/17.0.2)
22:07:04.502 [Test worker] DEBUG com.github.dockerjava.zerodep.shaded.org.apache.hc.client5.http.wire - http-outgoing-2 >> "GET /v1.32/containers/511b2d736fd4c4da08b79110fd21fdaa756368e4971eb130f8114450b3efc085/json HTTP/1.1[\r][\n]"
22:07:04.502 [Test worker] DEBUG com.github.dockerjava.zerodep.shaded.org.apache.hc.client5.http.wire - http-outgoing-2 >> "accept: application/json[\r][\n]"
22:07:04.502 [Test worker] DEBUG com.github.dockerjava.zerodep.shaded.org.apache.hc.client5.http.wire - http-outgoing-2 >> "x-tc-sid: c721e8e0-dbbd-4305-a748-6be2465f786d[\r][\n]"
22:07:04.502 [Test worker] DEBUG com.github.dockerjava.zerodep.shaded.org.apache.hc.client5.http.wire - http-outgoing-2 >> "Accept-Encoding: gzip, x-gzip, deflate[\r][\n]"
22:07:04.502 [Test worker] DEBUG com.github.dockerjava.zerodep.shaded.org.apache.hc.client5.http.wire - http-outgoing-2 >> "Host: localhost:2375[\r][\n]"
22:07:04.502 [Test worker] DEBUG com.github.dockerjava.zerodep.shaded.org.apache.hc.client5.http.wire - http-outgoing-2 >> "Connection: keep-alive[\r][\n]"
22:07:04.502 [Test worker] DEBUG com.github.dockerjava.zerodep.shaded.org.apache.hc.client5.http.wire - http-outgoing-2 >> "User-Agent: Apache-HttpClient/5.0.3 (Java/17.0.2)[\r][\n]"
22:07:04.502 [Test worker] DEBUG com.github.dockerjava.zerodep.shaded.org.apache.hc.client5.http.wire - http-outgoing-2 >> "[\r][\n]"
22:07:04.503 [Test worker] DEBUG com.github.dockerjava.zerodep.shaded.org.apache.hc.client5.http.wire - http-outgoing-2 << "HTTP/1.1 200 OK[\r][\n]"
22:07:04.503 [Test worker] DEBUG com.github.dockerjava.zerodep.shaded.org.apache.hc.client5.http.wire - http-outgoing-2 << "Api-Version: 1.41[\r][\n]"
22:07:04.503 [Test worker] DEBUG com.github.dockerjava.zerodep.shaded.org.apache.hc.client5.http.wire - http-outgoing-2 << "Content-Type: application/json[\r][\n]"
22:07:04.503 [Test worker] DEBUG com.github.dockerjava.zerodep.shaded.org.apache.hc.client5.http.wire - http-outgoing-2 << "Date: Mon, 03 Apr 2023 01:07:04 GMT[\r][\n]"
22:07:04.503 [Test worker] DEBUG com.github.dockerjava.zerodep.shaded.org.apache.hc.client5.http.wire - http-outgoing-2 << "Docker-Experimental: false[\r][\n]"
22:07:04.503 [Test worker] DEBUG com.github.dockerjava.zerodep.shaded.org.apache.hc.client5.http.wire - http-outgoing-2 << "Ostype: linux[\r][\n]"
22:07:04.503 [Test worker] DEBUG com.github.dockerjava.zerodep.shaded.org.apache.hc.client5.http.wire - http-outgoing-2 << "Server: Docker/20.10.21 (linux)[\r][\n]"
22:07:04.503 [Test worker] DEBUG com.github.dockerjava.zerodep.shaded.org.apache.hc.client5.http.wire - http-outgoing-2 << "Transfer-Encoding: chunked[\r][\n]"
22:07:04.503 [Test worker] DEBUG com.github.dockerjava.zerodep.shaded.org.apache.hc.client5.http.wire - http-outgoing-2 << "[\r][\n]"
22:07:04.504 [Test worker] DEBUG com.github.dockerjava.zerodep.shaded.org.apache.hc.client5.http.headers - http-outgoing-2 << HTTP/1.1 200 OK
22:07:04.504 [Test worker] DEBUG com.github.dockerjava.zerodep.shaded.org.apache.hc.client5.http.headers - http-outgoing-2 << Api-Version: 1.41
22:07:04.504 [Test worker] DEBUG com.github.dockerjava.zerodep.shaded.org.apache.hc.client5.http.headers - http-outgoing-2 << Content-Type: application/json
22:07:04.504 [Test worker] DEBUG com.github.dockerjava.zerodep.shaded.org.apache.hc.client5.http.headers - http-outgoing-2 << Date: Mon, 03 Apr 2023 01:07:04 GMT
22:07:04.504 [Test worker] DEBUG com.github.dockerjava.zerodep.shaded.org.apache.hc.client5.http.headers - http-outgoing-2 << Docker-Experimental: false
22:07:04.504 [Test worker] DEBUG com.github.dockerjava.zerodep.shaded.org.apache.hc.client5.http.headers - http-outgoing-2 << Ostype: linux
22:07:04.504 [Test worker] DEBUG com.github.dockerjava.zerodep.shaded.org.apache.hc.client5.http.headers - http-outgoing-2 << Server: Docker/20.10.21 (linux)
22:07:04.504 [Test worker] DEBUG com.github.dockerjava.zerodep.shaded.org.apache.hc.client5.http.headers - http-outgoing-2 << Transfer-Encoding: chunked
22:07:04.504 [Test worker] DEBUG com.github.dockerjava.zerodep.shaded.org.apache.hc.client5.http.impl.classic.MainClientExec - ex-0000000B: connection can be kept alive for 3 MINUTES
22:07:04.505 [Test worker] DEBUG com.github.dockerjava.zerodep.shaded.org.apache.hc.client5.http.wire - http-outgoing-2 << "18c0[\r][\n]"
22:07:04.505 [Test worker] DEBUG com.github.dockerjava.zerodep.shaded.org.apache.hc.client5.http.wire - http-outgoing-2 << "{"Id":"511b2d736fd4c4da08b79110fd21fdaa756368e4971eb130f8114450b3efc085","Created":"2023-04-03T01:07:04.201309337Z","Path":"docker-entrypoint.sh","Args":["mysqld"],"State":{"Status":"running","Running":true,"Paused":false,"Restarting":false,"OOMKilled":false,"Dead":false,"Pid":2724,"ExitCode":0,"Error":"","StartedAt":"2023-04-03T01:07:04.498400921Z","FinishedAt":"0001-01-01T00:00:00Z"},"Image":"sha256:c7c54c29e20dccc1aefb936c8eba8bb8b98b87a4921102aba87fde2df5810af9","ResolvConfPath":"/var/lib/docker/containers/511b2d736fd4c4da08b79110fd21fdaa756368e4971eb130f8114450b3efc085/resolv.conf","HostnamePath":"/var/lib/docker/containers/511b2d736fd4c4da08b79110fd21fdaa756368e4971eb130f8114450b3efc085/hostname","HostsPath":"/var/lib/docker/containers/511b2d736fd4c4da08b79110fd21fdaa756368e4971eb130f8114450b3efc085/hosts","LogPath":"/var/lib/docker/containers/511b2d736fd4c4da08b79110fd21fdaa756368e4971eb130f8114450b3efc085/511b2d736fd4c4da08b79110fd21fdaa756368e4971eb130f8114450b3efc085-json.log","Name":"/elastic_easley","RestartCount":0,"Driver":"overlay2","Platform":"linux","MountLabel":"","ProcessLabel":"","AppArmorProfile":"","ExecIDs":null,"HostConfig":{"Binds":[],"ContainerIDFile":"","LogConfig":{"Type":"json-file","Config":{}},"NetworkMode":"default","PortBindings":{"3306/tcp":[{"HostIp":"0.0.0.0","HostPort":"0"}]},"RestartPolicy":{"Name":"","MaximumRetryCount":0},"AutoRemove":false,"VolumeDriver":"","VolumesFrom":[],"CapAdd":null,"CapDrop":null,"CgroupnsMode":"private","Dns":null,"DnsOptions":null,"DnsSearch":null,"ExtraHosts":[],"GroupAdd":null,"IpcMode":"shareable","Cgroup":"","Links":null,"OomScoreAdj":0,"PidMode":"","Privileged":false,"PublishAllPorts":false,"ReadonlyRootfs":false,"SecurityOpt":null,"UTSMode":"","UsernsMode":"","ShmSize":67108864,"Runtime":"runc","ConsoleSize":[0,0],"Isolation":"","CpuShares":0,"Memory":0,"NanoCpus":0,"CgroupParent":"","BlkioWeight":0,"BlkioWeightDevice":null,"BlkioDeviceReadBps":null,"BlkioDeviceWriteBps":null,"BlkioDeviceReadIOps":null,"BlkioDeviceWriteIOps":null,"CpuPeriod":0,"CpuQuota":0,"CpuRealtimePeriod":0,"CpuRealtimeRuntime":0,"CpusetCpus":"","CpusetMems":"","Devices":null,"DeviceCgroupRules":null,"DeviceRequests":null,"KernelMemory":0,"KernelMemoryTCP":0,"MemoryReservation":0,"MemorySwap":0,"MemorySwappiness":null,"OomKillDisable":null,"PidsLimit":null,"Ulimits":null,"CpuCount":0,"CpuPercent":0,"IOMaximumIOps":0,"IOMaximumBandwidth":0,"MaskedPaths":["/proc/asound","/proc/acpi","/proc/kcore","/proc/keys","/proc/latency_stats","/proc/timer_list","/proc/timer_stats","/proc/sched_debug","/proc/scsi","/sys/firmware"],"ReadonlyPaths":["/proc/bus","/proc/fs","/proc/irq","/proc/sys","/proc/sysrq-trigger"]},"GraphDriver":{"Data":{"LowerDir":"/var/lib/docker/overlay2/5ada145d0e3939fe5ed2118eea99b9f10241aeee200293145c73dce66470a568-init/diff:/var/lib/docker/overlay2/1bd8849d7a296305617011f940aa5cfabbe972a513397b1b6bbc27639b6c1f30/diff:/var/lib/docker/overlay2/199d69b2fbf78af4d4c95dec4fd2f8835ab0347eb49fb20ebb2ff3b99fedd6ad/diff:/var/lib/docker/overlay2/d83c38d654989311f75b9491329846033bfb7714de76ef635380dcfad5c740d9/diff:/var/lib/docker/overlay2/08600d0aea2ab2728bebcf5d2589c640a842f53d1ba3c4a4adccb4d03b923cf6/diff:/var/lib/docker/overlay2/9ec7c63a3fb14d13ac788bbf5e282ca821edc41260b79944e5e631037d13ecda/diff:/var/lib/docker/overlay2/db601d7a1b4ea6da638db620462f0da96fa55c559d02269c9ddb09027936ed87/diff:/var/lib/docker/overlay2/a6d2bd03f942e2565f21e74cfe152c7ec836a1c2b583f0790c685b92bdcfda24/diff:/var/lib/docker/overlay2/9badd16ea2c5e2bf1fde8b579683e41137dfc46ed5449234149f199a6751cc84/diff:/var/lib/docker/overlay2/6efb85646ed12e2d1181ef4cc6f6f6732c00c15a4035fe17ebc4f075ca573c30/diff:/var/lib/docker/overlay2/895d7c0ec09144d6ed33936f4e98e11c18010f7abd708cae1ce43aec7a7f2621/diff:/var/lib/docker/overlay2/1c4ba77aa573ab6e5e5069fd15eae71b3da940bde0f97a922a227ffc8a1d1096/diff","MergedDir":"/var/lib/docker/overlay2/5ada145d0e3939fe5ed2118eea99b9f10241aeee200293145c73dce66470a568/merged","UpperDir":"/var/lib/docker/overlay2/5ada145d0e3939fe5ed2118eea99b9f10241aeee200293145c73dce66470a568/diff","WorkDir":"/var/lib/docker/overlay2/5ada145d0e3939fe5ed2118eea99b9f10241aeee200293145c73dce66470a568/work"},"Name":"overlay2"},"Mounts":[{"Type":"volume","Name":"ac6dcf572a35a68e3a3a5bdf3d1899d89919b8e0b6d7a1beb9c6b19978c4e863","Source":"/var/lib/docker/volumes/ac6dcf572a35a68e3a3a5bdf3d1899d89919b8e0b6d7a1beb9c6b19978c4e863/_data","Destination":"/var/lib/mysql","Driver":"local","Mode":"","RW":true,"Propagation":""}],"Config":{"Hostname":"511b2d736fd4","Domainname":"","User":"","AttachStdin":false,"AttachStdout":false,"AttachStderr":false,"ExposedPorts":{"3306/tcp":{},"33060/tcp":{}},"Tty":false,"OpenStdin":false,"StdinOnce":false,"Env":["MYSQL_DATABASE=adm_videos","MYSQL_PASSWORD=123456","MYSQL_ROOT_PASSWORD=123456","PATH=/usr/local/sbin:/usr/local/bin:/usr/sbin:/usr/bin:/sbin:/bin","GOSU_VERSION=1.16","MYSQL_MAJOR=8.0","MYSQL_VERSION=8.0.32-1.el8","MYSQL_SHELL_VERSION=8.0.32-1.el8"],"Cmd":["mysqld"],"Image":"mysql:latest","Volumes":{"/var/lib/mysql":{}},"WorkingDir":"","Entrypoint":["docker-entrypoint.sh"],"OnBuild":null,"Labels":{"org.testcontainers":"true","org.testcontainers.lang":"java","org.testcontainers.sessionId":"c721e8e0-dbbd-4305-a748-6be2465f786d","org.testcontainers.version":"1.17.6"}},"NetworkSettings":{"Bridge":"","SandboxID":"23a51dba07b22c8536581cd39611755923749e16a93a45ce75c5c8a4a7759981","HairpinMode":false,"LinkLocalIPv6Address":"","LinkLocalIPv6PrefixLen":0,"Ports":{"3306/tcp":[{"HostIp":"0.0.0.0","HostPort":"50897"}],"33060/tcp":null},"SandboxKey":"/var/run/docker/netns/23a51dba07b2","SecondaryIPAddresses":null,"SecondaryIPv6Addresses":null,"EndpointID":"692f30c6e93a1486104b6273bdc38b1f926e45528d0b3ff49b5fe2d91ed6b329","Gateway":"172.17.0.1","GlobalIPv6Address":"","GlobalIPv6PrefixLen":0,"IPAddress":"172.17.0.3","IPPrefixLen":16,"IPv6Gateway":"","MacAddress":"02:42:ac:11:00:03","Networks":{"bridge":{"IPAMConfig":null,"Links":null,"Aliases":null,"NetworkID":"eba6fdf7ebe51912c859fc2dc83d1407a50db03ea3c296d90f885e8af84b6e93","EndpointID":"692f30c6e93a1486104b6273bdc38b1f926e45528d0b3ff49b5fe2d91ed6b329","Gateway":"172.17.0.1","IPAddress":"172.17.0.3","IPPrefixLen":16,"IPv6Gateway":"","GlobalIPv6Address":"","GlobalIPv6PrefixLen":0,"MacAddress":"02:42:ac:11:00:03","DriverOpts":null}}}}[\n]"
22:07:04.505 [Test worker] DEBUG com.github.dockerjava.zerodep.shaded.org.apache.hc.client5.http.wire - http-outgoing-2 << "[\r][\n]"
22:07:04.507 [Test worker] DEBUG com.github.dockerjava.zerodep.shaded.org.apache.hc.client5.http.wire - http-outgoing-2 << "0[\r][\n]"
22:07:04.507 [Test worker] DEBUG com.github.dockerjava.zerodep.shaded.org.apache.hc.client5.http.wire - http-outgoing-2 << "[\r][\n]"
22:07:04.507 [Test worker] DEBUG com.github.dockerjava.zerodep.shaded.org.apache.hc.client5.http.impl.classic.InternalHttpClient - ep-0000000A: releasing valid endpoint
22:07:04.507 [Test worker] DEBUG com.github.dockerjava.zerodep.shaded.org.apache.hc.client5.http.impl.io.PoolingHttpClientConnectionManager - ep-0000000A: releasing endpoint
22:07:04.507 [Test worker] DEBUG com.github.dockerjava.zerodep.shaded.org.apache.hc.client5.http.impl.io.PoolingHttpClientConnectionManager - ep-0000000A: connection http-outgoing-2 can be kept alive for 3 MINUTES
22:07:04.507 [Test worker] DEBUG com.github.dockerjava.zerodep.shaded.org.apache.hc.client5.http.impl.io.PoolingHttpClientConnectionManager - ep-0000000A: connection released [route: {}->unix://localhost:2375][total available: 1; route allocated: 1 of 2147483647; total allocated: 1 of 2147483647]
22:07:04.507 [Test worker] INFO ]]>&#x1f433;<![CDATA[ [mysql:latest] - Waiting for database connection to become available at jdbc:mysql://localhost:50897/adm_videos using query 'SELECT 1'
22:07:04.508 [Test worker] DEBUG org.testcontainers.shaded.com.github.dockerjava.core.command.AbstrDockerCmd - Cmd: 511b2d736fd4c4da08b79110fd21fdaa756368e4971eb130f8114450b3efc085,false
22:07:04.508 [Test worker] DEBUG org.testcontainers.shaded.com.github.dockerjava.core.exec.InspectContainerCmdExec - GET: DefaultWebTarget{path=[/containers/511b2d736fd4c4da08b79110fd21fdaa756368e4971eb130f8114450b3efc085/json], queryParams={}}
22:07:04.508 [Test worker] DEBUG com.github.dockerjava.zerodep.shaded.org.apache.hc.client5.http.impl.classic.InternalHttpClient - ex-0000000C: preparing request execution
22:07:04.508 [Test worker] DEBUG com.github.dockerjava.zerodep.shaded.org.apache.hc.client5.http.protocol.RequestAddCookies - Cookie spec selected: strict
22:07:04.508 [Test worker] DEBUG com.github.dockerjava.zerodep.shaded.org.apache.hc.client5.http.protocol.RequestAuthCache - Auth cache not set in the context
22:07:04.508 [Test worker] DEBUG com.github.dockerjava.zerodep.shaded.org.apache.hc.client5.http.impl.classic.ProtocolExec - ex-0000000C: target auth state: UNCHALLENGED
22:07:04.508 [Test worker] DEBUG com.github.dockerjava.zerodep.shaded.org.apache.hc.client5.http.impl.classic.ProtocolExec - ex-0000000C: proxy auth state: UNCHALLENGED
22:07:04.508 [Test worker] DEBUG com.github.dockerjava.zerodep.shaded.org.apache.hc.client5.http.impl.classic.ConnectExec - ex-0000000C: acquiring connection with route {}->unix://localhost:2375
22:07:04.508 [Test worker] DEBUG com.github.dockerjava.zerodep.shaded.org.apache.hc.client5.http.impl.classic.InternalHttpClient - ex-0000000C: acquiring endpoint (3 MINUTES)
22:07:04.508 [Test worker] DEBUG com.github.dockerjava.zerodep.shaded.org.apache.hc.client5.http.impl.io.PoolingHttpClientConnectionManager - ex-0000000C: endpoint lease request (3 MINUTES) [route: {}->unix://localhost:2375][total available: 1; route allocated: 1 of 2147483647; total allocated: 1 of 2147483647]
22:07:04.508 [Test worker] DEBUG com.github.dockerjava.zerodep.shaded.org.apache.hc.client5.http.impl.io.PoolingHttpClientConnectionManager - ex-0000000C: endpoint leased [route: {}->unix://localhost:2375][total available: 0; route allocated: 1 of 2147483647; total allocated: 1 of 2147483647]
22:07:04.508 [Test worker] DEBUG com.github.dockerjava.zerodep.shaded.org.apache.hc.client5.http.impl.io.PoolingHttpClientConnectionManager - ex-0000000C: acquired ep-0000000B
22:07:04.508 [Test worker] DEBUG com.github.dockerjava.zerodep.shaded.org.apache.hc.client5.http.impl.classic.InternalHttpClient - ex-0000000C: acquired endpoint ep-0000000B
22:07:04.508 [Test worker] DEBUG com.github.dockerjava.zerodep.shaded.org.apache.hc.client5.http.impl.classic.MainClientExec - ex-0000000C: executing GET /v1.32/containers/511b2d736fd4c4da08b79110fd21fdaa756368e4971eb130f8114450b3efc085/json HTTP/1.1
22:07:04.508 [Test worker] DEBUG com.github.dockerjava.zerodep.shaded.org.apache.hc.client5.http.impl.classic.InternalHttpClient - ep-0000000B: start execution ex-0000000C
22:07:04.508 [Test worker] DEBUG com.github.dockerjava.zerodep.shaded.org.apache.hc.client5.http.impl.io.PoolingHttpClientConnectionManager - ep-0000000B: executing exchange ex-0000000C over http-outgoing-2
22:07:04.508 [Test worker] DEBUG com.github.dockerjava.zerodep.shaded.org.apache.hc.client5.http.headers - http-outgoing-2 >> GET /v1.32/containers/511b2d736fd4c4da08b79110fd21fdaa756368e4971eb130f8114450b3efc085/json HTTP/1.1
22:07:04.508 [Test worker] DEBUG com.github.dockerjava.zerodep.shaded.org.apache.hc.client5.http.headers - http-outgoing-2 >> accept: application/json
22:07:04.508 [Test worker] DEBUG com.github.dockerjava.zerodep.shaded.org.apache.hc.client5.http.headers - http-outgoing-2 >> x-tc-sid: c721e8e0-dbbd-4305-a748-6be2465f786d
22:07:04.508 [Test worker] DEBUG com.github.dockerjava.zerodep.shaded.org.apache.hc.client5.http.headers - http-outgoing-2 >> Accept-Encoding: gzip, x-gzip, deflate
22:07:04.508 [Test worker] DEBUG com.github.dockerjava.zerodep.shaded.org.apache.hc.client5.http.headers - http-outgoing-2 >> Host: localhost:2375
22:07:04.508 [Test worker] DEBUG com.github.dockerjava.zerodep.shaded.org.apache.hc.client5.http.headers - http-outgoing-2 >> Connection: keep-alive
22:07:04.508 [Test worker] DEBUG com.github.dockerjava.zerodep.shaded.org.apache.hc.client5.http.headers - http-outgoing-2 >> User-Agent: Apache-HttpClient/5.0.3 (Java/17.0.2)
22:07:04.508 [Test worker] DEBUG com.github.dockerjava.zerodep.shaded.org.apache.hc.client5.http.wire - http-outgoing-2 >> "GET /v1.32/containers/511b2d736fd4c4da08b79110fd21fdaa756368e4971eb130f8114450b3efc085/json HTTP/1.1[\r][\n]"
22:07:04.508 [Test worker] DEBUG com.github.dockerjava.zerodep.shaded.org.apache.hc.client5.http.wire - http-outgoing-2 >> "accept: application/json[\r][\n]"
22:07:04.508 [Test worker] DEBUG com.github.dockerjava.zerodep.shaded.org.apache.hc.client5.http.wire - http-outgoing-2 >> "x-tc-sid: c721e8e0-dbbd-4305-a748-6be2465f786d[\r][\n]"
22:07:04.508 [Test worker] DEBUG com.github.dockerjava.zerodep.shaded.org.apache.hc.client5.http.wire - http-outgoing-2 >> "Accept-Encoding: gzip, x-gzip, deflate[\r][\n]"
22:07:04.508 [Test worker] DEBUG com.github.dockerjava.zerodep.shaded.org.apache.hc.client5.http.wire - http-outgoing-2 >> "Host: localhost:2375[\r][\n]"
22:07:04.508 [Test worker] DEBUG com.github.dockerjava.zerodep.shaded.org.apache.hc.client5.http.wire - http-outgoing-2 >> "Connection: keep-alive[\r][\n]"
22:07:04.508 [Test worker] DEBUG com.github.dockerjava.zerodep.shaded.org.apache.hc.client5.http.wire - http-outgoing-2 >> "User-Agent: Apache-HttpClient/5.0.3 (Java/17.0.2)[\r][\n]"
22:07:04.508 [Test worker] DEBUG com.github.dockerjava.zerodep.shaded.org.apache.hc.client5.http.wire - http-outgoing-2 >> "[\r][\n]"
22:07:04.511 [Test worker] DEBUG com.github.dockerjava.zerodep.shaded.org.apache.hc.client5.http.wire - http-outgoing-2 << "HTTP/1.1 200 OK[\r][\n]"
22:07:04.511 [Test worker] DEBUG com.github.dockerjava.zerodep.shaded.org.apache.hc.client5.http.wire - http-outgoing-2 << "Api-Version: 1.41[\r][\n]"
22:07:04.511 [Test worker] DEBUG com.github.dockerjava.zerodep.shaded.org.apache.hc.client5.http.wire - http-outgoing-2 << "Content-Type: application/json[\r][\n]"
22:07:04.511 [Test worker] DEBUG com.github.dockerjava.zerodep.shaded.org.apache.hc.client5.http.wire - http-outgoing-2 << "Date: Mon, 03 Apr 2023 01:07:04 GMT[\r][\n]"
22:07:04.511 [Test worker] DEBUG com.github.dockerjava.zerodep.shaded.org.apache.hc.client5.http.wire - http-outgoing-2 << "Docker-Experimental: false[\r][\n]"
22:07:04.511 [Test worker] DEBUG com.github.dockerjava.zerodep.shaded.org.apache.hc.client5.http.wire - http-outgoing-2 << "Ostype: linux[\r][\n]"
22:07:04.511 [Test worker] DEBUG com.github.dockerjava.zerodep.shaded.org.apache.hc.client5.http.wire - http-outgoing-2 << "Server: Docker/20.10.21 (linux)[\r][\n]"
22:07:04.511 [Test worker] DEBUG com.github.dockerjava.zerodep.shaded.org.apache.hc.client5.http.wire - http-outgoing-2 << "Transfer-Encoding: chunked[\r][\n]"
22:07:04.511 [Test worker] DEBUG com.github.dockerjava.zerodep.shaded.org.apache.hc.client5.http.wire - http-outgoing-2 << "[\r][\n]"
22:07:04.512 [Test worker] DEBUG com.github.dockerjava.zerodep.shaded.org.apache.hc.client5.http.headers - http-outgoing-2 << HTTP/1.1 200 OK
22:07:04.512 [Test worker] DEBUG com.github.dockerjava.zerodep.shaded.org.apache.hc.client5.http.headers - http-outgoing-2 << Api-Version: 1.41
22:07:04.512 [Test worker] DEBUG com.github.dockerjava.zerodep.shaded.org.apache.hc.client5.http.headers - http-outgoing-2 << Content-Type: application/json
22:07:04.512 [Test worker] DEBUG com.github.dockerjava.zerodep.shaded.org.apache.hc.client5.http.headers - http-outgoing-2 << Date: Mon, 03 Apr 2023 01:07:04 GMT
22:07:04.512 [Test worker] DEBUG com.github.dockerjava.zerodep.shaded.org.apache.hc.client5.http.headers - http-outgoing-2 << Docker-Experimental: false
22:07:04.512 [Test worker] DEBUG com.github.dockerjava.zerodep.shaded.org.apache.hc.client5.http.headers - http-outgoing-2 << Ostype: linux
22:07:04.512 [Test worker] DEBUG com.github.dockerjava.zerodep.shaded.org.apache.hc.client5.http.headers - http-outgoing-2 << Server: Docker/20.10.21 (linux)
22:07:04.512 [Test worker] DEBUG com.github.dockerjava.zerodep.shaded.org.apache.hc.client5.http.headers - http-outgoing-2 << Transfer-Encoding: chunked
22:07:04.512 [Test worker] DEBUG com.github.dockerjava.zerodep.shaded.org.apache.hc.client5.http.impl.classic.MainClientExec - ex-0000000C: connection can be kept alive for 3 MINUTES
22:07:04.512 [Test worker] DEBUG com.github.dockerjava.zerodep.shaded.org.apache.hc.client5.http.wire - http-outgoing-2 << "18c0[\r][\n]"
22:07:04.513 [Test worker] DEBUG com.github.dockerjava.zerodep.shaded.org.apache.hc.client5.http.wire - http-outgoing-2 << "{"Id":"511b2d736fd4c4da08b79110fd21fdaa756368e4971eb130f8114450b3efc085","Created":"2023-04-03T01:07:04.201309337Z","Path":"docker-entrypoint.sh","Args":["mysqld"],"State":{"Status":"running","Running":true,"Paused":false,"Restarting":false,"OOMKilled":false,"Dead":false,"Pid":2724,"ExitCode":0,"Error":"","StartedAt":"2023-04-03T01:07:04.498400921Z","FinishedAt":"0001-01-01T00:00:00Z"},"Image":"sha256:c7c54c29e20dccc1aefb936c8eba8bb8b98b87a4921102aba87fde2df5810af9","ResolvConfPath":"/var/lib/docker/containers/511b2d736fd4c4da08b79110fd21fdaa756368e4971eb130f8114450b3efc085/resolv.conf","HostnamePath":"/var/lib/docker/containers/511b2d736fd4c4da08b79110fd21fdaa756368e4971eb130f8114450b3efc085/hostname","HostsPath":"/var/lib/docker/containers/511b2d736fd4c4da08b79110fd21fdaa756368e4971eb130f8114450b3efc085/hosts","LogPath":"/var/lib/docker/containers/511b2d736fd4c4da08b79110fd21fdaa756368e4971eb130f8114450b3efc085/511b2d736fd4c4da08b79110fd21fdaa756368e4971eb130f8114450b3efc085-json.log","Name":"/elastic_easley","RestartCount":0,"Driver":"overlay2","Platform":"linux","MountLabel":"","ProcessLabel":"","AppArmorProfile":"","ExecIDs":null,"HostConfig":{"Binds":[],"ContainerIDFile":"","LogConfig":{"Type":"json-file","Config":{}},"NetworkMode":"default","PortBindings":{"3306/tcp":[{"HostIp":"0.0.0.0","HostPort":"0"}]},"RestartPolicy":{"Name":"","MaximumRetryCount":0},"AutoRemove":false,"VolumeDriver":"","VolumesFrom":[],"CapAdd":null,"CapDrop":null,"CgroupnsMode":"private","Dns":null,"DnsOptions":null,"DnsSearch":null,"ExtraHosts":[],"GroupAdd":null,"IpcMode":"shareable","Cgroup":"","Links":null,"OomScoreAdj":0,"PidMode":"","Privileged":false,"PublishAllPorts":false,"ReadonlyRootfs":false,"SecurityOpt":null,"UTSMode":"","UsernsMode":"","ShmSize":67108864,"Runtime":"runc","ConsoleSize":[0,0],"Isolation":"","CpuShares":0,"Memory":0,"NanoCpus":0,"CgroupParent":"","BlkioWeight":0,"BlkioWeightDevice":null,"BlkioDeviceReadBps":null,"BlkioDeviceWriteBps":null,"BlkioDeviceReadIOps":null,"BlkioDeviceWriteIOps":null,"CpuPeriod":0,"CpuQuota":0,"CpuRealtimePeriod":0,"CpuRealtimeRuntime":0,"CpusetCpus":"","CpusetMems":"","Devices":null,"DeviceCgroupRules":null,"DeviceRequests":null,"KernelMemory":0,"KernelMemoryTCP":0,"MemoryReservation":0,"MemorySwap":0,"MemorySwappiness":null,"OomKillDisable":null,"PidsLimit":null,"Ulimits":null,"CpuCount":0,"CpuPercent":0,"IOMaximumIOps":0,"IOMaximumBandwidth":0,"MaskedPaths":["/proc/asound","/proc/acpi","/proc/kcore","/proc/keys","/proc/latency_stats","/proc/timer_list","/proc/timer_stats","/proc/sched_debug","/proc/scsi","/sys/firmware"],"ReadonlyPaths":["/proc/bus","/proc/fs","/proc/irq","/proc/sys","/proc/sysrq-trigger"]},"GraphDriver":{"Data":{"LowerDir":"/var/lib/docker/overlay2/5ada145d0e3939fe5ed2118eea99b9f10241aeee200293145c73dce66470a568-init/diff:/var/lib/docker/overlay2/1bd8849d7a296305617011f940aa5cfabbe972a513397b1b6bbc27639b6c1f30/diff:/var/lib/docker/overlay2/199d69b2fbf78af4d4c95dec4fd2f8835ab0347eb49fb20ebb2ff3b99fedd6ad/diff:/var/lib/docker/overlay2/d83c38d654989311f75b9491329846033bfb7714de76ef635380dcfad5c740d9/diff:/var/lib/docker/overlay2/08600d0aea2ab2728bebcf5d2589c640a842f53d1ba3c4a4adccb4d03b923cf6/diff:/var/lib/docker/overlay2/9ec7c63a3fb14d13ac788bbf5e282ca821edc41260b79944e5e631037d13ecda/diff:/var/lib/docker/overlay2/db601d7a1b4ea6da638db620462f0da96fa55c559d02269c9ddb09027936ed87/diff:/var/lib/docker/overlay2/a6d2bd03f942e2565f21e74cfe152c7ec836a1c2b583f0790c685b92bdcfda24/diff:/var/lib/docker/overlay2/9badd16ea2c5e2bf1fde8b579683e41137dfc46ed5449234149f199a6751cc84/diff:/var/lib/docker/overlay2/6efb85646ed12e2d1181ef4cc6f6f6732c00c15a4035fe17ebc4f075ca573c30/diff:/var/lib/docker/overlay2/895d7c0ec09144d6ed33936f4e98e11c18010f7abd708cae1ce43aec7a7f2621/diff:/var/lib/docker/overlay2/1c4ba77aa573ab6e5e5069fd15eae71b3da940bde0f97a922a227ffc8a1d1096/diff","MergedDir":"/var/lib/docker/overlay2/5ada145d0e3939fe5ed2118eea99b9f10241aeee200293145c73dce66470a568/merged","UpperDir":"/var/lib/docker/overlay2/5ada145d0e3939fe5ed2118eea99b9f10241aeee200293145c73dce66470a568/diff","WorkDir":"/var/lib/docker/overlay2/5ada145d0e3939fe5ed2118eea99b9f10241aeee200293145c73dce66470a568/work"},"Name":"overlay2"},"Mounts":[{"Type":"volume","Name":"ac6dcf572a35a68e3a3a5bdf3d1899d89919b8e0b6d7a1beb9c6b19978c4e863","Source":"/var/lib/docker/volumes/ac6dcf572a35a68e3a3a5bdf3d1899d89919b8e0b6d7a1beb9c6b19978c4e863/_data","Destination":"/var/lib/mysql","Driver":"local","Mode":"","RW":true,"Propagation":""}],"Config":{"Hostname":"511b2d736fd4","Domainname":"","User":"","AttachStdin":false,"AttachStdout":false,"AttachStderr":false,"ExposedPorts":{"3306/tcp":{},"33060/tcp":{}},"Tty":false,"OpenStdin":false,"StdinOnce":false,"Env":["MYSQL_DATABASE=adm_videos","MYSQL_PASSWORD=123456","MYSQL_ROOT_PASSWORD=123456","PATH=/usr/local/sbin:/usr/local/bin:/usr/sbin:/usr/bin:/sbin:/bin","GOSU_VERSION=1.16","MYSQL_MAJOR=8.0","MYSQL_VERSION=8.0.32-1.el8","MYSQL_SHELL_VERSION=8.0.32-1.el8"],"Cmd":["mysqld"],"Image":"mysql:latest","Volumes":{"/var/lib/mysql":{}},"WorkingDir":"","Entrypoint":["docker-entrypoint.sh"],"OnBuild":null,"Labels":{"org.testcontainers":"true","org.testcontainers.lang":"java","org.testcontainers.sessionId":"c721e8e0-dbbd-4305-a748-6be2465f786d","org.testcontainers.version":"1.17.6"}},"NetworkSettings":{"Bridge":"","SandboxID":"23a51dba07b22c8536581cd39611755923749e16a93a45ce75c5c8a4a7759981","HairpinMode":false,"LinkLocalIPv6Address":"","LinkLocalIPv6PrefixLen":0,"Ports":{"3306/tcp":[{"HostIp":"0.0.0.0","HostPort":"50897"}],"33060/tcp":null},"SandboxKey":"/var/run/docker/netns/23a51dba07b2","SecondaryIPAddresses":null,"SecondaryIPv6Addresses":null,"EndpointID":"692f30c6e93a1486104b6273bdc38b1f926e45528d0b3ff49b5fe2d91ed6b329","Gateway":"172.17.0.1","GlobalIPv6Address":"","GlobalIPv6PrefixLen":0,"IPAddress":"172.17.0.3","IPPrefixLen":16,"IPv6Gateway":"","MacAddress":"02:42:ac:11:00:03","Networks":{"bridge":{"IPAMConfig":null,"Links":null,"Aliases":null,"NetworkID":"eba6fdf7ebe51912c859fc2dc83d1407a50db03ea3c296d90f885e8af84b6e93","EndpointID":"692f30c6e93a1486104b6273bdc38b1f926e45528d0b3ff49b5fe2d91ed6b329","Gateway":"172.17.0.1","IPAddress":"172.17.0.3","IPPrefixLen":16,"IPv6Gateway":"","GlobalIPv6Address":"","GlobalIPv6PrefixLen":0,"MacAddress":"02:42:ac:11:00:03","DriverOpts":null}}}}[\n]"
22:07:04.513 [Test worker] DEBUG com.github.dockerjava.zerodep.shaded.org.apache.hc.client5.http.wire - http-outgoing-2 << "[\r][\n]"
22:07:04.516 [Test worker] DEBUG com.github.dockerjava.zerodep.shaded.org.apache.hc.client5.http.wire - http-outgoing-2 << "0[\r][\n]"
22:07:04.516 [Test worker] DEBUG com.github.dockerjava.zerodep.shaded.org.apache.hc.client5.http.wire - http-outgoing-2 << "[\r][\n]"
22:07:04.516 [Test worker] DEBUG com.github.dockerjava.zerodep.shaded.org.apache.hc.client5.http.impl.classic.InternalHttpClient - ep-0000000B: releasing valid endpoint
22:07:04.516 [Test worker] DEBUG com.github.dockerjava.zerodep.shaded.org.apache.hc.client5.http.impl.io.PoolingHttpClientConnectionManager - ep-0000000B: releasing endpoint
22:07:04.516 [Test worker] DEBUG com.github.dockerjava.zerodep.shaded.org.apache.hc.client5.http.impl.io.PoolingHttpClientConnectionManager - ep-0000000B: connection http-outgoing-2 can be kept alive for 3 MINUTES
22:07:04.516 [Test worker] DEBUG com.github.dockerjava.zerodep.shaded.org.apache.hc.client5.http.impl.io.PoolingHttpClientConnectionManager - ep-0000000B: connection released [route: {}->unix://localhost:2375][total available: 1; route allocated: 1 of 2147483647; total allocated: 1 of 2147483647]
22:07:04.520 [Test worker] DEBUG org.testcontainers.shaded.com.github.dockerjava.core.command.AbstrDockerCmd - Cmd: 511b2d736fd4c4da08b79110fd21fdaa756368e4971eb130f8114450b3efc085,false
22:07:04.520 [Test worker] DEBUG org.testcontainers.shaded.com.github.dockerjava.core.exec.InspectContainerCmdExec - GET: DefaultWebTarget{path=[/containers/511b2d736fd4c4da08b79110fd21fdaa756368e4971eb130f8114450b3efc085/json], queryParams={}}
22:07:04.520 [Test worker] DEBUG com.github.dockerjava.zerodep.shaded.org.apache.hc.client5.http.impl.classic.InternalHttpClient - ex-0000000D: preparing request execution
22:07:04.520 [Test worker] DEBUG com.github.dockerjava.zerodep.shaded.org.apache.hc.client5.http.protocol.RequestAddCookies - Cookie spec selected: strict
22:07:04.520 [Test worker] DEBUG com.github.dockerjava.zerodep.shaded.org.apache.hc.client5.http.protocol.RequestAuthCache - Auth cache not set in the context
22:07:04.520 [Test worker] DEBUG com.github.dockerjava.zerodep.shaded.org.apache.hc.client5.http.impl.classic.ProtocolExec - ex-0000000D: target auth state: UNCHALLENGED
22:07:04.520 [Test worker] DEBUG com.github.dockerjava.zerodep.shaded.org.apache.hc.client5.http.impl.classic.ProtocolExec - ex-0000000D: proxy auth state: UNCHALLENGED
22:07:04.520 [Test worker] DEBUG com.github.dockerjava.zerodep.shaded.org.apache.hc.client5.http.impl.classic.ConnectExec - ex-0000000D: acquiring connection with route {}->unix://localhost:2375
22:07:04.520 [Test worker] DEBUG com.github.dockerjava.zerodep.shaded.org.apache.hc.client5.http.impl.classic.InternalHttpClient - ex-0000000D: acquiring endpoint (3 MINUTES)
22:07:04.520 [Test worker] DEBUG com.github.dockerjava.zerodep.shaded.org.apache.hc.client5.http.impl.io.PoolingHttpClientConnectionManager - ex-0000000D: endpoint lease request (3 MINUTES) [route: {}->unix://localhost:2375][total available: 1; route allocated: 1 of 2147483647; total allocated: 1 of 2147483647]
22:07:04.520 [Test worker] DEBUG com.github.dockerjava.zerodep.shaded.org.apache.hc.client5.http.impl.io.PoolingHttpClientConnectionManager - ex-0000000D: endpoint leased [route: {}->unix://localhost:2375][total available: 0; route allocated: 1 of 2147483647; total allocated: 1 of 2147483647]
22:07:04.520 [Test worker] DEBUG com.github.dockerjava.zerodep.shaded.org.apache.hc.client5.http.impl.io.PoolingHttpClientConnectionManager - ex-0000000D: acquired ep-0000000C
22:07:04.520 [Test worker] DEBUG com.github.dockerjava.zerodep.shaded.org.apache.hc.client5.http.impl.classic.InternalHttpClient - ex-0000000D: acquired endpoint ep-0000000C
22:07:04.520 [Test worker] DEBUG com.github.dockerjava.zerodep.shaded.org.apache.hc.client5.http.impl.classic.MainClientExec - ex-0000000D: executing GET /v1.32/containers/511b2d736fd4c4da08b79110fd21fdaa756368e4971eb130f8114450b3efc085/json HTTP/1.1
22:07:04.521 [Test worker] DEBUG com.github.dockerjava.zerodep.shaded.org.apache.hc.client5.http.impl.classic.InternalHttpClient - ep-0000000C: start execution ex-0000000D
22:07:04.521 [Test worker] DEBUG com.github.dockerjava.zerodep.shaded.org.apache.hc.client5.http.impl.io.PoolingHttpClientConnectionManager - ep-0000000C: executing exchange ex-0000000D over http-outgoing-2
22:07:04.521 [Test worker] DEBUG com.github.dockerjava.zerodep.shaded.org.apache.hc.client5.http.headers - http-outgoing-2 >> GET /v1.32/containers/511b2d736fd4c4da08b79110fd21fdaa756368e4971eb130f8114450b3efc085/json HTTP/1.1
22:07:04.521 [Test worker] DEBUG com.github.dockerjava.zerodep.shaded.org.apache.hc.client5.http.headers - http-outgoing-2 >> accept: application/json
22:07:04.521 [Test worker] DEBUG com.github.dockerjava.zerodep.shaded.org.apache.hc.client5.http.headers - http-outgoing-2 >> x-tc-sid: c721e8e0-dbbd-4305-a748-6be2465f786d
22:07:04.521 [Test worker] DEBUG com.github.dockerjava.zerodep.shaded.org.apache.hc.client5.http.headers - http-outgoing-2 >> Accept-Encoding: gzip, x-gzip, deflate
22:07:04.521 [Test worker] DEBUG com.github.dockerjava.zerodep.shaded.org.apache.hc.client5.http.headers - http-outgoing-2 >> Host: localhost:2375
22:07:04.521 [Test worker] DEBUG com.github.dockerjava.zerodep.shaded.org.apache.hc.client5.http.headers - http-outgoing-2 >> Connection: keep-alive
22:07:04.521 [Test worker] DEBUG com.github.dockerjava.zerodep.shaded.org.apache.hc.client5.http.headers - http-outgoing-2 >> User-Agent: Apache-HttpClient/5.0.3 (Java/17.0.2)
22:07:04.521 [Test worker] DEBUG com.github.dockerjava.zerodep.shaded.org.apache.hc.client5.http.wire - http-outgoing-2 >> "GET /v1.32/containers/511b2d736fd4c4da08b79110fd21fdaa756368e4971eb130f8114450b3efc085/json HTTP/1.1[\r][\n]"
22:07:04.521 [Test worker] DEBUG com.github.dockerjava.zerodep.shaded.org.apache.hc.client5.http.wire - http-outgoing-2 >> "accept: application/json[\r][\n]"
22:07:04.521 [Test worker] DEBUG com.github.dockerjava.zerodep.shaded.org.apache.hc.client5.http.wire - http-outgoing-2 >> "x-tc-sid: c721e8e0-dbbd-4305-a748-6be2465f786d[\r][\n]"
22:07:04.521 [Test worker] DEBUG com.github.dockerjava.zerodep.shaded.org.apache.hc.client5.http.wire - http-outgoing-2 >> "Accept-Encoding: gzip, x-gzip, deflate[\r][\n]"
22:07:04.521 [Test worker] DEBUG com.github.dockerjava.zerodep.shaded.org.apache.hc.client5.http.wire - http-outgoing-2 >> "Host: localhost:2375[\r][\n]"
22:07:04.521 [Test worker] DEBUG com.github.dockerjava.zerodep.shaded.org.apache.hc.client5.http.wire - http-outgoing-2 >> "Connection: keep-alive[\r][\n]"
22:07:04.521 [Test worker] DEBUG com.github.dockerjava.zerodep.shaded.org.apache.hc.client5.http.wire - http-outgoing-2 >> "User-Agent: Apache-HttpClient/5.0.3 (Java/17.0.2)[\r][\n]"
22:07:04.521 [Test worker] DEBUG com.github.dockerjava.zerodep.shaded.org.apache.hc.client5.http.wire - http-outgoing-2 >> "[\r][\n]"
22:07:04.524 [Test worker] DEBUG com.github.dockerjava.zerodep.shaded.org.apache.hc.client5.http.wire - http-outgoing-2 << "HTTP/1.1 200 OK[\r][\n]"
22:07:04.524 [Test worker] DEBUG com.github.dockerjava.zerodep.shaded.org.apache.hc.client5.http.wire - http-outgoing-2 << "Api-Version: 1.41[\r][\n]"
22:07:04.524 [Test worker] DEBUG com.github.dockerjava.zerodep.shaded.org.apache.hc.client5.http.wire - http-outgoing-2 << "Content-Type: application/json[\r][\n]"
22:07:04.524 [Test worker] DEBUG com.github.dockerjava.zerodep.shaded.org.apache.hc.client5.http.wire - http-outgoing-2 << "Date: Mon, 03 Apr 2023 01:07:04 GMT[\r][\n]"
22:07:04.524 [Test worker] DEBUG com.github.dockerjava.zerodep.shaded.org.apache.hc.client5.http.wire - http-outgoing-2 << "Docker-Experimental: false[\r][\n]"
22:07:04.524 [Test worker] DEBUG com.github.dockerjava.zerodep.shaded.org.apache.hc.client5.http.wire - http-outgoing-2 << "Ostype: linux[\r][\n]"
22:07:04.524 [Test worker] DEBUG com.github.dockerjava.zerodep.shaded.org.apache.hc.client5.http.wire - http-outgoing-2 << "Server: Docker/20.10.21 (linux)[\r][\n]"
22:07:04.524 [Test worker] DEBUG com.github.dockerjava.zerodep.shaded.org.apache.hc.client5.http.wire - http-outgoing-2 << "Transfer-Encoding: chunked[\r][\n]"
22:07:04.524 [Test worker] DEBUG com.github.dockerjava.zerodep.shaded.org.apache.hc.client5.http.wire - http-outgoing-2 << "[\r][\n]"
22:07:04.525 [Test worker] DEBUG com.github.dockerjava.zerodep.shaded.org.apache.hc.client5.http.headers - http-outgoing-2 << HTTP/1.1 200 OK
22:07:04.525 [Test worker] DEBUG com.github.dockerjava.zerodep.shaded.org.apache.hc.client5.http.headers - http-outgoing-2 << Api-Version: 1.41
22:07:04.525 [Test worker] DEBUG com.github.dockerjava.zerodep.shaded.org.apache.hc.client5.http.headers - http-outgoing-2 << Content-Type: application/json
22:07:04.525 [Test worker] DEBUG com.github.dockerjava.zerodep.shaded.org.apache.hc.client5.http.headers - http-outgoing-2 << Date: Mon, 03 Apr 2023 01:07:04 GMT
22:07:04.525 [Test worker] DEBUG com.github.dockerjava.zerodep.shaded.org.apache.hc.client5.http.headers - http-outgoing-2 << Docker-Experimental: false
22:07:04.525 [Test worker] DEBUG com.github.dockerjava.zerodep.shaded.org.apache.hc.client5.http.headers - http-outgoing-2 << Ostype: linux
22:07:04.525 [Test worker] DEBUG com.github.dockerjava.zerodep.shaded.org.apache.hc.client5.http.headers - http-outgoing-2 << Server: Docker/20.10.21 (linux)
22:07:04.525 [Test worker] DEBUG com.github.dockerjava.zerodep.shaded.org.apache.hc.client5.http.headers - http-outgoing-2 << Transfer-Encoding: chunked
22:07:04.525 [Test worker] DEBUG com.github.dockerjava.zerodep.shaded.org.apache.hc.client5.http.impl.classic.MainClientExec - ex-0000000D: connection can be kept alive for 3 MINUTES
22:07:04.525 [Test worker] DEBUG com.github.dockerjava.zerodep.shaded.org.apache.hc.client5.http.wire - http-outgoing-2 << "18c0[\r][\n]"
22:07:04.526 [Test worker] DEBUG com.github.dockerjava.zerodep.shaded.org.apache.hc.client5.http.wire - http-outgoing-2 << "{"Id":"511b2d736fd4c4da08b79110fd21fdaa756368e4971eb130f8114450b3efc085","Created":"2023-04-03T01:07:04.201309337Z","Path":"docker-entrypoint.sh","Args":["mysqld"],"State":{"Status":"running","Running":true,"Paused":false,"Restarting":false,"OOMKilled":false,"Dead":false,"Pid":2724,"ExitCode":0,"Error":"","StartedAt":"2023-04-03T01:07:04.498400921Z","FinishedAt":"0001-01-01T00:00:00Z"},"Image":"sha256:c7c54c29e20dccc1aefb936c8eba8bb8b98b87a4921102aba87fde2df5810af9","ResolvConfPath":"/var/lib/docker/containers/511b2d736fd4c4da08b79110fd21fdaa756368e4971eb130f8114450b3efc085/resolv.conf","HostnamePath":"/var/lib/docker/containers/511b2d736fd4c4da08b79110fd21fdaa756368e4971eb130f8114450b3efc085/hostname","HostsPath":"/var/lib/docker/containers/511b2d736fd4c4da08b79110fd21fdaa756368e4971eb130f8114450b3efc085/hosts","LogPath":"/var/lib/docker/containers/511b2d736fd4c4da08b79110fd21fdaa756368e4971eb130f8114450b3efc085/511b2d736fd4c4da08b79110fd21fdaa756368e4971eb130f8114450b3efc085-json.log","Name":"/elastic_easley","RestartCount":0,"Driver":"overlay2","Platform":"linux","MountLabel":"","ProcessLabel":"","AppArmorProfile":"","ExecIDs":null,"HostConfig":{"Binds":[],"ContainerIDFile":"","LogConfig":{"Type":"json-file","Config":{}},"NetworkMode":"default","PortBindings":{"3306/tcp":[{"HostIp":"0.0.0.0","HostPort":"0"}]},"RestartPolicy":{"Name":"","MaximumRetryCount":0},"AutoRemove":false,"VolumeDriver":"","VolumesFrom":[],"CapAdd":null,"CapDrop":null,"CgroupnsMode":"private","Dns":null,"DnsOptions":null,"DnsSearch":null,"ExtraHosts":[],"GroupAdd":null,"IpcMode":"shareable","Cgroup":"","Links":null,"OomScoreAdj":0,"PidMode":"","Privileged":false,"PublishAllPorts":false,"ReadonlyRootfs":false,"SecurityOpt":null,"UTSMode":"","UsernsMode":"","ShmSize":67108864,"Runtime":"runc","ConsoleSize":[0,0],"Isolation":"","CpuShares":0,"Memory":0,"NanoCpus":0,"CgroupParent":"","BlkioWeight":0,"BlkioWeightDevice":null,"BlkioDeviceReadBps":null,"BlkioDeviceWriteBps":null,"BlkioDeviceReadIOps":null,"BlkioDeviceWriteIOps":null,"CpuPeriod":0,"CpuQuota":0,"CpuRealtimePeriod":0,"CpuRealtimeRuntime":0,"CpusetCpus":"","CpusetMems":"","Devices":null,"DeviceCgroupRules":null,"DeviceRequests":null,"KernelMemory":0,"KernelMemoryTCP":0,"MemoryReservation":0,"MemorySwap":0,"MemorySwappiness":null,"OomKillDisable":null,"PidsLimit":null,"Ulimits":null,"CpuCount":0,"CpuPercent":0,"IOMaximumIOps":0,"IOMaximumBandwidth":0,"MaskedPaths":["/proc/asound","/proc/acpi","/proc/kcore","/proc/keys","/proc/latency_stats","/proc/timer_list","/proc/timer_stats","/proc/sched_debug","/proc/scsi","/sys/firmware"],"ReadonlyPaths":["/proc/bus","/proc/fs","/proc/irq","/proc/sys","/proc/sysrq-trigger"]},"GraphDriver":{"Data":{"LowerDir":"/var/lib/docker/overlay2/5ada145d0e3939fe5ed2118eea99b9f10241aeee200293145c73dce66470a568-init/diff:/var/lib/docker/overlay2/1bd8849d7a296305617011f940aa5cfabbe972a513397b1b6bbc27639b6c1f30/diff:/var/lib/docker/overlay2/199d69b2fbf78af4d4c95dec4fd2f8835ab0347eb49fb20ebb2ff3b99fedd6ad/diff:/var/lib/docker/overlay2/d83c38d654989311f75b9491329846033bfb7714de76ef635380dcfad5c740d9/diff:/var/lib/docker/overlay2/08600d0aea2ab2728bebcf5d2589c640a842f53d1ba3c4a4adccb4d03b923cf6/diff:/var/lib/docker/overlay2/9ec7c63a3fb14d13ac788bbf5e282ca821edc41260b79944e5e631037d13ecda/diff:/var/lib/docker/overlay2/db601d7a1b4ea6da638db620462f0da96fa55c559d02269c9ddb09027936ed87/diff:/var/lib/docker/overlay2/a6d2bd03f942e2565f21e74cfe152c7ec836a1c2b583f0790c685b92bdcfda24/diff:/var/lib/docker/overlay2/9badd16ea2c5e2bf1fde8b579683e41137dfc46ed5449234149f199a6751cc84/diff:/var/lib/docker/overlay2/6efb85646ed12e2d1181ef4cc6f6f6732c00c15a4035fe17ebc4f075ca573c30/diff:/var/lib/docker/overlay2/895d7c0ec09144d6ed33936f4e98e11c18010f7abd708cae1ce43aec7a7f2621/diff:/var/lib/docker/overlay2/1c4ba77aa573ab6e5e5069fd15eae71b3da940bde0f97a922a227ffc8a1d1096/diff","MergedDir":"/var/lib/docker/overlay2/5ada145d0e3939fe5ed2118eea99b9f10241aeee200293145c73dce66470a568/merged","UpperDir":"/var/lib/docker/overlay2/5ada145d0e3939fe5ed2118eea99b9f10241aeee200293145c73dce66470a568/diff","WorkDir":"/var/lib/docker/overlay2/5ada145d0e3939fe5ed2118eea99b9f10241aeee200293145c73dce66470a568/work"},"Name":"overlay2"},"Mounts":[{"Type":"volume","Name":"ac6dcf572a35a68e3a3a5bdf3d1899d89919b8e0b6d7a1beb9c6b19978c4e863","Source":"/var/lib/docker/volumes/ac6dcf572a35a68e3a3a5bdf3d1899d89919b8e0b6d7a1beb9c6b19978c4e863/_data","Destination":"/var/lib/mysql","Driver":"local","Mode":"","RW":true,"Propagation":""}],"Config":{"Hostname":"511b2d736fd4","Domainname":"","User":"","AttachStdin":false,"AttachStdout":false,"AttachStderr":false,"ExposedPorts":{"3306/tcp":{},"33060/tcp":{}},"Tty":false,"OpenStdin":false,"StdinOnce":false,"Env":["MYSQL_DATABASE=adm_videos","MYSQL_PASSWORD=123456","MYSQL_ROOT_PASSWORD=123456","PATH=/usr/local/sbin:/usr/local/bin:/usr/sbin:/usr/bin:/sbin:/bin","GOSU_VERSION=1.16","MYSQL_MAJOR=8.0","MYSQL_VERSION=8.0.32-1.el8","MYSQL_SHELL_VERSION=8.0.32-1.el8"],"Cmd":["mysqld"],"Image":"mysql:latest","Volumes":{"/var/lib/mysql":{}},"WorkingDir":"","Entrypoint":["docker-entrypoint.sh"],"OnBuild":null,"Labels":{"org.testcontainers":"true","org.testcontainers.lang":"java","org.testcontainers.sessionId":"c721e8e0-dbbd-4305-a748-6be2465f786d","org.testcontainers.version":"1.17.6"}},"NetworkSettings":{"Bridge":"","SandboxID":"23a51dba07b22c8536581cd39611755923749e16a93a45ce75c5c8a4a7759981","HairpinMode":false,"LinkLocalIPv6Address":"","LinkLocalIPv6PrefixLen":0,"Ports":{"3306/tcp":[{"HostIp":"0.0.0.0","HostPort":"50897"}],"33060/tcp":null},"SandboxKey":"/var/run/docker/netns/23a51dba07b2","SecondaryIPAddresses":null,"SecondaryIPv6Addresses":null,"EndpointID":"692f30c6e93a1486104b6273bdc38b1f926e45528d0b3ff49b5fe2d91ed6b329","Gateway":"172.17.0.1","GlobalIPv6Address":"","GlobalIPv6PrefixLen":0,"IPAddress":"172.17.0.3","IPPrefixLen":16,"IPv6Gateway":"","MacAddress":"02:42:ac:11:00:03","Networks":{"bridge":{"IPAMConfig":null,"Links":null,"Aliases":null,"NetworkID":"eba6fdf7ebe51912c859fc2dc83d1407a50db03ea3c296d90f885e8af84b6e93","EndpointID":"692f30c6e93a1486104b6273bdc38b1f926e45528d0b3ff49b5fe2d91ed6b329","Gateway":"172.17.0.1","IPAddress":"172.17.0.3","IPPrefixLen":16,"IPv6Gateway":"","GlobalIPv6Address":"","GlobalIPv6PrefixLen":0,"MacAddress":"02:42:ac:11:00:03","DriverOpts":null}}}}[\n]"
22:07:04.526 [Test worker] DEBUG com.github.dockerjava.zerodep.shaded.org.apache.hc.client5.http.wire - http-outgoing-2 << "[\r][\n]"
22:07:04.527 [Test worker] DEBUG com.github.dockerjava.zerodep.shaded.org.apache.hc.client5.http.wire - http-outgoing-2 << "0[\r][\n]"
22:07:04.527 [Test worker] DEBUG com.github.dockerjava.zerodep.shaded.org.apache.hc.client5.http.wire - http-outgoing-2 << "[\r][\n]"
22:07:04.527 [Test worker] DEBUG com.github.dockerjava.zerodep.shaded.org.apache.hc.client5.http.impl.classic.InternalHttpClient - ep-0000000C: releasing valid endpoint
22:07:04.527 [Test worker] DEBUG com.github.dockerjava.zerodep.shaded.org.apache.hc.client5.http.impl.io.PoolingHttpClientConnectionManager - ep-0000000C: releasing endpoint
22:07:04.527 [Test worker] DEBUG com.github.dockerjava.zerodep.shaded.org.apache.hc.client5.http.impl.io.PoolingHttpClientConnectionManager - ep-0000000C: connection http-outgoing-2 can be kept alive for 3 MINUTES
22:07:04.527 [Test worker] DEBUG com.github.dockerjava.zerodep.shaded.org.apache.hc.client5.http.impl.io.PoolingHttpClientConnectionManager - ep-0000000C: connection released [route: {}->unix://localhost:2375][total available: 1; route allocated: 1 of 2147483647; total allocated: 1 of 2147483647]
22:07:04.527 [Test worker] DEBUG ]]>&#x1f433;<![CDATA[ [mysql:latest] - Trying to create JDBC connection using com.mysql.cj.jdbc.Driver to jdbc:mysql://localhost:50897/adm_videos?useSSL=false&allowPublicKeyRetrieval=true with properties: {password=123456, user=root}
22:07:04.729 [Test worker] DEBUG org.testcontainers.shaded.com.github.dockerjava.core.command.AbstrDockerCmd - Cmd: 511b2d736fd4c4da08b79110fd21fdaa756368e4971eb130f8114450b3efc085,false
22:07:04.729 [Test worker] DEBUG org.testcontainers.shaded.com.github.dockerjava.core.exec.InspectContainerCmdExec - GET: DefaultWebTarget{path=[/containers/511b2d736fd4c4da08b79110fd21fdaa756368e4971eb130f8114450b3efc085/json], queryParams={}}
22:07:04.729 [Test worker] DEBUG com.github.dockerjava.zerodep.shaded.org.apache.hc.client5.http.impl.classic.InternalHttpClient - ex-0000000E: preparing request execution
22:07:04.729 [Test worker] DEBUG com.github.dockerjava.zerodep.shaded.org.apache.hc.client5.http.protocol.RequestAddCookies - Cookie spec selected: strict
22:07:04.729 [Test worker] DEBUG com.github.dockerjava.zerodep.shaded.org.apache.hc.client5.http.protocol.RequestAuthCache - Auth cache not set in the context
22:07:04.729 [Test worker] DEBUG com.github.dockerjava.zerodep.shaded.org.apache.hc.client5.http.impl.classic.ProtocolExec - ex-0000000E: target auth state: UNCHALLENGED
22:07:04.729 [Test worker] DEBUG com.github.dockerjava.zerodep.shaded.org.apache.hc.client5.http.impl.classic.ProtocolExec - ex-0000000E: proxy auth state: UNCHALLENGED
22:07:04.729 [Test worker] DEBUG com.github.dockerjava.zerodep.shaded.org.apache.hc.client5.http.impl.classic.ConnectExec - ex-0000000E: acquiring connection with route {}->unix://localhost:2375
22:07:04.729 [Test worker] DEBUG com.github.dockerjava.zerodep.shaded.org.apache.hc.client5.http.impl.classic.InternalHttpClient - ex-0000000E: acquiring endpoint (3 MINUTES)
22:07:04.729 [Test worker] DEBUG com.github.dockerjava.zerodep.shaded.org.apache.hc.client5.http.impl.io.PoolingHttpClientConnectionManager - ex-0000000E: endpoint lease request (3 MINUTES) [route: {}->unix://localhost:2375][total available: 1; route allocated: 1 of 2147483647; total allocated: 1 of 2147483647]
22:07:04.729 [Test worker] DEBUG com.github.dockerjava.zerodep.shaded.org.apache.hc.client5.http.impl.io.PoolingHttpClientConnectionManager - ex-0000000E: endpoint leased [route: {}->unix://localhost:2375][total available: 0; route allocated: 1 of 2147483647; total allocated: 1 of 2147483647]
22:07:04.730 [Test worker] DEBUG com.github.dockerjava.zerodep.shaded.org.apache.hc.client5.http.impl.io.PoolingHttpClientConnectionManager - ex-0000000E: acquired ep-0000000D
22:07:04.730 [Test worker] DEBUG com.github.dockerjava.zerodep.shaded.org.apache.hc.client5.http.impl.classic.InternalHttpClient - ex-0000000E: acquired endpoint ep-0000000D
22:07:04.730 [Test worker] DEBUG com.github.dockerjava.zerodep.shaded.org.apache.hc.client5.http.impl.classic.MainClientExec - ex-0000000E: executing GET /v1.32/containers/511b2d736fd4c4da08b79110fd21fdaa756368e4971eb130f8114450b3efc085/json HTTP/1.1
22:07:04.730 [Test worker] DEBUG com.github.dockerjava.zerodep.shaded.org.apache.hc.client5.http.impl.classic.InternalHttpClient - ep-0000000D: start execution ex-0000000E
22:07:04.730 [Test worker] DEBUG com.github.dockerjava.zerodep.shaded.org.apache.hc.client5.http.impl.io.PoolingHttpClientConnectionManager - ep-0000000D: executing exchange ex-0000000E over http-outgoing-2
22:07:04.730 [Test worker] DEBUG com.github.dockerjava.zerodep.shaded.org.apache.hc.client5.http.headers - http-outgoing-2 >> GET /v1.32/containers/511b2d736fd4c4da08b79110fd21fdaa756368e4971eb130f8114450b3efc085/json HTTP/1.1
22:07:04.730 [Test worker] DEBUG com.github.dockerjava.zerodep.shaded.org.apache.hc.client5.http.headers - http-outgoing-2 >> accept: application/json
22:07:04.730 [Test worker] DEBUG com.github.dockerjava.zerodep.shaded.org.apache.hc.client5.http.headers - http-outgoing-2 >> x-tc-sid: c721e8e0-dbbd-4305-a748-6be2465f786d
22:07:04.730 [Test worker] DEBUG com.github.dockerjava.zerodep.shaded.org.apache.hc.client5.http.headers - http-outgoing-2 >> Accept-Encoding: gzip, x-gzip, deflate
22:07:04.730 [Test worker] DEBUG com.github.dockerjava.zerodep.shaded.org.apache.hc.client5.http.headers - http-outgoing-2 >> Host: localhost:2375
22:07:04.730 [Test worker] DEBUG com.github.dockerjava.zerodep.shaded.org.apache.hc.client5.http.headers - http-outgoing-2 >> Connection: keep-alive
22:07:04.730 [Test worker] DEBUG com.github.dockerjava.zerodep.shaded.org.apache.hc.client5.http.headers - http-outgoing-2 >> User-Agent: Apache-HttpClient/5.0.3 (Java/17.0.2)
22:07:04.730 [Test worker] DEBUG com.github.dockerjava.zerodep.shaded.org.apache.hc.client5.http.wire - http-outgoing-2 >> "GET /v1.32/containers/511b2d736fd4c4da08b79110fd21fdaa756368e4971eb130f8114450b3efc085/json HTTP/1.1[\r][\n]"
22:07:04.730 [Test worker] DEBUG com.github.dockerjava.zerodep.shaded.org.apache.hc.client5.http.wire - http-outgoing-2 >> "accept: application/json[\r][\n]"
22:07:04.730 [Test worker] DEBUG com.github.dockerjava.zerodep.shaded.org.apache.hc.client5.http.wire - http-outgoing-2 >> "x-tc-sid: c721e8e0-dbbd-4305-a748-6be2465f786d[\r][\n]"
22:07:04.730 [Test worker] DEBUG com.github.dockerjava.zerodep.shaded.org.apache.hc.client5.http.wire - http-outgoing-2 >> "Accept-Encoding: gzip, x-gzip, deflate[\r][\n]"
22:07:04.730 [Test worker] DEBUG com.github.dockerjava.zerodep.shaded.org.apache.hc.client5.http.wire - http-outgoing-2 >> "Host: localhost:2375[\r][\n]"
22:07:04.730 [Test worker] DEBUG com.github.dockerjava.zerodep.shaded.org.apache.hc.client5.http.wire - http-outgoing-2 >> "Connection: keep-alive[\r][\n]"
22:07:04.730 [Test worker] DEBUG com.github.dockerjava.zerodep.shaded.org.apache.hc.client5.http.wire - http-outgoing-2 >> "User-Agent: Apache-HttpClient/5.0.3 (Java/17.0.2)[\r][\n]"
22:07:04.730 [Test worker] DEBUG com.github.dockerjava.zerodep.shaded.org.apache.hc.client5.http.wire - http-outgoing-2 >> "[\r][\n]"
22:07:04.731 [Test worker] DEBUG com.github.dockerjava.zerodep.shaded.org.apache.hc.client5.http.wire - http-outgoing-2 << "HTTP/1.1 200 OK[\r][\n]"
22:07:04.731 [Test worker] DEBUG com.github.dockerjava.zerodep.shaded.org.apache.hc.client5.http.wire - http-outgoing-2 << "Api-Version: 1.41[\r][\n]"
22:07:04.731 [Test worker] DEBUG com.github.dockerjava.zerodep.shaded.org.apache.hc.client5.http.wire - http-outgoing-2 << "Content-Type: application/json[\r][\n]"
22:07:04.731 [Test worker] DEBUG com.github.dockerjava.zerodep.shaded.org.apache.hc.client5.http.wire - http-outgoing-2 << "Date: Mon, 03 Apr 2023 01:07:04 GMT[\r][\n]"
22:07:04.731 [Test worker] DEBUG com.github.dockerjava.zerodep.shaded.org.apache.hc.client5.http.wire - http-outgoing-2 << "Docker-Experimental: false[\r][\n]"
22:07:04.731 [Test worker] DEBUG com.github.dockerjava.zerodep.shaded.org.apache.hc.client5.http.wire - http-outgoing-2 << "Ostype: linux[\r][\n]"
22:07:04.731 [Test worker] DEBUG com.github.dockerjava.zerodep.shaded.org.apache.hc.client5.http.wire - http-outgoing-2 << "Server: Docker/20.10.21 (linux)[\r][\n]"
22:07:04.731 [Test worker] DEBUG com.github.dockerjava.zerodep.shaded.org.apache.hc.client5.http.wire - http-outgoing-2 << "Transfer-Encoding: chunked[\r][\n]"
22:07:04.731 [Test worker] DEBUG com.github.dockerjava.zerodep.shaded.org.apache.hc.client5.http.wire - http-outgoing-2 << "[\r][\n]"
22:07:04.731 [Test worker] DEBUG com.github.dockerjava.zerodep.shaded.org.apache.hc.client5.http.headers - http-outgoing-2 << HTTP/1.1 200 OK
22:07:04.731 [Test worker] DEBUG com.github.dockerjava.zerodep.shaded.org.apache.hc.client5.http.headers - http-outgoing-2 << Api-Version: 1.41
22:07:04.731 [Test worker] DEBUG com.github.dockerjava.zerodep.shaded.org.apache.hc.client5.http.headers - http-outgoing-2 << Content-Type: application/json
22:07:04.731 [Test worker] DEBUG com.github.dockerjava.zerodep.shaded.org.apache.hc.client5.http.headers - http-outgoing-2 << Date: Mon, 03 Apr 2023 01:07:04 GMT
22:07:04.731 [Test worker] DEBUG com.github.dockerjava.zerodep.shaded.org.apache.hc.client5.http.headers - http-outgoing-2 << Docker-Experimental: false
22:07:04.731 [Test worker] DEBUG com.github.dockerjava.zerodep.shaded.org.apache.hc.client5.http.headers - http-outgoing-2 << Ostype: linux
22:07:04.731 [Test worker] DEBUG com.github.dockerjava.zerodep.shaded.org.apache.hc.client5.http.headers - http-outgoing-2 << Server: Docker/20.10.21 (linux)
22:07:04.731 [Test worker] DEBUG com.github.dockerjava.zerodep.shaded.org.apache.hc.client5.http.headers - http-outgoing-2 << Transfer-Encoding: chunked
22:07:04.731 [Test worker] DEBUG com.github.dockerjava.zerodep.shaded.org.apache.hc.client5.http.impl.classic.MainClientExec - ex-0000000E: connection can be kept alive for 3 MINUTES
22:07:04.732 [Test worker] DEBUG com.github.dockerjava.zerodep.shaded.org.apache.hc.client5.http.wire - http-outgoing-2 << "18c0[\r][\n]"
22:07:04.732 [Test worker] DEBUG com.github.dockerjava.zerodep.shaded.org.apache.hc.client5.http.wire - http-outgoing-2 << "{"Id":"511b2d736fd4c4da08b79110fd21fdaa756368e4971eb130f8114450b3efc085","Created":"2023-04-03T01:07:04.201309337Z","Path":"docker-entrypoint.sh","Args":["mysqld"],"State":{"Status":"running","Running":true,"Paused":false,"Restarting":false,"OOMKilled":false,"Dead":false,"Pid":2724,"ExitCode":0,"Error":"","StartedAt":"2023-04-03T01:07:04.498400921Z","FinishedAt":"0001-01-01T00:00:00Z"},"Image":"sha256:c7c54c29e20dccc1aefb936c8eba8bb8b98b87a4921102aba87fde2df5810af9","ResolvConfPath":"/var/lib/docker/containers/511b2d736fd4c4da08b79110fd21fdaa756368e4971eb130f8114450b3efc085/resolv.conf","HostnamePath":"/var/lib/docker/containers/511b2d736fd4c4da08b79110fd21fdaa756368e4971eb130f8114450b3efc085/hostname","HostsPath":"/var/lib/docker/containers/511b2d736fd4c4da08b79110fd21fdaa756368e4971eb130f8114450b3efc085/hosts","LogPath":"/var/lib/docker/containers/511b2d736fd4c4da08b79110fd21fdaa756368e4971eb130f8114450b3efc085/511b2d736fd4c4da08b79110fd21fdaa756368e4971eb130f8114450b3efc085-json.log","Name":"/elastic_easley","RestartCount":0,"Driver":"overlay2","Platform":"linux","MountLabel":"","ProcessLabel":"","AppArmorProfile":"","ExecIDs":null,"HostConfig":{"Binds":[],"ContainerIDFile":"","LogConfig":{"Type":"json-file","Config":{}},"NetworkMode":"default","PortBindings":{"3306/tcp":[{"HostIp":"0.0.0.0","HostPort":"0"}]},"RestartPolicy":{"Name":"","MaximumRetryCount":0},"AutoRemove":false,"VolumeDriver":"","VolumesFrom":[],"CapAdd":null,"CapDrop":null,"CgroupnsMode":"private","Dns":null,"DnsOptions":null,"DnsSearch":null,"ExtraHosts":[],"GroupAdd":null,"IpcMode":"shareable","Cgroup":"","Links":null,"OomScoreAdj":0,"PidMode":"","Privileged":false,"PublishAllPorts":false,"ReadonlyRootfs":false,"SecurityOpt":null,"UTSMode":"","UsernsMode":"","ShmSize":67108864,"Runtime":"runc","ConsoleSize":[0,0],"Isolation":"","CpuShares":0,"Memory":0,"NanoCpus":0,"CgroupParent":"","BlkioWeight":0,"BlkioWeightDevice":null,"BlkioDeviceReadBps":null,"BlkioDeviceWriteBps":null,"BlkioDeviceReadIOps":null,"BlkioDeviceWriteIOps":null,"CpuPeriod":0,"CpuQuota":0,"CpuRealtimePeriod":0,"CpuRealtimeRuntime":0,"CpusetCpus":"","CpusetMems":"","Devices":null,"DeviceCgroupRules":null,"DeviceRequests":null,"KernelMemory":0,"KernelMemoryTCP":0,"MemoryReservation":0,"MemorySwap":0,"MemorySwappiness":null,"OomKillDisable":null,"PidsLimit":null,"Ulimits":null,"CpuCount":0,"CpuPercent":0,"IOMaximumIOps":0,"IOMaximumBandwidth":0,"MaskedPaths":["/proc/asound","/proc/acpi","/proc/kcore","/proc/keys","/proc/latency_stats","/proc/timer_list","/proc/timer_stats","/proc/sched_debug","/proc/scsi","/sys/firmware"],"ReadonlyPaths":["/proc/bus","/proc/fs","/proc/irq","/proc/sys","/proc/sysrq-trigger"]},"GraphDriver":{"Data":{"LowerDir":"/var/lib/docker/overlay2/5ada145d0e3939fe5ed2118eea99b9f10241aeee200293145c73dce66470a568-init/diff:/var/lib/docker/overlay2/1bd8849d7a296305617011f940aa5cfabbe972a513397b1b6bbc27639b6c1f30/diff:/var/lib/docker/overlay2/199d69b2fbf78af4d4c95dec4fd2f8835ab0347eb49fb20ebb2ff3b99fedd6ad/diff:/var/lib/docker/overlay2/d83c38d654989311f75b9491329846033bfb7714de76ef635380dcfad5c740d9/diff:/var/lib/docker/overlay2/08600d0aea2ab2728bebcf5d2589c640a842f53d1ba3c4a4adccb4d03b923cf6/diff:/var/lib/docker/overlay2/9ec7c63a3fb14d13ac788bbf5e282ca821edc41260b79944e5e631037d13ecda/diff:/var/lib/docker/overlay2/db601d7a1b4ea6da638db620462f0da96fa55c559d02269c9ddb09027936ed87/diff:/var/lib/docker/overlay2/a6d2bd03f942e2565f21e74cfe152c7ec836a1c2b583f0790c685b92bdcfda24/diff:/var/lib/docker/overlay2/9badd16ea2c5e2bf1fde8b579683e41137dfc46ed5449234149f199a6751cc84/diff:/var/lib/docker/overlay2/6efb85646ed12e2d1181ef4cc6f6f6732c00c15a4035fe17ebc4f075ca573c30/diff:/var/lib/docker/overlay2/895d7c0ec09144d6ed33936f4e98e11c18010f7abd708cae1ce43aec7a7f2621/diff:/var/lib/docker/overlay2/1c4ba77aa573ab6e5e5069fd15eae71b3da940bde0f97a922a227ffc8a1d1096/diff","MergedDir":"/var/lib/docker/overlay2/5ada145d0e3939fe5ed2118eea99b9f10241aeee200293145c73dce66470a568/merged","UpperDir":"/var/lib/docker/overlay2/5ada145d0e3939fe5ed2118eea99b9f10241aeee200293145c73dce66470a568/diff","WorkDir":"/var/lib/docker/overlay2/5ada145d0e3939fe5ed2118eea99b9f10241aeee200293145c73dce66470a568/work"},"Name":"overlay2"},"Mounts":[{"Type":"volume","Name":"ac6dcf572a35a68e3a3a5bdf3d1899d89919b8e0b6d7a1beb9c6b19978c4e863","Source":"/var/lib/docker/volumes/ac6dcf572a35a68e3a3a5bdf3d1899d89919b8e0b6d7a1beb9c6b19978c4e863/_data","Destination":"/var/lib/mysql","Driver":"local","Mode":"","RW":true,"Propagation":""}],"Config":{"Hostname":"511b2d736fd4","Domainname":"","User":"","AttachStdin":false,"AttachStdout":false,"AttachStderr":false,"ExposedPorts":{"3306/tcp":{},"33060/tcp":{}},"Tty":false,"OpenStdin":false,"StdinOnce":false,"Env":["MYSQL_DATABASE=adm_videos","MYSQL_PASSWORD=123456","MYSQL_ROOT_PASSWORD=123456","PATH=/usr/local/sbin:/usr/local/bin:/usr/sbin:/usr/bin:/sbin:/bin","GOSU_VERSION=1.16","MYSQL_MAJOR=8.0","MYSQL_VERSION=8.0.32-1.el8","MYSQL_SHELL_VERSION=8.0.32-1.el8"],"Cmd":["mysqld"],"Image":"mysql:latest","Volumes":{"/var/lib/mysql":{}},"WorkingDir":"","Entrypoint":["docker-entrypoint.sh"],"OnBuild":null,"Labels":{"org.testcontainers":"true","org.testcontainers.lang":"java","org.testcontainers.sessionId":"c721e8e0-dbbd-4305-a748-6be2465f786d","org.testcontainers.version":"1.17.6"}},"NetworkSettings":{"Bridge":"","SandboxID":"23a51dba07b22c8536581cd39611755923749e16a93a45ce75c5c8a4a7759981","HairpinMode":false,"LinkLocalIPv6Address":"","LinkLocalIPv6PrefixLen":0,"Ports":{"3306/tcp":[{"HostIp":"0.0.0.0","HostPort":"50897"}],"33060/tcp":null},"SandboxKey":"/var/run/docker/netns/23a51dba07b2","SecondaryIPAddresses":null,"SecondaryIPv6Addresses":null,"EndpointID":"692f30c6e93a1486104b6273bdc38b1f926e45528d0b3ff49b5fe2d91ed6b329","Gateway":"172.17.0.1","GlobalIPv6Address":"","GlobalIPv6PrefixLen":0,"IPAddress":"172.17.0.3","IPPrefixLen":16,"IPv6Gateway":"","MacAddress":"02:42:ac:11:00:03","Networks":{"bridge":{"IPAMConfig":null,"Links":null,"Aliases":null,"NetworkID":"eba6fdf7ebe51912c859fc2dc83d1407a50db03ea3c296d90f885e8af84b6e93","EndpointID":"692f30c6e93a1486104b6273bdc38b1f926e45528d0b3ff49b5fe2d91ed6b329","Gateway":"172.17.0.1","IPAddress":"172.17.0.3","IPPrefixLen":16,"IPv6Gateway":"","GlobalIPv6Address":"","GlobalIPv6PrefixLen":0,"MacAddress":"02:42:ac:11:00:03","DriverOpts":null}}}}[\n]"
22:07:04.732 [Test worker] DEBUG com.github.dockerjava.zerodep.shaded.org.apache.hc.client5.http.wire - http-outgoing-2 << "[\r][\n]"
22:07:04.733 [Test worker] DEBUG com.github.dockerjava.zerodep.shaded.org.apache.hc.client5.http.wire - http-outgoing-2 << "0[\r][\n]"
22:07:04.733 [Test worker] DEBUG com.github.dockerjava.zerodep.shaded.org.apache.hc.client5.http.wire - http-outgoing-2 << "[\r][\n]"
22:07:04.733 [Test worker] DEBUG com.github.dockerjava.zerodep.shaded.org.apache.hc.client5.http.impl.classic.InternalHttpClient - ep-0000000D: releasing valid endpoint
22:07:04.733 [Test worker] DEBUG com.github.dockerjava.zerodep.shaded.org.apache.hc.client5.http.impl.io.PoolingHttpClientConnectionManager - ep-0000000D: releasing endpoint
22:07:04.733 [Test worker] DEBUG com.github.dockerjava.zerodep.shaded.org.apache.hc.client5.http.impl.io.PoolingHttpClientConnectionManager - ep-0000000D: connection http-outgoing-2 can be kept alive for 3 MINUTES
22:07:04.733 [Test worker] DEBUG com.github.dockerjava.zerodep.shaded.org.apache.hc.client5.http.impl.io.PoolingHttpClientConnectionManager - ep-0000000D: connection released [route: {}->unix://localhost:2375][total available: 1; route allocated: 1 of 2147483647; total allocated: 1 of 2147483647]
22:07:04.734 [Test worker] DEBUG ]]>&#x1f433;<![CDATA[ [mysql:latest] - Trying to create JDBC connection using com.mysql.cj.jdbc.Driver to jdbc:mysql://localhost:50897/adm_videos?useSSL=false&allowPublicKeyRetrieval=true with properties: {password=123456, user=root}
22:07:04.837 [Test worker] DEBUG org.testcontainers.shaded.com.github.dockerjava.core.command.AbstrDockerCmd - Cmd: 511b2d736fd4c4da08b79110fd21fdaa756368e4971eb130f8114450b3efc085,false
22:07:04.837 [Test worker] DEBUG org.testcontainers.shaded.com.github.dockerjava.core.exec.InspectContainerCmdExec - GET: DefaultWebTarget{path=[/containers/511b2d736fd4c4da08b79110fd21fdaa756368e4971eb130f8114450b3efc085/json], queryParams={}}
22:07:04.837 [Test worker] DEBUG com.github.dockerjava.zerodep.shaded.org.apache.hc.client5.http.impl.classic.InternalHttpClient - ex-0000000F: preparing request execution
22:07:04.837 [Test worker] DEBUG com.github.dockerjava.zerodep.shaded.org.apache.hc.client5.http.protocol.RequestAddCookies - Cookie spec selected: strict
22:07:04.837 [Test worker] DEBUG com.github.dockerjava.zerodep.shaded.org.apache.hc.client5.http.protocol.RequestAuthCache - Auth cache not set in the context
22:07:04.837 [Test worker] DEBUG com.github.dockerjava.zerodep.shaded.org.apache.hc.client5.http.impl.classic.ProtocolExec - ex-0000000F: target auth state: UNCHALLENGED
22:07:04.837 [Test worker] DEBUG com.github.dockerjava.zerodep.shaded.org.apache.hc.client5.http.impl.classic.ProtocolExec - ex-0000000F: proxy auth state: UNCHALLENGED
22:07:04.837 [Test worker] DEBUG com.github.dockerjava.zerodep.shaded.org.apache.hc.client5.http.impl.classic.ConnectExec - ex-0000000F: acquiring connection with route {}->unix://localhost:2375
22:07:04.837 [Test worker] DEBUG com.github.dockerjava.zerodep.shaded.org.apache.hc.client5.http.impl.classic.InternalHttpClient - ex-0000000F: acquiring endpoint (3 MINUTES)
22:07:04.837 [Test worker] DEBUG com.github.dockerjava.zerodep.shaded.org.apache.hc.client5.http.impl.io.PoolingHttpClientConnectionManager - ex-0000000F: endpoint lease request (3 MINUTES) [route: {}->unix://localhost:2375][total available: 1; route allocated: 1 of 2147483647; total allocated: 1 of 2147483647]
22:07:04.837 [Test worker] DEBUG com.github.dockerjava.zerodep.shaded.org.apache.hc.client5.http.impl.io.PoolingHttpClientConnectionManager - ex-0000000F: endpoint leased [route: {}->unix://localhost:2375][total available: 0; route allocated: 1 of 2147483647; total allocated: 1 of 2147483647]
22:07:04.837 [Test worker] DEBUG com.github.dockerjava.zerodep.shaded.org.apache.hc.client5.http.impl.io.PoolingHttpClientConnectionManager - ex-0000000F: acquired ep-0000000E
22:07:04.837 [Test worker] DEBUG com.github.dockerjava.zerodep.shaded.org.apache.hc.client5.http.impl.classic.InternalHttpClient - ex-0000000F: acquired endpoint ep-0000000E
22:07:04.837 [Test worker] DEBUG com.github.dockerjava.zerodep.shaded.org.apache.hc.client5.http.impl.classic.MainClientExec - ex-0000000F: executing GET /v1.32/containers/511b2d736fd4c4da08b79110fd21fdaa756368e4971eb130f8114450b3efc085/json HTTP/1.1
22:07:04.837 [Test worker] DEBUG com.github.dockerjava.zerodep.shaded.org.apache.hc.client5.http.impl.classic.InternalHttpClient - ep-0000000E: start execution ex-0000000F
22:07:04.837 [Test worker] DEBUG com.github.dockerjava.zerodep.shaded.org.apache.hc.client5.http.impl.io.PoolingHttpClientConnectionManager - ep-0000000E: executing exchange ex-0000000F over http-outgoing-2
22:07:04.837 [Test worker] DEBUG com.github.dockerjava.zerodep.shaded.org.apache.hc.client5.http.headers - http-outgoing-2 >> GET /v1.32/containers/511b2d736fd4c4da08b79110fd21fdaa756368e4971eb130f8114450b3efc085/json HTTP/1.1
22:07:04.837 [Test worker] DEBUG com.github.dockerjava.zerodep.shaded.org.apache.hc.client5.http.headers - http-outgoing-2 >> accept: application/json
22:07:04.837 [Test worker] DEBUG com.github.dockerjava.zerodep.shaded.org.apache.hc.client5.http.headers - http-outgoing-2 >> x-tc-sid: c721e8e0-dbbd-4305-a748-6be2465f786d
22:07:04.837 [Test worker] DEBUG com.github.dockerjava.zerodep.shaded.org.apache.hc.client5.http.headers - http-outgoing-2 >> Accept-Encoding: gzip, x-gzip, deflate
22:07:04.837 [Test worker] DEBUG com.github.dockerjava.zerodep.shaded.org.apache.hc.client5.http.headers - http-outgoing-2 >> Host: localhost:2375
22:07:04.837 [Test worker] DEBUG com.github.dockerjava.zerodep.shaded.org.apache.hc.client5.http.headers - http-outgoing-2 >> Connection: keep-alive
22:07:04.837 [Test worker] DEBUG com.github.dockerjava.zerodep.shaded.org.apache.hc.client5.http.headers - http-outgoing-2 >> User-Agent: Apache-HttpClient/5.0.3 (Java/17.0.2)
22:07:04.837 [Test worker] DEBUG com.github.dockerjava.zerodep.shaded.org.apache.hc.client5.http.wire - http-outgoing-2 >> "GET /v1.32/containers/511b2d736fd4c4da08b79110fd21fdaa756368e4971eb130f8114450b3efc085/json HTTP/1.1[\r][\n]"
22:07:04.837 [Test worker] DEBUG com.github.dockerjava.zerodep.shaded.org.apache.hc.client5.http.wire - http-outgoing-2 >> "accept: application/json[\r][\n]"
22:07:04.837 [Test worker] DEBUG com.github.dockerjava.zerodep.shaded.org.apache.hc.client5.http.wire - http-outgoing-2 >> "x-tc-sid: c721e8e0-dbbd-4305-a748-6be2465f786d[\r][\n]"
22:07:04.837 [Test worker] DEBUG com.github.dockerjava.zerodep.shaded.org.apache.hc.client5.http.wire - http-outgoing-2 >> "Accept-Encoding: gzip, x-gzip, deflate[\r][\n]"
22:07:04.837 [Test worker] DEBUG com.github.dockerjava.zerodep.shaded.org.apache.hc.client5.http.wire - http-outgoing-2 >> "Host: localhost:2375[\r][\n]"
22:07:04.837 [Test worker] DEBUG com.github.dockerjava.zerodep.shaded.org.apache.hc.client5.http.wire - http-outgoing-2 >> "Connection: keep-alive[\r][\n]"
22:07:04.838 [Test worker] DEBUG com.github.dockerjava.zerodep.shaded.org.apache.hc.client5.http.wire - http-outgoing-2 >> "User-Agent: Apache-HttpClient/5.0.3 (Java/17.0.2)[\r][\n]"
22:07:04.838 [Test worker] DEBUG com.github.dockerjava.zerodep.shaded.org.apache.hc.client5.http.wire - http-outgoing-2 >> "[\r][\n]"
22:07:04.841 [Test worker] DEBUG com.github.dockerjava.zerodep.shaded.org.apache.hc.client5.http.wire - http-outgoing-2 << "HTTP/1.1 200 OK[\r][\n]"
22:07:04.841 [Test worker] DEBUG com.github.dockerjava.zerodep.shaded.org.apache.hc.client5.http.wire - http-outgoing-2 << "Api-Version: 1.41[\r][\n]"
22:07:04.841 [Test worker] DEBUG com.github.dockerjava.zerodep.shaded.org.apache.hc.client5.http.wire - http-outgoing-2 << "Content-Type: application/json[\r][\n]"
22:07:04.841 [Test worker] DEBUG com.github.dockerjava.zerodep.shaded.org.apache.hc.client5.http.wire - http-outgoing-2 << "Date: Mon, 03 Apr 2023 01:07:04 GMT[\r][\n]"
22:07:04.841 [Test worker] DEBUG com.github.dockerjava.zerodep.shaded.org.apache.hc.client5.http.wire - http-outgoing-2 << "Docker-Experimental: false[\r][\n]"
22:07:04.841 [Test worker] DEBUG com.github.dockerjava.zerodep.shaded.org.apache.hc.client5.http.wire - http-outgoing-2 << "Ostype: linux[\r][\n]"
22:07:04.841 [Test worker] DEBUG com.github.dockerjava.zerodep.shaded.org.apache.hc.client5.http.wire - http-outgoing-2 << "Server: Docker/20.10.21 (linux)[\r][\n]"
22:07:04.841 [Test worker] DEBUG com.github.dockerjava.zerodep.shaded.org.apache.hc.client5.http.wire - http-outgoing-2 << "Transfer-Encoding: chunked[\r][\n]"
22:07:04.841 [Test worker] DEBUG com.github.dockerjava.zerodep.shaded.org.apache.hc.client5.http.wire - http-outgoing-2 << "[\r][\n]"
22:07:04.841 [Test worker] DEBUG com.github.dockerjava.zerodep.shaded.org.apache.hc.client5.http.headers - http-outgoing-2 << HTTP/1.1 200 OK
22:07:04.842 [Test worker] DEBUG com.github.dockerjava.zerodep.shaded.org.apache.hc.client5.http.headers - http-outgoing-2 << Api-Version: 1.41
22:07:04.842 [Test worker] DEBUG com.github.dockerjava.zerodep.shaded.org.apache.hc.client5.http.headers - http-outgoing-2 << Content-Type: application/json
22:07:04.842 [Test worker] DEBUG com.github.dockerjava.zerodep.shaded.org.apache.hc.client5.http.headers - http-outgoing-2 << Date: Mon, 03 Apr 2023 01:07:04 GMT
22:07:04.842 [Test worker] DEBUG com.github.dockerjava.zerodep.shaded.org.apache.hc.client5.http.headers - http-outgoing-2 << Docker-Experimental: false
22:07:04.842 [Test worker] DEBUG com.github.dockerjava.zerodep.shaded.org.apache.hc.client5.http.headers - http-outgoing-2 << Ostype: linux
22:07:04.842 [Test worker] DEBUG com.github.dockerjava.zerodep.shaded.org.apache.hc.client5.http.headers - http-outgoing-2 << Server: Docker/20.10.21 (linux)
22:07:04.842 [Test worker] DEBUG com.github.dockerjava.zerodep.shaded.org.apache.hc.client5.http.headers - http-outgoing-2 << Transfer-Encoding: chunked
22:07:04.842 [Test worker] DEBUG com.github.dockerjava.zerodep.shaded.org.apache.hc.client5.http.impl.classic.MainClientExec - ex-0000000F: connection can be kept alive for 3 MINUTES
22:07:04.843 [Test worker] DEBUG com.github.dockerjava.zerodep.shaded.org.apache.hc.client5.http.wire - http-outgoing-2 << "18c0[\r][\n]"
22:07:04.843 [Test worker] DEBUG com.github.dockerjava.zerodep.shaded.org.apache.hc.client5.http.wire - http-outgoing-2 << "{"Id":"511b2d736fd4c4da08b79110fd21fdaa756368e4971eb130f8114450b3efc085","Created":"2023-04-03T01:07:04.201309337Z","Path":"docker-entrypoint.sh","Args":["mysqld"],"State":{"Status":"running","Running":true,"Paused":false,"Restarting":false,"OOMKilled":false,"Dead":false,"Pid":2724,"ExitCode":0,"Error":"","StartedAt":"2023-04-03T01:07:04.498400921Z","FinishedAt":"0001-01-01T00:00:00Z"},"Image":"sha256:c7c54c29e20dccc1aefb936c8eba8bb8b98b87a4921102aba87fde2df5810af9","ResolvConfPath":"/var/lib/docker/containers/511b2d736fd4c4da08b79110fd21fdaa756368e4971eb130f8114450b3efc085/resolv.conf","HostnamePath":"/var/lib/docker/containers/511b2d736fd4c4da08b79110fd21fdaa756368e4971eb130f8114450b3efc085/hostname","HostsPath":"/var/lib/docker/containers/511b2d736fd4c4da08b79110fd21fdaa756368e4971eb130f8114450b3efc085/hosts","LogPath":"/var/lib/docker/containers/511b2d736fd4c4da08b79110fd21fdaa756368e4971eb130f8114450b3efc085/511b2d736fd4c4da08b79110fd21fdaa756368e4971eb130f8114450b3efc085-json.log","Name":"/elastic_easley","RestartCount":0,"Driver":"overlay2","Platform":"linux","MountLabel":"","ProcessLabel":"","AppArmorProfile":"","ExecIDs":null,"HostConfig":{"Binds":[],"ContainerIDFile":"","LogConfig":{"Type":"json-file","Config":{}},"NetworkMode":"default","PortBindings":{"3306/tcp":[{"HostIp":"0.0.0.0","HostPort":"0"}]},"RestartPolicy":{"Name":"","MaximumRetryCount":0},"AutoRemove":false,"VolumeDriver":"","VolumesFrom":[],"CapAdd":null,"CapDrop":null,"CgroupnsMode":"private","Dns":null,"DnsOptions":null,"DnsSearch":null,"ExtraHosts":[],"GroupAdd":null,"IpcMode":"shareable","Cgroup":"","Links":null,"OomScoreAdj":0,"PidMode":"","Privileged":false,"PublishAllPorts":false,"ReadonlyRootfs":false,"SecurityOpt":null,"UTSMode":"","UsernsMode":"","ShmSize":67108864,"Runtime":"runc","ConsoleSize":[0,0],"Isolation":"","CpuShares":0,"Memory":0,"NanoCpus":0,"CgroupParent":"","BlkioWeight":0,"BlkioWeightDevice":null,"BlkioDeviceReadBps":null,"BlkioDeviceWriteBps":null,"BlkioDeviceReadIOps":null,"BlkioDeviceWriteIOps":null,"CpuPeriod":0,"CpuQuota":0,"CpuRealtimePeriod":0,"CpuRealtimeRuntime":0,"CpusetCpus":"","CpusetMems":"","Devices":null,"DeviceCgroupRules":null,"DeviceRequests":null,"KernelMemory":0,"KernelMemoryTCP":0,"MemoryReservation":0,"MemorySwap":0,"MemorySwappiness":null,"OomKillDisable":null,"PidsLimit":null,"Ulimits":null,"CpuCount":0,"CpuPercent":0,"IOMaximumIOps":0,"IOMaximumBandwidth":0,"MaskedPaths":["/proc/asound","/proc/acpi","/proc/kcore","/proc/keys","/proc/latency_stats","/proc/timer_list","/proc/timer_stats","/proc/sched_debug","/proc/scsi","/sys/firmware"],"ReadonlyPaths":["/proc/bus","/proc/fs","/proc/irq","/proc/sys","/proc/sysrq-trigger"]},"GraphDriver":{"Data":{"LowerDir":"/var/lib/docker/overlay2/5ada145d0e3939fe5ed2118eea99b9f10241aeee200293145c73dce66470a568-init/diff:/var/lib/docker/overlay2/1bd8849d7a296305617011f940aa5cfabbe972a513397b1b6bbc27639b6c1f30/diff:/var/lib/docker/overlay2/199d69b2fbf78af4d4c95dec4fd2f8835ab0347eb49fb20ebb2ff3b99fedd6ad/diff:/var/lib/docker/overlay2/d83c38d654989311f75b9491329846033bfb7714de76ef635380dcfad5c740d9/diff:/var/lib/docker/overlay2/08600d0aea2ab2728bebcf5d2589c640a842f53d1ba3c4a4adccb4d03b923cf6/diff:/var/lib/docker/overlay2/9ec7c63a3fb14d13ac788bbf5e282ca821edc41260b79944e5e631037d13ecda/diff:/var/lib/docker/overlay2/db601d7a1b4ea6da638db620462f0da96fa55c559d02269c9ddb09027936ed87/diff:/var/lib/docker/overlay2/a6d2bd03f942e2565f21e74cfe152c7ec836a1c2b583f0790c685b92bdcfda24/diff:/var/lib/docker/overlay2/9badd16ea2c5e2bf1fde8b579683e41137dfc46ed5449234149f199a6751cc84/diff:/var/lib/docker/overlay2/6efb85646ed12e2d1181ef4cc6f6f6732c00c15a4035fe17ebc4f075ca573c30/diff:/var/lib/docker/overlay2/895d7c0ec09144d6ed33936f4e98e11c18010f7abd708cae1ce43aec7a7f2621/diff:/var/lib/docker/overlay2/1c4ba77aa573ab6e5e5069fd15eae71b3da940bde0f97a922a227ffc8a1d1096/diff","MergedDir":"/var/lib/docker/overlay2/5ada145d0e3939fe5ed2118eea99b9f10241aeee200293145c73dce66470a568/merged","UpperDir":"/var/lib/docker/overlay2/5ada145d0e3939fe5ed2118eea99b9f10241aeee200293145c73dce66470a568/diff","WorkDir":"/var/lib/docker/overlay2/5ada145d0e3939fe5ed2118eea99b9f10241aeee200293145c73dce66470a568/work"},"Name":"overlay2"},"Mounts":[{"Type":"volume","Name":"ac6dcf572a35a68e3a3a5bdf3d1899d89919b8e0b6d7a1beb9c6b19978c4e863","Source":"/var/lib/docker/volumes/ac6dcf572a35a68e3a3a5bdf3d1899d89919b8e0b6d7a1beb9c6b19978c4e863/_data","Destination":"/var/lib/mysql","Driver":"local","Mode":"","RW":true,"Propagation":""}],"Config":{"Hostname":"511b2d736fd4","Domainname":"","User":"","AttachStdin":false,"AttachStdout":false,"AttachStderr":false,"ExposedPorts":{"3306/tcp":{},"33060/tcp":{}},"Tty":false,"OpenStdin":false,"StdinOnce":false,"Env":["MYSQL_DATABASE=adm_videos","MYSQL_PASSWORD=123456","MYSQL_ROOT_PASSWORD=123456","PATH=/usr/local/sbin:/usr/local/bin:/usr/sbin:/usr/bin:/sbin:/bin","GOSU_VERSION=1.16","MYSQL_MAJOR=8.0","MYSQL_VERSION=8.0.32-1.el8","MYSQL_SHELL_VERSION=8.0.32-1.el8"],"Cmd":["mysqld"],"Image":"mysql:latest","Volumes":{"/var/lib/mysql":{}},"WorkingDir":"","Entrypoint":["docker-entrypoint.sh"],"OnBuild":null,"Labels":{"org.testcontainers":"true","org.testcontainers.lang":"java","org.testcontainers.sessionId":"c721e8e0-dbbd-4305-a748-6be2465f786d","org.testcontainers.version":"1.17.6"}},"NetworkSettings":{"Bridge":"","SandboxID":"23a51dba07b22c8536581cd39611755923749e16a93a45ce75c5c8a4a7759981","HairpinMode":false,"LinkLocalIPv6Address":"","LinkLocalIPv6PrefixLen":0,"Ports":{"3306/tcp":[{"HostIp":"0.0.0.0","HostPort":"50897"}],"33060/tcp":null},"SandboxKey":"/var/run/docker/netns/23a51dba07b2","SecondaryIPAddresses":null,"SecondaryIPv6Addresses":null,"EndpointID":"692f30c6e93a1486104b6273bdc38b1f926e45528d0b3ff49b5fe2d91ed6b329","Gateway":"172.17.0.1","GlobalIPv6Address":"","GlobalIPv6PrefixLen":0,"IPAddress":"172.17.0.3","IPPrefixLen":16,"IPv6Gateway":"","MacAddress":"02:42:ac:11:00:03","Networks":{"bridge":{"IPAMConfig":null,"Links":null,"Aliases":null,"NetworkID":"eba6fdf7ebe51912c859fc2dc83d1407a50db03ea3c296d90f885e8af84b6e93","EndpointID":"692f30c6e93a1486104b6273bdc38b1f926e45528d0b3ff49b5fe2d91ed6b329","Gateway":"172.17.0.1","IPAddress":"172.17.0.3","IPPrefixLen":16,"IPv6Gateway":"","GlobalIPv6Address":"","GlobalIPv6PrefixLen":0,"MacAddress":"02:42:ac:11:00:03","DriverOpts":null}}}}[\n]"
22:07:04.843 [Test worker] DEBUG com.github.dockerjava.zerodep.shaded.org.apache.hc.client5.http.wire - http-outgoing-2 << "[\r][\n]"
22:07:04.844 [Test worker] DEBUG com.github.dockerjava.zerodep.shaded.org.apache.hc.client5.http.wire - http-outgoing-2 << "0[\r][\n]"
22:07:04.844 [Test worker] DEBUG com.github.dockerjava.zerodep.shaded.org.apache.hc.client5.http.wire - http-outgoing-2 << "[\r][\n]"
22:07:04.844 [Test worker] DEBUG com.github.dockerjava.zerodep.shaded.org.apache.hc.client5.http.impl.classic.InternalHttpClient - ep-0000000E: releasing valid endpoint
22:07:04.844 [Test worker] DEBUG com.github.dockerjava.zerodep.shaded.org.apache.hc.client5.http.impl.io.PoolingHttpClientConnectionManager - ep-0000000E: releasing endpoint
22:07:04.844 [Test worker] DEBUG com.github.dockerjava.zerodep.shaded.org.apache.hc.client5.http.impl.io.PoolingHttpClientConnectionManager - ep-0000000E: connection http-outgoing-2 can be kept alive for 3 MINUTES
22:07:04.844 [Test worker] DEBUG com.github.dockerjava.zerodep.shaded.org.apache.hc.client5.http.impl.io.PoolingHttpClientConnectionManager - ep-0000000E: connection released [route: {}->unix://localhost:2375][total available: 1; route allocated: 1 of 2147483647; total allocated: 1 of 2147483647]
22:07:04.844 [Test worker] DEBUG ]]>&#x1f433;<![CDATA[ [mysql:latest] - Trying to create JDBC connection using com.mysql.cj.jdbc.Driver to jdbc:mysql://localhost:50897/adm_videos?useSSL=false&allowPublicKeyRetrieval=true with properties: {password=123456, user=root}
22:07:04.947 [Test worker] DEBUG org.testcontainers.shaded.com.github.dockerjava.core.command.AbstrDockerCmd - Cmd: 511b2d736fd4c4da08b79110fd21fdaa756368e4971eb130f8114450b3efc085,false
22:07:04.947 [Test worker] DEBUG org.testcontainers.shaded.com.github.dockerjava.core.exec.InspectContainerCmdExec - GET: DefaultWebTarget{path=[/containers/511b2d736fd4c4da08b79110fd21fdaa756368e4971eb130f8114450b3efc085/json], queryParams={}}
22:07:04.947 [Test worker] DEBUG com.github.dockerjava.zerodep.shaded.org.apache.hc.client5.http.impl.classic.InternalHttpClient - ex-00000010: preparing request execution
22:07:04.947 [Test worker] DEBUG com.github.dockerjava.zerodep.shaded.org.apache.hc.client5.http.protocol.RequestAddCookies - Cookie spec selected: strict
22:07:04.947 [Test worker] DEBUG com.github.dockerjava.zerodep.shaded.org.apache.hc.client5.http.protocol.RequestAuthCache - Auth cache not set in the context
22:07:04.948 [Test worker] DEBUG com.github.dockerjava.zerodep.shaded.org.apache.hc.client5.http.impl.classic.ProtocolExec - ex-00000010: target auth state: UNCHALLENGED
22:07:04.948 [Test worker] DEBUG com.github.dockerjava.zerodep.shaded.org.apache.hc.client5.http.impl.classic.ProtocolExec - ex-00000010: proxy auth state: UNCHALLENGED
22:07:04.948 [Test worker] DEBUG com.github.dockerjava.zerodep.shaded.org.apache.hc.client5.http.impl.classic.ConnectExec - ex-00000010: acquiring connection with route {}->unix://localhost:2375
22:07:04.948 [Test worker] DEBUG com.github.dockerjava.zerodep.shaded.org.apache.hc.client5.http.impl.classic.InternalHttpClient - ex-00000010: acquiring endpoint (3 MINUTES)
22:07:04.948 [Test worker] DEBUG com.github.dockerjava.zerodep.shaded.org.apache.hc.client5.http.impl.io.PoolingHttpClientConnectionManager - ex-00000010: endpoint lease request (3 MINUTES) [route: {}->unix://localhost:2375][total available: 1; route allocated: 1 of 2147483647; total allocated: 1 of 2147483647]
22:07:04.948 [Test worker] DEBUG com.github.dockerjava.zerodep.shaded.org.apache.hc.client5.http.impl.io.PoolingHttpClientConnectionManager - ex-00000010: endpoint leased [route: {}->unix://localhost:2375][total available: 0; route allocated: 1 of 2147483647; total allocated: 1 of 2147483647]
22:07:04.948 [Test worker] DEBUG com.github.dockerjava.zerodep.shaded.org.apache.hc.client5.http.impl.io.PoolingHttpClientConnectionManager - ex-00000010: acquired ep-0000000F
22:07:04.948 [Test worker] DEBUG com.github.dockerjava.zerodep.shaded.org.apache.hc.client5.http.impl.classic.InternalHttpClient - ex-00000010: acquired endpoint ep-0000000F
22:07:04.948 [Test worker] DEBUG com.github.dockerjava.zerodep.shaded.org.apache.hc.client5.http.impl.classic.MainClientExec - ex-00000010: executing GET /v1.32/containers/511b2d736fd4c4da08b79110fd21fdaa756368e4971eb130f8114450b3efc085/json HTTP/1.1
22:07:04.948 [Test worker] DEBUG com.github.dockerjava.zerodep.shaded.org.apache.hc.client5.http.impl.classic.InternalHttpClient - ep-0000000F: start execution ex-00000010
22:07:04.948 [Test worker] DEBUG com.github.dockerjava.zerodep.shaded.org.apache.hc.client5.http.impl.io.PoolingHttpClientConnectionManager - ep-0000000F: executing exchange ex-00000010 over http-outgoing-2
22:07:04.948 [Test worker] DEBUG com.github.dockerjava.zerodep.shaded.org.apache.hc.client5.http.headers - http-outgoing-2 >> GET /v1.32/containers/511b2d736fd4c4da08b79110fd21fdaa756368e4971eb130f8114450b3efc085/json HTTP/1.1
22:07:04.948 [Test worker] DEBUG com.github.dockerjava.zerodep.shaded.org.apache.hc.client5.http.headers - http-outgoing-2 >> accept: application/json
22:07:04.948 [Test worker] DEBUG com.github.dockerjava.zerodep.shaded.org.apache.hc.client5.http.headers - http-outgoing-2 >> x-tc-sid: c721e8e0-dbbd-4305-a748-6be2465f786d
22:07:04.948 [Test worker] DEBUG com.github.dockerjava.zerodep.shaded.org.apache.hc.client5.http.headers - http-outgoing-2 >> Accept-Encoding: gzip, x-gzip, deflate
22:07:04.948 [Test worker] DEBUG com.github.dockerjava.zerodep.shaded.org.apache.hc.client5.http.headers - http-outgoing-2 >> Host: localhost:2375
22:07:04.948 [Test worker] DEBUG com.github.dockerjava.zerodep.shaded.org.apache.hc.client5.http.headers - http-outgoing-2 >> Connection: keep-alive
22:07:04.948 [Test worker] DEBUG com.github.dockerjava.zerodep.shaded.org.apache.hc.client5.http.headers - http-outgoing-2 >> User-Agent: Apache-HttpClient/5.0.3 (Java/17.0.2)
22:07:04.948 [Test worker] DEBUG com.github.dockerjava.zerodep.shaded.org.apache.hc.client5.http.wire - http-outgoing-2 >> "GET /v1.32/containers/511b2d736fd4c4da08b79110fd21fdaa756368e4971eb130f8114450b3efc085/json HTTP/1.1[\r][\n]"
22:07:04.948 [Test worker] DEBUG com.github.dockerjava.zerodep.shaded.org.apache.hc.client5.http.wire - http-outgoing-2 >> "accept: application/json[\r][\n]"
22:07:04.948 [Test worker] DEBUG com.github.dockerjava.zerodep.shaded.org.apache.hc.client5.http.wire - http-outgoing-2 >> "x-tc-sid: c721e8e0-dbbd-4305-a748-6be2465f786d[\r][\n]"
22:07:04.948 [Test worker] DEBUG com.github.dockerjava.zerodep.shaded.org.apache.hc.client5.http.wire - http-outgoing-2 >> "Accept-Encoding: gzip, x-gzip, deflate[\r][\n]"
22:07:04.948 [Test worker] DEBUG com.github.dockerjava.zerodep.shaded.org.apache.hc.client5.http.wire - http-outgoing-2 >> "Host: localhost:2375[\r][\n]"
22:07:04.948 [Test worker] DEBUG com.github.dockerjava.zerodep.shaded.org.apache.hc.client5.http.wire - http-outgoing-2 >> "Connection: keep-alive[\r][\n]"
22:07:04.948 [Test worker] DEBUG com.github.dockerjava.zerodep.shaded.org.apache.hc.client5.http.wire - http-outgoing-2 >> "User-Agent: Apache-HttpClient/5.0.3 (Java/17.0.2)[\r][\n]"
22:07:04.948 [Test worker] DEBUG com.github.dockerjava.zerodep.shaded.org.apache.hc.client5.http.wire - http-outgoing-2 >> "[\r][\n]"
22:07:04.958 [Test worker] DEBUG com.github.dockerjava.zerodep.shaded.org.apache.hc.client5.http.wire - http-outgoing-2 << "HTTP/1.1 200 OK[\r][\n]"
22:07:04.958 [Test worker] DEBUG com.github.dockerjava.zerodep.shaded.org.apache.hc.client5.http.wire - http-outgoing-2 << "Api-Version: 1.41[\r][\n]"
22:07:04.958 [Test worker] DEBUG com.github.dockerjava.zerodep.shaded.org.apache.hc.client5.http.wire - http-outgoing-2 << "Content-Type: application/json[\r][\n]"
22:07:04.958 [Test worker] DEBUG com.github.dockerjava.zerodep.shaded.org.apache.hc.client5.http.wire - http-outgoing-2 << "Date: Mon, 03 Apr 2023 01:07:04 GMT[\r][\n]"
22:07:04.958 [Test worker] DEBUG com.github.dockerjava.zerodep.shaded.org.apache.hc.client5.http.wire - http-outgoing-2 << "Docker-Experimental: false[\r][\n]"
22:07:04.958 [Test worker] DEBUG com.github.dockerjava.zerodep.shaded.org.apache.hc.client5.http.wire - http-outgoing-2 << "Ostype: linux[\r][\n]"
22:07:04.958 [Test worker] DEBUG com.github.dockerjava.zerodep.shaded.org.apache.hc.client5.http.wire - http-outgoing-2 << "Server: Docker/20.10.21 (linux)[\r][\n]"
22:07:04.958 [Test worker] DEBUG com.github.dockerjava.zerodep.shaded.org.apache.hc.client5.http.wire - http-outgoing-2 << "Transfer-Encoding: chunked[\r][\n]"
22:07:04.958 [Test worker] DEBUG com.github.dockerjava.zerodep.shaded.org.apache.hc.client5.http.wire - http-outgoing-2 << "[\r][\n]"
22:07:04.958 [Test worker] DEBUG com.github.dockerjava.zerodep.shaded.org.apache.hc.client5.http.headers - http-outgoing-2 << HTTP/1.1 200 OK
22:07:04.958 [Test worker] DEBUG com.github.dockerjava.zerodep.shaded.org.apache.hc.client5.http.headers - http-outgoing-2 << Api-Version: 1.41
22:07:04.958 [Test worker] DEBUG com.github.dockerjava.zerodep.shaded.org.apache.hc.client5.http.headers - http-outgoing-2 << Content-Type: application/json
22:07:04.958 [Test worker] DEBUG com.github.dockerjava.zerodep.shaded.org.apache.hc.client5.http.headers - http-outgoing-2 << Date: Mon, 03 Apr 2023 01:07:04 GMT
22:07:04.958 [Test worker] DEBUG com.github.dockerjava.zerodep.shaded.org.apache.hc.client5.http.headers - http-outgoing-2 << Docker-Experimental: false
22:07:04.958 [Test worker] DEBUG com.github.dockerjava.zerodep.shaded.org.apache.hc.client5.http.headers - http-outgoing-2 << Ostype: linux
22:07:04.958 [Test worker] DEBUG com.github.dockerjava.zerodep.shaded.org.apache.hc.client5.http.headers - http-outgoing-2 << Server: Docker/20.10.21 (linux)
22:07:04.958 [Test worker] DEBUG com.github.dockerjava.zerodep.shaded.org.apache.hc.client5.http.headers - http-outgoing-2 << Transfer-Encoding: chunked
22:07:04.958 [Test worker] DEBUG com.github.dockerjava.zerodep.shaded.org.apache.hc.client5.http.impl.classic.MainClientExec - ex-00000010: connection can be kept alive for 3 MINUTES
22:07:04.959 [Test worker] DEBUG com.github.dockerjava.zerodep.shaded.org.apache.hc.client5.http.wire - http-outgoing-2 << "18c0[\r][\n]"
22:07:04.959 [Test worker] DEBUG com.github.dockerjava.zerodep.shaded.org.apache.hc.client5.http.wire - http-outgoing-2 << "{"Id":"511b2d736fd4c4da08b79110fd21fdaa756368e4971eb130f8114450b3efc085","Created":"2023-04-03T01:07:04.201309337Z","Path":"docker-entrypoint.sh","Args":["mysqld"],"State":{"Status":"running","Running":true,"Paused":false,"Restarting":false,"OOMKilled":false,"Dead":false,"Pid":2724,"ExitCode":0,"Error":"","StartedAt":"2023-04-03T01:07:04.498400921Z","FinishedAt":"0001-01-01T00:00:00Z"},"Image":"sha256:c7c54c29e20dccc1aefb936c8eba8bb8b98b87a4921102aba87fde2df5810af9","ResolvConfPath":"/var/lib/docker/containers/511b2d736fd4c4da08b79110fd21fdaa756368e4971eb130f8114450b3efc085/resolv.conf","HostnamePath":"/var/lib/docker/containers/511b2d736fd4c4da08b79110fd21fdaa756368e4971eb130f8114450b3efc085/hostname","HostsPath":"/var/lib/docker/containers/511b2d736fd4c4da08b79110fd21fdaa756368e4971eb130f8114450b3efc085/hosts","LogPath":"/var/lib/docker/containers/511b2d736fd4c4da08b79110fd21fdaa756368e4971eb130f8114450b3efc085/511b2d736fd4c4da08b79110fd21fdaa756368e4971eb130f8114450b3efc085-json.log","Name":"/elastic_easley","RestartCount":0,"Driver":"overlay2","Platform":"linux","MountLabel":"","ProcessLabel":"","AppArmorProfile":"","ExecIDs":null,"HostConfig":{"Binds":[],"ContainerIDFile":"","LogConfig":{"Type":"json-file","Config":{}},"NetworkMode":"default","PortBindings":{"3306/tcp":[{"HostIp":"0.0.0.0","HostPort":"0"}]},"RestartPolicy":{"Name":"","MaximumRetryCount":0},"AutoRemove":false,"VolumeDriver":"","VolumesFrom":[],"CapAdd":null,"CapDrop":null,"CgroupnsMode":"private","Dns":null,"DnsOptions":null,"DnsSearch":null,"ExtraHosts":[],"GroupAdd":null,"IpcMode":"shareable","Cgroup":"","Links":null,"OomScoreAdj":0,"PidMode":"","Privileged":false,"PublishAllPorts":false,"ReadonlyRootfs":false,"SecurityOpt":null,"UTSMode":"","UsernsMode":"","ShmSize":67108864,"Runtime":"runc","ConsoleSize":[0,0],"Isolation":"","CpuShares":0,"Memory":0,"NanoCpus":0,"CgroupParent":"","BlkioWeight":0,"BlkioWeightDevice":null,"BlkioDeviceReadBps":null,"BlkioDeviceWriteBps":null,"BlkioDeviceReadIOps":null,"BlkioDeviceWriteIOps":null,"CpuPeriod":0,"CpuQuota":0,"CpuRealtimePeriod":0,"CpuRealtimeRuntime":0,"CpusetCpus":"","CpusetMems":"","Devices":null,"DeviceCgroupRules":null,"DeviceRequests":null,"KernelMemory":0,"KernelMemoryTCP":0,"MemoryReservation":0,"MemorySwap":0,"MemorySwappiness":null,"OomKillDisable":null,"PidsLimit":null,"Ulimits":null,"CpuCount":0,"CpuPercent":0,"IOMaximumIOps":0,"IOMaximumBandwidth":0,"MaskedPaths":["/proc/asound","/proc/acpi","/proc/kcore","/proc/keys","/proc/latency_stats","/proc/timer_list","/proc/timer_stats","/proc/sched_debug","/proc/scsi","/sys/firmware"],"ReadonlyPaths":["/proc/bus","/proc/fs","/proc/irq","/proc/sys","/proc/sysrq-trigger"]},"GraphDriver":{"Data":{"LowerDir":"/var/lib/docker/overlay2/5ada145d0e3939fe5ed2118eea99b9f10241aeee200293145c73dce66470a568-init/diff:/var/lib/docker/overlay2/1bd8849d7a296305617011f940aa5cfabbe972a513397b1b6bbc27639b6c1f30/diff:/var/lib/docker/overlay2/199d69b2fbf78af4d4c95dec4fd2f8835ab0347eb49fb20ebb2ff3b99fedd6ad/diff:/var/lib/docker/overlay2/d83c38d654989311f75b9491329846033bfb7714de76ef635380dcfad5c740d9/diff:/var/lib/docker/overlay2/08600d0aea2ab2728bebcf5d2589c640a842f53d1ba3c4a4adccb4d03b923cf6/diff:/var/lib/docker/overlay2/9ec7c63a3fb14d13ac788bbf5e282ca821edc41260b79944e5e631037d13ecda/diff:/var/lib/docker/overlay2/db601d7a1b4ea6da638db620462f0da96fa55c559d02269c9ddb09027936ed87/diff:/var/lib/docker/overlay2/a6d2bd03f942e2565f21e74cfe152c7ec836a1c2b583f0790c685b92bdcfda24/diff:/var/lib/docker/overlay2/9badd16ea2c5e2bf1fde8b579683e41137dfc46ed5449234149f199a6751cc84/diff:/var/lib/docker/overlay2/6efb85646ed12e2d1181ef4cc6f6f6732c00c15a4035fe17ebc4f075ca573c30/diff:/var/lib/docker/overlay2/895d7c0ec09144d6ed33936f4e98e11c18010f7abd708cae1ce43aec7a7f2621/diff:/var/lib/docker/overlay2/1c4ba77aa573ab6e5e5069fd15eae71b3da940bde0f97a922a227ffc8a1d1096/diff","MergedDir":"/var/lib/docker/overlay2/5ada145d0e3939fe5ed2118eea99b9f10241aeee200293145c73dce66470a568/merged","UpperDir":"/var/lib/docker/overlay2/5ada145d0e3939fe5ed2118eea99b9f10241aeee200293145c73dce66470a568/diff","WorkDir":"/var/lib/docker/overlay2/5ada145d0e3939fe5ed2118eea99b9f10241aeee200293145c73dce66470a568/work"},"Name":"overlay2"},"Mounts":[{"Type":"volume","Name":"ac6dcf572a35a68e3a3a5bdf3d1899d89919b8e0b6d7a1beb9c6b19978c4e863","Source":"/var/lib/docker/volumes/ac6dcf572a35a68e3a3a5bdf3d1899d89919b8e0b6d7a1beb9c6b19978c4e863/_data","Destination":"/var/lib/mysql","Driver":"local","Mode":"","RW":true,"Propagation":""}],"Config":{"Hostname":"511b2d736fd4","Domainname":"","User":"","AttachStdin":false,"AttachStdout":false,"AttachStderr":false,"ExposedPorts":{"3306/tcp":{},"33060/tcp":{}},"Tty":false,"OpenStdin":false,"StdinOnce":false,"Env":["MYSQL_DATABASE=adm_videos","MYSQL_PASSWORD=123456","MYSQL_ROOT_PASSWORD=123456","PATH=/usr/local/sbin:/usr/local/bin:/usr/sbin:/usr/bin:/sbin:/bin","GOSU_VERSION=1.16","MYSQL_MAJOR=8.0","MYSQL_VERSION=8.0.32-1.el8","MYSQL_SHELL_VERSION=8.0.32-1.el8"],"Cmd":["mysqld"],"Image":"mysql:latest","Volumes":{"/var/lib/mysql":{}},"WorkingDir":"","Entrypoint":["docker-entrypoint.sh"],"OnBuild":null,"Labels":{"org.testcontainers":"true","org.testcontainers.lang":"java","org.testcontainers.sessionId":"c721e8e0-dbbd-4305-a748-6be2465f786d","org.testcontainers.version":"1.17.6"}},"NetworkSettings":{"Bridge":"","SandboxID":"23a51dba07b22c8536581cd39611755923749e16a93a45ce75c5c8a4a7759981","HairpinMode":false,"LinkLocalIPv6Address":"","LinkLocalIPv6PrefixLen":0,"Ports":{"3306/tcp":[{"HostIp":"0.0.0.0","HostPort":"50897"}],"33060/tcp":null},"SandboxKey":"/var/run/docker/netns/23a51dba07b2","SecondaryIPAddresses":null,"SecondaryIPv6Addresses":null,"EndpointID":"692f30c6e93a1486104b6273bdc38b1f926e45528d0b3ff49b5fe2d91ed6b329","Gateway":"172.17.0.1","GlobalIPv6Address":"","GlobalIPv6PrefixLen":0,"IPAddress":"172.17.0.3","IPPrefixLen":16,"IPv6Gateway":"","MacAddress":"02:42:ac:11:00:03","Networks":{"bridge":{"IPAMConfig":null,"Links":null,"Aliases":null,"NetworkID":"eba6fdf7ebe51912c859fc2dc83d1407a50db03ea3c296d90f885e8af84b6e93","EndpointID":"692f30c6e93a1486104b6273bdc38b1f926e45528d0b3ff49b5fe2d91ed6b329","Gateway":"172.17.0.1","IPAddress":"172.17.0.3","IPPrefixLen":16,"IPv6Gateway":"","GlobalIPv6Address":"","GlobalIPv6PrefixLen":0,"MacAddress":"02:42:ac:11:00:03","DriverOpts":null}}}}[\n]"
22:07:04.959 [Test worker] DEBUG com.github.dockerjava.zerodep.shaded.org.apache.hc.client5.http.wire - http-outgoing-2 << "[\r][\n]"
22:07:04.960 [Test worker] DEBUG com.github.dockerjava.zerodep.shaded.org.apache.hc.client5.http.wire - http-outgoing-2 << "0[\r][\n]"
22:07:04.960 [Test worker] DEBUG com.github.dockerjava.zerodep.shaded.org.apache.hc.client5.http.wire - http-outgoing-2 << "[\r][\n]"
22:07:04.960 [Test worker] DEBUG com.github.dockerjava.zerodep.shaded.org.apache.hc.client5.http.impl.classic.InternalHttpClient - ep-0000000F: releasing valid endpoint
22:07:04.960 [Test worker] DEBUG com.github.dockerjava.zerodep.shaded.org.apache.hc.client5.http.impl.io.PoolingHttpClientConnectionManager - ep-0000000F: releasing endpoint
22:07:04.960 [Test worker] DEBUG com.github.dockerjava.zerodep.shaded.org.apache.hc.client5.http.impl.io.PoolingHttpClientConnectionManager - ep-0000000F: connection http-outgoing-2 can be kept alive for 3 MINUTES
22:07:04.960 [Test worker] DEBUG com.github.dockerjava.zerodep.shaded.org.apache.hc.client5.http.impl.io.PoolingHttpClientConnectionManager - ep-0000000F: connection released [route: {}->unix://localhost:2375][total available: 1; route allocated: 1 of 2147483647; total allocated: 1 of 2147483647]
22:07:04.960 [Test worker] DEBUG ]]>&#x1f433;<![CDATA[ [mysql:latest] - Trying to create JDBC connection using com.mysql.cj.jdbc.Driver to jdbc:mysql://localhost:50897/adm_videos?useSSL=false&allowPublicKeyRetrieval=true with properties: {password=123456, user=root}
22:07:05.070 [Test worker] DEBUG org.testcontainers.shaded.com.github.dockerjava.core.command.AbstrDockerCmd - Cmd: 511b2d736fd4c4da08b79110fd21fdaa756368e4971eb130f8114450b3efc085,false
22:07:05.071 [Test worker] DEBUG org.testcontainers.shaded.com.github.dockerjava.core.exec.InspectContainerCmdExec - GET: DefaultWebTarget{path=[/containers/511b2d736fd4c4da08b79110fd21fdaa756368e4971eb130f8114450b3efc085/json], queryParams={}}
22:07:05.071 [Test worker] DEBUG com.github.dockerjava.zerodep.shaded.org.apache.hc.client5.http.impl.classic.InternalHttpClient - ex-00000011: preparing request execution
22:07:05.072 [Test worker] DEBUG com.github.dockerjava.zerodep.shaded.org.apache.hc.client5.http.protocol.RequestAddCookies - Cookie spec selected: strict
22:07:05.072 [Test worker] DEBUG com.github.dockerjava.zerodep.shaded.org.apache.hc.client5.http.protocol.RequestAuthCache - Auth cache not set in the context
22:07:05.072 [Test worker] DEBUG com.github.dockerjava.zerodep.shaded.org.apache.hc.client5.http.impl.classic.ProtocolExec - ex-00000011: target auth state: UNCHALLENGED
22:07:05.072 [Test worker] DEBUG com.github.dockerjava.zerodep.shaded.org.apache.hc.client5.http.impl.classic.ProtocolExec - ex-00000011: proxy auth state: UNCHALLENGED
22:07:05.072 [Test worker] DEBUG com.github.dockerjava.zerodep.shaded.org.apache.hc.client5.http.impl.classic.ConnectExec - ex-00000011: acquiring connection with route {}->unix://localhost:2375
22:07:05.072 [Test worker] DEBUG com.github.dockerjava.zerodep.shaded.org.apache.hc.client5.http.impl.classic.InternalHttpClient - ex-00000011: acquiring endpoint (3 MINUTES)
22:07:05.072 [Test worker] DEBUG com.github.dockerjava.zerodep.shaded.org.apache.hc.client5.http.impl.io.PoolingHttpClientConnectionManager - ex-00000011: endpoint lease request (3 MINUTES) [route: {}->unix://localhost:2375][total available: 1; route allocated: 1 of 2147483647; total allocated: 1 of 2147483647]
22:07:05.072 [Test worker] DEBUG com.github.dockerjava.zerodep.shaded.org.apache.hc.client5.http.impl.io.PoolingHttpClientConnectionManager - ex-00000011: endpoint leased [route: {}->unix://localhost:2375][total available: 0; route allocated: 1 of 2147483647; total allocated: 1 of 2147483647]
22:07:05.073 [Test worker] DEBUG com.github.dockerjava.zerodep.shaded.org.apache.hc.client5.http.impl.io.PoolingHttpClientConnectionManager - ex-00000011: acquired ep-00000010
22:07:05.073 [Test worker] DEBUG com.github.dockerjava.zerodep.shaded.org.apache.hc.client5.http.impl.classic.InternalHttpClient - ex-00000011: acquired endpoint ep-00000010
22:07:05.073 [Test worker] DEBUG com.github.dockerjava.zerodep.shaded.org.apache.hc.client5.http.impl.classic.MainClientExec - ex-00000011: executing GET /v1.32/containers/511b2d736fd4c4da08b79110fd21fdaa756368e4971eb130f8114450b3efc085/json HTTP/1.1
22:07:05.073 [Test worker] DEBUG com.github.dockerjava.zerodep.shaded.org.apache.hc.client5.http.impl.classic.InternalHttpClient - ep-00000010: start execution ex-00000011
22:07:05.073 [Test worker] DEBUG com.github.dockerjava.zerodep.shaded.org.apache.hc.client5.http.impl.io.PoolingHttpClientConnectionManager - ep-00000010: executing exchange ex-00000011 over http-outgoing-2
22:07:05.073 [Test worker] DEBUG com.github.dockerjava.zerodep.shaded.org.apache.hc.client5.http.headers - http-outgoing-2 >> GET /v1.32/containers/511b2d736fd4c4da08b79110fd21fdaa756368e4971eb130f8114450b3efc085/json HTTP/1.1
22:07:05.073 [Test worker] DEBUG com.github.dockerjava.zerodep.shaded.org.apache.hc.client5.http.headers - http-outgoing-2 >> accept: application/json
22:07:05.073 [Test worker] DEBUG com.github.dockerjava.zerodep.shaded.org.apache.hc.client5.http.headers - http-outgoing-2 >> x-tc-sid: c721e8e0-dbbd-4305-a748-6be2465f786d
22:07:05.073 [Test worker] DEBUG com.github.dockerjava.zerodep.shaded.org.apache.hc.client5.http.headers - http-outgoing-2 >> Accept-Encoding: gzip, x-gzip, deflate
22:07:05.073 [Test worker] DEBUG com.github.dockerjava.zerodep.shaded.org.apache.hc.client5.http.headers - http-outgoing-2 >> Host: localhost:2375
22:07:05.073 [Test worker] DEBUG com.github.dockerjava.zerodep.shaded.org.apache.hc.client5.http.headers - http-outgoing-2 >> Connection: keep-alive
22:07:05.073 [Test worker] DEBUG com.github.dockerjava.zerodep.shaded.org.apache.hc.client5.http.headers - http-outgoing-2 >> User-Agent: Apache-HttpClient/5.0.3 (Java/17.0.2)
22:07:05.073 [Test worker] DEBUG com.github.dockerjava.zerodep.shaded.org.apache.hc.client5.http.wire - http-outgoing-2 >> "GET /v1.32/containers/511b2d736fd4c4da08b79110fd21fdaa756368e4971eb130f8114450b3efc085/json HTTP/1.1[\r][\n]"
22:07:05.073 [Test worker] DEBUG com.github.dockerjava.zerodep.shaded.org.apache.hc.client5.http.wire - http-outgoing-2 >> "accept: application/json[\r][\n]"
22:07:05.073 [Test worker] DEBUG com.github.dockerjava.zerodep.shaded.org.apache.hc.client5.http.wire - http-outgoing-2 >> "x-tc-sid: c721e8e0-dbbd-4305-a748-6be2465f786d[\r][\n]"
22:07:05.073 [Test worker] DEBUG com.github.dockerjava.zerodep.shaded.org.apache.hc.client5.http.wire - http-outgoing-2 >> "Accept-Encoding: gzip, x-gzip, deflate[\r][\n]"
22:07:05.073 [Test worker] DEBUG com.github.dockerjava.zerodep.shaded.org.apache.hc.client5.http.wire - http-outgoing-2 >> "Host: localhost:2375[\r][\n]"
22:07:05.073 [Test worker] DEBUG com.github.dockerjava.zerodep.shaded.org.apache.hc.client5.http.wire - http-outgoing-2 >> "Connection: keep-alive[\r][\n]"
22:07:05.073 [Test worker] DEBUG com.github.dockerjava.zerodep.shaded.org.apache.hc.client5.http.wire - http-outgoing-2 >> "User-Agent: Apache-HttpClient/5.0.3 (Java/17.0.2)[\r][\n]"
22:07:05.073 [Test worker] DEBUG com.github.dockerjava.zerodep.shaded.org.apache.hc.client5.http.wire - http-outgoing-2 >> "[\r][\n]"
22:07:05.076 [Test worker] DEBUG com.github.dockerjava.zerodep.shaded.org.apache.hc.client5.http.wire - http-outgoing-2 << "HTTP/1.1 200 OK[\r][\n]"
22:07:05.076 [Test worker] DEBUG com.github.dockerjava.zerodep.shaded.org.apache.hc.client5.http.wire - http-outgoing-2 << "Api-Version: 1.41[\r][\n]"
22:07:05.076 [Test worker] DEBUG com.github.dockerjava.zerodep.shaded.org.apache.hc.client5.http.wire - http-outgoing-2 << "Content-Type: application/json[\r][\n]"
22:07:05.076 [Test worker] DEBUG com.github.dockerjava.zerodep.shaded.org.apache.hc.client5.http.wire - http-outgoing-2 << "Date: Mon, 03 Apr 2023 01:07:05 GMT[\r][\n]"
22:07:05.076 [Test worker] DEBUG com.github.dockerjava.zerodep.shaded.org.apache.hc.client5.http.wire - http-outgoing-2 << "Docker-Experimental: false[\r][\n]"
22:07:05.076 [Test worker] DEBUG com.github.dockerjava.zerodep.shaded.org.apache.hc.client5.http.wire - http-outgoing-2 << "Ostype: linux[\r][\n]"
22:07:05.076 [Test worker] DEBUG com.github.dockerjava.zerodep.shaded.org.apache.hc.client5.http.wire - http-outgoing-2 << "Server: Docker/20.10.21 (linux)[\r][\n]"
22:07:05.076 [Test worker] DEBUG com.github.dockerjava.zerodep.shaded.org.apache.hc.client5.http.wire - http-outgoing-2 << "Transfer-Encoding: chunked[\r][\n]"
22:07:05.076 [Test worker] DEBUG com.github.dockerjava.zerodep.shaded.org.apache.hc.client5.http.wire - http-outgoing-2 << "[\r][\n]"
22:07:05.076 [Test worker] DEBUG com.github.dockerjava.zerodep.shaded.org.apache.hc.client5.http.headers - http-outgoing-2 << HTTP/1.1 200 OK
22:07:05.076 [Test worker] DEBUG com.github.dockerjava.zerodep.shaded.org.apache.hc.client5.http.headers - http-outgoing-2 << Api-Version: 1.41
22:07:05.076 [Test worker] DEBUG com.github.dockerjava.zerodep.shaded.org.apache.hc.client5.http.headers - http-outgoing-2 << Content-Type: application/json
22:07:05.076 [Test worker] DEBUG com.github.dockerjava.zerodep.shaded.org.apache.hc.client5.http.headers - http-outgoing-2 << Date: Mon, 03 Apr 2023 01:07:05 GMT
22:07:05.076 [Test worker] DEBUG com.github.dockerjava.zerodep.shaded.org.apache.hc.client5.http.headers - http-outgoing-2 << Docker-Experimental: false
22:07:05.076 [Test worker] DEBUG com.github.dockerjava.zerodep.shaded.org.apache.hc.client5.http.headers - http-outgoing-2 << Ostype: linux
22:07:05.076 [Test worker] DEBUG com.github.dockerjava.zerodep.shaded.org.apache.hc.client5.http.headers - http-outgoing-2 << Server: Docker/20.10.21 (linux)
22:07:05.076 [Test worker] DEBUG com.github.dockerjava.zerodep.shaded.org.apache.hc.client5.http.headers - http-outgoing-2 << Transfer-Encoding: chunked
22:07:05.077 [Test worker] DEBUG com.github.dockerjava.zerodep.shaded.org.apache.hc.client5.http.impl.classic.MainClientExec - ex-00000011: connection can be kept alive for 3 MINUTES
22:07:05.077 [Test worker] DEBUG com.github.dockerjava.zerodep.shaded.org.apache.hc.client5.http.wire - http-outgoing-2 << "18c0[\r][\n]"
22:07:05.077 [Test worker] DEBUG com.github.dockerjava.zerodep.shaded.org.apache.hc.client5.http.wire - http-outgoing-2 << "{"Id":"511b2d736fd4c4da08b79110fd21fdaa756368e4971eb130f8114450b3efc085","Created":"2023-04-03T01:07:04.201309337Z","Path":"docker-entrypoint.sh","Args":["mysqld"],"State":{"Status":"running","Running":true,"Paused":false,"Restarting":false,"OOMKilled":false,"Dead":false,"Pid":2724,"ExitCode":0,"Error":"","StartedAt":"2023-04-03T01:07:04.498400921Z","FinishedAt":"0001-01-01T00:00:00Z"},"Image":"sha256:c7c54c29e20dccc1aefb936c8eba8bb8b98b87a4921102aba87fde2df5810af9","ResolvConfPath":"/var/lib/docker/containers/511b2d736fd4c4da08b79110fd21fdaa756368e4971eb130f8114450b3efc085/resolv.conf","HostnamePath":"/var/lib/docker/containers/511b2d736fd4c4da08b79110fd21fdaa756368e4971eb130f8114450b3efc085/hostname","HostsPath":"/var/lib/docker/containers/511b2d736fd4c4da08b79110fd21fdaa756368e4971eb130f8114450b3efc085/hosts","LogPath":"/var/lib/docker/containers/511b2d736fd4c4da08b79110fd21fdaa756368e4971eb130f8114450b3efc085/511b2d736fd4c4da08b79110fd21fdaa756368e4971eb130f8114450b3efc085-json.log","Name":"/elastic_easley","RestartCount":0,"Driver":"overlay2","Platform":"linux","MountLabel":"","ProcessLabel":"","AppArmorProfile":"","ExecIDs":null,"HostConfig":{"Binds":[],"ContainerIDFile":"","LogConfig":{"Type":"json-file","Config":{}},"NetworkMode":"default","PortBindings":{"3306/tcp":[{"HostIp":"0.0.0.0","HostPort":"0"}]},"RestartPolicy":{"Name":"","MaximumRetryCount":0},"AutoRemove":false,"VolumeDriver":"","VolumesFrom":[],"CapAdd":null,"CapDrop":null,"CgroupnsMode":"private","Dns":null,"DnsOptions":null,"DnsSearch":null,"ExtraHosts":[],"GroupAdd":null,"IpcMode":"shareable","Cgroup":"","Links":null,"OomScoreAdj":0,"PidMode":"","Privileged":false,"PublishAllPorts":false,"ReadonlyRootfs":false,"SecurityOpt":null,"UTSMode":"","UsernsMode":"","ShmSize":67108864,"Runtime":"runc","ConsoleSize":[0,0],"Isolation":"","CpuShares":0,"Memory":0,"NanoCpus":0,"CgroupParent":"","BlkioWeight":0,"BlkioWeightDevice":null,"BlkioDeviceReadBps":null,"BlkioDeviceWriteBps":null,"BlkioDeviceReadIOps":null,"BlkioDeviceWriteIOps":null,"CpuPeriod":0,"CpuQuota":0,"CpuRealtimePeriod":0,"CpuRealtimeRuntime":0,"CpusetCpus":"","CpusetMems":"","Devices":null,"DeviceCgroupRules":null,"DeviceRequests":null,"KernelMemory":0,"KernelMemoryTCP":0,"MemoryReservation":0,"MemorySwap":0,"MemorySwappiness":null,"OomKillDisable":null,"PidsLimit":null,"Ulimits":null,"CpuCount":0,"CpuPercent":0,"IOMaximumIOps":0,"IOMaximumBandwidth":0,"MaskedPaths":["/proc/asound","/proc/acpi","/proc/kcore","/proc/keys","/proc/latency_stats","/proc/timer_list","/proc/timer_stats","/proc/sched_debug","/proc/scsi","/sys/firmware"],"ReadonlyPaths":["/proc/bus","/proc/fs","/proc/irq","/proc/sys","/proc/sysrq-trigger"]},"GraphDriver":{"Data":{"LowerDir":"/var/lib/docker/overlay2/5ada145d0e3939fe5ed2118eea99b9f10241aeee200293145c73dce66470a568-init/diff:/var/lib/docker/overlay2/1bd8849d7a296305617011f940aa5cfabbe972a513397b1b6bbc27639b6c1f30/diff:/var/lib/docker/overlay2/199d69b2fbf78af4d4c95dec4fd2f8835ab0347eb49fb20ebb2ff3b99fedd6ad/diff:/var/lib/docker/overlay2/d83c38d654989311f75b9491329846033bfb7714de76ef635380dcfad5c740d9/diff:/var/lib/docker/overlay2/08600d0aea2ab2728bebcf5d2589c640a842f53d1ba3c4a4adccb4d03b923cf6/diff:/var/lib/docker/overlay2/9ec7c63a3fb14d13ac788bbf5e282ca821edc41260b79944e5e631037d13ecda/diff:/var/lib/docker/overlay2/db601d7a1b4ea6da638db620462f0da96fa55c559d02269c9ddb09027936ed87/diff:/var/lib/docker/overlay2/a6d2bd03f942e2565f21e74cfe152c7ec836a1c2b583f0790c685b92bdcfda24/diff:/var/lib/docker/overlay2/9badd16ea2c5e2bf1fde8b579683e41137dfc46ed5449234149f199a6751cc84/diff:/var/lib/docker/overlay2/6efb85646ed12e2d1181ef4cc6f6f6732c00c15a4035fe17ebc4f075ca573c30/diff:/var/lib/docker/overlay2/895d7c0ec09144d6ed33936f4e98e11c18010f7abd708cae1ce43aec7a7f2621/diff:/var/lib/docker/overlay2/1c4ba77aa573ab6e5e5069fd15eae71b3da940bde0f97a922a227ffc8a1d1096/diff","MergedDir":"/var/lib/docker/overlay2/5ada145d0e3939fe5ed2118eea99b9f10241aeee200293145c73dce66470a568/merged","UpperDir":"/var/lib/docker/overlay2/5ada145d0e3939fe5ed2118eea99b9f10241aeee200293145c73dce66470a568/diff","WorkDir":"/var/lib/docker/overlay2/5ada145d0e3939fe5ed2118eea99b9f10241aeee200293145c73dce66470a568/work"},"Name":"overlay2"},"Mounts":[{"Type":"volume","Name":"ac6dcf572a35a68e3a3a5bdf3d1899d89919b8e0b6d7a1beb9c6b19978c4e863","Source":"/var/lib/docker/volumes/ac6dcf572a35a68e3a3a5bdf3d1899d89919b8e0b6d7a1beb9c6b19978c4e863/_data","Destination":"/var/lib/mysql","Driver":"local","Mode":"","RW":true,"Propagation":""}],"Config":{"Hostname":"511b2d736fd4","Domainname":"","User":"","AttachStdin":false,"AttachStdout":false,"AttachStderr":false,"ExposedPorts":{"3306/tcp":{},"33060/tcp":{}},"Tty":false,"OpenStdin":false,"StdinOnce":false,"Env":["MYSQL_DATABASE=adm_videos","MYSQL_PASSWORD=123456","MYSQL_ROOT_PASSWORD=123456","PATH=/usr/local/sbin:/usr/local/bin:/usr/sbin:/usr/bin:/sbin:/bin","GOSU_VERSION=1.16","MYSQL_MAJOR=8.0","MYSQL_VERSION=8.0.32-1.el8","MYSQL_SHELL_VERSION=8.0.32-1.el8"],"Cmd":["mysqld"],"Image":"mysql:latest","Volumes":{"/var/lib/mysql":{}},"WorkingDir":"","Entrypoint":["docker-entrypoint.sh"],"OnBuild":null,"Labels":{"org.testcontainers":"true","org.testcontainers.lang":"java","org.testcontainers.sessionId":"c721e8e0-dbbd-4305-a748-6be2465f786d","org.testcontainers.version":"1.17.6"}},"NetworkSettings":{"Bridge":"","SandboxID":"23a51dba07b22c8536581cd39611755923749e16a93a45ce75c5c8a4a7759981","HairpinMode":false,"LinkLocalIPv6Address":"","LinkLocalIPv6PrefixLen":0,"Ports":{"3306/tcp":[{"HostIp":"0.0.0.0","HostPort":"50897"}],"33060/tcp":null},"SandboxKey":"/var/run/docker/netns/23a51dba07b2","SecondaryIPAddresses":null,"SecondaryIPv6Addresses":null,"EndpointID":"692f30c6e93a1486104b6273bdc38b1f926e45528d0b3ff49b5fe2d91ed6b329","Gateway":"172.17.0.1","GlobalIPv6Address":"","GlobalIPv6PrefixLen":0,"IPAddress":"172.17.0.3","IPPrefixLen":16,"IPv6Gateway":"","MacAddress":"02:42:ac:11:00:03","Networks":{"bridge":{"IPAMConfig":null,"Links":null,"Aliases":null,"NetworkID":"eba6fdf7ebe51912c859fc2dc83d1407a50db03ea3c296d90f885e8af84b6e93","EndpointID":"692f30c6e93a1486104b6273bdc38b1f926e45528d0b3ff49b5fe2d91ed6b329","Gateway":"172.17.0.1","IPAddress":"172.17.0.3","IPPrefixLen":16,"IPv6Gateway":"","GlobalIPv6Address":"","GlobalIPv6PrefixLen":0,"MacAddress":"02:42:ac:11:00:03","DriverOpts":null}}}}[\n]"
22:07:05.077 [Test worker] DEBUG com.github.dockerjava.zerodep.shaded.org.apache.hc.client5.http.wire - http-outgoing-2 << "[\r][\n]"
22:07:05.077 [Test worker] DEBUG com.github.dockerjava.zerodep.shaded.org.apache.hc.client5.http.wire - http-outgoing-2 << "0[\r][\n]"
22:07:05.077 [Test worker] DEBUG com.github.dockerjava.zerodep.shaded.org.apache.hc.client5.http.wire - http-outgoing-2 << "[\r][\n]"
22:07:05.079 [Test worker] DEBUG com.github.dockerjava.zerodep.shaded.org.apache.hc.client5.http.impl.classic.InternalHttpClient - ep-00000010: releasing valid endpoint
22:07:05.079 [Test worker] DEBUG com.github.dockerjava.zerodep.shaded.org.apache.hc.client5.http.impl.io.PoolingHttpClientConnectionManager - ep-00000010: releasing endpoint
22:07:05.079 [Test worker] DEBUG com.github.dockerjava.zerodep.shaded.org.apache.hc.client5.http.impl.io.PoolingHttpClientConnectionManager - ep-00000010: connection http-outgoing-2 can be kept alive for 3 MINUTES
22:07:05.079 [Test worker] DEBUG com.github.dockerjava.zerodep.shaded.org.apache.hc.client5.http.impl.io.PoolingHttpClientConnectionManager - ep-00000010: connection released [route: {}->unix://localhost:2375][total available: 1; route allocated: 1 of 2147483647; total allocated: 1 of 2147483647]
22:07:05.079 [Test worker] DEBUG ]]>&#x1f433;<![CDATA[ [mysql:latest] - Trying to create JDBC connection using com.mysql.cj.jdbc.Driver to jdbc:mysql://localhost:50897/adm_videos?useSSL=false&allowPublicKeyRetrieval=true with properties: {password=123456, user=root}
22:07:05.184 [Test worker] DEBUG org.testcontainers.shaded.com.github.dockerjava.core.command.AbstrDockerCmd - Cmd: 511b2d736fd4c4da08b79110fd21fdaa756368e4971eb130f8114450b3efc085,false
22:07:05.185 [Test worker] DEBUG org.testcontainers.shaded.com.github.dockerjava.core.exec.InspectContainerCmdExec - GET: DefaultWebTarget{path=[/containers/511b2d736fd4c4da08b79110fd21fdaa756368e4971eb130f8114450b3efc085/json], queryParams={}}
22:07:05.186 [Test worker] DEBUG com.github.dockerjava.zerodep.shaded.org.apache.hc.client5.http.impl.classic.InternalHttpClient - ex-00000012: preparing request execution
22:07:05.186 [Test worker] DEBUG com.github.dockerjava.zerodep.shaded.org.apache.hc.client5.http.protocol.RequestAddCookies - Cookie spec selected: strict
22:07:05.186 [Test worker] DEBUG com.github.dockerjava.zerodep.shaded.org.apache.hc.client5.http.protocol.RequestAuthCache - Auth cache not set in the context
22:07:05.186 [Test worker] DEBUG com.github.dockerjava.zerodep.shaded.org.apache.hc.client5.http.impl.classic.ProtocolExec - ex-00000012: target auth state: UNCHALLENGED
22:07:05.186 [Test worker] DEBUG com.github.dockerjava.zerodep.shaded.org.apache.hc.client5.http.impl.classic.ProtocolExec - ex-00000012: proxy auth state: UNCHALLENGED
22:07:05.186 [Test worker] DEBUG com.github.dockerjava.zerodep.shaded.org.apache.hc.client5.http.impl.classic.ConnectExec - ex-00000012: acquiring connection with route {}->unix://localhost:2375
22:07:05.186 [Test worker] DEBUG com.github.dockerjava.zerodep.shaded.org.apache.hc.client5.http.impl.classic.InternalHttpClient - ex-00000012: acquiring endpoint (3 MINUTES)
22:07:05.186 [Test worker] DEBUG com.github.dockerjava.zerodep.shaded.org.apache.hc.client5.http.impl.io.PoolingHttpClientConnectionManager - ex-00000012: endpoint lease request (3 MINUTES) [route: {}->unix://localhost:2375][total available: 1; route allocated: 1 of 2147483647; total allocated: 1 of 2147483647]
22:07:05.186 [Test worker] DEBUG com.github.dockerjava.zerodep.shaded.org.apache.hc.client5.http.impl.io.PoolingHttpClientConnectionManager - ex-00000012: endpoint leased [route: {}->unix://localhost:2375][total available: 0; route allocated: 1 of 2147483647; total allocated: 1 of 2147483647]
22:07:05.186 [Test worker] DEBUG com.github.dockerjava.zerodep.shaded.org.apache.hc.client5.http.impl.io.PoolingHttpClientConnectionManager - ex-00000012: acquired ep-00000011
22:07:05.186 [Test worker] DEBUG com.github.dockerjava.zerodep.shaded.org.apache.hc.client5.http.impl.classic.InternalHttpClient - ex-00000012: acquired endpoint ep-00000011
22:07:05.186 [Test worker] DEBUG com.github.dockerjava.zerodep.shaded.org.apache.hc.client5.http.impl.classic.MainClientExec - ex-00000012: executing GET /v1.32/containers/511b2d736fd4c4da08b79110fd21fdaa756368e4971eb130f8114450b3efc085/json HTTP/1.1
22:07:05.186 [Test worker] DEBUG com.github.dockerjava.zerodep.shaded.org.apache.hc.client5.http.impl.classic.InternalHttpClient - ep-00000011: start execution ex-00000012
22:07:05.186 [Test worker] DEBUG com.github.dockerjava.zerodep.shaded.org.apache.hc.client5.http.impl.io.PoolingHttpClientConnectionManager - ep-00000011: executing exchange ex-00000012 over http-outgoing-2
22:07:05.187 [Test worker] DEBUG com.github.dockerjava.zerodep.shaded.org.apache.hc.client5.http.headers - http-outgoing-2 >> GET /v1.32/containers/511b2d736fd4c4da08b79110fd21fdaa756368e4971eb130f8114450b3efc085/json HTTP/1.1
22:07:05.187 [Test worker] DEBUG com.github.dockerjava.zerodep.shaded.org.apache.hc.client5.http.headers - http-outgoing-2 >> accept: application/json
22:07:05.187 [Test worker] DEBUG com.github.dockerjava.zerodep.shaded.org.apache.hc.client5.http.headers - http-outgoing-2 >> x-tc-sid: c721e8e0-dbbd-4305-a748-6be2465f786d
22:07:05.187 [Test worker] DEBUG com.github.dockerjava.zerodep.shaded.org.apache.hc.client5.http.headers - http-outgoing-2 >> Accept-Encoding: gzip, x-gzip, deflate
22:07:05.187 [Test worker] DEBUG com.github.dockerjava.zerodep.shaded.org.apache.hc.client5.http.headers - http-outgoing-2 >> Host: localhost:2375
22:07:05.187 [Test worker] DEBUG com.github.dockerjava.zerodep.shaded.org.apache.hc.client5.http.headers - http-outgoing-2 >> Connection: keep-alive
22:07:05.187 [Test worker] DEBUG com.github.dockerjava.zerodep.shaded.org.apache.hc.client5.http.headers - http-outgoing-2 >> User-Agent: Apache-HttpClient/5.0.3 (Java/17.0.2)
22:07:05.187 [Test worker] DEBUG com.github.dockerjava.zerodep.shaded.org.apache.hc.client5.http.wire - http-outgoing-2 >> "GET /v1.32/containers/511b2d736fd4c4da08b79110fd21fdaa756368e4971eb130f8114450b3efc085/json HTTP/1.1[\r][\n]"
22:07:05.187 [Test worker] DEBUG com.github.dockerjava.zerodep.shaded.org.apache.hc.client5.http.wire - http-outgoing-2 >> "accept: application/json[\r][\n]"
22:07:05.187 [Test worker] DEBUG com.github.dockerjava.zerodep.shaded.org.apache.hc.client5.http.wire - http-outgoing-2 >> "x-tc-sid: c721e8e0-dbbd-4305-a748-6be2465f786d[\r][\n]"
22:07:05.187 [Test worker] DEBUG com.github.dockerjava.zerodep.shaded.org.apache.hc.client5.http.wire - http-outgoing-2 >> "Accept-Encoding: gzip, x-gzip, deflate[\r][\n]"
22:07:05.187 [Test worker] DEBUG com.github.dockerjava.zerodep.shaded.org.apache.hc.client5.http.wire - http-outgoing-2 >> "Host: localhost:2375[\r][\n]"
22:07:05.187 [Test worker] DEBUG com.github.dockerjava.zerodep.shaded.org.apache.hc.client5.http.wire - http-outgoing-2 >> "Connection: keep-alive[\r][\n]"
22:07:05.187 [Test worker] DEBUG com.github.dockerjava.zerodep.shaded.org.apache.hc.client5.http.wire - http-outgoing-2 >> "User-Agent: Apache-HttpClient/5.0.3 (Java/17.0.2)[\r][\n]"
22:07:05.187 [Test worker] DEBUG com.github.dockerjava.zerodep.shaded.org.apache.hc.client5.http.wire - http-outgoing-2 >> "[\r][\n]"
22:07:05.189 [Test worker] DEBUG com.github.dockerjava.zerodep.shaded.org.apache.hc.client5.http.wire - http-outgoing-2 << "HTTP/1.1 200 OK[\r][\n]"
22:07:05.189 [Test worker] DEBUG com.github.dockerjava.zerodep.shaded.org.apache.hc.client5.http.wire - http-outgoing-2 << "Api-Version: 1.41[\r][\n]"
22:07:05.189 [Test worker] DEBUG com.github.dockerjava.zerodep.shaded.org.apache.hc.client5.http.wire - http-outgoing-2 << "Content-Type: application/json[\r][\n]"
22:07:05.189 [Test worker] DEBUG com.github.dockerjava.zerodep.shaded.org.apache.hc.client5.http.wire - http-outgoing-2 << "Date: Mon, 03 Apr 2023 01:07:05 GMT[\r][\n]"
22:07:05.189 [Test worker] DEBUG com.github.dockerjava.zerodep.shaded.org.apache.hc.client5.http.wire - http-outgoing-2 << "Docker-Experimental: false[\r][\n]"
22:07:05.189 [Test worker] DEBUG com.github.dockerjava.zerodep.shaded.org.apache.hc.client5.http.wire - http-outgoing-2 << "Ostype: linux[\r][\n]"
22:07:05.189 [Test worker] DEBUG com.github.dockerjava.zerodep.shaded.org.apache.hc.client5.http.wire - http-outgoing-2 << "Server: Docker/20.10.21 (linux)[\r][\n]"
22:07:05.189 [Test worker] DEBUG com.github.dockerjava.zerodep.shaded.org.apache.hc.client5.http.wire - http-outgoing-2 << "Transfer-Encoding: chunked[\r][\n]"
22:07:05.189 [Test worker] DEBUG com.github.dockerjava.zerodep.shaded.org.apache.hc.client5.http.wire - http-outgoing-2 << "[\r][\n]"
22:07:05.189 [Test worker] DEBUG com.github.dockerjava.zerodep.shaded.org.apache.hc.client5.http.headers - http-outgoing-2 << HTTP/1.1 200 OK
22:07:05.189 [Test worker] DEBUG com.github.dockerjava.zerodep.shaded.org.apache.hc.client5.http.headers - http-outgoing-2 << Api-Version: 1.41
22:07:05.190 [Test worker] DEBUG com.github.dockerjava.zerodep.shaded.org.apache.hc.client5.http.headers - http-outgoing-2 << Content-Type: application/json
22:07:05.190 [Test worker] DEBUG com.github.dockerjava.zerodep.shaded.org.apache.hc.client5.http.headers - http-outgoing-2 << Date: Mon, 03 Apr 2023 01:07:05 GMT
22:07:05.190 [Test worker] DEBUG com.github.dockerjava.zerodep.shaded.org.apache.hc.client5.http.headers - http-outgoing-2 << Docker-Experimental: false
22:07:05.190 [Test worker] DEBUG com.github.dockerjava.zerodep.shaded.org.apache.hc.client5.http.headers - http-outgoing-2 << Ostype: linux
22:07:05.190 [Test worker] DEBUG com.github.dockerjava.zerodep.shaded.org.apache.hc.client5.http.headers - http-outgoing-2 << Server: Docker/20.10.21 (linux)
22:07:05.190 [Test worker] DEBUG com.github.dockerjava.zerodep.shaded.org.apache.hc.client5.http.headers - http-outgoing-2 << Transfer-Encoding: chunked
22:07:05.190 [Test worker] DEBUG com.github.dockerjava.zerodep.shaded.org.apache.hc.client5.http.impl.classic.MainClientExec - ex-00000012: connection can be kept alive for 3 MINUTES
22:07:05.190 [Test worker] DEBUG com.github.dockerjava.zerodep.shaded.org.apache.hc.client5.http.wire - http-outgoing-2 << "18c0[\r][\n]"
22:07:05.190 [Test worker] DEBUG com.github.dockerjava.zerodep.shaded.org.apache.hc.client5.http.wire - http-outgoing-2 << "{"Id":"511b2d736fd4c4da08b79110fd21fdaa756368e4971eb130f8114450b3efc085","Created":"2023-04-03T01:07:04.201309337Z","Path":"docker-entrypoint.sh","Args":["mysqld"],"State":{"Status":"running","Running":true,"Paused":false,"Restarting":false,"OOMKilled":false,"Dead":false,"Pid":2724,"ExitCode":0,"Error":"","StartedAt":"2023-04-03T01:07:04.498400921Z","FinishedAt":"0001-01-01T00:00:00Z"},"Image":"sha256:c7c54c29e20dccc1aefb936c8eba8bb8b98b87a4921102aba87fde2df5810af9","ResolvConfPath":"/var/lib/docker/containers/511b2d736fd4c4da08b79110fd21fdaa756368e4971eb130f8114450b3efc085/resolv.conf","HostnamePath":"/var/lib/docker/containers/511b2d736fd4c4da08b79110fd21fdaa756368e4971eb130f8114450b3efc085/hostname","HostsPath":"/var/lib/docker/containers/511b2d736fd4c4da08b79110fd21fdaa756368e4971eb130f8114450b3efc085/hosts","LogPath":"/var/lib/docker/containers/511b2d736fd4c4da08b79110fd21fdaa756368e4971eb130f8114450b3efc085/511b2d736fd4c4da08b79110fd21fdaa756368e4971eb130f8114450b3efc085-json.log","Name":"/elastic_easley","RestartCount":0,"Driver":"overlay2","Platform":"linux","MountLabel":"","ProcessLabel":"","AppArmorProfile":"","ExecIDs":null,"HostConfig":{"Binds":[],"ContainerIDFile":"","LogConfig":{"Type":"json-file","Config":{}},"NetworkMode":"default","PortBindings":{"3306/tcp":[{"HostIp":"0.0.0.0","HostPort":"0"}]},"RestartPolicy":{"Name":"","MaximumRetryCount":0},"AutoRemove":false,"VolumeDriver":"","VolumesFrom":[],"CapAdd":null,"CapDrop":null,"CgroupnsMode":"private","Dns":null,"DnsOptions":null,"DnsSearch":null,"ExtraHosts":[],"GroupAdd":null,"IpcMode":"shareable","Cgroup":"","Links":null,"OomScoreAdj":0,"PidMode":"","Privileged":false,"PublishAllPorts":false,"ReadonlyRootfs":false,"SecurityOpt":null,"UTSMode":"","UsernsMode":"","ShmSize":67108864,"Runtime":"runc","ConsoleSize":[0,0],"Isolation":"","CpuShares":0,"Memory":0,"NanoCpus":0,"CgroupParent":"","BlkioWeight":0,"BlkioWeightDevice":null,"BlkioDeviceReadBps":null,"BlkioDeviceWriteBps":null,"BlkioDeviceReadIOps":null,"BlkioDeviceWriteIOps":null,"CpuPeriod":0,"CpuQuota":0,"CpuRealtimePeriod":0,"CpuRealtimeRuntime":0,"CpusetCpus":"","CpusetMems":"","Devices":null,"DeviceCgroupRules":null,"DeviceRequests":null,"KernelMemory":0,"KernelMemoryTCP":0,"MemoryReservation":0,"MemorySwap":0,"MemorySwappiness":null,"OomKillDisable":null,"PidsLimit":null,"Ulimits":null,"CpuCount":0,"CpuPercent":0,"IOMaximumIOps":0,"IOMaximumBandwidth":0,"MaskedPaths":["/proc/asound","/proc/acpi","/proc/kcore","/proc/keys","/proc/latency_stats","/proc/timer_list","/proc/timer_stats","/proc/sched_debug","/proc/scsi","/sys/firmware"],"ReadonlyPaths":["/proc/bus","/proc/fs","/proc/irq","/proc/sys","/proc/sysrq-trigger"]},"GraphDriver":{"Data":{"LowerDir":"/var/lib/docker/overlay2/5ada145d0e3939fe5ed2118eea99b9f10241aeee200293145c73dce66470a568-init/diff:/var/lib/docker/overlay2/1bd8849d7a296305617011f940aa5cfabbe972a513397b1b6bbc27639b6c1f30/diff:/var/lib/docker/overlay2/199d69b2fbf78af4d4c95dec4fd2f8835ab0347eb49fb20ebb2ff3b99fedd6ad/diff:/var/lib/docker/overlay2/d83c38d654989311f75b9491329846033bfb7714de76ef635380dcfad5c740d9/diff:/var/lib/docker/overlay2/08600d0aea2ab2728bebcf5d2589c640a842f53d1ba3c4a4adccb4d03b923cf6/diff:/var/lib/docker/overlay2/9ec7c63a3fb14d13ac788bbf5e282ca821edc41260b79944e5e631037d13ecda/diff:/var/lib/docker/overlay2/db601d7a1b4ea6da638db620462f0da96fa55c559d02269c9ddb09027936ed87/diff:/var/lib/docker/overlay2/a6d2bd03f942e2565f21e74cfe152c7ec836a1c2b583f0790c685b92bdcfda24/diff:/var/lib/docker/overlay2/9badd16ea2c5e2bf1fde8b579683e41137dfc46ed5449234149f199a6751cc84/diff:/var/lib/docker/overlay2/6efb85646ed12e2d1181ef4cc6f6f6732c00c15a4035fe17ebc4f075ca573c30/diff:/var/lib/docker/overlay2/895d7c0ec09144d6ed33936f4e98e11c18010f7abd708cae1ce43aec7a7f2621/diff:/var/lib/docker/overlay2/1c4ba77aa573ab6e5e5069fd15eae71b3da940bde0f97a922a227ffc8a1d1096/diff","MergedDir":"/var/lib/docker/overlay2/5ada145d0e3939fe5ed2118eea99b9f10241aeee200293145c73dce66470a568/merged","UpperDir":"/var/lib/docker/overlay2/5ada145d0e3939fe5ed2118eea99b9f10241aeee200293145c73dce66470a568/diff","WorkDir":"/var/lib/docker/overlay2/5ada145d0e3939fe5ed2118eea99b9f10241aeee200293145c73dce66470a568/work"},"Name":"overlay2"},"Mounts":[{"Type":"volume","Name":"ac6dcf572a35a68e3a3a5bdf3d1899d89919b8e0b6d7a1beb9c6b19978c4e863","Source":"/var/lib/docker/volumes/ac6dcf572a35a68e3a3a5bdf3d1899d89919b8e0b6d7a1beb9c6b19978c4e863/_data","Destination":"/var/lib/mysql","Driver":"local","Mode":"","RW":true,"Propagation":""}],"Config":{"Hostname":"511b2d736fd4","Domainname":"","User":"","AttachStdin":false,"AttachStdout":false,"AttachStderr":false,"ExposedPorts":{"3306/tcp":{},"33060/tcp":{}},"Tty":false,"OpenStdin":false,"StdinOnce":false,"Env":["MYSQL_DATABASE=adm_videos","MYSQL_PASSWORD=123456","MYSQL_ROOT_PASSWORD=123456","PATH=/usr/local/sbin:/usr/local/bin:/usr/sbin:/usr/bin:/sbin:/bin","GOSU_VERSION=1.16","MYSQL_MAJOR=8.0","MYSQL_VERSION=8.0.32-1.el8","MYSQL_SHELL_VERSION=8.0.32-1.el8"],"Cmd":["mysqld"],"Image":"mysql:latest","Volumes":{"/var/lib/mysql":{}},"WorkingDir":"","Entrypoint":["docker-entrypoint.sh"],"OnBuild":null,"Labels":{"org.testcontainers":"true","org.testcontainers.lang":"java","org.testcontainers.sessionId":"c721e8e0-dbbd-4305-a748-6be2465f786d","org.testcontainers.version":"1.17.6"}},"NetworkSettings":{"Bridge":"","SandboxID":"23a51dba07b22c8536581cd39611755923749e16a93a45ce75c5c8a4a7759981","HairpinMode":false,"LinkLocalIPv6Address":"","LinkLocalIPv6PrefixLen":0,"Ports":{"3306/tcp":[{"HostIp":"0.0.0.0","HostPort":"50897"}],"33060/tcp":null},"SandboxKey":"/var/run/docker/netns/23a51dba07b2","SecondaryIPAddresses":null,"SecondaryIPv6Addresses":null,"EndpointID":"692f30c6e93a1486104b6273bdc38b1f926e45528d0b3ff49b5fe2d91ed6b329","Gateway":"172.17.0.1","GlobalIPv6Address":"","GlobalIPv6PrefixLen":0,"IPAddress":"172.17.0.3","IPPrefixLen":16,"IPv6Gateway":"","MacAddress":"02:42:ac:11:00:03","Networks":{"bridge":{"IPAMConfig":null,"Links":null,"Aliases":null,"NetworkID":"eba6fdf7ebe51912c859fc2dc83d1407a50db03ea3c296d90f885e8af84b6e93","EndpointID":"692f30c6e93a1486104b6273bdc38b1f926e45528d0b3ff49b5fe2d91ed6b329","Gateway":"172.17.0.1","IPAddress":"172.17.0.3","IPPrefixLen":16,"IPv6Gateway":"","GlobalIPv6Address":"","GlobalIPv6PrefixLen":0,"MacAddress":"02:42:ac:11:00:03","DriverOpts":null}}}}[\n]"
22:07:05.190 [Test worker] DEBUG com.github.dockerjava.zerodep.shaded.org.apache.hc.client5.http.wire - http-outgoing-2 << "[\r][\n]"
22:07:05.192 [Test worker] DEBUG com.github.dockerjava.zerodep.shaded.org.apache.hc.client5.http.wire - http-outgoing-2 << "0[\r][\n]"
22:07:05.192 [Test worker] DEBUG com.github.dockerjava.zerodep.shaded.org.apache.hc.client5.http.wire - http-outgoing-2 << "[\r][\n]"
22:07:05.192 [Test worker] DEBUG com.github.dockerjava.zerodep.shaded.org.apache.hc.client5.http.impl.classic.InternalHttpClient - ep-00000011: releasing valid endpoint
22:07:05.192 [Test worker] DEBUG com.github.dockerjava.zerodep.shaded.org.apache.hc.client5.http.impl.io.PoolingHttpClientConnectionManager - ep-00000011: releasing endpoint
22:07:05.192 [Test worker] DEBUG com.github.dockerjava.zerodep.shaded.org.apache.hc.client5.http.impl.io.PoolingHttpClientConnectionManager - ep-00000011: connection http-outgoing-2 can be kept alive for 3 MINUTES
22:07:05.192 [Test worker] DEBUG com.github.dockerjava.zerodep.shaded.org.apache.hc.client5.http.impl.io.PoolingHttpClientConnectionManager - ep-00000011: connection released [route: {}->unix://localhost:2375][total available: 1; route allocated: 1 of 2147483647; total allocated: 1 of 2147483647]
22:07:05.192 [Test worker] DEBUG ]]>&#x1f433;<![CDATA[ [mysql:latest] - Trying to create JDBC connection using com.mysql.cj.jdbc.Driver to jdbc:mysql://localhost:50897/adm_videos?useSSL=false&allowPublicKeyRetrieval=true with properties: {password=123456, user=root}
22:07:05.298 [Test worker] DEBUG org.testcontainers.shaded.com.github.dockerjava.core.command.AbstrDockerCmd - Cmd: 511b2d736fd4c4da08b79110fd21fdaa756368e4971eb130f8114450b3efc085,false
22:07:05.298 [Test worker] DEBUG org.testcontainers.shaded.com.github.dockerjava.core.exec.InspectContainerCmdExec - GET: DefaultWebTarget{path=[/containers/511b2d736fd4c4da08b79110fd21fdaa756368e4971eb130f8114450b3efc085/json], queryParams={}}
22:07:05.299 [Test worker] DEBUG com.github.dockerjava.zerodep.shaded.org.apache.hc.client5.http.impl.classic.InternalHttpClient - ex-00000013: preparing request execution
22:07:05.299 [Test worker] DEBUG com.github.dockerjava.zerodep.shaded.org.apache.hc.client5.http.protocol.RequestAddCookies - Cookie spec selected: strict
22:07:05.299 [Test worker] DEBUG com.github.dockerjava.zerodep.shaded.org.apache.hc.client5.http.protocol.RequestAuthCache - Auth cache not set in the context
22:07:05.299 [Test worker] DEBUG com.github.dockerjava.zerodep.shaded.org.apache.hc.client5.http.impl.classic.ProtocolExec - ex-00000013: target auth state: UNCHALLENGED
22:07:05.299 [Test worker] DEBUG com.github.dockerjava.zerodep.shaded.org.apache.hc.client5.http.impl.classic.ProtocolExec - ex-00000013: proxy auth state: UNCHALLENGED
22:07:05.299 [Test worker] DEBUG com.github.dockerjava.zerodep.shaded.org.apache.hc.client5.http.impl.classic.ConnectExec - ex-00000013: acquiring connection with route {}->unix://localhost:2375
22:07:05.299 [Test worker] DEBUG com.github.dockerjava.zerodep.shaded.org.apache.hc.client5.http.impl.classic.InternalHttpClient - ex-00000013: acquiring endpoint (3 MINUTES)
22:07:05.299 [Test worker] DEBUG com.github.dockerjava.zerodep.shaded.org.apache.hc.client5.http.impl.io.PoolingHttpClientConnectionManager - ex-00000013: endpoint lease request (3 MINUTES) [route: {}->unix://localhost:2375][total available: 1; route allocated: 1 of 2147483647; total allocated: 1 of 2147483647]
22:07:05.299 [Test worker] DEBUG com.github.dockerjava.zerodep.shaded.org.apache.hc.client5.http.impl.io.PoolingHttpClientConnectionManager - ex-00000013: endpoint leased [route: {}->unix://localhost:2375][total available: 0; route allocated: 1 of 2147483647; total allocated: 1 of 2147483647]
22:07:05.300 [Test worker] DEBUG com.github.dockerjava.zerodep.shaded.org.apache.hc.client5.http.impl.io.PoolingHttpClientConnectionManager - ex-00000013: acquired ep-00000012
22:07:05.300 [Test worker] DEBUG com.github.dockerjava.zerodep.shaded.org.apache.hc.client5.http.impl.classic.InternalHttpClient - ex-00000013: acquired endpoint ep-00000012
22:07:05.300 [Test worker] DEBUG com.github.dockerjava.zerodep.shaded.org.apache.hc.client5.http.impl.classic.MainClientExec - ex-00000013: executing GET /v1.32/containers/511b2d736fd4c4da08b79110fd21fdaa756368e4971eb130f8114450b3efc085/json HTTP/1.1
22:07:05.300 [Test worker] DEBUG com.github.dockerjava.zerodep.shaded.org.apache.hc.client5.http.impl.classic.InternalHttpClient - ep-00000012: start execution ex-00000013
22:07:05.300 [Test worker] DEBUG com.github.dockerjava.zerodep.shaded.org.apache.hc.client5.http.impl.io.PoolingHttpClientConnectionManager - ep-00000012: executing exchange ex-00000013 over http-outgoing-2
22:07:05.300 [Test worker] DEBUG com.github.dockerjava.zerodep.shaded.org.apache.hc.client5.http.headers - http-outgoing-2 >> GET /v1.32/containers/511b2d736fd4c4da08b79110fd21fdaa756368e4971eb130f8114450b3efc085/json HTTP/1.1
22:07:05.300 [Test worker] DEBUG com.github.dockerjava.zerodep.shaded.org.apache.hc.client5.http.headers - http-outgoing-2 >> accept: application/json
22:07:05.300 [Test worker] DEBUG com.github.dockerjava.zerodep.shaded.org.apache.hc.client5.http.headers - http-outgoing-2 >> x-tc-sid: c721e8e0-dbbd-4305-a748-6be2465f786d
22:07:05.300 [Test worker] DEBUG com.github.dockerjava.zerodep.shaded.org.apache.hc.client5.http.headers - http-outgoing-2 >> Accept-Encoding: gzip, x-gzip, deflate
22:07:05.300 [Test worker] DEBUG com.github.dockerjava.zerodep.shaded.org.apache.hc.client5.http.headers - http-outgoing-2 >> Host: localhost:2375
22:07:05.300 [Test worker] DEBUG com.github.dockerjava.zerodep.shaded.org.apache.hc.client5.http.headers - http-outgoing-2 >> Connection: keep-alive
22:07:05.300 [Test worker] DEBUG com.github.dockerjava.zerodep.shaded.org.apache.hc.client5.http.headers - http-outgoing-2 >> User-Agent: Apache-HttpClient/5.0.3 (Java/17.0.2)
22:07:05.300 [Test worker] DEBUG com.github.dockerjava.zerodep.shaded.org.apache.hc.client5.http.wire - http-outgoing-2 >> "GET /v1.32/containers/511b2d736fd4c4da08b79110fd21fdaa756368e4971eb130f8114450b3efc085/json HTTP/1.1[\r][\n]"
22:07:05.300 [Test worker] DEBUG com.github.dockerjava.zerodep.shaded.org.apache.hc.client5.http.wire - http-outgoing-2 >> "accept: application/json[\r][\n]"
22:07:05.300 [Test worker] DEBUG com.github.dockerjava.zerodep.shaded.org.apache.hc.client5.http.wire - http-outgoing-2 >> "x-tc-sid: c721e8e0-dbbd-4305-a748-6be2465f786d[\r][\n]"
22:07:05.300 [Test worker] DEBUG com.github.dockerjava.zerodep.shaded.org.apache.hc.client5.http.wire - http-outgoing-2 >> "Accept-Encoding: gzip, x-gzip, deflate[\r][\n]"
22:07:05.300 [Test worker] DEBUG com.github.dockerjava.zerodep.shaded.org.apache.hc.client5.http.wire - http-outgoing-2 >> "Host: localhost:2375[\r][\n]"
22:07:05.300 [Test worker] DEBUG com.github.dockerjava.zerodep.shaded.org.apache.hc.client5.http.wire - http-outgoing-2 >> "Connection: keep-alive[\r][\n]"
22:07:05.300 [Test worker] DEBUG com.github.dockerjava.zerodep.shaded.org.apache.hc.client5.http.wire - http-outgoing-2 >> "User-Agent: Apache-HttpClient/5.0.3 (Java/17.0.2)[\r][\n]"
22:07:05.300 [Test worker] DEBUG com.github.dockerjava.zerodep.shaded.org.apache.hc.client5.http.wire - http-outgoing-2 >> "[\r][\n]"
22:07:05.302 [Test worker] DEBUG com.github.dockerjava.zerodep.shaded.org.apache.hc.client5.http.wire - http-outgoing-2 << "HTTP/1.1 200 OK[\r][\n]"
22:07:05.302 [Test worker] DEBUG com.github.dockerjava.zerodep.shaded.org.apache.hc.client5.http.wire - http-outgoing-2 << "Api-Version: 1.41[\r][\n]"
22:07:05.302 [Test worker] DEBUG com.github.dockerjava.zerodep.shaded.org.apache.hc.client5.http.wire - http-outgoing-2 << "Content-Type: application/json[\r][\n]"
22:07:05.302 [Test worker] DEBUG com.github.dockerjava.zerodep.shaded.org.apache.hc.client5.http.wire - http-outgoing-2 << "Date: Mon, 03 Apr 2023 01:07:05 GMT[\r][\n]"
22:07:05.302 [Test worker] DEBUG com.github.dockerjava.zerodep.shaded.org.apache.hc.client5.http.wire - http-outgoing-2 << "Docker-Experimental: false[\r][\n]"
22:07:05.302 [Test worker] DEBUG com.github.dockerjava.zerodep.shaded.org.apache.hc.client5.http.wire - http-outgoing-2 << "Ostype: linux[\r][\n]"
22:07:05.302 [Test worker] DEBUG com.github.dockerjava.zerodep.shaded.org.apache.hc.client5.http.wire - http-outgoing-2 << "Server: Docker/20.10.21 (linux)[\r][\n]"
22:07:05.302 [Test worker] DEBUG com.github.dockerjava.zerodep.shaded.org.apache.hc.client5.http.wire - http-outgoing-2 << "Transfer-Encoding: chunked[\r][\n]"
22:07:05.302 [Test worker] DEBUG com.github.dockerjava.zerodep.shaded.org.apache.hc.client5.http.wire - http-outgoing-2 << "[\r][\n]"
22:07:05.302 [Test worker] DEBUG com.github.dockerjava.zerodep.shaded.org.apache.hc.client5.http.headers - http-outgoing-2 << HTTP/1.1 200 OK
22:07:05.302 [Test worker] DEBUG com.github.dockerjava.zerodep.shaded.org.apache.hc.client5.http.headers - http-outgoing-2 << Api-Version: 1.41
22:07:05.302 [Test worker] DEBUG com.github.dockerjava.zerodep.shaded.org.apache.hc.client5.http.headers - http-outgoing-2 << Content-Type: application/json
22:07:05.302 [Test worker] DEBUG com.github.dockerjava.zerodep.shaded.org.apache.hc.client5.http.headers - http-outgoing-2 << Date: Mon, 03 Apr 2023 01:07:05 GMT
22:07:05.302 [Test worker] DEBUG com.github.dockerjava.zerodep.shaded.org.apache.hc.client5.http.headers - http-outgoing-2 << Docker-Experimental: false
22:07:05.302 [Test worker] DEBUG com.github.dockerjava.zerodep.shaded.org.apache.hc.client5.http.headers - http-outgoing-2 << Ostype: linux
22:07:05.302 [Test worker] DEBUG com.github.dockerjava.zerodep.shaded.org.apache.hc.client5.http.headers - http-outgoing-2 << Server: Docker/20.10.21 (linux)
22:07:05.302 [Test worker] DEBUG com.github.dockerjava.zerodep.shaded.org.apache.hc.client5.http.headers - http-outgoing-2 << Transfer-Encoding: chunked
22:07:05.303 [Test worker] DEBUG com.github.dockerjava.zerodep.shaded.org.apache.hc.client5.http.impl.classic.MainClientExec - ex-00000013: connection can be kept alive for 3 MINUTES
22:07:05.303 [Test worker] DEBUG com.github.dockerjava.zerodep.shaded.org.apache.hc.client5.http.wire - http-outgoing-2 << "18c0[\r][\n]"
22:07:05.303 [Test worker] DEBUG com.github.dockerjava.zerodep.shaded.org.apache.hc.client5.http.wire - http-outgoing-2 << "{"Id":"511b2d736fd4c4da08b79110fd21fdaa756368e4971eb130f8114450b3efc085","Created":"2023-04-03T01:07:04.201309337Z","Path":"docker-entrypoint.sh","Args":["mysqld"],"State":{"Status":"running","Running":true,"Paused":false,"Restarting":false,"OOMKilled":false,"Dead":false,"Pid":2724,"ExitCode":0,"Error":"","StartedAt":"2023-04-03T01:07:04.498400921Z","FinishedAt":"0001-01-01T00:00:00Z"},"Image":"sha256:c7c54c29e20dccc1aefb936c8eba8bb8b98b87a4921102aba87fde2df5810af9","ResolvConfPath":"/var/lib/docker/containers/511b2d736fd4c4da08b79110fd21fdaa756368e4971eb130f8114450b3efc085/resolv.conf","HostnamePath":"/var/lib/docker/containers/511b2d736fd4c4da08b79110fd21fdaa756368e4971eb130f8114450b3efc085/hostname","HostsPath":"/var/lib/docker/containers/511b2d736fd4c4da08b79110fd21fdaa756368e4971eb130f8114450b3efc085/hosts","LogPath":"/var/lib/docker/containers/511b2d736fd4c4da08b79110fd21fdaa756368e4971eb130f8114450b3efc085/511b2d736fd4c4da08b79110fd21fdaa756368e4971eb130f8114450b3efc085-json.log","Name":"/elastic_easley","RestartCount":0,"Driver":"overlay2","Platform":"linux","MountLabel":"","ProcessLabel":"","AppArmorProfile":"","ExecIDs":null,"HostConfig":{"Binds":[],"ContainerIDFile":"","LogConfig":{"Type":"json-file","Config":{}},"NetworkMode":"default","PortBindings":{"3306/tcp":[{"HostIp":"0.0.0.0","HostPort":"0"}]},"RestartPolicy":{"Name":"","MaximumRetryCount":0},"AutoRemove":false,"VolumeDriver":"","VolumesFrom":[],"CapAdd":null,"CapDrop":null,"CgroupnsMode":"private","Dns":null,"DnsOptions":null,"DnsSearch":null,"ExtraHosts":[],"GroupAdd":null,"IpcMode":"shareable","Cgroup":"","Links":null,"OomScoreAdj":0,"PidMode":"","Privileged":false,"PublishAllPorts":false,"ReadonlyRootfs":false,"SecurityOpt":null,"UTSMode":"","UsernsMode":"","ShmSize":67108864,"Runtime":"runc","ConsoleSize":[0,0],"Isolation":"","CpuShares":0,"Memory":0,"NanoCpus":0,"CgroupParent":"","BlkioWeight":0,"BlkioWeightDevice":null,"BlkioDeviceReadBps":null,"BlkioDeviceWriteBps":null,"BlkioDeviceReadIOps":null,"BlkioDeviceWriteIOps":null,"CpuPeriod":0,"CpuQuota":0,"CpuRealtimePeriod":0,"CpuRealtimeRuntime":0,"CpusetCpus":"","CpusetMems":"","Devices":null,"DeviceCgroupRules":null,"DeviceRequests":null,"KernelMemory":0,"KernelMemoryTCP":0,"MemoryReservation":0,"MemorySwap":0,"MemorySwappiness":null,"OomKillDisable":null,"PidsLimit":null,"Ulimits":null,"CpuCount":0,"CpuPercent":0,"IOMaximumIOps":0,"IOMaximumBandwidth":0,"MaskedPaths":["/proc/asound","/proc/acpi","/proc/kcore","/proc/keys","/proc/latency_stats","/proc/timer_list","/proc/timer_stats","/proc/sched_debug","/proc/scsi","/sys/firmware"],"ReadonlyPaths":["/proc/bus","/proc/fs","/proc/irq","/proc/sys","/proc/sysrq-trigger"]},"GraphDriver":{"Data":{"LowerDir":"/var/lib/docker/overlay2/5ada145d0e3939fe5ed2118eea99b9f10241aeee200293145c73dce66470a568-init/diff:/var/lib/docker/overlay2/1bd8849d7a296305617011f940aa5cfabbe972a513397b1b6bbc27639b6c1f30/diff:/var/lib/docker/overlay2/199d69b2fbf78af4d4c95dec4fd2f8835ab0347eb49fb20ebb2ff3b99fedd6ad/diff:/var/lib/docker/overlay2/d83c38d654989311f75b9491329846033bfb7714de76ef635380dcfad5c740d9/diff:/var/lib/docker/overlay2/08600d0aea2ab2728bebcf5d2589c640a842f53d1ba3c4a4adccb4d03b923cf6/diff:/var/lib/docker/overlay2/9ec7c63a3fb14d13ac788bbf5e282ca821edc41260b79944e5e631037d13ecda/diff:/var/lib/docker/overlay2/db601d7a1b4ea6da638db620462f0da96fa55c559d02269c9ddb09027936ed87/diff:/var/lib/docker/overlay2/a6d2bd03f942e2565f21e74cfe152c7ec836a1c2b583f0790c685b92bdcfda24/diff:/var/lib/docker/overlay2/9badd16ea2c5e2bf1fde8b579683e41137dfc46ed5449234149f199a6751cc84/diff:/var/lib/docker/overlay2/6efb85646ed12e2d1181ef4cc6f6f6732c00c15a4035fe17ebc4f075ca573c30/diff:/var/lib/docker/overlay2/895d7c0ec09144d6ed33936f4e98e11c18010f7abd708cae1ce43aec7a7f2621/diff:/var/lib/docker/overlay2/1c4ba77aa573ab6e5e5069fd15eae71b3da940bde0f97a922a227ffc8a1d1096/diff","MergedDir":"/var/lib/docker/overlay2/5ada145d0e3939fe5ed2118eea99b9f10241aeee200293145c73dce66470a568/merged","UpperDir":"/var/lib/docker/overlay2/5ada145d0e3939fe5ed2118eea99b9f10241aeee200293145c73dce66470a568/diff","WorkDir":"/var/lib/docker/overlay2/5ada145d0e3939fe5ed2118eea99b9f10241aeee200293145c73dce66470a568/work"},"Name":"overlay2"},"Mounts":[{"Type":"volume","Name":"ac6dcf572a35a68e3a3a5bdf3d1899d89919b8e0b6d7a1beb9c6b19978c4e863","Source":"/var/lib/docker/volumes/ac6dcf572a35a68e3a3a5bdf3d1899d89919b8e0b6d7a1beb9c6b19978c4e863/_data","Destination":"/var/lib/mysql","Driver":"local","Mode":"","RW":true,"Propagation":""}],"Config":{"Hostname":"511b2d736fd4","Domainname":"","User":"","AttachStdin":false,"AttachStdout":false,"AttachStderr":false,"ExposedPorts":{"3306/tcp":{},"33060/tcp":{}},"Tty":false,"OpenStdin":false,"StdinOnce":false,"Env":["MYSQL_DATABASE=adm_videos","MYSQL_PASSWORD=123456","MYSQL_ROOT_PASSWORD=123456","PATH=/usr/local/sbin:/usr/local/bin:/usr/sbin:/usr/bin:/sbin:/bin","GOSU_VERSION=1.16","MYSQL_MAJOR=8.0","MYSQL_VERSION=8.0.32-1.el8","MYSQL_SHELL_VERSION=8.0.32-1.el8"],"Cmd":["mysqld"],"Image":"mysql:latest","Volumes":{"/var/lib/mysql":{}},"WorkingDir":"","Entrypoint":["docker-entrypoint.sh"],"OnBuild":null,"Labels":{"org.testcontainers":"true","org.testcontainers.lang":"java","org.testcontainers.sessionId":"c721e8e0-dbbd-4305-a748-6be2465f786d","org.testcontainers.version":"1.17.6"}},"NetworkSettings":{"Bridge":"","SandboxID":"23a51dba07b22c8536581cd39611755923749e16a93a45ce75c5c8a4a7759981","HairpinMode":false,"LinkLocalIPv6Address":"","LinkLocalIPv6PrefixLen":0,"Ports":{"3306/tcp":[{"HostIp":"0.0.0.0","HostPort":"50897"}],"33060/tcp":null},"SandboxKey":"/var/run/docker/netns/23a51dba07b2","SecondaryIPAddresses":null,"SecondaryIPv6Addresses":null,"EndpointID":"692f30c6e93a1486104b6273bdc38b1f926e45528d0b3ff49b5fe2d91ed6b329","Gateway":"172.17.0.1","GlobalIPv6Address":"","GlobalIPv6PrefixLen":0,"IPAddress":"172.17.0.3","IPPrefixLen":16,"IPv6Gateway":"","MacAddress":"02:42:ac:11:00:03","Networks":{"bridge":{"IPAMConfig":null,"Links":null,"Aliases":null,"NetworkID":"eba6fdf7ebe51912c859fc2dc83d1407a50db03ea3c296d90f885e8af84b6e93","EndpointID":"692f30c6e93a1486104b6273bdc38b1f926e45528d0b3ff49b5fe2d91ed6b329","Gateway":"172.17.0.1","IPAddress":"172.17.0.3","IPPrefixLen":16,"IPv6Gateway":"","GlobalIPv6Address":"","GlobalIPv6PrefixLen":0,"MacAddress":"02:42:ac:11:00:03","DriverOpts":null}}}}[\n]"
22:07:05.303 [Test worker] DEBUG com.github.dockerjava.zerodep.shaded.org.apache.hc.client5.http.wire - http-outgoing-2 << "[\r][\n]"
22:07:05.305 [Test worker] DEBUG com.github.dockerjava.zerodep.shaded.org.apache.hc.client5.http.wire - http-outgoing-2 << "0[\r][\n]"
22:07:05.305 [Test worker] DEBUG com.github.dockerjava.zerodep.shaded.org.apache.hc.client5.http.wire - http-outgoing-2 << "[\r][\n]"
22:07:05.306 [Test worker] DEBUG com.github.dockerjava.zerodep.shaded.org.apache.hc.client5.http.impl.classic.InternalHttpClient - ep-00000012: releasing valid endpoint
22:07:05.306 [Test worker] DEBUG com.github.dockerjava.zerodep.shaded.org.apache.hc.client5.http.impl.io.PoolingHttpClientConnectionManager - ep-00000012: releasing endpoint
22:07:05.306 [Test worker] DEBUG com.github.dockerjava.zerodep.shaded.org.apache.hc.client5.http.impl.io.PoolingHttpClientConnectionManager - ep-00000012: connection http-outgoing-2 can be kept alive for 3 MINUTES
22:07:05.306 [Test worker] DEBUG com.github.dockerjava.zerodep.shaded.org.apache.hc.client5.http.impl.io.PoolingHttpClientConnectionManager - ep-00000012: connection released [route: {}->unix://localhost:2375][total available: 1; route allocated: 1 of 2147483647; total allocated: 1 of 2147483647]
22:07:05.306 [Test worker] DEBUG ]]>&#x1f433;<![CDATA[ [mysql:latest] - Trying to create JDBC connection using com.mysql.cj.jdbc.Driver to jdbc:mysql://localhost:50897/adm_videos?useSSL=false&allowPublicKeyRetrieval=true with properties: {password=123456, user=root}
22:07:05.411 [Test worker] DEBUG org.testcontainers.shaded.com.github.dockerjava.core.command.AbstrDockerCmd - Cmd: 511b2d736fd4c4da08b79110fd21fdaa756368e4971eb130f8114450b3efc085,false
22:07:05.411 [Test worker] DEBUG org.testcontainers.shaded.com.github.dockerjava.core.exec.InspectContainerCmdExec - GET: DefaultWebTarget{path=[/containers/511b2d736fd4c4da08b79110fd21fdaa756368e4971eb130f8114450b3efc085/json], queryParams={}}
22:07:05.412 [Test worker] DEBUG com.github.dockerjava.zerodep.shaded.org.apache.hc.client5.http.impl.classic.InternalHttpClient - ex-00000014: preparing request execution
22:07:05.412 [Test worker] DEBUG com.github.dockerjava.zerodep.shaded.org.apache.hc.client5.http.protocol.RequestAddCookies - Cookie spec selected: strict
22:07:05.412 [Test worker] DEBUG com.github.dockerjava.zerodep.shaded.org.apache.hc.client5.http.protocol.RequestAuthCache - Auth cache not set in the context
22:07:05.412 [Test worker] DEBUG com.github.dockerjava.zerodep.shaded.org.apache.hc.client5.http.impl.classic.ProtocolExec - ex-00000014: target auth state: UNCHALLENGED
22:07:05.412 [Test worker] DEBUG com.github.dockerjava.zerodep.shaded.org.apache.hc.client5.http.impl.classic.ProtocolExec - ex-00000014: proxy auth state: UNCHALLENGED
22:07:05.412 [Test worker] DEBUG com.github.dockerjava.zerodep.shaded.org.apache.hc.client5.http.impl.classic.ConnectExec - ex-00000014: acquiring connection with route {}->unix://localhost:2375
22:07:05.412 [Test worker] DEBUG com.github.dockerjava.zerodep.shaded.org.apache.hc.client5.http.impl.classic.InternalHttpClient - ex-00000014: acquiring endpoint (3 MINUTES)
22:07:05.412 [Test worker] DEBUG com.github.dockerjava.zerodep.shaded.org.apache.hc.client5.http.impl.io.PoolingHttpClientConnectionManager - ex-00000014: endpoint lease request (3 MINUTES) [route: {}->unix://localhost:2375][total available: 1; route allocated: 1 of 2147483647; total allocated: 1 of 2147483647]
22:07:05.412 [Test worker] DEBUG com.github.dockerjava.zerodep.shaded.org.apache.hc.client5.http.impl.io.PoolingHttpClientConnectionManager - ex-00000014: endpoint leased [route: {}->unix://localhost:2375][total available: 0; route allocated: 1 of 2147483647; total allocated: 1 of 2147483647]
22:07:05.413 [Test worker] DEBUG com.github.dockerjava.zerodep.shaded.org.apache.hc.client5.http.impl.io.PoolingHttpClientConnectionManager - ex-00000014: acquired ep-00000013
22:07:05.413 [Test worker] DEBUG com.github.dockerjava.zerodep.shaded.org.apache.hc.client5.http.impl.classic.InternalHttpClient - ex-00000014: acquired endpoint ep-00000013
22:07:05.413 [Test worker] DEBUG com.github.dockerjava.zerodep.shaded.org.apache.hc.client5.http.impl.classic.MainClientExec - ex-00000014: executing GET /v1.32/containers/511b2d736fd4c4da08b79110fd21fdaa756368e4971eb130f8114450b3efc085/json HTTP/1.1
22:07:05.413 [Test worker] DEBUG com.github.dockerjava.zerodep.shaded.org.apache.hc.client5.http.impl.classic.InternalHttpClient - ep-00000013: start execution ex-00000014
22:07:05.413 [Test worker] DEBUG com.github.dockerjava.zerodep.shaded.org.apache.hc.client5.http.impl.io.PoolingHttpClientConnectionManager - ep-00000013: executing exchange ex-00000014 over http-outgoing-2
22:07:05.413 [Test worker] DEBUG com.github.dockerjava.zerodep.shaded.org.apache.hc.client5.http.headers - http-outgoing-2 >> GET /v1.32/containers/511b2d736fd4c4da08b79110fd21fdaa756368e4971eb130f8114450b3efc085/json HTTP/1.1
22:07:05.413 [Test worker] DEBUG com.github.dockerjava.zerodep.shaded.org.apache.hc.client5.http.headers - http-outgoing-2 >> accept: application/json
22:07:05.413 [Test worker] DEBUG com.github.dockerjava.zerodep.shaded.org.apache.hc.client5.http.headers - http-outgoing-2 >> x-tc-sid: c721e8e0-dbbd-4305-a748-6be2465f786d
22:07:05.413 [Test worker] DEBUG com.github.dockerjava.zerodep.shaded.org.apache.hc.client5.http.headers - http-outgoing-2 >> Accept-Encoding: gzip, x-gzip, deflate
22:07:05.413 [Test worker] DEBUG com.github.dockerjava.zerodep.shaded.org.apache.hc.client5.http.headers - http-outgoing-2 >> Host: localhost:2375
22:07:05.413 [Test worker] DEBUG com.github.dockerjava.zerodep.shaded.org.apache.hc.client5.http.headers - http-outgoing-2 >> Connection: keep-alive
22:07:05.413 [Test worker] DEBUG com.github.dockerjava.zerodep.shaded.org.apache.hc.client5.http.headers - http-outgoing-2 >> User-Agent: Apache-HttpClient/5.0.3 (Java/17.0.2)
22:07:05.413 [Test worker] DEBUG com.github.dockerjava.zerodep.shaded.org.apache.hc.client5.http.wire - http-outgoing-2 >> "GET /v1.32/containers/511b2d736fd4c4da08b79110fd21fdaa756368e4971eb130f8114450b3efc085/json HTTP/1.1[\r][\n]"
22:07:05.413 [Test worker] DEBUG com.github.dockerjava.zerodep.shaded.org.apache.hc.client5.http.wire - http-outgoing-2 >> "accept: application/json[\r][\n]"
22:07:05.413 [Test worker] DEBUG com.github.dockerjava.zerodep.shaded.org.apache.hc.client5.http.wire - http-outgoing-2 >> "x-tc-sid: c721e8e0-dbbd-4305-a748-6be2465f786d[\r][\n]"
22:07:05.413 [Test worker] DEBUG com.github.dockerjava.zerodep.shaded.org.apache.hc.client5.http.wire - http-outgoing-2 >> "Accept-Encoding: gzip, x-gzip, deflate[\r][\n]"
22:07:05.413 [Test worker] DEBUG com.github.dockerjava.zerodep.shaded.org.apache.hc.client5.http.wire - http-outgoing-2 >> "Host: localhost:2375[\r][\n]"
22:07:05.413 [Test worker] DEBUG com.github.dockerjava.zerodep.shaded.org.apache.hc.client5.http.wire - http-outgoing-2 >> "Connection: keep-alive[\r][\n]"
22:07:05.413 [Test worker] DEBUG com.github.dockerjava.zerodep.shaded.org.apache.hc.client5.http.wire - http-outgoing-2 >> "User-Agent: Apache-HttpClient/5.0.3 (Java/17.0.2)[\r][\n]"
22:07:05.413 [Test worker] DEBUG com.github.dockerjava.zerodep.shaded.org.apache.hc.client5.http.wire - http-outgoing-2 >> "[\r][\n]"
22:07:05.415 [Test worker] DEBUG com.github.dockerjava.zerodep.shaded.org.apache.hc.client5.http.wire - http-outgoing-2 << "HTTP/1.1 200 OK[\r][\n]"
22:07:05.415 [Test worker] DEBUG com.github.dockerjava.zerodep.shaded.org.apache.hc.client5.http.wire - http-outgoing-2 << "Api-Version: 1.41[\r][\n]"
22:07:05.415 [Test worker] DEBUG com.github.dockerjava.zerodep.shaded.org.apache.hc.client5.http.wire - http-outgoing-2 << "Content-Type: application/json[\r][\n]"
22:07:05.415 [Test worker] DEBUG com.github.dockerjava.zerodep.shaded.org.apache.hc.client5.http.wire - http-outgoing-2 << "Date: Mon, 03 Apr 2023 01:07:05 GMT[\r][\n]"
22:07:05.415 [Test worker] DEBUG com.github.dockerjava.zerodep.shaded.org.apache.hc.client5.http.wire - http-outgoing-2 << "Docker-Experimental: false[\r][\n]"
22:07:05.415 [Test worker] DEBUG com.github.dockerjava.zerodep.shaded.org.apache.hc.client5.http.wire - http-outgoing-2 << "Ostype: linux[\r][\n]"
22:07:05.415 [Test worker] DEBUG com.github.dockerjava.zerodep.shaded.org.apache.hc.client5.http.wire - http-outgoing-2 << "Server: Docker/20.10.21 (linux)[\r][\n]"
22:07:05.415 [Test worker] DEBUG com.github.dockerjava.zerodep.shaded.org.apache.hc.client5.http.wire - http-outgoing-2 << "Transfer-Encoding: chunked[\r][\n]"
22:07:05.415 [Test worker] DEBUG com.github.dockerjava.zerodep.shaded.org.apache.hc.client5.http.wire - http-outgoing-2 << "[\r][\n]"
22:07:05.415 [Test worker] DEBUG com.github.dockerjava.zerodep.shaded.org.apache.hc.client5.http.headers - http-outgoing-2 << HTTP/1.1 200 OK
22:07:05.415 [Test worker] DEBUG com.github.dockerjava.zerodep.shaded.org.apache.hc.client5.http.headers - http-outgoing-2 << Api-Version: 1.41
22:07:05.415 [Test worker] DEBUG com.github.dockerjava.zerodep.shaded.org.apache.hc.client5.http.headers - http-outgoing-2 << Content-Type: application/json
22:07:05.415 [Test worker] DEBUG com.github.dockerjava.zerodep.shaded.org.apache.hc.client5.http.headers - http-outgoing-2 << Date: Mon, 03 Apr 2023 01:07:05 GMT
22:07:05.415 [Test worker] DEBUG com.github.dockerjava.zerodep.shaded.org.apache.hc.client5.http.headers - http-outgoing-2 << Docker-Experimental: false
22:07:05.415 [Test worker] DEBUG com.github.dockerjava.zerodep.shaded.org.apache.hc.client5.http.headers - http-outgoing-2 << Ostype: linux
22:07:05.415 [Test worker] DEBUG com.github.dockerjava.zerodep.shaded.org.apache.hc.client5.http.headers - http-outgoing-2 << Server: Docker/20.10.21 (linux)
22:07:05.415 [Test worker] DEBUG com.github.dockerjava.zerodep.shaded.org.apache.hc.client5.http.headers - http-outgoing-2 << Transfer-Encoding: chunked
22:07:05.416 [Test worker] DEBUG com.github.dockerjava.zerodep.shaded.org.apache.hc.client5.http.impl.classic.MainClientExec - ex-00000014: connection can be kept alive for 3 MINUTES
22:07:05.417 [Test worker] DEBUG com.github.dockerjava.zerodep.shaded.org.apache.hc.client5.http.wire - http-outgoing-2 << "18c0[\r][\n]"
22:07:05.417 [Test worker] DEBUG com.github.dockerjava.zerodep.shaded.org.apache.hc.client5.http.wire - http-outgoing-2 << "{"Id":"511b2d736fd4c4da08b79110fd21fdaa756368e4971eb130f8114450b3efc085","Created":"2023-04-03T01:07:04.201309337Z","Path":"docker-entrypoint.sh","Args":["mysqld"],"State":{"Status":"running","Running":true,"Paused":false,"Restarting":false,"OOMKilled":false,"Dead":false,"Pid":2724,"ExitCode":0,"Error":"","StartedAt":"2023-04-03T01:07:04.498400921Z","FinishedAt":"0001-01-01T00:00:00Z"},"Image":"sha256:c7c54c29e20dccc1aefb936c8eba8bb8b98b87a4921102aba87fde2df5810af9","ResolvConfPath":"/var/lib/docker/containers/511b2d736fd4c4da08b79110fd21fdaa756368e4971eb130f8114450b3efc085/resolv.conf","HostnamePath":"/var/lib/docker/containers/511b2d736fd4c4da08b79110fd21fdaa756368e4971eb130f8114450b3efc085/hostname","HostsPath":"/var/lib/docker/containers/511b2d736fd4c4da08b79110fd21fdaa756368e4971eb130f8114450b3efc085/hosts","LogPath":"/var/lib/docker/containers/511b2d736fd4c4da08b79110fd21fdaa756368e4971eb130f8114450b3efc085/511b2d736fd4c4da08b79110fd21fdaa756368e4971eb130f8114450b3efc085-json.log","Name":"/elastic_easley","RestartCount":0,"Driver":"overlay2","Platform":"linux","MountLabel":"","ProcessLabel":"","AppArmorProfile":"","ExecIDs":null,"HostConfig":{"Binds":[],"ContainerIDFile":"","LogConfig":{"Type":"json-file","Config":{}},"NetworkMode":"default","PortBindings":{"3306/tcp":[{"HostIp":"0.0.0.0","HostPort":"0"}]},"RestartPolicy":{"Name":"","MaximumRetryCount":0},"AutoRemove":false,"VolumeDriver":"","VolumesFrom":[],"CapAdd":null,"CapDrop":null,"CgroupnsMode":"private","Dns":null,"DnsOptions":null,"DnsSearch":null,"ExtraHosts":[],"GroupAdd":null,"IpcMode":"shareable","Cgroup":"","Links":null,"OomScoreAdj":0,"PidMode":"","Privileged":false,"PublishAllPorts":false,"ReadonlyRootfs":false,"SecurityOpt":null,"UTSMode":"","UsernsMode":"","ShmSize":67108864,"Runtime":"runc","ConsoleSize":[0,0],"Isolation":"","CpuShares":0,"Memory":0,"NanoCpus":0,"CgroupParent":"","BlkioWeight":0,"BlkioWeightDevice":null,"BlkioDeviceReadBps":null,"BlkioDeviceWriteBps":null,"BlkioDeviceReadIOps":null,"BlkioDeviceWriteIOps":null,"CpuPeriod":0,"CpuQuota":0,"CpuRealtimePeriod":0,"CpuRealtimeRuntime":0,"CpusetCpus":"","CpusetMems":"","Devices":null,"DeviceCgroupRules":null,"DeviceRequests":null,"KernelMemory":0,"KernelMemoryTCP":0,"MemoryReservation":0,"MemorySwap":0,"MemorySwappiness":null,"OomKillDisable":null,"PidsLimit":null,"Ulimits":null,"CpuCount":0,"CpuPercent":0,"IOMaximumIOps":0,"IOMaximumBandwidth":0,"MaskedPaths":["/proc/asound","/proc/acpi","/proc/kcore","/proc/keys","/proc/latency_stats","/proc/timer_list","/proc/timer_stats","/proc/sched_debug","/proc/scsi","/sys/firmware"],"ReadonlyPaths":["/proc/bus","/proc/fs","/proc/irq","/proc/sys","/proc/sysrq-trigger"]},"GraphDriver":{"Data":{"LowerDir":"/var/lib/docker/overlay2/5ada145d0e3939fe5ed2118eea99b9f10241aeee200293145c73dce66470a568-init/diff:/var/lib/docker/overlay2/1bd8849d7a296305617011f940aa5cfabbe972a513397b1b6bbc27639b6c1f30/diff:/var/lib/docker/overlay2/199d69b2fbf78af4d4c95dec4fd2f8835ab0347eb49fb20ebb2ff3b99fedd6ad/diff:/var/lib/docker/overlay2/d83c38d654989311f75b9491329846033bfb7714de76ef635380dcfad5c740d9/diff:/var/lib/docker/overlay2/08600d0aea2ab2728bebcf5d2589c640a842f53d1ba3c4a4adccb4d03b923cf6/diff:/var/lib/docker/overlay2/9ec7c63a3fb14d13ac788bbf5e282ca821edc41260b79944e5e631037d13ecda/diff:/var/lib/docker/overlay2/db601d7a1b4ea6da638db620462f0da96fa55c559d02269c9ddb09027936ed87/diff:/var/lib/docker/overlay2/a6d2bd03f942e2565f21e74cfe152c7ec836a1c2b583f0790c685b92bdcfda24/diff:/var/lib/docker/overlay2/9badd16ea2c5e2bf1fde8b579683e41137dfc46ed5449234149f199a6751cc84/diff:/var/lib/docker/overlay2/6efb85646ed12e2d1181ef4cc6f6f6732c00c15a4035fe17ebc4f075ca573c30/diff:/var/lib/docker/overlay2/895d7c0ec09144d6ed33936f4e98e11c18010f7abd708cae1ce43aec7a7f2621/diff:/var/lib/docker/overlay2/1c4ba77aa573ab6e5e5069fd15eae71b3da940bde0f97a922a227ffc8a1d1096/diff","MergedDir":"/var/lib/docker/overlay2/5ada145d0e3939fe5ed2118eea99b9f10241aeee200293145c73dce66470a568/merged","UpperDir":"/var/lib/docker/overlay2/5ada145d0e3939fe5ed2118eea99b9f10241aeee200293145c73dce66470a568/diff","WorkDir":"/var/lib/docker/overlay2/5ada145d0e3939fe5ed2118eea99b9f10241aeee200293145c73dce66470a568/work"},"Name":"overlay2"},"Mounts":[{"Type":"volume","Name":"ac6dcf572a35a68e3a3a5bdf3d1899d89919b8e0b6d7a1beb9c6b19978c4e863","Source":"/var/lib/docker/volumes/ac6dcf572a35a68e3a3a5bdf3d1899d89919b8e0b6d7a1beb9c6b19978c4e863/_data","Destination":"/var/lib/mysql","Driver":"local","Mode":"","RW":true,"Propagation":""}],"Config":{"Hostname":"511b2d736fd4","Domainname":"","User":"","AttachStdin":false,"AttachStdout":false,"AttachStderr":false,"ExposedPorts":{"3306/tcp":{},"33060/tcp":{}},"Tty":false,"OpenStdin":false,"StdinOnce":false,"Env":["MYSQL_DATABASE=adm_videos","MYSQL_PASSWORD=123456","MYSQL_ROOT_PASSWORD=123456","PATH=/usr/local/sbin:/usr/local/bin:/usr/sbin:/usr/bin:/sbin:/bin","GOSU_VERSION=1.16","MYSQL_MAJOR=8.0","MYSQL_VERSION=8.0.32-1.el8","MYSQL_SHELL_VERSION=8.0.32-1.el8"],"Cmd":["mysqld"],"Image":"mysql:latest","Volumes":{"/var/lib/mysql":{}},"WorkingDir":"","Entrypoint":["docker-entrypoint.sh"],"OnBuild":null,"Labels":{"org.testcontainers":"true","org.testcontainers.lang":"java","org.testcontainers.sessionId":"c721e8e0-dbbd-4305-a748-6be2465f786d","org.testcontainers.version":"1.17.6"}},"NetworkSettings":{"Bridge":"","SandboxID":"23a51dba07b22c8536581cd39611755923749e16a93a45ce75c5c8a4a7759981","HairpinMode":false,"LinkLocalIPv6Address":"","LinkLocalIPv6PrefixLen":0,"Ports":{"3306/tcp":[{"HostIp":"0.0.0.0","HostPort":"50897"}],"33060/tcp":null},"SandboxKey":"/var/run/docker/netns/23a51dba07b2","SecondaryIPAddresses":null,"SecondaryIPv6Addresses":null,"EndpointID":"692f30c6e93a1486104b6273bdc38b1f926e45528d0b3ff49b5fe2d91ed6b329","Gateway":"172.17.0.1","GlobalIPv6Address":"","GlobalIPv6PrefixLen":0,"IPAddress":"172.17.0.3","IPPrefixLen":16,"IPv6Gateway":"","MacAddress":"02:42:ac:11:00:03","Networks":{"bridge":{"IPAMConfig":null,"Links":null,"Aliases":null,"NetworkID":"eba6fdf7ebe51912c859fc2dc83d1407a50db03ea3c296d90f885e8af84b6e93","EndpointID":"692f30c6e93a1486104b6273bdc38b1f926e45528d0b3ff49b5fe2d91ed6b329","Gateway":"172.17.0.1","IPAddress":"172.17.0.3","IPPrefixLen":16,"IPv6Gateway":"","GlobalIPv6Address":"","GlobalIPv6PrefixLen":0,"MacAddress":"02:42:ac:11:00:03","DriverOpts":null}}}}[\n]"
22:07:05.417 [Test worker] DEBUG com.github.dockerjava.zerodep.shaded.org.apache.hc.client5.http.wire - http-outgoing-2 << "[\r][\n]"
22:07:05.418 [Test worker] DEBUG com.github.dockerjava.zerodep.shaded.org.apache.hc.client5.http.wire - http-outgoing-2 << "0[\r][\n]"
22:07:05.419 [Test worker] DEBUG com.github.dockerjava.zerodep.shaded.org.apache.hc.client5.http.wire - http-outgoing-2 << "[\r][\n]"
22:07:05.419 [Test worker] DEBUG com.github.dockerjava.zerodep.shaded.org.apache.hc.client5.http.impl.classic.InternalHttpClient - ep-00000013: releasing valid endpoint
22:07:05.419 [Test worker] DEBUG com.github.dockerjava.zerodep.shaded.org.apache.hc.client5.http.impl.io.PoolingHttpClientConnectionManager - ep-00000013: releasing endpoint
22:07:05.419 [Test worker] DEBUG com.github.dockerjava.zerodep.shaded.org.apache.hc.client5.http.impl.io.PoolingHttpClientConnectionManager - ep-00000013: connection http-outgoing-2 can be kept alive for 3 MINUTES
22:07:05.419 [Test worker] DEBUG com.github.dockerjava.zerodep.shaded.org.apache.hc.client5.http.impl.io.PoolingHttpClientConnectionManager - ep-00000013: connection released [route: {}->unix://localhost:2375][total available: 1; route allocated: 1 of 2147483647; total allocated: 1 of 2147483647]
22:07:05.419 [Test worker] DEBUG ]]>&#x1f433;<![CDATA[ [mysql:latest] - Trying to create JDBC connection using com.mysql.cj.jdbc.Driver to jdbc:mysql://localhost:50897/adm_videos?useSSL=false&allowPublicKeyRetrieval=true with properties: {password=123456, user=root}
22:07:05.523 [Test worker] DEBUG org.testcontainers.shaded.com.github.dockerjava.core.command.AbstrDockerCmd - Cmd: 511b2d736fd4c4da08b79110fd21fdaa756368e4971eb130f8114450b3efc085,false
22:07:05.524 [Test worker] DEBUG org.testcontainers.shaded.com.github.dockerjava.core.exec.InspectContainerCmdExec - GET: DefaultWebTarget{path=[/containers/511b2d736fd4c4da08b79110fd21fdaa756368e4971eb130f8114450b3efc085/json], queryParams={}}
22:07:05.524 [Test worker] DEBUG com.github.dockerjava.zerodep.shaded.org.apache.hc.client5.http.impl.classic.InternalHttpClient - ex-00000015: preparing request execution
22:07:05.524 [Test worker] DEBUG com.github.dockerjava.zerodep.shaded.org.apache.hc.client5.http.protocol.RequestAddCookies - Cookie spec selected: strict
22:07:05.524 [Test worker] DEBUG com.github.dockerjava.zerodep.shaded.org.apache.hc.client5.http.protocol.RequestAuthCache - Auth cache not set in the context
22:07:05.524 [Test worker] DEBUG com.github.dockerjava.zerodep.shaded.org.apache.hc.client5.http.impl.classic.ProtocolExec - ex-00000015: target auth state: UNCHALLENGED
22:07:05.524 [Test worker] DEBUG com.github.dockerjava.zerodep.shaded.org.apache.hc.client5.http.impl.classic.ProtocolExec - ex-00000015: proxy auth state: UNCHALLENGED
22:07:05.524 [Test worker] DEBUG com.github.dockerjava.zerodep.shaded.org.apache.hc.client5.http.impl.classic.ConnectExec - ex-00000015: acquiring connection with route {}->unix://localhost:2375
22:07:05.524 [Test worker] DEBUG com.github.dockerjava.zerodep.shaded.org.apache.hc.client5.http.impl.classic.InternalHttpClient - ex-00000015: acquiring endpoint (3 MINUTES)
22:07:05.525 [Test worker] DEBUG com.github.dockerjava.zerodep.shaded.org.apache.hc.client5.http.impl.io.PoolingHttpClientConnectionManager - ex-00000015: endpoint lease request (3 MINUTES) [route: {}->unix://localhost:2375][total available: 1; route allocated: 1 of 2147483647; total allocated: 1 of 2147483647]
22:07:05.525 [Test worker] DEBUG com.github.dockerjava.zerodep.shaded.org.apache.hc.client5.http.impl.io.PoolingHttpClientConnectionManager - ex-00000015: endpoint leased [route: {}->unix://localhost:2375][total available: 0; route allocated: 1 of 2147483647; total allocated: 1 of 2147483647]
22:07:05.525 [Test worker] DEBUG com.github.dockerjava.zerodep.shaded.org.apache.hc.client5.http.impl.io.PoolingHttpClientConnectionManager - ex-00000015: acquired ep-00000014
22:07:05.526 [Test worker] DEBUG com.github.dockerjava.zerodep.shaded.org.apache.hc.client5.http.impl.classic.InternalHttpClient - ex-00000015: acquired endpoint ep-00000014
22:07:05.526 [Test worker] DEBUG com.github.dockerjava.zerodep.shaded.org.apache.hc.client5.http.impl.classic.MainClientExec - ex-00000015: executing GET /v1.32/containers/511b2d736fd4c4da08b79110fd21fdaa756368e4971eb130f8114450b3efc085/json HTTP/1.1
22:07:05.526 [Test worker] DEBUG com.github.dockerjava.zerodep.shaded.org.apache.hc.client5.http.impl.classic.InternalHttpClient - ep-00000014: start execution ex-00000015
22:07:05.526 [Test worker] DEBUG com.github.dockerjava.zerodep.shaded.org.apache.hc.client5.http.impl.io.PoolingHttpClientConnectionManager - ep-00000014: executing exchange ex-00000015 over http-outgoing-2
22:07:05.526 [Test worker] DEBUG com.github.dockerjava.zerodep.shaded.org.apache.hc.client5.http.headers - http-outgoing-2 >> GET /v1.32/containers/511b2d736fd4c4da08b79110fd21fdaa756368e4971eb130f8114450b3efc085/json HTTP/1.1
22:07:05.526 [Test worker] DEBUG com.github.dockerjava.zerodep.shaded.org.apache.hc.client5.http.headers - http-outgoing-2 >> accept: application/json
22:07:05.526 [Test worker] DEBUG com.github.dockerjava.zerodep.shaded.org.apache.hc.client5.http.headers - http-outgoing-2 >> x-tc-sid: c721e8e0-dbbd-4305-a748-6be2465f786d
22:07:05.526 [Test worker] DEBUG com.github.dockerjava.zerodep.shaded.org.apache.hc.client5.http.headers - http-outgoing-2 >> Accept-Encoding: gzip, x-gzip, deflate
22:07:05.526 [Test worker] DEBUG com.github.dockerjava.zerodep.shaded.org.apache.hc.client5.http.headers - http-outgoing-2 >> Host: localhost:2375
22:07:05.526 [Test worker] DEBUG com.github.dockerjava.zerodep.shaded.org.apache.hc.client5.http.headers - http-outgoing-2 >> Connection: keep-alive
22:07:05.526 [Test worker] DEBUG com.github.dockerjava.zerodep.shaded.org.apache.hc.client5.http.headers - http-outgoing-2 >> User-Agent: Apache-HttpClient/5.0.3 (Java/17.0.2)
22:07:05.526 [Test worker] DEBUG com.github.dockerjava.zerodep.shaded.org.apache.hc.client5.http.wire - http-outgoing-2 >> "GET /v1.32/containers/511b2d736fd4c4da08b79110fd21fdaa756368e4971eb130f8114450b3efc085/json HTTP/1.1[\r][\n]"
22:07:05.526 [Test worker] DEBUG com.github.dockerjava.zerodep.shaded.org.apache.hc.client5.http.wire - http-outgoing-2 >> "accept: application/json[\r][\n]"
22:07:05.526 [Test worker] DEBUG com.github.dockerjava.zerodep.shaded.org.apache.hc.client5.http.wire - http-outgoing-2 >> "x-tc-sid: c721e8e0-dbbd-4305-a748-6be2465f786d[\r][\n]"
22:07:05.526 [Test worker] DEBUG com.github.dockerjava.zerodep.shaded.org.apache.hc.client5.http.wire - http-outgoing-2 >> "Accept-Encoding: gzip, x-gzip, deflate[\r][\n]"
22:07:05.526 [Test worker] DEBUG com.github.dockerjava.zerodep.shaded.org.apache.hc.client5.http.wire - http-outgoing-2 >> "Host: localhost:2375[\r][\n]"
22:07:05.526 [Test worker] DEBUG com.github.dockerjava.zerodep.shaded.org.apache.hc.client5.http.wire - http-outgoing-2 >> "Connection: keep-alive[\r][\n]"
22:07:05.526 [Test worker] DEBUG com.github.dockerjava.zerodep.shaded.org.apache.hc.client5.http.wire - http-outgoing-2 >> "User-Agent: Apache-HttpClient/5.0.3 (Java/17.0.2)[\r][\n]"
22:07:05.526 [Test worker] DEBUG com.github.dockerjava.zerodep.shaded.org.apache.hc.client5.http.wire - http-outgoing-2 >> "[\r][\n]"
22:07:05.528 [Test worker] DEBUG com.github.dockerjava.zerodep.shaded.org.apache.hc.client5.http.wire - http-outgoing-2 << "HTTP/1.1 200 OK[\r][\n]"
22:07:05.528 [Test worker] DEBUG com.github.dockerjava.zerodep.shaded.org.apache.hc.client5.http.wire - http-outgoing-2 << "Api-Version: 1.41[\r][\n]"
22:07:05.528 [Test worker] DEBUG com.github.dockerjava.zerodep.shaded.org.apache.hc.client5.http.wire - http-outgoing-2 << "Content-Type: application/json[\r][\n]"
22:07:05.528 [Test worker] DEBUG com.github.dockerjava.zerodep.shaded.org.apache.hc.client5.http.wire - http-outgoing-2 << "Date: Mon, 03 Apr 2023 01:07:05 GMT[\r][\n]"
22:07:05.528 [Test worker] DEBUG com.github.dockerjava.zerodep.shaded.org.apache.hc.client5.http.wire - http-outgoing-2 << "Docker-Experimental: false[\r][\n]"
22:07:05.528 [Test worker] DEBUG com.github.dockerjava.zerodep.shaded.org.apache.hc.client5.http.wire - http-outgoing-2 << "Ostype: linux[\r][\n]"
22:07:05.528 [Test worker] DEBUG com.github.dockerjava.zerodep.shaded.org.apache.hc.client5.http.wire - http-outgoing-2 << "Server: Docker/20.10.21 (linux)[\r][\n]"
22:07:05.528 [Test worker] DEBUG com.github.dockerjava.zerodep.shaded.org.apache.hc.client5.http.wire - http-outgoing-2 << "Transfer-Encoding: chunked[\r][\n]"
22:07:05.528 [Test worker] DEBUG com.github.dockerjava.zerodep.shaded.org.apache.hc.client5.http.wire - http-outgoing-2 << "[\r][\n]"
22:07:05.528 [Test worker] DEBUG com.github.dockerjava.zerodep.shaded.org.apache.hc.client5.http.headers - http-outgoing-2 << HTTP/1.1 200 OK
22:07:05.528 [Test worker] DEBUG com.github.dockerjava.zerodep.shaded.org.apache.hc.client5.http.headers - http-outgoing-2 << Api-Version: 1.41
22:07:05.528 [Test worker] DEBUG com.github.dockerjava.zerodep.shaded.org.apache.hc.client5.http.headers - http-outgoing-2 << Content-Type: application/json
22:07:05.528 [Test worker] DEBUG com.github.dockerjava.zerodep.shaded.org.apache.hc.client5.http.headers - http-outgoing-2 << Date: Mon, 03 Apr 2023 01:07:05 GMT
22:07:05.528 [Test worker] DEBUG com.github.dockerjava.zerodep.shaded.org.apache.hc.client5.http.headers - http-outgoing-2 << Docker-Experimental: false
22:07:05.528 [Test worker] DEBUG com.github.dockerjava.zerodep.shaded.org.apache.hc.client5.http.headers - http-outgoing-2 << Ostype: linux
22:07:05.528 [Test worker] DEBUG com.github.dockerjava.zerodep.shaded.org.apache.hc.client5.http.headers - http-outgoing-2 << Server: Docker/20.10.21 (linux)
22:07:05.528 [Test worker] DEBUG com.github.dockerjava.zerodep.shaded.org.apache.hc.client5.http.headers - http-outgoing-2 << Transfer-Encoding: chunked
22:07:05.528 [Test worker] DEBUG com.github.dockerjava.zerodep.shaded.org.apache.hc.client5.http.impl.classic.MainClientExec - ex-00000015: connection can be kept alive for 3 MINUTES
22:07:05.529 [Test worker] DEBUG com.github.dockerjava.zerodep.shaded.org.apache.hc.client5.http.wire - http-outgoing-2 << "18c0[\r][\n]"
22:07:05.529 [Test worker] DEBUG com.github.dockerjava.zerodep.shaded.org.apache.hc.client5.http.wire - http-outgoing-2 << "{"Id":"511b2d736fd4c4da08b79110fd21fdaa756368e4971eb130f8114450b3efc085","Created":"2023-04-03T01:07:04.201309337Z","Path":"docker-entrypoint.sh","Args":["mysqld"],"State":{"Status":"running","Running":true,"Paused":false,"Restarting":false,"OOMKilled":false,"Dead":false,"Pid":2724,"ExitCode":0,"Error":"","StartedAt":"2023-04-03T01:07:04.498400921Z","FinishedAt":"0001-01-01T00:00:00Z"},"Image":"sha256:c7c54c29e20dccc1aefb936c8eba8bb8b98b87a4921102aba87fde2df5810af9","ResolvConfPath":"/var/lib/docker/containers/511b2d736fd4c4da08b79110fd21fdaa756368e4971eb130f8114450b3efc085/resolv.conf","HostnamePath":"/var/lib/docker/containers/511b2d736fd4c4da08b79110fd21fdaa756368e4971eb130f8114450b3efc085/hostname","HostsPath":"/var/lib/docker/containers/511b2d736fd4c4da08b79110fd21fdaa756368e4971eb130f8114450b3efc085/hosts","LogPath":"/var/lib/docker/containers/511b2d736fd4c4da08b79110fd21fdaa756368e4971eb130f8114450b3efc085/511b2d736fd4c4da08b79110fd21fdaa756368e4971eb130f8114450b3efc085-json.log","Name":"/elastic_easley","RestartCount":0,"Driver":"overlay2","Platform":"linux","MountLabel":"","ProcessLabel":"","AppArmorProfile":"","ExecIDs":null,"HostConfig":{"Binds":[],"ContainerIDFile":"","LogConfig":{"Type":"json-file","Config":{}},"NetworkMode":"default","PortBindings":{"3306/tcp":[{"HostIp":"0.0.0.0","HostPort":"0"}]},"RestartPolicy":{"Name":"","MaximumRetryCount":0},"AutoRemove":false,"VolumeDriver":"","VolumesFrom":[],"CapAdd":null,"CapDrop":null,"CgroupnsMode":"private","Dns":null,"DnsOptions":null,"DnsSearch":null,"ExtraHosts":[],"GroupAdd":null,"IpcMode":"shareable","Cgroup":"","Links":null,"OomScoreAdj":0,"PidMode":"","Privileged":false,"PublishAllPorts":false,"ReadonlyRootfs":false,"SecurityOpt":null,"UTSMode":"","UsernsMode":"","ShmSize":67108864,"Runtime":"runc","ConsoleSize":[0,0],"Isolation":"","CpuShares":0,"Memory":0,"NanoCpus":0,"CgroupParent":"","BlkioWeight":0,"BlkioWeightDevice":null,"BlkioDeviceReadBps":null,"BlkioDeviceWriteBps":null,"BlkioDeviceReadIOps":null,"BlkioDeviceWriteIOps":null,"CpuPeriod":0,"CpuQuota":0,"CpuRealtimePeriod":0,"CpuRealtimeRuntime":0,"CpusetCpus":"","CpusetMems":"","Devices":null,"DeviceCgroupRules":null,"DeviceRequests":null,"KernelMemory":0,"KernelMemoryTCP":0,"MemoryReservation":0,"MemorySwap":0,"MemorySwappiness":null,"OomKillDisable":null,"PidsLimit":null,"Ulimits":null,"CpuCount":0,"CpuPercent":0,"IOMaximumIOps":0,"IOMaximumBandwidth":0,"MaskedPaths":["/proc/asound","/proc/acpi","/proc/kcore","/proc/keys","/proc/latency_stats","/proc/timer_list","/proc/timer_stats","/proc/sched_debug","/proc/scsi","/sys/firmware"],"ReadonlyPaths":["/proc/bus","/proc/fs","/proc/irq","/proc/sys","/proc/sysrq-trigger"]},"GraphDriver":{"Data":{"LowerDir":"/var/lib/docker/overlay2/5ada145d0e3939fe5ed2118eea99b9f10241aeee200293145c73dce66470a568-init/diff:/var/lib/docker/overlay2/1bd8849d7a296305617011f940aa5cfabbe972a513397b1b6bbc27639b6c1f30/diff:/var/lib/docker/overlay2/199d69b2fbf78af4d4c95dec4fd2f8835ab0347eb49fb20ebb2ff3b99fedd6ad/diff:/var/lib/docker/overlay2/d83c38d654989311f75b9491329846033bfb7714de76ef635380dcfad5c740d9/diff:/var/lib/docker/overlay2/08600d0aea2ab2728bebcf5d2589c640a842f53d1ba3c4a4adccb4d03b923cf6/diff:/var/lib/docker/overlay2/9ec7c63a3fb14d13ac788bbf5e282ca821edc41260b79944e5e631037d13ecda/diff:/var/lib/docker/overlay2/db601d7a1b4ea6da638db620462f0da96fa55c559d02269c9ddb09027936ed87/diff:/var/lib/docker/overlay2/a6d2bd03f942e2565f21e74cfe152c7ec836a1c2b583f0790c685b92bdcfda24/diff:/var/lib/docker/overlay2/9badd16ea2c5e2bf1fde8b579683e41137dfc46ed5449234149f199a6751cc84/diff:/var/lib/docker/overlay2/6efb85646ed12e2d1181ef4cc6f6f6732c00c15a4035fe17ebc4f075ca573c30/diff:/var/lib/docker/overlay2/895d7c0ec09144d6ed33936f4e98e11c18010f7abd708cae1ce43aec7a7f2621/diff:/var/lib/docker/overlay2/1c4ba77aa573ab6e5e5069fd15eae71b3da940bde0f97a922a227ffc8a1d1096/diff","MergedDir":"/var/lib/docker/overlay2/5ada145d0e3939fe5ed2118eea99b9f10241aeee200293145c73dce66470a568/merged","UpperDir":"/var/lib/docker/overlay2/5ada145d0e3939fe5ed2118eea99b9f10241aeee200293145c73dce66470a568/diff","WorkDir":"/var/lib/docker/overlay2/5ada145d0e3939fe5ed2118eea99b9f10241aeee200293145c73dce66470a568/work"},"Name":"overlay2"},"Mounts":[{"Type":"volume","Name":"ac6dcf572a35a68e3a3a5bdf3d1899d89919b8e0b6d7a1beb9c6b19978c4e863","Source":"/var/lib/docker/volumes/ac6dcf572a35a68e3a3a5bdf3d1899d89919b8e0b6d7a1beb9c6b19978c4e863/_data","Destination":"/var/lib/mysql","Driver":"local","Mode":"","RW":true,"Propagation":""}],"Config":{"Hostname":"511b2d736fd4","Domainname":"","User":"","AttachStdin":false,"AttachStdout":false,"AttachStderr":false,"ExposedPorts":{"3306/tcp":{},"33060/tcp":{}},"Tty":false,"OpenStdin":false,"StdinOnce":false,"Env":["MYSQL_DATABASE=adm_videos","MYSQL_PASSWORD=123456","MYSQL_ROOT_PASSWORD=123456","PATH=/usr/local/sbin:/usr/local/bin:/usr/sbin:/usr/bin:/sbin:/bin","GOSU_VERSION=1.16","MYSQL_MAJOR=8.0","MYSQL_VERSION=8.0.32-1.el8","MYSQL_SHELL_VERSION=8.0.32-1.el8"],"Cmd":["mysqld"],"Image":"mysql:latest","Volumes":{"/var/lib/mysql":{}},"WorkingDir":"","Entrypoint":["docker-entrypoint.sh"],"OnBuild":null,"Labels":{"org.testcontainers":"true","org.testcontainers.lang":"java","org.testcontainers.sessionId":"c721e8e0-dbbd-4305-a748-6be2465f786d","org.testcontainers.version":"1.17.6"}},"NetworkSettings":{"Bridge":"","SandboxID":"23a51dba07b22c8536581cd39611755923749e16a93a45ce75c5c8a4a7759981","HairpinMode":false,"LinkLocalIPv6Address":"","LinkLocalIPv6PrefixLen":0,"Ports":{"3306/tcp":[{"HostIp":"0.0.0.0","HostPort":"50897"}],"33060/tcp":null},"SandboxKey":"/var/run/docker/netns/23a51dba07b2","SecondaryIPAddresses":null,"SecondaryIPv6Addresses":null,"EndpointID":"692f30c6e93a1486104b6273bdc38b1f926e45528d0b3ff49b5fe2d91ed6b329","Gateway":"172.17.0.1","GlobalIPv6Address":"","GlobalIPv6PrefixLen":0,"IPAddress":"172.17.0.3","IPPrefixLen":16,"IPv6Gateway":"","MacAddress":"02:42:ac:11:00:03","Networks":{"bridge":{"IPAMConfig":null,"Links":null,"Aliases":null,"NetworkID":"eba6fdf7ebe51912c859fc2dc83d1407a50db03ea3c296d90f885e8af84b6e93","EndpointID":"692f30c6e93a1486104b6273bdc38b1f926e45528d0b3ff49b5fe2d91ed6b329","Gateway":"172.17.0.1","IPAddress":"172.17.0.3","IPPrefixLen":16,"IPv6Gateway":"","GlobalIPv6Address":"","GlobalIPv6PrefixLen":0,"MacAddress":"02:42:ac:11:00:03","DriverOpts":null}}}}[\n]"
22:07:05.529 [Test worker] DEBUG com.github.dockerjava.zerodep.shaded.org.apache.hc.client5.http.wire - http-outgoing-2 << "[\r][\n]"
22:07:05.530 [Test worker] DEBUG com.github.dockerjava.zerodep.shaded.org.apache.hc.client5.http.wire - http-outgoing-2 << "0[\r][\n]"
22:07:05.530 [Test worker] DEBUG com.github.dockerjava.zerodep.shaded.org.apache.hc.client5.http.wire - http-outgoing-2 << "[\r][\n]"
22:07:05.530 [Test worker] DEBUG com.github.dockerjava.zerodep.shaded.org.apache.hc.client5.http.impl.classic.InternalHttpClient - ep-00000014: releasing valid endpoint
22:07:05.530 [Test worker] DEBUG com.github.dockerjava.zerodep.shaded.org.apache.hc.client5.http.impl.io.PoolingHttpClientConnectionManager - ep-00000014: releasing endpoint
22:07:05.531 [Test worker] DEBUG com.github.dockerjava.zerodep.shaded.org.apache.hc.client5.http.impl.io.PoolingHttpClientConnectionManager - ep-00000014: connection http-outgoing-2 can be kept alive for 3 MINUTES
22:07:05.531 [Test worker] DEBUG com.github.dockerjava.zerodep.shaded.org.apache.hc.client5.http.impl.io.PoolingHttpClientConnectionManager - ep-00000014: connection released [route: {}->unix://localhost:2375][total available: 1; route allocated: 1 of 2147483647; total allocated: 1 of 2147483647]
22:07:05.531 [Test worker] DEBUG ]]>&#x1f433;<![CDATA[ [mysql:latest] - Trying to create JDBC connection using com.mysql.cj.jdbc.Driver to jdbc:mysql://localhost:50897/adm_videos?useSSL=false&allowPublicKeyRetrieval=true with properties: {password=123456, user=root}
22:07:05.634 [Test worker] DEBUG org.testcontainers.shaded.com.github.dockerjava.core.command.AbstrDockerCmd - Cmd: 511b2d736fd4c4da08b79110fd21fdaa756368e4971eb130f8114450b3efc085,false
22:07:05.635 [Test worker] DEBUG org.testcontainers.shaded.com.github.dockerjava.core.exec.InspectContainerCmdExec - GET: DefaultWebTarget{path=[/containers/511b2d736fd4c4da08b79110fd21fdaa756368e4971eb130f8114450b3efc085/json], queryParams={}}
22:07:05.635 [Test worker] DEBUG com.github.dockerjava.zerodep.shaded.org.apache.hc.client5.http.impl.classic.InternalHttpClient - ex-00000016: preparing request execution
22:07:05.635 [Test worker] DEBUG com.github.dockerjava.zerodep.shaded.org.apache.hc.client5.http.protocol.RequestAddCookies - Cookie spec selected: strict
22:07:05.635 [Test worker] DEBUG com.github.dockerjava.zerodep.shaded.org.apache.hc.client5.http.protocol.RequestAuthCache - Auth cache not set in the context
22:07:05.635 [Test worker] DEBUG com.github.dockerjava.zerodep.shaded.org.apache.hc.client5.http.impl.classic.ProtocolExec - ex-00000016: target auth state: UNCHALLENGED
22:07:05.635 [Test worker] DEBUG com.github.dockerjava.zerodep.shaded.org.apache.hc.client5.http.impl.classic.ProtocolExec - ex-00000016: proxy auth state: UNCHALLENGED
22:07:05.635 [Test worker] DEBUG com.github.dockerjava.zerodep.shaded.org.apache.hc.client5.http.impl.classic.ConnectExec - ex-00000016: acquiring connection with route {}->unix://localhost:2375
22:07:05.635 [Test worker] DEBUG com.github.dockerjava.zerodep.shaded.org.apache.hc.client5.http.impl.classic.InternalHttpClient - ex-00000016: acquiring endpoint (3 MINUTES)
22:07:05.636 [Test worker] DEBUG com.github.dockerjava.zerodep.shaded.org.apache.hc.client5.http.impl.io.PoolingHttpClientConnectionManager - ex-00000016: endpoint lease request (3 MINUTES) [route: {}->unix://localhost:2375][total available: 1; route allocated: 1 of 2147483647; total allocated: 1 of 2147483647]
22:07:05.636 [Test worker] DEBUG com.github.dockerjava.zerodep.shaded.org.apache.hc.client5.http.impl.io.PoolingHttpClientConnectionManager - ex-00000016: endpoint leased [route: {}->unix://localhost:2375][total available: 0; route allocated: 1 of 2147483647; total allocated: 1 of 2147483647]
22:07:05.636 [Test worker] DEBUG com.github.dockerjava.zerodep.shaded.org.apache.hc.client5.http.impl.io.PoolingHttpClientConnectionManager - ex-00000016: acquired ep-00000015
22:07:05.636 [Test worker] DEBUG com.github.dockerjava.zerodep.shaded.org.apache.hc.client5.http.impl.classic.InternalHttpClient - ex-00000016: acquired endpoint ep-00000015
22:07:05.636 [Test worker] DEBUG com.github.dockerjava.zerodep.shaded.org.apache.hc.client5.http.impl.classic.MainClientExec - ex-00000016: executing GET /v1.32/containers/511b2d736fd4c4da08b79110fd21fdaa756368e4971eb130f8114450b3efc085/json HTTP/1.1
22:07:05.636 [Test worker] DEBUG com.github.dockerjava.zerodep.shaded.org.apache.hc.client5.http.impl.classic.InternalHttpClient - ep-00000015: start execution ex-00000016
22:07:05.636 [Test worker] DEBUG com.github.dockerjava.zerodep.shaded.org.apache.hc.client5.http.impl.io.PoolingHttpClientConnectionManager - ep-00000015: executing exchange ex-00000016 over http-outgoing-2
22:07:05.636 [Test worker] DEBUG com.github.dockerjava.zerodep.shaded.org.apache.hc.client5.http.headers - http-outgoing-2 >> GET /v1.32/containers/511b2d736fd4c4da08b79110fd21fdaa756368e4971eb130f8114450b3efc085/json HTTP/1.1
22:07:05.636 [Test worker] DEBUG com.github.dockerjava.zerodep.shaded.org.apache.hc.client5.http.headers - http-outgoing-2 >> accept: application/json
22:07:05.636 [Test worker] DEBUG com.github.dockerjava.zerodep.shaded.org.apache.hc.client5.http.headers - http-outgoing-2 >> x-tc-sid: c721e8e0-dbbd-4305-a748-6be2465f786d
22:07:05.636 [Test worker] DEBUG com.github.dockerjava.zerodep.shaded.org.apache.hc.client5.http.headers - http-outgoing-2 >> Accept-Encoding: gzip, x-gzip, deflate
22:07:05.636 [Test worker] DEBUG com.github.dockerjava.zerodep.shaded.org.apache.hc.client5.http.headers - http-outgoing-2 >> Host: localhost:2375
22:07:05.636 [Test worker] DEBUG com.github.dockerjava.zerodep.shaded.org.apache.hc.client5.http.headers - http-outgoing-2 >> Connection: keep-alive
22:07:05.636 [Test worker] DEBUG com.github.dockerjava.zerodep.shaded.org.apache.hc.client5.http.headers - http-outgoing-2 >> User-Agent: Apache-HttpClient/5.0.3 (Java/17.0.2)
22:07:05.636 [Test worker] DEBUG com.github.dockerjava.zerodep.shaded.org.apache.hc.client5.http.wire - http-outgoing-2 >> "GET /v1.32/containers/511b2d736fd4c4da08b79110fd21fdaa756368e4971eb130f8114450b3efc085/json HTTP/1.1[\r][\n]"
22:07:05.636 [Test worker] DEBUG com.github.dockerjava.zerodep.shaded.org.apache.hc.client5.http.wire - http-outgoing-2 >> "accept: application/json[\r][\n]"
22:07:05.637 [Test worker] DEBUG com.github.dockerjava.zerodep.shaded.org.apache.hc.client5.http.wire - http-outgoing-2 >> "x-tc-sid: c721e8e0-dbbd-4305-a748-6be2465f786d[\r][\n]"
22:07:05.637 [Test worker] DEBUG com.github.dockerjava.zerodep.shaded.org.apache.hc.client5.http.wire - http-outgoing-2 >> "Accept-Encoding: gzip, x-gzip, deflate[\r][\n]"
22:07:05.637 [Test worker] DEBUG com.github.dockerjava.zerodep.shaded.org.apache.hc.client5.http.wire - http-outgoing-2 >> "Host: localhost:2375[\r][\n]"
22:07:05.637 [Test worker] DEBUG com.github.dockerjava.zerodep.shaded.org.apache.hc.client5.http.wire - http-outgoing-2 >> "Connection: keep-alive[\r][\n]"
22:07:05.637 [Test worker] DEBUG com.github.dockerjava.zerodep.shaded.org.apache.hc.client5.http.wire - http-outgoing-2 >> "User-Agent: Apache-HttpClient/5.0.3 (Java/17.0.2)[\r][\n]"
22:07:05.637 [Test worker] DEBUG com.github.dockerjava.zerodep.shaded.org.apache.hc.client5.http.wire - http-outgoing-2 >> "[\r][\n]"
22:07:05.639 [Test worker] DEBUG com.github.dockerjava.zerodep.shaded.org.apache.hc.client5.http.wire - http-outgoing-2 << "HTTP/1.1 200 OK[\r][\n]"
22:07:05.639 [Test worker] DEBUG com.github.dockerjava.zerodep.shaded.org.apache.hc.client5.http.wire - http-outgoing-2 << "Api-Version: 1.41[\r][\n]"
22:07:05.639 [Test worker] DEBUG com.github.dockerjava.zerodep.shaded.org.apache.hc.client5.http.wire - http-outgoing-2 << "Content-Type: application/json[\r][\n]"
22:07:05.639 [Test worker] DEBUG com.github.dockerjava.zerodep.shaded.org.apache.hc.client5.http.wire - http-outgoing-2 << "Date: Mon, 03 Apr 2023 01:07:05 GMT[\r][\n]"
22:07:05.639 [Test worker] DEBUG com.github.dockerjava.zerodep.shaded.org.apache.hc.client5.http.wire - http-outgoing-2 << "Docker-Experimental: false[\r][\n]"
22:07:05.639 [Test worker] DEBUG com.github.dockerjava.zerodep.shaded.org.apache.hc.client5.http.wire - http-outgoing-2 << "Ostype: linux[\r][\n]"
22:07:05.639 [Test worker] DEBUG com.github.dockerjava.zerodep.shaded.org.apache.hc.client5.http.wire - http-outgoing-2 << "Server: Docker/20.10.21 (linux)[\r][\n]"
22:07:05.639 [Test worker] DEBUG com.github.dockerjava.zerodep.shaded.org.apache.hc.client5.http.wire - http-outgoing-2 << "Transfer-Encoding: chunked[\r][\n]"
22:07:05.639 [Test worker] DEBUG com.github.dockerjava.zerodep.shaded.org.apache.hc.client5.http.wire - http-outgoing-2 << "[\r][\n]"
22:07:05.639 [Test worker] DEBUG com.github.dockerjava.zerodep.shaded.org.apache.hc.client5.http.headers - http-outgoing-2 << HTTP/1.1 200 OK
22:07:05.639 [Test worker] DEBUG com.github.dockerjava.zerodep.shaded.org.apache.hc.client5.http.headers - http-outgoing-2 << Api-Version: 1.41
22:07:05.639 [Test worker] DEBUG com.github.dockerjava.zerodep.shaded.org.apache.hc.client5.http.headers - http-outgoing-2 << Content-Type: application/json
22:07:05.639 [Test worker] DEBUG com.github.dockerjava.zerodep.shaded.org.apache.hc.client5.http.headers - http-outgoing-2 << Date: Mon, 03 Apr 2023 01:07:05 GMT
22:07:05.639 [Test worker] DEBUG com.github.dockerjava.zerodep.shaded.org.apache.hc.client5.http.headers - http-outgoing-2 << Docker-Experimental: false
22:07:05.639 [Test worker] DEBUG com.github.dockerjava.zerodep.shaded.org.apache.hc.client5.http.headers - http-outgoing-2 << Ostype: linux
22:07:05.639 [Test worker] DEBUG com.github.dockerjava.zerodep.shaded.org.apache.hc.client5.http.headers - http-outgoing-2 << Server: Docker/20.10.21 (linux)
22:07:05.639 [Test worker] DEBUG com.github.dockerjava.zerodep.shaded.org.apache.hc.client5.http.headers - http-outgoing-2 << Transfer-Encoding: chunked
22:07:05.639 [Test worker] DEBUG com.github.dockerjava.zerodep.shaded.org.apache.hc.client5.http.impl.classic.MainClientExec - ex-00000016: connection can be kept alive for 3 MINUTES
22:07:05.639 [Test worker] DEBUG com.github.dockerjava.zerodep.shaded.org.apache.hc.client5.http.wire - http-outgoing-2 << "18c0[\r][\n]"
22:07:05.640 [Test worker] DEBUG com.github.dockerjava.zerodep.shaded.org.apache.hc.client5.http.wire - http-outgoing-2 << "{"Id":"511b2d736fd4c4da08b79110fd21fdaa756368e4971eb130f8114450b3efc085","Created":"2023-04-03T01:07:04.201309337Z","Path":"docker-entrypoint.sh","Args":["mysqld"],"State":{"Status":"running","Running":true,"Paused":false,"Restarting":false,"OOMKilled":false,"Dead":false,"Pid":2724,"ExitCode":0,"Error":"","StartedAt":"2023-04-03T01:07:04.498400921Z","FinishedAt":"0001-01-01T00:00:00Z"},"Image":"sha256:c7c54c29e20dccc1aefb936c8eba8bb8b98b87a4921102aba87fde2df5810af9","ResolvConfPath":"/var/lib/docker/containers/511b2d736fd4c4da08b79110fd21fdaa756368e4971eb130f8114450b3efc085/resolv.conf","HostnamePath":"/var/lib/docker/containers/511b2d736fd4c4da08b79110fd21fdaa756368e4971eb130f8114450b3efc085/hostname","HostsPath":"/var/lib/docker/containers/511b2d736fd4c4da08b79110fd21fdaa756368e4971eb130f8114450b3efc085/hosts","LogPath":"/var/lib/docker/containers/511b2d736fd4c4da08b79110fd21fdaa756368e4971eb130f8114450b3efc085/511b2d736fd4c4da08b79110fd21fdaa756368e4971eb130f8114450b3efc085-json.log","Name":"/elastic_easley","RestartCount":0,"Driver":"overlay2","Platform":"linux","MountLabel":"","ProcessLabel":"","AppArmorProfile":"","ExecIDs":null,"HostConfig":{"Binds":[],"ContainerIDFile":"","LogConfig":{"Type":"json-file","Config":{}},"NetworkMode":"default","PortBindings":{"3306/tcp":[{"HostIp":"0.0.0.0","HostPort":"0"}]},"RestartPolicy":{"Name":"","MaximumRetryCount":0},"AutoRemove":false,"VolumeDriver":"","VolumesFrom":[],"CapAdd":null,"CapDrop":null,"CgroupnsMode":"private","Dns":null,"DnsOptions":null,"DnsSearch":null,"ExtraHosts":[],"GroupAdd":null,"IpcMode":"shareable","Cgroup":"","Links":null,"OomScoreAdj":0,"PidMode":"","Privileged":false,"PublishAllPorts":false,"ReadonlyRootfs":false,"SecurityOpt":null,"UTSMode":"","UsernsMode":"","ShmSize":67108864,"Runtime":"runc","ConsoleSize":[0,0],"Isolation":"","CpuShares":0,"Memory":0,"NanoCpus":0,"CgroupParent":"","BlkioWeight":0,"BlkioWeightDevice":null,"BlkioDeviceReadBps":null,"BlkioDeviceWriteBps":null,"BlkioDeviceReadIOps":null,"BlkioDeviceWriteIOps":null,"CpuPeriod":0,"CpuQuota":0,"CpuRealtimePeriod":0,"CpuRealtimeRuntime":0,"CpusetCpus":"","CpusetMems":"","Devices":null,"DeviceCgroupRules":null,"DeviceRequests":null,"KernelMemory":0,"KernelMemoryTCP":0,"MemoryReservation":0,"MemorySwap":0,"MemorySwappiness":null,"OomKillDisable":null,"PidsLimit":null,"Ulimits":null,"CpuCount":0,"CpuPercent":0,"IOMaximumIOps":0,"IOMaximumBandwidth":0,"MaskedPaths":["/proc/asound","/proc/acpi","/proc/kcore","/proc/keys","/proc/latency_stats","/proc/timer_list","/proc/timer_stats","/proc/sched_debug","/proc/scsi","/sys/firmware"],"ReadonlyPaths":["/proc/bus","/proc/fs","/proc/irq","/proc/sys","/proc/sysrq-trigger"]},"GraphDriver":{"Data":{"LowerDir":"/var/lib/docker/overlay2/5ada145d0e3939fe5ed2118eea99b9f10241aeee200293145c73dce66470a568-init/diff:/var/lib/docker/overlay2/1bd8849d7a296305617011f940aa5cfabbe972a513397b1b6bbc27639b6c1f30/diff:/var/lib/docker/overlay2/199d69b2fbf78af4d4c95dec4fd2f8835ab0347eb49fb20ebb2ff3b99fedd6ad/diff:/var/lib/docker/overlay2/d83c38d654989311f75b9491329846033bfb7714de76ef635380dcfad5c740d9/diff:/var/lib/docker/overlay2/08600d0aea2ab2728bebcf5d2589c640a842f53d1ba3c4a4adccb4d03b923cf6/diff:/var/lib/docker/overlay2/9ec7c63a3fb14d13ac788bbf5e282ca821edc41260b79944e5e631037d13ecda/diff:/var/lib/docker/overlay2/db601d7a1b4ea6da638db620462f0da96fa55c559d02269c9ddb09027936ed87/diff:/var/lib/docker/overlay2/a6d2bd03f942e2565f21e74cfe152c7ec836a1c2b583f0790c685b92bdcfda24/diff:/var/lib/docker/overlay2/9badd16ea2c5e2bf1fde8b579683e41137dfc46ed5449234149f199a6751cc84/diff:/var/lib/docker/overlay2/6efb85646ed12e2d1181ef4cc6f6f6732c00c15a4035fe17ebc4f075ca573c30/diff:/var/lib/docker/overlay2/895d7c0ec09144d6ed33936f4e98e11c18010f7abd708cae1ce43aec7a7f2621/diff:/var/lib/docker/overlay2/1c4ba77aa573ab6e5e5069fd15eae71b3da940bde0f97a922a227ffc8a1d1096/diff","MergedDir":"/var/lib/docker/overlay2/5ada145d0e3939fe5ed2118eea99b9f10241aeee200293145c73dce66470a568/merged","UpperDir":"/var/lib/docker/overlay2/5ada145d0e3939fe5ed2118eea99b9f10241aeee200293145c73dce66470a568/diff","WorkDir":"/var/lib/docker/overlay2/5ada145d0e3939fe5ed2118eea99b9f10241aeee200293145c73dce66470a568/work"},"Name":"overlay2"},"Mounts":[{"Type":"volume","Name":"ac6dcf572a35a68e3a3a5bdf3d1899d89919b8e0b6d7a1beb9c6b19978c4e863","Source":"/var/lib/docker/volumes/ac6dcf572a35a68e3a3a5bdf3d1899d89919b8e0b6d7a1beb9c6b19978c4e863/_data","Destination":"/var/lib/mysql","Driver":"local","Mode":"","RW":true,"Propagation":""}],"Config":{"Hostname":"511b2d736fd4","Domainname":"","User":"","AttachStdin":false,"AttachStdout":false,"AttachStderr":false,"ExposedPorts":{"3306/tcp":{},"33060/tcp":{}},"Tty":false,"OpenStdin":false,"StdinOnce":false,"Env":["MYSQL_DATABASE=adm_videos","MYSQL_PASSWORD=123456","MYSQL_ROOT_PASSWORD=123456","PATH=/usr/local/sbin:/usr/local/bin:/usr/sbin:/usr/bin:/sbin:/bin","GOSU_VERSION=1.16","MYSQL_MAJOR=8.0","MYSQL_VERSION=8.0.32-1.el8","MYSQL_SHELL_VERSION=8.0.32-1.el8"],"Cmd":["mysqld"],"Image":"mysql:latest","Volumes":{"/var/lib/mysql":{}},"WorkingDir":"","Entrypoint":["docker-entrypoint.sh"],"OnBuild":null,"Labels":{"org.testcontainers":"true","org.testcontainers.lang":"java","org.testcontainers.sessionId":"c721e8e0-dbbd-4305-a748-6be2465f786d","org.testcontainers.version":"1.17.6"}},"NetworkSettings":{"Bridge":"","SandboxID":"23a51dba07b22c8536581cd39611755923749e16a93a45ce75c5c8a4a7759981","HairpinMode":false,"LinkLocalIPv6Address":"","LinkLocalIPv6PrefixLen":0,"Ports":{"3306/tcp":[{"HostIp":"0.0.0.0","HostPort":"50897"}],"33060/tcp":null},"SandboxKey":"/var/run/docker/netns/23a51dba07b2","SecondaryIPAddresses":null,"SecondaryIPv6Addresses":null,"EndpointID":"692f30c6e93a1486104b6273bdc38b1f926e45528d0b3ff49b5fe2d91ed6b329","Gateway":"172.17.0.1","GlobalIPv6Address":"","GlobalIPv6PrefixLen":0,"IPAddress":"172.17.0.3","IPPrefixLen":16,"IPv6Gateway":"","MacAddress":"02:42:ac:11:00:03","Networks":{"bridge":{"IPAMConfig":null,"Links":null,"Aliases":null,"NetworkID":"eba6fdf7ebe51912c859fc2dc83d1407a50db03ea3c296d90f885e8af84b6e93","EndpointID":"692f30c6e93a1486104b6273bdc38b1f926e45528d0b3ff49b5fe2d91ed6b329","Gateway":"172.17.0.1","IPAddress":"172.17.0.3","IPPrefixLen":16,"IPv6Gateway":"","GlobalIPv6Address":"","GlobalIPv6PrefixLen":0,"MacAddress":"02:42:ac:11:00:03","DriverOpts":null}}}}[\n]"
22:07:05.641 [Test worker] DEBUG com.github.dockerjava.zerodep.shaded.org.apache.hc.client5.http.wire - http-outgoing-2 << "[\r][\n]"
22:07:05.643 [Test worker] DEBUG com.github.dockerjava.zerodep.shaded.org.apache.hc.client5.http.wire - http-outgoing-2 << "0[\r][\n]"
22:07:05.643 [Test worker] DEBUG com.github.dockerjava.zerodep.shaded.org.apache.hc.client5.http.wire - http-outgoing-2 << "[\r][\n]"
22:07:05.643 [Test worker] DEBUG com.github.dockerjava.zerodep.shaded.org.apache.hc.client5.http.impl.classic.InternalHttpClient - ep-00000015: releasing valid endpoint
22:07:05.643 [Test worker] DEBUG com.github.dockerjava.zerodep.shaded.org.apache.hc.client5.http.impl.io.PoolingHttpClientConnectionManager - ep-00000015: releasing endpoint
22:07:05.643 [Test worker] DEBUG com.github.dockerjava.zerodep.shaded.org.apache.hc.client5.http.impl.io.PoolingHttpClientConnectionManager - ep-00000015: connection http-outgoing-2 can be kept alive for 3 MINUTES
22:07:05.643 [Test worker] DEBUG com.github.dockerjava.zerodep.shaded.org.apache.hc.client5.http.impl.io.PoolingHttpClientConnectionManager - ep-00000015: connection released [route: {}->unix://localhost:2375][total available: 1; route allocated: 1 of 2147483647; total allocated: 1 of 2147483647]
22:07:05.643 [Test worker] DEBUG ]]>&#x1f433;<![CDATA[ [mysql:latest] - Trying to create JDBC connection using com.mysql.cj.jdbc.Driver to jdbc:mysql://localhost:50897/adm_videos?useSSL=false&allowPublicKeyRetrieval=true with properties: {password=123456, user=root}
22:07:05.748 [Test worker] DEBUG org.testcontainers.shaded.com.github.dockerjava.core.command.AbstrDockerCmd - Cmd: 511b2d736fd4c4da08b79110fd21fdaa756368e4971eb130f8114450b3efc085,false
22:07:05.748 [Test worker] DEBUG org.testcontainers.shaded.com.github.dockerjava.core.exec.InspectContainerCmdExec - GET: DefaultWebTarget{path=[/containers/511b2d736fd4c4da08b79110fd21fdaa756368e4971eb130f8114450b3efc085/json], queryParams={}}
22:07:05.748 [Test worker] DEBUG com.github.dockerjava.zerodep.shaded.org.apache.hc.client5.http.impl.classic.InternalHttpClient - ex-00000017: preparing request execution
22:07:05.749 [Test worker] DEBUG com.github.dockerjava.zerodep.shaded.org.apache.hc.client5.http.protocol.RequestAddCookies - Cookie spec selected: strict
22:07:05.749 [Test worker] DEBUG com.github.dockerjava.zerodep.shaded.org.apache.hc.client5.http.protocol.RequestAuthCache - Auth cache not set in the context
22:07:05.749 [Test worker] DEBUG com.github.dockerjava.zerodep.shaded.org.apache.hc.client5.http.impl.classic.ProtocolExec - ex-00000017: target auth state: UNCHALLENGED
22:07:05.749 [Test worker] DEBUG com.github.dockerjava.zerodep.shaded.org.apache.hc.client5.http.impl.classic.ProtocolExec - ex-00000017: proxy auth state: UNCHALLENGED
22:07:05.749 [Test worker] DEBUG com.github.dockerjava.zerodep.shaded.org.apache.hc.client5.http.impl.classic.ConnectExec - ex-00000017: acquiring connection with route {}->unix://localhost:2375
22:07:05.749 [Test worker] DEBUG com.github.dockerjava.zerodep.shaded.org.apache.hc.client5.http.impl.classic.InternalHttpClient - ex-00000017: acquiring endpoint (3 MINUTES)
22:07:05.749 [Test worker] DEBUG com.github.dockerjava.zerodep.shaded.org.apache.hc.client5.http.impl.io.PoolingHttpClientConnectionManager - ex-00000017: endpoint lease request (3 MINUTES) [route: {}->unix://localhost:2375][total available: 1; route allocated: 1 of 2147483647; total allocated: 1 of 2147483647]
22:07:05.749 [Test worker] DEBUG com.github.dockerjava.zerodep.shaded.org.apache.hc.client5.http.impl.io.PoolingHttpClientConnectionManager - ex-00000017: endpoint leased [route: {}->unix://localhost:2375][total available: 0; route allocated: 1 of 2147483647; total allocated: 1 of 2147483647]
22:07:05.749 [Test worker] DEBUG com.github.dockerjava.zerodep.shaded.org.apache.hc.client5.http.impl.io.PoolingHttpClientConnectionManager - ex-00000017: acquired ep-00000016
22:07:05.749 [Test worker] DEBUG com.github.dockerjava.zerodep.shaded.org.apache.hc.client5.http.impl.classic.InternalHttpClient - ex-00000017: acquired endpoint ep-00000016
22:07:05.749 [Test worker] DEBUG com.github.dockerjava.zerodep.shaded.org.apache.hc.client5.http.impl.classic.MainClientExec - ex-00000017: executing GET /v1.32/containers/511b2d736fd4c4da08b79110fd21fdaa756368e4971eb130f8114450b3efc085/json HTTP/1.1
22:07:05.749 [Test worker] DEBUG com.github.dockerjava.zerodep.shaded.org.apache.hc.client5.http.impl.classic.InternalHttpClient - ep-00000016: start execution ex-00000017
22:07:05.750 [Test worker] DEBUG com.github.dockerjava.zerodep.shaded.org.apache.hc.client5.http.impl.io.PoolingHttpClientConnectionManager - ep-00000016: executing exchange ex-00000017 over http-outgoing-2
22:07:05.750 [Test worker] DEBUG com.github.dockerjava.zerodep.shaded.org.apache.hc.client5.http.headers - http-outgoing-2 >> GET /v1.32/containers/511b2d736fd4c4da08b79110fd21fdaa756368e4971eb130f8114450b3efc085/json HTTP/1.1
22:07:05.750 [Test worker] DEBUG com.github.dockerjava.zerodep.shaded.org.apache.hc.client5.http.headers - http-outgoing-2 >> accept: application/json
22:07:05.750 [Test worker] DEBUG com.github.dockerjava.zerodep.shaded.org.apache.hc.client5.http.headers - http-outgoing-2 >> x-tc-sid: c721e8e0-dbbd-4305-a748-6be2465f786d
22:07:05.750 [Test worker] DEBUG com.github.dockerjava.zerodep.shaded.org.apache.hc.client5.http.headers - http-outgoing-2 >> Accept-Encoding: gzip, x-gzip, deflate
22:07:05.750 [Test worker] DEBUG com.github.dockerjava.zerodep.shaded.org.apache.hc.client5.http.headers - http-outgoing-2 >> Host: localhost:2375
22:07:05.750 [Test worker] DEBUG com.github.dockerjava.zerodep.shaded.org.apache.hc.client5.http.headers - http-outgoing-2 >> Connection: keep-alive
22:07:05.750 [Test worker] DEBUG com.github.dockerjava.zerodep.shaded.org.apache.hc.client5.http.headers - http-outgoing-2 >> User-Agent: Apache-HttpClient/5.0.3 (Java/17.0.2)
22:07:05.750 [Test worker] DEBUG com.github.dockerjava.zerodep.shaded.org.apache.hc.client5.http.wire - http-outgoing-2 >> "GET /v1.32/containers/511b2d736fd4c4da08b79110fd21fdaa756368e4971eb130f8114450b3efc085/json HTTP/1.1[\r][\n]"
22:07:05.750 [Test worker] DEBUG com.github.dockerjava.zerodep.shaded.org.apache.hc.client5.http.wire - http-outgoing-2 >> "accept: application/json[\r][\n]"
22:07:05.750 [Test worker] DEBUG com.github.dockerjava.zerodep.shaded.org.apache.hc.client5.http.wire - http-outgoing-2 >> "x-tc-sid: c721e8e0-dbbd-4305-a748-6be2465f786d[\r][\n]"
22:07:05.750 [Test worker] DEBUG com.github.dockerjava.zerodep.shaded.org.apache.hc.client5.http.wire - http-outgoing-2 >> "Accept-Encoding: gzip, x-gzip, deflate[\r][\n]"
22:07:05.750 [Test worker] DEBUG com.github.dockerjava.zerodep.shaded.org.apache.hc.client5.http.wire - http-outgoing-2 >> "Host: localhost:2375[\r][\n]"
22:07:05.750 [Test worker] DEBUG com.github.dockerjava.zerodep.shaded.org.apache.hc.client5.http.wire - http-outgoing-2 >> "Connection: keep-alive[\r][\n]"
22:07:05.750 [Test worker] DEBUG com.github.dockerjava.zerodep.shaded.org.apache.hc.client5.http.wire - http-outgoing-2 >> "User-Agent: Apache-HttpClient/5.0.3 (Java/17.0.2)[\r][\n]"
22:07:05.750 [Test worker] DEBUG com.github.dockerjava.zerodep.shaded.org.apache.hc.client5.http.wire - http-outgoing-2 >> "[\r][\n]"
22:07:05.758 [Test worker] DEBUG com.github.dockerjava.zerodep.shaded.org.apache.hc.client5.http.wire - http-outgoing-2 << "HTTP/1.1 200 OK[\r][\n]"
22:07:05.758 [Test worker] DEBUG com.github.dockerjava.zerodep.shaded.org.apache.hc.client5.http.wire - http-outgoing-2 << "Api-Version: 1.41[\r][\n]"
22:07:05.758 [Test worker] DEBUG com.github.dockerjava.zerodep.shaded.org.apache.hc.client5.http.wire - http-outgoing-2 << "Content-Type: application/json[\r][\n]"
22:07:05.758 [Test worker] DEBUG com.github.dockerjava.zerodep.shaded.org.apache.hc.client5.http.wire - http-outgoing-2 << "Date: Mon, 03 Apr 2023 01:07:05 GMT[\r][\n]"
22:07:05.758 [Test worker] DEBUG com.github.dockerjava.zerodep.shaded.org.apache.hc.client5.http.wire - http-outgoing-2 << "Docker-Experimental: false[\r][\n]"
22:07:05.758 [Test worker] DEBUG com.github.dockerjava.zerodep.shaded.org.apache.hc.client5.http.wire - http-outgoing-2 << "Ostype: linux[\r][\n]"
22:07:05.758 [Test worker] DEBUG com.github.dockerjava.zerodep.shaded.org.apache.hc.client5.http.wire - http-outgoing-2 << "Server: Docker/20.10.21 (linux)[\r][\n]"
22:07:05.758 [Test worker] DEBUG com.github.dockerjava.zerodep.shaded.org.apache.hc.client5.http.wire - http-outgoing-2 << "Transfer-Encoding: chunked[\r][\n]"
22:07:05.758 [Test worker] DEBUG com.github.dockerjava.zerodep.shaded.org.apache.hc.client5.http.wire - http-outgoing-2 << "[\r][\n]"
22:07:05.758 [Test worker] DEBUG com.github.dockerjava.zerodep.shaded.org.apache.hc.client5.http.headers - http-outgoing-2 << HTTP/1.1 200 OK
22:07:05.758 [Test worker] DEBUG com.github.dockerjava.zerodep.shaded.org.apache.hc.client5.http.headers - http-outgoing-2 << Api-Version: 1.41
22:07:05.758 [Test worker] DEBUG com.github.dockerjava.zerodep.shaded.org.apache.hc.client5.http.headers - http-outgoing-2 << Content-Type: application/json
22:07:05.758 [Test worker] DEBUG com.github.dockerjava.zerodep.shaded.org.apache.hc.client5.http.headers - http-outgoing-2 << Date: Mon, 03 Apr 2023 01:07:05 GMT
22:07:05.758 [Test worker] DEBUG com.github.dockerjava.zerodep.shaded.org.apache.hc.client5.http.headers - http-outgoing-2 << Docker-Experimental: false
22:07:05.758 [Test worker] DEBUG com.github.dockerjava.zerodep.shaded.org.apache.hc.client5.http.headers - http-outgoing-2 << Ostype: linux
22:07:05.758 [Test worker] DEBUG com.github.dockerjava.zerodep.shaded.org.apache.hc.client5.http.headers - http-outgoing-2 << Server: Docker/20.10.21 (linux)
22:07:05.758 [Test worker] DEBUG com.github.dockerjava.zerodep.shaded.org.apache.hc.client5.http.headers - http-outgoing-2 << Transfer-Encoding: chunked
22:07:05.758 [Test worker] DEBUG com.github.dockerjava.zerodep.shaded.org.apache.hc.client5.http.impl.classic.MainClientExec - ex-00000017: connection can be kept alive for 3 MINUTES
22:07:05.759 [Test worker] DEBUG com.github.dockerjava.zerodep.shaded.org.apache.hc.client5.http.wire - http-outgoing-2 << "18c0[\r][\n]"
22:07:05.759 [Test worker] DEBUG com.github.dockerjava.zerodep.shaded.org.apache.hc.client5.http.wire - http-outgoing-2 << "{"Id":"511b2d736fd4c4da08b79110fd21fdaa756368e4971eb130f8114450b3efc085","Created":"2023-04-03T01:07:04.201309337Z","Path":"docker-entrypoint.sh","Args":["mysqld"],"State":{"Status":"running","Running":true,"Paused":false,"Restarting":false,"OOMKilled":false,"Dead":false,"Pid":2724,"ExitCode":0,"Error":"","StartedAt":"2023-04-03T01:07:04.498400921Z","FinishedAt":"0001-01-01T00:00:00Z"},"Image":"sha256:c7c54c29e20dccc1aefb936c8eba8bb8b98b87a4921102aba87fde2df5810af9","ResolvConfPath":"/var/lib/docker/containers/511b2d736fd4c4da08b79110fd21fdaa756368e4971eb130f8114450b3efc085/resolv.conf","HostnamePath":"/var/lib/docker/containers/511b2d736fd4c4da08b79110fd21fdaa756368e4971eb130f8114450b3efc085/hostname","HostsPath":"/var/lib/docker/containers/511b2d736fd4c4da08b79110fd21fdaa756368e4971eb130f8114450b3efc085/hosts","LogPath":"/var/lib/docker/containers/511b2d736fd4c4da08b79110fd21fdaa756368e4971eb130f8114450b3efc085/511b2d736fd4c4da08b79110fd21fdaa756368e4971eb130f8114450b3efc085-json.log","Name":"/elastic_easley","RestartCount":0,"Driver":"overlay2","Platform":"linux","MountLabel":"","ProcessLabel":"","AppArmorProfile":"","ExecIDs":null,"HostConfig":{"Binds":[],"ContainerIDFile":"","LogConfig":{"Type":"json-file","Config":{}},"NetworkMode":"default","PortBindings":{"3306/tcp":[{"HostIp":"0.0.0.0","HostPort":"0"}]},"RestartPolicy":{"Name":"","MaximumRetryCount":0},"AutoRemove":false,"VolumeDriver":"","VolumesFrom":[],"CapAdd":null,"CapDrop":null,"CgroupnsMode":"private","Dns":null,"DnsOptions":null,"DnsSearch":null,"ExtraHosts":[],"GroupAdd":null,"IpcMode":"shareable","Cgroup":"","Links":null,"OomScoreAdj":0,"PidMode":"","Privileged":false,"PublishAllPorts":false,"ReadonlyRootfs":false,"SecurityOpt":null,"UTSMode":"","UsernsMode":"","ShmSize":67108864,"Runtime":"runc","ConsoleSize":[0,0],"Isolation":"","CpuShares":0,"Memory":0,"NanoCpus":0,"CgroupParent":"","BlkioWeight":0,"BlkioWeightDevice":null,"BlkioDeviceReadBps":null,"BlkioDeviceWriteBps":null,"BlkioDeviceReadIOps":null,"BlkioDeviceWriteIOps":null,"CpuPeriod":0,"CpuQuota":0,"CpuRealtimePeriod":0,"CpuRealtimeRuntime":0,"CpusetCpus":"","CpusetMems":"","Devices":null,"DeviceCgroupRules":null,"DeviceRequests":null,"KernelMemory":0,"KernelMemoryTCP":0,"MemoryReservation":0,"MemorySwap":0,"MemorySwappiness":null,"OomKillDisable":null,"PidsLimit":null,"Ulimits":null,"CpuCount":0,"CpuPercent":0,"IOMaximumIOps":0,"IOMaximumBandwidth":0,"MaskedPaths":["/proc/asound","/proc/acpi","/proc/kcore","/proc/keys","/proc/latency_stats","/proc/timer_list","/proc/timer_stats","/proc/sched_debug","/proc/scsi","/sys/firmware"],"ReadonlyPaths":["/proc/bus","/proc/fs","/proc/irq","/proc/sys","/proc/sysrq-trigger"]},"GraphDriver":{"Data":{"LowerDir":"/var/lib/docker/overlay2/5ada145d0e3939fe5ed2118eea99b9f10241aeee200293145c73dce66470a568-init/diff:/var/lib/docker/overlay2/1bd8849d7a296305617011f940aa5cfabbe972a513397b1b6bbc27639b6c1f30/diff:/var/lib/docker/overlay2/199d69b2fbf78af4d4c95dec4fd2f8835ab0347eb49fb20ebb2ff3b99fedd6ad/diff:/var/lib/docker/overlay2/d83c38d654989311f75b9491329846033bfb7714de76ef635380dcfad5c740d9/diff:/var/lib/docker/overlay2/08600d0aea2ab2728bebcf5d2589c640a842f53d1ba3c4a4adccb4d03b923cf6/diff:/var/lib/docker/overlay2/9ec7c63a3fb14d13ac788bbf5e282ca821edc41260b79944e5e631037d13ecda/diff:/var/lib/docker/overlay2/db601d7a1b4ea6da638db620462f0da96fa55c559d02269c9ddb09027936ed87/diff:/var/lib/docker/overlay2/a6d2bd03f942e2565f21e74cfe152c7ec836a1c2b583f0790c685b92bdcfda24/diff:/var/lib/docker/overlay2/9badd16ea2c5e2bf1fde8b579683e41137dfc46ed5449234149f199a6751cc84/diff:/var/lib/docker/overlay2/6efb85646ed12e2d1181ef4cc6f6f6732c00c15a4035fe17ebc4f075ca573c30/diff:/var/lib/docker/overlay2/895d7c0ec09144d6ed33936f4e98e11c18010f7abd708cae1ce43aec7a7f2621/diff:/var/lib/docker/overlay2/1c4ba77aa573ab6e5e5069fd15eae71b3da940bde0f97a922a227ffc8a1d1096/diff","MergedDir":"/var/lib/docker/overlay2/5ada145d0e3939fe5ed2118eea99b9f10241aeee200293145c73dce66470a568/merged","UpperDir":"/var/lib/docker/overlay2/5ada145d0e3939fe5ed2118eea99b9f10241aeee200293145c73dce66470a568/diff","WorkDir":"/var/lib/docker/overlay2/5ada145d0e3939fe5ed2118eea99b9f10241aeee200293145c73dce66470a568/work"},"Name":"overlay2"},"Mounts":[{"Type":"volume","Name":"ac6dcf572a35a68e3a3a5bdf3d1899d89919b8e0b6d7a1beb9c6b19978c4e863","Source":"/var/lib/docker/volumes/ac6dcf572a35a68e3a3a5bdf3d1899d89919b8e0b6d7a1beb9c6b19978c4e863/_data","Destination":"/var/lib/mysql","Driver":"local","Mode":"","RW":true,"Propagation":""}],"Config":{"Hostname":"511b2d736fd4","Domainname":"","User":"","AttachStdin":false,"AttachStdout":false,"AttachStderr":false,"ExposedPorts":{"3306/tcp":{},"33060/tcp":{}},"Tty":false,"OpenStdin":false,"StdinOnce":false,"Env":["MYSQL_DATABASE=adm_videos","MYSQL_PASSWORD=123456","MYSQL_ROOT_PASSWORD=123456","PATH=/usr/local/sbin:/usr/local/bin:/usr/sbin:/usr/bin:/sbin:/bin","GOSU_VERSION=1.16","MYSQL_MAJOR=8.0","MYSQL_VERSION=8.0.32-1.el8","MYSQL_SHELL_VERSION=8.0.32-1.el8"],"Cmd":["mysqld"],"Image":"mysql:latest","Volumes":{"/var/lib/mysql":{}},"WorkingDir":"","Entrypoint":["docker-entrypoint.sh"],"OnBuild":null,"Labels":{"org.testcontainers":"true","org.testcontainers.lang":"java","org.testcontainers.sessionId":"c721e8e0-dbbd-4305-a748-6be2465f786d","org.testcontainers.version":"1.17.6"}},"NetworkSettings":{"Bridge":"","SandboxID":"23a51dba07b22c8536581cd39611755923749e16a93a45ce75c5c8a4a7759981","HairpinMode":false,"LinkLocalIPv6Address":"","LinkLocalIPv6PrefixLen":0,"Ports":{"3306/tcp":[{"HostIp":"0.0.0.0","HostPort":"50897"}],"33060/tcp":null},"SandboxKey":"/var/run/docker/netns/23a51dba07b2","SecondaryIPAddresses":null,"SecondaryIPv6Addresses":null,"EndpointID":"692f30c6e93a1486104b6273bdc38b1f926e45528d0b3ff49b5fe2d91ed6b329","Gateway":"172.17.0.1","GlobalIPv6Address":"","GlobalIPv6PrefixLen":0,"IPAddress":"172.17.0.3","IPPrefixLen":16,"IPv6Gateway":"","MacAddress":"02:42:ac:11:00:03","Networks":{"bridge":{"IPAMConfig":null,"Links":null,"Aliases":null,"NetworkID":"eba6fdf7ebe51912c859fc2dc83d1407a50db03ea3c296d90f885e8af84b6e93","EndpointID":"692f30c6e93a1486104b6273bdc38b1f926e45528d0b3ff49b5fe2d91ed6b329","Gateway":"172.17.0.1","IPAddress":"172.17.0.3","IPPrefixLen":16,"IPv6Gateway":"","GlobalIPv6Address":"","GlobalIPv6PrefixLen":0,"MacAddress":"02:42:ac:11:00:03","DriverOpts":null}}}}[\n]"
22:07:05.759 [Test worker] DEBUG com.github.dockerjava.zerodep.shaded.org.apache.hc.client5.http.wire - http-outgoing-2 << "[\r][\n]"
22:07:05.760 [Test worker] DEBUG com.github.dockerjava.zerodep.shaded.org.apache.hc.client5.http.wire - http-outgoing-2 << "0[\r][\n]"
22:07:05.760 [Test worker] DEBUG com.github.dockerjava.zerodep.shaded.org.apache.hc.client5.http.wire - http-outgoing-2 << "[\r][\n]"
22:07:05.760 [Test worker] DEBUG com.github.dockerjava.zerodep.shaded.org.apache.hc.client5.http.impl.classic.InternalHttpClient - ep-00000016: releasing valid endpoint
22:07:05.760 [Test worker] DEBUG com.github.dockerjava.zerodep.shaded.org.apache.hc.client5.http.impl.io.PoolingHttpClientConnectionManager - ep-00000016: releasing endpoint
22:07:05.761 [Test worker] DEBUG com.github.dockerjava.zerodep.shaded.org.apache.hc.client5.http.impl.io.PoolingHttpClientConnectionManager - ep-00000016: connection http-outgoing-2 can be kept alive for 3 MINUTES
22:07:05.761 [Test worker] DEBUG com.github.dockerjava.zerodep.shaded.org.apache.hc.client5.http.impl.io.PoolingHttpClientConnectionManager - ep-00000016: connection released [route: {}->unix://localhost:2375][total available: 1; route allocated: 1 of 2147483647; total allocated: 1 of 2147483647]
22:07:05.761 [Test worker] DEBUG ]]>&#x1f433;<![CDATA[ [mysql:latest] - Trying to create JDBC connection using com.mysql.cj.jdbc.Driver to jdbc:mysql://localhost:50897/adm_videos?useSSL=false&allowPublicKeyRetrieval=true with properties: {password=123456, user=root}
22:07:05.869 [Test worker] DEBUG org.testcontainers.shaded.com.github.dockerjava.core.command.AbstrDockerCmd - Cmd: 511b2d736fd4c4da08b79110fd21fdaa756368e4971eb130f8114450b3efc085,false
22:07:05.869 [Test worker] DEBUG org.testcontainers.shaded.com.github.dockerjava.core.exec.InspectContainerCmdExec - GET: DefaultWebTarget{path=[/containers/511b2d736fd4c4da08b79110fd21fdaa756368e4971eb130f8114450b3efc085/json], queryParams={}}
22:07:05.869 [Test worker] DEBUG com.github.dockerjava.zerodep.shaded.org.apache.hc.client5.http.impl.classic.InternalHttpClient - ex-00000018: preparing request execution
22:07:05.869 [Test worker] DEBUG com.github.dockerjava.zerodep.shaded.org.apache.hc.client5.http.protocol.RequestAddCookies - Cookie spec selected: strict
22:07:05.870 [Test worker] DEBUG com.github.dockerjava.zerodep.shaded.org.apache.hc.client5.http.protocol.RequestAuthCache - Auth cache not set in the context
22:07:05.870 [Test worker] DEBUG com.github.dockerjava.zerodep.shaded.org.apache.hc.client5.http.impl.classic.ProtocolExec - ex-00000018: target auth state: UNCHALLENGED
22:07:05.870 [Test worker] DEBUG com.github.dockerjava.zerodep.shaded.org.apache.hc.client5.http.impl.classic.ProtocolExec - ex-00000018: proxy auth state: UNCHALLENGED
22:07:05.870 [Test worker] DEBUG com.github.dockerjava.zerodep.shaded.org.apache.hc.client5.http.impl.classic.ConnectExec - ex-00000018: acquiring connection with route {}->unix://localhost:2375
22:07:05.870 [Test worker] DEBUG com.github.dockerjava.zerodep.shaded.org.apache.hc.client5.http.impl.classic.InternalHttpClient - ex-00000018: acquiring endpoint (3 MINUTES)
22:07:05.870 [Test worker] DEBUG com.github.dockerjava.zerodep.shaded.org.apache.hc.client5.http.impl.io.PoolingHttpClientConnectionManager - ex-00000018: endpoint lease request (3 MINUTES) [route: {}->unix://localhost:2375][total available: 1; route allocated: 1 of 2147483647; total allocated: 1 of 2147483647]
22:07:05.870 [Test worker] DEBUG com.github.dockerjava.zerodep.shaded.org.apache.hc.client5.http.impl.io.PoolingHttpClientConnectionManager - ex-00000018: endpoint leased [route: {}->unix://localhost:2375][total available: 0; route allocated: 1 of 2147483647; total allocated: 1 of 2147483647]
22:07:05.870 [Test worker] DEBUG com.github.dockerjava.zerodep.shaded.org.apache.hc.client5.http.impl.io.PoolingHttpClientConnectionManager - ex-00000018: acquired ep-00000017
22:07:05.870 [Test worker] DEBUG com.github.dockerjava.zerodep.shaded.org.apache.hc.client5.http.impl.classic.InternalHttpClient - ex-00000018: acquired endpoint ep-00000017
22:07:05.870 [Test worker] DEBUG com.github.dockerjava.zerodep.shaded.org.apache.hc.client5.http.impl.classic.MainClientExec - ex-00000018: executing GET /v1.32/containers/511b2d736fd4c4da08b79110fd21fdaa756368e4971eb130f8114450b3efc085/json HTTP/1.1
22:07:05.870 [Test worker] DEBUG com.github.dockerjava.zerodep.shaded.org.apache.hc.client5.http.impl.classic.InternalHttpClient - ep-00000017: start execution ex-00000018
22:07:05.870 [Test worker] DEBUG com.github.dockerjava.zerodep.shaded.org.apache.hc.client5.http.impl.io.PoolingHttpClientConnectionManager - ep-00000017: executing exchange ex-00000018 over http-outgoing-2
22:07:05.870 [Test worker] DEBUG com.github.dockerjava.zerodep.shaded.org.apache.hc.client5.http.headers - http-outgoing-2 >> GET /v1.32/containers/511b2d736fd4c4da08b79110fd21fdaa756368e4971eb130f8114450b3efc085/json HTTP/1.1
22:07:05.870 [Test worker] DEBUG com.github.dockerjava.zerodep.shaded.org.apache.hc.client5.http.headers - http-outgoing-2 >> accept: application/json
22:07:05.870 [Test worker] DEBUG com.github.dockerjava.zerodep.shaded.org.apache.hc.client5.http.headers - http-outgoing-2 >> x-tc-sid: c721e8e0-dbbd-4305-a748-6be2465f786d
22:07:05.870 [Test worker] DEBUG com.github.dockerjava.zerodep.shaded.org.apache.hc.client5.http.headers - http-outgoing-2 >> Accept-Encoding: gzip, x-gzip, deflate
22:07:05.870 [Test worker] DEBUG com.github.dockerjava.zerodep.shaded.org.apache.hc.client5.http.headers - http-outgoing-2 >> Host: localhost:2375
22:07:05.870 [Test worker] DEBUG com.github.dockerjava.zerodep.shaded.org.apache.hc.client5.http.headers - http-outgoing-2 >> Connection: keep-alive
22:07:05.870 [Test worker] DEBUG com.github.dockerjava.zerodep.shaded.org.apache.hc.client5.http.headers - http-outgoing-2 >> User-Agent: Apache-HttpClient/5.0.3 (Java/17.0.2)
22:07:05.870 [Test worker] DEBUG com.github.dockerjava.zerodep.shaded.org.apache.hc.client5.http.wire - http-outgoing-2 >> "GET /v1.32/containers/511b2d736fd4c4da08b79110fd21fdaa756368e4971eb130f8114450b3efc085/json HTTP/1.1[\r][\n]"
22:07:05.870 [Test worker] DEBUG com.github.dockerjava.zerodep.shaded.org.apache.hc.client5.http.wire - http-outgoing-2 >> "accept: application/json[\r][\n]"
22:07:05.870 [Test worker] DEBUG com.github.dockerjava.zerodep.shaded.org.apache.hc.client5.http.wire - http-outgoing-2 >> "x-tc-sid: c721e8e0-dbbd-4305-a748-6be2465f786d[\r][\n]"
22:07:05.870 [Test worker] DEBUG com.github.dockerjava.zerodep.shaded.org.apache.hc.client5.http.wire - http-outgoing-2 >> "Accept-Encoding: gzip, x-gzip, deflate[\r][\n]"
22:07:05.870 [Test worker] DEBUG com.github.dockerjava.zerodep.shaded.org.apache.hc.client5.http.wire - http-outgoing-2 >> "Host: localhost:2375[\r][\n]"
22:07:05.870 [Test worker] DEBUG com.github.dockerjava.zerodep.shaded.org.apache.hc.client5.http.wire - http-outgoing-2 >> "Connection: keep-alive[\r][\n]"
22:07:05.870 [Test worker] DEBUG com.github.dockerjava.zerodep.shaded.org.apache.hc.client5.http.wire - http-outgoing-2 >> "User-Agent: Apache-HttpClient/5.0.3 (Java/17.0.2)[\r][\n]"
22:07:05.870 [Test worker] DEBUG com.github.dockerjava.zerodep.shaded.org.apache.hc.client5.http.wire - http-outgoing-2 >> "[\r][\n]"
22:07:05.872 [Test worker] DEBUG com.github.dockerjava.zerodep.shaded.org.apache.hc.client5.http.wire - http-outgoing-2 << "HTTP/1.1 200 OK[\r][\n]"
22:07:05.872 [Test worker] DEBUG com.github.dockerjava.zerodep.shaded.org.apache.hc.client5.http.wire - http-outgoing-2 << "Api-Version: 1.41[\r][\n]"
22:07:05.872 [Test worker] DEBUG com.github.dockerjava.zerodep.shaded.org.apache.hc.client5.http.wire - http-outgoing-2 << "Content-Type: application/json[\r][\n]"
22:07:05.872 [Test worker] DEBUG com.github.dockerjava.zerodep.shaded.org.apache.hc.client5.http.wire - http-outgoing-2 << "Date: Mon, 03 Apr 2023 01:07:05 GMT[\r][\n]"
22:07:05.872 [Test worker] DEBUG com.github.dockerjava.zerodep.shaded.org.apache.hc.client5.http.wire - http-outgoing-2 << "Docker-Experimental: false[\r][\n]"
22:07:05.872 [Test worker] DEBUG com.github.dockerjava.zerodep.shaded.org.apache.hc.client5.http.wire - http-outgoing-2 << "Ostype: linux[\r][\n]"
22:07:05.872 [Test worker] DEBUG com.github.dockerjava.zerodep.shaded.org.apache.hc.client5.http.wire - http-outgoing-2 << "Server: Docker/20.10.21 (linux)[\r][\n]"
22:07:05.872 [Test worker] DEBUG com.github.dockerjava.zerodep.shaded.org.apache.hc.client5.http.wire - http-outgoing-2 << "Transfer-Encoding: chunked[\r][\n]"
22:07:05.872 [Test worker] DEBUG com.github.dockerjava.zerodep.shaded.org.apache.hc.client5.http.wire - http-outgoing-2 << "[\r][\n]"
22:07:05.872 [Test worker] DEBUG com.github.dockerjava.zerodep.shaded.org.apache.hc.client5.http.headers - http-outgoing-2 << HTTP/1.1 200 OK
22:07:05.872 [Test worker] DEBUG com.github.dockerjava.zerodep.shaded.org.apache.hc.client5.http.headers - http-outgoing-2 << Api-Version: 1.41
22:07:05.872 [Test worker] DEBUG com.github.dockerjava.zerodep.shaded.org.apache.hc.client5.http.headers - http-outgoing-2 << Content-Type: application/json
22:07:05.872 [Test worker] DEBUG com.github.dockerjava.zerodep.shaded.org.apache.hc.client5.http.headers - http-outgoing-2 << Date: Mon, 03 Apr 2023 01:07:05 GMT
22:07:05.872 [Test worker] DEBUG com.github.dockerjava.zerodep.shaded.org.apache.hc.client5.http.headers - http-outgoing-2 << Docker-Experimental: false
22:07:05.872 [Test worker] DEBUG com.github.dockerjava.zerodep.shaded.org.apache.hc.client5.http.headers - http-outgoing-2 << Ostype: linux
22:07:05.872 [Test worker] DEBUG com.github.dockerjava.zerodep.shaded.org.apache.hc.client5.http.headers - http-outgoing-2 << Server: Docker/20.10.21 (linux)
22:07:05.872 [Test worker] DEBUG com.github.dockerjava.zerodep.shaded.org.apache.hc.client5.http.headers - http-outgoing-2 << Transfer-Encoding: chunked
22:07:05.872 [Test worker] DEBUG com.github.dockerjava.zerodep.shaded.org.apache.hc.client5.http.impl.classic.MainClientExec - ex-00000018: connection can be kept alive for 3 MINUTES
22:07:05.873 [Test worker] DEBUG com.github.dockerjava.zerodep.shaded.org.apache.hc.client5.http.wire - http-outgoing-2 << "18c0[\r][\n]"
22:07:05.873 [Test worker] DEBUG com.github.dockerjava.zerodep.shaded.org.apache.hc.client5.http.wire - http-outgoing-2 << "{"Id":"511b2d736fd4c4da08b79110fd21fdaa756368e4971eb130f8114450b3efc085","Created":"2023-04-03T01:07:04.201309337Z","Path":"docker-entrypoint.sh","Args":["mysqld"],"State":{"Status":"running","Running":true,"Paused":false,"Restarting":false,"OOMKilled":false,"Dead":false,"Pid":2724,"ExitCode":0,"Error":"","StartedAt":"2023-04-03T01:07:04.498400921Z","FinishedAt":"0001-01-01T00:00:00Z"},"Image":"sha256:c7c54c29e20dccc1aefb936c8eba8bb8b98b87a4921102aba87fde2df5810af9","ResolvConfPath":"/var/lib/docker/containers/511b2d736fd4c4da08b79110fd21fdaa756368e4971eb130f8114450b3efc085/resolv.conf","HostnamePath":"/var/lib/docker/containers/511b2d736fd4c4da08b79110fd21fdaa756368e4971eb130f8114450b3efc085/hostname","HostsPath":"/var/lib/docker/containers/511b2d736fd4c4da08b79110fd21fdaa756368e4971eb130f8114450b3efc085/hosts","LogPath":"/var/lib/docker/containers/511b2d736fd4c4da08b79110fd21fdaa756368e4971eb130f8114450b3efc085/511b2d736fd4c4da08b79110fd21fdaa756368e4971eb130f8114450b3efc085-json.log","Name":"/elastic_easley","RestartCount":0,"Driver":"overlay2","Platform":"linux","MountLabel":"","ProcessLabel":"","AppArmorProfile":"","ExecIDs":null,"HostConfig":{"Binds":[],"ContainerIDFile":"","LogConfig":{"Type":"json-file","Config":{}},"NetworkMode":"default","PortBindings":{"3306/tcp":[{"HostIp":"0.0.0.0","HostPort":"0"}]},"RestartPolicy":{"Name":"","MaximumRetryCount":0},"AutoRemove":false,"VolumeDriver":"","VolumesFrom":[],"CapAdd":null,"CapDrop":null,"CgroupnsMode":"private","Dns":null,"DnsOptions":null,"DnsSearch":null,"ExtraHosts":[],"GroupAdd":null,"IpcMode":"shareable","Cgroup":"","Links":null,"OomScoreAdj":0,"PidMode":"","Privileged":false,"PublishAllPorts":false,"ReadonlyRootfs":false,"SecurityOpt":null,"UTSMode":"","UsernsMode":"","ShmSize":67108864,"Runtime":"runc","ConsoleSize":[0,0],"Isolation":"","CpuShares":0,"Memory":0,"NanoCpus":0,"CgroupParent":"","BlkioWeight":0,"BlkioWeightDevice":null,"BlkioDeviceReadBps":null,"BlkioDeviceWriteBps":null,"BlkioDeviceReadIOps":null,"BlkioDeviceWriteIOps":null,"CpuPeriod":0,"CpuQuota":0,"CpuRealtimePeriod":0,"CpuRealtimeRuntime":0,"CpusetCpus":"","CpusetMems":"","Devices":null,"DeviceCgroupRules":null,"DeviceRequests":null,"KernelMemory":0,"KernelMemoryTCP":0,"MemoryReservation":0,"MemorySwap":0,"MemorySwappiness":null,"OomKillDisable":null,"PidsLimit":null,"Ulimits":null,"CpuCount":0,"CpuPercent":0,"IOMaximumIOps":0,"IOMaximumBandwidth":0,"MaskedPaths":["/proc/asound","/proc/acpi","/proc/kcore","/proc/keys","/proc/latency_stats","/proc/timer_list","/proc/timer_stats","/proc/sched_debug","/proc/scsi","/sys/firmware"],"ReadonlyPaths":["/proc/bus","/proc/fs","/proc/irq","/proc/sys","/proc/sysrq-trigger"]},"GraphDriver":{"Data":{"LowerDir":"/var/lib/docker/overlay2/5ada145d0e3939fe5ed2118eea99b9f10241aeee200293145c73dce66470a568-init/diff:/var/lib/docker/overlay2/1bd8849d7a296305617011f940aa5cfabbe972a513397b1b6bbc27639b6c1f30/diff:/var/lib/docker/overlay2/199d69b2fbf78af4d4c95dec4fd2f8835ab0347eb49fb20ebb2ff3b99fedd6ad/diff:/var/lib/docker/overlay2/d83c38d654989311f75b9491329846033bfb7714de76ef635380dcfad5c740d9/diff:/var/lib/docker/overlay2/08600d0aea2ab2728bebcf5d2589c640a842f53d1ba3c4a4adccb4d03b923cf6/diff:/var/lib/docker/overlay2/9ec7c63a3fb14d13ac788bbf5e282ca821edc41260b79944e5e631037d13ecda/diff:/var/lib/docker/overlay2/db601d7a1b4ea6da638db620462f0da96fa55c559d02269c9ddb09027936ed87/diff:/var/lib/docker/overlay2/a6d2bd03f942e2565f21e74cfe152c7ec836a1c2b583f0790c685b92bdcfda24/diff:/var/lib/docker/overlay2/9badd16ea2c5e2bf1fde8b579683e41137dfc46ed5449234149f199a6751cc84/diff:/var/lib/docker/overlay2/6efb85646ed12e2d1181ef4cc6f6f6732c00c15a4035fe17ebc4f075ca573c30/diff:/var/lib/docker/overlay2/895d7c0ec09144d6ed33936f4e98e11c18010f7abd708cae1ce43aec7a7f2621/diff:/var/lib/docker/overlay2/1c4ba77aa573ab6e5e5069fd15eae71b3da940bde0f97a922a227ffc8a1d1096/diff","MergedDir":"/var/lib/docker/overlay2/5ada145d0e3939fe5ed2118eea99b9f10241aeee200293145c73dce66470a568/merged","UpperDir":"/var/lib/docker/overlay2/5ada145d0e3939fe5ed2118eea99b9f10241aeee200293145c73dce66470a568/diff","WorkDir":"/var/lib/docker/overlay2/5ada145d0e3939fe5ed2118eea99b9f10241aeee200293145c73dce66470a568/work"},"Name":"overlay2"},"Mounts":[{"Type":"volume","Name":"ac6dcf572a35a68e3a3a5bdf3d1899d89919b8e0b6d7a1beb9c6b19978c4e863","Source":"/var/lib/docker/volumes/ac6dcf572a35a68e3a3a5bdf3d1899d89919b8e0b6d7a1beb9c6b19978c4e863/_data","Destination":"/var/lib/mysql","Driver":"local","Mode":"","RW":true,"Propagation":""}],"Config":{"Hostname":"511b2d736fd4","Domainname":"","User":"","AttachStdin":false,"AttachStdout":false,"AttachStderr":false,"ExposedPorts":{"3306/tcp":{},"33060/tcp":{}},"Tty":false,"OpenStdin":false,"StdinOnce":false,"Env":["MYSQL_DATABASE=adm_videos","MYSQL_PASSWORD=123456","MYSQL_ROOT_PASSWORD=123456","PATH=/usr/local/sbin:/usr/local/bin:/usr/sbin:/usr/bin:/sbin:/bin","GOSU_VERSION=1.16","MYSQL_MAJOR=8.0","MYSQL_VERSION=8.0.32-1.el8","MYSQL_SHELL_VERSION=8.0.32-1.el8"],"Cmd":["mysqld"],"Image":"mysql:latest","Volumes":{"/var/lib/mysql":{}},"WorkingDir":"","Entrypoint":["docker-entrypoint.sh"],"OnBuild":null,"Labels":{"org.testcontainers":"true","org.testcontainers.lang":"java","org.testcontainers.sessionId":"c721e8e0-dbbd-4305-a748-6be2465f786d","org.testcontainers.version":"1.17.6"}},"NetworkSettings":{"Bridge":"","SandboxID":"23a51dba07b22c8536581cd39611755923749e16a93a45ce75c5c8a4a7759981","HairpinMode":false,"LinkLocalIPv6Address":"","LinkLocalIPv6PrefixLen":0,"Ports":{"3306/tcp":[{"HostIp":"0.0.0.0","HostPort":"50897"}],"33060/tcp":null},"SandboxKey":"/var/run/docker/netns/23a51dba07b2","SecondaryIPAddresses":null,"SecondaryIPv6Addresses":null,"EndpointID":"692f30c6e93a1486104b6273bdc38b1f926e45528d0b3ff49b5fe2d91ed6b329","Gateway":"172.17.0.1","GlobalIPv6Address":"","GlobalIPv6PrefixLen":0,"IPAddress":"172.17.0.3","IPPrefixLen":16,"IPv6Gateway":"","MacAddress":"02:42:ac:11:00:03","Networks":{"bridge":{"IPAMConfig":null,"Links":null,"Aliases":null,"NetworkID":"eba6fdf7ebe51912c859fc2dc83d1407a50db03ea3c296d90f885e8af84b6e93","EndpointID":"692f30c6e93a1486104b6273bdc38b1f926e45528d0b3ff49b5fe2d91ed6b329","Gateway":"172.17.0.1","IPAddress":"172.17.0.3","IPPrefixLen":16,"IPv6Gateway":"","GlobalIPv6Address":"","GlobalIPv6PrefixLen":0,"MacAddress":"02:42:ac:11:00:03","DriverOpts":null}}}}[\n]"
22:07:05.873 [Test worker] DEBUG com.github.dockerjava.zerodep.shaded.org.apache.hc.client5.http.wire - http-outgoing-2 << "[\r][\n]"
22:07:05.874 [Test worker] DEBUG com.github.dockerjava.zerodep.shaded.org.apache.hc.client5.http.wire - http-outgoing-2 << "0[\r][\n]"
22:07:05.874 [Test worker] DEBUG com.github.dockerjava.zerodep.shaded.org.apache.hc.client5.http.wire - http-outgoing-2 << "[\r][\n]"
22:07:05.874 [Test worker] DEBUG com.github.dockerjava.zerodep.shaded.org.apache.hc.client5.http.impl.classic.InternalHttpClient - ep-00000017: releasing valid endpoint
22:07:05.874 [Test worker] DEBUG com.github.dockerjava.zerodep.shaded.org.apache.hc.client5.http.impl.io.PoolingHttpClientConnectionManager - ep-00000017: releasing endpoint
22:07:05.874 [Test worker] DEBUG com.github.dockerjava.zerodep.shaded.org.apache.hc.client5.http.impl.io.PoolingHttpClientConnectionManager - ep-00000017: connection http-outgoing-2 can be kept alive for 3 MINUTES
22:07:05.874 [Test worker] DEBUG com.github.dockerjava.zerodep.shaded.org.apache.hc.client5.http.impl.io.PoolingHttpClientConnectionManager - ep-00000017: connection released [route: {}->unix://localhost:2375][total available: 1; route allocated: 1 of 2147483647; total allocated: 1 of 2147483647]
22:07:05.874 [Test worker] DEBUG ]]>&#x1f433;<![CDATA[ [mysql:latest] - Trying to create JDBC connection using com.mysql.cj.jdbc.Driver to jdbc:mysql://localhost:50897/adm_videos?useSSL=false&allowPublicKeyRetrieval=true with properties: {password=123456, user=root}
22:07:05.982 [Test worker] DEBUG org.testcontainers.shaded.com.github.dockerjava.core.command.AbstrDockerCmd - Cmd: 511b2d736fd4c4da08b79110fd21fdaa756368e4971eb130f8114450b3efc085,false
22:07:05.982 [Test worker] DEBUG org.testcontainers.shaded.com.github.dockerjava.core.exec.InspectContainerCmdExec - GET: DefaultWebTarget{path=[/containers/511b2d736fd4c4da08b79110fd21fdaa756368e4971eb130f8114450b3efc085/json], queryParams={}}
22:07:05.982 [Test worker] DEBUG com.github.dockerjava.zerodep.shaded.org.apache.hc.client5.http.impl.classic.InternalHttpClient - ex-00000019: preparing request execution
22:07:05.983 [Test worker] DEBUG com.github.dockerjava.zerodep.shaded.org.apache.hc.client5.http.protocol.RequestAddCookies - Cookie spec selected: strict
22:07:05.983 [Test worker] DEBUG com.github.dockerjava.zerodep.shaded.org.apache.hc.client5.http.protocol.RequestAuthCache - Auth cache not set in the context
22:07:05.983 [Test worker] DEBUG com.github.dockerjava.zerodep.shaded.org.apache.hc.client5.http.impl.classic.ProtocolExec - ex-00000019: target auth state: UNCHALLENGED
22:07:05.983 [Test worker] DEBUG com.github.dockerjava.zerodep.shaded.org.apache.hc.client5.http.impl.classic.ProtocolExec - ex-00000019: proxy auth state: UNCHALLENGED
22:07:05.983 [Test worker] DEBUG com.github.dockerjava.zerodep.shaded.org.apache.hc.client5.http.impl.classic.ConnectExec - ex-00000019: acquiring connection with route {}->unix://localhost:2375
22:07:05.983 [Test worker] DEBUG com.github.dockerjava.zerodep.shaded.org.apache.hc.client5.http.impl.classic.InternalHttpClient - ex-00000019: acquiring endpoint (3 MINUTES)
22:07:05.983 [Test worker] DEBUG com.github.dockerjava.zerodep.shaded.org.apache.hc.client5.http.impl.io.PoolingHttpClientConnectionManager - ex-00000019: endpoint lease request (3 MINUTES) [route: {}->unix://localhost:2375][total available: 1; route allocated: 1 of 2147483647; total allocated: 1 of 2147483647]
22:07:05.983 [Test worker] DEBUG com.github.dockerjava.zerodep.shaded.org.apache.hc.client5.http.impl.io.PoolingHttpClientConnectionManager - ex-00000019: endpoint leased [route: {}->unix://localhost:2375][total available: 0; route allocated: 1 of 2147483647; total allocated: 1 of 2147483647]
22:07:05.983 [Test worker] DEBUG com.github.dockerjava.zerodep.shaded.org.apache.hc.client5.http.impl.io.PoolingHttpClientConnectionManager - ex-00000019: acquired ep-00000018
22:07:05.983 [Test worker] DEBUG com.github.dockerjava.zerodep.shaded.org.apache.hc.client5.http.impl.classic.InternalHttpClient - ex-00000019: acquired endpoint ep-00000018
22:07:05.983 [Test worker] DEBUG com.github.dockerjava.zerodep.shaded.org.apache.hc.client5.http.impl.classic.MainClientExec - ex-00000019: executing GET /v1.32/containers/511b2d736fd4c4da08b79110fd21fdaa756368e4971eb130f8114450b3efc085/json HTTP/1.1
22:07:05.983 [Test worker] DEBUG com.github.dockerjava.zerodep.shaded.org.apache.hc.client5.http.impl.classic.InternalHttpClient - ep-00000018: start execution ex-00000019
22:07:05.983 [Test worker] DEBUG com.github.dockerjava.zerodep.shaded.org.apache.hc.client5.http.impl.io.PoolingHttpClientConnectionManager - ep-00000018: executing exchange ex-00000019 over http-outgoing-2
22:07:05.983 [Test worker] DEBUG com.github.dockerjava.zerodep.shaded.org.apache.hc.client5.http.headers - http-outgoing-2 >> GET /v1.32/containers/511b2d736fd4c4da08b79110fd21fdaa756368e4971eb130f8114450b3efc085/json HTTP/1.1
22:07:05.983 [Test worker] DEBUG com.github.dockerjava.zerodep.shaded.org.apache.hc.client5.http.headers - http-outgoing-2 >> accept: application/json
22:07:05.983 [Test worker] DEBUG com.github.dockerjava.zerodep.shaded.org.apache.hc.client5.http.headers - http-outgoing-2 >> x-tc-sid: c721e8e0-dbbd-4305-a748-6be2465f786d
22:07:05.983 [Test worker] DEBUG com.github.dockerjava.zerodep.shaded.org.apache.hc.client5.http.headers - http-outgoing-2 >> Accept-Encoding: gzip, x-gzip, deflate
22:07:05.983 [Test worker] DEBUG com.github.dockerjava.zerodep.shaded.org.apache.hc.client5.http.headers - http-outgoing-2 >> Host: localhost:2375
22:07:05.983 [Test worker] DEBUG com.github.dockerjava.zerodep.shaded.org.apache.hc.client5.http.headers - http-outgoing-2 >> Connection: keep-alive
22:07:05.983 [Test worker] DEBUG com.github.dockerjava.zerodep.shaded.org.apache.hc.client5.http.headers - http-outgoing-2 >> User-Agent: Apache-HttpClient/5.0.3 (Java/17.0.2)
22:07:05.983 [Test worker] DEBUG com.github.dockerjava.zerodep.shaded.org.apache.hc.client5.http.wire - http-outgoing-2 >> "GET /v1.32/containers/511b2d736fd4c4da08b79110fd21fdaa756368e4971eb130f8114450b3efc085/json HTTP/1.1[\r][\n]"
22:07:05.983 [Test worker] DEBUG com.github.dockerjava.zerodep.shaded.org.apache.hc.client5.http.wire - http-outgoing-2 >> "accept: application/json[\r][\n]"
22:07:05.983 [Test worker] DEBUG com.github.dockerjava.zerodep.shaded.org.apache.hc.client5.http.wire - http-outgoing-2 >> "x-tc-sid: c721e8e0-dbbd-4305-a748-6be2465f786d[\r][\n]"
22:07:05.983 [Test worker] DEBUG com.github.dockerjava.zerodep.shaded.org.apache.hc.client5.http.wire - http-outgoing-2 >> "Accept-Encoding: gzip, x-gzip, deflate[\r][\n]"
22:07:05.983 [Test worker] DEBUG com.github.dockerjava.zerodep.shaded.org.apache.hc.client5.http.wire - http-outgoing-2 >> "Host: localhost:2375[\r][\n]"
22:07:05.983 [Test worker] DEBUG com.github.dockerjava.zerodep.shaded.org.apache.hc.client5.http.wire - http-outgoing-2 >> "Connection: keep-alive[\r][\n]"
22:07:05.983 [Test worker] DEBUG com.github.dockerjava.zerodep.shaded.org.apache.hc.client5.http.wire - http-outgoing-2 >> "User-Agent: Apache-HttpClient/5.0.3 (Java/17.0.2)[\r][\n]"
22:07:05.983 [Test worker] DEBUG com.github.dockerjava.zerodep.shaded.org.apache.hc.client5.http.wire - http-outgoing-2 >> "[\r][\n]"
22:07:05.985 [Test worker] DEBUG com.github.dockerjava.zerodep.shaded.org.apache.hc.client5.http.wire - http-outgoing-2 << "HTTP/1.1 200 OK[\r][\n]"
22:07:05.985 [Test worker] DEBUG com.github.dockerjava.zerodep.shaded.org.apache.hc.client5.http.wire - http-outgoing-2 << "Api-Version: 1.41[\r][\n]"
22:07:05.985 [Test worker] DEBUG com.github.dockerjava.zerodep.shaded.org.apache.hc.client5.http.wire - http-outgoing-2 << "Content-Type: application/json[\r][\n]"
22:07:05.985 [Test worker] DEBUG com.github.dockerjava.zerodep.shaded.org.apache.hc.client5.http.wire - http-outgoing-2 << "Date: Mon, 03 Apr 2023 01:07:05 GMT[\r][\n]"
22:07:05.985 [Test worker] DEBUG com.github.dockerjava.zerodep.shaded.org.apache.hc.client5.http.wire - http-outgoing-2 << "Docker-Experimental: false[\r][\n]"
22:07:05.985 [Test worker] DEBUG com.github.dockerjava.zerodep.shaded.org.apache.hc.client5.http.wire - http-outgoing-2 << "Ostype: linux[\r][\n]"
22:07:05.985 [Test worker] DEBUG com.github.dockerjava.zerodep.shaded.org.apache.hc.client5.http.wire - http-outgoing-2 << "Server: Docker/20.10.21 (linux)[\r][\n]"
22:07:05.985 [Test worker] DEBUG com.github.dockerjava.zerodep.shaded.org.apache.hc.client5.http.wire - http-outgoing-2 << "Transfer-Encoding: chunked[\r][\n]"
22:07:05.985 [Test worker] DEBUG com.github.dockerjava.zerodep.shaded.org.apache.hc.client5.http.wire - http-outgoing-2 << "[\r][\n]"
22:07:05.985 [Test worker] DEBUG com.github.dockerjava.zerodep.shaded.org.apache.hc.client5.http.headers - http-outgoing-2 << HTTP/1.1 200 OK
22:07:05.985 [Test worker] DEBUG com.github.dockerjava.zerodep.shaded.org.apache.hc.client5.http.headers - http-outgoing-2 << Api-Version: 1.41
22:07:05.985 [Test worker] DEBUG com.github.dockerjava.zerodep.shaded.org.apache.hc.client5.http.headers - http-outgoing-2 << Content-Type: application/json
22:07:05.985 [Test worker] DEBUG com.github.dockerjava.zerodep.shaded.org.apache.hc.client5.http.headers - http-outgoing-2 << Date: Mon, 03 Apr 2023 01:07:05 GMT
22:07:05.985 [Test worker] DEBUG com.github.dockerjava.zerodep.shaded.org.apache.hc.client5.http.headers - http-outgoing-2 << Docker-Experimental: false
22:07:05.985 [Test worker] DEBUG com.github.dockerjava.zerodep.shaded.org.apache.hc.client5.http.headers - http-outgoing-2 << Ostype: linux
22:07:05.985 [Test worker] DEBUG com.github.dockerjava.zerodep.shaded.org.apache.hc.client5.http.headers - http-outgoing-2 << Server: Docker/20.10.21 (linux)
22:07:05.985 [Test worker] DEBUG com.github.dockerjava.zerodep.shaded.org.apache.hc.client5.http.headers - http-outgoing-2 << Transfer-Encoding: chunked
22:07:05.985 [Test worker] DEBUG com.github.dockerjava.zerodep.shaded.org.apache.hc.client5.http.impl.classic.MainClientExec - ex-00000019: connection can be kept alive for 3 MINUTES
22:07:05.986 [Test worker] DEBUG com.github.dockerjava.zerodep.shaded.org.apache.hc.client5.http.wire - http-outgoing-2 << "18c0[\r][\n]"
22:07:05.986 [Test worker] DEBUG com.github.dockerjava.zerodep.shaded.org.apache.hc.client5.http.wire - http-outgoing-2 << "{"Id":"511b2d736fd4c4da08b79110fd21fdaa756368e4971eb130f8114450b3efc085","Created":"2023-04-03T01:07:04.201309337Z","Path":"docker-entrypoint.sh","Args":["mysqld"],"State":{"Status":"running","Running":true,"Paused":false,"Restarting":false,"OOMKilled":false,"Dead":false,"Pid":2724,"ExitCode":0,"Error":"","StartedAt":"2023-04-03T01:07:04.498400921Z","FinishedAt":"0001-01-01T00:00:00Z"},"Image":"sha256:c7c54c29e20dccc1aefb936c8eba8bb8b98b87a4921102aba87fde2df5810af9","ResolvConfPath":"/var/lib/docker/containers/511b2d736fd4c4da08b79110fd21fdaa756368e4971eb130f8114450b3efc085/resolv.conf","HostnamePath":"/var/lib/docker/containers/511b2d736fd4c4da08b79110fd21fdaa756368e4971eb130f8114450b3efc085/hostname","HostsPath":"/var/lib/docker/containers/511b2d736fd4c4da08b79110fd21fdaa756368e4971eb130f8114450b3efc085/hosts","LogPath":"/var/lib/docker/containers/511b2d736fd4c4da08b79110fd21fdaa756368e4971eb130f8114450b3efc085/511b2d736fd4c4da08b79110fd21fdaa756368e4971eb130f8114450b3efc085-json.log","Name":"/elastic_easley","RestartCount":0,"Driver":"overlay2","Platform":"linux","MountLabel":"","ProcessLabel":"","AppArmorProfile":"","ExecIDs":null,"HostConfig":{"Binds":[],"ContainerIDFile":"","LogConfig":{"Type":"json-file","Config":{}},"NetworkMode":"default","PortBindings":{"3306/tcp":[{"HostIp":"0.0.0.0","HostPort":"0"}]},"RestartPolicy":{"Name":"","MaximumRetryCount":0},"AutoRemove":false,"VolumeDriver":"","VolumesFrom":[],"CapAdd":null,"CapDrop":null,"CgroupnsMode":"private","Dns":null,"DnsOptions":null,"DnsSearch":null,"ExtraHosts":[],"GroupAdd":null,"IpcMode":"shareable","Cgroup":"","Links":null,"OomScoreAdj":0,"PidMode":"","Privileged":false,"PublishAllPorts":false,"ReadonlyRootfs":false,"SecurityOpt":null,"UTSMode":"","UsernsMode":"","ShmSize":67108864,"Runtime":"runc","ConsoleSize":[0,0],"Isolation":"","CpuShares":0,"Memory":0,"NanoCpus":0,"CgroupParent":"","BlkioWeight":0,"BlkioWeightDevice":null,"BlkioDeviceReadBps":null,"BlkioDeviceWriteBps":null,"BlkioDeviceReadIOps":null,"BlkioDeviceWriteIOps":null,"CpuPeriod":0,"CpuQuota":0,"CpuRealtimePeriod":0,"CpuRealtimeRuntime":0,"CpusetCpus":"","CpusetMems":"","Devices":null,"DeviceCgroupRules":null,"DeviceRequests":null,"KernelMemory":0,"KernelMemoryTCP":0,"MemoryReservation":0,"MemorySwap":0,"MemorySwappiness":null,"OomKillDisable":null,"PidsLimit":null,"Ulimits":null,"CpuCount":0,"CpuPercent":0,"IOMaximumIOps":0,"IOMaximumBandwidth":0,"MaskedPaths":["/proc/asound","/proc/acpi","/proc/kcore","/proc/keys","/proc/latency_stats","/proc/timer_list","/proc/timer_stats","/proc/sched_debug","/proc/scsi","/sys/firmware"],"ReadonlyPaths":["/proc/bus","/proc/fs","/proc/irq","/proc/sys","/proc/sysrq-trigger"]},"GraphDriver":{"Data":{"LowerDir":"/var/lib/docker/overlay2/5ada145d0e3939fe5ed2118eea99b9f10241aeee200293145c73dce66470a568-init/diff:/var/lib/docker/overlay2/1bd8849d7a296305617011f940aa5cfabbe972a513397b1b6bbc27639b6c1f30/diff:/var/lib/docker/overlay2/199d69b2fbf78af4d4c95dec4fd2f8835ab0347eb49fb20ebb2ff3b99fedd6ad/diff:/var/lib/docker/overlay2/d83c38d654989311f75b9491329846033bfb7714de76ef635380dcfad5c740d9/diff:/var/lib/docker/overlay2/08600d0aea2ab2728bebcf5d2589c640a842f53d1ba3c4a4adccb4d03b923cf6/diff:/var/lib/docker/overlay2/9ec7c63a3fb14d13ac788bbf5e282ca821edc41260b79944e5e631037d13ecda/diff:/var/lib/docker/overlay2/db601d7a1b4ea6da638db620462f0da96fa55c559d02269c9ddb09027936ed87/diff:/var/lib/docker/overlay2/a6d2bd03f942e2565f21e74cfe152c7ec836a1c2b583f0790c685b92bdcfda24/diff:/var/lib/docker/overlay2/9badd16ea2c5e2bf1fde8b579683e41137dfc46ed5449234149f199a6751cc84/diff:/var/lib/docker/overlay2/6efb85646ed12e2d1181ef4cc6f6f6732c00c15a4035fe17ebc4f075ca573c30/diff:/var/lib/docker/overlay2/895d7c0ec09144d6ed33936f4e98e11c18010f7abd708cae1ce43aec7a7f2621/diff:/var/lib/docker/overlay2/1c4ba77aa573ab6e5e5069fd15eae71b3da940bde0f97a922a227ffc8a1d1096/diff","MergedDir":"/var/lib/docker/overlay2/5ada145d0e3939fe5ed2118eea99b9f10241aeee200293145c73dce66470a568/merged","UpperDir":"/var/lib/docker/overlay2/5ada145d0e3939fe5ed2118eea99b9f10241aeee200293145c73dce66470a568/diff","WorkDir":"/var/lib/docker/overlay2/5ada145d0e3939fe5ed2118eea99b9f10241aeee200293145c73dce66470a568/work"},"Name":"overlay2"},"Mounts":[{"Type":"volume","Name":"ac6dcf572a35a68e3a3a5bdf3d1899d89919b8e0b6d7a1beb9c6b19978c4e863","Source":"/var/lib/docker/volumes/ac6dcf572a35a68e3a3a5bdf3d1899d89919b8e0b6d7a1beb9c6b19978c4e863/_data","Destination":"/var/lib/mysql","Driver":"local","Mode":"","RW":true,"Propagation":""}],"Config":{"Hostname":"511b2d736fd4","Domainname":"","User":"","AttachStdin":false,"AttachStdout":false,"AttachStderr":false,"ExposedPorts":{"3306/tcp":{},"33060/tcp":{}},"Tty":false,"OpenStdin":false,"StdinOnce":false,"Env":["MYSQL_DATABASE=adm_videos","MYSQL_PASSWORD=123456","MYSQL_ROOT_PASSWORD=123456","PATH=/usr/local/sbin:/usr/local/bin:/usr/sbin:/usr/bin:/sbin:/bin","GOSU_VERSION=1.16","MYSQL_MAJOR=8.0","MYSQL_VERSION=8.0.32-1.el8","MYSQL_SHELL_VERSION=8.0.32-1.el8"],"Cmd":["mysqld"],"Image":"mysql:latest","Volumes":{"/var/lib/mysql":{}},"WorkingDir":"","Entrypoint":["docker-entrypoint.sh"],"OnBuild":null,"Labels":{"org.testcontainers":"true","org.testcontainers.lang":"java","org.testcontainers.sessionId":"c721e8e0-dbbd-4305-a748-6be2465f786d","org.testcontainers.version":"1.17.6"}},"NetworkSettings":{"Bridge":"","SandboxID":"23a51dba07b22c8536581cd39611755923749e16a93a45ce75c5c8a4a7759981","HairpinMode":false,"LinkLocalIPv6Address":"","LinkLocalIPv6PrefixLen":0,"Ports":{"3306/tcp":[{"HostIp":"0.0.0.0","HostPort":"50897"}],"33060/tcp":null},"SandboxKey":"/var/run/docker/netns/23a51dba07b2","SecondaryIPAddresses":null,"SecondaryIPv6Addresses":null,"EndpointID":"692f30c6e93a1486104b6273bdc38b1f926e45528d0b3ff49b5fe2d91ed6b329","Gateway":"172.17.0.1","GlobalIPv6Address":"","GlobalIPv6PrefixLen":0,"IPAddress":"172.17.0.3","IPPrefixLen":16,"IPv6Gateway":"","MacAddress":"02:42:ac:11:00:03","Networks":{"bridge":{"IPAMConfig":null,"Links":null,"Aliases":null,"NetworkID":"eba6fdf7ebe51912c859fc2dc83d1407a50db03ea3c296d90f885e8af84b6e93","EndpointID":"692f30c6e93a1486104b6273bdc38b1f926e45528d0b3ff49b5fe2d91ed6b329","Gateway":"172.17.0.1","IPAddress":"172.17.0.3","IPPrefixLen":16,"IPv6Gateway":"","GlobalIPv6Address":"","GlobalIPv6PrefixLen":0,"MacAddress":"02:42:ac:11:00:03","DriverOpts":null}}}}[\n]"
22:07:05.986 [Test worker] DEBUG com.github.dockerjava.zerodep.shaded.org.apache.hc.client5.http.wire - http-outgoing-2 << "[\r][\n]"
22:07:05.990 [Test worker] DEBUG com.github.dockerjava.zerodep.shaded.org.apache.hc.client5.http.wire - http-outgoing-2 << "0[\r][\n]"
22:07:05.990 [Test worker] DEBUG com.github.dockerjava.zerodep.shaded.org.apache.hc.client5.http.wire - http-outgoing-2 << "[\r][\n]"
22:07:05.991 [Test worker] DEBUG com.github.dockerjava.zerodep.shaded.org.apache.hc.client5.http.impl.classic.InternalHttpClient - ep-00000018: releasing valid endpoint
22:07:05.991 [Test worker] DEBUG com.github.dockerjava.zerodep.shaded.org.apache.hc.client5.http.impl.io.PoolingHttpClientConnectionManager - ep-00000018: releasing endpoint
22:07:05.991 [Test worker] DEBUG com.github.dockerjava.zerodep.shaded.org.apache.hc.client5.http.impl.io.PoolingHttpClientConnectionManager - ep-00000018: connection http-outgoing-2 can be kept alive for 3 MINUTES
22:07:05.991 [Test worker] DEBUG com.github.dockerjava.zerodep.shaded.org.apache.hc.client5.http.impl.io.PoolingHttpClientConnectionManager - ep-00000018: connection released [route: {}->unix://localhost:2375][total available: 1; route allocated: 1 of 2147483647; total allocated: 1 of 2147483647]
22:07:05.991 [Test worker] DEBUG ]]>&#x1f433;<![CDATA[ [mysql:latest] - Trying to create JDBC connection using com.mysql.cj.jdbc.Driver to jdbc:mysql://localhost:50897/adm_videos?useSSL=false&allowPublicKeyRetrieval=true with properties: {password=123456, user=root}
22:07:06.094 [Test worker] DEBUG org.testcontainers.shaded.com.github.dockerjava.core.command.AbstrDockerCmd - Cmd: 511b2d736fd4c4da08b79110fd21fdaa756368e4971eb130f8114450b3efc085,false
22:07:06.095 [Test worker] DEBUG org.testcontainers.shaded.com.github.dockerjava.core.exec.InspectContainerCmdExec - GET: DefaultWebTarget{path=[/containers/511b2d736fd4c4da08b79110fd21fdaa756368e4971eb130f8114450b3efc085/json], queryParams={}}
22:07:06.095 [Test worker] DEBUG com.github.dockerjava.zerodep.shaded.org.apache.hc.client5.http.impl.classic.InternalHttpClient - ex-0000001A: preparing request execution
22:07:06.095 [Test worker] DEBUG com.github.dockerjava.zerodep.shaded.org.apache.hc.client5.http.protocol.RequestAddCookies - Cookie spec selected: strict
22:07:06.095 [Test worker] DEBUG com.github.dockerjava.zerodep.shaded.org.apache.hc.client5.http.protocol.RequestAuthCache - Auth cache not set in the context
22:07:06.095 [Test worker] DEBUG com.github.dockerjava.zerodep.shaded.org.apache.hc.client5.http.impl.classic.ProtocolExec - ex-0000001A: target auth state: UNCHALLENGED
22:07:06.095 [Test worker] DEBUG com.github.dockerjava.zerodep.shaded.org.apache.hc.client5.http.impl.classic.ProtocolExec - ex-0000001A: proxy auth state: UNCHALLENGED
22:07:06.095 [Test worker] DEBUG com.github.dockerjava.zerodep.shaded.org.apache.hc.client5.http.impl.classic.ConnectExec - ex-0000001A: acquiring connection with route {}->unix://localhost:2375
22:07:06.096 [Test worker] DEBUG com.github.dockerjava.zerodep.shaded.org.apache.hc.client5.http.impl.classic.InternalHttpClient - ex-0000001A: acquiring endpoint (3 MINUTES)
22:07:06.096 [Test worker] DEBUG com.github.dockerjava.zerodep.shaded.org.apache.hc.client5.http.impl.io.PoolingHttpClientConnectionManager - ex-0000001A: endpoint lease request (3 MINUTES) [route: {}->unix://localhost:2375][total available: 1; route allocated: 1 of 2147483647; total allocated: 1 of 2147483647]
22:07:06.096 [Test worker] DEBUG com.github.dockerjava.zerodep.shaded.org.apache.hc.client5.http.impl.io.PoolingHttpClientConnectionManager - ex-0000001A: endpoint leased [route: {}->unix://localhost:2375][total available: 0; route allocated: 1 of 2147483647; total allocated: 1 of 2147483647]
22:07:06.096 [Test worker] DEBUG com.github.dockerjava.zerodep.shaded.org.apache.hc.client5.http.impl.io.PoolingHttpClientConnectionManager - ex-0000001A: acquired ep-00000019
22:07:06.096 [Test worker] DEBUG com.github.dockerjava.zerodep.shaded.org.apache.hc.client5.http.impl.classic.InternalHttpClient - ex-0000001A: acquired endpoint ep-00000019
22:07:06.096 [Test worker] DEBUG com.github.dockerjava.zerodep.shaded.org.apache.hc.client5.http.impl.classic.MainClientExec - ex-0000001A: executing GET /v1.32/containers/511b2d736fd4c4da08b79110fd21fdaa756368e4971eb130f8114450b3efc085/json HTTP/1.1
22:07:06.096 [Test worker] DEBUG com.github.dockerjava.zerodep.shaded.org.apache.hc.client5.http.impl.classic.InternalHttpClient - ep-00000019: start execution ex-0000001A
22:07:06.096 [Test worker] DEBUG com.github.dockerjava.zerodep.shaded.org.apache.hc.client5.http.impl.io.PoolingHttpClientConnectionManager - ep-00000019: executing exchange ex-0000001A over http-outgoing-2
22:07:06.097 [Test worker] DEBUG com.github.dockerjava.zerodep.shaded.org.apache.hc.client5.http.headers - http-outgoing-2 >> GET /v1.32/containers/511b2d736fd4c4da08b79110fd21fdaa756368e4971eb130f8114450b3efc085/json HTTP/1.1
22:07:06.097 [Test worker] DEBUG com.github.dockerjava.zerodep.shaded.org.apache.hc.client5.http.headers - http-outgoing-2 >> accept: application/json
22:07:06.097 [Test worker] DEBUG com.github.dockerjava.zerodep.shaded.org.apache.hc.client5.http.headers - http-outgoing-2 >> x-tc-sid: c721e8e0-dbbd-4305-a748-6be2465f786d
22:07:06.097 [Test worker] DEBUG com.github.dockerjava.zerodep.shaded.org.apache.hc.client5.http.headers - http-outgoing-2 >> Accept-Encoding: gzip, x-gzip, deflate
22:07:06.097 [Test worker] DEBUG com.github.dockerjava.zerodep.shaded.org.apache.hc.client5.http.headers - http-outgoing-2 >> Host: localhost:2375
22:07:06.097 [Test worker] DEBUG com.github.dockerjava.zerodep.shaded.org.apache.hc.client5.http.headers - http-outgoing-2 >> Connection: keep-alive
22:07:06.097 [Test worker] DEBUG com.github.dockerjava.zerodep.shaded.org.apache.hc.client5.http.headers - http-outgoing-2 >> User-Agent: Apache-HttpClient/5.0.3 (Java/17.0.2)
22:07:06.097 [Test worker] DEBUG com.github.dockerjava.zerodep.shaded.org.apache.hc.client5.http.wire - http-outgoing-2 >> "GET /v1.32/containers/511b2d736fd4c4da08b79110fd21fdaa756368e4971eb130f8114450b3efc085/json HTTP/1.1[\r][\n]"
22:07:06.097 [Test worker] DEBUG com.github.dockerjava.zerodep.shaded.org.apache.hc.client5.http.wire - http-outgoing-2 >> "accept: application/json[\r][\n]"
22:07:06.097 [Test worker] DEBUG com.github.dockerjava.zerodep.shaded.org.apache.hc.client5.http.wire - http-outgoing-2 >> "x-tc-sid: c721e8e0-dbbd-4305-a748-6be2465f786d[\r][\n]"
22:07:06.097 [Test worker] DEBUG com.github.dockerjava.zerodep.shaded.org.apache.hc.client5.http.wire - http-outgoing-2 >> "Accept-Encoding: gzip, x-gzip, deflate[\r][\n]"
22:07:06.097 [Test worker] DEBUG com.github.dockerjava.zerodep.shaded.org.apache.hc.client5.http.wire - http-outgoing-2 >> "Host: localhost:2375[\r][\n]"
22:07:06.097 [Test worker] DEBUG com.github.dockerjava.zerodep.shaded.org.apache.hc.client5.http.wire - http-outgoing-2 >> "Connection: keep-alive[\r][\n]"
22:07:06.097 [Test worker] DEBUG com.github.dockerjava.zerodep.shaded.org.apache.hc.client5.http.wire - http-outgoing-2 >> "User-Agent: Apache-HttpClient/5.0.3 (Java/17.0.2)[\r][\n]"
22:07:06.097 [Test worker] DEBUG com.github.dockerjava.zerodep.shaded.org.apache.hc.client5.http.wire - http-outgoing-2 >> "[\r][\n]"
22:07:06.098 [Test worker] DEBUG com.github.dockerjava.zerodep.shaded.org.apache.hc.client5.http.wire - http-outgoing-2 << "HTTP/1.1 200 OK[\r][\n]"
22:07:06.098 [Test worker] DEBUG com.github.dockerjava.zerodep.shaded.org.apache.hc.client5.http.wire - http-outgoing-2 << "Api-Version: 1.41[\r][\n]"
22:07:06.098 [Test worker] DEBUG com.github.dockerjava.zerodep.shaded.org.apache.hc.client5.http.wire - http-outgoing-2 << "Content-Type: application/json[\r][\n]"
22:07:06.098 [Test worker] DEBUG com.github.dockerjava.zerodep.shaded.org.apache.hc.client5.http.wire - http-outgoing-2 << "Date: Mon, 03 Apr 2023 01:07:06 GMT[\r][\n]"
22:07:06.098 [Test worker] DEBUG com.github.dockerjava.zerodep.shaded.org.apache.hc.client5.http.wire - http-outgoing-2 << "Docker-Experimental: false[\r][\n]"
22:07:06.098 [Test worker] DEBUG com.github.dockerjava.zerodep.shaded.org.apache.hc.client5.http.wire - http-outgoing-2 << "Ostype: linux[\r][\n]"
22:07:06.098 [Test worker] DEBUG com.github.dockerjava.zerodep.shaded.org.apache.hc.client5.http.wire - http-outgoing-2 << "Server: Docker/20.10.21 (linux)[\r][\n]"
22:07:06.098 [Test worker] DEBUG com.github.dockerjava.zerodep.shaded.org.apache.hc.client5.http.wire - http-outgoing-2 << "Transfer-Encoding: chunked[\r][\n]"
22:07:06.098 [Test worker] DEBUG com.github.dockerjava.zerodep.shaded.org.apache.hc.client5.http.wire - http-outgoing-2 << "[\r][\n]"
22:07:06.098 [Test worker] DEBUG com.github.dockerjava.zerodep.shaded.org.apache.hc.client5.http.headers - http-outgoing-2 << HTTP/1.1 200 OK
22:07:06.098 [Test worker] DEBUG com.github.dockerjava.zerodep.shaded.org.apache.hc.client5.http.headers - http-outgoing-2 << Api-Version: 1.41
22:07:06.098 [Test worker] DEBUG com.github.dockerjava.zerodep.shaded.org.apache.hc.client5.http.headers - http-outgoing-2 << Content-Type: application/json
22:07:06.098 [Test worker] DEBUG com.github.dockerjava.zerodep.shaded.org.apache.hc.client5.http.headers - http-outgoing-2 << Date: Mon, 03 Apr 2023 01:07:06 GMT
22:07:06.098 [Test worker] DEBUG com.github.dockerjava.zerodep.shaded.org.apache.hc.client5.http.headers - http-outgoing-2 << Docker-Experimental: false
22:07:06.098 [Test worker] DEBUG com.github.dockerjava.zerodep.shaded.org.apache.hc.client5.http.headers - http-outgoing-2 << Ostype: linux
22:07:06.099 [Test worker] DEBUG com.github.dockerjava.zerodep.shaded.org.apache.hc.client5.http.headers - http-outgoing-2 << Server: Docker/20.10.21 (linux)
22:07:06.099 [Test worker] DEBUG com.github.dockerjava.zerodep.shaded.org.apache.hc.client5.http.headers - http-outgoing-2 << Transfer-Encoding: chunked
22:07:06.099 [Test worker] DEBUG com.github.dockerjava.zerodep.shaded.org.apache.hc.client5.http.impl.classic.MainClientExec - ex-0000001A: connection can be kept alive for 3 MINUTES
22:07:06.099 [Test worker] DEBUG com.github.dockerjava.zerodep.shaded.org.apache.hc.client5.http.wire - http-outgoing-2 << "18c0[\r][\n]"
22:07:06.099 [Test worker] DEBUG com.github.dockerjava.zerodep.shaded.org.apache.hc.client5.http.wire - http-outgoing-2 << "{"Id":"511b2d736fd4c4da08b79110fd21fdaa756368e4971eb130f8114450b3efc085","Created":"2023-04-03T01:07:04.201309337Z","Path":"docker-entrypoint.sh","Args":["mysqld"],"State":{"Status":"running","Running":true,"Paused":false,"Restarting":false,"OOMKilled":false,"Dead":false,"Pid":2724,"ExitCode":0,"Error":"","StartedAt":"2023-04-03T01:07:04.498400921Z","FinishedAt":"0001-01-01T00:00:00Z"},"Image":"sha256:c7c54c29e20dccc1aefb936c8eba8bb8b98b87a4921102aba87fde2df5810af9","ResolvConfPath":"/var/lib/docker/containers/511b2d736fd4c4da08b79110fd21fdaa756368e4971eb130f8114450b3efc085/resolv.conf","HostnamePath":"/var/lib/docker/containers/511b2d736fd4c4da08b79110fd21fdaa756368e4971eb130f8114450b3efc085/hostname","HostsPath":"/var/lib/docker/containers/511b2d736fd4c4da08b79110fd21fdaa756368e4971eb130f8114450b3efc085/hosts","LogPath":"/var/lib/docker/containers/511b2d736fd4c4da08b79110fd21fdaa756368e4971eb130f8114450b3efc085/511b2d736fd4c4da08b79110fd21fdaa756368e4971eb130f8114450b3efc085-json.log","Name":"/elastic_easley","RestartCount":0,"Driver":"overlay2","Platform":"linux","MountLabel":"","ProcessLabel":"","AppArmorProfile":"","ExecIDs":null,"HostConfig":{"Binds":[],"ContainerIDFile":"","LogConfig":{"Type":"json-file","Config":{}},"NetworkMode":"default","PortBindings":{"3306/tcp":[{"HostIp":"0.0.0.0","HostPort":"0"}]},"RestartPolicy":{"Name":"","MaximumRetryCount":0},"AutoRemove":false,"VolumeDriver":"","VolumesFrom":[],"CapAdd":null,"CapDrop":null,"CgroupnsMode":"private","Dns":null,"DnsOptions":null,"DnsSearch":null,"ExtraHosts":[],"GroupAdd":null,"IpcMode":"shareable","Cgroup":"","Links":null,"OomScoreAdj":0,"PidMode":"","Privileged":false,"PublishAllPorts":false,"ReadonlyRootfs":false,"SecurityOpt":null,"UTSMode":"","UsernsMode":"","ShmSize":67108864,"Runtime":"runc","ConsoleSize":[0,0],"Isolation":"","CpuShares":0,"Memory":0,"NanoCpus":0,"CgroupParent":"","BlkioWeight":0,"BlkioWeightDevice":null,"BlkioDeviceReadBps":null,"BlkioDeviceWriteBps":null,"BlkioDeviceReadIOps":null,"BlkioDeviceWriteIOps":null,"CpuPeriod":0,"CpuQuota":0,"CpuRealtimePeriod":0,"CpuRealtimeRuntime":0,"CpusetCpus":"","CpusetMems":"","Devices":null,"DeviceCgroupRules":null,"DeviceRequests":null,"KernelMemory":0,"KernelMemoryTCP":0,"MemoryReservation":0,"MemorySwap":0,"MemorySwappiness":null,"OomKillDisable":null,"PidsLimit":null,"Ulimits":null,"CpuCount":0,"CpuPercent":0,"IOMaximumIOps":0,"IOMaximumBandwidth":0,"MaskedPaths":["/proc/asound","/proc/acpi","/proc/kcore","/proc/keys","/proc/latency_stats","/proc/timer_list","/proc/timer_stats","/proc/sched_debug","/proc/scsi","/sys/firmware"],"ReadonlyPaths":["/proc/bus","/proc/fs","/proc/irq","/proc/sys","/proc/sysrq-trigger"]},"GraphDriver":{"Data":{"LowerDir":"/var/lib/docker/overlay2/5ada145d0e3939fe5ed2118eea99b9f10241aeee200293145c73dce66470a568-init/diff:/var/lib/docker/overlay2/1bd8849d7a296305617011f940aa5cfabbe972a513397b1b6bbc27639b6c1f30/diff:/var/lib/docker/overlay2/199d69b2fbf78af4d4c95dec4fd2f8835ab0347eb49fb20ebb2ff3b99fedd6ad/diff:/var/lib/docker/overlay2/d83c38d654989311f75b9491329846033bfb7714de76ef635380dcfad5c740d9/diff:/var/lib/docker/overlay2/08600d0aea2ab2728bebcf5d2589c640a842f53d1ba3c4a4adccb4d03b923cf6/diff:/var/lib/docker/overlay2/9ec7c63a3fb14d13ac788bbf5e282ca821edc41260b79944e5e631037d13ecda/diff:/var/lib/docker/overlay2/db601d7a1b4ea6da638db620462f0da96fa55c559d02269c9ddb09027936ed87/diff:/var/lib/docker/overlay2/a6d2bd03f942e2565f21e74cfe152c7ec836a1c2b583f0790c685b92bdcfda24/diff:/var/lib/docker/overlay2/9badd16ea2c5e2bf1fde8b579683e41137dfc46ed5449234149f199a6751cc84/diff:/var/lib/docker/overlay2/6efb85646ed12e2d1181ef4cc6f6f6732c00c15a4035fe17ebc4f075ca573c30/diff:/var/lib/docker/overlay2/895d7c0ec09144d6ed33936f4e98e11c18010f7abd708cae1ce43aec7a7f2621/diff:/var/lib/docker/overlay2/1c4ba77aa573ab6e5e5069fd15eae71b3da940bde0f97a922a227ffc8a1d1096/diff","MergedDir":"/var/lib/docker/overlay2/5ada145d0e3939fe5ed2118eea99b9f10241aeee200293145c73dce66470a568/merged","UpperDir":"/var/lib/docker/overlay2/5ada145d0e3939fe5ed2118eea99b9f10241aeee200293145c73dce66470a568/diff","WorkDir":"/var/lib/docker/overlay2/5ada145d0e3939fe5ed2118eea99b9f10241aeee200293145c73dce66470a568/work"},"Name":"overlay2"},"Mounts":[{"Type":"volume","Name":"ac6dcf572a35a68e3a3a5bdf3d1899d89919b8e0b6d7a1beb9c6b19978c4e863","Source":"/var/lib/docker/volumes/ac6dcf572a35a68e3a3a5bdf3d1899d89919b8e0b6d7a1beb9c6b19978c4e863/_data","Destination":"/var/lib/mysql","Driver":"local","Mode":"","RW":true,"Propagation":""}],"Config":{"Hostname":"511b2d736fd4","Domainname":"","User":"","AttachStdin":false,"AttachStdout":false,"AttachStderr":false,"ExposedPorts":{"3306/tcp":{},"33060/tcp":{}},"Tty":false,"OpenStdin":false,"StdinOnce":false,"Env":["MYSQL_DATABASE=adm_videos","MYSQL_PASSWORD=123456","MYSQL_ROOT_PASSWORD=123456","PATH=/usr/local/sbin:/usr/local/bin:/usr/sbin:/usr/bin:/sbin:/bin","GOSU_VERSION=1.16","MYSQL_MAJOR=8.0","MYSQL_VERSION=8.0.32-1.el8","MYSQL_SHELL_VERSION=8.0.32-1.el8"],"Cmd":["mysqld"],"Image":"mysql:latest","Volumes":{"/var/lib/mysql":{}},"WorkingDir":"","Entrypoint":["docker-entrypoint.sh"],"OnBuild":null,"Labels":{"org.testcontainers":"true","org.testcontainers.lang":"java","org.testcontainers.sessionId":"c721e8e0-dbbd-4305-a748-6be2465f786d","org.testcontainers.version":"1.17.6"}},"NetworkSettings":{"Bridge":"","SandboxID":"23a51dba07b22c8536581cd39611755923749e16a93a45ce75c5c8a4a7759981","HairpinMode":false,"LinkLocalIPv6Address":"","LinkLocalIPv6PrefixLen":0,"Ports":{"3306/tcp":[{"HostIp":"0.0.0.0","HostPort":"50897"}],"33060/tcp":null},"SandboxKey":"/var/run/docker/netns/23a51dba07b2","SecondaryIPAddresses":null,"SecondaryIPv6Addresses":null,"EndpointID":"692f30c6e93a1486104b6273bdc38b1f926e45528d0b3ff49b5fe2d91ed6b329","Gateway":"172.17.0.1","GlobalIPv6Address":"","GlobalIPv6PrefixLen":0,"IPAddress":"172.17.0.3","IPPrefixLen":16,"IPv6Gateway":"","MacAddress":"02:42:ac:11:00:03","Networks":{"bridge":{"IPAMConfig":null,"Links":null,"Aliases":null,"NetworkID":"eba6fdf7ebe51912c859fc2dc83d1407a50db03ea3c296d90f885e8af84b6e93","EndpointID":"692f30c6e93a1486104b6273bdc38b1f926e45528d0b3ff49b5fe2d91ed6b329","Gateway":"172.17.0.1","IPAddress":"172.17.0.3","IPPrefixLen":16,"IPv6Gateway":"","GlobalIPv6Address":"","GlobalIPv6PrefixLen":0,"MacAddress":"02:42:ac:11:00:03","DriverOpts":null}}}}[\n]"
22:07:06.099 [Test worker] DEBUG com.github.dockerjava.zerodep.shaded.org.apache.hc.client5.http.wire - http-outgoing-2 << "[\r][\n]"
22:07:06.101 [Test worker] DEBUG com.github.dockerjava.zerodep.shaded.org.apache.hc.client5.http.wire - http-outgoing-2 << "0[\r][\n]"
22:07:06.101 [Test worker] DEBUG com.github.dockerjava.zerodep.shaded.org.apache.hc.client5.http.wire - http-outgoing-2 << "[\r][\n]"
22:07:06.101 [Test worker] DEBUG com.github.dockerjava.zerodep.shaded.org.apache.hc.client5.http.impl.classic.InternalHttpClient - ep-00000019: releasing valid endpoint
22:07:06.101 [Test worker] DEBUG com.github.dockerjava.zerodep.shaded.org.apache.hc.client5.http.impl.io.PoolingHttpClientConnectionManager - ep-00000019: releasing endpoint
22:07:06.101 [Test worker] DEBUG com.github.dockerjava.zerodep.shaded.org.apache.hc.client5.http.impl.io.PoolingHttpClientConnectionManager - ep-00000019: connection http-outgoing-2 can be kept alive for 3 MINUTES
22:07:06.101 [Test worker] DEBUG com.github.dockerjava.zerodep.shaded.org.apache.hc.client5.http.impl.io.PoolingHttpClientConnectionManager - ep-00000019: connection released [route: {}->unix://localhost:2375][total available: 1; route allocated: 1 of 2147483647; total allocated: 1 of 2147483647]
22:07:06.101 [Test worker] DEBUG ]]>&#x1f433;<![CDATA[ [mysql:latest] - Trying to create JDBC connection using com.mysql.cj.jdbc.Driver to jdbc:mysql://localhost:50897/adm_videos?useSSL=false&allowPublicKeyRetrieval=true with properties: {password=123456, user=root}
22:07:06.206 [Test worker] DEBUG org.testcontainers.shaded.com.github.dockerjava.core.command.AbstrDockerCmd - Cmd: 511b2d736fd4c4da08b79110fd21fdaa756368e4971eb130f8114450b3efc085,false
22:07:06.206 [Test worker] DEBUG org.testcontainers.shaded.com.github.dockerjava.core.exec.InspectContainerCmdExec - GET: DefaultWebTarget{path=[/containers/511b2d736fd4c4da08b79110fd21fdaa756368e4971eb130f8114450b3efc085/json], queryParams={}}
22:07:06.207 [Test worker] DEBUG com.github.dockerjava.zerodep.shaded.org.apache.hc.client5.http.impl.classic.InternalHttpClient - ex-0000001B: preparing request execution
22:07:06.207 [Test worker] DEBUG com.github.dockerjava.zerodep.shaded.org.apache.hc.client5.http.protocol.RequestAddCookies - Cookie spec selected: strict
22:07:06.207 [Test worker] DEBUG com.github.dockerjava.zerodep.shaded.org.apache.hc.client5.http.protocol.RequestAuthCache - Auth cache not set in the context
22:07:06.207 [Test worker] DEBUG com.github.dockerjava.zerodep.shaded.org.apache.hc.client5.http.impl.classic.ProtocolExec - ex-0000001B: target auth state: UNCHALLENGED
22:07:06.207 [Test worker] DEBUG com.github.dockerjava.zerodep.shaded.org.apache.hc.client5.http.impl.classic.ProtocolExec - ex-0000001B: proxy auth state: UNCHALLENGED
22:07:06.207 [Test worker] DEBUG com.github.dockerjava.zerodep.shaded.org.apache.hc.client5.http.impl.classic.ConnectExec - ex-0000001B: acquiring connection with route {}->unix://localhost:2375
22:07:06.207 [Test worker] DEBUG com.github.dockerjava.zerodep.shaded.org.apache.hc.client5.http.impl.classic.InternalHttpClient - ex-0000001B: acquiring endpoint (3 MINUTES)
22:07:06.207 [Test worker] DEBUG com.github.dockerjava.zerodep.shaded.org.apache.hc.client5.http.impl.io.PoolingHttpClientConnectionManager - ex-0000001B: endpoint lease request (3 MINUTES) [route: {}->unix://localhost:2375][total available: 1; route allocated: 1 of 2147483647; total allocated: 1 of 2147483647]
22:07:06.207 [Test worker] DEBUG com.github.dockerjava.zerodep.shaded.org.apache.hc.client5.http.impl.io.PoolingHttpClientConnectionManager - ex-0000001B: endpoint leased [route: {}->unix://localhost:2375][total available: 0; route allocated: 1 of 2147483647; total allocated: 1 of 2147483647]
22:07:06.207 [Test worker] DEBUG com.github.dockerjava.zerodep.shaded.org.apache.hc.client5.http.impl.io.PoolingHttpClientConnectionManager - ex-0000001B: acquired ep-0000001A
22:07:06.207 [Test worker] DEBUG com.github.dockerjava.zerodep.shaded.org.apache.hc.client5.http.impl.classic.InternalHttpClient - ex-0000001B: acquired endpoint ep-0000001A
22:07:06.207 [Test worker] DEBUG com.github.dockerjava.zerodep.shaded.org.apache.hc.client5.http.impl.classic.MainClientExec - ex-0000001B: executing GET /v1.32/containers/511b2d736fd4c4da08b79110fd21fdaa756368e4971eb130f8114450b3efc085/json HTTP/1.1
22:07:06.207 [Test worker] DEBUG com.github.dockerjava.zerodep.shaded.org.apache.hc.client5.http.impl.classic.InternalHttpClient - ep-0000001A: start execution ex-0000001B
22:07:06.207 [Test worker] DEBUG com.github.dockerjava.zerodep.shaded.org.apache.hc.client5.http.impl.io.PoolingHttpClientConnectionManager - ep-0000001A: executing exchange ex-0000001B over http-outgoing-2
22:07:06.207 [Test worker] DEBUG com.github.dockerjava.zerodep.shaded.org.apache.hc.client5.http.headers - http-outgoing-2 >> GET /v1.32/containers/511b2d736fd4c4da08b79110fd21fdaa756368e4971eb130f8114450b3efc085/json HTTP/1.1
22:07:06.207 [Test worker] DEBUG com.github.dockerjava.zerodep.shaded.org.apache.hc.client5.http.headers - http-outgoing-2 >> accept: application/json
22:07:06.207 [Test worker] DEBUG com.github.dockerjava.zerodep.shaded.org.apache.hc.client5.http.headers - http-outgoing-2 >> x-tc-sid: c721e8e0-dbbd-4305-a748-6be2465f786d
22:07:06.207 [Test worker] DEBUG com.github.dockerjava.zerodep.shaded.org.apache.hc.client5.http.headers - http-outgoing-2 >> Accept-Encoding: gzip, x-gzip, deflate
22:07:06.207 [Test worker] DEBUG com.github.dockerjava.zerodep.shaded.org.apache.hc.client5.http.headers - http-outgoing-2 >> Host: localhost:2375
22:07:06.207 [Test worker] DEBUG com.github.dockerjava.zerodep.shaded.org.apache.hc.client5.http.headers - http-outgoing-2 >> Connection: keep-alive
22:07:06.207 [Test worker] DEBUG com.github.dockerjava.zerodep.shaded.org.apache.hc.client5.http.headers - http-outgoing-2 >> User-Agent: Apache-HttpClient/5.0.3 (Java/17.0.2)
22:07:06.207 [Test worker] DEBUG com.github.dockerjava.zerodep.shaded.org.apache.hc.client5.http.wire - http-outgoing-2 >> "GET /v1.32/containers/511b2d736fd4c4da08b79110fd21fdaa756368e4971eb130f8114450b3efc085/json HTTP/1.1[\r][\n]"
22:07:06.207 [Test worker] DEBUG com.github.dockerjava.zerodep.shaded.org.apache.hc.client5.http.wire - http-outgoing-2 >> "accept: application/json[\r][\n]"
22:07:06.207 [Test worker] DEBUG com.github.dockerjava.zerodep.shaded.org.apache.hc.client5.http.wire - http-outgoing-2 >> "x-tc-sid: c721e8e0-dbbd-4305-a748-6be2465f786d[\r][\n]"
22:07:06.207 [Test worker] DEBUG com.github.dockerjava.zerodep.shaded.org.apache.hc.client5.http.wire - http-outgoing-2 >> "Accept-Encoding: gzip, x-gzip, deflate[\r][\n]"
22:07:06.207 [Test worker] DEBUG com.github.dockerjava.zerodep.shaded.org.apache.hc.client5.http.wire - http-outgoing-2 >> "Host: localhost:2375[\r][\n]"
22:07:06.207 [Test worker] DEBUG com.github.dockerjava.zerodep.shaded.org.apache.hc.client5.http.wire - http-outgoing-2 >> "Connection: keep-alive[\r][\n]"
22:07:06.207 [Test worker] DEBUG com.github.dockerjava.zerodep.shaded.org.apache.hc.client5.http.wire - http-outgoing-2 >> "User-Agent: Apache-HttpClient/5.0.3 (Java/17.0.2)[\r][\n]"
22:07:06.207 [Test worker] DEBUG com.github.dockerjava.zerodep.shaded.org.apache.hc.client5.http.wire - http-outgoing-2 >> "[\r][\n]"
22:07:06.210 [Test worker] DEBUG com.github.dockerjava.zerodep.shaded.org.apache.hc.client5.http.wire - http-outgoing-2 << "HTTP/1.1 200 OK[\r][\n]"
22:07:06.210 [Test worker] DEBUG com.github.dockerjava.zerodep.shaded.org.apache.hc.client5.http.wire - http-outgoing-2 << "Api-Version: 1.41[\r][\n]"
22:07:06.210 [Test worker] DEBUG com.github.dockerjava.zerodep.shaded.org.apache.hc.client5.http.wire - http-outgoing-2 << "Content-Type: application/json[\r][\n]"
22:07:06.210 [Test worker] DEBUG com.github.dockerjava.zerodep.shaded.org.apache.hc.client5.http.wire - http-outgoing-2 << "Date: Mon, 03 Apr 2023 01:07:06 GMT[\r][\n]"
22:07:06.210 [Test worker] DEBUG com.github.dockerjava.zerodep.shaded.org.apache.hc.client5.http.wire - http-outgoing-2 << "Docker-Experimental: false[\r][\n]"
22:07:06.210 [Test worker] DEBUG com.github.dockerjava.zerodep.shaded.org.apache.hc.client5.http.wire - http-outgoing-2 << "Ostype: linux[\r][\n]"
22:07:06.210 [Test worker] DEBUG com.github.dockerjava.zerodep.shaded.org.apache.hc.client5.http.wire - http-outgoing-2 << "Server: Docker/20.10.21 (linux)[\r][\n]"
22:07:06.210 [Test worker] DEBUG com.github.dockerjava.zerodep.shaded.org.apache.hc.client5.http.wire - http-outgoing-2 << "Transfer-Encoding: chunked[\r][\n]"
22:07:06.210 [Test worker] DEBUG com.github.dockerjava.zerodep.shaded.org.apache.hc.client5.http.wire - http-outgoing-2 << "[\r][\n]"
22:07:06.210 [Test worker] DEBUG com.github.dockerjava.zerodep.shaded.org.apache.hc.client5.http.headers - http-outgoing-2 << HTTP/1.1 200 OK
22:07:06.210 [Test worker] DEBUG com.github.dockerjava.zerodep.shaded.org.apache.hc.client5.http.headers - http-outgoing-2 << Api-Version: 1.41
22:07:06.210 [Test worker] DEBUG com.github.dockerjava.zerodep.shaded.org.apache.hc.client5.http.headers - http-outgoing-2 << Content-Type: application/json
22:07:06.210 [Test worker] DEBUG com.github.dockerjava.zerodep.shaded.org.apache.hc.client5.http.headers - http-outgoing-2 << Date: Mon, 03 Apr 2023 01:07:06 GMT
22:07:06.210 [Test worker] DEBUG com.github.dockerjava.zerodep.shaded.org.apache.hc.client5.http.headers - http-outgoing-2 << Docker-Experimental: false
22:07:06.210 [Test worker] DEBUG com.github.dockerjava.zerodep.shaded.org.apache.hc.client5.http.headers - http-outgoing-2 << Ostype: linux
22:07:06.210 [Test worker] DEBUG com.github.dockerjava.zerodep.shaded.org.apache.hc.client5.http.headers - http-outgoing-2 << Server: Docker/20.10.21 (linux)
22:07:06.210 [Test worker] DEBUG com.github.dockerjava.zerodep.shaded.org.apache.hc.client5.http.headers - http-outgoing-2 << Transfer-Encoding: chunked
22:07:06.210 [Test worker] DEBUG com.github.dockerjava.zerodep.shaded.org.apache.hc.client5.http.impl.classic.MainClientExec - ex-0000001B: connection can be kept alive for 3 MINUTES
22:07:06.211 [Test worker] DEBUG com.github.dockerjava.zerodep.shaded.org.apache.hc.client5.http.wire - http-outgoing-2 << "18c0[\r][\n]"
22:07:06.211 [Test worker] DEBUG com.github.dockerjava.zerodep.shaded.org.apache.hc.client5.http.wire - http-outgoing-2 << "{"Id":"511b2d736fd4c4da08b79110fd21fdaa756368e4971eb130f8114450b3efc085","Created":"2023-04-03T01:07:04.201309337Z","Path":"docker-entrypoint.sh","Args":["mysqld"],"State":{"Status":"running","Running":true,"Paused":false,"Restarting":false,"OOMKilled":false,"Dead":false,"Pid":2724,"ExitCode":0,"Error":"","StartedAt":"2023-04-03T01:07:04.498400921Z","FinishedAt":"0001-01-01T00:00:00Z"},"Image":"sha256:c7c54c29e20dccc1aefb936c8eba8bb8b98b87a4921102aba87fde2df5810af9","ResolvConfPath":"/var/lib/docker/containers/511b2d736fd4c4da08b79110fd21fdaa756368e4971eb130f8114450b3efc085/resolv.conf","HostnamePath":"/var/lib/docker/containers/511b2d736fd4c4da08b79110fd21fdaa756368e4971eb130f8114450b3efc085/hostname","HostsPath":"/var/lib/docker/containers/511b2d736fd4c4da08b79110fd21fdaa756368e4971eb130f8114450b3efc085/hosts","LogPath":"/var/lib/docker/containers/511b2d736fd4c4da08b79110fd21fdaa756368e4971eb130f8114450b3efc085/511b2d736fd4c4da08b79110fd21fdaa756368e4971eb130f8114450b3efc085-json.log","Name":"/elastic_easley","RestartCount":0,"Driver":"overlay2","Platform":"linux","MountLabel":"","ProcessLabel":"","AppArmorProfile":"","ExecIDs":null,"HostConfig":{"Binds":[],"ContainerIDFile":"","LogConfig":{"Type":"json-file","Config":{}},"NetworkMode":"default","PortBindings":{"3306/tcp":[{"HostIp":"0.0.0.0","HostPort":"0"}]},"RestartPolicy":{"Name":"","MaximumRetryCount":0},"AutoRemove":false,"VolumeDriver":"","VolumesFrom":[],"CapAdd":null,"CapDrop":null,"CgroupnsMode":"private","Dns":null,"DnsOptions":null,"DnsSearch":null,"ExtraHosts":[],"GroupAdd":null,"IpcMode":"shareable","Cgroup":"","Links":null,"OomScoreAdj":0,"PidMode":"","Privileged":false,"PublishAllPorts":false,"ReadonlyRootfs":false,"SecurityOpt":null,"UTSMode":"","UsernsMode":"","ShmSize":67108864,"Runtime":"runc","ConsoleSize":[0,0],"Isolation":"","CpuShares":0,"Memory":0,"NanoCpus":0,"CgroupParent":"","BlkioWeight":0,"BlkioWeightDevice":null,"BlkioDeviceReadBps":null,"BlkioDeviceWriteBps":null,"BlkioDeviceReadIOps":null,"BlkioDeviceWriteIOps":null,"CpuPeriod":0,"CpuQuota":0,"CpuRealtimePeriod":0,"CpuRealtimeRuntime":0,"CpusetCpus":"","CpusetMems":"","Devices":null,"DeviceCgroupRules":null,"DeviceRequests":null,"KernelMemory":0,"KernelMemoryTCP":0,"MemoryReservation":0,"MemorySwap":0,"MemorySwappiness":null,"OomKillDisable":null,"PidsLimit":null,"Ulimits":null,"CpuCount":0,"CpuPercent":0,"IOMaximumIOps":0,"IOMaximumBandwidth":0,"MaskedPaths":["/proc/asound","/proc/acpi","/proc/kcore","/proc/keys","/proc/latency_stats","/proc/timer_list","/proc/timer_stats","/proc/sched_debug","/proc/scsi","/sys/firmware"],"ReadonlyPaths":["/proc/bus","/proc/fs","/proc/irq","/proc/sys","/proc/sysrq-trigger"]},"GraphDriver":{"Data":{"LowerDir":"/var/lib/docker/overlay2/5ada145d0e3939fe5ed2118eea99b9f10241aeee200293145c73dce66470a568-init/diff:/var/lib/docker/overlay2/1bd8849d7a296305617011f940aa5cfabbe972a513397b1b6bbc27639b6c1f30/diff:/var/lib/docker/overlay2/199d69b2fbf78af4d4c95dec4fd2f8835ab0347eb49fb20ebb2ff3b99fedd6ad/diff:/var/lib/docker/overlay2/d83c38d654989311f75b9491329846033bfb7714de76ef635380dcfad5c740d9/diff:/var/lib/docker/overlay2/08600d0aea2ab2728bebcf5d2589c640a842f53d1ba3c4a4adccb4d03b923cf6/diff:/var/lib/docker/overlay2/9ec7c63a3fb14d13ac788bbf5e282ca821edc41260b79944e5e631037d13ecda/diff:/var/lib/docker/overlay2/db601d7a1b4ea6da638db620462f0da96fa55c559d02269c9ddb09027936ed87/diff:/var/lib/docker/overlay2/a6d2bd03f942e2565f21e74cfe152c7ec836a1c2b583f0790c685b92bdcfda24/diff:/var/lib/docker/overlay2/9badd16ea2c5e2bf1fde8b579683e41137dfc46ed5449234149f199a6751cc84/diff:/var/lib/docker/overlay2/6efb85646ed12e2d1181ef4cc6f6f6732c00c15a4035fe17ebc4f075ca573c30/diff:/var/lib/docker/overlay2/895d7c0ec09144d6ed33936f4e98e11c18010f7abd708cae1ce43aec7a7f2621/diff:/var/lib/docker/overlay2/1c4ba77aa573ab6e5e5069fd15eae71b3da940bde0f97a922a227ffc8a1d1096/diff","MergedDir":"/var/lib/docker/overlay2/5ada145d0e3939fe5ed2118eea99b9f10241aeee200293145c73dce66470a568/merged","UpperDir":"/var/lib/docker/overlay2/5ada145d0e3939fe5ed2118eea99b9f10241aeee200293145c73dce66470a568/diff","WorkDir":"/var/lib/docker/overlay2/5ada145d0e3939fe5ed2118eea99b9f10241aeee200293145c73dce66470a568/work"},"Name":"overlay2"},"Mounts":[{"Type":"volume","Name":"ac6dcf572a35a68e3a3a5bdf3d1899d89919b8e0b6d7a1beb9c6b19978c4e863","Source":"/var/lib/docker/volumes/ac6dcf572a35a68e3a3a5bdf3d1899d89919b8e0b6d7a1beb9c6b19978c4e863/_data","Destination":"/var/lib/mysql","Driver":"local","Mode":"","RW":true,"Propagation":""}],"Config":{"Hostname":"511b2d736fd4","Domainname":"","User":"","AttachStdin":false,"AttachStdout":false,"AttachStderr":false,"ExposedPorts":{"3306/tcp":{},"33060/tcp":{}},"Tty":false,"OpenStdin":false,"StdinOnce":false,"Env":["MYSQL_DATABASE=adm_videos","MYSQL_PASSWORD=123456","MYSQL_ROOT_PASSWORD=123456","PATH=/usr/local/sbin:/usr/local/bin:/usr/sbin:/usr/bin:/sbin:/bin","GOSU_VERSION=1.16","MYSQL_MAJOR=8.0","MYSQL_VERSION=8.0.32-1.el8","MYSQL_SHELL_VERSION=8.0.32-1.el8"],"Cmd":["mysqld"],"Image":"mysql:latest","Volumes":{"/var/lib/mysql":{}},"WorkingDir":"","Entrypoint":["docker-entrypoint.sh"],"OnBuild":null,"Labels":{"org.testcontainers":"true","org.testcontainers.lang":"java","org.testcontainers.sessionId":"c721e8e0-dbbd-4305-a748-6be2465f786d","org.testcontainers.version":"1.17.6"}},"NetworkSettings":{"Bridge":"","SandboxID":"23a51dba07b22c8536581cd39611755923749e16a93a45ce75c5c8a4a7759981","HairpinMode":false,"LinkLocalIPv6Address":"","LinkLocalIPv6PrefixLen":0,"Ports":{"3306/tcp":[{"HostIp":"0.0.0.0","HostPort":"50897"}],"33060/tcp":null},"SandboxKey":"/var/run/docker/netns/23a51dba07b2","SecondaryIPAddresses":null,"SecondaryIPv6Addresses":null,"EndpointID":"692f30c6e93a1486104b6273bdc38b1f926e45528d0b3ff49b5fe2d91ed6b329","Gateway":"172.17.0.1","GlobalIPv6Address":"","GlobalIPv6PrefixLen":0,"IPAddress":"172.17.0.3","IPPrefixLen":16,"IPv6Gateway":"","MacAddress":"02:42:ac:11:00:03","Networks":{"bridge":{"IPAMConfig":null,"Links":null,"Aliases":null,"NetworkID":"eba6fdf7ebe51912c859fc2dc83d1407a50db03ea3c296d90f885e8af84b6e93","EndpointID":"692f30c6e93a1486104b6273bdc38b1f926e45528d0b3ff49b5fe2d91ed6b329","Gateway":"172.17.0.1","IPAddress":"172.17.0.3","IPPrefixLen":16,"IPv6Gateway":"","GlobalIPv6Address":"","GlobalIPv6PrefixLen":0,"MacAddress":"02:42:ac:11:00:03","DriverOpts":null}}}}[\n]"
22:07:06.211 [Test worker] DEBUG com.github.dockerjava.zerodep.shaded.org.apache.hc.client5.http.wire - http-outgoing-2 << "[\r][\n]"
22:07:06.212 [Test worker] DEBUG com.github.dockerjava.zerodep.shaded.org.apache.hc.client5.http.wire - http-outgoing-2 << "0[\r][\n]"
22:07:06.212 [Test worker] DEBUG com.github.dockerjava.zerodep.shaded.org.apache.hc.client5.http.wire - http-outgoing-2 << "[\r][\n]"
22:07:06.212 [Test worker] DEBUG com.github.dockerjava.zerodep.shaded.org.apache.hc.client5.http.impl.classic.InternalHttpClient - ep-0000001A: releasing valid endpoint
22:07:06.212 [Test worker] DEBUG com.github.dockerjava.zerodep.shaded.org.apache.hc.client5.http.impl.io.PoolingHttpClientConnectionManager - ep-0000001A: releasing endpoint
22:07:06.212 [Test worker] DEBUG com.github.dockerjava.zerodep.shaded.org.apache.hc.client5.http.impl.io.PoolingHttpClientConnectionManager - ep-0000001A: connection http-outgoing-2 can be kept alive for 3 MINUTES
22:07:06.212 [Test worker] DEBUG com.github.dockerjava.zerodep.shaded.org.apache.hc.client5.http.impl.io.PoolingHttpClientConnectionManager - ep-0000001A: connection released [route: {}->unix://localhost:2375][total available: 1; route allocated: 1 of 2147483647; total allocated: 1 of 2147483647]
22:07:06.212 [Test worker] DEBUG ]]>&#x1f433;<![CDATA[ [mysql:latest] - Trying to create JDBC connection using com.mysql.cj.jdbc.Driver to jdbc:mysql://localhost:50897/adm_videos?useSSL=false&allowPublicKeyRetrieval=true with properties: {password=123456, user=root}
22:07:06.327 [Test worker] DEBUG org.testcontainers.shaded.com.github.dockerjava.core.command.AbstrDockerCmd - Cmd: 511b2d736fd4c4da08b79110fd21fdaa756368e4971eb130f8114450b3efc085,false
22:07:06.328 [Test worker] DEBUG org.testcontainers.shaded.com.github.dockerjava.core.exec.InspectContainerCmdExec - GET: DefaultWebTarget{path=[/containers/511b2d736fd4c4da08b79110fd21fdaa756368e4971eb130f8114450b3efc085/json], queryParams={}}
22:07:06.328 [Test worker] DEBUG com.github.dockerjava.zerodep.shaded.org.apache.hc.client5.http.impl.classic.InternalHttpClient - ex-0000001C: preparing request execution
22:07:06.328 [Test worker] DEBUG com.github.dockerjava.zerodep.shaded.org.apache.hc.client5.http.protocol.RequestAddCookies - Cookie spec selected: strict
22:07:06.328 [Test worker] DEBUG com.github.dockerjava.zerodep.shaded.org.apache.hc.client5.http.protocol.RequestAuthCache - Auth cache not set in the context
22:07:06.328 [Test worker] DEBUG com.github.dockerjava.zerodep.shaded.org.apache.hc.client5.http.impl.classic.ProtocolExec - ex-0000001C: target auth state: UNCHALLENGED
22:07:06.328 [Test worker] DEBUG com.github.dockerjava.zerodep.shaded.org.apache.hc.client5.http.impl.classic.ProtocolExec - ex-0000001C: proxy auth state: UNCHALLENGED
22:07:06.328 [Test worker] DEBUG com.github.dockerjava.zerodep.shaded.org.apache.hc.client5.http.impl.classic.ConnectExec - ex-0000001C: acquiring connection with route {}->unix://localhost:2375
22:07:06.328 [Test worker] DEBUG com.github.dockerjava.zerodep.shaded.org.apache.hc.client5.http.impl.classic.InternalHttpClient - ex-0000001C: acquiring endpoint (3 MINUTES)
22:07:06.328 [Test worker] DEBUG com.github.dockerjava.zerodep.shaded.org.apache.hc.client5.http.impl.io.PoolingHttpClientConnectionManager - ex-0000001C: endpoint lease request (3 MINUTES) [route: {}->unix://localhost:2375][total available: 1; route allocated: 1 of 2147483647; total allocated: 1 of 2147483647]
22:07:06.329 [Test worker] DEBUG com.github.dockerjava.zerodep.shaded.org.apache.hc.client5.http.impl.io.PoolingHttpClientConnectionManager - ex-0000001C: endpoint leased [route: {}->unix://localhost:2375][total available: 0; route allocated: 1 of 2147483647; total allocated: 1 of 2147483647]
22:07:06.329 [Test worker] DEBUG com.github.dockerjava.zerodep.shaded.org.apache.hc.client5.http.impl.io.PoolingHttpClientConnectionManager - ex-0000001C: acquired ep-0000001B
22:07:06.329 [Test worker] DEBUG com.github.dockerjava.zerodep.shaded.org.apache.hc.client5.http.impl.classic.InternalHttpClient - ex-0000001C: acquired endpoint ep-0000001B
22:07:06.329 [Test worker] DEBUG com.github.dockerjava.zerodep.shaded.org.apache.hc.client5.http.impl.classic.MainClientExec - ex-0000001C: executing GET /v1.32/containers/511b2d736fd4c4da08b79110fd21fdaa756368e4971eb130f8114450b3efc085/json HTTP/1.1
22:07:06.329 [Test worker] DEBUG com.github.dockerjava.zerodep.shaded.org.apache.hc.client5.http.impl.classic.InternalHttpClient - ep-0000001B: start execution ex-0000001C
22:07:06.329 [Test worker] DEBUG com.github.dockerjava.zerodep.shaded.org.apache.hc.client5.http.impl.io.PoolingHttpClientConnectionManager - ep-0000001B: executing exchange ex-0000001C over http-outgoing-2
22:07:06.329 [Test worker] DEBUG com.github.dockerjava.zerodep.shaded.org.apache.hc.client5.http.headers - http-outgoing-2 >> GET /v1.32/containers/511b2d736fd4c4da08b79110fd21fdaa756368e4971eb130f8114450b3efc085/json HTTP/1.1
22:07:06.329 [Test worker] DEBUG com.github.dockerjava.zerodep.shaded.org.apache.hc.client5.http.headers - http-outgoing-2 >> accept: application/json
22:07:06.329 [Test worker] DEBUG com.github.dockerjava.zerodep.shaded.org.apache.hc.client5.http.headers - http-outgoing-2 >> x-tc-sid: c721e8e0-dbbd-4305-a748-6be2465f786d
22:07:06.329 [Test worker] DEBUG com.github.dockerjava.zerodep.shaded.org.apache.hc.client5.http.headers - http-outgoing-2 >> Accept-Encoding: gzip, x-gzip, deflate
22:07:06.329 [Test worker] DEBUG com.github.dockerjava.zerodep.shaded.org.apache.hc.client5.http.headers - http-outgoing-2 >> Host: localhost:2375
22:07:06.329 [Test worker] DEBUG com.github.dockerjava.zerodep.shaded.org.apache.hc.client5.http.headers - http-outgoing-2 >> Connection: keep-alive
22:07:06.329 [Test worker] DEBUG com.github.dockerjava.zerodep.shaded.org.apache.hc.client5.http.headers - http-outgoing-2 >> User-Agent: Apache-HttpClient/5.0.3 (Java/17.0.2)
22:07:06.329 [Test worker] DEBUG com.github.dockerjava.zerodep.shaded.org.apache.hc.client5.http.wire - http-outgoing-2 >> "GET /v1.32/containers/511b2d736fd4c4da08b79110fd21fdaa756368e4971eb130f8114450b3efc085/json HTTP/1.1[\r][\n]"
22:07:06.329 [Test worker] DEBUG com.github.dockerjava.zerodep.shaded.org.apache.hc.client5.http.wire - http-outgoing-2 >> "accept: application/json[\r][\n]"
22:07:06.329 [Test worker] DEBUG com.github.dockerjava.zerodep.shaded.org.apache.hc.client5.http.wire - http-outgoing-2 >> "x-tc-sid: c721e8e0-dbbd-4305-a748-6be2465f786d[\r][\n]"
22:07:06.329 [Test worker] DEBUG com.github.dockerjava.zerodep.shaded.org.apache.hc.client5.http.wire - http-outgoing-2 >> "Accept-Encoding: gzip, x-gzip, deflate[\r][\n]"
22:07:06.329 [Test worker] DEBUG com.github.dockerjava.zerodep.shaded.org.apache.hc.client5.http.wire - http-outgoing-2 >> "Host: localhost:2375[\r][\n]"
22:07:06.329 [Test worker] DEBUG com.github.dockerjava.zerodep.shaded.org.apache.hc.client5.http.wire - http-outgoing-2 >> "Connection: keep-alive[\r][\n]"
22:07:06.329 [Test worker] DEBUG com.github.dockerjava.zerodep.shaded.org.apache.hc.client5.http.wire - http-outgoing-2 >> "User-Agent: Apache-HttpClient/5.0.3 (Java/17.0.2)[\r][\n]"
22:07:06.329 [Test worker] DEBUG com.github.dockerjava.zerodep.shaded.org.apache.hc.client5.http.wire - http-outgoing-2 >> "[\r][\n]"
22:07:06.330 [Test worker] DEBUG com.github.dockerjava.zerodep.shaded.org.apache.hc.client5.http.wire - http-outgoing-2 << "HTTP/1.1 200 OK[\r][\n]"
22:07:06.330 [Test worker] DEBUG com.github.dockerjava.zerodep.shaded.org.apache.hc.client5.http.wire - http-outgoing-2 << "Api-Version: 1.41[\r][\n]"
22:07:06.330 [Test worker] DEBUG com.github.dockerjava.zerodep.shaded.org.apache.hc.client5.http.wire - http-outgoing-2 << "Content-Type: application/json[\r][\n]"
22:07:06.330 [Test worker] DEBUG com.github.dockerjava.zerodep.shaded.org.apache.hc.client5.http.wire - http-outgoing-2 << "Date: Mon, 03 Apr 2023 01:07:06 GMT[\r][\n]"
22:07:06.330 [Test worker] DEBUG com.github.dockerjava.zerodep.shaded.org.apache.hc.client5.http.wire - http-outgoing-2 << "Docker-Experimental: false[\r][\n]"
22:07:06.330 [Test worker] DEBUG com.github.dockerjava.zerodep.shaded.org.apache.hc.client5.http.wire - http-outgoing-2 << "Ostype: linux[\r][\n]"
22:07:06.330 [Test worker] DEBUG com.github.dockerjava.zerodep.shaded.org.apache.hc.client5.http.wire - http-outgoing-2 << "Server: Docker/20.10.21 (linux)[\r][\n]"
22:07:06.330 [Test worker] DEBUG com.github.dockerjava.zerodep.shaded.org.apache.hc.client5.http.wire - http-outgoing-2 << "Transfer-Encoding: chunked[\r][\n]"
22:07:06.330 [Test worker] DEBUG com.github.dockerjava.zerodep.shaded.org.apache.hc.client5.http.wire - http-outgoing-2 << "[\r][\n]"
22:07:06.331 [Test worker] DEBUG com.github.dockerjava.zerodep.shaded.org.apache.hc.client5.http.headers - http-outgoing-2 << HTTP/1.1 200 OK
22:07:06.331 [Test worker] DEBUG com.github.dockerjava.zerodep.shaded.org.apache.hc.client5.http.headers - http-outgoing-2 << Api-Version: 1.41
22:07:06.331 [Test worker] DEBUG com.github.dockerjava.zerodep.shaded.org.apache.hc.client5.http.headers - http-outgoing-2 << Content-Type: application/json
22:07:06.331 [Test worker] DEBUG com.github.dockerjava.zerodep.shaded.org.apache.hc.client5.http.headers - http-outgoing-2 << Date: Mon, 03 Apr 2023 01:07:06 GMT
22:07:06.331 [Test worker] DEBUG com.github.dockerjava.zerodep.shaded.org.apache.hc.client5.http.headers - http-outgoing-2 << Docker-Experimental: false
22:07:06.331 [Test worker] DEBUG com.github.dockerjava.zerodep.shaded.org.apache.hc.client5.http.headers - http-outgoing-2 << Ostype: linux
22:07:06.331 [Test worker] DEBUG com.github.dockerjava.zerodep.shaded.org.apache.hc.client5.http.headers - http-outgoing-2 << Server: Docker/20.10.21 (linux)
22:07:06.331 [Test worker] DEBUG com.github.dockerjava.zerodep.shaded.org.apache.hc.client5.http.headers - http-outgoing-2 << Transfer-Encoding: chunked
22:07:06.331 [Test worker] DEBUG com.github.dockerjava.zerodep.shaded.org.apache.hc.client5.http.impl.classic.MainClientExec - ex-0000001C: connection can be kept alive for 3 MINUTES
22:07:06.331 [Test worker] DEBUG com.github.dockerjava.zerodep.shaded.org.apache.hc.client5.http.wire - http-outgoing-2 << "18c0[\r][\n]"
22:07:06.331 [Test worker] DEBUG com.github.dockerjava.zerodep.shaded.org.apache.hc.client5.http.wire - http-outgoing-2 << "{"Id":"511b2d736fd4c4da08b79110fd21fdaa756368e4971eb130f8114450b3efc085","Created":"2023-04-03T01:07:04.201309337Z","Path":"docker-entrypoint.sh","Args":["mysqld"],"State":{"Status":"running","Running":true,"Paused":false,"Restarting":false,"OOMKilled":false,"Dead":false,"Pid":2724,"ExitCode":0,"Error":"","StartedAt":"2023-04-03T01:07:04.498400921Z","FinishedAt":"0001-01-01T00:00:00Z"},"Image":"sha256:c7c54c29e20dccc1aefb936c8eba8bb8b98b87a4921102aba87fde2df5810af9","ResolvConfPath":"/var/lib/docker/containers/511b2d736fd4c4da08b79110fd21fdaa756368e4971eb130f8114450b3efc085/resolv.conf","HostnamePath":"/var/lib/docker/containers/511b2d736fd4c4da08b79110fd21fdaa756368e4971eb130f8114450b3efc085/hostname","HostsPath":"/var/lib/docker/containers/511b2d736fd4c4da08b79110fd21fdaa756368e4971eb130f8114450b3efc085/hosts","LogPath":"/var/lib/docker/containers/511b2d736fd4c4da08b79110fd21fdaa756368e4971eb130f8114450b3efc085/511b2d736fd4c4da08b79110fd21fdaa756368e4971eb130f8114450b3efc085-json.log","Name":"/elastic_easley","RestartCount":0,"Driver":"overlay2","Platform":"linux","MountLabel":"","ProcessLabel":"","AppArmorProfile":"","ExecIDs":null,"HostConfig":{"Binds":[],"ContainerIDFile":"","LogConfig":{"Type":"json-file","Config":{}},"NetworkMode":"default","PortBindings":{"3306/tcp":[{"HostIp":"0.0.0.0","HostPort":"0"}]},"RestartPolicy":{"Name":"","MaximumRetryCount":0},"AutoRemove":false,"VolumeDriver":"","VolumesFrom":[],"CapAdd":null,"CapDrop":null,"CgroupnsMode":"private","Dns":null,"DnsOptions":null,"DnsSearch":null,"ExtraHosts":[],"GroupAdd":null,"IpcMode":"shareable","Cgroup":"","Links":null,"OomScoreAdj":0,"PidMode":"","Privileged":false,"PublishAllPorts":false,"ReadonlyRootfs":false,"SecurityOpt":null,"UTSMode":"","UsernsMode":"","ShmSize":67108864,"Runtime":"runc","ConsoleSize":[0,0],"Isolation":"","CpuShares":0,"Memory":0,"NanoCpus":0,"CgroupParent":"","BlkioWeight":0,"BlkioWeightDevice":null,"BlkioDeviceReadBps":null,"BlkioDeviceWriteBps":null,"BlkioDeviceReadIOps":null,"BlkioDeviceWriteIOps":null,"CpuPeriod":0,"CpuQuota":0,"CpuRealtimePeriod":0,"CpuRealtimeRuntime":0,"CpusetCpus":"","CpusetMems":"","Devices":null,"DeviceCgroupRules":null,"DeviceRequests":null,"KernelMemory":0,"KernelMemoryTCP":0,"MemoryReservation":0,"MemorySwap":0,"MemorySwappiness":null,"OomKillDisable":null,"PidsLimit":null,"Ulimits":null,"CpuCount":0,"CpuPercent":0,"IOMaximumIOps":0,"IOMaximumBandwidth":0,"MaskedPaths":["/proc/asound","/proc/acpi","/proc/kcore","/proc/keys","/proc/latency_stats","/proc/timer_list","/proc/timer_stats","/proc/sched_debug","/proc/scsi","/sys/firmware"],"ReadonlyPaths":["/proc/bus","/proc/fs","/proc/irq","/proc/sys","/proc/sysrq-trigger"]},"GraphDriver":{"Data":{"LowerDir":"/var/lib/docker/overlay2/5ada145d0e3939fe5ed2118eea99b9f10241aeee200293145c73dce66470a568-init/diff:/var/lib/docker/overlay2/1bd8849d7a296305617011f940aa5cfabbe972a513397b1b6bbc27639b6c1f30/diff:/var/lib/docker/overlay2/199d69b2fbf78af4d4c95dec4fd2f8835ab0347eb49fb20ebb2ff3b99fedd6ad/diff:/var/lib/docker/overlay2/d83c38d654989311f75b9491329846033bfb7714de76ef635380dcfad5c740d9/diff:/var/lib/docker/overlay2/08600d0aea2ab2728bebcf5d2589c640a842f53d1ba3c4a4adccb4d03b923cf6/diff:/var/lib/docker/overlay2/9ec7c63a3fb14d13ac788bbf5e282ca821edc41260b79944e5e631037d13ecda/diff:/var/lib/docker/overlay2/db601d7a1b4ea6da638db620462f0da96fa55c559d02269c9ddb09027936ed87/diff:/var/lib/docker/overlay2/a6d2bd03f942e2565f21e74cfe152c7ec836a1c2b583f0790c685b92bdcfda24/diff:/var/lib/docker/overlay2/9badd16ea2c5e2bf1fde8b579683e41137dfc46ed5449234149f199a6751cc84/diff:/var/lib/docker/overlay2/6efb85646ed12e2d1181ef4cc6f6f6732c00c15a4035fe17ebc4f075ca573c30/diff:/var/lib/docker/overlay2/895d7c0ec09144d6ed33936f4e98e11c18010f7abd708cae1ce43aec7a7f2621/diff:/var/lib/docker/overlay2/1c4ba77aa573ab6e5e5069fd15eae71b3da940bde0f97a922a227ffc8a1d1096/diff","MergedDir":"/var/lib/docker/overlay2/5ada145d0e3939fe5ed2118eea99b9f10241aeee200293145c73dce66470a568/merged","UpperDir":"/var/lib/docker/overlay2/5ada145d0e3939fe5ed2118eea99b9f10241aeee200293145c73dce66470a568/diff","WorkDir":"/var/lib/docker/overlay2/5ada145d0e3939fe5ed2118eea99b9f10241aeee200293145c73dce66470a568/work"},"Name":"overlay2"},"Mounts":[{"Type":"volume","Name":"ac6dcf572a35a68e3a3a5bdf3d1899d89919b8e0b6d7a1beb9c6b19978c4e863","Source":"/var/lib/docker/volumes/ac6dcf572a35a68e3a3a5bdf3d1899d89919b8e0b6d7a1beb9c6b19978c4e863/_data","Destination":"/var/lib/mysql","Driver":"local","Mode":"","RW":true,"Propagation":""}],"Config":{"Hostname":"511b2d736fd4","Domainname":"","User":"","AttachStdin":false,"AttachStdout":false,"AttachStderr":false,"ExposedPorts":{"3306/tcp":{},"33060/tcp":{}},"Tty":false,"OpenStdin":false,"StdinOnce":false,"Env":["MYSQL_DATABASE=adm_videos","MYSQL_PASSWORD=123456","MYSQL_ROOT_PASSWORD=123456","PATH=/usr/local/sbin:/usr/local/bin:/usr/sbin:/usr/bin:/sbin:/bin","GOSU_VERSION=1.16","MYSQL_MAJOR=8.0","MYSQL_VERSION=8.0.32-1.el8","MYSQL_SHELL_VERSION=8.0.32-1.el8"],"Cmd":["mysqld"],"Image":"mysql:latest","Volumes":{"/var/lib/mysql":{}},"WorkingDir":"","Entrypoint":["docker-entrypoint.sh"],"OnBuild":null,"Labels":{"org.testcontainers":"true","org.testcontainers.lang":"java","org.testcontainers.sessionId":"c721e8e0-dbbd-4305-a748-6be2465f786d","org.testcontainers.version":"1.17.6"}},"NetworkSettings":{"Bridge":"","SandboxID":"23a51dba07b22c8536581cd39611755923749e16a93a45ce75c5c8a4a7759981","HairpinMode":false,"LinkLocalIPv6Address":"","LinkLocalIPv6PrefixLen":0,"Ports":{"3306/tcp":[{"HostIp":"0.0.0.0","HostPort":"50897"}],"33060/tcp":null},"SandboxKey":"/var/run/docker/netns/23a51dba07b2","SecondaryIPAddresses":null,"SecondaryIPv6Addresses":null,"EndpointID":"692f30c6e93a1486104b6273bdc38b1f926e45528d0b3ff49b5fe2d91ed6b329","Gateway":"172.17.0.1","GlobalIPv6Address":"","GlobalIPv6PrefixLen":0,"IPAddress":"172.17.0.3","IPPrefixLen":16,"IPv6Gateway":"","MacAddress":"02:42:ac:11:00:03","Networks":{"bridge":{"IPAMConfig":null,"Links":null,"Aliases":null,"NetworkID":"eba6fdf7ebe51912c859fc2dc83d1407a50db03ea3c296d90f885e8af84b6e93","EndpointID":"692f30c6e93a1486104b6273bdc38b1f926e45528d0b3ff49b5fe2d91ed6b329","Gateway":"172.17.0.1","IPAddress":"172.17.0.3","IPPrefixLen":16,"IPv6Gateway":"","GlobalIPv6Address":"","GlobalIPv6PrefixLen":0,"MacAddress":"02:42:ac:11:00:03","DriverOpts":null}}}}[\n]"
22:07:06.331 [Test worker] DEBUG com.github.dockerjava.zerodep.shaded.org.apache.hc.client5.http.wire - http-outgoing-2 << "[\r][\n]"
22:07:06.332 [Test worker] DEBUG com.github.dockerjava.zerodep.shaded.org.apache.hc.client5.http.wire - http-outgoing-2 << "0[\r][\n]"
22:07:06.332 [Test worker] DEBUG com.github.dockerjava.zerodep.shaded.org.apache.hc.client5.http.wire - http-outgoing-2 << "[\r][\n]"
22:07:06.332 [Test worker] DEBUG com.github.dockerjava.zerodep.shaded.org.apache.hc.client5.http.impl.classic.InternalHttpClient - ep-0000001B: releasing valid endpoint
22:07:06.332 [Test worker] DEBUG com.github.dockerjava.zerodep.shaded.org.apache.hc.client5.http.impl.io.PoolingHttpClientConnectionManager - ep-0000001B: releasing endpoint
22:07:06.332 [Test worker] DEBUG com.github.dockerjava.zerodep.shaded.org.apache.hc.client5.http.impl.io.PoolingHttpClientConnectionManager - ep-0000001B: connection http-outgoing-2 can be kept alive for 3 MINUTES
22:07:06.332 [Test worker] DEBUG com.github.dockerjava.zerodep.shaded.org.apache.hc.client5.http.impl.io.PoolingHttpClientConnectionManager - ep-0000001B: connection released [route: {}->unix://localhost:2375][total available: 1; route allocated: 1 of 2147483647; total allocated: 1 of 2147483647]
22:07:06.333 [Test worker] DEBUG ]]>&#x1f433;<![CDATA[ [mysql:latest] - Trying to create JDBC connection using com.mysql.cj.jdbc.Driver to jdbc:mysql://localhost:50897/adm_videos?useSSL=false&allowPublicKeyRetrieval=true with properties: {password=123456, user=root}
22:07:06.435 [Test worker] DEBUG org.testcontainers.shaded.com.github.dockerjava.core.command.AbstrDockerCmd - Cmd: 511b2d736fd4c4da08b79110fd21fdaa756368e4971eb130f8114450b3efc085,false
22:07:06.435 [Test worker] DEBUG org.testcontainers.shaded.com.github.dockerjava.core.exec.InspectContainerCmdExec - GET: DefaultWebTarget{path=[/containers/511b2d736fd4c4da08b79110fd21fdaa756368e4971eb130f8114450b3efc085/json], queryParams={}}
22:07:06.436 [Test worker] DEBUG com.github.dockerjava.zerodep.shaded.org.apache.hc.client5.http.impl.classic.InternalHttpClient - ex-0000001D: preparing request execution
22:07:06.436 [Test worker] DEBUG com.github.dockerjava.zerodep.shaded.org.apache.hc.client5.http.protocol.RequestAddCookies - Cookie spec selected: strict
22:07:06.436 [Test worker] DEBUG com.github.dockerjava.zerodep.shaded.org.apache.hc.client5.http.protocol.RequestAuthCache - Auth cache not set in the context
22:07:06.436 [Test worker] DEBUG com.github.dockerjava.zerodep.shaded.org.apache.hc.client5.http.impl.classic.ProtocolExec - ex-0000001D: target auth state: UNCHALLENGED
22:07:06.436 [Test worker] DEBUG com.github.dockerjava.zerodep.shaded.org.apache.hc.client5.http.impl.classic.ProtocolExec - ex-0000001D: proxy auth state: UNCHALLENGED
22:07:06.436 [Test worker] DEBUG com.github.dockerjava.zerodep.shaded.org.apache.hc.client5.http.impl.classic.ConnectExec - ex-0000001D: acquiring connection with route {}->unix://localhost:2375
22:07:06.436 [Test worker] DEBUG com.github.dockerjava.zerodep.shaded.org.apache.hc.client5.http.impl.classic.InternalHttpClient - ex-0000001D: acquiring endpoint (3 MINUTES)
22:07:06.436 [Test worker] DEBUG com.github.dockerjava.zerodep.shaded.org.apache.hc.client5.http.impl.io.PoolingHttpClientConnectionManager - ex-0000001D: endpoint lease request (3 MINUTES) [route: {}->unix://localhost:2375][total available: 1; route allocated: 1 of 2147483647; total allocated: 1 of 2147483647]
22:07:06.436 [Test worker] DEBUG com.github.dockerjava.zerodep.shaded.org.apache.hc.client5.http.impl.io.PoolingHttpClientConnectionManager - ex-0000001D: endpoint leased [route: {}->unix://localhost:2375][total available: 0; route allocated: 1 of 2147483647; total allocated: 1 of 2147483647]
22:07:06.436 [Test worker] DEBUG com.github.dockerjava.zerodep.shaded.org.apache.hc.client5.http.impl.io.PoolingHttpClientConnectionManager - ex-0000001D: acquired ep-0000001C
22:07:06.436 [Test worker] DEBUG com.github.dockerjava.zerodep.shaded.org.apache.hc.client5.http.impl.classic.InternalHttpClient - ex-0000001D: acquired endpoint ep-0000001C
22:07:06.436 [Test worker] DEBUG com.github.dockerjava.zerodep.shaded.org.apache.hc.client5.http.impl.classic.MainClientExec - ex-0000001D: executing GET /v1.32/containers/511b2d736fd4c4da08b79110fd21fdaa756368e4971eb130f8114450b3efc085/json HTTP/1.1
22:07:06.436 [Test worker] DEBUG com.github.dockerjava.zerodep.shaded.org.apache.hc.client5.http.impl.classic.InternalHttpClient - ep-0000001C: start execution ex-0000001D
22:07:06.437 [Test worker] DEBUG com.github.dockerjava.zerodep.shaded.org.apache.hc.client5.http.impl.io.PoolingHttpClientConnectionManager - ep-0000001C: executing exchange ex-0000001D over http-outgoing-2
22:07:06.437 [Test worker] DEBUG com.github.dockerjava.zerodep.shaded.org.apache.hc.client5.http.headers - http-outgoing-2 >> GET /v1.32/containers/511b2d736fd4c4da08b79110fd21fdaa756368e4971eb130f8114450b3efc085/json HTTP/1.1
22:07:06.437 [Test worker] DEBUG com.github.dockerjava.zerodep.shaded.org.apache.hc.client5.http.headers - http-outgoing-2 >> accept: application/json
22:07:06.437 [Test worker] DEBUG com.github.dockerjava.zerodep.shaded.org.apache.hc.client5.http.headers - http-outgoing-2 >> x-tc-sid: c721e8e0-dbbd-4305-a748-6be2465f786d
22:07:06.437 [Test worker] DEBUG com.github.dockerjava.zerodep.shaded.org.apache.hc.client5.http.headers - http-outgoing-2 >> Accept-Encoding: gzip, x-gzip, deflate
22:07:06.437 [Test worker] DEBUG com.github.dockerjava.zerodep.shaded.org.apache.hc.client5.http.headers - http-outgoing-2 >> Host: localhost:2375
22:07:06.437 [Test worker] DEBUG com.github.dockerjava.zerodep.shaded.org.apache.hc.client5.http.headers - http-outgoing-2 >> Connection: keep-alive
22:07:06.437 [Test worker] DEBUG com.github.dockerjava.zerodep.shaded.org.apache.hc.client5.http.headers - http-outgoing-2 >> User-Agent: Apache-HttpClient/5.0.3 (Java/17.0.2)
22:07:06.437 [Test worker] DEBUG com.github.dockerjava.zerodep.shaded.org.apache.hc.client5.http.wire - http-outgoing-2 >> "GET /v1.32/containers/511b2d736fd4c4da08b79110fd21fdaa756368e4971eb130f8114450b3efc085/json HTTP/1.1[\r][\n]"
22:07:06.437 [Test worker] DEBUG com.github.dockerjava.zerodep.shaded.org.apache.hc.client5.http.wire - http-outgoing-2 >> "accept: application/json[\r][\n]"
22:07:06.437 [Test worker] DEBUG com.github.dockerjava.zerodep.shaded.org.apache.hc.client5.http.wire - http-outgoing-2 >> "x-tc-sid: c721e8e0-dbbd-4305-a748-6be2465f786d[\r][\n]"
22:07:06.437 [Test worker] DEBUG com.github.dockerjava.zerodep.shaded.org.apache.hc.client5.http.wire - http-outgoing-2 >> "Accept-Encoding: gzip, x-gzip, deflate[\r][\n]"
22:07:06.437 [Test worker] DEBUG com.github.dockerjava.zerodep.shaded.org.apache.hc.client5.http.wire - http-outgoing-2 >> "Host: localhost:2375[\r][\n]"
22:07:06.437 [Test worker] DEBUG com.github.dockerjava.zerodep.shaded.org.apache.hc.client5.http.wire - http-outgoing-2 >> "Connection: keep-alive[\r][\n]"
22:07:06.437 [Test worker] DEBUG com.github.dockerjava.zerodep.shaded.org.apache.hc.client5.http.wire - http-outgoing-2 >> "User-Agent: Apache-HttpClient/5.0.3 (Java/17.0.2)[\r][\n]"
22:07:06.437 [Test worker] DEBUG com.github.dockerjava.zerodep.shaded.org.apache.hc.client5.http.wire - http-outgoing-2 >> "[\r][\n]"
22:07:06.438 [Test worker] DEBUG com.github.dockerjava.zerodep.shaded.org.apache.hc.client5.http.wire - http-outgoing-2 << "HTTP/1.1 200 OK[\r][\n]"
22:07:06.438 [Test worker] DEBUG com.github.dockerjava.zerodep.shaded.org.apache.hc.client5.http.wire - http-outgoing-2 << "Api-Version: 1.41[\r][\n]"
22:07:06.438 [Test worker] DEBUG com.github.dockerjava.zerodep.shaded.org.apache.hc.client5.http.wire - http-outgoing-2 << "Content-Type: application/json[\r][\n]"
22:07:06.438 [Test worker] DEBUG com.github.dockerjava.zerodep.shaded.org.apache.hc.client5.http.wire - http-outgoing-2 << "Date: Mon, 03 Apr 2023 01:07:06 GMT[\r][\n]"
22:07:06.438 [Test worker] DEBUG com.github.dockerjava.zerodep.shaded.org.apache.hc.client5.http.wire - http-outgoing-2 << "Docker-Experimental: false[\r][\n]"
22:07:06.438 [Test worker] DEBUG com.github.dockerjava.zerodep.shaded.org.apache.hc.client5.http.wire - http-outgoing-2 << "Ostype: linux[\r][\n]"
22:07:06.438 [Test worker] DEBUG com.github.dockerjava.zerodep.shaded.org.apache.hc.client5.http.wire - http-outgoing-2 << "Server: Docker/20.10.21 (linux)[\r][\n]"
22:07:06.438 [Test worker] DEBUG com.github.dockerjava.zerodep.shaded.org.apache.hc.client5.http.wire - http-outgoing-2 << "Transfer-Encoding: chunked[\r][\n]"
22:07:06.438 [Test worker] DEBUG com.github.dockerjava.zerodep.shaded.org.apache.hc.client5.http.wire - http-outgoing-2 << "[\r][\n]"
22:07:06.438 [Test worker] DEBUG com.github.dockerjava.zerodep.shaded.org.apache.hc.client5.http.headers - http-outgoing-2 << HTTP/1.1 200 OK
22:07:06.438 [Test worker] DEBUG com.github.dockerjava.zerodep.shaded.org.apache.hc.client5.http.headers - http-outgoing-2 << Api-Version: 1.41
22:07:06.438 [Test worker] DEBUG com.github.dockerjava.zerodep.shaded.org.apache.hc.client5.http.headers - http-outgoing-2 << Content-Type: application/json
22:07:06.438 [Test worker] DEBUG com.github.dockerjava.zerodep.shaded.org.apache.hc.client5.http.headers - http-outgoing-2 << Date: Mon, 03 Apr 2023 01:07:06 GMT
22:07:06.438 [Test worker] DEBUG com.github.dockerjava.zerodep.shaded.org.apache.hc.client5.http.headers - http-outgoing-2 << Docker-Experimental: false
22:07:06.438 [Test worker] DEBUG com.github.dockerjava.zerodep.shaded.org.apache.hc.client5.http.headers - http-outgoing-2 << Ostype: linux
22:07:06.438 [Test worker] DEBUG com.github.dockerjava.zerodep.shaded.org.apache.hc.client5.http.headers - http-outgoing-2 << Server: Docker/20.10.21 (linux)
22:07:06.438 [Test worker] DEBUG com.github.dockerjava.zerodep.shaded.org.apache.hc.client5.http.headers - http-outgoing-2 << Transfer-Encoding: chunked
22:07:06.438 [Test worker] DEBUG com.github.dockerjava.zerodep.shaded.org.apache.hc.client5.http.impl.classic.MainClientExec - ex-0000001D: connection can be kept alive for 3 MINUTES
22:07:06.440 [Test worker] DEBUG com.github.dockerjava.zerodep.shaded.org.apache.hc.client5.http.wire - http-outgoing-2 << "18c0[\r][\n]"
22:07:06.440 [Test worker] DEBUG com.github.dockerjava.zerodep.shaded.org.apache.hc.client5.http.wire - http-outgoing-2 << "{"Id":"511b2d736fd4c4da08b79110fd21fdaa756368e4971eb130f8114450b3efc085","Created":"2023-04-03T01:07:04.201309337Z","Path":"docker-entrypoint.sh","Args":["mysqld"],"State":{"Status":"running","Running":true,"Paused":false,"Restarting":false,"OOMKilled":false,"Dead":false,"Pid":2724,"ExitCode":0,"Error":"","StartedAt":"2023-04-03T01:07:04.498400921Z","FinishedAt":"0001-01-01T00:00:00Z"},"Image":"sha256:c7c54c29e20dccc1aefb936c8eba8bb8b98b87a4921102aba87fde2df5810af9","ResolvConfPath":"/var/lib/docker/containers/511b2d736fd4c4da08b79110fd21fdaa756368e4971eb130f8114450b3efc085/resolv.conf","HostnamePath":"/var/lib/docker/containers/511b2d736fd4c4da08b79110fd21fdaa756368e4971eb130f8114450b3efc085/hostname","HostsPath":"/var/lib/docker/containers/511b2d736fd4c4da08b79110fd21fdaa756368e4971eb130f8114450b3efc085/hosts","LogPath":"/var/lib/docker/containers/511b2d736fd4c4da08b79110fd21fdaa756368e4971eb130f8114450b3efc085/511b2d736fd4c4da08b79110fd21fdaa756368e4971eb130f8114450b3efc085-json.log","Name":"/elastic_easley","RestartCount":0,"Driver":"overlay2","Platform":"linux","MountLabel":"","ProcessLabel":"","AppArmorProfile":"","ExecIDs":null,"HostConfig":{"Binds":[],"ContainerIDFile":"","LogConfig":{"Type":"json-file","Config":{}},"NetworkMode":"default","PortBindings":{"3306/tcp":[{"HostIp":"0.0.0.0","HostPort":"0"}]},"RestartPolicy":{"Name":"","MaximumRetryCount":0},"AutoRemove":false,"VolumeDriver":"","VolumesFrom":[],"CapAdd":null,"CapDrop":null,"CgroupnsMode":"private","Dns":null,"DnsOptions":null,"DnsSearch":null,"ExtraHosts":[],"GroupAdd":null,"IpcMode":"shareable","Cgroup":"","Links":null,"OomScoreAdj":0,"PidMode":"","Privileged":false,"PublishAllPorts":false,"ReadonlyRootfs":false,"SecurityOpt":null,"UTSMode":"","UsernsMode":"","ShmSize":67108864,"Runtime":"runc","ConsoleSize":[0,0],"Isolation":"","CpuShares":0,"Memory":0,"NanoCpus":0,"CgroupParent":"","BlkioWeight":0,"BlkioWeightDevice":null,"BlkioDeviceReadBps":null,"BlkioDeviceWriteBps":null,"BlkioDeviceReadIOps":null,"BlkioDeviceWriteIOps":null,"CpuPeriod":0,"CpuQuota":0,"CpuRealtimePeriod":0,"CpuRealtimeRuntime":0,"CpusetCpus":"","CpusetMems":"","Devices":null,"DeviceCgroupRules":null,"DeviceRequests":null,"KernelMemory":0,"KernelMemoryTCP":0,"MemoryReservation":0,"MemorySwap":0,"MemorySwappiness":null,"OomKillDisable":null,"PidsLimit":null,"Ulimits":null,"CpuCount":0,"CpuPercent":0,"IOMaximumIOps":0,"IOMaximumBandwidth":0,"MaskedPaths":["/proc/asound","/proc/acpi","/proc/kcore","/proc/keys","/proc/latency_stats","/proc/timer_list","/proc/timer_stats","/proc/sched_debug","/proc/scsi","/sys/firmware"],"ReadonlyPaths":["/proc/bus","/proc/fs","/proc/irq","/proc/sys","/proc/sysrq-trigger"]},"GraphDriver":{"Data":{"LowerDir":"/var/lib/docker/overlay2/5ada145d0e3939fe5ed2118eea99b9f10241aeee200293145c73dce66470a568-init/diff:/var/lib/docker/overlay2/1bd8849d7a296305617011f940aa5cfabbe972a513397b1b6bbc27639b6c1f30/diff:/var/lib/docker/overlay2/199d69b2fbf78af4d4c95dec4fd2f8835ab0347eb49fb20ebb2ff3b99fedd6ad/diff:/var/lib/docker/overlay2/d83c38d654989311f75b9491329846033bfb7714de76ef635380dcfad5c740d9/diff:/var/lib/docker/overlay2/08600d0aea2ab2728bebcf5d2589c640a842f53d1ba3c4a4adccb4d03b923cf6/diff:/var/lib/docker/overlay2/9ec7c63a3fb14d13ac788bbf5e282ca821edc41260b79944e5e631037d13ecda/diff:/var/lib/docker/overlay2/db601d7a1b4ea6da638db620462f0da96fa55c559d02269c9ddb09027936ed87/diff:/var/lib/docker/overlay2/a6d2bd03f942e2565f21e74cfe152c7ec836a1c2b583f0790c685b92bdcfda24/diff:/var/lib/docker/overlay2/9badd16ea2c5e2bf1fde8b579683e41137dfc46ed5449234149f199a6751cc84/diff:/var/lib/docker/overlay2/6efb85646ed12e2d1181ef4cc6f6f6732c00c15a4035fe17ebc4f075ca573c30/diff:/var/lib/docker/overlay2/895d7c0ec09144d6ed33936f4e98e11c18010f7abd708cae1ce43aec7a7f2621/diff:/var/lib/docker/overlay2/1c4ba77aa573ab6e5e5069fd15eae71b3da940bde0f97a922a227ffc8a1d1096/diff","MergedDir":"/var/lib/docker/overlay2/5ada145d0e3939fe5ed2118eea99b9f10241aeee200293145c73dce66470a568/merged","UpperDir":"/var/lib/docker/overlay2/5ada145d0e3939fe5ed2118eea99b9f10241aeee200293145c73dce66470a568/diff","WorkDir":"/var/lib/docker/overlay2/5ada145d0e3939fe5ed2118eea99b9f10241aeee200293145c73dce66470a568/work"},"Name":"overlay2"},"Mounts":[{"Type":"volume","Name":"ac6dcf572a35a68e3a3a5bdf3d1899d89919b8e0b6d7a1beb9c6b19978c4e863","Source":"/var/lib/docker/volumes/ac6dcf572a35a68e3a3a5bdf3d1899d89919b8e0b6d7a1beb9c6b19978c4e863/_data","Destination":"/var/lib/mysql","Driver":"local","Mode":"","RW":true,"Propagation":""}],"Config":{"Hostname":"511b2d736fd4","Domainname":"","User":"","AttachStdin":false,"AttachStdout":false,"AttachStderr":false,"ExposedPorts":{"3306/tcp":{},"33060/tcp":{}},"Tty":false,"OpenStdin":false,"StdinOnce":false,"Env":["MYSQL_DATABASE=adm_videos","MYSQL_PASSWORD=123456","MYSQL_ROOT_PASSWORD=123456","PATH=/usr/local/sbin:/usr/local/bin:/usr/sbin:/usr/bin:/sbin:/bin","GOSU_VERSION=1.16","MYSQL_MAJOR=8.0","MYSQL_VERSION=8.0.32-1.el8","MYSQL_SHELL_VERSION=8.0.32-1.el8"],"Cmd":["mysqld"],"Image":"mysql:latest","Volumes":{"/var/lib/mysql":{}},"WorkingDir":"","Entrypoint":["docker-entrypoint.sh"],"OnBuild":null,"Labels":{"org.testcontainers":"true","org.testcontainers.lang":"java","org.testcontainers.sessionId":"c721e8e0-dbbd-4305-a748-6be2465f786d","org.testcontainers.version":"1.17.6"}},"NetworkSettings":{"Bridge":"","SandboxID":"23a51dba07b22c8536581cd39611755923749e16a93a45ce75c5c8a4a7759981","HairpinMode":false,"LinkLocalIPv6Address":"","LinkLocalIPv6PrefixLen":0,"Ports":{"3306/tcp":[{"HostIp":"0.0.0.0","HostPort":"50897"}],"33060/tcp":null},"SandboxKey":"/var/run/docker/netns/23a51dba07b2","SecondaryIPAddresses":null,"SecondaryIPv6Addresses":null,"EndpointID":"692f30c6e93a1486104b6273bdc38b1f926e45528d0b3ff49b5fe2d91ed6b329","Gateway":"172.17.0.1","GlobalIPv6Address":"","GlobalIPv6PrefixLen":0,"IPAddress":"172.17.0.3","IPPrefixLen":16,"IPv6Gateway":"","MacAddress":"02:42:ac:11:00:03","Networks":{"bridge":{"IPAMConfig":null,"Links":null,"Aliases":null,"NetworkID":"eba6fdf7ebe51912c859fc2dc83d1407a50db03ea3c296d90f885e8af84b6e93","EndpointID":"692f30c6e93a1486104b6273bdc38b1f926e45528d0b3ff49b5fe2d91ed6b329","Gateway":"172.17.0.1","IPAddress":"172.17.0.3","IPPrefixLen":16,"IPv6Gateway":"","GlobalIPv6Address":"","GlobalIPv6PrefixLen":0,"MacAddress":"02:42:ac:11:00:03","DriverOpts":null}}}}[\n]"
22:07:06.440 [Test worker] DEBUG com.github.dockerjava.zerodep.shaded.org.apache.hc.client5.http.wire - http-outgoing-2 << "[\r][\n]"
22:07:06.441 [Test worker] DEBUG com.github.dockerjava.zerodep.shaded.org.apache.hc.client5.http.wire - http-outgoing-2 << "0[\r][\n]"
22:07:06.441 [Test worker] DEBUG com.github.dockerjava.zerodep.shaded.org.apache.hc.client5.http.wire - http-outgoing-2 << "[\r][\n]"
22:07:06.442 [Test worker] DEBUG com.github.dockerjava.zerodep.shaded.org.apache.hc.client5.http.impl.classic.InternalHttpClient - ep-0000001C: releasing valid endpoint
22:07:06.442 [Test worker] DEBUG com.github.dockerjava.zerodep.shaded.org.apache.hc.client5.http.impl.io.PoolingHttpClientConnectionManager - ep-0000001C: releasing endpoint
22:07:06.442 [Test worker] DEBUG com.github.dockerjava.zerodep.shaded.org.apache.hc.client5.http.impl.io.PoolingHttpClientConnectionManager - ep-0000001C: connection http-outgoing-2 can be kept alive for 3 MINUTES
22:07:06.442 [Test worker] DEBUG com.github.dockerjava.zerodep.shaded.org.apache.hc.client5.http.impl.io.PoolingHttpClientConnectionManager - ep-0000001C: connection released [route: {}->unix://localhost:2375][total available: 1; route allocated: 1 of 2147483647; total allocated: 1 of 2147483647]
22:07:06.442 [Test worker] DEBUG ]]>&#x1f433;<![CDATA[ [mysql:latest] - Trying to create JDBC connection using com.mysql.cj.jdbc.Driver to jdbc:mysql://localhost:50897/adm_videos?useSSL=false&allowPublicKeyRetrieval=true with properties: {password=123456, user=root}
22:07:06.547 [Test worker] DEBUG org.testcontainers.shaded.com.github.dockerjava.core.command.AbstrDockerCmd - Cmd: 511b2d736fd4c4da08b79110fd21fdaa756368e4971eb130f8114450b3efc085,false
22:07:06.547 [Test worker] DEBUG org.testcontainers.shaded.com.github.dockerjava.core.exec.InspectContainerCmdExec - GET: DefaultWebTarget{path=[/containers/511b2d736fd4c4da08b79110fd21fdaa756368e4971eb130f8114450b3efc085/json], queryParams={}}
22:07:06.547 [Test worker] DEBUG com.github.dockerjava.zerodep.shaded.org.apache.hc.client5.http.impl.classic.InternalHttpClient - ex-0000001E: preparing request execution
22:07:06.547 [Test worker] DEBUG com.github.dockerjava.zerodep.shaded.org.apache.hc.client5.http.protocol.RequestAddCookies - Cookie spec selected: strict
22:07:06.547 [Test worker] DEBUG com.github.dockerjava.zerodep.shaded.org.apache.hc.client5.http.protocol.RequestAuthCache - Auth cache not set in the context
22:07:06.547 [Test worker] DEBUG com.github.dockerjava.zerodep.shaded.org.apache.hc.client5.http.impl.classic.ProtocolExec - ex-0000001E: target auth state: UNCHALLENGED
22:07:06.547 [Test worker] DEBUG com.github.dockerjava.zerodep.shaded.org.apache.hc.client5.http.impl.classic.ProtocolExec - ex-0000001E: proxy auth state: UNCHALLENGED
22:07:06.548 [Test worker] DEBUG com.github.dockerjava.zerodep.shaded.org.apache.hc.client5.http.impl.classic.ConnectExec - ex-0000001E: acquiring connection with route {}->unix://localhost:2375
22:07:06.548 [Test worker] DEBUG com.github.dockerjava.zerodep.shaded.org.apache.hc.client5.http.impl.classic.InternalHttpClient - ex-0000001E: acquiring endpoint (3 MINUTES)
22:07:06.548 [Test worker] DEBUG com.github.dockerjava.zerodep.shaded.org.apache.hc.client5.http.impl.io.PoolingHttpClientConnectionManager - ex-0000001E: endpoint lease request (3 MINUTES) [route: {}->unix://localhost:2375][total available: 1; route allocated: 1 of 2147483647; total allocated: 1 of 2147483647]
22:07:06.548 [Test worker] DEBUG com.github.dockerjava.zerodep.shaded.org.apache.hc.client5.http.impl.io.PoolingHttpClientConnectionManager - ex-0000001E: endpoint leased [route: {}->unix://localhost:2375][total available: 0; route allocated: 1 of 2147483647; total allocated: 1 of 2147483647]
22:07:06.548 [Test worker] DEBUG com.github.dockerjava.zerodep.shaded.org.apache.hc.client5.http.impl.io.PoolingHttpClientConnectionManager - ex-0000001E: acquired ep-0000001D
22:07:06.548 [Test worker] DEBUG com.github.dockerjava.zerodep.shaded.org.apache.hc.client5.http.impl.classic.InternalHttpClient - ex-0000001E: acquired endpoint ep-0000001D
22:07:06.548 [Test worker] DEBUG com.github.dockerjava.zerodep.shaded.org.apache.hc.client5.http.impl.classic.MainClientExec - ex-0000001E: executing GET /v1.32/containers/511b2d736fd4c4da08b79110fd21fdaa756368e4971eb130f8114450b3efc085/json HTTP/1.1
22:07:06.548 [Test worker] DEBUG com.github.dockerjava.zerodep.shaded.org.apache.hc.client5.http.impl.classic.InternalHttpClient - ep-0000001D: start execution ex-0000001E
22:07:06.548 [Test worker] DEBUG com.github.dockerjava.zerodep.shaded.org.apache.hc.client5.http.impl.io.PoolingHttpClientConnectionManager - ep-0000001D: executing exchange ex-0000001E over http-outgoing-2
22:07:06.548 [Test worker] DEBUG com.github.dockerjava.zerodep.shaded.org.apache.hc.client5.http.headers - http-outgoing-2 >> GET /v1.32/containers/511b2d736fd4c4da08b79110fd21fdaa756368e4971eb130f8114450b3efc085/json HTTP/1.1
22:07:06.548 [Test worker] DEBUG com.github.dockerjava.zerodep.shaded.org.apache.hc.client5.http.headers - http-outgoing-2 >> accept: application/json
22:07:06.548 [Test worker] DEBUG com.github.dockerjava.zerodep.shaded.org.apache.hc.client5.http.headers - http-outgoing-2 >> x-tc-sid: c721e8e0-dbbd-4305-a748-6be2465f786d
22:07:06.548 [Test worker] DEBUG com.github.dockerjava.zerodep.shaded.org.apache.hc.client5.http.headers - http-outgoing-2 >> Accept-Encoding: gzip, x-gzip, deflate
22:07:06.548 [Test worker] DEBUG com.github.dockerjava.zerodep.shaded.org.apache.hc.client5.http.headers - http-outgoing-2 >> Host: localhost:2375
22:07:06.548 [Test worker] DEBUG com.github.dockerjava.zerodep.shaded.org.apache.hc.client5.http.headers - http-outgoing-2 >> Connection: keep-alive
22:07:06.548 [Test worker] DEBUG com.github.dockerjava.zerodep.shaded.org.apache.hc.client5.http.headers - http-outgoing-2 >> User-Agent: Apache-HttpClient/5.0.3 (Java/17.0.2)
22:07:06.548 [Test worker] DEBUG com.github.dockerjava.zerodep.shaded.org.apache.hc.client5.http.wire - http-outgoing-2 >> "GET /v1.32/containers/511b2d736fd4c4da08b79110fd21fdaa756368e4971eb130f8114450b3efc085/json HTTP/1.1[\r][\n]"
22:07:06.548 [Test worker] DEBUG com.github.dockerjava.zerodep.shaded.org.apache.hc.client5.http.wire - http-outgoing-2 >> "accept: application/json[\r][\n]"
22:07:06.548 [Test worker] DEBUG com.github.dockerjava.zerodep.shaded.org.apache.hc.client5.http.wire - http-outgoing-2 >> "x-tc-sid: c721e8e0-dbbd-4305-a748-6be2465f786d[\r][\n]"
22:07:06.548 [Test worker] DEBUG com.github.dockerjava.zerodep.shaded.org.apache.hc.client5.http.wire - http-outgoing-2 >> "Accept-Encoding: gzip, x-gzip, deflate[\r][\n]"
22:07:06.548 [Test worker] DEBUG com.github.dockerjava.zerodep.shaded.org.apache.hc.client5.http.wire - http-outgoing-2 >> "Host: localhost:2375[\r][\n]"
22:07:06.548 [Test worker] DEBUG com.github.dockerjava.zerodep.shaded.org.apache.hc.client5.http.wire - http-outgoing-2 >> "Connection: keep-alive[\r][\n]"
22:07:06.548 [Test worker] DEBUG com.github.dockerjava.zerodep.shaded.org.apache.hc.client5.http.wire - http-outgoing-2 >> "User-Agent: Apache-HttpClient/5.0.3 (Java/17.0.2)[\r][\n]"
22:07:06.548 [Test worker] DEBUG com.github.dockerjava.zerodep.shaded.org.apache.hc.client5.http.wire - http-outgoing-2 >> "[\r][\n]"
22:07:06.550 [Test worker] DEBUG com.github.dockerjava.zerodep.shaded.org.apache.hc.client5.http.wire - http-outgoing-2 << "HTTP/1.1 200 OK[\r][\n]"
22:07:06.550 [Test worker] DEBUG com.github.dockerjava.zerodep.shaded.org.apache.hc.client5.http.wire - http-outgoing-2 << "Api-Version: 1.41[\r][\n]"
22:07:06.550 [Test worker] DEBUG com.github.dockerjava.zerodep.shaded.org.apache.hc.client5.http.wire - http-outgoing-2 << "Content-Type: application/json[\r][\n]"
22:07:06.550 [Test worker] DEBUG com.github.dockerjava.zerodep.shaded.org.apache.hc.client5.http.wire - http-outgoing-2 << "Date: Mon, 03 Apr 2023 01:07:06 GMT[\r][\n]"
22:07:06.550 [Test worker] DEBUG com.github.dockerjava.zerodep.shaded.org.apache.hc.client5.http.wire - http-outgoing-2 << "Docker-Experimental: false[\r][\n]"
22:07:06.550 [Test worker] DEBUG com.github.dockerjava.zerodep.shaded.org.apache.hc.client5.http.wire - http-outgoing-2 << "Ostype: linux[\r][\n]"
22:07:06.550 [Test worker] DEBUG com.github.dockerjava.zerodep.shaded.org.apache.hc.client5.http.wire - http-outgoing-2 << "Server: Docker/20.10.21 (linux)[\r][\n]"
22:07:06.550 [Test worker] DEBUG com.github.dockerjava.zerodep.shaded.org.apache.hc.client5.http.wire - http-outgoing-2 << "Transfer-Encoding: chunked[\r][\n]"
22:07:06.550 [Test worker] DEBUG com.github.dockerjava.zerodep.shaded.org.apache.hc.client5.http.wire - http-outgoing-2 << "[\r][\n]"
22:07:06.550 [Test worker] DEBUG com.github.dockerjava.zerodep.shaded.org.apache.hc.client5.http.headers - http-outgoing-2 << HTTP/1.1 200 OK
22:07:06.550 [Test worker] DEBUG com.github.dockerjava.zerodep.shaded.org.apache.hc.client5.http.headers - http-outgoing-2 << Api-Version: 1.41
22:07:06.550 [Test worker] DEBUG com.github.dockerjava.zerodep.shaded.org.apache.hc.client5.http.headers - http-outgoing-2 << Content-Type: application/json
22:07:06.550 [Test worker] DEBUG com.github.dockerjava.zerodep.shaded.org.apache.hc.client5.http.headers - http-outgoing-2 << Date: Mon, 03 Apr 2023 01:07:06 GMT
22:07:06.550 [Test worker] DEBUG com.github.dockerjava.zerodep.shaded.org.apache.hc.client5.http.headers - http-outgoing-2 << Docker-Experimental: false
22:07:06.550 [Test worker] DEBUG com.github.dockerjava.zerodep.shaded.org.apache.hc.client5.http.headers - http-outgoing-2 << Ostype: linux
22:07:06.550 [Test worker] DEBUG com.github.dockerjava.zerodep.shaded.org.apache.hc.client5.http.headers - http-outgoing-2 << Server: Docker/20.10.21 (linux)
22:07:06.550 [Test worker] DEBUG com.github.dockerjava.zerodep.shaded.org.apache.hc.client5.http.headers - http-outgoing-2 << Transfer-Encoding: chunked
22:07:06.551 [Test worker] DEBUG com.github.dockerjava.zerodep.shaded.org.apache.hc.client5.http.impl.classic.MainClientExec - ex-0000001E: connection can be kept alive for 3 MINUTES
22:07:06.551 [Test worker] DEBUG com.github.dockerjava.zerodep.shaded.org.apache.hc.client5.http.wire - http-outgoing-2 << "18c0[\r][\n]"
22:07:06.551 [Test worker] DEBUG com.github.dockerjava.zerodep.shaded.org.apache.hc.client5.http.wire - http-outgoing-2 << "{"Id":"511b2d736fd4c4da08b79110fd21fdaa756368e4971eb130f8114450b3efc085","Created":"2023-04-03T01:07:04.201309337Z","Path":"docker-entrypoint.sh","Args":["mysqld"],"State":{"Status":"running","Running":true,"Paused":false,"Restarting":false,"OOMKilled":false,"Dead":false,"Pid":2724,"ExitCode":0,"Error":"","StartedAt":"2023-04-03T01:07:04.498400921Z","FinishedAt":"0001-01-01T00:00:00Z"},"Image":"sha256:c7c54c29e20dccc1aefb936c8eba8bb8b98b87a4921102aba87fde2df5810af9","ResolvConfPath":"/var/lib/docker/containers/511b2d736fd4c4da08b79110fd21fdaa756368e4971eb130f8114450b3efc085/resolv.conf","HostnamePath":"/var/lib/docker/containers/511b2d736fd4c4da08b79110fd21fdaa756368e4971eb130f8114450b3efc085/hostname","HostsPath":"/var/lib/docker/containers/511b2d736fd4c4da08b79110fd21fdaa756368e4971eb130f8114450b3efc085/hosts","LogPath":"/var/lib/docker/containers/511b2d736fd4c4da08b79110fd21fdaa756368e4971eb130f8114450b3efc085/511b2d736fd4c4da08b79110fd21fdaa756368e4971eb130f8114450b3efc085-json.log","Name":"/elastic_easley","RestartCount":0,"Driver":"overlay2","Platform":"linux","MountLabel":"","ProcessLabel":"","AppArmorProfile":"","ExecIDs":null,"HostConfig":{"Binds":[],"ContainerIDFile":"","LogConfig":{"Type":"json-file","Config":{}},"NetworkMode":"default","PortBindings":{"3306/tcp":[{"HostIp":"0.0.0.0","HostPort":"0"}]},"RestartPolicy":{"Name":"","MaximumRetryCount":0},"AutoRemove":false,"VolumeDriver":"","VolumesFrom":[],"CapAdd":null,"CapDrop":null,"CgroupnsMode":"private","Dns":null,"DnsOptions":null,"DnsSearch":null,"ExtraHosts":[],"GroupAdd":null,"IpcMode":"shareable","Cgroup":"","Links":null,"OomScoreAdj":0,"PidMode":"","Privileged":false,"PublishAllPorts":false,"ReadonlyRootfs":false,"SecurityOpt":null,"UTSMode":"","UsernsMode":"","ShmSize":67108864,"Runtime":"runc","ConsoleSize":[0,0],"Isolation":"","CpuShares":0,"Memory":0,"NanoCpus":0,"CgroupParent":"","BlkioWeight":0,"BlkioWeightDevice":null,"BlkioDeviceReadBps":null,"BlkioDeviceWriteBps":null,"BlkioDeviceReadIOps":null,"BlkioDeviceWriteIOps":null,"CpuPeriod":0,"CpuQuota":0,"CpuRealtimePeriod":0,"CpuRealtimeRuntime":0,"CpusetCpus":"","CpusetMems":"","Devices":null,"DeviceCgroupRules":null,"DeviceRequests":null,"KernelMemory":0,"KernelMemoryTCP":0,"MemoryReservation":0,"MemorySwap":0,"MemorySwappiness":null,"OomKillDisable":null,"PidsLimit":null,"Ulimits":null,"CpuCount":0,"CpuPercent":0,"IOMaximumIOps":0,"IOMaximumBandwidth":0,"MaskedPaths":["/proc/asound","/proc/acpi","/proc/kcore","/proc/keys","/proc/latency_stats","/proc/timer_list","/proc/timer_stats","/proc/sched_debug","/proc/scsi","/sys/firmware"],"ReadonlyPaths":["/proc/bus","/proc/fs","/proc/irq","/proc/sys","/proc/sysrq-trigger"]},"GraphDriver":{"Data":{"LowerDir":"/var/lib/docker/overlay2/5ada145d0e3939fe5ed2118eea99b9f10241aeee200293145c73dce66470a568-init/diff:/var/lib/docker/overlay2/1bd8849d7a296305617011f940aa5cfabbe972a513397b1b6bbc27639b6c1f30/diff:/var/lib/docker/overlay2/199d69b2fbf78af4d4c95dec4fd2f8835ab0347eb49fb20ebb2ff3b99fedd6ad/diff:/var/lib/docker/overlay2/d83c38d654989311f75b9491329846033bfb7714de76ef635380dcfad5c740d9/diff:/var/lib/docker/overlay2/08600d0aea2ab2728bebcf5d2589c640a842f53d1ba3c4a4adccb4d03b923cf6/diff:/var/lib/docker/overlay2/9ec7c63a3fb14d13ac788bbf5e282ca821edc41260b79944e5e631037d13ecda/diff:/var/lib/docker/overlay2/db601d7a1b4ea6da638db620462f0da96fa55c559d02269c9ddb09027936ed87/diff:/var/lib/docker/overlay2/a6d2bd03f942e2565f21e74cfe152c7ec836a1c2b583f0790c685b92bdcfda24/diff:/var/lib/docker/overlay2/9badd16ea2c5e2bf1fde8b579683e41137dfc46ed5449234149f199a6751cc84/diff:/var/lib/docker/overlay2/6efb85646ed12e2d1181ef4cc6f6f6732c00c15a4035fe17ebc4f075ca573c30/diff:/var/lib/docker/overlay2/895d7c0ec09144d6ed33936f4e98e11c18010f7abd708cae1ce43aec7a7f2621/diff:/var/lib/docker/overlay2/1c4ba77aa573ab6e5e5069fd15eae71b3da940bde0f97a922a227ffc8a1d1096/diff","MergedDir":"/var/lib/docker/overlay2/5ada145d0e3939fe5ed2118eea99b9f10241aeee200293145c73dce66470a568/merged","UpperDir":"/var/lib/docker/overlay2/5ada145d0e3939fe5ed2118eea99b9f10241aeee200293145c73dce66470a568/diff","WorkDir":"/var/lib/docker/overlay2/5ada145d0e3939fe5ed2118eea99b9f10241aeee200293145c73dce66470a568/work"},"Name":"overlay2"},"Mounts":[{"Type":"volume","Name":"ac6dcf572a35a68e3a3a5bdf3d1899d89919b8e0b6d7a1beb9c6b19978c4e863","Source":"/var/lib/docker/volumes/ac6dcf572a35a68e3a3a5bdf3d1899d89919b8e0b6d7a1beb9c6b19978c4e863/_data","Destination":"/var/lib/mysql","Driver":"local","Mode":"","RW":true,"Propagation":""}],"Config":{"Hostname":"511b2d736fd4","Domainname":"","User":"","AttachStdin":false,"AttachStdout":false,"AttachStderr":false,"ExposedPorts":{"3306/tcp":{},"33060/tcp":{}},"Tty":false,"OpenStdin":false,"StdinOnce":false,"Env":["MYSQL_DATABASE=adm_videos","MYSQL_PASSWORD=123456","MYSQL_ROOT_PASSWORD=123456","PATH=/usr/local/sbin:/usr/local/bin:/usr/sbin:/usr/bin:/sbin:/bin","GOSU_VERSION=1.16","MYSQL_MAJOR=8.0","MYSQL_VERSION=8.0.32-1.el8","MYSQL_SHELL_VERSION=8.0.32-1.el8"],"Cmd":["mysqld"],"Image":"mysql:latest","Volumes":{"/var/lib/mysql":{}},"WorkingDir":"","Entrypoint":["docker-entrypoint.sh"],"OnBuild":null,"Labels":{"org.testcontainers":"true","org.testcontainers.lang":"java","org.testcontainers.sessionId":"c721e8e0-dbbd-4305-a748-6be2465f786d","org.testcontainers.version":"1.17.6"}},"NetworkSettings":{"Bridge":"","SandboxID":"23a51dba07b22c8536581cd39611755923749e16a93a45ce75c5c8a4a7759981","HairpinMode":false,"LinkLocalIPv6Address":"","LinkLocalIPv6PrefixLen":0,"Ports":{"3306/tcp":[{"HostIp":"0.0.0.0","HostPort":"50897"}],"33060/tcp":null},"SandboxKey":"/var/run/docker/netns/23a51dba07b2","SecondaryIPAddresses":null,"SecondaryIPv6Addresses":null,"EndpointID":"692f30c6e93a1486104b6273bdc38b1f926e45528d0b3ff49b5fe2d91ed6b329","Gateway":"172.17.0.1","GlobalIPv6Address":"","GlobalIPv6PrefixLen":0,"IPAddress":"172.17.0.3","IPPrefixLen":16,"IPv6Gateway":"","MacAddress":"02:42:ac:11:00:03","Networks":{"bridge":{"IPAMConfig":null,"Links":null,"Aliases":null,"NetworkID":"eba6fdf7ebe51912c859fc2dc83d1407a50db03ea3c296d90f885e8af84b6e93","EndpointID":"692f30c6e93a1486104b6273bdc38b1f926e45528d0b3ff49b5fe2d91ed6b329","Gateway":"172.17.0.1","IPAddress":"172.17.0.3","IPPrefixLen":16,"IPv6Gateway":"","GlobalIPv6Address":"","GlobalIPv6PrefixLen":0,"MacAddress":"02:42:ac:11:00:03","DriverOpts":null}}}}[\n]"
22:07:06.551 [Test worker] DEBUG com.github.dockerjava.zerodep.shaded.org.apache.hc.client5.http.wire - http-outgoing-2 << "[\r][\n]"
22:07:06.552 [Test worker] DEBUG com.github.dockerjava.zerodep.shaded.org.apache.hc.client5.http.wire - http-outgoing-2 << "0[\r][\n]"
22:07:06.552 [Test worker] DEBUG com.github.dockerjava.zerodep.shaded.org.apache.hc.client5.http.wire - http-outgoing-2 << "[\r][\n]"
22:07:06.552 [Test worker] DEBUG com.github.dockerjava.zerodep.shaded.org.apache.hc.client5.http.impl.classic.InternalHttpClient - ep-0000001D: releasing valid endpoint
22:07:06.552 [Test worker] DEBUG com.github.dockerjava.zerodep.shaded.org.apache.hc.client5.http.impl.io.PoolingHttpClientConnectionManager - ep-0000001D: releasing endpoint
22:07:06.552 [Test worker] DEBUG com.github.dockerjava.zerodep.shaded.org.apache.hc.client5.http.impl.io.PoolingHttpClientConnectionManager - ep-0000001D: connection http-outgoing-2 can be kept alive for 3 MINUTES
22:07:06.552 [Test worker] DEBUG com.github.dockerjava.zerodep.shaded.org.apache.hc.client5.http.impl.io.PoolingHttpClientConnectionManager - ep-0000001D: connection released [route: {}->unix://localhost:2375][total available: 1; route allocated: 1 of 2147483647; total allocated: 1 of 2147483647]
22:07:06.553 [Test worker] DEBUG ]]>&#x1f433;<![CDATA[ [mysql:latest] - Trying to create JDBC connection using com.mysql.cj.jdbc.Driver to jdbc:mysql://localhost:50897/adm_videos?useSSL=false&allowPublicKeyRetrieval=true with properties: {password=123456, user=root}
22:07:06.654 [Test worker] DEBUG org.testcontainers.shaded.com.github.dockerjava.core.command.AbstrDockerCmd - Cmd: 511b2d736fd4c4da08b79110fd21fdaa756368e4971eb130f8114450b3efc085,false
22:07:06.655 [Test worker] DEBUG org.testcontainers.shaded.com.github.dockerjava.core.exec.InspectContainerCmdExec - GET: DefaultWebTarget{path=[/containers/511b2d736fd4c4da08b79110fd21fdaa756368e4971eb130f8114450b3efc085/json], queryParams={}}
22:07:06.656 [Test worker] DEBUG com.github.dockerjava.zerodep.shaded.org.apache.hc.client5.http.impl.classic.InternalHttpClient - ex-0000001F: preparing request execution
22:07:06.656 [Test worker] DEBUG com.github.dockerjava.zerodep.shaded.org.apache.hc.client5.http.protocol.RequestAddCookies - Cookie spec selected: strict
22:07:06.656 [Test worker] DEBUG com.github.dockerjava.zerodep.shaded.org.apache.hc.client5.http.protocol.RequestAuthCache - Auth cache not set in the context
22:07:06.656 [Test worker] DEBUG com.github.dockerjava.zerodep.shaded.org.apache.hc.client5.http.impl.classic.ProtocolExec - ex-0000001F: target auth state: UNCHALLENGED
22:07:06.656 [Test worker] DEBUG com.github.dockerjava.zerodep.shaded.org.apache.hc.client5.http.impl.classic.ProtocolExec - ex-0000001F: proxy auth state: UNCHALLENGED
22:07:06.656 [Test worker] DEBUG com.github.dockerjava.zerodep.shaded.org.apache.hc.client5.http.impl.classic.ConnectExec - ex-0000001F: acquiring connection with route {}->unix://localhost:2375
22:07:06.656 [Test worker] DEBUG com.github.dockerjava.zerodep.shaded.org.apache.hc.client5.http.impl.classic.InternalHttpClient - ex-0000001F: acquiring endpoint (3 MINUTES)
22:07:06.656 [Test worker] DEBUG com.github.dockerjava.zerodep.shaded.org.apache.hc.client5.http.impl.io.PoolingHttpClientConnectionManager - ex-0000001F: endpoint lease request (3 MINUTES) [route: {}->unix://localhost:2375][total available: 1; route allocated: 1 of 2147483647; total allocated: 1 of 2147483647]
22:07:06.656 [Test worker] DEBUG com.github.dockerjava.zerodep.shaded.org.apache.hc.client5.http.impl.io.PoolingHttpClientConnectionManager - ex-0000001F: endpoint leased [route: {}->unix://localhost:2375][total available: 0; route allocated: 1 of 2147483647; total allocated: 1 of 2147483647]
22:07:06.656 [Test worker] DEBUG com.github.dockerjava.zerodep.shaded.org.apache.hc.client5.http.impl.io.PoolingHttpClientConnectionManager - ex-0000001F: acquired ep-0000001E
22:07:06.656 [Test worker] DEBUG com.github.dockerjava.zerodep.shaded.org.apache.hc.client5.http.impl.classic.InternalHttpClient - ex-0000001F: acquired endpoint ep-0000001E
22:07:06.656 [Test worker] DEBUG com.github.dockerjava.zerodep.shaded.org.apache.hc.client5.http.impl.classic.MainClientExec - ex-0000001F: executing GET /v1.32/containers/511b2d736fd4c4da08b79110fd21fdaa756368e4971eb130f8114450b3efc085/json HTTP/1.1
22:07:06.656 [Test worker] DEBUG com.github.dockerjava.zerodep.shaded.org.apache.hc.client5.http.impl.classic.InternalHttpClient - ep-0000001E: start execution ex-0000001F
22:07:06.656 [Test worker] DEBUG com.github.dockerjava.zerodep.shaded.org.apache.hc.client5.http.impl.io.PoolingHttpClientConnectionManager - ep-0000001E: executing exchange ex-0000001F over http-outgoing-2
22:07:06.657 [Test worker] DEBUG com.github.dockerjava.zerodep.shaded.org.apache.hc.client5.http.headers - http-outgoing-2 >> GET /v1.32/containers/511b2d736fd4c4da08b79110fd21fdaa756368e4971eb130f8114450b3efc085/json HTTP/1.1
22:07:06.657 [Test worker] DEBUG com.github.dockerjava.zerodep.shaded.org.apache.hc.client5.http.headers - http-outgoing-2 >> accept: application/json
22:07:06.657 [Test worker] DEBUG com.github.dockerjava.zerodep.shaded.org.apache.hc.client5.http.headers - http-outgoing-2 >> x-tc-sid: c721e8e0-dbbd-4305-a748-6be2465f786d
22:07:06.657 [Test worker] DEBUG com.github.dockerjava.zerodep.shaded.org.apache.hc.client5.http.headers - http-outgoing-2 >> Accept-Encoding: gzip, x-gzip, deflate
22:07:06.657 [Test worker] DEBUG com.github.dockerjava.zerodep.shaded.org.apache.hc.client5.http.headers - http-outgoing-2 >> Host: localhost:2375
22:07:06.657 [Test worker] DEBUG com.github.dockerjava.zerodep.shaded.org.apache.hc.client5.http.headers - http-outgoing-2 >> Connection: keep-alive
22:07:06.657 [Test worker] DEBUG com.github.dockerjava.zerodep.shaded.org.apache.hc.client5.http.headers - http-outgoing-2 >> User-Agent: Apache-HttpClient/5.0.3 (Java/17.0.2)
22:07:06.657 [Test worker] DEBUG com.github.dockerjava.zerodep.shaded.org.apache.hc.client5.http.wire - http-outgoing-2 >> "GET /v1.32/containers/511b2d736fd4c4da08b79110fd21fdaa756368e4971eb130f8114450b3efc085/json HTTP/1.1[\r][\n]"
22:07:06.657 [Test worker] DEBUG com.github.dockerjava.zerodep.shaded.org.apache.hc.client5.http.wire - http-outgoing-2 >> "accept: application/json[\r][\n]"
22:07:06.657 [Test worker] DEBUG com.github.dockerjava.zerodep.shaded.org.apache.hc.client5.http.wire - http-outgoing-2 >> "x-tc-sid: c721e8e0-dbbd-4305-a748-6be2465f786d[\r][\n]"
22:07:06.657 [Test worker] DEBUG com.github.dockerjava.zerodep.shaded.org.apache.hc.client5.http.wire - http-outgoing-2 >> "Accept-Encoding: gzip, x-gzip, deflate[\r][\n]"
22:07:06.657 [Test worker] DEBUG com.github.dockerjava.zerodep.shaded.org.apache.hc.client5.http.wire - http-outgoing-2 >> "Host: localhost:2375[\r][\n]"
22:07:06.657 [Test worker] DEBUG com.github.dockerjava.zerodep.shaded.org.apache.hc.client5.http.wire - http-outgoing-2 >> "Connection: keep-alive[\r][\n]"
22:07:06.657 [Test worker] DEBUG com.github.dockerjava.zerodep.shaded.org.apache.hc.client5.http.wire - http-outgoing-2 >> "User-Agent: Apache-HttpClient/5.0.3 (Java/17.0.2)[\r][\n]"
22:07:06.657 [Test worker] DEBUG com.github.dockerjava.zerodep.shaded.org.apache.hc.client5.http.wire - http-outgoing-2 >> "[\r][\n]"
22:07:06.658 [Test worker] DEBUG com.github.dockerjava.zerodep.shaded.org.apache.hc.client5.http.wire - http-outgoing-2 << "HTTP/1.1 200 OK[\r][\n]"
22:07:06.658 [Test worker] DEBUG com.github.dockerjava.zerodep.shaded.org.apache.hc.client5.http.wire - http-outgoing-2 << "Api-Version: 1.41[\r][\n]"
22:07:06.658 [Test worker] DEBUG com.github.dockerjava.zerodep.shaded.org.apache.hc.client5.http.wire - http-outgoing-2 << "Content-Type: application/json[\r][\n]"
22:07:06.658 [Test worker] DEBUG com.github.dockerjava.zerodep.shaded.org.apache.hc.client5.http.wire - http-outgoing-2 << "Date: Mon, 03 Apr 2023 01:07:06 GMT[\r][\n]"
22:07:06.658 [Test worker] DEBUG com.github.dockerjava.zerodep.shaded.org.apache.hc.client5.http.wire - http-outgoing-2 << "Docker-Experimental: false[\r][\n]"
22:07:06.658 [Test worker] DEBUG com.github.dockerjava.zerodep.shaded.org.apache.hc.client5.http.wire - http-outgoing-2 << "Ostype: linux[\r][\n]"
22:07:06.658 [Test worker] DEBUG com.github.dockerjava.zerodep.shaded.org.apache.hc.client5.http.wire - http-outgoing-2 << "Server: Docker/20.10.21 (linux)[\r][\n]"
22:07:06.658 [Test worker] DEBUG com.github.dockerjava.zerodep.shaded.org.apache.hc.client5.http.wire - http-outgoing-2 << "Transfer-Encoding: chunked[\r][\n]"
22:07:06.658 [Test worker] DEBUG com.github.dockerjava.zerodep.shaded.org.apache.hc.client5.http.wire - http-outgoing-2 << "[\r][\n]"
22:07:06.658 [Test worker] DEBUG com.github.dockerjava.zerodep.shaded.org.apache.hc.client5.http.headers - http-outgoing-2 << HTTP/1.1 200 OK
22:07:06.658 [Test worker] DEBUG com.github.dockerjava.zerodep.shaded.org.apache.hc.client5.http.headers - http-outgoing-2 << Api-Version: 1.41
22:07:06.658 [Test worker] DEBUG com.github.dockerjava.zerodep.shaded.org.apache.hc.client5.http.headers - http-outgoing-2 << Content-Type: application/json
22:07:06.658 [Test worker] DEBUG com.github.dockerjava.zerodep.shaded.org.apache.hc.client5.http.headers - http-outgoing-2 << Date: Mon, 03 Apr 2023 01:07:06 GMT
22:07:06.658 [Test worker] DEBUG com.github.dockerjava.zerodep.shaded.org.apache.hc.client5.http.headers - http-outgoing-2 << Docker-Experimental: false
22:07:06.658 [Test worker] DEBUG com.github.dockerjava.zerodep.shaded.org.apache.hc.client5.http.headers - http-outgoing-2 << Ostype: linux
22:07:06.658 [Test worker] DEBUG com.github.dockerjava.zerodep.shaded.org.apache.hc.client5.http.headers - http-outgoing-2 << Server: Docker/20.10.21 (linux)
22:07:06.658 [Test worker] DEBUG com.github.dockerjava.zerodep.shaded.org.apache.hc.client5.http.headers - http-outgoing-2 << Transfer-Encoding: chunked
22:07:06.658 [Test worker] DEBUG com.github.dockerjava.zerodep.shaded.org.apache.hc.client5.http.impl.classic.MainClientExec - ex-0000001F: connection can be kept alive for 3 MINUTES
22:07:06.659 [Test worker] DEBUG com.github.dockerjava.zerodep.shaded.org.apache.hc.client5.http.wire - http-outgoing-2 << "18c0[\r][\n]"
22:07:06.659 [Test worker] DEBUG com.github.dockerjava.zerodep.shaded.org.apache.hc.client5.http.wire - http-outgoing-2 << "{"Id":"511b2d736fd4c4da08b79110fd21fdaa756368e4971eb130f8114450b3efc085","Created":"2023-04-03T01:07:04.201309337Z","Path":"docker-entrypoint.sh","Args":["mysqld"],"State":{"Status":"running","Running":true,"Paused":false,"Restarting":false,"OOMKilled":false,"Dead":false,"Pid":2724,"ExitCode":0,"Error":"","StartedAt":"2023-04-03T01:07:04.498400921Z","FinishedAt":"0001-01-01T00:00:00Z"},"Image":"sha256:c7c54c29e20dccc1aefb936c8eba8bb8b98b87a4921102aba87fde2df5810af9","ResolvConfPath":"/var/lib/docker/containers/511b2d736fd4c4da08b79110fd21fdaa756368e4971eb130f8114450b3efc085/resolv.conf","HostnamePath":"/var/lib/docker/containers/511b2d736fd4c4da08b79110fd21fdaa756368e4971eb130f8114450b3efc085/hostname","HostsPath":"/var/lib/docker/containers/511b2d736fd4c4da08b79110fd21fdaa756368e4971eb130f8114450b3efc085/hosts","LogPath":"/var/lib/docker/containers/511b2d736fd4c4da08b79110fd21fdaa756368e4971eb130f8114450b3efc085/511b2d736fd4c4da08b79110fd21fdaa756368e4971eb130f8114450b3efc085-json.log","Name":"/elastic_easley","RestartCount":0,"Driver":"overlay2","Platform":"linux","MountLabel":"","ProcessLabel":"","AppArmorProfile":"","ExecIDs":null,"HostConfig":{"Binds":[],"ContainerIDFile":"","LogConfig":{"Type":"json-file","Config":{}},"NetworkMode":"default","PortBindings":{"3306/tcp":[{"HostIp":"0.0.0.0","HostPort":"0"}]},"RestartPolicy":{"Name":"","MaximumRetryCount":0},"AutoRemove":false,"VolumeDriver":"","VolumesFrom":[],"CapAdd":null,"CapDrop":null,"CgroupnsMode":"private","Dns":null,"DnsOptions":null,"DnsSearch":null,"ExtraHosts":[],"GroupAdd":null,"IpcMode":"shareable","Cgroup":"","Links":null,"OomScoreAdj":0,"PidMode":"","Privileged":false,"PublishAllPorts":false,"ReadonlyRootfs":false,"SecurityOpt":null,"UTSMode":"","UsernsMode":"","ShmSize":67108864,"Runtime":"runc","ConsoleSize":[0,0],"Isolation":"","CpuShares":0,"Memory":0,"NanoCpus":0,"CgroupParent":"","BlkioWeight":0,"BlkioWeightDevice":null,"BlkioDeviceReadBps":null,"BlkioDeviceWriteBps":null,"BlkioDeviceReadIOps":null,"BlkioDeviceWriteIOps":null,"CpuPeriod":0,"CpuQuota":0,"CpuRealtimePeriod":0,"CpuRealtimeRuntime":0,"CpusetCpus":"","CpusetMems":"","Devices":null,"DeviceCgroupRules":null,"DeviceRequests":null,"KernelMemory":0,"KernelMemoryTCP":0,"MemoryReservation":0,"MemorySwap":0,"MemorySwappiness":null,"OomKillDisable":null,"PidsLimit":null,"Ulimits":null,"CpuCount":0,"CpuPercent":0,"IOMaximumIOps":0,"IOMaximumBandwidth":0,"MaskedPaths":["/proc/asound","/proc/acpi","/proc/kcore","/proc/keys","/proc/latency_stats","/proc/timer_list","/proc/timer_stats","/proc/sched_debug","/proc/scsi","/sys/firmware"],"ReadonlyPaths":["/proc/bus","/proc/fs","/proc/irq","/proc/sys","/proc/sysrq-trigger"]},"GraphDriver":{"Data":{"LowerDir":"/var/lib/docker/overlay2/5ada145d0e3939fe5ed2118eea99b9f10241aeee200293145c73dce66470a568-init/diff:/var/lib/docker/overlay2/1bd8849d7a296305617011f940aa5cfabbe972a513397b1b6bbc27639b6c1f30/diff:/var/lib/docker/overlay2/199d69b2fbf78af4d4c95dec4fd2f8835ab0347eb49fb20ebb2ff3b99fedd6ad/diff:/var/lib/docker/overlay2/d83c38d654989311f75b9491329846033bfb7714de76ef635380dcfad5c740d9/diff:/var/lib/docker/overlay2/08600d0aea2ab2728bebcf5d2589c640a842f53d1ba3c4a4adccb4d03b923cf6/diff:/var/lib/docker/overlay2/9ec7c63a3fb14d13ac788bbf5e282ca821edc41260b79944e5e631037d13ecda/diff:/var/lib/docker/overlay2/db601d7a1b4ea6da638db620462f0da96fa55c559d02269c9ddb09027936ed87/diff:/var/lib/docker/overlay2/a6d2bd03f942e2565f21e74cfe152c7ec836a1c2b583f0790c685b92bdcfda24/diff:/var/lib/docker/overlay2/9badd16ea2c5e2bf1fde8b579683e41137dfc46ed5449234149f199a6751cc84/diff:/var/lib/docker/overlay2/6efb85646ed12e2d1181ef4cc6f6f6732c00c15a4035fe17ebc4f075ca573c30/diff:/var/lib/docker/overlay2/895d7c0ec09144d6ed33936f4e98e11c18010f7abd708cae1ce43aec7a7f2621/diff:/var/lib/docker/overlay2/1c4ba77aa573ab6e5e5069fd15eae71b3da940bde0f97a922a227ffc8a1d1096/diff","MergedDir":"/var/lib/docker/overlay2/5ada145d0e3939fe5ed2118eea99b9f10241aeee200293145c73dce66470a568/merged","UpperDir":"/var/lib/docker/overlay2/5ada145d0e3939fe5ed2118eea99b9f10241aeee200293145c73dce66470a568/diff","WorkDir":"/var/lib/docker/overlay2/5ada145d0e3939fe5ed2118eea99b9f10241aeee200293145c73dce66470a568/work"},"Name":"overlay2"},"Mounts":[{"Type":"volume","Name":"ac6dcf572a35a68e3a3a5bdf3d1899d89919b8e0b6d7a1beb9c6b19978c4e863","Source":"/var/lib/docker/volumes/ac6dcf572a35a68e3a3a5bdf3d1899d89919b8e0b6d7a1beb9c6b19978c4e863/_data","Destination":"/var/lib/mysql","Driver":"local","Mode":"","RW":true,"Propagation":""}],"Config":{"Hostname":"511b2d736fd4","Domainname":"","User":"","AttachStdin":false,"AttachStdout":false,"AttachStderr":false,"ExposedPorts":{"3306/tcp":{},"33060/tcp":{}},"Tty":false,"OpenStdin":false,"StdinOnce":false,"Env":["MYSQL_DATABASE=adm_videos","MYSQL_PASSWORD=123456","MYSQL_ROOT_PASSWORD=123456","PATH=/usr/local/sbin:/usr/local/bin:/usr/sbin:/usr/bin:/sbin:/bin","GOSU_VERSION=1.16","MYSQL_MAJOR=8.0","MYSQL_VERSION=8.0.32-1.el8","MYSQL_SHELL_VERSION=8.0.32-1.el8"],"Cmd":["mysqld"],"Image":"mysql:latest","Volumes":{"/var/lib/mysql":{}},"WorkingDir":"","Entrypoint":["docker-entrypoint.sh"],"OnBuild":null,"Labels":{"org.testcontainers":"true","org.testcontainers.lang":"java","org.testcontainers.sessionId":"c721e8e0-dbbd-4305-a748-6be2465f786d","org.testcontainers.version":"1.17.6"}},"NetworkSettings":{"Bridge":"","SandboxID":"23a51dba07b22c8536581cd39611755923749e16a93a45ce75c5c8a4a7759981","HairpinMode":false,"LinkLocalIPv6Address":"","LinkLocalIPv6PrefixLen":0,"Ports":{"3306/tcp":[{"HostIp":"0.0.0.0","HostPort":"50897"}],"33060/tcp":null},"SandboxKey":"/var/run/docker/netns/23a51dba07b2","SecondaryIPAddresses":null,"SecondaryIPv6Addresses":null,"EndpointID":"692f30c6e93a1486104b6273bdc38b1f926e45528d0b3ff49b5fe2d91ed6b329","Gateway":"172.17.0.1","GlobalIPv6Address":"","GlobalIPv6PrefixLen":0,"IPAddress":"172.17.0.3","IPPrefixLen":16,"IPv6Gateway":"","MacAddress":"02:42:ac:11:00:03","Networks":{"bridge":{"IPAMConfig":null,"Links":null,"Aliases":null,"NetworkID":"eba6fdf7ebe51912c859fc2dc83d1407a50db03ea3c296d90f885e8af84b6e93","EndpointID":"692f30c6e93a1486104b6273bdc38b1f926e45528d0b3ff49b5fe2d91ed6b329","Gateway":"172.17.0.1","IPAddress":"172.17.0.3","IPPrefixLen":16,"IPv6Gateway":"","GlobalIPv6Address":"","GlobalIPv6PrefixLen":0,"MacAddress":"02:42:ac:11:00:03","DriverOpts":null}}}}[\n]"
22:07:06.659 [Test worker] DEBUG com.github.dockerjava.zerodep.shaded.org.apache.hc.client5.http.wire - http-outgoing-2 << "[\r][\n]"
22:07:06.660 [Test worker] DEBUG com.github.dockerjava.zerodep.shaded.org.apache.hc.client5.http.wire - http-outgoing-2 << "0[\r][\n]"
22:07:06.660 [Test worker] DEBUG com.github.dockerjava.zerodep.shaded.org.apache.hc.client5.http.wire - http-outgoing-2 << "[\r][\n]"
22:07:06.660 [Test worker] DEBUG com.github.dockerjava.zerodep.shaded.org.apache.hc.client5.http.impl.classic.InternalHttpClient - ep-0000001E: releasing valid endpoint
22:07:06.660 [Test worker] DEBUG com.github.dockerjava.zerodep.shaded.org.apache.hc.client5.http.impl.io.PoolingHttpClientConnectionManager - ep-0000001E: releasing endpoint
22:07:06.660 [Test worker] DEBUG com.github.dockerjava.zerodep.shaded.org.apache.hc.client5.http.impl.io.PoolingHttpClientConnectionManager - ep-0000001E: connection http-outgoing-2 can be kept alive for 3 MINUTES
22:07:06.660 [Test worker] DEBUG com.github.dockerjava.zerodep.shaded.org.apache.hc.client5.http.impl.io.PoolingHttpClientConnectionManager - ep-0000001E: connection released [route: {}->unix://localhost:2375][total available: 1; route allocated: 1 of 2147483647; total allocated: 1 of 2147483647]
22:07:06.661 [Test worker] DEBUG ]]>&#x1f433;<![CDATA[ [mysql:latest] - Trying to create JDBC connection using com.mysql.cj.jdbc.Driver to jdbc:mysql://localhost:50897/adm_videos?useSSL=false&allowPublicKeyRetrieval=true with properties: {password=123456, user=root}
22:07:06.764 [Test worker] DEBUG org.testcontainers.shaded.com.github.dockerjava.core.command.AbstrDockerCmd - Cmd: 511b2d736fd4c4da08b79110fd21fdaa756368e4971eb130f8114450b3efc085,false
22:07:06.765 [Test worker] DEBUG org.testcontainers.shaded.com.github.dockerjava.core.exec.InspectContainerCmdExec - GET: DefaultWebTarget{path=[/containers/511b2d736fd4c4da08b79110fd21fdaa756368e4971eb130f8114450b3efc085/json], queryParams={}}
22:07:06.766 [Test worker] DEBUG com.github.dockerjava.zerodep.shaded.org.apache.hc.client5.http.impl.classic.InternalHttpClient - ex-00000020: preparing request execution
22:07:06.766 [Test worker] DEBUG com.github.dockerjava.zerodep.shaded.org.apache.hc.client5.http.protocol.RequestAddCookies - Cookie spec selected: strict
22:07:06.768 [Test worker] DEBUG com.github.dockerjava.zerodep.shaded.org.apache.hc.client5.http.protocol.RequestAuthCache - Auth cache not set in the context
22:07:06.768 [Test worker] DEBUG com.github.dockerjava.zerodep.shaded.org.apache.hc.client5.http.impl.classic.ProtocolExec - ex-00000020: target auth state: UNCHALLENGED
22:07:06.768 [Test worker] DEBUG com.github.dockerjava.zerodep.shaded.org.apache.hc.client5.http.impl.classic.ProtocolExec - ex-00000020: proxy auth state: UNCHALLENGED
22:07:06.768 [Test worker] DEBUG com.github.dockerjava.zerodep.shaded.org.apache.hc.client5.http.impl.classic.ConnectExec - ex-00000020: acquiring connection with route {}->unix://localhost:2375
22:07:06.768 [Test worker] DEBUG com.github.dockerjava.zerodep.shaded.org.apache.hc.client5.http.impl.classic.InternalHttpClient - ex-00000020: acquiring endpoint (3 MINUTES)
22:07:06.769 [Test worker] DEBUG com.github.dockerjava.zerodep.shaded.org.apache.hc.client5.http.impl.io.PoolingHttpClientConnectionManager - ex-00000020: endpoint lease request (3 MINUTES) [route: {}->unix://localhost:2375][total available: 1; route allocated: 1 of 2147483647; total allocated: 1 of 2147483647]
22:07:06.769 [Test worker] DEBUG com.github.dockerjava.zerodep.shaded.org.apache.hc.client5.http.impl.io.PoolingHttpClientConnectionManager - ex-00000020: endpoint leased [route: {}->unix://localhost:2375][total available: 0; route allocated: 1 of 2147483647; total allocated: 1 of 2147483647]
22:07:06.769 [Test worker] DEBUG com.github.dockerjava.zerodep.shaded.org.apache.hc.client5.http.impl.io.PoolingHttpClientConnectionManager - ex-00000020: acquired ep-0000001F
22:07:06.769 [Test worker] DEBUG com.github.dockerjava.zerodep.shaded.org.apache.hc.client5.http.impl.classic.InternalHttpClient - ex-00000020: acquired endpoint ep-0000001F
22:07:06.769 [Test worker] DEBUG com.github.dockerjava.zerodep.shaded.org.apache.hc.client5.http.impl.classic.MainClientExec - ex-00000020: executing GET /v1.32/containers/511b2d736fd4c4da08b79110fd21fdaa756368e4971eb130f8114450b3efc085/json HTTP/1.1
22:07:06.769 [Test worker] DEBUG com.github.dockerjava.zerodep.shaded.org.apache.hc.client5.http.impl.classic.InternalHttpClient - ep-0000001F: start execution ex-00000020
22:07:06.769 [Test worker] DEBUG com.github.dockerjava.zerodep.shaded.org.apache.hc.client5.http.impl.io.PoolingHttpClientConnectionManager - ep-0000001F: executing exchange ex-00000020 over http-outgoing-2
22:07:06.769 [Test worker] DEBUG com.github.dockerjava.zerodep.shaded.org.apache.hc.client5.http.headers - http-outgoing-2 >> GET /v1.32/containers/511b2d736fd4c4da08b79110fd21fdaa756368e4971eb130f8114450b3efc085/json HTTP/1.1
22:07:06.769 [Test worker] DEBUG com.github.dockerjava.zerodep.shaded.org.apache.hc.client5.http.headers - http-outgoing-2 >> accept: application/json
22:07:06.769 [Test worker] DEBUG com.github.dockerjava.zerodep.shaded.org.apache.hc.client5.http.headers - http-outgoing-2 >> x-tc-sid: c721e8e0-dbbd-4305-a748-6be2465f786d
22:07:06.769 [Test worker] DEBUG com.github.dockerjava.zerodep.shaded.org.apache.hc.client5.http.headers - http-outgoing-2 >> Accept-Encoding: gzip, x-gzip, deflate
22:07:06.769 [Test worker] DEBUG com.github.dockerjava.zerodep.shaded.org.apache.hc.client5.http.headers - http-outgoing-2 >> Host: localhost:2375
22:07:06.769 [Test worker] DEBUG com.github.dockerjava.zerodep.shaded.org.apache.hc.client5.http.headers - http-outgoing-2 >> Connection: keep-alive
22:07:06.769 [Test worker] DEBUG com.github.dockerjava.zerodep.shaded.org.apache.hc.client5.http.headers - http-outgoing-2 >> User-Agent: Apache-HttpClient/5.0.3 (Java/17.0.2)
22:07:06.769 [Test worker] DEBUG com.github.dockerjava.zerodep.shaded.org.apache.hc.client5.http.wire - http-outgoing-2 >> "GET /v1.32/containers/511b2d736fd4c4da08b79110fd21fdaa756368e4971eb130f8114450b3efc085/json HTTP/1.1[\r][\n]"
22:07:06.769 [Test worker] DEBUG com.github.dockerjava.zerodep.shaded.org.apache.hc.client5.http.wire - http-outgoing-2 >> "accept: application/json[\r][\n]"
22:07:06.769 [Test worker] DEBUG com.github.dockerjava.zerodep.shaded.org.apache.hc.client5.http.wire - http-outgoing-2 >> "x-tc-sid: c721e8e0-dbbd-4305-a748-6be2465f786d[\r][\n]"
22:07:06.770 [Test worker] DEBUG com.github.dockerjava.zerodep.shaded.org.apache.hc.client5.http.wire - http-outgoing-2 >> "Accept-Encoding: gzip, x-gzip, deflate[\r][\n]"
22:07:06.770 [Test worker] DEBUG com.github.dockerjava.zerodep.shaded.org.apache.hc.client5.http.wire - http-outgoing-2 >> "Host: localhost:2375[\r][\n]"
22:07:06.770 [Test worker] DEBUG com.github.dockerjava.zerodep.shaded.org.apache.hc.client5.http.wire - http-outgoing-2 >> "Connection: keep-alive[\r][\n]"
22:07:06.770 [Test worker] DEBUG com.github.dockerjava.zerodep.shaded.org.apache.hc.client5.http.wire - http-outgoing-2 >> "User-Agent: Apache-HttpClient/5.0.3 (Java/17.0.2)[\r][\n]"
22:07:06.770 [Test worker] DEBUG com.github.dockerjava.zerodep.shaded.org.apache.hc.client5.http.wire - http-outgoing-2 >> "[\r][\n]"
22:07:06.772 [Test worker] DEBUG com.github.dockerjava.zerodep.shaded.org.apache.hc.client5.http.wire - http-outgoing-2 << "HTTP/1.1 200 OK[\r][\n]"
22:07:06.772 [Test worker] DEBUG com.github.dockerjava.zerodep.shaded.org.apache.hc.client5.http.wire - http-outgoing-2 << "Api-Version: 1.41[\r][\n]"
22:07:06.772 [Test worker] DEBUG com.github.dockerjava.zerodep.shaded.org.apache.hc.client5.http.wire - http-outgoing-2 << "Content-Type: application/json[\r][\n]"
22:07:06.772 [Test worker] DEBUG com.github.dockerjava.zerodep.shaded.org.apache.hc.client5.http.wire - http-outgoing-2 << "Date: Mon, 03 Apr 2023 01:07:06 GMT[\r][\n]"
22:07:06.772 [Test worker] DEBUG com.github.dockerjava.zerodep.shaded.org.apache.hc.client5.http.wire - http-outgoing-2 << "Docker-Experimental: false[\r][\n]"
22:07:06.772 [Test worker] DEBUG com.github.dockerjava.zerodep.shaded.org.apache.hc.client5.http.wire - http-outgoing-2 << "Ostype: linux[\r][\n]"
22:07:06.772 [Test worker] DEBUG com.github.dockerjava.zerodep.shaded.org.apache.hc.client5.http.wire - http-outgoing-2 << "Server: Docker/20.10.21 (linux)[\r][\n]"
22:07:06.772 [Test worker] DEBUG com.github.dockerjava.zerodep.shaded.org.apache.hc.client5.http.wire - http-outgoing-2 << "Transfer-Encoding: chunked[\r][\n]"
22:07:06.772 [Test worker] DEBUG com.github.dockerjava.zerodep.shaded.org.apache.hc.client5.http.wire - http-outgoing-2 << "[\r][\n]"
22:07:06.772 [Test worker] DEBUG com.github.dockerjava.zerodep.shaded.org.apache.hc.client5.http.headers - http-outgoing-2 << HTTP/1.1 200 OK
22:07:06.772 [Test worker] DEBUG com.github.dockerjava.zerodep.shaded.org.apache.hc.client5.http.headers - http-outgoing-2 << Api-Version: 1.41
22:07:06.772 [Test worker] DEBUG com.github.dockerjava.zerodep.shaded.org.apache.hc.client5.http.headers - http-outgoing-2 << Content-Type: application/json
22:07:06.772 [Test worker] DEBUG com.github.dockerjava.zerodep.shaded.org.apache.hc.client5.http.headers - http-outgoing-2 << Date: Mon, 03 Apr 2023 01:07:06 GMT
22:07:06.772 [Test worker] DEBUG com.github.dockerjava.zerodep.shaded.org.apache.hc.client5.http.headers - http-outgoing-2 << Docker-Experimental: false
22:07:06.772 [Test worker] DEBUG com.github.dockerjava.zerodep.shaded.org.apache.hc.client5.http.headers - http-outgoing-2 << Ostype: linux
22:07:06.772 [Test worker] DEBUG com.github.dockerjava.zerodep.shaded.org.apache.hc.client5.http.headers - http-outgoing-2 << Server: Docker/20.10.21 (linux)
22:07:06.772 [Test worker] DEBUG com.github.dockerjava.zerodep.shaded.org.apache.hc.client5.http.headers - http-outgoing-2 << Transfer-Encoding: chunked
22:07:06.772 [Test worker] DEBUG com.github.dockerjava.zerodep.shaded.org.apache.hc.client5.http.impl.classic.MainClientExec - ex-00000020: connection can be kept alive for 3 MINUTES
22:07:06.773 [Test worker] DEBUG com.github.dockerjava.zerodep.shaded.org.apache.hc.client5.http.wire - http-outgoing-2 << "18c0[\r][\n]"
22:07:06.773 [Test worker] DEBUG com.github.dockerjava.zerodep.shaded.org.apache.hc.client5.http.wire - http-outgoing-2 << "{"Id":"511b2d736fd4c4da08b79110fd21fdaa756368e4971eb130f8114450b3efc085","Created":"2023-04-03T01:07:04.201309337Z","Path":"docker-entrypoint.sh","Args":["mysqld"],"State":{"Status":"running","Running":true,"Paused":false,"Restarting":false,"OOMKilled":false,"Dead":false,"Pid":2724,"ExitCode":0,"Error":"","StartedAt":"2023-04-03T01:07:04.498400921Z","FinishedAt":"0001-01-01T00:00:00Z"},"Image":"sha256:c7c54c29e20dccc1aefb936c8eba8bb8b98b87a4921102aba87fde2df5810af9","ResolvConfPath":"/var/lib/docker/containers/511b2d736fd4c4da08b79110fd21fdaa756368e4971eb130f8114450b3efc085/resolv.conf","HostnamePath":"/var/lib/docker/containers/511b2d736fd4c4da08b79110fd21fdaa756368e4971eb130f8114450b3efc085/hostname","HostsPath":"/var/lib/docker/containers/511b2d736fd4c4da08b79110fd21fdaa756368e4971eb130f8114450b3efc085/hosts","LogPath":"/var/lib/docker/containers/511b2d736fd4c4da08b79110fd21fdaa756368e4971eb130f8114450b3efc085/511b2d736fd4c4da08b79110fd21fdaa756368e4971eb130f8114450b3efc085-json.log","Name":"/elastic_easley","RestartCount":0,"Driver":"overlay2","Platform":"linux","MountLabel":"","ProcessLabel":"","AppArmorProfile":"","ExecIDs":null,"HostConfig":{"Binds":[],"ContainerIDFile":"","LogConfig":{"Type":"json-file","Config":{}},"NetworkMode":"default","PortBindings":{"3306/tcp":[{"HostIp":"0.0.0.0","HostPort":"0"}]},"RestartPolicy":{"Name":"","MaximumRetryCount":0},"AutoRemove":false,"VolumeDriver":"","VolumesFrom":[],"CapAdd":null,"CapDrop":null,"CgroupnsMode":"private","Dns":null,"DnsOptions":null,"DnsSearch":null,"ExtraHosts":[],"GroupAdd":null,"IpcMode":"shareable","Cgroup":"","Links":null,"OomScoreAdj":0,"PidMode":"","Privileged":false,"PublishAllPorts":false,"ReadonlyRootfs":false,"SecurityOpt":null,"UTSMode":"","UsernsMode":"","ShmSize":67108864,"Runtime":"runc","ConsoleSize":[0,0],"Isolation":"","CpuShares":0,"Memory":0,"NanoCpus":0,"CgroupParent":"","BlkioWeight":0,"BlkioWeightDevice":null,"BlkioDeviceReadBps":null,"BlkioDeviceWriteBps":null,"BlkioDeviceReadIOps":null,"BlkioDeviceWriteIOps":null,"CpuPeriod":0,"CpuQuota":0,"CpuRealtimePeriod":0,"CpuRealtimeRuntime":0,"CpusetCpus":"","CpusetMems":"","Devices":null,"DeviceCgroupRules":null,"DeviceRequests":null,"KernelMemory":0,"KernelMemoryTCP":0,"MemoryReservation":0,"MemorySwap":0,"MemorySwappiness":null,"OomKillDisable":null,"PidsLimit":null,"Ulimits":null,"CpuCount":0,"CpuPercent":0,"IOMaximumIOps":0,"IOMaximumBandwidth":0,"MaskedPaths":["/proc/asound","/proc/acpi","/proc/kcore","/proc/keys","/proc/latency_stats","/proc/timer_list","/proc/timer_stats","/proc/sched_debug","/proc/scsi","/sys/firmware"],"ReadonlyPaths":["/proc/bus","/proc/fs","/proc/irq","/proc/sys","/proc/sysrq-trigger"]},"GraphDriver":{"Data":{"LowerDir":"/var/lib/docker/overlay2/5ada145d0e3939fe5ed2118eea99b9f10241aeee200293145c73dce66470a568-init/diff:/var/lib/docker/overlay2/1bd8849d7a296305617011f940aa5cfabbe972a513397b1b6bbc27639b6c1f30/diff:/var/lib/docker/overlay2/199d69b2fbf78af4d4c95dec4fd2f8835ab0347eb49fb20ebb2ff3b99fedd6ad/diff:/var/lib/docker/overlay2/d83c38d654989311f75b9491329846033bfb7714de76ef635380dcfad5c740d9/diff:/var/lib/docker/overlay2/08600d0aea2ab2728bebcf5d2589c640a842f53d1ba3c4a4adccb4d03b923cf6/diff:/var/lib/docker/overlay2/9ec7c63a3fb14d13ac788bbf5e282ca821edc41260b79944e5e631037d13ecda/diff:/var/lib/docker/overlay2/db601d7a1b4ea6da638db620462f0da96fa55c559d02269c9ddb09027936ed87/diff:/var/lib/docker/overlay2/a6d2bd03f942e2565f21e74cfe152c7ec836a1c2b583f0790c685b92bdcfda24/diff:/var/lib/docker/overlay2/9badd16ea2c5e2bf1fde8b579683e41137dfc46ed5449234149f199a6751cc84/diff:/var/lib/docker/overlay2/6efb85646ed12e2d1181ef4cc6f6f6732c00c15a4035fe17ebc4f075ca573c30/diff:/var/lib/docker/overlay2/895d7c0ec09144d6ed33936f4e98e11c18010f7abd708cae1ce43aec7a7f2621/diff:/var/lib/docker/overlay2/1c4ba77aa573ab6e5e5069fd15eae71b3da940bde0f97a922a227ffc8a1d1096/diff","MergedDir":"/var/lib/docker/overlay2/5ada145d0e3939fe5ed2118eea99b9f10241aeee200293145c73dce66470a568/merged","UpperDir":"/var/lib/docker/overlay2/5ada145d0e3939fe5ed2118eea99b9f10241aeee200293145c73dce66470a568/diff","WorkDir":"/var/lib/docker/overlay2/5ada145d0e3939fe5ed2118eea99b9f10241aeee200293145c73dce66470a568/work"},"Name":"overlay2"},"Mounts":[{"Type":"volume","Name":"ac6dcf572a35a68e3a3a5bdf3d1899d89919b8e0b6d7a1beb9c6b19978c4e863","Source":"/var/lib/docker/volumes/ac6dcf572a35a68e3a3a5bdf3d1899d89919b8e0b6d7a1beb9c6b19978c4e863/_data","Destination":"/var/lib/mysql","Driver":"local","Mode":"","RW":true,"Propagation":""}],"Config":{"Hostname":"511b2d736fd4","Domainname":"","User":"","AttachStdin":false,"AttachStdout":false,"AttachStderr":false,"ExposedPorts":{"3306/tcp":{},"33060/tcp":{}},"Tty":false,"OpenStdin":false,"StdinOnce":false,"Env":["MYSQL_DATABASE=adm_videos","MYSQL_PASSWORD=123456","MYSQL_ROOT_PASSWORD=123456","PATH=/usr/local/sbin:/usr/local/bin:/usr/sbin:/usr/bin:/sbin:/bin","GOSU_VERSION=1.16","MYSQL_MAJOR=8.0","MYSQL_VERSION=8.0.32-1.el8","MYSQL_SHELL_VERSION=8.0.32-1.el8"],"Cmd":["mysqld"],"Image":"mysql:latest","Volumes":{"/var/lib/mysql":{}},"WorkingDir":"","Entrypoint":["docker-entrypoint.sh"],"OnBuild":null,"Labels":{"org.testcontainers":"true","org.testcontainers.lang":"java","org.testcontainers.sessionId":"c721e8e0-dbbd-4305-a748-6be2465f786d","org.testcontainers.version":"1.17.6"}},"NetworkSettings":{"Bridge":"","SandboxID":"23a51dba07b22c8536581cd39611755923749e16a93a45ce75c5c8a4a7759981","HairpinMode":false,"LinkLocalIPv6Address":"","LinkLocalIPv6PrefixLen":0,"Ports":{"3306/tcp":[{"HostIp":"0.0.0.0","HostPort":"50897"}],"33060/tcp":null},"SandboxKey":"/var/run/docker/netns/23a51dba07b2","SecondaryIPAddresses":null,"SecondaryIPv6Addresses":null,"EndpointID":"692f30c6e93a1486104b6273bdc38b1f926e45528d0b3ff49b5fe2d91ed6b329","Gateway":"172.17.0.1","GlobalIPv6Address":"","GlobalIPv6PrefixLen":0,"IPAddress":"172.17.0.3","IPPrefixLen":16,"IPv6Gateway":"","MacAddress":"02:42:ac:11:00:03","Networks":{"bridge":{"IPAMConfig":null,"Links":null,"Aliases":null,"NetworkID":"eba6fdf7ebe51912c859fc2dc83d1407a50db03ea3c296d90f885e8af84b6e93","EndpointID":"692f30c6e93a1486104b6273bdc38b1f926e45528d0b3ff49b5fe2d91ed6b329","Gateway":"172.17.0.1","IPAddress":"172.17.0.3","IPPrefixLen":16,"IPv6Gateway":"","GlobalIPv6Address":"","GlobalIPv6PrefixLen":0,"MacAddress":"02:42:ac:11:00:03","DriverOpts":null}}}}[\n]"
22:07:06.773 [Test worker] DEBUG com.github.dockerjava.zerodep.shaded.org.apache.hc.client5.http.wire - http-outgoing-2 << "[\r][\n]"
22:07:06.774 [Test worker] DEBUG com.github.dockerjava.zerodep.shaded.org.apache.hc.client5.http.wire - http-outgoing-2 << "0[\r][\n]"
22:07:06.774 [Test worker] DEBUG com.github.dockerjava.zerodep.shaded.org.apache.hc.client5.http.wire - http-outgoing-2 << "[\r][\n]"
22:07:06.774 [Test worker] DEBUG com.github.dockerjava.zerodep.shaded.org.apache.hc.client5.http.impl.classic.InternalHttpClient - ep-0000001F: releasing valid endpoint
22:07:06.774 [Test worker] DEBUG com.github.dockerjava.zerodep.shaded.org.apache.hc.client5.http.impl.io.PoolingHttpClientConnectionManager - ep-0000001F: releasing endpoint
22:07:06.774 [Test worker] DEBUG com.github.dockerjava.zerodep.shaded.org.apache.hc.client5.http.impl.io.PoolingHttpClientConnectionManager - ep-0000001F: connection http-outgoing-2 can be kept alive for 3 MINUTES
22:07:06.774 [Test worker] DEBUG com.github.dockerjava.zerodep.shaded.org.apache.hc.client5.http.impl.io.PoolingHttpClientConnectionManager - ep-0000001F: connection released [route: {}->unix://localhost:2375][total available: 1; route allocated: 1 of 2147483647; total allocated: 1 of 2147483647]
22:07:06.774 [Test worker] DEBUG ]]>&#x1f433;<![CDATA[ [mysql:latest] - Trying to create JDBC connection using com.mysql.cj.jdbc.Driver to jdbc:mysql://localhost:50897/adm_videos?useSSL=false&allowPublicKeyRetrieval=true with properties: {password=123456, user=root}
22:07:06.881 [Test worker] DEBUG org.testcontainers.shaded.com.github.dockerjava.core.command.AbstrDockerCmd - Cmd: 511b2d736fd4c4da08b79110fd21fdaa756368e4971eb130f8114450b3efc085,false
22:07:06.882 [Test worker] DEBUG org.testcontainers.shaded.com.github.dockerjava.core.exec.InspectContainerCmdExec - GET: DefaultWebTarget{path=[/containers/511b2d736fd4c4da08b79110fd21fdaa756368e4971eb130f8114450b3efc085/json], queryParams={}}
22:07:06.882 [Test worker] DEBUG com.github.dockerjava.zerodep.shaded.org.apache.hc.client5.http.impl.classic.InternalHttpClient - ex-00000021: preparing request execution
22:07:06.882 [Test worker] DEBUG com.github.dockerjava.zerodep.shaded.org.apache.hc.client5.http.protocol.RequestAddCookies - Cookie spec selected: strict
22:07:06.883 [Test worker] DEBUG com.github.dockerjava.zerodep.shaded.org.apache.hc.client5.http.protocol.RequestAuthCache - Auth cache not set in the context
22:07:06.883 [Test worker] DEBUG com.github.dockerjava.zerodep.shaded.org.apache.hc.client5.http.impl.classic.ProtocolExec - ex-00000021: target auth state: UNCHALLENGED
22:07:06.883 [Test worker] DEBUG com.github.dockerjava.zerodep.shaded.org.apache.hc.client5.http.impl.classic.ProtocolExec - ex-00000021: proxy auth state: UNCHALLENGED
22:07:06.883 [Test worker] DEBUG com.github.dockerjava.zerodep.shaded.org.apache.hc.client5.http.impl.classic.ConnectExec - ex-00000021: acquiring connection with route {}->unix://localhost:2375
22:07:06.883 [Test worker] DEBUG com.github.dockerjava.zerodep.shaded.org.apache.hc.client5.http.impl.classic.InternalHttpClient - ex-00000021: acquiring endpoint (3 MINUTES)
22:07:06.883 [Test worker] DEBUG com.github.dockerjava.zerodep.shaded.org.apache.hc.client5.http.impl.io.PoolingHttpClientConnectionManager - ex-00000021: endpoint lease request (3 MINUTES) [route: {}->unix://localhost:2375][total available: 1; route allocated: 1 of 2147483647; total allocated: 1 of 2147483647]
22:07:06.883 [Test worker] DEBUG com.github.dockerjava.zerodep.shaded.org.apache.hc.client5.http.impl.io.PoolingHttpClientConnectionManager - ex-00000021: endpoint leased [route: {}->unix://localhost:2375][total available: 0; route allocated: 1 of 2147483647; total allocated: 1 of 2147483647]
22:07:06.883 [Test worker] DEBUG com.github.dockerjava.zerodep.shaded.org.apache.hc.client5.http.impl.io.PoolingHttpClientConnectionManager - ex-00000021: acquired ep-00000020
22:07:06.883 [Test worker] DEBUG com.github.dockerjava.zerodep.shaded.org.apache.hc.client5.http.impl.classic.InternalHttpClient - ex-00000021: acquired endpoint ep-00000020
22:07:06.883 [Test worker] DEBUG com.github.dockerjava.zerodep.shaded.org.apache.hc.client5.http.impl.classic.MainClientExec - ex-00000021: executing GET /v1.32/containers/511b2d736fd4c4da08b79110fd21fdaa756368e4971eb130f8114450b3efc085/json HTTP/1.1
22:07:06.883 [Test worker] DEBUG com.github.dockerjava.zerodep.shaded.org.apache.hc.client5.http.impl.classic.InternalHttpClient - ep-00000020: start execution ex-00000021
22:07:06.883 [Test worker] DEBUG com.github.dockerjava.zerodep.shaded.org.apache.hc.client5.http.impl.io.PoolingHttpClientConnectionManager - ep-00000020: executing exchange ex-00000021 over http-outgoing-2
22:07:06.883 [Test worker] DEBUG com.github.dockerjava.zerodep.shaded.org.apache.hc.client5.http.headers - http-outgoing-2 >> GET /v1.32/containers/511b2d736fd4c4da08b79110fd21fdaa756368e4971eb130f8114450b3efc085/json HTTP/1.1
22:07:06.883 [Test worker] DEBUG com.github.dockerjava.zerodep.shaded.org.apache.hc.client5.http.headers - http-outgoing-2 >> accept: application/json
22:07:06.883 [Test worker] DEBUG com.github.dockerjava.zerodep.shaded.org.apache.hc.client5.http.headers - http-outgoing-2 >> x-tc-sid: c721e8e0-dbbd-4305-a748-6be2465f786d
22:07:06.883 [Test worker] DEBUG com.github.dockerjava.zerodep.shaded.org.apache.hc.client5.http.headers - http-outgoing-2 >> Accept-Encoding: gzip, x-gzip, deflate
22:07:06.883 [Test worker] DEBUG com.github.dockerjava.zerodep.shaded.org.apache.hc.client5.http.headers - http-outgoing-2 >> Host: localhost:2375
22:07:06.883 [Test worker] DEBUG com.github.dockerjava.zerodep.shaded.org.apache.hc.client5.http.headers - http-outgoing-2 >> Connection: keep-alive
22:07:06.883 [Test worker] DEBUG com.github.dockerjava.zerodep.shaded.org.apache.hc.client5.http.headers - http-outgoing-2 >> User-Agent: Apache-HttpClient/5.0.3 (Java/17.0.2)
22:07:06.883 [Test worker] DEBUG com.github.dockerjava.zerodep.shaded.org.apache.hc.client5.http.wire - http-outgoing-2 >> "GET /v1.32/containers/511b2d736fd4c4da08b79110fd21fdaa756368e4971eb130f8114450b3efc085/json HTTP/1.1[\r][\n]"
22:07:06.883 [Test worker] DEBUG com.github.dockerjava.zerodep.shaded.org.apache.hc.client5.http.wire - http-outgoing-2 >> "accept: application/json[\r][\n]"
22:07:06.883 [Test worker] DEBUG com.github.dockerjava.zerodep.shaded.org.apache.hc.client5.http.wire - http-outgoing-2 >> "x-tc-sid: c721e8e0-dbbd-4305-a748-6be2465f786d[\r][\n]"
22:07:06.883 [Test worker] DEBUG com.github.dockerjava.zerodep.shaded.org.apache.hc.client5.http.wire - http-outgoing-2 >> "Accept-Encoding: gzip, x-gzip, deflate[\r][\n]"
22:07:06.883 [Test worker] DEBUG com.github.dockerjava.zerodep.shaded.org.apache.hc.client5.http.wire - http-outgoing-2 >> "Host: localhost:2375[\r][\n]"
22:07:06.883 [Test worker] DEBUG com.github.dockerjava.zerodep.shaded.org.apache.hc.client5.http.wire - http-outgoing-2 >> "Connection: keep-alive[\r][\n]"
22:07:06.883 [Test worker] DEBUG com.github.dockerjava.zerodep.shaded.org.apache.hc.client5.http.wire - http-outgoing-2 >> "User-Agent: Apache-HttpClient/5.0.3 (Java/17.0.2)[\r][\n]"
22:07:06.883 [Test worker] DEBUG com.github.dockerjava.zerodep.shaded.org.apache.hc.client5.http.wire - http-outgoing-2 >> "[\r][\n]"
22:07:06.885 [Test worker] DEBUG com.github.dockerjava.zerodep.shaded.org.apache.hc.client5.http.wire - http-outgoing-2 << "HTTP/1.1 200 OK[\r][\n]"
22:07:06.885 [Test worker] DEBUG com.github.dockerjava.zerodep.shaded.org.apache.hc.client5.http.wire - http-outgoing-2 << "Api-Version: 1.41[\r][\n]"
22:07:06.885 [Test worker] DEBUG com.github.dockerjava.zerodep.shaded.org.apache.hc.client5.http.wire - http-outgoing-2 << "Content-Type: application/json[\r][\n]"
22:07:06.885 [Test worker] DEBUG com.github.dockerjava.zerodep.shaded.org.apache.hc.client5.http.wire - http-outgoing-2 << "Date: Mon, 03 Apr 2023 01:07:06 GMT[\r][\n]"
22:07:06.885 [Test worker] DEBUG com.github.dockerjava.zerodep.shaded.org.apache.hc.client5.http.wire - http-outgoing-2 << "Docker-Experimental: false[\r][\n]"
22:07:06.885 [Test worker] DEBUG com.github.dockerjava.zerodep.shaded.org.apache.hc.client5.http.wire - http-outgoing-2 << "Ostype: linux[\r][\n]"
22:07:06.885 [Test worker] DEBUG com.github.dockerjava.zerodep.shaded.org.apache.hc.client5.http.wire - http-outgoing-2 << "Server: Docker/20.10.21 (linux)[\r][\n]"
22:07:06.885 [Test worker] DEBUG com.github.dockerjava.zerodep.shaded.org.apache.hc.client5.http.wire - http-outgoing-2 << "Transfer-Encoding: chunked[\r][\n]"
22:07:06.885 [Test worker] DEBUG com.github.dockerjava.zerodep.shaded.org.apache.hc.client5.http.wire - http-outgoing-2 << "[\r][\n]"
22:07:06.885 [Test worker] DEBUG com.github.dockerjava.zerodep.shaded.org.apache.hc.client5.http.headers - http-outgoing-2 << HTTP/1.1 200 OK
22:07:06.885 [Test worker] DEBUG com.github.dockerjava.zerodep.shaded.org.apache.hc.client5.http.headers - http-outgoing-2 << Api-Version: 1.41
22:07:06.885 [Test worker] DEBUG com.github.dockerjava.zerodep.shaded.org.apache.hc.client5.http.headers - http-outgoing-2 << Content-Type: application/json
22:07:06.885 [Test worker] DEBUG com.github.dockerjava.zerodep.shaded.org.apache.hc.client5.http.headers - http-outgoing-2 << Date: Mon, 03 Apr 2023 01:07:06 GMT
22:07:06.885 [Test worker] DEBUG com.github.dockerjava.zerodep.shaded.org.apache.hc.client5.http.headers - http-outgoing-2 << Docker-Experimental: false
22:07:06.885 [Test worker] DEBUG com.github.dockerjava.zerodep.shaded.org.apache.hc.client5.http.headers - http-outgoing-2 << Ostype: linux
22:07:06.885 [Test worker] DEBUG com.github.dockerjava.zerodep.shaded.org.apache.hc.client5.http.headers - http-outgoing-2 << Server: Docker/20.10.21 (linux)
22:07:06.885 [Test worker] DEBUG com.github.dockerjava.zerodep.shaded.org.apache.hc.client5.http.headers - http-outgoing-2 << Transfer-Encoding: chunked
22:07:06.885 [Test worker] DEBUG com.github.dockerjava.zerodep.shaded.org.apache.hc.client5.http.impl.classic.MainClientExec - ex-00000021: connection can be kept alive for 3 MINUTES
22:07:06.885 [Test worker] DEBUG com.github.dockerjava.zerodep.shaded.org.apache.hc.client5.http.wire - http-outgoing-2 << "18c0[\r][\n]"
22:07:06.886 [Test worker] DEBUG com.github.dockerjava.zerodep.shaded.org.apache.hc.client5.http.wire - http-outgoing-2 << "{"Id":"511b2d736fd4c4da08b79110fd21fdaa756368e4971eb130f8114450b3efc085","Created":"2023-04-03T01:07:04.201309337Z","Path":"docker-entrypoint.sh","Args":["mysqld"],"State":{"Status":"running","Running":true,"Paused":false,"Restarting":false,"OOMKilled":false,"Dead":false,"Pid":2724,"ExitCode":0,"Error":"","StartedAt":"2023-04-03T01:07:04.498400921Z","FinishedAt":"0001-01-01T00:00:00Z"},"Image":"sha256:c7c54c29e20dccc1aefb936c8eba8bb8b98b87a4921102aba87fde2df5810af9","ResolvConfPath":"/var/lib/docker/containers/511b2d736fd4c4da08b79110fd21fdaa756368e4971eb130f8114450b3efc085/resolv.conf","HostnamePath":"/var/lib/docker/containers/511b2d736fd4c4da08b79110fd21fdaa756368e4971eb130f8114450b3efc085/hostname","HostsPath":"/var/lib/docker/containers/511b2d736fd4c4da08b79110fd21fdaa756368e4971eb130f8114450b3efc085/hosts","LogPath":"/var/lib/docker/containers/511b2d736fd4c4da08b79110fd21fdaa756368e4971eb130f8114450b3efc085/511b2d736fd4c4da08b79110fd21fdaa756368e4971eb130f8114450b3efc085-json.log","Name":"/elastic_easley","RestartCount":0,"Driver":"overlay2","Platform":"linux","MountLabel":"","ProcessLabel":"","AppArmorProfile":"","ExecIDs":null,"HostConfig":{"Binds":[],"ContainerIDFile":"","LogConfig":{"Type":"json-file","Config":{}},"NetworkMode":"default","PortBindings":{"3306/tcp":[{"HostIp":"0.0.0.0","HostPort":"0"}]},"RestartPolicy":{"Name":"","MaximumRetryCount":0},"AutoRemove":false,"VolumeDriver":"","VolumesFrom":[],"CapAdd":null,"CapDrop":null,"CgroupnsMode":"private","Dns":null,"DnsOptions":null,"DnsSearch":null,"ExtraHosts":[],"GroupAdd":null,"IpcMode":"shareable","Cgroup":"","Links":null,"OomScoreAdj":0,"PidMode":"","Privileged":false,"PublishAllPorts":false,"ReadonlyRootfs":false,"SecurityOpt":null,"UTSMode":"","UsernsMode":"","ShmSize":67108864,"Runtime":"runc","ConsoleSize":[0,0],"Isolation":"","CpuShares":0,"Memory":0,"NanoCpus":0,"CgroupParent":"","BlkioWeight":0,"BlkioWeightDevice":null,"BlkioDeviceReadBps":null,"BlkioDeviceWriteBps":null,"BlkioDeviceReadIOps":null,"BlkioDeviceWriteIOps":null,"CpuPeriod":0,"CpuQuota":0,"CpuRealtimePeriod":0,"CpuRealtimeRuntime":0,"CpusetCpus":"","CpusetMems":"","Devices":null,"DeviceCgroupRules":null,"DeviceRequests":null,"KernelMemory":0,"KernelMemoryTCP":0,"MemoryReservation":0,"MemorySwap":0,"MemorySwappiness":null,"OomKillDisable":null,"PidsLimit":null,"Ulimits":null,"CpuCount":0,"CpuPercent":0,"IOMaximumIOps":0,"IOMaximumBandwidth":0,"MaskedPaths":["/proc/asound","/proc/acpi","/proc/kcore","/proc/keys","/proc/latency_stats","/proc/timer_list","/proc/timer_stats","/proc/sched_debug","/proc/scsi","/sys/firmware"],"ReadonlyPaths":["/proc/bus","/proc/fs","/proc/irq","/proc/sys","/proc/sysrq-trigger"]},"GraphDriver":{"Data":{"LowerDir":"/var/lib/docker/overlay2/5ada145d0e3939fe5ed2118eea99b9f10241aeee200293145c73dce66470a568-init/diff:/var/lib/docker/overlay2/1bd8849d7a296305617011f940aa5cfabbe972a513397b1b6bbc27639b6c1f30/diff:/var/lib/docker/overlay2/199d69b2fbf78af4d4c95dec4fd2f8835ab0347eb49fb20ebb2ff3b99fedd6ad/diff:/var/lib/docker/overlay2/d83c38d654989311f75b9491329846033bfb7714de76ef635380dcfad5c740d9/diff:/var/lib/docker/overlay2/08600d0aea2ab2728bebcf5d2589c640a842f53d1ba3c4a4adccb4d03b923cf6/diff:/var/lib/docker/overlay2/9ec7c63a3fb14d13ac788bbf5e282ca821edc41260b79944e5e631037d13ecda/diff:/var/lib/docker/overlay2/db601d7a1b4ea6da638db620462f0da96fa55c559d02269c9ddb09027936ed87/diff:/var/lib/docker/overlay2/a6d2bd03f942e2565f21e74cfe152c7ec836a1c2b583f0790c685b92bdcfda24/diff:/var/lib/docker/overlay2/9badd16ea2c5e2bf1fde8b579683e41137dfc46ed5449234149f199a6751cc84/diff:/var/lib/docker/overlay2/6efb85646ed12e2d1181ef4cc6f6f6732c00c15a4035fe17ebc4f075ca573c30/diff:/var/lib/docker/overlay2/895d7c0ec09144d6ed33936f4e98e11c18010f7abd708cae1ce43aec7a7f2621/diff:/var/lib/docker/overlay2/1c4ba77aa573ab6e5e5069fd15eae71b3da940bde0f97a922a227ffc8a1d1096/diff","MergedDir":"/var/lib/docker/overlay2/5ada145d0e3939fe5ed2118eea99b9f10241aeee200293145c73dce66470a568/merged","UpperDir":"/var/lib/docker/overlay2/5ada145d0e3939fe5ed2118eea99b9f10241aeee200293145c73dce66470a568/diff","WorkDir":"/var/lib/docker/overlay2/5ada145d0e3939fe5ed2118eea99b9f10241aeee200293145c73dce66470a568/work"},"Name":"overlay2"},"Mounts":[{"Type":"volume","Name":"ac6dcf572a35a68e3a3a5bdf3d1899d89919b8e0b6d7a1beb9c6b19978c4e863","Source":"/var/lib/docker/volumes/ac6dcf572a35a68e3a3a5bdf3d1899d89919b8e0b6d7a1beb9c6b19978c4e863/_data","Destination":"/var/lib/mysql","Driver":"local","Mode":"","RW":true,"Propagation":""}],"Config":{"Hostname":"511b2d736fd4","Domainname":"","User":"","AttachStdin":false,"AttachStdout":false,"AttachStderr":false,"ExposedPorts":{"3306/tcp":{},"33060/tcp":{}},"Tty":false,"OpenStdin":false,"StdinOnce":false,"Env":["MYSQL_DATABASE=adm_videos","MYSQL_PASSWORD=123456","MYSQL_ROOT_PASSWORD=123456","PATH=/usr/local/sbin:/usr/local/bin:/usr/sbin:/usr/bin:/sbin:/bin","GOSU_VERSION=1.16","MYSQL_MAJOR=8.0","MYSQL_VERSION=8.0.32-1.el8","MYSQL_SHELL_VERSION=8.0.32-1.el8"],"Cmd":["mysqld"],"Image":"mysql:latest","Volumes":{"/var/lib/mysql":{}},"WorkingDir":"","Entrypoint":["docker-entrypoint.sh"],"OnBuild":null,"Labels":{"org.testcontainers":"true","org.testcontainers.lang":"java","org.testcontainers.sessionId":"c721e8e0-dbbd-4305-a748-6be2465f786d","org.testcontainers.version":"1.17.6"}},"NetworkSettings":{"Bridge":"","SandboxID":"23a51dba07b22c8536581cd39611755923749e16a93a45ce75c5c8a4a7759981","HairpinMode":false,"LinkLocalIPv6Address":"","LinkLocalIPv6PrefixLen":0,"Ports":{"3306/tcp":[{"HostIp":"0.0.0.0","HostPort":"50897"}],"33060/tcp":null},"SandboxKey":"/var/run/docker/netns/23a51dba07b2","SecondaryIPAddresses":null,"SecondaryIPv6Addresses":null,"EndpointID":"692f30c6e93a1486104b6273bdc38b1f926e45528d0b3ff49b5fe2d91ed6b329","Gateway":"172.17.0.1","GlobalIPv6Address":"","GlobalIPv6PrefixLen":0,"IPAddress":"172.17.0.3","IPPrefixLen":16,"IPv6Gateway":"","MacAddress":"02:42:ac:11:00:03","Networks":{"bridge":{"IPAMConfig":null,"Links":null,"Aliases":null,"NetworkID":"eba6fdf7ebe51912c859fc2dc83d1407a50db03ea3c296d90f885e8af84b6e93","EndpointID":"692f30c6e93a1486104b6273bdc38b1f926e45528d0b3ff49b5fe2d91ed6b329","Gateway":"172.17.0.1","IPAddress":"172.17.0.3","IPPrefixLen":16,"IPv6Gateway":"","GlobalIPv6Address":"","GlobalIPv6PrefixLen":0,"MacAddress":"02:42:ac:11:00:03","DriverOpts":null}}}}[\n]"
22:07:06.886 [Test worker] DEBUG com.github.dockerjava.zerodep.shaded.org.apache.hc.client5.http.wire - http-outgoing-2 << "[\r][\n]"
22:07:06.887 [Test worker] DEBUG com.github.dockerjava.zerodep.shaded.org.apache.hc.client5.http.wire - http-outgoing-2 << "0[\r][\n]"
22:07:06.887 [Test worker] DEBUG com.github.dockerjava.zerodep.shaded.org.apache.hc.client5.http.wire - http-outgoing-2 << "[\r][\n]"
22:07:06.887 [Test worker] DEBUG com.github.dockerjava.zerodep.shaded.org.apache.hc.client5.http.impl.classic.InternalHttpClient - ep-00000020: releasing valid endpoint
22:07:06.887 [Test worker] DEBUG com.github.dockerjava.zerodep.shaded.org.apache.hc.client5.http.impl.io.PoolingHttpClientConnectionManager - ep-00000020: releasing endpoint
22:07:06.887 [Test worker] DEBUG com.github.dockerjava.zerodep.shaded.org.apache.hc.client5.http.impl.io.PoolingHttpClientConnectionManager - ep-00000020: connection http-outgoing-2 can be kept alive for 3 MINUTES
22:07:06.887 [Test worker] DEBUG com.github.dockerjava.zerodep.shaded.org.apache.hc.client5.http.impl.io.PoolingHttpClientConnectionManager - ep-00000020: connection released [route: {}->unix://localhost:2375][total available: 1; route allocated: 1 of 2147483647; total allocated: 1 of 2147483647]
22:07:06.887 [Test worker] DEBUG ]]>&#x1f433;<![CDATA[ [mysql:latest] - Trying to create JDBC connection using com.mysql.cj.jdbc.Driver to jdbc:mysql://localhost:50897/adm_videos?useSSL=false&allowPublicKeyRetrieval=true with properties: {password=123456, user=root}
22:07:06.992 [Test worker] DEBUG org.testcontainers.shaded.com.github.dockerjava.core.command.AbstrDockerCmd - Cmd: 511b2d736fd4c4da08b79110fd21fdaa756368e4971eb130f8114450b3efc085,false
22:07:06.992 [Test worker] DEBUG org.testcontainers.shaded.com.github.dockerjava.core.exec.InspectContainerCmdExec - GET: DefaultWebTarget{path=[/containers/511b2d736fd4c4da08b79110fd21fdaa756368e4971eb130f8114450b3efc085/json], queryParams={}}
22:07:06.993 [Test worker] DEBUG com.github.dockerjava.zerodep.shaded.org.apache.hc.client5.http.impl.classic.InternalHttpClient - ex-00000022: preparing request execution
22:07:06.993 [Test worker] DEBUG com.github.dockerjava.zerodep.shaded.org.apache.hc.client5.http.protocol.RequestAddCookies - Cookie spec selected: strict
22:07:06.993 [Test worker] DEBUG com.github.dockerjava.zerodep.shaded.org.apache.hc.client5.http.protocol.RequestAuthCache - Auth cache not set in the context
22:07:06.993 [Test worker] DEBUG com.github.dockerjava.zerodep.shaded.org.apache.hc.client5.http.impl.classic.ProtocolExec - ex-00000022: target auth state: UNCHALLENGED
22:07:06.993 [Test worker] DEBUG com.github.dockerjava.zerodep.shaded.org.apache.hc.client5.http.impl.classic.ProtocolExec - ex-00000022: proxy auth state: UNCHALLENGED
22:07:06.993 [Test worker] DEBUG com.github.dockerjava.zerodep.shaded.org.apache.hc.client5.http.impl.classic.ConnectExec - ex-00000022: acquiring connection with route {}->unix://localhost:2375
22:07:06.993 [Test worker] DEBUG com.github.dockerjava.zerodep.shaded.org.apache.hc.client5.http.impl.classic.InternalHttpClient - ex-00000022: acquiring endpoint (3 MINUTES)
22:07:06.993 [Test worker] DEBUG com.github.dockerjava.zerodep.shaded.org.apache.hc.client5.http.impl.io.PoolingHttpClientConnectionManager - ex-00000022: endpoint lease request (3 MINUTES) [route: {}->unix://localhost:2375][total available: 1; route allocated: 1 of 2147483647; total allocated: 1 of 2147483647]
22:07:06.993 [Test worker] DEBUG com.github.dockerjava.zerodep.shaded.org.apache.hc.client5.http.impl.io.PoolingHttpClientConnectionManager - ex-00000022: endpoint leased [route: {}->unix://localhost:2375][total available: 0; route allocated: 1 of 2147483647; total allocated: 1 of 2147483647]
22:07:06.994 [Test worker] DEBUG com.github.dockerjava.zerodep.shaded.org.apache.hc.client5.http.impl.io.PoolingHttpClientConnectionManager - ex-00000022: acquired ep-00000021
22:07:06.994 [Test worker] DEBUG com.github.dockerjava.zerodep.shaded.org.apache.hc.client5.http.impl.classic.InternalHttpClient - ex-00000022: acquired endpoint ep-00000021
22:07:06.994 [Test worker] DEBUG com.github.dockerjava.zerodep.shaded.org.apache.hc.client5.http.impl.classic.MainClientExec - ex-00000022: executing GET /v1.32/containers/511b2d736fd4c4da08b79110fd21fdaa756368e4971eb130f8114450b3efc085/json HTTP/1.1
22:07:06.994 [Test worker] DEBUG com.github.dockerjava.zerodep.shaded.org.apache.hc.client5.http.impl.classic.InternalHttpClient - ep-00000021: start execution ex-00000022
22:07:06.994 [Test worker] DEBUG com.github.dockerjava.zerodep.shaded.org.apache.hc.client5.http.impl.io.PoolingHttpClientConnectionManager - ep-00000021: executing exchange ex-00000022 over http-outgoing-2
22:07:06.994 [Test worker] DEBUG com.github.dockerjava.zerodep.shaded.org.apache.hc.client5.http.headers - http-outgoing-2 >> GET /v1.32/containers/511b2d736fd4c4da08b79110fd21fdaa756368e4971eb130f8114450b3efc085/json HTTP/1.1
22:07:06.994 [Test worker] DEBUG com.github.dockerjava.zerodep.shaded.org.apache.hc.client5.http.headers - http-outgoing-2 >> accept: application/json
22:07:06.994 [Test worker] DEBUG com.github.dockerjava.zerodep.shaded.org.apache.hc.client5.http.headers - http-outgoing-2 >> x-tc-sid: c721e8e0-dbbd-4305-a748-6be2465f786d
22:07:06.994 [Test worker] DEBUG com.github.dockerjava.zerodep.shaded.org.apache.hc.client5.http.headers - http-outgoing-2 >> Accept-Encoding: gzip, x-gzip, deflate
22:07:06.994 [Test worker] DEBUG com.github.dockerjava.zerodep.shaded.org.apache.hc.client5.http.headers - http-outgoing-2 >> Host: localhost:2375
22:07:06.994 [Test worker] DEBUG com.github.dockerjava.zerodep.shaded.org.apache.hc.client5.http.headers - http-outgoing-2 >> Connection: keep-alive
22:07:06.994 [Test worker] DEBUG com.github.dockerjava.zerodep.shaded.org.apache.hc.client5.http.headers - http-outgoing-2 >> User-Agent: Apache-HttpClient/5.0.3 (Java/17.0.2)
22:07:06.994 [Test worker] DEBUG com.github.dockerjava.zerodep.shaded.org.apache.hc.client5.http.wire - http-outgoing-2 >> "GET /v1.32/containers/511b2d736fd4c4da08b79110fd21fdaa756368e4971eb130f8114450b3efc085/json HTTP/1.1[\r][\n]"
22:07:06.994 [Test worker] DEBUG com.github.dockerjava.zerodep.shaded.org.apache.hc.client5.http.wire - http-outgoing-2 >> "accept: application/json[\r][\n]"
22:07:06.994 [Test worker] DEBUG com.github.dockerjava.zerodep.shaded.org.apache.hc.client5.http.wire - http-outgoing-2 >> "x-tc-sid: c721e8e0-dbbd-4305-a748-6be2465f786d[\r][\n]"
22:07:06.994 [Test worker] DEBUG com.github.dockerjava.zerodep.shaded.org.apache.hc.client5.http.wire - http-outgoing-2 >> "Accept-Encoding: gzip, x-gzip, deflate[\r][\n]"
22:07:06.994 [Test worker] DEBUG com.github.dockerjava.zerodep.shaded.org.apache.hc.client5.http.wire - http-outgoing-2 >> "Host: localhost:2375[\r][\n]"
22:07:06.994 [Test worker] DEBUG com.github.dockerjava.zerodep.shaded.org.apache.hc.client5.http.wire - http-outgoing-2 >> "Connection: keep-alive[\r][\n]"
22:07:06.994 [Test worker] DEBUG com.github.dockerjava.zerodep.shaded.org.apache.hc.client5.http.wire - http-outgoing-2 >> "User-Agent: Apache-HttpClient/5.0.3 (Java/17.0.2)[\r][\n]"
22:07:06.994 [Test worker] DEBUG com.github.dockerjava.zerodep.shaded.org.apache.hc.client5.http.wire - http-outgoing-2 >> "[\r][\n]"
22:07:06.995 [Test worker] DEBUG com.github.dockerjava.zerodep.shaded.org.apache.hc.client5.http.wire - http-outgoing-2 << "HTTP/1.1 200 OK[\r][\n]"
22:07:06.995 [Test worker] DEBUG com.github.dockerjava.zerodep.shaded.org.apache.hc.client5.http.wire - http-outgoing-2 << "Api-Version: 1.41[\r][\n]"
22:07:06.995 [Test worker] DEBUG com.github.dockerjava.zerodep.shaded.org.apache.hc.client5.http.wire - http-outgoing-2 << "Content-Type: application/json[\r][\n]"
22:07:06.995 [Test worker] DEBUG com.github.dockerjava.zerodep.shaded.org.apache.hc.client5.http.wire - http-outgoing-2 << "Date: Mon, 03 Apr 2023 01:07:06 GMT[\r][\n]"
22:07:06.995 [Test worker] DEBUG com.github.dockerjava.zerodep.shaded.org.apache.hc.client5.http.wire - http-outgoing-2 << "Docker-Experimental: false[\r][\n]"
22:07:06.995 [Test worker] DEBUG com.github.dockerjava.zerodep.shaded.org.apache.hc.client5.http.wire - http-outgoing-2 << "Ostype: linux[\r][\n]"
22:07:06.995 [Test worker] DEBUG com.github.dockerjava.zerodep.shaded.org.apache.hc.client5.http.wire - http-outgoing-2 << "Server: Docker/20.10.21 (linux)[\r][\n]"
22:07:06.995 [Test worker] DEBUG com.github.dockerjava.zerodep.shaded.org.apache.hc.client5.http.wire - http-outgoing-2 << "Transfer-Encoding: chunked[\r][\n]"
22:07:06.995 [Test worker] DEBUG com.github.dockerjava.zerodep.shaded.org.apache.hc.client5.http.wire - http-outgoing-2 << "[\r][\n]"
22:07:06.996 [Test worker] DEBUG com.github.dockerjava.zerodep.shaded.org.apache.hc.client5.http.headers - http-outgoing-2 << HTTP/1.1 200 OK
22:07:06.996 [Test worker] DEBUG com.github.dockerjava.zerodep.shaded.org.apache.hc.client5.http.headers - http-outgoing-2 << Api-Version: 1.41
22:07:06.996 [Test worker] DEBUG com.github.dockerjava.zerodep.shaded.org.apache.hc.client5.http.headers - http-outgoing-2 << Content-Type: application/json
22:07:06.996 [Test worker] DEBUG com.github.dockerjava.zerodep.shaded.org.apache.hc.client5.http.headers - http-outgoing-2 << Date: Mon, 03 Apr 2023 01:07:06 GMT
22:07:06.996 [Test worker] DEBUG com.github.dockerjava.zerodep.shaded.org.apache.hc.client5.http.headers - http-outgoing-2 << Docker-Experimental: false
22:07:06.996 [Test worker] DEBUG com.github.dockerjava.zerodep.shaded.org.apache.hc.client5.http.headers - http-outgoing-2 << Ostype: linux
22:07:06.996 [Test worker] DEBUG com.github.dockerjava.zerodep.shaded.org.apache.hc.client5.http.headers - http-outgoing-2 << Server: Docker/20.10.21 (linux)
22:07:06.996 [Test worker] DEBUG com.github.dockerjava.zerodep.shaded.org.apache.hc.client5.http.headers - http-outgoing-2 << Transfer-Encoding: chunked
22:07:06.996 [Test worker] DEBUG com.github.dockerjava.zerodep.shaded.org.apache.hc.client5.http.impl.classic.MainClientExec - ex-00000022: connection can be kept alive for 3 MINUTES
22:07:06.997 [Test worker] DEBUG com.github.dockerjava.zerodep.shaded.org.apache.hc.client5.http.wire - http-outgoing-2 << "18c0[\r][\n]"
22:07:06.997 [Test worker] DEBUG com.github.dockerjava.zerodep.shaded.org.apache.hc.client5.http.wire - http-outgoing-2 << "{"Id":"511b2d736fd4c4da08b79110fd21fdaa756368e4971eb130f8114450b3efc085","Created":"2023-04-03T01:07:04.201309337Z","Path":"docker-entrypoint.sh","Args":["mysqld"],"State":{"Status":"running","Running":true,"Paused":false,"Restarting":false,"OOMKilled":false,"Dead":false,"Pid":2724,"ExitCode":0,"Error":"","StartedAt":"2023-04-03T01:07:04.498400921Z","FinishedAt":"0001-01-01T00:00:00Z"},"Image":"sha256:c7c54c29e20dccc1aefb936c8eba8bb8b98b87a4921102aba87fde2df5810af9","ResolvConfPath":"/var/lib/docker/containers/511b2d736fd4c4da08b79110fd21fdaa756368e4971eb130f8114450b3efc085/resolv.conf","HostnamePath":"/var/lib/docker/containers/511b2d736fd4c4da08b79110fd21fdaa756368e4971eb130f8114450b3efc085/hostname","HostsPath":"/var/lib/docker/containers/511b2d736fd4c4da08b79110fd21fdaa756368e4971eb130f8114450b3efc085/hosts","LogPath":"/var/lib/docker/containers/511b2d736fd4c4da08b79110fd21fdaa756368e4971eb130f8114450b3efc085/511b2d736fd4c4da08b79110fd21fdaa756368e4971eb130f8114450b3efc085-json.log","Name":"/elastic_easley","RestartCount":0,"Driver":"overlay2","Platform":"linux","MountLabel":"","ProcessLabel":"","AppArmorProfile":"","ExecIDs":null,"HostConfig":{"Binds":[],"ContainerIDFile":"","LogConfig":{"Type":"json-file","Config":{}},"NetworkMode":"default","PortBindings":{"3306/tcp":[{"HostIp":"0.0.0.0","HostPort":"0"}]},"RestartPolicy":{"Name":"","MaximumRetryCount":0},"AutoRemove":false,"VolumeDriver":"","VolumesFrom":[],"CapAdd":null,"CapDrop":null,"CgroupnsMode":"private","Dns":null,"DnsOptions":null,"DnsSearch":null,"ExtraHosts":[],"GroupAdd":null,"IpcMode":"shareable","Cgroup":"","Links":null,"OomScoreAdj":0,"PidMode":"","Privileged":false,"PublishAllPorts":false,"ReadonlyRootfs":false,"SecurityOpt":null,"UTSMode":"","UsernsMode":"","ShmSize":67108864,"Runtime":"runc","ConsoleSize":[0,0],"Isolation":"","CpuShares":0,"Memory":0,"NanoCpus":0,"CgroupParent":"","BlkioWeight":0,"BlkioWeightDevice":null,"BlkioDeviceReadBps":null,"BlkioDeviceWriteBps":null,"BlkioDeviceReadIOps":null,"BlkioDeviceWriteIOps":null,"CpuPeriod":0,"CpuQuota":0,"CpuRealtimePeriod":0,"CpuRealtimeRuntime":0,"CpusetCpus":"","CpusetMems":"","Devices":null,"DeviceCgroupRules":null,"DeviceRequests":null,"KernelMemory":0,"KernelMemoryTCP":0,"MemoryReservation":0,"MemorySwap":0,"MemorySwappiness":null,"OomKillDisable":null,"PidsLimit":null,"Ulimits":null,"CpuCount":0,"CpuPercent":0,"IOMaximumIOps":0,"IOMaximumBandwidth":0,"MaskedPaths":["/proc/asound","/proc/acpi","/proc/kcore","/proc/keys","/proc/latency_stats","/proc/timer_list","/proc/timer_stats","/proc/sched_debug","/proc/scsi","/sys/firmware"],"ReadonlyPaths":["/proc/bus","/proc/fs","/proc/irq","/proc/sys","/proc/sysrq-trigger"]},"GraphDriver":{"Data":{"LowerDir":"/var/lib/docker/overlay2/5ada145d0e3939fe5ed2118eea99b9f10241aeee200293145c73dce66470a568-init/diff:/var/lib/docker/overlay2/1bd8849d7a296305617011f940aa5cfabbe972a513397b1b6bbc27639b6c1f30/diff:/var/lib/docker/overlay2/199d69b2fbf78af4d4c95dec4fd2f8835ab0347eb49fb20ebb2ff3b99fedd6ad/diff:/var/lib/docker/overlay2/d83c38d654989311f75b9491329846033bfb7714de76ef635380dcfad5c740d9/diff:/var/lib/docker/overlay2/08600d0aea2ab2728bebcf5d2589c640a842f53d1ba3c4a4adccb4d03b923cf6/diff:/var/lib/docker/overlay2/9ec7c63a3fb14d13ac788bbf5e282ca821edc41260b79944e5e631037d13ecda/diff:/var/lib/docker/overlay2/db601d7a1b4ea6da638db620462f0da96fa55c559d02269c9ddb09027936ed87/diff:/var/lib/docker/overlay2/a6d2bd03f942e2565f21e74cfe152c7ec836a1c2b583f0790c685b92bdcfda24/diff:/var/lib/docker/overlay2/9badd16ea2c5e2bf1fde8b579683e41137dfc46ed5449234149f199a6751cc84/diff:/var/lib/docker/overlay2/6efb85646ed12e2d1181ef4cc6f6f6732c00c15a4035fe17ebc4f075ca573c30/diff:/var/lib/docker/overlay2/895d7c0ec09144d6ed33936f4e98e11c18010f7abd708cae1ce43aec7a7f2621/diff:/var/lib/docker/overlay2/1c4ba77aa573ab6e5e5069fd15eae71b3da940bde0f97a922a227ffc8a1d1096/diff","MergedDir":"/var/lib/docker/overlay2/5ada145d0e3939fe5ed2118eea99b9f10241aeee200293145c73dce66470a568/merged","UpperDir":"/var/lib/docker/overlay2/5ada145d0e3939fe5ed2118eea99b9f10241aeee200293145c73dce66470a568/diff","WorkDir":"/var/lib/docker/overlay2/5ada145d0e3939fe5ed2118eea99b9f10241aeee200293145c73dce66470a568/work"},"Name":"overlay2"},"Mounts":[{"Type":"volume","Name":"ac6dcf572a35a68e3a3a5bdf3d1899d89919b8e0b6d7a1beb9c6b19978c4e863","Source":"/var/lib/docker/volumes/ac6dcf572a35a68e3a3a5bdf3d1899d89919b8e0b6d7a1beb9c6b19978c4e863/_data","Destination":"/var/lib/mysql","Driver":"local","Mode":"","RW":true,"Propagation":""}],"Config":{"Hostname":"511b2d736fd4","Domainname":"","User":"","AttachStdin":false,"AttachStdout":false,"AttachStderr":false,"ExposedPorts":{"3306/tcp":{},"33060/tcp":{}},"Tty":false,"OpenStdin":false,"StdinOnce":false,"Env":["MYSQL_DATABASE=adm_videos","MYSQL_PASSWORD=123456","MYSQL_ROOT_PASSWORD=123456","PATH=/usr/local/sbin:/usr/local/bin:/usr/sbin:/usr/bin:/sbin:/bin","GOSU_VERSION=1.16","MYSQL_MAJOR=8.0","MYSQL_VERSION=8.0.32-1.el8","MYSQL_SHELL_VERSION=8.0.32-1.el8"],"Cmd":["mysqld"],"Image":"mysql:latest","Volumes":{"/var/lib/mysql":{}},"WorkingDir":"","Entrypoint":["docker-entrypoint.sh"],"OnBuild":null,"Labels":{"org.testcontainers":"true","org.testcontainers.lang":"java","org.testcontainers.sessionId":"c721e8e0-dbbd-4305-a748-6be2465f786d","org.testcontainers.version":"1.17.6"}},"NetworkSettings":{"Bridge":"","SandboxID":"23a51dba07b22c8536581cd39611755923749e16a93a45ce75c5c8a4a7759981","HairpinMode":false,"LinkLocalIPv6Address":"","LinkLocalIPv6PrefixLen":0,"Ports":{"3306/tcp":[{"HostIp":"0.0.0.0","HostPort":"50897"}],"33060/tcp":null},"SandboxKey":"/var/run/docker/netns/23a51dba07b2","SecondaryIPAddresses":null,"SecondaryIPv6Addresses":null,"EndpointID":"692f30c6e93a1486104b6273bdc38b1f926e45528d0b3ff49b5fe2d91ed6b329","Gateway":"172.17.0.1","GlobalIPv6Address":"","GlobalIPv6PrefixLen":0,"IPAddress":"172.17.0.3","IPPrefixLen":16,"IPv6Gateway":"","MacAddress":"02:42:ac:11:00:03","Networks":{"bridge":{"IPAMConfig":null,"Links":null,"Aliases":null,"NetworkID":"eba6fdf7ebe51912c859fc2dc83d1407a50db03ea3c296d90f885e8af84b6e93","EndpointID":"692f30c6e93a1486104b6273bdc38b1f926e45528d0b3ff49b5fe2d91ed6b329","Gateway":"172.17.0.1","IPAddress":"172.17.0.3","IPPrefixLen":16,"IPv6Gateway":"","GlobalIPv6Address":"","GlobalIPv6PrefixLen":0,"MacAddress":"02:42:ac:11:00:03","DriverOpts":null}}}}[\n]"
22:07:06.997 [Test worker] DEBUG com.github.dockerjava.zerodep.shaded.org.apache.hc.client5.http.wire - http-outgoing-2 << "[\r][\n]"
22:07:06.998 [Test worker] DEBUG com.github.dockerjava.zerodep.shaded.org.apache.hc.client5.http.wire - http-outgoing-2 << "0[\r][\n]"
22:07:06.998 [Test worker] DEBUG com.github.dockerjava.zerodep.shaded.org.apache.hc.client5.http.wire - http-outgoing-2 << "[\r][\n]"
22:07:06.998 [Test worker] DEBUG com.github.dockerjava.zerodep.shaded.org.apache.hc.client5.http.impl.classic.InternalHttpClient - ep-00000021: releasing valid endpoint
22:07:06.998 [Test worker] DEBUG com.github.dockerjava.zerodep.shaded.org.apache.hc.client5.http.impl.io.PoolingHttpClientConnectionManager - ep-00000021: releasing endpoint
22:07:06.998 [Test worker] DEBUG com.github.dockerjava.zerodep.shaded.org.apache.hc.client5.http.impl.io.PoolingHttpClientConnectionManager - ep-00000021: connection http-outgoing-2 can be kept alive for 3 MINUTES
22:07:06.998 [Test worker] DEBUG com.github.dockerjava.zerodep.shaded.org.apache.hc.client5.http.impl.io.PoolingHttpClientConnectionManager - ep-00000021: connection released [route: {}->unix://localhost:2375][total available: 1; route allocated: 1 of 2147483647; total allocated: 1 of 2147483647]
22:07:06.998 [Test worker] DEBUG ]]>&#x1f433;<![CDATA[ [mysql:latest] - Trying to create JDBC connection using com.mysql.cj.jdbc.Driver to jdbc:mysql://localhost:50897/adm_videos?useSSL=false&allowPublicKeyRetrieval=true with properties: {password=123456, user=root}
22:07:07.101 [Test worker] DEBUG org.testcontainers.shaded.com.github.dockerjava.core.command.AbstrDockerCmd - Cmd: 511b2d736fd4c4da08b79110fd21fdaa756368e4971eb130f8114450b3efc085,false
22:07:07.101 [Test worker] DEBUG org.testcontainers.shaded.com.github.dockerjava.core.exec.InspectContainerCmdExec - GET: DefaultWebTarget{path=[/containers/511b2d736fd4c4da08b79110fd21fdaa756368e4971eb130f8114450b3efc085/json], queryParams={}}
22:07:07.102 [Test worker] DEBUG com.github.dockerjava.zerodep.shaded.org.apache.hc.client5.http.impl.classic.InternalHttpClient - ex-00000023: preparing request execution
22:07:07.102 [Test worker] DEBUG com.github.dockerjava.zerodep.shaded.org.apache.hc.client5.http.protocol.RequestAddCookies - Cookie spec selected: strict
22:07:07.102 [Test worker] DEBUG com.github.dockerjava.zerodep.shaded.org.apache.hc.client5.http.protocol.RequestAuthCache - Auth cache not set in the context
22:07:07.102 [Test worker] DEBUG com.github.dockerjava.zerodep.shaded.org.apache.hc.client5.http.impl.classic.ProtocolExec - ex-00000023: target auth state: UNCHALLENGED
22:07:07.102 [Test worker] DEBUG com.github.dockerjava.zerodep.shaded.org.apache.hc.client5.http.impl.classic.ProtocolExec - ex-00000023: proxy auth state: UNCHALLENGED
22:07:07.102 [Test worker] DEBUG com.github.dockerjava.zerodep.shaded.org.apache.hc.client5.http.impl.classic.ConnectExec - ex-00000023: acquiring connection with route {}->unix://localhost:2375
22:07:07.102 [Test worker] DEBUG com.github.dockerjava.zerodep.shaded.org.apache.hc.client5.http.impl.classic.InternalHttpClient - ex-00000023: acquiring endpoint (3 MINUTES)
22:07:07.102 [Test worker] DEBUG com.github.dockerjava.zerodep.shaded.org.apache.hc.client5.http.impl.io.PoolingHttpClientConnectionManager - ex-00000023: endpoint lease request (3 MINUTES) [route: {}->unix://localhost:2375][total available: 1; route allocated: 1 of 2147483647; total allocated: 1 of 2147483647]
22:07:07.102 [Test worker] DEBUG com.github.dockerjava.zerodep.shaded.org.apache.hc.client5.http.impl.io.PoolingHttpClientConnectionManager - ex-00000023: endpoint leased [route: {}->unix://localhost:2375][total available: 0; route allocated: 1 of 2147483647; total allocated: 1 of 2147483647]
22:07:07.102 [Test worker] DEBUG com.github.dockerjava.zerodep.shaded.org.apache.hc.client5.http.impl.io.PoolingHttpClientConnectionManager - ex-00000023: acquired ep-00000022
22:07:07.102 [Test worker] DEBUG com.github.dockerjava.zerodep.shaded.org.apache.hc.client5.http.impl.classic.InternalHttpClient - ex-00000023: acquired endpoint ep-00000022
22:07:07.102 [Test worker] DEBUG com.github.dockerjava.zerodep.shaded.org.apache.hc.client5.http.impl.classic.MainClientExec - ex-00000023: executing GET /v1.32/containers/511b2d736fd4c4da08b79110fd21fdaa756368e4971eb130f8114450b3efc085/json HTTP/1.1
22:07:07.102 [Test worker] DEBUG com.github.dockerjava.zerodep.shaded.org.apache.hc.client5.http.impl.classic.InternalHttpClient - ep-00000022: start execution ex-00000023
22:07:07.102 [Test worker] DEBUG com.github.dockerjava.zerodep.shaded.org.apache.hc.client5.http.impl.io.PoolingHttpClientConnectionManager - ep-00000022: executing exchange ex-00000023 over http-outgoing-2
22:07:07.102 [Test worker] DEBUG com.github.dockerjava.zerodep.shaded.org.apache.hc.client5.http.headers - http-outgoing-2 >> GET /v1.32/containers/511b2d736fd4c4da08b79110fd21fdaa756368e4971eb130f8114450b3efc085/json HTTP/1.1
22:07:07.102 [Test worker] DEBUG com.github.dockerjava.zerodep.shaded.org.apache.hc.client5.http.headers - http-outgoing-2 >> accept: application/json
22:07:07.102 [Test worker] DEBUG com.github.dockerjava.zerodep.shaded.org.apache.hc.client5.http.headers - http-outgoing-2 >> x-tc-sid: c721e8e0-dbbd-4305-a748-6be2465f786d
22:07:07.102 [Test worker] DEBUG com.github.dockerjava.zerodep.shaded.org.apache.hc.client5.http.headers - http-outgoing-2 >> Accept-Encoding: gzip, x-gzip, deflate
22:07:07.102 [Test worker] DEBUG com.github.dockerjava.zerodep.shaded.org.apache.hc.client5.http.headers - http-outgoing-2 >> Host: localhost:2375
22:07:07.102 [Test worker] DEBUG com.github.dockerjava.zerodep.shaded.org.apache.hc.client5.http.headers - http-outgoing-2 >> Connection: keep-alive
22:07:07.102 [Test worker] DEBUG com.github.dockerjava.zerodep.shaded.org.apache.hc.client5.http.headers - http-outgoing-2 >> User-Agent: Apache-HttpClient/5.0.3 (Java/17.0.2)
22:07:07.102 [Test worker] DEBUG com.github.dockerjava.zerodep.shaded.org.apache.hc.client5.http.wire - http-outgoing-2 >> "GET /v1.32/containers/511b2d736fd4c4da08b79110fd21fdaa756368e4971eb130f8114450b3efc085/json HTTP/1.1[\r][\n]"
22:07:07.102 [Test worker] DEBUG com.github.dockerjava.zerodep.shaded.org.apache.hc.client5.http.wire - http-outgoing-2 >> "accept: application/json[\r][\n]"
22:07:07.102 [Test worker] DEBUG com.github.dockerjava.zerodep.shaded.org.apache.hc.client5.http.wire - http-outgoing-2 >> "x-tc-sid: c721e8e0-dbbd-4305-a748-6be2465f786d[\r][\n]"
22:07:07.102 [Test worker] DEBUG com.github.dockerjava.zerodep.shaded.org.apache.hc.client5.http.wire - http-outgoing-2 >> "Accept-Encoding: gzip, x-gzip, deflate[\r][\n]"
22:07:07.102 [Test worker] DEBUG com.github.dockerjava.zerodep.shaded.org.apache.hc.client5.http.wire - http-outgoing-2 >> "Host: localhost:2375[\r][\n]"
22:07:07.102 [Test worker] DEBUG com.github.dockerjava.zerodep.shaded.org.apache.hc.client5.http.wire - http-outgoing-2 >> "Connection: keep-alive[\r][\n]"
22:07:07.102 [Test worker] DEBUG com.github.dockerjava.zerodep.shaded.org.apache.hc.client5.http.wire - http-outgoing-2 >> "User-Agent: Apache-HttpClient/5.0.3 (Java/17.0.2)[\r][\n]"
22:07:07.102 [Test worker] DEBUG com.github.dockerjava.zerodep.shaded.org.apache.hc.client5.http.wire - http-outgoing-2 >> "[\r][\n]"
22:07:07.103 [Test worker] DEBUG com.github.dockerjava.zerodep.shaded.org.apache.hc.client5.http.wire - http-outgoing-2 << "HTTP/1.1 200 OK[\r][\n]"
22:07:07.103 [Test worker] DEBUG com.github.dockerjava.zerodep.shaded.org.apache.hc.client5.http.wire - http-outgoing-2 << "Api-Version: 1.41[\r][\n]"
22:07:07.103 [Test worker] DEBUG com.github.dockerjava.zerodep.shaded.org.apache.hc.client5.http.wire - http-outgoing-2 << "Content-Type: application/json[\r][\n]"
22:07:07.103 [Test worker] DEBUG com.github.dockerjava.zerodep.shaded.org.apache.hc.client5.http.wire - http-outgoing-2 << "Date: Mon, 03 Apr 2023 01:07:07 GMT[\r][\n]"
22:07:07.103 [Test worker] DEBUG com.github.dockerjava.zerodep.shaded.org.apache.hc.client5.http.wire - http-outgoing-2 << "Docker-Experimental: false[\r][\n]"
22:07:07.103 [Test worker] DEBUG com.github.dockerjava.zerodep.shaded.org.apache.hc.client5.http.wire - http-outgoing-2 << "Ostype: linux[\r][\n]"
22:07:07.103 [Test worker] DEBUG com.github.dockerjava.zerodep.shaded.org.apache.hc.client5.http.wire - http-outgoing-2 << "Server: Docker/20.10.21 (linux)[\r][\n]"
22:07:07.103 [Test worker] DEBUG com.github.dockerjava.zerodep.shaded.org.apache.hc.client5.http.wire - http-outgoing-2 << "Transfer-Encoding: chunked[\r][\n]"
22:07:07.103 [Test worker] DEBUG com.github.dockerjava.zerodep.shaded.org.apache.hc.client5.http.wire - http-outgoing-2 << "[\r][\n]"
22:07:07.103 [Test worker] DEBUG com.github.dockerjava.zerodep.shaded.org.apache.hc.client5.http.headers - http-outgoing-2 << HTTP/1.1 200 OK
22:07:07.103 [Test worker] DEBUG com.github.dockerjava.zerodep.shaded.org.apache.hc.client5.http.headers - http-outgoing-2 << Api-Version: 1.41
22:07:07.103 [Test worker] DEBUG com.github.dockerjava.zerodep.shaded.org.apache.hc.client5.http.headers - http-outgoing-2 << Content-Type: application/json
22:07:07.103 [Test worker] DEBUG com.github.dockerjava.zerodep.shaded.org.apache.hc.client5.http.headers - http-outgoing-2 << Date: Mon, 03 Apr 2023 01:07:07 GMT
22:07:07.103 [Test worker] DEBUG com.github.dockerjava.zerodep.shaded.org.apache.hc.client5.http.headers - http-outgoing-2 << Docker-Experimental: false
22:07:07.103 [Test worker] DEBUG com.github.dockerjava.zerodep.shaded.org.apache.hc.client5.http.headers - http-outgoing-2 << Ostype: linux
22:07:07.103 [Test worker] DEBUG com.github.dockerjava.zerodep.shaded.org.apache.hc.client5.http.headers - http-outgoing-2 << Server: Docker/20.10.21 (linux)
22:07:07.103 [Test worker] DEBUG com.github.dockerjava.zerodep.shaded.org.apache.hc.client5.http.headers - http-outgoing-2 << Transfer-Encoding: chunked
22:07:07.104 [Test worker] DEBUG com.github.dockerjava.zerodep.shaded.org.apache.hc.client5.http.impl.classic.MainClientExec - ex-00000023: connection can be kept alive for 3 MINUTES
22:07:07.105 [Test worker] DEBUG com.github.dockerjava.zerodep.shaded.org.apache.hc.client5.http.wire - http-outgoing-2 << "18c0[\r][\n]"
22:07:07.105 [Test worker] DEBUG com.github.dockerjava.zerodep.shaded.org.apache.hc.client5.http.wire - http-outgoing-2 << "{"Id":"511b2d736fd4c4da08b79110fd21fdaa756368e4971eb130f8114450b3efc085","Created":"2023-04-03T01:07:04.201309337Z","Path":"docker-entrypoint.sh","Args":["mysqld"],"State":{"Status":"running","Running":true,"Paused":false,"Restarting":false,"OOMKilled":false,"Dead":false,"Pid":2724,"ExitCode":0,"Error":"","StartedAt":"2023-04-03T01:07:04.498400921Z","FinishedAt":"0001-01-01T00:00:00Z"},"Image":"sha256:c7c54c29e20dccc1aefb936c8eba8bb8b98b87a4921102aba87fde2df5810af9","ResolvConfPath":"/var/lib/docker/containers/511b2d736fd4c4da08b79110fd21fdaa756368e4971eb130f8114450b3efc085/resolv.conf","HostnamePath":"/var/lib/docker/containers/511b2d736fd4c4da08b79110fd21fdaa756368e4971eb130f8114450b3efc085/hostname","HostsPath":"/var/lib/docker/containers/511b2d736fd4c4da08b79110fd21fdaa756368e4971eb130f8114450b3efc085/hosts","LogPath":"/var/lib/docker/containers/511b2d736fd4c4da08b79110fd21fdaa756368e4971eb130f8114450b3efc085/511b2d736fd4c4da08b79110fd21fdaa756368e4971eb130f8114450b3efc085-json.log","Name":"/elastic_easley","RestartCount":0,"Driver":"overlay2","Platform":"linux","MountLabel":"","ProcessLabel":"","AppArmorProfile":"","ExecIDs":null,"HostConfig":{"Binds":[],"ContainerIDFile":"","LogConfig":{"Type":"json-file","Config":{}},"NetworkMode":"default","PortBindings":{"3306/tcp":[{"HostIp":"0.0.0.0","HostPort":"0"}]},"RestartPolicy":{"Name":"","MaximumRetryCount":0},"AutoRemove":false,"VolumeDriver":"","VolumesFrom":[],"CapAdd":null,"CapDrop":null,"CgroupnsMode":"private","Dns":null,"DnsOptions":null,"DnsSearch":null,"ExtraHosts":[],"GroupAdd":null,"IpcMode":"shareable","Cgroup":"","Links":null,"OomScoreAdj":0,"PidMode":"","Privileged":false,"PublishAllPorts":false,"ReadonlyRootfs":false,"SecurityOpt":null,"UTSMode":"","UsernsMode":"","ShmSize":67108864,"Runtime":"runc","ConsoleSize":[0,0],"Isolation":"","CpuShares":0,"Memory":0,"NanoCpus":0,"CgroupParent":"","BlkioWeight":0,"BlkioWeightDevice":null,"BlkioDeviceReadBps":null,"BlkioDeviceWriteBps":null,"BlkioDeviceReadIOps":null,"BlkioDeviceWriteIOps":null,"CpuPeriod":0,"CpuQuota":0,"CpuRealtimePeriod":0,"CpuRealtimeRuntime":0,"CpusetCpus":"","CpusetMems":"","Devices":null,"DeviceCgroupRules":null,"DeviceRequests":null,"KernelMemory":0,"KernelMemoryTCP":0,"MemoryReservation":0,"MemorySwap":0,"MemorySwappiness":null,"OomKillDisable":null,"PidsLimit":null,"Ulimits":null,"CpuCount":0,"CpuPercent":0,"IOMaximumIOps":0,"IOMaximumBandwidth":0,"MaskedPaths":["/proc/asound","/proc/acpi","/proc/kcore","/proc/keys","/proc/latency_stats","/proc/timer_list","/proc/timer_stats","/proc/sched_debug","/proc/scsi","/sys/firmware"],"ReadonlyPaths":["/proc/bus","/proc/fs","/proc/irq","/proc/sys","/proc/sysrq-trigger"]},"GraphDriver":{"Data":{"LowerDir":"/var/lib/docker/overlay2/5ada145d0e3939fe5ed2118eea99b9f10241aeee200293145c73dce66470a568-init/diff:/var/lib/docker/overlay2/1bd8849d7a296305617011f940aa5cfabbe972a513397b1b6bbc27639b6c1f30/diff:/var/lib/docker/overlay2/199d69b2fbf78af4d4c95dec4fd2f8835ab0347eb49fb20ebb2ff3b99fedd6ad/diff:/var/lib/docker/overlay2/d83c38d654989311f75b9491329846033bfb7714de76ef635380dcfad5c740d9/diff:/var/lib/docker/overlay2/08600d0aea2ab2728bebcf5d2589c640a842f53d1ba3c4a4adccb4d03b923cf6/diff:/var/lib/docker/overlay2/9ec7c63a3fb14d13ac788bbf5e282ca821edc41260b79944e5e631037d13ecda/diff:/var/lib/docker/overlay2/db601d7a1b4ea6da638db620462f0da96fa55c559d02269c9ddb09027936ed87/diff:/var/lib/docker/overlay2/a6d2bd03f942e2565f21e74cfe152c7ec836a1c2b583f0790c685b92bdcfda24/diff:/var/lib/docker/overlay2/9badd16ea2c5e2bf1fde8b579683e41137dfc46ed5449234149f199a6751cc84/diff:/var/lib/docker/overlay2/6efb85646ed12e2d1181ef4cc6f6f6732c00c15a4035fe17ebc4f075ca573c30/diff:/var/lib/docker/overlay2/895d7c0ec09144d6ed33936f4e98e11c18010f7abd708cae1ce43aec7a7f2621/diff:/var/lib/docker/overlay2/1c4ba77aa573ab6e5e5069fd15eae71b3da940bde0f97a922a227ffc8a1d1096/diff","MergedDir":"/var/lib/docker/overlay2/5ada145d0e3939fe5ed2118eea99b9f10241aeee200293145c73dce66470a568/merged","UpperDir":"/var/lib/docker/overlay2/5ada145d0e3939fe5ed2118eea99b9f10241aeee200293145c73dce66470a568/diff","WorkDir":"/var/lib/docker/overlay2/5ada145d0e3939fe5ed2118eea99b9f10241aeee200293145c73dce66470a568/work"},"Name":"overlay2"},"Mounts":[{"Type":"volume","Name":"ac6dcf572a35a68e3a3a5bdf3d1899d89919b8e0b6d7a1beb9c6b19978c4e863","Source":"/var/lib/docker/volumes/ac6dcf572a35a68e3a3a5bdf3d1899d89919b8e0b6d7a1beb9c6b19978c4e863/_data","Destination":"/var/lib/mysql","Driver":"local","Mode":"","RW":true,"Propagation":""}],"Config":{"Hostname":"511b2d736fd4","Domainname":"","User":"","AttachStdin":false,"AttachStdout":false,"AttachStderr":false,"ExposedPorts":{"3306/tcp":{},"33060/tcp":{}},"Tty":false,"OpenStdin":false,"StdinOnce":false,"Env":["MYSQL_DATABASE=adm_videos","MYSQL_PASSWORD=123456","MYSQL_ROOT_PASSWORD=123456","PATH=/usr/local/sbin:/usr/local/bin:/usr/sbin:/usr/bin:/sbin:/bin","GOSU_VERSION=1.16","MYSQL_MAJOR=8.0","MYSQL_VERSION=8.0.32-1.el8","MYSQL_SHELL_VERSION=8.0.32-1.el8"],"Cmd":["mysqld"],"Image":"mysql:latest","Volumes":{"/var/lib/mysql":{}},"WorkingDir":"","Entrypoint":["docker-entrypoint.sh"],"OnBuild":null,"Labels":{"org.testcontainers":"true","org.testcontainers.lang":"java","org.testcontainers.sessionId":"c721e8e0-dbbd-4305-a748-6be2465f786d","org.testcontainers.version":"1.17.6"}},"NetworkSettings":{"Bridge":"","SandboxID":"23a51dba07b22c8536581cd39611755923749e16a93a45ce75c5c8a4a7759981","HairpinMode":false,"LinkLocalIPv6Address":"","LinkLocalIPv6PrefixLen":0,"Ports":{"3306/tcp":[{"HostIp":"0.0.0.0","HostPort":"50897"}],"33060/tcp":null},"SandboxKey":"/var/run/docker/netns/23a51dba07b2","SecondaryIPAddresses":null,"SecondaryIPv6Addresses":null,"EndpointID":"692f30c6e93a1486104b6273bdc38b1f926e45528d0b3ff49b5fe2d91ed6b329","Gateway":"172.17.0.1","GlobalIPv6Address":"","GlobalIPv6PrefixLen":0,"IPAddress":"172.17.0.3","IPPrefixLen":16,"IPv6Gateway":"","MacAddress":"02:42:ac:11:00:03","Networks":{"bridge":{"IPAMConfig":null,"Links":null,"Aliases":null,"NetworkID":"eba6fdf7ebe51912c859fc2dc83d1407a50db03ea3c296d90f885e8af84b6e93","EndpointID":"692f30c6e93a1486104b6273bdc38b1f926e45528d0b3ff49b5fe2d91ed6b329","Gateway":"172.17.0.1","IPAddress":"172.17.0.3","IPPrefixLen":16,"IPv6Gateway":"","GlobalIPv6Address":"","GlobalIPv6PrefixLen":0,"MacAddress":"02:42:ac:11:00:03","DriverOpts":null}}}}[\n]"
22:07:07.105 [Test worker] DEBUG com.github.dockerjava.zerodep.shaded.org.apache.hc.client5.http.wire - http-outgoing-2 << "[\r][\n]"
22:07:07.105 [Test worker] DEBUG com.github.dockerjava.zerodep.shaded.org.apache.hc.client5.http.wire - http-outgoing-2 << "0[\r][\n]"
22:07:07.105 [Test worker] DEBUG com.github.dockerjava.zerodep.shaded.org.apache.hc.client5.http.wire - http-outgoing-2 << "[\r][\n]"
22:07:07.105 [Test worker] DEBUG com.github.dockerjava.zerodep.shaded.org.apache.hc.client5.http.impl.classic.InternalHttpClient - ep-00000022: releasing valid endpoint
22:07:07.105 [Test worker] DEBUG com.github.dockerjava.zerodep.shaded.org.apache.hc.client5.http.impl.io.PoolingHttpClientConnectionManager - ep-00000022: releasing endpoint
22:07:07.105 [Test worker] DEBUG com.github.dockerjava.zerodep.shaded.org.apache.hc.client5.http.impl.io.PoolingHttpClientConnectionManager - ep-00000022: connection http-outgoing-2 can be kept alive for 3 MINUTES
22:07:07.105 [Test worker] DEBUG com.github.dockerjava.zerodep.shaded.org.apache.hc.client5.http.impl.io.PoolingHttpClientConnectionManager - ep-00000022: connection released [route: {}->unix://localhost:2375][total available: 1; route allocated: 1 of 2147483647; total allocated: 1 of 2147483647]
22:07:07.105 [Test worker] DEBUG ]]>&#x1f433;<![CDATA[ [mysql:latest] - Trying to create JDBC connection using com.mysql.cj.jdbc.Driver to jdbc:mysql://localhost:50897/adm_videos?useSSL=false&allowPublicKeyRetrieval=true with properties: {password=123456, user=root}
22:07:07.212 [Test worker] DEBUG org.testcontainers.shaded.com.github.dockerjava.core.command.AbstrDockerCmd - Cmd: 511b2d736fd4c4da08b79110fd21fdaa756368e4971eb130f8114450b3efc085,false
22:07:07.212 [Test worker] DEBUG org.testcontainers.shaded.com.github.dockerjava.core.exec.InspectContainerCmdExec - GET: DefaultWebTarget{path=[/containers/511b2d736fd4c4da08b79110fd21fdaa756368e4971eb130f8114450b3efc085/json], queryParams={}}
22:07:07.213 [Test worker] DEBUG com.github.dockerjava.zerodep.shaded.org.apache.hc.client5.http.impl.classic.InternalHttpClient - ex-00000024: preparing request execution
22:07:07.213 [Test worker] DEBUG com.github.dockerjava.zerodep.shaded.org.apache.hc.client5.http.protocol.RequestAddCookies - Cookie spec selected: strict
22:07:07.213 [Test worker] DEBUG com.github.dockerjava.zerodep.shaded.org.apache.hc.client5.http.protocol.RequestAuthCache - Auth cache not set in the context
22:07:07.213 [Test worker] DEBUG com.github.dockerjava.zerodep.shaded.org.apache.hc.client5.http.impl.classic.ProtocolExec - ex-00000024: target auth state: UNCHALLENGED
22:07:07.213 [Test worker] DEBUG com.github.dockerjava.zerodep.shaded.org.apache.hc.client5.http.impl.classic.ProtocolExec - ex-00000024: proxy auth state: UNCHALLENGED
22:07:07.213 [Test worker] DEBUG com.github.dockerjava.zerodep.shaded.org.apache.hc.client5.http.impl.classic.ConnectExec - ex-00000024: acquiring connection with route {}->unix://localhost:2375
22:07:07.213 [Test worker] DEBUG com.github.dockerjava.zerodep.shaded.org.apache.hc.client5.http.impl.classic.InternalHttpClient - ex-00000024: acquiring endpoint (3 MINUTES)
22:07:07.213 [Test worker] DEBUG com.github.dockerjava.zerodep.shaded.org.apache.hc.client5.http.impl.io.PoolingHttpClientConnectionManager - ex-00000024: endpoint lease request (3 MINUTES) [route: {}->unix://localhost:2375][total available: 1; route allocated: 1 of 2147483647; total allocated: 1 of 2147483647]
22:07:07.213 [Test worker] DEBUG com.github.dockerjava.zerodep.shaded.org.apache.hc.client5.http.impl.io.PoolingHttpClientConnectionManager - ex-00000024: endpoint leased [route: {}->unix://localhost:2375][total available: 0; route allocated: 1 of 2147483647; total allocated: 1 of 2147483647]
22:07:07.213 [Test worker] DEBUG com.github.dockerjava.zerodep.shaded.org.apache.hc.client5.http.impl.io.PoolingHttpClientConnectionManager - ex-00000024: acquired ep-00000023
22:07:07.213 [Test worker] DEBUG com.github.dockerjava.zerodep.shaded.org.apache.hc.client5.http.impl.classic.InternalHttpClient - ex-00000024: acquired endpoint ep-00000023
22:07:07.213 [Test worker] DEBUG com.github.dockerjava.zerodep.shaded.org.apache.hc.client5.http.impl.classic.MainClientExec - ex-00000024: executing GET /v1.32/containers/511b2d736fd4c4da08b79110fd21fdaa756368e4971eb130f8114450b3efc085/json HTTP/1.1
22:07:07.213 [Test worker] DEBUG com.github.dockerjava.zerodep.shaded.org.apache.hc.client5.http.impl.classic.InternalHttpClient - ep-00000023: start execution ex-00000024
22:07:07.213 [Test worker] DEBUG com.github.dockerjava.zerodep.shaded.org.apache.hc.client5.http.impl.io.PoolingHttpClientConnectionManager - ep-00000023: executing exchange ex-00000024 over http-outgoing-2
22:07:07.213 [Test worker] DEBUG com.github.dockerjava.zerodep.shaded.org.apache.hc.client5.http.headers - http-outgoing-2 >> GET /v1.32/containers/511b2d736fd4c4da08b79110fd21fdaa756368e4971eb130f8114450b3efc085/json HTTP/1.1
22:07:07.213 [Test worker] DEBUG com.github.dockerjava.zerodep.shaded.org.apache.hc.client5.http.headers - http-outgoing-2 >> accept: application/json
22:07:07.213 [Test worker] DEBUG com.github.dockerjava.zerodep.shaded.org.apache.hc.client5.http.headers - http-outgoing-2 >> x-tc-sid: c721e8e0-dbbd-4305-a748-6be2465f786d
22:07:07.213 [Test worker] DEBUG com.github.dockerjava.zerodep.shaded.org.apache.hc.client5.http.headers - http-outgoing-2 >> Accept-Encoding: gzip, x-gzip, deflate
22:07:07.213 [Test worker] DEBUG com.github.dockerjava.zerodep.shaded.org.apache.hc.client5.http.headers - http-outgoing-2 >> Host: localhost:2375
22:07:07.213 [Test worker] DEBUG com.github.dockerjava.zerodep.shaded.org.apache.hc.client5.http.headers - http-outgoing-2 >> Connection: keep-alive
22:07:07.213 [Test worker] DEBUG com.github.dockerjava.zerodep.shaded.org.apache.hc.client5.http.headers - http-outgoing-2 >> User-Agent: Apache-HttpClient/5.0.3 (Java/17.0.2)
22:07:07.213 [Test worker] DEBUG com.github.dockerjava.zerodep.shaded.org.apache.hc.client5.http.wire - http-outgoing-2 >> "GET /v1.32/containers/511b2d736fd4c4da08b79110fd21fdaa756368e4971eb130f8114450b3efc085/json HTTP/1.1[\r][\n]"
22:07:07.213 [Test worker] DEBUG com.github.dockerjava.zerodep.shaded.org.apache.hc.client5.http.wire - http-outgoing-2 >> "accept: application/json[\r][\n]"
22:07:07.213 [Test worker] DEBUG com.github.dockerjava.zerodep.shaded.org.apache.hc.client5.http.wire - http-outgoing-2 >> "x-tc-sid: c721e8e0-dbbd-4305-a748-6be2465f786d[\r][\n]"
22:07:07.213 [Test worker] DEBUG com.github.dockerjava.zerodep.shaded.org.apache.hc.client5.http.wire - http-outgoing-2 >> "Accept-Encoding: gzip, x-gzip, deflate[\r][\n]"
22:07:07.213 [Test worker] DEBUG com.github.dockerjava.zerodep.shaded.org.apache.hc.client5.http.wire - http-outgoing-2 >> "Host: localhost:2375[\r][\n]"
22:07:07.213 [Test worker] DEBUG com.github.dockerjava.zerodep.shaded.org.apache.hc.client5.http.wire - http-outgoing-2 >> "Connection: keep-alive[\r][\n]"
22:07:07.213 [Test worker] DEBUG com.github.dockerjava.zerodep.shaded.org.apache.hc.client5.http.wire - http-outgoing-2 >> "User-Agent: Apache-HttpClient/5.0.3 (Java/17.0.2)[\r][\n]"
22:07:07.213 [Test worker] DEBUG com.github.dockerjava.zerodep.shaded.org.apache.hc.client5.http.wire - http-outgoing-2 >> "[\r][\n]"
22:07:07.215 [Test worker] DEBUG com.github.dockerjava.zerodep.shaded.org.apache.hc.client5.http.wire - http-outgoing-2 << "HTTP/1.1 200 OK[\r][\n]"
22:07:07.215 [Test worker] DEBUG com.github.dockerjava.zerodep.shaded.org.apache.hc.client5.http.wire - http-outgoing-2 << "Api-Version: 1.41[\r][\n]"
22:07:07.215 [Test worker] DEBUG com.github.dockerjava.zerodep.shaded.org.apache.hc.client5.http.wire - http-outgoing-2 << "Content-Type: application/json[\r][\n]"
22:07:07.215 [Test worker] DEBUG com.github.dockerjava.zerodep.shaded.org.apache.hc.client5.http.wire - http-outgoing-2 << "Date: Mon, 03 Apr 2023 01:07:07 GMT[\r][\n]"
22:07:07.215 [Test worker] DEBUG com.github.dockerjava.zerodep.shaded.org.apache.hc.client5.http.wire - http-outgoing-2 << "Docker-Experimental: false[\r][\n]"
22:07:07.215 [Test worker] DEBUG com.github.dockerjava.zerodep.shaded.org.apache.hc.client5.http.wire - http-outgoing-2 << "Ostype: linux[\r][\n]"
22:07:07.215 [Test worker] DEBUG com.github.dockerjava.zerodep.shaded.org.apache.hc.client5.http.wire - http-outgoing-2 << "Server: Docker/20.10.21 (linux)[\r][\n]"
22:07:07.215 [Test worker] DEBUG com.github.dockerjava.zerodep.shaded.org.apache.hc.client5.http.wire - http-outgoing-2 << "Transfer-Encoding: chunked[\r][\n]"
22:07:07.215 [Test worker] DEBUG com.github.dockerjava.zerodep.shaded.org.apache.hc.client5.http.wire - http-outgoing-2 << "[\r][\n]"
22:07:07.215 [Test worker] DEBUG com.github.dockerjava.zerodep.shaded.org.apache.hc.client5.http.headers - http-outgoing-2 << HTTP/1.1 200 OK
22:07:07.215 [Test worker] DEBUG com.github.dockerjava.zerodep.shaded.org.apache.hc.client5.http.headers - http-outgoing-2 << Api-Version: 1.41
22:07:07.215 [Test worker] DEBUG com.github.dockerjava.zerodep.shaded.org.apache.hc.client5.http.headers - http-outgoing-2 << Content-Type: application/json
22:07:07.215 [Test worker] DEBUG com.github.dockerjava.zerodep.shaded.org.apache.hc.client5.http.headers - http-outgoing-2 << Date: Mon, 03 Apr 2023 01:07:07 GMT
22:07:07.215 [Test worker] DEBUG com.github.dockerjava.zerodep.shaded.org.apache.hc.client5.http.headers - http-outgoing-2 << Docker-Experimental: false
22:07:07.215 [Test worker] DEBUG com.github.dockerjava.zerodep.shaded.org.apache.hc.client5.http.headers - http-outgoing-2 << Ostype: linux
22:07:07.215 [Test worker] DEBUG com.github.dockerjava.zerodep.shaded.org.apache.hc.client5.http.headers - http-outgoing-2 << Server: Docker/20.10.21 (linux)
22:07:07.215 [Test worker] DEBUG com.github.dockerjava.zerodep.shaded.org.apache.hc.client5.http.headers - http-outgoing-2 << Transfer-Encoding: chunked
22:07:07.215 [Test worker] DEBUG com.github.dockerjava.zerodep.shaded.org.apache.hc.client5.http.impl.classic.MainClientExec - ex-00000024: connection can be kept alive for 3 MINUTES
22:07:07.217 [Test worker] DEBUG com.github.dockerjava.zerodep.shaded.org.apache.hc.client5.http.wire - http-outgoing-2 << "18c0[\r][\n]"
22:07:07.217 [Test worker] DEBUG com.github.dockerjava.zerodep.shaded.org.apache.hc.client5.http.wire - http-outgoing-2 << "{"Id":"511b2d736fd4c4da08b79110fd21fdaa756368e4971eb130f8114450b3efc085","Created":"2023-04-03T01:07:04.201309337Z","Path":"docker-entrypoint.sh","Args":["mysqld"],"State":{"Status":"running","Running":true,"Paused":false,"Restarting":false,"OOMKilled":false,"Dead":false,"Pid":2724,"ExitCode":0,"Error":"","StartedAt":"2023-04-03T01:07:04.498400921Z","FinishedAt":"0001-01-01T00:00:00Z"},"Image":"sha256:c7c54c29e20dccc1aefb936c8eba8bb8b98b87a4921102aba87fde2df5810af9","ResolvConfPath":"/var/lib/docker/containers/511b2d736fd4c4da08b79110fd21fdaa756368e4971eb130f8114450b3efc085/resolv.conf","HostnamePath":"/var/lib/docker/containers/511b2d736fd4c4da08b79110fd21fdaa756368e4971eb130f8114450b3efc085/hostname","HostsPath":"/var/lib/docker/containers/511b2d736fd4c4da08b79110fd21fdaa756368e4971eb130f8114450b3efc085/hosts","LogPath":"/var/lib/docker/containers/511b2d736fd4c4da08b79110fd21fdaa756368e4971eb130f8114450b3efc085/511b2d736fd4c4da08b79110fd21fdaa756368e4971eb130f8114450b3efc085-json.log","Name":"/elastic_easley","RestartCount":0,"Driver":"overlay2","Platform":"linux","MountLabel":"","ProcessLabel":"","AppArmorProfile":"","ExecIDs":null,"HostConfig":{"Binds":[],"ContainerIDFile":"","LogConfig":{"Type":"json-file","Config":{}},"NetworkMode":"default","PortBindings":{"3306/tcp":[{"HostIp":"0.0.0.0","HostPort":"0"}]},"RestartPolicy":{"Name":"","MaximumRetryCount":0},"AutoRemove":false,"VolumeDriver":"","VolumesFrom":[],"CapAdd":null,"CapDrop":null,"CgroupnsMode":"private","Dns":null,"DnsOptions":null,"DnsSearch":null,"ExtraHosts":[],"GroupAdd":null,"IpcMode":"shareable","Cgroup":"","Links":null,"OomScoreAdj":0,"PidMode":"","Privileged":false,"PublishAllPorts":false,"ReadonlyRootfs":false,"SecurityOpt":null,"UTSMode":"","UsernsMode":"","ShmSize":67108864,"Runtime":"runc","ConsoleSize":[0,0],"Isolation":"","CpuShares":0,"Memory":0,"NanoCpus":0,"CgroupParent":"","BlkioWeight":0,"BlkioWeightDevice":null,"BlkioDeviceReadBps":null,"BlkioDeviceWriteBps":null,"BlkioDeviceReadIOps":null,"BlkioDeviceWriteIOps":null,"CpuPeriod":0,"CpuQuota":0,"CpuRealtimePeriod":0,"CpuRealtimeRuntime":0,"CpusetCpus":"","CpusetMems":"","Devices":null,"DeviceCgroupRules":null,"DeviceRequests":null,"KernelMemory":0,"KernelMemoryTCP":0,"MemoryReservation":0,"MemorySwap":0,"MemorySwappiness":null,"OomKillDisable":null,"PidsLimit":null,"Ulimits":null,"CpuCount":0,"CpuPercent":0,"IOMaximumIOps":0,"IOMaximumBandwidth":0,"MaskedPaths":["/proc/asound","/proc/acpi","/proc/kcore","/proc/keys","/proc/latency_stats","/proc/timer_list","/proc/timer_stats","/proc/sched_debug","/proc/scsi","/sys/firmware"],"ReadonlyPaths":["/proc/bus","/proc/fs","/proc/irq","/proc/sys","/proc/sysrq-trigger"]},"GraphDriver":{"Data":{"LowerDir":"/var/lib/docker/overlay2/5ada145d0e3939fe5ed2118eea99b9f10241aeee200293145c73dce66470a568-init/diff:/var/lib/docker/overlay2/1bd8849d7a296305617011f940aa5cfabbe972a513397b1b6bbc27639b6c1f30/diff:/var/lib/docker/overlay2/199d69b2fbf78af4d4c95dec4fd2f8835ab0347eb49fb20ebb2ff3b99fedd6ad/diff:/var/lib/docker/overlay2/d83c38d654989311f75b9491329846033bfb7714de76ef635380dcfad5c740d9/diff:/var/lib/docker/overlay2/08600d0aea2ab2728bebcf5d2589c640a842f53d1ba3c4a4adccb4d03b923cf6/diff:/var/lib/docker/overlay2/9ec7c63a3fb14d13ac788bbf5e282ca821edc41260b79944e5e631037d13ecda/diff:/var/lib/docker/overlay2/db601d7a1b4ea6da638db620462f0da96fa55c559d02269c9ddb09027936ed87/diff:/var/lib/docker/overlay2/a6d2bd03f942e2565f21e74cfe152c7ec836a1c2b583f0790c685b92bdcfda24/diff:/var/lib/docker/overlay2/9badd16ea2c5e2bf1fde8b579683e41137dfc46ed5449234149f199a6751cc84/diff:/var/lib/docker/overlay2/6efb85646ed12e2d1181ef4cc6f6f6732c00c15a4035fe17ebc4f075ca573c30/diff:/var/lib/docker/overlay2/895d7c0ec09144d6ed33936f4e98e11c18010f7abd708cae1ce43aec7a7f2621/diff:/var/lib/docker/overlay2/1c4ba77aa573ab6e5e5069fd15eae71b3da940bde0f97a922a227ffc8a1d1096/diff","MergedDir":"/var/lib/docker/overlay2/5ada145d0e3939fe5ed2118eea99b9f10241aeee200293145c73dce66470a568/merged","UpperDir":"/var/lib/docker/overlay2/5ada145d0e3939fe5ed2118eea99b9f10241aeee200293145c73dce66470a568/diff","WorkDir":"/var/lib/docker/overlay2/5ada145d0e3939fe5ed2118eea99b9f10241aeee200293145c73dce66470a568/work"},"Name":"overlay2"},"Mounts":[{"Type":"volume","Name":"ac6dcf572a35a68e3a3a5bdf3d1899d89919b8e0b6d7a1beb9c6b19978c4e863","Source":"/var/lib/docker/volumes/ac6dcf572a35a68e3a3a5bdf3d1899d89919b8e0b6d7a1beb9c6b19978c4e863/_data","Destination":"/var/lib/mysql","Driver":"local","Mode":"","RW":true,"Propagation":""}],"Config":{"Hostname":"511b2d736fd4","Domainname":"","User":"","AttachStdin":false,"AttachStdout":false,"AttachStderr":false,"ExposedPorts":{"3306/tcp":{},"33060/tcp":{}},"Tty":false,"OpenStdin":false,"StdinOnce":false,"Env":["MYSQL_DATABASE=adm_videos","MYSQL_PASSWORD=123456","MYSQL_ROOT_PASSWORD=123456","PATH=/usr/local/sbin:/usr/local/bin:/usr/sbin:/usr/bin:/sbin:/bin","GOSU_VERSION=1.16","MYSQL_MAJOR=8.0","MYSQL_VERSION=8.0.32-1.el8","MYSQL_SHELL_VERSION=8.0.32-1.el8"],"Cmd":["mysqld"],"Image":"mysql:latest","Volumes":{"/var/lib/mysql":{}},"WorkingDir":"","Entrypoint":["docker-entrypoint.sh"],"OnBuild":null,"Labels":{"org.testcontainers":"true","org.testcontainers.lang":"java","org.testcontainers.sessionId":"c721e8e0-dbbd-4305-a748-6be2465f786d","org.testcontainers.version":"1.17.6"}},"NetworkSettings":{"Bridge":"","SandboxID":"23a51dba07b22c8536581cd39611755923749e16a93a45ce75c5c8a4a7759981","HairpinMode":false,"LinkLocalIPv6Address":"","LinkLocalIPv6PrefixLen":0,"Ports":{"3306/tcp":[{"HostIp":"0.0.0.0","HostPort":"50897"}],"33060/tcp":null},"SandboxKey":"/var/run/docker/netns/23a51dba07b2","SecondaryIPAddresses":null,"SecondaryIPv6Addresses":null,"EndpointID":"692f30c6e93a1486104b6273bdc38b1f926e45528d0b3ff49b5fe2d91ed6b329","Gateway":"172.17.0.1","GlobalIPv6Address":"","GlobalIPv6PrefixLen":0,"IPAddress":"172.17.0.3","IPPrefixLen":16,"IPv6Gateway":"","MacAddress":"02:42:ac:11:00:03","Networks":{"bridge":{"IPAMConfig":null,"Links":null,"Aliases":null,"NetworkID":"eba6fdf7ebe51912c859fc2dc83d1407a50db03ea3c296d90f885e8af84b6e93","EndpointID":"692f30c6e93a1486104b6273bdc38b1f926e45528d0b3ff49b5fe2d91ed6b329","Gateway":"172.17.0.1","IPAddress":"172.17.0.3","IPPrefixLen":16,"IPv6Gateway":"","GlobalIPv6Address":"","GlobalIPv6PrefixLen":0,"MacAddress":"02:42:ac:11:00:03","DriverOpts":null}}}}[\n]"
22:07:07.217 [Test worker] DEBUG com.github.dockerjava.zerodep.shaded.org.apache.hc.client5.http.wire - http-outgoing-2 << "[\r][\n]"
22:07:07.218 [Test worker] DEBUG com.github.dockerjava.zerodep.shaded.org.apache.hc.client5.http.wire - http-outgoing-2 << "0[\r][\n]"
22:07:07.218 [Test worker] DEBUG com.github.dockerjava.zerodep.shaded.org.apache.hc.client5.http.wire - http-outgoing-2 << "[\r][\n]"
22:07:07.218 [Test worker] DEBUG com.github.dockerjava.zerodep.shaded.org.apache.hc.client5.http.impl.classic.InternalHttpClient - ep-00000023: releasing valid endpoint
22:07:07.218 [Test worker] DEBUG com.github.dockerjava.zerodep.shaded.org.apache.hc.client5.http.impl.io.PoolingHttpClientConnectionManager - ep-00000023: releasing endpoint
22:07:07.218 [Test worker] DEBUG com.github.dockerjava.zerodep.shaded.org.apache.hc.client5.http.impl.io.PoolingHttpClientConnectionManager - ep-00000023: connection http-outgoing-2 can be kept alive for 3 MINUTES
22:07:07.218 [Test worker] DEBUG com.github.dockerjava.zerodep.shaded.org.apache.hc.client5.http.impl.io.PoolingHttpClientConnectionManager - ep-00000023: connection released [route: {}->unix://localhost:2375][total available: 1; route allocated: 1 of 2147483647; total allocated: 1 of 2147483647]
22:07:07.218 [Test worker] DEBUG ]]>&#x1f433;<![CDATA[ [mysql:latest] - Trying to create JDBC connection using com.mysql.cj.jdbc.Driver to jdbc:mysql://localhost:50897/adm_videos?useSSL=false&allowPublicKeyRetrieval=true with properties: {password=123456, user=root}
22:07:07.324 [Test worker] DEBUG org.testcontainers.shaded.com.github.dockerjava.core.command.AbstrDockerCmd - Cmd: 511b2d736fd4c4da08b79110fd21fdaa756368e4971eb130f8114450b3efc085,false
22:07:07.325 [Test worker] DEBUG org.testcontainers.shaded.com.github.dockerjava.core.exec.InspectContainerCmdExec - GET: DefaultWebTarget{path=[/containers/511b2d736fd4c4da08b79110fd21fdaa756368e4971eb130f8114450b3efc085/json], queryParams={}}
22:07:07.325 [Test worker] DEBUG com.github.dockerjava.zerodep.shaded.org.apache.hc.client5.http.impl.classic.InternalHttpClient - ex-00000025: preparing request execution
22:07:07.325 [Test worker] DEBUG com.github.dockerjava.zerodep.shaded.org.apache.hc.client5.http.protocol.RequestAddCookies - Cookie spec selected: strict
22:07:07.325 [Test worker] DEBUG com.github.dockerjava.zerodep.shaded.org.apache.hc.client5.http.protocol.RequestAuthCache - Auth cache not set in the context
22:07:07.325 [Test worker] DEBUG com.github.dockerjava.zerodep.shaded.org.apache.hc.client5.http.impl.classic.ProtocolExec - ex-00000025: target auth state: UNCHALLENGED
22:07:07.325 [Test worker] DEBUG com.github.dockerjava.zerodep.shaded.org.apache.hc.client5.http.impl.classic.ProtocolExec - ex-00000025: proxy auth state: UNCHALLENGED
22:07:07.325 [Test worker] DEBUG com.github.dockerjava.zerodep.shaded.org.apache.hc.client5.http.impl.classic.ConnectExec - ex-00000025: acquiring connection with route {}->unix://localhost:2375
22:07:07.325 [Test worker] DEBUG com.github.dockerjava.zerodep.shaded.org.apache.hc.client5.http.impl.classic.InternalHttpClient - ex-00000025: acquiring endpoint (3 MINUTES)
22:07:07.325 [Test worker] DEBUG com.github.dockerjava.zerodep.shaded.org.apache.hc.client5.http.impl.io.PoolingHttpClientConnectionManager - ex-00000025: endpoint lease request (3 MINUTES) [route: {}->unix://localhost:2375][total available: 1; route allocated: 1 of 2147483647; total allocated: 1 of 2147483647]
22:07:07.325 [Test worker] DEBUG com.github.dockerjava.zerodep.shaded.org.apache.hc.client5.http.impl.io.PoolingHttpClientConnectionManager - ex-00000025: endpoint leased [route: {}->unix://localhost:2375][total available: 0; route allocated: 1 of 2147483647; total allocated: 1 of 2147483647]
22:07:07.325 [Test worker] DEBUG com.github.dockerjava.zerodep.shaded.org.apache.hc.client5.http.impl.io.PoolingHttpClientConnectionManager - ex-00000025: acquired ep-00000024
22:07:07.325 [Test worker] DEBUG com.github.dockerjava.zerodep.shaded.org.apache.hc.client5.http.impl.classic.InternalHttpClient - ex-00000025: acquired endpoint ep-00000024
22:07:07.325 [Test worker] DEBUG com.github.dockerjava.zerodep.shaded.org.apache.hc.client5.http.impl.classic.MainClientExec - ex-00000025: executing GET /v1.32/containers/511b2d736fd4c4da08b79110fd21fdaa756368e4971eb130f8114450b3efc085/json HTTP/1.1
22:07:07.325 [Test worker] DEBUG com.github.dockerjava.zerodep.shaded.org.apache.hc.client5.http.impl.classic.InternalHttpClient - ep-00000024: start execution ex-00000025
22:07:07.325 [Test worker] DEBUG com.github.dockerjava.zerodep.shaded.org.apache.hc.client5.http.impl.io.PoolingHttpClientConnectionManager - ep-00000024: executing exchange ex-00000025 over http-outgoing-2
22:07:07.325 [Test worker] DEBUG com.github.dockerjava.zerodep.shaded.org.apache.hc.client5.http.headers - http-outgoing-2 >> GET /v1.32/containers/511b2d736fd4c4da08b79110fd21fdaa756368e4971eb130f8114450b3efc085/json HTTP/1.1
22:07:07.325 [Test worker] DEBUG com.github.dockerjava.zerodep.shaded.org.apache.hc.client5.http.headers - http-outgoing-2 >> accept: application/json
22:07:07.325 [Test worker] DEBUG com.github.dockerjava.zerodep.shaded.org.apache.hc.client5.http.headers - http-outgoing-2 >> x-tc-sid: c721e8e0-dbbd-4305-a748-6be2465f786d
22:07:07.325 [Test worker] DEBUG com.github.dockerjava.zerodep.shaded.org.apache.hc.client5.http.headers - http-outgoing-2 >> Accept-Encoding: gzip, x-gzip, deflate
22:07:07.325 [Test worker] DEBUG com.github.dockerjava.zerodep.shaded.org.apache.hc.client5.http.headers - http-outgoing-2 >> Host: localhost:2375
22:07:07.325 [Test worker] DEBUG com.github.dockerjava.zerodep.shaded.org.apache.hc.client5.http.headers - http-outgoing-2 >> Connection: keep-alive
22:07:07.325 [Test worker] DEBUG com.github.dockerjava.zerodep.shaded.org.apache.hc.client5.http.headers - http-outgoing-2 >> User-Agent: Apache-HttpClient/5.0.3 (Java/17.0.2)
22:07:07.325 [Test worker] DEBUG com.github.dockerjava.zerodep.shaded.org.apache.hc.client5.http.wire - http-outgoing-2 >> "GET /v1.32/containers/511b2d736fd4c4da08b79110fd21fdaa756368e4971eb130f8114450b3efc085/json HTTP/1.1[\r][\n]"
22:07:07.325 [Test worker] DEBUG com.github.dockerjava.zerodep.shaded.org.apache.hc.client5.http.wire - http-outgoing-2 >> "accept: application/json[\r][\n]"
22:07:07.325 [Test worker] DEBUG com.github.dockerjava.zerodep.shaded.org.apache.hc.client5.http.wire - http-outgoing-2 >> "x-tc-sid: c721e8e0-dbbd-4305-a748-6be2465f786d[\r][\n]"
22:07:07.325 [Test worker] DEBUG com.github.dockerjava.zerodep.shaded.org.apache.hc.client5.http.wire - http-outgoing-2 >> "Accept-Encoding: gzip, x-gzip, deflate[\r][\n]"
22:07:07.325 [Test worker] DEBUG com.github.dockerjava.zerodep.shaded.org.apache.hc.client5.http.wire - http-outgoing-2 >> "Host: localhost:2375[\r][\n]"
22:07:07.325 [Test worker] DEBUG com.github.dockerjava.zerodep.shaded.org.apache.hc.client5.http.wire - http-outgoing-2 >> "Connection: keep-alive[\r][\n]"
22:07:07.325 [Test worker] DEBUG com.github.dockerjava.zerodep.shaded.org.apache.hc.client5.http.wire - http-outgoing-2 >> "User-Agent: Apache-HttpClient/5.0.3 (Java/17.0.2)[\r][\n]"
22:07:07.325 [Test worker] DEBUG com.github.dockerjava.zerodep.shaded.org.apache.hc.client5.http.wire - http-outgoing-2 >> "[\r][\n]"
22:07:07.329 [Test worker] DEBUG com.github.dockerjava.zerodep.shaded.org.apache.hc.client5.http.wire - http-outgoing-2 << "HTTP/1.1 200 OK[\r][\n]"
22:07:07.329 [Test worker] DEBUG com.github.dockerjava.zerodep.shaded.org.apache.hc.client5.http.wire - http-outgoing-2 << "Api-Version: 1.41[\r][\n]"
22:07:07.329 [Test worker] DEBUG com.github.dockerjava.zerodep.shaded.org.apache.hc.client5.http.wire - http-outgoing-2 << "Content-Type: application/json[\r][\n]"
22:07:07.329 [Test worker] DEBUG com.github.dockerjava.zerodep.shaded.org.apache.hc.client5.http.wire - http-outgoing-2 << "Date: Mon, 03 Apr 2023 01:07:07 GMT[\r][\n]"
22:07:07.329 [Test worker] DEBUG com.github.dockerjava.zerodep.shaded.org.apache.hc.client5.http.wire - http-outgoing-2 << "Docker-Experimental: false[\r][\n]"
22:07:07.329 [Test worker] DEBUG com.github.dockerjava.zerodep.shaded.org.apache.hc.client5.http.wire - http-outgoing-2 << "Ostype: linux[\r][\n]"
22:07:07.329 [Test worker] DEBUG com.github.dockerjava.zerodep.shaded.org.apache.hc.client5.http.wire - http-outgoing-2 << "Server: Docker/20.10.21 (linux)[\r][\n]"
22:07:07.329 [Test worker] DEBUG com.github.dockerjava.zerodep.shaded.org.apache.hc.client5.http.wire - http-outgoing-2 << "Transfer-Encoding: chunked[\r][\n]"
22:07:07.329 [Test worker] DEBUG com.github.dockerjava.zerodep.shaded.org.apache.hc.client5.http.wire - http-outgoing-2 << "[\r][\n]"
22:07:07.329 [Test worker] DEBUG com.github.dockerjava.zerodep.shaded.org.apache.hc.client5.http.headers - http-outgoing-2 << HTTP/1.1 200 OK
22:07:07.329 [Test worker] DEBUG com.github.dockerjava.zerodep.shaded.org.apache.hc.client5.http.headers - http-outgoing-2 << Api-Version: 1.41
22:07:07.329 [Test worker] DEBUG com.github.dockerjava.zerodep.shaded.org.apache.hc.client5.http.headers - http-outgoing-2 << Content-Type: application/json
22:07:07.329 [Test worker] DEBUG com.github.dockerjava.zerodep.shaded.org.apache.hc.client5.http.headers - http-outgoing-2 << Date: Mon, 03 Apr 2023 01:07:07 GMT
22:07:07.329 [Test worker] DEBUG com.github.dockerjava.zerodep.shaded.org.apache.hc.client5.http.headers - http-outgoing-2 << Docker-Experimental: false
22:07:07.329 [Test worker] DEBUG com.github.dockerjava.zerodep.shaded.org.apache.hc.client5.http.headers - http-outgoing-2 << Ostype: linux
22:07:07.329 [Test worker] DEBUG com.github.dockerjava.zerodep.shaded.org.apache.hc.client5.http.headers - http-outgoing-2 << Server: Docker/20.10.21 (linux)
22:07:07.329 [Test worker] DEBUG com.github.dockerjava.zerodep.shaded.org.apache.hc.client5.http.headers - http-outgoing-2 << Transfer-Encoding: chunked
22:07:07.329 [Test worker] DEBUG com.github.dockerjava.zerodep.shaded.org.apache.hc.client5.http.impl.classic.MainClientExec - ex-00000025: connection can be kept alive for 3 MINUTES
22:07:07.330 [Test worker] DEBUG com.github.dockerjava.zerodep.shaded.org.apache.hc.client5.http.wire - http-outgoing-2 << "18c0[\r][\n]"
22:07:07.330 [Test worker] DEBUG com.github.dockerjava.zerodep.shaded.org.apache.hc.client5.http.wire - http-outgoing-2 << "{"Id":"511b2d736fd4c4da08b79110fd21fdaa756368e4971eb130f8114450b3efc085","Created":"2023-04-03T01:07:04.201309337Z","Path":"docker-entrypoint.sh","Args":["mysqld"],"State":{"Status":"running","Running":true,"Paused":false,"Restarting":false,"OOMKilled":false,"Dead":false,"Pid":2724,"ExitCode":0,"Error":"","StartedAt":"2023-04-03T01:07:04.498400921Z","FinishedAt":"0001-01-01T00:00:00Z"},"Image":"sha256:c7c54c29e20dccc1aefb936c8eba8bb8b98b87a4921102aba87fde2df5810af9","ResolvConfPath":"/var/lib/docker/containers/511b2d736fd4c4da08b79110fd21fdaa756368e4971eb130f8114450b3efc085/resolv.conf","HostnamePath":"/var/lib/docker/containers/511b2d736fd4c4da08b79110fd21fdaa756368e4971eb130f8114450b3efc085/hostname","HostsPath":"/var/lib/docker/containers/511b2d736fd4c4da08b79110fd21fdaa756368e4971eb130f8114450b3efc085/hosts","LogPath":"/var/lib/docker/containers/511b2d736fd4c4da08b79110fd21fdaa756368e4971eb130f8114450b3efc085/511b2d736fd4c4da08b79110fd21fdaa756368e4971eb130f8114450b3efc085-json.log","Name":"/elastic_easley","RestartCount":0,"Driver":"overlay2","Platform":"linux","MountLabel":"","ProcessLabel":"","AppArmorProfile":"","ExecIDs":null,"HostConfig":{"Binds":[],"ContainerIDFile":"","LogConfig":{"Type":"json-file","Config":{}},"NetworkMode":"default","PortBindings":{"3306/tcp":[{"HostIp":"0.0.0.0","HostPort":"0"}]},"RestartPolicy":{"Name":"","MaximumRetryCount":0},"AutoRemove":false,"VolumeDriver":"","VolumesFrom":[],"CapAdd":null,"CapDrop":null,"CgroupnsMode":"private","Dns":null,"DnsOptions":null,"DnsSearch":null,"ExtraHosts":[],"GroupAdd":null,"IpcMode":"shareable","Cgroup":"","Links":null,"OomScoreAdj":0,"PidMode":"","Privileged":false,"PublishAllPorts":false,"ReadonlyRootfs":false,"SecurityOpt":null,"UTSMode":"","UsernsMode":"","ShmSize":67108864,"Runtime":"runc","ConsoleSize":[0,0],"Isolation":"","CpuShares":0,"Memory":0,"NanoCpus":0,"CgroupParent":"","BlkioWeight":0,"BlkioWeightDevice":null,"BlkioDeviceReadBps":null,"BlkioDeviceWriteBps":null,"BlkioDeviceReadIOps":null,"BlkioDeviceWriteIOps":null,"CpuPeriod":0,"CpuQuota":0,"CpuRealtimePeriod":0,"CpuRealtimeRuntime":0,"CpusetCpus":"","CpusetMems":"","Devices":null,"DeviceCgroupRules":null,"DeviceRequests":null,"KernelMemory":0,"KernelMemoryTCP":0,"MemoryReservation":0,"MemorySwap":0,"MemorySwappiness":null,"OomKillDisable":null,"PidsLimit":null,"Ulimits":null,"CpuCount":0,"CpuPercent":0,"IOMaximumIOps":0,"IOMaximumBandwidth":0,"MaskedPaths":["/proc/asound","/proc/acpi","/proc/kcore","/proc/keys","/proc/latency_stats","/proc/timer_list","/proc/timer_stats","/proc/sched_debug","/proc/scsi","/sys/firmware"],"ReadonlyPaths":["/proc/bus","/proc/fs","/proc/irq","/proc/sys","/proc/sysrq-trigger"]},"GraphDriver":{"Data":{"LowerDir":"/var/lib/docker/overlay2/5ada145d0e3939fe5ed2118eea99b9f10241aeee200293145c73dce66470a568-init/diff:/var/lib/docker/overlay2/1bd8849d7a296305617011f940aa5cfabbe972a513397b1b6bbc27639b6c1f30/diff:/var/lib/docker/overlay2/199d69b2fbf78af4d4c95dec4fd2f8835ab0347eb49fb20ebb2ff3b99fedd6ad/diff:/var/lib/docker/overlay2/d83c38d654989311f75b9491329846033bfb7714de76ef635380dcfad5c740d9/diff:/var/lib/docker/overlay2/08600d0aea2ab2728bebcf5d2589c640a842f53d1ba3c4a4adccb4d03b923cf6/diff:/var/lib/docker/overlay2/9ec7c63a3fb14d13ac788bbf5e282ca821edc41260b79944e5e631037d13ecda/diff:/var/lib/docker/overlay2/db601d7a1b4ea6da638db620462f0da96fa55c559d02269c9ddb09027936ed87/diff:/var/lib/docker/overlay2/a6d2bd03f942e2565f21e74cfe152c7ec836a1c2b583f0790c685b92bdcfda24/diff:/var/lib/docker/overlay2/9badd16ea2c5e2bf1fde8b579683e41137dfc46ed5449234149f199a6751cc84/diff:/var/lib/docker/overlay2/6efb85646ed12e2d1181ef4cc6f6f6732c00c15a4035fe17ebc4f075ca573c30/diff:/var/lib/docker/overlay2/895d7c0ec09144d6ed33936f4e98e11c18010f7abd708cae1ce43aec7a7f2621/diff:/var/lib/docker/overlay2/1c4ba77aa573ab6e5e5069fd15eae71b3da940bde0f97a922a227ffc8a1d1096/diff","MergedDir":"/var/lib/docker/overlay2/5ada145d0e3939fe5ed2118eea99b9f10241aeee200293145c73dce66470a568/merged","UpperDir":"/var/lib/docker/overlay2/5ada145d0e3939fe5ed2118eea99b9f10241aeee200293145c73dce66470a568/diff","WorkDir":"/var/lib/docker/overlay2/5ada145d0e3939fe5ed2118eea99b9f10241aeee200293145c73dce66470a568/work"},"Name":"overlay2"},"Mounts":[{"Type":"volume","Name":"ac6dcf572a35a68e3a3a5bdf3d1899d89919b8e0b6d7a1beb9c6b19978c4e863","Source":"/var/lib/docker/volumes/ac6dcf572a35a68e3a3a5bdf3d1899d89919b8e0b6d7a1beb9c6b19978c4e863/_data","Destination":"/var/lib/mysql","Driver":"local","Mode":"","RW":true,"Propagation":""}],"Config":{"Hostname":"511b2d736fd4","Domainname":"","User":"","AttachStdin":false,"AttachStdout":false,"AttachStderr":false,"ExposedPorts":{"3306/tcp":{},"33060/tcp":{}},"Tty":false,"OpenStdin":false,"StdinOnce":false,"Env":["MYSQL_DATABASE=adm_videos","MYSQL_PASSWORD=123456","MYSQL_ROOT_PASSWORD=123456","PATH=/usr/local/sbin:/usr/local/bin:/usr/sbin:/usr/bin:/sbin:/bin","GOSU_VERSION=1.16","MYSQL_MAJOR=8.0","MYSQL_VERSION=8.0.32-1.el8","MYSQL_SHELL_VERSION=8.0.32-1.el8"],"Cmd":["mysqld"],"Image":"mysql:latest","Volumes":{"/var/lib/mysql":{}},"WorkingDir":"","Entrypoint":["docker-entrypoint.sh"],"OnBuild":null,"Labels":{"org.testcontainers":"true","org.testcontainers.lang":"java","org.testcontainers.sessionId":"c721e8e0-dbbd-4305-a748-6be2465f786d","org.testcontainers.version":"1.17.6"}},"NetworkSettings":{"Bridge":"","SandboxID":"23a51dba07b22c8536581cd39611755923749e16a93a45ce75c5c8a4a7759981","HairpinMode":false,"LinkLocalIPv6Address":"","LinkLocalIPv6PrefixLen":0,"Ports":{"3306/tcp":[{"HostIp":"0.0.0.0","HostPort":"50897"}],"33060/tcp":null},"SandboxKey":"/var/run/docker/netns/23a51dba07b2","SecondaryIPAddresses":null,"SecondaryIPv6Addresses":null,"EndpointID":"692f30c6e93a1486104b6273bdc38b1f926e45528d0b3ff49b5fe2d91ed6b329","Gateway":"172.17.0.1","GlobalIPv6Address":"","GlobalIPv6PrefixLen":0,"IPAddress":"172.17.0.3","IPPrefixLen":16,"IPv6Gateway":"","MacAddress":"02:42:ac:11:00:03","Networks":{"bridge":{"IPAMConfig":null,"Links":null,"Aliases":null,"NetworkID":"eba6fdf7ebe51912c859fc2dc83d1407a50db03ea3c296d90f885e8af84b6e93","EndpointID":"692f30c6e93a1486104b6273bdc38b1f926e45528d0b3ff49b5fe2d91ed6b329","Gateway":"172.17.0.1","IPAddress":"172.17.0.3","IPPrefixLen":16,"IPv6Gateway":"","GlobalIPv6Address":"","GlobalIPv6PrefixLen":0,"MacAddress":"02:42:ac:11:00:03","DriverOpts":null}}}}[\n]"
22:07:07.330 [Test worker] DEBUG com.github.dockerjava.zerodep.shaded.org.apache.hc.client5.http.wire - http-outgoing-2 << "[\r][\n]"
22:07:07.331 [Test worker] DEBUG com.github.dockerjava.zerodep.shaded.org.apache.hc.client5.http.wire - http-outgoing-2 << "0[\r][\n]"
22:07:07.331 [Test worker] DEBUG com.github.dockerjava.zerodep.shaded.org.apache.hc.client5.http.wire - http-outgoing-2 << "[\r][\n]"
22:07:07.331 [Test worker] DEBUG com.github.dockerjava.zerodep.shaded.org.apache.hc.client5.http.impl.classic.InternalHttpClient - ep-00000024: releasing valid endpoint
22:07:07.331 [Test worker] DEBUG com.github.dockerjava.zerodep.shaded.org.apache.hc.client5.http.impl.io.PoolingHttpClientConnectionManager - ep-00000024: releasing endpoint
22:07:07.331 [Test worker] DEBUG com.github.dockerjava.zerodep.shaded.org.apache.hc.client5.http.impl.io.PoolingHttpClientConnectionManager - ep-00000024: connection http-outgoing-2 can be kept alive for 3 MINUTES
22:07:07.331 [Test worker] DEBUG com.github.dockerjava.zerodep.shaded.org.apache.hc.client5.http.impl.io.PoolingHttpClientConnectionManager - ep-00000024: connection released [route: {}->unix://localhost:2375][total available: 1; route allocated: 1 of 2147483647; total allocated: 1 of 2147483647]
22:07:07.331 [Test worker] DEBUG ]]>&#x1f433;<![CDATA[ [mysql:latest] - Trying to create JDBC connection using com.mysql.cj.jdbc.Driver to jdbc:mysql://localhost:50897/adm_videos?useSSL=false&allowPublicKeyRetrieval=true with properties: {password=123456, user=root}
22:07:07.433 [Test worker] DEBUG org.testcontainers.shaded.com.github.dockerjava.core.command.AbstrDockerCmd - Cmd: 511b2d736fd4c4da08b79110fd21fdaa756368e4971eb130f8114450b3efc085,false
22:07:07.434 [Test worker] DEBUG org.testcontainers.shaded.com.github.dockerjava.core.exec.InspectContainerCmdExec - GET: DefaultWebTarget{path=[/containers/511b2d736fd4c4da08b79110fd21fdaa756368e4971eb130f8114450b3efc085/json], queryParams={}}
22:07:07.434 [Test worker] DEBUG com.github.dockerjava.zerodep.shaded.org.apache.hc.client5.http.impl.classic.InternalHttpClient - ex-00000026: preparing request execution
22:07:07.434 [Test worker] DEBUG com.github.dockerjava.zerodep.shaded.org.apache.hc.client5.http.protocol.RequestAddCookies - Cookie spec selected: strict
22:07:07.434 [Test worker] DEBUG com.github.dockerjava.zerodep.shaded.org.apache.hc.client5.http.protocol.RequestAuthCache - Auth cache not set in the context
22:07:07.434 [Test worker] DEBUG com.github.dockerjava.zerodep.shaded.org.apache.hc.client5.http.impl.classic.ProtocolExec - ex-00000026: target auth state: UNCHALLENGED
22:07:07.434 [Test worker] DEBUG com.github.dockerjava.zerodep.shaded.org.apache.hc.client5.http.impl.classic.ProtocolExec - ex-00000026: proxy auth state: UNCHALLENGED
22:07:07.434 [Test worker] DEBUG com.github.dockerjava.zerodep.shaded.org.apache.hc.client5.http.impl.classic.ConnectExec - ex-00000026: acquiring connection with route {}->unix://localhost:2375
22:07:07.434 [Test worker] DEBUG com.github.dockerjava.zerodep.shaded.org.apache.hc.client5.http.impl.classic.InternalHttpClient - ex-00000026: acquiring endpoint (3 MINUTES)
22:07:07.434 [Test worker] DEBUG com.github.dockerjava.zerodep.shaded.org.apache.hc.client5.http.impl.io.PoolingHttpClientConnectionManager - ex-00000026: endpoint lease request (3 MINUTES) [route: {}->unix://localhost:2375][total available: 1; route allocated: 1 of 2147483647; total allocated: 1 of 2147483647]
22:07:07.435 [Test worker] DEBUG com.github.dockerjava.zerodep.shaded.org.apache.hc.client5.http.impl.io.PoolingHttpClientConnectionManager - ex-00000026: endpoint leased [route: {}->unix://localhost:2375][total available: 0; route allocated: 1 of 2147483647; total allocated: 1 of 2147483647]
22:07:07.435 [Test worker] DEBUG com.github.dockerjava.zerodep.shaded.org.apache.hc.client5.http.impl.io.PoolingHttpClientConnectionManager - ex-00000026: acquired ep-00000025
22:07:07.435 [Test worker] DEBUG com.github.dockerjava.zerodep.shaded.org.apache.hc.client5.http.impl.classic.InternalHttpClient - ex-00000026: acquired endpoint ep-00000025
22:07:07.435 [Test worker] DEBUG com.github.dockerjava.zerodep.shaded.org.apache.hc.client5.http.impl.classic.MainClientExec - ex-00000026: executing GET /v1.32/containers/511b2d736fd4c4da08b79110fd21fdaa756368e4971eb130f8114450b3efc085/json HTTP/1.1
22:07:07.435 [Test worker] DEBUG com.github.dockerjava.zerodep.shaded.org.apache.hc.client5.http.impl.classic.InternalHttpClient - ep-00000025: start execution ex-00000026
22:07:07.435 [Test worker] DEBUG com.github.dockerjava.zerodep.shaded.org.apache.hc.client5.http.impl.io.PoolingHttpClientConnectionManager - ep-00000025: executing exchange ex-00000026 over http-outgoing-2
22:07:07.435 [Test worker] DEBUG com.github.dockerjava.zerodep.shaded.org.apache.hc.client5.http.headers - http-outgoing-2 >> GET /v1.32/containers/511b2d736fd4c4da08b79110fd21fdaa756368e4971eb130f8114450b3efc085/json HTTP/1.1
22:07:07.435 [Test worker] DEBUG com.github.dockerjava.zerodep.shaded.org.apache.hc.client5.http.headers - http-outgoing-2 >> accept: application/json
22:07:07.435 [Test worker] DEBUG com.github.dockerjava.zerodep.shaded.org.apache.hc.client5.http.headers - http-outgoing-2 >> x-tc-sid: c721e8e0-dbbd-4305-a748-6be2465f786d
22:07:07.435 [Test worker] DEBUG com.github.dockerjava.zerodep.shaded.org.apache.hc.client5.http.headers - http-outgoing-2 >> Accept-Encoding: gzip, x-gzip, deflate
22:07:07.435 [Test worker] DEBUG com.github.dockerjava.zerodep.shaded.org.apache.hc.client5.http.headers - http-outgoing-2 >> Host: localhost:2375
22:07:07.435 [Test worker] DEBUG com.github.dockerjava.zerodep.shaded.org.apache.hc.client5.http.headers - http-outgoing-2 >> Connection: keep-alive
22:07:07.435 [Test worker] DEBUG com.github.dockerjava.zerodep.shaded.org.apache.hc.client5.http.headers - http-outgoing-2 >> User-Agent: Apache-HttpClient/5.0.3 (Java/17.0.2)
22:07:07.435 [Test worker] DEBUG com.github.dockerjava.zerodep.shaded.org.apache.hc.client5.http.wire - http-outgoing-2 >> "GET /v1.32/containers/511b2d736fd4c4da08b79110fd21fdaa756368e4971eb130f8114450b3efc085/json HTTP/1.1[\r][\n]"
22:07:07.435 [Test worker] DEBUG com.github.dockerjava.zerodep.shaded.org.apache.hc.client5.http.wire - http-outgoing-2 >> "accept: application/json[\r][\n]"
22:07:07.435 [Test worker] DEBUG com.github.dockerjava.zerodep.shaded.org.apache.hc.client5.http.wire - http-outgoing-2 >> "x-tc-sid: c721e8e0-dbbd-4305-a748-6be2465f786d[\r][\n]"
22:07:07.435 [Test worker] DEBUG com.github.dockerjava.zerodep.shaded.org.apache.hc.client5.http.wire - http-outgoing-2 >> "Accept-Encoding: gzip, x-gzip, deflate[\r][\n]"
22:07:07.435 [Test worker] DEBUG com.github.dockerjava.zerodep.shaded.org.apache.hc.client5.http.wire - http-outgoing-2 >> "Host: localhost:2375[\r][\n]"
22:07:07.435 [Test worker] DEBUG com.github.dockerjava.zerodep.shaded.org.apache.hc.client5.http.wire - http-outgoing-2 >> "Connection: keep-alive[\r][\n]"
22:07:07.435 [Test worker] DEBUG com.github.dockerjava.zerodep.shaded.org.apache.hc.client5.http.wire - http-outgoing-2 >> "User-Agent: Apache-HttpClient/5.0.3 (Java/17.0.2)[\r][\n]"
22:07:07.435 [Test worker] DEBUG com.github.dockerjava.zerodep.shaded.org.apache.hc.client5.http.wire - http-outgoing-2 >> "[\r][\n]"
22:07:07.437 [Test worker] DEBUG com.github.dockerjava.zerodep.shaded.org.apache.hc.client5.http.wire - http-outgoing-2 << "HTTP/1.1 200 OK[\r][\n]"
22:07:07.437 [Test worker] DEBUG com.github.dockerjava.zerodep.shaded.org.apache.hc.client5.http.wire - http-outgoing-2 << "Api-Version: 1.41[\r][\n]"
22:07:07.437 [Test worker] DEBUG com.github.dockerjava.zerodep.shaded.org.apache.hc.client5.http.wire - http-outgoing-2 << "Content-Type: application/json[\r][\n]"
22:07:07.437 [Test worker] DEBUG com.github.dockerjava.zerodep.shaded.org.apache.hc.client5.http.wire - http-outgoing-2 << "Date: Mon, 03 Apr 2023 01:07:07 GMT[\r][\n]"
22:07:07.437 [Test worker] DEBUG com.github.dockerjava.zerodep.shaded.org.apache.hc.client5.http.wire - http-outgoing-2 << "Docker-Experimental: false[\r][\n]"
22:07:07.437 [Test worker] DEBUG com.github.dockerjava.zerodep.shaded.org.apache.hc.client5.http.wire - http-outgoing-2 << "Ostype: linux[\r][\n]"
22:07:07.437 [Test worker] DEBUG com.github.dockerjava.zerodep.shaded.org.apache.hc.client5.http.wire - http-outgoing-2 << "Server: Docker/20.10.21 (linux)[\r][\n]"
22:07:07.437 [Test worker] DEBUG com.github.dockerjava.zerodep.shaded.org.apache.hc.client5.http.wire - http-outgoing-2 << "Transfer-Encoding: chunked[\r][\n]"
22:07:07.437 [Test worker] DEBUG com.github.dockerjava.zerodep.shaded.org.apache.hc.client5.http.wire - http-outgoing-2 << "[\r][\n]"
22:07:07.437 [Test worker] DEBUG com.github.dockerjava.zerodep.shaded.org.apache.hc.client5.http.headers - http-outgoing-2 << HTTP/1.1 200 OK
22:07:07.437 [Test worker] DEBUG com.github.dockerjava.zerodep.shaded.org.apache.hc.client5.http.headers - http-outgoing-2 << Api-Version: 1.41
22:07:07.437 [Test worker] DEBUG com.github.dockerjava.zerodep.shaded.org.apache.hc.client5.http.headers - http-outgoing-2 << Content-Type: application/json
22:07:07.437 [Test worker] DEBUG com.github.dockerjava.zerodep.shaded.org.apache.hc.client5.http.headers - http-outgoing-2 << Date: Mon, 03 Apr 2023 01:07:07 GMT
22:07:07.438 [Test worker] DEBUG com.github.dockerjava.zerodep.shaded.org.apache.hc.client5.http.headers - http-outgoing-2 << Docker-Experimental: false
22:07:07.438 [Test worker] DEBUG com.github.dockerjava.zerodep.shaded.org.apache.hc.client5.http.headers - http-outgoing-2 << Ostype: linux
22:07:07.438 [Test worker] DEBUG com.github.dockerjava.zerodep.shaded.org.apache.hc.client5.http.headers - http-outgoing-2 << Server: Docker/20.10.21 (linux)
22:07:07.438 [Test worker] DEBUG com.github.dockerjava.zerodep.shaded.org.apache.hc.client5.http.headers - http-outgoing-2 << Transfer-Encoding: chunked
22:07:07.438 [Test worker] DEBUG com.github.dockerjava.zerodep.shaded.org.apache.hc.client5.http.impl.classic.MainClientExec - ex-00000026: connection can be kept alive for 3 MINUTES
22:07:07.439 [Test worker] DEBUG com.github.dockerjava.zerodep.shaded.org.apache.hc.client5.http.wire - http-outgoing-2 << "18c0[\r][\n]"
22:07:07.439 [Test worker] DEBUG com.github.dockerjava.zerodep.shaded.org.apache.hc.client5.http.wire - http-outgoing-2 << "{"Id":"511b2d736fd4c4da08b79110fd21fdaa756368e4971eb130f8114450b3efc085","Created":"2023-04-03T01:07:04.201309337Z","Path":"docker-entrypoint.sh","Args":["mysqld"],"State":{"Status":"running","Running":true,"Paused":false,"Restarting":false,"OOMKilled":false,"Dead":false,"Pid":2724,"ExitCode":0,"Error":"","StartedAt":"2023-04-03T01:07:04.498400921Z","FinishedAt":"0001-01-01T00:00:00Z"},"Image":"sha256:c7c54c29e20dccc1aefb936c8eba8bb8b98b87a4921102aba87fde2df5810af9","ResolvConfPath":"/var/lib/docker/containers/511b2d736fd4c4da08b79110fd21fdaa756368e4971eb130f8114450b3efc085/resolv.conf","HostnamePath":"/var/lib/docker/containers/511b2d736fd4c4da08b79110fd21fdaa756368e4971eb130f8114450b3efc085/hostname","HostsPath":"/var/lib/docker/containers/511b2d736fd4c4da08b79110fd21fdaa756368e4971eb130f8114450b3efc085/hosts","LogPath":"/var/lib/docker/containers/511b2d736fd4c4da08b79110fd21fdaa756368e4971eb130f8114450b3efc085/511b2d736fd4c4da08b79110fd21fdaa756368e4971eb130f8114450b3efc085-json.log","Name":"/elastic_easley","RestartCount":0,"Driver":"overlay2","Platform":"linux","MountLabel":"","ProcessLabel":"","AppArmorProfile":"","ExecIDs":null,"HostConfig":{"Binds":[],"ContainerIDFile":"","LogConfig":{"Type":"json-file","Config":{}},"NetworkMode":"default","PortBindings":{"3306/tcp":[{"HostIp":"0.0.0.0","HostPort":"0"}]},"RestartPolicy":{"Name":"","MaximumRetryCount":0},"AutoRemove":false,"VolumeDriver":"","VolumesFrom":[],"CapAdd":null,"CapDrop":null,"CgroupnsMode":"private","Dns":null,"DnsOptions":null,"DnsSearch":null,"ExtraHosts":[],"GroupAdd":null,"IpcMode":"shareable","Cgroup":"","Links":null,"OomScoreAdj":0,"PidMode":"","Privileged":false,"PublishAllPorts":false,"ReadonlyRootfs":false,"SecurityOpt":null,"UTSMode":"","UsernsMode":"","ShmSize":67108864,"Runtime":"runc","ConsoleSize":[0,0],"Isolation":"","CpuShares":0,"Memory":0,"NanoCpus":0,"CgroupParent":"","BlkioWeight":0,"BlkioWeightDevice":null,"BlkioDeviceReadBps":null,"BlkioDeviceWriteBps":null,"BlkioDeviceReadIOps":null,"BlkioDeviceWriteIOps":null,"CpuPeriod":0,"CpuQuota":0,"CpuRealtimePeriod":0,"CpuRealtimeRuntime":0,"CpusetCpus":"","CpusetMems":"","Devices":null,"DeviceCgroupRules":null,"DeviceRequests":null,"KernelMemory":0,"KernelMemoryTCP":0,"MemoryReservation":0,"MemorySwap":0,"MemorySwappiness":null,"OomKillDisable":null,"PidsLimit":null,"Ulimits":null,"CpuCount":0,"CpuPercent":0,"IOMaximumIOps":0,"IOMaximumBandwidth":0,"MaskedPaths":["/proc/asound","/proc/acpi","/proc/kcore","/proc/keys","/proc/latency_stats","/proc/timer_list","/proc/timer_stats","/proc/sched_debug","/proc/scsi","/sys/firmware"],"ReadonlyPaths":["/proc/bus","/proc/fs","/proc/irq","/proc/sys","/proc/sysrq-trigger"]},"GraphDriver":{"Data":{"LowerDir":"/var/lib/docker/overlay2/5ada145d0e3939fe5ed2118eea99b9f10241aeee200293145c73dce66470a568-init/diff:/var/lib/docker/overlay2/1bd8849d7a296305617011f940aa5cfabbe972a513397b1b6bbc27639b6c1f30/diff:/var/lib/docker/overlay2/199d69b2fbf78af4d4c95dec4fd2f8835ab0347eb49fb20ebb2ff3b99fedd6ad/diff:/var/lib/docker/overlay2/d83c38d654989311f75b9491329846033bfb7714de76ef635380dcfad5c740d9/diff:/var/lib/docker/overlay2/08600d0aea2ab2728bebcf5d2589c640a842f53d1ba3c4a4adccb4d03b923cf6/diff:/var/lib/docker/overlay2/9ec7c63a3fb14d13ac788bbf5e282ca821edc41260b79944e5e631037d13ecda/diff:/var/lib/docker/overlay2/db601d7a1b4ea6da638db620462f0da96fa55c559d02269c9ddb09027936ed87/diff:/var/lib/docker/overlay2/a6d2bd03f942e2565f21e74cfe152c7ec836a1c2b583f0790c685b92bdcfda24/diff:/var/lib/docker/overlay2/9badd16ea2c5e2bf1fde8b579683e41137dfc46ed5449234149f199a6751cc84/diff:/var/lib/docker/overlay2/6efb85646ed12e2d1181ef4cc6f6f6732c00c15a4035fe17ebc4f075ca573c30/diff:/var/lib/docker/overlay2/895d7c0ec09144d6ed33936f4e98e11c18010f7abd708cae1ce43aec7a7f2621/diff:/var/lib/docker/overlay2/1c4ba77aa573ab6e5e5069fd15eae71b3da940bde0f97a922a227ffc8a1d1096/diff","MergedDir":"/var/lib/docker/overlay2/5ada145d0e3939fe5ed2118eea99b9f10241aeee200293145c73dce66470a568/merged","UpperDir":"/var/lib/docker/overlay2/5ada145d0e3939fe5ed2118eea99b9f10241aeee200293145c73dce66470a568/diff","WorkDir":"/var/lib/docker/overlay2/5ada145d0e3939fe5ed2118eea99b9f10241aeee200293145c73dce66470a568/work"},"Name":"overlay2"},"Mounts":[{"Type":"volume","Name":"ac6dcf572a35a68e3a3a5bdf3d1899d89919b8e0b6d7a1beb9c6b19978c4e863","Source":"/var/lib/docker/volumes/ac6dcf572a35a68e3a3a5bdf3d1899d89919b8e0b6d7a1beb9c6b19978c4e863/_data","Destination":"/var/lib/mysql","Driver":"local","Mode":"","RW":true,"Propagation":""}],"Config":{"Hostname":"511b2d736fd4","Domainname":"","User":"","AttachStdin":false,"AttachStdout":false,"AttachStderr":false,"ExposedPorts":{"3306/tcp":{},"33060/tcp":{}},"Tty":false,"OpenStdin":false,"StdinOnce":false,"Env":["MYSQL_DATABASE=adm_videos","MYSQL_PASSWORD=123456","MYSQL_ROOT_PASSWORD=123456","PATH=/usr/local/sbin:/usr/local/bin:/usr/sbin:/usr/bin:/sbin:/bin","GOSU_VERSION=1.16","MYSQL_MAJOR=8.0","MYSQL_VERSION=8.0.32-1.el8","MYSQL_SHELL_VERSION=8.0.32-1.el8"],"Cmd":["mysqld"],"Image":"mysql:latest","Volumes":{"/var/lib/mysql":{}},"WorkingDir":"","Entrypoint":["docker-entrypoint.sh"],"OnBuild":null,"Labels":{"org.testcontainers":"true","org.testcontainers.lang":"java","org.testcontainers.sessionId":"c721e8e0-dbbd-4305-a748-6be2465f786d","org.testcontainers.version":"1.17.6"}},"NetworkSettings":{"Bridge":"","SandboxID":"23a51dba07b22c8536581cd39611755923749e16a93a45ce75c5c8a4a7759981","HairpinMode":false,"LinkLocalIPv6Address":"","LinkLocalIPv6PrefixLen":0,"Ports":{"3306/tcp":[{"HostIp":"0.0.0.0","HostPort":"50897"}],"33060/tcp":null},"SandboxKey":"/var/run/docker/netns/23a51dba07b2","SecondaryIPAddresses":null,"SecondaryIPv6Addresses":null,"EndpointID":"692f30c6e93a1486104b6273bdc38b1f926e45528d0b3ff49b5fe2d91ed6b329","Gateway":"172.17.0.1","GlobalIPv6Address":"","GlobalIPv6PrefixLen":0,"IPAddress":"172.17.0.3","IPPrefixLen":16,"IPv6Gateway":"","MacAddress":"02:42:ac:11:00:03","Networks":{"bridge":{"IPAMConfig":null,"Links":null,"Aliases":null,"NetworkID":"eba6fdf7ebe51912c859fc2dc83d1407a50db03ea3c296d90f885e8af84b6e93","EndpointID":"692f30c6e93a1486104b6273bdc38b1f926e45528d0b3ff49b5fe2d91ed6b329","Gateway":"172.17.0.1","IPAddress":"172.17.0.3","IPPrefixLen":16,"IPv6Gateway":"","GlobalIPv6Address":"","GlobalIPv6PrefixLen":0,"MacAddress":"02:42:ac:11:00:03","DriverOpts":null}}}}[\n]"
22:07:07.439 [Test worker] DEBUG com.github.dockerjava.zerodep.shaded.org.apache.hc.client5.http.wire - http-outgoing-2 << "[\r][\n]"
22:07:07.440 [Test worker] DEBUG com.github.dockerjava.zerodep.shaded.org.apache.hc.client5.http.wire - http-outgoing-2 << "0[\r][\n]"
22:07:07.440 [Test worker] DEBUG com.github.dockerjava.zerodep.shaded.org.apache.hc.client5.http.wire - http-outgoing-2 << "[\r][\n]"
22:07:07.440 [Test worker] DEBUG com.github.dockerjava.zerodep.shaded.org.apache.hc.client5.http.impl.classic.InternalHttpClient - ep-00000025: releasing valid endpoint
22:07:07.440 [Test worker] DEBUG com.github.dockerjava.zerodep.shaded.org.apache.hc.client5.http.impl.io.PoolingHttpClientConnectionManager - ep-00000025: releasing endpoint
22:07:07.440 [Test worker] DEBUG com.github.dockerjava.zerodep.shaded.org.apache.hc.client5.http.impl.io.PoolingHttpClientConnectionManager - ep-00000025: connection http-outgoing-2 can be kept alive for 3 MINUTES
22:07:07.440 [Test worker] DEBUG com.github.dockerjava.zerodep.shaded.org.apache.hc.client5.http.impl.io.PoolingHttpClientConnectionManager - ep-00000025: connection released [route: {}->unix://localhost:2375][total available: 1; route allocated: 1 of 2147483647; total allocated: 1 of 2147483647]
22:07:07.440 [Test worker] DEBUG ]]>&#x1f433;<![CDATA[ [mysql:latest] - Trying to create JDBC connection using com.mysql.cj.jdbc.Driver to jdbc:mysql://localhost:50897/adm_videos?useSSL=false&allowPublicKeyRetrieval=true with properties: {password=123456, user=root}
22:07:07.545 [Test worker] DEBUG org.testcontainers.shaded.com.github.dockerjava.core.command.AbstrDockerCmd - Cmd: 511b2d736fd4c4da08b79110fd21fdaa756368e4971eb130f8114450b3efc085,false
22:07:07.545 [Test worker] DEBUG org.testcontainers.shaded.com.github.dockerjava.core.exec.InspectContainerCmdExec - GET: DefaultWebTarget{path=[/containers/511b2d736fd4c4da08b79110fd21fdaa756368e4971eb130f8114450b3efc085/json], queryParams={}}
22:07:07.545 [Test worker] DEBUG com.github.dockerjava.zerodep.shaded.org.apache.hc.client5.http.impl.classic.InternalHttpClient - ex-00000027: preparing request execution
22:07:07.545 [Test worker] DEBUG com.github.dockerjava.zerodep.shaded.org.apache.hc.client5.http.protocol.RequestAddCookies - Cookie spec selected: strict
22:07:07.545 [Test worker] DEBUG com.github.dockerjava.zerodep.shaded.org.apache.hc.client5.http.protocol.RequestAuthCache - Auth cache not set in the context
22:07:07.545 [Test worker] DEBUG com.github.dockerjava.zerodep.shaded.org.apache.hc.client5.http.impl.classic.ProtocolExec - ex-00000027: target auth state: UNCHALLENGED
22:07:07.545 [Test worker] DEBUG com.github.dockerjava.zerodep.shaded.org.apache.hc.client5.http.impl.classic.ProtocolExec - ex-00000027: proxy auth state: UNCHALLENGED
22:07:07.545 [Test worker] DEBUG com.github.dockerjava.zerodep.shaded.org.apache.hc.client5.http.impl.classic.ConnectExec - ex-00000027: acquiring connection with route {}->unix://localhost:2375
22:07:07.545 [Test worker] DEBUG com.github.dockerjava.zerodep.shaded.org.apache.hc.client5.http.impl.classic.InternalHttpClient - ex-00000027: acquiring endpoint (3 MINUTES)
22:07:07.545 [Test worker] DEBUG com.github.dockerjava.zerodep.shaded.org.apache.hc.client5.http.impl.io.PoolingHttpClientConnectionManager - ex-00000027: endpoint lease request (3 MINUTES) [route: {}->unix://localhost:2375][total available: 1; route allocated: 1 of 2147483647; total allocated: 1 of 2147483647]
22:07:07.546 [Test worker] DEBUG com.github.dockerjava.zerodep.shaded.org.apache.hc.client5.http.impl.io.PoolingHttpClientConnectionManager - ex-00000027: endpoint leased [route: {}->unix://localhost:2375][total available: 0; route allocated: 1 of 2147483647; total allocated: 1 of 2147483647]
22:07:07.546 [Test worker] DEBUG com.github.dockerjava.zerodep.shaded.org.apache.hc.client5.http.impl.io.PoolingHttpClientConnectionManager - ex-00000027: acquired ep-00000026
22:07:07.546 [Test worker] DEBUG com.github.dockerjava.zerodep.shaded.org.apache.hc.client5.http.impl.classic.InternalHttpClient - ex-00000027: acquired endpoint ep-00000026
22:07:07.546 [Test worker] DEBUG com.github.dockerjava.zerodep.shaded.org.apache.hc.client5.http.impl.classic.MainClientExec - ex-00000027: executing GET /v1.32/containers/511b2d736fd4c4da08b79110fd21fdaa756368e4971eb130f8114450b3efc085/json HTTP/1.1
22:07:07.546 [Test worker] DEBUG com.github.dockerjava.zerodep.shaded.org.apache.hc.client5.http.impl.classic.InternalHttpClient - ep-00000026: start execution ex-00000027
22:07:07.546 [Test worker] DEBUG com.github.dockerjava.zerodep.shaded.org.apache.hc.client5.http.impl.io.PoolingHttpClientConnectionManager - ep-00000026: executing exchange ex-00000027 over http-outgoing-2
22:07:07.546 [Test worker] DEBUG com.github.dockerjava.zerodep.shaded.org.apache.hc.client5.http.headers - http-outgoing-2 >> GET /v1.32/containers/511b2d736fd4c4da08b79110fd21fdaa756368e4971eb130f8114450b3efc085/json HTTP/1.1
22:07:07.546 [Test worker] DEBUG com.github.dockerjava.zerodep.shaded.org.apache.hc.client5.http.headers - http-outgoing-2 >> accept: application/json
22:07:07.546 [Test worker] DEBUG com.github.dockerjava.zerodep.shaded.org.apache.hc.client5.http.headers - http-outgoing-2 >> x-tc-sid: c721e8e0-dbbd-4305-a748-6be2465f786d
22:07:07.546 [Test worker] DEBUG com.github.dockerjava.zerodep.shaded.org.apache.hc.client5.http.headers - http-outgoing-2 >> Accept-Encoding: gzip, x-gzip, deflate
22:07:07.546 [Test worker] DEBUG com.github.dockerjava.zerodep.shaded.org.apache.hc.client5.http.headers - http-outgoing-2 >> Host: localhost:2375
22:07:07.546 [Test worker] DEBUG com.github.dockerjava.zerodep.shaded.org.apache.hc.client5.http.headers - http-outgoing-2 >> Connection: keep-alive
22:07:07.546 [Test worker] DEBUG com.github.dockerjava.zerodep.shaded.org.apache.hc.client5.http.headers - http-outgoing-2 >> User-Agent: Apache-HttpClient/5.0.3 (Java/17.0.2)
22:07:07.546 [Test worker] DEBUG com.github.dockerjava.zerodep.shaded.org.apache.hc.client5.http.wire - http-outgoing-2 >> "GET /v1.32/containers/511b2d736fd4c4da08b79110fd21fdaa756368e4971eb130f8114450b3efc085/json HTTP/1.1[\r][\n]"
22:07:07.546 [Test worker] DEBUG com.github.dockerjava.zerodep.shaded.org.apache.hc.client5.http.wire - http-outgoing-2 >> "accept: application/json[\r][\n]"
22:07:07.546 [Test worker] DEBUG com.github.dockerjava.zerodep.shaded.org.apache.hc.client5.http.wire - http-outgoing-2 >> "x-tc-sid: c721e8e0-dbbd-4305-a748-6be2465f786d[\r][\n]"
22:07:07.546 [Test worker] DEBUG com.github.dockerjava.zerodep.shaded.org.apache.hc.client5.http.wire - http-outgoing-2 >> "Accept-Encoding: gzip, x-gzip, deflate[\r][\n]"
22:07:07.546 [Test worker] DEBUG com.github.dockerjava.zerodep.shaded.org.apache.hc.client5.http.wire - http-outgoing-2 >> "Host: localhost:2375[\r][\n]"
22:07:07.546 [Test worker] DEBUG com.github.dockerjava.zerodep.shaded.org.apache.hc.client5.http.wire - http-outgoing-2 >> "Connection: keep-alive[\r][\n]"
22:07:07.546 [Test worker] DEBUG com.github.dockerjava.zerodep.shaded.org.apache.hc.client5.http.wire - http-outgoing-2 >> "User-Agent: Apache-HttpClient/5.0.3 (Java/17.0.2)[\r][\n]"
22:07:07.546 [Test worker] DEBUG com.github.dockerjava.zerodep.shaded.org.apache.hc.client5.http.wire - http-outgoing-2 >> "[\r][\n]"
22:07:07.547 [Test worker] DEBUG com.github.dockerjava.zerodep.shaded.org.apache.hc.client5.http.wire - http-outgoing-2 << "HTTP/1.1 200 OK[\r][\n]"
22:07:07.547 [Test worker] DEBUG com.github.dockerjava.zerodep.shaded.org.apache.hc.client5.http.wire - http-outgoing-2 << "Api-Version: 1.41[\r][\n]"
22:07:07.547 [Test worker] DEBUG com.github.dockerjava.zerodep.shaded.org.apache.hc.client5.http.wire - http-outgoing-2 << "Content-Type: application/json[\r][\n]"
22:07:07.547 [Test worker] DEBUG com.github.dockerjava.zerodep.shaded.org.apache.hc.client5.http.wire - http-outgoing-2 << "Date: Mon, 03 Apr 2023 01:07:07 GMT[\r][\n]"
22:07:07.547 [Test worker] DEBUG com.github.dockerjava.zerodep.shaded.org.apache.hc.client5.http.wire - http-outgoing-2 << "Docker-Experimental: false[\r][\n]"
22:07:07.547 [Test worker] DEBUG com.github.dockerjava.zerodep.shaded.org.apache.hc.client5.http.wire - http-outgoing-2 << "Ostype: linux[\r][\n]"
22:07:07.547 [Test worker] DEBUG com.github.dockerjava.zerodep.shaded.org.apache.hc.client5.http.wire - http-outgoing-2 << "Server: Docker/20.10.21 (linux)[\r][\n]"
22:07:07.547 [Test worker] DEBUG com.github.dockerjava.zerodep.shaded.org.apache.hc.client5.http.wire - http-outgoing-2 << "Transfer-Encoding: chunked[\r][\n]"
22:07:07.547 [Test worker] DEBUG com.github.dockerjava.zerodep.shaded.org.apache.hc.client5.http.wire - http-outgoing-2 << "[\r][\n]"
22:07:07.548 [Test worker] DEBUG com.github.dockerjava.zerodep.shaded.org.apache.hc.client5.http.headers - http-outgoing-2 << HTTP/1.1 200 OK
22:07:07.548 [Test worker] DEBUG com.github.dockerjava.zerodep.shaded.org.apache.hc.client5.http.headers - http-outgoing-2 << Api-Version: 1.41
22:07:07.548 [Test worker] DEBUG com.github.dockerjava.zerodep.shaded.org.apache.hc.client5.http.headers - http-outgoing-2 << Content-Type: application/json
22:07:07.548 [Test worker] DEBUG com.github.dockerjava.zerodep.shaded.org.apache.hc.client5.http.headers - http-outgoing-2 << Date: Mon, 03 Apr 2023 01:07:07 GMT
22:07:07.548 [Test worker] DEBUG com.github.dockerjava.zerodep.shaded.org.apache.hc.client5.http.headers - http-outgoing-2 << Docker-Experimental: false
22:07:07.548 [Test worker] DEBUG com.github.dockerjava.zerodep.shaded.org.apache.hc.client5.http.headers - http-outgoing-2 << Ostype: linux
22:07:07.548 [Test worker] DEBUG com.github.dockerjava.zerodep.shaded.org.apache.hc.client5.http.headers - http-outgoing-2 << Server: Docker/20.10.21 (linux)
22:07:07.548 [Test worker] DEBUG com.github.dockerjava.zerodep.shaded.org.apache.hc.client5.http.headers - http-outgoing-2 << Transfer-Encoding: chunked
22:07:07.548 [Test worker] DEBUG com.github.dockerjava.zerodep.shaded.org.apache.hc.client5.http.impl.classic.MainClientExec - ex-00000027: connection can be kept alive for 3 MINUTES
22:07:07.548 [Test worker] DEBUG com.github.dockerjava.zerodep.shaded.org.apache.hc.client5.http.wire - http-outgoing-2 << "18c0[\r][\n]"
22:07:07.548 [Test worker] DEBUG com.github.dockerjava.zerodep.shaded.org.apache.hc.client5.http.wire - http-outgoing-2 << "{"Id":"511b2d736fd4c4da08b79110fd21fdaa756368e4971eb130f8114450b3efc085","Created":"2023-04-03T01:07:04.201309337Z","Path":"docker-entrypoint.sh","Args":["mysqld"],"State":{"Status":"running","Running":true,"Paused":false,"Restarting":false,"OOMKilled":false,"Dead":false,"Pid":2724,"ExitCode":0,"Error":"","StartedAt":"2023-04-03T01:07:04.498400921Z","FinishedAt":"0001-01-01T00:00:00Z"},"Image":"sha256:c7c54c29e20dccc1aefb936c8eba8bb8b98b87a4921102aba87fde2df5810af9","ResolvConfPath":"/var/lib/docker/containers/511b2d736fd4c4da08b79110fd21fdaa756368e4971eb130f8114450b3efc085/resolv.conf","HostnamePath":"/var/lib/docker/containers/511b2d736fd4c4da08b79110fd21fdaa756368e4971eb130f8114450b3efc085/hostname","HostsPath":"/var/lib/docker/containers/511b2d736fd4c4da08b79110fd21fdaa756368e4971eb130f8114450b3efc085/hosts","LogPath":"/var/lib/docker/containers/511b2d736fd4c4da08b79110fd21fdaa756368e4971eb130f8114450b3efc085/511b2d736fd4c4da08b79110fd21fdaa756368e4971eb130f8114450b3efc085-json.log","Name":"/elastic_easley","RestartCount":0,"Driver":"overlay2","Platform":"linux","MountLabel":"","ProcessLabel":"","AppArmorProfile":"","ExecIDs":null,"HostConfig":{"Binds":[],"ContainerIDFile":"","LogConfig":{"Type":"json-file","Config":{}},"NetworkMode":"default","PortBindings":{"3306/tcp":[{"HostIp":"0.0.0.0","HostPort":"0"}]},"RestartPolicy":{"Name":"","MaximumRetryCount":0},"AutoRemove":false,"VolumeDriver":"","VolumesFrom":[],"CapAdd":null,"CapDrop":null,"CgroupnsMode":"private","Dns":null,"DnsOptions":null,"DnsSearch":null,"ExtraHosts":[],"GroupAdd":null,"IpcMode":"shareable","Cgroup":"","Links":null,"OomScoreAdj":0,"PidMode":"","Privileged":false,"PublishAllPorts":false,"ReadonlyRootfs":false,"SecurityOpt":null,"UTSMode":"","UsernsMode":"","ShmSize":67108864,"Runtime":"runc","ConsoleSize":[0,0],"Isolation":"","CpuShares":0,"Memory":0,"NanoCpus":0,"CgroupParent":"","BlkioWeight":0,"BlkioWeightDevice":null,"BlkioDeviceReadBps":null,"BlkioDeviceWriteBps":null,"BlkioDeviceReadIOps":null,"BlkioDeviceWriteIOps":null,"CpuPeriod":0,"CpuQuota":0,"CpuRealtimePeriod":0,"CpuRealtimeRuntime":0,"CpusetCpus":"","CpusetMems":"","Devices":null,"DeviceCgroupRules":null,"DeviceRequests":null,"KernelMemory":0,"KernelMemoryTCP":0,"MemoryReservation":0,"MemorySwap":0,"MemorySwappiness":null,"OomKillDisable":null,"PidsLimit":null,"Ulimits":null,"CpuCount":0,"CpuPercent":0,"IOMaximumIOps":0,"IOMaximumBandwidth":0,"MaskedPaths":["/proc/asound","/proc/acpi","/proc/kcore","/proc/keys","/proc/latency_stats","/proc/timer_list","/proc/timer_stats","/proc/sched_debug","/proc/scsi","/sys/firmware"],"ReadonlyPaths":["/proc/bus","/proc/fs","/proc/irq","/proc/sys","/proc/sysrq-trigger"]},"GraphDriver":{"Data":{"LowerDir":"/var/lib/docker/overlay2/5ada145d0e3939fe5ed2118eea99b9f10241aeee200293145c73dce66470a568-init/diff:/var/lib/docker/overlay2/1bd8849d7a296305617011f940aa5cfabbe972a513397b1b6bbc27639b6c1f30/diff:/var/lib/docker/overlay2/199d69b2fbf78af4d4c95dec4fd2f8835ab0347eb49fb20ebb2ff3b99fedd6ad/diff:/var/lib/docker/overlay2/d83c38d654989311f75b9491329846033bfb7714de76ef635380dcfad5c740d9/diff:/var/lib/docker/overlay2/08600d0aea2ab2728bebcf5d2589c640a842f53d1ba3c4a4adccb4d03b923cf6/diff:/var/lib/docker/overlay2/9ec7c63a3fb14d13ac788bbf5e282ca821edc41260b79944e5e631037d13ecda/diff:/var/lib/docker/overlay2/db601d7a1b4ea6da638db620462f0da96fa55c559d02269c9ddb09027936ed87/diff:/var/lib/docker/overlay2/a6d2bd03f942e2565f21e74cfe152c7ec836a1c2b583f0790c685b92bdcfda24/diff:/var/lib/docker/overlay2/9badd16ea2c5e2bf1fde8b579683e41137dfc46ed5449234149f199a6751cc84/diff:/var/lib/docker/overlay2/6efb85646ed12e2d1181ef4cc6f6f6732c00c15a4035fe17ebc4f075ca573c30/diff:/var/lib/docker/overlay2/895d7c0ec09144d6ed33936f4e98e11c18010f7abd708cae1ce43aec7a7f2621/diff:/var/lib/docker/overlay2/1c4ba77aa573ab6e5e5069fd15eae71b3da940bde0f97a922a227ffc8a1d1096/diff","MergedDir":"/var/lib/docker/overlay2/5ada145d0e3939fe5ed2118eea99b9f10241aeee200293145c73dce66470a568/merged","UpperDir":"/var/lib/docker/overlay2/5ada145d0e3939fe5ed2118eea99b9f10241aeee200293145c73dce66470a568/diff","WorkDir":"/var/lib/docker/overlay2/5ada145d0e3939fe5ed2118eea99b9f10241aeee200293145c73dce66470a568/work"},"Name":"overlay2"},"Mounts":[{"Type":"volume","Name":"ac6dcf572a35a68e3a3a5bdf3d1899d89919b8e0b6d7a1beb9c6b19978c4e863","Source":"/var/lib/docker/volumes/ac6dcf572a35a68e3a3a5bdf3d1899d89919b8e0b6d7a1beb9c6b19978c4e863/_data","Destination":"/var/lib/mysql","Driver":"local","Mode":"","RW":true,"Propagation":""}],"Config":{"Hostname":"511b2d736fd4","Domainname":"","User":"","AttachStdin":false,"AttachStdout":false,"AttachStderr":false,"ExposedPorts":{"3306/tcp":{},"33060/tcp":{}},"Tty":false,"OpenStdin":false,"StdinOnce":false,"Env":["MYSQL_DATABASE=adm_videos","MYSQL_PASSWORD=123456","MYSQL_ROOT_PASSWORD=123456","PATH=/usr/local/sbin:/usr/local/bin:/usr/sbin:/usr/bin:/sbin:/bin","GOSU_VERSION=1.16","MYSQL_MAJOR=8.0","MYSQL_VERSION=8.0.32-1.el8","MYSQL_SHELL_VERSION=8.0.32-1.el8"],"Cmd":["mysqld"],"Image":"mysql:latest","Volumes":{"/var/lib/mysql":{}},"WorkingDir":"","Entrypoint":["docker-entrypoint.sh"],"OnBuild":null,"Labels":{"org.testcontainers":"true","org.testcontainers.lang":"java","org.testcontainers.sessionId":"c721e8e0-dbbd-4305-a748-6be2465f786d","org.testcontainers.version":"1.17.6"}},"NetworkSettings":{"Bridge":"","SandboxID":"23a51dba07b22c8536581cd39611755923749e16a93a45ce75c5c8a4a7759981","HairpinMode":false,"LinkLocalIPv6Address":"","LinkLocalIPv6PrefixLen":0,"Ports":{"3306/tcp":[{"HostIp":"0.0.0.0","HostPort":"50897"}],"33060/tcp":null},"SandboxKey":"/var/run/docker/netns/23a51dba07b2","SecondaryIPAddresses":null,"SecondaryIPv6Addresses":null,"EndpointID":"692f30c6e93a1486104b6273bdc38b1f926e45528d0b3ff49b5fe2d91ed6b329","Gateway":"172.17.0.1","GlobalIPv6Address":"","GlobalIPv6PrefixLen":0,"IPAddress":"172.17.0.3","IPPrefixLen":16,"IPv6Gateway":"","MacAddress":"02:42:ac:11:00:03","Networks":{"bridge":{"IPAMConfig":null,"Links":null,"Aliases":null,"NetworkID":"eba6fdf7ebe51912c859fc2dc83d1407a50db03ea3c296d90f885e8af84b6e93","EndpointID":"692f30c6e93a1486104b6273bdc38b1f926e45528d0b3ff49b5fe2d91ed6b329","Gateway":"172.17.0.1","IPAddress":"172.17.0.3","IPPrefixLen":16,"IPv6Gateway":"","GlobalIPv6Address":"","GlobalIPv6PrefixLen":0,"MacAddress":"02:42:ac:11:00:03","DriverOpts":null}}}}[\n]"
22:07:07.548 [Test worker] DEBUG com.github.dockerjava.zerodep.shaded.org.apache.hc.client5.http.wire - http-outgoing-2 << "[\r][\n]"
22:07:07.549 [Test worker] DEBUG com.github.dockerjava.zerodep.shaded.org.apache.hc.client5.http.wire - http-outgoing-2 << "0[\r][\n]"
22:07:07.549 [Test worker] DEBUG com.github.dockerjava.zerodep.shaded.org.apache.hc.client5.http.wire - http-outgoing-2 << "[\r][\n]"
22:07:07.549 [Test worker] DEBUG com.github.dockerjava.zerodep.shaded.org.apache.hc.client5.http.impl.classic.InternalHttpClient - ep-00000026: releasing valid endpoint
22:07:07.549 [Test worker] DEBUG com.github.dockerjava.zerodep.shaded.org.apache.hc.client5.http.impl.io.PoolingHttpClientConnectionManager - ep-00000026: releasing endpoint
22:07:07.549 [Test worker] DEBUG com.github.dockerjava.zerodep.shaded.org.apache.hc.client5.http.impl.io.PoolingHttpClientConnectionManager - ep-00000026: connection http-outgoing-2 can be kept alive for 3 MINUTES
22:07:07.549 [Test worker] DEBUG com.github.dockerjava.zerodep.shaded.org.apache.hc.client5.http.impl.io.PoolingHttpClientConnectionManager - ep-00000026: connection released [route: {}->unix://localhost:2375][total available: 1; route allocated: 1 of 2147483647; total allocated: 1 of 2147483647]
22:07:07.549 [Test worker] DEBUG ]]>&#x1f433;<![CDATA[ [mysql:latest] - Trying to create JDBC connection using com.mysql.cj.jdbc.Driver to jdbc:mysql://localhost:50897/adm_videos?useSSL=false&allowPublicKeyRetrieval=true with properties: {password=123456, user=root}
22:07:07.654 [Test worker] DEBUG org.testcontainers.shaded.com.github.dockerjava.core.command.AbstrDockerCmd - Cmd: 511b2d736fd4c4da08b79110fd21fdaa756368e4971eb130f8114450b3efc085,false
22:07:07.654 [Test worker] DEBUG org.testcontainers.shaded.com.github.dockerjava.core.exec.InspectContainerCmdExec - GET: DefaultWebTarget{path=[/containers/511b2d736fd4c4da08b79110fd21fdaa756368e4971eb130f8114450b3efc085/json], queryParams={}}
22:07:07.655 [Test worker] DEBUG com.github.dockerjava.zerodep.shaded.org.apache.hc.client5.http.impl.classic.InternalHttpClient - ex-00000028: preparing request execution
22:07:07.656 [Test worker] DEBUG com.github.dockerjava.zerodep.shaded.org.apache.hc.client5.http.protocol.RequestAddCookies - Cookie spec selected: strict
22:07:07.656 [Test worker] DEBUG com.github.dockerjava.zerodep.shaded.org.apache.hc.client5.http.protocol.RequestAuthCache - Auth cache not set in the context
22:07:07.656 [Test worker] DEBUG com.github.dockerjava.zerodep.shaded.org.apache.hc.client5.http.impl.classic.ProtocolExec - ex-00000028: target auth state: UNCHALLENGED
22:07:07.656 [Test worker] DEBUG com.github.dockerjava.zerodep.shaded.org.apache.hc.client5.http.impl.classic.ProtocolExec - ex-00000028: proxy auth state: UNCHALLENGED
22:07:07.656 [Test worker] DEBUG com.github.dockerjava.zerodep.shaded.org.apache.hc.client5.http.impl.classic.ConnectExec - ex-00000028: acquiring connection with route {}->unix://localhost:2375
22:07:07.656 [Test worker] DEBUG com.github.dockerjava.zerodep.shaded.org.apache.hc.client5.http.impl.classic.InternalHttpClient - ex-00000028: acquiring endpoint (3 MINUTES)
22:07:07.656 [Test worker] DEBUG com.github.dockerjava.zerodep.shaded.org.apache.hc.client5.http.impl.io.PoolingHttpClientConnectionManager - ex-00000028: endpoint lease request (3 MINUTES) [route: {}->unix://localhost:2375][total available: 1; route allocated: 1 of 2147483647; total allocated: 1 of 2147483647]
22:07:07.656 [Test worker] DEBUG com.github.dockerjava.zerodep.shaded.org.apache.hc.client5.http.impl.io.PoolingHttpClientConnectionManager - ex-00000028: endpoint leased [route: {}->unix://localhost:2375][total available: 0; route allocated: 1 of 2147483647; total allocated: 1 of 2147483647]
22:07:07.656 [Test worker] DEBUG com.github.dockerjava.zerodep.shaded.org.apache.hc.client5.http.impl.io.PoolingHttpClientConnectionManager - ex-00000028: acquired ep-00000027
22:07:07.656 [Test worker] DEBUG com.github.dockerjava.zerodep.shaded.org.apache.hc.client5.http.impl.classic.InternalHttpClient - ex-00000028: acquired endpoint ep-00000027
22:07:07.656 [Test worker] DEBUG com.github.dockerjava.zerodep.shaded.org.apache.hc.client5.http.impl.classic.MainClientExec - ex-00000028: executing GET /v1.32/containers/511b2d736fd4c4da08b79110fd21fdaa756368e4971eb130f8114450b3efc085/json HTTP/1.1
22:07:07.656 [Test worker] DEBUG com.github.dockerjava.zerodep.shaded.org.apache.hc.client5.http.impl.classic.InternalHttpClient - ep-00000027: start execution ex-00000028
22:07:07.656 [Test worker] DEBUG com.github.dockerjava.zerodep.shaded.org.apache.hc.client5.http.impl.io.PoolingHttpClientConnectionManager - ep-00000027: executing exchange ex-00000028 over http-outgoing-2
22:07:07.656 [Test worker] DEBUG com.github.dockerjava.zerodep.shaded.org.apache.hc.client5.http.headers - http-outgoing-2 >> GET /v1.32/containers/511b2d736fd4c4da08b79110fd21fdaa756368e4971eb130f8114450b3efc085/json HTTP/1.1
22:07:07.656 [Test worker] DEBUG com.github.dockerjava.zerodep.shaded.org.apache.hc.client5.http.headers - http-outgoing-2 >> accept: application/json
22:07:07.656 [Test worker] DEBUG com.github.dockerjava.zerodep.shaded.org.apache.hc.client5.http.headers - http-outgoing-2 >> x-tc-sid: c721e8e0-dbbd-4305-a748-6be2465f786d
22:07:07.656 [Test worker] DEBUG com.github.dockerjava.zerodep.shaded.org.apache.hc.client5.http.headers - http-outgoing-2 >> Accept-Encoding: gzip, x-gzip, deflate
22:07:07.656 [Test worker] DEBUG com.github.dockerjava.zerodep.shaded.org.apache.hc.client5.http.headers - http-outgoing-2 >> Host: localhost:2375
22:07:07.656 [Test worker] DEBUG com.github.dockerjava.zerodep.shaded.org.apache.hc.client5.http.headers - http-outgoing-2 >> Connection: keep-alive
22:07:07.656 [Test worker] DEBUG com.github.dockerjava.zerodep.shaded.org.apache.hc.client5.http.headers - http-outgoing-2 >> User-Agent: Apache-HttpClient/5.0.3 (Java/17.0.2)
22:07:07.656 [Test worker] DEBUG com.github.dockerjava.zerodep.shaded.org.apache.hc.client5.http.wire - http-outgoing-2 >> "GET /v1.32/containers/511b2d736fd4c4da08b79110fd21fdaa756368e4971eb130f8114450b3efc085/json HTTP/1.1[\r][\n]"
22:07:07.656 [Test worker] DEBUG com.github.dockerjava.zerodep.shaded.org.apache.hc.client5.http.wire - http-outgoing-2 >> "accept: application/json[\r][\n]"
22:07:07.656 [Test worker] DEBUG com.github.dockerjava.zerodep.shaded.org.apache.hc.client5.http.wire - http-outgoing-2 >> "x-tc-sid: c721e8e0-dbbd-4305-a748-6be2465f786d[\r][\n]"
22:07:07.656 [Test worker] DEBUG com.github.dockerjava.zerodep.shaded.org.apache.hc.client5.http.wire - http-outgoing-2 >> "Accept-Encoding: gzip, x-gzip, deflate[\r][\n]"
22:07:07.657 [Test worker] DEBUG com.github.dockerjava.zerodep.shaded.org.apache.hc.client5.http.wire - http-outgoing-2 >> "Host: localhost:2375[\r][\n]"
22:07:07.657 [Test worker] DEBUG com.github.dockerjava.zerodep.shaded.org.apache.hc.client5.http.wire - http-outgoing-2 >> "Connection: keep-alive[\r][\n]"
22:07:07.657 [Test worker] DEBUG com.github.dockerjava.zerodep.shaded.org.apache.hc.client5.http.wire - http-outgoing-2 >> "User-Agent: Apache-HttpClient/5.0.3 (Java/17.0.2)[\r][\n]"
22:07:07.657 [Test worker] DEBUG com.github.dockerjava.zerodep.shaded.org.apache.hc.client5.http.wire - http-outgoing-2 >> "[\r][\n]"
22:07:07.658 [Test worker] DEBUG com.github.dockerjava.zerodep.shaded.org.apache.hc.client5.http.wire - http-outgoing-2 << "HTTP/1.1 200 OK[\r][\n]"
22:07:07.658 [Test worker] DEBUG com.github.dockerjava.zerodep.shaded.org.apache.hc.client5.http.wire - http-outgoing-2 << "Api-Version: 1.41[\r][\n]"
22:07:07.658 [Test worker] DEBUG com.github.dockerjava.zerodep.shaded.org.apache.hc.client5.http.wire - http-outgoing-2 << "Content-Type: application/json[\r][\n]"
22:07:07.658 [Test worker] DEBUG com.github.dockerjava.zerodep.shaded.org.apache.hc.client5.http.wire - http-outgoing-2 << "Date: Mon, 03 Apr 2023 01:07:07 GMT[\r][\n]"
22:07:07.658 [Test worker] DEBUG com.github.dockerjava.zerodep.shaded.org.apache.hc.client5.http.wire - http-outgoing-2 << "Docker-Experimental: false[\r][\n]"
22:07:07.658 [Test worker] DEBUG com.github.dockerjava.zerodep.shaded.org.apache.hc.client5.http.wire - http-outgoing-2 << "Ostype: linux[\r][\n]"
22:07:07.658 [Test worker] DEBUG com.github.dockerjava.zerodep.shaded.org.apache.hc.client5.http.wire - http-outgoing-2 << "Server: Docker/20.10.21 (linux)[\r][\n]"
22:07:07.658 [Test worker] DEBUG com.github.dockerjava.zerodep.shaded.org.apache.hc.client5.http.wire - http-outgoing-2 << "Transfer-Encoding: chunked[\r][\n]"
22:07:07.658 [Test worker] DEBUG com.github.dockerjava.zerodep.shaded.org.apache.hc.client5.http.wire - http-outgoing-2 << "[\r][\n]"
22:07:07.658 [Test worker] DEBUG com.github.dockerjava.zerodep.shaded.org.apache.hc.client5.http.headers - http-outgoing-2 << HTTP/1.1 200 OK
22:07:07.658 [Test worker] DEBUG com.github.dockerjava.zerodep.shaded.org.apache.hc.client5.http.headers - http-outgoing-2 << Api-Version: 1.41
22:07:07.658 [Test worker] DEBUG com.github.dockerjava.zerodep.shaded.org.apache.hc.client5.http.headers - http-outgoing-2 << Content-Type: application/json
22:07:07.658 [Test worker] DEBUG com.github.dockerjava.zerodep.shaded.org.apache.hc.client5.http.headers - http-outgoing-2 << Date: Mon, 03 Apr 2023 01:07:07 GMT
22:07:07.658 [Test worker] DEBUG com.github.dockerjava.zerodep.shaded.org.apache.hc.client5.http.headers - http-outgoing-2 << Docker-Experimental: false
22:07:07.658 [Test worker] DEBUG com.github.dockerjava.zerodep.shaded.org.apache.hc.client5.http.headers - http-outgoing-2 << Ostype: linux
22:07:07.658 [Test worker] DEBUG com.github.dockerjava.zerodep.shaded.org.apache.hc.client5.http.headers - http-outgoing-2 << Server: Docker/20.10.21 (linux)
22:07:07.658 [Test worker] DEBUG com.github.dockerjava.zerodep.shaded.org.apache.hc.client5.http.headers - http-outgoing-2 << Transfer-Encoding: chunked
22:07:07.659 [Test worker] DEBUG com.github.dockerjava.zerodep.shaded.org.apache.hc.client5.http.impl.classic.MainClientExec - ex-00000028: connection can be kept alive for 3 MINUTES
22:07:07.660 [Test worker] DEBUG com.github.dockerjava.zerodep.shaded.org.apache.hc.client5.http.wire - http-outgoing-2 << "18c0[\r][\n]"
22:07:07.661 [Test worker] DEBUG com.github.dockerjava.zerodep.shaded.org.apache.hc.client5.http.wire - http-outgoing-2 << "{"Id":"511b2d736fd4c4da08b79110fd21fdaa756368e4971eb130f8114450b3efc085","Created":"2023-04-03T01:07:04.201309337Z","Path":"docker-entrypoint.sh","Args":["mysqld"],"State":{"Status":"running","Running":true,"Paused":false,"Restarting":false,"OOMKilled":false,"Dead":false,"Pid":2724,"ExitCode":0,"Error":"","StartedAt":"2023-04-03T01:07:04.498400921Z","FinishedAt":"0001-01-01T00:00:00Z"},"Image":"sha256:c7c54c29e20dccc1aefb936c8eba8bb8b98b87a4921102aba87fde2df5810af9","ResolvConfPath":"/var/lib/docker/containers/511b2d736fd4c4da08b79110fd21fdaa756368e4971eb130f8114450b3efc085/resolv.conf","HostnamePath":"/var/lib/docker/containers/511b2d736fd4c4da08b79110fd21fdaa756368e4971eb130f8114450b3efc085/hostname","HostsPath":"/var/lib/docker/containers/511b2d736fd4c4da08b79110fd21fdaa756368e4971eb130f8114450b3efc085/hosts","LogPath":"/var/lib/docker/containers/511b2d736fd4c4da08b79110fd21fdaa756368e4971eb130f8114450b3efc085/511b2d736fd4c4da08b79110fd21fdaa756368e4971eb130f8114450b3efc085-json.log","Name":"/elastic_easley","RestartCount":0,"Driver":"overlay2","Platform":"linux","MountLabel":"","ProcessLabel":"","AppArmorProfile":"","ExecIDs":null,"HostConfig":{"Binds":[],"ContainerIDFile":"","LogConfig":{"Type":"json-file","Config":{}},"NetworkMode":"default","PortBindings":{"3306/tcp":[{"HostIp":"0.0.0.0","HostPort":"0"}]},"RestartPolicy":{"Name":"","MaximumRetryCount":0},"AutoRemove":false,"VolumeDriver":"","VolumesFrom":[],"CapAdd":null,"CapDrop":null,"CgroupnsMode":"private","Dns":null,"DnsOptions":null,"DnsSearch":null,"ExtraHosts":[],"GroupAdd":null,"IpcMode":"shareable","Cgroup":"","Links":null,"OomScoreAdj":0,"PidMode":"","Privileged":false,"PublishAllPorts":false,"ReadonlyRootfs":false,"SecurityOpt":null,"UTSMode":"","UsernsMode":"","ShmSize":67108864,"Runtime":"runc","ConsoleSize":[0,0],"Isolation":"","CpuShares":0,"Memory":0,"NanoCpus":0,"CgroupParent":"","BlkioWeight":0,"BlkioWeightDevice":null,"BlkioDeviceReadBps":null,"BlkioDeviceWriteBps":null,"BlkioDeviceReadIOps":null,"BlkioDeviceWriteIOps":null,"CpuPeriod":0,"CpuQuota":0,"CpuRealtimePeriod":0,"CpuRealtimeRuntime":0,"CpusetCpus":"","CpusetMems":"","Devices":null,"DeviceCgroupRules":null,"DeviceRequests":null,"KernelMemory":0,"KernelMemoryTCP":0,"MemoryReservation":0,"MemorySwap":0,"MemorySwappiness":null,"OomKillDisable":null,"PidsLimit":null,"Ulimits":null,"CpuCount":0,"CpuPercent":0,"IOMaximumIOps":0,"IOMaximumBandwidth":0,"MaskedPaths":["/proc/asound","/proc/acpi","/proc/kcore","/proc/keys","/proc/latency_stats","/proc/timer_list","/proc/timer_stats","/proc/sched_debug","/proc/scsi","/sys/firmware"],"ReadonlyPaths":["/proc/bus","/proc/fs","/proc/irq","/proc/sys","/proc/sysrq-trigger"]},"GraphDriver":{"Data":{"LowerDir":"/var/lib/docker/overlay2/5ada145d0e3939fe5ed2118eea99b9f10241aeee200293145c73dce66470a568-init/diff:/var/lib/docker/overlay2/1bd8849d7a296305617011f940aa5cfabbe972a513397b1b6bbc27639b6c1f30/diff:/var/lib/docker/overlay2/199d69b2fbf78af4d4c95dec4fd2f8835ab0347eb49fb20ebb2ff3b99fedd6ad/diff:/var/lib/docker/overlay2/d83c38d654989311f75b9491329846033bfb7714de76ef635380dcfad5c740d9/diff:/var/lib/docker/overlay2/08600d0aea2ab2728bebcf5d2589c640a842f53d1ba3c4a4adccb4d03b923cf6/diff:/var/lib/docker/overlay2/9ec7c63a3fb14d13ac788bbf5e282ca821edc41260b79944e5e631037d13ecda/diff:/var/lib/docker/overlay2/db601d7a1b4ea6da638db620462f0da96fa55c559d02269c9ddb09027936ed87/diff:/var/lib/docker/overlay2/a6d2bd03f942e2565f21e74cfe152c7ec836a1c2b583f0790c685b92bdcfda24/diff:/var/lib/docker/overlay2/9badd16ea2c5e2bf1fde8b579683e41137dfc46ed5449234149f199a6751cc84/diff:/var/lib/docker/overlay2/6efb85646ed12e2d1181ef4cc6f6f6732c00c15a4035fe17ebc4f075ca573c30/diff:/var/lib/docker/overlay2/895d7c0ec09144d6ed33936f4e98e11c18010f7abd708cae1ce43aec7a7f2621/diff:/var/lib/docker/overlay2/1c4ba77aa573ab6e5e5069fd15eae71b3da940bde0f97a922a227ffc8a1d1096/diff","MergedDir":"/var/lib/docker/overlay2/5ada145d0e3939fe5ed2118eea99b9f10241aeee200293145c73dce66470a568/merged","UpperDir":"/var/lib/docker/overlay2/5ada145d0e3939fe5ed2118eea99b9f10241aeee200293145c73dce66470a568/diff","WorkDir":"/var/lib/docker/overlay2/5ada145d0e3939fe5ed2118eea99b9f10241aeee200293145c73dce66470a568/work"},"Name":"overlay2"},"Mounts":[{"Type":"volume","Name":"ac6dcf572a35a68e3a3a5bdf3d1899d89919b8e0b6d7a1beb9c6b19978c4e863","Source":"/var/lib/docker/volumes/ac6dcf572a35a68e3a3a5bdf3d1899d89919b8e0b6d7a1beb9c6b19978c4e863/_data","Destination":"/var/lib/mysql","Driver":"local","Mode":"","RW":true,"Propagation":""}],"Config":{"Hostname":"511b2d736fd4","Domainname":"","User":"","AttachStdin":false,"AttachStdout":false,"AttachStderr":false,"ExposedPorts":{"3306/tcp":{},"33060/tcp":{}},"Tty":false,"OpenStdin":false,"StdinOnce":false,"Env":["MYSQL_DATABASE=adm_videos","MYSQL_PASSWORD=123456","MYSQL_ROOT_PASSWORD=123456","PATH=/usr/local/sbin:/usr/local/bin:/usr/sbin:/usr/bin:/sbin:/bin","GOSU_VERSION=1.16","MYSQL_MAJOR=8.0","MYSQL_VERSION=8.0.32-1.el8","MYSQL_SHELL_VERSION=8.0.32-1.el8"],"Cmd":["mysqld"],"Image":"mysql:latest","Volumes":{"/var/lib/mysql":{}},"WorkingDir":"","Entrypoint":["docker-entrypoint.sh"],"OnBuild":null,"Labels":{"org.testcontainers":"true","org.testcontainers.lang":"java","org.testcontainers.sessionId":"c721e8e0-dbbd-4305-a748-6be2465f786d","org.testcontainers.version":"1.17.6"}},"NetworkSettings":{"Bridge":"","SandboxID":"23a51dba07b22c8536581cd39611755923749e16a93a45ce75c5c8a4a7759981","HairpinMode":false,"LinkLocalIPv6Address":"","LinkLocalIPv6PrefixLen":0,"Ports":{"3306/tcp":[{"HostIp":"0.0.0.0","HostPort":"50897"}],"33060/tcp":null},"SandboxKey":"/var/run/docker/netns/23a51dba07b2","SecondaryIPAddresses":null,"SecondaryIPv6Addresses":null,"EndpointID":"692f30c6e93a1486104b6273bdc38b1f926e45528d0b3ff49b5fe2d91ed6b329","Gateway":"172.17.0.1","GlobalIPv6Address":"","GlobalIPv6PrefixLen":0,"IPAddress":"172.17.0.3","IPPrefixLen":16,"IPv6Gateway":"","MacAddress":"02:42:ac:11:00:03","Networks":{"bridge":{"IPAMConfig":null,"Links":null,"Aliases":null,"NetworkID":"eba6fdf7ebe51912c859fc2dc83d1407a50db03ea3c296d90f885e8af84b6e93","EndpointID":"692f30c6e93a1486104b6273bdc38b1f926e45528d0b3ff49b5fe2d91ed6b329","Gateway":"172.17.0.1","IPAddress":"172.17.0.3","IPPrefixLen":16,"IPv6Gateway":"","GlobalIPv6Address":"","GlobalIPv6PrefixLen":0,"MacAddress":"02:42:ac:11:00:03","DriverOpts":null}}}}[\n]"
22:07:07.661 [Test worker] DEBUG com.github.dockerjava.zerodep.shaded.org.apache.hc.client5.http.wire - http-outgoing-2 << "[\r][\n]"
22:07:07.662 [Test worker] DEBUG com.github.dockerjava.zerodep.shaded.org.apache.hc.client5.http.wire - http-outgoing-2 << "0[\r][\n]"
22:07:07.662 [Test worker] DEBUG com.github.dockerjava.zerodep.shaded.org.apache.hc.client5.http.wire - http-outgoing-2 << "[\r][\n]"
22:07:07.662 [Test worker] DEBUG com.github.dockerjava.zerodep.shaded.org.apache.hc.client5.http.impl.classic.InternalHttpClient - ep-00000027: releasing valid endpoint
22:07:07.662 [Test worker] DEBUG com.github.dockerjava.zerodep.shaded.org.apache.hc.client5.http.impl.io.PoolingHttpClientConnectionManager - ep-00000027: releasing endpoint
22:07:07.662 [Test worker] DEBUG com.github.dockerjava.zerodep.shaded.org.apache.hc.client5.http.impl.io.PoolingHttpClientConnectionManager - ep-00000027: connection http-outgoing-2 can be kept alive for 3 MINUTES
22:07:07.662 [Test worker] DEBUG com.github.dockerjava.zerodep.shaded.org.apache.hc.client5.http.impl.io.PoolingHttpClientConnectionManager - ep-00000027: connection released [route: {}->unix://localhost:2375][total available: 1; route allocated: 1 of 2147483647; total allocated: 1 of 2147483647]
22:07:07.662 [Test worker] DEBUG ]]>&#x1f433;<![CDATA[ [mysql:latest] - Trying to create JDBC connection using com.mysql.cj.jdbc.Driver to jdbc:mysql://localhost:50897/adm_videos?useSSL=false&allowPublicKeyRetrieval=true with properties: {password=123456, user=root}
22:07:07.768 [Test worker] DEBUG org.testcontainers.shaded.com.github.dockerjava.core.command.AbstrDockerCmd - Cmd: 511b2d736fd4c4da08b79110fd21fdaa756368e4971eb130f8114450b3efc085,false
22:07:07.768 [Test worker] DEBUG org.testcontainers.shaded.com.github.dockerjava.core.exec.InspectContainerCmdExec - GET: DefaultWebTarget{path=[/containers/511b2d736fd4c4da08b79110fd21fdaa756368e4971eb130f8114450b3efc085/json], queryParams={}}
22:07:07.768 [Test worker] DEBUG com.github.dockerjava.zerodep.shaded.org.apache.hc.client5.http.impl.classic.InternalHttpClient - ex-00000029: preparing request execution
22:07:07.768 [Test worker] DEBUG com.github.dockerjava.zerodep.shaded.org.apache.hc.client5.http.protocol.RequestAddCookies - Cookie spec selected: strict
22:07:07.768 [Test worker] DEBUG com.github.dockerjava.zerodep.shaded.org.apache.hc.client5.http.protocol.RequestAuthCache - Auth cache not set in the context
22:07:07.768 [Test worker] DEBUG com.github.dockerjava.zerodep.shaded.org.apache.hc.client5.http.impl.classic.ProtocolExec - ex-00000029: target auth state: UNCHALLENGED
22:07:07.768 [Test worker] DEBUG com.github.dockerjava.zerodep.shaded.org.apache.hc.client5.http.impl.classic.ProtocolExec - ex-00000029: proxy auth state: UNCHALLENGED
22:07:07.768 [Test worker] DEBUG com.github.dockerjava.zerodep.shaded.org.apache.hc.client5.http.impl.classic.ConnectExec - ex-00000029: acquiring connection with route {}->unix://localhost:2375
22:07:07.768 [Test worker] DEBUG com.github.dockerjava.zerodep.shaded.org.apache.hc.client5.http.impl.classic.InternalHttpClient - ex-00000029: acquiring endpoint (3 MINUTES)
22:07:07.768 [Test worker] DEBUG com.github.dockerjava.zerodep.shaded.org.apache.hc.client5.http.impl.io.PoolingHttpClientConnectionManager - ex-00000029: endpoint lease request (3 MINUTES) [route: {}->unix://localhost:2375][total available: 1; route allocated: 1 of 2147483647; total allocated: 1 of 2147483647]
22:07:07.768 [Test worker] DEBUG com.github.dockerjava.zerodep.shaded.org.apache.hc.client5.http.impl.io.PoolingHttpClientConnectionManager - ex-00000029: endpoint leased [route: {}->unix://localhost:2375][total available: 0; route allocated: 1 of 2147483647; total allocated: 1 of 2147483647]
22:07:07.768 [Test worker] DEBUG com.github.dockerjava.zerodep.shaded.org.apache.hc.client5.http.impl.io.PoolingHttpClientConnectionManager - ex-00000029: acquired ep-00000028
22:07:07.768 [Test worker] DEBUG com.github.dockerjava.zerodep.shaded.org.apache.hc.client5.http.impl.classic.InternalHttpClient - ex-00000029: acquired endpoint ep-00000028
22:07:07.768 [Test worker] DEBUG com.github.dockerjava.zerodep.shaded.org.apache.hc.client5.http.impl.classic.MainClientExec - ex-00000029: executing GET /v1.32/containers/511b2d736fd4c4da08b79110fd21fdaa756368e4971eb130f8114450b3efc085/json HTTP/1.1
22:07:07.768 [Test worker] DEBUG com.github.dockerjava.zerodep.shaded.org.apache.hc.client5.http.impl.classic.InternalHttpClient - ep-00000028: start execution ex-00000029
22:07:07.768 [Test worker] DEBUG com.github.dockerjava.zerodep.shaded.org.apache.hc.client5.http.impl.io.PoolingHttpClientConnectionManager - ep-00000028: executing exchange ex-00000029 over http-outgoing-2
22:07:07.768 [Test worker] DEBUG com.github.dockerjava.zerodep.shaded.org.apache.hc.client5.http.headers - http-outgoing-2 >> GET /v1.32/containers/511b2d736fd4c4da08b79110fd21fdaa756368e4971eb130f8114450b3efc085/json HTTP/1.1
22:07:07.768 [Test worker] DEBUG com.github.dockerjava.zerodep.shaded.org.apache.hc.client5.http.headers - http-outgoing-2 >> accept: application/json
22:07:07.768 [Test worker] DEBUG com.github.dockerjava.zerodep.shaded.org.apache.hc.client5.http.headers - http-outgoing-2 >> x-tc-sid: c721e8e0-dbbd-4305-a748-6be2465f786d
22:07:07.768 [Test worker] DEBUG com.github.dockerjava.zerodep.shaded.org.apache.hc.client5.http.headers - http-outgoing-2 >> Accept-Encoding: gzip, x-gzip, deflate
22:07:07.768 [Test worker] DEBUG com.github.dockerjava.zerodep.shaded.org.apache.hc.client5.http.headers - http-outgoing-2 >> Host: localhost:2375
22:07:07.768 [Test worker] DEBUG com.github.dockerjava.zerodep.shaded.org.apache.hc.client5.http.headers - http-outgoing-2 >> Connection: keep-alive
22:07:07.768 [Test worker] DEBUG com.github.dockerjava.zerodep.shaded.org.apache.hc.client5.http.headers - http-outgoing-2 >> User-Agent: Apache-HttpClient/5.0.3 (Java/17.0.2)
22:07:07.768 [Test worker] DEBUG com.github.dockerjava.zerodep.shaded.org.apache.hc.client5.http.wire - http-outgoing-2 >> "GET /v1.32/containers/511b2d736fd4c4da08b79110fd21fdaa756368e4971eb130f8114450b3efc085/json HTTP/1.1[\r][\n]"
22:07:07.768 [Test worker] DEBUG com.github.dockerjava.zerodep.shaded.org.apache.hc.client5.http.wire - http-outgoing-2 >> "accept: application/json[\r][\n]"
22:07:07.768 [Test worker] DEBUG com.github.dockerjava.zerodep.shaded.org.apache.hc.client5.http.wire - http-outgoing-2 >> "x-tc-sid: c721e8e0-dbbd-4305-a748-6be2465f786d[\r][\n]"
22:07:07.768 [Test worker] DEBUG com.github.dockerjava.zerodep.shaded.org.apache.hc.client5.http.wire - http-outgoing-2 >> "Accept-Encoding: gzip, x-gzip, deflate[\r][\n]"
22:07:07.768 [Test worker] DEBUG com.github.dockerjava.zerodep.shaded.org.apache.hc.client5.http.wire - http-outgoing-2 >> "Host: localhost:2375[\r][\n]"
22:07:07.768 [Test worker] DEBUG com.github.dockerjava.zerodep.shaded.org.apache.hc.client5.http.wire - http-outgoing-2 >> "Connection: keep-alive[\r][\n]"
22:07:07.768 [Test worker] DEBUG com.github.dockerjava.zerodep.shaded.org.apache.hc.client5.http.wire - http-outgoing-2 >> "User-Agent: Apache-HttpClient/5.0.3 (Java/17.0.2)[\r][\n]"
22:07:07.768 [Test worker] DEBUG com.github.dockerjava.zerodep.shaded.org.apache.hc.client5.http.wire - http-outgoing-2 >> "[\r][\n]"
22:07:07.772 [Test worker] DEBUG com.github.dockerjava.zerodep.shaded.org.apache.hc.client5.http.wire - http-outgoing-2 << "HTTP/1.1 200 OK[\r][\n]"
22:07:07.772 [Test worker] DEBUG com.github.dockerjava.zerodep.shaded.org.apache.hc.client5.http.wire - http-outgoing-2 << "Api-Version: 1.41[\r][\n]"
22:07:07.772 [Test worker] DEBUG com.github.dockerjava.zerodep.shaded.org.apache.hc.client5.http.wire - http-outgoing-2 << "Content-Type: application/json[\r][\n]"
22:07:07.772 [Test worker] DEBUG com.github.dockerjava.zerodep.shaded.org.apache.hc.client5.http.wire - http-outgoing-2 << "Date: Mon, 03 Apr 2023 01:07:07 GMT[\r][\n]"
22:07:07.772 [Test worker] DEBUG com.github.dockerjava.zerodep.shaded.org.apache.hc.client5.http.wire - http-outgoing-2 << "Docker-Experimental: false[\r][\n]"
22:07:07.772 [Test worker] DEBUG com.github.dockerjava.zerodep.shaded.org.apache.hc.client5.http.wire - http-outgoing-2 << "Ostype: linux[\r][\n]"
22:07:07.772 [Test worker] DEBUG com.github.dockerjava.zerodep.shaded.org.apache.hc.client5.http.wire - http-outgoing-2 << "Server: Docker/20.10.21 (linux)[\r][\n]"
22:07:07.772 [Test worker] DEBUG com.github.dockerjava.zerodep.shaded.org.apache.hc.client5.http.wire - http-outgoing-2 << "Transfer-Encoding: chunked[\r][\n]"
22:07:07.772 [Test worker] DEBUG com.github.dockerjava.zerodep.shaded.org.apache.hc.client5.http.wire - http-outgoing-2 << "[\r][\n]"
22:07:07.772 [Test worker] DEBUG com.github.dockerjava.zerodep.shaded.org.apache.hc.client5.http.headers - http-outgoing-2 << HTTP/1.1 200 OK
22:07:07.772 [Test worker] DEBUG com.github.dockerjava.zerodep.shaded.org.apache.hc.client5.http.headers - http-outgoing-2 << Api-Version: 1.41
22:07:07.772 [Test worker] DEBUG com.github.dockerjava.zerodep.shaded.org.apache.hc.client5.http.headers - http-outgoing-2 << Content-Type: application/json
22:07:07.772 [Test worker] DEBUG com.github.dockerjava.zerodep.shaded.org.apache.hc.client5.http.headers - http-outgoing-2 << Date: Mon, 03 Apr 2023 01:07:07 GMT
22:07:07.772 [Test worker] DEBUG com.github.dockerjava.zerodep.shaded.org.apache.hc.client5.http.headers - http-outgoing-2 << Docker-Experimental: false
22:07:07.772 [Test worker] DEBUG com.github.dockerjava.zerodep.shaded.org.apache.hc.client5.http.headers - http-outgoing-2 << Ostype: linux
22:07:07.772 [Test worker] DEBUG com.github.dockerjava.zerodep.shaded.org.apache.hc.client5.http.headers - http-outgoing-2 << Server: Docker/20.10.21 (linux)
22:07:07.772 [Test worker] DEBUG com.github.dockerjava.zerodep.shaded.org.apache.hc.client5.http.headers - http-outgoing-2 << Transfer-Encoding: chunked
22:07:07.772 [Test worker] DEBUG com.github.dockerjava.zerodep.shaded.org.apache.hc.client5.http.impl.classic.MainClientExec - ex-00000029: connection can be kept alive for 3 MINUTES
22:07:07.773 [Test worker] DEBUG com.github.dockerjava.zerodep.shaded.org.apache.hc.client5.http.wire - http-outgoing-2 << "18c0[\r][\n]"
22:07:07.773 [Test worker] DEBUG com.github.dockerjava.zerodep.shaded.org.apache.hc.client5.http.wire - http-outgoing-2 << "{"Id":"511b2d736fd4c4da08b79110fd21fdaa756368e4971eb130f8114450b3efc085","Created":"2023-04-03T01:07:04.201309337Z","Path":"docker-entrypoint.sh","Args":["mysqld"],"State":{"Status":"running","Running":true,"Paused":false,"Restarting":false,"OOMKilled":false,"Dead":false,"Pid":2724,"ExitCode":0,"Error":"","StartedAt":"2023-04-03T01:07:04.498400921Z","FinishedAt":"0001-01-01T00:00:00Z"},"Image":"sha256:c7c54c29e20dccc1aefb936c8eba8bb8b98b87a4921102aba87fde2df5810af9","ResolvConfPath":"/var/lib/docker/containers/511b2d736fd4c4da08b79110fd21fdaa756368e4971eb130f8114450b3efc085/resolv.conf","HostnamePath":"/var/lib/docker/containers/511b2d736fd4c4da08b79110fd21fdaa756368e4971eb130f8114450b3efc085/hostname","HostsPath":"/var/lib/docker/containers/511b2d736fd4c4da08b79110fd21fdaa756368e4971eb130f8114450b3efc085/hosts","LogPath":"/var/lib/docker/containers/511b2d736fd4c4da08b79110fd21fdaa756368e4971eb130f8114450b3efc085/511b2d736fd4c4da08b79110fd21fdaa756368e4971eb130f8114450b3efc085-json.log","Name":"/elastic_easley","RestartCount":0,"Driver":"overlay2","Platform":"linux","MountLabel":"","ProcessLabel":"","AppArmorProfile":"","ExecIDs":null,"HostConfig":{"Binds":[],"ContainerIDFile":"","LogConfig":{"Type":"json-file","Config":{}},"NetworkMode":"default","PortBindings":{"3306/tcp":[{"HostIp":"0.0.0.0","HostPort":"0"}]},"RestartPolicy":{"Name":"","MaximumRetryCount":0},"AutoRemove":false,"VolumeDriver":"","VolumesFrom":[],"CapAdd":null,"CapDrop":null,"CgroupnsMode":"private","Dns":null,"DnsOptions":null,"DnsSearch":null,"ExtraHosts":[],"GroupAdd":null,"IpcMode":"shareable","Cgroup":"","Links":null,"OomScoreAdj":0,"PidMode":"","Privileged":false,"PublishAllPorts":false,"ReadonlyRootfs":false,"SecurityOpt":null,"UTSMode":"","UsernsMode":"","ShmSize":67108864,"Runtime":"runc","ConsoleSize":[0,0],"Isolation":"","CpuShares":0,"Memory":0,"NanoCpus":0,"CgroupParent":"","BlkioWeight":0,"BlkioWeightDevice":null,"BlkioDeviceReadBps":null,"BlkioDeviceWriteBps":null,"BlkioDeviceReadIOps":null,"BlkioDeviceWriteIOps":null,"CpuPeriod":0,"CpuQuota":0,"CpuRealtimePeriod":0,"CpuRealtimeRuntime":0,"CpusetCpus":"","CpusetMems":"","Devices":null,"DeviceCgroupRules":null,"DeviceRequests":null,"KernelMemory":0,"KernelMemoryTCP":0,"MemoryReservation":0,"MemorySwap":0,"MemorySwappiness":null,"OomKillDisable":null,"PidsLimit":null,"Ulimits":null,"CpuCount":0,"CpuPercent":0,"IOMaximumIOps":0,"IOMaximumBandwidth":0,"MaskedPaths":["/proc/asound","/proc/acpi","/proc/kcore","/proc/keys","/proc/latency_stats","/proc/timer_list","/proc/timer_stats","/proc/sched_debug","/proc/scsi","/sys/firmware"],"ReadonlyPaths":["/proc/bus","/proc/fs","/proc/irq","/proc/sys","/proc/sysrq-trigger"]},"GraphDriver":{"Data":{"LowerDir":"/var/lib/docker/overlay2/5ada145d0e3939fe5ed2118eea99b9f10241aeee200293145c73dce66470a568-init/diff:/var/lib/docker/overlay2/1bd8849d7a296305617011f940aa5cfabbe972a513397b1b6bbc27639b6c1f30/diff:/var/lib/docker/overlay2/199d69b2fbf78af4d4c95dec4fd2f8835ab0347eb49fb20ebb2ff3b99fedd6ad/diff:/var/lib/docker/overlay2/d83c38d654989311f75b9491329846033bfb7714de76ef635380dcfad5c740d9/diff:/var/lib/docker/overlay2/08600d0aea2ab2728bebcf5d2589c640a842f53d1ba3c4a4adccb4d03b923cf6/diff:/var/lib/docker/overlay2/9ec7c63a3fb14d13ac788bbf5e282ca821edc41260b79944e5e631037d13ecda/diff:/var/lib/docker/overlay2/db601d7a1b4ea6da638db620462f0da96fa55c559d02269c9ddb09027936ed87/diff:/var/lib/docker/overlay2/a6d2bd03f942e2565f21e74cfe152c7ec836a1c2b583f0790c685b92bdcfda24/diff:/var/lib/docker/overlay2/9badd16ea2c5e2bf1fde8b579683e41137dfc46ed5449234149f199a6751cc84/diff:/var/lib/docker/overlay2/6efb85646ed12e2d1181ef4cc6f6f6732c00c15a4035fe17ebc4f075ca573c30/diff:/var/lib/docker/overlay2/895d7c0ec09144d6ed33936f4e98e11c18010f7abd708cae1ce43aec7a7f2621/diff:/var/lib/docker/overlay2/1c4ba77aa573ab6e5e5069fd15eae71b3da940bde0f97a922a227ffc8a1d1096/diff","MergedDir":"/var/lib/docker/overlay2/5ada145d0e3939fe5ed2118eea99b9f10241aeee200293145c73dce66470a568/merged","UpperDir":"/var/lib/docker/overlay2/5ada145d0e3939fe5ed2118eea99b9f10241aeee200293145c73dce66470a568/diff","WorkDir":"/var/lib/docker/overlay2/5ada145d0e3939fe5ed2118eea99b9f10241aeee200293145c73dce66470a568/work"},"Name":"overlay2"},"Mounts":[{"Type":"volume","Name":"ac6dcf572a35a68e3a3a5bdf3d1899d89919b8e0b6d7a1beb9c6b19978c4e863","Source":"/var/lib/docker/volumes/ac6dcf572a35a68e3a3a5bdf3d1899d89919b8e0b6d7a1beb9c6b19978c4e863/_data","Destination":"/var/lib/mysql","Driver":"local","Mode":"","RW":true,"Propagation":""}],"Config":{"Hostname":"511b2d736fd4","Domainname":"","User":"","AttachStdin":false,"AttachStdout":false,"AttachStderr":false,"ExposedPorts":{"3306/tcp":{},"33060/tcp":{}},"Tty":false,"OpenStdin":false,"StdinOnce":false,"Env":["MYSQL_DATABASE=adm_videos","MYSQL_PASSWORD=123456","MYSQL_ROOT_PASSWORD=123456","PATH=/usr/local/sbin:/usr/local/bin:/usr/sbin:/usr/bin:/sbin:/bin","GOSU_VERSION=1.16","MYSQL_MAJOR=8.0","MYSQL_VERSION=8.0.32-1.el8","MYSQL_SHELL_VERSION=8.0.32-1.el8"],"Cmd":["mysqld"],"Image":"mysql:latest","Volumes":{"/var/lib/mysql":{}},"WorkingDir":"","Entrypoint":["docker-entrypoint.sh"],"OnBuild":null,"Labels":{"org.testcontainers":"true","org.testcontainers.lang":"java","org.testcontainers.sessionId":"c721e8e0-dbbd-4305-a748-6be2465f786d","org.testcontainers.version":"1.17.6"}},"NetworkSettings":{"Bridge":"","SandboxID":"23a51dba07b22c8536581cd39611755923749e16a93a45ce75c5c8a4a7759981","HairpinMode":false,"LinkLocalIPv6Address":"","LinkLocalIPv6PrefixLen":0,"Ports":{"3306/tcp":[{"HostIp":"0.0.0.0","HostPort":"50897"}],"33060/tcp":null},"SandboxKey":"/var/run/docker/netns/23a51dba07b2","SecondaryIPAddresses":null,"SecondaryIPv6Addresses":null,"EndpointID":"692f30c6e93a1486104b6273bdc38b1f926e45528d0b3ff49b5fe2d91ed6b329","Gateway":"172.17.0.1","GlobalIPv6Address":"","GlobalIPv6PrefixLen":0,"IPAddress":"172.17.0.3","IPPrefixLen":16,"IPv6Gateway":"","MacAddress":"02:42:ac:11:00:03","Networks":{"bridge":{"IPAMConfig":null,"Links":null,"Aliases":null,"NetworkID":"eba6fdf7ebe51912c859fc2dc83d1407a50db03ea3c296d90f885e8af84b6e93","EndpointID":"692f30c6e93a1486104b6273bdc38b1f926e45528d0b3ff49b5fe2d91ed6b329","Gateway":"172.17.0.1","IPAddress":"172.17.0.3","IPPrefixLen":16,"IPv6Gateway":"","GlobalIPv6Address":"","GlobalIPv6PrefixLen":0,"MacAddress":"02:42:ac:11:00:03","DriverOpts":null}}}}[\n]"
22:07:07.773 [Test worker] DEBUG com.github.dockerjava.zerodep.shaded.org.apache.hc.client5.http.wire - http-outgoing-2 << "[\r][\n]"
22:07:07.774 [Test worker] DEBUG com.github.dockerjava.zerodep.shaded.org.apache.hc.client5.http.wire - http-outgoing-2 << "0[\r][\n]"
22:07:07.774 [Test worker] DEBUG com.github.dockerjava.zerodep.shaded.org.apache.hc.client5.http.wire - http-outgoing-2 << "[\r][\n]"
22:07:07.774 [Test worker] DEBUG com.github.dockerjava.zerodep.shaded.org.apache.hc.client5.http.impl.classic.InternalHttpClient - ep-00000028: releasing valid endpoint
22:07:07.774 [Test worker] DEBUG com.github.dockerjava.zerodep.shaded.org.apache.hc.client5.http.impl.io.PoolingHttpClientConnectionManager - ep-00000028: releasing endpoint
22:07:07.774 [Test worker] DEBUG com.github.dockerjava.zerodep.shaded.org.apache.hc.client5.http.impl.io.PoolingHttpClientConnectionManager - ep-00000028: connection http-outgoing-2 can be kept alive for 3 MINUTES
22:07:07.774 [Test worker] DEBUG com.github.dockerjava.zerodep.shaded.org.apache.hc.client5.http.impl.io.PoolingHttpClientConnectionManager - ep-00000028: connection released [route: {}->unix://localhost:2375][total available: 1; route allocated: 1 of 2147483647; total allocated: 1 of 2147483647]
22:07:07.774 [Test worker] DEBUG ]]>&#x1f433;<![CDATA[ [mysql:latest] - Trying to create JDBC connection using com.mysql.cj.jdbc.Driver to jdbc:mysql://localhost:50897/adm_videos?useSSL=false&allowPublicKeyRetrieval=true with properties: {password=123456, user=root}
22:07:07.881 [Test worker] DEBUG org.testcontainers.shaded.com.github.dockerjava.core.command.AbstrDockerCmd - Cmd: 511b2d736fd4c4da08b79110fd21fdaa756368e4971eb130f8114450b3efc085,false
22:07:07.881 [Test worker] DEBUG org.testcontainers.shaded.com.github.dockerjava.core.exec.InspectContainerCmdExec - GET: DefaultWebTarget{path=[/containers/511b2d736fd4c4da08b79110fd21fdaa756368e4971eb130f8114450b3efc085/json], queryParams={}}
22:07:07.882 [Test worker] DEBUG com.github.dockerjava.zerodep.shaded.org.apache.hc.client5.http.impl.classic.InternalHttpClient - ex-0000002A: preparing request execution
22:07:07.882 [Test worker] DEBUG com.github.dockerjava.zerodep.shaded.org.apache.hc.client5.http.protocol.RequestAddCookies - Cookie spec selected: strict
22:07:07.882 [Test worker] DEBUG com.github.dockerjava.zerodep.shaded.org.apache.hc.client5.http.protocol.RequestAuthCache - Auth cache not set in the context
22:07:07.882 [Test worker] DEBUG com.github.dockerjava.zerodep.shaded.org.apache.hc.client5.http.impl.classic.ProtocolExec - ex-0000002A: target auth state: UNCHALLENGED
22:07:07.882 [Test worker] DEBUG com.github.dockerjava.zerodep.shaded.org.apache.hc.client5.http.impl.classic.ProtocolExec - ex-0000002A: proxy auth state: UNCHALLENGED
22:07:07.882 [Test worker] DEBUG com.github.dockerjava.zerodep.shaded.org.apache.hc.client5.http.impl.classic.ConnectExec - ex-0000002A: acquiring connection with route {}->unix://localhost:2375
22:07:07.882 [Test worker] DEBUG com.github.dockerjava.zerodep.shaded.org.apache.hc.client5.http.impl.classic.InternalHttpClient - ex-0000002A: acquiring endpoint (3 MINUTES)
22:07:07.882 [Test worker] DEBUG com.github.dockerjava.zerodep.shaded.org.apache.hc.client5.http.impl.io.PoolingHttpClientConnectionManager - ex-0000002A: endpoint lease request (3 MINUTES) [route: {}->unix://localhost:2375][total available: 1; route allocated: 1 of 2147483647; total allocated: 1 of 2147483647]
22:07:07.882 [Test worker] DEBUG com.github.dockerjava.zerodep.shaded.org.apache.hc.client5.http.impl.io.PoolingHttpClientConnectionManager - ex-0000002A: endpoint leased [route: {}->unix://localhost:2375][total available: 0; route allocated: 1 of 2147483647; total allocated: 1 of 2147483647]
22:07:07.882 [Test worker] DEBUG com.github.dockerjava.zerodep.shaded.org.apache.hc.client5.http.impl.io.PoolingHttpClientConnectionManager - ex-0000002A: acquired ep-00000029
22:07:07.882 [Test worker] DEBUG com.github.dockerjava.zerodep.shaded.org.apache.hc.client5.http.impl.classic.InternalHttpClient - ex-0000002A: acquired endpoint ep-00000029
22:07:07.882 [Test worker] DEBUG com.github.dockerjava.zerodep.shaded.org.apache.hc.client5.http.impl.classic.MainClientExec - ex-0000002A: executing GET /v1.32/containers/511b2d736fd4c4da08b79110fd21fdaa756368e4971eb130f8114450b3efc085/json HTTP/1.1
22:07:07.882 [Test worker] DEBUG com.github.dockerjava.zerodep.shaded.org.apache.hc.client5.http.impl.classic.InternalHttpClient - ep-00000029: start execution ex-0000002A
22:07:07.883 [Test worker] DEBUG com.github.dockerjava.zerodep.shaded.org.apache.hc.client5.http.impl.io.PoolingHttpClientConnectionManager - ep-00000029: executing exchange ex-0000002A over http-outgoing-2
22:07:07.883 [Test worker] DEBUG com.github.dockerjava.zerodep.shaded.org.apache.hc.client5.http.headers - http-outgoing-2 >> GET /v1.32/containers/511b2d736fd4c4da08b79110fd21fdaa756368e4971eb130f8114450b3efc085/json HTTP/1.1
22:07:07.883 [Test worker] DEBUG com.github.dockerjava.zerodep.shaded.org.apache.hc.client5.http.headers - http-outgoing-2 >> accept: application/json
22:07:07.883 [Test worker] DEBUG com.github.dockerjava.zerodep.shaded.org.apache.hc.client5.http.headers - http-outgoing-2 >> x-tc-sid: c721e8e0-dbbd-4305-a748-6be2465f786d
22:07:07.883 [Test worker] DEBUG com.github.dockerjava.zerodep.shaded.org.apache.hc.client5.http.headers - http-outgoing-2 >> Accept-Encoding: gzip, x-gzip, deflate
22:07:07.883 [Test worker] DEBUG com.github.dockerjava.zerodep.shaded.org.apache.hc.client5.http.headers - http-outgoing-2 >> Host: localhost:2375
22:07:07.883 [Test worker] DEBUG com.github.dockerjava.zerodep.shaded.org.apache.hc.client5.http.headers - http-outgoing-2 >> Connection: keep-alive
22:07:07.883 [Test worker] DEBUG com.github.dockerjava.zerodep.shaded.org.apache.hc.client5.http.headers - http-outgoing-2 >> User-Agent: Apache-HttpClient/5.0.3 (Java/17.0.2)
22:07:07.883 [Test worker] DEBUG com.github.dockerjava.zerodep.shaded.org.apache.hc.client5.http.wire - http-outgoing-2 >> "GET /v1.32/containers/511b2d736fd4c4da08b79110fd21fdaa756368e4971eb130f8114450b3efc085/json HTTP/1.1[\r][\n]"
22:07:07.883 [Test worker] DEBUG com.github.dockerjava.zerodep.shaded.org.apache.hc.client5.http.wire - http-outgoing-2 >> "accept: application/json[\r][\n]"
22:07:07.883 [Test worker] DEBUG com.github.dockerjava.zerodep.shaded.org.apache.hc.client5.http.wire - http-outgoing-2 >> "x-tc-sid: c721e8e0-dbbd-4305-a748-6be2465f786d[\r][\n]"
22:07:07.883 [Test worker] DEBUG com.github.dockerjava.zerodep.shaded.org.apache.hc.client5.http.wire - http-outgoing-2 >> "Accept-Encoding: gzip, x-gzip, deflate[\r][\n]"
22:07:07.883 [Test worker] DEBUG com.github.dockerjava.zerodep.shaded.org.apache.hc.client5.http.wire - http-outgoing-2 >> "Host: localhost:2375[\r][\n]"
22:07:07.883 [Test worker] DEBUG com.github.dockerjava.zerodep.shaded.org.apache.hc.client5.http.wire - http-outgoing-2 >> "Connection: keep-alive[\r][\n]"
22:07:07.883 [Test worker] DEBUG com.github.dockerjava.zerodep.shaded.org.apache.hc.client5.http.wire - http-outgoing-2 >> "User-Agent: Apache-HttpClient/5.0.3 (Java/17.0.2)[\r][\n]"
22:07:07.883 [Test worker] DEBUG com.github.dockerjava.zerodep.shaded.org.apache.hc.client5.http.wire - http-outgoing-2 >> "[\r][\n]"
22:07:07.886 [Test worker] DEBUG com.github.dockerjava.zerodep.shaded.org.apache.hc.client5.http.wire - http-outgoing-2 << "HTTP/1.1 200 OK[\r][\n]"
22:07:07.886 [Test worker] DEBUG com.github.dockerjava.zerodep.shaded.org.apache.hc.client5.http.wire - http-outgoing-2 << "Api-Version: 1.41[\r][\n]"
22:07:07.886 [Test worker] DEBUG com.github.dockerjava.zerodep.shaded.org.apache.hc.client5.http.wire - http-outgoing-2 << "Content-Type: application/json[\r][\n]"
22:07:07.886 [Test worker] DEBUG com.github.dockerjava.zerodep.shaded.org.apache.hc.client5.http.wire - http-outgoing-2 << "Date: Mon, 03 Apr 2023 01:07:07 GMT[\r][\n]"
22:07:07.886 [Test worker] DEBUG com.github.dockerjava.zerodep.shaded.org.apache.hc.client5.http.wire - http-outgoing-2 << "Docker-Experimental: false[\r][\n]"
22:07:07.886 [Test worker] DEBUG com.github.dockerjava.zerodep.shaded.org.apache.hc.client5.http.wire - http-outgoing-2 << "Ostype: linux[\r][\n]"
22:07:07.886 [Test worker] DEBUG com.github.dockerjava.zerodep.shaded.org.apache.hc.client5.http.wire - http-outgoing-2 << "Server: Docker/20.10.21 (linux)[\r][\n]"
22:07:07.886 [Test worker] DEBUG com.github.dockerjava.zerodep.shaded.org.apache.hc.client5.http.wire - http-outgoing-2 << "Transfer-Encoding: chunked[\r][\n]"
22:07:07.886 [Test worker] DEBUG com.github.dockerjava.zerodep.shaded.org.apache.hc.client5.http.wire - http-outgoing-2 << "[\r][\n]"
22:07:07.886 [Test worker] DEBUG com.github.dockerjava.zerodep.shaded.org.apache.hc.client5.http.headers - http-outgoing-2 << HTTP/1.1 200 OK
22:07:07.886 [Test worker] DEBUG com.github.dockerjava.zerodep.shaded.org.apache.hc.client5.http.headers - http-outgoing-2 << Api-Version: 1.41
22:07:07.886 [Test worker] DEBUG com.github.dockerjava.zerodep.shaded.org.apache.hc.client5.http.headers - http-outgoing-2 << Content-Type: application/json
22:07:07.886 [Test worker] DEBUG com.github.dockerjava.zerodep.shaded.org.apache.hc.client5.http.headers - http-outgoing-2 << Date: Mon, 03 Apr 2023 01:07:07 GMT
22:07:07.886 [Test worker] DEBUG com.github.dockerjava.zerodep.shaded.org.apache.hc.client5.http.headers - http-outgoing-2 << Docker-Experimental: false
22:07:07.886 [Test worker] DEBUG com.github.dockerjava.zerodep.shaded.org.apache.hc.client5.http.headers - http-outgoing-2 << Ostype: linux
22:07:07.886 [Test worker] DEBUG com.github.dockerjava.zerodep.shaded.org.apache.hc.client5.http.headers - http-outgoing-2 << Server: Docker/20.10.21 (linux)
22:07:07.886 [Test worker] DEBUG com.github.dockerjava.zerodep.shaded.org.apache.hc.client5.http.headers - http-outgoing-2 << Transfer-Encoding: chunked
22:07:07.887 [Test worker] DEBUG com.github.dockerjava.zerodep.shaded.org.apache.hc.client5.http.impl.classic.MainClientExec - ex-0000002A: connection can be kept alive for 3 MINUTES
22:07:07.887 [Test worker] DEBUG com.github.dockerjava.zerodep.shaded.org.apache.hc.client5.http.wire - http-outgoing-2 << "18c0[\r][\n]"
22:07:07.887 [Test worker] DEBUG com.github.dockerjava.zerodep.shaded.org.apache.hc.client5.http.wire - http-outgoing-2 << "{"Id":"511b2d736fd4c4da08b79110fd21fdaa756368e4971eb130f8114450b3efc085","Created":"2023-04-03T01:07:04.201309337Z","Path":"docker-entrypoint.sh","Args":["mysqld"],"State":{"Status":"running","Running":true,"Paused":false,"Restarting":false,"OOMKilled":false,"Dead":false,"Pid":2724,"ExitCode":0,"Error":"","StartedAt":"2023-04-03T01:07:04.498400921Z","FinishedAt":"0001-01-01T00:00:00Z"},"Image":"sha256:c7c54c29e20dccc1aefb936c8eba8bb8b98b87a4921102aba87fde2df5810af9","ResolvConfPath":"/var/lib/docker/containers/511b2d736fd4c4da08b79110fd21fdaa756368e4971eb130f8114450b3efc085/resolv.conf","HostnamePath":"/var/lib/docker/containers/511b2d736fd4c4da08b79110fd21fdaa756368e4971eb130f8114450b3efc085/hostname","HostsPath":"/var/lib/docker/containers/511b2d736fd4c4da08b79110fd21fdaa756368e4971eb130f8114450b3efc085/hosts","LogPath":"/var/lib/docker/containers/511b2d736fd4c4da08b79110fd21fdaa756368e4971eb130f8114450b3efc085/511b2d736fd4c4da08b79110fd21fdaa756368e4971eb130f8114450b3efc085-json.log","Name":"/elastic_easley","RestartCount":0,"Driver":"overlay2","Platform":"linux","MountLabel":"","ProcessLabel":"","AppArmorProfile":"","ExecIDs":null,"HostConfig":{"Binds":[],"ContainerIDFile":"","LogConfig":{"Type":"json-file","Config":{}},"NetworkMode":"default","PortBindings":{"3306/tcp":[{"HostIp":"0.0.0.0","HostPort":"0"}]},"RestartPolicy":{"Name":"","MaximumRetryCount":0},"AutoRemove":false,"VolumeDriver":"","VolumesFrom":[],"CapAdd":null,"CapDrop":null,"CgroupnsMode":"private","Dns":null,"DnsOptions":null,"DnsSearch":null,"ExtraHosts":[],"GroupAdd":null,"IpcMode":"shareable","Cgroup":"","Links":null,"OomScoreAdj":0,"PidMode":"","Privileged":false,"PublishAllPorts":false,"ReadonlyRootfs":false,"SecurityOpt":null,"UTSMode":"","UsernsMode":"","ShmSize":67108864,"Runtime":"runc","ConsoleSize":[0,0],"Isolation":"","CpuShares":0,"Memory":0,"NanoCpus":0,"CgroupParent":"","BlkioWeight":0,"BlkioWeightDevice":null,"BlkioDeviceReadBps":null,"BlkioDeviceWriteBps":null,"BlkioDeviceReadIOps":null,"BlkioDeviceWriteIOps":null,"CpuPeriod":0,"CpuQuota":0,"CpuRealtimePeriod":0,"CpuRealtimeRuntime":0,"CpusetCpus":"","CpusetMems":"","Devices":null,"DeviceCgroupRules":null,"DeviceRequests":null,"KernelMemory":0,"KernelMemoryTCP":0,"MemoryReservation":0,"MemorySwap":0,"MemorySwappiness":null,"OomKillDisable":null,"PidsLimit":null,"Ulimits":null,"CpuCount":0,"CpuPercent":0,"IOMaximumIOps":0,"IOMaximumBandwidth":0,"MaskedPaths":["/proc/asound","/proc/acpi","/proc/kcore","/proc/keys","/proc/latency_stats","/proc/timer_list","/proc/timer_stats","/proc/sched_debug","/proc/scsi","/sys/firmware"],"ReadonlyPaths":["/proc/bus","/proc/fs","/proc/irq","/proc/sys","/proc/sysrq-trigger"]},"GraphDriver":{"Data":{"LowerDir":"/var/lib/docker/overlay2/5ada145d0e3939fe5ed2118eea99b9f10241aeee200293145c73dce66470a568-init/diff:/var/lib/docker/overlay2/1bd8849d7a296305617011f940aa5cfabbe972a513397b1b6bbc27639b6c1f30/diff:/var/lib/docker/overlay2/199d69b2fbf78af4d4c95dec4fd2f8835ab0347eb49fb20ebb2ff3b99fedd6ad/diff:/var/lib/docker/overlay2/d83c38d654989311f75b9491329846033bfb7714de76ef635380dcfad5c740d9/diff:/var/lib/docker/overlay2/08600d0aea2ab2728bebcf5d2589c640a842f53d1ba3c4a4adccb4d03b923cf6/diff:/var/lib/docker/overlay2/9ec7c63a3fb14d13ac788bbf5e282ca821edc41260b79944e5e631037d13ecda/diff:/var/lib/docker/overlay2/db601d7a1b4ea6da638db620462f0da96fa55c559d02269c9ddb09027936ed87/diff:/var/lib/docker/overlay2/a6d2bd03f942e2565f21e74cfe152c7ec836a1c2b583f0790c685b92bdcfda24/diff:/var/lib/docker/overlay2/9badd16ea2c5e2bf1fde8b579683e41137dfc46ed5449234149f199a6751cc84/diff:/var/lib/docker/overlay2/6efb85646ed12e2d1181ef4cc6f6f6732c00c15a4035fe17ebc4f075ca573c30/diff:/var/lib/docker/overlay2/895d7c0ec09144d6ed33936f4e98e11c18010f7abd708cae1ce43aec7a7f2621/diff:/var/lib/docker/overlay2/1c4ba77aa573ab6e5e5069fd15eae71b3da940bde0f97a922a227ffc8a1d1096/diff","MergedDir":"/var/lib/docker/overlay2/5ada145d0e3939fe5ed2118eea99b9f10241aeee200293145c73dce66470a568/merged","UpperDir":"/var/lib/docker/overlay2/5ada145d0e3939fe5ed2118eea99b9f10241aeee200293145c73dce66470a568/diff","WorkDir":"/var/lib/docker/overlay2/5ada145d0e3939fe5ed2118eea99b9f10241aeee200293145c73dce66470a568/work"},"Name":"overlay2"},"Mounts":[{"Type":"volume","Name":"ac6dcf572a35a68e3a3a5bdf3d1899d89919b8e0b6d7a1beb9c6b19978c4e863","Source":"/var/lib/docker/volumes/ac6dcf572a35a68e3a3a5bdf3d1899d89919b8e0b6d7a1beb9c6b19978c4e863/_data","Destination":"/var/lib/mysql","Driver":"local","Mode":"","RW":true,"Propagation":""}],"Config":{"Hostname":"511b2d736fd4","Domainname":"","User":"","AttachStdin":false,"AttachStdout":false,"AttachStderr":false,"ExposedPorts":{"3306/tcp":{},"33060/tcp":{}},"Tty":false,"OpenStdin":false,"StdinOnce":false,"Env":["MYSQL_DATABASE=adm_videos","MYSQL_PASSWORD=123456","MYSQL_ROOT_PASSWORD=123456","PATH=/usr/local/sbin:/usr/local/bin:/usr/sbin:/usr/bin:/sbin:/bin","GOSU_VERSION=1.16","MYSQL_MAJOR=8.0","MYSQL_VERSION=8.0.32-1.el8","MYSQL_SHELL_VERSION=8.0.32-1.el8"],"Cmd":["mysqld"],"Image":"mysql:latest","Volumes":{"/var/lib/mysql":{}},"WorkingDir":"","Entrypoint":["docker-entrypoint.sh"],"OnBuild":null,"Labels":{"org.testcontainers":"true","org.testcontainers.lang":"java","org.testcontainers.sessionId":"c721e8e0-dbbd-4305-a748-6be2465f786d","org.testcontainers.version":"1.17.6"}},"NetworkSettings":{"Bridge":"","SandboxID":"23a51dba07b22c8536581cd39611755923749e16a93a45ce75c5c8a4a7759981","HairpinMode":false,"LinkLocalIPv6Address":"","LinkLocalIPv6PrefixLen":0,"Ports":{"3306/tcp":[{"HostIp":"0.0.0.0","HostPort":"50897"}],"33060/tcp":null},"SandboxKey":"/var/run/docker/netns/23a51dba07b2","SecondaryIPAddresses":null,"SecondaryIPv6Addresses":null,"EndpointID":"692f30c6e93a1486104b6273bdc38b1f926e45528d0b3ff49b5fe2d91ed6b329","Gateway":"172.17.0.1","GlobalIPv6Address":"","GlobalIPv6PrefixLen":0,"IPAddress":"172.17.0.3","IPPrefixLen":16,"IPv6Gateway":"","MacAddress":"02:42:ac:11:00:03","Networks":{"bridge":{"IPAMConfig":null,"Links":null,"Aliases":null,"NetworkID":"eba6fdf7ebe51912c859fc2dc83d1407a50db03ea3c296d90f885e8af84b6e93","EndpointID":"692f30c6e93a1486104b6273bdc38b1f926e45528d0b3ff49b5fe2d91ed6b329","Gateway":"172.17.0.1","IPAddress":"172.17.0.3","IPPrefixLen":16,"IPv6Gateway":"","GlobalIPv6Address":"","GlobalIPv6PrefixLen":0,"MacAddress":"02:42:ac:11:00:03","DriverOpts":null}}}}[\n]"
22:07:07.887 [Test worker] DEBUG com.github.dockerjava.zerodep.shaded.org.apache.hc.client5.http.wire - http-outgoing-2 << "[\r][\n]"
22:07:07.889 [Test worker] DEBUG com.github.dockerjava.zerodep.shaded.org.apache.hc.client5.http.wire - http-outgoing-2 << "0[\r][\n]"
22:07:07.889 [Test worker] DEBUG com.github.dockerjava.zerodep.shaded.org.apache.hc.client5.http.wire - http-outgoing-2 << "[\r][\n]"
22:07:07.889 [Test worker] DEBUG com.github.dockerjava.zerodep.shaded.org.apache.hc.client5.http.impl.classic.InternalHttpClient - ep-00000029: releasing valid endpoint
22:07:07.889 [Test worker] DEBUG com.github.dockerjava.zerodep.shaded.org.apache.hc.client5.http.impl.io.PoolingHttpClientConnectionManager - ep-00000029: releasing endpoint
22:07:07.889 [Test worker] DEBUG com.github.dockerjava.zerodep.shaded.org.apache.hc.client5.http.impl.io.PoolingHttpClientConnectionManager - ep-00000029: connection http-outgoing-2 can be kept alive for 3 MINUTES
22:07:07.889 [Test worker] DEBUG com.github.dockerjava.zerodep.shaded.org.apache.hc.client5.http.impl.io.PoolingHttpClientConnectionManager - ep-00000029: connection released [route: {}->unix://localhost:2375][total available: 1; route allocated: 1 of 2147483647; total allocated: 1 of 2147483647]
22:07:07.889 [Test worker] DEBUG ]]>&#x1f433;<![CDATA[ [mysql:latest] - Trying to create JDBC connection using com.mysql.cj.jdbc.Driver to jdbc:mysql://localhost:50897/adm_videos?useSSL=false&allowPublicKeyRetrieval=true with properties: {password=123456, user=root}
22:07:07.995 [Test worker] DEBUG org.testcontainers.shaded.com.github.dockerjava.core.command.AbstrDockerCmd - Cmd: 511b2d736fd4c4da08b79110fd21fdaa756368e4971eb130f8114450b3efc085,false
22:07:07.996 [Test worker] DEBUG org.testcontainers.shaded.com.github.dockerjava.core.exec.InspectContainerCmdExec - GET: DefaultWebTarget{path=[/containers/511b2d736fd4c4da08b79110fd21fdaa756368e4971eb130f8114450b3efc085/json], queryParams={}}
22:07:07.996 [Test worker] DEBUG com.github.dockerjava.zerodep.shaded.org.apache.hc.client5.http.impl.classic.InternalHttpClient - ex-0000002B: preparing request execution
22:07:07.996 [Test worker] DEBUG com.github.dockerjava.zerodep.shaded.org.apache.hc.client5.http.protocol.RequestAddCookies - Cookie spec selected: strict
22:07:07.997 [Test worker] DEBUG com.github.dockerjava.zerodep.shaded.org.apache.hc.client5.http.protocol.RequestAuthCache - Auth cache not set in the context
22:07:07.997 [Test worker] DEBUG com.github.dockerjava.zerodep.shaded.org.apache.hc.client5.http.impl.classic.ProtocolExec - ex-0000002B: target auth state: UNCHALLENGED
22:07:07.997 [Test worker] DEBUG com.github.dockerjava.zerodep.shaded.org.apache.hc.client5.http.impl.classic.ProtocolExec - ex-0000002B: proxy auth state: UNCHALLENGED
22:07:07.997 [Test worker] DEBUG com.github.dockerjava.zerodep.shaded.org.apache.hc.client5.http.impl.classic.ConnectExec - ex-0000002B: acquiring connection with route {}->unix://localhost:2375
22:07:07.997 [Test worker] DEBUG com.github.dockerjava.zerodep.shaded.org.apache.hc.client5.http.impl.classic.InternalHttpClient - ex-0000002B: acquiring endpoint (3 MINUTES)
22:07:07.997 [Test worker] DEBUG com.github.dockerjava.zerodep.shaded.org.apache.hc.client5.http.impl.io.PoolingHttpClientConnectionManager - ex-0000002B: endpoint lease request (3 MINUTES) [route: {}->unix://localhost:2375][total available: 1; route allocated: 1 of 2147483647; total allocated: 1 of 2147483647]
22:07:07.997 [Test worker] DEBUG com.github.dockerjava.zerodep.shaded.org.apache.hc.client5.http.impl.io.PoolingHttpClientConnectionManager - ex-0000002B: endpoint leased [route: {}->unix://localhost:2375][total available: 0; route allocated: 1 of 2147483647; total allocated: 1 of 2147483647]
22:07:07.997 [Test worker] DEBUG com.github.dockerjava.zerodep.shaded.org.apache.hc.client5.http.impl.io.PoolingHttpClientConnectionManager - ex-0000002B: acquired ep-0000002A
22:07:07.997 [Test worker] DEBUG com.github.dockerjava.zerodep.shaded.org.apache.hc.client5.http.impl.classic.InternalHttpClient - ex-0000002B: acquired endpoint ep-0000002A
22:07:07.997 [Test worker] DEBUG com.github.dockerjava.zerodep.shaded.org.apache.hc.client5.http.impl.classic.MainClientExec - ex-0000002B: executing GET /v1.32/containers/511b2d736fd4c4da08b79110fd21fdaa756368e4971eb130f8114450b3efc085/json HTTP/1.1
22:07:07.997 [Test worker] DEBUG com.github.dockerjava.zerodep.shaded.org.apache.hc.client5.http.impl.classic.InternalHttpClient - ep-0000002A: start execution ex-0000002B
22:07:07.997 [Test worker] DEBUG com.github.dockerjava.zerodep.shaded.org.apache.hc.client5.http.impl.io.PoolingHttpClientConnectionManager - ep-0000002A: executing exchange ex-0000002B over http-outgoing-2
22:07:07.997 [Test worker] DEBUG com.github.dockerjava.zerodep.shaded.org.apache.hc.client5.http.headers - http-outgoing-2 >> GET /v1.32/containers/511b2d736fd4c4da08b79110fd21fdaa756368e4971eb130f8114450b3efc085/json HTTP/1.1
22:07:07.998 [Test worker] DEBUG com.github.dockerjava.zerodep.shaded.org.apache.hc.client5.http.headers - http-outgoing-2 >> accept: application/json
22:07:07.998 [Test worker] DEBUG com.github.dockerjava.zerodep.shaded.org.apache.hc.client5.http.headers - http-outgoing-2 >> x-tc-sid: c721e8e0-dbbd-4305-a748-6be2465f786d
22:07:07.998 [Test worker] DEBUG com.github.dockerjava.zerodep.shaded.org.apache.hc.client5.http.headers - http-outgoing-2 >> Accept-Encoding: gzip, x-gzip, deflate
22:07:07.998 [Test worker] DEBUG com.github.dockerjava.zerodep.shaded.org.apache.hc.client5.http.headers - http-outgoing-2 >> Host: localhost:2375
22:07:07.998 [Test worker] DEBUG com.github.dockerjava.zerodep.shaded.org.apache.hc.client5.http.headers - http-outgoing-2 >> Connection: keep-alive
22:07:07.998 [Test worker] DEBUG com.github.dockerjava.zerodep.shaded.org.apache.hc.client5.http.headers - http-outgoing-2 >> User-Agent: Apache-HttpClient/5.0.3 (Java/17.0.2)
22:07:07.998 [Test worker] DEBUG com.github.dockerjava.zerodep.shaded.org.apache.hc.client5.http.wire - http-outgoing-2 >> "GET /v1.32/containers/511b2d736fd4c4da08b79110fd21fdaa756368e4971eb130f8114450b3efc085/json HTTP/1.1[\r][\n]"
22:07:07.998 [Test worker] DEBUG com.github.dockerjava.zerodep.shaded.org.apache.hc.client5.http.wire - http-outgoing-2 >> "accept: application/json[\r][\n]"
22:07:07.998 [Test worker] DEBUG com.github.dockerjava.zerodep.shaded.org.apache.hc.client5.http.wire - http-outgoing-2 >> "x-tc-sid: c721e8e0-dbbd-4305-a748-6be2465f786d[\r][\n]"
22:07:07.998 [Test worker] DEBUG com.github.dockerjava.zerodep.shaded.org.apache.hc.client5.http.wire - http-outgoing-2 >> "Accept-Encoding: gzip, x-gzip, deflate[\r][\n]"
22:07:07.998 [Test worker] DEBUG com.github.dockerjava.zerodep.shaded.org.apache.hc.client5.http.wire - http-outgoing-2 >> "Host: localhost:2375[\r][\n]"
22:07:07.998 [Test worker] DEBUG com.github.dockerjava.zerodep.shaded.org.apache.hc.client5.http.wire - http-outgoing-2 >> "Connection: keep-alive[\r][\n]"
22:07:07.998 [Test worker] DEBUG com.github.dockerjava.zerodep.shaded.org.apache.hc.client5.http.wire - http-outgoing-2 >> "User-Agent: Apache-HttpClient/5.0.3 (Java/17.0.2)[\r][\n]"
22:07:07.998 [Test worker] DEBUG com.github.dockerjava.zerodep.shaded.org.apache.hc.client5.http.wire - http-outgoing-2 >> "[\r][\n]"
22:07:07.999 [Test worker] DEBUG com.github.dockerjava.zerodep.shaded.org.apache.hc.client5.http.wire - http-outgoing-2 << "HTTP/1.1 200 OK[\r][\n]"
22:07:07.999 [Test worker] DEBUG com.github.dockerjava.zerodep.shaded.org.apache.hc.client5.http.wire - http-outgoing-2 << "Api-Version: 1.41[\r][\n]"
22:07:07.999 [Test worker] DEBUG com.github.dockerjava.zerodep.shaded.org.apache.hc.client5.http.wire - http-outgoing-2 << "Content-Type: application/json[\r][\n]"
22:07:07.999 [Test worker] DEBUG com.github.dockerjava.zerodep.shaded.org.apache.hc.client5.http.wire - http-outgoing-2 << "Date: Mon, 03 Apr 2023 01:07:08 GMT[\r][\n]"
22:07:07.999 [Test worker] DEBUG com.github.dockerjava.zerodep.shaded.org.apache.hc.client5.http.wire - http-outgoing-2 << "Docker-Experimental: false[\r][\n]"
22:07:07.999 [Test worker] DEBUG com.github.dockerjava.zerodep.shaded.org.apache.hc.client5.http.wire - http-outgoing-2 << "Ostype: linux[\r][\n]"
22:07:07.999 [Test worker] DEBUG com.github.dockerjava.zerodep.shaded.org.apache.hc.client5.http.wire - http-outgoing-2 << "Server: Docker/20.10.21 (linux)[\r][\n]"
22:07:07.999 [Test worker] DEBUG com.github.dockerjava.zerodep.shaded.org.apache.hc.client5.http.wire - http-outgoing-2 << "Transfer-Encoding: chunked[\r][\n]"
22:07:07.999 [Test worker] DEBUG com.github.dockerjava.zerodep.shaded.org.apache.hc.client5.http.wire - http-outgoing-2 << "[\r][\n]"
22:07:07.999 [Test worker] DEBUG com.github.dockerjava.zerodep.shaded.org.apache.hc.client5.http.headers - http-outgoing-2 << HTTP/1.1 200 OK
22:07:07.999 [Test worker] DEBUG com.github.dockerjava.zerodep.shaded.org.apache.hc.client5.http.headers - http-outgoing-2 << Api-Version: 1.41
22:07:07.999 [Test worker] DEBUG com.github.dockerjava.zerodep.shaded.org.apache.hc.client5.http.headers - http-outgoing-2 << Content-Type: application/json
22:07:07.999 [Test worker] DEBUG com.github.dockerjava.zerodep.shaded.org.apache.hc.client5.http.headers - http-outgoing-2 << Date: Mon, 03 Apr 2023 01:07:08 GMT
22:07:07.999 [Test worker] DEBUG com.github.dockerjava.zerodep.shaded.org.apache.hc.client5.http.headers - http-outgoing-2 << Docker-Experimental: false
22:07:07.999 [Test worker] DEBUG com.github.dockerjava.zerodep.shaded.org.apache.hc.client5.http.headers - http-outgoing-2 << Ostype: linux
22:07:07.999 [Test worker] DEBUG com.github.dockerjava.zerodep.shaded.org.apache.hc.client5.http.headers - http-outgoing-2 << Server: Docker/20.10.21 (linux)
22:07:07.999 [Test worker] DEBUG com.github.dockerjava.zerodep.shaded.org.apache.hc.client5.http.headers - http-outgoing-2 << Transfer-Encoding: chunked
22:07:08.000 [Test worker] DEBUG com.github.dockerjava.zerodep.shaded.org.apache.hc.client5.http.impl.classic.MainClientExec - ex-0000002B: connection can be kept alive for 3 MINUTES
22:07:08.000 [Test worker] DEBUG com.github.dockerjava.zerodep.shaded.org.apache.hc.client5.http.wire - http-outgoing-2 << "18c0[\r][\n]"
22:07:08.000 [Test worker] DEBUG com.github.dockerjava.zerodep.shaded.org.apache.hc.client5.http.wire - http-outgoing-2 << "{"Id":"511b2d736fd4c4da08b79110fd21fdaa756368e4971eb130f8114450b3efc085","Created":"2023-04-03T01:07:04.201309337Z","Path":"docker-entrypoint.sh","Args":["mysqld"],"State":{"Status":"running","Running":true,"Paused":false,"Restarting":false,"OOMKilled":false,"Dead":false,"Pid":2724,"ExitCode":0,"Error":"","StartedAt":"2023-04-03T01:07:04.498400921Z","FinishedAt":"0001-01-01T00:00:00Z"},"Image":"sha256:c7c54c29e20dccc1aefb936c8eba8bb8b98b87a4921102aba87fde2df5810af9","ResolvConfPath":"/var/lib/docker/containers/511b2d736fd4c4da08b79110fd21fdaa756368e4971eb130f8114450b3efc085/resolv.conf","HostnamePath":"/var/lib/docker/containers/511b2d736fd4c4da08b79110fd21fdaa756368e4971eb130f8114450b3efc085/hostname","HostsPath":"/var/lib/docker/containers/511b2d736fd4c4da08b79110fd21fdaa756368e4971eb130f8114450b3efc085/hosts","LogPath":"/var/lib/docker/containers/511b2d736fd4c4da08b79110fd21fdaa756368e4971eb130f8114450b3efc085/511b2d736fd4c4da08b79110fd21fdaa756368e4971eb130f8114450b3efc085-json.log","Name":"/elastic_easley","RestartCount":0,"Driver":"overlay2","Platform":"linux","MountLabel":"","ProcessLabel":"","AppArmorProfile":"","ExecIDs":null,"HostConfig":{"Binds":[],"ContainerIDFile":"","LogConfig":{"Type":"json-file","Config":{}},"NetworkMode":"default","PortBindings":{"3306/tcp":[{"HostIp":"0.0.0.0","HostPort":"0"}]},"RestartPolicy":{"Name":"","MaximumRetryCount":0},"AutoRemove":false,"VolumeDriver":"","VolumesFrom":[],"CapAdd":null,"CapDrop":null,"CgroupnsMode":"private","Dns":null,"DnsOptions":null,"DnsSearch":null,"ExtraHosts":[],"GroupAdd":null,"IpcMode":"shareable","Cgroup":"","Links":null,"OomScoreAdj":0,"PidMode":"","Privileged":false,"PublishAllPorts":false,"ReadonlyRootfs":false,"SecurityOpt":null,"UTSMode":"","UsernsMode":"","ShmSize":67108864,"Runtime":"runc","ConsoleSize":[0,0],"Isolation":"","CpuShares":0,"Memory":0,"NanoCpus":0,"CgroupParent":"","BlkioWeight":0,"BlkioWeightDevice":null,"BlkioDeviceReadBps":null,"BlkioDeviceWriteBps":null,"BlkioDeviceReadIOps":null,"BlkioDeviceWriteIOps":null,"CpuPeriod":0,"CpuQuota":0,"CpuRealtimePeriod":0,"CpuRealtimeRuntime":0,"CpusetCpus":"","CpusetMems":"","Devices":null,"DeviceCgroupRules":null,"DeviceRequests":null,"KernelMemory":0,"KernelMemoryTCP":0,"MemoryReservation":0,"MemorySwap":0,"MemorySwappiness":null,"OomKillDisable":null,"PidsLimit":null,"Ulimits":null,"CpuCount":0,"CpuPercent":0,"IOMaximumIOps":0,"IOMaximumBandwidth":0,"MaskedPaths":["/proc/asound","/proc/acpi","/proc/kcore","/proc/keys","/proc/latency_stats","/proc/timer_list","/proc/timer_stats","/proc/sched_debug","/proc/scsi","/sys/firmware"],"ReadonlyPaths":["/proc/bus","/proc/fs","/proc/irq","/proc/sys","/proc/sysrq-trigger"]},"GraphDriver":{"Data":{"LowerDir":"/var/lib/docker/overlay2/5ada145d0e3939fe5ed2118eea99b9f10241aeee200293145c73dce66470a568-init/diff:/var/lib/docker/overlay2/1bd8849d7a296305617011f940aa5cfabbe972a513397b1b6bbc27639b6c1f30/diff:/var/lib/docker/overlay2/199d69b2fbf78af4d4c95dec4fd2f8835ab0347eb49fb20ebb2ff3b99fedd6ad/diff:/var/lib/docker/overlay2/d83c38d654989311f75b9491329846033bfb7714de76ef635380dcfad5c740d9/diff:/var/lib/docker/overlay2/08600d0aea2ab2728bebcf5d2589c640a842f53d1ba3c4a4adccb4d03b923cf6/diff:/var/lib/docker/overlay2/9ec7c63a3fb14d13ac788bbf5e282ca821edc41260b79944e5e631037d13ecda/diff:/var/lib/docker/overlay2/db601d7a1b4ea6da638db620462f0da96fa55c559d02269c9ddb09027936ed87/diff:/var/lib/docker/overlay2/a6d2bd03f942e2565f21e74cfe152c7ec836a1c2b583f0790c685b92bdcfda24/diff:/var/lib/docker/overlay2/9badd16ea2c5e2bf1fde8b579683e41137dfc46ed5449234149f199a6751cc84/diff:/var/lib/docker/overlay2/6efb85646ed12e2d1181ef4cc6f6f6732c00c15a4035fe17ebc4f075ca573c30/diff:/var/lib/docker/overlay2/895d7c0ec09144d6ed33936f4e98e11c18010f7abd708cae1ce43aec7a7f2621/diff:/var/lib/docker/overlay2/1c4ba77aa573ab6e5e5069fd15eae71b3da940bde0f97a922a227ffc8a1d1096/diff","MergedDir":"/var/lib/docker/overlay2/5ada145d0e3939fe5ed2118eea99b9f10241aeee200293145c73dce66470a568/merged","UpperDir":"/var/lib/docker/overlay2/5ada145d0e3939fe5ed2118eea99b9f10241aeee200293145c73dce66470a568/diff","WorkDir":"/var/lib/docker/overlay2/5ada145d0e3939fe5ed2118eea99b9f10241aeee200293145c73dce66470a568/work"},"Name":"overlay2"},"Mounts":[{"Type":"volume","Name":"ac6dcf572a35a68e3a3a5bdf3d1899d89919b8e0b6d7a1beb9c6b19978c4e863","Source":"/var/lib/docker/volumes/ac6dcf572a35a68e3a3a5bdf3d1899d89919b8e0b6d7a1beb9c6b19978c4e863/_data","Destination":"/var/lib/mysql","Driver":"local","Mode":"","RW":true,"Propagation":""}],"Config":{"Hostname":"511b2d736fd4","Domainname":"","User":"","AttachStdin":false,"AttachStdout":false,"AttachStderr":false,"ExposedPorts":{"3306/tcp":{},"33060/tcp":{}},"Tty":false,"OpenStdin":false,"StdinOnce":false,"Env":["MYSQL_DATABASE=adm_videos","MYSQL_PASSWORD=123456","MYSQL_ROOT_PASSWORD=123456","PATH=/usr/local/sbin:/usr/local/bin:/usr/sbin:/usr/bin:/sbin:/bin","GOSU_VERSION=1.16","MYSQL_MAJOR=8.0","MYSQL_VERSION=8.0.32-1.el8","MYSQL_SHELL_VERSION=8.0.32-1.el8"],"Cmd":["mysqld"],"Image":"mysql:latest","Volumes":{"/var/lib/mysql":{}},"WorkingDir":"","Entrypoint":["docker-entrypoint.sh"],"OnBuild":null,"Labels":{"org.testcontainers":"true","org.testcontainers.lang":"java","org.testcontainers.sessionId":"c721e8e0-dbbd-4305-a748-6be2465f786d","org.testcontainers.version":"1.17.6"}},"NetworkSettings":{"Bridge":"","SandboxID":"23a51dba07b22c8536581cd39611755923749e16a93a45ce75c5c8a4a7759981","HairpinMode":false,"LinkLocalIPv6Address":"","LinkLocalIPv6PrefixLen":0,"Ports":{"3306/tcp":[{"HostIp":"0.0.0.0","HostPort":"50897"}],"33060/tcp":null},"SandboxKey":"/var/run/docker/netns/23a51dba07b2","SecondaryIPAddresses":null,"SecondaryIPv6Addresses":null,"EndpointID":"692f30c6e93a1486104b6273bdc38b1f926e45528d0b3ff49b5fe2d91ed6b329","Gateway":"172.17.0.1","GlobalIPv6Address":"","GlobalIPv6PrefixLen":0,"IPAddress":"172.17.0.3","IPPrefixLen":16,"IPv6Gateway":"","MacAddress":"02:42:ac:11:00:03","Networks":{"bridge":{"IPAMConfig":null,"Links":null,"Aliases":null,"NetworkID":"eba6fdf7ebe51912c859fc2dc83d1407a50db03ea3c296d90f885e8af84b6e93","EndpointID":"692f30c6e93a1486104b6273bdc38b1f926e45528d0b3ff49b5fe2d91ed6b329","Gateway":"172.17.0.1","IPAddress":"172.17.0.3","IPPrefixLen":16,"IPv6Gateway":"","GlobalIPv6Address":"","GlobalIPv6PrefixLen":0,"MacAddress":"02:42:ac:11:00:03","DriverOpts":null}}}}[\n]"
22:07:08.000 [Test worker] DEBUG com.github.dockerjava.zerodep.shaded.org.apache.hc.client5.http.wire - http-outgoing-2 << "[\r][\n]"
22:07:08.001 [Test worker] DEBUG com.github.dockerjava.zerodep.shaded.org.apache.hc.client5.http.wire - http-outgoing-2 << "0[\r][\n]"
22:07:08.001 [Test worker] DEBUG com.github.dockerjava.zerodep.shaded.org.apache.hc.client5.http.wire - http-outgoing-2 << "[\r][\n]"
22:07:08.001 [Test worker] DEBUG com.github.dockerjava.zerodep.shaded.org.apache.hc.client5.http.impl.classic.InternalHttpClient - ep-0000002A: releasing valid endpoint
22:07:08.001 [Test worker] DEBUG com.github.dockerjava.zerodep.shaded.org.apache.hc.client5.http.impl.io.PoolingHttpClientConnectionManager - ep-0000002A: releasing endpoint
22:07:08.002 [Test worker] DEBUG com.github.dockerjava.zerodep.shaded.org.apache.hc.client5.http.impl.io.PoolingHttpClientConnectionManager - ep-0000002A: connection http-outgoing-2 can be kept alive for 3 MINUTES
22:07:08.002 [Test worker] DEBUG com.github.dockerjava.zerodep.shaded.org.apache.hc.client5.http.impl.io.PoolingHttpClientConnectionManager - ep-0000002A: connection released [route: {}->unix://localhost:2375][total available: 1; route allocated: 1 of 2147483647; total allocated: 1 of 2147483647]
22:07:08.002 [Test worker] DEBUG ]]>&#x1f433;<![CDATA[ [mysql:latest] - Trying to create JDBC connection using com.mysql.cj.jdbc.Driver to jdbc:mysql://localhost:50897/adm_videos?useSSL=false&allowPublicKeyRetrieval=true with properties: {password=123456, user=root}
22:07:08.106 [Test worker] DEBUG org.testcontainers.shaded.com.github.dockerjava.core.command.AbstrDockerCmd - Cmd: 511b2d736fd4c4da08b79110fd21fdaa756368e4971eb130f8114450b3efc085,false
22:07:08.107 [Test worker] DEBUG org.testcontainers.shaded.com.github.dockerjava.core.exec.InspectContainerCmdExec - GET: DefaultWebTarget{path=[/containers/511b2d736fd4c4da08b79110fd21fdaa756368e4971eb130f8114450b3efc085/json], queryParams={}}
22:07:08.107 [Test worker] DEBUG com.github.dockerjava.zerodep.shaded.org.apache.hc.client5.http.impl.classic.InternalHttpClient - ex-0000002C: preparing request execution
22:07:08.107 [Test worker] DEBUG com.github.dockerjava.zerodep.shaded.org.apache.hc.client5.http.protocol.RequestAddCookies - Cookie spec selected: strict
22:07:08.107 [Test worker] DEBUG com.github.dockerjava.zerodep.shaded.org.apache.hc.client5.http.protocol.RequestAuthCache - Auth cache not set in the context
22:07:08.107 [Test worker] DEBUG com.github.dockerjava.zerodep.shaded.org.apache.hc.client5.http.impl.classic.ProtocolExec - ex-0000002C: target auth state: UNCHALLENGED
22:07:08.107 [Test worker] DEBUG com.github.dockerjava.zerodep.shaded.org.apache.hc.client5.http.impl.classic.ProtocolExec - ex-0000002C: proxy auth state: UNCHALLENGED
22:07:08.107 [Test worker] DEBUG com.github.dockerjava.zerodep.shaded.org.apache.hc.client5.http.impl.classic.ConnectExec - ex-0000002C: acquiring connection with route {}->unix://localhost:2375
22:07:08.107 [Test worker] DEBUG com.github.dockerjava.zerodep.shaded.org.apache.hc.client5.http.impl.classic.InternalHttpClient - ex-0000002C: acquiring endpoint (3 MINUTES)
22:07:08.107 [Test worker] DEBUG com.github.dockerjava.zerodep.shaded.org.apache.hc.client5.http.impl.io.PoolingHttpClientConnectionManager - ex-0000002C: endpoint lease request (3 MINUTES) [route: {}->unix://localhost:2375][total available: 1; route allocated: 1 of 2147483647; total allocated: 1 of 2147483647]
22:07:08.107 [Test worker] DEBUG com.github.dockerjava.zerodep.shaded.org.apache.hc.client5.http.impl.io.PoolingHttpClientConnectionManager - ex-0000002C: endpoint leased [route: {}->unix://localhost:2375][total available: 0; route allocated: 1 of 2147483647; total allocated: 1 of 2147483647]
22:07:08.108 [Test worker] DEBUG com.github.dockerjava.zerodep.shaded.org.apache.hc.client5.http.impl.io.PoolingHttpClientConnectionManager - ex-0000002C: acquired ep-0000002B
22:07:08.108 [Test worker] DEBUG com.github.dockerjava.zerodep.shaded.org.apache.hc.client5.http.impl.classic.InternalHttpClient - ex-0000002C: acquired endpoint ep-0000002B
22:07:08.108 [Test worker] DEBUG com.github.dockerjava.zerodep.shaded.org.apache.hc.client5.http.impl.classic.MainClientExec - ex-0000002C: executing GET /v1.32/containers/511b2d736fd4c4da08b79110fd21fdaa756368e4971eb130f8114450b3efc085/json HTTP/1.1
22:07:08.108 [Test worker] DEBUG com.github.dockerjava.zerodep.shaded.org.apache.hc.client5.http.impl.classic.InternalHttpClient - ep-0000002B: start execution ex-0000002C
22:07:08.108 [Test worker] DEBUG com.github.dockerjava.zerodep.shaded.org.apache.hc.client5.http.impl.io.PoolingHttpClientConnectionManager - ep-0000002B: executing exchange ex-0000002C over http-outgoing-2
22:07:08.108 [Test worker] DEBUG com.github.dockerjava.zerodep.shaded.org.apache.hc.client5.http.headers - http-outgoing-2 >> GET /v1.32/containers/511b2d736fd4c4da08b79110fd21fdaa756368e4971eb130f8114450b3efc085/json HTTP/1.1
22:07:08.108 [Test worker] DEBUG com.github.dockerjava.zerodep.shaded.org.apache.hc.client5.http.headers - http-outgoing-2 >> accept: application/json
22:07:08.108 [Test worker] DEBUG com.github.dockerjava.zerodep.shaded.org.apache.hc.client5.http.headers - http-outgoing-2 >> x-tc-sid: c721e8e0-dbbd-4305-a748-6be2465f786d
22:07:08.108 [Test worker] DEBUG com.github.dockerjava.zerodep.shaded.org.apache.hc.client5.http.headers - http-outgoing-2 >> Accept-Encoding: gzip, x-gzip, deflate
22:07:08.108 [Test worker] DEBUG com.github.dockerjava.zerodep.shaded.org.apache.hc.client5.http.headers - http-outgoing-2 >> Host: localhost:2375
22:07:08.108 [Test worker] DEBUG com.github.dockerjava.zerodep.shaded.org.apache.hc.client5.http.headers - http-outgoing-2 >> Connection: keep-alive
22:07:08.108 [Test worker] DEBUG com.github.dockerjava.zerodep.shaded.org.apache.hc.client5.http.headers - http-outgoing-2 >> User-Agent: Apache-HttpClient/5.0.3 (Java/17.0.2)
22:07:08.108 [Test worker] DEBUG com.github.dockerjava.zerodep.shaded.org.apache.hc.client5.http.wire - http-outgoing-2 >> "GET /v1.32/containers/511b2d736fd4c4da08b79110fd21fdaa756368e4971eb130f8114450b3efc085/json HTTP/1.1[\r][\n]"
22:07:08.108 [Test worker] DEBUG com.github.dockerjava.zerodep.shaded.org.apache.hc.client5.http.wire - http-outgoing-2 >> "accept: application/json[\r][\n]"
22:07:08.108 [Test worker] DEBUG com.github.dockerjava.zerodep.shaded.org.apache.hc.client5.http.wire - http-outgoing-2 >> "x-tc-sid: c721e8e0-dbbd-4305-a748-6be2465f786d[\r][\n]"
22:07:08.108 [Test worker] DEBUG com.github.dockerjava.zerodep.shaded.org.apache.hc.client5.http.wire - http-outgoing-2 >> "Accept-Encoding: gzip, x-gzip, deflate[\r][\n]"
22:07:08.108 [Test worker] DEBUG com.github.dockerjava.zerodep.shaded.org.apache.hc.client5.http.wire - http-outgoing-2 >> "Host: localhost:2375[\r][\n]"
22:07:08.108 [Test worker] DEBUG com.github.dockerjava.zerodep.shaded.org.apache.hc.client5.http.wire - http-outgoing-2 >> "Connection: keep-alive[\r][\n]"
22:07:08.108 [Test worker] DEBUG com.github.dockerjava.zerodep.shaded.org.apache.hc.client5.http.wire - http-outgoing-2 >> "User-Agent: Apache-HttpClient/5.0.3 (Java/17.0.2)[\r][\n]"
22:07:08.108 [Test worker] DEBUG com.github.dockerjava.zerodep.shaded.org.apache.hc.client5.http.wire - http-outgoing-2 >> "[\r][\n]"
22:07:08.109 [Test worker] DEBUG com.github.dockerjava.zerodep.shaded.org.apache.hc.client5.http.wire - http-outgoing-2 << "HTTP/1.1 200 OK[\r][\n]"
22:07:08.110 [Test worker] DEBUG com.github.dockerjava.zerodep.shaded.org.apache.hc.client5.http.wire - http-outgoing-2 << "Api-Version: 1.41[\r][\n]"
22:07:08.110 [Test worker] DEBUG com.github.dockerjava.zerodep.shaded.org.apache.hc.client5.http.wire - http-outgoing-2 << "Content-Type: application/json[\r][\n]"
22:07:08.110 [Test worker] DEBUG com.github.dockerjava.zerodep.shaded.org.apache.hc.client5.http.wire - http-outgoing-2 << "Date: Mon, 03 Apr 2023 01:07:08 GMT[\r][\n]"
22:07:08.110 [Test worker] DEBUG com.github.dockerjava.zerodep.shaded.org.apache.hc.client5.http.wire - http-outgoing-2 << "Docker-Experimental: false[\r][\n]"
22:07:08.110 [Test worker] DEBUG com.github.dockerjava.zerodep.shaded.org.apache.hc.client5.http.wire - http-outgoing-2 << "Ostype: linux[\r][\n]"
22:07:08.110 [Test worker] DEBUG com.github.dockerjava.zerodep.shaded.org.apache.hc.client5.http.wire - http-outgoing-2 << "Server: Docker/20.10.21 (linux)[\r][\n]"
22:07:08.110 [Test worker] DEBUG com.github.dockerjava.zerodep.shaded.org.apache.hc.client5.http.wire - http-outgoing-2 << "Transfer-Encoding: chunked[\r][\n]"
22:07:08.110 [Test worker] DEBUG com.github.dockerjava.zerodep.shaded.org.apache.hc.client5.http.wire - http-outgoing-2 << "[\r][\n]"
22:07:08.110 [Test worker] DEBUG com.github.dockerjava.zerodep.shaded.org.apache.hc.client5.http.headers - http-outgoing-2 << HTTP/1.1 200 OK
22:07:08.110 [Test worker] DEBUG com.github.dockerjava.zerodep.shaded.org.apache.hc.client5.http.headers - http-outgoing-2 << Api-Version: 1.41
22:07:08.110 [Test worker] DEBUG com.github.dockerjava.zerodep.shaded.org.apache.hc.client5.http.headers - http-outgoing-2 << Content-Type: application/json
22:07:08.110 [Test worker] DEBUG com.github.dockerjava.zerodep.shaded.org.apache.hc.client5.http.headers - http-outgoing-2 << Date: Mon, 03 Apr 2023 01:07:08 GMT
22:07:08.110 [Test worker] DEBUG com.github.dockerjava.zerodep.shaded.org.apache.hc.client5.http.headers - http-outgoing-2 << Docker-Experimental: false
22:07:08.110 [Test worker] DEBUG com.github.dockerjava.zerodep.shaded.org.apache.hc.client5.http.headers - http-outgoing-2 << Ostype: linux
22:07:08.110 [Test worker] DEBUG com.github.dockerjava.zerodep.shaded.org.apache.hc.client5.http.headers - http-outgoing-2 << Server: Docker/20.10.21 (linux)
22:07:08.110 [Test worker] DEBUG com.github.dockerjava.zerodep.shaded.org.apache.hc.client5.http.headers - http-outgoing-2 << Transfer-Encoding: chunked
22:07:08.110 [Test worker] DEBUG com.github.dockerjava.zerodep.shaded.org.apache.hc.client5.http.impl.classic.MainClientExec - ex-0000002C: connection can be kept alive for 3 MINUTES
22:07:08.110 [Test worker] DEBUG com.github.dockerjava.zerodep.shaded.org.apache.hc.client5.http.wire - http-outgoing-2 << "18c0[\r][\n]"
22:07:08.110 [Test worker] DEBUG com.github.dockerjava.zerodep.shaded.org.apache.hc.client5.http.wire - http-outgoing-2 << "{"Id":"511b2d736fd4c4da08b79110fd21fdaa756368e4971eb130f8114450b3efc085","Created":"2023-04-03T01:07:04.201309337Z","Path":"docker-entrypoint.sh","Args":["mysqld"],"State":{"Status":"running","Running":true,"Paused":false,"Restarting":false,"OOMKilled":false,"Dead":false,"Pid":2724,"ExitCode":0,"Error":"","StartedAt":"2023-04-03T01:07:04.498400921Z","FinishedAt":"0001-01-01T00:00:00Z"},"Image":"sha256:c7c54c29e20dccc1aefb936c8eba8bb8b98b87a4921102aba87fde2df5810af9","ResolvConfPath":"/var/lib/docker/containers/511b2d736fd4c4da08b79110fd21fdaa756368e4971eb130f8114450b3efc085/resolv.conf","HostnamePath":"/var/lib/docker/containers/511b2d736fd4c4da08b79110fd21fdaa756368e4971eb130f8114450b3efc085/hostname","HostsPath":"/var/lib/docker/containers/511b2d736fd4c4da08b79110fd21fdaa756368e4971eb130f8114450b3efc085/hosts","LogPath":"/var/lib/docker/containers/511b2d736fd4c4da08b79110fd21fdaa756368e4971eb130f8114450b3efc085/511b2d736fd4c4da08b79110fd21fdaa756368e4971eb130f8114450b3efc085-json.log","Name":"/elastic_easley","RestartCount":0,"Driver":"overlay2","Platform":"linux","MountLabel":"","ProcessLabel":"","AppArmorProfile":"","ExecIDs":null,"HostConfig":{"Binds":[],"ContainerIDFile":"","LogConfig":{"Type":"json-file","Config":{}},"NetworkMode":"default","PortBindings":{"3306/tcp":[{"HostIp":"0.0.0.0","HostPort":"0"}]},"RestartPolicy":{"Name":"","MaximumRetryCount":0},"AutoRemove":false,"VolumeDriver":"","VolumesFrom":[],"CapAdd":null,"CapDrop":null,"CgroupnsMode":"private","Dns":null,"DnsOptions":null,"DnsSearch":null,"ExtraHosts":[],"GroupAdd":null,"IpcMode":"shareable","Cgroup":"","Links":null,"OomScoreAdj":0,"PidMode":"","Privileged":false,"PublishAllPorts":false,"ReadonlyRootfs":false,"SecurityOpt":null,"UTSMode":"","UsernsMode":"","ShmSize":67108864,"Runtime":"runc","ConsoleSize":[0,0],"Isolation":"","CpuShares":0,"Memory":0,"NanoCpus":0,"CgroupParent":"","BlkioWeight":0,"BlkioWeightDevice":null,"BlkioDeviceReadBps":null,"BlkioDeviceWriteBps":null,"BlkioDeviceReadIOps":null,"BlkioDeviceWriteIOps":null,"CpuPeriod":0,"CpuQuota":0,"CpuRealtimePeriod":0,"CpuRealtimeRuntime":0,"CpusetCpus":"","CpusetMems":"","Devices":null,"DeviceCgroupRules":null,"DeviceRequests":null,"KernelMemory":0,"KernelMemoryTCP":0,"MemoryReservation":0,"MemorySwap":0,"MemorySwappiness":null,"OomKillDisable":null,"PidsLimit":null,"Ulimits":null,"CpuCount":0,"CpuPercent":0,"IOMaximumIOps":0,"IOMaximumBandwidth":0,"MaskedPaths":["/proc/asound","/proc/acpi","/proc/kcore","/proc/keys","/proc/latency_stats","/proc/timer_list","/proc/timer_stats","/proc/sched_debug","/proc/scsi","/sys/firmware"],"ReadonlyPaths":["/proc/bus","/proc/fs","/proc/irq","/proc/sys","/proc/sysrq-trigger"]},"GraphDriver":{"Data":{"LowerDir":"/var/lib/docker/overlay2/5ada145d0e3939fe5ed2118eea99b9f10241aeee200293145c73dce66470a568-init/diff:/var/lib/docker/overlay2/1bd8849d7a296305617011f940aa5cfabbe972a513397b1b6bbc27639b6c1f30/diff:/var/lib/docker/overlay2/199d69b2fbf78af4d4c95dec4fd2f8835ab0347eb49fb20ebb2ff3b99fedd6ad/diff:/var/lib/docker/overlay2/d83c38d654989311f75b9491329846033bfb7714de76ef635380dcfad5c740d9/diff:/var/lib/docker/overlay2/08600d0aea2ab2728bebcf5d2589c640a842f53d1ba3c4a4adccb4d03b923cf6/diff:/var/lib/docker/overlay2/9ec7c63a3fb14d13ac788bbf5e282ca821edc41260b79944e5e631037d13ecda/diff:/var/lib/docker/overlay2/db601d7a1b4ea6da638db620462f0da96fa55c559d02269c9ddb09027936ed87/diff:/var/lib/docker/overlay2/a6d2bd03f942e2565f21e74cfe152c7ec836a1c2b583f0790c685b92bdcfda24/diff:/var/lib/docker/overlay2/9badd16ea2c5e2bf1fde8b579683e41137dfc46ed5449234149f199a6751cc84/diff:/var/lib/docker/overlay2/6efb85646ed12e2d1181ef4cc6f6f6732c00c15a4035fe17ebc4f075ca573c30/diff:/var/lib/docker/overlay2/895d7c0ec09144d6ed33936f4e98e11c18010f7abd708cae1ce43aec7a7f2621/diff:/var/lib/docker/overlay2/1c4ba77aa573ab6e5e5069fd15eae71b3da940bde0f97a922a227ffc8a1d1096/diff","MergedDir":"/var/lib/docker/overlay2/5ada145d0e3939fe5ed2118eea99b9f10241aeee200293145c73dce66470a568/merged","UpperDir":"/var/lib/docker/overlay2/5ada145d0e3939fe5ed2118eea99b9f10241aeee200293145c73dce66470a568/diff","WorkDir":"/var/lib/docker/overlay2/5ada145d0e3939fe5ed2118eea99b9f10241aeee200293145c73dce66470a568/work"},"Name":"overlay2"},"Mounts":[{"Type":"volume","Name":"ac6dcf572a35a68e3a3a5bdf3d1899d89919b8e0b6d7a1beb9c6b19978c4e863","Source":"/var/lib/docker/volumes/ac6dcf572a35a68e3a3a5bdf3d1899d89919b8e0b6d7a1beb9c6b19978c4e863/_data","Destination":"/var/lib/mysql","Driver":"local","Mode":"","RW":true,"Propagation":""}],"Config":{"Hostname":"511b2d736fd4","Domainname":"","User":"","AttachStdin":false,"AttachStdout":false,"AttachStderr":false,"ExposedPorts":{"3306/tcp":{},"33060/tcp":{}},"Tty":false,"OpenStdin":false,"StdinOnce":false,"Env":["MYSQL_DATABASE=adm_videos","MYSQL_PASSWORD=123456","MYSQL_ROOT_PASSWORD=123456","PATH=/usr/local/sbin:/usr/local/bin:/usr/sbin:/usr/bin:/sbin:/bin","GOSU_VERSION=1.16","MYSQL_MAJOR=8.0","MYSQL_VERSION=8.0.32-1.el8","MYSQL_SHELL_VERSION=8.0.32-1.el8"],"Cmd":["mysqld"],"Image":"mysql:latest","Volumes":{"/var/lib/mysql":{}},"WorkingDir":"","Entrypoint":["docker-entrypoint.sh"],"OnBuild":null,"Labels":{"org.testcontainers":"true","org.testcontainers.lang":"java","org.testcontainers.sessionId":"c721e8e0-dbbd-4305-a748-6be2465f786d","org.testcontainers.version":"1.17.6"}},"NetworkSettings":{"Bridge":"","SandboxID":"23a51dba07b22c8536581cd39611755923749e16a93a45ce75c5c8a4a7759981","HairpinMode":false,"LinkLocalIPv6Address":"","LinkLocalIPv6PrefixLen":0,"Ports":{"3306/tcp":[{"HostIp":"0.0.0.0","HostPort":"50897"}],"33060/tcp":null},"SandboxKey":"/var/run/docker/netns/23a51dba07b2","SecondaryIPAddresses":null,"SecondaryIPv6Addresses":null,"EndpointID":"692f30c6e93a1486104b6273bdc38b1f926e45528d0b3ff49b5fe2d91ed6b329","Gateway":"172.17.0.1","GlobalIPv6Address":"","GlobalIPv6PrefixLen":0,"IPAddress":"172.17.0.3","IPPrefixLen":16,"IPv6Gateway":"","MacAddress":"02:42:ac:11:00:03","Networks":{"bridge":{"IPAMConfig":null,"Links":null,"Aliases":null,"NetworkID":"eba6fdf7ebe51912c859fc2dc83d1407a50db03ea3c296d90f885e8af84b6e93","EndpointID":"692f30c6e93a1486104b6273bdc38b1f926e45528d0b3ff49b5fe2d91ed6b329","Gateway":"172.17.0.1","IPAddress":"172.17.0.3","IPPrefixLen":16,"IPv6Gateway":"","GlobalIPv6Address":"","GlobalIPv6PrefixLen":0,"MacAddress":"02:42:ac:11:00:03","DriverOpts":null}}}}[\n]"
22:07:08.110 [Test worker] DEBUG com.github.dockerjava.zerodep.shaded.org.apache.hc.client5.http.wire - http-outgoing-2 << "[\r][\n]"
22:07:08.111 [Test worker] DEBUG com.github.dockerjava.zerodep.shaded.org.apache.hc.client5.http.wire - http-outgoing-2 << "0[\r][\n]"
22:07:08.111 [Test worker] DEBUG com.github.dockerjava.zerodep.shaded.org.apache.hc.client5.http.wire - http-outgoing-2 << "[\r][\n]"
22:07:08.111 [Test worker] DEBUG com.github.dockerjava.zerodep.shaded.org.apache.hc.client5.http.impl.classic.InternalHttpClient - ep-0000002B: releasing valid endpoint
22:07:08.111 [Test worker] DEBUG com.github.dockerjava.zerodep.shaded.org.apache.hc.client5.http.impl.io.PoolingHttpClientConnectionManager - ep-0000002B: releasing endpoint
22:07:08.111 [Test worker] DEBUG com.github.dockerjava.zerodep.shaded.org.apache.hc.client5.http.impl.io.PoolingHttpClientConnectionManager - ep-0000002B: connection http-outgoing-2 can be kept alive for 3 MINUTES
22:07:08.111 [Test worker] DEBUG com.github.dockerjava.zerodep.shaded.org.apache.hc.client5.http.impl.io.PoolingHttpClientConnectionManager - ep-0000002B: connection released [route: {}->unix://localhost:2375][total available: 1; route allocated: 1 of 2147483647; total allocated: 1 of 2147483647]
22:07:08.112 [Test worker] DEBUG ]]>&#x1f433;<![CDATA[ [mysql:latest] - Trying to create JDBC connection using com.mysql.cj.jdbc.Driver to jdbc:mysql://localhost:50897/adm_videos?useSSL=false&allowPublicKeyRetrieval=true with properties: {password=123456, user=root}
22:07:08.215 [Test worker] DEBUG org.testcontainers.shaded.com.github.dockerjava.core.command.AbstrDockerCmd - Cmd: 511b2d736fd4c4da08b79110fd21fdaa756368e4971eb130f8114450b3efc085,false
22:07:08.216 [Test worker] DEBUG org.testcontainers.shaded.com.github.dockerjava.core.exec.InspectContainerCmdExec - GET: DefaultWebTarget{path=[/containers/511b2d736fd4c4da08b79110fd21fdaa756368e4971eb130f8114450b3efc085/json], queryParams={}}
22:07:08.216 [Test worker] DEBUG com.github.dockerjava.zerodep.shaded.org.apache.hc.client5.http.impl.classic.InternalHttpClient - ex-0000002D: preparing request execution
22:07:08.216 [Test worker] DEBUG com.github.dockerjava.zerodep.shaded.org.apache.hc.client5.http.protocol.RequestAddCookies - Cookie spec selected: strict
22:07:08.216 [Test worker] DEBUG com.github.dockerjava.zerodep.shaded.org.apache.hc.client5.http.protocol.RequestAuthCache - Auth cache not set in the context
22:07:08.216 [Test worker] DEBUG com.github.dockerjava.zerodep.shaded.org.apache.hc.client5.http.impl.classic.ProtocolExec - ex-0000002D: target auth state: UNCHALLENGED
22:07:08.216 [Test worker] DEBUG com.github.dockerjava.zerodep.shaded.org.apache.hc.client5.http.impl.classic.ProtocolExec - ex-0000002D: proxy auth state: UNCHALLENGED
22:07:08.216 [Test worker] DEBUG com.github.dockerjava.zerodep.shaded.org.apache.hc.client5.http.impl.classic.ConnectExec - ex-0000002D: acquiring connection with route {}->unix://localhost:2375
22:07:08.216 [Test worker] DEBUG com.github.dockerjava.zerodep.shaded.org.apache.hc.client5.http.impl.classic.InternalHttpClient - ex-0000002D: acquiring endpoint (3 MINUTES)
22:07:08.216 [Test worker] DEBUG com.github.dockerjava.zerodep.shaded.org.apache.hc.client5.http.impl.io.PoolingHttpClientConnectionManager - ex-0000002D: endpoint lease request (3 MINUTES) [route: {}->unix://localhost:2375][total available: 1; route allocated: 1 of 2147483647; total allocated: 1 of 2147483647]
22:07:08.216 [Test worker] DEBUG com.github.dockerjava.zerodep.shaded.org.apache.hc.client5.http.impl.io.PoolingHttpClientConnectionManager - ex-0000002D: endpoint leased [route: {}->unix://localhost:2375][total available: 0; route allocated: 1 of 2147483647; total allocated: 1 of 2147483647]
22:07:08.216 [Test worker] DEBUG com.github.dockerjava.zerodep.shaded.org.apache.hc.client5.http.impl.io.PoolingHttpClientConnectionManager - ex-0000002D: acquired ep-0000002C
22:07:08.216 [Test worker] DEBUG com.github.dockerjava.zerodep.shaded.org.apache.hc.client5.http.impl.classic.InternalHttpClient - ex-0000002D: acquired endpoint ep-0000002C
22:07:08.216 [Test worker] DEBUG com.github.dockerjava.zerodep.shaded.org.apache.hc.client5.http.impl.classic.MainClientExec - ex-0000002D: executing GET /v1.32/containers/511b2d736fd4c4da08b79110fd21fdaa756368e4971eb130f8114450b3efc085/json HTTP/1.1
22:07:08.216 [Test worker] DEBUG com.github.dockerjava.zerodep.shaded.org.apache.hc.client5.http.impl.classic.InternalHttpClient - ep-0000002C: start execution ex-0000002D
22:07:08.216 [Test worker] DEBUG com.github.dockerjava.zerodep.shaded.org.apache.hc.client5.http.impl.io.PoolingHttpClientConnectionManager - ep-0000002C: executing exchange ex-0000002D over http-outgoing-2
22:07:08.216 [Test worker] DEBUG com.github.dockerjava.zerodep.shaded.org.apache.hc.client5.http.headers - http-outgoing-2 >> GET /v1.32/containers/511b2d736fd4c4da08b79110fd21fdaa756368e4971eb130f8114450b3efc085/json HTTP/1.1
22:07:08.216 [Test worker] DEBUG com.github.dockerjava.zerodep.shaded.org.apache.hc.client5.http.headers - http-outgoing-2 >> accept: application/json
22:07:08.216 [Test worker] DEBUG com.github.dockerjava.zerodep.shaded.org.apache.hc.client5.http.headers - http-outgoing-2 >> x-tc-sid: c721e8e0-dbbd-4305-a748-6be2465f786d
22:07:08.216 [Test worker] DEBUG com.github.dockerjava.zerodep.shaded.org.apache.hc.client5.http.headers - http-outgoing-2 >> Accept-Encoding: gzip, x-gzip, deflate
22:07:08.216 [Test worker] DEBUG com.github.dockerjava.zerodep.shaded.org.apache.hc.client5.http.headers - http-outgoing-2 >> Host: localhost:2375
22:07:08.216 [Test worker] DEBUG com.github.dockerjava.zerodep.shaded.org.apache.hc.client5.http.headers - http-outgoing-2 >> Connection: keep-alive
22:07:08.216 [Test worker] DEBUG com.github.dockerjava.zerodep.shaded.org.apache.hc.client5.http.headers - http-outgoing-2 >> User-Agent: Apache-HttpClient/5.0.3 (Java/17.0.2)
22:07:08.216 [Test worker] DEBUG com.github.dockerjava.zerodep.shaded.org.apache.hc.client5.http.wire - http-outgoing-2 >> "GET /v1.32/containers/511b2d736fd4c4da08b79110fd21fdaa756368e4971eb130f8114450b3efc085/json HTTP/1.1[\r][\n]"
22:07:08.216 [Test worker] DEBUG com.github.dockerjava.zerodep.shaded.org.apache.hc.client5.http.wire - http-outgoing-2 >> "accept: application/json[\r][\n]"
22:07:08.217 [Test worker] DEBUG com.github.dockerjava.zerodep.shaded.org.apache.hc.client5.http.wire - http-outgoing-2 >> "x-tc-sid: c721e8e0-dbbd-4305-a748-6be2465f786d[\r][\n]"
22:07:08.217 [Test worker] DEBUG com.github.dockerjava.zerodep.shaded.org.apache.hc.client5.http.wire - http-outgoing-2 >> "Accept-Encoding: gzip, x-gzip, deflate[\r][\n]"
22:07:08.217 [Test worker] DEBUG com.github.dockerjava.zerodep.shaded.org.apache.hc.client5.http.wire - http-outgoing-2 >> "Host: localhost:2375[\r][\n]"
22:07:08.217 [Test worker] DEBUG com.github.dockerjava.zerodep.shaded.org.apache.hc.client5.http.wire - http-outgoing-2 >> "Connection: keep-alive[\r][\n]"
22:07:08.217 [Test worker] DEBUG com.github.dockerjava.zerodep.shaded.org.apache.hc.client5.http.wire - http-outgoing-2 >> "User-Agent: Apache-HttpClient/5.0.3 (Java/17.0.2)[\r][\n]"
22:07:08.217 [Test worker] DEBUG com.github.dockerjava.zerodep.shaded.org.apache.hc.client5.http.wire - http-outgoing-2 >> "[\r][\n]"
22:07:08.219 [Test worker] DEBUG com.github.dockerjava.zerodep.shaded.org.apache.hc.client5.http.wire - http-outgoing-2 << "HTTP/1.1 200 OK[\r][\n]"
22:07:08.219 [Test worker] DEBUG com.github.dockerjava.zerodep.shaded.org.apache.hc.client5.http.wire - http-outgoing-2 << "Api-Version: 1.41[\r][\n]"
22:07:08.219 [Test worker] DEBUG com.github.dockerjava.zerodep.shaded.org.apache.hc.client5.http.wire - http-outgoing-2 << "Content-Type: application/json[\r][\n]"
22:07:08.219 [Test worker] DEBUG com.github.dockerjava.zerodep.shaded.org.apache.hc.client5.http.wire - http-outgoing-2 << "Date: Mon, 03 Apr 2023 01:07:08 GMT[\r][\n]"
22:07:08.219 [Test worker] DEBUG com.github.dockerjava.zerodep.shaded.org.apache.hc.client5.http.wire - http-outgoing-2 << "Docker-Experimental: false[\r][\n]"
22:07:08.219 [Test worker] DEBUG com.github.dockerjava.zerodep.shaded.org.apache.hc.client5.http.wire - http-outgoing-2 << "Ostype: linux[\r][\n]"
22:07:08.219 [Test worker] DEBUG com.github.dockerjava.zerodep.shaded.org.apache.hc.client5.http.wire - http-outgoing-2 << "Server: Docker/20.10.21 (linux)[\r][\n]"
22:07:08.219 [Test worker] DEBUG com.github.dockerjava.zerodep.shaded.org.apache.hc.client5.http.wire - http-outgoing-2 << "Transfer-Encoding: chunked[\r][\n]"
22:07:08.219 [Test worker] DEBUG com.github.dockerjava.zerodep.shaded.org.apache.hc.client5.http.wire - http-outgoing-2 << "[\r][\n]"
22:07:08.219 [Test worker] DEBUG com.github.dockerjava.zerodep.shaded.org.apache.hc.client5.http.headers - http-outgoing-2 << HTTP/1.1 200 OK
22:07:08.219 [Test worker] DEBUG com.github.dockerjava.zerodep.shaded.org.apache.hc.client5.http.headers - http-outgoing-2 << Api-Version: 1.41
22:07:08.219 [Test worker] DEBUG com.github.dockerjava.zerodep.shaded.org.apache.hc.client5.http.headers - http-outgoing-2 << Content-Type: application/json
22:07:08.219 [Test worker] DEBUG com.github.dockerjava.zerodep.shaded.org.apache.hc.client5.http.headers - http-outgoing-2 << Date: Mon, 03 Apr 2023 01:07:08 GMT
22:07:08.219 [Test worker] DEBUG com.github.dockerjava.zerodep.shaded.org.apache.hc.client5.http.headers - http-outgoing-2 << Docker-Experimental: false
22:07:08.219 [Test worker] DEBUG com.github.dockerjava.zerodep.shaded.org.apache.hc.client5.http.headers - http-outgoing-2 << Ostype: linux
22:07:08.219 [Test worker] DEBUG com.github.dockerjava.zerodep.shaded.org.apache.hc.client5.http.headers - http-outgoing-2 << Server: Docker/20.10.21 (linux)
22:07:08.219 [Test worker] DEBUG com.github.dockerjava.zerodep.shaded.org.apache.hc.client5.http.headers - http-outgoing-2 << Transfer-Encoding: chunked
22:07:08.219 [Test worker] DEBUG com.github.dockerjava.zerodep.shaded.org.apache.hc.client5.http.impl.classic.MainClientExec - ex-0000002D: connection can be kept alive for 3 MINUTES
22:07:08.219 [Test worker] DEBUG com.github.dockerjava.zerodep.shaded.org.apache.hc.client5.http.wire - http-outgoing-2 << "18c0[\r][\n]"
22:07:08.220 [Test worker] DEBUG com.github.dockerjava.zerodep.shaded.org.apache.hc.client5.http.wire - http-outgoing-2 << "{"Id":"511b2d736fd4c4da08b79110fd21fdaa756368e4971eb130f8114450b3efc085","Created":"2023-04-03T01:07:04.201309337Z","Path":"docker-entrypoint.sh","Args":["mysqld"],"State":{"Status":"running","Running":true,"Paused":false,"Restarting":false,"OOMKilled":false,"Dead":false,"Pid":2724,"ExitCode":0,"Error":"","StartedAt":"2023-04-03T01:07:04.498400921Z","FinishedAt":"0001-01-01T00:00:00Z"},"Image":"sha256:c7c54c29e20dccc1aefb936c8eba8bb8b98b87a4921102aba87fde2df5810af9","ResolvConfPath":"/var/lib/docker/containers/511b2d736fd4c4da08b79110fd21fdaa756368e4971eb130f8114450b3efc085/resolv.conf","HostnamePath":"/var/lib/docker/containers/511b2d736fd4c4da08b79110fd21fdaa756368e4971eb130f8114450b3efc085/hostname","HostsPath":"/var/lib/docker/containers/511b2d736fd4c4da08b79110fd21fdaa756368e4971eb130f8114450b3efc085/hosts","LogPath":"/var/lib/docker/containers/511b2d736fd4c4da08b79110fd21fdaa756368e4971eb130f8114450b3efc085/511b2d736fd4c4da08b79110fd21fdaa756368e4971eb130f8114450b3efc085-json.log","Name":"/elastic_easley","RestartCount":0,"Driver":"overlay2","Platform":"linux","MountLabel":"","ProcessLabel":"","AppArmorProfile":"","ExecIDs":null,"HostConfig":{"Binds":[],"ContainerIDFile":"","LogConfig":{"Type":"json-file","Config":{}},"NetworkMode":"default","PortBindings":{"3306/tcp":[{"HostIp":"0.0.0.0","HostPort":"0"}]},"RestartPolicy":{"Name":"","MaximumRetryCount":0},"AutoRemove":false,"VolumeDriver":"","VolumesFrom":[],"CapAdd":null,"CapDrop":null,"CgroupnsMode":"private","Dns":null,"DnsOptions":null,"DnsSearch":null,"ExtraHosts":[],"GroupAdd":null,"IpcMode":"shareable","Cgroup":"","Links":null,"OomScoreAdj":0,"PidMode":"","Privileged":false,"PublishAllPorts":false,"ReadonlyRootfs":false,"SecurityOpt":null,"UTSMode":"","UsernsMode":"","ShmSize":67108864,"Runtime":"runc","ConsoleSize":[0,0],"Isolation":"","CpuShares":0,"Memory":0,"NanoCpus":0,"CgroupParent":"","BlkioWeight":0,"BlkioWeightDevice":null,"BlkioDeviceReadBps":null,"BlkioDeviceWriteBps":null,"BlkioDeviceReadIOps":null,"BlkioDeviceWriteIOps":null,"CpuPeriod":0,"CpuQuota":0,"CpuRealtimePeriod":0,"CpuRealtimeRuntime":0,"CpusetCpus":"","CpusetMems":"","Devices":null,"DeviceCgroupRules":null,"DeviceRequests":null,"KernelMemory":0,"KernelMemoryTCP":0,"MemoryReservation":0,"MemorySwap":0,"MemorySwappiness":null,"OomKillDisable":null,"PidsLimit":null,"Ulimits":null,"CpuCount":0,"CpuPercent":0,"IOMaximumIOps":0,"IOMaximumBandwidth":0,"MaskedPaths":["/proc/asound","/proc/acpi","/proc/kcore","/proc/keys","/proc/latency_stats","/proc/timer_list","/proc/timer_stats","/proc/sched_debug","/proc/scsi","/sys/firmware"],"ReadonlyPaths":["/proc/bus","/proc/fs","/proc/irq","/proc/sys","/proc/sysrq-trigger"]},"GraphDriver":{"Data":{"LowerDir":"/var/lib/docker/overlay2/5ada145d0e3939fe5ed2118eea99b9f10241aeee200293145c73dce66470a568-init/diff:/var/lib/docker/overlay2/1bd8849d7a296305617011f940aa5cfabbe972a513397b1b6bbc27639b6c1f30/diff:/var/lib/docker/overlay2/199d69b2fbf78af4d4c95dec4fd2f8835ab0347eb49fb20ebb2ff3b99fedd6ad/diff:/var/lib/docker/overlay2/d83c38d654989311f75b9491329846033bfb7714de76ef635380dcfad5c740d9/diff:/var/lib/docker/overlay2/08600d0aea2ab2728bebcf5d2589c640a842f53d1ba3c4a4adccb4d03b923cf6/diff:/var/lib/docker/overlay2/9ec7c63a3fb14d13ac788bbf5e282ca821edc41260b79944e5e631037d13ecda/diff:/var/lib/docker/overlay2/db601d7a1b4ea6da638db620462f0da96fa55c559d02269c9ddb09027936ed87/diff:/var/lib/docker/overlay2/a6d2bd03f942e2565f21e74cfe152c7ec836a1c2b583f0790c685b92bdcfda24/diff:/var/lib/docker/overlay2/9badd16ea2c5e2bf1fde8b579683e41137dfc46ed5449234149f199a6751cc84/diff:/var/lib/docker/overlay2/6efb85646ed12e2d1181ef4cc6f6f6732c00c15a4035fe17ebc4f075ca573c30/diff:/var/lib/docker/overlay2/895d7c0ec09144d6ed33936f4e98e11c18010f7abd708cae1ce43aec7a7f2621/diff:/var/lib/docker/overlay2/1c4ba77aa573ab6e5e5069fd15eae71b3da940bde0f97a922a227ffc8a1d1096/diff","MergedDir":"/var/lib/docker/overlay2/5ada145d0e3939fe5ed2118eea99b9f10241aeee200293145c73dce66470a568/merged","UpperDir":"/var/lib/docker/overlay2/5ada145d0e3939fe5ed2118eea99b9f10241aeee200293145c73dce66470a568/diff","WorkDir":"/var/lib/docker/overlay2/5ada145d0e3939fe5ed2118eea99b9f10241aeee200293145c73dce66470a568/work"},"Name":"overlay2"},"Mounts":[{"Type":"volume","Name":"ac6dcf572a35a68e3a3a5bdf3d1899d89919b8e0b6d7a1beb9c6b19978c4e863","Source":"/var/lib/docker/volumes/ac6dcf572a35a68e3a3a5bdf3d1899d89919b8e0b6d7a1beb9c6b19978c4e863/_data","Destination":"/var/lib/mysql","Driver":"local","Mode":"","RW":true,"Propagation":""}],"Config":{"Hostname":"511b2d736fd4","Domainname":"","User":"","AttachStdin":false,"AttachStdout":false,"AttachStderr":false,"ExposedPorts":{"3306/tcp":{},"33060/tcp":{}},"Tty":false,"OpenStdin":false,"StdinOnce":false,"Env":["MYSQL_DATABASE=adm_videos","MYSQL_PASSWORD=123456","MYSQL_ROOT_PASSWORD=123456","PATH=/usr/local/sbin:/usr/local/bin:/usr/sbin:/usr/bin:/sbin:/bin","GOSU_VERSION=1.16","MYSQL_MAJOR=8.0","MYSQL_VERSION=8.0.32-1.el8","MYSQL_SHELL_VERSION=8.0.32-1.el8"],"Cmd":["mysqld"],"Image":"mysql:latest","Volumes":{"/var/lib/mysql":{}},"WorkingDir":"","Entrypoint":["docker-entrypoint.sh"],"OnBuild":null,"Labels":{"org.testcontainers":"true","org.testcontainers.lang":"java","org.testcontainers.sessionId":"c721e8e0-dbbd-4305-a748-6be2465f786d","org.testcontainers.version":"1.17.6"}},"NetworkSettings":{"Bridge":"","SandboxID":"23a51dba07b22c8536581cd39611755923749e16a93a45ce75c5c8a4a7759981","HairpinMode":false,"LinkLocalIPv6Address":"","LinkLocalIPv6PrefixLen":0,"Ports":{"3306/tcp":[{"HostIp":"0.0.0.0","HostPort":"50897"}],"33060/tcp":null},"SandboxKey":"/var/run/docker/netns/23a51dba07b2","SecondaryIPAddresses":null,"SecondaryIPv6Addresses":null,"EndpointID":"692f30c6e93a1486104b6273bdc38b1f926e45528d0b3ff49b5fe2d91ed6b329","Gateway":"172.17.0.1","GlobalIPv6Address":"","GlobalIPv6PrefixLen":0,"IPAddress":"172.17.0.3","IPPrefixLen":16,"IPv6Gateway":"","MacAddress":"02:42:ac:11:00:03","Networks":{"bridge":{"IPAMConfig":null,"Links":null,"Aliases":null,"NetworkID":"eba6fdf7ebe51912c859fc2dc83d1407a50db03ea3c296d90f885e8af84b6e93","EndpointID":"692f30c6e93a1486104b6273bdc38b1f926e45528d0b3ff49b5fe2d91ed6b329","Gateway":"172.17.0.1","IPAddress":"172.17.0.3","IPPrefixLen":16,"IPv6Gateway":"","GlobalIPv6Address":"","GlobalIPv6PrefixLen":0,"MacAddress":"02:42:ac:11:00:03","DriverOpts":null}}}}[\n]"
22:07:08.220 [Test worker] DEBUG com.github.dockerjava.zerodep.shaded.org.apache.hc.client5.http.wire - http-outgoing-2 << "[\r][\n]"
22:07:08.220 [Test worker] DEBUG com.github.dockerjava.zerodep.shaded.org.apache.hc.client5.http.wire - http-outgoing-2 << "0[\r][\n]"
22:07:08.220 [Test worker] DEBUG com.github.dockerjava.zerodep.shaded.org.apache.hc.client5.http.wire - http-outgoing-2 << "[\r][\n]"
22:07:08.220 [Test worker] DEBUG com.github.dockerjava.zerodep.shaded.org.apache.hc.client5.http.impl.classic.InternalHttpClient - ep-0000002C: releasing valid endpoint
22:07:08.220 [Test worker] DEBUG com.github.dockerjava.zerodep.shaded.org.apache.hc.client5.http.impl.io.PoolingHttpClientConnectionManager - ep-0000002C: releasing endpoint
22:07:08.220 [Test worker] DEBUG com.github.dockerjava.zerodep.shaded.org.apache.hc.client5.http.impl.io.PoolingHttpClientConnectionManager - ep-0000002C: connection http-outgoing-2 can be kept alive for 3 MINUTES
22:07:08.220 [Test worker] DEBUG com.github.dockerjava.zerodep.shaded.org.apache.hc.client5.http.impl.io.PoolingHttpClientConnectionManager - ep-0000002C: connection released [route: {}->unix://localhost:2375][total available: 1; route allocated: 1 of 2147483647; total allocated: 1 of 2147483647]
22:07:08.220 [Test worker] DEBUG ]]>&#x1f433;<![CDATA[ [mysql:latest] - Trying to create JDBC connection using com.mysql.cj.jdbc.Driver to jdbc:mysql://localhost:50897/adm_videos?useSSL=false&allowPublicKeyRetrieval=true with properties: {password=123456, user=root}
22:07:08.325 [Test worker] DEBUG org.testcontainers.shaded.com.github.dockerjava.core.command.AbstrDockerCmd - Cmd: 511b2d736fd4c4da08b79110fd21fdaa756368e4971eb130f8114450b3efc085,false
22:07:08.326 [Test worker] DEBUG org.testcontainers.shaded.com.github.dockerjava.core.exec.InspectContainerCmdExec - GET: DefaultWebTarget{path=[/containers/511b2d736fd4c4da08b79110fd21fdaa756368e4971eb130f8114450b3efc085/json], queryParams={}}
22:07:08.326 [Test worker] DEBUG com.github.dockerjava.zerodep.shaded.org.apache.hc.client5.http.impl.classic.InternalHttpClient - ex-0000002E: preparing request execution
22:07:08.327 [Test worker] DEBUG com.github.dockerjava.zerodep.shaded.org.apache.hc.client5.http.protocol.RequestAddCookies - Cookie spec selected: strict
22:07:08.327 [Test worker] DEBUG com.github.dockerjava.zerodep.shaded.org.apache.hc.client5.http.protocol.RequestAuthCache - Auth cache not set in the context
22:07:08.327 [Test worker] DEBUG com.github.dockerjava.zerodep.shaded.org.apache.hc.client5.http.impl.classic.ProtocolExec - ex-0000002E: target auth state: UNCHALLENGED
22:07:08.327 [Test worker] DEBUG com.github.dockerjava.zerodep.shaded.org.apache.hc.client5.http.impl.classic.ProtocolExec - ex-0000002E: proxy auth state: UNCHALLENGED
22:07:08.327 [Test worker] DEBUG com.github.dockerjava.zerodep.shaded.org.apache.hc.client5.http.impl.classic.ConnectExec - ex-0000002E: acquiring connection with route {}->unix://localhost:2375
22:07:08.327 [Test worker] DEBUG com.github.dockerjava.zerodep.shaded.org.apache.hc.client5.http.impl.classic.InternalHttpClient - ex-0000002E: acquiring endpoint (3 MINUTES)
22:07:08.327 [Test worker] DEBUG com.github.dockerjava.zerodep.shaded.org.apache.hc.client5.http.impl.io.PoolingHttpClientConnectionManager - ex-0000002E: endpoint lease request (3 MINUTES) [route: {}->unix://localhost:2375][total available: 1; route allocated: 1 of 2147483647; total allocated: 1 of 2147483647]
22:07:08.327 [Test worker] DEBUG com.github.dockerjava.zerodep.shaded.org.apache.hc.client5.http.impl.io.PoolingHttpClientConnectionManager - ex-0000002E: endpoint leased [route: {}->unix://localhost:2375][total available: 0; route allocated: 1 of 2147483647; total allocated: 1 of 2147483647]
22:07:08.327 [Test worker] DEBUG com.github.dockerjava.zerodep.shaded.org.apache.hc.client5.http.impl.io.PoolingHttpClientConnectionManager - ex-0000002E: acquired ep-0000002D
22:07:08.327 [Test worker] DEBUG com.github.dockerjava.zerodep.shaded.org.apache.hc.client5.http.impl.classic.InternalHttpClient - ex-0000002E: acquired endpoint ep-0000002D
22:07:08.327 [Test worker] DEBUG com.github.dockerjava.zerodep.shaded.org.apache.hc.client5.http.impl.classic.MainClientExec - ex-0000002E: executing GET /v1.32/containers/511b2d736fd4c4da08b79110fd21fdaa756368e4971eb130f8114450b3efc085/json HTTP/1.1
22:07:08.327 [Test worker] DEBUG com.github.dockerjava.zerodep.shaded.org.apache.hc.client5.http.impl.classic.InternalHttpClient - ep-0000002D: start execution ex-0000002E
22:07:08.327 [Test worker] DEBUG com.github.dockerjava.zerodep.shaded.org.apache.hc.client5.http.impl.io.PoolingHttpClientConnectionManager - ep-0000002D: executing exchange ex-0000002E over http-outgoing-2
22:07:08.328 [Test worker] DEBUG com.github.dockerjava.zerodep.shaded.org.apache.hc.client5.http.headers - http-outgoing-2 >> GET /v1.32/containers/511b2d736fd4c4da08b79110fd21fdaa756368e4971eb130f8114450b3efc085/json HTTP/1.1
22:07:08.328 [Test worker] DEBUG com.github.dockerjava.zerodep.shaded.org.apache.hc.client5.http.headers - http-outgoing-2 >> accept: application/json
22:07:08.328 [Test worker] DEBUG com.github.dockerjava.zerodep.shaded.org.apache.hc.client5.http.headers - http-outgoing-2 >> x-tc-sid: c721e8e0-dbbd-4305-a748-6be2465f786d
22:07:08.328 [Test worker] DEBUG com.github.dockerjava.zerodep.shaded.org.apache.hc.client5.http.headers - http-outgoing-2 >> Accept-Encoding: gzip, x-gzip, deflate
22:07:08.328 [Test worker] DEBUG com.github.dockerjava.zerodep.shaded.org.apache.hc.client5.http.headers - http-outgoing-2 >> Host: localhost:2375
22:07:08.328 [Test worker] DEBUG com.github.dockerjava.zerodep.shaded.org.apache.hc.client5.http.headers - http-outgoing-2 >> Connection: keep-alive
22:07:08.328 [Test worker] DEBUG com.github.dockerjava.zerodep.shaded.org.apache.hc.client5.http.headers - http-outgoing-2 >> User-Agent: Apache-HttpClient/5.0.3 (Java/17.0.2)
22:07:08.328 [Test worker] DEBUG com.github.dockerjava.zerodep.shaded.org.apache.hc.client5.http.wire - http-outgoing-2 >> "GET /v1.32/containers/511b2d736fd4c4da08b79110fd21fdaa756368e4971eb130f8114450b3efc085/json HTTP/1.1[\r][\n]"
22:07:08.328 [Test worker] DEBUG com.github.dockerjava.zerodep.shaded.org.apache.hc.client5.http.wire - http-outgoing-2 >> "accept: application/json[\r][\n]"
22:07:08.328 [Test worker] DEBUG com.github.dockerjava.zerodep.shaded.org.apache.hc.client5.http.wire - http-outgoing-2 >> "x-tc-sid: c721e8e0-dbbd-4305-a748-6be2465f786d[\r][\n]"
22:07:08.328 [Test worker] DEBUG com.github.dockerjava.zerodep.shaded.org.apache.hc.client5.http.wire - http-outgoing-2 >> "Accept-Encoding: gzip, x-gzip, deflate[\r][\n]"
22:07:08.328 [Test worker] DEBUG com.github.dockerjava.zerodep.shaded.org.apache.hc.client5.http.wire - http-outgoing-2 >> "Host: localhost:2375[\r][\n]"
22:07:08.328 [Test worker] DEBUG com.github.dockerjava.zerodep.shaded.org.apache.hc.client5.http.wire - http-outgoing-2 >> "Connection: keep-alive[\r][\n]"
22:07:08.328 [Test worker] DEBUG com.github.dockerjava.zerodep.shaded.org.apache.hc.client5.http.wire - http-outgoing-2 >> "User-Agent: Apache-HttpClient/5.0.3 (Java/17.0.2)[\r][\n]"
22:07:08.328 [Test worker] DEBUG com.github.dockerjava.zerodep.shaded.org.apache.hc.client5.http.wire - http-outgoing-2 >> "[\r][\n]"
22:07:08.330 [Test worker] DEBUG com.github.dockerjava.zerodep.shaded.org.apache.hc.client5.http.wire - http-outgoing-2 << "HTTP/1.1 200 OK[\r][\n]"
22:07:08.330 [Test worker] DEBUG com.github.dockerjava.zerodep.shaded.org.apache.hc.client5.http.wire - http-outgoing-2 << "Api-Version: 1.41[\r][\n]"
22:07:08.330 [Test worker] DEBUG com.github.dockerjava.zerodep.shaded.org.apache.hc.client5.http.wire - http-outgoing-2 << "Content-Type: application/json[\r][\n]"
22:07:08.330 [Test worker] DEBUG com.github.dockerjava.zerodep.shaded.org.apache.hc.client5.http.wire - http-outgoing-2 << "Date: Mon, 03 Apr 2023 01:07:08 GMT[\r][\n]"
22:07:08.330 [Test worker] DEBUG com.github.dockerjava.zerodep.shaded.org.apache.hc.client5.http.wire - http-outgoing-2 << "Docker-Experimental: false[\r][\n]"
22:07:08.330 [Test worker] DEBUG com.github.dockerjava.zerodep.shaded.org.apache.hc.client5.http.wire - http-outgoing-2 << "Ostype: linux[\r][\n]"
22:07:08.330 [Test worker] DEBUG com.github.dockerjava.zerodep.shaded.org.apache.hc.client5.http.wire - http-outgoing-2 << "Server: Docker/20.10.21 (linux)[\r][\n]"
22:07:08.330 [Test worker] DEBUG com.github.dockerjava.zerodep.shaded.org.apache.hc.client5.http.wire - http-outgoing-2 << "Transfer-Encoding: chunked[\r][\n]"
22:07:08.330 [Test worker] DEBUG com.github.dockerjava.zerodep.shaded.org.apache.hc.client5.http.wire - http-outgoing-2 << "[\r][\n]"
22:07:08.330 [Test worker] DEBUG com.github.dockerjava.zerodep.shaded.org.apache.hc.client5.http.headers - http-outgoing-2 << HTTP/1.1 200 OK
22:07:08.330 [Test worker] DEBUG com.github.dockerjava.zerodep.shaded.org.apache.hc.client5.http.headers - http-outgoing-2 << Api-Version: 1.41
22:07:08.330 [Test worker] DEBUG com.github.dockerjava.zerodep.shaded.org.apache.hc.client5.http.headers - http-outgoing-2 << Content-Type: application/json
22:07:08.330 [Test worker] DEBUG com.github.dockerjava.zerodep.shaded.org.apache.hc.client5.http.headers - http-outgoing-2 << Date: Mon, 03 Apr 2023 01:07:08 GMT
22:07:08.330 [Test worker] DEBUG com.github.dockerjava.zerodep.shaded.org.apache.hc.client5.http.headers - http-outgoing-2 << Docker-Experimental: false
22:07:08.330 [Test worker] DEBUG com.github.dockerjava.zerodep.shaded.org.apache.hc.client5.http.headers - http-outgoing-2 << Ostype: linux
22:07:08.330 [Test worker] DEBUG com.github.dockerjava.zerodep.shaded.org.apache.hc.client5.http.headers - http-outgoing-2 << Server: Docker/20.10.21 (linux)
22:07:08.330 [Test worker] DEBUG com.github.dockerjava.zerodep.shaded.org.apache.hc.client5.http.headers - http-outgoing-2 << Transfer-Encoding: chunked
22:07:08.330 [Test worker] DEBUG com.github.dockerjava.zerodep.shaded.org.apache.hc.client5.http.impl.classic.MainClientExec - ex-0000002E: connection can be kept alive for 3 MINUTES
22:07:08.331 [Test worker] DEBUG com.github.dockerjava.zerodep.shaded.org.apache.hc.client5.http.wire - http-outgoing-2 << "18c0[\r][\n]"
22:07:08.331 [Test worker] DEBUG com.github.dockerjava.zerodep.shaded.org.apache.hc.client5.http.wire - http-outgoing-2 << "{"Id":"511b2d736fd4c4da08b79110fd21fdaa756368e4971eb130f8114450b3efc085","Created":"2023-04-03T01:07:04.201309337Z","Path":"docker-entrypoint.sh","Args":["mysqld"],"State":{"Status":"running","Running":true,"Paused":false,"Restarting":false,"OOMKilled":false,"Dead":false,"Pid":2724,"ExitCode":0,"Error":"","StartedAt":"2023-04-03T01:07:04.498400921Z","FinishedAt":"0001-01-01T00:00:00Z"},"Image":"sha256:c7c54c29e20dccc1aefb936c8eba8bb8b98b87a4921102aba87fde2df5810af9","ResolvConfPath":"/var/lib/docker/containers/511b2d736fd4c4da08b79110fd21fdaa756368e4971eb130f8114450b3efc085/resolv.conf","HostnamePath":"/var/lib/docker/containers/511b2d736fd4c4da08b79110fd21fdaa756368e4971eb130f8114450b3efc085/hostname","HostsPath":"/var/lib/docker/containers/511b2d736fd4c4da08b79110fd21fdaa756368e4971eb130f8114450b3efc085/hosts","LogPath":"/var/lib/docker/containers/511b2d736fd4c4da08b79110fd21fdaa756368e4971eb130f8114450b3efc085/511b2d736fd4c4da08b79110fd21fdaa756368e4971eb130f8114450b3efc085-json.log","Name":"/elastic_easley","RestartCount":0,"Driver":"overlay2","Platform":"linux","MountLabel":"","ProcessLabel":"","AppArmorProfile":"","ExecIDs":null,"HostConfig":{"Binds":[],"ContainerIDFile":"","LogConfig":{"Type":"json-file","Config":{}},"NetworkMode":"default","PortBindings":{"3306/tcp":[{"HostIp":"0.0.0.0","HostPort":"0"}]},"RestartPolicy":{"Name":"","MaximumRetryCount":0},"AutoRemove":false,"VolumeDriver":"","VolumesFrom":[],"CapAdd":null,"CapDrop":null,"CgroupnsMode":"private","Dns":null,"DnsOptions":null,"DnsSearch":null,"ExtraHosts":[],"GroupAdd":null,"IpcMode":"shareable","Cgroup":"","Links":null,"OomScoreAdj":0,"PidMode":"","Privileged":false,"PublishAllPorts":false,"ReadonlyRootfs":false,"SecurityOpt":null,"UTSMode":"","UsernsMode":"","ShmSize":67108864,"Runtime":"runc","ConsoleSize":[0,0],"Isolation":"","CpuShares":0,"Memory":0,"NanoCpus":0,"CgroupParent":"","BlkioWeight":0,"BlkioWeightDevice":null,"BlkioDeviceReadBps":null,"BlkioDeviceWriteBps":null,"BlkioDeviceReadIOps":null,"BlkioDeviceWriteIOps":null,"CpuPeriod":0,"CpuQuota":0,"CpuRealtimePeriod":0,"CpuRealtimeRuntime":0,"CpusetCpus":"","CpusetMems":"","Devices":null,"DeviceCgroupRules":null,"DeviceRequests":null,"KernelMemory":0,"KernelMemoryTCP":0,"MemoryReservation":0,"MemorySwap":0,"MemorySwappiness":null,"OomKillDisable":null,"PidsLimit":null,"Ulimits":null,"CpuCount":0,"CpuPercent":0,"IOMaximumIOps":0,"IOMaximumBandwidth":0,"MaskedPaths":["/proc/asound","/proc/acpi","/proc/kcore","/proc/keys","/proc/latency_stats","/proc/timer_list","/proc/timer_stats","/proc/sched_debug","/proc/scsi","/sys/firmware"],"ReadonlyPaths":["/proc/bus","/proc/fs","/proc/irq","/proc/sys","/proc/sysrq-trigger"]},"GraphDriver":{"Data":{"LowerDir":"/var/lib/docker/overlay2/5ada145d0e3939fe5ed2118eea99b9f10241aeee200293145c73dce66470a568-init/diff:/var/lib/docker/overlay2/1bd8849d7a296305617011f940aa5cfabbe972a513397b1b6bbc27639b6c1f30/diff:/var/lib/docker/overlay2/199d69b2fbf78af4d4c95dec4fd2f8835ab0347eb49fb20ebb2ff3b99fedd6ad/diff:/var/lib/docker/overlay2/d83c38d654989311f75b9491329846033bfb7714de76ef635380dcfad5c740d9/diff:/var/lib/docker/overlay2/08600d0aea2ab2728bebcf5d2589c640a842f53d1ba3c4a4adccb4d03b923cf6/diff:/var/lib/docker/overlay2/9ec7c63a3fb14d13ac788bbf5e282ca821edc41260b79944e5e631037d13ecda/diff:/var/lib/docker/overlay2/db601d7a1b4ea6da638db620462f0da96fa55c559d02269c9ddb09027936ed87/diff:/var/lib/docker/overlay2/a6d2bd03f942e2565f21e74cfe152c7ec836a1c2b583f0790c685b92bdcfda24/diff:/var/lib/docker/overlay2/9badd16ea2c5e2bf1fde8b579683e41137dfc46ed5449234149f199a6751cc84/diff:/var/lib/docker/overlay2/6efb85646ed12e2d1181ef4cc6f6f6732c00c15a4035fe17ebc4f075ca573c30/diff:/var/lib/docker/overlay2/895d7c0ec09144d6ed33936f4e98e11c18010f7abd708cae1ce43aec7a7f2621/diff:/var/lib/docker/overlay2/1c4ba77aa573ab6e5e5069fd15eae71b3da940bde0f97a922a227ffc8a1d1096/diff","MergedDir":"/var/lib/docker/overlay2/5ada145d0e3939fe5ed2118eea99b9f10241aeee200293145c73dce66470a568/merged","UpperDir":"/var/lib/docker/overlay2/5ada145d0e3939fe5ed2118eea99b9f10241aeee200293145c73dce66470a568/diff","WorkDir":"/var/lib/docker/overlay2/5ada145d0e3939fe5ed2118eea99b9f10241aeee200293145c73dce66470a568/work"},"Name":"overlay2"},"Mounts":[{"Type":"volume","Name":"ac6dcf572a35a68e3a3a5bdf3d1899d89919b8e0b6d7a1beb9c6b19978c4e863","Source":"/var/lib/docker/volumes/ac6dcf572a35a68e3a3a5bdf3d1899d89919b8e0b6d7a1beb9c6b19978c4e863/_data","Destination":"/var/lib/mysql","Driver":"local","Mode":"","RW":true,"Propagation":""}],"Config":{"Hostname":"511b2d736fd4","Domainname":"","User":"","AttachStdin":false,"AttachStdout":false,"AttachStderr":false,"ExposedPorts":{"3306/tcp":{},"33060/tcp":{}},"Tty":false,"OpenStdin":false,"StdinOnce":false,"Env":["MYSQL_DATABASE=adm_videos","MYSQL_PASSWORD=123456","MYSQL_ROOT_PASSWORD=123456","PATH=/usr/local/sbin:/usr/local/bin:/usr/sbin:/usr/bin:/sbin:/bin","GOSU_VERSION=1.16","MYSQL_MAJOR=8.0","MYSQL_VERSION=8.0.32-1.el8","MYSQL_SHELL_VERSION=8.0.32-1.el8"],"Cmd":["mysqld"],"Image":"mysql:latest","Volumes":{"/var/lib/mysql":{}},"WorkingDir":"","Entrypoint":["docker-entrypoint.sh"],"OnBuild":null,"Labels":{"org.testcontainers":"true","org.testcontainers.lang":"java","org.testcontainers.sessionId":"c721e8e0-dbbd-4305-a748-6be2465f786d","org.testcontainers.version":"1.17.6"}},"NetworkSettings":{"Bridge":"","SandboxID":"23a51dba07b22c8536581cd39611755923749e16a93a45ce75c5c8a4a7759981","HairpinMode":false,"LinkLocalIPv6Address":"","LinkLocalIPv6PrefixLen":0,"Ports":{"3306/tcp":[{"HostIp":"0.0.0.0","HostPort":"50897"}],"33060/tcp":null},"SandboxKey":"/var/run/docker/netns/23a51dba07b2","SecondaryIPAddresses":null,"SecondaryIPv6Addresses":null,"EndpointID":"692f30c6e93a1486104b6273bdc38b1f926e45528d0b3ff49b5fe2d91ed6b329","Gateway":"172.17.0.1","GlobalIPv6Address":"","GlobalIPv6PrefixLen":0,"IPAddress":"172.17.0.3","IPPrefixLen":16,"IPv6Gateway":"","MacAddress":"02:42:ac:11:00:03","Networks":{"bridge":{"IPAMConfig":null,"Links":null,"Aliases":null,"NetworkID":"eba6fdf7ebe51912c859fc2dc83d1407a50db03ea3c296d90f885e8af84b6e93","EndpointID":"692f30c6e93a1486104b6273bdc38b1f926e45528d0b3ff49b5fe2d91ed6b329","Gateway":"172.17.0.1","IPAddress":"172.17.0.3","IPPrefixLen":16,"IPv6Gateway":"","GlobalIPv6Address":"","GlobalIPv6PrefixLen":0,"MacAddress":"02:42:ac:11:00:03","DriverOpts":null}}}}[\n]"
22:07:08.331 [Test worker] DEBUG com.github.dockerjava.zerodep.shaded.org.apache.hc.client5.http.wire - http-outgoing-2 << "[\r][\n]"
22:07:08.332 [Test worker] DEBUG com.github.dockerjava.zerodep.shaded.org.apache.hc.client5.http.wire - http-outgoing-2 << "0[\r][\n]"
22:07:08.332 [Test worker] DEBUG com.github.dockerjava.zerodep.shaded.org.apache.hc.client5.http.wire - http-outgoing-2 << "[\r][\n]"
22:07:08.332 [Test worker] DEBUG com.github.dockerjava.zerodep.shaded.org.apache.hc.client5.http.impl.classic.InternalHttpClient - ep-0000002D: releasing valid endpoint
22:07:08.332 [Test worker] DEBUG com.github.dockerjava.zerodep.shaded.org.apache.hc.client5.http.impl.io.PoolingHttpClientConnectionManager - ep-0000002D: releasing endpoint
22:07:08.332 [Test worker] DEBUG com.github.dockerjava.zerodep.shaded.org.apache.hc.client5.http.impl.io.PoolingHttpClientConnectionManager - ep-0000002D: connection http-outgoing-2 can be kept alive for 3 MINUTES
22:07:08.332 [Test worker] DEBUG com.github.dockerjava.zerodep.shaded.org.apache.hc.client5.http.impl.io.PoolingHttpClientConnectionManager - ep-0000002D: connection released [route: {}->unix://localhost:2375][total available: 1; route allocated: 1 of 2147483647; total allocated: 1 of 2147483647]
22:07:08.332 [Test worker] DEBUG ]]>&#x1f433;<![CDATA[ [mysql:latest] - Trying to create JDBC connection using com.mysql.cj.jdbc.Driver to jdbc:mysql://localhost:50897/adm_videos?useSSL=false&allowPublicKeyRetrieval=true with properties: {password=123456, user=root}
22:07:08.438 [Test worker] DEBUG org.testcontainers.shaded.com.github.dockerjava.core.command.AbstrDockerCmd - Cmd: 511b2d736fd4c4da08b79110fd21fdaa756368e4971eb130f8114450b3efc085,false
22:07:08.438 [Test worker] DEBUG org.testcontainers.shaded.com.github.dockerjava.core.exec.InspectContainerCmdExec - GET: DefaultWebTarget{path=[/containers/511b2d736fd4c4da08b79110fd21fdaa756368e4971eb130f8114450b3efc085/json], queryParams={}}
22:07:08.439 [Test worker] DEBUG com.github.dockerjava.zerodep.shaded.org.apache.hc.client5.http.impl.classic.InternalHttpClient - ex-0000002F: preparing request execution
22:07:08.439 [Test worker] DEBUG com.github.dockerjava.zerodep.shaded.org.apache.hc.client5.http.protocol.RequestAddCookies - Cookie spec selected: strict
22:07:08.439 [Test worker] DEBUG com.github.dockerjava.zerodep.shaded.org.apache.hc.client5.http.protocol.RequestAuthCache - Auth cache not set in the context
22:07:08.439 [Test worker] DEBUG com.github.dockerjava.zerodep.shaded.org.apache.hc.client5.http.impl.classic.ProtocolExec - ex-0000002F: target auth state: UNCHALLENGED
22:07:08.439 [Test worker] DEBUG com.github.dockerjava.zerodep.shaded.org.apache.hc.client5.http.impl.classic.ProtocolExec - ex-0000002F: proxy auth state: UNCHALLENGED
22:07:08.439 [Test worker] DEBUG com.github.dockerjava.zerodep.shaded.org.apache.hc.client5.http.impl.classic.ConnectExec - ex-0000002F: acquiring connection with route {}->unix://localhost:2375
22:07:08.439 [Test worker] DEBUG com.github.dockerjava.zerodep.shaded.org.apache.hc.client5.http.impl.classic.InternalHttpClient - ex-0000002F: acquiring endpoint (3 MINUTES)
22:07:08.439 [Test worker] DEBUG com.github.dockerjava.zerodep.shaded.org.apache.hc.client5.http.impl.io.PoolingHttpClientConnectionManager - ex-0000002F: endpoint lease request (3 MINUTES) [route: {}->unix://localhost:2375][total available: 1; route allocated: 1 of 2147483647; total allocated: 1 of 2147483647]
22:07:08.439 [Test worker] DEBUG com.github.dockerjava.zerodep.shaded.org.apache.hc.client5.http.impl.io.PoolingHttpClientConnectionManager - ex-0000002F: endpoint leased [route: {}->unix://localhost:2375][total available: 0; route allocated: 1 of 2147483647; total allocated: 1 of 2147483647]
22:07:08.440 [Test worker] DEBUG com.github.dockerjava.zerodep.shaded.org.apache.hc.client5.http.impl.io.PoolingHttpClientConnectionManager - ex-0000002F: acquired ep-0000002E
22:07:08.440 [Test worker] DEBUG com.github.dockerjava.zerodep.shaded.org.apache.hc.client5.http.impl.classic.InternalHttpClient - ex-0000002F: acquired endpoint ep-0000002E
22:07:08.440 [Test worker] DEBUG com.github.dockerjava.zerodep.shaded.org.apache.hc.client5.http.impl.classic.MainClientExec - ex-0000002F: executing GET /v1.32/containers/511b2d736fd4c4da08b79110fd21fdaa756368e4971eb130f8114450b3efc085/json HTTP/1.1
22:07:08.440 [Test worker] DEBUG com.github.dockerjava.zerodep.shaded.org.apache.hc.client5.http.impl.classic.InternalHttpClient - ep-0000002E: start execution ex-0000002F
22:07:08.440 [Test worker] DEBUG com.github.dockerjava.zerodep.shaded.org.apache.hc.client5.http.impl.io.PoolingHttpClientConnectionManager - ep-0000002E: executing exchange ex-0000002F over http-outgoing-2
22:07:08.440 [Test worker] DEBUG com.github.dockerjava.zerodep.shaded.org.apache.hc.client5.http.headers - http-outgoing-2 >> GET /v1.32/containers/511b2d736fd4c4da08b79110fd21fdaa756368e4971eb130f8114450b3efc085/json HTTP/1.1
22:07:08.440 [Test worker] DEBUG com.github.dockerjava.zerodep.shaded.org.apache.hc.client5.http.headers - http-outgoing-2 >> accept: application/json
22:07:08.440 [Test worker] DEBUG com.github.dockerjava.zerodep.shaded.org.apache.hc.client5.http.headers - http-outgoing-2 >> x-tc-sid: c721e8e0-dbbd-4305-a748-6be2465f786d
22:07:08.440 [Test worker] DEBUG com.github.dockerjava.zerodep.shaded.org.apache.hc.client5.http.headers - http-outgoing-2 >> Accept-Encoding: gzip, x-gzip, deflate
22:07:08.440 [Test worker] DEBUG com.github.dockerjava.zerodep.shaded.org.apache.hc.client5.http.headers - http-outgoing-2 >> Host: localhost:2375
22:07:08.440 [Test worker] DEBUG com.github.dockerjava.zerodep.shaded.org.apache.hc.client5.http.headers - http-outgoing-2 >> Connection: keep-alive
22:07:08.440 [Test worker] DEBUG com.github.dockerjava.zerodep.shaded.org.apache.hc.client5.http.headers - http-outgoing-2 >> User-Agent: Apache-HttpClient/5.0.3 (Java/17.0.2)
22:07:08.440 [Test worker] DEBUG com.github.dockerjava.zerodep.shaded.org.apache.hc.client5.http.wire - http-outgoing-2 >> "GET /v1.32/containers/511b2d736fd4c4da08b79110fd21fdaa756368e4971eb130f8114450b3efc085/json HTTP/1.1[\r][\n]"
22:07:08.440 [Test worker] DEBUG com.github.dockerjava.zerodep.shaded.org.apache.hc.client5.http.wire - http-outgoing-2 >> "accept: application/json[\r][\n]"
22:07:08.440 [Test worker] DEBUG com.github.dockerjava.zerodep.shaded.org.apache.hc.client5.http.wire - http-outgoing-2 >> "x-tc-sid: c721e8e0-dbbd-4305-a748-6be2465f786d[\r][\n]"
22:07:08.440 [Test worker] DEBUG com.github.dockerjava.zerodep.shaded.org.apache.hc.client5.http.wire - http-outgoing-2 >> "Accept-Encoding: gzip, x-gzip, deflate[\r][\n]"
22:07:08.440 [Test worker] DEBUG com.github.dockerjava.zerodep.shaded.org.apache.hc.client5.http.wire - http-outgoing-2 >> "Host: localhost:2375[\r][\n]"
22:07:08.440 [Test worker] DEBUG com.github.dockerjava.zerodep.shaded.org.apache.hc.client5.http.wire - http-outgoing-2 >> "Connection: keep-alive[\r][\n]"
22:07:08.440 [Test worker] DEBUG com.github.dockerjava.zerodep.shaded.org.apache.hc.client5.http.wire - http-outgoing-2 >> "User-Agent: Apache-HttpClient/5.0.3 (Java/17.0.2)[\r][\n]"
22:07:08.440 [Test worker] DEBUG com.github.dockerjava.zerodep.shaded.org.apache.hc.client5.http.wire - http-outgoing-2 >> "[\r][\n]"
22:07:08.442 [Test worker] DEBUG com.github.dockerjava.zerodep.shaded.org.apache.hc.client5.http.wire - http-outgoing-2 << "HTTP/1.1 200 OK[\r][\n]"
22:07:08.442 [Test worker] DEBUG com.github.dockerjava.zerodep.shaded.org.apache.hc.client5.http.wire - http-outgoing-2 << "Api-Version: 1.41[\r][\n]"
22:07:08.442 [Test worker] DEBUG com.github.dockerjava.zerodep.shaded.org.apache.hc.client5.http.wire - http-outgoing-2 << "Content-Type: application/json[\r][\n]"
22:07:08.442 [Test worker] DEBUG com.github.dockerjava.zerodep.shaded.org.apache.hc.client5.http.wire - http-outgoing-2 << "Date: Mon, 03 Apr 2023 01:07:08 GMT[\r][\n]"
22:07:08.442 [Test worker] DEBUG com.github.dockerjava.zerodep.shaded.org.apache.hc.client5.http.wire - http-outgoing-2 << "Docker-Experimental: false[\r][\n]"
22:07:08.442 [Test worker] DEBUG com.github.dockerjava.zerodep.shaded.org.apache.hc.client5.http.wire - http-outgoing-2 << "Ostype: linux[\r][\n]"
22:07:08.442 [Test worker] DEBUG com.github.dockerjava.zerodep.shaded.org.apache.hc.client5.http.wire - http-outgoing-2 << "Server: Docker/20.10.21 (linux)[\r][\n]"
22:07:08.442 [Test worker] DEBUG com.github.dockerjava.zerodep.shaded.org.apache.hc.client5.http.wire - http-outgoing-2 << "Transfer-Encoding: chunked[\r][\n]"
22:07:08.442 [Test worker] DEBUG com.github.dockerjava.zerodep.shaded.org.apache.hc.client5.http.wire - http-outgoing-2 << "[\r][\n]"
22:07:08.442 [Test worker] DEBUG com.github.dockerjava.zerodep.shaded.org.apache.hc.client5.http.headers - http-outgoing-2 << HTTP/1.1 200 OK
22:07:08.442 [Test worker] DEBUG com.github.dockerjava.zerodep.shaded.org.apache.hc.client5.http.headers - http-outgoing-2 << Api-Version: 1.41
22:07:08.442 [Test worker] DEBUG com.github.dockerjava.zerodep.shaded.org.apache.hc.client5.http.headers - http-outgoing-2 << Content-Type: application/json
22:07:08.442 [Test worker] DEBUG com.github.dockerjava.zerodep.shaded.org.apache.hc.client5.http.headers - http-outgoing-2 << Date: Mon, 03 Apr 2023 01:07:08 GMT
22:07:08.442 [Test worker] DEBUG com.github.dockerjava.zerodep.shaded.org.apache.hc.client5.http.headers - http-outgoing-2 << Docker-Experimental: false
22:07:08.442 [Test worker] DEBUG com.github.dockerjava.zerodep.shaded.org.apache.hc.client5.http.headers - http-outgoing-2 << Ostype: linux
22:07:08.442 [Test worker] DEBUG com.github.dockerjava.zerodep.shaded.org.apache.hc.client5.http.headers - http-outgoing-2 << Server: Docker/20.10.21 (linux)
22:07:08.442 [Test worker] DEBUG com.github.dockerjava.zerodep.shaded.org.apache.hc.client5.http.headers - http-outgoing-2 << Transfer-Encoding: chunked
22:07:08.442 [Test worker] DEBUG com.github.dockerjava.zerodep.shaded.org.apache.hc.client5.http.impl.classic.MainClientExec - ex-0000002F: connection can be kept alive for 3 MINUTES
22:07:08.443 [Test worker] DEBUG com.github.dockerjava.zerodep.shaded.org.apache.hc.client5.http.wire - http-outgoing-2 << "18c0[\r][\n]"
22:07:08.443 [Test worker] DEBUG com.github.dockerjava.zerodep.shaded.org.apache.hc.client5.http.wire - http-outgoing-2 << "{"Id":"511b2d736fd4c4da08b79110fd21fdaa756368e4971eb130f8114450b3efc085","Created":"2023-04-03T01:07:04.201309337Z","Path":"docker-entrypoint.sh","Args":["mysqld"],"State":{"Status":"running","Running":true,"Paused":false,"Restarting":false,"OOMKilled":false,"Dead":false,"Pid":2724,"ExitCode":0,"Error":"","StartedAt":"2023-04-03T01:07:04.498400921Z","FinishedAt":"0001-01-01T00:00:00Z"},"Image":"sha256:c7c54c29e20dccc1aefb936c8eba8bb8b98b87a4921102aba87fde2df5810af9","ResolvConfPath":"/var/lib/docker/containers/511b2d736fd4c4da08b79110fd21fdaa756368e4971eb130f8114450b3efc085/resolv.conf","HostnamePath":"/var/lib/docker/containers/511b2d736fd4c4da08b79110fd21fdaa756368e4971eb130f8114450b3efc085/hostname","HostsPath":"/var/lib/docker/containers/511b2d736fd4c4da08b79110fd21fdaa756368e4971eb130f8114450b3efc085/hosts","LogPath":"/var/lib/docker/containers/511b2d736fd4c4da08b79110fd21fdaa756368e4971eb130f8114450b3efc085/511b2d736fd4c4da08b79110fd21fdaa756368e4971eb130f8114450b3efc085-json.log","Name":"/elastic_easley","RestartCount":0,"Driver":"overlay2","Platform":"linux","MountLabel":"","ProcessLabel":"","AppArmorProfile":"","ExecIDs":null,"HostConfig":{"Binds":[],"ContainerIDFile":"","LogConfig":{"Type":"json-file","Config":{}},"NetworkMode":"default","PortBindings":{"3306/tcp":[{"HostIp":"0.0.0.0","HostPort":"0"}]},"RestartPolicy":{"Name":"","MaximumRetryCount":0},"AutoRemove":false,"VolumeDriver":"","VolumesFrom":[],"CapAdd":null,"CapDrop":null,"CgroupnsMode":"private","Dns":null,"DnsOptions":null,"DnsSearch":null,"ExtraHosts":[],"GroupAdd":null,"IpcMode":"shareable","Cgroup":"","Links":null,"OomScoreAdj":0,"PidMode":"","Privileged":false,"PublishAllPorts":false,"ReadonlyRootfs":false,"SecurityOpt":null,"UTSMode":"","UsernsMode":"","ShmSize":67108864,"Runtime":"runc","ConsoleSize":[0,0],"Isolation":"","CpuShares":0,"Memory":0,"NanoCpus":0,"CgroupParent":"","BlkioWeight":0,"BlkioWeightDevice":null,"BlkioDeviceReadBps":null,"BlkioDeviceWriteBps":null,"BlkioDeviceReadIOps":null,"BlkioDeviceWriteIOps":null,"CpuPeriod":0,"CpuQuota":0,"CpuRealtimePeriod":0,"CpuRealtimeRuntime":0,"CpusetCpus":"","CpusetMems":"","Devices":null,"DeviceCgroupRules":null,"DeviceRequests":null,"KernelMemory":0,"KernelMemoryTCP":0,"MemoryReservation":0,"MemorySwap":0,"MemorySwappiness":null,"OomKillDisable":null,"PidsLimit":null,"Ulimits":null,"CpuCount":0,"CpuPercent":0,"IOMaximumIOps":0,"IOMaximumBandwidth":0,"MaskedPaths":["/proc/asound","/proc/acpi","/proc/kcore","/proc/keys","/proc/latency_stats","/proc/timer_list","/proc/timer_stats","/proc/sched_debug","/proc/scsi","/sys/firmware"],"ReadonlyPaths":["/proc/bus","/proc/fs","/proc/irq","/proc/sys","/proc/sysrq-trigger"]},"GraphDriver":{"Data":{"LowerDir":"/var/lib/docker/overlay2/5ada145d0e3939fe5ed2118eea99b9f10241aeee200293145c73dce66470a568-init/diff:/var/lib/docker/overlay2/1bd8849d7a296305617011f940aa5cfabbe972a513397b1b6bbc27639b6c1f30/diff:/var/lib/docker/overlay2/199d69b2fbf78af4d4c95dec4fd2f8835ab0347eb49fb20ebb2ff3b99fedd6ad/diff:/var/lib/docker/overlay2/d83c38d654989311f75b9491329846033bfb7714de76ef635380dcfad5c740d9/diff:/var/lib/docker/overlay2/08600d0aea2ab2728bebcf5d2589c640a842f53d1ba3c4a4adccb4d03b923cf6/diff:/var/lib/docker/overlay2/9ec7c63a3fb14d13ac788bbf5e282ca821edc41260b79944e5e631037d13ecda/diff:/var/lib/docker/overlay2/db601d7a1b4ea6da638db620462f0da96fa55c559d02269c9ddb09027936ed87/diff:/var/lib/docker/overlay2/a6d2bd03f942e2565f21e74cfe152c7ec836a1c2b583f0790c685b92bdcfda24/diff:/var/lib/docker/overlay2/9badd16ea2c5e2bf1fde8b579683e41137dfc46ed5449234149f199a6751cc84/diff:/var/lib/docker/overlay2/6efb85646ed12e2d1181ef4cc6f6f6732c00c15a4035fe17ebc4f075ca573c30/diff:/var/lib/docker/overlay2/895d7c0ec09144d6ed33936f4e98e11c18010f7abd708cae1ce43aec7a7f2621/diff:/var/lib/docker/overlay2/1c4ba77aa573ab6e5e5069fd15eae71b3da940bde0f97a922a227ffc8a1d1096/diff","MergedDir":"/var/lib/docker/overlay2/5ada145d0e3939fe5ed2118eea99b9f10241aeee200293145c73dce66470a568/merged","UpperDir":"/var/lib/docker/overlay2/5ada145d0e3939fe5ed2118eea99b9f10241aeee200293145c73dce66470a568/diff","WorkDir":"/var/lib/docker/overlay2/5ada145d0e3939fe5ed2118eea99b9f10241aeee200293145c73dce66470a568/work"},"Name":"overlay2"},"Mounts":[{"Type":"volume","Name":"ac6dcf572a35a68e3a3a5bdf3d1899d89919b8e0b6d7a1beb9c6b19978c4e863","Source":"/var/lib/docker/volumes/ac6dcf572a35a68e3a3a5bdf3d1899d89919b8e0b6d7a1beb9c6b19978c4e863/_data","Destination":"/var/lib/mysql","Driver":"local","Mode":"","RW":true,"Propagation":""}],"Config":{"Hostname":"511b2d736fd4","Domainname":"","User":"","AttachStdin":false,"AttachStdout":false,"AttachStderr":false,"ExposedPorts":{"3306/tcp":{},"33060/tcp":{}},"Tty":false,"OpenStdin":false,"StdinOnce":false,"Env":["MYSQL_DATABASE=adm_videos","MYSQL_PASSWORD=123456","MYSQL_ROOT_PASSWORD=123456","PATH=/usr/local/sbin:/usr/local/bin:/usr/sbin:/usr/bin:/sbin:/bin","GOSU_VERSION=1.16","MYSQL_MAJOR=8.0","MYSQL_VERSION=8.0.32-1.el8","MYSQL_SHELL_VERSION=8.0.32-1.el8"],"Cmd":["mysqld"],"Image":"mysql:latest","Volumes":{"/var/lib/mysql":{}},"WorkingDir":"","Entrypoint":["docker-entrypoint.sh"],"OnBuild":null,"Labels":{"org.testcontainers":"true","org.testcontainers.lang":"java","org.testcontainers.sessionId":"c721e8e0-dbbd-4305-a748-6be2465f786d","org.testcontainers.version":"1.17.6"}},"NetworkSettings":{"Bridge":"","SandboxID":"23a51dba07b22c8536581cd39611755923749e16a93a45ce75c5c8a4a7759981","HairpinMode":false,"LinkLocalIPv6Address":"","LinkLocalIPv6PrefixLen":0,"Ports":{"3306/tcp":[{"HostIp":"0.0.0.0","HostPort":"50897"}],"33060/tcp":null},"SandboxKey":"/var/run/docker/netns/23a51dba07b2","SecondaryIPAddresses":null,"SecondaryIPv6Addresses":null,"EndpointID":"692f30c6e93a1486104b6273bdc38b1f926e45528d0b3ff49b5fe2d91ed6b329","Gateway":"172.17.0.1","GlobalIPv6Address":"","GlobalIPv6PrefixLen":0,"IPAddress":"172.17.0.3","IPPrefixLen":16,"IPv6Gateway":"","MacAddress":"02:42:ac:11:00:03","Networks":{"bridge":{"IPAMConfig":null,"Links":null,"Aliases":null,"NetworkID":"eba6fdf7ebe51912c859fc2dc83d1407a50db03ea3c296d90f885e8af84b6e93","EndpointID":"692f30c6e93a1486104b6273bdc38b1f926e45528d0b3ff49b5fe2d91ed6b329","Gateway":"172.17.0.1","IPAddress":"172.17.0.3","IPPrefixLen":16,"IPv6Gateway":"","GlobalIPv6Address":"","GlobalIPv6PrefixLen":0,"MacAddress":"02:42:ac:11:00:03","DriverOpts":null}}}}[\n]"
22:07:08.443 [Test worker] DEBUG com.github.dockerjava.zerodep.shaded.org.apache.hc.client5.http.wire - http-outgoing-2 << "[\r][\n]"
22:07:08.444 [Test worker] DEBUG com.github.dockerjava.zerodep.shaded.org.apache.hc.client5.http.wire - http-outgoing-2 << "0[\r][\n]"
22:07:08.444 [Test worker] DEBUG com.github.dockerjava.zerodep.shaded.org.apache.hc.client5.http.wire - http-outgoing-2 << "[\r][\n]"
22:07:08.444 [Test worker] DEBUG com.github.dockerjava.zerodep.shaded.org.apache.hc.client5.http.impl.classic.InternalHttpClient - ep-0000002E: releasing valid endpoint
22:07:08.444 [Test worker] DEBUG com.github.dockerjava.zerodep.shaded.org.apache.hc.client5.http.impl.io.PoolingHttpClientConnectionManager - ep-0000002E: releasing endpoint
22:07:08.444 [Test worker] DEBUG com.github.dockerjava.zerodep.shaded.org.apache.hc.client5.http.impl.io.PoolingHttpClientConnectionManager - ep-0000002E: connection http-outgoing-2 can be kept alive for 3 MINUTES
22:07:08.444 [Test worker] DEBUG com.github.dockerjava.zerodep.shaded.org.apache.hc.client5.http.impl.io.PoolingHttpClientConnectionManager - ep-0000002E: connection released [route: {}->unix://localhost:2375][total available: 1; route allocated: 1 of 2147483647; total allocated: 1 of 2147483647]
22:07:08.445 [Test worker] DEBUG ]]>&#x1f433;<![CDATA[ [mysql:latest] - Trying to create JDBC connection using com.mysql.cj.jdbc.Driver to jdbc:mysql://localhost:50897/adm_videos?useSSL=false&allowPublicKeyRetrieval=true with properties: {password=123456, user=root}
22:07:08.549 [Test worker] DEBUG org.testcontainers.shaded.com.github.dockerjava.core.command.AbstrDockerCmd - Cmd: 511b2d736fd4c4da08b79110fd21fdaa756368e4971eb130f8114450b3efc085,false
22:07:08.549 [Test worker] DEBUG org.testcontainers.shaded.com.github.dockerjava.core.exec.InspectContainerCmdExec - GET: DefaultWebTarget{path=[/containers/511b2d736fd4c4da08b79110fd21fdaa756368e4971eb130f8114450b3efc085/json], queryParams={}}
22:07:08.549 [Test worker] DEBUG com.github.dockerjava.zerodep.shaded.org.apache.hc.client5.http.impl.classic.InternalHttpClient - ex-00000030: preparing request execution
22:07:08.549 [Test worker] DEBUG com.github.dockerjava.zerodep.shaded.org.apache.hc.client5.http.protocol.RequestAddCookies - Cookie spec selected: strict
22:07:08.549 [Test worker] DEBUG com.github.dockerjava.zerodep.shaded.org.apache.hc.client5.http.protocol.RequestAuthCache - Auth cache not set in the context
22:07:08.549 [Test worker] DEBUG com.github.dockerjava.zerodep.shaded.org.apache.hc.client5.http.impl.classic.ProtocolExec - ex-00000030: target auth state: UNCHALLENGED
22:07:08.549 [Test worker] DEBUG com.github.dockerjava.zerodep.shaded.org.apache.hc.client5.http.impl.classic.ProtocolExec - ex-00000030: proxy auth state: UNCHALLENGED
22:07:08.549 [Test worker] DEBUG com.github.dockerjava.zerodep.shaded.org.apache.hc.client5.http.impl.classic.ConnectExec - ex-00000030: acquiring connection with route {}->unix://localhost:2375
22:07:08.549 [Test worker] DEBUG com.github.dockerjava.zerodep.shaded.org.apache.hc.client5.http.impl.classic.InternalHttpClient - ex-00000030: acquiring endpoint (3 MINUTES)
22:07:08.550 [Test worker] DEBUG com.github.dockerjava.zerodep.shaded.org.apache.hc.client5.http.impl.io.PoolingHttpClientConnectionManager - ex-00000030: endpoint lease request (3 MINUTES) [route: {}->unix://localhost:2375][total available: 1; route allocated: 1 of 2147483647; total allocated: 1 of 2147483647]
22:07:08.550 [Test worker] DEBUG com.github.dockerjava.zerodep.shaded.org.apache.hc.client5.http.impl.io.PoolingHttpClientConnectionManager - ex-00000030: endpoint leased [route: {}->unix://localhost:2375][total available: 0; route allocated: 1 of 2147483647; total allocated: 1 of 2147483647]
22:07:08.550 [Test worker] DEBUG com.github.dockerjava.zerodep.shaded.org.apache.hc.client5.http.impl.io.PoolingHttpClientConnectionManager - ex-00000030: acquired ep-0000002F
22:07:08.550 [Test worker] DEBUG com.github.dockerjava.zerodep.shaded.org.apache.hc.client5.http.impl.classic.InternalHttpClient - ex-00000030: acquired endpoint ep-0000002F
22:07:08.550 [Test worker] DEBUG com.github.dockerjava.zerodep.shaded.org.apache.hc.client5.http.impl.classic.MainClientExec - ex-00000030: executing GET /v1.32/containers/511b2d736fd4c4da08b79110fd21fdaa756368e4971eb130f8114450b3efc085/json HTTP/1.1
22:07:08.550 [Test worker] DEBUG com.github.dockerjava.zerodep.shaded.org.apache.hc.client5.http.impl.classic.InternalHttpClient - ep-0000002F: start execution ex-00000030
22:07:08.550 [Test worker] DEBUG com.github.dockerjava.zerodep.shaded.org.apache.hc.client5.http.impl.io.PoolingHttpClientConnectionManager - ep-0000002F: executing exchange ex-00000030 over http-outgoing-2
22:07:08.550 [Test worker] DEBUG com.github.dockerjava.zerodep.shaded.org.apache.hc.client5.http.headers - http-outgoing-2 >> GET /v1.32/containers/511b2d736fd4c4da08b79110fd21fdaa756368e4971eb130f8114450b3efc085/json HTTP/1.1
22:07:08.550 [Test worker] DEBUG com.github.dockerjava.zerodep.shaded.org.apache.hc.client5.http.headers - http-outgoing-2 >> accept: application/json
22:07:08.550 [Test worker] DEBUG com.github.dockerjava.zerodep.shaded.org.apache.hc.client5.http.headers - http-outgoing-2 >> x-tc-sid: c721e8e0-dbbd-4305-a748-6be2465f786d
22:07:08.550 [Test worker] DEBUG com.github.dockerjava.zerodep.shaded.org.apache.hc.client5.http.headers - http-outgoing-2 >> Accept-Encoding: gzip, x-gzip, deflate
22:07:08.550 [Test worker] DEBUG com.github.dockerjava.zerodep.shaded.org.apache.hc.client5.http.headers - http-outgoing-2 >> Host: localhost:2375
22:07:08.550 [Test worker] DEBUG com.github.dockerjava.zerodep.shaded.org.apache.hc.client5.http.headers - http-outgoing-2 >> Connection: keep-alive
22:07:08.550 [Test worker] DEBUG com.github.dockerjava.zerodep.shaded.org.apache.hc.client5.http.headers - http-outgoing-2 >> User-Agent: Apache-HttpClient/5.0.3 (Java/17.0.2)
22:07:08.550 [Test worker] DEBUG com.github.dockerjava.zerodep.shaded.org.apache.hc.client5.http.wire - http-outgoing-2 >> "GET /v1.32/containers/511b2d736fd4c4da08b79110fd21fdaa756368e4971eb130f8114450b3efc085/json HTTP/1.1[\r][\n]"
22:07:08.550 [Test worker] DEBUG com.github.dockerjava.zerodep.shaded.org.apache.hc.client5.http.wire - http-outgoing-2 >> "accept: application/json[\r][\n]"
22:07:08.550 [Test worker] DEBUG com.github.dockerjava.zerodep.shaded.org.apache.hc.client5.http.wire - http-outgoing-2 >> "x-tc-sid: c721e8e0-dbbd-4305-a748-6be2465f786d[\r][\n]"
22:07:08.550 [Test worker] DEBUG com.github.dockerjava.zerodep.shaded.org.apache.hc.client5.http.wire - http-outgoing-2 >> "Accept-Encoding: gzip, x-gzip, deflate[\r][\n]"
22:07:08.550 [Test worker] DEBUG com.github.dockerjava.zerodep.shaded.org.apache.hc.client5.http.wire - http-outgoing-2 >> "Host: localhost:2375[\r][\n]"
22:07:08.550 [Test worker] DEBUG com.github.dockerjava.zerodep.shaded.org.apache.hc.client5.http.wire - http-outgoing-2 >> "Connection: keep-alive[\r][\n]"
22:07:08.550 [Test worker] DEBUG com.github.dockerjava.zerodep.shaded.org.apache.hc.client5.http.wire - http-outgoing-2 >> "User-Agent: Apache-HttpClient/5.0.3 (Java/17.0.2)[\r][\n]"
22:07:08.550 [Test worker] DEBUG com.github.dockerjava.zerodep.shaded.org.apache.hc.client5.http.wire - http-outgoing-2 >> "[\r][\n]"
22:07:08.552 [Test worker] DEBUG com.github.dockerjava.zerodep.shaded.org.apache.hc.client5.http.wire - http-outgoing-2 << "HTTP/1.1 200 OK[\r][\n]"
22:07:08.552 [Test worker] DEBUG com.github.dockerjava.zerodep.shaded.org.apache.hc.client5.http.wire - http-outgoing-2 << "Api-Version: 1.41[\r][\n]"
22:07:08.552 [Test worker] DEBUG com.github.dockerjava.zerodep.shaded.org.apache.hc.client5.http.wire - http-outgoing-2 << "Content-Type: application/json[\r][\n]"
22:07:08.552 [Test worker] DEBUG com.github.dockerjava.zerodep.shaded.org.apache.hc.client5.http.wire - http-outgoing-2 << "Date: Mon, 03 Apr 2023 01:07:08 GMT[\r][\n]"
22:07:08.552 [Test worker] DEBUG com.github.dockerjava.zerodep.shaded.org.apache.hc.client5.http.wire - http-outgoing-2 << "Docker-Experimental: false[\r][\n]"
22:07:08.552 [Test worker] DEBUG com.github.dockerjava.zerodep.shaded.org.apache.hc.client5.http.wire - http-outgoing-2 << "Ostype: linux[\r][\n]"
22:07:08.552 [Test worker] DEBUG com.github.dockerjava.zerodep.shaded.org.apache.hc.client5.http.wire - http-outgoing-2 << "Server: Docker/20.10.21 (linux)[\r][\n]"
22:07:08.552 [Test worker] DEBUG com.github.dockerjava.zerodep.shaded.org.apache.hc.client5.http.wire - http-outgoing-2 << "Transfer-Encoding: chunked[\r][\n]"
22:07:08.552 [Test worker] DEBUG com.github.dockerjava.zerodep.shaded.org.apache.hc.client5.http.wire - http-outgoing-2 << "[\r][\n]"
22:07:08.552 [Test worker] DEBUG com.github.dockerjava.zerodep.shaded.org.apache.hc.client5.http.headers - http-outgoing-2 << HTTP/1.1 200 OK
22:07:08.552 [Test worker] DEBUG com.github.dockerjava.zerodep.shaded.org.apache.hc.client5.http.headers - http-outgoing-2 << Api-Version: 1.41
22:07:08.552 [Test worker] DEBUG com.github.dockerjava.zerodep.shaded.org.apache.hc.client5.http.headers - http-outgoing-2 << Content-Type: application/json
22:07:08.552 [Test worker] DEBUG com.github.dockerjava.zerodep.shaded.org.apache.hc.client5.http.headers - http-outgoing-2 << Date: Mon, 03 Apr 2023 01:07:08 GMT
22:07:08.552 [Test worker] DEBUG com.github.dockerjava.zerodep.shaded.org.apache.hc.client5.http.headers - http-outgoing-2 << Docker-Experimental: false
22:07:08.552 [Test worker] DEBUG com.github.dockerjava.zerodep.shaded.org.apache.hc.client5.http.headers - http-outgoing-2 << Ostype: linux
22:07:08.552 [Test worker] DEBUG com.github.dockerjava.zerodep.shaded.org.apache.hc.client5.http.headers - http-outgoing-2 << Server: Docker/20.10.21 (linux)
22:07:08.552 [Test worker] DEBUG com.github.dockerjava.zerodep.shaded.org.apache.hc.client5.http.headers - http-outgoing-2 << Transfer-Encoding: chunked
22:07:08.552 [Test worker] DEBUG com.github.dockerjava.zerodep.shaded.org.apache.hc.client5.http.impl.classic.MainClientExec - ex-00000030: connection can be kept alive for 3 MINUTES
22:07:08.553 [Test worker] DEBUG com.github.dockerjava.zerodep.shaded.org.apache.hc.client5.http.wire - http-outgoing-2 << "18c0[\r][\n]"
22:07:08.553 [Test worker] DEBUG com.github.dockerjava.zerodep.shaded.org.apache.hc.client5.http.wire - http-outgoing-2 << "{"Id":"511b2d736fd4c4da08b79110fd21fdaa756368e4971eb130f8114450b3efc085","Created":"2023-04-03T01:07:04.201309337Z","Path":"docker-entrypoint.sh","Args":["mysqld"],"State":{"Status":"running","Running":true,"Paused":false,"Restarting":false,"OOMKilled":false,"Dead":false,"Pid":2724,"ExitCode":0,"Error":"","StartedAt":"2023-04-03T01:07:04.498400921Z","FinishedAt":"0001-01-01T00:00:00Z"},"Image":"sha256:c7c54c29e20dccc1aefb936c8eba8bb8b98b87a4921102aba87fde2df5810af9","ResolvConfPath":"/var/lib/docker/containers/511b2d736fd4c4da08b79110fd21fdaa756368e4971eb130f8114450b3efc085/resolv.conf","HostnamePath":"/var/lib/docker/containers/511b2d736fd4c4da08b79110fd21fdaa756368e4971eb130f8114450b3efc085/hostname","HostsPath":"/var/lib/docker/containers/511b2d736fd4c4da08b79110fd21fdaa756368e4971eb130f8114450b3efc085/hosts","LogPath":"/var/lib/docker/containers/511b2d736fd4c4da08b79110fd21fdaa756368e4971eb130f8114450b3efc085/511b2d736fd4c4da08b79110fd21fdaa756368e4971eb130f8114450b3efc085-json.log","Name":"/elastic_easley","RestartCount":0,"Driver":"overlay2","Platform":"linux","MountLabel":"","ProcessLabel":"","AppArmorProfile":"","ExecIDs":null,"HostConfig":{"Binds":[],"ContainerIDFile":"","LogConfig":{"Type":"json-file","Config":{}},"NetworkMode":"default","PortBindings":{"3306/tcp":[{"HostIp":"0.0.0.0","HostPort":"0"}]},"RestartPolicy":{"Name":"","MaximumRetryCount":0},"AutoRemove":false,"VolumeDriver":"","VolumesFrom":[],"CapAdd":null,"CapDrop":null,"CgroupnsMode":"private","Dns":null,"DnsOptions":null,"DnsSearch":null,"ExtraHosts":[],"GroupAdd":null,"IpcMode":"shareable","Cgroup":"","Links":null,"OomScoreAdj":0,"PidMode":"","Privileged":false,"PublishAllPorts":false,"ReadonlyRootfs":false,"SecurityOpt":null,"UTSMode":"","UsernsMode":"","ShmSize":67108864,"Runtime":"runc","ConsoleSize":[0,0],"Isolation":"","CpuShares":0,"Memory":0,"NanoCpus":0,"CgroupParent":"","BlkioWeight":0,"BlkioWeightDevice":null,"BlkioDeviceReadBps":null,"BlkioDeviceWriteBps":null,"BlkioDeviceReadIOps":null,"BlkioDeviceWriteIOps":null,"CpuPeriod":0,"CpuQuota":0,"CpuRealtimePeriod":0,"CpuRealtimeRuntime":0,"CpusetCpus":"","CpusetMems":"","Devices":null,"DeviceCgroupRules":null,"DeviceRequests":null,"KernelMemory":0,"KernelMemoryTCP":0,"MemoryReservation":0,"MemorySwap":0,"MemorySwappiness":null,"OomKillDisable":null,"PidsLimit":null,"Ulimits":null,"CpuCount":0,"CpuPercent":0,"IOMaximumIOps":0,"IOMaximumBandwidth":0,"MaskedPaths":["/proc/asound","/proc/acpi","/proc/kcore","/proc/keys","/proc/latency_stats","/proc/timer_list","/proc/timer_stats","/proc/sched_debug","/proc/scsi","/sys/firmware"],"ReadonlyPaths":["/proc/bus","/proc/fs","/proc/irq","/proc/sys","/proc/sysrq-trigger"]},"GraphDriver":{"Data":{"LowerDir":"/var/lib/docker/overlay2/5ada145d0e3939fe5ed2118eea99b9f10241aeee200293145c73dce66470a568-init/diff:/var/lib/docker/overlay2/1bd8849d7a296305617011f940aa5cfabbe972a513397b1b6bbc27639b6c1f30/diff:/var/lib/docker/overlay2/199d69b2fbf78af4d4c95dec4fd2f8835ab0347eb49fb20ebb2ff3b99fedd6ad/diff:/var/lib/docker/overlay2/d83c38d654989311f75b9491329846033bfb7714de76ef635380dcfad5c740d9/diff:/var/lib/docker/overlay2/08600d0aea2ab2728bebcf5d2589c640a842f53d1ba3c4a4adccb4d03b923cf6/diff:/var/lib/docker/overlay2/9ec7c63a3fb14d13ac788bbf5e282ca821edc41260b79944e5e631037d13ecda/diff:/var/lib/docker/overlay2/db601d7a1b4ea6da638db620462f0da96fa55c559d02269c9ddb09027936ed87/diff:/var/lib/docker/overlay2/a6d2bd03f942e2565f21e74cfe152c7ec836a1c2b583f0790c685b92bdcfda24/diff:/var/lib/docker/overlay2/9badd16ea2c5e2bf1fde8b579683e41137dfc46ed5449234149f199a6751cc84/diff:/var/lib/docker/overlay2/6efb85646ed12e2d1181ef4cc6f6f6732c00c15a4035fe17ebc4f075ca573c30/diff:/var/lib/docker/overlay2/895d7c0ec09144d6ed33936f4e98e11c18010f7abd708cae1ce43aec7a7f2621/diff:/var/lib/docker/overlay2/1c4ba77aa573ab6e5e5069fd15eae71b3da940bde0f97a922a227ffc8a1d1096/diff","MergedDir":"/var/lib/docker/overlay2/5ada145d0e3939fe5ed2118eea99b9f10241aeee200293145c73dce66470a568/merged","UpperDir":"/var/lib/docker/overlay2/5ada145d0e3939fe5ed2118eea99b9f10241aeee200293145c73dce66470a568/diff","WorkDir":"/var/lib/docker/overlay2/5ada145d0e3939fe5ed2118eea99b9f10241aeee200293145c73dce66470a568/work"},"Name":"overlay2"},"Mounts":[{"Type":"volume","Name":"ac6dcf572a35a68e3a3a5bdf3d1899d89919b8e0b6d7a1beb9c6b19978c4e863","Source":"/var/lib/docker/volumes/ac6dcf572a35a68e3a3a5bdf3d1899d89919b8e0b6d7a1beb9c6b19978c4e863/_data","Destination":"/var/lib/mysql","Driver":"local","Mode":"","RW":true,"Propagation":""}],"Config":{"Hostname":"511b2d736fd4","Domainname":"","User":"","AttachStdin":false,"AttachStdout":false,"AttachStderr":false,"ExposedPorts":{"3306/tcp":{},"33060/tcp":{}},"Tty":false,"OpenStdin":false,"StdinOnce":false,"Env":["MYSQL_DATABASE=adm_videos","MYSQL_PASSWORD=123456","MYSQL_ROOT_PASSWORD=123456","PATH=/usr/local/sbin:/usr/local/bin:/usr/sbin:/usr/bin:/sbin:/bin","GOSU_VERSION=1.16","MYSQL_MAJOR=8.0","MYSQL_VERSION=8.0.32-1.el8","MYSQL_SHELL_VERSION=8.0.32-1.el8"],"Cmd":["mysqld"],"Image":"mysql:latest","Volumes":{"/var/lib/mysql":{}},"WorkingDir":"","Entrypoint":["docker-entrypoint.sh"],"OnBuild":null,"Labels":{"org.testcontainers":"true","org.testcontainers.lang":"java","org.testcontainers.sessionId":"c721e8e0-dbbd-4305-a748-6be2465f786d","org.testcontainers.version":"1.17.6"}},"NetworkSettings":{"Bridge":"","SandboxID":"23a51dba07b22c8536581cd39611755923749e16a93a45ce75c5c8a4a7759981","HairpinMode":false,"LinkLocalIPv6Address":"","LinkLocalIPv6PrefixLen":0,"Ports":{"3306/tcp":[{"HostIp":"0.0.0.0","HostPort":"50897"}],"33060/tcp":null},"SandboxKey":"/var/run/docker/netns/23a51dba07b2","SecondaryIPAddresses":null,"SecondaryIPv6Addresses":null,"EndpointID":"692f30c6e93a1486104b6273bdc38b1f926e45528d0b3ff49b5fe2d91ed6b329","Gateway":"172.17.0.1","GlobalIPv6Address":"","GlobalIPv6PrefixLen":0,"IPAddress":"172.17.0.3","IPPrefixLen":16,"IPv6Gateway":"","MacAddress":"02:42:ac:11:00:03","Networks":{"bridge":{"IPAMConfig":null,"Links":null,"Aliases":null,"NetworkID":"eba6fdf7ebe51912c859fc2dc83d1407a50db03ea3c296d90f885e8af84b6e93","EndpointID":"692f30c6e93a1486104b6273bdc38b1f926e45528d0b3ff49b5fe2d91ed6b329","Gateway":"172.17.0.1","IPAddress":"172.17.0.3","IPPrefixLen":16,"IPv6Gateway":"","GlobalIPv6Address":"","GlobalIPv6PrefixLen":0,"MacAddress":"02:42:ac:11:00:03","DriverOpts":null}}}}[\n]"
22:07:08.553 [Test worker] DEBUG com.github.dockerjava.zerodep.shaded.org.apache.hc.client5.http.wire - http-outgoing-2 << "[\r][\n]"
22:07:08.553 [Test worker] DEBUG com.github.dockerjava.zerodep.shaded.org.apache.hc.client5.http.wire - http-outgoing-2 << "0[\r][\n]"
22:07:08.553 [Test worker] DEBUG com.github.dockerjava.zerodep.shaded.org.apache.hc.client5.http.wire - http-outgoing-2 << "[\r][\n]"
22:07:08.553 [Test worker] DEBUG com.github.dockerjava.zerodep.shaded.org.apache.hc.client5.http.impl.classic.InternalHttpClient - ep-0000002F: releasing valid endpoint
22:07:08.553 [Test worker] DEBUG com.github.dockerjava.zerodep.shaded.org.apache.hc.client5.http.impl.io.PoolingHttpClientConnectionManager - ep-0000002F: releasing endpoint
22:07:08.553 [Test worker] DEBUG com.github.dockerjava.zerodep.shaded.org.apache.hc.client5.http.impl.io.PoolingHttpClientConnectionManager - ep-0000002F: connection http-outgoing-2 can be kept alive for 3 MINUTES
22:07:08.553 [Test worker] DEBUG com.github.dockerjava.zerodep.shaded.org.apache.hc.client5.http.impl.io.PoolingHttpClientConnectionManager - ep-0000002F: connection released [route: {}->unix://localhost:2375][total available: 1; route allocated: 1 of 2147483647; total allocated: 1 of 2147483647]
22:07:08.553 [Test worker] DEBUG ]]>&#x1f433;<![CDATA[ [mysql:latest] - Trying to create JDBC connection using com.mysql.cj.jdbc.Driver to jdbc:mysql://localhost:50897/adm_videos?useSSL=false&allowPublicKeyRetrieval=true with properties: {password=123456, user=root}
22:07:08.658 [Test worker] DEBUG org.testcontainers.shaded.com.github.dockerjava.core.command.AbstrDockerCmd - Cmd: 511b2d736fd4c4da08b79110fd21fdaa756368e4971eb130f8114450b3efc085,false
22:07:08.658 [Test worker] DEBUG org.testcontainers.shaded.com.github.dockerjava.core.exec.InspectContainerCmdExec - GET: DefaultWebTarget{path=[/containers/511b2d736fd4c4da08b79110fd21fdaa756368e4971eb130f8114450b3efc085/json], queryParams={}}
22:07:08.658 [Test worker] DEBUG com.github.dockerjava.zerodep.shaded.org.apache.hc.client5.http.impl.classic.InternalHttpClient - ex-00000031: preparing request execution
22:07:08.658 [Test worker] DEBUG com.github.dockerjava.zerodep.shaded.org.apache.hc.client5.http.protocol.RequestAddCookies - Cookie spec selected: strict
22:07:08.658 [Test worker] DEBUG com.github.dockerjava.zerodep.shaded.org.apache.hc.client5.http.protocol.RequestAuthCache - Auth cache not set in the context
22:07:08.658 [Test worker] DEBUG com.github.dockerjava.zerodep.shaded.org.apache.hc.client5.http.impl.classic.ProtocolExec - ex-00000031: target auth state: UNCHALLENGED
22:07:08.658 [Test worker] DEBUG com.github.dockerjava.zerodep.shaded.org.apache.hc.client5.http.impl.classic.ProtocolExec - ex-00000031: proxy auth state: UNCHALLENGED
22:07:08.658 [Test worker] DEBUG com.github.dockerjava.zerodep.shaded.org.apache.hc.client5.http.impl.classic.ConnectExec - ex-00000031: acquiring connection with route {}->unix://localhost:2375
22:07:08.658 [Test worker] DEBUG com.github.dockerjava.zerodep.shaded.org.apache.hc.client5.http.impl.classic.InternalHttpClient - ex-00000031: acquiring endpoint (3 MINUTES)
22:07:08.659 [Test worker] DEBUG com.github.dockerjava.zerodep.shaded.org.apache.hc.client5.http.impl.io.PoolingHttpClientConnectionManager - ex-00000031: endpoint lease request (3 MINUTES) [route: {}->unix://localhost:2375][total available: 1; route allocated: 1 of 2147483647; total allocated: 1 of 2147483647]
22:07:08.659 [Test worker] DEBUG com.github.dockerjava.zerodep.shaded.org.apache.hc.client5.http.impl.io.PoolingHttpClientConnectionManager - ex-00000031: endpoint leased [route: {}->unix://localhost:2375][total available: 0; route allocated: 1 of 2147483647; total allocated: 1 of 2147483647]
22:07:08.659 [Test worker] DEBUG com.github.dockerjava.zerodep.shaded.org.apache.hc.client5.http.impl.io.PoolingHttpClientConnectionManager - ex-00000031: acquired ep-00000030
22:07:08.659 [Test worker] DEBUG com.github.dockerjava.zerodep.shaded.org.apache.hc.client5.http.impl.classic.InternalHttpClient - ex-00000031: acquired endpoint ep-00000030
22:07:08.659 [Test worker] DEBUG com.github.dockerjava.zerodep.shaded.org.apache.hc.client5.http.impl.classic.MainClientExec - ex-00000031: executing GET /v1.32/containers/511b2d736fd4c4da08b79110fd21fdaa756368e4971eb130f8114450b3efc085/json HTTP/1.1
22:07:08.659 [Test worker] DEBUG com.github.dockerjava.zerodep.shaded.org.apache.hc.client5.http.impl.classic.InternalHttpClient - ep-00000030: start execution ex-00000031
22:07:08.659 [Test worker] DEBUG com.github.dockerjava.zerodep.shaded.org.apache.hc.client5.http.impl.io.PoolingHttpClientConnectionManager - ep-00000030: executing exchange ex-00000031 over http-outgoing-2
22:07:08.659 [Test worker] DEBUG com.github.dockerjava.zerodep.shaded.org.apache.hc.client5.http.headers - http-outgoing-2 >> GET /v1.32/containers/511b2d736fd4c4da08b79110fd21fdaa756368e4971eb130f8114450b3efc085/json HTTP/1.1
22:07:08.659 [Test worker] DEBUG com.github.dockerjava.zerodep.shaded.org.apache.hc.client5.http.headers - http-outgoing-2 >> accept: application/json
22:07:08.659 [Test worker] DEBUG com.github.dockerjava.zerodep.shaded.org.apache.hc.client5.http.headers - http-outgoing-2 >> x-tc-sid: c721e8e0-dbbd-4305-a748-6be2465f786d
22:07:08.659 [Test worker] DEBUG com.github.dockerjava.zerodep.shaded.org.apache.hc.client5.http.headers - http-outgoing-2 >> Accept-Encoding: gzip, x-gzip, deflate
22:07:08.659 [Test worker] DEBUG com.github.dockerjava.zerodep.shaded.org.apache.hc.client5.http.headers - http-outgoing-2 >> Host: localhost:2375
22:07:08.659 [Test worker] DEBUG com.github.dockerjava.zerodep.shaded.org.apache.hc.client5.http.headers - http-outgoing-2 >> Connection: keep-alive
22:07:08.659 [Test worker] DEBUG com.github.dockerjava.zerodep.shaded.org.apache.hc.client5.http.headers - http-outgoing-2 >> User-Agent: Apache-HttpClient/5.0.3 (Java/17.0.2)
22:07:08.659 [Test worker] DEBUG com.github.dockerjava.zerodep.shaded.org.apache.hc.client5.http.wire - http-outgoing-2 >> "GET /v1.32/containers/511b2d736fd4c4da08b79110fd21fdaa756368e4971eb130f8114450b3efc085/json HTTP/1.1[\r][\n]"
22:07:08.659 [Test worker] DEBUG com.github.dockerjava.zerodep.shaded.org.apache.hc.client5.http.wire - http-outgoing-2 >> "accept: application/json[\r][\n]"
22:07:08.659 [Test worker] DEBUG com.github.dockerjava.zerodep.shaded.org.apache.hc.client5.http.wire - http-outgoing-2 >> "x-tc-sid: c721e8e0-dbbd-4305-a748-6be2465f786d[\r][\n]"
22:07:08.659 [Test worker] DEBUG com.github.dockerjava.zerodep.shaded.org.apache.hc.client5.http.wire - http-outgoing-2 >> "Accept-Encoding: gzip, x-gzip, deflate[\r][\n]"
22:07:08.659 [Test worker] DEBUG com.github.dockerjava.zerodep.shaded.org.apache.hc.client5.http.wire - http-outgoing-2 >> "Host: localhost:2375[\r][\n]"
22:07:08.659 [Test worker] DEBUG com.github.dockerjava.zerodep.shaded.org.apache.hc.client5.http.wire - http-outgoing-2 >> "Connection: keep-alive[\r][\n]"
22:07:08.659 [Test worker] DEBUG com.github.dockerjava.zerodep.shaded.org.apache.hc.client5.http.wire - http-outgoing-2 >> "User-Agent: Apache-HttpClient/5.0.3 (Java/17.0.2)[\r][\n]"
22:07:08.659 [Test worker] DEBUG com.github.dockerjava.zerodep.shaded.org.apache.hc.client5.http.wire - http-outgoing-2 >> "[\r][\n]"
22:07:08.661 [Test worker] DEBUG com.github.dockerjava.zerodep.shaded.org.apache.hc.client5.http.wire - http-outgoing-2 << "HTTP/1.1 200 OK[\r][\n]"
22:07:08.661 [Test worker] DEBUG com.github.dockerjava.zerodep.shaded.org.apache.hc.client5.http.wire - http-outgoing-2 << "Api-Version: 1.41[\r][\n]"
22:07:08.661 [Test worker] DEBUG com.github.dockerjava.zerodep.shaded.org.apache.hc.client5.http.wire - http-outgoing-2 << "Content-Type: application/json[\r][\n]"
22:07:08.661 [Test worker] DEBUG com.github.dockerjava.zerodep.shaded.org.apache.hc.client5.http.wire - http-outgoing-2 << "Date: Mon, 03 Apr 2023 01:07:08 GMT[\r][\n]"
22:07:08.661 [Test worker] DEBUG com.github.dockerjava.zerodep.shaded.org.apache.hc.client5.http.wire - http-outgoing-2 << "Docker-Experimental: false[\r][\n]"
22:07:08.661 [Test worker] DEBUG com.github.dockerjava.zerodep.shaded.org.apache.hc.client5.http.wire - http-outgoing-2 << "Ostype: linux[\r][\n]"
22:07:08.661 [Test worker] DEBUG com.github.dockerjava.zerodep.shaded.org.apache.hc.client5.http.wire - http-outgoing-2 << "Server: Docker/20.10.21 (linux)[\r][\n]"
22:07:08.661 [Test worker] DEBUG com.github.dockerjava.zerodep.shaded.org.apache.hc.client5.http.wire - http-outgoing-2 << "Transfer-Encoding: chunked[\r][\n]"
22:07:08.661 [Test worker] DEBUG com.github.dockerjava.zerodep.shaded.org.apache.hc.client5.http.wire - http-outgoing-2 << "[\r][\n]"
22:07:08.661 [Test worker] DEBUG com.github.dockerjava.zerodep.shaded.org.apache.hc.client5.http.headers - http-outgoing-2 << HTTP/1.1 200 OK
22:07:08.662 [Test worker] DEBUG com.github.dockerjava.zerodep.shaded.org.apache.hc.client5.http.headers - http-outgoing-2 << Api-Version: 1.41
22:07:08.662 [Test worker] DEBUG com.github.dockerjava.zerodep.shaded.org.apache.hc.client5.http.headers - http-outgoing-2 << Content-Type: application/json
22:07:08.662 [Test worker] DEBUG com.github.dockerjava.zerodep.shaded.org.apache.hc.client5.http.headers - http-outgoing-2 << Date: Mon, 03 Apr 2023 01:07:08 GMT
22:07:08.662 [Test worker] DEBUG com.github.dockerjava.zerodep.shaded.org.apache.hc.client5.http.headers - http-outgoing-2 << Docker-Experimental: false
22:07:08.662 [Test worker] DEBUG com.github.dockerjava.zerodep.shaded.org.apache.hc.client5.http.headers - http-outgoing-2 << Ostype: linux
22:07:08.662 [Test worker] DEBUG com.github.dockerjava.zerodep.shaded.org.apache.hc.client5.http.headers - http-outgoing-2 << Server: Docker/20.10.21 (linux)
22:07:08.662 [Test worker] DEBUG com.github.dockerjava.zerodep.shaded.org.apache.hc.client5.http.headers - http-outgoing-2 << Transfer-Encoding: chunked
22:07:08.662 [Test worker] DEBUG com.github.dockerjava.zerodep.shaded.org.apache.hc.client5.http.impl.classic.MainClientExec - ex-00000031: connection can be kept alive for 3 MINUTES
22:07:08.663 [Test worker] DEBUG com.github.dockerjava.zerodep.shaded.org.apache.hc.client5.http.wire - http-outgoing-2 << "18c0[\r][\n]"
22:07:08.663 [Test worker] DEBUG com.github.dockerjava.zerodep.shaded.org.apache.hc.client5.http.wire - http-outgoing-2 << "{"Id":"511b2d736fd4c4da08b79110fd21fdaa756368e4971eb130f8114450b3efc085","Created":"2023-04-03T01:07:04.201309337Z","Path":"docker-entrypoint.sh","Args":["mysqld"],"State":{"Status":"running","Running":true,"Paused":false,"Restarting":false,"OOMKilled":false,"Dead":false,"Pid":2724,"ExitCode":0,"Error":"","StartedAt":"2023-04-03T01:07:04.498400921Z","FinishedAt":"0001-01-01T00:00:00Z"},"Image":"sha256:c7c54c29e20dccc1aefb936c8eba8bb8b98b87a4921102aba87fde2df5810af9","ResolvConfPath":"/var/lib/docker/containers/511b2d736fd4c4da08b79110fd21fdaa756368e4971eb130f8114450b3efc085/resolv.conf","HostnamePath":"/var/lib/docker/containers/511b2d736fd4c4da08b79110fd21fdaa756368e4971eb130f8114450b3efc085/hostname","HostsPath":"/var/lib/docker/containers/511b2d736fd4c4da08b79110fd21fdaa756368e4971eb130f8114450b3efc085/hosts","LogPath":"/var/lib/docker/containers/511b2d736fd4c4da08b79110fd21fdaa756368e4971eb130f8114450b3efc085/511b2d736fd4c4da08b79110fd21fdaa756368e4971eb130f8114450b3efc085-json.log","Name":"/elastic_easley","RestartCount":0,"Driver":"overlay2","Platform":"linux","MountLabel":"","ProcessLabel":"","AppArmorProfile":"","ExecIDs":null,"HostConfig":{"Binds":[],"ContainerIDFile":"","LogConfig":{"Type":"json-file","Config":{}},"NetworkMode":"default","PortBindings":{"3306/tcp":[{"HostIp":"0.0.0.0","HostPort":"0"}]},"RestartPolicy":{"Name":"","MaximumRetryCount":0},"AutoRemove":false,"VolumeDriver":"","VolumesFrom":[],"CapAdd":null,"CapDrop":null,"CgroupnsMode":"private","Dns":null,"DnsOptions":null,"DnsSearch":null,"ExtraHosts":[],"GroupAdd":null,"IpcMode":"shareable","Cgroup":"","Links":null,"OomScoreAdj":0,"PidMode":"","Privileged":false,"PublishAllPorts":false,"ReadonlyRootfs":false,"SecurityOpt":null,"UTSMode":"","UsernsMode":"","ShmSize":67108864,"Runtime":"runc","ConsoleSize":[0,0],"Isolation":"","CpuShares":0,"Memory":0,"NanoCpus":0,"CgroupParent":"","BlkioWeight":0,"BlkioWeightDevice":null,"BlkioDeviceReadBps":null,"BlkioDeviceWriteBps":null,"BlkioDeviceReadIOps":null,"BlkioDeviceWriteIOps":null,"CpuPeriod":0,"CpuQuota":0,"CpuRealtimePeriod":0,"CpuRealtimeRuntime":0,"CpusetCpus":"","CpusetMems":"","Devices":null,"DeviceCgroupRules":null,"DeviceRequests":null,"KernelMemory":0,"KernelMemoryTCP":0,"MemoryReservation":0,"MemorySwap":0,"MemorySwappiness":null,"OomKillDisable":null,"PidsLimit":null,"Ulimits":null,"CpuCount":0,"CpuPercent":0,"IOMaximumIOps":0,"IOMaximumBandwidth":0,"MaskedPaths":["/proc/asound","/proc/acpi","/proc/kcore","/proc/keys","/proc/latency_stats","/proc/timer_list","/proc/timer_stats","/proc/sched_debug","/proc/scsi","/sys/firmware"],"ReadonlyPaths":["/proc/bus","/proc/fs","/proc/irq","/proc/sys","/proc/sysrq-trigger"]},"GraphDriver":{"Data":{"LowerDir":"/var/lib/docker/overlay2/5ada145d0e3939fe5ed2118eea99b9f10241aeee200293145c73dce66470a568-init/diff:/var/lib/docker/overlay2/1bd8849d7a296305617011f940aa5cfabbe972a513397b1b6bbc27639b6c1f30/diff:/var/lib/docker/overlay2/199d69b2fbf78af4d4c95dec4fd2f8835ab0347eb49fb20ebb2ff3b99fedd6ad/diff:/var/lib/docker/overlay2/d83c38d654989311f75b9491329846033bfb7714de76ef635380dcfad5c740d9/diff:/var/lib/docker/overlay2/08600d0aea2ab2728bebcf5d2589c640a842f53d1ba3c4a4adccb4d03b923cf6/diff:/var/lib/docker/overlay2/9ec7c63a3fb14d13ac788bbf5e282ca821edc41260b79944e5e631037d13ecda/diff:/var/lib/docker/overlay2/db601d7a1b4ea6da638db620462f0da96fa55c559d02269c9ddb09027936ed87/diff:/var/lib/docker/overlay2/a6d2bd03f942e2565f21e74cfe152c7ec836a1c2b583f0790c685b92bdcfda24/diff:/var/lib/docker/overlay2/9badd16ea2c5e2bf1fde8b579683e41137dfc46ed5449234149f199a6751cc84/diff:/var/lib/docker/overlay2/6efb85646ed12e2d1181ef4cc6f6f6732c00c15a4035fe17ebc4f075ca573c30/diff:/var/lib/docker/overlay2/895d7c0ec09144d6ed33936f4e98e11c18010f7abd708cae1ce43aec7a7f2621/diff:/var/lib/docker/overlay2/1c4ba77aa573ab6e5e5069fd15eae71b3da940bde0f97a922a227ffc8a1d1096/diff","MergedDir":"/var/lib/docker/overlay2/5ada145d0e3939fe5ed2118eea99b9f10241aeee200293145c73dce66470a568/merged","UpperDir":"/var/lib/docker/overlay2/5ada145d0e3939fe5ed2118eea99b9f10241aeee200293145c73dce66470a568/diff","WorkDir":"/var/lib/docker/overlay2/5ada145d0e3939fe5ed2118eea99b9f10241aeee200293145c73dce66470a568/work"},"Name":"overlay2"},"Mounts":[{"Type":"volume","Name":"ac6dcf572a35a68e3a3a5bdf3d1899d89919b8e0b6d7a1beb9c6b19978c4e863","Source":"/var/lib/docker/volumes/ac6dcf572a35a68e3a3a5bdf3d1899d89919b8e0b6d7a1beb9c6b19978c4e863/_data","Destination":"/var/lib/mysql","Driver":"local","Mode":"","RW":true,"Propagation":""}],"Config":{"Hostname":"511b2d736fd4","Domainname":"","User":"","AttachStdin":false,"AttachStdout":false,"AttachStderr":false,"ExposedPorts":{"3306/tcp":{},"33060/tcp":{}},"Tty":false,"OpenStdin":false,"StdinOnce":false,"Env":["MYSQL_DATABASE=adm_videos","MYSQL_PASSWORD=123456","MYSQL_ROOT_PASSWORD=123456","PATH=/usr/local/sbin:/usr/local/bin:/usr/sbin:/usr/bin:/sbin:/bin","GOSU_VERSION=1.16","MYSQL_MAJOR=8.0","MYSQL_VERSION=8.0.32-1.el8","MYSQL_SHELL_VERSION=8.0.32-1.el8"],"Cmd":["mysqld"],"Image":"mysql:latest","Volumes":{"/var/lib/mysql":{}},"WorkingDir":"","Entrypoint":["docker-entrypoint.sh"],"OnBuild":null,"Labels":{"org.testcontainers":"true","org.testcontainers.lang":"java","org.testcontainers.sessionId":"c721e8e0-dbbd-4305-a748-6be2465f786d","org.testcontainers.version":"1.17.6"}},"NetworkSettings":{"Bridge":"","SandboxID":"23a51dba07b22c8536581cd39611755923749e16a93a45ce75c5c8a4a7759981","HairpinMode":false,"LinkLocalIPv6Address":"","LinkLocalIPv6PrefixLen":0,"Ports":{"3306/tcp":[{"HostIp":"0.0.0.0","HostPort":"50897"}],"33060/tcp":null},"SandboxKey":"/var/run/docker/netns/23a51dba07b2","SecondaryIPAddresses":null,"SecondaryIPv6Addresses":null,"EndpointID":"692f30c6e93a1486104b6273bdc38b1f926e45528d0b3ff49b5fe2d91ed6b329","Gateway":"172.17.0.1","GlobalIPv6Address":"","GlobalIPv6PrefixLen":0,"IPAddress":"172.17.0.3","IPPrefixLen":16,"IPv6Gateway":"","MacAddress":"02:42:ac:11:00:03","Networks":{"bridge":{"IPAMConfig":null,"Links":null,"Aliases":null,"NetworkID":"eba6fdf7ebe51912c859fc2dc83d1407a50db03ea3c296d90f885e8af84b6e93","EndpointID":"692f30c6e93a1486104b6273bdc38b1f926e45528d0b3ff49b5fe2d91ed6b329","Gateway":"172.17.0.1","IPAddress":"172.17.0.3","IPPrefixLen":16,"IPv6Gateway":"","GlobalIPv6Address":"","GlobalIPv6PrefixLen":0,"MacAddress":"02:42:ac:11:00:03","DriverOpts":null}}}}[\n]"
22:07:08.663 [Test worker] DEBUG com.github.dockerjava.zerodep.shaded.org.apache.hc.client5.http.wire - http-outgoing-2 << "[\r][\n]"
22:07:08.664 [Test worker] DEBUG com.github.dockerjava.zerodep.shaded.org.apache.hc.client5.http.wire - http-outgoing-2 << "0[\r][\n]"
22:07:08.664 [Test worker] DEBUG com.github.dockerjava.zerodep.shaded.org.apache.hc.client5.http.wire - http-outgoing-2 << "[\r][\n]"
22:07:08.664 [Test worker] DEBUG com.github.dockerjava.zerodep.shaded.org.apache.hc.client5.http.impl.classic.InternalHttpClient - ep-00000030: releasing valid endpoint
22:07:08.664 [Test worker] DEBUG com.github.dockerjava.zerodep.shaded.org.apache.hc.client5.http.impl.io.PoolingHttpClientConnectionManager - ep-00000030: releasing endpoint
22:07:08.664 [Test worker] DEBUG com.github.dockerjava.zerodep.shaded.org.apache.hc.client5.http.impl.io.PoolingHttpClientConnectionManager - ep-00000030: connection http-outgoing-2 can be kept alive for 3 MINUTES
22:07:08.664 [Test worker] DEBUG com.github.dockerjava.zerodep.shaded.org.apache.hc.client5.http.impl.io.PoolingHttpClientConnectionManager - ep-00000030: connection released [route: {}->unix://localhost:2375][total available: 1; route allocated: 1 of 2147483647; total allocated: 1 of 2147483647]
22:07:08.664 [Test worker] DEBUG ]]>&#x1f433;<![CDATA[ [mysql:latest] - Trying to create JDBC connection using com.mysql.cj.jdbc.Driver to jdbc:mysql://localhost:50897/adm_videos?useSSL=false&allowPublicKeyRetrieval=true with properties: {password=123456, user=root}
22:07:08.770 [Test worker] DEBUG org.testcontainers.shaded.com.github.dockerjava.core.command.AbstrDockerCmd - Cmd: 511b2d736fd4c4da08b79110fd21fdaa756368e4971eb130f8114450b3efc085,false
22:07:08.771 [Test worker] DEBUG org.testcontainers.shaded.com.github.dockerjava.core.exec.InspectContainerCmdExec - GET: DefaultWebTarget{path=[/containers/511b2d736fd4c4da08b79110fd21fdaa756368e4971eb130f8114450b3efc085/json], queryParams={}}
22:07:08.771 [Test worker] DEBUG com.github.dockerjava.zerodep.shaded.org.apache.hc.client5.http.impl.classic.InternalHttpClient - ex-00000032: preparing request execution
22:07:08.777 [Test worker] DEBUG com.github.dockerjava.zerodep.shaded.org.apache.hc.client5.http.protocol.RequestAddCookies - Cookie spec selected: strict
22:07:08.777 [Test worker] DEBUG com.github.dockerjava.zerodep.shaded.org.apache.hc.client5.http.protocol.RequestAuthCache - Auth cache not set in the context
22:07:08.777 [Test worker] DEBUG com.github.dockerjava.zerodep.shaded.org.apache.hc.client5.http.impl.classic.ProtocolExec - ex-00000032: target auth state: UNCHALLENGED
22:07:08.777 [Test worker] DEBUG com.github.dockerjava.zerodep.shaded.org.apache.hc.client5.http.impl.classic.ProtocolExec - ex-00000032: proxy auth state: UNCHALLENGED
22:07:08.777 [Test worker] DEBUG com.github.dockerjava.zerodep.shaded.org.apache.hc.client5.http.impl.classic.ConnectExec - ex-00000032: acquiring connection with route {}->unix://localhost:2375
22:07:08.777 [Test worker] DEBUG com.github.dockerjava.zerodep.shaded.org.apache.hc.client5.http.impl.classic.InternalHttpClient - ex-00000032: acquiring endpoint (3 MINUTES)
22:07:08.778 [Test worker] DEBUG com.github.dockerjava.zerodep.shaded.org.apache.hc.client5.http.impl.io.PoolingHttpClientConnectionManager - ex-00000032: endpoint lease request (3 MINUTES) [route: {}->unix://localhost:2375][total available: 1; route allocated: 1 of 2147483647; total allocated: 1 of 2147483647]
22:07:08.778 [Test worker] DEBUG com.github.dockerjava.zerodep.shaded.org.apache.hc.client5.http.impl.io.PoolingHttpClientConnectionManager - ex-00000032: endpoint leased [route: {}->unix://localhost:2375][total available: 0; route allocated: 1 of 2147483647; total allocated: 1 of 2147483647]
22:07:08.779 [Test worker] DEBUG com.github.dockerjava.zerodep.shaded.org.apache.hc.client5.http.impl.io.PoolingHttpClientConnectionManager - ex-00000032: acquired ep-00000031
22:07:08.779 [Test worker] DEBUG com.github.dockerjava.zerodep.shaded.org.apache.hc.client5.http.impl.classic.InternalHttpClient - ex-00000032: acquired endpoint ep-00000031
22:07:08.779 [Test worker] DEBUG com.github.dockerjava.zerodep.shaded.org.apache.hc.client5.http.impl.classic.MainClientExec - ex-00000032: executing GET /v1.32/containers/511b2d736fd4c4da08b79110fd21fdaa756368e4971eb130f8114450b3efc085/json HTTP/1.1
22:07:08.779 [Test worker] DEBUG com.github.dockerjava.zerodep.shaded.org.apache.hc.client5.http.impl.classic.InternalHttpClient - ep-00000031: start execution ex-00000032
22:07:08.779 [Test worker] DEBUG com.github.dockerjava.zerodep.shaded.org.apache.hc.client5.http.impl.io.PoolingHttpClientConnectionManager - ep-00000031: executing exchange ex-00000032 over http-outgoing-2
22:07:08.779 [Test worker] DEBUG com.github.dockerjava.zerodep.shaded.org.apache.hc.client5.http.headers - http-outgoing-2 >> GET /v1.32/containers/511b2d736fd4c4da08b79110fd21fdaa756368e4971eb130f8114450b3efc085/json HTTP/1.1
22:07:08.779 [Test worker] DEBUG com.github.dockerjava.zerodep.shaded.org.apache.hc.client5.http.headers - http-outgoing-2 >> accept: application/json
22:07:08.779 [Test worker] DEBUG com.github.dockerjava.zerodep.shaded.org.apache.hc.client5.http.headers - http-outgoing-2 >> x-tc-sid: c721e8e0-dbbd-4305-a748-6be2465f786d
22:07:08.779 [Test worker] DEBUG com.github.dockerjava.zerodep.shaded.org.apache.hc.client5.http.headers - http-outgoing-2 >> Accept-Encoding: gzip, x-gzip, deflate
22:07:08.779 [Test worker] DEBUG com.github.dockerjava.zerodep.shaded.org.apache.hc.client5.http.headers - http-outgoing-2 >> Host: localhost:2375
22:07:08.779 [Test worker] DEBUG com.github.dockerjava.zerodep.shaded.org.apache.hc.client5.http.headers - http-outgoing-2 >> Connection: keep-alive
22:07:08.779 [Test worker] DEBUG com.github.dockerjava.zerodep.shaded.org.apache.hc.client5.http.headers - http-outgoing-2 >> User-Agent: Apache-HttpClient/5.0.3 (Java/17.0.2)
22:07:08.779 [Test worker] DEBUG com.github.dockerjava.zerodep.shaded.org.apache.hc.client5.http.wire - http-outgoing-2 >> "GET /v1.32/containers/511b2d736fd4c4da08b79110fd21fdaa756368e4971eb130f8114450b3efc085/json HTTP/1.1[\r][\n]"
22:07:08.779 [Test worker] DEBUG com.github.dockerjava.zerodep.shaded.org.apache.hc.client5.http.wire - http-outgoing-2 >> "accept: application/json[\r][\n]"
22:07:08.779 [Test worker] DEBUG com.github.dockerjava.zerodep.shaded.org.apache.hc.client5.http.wire - http-outgoing-2 >> "x-tc-sid: c721e8e0-dbbd-4305-a748-6be2465f786d[\r][\n]"
22:07:08.779 [Test worker] DEBUG com.github.dockerjava.zerodep.shaded.org.apache.hc.client5.http.wire - http-outgoing-2 >> "Accept-Encoding: gzip, x-gzip, deflate[\r][\n]"
22:07:08.779 [Test worker] DEBUG com.github.dockerjava.zerodep.shaded.org.apache.hc.client5.http.wire - http-outgoing-2 >> "Host: localhost:2375[\r][\n]"
22:07:08.779 [Test worker] DEBUG com.github.dockerjava.zerodep.shaded.org.apache.hc.client5.http.wire - http-outgoing-2 >> "Connection: keep-alive[\r][\n]"
22:07:08.779 [Test worker] DEBUG com.github.dockerjava.zerodep.shaded.org.apache.hc.client5.http.wire - http-outgoing-2 >> "User-Agent: Apache-HttpClient/5.0.3 (Java/17.0.2)[\r][\n]"
22:07:08.779 [Test worker] DEBUG com.github.dockerjava.zerodep.shaded.org.apache.hc.client5.http.wire - http-outgoing-2 >> "[\r][\n]"
22:07:08.781 [Test worker] DEBUG com.github.dockerjava.zerodep.shaded.org.apache.hc.client5.http.wire - http-outgoing-2 << "HTTP/1.1 200 OK[\r][\n]"
22:07:08.781 [Test worker] DEBUG com.github.dockerjava.zerodep.shaded.org.apache.hc.client5.http.wire - http-outgoing-2 << "Api-Version: 1.41[\r][\n]"
22:07:08.781 [Test worker] DEBUG com.github.dockerjava.zerodep.shaded.org.apache.hc.client5.http.wire - http-outgoing-2 << "Content-Type: application/json[\r][\n]"
22:07:08.781 [Test worker] DEBUG com.github.dockerjava.zerodep.shaded.org.apache.hc.client5.http.wire - http-outgoing-2 << "Date: Mon, 03 Apr 2023 01:07:08 GMT[\r][\n]"
22:07:08.782 [Test worker] DEBUG com.github.dockerjava.zerodep.shaded.org.apache.hc.client5.http.wire - http-outgoing-2 << "Docker-Experimental: false[\r][\n]"
22:07:08.782 [Test worker] DEBUG com.github.dockerjava.zerodep.shaded.org.apache.hc.client5.http.wire - http-outgoing-2 << "Ostype: linux[\r][\n]"
22:07:08.782 [Test worker] DEBUG com.github.dockerjava.zerodep.shaded.org.apache.hc.client5.http.wire - http-outgoing-2 << "Server: Docker/20.10.21 (linux)[\r][\n]"
22:07:08.782 [Test worker] DEBUG com.github.dockerjava.zerodep.shaded.org.apache.hc.client5.http.wire - http-outgoing-2 << "Transfer-Encoding: chunked[\r][\n]"
22:07:08.782 [Test worker] DEBUG com.github.dockerjava.zerodep.shaded.org.apache.hc.client5.http.wire - http-outgoing-2 << "[\r][\n]"
22:07:08.782 [Test worker] DEBUG com.github.dockerjava.zerodep.shaded.org.apache.hc.client5.http.headers - http-outgoing-2 << HTTP/1.1 200 OK
22:07:08.782 [Test worker] DEBUG com.github.dockerjava.zerodep.shaded.org.apache.hc.client5.http.headers - http-outgoing-2 << Api-Version: 1.41
22:07:08.782 [Test worker] DEBUG com.github.dockerjava.zerodep.shaded.org.apache.hc.client5.http.headers - http-outgoing-2 << Content-Type: application/json
22:07:08.782 [Test worker] DEBUG com.github.dockerjava.zerodep.shaded.org.apache.hc.client5.http.headers - http-outgoing-2 << Date: Mon, 03 Apr 2023 01:07:08 GMT
22:07:08.782 [Test worker] DEBUG com.github.dockerjava.zerodep.shaded.org.apache.hc.client5.http.headers - http-outgoing-2 << Docker-Experimental: false
22:07:08.782 [Test worker] DEBUG com.github.dockerjava.zerodep.shaded.org.apache.hc.client5.http.headers - http-outgoing-2 << Ostype: linux
22:07:08.782 [Test worker] DEBUG com.github.dockerjava.zerodep.shaded.org.apache.hc.client5.http.headers - http-outgoing-2 << Server: Docker/20.10.21 (linux)
22:07:08.782 [Test worker] DEBUG com.github.dockerjava.zerodep.shaded.org.apache.hc.client5.http.headers - http-outgoing-2 << Transfer-Encoding: chunked
22:07:08.782 [Test worker] DEBUG com.github.dockerjava.zerodep.shaded.org.apache.hc.client5.http.impl.classic.MainClientExec - ex-00000032: connection can be kept alive for 3 MINUTES
22:07:08.783 [Test worker] DEBUG com.github.dockerjava.zerodep.shaded.org.apache.hc.client5.http.wire - http-outgoing-2 << "18c0[\r][\n]"
22:07:08.783 [Test worker] DEBUG com.github.dockerjava.zerodep.shaded.org.apache.hc.client5.http.wire - http-outgoing-2 << "{"Id":"511b2d736fd4c4da08b79110fd21fdaa756368e4971eb130f8114450b3efc085","Created":"2023-04-03T01:07:04.201309337Z","Path":"docker-entrypoint.sh","Args":["mysqld"],"State":{"Status":"running","Running":true,"Paused":false,"Restarting":false,"OOMKilled":false,"Dead":false,"Pid":2724,"ExitCode":0,"Error":"","StartedAt":"2023-04-03T01:07:04.498400921Z","FinishedAt":"0001-01-01T00:00:00Z"},"Image":"sha256:c7c54c29e20dccc1aefb936c8eba8bb8b98b87a4921102aba87fde2df5810af9","ResolvConfPath":"/var/lib/docker/containers/511b2d736fd4c4da08b79110fd21fdaa756368e4971eb130f8114450b3efc085/resolv.conf","HostnamePath":"/var/lib/docker/containers/511b2d736fd4c4da08b79110fd21fdaa756368e4971eb130f8114450b3efc085/hostname","HostsPath":"/var/lib/docker/containers/511b2d736fd4c4da08b79110fd21fdaa756368e4971eb130f8114450b3efc085/hosts","LogPath":"/var/lib/docker/containers/511b2d736fd4c4da08b79110fd21fdaa756368e4971eb130f8114450b3efc085/511b2d736fd4c4da08b79110fd21fdaa756368e4971eb130f8114450b3efc085-json.log","Name":"/elastic_easley","RestartCount":0,"Driver":"overlay2","Platform":"linux","MountLabel":"","ProcessLabel":"","AppArmorProfile":"","ExecIDs":null,"HostConfig":{"Binds":[],"ContainerIDFile":"","LogConfig":{"Type":"json-file","Config":{}},"NetworkMode":"default","PortBindings":{"3306/tcp":[{"HostIp":"0.0.0.0","HostPort":"0"}]},"RestartPolicy":{"Name":"","MaximumRetryCount":0},"AutoRemove":false,"VolumeDriver":"","VolumesFrom":[],"CapAdd":null,"CapDrop":null,"CgroupnsMode":"private","Dns":null,"DnsOptions":null,"DnsSearch":null,"ExtraHosts":[],"GroupAdd":null,"IpcMode":"shareable","Cgroup":"","Links":null,"OomScoreAdj":0,"PidMode":"","Privileged":false,"PublishAllPorts":false,"ReadonlyRootfs":false,"SecurityOpt":null,"UTSMode":"","UsernsMode":"","ShmSize":67108864,"Runtime":"runc","ConsoleSize":[0,0],"Isolation":"","CpuShares":0,"Memory":0,"NanoCpus":0,"CgroupParent":"","BlkioWeight":0,"BlkioWeightDevice":null,"BlkioDeviceReadBps":null,"BlkioDeviceWriteBps":null,"BlkioDeviceReadIOps":null,"BlkioDeviceWriteIOps":null,"CpuPeriod":0,"CpuQuota":0,"CpuRealtimePeriod":0,"CpuRealtimeRuntime":0,"CpusetCpus":"","CpusetMems":"","Devices":null,"DeviceCgroupRules":null,"DeviceRequests":null,"KernelMemory":0,"KernelMemoryTCP":0,"MemoryReservation":0,"MemorySwap":0,"MemorySwappiness":null,"OomKillDisable":null,"PidsLimit":null,"Ulimits":null,"CpuCount":0,"CpuPercent":0,"IOMaximumIOps":0,"IOMaximumBandwidth":0,"MaskedPaths":["/proc/asound","/proc/acpi","/proc/kcore","/proc/keys","/proc/latency_stats","/proc/timer_list","/proc/timer_stats","/proc/sched_debug","/proc/scsi","/sys/firmware"],"ReadonlyPaths":["/proc/bus","/proc/fs","/proc/irq","/proc/sys","/proc/sysrq-trigger"]},"GraphDriver":{"Data":{"LowerDir":"/var/lib/docker/overlay2/5ada145d0e3939fe5ed2118eea99b9f10241aeee200293145c73dce66470a568-init/diff:/var/lib/docker/overlay2/1bd8849d7a296305617011f940aa5cfabbe972a513397b1b6bbc27639b6c1f30/diff:/var/lib/docker/overlay2/199d69b2fbf78af4d4c95dec4fd2f8835ab0347eb49fb20ebb2ff3b99fedd6ad/diff:/var/lib/docker/overlay2/d83c38d654989311f75b9491329846033bfb7714de76ef635380dcfad5c740d9/diff:/var/lib/docker/overlay2/08600d0aea2ab2728bebcf5d2589c640a842f53d1ba3c4a4adccb4d03b923cf6/diff:/var/lib/docker/overlay2/9ec7c63a3fb14d13ac788bbf5e282ca821edc41260b79944e5e631037d13ecda/diff:/var/lib/docker/overlay2/db601d7a1b4ea6da638db620462f0da96fa55c559d02269c9ddb09027936ed87/diff:/var/lib/docker/overlay2/a6d2bd03f942e2565f21e74cfe152c7ec836a1c2b583f0790c685b92bdcfda24/diff:/var/lib/docker/overlay2/9badd16ea2c5e2bf1fde8b579683e41137dfc46ed5449234149f199a6751cc84/diff:/var/lib/docker/overlay2/6efb85646ed12e2d1181ef4cc6f6f6732c00c15a4035fe17ebc4f075ca573c30/diff:/var/lib/docker/overlay2/895d7c0ec09144d6ed33936f4e98e11c18010f7abd708cae1ce43aec7a7f2621/diff:/var/lib/docker/overlay2/1c4ba77aa573ab6e5e5069fd15eae71b3da940bde0f97a922a227ffc8a1d1096/diff","MergedDir":"/var/lib/docker/overlay2/5ada145d0e3939fe5ed2118eea99b9f10241aeee200293145c73dce66470a568/merged","UpperDir":"/var/lib/docker/overlay2/5ada145d0e3939fe5ed2118eea99b9f10241aeee200293145c73dce66470a568/diff","WorkDir":"/var/lib/docker/overlay2/5ada145d0e3939fe5ed2118eea99b9f10241aeee200293145c73dce66470a568/work"},"Name":"overlay2"},"Mounts":[{"Type":"volume","Name":"ac6dcf572a35a68e3a3a5bdf3d1899d89919b8e0b6d7a1beb9c6b19978c4e863","Source":"/var/lib/docker/volumes/ac6dcf572a35a68e3a3a5bdf3d1899d89919b8e0b6d7a1beb9c6b19978c4e863/_data","Destination":"/var/lib/mysql","Driver":"local","Mode":"","RW":true,"Propagation":""}],"Config":{"Hostname":"511b2d736fd4","Domainname":"","User":"","AttachStdin":false,"AttachStdout":false,"AttachStderr":false,"ExposedPorts":{"3306/tcp":{},"33060/tcp":{}},"Tty":false,"OpenStdin":false,"StdinOnce":false,"Env":["MYSQL_DATABASE=adm_videos","MYSQL_PASSWORD=123456","MYSQL_ROOT_PASSWORD=123456","PATH=/usr/local/sbin:/usr/local/bin:/usr/sbin:/usr/bin:/sbin:/bin","GOSU_VERSION=1.16","MYSQL_MAJOR=8.0","MYSQL_VERSION=8.0.32-1.el8","MYSQL_SHELL_VERSION=8.0.32-1.el8"],"Cmd":["mysqld"],"Image":"mysql:latest","Volumes":{"/var/lib/mysql":{}},"WorkingDir":"","Entrypoint":["docker-entrypoint.sh"],"OnBuild":null,"Labels":{"org.testcontainers":"true","org.testcontainers.lang":"java","org.testcontainers.sessionId":"c721e8e0-dbbd-4305-a748-6be2465f786d","org.testcontainers.version":"1.17.6"}},"NetworkSettings":{"Bridge":"","SandboxID":"23a51dba07b22c8536581cd39611755923749e16a93a45ce75c5c8a4a7759981","HairpinMode":false,"LinkLocalIPv6Address":"","LinkLocalIPv6PrefixLen":0,"Ports":{"3306/tcp":[{"HostIp":"0.0.0.0","HostPort":"50897"}],"33060/tcp":null},"SandboxKey":"/var/run/docker/netns/23a51dba07b2","SecondaryIPAddresses":null,"SecondaryIPv6Addresses":null,"EndpointID":"692f30c6e93a1486104b6273bdc38b1f926e45528d0b3ff49b5fe2d91ed6b329","Gateway":"172.17.0.1","GlobalIPv6Address":"","GlobalIPv6PrefixLen":0,"IPAddress":"172.17.0.3","IPPrefixLen":16,"IPv6Gateway":"","MacAddress":"02:42:ac:11:00:03","Networks":{"bridge":{"IPAMConfig":null,"Links":null,"Aliases":null,"NetworkID":"eba6fdf7ebe51912c859fc2dc83d1407a50db03ea3c296d90f885e8af84b6e93","EndpointID":"692f30c6e93a1486104b6273bdc38b1f926e45528d0b3ff49b5fe2d91ed6b329","Gateway":"172.17.0.1","IPAddress":"172.17.0.3","IPPrefixLen":16,"IPv6Gateway":"","GlobalIPv6Address":"","GlobalIPv6PrefixLen":0,"MacAddress":"02:42:ac:11:00:03","DriverOpts":null}}}}[\n]"
22:07:08.783 [Test worker] DEBUG com.github.dockerjava.zerodep.shaded.org.apache.hc.client5.http.wire - http-outgoing-2 << "[\r][\n]"
22:07:08.783 [Test worker] DEBUG com.github.dockerjava.zerodep.shaded.org.apache.hc.client5.http.wire - http-outgoing-2 << "0[\r][\n]"
22:07:08.783 [Test worker] DEBUG com.github.dockerjava.zerodep.shaded.org.apache.hc.client5.http.wire - http-outgoing-2 << "[\r][\n]"
22:07:08.783 [Test worker] DEBUG com.github.dockerjava.zerodep.shaded.org.apache.hc.client5.http.impl.classic.InternalHttpClient - ep-00000031: releasing valid endpoint
22:07:08.783 [Test worker] DEBUG com.github.dockerjava.zerodep.shaded.org.apache.hc.client5.http.impl.io.PoolingHttpClientConnectionManager - ep-00000031: releasing endpoint
22:07:08.783 [Test worker] DEBUG com.github.dockerjava.zerodep.shaded.org.apache.hc.client5.http.impl.io.PoolingHttpClientConnectionManager - ep-00000031: connection http-outgoing-2 can be kept alive for 3 MINUTES
22:07:08.783 [Test worker] DEBUG com.github.dockerjava.zerodep.shaded.org.apache.hc.client5.http.impl.io.PoolingHttpClientConnectionManager - ep-00000031: connection released [route: {}->unix://localhost:2375][total available: 1; route allocated: 1 of 2147483647; total allocated: 1 of 2147483647]
22:07:08.784 [Test worker] DEBUG ]]>&#x1f433;<![CDATA[ [mysql:latest] - Trying to create JDBC connection using com.mysql.cj.jdbc.Driver to jdbc:mysql://localhost:50897/adm_videos?useSSL=false&allowPublicKeyRetrieval=true with properties: {password=123456, user=root}
22:07:08.886 [Test worker] DEBUG org.testcontainers.shaded.com.github.dockerjava.core.command.AbstrDockerCmd - Cmd: 511b2d736fd4c4da08b79110fd21fdaa756368e4971eb130f8114450b3efc085,false
22:07:08.886 [Test worker] DEBUG org.testcontainers.shaded.com.github.dockerjava.core.exec.InspectContainerCmdExec - GET: DefaultWebTarget{path=[/containers/511b2d736fd4c4da08b79110fd21fdaa756368e4971eb130f8114450b3efc085/json], queryParams={}}
22:07:08.887 [Test worker] DEBUG com.github.dockerjava.zerodep.shaded.org.apache.hc.client5.http.impl.classic.InternalHttpClient - ex-00000033: preparing request execution
22:07:08.887 [Test worker] DEBUG com.github.dockerjava.zerodep.shaded.org.apache.hc.client5.http.protocol.RequestAddCookies - Cookie spec selected: strict
22:07:08.887 [Test worker] DEBUG com.github.dockerjava.zerodep.shaded.org.apache.hc.client5.http.protocol.RequestAuthCache - Auth cache not set in the context
22:07:08.887 [Test worker] DEBUG com.github.dockerjava.zerodep.shaded.org.apache.hc.client5.http.impl.classic.ProtocolExec - ex-00000033: target auth state: UNCHALLENGED
22:07:08.887 [Test worker] DEBUG com.github.dockerjava.zerodep.shaded.org.apache.hc.client5.http.impl.classic.ProtocolExec - ex-00000033: proxy auth state: UNCHALLENGED
22:07:08.887 [Test worker] DEBUG com.github.dockerjava.zerodep.shaded.org.apache.hc.client5.http.impl.classic.ConnectExec - ex-00000033: acquiring connection with route {}->unix://localhost:2375
22:07:08.887 [Test worker] DEBUG com.github.dockerjava.zerodep.shaded.org.apache.hc.client5.http.impl.classic.InternalHttpClient - ex-00000033: acquiring endpoint (3 MINUTES)
22:07:08.887 [Test worker] DEBUG com.github.dockerjava.zerodep.shaded.org.apache.hc.client5.http.impl.io.PoolingHttpClientConnectionManager - ex-00000033: endpoint lease request (3 MINUTES) [route: {}->unix://localhost:2375][total available: 1; route allocated: 1 of 2147483647; total allocated: 1 of 2147483647]
22:07:08.887 [Test worker] DEBUG com.github.dockerjava.zerodep.shaded.org.apache.hc.client5.http.impl.io.PoolingHttpClientConnectionManager - ex-00000033: endpoint leased [route: {}->unix://localhost:2375][total available: 0; route allocated: 1 of 2147483647; total allocated: 1 of 2147483647]
22:07:08.887 [Test worker] DEBUG com.github.dockerjava.zerodep.shaded.org.apache.hc.client5.http.impl.io.PoolingHttpClientConnectionManager - ex-00000033: acquired ep-00000032
22:07:08.887 [Test worker] DEBUG com.github.dockerjava.zerodep.shaded.org.apache.hc.client5.http.impl.classic.InternalHttpClient - ex-00000033: acquired endpoint ep-00000032
22:07:08.887 [Test worker] DEBUG com.github.dockerjava.zerodep.shaded.org.apache.hc.client5.http.impl.classic.MainClientExec - ex-00000033: executing GET /v1.32/containers/511b2d736fd4c4da08b79110fd21fdaa756368e4971eb130f8114450b3efc085/json HTTP/1.1
22:07:08.887 [Test worker] DEBUG com.github.dockerjava.zerodep.shaded.org.apache.hc.client5.http.impl.classic.InternalHttpClient - ep-00000032: start execution ex-00000033
22:07:08.887 [Test worker] DEBUG com.github.dockerjava.zerodep.shaded.org.apache.hc.client5.http.impl.io.PoolingHttpClientConnectionManager - ep-00000032: executing exchange ex-00000033 over http-outgoing-2
22:07:08.887 [Test worker] DEBUG com.github.dockerjava.zerodep.shaded.org.apache.hc.client5.http.headers - http-outgoing-2 >> GET /v1.32/containers/511b2d736fd4c4da08b79110fd21fdaa756368e4971eb130f8114450b3efc085/json HTTP/1.1
22:07:08.887 [Test worker] DEBUG com.github.dockerjava.zerodep.shaded.org.apache.hc.client5.http.headers - http-outgoing-2 >> accept: application/json
22:07:08.887 [Test worker] DEBUG com.github.dockerjava.zerodep.shaded.org.apache.hc.client5.http.headers - http-outgoing-2 >> x-tc-sid: c721e8e0-dbbd-4305-a748-6be2465f786d
22:07:08.887 [Test worker] DEBUG com.github.dockerjava.zerodep.shaded.org.apache.hc.client5.http.headers - http-outgoing-2 >> Accept-Encoding: gzip, x-gzip, deflate
22:07:08.887 [Test worker] DEBUG com.github.dockerjava.zerodep.shaded.org.apache.hc.client5.http.headers - http-outgoing-2 >> Host: localhost:2375
22:07:08.887 [Test worker] DEBUG com.github.dockerjava.zerodep.shaded.org.apache.hc.client5.http.headers - http-outgoing-2 >> Connection: keep-alive
22:07:08.887 [Test worker] DEBUG com.github.dockerjava.zerodep.shaded.org.apache.hc.client5.http.headers - http-outgoing-2 >> User-Agent: Apache-HttpClient/5.0.3 (Java/17.0.2)
22:07:08.887 [Test worker] DEBUG com.github.dockerjava.zerodep.shaded.org.apache.hc.client5.http.wire - http-outgoing-2 >> "GET /v1.32/containers/511b2d736fd4c4da08b79110fd21fdaa756368e4971eb130f8114450b3efc085/json HTTP/1.1[\r][\n]"
22:07:08.887 [Test worker] DEBUG com.github.dockerjava.zerodep.shaded.org.apache.hc.client5.http.wire - http-outgoing-2 >> "accept: application/json[\r][\n]"
22:07:08.887 [Test worker] DEBUG com.github.dockerjava.zerodep.shaded.org.apache.hc.client5.http.wire - http-outgoing-2 >> "x-tc-sid: c721e8e0-dbbd-4305-a748-6be2465f786d[\r][\n]"
22:07:08.887 [Test worker] DEBUG com.github.dockerjava.zerodep.shaded.org.apache.hc.client5.http.wire - http-outgoing-2 >> "Accept-Encoding: gzip, x-gzip, deflate[\r][\n]"
22:07:08.887 [Test worker] DEBUG com.github.dockerjava.zerodep.shaded.org.apache.hc.client5.http.wire - http-outgoing-2 >> "Host: localhost:2375[\r][\n]"
22:07:08.887 [Test worker] DEBUG com.github.dockerjava.zerodep.shaded.org.apache.hc.client5.http.wire - http-outgoing-2 >> "Connection: keep-alive[\r][\n]"
22:07:08.887 [Test worker] DEBUG com.github.dockerjava.zerodep.shaded.org.apache.hc.client5.http.wire - http-outgoing-2 >> "User-Agent: Apache-HttpClient/5.0.3 (Java/17.0.2)[\r][\n]"
22:07:08.888 [Test worker] DEBUG com.github.dockerjava.zerodep.shaded.org.apache.hc.client5.http.wire - http-outgoing-2 >> "[\r][\n]"
22:07:08.889 [Test worker] DEBUG com.github.dockerjava.zerodep.shaded.org.apache.hc.client5.http.wire - http-outgoing-2 << "HTTP/1.1 200 OK[\r][\n]"
22:07:08.889 [Test worker] DEBUG com.github.dockerjava.zerodep.shaded.org.apache.hc.client5.http.wire - http-outgoing-2 << "Api-Version: 1.41[\r][\n]"
22:07:08.889 [Test worker] DEBUG com.github.dockerjava.zerodep.shaded.org.apache.hc.client5.http.wire - http-outgoing-2 << "Content-Type: application/json[\r][\n]"
22:07:08.889 [Test worker] DEBUG com.github.dockerjava.zerodep.shaded.org.apache.hc.client5.http.wire - http-outgoing-2 << "Date: Mon, 03 Apr 2023 01:07:08 GMT[\r][\n]"
22:07:08.889 [Test worker] DEBUG com.github.dockerjava.zerodep.shaded.org.apache.hc.client5.http.wire - http-outgoing-2 << "Docker-Experimental: false[\r][\n]"
22:07:08.889 [Test worker] DEBUG com.github.dockerjava.zerodep.shaded.org.apache.hc.client5.http.wire - http-outgoing-2 << "Ostype: linux[\r][\n]"
22:07:08.889 [Test worker] DEBUG com.github.dockerjava.zerodep.shaded.org.apache.hc.client5.http.wire - http-outgoing-2 << "Server: Docker/20.10.21 (linux)[\r][\n]"
22:07:08.889 [Test worker] DEBUG com.github.dockerjava.zerodep.shaded.org.apache.hc.client5.http.wire - http-outgoing-2 << "Transfer-Encoding: chunked[\r][\n]"
22:07:08.889 [Test worker] DEBUG com.github.dockerjava.zerodep.shaded.org.apache.hc.client5.http.wire - http-outgoing-2 << "[\r][\n]"
22:07:08.889 [Test worker] DEBUG com.github.dockerjava.zerodep.shaded.org.apache.hc.client5.http.headers - http-outgoing-2 << HTTP/1.1 200 OK
22:07:08.889 [Test worker] DEBUG com.github.dockerjava.zerodep.shaded.org.apache.hc.client5.http.headers - http-outgoing-2 << Api-Version: 1.41
22:07:08.889 [Test worker] DEBUG com.github.dockerjava.zerodep.shaded.org.apache.hc.client5.http.headers - http-outgoing-2 << Content-Type: application/json
22:07:08.889 [Test worker] DEBUG com.github.dockerjava.zerodep.shaded.org.apache.hc.client5.http.headers - http-outgoing-2 << Date: Mon, 03 Apr 2023 01:07:08 GMT
22:07:08.889 [Test worker] DEBUG com.github.dockerjava.zerodep.shaded.org.apache.hc.client5.http.headers - http-outgoing-2 << Docker-Experimental: false
22:07:08.889 [Test worker] DEBUG com.github.dockerjava.zerodep.shaded.org.apache.hc.client5.http.headers - http-outgoing-2 << Ostype: linux
22:07:08.889 [Test worker] DEBUG com.github.dockerjava.zerodep.shaded.org.apache.hc.client5.http.headers - http-outgoing-2 << Server: Docker/20.10.21 (linux)
22:07:08.889 [Test worker] DEBUG com.github.dockerjava.zerodep.shaded.org.apache.hc.client5.http.headers - http-outgoing-2 << Transfer-Encoding: chunked
22:07:08.889 [Test worker] DEBUG com.github.dockerjava.zerodep.shaded.org.apache.hc.client5.http.impl.classic.MainClientExec - ex-00000033: connection can be kept alive for 3 MINUTES
22:07:08.890 [Test worker] DEBUG com.github.dockerjava.zerodep.shaded.org.apache.hc.client5.http.wire - http-outgoing-2 << "18c0[\r][\n]"
22:07:08.890 [Test worker] DEBUG com.github.dockerjava.zerodep.shaded.org.apache.hc.client5.http.wire - http-outgoing-2 << "{"Id":"511b2d736fd4c4da08b79110fd21fdaa756368e4971eb130f8114450b3efc085","Created":"2023-04-03T01:07:04.201309337Z","Path":"docker-entrypoint.sh","Args":["mysqld"],"State":{"Status":"running","Running":true,"Paused":false,"Restarting":false,"OOMKilled":false,"Dead":false,"Pid":2724,"ExitCode":0,"Error":"","StartedAt":"2023-04-03T01:07:04.498400921Z","FinishedAt":"0001-01-01T00:00:00Z"},"Image":"sha256:c7c54c29e20dccc1aefb936c8eba8bb8b98b87a4921102aba87fde2df5810af9","ResolvConfPath":"/var/lib/docker/containers/511b2d736fd4c4da08b79110fd21fdaa756368e4971eb130f8114450b3efc085/resolv.conf","HostnamePath":"/var/lib/docker/containers/511b2d736fd4c4da08b79110fd21fdaa756368e4971eb130f8114450b3efc085/hostname","HostsPath":"/var/lib/docker/containers/511b2d736fd4c4da08b79110fd21fdaa756368e4971eb130f8114450b3efc085/hosts","LogPath":"/var/lib/docker/containers/511b2d736fd4c4da08b79110fd21fdaa756368e4971eb130f8114450b3efc085/511b2d736fd4c4da08b79110fd21fdaa756368e4971eb130f8114450b3efc085-json.log","Name":"/elastic_easley","RestartCount":0,"Driver":"overlay2","Platform":"linux","MountLabel":"","ProcessLabel":"","AppArmorProfile":"","ExecIDs":null,"HostConfig":{"Binds":[],"ContainerIDFile":"","LogConfig":{"Type":"json-file","Config":{}},"NetworkMode":"default","PortBindings":{"3306/tcp":[{"HostIp":"0.0.0.0","HostPort":"0"}]},"RestartPolicy":{"Name":"","MaximumRetryCount":0},"AutoRemove":false,"VolumeDriver":"","VolumesFrom":[],"CapAdd":null,"CapDrop":null,"CgroupnsMode":"private","Dns":null,"DnsOptions":null,"DnsSearch":null,"ExtraHosts":[],"GroupAdd":null,"IpcMode":"shareable","Cgroup":"","Links":null,"OomScoreAdj":0,"PidMode":"","Privileged":false,"PublishAllPorts":false,"ReadonlyRootfs":false,"SecurityOpt":null,"UTSMode":"","UsernsMode":"","ShmSize":67108864,"Runtime":"runc","ConsoleSize":[0,0],"Isolation":"","CpuShares":0,"Memory":0,"NanoCpus":0,"CgroupParent":"","BlkioWeight":0,"BlkioWeightDevice":null,"BlkioDeviceReadBps":null,"BlkioDeviceWriteBps":null,"BlkioDeviceReadIOps":null,"BlkioDeviceWriteIOps":null,"CpuPeriod":0,"CpuQuota":0,"CpuRealtimePeriod":0,"CpuRealtimeRuntime":0,"CpusetCpus":"","CpusetMems":"","Devices":null,"DeviceCgroupRules":null,"DeviceRequests":null,"KernelMemory":0,"KernelMemoryTCP":0,"MemoryReservation":0,"MemorySwap":0,"MemorySwappiness":null,"OomKillDisable":null,"PidsLimit":null,"Ulimits":null,"CpuCount":0,"CpuPercent":0,"IOMaximumIOps":0,"IOMaximumBandwidth":0,"MaskedPaths":["/proc/asound","/proc/acpi","/proc/kcore","/proc/keys","/proc/latency_stats","/proc/timer_list","/proc/timer_stats","/proc/sched_debug","/proc/scsi","/sys/firmware"],"ReadonlyPaths":["/proc/bus","/proc/fs","/proc/irq","/proc/sys","/proc/sysrq-trigger"]},"GraphDriver":{"Data":{"LowerDir":"/var/lib/docker/overlay2/5ada145d0e3939fe5ed2118eea99b9f10241aeee200293145c73dce66470a568-init/diff:/var/lib/docker/overlay2/1bd8849d7a296305617011f940aa5cfabbe972a513397b1b6bbc27639b6c1f30/diff:/var/lib/docker/overlay2/199d69b2fbf78af4d4c95dec4fd2f8835ab0347eb49fb20ebb2ff3b99fedd6ad/diff:/var/lib/docker/overlay2/d83c38d654989311f75b9491329846033bfb7714de76ef635380dcfad5c740d9/diff:/var/lib/docker/overlay2/08600d0aea2ab2728bebcf5d2589c640a842f53d1ba3c4a4adccb4d03b923cf6/diff:/var/lib/docker/overlay2/9ec7c63a3fb14d13ac788bbf5e282ca821edc41260b79944e5e631037d13ecda/diff:/var/lib/docker/overlay2/db601d7a1b4ea6da638db620462f0da96fa55c559d02269c9ddb09027936ed87/diff:/var/lib/docker/overlay2/a6d2bd03f942e2565f21e74cfe152c7ec836a1c2b583f0790c685b92bdcfda24/diff:/var/lib/docker/overlay2/9badd16ea2c5e2bf1fde8b579683e41137dfc46ed5449234149f199a6751cc84/diff:/var/lib/docker/overlay2/6efb85646ed12e2d1181ef4cc6f6f6732c00c15a4035fe17ebc4f075ca573c30/diff:/var/lib/docker/overlay2/895d7c0ec09144d6ed33936f4e98e11c18010f7abd708cae1ce43aec7a7f2621/diff:/var/lib/docker/overlay2/1c4ba77aa573ab6e5e5069fd15eae71b3da940bde0f97a922a227ffc8a1d1096/diff","MergedDir":"/var/lib/docker/overlay2/5ada145d0e3939fe5ed2118eea99b9f10241aeee200293145c73dce66470a568/merged","UpperDir":"/var/lib/docker/overlay2/5ada145d0e3939fe5ed2118eea99b9f10241aeee200293145c73dce66470a568/diff","WorkDir":"/var/lib/docker/overlay2/5ada145d0e3939fe5ed2118eea99b9f10241aeee200293145c73dce66470a568/work"},"Name":"overlay2"},"Mounts":[{"Type":"volume","Name":"ac6dcf572a35a68e3a3a5bdf3d1899d89919b8e0b6d7a1beb9c6b19978c4e863","Source":"/var/lib/docker/volumes/ac6dcf572a35a68e3a3a5bdf3d1899d89919b8e0b6d7a1beb9c6b19978c4e863/_data","Destination":"/var/lib/mysql","Driver":"local","Mode":"","RW":true,"Propagation":""}],"Config":{"Hostname":"511b2d736fd4","Domainname":"","User":"","AttachStdin":false,"AttachStdout":false,"AttachStderr":false,"ExposedPorts":{"3306/tcp":{},"33060/tcp":{}},"Tty":false,"OpenStdin":false,"StdinOnce":false,"Env":["MYSQL_DATABASE=adm_videos","MYSQL_PASSWORD=123456","MYSQL_ROOT_PASSWORD=123456","PATH=/usr/local/sbin:/usr/local/bin:/usr/sbin:/usr/bin:/sbin:/bin","GOSU_VERSION=1.16","MYSQL_MAJOR=8.0","MYSQL_VERSION=8.0.32-1.el8","MYSQL_SHELL_VERSION=8.0.32-1.el8"],"Cmd":["mysqld"],"Image":"mysql:latest","Volumes":{"/var/lib/mysql":{}},"WorkingDir":"","Entrypoint":["docker-entrypoint.sh"],"OnBuild":null,"Labels":{"org.testcontainers":"true","org.testcontainers.lang":"java","org.testcontainers.sessionId":"c721e8e0-dbbd-4305-a748-6be2465f786d","org.testcontainers.version":"1.17.6"}},"NetworkSettings":{"Bridge":"","SandboxID":"23a51dba07b22c8536581cd39611755923749e16a93a45ce75c5c8a4a7759981","HairpinMode":false,"LinkLocalIPv6Address":"","LinkLocalIPv6PrefixLen":0,"Ports":{"3306/tcp":[{"HostIp":"0.0.0.0","HostPort":"50897"}],"33060/tcp":null},"SandboxKey":"/var/run/docker/netns/23a51dba07b2","SecondaryIPAddresses":null,"SecondaryIPv6Addresses":null,"EndpointID":"692f30c6e93a1486104b6273bdc38b1f926e45528d0b3ff49b5fe2d91ed6b329","Gateway":"172.17.0.1","GlobalIPv6Address":"","GlobalIPv6PrefixLen":0,"IPAddress":"172.17.0.3","IPPrefixLen":16,"IPv6Gateway":"","MacAddress":"02:42:ac:11:00:03","Networks":{"bridge":{"IPAMConfig":null,"Links":null,"Aliases":null,"NetworkID":"eba6fdf7ebe51912c859fc2dc83d1407a50db03ea3c296d90f885e8af84b6e93","EndpointID":"692f30c6e93a1486104b6273bdc38b1f926e45528d0b3ff49b5fe2d91ed6b329","Gateway":"172.17.0.1","IPAddress":"172.17.0.3","IPPrefixLen":16,"IPv6Gateway":"","GlobalIPv6Address":"","GlobalIPv6PrefixLen":0,"MacAddress":"02:42:ac:11:00:03","DriverOpts":null}}}}[\n]"
22:07:08.890 [Test worker] DEBUG com.github.dockerjava.zerodep.shaded.org.apache.hc.client5.http.wire - http-outgoing-2 << "[\r][\n]"
22:07:08.891 [Test worker] DEBUG com.github.dockerjava.zerodep.shaded.org.apache.hc.client5.http.wire - http-outgoing-2 << "0[\r][\n]"
22:07:08.891 [Test worker] DEBUG com.github.dockerjava.zerodep.shaded.org.apache.hc.client5.http.wire - http-outgoing-2 << "[\r][\n]"
22:07:08.891 [Test worker] DEBUG com.github.dockerjava.zerodep.shaded.org.apache.hc.client5.http.impl.classic.InternalHttpClient - ep-00000032: releasing valid endpoint
22:07:08.891 [Test worker] DEBUG com.github.dockerjava.zerodep.shaded.org.apache.hc.client5.http.impl.io.PoolingHttpClientConnectionManager - ep-00000032: releasing endpoint
22:07:08.891 [Test worker] DEBUG com.github.dockerjava.zerodep.shaded.org.apache.hc.client5.http.impl.io.PoolingHttpClientConnectionManager - ep-00000032: connection http-outgoing-2 can be kept alive for 3 MINUTES
22:07:08.891 [Test worker] DEBUG com.github.dockerjava.zerodep.shaded.org.apache.hc.client5.http.impl.io.PoolingHttpClientConnectionManager - ep-00000032: connection released [route: {}->unix://localhost:2375][total available: 1; route allocated: 1 of 2147483647; total allocated: 1 of 2147483647]
22:07:08.891 [Test worker] DEBUG ]]>&#x1f433;<![CDATA[ [mysql:latest] - Trying to create JDBC connection using com.mysql.cj.jdbc.Driver to jdbc:mysql://localhost:50897/adm_videos?useSSL=false&allowPublicKeyRetrieval=true with properties: {password=123456, user=root}
22:07:08.996 [Test worker] DEBUG org.testcontainers.shaded.com.github.dockerjava.core.command.AbstrDockerCmd - Cmd: 511b2d736fd4c4da08b79110fd21fdaa756368e4971eb130f8114450b3efc085,false
22:07:08.996 [Test worker] DEBUG org.testcontainers.shaded.com.github.dockerjava.core.exec.InspectContainerCmdExec - GET: DefaultWebTarget{path=[/containers/511b2d736fd4c4da08b79110fd21fdaa756368e4971eb130f8114450b3efc085/json], queryParams={}}
22:07:08.996 [Test worker] DEBUG com.github.dockerjava.zerodep.shaded.org.apache.hc.client5.http.impl.classic.InternalHttpClient - ex-00000034: preparing request execution
22:07:08.996 [Test worker] DEBUG com.github.dockerjava.zerodep.shaded.org.apache.hc.client5.http.protocol.RequestAddCookies - Cookie spec selected: strict
22:07:08.997 [Test worker] DEBUG com.github.dockerjava.zerodep.shaded.org.apache.hc.client5.http.protocol.RequestAuthCache - Auth cache not set in the context
22:07:08.997 [Test worker] DEBUG com.github.dockerjava.zerodep.shaded.org.apache.hc.client5.http.impl.classic.ProtocolExec - ex-00000034: target auth state: UNCHALLENGED
22:07:08.997 [Test worker] DEBUG com.github.dockerjava.zerodep.shaded.org.apache.hc.client5.http.impl.classic.ProtocolExec - ex-00000034: proxy auth state: UNCHALLENGED
22:07:08.997 [Test worker] DEBUG com.github.dockerjava.zerodep.shaded.org.apache.hc.client5.http.impl.classic.ConnectExec - ex-00000034: acquiring connection with route {}->unix://localhost:2375
22:07:08.997 [Test worker] DEBUG com.github.dockerjava.zerodep.shaded.org.apache.hc.client5.http.impl.classic.InternalHttpClient - ex-00000034: acquiring endpoint (3 MINUTES)
22:07:08.997 [Test worker] DEBUG com.github.dockerjava.zerodep.shaded.org.apache.hc.client5.http.impl.io.PoolingHttpClientConnectionManager - ex-00000034: endpoint lease request (3 MINUTES) [route: {}->unix://localhost:2375][total available: 1; route allocated: 1 of 2147483647; total allocated: 1 of 2147483647]
22:07:08.997 [Test worker] DEBUG com.github.dockerjava.zerodep.shaded.org.apache.hc.client5.http.impl.io.PoolingHttpClientConnectionManager - ex-00000034: endpoint leased [route: {}->unix://localhost:2375][total available: 0; route allocated: 1 of 2147483647; total allocated: 1 of 2147483647]
22:07:08.997 [Test worker] DEBUG com.github.dockerjava.zerodep.shaded.org.apache.hc.client5.http.impl.io.PoolingHttpClientConnectionManager - ex-00000034: acquired ep-00000033
22:07:08.997 [Test worker] DEBUG com.github.dockerjava.zerodep.shaded.org.apache.hc.client5.http.impl.classic.InternalHttpClient - ex-00000034: acquired endpoint ep-00000033
22:07:08.997 [Test worker] DEBUG com.github.dockerjava.zerodep.shaded.org.apache.hc.client5.http.impl.classic.MainClientExec - ex-00000034: executing GET /v1.32/containers/511b2d736fd4c4da08b79110fd21fdaa756368e4971eb130f8114450b3efc085/json HTTP/1.1
22:07:08.997 [Test worker] DEBUG com.github.dockerjava.zerodep.shaded.org.apache.hc.client5.http.impl.classic.InternalHttpClient - ep-00000033: start execution ex-00000034
22:07:08.997 [Test worker] DEBUG com.github.dockerjava.zerodep.shaded.org.apache.hc.client5.http.impl.io.PoolingHttpClientConnectionManager - ep-00000033: executing exchange ex-00000034 over http-outgoing-2
22:07:08.997 [Test worker] DEBUG com.github.dockerjava.zerodep.shaded.org.apache.hc.client5.http.headers - http-outgoing-2 >> GET /v1.32/containers/511b2d736fd4c4da08b79110fd21fdaa756368e4971eb130f8114450b3efc085/json HTTP/1.1
22:07:08.997 [Test worker] DEBUG com.github.dockerjava.zerodep.shaded.org.apache.hc.client5.http.headers - http-outgoing-2 >> accept: application/json
22:07:08.997 [Test worker] DEBUG com.github.dockerjava.zerodep.shaded.org.apache.hc.client5.http.headers - http-outgoing-2 >> x-tc-sid: c721e8e0-dbbd-4305-a748-6be2465f786d
22:07:08.997 [Test worker] DEBUG com.github.dockerjava.zerodep.shaded.org.apache.hc.client5.http.headers - http-outgoing-2 >> Accept-Encoding: gzip, x-gzip, deflate
22:07:08.997 [Test worker] DEBUG com.github.dockerjava.zerodep.shaded.org.apache.hc.client5.http.headers - http-outgoing-2 >> Host: localhost:2375
22:07:08.997 [Test worker] DEBUG com.github.dockerjava.zerodep.shaded.org.apache.hc.client5.http.headers - http-outgoing-2 >> Connection: keep-alive
22:07:08.997 [Test worker] DEBUG com.github.dockerjava.zerodep.shaded.org.apache.hc.client5.http.headers - http-outgoing-2 >> User-Agent: Apache-HttpClient/5.0.3 (Java/17.0.2)
22:07:08.997 [Test worker] DEBUG com.github.dockerjava.zerodep.shaded.org.apache.hc.client5.http.wire - http-outgoing-2 >> "GET /v1.32/containers/511b2d736fd4c4da08b79110fd21fdaa756368e4971eb130f8114450b3efc085/json HTTP/1.1[\r][\n]"
22:07:08.997 [Test worker] DEBUG com.github.dockerjava.zerodep.shaded.org.apache.hc.client5.http.wire - http-outgoing-2 >> "accept: application/json[\r][\n]"
22:07:08.997 [Test worker] DEBUG com.github.dockerjava.zerodep.shaded.org.apache.hc.client5.http.wire - http-outgoing-2 >> "x-tc-sid: c721e8e0-dbbd-4305-a748-6be2465f786d[\r][\n]"
22:07:08.997 [Test worker] DEBUG com.github.dockerjava.zerodep.shaded.org.apache.hc.client5.http.wire - http-outgoing-2 >> "Accept-Encoding: gzip, x-gzip, deflate[\r][\n]"
22:07:08.997 [Test worker] DEBUG com.github.dockerjava.zerodep.shaded.org.apache.hc.client5.http.wire - http-outgoing-2 >> "Host: localhost:2375[\r][\n]"
22:07:08.997 [Test worker] DEBUG com.github.dockerjava.zerodep.shaded.org.apache.hc.client5.http.wire - http-outgoing-2 >> "Connection: keep-alive[\r][\n]"
22:07:08.997 [Test worker] DEBUG com.github.dockerjava.zerodep.shaded.org.apache.hc.client5.http.wire - http-outgoing-2 >> "User-Agent: Apache-HttpClient/5.0.3 (Java/17.0.2)[\r][\n]"
22:07:08.997 [Test worker] DEBUG com.github.dockerjava.zerodep.shaded.org.apache.hc.client5.http.wire - http-outgoing-2 >> "[\r][\n]"
22:07:08.999 [Test worker] DEBUG com.github.dockerjava.zerodep.shaded.org.apache.hc.client5.http.wire - http-outgoing-2 << "HTTP/1.1 200 OK[\r][\n]"
22:07:08.999 [Test worker] DEBUG com.github.dockerjava.zerodep.shaded.org.apache.hc.client5.http.wire - http-outgoing-2 << "Api-Version: 1.41[\r][\n]"
22:07:08.999 [Test worker] DEBUG com.github.dockerjava.zerodep.shaded.org.apache.hc.client5.http.wire - http-outgoing-2 << "Content-Type: application/json[\r][\n]"
22:07:08.999 [Test worker] DEBUG com.github.dockerjava.zerodep.shaded.org.apache.hc.client5.http.wire - http-outgoing-2 << "Date: Mon, 03 Apr 2023 01:07:08 GMT[\r][\n]"
22:07:08.999 [Test worker] DEBUG com.github.dockerjava.zerodep.shaded.org.apache.hc.client5.http.wire - http-outgoing-2 << "Docker-Experimental: false[\r][\n]"
22:07:08.999 [Test worker] DEBUG com.github.dockerjava.zerodep.shaded.org.apache.hc.client5.http.wire - http-outgoing-2 << "Ostype: linux[\r][\n]"
22:07:08.999 [Test worker] DEBUG com.github.dockerjava.zerodep.shaded.org.apache.hc.client5.http.wire - http-outgoing-2 << "Server: Docker/20.10.21 (linux)[\r][\n]"
22:07:08.999 [Test worker] DEBUG com.github.dockerjava.zerodep.shaded.org.apache.hc.client5.http.wire - http-outgoing-2 << "Transfer-Encoding: chunked[\r][\n]"
22:07:08.999 [Test worker] DEBUG com.github.dockerjava.zerodep.shaded.org.apache.hc.client5.http.wire - http-outgoing-2 << "[\r][\n]"
22:07:08.999 [Test worker] DEBUG com.github.dockerjava.zerodep.shaded.org.apache.hc.client5.http.headers - http-outgoing-2 << HTTP/1.1 200 OK
22:07:08.999 [Test worker] DEBUG com.github.dockerjava.zerodep.shaded.org.apache.hc.client5.http.headers - http-outgoing-2 << Api-Version: 1.41
22:07:08.999 [Test worker] DEBUG com.github.dockerjava.zerodep.shaded.org.apache.hc.client5.http.headers - http-outgoing-2 << Content-Type: application/json
22:07:08.999 [Test worker] DEBUG com.github.dockerjava.zerodep.shaded.org.apache.hc.client5.http.headers - http-outgoing-2 << Date: Mon, 03 Apr 2023 01:07:08 GMT
22:07:08.999 [Test worker] DEBUG com.github.dockerjava.zerodep.shaded.org.apache.hc.client5.http.headers - http-outgoing-2 << Docker-Experimental: false
22:07:08.999 [Test worker] DEBUG com.github.dockerjava.zerodep.shaded.org.apache.hc.client5.http.headers - http-outgoing-2 << Ostype: linux
22:07:08.999 [Test worker] DEBUG com.github.dockerjava.zerodep.shaded.org.apache.hc.client5.http.headers - http-outgoing-2 << Server: Docker/20.10.21 (linux)
22:07:08.999 [Test worker] DEBUG com.github.dockerjava.zerodep.shaded.org.apache.hc.client5.http.headers - http-outgoing-2 << Transfer-Encoding: chunked
22:07:08.999 [Test worker] DEBUG com.github.dockerjava.zerodep.shaded.org.apache.hc.client5.http.impl.classic.MainClientExec - ex-00000034: connection can be kept alive for 3 MINUTES
22:07:09.000 [Test worker] DEBUG com.github.dockerjava.zerodep.shaded.org.apache.hc.client5.http.wire - http-outgoing-2 << "18c0[\r][\n]"
22:07:09.000 [Test worker] DEBUG com.github.dockerjava.zerodep.shaded.org.apache.hc.client5.http.wire - http-outgoing-2 << "{"Id":"511b2d736fd4c4da08b79110fd21fdaa756368e4971eb130f8114450b3efc085","Created":"2023-04-03T01:07:04.201309337Z","Path":"docker-entrypoint.sh","Args":["mysqld"],"State":{"Status":"running","Running":true,"Paused":false,"Restarting":false,"OOMKilled":false,"Dead":false,"Pid":2724,"ExitCode":0,"Error":"","StartedAt":"2023-04-03T01:07:04.498400921Z","FinishedAt":"0001-01-01T00:00:00Z"},"Image":"sha256:c7c54c29e20dccc1aefb936c8eba8bb8b98b87a4921102aba87fde2df5810af9","ResolvConfPath":"/var/lib/docker/containers/511b2d736fd4c4da08b79110fd21fdaa756368e4971eb130f8114450b3efc085/resolv.conf","HostnamePath":"/var/lib/docker/containers/511b2d736fd4c4da08b79110fd21fdaa756368e4971eb130f8114450b3efc085/hostname","HostsPath":"/var/lib/docker/containers/511b2d736fd4c4da08b79110fd21fdaa756368e4971eb130f8114450b3efc085/hosts","LogPath":"/var/lib/docker/containers/511b2d736fd4c4da08b79110fd21fdaa756368e4971eb130f8114450b3efc085/511b2d736fd4c4da08b79110fd21fdaa756368e4971eb130f8114450b3efc085-json.log","Name":"/elastic_easley","RestartCount":0,"Driver":"overlay2","Platform":"linux","MountLabel":"","ProcessLabel":"","AppArmorProfile":"","ExecIDs":null,"HostConfig":{"Binds":[],"ContainerIDFile":"","LogConfig":{"Type":"json-file","Config":{}},"NetworkMode":"default","PortBindings":{"3306/tcp":[{"HostIp":"0.0.0.0","HostPort":"0"}]},"RestartPolicy":{"Name":"","MaximumRetryCount":0},"AutoRemove":false,"VolumeDriver":"","VolumesFrom":[],"CapAdd":null,"CapDrop":null,"CgroupnsMode":"private","Dns":null,"DnsOptions":null,"DnsSearch":null,"ExtraHosts":[],"GroupAdd":null,"IpcMode":"shareable","Cgroup":"","Links":null,"OomScoreAdj":0,"PidMode":"","Privileged":false,"PublishAllPorts":false,"ReadonlyRootfs":false,"SecurityOpt":null,"UTSMode":"","UsernsMode":"","ShmSize":67108864,"Runtime":"runc","ConsoleSize":[0,0],"Isolation":"","CpuShares":0,"Memory":0,"NanoCpus":0,"CgroupParent":"","BlkioWeight":0,"BlkioWeightDevice":null,"BlkioDeviceReadBps":null,"BlkioDeviceWriteBps":null,"BlkioDeviceReadIOps":null,"BlkioDeviceWriteIOps":null,"CpuPeriod":0,"CpuQuota":0,"CpuRealtimePeriod":0,"CpuRealtimeRuntime":0,"CpusetCpus":"","CpusetMems":"","Devices":null,"DeviceCgroupRules":null,"DeviceRequests":null,"KernelMemory":0,"KernelMemoryTCP":0,"MemoryReservation":0,"MemorySwap":0,"MemorySwappiness":null,"OomKillDisable":null,"PidsLimit":null,"Ulimits":null,"CpuCount":0,"CpuPercent":0,"IOMaximumIOps":0,"IOMaximumBandwidth":0,"MaskedPaths":["/proc/asound","/proc/acpi","/proc/kcore","/proc/keys","/proc/latency_stats","/proc/timer_list","/proc/timer_stats","/proc/sched_debug","/proc/scsi","/sys/firmware"],"ReadonlyPaths":["/proc/bus","/proc/fs","/proc/irq","/proc/sys","/proc/sysrq-trigger"]},"GraphDriver":{"Data":{"LowerDir":"/var/lib/docker/overlay2/5ada145d0e3939fe5ed2118eea99b9f10241aeee200293145c73dce66470a568-init/diff:/var/lib/docker/overlay2/1bd8849d7a296305617011f940aa5cfabbe972a513397b1b6bbc27639b6c1f30/diff:/var/lib/docker/overlay2/199d69b2fbf78af4d4c95dec4fd2f8835ab0347eb49fb20ebb2ff3b99fedd6ad/diff:/var/lib/docker/overlay2/d83c38d654989311f75b9491329846033bfb7714de76ef635380dcfad5c740d9/diff:/var/lib/docker/overlay2/08600d0aea2ab2728bebcf5d2589c640a842f53d1ba3c4a4adccb4d03b923cf6/diff:/var/lib/docker/overlay2/9ec7c63a3fb14d13ac788bbf5e282ca821edc41260b79944e5e631037d13ecda/diff:/var/lib/docker/overlay2/db601d7a1b4ea6da638db620462f0da96fa55c559d02269c9ddb09027936ed87/diff:/var/lib/docker/overlay2/a6d2bd03f942e2565f21e74cfe152c7ec836a1c2b583f0790c685b92bdcfda24/diff:/var/lib/docker/overlay2/9badd16ea2c5e2bf1fde8b579683e41137dfc46ed5449234149f199a6751cc84/diff:/var/lib/docker/overlay2/6efb85646ed12e2d1181ef4cc6f6f6732c00c15a4035fe17ebc4f075ca573c30/diff:/var/lib/docker/overlay2/895d7c0ec09144d6ed33936f4e98e11c18010f7abd708cae1ce43aec7a7f2621/diff:/var/lib/docker/overlay2/1c4ba77aa573ab6e5e5069fd15eae71b3da940bde0f97a922a227ffc8a1d1096/diff","MergedDir":"/var/lib/docker/overlay2/5ada145d0e3939fe5ed2118eea99b9f10241aeee200293145c73dce66470a568/merged","UpperDir":"/var/lib/docker/overlay2/5ada145d0e3939fe5ed2118eea99b9f10241aeee200293145c73dce66470a568/diff","WorkDir":"/var/lib/docker/overlay2/5ada145d0e3939fe5ed2118eea99b9f10241aeee200293145c73dce66470a568/work"},"Name":"overlay2"},"Mounts":[{"Type":"volume","Name":"ac6dcf572a35a68e3a3a5bdf3d1899d89919b8e0b6d7a1beb9c6b19978c4e863","Source":"/var/lib/docker/volumes/ac6dcf572a35a68e3a3a5bdf3d1899d89919b8e0b6d7a1beb9c6b19978c4e863/_data","Destination":"/var/lib/mysql","Driver":"local","Mode":"","RW":true,"Propagation":""}],"Config":{"Hostname":"511b2d736fd4","Domainname":"","User":"","AttachStdin":false,"AttachStdout":false,"AttachStderr":false,"ExposedPorts":{"3306/tcp":{},"33060/tcp":{}},"Tty":false,"OpenStdin":false,"StdinOnce":false,"Env":["MYSQL_DATABASE=adm_videos","MYSQL_PASSWORD=123456","MYSQL_ROOT_PASSWORD=123456","PATH=/usr/local/sbin:/usr/local/bin:/usr/sbin:/usr/bin:/sbin:/bin","GOSU_VERSION=1.16","MYSQL_MAJOR=8.0","MYSQL_VERSION=8.0.32-1.el8","MYSQL_SHELL_VERSION=8.0.32-1.el8"],"Cmd":["mysqld"],"Image":"mysql:latest","Volumes":{"/var/lib/mysql":{}},"WorkingDir":"","Entrypoint":["docker-entrypoint.sh"],"OnBuild":null,"Labels":{"org.testcontainers":"true","org.testcontainers.lang":"java","org.testcontainers.sessionId":"c721e8e0-dbbd-4305-a748-6be2465f786d","org.testcontainers.version":"1.17.6"}},"NetworkSettings":{"Bridge":"","SandboxID":"23a51dba07b22c8536581cd39611755923749e16a93a45ce75c5c8a4a7759981","HairpinMode":false,"LinkLocalIPv6Address":"","LinkLocalIPv6PrefixLen":0,"Ports":{"3306/tcp":[{"HostIp":"0.0.0.0","HostPort":"50897"}],"33060/tcp":null},"SandboxKey":"/var/run/docker/netns/23a51dba07b2","SecondaryIPAddresses":null,"SecondaryIPv6Addresses":null,"EndpointID":"692f30c6e93a1486104b6273bdc38b1f926e45528d0b3ff49b5fe2d91ed6b329","Gateway":"172.17.0.1","GlobalIPv6Address":"","GlobalIPv6PrefixLen":0,"IPAddress":"172.17.0.3","IPPrefixLen":16,"IPv6Gateway":"","MacAddress":"02:42:ac:11:00:03","Networks":{"bridge":{"IPAMConfig":null,"Links":null,"Aliases":null,"NetworkID":"eba6fdf7ebe51912c859fc2dc83d1407a50db03ea3c296d90f885e8af84b6e93","EndpointID":"692f30c6e93a1486104b6273bdc38b1f926e45528d0b3ff49b5fe2d91ed6b329","Gateway":"172.17.0.1","IPAddress":"172.17.0.3","IPPrefixLen":16,"IPv6Gateway":"","GlobalIPv6Address":"","GlobalIPv6PrefixLen":0,"MacAddress":"02:42:ac:11:00:03","DriverOpts":null}}}}[\n]"
22:07:09.000 [Test worker] DEBUG com.github.dockerjava.zerodep.shaded.org.apache.hc.client5.http.wire - http-outgoing-2 << "[\r][\n]"
22:07:09.000 [Test worker] DEBUG com.github.dockerjava.zerodep.shaded.org.apache.hc.client5.http.wire - http-outgoing-2 << "0[\r][\n]"
22:07:09.000 [Test worker] DEBUG com.github.dockerjava.zerodep.shaded.org.apache.hc.client5.http.wire - http-outgoing-2 << "[\r][\n]"
22:07:09.000 [Test worker] DEBUG com.github.dockerjava.zerodep.shaded.org.apache.hc.client5.http.impl.classic.InternalHttpClient - ep-00000033: releasing valid endpoint
22:07:09.000 [Test worker] DEBUG com.github.dockerjava.zerodep.shaded.org.apache.hc.client5.http.impl.io.PoolingHttpClientConnectionManager - ep-00000033: releasing endpoint
22:07:09.000 [Test worker] DEBUG com.github.dockerjava.zerodep.shaded.org.apache.hc.client5.http.impl.io.PoolingHttpClientConnectionManager - ep-00000033: connection http-outgoing-2 can be kept alive for 3 MINUTES
22:07:09.001 [Test worker] DEBUG com.github.dockerjava.zerodep.shaded.org.apache.hc.client5.http.impl.io.PoolingHttpClientConnectionManager - ep-00000033: connection released [route: {}->unix://localhost:2375][total available: 1; route allocated: 1 of 2147483647; total allocated: 1 of 2147483647]
22:07:09.001 [Test worker] DEBUG ]]>&#x1f433;<![CDATA[ [mysql:latest] - Trying to create JDBC connection using com.mysql.cj.jdbc.Driver to jdbc:mysql://localhost:50897/adm_videos?useSSL=false&allowPublicKeyRetrieval=true with properties: {password=123456, user=root}
22:07:09.109 [Test worker] DEBUG org.testcontainers.shaded.com.github.dockerjava.core.command.AbstrDockerCmd - Cmd: 511b2d736fd4c4da08b79110fd21fdaa756368e4971eb130f8114450b3efc085,false
22:07:09.112 [Test worker] DEBUG org.testcontainers.shaded.com.github.dockerjava.core.exec.InspectContainerCmdExec - GET: DefaultWebTarget{path=[/containers/511b2d736fd4c4da08b79110fd21fdaa756368e4971eb130f8114450b3efc085/json], queryParams={}}
22:07:09.112 [Test worker] DEBUG com.github.dockerjava.zerodep.shaded.org.apache.hc.client5.http.impl.classic.InternalHttpClient - ex-00000035: preparing request execution
22:07:09.115 [Test worker] DEBUG com.github.dockerjava.zerodep.shaded.org.apache.hc.client5.http.protocol.RequestAddCookies - Cookie spec selected: strict
22:07:09.116 [Test worker] DEBUG com.github.dockerjava.zerodep.shaded.org.apache.hc.client5.http.protocol.RequestAuthCache - Auth cache not set in the context
22:07:09.116 [Test worker] DEBUG com.github.dockerjava.zerodep.shaded.org.apache.hc.client5.http.impl.classic.ProtocolExec - ex-00000035: target auth state: UNCHALLENGED
22:07:09.116 [Test worker] DEBUG com.github.dockerjava.zerodep.shaded.org.apache.hc.client5.http.impl.classic.ProtocolExec - ex-00000035: proxy auth state: UNCHALLENGED
22:07:09.116 [Test worker] DEBUG com.github.dockerjava.zerodep.shaded.org.apache.hc.client5.http.impl.classic.ConnectExec - ex-00000035: acquiring connection with route {}->unix://localhost:2375
22:07:09.116 [Test worker] DEBUG com.github.dockerjava.zerodep.shaded.org.apache.hc.client5.http.impl.classic.InternalHttpClient - ex-00000035: acquiring endpoint (3 MINUTES)
22:07:09.116 [Test worker] DEBUG com.github.dockerjava.zerodep.shaded.org.apache.hc.client5.http.impl.io.PoolingHttpClientConnectionManager - ex-00000035: endpoint lease request (3 MINUTES) [route: {}->unix://localhost:2375][total available: 1; route allocated: 1 of 2147483647; total allocated: 1 of 2147483647]
22:07:09.116 [Test worker] DEBUG com.github.dockerjava.zerodep.shaded.org.apache.hc.client5.http.impl.io.PoolingHttpClientConnectionManager - ex-00000035: endpoint leased [route: {}->unix://localhost:2375][total available: 0; route allocated: 1 of 2147483647; total allocated: 1 of 2147483647]
22:07:09.116 [Test worker] DEBUG com.github.dockerjava.zerodep.shaded.org.apache.hc.client5.http.impl.io.PoolingHttpClientConnectionManager - ex-00000035: acquired ep-00000034
22:07:09.116 [Test worker] DEBUG com.github.dockerjava.zerodep.shaded.org.apache.hc.client5.http.impl.classic.InternalHttpClient - ex-00000035: acquired endpoint ep-00000034
22:07:09.116 [Test worker] DEBUG com.github.dockerjava.zerodep.shaded.org.apache.hc.client5.http.impl.classic.MainClientExec - ex-00000035: executing GET /v1.32/containers/511b2d736fd4c4da08b79110fd21fdaa756368e4971eb130f8114450b3efc085/json HTTP/1.1
22:07:09.116 [Test worker] DEBUG com.github.dockerjava.zerodep.shaded.org.apache.hc.client5.http.impl.classic.InternalHttpClient - ep-00000034: start execution ex-00000035
22:07:09.116 [Test worker] DEBUG com.github.dockerjava.zerodep.shaded.org.apache.hc.client5.http.impl.io.PoolingHttpClientConnectionManager - ep-00000034: executing exchange ex-00000035 over http-outgoing-2
22:07:09.116 [Test worker] DEBUG com.github.dockerjava.zerodep.shaded.org.apache.hc.client5.http.headers - http-outgoing-2 >> GET /v1.32/containers/511b2d736fd4c4da08b79110fd21fdaa756368e4971eb130f8114450b3efc085/json HTTP/1.1
22:07:09.116 [Test worker] DEBUG com.github.dockerjava.zerodep.shaded.org.apache.hc.client5.http.headers - http-outgoing-2 >> accept: application/json
22:07:09.117 [Test worker] DEBUG com.github.dockerjava.zerodep.shaded.org.apache.hc.client5.http.headers - http-outgoing-2 >> x-tc-sid: c721e8e0-dbbd-4305-a748-6be2465f786d
22:07:09.117 [Test worker] DEBUG com.github.dockerjava.zerodep.shaded.org.apache.hc.client5.http.headers - http-outgoing-2 >> Accept-Encoding: gzip, x-gzip, deflate
22:07:09.117 [Test worker] DEBUG com.github.dockerjava.zerodep.shaded.org.apache.hc.client5.http.headers - http-outgoing-2 >> Host: localhost:2375
22:07:09.117 [Test worker] DEBUG com.github.dockerjava.zerodep.shaded.org.apache.hc.client5.http.headers - http-outgoing-2 >> Connection: keep-alive
22:07:09.117 [Test worker] DEBUG com.github.dockerjava.zerodep.shaded.org.apache.hc.client5.http.headers - http-outgoing-2 >> User-Agent: Apache-HttpClient/5.0.3 (Java/17.0.2)
22:07:09.117 [Test worker] DEBUG com.github.dockerjava.zerodep.shaded.org.apache.hc.client5.http.wire - http-outgoing-2 >> "GET /v1.32/containers/511b2d736fd4c4da08b79110fd21fdaa756368e4971eb130f8114450b3efc085/json HTTP/1.1[\r][\n]"
22:07:09.117 [Test worker] DEBUG com.github.dockerjava.zerodep.shaded.org.apache.hc.client5.http.wire - http-outgoing-2 >> "accept: application/json[\r][\n]"
22:07:09.117 [Test worker] DEBUG com.github.dockerjava.zerodep.shaded.org.apache.hc.client5.http.wire - http-outgoing-2 >> "x-tc-sid: c721e8e0-dbbd-4305-a748-6be2465f786d[\r][\n]"
22:07:09.117 [Test worker] DEBUG com.github.dockerjava.zerodep.shaded.org.apache.hc.client5.http.wire - http-outgoing-2 >> "Accept-Encoding: gzip, x-gzip, deflate[\r][\n]"
22:07:09.117 [Test worker] DEBUG com.github.dockerjava.zerodep.shaded.org.apache.hc.client5.http.wire - http-outgoing-2 >> "Host: localhost:2375[\r][\n]"
22:07:09.117 [Test worker] DEBUG com.github.dockerjava.zerodep.shaded.org.apache.hc.client5.http.wire - http-outgoing-2 >> "Connection: keep-alive[\r][\n]"
22:07:09.117 [Test worker] DEBUG com.github.dockerjava.zerodep.shaded.org.apache.hc.client5.http.wire - http-outgoing-2 >> "User-Agent: Apache-HttpClient/5.0.3 (Java/17.0.2)[\r][\n]"
22:07:09.117 [Test worker] DEBUG com.github.dockerjava.zerodep.shaded.org.apache.hc.client5.http.wire - http-outgoing-2 >> "[\r][\n]"
22:07:09.118 [Test worker] DEBUG com.github.dockerjava.zerodep.shaded.org.apache.hc.client5.http.wire - http-outgoing-2 << "HTTP/1.1 200 OK[\r][\n]"
22:07:09.118 [Test worker] DEBUG com.github.dockerjava.zerodep.shaded.org.apache.hc.client5.http.wire - http-outgoing-2 << "Api-Version: 1.41[\r][\n]"
22:07:09.118 [Test worker] DEBUG com.github.dockerjava.zerodep.shaded.org.apache.hc.client5.http.wire - http-outgoing-2 << "Content-Type: application/json[\r][\n]"
22:07:09.118 [Test worker] DEBUG com.github.dockerjava.zerodep.shaded.org.apache.hc.client5.http.wire - http-outgoing-2 << "Date: Mon, 03 Apr 2023 01:07:09 GMT[\r][\n]"
22:07:09.118 [Test worker] DEBUG com.github.dockerjava.zerodep.shaded.org.apache.hc.client5.http.wire - http-outgoing-2 << "Docker-Experimental: false[\r][\n]"
22:07:09.118 [Test worker] DEBUG com.github.dockerjava.zerodep.shaded.org.apache.hc.client5.http.wire - http-outgoing-2 << "Ostype: linux[\r][\n]"
22:07:09.118 [Test worker] DEBUG com.github.dockerjava.zerodep.shaded.org.apache.hc.client5.http.wire - http-outgoing-2 << "Server: Docker/20.10.21 (linux)[\r][\n]"
22:07:09.118 [Test worker] DEBUG com.github.dockerjava.zerodep.shaded.org.apache.hc.client5.http.wire - http-outgoing-2 << "Transfer-Encoding: chunked[\r][\n]"
22:07:09.118 [Test worker] DEBUG com.github.dockerjava.zerodep.shaded.org.apache.hc.client5.http.wire - http-outgoing-2 << "[\r][\n]"
22:07:09.119 [Test worker] DEBUG com.github.dockerjava.zerodep.shaded.org.apache.hc.client5.http.headers - http-outgoing-2 << HTTP/1.1 200 OK
22:07:09.119 [Test worker] DEBUG com.github.dockerjava.zerodep.shaded.org.apache.hc.client5.http.headers - http-outgoing-2 << Api-Version: 1.41
22:07:09.119 [Test worker] DEBUG com.github.dockerjava.zerodep.shaded.org.apache.hc.client5.http.headers - http-outgoing-2 << Content-Type: application/json
22:07:09.119 [Test worker] DEBUG com.github.dockerjava.zerodep.shaded.org.apache.hc.client5.http.headers - http-outgoing-2 << Date: Mon, 03 Apr 2023 01:07:09 GMT
22:07:09.119 [Test worker] DEBUG com.github.dockerjava.zerodep.shaded.org.apache.hc.client5.http.headers - http-outgoing-2 << Docker-Experimental: false
22:07:09.119 [Test worker] DEBUG com.github.dockerjava.zerodep.shaded.org.apache.hc.client5.http.headers - http-outgoing-2 << Ostype: linux
22:07:09.119 [Test worker] DEBUG com.github.dockerjava.zerodep.shaded.org.apache.hc.client5.http.headers - http-outgoing-2 << Server: Docker/20.10.21 (linux)
22:07:09.119 [Test worker] DEBUG com.github.dockerjava.zerodep.shaded.org.apache.hc.client5.http.headers - http-outgoing-2 << Transfer-Encoding: chunked
22:07:09.119 [Test worker] DEBUG com.github.dockerjava.zerodep.shaded.org.apache.hc.client5.http.impl.classic.MainClientExec - ex-00000035: connection can be kept alive for 3 MINUTES
22:07:09.120 [Test worker] DEBUG com.github.dockerjava.zerodep.shaded.org.apache.hc.client5.http.wire - http-outgoing-2 << "18c0[\r][\n]"
22:07:09.120 [Test worker] DEBUG com.github.dockerjava.zerodep.shaded.org.apache.hc.client5.http.wire - http-outgoing-2 << "{"Id":"511b2d736fd4c4da08b79110fd21fdaa756368e4971eb130f8114450b3efc085","Created":"2023-04-03T01:07:04.201309337Z","Path":"docker-entrypoint.sh","Args":["mysqld"],"State":{"Status":"running","Running":true,"Paused":false,"Restarting":false,"OOMKilled":false,"Dead":false,"Pid":2724,"ExitCode":0,"Error":"","StartedAt":"2023-04-03T01:07:04.498400921Z","FinishedAt":"0001-01-01T00:00:00Z"},"Image":"sha256:c7c54c29e20dccc1aefb936c8eba8bb8b98b87a4921102aba87fde2df5810af9","ResolvConfPath":"/var/lib/docker/containers/511b2d736fd4c4da08b79110fd21fdaa756368e4971eb130f8114450b3efc085/resolv.conf","HostnamePath":"/var/lib/docker/containers/511b2d736fd4c4da08b79110fd21fdaa756368e4971eb130f8114450b3efc085/hostname","HostsPath":"/var/lib/docker/containers/511b2d736fd4c4da08b79110fd21fdaa756368e4971eb130f8114450b3efc085/hosts","LogPath":"/var/lib/docker/containers/511b2d736fd4c4da08b79110fd21fdaa756368e4971eb130f8114450b3efc085/511b2d736fd4c4da08b79110fd21fdaa756368e4971eb130f8114450b3efc085-json.log","Name":"/elastic_easley","RestartCount":0,"Driver":"overlay2","Platform":"linux","MountLabel":"","ProcessLabel":"","AppArmorProfile":"","ExecIDs":null,"HostConfig":{"Binds":[],"ContainerIDFile":"","LogConfig":{"Type":"json-file","Config":{}},"NetworkMode":"default","PortBindings":{"3306/tcp":[{"HostIp":"0.0.0.0","HostPort":"0"}]},"RestartPolicy":{"Name":"","MaximumRetryCount":0},"AutoRemove":false,"VolumeDriver":"","VolumesFrom":[],"CapAdd":null,"CapDrop":null,"CgroupnsMode":"private","Dns":null,"DnsOptions":null,"DnsSearch":null,"ExtraHosts":[],"GroupAdd":null,"IpcMode":"shareable","Cgroup":"","Links":null,"OomScoreAdj":0,"PidMode":"","Privileged":false,"PublishAllPorts":false,"ReadonlyRootfs":false,"SecurityOpt":null,"UTSMode":"","UsernsMode":"","ShmSize":67108864,"Runtime":"runc","ConsoleSize":[0,0],"Isolation":"","CpuShares":0,"Memory":0,"NanoCpus":0,"CgroupParent":"","BlkioWeight":0,"BlkioWeightDevice":null,"BlkioDeviceReadBps":null,"BlkioDeviceWriteBps":null,"BlkioDeviceReadIOps":null,"BlkioDeviceWriteIOps":null,"CpuPeriod":0,"CpuQuota":0,"CpuRealtimePeriod":0,"CpuRealtimeRuntime":0,"CpusetCpus":"","CpusetMems":"","Devices":null,"DeviceCgroupRules":null,"DeviceRequests":null,"KernelMemory":0,"KernelMemoryTCP":0,"MemoryReservation":0,"MemorySwap":0,"MemorySwappiness":null,"OomKillDisable":null,"PidsLimit":null,"Ulimits":null,"CpuCount":0,"CpuPercent":0,"IOMaximumIOps":0,"IOMaximumBandwidth":0,"MaskedPaths":["/proc/asound","/proc/acpi","/proc/kcore","/proc/keys","/proc/latency_stats","/proc/timer_list","/proc/timer_stats","/proc/sched_debug","/proc/scsi","/sys/firmware"],"ReadonlyPaths":["/proc/bus","/proc/fs","/proc/irq","/proc/sys","/proc/sysrq-trigger"]},"GraphDriver":{"Data":{"LowerDir":"/var/lib/docker/overlay2/5ada145d0e3939fe5ed2118eea99b9f10241aeee200293145c73dce66470a568-init/diff:/var/lib/docker/overlay2/1bd8849d7a296305617011f940aa5cfabbe972a513397b1b6bbc27639b6c1f30/diff:/var/lib/docker/overlay2/199d69b2fbf78af4d4c95dec4fd2f8835ab0347eb49fb20ebb2ff3b99fedd6ad/diff:/var/lib/docker/overlay2/d83c38d654989311f75b9491329846033bfb7714de76ef635380dcfad5c740d9/diff:/var/lib/docker/overlay2/08600d0aea2ab2728bebcf5d2589c640a842f53d1ba3c4a4adccb4d03b923cf6/diff:/var/lib/docker/overlay2/9ec7c63a3fb14d13ac788bbf5e282ca821edc41260b79944e5e631037d13ecda/diff:/var/lib/docker/overlay2/db601d7a1b4ea6da638db620462f0da96fa55c559d02269c9ddb09027936ed87/diff:/var/lib/docker/overlay2/a6d2bd03f942e2565f21e74cfe152c7ec836a1c2b583f0790c685b92bdcfda24/diff:/var/lib/docker/overlay2/9badd16ea2c5e2bf1fde8b579683e41137dfc46ed5449234149f199a6751cc84/diff:/var/lib/docker/overlay2/6efb85646ed12e2d1181ef4cc6f6f6732c00c15a4035fe17ebc4f075ca573c30/diff:/var/lib/docker/overlay2/895d7c0ec09144d6ed33936f4e98e11c18010f7abd708cae1ce43aec7a7f2621/diff:/var/lib/docker/overlay2/1c4ba77aa573ab6e5e5069fd15eae71b3da940bde0f97a922a227ffc8a1d1096/diff","MergedDir":"/var/lib/docker/overlay2/5ada145d0e3939fe5ed2118eea99b9f10241aeee200293145c73dce66470a568/merged","UpperDir":"/var/lib/docker/overlay2/5ada145d0e3939fe5ed2118eea99b9f10241aeee200293145c73dce66470a568/diff","WorkDir":"/var/lib/docker/overlay2/5ada145d0e3939fe5ed2118eea99b9f10241aeee200293145c73dce66470a568/work"},"Name":"overlay2"},"Mounts":[{"Type":"volume","Name":"ac6dcf572a35a68e3a3a5bdf3d1899d89919b8e0b6d7a1beb9c6b19978c4e863","Source":"/var/lib/docker/volumes/ac6dcf572a35a68e3a3a5bdf3d1899d89919b8e0b6d7a1beb9c6b19978c4e863/_data","Destination":"/var/lib/mysql","Driver":"local","Mode":"","RW":true,"Propagation":""}],"Config":{"Hostname":"511b2d736fd4","Domainname":"","User":"","AttachStdin":false,"AttachStdout":false,"AttachStderr":false,"ExposedPorts":{"3306/tcp":{},"33060/tcp":{}},"Tty":false,"OpenStdin":false,"StdinOnce":false,"Env":["MYSQL_DATABASE=adm_videos","MYSQL_PASSWORD=123456","MYSQL_ROOT_PASSWORD=123456","PATH=/usr/local/sbin:/usr/local/bin:/usr/sbin:/usr/bin:/sbin:/bin","GOSU_VERSION=1.16","MYSQL_MAJOR=8.0","MYSQL_VERSION=8.0.32-1.el8","MYSQL_SHELL_VERSION=8.0.32-1.el8"],"Cmd":["mysqld"],"Image":"mysql:latest","Volumes":{"/var/lib/mysql":{}},"WorkingDir":"","Entrypoint":["docker-entrypoint.sh"],"OnBuild":null,"Labels":{"org.testcontainers":"true","org.testcontainers.lang":"java","org.testcontainers.sessionId":"c721e8e0-dbbd-4305-a748-6be2465f786d","org.testcontainers.version":"1.17.6"}},"NetworkSettings":{"Bridge":"","SandboxID":"23a51dba07b22c8536581cd39611755923749e16a93a45ce75c5c8a4a7759981","HairpinMode":false,"LinkLocalIPv6Address":"","LinkLocalIPv6PrefixLen":0,"Ports":{"3306/tcp":[{"HostIp":"0.0.0.0","HostPort":"50897"}],"33060/tcp":null},"SandboxKey":"/var/run/docker/netns/23a51dba07b2","SecondaryIPAddresses":null,"SecondaryIPv6Addresses":null,"EndpointID":"692f30c6e93a1486104b6273bdc38b1f926e45528d0b3ff49b5fe2d91ed6b329","Gateway":"172.17.0.1","GlobalIPv6Address":"","GlobalIPv6PrefixLen":0,"IPAddress":"172.17.0.3","IPPrefixLen":16,"IPv6Gateway":"","MacAddress":"02:42:ac:11:00:03","Networks":{"bridge":{"IPAMConfig":null,"Links":null,"Aliases":null,"NetworkID":"eba6fdf7ebe51912c859fc2dc83d1407a50db03ea3c296d90f885e8af84b6e93","EndpointID":"692f30c6e93a1486104b6273bdc38b1f926e45528d0b3ff49b5fe2d91ed6b329","Gateway":"172.17.0.1","IPAddress":"172.17.0.3","IPPrefixLen":16,"IPv6Gateway":"","GlobalIPv6Address":"","GlobalIPv6PrefixLen":0,"MacAddress":"02:42:ac:11:00:03","DriverOpts":null}}}}[\n]"
22:07:09.120 [Test worker] DEBUG com.github.dockerjava.zerodep.shaded.org.apache.hc.client5.http.wire - http-outgoing-2 << "[\r][\n]"
22:07:09.121 [Test worker] DEBUG com.github.dockerjava.zerodep.shaded.org.apache.hc.client5.http.wire - http-outgoing-2 << "0[\r][\n]"
22:07:09.121 [Test worker] DEBUG com.github.dockerjava.zerodep.shaded.org.apache.hc.client5.http.wire - http-outgoing-2 << "[\r][\n]"
22:07:09.121 [Test worker] DEBUG com.github.dockerjava.zerodep.shaded.org.apache.hc.client5.http.impl.classic.InternalHttpClient - ep-00000034: releasing valid endpoint
22:07:09.121 [Test worker] DEBUG com.github.dockerjava.zerodep.shaded.org.apache.hc.client5.http.impl.io.PoolingHttpClientConnectionManager - ep-00000034: releasing endpoint
22:07:09.121 [Test worker] DEBUG com.github.dockerjava.zerodep.shaded.org.apache.hc.client5.http.impl.io.PoolingHttpClientConnectionManager - ep-00000034: connection http-outgoing-2 can be kept alive for 3 MINUTES
22:07:09.121 [Test worker] DEBUG com.github.dockerjava.zerodep.shaded.org.apache.hc.client5.http.impl.io.PoolingHttpClientConnectionManager - ep-00000034: connection released [route: {}->unix://localhost:2375][total available: 1; route allocated: 1 of 2147483647; total allocated: 1 of 2147483647]
22:07:09.121 [Test worker] DEBUG ]]>&#x1f433;<![CDATA[ [mysql:latest] - Trying to create JDBC connection using com.mysql.cj.jdbc.Driver to jdbc:mysql://localhost:50897/adm_videos?useSSL=false&allowPublicKeyRetrieval=true with properties: {password=123456, user=root}
22:07:09.223 [Test worker] DEBUG org.testcontainers.shaded.com.github.dockerjava.core.command.AbstrDockerCmd - Cmd: 511b2d736fd4c4da08b79110fd21fdaa756368e4971eb130f8114450b3efc085,false
22:07:09.224 [Test worker] DEBUG org.testcontainers.shaded.com.github.dockerjava.core.exec.InspectContainerCmdExec - GET: DefaultWebTarget{path=[/containers/511b2d736fd4c4da08b79110fd21fdaa756368e4971eb130f8114450b3efc085/json], queryParams={}}
22:07:09.224 [Test worker] DEBUG com.github.dockerjava.zerodep.shaded.org.apache.hc.client5.http.impl.classic.InternalHttpClient - ex-00000036: preparing request execution
22:07:09.224 [Test worker] DEBUG com.github.dockerjava.zerodep.shaded.org.apache.hc.client5.http.protocol.RequestAddCookies - Cookie spec selected: strict
22:07:09.224 [Test worker] DEBUG com.github.dockerjava.zerodep.shaded.org.apache.hc.client5.http.protocol.RequestAuthCache - Auth cache not set in the context
22:07:09.224 [Test worker] DEBUG com.github.dockerjava.zerodep.shaded.org.apache.hc.client5.http.impl.classic.ProtocolExec - ex-00000036: target auth state: UNCHALLENGED
22:07:09.224 [Test worker] DEBUG com.github.dockerjava.zerodep.shaded.org.apache.hc.client5.http.impl.classic.ProtocolExec - ex-00000036: proxy auth state: UNCHALLENGED
22:07:09.224 [Test worker] DEBUG com.github.dockerjava.zerodep.shaded.org.apache.hc.client5.http.impl.classic.ConnectExec - ex-00000036: acquiring connection with route {}->unix://localhost:2375
22:07:09.224 [Test worker] DEBUG com.github.dockerjava.zerodep.shaded.org.apache.hc.client5.http.impl.classic.InternalHttpClient - ex-00000036: acquiring endpoint (3 MINUTES)
22:07:09.224 [Test worker] DEBUG com.github.dockerjava.zerodep.shaded.org.apache.hc.client5.http.impl.io.PoolingHttpClientConnectionManager - ex-00000036: endpoint lease request (3 MINUTES) [route: {}->unix://localhost:2375][total available: 1; route allocated: 1 of 2147483647; total allocated: 1 of 2147483647]
22:07:09.224 [Test worker] DEBUG com.github.dockerjava.zerodep.shaded.org.apache.hc.client5.http.impl.io.PoolingHttpClientConnectionManager - ex-00000036: endpoint leased [route: {}->unix://localhost:2375][total available: 0; route allocated: 1 of 2147483647; total allocated: 1 of 2147483647]
22:07:09.224 [Test worker] DEBUG com.github.dockerjava.zerodep.shaded.org.apache.hc.client5.http.impl.io.PoolingHttpClientConnectionManager - ex-00000036: acquired ep-00000035
22:07:09.224 [Test worker] DEBUG com.github.dockerjava.zerodep.shaded.org.apache.hc.client5.http.impl.classic.InternalHttpClient - ex-00000036: acquired endpoint ep-00000035
22:07:09.224 [Test worker] DEBUG com.github.dockerjava.zerodep.shaded.org.apache.hc.client5.http.impl.classic.MainClientExec - ex-00000036: executing GET /v1.32/containers/511b2d736fd4c4da08b79110fd21fdaa756368e4971eb130f8114450b3efc085/json HTTP/1.1
22:07:09.224 [Test worker] DEBUG com.github.dockerjava.zerodep.shaded.org.apache.hc.client5.http.impl.classic.InternalHttpClient - ep-00000035: start execution ex-00000036
22:07:09.224 [Test worker] DEBUG com.github.dockerjava.zerodep.shaded.org.apache.hc.client5.http.impl.io.PoolingHttpClientConnectionManager - ep-00000035: executing exchange ex-00000036 over http-outgoing-2
22:07:09.224 [Test worker] DEBUG com.github.dockerjava.zerodep.shaded.org.apache.hc.client5.http.headers - http-outgoing-2 >> GET /v1.32/containers/511b2d736fd4c4da08b79110fd21fdaa756368e4971eb130f8114450b3efc085/json HTTP/1.1
22:07:09.224 [Test worker] DEBUG com.github.dockerjava.zerodep.shaded.org.apache.hc.client5.http.headers - http-outgoing-2 >> accept: application/json
22:07:09.224 [Test worker] DEBUG com.github.dockerjava.zerodep.shaded.org.apache.hc.client5.http.headers - http-outgoing-2 >> x-tc-sid: c721e8e0-dbbd-4305-a748-6be2465f786d
22:07:09.224 [Test worker] DEBUG com.github.dockerjava.zerodep.shaded.org.apache.hc.client5.http.headers - http-outgoing-2 >> Accept-Encoding: gzip, x-gzip, deflate
22:07:09.224 [Test worker] DEBUG com.github.dockerjava.zerodep.shaded.org.apache.hc.client5.http.headers - http-outgoing-2 >> Host: localhost:2375
22:07:09.224 [Test worker] DEBUG com.github.dockerjava.zerodep.shaded.org.apache.hc.client5.http.headers - http-outgoing-2 >> Connection: keep-alive
22:07:09.224 [Test worker] DEBUG com.github.dockerjava.zerodep.shaded.org.apache.hc.client5.http.headers - http-outgoing-2 >> User-Agent: Apache-HttpClient/5.0.3 (Java/17.0.2)
22:07:09.224 [Test worker] DEBUG com.github.dockerjava.zerodep.shaded.org.apache.hc.client5.http.wire - http-outgoing-2 >> "GET /v1.32/containers/511b2d736fd4c4da08b79110fd21fdaa756368e4971eb130f8114450b3efc085/json HTTP/1.1[\r][\n]"
22:07:09.224 [Test worker] DEBUG com.github.dockerjava.zerodep.shaded.org.apache.hc.client5.http.wire - http-outgoing-2 >> "accept: application/json[\r][\n]"
22:07:09.224 [Test worker] DEBUG com.github.dockerjava.zerodep.shaded.org.apache.hc.client5.http.wire - http-outgoing-2 >> "x-tc-sid: c721e8e0-dbbd-4305-a748-6be2465f786d[\r][\n]"
22:07:09.224 [Test worker] DEBUG com.github.dockerjava.zerodep.shaded.org.apache.hc.client5.http.wire - http-outgoing-2 >> "Accept-Encoding: gzip, x-gzip, deflate[\r][\n]"
22:07:09.224 [Test worker] DEBUG com.github.dockerjava.zerodep.shaded.org.apache.hc.client5.http.wire - http-outgoing-2 >> "Host: localhost:2375[\r][\n]"
22:07:09.224 [Test worker] DEBUG com.github.dockerjava.zerodep.shaded.org.apache.hc.client5.http.wire - http-outgoing-2 >> "Connection: keep-alive[\r][\n]"
22:07:09.224 [Test worker] DEBUG com.github.dockerjava.zerodep.shaded.org.apache.hc.client5.http.wire - http-outgoing-2 >> "User-Agent: Apache-HttpClient/5.0.3 (Java/17.0.2)[\r][\n]"
22:07:09.224 [Test worker] DEBUG com.github.dockerjava.zerodep.shaded.org.apache.hc.client5.http.wire - http-outgoing-2 >> "[\r][\n]"
22:07:09.226 [Test worker] DEBUG com.github.dockerjava.zerodep.shaded.org.apache.hc.client5.http.wire - http-outgoing-2 << "HTTP/1.1 200 OK[\r][\n]"
22:07:09.226 [Test worker] DEBUG com.github.dockerjava.zerodep.shaded.org.apache.hc.client5.http.wire - http-outgoing-2 << "Api-Version: 1.41[\r][\n]"
22:07:09.226 [Test worker] DEBUG com.github.dockerjava.zerodep.shaded.org.apache.hc.client5.http.wire - http-outgoing-2 << "Content-Type: application/json[\r][\n]"
22:07:09.226 [Test worker] DEBUG com.github.dockerjava.zerodep.shaded.org.apache.hc.client5.http.wire - http-outgoing-2 << "Date: Mon, 03 Apr 2023 01:07:09 GMT[\r][\n]"
22:07:09.226 [Test worker] DEBUG com.github.dockerjava.zerodep.shaded.org.apache.hc.client5.http.wire - http-outgoing-2 << "Docker-Experimental: false[\r][\n]"
22:07:09.226 [Test worker] DEBUG com.github.dockerjava.zerodep.shaded.org.apache.hc.client5.http.wire - http-outgoing-2 << "Ostype: linux[\r][\n]"
22:07:09.226 [Test worker] DEBUG com.github.dockerjava.zerodep.shaded.org.apache.hc.client5.http.wire - http-outgoing-2 << "Server: Docker/20.10.21 (linux)[\r][\n]"
22:07:09.226 [Test worker] DEBUG com.github.dockerjava.zerodep.shaded.org.apache.hc.client5.http.wire - http-outgoing-2 << "Transfer-Encoding: chunked[\r][\n]"
22:07:09.226 [Test worker] DEBUG com.github.dockerjava.zerodep.shaded.org.apache.hc.client5.http.wire - http-outgoing-2 << "[\r][\n]"
22:07:09.226 [Test worker] DEBUG com.github.dockerjava.zerodep.shaded.org.apache.hc.client5.http.headers - http-outgoing-2 << HTTP/1.1 200 OK
22:07:09.226 [Test worker] DEBUG com.github.dockerjava.zerodep.shaded.org.apache.hc.client5.http.headers - http-outgoing-2 << Api-Version: 1.41
22:07:09.226 [Test worker] DEBUG com.github.dockerjava.zerodep.shaded.org.apache.hc.client5.http.headers - http-outgoing-2 << Content-Type: application/json
22:07:09.226 [Test worker] DEBUG com.github.dockerjava.zerodep.shaded.org.apache.hc.client5.http.headers - http-outgoing-2 << Date: Mon, 03 Apr 2023 01:07:09 GMT
22:07:09.226 [Test worker] DEBUG com.github.dockerjava.zerodep.shaded.org.apache.hc.client5.http.headers - http-outgoing-2 << Docker-Experimental: false
22:07:09.226 [Test worker] DEBUG com.github.dockerjava.zerodep.shaded.org.apache.hc.client5.http.headers - http-outgoing-2 << Ostype: linux
22:07:09.226 [Test worker] DEBUG com.github.dockerjava.zerodep.shaded.org.apache.hc.client5.http.headers - http-outgoing-2 << Server: Docker/20.10.21 (linux)
22:07:09.226 [Test worker] DEBUG com.github.dockerjava.zerodep.shaded.org.apache.hc.client5.http.headers - http-outgoing-2 << Transfer-Encoding: chunked
22:07:09.226 [Test worker] DEBUG com.github.dockerjava.zerodep.shaded.org.apache.hc.client5.http.impl.classic.MainClientExec - ex-00000036: connection can be kept alive for 3 MINUTES
22:07:09.226 [Test worker] DEBUG com.github.dockerjava.zerodep.shaded.org.apache.hc.client5.http.wire - http-outgoing-2 << "18c0[\r][\n]"
22:07:09.226 [Test worker] DEBUG com.github.dockerjava.zerodep.shaded.org.apache.hc.client5.http.wire - http-outgoing-2 << "{"Id":"511b2d736fd4c4da08b79110fd21fdaa756368e4971eb130f8114450b3efc085","Created":"2023-04-03T01:07:04.201309337Z","Path":"docker-entrypoint.sh","Args":["mysqld"],"State":{"Status":"running","Running":true,"Paused":false,"Restarting":false,"OOMKilled":false,"Dead":false,"Pid":2724,"ExitCode":0,"Error":"","StartedAt":"2023-04-03T01:07:04.498400921Z","FinishedAt":"0001-01-01T00:00:00Z"},"Image":"sha256:c7c54c29e20dccc1aefb936c8eba8bb8b98b87a4921102aba87fde2df5810af9","ResolvConfPath":"/var/lib/docker/containers/511b2d736fd4c4da08b79110fd21fdaa756368e4971eb130f8114450b3efc085/resolv.conf","HostnamePath":"/var/lib/docker/containers/511b2d736fd4c4da08b79110fd21fdaa756368e4971eb130f8114450b3efc085/hostname","HostsPath":"/var/lib/docker/containers/511b2d736fd4c4da08b79110fd21fdaa756368e4971eb130f8114450b3efc085/hosts","LogPath":"/var/lib/docker/containers/511b2d736fd4c4da08b79110fd21fdaa756368e4971eb130f8114450b3efc085/511b2d736fd4c4da08b79110fd21fdaa756368e4971eb130f8114450b3efc085-json.log","Name":"/elastic_easley","RestartCount":0,"Driver":"overlay2","Platform":"linux","MountLabel":"","ProcessLabel":"","AppArmorProfile":"","ExecIDs":null,"HostConfig":{"Binds":[],"ContainerIDFile":"","LogConfig":{"Type":"json-file","Config":{}},"NetworkMode":"default","PortBindings":{"3306/tcp":[{"HostIp":"0.0.0.0","HostPort":"0"}]},"RestartPolicy":{"Name":"","MaximumRetryCount":0},"AutoRemove":false,"VolumeDriver":"","VolumesFrom":[],"CapAdd":null,"CapDrop":null,"CgroupnsMode":"private","Dns":null,"DnsOptions":null,"DnsSearch":null,"ExtraHosts":[],"GroupAdd":null,"IpcMode":"shareable","Cgroup":"","Links":null,"OomScoreAdj":0,"PidMode":"","Privileged":false,"PublishAllPorts":false,"ReadonlyRootfs":false,"SecurityOpt":null,"UTSMode":"","UsernsMode":"","ShmSize":67108864,"Runtime":"runc","ConsoleSize":[0,0],"Isolation":"","CpuShares":0,"Memory":0,"NanoCpus":0,"CgroupParent":"","BlkioWeight":0,"BlkioWeightDevice":null,"BlkioDeviceReadBps":null,"BlkioDeviceWriteBps":null,"BlkioDeviceReadIOps":null,"BlkioDeviceWriteIOps":null,"CpuPeriod":0,"CpuQuota":0,"CpuRealtimePeriod":0,"CpuRealtimeRuntime":0,"CpusetCpus":"","CpusetMems":"","Devices":null,"DeviceCgroupRules":null,"DeviceRequests":null,"KernelMemory":0,"KernelMemoryTCP":0,"MemoryReservation":0,"MemorySwap":0,"MemorySwappiness":null,"OomKillDisable":null,"PidsLimit":null,"Ulimits":null,"CpuCount":0,"CpuPercent":0,"IOMaximumIOps":0,"IOMaximumBandwidth":0,"MaskedPaths":["/proc/asound","/proc/acpi","/proc/kcore","/proc/keys","/proc/latency_stats","/proc/timer_list","/proc/timer_stats","/proc/sched_debug","/proc/scsi","/sys/firmware"],"ReadonlyPaths":["/proc/bus","/proc/fs","/proc/irq","/proc/sys","/proc/sysrq-trigger"]},"GraphDriver":{"Data":{"LowerDir":"/var/lib/docker/overlay2/5ada145d0e3939fe5ed2118eea99b9f10241aeee200293145c73dce66470a568-init/diff:/var/lib/docker/overlay2/1bd8849d7a296305617011f940aa5cfabbe972a513397b1b6bbc27639b6c1f30/diff:/var/lib/docker/overlay2/199d69b2fbf78af4d4c95dec4fd2f8835ab0347eb49fb20ebb2ff3b99fedd6ad/diff:/var/lib/docker/overlay2/d83c38d654989311f75b9491329846033bfb7714de76ef635380dcfad5c740d9/diff:/var/lib/docker/overlay2/08600d0aea2ab2728bebcf5d2589c640a842f53d1ba3c4a4adccb4d03b923cf6/diff:/var/lib/docker/overlay2/9ec7c63a3fb14d13ac788bbf5e282ca821edc41260b79944e5e631037d13ecda/diff:/var/lib/docker/overlay2/db601d7a1b4ea6da638db620462f0da96fa55c559d02269c9ddb09027936ed87/diff:/var/lib/docker/overlay2/a6d2bd03f942e2565f21e74cfe152c7ec836a1c2b583f0790c685b92bdcfda24/diff:/var/lib/docker/overlay2/9badd16ea2c5e2bf1fde8b579683e41137dfc46ed5449234149f199a6751cc84/diff:/var/lib/docker/overlay2/6efb85646ed12e2d1181ef4cc6f6f6732c00c15a4035fe17ebc4f075ca573c30/diff:/var/lib/docker/overlay2/895d7c0ec09144d6ed33936f4e98e11c18010f7abd708cae1ce43aec7a7f2621/diff:/var/lib/docker/overlay2/1c4ba77aa573ab6e5e5069fd15eae71b3da940bde0f97a922a227ffc8a1d1096/diff","MergedDir":"/var/lib/docker/overlay2/5ada145d0e3939fe5ed2118eea99b9f10241aeee200293145c73dce66470a568/merged","UpperDir":"/var/lib/docker/overlay2/5ada145d0e3939fe5ed2118eea99b9f10241aeee200293145c73dce66470a568/diff","WorkDir":"/var/lib/docker/overlay2/5ada145d0e3939fe5ed2118eea99b9f10241aeee200293145c73dce66470a568/work"},"Name":"overlay2"},"Mounts":[{"Type":"volume","Name":"ac6dcf572a35a68e3a3a5bdf3d1899d89919b8e0b6d7a1beb9c6b19978c4e863","Source":"/var/lib/docker/volumes/ac6dcf572a35a68e3a3a5bdf3d1899d89919b8e0b6d7a1beb9c6b19978c4e863/_data","Destination":"/var/lib/mysql","Driver":"local","Mode":"","RW":true,"Propagation":""}],"Config":{"Hostname":"511b2d736fd4","Domainname":"","User":"","AttachStdin":false,"AttachStdout":false,"AttachStderr":false,"ExposedPorts":{"3306/tcp":{},"33060/tcp":{}},"Tty":false,"OpenStdin":false,"StdinOnce":false,"Env":["MYSQL_DATABASE=adm_videos","MYSQL_PASSWORD=123456","MYSQL_ROOT_PASSWORD=123456","PATH=/usr/local/sbin:/usr/local/bin:/usr/sbin:/usr/bin:/sbin:/bin","GOSU_VERSION=1.16","MYSQL_MAJOR=8.0","MYSQL_VERSION=8.0.32-1.el8","MYSQL_SHELL_VERSION=8.0.32-1.el8"],"Cmd":["mysqld"],"Image":"mysql:latest","Volumes":{"/var/lib/mysql":{}},"WorkingDir":"","Entrypoint":["docker-entrypoint.sh"],"OnBuild":null,"Labels":{"org.testcontainers":"true","org.testcontainers.lang":"java","org.testcontainers.sessionId":"c721e8e0-dbbd-4305-a748-6be2465f786d","org.testcontainers.version":"1.17.6"}},"NetworkSettings":{"Bridge":"","SandboxID":"23a51dba07b22c8536581cd39611755923749e16a93a45ce75c5c8a4a7759981","HairpinMode":false,"LinkLocalIPv6Address":"","LinkLocalIPv6PrefixLen":0,"Ports":{"3306/tcp":[{"HostIp":"0.0.0.0","HostPort":"50897"}],"33060/tcp":null},"SandboxKey":"/var/run/docker/netns/23a51dba07b2","SecondaryIPAddresses":null,"SecondaryIPv6Addresses":null,"EndpointID":"692f30c6e93a1486104b6273bdc38b1f926e45528d0b3ff49b5fe2d91ed6b329","Gateway":"172.17.0.1","GlobalIPv6Address":"","GlobalIPv6PrefixLen":0,"IPAddress":"172.17.0.3","IPPrefixLen":16,"IPv6Gateway":"","MacAddress":"02:42:ac:11:00:03","Networks":{"bridge":{"IPAMConfig":null,"Links":null,"Aliases":null,"NetworkID":"eba6fdf7ebe51912c859fc2dc83d1407a50db03ea3c296d90f885e8af84b6e93","EndpointID":"692f30c6e93a1486104b6273bdc38b1f926e45528d0b3ff49b5fe2d91ed6b329","Gateway":"172.17.0.1","IPAddress":"172.17.0.3","IPPrefixLen":16,"IPv6Gateway":"","GlobalIPv6Address":"","GlobalIPv6PrefixLen":0,"MacAddress":"02:42:ac:11:00:03","DriverOpts":null}}}}[\n]"
22:07:09.227 [Test worker] DEBUG com.github.dockerjava.zerodep.shaded.org.apache.hc.client5.http.wire - http-outgoing-2 << "[\r][\n]"
22:07:09.227 [Test worker] DEBUG com.github.dockerjava.zerodep.shaded.org.apache.hc.client5.http.wire - http-outgoing-2 << "0[\r][\n]"
22:07:09.227 [Test worker] DEBUG com.github.dockerjava.zerodep.shaded.org.apache.hc.client5.http.wire - http-outgoing-2 << "[\r][\n]"
22:07:09.227 [Test worker] DEBUG com.github.dockerjava.zerodep.shaded.org.apache.hc.client5.http.impl.classic.InternalHttpClient - ep-00000035: releasing valid endpoint
22:07:09.227 [Test worker] DEBUG com.github.dockerjava.zerodep.shaded.org.apache.hc.client5.http.impl.io.PoolingHttpClientConnectionManager - ep-00000035: releasing endpoint
22:07:09.227 [Test worker] DEBUG com.github.dockerjava.zerodep.shaded.org.apache.hc.client5.http.impl.io.PoolingHttpClientConnectionManager - ep-00000035: connection http-outgoing-2 can be kept alive for 3 MINUTES
22:07:09.227 [Test worker] DEBUG com.github.dockerjava.zerodep.shaded.org.apache.hc.client5.http.impl.io.PoolingHttpClientConnectionManager - ep-00000035: connection released [route: {}->unix://localhost:2375][total available: 1; route allocated: 1 of 2147483647; total allocated: 1 of 2147483647]
22:07:09.227 [Test worker] DEBUG ]]>&#x1f433;<![CDATA[ [mysql:latest] - Trying to create JDBC connection using com.mysql.cj.jdbc.Driver to jdbc:mysql://localhost:50897/adm_videos?useSSL=false&allowPublicKeyRetrieval=true with properties: {password=123456, user=root}
22:07:09.330 [Test worker] DEBUG org.testcontainers.shaded.com.github.dockerjava.core.command.AbstrDockerCmd - Cmd: 511b2d736fd4c4da08b79110fd21fdaa756368e4971eb130f8114450b3efc085,false
22:07:09.331 [Test worker] DEBUG org.testcontainers.shaded.com.github.dockerjava.core.exec.InspectContainerCmdExec - GET: DefaultWebTarget{path=[/containers/511b2d736fd4c4da08b79110fd21fdaa756368e4971eb130f8114450b3efc085/json], queryParams={}}
22:07:09.331 [Test worker] DEBUG com.github.dockerjava.zerodep.shaded.org.apache.hc.client5.http.impl.classic.InternalHttpClient - ex-00000037: preparing request execution
22:07:09.331 [Test worker] DEBUG com.github.dockerjava.zerodep.shaded.org.apache.hc.client5.http.protocol.RequestAddCookies - Cookie spec selected: strict
22:07:09.331 [Test worker] DEBUG com.github.dockerjava.zerodep.shaded.org.apache.hc.client5.http.protocol.RequestAuthCache - Auth cache not set in the context
22:07:09.331 [Test worker] DEBUG com.github.dockerjava.zerodep.shaded.org.apache.hc.client5.http.impl.classic.ProtocolExec - ex-00000037: target auth state: UNCHALLENGED
22:07:09.331 [Test worker] DEBUG com.github.dockerjava.zerodep.shaded.org.apache.hc.client5.http.impl.classic.ProtocolExec - ex-00000037: proxy auth state: UNCHALLENGED
22:07:09.331 [Test worker] DEBUG com.github.dockerjava.zerodep.shaded.org.apache.hc.client5.http.impl.classic.ConnectExec - ex-00000037: acquiring connection with route {}->unix://localhost:2375
22:07:09.331 [Test worker] DEBUG com.github.dockerjava.zerodep.shaded.org.apache.hc.client5.http.impl.classic.InternalHttpClient - ex-00000037: acquiring endpoint (3 MINUTES)
22:07:09.331 [Test worker] DEBUG com.github.dockerjava.zerodep.shaded.org.apache.hc.client5.http.impl.io.PoolingHttpClientConnectionManager - ex-00000037: endpoint lease request (3 MINUTES) [route: {}->unix://localhost:2375][total available: 1; route allocated: 1 of 2147483647; total allocated: 1 of 2147483647]
22:07:09.331 [Test worker] DEBUG com.github.dockerjava.zerodep.shaded.org.apache.hc.client5.http.impl.io.PoolingHttpClientConnectionManager - ex-00000037: endpoint leased [route: {}->unix://localhost:2375][total available: 0; route allocated: 1 of 2147483647; total allocated: 1 of 2147483647]
22:07:09.332 [Test worker] DEBUG com.github.dockerjava.zerodep.shaded.org.apache.hc.client5.http.impl.io.PoolingHttpClientConnectionManager - ex-00000037: acquired ep-00000036
22:07:09.332 [Test worker] DEBUG com.github.dockerjava.zerodep.shaded.org.apache.hc.client5.http.impl.classic.InternalHttpClient - ex-00000037: acquired endpoint ep-00000036
22:07:09.332 [Test worker] DEBUG com.github.dockerjava.zerodep.shaded.org.apache.hc.client5.http.impl.classic.MainClientExec - ex-00000037: executing GET /v1.32/containers/511b2d736fd4c4da08b79110fd21fdaa756368e4971eb130f8114450b3efc085/json HTTP/1.1
22:07:09.332 [Test worker] DEBUG com.github.dockerjava.zerodep.shaded.org.apache.hc.client5.http.impl.classic.InternalHttpClient - ep-00000036: start execution ex-00000037
22:07:09.332 [Test worker] DEBUG com.github.dockerjava.zerodep.shaded.org.apache.hc.client5.http.impl.io.PoolingHttpClientConnectionManager - ep-00000036: executing exchange ex-00000037 over http-outgoing-2
22:07:09.332 [Test worker] DEBUG com.github.dockerjava.zerodep.shaded.org.apache.hc.client5.http.headers - http-outgoing-2 >> GET /v1.32/containers/511b2d736fd4c4da08b79110fd21fdaa756368e4971eb130f8114450b3efc085/json HTTP/1.1
22:07:09.332 [Test worker] DEBUG com.github.dockerjava.zerodep.shaded.org.apache.hc.client5.http.headers - http-outgoing-2 >> accept: application/json
22:07:09.332 [Test worker] DEBUG com.github.dockerjava.zerodep.shaded.org.apache.hc.client5.http.headers - http-outgoing-2 >> x-tc-sid: c721e8e0-dbbd-4305-a748-6be2465f786d
22:07:09.332 [Test worker] DEBUG com.github.dockerjava.zerodep.shaded.org.apache.hc.client5.http.headers - http-outgoing-2 >> Accept-Encoding: gzip, x-gzip, deflate
22:07:09.332 [Test worker] DEBUG com.github.dockerjava.zerodep.shaded.org.apache.hc.client5.http.headers - http-outgoing-2 >> Host: localhost:2375
22:07:09.332 [Test worker] DEBUG com.github.dockerjava.zerodep.shaded.org.apache.hc.client5.http.headers - http-outgoing-2 >> Connection: keep-alive
22:07:09.332 [Test worker] DEBUG com.github.dockerjava.zerodep.shaded.org.apache.hc.client5.http.headers - http-outgoing-2 >> User-Agent: Apache-HttpClient/5.0.3 (Java/17.0.2)
22:07:09.332 [Test worker] DEBUG com.github.dockerjava.zerodep.shaded.org.apache.hc.client5.http.wire - http-outgoing-2 >> "GET /v1.32/containers/511b2d736fd4c4da08b79110fd21fdaa756368e4971eb130f8114450b3efc085/json HTTP/1.1[\r][\n]"
22:07:09.332 [Test worker] DEBUG com.github.dockerjava.zerodep.shaded.org.apache.hc.client5.http.wire - http-outgoing-2 >> "accept: application/json[\r][\n]"
22:07:09.332 [Test worker] DEBUG com.github.dockerjava.zerodep.shaded.org.apache.hc.client5.http.wire - http-outgoing-2 >> "x-tc-sid: c721e8e0-dbbd-4305-a748-6be2465f786d[\r][\n]"
22:07:09.332 [Test worker] DEBUG com.github.dockerjava.zerodep.shaded.org.apache.hc.client5.http.wire - http-outgoing-2 >> "Accept-Encoding: gzip, x-gzip, deflate[\r][\n]"
22:07:09.332 [Test worker] DEBUG com.github.dockerjava.zerodep.shaded.org.apache.hc.client5.http.wire - http-outgoing-2 >> "Host: localhost:2375[\r][\n]"
22:07:09.332 [Test worker] DEBUG com.github.dockerjava.zerodep.shaded.org.apache.hc.client5.http.wire - http-outgoing-2 >> "Connection: keep-alive[\r][\n]"
22:07:09.332 [Test worker] DEBUG com.github.dockerjava.zerodep.shaded.org.apache.hc.client5.http.wire - http-outgoing-2 >> "User-Agent: Apache-HttpClient/5.0.3 (Java/17.0.2)[\r][\n]"
22:07:09.332 [Test worker] DEBUG com.github.dockerjava.zerodep.shaded.org.apache.hc.client5.http.wire - http-outgoing-2 >> "[\r][\n]"
22:07:09.333 [Test worker] DEBUG com.github.dockerjava.zerodep.shaded.org.apache.hc.client5.http.wire - http-outgoing-2 << "HTTP/1.1 200 OK[\r][\n]"
22:07:09.333 [Test worker] DEBUG com.github.dockerjava.zerodep.shaded.org.apache.hc.client5.http.wire - http-outgoing-2 << "Api-Version: 1.41[\r][\n]"
22:07:09.333 [Test worker] DEBUG com.github.dockerjava.zerodep.shaded.org.apache.hc.client5.http.wire - http-outgoing-2 << "Content-Type: application/json[\r][\n]"
22:07:09.333 [Test worker] DEBUG com.github.dockerjava.zerodep.shaded.org.apache.hc.client5.http.wire - http-outgoing-2 << "Date: Mon, 03 Apr 2023 01:07:09 GMT[\r][\n]"
22:07:09.333 [Test worker] DEBUG com.github.dockerjava.zerodep.shaded.org.apache.hc.client5.http.wire - http-outgoing-2 << "Docker-Experimental: false[\r][\n]"
22:07:09.333 [Test worker] DEBUG com.github.dockerjava.zerodep.shaded.org.apache.hc.client5.http.wire - http-outgoing-2 << "Ostype: linux[\r][\n]"
22:07:09.333 [Test worker] DEBUG com.github.dockerjava.zerodep.shaded.org.apache.hc.client5.http.wire - http-outgoing-2 << "Server: Docker/20.10.21 (linux)[\r][\n]"
22:07:09.333 [Test worker] DEBUG com.github.dockerjava.zerodep.shaded.org.apache.hc.client5.http.wire - http-outgoing-2 << "Transfer-Encoding: chunked[\r][\n]"
22:07:09.333 [Test worker] DEBUG com.github.dockerjava.zerodep.shaded.org.apache.hc.client5.http.wire - http-outgoing-2 << "[\r][\n]"
22:07:09.333 [Test worker] DEBUG com.github.dockerjava.zerodep.shaded.org.apache.hc.client5.http.headers - http-outgoing-2 << HTTP/1.1 200 OK
22:07:09.333 [Test worker] DEBUG com.github.dockerjava.zerodep.shaded.org.apache.hc.client5.http.headers - http-outgoing-2 << Api-Version: 1.41
22:07:09.333 [Test worker] DEBUG com.github.dockerjava.zerodep.shaded.org.apache.hc.client5.http.headers - http-outgoing-2 << Content-Type: application/json
22:07:09.333 [Test worker] DEBUG com.github.dockerjava.zerodep.shaded.org.apache.hc.client5.http.headers - http-outgoing-2 << Date: Mon, 03 Apr 2023 01:07:09 GMT
22:07:09.333 [Test worker] DEBUG com.github.dockerjava.zerodep.shaded.org.apache.hc.client5.http.headers - http-outgoing-2 << Docker-Experimental: false
22:07:09.333 [Test worker] DEBUG com.github.dockerjava.zerodep.shaded.org.apache.hc.client5.http.headers - http-outgoing-2 << Ostype: linux
22:07:09.333 [Test worker] DEBUG com.github.dockerjava.zerodep.shaded.org.apache.hc.client5.http.headers - http-outgoing-2 << Server: Docker/20.10.21 (linux)
22:07:09.333 [Test worker] DEBUG com.github.dockerjava.zerodep.shaded.org.apache.hc.client5.http.headers - http-outgoing-2 << Transfer-Encoding: chunked
22:07:09.333 [Test worker] DEBUG com.github.dockerjava.zerodep.shaded.org.apache.hc.client5.http.impl.classic.MainClientExec - ex-00000037: connection can be kept alive for 3 MINUTES
22:07:09.334 [Test worker] DEBUG com.github.dockerjava.zerodep.shaded.org.apache.hc.client5.http.wire - http-outgoing-2 << "18c0[\r][\n]"
22:07:09.334 [Test worker] DEBUG com.github.dockerjava.zerodep.shaded.org.apache.hc.client5.http.wire - http-outgoing-2 << "{"Id":"511b2d736fd4c4da08b79110fd21fdaa756368e4971eb130f8114450b3efc085","Created":"2023-04-03T01:07:04.201309337Z","Path":"docker-entrypoint.sh","Args":["mysqld"],"State":{"Status":"running","Running":true,"Paused":false,"Restarting":false,"OOMKilled":false,"Dead":false,"Pid":2724,"ExitCode":0,"Error":"","StartedAt":"2023-04-03T01:07:04.498400921Z","FinishedAt":"0001-01-01T00:00:00Z"},"Image":"sha256:c7c54c29e20dccc1aefb936c8eba8bb8b98b87a4921102aba87fde2df5810af9","ResolvConfPath":"/var/lib/docker/containers/511b2d736fd4c4da08b79110fd21fdaa756368e4971eb130f8114450b3efc085/resolv.conf","HostnamePath":"/var/lib/docker/containers/511b2d736fd4c4da08b79110fd21fdaa756368e4971eb130f8114450b3efc085/hostname","HostsPath":"/var/lib/docker/containers/511b2d736fd4c4da08b79110fd21fdaa756368e4971eb130f8114450b3efc085/hosts","LogPath":"/var/lib/docker/containers/511b2d736fd4c4da08b79110fd21fdaa756368e4971eb130f8114450b3efc085/511b2d736fd4c4da08b79110fd21fdaa756368e4971eb130f8114450b3efc085-json.log","Name":"/elastic_easley","RestartCount":0,"Driver":"overlay2","Platform":"linux","MountLabel":"","ProcessLabel":"","AppArmorProfile":"","ExecIDs":null,"HostConfig":{"Binds":[],"ContainerIDFile":"","LogConfig":{"Type":"json-file","Config":{}},"NetworkMode":"default","PortBindings":{"3306/tcp":[{"HostIp":"0.0.0.0","HostPort":"0"}]},"RestartPolicy":{"Name":"","MaximumRetryCount":0},"AutoRemove":false,"VolumeDriver":"","VolumesFrom":[],"CapAdd":null,"CapDrop":null,"CgroupnsMode":"private","Dns":null,"DnsOptions":null,"DnsSearch":null,"ExtraHosts":[],"GroupAdd":null,"IpcMode":"shareable","Cgroup":"","Links":null,"OomScoreAdj":0,"PidMode":"","Privileged":false,"PublishAllPorts":false,"ReadonlyRootfs":false,"SecurityOpt":null,"UTSMode":"","UsernsMode":"","ShmSize":67108864,"Runtime":"runc","ConsoleSize":[0,0],"Isolation":"","CpuShares":0,"Memory":0,"NanoCpus":0,"CgroupParent":"","BlkioWeight":0,"BlkioWeightDevice":null,"BlkioDeviceReadBps":null,"BlkioDeviceWriteBps":null,"BlkioDeviceReadIOps":null,"BlkioDeviceWriteIOps":null,"CpuPeriod":0,"CpuQuota":0,"CpuRealtimePeriod":0,"CpuRealtimeRuntime":0,"CpusetCpus":"","CpusetMems":"","Devices":null,"DeviceCgroupRules":null,"DeviceRequests":null,"KernelMemory":0,"KernelMemoryTCP":0,"MemoryReservation":0,"MemorySwap":0,"MemorySwappiness":null,"OomKillDisable":null,"PidsLimit":null,"Ulimits":null,"CpuCount":0,"CpuPercent":0,"IOMaximumIOps":0,"IOMaximumBandwidth":0,"MaskedPaths":["/proc/asound","/proc/acpi","/proc/kcore","/proc/keys","/proc/latency_stats","/proc/timer_list","/proc/timer_stats","/proc/sched_debug","/proc/scsi","/sys/firmware"],"ReadonlyPaths":["/proc/bus","/proc/fs","/proc/irq","/proc/sys","/proc/sysrq-trigger"]},"GraphDriver":{"Data":{"LowerDir":"/var/lib/docker/overlay2/5ada145d0e3939fe5ed2118eea99b9f10241aeee200293145c73dce66470a568-init/diff:/var/lib/docker/overlay2/1bd8849d7a296305617011f940aa5cfabbe972a513397b1b6bbc27639b6c1f30/diff:/var/lib/docker/overlay2/199d69b2fbf78af4d4c95dec4fd2f8835ab0347eb49fb20ebb2ff3b99fedd6ad/diff:/var/lib/docker/overlay2/d83c38d654989311f75b9491329846033bfb7714de76ef635380dcfad5c740d9/diff:/var/lib/docker/overlay2/08600d0aea2ab2728bebcf5d2589c640a842f53d1ba3c4a4adccb4d03b923cf6/diff:/var/lib/docker/overlay2/9ec7c63a3fb14d13ac788bbf5e282ca821edc41260b79944e5e631037d13ecda/diff:/var/lib/docker/overlay2/db601d7a1b4ea6da638db620462f0da96fa55c559d02269c9ddb09027936ed87/diff:/var/lib/docker/overlay2/a6d2bd03f942e2565f21e74cfe152c7ec836a1c2b583f0790c685b92bdcfda24/diff:/var/lib/docker/overlay2/9badd16ea2c5e2bf1fde8b579683e41137dfc46ed5449234149f199a6751cc84/diff:/var/lib/docker/overlay2/6efb85646ed12e2d1181ef4cc6f6f6732c00c15a4035fe17ebc4f075ca573c30/diff:/var/lib/docker/overlay2/895d7c0ec09144d6ed33936f4e98e11c18010f7abd708cae1ce43aec7a7f2621/diff:/var/lib/docker/overlay2/1c4ba77aa573ab6e5e5069fd15eae71b3da940bde0f97a922a227ffc8a1d1096/diff","MergedDir":"/var/lib/docker/overlay2/5ada145d0e3939fe5ed2118eea99b9f10241aeee200293145c73dce66470a568/merged","UpperDir":"/var/lib/docker/overlay2/5ada145d0e3939fe5ed2118eea99b9f10241aeee200293145c73dce66470a568/diff","WorkDir":"/var/lib/docker/overlay2/5ada145d0e3939fe5ed2118eea99b9f10241aeee200293145c73dce66470a568/work"},"Name":"overlay2"},"Mounts":[{"Type":"volume","Name":"ac6dcf572a35a68e3a3a5bdf3d1899d89919b8e0b6d7a1beb9c6b19978c4e863","Source":"/var/lib/docker/volumes/ac6dcf572a35a68e3a3a5bdf3d1899d89919b8e0b6d7a1beb9c6b19978c4e863/_data","Destination":"/var/lib/mysql","Driver":"local","Mode":"","RW":true,"Propagation":""}],"Config":{"Hostname":"511b2d736fd4","Domainname":"","User":"","AttachStdin":false,"AttachStdout":false,"AttachStderr":false,"ExposedPorts":{"3306/tcp":{},"33060/tcp":{}},"Tty":false,"OpenStdin":false,"StdinOnce":false,"Env":["MYSQL_DATABASE=adm_videos","MYSQL_PASSWORD=123456","MYSQL_ROOT_PASSWORD=123456","PATH=/usr/local/sbin:/usr/local/bin:/usr/sbin:/usr/bin:/sbin:/bin","GOSU_VERSION=1.16","MYSQL_MAJOR=8.0","MYSQL_VERSION=8.0.32-1.el8","MYSQL_SHELL_VERSION=8.0.32-1.el8"],"Cmd":["mysqld"],"Image":"mysql:latest","Volumes":{"/var/lib/mysql":{}},"WorkingDir":"","Entrypoint":["docker-entrypoint.sh"],"OnBuild":null,"Labels":{"org.testcontainers":"true","org.testcontainers.lang":"java","org.testcontainers.sessionId":"c721e8e0-dbbd-4305-a748-6be2465f786d","org.testcontainers.version":"1.17.6"}},"NetworkSettings":{"Bridge":"","SandboxID":"23a51dba07b22c8536581cd39611755923749e16a93a45ce75c5c8a4a7759981","HairpinMode":false,"LinkLocalIPv6Address":"","LinkLocalIPv6PrefixLen":0,"Ports":{"3306/tcp":[{"HostIp":"0.0.0.0","HostPort":"50897"}],"33060/tcp":null},"SandboxKey":"/var/run/docker/netns/23a51dba07b2","SecondaryIPAddresses":null,"SecondaryIPv6Addresses":null,"EndpointID":"692f30c6e93a1486104b6273bdc38b1f926e45528d0b3ff49b5fe2d91ed6b329","Gateway":"172.17.0.1","GlobalIPv6Address":"","GlobalIPv6PrefixLen":0,"IPAddress":"172.17.0.3","IPPrefixLen":16,"IPv6Gateway":"","MacAddress":"02:42:ac:11:00:03","Networks":{"bridge":{"IPAMConfig":null,"Links":null,"Aliases":null,"NetworkID":"eba6fdf7ebe51912c859fc2dc83d1407a50db03ea3c296d90f885e8af84b6e93","EndpointID":"692f30c6e93a1486104b6273bdc38b1f926e45528d0b3ff49b5fe2d91ed6b329","Gateway":"172.17.0.1","IPAddress":"172.17.0.3","IPPrefixLen":16,"IPv6Gateway":"","GlobalIPv6Address":"","GlobalIPv6PrefixLen":0,"MacAddress":"02:42:ac:11:00:03","DriverOpts":null}}}}[\n]"
22:07:09.334 [Test worker] DEBUG com.github.dockerjava.zerodep.shaded.org.apache.hc.client5.http.wire - http-outgoing-2 << "[\r][\n]"
22:07:09.335 [Test worker] DEBUG com.github.dockerjava.zerodep.shaded.org.apache.hc.client5.http.wire - http-outgoing-2 << "0[\r][\n]"
22:07:09.335 [Test worker] DEBUG com.github.dockerjava.zerodep.shaded.org.apache.hc.client5.http.wire - http-outgoing-2 << "[\r][\n]"
22:07:09.335 [Test worker] DEBUG com.github.dockerjava.zerodep.shaded.org.apache.hc.client5.http.impl.classic.InternalHttpClient - ep-00000036: releasing valid endpoint
22:07:09.335 [Test worker] DEBUG com.github.dockerjava.zerodep.shaded.org.apache.hc.client5.http.impl.io.PoolingHttpClientConnectionManager - ep-00000036: releasing endpoint
22:07:09.335 [Test worker] DEBUG com.github.dockerjava.zerodep.shaded.org.apache.hc.client5.http.impl.io.PoolingHttpClientConnectionManager - ep-00000036: connection http-outgoing-2 can be kept alive for 3 MINUTES
22:07:09.335 [Test worker] DEBUG com.github.dockerjava.zerodep.shaded.org.apache.hc.client5.http.impl.io.PoolingHttpClientConnectionManager - ep-00000036: connection released [route: {}->unix://localhost:2375][total available: 1; route allocated: 1 of 2147483647; total allocated: 1 of 2147483647]
22:07:09.335 [Test worker] DEBUG ]]>&#x1f433;<![CDATA[ [mysql:latest] - Trying to create JDBC connection using com.mysql.cj.jdbc.Driver to jdbc:mysql://localhost:50897/adm_videos?useSSL=false&allowPublicKeyRetrieval=true with properties: {password=123456, user=root}
22:07:09.439 [Test worker] DEBUG org.testcontainers.shaded.com.github.dockerjava.core.command.AbstrDockerCmd - Cmd: 511b2d736fd4c4da08b79110fd21fdaa756368e4971eb130f8114450b3efc085,false
22:07:09.440 [Test worker] DEBUG org.testcontainers.shaded.com.github.dockerjava.core.exec.InspectContainerCmdExec - GET: DefaultWebTarget{path=[/containers/511b2d736fd4c4da08b79110fd21fdaa756368e4971eb130f8114450b3efc085/json], queryParams={}}
22:07:09.440 [Test worker] DEBUG com.github.dockerjava.zerodep.shaded.org.apache.hc.client5.http.impl.classic.InternalHttpClient - ex-00000038: preparing request execution
22:07:09.440 [Test worker] DEBUG com.github.dockerjava.zerodep.shaded.org.apache.hc.client5.http.protocol.RequestAddCookies - Cookie spec selected: strict
22:07:09.440 [Test worker] DEBUG com.github.dockerjava.zerodep.shaded.org.apache.hc.client5.http.protocol.RequestAuthCache - Auth cache not set in the context
22:07:09.440 [Test worker] DEBUG com.github.dockerjava.zerodep.shaded.org.apache.hc.client5.http.impl.classic.ProtocolExec - ex-00000038: target auth state: UNCHALLENGED
22:07:09.440 [Test worker] DEBUG com.github.dockerjava.zerodep.shaded.org.apache.hc.client5.http.impl.classic.ProtocolExec - ex-00000038: proxy auth state: UNCHALLENGED
22:07:09.440 [Test worker] DEBUG com.github.dockerjava.zerodep.shaded.org.apache.hc.client5.http.impl.classic.ConnectExec - ex-00000038: acquiring connection with route {}->unix://localhost:2375
22:07:09.440 [Test worker] DEBUG com.github.dockerjava.zerodep.shaded.org.apache.hc.client5.http.impl.classic.InternalHttpClient - ex-00000038: acquiring endpoint (3 MINUTES)
22:07:09.440 [Test worker] DEBUG com.github.dockerjava.zerodep.shaded.org.apache.hc.client5.http.impl.io.PoolingHttpClientConnectionManager - ex-00000038: endpoint lease request (3 MINUTES) [route: {}->unix://localhost:2375][total available: 1; route allocated: 1 of 2147483647; total allocated: 1 of 2147483647]
22:07:09.441 [Test worker] DEBUG com.github.dockerjava.zerodep.shaded.org.apache.hc.client5.http.impl.io.PoolingHttpClientConnectionManager - ex-00000038: endpoint leased [route: {}->unix://localhost:2375][total available: 0; route allocated: 1 of 2147483647; total allocated: 1 of 2147483647]
22:07:09.441 [Test worker] DEBUG com.github.dockerjava.zerodep.shaded.org.apache.hc.client5.http.impl.io.PoolingHttpClientConnectionManager - ex-00000038: acquired ep-00000037
22:07:09.441 [Test worker] DEBUG com.github.dockerjava.zerodep.shaded.org.apache.hc.client5.http.impl.classic.InternalHttpClient - ex-00000038: acquired endpoint ep-00000037
22:07:09.441 [Test worker] DEBUG com.github.dockerjava.zerodep.shaded.org.apache.hc.client5.http.impl.classic.MainClientExec - ex-00000038: executing GET /v1.32/containers/511b2d736fd4c4da08b79110fd21fdaa756368e4971eb130f8114450b3efc085/json HTTP/1.1
22:07:09.441 [Test worker] DEBUG com.github.dockerjava.zerodep.shaded.org.apache.hc.client5.http.impl.classic.InternalHttpClient - ep-00000037: start execution ex-00000038
22:07:09.441 [Test worker] DEBUG com.github.dockerjava.zerodep.shaded.org.apache.hc.client5.http.impl.io.PoolingHttpClientConnectionManager - ep-00000037: executing exchange ex-00000038 over http-outgoing-2
22:07:09.441 [Test worker] DEBUG com.github.dockerjava.zerodep.shaded.org.apache.hc.client5.http.headers - http-outgoing-2 >> GET /v1.32/containers/511b2d736fd4c4da08b79110fd21fdaa756368e4971eb130f8114450b3efc085/json HTTP/1.1
22:07:09.441 [Test worker] DEBUG com.github.dockerjava.zerodep.shaded.org.apache.hc.client5.http.headers - http-outgoing-2 >> accept: application/json
22:07:09.441 [Test worker] DEBUG com.github.dockerjava.zerodep.shaded.org.apache.hc.client5.http.headers - http-outgoing-2 >> x-tc-sid: c721e8e0-dbbd-4305-a748-6be2465f786d
22:07:09.441 [Test worker] DEBUG com.github.dockerjava.zerodep.shaded.org.apache.hc.client5.http.headers - http-outgoing-2 >> Accept-Encoding: gzip, x-gzip, deflate
22:07:09.441 [Test worker] DEBUG com.github.dockerjava.zerodep.shaded.org.apache.hc.client5.http.headers - http-outgoing-2 >> Host: localhost:2375
22:07:09.441 [Test worker] DEBUG com.github.dockerjava.zerodep.shaded.org.apache.hc.client5.http.headers - http-outgoing-2 >> Connection: keep-alive
22:07:09.441 [Test worker] DEBUG com.github.dockerjava.zerodep.shaded.org.apache.hc.client5.http.headers - http-outgoing-2 >> User-Agent: Apache-HttpClient/5.0.3 (Java/17.0.2)
22:07:09.441 [Test worker] DEBUG com.github.dockerjava.zerodep.shaded.org.apache.hc.client5.http.wire - http-outgoing-2 >> "GET /v1.32/containers/511b2d736fd4c4da08b79110fd21fdaa756368e4971eb130f8114450b3efc085/json HTTP/1.1[\r][\n]"
22:07:09.441 [Test worker] DEBUG com.github.dockerjava.zerodep.shaded.org.apache.hc.client5.http.wire - http-outgoing-2 >> "accept: application/json[\r][\n]"
22:07:09.441 [Test worker] DEBUG com.github.dockerjava.zerodep.shaded.org.apache.hc.client5.http.wire - http-outgoing-2 >> "x-tc-sid: c721e8e0-dbbd-4305-a748-6be2465f786d[\r][\n]"
22:07:09.441 [Test worker] DEBUG com.github.dockerjava.zerodep.shaded.org.apache.hc.client5.http.wire - http-outgoing-2 >> "Accept-Encoding: gzip, x-gzip, deflate[\r][\n]"
22:07:09.441 [Test worker] DEBUG com.github.dockerjava.zerodep.shaded.org.apache.hc.client5.http.wire - http-outgoing-2 >> "Host: localhost:2375[\r][\n]"
22:07:09.441 [Test worker] DEBUG com.github.dockerjava.zerodep.shaded.org.apache.hc.client5.http.wire - http-outgoing-2 >> "Connection: keep-alive[\r][\n]"
22:07:09.441 [Test worker] DEBUG com.github.dockerjava.zerodep.shaded.org.apache.hc.client5.http.wire - http-outgoing-2 >> "User-Agent: Apache-HttpClient/5.0.3 (Java/17.0.2)[\r][\n]"
22:07:09.441 [Test worker] DEBUG com.github.dockerjava.zerodep.shaded.org.apache.hc.client5.http.wire - http-outgoing-2 >> "[\r][\n]"
22:07:09.443 [Test worker] DEBUG com.github.dockerjava.zerodep.shaded.org.apache.hc.client5.http.wire - http-outgoing-2 << "HTTP/1.1 200 OK[\r][\n]"
22:07:09.443 [Test worker] DEBUG com.github.dockerjava.zerodep.shaded.org.apache.hc.client5.http.wire - http-outgoing-2 << "Api-Version: 1.41[\r][\n]"
22:07:09.443 [Test worker] DEBUG com.github.dockerjava.zerodep.shaded.org.apache.hc.client5.http.wire - http-outgoing-2 << "Content-Type: application/json[\r][\n]"
22:07:09.443 [Test worker] DEBUG com.github.dockerjava.zerodep.shaded.org.apache.hc.client5.http.wire - http-outgoing-2 << "Date: Mon, 03 Apr 2023 01:07:09 GMT[\r][\n]"
22:07:09.443 [Test worker] DEBUG com.github.dockerjava.zerodep.shaded.org.apache.hc.client5.http.wire - http-outgoing-2 << "Docker-Experimental: false[\r][\n]"
22:07:09.443 [Test worker] DEBUG com.github.dockerjava.zerodep.shaded.org.apache.hc.client5.http.wire - http-outgoing-2 << "Ostype: linux[\r][\n]"
22:07:09.443 [Test worker] DEBUG com.github.dockerjava.zerodep.shaded.org.apache.hc.client5.http.wire - http-outgoing-2 << "Server: Docker/20.10.21 (linux)[\r][\n]"
22:07:09.443 [Test worker] DEBUG com.github.dockerjava.zerodep.shaded.org.apache.hc.client5.http.wire - http-outgoing-2 << "Transfer-Encoding: chunked[\r][\n]"
22:07:09.443 [Test worker] DEBUG com.github.dockerjava.zerodep.shaded.org.apache.hc.client5.http.wire - http-outgoing-2 << "[\r][\n]"
22:07:09.443 [Test worker] DEBUG com.github.dockerjava.zerodep.shaded.org.apache.hc.client5.http.headers - http-outgoing-2 << HTTP/1.1 200 OK
22:07:09.443 [Test worker] DEBUG com.github.dockerjava.zerodep.shaded.org.apache.hc.client5.http.headers - http-outgoing-2 << Api-Version: 1.41
22:07:09.443 [Test worker] DEBUG com.github.dockerjava.zerodep.shaded.org.apache.hc.client5.http.headers - http-outgoing-2 << Content-Type: application/json
22:07:09.443 [Test worker] DEBUG com.github.dockerjava.zerodep.shaded.org.apache.hc.client5.http.headers - http-outgoing-2 << Date: Mon, 03 Apr 2023 01:07:09 GMT
22:07:09.443 [Test worker] DEBUG com.github.dockerjava.zerodep.shaded.org.apache.hc.client5.http.headers - http-outgoing-2 << Docker-Experimental: false
22:07:09.443 [Test worker] DEBUG com.github.dockerjava.zerodep.shaded.org.apache.hc.client5.http.headers - http-outgoing-2 << Ostype: linux
22:07:09.444 [Test worker] DEBUG com.github.dockerjava.zerodep.shaded.org.apache.hc.client5.http.headers - http-outgoing-2 << Server: Docker/20.10.21 (linux)
22:07:09.444 [Test worker] DEBUG com.github.dockerjava.zerodep.shaded.org.apache.hc.client5.http.headers - http-outgoing-2 << Transfer-Encoding: chunked
22:07:09.444 [Test worker] DEBUG com.github.dockerjava.zerodep.shaded.org.apache.hc.client5.http.impl.classic.MainClientExec - ex-00000038: connection can be kept alive for 3 MINUTES
22:07:09.444 [Test worker] DEBUG com.github.dockerjava.zerodep.shaded.org.apache.hc.client5.http.wire - http-outgoing-2 << "18c0[\r][\n]"
22:07:09.444 [Test worker] DEBUG com.github.dockerjava.zerodep.shaded.org.apache.hc.client5.http.wire - http-outgoing-2 << "{"Id":"511b2d736fd4c4da08b79110fd21fdaa756368e4971eb130f8114450b3efc085","Created":"2023-04-03T01:07:04.201309337Z","Path":"docker-entrypoint.sh","Args":["mysqld"],"State":{"Status":"running","Running":true,"Paused":false,"Restarting":false,"OOMKilled":false,"Dead":false,"Pid":2724,"ExitCode":0,"Error":"","StartedAt":"2023-04-03T01:07:04.498400921Z","FinishedAt":"0001-01-01T00:00:00Z"},"Image":"sha256:c7c54c29e20dccc1aefb936c8eba8bb8b98b87a4921102aba87fde2df5810af9","ResolvConfPath":"/var/lib/docker/containers/511b2d736fd4c4da08b79110fd21fdaa756368e4971eb130f8114450b3efc085/resolv.conf","HostnamePath":"/var/lib/docker/containers/511b2d736fd4c4da08b79110fd21fdaa756368e4971eb130f8114450b3efc085/hostname","HostsPath":"/var/lib/docker/containers/511b2d736fd4c4da08b79110fd21fdaa756368e4971eb130f8114450b3efc085/hosts","LogPath":"/var/lib/docker/containers/511b2d736fd4c4da08b79110fd21fdaa756368e4971eb130f8114450b3efc085/511b2d736fd4c4da08b79110fd21fdaa756368e4971eb130f8114450b3efc085-json.log","Name":"/elastic_easley","RestartCount":0,"Driver":"overlay2","Platform":"linux","MountLabel":"","ProcessLabel":"","AppArmorProfile":"","ExecIDs":null,"HostConfig":{"Binds":[],"ContainerIDFile":"","LogConfig":{"Type":"json-file","Config":{}},"NetworkMode":"default","PortBindings":{"3306/tcp":[{"HostIp":"0.0.0.0","HostPort":"0"}]},"RestartPolicy":{"Name":"","MaximumRetryCount":0},"AutoRemove":false,"VolumeDriver":"","VolumesFrom":[],"CapAdd":null,"CapDrop":null,"CgroupnsMode":"private","Dns":null,"DnsOptions":null,"DnsSearch":null,"ExtraHosts":[],"GroupAdd":null,"IpcMode":"shareable","Cgroup":"","Links":null,"OomScoreAdj":0,"PidMode":"","Privileged":false,"PublishAllPorts":false,"ReadonlyRootfs":false,"SecurityOpt":null,"UTSMode":"","UsernsMode":"","ShmSize":67108864,"Runtime":"runc","ConsoleSize":[0,0],"Isolation":"","CpuShares":0,"Memory":0,"NanoCpus":0,"CgroupParent":"","BlkioWeight":0,"BlkioWeightDevice":null,"BlkioDeviceReadBps":null,"BlkioDeviceWriteBps":null,"BlkioDeviceReadIOps":null,"BlkioDeviceWriteIOps":null,"CpuPeriod":0,"CpuQuota":0,"CpuRealtimePeriod":0,"CpuRealtimeRuntime":0,"CpusetCpus":"","CpusetMems":"","Devices":null,"DeviceCgroupRules":null,"DeviceRequests":null,"KernelMemory":0,"KernelMemoryTCP":0,"MemoryReservation":0,"MemorySwap":0,"MemorySwappiness":null,"OomKillDisable":null,"PidsLimit":null,"Ulimits":null,"CpuCount":0,"CpuPercent":0,"IOMaximumIOps":0,"IOMaximumBandwidth":0,"MaskedPaths":["/proc/asound","/proc/acpi","/proc/kcore","/proc/keys","/proc/latency_stats","/proc/timer_list","/proc/timer_stats","/proc/sched_debug","/proc/scsi","/sys/firmware"],"ReadonlyPaths":["/proc/bus","/proc/fs","/proc/irq","/proc/sys","/proc/sysrq-trigger"]},"GraphDriver":{"Data":{"LowerDir":"/var/lib/docker/overlay2/5ada145d0e3939fe5ed2118eea99b9f10241aeee200293145c73dce66470a568-init/diff:/var/lib/docker/overlay2/1bd8849d7a296305617011f940aa5cfabbe972a513397b1b6bbc27639b6c1f30/diff:/var/lib/docker/overlay2/199d69b2fbf78af4d4c95dec4fd2f8835ab0347eb49fb20ebb2ff3b99fedd6ad/diff:/var/lib/docker/overlay2/d83c38d654989311f75b9491329846033bfb7714de76ef635380dcfad5c740d9/diff:/var/lib/docker/overlay2/08600d0aea2ab2728bebcf5d2589c640a842f53d1ba3c4a4adccb4d03b923cf6/diff:/var/lib/docker/overlay2/9ec7c63a3fb14d13ac788bbf5e282ca821edc41260b79944e5e631037d13ecda/diff:/var/lib/docker/overlay2/db601d7a1b4ea6da638db620462f0da96fa55c559d02269c9ddb09027936ed87/diff:/var/lib/docker/overlay2/a6d2bd03f942e2565f21e74cfe152c7ec836a1c2b583f0790c685b92bdcfda24/diff:/var/lib/docker/overlay2/9badd16ea2c5e2bf1fde8b579683e41137dfc46ed5449234149f199a6751cc84/diff:/var/lib/docker/overlay2/6efb85646ed12e2d1181ef4cc6f6f6732c00c15a4035fe17ebc4f075ca573c30/diff:/var/lib/docker/overlay2/895d7c0ec09144d6ed33936f4e98e11c18010f7abd708cae1ce43aec7a7f2621/diff:/var/lib/docker/overlay2/1c4ba77aa573ab6e5e5069fd15eae71b3da940bde0f97a922a227ffc8a1d1096/diff","MergedDir":"/var/lib/docker/overlay2/5ada145d0e3939fe5ed2118eea99b9f10241aeee200293145c73dce66470a568/merged","UpperDir":"/var/lib/docker/overlay2/5ada145d0e3939fe5ed2118eea99b9f10241aeee200293145c73dce66470a568/diff","WorkDir":"/var/lib/docker/overlay2/5ada145d0e3939fe5ed2118eea99b9f10241aeee200293145c73dce66470a568/work"},"Name":"overlay2"},"Mounts":[{"Type":"volume","Name":"ac6dcf572a35a68e3a3a5bdf3d1899d89919b8e0b6d7a1beb9c6b19978c4e863","Source":"/var/lib/docker/volumes/ac6dcf572a35a68e3a3a5bdf3d1899d89919b8e0b6d7a1beb9c6b19978c4e863/_data","Destination":"/var/lib/mysql","Driver":"local","Mode":"","RW":true,"Propagation":""}],"Config":{"Hostname":"511b2d736fd4","Domainname":"","User":"","AttachStdin":false,"AttachStdout":false,"AttachStderr":false,"ExposedPorts":{"3306/tcp":{},"33060/tcp":{}},"Tty":false,"OpenStdin":false,"StdinOnce":false,"Env":["MYSQL_DATABASE=adm_videos","MYSQL_PASSWORD=123456","MYSQL_ROOT_PASSWORD=123456","PATH=/usr/local/sbin:/usr/local/bin:/usr/sbin:/usr/bin:/sbin:/bin","GOSU_VERSION=1.16","MYSQL_MAJOR=8.0","MYSQL_VERSION=8.0.32-1.el8","MYSQL_SHELL_VERSION=8.0.32-1.el8"],"Cmd":["mysqld"],"Image":"mysql:latest","Volumes":{"/var/lib/mysql":{}},"WorkingDir":"","Entrypoint":["docker-entrypoint.sh"],"OnBuild":null,"Labels":{"org.testcontainers":"true","org.testcontainers.lang":"java","org.testcontainers.sessionId":"c721e8e0-dbbd-4305-a748-6be2465f786d","org.testcontainers.version":"1.17.6"}},"NetworkSettings":{"Bridge":"","SandboxID":"23a51dba07b22c8536581cd39611755923749e16a93a45ce75c5c8a4a7759981","HairpinMode":false,"LinkLocalIPv6Address":"","LinkLocalIPv6PrefixLen":0,"Ports":{"3306/tcp":[{"HostIp":"0.0.0.0","HostPort":"50897"}],"33060/tcp":null},"SandboxKey":"/var/run/docker/netns/23a51dba07b2","SecondaryIPAddresses":null,"SecondaryIPv6Addresses":null,"EndpointID":"692f30c6e93a1486104b6273bdc38b1f926e45528d0b3ff49b5fe2d91ed6b329","Gateway":"172.17.0.1","GlobalIPv6Address":"","GlobalIPv6PrefixLen":0,"IPAddress":"172.17.0.3","IPPrefixLen":16,"IPv6Gateway":"","MacAddress":"02:42:ac:11:00:03","Networks":{"bridge":{"IPAMConfig":null,"Links":null,"Aliases":null,"NetworkID":"eba6fdf7ebe51912c859fc2dc83d1407a50db03ea3c296d90f885e8af84b6e93","EndpointID":"692f30c6e93a1486104b6273bdc38b1f926e45528d0b3ff49b5fe2d91ed6b329","Gateway":"172.17.0.1","IPAddress":"172.17.0.3","IPPrefixLen":16,"IPv6Gateway":"","GlobalIPv6Address":"","GlobalIPv6PrefixLen":0,"MacAddress":"02:42:ac:11:00:03","DriverOpts":null}}}}[\n]"
22:07:09.444 [Test worker] DEBUG com.github.dockerjava.zerodep.shaded.org.apache.hc.client5.http.wire - http-outgoing-2 << "[\r][\n]"
22:07:09.444 [Test worker] DEBUG com.github.dockerjava.zerodep.shaded.org.apache.hc.client5.http.wire - http-outgoing-2 << "0[\r][\n]"
22:07:09.444 [Test worker] DEBUG com.github.dockerjava.zerodep.shaded.org.apache.hc.client5.http.wire - http-outgoing-2 << "[\r][\n]"
22:07:09.445 [Test worker] DEBUG com.github.dockerjava.zerodep.shaded.org.apache.hc.client5.http.impl.classic.InternalHttpClient - ep-00000037: releasing valid endpoint
22:07:09.446 [Test worker] DEBUG com.github.dockerjava.zerodep.shaded.org.apache.hc.client5.http.impl.io.PoolingHttpClientConnectionManager - ep-00000037: releasing endpoint
22:07:09.446 [Test worker] DEBUG com.github.dockerjava.zerodep.shaded.org.apache.hc.client5.http.impl.io.PoolingHttpClientConnectionManager - ep-00000037: connection http-outgoing-2 can be kept alive for 3 MINUTES
22:07:09.446 [Test worker] DEBUG com.github.dockerjava.zerodep.shaded.org.apache.hc.client5.http.impl.io.PoolingHttpClientConnectionManager - ep-00000037: connection released [route: {}->unix://localhost:2375][total available: 1; route allocated: 1 of 2147483647; total allocated: 1 of 2147483647]
22:07:09.446 [Test worker] DEBUG ]]>&#x1f433;<![CDATA[ [mysql:latest] - Trying to create JDBC connection using com.mysql.cj.jdbc.Driver to jdbc:mysql://localhost:50897/adm_videos?useSSL=false&allowPublicKeyRetrieval=true with properties: {password=123456, user=root}
22:07:09.549 [Test worker] DEBUG org.testcontainers.shaded.com.github.dockerjava.core.command.AbstrDockerCmd - Cmd: 511b2d736fd4c4da08b79110fd21fdaa756368e4971eb130f8114450b3efc085,false
22:07:09.550 [Test worker] DEBUG org.testcontainers.shaded.com.github.dockerjava.core.exec.InspectContainerCmdExec - GET: DefaultWebTarget{path=[/containers/511b2d736fd4c4da08b79110fd21fdaa756368e4971eb130f8114450b3efc085/json], queryParams={}}
22:07:09.550 [Test worker] DEBUG com.github.dockerjava.zerodep.shaded.org.apache.hc.client5.http.impl.classic.InternalHttpClient - ex-00000039: preparing request execution
22:07:09.550 [Test worker] DEBUG com.github.dockerjava.zerodep.shaded.org.apache.hc.client5.http.protocol.RequestAddCookies - Cookie spec selected: strict
22:07:09.550 [Test worker] DEBUG com.github.dockerjava.zerodep.shaded.org.apache.hc.client5.http.protocol.RequestAuthCache - Auth cache not set in the context
22:07:09.550 [Test worker] DEBUG com.github.dockerjava.zerodep.shaded.org.apache.hc.client5.http.impl.classic.ProtocolExec - ex-00000039: target auth state: UNCHALLENGED
22:07:09.550 [Test worker] DEBUG com.github.dockerjava.zerodep.shaded.org.apache.hc.client5.http.impl.classic.ProtocolExec - ex-00000039: proxy auth state: UNCHALLENGED
22:07:09.550 [Test worker] DEBUG com.github.dockerjava.zerodep.shaded.org.apache.hc.client5.http.impl.classic.ConnectExec - ex-00000039: acquiring connection with route {}->unix://localhost:2375
22:07:09.550 [Test worker] DEBUG com.github.dockerjava.zerodep.shaded.org.apache.hc.client5.http.impl.classic.InternalHttpClient - ex-00000039: acquiring endpoint (3 MINUTES)
22:07:09.550 [Test worker] DEBUG com.github.dockerjava.zerodep.shaded.org.apache.hc.client5.http.impl.io.PoolingHttpClientConnectionManager - ex-00000039: endpoint lease request (3 MINUTES) [route: {}->unix://localhost:2375][total available: 1; route allocated: 1 of 2147483647; total allocated: 1 of 2147483647]
22:07:09.550 [Test worker] DEBUG com.github.dockerjava.zerodep.shaded.org.apache.hc.client5.http.impl.io.PoolingHttpClientConnectionManager - ex-00000039: endpoint leased [route: {}->unix://localhost:2375][total available: 0; route allocated: 1 of 2147483647; total allocated: 1 of 2147483647]
22:07:09.551 [Test worker] DEBUG com.github.dockerjava.zerodep.shaded.org.apache.hc.client5.http.impl.io.PoolingHttpClientConnectionManager - ex-00000039: acquired ep-00000038
22:07:09.551 [Test worker] DEBUG com.github.dockerjava.zerodep.shaded.org.apache.hc.client5.http.impl.classic.InternalHttpClient - ex-00000039: acquired endpoint ep-00000038
22:07:09.551 [Test worker] DEBUG com.github.dockerjava.zerodep.shaded.org.apache.hc.client5.http.impl.classic.MainClientExec - ex-00000039: executing GET /v1.32/containers/511b2d736fd4c4da08b79110fd21fdaa756368e4971eb130f8114450b3efc085/json HTTP/1.1
22:07:09.551 [Test worker] DEBUG com.github.dockerjava.zerodep.shaded.org.apache.hc.client5.http.impl.classic.InternalHttpClient - ep-00000038: start execution ex-00000039
22:07:09.551 [Test worker] DEBUG com.github.dockerjava.zerodep.shaded.org.apache.hc.client5.http.impl.io.PoolingHttpClientConnectionManager - ep-00000038: executing exchange ex-00000039 over http-outgoing-2
22:07:09.551 [Test worker] DEBUG com.github.dockerjava.zerodep.shaded.org.apache.hc.client5.http.headers - http-outgoing-2 >> GET /v1.32/containers/511b2d736fd4c4da08b79110fd21fdaa756368e4971eb130f8114450b3efc085/json HTTP/1.1
22:07:09.551 [Test worker] DEBUG com.github.dockerjava.zerodep.shaded.org.apache.hc.client5.http.headers - http-outgoing-2 >> accept: application/json
22:07:09.551 [Test worker] DEBUG com.github.dockerjava.zerodep.shaded.org.apache.hc.client5.http.headers - http-outgoing-2 >> x-tc-sid: c721e8e0-dbbd-4305-a748-6be2465f786d
22:07:09.551 [Test worker] DEBUG com.github.dockerjava.zerodep.shaded.org.apache.hc.client5.http.headers - http-outgoing-2 >> Accept-Encoding: gzip, x-gzip, deflate
22:07:09.551 [Test worker] DEBUG com.github.dockerjava.zerodep.shaded.org.apache.hc.client5.http.headers - http-outgoing-2 >> Host: localhost:2375
22:07:09.551 [Test worker] DEBUG com.github.dockerjava.zerodep.shaded.org.apache.hc.client5.http.headers - http-outgoing-2 >> Connection: keep-alive
22:07:09.551 [Test worker] DEBUG com.github.dockerjava.zerodep.shaded.org.apache.hc.client5.http.headers - http-outgoing-2 >> User-Agent: Apache-HttpClient/5.0.3 (Java/17.0.2)
22:07:09.551 [Test worker] DEBUG com.github.dockerjava.zerodep.shaded.org.apache.hc.client5.http.wire - http-outgoing-2 >> "GET /v1.32/containers/511b2d736fd4c4da08b79110fd21fdaa756368e4971eb130f8114450b3efc085/json HTTP/1.1[\r][\n]"
22:07:09.551 [Test worker] DEBUG com.github.dockerjava.zerodep.shaded.org.apache.hc.client5.http.wire - http-outgoing-2 >> "accept: application/json[\r][\n]"
22:07:09.551 [Test worker] DEBUG com.github.dockerjava.zerodep.shaded.org.apache.hc.client5.http.wire - http-outgoing-2 >> "x-tc-sid: c721e8e0-dbbd-4305-a748-6be2465f786d[\r][\n]"
22:07:09.551 [Test worker] DEBUG com.github.dockerjava.zerodep.shaded.org.apache.hc.client5.http.wire - http-outgoing-2 >> "Accept-Encoding: gzip, x-gzip, deflate[\r][\n]"
22:07:09.551 [Test worker] DEBUG com.github.dockerjava.zerodep.shaded.org.apache.hc.client5.http.wire - http-outgoing-2 >> "Host: localhost:2375[\r][\n]"
22:07:09.551 [Test worker] DEBUG com.github.dockerjava.zerodep.shaded.org.apache.hc.client5.http.wire - http-outgoing-2 >> "Connection: keep-alive[\r][\n]"
22:07:09.551 [Test worker] DEBUG com.github.dockerjava.zerodep.shaded.org.apache.hc.client5.http.wire - http-outgoing-2 >> "User-Agent: Apache-HttpClient/5.0.3 (Java/17.0.2)[\r][\n]"
22:07:09.551 [Test worker] DEBUG com.github.dockerjava.zerodep.shaded.org.apache.hc.client5.http.wire - http-outgoing-2 >> "[\r][\n]"
22:07:09.552 [Test worker] DEBUG com.github.dockerjava.zerodep.shaded.org.apache.hc.client5.http.wire - http-outgoing-2 << "HTTP/1.1 200 OK[\r][\n]"
22:07:09.552 [Test worker] DEBUG com.github.dockerjava.zerodep.shaded.org.apache.hc.client5.http.wire - http-outgoing-2 << "Api-Version: 1.41[\r][\n]"
22:07:09.552 [Test worker] DEBUG com.github.dockerjava.zerodep.shaded.org.apache.hc.client5.http.wire - http-outgoing-2 << "Content-Type: application/json[\r][\n]"
22:07:09.552 [Test worker] DEBUG com.github.dockerjava.zerodep.shaded.org.apache.hc.client5.http.wire - http-outgoing-2 << "Date: Mon, 03 Apr 2023 01:07:09 GMT[\r][\n]"
22:07:09.552 [Test worker] DEBUG com.github.dockerjava.zerodep.shaded.org.apache.hc.client5.http.wire - http-outgoing-2 << "Docker-Experimental: false[\r][\n]"
22:07:09.552 [Test worker] DEBUG com.github.dockerjava.zerodep.shaded.org.apache.hc.client5.http.wire - http-outgoing-2 << "Ostype: linux[\r][\n]"
22:07:09.552 [Test worker] DEBUG com.github.dockerjava.zerodep.shaded.org.apache.hc.client5.http.wire - http-outgoing-2 << "Server: Docker/20.10.21 (linux)[\r][\n]"
22:07:09.552 [Test worker] DEBUG com.github.dockerjava.zerodep.shaded.org.apache.hc.client5.http.wire - http-outgoing-2 << "Transfer-Encoding: chunked[\r][\n]"
22:07:09.552 [Test worker] DEBUG com.github.dockerjava.zerodep.shaded.org.apache.hc.client5.http.wire - http-outgoing-2 << "[\r][\n]"
22:07:09.552 [Test worker] DEBUG com.github.dockerjava.zerodep.shaded.org.apache.hc.client5.http.headers - http-outgoing-2 << HTTP/1.1 200 OK
22:07:09.552 [Test worker] DEBUG com.github.dockerjava.zerodep.shaded.org.apache.hc.client5.http.headers - http-outgoing-2 << Api-Version: 1.41
22:07:09.552 [Test worker] DEBUG com.github.dockerjava.zerodep.shaded.org.apache.hc.client5.http.headers - http-outgoing-2 << Content-Type: application/json
22:07:09.552 [Test worker] DEBUG com.github.dockerjava.zerodep.shaded.org.apache.hc.client5.http.headers - http-outgoing-2 << Date: Mon, 03 Apr 2023 01:07:09 GMT
22:07:09.552 [Test worker] DEBUG com.github.dockerjava.zerodep.shaded.org.apache.hc.client5.http.headers - http-outgoing-2 << Docker-Experimental: false
22:07:09.552 [Test worker] DEBUG com.github.dockerjava.zerodep.shaded.org.apache.hc.client5.http.headers - http-outgoing-2 << Ostype: linux
22:07:09.552 [Test worker] DEBUG com.github.dockerjava.zerodep.shaded.org.apache.hc.client5.http.headers - http-outgoing-2 << Server: Docker/20.10.21 (linux)
22:07:09.552 [Test worker] DEBUG com.github.dockerjava.zerodep.shaded.org.apache.hc.client5.http.headers - http-outgoing-2 << Transfer-Encoding: chunked
22:07:09.552 [Test worker] DEBUG com.github.dockerjava.zerodep.shaded.org.apache.hc.client5.http.impl.classic.MainClientExec - ex-00000039: connection can be kept alive for 3 MINUTES
22:07:09.553 [Test worker] DEBUG com.github.dockerjava.zerodep.shaded.org.apache.hc.client5.http.wire - http-outgoing-2 << "18c0[\r][\n]"
22:07:09.553 [Test worker] DEBUG com.github.dockerjava.zerodep.shaded.org.apache.hc.client5.http.wire - http-outgoing-2 << "{"Id":"511b2d736fd4c4da08b79110fd21fdaa756368e4971eb130f8114450b3efc085","Created":"2023-04-03T01:07:04.201309337Z","Path":"docker-entrypoint.sh","Args":["mysqld"],"State":{"Status":"running","Running":true,"Paused":false,"Restarting":false,"OOMKilled":false,"Dead":false,"Pid":2724,"ExitCode":0,"Error":"","StartedAt":"2023-04-03T01:07:04.498400921Z","FinishedAt":"0001-01-01T00:00:00Z"},"Image":"sha256:c7c54c29e20dccc1aefb936c8eba8bb8b98b87a4921102aba87fde2df5810af9","ResolvConfPath":"/var/lib/docker/containers/511b2d736fd4c4da08b79110fd21fdaa756368e4971eb130f8114450b3efc085/resolv.conf","HostnamePath":"/var/lib/docker/containers/511b2d736fd4c4da08b79110fd21fdaa756368e4971eb130f8114450b3efc085/hostname","HostsPath":"/var/lib/docker/containers/511b2d736fd4c4da08b79110fd21fdaa756368e4971eb130f8114450b3efc085/hosts","LogPath":"/var/lib/docker/containers/511b2d736fd4c4da08b79110fd21fdaa756368e4971eb130f8114450b3efc085/511b2d736fd4c4da08b79110fd21fdaa756368e4971eb130f8114450b3efc085-json.log","Name":"/elastic_easley","RestartCount":0,"Driver":"overlay2","Platform":"linux","MountLabel":"","ProcessLabel":"","AppArmorProfile":"","ExecIDs":null,"HostConfig":{"Binds":[],"ContainerIDFile":"","LogConfig":{"Type":"json-file","Config":{}},"NetworkMode":"default","PortBindings":{"3306/tcp":[{"HostIp":"0.0.0.0","HostPort":"0"}]},"RestartPolicy":{"Name":"","MaximumRetryCount":0},"AutoRemove":false,"VolumeDriver":"","VolumesFrom":[],"CapAdd":null,"CapDrop":null,"CgroupnsMode":"private","Dns":null,"DnsOptions":null,"DnsSearch":null,"ExtraHosts":[],"GroupAdd":null,"IpcMode":"shareable","Cgroup":"","Links":null,"OomScoreAdj":0,"PidMode":"","Privileged":false,"PublishAllPorts":false,"ReadonlyRootfs":false,"SecurityOpt":null,"UTSMode":"","UsernsMode":"","ShmSize":67108864,"Runtime":"runc","ConsoleSize":[0,0],"Isolation":"","CpuShares":0,"Memory":0,"NanoCpus":0,"CgroupParent":"","BlkioWeight":0,"BlkioWeightDevice":null,"BlkioDeviceReadBps":null,"BlkioDeviceWriteBps":null,"BlkioDeviceReadIOps":null,"BlkioDeviceWriteIOps":null,"CpuPeriod":0,"CpuQuota":0,"CpuRealtimePeriod":0,"CpuRealtimeRuntime":0,"CpusetCpus":"","CpusetMems":"","Devices":null,"DeviceCgroupRules":null,"DeviceRequests":null,"KernelMemory":0,"KernelMemoryTCP":0,"MemoryReservation":0,"MemorySwap":0,"MemorySwappiness":null,"OomKillDisable":null,"PidsLimit":null,"Ulimits":null,"CpuCount":0,"CpuPercent":0,"IOMaximumIOps":0,"IOMaximumBandwidth":0,"MaskedPaths":["/proc/asound","/proc/acpi","/proc/kcore","/proc/keys","/proc/latency_stats","/proc/timer_list","/proc/timer_stats","/proc/sched_debug","/proc/scsi","/sys/firmware"],"ReadonlyPaths":["/proc/bus","/proc/fs","/proc/irq","/proc/sys","/proc/sysrq-trigger"]},"GraphDriver":{"Data":{"LowerDir":"/var/lib/docker/overlay2/5ada145d0e3939fe5ed2118eea99b9f10241aeee200293145c73dce66470a568-init/diff:/var/lib/docker/overlay2/1bd8849d7a296305617011f940aa5cfabbe972a513397b1b6bbc27639b6c1f30/diff:/var/lib/docker/overlay2/199d69b2fbf78af4d4c95dec4fd2f8835ab0347eb49fb20ebb2ff3b99fedd6ad/diff:/var/lib/docker/overlay2/d83c38d654989311f75b9491329846033bfb7714de76ef635380dcfad5c740d9/diff:/var/lib/docker/overlay2/08600d0aea2ab2728bebcf5d2589c640a842f53d1ba3c4a4adccb4d03b923cf6/diff:/var/lib/docker/overlay2/9ec7c63a3fb14d13ac788bbf5e282ca821edc41260b79944e5e631037d13ecda/diff:/var/lib/docker/overlay2/db601d7a1b4ea6da638db620462f0da96fa55c559d02269c9ddb09027936ed87/diff:/var/lib/docker/overlay2/a6d2bd03f942e2565f21e74cfe152c7ec836a1c2b583f0790c685b92bdcfda24/diff:/var/lib/docker/overlay2/9badd16ea2c5e2bf1fde8b579683e41137dfc46ed5449234149f199a6751cc84/diff:/var/lib/docker/overlay2/6efb85646ed12e2d1181ef4cc6f6f6732c00c15a4035fe17ebc4f075ca573c30/diff:/var/lib/docker/overlay2/895d7c0ec09144d6ed33936f4e98e11c18010f7abd708cae1ce43aec7a7f2621/diff:/var/lib/docker/overlay2/1c4ba77aa573ab6e5e5069fd15eae71b3da940bde0f97a922a227ffc8a1d1096/diff","MergedDir":"/var/lib/docker/overlay2/5ada145d0e3939fe5ed2118eea99b9f10241aeee200293145c73dce66470a568/merged","UpperDir":"/var/lib/docker/overlay2/5ada145d0e3939fe5ed2118eea99b9f10241aeee200293145c73dce66470a568/diff","WorkDir":"/var/lib/docker/overlay2/5ada145d0e3939fe5ed2118eea99b9f10241aeee200293145c73dce66470a568/work"},"Name":"overlay2"},"Mounts":[{"Type":"volume","Name":"ac6dcf572a35a68e3a3a5bdf3d1899d89919b8e0b6d7a1beb9c6b19978c4e863","Source":"/var/lib/docker/volumes/ac6dcf572a35a68e3a3a5bdf3d1899d89919b8e0b6d7a1beb9c6b19978c4e863/_data","Destination":"/var/lib/mysql","Driver":"local","Mode":"","RW":true,"Propagation":""}],"Config":{"Hostname":"511b2d736fd4","Domainname":"","User":"","AttachStdin":false,"AttachStdout":false,"AttachStderr":false,"ExposedPorts":{"3306/tcp":{},"33060/tcp":{}},"Tty":false,"OpenStdin":false,"StdinOnce":false,"Env":["MYSQL_DATABASE=adm_videos","MYSQL_PASSWORD=123456","MYSQL_ROOT_PASSWORD=123456","PATH=/usr/local/sbin:/usr/local/bin:/usr/sbin:/usr/bin:/sbin:/bin","GOSU_VERSION=1.16","MYSQL_MAJOR=8.0","MYSQL_VERSION=8.0.32-1.el8","MYSQL_SHELL_VERSION=8.0.32-1.el8"],"Cmd":["mysqld"],"Image":"mysql:latest","Volumes":{"/var/lib/mysql":{}},"WorkingDir":"","Entrypoint":["docker-entrypoint.sh"],"OnBuild":null,"Labels":{"org.testcontainers":"true","org.testcontainers.lang":"java","org.testcontainers.sessionId":"c721e8e0-dbbd-4305-a748-6be2465f786d","org.testcontainers.version":"1.17.6"}},"NetworkSettings":{"Bridge":"","SandboxID":"23a51dba07b22c8536581cd39611755923749e16a93a45ce75c5c8a4a7759981","HairpinMode":false,"LinkLocalIPv6Address":"","LinkLocalIPv6PrefixLen":0,"Ports":{"3306/tcp":[{"HostIp":"0.0.0.0","HostPort":"50897"}],"33060/tcp":null},"SandboxKey":"/var/run/docker/netns/23a51dba07b2","SecondaryIPAddresses":null,"SecondaryIPv6Addresses":null,"EndpointID":"692f30c6e93a1486104b6273bdc38b1f926e45528d0b3ff49b5fe2d91ed6b329","Gateway":"172.17.0.1","GlobalIPv6Address":"","GlobalIPv6PrefixLen":0,"IPAddress":"172.17.0.3","IPPrefixLen":16,"IPv6Gateway":"","MacAddress":"02:42:ac:11:00:03","Networks":{"bridge":{"IPAMConfig":null,"Links":null,"Aliases":null,"NetworkID":"eba6fdf7ebe51912c859fc2dc83d1407a50db03ea3c296d90f885e8af84b6e93","EndpointID":"692f30c6e93a1486104b6273bdc38b1f926e45528d0b3ff49b5fe2d91ed6b329","Gateway":"172.17.0.1","IPAddress":"172.17.0.3","IPPrefixLen":16,"IPv6Gateway":"","GlobalIPv6Address":"","GlobalIPv6PrefixLen":0,"MacAddress":"02:42:ac:11:00:03","DriverOpts":null}}}}[\n]"
22:07:09.553 [Test worker] DEBUG com.github.dockerjava.zerodep.shaded.org.apache.hc.client5.http.wire - http-outgoing-2 << "[\r][\n]"
22:07:09.554 [Test worker] DEBUG com.github.dockerjava.zerodep.shaded.org.apache.hc.client5.http.wire - http-outgoing-2 << "0[\r][\n]"
22:07:09.554 [Test worker] DEBUG com.github.dockerjava.zerodep.shaded.org.apache.hc.client5.http.wire - http-outgoing-2 << "[\r][\n]"
22:07:09.554 [Test worker] DEBUG com.github.dockerjava.zerodep.shaded.org.apache.hc.client5.http.impl.classic.InternalHttpClient - ep-00000038: releasing valid endpoint
22:07:09.554 [Test worker] DEBUG com.github.dockerjava.zerodep.shaded.org.apache.hc.client5.http.impl.io.PoolingHttpClientConnectionManager - ep-00000038: releasing endpoint
22:07:09.554 [Test worker] DEBUG com.github.dockerjava.zerodep.shaded.org.apache.hc.client5.http.impl.io.PoolingHttpClientConnectionManager - ep-00000038: connection http-outgoing-2 can be kept alive for 3 MINUTES
22:07:09.554 [Test worker] DEBUG com.github.dockerjava.zerodep.shaded.org.apache.hc.client5.http.impl.io.PoolingHttpClientConnectionManager - ep-00000038: connection released [route: {}->unix://localhost:2375][total available: 1; route allocated: 1 of 2147483647; total allocated: 1 of 2147483647]
22:07:09.554 [Test worker] DEBUG ]]>&#x1f433;<![CDATA[ [mysql:latest] - Trying to create JDBC connection using com.mysql.cj.jdbc.Driver to jdbc:mysql://localhost:50897/adm_videos?useSSL=false&allowPublicKeyRetrieval=true with properties: {password=123456, user=root}
22:07:09.661 [Test worker] DEBUG org.testcontainers.shaded.com.github.dockerjava.core.command.AbstrDockerCmd - Cmd: 511b2d736fd4c4da08b79110fd21fdaa756368e4971eb130f8114450b3efc085,false
22:07:09.661 [Test worker] DEBUG org.testcontainers.shaded.com.github.dockerjava.core.exec.InspectContainerCmdExec - GET: DefaultWebTarget{path=[/containers/511b2d736fd4c4da08b79110fd21fdaa756368e4971eb130f8114450b3efc085/json], queryParams={}}
22:07:09.662 [Test worker] DEBUG com.github.dockerjava.zerodep.shaded.org.apache.hc.client5.http.impl.classic.InternalHttpClient - ex-0000003A: preparing request execution
22:07:09.662 [Test worker] DEBUG com.github.dockerjava.zerodep.shaded.org.apache.hc.client5.http.protocol.RequestAddCookies - Cookie spec selected: strict
22:07:09.662 [Test worker] DEBUG com.github.dockerjava.zerodep.shaded.org.apache.hc.client5.http.protocol.RequestAuthCache - Auth cache not set in the context
22:07:09.662 [Test worker] DEBUG com.github.dockerjava.zerodep.shaded.org.apache.hc.client5.http.impl.classic.ProtocolExec - ex-0000003A: target auth state: UNCHALLENGED
22:07:09.662 [Test worker] DEBUG com.github.dockerjava.zerodep.shaded.org.apache.hc.client5.http.impl.classic.ProtocolExec - ex-0000003A: proxy auth state: UNCHALLENGED
22:07:09.662 [Test worker] DEBUG com.github.dockerjava.zerodep.shaded.org.apache.hc.client5.http.impl.classic.ConnectExec - ex-0000003A: acquiring connection with route {}->unix://localhost:2375
22:07:09.662 [Test worker] DEBUG com.github.dockerjava.zerodep.shaded.org.apache.hc.client5.http.impl.classic.InternalHttpClient - ex-0000003A: acquiring endpoint (3 MINUTES)
22:07:09.662 [Test worker] DEBUG com.github.dockerjava.zerodep.shaded.org.apache.hc.client5.http.impl.io.PoolingHttpClientConnectionManager - ex-0000003A: endpoint lease request (3 MINUTES) [route: {}->unix://localhost:2375][total available: 1; route allocated: 1 of 2147483647; total allocated: 1 of 2147483647]
22:07:09.662 [Test worker] DEBUG com.github.dockerjava.zerodep.shaded.org.apache.hc.client5.http.impl.io.PoolingHttpClientConnectionManager - ex-0000003A: endpoint leased [route: {}->unix://localhost:2375][total available: 0; route allocated: 1 of 2147483647; total allocated: 1 of 2147483647]
22:07:09.662 [Test worker] DEBUG com.github.dockerjava.zerodep.shaded.org.apache.hc.client5.http.impl.io.PoolingHttpClientConnectionManager - ex-0000003A: acquired ep-00000039
22:07:09.662 [Test worker] DEBUG com.github.dockerjava.zerodep.shaded.org.apache.hc.client5.http.impl.classic.InternalHttpClient - ex-0000003A: acquired endpoint ep-00000039
22:07:09.663 [Test worker] DEBUG com.github.dockerjava.zerodep.shaded.org.apache.hc.client5.http.impl.classic.MainClientExec - ex-0000003A: executing GET /v1.32/containers/511b2d736fd4c4da08b79110fd21fdaa756368e4971eb130f8114450b3efc085/json HTTP/1.1
22:07:09.663 [Test worker] DEBUG com.github.dockerjava.zerodep.shaded.org.apache.hc.client5.http.impl.classic.InternalHttpClient - ep-00000039: start execution ex-0000003A
22:07:09.663 [Test worker] DEBUG com.github.dockerjava.zerodep.shaded.org.apache.hc.client5.http.impl.io.PoolingHttpClientConnectionManager - ep-00000039: executing exchange ex-0000003A over http-outgoing-2
22:07:09.663 [Test worker] DEBUG com.github.dockerjava.zerodep.shaded.org.apache.hc.client5.http.headers - http-outgoing-2 >> GET /v1.32/containers/511b2d736fd4c4da08b79110fd21fdaa756368e4971eb130f8114450b3efc085/json HTTP/1.1
22:07:09.663 [Test worker] DEBUG com.github.dockerjava.zerodep.shaded.org.apache.hc.client5.http.headers - http-outgoing-2 >> accept: application/json
22:07:09.663 [Test worker] DEBUG com.github.dockerjava.zerodep.shaded.org.apache.hc.client5.http.headers - http-outgoing-2 >> x-tc-sid: c721e8e0-dbbd-4305-a748-6be2465f786d
22:07:09.663 [Test worker] DEBUG com.github.dockerjava.zerodep.shaded.org.apache.hc.client5.http.headers - http-outgoing-2 >> Accept-Encoding: gzip, x-gzip, deflate
22:07:09.663 [Test worker] DEBUG com.github.dockerjava.zerodep.shaded.org.apache.hc.client5.http.headers - http-outgoing-2 >> Host: localhost:2375
22:07:09.663 [Test worker] DEBUG com.github.dockerjava.zerodep.shaded.org.apache.hc.client5.http.headers - http-outgoing-2 >> Connection: keep-alive
22:07:09.663 [Test worker] DEBUG com.github.dockerjava.zerodep.shaded.org.apache.hc.client5.http.headers - http-outgoing-2 >> User-Agent: Apache-HttpClient/5.0.3 (Java/17.0.2)
22:07:09.663 [Test worker] DEBUG com.github.dockerjava.zerodep.shaded.org.apache.hc.client5.http.wire - http-outgoing-2 >> "GET /v1.32/containers/511b2d736fd4c4da08b79110fd21fdaa756368e4971eb130f8114450b3efc085/json HTTP/1.1[\r][\n]"
22:07:09.663 [Test worker] DEBUG com.github.dockerjava.zerodep.shaded.org.apache.hc.client5.http.wire - http-outgoing-2 >> "accept: application/json[\r][\n]"
22:07:09.663 [Test worker] DEBUG com.github.dockerjava.zerodep.shaded.org.apache.hc.client5.http.wire - http-outgoing-2 >> "x-tc-sid: c721e8e0-dbbd-4305-a748-6be2465f786d[\r][\n]"
22:07:09.663 [Test worker] DEBUG com.github.dockerjava.zerodep.shaded.org.apache.hc.client5.http.wire - http-outgoing-2 >> "Accept-Encoding: gzip, x-gzip, deflate[\r][\n]"
22:07:09.663 [Test worker] DEBUG com.github.dockerjava.zerodep.shaded.org.apache.hc.client5.http.wire - http-outgoing-2 >> "Host: localhost:2375[\r][\n]"
22:07:09.663 [Test worker] DEBUG com.github.dockerjava.zerodep.shaded.org.apache.hc.client5.http.wire - http-outgoing-2 >> "Connection: keep-alive[\r][\n]"
22:07:09.663 [Test worker] DEBUG com.github.dockerjava.zerodep.shaded.org.apache.hc.client5.http.wire - http-outgoing-2 >> "User-Agent: Apache-HttpClient/5.0.3 (Java/17.0.2)[\r][\n]"
22:07:09.663 [Test worker] DEBUG com.github.dockerjava.zerodep.shaded.org.apache.hc.client5.http.wire - http-outgoing-2 >> "[\r][\n]"
22:07:09.664 [Test worker] DEBUG com.github.dockerjava.zerodep.shaded.org.apache.hc.client5.http.wire - http-outgoing-2 << "HTTP/1.1 200 OK[\r][\n]"
22:07:09.664 [Test worker] DEBUG com.github.dockerjava.zerodep.shaded.org.apache.hc.client5.http.wire - http-outgoing-2 << "Api-Version: 1.41[\r][\n]"
22:07:09.664 [Test worker] DEBUG com.github.dockerjava.zerodep.shaded.org.apache.hc.client5.http.wire - http-outgoing-2 << "Content-Type: application/json[\r][\n]"
22:07:09.664 [Test worker] DEBUG com.github.dockerjava.zerodep.shaded.org.apache.hc.client5.http.wire - http-outgoing-2 << "Date: Mon, 03 Apr 2023 01:07:09 GMT[\r][\n]"
22:07:09.664 [Test worker] DEBUG com.github.dockerjava.zerodep.shaded.org.apache.hc.client5.http.wire - http-outgoing-2 << "Docker-Experimental: false[\r][\n]"
22:07:09.664 [Test worker] DEBUG com.github.dockerjava.zerodep.shaded.org.apache.hc.client5.http.wire - http-outgoing-2 << "Ostype: linux[\r][\n]"
22:07:09.664 [Test worker] DEBUG com.github.dockerjava.zerodep.shaded.org.apache.hc.client5.http.wire - http-outgoing-2 << "Server: Docker/20.10.21 (linux)[\r][\n]"
22:07:09.664 [Test worker] DEBUG com.github.dockerjava.zerodep.shaded.org.apache.hc.client5.http.wire - http-outgoing-2 << "Transfer-Encoding: chunked[\r][\n]"
22:07:09.664 [Test worker] DEBUG com.github.dockerjava.zerodep.shaded.org.apache.hc.client5.http.wire - http-outgoing-2 << "[\r][\n]"
22:07:09.664 [Test worker] DEBUG com.github.dockerjava.zerodep.shaded.org.apache.hc.client5.http.headers - http-outgoing-2 << HTTP/1.1 200 OK
22:07:09.664 [Test worker] DEBUG com.github.dockerjava.zerodep.shaded.org.apache.hc.client5.http.headers - http-outgoing-2 << Api-Version: 1.41
22:07:09.664 [Test worker] DEBUG com.github.dockerjava.zerodep.shaded.org.apache.hc.client5.http.headers - http-outgoing-2 << Content-Type: application/json
22:07:09.664 [Test worker] DEBUG com.github.dockerjava.zerodep.shaded.org.apache.hc.client5.http.headers - http-outgoing-2 << Date: Mon, 03 Apr 2023 01:07:09 GMT
22:07:09.664 [Test worker] DEBUG com.github.dockerjava.zerodep.shaded.org.apache.hc.client5.http.headers - http-outgoing-2 << Docker-Experimental: false
22:07:09.664 [Test worker] DEBUG com.github.dockerjava.zerodep.shaded.org.apache.hc.client5.http.headers - http-outgoing-2 << Ostype: linux
22:07:09.664 [Test worker] DEBUG com.github.dockerjava.zerodep.shaded.org.apache.hc.client5.http.headers - http-outgoing-2 << Server: Docker/20.10.21 (linux)
22:07:09.664 [Test worker] DEBUG com.github.dockerjava.zerodep.shaded.org.apache.hc.client5.http.headers - http-outgoing-2 << Transfer-Encoding: chunked
22:07:09.664 [Test worker] DEBUG com.github.dockerjava.zerodep.shaded.org.apache.hc.client5.http.impl.classic.MainClientExec - ex-0000003A: connection can be kept alive for 3 MINUTES
22:07:09.665 [Test worker] DEBUG com.github.dockerjava.zerodep.shaded.org.apache.hc.client5.http.wire - http-outgoing-2 << "18c0[\r][\n]"
22:07:09.665 [Test worker] DEBUG com.github.dockerjava.zerodep.shaded.org.apache.hc.client5.http.wire - http-outgoing-2 << "{"Id":"511b2d736fd4c4da08b79110fd21fdaa756368e4971eb130f8114450b3efc085","Created":"2023-04-03T01:07:04.201309337Z","Path":"docker-entrypoint.sh","Args":["mysqld"],"State":{"Status":"running","Running":true,"Paused":false,"Restarting":false,"OOMKilled":false,"Dead":false,"Pid":2724,"ExitCode":0,"Error":"","StartedAt":"2023-04-03T01:07:04.498400921Z","FinishedAt":"0001-01-01T00:00:00Z"},"Image":"sha256:c7c54c29e20dccc1aefb936c8eba8bb8b98b87a4921102aba87fde2df5810af9","ResolvConfPath":"/var/lib/docker/containers/511b2d736fd4c4da08b79110fd21fdaa756368e4971eb130f8114450b3efc085/resolv.conf","HostnamePath":"/var/lib/docker/containers/511b2d736fd4c4da08b79110fd21fdaa756368e4971eb130f8114450b3efc085/hostname","HostsPath":"/var/lib/docker/containers/511b2d736fd4c4da08b79110fd21fdaa756368e4971eb130f8114450b3efc085/hosts","LogPath":"/var/lib/docker/containers/511b2d736fd4c4da08b79110fd21fdaa756368e4971eb130f8114450b3efc085/511b2d736fd4c4da08b79110fd21fdaa756368e4971eb130f8114450b3efc085-json.log","Name":"/elastic_easley","RestartCount":0,"Driver":"overlay2","Platform":"linux","MountLabel":"","ProcessLabel":"","AppArmorProfile":"","ExecIDs":null,"HostConfig":{"Binds":[],"ContainerIDFile":"","LogConfig":{"Type":"json-file","Config":{}},"NetworkMode":"default","PortBindings":{"3306/tcp":[{"HostIp":"0.0.0.0","HostPort":"0"}]},"RestartPolicy":{"Name":"","MaximumRetryCount":0},"AutoRemove":false,"VolumeDriver":"","VolumesFrom":[],"CapAdd":null,"CapDrop":null,"CgroupnsMode":"private","Dns":null,"DnsOptions":null,"DnsSearch":null,"ExtraHosts":[],"GroupAdd":null,"IpcMode":"shareable","Cgroup":"","Links":null,"OomScoreAdj":0,"PidMode":"","Privileged":false,"PublishAllPorts":false,"ReadonlyRootfs":false,"SecurityOpt":null,"UTSMode":"","UsernsMode":"","ShmSize":67108864,"Runtime":"runc","ConsoleSize":[0,0],"Isolation":"","CpuShares":0,"Memory":0,"NanoCpus":0,"CgroupParent":"","BlkioWeight":0,"BlkioWeightDevice":null,"BlkioDeviceReadBps":null,"BlkioDeviceWriteBps":null,"BlkioDeviceReadIOps":null,"BlkioDeviceWriteIOps":null,"CpuPeriod":0,"CpuQuota":0,"CpuRealtimePeriod":0,"CpuRealtimeRuntime":0,"CpusetCpus":"","CpusetMems":"","Devices":null,"DeviceCgroupRules":null,"DeviceRequests":null,"KernelMemory":0,"KernelMemoryTCP":0,"MemoryReservation":0,"MemorySwap":0,"MemorySwappiness":null,"OomKillDisable":null,"PidsLimit":null,"Ulimits":null,"CpuCount":0,"CpuPercent":0,"IOMaximumIOps":0,"IOMaximumBandwidth":0,"MaskedPaths":["/proc/asound","/proc/acpi","/proc/kcore","/proc/keys","/proc/latency_stats","/proc/timer_list","/proc/timer_stats","/proc/sched_debug","/proc/scsi","/sys/firmware"],"ReadonlyPaths":["/proc/bus","/proc/fs","/proc/irq","/proc/sys","/proc/sysrq-trigger"]},"GraphDriver":{"Data":{"LowerDir":"/var/lib/docker/overlay2/5ada145d0e3939fe5ed2118eea99b9f10241aeee200293145c73dce66470a568-init/diff:/var/lib/docker/overlay2/1bd8849d7a296305617011f940aa5cfabbe972a513397b1b6bbc27639b6c1f30/diff:/var/lib/docker/overlay2/199d69b2fbf78af4d4c95dec4fd2f8835ab0347eb49fb20ebb2ff3b99fedd6ad/diff:/var/lib/docker/overlay2/d83c38d654989311f75b9491329846033bfb7714de76ef635380dcfad5c740d9/diff:/var/lib/docker/overlay2/08600d0aea2ab2728bebcf5d2589c640a842f53d1ba3c4a4adccb4d03b923cf6/diff:/var/lib/docker/overlay2/9ec7c63a3fb14d13ac788bbf5e282ca821edc41260b79944e5e631037d13ecda/diff:/var/lib/docker/overlay2/db601d7a1b4ea6da638db620462f0da96fa55c559d02269c9ddb09027936ed87/diff:/var/lib/docker/overlay2/a6d2bd03f942e2565f21e74cfe152c7ec836a1c2b583f0790c685b92bdcfda24/diff:/var/lib/docker/overlay2/9badd16ea2c5e2bf1fde8b579683e41137dfc46ed5449234149f199a6751cc84/diff:/var/lib/docker/overlay2/6efb85646ed12e2d1181ef4cc6f6f6732c00c15a4035fe17ebc4f075ca573c30/diff:/var/lib/docker/overlay2/895d7c0ec09144d6ed33936f4e98e11c18010f7abd708cae1ce43aec7a7f2621/diff:/var/lib/docker/overlay2/1c4ba77aa573ab6e5e5069fd15eae71b3da940bde0f97a922a227ffc8a1d1096/diff","MergedDir":"/var/lib/docker/overlay2/5ada145d0e3939fe5ed2118eea99b9f10241aeee200293145c73dce66470a568/merged","UpperDir":"/var/lib/docker/overlay2/5ada145d0e3939fe5ed2118eea99b9f10241aeee200293145c73dce66470a568/diff","WorkDir":"/var/lib/docker/overlay2/5ada145d0e3939fe5ed2118eea99b9f10241aeee200293145c73dce66470a568/work"},"Name":"overlay2"},"Mounts":[{"Type":"volume","Name":"ac6dcf572a35a68e3a3a5bdf3d1899d89919b8e0b6d7a1beb9c6b19978c4e863","Source":"/var/lib/docker/volumes/ac6dcf572a35a68e3a3a5bdf3d1899d89919b8e0b6d7a1beb9c6b19978c4e863/_data","Destination":"/var/lib/mysql","Driver":"local","Mode":"","RW":true,"Propagation":""}],"Config":{"Hostname":"511b2d736fd4","Domainname":"","User":"","AttachStdin":false,"AttachStdout":false,"AttachStderr":false,"ExposedPorts":{"3306/tcp":{},"33060/tcp":{}},"Tty":false,"OpenStdin":false,"StdinOnce":false,"Env":["MYSQL_DATABASE=adm_videos","MYSQL_PASSWORD=123456","MYSQL_ROOT_PASSWORD=123456","PATH=/usr/local/sbin:/usr/local/bin:/usr/sbin:/usr/bin:/sbin:/bin","GOSU_VERSION=1.16","MYSQL_MAJOR=8.0","MYSQL_VERSION=8.0.32-1.el8","MYSQL_SHELL_VERSION=8.0.32-1.el8"],"Cmd":["mysqld"],"Image":"mysql:latest","Volumes":{"/var/lib/mysql":{}},"WorkingDir":"","Entrypoint":["docker-entrypoint.sh"],"OnBuild":null,"Labels":{"org.testcontainers":"true","org.testcontainers.lang":"java","org.testcontainers.sessionId":"c721e8e0-dbbd-4305-a748-6be2465f786d","org.testcontainers.version":"1.17.6"}},"NetworkSettings":{"Bridge":"","SandboxID":"23a51dba07b22c8536581cd39611755923749e16a93a45ce75c5c8a4a7759981","HairpinMode":false,"LinkLocalIPv6Address":"","LinkLocalIPv6PrefixLen":0,"Ports":{"3306/tcp":[{"HostIp":"0.0.0.0","HostPort":"50897"}],"33060/tcp":null},"SandboxKey":"/var/run/docker/netns/23a51dba07b2","SecondaryIPAddresses":null,"SecondaryIPv6Addresses":null,"EndpointID":"692f30c6e93a1486104b6273bdc38b1f926e45528d0b3ff49b5fe2d91ed6b329","Gateway":"172.17.0.1","GlobalIPv6Address":"","GlobalIPv6PrefixLen":0,"IPAddress":"172.17.0.3","IPPrefixLen":16,"IPv6Gateway":"","MacAddress":"02:42:ac:11:00:03","Networks":{"bridge":{"IPAMConfig":null,"Links":null,"Aliases":null,"NetworkID":"eba6fdf7ebe51912c859fc2dc83d1407a50db03ea3c296d90f885e8af84b6e93","EndpointID":"692f30c6e93a1486104b6273bdc38b1f926e45528d0b3ff49b5fe2d91ed6b329","Gateway":"172.17.0.1","IPAddress":"172.17.0.3","IPPrefixLen":16,"IPv6Gateway":"","GlobalIPv6Address":"","GlobalIPv6PrefixLen":0,"MacAddress":"02:42:ac:11:00:03","DriverOpts":null}}}}[\n]"
22:07:09.665 [Test worker] DEBUG com.github.dockerjava.zerodep.shaded.org.apache.hc.client5.http.wire - http-outgoing-2 << "[\r][\n]"
22:07:09.666 [Test worker] DEBUG com.github.dockerjava.zerodep.shaded.org.apache.hc.client5.http.wire - http-outgoing-2 << "0[\r][\n]"
22:07:09.666 [Test worker] DEBUG com.github.dockerjava.zerodep.shaded.org.apache.hc.client5.http.wire - http-outgoing-2 << "[\r][\n]"
22:07:09.666 [Test worker] DEBUG com.github.dockerjava.zerodep.shaded.org.apache.hc.client5.http.impl.classic.InternalHttpClient - ep-00000039: releasing valid endpoint
22:07:09.666 [Test worker] DEBUG com.github.dockerjava.zerodep.shaded.org.apache.hc.client5.http.impl.io.PoolingHttpClientConnectionManager - ep-00000039: releasing endpoint
22:07:09.666 [Test worker] DEBUG com.github.dockerjava.zerodep.shaded.org.apache.hc.client5.http.impl.io.PoolingHttpClientConnectionManager - ep-00000039: connection http-outgoing-2 can be kept alive for 3 MINUTES
22:07:09.666 [Test worker] DEBUG com.github.dockerjava.zerodep.shaded.org.apache.hc.client5.http.impl.io.PoolingHttpClientConnectionManager - ep-00000039: connection released [route: {}->unix://localhost:2375][total available: 1; route allocated: 1 of 2147483647; total allocated: 1 of 2147483647]
22:07:09.666 [Test worker] DEBUG ]]>&#x1f433;<![CDATA[ [mysql:latest] - Trying to create JDBC connection using com.mysql.cj.jdbc.Driver to jdbc:mysql://localhost:50897/adm_videos?useSSL=false&allowPublicKeyRetrieval=true with properties: {password=123456, user=root}
22:07:09.769 [Test worker] DEBUG org.testcontainers.shaded.com.github.dockerjava.core.command.AbstrDockerCmd - Cmd: 511b2d736fd4c4da08b79110fd21fdaa756368e4971eb130f8114450b3efc085,false
22:07:09.769 [Test worker] DEBUG org.testcontainers.shaded.com.github.dockerjava.core.exec.InspectContainerCmdExec - GET: DefaultWebTarget{path=[/containers/511b2d736fd4c4da08b79110fd21fdaa756368e4971eb130f8114450b3efc085/json], queryParams={}}
22:07:09.769 [Test worker] DEBUG com.github.dockerjava.zerodep.shaded.org.apache.hc.client5.http.impl.classic.InternalHttpClient - ex-0000003B: preparing request execution
22:07:09.769 [Test worker] DEBUG com.github.dockerjava.zerodep.shaded.org.apache.hc.client5.http.protocol.RequestAddCookies - Cookie spec selected: strict
22:07:09.769 [Test worker] DEBUG com.github.dockerjava.zerodep.shaded.org.apache.hc.client5.http.protocol.RequestAuthCache - Auth cache not set in the context
22:07:09.769 [Test worker] DEBUG com.github.dockerjava.zerodep.shaded.org.apache.hc.client5.http.impl.classic.ProtocolExec - ex-0000003B: target auth state: UNCHALLENGED
22:07:09.769 [Test worker] DEBUG com.github.dockerjava.zerodep.shaded.org.apache.hc.client5.http.impl.classic.ProtocolExec - ex-0000003B: proxy auth state: UNCHALLENGED
22:07:09.769 [Test worker] DEBUG com.github.dockerjava.zerodep.shaded.org.apache.hc.client5.http.impl.classic.ConnectExec - ex-0000003B: acquiring connection with route {}->unix://localhost:2375
22:07:09.769 [Test worker] DEBUG com.github.dockerjava.zerodep.shaded.org.apache.hc.client5.http.impl.classic.InternalHttpClient - ex-0000003B: acquiring endpoint (3 MINUTES)
22:07:09.769 [Test worker] DEBUG com.github.dockerjava.zerodep.shaded.org.apache.hc.client5.http.impl.io.PoolingHttpClientConnectionManager - ex-0000003B: endpoint lease request (3 MINUTES) [route: {}->unix://localhost:2375][total available: 1; route allocated: 1 of 2147483647; total allocated: 1 of 2147483647]
22:07:09.769 [Test worker] DEBUG com.github.dockerjava.zerodep.shaded.org.apache.hc.client5.http.impl.io.PoolingHttpClientConnectionManager - ex-0000003B: endpoint leased [route: {}->unix://localhost:2375][total available: 0; route allocated: 1 of 2147483647; total allocated: 1 of 2147483647]
22:07:09.769 [Test worker] DEBUG com.github.dockerjava.zerodep.shaded.org.apache.hc.client5.http.impl.io.PoolingHttpClientConnectionManager - ex-0000003B: acquired ep-0000003A
22:07:09.769 [Test worker] DEBUG com.github.dockerjava.zerodep.shaded.org.apache.hc.client5.http.impl.classic.InternalHttpClient - ex-0000003B: acquired endpoint ep-0000003A
22:07:09.769 [Test worker] DEBUG com.github.dockerjava.zerodep.shaded.org.apache.hc.client5.http.impl.classic.MainClientExec - ex-0000003B: executing GET /v1.32/containers/511b2d736fd4c4da08b79110fd21fdaa756368e4971eb130f8114450b3efc085/json HTTP/1.1
22:07:09.769 [Test worker] DEBUG com.github.dockerjava.zerodep.shaded.org.apache.hc.client5.http.impl.classic.InternalHttpClient - ep-0000003A: start execution ex-0000003B
22:07:09.769 [Test worker] DEBUG com.github.dockerjava.zerodep.shaded.org.apache.hc.client5.http.impl.io.PoolingHttpClientConnectionManager - ep-0000003A: executing exchange ex-0000003B over http-outgoing-2
22:07:09.769 [Test worker] DEBUG com.github.dockerjava.zerodep.shaded.org.apache.hc.client5.http.headers - http-outgoing-2 >> GET /v1.32/containers/511b2d736fd4c4da08b79110fd21fdaa756368e4971eb130f8114450b3efc085/json HTTP/1.1
22:07:09.769 [Test worker] DEBUG com.github.dockerjava.zerodep.shaded.org.apache.hc.client5.http.headers - http-outgoing-2 >> accept: application/json
22:07:09.769 [Test worker] DEBUG com.github.dockerjava.zerodep.shaded.org.apache.hc.client5.http.headers - http-outgoing-2 >> x-tc-sid: c721e8e0-dbbd-4305-a748-6be2465f786d
22:07:09.769 [Test worker] DEBUG com.github.dockerjava.zerodep.shaded.org.apache.hc.client5.http.headers - http-outgoing-2 >> Accept-Encoding: gzip, x-gzip, deflate
22:07:09.769 [Test worker] DEBUG com.github.dockerjava.zerodep.shaded.org.apache.hc.client5.http.headers - http-outgoing-2 >> Host: localhost:2375
22:07:09.769 [Test worker] DEBUG com.github.dockerjava.zerodep.shaded.org.apache.hc.client5.http.headers - http-outgoing-2 >> Connection: keep-alive
22:07:09.769 [Test worker] DEBUG com.github.dockerjava.zerodep.shaded.org.apache.hc.client5.http.headers - http-outgoing-2 >> User-Agent: Apache-HttpClient/5.0.3 (Java/17.0.2)
22:07:09.769 [Test worker] DEBUG com.github.dockerjava.zerodep.shaded.org.apache.hc.client5.http.wire - http-outgoing-2 >> "GET /v1.32/containers/511b2d736fd4c4da08b79110fd21fdaa756368e4971eb130f8114450b3efc085/json HTTP/1.1[\r][\n]"
22:07:09.769 [Test worker] DEBUG com.github.dockerjava.zerodep.shaded.org.apache.hc.client5.http.wire - http-outgoing-2 >> "accept: application/json[\r][\n]"
22:07:09.769 [Test worker] DEBUG com.github.dockerjava.zerodep.shaded.org.apache.hc.client5.http.wire - http-outgoing-2 >> "x-tc-sid: c721e8e0-dbbd-4305-a748-6be2465f786d[\r][\n]"
22:07:09.769 [Test worker] DEBUG com.github.dockerjava.zerodep.shaded.org.apache.hc.client5.http.wire - http-outgoing-2 >> "Accept-Encoding: gzip, x-gzip, deflate[\r][\n]"
22:07:09.769 [Test worker] DEBUG com.github.dockerjava.zerodep.shaded.org.apache.hc.client5.http.wire - http-outgoing-2 >> "Host: localhost:2375[\r][\n]"
22:07:09.769 [Test worker] DEBUG com.github.dockerjava.zerodep.shaded.org.apache.hc.client5.http.wire - http-outgoing-2 >> "Connection: keep-alive[\r][\n]"
22:07:09.769 [Test worker] DEBUG com.github.dockerjava.zerodep.shaded.org.apache.hc.client5.http.wire - http-outgoing-2 >> "User-Agent: Apache-HttpClient/5.0.3 (Java/17.0.2)[\r][\n]"
22:07:09.769 [Test worker] DEBUG com.github.dockerjava.zerodep.shaded.org.apache.hc.client5.http.wire - http-outgoing-2 >> "[\r][\n]"
22:07:09.771 [Test worker] DEBUG com.github.dockerjava.zerodep.shaded.org.apache.hc.client5.http.wire - http-outgoing-2 << "HTTP/1.1 200 OK[\r][\n]"
22:07:09.771 [Test worker] DEBUG com.github.dockerjava.zerodep.shaded.org.apache.hc.client5.http.wire - http-outgoing-2 << "Api-Version: 1.41[\r][\n]"
22:07:09.771 [Test worker] DEBUG com.github.dockerjava.zerodep.shaded.org.apache.hc.client5.http.wire - http-outgoing-2 << "Content-Type: application/json[\r][\n]"
22:07:09.771 [Test worker] DEBUG com.github.dockerjava.zerodep.shaded.org.apache.hc.client5.http.wire - http-outgoing-2 << "Date: Mon, 03 Apr 2023 01:07:09 GMT[\r][\n]"
22:07:09.771 [Test worker] DEBUG com.github.dockerjava.zerodep.shaded.org.apache.hc.client5.http.wire - http-outgoing-2 << "Docker-Experimental: false[\r][\n]"
22:07:09.771 [Test worker] DEBUG com.github.dockerjava.zerodep.shaded.org.apache.hc.client5.http.wire - http-outgoing-2 << "Ostype: linux[\r][\n]"
22:07:09.771 [Test worker] DEBUG com.github.dockerjava.zerodep.shaded.org.apache.hc.client5.http.wire - http-outgoing-2 << "Server: Docker/20.10.21 (linux)[\r][\n]"
22:07:09.771 [Test worker] DEBUG com.github.dockerjava.zerodep.shaded.org.apache.hc.client5.http.wire - http-outgoing-2 << "Transfer-Encoding: chunked[\r][\n]"
22:07:09.771 [Test worker] DEBUG com.github.dockerjava.zerodep.shaded.org.apache.hc.client5.http.wire - http-outgoing-2 << "[\r][\n]"
22:07:09.771 [Test worker] DEBUG com.github.dockerjava.zerodep.shaded.org.apache.hc.client5.http.headers - http-outgoing-2 << HTTP/1.1 200 OK
22:07:09.771 [Test worker] DEBUG com.github.dockerjava.zerodep.shaded.org.apache.hc.client5.http.headers - http-outgoing-2 << Api-Version: 1.41
22:07:09.771 [Test worker] DEBUG com.github.dockerjava.zerodep.shaded.org.apache.hc.client5.http.headers - http-outgoing-2 << Content-Type: application/json
22:07:09.771 [Test worker] DEBUG com.github.dockerjava.zerodep.shaded.org.apache.hc.client5.http.headers - http-outgoing-2 << Date: Mon, 03 Apr 2023 01:07:09 GMT
22:07:09.771 [Test worker] DEBUG com.github.dockerjava.zerodep.shaded.org.apache.hc.client5.http.headers - http-outgoing-2 << Docker-Experimental: false
22:07:09.771 [Test worker] DEBUG com.github.dockerjava.zerodep.shaded.org.apache.hc.client5.http.headers - http-outgoing-2 << Ostype: linux
22:07:09.771 [Test worker] DEBUG com.github.dockerjava.zerodep.shaded.org.apache.hc.client5.http.headers - http-outgoing-2 << Server: Docker/20.10.21 (linux)
22:07:09.771 [Test worker] DEBUG com.github.dockerjava.zerodep.shaded.org.apache.hc.client5.http.headers - http-outgoing-2 << Transfer-Encoding: chunked
22:07:09.771 [Test worker] DEBUG com.github.dockerjava.zerodep.shaded.org.apache.hc.client5.http.impl.classic.MainClientExec - ex-0000003B: connection can be kept alive for 3 MINUTES
22:07:09.772 [Test worker] DEBUG com.github.dockerjava.zerodep.shaded.org.apache.hc.client5.http.wire - http-outgoing-2 << "18c0[\r][\n]"
22:07:09.772 [Test worker] DEBUG com.github.dockerjava.zerodep.shaded.org.apache.hc.client5.http.wire - http-outgoing-2 << "{"Id":"511b2d736fd4c4da08b79110fd21fdaa756368e4971eb130f8114450b3efc085","Created":"2023-04-03T01:07:04.201309337Z","Path":"docker-entrypoint.sh","Args":["mysqld"],"State":{"Status":"running","Running":true,"Paused":false,"Restarting":false,"OOMKilled":false,"Dead":false,"Pid":2724,"ExitCode":0,"Error":"","StartedAt":"2023-04-03T01:07:04.498400921Z","FinishedAt":"0001-01-01T00:00:00Z"},"Image":"sha256:c7c54c29e20dccc1aefb936c8eba8bb8b98b87a4921102aba87fde2df5810af9","ResolvConfPath":"/var/lib/docker/containers/511b2d736fd4c4da08b79110fd21fdaa756368e4971eb130f8114450b3efc085/resolv.conf","HostnamePath":"/var/lib/docker/containers/511b2d736fd4c4da08b79110fd21fdaa756368e4971eb130f8114450b3efc085/hostname","HostsPath":"/var/lib/docker/containers/511b2d736fd4c4da08b79110fd21fdaa756368e4971eb130f8114450b3efc085/hosts","LogPath":"/var/lib/docker/containers/511b2d736fd4c4da08b79110fd21fdaa756368e4971eb130f8114450b3efc085/511b2d736fd4c4da08b79110fd21fdaa756368e4971eb130f8114450b3efc085-json.log","Name":"/elastic_easley","RestartCount":0,"Driver":"overlay2","Platform":"linux","MountLabel":"","ProcessLabel":"","AppArmorProfile":"","ExecIDs":null,"HostConfig":{"Binds":[],"ContainerIDFile":"","LogConfig":{"Type":"json-file","Config":{}},"NetworkMode":"default","PortBindings":{"3306/tcp":[{"HostIp":"0.0.0.0","HostPort":"0"}]},"RestartPolicy":{"Name":"","MaximumRetryCount":0},"AutoRemove":false,"VolumeDriver":"","VolumesFrom":[],"CapAdd":null,"CapDrop":null,"CgroupnsMode":"private","Dns":null,"DnsOptions":null,"DnsSearch":null,"ExtraHosts":[],"GroupAdd":null,"IpcMode":"shareable","Cgroup":"","Links":null,"OomScoreAdj":0,"PidMode":"","Privileged":false,"PublishAllPorts":false,"ReadonlyRootfs":false,"SecurityOpt":null,"UTSMode":"","UsernsMode":"","ShmSize":67108864,"Runtime":"runc","ConsoleSize":[0,0],"Isolation":"","CpuShares":0,"Memory":0,"NanoCpus":0,"CgroupParent":"","BlkioWeight":0,"BlkioWeightDevice":null,"BlkioDeviceReadBps":null,"BlkioDeviceWriteBps":null,"BlkioDeviceReadIOps":null,"BlkioDeviceWriteIOps":null,"CpuPeriod":0,"CpuQuota":0,"CpuRealtimePeriod":0,"CpuRealtimeRuntime":0,"CpusetCpus":"","CpusetMems":"","Devices":null,"DeviceCgroupRules":null,"DeviceRequests":null,"KernelMemory":0,"KernelMemoryTCP":0,"MemoryReservation":0,"MemorySwap":0,"MemorySwappiness":null,"OomKillDisable":null,"PidsLimit":null,"Ulimits":null,"CpuCount":0,"CpuPercent":0,"IOMaximumIOps":0,"IOMaximumBandwidth":0,"MaskedPaths":["/proc/asound","/proc/acpi","/proc/kcore","/proc/keys","/proc/latency_stats","/proc/timer_list","/proc/timer_stats","/proc/sched_debug","/proc/scsi","/sys/firmware"],"ReadonlyPaths":["/proc/bus","/proc/fs","/proc/irq","/proc/sys","/proc/sysrq-trigger"]},"GraphDriver":{"Data":{"LowerDir":"/var/lib/docker/overlay2/5ada145d0e3939fe5ed2118eea99b9f10241aeee200293145c73dce66470a568-init/diff:/var/lib/docker/overlay2/1bd8849d7a296305617011f940aa5cfabbe972a513397b1b6bbc27639b6c1f30/diff:/var/lib/docker/overlay2/199d69b2fbf78af4d4c95dec4fd2f8835ab0347eb49fb20ebb2ff3b99fedd6ad/diff:/var/lib/docker/overlay2/d83c38d654989311f75b9491329846033bfb7714de76ef635380dcfad5c740d9/diff:/var/lib/docker/overlay2/08600d0aea2ab2728bebcf5d2589c640a842f53d1ba3c4a4adccb4d03b923cf6/diff:/var/lib/docker/overlay2/9ec7c63a3fb14d13ac788bbf5e282ca821edc41260b79944e5e631037d13ecda/diff:/var/lib/docker/overlay2/db601d7a1b4ea6da638db620462f0da96fa55c559d02269c9ddb09027936ed87/diff:/var/lib/docker/overlay2/a6d2bd03f942e2565f21e74cfe152c7ec836a1c2b583f0790c685b92bdcfda24/diff:/var/lib/docker/overlay2/9badd16ea2c5e2bf1fde8b579683e41137dfc46ed5449234149f199a6751cc84/diff:/var/lib/docker/overlay2/6efb85646ed12e2d1181ef4cc6f6f6732c00c15a4035fe17ebc4f075ca573c30/diff:/var/lib/docker/overlay2/895d7c0ec09144d6ed33936f4e98e11c18010f7abd708cae1ce43aec7a7f2621/diff:/var/lib/docker/overlay2/1c4ba77aa573ab6e5e5069fd15eae71b3da940bde0f97a922a227ffc8a1d1096/diff","MergedDir":"/var/lib/docker/overlay2/5ada145d0e3939fe5ed2118eea99b9f10241aeee200293145c73dce66470a568/merged","UpperDir":"/var/lib/docker/overlay2/5ada145d0e3939fe5ed2118eea99b9f10241aeee200293145c73dce66470a568/diff","WorkDir":"/var/lib/docker/overlay2/5ada145d0e3939fe5ed2118eea99b9f10241aeee200293145c73dce66470a568/work"},"Name":"overlay2"},"Mounts":[{"Type":"volume","Name":"ac6dcf572a35a68e3a3a5bdf3d1899d89919b8e0b6d7a1beb9c6b19978c4e863","Source":"/var/lib/docker/volumes/ac6dcf572a35a68e3a3a5bdf3d1899d89919b8e0b6d7a1beb9c6b19978c4e863/_data","Destination":"/var/lib/mysql","Driver":"local","Mode":"","RW":true,"Propagation":""}],"Config":{"Hostname":"511b2d736fd4","Domainname":"","User":"","AttachStdin":false,"AttachStdout":false,"AttachStderr":false,"ExposedPorts":{"3306/tcp":{},"33060/tcp":{}},"Tty":false,"OpenStdin":false,"StdinOnce":false,"Env":["MYSQL_DATABASE=adm_videos","MYSQL_PASSWORD=123456","MYSQL_ROOT_PASSWORD=123456","PATH=/usr/local/sbin:/usr/local/bin:/usr/sbin:/usr/bin:/sbin:/bin","GOSU_VERSION=1.16","MYSQL_MAJOR=8.0","MYSQL_VERSION=8.0.32-1.el8","MYSQL_SHELL_VERSION=8.0.32-1.el8"],"Cmd":["mysqld"],"Image":"mysql:latest","Volumes":{"/var/lib/mysql":{}},"WorkingDir":"","Entrypoint":["docker-entrypoint.sh"],"OnBuild":null,"Labels":{"org.testcontainers":"true","org.testcontainers.lang":"java","org.testcontainers.sessionId":"c721e8e0-dbbd-4305-a748-6be2465f786d","org.testcontainers.version":"1.17.6"}},"NetworkSettings":{"Bridge":"","SandboxID":"23a51dba07b22c8536581cd39611755923749e16a93a45ce75c5c8a4a7759981","HairpinMode":false,"LinkLocalIPv6Address":"","LinkLocalIPv6PrefixLen":0,"Ports":{"3306/tcp":[{"HostIp":"0.0.0.0","HostPort":"50897"}],"33060/tcp":null},"SandboxKey":"/var/run/docker/netns/23a51dba07b2","SecondaryIPAddresses":null,"SecondaryIPv6Addresses":null,"EndpointID":"692f30c6e93a1486104b6273bdc38b1f926e45528d0b3ff49b5fe2d91ed6b329","Gateway":"172.17.0.1","GlobalIPv6Address":"","GlobalIPv6PrefixLen":0,"IPAddress":"172.17.0.3","IPPrefixLen":16,"IPv6Gateway":"","MacAddress":"02:42:ac:11:00:03","Networks":{"bridge":{"IPAMConfig":null,"Links":null,"Aliases":null,"NetworkID":"eba6fdf7ebe51912c859fc2dc83d1407a50db03ea3c296d90f885e8af84b6e93","EndpointID":"692f30c6e93a1486104b6273bdc38b1f926e45528d0b3ff49b5fe2d91ed6b329","Gateway":"172.17.0.1","IPAddress":"172.17.0.3","IPPrefixLen":16,"IPv6Gateway":"","GlobalIPv6Address":"","GlobalIPv6PrefixLen":0,"MacAddress":"02:42:ac:11:00:03","DriverOpts":null}}}}[\n]"
22:07:09.772 [Test worker] DEBUG com.github.dockerjava.zerodep.shaded.org.apache.hc.client5.http.wire - http-outgoing-2 << "[\r][\n]"
22:07:09.772 [Test worker] DEBUG com.github.dockerjava.zerodep.shaded.org.apache.hc.client5.http.wire - http-outgoing-2 << "0[\r][\n]"
22:07:09.772 [Test worker] DEBUG com.github.dockerjava.zerodep.shaded.org.apache.hc.client5.http.wire - http-outgoing-2 << "[\r][\n]"
22:07:09.772 [Test worker] DEBUG com.github.dockerjava.zerodep.shaded.org.apache.hc.client5.http.impl.classic.InternalHttpClient - ep-0000003A: releasing valid endpoint
22:07:09.772 [Test worker] DEBUG com.github.dockerjava.zerodep.shaded.org.apache.hc.client5.http.impl.io.PoolingHttpClientConnectionManager - ep-0000003A: releasing endpoint
22:07:09.772 [Test worker] DEBUG com.github.dockerjava.zerodep.shaded.org.apache.hc.client5.http.impl.io.PoolingHttpClientConnectionManager - ep-0000003A: connection http-outgoing-2 can be kept alive for 3 MINUTES
22:07:09.772 [Test worker] DEBUG com.github.dockerjava.zerodep.shaded.org.apache.hc.client5.http.impl.io.PoolingHttpClientConnectionManager - ep-0000003A: connection released [route: {}->unix://localhost:2375][total available: 1; route allocated: 1 of 2147483647; total allocated: 1 of 2147483647]
22:07:09.772 [Test worker] DEBUG ]]>&#x1f433;<![CDATA[ [mysql:latest] - Trying to create JDBC connection using com.mysql.cj.jdbc.Driver to jdbc:mysql://localhost:50897/adm_videos?useSSL=false&allowPublicKeyRetrieval=true with properties: {password=123456, user=root}
22:07:09.879 [Test worker] DEBUG org.testcontainers.shaded.com.github.dockerjava.core.command.AbstrDockerCmd - Cmd: 511b2d736fd4c4da08b79110fd21fdaa756368e4971eb130f8114450b3efc085,false
22:07:09.880 [Test worker] DEBUG org.testcontainers.shaded.com.github.dockerjava.core.exec.InspectContainerCmdExec - GET: DefaultWebTarget{path=[/containers/511b2d736fd4c4da08b79110fd21fdaa756368e4971eb130f8114450b3efc085/json], queryParams={}}
22:07:09.880 [Test worker] DEBUG com.github.dockerjava.zerodep.shaded.org.apache.hc.client5.http.impl.classic.InternalHttpClient - ex-0000003C: preparing request execution
22:07:09.880 [Test worker] DEBUG com.github.dockerjava.zerodep.shaded.org.apache.hc.client5.http.protocol.RequestAddCookies - Cookie spec selected: strict
22:07:09.880 [Test worker] DEBUG com.github.dockerjava.zerodep.shaded.org.apache.hc.client5.http.protocol.RequestAuthCache - Auth cache not set in the context
22:07:09.880 [Test worker] DEBUG com.github.dockerjava.zerodep.shaded.org.apache.hc.client5.http.impl.classic.ProtocolExec - ex-0000003C: target auth state: UNCHALLENGED
22:07:09.880 [Test worker] DEBUG com.github.dockerjava.zerodep.shaded.org.apache.hc.client5.http.impl.classic.ProtocolExec - ex-0000003C: proxy auth state: UNCHALLENGED
22:07:09.880 [Test worker] DEBUG com.github.dockerjava.zerodep.shaded.org.apache.hc.client5.http.impl.classic.ConnectExec - ex-0000003C: acquiring connection with route {}->unix://localhost:2375
22:07:09.880 [Test worker] DEBUG com.github.dockerjava.zerodep.shaded.org.apache.hc.client5.http.impl.classic.InternalHttpClient - ex-0000003C: acquiring endpoint (3 MINUTES)
22:07:09.881 [Test worker] DEBUG com.github.dockerjava.zerodep.shaded.org.apache.hc.client5.http.impl.io.PoolingHttpClientConnectionManager - ex-0000003C: endpoint lease request (3 MINUTES) [route: {}->unix://localhost:2375][total available: 1; route allocated: 1 of 2147483647; total allocated: 1 of 2147483647]
22:07:09.881 [Test worker] DEBUG com.github.dockerjava.zerodep.shaded.org.apache.hc.client5.http.impl.io.PoolingHttpClientConnectionManager - ex-0000003C: endpoint leased [route: {}->unix://localhost:2375][total available: 0; route allocated: 1 of 2147483647; total allocated: 1 of 2147483647]
22:07:09.881 [Test worker] DEBUG com.github.dockerjava.zerodep.shaded.org.apache.hc.client5.http.impl.io.PoolingHttpClientConnectionManager - ex-0000003C: acquired ep-0000003B
22:07:09.881 [Test worker] DEBUG com.github.dockerjava.zerodep.shaded.org.apache.hc.client5.http.impl.classic.InternalHttpClient - ex-0000003C: acquired endpoint ep-0000003B
22:07:09.881 [Test worker] DEBUG com.github.dockerjava.zerodep.shaded.org.apache.hc.client5.http.impl.classic.MainClientExec - ex-0000003C: executing GET /v1.32/containers/511b2d736fd4c4da08b79110fd21fdaa756368e4971eb130f8114450b3efc085/json HTTP/1.1
22:07:09.881 [Test worker] DEBUG com.github.dockerjava.zerodep.shaded.org.apache.hc.client5.http.impl.classic.InternalHttpClient - ep-0000003B: start execution ex-0000003C
22:07:09.881 [Test worker] DEBUG com.github.dockerjava.zerodep.shaded.org.apache.hc.client5.http.impl.io.PoolingHttpClientConnectionManager - ep-0000003B: executing exchange ex-0000003C over http-outgoing-2
22:07:09.881 [Test worker] DEBUG com.github.dockerjava.zerodep.shaded.org.apache.hc.client5.http.headers - http-outgoing-2 >> GET /v1.32/containers/511b2d736fd4c4da08b79110fd21fdaa756368e4971eb130f8114450b3efc085/json HTTP/1.1
22:07:09.881 [Test worker] DEBUG com.github.dockerjava.zerodep.shaded.org.apache.hc.client5.http.headers - http-outgoing-2 >> accept: application/json
22:07:09.881 [Test worker] DEBUG com.github.dockerjava.zerodep.shaded.org.apache.hc.client5.http.headers - http-outgoing-2 >> x-tc-sid: c721e8e0-dbbd-4305-a748-6be2465f786d
22:07:09.881 [Test worker] DEBUG com.github.dockerjava.zerodep.shaded.org.apache.hc.client5.http.headers - http-outgoing-2 >> Accept-Encoding: gzip, x-gzip, deflate
22:07:09.881 [Test worker] DEBUG com.github.dockerjava.zerodep.shaded.org.apache.hc.client5.http.headers - http-outgoing-2 >> Host: localhost:2375
22:07:09.881 [Test worker] DEBUG com.github.dockerjava.zerodep.shaded.org.apache.hc.client5.http.headers - http-outgoing-2 >> Connection: keep-alive
22:07:09.881 [Test worker] DEBUG com.github.dockerjava.zerodep.shaded.org.apache.hc.client5.http.headers - http-outgoing-2 >> User-Agent: Apache-HttpClient/5.0.3 (Java/17.0.2)
22:07:09.881 [Test worker] DEBUG com.github.dockerjava.zerodep.shaded.org.apache.hc.client5.http.wire - http-outgoing-2 >> "GET /v1.32/containers/511b2d736fd4c4da08b79110fd21fdaa756368e4971eb130f8114450b3efc085/json HTTP/1.1[\r][\n]"
22:07:09.881 [Test worker] DEBUG com.github.dockerjava.zerodep.shaded.org.apache.hc.client5.http.wire - http-outgoing-2 >> "accept: application/json[\r][\n]"
22:07:09.881 [Test worker] DEBUG com.github.dockerjava.zerodep.shaded.org.apache.hc.client5.http.wire - http-outgoing-2 >> "x-tc-sid: c721e8e0-dbbd-4305-a748-6be2465f786d[\r][\n]"
22:07:09.881 [Test worker] DEBUG com.github.dockerjava.zerodep.shaded.org.apache.hc.client5.http.wire - http-outgoing-2 >> "Accept-Encoding: gzip, x-gzip, deflate[\r][\n]"
22:07:09.881 [Test worker] DEBUG com.github.dockerjava.zerodep.shaded.org.apache.hc.client5.http.wire - http-outgoing-2 >> "Host: localhost:2375[\r][\n]"
22:07:09.881 [Test worker] DEBUG com.github.dockerjava.zerodep.shaded.org.apache.hc.client5.http.wire - http-outgoing-2 >> "Connection: keep-alive[\r][\n]"
22:07:09.881 [Test worker] DEBUG com.github.dockerjava.zerodep.shaded.org.apache.hc.client5.http.wire - http-outgoing-2 >> "User-Agent: Apache-HttpClient/5.0.3 (Java/17.0.2)[\r][\n]"
22:07:09.881 [Test worker] DEBUG com.github.dockerjava.zerodep.shaded.org.apache.hc.client5.http.wire - http-outgoing-2 >> "[\r][\n]"
22:07:09.883 [Test worker] DEBUG com.github.dockerjava.zerodep.shaded.org.apache.hc.client5.http.wire - http-outgoing-2 << "HTTP/1.1 200 OK[\r][\n]"
22:07:09.883 [Test worker] DEBUG com.github.dockerjava.zerodep.shaded.org.apache.hc.client5.http.wire - http-outgoing-2 << "Api-Version: 1.41[\r][\n]"
22:07:09.883 [Test worker] DEBUG com.github.dockerjava.zerodep.shaded.org.apache.hc.client5.http.wire - http-outgoing-2 << "Content-Type: application/json[\r][\n]"
22:07:09.883 [Test worker] DEBUG com.github.dockerjava.zerodep.shaded.org.apache.hc.client5.http.wire - http-outgoing-2 << "Date: Mon, 03 Apr 2023 01:07:09 GMT[\r][\n]"
22:07:09.883 [Test worker] DEBUG com.github.dockerjava.zerodep.shaded.org.apache.hc.client5.http.wire - http-outgoing-2 << "Docker-Experimental: false[\r][\n]"
22:07:09.883 [Test worker] DEBUG com.github.dockerjava.zerodep.shaded.org.apache.hc.client5.http.wire - http-outgoing-2 << "Ostype: linux[\r][\n]"
22:07:09.883 [Test worker] DEBUG com.github.dockerjava.zerodep.shaded.org.apache.hc.client5.http.wire - http-outgoing-2 << "Server: Docker/20.10.21 (linux)[\r][\n]"
22:07:09.883 [Test worker] DEBUG com.github.dockerjava.zerodep.shaded.org.apache.hc.client5.http.wire - http-outgoing-2 << "Transfer-Encoding: chunked[\r][\n]"
22:07:09.883 [Test worker] DEBUG com.github.dockerjava.zerodep.shaded.org.apache.hc.client5.http.wire - http-outgoing-2 << "[\r][\n]"
22:07:09.883 [Test worker] DEBUG com.github.dockerjava.zerodep.shaded.org.apache.hc.client5.http.headers - http-outgoing-2 << HTTP/1.1 200 OK
22:07:09.883 [Test worker] DEBUG com.github.dockerjava.zerodep.shaded.org.apache.hc.client5.http.headers - http-outgoing-2 << Api-Version: 1.41
22:07:09.883 [Test worker] DEBUG com.github.dockerjava.zerodep.shaded.org.apache.hc.client5.http.headers - http-outgoing-2 << Content-Type: application/json
22:07:09.883 [Test worker] DEBUG com.github.dockerjava.zerodep.shaded.org.apache.hc.client5.http.headers - http-outgoing-2 << Date: Mon, 03 Apr 2023 01:07:09 GMT
22:07:09.883 [Test worker] DEBUG com.github.dockerjava.zerodep.shaded.org.apache.hc.client5.http.headers - http-outgoing-2 << Docker-Experimental: false
22:07:09.883 [Test worker] DEBUG com.github.dockerjava.zerodep.shaded.org.apache.hc.client5.http.headers - http-outgoing-2 << Ostype: linux
22:07:09.883 [Test worker] DEBUG com.github.dockerjava.zerodep.shaded.org.apache.hc.client5.http.headers - http-outgoing-2 << Server: Docker/20.10.21 (linux)
22:07:09.883 [Test worker] DEBUG com.github.dockerjava.zerodep.shaded.org.apache.hc.client5.http.headers - http-outgoing-2 << Transfer-Encoding: chunked
22:07:09.884 [Test worker] DEBUG com.github.dockerjava.zerodep.shaded.org.apache.hc.client5.http.impl.classic.MainClientExec - ex-0000003C: connection can be kept alive for 3 MINUTES
22:07:09.884 [Test worker] DEBUG com.github.dockerjava.zerodep.shaded.org.apache.hc.client5.http.wire - http-outgoing-2 << "18c0[\r][\n]"
22:07:09.884 [Test worker] DEBUG com.github.dockerjava.zerodep.shaded.org.apache.hc.client5.http.wire - http-outgoing-2 << "{"Id":"511b2d736fd4c4da08b79110fd21fdaa756368e4971eb130f8114450b3efc085","Created":"2023-04-03T01:07:04.201309337Z","Path":"docker-entrypoint.sh","Args":["mysqld"],"State":{"Status":"running","Running":true,"Paused":false,"Restarting":false,"OOMKilled":false,"Dead":false,"Pid":2724,"ExitCode":0,"Error":"","StartedAt":"2023-04-03T01:07:04.498400921Z","FinishedAt":"0001-01-01T00:00:00Z"},"Image":"sha256:c7c54c29e20dccc1aefb936c8eba8bb8b98b87a4921102aba87fde2df5810af9","ResolvConfPath":"/var/lib/docker/containers/511b2d736fd4c4da08b79110fd21fdaa756368e4971eb130f8114450b3efc085/resolv.conf","HostnamePath":"/var/lib/docker/containers/511b2d736fd4c4da08b79110fd21fdaa756368e4971eb130f8114450b3efc085/hostname","HostsPath":"/var/lib/docker/containers/511b2d736fd4c4da08b79110fd21fdaa756368e4971eb130f8114450b3efc085/hosts","LogPath":"/var/lib/docker/containers/511b2d736fd4c4da08b79110fd21fdaa756368e4971eb130f8114450b3efc085/511b2d736fd4c4da08b79110fd21fdaa756368e4971eb130f8114450b3efc085-json.log","Name":"/elastic_easley","RestartCount":0,"Driver":"overlay2","Platform":"linux","MountLabel":"","ProcessLabel":"","AppArmorProfile":"","ExecIDs":null,"HostConfig":{"Binds":[],"ContainerIDFile":"","LogConfig":{"Type":"json-file","Config":{}},"NetworkMode":"default","PortBindings":{"3306/tcp":[{"HostIp":"0.0.0.0","HostPort":"0"}]},"RestartPolicy":{"Name":"","MaximumRetryCount":0},"AutoRemove":false,"VolumeDriver":"","VolumesFrom":[],"CapAdd":null,"CapDrop":null,"CgroupnsMode":"private","Dns":null,"DnsOptions":null,"DnsSearch":null,"ExtraHosts":[],"GroupAdd":null,"IpcMode":"shareable","Cgroup":"","Links":null,"OomScoreAdj":0,"PidMode":"","Privileged":false,"PublishAllPorts":false,"ReadonlyRootfs":false,"SecurityOpt":null,"UTSMode":"","UsernsMode":"","ShmSize":67108864,"Runtime":"runc","ConsoleSize":[0,0],"Isolation":"","CpuShares":0,"Memory":0,"NanoCpus":0,"CgroupParent":"","BlkioWeight":0,"BlkioWeightDevice":null,"BlkioDeviceReadBps":null,"BlkioDeviceWriteBps":null,"BlkioDeviceReadIOps":null,"BlkioDeviceWriteIOps":null,"CpuPeriod":0,"CpuQuota":0,"CpuRealtimePeriod":0,"CpuRealtimeRuntime":0,"CpusetCpus":"","CpusetMems":"","Devices":null,"DeviceCgroupRules":null,"DeviceRequests":null,"KernelMemory":0,"KernelMemoryTCP":0,"MemoryReservation":0,"MemorySwap":0,"MemorySwappiness":null,"OomKillDisable":null,"PidsLimit":null,"Ulimits":null,"CpuCount":0,"CpuPercent":0,"IOMaximumIOps":0,"IOMaximumBandwidth":0,"MaskedPaths":["/proc/asound","/proc/acpi","/proc/kcore","/proc/keys","/proc/latency_stats","/proc/timer_list","/proc/timer_stats","/proc/sched_debug","/proc/scsi","/sys/firmware"],"ReadonlyPaths":["/proc/bus","/proc/fs","/proc/irq","/proc/sys","/proc/sysrq-trigger"]},"GraphDriver":{"Data":{"LowerDir":"/var/lib/docker/overlay2/5ada145d0e3939fe5ed2118eea99b9f10241aeee200293145c73dce66470a568-init/diff:/var/lib/docker/overlay2/1bd8849d7a296305617011f940aa5cfabbe972a513397b1b6bbc27639b6c1f30/diff:/var/lib/docker/overlay2/199d69b2fbf78af4d4c95dec4fd2f8835ab0347eb49fb20ebb2ff3b99fedd6ad/diff:/var/lib/docker/overlay2/d83c38d654989311f75b9491329846033bfb7714de76ef635380dcfad5c740d9/diff:/var/lib/docker/overlay2/08600d0aea2ab2728bebcf5d2589c640a842f53d1ba3c4a4adccb4d03b923cf6/diff:/var/lib/docker/overlay2/9ec7c63a3fb14d13ac788bbf5e282ca821edc41260b79944e5e631037d13ecda/diff:/var/lib/docker/overlay2/db601d7a1b4ea6da638db620462f0da96fa55c559d02269c9ddb09027936ed87/diff:/var/lib/docker/overlay2/a6d2bd03f942e2565f21e74cfe152c7ec836a1c2b583f0790c685b92bdcfda24/diff:/var/lib/docker/overlay2/9badd16ea2c5e2bf1fde8b579683e41137dfc46ed5449234149f199a6751cc84/diff:/var/lib/docker/overlay2/6efb85646ed12e2d1181ef4cc6f6f6732c00c15a4035fe17ebc4f075ca573c30/diff:/var/lib/docker/overlay2/895d7c0ec09144d6ed33936f4e98e11c18010f7abd708cae1ce43aec7a7f2621/diff:/var/lib/docker/overlay2/1c4ba77aa573ab6e5e5069fd15eae71b3da940bde0f97a922a227ffc8a1d1096/diff","MergedDir":"/var/lib/docker/overlay2/5ada145d0e3939fe5ed2118eea99b9f10241aeee200293145c73dce66470a568/merged","UpperDir":"/var/lib/docker/overlay2/5ada145d0e3939fe5ed2118eea99b9f10241aeee200293145c73dce66470a568/diff","WorkDir":"/var/lib/docker/overlay2/5ada145d0e3939fe5ed2118eea99b9f10241aeee200293145c73dce66470a568/work"},"Name":"overlay2"},"Mounts":[{"Type":"volume","Name":"ac6dcf572a35a68e3a3a5bdf3d1899d89919b8e0b6d7a1beb9c6b19978c4e863","Source":"/var/lib/docker/volumes/ac6dcf572a35a68e3a3a5bdf3d1899d89919b8e0b6d7a1beb9c6b19978c4e863/_data","Destination":"/var/lib/mysql","Driver":"local","Mode":"","RW":true,"Propagation":""}],"Config":{"Hostname":"511b2d736fd4","Domainname":"","User":"","AttachStdin":false,"AttachStdout":false,"AttachStderr":false,"ExposedPorts":{"3306/tcp":{},"33060/tcp":{}},"Tty":false,"OpenStdin":false,"StdinOnce":false,"Env":["MYSQL_DATABASE=adm_videos","MYSQL_PASSWORD=123456","MYSQL_ROOT_PASSWORD=123456","PATH=/usr/local/sbin:/usr/local/bin:/usr/sbin:/usr/bin:/sbin:/bin","GOSU_VERSION=1.16","MYSQL_MAJOR=8.0","MYSQL_VERSION=8.0.32-1.el8","MYSQL_SHELL_VERSION=8.0.32-1.el8"],"Cmd":["mysqld"],"Image":"mysql:latest","Volumes":{"/var/lib/mysql":{}},"WorkingDir":"","Entrypoint":["docker-entrypoint.sh"],"OnBuild":null,"Labels":{"org.testcontainers":"true","org.testcontainers.lang":"java","org.testcontainers.sessionId":"c721e8e0-dbbd-4305-a748-6be2465f786d","org.testcontainers.version":"1.17.6"}},"NetworkSettings":{"Bridge":"","SandboxID":"23a51dba07b22c8536581cd39611755923749e16a93a45ce75c5c8a4a7759981","HairpinMode":false,"LinkLocalIPv6Address":"","LinkLocalIPv6PrefixLen":0,"Ports":{"3306/tcp":[{"HostIp":"0.0.0.0","HostPort":"50897"}],"33060/tcp":null},"SandboxKey":"/var/run/docker/netns/23a51dba07b2","SecondaryIPAddresses":null,"SecondaryIPv6Addresses":null,"EndpointID":"692f30c6e93a1486104b6273bdc38b1f926e45528d0b3ff49b5fe2d91ed6b329","Gateway":"172.17.0.1","GlobalIPv6Address":"","GlobalIPv6PrefixLen":0,"IPAddress":"172.17.0.3","IPPrefixLen":16,"IPv6Gateway":"","MacAddress":"02:42:ac:11:00:03","Networks":{"bridge":{"IPAMConfig":null,"Links":null,"Aliases":null,"NetworkID":"eba6fdf7ebe51912c859fc2dc83d1407a50db03ea3c296d90f885e8af84b6e93","EndpointID":"692f30c6e93a1486104b6273bdc38b1f926e45528d0b3ff49b5fe2d91ed6b329","Gateway":"172.17.0.1","IPAddress":"172.17.0.3","IPPrefixLen":16,"IPv6Gateway":"","GlobalIPv6Address":"","GlobalIPv6PrefixLen":0,"MacAddress":"02:42:ac:11:00:03","DriverOpts":null}}}}[\n]"
22:07:09.884 [Test worker] DEBUG com.github.dockerjava.zerodep.shaded.org.apache.hc.client5.http.wire - http-outgoing-2 << "[\r][\n]"
22:07:09.884 [Test worker] DEBUG com.github.dockerjava.zerodep.shaded.org.apache.hc.client5.http.wire - http-outgoing-2 << "0[\r][\n]"
22:07:09.884 [Test worker] DEBUG com.github.dockerjava.zerodep.shaded.org.apache.hc.client5.http.wire - http-outgoing-2 << "[\r][\n]"
22:07:09.885 [Test worker] DEBUG com.github.dockerjava.zerodep.shaded.org.apache.hc.client5.http.impl.classic.InternalHttpClient - ep-0000003B: releasing valid endpoint
22:07:09.885 [Test worker] DEBUG com.github.dockerjava.zerodep.shaded.org.apache.hc.client5.http.impl.io.PoolingHttpClientConnectionManager - ep-0000003B: releasing endpoint
22:07:09.885 [Test worker] DEBUG com.github.dockerjava.zerodep.shaded.org.apache.hc.client5.http.impl.io.PoolingHttpClientConnectionManager - ep-0000003B: connection http-outgoing-2 can be kept alive for 3 MINUTES
22:07:09.885 [Test worker] DEBUG com.github.dockerjava.zerodep.shaded.org.apache.hc.client5.http.impl.io.PoolingHttpClientConnectionManager - ep-0000003B: connection released [route: {}->unix://localhost:2375][total available: 1; route allocated: 1 of 2147483647; total allocated: 1 of 2147483647]
22:07:09.885 [Test worker] DEBUG ]]>&#x1f433;<![CDATA[ [mysql:latest] - Trying to create JDBC connection using com.mysql.cj.jdbc.Driver to jdbc:mysql://localhost:50897/adm_videos?useSSL=false&allowPublicKeyRetrieval=true with properties: {password=123456, user=root}
22:07:09.988 [Test worker] DEBUG org.testcontainers.shaded.com.github.dockerjava.core.command.AbstrDockerCmd - Cmd: 511b2d736fd4c4da08b79110fd21fdaa756368e4971eb130f8114450b3efc085,false
22:07:09.989 [Test worker] DEBUG org.testcontainers.shaded.com.github.dockerjava.core.exec.InspectContainerCmdExec - GET: DefaultWebTarget{path=[/containers/511b2d736fd4c4da08b79110fd21fdaa756368e4971eb130f8114450b3efc085/json], queryParams={}}
22:07:09.989 [Test worker] DEBUG com.github.dockerjava.zerodep.shaded.org.apache.hc.client5.http.impl.classic.InternalHttpClient - ex-0000003D: preparing request execution
22:07:09.989 [Test worker] DEBUG com.github.dockerjava.zerodep.shaded.org.apache.hc.client5.http.protocol.RequestAddCookies - Cookie spec selected: strict
22:07:09.989 [Test worker] DEBUG com.github.dockerjava.zerodep.shaded.org.apache.hc.client5.http.protocol.RequestAuthCache - Auth cache not set in the context
22:07:09.989 [Test worker] DEBUG com.github.dockerjava.zerodep.shaded.org.apache.hc.client5.http.impl.classic.ProtocolExec - ex-0000003D: target auth state: UNCHALLENGED
22:07:09.989 [Test worker] DEBUG com.github.dockerjava.zerodep.shaded.org.apache.hc.client5.http.impl.classic.ProtocolExec - ex-0000003D: proxy auth state: UNCHALLENGED
22:07:09.989 [Test worker] DEBUG com.github.dockerjava.zerodep.shaded.org.apache.hc.client5.http.impl.classic.ConnectExec - ex-0000003D: acquiring connection with route {}->unix://localhost:2375
22:07:09.989 [Test worker] DEBUG com.github.dockerjava.zerodep.shaded.org.apache.hc.client5.http.impl.classic.InternalHttpClient - ex-0000003D: acquiring endpoint (3 MINUTES)
22:07:09.989 [Test worker] DEBUG com.github.dockerjava.zerodep.shaded.org.apache.hc.client5.http.impl.io.PoolingHttpClientConnectionManager - ex-0000003D: endpoint lease request (3 MINUTES) [route: {}->unix://localhost:2375][total available: 1; route allocated: 1 of 2147483647; total allocated: 1 of 2147483647]
22:07:09.989 [Test worker] DEBUG com.github.dockerjava.zerodep.shaded.org.apache.hc.client5.http.impl.io.PoolingHttpClientConnectionManager - ex-0000003D: endpoint leased [route: {}->unix://localhost:2375][total available: 0; route allocated: 1 of 2147483647; total allocated: 1 of 2147483647]
22:07:09.989 [Test worker] DEBUG com.github.dockerjava.zerodep.shaded.org.apache.hc.client5.http.impl.io.PoolingHttpClientConnectionManager - ex-0000003D: acquired ep-0000003C
22:07:09.989 [Test worker] DEBUG com.github.dockerjava.zerodep.shaded.org.apache.hc.client5.http.impl.classic.InternalHttpClient - ex-0000003D: acquired endpoint ep-0000003C
22:07:09.989 [Test worker] DEBUG com.github.dockerjava.zerodep.shaded.org.apache.hc.client5.http.impl.classic.MainClientExec - ex-0000003D: executing GET /v1.32/containers/511b2d736fd4c4da08b79110fd21fdaa756368e4971eb130f8114450b3efc085/json HTTP/1.1
22:07:09.989 [Test worker] DEBUG com.github.dockerjava.zerodep.shaded.org.apache.hc.client5.http.impl.classic.InternalHttpClient - ep-0000003C: start execution ex-0000003D
22:07:09.990 [Test worker] DEBUG com.github.dockerjava.zerodep.shaded.org.apache.hc.client5.http.impl.io.PoolingHttpClientConnectionManager - ep-0000003C: executing exchange ex-0000003D over http-outgoing-2
22:07:09.990 [Test worker] DEBUG com.github.dockerjava.zerodep.shaded.org.apache.hc.client5.http.headers - http-outgoing-2 >> GET /v1.32/containers/511b2d736fd4c4da08b79110fd21fdaa756368e4971eb130f8114450b3efc085/json HTTP/1.1
22:07:09.990 [Test worker] DEBUG com.github.dockerjava.zerodep.shaded.org.apache.hc.client5.http.headers - http-outgoing-2 >> accept: application/json
22:07:09.990 [Test worker] DEBUG com.github.dockerjava.zerodep.shaded.org.apache.hc.client5.http.headers - http-outgoing-2 >> x-tc-sid: c721e8e0-dbbd-4305-a748-6be2465f786d
22:07:09.990 [Test worker] DEBUG com.github.dockerjava.zerodep.shaded.org.apache.hc.client5.http.headers - http-outgoing-2 >> Accept-Encoding: gzip, x-gzip, deflate
22:07:09.990 [Test worker] DEBUG com.github.dockerjava.zerodep.shaded.org.apache.hc.client5.http.headers - http-outgoing-2 >> Host: localhost:2375
22:07:09.990 [Test worker] DEBUG com.github.dockerjava.zerodep.shaded.org.apache.hc.client5.http.headers - http-outgoing-2 >> Connection: keep-alive
22:07:09.990 [Test worker] DEBUG com.github.dockerjava.zerodep.shaded.org.apache.hc.client5.http.headers - http-outgoing-2 >> User-Agent: Apache-HttpClient/5.0.3 (Java/17.0.2)
22:07:09.990 [Test worker] DEBUG com.github.dockerjava.zerodep.shaded.org.apache.hc.client5.http.wire - http-outgoing-2 >> "GET /v1.32/containers/511b2d736fd4c4da08b79110fd21fdaa756368e4971eb130f8114450b3efc085/json HTTP/1.1[\r][\n]"
22:07:09.990 [Test worker] DEBUG com.github.dockerjava.zerodep.shaded.org.apache.hc.client5.http.wire - http-outgoing-2 >> "accept: application/json[\r][\n]"
22:07:09.990 [Test worker] DEBUG com.github.dockerjava.zerodep.shaded.org.apache.hc.client5.http.wire - http-outgoing-2 >> "x-tc-sid: c721e8e0-dbbd-4305-a748-6be2465f786d[\r][\n]"
22:07:09.990 [Test worker] DEBUG com.github.dockerjava.zerodep.shaded.org.apache.hc.client5.http.wire - http-outgoing-2 >> "Accept-Encoding: gzip, x-gzip, deflate[\r][\n]"
22:07:09.990 [Test worker] DEBUG com.github.dockerjava.zerodep.shaded.org.apache.hc.client5.http.wire - http-outgoing-2 >> "Host: localhost:2375[\r][\n]"
22:07:09.990 [Test worker] DEBUG com.github.dockerjava.zerodep.shaded.org.apache.hc.client5.http.wire - http-outgoing-2 >> "Connection: keep-alive[\r][\n]"
22:07:09.990 [Test worker] DEBUG com.github.dockerjava.zerodep.shaded.org.apache.hc.client5.http.wire - http-outgoing-2 >> "User-Agent: Apache-HttpClient/5.0.3 (Java/17.0.2)[\r][\n]"
22:07:09.990 [Test worker] DEBUG com.github.dockerjava.zerodep.shaded.org.apache.hc.client5.http.wire - http-outgoing-2 >> "[\r][\n]"
22:07:09.991 [Test worker] DEBUG com.github.dockerjava.zerodep.shaded.org.apache.hc.client5.http.wire - http-outgoing-2 << "HTTP/1.1 200 OK[\r][\n]"
22:07:09.991 [Test worker] DEBUG com.github.dockerjava.zerodep.shaded.org.apache.hc.client5.http.wire - http-outgoing-2 << "Api-Version: 1.41[\r][\n]"
22:07:09.991 [Test worker] DEBUG com.github.dockerjava.zerodep.shaded.org.apache.hc.client5.http.wire - http-outgoing-2 << "Content-Type: application/json[\r][\n]"
22:07:09.991 [Test worker] DEBUG com.github.dockerjava.zerodep.shaded.org.apache.hc.client5.http.wire - http-outgoing-2 << "Date: Mon, 03 Apr 2023 01:07:09 GMT[\r][\n]"
22:07:09.991 [Test worker] DEBUG com.github.dockerjava.zerodep.shaded.org.apache.hc.client5.http.wire - http-outgoing-2 << "Docker-Experimental: false[\r][\n]"
22:07:09.991 [Test worker] DEBUG com.github.dockerjava.zerodep.shaded.org.apache.hc.client5.http.wire - http-outgoing-2 << "Ostype: linux[\r][\n]"
22:07:09.991 [Test worker] DEBUG com.github.dockerjava.zerodep.shaded.org.apache.hc.client5.http.wire - http-outgoing-2 << "Server: Docker/20.10.21 (linux)[\r][\n]"
22:07:09.991 [Test worker] DEBUG com.github.dockerjava.zerodep.shaded.org.apache.hc.client5.http.wire - http-outgoing-2 << "Transfer-Encoding: chunked[\r][\n]"
22:07:09.991 [Test worker] DEBUG com.github.dockerjava.zerodep.shaded.org.apache.hc.client5.http.wire - http-outgoing-2 << "[\r][\n]"
22:07:09.991 [Test worker] DEBUG com.github.dockerjava.zerodep.shaded.org.apache.hc.client5.http.headers - http-outgoing-2 << HTTP/1.1 200 OK
22:07:09.991 [Test worker] DEBUG com.github.dockerjava.zerodep.shaded.org.apache.hc.client5.http.headers - http-outgoing-2 << Api-Version: 1.41
22:07:09.991 [Test worker] DEBUG com.github.dockerjava.zerodep.shaded.org.apache.hc.client5.http.headers - http-outgoing-2 << Content-Type: application/json
22:07:09.991 [Test worker] DEBUG com.github.dockerjava.zerodep.shaded.org.apache.hc.client5.http.headers - http-outgoing-2 << Date: Mon, 03 Apr 2023 01:07:09 GMT
22:07:09.991 [Test worker] DEBUG com.github.dockerjava.zerodep.shaded.org.apache.hc.client5.http.headers - http-outgoing-2 << Docker-Experimental: false
22:07:09.991 [Test worker] DEBUG com.github.dockerjava.zerodep.shaded.org.apache.hc.client5.http.headers - http-outgoing-2 << Ostype: linux
22:07:09.991 [Test worker] DEBUG com.github.dockerjava.zerodep.shaded.org.apache.hc.client5.http.headers - http-outgoing-2 << Server: Docker/20.10.21 (linux)
22:07:09.991 [Test worker] DEBUG com.github.dockerjava.zerodep.shaded.org.apache.hc.client5.http.headers - http-outgoing-2 << Transfer-Encoding: chunked
22:07:09.991 [Test worker] DEBUG com.github.dockerjava.zerodep.shaded.org.apache.hc.client5.http.impl.classic.MainClientExec - ex-0000003D: connection can be kept alive for 3 MINUTES
22:07:09.992 [Test worker] DEBUG com.github.dockerjava.zerodep.shaded.org.apache.hc.client5.http.wire - http-outgoing-2 << "18c0[\r][\n]"
22:07:09.992 [Test worker] DEBUG com.github.dockerjava.zerodep.shaded.org.apache.hc.client5.http.wire - http-outgoing-2 << "{"Id":"511b2d736fd4c4da08b79110fd21fdaa756368e4971eb130f8114450b3efc085","Created":"2023-04-03T01:07:04.201309337Z","Path":"docker-entrypoint.sh","Args":["mysqld"],"State":{"Status":"running","Running":true,"Paused":false,"Restarting":false,"OOMKilled":false,"Dead":false,"Pid":2724,"ExitCode":0,"Error":"","StartedAt":"2023-04-03T01:07:04.498400921Z","FinishedAt":"0001-01-01T00:00:00Z"},"Image":"sha256:c7c54c29e20dccc1aefb936c8eba8bb8b98b87a4921102aba87fde2df5810af9","ResolvConfPath":"/var/lib/docker/containers/511b2d736fd4c4da08b79110fd21fdaa756368e4971eb130f8114450b3efc085/resolv.conf","HostnamePath":"/var/lib/docker/containers/511b2d736fd4c4da08b79110fd21fdaa756368e4971eb130f8114450b3efc085/hostname","HostsPath":"/var/lib/docker/containers/511b2d736fd4c4da08b79110fd21fdaa756368e4971eb130f8114450b3efc085/hosts","LogPath":"/var/lib/docker/containers/511b2d736fd4c4da08b79110fd21fdaa756368e4971eb130f8114450b3efc085/511b2d736fd4c4da08b79110fd21fdaa756368e4971eb130f8114450b3efc085-json.log","Name":"/elastic_easley","RestartCount":0,"Driver":"overlay2","Platform":"linux","MountLabel":"","ProcessLabel":"","AppArmorProfile":"","ExecIDs":null,"HostConfig":{"Binds":[],"ContainerIDFile":"","LogConfig":{"Type":"json-file","Config":{}},"NetworkMode":"default","PortBindings":{"3306/tcp":[{"HostIp":"0.0.0.0","HostPort":"0"}]},"RestartPolicy":{"Name":"","MaximumRetryCount":0},"AutoRemove":false,"VolumeDriver":"","VolumesFrom":[],"CapAdd":null,"CapDrop":null,"CgroupnsMode":"private","Dns":null,"DnsOptions":null,"DnsSearch":null,"ExtraHosts":[],"GroupAdd":null,"IpcMode":"shareable","Cgroup":"","Links":null,"OomScoreAdj":0,"PidMode":"","Privileged":false,"PublishAllPorts":false,"ReadonlyRootfs":false,"SecurityOpt":null,"UTSMode":"","UsernsMode":"","ShmSize":67108864,"Runtime":"runc","ConsoleSize":[0,0],"Isolation":"","CpuShares":0,"Memory":0,"NanoCpus":0,"CgroupParent":"","BlkioWeight":0,"BlkioWeightDevice":null,"BlkioDeviceReadBps":null,"BlkioDeviceWriteBps":null,"BlkioDeviceReadIOps":null,"BlkioDeviceWriteIOps":null,"CpuPeriod":0,"CpuQuota":0,"CpuRealtimePeriod":0,"CpuRealtimeRuntime":0,"CpusetCpus":"","CpusetMems":"","Devices":null,"DeviceCgroupRules":null,"DeviceRequests":null,"KernelMemory":0,"KernelMemoryTCP":0,"MemoryReservation":0,"MemorySwap":0,"MemorySwappiness":null,"OomKillDisable":null,"PidsLimit":null,"Ulimits":null,"CpuCount":0,"CpuPercent":0,"IOMaximumIOps":0,"IOMaximumBandwidth":0,"MaskedPaths":["/proc/asound","/proc/acpi","/proc/kcore","/proc/keys","/proc/latency_stats","/proc/timer_list","/proc/timer_stats","/proc/sched_debug","/proc/scsi","/sys/firmware"],"ReadonlyPaths":["/proc/bus","/proc/fs","/proc/irq","/proc/sys","/proc/sysrq-trigger"]},"GraphDriver":{"Data":{"LowerDir":"/var/lib/docker/overlay2/5ada145d0e3939fe5ed2118eea99b9f10241aeee200293145c73dce66470a568-init/diff:/var/lib/docker/overlay2/1bd8849d7a296305617011f940aa5cfabbe972a513397b1b6bbc27639b6c1f30/diff:/var/lib/docker/overlay2/199d69b2fbf78af4d4c95dec4fd2f8835ab0347eb49fb20ebb2ff3b99fedd6ad/diff:/var/lib/docker/overlay2/d83c38d654989311f75b9491329846033bfb7714de76ef635380dcfad5c740d9/diff:/var/lib/docker/overlay2/08600d0aea2ab2728bebcf5d2589c640a842f53d1ba3c4a4adccb4d03b923cf6/diff:/var/lib/docker/overlay2/9ec7c63a3fb14d13ac788bbf5e282ca821edc41260b79944e5e631037d13ecda/diff:/var/lib/docker/overlay2/db601d7a1b4ea6da638db620462f0da96fa55c559d02269c9ddb09027936ed87/diff:/var/lib/docker/overlay2/a6d2bd03f942e2565f21e74cfe152c7ec836a1c2b583f0790c685b92bdcfda24/diff:/var/lib/docker/overlay2/9badd16ea2c5e2bf1fde8b579683e41137dfc46ed5449234149f199a6751cc84/diff:/var/lib/docker/overlay2/6efb85646ed12e2d1181ef4cc6f6f6732c00c15a4035fe17ebc4f075ca573c30/diff:/var/lib/docker/overlay2/895d7c0ec09144d6ed33936f4e98e11c18010f7abd708cae1ce43aec7a7f2621/diff:/var/lib/docker/overlay2/1c4ba77aa573ab6e5e5069fd15eae71b3da940bde0f97a922a227ffc8a1d1096/diff","MergedDir":"/var/lib/docker/overlay2/5ada145d0e3939fe5ed2118eea99b9f10241aeee200293145c73dce66470a568/merged","UpperDir":"/var/lib/docker/overlay2/5ada145d0e3939fe5ed2118eea99b9f10241aeee200293145c73dce66470a568/diff","WorkDir":"/var/lib/docker/overlay2/5ada145d0e3939fe5ed2118eea99b9f10241aeee200293145c73dce66470a568/work"},"Name":"overlay2"},"Mounts":[{"Type":"volume","Name":"ac6dcf572a35a68e3a3a5bdf3d1899d89919b8e0b6d7a1beb9c6b19978c4e863","Source":"/var/lib/docker/volumes/ac6dcf572a35a68e3a3a5bdf3d1899d89919b8e0b6d7a1beb9c6b19978c4e863/_data","Destination":"/var/lib/mysql","Driver":"local","Mode":"","RW":true,"Propagation":""}],"Config":{"Hostname":"511b2d736fd4","Domainname":"","User":"","AttachStdin":false,"AttachStdout":false,"AttachStderr":false,"ExposedPorts":{"3306/tcp":{},"33060/tcp":{}},"Tty":false,"OpenStdin":false,"StdinOnce":false,"Env":["MYSQL_DATABASE=adm_videos","MYSQL_PASSWORD=123456","MYSQL_ROOT_PASSWORD=123456","PATH=/usr/local/sbin:/usr/local/bin:/usr/sbin:/usr/bin:/sbin:/bin","GOSU_VERSION=1.16","MYSQL_MAJOR=8.0","MYSQL_VERSION=8.0.32-1.el8","MYSQL_SHELL_VERSION=8.0.32-1.el8"],"Cmd":["mysqld"],"Image":"mysql:latest","Volumes":{"/var/lib/mysql":{}},"WorkingDir":"","Entrypoint":["docker-entrypoint.sh"],"OnBuild":null,"Labels":{"org.testcontainers":"true","org.testcontainers.lang":"java","org.testcontainers.sessionId":"c721e8e0-dbbd-4305-a748-6be2465f786d","org.testcontainers.version":"1.17.6"}},"NetworkSettings":{"Bridge":"","SandboxID":"23a51dba07b22c8536581cd39611755923749e16a93a45ce75c5c8a4a7759981","HairpinMode":false,"LinkLocalIPv6Address":"","LinkLocalIPv6PrefixLen":0,"Ports":{"3306/tcp":[{"HostIp":"0.0.0.0","HostPort":"50897"}],"33060/tcp":null},"SandboxKey":"/var/run/docker/netns/23a51dba07b2","SecondaryIPAddresses":null,"SecondaryIPv6Addresses":null,"EndpointID":"692f30c6e93a1486104b6273bdc38b1f926e45528d0b3ff49b5fe2d91ed6b329","Gateway":"172.17.0.1","GlobalIPv6Address":"","GlobalIPv6PrefixLen":0,"IPAddress":"172.17.0.3","IPPrefixLen":16,"IPv6Gateway":"","MacAddress":"02:42:ac:11:00:03","Networks":{"bridge":{"IPAMConfig":null,"Links":null,"Aliases":null,"NetworkID":"eba6fdf7ebe51912c859fc2dc83d1407a50db03ea3c296d90f885e8af84b6e93","EndpointID":"692f30c6e93a1486104b6273bdc38b1f926e45528d0b3ff49b5fe2d91ed6b329","Gateway":"172.17.0.1","IPAddress":"172.17.0.3","IPPrefixLen":16,"IPv6Gateway":"","GlobalIPv6Address":"","GlobalIPv6PrefixLen":0,"MacAddress":"02:42:ac:11:00:03","DriverOpts":null}}}}[\n]"
22:07:09.992 [Test worker] DEBUG com.github.dockerjava.zerodep.shaded.org.apache.hc.client5.http.wire - http-outgoing-2 << "[\r][\n]"
22:07:09.993 [Test worker] DEBUG com.github.dockerjava.zerodep.shaded.org.apache.hc.client5.http.wire - http-outgoing-2 << "0[\r][\n]"
22:07:09.993 [Test worker] DEBUG com.github.dockerjava.zerodep.shaded.org.apache.hc.client5.http.wire - http-outgoing-2 << "[\r][\n]"
22:07:09.993 [Test worker] DEBUG com.github.dockerjava.zerodep.shaded.org.apache.hc.client5.http.impl.classic.InternalHttpClient - ep-0000003C: releasing valid endpoint
22:07:09.993 [Test worker] DEBUG com.github.dockerjava.zerodep.shaded.org.apache.hc.client5.http.impl.io.PoolingHttpClientConnectionManager - ep-0000003C: releasing endpoint
22:07:09.993 [Test worker] DEBUG com.github.dockerjava.zerodep.shaded.org.apache.hc.client5.http.impl.io.PoolingHttpClientConnectionManager - ep-0000003C: connection http-outgoing-2 can be kept alive for 3 MINUTES
22:07:09.993 [Test worker] DEBUG com.github.dockerjava.zerodep.shaded.org.apache.hc.client5.http.impl.io.PoolingHttpClientConnectionManager - ep-0000003C: connection released [route: {}->unix://localhost:2375][total available: 1; route allocated: 1 of 2147483647; total allocated: 1 of 2147483647]
22:07:09.993 [Test worker] DEBUG ]]>&#x1f433;<![CDATA[ [mysql:latest] - Trying to create JDBC connection using com.mysql.cj.jdbc.Driver to jdbc:mysql://localhost:50897/adm_videos?useSSL=false&allowPublicKeyRetrieval=true with properties: {password=123456, user=root}
22:07:10.096 [Test worker] DEBUG org.testcontainers.shaded.com.github.dockerjava.core.command.AbstrDockerCmd - Cmd: 511b2d736fd4c4da08b79110fd21fdaa756368e4971eb130f8114450b3efc085,false
22:07:10.097 [Test worker] DEBUG org.testcontainers.shaded.com.github.dockerjava.core.exec.InspectContainerCmdExec - GET: DefaultWebTarget{path=[/containers/511b2d736fd4c4da08b79110fd21fdaa756368e4971eb130f8114450b3efc085/json], queryParams={}}
22:07:10.097 [Test worker] DEBUG com.github.dockerjava.zerodep.shaded.org.apache.hc.client5.http.impl.classic.InternalHttpClient - ex-0000003E: preparing request execution
22:07:10.097 [Test worker] DEBUG com.github.dockerjava.zerodep.shaded.org.apache.hc.client5.http.protocol.RequestAddCookies - Cookie spec selected: strict
22:07:10.097 [Test worker] DEBUG com.github.dockerjava.zerodep.shaded.org.apache.hc.client5.http.protocol.RequestAuthCache - Auth cache not set in the context
22:07:10.097 [Test worker] DEBUG com.github.dockerjava.zerodep.shaded.org.apache.hc.client5.http.impl.classic.ProtocolExec - ex-0000003E: target auth state: UNCHALLENGED
22:07:10.097 [Test worker] DEBUG com.github.dockerjava.zerodep.shaded.org.apache.hc.client5.http.impl.classic.ProtocolExec - ex-0000003E: proxy auth state: UNCHALLENGED
22:07:10.097 [Test worker] DEBUG com.github.dockerjava.zerodep.shaded.org.apache.hc.client5.http.impl.classic.ConnectExec - ex-0000003E: acquiring connection with route {}->unix://localhost:2375
22:07:10.097 [Test worker] DEBUG com.github.dockerjava.zerodep.shaded.org.apache.hc.client5.http.impl.classic.InternalHttpClient - ex-0000003E: acquiring endpoint (3 MINUTES)
22:07:10.097 [Test worker] DEBUG com.github.dockerjava.zerodep.shaded.org.apache.hc.client5.http.impl.io.PoolingHttpClientConnectionManager - ex-0000003E: endpoint lease request (3 MINUTES) [route: {}->unix://localhost:2375][total available: 1; route allocated: 1 of 2147483647; total allocated: 1 of 2147483647]
22:07:10.097 [Test worker] DEBUG com.github.dockerjava.zerodep.shaded.org.apache.hc.client5.http.impl.io.PoolingHttpClientConnectionManager - ex-0000003E: endpoint leased [route: {}->unix://localhost:2375][total available: 0; route allocated: 1 of 2147483647; total allocated: 1 of 2147483647]
22:07:10.098 [Test worker] DEBUG com.github.dockerjava.zerodep.shaded.org.apache.hc.client5.http.impl.io.PoolingHttpClientConnectionManager - ex-0000003E: acquired ep-0000003D
22:07:10.098 [Test worker] DEBUG com.github.dockerjava.zerodep.shaded.org.apache.hc.client5.http.impl.classic.InternalHttpClient - ex-0000003E: acquired endpoint ep-0000003D
22:07:10.098 [Test worker] DEBUG com.github.dockerjava.zerodep.shaded.org.apache.hc.client5.http.impl.classic.MainClientExec - ex-0000003E: executing GET /v1.32/containers/511b2d736fd4c4da08b79110fd21fdaa756368e4971eb130f8114450b3efc085/json HTTP/1.1
22:07:10.098 [Test worker] DEBUG com.github.dockerjava.zerodep.shaded.org.apache.hc.client5.http.impl.classic.InternalHttpClient - ep-0000003D: start execution ex-0000003E
22:07:10.098 [Test worker] DEBUG com.github.dockerjava.zerodep.shaded.org.apache.hc.client5.http.impl.io.PoolingHttpClientConnectionManager - ep-0000003D: executing exchange ex-0000003E over http-outgoing-2
22:07:10.098 [Test worker] DEBUG com.github.dockerjava.zerodep.shaded.org.apache.hc.client5.http.headers - http-outgoing-2 >> GET /v1.32/containers/511b2d736fd4c4da08b79110fd21fdaa756368e4971eb130f8114450b3efc085/json HTTP/1.1
22:07:10.098 [Test worker] DEBUG com.github.dockerjava.zerodep.shaded.org.apache.hc.client5.http.headers - http-outgoing-2 >> accept: application/json
22:07:10.098 [Test worker] DEBUG com.github.dockerjava.zerodep.shaded.org.apache.hc.client5.http.headers - http-outgoing-2 >> x-tc-sid: c721e8e0-dbbd-4305-a748-6be2465f786d
22:07:10.098 [Test worker] DEBUG com.github.dockerjava.zerodep.shaded.org.apache.hc.client5.http.headers - http-outgoing-2 >> Accept-Encoding: gzip, x-gzip, deflate
22:07:10.098 [Test worker] DEBUG com.github.dockerjava.zerodep.shaded.org.apache.hc.client5.http.headers - http-outgoing-2 >> Host: localhost:2375
22:07:10.098 [Test worker] DEBUG com.github.dockerjava.zerodep.shaded.org.apache.hc.client5.http.headers - http-outgoing-2 >> Connection: keep-alive
22:07:10.098 [Test worker] DEBUG com.github.dockerjava.zerodep.shaded.org.apache.hc.client5.http.headers - http-outgoing-2 >> User-Agent: Apache-HttpClient/5.0.3 (Java/17.0.2)
22:07:10.098 [Test worker] DEBUG com.github.dockerjava.zerodep.shaded.org.apache.hc.client5.http.wire - http-outgoing-2 >> "GET /v1.32/containers/511b2d736fd4c4da08b79110fd21fdaa756368e4971eb130f8114450b3efc085/json HTTP/1.1[\r][\n]"
22:07:10.098 [Test worker] DEBUG com.github.dockerjava.zerodep.shaded.org.apache.hc.client5.http.wire - http-outgoing-2 >> "accept: application/json[\r][\n]"
22:07:10.098 [Test worker] DEBUG com.github.dockerjava.zerodep.shaded.org.apache.hc.client5.http.wire - http-outgoing-2 >> "x-tc-sid: c721e8e0-dbbd-4305-a748-6be2465f786d[\r][\n]"
22:07:10.098 [Test worker] DEBUG com.github.dockerjava.zerodep.shaded.org.apache.hc.client5.http.wire - http-outgoing-2 >> "Accept-Encoding: gzip, x-gzip, deflate[\r][\n]"
22:07:10.098 [Test worker] DEBUG com.github.dockerjava.zerodep.shaded.org.apache.hc.client5.http.wire - http-outgoing-2 >> "Host: localhost:2375[\r][\n]"
22:07:10.098 [Test worker] DEBUG com.github.dockerjava.zerodep.shaded.org.apache.hc.client5.http.wire - http-outgoing-2 >> "Connection: keep-alive[\r][\n]"
22:07:10.098 [Test worker] DEBUG com.github.dockerjava.zerodep.shaded.org.apache.hc.client5.http.wire - http-outgoing-2 >> "User-Agent: Apache-HttpClient/5.0.3 (Java/17.0.2)[\r][\n]"
22:07:10.098 [Test worker] DEBUG com.github.dockerjava.zerodep.shaded.org.apache.hc.client5.http.wire - http-outgoing-2 >> "[\r][\n]"
22:07:10.099 [Test worker] DEBUG com.github.dockerjava.zerodep.shaded.org.apache.hc.client5.http.wire - http-outgoing-2 << "HTTP/1.1 200 OK[\r][\n]"
22:07:10.099 [Test worker] DEBUG com.github.dockerjava.zerodep.shaded.org.apache.hc.client5.http.wire - http-outgoing-2 << "Api-Version: 1.41[\r][\n]"
22:07:10.099 [Test worker] DEBUG com.github.dockerjava.zerodep.shaded.org.apache.hc.client5.http.wire - http-outgoing-2 << "Content-Type: application/json[\r][\n]"
22:07:10.099 [Test worker] DEBUG com.github.dockerjava.zerodep.shaded.org.apache.hc.client5.http.wire - http-outgoing-2 << "Date: Mon, 03 Apr 2023 01:07:10 GMT[\r][\n]"
22:07:10.099 [Test worker] DEBUG com.github.dockerjava.zerodep.shaded.org.apache.hc.client5.http.wire - http-outgoing-2 << "Docker-Experimental: false[\r][\n]"
22:07:10.099 [Test worker] DEBUG com.github.dockerjava.zerodep.shaded.org.apache.hc.client5.http.wire - http-outgoing-2 << "Ostype: linux[\r][\n]"
22:07:10.099 [Test worker] DEBUG com.github.dockerjava.zerodep.shaded.org.apache.hc.client5.http.wire - http-outgoing-2 << "Server: Docker/20.10.21 (linux)[\r][\n]"
22:07:10.099 [Test worker] DEBUG com.github.dockerjava.zerodep.shaded.org.apache.hc.client5.http.wire - http-outgoing-2 << "Transfer-Encoding: chunked[\r][\n]"
22:07:10.099 [Test worker] DEBUG com.github.dockerjava.zerodep.shaded.org.apache.hc.client5.http.wire - http-outgoing-2 << "[\r][\n]"
22:07:10.099 [Test worker] DEBUG com.github.dockerjava.zerodep.shaded.org.apache.hc.client5.http.headers - http-outgoing-2 << HTTP/1.1 200 OK
22:07:10.099 [Test worker] DEBUG com.github.dockerjava.zerodep.shaded.org.apache.hc.client5.http.headers - http-outgoing-2 << Api-Version: 1.41
22:07:10.099 [Test worker] DEBUG com.github.dockerjava.zerodep.shaded.org.apache.hc.client5.http.headers - http-outgoing-2 << Content-Type: application/json
22:07:10.099 [Test worker] DEBUG com.github.dockerjava.zerodep.shaded.org.apache.hc.client5.http.headers - http-outgoing-2 << Date: Mon, 03 Apr 2023 01:07:10 GMT
22:07:10.099 [Test worker] DEBUG com.github.dockerjava.zerodep.shaded.org.apache.hc.client5.http.headers - http-outgoing-2 << Docker-Experimental: false
22:07:10.099 [Test worker] DEBUG com.github.dockerjava.zerodep.shaded.org.apache.hc.client5.http.headers - http-outgoing-2 << Ostype: linux
22:07:10.099 [Test worker] DEBUG com.github.dockerjava.zerodep.shaded.org.apache.hc.client5.http.headers - http-outgoing-2 << Server: Docker/20.10.21 (linux)
22:07:10.099 [Test worker] DEBUG com.github.dockerjava.zerodep.shaded.org.apache.hc.client5.http.headers - http-outgoing-2 << Transfer-Encoding: chunked
22:07:10.099 [Test worker] DEBUG com.github.dockerjava.zerodep.shaded.org.apache.hc.client5.http.impl.classic.MainClientExec - ex-0000003E: connection can be kept alive for 3 MINUTES
22:07:10.100 [Test worker] DEBUG com.github.dockerjava.zerodep.shaded.org.apache.hc.client5.http.wire - http-outgoing-2 << "18c0[\r][\n]"
22:07:10.100 [Test worker] DEBUG com.github.dockerjava.zerodep.shaded.org.apache.hc.client5.http.wire - http-outgoing-2 << "{"Id":"511b2d736fd4c4da08b79110fd21fdaa756368e4971eb130f8114450b3efc085","Created":"2023-04-03T01:07:04.201309337Z","Path":"docker-entrypoint.sh","Args":["mysqld"],"State":{"Status":"running","Running":true,"Paused":false,"Restarting":false,"OOMKilled":false,"Dead":false,"Pid":2724,"ExitCode":0,"Error":"","StartedAt":"2023-04-03T01:07:04.498400921Z","FinishedAt":"0001-01-01T00:00:00Z"},"Image":"sha256:c7c54c29e20dccc1aefb936c8eba8bb8b98b87a4921102aba87fde2df5810af9","ResolvConfPath":"/var/lib/docker/containers/511b2d736fd4c4da08b79110fd21fdaa756368e4971eb130f8114450b3efc085/resolv.conf","HostnamePath":"/var/lib/docker/containers/511b2d736fd4c4da08b79110fd21fdaa756368e4971eb130f8114450b3efc085/hostname","HostsPath":"/var/lib/docker/containers/511b2d736fd4c4da08b79110fd21fdaa756368e4971eb130f8114450b3efc085/hosts","LogPath":"/var/lib/docker/containers/511b2d736fd4c4da08b79110fd21fdaa756368e4971eb130f8114450b3efc085/511b2d736fd4c4da08b79110fd21fdaa756368e4971eb130f8114450b3efc085-json.log","Name":"/elastic_easley","RestartCount":0,"Driver":"overlay2","Platform":"linux","MountLabel":"","ProcessLabel":"","AppArmorProfile":"","ExecIDs":null,"HostConfig":{"Binds":[],"ContainerIDFile":"","LogConfig":{"Type":"json-file","Config":{}},"NetworkMode":"default","PortBindings":{"3306/tcp":[{"HostIp":"0.0.0.0","HostPort":"0"}]},"RestartPolicy":{"Name":"","MaximumRetryCount":0},"AutoRemove":false,"VolumeDriver":"","VolumesFrom":[],"CapAdd":null,"CapDrop":null,"CgroupnsMode":"private","Dns":null,"DnsOptions":null,"DnsSearch":null,"ExtraHosts":[],"GroupAdd":null,"IpcMode":"shareable","Cgroup":"","Links":null,"OomScoreAdj":0,"PidMode":"","Privileged":false,"PublishAllPorts":false,"ReadonlyRootfs":false,"SecurityOpt":null,"UTSMode":"","UsernsMode":"","ShmSize":67108864,"Runtime":"runc","ConsoleSize":[0,0],"Isolation":"","CpuShares":0,"Memory":0,"NanoCpus":0,"CgroupParent":"","BlkioWeight":0,"BlkioWeightDevice":null,"BlkioDeviceReadBps":null,"BlkioDeviceWriteBps":null,"BlkioDeviceReadIOps":null,"BlkioDeviceWriteIOps":null,"CpuPeriod":0,"CpuQuota":0,"CpuRealtimePeriod":0,"CpuRealtimeRuntime":0,"CpusetCpus":"","CpusetMems":"","Devices":null,"DeviceCgroupRules":null,"DeviceRequests":null,"KernelMemory":0,"KernelMemoryTCP":0,"MemoryReservation":0,"MemorySwap":0,"MemorySwappiness":null,"OomKillDisable":null,"PidsLimit":null,"Ulimits":null,"CpuCount":0,"CpuPercent":0,"IOMaximumIOps":0,"IOMaximumBandwidth":0,"MaskedPaths":["/proc/asound","/proc/acpi","/proc/kcore","/proc/keys","/proc/latency_stats","/proc/timer_list","/proc/timer_stats","/proc/sched_debug","/proc/scsi","/sys/firmware"],"ReadonlyPaths":["/proc/bus","/proc/fs","/proc/irq","/proc/sys","/proc/sysrq-trigger"]},"GraphDriver":{"Data":{"LowerDir":"/var/lib/docker/overlay2/5ada145d0e3939fe5ed2118eea99b9f10241aeee200293145c73dce66470a568-init/diff:/var/lib/docker/overlay2/1bd8849d7a296305617011f940aa5cfabbe972a513397b1b6bbc27639b6c1f30/diff:/var/lib/docker/overlay2/199d69b2fbf78af4d4c95dec4fd2f8835ab0347eb49fb20ebb2ff3b99fedd6ad/diff:/var/lib/docker/overlay2/d83c38d654989311f75b9491329846033bfb7714de76ef635380dcfad5c740d9/diff:/var/lib/docker/overlay2/08600d0aea2ab2728bebcf5d2589c640a842f53d1ba3c4a4adccb4d03b923cf6/diff:/var/lib/docker/overlay2/9ec7c63a3fb14d13ac788bbf5e282ca821edc41260b79944e5e631037d13ecda/diff:/var/lib/docker/overlay2/db601d7a1b4ea6da638db620462f0da96fa55c559d02269c9ddb09027936ed87/diff:/var/lib/docker/overlay2/a6d2bd03f942e2565f21e74cfe152c7ec836a1c2b583f0790c685b92bdcfda24/diff:/var/lib/docker/overlay2/9badd16ea2c5e2bf1fde8b579683e41137dfc46ed5449234149f199a6751cc84/diff:/var/lib/docker/overlay2/6efb85646ed12e2d1181ef4cc6f6f6732c00c15a4035fe17ebc4f075ca573c30/diff:/var/lib/docker/overlay2/895d7c0ec09144d6ed33936f4e98e11c18010f7abd708cae1ce43aec7a7f2621/diff:/var/lib/docker/overlay2/1c4ba77aa573ab6e5e5069fd15eae71b3da940bde0f97a922a227ffc8a1d1096/diff","MergedDir":"/var/lib/docker/overlay2/5ada145d0e3939fe5ed2118eea99b9f10241aeee200293145c73dce66470a568/merged","UpperDir":"/var/lib/docker/overlay2/5ada145d0e3939fe5ed2118eea99b9f10241aeee200293145c73dce66470a568/diff","WorkDir":"/var/lib/docker/overlay2/5ada145d0e3939fe5ed2118eea99b9f10241aeee200293145c73dce66470a568/work"},"Name":"overlay2"},"Mounts":[{"Type":"volume","Name":"ac6dcf572a35a68e3a3a5bdf3d1899d89919b8e0b6d7a1beb9c6b19978c4e863","Source":"/var/lib/docker/volumes/ac6dcf572a35a68e3a3a5bdf3d1899d89919b8e0b6d7a1beb9c6b19978c4e863/_data","Destination":"/var/lib/mysql","Driver":"local","Mode":"","RW":true,"Propagation":""}],"Config":{"Hostname":"511b2d736fd4","Domainname":"","User":"","AttachStdin":false,"AttachStdout":false,"AttachStderr":false,"ExposedPorts":{"3306/tcp":{},"33060/tcp":{}},"Tty":false,"OpenStdin":false,"StdinOnce":false,"Env":["MYSQL_DATABASE=adm_videos","MYSQL_PASSWORD=123456","MYSQL_ROOT_PASSWORD=123456","PATH=/usr/local/sbin:/usr/local/bin:/usr/sbin:/usr/bin:/sbin:/bin","GOSU_VERSION=1.16","MYSQL_MAJOR=8.0","MYSQL_VERSION=8.0.32-1.el8","MYSQL_SHELL_VERSION=8.0.32-1.el8"],"Cmd":["mysqld"],"Image":"mysql:latest","Volumes":{"/var/lib/mysql":{}},"WorkingDir":"","Entrypoint":["docker-entrypoint.sh"],"OnBuild":null,"Labels":{"org.testcontainers":"true","org.testcontainers.lang":"java","org.testcontainers.sessionId":"c721e8e0-dbbd-4305-a748-6be2465f786d","org.testcontainers.version":"1.17.6"}},"NetworkSettings":{"Bridge":"","SandboxID":"23a51dba07b22c8536581cd39611755923749e16a93a45ce75c5c8a4a7759981","HairpinMode":false,"LinkLocalIPv6Address":"","LinkLocalIPv6PrefixLen":0,"Ports":{"3306/tcp":[{"HostIp":"0.0.0.0","HostPort":"50897"}],"33060/tcp":null},"SandboxKey":"/var/run/docker/netns/23a51dba07b2","SecondaryIPAddresses":null,"SecondaryIPv6Addresses":null,"EndpointID":"692f30c6e93a1486104b6273bdc38b1f926e45528d0b3ff49b5fe2d91ed6b329","Gateway":"172.17.0.1","GlobalIPv6Address":"","GlobalIPv6PrefixLen":0,"IPAddress":"172.17.0.3","IPPrefixLen":16,"IPv6Gateway":"","MacAddress":"02:42:ac:11:00:03","Networks":{"bridge":{"IPAMConfig":null,"Links":null,"Aliases":null,"NetworkID":"eba6fdf7ebe51912c859fc2dc83d1407a50db03ea3c296d90f885e8af84b6e93","EndpointID":"692f30c6e93a1486104b6273bdc38b1f926e45528d0b3ff49b5fe2d91ed6b329","Gateway":"172.17.0.1","IPAddress":"172.17.0.3","IPPrefixLen":16,"IPv6Gateway":"","GlobalIPv6Address":"","GlobalIPv6PrefixLen":0,"MacAddress":"02:42:ac:11:00:03","DriverOpts":null}}}}[\n]"
22:07:10.100 [Test worker] DEBUG com.github.dockerjava.zerodep.shaded.org.apache.hc.client5.http.wire - http-outgoing-2 << "[\r][\n]"
22:07:10.101 [Test worker] DEBUG com.github.dockerjava.zerodep.shaded.org.apache.hc.client5.http.wire - http-outgoing-2 << "0[\r][\n]"
22:07:10.101 [Test worker] DEBUG com.github.dockerjava.zerodep.shaded.org.apache.hc.client5.http.wire - http-outgoing-2 << "[\r][\n]"
22:07:10.101 [Test worker] DEBUG com.github.dockerjava.zerodep.shaded.org.apache.hc.client5.http.impl.classic.InternalHttpClient - ep-0000003D: releasing valid endpoint
22:07:10.101 [Test worker] DEBUG com.github.dockerjava.zerodep.shaded.org.apache.hc.client5.http.impl.io.PoolingHttpClientConnectionManager - ep-0000003D: releasing endpoint
22:07:10.101 [Test worker] DEBUG com.github.dockerjava.zerodep.shaded.org.apache.hc.client5.http.impl.io.PoolingHttpClientConnectionManager - ep-0000003D: connection http-outgoing-2 can be kept alive for 3 MINUTES
22:07:10.101 [Test worker] DEBUG com.github.dockerjava.zerodep.shaded.org.apache.hc.client5.http.impl.io.PoolingHttpClientConnectionManager - ep-0000003D: connection released [route: {}->unix://localhost:2375][total available: 1; route allocated: 1 of 2147483647; total allocated: 1 of 2147483647]
22:07:10.101 [Test worker] DEBUG ]]>&#x1f433;<![CDATA[ [mysql:latest] - Trying to create JDBC connection using com.mysql.cj.jdbc.Driver to jdbc:mysql://localhost:50897/adm_videos?useSSL=false&allowPublicKeyRetrieval=true with properties: {password=123456, user=root}
22:07:10.205 [Test worker] DEBUG org.testcontainers.shaded.com.github.dockerjava.core.command.AbstrDockerCmd - Cmd: 511b2d736fd4c4da08b79110fd21fdaa756368e4971eb130f8114450b3efc085,false
22:07:10.205 [Test worker] DEBUG org.testcontainers.shaded.com.github.dockerjava.core.exec.InspectContainerCmdExec - GET: DefaultWebTarget{path=[/containers/511b2d736fd4c4da08b79110fd21fdaa756368e4971eb130f8114450b3efc085/json], queryParams={}}
22:07:10.205 [Test worker] DEBUG com.github.dockerjava.zerodep.shaded.org.apache.hc.client5.http.impl.classic.InternalHttpClient - ex-0000003F: preparing request execution
22:07:10.206 [Test worker] DEBUG com.github.dockerjava.zerodep.shaded.org.apache.hc.client5.http.protocol.RequestAddCookies - Cookie spec selected: strict
22:07:10.206 [Test worker] DEBUG com.github.dockerjava.zerodep.shaded.org.apache.hc.client5.http.protocol.RequestAuthCache - Auth cache not set in the context
22:07:10.206 [Test worker] DEBUG com.github.dockerjava.zerodep.shaded.org.apache.hc.client5.http.impl.classic.ProtocolExec - ex-0000003F: target auth state: UNCHALLENGED
22:07:10.206 [Test worker] DEBUG com.github.dockerjava.zerodep.shaded.org.apache.hc.client5.http.impl.classic.ProtocolExec - ex-0000003F: proxy auth state: UNCHALLENGED
22:07:10.206 [Test worker] DEBUG com.github.dockerjava.zerodep.shaded.org.apache.hc.client5.http.impl.classic.ConnectExec - ex-0000003F: acquiring connection with route {}->unix://localhost:2375
22:07:10.206 [Test worker] DEBUG com.github.dockerjava.zerodep.shaded.org.apache.hc.client5.http.impl.classic.InternalHttpClient - ex-0000003F: acquiring endpoint (3 MINUTES)
22:07:10.206 [Test worker] DEBUG com.github.dockerjava.zerodep.shaded.org.apache.hc.client5.http.impl.io.PoolingHttpClientConnectionManager - ex-0000003F: endpoint lease request (3 MINUTES) [route: {}->unix://localhost:2375][total available: 1; route allocated: 1 of 2147483647; total allocated: 1 of 2147483647]
22:07:10.206 [Test worker] DEBUG com.github.dockerjava.zerodep.shaded.org.apache.hc.client5.http.impl.io.PoolingHttpClientConnectionManager - ex-0000003F: endpoint leased [route: {}->unix://localhost:2375][total available: 0; route allocated: 1 of 2147483647; total allocated: 1 of 2147483647]
22:07:10.206 [Test worker] DEBUG com.github.dockerjava.zerodep.shaded.org.apache.hc.client5.http.impl.io.PoolingHttpClientConnectionManager - ex-0000003F: acquired ep-0000003E
22:07:10.206 [Test worker] DEBUG com.github.dockerjava.zerodep.shaded.org.apache.hc.client5.http.impl.classic.InternalHttpClient - ex-0000003F: acquired endpoint ep-0000003E
22:07:10.206 [Test worker] DEBUG com.github.dockerjava.zerodep.shaded.org.apache.hc.client5.http.impl.classic.MainClientExec - ex-0000003F: executing GET /v1.32/containers/511b2d736fd4c4da08b79110fd21fdaa756368e4971eb130f8114450b3efc085/json HTTP/1.1
22:07:10.206 [Test worker] DEBUG com.github.dockerjava.zerodep.shaded.org.apache.hc.client5.http.impl.classic.InternalHttpClient - ep-0000003E: start execution ex-0000003F
22:07:10.206 [Test worker] DEBUG com.github.dockerjava.zerodep.shaded.org.apache.hc.client5.http.impl.io.PoolingHttpClientConnectionManager - ep-0000003E: executing exchange ex-0000003F over http-outgoing-2
22:07:10.206 [Test worker] DEBUG com.github.dockerjava.zerodep.shaded.org.apache.hc.client5.http.headers - http-outgoing-2 >> GET /v1.32/containers/511b2d736fd4c4da08b79110fd21fdaa756368e4971eb130f8114450b3efc085/json HTTP/1.1
22:07:10.206 [Test worker] DEBUG com.github.dockerjava.zerodep.shaded.org.apache.hc.client5.http.headers - http-outgoing-2 >> accept: application/json
22:07:10.206 [Test worker] DEBUG com.github.dockerjava.zerodep.shaded.org.apache.hc.client5.http.headers - http-outgoing-2 >> x-tc-sid: c721e8e0-dbbd-4305-a748-6be2465f786d
22:07:10.206 [Test worker] DEBUG com.github.dockerjava.zerodep.shaded.org.apache.hc.client5.http.headers - http-outgoing-2 >> Accept-Encoding: gzip, x-gzip, deflate
22:07:10.206 [Test worker] DEBUG com.github.dockerjava.zerodep.shaded.org.apache.hc.client5.http.headers - http-outgoing-2 >> Host: localhost:2375
22:07:10.206 [Test worker] DEBUG com.github.dockerjava.zerodep.shaded.org.apache.hc.client5.http.headers - http-outgoing-2 >> Connection: keep-alive
22:07:10.206 [Test worker] DEBUG com.github.dockerjava.zerodep.shaded.org.apache.hc.client5.http.headers - http-outgoing-2 >> User-Agent: Apache-HttpClient/5.0.3 (Java/17.0.2)
22:07:10.206 [Test worker] DEBUG com.github.dockerjava.zerodep.shaded.org.apache.hc.client5.http.wire - http-outgoing-2 >> "GET /v1.32/containers/511b2d736fd4c4da08b79110fd21fdaa756368e4971eb130f8114450b3efc085/json HTTP/1.1[\r][\n]"
22:07:10.206 [Test worker] DEBUG com.github.dockerjava.zerodep.shaded.org.apache.hc.client5.http.wire - http-outgoing-2 >> "accept: application/json[\r][\n]"
22:07:10.206 [Test worker] DEBUG com.github.dockerjava.zerodep.shaded.org.apache.hc.client5.http.wire - http-outgoing-2 >> "x-tc-sid: c721e8e0-dbbd-4305-a748-6be2465f786d[\r][\n]"
22:07:10.206 [Test worker] DEBUG com.github.dockerjava.zerodep.shaded.org.apache.hc.client5.http.wire - http-outgoing-2 >> "Accept-Encoding: gzip, x-gzip, deflate[\r][\n]"
22:07:10.206 [Test worker] DEBUG com.github.dockerjava.zerodep.shaded.org.apache.hc.client5.http.wire - http-outgoing-2 >> "Host: localhost:2375[\r][\n]"
22:07:10.206 [Test worker] DEBUG com.github.dockerjava.zerodep.shaded.org.apache.hc.client5.http.wire - http-outgoing-2 >> "Connection: keep-alive[\r][\n]"
22:07:10.206 [Test worker] DEBUG com.github.dockerjava.zerodep.shaded.org.apache.hc.client5.http.wire - http-outgoing-2 >> "User-Agent: Apache-HttpClient/5.0.3 (Java/17.0.2)[\r][\n]"
22:07:10.206 [Test worker] DEBUG com.github.dockerjava.zerodep.shaded.org.apache.hc.client5.http.wire - http-outgoing-2 >> "[\r][\n]"
22:07:10.208 [Test worker] DEBUG com.github.dockerjava.zerodep.shaded.org.apache.hc.client5.http.wire - http-outgoing-2 << "HTTP/1.1 200 OK[\r][\n]"
22:07:10.208 [Test worker] DEBUG com.github.dockerjava.zerodep.shaded.org.apache.hc.client5.http.wire - http-outgoing-2 << "Api-Version: 1.41[\r][\n]"
22:07:10.208 [Test worker] DEBUG com.github.dockerjava.zerodep.shaded.org.apache.hc.client5.http.wire - http-outgoing-2 << "Content-Type: application/json[\r][\n]"
22:07:10.208 [Test worker] DEBUG com.github.dockerjava.zerodep.shaded.org.apache.hc.client5.http.wire - http-outgoing-2 << "Date: Mon, 03 Apr 2023 01:07:10 GMT[\r][\n]"
22:07:10.208 [Test worker] DEBUG com.github.dockerjava.zerodep.shaded.org.apache.hc.client5.http.wire - http-outgoing-2 << "Docker-Experimental: false[\r][\n]"
22:07:10.208 [Test worker] DEBUG com.github.dockerjava.zerodep.shaded.org.apache.hc.client5.http.wire - http-outgoing-2 << "Ostype: linux[\r][\n]"
22:07:10.208 [Test worker] DEBUG com.github.dockerjava.zerodep.shaded.org.apache.hc.client5.http.wire - http-outgoing-2 << "Server: Docker/20.10.21 (linux)[\r][\n]"
22:07:10.208 [Test worker] DEBUG com.github.dockerjava.zerodep.shaded.org.apache.hc.client5.http.wire - http-outgoing-2 << "Transfer-Encoding: chunked[\r][\n]"
22:07:10.208 [Test worker] DEBUG com.github.dockerjava.zerodep.shaded.org.apache.hc.client5.http.wire - http-outgoing-2 << "[\r][\n]"
22:07:10.208 [Test worker] DEBUG com.github.dockerjava.zerodep.shaded.org.apache.hc.client5.http.headers - http-outgoing-2 << HTTP/1.1 200 OK
22:07:10.208 [Test worker] DEBUG com.github.dockerjava.zerodep.shaded.org.apache.hc.client5.http.headers - http-outgoing-2 << Api-Version: 1.41
22:07:10.208 [Test worker] DEBUG com.github.dockerjava.zerodep.shaded.org.apache.hc.client5.http.headers - http-outgoing-2 << Content-Type: application/json
22:07:10.208 [Test worker] DEBUG com.github.dockerjava.zerodep.shaded.org.apache.hc.client5.http.headers - http-outgoing-2 << Date: Mon, 03 Apr 2023 01:07:10 GMT
22:07:10.208 [Test worker] DEBUG com.github.dockerjava.zerodep.shaded.org.apache.hc.client5.http.headers - http-outgoing-2 << Docker-Experimental: false
22:07:10.208 [Test worker] DEBUG com.github.dockerjava.zerodep.shaded.org.apache.hc.client5.http.headers - http-outgoing-2 << Ostype: linux
22:07:10.208 [Test worker] DEBUG com.github.dockerjava.zerodep.shaded.org.apache.hc.client5.http.headers - http-outgoing-2 << Server: Docker/20.10.21 (linux)
22:07:10.208 [Test worker] DEBUG com.github.dockerjava.zerodep.shaded.org.apache.hc.client5.http.headers - http-outgoing-2 << Transfer-Encoding: chunked
22:07:10.208 [Test worker] DEBUG com.github.dockerjava.zerodep.shaded.org.apache.hc.client5.http.impl.classic.MainClientExec - ex-0000003F: connection can be kept alive for 3 MINUTES
22:07:10.209 [Test worker] DEBUG com.github.dockerjava.zerodep.shaded.org.apache.hc.client5.http.wire - http-outgoing-2 << "18c0[\r][\n]"
22:07:10.209 [Test worker] DEBUG com.github.dockerjava.zerodep.shaded.org.apache.hc.client5.http.wire - http-outgoing-2 << "{"Id":"511b2d736fd4c4da08b79110fd21fdaa756368e4971eb130f8114450b3efc085","Created":"2023-04-03T01:07:04.201309337Z","Path":"docker-entrypoint.sh","Args":["mysqld"],"State":{"Status":"running","Running":true,"Paused":false,"Restarting":false,"OOMKilled":false,"Dead":false,"Pid":2724,"ExitCode":0,"Error":"","StartedAt":"2023-04-03T01:07:04.498400921Z","FinishedAt":"0001-01-01T00:00:00Z"},"Image":"sha256:c7c54c29e20dccc1aefb936c8eba8bb8b98b87a4921102aba87fde2df5810af9","ResolvConfPath":"/var/lib/docker/containers/511b2d736fd4c4da08b79110fd21fdaa756368e4971eb130f8114450b3efc085/resolv.conf","HostnamePath":"/var/lib/docker/containers/511b2d736fd4c4da08b79110fd21fdaa756368e4971eb130f8114450b3efc085/hostname","HostsPath":"/var/lib/docker/containers/511b2d736fd4c4da08b79110fd21fdaa756368e4971eb130f8114450b3efc085/hosts","LogPath":"/var/lib/docker/containers/511b2d736fd4c4da08b79110fd21fdaa756368e4971eb130f8114450b3efc085/511b2d736fd4c4da08b79110fd21fdaa756368e4971eb130f8114450b3efc085-json.log","Name":"/elastic_easley","RestartCount":0,"Driver":"overlay2","Platform":"linux","MountLabel":"","ProcessLabel":"","AppArmorProfile":"","ExecIDs":null,"HostConfig":{"Binds":[],"ContainerIDFile":"","LogConfig":{"Type":"json-file","Config":{}},"NetworkMode":"default","PortBindings":{"3306/tcp":[{"HostIp":"0.0.0.0","HostPort":"0"}]},"RestartPolicy":{"Name":"","MaximumRetryCount":0},"AutoRemove":false,"VolumeDriver":"","VolumesFrom":[],"CapAdd":null,"CapDrop":null,"CgroupnsMode":"private","Dns":null,"DnsOptions":null,"DnsSearch":null,"ExtraHosts":[],"GroupAdd":null,"IpcMode":"shareable","Cgroup":"","Links":null,"OomScoreAdj":0,"PidMode":"","Privileged":false,"PublishAllPorts":false,"ReadonlyRootfs":false,"SecurityOpt":null,"UTSMode":"","UsernsMode":"","ShmSize":67108864,"Runtime":"runc","ConsoleSize":[0,0],"Isolation":"","CpuShares":0,"Memory":0,"NanoCpus":0,"CgroupParent":"","BlkioWeight":0,"BlkioWeightDevice":null,"BlkioDeviceReadBps":null,"BlkioDeviceWriteBps":null,"BlkioDeviceReadIOps":null,"BlkioDeviceWriteIOps":null,"CpuPeriod":0,"CpuQuota":0,"CpuRealtimePeriod":0,"CpuRealtimeRuntime":0,"CpusetCpus":"","CpusetMems":"","Devices":null,"DeviceCgroupRules":null,"DeviceRequests":null,"KernelMemory":0,"KernelMemoryTCP":0,"MemoryReservation":0,"MemorySwap":0,"MemorySwappiness":null,"OomKillDisable":null,"PidsLimit":null,"Ulimits":null,"CpuCount":0,"CpuPercent":0,"IOMaximumIOps":0,"IOMaximumBandwidth":0,"MaskedPaths":["/proc/asound","/proc/acpi","/proc/kcore","/proc/keys","/proc/latency_stats","/proc/timer_list","/proc/timer_stats","/proc/sched_debug","/proc/scsi","/sys/firmware"],"ReadonlyPaths":["/proc/bus","/proc/fs","/proc/irq","/proc/sys","/proc/sysrq-trigger"]},"GraphDriver":{"Data":{"LowerDir":"/var/lib/docker/overlay2/5ada145d0e3939fe5ed2118eea99b9f10241aeee200293145c73dce66470a568-init/diff:/var/lib/docker/overlay2/1bd8849d7a296305617011f940aa5cfabbe972a513397b1b6bbc27639b6c1f30/diff:/var/lib/docker/overlay2/199d69b2fbf78af4d4c95dec4fd2f8835ab0347eb49fb20ebb2ff3b99fedd6ad/diff:/var/lib/docker/overlay2/d83c38d654989311f75b9491329846033bfb7714de76ef635380dcfad5c740d9/diff:/var/lib/docker/overlay2/08600d0aea2ab2728bebcf5d2589c640a842f53d1ba3c4a4adccb4d03b923cf6/diff:/var/lib/docker/overlay2/9ec7c63a3fb14d13ac788bbf5e282ca821edc41260b79944e5e631037d13ecda/diff:/var/lib/docker/overlay2/db601d7a1b4ea6da638db620462f0da96fa55c559d02269c9ddb09027936ed87/diff:/var/lib/docker/overlay2/a6d2bd03f942e2565f21e74cfe152c7ec836a1c2b583f0790c685b92bdcfda24/diff:/var/lib/docker/overlay2/9badd16ea2c5e2bf1fde8b579683e41137dfc46ed5449234149f199a6751cc84/diff:/var/lib/docker/overlay2/6efb85646ed12e2d1181ef4cc6f6f6732c00c15a4035fe17ebc4f075ca573c30/diff:/var/lib/docker/overlay2/895d7c0ec09144d6ed33936f4e98e11c18010f7abd708cae1ce43aec7a7f2621/diff:/var/lib/docker/overlay2/1c4ba77aa573ab6e5e5069fd15eae71b3da940bde0f97a922a227ffc8a1d1096/diff","MergedDir":"/var/lib/docker/overlay2/5ada145d0e3939fe5ed2118eea99b9f10241aeee200293145c73dce66470a568/merged","UpperDir":"/var/lib/docker/overlay2/5ada145d0e3939fe5ed2118eea99b9f10241aeee200293145c73dce66470a568/diff","WorkDir":"/var/lib/docker/overlay2/5ada145d0e3939fe5ed2118eea99b9f10241aeee200293145c73dce66470a568/work"},"Name":"overlay2"},"Mounts":[{"Type":"volume","Name":"ac6dcf572a35a68e3a3a5bdf3d1899d89919b8e0b6d7a1beb9c6b19978c4e863","Source":"/var/lib/docker/volumes/ac6dcf572a35a68e3a3a5bdf3d1899d89919b8e0b6d7a1beb9c6b19978c4e863/_data","Destination":"/var/lib/mysql","Driver":"local","Mode":"","RW":true,"Propagation":""}],"Config":{"Hostname":"511b2d736fd4","Domainname":"","User":"","AttachStdin":false,"AttachStdout":false,"AttachStderr":false,"ExposedPorts":{"3306/tcp":{},"33060/tcp":{}},"Tty":false,"OpenStdin":false,"StdinOnce":false,"Env":["MYSQL_DATABASE=adm_videos","MYSQL_PASSWORD=123456","MYSQL_ROOT_PASSWORD=123456","PATH=/usr/local/sbin:/usr/local/bin:/usr/sbin:/usr/bin:/sbin:/bin","GOSU_VERSION=1.16","MYSQL_MAJOR=8.0","MYSQL_VERSION=8.0.32-1.el8","MYSQL_SHELL_VERSION=8.0.32-1.el8"],"Cmd":["mysqld"],"Image":"mysql:latest","Volumes":{"/var/lib/mysql":{}},"WorkingDir":"","Entrypoint":["docker-entrypoint.sh"],"OnBuild":null,"Labels":{"org.testcontainers":"true","org.testcontainers.lang":"java","org.testcontainers.sessionId":"c721e8e0-dbbd-4305-a748-6be2465f786d","org.testcontainers.version":"1.17.6"}},"NetworkSettings":{"Bridge":"","SandboxID":"23a51dba07b22c8536581cd39611755923749e16a93a45ce75c5c8a4a7759981","HairpinMode":false,"LinkLocalIPv6Address":"","LinkLocalIPv6PrefixLen":0,"Ports":{"3306/tcp":[{"HostIp":"0.0.0.0","HostPort":"50897"}],"33060/tcp":null},"SandboxKey":"/var/run/docker/netns/23a51dba07b2","SecondaryIPAddresses":null,"SecondaryIPv6Addresses":null,"EndpointID":"692f30c6e93a1486104b6273bdc38b1f926e45528d0b3ff49b5fe2d91ed6b329","Gateway":"172.17.0.1","GlobalIPv6Address":"","GlobalIPv6PrefixLen":0,"IPAddress":"172.17.0.3","IPPrefixLen":16,"IPv6Gateway":"","MacAddress":"02:42:ac:11:00:03","Networks":{"bridge":{"IPAMConfig":null,"Links":null,"Aliases":null,"NetworkID":"eba6fdf7ebe51912c859fc2dc83d1407a50db03ea3c296d90f885e8af84b6e93","EndpointID":"692f30c6e93a1486104b6273bdc38b1f926e45528d0b3ff49b5fe2d91ed6b329","Gateway":"172.17.0.1","IPAddress":"172.17.0.3","IPPrefixLen":16,"IPv6Gateway":"","GlobalIPv6Address":"","GlobalIPv6PrefixLen":0,"MacAddress":"02:42:ac:11:00:03","DriverOpts":null}}}}[\n]"
22:07:10.209 [Test worker] DEBUG com.github.dockerjava.zerodep.shaded.org.apache.hc.client5.http.wire - http-outgoing-2 << "[\r][\n]"
22:07:10.210 [Test worker] DEBUG com.github.dockerjava.zerodep.shaded.org.apache.hc.client5.http.wire - http-outgoing-2 << "0[\r][\n]"
22:07:10.210 [Test worker] DEBUG com.github.dockerjava.zerodep.shaded.org.apache.hc.client5.http.wire - http-outgoing-2 << "[\r][\n]"
22:07:10.210 [Test worker] DEBUG com.github.dockerjava.zerodep.shaded.org.apache.hc.client5.http.impl.classic.InternalHttpClient - ep-0000003E: releasing valid endpoint
22:07:10.210 [Test worker] DEBUG com.github.dockerjava.zerodep.shaded.org.apache.hc.client5.http.impl.io.PoolingHttpClientConnectionManager - ep-0000003E: releasing endpoint
22:07:10.210 [Test worker] DEBUG com.github.dockerjava.zerodep.shaded.org.apache.hc.client5.http.impl.io.PoolingHttpClientConnectionManager - ep-0000003E: connection http-outgoing-2 can be kept alive for 3 MINUTES
22:07:10.210 [Test worker] DEBUG com.github.dockerjava.zerodep.shaded.org.apache.hc.client5.http.impl.io.PoolingHttpClientConnectionManager - ep-0000003E: connection released [route: {}->unix://localhost:2375][total available: 1; route allocated: 1 of 2147483647; total allocated: 1 of 2147483647]
22:07:10.210 [Test worker] DEBUG ]]>&#x1f433;<![CDATA[ [mysql:latest] - Trying to create JDBC connection using com.mysql.cj.jdbc.Driver to jdbc:mysql://localhost:50897/adm_videos?useSSL=false&allowPublicKeyRetrieval=true with properties: {password=123456, user=root}
22:07:10.314 [Test worker] DEBUG org.testcontainers.shaded.com.github.dockerjava.core.command.AbstrDockerCmd - Cmd: 511b2d736fd4c4da08b79110fd21fdaa756368e4971eb130f8114450b3efc085,false
22:07:10.315 [Test worker] DEBUG org.testcontainers.shaded.com.github.dockerjava.core.exec.InspectContainerCmdExec - GET: DefaultWebTarget{path=[/containers/511b2d736fd4c4da08b79110fd21fdaa756368e4971eb130f8114450b3efc085/json], queryParams={}}
22:07:10.315 [Test worker] DEBUG com.github.dockerjava.zerodep.shaded.org.apache.hc.client5.http.impl.classic.InternalHttpClient - ex-00000040: preparing request execution
22:07:10.315 [Test worker] DEBUG com.github.dockerjava.zerodep.shaded.org.apache.hc.client5.http.protocol.RequestAddCookies - Cookie spec selected: strict
22:07:10.315 [Test worker] DEBUG com.github.dockerjava.zerodep.shaded.org.apache.hc.client5.http.protocol.RequestAuthCache - Auth cache not set in the context
22:07:10.315 [Test worker] DEBUG com.github.dockerjava.zerodep.shaded.org.apache.hc.client5.http.impl.classic.ProtocolExec - ex-00000040: target auth state: UNCHALLENGED
22:07:10.315 [Test worker] DEBUG com.github.dockerjava.zerodep.shaded.org.apache.hc.client5.http.impl.classic.ProtocolExec - ex-00000040: proxy auth state: UNCHALLENGED
22:07:10.315 [Test worker] DEBUG com.github.dockerjava.zerodep.shaded.org.apache.hc.client5.http.impl.classic.ConnectExec - ex-00000040: acquiring connection with route {}->unix://localhost:2375
22:07:10.315 [Test worker] DEBUG com.github.dockerjava.zerodep.shaded.org.apache.hc.client5.http.impl.classic.InternalHttpClient - ex-00000040: acquiring endpoint (3 MINUTES)
22:07:10.315 [Test worker] DEBUG com.github.dockerjava.zerodep.shaded.org.apache.hc.client5.http.impl.io.PoolingHttpClientConnectionManager - ex-00000040: endpoint lease request (3 MINUTES) [route: {}->unix://localhost:2375][total available: 1; route allocated: 1 of 2147483647; total allocated: 1 of 2147483647]
22:07:10.316 [Test worker] DEBUG com.github.dockerjava.zerodep.shaded.org.apache.hc.client5.http.impl.io.PoolingHttpClientConnectionManager - ex-00000040: endpoint leased [route: {}->unix://localhost:2375][total available: 0; route allocated: 1 of 2147483647; total allocated: 1 of 2147483647]
22:07:10.316 [Test worker] DEBUG com.github.dockerjava.zerodep.shaded.org.apache.hc.client5.http.impl.io.PoolingHttpClientConnectionManager - ex-00000040: acquired ep-0000003F
22:07:10.316 [Test worker] DEBUG com.github.dockerjava.zerodep.shaded.org.apache.hc.client5.http.impl.classic.InternalHttpClient - ex-00000040: acquired endpoint ep-0000003F
22:07:10.316 [Test worker] DEBUG com.github.dockerjava.zerodep.shaded.org.apache.hc.client5.http.impl.classic.MainClientExec - ex-00000040: executing GET /v1.32/containers/511b2d736fd4c4da08b79110fd21fdaa756368e4971eb130f8114450b3efc085/json HTTP/1.1
22:07:10.316 [Test worker] DEBUG com.github.dockerjava.zerodep.shaded.org.apache.hc.client5.http.impl.classic.InternalHttpClient - ep-0000003F: start execution ex-00000040
22:07:10.316 [Test worker] DEBUG com.github.dockerjava.zerodep.shaded.org.apache.hc.client5.http.impl.io.PoolingHttpClientConnectionManager - ep-0000003F: executing exchange ex-00000040 over http-outgoing-2
22:07:10.316 [Test worker] DEBUG com.github.dockerjava.zerodep.shaded.org.apache.hc.client5.http.headers - http-outgoing-2 >> GET /v1.32/containers/511b2d736fd4c4da08b79110fd21fdaa756368e4971eb130f8114450b3efc085/json HTTP/1.1
22:07:10.316 [Test worker] DEBUG com.github.dockerjava.zerodep.shaded.org.apache.hc.client5.http.headers - http-outgoing-2 >> accept: application/json
22:07:10.316 [Test worker] DEBUG com.github.dockerjava.zerodep.shaded.org.apache.hc.client5.http.headers - http-outgoing-2 >> x-tc-sid: c721e8e0-dbbd-4305-a748-6be2465f786d
22:07:10.316 [Test worker] DEBUG com.github.dockerjava.zerodep.shaded.org.apache.hc.client5.http.headers - http-outgoing-2 >> Accept-Encoding: gzip, x-gzip, deflate
22:07:10.316 [Test worker] DEBUG com.github.dockerjava.zerodep.shaded.org.apache.hc.client5.http.headers - http-outgoing-2 >> Host: localhost:2375
22:07:10.316 [Test worker] DEBUG com.github.dockerjava.zerodep.shaded.org.apache.hc.client5.http.headers - http-outgoing-2 >> Connection: keep-alive
22:07:10.316 [Test worker] DEBUG com.github.dockerjava.zerodep.shaded.org.apache.hc.client5.http.headers - http-outgoing-2 >> User-Agent: Apache-HttpClient/5.0.3 (Java/17.0.2)
22:07:10.316 [Test worker] DEBUG com.github.dockerjava.zerodep.shaded.org.apache.hc.client5.http.wire - http-outgoing-2 >> "GET /v1.32/containers/511b2d736fd4c4da08b79110fd21fdaa756368e4971eb130f8114450b3efc085/json HTTP/1.1[\r][\n]"
22:07:10.316 [Test worker] DEBUG com.github.dockerjava.zerodep.shaded.org.apache.hc.client5.http.wire - http-outgoing-2 >> "accept: application/json[\r][\n]"
22:07:10.316 [Test worker] DEBUG com.github.dockerjava.zerodep.shaded.org.apache.hc.client5.http.wire - http-outgoing-2 >> "x-tc-sid: c721e8e0-dbbd-4305-a748-6be2465f786d[\r][\n]"
22:07:10.316 [Test worker] DEBUG com.github.dockerjava.zerodep.shaded.org.apache.hc.client5.http.wire - http-outgoing-2 >> "Accept-Encoding: gzip, x-gzip, deflate[\r][\n]"
22:07:10.316 [Test worker] DEBUG com.github.dockerjava.zerodep.shaded.org.apache.hc.client5.http.wire - http-outgoing-2 >> "Host: localhost:2375[\r][\n]"
22:07:10.316 [Test worker] DEBUG com.github.dockerjava.zerodep.shaded.org.apache.hc.client5.http.wire - http-outgoing-2 >> "Connection: keep-alive[\r][\n]"
22:07:10.316 [Test worker] DEBUG com.github.dockerjava.zerodep.shaded.org.apache.hc.client5.http.wire - http-outgoing-2 >> "User-Agent: Apache-HttpClient/5.0.3 (Java/17.0.2)[\r][\n]"
22:07:10.316 [Test worker] DEBUG com.github.dockerjava.zerodep.shaded.org.apache.hc.client5.http.wire - http-outgoing-2 >> "[\r][\n]"
22:07:10.317 [Test worker] DEBUG com.github.dockerjava.zerodep.shaded.org.apache.hc.client5.http.wire - http-outgoing-2 << "HTTP/1.1 200 OK[\r][\n]"
22:07:10.317 [Test worker] DEBUG com.github.dockerjava.zerodep.shaded.org.apache.hc.client5.http.wire - http-outgoing-2 << "Api-Version: 1.41[\r][\n]"
22:07:10.317 [Test worker] DEBUG com.github.dockerjava.zerodep.shaded.org.apache.hc.client5.http.wire - http-outgoing-2 << "Content-Type: application/json[\r][\n]"
22:07:10.317 [Test worker] DEBUG com.github.dockerjava.zerodep.shaded.org.apache.hc.client5.http.wire - http-outgoing-2 << "Date: Mon, 03 Apr 2023 01:07:10 GMT[\r][\n]"
22:07:10.317 [Test worker] DEBUG com.github.dockerjava.zerodep.shaded.org.apache.hc.client5.http.wire - http-outgoing-2 << "Docker-Experimental: false[\r][\n]"
22:07:10.317 [Test worker] DEBUG com.github.dockerjava.zerodep.shaded.org.apache.hc.client5.http.wire - http-outgoing-2 << "Ostype: linux[\r][\n]"
22:07:10.317 [Test worker] DEBUG com.github.dockerjava.zerodep.shaded.org.apache.hc.client5.http.wire - http-outgoing-2 << "Server: Docker/20.10.21 (linux)[\r][\n]"
22:07:10.317 [Test worker] DEBUG com.github.dockerjava.zerodep.shaded.org.apache.hc.client5.http.wire - http-outgoing-2 << "Transfer-Encoding: chunked[\r][\n]"
22:07:10.317 [Test worker] DEBUG com.github.dockerjava.zerodep.shaded.org.apache.hc.client5.http.wire - http-outgoing-2 << "[\r][\n]"
22:07:10.317 [Test worker] DEBUG com.github.dockerjava.zerodep.shaded.org.apache.hc.client5.http.headers - http-outgoing-2 << HTTP/1.1 200 OK
22:07:10.317 [Test worker] DEBUG com.github.dockerjava.zerodep.shaded.org.apache.hc.client5.http.headers - http-outgoing-2 << Api-Version: 1.41
22:07:10.317 [Test worker] DEBUG com.github.dockerjava.zerodep.shaded.org.apache.hc.client5.http.headers - http-outgoing-2 << Content-Type: application/json
22:07:10.317 [Test worker] DEBUG com.github.dockerjava.zerodep.shaded.org.apache.hc.client5.http.headers - http-outgoing-2 << Date: Mon, 03 Apr 2023 01:07:10 GMT
22:07:10.317 [Test worker] DEBUG com.github.dockerjava.zerodep.shaded.org.apache.hc.client5.http.headers - http-outgoing-2 << Docker-Experimental: false
22:07:10.317 [Test worker] DEBUG com.github.dockerjava.zerodep.shaded.org.apache.hc.client5.http.headers - http-outgoing-2 << Ostype: linux
22:07:10.317 [Test worker] DEBUG com.github.dockerjava.zerodep.shaded.org.apache.hc.client5.http.headers - http-outgoing-2 << Server: Docker/20.10.21 (linux)
22:07:10.317 [Test worker] DEBUG com.github.dockerjava.zerodep.shaded.org.apache.hc.client5.http.headers - http-outgoing-2 << Transfer-Encoding: chunked
22:07:10.318 [Test worker] DEBUG com.github.dockerjava.zerodep.shaded.org.apache.hc.client5.http.impl.classic.MainClientExec - ex-00000040: connection can be kept alive for 3 MINUTES
22:07:10.318 [Test worker] DEBUG com.github.dockerjava.zerodep.shaded.org.apache.hc.client5.http.wire - http-outgoing-2 << "18c0[\r][\n]"
22:07:10.318 [Test worker] DEBUG com.github.dockerjava.zerodep.shaded.org.apache.hc.client5.http.wire - http-outgoing-2 << "{"Id":"511b2d736fd4c4da08b79110fd21fdaa756368e4971eb130f8114450b3efc085","Created":"2023-04-03T01:07:04.201309337Z","Path":"docker-entrypoint.sh","Args":["mysqld"],"State":{"Status":"running","Running":true,"Paused":false,"Restarting":false,"OOMKilled":false,"Dead":false,"Pid":2724,"ExitCode":0,"Error":"","StartedAt":"2023-04-03T01:07:04.498400921Z","FinishedAt":"0001-01-01T00:00:00Z"},"Image":"sha256:c7c54c29e20dccc1aefb936c8eba8bb8b98b87a4921102aba87fde2df5810af9","ResolvConfPath":"/var/lib/docker/containers/511b2d736fd4c4da08b79110fd21fdaa756368e4971eb130f8114450b3efc085/resolv.conf","HostnamePath":"/var/lib/docker/containers/511b2d736fd4c4da08b79110fd21fdaa756368e4971eb130f8114450b3efc085/hostname","HostsPath":"/var/lib/docker/containers/511b2d736fd4c4da08b79110fd21fdaa756368e4971eb130f8114450b3efc085/hosts","LogPath":"/var/lib/docker/containers/511b2d736fd4c4da08b79110fd21fdaa756368e4971eb130f8114450b3efc085/511b2d736fd4c4da08b79110fd21fdaa756368e4971eb130f8114450b3efc085-json.log","Name":"/elastic_easley","RestartCount":0,"Driver":"overlay2","Platform":"linux","MountLabel":"","ProcessLabel":"","AppArmorProfile":"","ExecIDs":null,"HostConfig":{"Binds":[],"ContainerIDFile":"","LogConfig":{"Type":"json-file","Config":{}},"NetworkMode":"default","PortBindings":{"3306/tcp":[{"HostIp":"0.0.0.0","HostPort":"0"}]},"RestartPolicy":{"Name":"","MaximumRetryCount":0},"AutoRemove":false,"VolumeDriver":"","VolumesFrom":[],"CapAdd":null,"CapDrop":null,"CgroupnsMode":"private","Dns":null,"DnsOptions":null,"DnsSearch":null,"ExtraHosts":[],"GroupAdd":null,"IpcMode":"shareable","Cgroup":"","Links":null,"OomScoreAdj":0,"PidMode":"","Privileged":false,"PublishAllPorts":false,"ReadonlyRootfs":false,"SecurityOpt":null,"UTSMode":"","UsernsMode":"","ShmSize":67108864,"Runtime":"runc","ConsoleSize":[0,0],"Isolation":"","CpuShares":0,"Memory":0,"NanoCpus":0,"CgroupParent":"","BlkioWeight":0,"BlkioWeightDevice":null,"BlkioDeviceReadBps":null,"BlkioDeviceWriteBps":null,"BlkioDeviceReadIOps":null,"BlkioDeviceWriteIOps":null,"CpuPeriod":0,"CpuQuota":0,"CpuRealtimePeriod":0,"CpuRealtimeRuntime":0,"CpusetCpus":"","CpusetMems":"","Devices":null,"DeviceCgroupRules":null,"DeviceRequests":null,"KernelMemory":0,"KernelMemoryTCP":0,"MemoryReservation":0,"MemorySwap":0,"MemorySwappiness":null,"OomKillDisable":null,"PidsLimit":null,"Ulimits":null,"CpuCount":0,"CpuPercent":0,"IOMaximumIOps":0,"IOMaximumBandwidth":0,"MaskedPaths":["/proc/asound","/proc/acpi","/proc/kcore","/proc/keys","/proc/latency_stats","/proc/timer_list","/proc/timer_stats","/proc/sched_debug","/proc/scsi","/sys/firmware"],"ReadonlyPaths":["/proc/bus","/proc/fs","/proc/irq","/proc/sys","/proc/sysrq-trigger"]},"GraphDriver":{"Data":{"LowerDir":"/var/lib/docker/overlay2/5ada145d0e3939fe5ed2118eea99b9f10241aeee200293145c73dce66470a568-init/diff:/var/lib/docker/overlay2/1bd8849d7a296305617011f940aa5cfabbe972a513397b1b6bbc27639b6c1f30/diff:/var/lib/docker/overlay2/199d69b2fbf78af4d4c95dec4fd2f8835ab0347eb49fb20ebb2ff3b99fedd6ad/diff:/var/lib/docker/overlay2/d83c38d654989311f75b9491329846033bfb7714de76ef635380dcfad5c740d9/diff:/var/lib/docker/overlay2/08600d0aea2ab2728bebcf5d2589c640a842f53d1ba3c4a4adccb4d03b923cf6/diff:/var/lib/docker/overlay2/9ec7c63a3fb14d13ac788bbf5e282ca821edc41260b79944e5e631037d13ecda/diff:/var/lib/docker/overlay2/db601d7a1b4ea6da638db620462f0da96fa55c559d02269c9ddb09027936ed87/diff:/var/lib/docker/overlay2/a6d2bd03f942e2565f21e74cfe152c7ec836a1c2b583f0790c685b92bdcfda24/diff:/var/lib/docker/overlay2/9badd16ea2c5e2bf1fde8b579683e41137dfc46ed5449234149f199a6751cc84/diff:/var/lib/docker/overlay2/6efb85646ed12e2d1181ef4cc6f6f6732c00c15a4035fe17ebc4f075ca573c30/diff:/var/lib/docker/overlay2/895d7c0ec09144d6ed33936f4e98e11c18010f7abd708cae1ce43aec7a7f2621/diff:/var/lib/docker/overlay2/1c4ba77aa573ab6e5e5069fd15eae71b3da940bde0f97a922a227ffc8a1d1096/diff","MergedDir":"/var/lib/docker/overlay2/5ada145d0e3939fe5ed2118eea99b9f10241aeee200293145c73dce66470a568/merged","UpperDir":"/var/lib/docker/overlay2/5ada145d0e3939fe5ed2118eea99b9f10241aeee200293145c73dce66470a568/diff","WorkDir":"/var/lib/docker/overlay2/5ada145d0e3939fe5ed2118eea99b9f10241aeee200293145c73dce66470a568/work"},"Name":"overlay2"},"Mounts":[{"Type":"volume","Name":"ac6dcf572a35a68e3a3a5bdf3d1899d89919b8e0b6d7a1beb9c6b19978c4e863","Source":"/var/lib/docker/volumes/ac6dcf572a35a68e3a3a5bdf3d1899d89919b8e0b6d7a1beb9c6b19978c4e863/_data","Destination":"/var/lib/mysql","Driver":"local","Mode":"","RW":true,"Propagation":""}],"Config":{"Hostname":"511b2d736fd4","Domainname":"","User":"","AttachStdin":false,"AttachStdout":false,"AttachStderr":false,"ExposedPorts":{"3306/tcp":{},"33060/tcp":{}},"Tty":false,"OpenStdin":false,"StdinOnce":false,"Env":["MYSQL_DATABASE=adm_videos","MYSQL_PASSWORD=123456","MYSQL_ROOT_PASSWORD=123456","PATH=/usr/local/sbin:/usr/local/bin:/usr/sbin:/usr/bin:/sbin:/bin","GOSU_VERSION=1.16","MYSQL_MAJOR=8.0","MYSQL_VERSION=8.0.32-1.el8","MYSQL_SHELL_VERSION=8.0.32-1.el8"],"Cmd":["mysqld"],"Image":"mysql:latest","Volumes":{"/var/lib/mysql":{}},"WorkingDir":"","Entrypoint":["docker-entrypoint.sh"],"OnBuild":null,"Labels":{"org.testcontainers":"true","org.testcontainers.lang":"java","org.testcontainers.sessionId":"c721e8e0-dbbd-4305-a748-6be2465f786d","org.testcontainers.version":"1.17.6"}},"NetworkSettings":{"Bridge":"","SandboxID":"23a51dba07b22c8536581cd39611755923749e16a93a45ce75c5c8a4a7759981","HairpinMode":false,"LinkLocalIPv6Address":"","LinkLocalIPv6PrefixLen":0,"Ports":{"3306/tcp":[{"HostIp":"0.0.0.0","HostPort":"50897"}],"33060/tcp":null},"SandboxKey":"/var/run/docker/netns/23a51dba07b2","SecondaryIPAddresses":null,"SecondaryIPv6Addresses":null,"EndpointID":"692f30c6e93a1486104b6273bdc38b1f926e45528d0b3ff49b5fe2d91ed6b329","Gateway":"172.17.0.1","GlobalIPv6Address":"","GlobalIPv6PrefixLen":0,"IPAddress":"172.17.0.3","IPPrefixLen":16,"IPv6Gateway":"","MacAddress":"02:42:ac:11:00:03","Networks":{"bridge":{"IPAMConfig":null,"Links":null,"Aliases":null,"NetworkID":"eba6fdf7ebe51912c859fc2dc83d1407a50db03ea3c296d90f885e8af84b6e93","EndpointID":"692f30c6e93a1486104b6273bdc38b1f926e45528d0b3ff49b5fe2d91ed6b329","Gateway":"172.17.0.1","IPAddress":"172.17.0.3","IPPrefixLen":16,"IPv6Gateway":"","GlobalIPv6Address":"","GlobalIPv6PrefixLen":0,"MacAddress":"02:42:ac:11:00:03","DriverOpts":null}}}}[\n]"
22:07:10.318 [Test worker] DEBUG com.github.dockerjava.zerodep.shaded.org.apache.hc.client5.http.wire - http-outgoing-2 << "[\r][\n]"
22:07:10.319 [Test worker] DEBUG com.github.dockerjava.zerodep.shaded.org.apache.hc.client5.http.wire - http-outgoing-2 << "0[\r][\n]"
22:07:10.319 [Test worker] DEBUG com.github.dockerjava.zerodep.shaded.org.apache.hc.client5.http.wire - http-outgoing-2 << "[\r][\n]"
22:07:10.319 [Test worker] DEBUG com.github.dockerjava.zerodep.shaded.org.apache.hc.client5.http.impl.classic.InternalHttpClient - ep-0000003F: releasing valid endpoint
22:07:10.319 [Test worker] DEBUG com.github.dockerjava.zerodep.shaded.org.apache.hc.client5.http.impl.io.PoolingHttpClientConnectionManager - ep-0000003F: releasing endpoint
22:07:10.319 [Test worker] DEBUG com.github.dockerjava.zerodep.shaded.org.apache.hc.client5.http.impl.io.PoolingHttpClientConnectionManager - ep-0000003F: connection http-outgoing-2 can be kept alive for 3 MINUTES
22:07:10.319 [Test worker] DEBUG com.github.dockerjava.zerodep.shaded.org.apache.hc.client5.http.impl.io.PoolingHttpClientConnectionManager - ep-0000003F: connection released [route: {}->unix://localhost:2375][total available: 1; route allocated: 1 of 2147483647; total allocated: 1 of 2147483647]
22:07:10.319 [Test worker] DEBUG ]]>&#x1f433;<![CDATA[ [mysql:latest] - Trying to create JDBC connection using com.mysql.cj.jdbc.Driver to jdbc:mysql://localhost:50897/adm_videos?useSSL=false&allowPublicKeyRetrieval=true with properties: {password=123456, user=root}
22:07:10.426 [Test worker] DEBUG org.testcontainers.shaded.com.github.dockerjava.core.command.AbstrDockerCmd - Cmd: 511b2d736fd4c4da08b79110fd21fdaa756368e4971eb130f8114450b3efc085,false
22:07:10.427 [Test worker] DEBUG org.testcontainers.shaded.com.github.dockerjava.core.exec.InspectContainerCmdExec - GET: DefaultWebTarget{path=[/containers/511b2d736fd4c4da08b79110fd21fdaa756368e4971eb130f8114450b3efc085/json], queryParams={}}
22:07:10.427 [Test worker] DEBUG com.github.dockerjava.zerodep.shaded.org.apache.hc.client5.http.impl.classic.InternalHttpClient - ex-00000041: preparing request execution
22:07:10.427 [Test worker] DEBUG com.github.dockerjava.zerodep.shaded.org.apache.hc.client5.http.protocol.RequestAddCookies - Cookie spec selected: strict
22:07:10.427 [Test worker] DEBUG com.github.dockerjava.zerodep.shaded.org.apache.hc.client5.http.protocol.RequestAuthCache - Auth cache not set in the context
22:07:10.427 [Test worker] DEBUG com.github.dockerjava.zerodep.shaded.org.apache.hc.client5.http.impl.classic.ProtocolExec - ex-00000041: target auth state: UNCHALLENGED
22:07:10.427 [Test worker] DEBUG com.github.dockerjava.zerodep.shaded.org.apache.hc.client5.http.impl.classic.ProtocolExec - ex-00000041: proxy auth state: UNCHALLENGED
22:07:10.427 [Test worker] DEBUG com.github.dockerjava.zerodep.shaded.org.apache.hc.client5.http.impl.classic.ConnectExec - ex-00000041: acquiring connection with route {}->unix://localhost:2375
22:07:10.427 [Test worker] DEBUG com.github.dockerjava.zerodep.shaded.org.apache.hc.client5.http.impl.classic.InternalHttpClient - ex-00000041: acquiring endpoint (3 MINUTES)
22:07:10.428 [Test worker] DEBUG com.github.dockerjava.zerodep.shaded.org.apache.hc.client5.http.impl.io.PoolingHttpClientConnectionManager - ex-00000041: endpoint lease request (3 MINUTES) [route: {}->unix://localhost:2375][total available: 1; route allocated: 1 of 2147483647; total allocated: 1 of 2147483647]
22:07:10.428 [Test worker] DEBUG com.github.dockerjava.zerodep.shaded.org.apache.hc.client5.http.impl.io.PoolingHttpClientConnectionManager - ex-00000041: endpoint leased [route: {}->unix://localhost:2375][total available: 0; route allocated: 1 of 2147483647; total allocated: 1 of 2147483647]
22:07:10.428 [Test worker] DEBUG com.github.dockerjava.zerodep.shaded.org.apache.hc.client5.http.impl.io.PoolingHttpClientConnectionManager - ex-00000041: acquired ep-00000040
22:07:10.428 [Test worker] DEBUG com.github.dockerjava.zerodep.shaded.org.apache.hc.client5.http.impl.classic.InternalHttpClient - ex-00000041: acquired endpoint ep-00000040
22:07:10.428 [Test worker] DEBUG com.github.dockerjava.zerodep.shaded.org.apache.hc.client5.http.impl.classic.MainClientExec - ex-00000041: executing GET /v1.32/containers/511b2d736fd4c4da08b79110fd21fdaa756368e4971eb130f8114450b3efc085/json HTTP/1.1
22:07:10.428 [Test worker] DEBUG com.github.dockerjava.zerodep.shaded.org.apache.hc.client5.http.impl.classic.InternalHttpClient - ep-00000040: start execution ex-00000041
22:07:10.428 [Test worker] DEBUG com.github.dockerjava.zerodep.shaded.org.apache.hc.client5.http.impl.io.PoolingHttpClientConnectionManager - ep-00000040: executing exchange ex-00000041 over http-outgoing-2
22:07:10.429 [Test worker] DEBUG com.github.dockerjava.zerodep.shaded.org.apache.hc.client5.http.headers - http-outgoing-2 >> GET /v1.32/containers/511b2d736fd4c4da08b79110fd21fdaa756368e4971eb130f8114450b3efc085/json HTTP/1.1
22:07:10.429 [Test worker] DEBUG com.github.dockerjava.zerodep.shaded.org.apache.hc.client5.http.headers - http-outgoing-2 >> accept: application/json
22:07:10.429 [Test worker] DEBUG com.github.dockerjava.zerodep.shaded.org.apache.hc.client5.http.headers - http-outgoing-2 >> x-tc-sid: c721e8e0-dbbd-4305-a748-6be2465f786d
22:07:10.429 [Test worker] DEBUG com.github.dockerjava.zerodep.shaded.org.apache.hc.client5.http.headers - http-outgoing-2 >> Accept-Encoding: gzip, x-gzip, deflate
22:07:10.429 [Test worker] DEBUG com.github.dockerjava.zerodep.shaded.org.apache.hc.client5.http.headers - http-outgoing-2 >> Host: localhost:2375
22:07:10.429 [Test worker] DEBUG com.github.dockerjava.zerodep.shaded.org.apache.hc.client5.http.headers - http-outgoing-2 >> Connection: keep-alive
22:07:10.429 [Test worker] DEBUG com.github.dockerjava.zerodep.shaded.org.apache.hc.client5.http.headers - http-outgoing-2 >> User-Agent: Apache-HttpClient/5.0.3 (Java/17.0.2)
22:07:10.429 [Test worker] DEBUG com.github.dockerjava.zerodep.shaded.org.apache.hc.client5.http.wire - http-outgoing-2 >> "GET /v1.32/containers/511b2d736fd4c4da08b79110fd21fdaa756368e4971eb130f8114450b3efc085/json HTTP/1.1[\r][\n]"
22:07:10.429 [Test worker] DEBUG com.github.dockerjava.zerodep.shaded.org.apache.hc.client5.http.wire - http-outgoing-2 >> "accept: application/json[\r][\n]"
22:07:10.429 [Test worker] DEBUG com.github.dockerjava.zerodep.shaded.org.apache.hc.client5.http.wire - http-outgoing-2 >> "x-tc-sid: c721e8e0-dbbd-4305-a748-6be2465f786d[\r][\n]"
22:07:10.429 [Test worker] DEBUG com.github.dockerjava.zerodep.shaded.org.apache.hc.client5.http.wire - http-outgoing-2 >> "Accept-Encoding: gzip, x-gzip, deflate[\r][\n]"
22:07:10.429 [Test worker] DEBUG com.github.dockerjava.zerodep.shaded.org.apache.hc.client5.http.wire - http-outgoing-2 >> "Host: localhost:2375[\r][\n]"
22:07:10.429 [Test worker] DEBUG com.github.dockerjava.zerodep.shaded.org.apache.hc.client5.http.wire - http-outgoing-2 >> "Connection: keep-alive[\r][\n]"
22:07:10.429 [Test worker] DEBUG com.github.dockerjava.zerodep.shaded.org.apache.hc.client5.http.wire - http-outgoing-2 >> "User-Agent: Apache-HttpClient/5.0.3 (Java/17.0.2)[\r][\n]"
22:07:10.429 [Test worker] DEBUG com.github.dockerjava.zerodep.shaded.org.apache.hc.client5.http.wire - http-outgoing-2 >> "[\r][\n]"
22:07:10.430 [Test worker] DEBUG com.github.dockerjava.zerodep.shaded.org.apache.hc.client5.http.wire - http-outgoing-2 << "HTTP/1.1 200 OK[\r][\n]"
22:07:10.430 [Test worker] DEBUG com.github.dockerjava.zerodep.shaded.org.apache.hc.client5.http.wire - http-outgoing-2 << "Api-Version: 1.41[\r][\n]"
22:07:10.430 [Test worker] DEBUG com.github.dockerjava.zerodep.shaded.org.apache.hc.client5.http.wire - http-outgoing-2 << "Content-Type: application/json[\r][\n]"
22:07:10.430 [Test worker] DEBUG com.github.dockerjava.zerodep.shaded.org.apache.hc.client5.http.wire - http-outgoing-2 << "Date: Mon, 03 Apr 2023 01:07:10 GMT[\r][\n]"
22:07:10.430 [Test worker] DEBUG com.github.dockerjava.zerodep.shaded.org.apache.hc.client5.http.wire - http-outgoing-2 << "Docker-Experimental: false[\r][\n]"
22:07:10.430 [Test worker] DEBUG com.github.dockerjava.zerodep.shaded.org.apache.hc.client5.http.wire - http-outgoing-2 << "Ostype: linux[\r][\n]"
22:07:10.431 [Test worker] DEBUG com.github.dockerjava.zerodep.shaded.org.apache.hc.client5.http.wire - http-outgoing-2 << "Server: Docker/20.10.21 (linux)[\r][\n]"
22:07:10.431 [Test worker] DEBUG com.github.dockerjava.zerodep.shaded.org.apache.hc.client5.http.wire - http-outgoing-2 << "Transfer-Encoding: chunked[\r][\n]"
22:07:10.431 [Test worker] DEBUG com.github.dockerjava.zerodep.shaded.org.apache.hc.client5.http.wire - http-outgoing-2 << "[\r][\n]"
22:07:10.431 [Test worker] DEBUG com.github.dockerjava.zerodep.shaded.org.apache.hc.client5.http.headers - http-outgoing-2 << HTTP/1.1 200 OK
22:07:10.431 [Test worker] DEBUG com.github.dockerjava.zerodep.shaded.org.apache.hc.client5.http.headers - http-outgoing-2 << Api-Version: 1.41
22:07:10.431 [Test worker] DEBUG com.github.dockerjava.zerodep.shaded.org.apache.hc.client5.http.headers - http-outgoing-2 << Content-Type: application/json
22:07:10.431 [Test worker] DEBUG com.github.dockerjava.zerodep.shaded.org.apache.hc.client5.http.headers - http-outgoing-2 << Date: Mon, 03 Apr 2023 01:07:10 GMT
22:07:10.431 [Test worker] DEBUG com.github.dockerjava.zerodep.shaded.org.apache.hc.client5.http.headers - http-outgoing-2 << Docker-Experimental: false
22:07:10.431 [Test worker] DEBUG com.github.dockerjava.zerodep.shaded.org.apache.hc.client5.http.headers - http-outgoing-2 << Ostype: linux
22:07:10.431 [Test worker] DEBUG com.github.dockerjava.zerodep.shaded.org.apache.hc.client5.http.headers - http-outgoing-2 << Server: Docker/20.10.21 (linux)
22:07:10.431 [Test worker] DEBUG com.github.dockerjava.zerodep.shaded.org.apache.hc.client5.http.headers - http-outgoing-2 << Transfer-Encoding: chunked
22:07:10.431 [Test worker] DEBUG com.github.dockerjava.zerodep.shaded.org.apache.hc.client5.http.impl.classic.MainClientExec - ex-00000041: connection can be kept alive for 3 MINUTES
22:07:10.431 [Test worker] DEBUG com.github.dockerjava.zerodep.shaded.org.apache.hc.client5.http.wire - http-outgoing-2 << "18c0[\r][\n]"
22:07:10.431 [Test worker] DEBUG com.github.dockerjava.zerodep.shaded.org.apache.hc.client5.http.wire - http-outgoing-2 << "{"Id":"511b2d736fd4c4da08b79110fd21fdaa756368e4971eb130f8114450b3efc085","Created":"2023-04-03T01:07:04.201309337Z","Path":"docker-entrypoint.sh","Args":["mysqld"],"State":{"Status":"running","Running":true,"Paused":false,"Restarting":false,"OOMKilled":false,"Dead":false,"Pid":2724,"ExitCode":0,"Error":"","StartedAt":"2023-04-03T01:07:04.498400921Z","FinishedAt":"0001-01-01T00:00:00Z"},"Image":"sha256:c7c54c29e20dccc1aefb936c8eba8bb8b98b87a4921102aba87fde2df5810af9","ResolvConfPath":"/var/lib/docker/containers/511b2d736fd4c4da08b79110fd21fdaa756368e4971eb130f8114450b3efc085/resolv.conf","HostnamePath":"/var/lib/docker/containers/511b2d736fd4c4da08b79110fd21fdaa756368e4971eb130f8114450b3efc085/hostname","HostsPath":"/var/lib/docker/containers/511b2d736fd4c4da08b79110fd21fdaa756368e4971eb130f8114450b3efc085/hosts","LogPath":"/var/lib/docker/containers/511b2d736fd4c4da08b79110fd21fdaa756368e4971eb130f8114450b3efc085/511b2d736fd4c4da08b79110fd21fdaa756368e4971eb130f8114450b3efc085-json.log","Name":"/elastic_easley","RestartCount":0,"Driver":"overlay2","Platform":"linux","MountLabel":"","ProcessLabel":"","AppArmorProfile":"","ExecIDs":null,"HostConfig":{"Binds":[],"ContainerIDFile":"","LogConfig":{"Type":"json-file","Config":{}},"NetworkMode":"default","PortBindings":{"3306/tcp":[{"HostIp":"0.0.0.0","HostPort":"0"}]},"RestartPolicy":{"Name":"","MaximumRetryCount":0},"AutoRemove":false,"VolumeDriver":"","VolumesFrom":[],"CapAdd":null,"CapDrop":null,"CgroupnsMode":"private","Dns":null,"DnsOptions":null,"DnsSearch":null,"ExtraHosts":[],"GroupAdd":null,"IpcMode":"shareable","Cgroup":"","Links":null,"OomScoreAdj":0,"PidMode":"","Privileged":false,"PublishAllPorts":false,"ReadonlyRootfs":false,"SecurityOpt":null,"UTSMode":"","UsernsMode":"","ShmSize":67108864,"Runtime":"runc","ConsoleSize":[0,0],"Isolation":"","CpuShares":0,"Memory":0,"NanoCpus":0,"CgroupParent":"","BlkioWeight":0,"BlkioWeightDevice":null,"BlkioDeviceReadBps":null,"BlkioDeviceWriteBps":null,"BlkioDeviceReadIOps":null,"BlkioDeviceWriteIOps":null,"CpuPeriod":0,"CpuQuota":0,"CpuRealtimePeriod":0,"CpuRealtimeRuntime":0,"CpusetCpus":"","CpusetMems":"","Devices":null,"DeviceCgroupRules":null,"DeviceRequests":null,"KernelMemory":0,"KernelMemoryTCP":0,"MemoryReservation":0,"MemorySwap":0,"MemorySwappiness":null,"OomKillDisable":null,"PidsLimit":null,"Ulimits":null,"CpuCount":0,"CpuPercent":0,"IOMaximumIOps":0,"IOMaximumBandwidth":0,"MaskedPaths":["/proc/asound","/proc/acpi","/proc/kcore","/proc/keys","/proc/latency_stats","/proc/timer_list","/proc/timer_stats","/proc/sched_debug","/proc/scsi","/sys/firmware"],"ReadonlyPaths":["/proc/bus","/proc/fs","/proc/irq","/proc/sys","/proc/sysrq-trigger"]},"GraphDriver":{"Data":{"LowerDir":"/var/lib/docker/overlay2/5ada145d0e3939fe5ed2118eea99b9f10241aeee200293145c73dce66470a568-init/diff:/var/lib/docker/overlay2/1bd8849d7a296305617011f940aa5cfabbe972a513397b1b6bbc27639b6c1f30/diff:/var/lib/docker/overlay2/199d69b2fbf78af4d4c95dec4fd2f8835ab0347eb49fb20ebb2ff3b99fedd6ad/diff:/var/lib/docker/overlay2/d83c38d654989311f75b9491329846033bfb7714de76ef635380dcfad5c740d9/diff:/var/lib/docker/overlay2/08600d0aea2ab2728bebcf5d2589c640a842f53d1ba3c4a4adccb4d03b923cf6/diff:/var/lib/docker/overlay2/9ec7c63a3fb14d13ac788bbf5e282ca821edc41260b79944e5e631037d13ecda/diff:/var/lib/docker/overlay2/db601d7a1b4ea6da638db620462f0da96fa55c559d02269c9ddb09027936ed87/diff:/var/lib/docker/overlay2/a6d2bd03f942e2565f21e74cfe152c7ec836a1c2b583f0790c685b92bdcfda24/diff:/var/lib/docker/overlay2/9badd16ea2c5e2bf1fde8b579683e41137dfc46ed5449234149f199a6751cc84/diff:/var/lib/docker/overlay2/6efb85646ed12e2d1181ef4cc6f6f6732c00c15a4035fe17ebc4f075ca573c30/diff:/var/lib/docker/overlay2/895d7c0ec09144d6ed33936f4e98e11c18010f7abd708cae1ce43aec7a7f2621/diff:/var/lib/docker/overlay2/1c4ba77aa573ab6e5e5069fd15eae71b3da940bde0f97a922a227ffc8a1d1096/diff","MergedDir":"/var/lib/docker/overlay2/5ada145d0e3939fe5ed2118eea99b9f10241aeee200293145c73dce66470a568/merged","UpperDir":"/var/lib/docker/overlay2/5ada145d0e3939fe5ed2118eea99b9f10241aeee200293145c73dce66470a568/diff","WorkDir":"/var/lib/docker/overlay2/5ada145d0e3939fe5ed2118eea99b9f10241aeee200293145c73dce66470a568/work"},"Name":"overlay2"},"Mounts":[{"Type":"volume","Name":"ac6dcf572a35a68e3a3a5bdf3d1899d89919b8e0b6d7a1beb9c6b19978c4e863","Source":"/var/lib/docker/volumes/ac6dcf572a35a68e3a3a5bdf3d1899d89919b8e0b6d7a1beb9c6b19978c4e863/_data","Destination":"/var/lib/mysql","Driver":"local","Mode":"","RW":true,"Propagation":""}],"Config":{"Hostname":"511b2d736fd4","Domainname":"","User":"","AttachStdin":false,"AttachStdout":false,"AttachStderr":false,"ExposedPorts":{"3306/tcp":{},"33060/tcp":{}},"Tty":false,"OpenStdin":false,"StdinOnce":false,"Env":["MYSQL_DATABASE=adm_videos","MYSQL_PASSWORD=123456","MYSQL_ROOT_PASSWORD=123456","PATH=/usr/local/sbin:/usr/local/bin:/usr/sbin:/usr/bin:/sbin:/bin","GOSU_VERSION=1.16","MYSQL_MAJOR=8.0","MYSQL_VERSION=8.0.32-1.el8","MYSQL_SHELL_VERSION=8.0.32-1.el8"],"Cmd":["mysqld"],"Image":"mysql:latest","Volumes":{"/var/lib/mysql":{}},"WorkingDir":"","Entrypoint":["docker-entrypoint.sh"],"OnBuild":null,"Labels":{"org.testcontainers":"true","org.testcontainers.lang":"java","org.testcontainers.sessionId":"c721e8e0-dbbd-4305-a748-6be2465f786d","org.testcontainers.version":"1.17.6"}},"NetworkSettings":{"Bridge":"","SandboxID":"23a51dba07b22c8536581cd39611755923749e16a93a45ce75c5c8a4a7759981","HairpinMode":false,"LinkLocalIPv6Address":"","LinkLocalIPv6PrefixLen":0,"Ports":{"3306/tcp":[{"HostIp":"0.0.0.0","HostPort":"50897"}],"33060/tcp":null},"SandboxKey":"/var/run/docker/netns/23a51dba07b2","SecondaryIPAddresses":null,"SecondaryIPv6Addresses":null,"EndpointID":"692f30c6e93a1486104b6273bdc38b1f926e45528d0b3ff49b5fe2d91ed6b329","Gateway":"172.17.0.1","GlobalIPv6Address":"","GlobalIPv6PrefixLen":0,"IPAddress":"172.17.0.3","IPPrefixLen":16,"IPv6Gateway":"","MacAddress":"02:42:ac:11:00:03","Networks":{"bridge":{"IPAMConfig":null,"Links":null,"Aliases":null,"NetworkID":"eba6fdf7ebe51912c859fc2dc83d1407a50db03ea3c296d90f885e8af84b6e93","EndpointID":"692f30c6e93a1486104b6273bdc38b1f926e45528d0b3ff49b5fe2d91ed6b329","Gateway":"172.17.0.1","IPAddress":"172.17.0.3","IPPrefixLen":16,"IPv6Gateway":"","GlobalIPv6Address":"","GlobalIPv6PrefixLen":0,"MacAddress":"02:42:ac:11:00:03","DriverOpts":null}}}}[\n]"
22:07:10.440 [Test worker] DEBUG com.github.dockerjava.zerodep.shaded.org.apache.hc.client5.http.wire - http-outgoing-2 << "[\r][\n]"
22:07:10.440 [Test worker] DEBUG com.github.dockerjava.zerodep.shaded.org.apache.hc.client5.http.wire - http-outgoing-2 << "0[\r][\n]"
22:07:10.440 [Test worker] DEBUG com.github.dockerjava.zerodep.shaded.org.apache.hc.client5.http.wire - http-outgoing-2 << "[\r][\n]"
22:07:10.440 [Test worker] DEBUG com.github.dockerjava.zerodep.shaded.org.apache.hc.client5.http.impl.classic.InternalHttpClient - ep-00000040: releasing valid endpoint
22:07:10.440 [Test worker] DEBUG com.github.dockerjava.zerodep.shaded.org.apache.hc.client5.http.impl.io.PoolingHttpClientConnectionManager - ep-00000040: releasing endpoint
22:07:10.440 [Test worker] DEBUG com.github.dockerjava.zerodep.shaded.org.apache.hc.client5.http.impl.io.PoolingHttpClientConnectionManager - ep-00000040: connection http-outgoing-2 can be kept alive for 3 MINUTES
22:07:10.440 [Test worker] DEBUG com.github.dockerjava.zerodep.shaded.org.apache.hc.client5.http.impl.io.PoolingHttpClientConnectionManager - ep-00000040: connection released [route: {}->unix://localhost:2375][total available: 1; route allocated: 1 of 2147483647; total allocated: 1 of 2147483647]
22:07:10.440 [Test worker] DEBUG ]]>&#x1f433;<![CDATA[ [mysql:latest] - Trying to create JDBC connection using com.mysql.cj.jdbc.Driver to jdbc:mysql://localhost:50897/adm_videos?useSSL=false&allowPublicKeyRetrieval=true with properties: {password=123456, user=root}
22:07:10.547 [Test worker] DEBUG org.testcontainers.shaded.com.github.dockerjava.core.command.AbstrDockerCmd - Cmd: 511b2d736fd4c4da08b79110fd21fdaa756368e4971eb130f8114450b3efc085,false
22:07:10.548 [Test worker] DEBUG org.testcontainers.shaded.com.github.dockerjava.core.exec.InspectContainerCmdExec - GET: DefaultWebTarget{path=[/containers/511b2d736fd4c4da08b79110fd21fdaa756368e4971eb130f8114450b3efc085/json], queryParams={}}
22:07:10.550 [Test worker] DEBUG com.github.dockerjava.zerodep.shaded.org.apache.hc.client5.http.impl.classic.InternalHttpClient - ex-00000042: preparing request execution
22:07:10.550 [Test worker] DEBUG com.github.dockerjava.zerodep.shaded.org.apache.hc.client5.http.protocol.RequestAddCookies - Cookie spec selected: strict
22:07:10.550 [Test worker] DEBUG com.github.dockerjava.zerodep.shaded.org.apache.hc.client5.http.protocol.RequestAuthCache - Auth cache not set in the context
22:07:10.550 [Test worker] DEBUG com.github.dockerjava.zerodep.shaded.org.apache.hc.client5.http.impl.classic.ProtocolExec - ex-00000042: target auth state: UNCHALLENGED
22:07:10.550 [Test worker] DEBUG com.github.dockerjava.zerodep.shaded.org.apache.hc.client5.http.impl.classic.ProtocolExec - ex-00000042: proxy auth state: UNCHALLENGED
22:07:10.550 [Test worker] DEBUG com.github.dockerjava.zerodep.shaded.org.apache.hc.client5.http.impl.classic.ConnectExec - ex-00000042: acquiring connection with route {}->unix://localhost:2375
22:07:10.550 [Test worker] DEBUG com.github.dockerjava.zerodep.shaded.org.apache.hc.client5.http.impl.classic.InternalHttpClient - ex-00000042: acquiring endpoint (3 MINUTES)
22:07:10.550 [Test worker] DEBUG com.github.dockerjava.zerodep.shaded.org.apache.hc.client5.http.impl.io.PoolingHttpClientConnectionManager - ex-00000042: endpoint lease request (3 MINUTES) [route: {}->unix://localhost:2375][total available: 1; route allocated: 1 of 2147483647; total allocated: 1 of 2147483647]
22:07:10.551 [Test worker] DEBUG com.github.dockerjava.zerodep.shaded.org.apache.hc.client5.http.impl.io.PoolingHttpClientConnectionManager - ex-00000042: endpoint leased [route: {}->unix://localhost:2375][total available: 0; route allocated: 1 of 2147483647; total allocated: 1 of 2147483647]
22:07:10.559 [Test worker] DEBUG com.github.dockerjava.zerodep.shaded.org.apache.hc.client5.http.impl.io.PoolingHttpClientConnectionManager - ex-00000042: acquired ep-00000041
22:07:10.560 [Test worker] DEBUG com.github.dockerjava.zerodep.shaded.org.apache.hc.client5.http.impl.classic.InternalHttpClient - ex-00000042: acquired endpoint ep-00000041
22:07:10.560 [Test worker] DEBUG com.github.dockerjava.zerodep.shaded.org.apache.hc.client5.http.impl.classic.MainClientExec - ex-00000042: executing GET /v1.32/containers/511b2d736fd4c4da08b79110fd21fdaa756368e4971eb130f8114450b3efc085/json HTTP/1.1
22:07:10.560 [Test worker] DEBUG com.github.dockerjava.zerodep.shaded.org.apache.hc.client5.http.impl.classic.InternalHttpClient - ep-00000041: start execution ex-00000042
22:07:10.560 [Test worker] DEBUG com.github.dockerjava.zerodep.shaded.org.apache.hc.client5.http.impl.io.PoolingHttpClientConnectionManager - ep-00000041: executing exchange ex-00000042 over http-outgoing-2
22:07:10.561 [Test worker] DEBUG com.github.dockerjava.zerodep.shaded.org.apache.hc.client5.http.headers - http-outgoing-2 >> GET /v1.32/containers/511b2d736fd4c4da08b79110fd21fdaa756368e4971eb130f8114450b3efc085/json HTTP/1.1
22:07:10.561 [Test worker] DEBUG com.github.dockerjava.zerodep.shaded.org.apache.hc.client5.http.headers - http-outgoing-2 >> accept: application/json
22:07:10.561 [Test worker] DEBUG com.github.dockerjava.zerodep.shaded.org.apache.hc.client5.http.headers - http-outgoing-2 >> x-tc-sid: c721e8e0-dbbd-4305-a748-6be2465f786d
22:07:10.561 [Test worker] DEBUG com.github.dockerjava.zerodep.shaded.org.apache.hc.client5.http.headers - http-outgoing-2 >> Accept-Encoding: gzip, x-gzip, deflate
22:07:10.562 [Test worker] DEBUG com.github.dockerjava.zerodep.shaded.org.apache.hc.client5.http.headers - http-outgoing-2 >> Host: localhost:2375
22:07:10.563 [Test worker] DEBUG com.github.dockerjava.zerodep.shaded.org.apache.hc.client5.http.headers - http-outgoing-2 >> Connection: keep-alive
22:07:10.563 [Test worker] DEBUG com.github.dockerjava.zerodep.shaded.org.apache.hc.client5.http.headers - http-outgoing-2 >> User-Agent: Apache-HttpClient/5.0.3 (Java/17.0.2)
22:07:10.564 [Test worker] DEBUG com.github.dockerjava.zerodep.shaded.org.apache.hc.client5.http.wire - http-outgoing-2 >> "GET /v1.32/containers/511b2d736fd4c4da08b79110fd21fdaa756368e4971eb130f8114450b3efc085/json HTTP/1.1[\r][\n]"
22:07:10.564 [Test worker] DEBUG com.github.dockerjava.zerodep.shaded.org.apache.hc.client5.http.wire - http-outgoing-2 >> "accept: application/json[\r][\n]"
22:07:10.564 [Test worker] DEBUG com.github.dockerjava.zerodep.shaded.org.apache.hc.client5.http.wire - http-outgoing-2 >> "x-tc-sid: c721e8e0-dbbd-4305-a748-6be2465f786d[\r][\n]"
22:07:10.564 [Test worker] DEBUG com.github.dockerjava.zerodep.shaded.org.apache.hc.client5.http.wire - http-outgoing-2 >> "Accept-Encoding: gzip, x-gzip, deflate[\r][\n]"
22:07:10.564 [Test worker] DEBUG com.github.dockerjava.zerodep.shaded.org.apache.hc.client5.http.wire - http-outgoing-2 >> "Host: localhost:2375[\r][\n]"
22:07:10.564 [Test worker] DEBUG com.github.dockerjava.zerodep.shaded.org.apache.hc.client5.http.wire - http-outgoing-2 >> "Connection: keep-alive[\r][\n]"
22:07:10.564 [Test worker] DEBUG com.github.dockerjava.zerodep.shaded.org.apache.hc.client5.http.wire - http-outgoing-2 >> "User-Agent: Apache-HttpClient/5.0.3 (Java/17.0.2)[\r][\n]"
22:07:10.564 [Test worker] DEBUG com.github.dockerjava.zerodep.shaded.org.apache.hc.client5.http.wire - http-outgoing-2 >> "[\r][\n]"
22:07:10.598 [Test worker] DEBUG com.github.dockerjava.zerodep.shaded.org.apache.hc.client5.http.wire - http-outgoing-2 << "HTTP/1.1 200 OK[\r][\n]"
22:07:10.598 [Test worker] DEBUG com.github.dockerjava.zerodep.shaded.org.apache.hc.client5.http.wire - http-outgoing-2 << "Api-Version: 1.41[\r][\n]"
22:07:10.598 [Test worker] DEBUG com.github.dockerjava.zerodep.shaded.org.apache.hc.client5.http.wire - http-outgoing-2 << "Content-Type: application/json[\r][\n]"
22:07:10.598 [Test worker] DEBUG com.github.dockerjava.zerodep.shaded.org.apache.hc.client5.http.wire - http-outgoing-2 << "Date: Mon, 03 Apr 2023 01:07:10 GMT[\r][\n]"
22:07:10.598 [Test worker] DEBUG com.github.dockerjava.zerodep.shaded.org.apache.hc.client5.http.wire - http-outgoing-2 << "Docker-Experimental: false[\r][\n]"
22:07:10.598 [Test worker] DEBUG com.github.dockerjava.zerodep.shaded.org.apache.hc.client5.http.wire - http-outgoing-2 << "Ostype: linux[\r][\n]"
22:07:10.598 [Test worker] DEBUG com.github.dockerjava.zerodep.shaded.org.apache.hc.client5.http.wire - http-outgoing-2 << "Server: Docker/20.10.21 (linux)[\r][\n]"
22:07:10.598 [Test worker] DEBUG com.github.dockerjava.zerodep.shaded.org.apache.hc.client5.http.wire - http-outgoing-2 << "Transfer-Encoding: chunked[\r][\n]"
22:07:10.598 [Test worker] DEBUG com.github.dockerjava.zerodep.shaded.org.apache.hc.client5.http.wire - http-outgoing-2 << "[\r][\n]"
22:07:10.598 [Test worker] DEBUG com.github.dockerjava.zerodep.shaded.org.apache.hc.client5.http.headers - http-outgoing-2 << HTTP/1.1 200 OK
22:07:10.598 [Test worker] DEBUG com.github.dockerjava.zerodep.shaded.org.apache.hc.client5.http.headers - http-outgoing-2 << Api-Version: 1.41
22:07:10.598 [Test worker] DEBUG com.github.dockerjava.zerodep.shaded.org.apache.hc.client5.http.headers - http-outgoing-2 << Content-Type: application/json
22:07:10.598 [Test worker] DEBUG com.github.dockerjava.zerodep.shaded.org.apache.hc.client5.http.headers - http-outgoing-2 << Date: Mon, 03 Apr 2023 01:07:10 GMT
22:07:10.598 [Test worker] DEBUG com.github.dockerjava.zerodep.shaded.org.apache.hc.client5.http.headers - http-outgoing-2 << Docker-Experimental: false
22:07:10.598 [Test worker] DEBUG com.github.dockerjava.zerodep.shaded.org.apache.hc.client5.http.headers - http-outgoing-2 << Ostype: linux
22:07:10.598 [Test worker] DEBUG com.github.dockerjava.zerodep.shaded.org.apache.hc.client5.http.headers - http-outgoing-2 << Server: Docker/20.10.21 (linux)
22:07:10.598 [Test worker] DEBUG com.github.dockerjava.zerodep.shaded.org.apache.hc.client5.http.headers - http-outgoing-2 << Transfer-Encoding: chunked
22:07:10.598 [Test worker] DEBUG com.github.dockerjava.zerodep.shaded.org.apache.hc.client5.http.impl.classic.MainClientExec - ex-00000042: connection can be kept alive for 3 MINUTES
22:07:10.602 [Test worker] DEBUG com.github.dockerjava.zerodep.shaded.org.apache.hc.client5.http.wire - http-outgoing-2 << "18c0[\r][\n]"
22:07:10.603 [Test worker] DEBUG com.github.dockerjava.zerodep.shaded.org.apache.hc.client5.http.wire - http-outgoing-2 << "{"Id":"511b2d736fd4c4da08b79110fd21fdaa756368e4971eb130f8114450b3efc085","Created":"2023-04-03T01:07:04.201309337Z","Path":"docker-entrypoint.sh","Args":["mysqld"],"State":{"Status":"running","Running":true,"Paused":false,"Restarting":false,"OOMKilled":false,"Dead":false,"Pid":2724,"ExitCode":0,"Error":"","StartedAt":"2023-04-03T01:07:04.498400921Z","FinishedAt":"0001-01-01T00:00:00Z"},"Image":"sha256:c7c54c29e20dccc1aefb936c8eba8bb8b98b87a4921102aba87fde2df5810af9","ResolvConfPath":"/var/lib/docker/containers/511b2d736fd4c4da08b79110fd21fdaa756368e4971eb130f8114450b3efc085/resolv.conf","HostnamePath":"/var/lib/docker/containers/511b2d736fd4c4da08b79110fd21fdaa756368e4971eb130f8114450b3efc085/hostname","HostsPath":"/var/lib/docker/containers/511b2d736fd4c4da08b79110fd21fdaa756368e4971eb130f8114450b3efc085/hosts","LogPath":"/var/lib/docker/containers/511b2d736fd4c4da08b79110fd21fdaa756368e4971eb130f8114450b3efc085/511b2d736fd4c4da08b79110fd21fdaa756368e4971eb130f8114450b3efc085-json.log","Name":"/elastic_easley","RestartCount":0,"Driver":"overlay2","Platform":"linux","MountLabel":"","ProcessLabel":"","AppArmorProfile":"","ExecIDs":null,"HostConfig":{"Binds":[],"ContainerIDFile":"","LogConfig":{"Type":"json-file","Config":{}},"NetworkMode":"default","PortBindings":{"3306/tcp":[{"HostIp":"0.0.0.0","HostPort":"0"}]},"RestartPolicy":{"Name":"","MaximumRetryCount":0},"AutoRemove":false,"VolumeDriver":"","VolumesFrom":[],"CapAdd":null,"CapDrop":null,"CgroupnsMode":"private","Dns":null,"DnsOptions":null,"DnsSearch":null,"ExtraHosts":[],"GroupAdd":null,"IpcMode":"shareable","Cgroup":"","Links":null,"OomScoreAdj":0,"PidMode":"","Privileged":false,"PublishAllPorts":false,"ReadonlyRootfs":false,"SecurityOpt":null,"UTSMode":"","UsernsMode":"","ShmSize":67108864,"Runtime":"runc","ConsoleSize":[0,0],"Isolation":"","CpuShares":0,"Memory":0,"NanoCpus":0,"CgroupParent":"","BlkioWeight":0,"BlkioWeightDevice":null,"BlkioDeviceReadBps":null,"BlkioDeviceWriteBps":null,"BlkioDeviceReadIOps":null,"BlkioDeviceWriteIOps":null,"CpuPeriod":0,"CpuQuota":0,"CpuRealtimePeriod":0,"CpuRealtimeRuntime":0,"CpusetCpus":"","CpusetMems":"","Devices":null,"DeviceCgroupRules":null,"DeviceRequests":null,"KernelMemory":0,"KernelMemoryTCP":0,"MemoryReservation":0,"MemorySwap":0,"MemorySwappiness":null,"OomKillDisable":null,"PidsLimit":null,"Ulimits":null,"CpuCount":0,"CpuPercent":0,"IOMaximumIOps":0,"IOMaximumBandwidth":0,"MaskedPaths":["/proc/asound","/proc/acpi","/proc/kcore","/proc/keys","/proc/latency_stats","/proc/timer_list","/proc/timer_stats","/proc/sched_debug","/proc/scsi","/sys/firmware"],"ReadonlyPaths":["/proc/bus","/proc/fs","/proc/irq","/proc/sys","/proc/sysrq-trigger"]},"GraphDriver":{"Data":{"LowerDir":"/var/lib/docker/overlay2/5ada145d0e3939fe5ed2118eea99b9f10241aeee200293145c73dce66470a568-init/diff:/var/lib/docker/overlay2/1bd8849d7a296305617011f940aa5cfabbe972a513397b1b6bbc27639b6c1f30/diff:/var/lib/docker/overlay2/199d69b2fbf78af4d4c95dec4fd2f8835ab0347eb49fb20ebb2ff3b99fedd6ad/diff:/var/lib/docker/overlay2/d83c38d654989311f75b9491329846033bfb7714de76ef635380dcfad5c740d9/diff:/var/lib/docker/overlay2/08600d0aea2ab2728bebcf5d2589c640a842f53d1ba3c4a4adccb4d03b923cf6/diff:/var/lib/docker/overlay2/9ec7c63a3fb14d13ac788bbf5e282ca821edc41260b79944e5e631037d13ecda/diff:/var/lib/docker/overlay2/db601d7a1b4ea6da638db620462f0da96fa55c559d02269c9ddb09027936ed87/diff:/var/lib/docker/overlay2/a6d2bd03f942e2565f21e74cfe152c7ec836a1c2b583f0790c685b92bdcfda24/diff:/var/lib/docker/overlay2/9badd16ea2c5e2bf1fde8b579683e41137dfc46ed5449234149f199a6751cc84/diff:/var/lib/docker/overlay2/6efb85646ed12e2d1181ef4cc6f6f6732c00c15a4035fe17ebc4f075ca573c30/diff:/var/lib/docker/overlay2/895d7c0ec09144d6ed33936f4e98e11c18010f7abd708cae1ce43aec7a7f2621/diff:/var/lib/docker/overlay2/1c4ba77aa573ab6e5e5069fd15eae71b3da940bde0f97a922a227ffc8a1d1096/diff","MergedDir":"/var/lib/docker/overlay2/5ada145d0e3939fe5ed2118eea99b9f10241aeee200293145c73dce66470a568/merged","UpperDir":"/var/lib/docker/overlay2/5ada145d0e3939fe5ed2118eea99b9f10241aeee200293145c73dce66470a568/diff","WorkDir":"/var/lib/docker/overlay2/5ada145d0e3939fe5ed2118eea99b9f10241aeee200293145c73dce66470a568/work"},"Name":"overlay2"},"Mounts":[{"Type":"volume","Name":"ac6dcf572a35a68e3a3a5bdf3d1899d89919b8e0b6d7a1beb9c6b19978c4e863","Source":"/var/lib/docker/volumes/ac6dcf572a35a68e3a3a5bdf3d1899d89919b8e0b6d7a1beb9c6b19978c4e863/_data","Destination":"/var/lib/mysql","Driver":"local","Mode":"","RW":true,"Propagation":""}],"Config":{"Hostname":"511b2d736fd4","Domainname":"","User":"","AttachStdin":false,"AttachStdout":false,"AttachStderr":false,"ExposedPorts":{"3306/tcp":{},"33060/tcp":{}},"Tty":false,"OpenStdin":false,"StdinOnce":false,"Env":["MYSQL_DATABASE=adm_videos","MYSQL_PASSWORD=123456","MYSQL_ROOT_PASSWORD=123456","PATH=/usr/local/sbin:/usr/local/bin:/usr/sbin:/usr/bin:/sbin:/bin","GOSU_VERSION=1.16","MYSQL_MAJOR=8.0","MYSQL_VERSION=8.0.32-1.el8","MYSQL_SHELL_VERSION=8.0.32-1.el8"],"Cmd":["mysqld"],"Image":"mysql:latest","Volumes":{"/var/lib/mysql":{}},"WorkingDir":"","Entrypoint":["docker-entrypoint.sh"],"OnBuild":null,"Labels":{"org.testcontainers":"true","org.testcontainers.lang":"java","org.testcontainers.sessionId":"c721e8e0-dbbd-4305-a748-6be2465f786d","org.testcontainers.version":"1.17.6"}},"NetworkSettings":{"Bridge":"","SandboxID":"23a51dba07b22c8536581cd39611755923749e16a93a45ce75c5c8a4a7759981","HairpinMode":false,"LinkLocalIPv6Address":"","LinkLocalIPv6PrefixLen":0,"Ports":{"3306/tcp":[{"HostIp":"0.0.0.0","HostPort":"50897"}],"33060/tcp":null},"SandboxKey":"/var/run/docker/netns/23a51dba07b2","SecondaryIPAddresses":null,"SecondaryIPv6Addresses":null,"EndpointID":"692f30c6e93a1486104b6273bdc38b1f926e45528d0b3ff49b5fe2d91ed6b329","Gateway":"172.17.0.1","GlobalIPv6Address":"","GlobalIPv6PrefixLen":0,"IPAddress":"172.17.0.3","IPPrefixLen":16,"IPv6Gateway":"","MacAddress":"02:42:ac:11:00:03","Networks":{"bridge":{"IPAMConfig":null,"Links":null,"Aliases":null,"NetworkID":"eba6fdf7ebe51912c859fc2dc83d1407a50db03ea3c296d90f885e8af84b6e93","EndpointID":"692f30c6e93a1486104b6273bdc38b1f926e45528d0b3ff49b5fe2d91ed6b329","Gateway":"172.17.0.1","IPAddress":"172.17.0.3","IPPrefixLen":16,"IPv6Gateway":"","GlobalIPv6Address":"","GlobalIPv6PrefixLen":0,"MacAddress":"02:42:ac:11:00:03","DriverOpts":null}}}}[\n]"
22:07:10.603 [Test worker] DEBUG com.github.dockerjava.zerodep.shaded.org.apache.hc.client5.http.wire - http-outgoing-2 << "[\r][\n]"
22:07:10.604 [Test worker] DEBUG com.github.dockerjava.zerodep.shaded.org.apache.hc.client5.http.wire - http-outgoing-2 << "0[\r][\n]"
22:07:10.604 [Test worker] DEBUG com.github.dockerjava.zerodep.shaded.org.apache.hc.client5.http.wire - http-outgoing-2 << "[\r][\n]"
22:07:10.604 [Test worker] DEBUG com.github.dockerjava.zerodep.shaded.org.apache.hc.client5.http.impl.classic.InternalHttpClient - ep-00000041: releasing valid endpoint
22:07:10.604 [Test worker] DEBUG com.github.dockerjava.zerodep.shaded.org.apache.hc.client5.http.impl.io.PoolingHttpClientConnectionManager - ep-00000041: releasing endpoint
22:07:10.604 [Test worker] DEBUG com.github.dockerjava.zerodep.shaded.org.apache.hc.client5.http.impl.io.PoolingHttpClientConnectionManager - ep-00000041: connection http-outgoing-2 can be kept alive for 3 MINUTES
22:07:10.604 [Test worker] DEBUG com.github.dockerjava.zerodep.shaded.org.apache.hc.client5.http.impl.io.PoolingHttpClientConnectionManager - ep-00000041: connection released [route: {}->unix://localhost:2375][total available: 1; route allocated: 1 of 2147483647; total allocated: 1 of 2147483647]
22:07:10.604 [Test worker] DEBUG ]]>&#x1f433;<![CDATA[ [mysql:latest] - Trying to create JDBC connection using com.mysql.cj.jdbc.Driver to jdbc:mysql://localhost:50897/adm_videos?useSSL=false&allowPublicKeyRetrieval=true with properties: {password=123456, user=root}
22:07:10.712 [Test worker] DEBUG org.testcontainers.shaded.com.github.dockerjava.core.command.AbstrDockerCmd - Cmd: 511b2d736fd4c4da08b79110fd21fdaa756368e4971eb130f8114450b3efc085,false
22:07:10.712 [Test worker] DEBUG org.testcontainers.shaded.com.github.dockerjava.core.exec.InspectContainerCmdExec - GET: DefaultWebTarget{path=[/containers/511b2d736fd4c4da08b79110fd21fdaa756368e4971eb130f8114450b3efc085/json], queryParams={}}
22:07:10.712 [Test worker] DEBUG com.github.dockerjava.zerodep.shaded.org.apache.hc.client5.http.impl.classic.InternalHttpClient - ex-00000043: preparing request execution
22:07:10.712 [Test worker] DEBUG com.github.dockerjava.zerodep.shaded.org.apache.hc.client5.http.protocol.RequestAddCookies - Cookie spec selected: strict
22:07:10.712 [Test worker] DEBUG com.github.dockerjava.zerodep.shaded.org.apache.hc.client5.http.protocol.RequestAuthCache - Auth cache not set in the context
22:07:10.712 [Test worker] DEBUG com.github.dockerjava.zerodep.shaded.org.apache.hc.client5.http.impl.classic.ProtocolExec - ex-00000043: target auth state: UNCHALLENGED
22:07:10.712 [Test worker] DEBUG com.github.dockerjava.zerodep.shaded.org.apache.hc.client5.http.impl.classic.ProtocolExec - ex-00000043: proxy auth state: UNCHALLENGED
22:07:10.712 [Test worker] DEBUG com.github.dockerjava.zerodep.shaded.org.apache.hc.client5.http.impl.classic.ConnectExec - ex-00000043: acquiring connection with route {}->unix://localhost:2375
22:07:10.712 [Test worker] DEBUG com.github.dockerjava.zerodep.shaded.org.apache.hc.client5.http.impl.classic.InternalHttpClient - ex-00000043: acquiring endpoint (3 MINUTES)
22:07:10.712 [Test worker] DEBUG com.github.dockerjava.zerodep.shaded.org.apache.hc.client5.http.impl.io.PoolingHttpClientConnectionManager - ex-00000043: endpoint lease request (3 MINUTES) [route: {}->unix://localhost:2375][total available: 1; route allocated: 1 of 2147483647; total allocated: 1 of 2147483647]
22:07:10.712 [Test worker] DEBUG com.github.dockerjava.zerodep.shaded.org.apache.hc.client5.http.impl.io.PoolingHttpClientConnectionManager - ex-00000043: endpoint leased [route: {}->unix://localhost:2375][total available: 0; route allocated: 1 of 2147483647; total allocated: 1 of 2147483647]
22:07:10.713 [Test worker] DEBUG com.github.dockerjava.zerodep.shaded.org.apache.hc.client5.http.impl.io.PoolingHttpClientConnectionManager - ex-00000043: acquired ep-00000042
22:07:10.713 [Test worker] DEBUG com.github.dockerjava.zerodep.shaded.org.apache.hc.client5.http.impl.classic.InternalHttpClient - ex-00000043: acquired endpoint ep-00000042
22:07:10.713 [Test worker] DEBUG com.github.dockerjava.zerodep.shaded.org.apache.hc.client5.http.impl.classic.MainClientExec - ex-00000043: executing GET /v1.32/containers/511b2d736fd4c4da08b79110fd21fdaa756368e4971eb130f8114450b3efc085/json HTTP/1.1
22:07:10.713 [Test worker] DEBUG com.github.dockerjava.zerodep.shaded.org.apache.hc.client5.http.impl.classic.InternalHttpClient - ep-00000042: start execution ex-00000043
22:07:10.713 [Test worker] DEBUG com.github.dockerjava.zerodep.shaded.org.apache.hc.client5.http.impl.io.PoolingHttpClientConnectionManager - ep-00000042: executing exchange ex-00000043 over http-outgoing-2
22:07:10.713 [Test worker] DEBUG com.github.dockerjava.zerodep.shaded.org.apache.hc.client5.http.headers - http-outgoing-2 >> GET /v1.32/containers/511b2d736fd4c4da08b79110fd21fdaa756368e4971eb130f8114450b3efc085/json HTTP/1.1
22:07:10.713 [Test worker] DEBUG com.github.dockerjava.zerodep.shaded.org.apache.hc.client5.http.headers - http-outgoing-2 >> accept: application/json
22:07:10.713 [Test worker] DEBUG com.github.dockerjava.zerodep.shaded.org.apache.hc.client5.http.headers - http-outgoing-2 >> x-tc-sid: c721e8e0-dbbd-4305-a748-6be2465f786d
22:07:10.713 [Test worker] DEBUG com.github.dockerjava.zerodep.shaded.org.apache.hc.client5.http.headers - http-outgoing-2 >> Accept-Encoding: gzip, x-gzip, deflate
22:07:10.713 [Test worker] DEBUG com.github.dockerjava.zerodep.shaded.org.apache.hc.client5.http.headers - http-outgoing-2 >> Host: localhost:2375
22:07:10.713 [Test worker] DEBUG com.github.dockerjava.zerodep.shaded.org.apache.hc.client5.http.headers - http-outgoing-2 >> Connection: keep-alive
22:07:10.713 [Test worker] DEBUG com.github.dockerjava.zerodep.shaded.org.apache.hc.client5.http.headers - http-outgoing-2 >> User-Agent: Apache-HttpClient/5.0.3 (Java/17.0.2)
22:07:10.713 [Test worker] DEBUG com.github.dockerjava.zerodep.shaded.org.apache.hc.client5.http.wire - http-outgoing-2 >> "GET /v1.32/containers/511b2d736fd4c4da08b79110fd21fdaa756368e4971eb130f8114450b3efc085/json HTTP/1.1[\r][\n]"
22:07:10.713 [Test worker] DEBUG com.github.dockerjava.zerodep.shaded.org.apache.hc.client5.http.wire - http-outgoing-2 >> "accept: application/json[\r][\n]"
22:07:10.713 [Test worker] DEBUG com.github.dockerjava.zerodep.shaded.org.apache.hc.client5.http.wire - http-outgoing-2 >> "x-tc-sid: c721e8e0-dbbd-4305-a748-6be2465f786d[\r][\n]"
22:07:10.713 [Test worker] DEBUG com.github.dockerjava.zerodep.shaded.org.apache.hc.client5.http.wire - http-outgoing-2 >> "Accept-Encoding: gzip, x-gzip, deflate[\r][\n]"
22:07:10.713 [Test worker] DEBUG com.github.dockerjava.zerodep.shaded.org.apache.hc.client5.http.wire - http-outgoing-2 >> "Host: localhost:2375[\r][\n]"
22:07:10.713 [Test worker] DEBUG com.github.dockerjava.zerodep.shaded.org.apache.hc.client5.http.wire - http-outgoing-2 >> "Connection: keep-alive[\r][\n]"
22:07:10.713 [Test worker] DEBUG com.github.dockerjava.zerodep.shaded.org.apache.hc.client5.http.wire - http-outgoing-2 >> "User-Agent: Apache-HttpClient/5.0.3 (Java/17.0.2)[\r][\n]"
22:07:10.713 [Test worker] DEBUG com.github.dockerjava.zerodep.shaded.org.apache.hc.client5.http.wire - http-outgoing-2 >> "[\r][\n]"
22:07:10.715 [Test worker] DEBUG com.github.dockerjava.zerodep.shaded.org.apache.hc.client5.http.wire - http-outgoing-2 << "HTTP/1.1 200 OK[\r][\n]"
22:07:10.715 [Test worker] DEBUG com.github.dockerjava.zerodep.shaded.org.apache.hc.client5.http.wire - http-outgoing-2 << "Api-Version: 1.41[\r][\n]"
22:07:10.715 [Test worker] DEBUG com.github.dockerjava.zerodep.shaded.org.apache.hc.client5.http.wire - http-outgoing-2 << "Content-Type: application/json[\r][\n]"
22:07:10.715 [Test worker] DEBUG com.github.dockerjava.zerodep.shaded.org.apache.hc.client5.http.wire - http-outgoing-2 << "Date: Mon, 03 Apr 2023 01:07:10 GMT[\r][\n]"
22:07:10.715 [Test worker] DEBUG com.github.dockerjava.zerodep.shaded.org.apache.hc.client5.http.wire - http-outgoing-2 << "Docker-Experimental: false[\r][\n]"
22:07:10.715 [Test worker] DEBUG com.github.dockerjava.zerodep.shaded.org.apache.hc.client5.http.wire - http-outgoing-2 << "Ostype: linux[\r][\n]"
22:07:10.715 [Test worker] DEBUG com.github.dockerjava.zerodep.shaded.org.apache.hc.client5.http.wire - http-outgoing-2 << "Server: Docker/20.10.21 (linux)[\r][\n]"
22:07:10.715 [Test worker] DEBUG com.github.dockerjava.zerodep.shaded.org.apache.hc.client5.http.wire - http-outgoing-2 << "Transfer-Encoding: chunked[\r][\n]"
22:07:10.715 [Test worker] DEBUG com.github.dockerjava.zerodep.shaded.org.apache.hc.client5.http.wire - http-outgoing-2 << "[\r][\n]"
22:07:10.715 [Test worker] DEBUG com.github.dockerjava.zerodep.shaded.org.apache.hc.client5.http.headers - http-outgoing-2 << HTTP/1.1 200 OK
22:07:10.715 [Test worker] DEBUG com.github.dockerjava.zerodep.shaded.org.apache.hc.client5.http.headers - http-outgoing-2 << Api-Version: 1.41
22:07:10.715 [Test worker] DEBUG com.github.dockerjava.zerodep.shaded.org.apache.hc.client5.http.headers - http-outgoing-2 << Content-Type: application/json
22:07:10.715 [Test worker] DEBUG com.github.dockerjava.zerodep.shaded.org.apache.hc.client5.http.headers - http-outgoing-2 << Date: Mon, 03 Apr 2023 01:07:10 GMT
22:07:10.715 [Test worker] DEBUG com.github.dockerjava.zerodep.shaded.org.apache.hc.client5.http.headers - http-outgoing-2 << Docker-Experimental: false
22:07:10.715 [Test worker] DEBUG com.github.dockerjava.zerodep.shaded.org.apache.hc.client5.http.headers - http-outgoing-2 << Ostype: linux
22:07:10.715 [Test worker] DEBUG com.github.dockerjava.zerodep.shaded.org.apache.hc.client5.http.headers - http-outgoing-2 << Server: Docker/20.10.21 (linux)
22:07:10.715 [Test worker] DEBUG com.github.dockerjava.zerodep.shaded.org.apache.hc.client5.http.headers - http-outgoing-2 << Transfer-Encoding: chunked
22:07:10.715 [Test worker] DEBUG com.github.dockerjava.zerodep.shaded.org.apache.hc.client5.http.impl.classic.MainClientExec - ex-00000043: connection can be kept alive for 3 MINUTES
22:07:10.716 [Test worker] DEBUG com.github.dockerjava.zerodep.shaded.org.apache.hc.client5.http.wire - http-outgoing-2 << "18c0[\r][\n]"
22:07:10.716 [Test worker] DEBUG com.github.dockerjava.zerodep.shaded.org.apache.hc.client5.http.wire - http-outgoing-2 << "{"Id":"511b2d736fd4c4da08b79110fd21fdaa756368e4971eb130f8114450b3efc085","Created":"2023-04-03T01:07:04.201309337Z","Path":"docker-entrypoint.sh","Args":["mysqld"],"State":{"Status":"running","Running":true,"Paused":false,"Restarting":false,"OOMKilled":false,"Dead":false,"Pid":2724,"ExitCode":0,"Error":"","StartedAt":"2023-04-03T01:07:04.498400921Z","FinishedAt":"0001-01-01T00:00:00Z"},"Image":"sha256:c7c54c29e20dccc1aefb936c8eba8bb8b98b87a4921102aba87fde2df5810af9","ResolvConfPath":"/var/lib/docker/containers/511b2d736fd4c4da08b79110fd21fdaa756368e4971eb130f8114450b3efc085/resolv.conf","HostnamePath":"/var/lib/docker/containers/511b2d736fd4c4da08b79110fd21fdaa756368e4971eb130f8114450b3efc085/hostname","HostsPath":"/var/lib/docker/containers/511b2d736fd4c4da08b79110fd21fdaa756368e4971eb130f8114450b3efc085/hosts","LogPath":"/var/lib/docker/containers/511b2d736fd4c4da08b79110fd21fdaa756368e4971eb130f8114450b3efc085/511b2d736fd4c4da08b79110fd21fdaa756368e4971eb130f8114450b3efc085-json.log","Name":"/elastic_easley","RestartCount":0,"Driver":"overlay2","Platform":"linux","MountLabel":"","ProcessLabel":"","AppArmorProfile":"","ExecIDs":null,"HostConfig":{"Binds":[],"ContainerIDFile":"","LogConfig":{"Type":"json-file","Config":{}},"NetworkMode":"default","PortBindings":{"3306/tcp":[{"HostIp":"0.0.0.0","HostPort":"0"}]},"RestartPolicy":{"Name":"","MaximumRetryCount":0},"AutoRemove":false,"VolumeDriver":"","VolumesFrom":[],"CapAdd":null,"CapDrop":null,"CgroupnsMode":"private","Dns":null,"DnsOptions":null,"DnsSearch":null,"ExtraHosts":[],"GroupAdd":null,"IpcMode":"shareable","Cgroup":"","Links":null,"OomScoreAdj":0,"PidMode":"","Privileged":false,"PublishAllPorts":false,"ReadonlyRootfs":false,"SecurityOpt":null,"UTSMode":"","UsernsMode":"","ShmSize":67108864,"Runtime":"runc","ConsoleSize":[0,0],"Isolation":"","CpuShares":0,"Memory":0,"NanoCpus":0,"CgroupParent":"","BlkioWeight":0,"BlkioWeightDevice":null,"BlkioDeviceReadBps":null,"BlkioDeviceWriteBps":null,"BlkioDeviceReadIOps":null,"BlkioDeviceWriteIOps":null,"CpuPeriod":0,"CpuQuota":0,"CpuRealtimePeriod":0,"CpuRealtimeRuntime":0,"CpusetCpus":"","CpusetMems":"","Devices":null,"DeviceCgroupRules":null,"DeviceRequests":null,"KernelMemory":0,"KernelMemoryTCP":0,"MemoryReservation":0,"MemorySwap":0,"MemorySwappiness":null,"OomKillDisable":null,"PidsLimit":null,"Ulimits":null,"CpuCount":0,"CpuPercent":0,"IOMaximumIOps":0,"IOMaximumBandwidth":0,"MaskedPaths":["/proc/asound","/proc/acpi","/proc/kcore","/proc/keys","/proc/latency_stats","/proc/timer_list","/proc/timer_stats","/proc/sched_debug","/proc/scsi","/sys/firmware"],"ReadonlyPaths":["/proc/bus","/proc/fs","/proc/irq","/proc/sys","/proc/sysrq-trigger"]},"GraphDriver":{"Data":{"LowerDir":"/var/lib/docker/overlay2/5ada145d0e3939fe5ed2118eea99b9f10241aeee200293145c73dce66470a568-init/diff:/var/lib/docker/overlay2/1bd8849d7a296305617011f940aa5cfabbe972a513397b1b6bbc27639b6c1f30/diff:/var/lib/docker/overlay2/199d69b2fbf78af4d4c95dec4fd2f8835ab0347eb49fb20ebb2ff3b99fedd6ad/diff:/var/lib/docker/overlay2/d83c38d654989311f75b9491329846033bfb7714de76ef635380dcfad5c740d9/diff:/var/lib/docker/overlay2/08600d0aea2ab2728bebcf5d2589c640a842f53d1ba3c4a4adccb4d03b923cf6/diff:/var/lib/docker/overlay2/9ec7c63a3fb14d13ac788bbf5e282ca821edc41260b79944e5e631037d13ecda/diff:/var/lib/docker/overlay2/db601d7a1b4ea6da638db620462f0da96fa55c559d02269c9ddb09027936ed87/diff:/var/lib/docker/overlay2/a6d2bd03f942e2565f21e74cfe152c7ec836a1c2b583f0790c685b92bdcfda24/diff:/var/lib/docker/overlay2/9badd16ea2c5e2bf1fde8b579683e41137dfc46ed5449234149f199a6751cc84/diff:/var/lib/docker/overlay2/6efb85646ed12e2d1181ef4cc6f6f6732c00c15a4035fe17ebc4f075ca573c30/diff:/var/lib/docker/overlay2/895d7c0ec09144d6ed33936f4e98e11c18010f7abd708cae1ce43aec7a7f2621/diff:/var/lib/docker/overlay2/1c4ba77aa573ab6e5e5069fd15eae71b3da940bde0f97a922a227ffc8a1d1096/diff","MergedDir":"/var/lib/docker/overlay2/5ada145d0e3939fe5ed2118eea99b9f10241aeee200293145c73dce66470a568/merged","UpperDir":"/var/lib/docker/overlay2/5ada145d0e3939fe5ed2118eea99b9f10241aeee200293145c73dce66470a568/diff","WorkDir":"/var/lib/docker/overlay2/5ada145d0e3939fe5ed2118eea99b9f10241aeee200293145c73dce66470a568/work"},"Name":"overlay2"},"Mounts":[{"Type":"volume","Name":"ac6dcf572a35a68e3a3a5bdf3d1899d89919b8e0b6d7a1beb9c6b19978c4e863","Source":"/var/lib/docker/volumes/ac6dcf572a35a68e3a3a5bdf3d1899d89919b8e0b6d7a1beb9c6b19978c4e863/_data","Destination":"/var/lib/mysql","Driver":"local","Mode":"","RW":true,"Propagation":""}],"Config":{"Hostname":"511b2d736fd4","Domainname":"","User":"","AttachStdin":false,"AttachStdout":false,"AttachStderr":false,"ExposedPorts":{"3306/tcp":{},"33060/tcp":{}},"Tty":false,"OpenStdin":false,"StdinOnce":false,"Env":["MYSQL_DATABASE=adm_videos","MYSQL_PASSWORD=123456","MYSQL_ROOT_PASSWORD=123456","PATH=/usr/local/sbin:/usr/local/bin:/usr/sbin:/usr/bin:/sbin:/bin","GOSU_VERSION=1.16","MYSQL_MAJOR=8.0","MYSQL_VERSION=8.0.32-1.el8","MYSQL_SHELL_VERSION=8.0.32-1.el8"],"Cmd":["mysqld"],"Image":"mysql:latest","Volumes":{"/var/lib/mysql":{}},"WorkingDir":"","Entrypoint":["docker-entrypoint.sh"],"OnBuild":null,"Labels":{"org.testcontainers":"true","org.testcontainers.lang":"java","org.testcontainers.sessionId":"c721e8e0-dbbd-4305-a748-6be2465f786d","org.testcontainers.version":"1.17.6"}},"NetworkSettings":{"Bridge":"","SandboxID":"23a51dba07b22c8536581cd39611755923749e16a93a45ce75c5c8a4a7759981","HairpinMode":false,"LinkLocalIPv6Address":"","LinkLocalIPv6PrefixLen":0,"Ports":{"3306/tcp":[{"HostIp":"0.0.0.0","HostPort":"50897"}],"33060/tcp":null},"SandboxKey":"/var/run/docker/netns/23a51dba07b2","SecondaryIPAddresses":null,"SecondaryIPv6Addresses":null,"EndpointID":"692f30c6e93a1486104b6273bdc38b1f926e45528d0b3ff49b5fe2d91ed6b329","Gateway":"172.17.0.1","GlobalIPv6Address":"","GlobalIPv6PrefixLen":0,"IPAddress":"172.17.0.3","IPPrefixLen":16,"IPv6Gateway":"","MacAddress":"02:42:ac:11:00:03","Networks":{"bridge":{"IPAMConfig":null,"Links":null,"Aliases":null,"NetworkID":"eba6fdf7ebe51912c859fc2dc83d1407a50db03ea3c296d90f885e8af84b6e93","EndpointID":"692f30c6e93a1486104b6273bdc38b1f926e45528d0b3ff49b5fe2d91ed6b329","Gateway":"172.17.0.1","IPAddress":"172.17.0.3","IPPrefixLen":16,"IPv6Gateway":"","GlobalIPv6Address":"","GlobalIPv6PrefixLen":0,"MacAddress":"02:42:ac:11:00:03","DriverOpts":null}}}}[\n]"
22:07:10.716 [Test worker] DEBUG com.github.dockerjava.zerodep.shaded.org.apache.hc.client5.http.wire - http-outgoing-2 << "[\r][\n]"
22:07:10.717 [Test worker] DEBUG com.github.dockerjava.zerodep.shaded.org.apache.hc.client5.http.wire - http-outgoing-2 << "0[\r][\n]"
22:07:10.718 [Test worker] DEBUG com.github.dockerjava.zerodep.shaded.org.apache.hc.client5.http.wire - http-outgoing-2 << "[\r][\n]"
22:07:10.718 [Test worker] DEBUG com.github.dockerjava.zerodep.shaded.org.apache.hc.client5.http.impl.classic.InternalHttpClient - ep-00000042: releasing valid endpoint
22:07:10.718 [Test worker] DEBUG com.github.dockerjava.zerodep.shaded.org.apache.hc.client5.http.impl.io.PoolingHttpClientConnectionManager - ep-00000042: releasing endpoint
22:07:10.718 [Test worker] DEBUG com.github.dockerjava.zerodep.shaded.org.apache.hc.client5.http.impl.io.PoolingHttpClientConnectionManager - ep-00000042: connection http-outgoing-2 can be kept alive for 3 MINUTES
22:07:10.718 [Test worker] DEBUG com.github.dockerjava.zerodep.shaded.org.apache.hc.client5.http.impl.io.PoolingHttpClientConnectionManager - ep-00000042: connection released [route: {}->unix://localhost:2375][total available: 1; route allocated: 1 of 2147483647; total allocated: 1 of 2147483647]
22:07:10.718 [Test worker] DEBUG ]]>&#x1f433;<![CDATA[ [mysql:latest] - Trying to create JDBC connection using com.mysql.cj.jdbc.Driver to jdbc:mysql://localhost:50897/adm_videos?useSSL=false&allowPublicKeyRetrieval=true with properties: {password=123456, user=root}
22:07:10.822 [Test worker] DEBUG org.testcontainers.shaded.com.github.dockerjava.core.command.AbstrDockerCmd - Cmd: 511b2d736fd4c4da08b79110fd21fdaa756368e4971eb130f8114450b3efc085,false
22:07:10.822 [Test worker] DEBUG org.testcontainers.shaded.com.github.dockerjava.core.exec.InspectContainerCmdExec - GET: DefaultWebTarget{path=[/containers/511b2d736fd4c4da08b79110fd21fdaa756368e4971eb130f8114450b3efc085/json], queryParams={}}
22:07:10.823 [Test worker] DEBUG com.github.dockerjava.zerodep.shaded.org.apache.hc.client5.http.impl.classic.InternalHttpClient - ex-00000044: preparing request execution
22:07:10.823 [Test worker] DEBUG com.github.dockerjava.zerodep.shaded.org.apache.hc.client5.http.protocol.RequestAddCookies - Cookie spec selected: strict
22:07:10.823 [Test worker] DEBUG com.github.dockerjava.zerodep.shaded.org.apache.hc.client5.http.protocol.RequestAuthCache - Auth cache not set in the context
22:07:10.823 [Test worker] DEBUG com.github.dockerjava.zerodep.shaded.org.apache.hc.client5.http.impl.classic.ProtocolExec - ex-00000044: target auth state: UNCHALLENGED
22:07:10.823 [Test worker] DEBUG com.github.dockerjava.zerodep.shaded.org.apache.hc.client5.http.impl.classic.ProtocolExec - ex-00000044: proxy auth state: UNCHALLENGED
22:07:10.823 [Test worker] DEBUG com.github.dockerjava.zerodep.shaded.org.apache.hc.client5.http.impl.classic.ConnectExec - ex-00000044: acquiring connection with route {}->unix://localhost:2375
22:07:10.823 [Test worker] DEBUG com.github.dockerjava.zerodep.shaded.org.apache.hc.client5.http.impl.classic.InternalHttpClient - ex-00000044: acquiring endpoint (3 MINUTES)
22:07:10.823 [Test worker] DEBUG com.github.dockerjava.zerodep.shaded.org.apache.hc.client5.http.impl.io.PoolingHttpClientConnectionManager - ex-00000044: endpoint lease request (3 MINUTES) [route: {}->unix://localhost:2375][total available: 1; route allocated: 1 of 2147483647; total allocated: 1 of 2147483647]
22:07:10.823 [Test worker] DEBUG com.github.dockerjava.zerodep.shaded.org.apache.hc.client5.http.impl.io.PoolingHttpClientConnectionManager - ex-00000044: endpoint leased [route: {}->unix://localhost:2375][total available: 0; route allocated: 1 of 2147483647; total allocated: 1 of 2147483647]
22:07:10.828 [Test worker] DEBUG com.github.dockerjava.zerodep.shaded.org.apache.hc.client5.http.impl.io.PoolingHttpClientConnectionManager - ex-00000044: acquired ep-00000043
22:07:10.828 [Test worker] DEBUG com.github.dockerjava.zerodep.shaded.org.apache.hc.client5.http.impl.classic.InternalHttpClient - ex-00000044: acquired endpoint ep-00000043
22:07:10.828 [Test worker] DEBUG com.github.dockerjava.zerodep.shaded.org.apache.hc.client5.http.impl.classic.MainClientExec - ex-00000044: executing GET /v1.32/containers/511b2d736fd4c4da08b79110fd21fdaa756368e4971eb130f8114450b3efc085/json HTTP/1.1
22:07:10.828 [Test worker] DEBUG com.github.dockerjava.zerodep.shaded.org.apache.hc.client5.http.impl.classic.InternalHttpClient - ep-00000043: start execution ex-00000044
22:07:10.828 [Test worker] DEBUG com.github.dockerjava.zerodep.shaded.org.apache.hc.client5.http.impl.io.PoolingHttpClientConnectionManager - ep-00000043: executing exchange ex-00000044 over http-outgoing-2
22:07:10.828 [Test worker] DEBUG com.github.dockerjava.zerodep.shaded.org.apache.hc.client5.http.headers - http-outgoing-2 >> GET /v1.32/containers/511b2d736fd4c4da08b79110fd21fdaa756368e4971eb130f8114450b3efc085/json HTTP/1.1
22:07:10.828 [Test worker] DEBUG com.github.dockerjava.zerodep.shaded.org.apache.hc.client5.http.headers - http-outgoing-2 >> accept: application/json
22:07:10.828 [Test worker] DEBUG com.github.dockerjava.zerodep.shaded.org.apache.hc.client5.http.headers - http-outgoing-2 >> x-tc-sid: c721e8e0-dbbd-4305-a748-6be2465f786d
22:07:10.828 [Test worker] DEBUG com.github.dockerjava.zerodep.shaded.org.apache.hc.client5.http.headers - http-outgoing-2 >> Accept-Encoding: gzip, x-gzip, deflate
22:07:10.828 [Test worker] DEBUG com.github.dockerjava.zerodep.shaded.org.apache.hc.client5.http.headers - http-outgoing-2 >> Host: localhost:2375
22:07:10.828 [Test worker] DEBUG com.github.dockerjava.zerodep.shaded.org.apache.hc.client5.http.headers - http-outgoing-2 >> Connection: keep-alive
22:07:10.828 [Test worker] DEBUG com.github.dockerjava.zerodep.shaded.org.apache.hc.client5.http.headers - http-outgoing-2 >> User-Agent: Apache-HttpClient/5.0.3 (Java/17.0.2)
22:07:10.828 [Test worker] DEBUG com.github.dockerjava.zerodep.shaded.org.apache.hc.client5.http.wire - http-outgoing-2 >> "GET /v1.32/containers/511b2d736fd4c4da08b79110fd21fdaa756368e4971eb130f8114450b3efc085/json HTTP/1.1[\r][\n]"
22:07:10.828 [Test worker] DEBUG com.github.dockerjava.zerodep.shaded.org.apache.hc.client5.http.wire - http-outgoing-2 >> "accept: application/json[\r][\n]"
22:07:10.828 [Test worker] DEBUG com.github.dockerjava.zerodep.shaded.org.apache.hc.client5.http.wire - http-outgoing-2 >> "x-tc-sid: c721e8e0-dbbd-4305-a748-6be2465f786d[\r][\n]"
22:07:10.828 [Test worker] DEBUG com.github.dockerjava.zerodep.shaded.org.apache.hc.client5.http.wire - http-outgoing-2 >> "Accept-Encoding: gzip, x-gzip, deflate[\r][\n]"
22:07:10.828 [Test worker] DEBUG com.github.dockerjava.zerodep.shaded.org.apache.hc.client5.http.wire - http-outgoing-2 >> "Host: localhost:2375[\r][\n]"
22:07:10.828 [Test worker] DEBUG com.github.dockerjava.zerodep.shaded.org.apache.hc.client5.http.wire - http-outgoing-2 >> "Connection: keep-alive[\r][\n]"
22:07:10.828 [Test worker] DEBUG com.github.dockerjava.zerodep.shaded.org.apache.hc.client5.http.wire - http-outgoing-2 >> "User-Agent: Apache-HttpClient/5.0.3 (Java/17.0.2)[\r][\n]"
22:07:10.828 [Test worker] DEBUG com.github.dockerjava.zerodep.shaded.org.apache.hc.client5.http.wire - http-outgoing-2 >> "[\r][\n]"
22:07:10.830 [Test worker] DEBUG com.github.dockerjava.zerodep.shaded.org.apache.hc.client5.http.wire - http-outgoing-2 << "HTTP/1.1 200 OK[\r][\n]"
22:07:10.830 [Test worker] DEBUG com.github.dockerjava.zerodep.shaded.org.apache.hc.client5.http.wire - http-outgoing-2 << "Api-Version: 1.41[\r][\n]"
22:07:10.830 [Test worker] DEBUG com.github.dockerjava.zerodep.shaded.org.apache.hc.client5.http.wire - http-outgoing-2 << "Content-Type: application/json[\r][\n]"
22:07:10.830 [Test worker] DEBUG com.github.dockerjava.zerodep.shaded.org.apache.hc.client5.http.wire - http-outgoing-2 << "Date: Mon, 03 Apr 2023 01:07:10 GMT[\r][\n]"
22:07:10.830 [Test worker] DEBUG com.github.dockerjava.zerodep.shaded.org.apache.hc.client5.http.wire - http-outgoing-2 << "Docker-Experimental: false[\r][\n]"
22:07:10.830 [Test worker] DEBUG com.github.dockerjava.zerodep.shaded.org.apache.hc.client5.http.wire - http-outgoing-2 << "Ostype: linux[\r][\n]"
22:07:10.830 [Test worker] DEBUG com.github.dockerjava.zerodep.shaded.org.apache.hc.client5.http.wire - http-outgoing-2 << "Server: Docker/20.10.21 (linux)[\r][\n]"
22:07:10.830 [Test worker] DEBUG com.github.dockerjava.zerodep.shaded.org.apache.hc.client5.http.wire - http-outgoing-2 << "Transfer-Encoding: chunked[\r][\n]"
22:07:10.830 [Test worker] DEBUG com.github.dockerjava.zerodep.shaded.org.apache.hc.client5.http.wire - http-outgoing-2 << "[\r][\n]"
22:07:10.830 [Test worker] DEBUG com.github.dockerjava.zerodep.shaded.org.apache.hc.client5.http.headers - http-outgoing-2 << HTTP/1.1 200 OK
22:07:10.830 [Test worker] DEBUG com.github.dockerjava.zerodep.shaded.org.apache.hc.client5.http.headers - http-outgoing-2 << Api-Version: 1.41
22:07:10.830 [Test worker] DEBUG com.github.dockerjava.zerodep.shaded.org.apache.hc.client5.http.headers - http-outgoing-2 << Content-Type: application/json
22:07:10.830 [Test worker] DEBUG com.github.dockerjava.zerodep.shaded.org.apache.hc.client5.http.headers - http-outgoing-2 << Date: Mon, 03 Apr 2023 01:07:10 GMT
22:07:10.830 [Test worker] DEBUG com.github.dockerjava.zerodep.shaded.org.apache.hc.client5.http.headers - http-outgoing-2 << Docker-Experimental: false
22:07:10.830 [Test worker] DEBUG com.github.dockerjava.zerodep.shaded.org.apache.hc.client5.http.headers - http-outgoing-2 << Ostype: linux
22:07:10.830 [Test worker] DEBUG com.github.dockerjava.zerodep.shaded.org.apache.hc.client5.http.headers - http-outgoing-2 << Server: Docker/20.10.21 (linux)
22:07:10.830 [Test worker] DEBUG com.github.dockerjava.zerodep.shaded.org.apache.hc.client5.http.headers - http-outgoing-2 << Transfer-Encoding: chunked
22:07:10.830 [Test worker] DEBUG com.github.dockerjava.zerodep.shaded.org.apache.hc.client5.http.impl.classic.MainClientExec - ex-00000044: connection can be kept alive for 3 MINUTES
22:07:10.831 [Test worker] DEBUG com.github.dockerjava.zerodep.shaded.org.apache.hc.client5.http.wire - http-outgoing-2 << "18c0[\r][\n]"
22:07:10.831 [Test worker] DEBUG com.github.dockerjava.zerodep.shaded.org.apache.hc.client5.http.wire - http-outgoing-2 << "{"Id":"511b2d736fd4c4da08b79110fd21fdaa756368e4971eb130f8114450b3efc085","Created":"2023-04-03T01:07:04.201309337Z","Path":"docker-entrypoint.sh","Args":["mysqld"],"State":{"Status":"running","Running":true,"Paused":false,"Restarting":false,"OOMKilled":false,"Dead":false,"Pid":2724,"ExitCode":0,"Error":"","StartedAt":"2023-04-03T01:07:04.498400921Z","FinishedAt":"0001-01-01T00:00:00Z"},"Image":"sha256:c7c54c29e20dccc1aefb936c8eba8bb8b98b87a4921102aba87fde2df5810af9","ResolvConfPath":"/var/lib/docker/containers/511b2d736fd4c4da08b79110fd21fdaa756368e4971eb130f8114450b3efc085/resolv.conf","HostnamePath":"/var/lib/docker/containers/511b2d736fd4c4da08b79110fd21fdaa756368e4971eb130f8114450b3efc085/hostname","HostsPath":"/var/lib/docker/containers/511b2d736fd4c4da08b79110fd21fdaa756368e4971eb130f8114450b3efc085/hosts","LogPath":"/var/lib/docker/containers/511b2d736fd4c4da08b79110fd21fdaa756368e4971eb130f8114450b3efc085/511b2d736fd4c4da08b79110fd21fdaa756368e4971eb130f8114450b3efc085-json.log","Name":"/elastic_easley","RestartCount":0,"Driver":"overlay2","Platform":"linux","MountLabel":"","ProcessLabel":"","AppArmorProfile":"","ExecIDs":null,"HostConfig":{"Binds":[],"ContainerIDFile":"","LogConfig":{"Type":"json-file","Config":{}},"NetworkMode":"default","PortBindings":{"3306/tcp":[{"HostIp":"0.0.0.0","HostPort":"0"}]},"RestartPolicy":{"Name":"","MaximumRetryCount":0},"AutoRemove":false,"VolumeDriver":"","VolumesFrom":[],"CapAdd":null,"CapDrop":null,"CgroupnsMode":"private","Dns":null,"DnsOptions":null,"DnsSearch":null,"ExtraHosts":[],"GroupAdd":null,"IpcMode":"shareable","Cgroup":"","Links":null,"OomScoreAdj":0,"PidMode":"","Privileged":false,"PublishAllPorts":false,"ReadonlyRootfs":false,"SecurityOpt":null,"UTSMode":"","UsernsMode":"","ShmSize":67108864,"Runtime":"runc","ConsoleSize":[0,0],"Isolation":"","CpuShares":0,"Memory":0,"NanoCpus":0,"CgroupParent":"","BlkioWeight":0,"BlkioWeightDevice":null,"BlkioDeviceReadBps":null,"BlkioDeviceWriteBps":null,"BlkioDeviceReadIOps":null,"BlkioDeviceWriteIOps":null,"CpuPeriod":0,"CpuQuota":0,"CpuRealtimePeriod":0,"CpuRealtimeRuntime":0,"CpusetCpus":"","CpusetMems":"","Devices":null,"DeviceCgroupRules":null,"DeviceRequests":null,"KernelMemory":0,"KernelMemoryTCP":0,"MemoryReservation":0,"MemorySwap":0,"MemorySwappiness":null,"OomKillDisable":null,"PidsLimit":null,"Ulimits":null,"CpuCount":0,"CpuPercent":0,"IOMaximumIOps":0,"IOMaximumBandwidth":0,"MaskedPaths":["/proc/asound","/proc/acpi","/proc/kcore","/proc/keys","/proc/latency_stats","/proc/timer_list","/proc/timer_stats","/proc/sched_debug","/proc/scsi","/sys/firmware"],"ReadonlyPaths":["/proc/bus","/proc/fs","/proc/irq","/proc/sys","/proc/sysrq-trigger"]},"GraphDriver":{"Data":{"LowerDir":"/var/lib/docker/overlay2/5ada145d0e3939fe5ed2118eea99b9f10241aeee200293145c73dce66470a568-init/diff:/var/lib/docker/overlay2/1bd8849d7a296305617011f940aa5cfabbe972a513397b1b6bbc27639b6c1f30/diff:/var/lib/docker/overlay2/199d69b2fbf78af4d4c95dec4fd2f8835ab0347eb49fb20ebb2ff3b99fedd6ad/diff:/var/lib/docker/overlay2/d83c38d654989311f75b9491329846033bfb7714de76ef635380dcfad5c740d9/diff:/var/lib/docker/overlay2/08600d0aea2ab2728bebcf5d2589c640a842f53d1ba3c4a4adccb4d03b923cf6/diff:/var/lib/docker/overlay2/9ec7c63a3fb14d13ac788bbf5e282ca821edc41260b79944e5e631037d13ecda/diff:/var/lib/docker/overlay2/db601d7a1b4ea6da638db620462f0da96fa55c559d02269c9ddb09027936ed87/diff:/var/lib/docker/overlay2/a6d2bd03f942e2565f21e74cfe152c7ec836a1c2b583f0790c685b92bdcfda24/diff:/var/lib/docker/overlay2/9badd16ea2c5e2bf1fde8b579683e41137dfc46ed5449234149f199a6751cc84/diff:/var/lib/docker/overlay2/6efb85646ed12e2d1181ef4cc6f6f6732c00c15a4035fe17ebc4f075ca573c30/diff:/var/lib/docker/overlay2/895d7c0ec09144d6ed33936f4e98e11c18010f7abd708cae1ce43aec7a7f2621/diff:/var/lib/docker/overlay2/1c4ba77aa573ab6e5e5069fd15eae71b3da940bde0f97a922a227ffc8a1d1096/diff","MergedDir":"/var/lib/docker/overlay2/5ada145d0e3939fe5ed2118eea99b9f10241aeee200293145c73dce66470a568/merged","UpperDir":"/var/lib/docker/overlay2/5ada145d0e3939fe5ed2118eea99b9f10241aeee200293145c73dce66470a568/diff","WorkDir":"/var/lib/docker/overlay2/5ada145d0e3939fe5ed2118eea99b9f10241aeee200293145c73dce66470a568/work"},"Name":"overlay2"},"Mounts":[{"Type":"volume","Name":"ac6dcf572a35a68e3a3a5bdf3d1899d89919b8e0b6d7a1beb9c6b19978c4e863","Source":"/var/lib/docker/volumes/ac6dcf572a35a68e3a3a5bdf3d1899d89919b8e0b6d7a1beb9c6b19978c4e863/_data","Destination":"/var/lib/mysql","Driver":"local","Mode":"","RW":true,"Propagation":""}],"Config":{"Hostname":"511b2d736fd4","Domainname":"","User":"","AttachStdin":false,"AttachStdout":false,"AttachStderr":false,"ExposedPorts":{"3306/tcp":{},"33060/tcp":{}},"Tty":false,"OpenStdin":false,"StdinOnce":false,"Env":["MYSQL_DATABASE=adm_videos","MYSQL_PASSWORD=123456","MYSQL_ROOT_PASSWORD=123456","PATH=/usr/local/sbin:/usr/local/bin:/usr/sbin:/usr/bin:/sbin:/bin","GOSU_VERSION=1.16","MYSQL_MAJOR=8.0","MYSQL_VERSION=8.0.32-1.el8","MYSQL_SHELL_VERSION=8.0.32-1.el8"],"Cmd":["mysqld"],"Image":"mysql:latest","Volumes":{"/var/lib/mysql":{}},"WorkingDir":"","Entrypoint":["docker-entrypoint.sh"],"OnBuild":null,"Labels":{"org.testcontainers":"true","org.testcontainers.lang":"java","org.testcontainers.sessionId":"c721e8e0-dbbd-4305-a748-6be2465f786d","org.testcontainers.version":"1.17.6"}},"NetworkSettings":{"Bridge":"","SandboxID":"23a51dba07b22c8536581cd39611755923749e16a93a45ce75c5c8a4a7759981","HairpinMode":false,"LinkLocalIPv6Address":"","LinkLocalIPv6PrefixLen":0,"Ports":{"3306/tcp":[{"HostIp":"0.0.0.0","HostPort":"50897"}],"33060/tcp":null},"SandboxKey":"/var/run/docker/netns/23a51dba07b2","SecondaryIPAddresses":null,"SecondaryIPv6Addresses":null,"EndpointID":"692f30c6e93a1486104b6273bdc38b1f926e45528d0b3ff49b5fe2d91ed6b329","Gateway":"172.17.0.1","GlobalIPv6Address":"","GlobalIPv6PrefixLen":0,"IPAddress":"172.17.0.3","IPPrefixLen":16,"IPv6Gateway":"","MacAddress":"02:42:ac:11:00:03","Networks":{"bridge":{"IPAMConfig":null,"Links":null,"Aliases":null,"NetworkID":"eba6fdf7ebe51912c859fc2dc83d1407a50db03ea3c296d90f885e8af84b6e93","EndpointID":"692f30c6e93a1486104b6273bdc38b1f926e45528d0b3ff49b5fe2d91ed6b329","Gateway":"172.17.0.1","IPAddress":"172.17.0.3","IPPrefixLen":16,"IPv6Gateway":"","GlobalIPv6Address":"","GlobalIPv6PrefixLen":0,"MacAddress":"02:42:ac:11:00:03","DriverOpts":null}}}}[\n]"
22:07:10.831 [Test worker] DEBUG com.github.dockerjava.zerodep.shaded.org.apache.hc.client5.http.wire - http-outgoing-2 << "[\r][\n]"
22:07:10.831 [Test worker] DEBUG com.github.dockerjava.zerodep.shaded.org.apache.hc.client5.http.wire - http-outgoing-2 << "0[\r][\n]"
22:07:10.831 [Test worker] DEBUG com.github.dockerjava.zerodep.shaded.org.apache.hc.client5.http.wire - http-outgoing-2 << "[\r][\n]"
22:07:10.831 [Test worker] DEBUG com.github.dockerjava.zerodep.shaded.org.apache.hc.client5.http.impl.classic.InternalHttpClient - ep-00000043: releasing valid endpoint
22:07:10.831 [Test worker] DEBUG com.github.dockerjava.zerodep.shaded.org.apache.hc.client5.http.impl.io.PoolingHttpClientConnectionManager - ep-00000043: releasing endpoint
22:07:10.831 [Test worker] DEBUG com.github.dockerjava.zerodep.shaded.org.apache.hc.client5.http.impl.io.PoolingHttpClientConnectionManager - ep-00000043: connection http-outgoing-2 can be kept alive for 3 MINUTES
22:07:10.831 [Test worker] DEBUG com.github.dockerjava.zerodep.shaded.org.apache.hc.client5.http.impl.io.PoolingHttpClientConnectionManager - ep-00000043: connection released [route: {}->unix://localhost:2375][total available: 1; route allocated: 1 of 2147483647; total allocated: 1 of 2147483647]
22:07:10.831 [Test worker] DEBUG ]]>&#x1f433;<![CDATA[ [mysql:latest] - Trying to create JDBC connection using com.mysql.cj.jdbc.Driver to jdbc:mysql://localhost:50897/adm_videos?useSSL=false&allowPublicKeyRetrieval=true with properties: {password=123456, user=root}
22:07:10.933 [Test worker] DEBUG org.testcontainers.shaded.com.github.dockerjava.core.command.AbstrDockerCmd - Cmd: 511b2d736fd4c4da08b79110fd21fdaa756368e4971eb130f8114450b3efc085,false
22:07:10.934 [Test worker] DEBUG org.testcontainers.shaded.com.github.dockerjava.core.exec.InspectContainerCmdExec - GET: DefaultWebTarget{path=[/containers/511b2d736fd4c4da08b79110fd21fdaa756368e4971eb130f8114450b3efc085/json], queryParams={}}
22:07:10.934 [Test worker] DEBUG com.github.dockerjava.zerodep.shaded.org.apache.hc.client5.http.impl.classic.InternalHttpClient - ex-00000045: preparing request execution
22:07:10.934 [Test worker] DEBUG com.github.dockerjava.zerodep.shaded.org.apache.hc.client5.http.protocol.RequestAddCookies - Cookie spec selected: strict
22:07:10.934 [Test worker] DEBUG com.github.dockerjava.zerodep.shaded.org.apache.hc.client5.http.protocol.RequestAuthCache - Auth cache not set in the context
22:07:10.934 [Test worker] DEBUG com.github.dockerjava.zerodep.shaded.org.apache.hc.client5.http.impl.classic.ProtocolExec - ex-00000045: target auth state: UNCHALLENGED
22:07:10.934 [Test worker] DEBUG com.github.dockerjava.zerodep.shaded.org.apache.hc.client5.http.impl.classic.ProtocolExec - ex-00000045: proxy auth state: UNCHALLENGED
22:07:10.934 [Test worker] DEBUG com.github.dockerjava.zerodep.shaded.org.apache.hc.client5.http.impl.classic.ConnectExec - ex-00000045: acquiring connection with route {}->unix://localhost:2375
22:07:10.934 [Test worker] DEBUG com.github.dockerjava.zerodep.shaded.org.apache.hc.client5.http.impl.classic.InternalHttpClient - ex-00000045: acquiring endpoint (3 MINUTES)
22:07:10.934 [Test worker] DEBUG com.github.dockerjava.zerodep.shaded.org.apache.hc.client5.http.impl.io.PoolingHttpClientConnectionManager - ex-00000045: endpoint lease request (3 MINUTES) [route: {}->unix://localhost:2375][total available: 1; route allocated: 1 of 2147483647; total allocated: 1 of 2147483647]
22:07:10.934 [Test worker] DEBUG com.github.dockerjava.zerodep.shaded.org.apache.hc.client5.http.impl.io.PoolingHttpClientConnectionManager - ex-00000045: endpoint leased [route: {}->unix://localhost:2375][total available: 0; route allocated: 1 of 2147483647; total allocated: 1 of 2147483647]
22:07:10.934 [Test worker] DEBUG com.github.dockerjava.zerodep.shaded.org.apache.hc.client5.http.impl.io.PoolingHttpClientConnectionManager - ex-00000045: acquired ep-00000044
22:07:10.934 [Test worker] DEBUG com.github.dockerjava.zerodep.shaded.org.apache.hc.client5.http.impl.classic.InternalHttpClient - ex-00000045: acquired endpoint ep-00000044
22:07:10.934 [Test worker] DEBUG com.github.dockerjava.zerodep.shaded.org.apache.hc.client5.http.impl.classic.MainClientExec - ex-00000045: executing GET /v1.32/containers/511b2d736fd4c4da08b79110fd21fdaa756368e4971eb130f8114450b3efc085/json HTTP/1.1
22:07:10.934 [Test worker] DEBUG com.github.dockerjava.zerodep.shaded.org.apache.hc.client5.http.impl.classic.InternalHttpClient - ep-00000044: start execution ex-00000045
22:07:10.934 [Test worker] DEBUG com.github.dockerjava.zerodep.shaded.org.apache.hc.client5.http.impl.io.PoolingHttpClientConnectionManager - ep-00000044: executing exchange ex-00000045 over http-outgoing-2
22:07:10.934 [Test worker] DEBUG com.github.dockerjava.zerodep.shaded.org.apache.hc.client5.http.headers - http-outgoing-2 >> GET /v1.32/containers/511b2d736fd4c4da08b79110fd21fdaa756368e4971eb130f8114450b3efc085/json HTTP/1.1
22:07:10.934 [Test worker] DEBUG com.github.dockerjava.zerodep.shaded.org.apache.hc.client5.http.headers - http-outgoing-2 >> accept: application/json
22:07:10.934 [Test worker] DEBUG com.github.dockerjava.zerodep.shaded.org.apache.hc.client5.http.headers - http-outgoing-2 >> x-tc-sid: c721e8e0-dbbd-4305-a748-6be2465f786d
22:07:10.934 [Test worker] DEBUG com.github.dockerjava.zerodep.shaded.org.apache.hc.client5.http.headers - http-outgoing-2 >> Accept-Encoding: gzip, x-gzip, deflate
22:07:10.934 [Test worker] DEBUG com.github.dockerjava.zerodep.shaded.org.apache.hc.client5.http.headers - http-outgoing-2 >> Host: localhost:2375
22:07:10.934 [Test worker] DEBUG com.github.dockerjava.zerodep.shaded.org.apache.hc.client5.http.headers - http-outgoing-2 >> Connection: keep-alive
22:07:10.934 [Test worker] DEBUG com.github.dockerjava.zerodep.shaded.org.apache.hc.client5.http.headers - http-outgoing-2 >> User-Agent: Apache-HttpClient/5.0.3 (Java/17.0.2)
22:07:10.934 [Test worker] DEBUG com.github.dockerjava.zerodep.shaded.org.apache.hc.client5.http.wire - http-outgoing-2 >> "GET /v1.32/containers/511b2d736fd4c4da08b79110fd21fdaa756368e4971eb130f8114450b3efc085/json HTTP/1.1[\r][\n]"
22:07:10.934 [Test worker] DEBUG com.github.dockerjava.zerodep.shaded.org.apache.hc.client5.http.wire - http-outgoing-2 >> "accept: application/json[\r][\n]"
22:07:10.934 [Test worker] DEBUG com.github.dockerjava.zerodep.shaded.org.apache.hc.client5.http.wire - http-outgoing-2 >> "x-tc-sid: c721e8e0-dbbd-4305-a748-6be2465f786d[\r][\n]"
22:07:10.934 [Test worker] DEBUG com.github.dockerjava.zerodep.shaded.org.apache.hc.client5.http.wire - http-outgoing-2 >> "Accept-Encoding: gzip, x-gzip, deflate[\r][\n]"
22:07:10.934 [Test worker] DEBUG com.github.dockerjava.zerodep.shaded.org.apache.hc.client5.http.wire - http-outgoing-2 >> "Host: localhost:2375[\r][\n]"
22:07:10.934 [Test worker] DEBUG com.github.dockerjava.zerodep.shaded.org.apache.hc.client5.http.wire - http-outgoing-2 >> "Connection: keep-alive[\r][\n]"
22:07:10.934 [Test worker] DEBUG com.github.dockerjava.zerodep.shaded.org.apache.hc.client5.http.wire - http-outgoing-2 >> "User-Agent: Apache-HttpClient/5.0.3 (Java/17.0.2)[\r][\n]"
22:07:10.934 [Test worker] DEBUG com.github.dockerjava.zerodep.shaded.org.apache.hc.client5.http.wire - http-outgoing-2 >> "[\r][\n]"
22:07:10.939 [Test worker] DEBUG com.github.dockerjava.zerodep.shaded.org.apache.hc.client5.http.wire - http-outgoing-2 << "HTTP/1.1 200 OK[\r][\n]"
22:07:10.939 [Test worker] DEBUG com.github.dockerjava.zerodep.shaded.org.apache.hc.client5.http.wire - http-outgoing-2 << "Api-Version: 1.41[\r][\n]"
22:07:10.939 [Test worker] DEBUG com.github.dockerjava.zerodep.shaded.org.apache.hc.client5.http.wire - http-outgoing-2 << "Content-Type: application/json[\r][\n]"
22:07:10.939 [Test worker] DEBUG com.github.dockerjava.zerodep.shaded.org.apache.hc.client5.http.wire - http-outgoing-2 << "Date: Mon, 03 Apr 2023 01:07:10 GMT[\r][\n]"
22:07:10.939 [Test worker] DEBUG com.github.dockerjava.zerodep.shaded.org.apache.hc.client5.http.wire - http-outgoing-2 << "Docker-Experimental: false[\r][\n]"
22:07:10.939 [Test worker] DEBUG com.github.dockerjava.zerodep.shaded.org.apache.hc.client5.http.wire - http-outgoing-2 << "Ostype: linux[\r][\n]"
22:07:10.939 [Test worker] DEBUG com.github.dockerjava.zerodep.shaded.org.apache.hc.client5.http.wire - http-outgoing-2 << "Server: Docker/20.10.21 (linux)[\r][\n]"
22:07:10.939 [Test worker] DEBUG com.github.dockerjava.zerodep.shaded.org.apache.hc.client5.http.wire - http-outgoing-2 << "Transfer-Encoding: chunked[\r][\n]"
22:07:10.939 [Test worker] DEBUG com.github.dockerjava.zerodep.shaded.org.apache.hc.client5.http.wire - http-outgoing-2 << "[\r][\n]"
22:07:10.939 [Test worker] DEBUG com.github.dockerjava.zerodep.shaded.org.apache.hc.client5.http.headers - http-outgoing-2 << HTTP/1.1 200 OK
22:07:10.939 [Test worker] DEBUG com.github.dockerjava.zerodep.shaded.org.apache.hc.client5.http.headers - http-outgoing-2 << Api-Version: 1.41
22:07:10.939 [Test worker] DEBUG com.github.dockerjava.zerodep.shaded.org.apache.hc.client5.http.headers - http-outgoing-2 << Content-Type: application/json
22:07:10.939 [Test worker] DEBUG com.github.dockerjava.zerodep.shaded.org.apache.hc.client5.http.headers - http-outgoing-2 << Date: Mon, 03 Apr 2023 01:07:10 GMT
22:07:10.939 [Test worker] DEBUG com.github.dockerjava.zerodep.shaded.org.apache.hc.client5.http.headers - http-outgoing-2 << Docker-Experimental: false
22:07:10.939 [Test worker] DEBUG com.github.dockerjava.zerodep.shaded.org.apache.hc.client5.http.headers - http-outgoing-2 << Ostype: linux
22:07:10.939 [Test worker] DEBUG com.github.dockerjava.zerodep.shaded.org.apache.hc.client5.http.headers - http-outgoing-2 << Server: Docker/20.10.21 (linux)
22:07:10.939 [Test worker] DEBUG com.github.dockerjava.zerodep.shaded.org.apache.hc.client5.http.headers - http-outgoing-2 << Transfer-Encoding: chunked
22:07:10.939 [Test worker] DEBUG com.github.dockerjava.zerodep.shaded.org.apache.hc.client5.http.impl.classic.MainClientExec - ex-00000045: connection can be kept alive for 3 MINUTES
22:07:10.942 [Test worker] DEBUG com.github.dockerjava.zerodep.shaded.org.apache.hc.client5.http.wire - http-outgoing-2 << "18c0[\r][\n]"
22:07:10.942 [Test worker] DEBUG com.github.dockerjava.zerodep.shaded.org.apache.hc.client5.http.wire - http-outgoing-2 << "{"Id":"511b2d736fd4c4da08b79110fd21fdaa756368e4971eb130f8114450b3efc085","Created":"2023-04-03T01:07:04.201309337Z","Path":"docker-entrypoint.sh","Args":["mysqld"],"State":{"Status":"running","Running":true,"Paused":false,"Restarting":false,"OOMKilled":false,"Dead":false,"Pid":2724,"ExitCode":0,"Error":"","StartedAt":"2023-04-03T01:07:04.498400921Z","FinishedAt":"0001-01-01T00:00:00Z"},"Image":"sha256:c7c54c29e20dccc1aefb936c8eba8bb8b98b87a4921102aba87fde2df5810af9","ResolvConfPath":"/var/lib/docker/containers/511b2d736fd4c4da08b79110fd21fdaa756368e4971eb130f8114450b3efc085/resolv.conf","HostnamePath":"/var/lib/docker/containers/511b2d736fd4c4da08b79110fd21fdaa756368e4971eb130f8114450b3efc085/hostname","HostsPath":"/var/lib/docker/containers/511b2d736fd4c4da08b79110fd21fdaa756368e4971eb130f8114450b3efc085/hosts","LogPath":"/var/lib/docker/containers/511b2d736fd4c4da08b79110fd21fdaa756368e4971eb130f8114450b3efc085/511b2d736fd4c4da08b79110fd21fdaa756368e4971eb130f8114450b3efc085-json.log","Name":"/elastic_easley","RestartCount":0,"Driver":"overlay2","Platform":"linux","MountLabel":"","ProcessLabel":"","AppArmorProfile":"","ExecIDs":null,"HostConfig":{"Binds":[],"ContainerIDFile":"","LogConfig":{"Type":"json-file","Config":{}},"NetworkMode":"default","PortBindings":{"3306/tcp":[{"HostIp":"0.0.0.0","HostPort":"0"}]},"RestartPolicy":{"Name":"","MaximumRetryCount":0},"AutoRemove":false,"VolumeDriver":"","VolumesFrom":[],"CapAdd":null,"CapDrop":null,"CgroupnsMode":"private","Dns":null,"DnsOptions":null,"DnsSearch":null,"ExtraHosts":[],"GroupAdd":null,"IpcMode":"shareable","Cgroup":"","Links":null,"OomScoreAdj":0,"PidMode":"","Privileged":false,"PublishAllPorts":false,"ReadonlyRootfs":false,"SecurityOpt":null,"UTSMode":"","UsernsMode":"","ShmSize":67108864,"Runtime":"runc","ConsoleSize":[0,0],"Isolation":"","CpuShares":0,"Memory":0,"NanoCpus":0,"CgroupParent":"","BlkioWeight":0,"BlkioWeightDevice":null,"BlkioDeviceReadBps":null,"BlkioDeviceWriteBps":null,"BlkioDeviceReadIOps":null,"BlkioDeviceWriteIOps":null,"CpuPeriod":0,"CpuQuota":0,"CpuRealtimePeriod":0,"CpuRealtimeRuntime":0,"CpusetCpus":"","CpusetMems":"","Devices":null,"DeviceCgroupRules":null,"DeviceRequests":null,"KernelMemory":0,"KernelMemoryTCP":0,"MemoryReservation":0,"MemorySwap":0,"MemorySwappiness":null,"OomKillDisable":null,"PidsLimit":null,"Ulimits":null,"CpuCount":0,"CpuPercent":0,"IOMaximumIOps":0,"IOMaximumBandwidth":0,"MaskedPaths":["/proc/asound","/proc/acpi","/proc/kcore","/proc/keys","/proc/latency_stats","/proc/timer_list","/proc/timer_stats","/proc/sched_debug","/proc/scsi","/sys/firmware"],"ReadonlyPaths":["/proc/bus","/proc/fs","/proc/irq","/proc/sys","/proc/sysrq-trigger"]},"GraphDriver":{"Data":{"LowerDir":"/var/lib/docker/overlay2/5ada145d0e3939fe5ed2118eea99b9f10241aeee200293145c73dce66470a568-init/diff:/var/lib/docker/overlay2/1bd8849d7a296305617011f940aa5cfabbe972a513397b1b6bbc27639b6c1f30/diff:/var/lib/docker/overlay2/199d69b2fbf78af4d4c95dec4fd2f8835ab0347eb49fb20ebb2ff3b99fedd6ad/diff:/var/lib/docker/overlay2/d83c38d654989311f75b9491329846033bfb7714de76ef635380dcfad5c740d9/diff:/var/lib/docker/overlay2/08600d0aea2ab2728bebcf5d2589c640a842f53d1ba3c4a4adccb4d03b923cf6/diff:/var/lib/docker/overlay2/9ec7c63a3fb14d13ac788bbf5e282ca821edc41260b79944e5e631037d13ecda/diff:/var/lib/docker/overlay2/db601d7a1b4ea6da638db620462f0da96fa55c559d02269c9ddb09027936ed87/diff:/var/lib/docker/overlay2/a6d2bd03f942e2565f21e74cfe152c7ec836a1c2b583f0790c685b92bdcfda24/diff:/var/lib/docker/overlay2/9badd16ea2c5e2bf1fde8b579683e41137dfc46ed5449234149f199a6751cc84/diff:/var/lib/docker/overlay2/6efb85646ed12e2d1181ef4cc6f6f6732c00c15a4035fe17ebc4f075ca573c30/diff:/var/lib/docker/overlay2/895d7c0ec09144d6ed33936f4e98e11c18010f7abd708cae1ce43aec7a7f2621/diff:/var/lib/docker/overlay2/1c4ba77aa573ab6e5e5069fd15eae71b3da940bde0f97a922a227ffc8a1d1096/diff","MergedDir":"/var/lib/docker/overlay2/5ada145d0e3939fe5ed2118eea99b9f10241aeee200293145c73dce66470a568/merged","UpperDir":"/var/lib/docker/overlay2/5ada145d0e3939fe5ed2118eea99b9f10241aeee200293145c73dce66470a568/diff"
22:07:10.942 [Test worker] DEBUG com.github.dockerjava.zerodep.shaded.org.apache.hc.client5.http.wire - http-outgoing-2 << "","WorkDir":"/var/lib/docker/overlay2/5ada145d0e3939fe5ed2118eea99b9f10241aeee200293145c73dce66470a568/work"},"Name":"overlay2"},"Mounts":[{"Type":"volume","Name":"ac6dcf572a35a68e3a3a5bdf3d1899d89919b8e0b6d7a1beb9c6b19978c4e863","Source":"/var/lib/docker/volumes/ac6dcf572a35a68e3a3a5bdf3d1899d89919b8e0b6d7a1beb9c6b19978c4e863/_data","Destination":"/var/lib/mysql","Driver":"local","Mode":"","RW":true,"Propagation":""}],"Config":{"Hostname":"511b2d736fd4","Domainname":"","User":"","AttachStdin":false,"AttachStdout":false,"AttachStderr":false,"ExposedPorts":{"3306/tcp":{},"33060/tcp":{}},"Tty":false,"OpenStdin":false,"StdinOnce":false,"Env":["MYSQL_DATABASE=adm_videos","MYSQL_PASSWORD=123456","MYSQL_ROOT_PASSWORD=123456","PATH=/usr/local/sbin:/usr/local/bin:/usr/sbin:/usr/bin:/sbin:/bin","GOSU_VERSION=1.16","MYSQL_MAJOR=8.0","MYSQL_VERSION=8.0.32-1.el8","MYSQL_SHELL_VERSION=8.0.32-1.el8"],"Cmd":["mysqld"],"Image":"mysql:latest","Volumes":{"/var/lib/mysql":{}},"WorkingDir":"","Entrypoint":["docker-entrypoint.sh"],"OnBuild":null,"Labels":{"org.testcontainers":"true","org.testcontainers.lang":"java","org.testcontainers.sessionId":"c721e8e0-dbbd-4305-a748-6be2465f786d","org.testcontainers.version":"1.17.6"}},"NetworkSettings":{"Bridge":"","SandboxID":"23a51dba07b22c8536581cd39611755923749e16a93a45ce75c5c8a4a7759981","HairpinMode":false,"LinkLocalIPv6Address":"","LinkLocalIPv6PrefixLen":0,"Ports":{"3306/tcp":[{"HostIp":"0.0.0.0","HostPort":"50897"}],"33060/tcp":null},"SandboxKey":"/var/run/docker/netns/23a51dba07b2","SecondaryIPAddresses":null,"SecondaryIPv6Addresses":null,"EndpointID":"692f30c6e93a1486104b6273bdc38b1f926e45528d0b3ff49b5fe2d91ed6b329","Gateway":"172.17.0.1","GlobalIPv6Address":"","GlobalIPv6PrefixLen":0,"IPAddress":"172.17.0.3","IPPrefixLen":16,"IPv6Gateway":"","MacAddress":"02:42:ac:11:00:03","Networks":{"bridge":{"IPAMConfig":null,"Links":null,"Aliases":null,"NetworkID":"eba6fdf7ebe51912c859fc2dc83d1407a50db03ea3c296d90f885e8af84b6e93","EndpointID":"692f30c6e93a1486104b6273bdc38b1f926e45528d0b3ff49b5fe2d91ed6b329","Gateway":"172.17.0.1","IPAddress":"172.17.0.3","IPPrefixLen":16,"IPv6Gateway":"","GlobalIPv6Address":"","GlobalIPv6PrefixLen":0,"MacAddress":"02:42:ac:11:00:03","DriverOpts":null}}}}[\n]"
22:07:10.943 [Test worker] DEBUG com.github.dockerjava.zerodep.shaded.org.apache.hc.client5.http.wire - http-outgoing-2 << "[\r][\n]"
22:07:10.943 [Test worker] DEBUG com.github.dockerjava.zerodep.shaded.org.apache.hc.client5.http.wire - http-outgoing-2 << "0[\r][\n]"
22:07:10.943 [Test worker] DEBUG com.github.dockerjava.zerodep.shaded.org.apache.hc.client5.http.wire - http-outgoing-2 << "[\r][\n]"
22:07:10.943 [Test worker] DEBUG com.github.dockerjava.zerodep.shaded.org.apache.hc.client5.http.impl.classic.InternalHttpClient - ep-00000044: releasing valid endpoint
22:07:10.943 [Test worker] DEBUG com.github.dockerjava.zerodep.shaded.org.apache.hc.client5.http.impl.io.PoolingHttpClientConnectionManager - ep-00000044: releasing endpoint
22:07:10.943 [Test worker] DEBUG com.github.dockerjava.zerodep.shaded.org.apache.hc.client5.http.impl.io.PoolingHttpClientConnectionManager - ep-00000044: connection http-outgoing-2 can be kept alive for 3 MINUTES
22:07:10.943 [Test worker] DEBUG com.github.dockerjava.zerodep.shaded.org.apache.hc.client5.http.impl.io.PoolingHttpClientConnectionManager - ep-00000044: connection released [route: {}->unix://localhost:2375][total available: 1; route allocated: 1 of 2147483647; total allocated: 1 of 2147483647]
22:07:10.943 [Test worker] DEBUG ]]>&#x1f433;<![CDATA[ [mysql:latest] - Trying to create JDBC connection using com.mysql.cj.jdbc.Driver to jdbc:mysql://localhost:50897/adm_videos?useSSL=false&allowPublicKeyRetrieval=true with properties: {password=123456, user=root}
22:07:11.052 [Test worker] DEBUG org.testcontainers.shaded.com.github.dockerjava.core.command.AbstrDockerCmd - Cmd: 511b2d736fd4c4da08b79110fd21fdaa756368e4971eb130f8114450b3efc085,false
22:07:11.055 [Test worker] DEBUG org.testcontainers.shaded.com.github.dockerjava.core.exec.InspectContainerCmdExec - GET: DefaultWebTarget{path=[/containers/511b2d736fd4c4da08b79110fd21fdaa756368e4971eb130f8114450b3efc085/json], queryParams={}}
22:07:11.055 [Test worker] DEBUG com.github.dockerjava.zerodep.shaded.org.apache.hc.client5.http.impl.classic.InternalHttpClient - ex-00000046: preparing request execution
22:07:11.056 [Test worker] DEBUG com.github.dockerjava.zerodep.shaded.org.apache.hc.client5.http.protocol.RequestAddCookies - Cookie spec selected: strict
22:07:11.056 [Test worker] DEBUG com.github.dockerjava.zerodep.shaded.org.apache.hc.client5.http.protocol.RequestAuthCache - Auth cache not set in the context
22:07:11.056 [Test worker] DEBUG com.github.dockerjava.zerodep.shaded.org.apache.hc.client5.http.impl.classic.ProtocolExec - ex-00000046: target auth state: UNCHALLENGED
22:07:11.056 [Test worker] DEBUG com.github.dockerjava.zerodep.shaded.org.apache.hc.client5.http.impl.classic.ProtocolExec - ex-00000046: proxy auth state: UNCHALLENGED
22:07:11.056 [Test worker] DEBUG com.github.dockerjava.zerodep.shaded.org.apache.hc.client5.http.impl.classic.ConnectExec - ex-00000046: acquiring connection with route {}->unix://localhost:2375
22:07:11.056 [Test worker] DEBUG com.github.dockerjava.zerodep.shaded.org.apache.hc.client5.http.impl.classic.InternalHttpClient - ex-00000046: acquiring endpoint (3 MINUTES)
22:07:11.056 [Test worker] DEBUG com.github.dockerjava.zerodep.shaded.org.apache.hc.client5.http.impl.io.PoolingHttpClientConnectionManager - ex-00000046: endpoint lease request (3 MINUTES) [route: {}->unix://localhost:2375][total available: 1; route allocated: 1 of 2147483647; total allocated: 1 of 2147483647]
22:07:11.057 [Test worker] DEBUG com.github.dockerjava.zerodep.shaded.org.apache.hc.client5.http.impl.io.PoolingHttpClientConnectionManager - ex-00000046: endpoint leased [route: {}->unix://localhost:2375][total available: 0; route allocated: 1 of 2147483647; total allocated: 1 of 2147483647]
22:07:11.057 [Test worker] DEBUG com.github.dockerjava.zerodep.shaded.org.apache.hc.client5.http.impl.io.PoolingHttpClientConnectionManager - ex-00000046: acquired ep-00000045
22:07:11.057 [Test worker] DEBUG com.github.dockerjava.zerodep.shaded.org.apache.hc.client5.http.impl.classic.InternalHttpClient - ex-00000046: acquired endpoint ep-00000045
22:07:11.057 [Test worker] DEBUG com.github.dockerjava.zerodep.shaded.org.apache.hc.client5.http.impl.classic.MainClientExec - ex-00000046: executing GET /v1.32/containers/511b2d736fd4c4da08b79110fd21fdaa756368e4971eb130f8114450b3efc085/json HTTP/1.1
22:07:11.057 [Test worker] DEBUG com.github.dockerjava.zerodep.shaded.org.apache.hc.client5.http.impl.classic.InternalHttpClient - ep-00000045: start execution ex-00000046
22:07:11.057 [Test worker] DEBUG com.github.dockerjava.zerodep.shaded.org.apache.hc.client5.http.impl.io.PoolingHttpClientConnectionManager - ep-00000045: executing exchange ex-00000046 over http-outgoing-2
22:07:11.057 [Test worker] DEBUG com.github.dockerjava.zerodep.shaded.org.apache.hc.client5.http.headers - http-outgoing-2 >> GET /v1.32/containers/511b2d736fd4c4da08b79110fd21fdaa756368e4971eb130f8114450b3efc085/json HTTP/1.1
22:07:11.057 [Test worker] DEBUG com.github.dockerjava.zerodep.shaded.org.apache.hc.client5.http.headers - http-outgoing-2 >> accept: application/json
22:07:11.057 [Test worker] DEBUG com.github.dockerjava.zerodep.shaded.org.apache.hc.client5.http.headers - http-outgoing-2 >> x-tc-sid: c721e8e0-dbbd-4305-a748-6be2465f786d
22:07:11.057 [Test worker] DEBUG com.github.dockerjava.zerodep.shaded.org.apache.hc.client5.http.headers - http-outgoing-2 >> Accept-Encoding: gzip, x-gzip, deflate
22:07:11.057 [Test worker] DEBUG com.github.dockerjava.zerodep.shaded.org.apache.hc.client5.http.headers - http-outgoing-2 >> Host: localhost:2375
22:07:11.057 [Test worker] DEBUG com.github.dockerjava.zerodep.shaded.org.apache.hc.client5.http.headers - http-outgoing-2 >> Connection: keep-alive
22:07:11.057 [Test worker] DEBUG com.github.dockerjava.zerodep.shaded.org.apache.hc.client5.http.headers - http-outgoing-2 >> User-Agent: Apache-HttpClient/5.0.3 (Java/17.0.2)
22:07:11.057 [Test worker] DEBUG com.github.dockerjava.zerodep.shaded.org.apache.hc.client5.http.wire - http-outgoing-2 >> "GET /v1.32/containers/511b2d736fd4c4da08b79110fd21fdaa756368e4971eb130f8114450b3efc085/json HTTP/1.1[\r][\n]"
22:07:11.057 [Test worker] DEBUG com.github.dockerjava.zerodep.shaded.org.apache.hc.client5.http.wire - http-outgoing-2 >> "accept: application/json[\r][\n]"
22:07:11.057 [Test worker] DEBUG com.github.dockerjava.zerodep.shaded.org.apache.hc.client5.http.wire - http-outgoing-2 >> "x-tc-sid: c721e8e0-dbbd-4305-a748-6be2465f786d[\r][\n]"
22:07:11.057 [Test worker] DEBUG com.github.dockerjava.zerodep.shaded.org.apache.hc.client5.http.wire - http-outgoing-2 >> "Accept-Encoding: gzip, x-gzip, deflate[\r][\n]"
22:07:11.057 [Test worker] DEBUG com.github.dockerjava.zerodep.shaded.org.apache.hc.client5.http.wire - http-outgoing-2 >> "Host: localhost:2375[\r][\n]"
22:07:11.057 [Test worker] DEBUG com.github.dockerjava.zerodep.shaded.org.apache.hc.client5.http.wire - http-outgoing-2 >> "Connection: keep-alive[\r][\n]"
22:07:11.057 [Test worker] DEBUG com.github.dockerjava.zerodep.shaded.org.apache.hc.client5.http.wire - http-outgoing-2 >> "User-Agent: Apache-HttpClient/5.0.3 (Java/17.0.2)[\r][\n]"
22:07:11.057 [Test worker] DEBUG com.github.dockerjava.zerodep.shaded.org.apache.hc.client5.http.wire - http-outgoing-2 >> "[\r][\n]"
22:07:11.090 [Test worker] DEBUG com.github.dockerjava.zerodep.shaded.org.apache.hc.client5.http.wire - http-outgoing-2 << "HTTP/1.1 200 OK[\r][\n]"
22:07:11.090 [Test worker] DEBUG com.github.dockerjava.zerodep.shaded.org.apache.hc.client5.http.wire - http-outgoing-2 << "Api-Version: 1.41[\r][\n]"
22:07:11.090 [Test worker] DEBUG com.github.dockerjava.zerodep.shaded.org.apache.hc.client5.http.wire - http-outgoing-2 << "Content-Type: application/json[\r][\n]"
22:07:11.090 [Test worker] DEBUG com.github.dockerjava.zerodep.shaded.org.apache.hc.client5.http.wire - http-outgoing-2 << "Date: Mon, 03 Apr 2023 01:07:11 GMT[\r][\n]"
22:07:11.090 [Test worker] DEBUG com.github.dockerjava.zerodep.shaded.org.apache.hc.client5.http.wire - http-outgoing-2 << "Docker-Experimental: false[\r][\n]"
22:07:11.090 [Test worker] DEBUG com.github.dockerjava.zerodep.shaded.org.apache.hc.client5.http.wire - http-outgoing-2 << "Ostype: linux[\r][\n]"
22:07:11.090 [Test worker] DEBUG com.github.dockerjava.zerodep.shaded.org.apache.hc.client5.http.wire - http-outgoing-2 << "Server: Docker/20.10.21 (linux)[\r][\n]"
22:07:11.090 [Test worker] DEBUG com.github.dockerjava.zerodep.shaded.org.apache.hc.client5.http.wire - http-outgoing-2 << "Transfer-Encoding: chunked[\r][\n]"
22:07:11.090 [Test worker] DEBUG com.github.dockerjava.zerodep.shaded.org.apache.hc.client5.http.wire - http-outgoing-2 << "[\r][\n]"
22:07:11.090 [Test worker] DEBUG com.github.dockerjava.zerodep.shaded.org.apache.hc.client5.http.wire - http-outgoing-2 << "18c0[\r][\n]"
22:07:11.090 [Test worker] DEBUG com.github.dockerjava.zerodep.shaded.org.apache.hc.client5.http.wire - http-outgoing-2 << "{"Id":"511b2d736fd4c4da08b79110fd21fdaa756368e4971eb130f8114450b3efc085","Created":"2023-04-03T01:07:04.201309337Z","Path":"docker-entrypoint.sh","Args":["mysqld"],"State":{"Status":"running","Running":true,"Paused":false,"Restarting":false,"OOMKilled":false,"Dead":false,"Pid":2724,"ExitCode":0,"Error":"","StartedAt":"2023-04-03T01:07:04.498400921Z","FinishedAt":"0001-01-01T00:00:00Z"},"Image":"sha256:c7c54c29e20dccc1aefb936c8eba8bb8b98b87a4921102aba87fde2df5810af9","ResolvConfPath":"/var/lib/docker/containers/511b2d736fd4c4da08b79110fd21fdaa756368e4971eb130f8114450b3efc085/resolv.conf","HostnamePath":"/var/lib/docker/containers/511b2d736fd4c4da08b79110fd21fdaa756368e4971eb130f8114450b3efc085/hostname","HostsPath":"/var/lib/docker/containers/511b2d736fd4c4da08b79110fd21fdaa756368e4971eb130f8114450b3efc085/hosts","LogPath":"/var/lib/docker/containers/511b2d736fd4c4da08b79110fd21fdaa756368e4971eb130f8114450b3efc085/511b2d736fd4c4da08b79110fd21fdaa756368e4971eb130f8114450b3efc085-json.log","Name":"/elastic_easley","RestartCount":0,"Driver":"overlay2","Platform":"linux","MountLabel":"","ProcessLabel":"","AppArmorProfile":"","ExecIDs":null,"HostConfig":{"Binds":[],"ContainerIDFile":"","LogConfig":{"Type":"json-file","Config":{}},"NetworkMode":"default","PortBindings":{"3306/tcp":[{"HostIp":"0.0.0.0","HostPort":"0"}]},"RestartPolicy":{"Name":"","MaximumRetryCount":0},"AutoRemove":false,"VolumeDriver":"","VolumesFrom":[],"CapAdd":null,"CapDrop":null,"CgroupnsMode":"private","Dns":null,"DnsOptions":null,"DnsSearch":null,"ExtraHosts":[],"GroupAdd":null,"IpcMode":"shareable","Cgroup":"","Links":null,"OomScoreAdj":0,"PidMode":"","Privileged":false,"PublishAllPorts":false,"ReadonlyRootfs":false,"SecurityOpt":null,"UTSMode":"","UsernsMode":"","ShmSize":67108864,"Runtime":"runc","ConsoleSize":[0,0],"Isolation":"","CpuShares":0,"Memory":0,"NanoCpus":0,"CgroupParent":"","BlkioWeight":0,"BlkioWeightDevice":null,"BlkioDeviceReadBps":null,"BlkioDeviceWriteBps":null,"BlkioDeviceReadIOps":null,"BlkioDeviceWriteIOps":null,"CpuPeriod":0,"CpuQuota":0,"CpuRealtimePeriod":0,"CpuRealtimeRuntime":0,"CpusetCpus":"","CpusetMems":"","Devices":null,"DeviceCgroupRules":null,"DeviceRequests":null,"KernelMemory":0,"KernelMemoryTCP":0,"MemoryReservation":0,"MemorySwap":0,"MemorySwappiness":null,"OomKillDisable":null,"PidsLimit":null,"Ulimits":null,"CpuCount":0,"CpuPercent":0,"IOMaximumIOps":0,"IOMaximumBandwidth":0,"MaskedPaths":["/proc/asound","/proc/acpi","/proc/kcore","/proc/keys","/proc/latency_stats","/proc/timer_list","/proc/timer_stats","/proc/sched_debug","/proc/scsi","/sys/firmware"],"ReadonlyPaths":["/proc/bus","/proc/fs","/proc/irq","/proc/sys","/proc/sysrq-trigger"]},"GraphDriver":{"Data":{"LowerDir":"/var/lib/docker/overlay2/5ada145d0e3939fe5ed2118eea99b9f10241aeee200293145c73dce66470a568-init/diff:/var/lib/docker/overlay2/1bd8849d7a296305617011f940aa5cfabbe972a513397b1b6bbc27639b6c1f30/diff:/var/lib/docker/overlay2/199d69b2fbf78af4d4c95dec4fd2f8835ab0347eb49fb20ebb2ff3b99fedd6ad/diff:/var/lib/docker/overlay2/d83c38d654989311f75b9491329846033bfb7714de76ef635380dcfad5c740d9/diff:/var/lib/docker/overlay2/08600d0aea2ab2728bebcf5d2589c640a842f53d1ba3c4a4adccb4d03b923cf6/diff:/var/lib/docker/overlay2/9ec7c63a3fb14d13ac788bbf5e282ca821edc41260b79944e5e631037d13ecda/diff:/var/lib/docker/overlay2/db601d7a1b4ea6da638db620462f0da96fa55c559d02269c9ddb09027936ed87/diff:/var/lib/docker/overlay2/a6d2bd03f942e2565f21e74cfe152c7ec836a1c2b583f0790c685b92bdcfda24/diff:/var/lib/docker/overlay2/9badd16ea2c5e2bf1fde8b579683e41137dfc46ed5449234149f199a6751cc84/diff:/var/lib/docker/overlay2/6efb85646ed12e2d1181ef4cc6f6f6732c00c15a4035fe17ebc4f075ca573c30/diff:/var/lib/docker/overlay2/895d7c0ec09144d6ed33936f4e98e11c18010f7abd708cae1ce43aec7a7f2621/diff:/var/lib/docker/overlay2/1c4ba77aa573ab6e5e5069fd15eae71b3da940bde0f97a922a227ffc8a1d1096/diff","MergedDir":"/var/lib/docker/overlay2/5ada145d0e3939fe5ed2118eea99b9f10241aeee200293145c73dce66470a568/merged","UpperDir":"/var/lib/docker/overlay2/5ada145d0e3939fe5ed2118eea99b9f10241aeee200293145c73dce66470a568/diff","WorkDir":"/var/lib/docker/overlay2/5ada145d0e3939fe5ed2118eea99b9f10241aeee200293145c73dce66470a568/work"},"Name":"overlay2"},"Mounts":[{"Type":"volume","Name":"ac6dcf572a35a68e3a3a5bdf3d1899d89919b8e0b6d7a1beb9c6b19978c4e863","Source":"/var/lib/docker/volumes/ac6dcf572a35a68e3a3a5bdf3d1899d89919b8e0b6d7a1beb9c6b19978c4e863/_data","Destination":"/var/lib/mysql","Driver":"local","Mode":"","RW":true,"Propagation":""}],"Config":{"Hostname":"511b2d736fd4","Domainname":"","User":"","AttachStdin":false,"AttachStdout":false,"AttachStderr":false,"ExposedPorts":{"3306/tcp":{},"33060/tcp":{}},"Tty":false,"OpenStdin":false,"StdinOnce":false,"Env":["MYSQL_DATABASE=adm_videos","MYSQL_PASSWORD=123456","MYSQL_ROOT_PASSWORD=123456","PATH=/usr/local/sbin:/usr/local/bin:/usr/sbin:/usr/bin:/sbin:/bin","GOSU_VERSION=1.16","MYSQL_MAJOR=8.0","MYSQL_VERSION=8.0.32-1.el8","MYSQL_SHELL_VERSION=8.0.32-1.el8"],"Cmd":["mysqld"],"Image":"mysql:latest","Volumes":{"/var/lib/mysql":{}},"WorkingDir":"","Entrypoint":["docker-entrypoint.sh"],"OnBuild":null,"Labels":{"org.testcontainers":"true","org.testcontainers.lang":"java","org.testcontainers.sessionId":"c721e8e0-dbbd-4305-a748-6be2465f786d","org.testcontainers.version":"1.17.6"}},"NetworkSettings":{"Bridge":"","SandboxID":"23a51dba07b22c8536581cd39611755923749e16a93a45ce75c5c8a4a7759981","HairpinMode":false,"LinkLocalIPv6Address":"","LinkLocalIPv6PrefixLen":0,"Ports":{"3306/tcp":[{"HostIp":"0.0.0.0","HostPort":"50897"}],"33060/tcp":null},"SandboxKey":"/var/run/docker/netns/23a51dba07b2","SecondaryIPAddresses":null,"SecondaryIPv6Addresses":null,"EndpointID":"692f30c6e93a1486104b6273bdc38b1f926e45528d0b3ff49b5fe2d91ed6b329","Gateway":"172.17.0.1","GlobalIPv6Address":"","GlobalIPv6PrefixLen":0,"IPAddress":"172.17.0.3","IPPrefixLen":16,"IPv6Gateway":"","MacAddress":"02:42:ac:11:00:03","Networks":{"bridge":{"IPAMConfig":null,"Links":null,"Aliases":null,"NetworkID":"eba6fdf7ebe51912c859fc2dc83d1407a50db03ea3c296d90f885e8af84b6e93","EndpointID":"692f30c6e93a1486104b6273bdc38b1f926e45528d0b3ff49b5fe2d91ed6b329","Gateway":"172.17.0.1","IPAddress":"172.17.0.3","IPPrefixLen":16,"IPv6Gateway":"","GlobalIPv6Address":"","GlobalIPv6PrefixLen":0,"MacAddress":"02:42:ac:11:00:03","DriverOpts":null}}}}[\n]"
22:07:11.090 [Test worker] DEBUG com.github.dockerjava.zerodep.shaded.org.apache.hc.client5.http.wire - http-outgoing-2 << "[\r][\n]"
22:07:11.090 [Test worker] DEBUG com.github.dockerjava.zerodep.shaded.org.apache.hc.client5.http.wire - http-outgoing-2 << "0[\r][\n]"
22:07:11.090 [Test worker] DEBUG com.github.dockerjava.zerodep.shaded.org.apache.hc.client5.http.wire - http-outgoing-2 << "[\r][\n]"
22:07:11.091 [Test worker] DEBUG com.github.dockerjava.zerodep.shaded.org.apache.hc.client5.http.headers - http-outgoing-2 << HTTP/1.1 200 OK
22:07:11.091 [Test worker] DEBUG com.github.dockerjava.zerodep.shaded.org.apache.hc.client5.http.headers - http-outgoing-2 << Api-Version: 1.41
22:07:11.091 [Test worker] DEBUG com.github.dockerjava.zerodep.shaded.org.apache.hc.client5.http.headers - http-outgoing-2 << Content-Type: application/json
22:07:11.091 [Test worker] DEBUG com.github.dockerjava.zerodep.shaded.org.apache.hc.client5.http.headers - http-outgoing-2 << Date: Mon, 03 Apr 2023 01:07:11 GMT
22:07:11.091 [Test worker] DEBUG com.github.dockerjava.zerodep.shaded.org.apache.hc.client5.http.headers - http-outgoing-2 << Docker-Experimental: false
22:07:11.091 [Test worker] DEBUG com.github.dockerjava.zerodep.shaded.org.apache.hc.client5.http.headers - http-outgoing-2 << Ostype: linux
22:07:11.091 [Test worker] DEBUG com.github.dockerjava.zerodep.shaded.org.apache.hc.client5.http.headers - http-outgoing-2 << Server: Docker/20.10.21 (linux)
22:07:11.091 [Test worker] DEBUG com.github.dockerjava.zerodep.shaded.org.apache.hc.client5.http.headers - http-outgoing-2 << Transfer-Encoding: chunked
22:07:11.091 [Test worker] DEBUG com.github.dockerjava.zerodep.shaded.org.apache.hc.client5.http.impl.classic.MainClientExec - ex-00000046: connection can be kept alive for 3 MINUTES
22:07:11.092 [Test worker] DEBUG com.github.dockerjava.zerodep.shaded.org.apache.hc.client5.http.impl.classic.InternalHttpClient - ep-00000045: releasing valid endpoint
22:07:11.092 [Test worker] DEBUG com.github.dockerjava.zerodep.shaded.org.apache.hc.client5.http.impl.io.PoolingHttpClientConnectionManager - ep-00000045: releasing endpoint
22:07:11.092 [Test worker] DEBUG com.github.dockerjava.zerodep.shaded.org.apache.hc.client5.http.impl.io.PoolingHttpClientConnectionManager - ep-00000045: connection http-outgoing-2 can be kept alive for 3 MINUTES
22:07:11.092 [Test worker] DEBUG com.github.dockerjava.zerodep.shaded.org.apache.hc.client5.http.impl.io.PoolingHttpClientConnectionManager - ep-00000045: connection released [route: {}->unix://localhost:2375][total available: 1; route allocated: 1 of 2147483647; total allocated: 1 of 2147483647]
22:07:11.092 [Test worker] DEBUG ]]>&#x1f433;<![CDATA[ [mysql:latest] - Trying to create JDBC connection using com.mysql.cj.jdbc.Driver to jdbc:mysql://localhost:50897/adm_videos?useSSL=false&allowPublicKeyRetrieval=true with properties: {password=123456, user=root}
22:07:11.207 [Test worker] DEBUG org.testcontainers.shaded.com.github.dockerjava.core.command.AbstrDockerCmd - Cmd: 511b2d736fd4c4da08b79110fd21fdaa756368e4971eb130f8114450b3efc085,false
22:07:11.208 [Test worker] DEBUG org.testcontainers.shaded.com.github.dockerjava.core.exec.InspectContainerCmdExec - GET: DefaultWebTarget{path=[/containers/511b2d736fd4c4da08b79110fd21fdaa756368e4971eb130f8114450b3efc085/json], queryParams={}}
22:07:11.208 [Test worker] DEBUG com.github.dockerjava.zerodep.shaded.org.apache.hc.client5.http.impl.classic.InternalHttpClient - ex-00000047: preparing request execution
22:07:11.208 [Test worker] DEBUG com.github.dockerjava.zerodep.shaded.org.apache.hc.client5.http.protocol.RequestAddCookies - Cookie spec selected: strict
22:07:11.208 [Test worker] DEBUG com.github.dockerjava.zerodep.shaded.org.apache.hc.client5.http.protocol.RequestAuthCache - Auth cache not set in the context
22:07:11.208 [Test worker] DEBUG com.github.dockerjava.zerodep.shaded.org.apache.hc.client5.http.impl.classic.ProtocolExec - ex-00000047: target auth state: UNCHALLENGED
22:07:11.208 [Test worker] DEBUG com.github.dockerjava.zerodep.shaded.org.apache.hc.client5.http.impl.classic.ProtocolExec - ex-00000047: proxy auth state: UNCHALLENGED
22:07:11.208 [Test worker] DEBUG com.github.dockerjava.zerodep.shaded.org.apache.hc.client5.http.impl.classic.ConnectExec - ex-00000047: acquiring connection with route {}->unix://localhost:2375
22:07:11.208 [Test worker] DEBUG com.github.dockerjava.zerodep.shaded.org.apache.hc.client5.http.impl.classic.InternalHttpClient - ex-00000047: acquiring endpoint (3 MINUTES)
22:07:11.208 [Test worker] DEBUG com.github.dockerjava.zerodep.shaded.org.apache.hc.client5.http.impl.io.PoolingHttpClientConnectionManager - ex-00000047: endpoint lease request (3 MINUTES) [route: {}->unix://localhost:2375][total available: 1; route allocated: 1 of 2147483647; total allocated: 1 of 2147483647]
22:07:11.208 [Test worker] DEBUG com.github.dockerjava.zerodep.shaded.org.apache.hc.client5.http.impl.io.PoolingHttpClientConnectionManager - ex-00000047: endpoint leased [route: {}->unix://localhost:2375][total available: 0; route allocated: 1 of 2147483647; total allocated: 1 of 2147483647]
22:07:11.208 [Test worker] DEBUG com.github.dockerjava.zerodep.shaded.org.apache.hc.client5.http.impl.io.PoolingHttpClientConnectionManager - ex-00000047: acquired ep-00000046
22:07:11.208 [Test worker] DEBUG com.github.dockerjava.zerodep.shaded.org.apache.hc.client5.http.impl.classic.InternalHttpClient - ex-00000047: acquired endpoint ep-00000046
22:07:11.208 [Test worker] DEBUG com.github.dockerjava.zerodep.shaded.org.apache.hc.client5.http.impl.classic.MainClientExec - ex-00000047: executing GET /v1.32/containers/511b2d736fd4c4da08b79110fd21fdaa756368e4971eb130f8114450b3efc085/json HTTP/1.1
22:07:11.208 [Test worker] DEBUG com.github.dockerjava.zerodep.shaded.org.apache.hc.client5.http.impl.classic.InternalHttpClient - ep-00000046: start execution ex-00000047
22:07:11.209 [Test worker] DEBUG com.github.dockerjava.zerodep.shaded.org.apache.hc.client5.http.impl.io.PoolingHttpClientConnectionManager - ep-00000046: executing exchange ex-00000047 over http-outgoing-2
22:07:11.209 [Test worker] DEBUG com.github.dockerjava.zerodep.shaded.org.apache.hc.client5.http.headers - http-outgoing-2 >> GET /v1.32/containers/511b2d736fd4c4da08b79110fd21fdaa756368e4971eb130f8114450b3efc085/json HTTP/1.1
22:07:11.209 [Test worker] DEBUG com.github.dockerjava.zerodep.shaded.org.apache.hc.client5.http.headers - http-outgoing-2 >> accept: application/json
22:07:11.209 [Test worker] DEBUG com.github.dockerjava.zerodep.shaded.org.apache.hc.client5.http.headers - http-outgoing-2 >> x-tc-sid: c721e8e0-dbbd-4305-a748-6be2465f786d
22:07:11.209 [Test worker] DEBUG com.github.dockerjava.zerodep.shaded.org.apache.hc.client5.http.headers - http-outgoing-2 >> Accept-Encoding: gzip, x-gzip, deflate
22:07:11.209 [Test worker] DEBUG com.github.dockerjava.zerodep.shaded.org.apache.hc.client5.http.headers - http-outgoing-2 >> Host: localhost:2375
22:07:11.209 [Test worker] DEBUG com.github.dockerjava.zerodep.shaded.org.apache.hc.client5.http.headers - http-outgoing-2 >> Connection: keep-alive
22:07:11.209 [Test worker] DEBUG com.github.dockerjava.zerodep.shaded.org.apache.hc.client5.http.headers - http-outgoing-2 >> User-Agent: Apache-HttpClient/5.0.3 (Java/17.0.2)
22:07:11.209 [Test worker] DEBUG com.github.dockerjava.zerodep.shaded.org.apache.hc.client5.http.wire - http-outgoing-2 >> "GET /v1.32/containers/511b2d736fd4c4da08b79110fd21fdaa756368e4971eb130f8114450b3efc085/json HTTP/1.1[\r][\n]"
22:07:11.209 [Test worker] DEBUG com.github.dockerjava.zerodep.shaded.org.apache.hc.client5.http.wire - http-outgoing-2 >> "accept: application/json[\r][\n]"
22:07:11.209 [Test worker] DEBUG com.github.dockerjava.zerodep.shaded.org.apache.hc.client5.http.wire - http-outgoing-2 >> "x-tc-sid: c721e8e0-dbbd-4305-a748-6be2465f786d[\r][\n]"
22:07:11.209 [Test worker] DEBUG com.github.dockerjava.zerodep.shaded.org.apache.hc.client5.http.wire - http-outgoing-2 >> "Accept-Encoding: gzip, x-gzip, deflate[\r][\n]"
22:07:11.209 [Test worker] DEBUG com.github.dockerjava.zerodep.shaded.org.apache.hc.client5.http.wire - http-outgoing-2 >> "Host: localhost:2375[\r][\n]"
22:07:11.209 [Test worker] DEBUG com.github.dockerjava.zerodep.shaded.org.apache.hc.client5.http.wire - http-outgoing-2 >> "Connection: keep-alive[\r][\n]"
22:07:11.209 [Test worker] DEBUG com.github.dockerjava.zerodep.shaded.org.apache.hc.client5.http.wire - http-outgoing-2 >> "User-Agent: Apache-HttpClient/5.0.3 (Java/17.0.2)[\r][\n]"
22:07:11.209 [Test worker] DEBUG com.github.dockerjava.zerodep.shaded.org.apache.hc.client5.http.wire - http-outgoing-2 >> "[\r][\n]"
22:07:11.217 [Test worker] DEBUG com.github.dockerjava.zerodep.shaded.org.apache.hc.client5.http.wire - http-outgoing-2 << "HTTP/1.1 200 OK[\r][\n]"
22:07:11.217 [Test worker] DEBUG com.github.dockerjava.zerodep.shaded.org.apache.hc.client5.http.wire - http-outgoing-2 << "Api-Version: 1.41[\r][\n]"
22:07:11.217 [Test worker] DEBUG com.github.dockerjava.zerodep.shaded.org.apache.hc.client5.http.wire - http-outgoing-2 << "Content-Type: application/json[\r][\n]"
22:07:11.217 [Test worker] DEBUG com.github.dockerjava.zerodep.shaded.org.apache.hc.client5.http.wire - http-outgoing-2 << "Date: Mon, 03 Apr 2023 01:07:11 GMT[\r][\n]"
22:07:11.217 [Test worker] DEBUG com.github.dockerjava.zerodep.shaded.org.apache.hc.client5.http.wire - http-outgoing-2 << "Docker-Experimental: false[\r][\n]"
22:07:11.217 [Test worker] DEBUG com.github.dockerjava.zerodep.shaded.org.apache.hc.client5.http.wire - http-outgoing-2 << "Ostype: linux[\r][\n]"
22:07:11.217 [Test worker] DEBUG com.github.dockerjava.zerodep.shaded.org.apache.hc.client5.http.wire - http-outgoing-2 << "Server: Docker/20.10.21 (linux)[\r][\n]"
22:07:11.217 [Test worker] DEBUG com.github.dockerjava.zerodep.shaded.org.apache.hc.client5.http.wire - http-outgoing-2 << "Transfer-Encoding: chunked[\r][\n]"
22:07:11.217 [Test worker] DEBUG com.github.dockerjava.zerodep.shaded.org.apache.hc.client5.http.wire - http-outgoing-2 << "[\r][\n]"
22:07:11.217 [Test worker] DEBUG com.github.dockerjava.zerodep.shaded.org.apache.hc.client5.http.headers - http-outgoing-2 << HTTP/1.1 200 OK
22:07:11.217 [Test worker] DEBUG com.github.dockerjava.zerodep.shaded.org.apache.hc.client5.http.headers - http-outgoing-2 << Api-Version: 1.41
22:07:11.217 [Test worker] DEBUG com.github.dockerjava.zerodep.shaded.org.apache.hc.client5.http.headers - http-outgoing-2 << Content-Type: application/json
22:07:11.217 [Test worker] DEBUG com.github.dockerjava.zerodep.shaded.org.apache.hc.client5.http.headers - http-outgoing-2 << Date: Mon, 03 Apr 2023 01:07:11 GMT
22:07:11.217 [Test worker] DEBUG com.github.dockerjava.zerodep.shaded.org.apache.hc.client5.http.headers - http-outgoing-2 << Docker-Experimental: false
22:07:11.217 [Test worker] DEBUG com.github.dockerjava.zerodep.shaded.org.apache.hc.client5.http.headers - http-outgoing-2 << Ostype: linux
22:07:11.217 [Test worker] DEBUG com.github.dockerjava.zerodep.shaded.org.apache.hc.client5.http.headers - http-outgoing-2 << Server: Docker/20.10.21 (linux)
22:07:11.217 [Test worker] DEBUG com.github.dockerjava.zerodep.shaded.org.apache.hc.client5.http.headers - http-outgoing-2 << Transfer-Encoding: chunked
22:07:11.218 [Test worker] DEBUG com.github.dockerjava.zerodep.shaded.org.apache.hc.client5.http.impl.classic.MainClientExec - ex-00000047: connection can be kept alive for 3 MINUTES
22:07:11.225 [Test worker] DEBUG com.github.dockerjava.zerodep.shaded.org.apache.hc.client5.http.wire - http-outgoing-2 << "18c0[\r][\n]"
22:07:11.225 [Test worker] DEBUG com.github.dockerjava.zerodep.shaded.org.apache.hc.client5.http.wire - http-outgoing-2 << "{"Id":"511b2d736fd4c4da08b79110fd21fdaa756368e4971eb130f8114450b3efc085","Created":"2023-04-03T01:07:04.201309337Z","Path":"docker-entrypoint.sh","Args":["mysqld"],"State":{"Status":"running","Running":true,"Paused":false,"Restarting":false,"OOMKilled":false,"Dead":false,"Pid":2724,"ExitCode":0,"Error":"","StartedAt":"2023-04-03T01:07:04.498400921Z","FinishedAt":"0001-01-01T00:00:00Z"},"Image":"sha256:c7c54c29e20dccc1aefb936c8eba8bb8b98b87a4921102aba87fde2df5810af9","ResolvConfPath":"/var/lib/docker/containers/511b2d736fd4c4da08b79110fd21fdaa756368e4971eb130f8114450b3efc085/resolv.conf","HostnamePath":"/var/lib/docker/containers/511b2d736fd4c4da08b79110fd21fdaa756368e4971eb130f8114450b3efc085/hostname","HostsPath":"/var/lib/docker/containers/511b2d736fd4c4da08b79110fd21fdaa756368e4971eb130f8114450b3efc085/hosts","LogPath":"/var/lib/docker/containers/511b2d736fd4c4da08b79110fd21fdaa756368e4971eb130f8114450b3efc085/511b2d736fd4c4da08b79110fd21fdaa756368e4971eb130f8114450b3efc085-json.log","Name":"/elastic_easley","RestartCount":0,"Driver":"overlay2","Platform":"linux","MountLabel":"","ProcessLabel":"","AppArmorProfile":"","ExecIDs":null,"HostConfig":{"Binds":[],"ContainerIDFile":"","LogConfig":{"Type":"json-file","Config":{}},"NetworkMode":"default","PortBindings":{"3306/tcp":[{"HostIp":"0.0.0.0","HostPort":"0"}]},"RestartPolicy":{"Name":"","MaximumRetryCount":0},"AutoRemove":false,"VolumeDriver":"","VolumesFrom":[],"CapAdd":null,"CapDrop":null,"CgroupnsMode":"private","Dns":null,"DnsOptions":null,"DnsSearch":null,"ExtraHosts":[],"GroupAdd":null,"IpcMode":"shareable","Cgroup":"","Links":null,"OomScoreAdj":0,"PidMode":"","Privileged":false,"PublishAllPorts":false,"ReadonlyRootfs":false,"SecurityOpt":null,"UTSMode":"","UsernsMode":"","ShmSize":67108864,"Runtime":"runc","ConsoleSize":[0,0],"Isolation":"","CpuShares":0,"Memory":0,"NanoCpus":0,"CgroupParent":"","BlkioWeight":0,"BlkioWeightDevice":null,"BlkioDeviceReadBps":null,"BlkioDeviceWriteBps":null,"BlkioDeviceReadIOps":null,"BlkioDeviceWriteIOps":null,"CpuPeriod":0,"CpuQuota":0,"CpuRealtimePeriod":0,"CpuRealtimeRuntime":0,"CpusetCpus":"","CpusetMems":"","Devices":null,"DeviceCgroupRules":null,"DeviceRequests":null,"KernelMemory":0,"KernelMemoryTCP":0,"MemoryReservation":0,"MemorySwap":0,"MemorySwappiness":null,"OomKillDisable":null,"PidsLimit":null,"Ulimits":null,"CpuCount":0,"CpuPercent":0,"IOMaximumIOps":0,"IOMaximumBandwidth":0,"MaskedPaths":["/proc/asound","/proc/acpi","/proc/kcore","/proc/keys","/proc/latency_stats","/proc/timer_list","/proc/timer_stats","/proc/sched_debug","/proc/scsi","/sys/firmware"],"ReadonlyPaths":["/proc/bus","/proc/fs","/proc/irq","/proc/sys","/proc/sysrq-trigger"]},"GraphDriver":{"Data":{"LowerDir":"/var/lib/docker/overlay2/5ada145d0e3939fe5ed2118eea99b9f10241aeee200293145c73dce66470a568-init/diff:/var/lib/docker/overlay2/1bd8849d7a296305617011f940aa5cfabbe972a513397b1b6bbc27639b6c1f30/diff:/var/lib/docker/overlay2/199d69b2fbf78af4d4c95dec4fd2f8835ab0347eb49fb20ebb2ff3b99fedd6ad/diff:/var/lib/docker/overlay2/d83c38d654989311f75b9491329846033bfb7714de76ef635380dcfad5c740d9/diff:/var/lib/docker/overlay2/08600d0aea2ab2728bebcf5d2589c640a842f53d1ba3c4a4adccb4d03b923cf6/diff:/var/lib/docker/overlay2/9ec7c63a3fb14d13ac788bbf5e282ca821edc41260b79944e5e631037d13ecda/diff:/var/lib/docker/overlay2/db601d7a1b4ea6da638db620462f0da96fa55c559d02269c9ddb09027936ed87/diff:/var/lib/docker/overlay2/a6d2bd03f942e2565f21e74cfe152c7ec836a1c2b583f0790c685b92bdcfda24/diff:/var/lib/docker/overlay2/9badd16ea2c5e2bf1fde8b579683e41137dfc46ed5449234149f199a6751cc84/diff:/var/lib/docker/overlay2/6efb85646ed12e2d1181ef4cc6f6f6732c00c15a4035fe17ebc4f075ca573c30/diff:/var/lib/docker/overlay2/895d7c0ec09144d6ed33936f4e98e11c18010f7abd708cae1ce43aec7a7f2621/diff:/var/lib/docker/overlay2/1c4ba77aa573ab6e5e5069fd15eae71b3da940bde0f97a922a227ffc8a1d1096/diff","MergedDir":"/var/lib/docker/overlay2/5ada145d0e3939fe5ed2118eea99b9f10241aeee200293145c73dce66470a568/merged","UpperDir":"/var/lib/docker/overlay2/5ada145d0e3939fe5ed2118eea99b9f10241aeee200293145c73dce66470a568/diff","WorkDir":"/var/lib/docker/overlay2/5ada145d0e3939fe5ed2118eea99b9f10241aeee200293145c73dce66470a568/work"},"Name":"overlay2"},"Mounts":[{"Type":"volume","Name":"ac6dcf572a35a68e3a3a5bdf3d1899d89919b8e0b6d7a1beb9c6b19978c4e863","Source":"/var/lib/docker/volumes/ac6dcf572a35a68e3a3a5bdf3d1899d89919b8e0b6d7a1beb9c6b19978c4e863/_data","Destination":"/var/lib/mysql","Driver":"local","Mode":"","RW":true,"Propagation":""}],"Config":{"Hostname":"511b2d736fd4","Domainname":"","User":"","AttachStdin":false,"AttachStdout":false,"AttachStderr":false,"ExposedPorts":{"3306/tcp":{},"33060/tcp":{}},"Tty":false,"OpenStdin":false,"StdinOnce":false,"Env":["MYSQL_DATABASE=adm_videos","MYSQL_PASSWORD=123456","MYSQL_ROOT_PASSWORD=123456","PATH=/usr/local/sbin:/usr/local/bin:/usr/sbin:/usr/bin:/sbin:/bin","GOSU_VERSION=1.16","MYSQL_MAJOR=8.0","MYSQL_VERSION=8.0.32-1.el8","MYSQL_SHELL_VERSION=8.0.32-1.el8"],"Cmd":["mysqld"],"Image":"mysql:latest","Volumes":{"/var/lib/mysql":{}},"WorkingDir":"","Entrypoint":["docker-entrypoint.sh"],"OnBuild":null,"Labels":{"org.testcontainers":"true","org.testcontainers.lang":"java","org.testcontainers.sessionId":"c721e8e0-dbbd-4305-a748-6be2465f786d","org.testcontainers.version":"1.17.6"}},"NetworkSettings":{"Bridge":"","SandboxID":"23a51dba07b22c8536581cd39611755923749e16a93a45ce75c5c8a4a7759981","HairpinMode":false,"LinkLocalIPv6Address":"","LinkLocalIPv6PrefixLen":0,"Ports":{"3306/tcp":[{"HostIp":"0.0.0.0","HostPort":"50897"}],"33060/tcp":null},"SandboxKey":"/var/run/docker/netns/23a51dba07b2","SecondaryIPAddresses":null,"SecondaryIPv6Addresses":null,"EndpointID":"692f30c6e93a1486104b6273bdc38b1f926e45528d0b3ff49b5fe2d91ed6b329","Gateway":"172.17.0.1","GlobalIPv6Address":"","GlobalIPv6PrefixLen":0,"IPAddress":"172.17.0.3","IPPrefixLen":16,"IPv6Gateway":"","MacAddress":"02:42:ac:11:00:03","Networks":{"bridge":{"IPAMConfig":null,"Links":null,"Aliases":null,"NetworkID":"eba6fdf7ebe51912c859fc2dc83d1407a50db03ea3c296d90f885e8af84b6e93","EndpointID":"692f30c6e93a1486104b6273bdc38b1f926e45528d0b3ff49b5fe2d91ed6b329","Gateway":"172.17.0.1","IPAddress":"172.17.0.3","IPPrefixLen":16,"IPv6Gateway":"","GlobalIPv6Address":"","GlobalIPv6PrefixLen":0,"MacAddress":"02:42:ac:11:00:03","DriverOpts":null}}}}[\n]"
22:07:11.225 [Test worker] DEBUG com.github.dockerjava.zerodep.shaded.org.apache.hc.client5.http.wire - http-outgoing-2 << "[\r][\n]"
22:07:11.225 [Test worker] DEBUG com.github.dockerjava.zerodep.shaded.org.apache.hc.client5.http.wire - http-outgoing-2 << "0[\r][\n]"
22:07:11.225 [Test worker] DEBUG com.github.dockerjava.zerodep.shaded.org.apache.hc.client5.http.wire - http-outgoing-2 << "[\r][\n]"
22:07:11.226 [Test worker] DEBUG com.github.dockerjava.zerodep.shaded.org.apache.hc.client5.http.impl.classic.InternalHttpClient - ep-00000046: releasing valid endpoint
22:07:11.226 [Test worker] DEBUG com.github.dockerjava.zerodep.shaded.org.apache.hc.client5.http.impl.io.PoolingHttpClientConnectionManager - ep-00000046: releasing endpoint
22:07:11.226 [Test worker] DEBUG com.github.dockerjava.zerodep.shaded.org.apache.hc.client5.http.impl.io.PoolingHttpClientConnectionManager - ep-00000046: connection http-outgoing-2 can be kept alive for 3 MINUTES
22:07:11.227 [Test worker] DEBUG com.github.dockerjava.zerodep.shaded.org.apache.hc.client5.http.impl.io.PoolingHttpClientConnectionManager - ep-00000046: connection released [route: {}->unix://localhost:2375][total available: 1; route allocated: 1 of 2147483647; total allocated: 1 of 2147483647]
22:07:11.227 [Test worker] DEBUG ]]>&#x1f433;<![CDATA[ [mysql:latest] - Trying to create JDBC connection using com.mysql.cj.jdbc.Driver to jdbc:mysql://localhost:50897/adm_videos?useSSL=false&allowPublicKeyRetrieval=true with properties: {password=123456, user=root}
22:07:11.335 [Test worker] DEBUG org.testcontainers.shaded.com.github.dockerjava.core.command.AbstrDockerCmd - Cmd: 511b2d736fd4c4da08b79110fd21fdaa756368e4971eb130f8114450b3efc085,false
22:07:11.335 [Test worker] DEBUG org.testcontainers.shaded.com.github.dockerjava.core.exec.InspectContainerCmdExec - GET: DefaultWebTarget{path=[/containers/511b2d736fd4c4da08b79110fd21fdaa756368e4971eb130f8114450b3efc085/json], queryParams={}}
22:07:11.335 [Test worker] DEBUG com.github.dockerjava.zerodep.shaded.org.apache.hc.client5.http.impl.classic.InternalHttpClient - ex-00000048: preparing request execution
22:07:11.335 [Test worker] DEBUG com.github.dockerjava.zerodep.shaded.org.apache.hc.client5.http.protocol.RequestAddCookies - Cookie spec selected: strict
22:07:11.335 [Test worker] DEBUG com.github.dockerjava.zerodep.shaded.org.apache.hc.client5.http.protocol.RequestAuthCache - Auth cache not set in the context
22:07:11.335 [Test worker] DEBUG com.github.dockerjava.zerodep.shaded.org.apache.hc.client5.http.impl.classic.ProtocolExec - ex-00000048: target auth state: UNCHALLENGED
22:07:11.335 [Test worker] DEBUG com.github.dockerjava.zerodep.shaded.org.apache.hc.client5.http.impl.classic.ProtocolExec - ex-00000048: proxy auth state: UNCHALLENGED
22:07:11.335 [Test worker] DEBUG com.github.dockerjava.zerodep.shaded.org.apache.hc.client5.http.impl.classic.ConnectExec - ex-00000048: acquiring connection with route {}->unix://localhost:2375
22:07:11.336 [Test worker] DEBUG com.github.dockerjava.zerodep.shaded.org.apache.hc.client5.http.impl.classic.InternalHttpClient - ex-00000048: acquiring endpoint (3 MINUTES)
22:07:11.336 [Test worker] DEBUG com.github.dockerjava.zerodep.shaded.org.apache.hc.client5.http.impl.io.PoolingHttpClientConnectionManager - ex-00000048: endpoint lease request (3 MINUTES) [route: {}->unix://localhost:2375][total available: 1; route allocated: 1 of 2147483647; total allocated: 1 of 2147483647]
22:07:11.336 [Test worker] DEBUG com.github.dockerjava.zerodep.shaded.org.apache.hc.client5.http.impl.io.PoolingHttpClientConnectionManager - ex-00000048: endpoint leased [route: {}->unix://localhost:2375][total available: 0; route allocated: 1 of 2147483647; total allocated: 1 of 2147483647]
22:07:11.336 [Test worker] DEBUG com.github.dockerjava.zerodep.shaded.org.apache.hc.client5.http.impl.io.PoolingHttpClientConnectionManager - ex-00000048: acquired ep-00000047
22:07:11.336 [Test worker] DEBUG com.github.dockerjava.zerodep.shaded.org.apache.hc.client5.http.impl.classic.InternalHttpClient - ex-00000048: acquired endpoint ep-00000047
22:07:11.336 [Test worker] DEBUG com.github.dockerjava.zerodep.shaded.org.apache.hc.client5.http.impl.classic.MainClientExec - ex-00000048: executing GET /v1.32/containers/511b2d736fd4c4da08b79110fd21fdaa756368e4971eb130f8114450b3efc085/json HTTP/1.1
22:07:11.336 [Test worker] DEBUG com.github.dockerjava.zerodep.shaded.org.apache.hc.client5.http.impl.classic.InternalHttpClient - ep-00000047: start execution ex-00000048
22:07:11.336 [Test worker] DEBUG com.github.dockerjava.zerodep.shaded.org.apache.hc.client5.http.impl.io.PoolingHttpClientConnectionManager - ep-00000047: executing exchange ex-00000048 over http-outgoing-2
22:07:11.336 [Test worker] DEBUG com.github.dockerjava.zerodep.shaded.org.apache.hc.client5.http.headers - http-outgoing-2 >> GET /v1.32/containers/511b2d736fd4c4da08b79110fd21fdaa756368e4971eb130f8114450b3efc085/json HTTP/1.1
22:07:11.336 [Test worker] DEBUG com.github.dockerjava.zerodep.shaded.org.apache.hc.client5.http.headers - http-outgoing-2 >> accept: application/json
22:07:11.336 [Test worker] DEBUG com.github.dockerjava.zerodep.shaded.org.apache.hc.client5.http.headers - http-outgoing-2 >> x-tc-sid: c721e8e0-dbbd-4305-a748-6be2465f786d
22:07:11.336 [Test worker] DEBUG com.github.dockerjava.zerodep.shaded.org.apache.hc.client5.http.headers - http-outgoing-2 >> Accept-Encoding: gzip, x-gzip, deflate
22:07:11.336 [Test worker] DEBUG com.github.dockerjava.zerodep.shaded.org.apache.hc.client5.http.headers - http-outgoing-2 >> Host: localhost:2375
22:07:11.336 [Test worker] DEBUG com.github.dockerjava.zerodep.shaded.org.apache.hc.client5.http.headers - http-outgoing-2 >> Connection: keep-alive
22:07:11.336 [Test worker] DEBUG com.github.dockerjava.zerodep.shaded.org.apache.hc.client5.http.headers - http-outgoing-2 >> User-Agent: Apache-HttpClient/5.0.3 (Java/17.0.2)
22:07:11.336 [Test worker] DEBUG com.github.dockerjava.zerodep.shaded.org.apache.hc.client5.http.wire - http-outgoing-2 >> "GET /v1.32/containers/511b2d736fd4c4da08b79110fd21fdaa756368e4971eb130f8114450b3efc085/json HTTP/1.1[\r][\n]"
22:07:11.336 [Test worker] DEBUG com.github.dockerjava.zerodep.shaded.org.apache.hc.client5.http.wire - http-outgoing-2 >> "accept: application/json[\r][\n]"
22:07:11.336 [Test worker] DEBUG com.github.dockerjava.zerodep.shaded.org.apache.hc.client5.http.wire - http-outgoing-2 >> "x-tc-sid: c721e8e0-dbbd-4305-a748-6be2465f786d[\r][\n]"
22:07:11.336 [Test worker] DEBUG com.github.dockerjava.zerodep.shaded.org.apache.hc.client5.http.wire - http-outgoing-2 >> "Accept-Encoding: gzip, x-gzip, deflate[\r][\n]"
22:07:11.336 [Test worker] DEBUG com.github.dockerjava.zerodep.shaded.org.apache.hc.client5.http.wire - http-outgoing-2 >> "Host: localhost:2375[\r][\n]"
22:07:11.336 [Test worker] DEBUG com.github.dockerjava.zerodep.shaded.org.apache.hc.client5.http.wire - http-outgoing-2 >> "Connection: keep-alive[\r][\n]"
22:07:11.336 [Test worker] DEBUG com.github.dockerjava.zerodep.shaded.org.apache.hc.client5.http.wire - http-outgoing-2 >> "User-Agent: Apache-HttpClient/5.0.3 (Java/17.0.2)[\r][\n]"
22:07:11.336 [Test worker] DEBUG com.github.dockerjava.zerodep.shaded.org.apache.hc.client5.http.wire - http-outgoing-2 >> "[\r][\n]"
22:07:11.341 [Test worker] DEBUG com.github.dockerjava.zerodep.shaded.org.apache.hc.client5.http.wire - http-outgoing-2 << "HTTP/1.1 200 OK[\r][\n]"
22:07:11.341 [Test worker] DEBUG com.github.dockerjava.zerodep.shaded.org.apache.hc.client5.http.wire - http-outgoing-2 << "Api-Version: 1.41[\r][\n]"
22:07:11.341 [Test worker] DEBUG com.github.dockerjava.zerodep.shaded.org.apache.hc.client5.http.wire - http-outgoing-2 << "Content-Type: application/json[\r][\n]"
22:07:11.341 [Test worker] DEBUG com.github.dockerjava.zerodep.shaded.org.apache.hc.client5.http.wire - http-outgoing-2 << "Date: Mon, 03 Apr 2023 01:07:11 GMT[\r][\n]"
22:07:11.341 [Test worker] DEBUG com.github.dockerjava.zerodep.shaded.org.apache.hc.client5.http.wire - http-outgoing-2 << "Docker-Experimental: false[\r][\n]"
22:07:11.341 [Test worker] DEBUG com.github.dockerjava.zerodep.shaded.org.apache.hc.client5.http.wire - http-outgoing-2 << "Ostype: linux[\r][\n]"
22:07:11.341 [Test worker] DEBUG com.github.dockerjava.zerodep.shaded.org.apache.hc.client5.http.wire - http-outgoing-2 << "Server: Docker/20.10.21 (linux)[\r][\n]"
22:07:11.342 [Test worker] DEBUG com.github.dockerjava.zerodep.shaded.org.apache.hc.client5.http.wire - http-outgoing-2 << "Transfer-Encoding: chunked[\r][\n]"
22:07:11.342 [Test worker] DEBUG com.github.dockerjava.zerodep.shaded.org.apache.hc.client5.http.wire - http-outgoing-2 << "[\r][\n]"
22:07:11.342 [Test worker] DEBUG com.github.dockerjava.zerodep.shaded.org.apache.hc.client5.http.headers - http-outgoing-2 << HTTP/1.1 200 OK
22:07:11.342 [Test worker] DEBUG com.github.dockerjava.zerodep.shaded.org.apache.hc.client5.http.headers - http-outgoing-2 << Api-Version: 1.41
22:07:11.342 [Test worker] DEBUG com.github.dockerjava.zerodep.shaded.org.apache.hc.client5.http.headers - http-outgoing-2 << Content-Type: application/json
22:07:11.342 [Test worker] DEBUG com.github.dockerjava.zerodep.shaded.org.apache.hc.client5.http.headers - http-outgoing-2 << Date: Mon, 03 Apr 2023 01:07:11 GMT
22:07:11.342 [Test worker] DEBUG com.github.dockerjava.zerodep.shaded.org.apache.hc.client5.http.headers - http-outgoing-2 << Docker-Experimental: false
22:07:11.342 [Test worker] DEBUG com.github.dockerjava.zerodep.shaded.org.apache.hc.client5.http.headers - http-outgoing-2 << Ostype: linux
22:07:11.342 [Test worker] DEBUG com.github.dockerjava.zerodep.shaded.org.apache.hc.client5.http.headers - http-outgoing-2 << Server: Docker/20.10.21 (linux)
22:07:11.342 [Test worker] DEBUG com.github.dockerjava.zerodep.shaded.org.apache.hc.client5.http.headers - http-outgoing-2 << Transfer-Encoding: chunked
22:07:11.342 [Test worker] DEBUG com.github.dockerjava.zerodep.shaded.org.apache.hc.client5.http.impl.classic.MainClientExec - ex-00000048: connection can be kept alive for 3 MINUTES
22:07:11.344 [Test worker] DEBUG com.github.dockerjava.zerodep.shaded.org.apache.hc.client5.http.wire - http-outgoing-2 << "18c0[\r][\n]"
22:07:11.344 [Test worker] DEBUG com.github.dockerjava.zerodep.shaded.org.apache.hc.client5.http.wire - http-outgoing-2 << "{"Id":"511b2d736fd4c4da08b79110fd21fdaa756368e4971eb130f8114450b3efc085","Created":"2023-04-03T01:07:04.201309337Z","Path":"docker-entrypoint.sh","Args":["mysqld"],"State":{"Status":"running","Running":true,"Paused":false,"Restarting":false,"OOMKilled":false,"Dead":false,"Pid":2724,"ExitCode":0,"Error":"","StartedAt":"2023-04-03T01:07:04.498400921Z","FinishedAt":"0001-01-01T00:00:00Z"},"Image":"sha256:c7c54c29e20dccc1aefb936c8eba8bb8b98b87a4921102aba87fde2df5810af9","ResolvConfPath":"/var/lib/docker/containers/511b2d736fd4c4da08b79110fd21fdaa756368e4971eb130f8114450b3efc085/resolv.conf","HostnamePath":"/var/lib/docker/containers/511b2d736fd4c4da08b79110fd21fdaa756368e4971eb130f8114450b3efc085/hostname","HostsPath":"/var/lib/docker/containers/511b2d736fd4c4da08b79110fd21fdaa756368e4971eb130f8114450b3efc085/hosts","LogPath":"/var/lib/docker/containers/511b2d736fd4c4da08b79110fd21fdaa756368e4971eb130f8114450b3efc085/511b2d736fd4c4da08b79110fd21fdaa756368e4971eb130f8114450b3efc085-json.log","Name":"/elastic_easley","RestartCount":0,"Driver":"overlay2","Platform":"linux","MountLabel":"","ProcessLabel":"","AppArmorProfile":"","ExecIDs":null,"HostConfig":{"Binds":[],"ContainerIDFile":"","LogConfig":{"Type":"json-file","Config":{}},"NetworkMode":"default","PortBindings":{"3306/tcp":[{"HostIp":"0.0.0.0","HostPort":"0"}]},"RestartPolicy":{"Name":"","MaximumRetryCount":0},"AutoRemove":false,"VolumeDriver":"","VolumesFrom":[],"CapAdd":null,"CapDrop":null,"CgroupnsMode":"private","Dns":null,"DnsOptions":null,"DnsSearch":null,"ExtraHosts":[],"GroupAdd":null,"IpcMode":"shareable","Cgroup":"","Links":null,"OomScoreAdj":0,"PidMode":"","Privileged":false,"PublishAllPorts":false,"ReadonlyRootfs":false,"SecurityOpt":null,"UTSMode":"","UsernsMode":"","ShmSize":67108864,"Runtime":"runc","ConsoleSize":[0,0],"Isolation":"","CpuShares":0,"Memory":0,"NanoCpus":0,"CgroupParent":"","BlkioWeight":0,"BlkioWeightDevice":null,"BlkioDeviceReadBps":null,"BlkioDeviceWriteBps":null,"BlkioDeviceReadIOps":null,"BlkioDeviceWriteIOps":null,"CpuPeriod":0,"CpuQuota":0,"CpuRealtimePeriod":0,"CpuRealtimeRuntime":0,"CpusetCpus":"","CpusetMems":"","Devices":null,"DeviceCgroupRules":null,"DeviceRequests":null,"KernelMemory":0,"KernelMemoryTCP":0,"MemoryReservation":0,"MemorySwap":0,"MemorySwappiness":null,"OomKillDisable":null,"PidsLimit":null,"Ulimits":null,"CpuCount":0,"CpuPercent":0,"IOMaximumIOps":0,"IOMaximumBandwidth":0,"MaskedPaths":["/proc/asound","/proc/acpi","/proc/kcore","/proc/keys","/proc/latency_stats","/proc/timer_list","/proc/timer_stats","/proc/sched_debug","/proc/scsi","/sys/firmware"],"ReadonlyPaths":["/proc/bus","/proc/fs","/proc/irq","/proc/sys","/proc/sysrq-trigger"]},"GraphDriver":{"Data":{"LowerDir":"/var/lib/docker/overlay2/5ada145d0e3939fe5ed2118eea99b9f10241aeee200293145c73dce66470a568-init/diff:/var/lib/docker/overlay2/1bd8849d7a296305617011f940aa5cfabbe972a513397b1b6bbc27639b6c1f30/diff:/var/lib/docker/overlay2/199d69b2fbf78af4d4c95dec4fd2f8835ab0347eb49fb20ebb2ff3b99fedd6ad/diff:/var/lib/docker/overlay2/d83c38d654989311f75b9491329846033bfb7714de76ef635380dcfad5c740d9/diff:/var/lib/docker/overlay2/08600d0aea2ab2728bebcf5d2589c640a842f53d1ba3c4a4adccb4d03b923cf6/diff:/var/lib/docker/overlay2/9ec7c63a3fb14d13ac788bbf5e282ca821edc41260b79944e5e631037d13ecda/diff:/var/lib/docker/overlay2/db601d7a1b4ea6da638db620462f0da96fa55c559d02269c9ddb09027936ed87/diff:/var/lib/docker/overlay2/a6d2bd03f942e2565f21e74cfe152c7ec836a1c2b583f0790c685b92bdcfda24/diff:/var/lib/docker/overlay2/9badd16ea2c5e2bf1fde8b579683e41137dfc46ed5449234149f199a6751cc84/diff:/var/lib/docker/overlay2/6efb85646ed12e2d1181ef4cc6f6f6732c00c15a4035fe17ebc4f075ca573c30/diff:/var/lib/docker/overlay2/895d7c0ec09144d6ed33936f4e98e11c18010f7abd708cae1ce43aec7a7f2621/diff:/var/lib/docker/overlay2/1c4ba77aa573ab6e5e5069fd15eae71b3da940bde0f97a922a227ffc8a1d1096/diff","MergedDir":"/var/lib/docker/overlay2/5ada145d0e3939fe5ed2118eea99b9f10241aeee200293145c73dce66470a568/merged","UpperDir":"/var/lib/docker/overlay2/5ada145d0e3939fe5ed2118eea99b9f10241aeee200293145c73dce66470a568/diff","WorkDir":"/var/lib/docker/overlay2/5ada145d0e3939fe5ed2118eea99b9f10241aeee200293145c73dce66470a568/work"},"Name":"overlay2"},"Mounts":[{"Type":"volume","Name":"ac6dcf572a35a68e3a3a5bdf3d1899d89919b8e0b6d7a1beb9c6b19978c4e863","Source":"/var/lib/docker/volumes/ac6dcf572a35a68e3a3a5bdf3d1899d89919b8e0b6d7a1beb9c6b19978c4e863/_data","Destination":"/var/lib/mysql","Driver":"local","Mode":"","RW":true,"Propagation":""}],"Config":{"Hostname":"511b2d736fd4","Domainname":"","User":"","AttachStdin":false,"AttachStdout":false,"AttachStderr":false,"ExposedPorts":{"3306/tcp":{},"33060/tcp":{}},"Tty":false,"OpenStdin":false,"StdinOnce":false,"Env":["MYSQL_DATABASE=adm_videos","MYSQL_PASSWORD=123456","MYSQL_ROOT_PASSWORD=123456","PATH=/usr/local/sbin:/usr/local/bin:/usr/sbin:/usr/bin:/sbin:/bin","GOSU_VERSION=1.16","MYSQL_MAJOR=8.0","MYSQL_VERSION=8.0.32-1.el8","MYSQL_SHELL_VERSION=8.0.32-1.el8"],"Cmd":["mysqld"],"Image":"mysql:latest","Volumes":{"/var/lib/mysql":{}},"WorkingDir":"","Entrypoint":["docker-entrypoint.sh"],"OnBuild":null,"Labels":{"org.testcontainers":"true","org.testcontainers.lang":"java","org.testcontainers.sessionId":"c721e8e0-dbbd-4305-a748-6be2465f786d","org.testcontainers.version":"1.17.6"}},"NetworkSettings":{"Bridge":"","SandboxID":"23a51dba07b22c8536581cd39611755923749e16a93a45ce75c5c8a4a7759981","HairpinMode":false,"LinkLocalIPv6Address":"","LinkLocalIPv6PrefixLen":0,"Ports":{"3306/tcp":[{"HostIp":"0.0.0.0","HostPort":"50897"}],"33060/tcp":null},"SandboxKey":"/var/run/docker/netns/23a51dba07b2","SecondaryIPAddresses":null,"SecondaryIPv6Addresses":null,"EndpointID":"692f30c6e93a1486104b6273bdc38b1f926e45528d0b3ff49b5fe2d91ed6b329","Gateway":"172.17.0.1","GlobalIPv6Address":"","GlobalIPv6PrefixLen":0,"IPAddress":"172.17.0.3","IPPrefixLen":16,"IPv6Gateway":"","MacAddress":"02:42:ac:11:00:03","Networks":{"bridge":{"IPAMConfig":null,"Links":null,"Aliases":null,"NetworkID":"eba6fdf7ebe51912c859fc2dc83d1407a50db03ea3c296d90f885e8af84b6e93","EndpointID":"692f30c6e93a1486104b6273bdc38b1f926e45528d0b3ff49b5fe2d91ed6b329","Gateway":"172.17.0.1","IPAddress":"172.17.0.3","IPPrefixLen":16,"IPv6Gateway":"","GlobalIPv6Address":"","GlobalIPv6PrefixLen":0,"MacAddress":"02:42:ac:11:00:03","DriverOpts":null}}}}[\n]"
22:07:11.345 [Test worker] DEBUG com.github.dockerjava.zerodep.shaded.org.apache.hc.client5.http.wire - http-outgoing-2 << "[\r][\n]"
22:07:11.345 [Test worker] DEBUG com.github.dockerjava.zerodep.shaded.org.apache.hc.client5.http.wire - http-outgoing-2 << "0[\r][\n]"
22:07:11.345 [Test worker] DEBUG com.github.dockerjava.zerodep.shaded.org.apache.hc.client5.http.wire - http-outgoing-2 << "[\r][\n]"
22:07:11.345 [Test worker] DEBUG com.github.dockerjava.zerodep.shaded.org.apache.hc.client5.http.impl.classic.InternalHttpClient - ep-00000047: releasing valid endpoint
22:07:11.345 [Test worker] DEBUG com.github.dockerjava.zerodep.shaded.org.apache.hc.client5.http.impl.io.PoolingHttpClientConnectionManager - ep-00000047: releasing endpoint
22:07:11.345 [Test worker] DEBUG com.github.dockerjava.zerodep.shaded.org.apache.hc.client5.http.impl.io.PoolingHttpClientConnectionManager - ep-00000047: connection http-outgoing-2 can be kept alive for 3 MINUTES
22:07:11.345 [Test worker] DEBUG com.github.dockerjava.zerodep.shaded.org.apache.hc.client5.http.impl.io.PoolingHttpClientConnectionManager - ep-00000047: connection released [route: {}->unix://localhost:2375][total available: 1; route allocated: 1 of 2147483647; total allocated: 1 of 2147483647]
22:07:11.346 [Test worker] DEBUG ]]>&#x1f433;<![CDATA[ [mysql:latest] - Trying to create JDBC connection using com.mysql.cj.jdbc.Driver to jdbc:mysql://localhost:50897/adm_videos?useSSL=false&allowPublicKeyRetrieval=true with properties: {password=123456, user=root}
22:07:11.454 [Test worker] DEBUG org.testcontainers.shaded.com.github.dockerjava.core.command.AbstrDockerCmd - Cmd: 511b2d736fd4c4da08b79110fd21fdaa756368e4971eb130f8114450b3efc085,false
22:07:11.454 [Test worker] DEBUG org.testcontainers.shaded.com.github.dockerjava.core.exec.InspectContainerCmdExec - GET: DefaultWebTarget{path=[/containers/511b2d736fd4c4da08b79110fd21fdaa756368e4971eb130f8114450b3efc085/json], queryParams={}}
22:07:11.455 [Test worker] DEBUG com.github.dockerjava.zerodep.shaded.org.apache.hc.client5.http.impl.classic.InternalHttpClient - ex-00000049: preparing request execution
22:07:11.455 [Test worker] DEBUG com.github.dockerjava.zerodep.shaded.org.apache.hc.client5.http.protocol.RequestAddCookies - Cookie spec selected: strict
22:07:11.455 [Test worker] DEBUG com.github.dockerjava.zerodep.shaded.org.apache.hc.client5.http.protocol.RequestAuthCache - Auth cache not set in the context
22:07:11.455 [Test worker] DEBUG com.github.dockerjava.zerodep.shaded.org.apache.hc.client5.http.impl.classic.ProtocolExec - ex-00000049: target auth state: UNCHALLENGED
22:07:11.455 [Test worker] DEBUG com.github.dockerjava.zerodep.shaded.org.apache.hc.client5.http.impl.classic.ProtocolExec - ex-00000049: proxy auth state: UNCHALLENGED
22:07:11.455 [Test worker] DEBUG com.github.dockerjava.zerodep.shaded.org.apache.hc.client5.http.impl.classic.ConnectExec - ex-00000049: acquiring connection with route {}->unix://localhost:2375
22:07:11.455 [Test worker] DEBUG com.github.dockerjava.zerodep.shaded.org.apache.hc.client5.http.impl.classic.InternalHttpClient - ex-00000049: acquiring endpoint (3 MINUTES)
22:07:11.455 [Test worker] DEBUG com.github.dockerjava.zerodep.shaded.org.apache.hc.client5.http.impl.io.PoolingHttpClientConnectionManager - ex-00000049: endpoint lease request (3 MINUTES) [route: {}->unix://localhost:2375][total available: 1; route allocated: 1 of 2147483647; total allocated: 1 of 2147483647]
22:07:11.455 [Test worker] DEBUG com.github.dockerjava.zerodep.shaded.org.apache.hc.client5.http.impl.io.PoolingHttpClientConnectionManager - ex-00000049: endpoint leased [route: {}->unix://localhost:2375][total available: 0; route allocated: 1 of 2147483647; total allocated: 1 of 2147483647]
22:07:11.455 [Test worker] DEBUG com.github.dockerjava.zerodep.shaded.org.apache.hc.client5.http.impl.io.PoolingHttpClientConnectionManager - ex-00000049: acquired ep-00000048
22:07:11.455 [Test worker] DEBUG com.github.dockerjava.zerodep.shaded.org.apache.hc.client5.http.impl.classic.InternalHttpClient - ex-00000049: acquired endpoint ep-00000048
22:07:11.455 [Test worker] DEBUG com.github.dockerjava.zerodep.shaded.org.apache.hc.client5.http.impl.classic.MainClientExec - ex-00000049: executing GET /v1.32/containers/511b2d736fd4c4da08b79110fd21fdaa756368e4971eb130f8114450b3efc085/json HTTP/1.1
22:07:11.455 [Test worker] DEBUG com.github.dockerjava.zerodep.shaded.org.apache.hc.client5.http.impl.classic.InternalHttpClient - ep-00000048: start execution ex-00000049
22:07:11.455 [Test worker] DEBUG com.github.dockerjava.zerodep.shaded.org.apache.hc.client5.http.impl.io.PoolingHttpClientConnectionManager - ep-00000048: executing exchange ex-00000049 over http-outgoing-2
22:07:11.455 [Test worker] DEBUG com.github.dockerjava.zerodep.shaded.org.apache.hc.client5.http.headers - http-outgoing-2 >> GET /v1.32/containers/511b2d736fd4c4da08b79110fd21fdaa756368e4971eb130f8114450b3efc085/json HTTP/1.1
22:07:11.455 [Test worker] DEBUG com.github.dockerjava.zerodep.shaded.org.apache.hc.client5.http.headers - http-outgoing-2 >> accept: application/json
22:07:11.455 [Test worker] DEBUG com.github.dockerjava.zerodep.shaded.org.apache.hc.client5.http.headers - http-outgoing-2 >> x-tc-sid: c721e8e0-dbbd-4305-a748-6be2465f786d
22:07:11.455 [Test worker] DEBUG com.github.dockerjava.zerodep.shaded.org.apache.hc.client5.http.headers - http-outgoing-2 >> Accept-Encoding: gzip, x-gzip, deflate
22:07:11.455 [Test worker] DEBUG com.github.dockerjava.zerodep.shaded.org.apache.hc.client5.http.headers - http-outgoing-2 >> Host: localhost:2375
22:07:11.455 [Test worker] DEBUG com.github.dockerjava.zerodep.shaded.org.apache.hc.client5.http.headers - http-outgoing-2 >> Connection: keep-alive
22:07:11.455 [Test worker] DEBUG com.github.dockerjava.zerodep.shaded.org.apache.hc.client5.http.headers - http-outgoing-2 >> User-Agent: Apache-HttpClient/5.0.3 (Java/17.0.2)
22:07:11.455 [Test worker] DEBUG com.github.dockerjava.zerodep.shaded.org.apache.hc.client5.http.wire - http-outgoing-2 >> "GET /v1.32/containers/511b2d736fd4c4da08b79110fd21fdaa756368e4971eb130f8114450b3efc085/json HTTP/1.1[\r][\n]"
22:07:11.455 [Test worker] DEBUG com.github.dockerjava.zerodep.shaded.org.apache.hc.client5.http.wire - http-outgoing-2 >> "accept: application/json[\r][\n]"
22:07:11.455 [Test worker] DEBUG com.github.dockerjava.zerodep.shaded.org.apache.hc.client5.http.wire - http-outgoing-2 >> "x-tc-sid: c721e8e0-dbbd-4305-a748-6be2465f786d[\r][\n]"
22:07:11.455 [Test worker] DEBUG com.github.dockerjava.zerodep.shaded.org.apache.hc.client5.http.wire - http-outgoing-2 >> "Accept-Encoding: gzip, x-gzip, deflate[\r][\n]"
22:07:11.455 [Test worker] DEBUG com.github.dockerjava.zerodep.shaded.org.apache.hc.client5.http.wire - http-outgoing-2 >> "Host: localhost:2375[\r][\n]"
22:07:11.455 [Test worker] DEBUG com.github.dockerjava.zerodep.shaded.org.apache.hc.client5.http.wire - http-outgoing-2 >> "Connection: keep-alive[\r][\n]"
22:07:11.455 [Test worker] DEBUG com.github.dockerjava.zerodep.shaded.org.apache.hc.client5.http.wire - http-outgoing-2 >> "User-Agent: Apache-HttpClient/5.0.3 (Java/17.0.2)[\r][\n]"
22:07:11.455 [Test worker] DEBUG com.github.dockerjava.zerodep.shaded.org.apache.hc.client5.http.wire - http-outgoing-2 >> "[\r][\n]"
22:07:11.457 [Test worker] DEBUG com.github.dockerjava.zerodep.shaded.org.apache.hc.client5.http.wire - http-outgoing-2 << "HTTP/1.1 200 OK[\r][\n]"
22:07:11.457 [Test worker] DEBUG com.github.dockerjava.zerodep.shaded.org.apache.hc.client5.http.wire - http-outgoing-2 << "Api-Version: 1.41[\r][\n]"
22:07:11.457 [Test worker] DEBUG com.github.dockerjava.zerodep.shaded.org.apache.hc.client5.http.wire - http-outgoing-2 << "Content-Type: application/json[\r][\n]"
22:07:11.457 [Test worker] DEBUG com.github.dockerjava.zerodep.shaded.org.apache.hc.client5.http.wire - http-outgoing-2 << "Date: Mon, 03 Apr 2023 01:07:11 GMT[\r][\n]"
22:07:11.457 [Test worker] DEBUG com.github.dockerjava.zerodep.shaded.org.apache.hc.client5.http.wire - http-outgoing-2 << "Docker-Experimental: false[\r][\n]"
22:07:11.457 [Test worker] DEBUG com.github.dockerjava.zerodep.shaded.org.apache.hc.client5.http.wire - http-outgoing-2 << "Ostype: linux[\r][\n]"
22:07:11.457 [Test worker] DEBUG com.github.dockerjava.zerodep.shaded.org.apache.hc.client5.http.wire - http-outgoing-2 << "Server: Docker/20.10.21 (linux)[\r][\n]"
22:07:11.457 [Test worker] DEBUG com.github.dockerjava.zerodep.shaded.org.apache.hc.client5.http.wire - http-outgoing-2 << "Transfer-Encoding: chunked[\r][\n]"
22:07:11.457 [Test worker] DEBUG com.github.dockerjava.zerodep.shaded.org.apache.hc.client5.http.wire - http-outgoing-2 << "[\r][\n]"
22:07:11.457 [Test worker] DEBUG com.github.dockerjava.zerodep.shaded.org.apache.hc.client5.http.headers - http-outgoing-2 << HTTP/1.1 200 OK
22:07:11.457 [Test worker] DEBUG com.github.dockerjava.zerodep.shaded.org.apache.hc.client5.http.headers - http-outgoing-2 << Api-Version: 1.41
22:07:11.457 [Test worker] DEBUG com.github.dockerjava.zerodep.shaded.org.apache.hc.client5.http.headers - http-outgoing-2 << Content-Type: application/json
22:07:11.457 [Test worker] DEBUG com.github.dockerjava.zerodep.shaded.org.apache.hc.client5.http.headers - http-outgoing-2 << Date: Mon, 03 Apr 2023 01:07:11 GMT
22:07:11.457 [Test worker] DEBUG com.github.dockerjava.zerodep.shaded.org.apache.hc.client5.http.headers - http-outgoing-2 << Docker-Experimental: false
22:07:11.457 [Test worker] DEBUG com.github.dockerjava.zerodep.shaded.org.apache.hc.client5.http.headers - http-outgoing-2 << Ostype: linux
22:07:11.457 [Test worker] DEBUG com.github.dockerjava.zerodep.shaded.org.apache.hc.client5.http.headers - http-outgoing-2 << Server: Docker/20.10.21 (linux)
22:07:11.457 [Test worker] DEBUG com.github.dockerjava.zerodep.shaded.org.apache.hc.client5.http.headers - http-outgoing-2 << Transfer-Encoding: chunked
22:07:11.457 [Test worker] DEBUG com.github.dockerjava.zerodep.shaded.org.apache.hc.client5.http.impl.classic.MainClientExec - ex-00000049: connection can be kept alive for 3 MINUTES
22:07:11.458 [Test worker] DEBUG com.github.dockerjava.zerodep.shaded.org.apache.hc.client5.http.wire - http-outgoing-2 << "18c0[\r][\n]"
22:07:11.458 [Test worker] DEBUG com.github.dockerjava.zerodep.shaded.org.apache.hc.client5.http.wire - http-outgoing-2 << "{"Id":"511b2d736fd4c4da08b79110fd21fdaa756368e4971eb130f8114450b3efc085","Created":"2023-04-03T01:07:04.201309337Z","Path":"docker-entrypoint.sh","Args":["mysqld"],"State":{"Status":"running","Running":true,"Paused":false,"Restarting":false,"OOMKilled":false,"Dead":false,"Pid":2724,"ExitCode":0,"Error":"","StartedAt":"2023-04-03T01:07:04.498400921Z","FinishedAt":"0001-01-01T00:00:00Z"},"Image":"sha256:c7c54c29e20dccc1aefb936c8eba8bb8b98b87a4921102aba87fde2df5810af9","ResolvConfPath":"/var/lib/docker/containers/511b2d736fd4c4da08b79110fd21fdaa756368e4971eb130f8114450b3efc085/resolv.conf","HostnamePath":"/var/lib/docker/containers/511b2d736fd4c4da08b79110fd21fdaa756368e4971eb130f8114450b3efc085/hostname","HostsPath":"/var/lib/docker/containers/511b2d736fd4c4da08b79110fd21fdaa756368e4971eb130f8114450b3efc085/hosts","LogPath":"/var/lib/docker/containers/511b2d736fd4c4da08b79110fd21fdaa756368e4971eb130f8114450b3efc085/511b2d736fd4c4da08b79110fd21fdaa756368e4971eb130f8114450b3efc085-json.log","Name":"/elastic_easley","RestartCount":0,"Driver":"overlay2","Platform":"linux","MountLabel":"","ProcessLabel":"","AppArmorProfile":"","ExecIDs":null,"HostConfig":{"Binds":[],"ContainerIDFile":"","LogConfig":{"Type":"json-file","Config":{}},"NetworkMode":"default","PortBindings":{"3306/tcp":[{"HostIp":"0.0.0.0","HostPort":"0"}]},"RestartPolicy":{"Name":"","MaximumRetryCount":0},"AutoRemove":false,"VolumeDriver":"","VolumesFrom":[],"CapAdd":null,"CapDrop":null,"CgroupnsMode":"private","Dns":null,"DnsOptions":null,"DnsSearch":null,"ExtraHosts":[],"GroupAdd":null,"IpcMode":"shareable","Cgroup":"","Links":null,"OomScoreAdj":0,"PidMode":"","Privileged":false,"PublishAllPorts":false,"ReadonlyRootfs":false,"SecurityOpt":null,"UTSMode":"","UsernsMode":"","ShmSize":67108864,"Runtime":"runc","ConsoleSize":[0,0],"Isolation":"","CpuShares":0,"Memory":0,"NanoCpus":0,"CgroupParent":"","BlkioWeight":0,"BlkioWeightDevice":null,"BlkioDeviceReadBps":null,"BlkioDeviceWriteBps":null,"BlkioDeviceReadIOps":null,"BlkioDeviceWriteIOps":null,"CpuPeriod":0,"CpuQuota":0,"CpuRealtimePeriod":0,"CpuRealtimeRuntime":0,"CpusetCpus":"","CpusetMems":"","Devices":null,"DeviceCgroupRules":null,"DeviceRequests":null,"KernelMemory":0,"KernelMemoryTCP":0,"MemoryReservation":0,"MemorySwap":0,"MemorySwappiness":null,"OomKillDisable":null,"PidsLimit":null,"Ulimits":null,"CpuCount":0,"CpuPercent":0,"IOMaximumIOps":0,"IOMaximumBandwidth":0,"MaskedPaths":["/proc/asound","/proc/acpi","/proc/kcore","/proc/keys","/proc/latency_stats","/proc/timer_list","/proc/timer_stats","/proc/sched_debug","/proc/scsi","/sys/firmware"],"ReadonlyPaths":["/proc/bus","/proc/fs","/proc/irq","/proc/sys","/proc/sysrq-trigger"]},"GraphDriver":{"Data":{"LowerDir":"/var/lib/docker/overlay2/5ada145d0e3939fe5ed2118eea99b9f10241aeee200293145c73dce66470a568-init/diff:/var/lib/docker/overlay2/1bd8849d7a296305617011f940aa5cfabbe972a513397b1b6bbc27639b6c1f30/diff:/var/lib/docker/overlay2/199d69b2fbf78af4d4c95dec4fd2f8835ab0347eb49fb20ebb2ff3b99fedd6ad/diff:/var/lib/docker/overlay2/d83c38d654989311f75b9491329846033bfb7714de76ef635380dcfad5c740d9/diff:/var/lib/docker/overlay2/08600d0aea2ab2728bebcf5d2589c640a842f53d1ba3c4a4adccb4d03b923cf6/diff:/var/lib/docker/overlay2/9ec7c63a3fb14d13ac788bbf5e282ca821edc41260b79944e5e631037d13ecda/diff:/var/lib/docker/overlay2/db601d7a1b4ea6da638db620462f0da96fa55c559d02269c9ddb09027936ed87/diff:/var/lib/docker/overlay2/a6d2bd03f942e2565f21e74cfe152c7ec836a1c2b583f0790c685b92bdcfda24/diff:/var/lib/docker/overlay2/9badd16ea2c5e2bf1fde8b579683e41137dfc46ed5449234149f199a6751cc84/diff:/var/lib/docker/overlay2/6efb85646ed12e2d1181ef4cc6f6f6732c00c15a4035fe17ebc4f075ca573c30/diff:/var/lib/docker/overlay2/895d7c0ec09144d6ed33936f4e98e11c18010f7abd708cae1ce43aec7a7f2621/diff:/var/lib/docker/overlay2/1c4ba77aa573ab6e5e5069fd15eae71b3da940bde0f97a922a227ffc8a1d1096/diff","MergedDir":"/var/lib/docker/overlay2/5ada145d0e3939fe5ed2118eea99b9f10241aeee200293145c73dce66470a568/merged","UpperDir":"/var/lib/docker/overlay2/5ada145d0e3939fe5ed2118eea99b9f10241aeee200293145c73dce66470a568/diff","WorkDir":"/var/lib/docker/overlay2/5ada145d0e3939fe5ed2118eea99b9f10241aeee200293145c73dce66470a568/work"},"Name":"overlay2"},"Mounts":[{"Type":"volume","Name":"ac6dcf572a35a68e3a3a5bdf3d1899d89919b8e0b6d7a1beb9c6b19978c4e863","Source":"/var/lib/docker/volumes/ac6dcf572a35a68e3a3a5bdf3d1899d89919b8e0b6d7a1beb9c6b19978c4e863/_data","Destination":"/var/lib/mysql","Driver":"local","Mode":"","RW":true,"Propagation":""}],"Config":{"Hostname":"511b2d736fd4","Domainname":"","User":"","AttachStdin":false,"AttachStdout":false,"AttachStderr":false,"ExposedPorts":{"3306/tcp":{},"33060/tcp":{}},"Tty":false,"OpenStdin":false,"StdinOnce":false,"Env":["MYSQL_DATABASE=adm_videos","MYSQL_PASSWORD=123456","MYSQL_ROOT_PASSWORD=123456","PATH=/usr/local/sbin:/usr/local/bin:/usr/sbin:/usr/bin:/sbin:/bin","GOSU_VERSION=1.16","MYSQL_MAJOR=8.0","MYSQL_VERSION=8.0.32-1.el8","MYSQL_SHELL_VERSION=8.0.32-1.el8"],"Cmd":["mysqld"],"Image":"mysql:latest","Volumes":{"/var/lib/mysql":{}},"WorkingDir":"","Entrypoint":["docker-entrypoint.sh"],"OnBuild":null,"Labels":{"org.testcontainers":"true","org.testcontainers.lang":"java","org.testcontainers.sessionId":"c721e8e0-dbbd-4305-a748-6be2465f786d","org.testcontainers.version":"1.17.6"}},"NetworkSettings":{"Bridge":"","SandboxID":"23a51dba07b22c8536581cd39611755923749e16a93a45ce75c5c8a4a7759981","HairpinMode":false,"LinkLocalIPv6Address":"","LinkLocalIPv6PrefixLen":0,"Ports":{"3306/tcp":[{"HostIp":"0.0.0.0","HostPort":"50897"}],"33060/tcp":null},"SandboxKey":"/var/run/docker/netns/23a51dba07b2","SecondaryIPAddresses":null,"SecondaryIPv6Addresses":null,"EndpointID":"692f30c6e93a1486104b6273bdc38b1f926e45528d0b3ff49b5fe2d91ed6b329","Gateway":"172.17.0.1","GlobalIPv6Address":"","GlobalIPv6PrefixLen":0,"IPAddress":"172.17.0.3","IPPrefixLen":16,"IPv6Gateway":"","MacAddress":"02:42:ac:11:00:03","Networks":{"bridge":{"IPAMConfig":null,"Links":null,"Aliases":null,"NetworkID":"eba6fdf7ebe51912c859fc2dc83d1407a50db03ea3c296d90f885e8af84b6e93","EndpointID":"692f30c6e93a1486104b6273bdc38b1f926e45528d0b3ff49b5fe2d91ed6b329","Gateway":"172.17.0.1","IPAddress":"172.17.0.3","IPPrefixLen":16,"IPv6Gateway":"","GlobalIPv6Address":"","GlobalIPv6PrefixLen":0,"MacAddress":"02:42:ac:11:00:03","DriverOpts":null}}}}[\n]"
22:07:11.458 [Test worker] DEBUG com.github.dockerjava.zerodep.shaded.org.apache.hc.client5.http.wire - http-outgoing-2 << "[\r][\n]"
22:07:11.459 [Test worker] DEBUG com.github.dockerjava.zerodep.shaded.org.apache.hc.client5.http.wire - http-outgoing-2 << "0[\r][\n]"
22:07:11.459 [Test worker] DEBUG com.github.dockerjava.zerodep.shaded.org.apache.hc.client5.http.wire - http-outgoing-2 << "[\r][\n]"
22:07:11.459 [Test worker] DEBUG com.github.dockerjava.zerodep.shaded.org.apache.hc.client5.http.impl.classic.InternalHttpClient - ep-00000048: releasing valid endpoint
22:07:11.459 [Test worker] DEBUG com.github.dockerjava.zerodep.shaded.org.apache.hc.client5.http.impl.io.PoolingHttpClientConnectionManager - ep-00000048: releasing endpoint
22:07:11.459 [Test worker] DEBUG com.github.dockerjava.zerodep.shaded.org.apache.hc.client5.http.impl.io.PoolingHttpClientConnectionManager - ep-00000048: connection http-outgoing-2 can be kept alive for 3 MINUTES
22:07:11.459 [Test worker] DEBUG com.github.dockerjava.zerodep.shaded.org.apache.hc.client5.http.impl.io.PoolingHttpClientConnectionManager - ep-00000048: connection released [route: {}->unix://localhost:2375][total available: 1; route allocated: 1 of 2147483647; total allocated: 1 of 2147483647]
22:07:11.459 [Test worker] DEBUG ]]>&#x1f433;<![CDATA[ [mysql:latest] - Trying to create JDBC connection using com.mysql.cj.jdbc.Driver to jdbc:mysql://localhost:50897/adm_videos?useSSL=false&allowPublicKeyRetrieval=true with properties: {password=123456, user=root}
22:07:11.566 [Test worker] DEBUG org.testcontainers.shaded.com.github.dockerjava.core.command.AbstrDockerCmd - Cmd: 511b2d736fd4c4da08b79110fd21fdaa756368e4971eb130f8114450b3efc085,false
22:07:11.566 [Test worker] DEBUG org.testcontainers.shaded.com.github.dockerjava.core.exec.InspectContainerCmdExec - GET: DefaultWebTarget{path=[/containers/511b2d736fd4c4da08b79110fd21fdaa756368e4971eb130f8114450b3efc085/json], queryParams={}}
22:07:11.566 [Test worker] DEBUG com.github.dockerjava.zerodep.shaded.org.apache.hc.client5.http.impl.classic.InternalHttpClient - ex-0000004A: preparing request execution
22:07:11.567 [Test worker] DEBUG com.github.dockerjava.zerodep.shaded.org.apache.hc.client5.http.protocol.RequestAddCookies - Cookie spec selected: strict
22:07:11.567 [Test worker] DEBUG com.github.dockerjava.zerodep.shaded.org.apache.hc.client5.http.protocol.RequestAuthCache - Auth cache not set in the context
22:07:11.567 [Test worker] DEBUG com.github.dockerjava.zerodep.shaded.org.apache.hc.client5.http.impl.classic.ProtocolExec - ex-0000004A: target auth state: UNCHALLENGED
22:07:11.567 [Test worker] DEBUG com.github.dockerjava.zerodep.shaded.org.apache.hc.client5.http.impl.classic.ProtocolExec - ex-0000004A: proxy auth state: UNCHALLENGED
22:07:11.567 [Test worker] DEBUG com.github.dockerjava.zerodep.shaded.org.apache.hc.client5.http.impl.classic.ConnectExec - ex-0000004A: acquiring connection with route {}->unix://localhost:2375
22:07:11.567 [Test worker] DEBUG com.github.dockerjava.zerodep.shaded.org.apache.hc.client5.http.impl.classic.InternalHttpClient - ex-0000004A: acquiring endpoint (3 MINUTES)
22:07:11.567 [Test worker] DEBUG com.github.dockerjava.zerodep.shaded.org.apache.hc.client5.http.impl.io.PoolingHttpClientConnectionManager - ex-0000004A: endpoint lease request (3 MINUTES) [route: {}->unix://localhost:2375][total available: 1; route allocated: 1 of 2147483647; total allocated: 1 of 2147483647]
22:07:11.567 [Test worker] DEBUG com.github.dockerjava.zerodep.shaded.org.apache.hc.client5.http.impl.io.PoolingHttpClientConnectionManager - ex-0000004A: endpoint leased [route: {}->unix://localhost:2375][total available: 0; route allocated: 1 of 2147483647; total allocated: 1 of 2147483647]
22:07:11.567 [Test worker] DEBUG com.github.dockerjava.zerodep.shaded.org.apache.hc.client5.http.impl.io.PoolingHttpClientConnectionManager - ex-0000004A: acquired ep-00000049
22:07:11.567 [Test worker] DEBUG com.github.dockerjava.zerodep.shaded.org.apache.hc.client5.http.impl.classic.InternalHttpClient - ex-0000004A: acquired endpoint ep-00000049
22:07:11.567 [Test worker] DEBUG com.github.dockerjava.zerodep.shaded.org.apache.hc.client5.http.impl.classic.MainClientExec - ex-0000004A: executing GET /v1.32/containers/511b2d736fd4c4da08b79110fd21fdaa756368e4971eb130f8114450b3efc085/json HTTP/1.1
22:07:11.567 [Test worker] DEBUG com.github.dockerjava.zerodep.shaded.org.apache.hc.client5.http.impl.classic.InternalHttpClient - ep-00000049: start execution ex-0000004A
22:07:11.567 [Test worker] DEBUG com.github.dockerjava.zerodep.shaded.org.apache.hc.client5.http.impl.io.PoolingHttpClientConnectionManager - ep-00000049: executing exchange ex-0000004A over http-outgoing-2
22:07:11.567 [Test worker] DEBUG com.github.dockerjava.zerodep.shaded.org.apache.hc.client5.http.headers - http-outgoing-2 >> GET /v1.32/containers/511b2d736fd4c4da08b79110fd21fdaa756368e4971eb130f8114450b3efc085/json HTTP/1.1
22:07:11.567 [Test worker] DEBUG com.github.dockerjava.zerodep.shaded.org.apache.hc.client5.http.headers - http-outgoing-2 >> accept: application/json
22:07:11.567 [Test worker] DEBUG com.github.dockerjava.zerodep.shaded.org.apache.hc.client5.http.headers - http-outgoing-2 >> x-tc-sid: c721e8e0-dbbd-4305-a748-6be2465f786d
22:07:11.567 [Test worker] DEBUG com.github.dockerjava.zerodep.shaded.org.apache.hc.client5.http.headers - http-outgoing-2 >> Accept-Encoding: gzip, x-gzip, deflate
22:07:11.567 [Test worker] DEBUG com.github.dockerjava.zerodep.shaded.org.apache.hc.client5.http.headers - http-outgoing-2 >> Host: localhost:2375
22:07:11.567 [Test worker] DEBUG com.github.dockerjava.zerodep.shaded.org.apache.hc.client5.http.headers - http-outgoing-2 >> Connection: keep-alive
22:07:11.567 [Test worker] DEBUG com.github.dockerjava.zerodep.shaded.org.apache.hc.client5.http.headers - http-outgoing-2 >> User-Agent: Apache-HttpClient/5.0.3 (Java/17.0.2)
22:07:11.567 [Test worker] DEBUG com.github.dockerjava.zerodep.shaded.org.apache.hc.client5.http.wire - http-outgoing-2 >> "GET /v1.32/containers/511b2d736fd4c4da08b79110fd21fdaa756368e4971eb130f8114450b3efc085/json HTTP/1.1[\r][\n]"
22:07:11.567 [Test worker] DEBUG com.github.dockerjava.zerodep.shaded.org.apache.hc.client5.http.wire - http-outgoing-2 >> "accept: application/json[\r][\n]"
22:07:11.567 [Test worker] DEBUG com.github.dockerjava.zerodep.shaded.org.apache.hc.client5.http.wire - http-outgoing-2 >> "x-tc-sid: c721e8e0-dbbd-4305-a748-6be2465f786d[\r][\n]"
22:07:11.567 [Test worker] DEBUG com.github.dockerjava.zerodep.shaded.org.apache.hc.client5.http.wire - http-outgoing-2 >> "Accept-Encoding: gzip, x-gzip, deflate[\r][\n]"
22:07:11.567 [Test worker] DEBUG com.github.dockerjava.zerodep.shaded.org.apache.hc.client5.http.wire - http-outgoing-2 >> "Host: localhost:2375[\r][\n]"
22:07:11.567 [Test worker] DEBUG com.github.dockerjava.zerodep.shaded.org.apache.hc.client5.http.wire - http-outgoing-2 >> "Connection: keep-alive[\r][\n]"
22:07:11.567 [Test worker] DEBUG com.github.dockerjava.zerodep.shaded.org.apache.hc.client5.http.wire - http-outgoing-2 >> "User-Agent: Apache-HttpClient/5.0.3 (Java/17.0.2)[\r][\n]"
22:07:11.567 [Test worker] DEBUG com.github.dockerjava.zerodep.shaded.org.apache.hc.client5.http.wire - http-outgoing-2 >> "[\r][\n]"
22:07:11.576 [Test worker] DEBUG com.github.dockerjava.zerodep.shaded.org.apache.hc.client5.http.wire - http-outgoing-2 << "HTTP/1.1 200 OK[\r][\n]"
22:07:11.576 [Test worker] DEBUG com.github.dockerjava.zerodep.shaded.org.apache.hc.client5.http.wire - http-outgoing-2 << "Api-Version: 1.41[\r][\n]"
22:07:11.576 [Test worker] DEBUG com.github.dockerjava.zerodep.shaded.org.apache.hc.client5.http.wire - http-outgoing-2 << "Content-Type: application/json[\r][\n]"
22:07:11.576 [Test worker] DEBUG com.github.dockerjava.zerodep.shaded.org.apache.hc.client5.http.wire - http-outgoing-2 << "Date: Mon, 03 Apr 2023 01:07:11 GMT[\r][\n]"
22:07:11.576 [Test worker] DEBUG com.github.dockerjava.zerodep.shaded.org.apache.hc.client5.http.wire - http-outgoing-2 << "Docker-Experimental: false[\r][\n]"
22:07:11.576 [Test worker] DEBUG com.github.dockerjava.zerodep.shaded.org.apache.hc.client5.http.wire - http-outgoing-2 << "Ostype: linux[\r][\n]"
22:07:11.576 [Test worker] DEBUG com.github.dockerjava.zerodep.shaded.org.apache.hc.client5.http.wire - http-outgoing-2 << "Server: Docker/20.10.21 (linux)[\r][\n]"
22:07:11.576 [Test worker] DEBUG com.github.dockerjava.zerodep.shaded.org.apache.hc.client5.http.wire - http-outgoing-2 << "Transfer-Encoding: chunked[\r][\n]"
22:07:11.576 [Test worker] DEBUG com.github.dockerjava.zerodep.shaded.org.apache.hc.client5.http.wire - http-outgoing-2 << "[\r][\n]"
22:07:11.576 [Test worker] DEBUG com.github.dockerjava.zerodep.shaded.org.apache.hc.client5.http.wire - http-outgoing-2 << "18c0[\r][\n]"
22:07:11.576 [Test worker] DEBUG com.github.dockerjava.zerodep.shaded.org.apache.hc.client5.http.wire - http-outgoing-2 << "{"Id":"511b2d736fd4c4da08b79110fd21fdaa756368e4971eb130f8114450b3efc085","Created":"2023-04-03T01:07:04.201309337Z","Path":"docker-entrypoint.sh","Args":["mysqld"],"State":{"Status":"running","Running":true,"Paused":false,"Restarting":false,"OOMKilled":false,"Dead":false,"Pid":2724,"ExitCode":0,"Error":"","StartedAt":"2023-04-03T01:07:04.498400921Z","FinishedAt":"0001-01-01T00:00:00Z"},"Image":"sha256:c7c54c29e20dccc1aefb936c8eba8bb8b98b87a4921102aba87fde2df5810af9","ResolvConfPath":"/var/lib/docker/containers/511b2d736fd4c4da08b79110fd21fdaa756368e4971eb130f8114450b3efc085/resolv.conf","HostnamePath":"/var/lib/docker/containers/511b2d736fd4c4da08b79110fd21fdaa756368e4971eb130f8114450b3efc085/hostname","HostsPath":"/var/lib/docker/containers/511b2d736fd4c4da08b79110fd21fdaa756368e4971eb130f8114450b3efc085/hosts","LogPath":"/var/lib/docker/containers/511b2d736fd4c4da08b79110fd21fdaa756368e4971eb130f8114450b3efc085/511b2d736fd4c4da08b79110fd21fdaa756368e4971eb130f8114450b3efc085-json.log","Name":"/elastic_easley","RestartCount":0,"Driver":"overlay2","Platform":"linux","MountLabel":"","ProcessLabel":"","AppArmorProfile":"","ExecIDs":null,"HostConfig":{"Binds":[],"ContainerIDFile":"","LogConfig":{"Type":"json-file","Config":{}},"NetworkMode":"default","PortBindings":{"3306/tcp":[{"HostIp":"0.0.0.0","HostPort":"0"}]},"RestartPolicy":{"Name":"","MaximumRetryCount":0},"AutoRemove":false,"VolumeDriver":"","VolumesFrom":[],"CapAdd":null,"CapDrop":null,"CgroupnsMode":"private","Dns":null,"DnsOptions":null,"DnsSearch":null,"ExtraHosts":[],"GroupAdd":null,"IpcMode":"shareable","Cgroup":"","Links":null,"OomScoreAdj":0,"PidMode":"","Privileged":false,"PublishAllPorts":false,"ReadonlyRootfs":false,"SecurityOpt":null,"UTSMode":"","UsernsMode":"","ShmSize":67108864,"Runtime":"runc","ConsoleSize":[0,0],"Isolation":"","CpuShares":0,"Memory":0,"NanoCpus":0,"CgroupParent":"","BlkioWeight":0,"BlkioWeightDevice":null,"BlkioDeviceReadBps":null,"BlkioDeviceWriteBps":null,"BlkioDeviceReadIOps":null,"BlkioDeviceWriteIOps":null,"CpuPeriod":0,"CpuQuota":0,"CpuRealtimePeriod":0,"CpuRealtimeRuntime":0,"CpusetCpus":"","CpusetMems":"","Devices":null,"DeviceCgroupRules":null,"DeviceRequests":null,"KernelMemory":0,"KernelMemoryTCP":0,"MemoryReservation":0,"MemorySwap":0,"MemorySwappiness":null,"OomKillDisable":null,"PidsLimit":null,"Ulimits":null,"CpuCount":0,"CpuPercent":0,"IOMaximumIOps":0,"IOMaximumBandwidth":0,"MaskedPaths":["/proc/asound","/proc/acpi","/proc/kcore","/proc/keys","/proc/latency_stats","/proc/timer_list","/proc/timer_stats","/proc/sched_debug","/proc/scsi","/sys/firmware"],"ReadonlyPaths":["/proc/bus","/proc/fs","/proc/irq","/proc/sys","/proc/sysrq-trigger"]},"GraphDriver":{"Data":{"LowerDir":"/var/lib/docker/overlay2/5ada145d0e3939fe5ed2118eea99b9f10241aeee200293145c73dce66470a568-init/diff:/var/lib/docker/overlay2/1bd8849d7a296305617011f940aa5cfabbe972a513397b1b6bbc27639b6c1f30/diff:/var/lib/docker/overlay2/199d69b2fbf78af4d4c95dec4fd2f8835ab0347eb49fb20ebb2ff3b99fedd6ad/diff:/var/lib/docker/overlay2/d83c38d654989311f75b9491329846033bfb7714de76ef635380dcfad5c740d9/diff:/var/lib/docker/overlay2/08600d0aea2ab2728bebcf5d2589c640a842f53d1ba3c4a4adccb4d03b923cf6/diff:/var/lib/docker/overlay2/9ec7c63a3fb14d13ac788bbf5e282ca821edc41260b79944e5e631037d13ecda/diff:/var/lib/docker/overlay2/db601d7a1b4ea6da638db620462f0da96fa55c559d02269c9ddb09027936ed87/diff:/var/lib/docker/overlay2/a6d2bd03f942e2565f21e74cfe152c7ec836a1c2b583f0790c685b92bdcfda24/diff:/var/lib/docker/overlay2/9badd16ea2c5e2bf1fde8b579683e41137dfc46ed5449234149f199a6751cc84/diff:/var/lib/docker/overlay2/6efb85646ed12e2d1181ef4cc6f6f6732c00c15a4035fe17ebc4f075ca573c30/diff:/var/lib/docker/overlay2/895d7c0ec09144d6ed33936f4e98e11c18010f7abd708cae1ce43aec7a7f2621/diff:/var/lib/docker/overlay2/1c4ba77aa573ab6e5e5069fd15eae71b3da940bde0f97a922a227ffc8a1d1096/diff","MergedDir":"/var/lib/docker/overlay2/5ada145d0e3939fe5ed2118eea99b9f10241aeee200293145c73dce66470a568/merged","UpperDir":"/var/lib/docker/overlay2/5ada145d0e3939fe5ed2118eea99b9f10241aeee200293145c73dce66470a568/diff","WorkDir":"/var/lib/docker/overlay2/5ada145d0e3939fe5ed2118eea99b9f10241aeee200293145c73dce66470a568/work"},"Name":"overlay2"},"Mounts":[{"Type":"volume","Name":"ac6dcf572a35a68e3a3a5bdf3d1899d89919b8e0b6d7a1beb9c6b19978c4e863","Source":"/var/lib/docker/volumes/ac6dcf572a35a68e3a3a5bdf3d1899d89919b8e0b6d7a1beb9c6b19978c4e863/_data","Destination":"/var/lib/mysql","Driver":"local","Mode":"","RW":true,"Propagation":""}],"Config":{"Hostname":"511b2d736fd4","Domainname":"","User":"","AttachStdin":false,"AttachStdout":false,"AttachStderr":false,"ExposedPorts":{"3306/tcp":{},"33060/tcp":{}},"Tty":false,"OpenStdin":false,"StdinOnce":false,"Env":["MYSQL_DATABASE=adm_videos","MYSQL_PASSWORD=123456","MYSQL_ROOT_PASSWORD=123456","PATH=/usr/local/sbin:/usr/local/bin:/usr/sbin:/usr/bin:/sbin:/bin","GOSU_VERSION=1.16","MYSQL_MAJOR=8.0","MYSQL_VERSION=8.0.32-1.el8","MYSQL_SHELL_VERSION=8.0.32-1.el8"],"Cmd":["mysqld"],"Image":"mysql:latest","Volumes":{"/var/lib/mysql":{}},"WorkingDir":"","Entrypoint":["docker-entrypoint.sh"],"OnBuild":null,"Labels":{"org.testcontainers":"true","org.testcontainers.lang":"java","org.testcontainers.sessionId":"c721e8e0-dbbd-4305-a748-6be2465f786d","org.testcontainers.version":"1.17.6"}},"NetworkSettings":{"Bridge":"","SandboxID":"23a51dba07b22c8536581cd39611755923749e16a93a45ce75c5c8a4a7759981","HairpinMode":false,"LinkLocalIPv6Address":"","LinkLocalIPv6PrefixLen":0,"Ports":{"3306/tcp":[{"HostIp":"0.0.0.0","HostPort":"50897"}],"33060/tcp":null},"SandboxKey":"/var/run/docker/netns/23a51dba07b2","SecondaryIPAddresses":null,"SecondaryIPv6Addresses":null,"EndpointID":"692f30c6e93a1486104b6273bdc38b1f926e45528d0b3ff49b5fe2d91ed6b329","Gateway":"172.17.0.1","GlobalIPv6Address":"","GlobalIPv6PrefixLen":0,"IPAddress":"172.17.0.3","IPPrefixLen":16,"IPv6Gateway":"","MacAddress":"02:42:ac:11:00:03","Networks":{"bridge":{"IPAMConfig":null,"Links":null,"Aliases":null,"NetworkID":"eba6fdf7ebe51912c859fc2dc83d1407a50db03ea3c296d90f885e8af84b6e93","EndpointID":"692f30c6e93a1486104b6273bdc38b1f926e45528d0b3ff49b5fe2d91ed6b329","Gateway":"172.17.0.1","IPAddress":"172.17.0.3","IPPrefixLen":16,"IPv6Gateway":"","GlobalIPv6Address":"","GlobalIPv6PrefixLen":0,"MacAddress":"02:42:ac:11:00:03","DriverOpts":null}}}}[\n]"
22:07:11.576 [Test worker] DEBUG com.github.dockerjava.zerodep.shaded.org.apache.hc.client5.http.wire - http-outgoing-2 << "[\r][\n]"
22:07:11.576 [Test worker] DEBUG com.github.dockerjava.zerodep.shaded.org.apache.hc.client5.http.wire - http-outgoing-2 << "0[\r][\n]"
22:07:11.576 [Test worker] DEBUG com.github.dockerjava.zerodep.shaded.org.apache.hc.client5.http.wire - http-outgoing-2 << "[\r][\n]"
22:07:11.576 [Test worker] DEBUG com.github.dockerjava.zerodep.shaded.org.apache.hc.client5.http.headers - http-outgoing-2 << HTTP/1.1 200 OK
22:07:11.576 [Test worker] DEBUG com.github.dockerjava.zerodep.shaded.org.apache.hc.client5.http.headers - http-outgoing-2 << Api-Version: 1.41
22:07:11.576 [Test worker] DEBUG com.github.dockerjava.zerodep.shaded.org.apache.hc.client5.http.headers - http-outgoing-2 << Content-Type: application/json
22:07:11.576 [Test worker] DEBUG com.github.dockerjava.zerodep.shaded.org.apache.hc.client5.http.headers - http-outgoing-2 << Date: Mon, 03 Apr 2023 01:07:11 GMT
22:07:11.576 [Test worker] DEBUG com.github.dockerjava.zerodep.shaded.org.apache.hc.client5.http.headers - http-outgoing-2 << Docker-Experimental: false
22:07:11.576 [Test worker] DEBUG com.github.dockerjava.zerodep.shaded.org.apache.hc.client5.http.headers - http-outgoing-2 << Ostype: linux
22:07:11.576 [Test worker] DEBUG com.github.dockerjava.zerodep.shaded.org.apache.hc.client5.http.headers - http-outgoing-2 << Server: Docker/20.10.21 (linux)
22:07:11.576 [Test worker] DEBUG com.github.dockerjava.zerodep.shaded.org.apache.hc.client5.http.headers - http-outgoing-2 << Transfer-Encoding: chunked
22:07:11.577 [Test worker] DEBUG com.github.dockerjava.zerodep.shaded.org.apache.hc.client5.http.impl.classic.MainClientExec - ex-0000004A: connection can be kept alive for 3 MINUTES
22:07:11.577 [Test worker] DEBUG com.github.dockerjava.zerodep.shaded.org.apache.hc.client5.http.impl.classic.InternalHttpClient - ep-00000049: releasing valid endpoint
22:07:11.577 [Test worker] DEBUG com.github.dockerjava.zerodep.shaded.org.apache.hc.client5.http.impl.io.PoolingHttpClientConnectionManager - ep-00000049: releasing endpoint
22:07:11.577 [Test worker] DEBUG com.github.dockerjava.zerodep.shaded.org.apache.hc.client5.http.impl.io.PoolingHttpClientConnectionManager - ep-00000049: connection http-outgoing-2 can be kept alive for 3 MINUTES
22:07:11.577 [Test worker] DEBUG com.github.dockerjava.zerodep.shaded.org.apache.hc.client5.http.impl.io.PoolingHttpClientConnectionManager - ep-00000049: connection released [route: {}->unix://localhost:2375][total available: 1; route allocated: 1 of 2147483647; total allocated: 1 of 2147483647]
22:07:11.577 [Test worker] DEBUG ]]>&#x1f433;<![CDATA[ [mysql:latest] - Trying to create JDBC connection using com.mysql.cj.jdbc.Driver to jdbc:mysql://localhost:50897/adm_videos?useSSL=false&allowPublicKeyRetrieval=true with properties: {password=123456, user=root}
22:07:11.694 [Test worker] DEBUG org.testcontainers.shaded.com.github.dockerjava.core.command.AbstrDockerCmd - Cmd: 511b2d736fd4c4da08b79110fd21fdaa756368e4971eb130f8114450b3efc085,false
22:07:11.694 [Test worker] DEBUG org.testcontainers.shaded.com.github.dockerjava.core.exec.InspectContainerCmdExec - GET: DefaultWebTarget{path=[/containers/511b2d736fd4c4da08b79110fd21fdaa756368e4971eb130f8114450b3efc085/json], queryParams={}}
22:07:11.695 [Test worker] DEBUG com.github.dockerjava.zerodep.shaded.org.apache.hc.client5.http.impl.classic.InternalHttpClient - ex-0000004B: preparing request execution
22:07:11.695 [Test worker] DEBUG com.github.dockerjava.zerodep.shaded.org.apache.hc.client5.http.protocol.RequestAddCookies - Cookie spec selected: strict
22:07:11.695 [Test worker] DEBUG com.github.dockerjava.zerodep.shaded.org.apache.hc.client5.http.protocol.RequestAuthCache - Auth cache not set in the context
22:07:11.695 [Test worker] DEBUG com.github.dockerjava.zerodep.shaded.org.apache.hc.client5.http.impl.classic.ProtocolExec - ex-0000004B: target auth state: UNCHALLENGED
22:07:11.695 [Test worker] DEBUG com.github.dockerjava.zerodep.shaded.org.apache.hc.client5.http.impl.classic.ProtocolExec - ex-0000004B: proxy auth state: UNCHALLENGED
22:07:11.695 [Test worker] DEBUG com.github.dockerjava.zerodep.shaded.org.apache.hc.client5.http.impl.classic.ConnectExec - ex-0000004B: acquiring connection with route {}->unix://localhost:2375
22:07:11.695 [Test worker] DEBUG com.github.dockerjava.zerodep.shaded.org.apache.hc.client5.http.impl.classic.InternalHttpClient - ex-0000004B: acquiring endpoint (3 MINUTES)
22:07:11.696 [Test worker] DEBUG com.github.dockerjava.zerodep.shaded.org.apache.hc.client5.http.impl.io.PoolingHttpClientConnectionManager - ex-0000004B: endpoint lease request (3 MINUTES) [route: {}->unix://localhost:2375][total available: 1; route allocated: 1 of 2147483647; total allocated: 1 of 2147483647]
22:07:11.696 [Test worker] DEBUG com.github.dockerjava.zerodep.shaded.org.apache.hc.client5.http.impl.io.PoolingHttpClientConnectionManager - ex-0000004B: endpoint leased [route: {}->unix://localhost:2375][total available: 0; route allocated: 1 of 2147483647; total allocated: 1 of 2147483647]
22:07:11.696 [Test worker] DEBUG com.github.dockerjava.zerodep.shaded.org.apache.hc.client5.http.impl.io.PoolingHttpClientConnectionManager - ex-0000004B: acquired ep-0000004A
22:07:11.696 [Test worker] DEBUG com.github.dockerjava.zerodep.shaded.org.apache.hc.client5.http.impl.classic.InternalHttpClient - ex-0000004B: acquired endpoint ep-0000004A
22:07:11.697 [Test worker] DEBUG com.github.dockerjava.zerodep.shaded.org.apache.hc.client5.http.impl.classic.MainClientExec - ex-0000004B: executing GET /v1.32/containers/511b2d736fd4c4da08b79110fd21fdaa756368e4971eb130f8114450b3efc085/json HTTP/1.1
22:07:11.697 [Test worker] DEBUG com.github.dockerjava.zerodep.shaded.org.apache.hc.client5.http.impl.classic.InternalHttpClient - ep-0000004A: start execution ex-0000004B
22:07:11.697 [Test worker] DEBUG com.github.dockerjava.zerodep.shaded.org.apache.hc.client5.http.impl.io.PoolingHttpClientConnectionManager - ep-0000004A: executing exchange ex-0000004B over http-outgoing-2
22:07:11.697 [Test worker] DEBUG com.github.dockerjava.zerodep.shaded.org.apache.hc.client5.http.headers - http-outgoing-2 >> GET /v1.32/containers/511b2d736fd4c4da08b79110fd21fdaa756368e4971eb130f8114450b3efc085/json HTTP/1.1
22:07:11.697 [Test worker] DEBUG com.github.dockerjava.zerodep.shaded.org.apache.hc.client5.http.headers - http-outgoing-2 >> accept: application/json
22:07:11.697 [Test worker] DEBUG com.github.dockerjava.zerodep.shaded.org.apache.hc.client5.http.headers - http-outgoing-2 >> x-tc-sid: c721e8e0-dbbd-4305-a748-6be2465f786d
22:07:11.697 [Test worker] DEBUG com.github.dockerjava.zerodep.shaded.org.apache.hc.client5.http.headers - http-outgoing-2 >> Accept-Encoding: gzip, x-gzip, deflate
22:07:11.697 [Test worker] DEBUG com.github.dockerjava.zerodep.shaded.org.apache.hc.client5.http.headers - http-outgoing-2 >> Host: localhost:2375
22:07:11.697 [Test worker] DEBUG com.github.dockerjava.zerodep.shaded.org.apache.hc.client5.http.headers - http-outgoing-2 >> Connection: keep-alive
22:07:11.697 [Test worker] DEBUG com.github.dockerjava.zerodep.shaded.org.apache.hc.client5.http.headers - http-outgoing-2 >> User-Agent: Apache-HttpClient/5.0.3 (Java/17.0.2)
22:07:11.697 [Test worker] DEBUG com.github.dockerjava.zerodep.shaded.org.apache.hc.client5.http.wire - http-outgoing-2 >> "GET /v1.32/containers/511b2d736fd4c4da08b79110fd21fdaa756368e4971eb130f8114450b3efc085/json HTTP/1.1[\r][\n]"
22:07:11.697 [Test worker] DEBUG com.github.dockerjava.zerodep.shaded.org.apache.hc.client5.http.wire - http-outgoing-2 >> "accept: application/json[\r][\n]"
22:07:11.697 [Test worker] DEBUG com.github.dockerjava.zerodep.shaded.org.apache.hc.client5.http.wire - http-outgoing-2 >> "x-tc-sid: c721e8e0-dbbd-4305-a748-6be2465f786d[\r][\n]"
22:07:11.697 [Test worker] DEBUG com.github.dockerjava.zerodep.shaded.org.apache.hc.client5.http.wire - http-outgoing-2 >> "Accept-Encoding: gzip, x-gzip, deflate[\r][\n]"
22:07:11.697 [Test worker] DEBUG com.github.dockerjava.zerodep.shaded.org.apache.hc.client5.http.wire - http-outgoing-2 >> "Host: localhost:2375[\r][\n]"
22:07:11.697 [Test worker] DEBUG com.github.dockerjava.zerodep.shaded.org.apache.hc.client5.http.wire - http-outgoing-2 >> "Connection: keep-alive[\r][\n]"
22:07:11.697 [Test worker] DEBUG com.github.dockerjava.zerodep.shaded.org.apache.hc.client5.http.wire - http-outgoing-2 >> "User-Agent: Apache-HttpClient/5.0.3 (Java/17.0.2)[\r][\n]"
22:07:11.697 [Test worker] DEBUG com.github.dockerjava.zerodep.shaded.org.apache.hc.client5.http.wire - http-outgoing-2 >> "[\r][\n]"
22:07:11.709 [Test worker] DEBUG com.github.dockerjava.zerodep.shaded.org.apache.hc.client5.http.wire - http-outgoing-2 << "HTTP/1.1 200 OK[\r][\n]"
22:07:11.709 [Test worker] DEBUG com.github.dockerjava.zerodep.shaded.org.apache.hc.client5.http.wire - http-outgoing-2 << "Api-Version: 1.41[\r][\n]"
22:07:11.709 [Test worker] DEBUG com.github.dockerjava.zerodep.shaded.org.apache.hc.client5.http.wire - http-outgoing-2 << "Content-Type: application/json[\r][\n]"
22:07:11.709 [Test worker] DEBUG com.github.dockerjava.zerodep.shaded.org.apache.hc.client5.http.wire - http-outgoing-2 << "Date: Mon, 03 Apr 2023 01:07:11 GMT[\r][\n]"
22:07:11.709 [Test worker] DEBUG com.github.dockerjava.zerodep.shaded.org.apache.hc.client5.http.wire - http-outgoing-2 << "Docker-Experimental: false[\r][\n]"
22:07:11.709 [Test worker] DEBUG com.github.dockerjava.zerodep.shaded.org.apache.hc.client5.http.wire - http-outgoing-2 << "Ostype: linux[\r][\n]"
22:07:11.709 [Test worker] DEBUG com.github.dockerjava.zerodep.shaded.org.apache.hc.client5.http.wire - http-outgoing-2 << "Server: Docker/20.10.21 (linux)[\r][\n]"
22:07:11.709 [Test worker] DEBUG com.github.dockerjava.zerodep.shaded.org.apache.hc.client5.http.wire - http-outgoing-2 << "Transfer-Encoding: chunked[\r][\n]"
22:07:11.709 [Test worker] DEBUG com.github.dockerjava.zerodep.shaded.org.apache.hc.client5.http.wire - http-outgoing-2 << "[\r][\n]"
22:07:11.709 [Test worker] DEBUG com.github.dockerjava.zerodep.shaded.org.apache.hc.client5.http.headers - http-outgoing-2 << HTTP/1.1 200 OK
22:07:11.709 [Test worker] DEBUG com.github.dockerjava.zerodep.shaded.org.apache.hc.client5.http.headers - http-outgoing-2 << Api-Version: 1.41
22:07:11.709 [Test worker] DEBUG com.github.dockerjava.zerodep.shaded.org.apache.hc.client5.http.headers - http-outgoing-2 << Content-Type: application/json
22:07:11.709 [Test worker] DEBUG com.github.dockerjava.zerodep.shaded.org.apache.hc.client5.http.headers - http-outgoing-2 << Date: Mon, 03 Apr 2023 01:07:11 GMT
22:07:11.709 [Test worker] DEBUG com.github.dockerjava.zerodep.shaded.org.apache.hc.client5.http.headers - http-outgoing-2 << Docker-Experimental: false
22:07:11.709 [Test worker] DEBUG com.github.dockerjava.zerodep.shaded.org.apache.hc.client5.http.headers - http-outgoing-2 << Ostype: linux
22:07:11.709 [Test worker] DEBUG com.github.dockerjava.zerodep.shaded.org.apache.hc.client5.http.headers - http-outgoing-2 << Server: Docker/20.10.21 (linux)
22:07:11.709 [Test worker] DEBUG com.github.dockerjava.zerodep.shaded.org.apache.hc.client5.http.headers - http-outgoing-2 << Transfer-Encoding: chunked
22:07:11.709 [Test worker] DEBUG com.github.dockerjava.zerodep.shaded.org.apache.hc.client5.http.impl.classic.MainClientExec - ex-0000004B: connection can be kept alive for 3 MINUTES
22:07:11.712 [Test worker] DEBUG com.github.dockerjava.zerodep.shaded.org.apache.hc.client5.http.wire - http-outgoing-2 << "18c0[\r][\n]"
22:07:11.712 [Test worker] DEBUG com.github.dockerjava.zerodep.shaded.org.apache.hc.client5.http.wire - http-outgoing-2 << "{"Id":"511b2d736fd4c4da08b79110fd21fdaa756368e4971eb130f8114450b3efc085","Created":"2023-04-03T01:07:04.201309337Z","Path":"docker-entrypoint.sh","Args":["mysqld"],"State":{"Status":"running","Running":true,"Paused":false,"Restarting":false,"OOMKilled":false,"Dead":false,"Pid":2724,"ExitCode":0,"Error":"","StartedAt":"2023-04-03T01:07:04.498400921Z","FinishedAt":"0001-01-01T00:00:00Z"},"Image":"sha256:c7c54c29e20dccc1aefb936c8eba8bb8b98b87a4921102aba87fde2df5810af9","ResolvConfPath":"/var/lib/docker/containers/511b2d736fd4c4da08b79110fd21fdaa756368e4971eb130f8114450b3efc085/resolv.conf","HostnamePath":"/var/lib/docker/containers/511b2d736fd4c4da08b79110fd21fdaa756368e4971eb130f8114450b3efc085/hostname","HostsPath":"/var/lib/docker/containers/511b2d736fd4c4da08b79110fd21fdaa756368e4971eb130f8114450b3efc085/hosts","LogPath":"/var/lib/docker/containers/511b2d736fd4c4da08b79110fd21fdaa756368e4971eb130f8114450b3efc085/511b2d736fd4c4da08b79110fd21fdaa756368e4971eb130f8114450b3efc085-json.log","Name":"/elastic_easley","RestartCount":0,"Driver":"overlay2","Platform":"linux","MountLabel":"","ProcessLabel":"","AppArmorProfile":"","ExecIDs":null,"HostConfig":{"Binds":[],"ContainerIDFile":"","LogConfig":{"Type":"json-file","Config":{}},"NetworkMode":"default","PortBindings":{"3306/tcp":[{"HostIp":"0.0.0.0","HostPort":"0"}]},"RestartPolicy":{"Name":"","MaximumRetryCount":0},"AutoRemove":false,"VolumeDriver":"","VolumesFrom":[],"CapAdd":null,"CapDrop":null,"CgroupnsMode":"private","Dns":null,"DnsOptions":null,"DnsSearch":null,"ExtraHosts":[],"GroupAdd":null,"IpcMode":"shareable","Cgroup":"","Links":null,"OomScoreAdj":0,"PidMode":"","Privileged":false,"PublishAllPorts":false,"ReadonlyRootfs":false,"SecurityOpt":null,"UTSMode":"","UsernsMode":"","ShmSize":67108864,"Runtime":"runc","ConsoleSize":[0,0],"Isolation":"","CpuShares":0,"Memory":0,"NanoCpus":0,"CgroupParent":"","BlkioWeight":0,"BlkioWeightDevice":null,"BlkioDeviceReadBps":null,"BlkioDeviceWriteBps":null,"BlkioDeviceReadIOps":null,"BlkioDeviceWriteIOps":null,"CpuPeriod":0,"CpuQuota":0,"CpuRealtimePeriod":0,"CpuRealtimeRuntime":0,"CpusetCpus":"","CpusetMems":"","Devices":null,"DeviceCgroupRules":null,"DeviceRequests":null,"KernelMemory":0,"KernelMemoryTCP":0,"MemoryReservation":0,"MemorySwap":0,"MemorySwappiness":null,"OomKillDisable":null,"PidsLimit":null,"Ulimits":null,"CpuCount":0,"CpuPercent":0,"IOMaximumIOps":0,"IOMaximumBandwidth":0,"MaskedPaths":["/proc/asound","/proc/acpi","/proc/kcore","/proc/keys","/proc/latency_stats","/proc/timer_list","/proc/timer_stats","/proc/sched_debug","/proc/scsi","/sys/firmware"],"ReadonlyPaths":["/proc/bus","/proc/fs","/proc/irq","/proc/sys","/proc/sysrq-trigger"]},"GraphDriver":{"Data":{"LowerDir":"/var/lib/docker/overlay2/5ada145d0e3939fe5ed2118eea99b9f10241aeee200293145c73dce66470a568-init/diff:/var/lib/docker/overlay2/1bd8849d7a296305617011f940aa5cfabbe972a513397b1b6bbc27639b6c1f30/diff:/var/lib/docker/overlay2/199d69b2fbf78af4d4c95dec4fd2f8835ab0347eb49fb20ebb2ff3b99fedd6ad/diff:/var/lib/docker/overlay2/d83c38d654989311f75b9491329846033bfb7714de76ef635380dcfad5c740d9/diff:/var/lib/docker/overlay2/08600d0aea2ab2728bebcf5d2589c640a842f53d1ba3c4a4adccb4d03b923cf6/diff:/var/lib/docker/overlay2/9ec7c63a3fb14d13ac788bbf5e282ca821edc41260b79944e5e631037d13ecda/diff:/var/lib/docker/overlay2/db601d7a1b4ea6da638db620462f0da96fa55c559d02269c9ddb09027936ed87/diff:/var/lib/docker/overlay2/a6d2bd03f942e2565f21e74cfe152c7ec836a1c2b583f0790c685b92bdcfda24/diff:/var/lib/docker/overlay2/9badd16ea2c5e2bf1fde8b579683e41137dfc46ed5449234149f199a6751cc84/diff:/var/lib/docker/overlay2/6efb85646ed12e2d1181ef4cc6f6f6732c00c15a4035fe17ebc4f075ca573c30/diff:/var/lib/docker/overlay2/895d7c0ec09144d6ed33936f4e98e11c18010f7abd708cae1ce43aec7a7f2621/diff:/var/lib/docker/overlay2/1c4ba77aa573ab6e5e5069fd15eae71b3da940bde0f97a922a227ffc8a1d1096/diff","MergedDir":"/var/lib/docker/overlay2/5ada145d0e3939fe5ed2118eea99b9f10241aeee200293145c73dce66470a568/merged","UpperDir":"/var/lib/docker/overlay2/5ada145d0e3939fe5ed2118eea99b9f10241aeee200293145c73dce66470a568/diff","WorkDir":"/var/lib/docker/overlay2/5ada145d0e3939fe5ed2118eea99b9f10241aeee200293145c73dce66470a568/work"},"Name":"overlay2"},"Mounts":[{"Type":"volume","Name":"ac6dcf572a35a68e3a3a5bdf3d1899d89919b8e0b6d7a1beb9c6b19978c4e863","Source":"/var/lib/docker/volumes/ac6dcf572a35a68e3a3a5bdf3d1899d89919b8e0b6d7a1beb9c6b19978c4e863/_data","Destination":"/var/lib/mysql","Driver":"local","Mode":"","RW":true,"Propagation":""}],"Config":{"Hostname":"511b2d736fd4","Domainname":"","User":"","AttachStdin":false,"AttachStdout":false,"AttachStderr":false,"ExposedPorts":{"3306/tcp":{},"33060/tcp":{}},"Tty":false,"OpenStdin":false,"StdinOnce":false,"Env":["MYSQL_DATABASE=adm_videos","MYSQL_PASSWORD=123456","MYSQL_ROOT_PASSWORD=123456","PATH=/usr/local/sbin:/usr/local/bin:/usr/sbin:/usr/bin:/sbin:/bin","GOSU_VERSION=1.16","MYSQL_MAJOR=8.0","MYSQL_VERSION=8.0.32-1.el8","MYSQL_SHELL_VERSION=8.0.32-1.el8"],"Cmd":["mysqld"],"Image":"mysql:latest","Volumes":{"/var/lib/mysql":{}},"WorkingDir":"","Entrypoint":["docker-entrypoint.sh"],"OnBuild":null,"Labels":{"org.testcontainers":"true","org.testcontainers.lang":"java","org.testcontainers.sessionId":"c721e8e0-dbbd-4305-a748-6be2465f786d","org.testcontainers.version":"1.17.6"}},"NetworkSettings":{"Bridge":"","SandboxID":"23a51dba07b22c8536581cd39611755923749e16a93a45ce75c5c8a4a7759981","HairpinMode":false,"LinkLocalIPv6Address":"","LinkLocalIPv6PrefixLen":0,"Ports":{"3306/tcp":[{"HostIp":"0.0.0.0","HostPort":"50897"}],"33060/tcp":null},"SandboxKey":"/var/run/docker/netns/23a51dba07b2","SecondaryIPAddresses":null,"SecondaryIPv6Addresses":null,"EndpointID":"692f30c6e93a1486104b6273bdc38b1f926e45528d0b3ff49b5fe2d91ed6b329","Gateway":"172.17.0.1","GlobalIPv6Address":"","GlobalIPv6PrefixLen":0,"IPAddress":"172.17.0.3","IPPrefixLen":16,"IPv6Gateway":"","MacAddress":"02:42:ac:11:00:03","Networks":{"bridge":{"IPAMConfig":null,"Links":null,"Aliases":null,"NetworkID":"eba6fdf7ebe51912c859fc2dc83d1407a50db03ea3c296d90f885e8af84b6e93","EndpointID":"692f30c6e93a1486104b6273bdc38b1f926e45528d0b3ff49b5fe2d91ed6b329","Gateway":"172.17.0.1","IPAddress":"172.17.0.3","IPPrefixLen":16,"IPv6Gateway":"","GlobalIPv6Address":"","GlobalIPv6PrefixLen":0,"MacAddress":"02:42:ac:11:00:03","DriverOpts":null}}}}[\n]"
22:07:11.712 [Test worker] DEBUG com.github.dockerjava.zerodep.shaded.org.apache.hc.client5.http.wire - http-outgoing-2 << "[\r][\n]"
22:07:11.714 [Test worker] DEBUG com.github.dockerjava.zerodep.shaded.org.apache.hc.client5.http.wire - http-outgoing-2 << "0[\r][\n]"
22:07:11.714 [Test worker] DEBUG com.github.dockerjava.zerodep.shaded.org.apache.hc.client5.http.wire - http-outgoing-2 << "[\r][\n]"
22:07:11.714 [Test worker] DEBUG com.github.dockerjava.zerodep.shaded.org.apache.hc.client5.http.impl.classic.InternalHttpClient - ep-0000004A: releasing valid endpoint
22:07:11.714 [Test worker] DEBUG com.github.dockerjava.zerodep.shaded.org.apache.hc.client5.http.impl.io.PoolingHttpClientConnectionManager - ep-0000004A: releasing endpoint
22:07:11.714 [Test worker] DEBUG com.github.dockerjava.zerodep.shaded.org.apache.hc.client5.http.impl.io.PoolingHttpClientConnectionManager - ep-0000004A: connection http-outgoing-2 can be kept alive for 3 MINUTES
22:07:11.714 [Test worker] DEBUG com.github.dockerjava.zerodep.shaded.org.apache.hc.client5.http.impl.io.PoolingHttpClientConnectionManager - ep-0000004A: connection released [route: {}->unix://localhost:2375][total available: 1; route allocated: 1 of 2147483647; total allocated: 1 of 2147483647]
22:07:11.714 [Test worker] DEBUG ]]>&#x1f433;<![CDATA[ [mysql:latest] - Trying to create JDBC connection using com.mysql.cj.jdbc.Driver to jdbc:mysql://localhost:50897/adm_videos?useSSL=false&allowPublicKeyRetrieval=true with properties: {password=123456, user=root}
22:07:11.826 [Test worker] DEBUG org.testcontainers.shaded.com.github.dockerjava.core.command.AbstrDockerCmd - Cmd: 511b2d736fd4c4da08b79110fd21fdaa756368e4971eb130f8114450b3efc085,false
22:07:11.827 [Test worker] DEBUG org.testcontainers.shaded.com.github.dockerjava.core.exec.InspectContainerCmdExec - GET: DefaultWebTarget{path=[/containers/511b2d736fd4c4da08b79110fd21fdaa756368e4971eb130f8114450b3efc085/json], queryParams={}}
22:07:11.827 [Test worker] DEBUG com.github.dockerjava.zerodep.shaded.org.apache.hc.client5.http.impl.classic.InternalHttpClient - ex-0000004C: preparing request execution
22:07:11.827 [Test worker] DEBUG com.github.dockerjava.zerodep.shaded.org.apache.hc.client5.http.protocol.RequestAddCookies - Cookie spec selected: strict
22:07:11.827 [Test worker] DEBUG com.github.dockerjava.zerodep.shaded.org.apache.hc.client5.http.protocol.RequestAuthCache - Auth cache not set in the context
22:07:11.827 [Test worker] DEBUG com.github.dockerjava.zerodep.shaded.org.apache.hc.client5.http.impl.classic.ProtocolExec - ex-0000004C: target auth state: UNCHALLENGED
22:07:11.827 [Test worker] DEBUG com.github.dockerjava.zerodep.shaded.org.apache.hc.client5.http.impl.classic.ProtocolExec - ex-0000004C: proxy auth state: UNCHALLENGED
22:07:11.827 [Test worker] DEBUG com.github.dockerjava.zerodep.shaded.org.apache.hc.client5.http.impl.classic.ConnectExec - ex-0000004C: acquiring connection with route {}->unix://localhost:2375
22:07:11.827 [Test worker] DEBUG com.github.dockerjava.zerodep.shaded.org.apache.hc.client5.http.impl.classic.InternalHttpClient - ex-0000004C: acquiring endpoint (3 MINUTES)
22:07:11.828 [Test worker] DEBUG com.github.dockerjava.zerodep.shaded.org.apache.hc.client5.http.impl.io.PoolingHttpClientConnectionManager - ex-0000004C: endpoint lease request (3 MINUTES) [route: {}->unix://localhost:2375][total available: 1; route allocated: 1 of 2147483647; total allocated: 1 of 2147483647]
22:07:11.828 [Test worker] DEBUG com.github.dockerjava.zerodep.shaded.org.apache.hc.client5.http.impl.io.PoolingHttpClientConnectionManager - ex-0000004C: endpoint leased [route: {}->unix://localhost:2375][total available: 0; route allocated: 1 of 2147483647; total allocated: 1 of 2147483647]
22:07:11.828 [Test worker] DEBUG com.github.dockerjava.zerodep.shaded.org.apache.hc.client5.http.impl.io.PoolingHttpClientConnectionManager - ex-0000004C: acquired ep-0000004B
22:07:11.828 [Test worker] DEBUG com.github.dockerjava.zerodep.shaded.org.apache.hc.client5.http.impl.classic.InternalHttpClient - ex-0000004C: acquired endpoint ep-0000004B
22:07:11.828 [Test worker] DEBUG com.github.dockerjava.zerodep.shaded.org.apache.hc.client5.http.impl.classic.MainClientExec - ex-0000004C: executing GET /v1.32/containers/511b2d736fd4c4da08b79110fd21fdaa756368e4971eb130f8114450b3efc085/json HTTP/1.1
22:07:11.828 [Test worker] DEBUG com.github.dockerjava.zerodep.shaded.org.apache.hc.client5.http.impl.classic.InternalHttpClient - ep-0000004B: start execution ex-0000004C
22:07:11.828 [Test worker] DEBUG com.github.dockerjava.zerodep.shaded.org.apache.hc.client5.http.impl.io.PoolingHttpClientConnectionManager - ep-0000004B: executing exchange ex-0000004C over http-outgoing-2
22:07:11.828 [Test worker] DEBUG com.github.dockerjava.zerodep.shaded.org.apache.hc.client5.http.headers - http-outgoing-2 >> GET /v1.32/containers/511b2d736fd4c4da08b79110fd21fdaa756368e4971eb130f8114450b3efc085/json HTTP/1.1
22:07:11.828 [Test worker] DEBUG com.github.dockerjava.zerodep.shaded.org.apache.hc.client5.http.headers - http-outgoing-2 >> accept: application/json
22:07:11.828 [Test worker] DEBUG com.github.dockerjava.zerodep.shaded.org.apache.hc.client5.http.headers - http-outgoing-2 >> x-tc-sid: c721e8e0-dbbd-4305-a748-6be2465f786d
22:07:11.828 [Test worker] DEBUG com.github.dockerjava.zerodep.shaded.org.apache.hc.client5.http.headers - http-outgoing-2 >> Accept-Encoding: gzip, x-gzip, deflate
22:07:11.828 [Test worker] DEBUG com.github.dockerjava.zerodep.shaded.org.apache.hc.client5.http.headers - http-outgoing-2 >> Host: localhost:2375
22:07:11.828 [Test worker] DEBUG com.github.dockerjava.zerodep.shaded.org.apache.hc.client5.http.headers - http-outgoing-2 >> Connection: keep-alive
22:07:11.828 [Test worker] DEBUG com.github.dockerjava.zerodep.shaded.org.apache.hc.client5.http.headers - http-outgoing-2 >> User-Agent: Apache-HttpClient/5.0.3 (Java/17.0.2)
22:07:11.828 [Test worker] DEBUG com.github.dockerjava.zerodep.shaded.org.apache.hc.client5.http.wire - http-outgoing-2 >> "GET /v1.32/containers/511b2d736fd4c4da08b79110fd21fdaa756368e4971eb130f8114450b3efc085/json HTTP/1.1[\r][\n]"
22:07:11.828 [Test worker] DEBUG com.github.dockerjava.zerodep.shaded.org.apache.hc.client5.http.wire - http-outgoing-2 >> "accept: application/json[\r][\n]"
22:07:11.828 [Test worker] DEBUG com.github.dockerjava.zerodep.shaded.org.apache.hc.client5.http.wire - http-outgoing-2 >> "x-tc-sid: c721e8e0-dbbd-4305-a748-6be2465f786d[\r][\n]"
22:07:11.828 [Test worker] DEBUG com.github.dockerjava.zerodep.shaded.org.apache.hc.client5.http.wire - http-outgoing-2 >> "Accept-Encoding: gzip, x-gzip, deflate[\r][\n]"
22:07:11.828 [Test worker] DEBUG com.github.dockerjava.zerodep.shaded.org.apache.hc.client5.http.wire - http-outgoing-2 >> "Host: localhost:2375[\r][\n]"
22:07:11.828 [Test worker] DEBUG com.github.dockerjava.zerodep.shaded.org.apache.hc.client5.http.wire - http-outgoing-2 >> "Connection: keep-alive[\r][\n]"
22:07:11.828 [Test worker] DEBUG com.github.dockerjava.zerodep.shaded.org.apache.hc.client5.http.wire - http-outgoing-2 >> "User-Agent: Apache-HttpClient/5.0.3 (Java/17.0.2)[\r][\n]"
22:07:11.828 [Test worker] DEBUG com.github.dockerjava.zerodep.shaded.org.apache.hc.client5.http.wire - http-outgoing-2 >> "[\r][\n]"
22:07:11.831 [Test worker] DEBUG com.github.dockerjava.zerodep.shaded.org.apache.hc.client5.http.wire - http-outgoing-2 << "HTTP/1.1 200 OK[\r][\n]"
22:07:11.832 [Test worker] DEBUG com.github.dockerjava.zerodep.shaded.org.apache.hc.client5.http.wire - http-outgoing-2 << "Api-Version: 1.41[\r][\n]"
22:07:11.832 [Test worker] DEBUG com.github.dockerjava.zerodep.shaded.org.apache.hc.client5.http.wire - http-outgoing-2 << "Content-Type: application/json[\r][\n]"
22:07:11.832 [Test worker] DEBUG com.github.dockerjava.zerodep.shaded.org.apache.hc.client5.http.wire - http-outgoing-2 << "Date: Mon, 03 Apr 2023 01:07:11 GMT[\r][\n]"
22:07:11.832 [Test worker] DEBUG com.github.dockerjava.zerodep.shaded.org.apache.hc.client5.http.wire - http-outgoing-2 << "Docker-Experimental: false[\r][\n]"
22:07:11.832 [Test worker] DEBUG com.github.dockerjava.zerodep.shaded.org.apache.hc.client5.http.wire - http-outgoing-2 << "Ostype: linux[\r][\n]"
22:07:11.832 [Test worker] DEBUG com.github.dockerjava.zerodep.shaded.org.apache.hc.client5.http.wire - http-outgoing-2 << "Server: Docker/20.10.21 (linux)[\r][\n]"
22:07:11.832 [Test worker] DEBUG com.github.dockerjava.zerodep.shaded.org.apache.hc.client5.http.wire - http-outgoing-2 << "Transfer-Encoding: chunked[\r][\n]"
22:07:11.832 [Test worker] DEBUG com.github.dockerjava.zerodep.shaded.org.apache.hc.client5.http.wire - http-outgoing-2 << "[\r][\n]"
22:07:11.832 [Test worker] DEBUG com.github.dockerjava.zerodep.shaded.org.apache.hc.client5.http.headers - http-outgoing-2 << HTTP/1.1 200 OK
22:07:11.832 [Test worker] DEBUG com.github.dockerjava.zerodep.shaded.org.apache.hc.client5.http.headers - http-outgoing-2 << Api-Version: 1.41
22:07:11.832 [Test worker] DEBUG com.github.dockerjava.zerodep.shaded.org.apache.hc.client5.http.headers - http-outgoing-2 << Content-Type: application/json
22:07:11.832 [Test worker] DEBUG com.github.dockerjava.zerodep.shaded.org.apache.hc.client5.http.headers - http-outgoing-2 << Date: Mon, 03 Apr 2023 01:07:11 GMT
22:07:11.832 [Test worker] DEBUG com.github.dockerjava.zerodep.shaded.org.apache.hc.client5.http.headers - http-outgoing-2 << Docker-Experimental: false
22:07:11.832 [Test worker] DEBUG com.github.dockerjava.zerodep.shaded.org.apache.hc.client5.http.headers - http-outgoing-2 << Ostype: linux
22:07:11.832 [Test worker] DEBUG com.github.dockerjava.zerodep.shaded.org.apache.hc.client5.http.headers - http-outgoing-2 << Server: Docker/20.10.21 (linux)
22:07:11.832 [Test worker] DEBUG com.github.dockerjava.zerodep.shaded.org.apache.hc.client5.http.headers - http-outgoing-2 << Transfer-Encoding: chunked
22:07:11.832 [Test worker] DEBUG com.github.dockerjava.zerodep.shaded.org.apache.hc.client5.http.impl.classic.MainClientExec - ex-0000004C: connection can be kept alive for 3 MINUTES
22:07:11.834 [Test worker] DEBUG com.github.dockerjava.zerodep.shaded.org.apache.hc.client5.http.wire - http-outgoing-2 << "18c0[\r][\n]"
22:07:11.834 [Test worker] DEBUG com.github.dockerjava.zerodep.shaded.org.apache.hc.client5.http.wire - http-outgoing-2 << "{"Id":"511b2d736fd4c4da08b79110fd21fdaa756368e4971eb130f8114450b3efc085","Created":"2023-04-03T01:07:04.201309337Z","Path":"docker-entrypoint.sh","Args":["mysqld"],"State":{"Status":"running","Running":true,"Paused":false,"Restarting":false,"OOMKilled":false,"Dead":false,"Pid":2724,"ExitCode":0,"Error":"","StartedAt":"2023-04-03T01:07:04.498400921Z","FinishedAt":"0001-01-01T00:00:00Z"},"Image":"sha256:c7c54c29e20dccc1aefb936c8eba8bb8b98b87a4921102aba87fde2df5810af9","ResolvConfPath":"/var/lib/docker/containers/511b2d736fd4c4da08b79110fd21fdaa756368e4971eb130f8114450b3efc085/resolv.conf","HostnamePath":"/var/lib/docker/containers/511b2d736fd4c4da08b79110fd21fdaa756368e4971eb130f8114450b3efc085/hostname","HostsPath":"/var/lib/docker/containers/511b2d736fd4c4da08b79110fd21fdaa756368e4971eb130f8114450b3efc085/hosts","LogPath":"/var/lib/docker/containers/511b2d736fd4c4da08b79110fd21fdaa756368e4971eb130f8114450b3efc085/511b2d736fd4c4da08b79110fd21fdaa756368e4971eb130f8114450b3efc085-json.log","Name":"/elastic_easley","RestartCount":0,"Driver":"overlay2","Platform":"linux","MountLabel":"","ProcessLabel":"","AppArmorProfile":"","ExecIDs":null,"HostConfig":{"Binds":[],"ContainerIDFile":"","LogConfig":{"Type":"json-file","Config":{}},"NetworkMode":"default","PortBindings":{"3306/tcp":[{"HostIp":"0.0.0.0","HostPort":"0"}]},"RestartPolicy":{"Name":"","MaximumRetryCount":0},"AutoRemove":false,"VolumeDriver":"","VolumesFrom":[],"CapAdd":null,"CapDrop":null,"CgroupnsMode":"private","Dns":null,"DnsOptions":null,"DnsSearch":null,"ExtraHosts":[],"GroupAdd":null,"IpcMode":"shareable","Cgroup":"","Links":null,"OomScoreAdj":0,"PidMode":"","Privileged":false,"PublishAllPorts":false,"ReadonlyRootfs":false,"SecurityOpt":null,"UTSMode":"","UsernsMode":"","ShmSize":67108864,"Runtime":"runc","ConsoleSize":[0,0],"Isolation":"","CpuShares":0,"Memory":0,"NanoCpus":0,"CgroupParent":"","BlkioWeight":0,"BlkioWeightDevice":null,"BlkioDeviceReadBps":null,"BlkioDeviceWriteBps":null,"BlkioDeviceReadIOps":null,"BlkioDeviceWriteIOps":null,"CpuPeriod":0,"CpuQuota":0,"CpuRealtimePeriod":0,"CpuRealtimeRuntime":0,"CpusetCpus":"","CpusetMems":"","Devices":null,"DeviceCgroupRules":null,"DeviceRequests":null,"KernelMemory":0,"KernelMemoryTCP":0,"MemoryReservation":0,"MemorySwap":0,"MemorySwappiness":null,"OomKillDisable":null,"PidsLimit":null,"Ulimits":null,"CpuCount":0,"CpuPercent":0,"IOMaximumIOps":0,"IOMaximumBandwidth":0,"MaskedPaths":["/proc/asound","/proc/acpi","/proc/kcore","/proc/keys","/proc/latency_stats","/proc/timer_list","/proc/timer_stats","/proc/sched_debug","/proc/scsi","/sys/firmware"],"ReadonlyPaths":["/proc/bus","/proc/fs","/proc/irq","/proc/sys","/proc/sysrq-trigger"]},"GraphDriver":{"Data":{"LowerDir":"/var/lib/docker/overlay2/5ada145d0e3939fe5ed2118eea99b9f10241aeee200293145c73dce66470a568-init/diff:/var/lib/docker/overlay2/1bd8849d7a296305617011f940aa5cfabbe972a513397b1b6bbc27639b6c1f30/diff:/var/lib/docker/overlay2/199d69b2fbf78af4d4c95dec4fd2f8835ab0347eb49fb20ebb2ff3b99fedd6ad/diff:/var/lib/docker/overlay2/d83c38d654989311f75b9491329846033bfb7714de76ef635380dcfad5c740d9/diff:/var/lib/docker/overlay2/08600d0aea2ab2728bebcf5d2589c640a842f53d1ba3c4a4adccb4d03b923cf6/diff:/var/lib/docker/overlay2/9ec7c63a3fb14d13ac788bbf5e282ca821edc41260b79944e5e631037d13ecda/diff:/var/lib/docker/overlay2/db601d7a1b4ea6da638db620462f0da96fa55c559d02269c9ddb09027936ed87/diff:/var/lib/docker/overlay2/a6d2bd03f942e2565f21e74cfe152c7ec836a1c2b583f0790c685b92bdcfda24/diff:/var/lib/docker/overlay2/9badd16ea2c5e2bf1fde8b579683e41137dfc46ed5449234149f199a6751cc84/diff:/var/lib/docker/overlay2/6efb85646ed12e2d1181ef4cc6f6f6732c00c15a4035fe17ebc4f075ca573c30/diff:/var/lib/docker/overlay2/895d7c0ec09144d6ed33936f4e98e11c18010f7abd708cae1ce43aec7a7f2621/diff:/var/lib/docker/overlay2/1c4ba77aa573ab6e5e5069fd15eae71b3da940bde0f97a922a227ffc8a1d1096/diff","MergedDir":"/var/lib/docker/overlay2/5ada145d0e3939fe5ed2118eea99b9f10241aeee200293145c73dce66470a568/merged","UpperDir":"/var/lib/docker/overlay2/5ada145d0e3939fe5ed2118eea99b9f10241aeee200293145c73dce66470a568/diff","WorkDir":"/var/lib/docker/overlay2/5ada145d0e3939fe5ed2118eea99b9f10241aeee200293145c73dce66470a568/work"},"Name":"overlay2"},"Mounts":[{"Type":"volume","Name":"ac6dcf572a35a68e3a3a5bdf3d1899d89919b8e0b6d7a1beb9c6b19978c4e863","Source":"/var/lib/docker/volumes/ac6dcf572a35a68e3a3a5bdf3d1899d89919b8e0b6d7a1beb9c6b19978c4e863/_data","Destination":"/var/lib/mysql","Driver":"local","Mode":"","RW":true,"Propagation":""}],"Config":{"Hostname":"511b2d736fd4","Domainname":"","User":"","AttachStdin":false,"AttachStdout":false,"AttachStderr":false,"ExposedPorts":{"3306/tcp":{},"33060/tcp":{}},"Tty":false,"OpenStdin":false,"StdinOnce":false,"Env":["MYSQL_DATABASE=adm_videos","MYSQL_PASSWORD=123456","MYSQL_ROOT_PASSWORD=123456","PATH=/usr/local/sbin:/usr/local/bin:/usr/sbin:/usr/bin:/sbin:/bin","GOSU_VERSION=1.16","MYSQL_MAJOR=8.0","MYSQL_VERSION=8.0.32-1.el8","MYSQL_SHELL_VERSION=8.0.32-1.el8"],"Cmd":["mysqld"],"Image":"mysql:latest","Volumes":{"/var/lib/mysql":{}},"WorkingDir":"","Entrypoint":["docker-entrypoint.sh"],"OnBuild":null,"Labels":{"org.testcontainers":"true","org.testcontainers.lang":"java","org.testcontainers.sessionId":"c721e8e0-dbbd-4305-a748-6be2465f786d","org.testcontainers.version":"1.17.6"}},"NetworkSettings":{"Bridge":"","SandboxID":"23a51dba07b22c8536581cd39611755923749e16a93a45ce75c5c8a4a7759981","HairpinMode":false,"LinkLocalIPv6Address":"","LinkLocalIPv6PrefixLen":0,"Ports":{"3306/tcp":[{"HostIp":"0.0.0.0","HostPort":"50897"}],"33060/tcp":null},"SandboxKey":"/var/run/docker/netns/23a51dba07b2","SecondaryIPAddresses":null,"SecondaryIPv6Addresses":null,"EndpointID":"692f30c6e93a1486104b6273bdc38b1f926e45528d0b3ff49b5fe2d91ed6b329","Gateway":"172.17.0.1","GlobalIPv6Address":"","GlobalIPv6PrefixLen":0,"IPAddress":"172.17.0.3","IPPrefixLen":16,"IPv6Gateway":"","MacAddress":"02:42:ac:11:00:03","Networks":{"bridge":{"IPAMConfig":null,"Links":null,"Aliases":null,"NetworkID":"eba6fdf7ebe51912c859fc2dc83d1407a50db03ea3c296d90f885e8af84b6e93","EndpointID":"692f30c6e93a1486104b6273bdc38b1f926e45528d0b3ff49b5fe2d91ed6b329","Gateway":"172.17.0.1","IPAddress":"172.17.0.3","IPPrefixLen":16,"IPv6Gateway":"","GlobalIPv6Address":"","GlobalIPv6PrefixLen":0,"MacAddress":"02:42:ac:11:00:03","DriverOpts":null}}}}[\n]"
22:07:11.834 [Test worker] DEBUG com.github.dockerjava.zerodep.shaded.org.apache.hc.client5.http.wire - http-outgoing-2 << "[\r][\n]"
22:07:11.835 [Test worker] DEBUG com.github.dockerjava.zerodep.shaded.org.apache.hc.client5.http.wire - http-outgoing-2 << "0[\r][\n]"
22:07:11.835 [Test worker] DEBUG com.github.dockerjava.zerodep.shaded.org.apache.hc.client5.http.wire - http-outgoing-2 << "[\r][\n]"
22:07:11.835 [Test worker] DEBUG com.github.dockerjava.zerodep.shaded.org.apache.hc.client5.http.impl.classic.InternalHttpClient - ep-0000004B: releasing valid endpoint
22:07:11.835 [Test worker] DEBUG com.github.dockerjava.zerodep.shaded.org.apache.hc.client5.http.impl.io.PoolingHttpClientConnectionManager - ep-0000004B: releasing endpoint
22:07:11.835 [Test worker] DEBUG com.github.dockerjava.zerodep.shaded.org.apache.hc.client5.http.impl.io.PoolingHttpClientConnectionManager - ep-0000004B: connection http-outgoing-2 can be kept alive for 3 MINUTES
22:07:11.835 [Test worker] DEBUG com.github.dockerjava.zerodep.shaded.org.apache.hc.client5.http.impl.io.PoolingHttpClientConnectionManager - ep-0000004B: connection released [route: {}->unix://localhost:2375][total available: 1; route allocated: 1 of 2147483647; total allocated: 1 of 2147483647]
22:07:11.835 [Test worker] DEBUG ]]>&#x1f433;<![CDATA[ [mysql:latest] - Trying to create JDBC connection using com.mysql.cj.jdbc.Driver to jdbc:mysql://localhost:50897/adm_videos?useSSL=false&allowPublicKeyRetrieval=true with properties: {password=123456, user=root}
22:07:11.938 [Test worker] DEBUG org.testcontainers.shaded.com.github.dockerjava.core.command.AbstrDockerCmd - Cmd: 511b2d736fd4c4da08b79110fd21fdaa756368e4971eb130f8114450b3efc085,false
22:07:11.939 [Test worker] DEBUG org.testcontainers.shaded.com.github.dockerjava.core.exec.InspectContainerCmdExec - GET: DefaultWebTarget{path=[/containers/511b2d736fd4c4da08b79110fd21fdaa756368e4971eb130f8114450b3efc085/json], queryParams={}}
22:07:11.939 [Test worker] DEBUG com.github.dockerjava.zerodep.shaded.org.apache.hc.client5.http.impl.classic.InternalHttpClient - ex-0000004D: preparing request execution
22:07:11.939 [Test worker] DEBUG com.github.dockerjava.zerodep.shaded.org.apache.hc.client5.http.protocol.RequestAddCookies - Cookie spec selected: strict
22:07:11.939 [Test worker] DEBUG com.github.dockerjava.zerodep.shaded.org.apache.hc.client5.http.protocol.RequestAuthCache - Auth cache not set in the context
22:07:11.939 [Test worker] DEBUG com.github.dockerjava.zerodep.shaded.org.apache.hc.client5.http.impl.classic.ProtocolExec - ex-0000004D: target auth state: UNCHALLENGED
22:07:11.940 [Test worker] DEBUG com.github.dockerjava.zerodep.shaded.org.apache.hc.client5.http.impl.classic.ProtocolExec - ex-0000004D: proxy auth state: UNCHALLENGED
22:07:11.940 [Test worker] DEBUG com.github.dockerjava.zerodep.shaded.org.apache.hc.client5.http.impl.classic.ConnectExec - ex-0000004D: acquiring connection with route {}->unix://localhost:2375
22:07:11.940 [Test worker] DEBUG com.github.dockerjava.zerodep.shaded.org.apache.hc.client5.http.impl.classic.InternalHttpClient - ex-0000004D: acquiring endpoint (3 MINUTES)
22:07:11.940 [Test worker] DEBUG com.github.dockerjava.zerodep.shaded.org.apache.hc.client5.http.impl.io.PoolingHttpClientConnectionManager - ex-0000004D: endpoint lease request (3 MINUTES) [route: {}->unix://localhost:2375][total available: 1; route allocated: 1 of 2147483647; total allocated: 1 of 2147483647]
22:07:11.940 [Test worker] DEBUG com.github.dockerjava.zerodep.shaded.org.apache.hc.client5.http.impl.io.PoolingHttpClientConnectionManager - ex-0000004D: endpoint leased [route: {}->unix://localhost:2375][total available: 0; route allocated: 1 of 2147483647; total allocated: 1 of 2147483647]
22:07:11.940 [Test worker] DEBUG com.github.dockerjava.zerodep.shaded.org.apache.hc.client5.http.impl.io.PoolingHttpClientConnectionManager - ex-0000004D: acquired ep-0000004C
22:07:11.940 [Test worker] DEBUG com.github.dockerjava.zerodep.shaded.org.apache.hc.client5.http.impl.classic.InternalHttpClient - ex-0000004D: acquired endpoint ep-0000004C
22:07:11.940 [Test worker] DEBUG com.github.dockerjava.zerodep.shaded.org.apache.hc.client5.http.impl.classic.MainClientExec - ex-0000004D: executing GET /v1.32/containers/511b2d736fd4c4da08b79110fd21fdaa756368e4971eb130f8114450b3efc085/json HTTP/1.1
22:07:11.940 [Test worker] DEBUG com.github.dockerjava.zerodep.shaded.org.apache.hc.client5.http.impl.classic.InternalHttpClient - ep-0000004C: start execution ex-0000004D
22:07:11.940 [Test worker] DEBUG com.github.dockerjava.zerodep.shaded.org.apache.hc.client5.http.impl.io.PoolingHttpClientConnectionManager - ep-0000004C: executing exchange ex-0000004D over http-outgoing-2
22:07:11.940 [Test worker] DEBUG com.github.dockerjava.zerodep.shaded.org.apache.hc.client5.http.headers - http-outgoing-2 >> GET /v1.32/containers/511b2d736fd4c4da08b79110fd21fdaa756368e4971eb130f8114450b3efc085/json HTTP/1.1
22:07:11.940 [Test worker] DEBUG com.github.dockerjava.zerodep.shaded.org.apache.hc.client5.http.headers - http-outgoing-2 >> accept: application/json
22:07:11.940 [Test worker] DEBUG com.github.dockerjava.zerodep.shaded.org.apache.hc.client5.http.headers - http-outgoing-2 >> x-tc-sid: c721e8e0-dbbd-4305-a748-6be2465f786d
22:07:11.940 [Test worker] DEBUG com.github.dockerjava.zerodep.shaded.org.apache.hc.client5.http.headers - http-outgoing-2 >> Accept-Encoding: gzip, x-gzip, deflate
22:07:11.940 [Test worker] DEBUG com.github.dockerjava.zerodep.shaded.org.apache.hc.client5.http.headers - http-outgoing-2 >> Host: localhost:2375
22:07:11.940 [Test worker] DEBUG com.github.dockerjava.zerodep.shaded.org.apache.hc.client5.http.headers - http-outgoing-2 >> Connection: keep-alive
22:07:11.940 [Test worker] DEBUG com.github.dockerjava.zerodep.shaded.org.apache.hc.client5.http.headers - http-outgoing-2 >> User-Agent: Apache-HttpClient/5.0.3 (Java/17.0.2)
22:07:11.940 [Test worker] DEBUG com.github.dockerjava.zerodep.shaded.org.apache.hc.client5.http.wire - http-outgoing-2 >> "GET /v1.32/containers/511b2d736fd4c4da08b79110fd21fdaa756368e4971eb130f8114450b3efc085/json HTTP/1.1[\r][\n]"
22:07:11.940 [Test worker] DEBUG com.github.dockerjava.zerodep.shaded.org.apache.hc.client5.http.wire - http-outgoing-2 >> "accept: application/json[\r][\n]"
22:07:11.940 [Test worker] DEBUG com.github.dockerjava.zerodep.shaded.org.apache.hc.client5.http.wire - http-outgoing-2 >> "x-tc-sid: c721e8e0-dbbd-4305-a748-6be2465f786d[\r][\n]"
22:07:11.940 [Test worker] DEBUG com.github.dockerjava.zerodep.shaded.org.apache.hc.client5.http.wire - http-outgoing-2 >> "Accept-Encoding: gzip, x-gzip, deflate[\r][\n]"
22:07:11.940 [Test worker] DEBUG com.github.dockerjava.zerodep.shaded.org.apache.hc.client5.http.wire - http-outgoing-2 >> "Host: localhost:2375[\r][\n]"
22:07:11.940 [Test worker] DEBUG com.github.dockerjava.zerodep.shaded.org.apache.hc.client5.http.wire - http-outgoing-2 >> "Connection: keep-alive[\r][\n]"
22:07:11.940 [Test worker] DEBUG com.github.dockerjava.zerodep.shaded.org.apache.hc.client5.http.wire - http-outgoing-2 >> "User-Agent: Apache-HttpClient/5.0.3 (Java/17.0.2)[\r][\n]"
22:07:11.940 [Test worker] DEBUG com.github.dockerjava.zerodep.shaded.org.apache.hc.client5.http.wire - http-outgoing-2 >> "[\r][\n]"
22:07:11.945 [Test worker] DEBUG com.github.dockerjava.zerodep.shaded.org.apache.hc.client5.http.wire - http-outgoing-2 << "HTTP/1.1 200 OK[\r][\n]"
22:07:11.946 [Test worker] DEBUG com.github.dockerjava.zerodep.shaded.org.apache.hc.client5.http.wire - http-outgoing-2 << "Api-Version: 1.41[\r][\n]"
22:07:11.946 [Test worker] DEBUG com.github.dockerjava.zerodep.shaded.org.apache.hc.client5.http.wire - http-outgoing-2 << "Content-Type: application/json[\r][\n]"
22:07:11.946 [Test worker] DEBUG com.github.dockerjava.zerodep.shaded.org.apache.hc.client5.http.wire - http-outgoing-2 << "Date: Mon, 03 Apr 2023 01:07:11 GMT[\r][\n]"
22:07:11.946 [Test worker] DEBUG com.github.dockerjava.zerodep.shaded.org.apache.hc.client5.http.wire - http-outgoing-2 << "Docker-Experimental: false[\r][\n]"
22:07:11.946 [Test worker] DEBUG com.github.dockerjava.zerodep.shaded.org.apache.hc.client5.http.wire - http-outgoing-2 << "Ostype: linux[\r][\n]"
22:07:11.946 [Test worker] DEBUG com.github.dockerjava.zerodep.shaded.org.apache.hc.client5.http.wire - http-outgoing-2 << "Server: Docker/20.10.21 (linux)[\r][\n]"
22:07:11.946 [Test worker] DEBUG com.github.dockerjava.zerodep.shaded.org.apache.hc.client5.http.wire - http-outgoing-2 << "Transfer-Encoding: chunked[\r][\n]"
22:07:11.946 [Test worker] DEBUG com.github.dockerjava.zerodep.shaded.org.apache.hc.client5.http.wire - http-outgoing-2 << "[\r][\n]"
22:07:11.946 [Test worker] DEBUG com.github.dockerjava.zerodep.shaded.org.apache.hc.client5.http.headers - http-outgoing-2 << HTTP/1.1 200 OK
22:07:11.946 [Test worker] DEBUG com.github.dockerjava.zerodep.shaded.org.apache.hc.client5.http.headers - http-outgoing-2 << Api-Version: 1.41
22:07:11.946 [Test worker] DEBUG com.github.dockerjava.zerodep.shaded.org.apache.hc.client5.http.headers - http-outgoing-2 << Content-Type: application/json
22:07:11.946 [Test worker] DEBUG com.github.dockerjava.zerodep.shaded.org.apache.hc.client5.http.headers - http-outgoing-2 << Date: Mon, 03 Apr 2023 01:07:11 GMT
22:07:11.946 [Test worker] DEBUG com.github.dockerjava.zerodep.shaded.org.apache.hc.client5.http.headers - http-outgoing-2 << Docker-Experimental: false
22:07:11.946 [Test worker] DEBUG com.github.dockerjava.zerodep.shaded.org.apache.hc.client5.http.headers - http-outgoing-2 << Ostype: linux
22:07:11.946 [Test worker] DEBUG com.github.dockerjava.zerodep.shaded.org.apache.hc.client5.http.headers - http-outgoing-2 << Server: Docker/20.10.21 (linux)
22:07:11.946 [Test worker] DEBUG com.github.dockerjava.zerodep.shaded.org.apache.hc.client5.http.headers - http-outgoing-2 << Transfer-Encoding: chunked
22:07:11.946 [Test worker] DEBUG com.github.dockerjava.zerodep.shaded.org.apache.hc.client5.http.impl.classic.MainClientExec - ex-0000004D: connection can be kept alive for 3 MINUTES
22:07:11.952 [Test worker] DEBUG com.github.dockerjava.zerodep.shaded.org.apache.hc.client5.http.wire - http-outgoing-2 << "18c0[\r][\n]"
22:07:11.952 [Test worker] DEBUG com.github.dockerjava.zerodep.shaded.org.apache.hc.client5.http.wire - http-outgoing-2 << "{"Id":"511b2d736fd4c4da08b79110fd21fdaa756368e4971eb130f8114450b3efc085","Created":"2023-04-03T01:07:04.201309337Z","Path":"docker-entrypoint.sh","Args":["mysqld"],"State":{"Status":"running","Running":true,"Paused":false,"Restarting":false,"OOMKilled":false,"Dead":false,"Pid":2724,"ExitCode":0,"Error":"","StartedAt":"2023-04-03T01:07:04.498400921Z","FinishedAt":"0001-01-01T00:00:00Z"},"Image":"sha256:c7c54c29e20dccc1aefb936c8eba8bb8b98b87a4921102aba87fde2df5810af9","ResolvConfPath":"/var/lib/docker/containers/511b2d736fd4c4da08b79110fd21fdaa756368e4971eb130f8114450b3efc085/resolv.conf","HostnamePath":"/var/lib/docker/containers/511b2d736fd4c4da08b79110fd21fdaa756368e4971eb130f8114450b3efc085/hostname","HostsPath":"/var/lib/docker/containers/511b2d736fd4c4da08b79110fd21fdaa756368e4971eb130f8114450b3efc085/hosts","LogPath":"/var/lib/docker/containers/511b2d736fd4c4da08b79110fd21fdaa756368e4971eb130f8114450b3efc085/511b2d736fd4c4da08b79110fd21fdaa756368e4971eb130f8114450b3efc085-json.log","Name":"/elastic_easley","RestartCount":0,"Driver":"overlay2","Platform":"linux","MountLabel":"","ProcessLabel":"","AppArmorProfile":"","ExecIDs":null,"HostConfig":{"Binds":[],"ContainerIDFile":"","LogConfig":{"Type":"json-file","Config":{}},"NetworkMode":"default","PortBindings":{"3306/tcp":[{"HostIp":"0.0.0.0","HostPort":"0"}]},"RestartPolicy":{"Name":"","MaximumRetryCount":0},"AutoRemove":false,"VolumeDriver":"","VolumesFrom":[],"CapAdd":null,"CapDrop":null,"CgroupnsMode":"private","Dns":null,"DnsOptions":null,"DnsSearch":null,"ExtraHosts":[],"GroupAdd":null,"IpcMode":"shareable","Cgroup":"","Links":null,"OomScoreAdj":0,"PidMode":"","Privileged":false,"PublishAllPorts":false,"ReadonlyRootfs":false,"SecurityOpt":null,"UTSMode":"","UsernsMode":"","ShmSize":67108864,"Runtime":"runc","ConsoleSize":[0,0],"Isolation":"","CpuShares":0,"Memory":0,"NanoCpus":0,"CgroupParent":"","BlkioWeight":0,"BlkioWeightDevice":null,"BlkioDeviceReadBps":null,"BlkioDeviceWriteBps":null,"BlkioDeviceReadIOps":null,"BlkioDeviceWriteIOps":null,"CpuPeriod":0,"CpuQuota":0,"CpuRealtimePeriod":0,"CpuRealtimeRuntime":0,"CpusetCpus":"","CpusetMems":"","Devices":null,"DeviceCgroupRules":null,"DeviceRequests":null,"KernelMemory":0,"KernelMemoryTCP":0,"MemoryReservation":0,"MemorySwap":0,"MemorySwappiness":null,"OomKillDisable":null,"PidsLimit":null,"Ulimits":null,"CpuCount":0,"CpuPercent":0,"IOMaximumIOps":0,"IOMaximumBandwidth":0,"MaskedPaths":["/proc/asound","/proc/acpi","/proc/kcore","/proc/keys","/proc/latency_stats","/proc/timer_list","/proc/timer_stats","/proc/sched_debug","/proc/scsi","/sys/firmware"],"ReadonlyPaths":["/proc/bus","/proc/fs","/proc/irq","/proc/sys","/proc/sysrq-trigger"]},"GraphDriver":{"Data":{"LowerDir":"/var/lib/docker/overlay2/5ada145d0e3939fe5ed2118eea99b9f10241aeee200293145c73dce66470a568-init/diff:/var/lib/docker/overlay2/1bd8849d7a296305617011f940aa5cfabbe972a513397b1b6bbc27639b6c1f30/diff:/var/lib/docker/overlay2/199d69b2fbf78af4d4c95dec4fd2f8835ab0347eb49fb20ebb2ff3b99fedd6ad/diff:/var/lib/docker/overlay2/d83c38d654989311f75b9491329846033bfb7714de76ef635380dcfad5c740d9/diff:/var/lib/docker/overlay2/08600d0aea2ab2728bebcf5d2589c640a842f53d1ba3c4a4adccb4d03b923cf6/diff:/var/lib/docker/overlay2/9ec7c63a3fb14d13ac788bbf5e282ca821edc41260b79944e5e631037d13ecda/diff:/var/lib/docker/overlay2/db601d7a1b4ea6da638db620462f0da96fa55c559d02269c9ddb09027936ed87/diff:/var/lib/docker/overlay2/a6d2bd03f942e2565f21e74cfe152c7ec836a1c2b583f0790c685b92bdcfda24/diff:/var/lib/docker/overlay2/9badd16ea2c5e2bf1fde8b579683e41137dfc46ed5449234149f199a6751cc84/diff:/var/lib/docker/overlay2/6efb85646ed12e2d1181ef4cc6f6f6732c00c15a4035fe17ebc4f075ca573c30/diff:/var/lib/docker/overlay2/895d7c0ec09144d6ed33936f4e98e11c18010f7abd708cae1ce43aec7a7f2621/diff:/var/lib/docker/overlay2/1c4ba77aa573ab6e5e5069fd15eae71b3da940bde0f97a922a227ffc8a1d1096/diff","MergedDir":"/var/lib/docker/overlay2/5ada145d0e3939fe5ed2118eea99b9f10241aeee200293145c73dce66470a568/merged","UpperDir":"/var/lib/docker/overlay2/5ada145d0e3939fe5ed2118eea99b9f10241aeee200293145c73dce66470a568/diff","WorkDir":"/var/lib/docker/overlay2/5ada145d0e3939fe5ed2118eea99b9f10241aeee200293145c73dce66470a568/work"},"Name":"overlay2"},"Mounts":[{"Type":"volume","Name":"ac6dcf572a35a68e3a3a5bdf3d1899d89919b8e0b6d7a1beb9c6b19978c4e863","Source":"/var/lib/docker/volumes/ac6dcf572a35a68e3a3a5bdf3d1899d89919b8e0b6d7a1beb9c6b19978c4e863/_data","Destination":"/var/lib/mysql","Driver":"local","Mode":"","RW":true,"Propagation":""}],"Config":{"Hostname":"511b2d736fd4","Domainname":"","User":"","AttachStdin":false,"AttachStdout":false,"AttachStderr":false,"ExposedPorts":{"3306/tcp":{},"33060/tcp":{}},"Tty":false,"OpenStdin":false,"StdinOnce":false,"Env":["MYSQL_DATABASE=adm_videos","MYSQL_PASSWORD=123456","MYSQL_ROOT_PASSWORD=123456","PATH=/usr/local/sbin:/usr/local/bin:/usr/sbin:/usr/bin:/sbin:/bin","GOSU_VERSION=1.16","MYSQL_MAJOR=8.0","MYSQL_VERSION=8.0.32-1.el8","MYSQL_SHELL_VERSION=8.0.32-1.el8"],"Cmd":["mysqld"],"Image":"mysql:latest","Volumes":{"/var/lib/mysql":{}},"WorkingDir":"","Entrypoint":["docker-entrypoint.sh"],"OnBuild":null,"Labels":{"org.testcontainers":"true","org.testcontainers.lang":"java","org.testcontainers.sessionId":"c721e8e0-dbbd-4305-a748-6be2465f786d","org.testcontainers.version":"1.17.6"}},"NetworkSettings":{"Bridge":"","SandboxID":"23a51dba07b22c8536581cd39611755923749e16a93a45ce75c5c8a4a7759981","HairpinMode":false,"LinkLocalIPv6Address":"","LinkLocalIPv6PrefixLen":0,"Ports":{"3306/tcp":[{"HostIp":"0.0.0.0","HostPort":"50897"}],"33060/tcp":null},"SandboxKey":"/var/run/docker/netns/23a51dba07b2","SecondaryIPAddresses":null,"SecondaryIPv6Addresses":null,"EndpointID":"692f30c6e93a1486104b6273bdc38b1f926e45528d0b3ff49b5fe2d91ed6b329","Gateway":"172.17.0.1","GlobalIPv6Address":"","GlobalIPv6PrefixLen":0,"IPAddress":"172.17.0.3","IPPrefixLen":16,"IPv6Gateway":"","MacAddress":"02:42:ac:11:00:03","Networks":{"bridge":{"IPAMConfig":null,"Links":null,"Aliases":null,"NetworkID":"eba6fdf7ebe51912c859fc2dc83d1407a50db03ea3c296d90f885e8af84b6e93","EndpointID":"692f30c6e93a1486104b6273bdc38b1f926e45528d0b3ff49b5fe2d91ed6b329","Gateway":"172.17.0.1","IPAddress":"172.17.0.3","IPPrefixLen":16,"IPv6Gateway":"","GlobalIPv6Address":"","GlobalIPv6PrefixLen":0,"MacAddress":"02:42:ac:11:00:03","DriverOpts":null}}}}[\n]"
22:07:11.952 [Test worker] DEBUG com.github.dockerjava.zerodep.shaded.org.apache.hc.client5.http.wire - http-outgoing-2 << "[\r][\n]"
22:07:11.953 [Test worker] DEBUG com.github.dockerjava.zerodep.shaded.org.apache.hc.client5.http.wire - http-outgoing-2 << "0[\r][\n]"
22:07:11.953 [Test worker] DEBUG com.github.dockerjava.zerodep.shaded.org.apache.hc.client5.http.wire - http-outgoing-2 << "[\r][\n]"
22:07:11.953 [Test worker] DEBUG com.github.dockerjava.zerodep.shaded.org.apache.hc.client5.http.impl.classic.InternalHttpClient - ep-0000004C: releasing valid endpoint
22:07:11.953 [Test worker] DEBUG com.github.dockerjava.zerodep.shaded.org.apache.hc.client5.http.impl.io.PoolingHttpClientConnectionManager - ep-0000004C: releasing endpoint
22:07:11.953 [Test worker] DEBUG com.github.dockerjava.zerodep.shaded.org.apache.hc.client5.http.impl.io.PoolingHttpClientConnectionManager - ep-0000004C: connection http-outgoing-2 can be kept alive for 3 MINUTES
22:07:11.954 [Test worker] DEBUG com.github.dockerjava.zerodep.shaded.org.apache.hc.client5.http.impl.io.PoolingHttpClientConnectionManager - ep-0000004C: connection released [route: {}->unix://localhost:2375][total available: 1; route allocated: 1 of 2147483647; total allocated: 1 of 2147483647]
22:07:11.954 [Test worker] DEBUG ]]>&#x1f433;<![CDATA[ [mysql:latest] - Trying to create JDBC connection using com.mysql.cj.jdbc.Driver to jdbc:mysql://localhost:50897/adm_videos?useSSL=false&allowPublicKeyRetrieval=true with properties: {password=123456, user=root}
22:07:12.063 [Test worker] DEBUG org.testcontainers.shaded.com.github.dockerjava.core.command.AbstrDockerCmd - Cmd: 511b2d736fd4c4da08b79110fd21fdaa756368e4971eb130f8114450b3efc085,false
22:07:12.063 [Test worker] DEBUG org.testcontainers.shaded.com.github.dockerjava.core.exec.InspectContainerCmdExec - GET: DefaultWebTarget{path=[/containers/511b2d736fd4c4da08b79110fd21fdaa756368e4971eb130f8114450b3efc085/json], queryParams={}}
22:07:12.063 [Test worker] DEBUG com.github.dockerjava.zerodep.shaded.org.apache.hc.client5.http.impl.classic.InternalHttpClient - ex-0000004E: preparing request execution
22:07:12.063 [Test worker] DEBUG com.github.dockerjava.zerodep.shaded.org.apache.hc.client5.http.protocol.RequestAddCookies - Cookie spec selected: strict
22:07:12.063 [Test worker] DEBUG com.github.dockerjava.zerodep.shaded.org.apache.hc.client5.http.protocol.RequestAuthCache - Auth cache not set in the context
22:07:12.063 [Test worker] DEBUG com.github.dockerjava.zerodep.shaded.org.apache.hc.client5.http.impl.classic.ProtocolExec - ex-0000004E: target auth state: UNCHALLENGED
22:07:12.063 [Test worker] DEBUG com.github.dockerjava.zerodep.shaded.org.apache.hc.client5.http.impl.classic.ProtocolExec - ex-0000004E: proxy auth state: UNCHALLENGED
22:07:12.063 [Test worker] DEBUG com.github.dockerjava.zerodep.shaded.org.apache.hc.client5.http.impl.classic.ConnectExec - ex-0000004E: acquiring connection with route {}->unix://localhost:2375
22:07:12.063 [Test worker] DEBUG com.github.dockerjava.zerodep.shaded.org.apache.hc.client5.http.impl.classic.InternalHttpClient - ex-0000004E: acquiring endpoint (3 MINUTES)
22:07:12.064 [Test worker] DEBUG com.github.dockerjava.zerodep.shaded.org.apache.hc.client5.http.impl.io.PoolingHttpClientConnectionManager - ex-0000004E: endpoint lease request (3 MINUTES) [route: {}->unix://localhost:2375][total available: 1; route allocated: 1 of 2147483647; total allocated: 1 of 2147483647]
22:07:12.064 [Test worker] DEBUG com.github.dockerjava.zerodep.shaded.org.apache.hc.client5.http.impl.io.PoolingHttpClientConnectionManager - ex-0000004E: endpoint leased [route: {}->unix://localhost:2375][total available: 0; route allocated: 1 of 2147483647; total allocated: 1 of 2147483647]
22:07:12.064 [Test worker] DEBUG com.github.dockerjava.zerodep.shaded.org.apache.hc.client5.http.impl.io.PoolingHttpClientConnectionManager - ex-0000004E: acquired ep-0000004D
22:07:12.064 [Test worker] DEBUG com.github.dockerjava.zerodep.shaded.org.apache.hc.client5.http.impl.classic.InternalHttpClient - ex-0000004E: acquired endpoint ep-0000004D
22:07:12.064 [Test worker] DEBUG com.github.dockerjava.zerodep.shaded.org.apache.hc.client5.http.impl.classic.MainClientExec - ex-0000004E: executing GET /v1.32/containers/511b2d736fd4c4da08b79110fd21fdaa756368e4971eb130f8114450b3efc085/json HTTP/1.1
22:07:12.064 [Test worker] DEBUG com.github.dockerjava.zerodep.shaded.org.apache.hc.client5.http.impl.classic.InternalHttpClient - ep-0000004D: start execution ex-0000004E
22:07:12.064 [Test worker] DEBUG com.github.dockerjava.zerodep.shaded.org.apache.hc.client5.http.impl.io.PoolingHttpClientConnectionManager - ep-0000004D: executing exchange ex-0000004E over http-outgoing-2
22:07:12.064 [Test worker] DEBUG com.github.dockerjava.zerodep.shaded.org.apache.hc.client5.http.headers - http-outgoing-2 >> GET /v1.32/containers/511b2d736fd4c4da08b79110fd21fdaa756368e4971eb130f8114450b3efc085/json HTTP/1.1
22:07:12.064 [Test worker] DEBUG com.github.dockerjava.zerodep.shaded.org.apache.hc.client5.http.headers - http-outgoing-2 >> accept: application/json
22:07:12.064 [Test worker] DEBUG com.github.dockerjava.zerodep.shaded.org.apache.hc.client5.http.headers - http-outgoing-2 >> x-tc-sid: c721e8e0-dbbd-4305-a748-6be2465f786d
22:07:12.064 [Test worker] DEBUG com.github.dockerjava.zerodep.shaded.org.apache.hc.client5.http.headers - http-outgoing-2 >> Accept-Encoding: gzip, x-gzip, deflate
22:07:12.064 [Test worker] DEBUG com.github.dockerjava.zerodep.shaded.org.apache.hc.client5.http.headers - http-outgoing-2 >> Host: localhost:2375
22:07:12.064 [Test worker] DEBUG com.github.dockerjava.zerodep.shaded.org.apache.hc.client5.http.headers - http-outgoing-2 >> Connection: keep-alive
22:07:12.064 [Test worker] DEBUG com.github.dockerjava.zerodep.shaded.org.apache.hc.client5.http.headers - http-outgoing-2 >> User-Agent: Apache-HttpClient/5.0.3 (Java/17.0.2)
22:07:12.064 [Test worker] DEBUG com.github.dockerjava.zerodep.shaded.org.apache.hc.client5.http.wire - http-outgoing-2 >> "GET /v1.32/containers/511b2d736fd4c4da08b79110fd21fdaa756368e4971eb130f8114450b3efc085/json HTTP/1.1[\r][\n]"
22:07:12.064 [Test worker] DEBUG com.github.dockerjava.zerodep.shaded.org.apache.hc.client5.http.wire - http-outgoing-2 >> "accept: application/json[\r][\n]"
22:07:12.064 [Test worker] DEBUG com.github.dockerjava.zerodep.shaded.org.apache.hc.client5.http.wire - http-outgoing-2 >> "x-tc-sid: c721e8e0-dbbd-4305-a748-6be2465f786d[\r][\n]"
22:07:12.064 [Test worker] DEBUG com.github.dockerjava.zerodep.shaded.org.apache.hc.client5.http.wire - http-outgoing-2 >> "Accept-Encoding: gzip, x-gzip, deflate[\r][\n]"
22:07:12.064 [Test worker] DEBUG com.github.dockerjava.zerodep.shaded.org.apache.hc.client5.http.wire - http-outgoing-2 >> "Host: localhost:2375[\r][\n]"
22:07:12.064 [Test worker] DEBUG com.github.dockerjava.zerodep.shaded.org.apache.hc.client5.http.wire - http-outgoing-2 >> "Connection: keep-alive[\r][\n]"
22:07:12.064 [Test worker] DEBUG com.github.dockerjava.zerodep.shaded.org.apache.hc.client5.http.wire - http-outgoing-2 >> "User-Agent: Apache-HttpClient/5.0.3 (Java/17.0.2)[\r][\n]"
22:07:12.064 [Test worker] DEBUG com.github.dockerjava.zerodep.shaded.org.apache.hc.client5.http.wire - http-outgoing-2 >> "[\r][\n]"
22:07:12.069 [Test worker] DEBUG com.github.dockerjava.zerodep.shaded.org.apache.hc.client5.http.wire - http-outgoing-2 << "HTTP/1.1 200 OK[\r][\n]"
22:07:12.069 [Test worker] DEBUG com.github.dockerjava.zerodep.shaded.org.apache.hc.client5.http.wire - http-outgoing-2 << "Api-Version: 1.41[\r][\n]"
22:07:12.069 [Test worker] DEBUG com.github.dockerjava.zerodep.shaded.org.apache.hc.client5.http.wire - http-outgoing-2 << "Content-Type: application/json[\r][\n]"
22:07:12.069 [Test worker] DEBUG com.github.dockerjava.zerodep.shaded.org.apache.hc.client5.http.wire - http-outgoing-2 << "Date: Mon, 03 Apr 2023 01:07:12 GMT[\r][\n]"
22:07:12.069 [Test worker] DEBUG com.github.dockerjava.zerodep.shaded.org.apache.hc.client5.http.wire - http-outgoing-2 << "Docker-Experimental: false[\r][\n]"
22:07:12.069 [Test worker] DEBUG com.github.dockerjava.zerodep.shaded.org.apache.hc.client5.http.wire - http-outgoing-2 << "Ostype: linux[\r][\n]"
22:07:12.069 [Test worker] DEBUG com.github.dockerjava.zerodep.shaded.org.apache.hc.client5.http.wire - http-outgoing-2 << "Server: Docker/20.10.21 (linux)[\r][\n]"
22:07:12.069 [Test worker] DEBUG com.github.dockerjava.zerodep.shaded.org.apache.hc.client5.http.wire - http-outgoing-2 << "Transfer-Encoding: chunked[\r][\n]"
22:07:12.069 [Test worker] DEBUG com.github.dockerjava.zerodep.shaded.org.apache.hc.client5.http.wire - http-outgoing-2 << "[\r][\n]"
22:07:12.069 [Test worker] DEBUG com.github.dockerjava.zerodep.shaded.org.apache.hc.client5.http.headers - http-outgoing-2 << HTTP/1.1 200 OK
22:07:12.069 [Test worker] DEBUG com.github.dockerjava.zerodep.shaded.org.apache.hc.client5.http.headers - http-outgoing-2 << Api-Version: 1.41
22:07:12.069 [Test worker] DEBUG com.github.dockerjava.zerodep.shaded.org.apache.hc.client5.http.headers - http-outgoing-2 << Content-Type: application/json
22:07:12.069 [Test worker] DEBUG com.github.dockerjava.zerodep.shaded.org.apache.hc.client5.http.headers - http-outgoing-2 << Date: Mon, 03 Apr 2023 01:07:12 GMT
22:07:12.069 [Test worker] DEBUG com.github.dockerjava.zerodep.shaded.org.apache.hc.client5.http.headers - http-outgoing-2 << Docker-Experimental: false
22:07:12.069 [Test worker] DEBUG com.github.dockerjava.zerodep.shaded.org.apache.hc.client5.http.headers - http-outgoing-2 << Ostype: linux
22:07:12.069 [Test worker] DEBUG com.github.dockerjava.zerodep.shaded.org.apache.hc.client5.http.headers - http-outgoing-2 << Server: Docker/20.10.21 (linux)
22:07:12.069 [Test worker] DEBUG com.github.dockerjava.zerodep.shaded.org.apache.hc.client5.http.headers - http-outgoing-2 << Transfer-Encoding: chunked
22:07:12.069 [Test worker] DEBUG com.github.dockerjava.zerodep.shaded.org.apache.hc.client5.http.impl.classic.MainClientExec - ex-0000004E: connection can be kept alive for 3 MINUTES
22:07:12.070 [Test worker] DEBUG com.github.dockerjava.zerodep.shaded.org.apache.hc.client5.http.wire - http-outgoing-2 << "18c0[\r][\n]"
22:07:12.070 [Test worker] DEBUG com.github.dockerjava.zerodep.shaded.org.apache.hc.client5.http.wire - http-outgoing-2 << "{"Id":"511b2d736fd4c4da08b79110fd21fdaa756368e4971eb130f8114450b3efc085","Created":"2023-04-03T01:07:04.201309337Z","Path":"docker-entrypoint.sh","Args":["mysqld"],"State":{"Status":"running","Running":true,"Paused":false,"Restarting":false,"OOMKilled":false,"Dead":false,"Pid":2724,"ExitCode":0,"Error":"","StartedAt":"2023-04-03T01:07:04.498400921Z","FinishedAt":"0001-01-01T00:00:00Z"},"Image":"sha256:c7c54c29e20dccc1aefb936c8eba8bb8b98b87a4921102aba87fde2df5810af9","ResolvConfPath":"/var/lib/docker/containers/511b2d736fd4c4da08b79110fd21fdaa756368e4971eb130f8114450b3efc085/resolv.conf","HostnamePath":"/var/lib/docker/containers/511b2d736fd4c4da08b79110fd21fdaa756368e4971eb130f8114450b3efc085/hostname","HostsPath":"/var/lib/docker/containers/511b2d736fd4c4da08b79110fd21fdaa756368e4971eb130f8114450b3efc085/hosts","LogPath":"/var/lib/docker/containers/511b2d736fd4c4da08b79110fd21fdaa756368e4971eb130f8114450b3efc085/511b2d736fd4c4da08b79110fd21fdaa756368e4971eb130f8114450b3efc085-json.log","Name":"/elastic_easley","RestartCount":0,"Driver":"overlay2","Platform":"linux","MountLabel":"","ProcessLabel":"","AppArmorProfile":"","ExecIDs":null,"HostConfig":{"Binds":[],"ContainerIDFile":"","LogConfig":{"Type":"json-file","Config":{}},"NetworkMode":"default","PortBindings":{"3306/tcp":[{"HostIp":"0.0.0.0","HostPort":"0"}]},"RestartPolicy":{"Name":"","MaximumRetryCount":0},"AutoRemove":false,"VolumeDriver":"","VolumesFrom":[],"CapAdd":null,"CapDrop":null,"CgroupnsMode":"private","Dns":null,"DnsOptions":null,"DnsSearch":null,"ExtraHosts":[],"GroupAdd":null,"IpcMode":"shareable","Cgroup":"","Links":null,"OomScoreAdj":0,"PidMode":"","Privileged":false,"PublishAllPorts":false,"ReadonlyRootfs":false,"SecurityOpt":null,"UTSMode":"","UsernsMode":"","ShmSize":67108864,"Runtime":"runc","ConsoleSize":[0,0],"Isolation":"","CpuShares":0,"Memory":0,"NanoCpus":0,"CgroupParent":"","BlkioWeight":0,"BlkioWeightDevice":null,"BlkioDeviceReadBps":null,"BlkioDeviceWriteBps":null,"BlkioDeviceReadIOps":null,"BlkioDeviceWriteIOps":null,"CpuPeriod":0,"CpuQuota":0,"CpuRealtimePeriod":0,"CpuRealtimeRuntime":0,"CpusetCpus":"","CpusetMems":"","Devices":null,"DeviceCgroupRules":null,"DeviceRequests":null,"KernelMemory":0,"KernelMemoryTCP":0,"MemoryReservation":0,"MemorySwap":0,"MemorySwappiness":null,"OomKillDisable":null,"PidsLimit":null,"Ulimits":null,"CpuCount":0,"CpuPercent":0,"IOMaximumIOps":0,"IOMaximumBandwidth":0,"MaskedPaths":["/proc/asound","/proc/acpi","/proc/kcore","/proc/keys","/proc/latency_stats","/proc/timer_list","/proc/timer_stats","/proc/sched_debug","/proc/scsi","/sys/firmware"],"ReadonlyPaths":["/proc/bus","/proc/fs","/proc/irq","/proc/sys","/proc/sysrq-trigger"]},"GraphDriver":{"Data":{"LowerDir":"/var/lib/docker/overlay2/5ada145d0e3939fe5ed2118eea99b9f10241aeee200293145c73dce66470a568-init/diff:/var/lib/docker/overlay2/1bd8849d7a296305617011f940aa5cfabbe972a513397b1b6bbc27639b6c1f30/diff:/var/lib/docker/overlay2/199d69b2fbf78af4d4c95dec4fd2f8835ab0347eb49fb20ebb2ff3b99fedd6ad/diff:/var/lib/docker/overlay2/d83c38d654989311f75b9491329846033bfb7714de76ef635380dcfad5c740d9/diff:/var/lib/docker/overlay2/08600d0aea2ab2728bebcf5d2589c640a842f53d1ba3c4a4adccb4d03b923cf6/diff:/var/lib/docker/overlay2/9ec7c63a3fb14d13ac788bbf5e282ca821edc41260b79944e5e631037d13ecda/diff:/var/lib/docker/overlay2/db601d7a1b4ea6da638db620462f0da96fa55c559d02269c9ddb09027936ed87/diff:/var/lib/docker/overlay2/a6d2bd03f942e2565f21e74cfe152c7ec836a1c2b583f0790c685b92bdcfda24/diff:/var/lib/docker/overlay2/9badd16ea2c5e2bf1fde8b579683e41137dfc46ed5449234149f199a6751cc84/diff:/var/lib/docker/overlay2/6efb85646ed12e2d1181ef4cc6f6f6732c00c15a4035fe17ebc4f075ca573c30/diff:/var/lib/docker/overlay2/895d7c0ec09144d6ed33936f4e98e11c18010f7abd708cae1ce43aec7a7f2621/diff:/var/lib/docker/overlay2/1c4ba77aa573ab6e5e5069fd15eae71b3da940bde0f97a922a227ffc8a1d1096/diff","MergedDir":"/var/lib/docker/overlay2/5ada145d0e3939fe5ed2118eea99b9f10241aeee200293145c73dce66470a568/merged","UpperDir":"/var/lib/docker/overlay2/5ada145d0e3939fe5ed2118eea99b9f10241aeee200293145c73dce66470a568/diff","WorkDir":"/var/lib/docker/overlay2/5ada145d0e3939fe5ed2118eea99b9f10241aeee200293145c73dce66470a568/work"},"Name":"overlay2"},"Mounts":[{"Type":"volume","Name":"ac6dcf572a35a68e3a3a5bdf3d1899d89919b8e0b6d7a1beb9c6b19978c4e863","Source":"/var/lib/docker/volumes/ac6dcf572a35a68e3a3a5bdf3d1899d89919b8e0b6d7a1beb9c6b19978c4e863/_data","Destination":"/var/lib/mysql","Driver":"local","Mode":"","RW":true,"Propagation":""}],"Config":{"Hostname":"511b2d736fd4","Domainname":"","User":"","AttachStdin":false,"AttachStdout":false,"AttachStderr":false,"ExposedPorts":{"3306/tcp":{},"33060/tcp":{}},"Tty":false,"OpenStdin":false,"StdinOnce":false,"Env":["MYSQL_DATABASE=adm_videos","MYSQL_PASSWORD=123456","MYSQL_ROOT_PASSWORD=123456","PATH=/usr/local/sbin:/usr/local/bin:/usr/sbin:/usr/bin:/sbin:/bin","GOSU_VERSION=1.16","MYSQL_MAJOR=8.0","MYSQL_VERSION=8.0.32-1.el8","MYSQL_SHELL_VERSION=8.0.32-1.el8"],"Cmd":["mysqld"],"Image":"mysql:latest","Volumes":{"/var/lib/mysql":{}},"WorkingDir":"","Entrypoint":["docker-entrypoint.sh"],"OnBuild":null,"Labels":{"org.testcontainers":"true","org.testcontainers.lang":"java","org.testcontainers.sessionId":"c721e8e0-dbbd-4305-a748-6be2465f786d","org.testcontainers.version":"1.17.6"}},"NetworkSettings":{"Bridge":"","SandboxID":"23a51dba07b22c8536581cd39611755923749e16a93a45ce75c5c8a4a7759981","HairpinMode":false,"LinkLocalIPv6Address":"","LinkLocalIPv6PrefixLen":0,"Ports":{"3306/tcp":[{"HostIp":"0.0.0.0","HostPort":"50897"}],"33060/tcp":null},"SandboxKey":"/var/run/docker/netns/23a51dba07b2","SecondaryIPAddresses":null,"SecondaryIPv6Addresses":null,"EndpointID":"692f30c6e93a1486104b6273bdc38b1f926e45528d0b3ff49b5fe2d91ed6b329","Gateway":"172.17.0.1","GlobalIPv6Address":"","GlobalIPv6PrefixLen":0,"IPAddress":"172.17.0.3","IPPrefixLen":16,"IPv6Gateway":"","MacAddress":"02:42:ac:11:00:03","Networks":{"bridge":{"IPAMConfig":null,"Links":null,"Aliases":null,"NetworkID":"eba6fdf7ebe51912c859fc2dc83d1407a50db03ea3c296d90f885e8af84b6e93","EndpointID":"692f30c6e93a1486104b6273bdc38b1f926e45528d0b3ff49b5fe2d91ed6b329","Gateway":"172.17.0.1","IPAddress":"172.17.0.3","IPPrefixLen":16,"IPv6Gateway":"","GlobalIPv6Address":"","GlobalIPv6PrefixLen":0,"MacAddress":"02:42:ac:11:00:03","DriverOpts":null}}}}[\n]"
22:07:12.071 [Test worker] DEBUG com.github.dockerjava.zerodep.shaded.org.apache.hc.client5.http.wire - http-outgoing-2 << "[\r][\n]"
22:07:12.072 [Test worker] DEBUG com.github.dockerjava.zerodep.shaded.org.apache.hc.client5.http.wire - http-outgoing-2 << "0[\r][\n]"
22:07:12.072 [Test worker] DEBUG com.github.dockerjava.zerodep.shaded.org.apache.hc.client5.http.wire - http-outgoing-2 << "[\r][\n]"
22:07:12.072 [Test worker] DEBUG com.github.dockerjava.zerodep.shaded.org.apache.hc.client5.http.impl.classic.InternalHttpClient - ep-0000004D: releasing valid endpoint
22:07:12.072 [Test worker] DEBUG com.github.dockerjava.zerodep.shaded.org.apache.hc.client5.http.impl.io.PoolingHttpClientConnectionManager - ep-0000004D: releasing endpoint
22:07:12.072 [Test worker] DEBUG com.github.dockerjava.zerodep.shaded.org.apache.hc.client5.http.impl.io.PoolingHttpClientConnectionManager - ep-0000004D: connection http-outgoing-2 can be kept alive for 3 MINUTES
22:07:12.072 [Test worker] DEBUG com.github.dockerjava.zerodep.shaded.org.apache.hc.client5.http.impl.io.PoolingHttpClientConnectionManager - ep-0000004D: connection released [route: {}->unix://localhost:2375][total available: 1; route allocated: 1 of 2147483647; total allocated: 1 of 2147483647]
22:07:12.072 [Test worker] DEBUG ]]>&#x1f433;<![CDATA[ [mysql:latest] - Trying to create JDBC connection using com.mysql.cj.jdbc.Driver to jdbc:mysql://localhost:50897/adm_videos?useSSL=false&allowPublicKeyRetrieval=true with properties: {password=123456, user=root}
22:07:12.179 [Test worker] DEBUG org.testcontainers.shaded.com.github.dockerjava.core.command.AbstrDockerCmd - Cmd: 511b2d736fd4c4da08b79110fd21fdaa756368e4971eb130f8114450b3efc085,false
22:07:12.180 [Test worker] DEBUG org.testcontainers.shaded.com.github.dockerjava.core.exec.InspectContainerCmdExec - GET: DefaultWebTarget{path=[/containers/511b2d736fd4c4da08b79110fd21fdaa756368e4971eb130f8114450b3efc085/json], queryParams={}}
22:07:12.180 [Test worker] DEBUG com.github.dockerjava.zerodep.shaded.org.apache.hc.client5.http.impl.classic.InternalHttpClient - ex-0000004F: preparing request execution
22:07:12.181 [Test worker] DEBUG com.github.dockerjava.zerodep.shaded.org.apache.hc.client5.http.protocol.RequestAddCookies - Cookie spec selected: strict
22:07:12.181 [Test worker] DEBUG com.github.dockerjava.zerodep.shaded.org.apache.hc.client5.http.protocol.RequestAuthCache - Auth cache not set in the context
22:07:12.181 [Test worker] DEBUG com.github.dockerjava.zerodep.shaded.org.apache.hc.client5.http.impl.classic.ProtocolExec - ex-0000004F: target auth state: UNCHALLENGED
22:07:12.181 [Test worker] DEBUG com.github.dockerjava.zerodep.shaded.org.apache.hc.client5.http.impl.classic.ProtocolExec - ex-0000004F: proxy auth state: UNCHALLENGED
22:07:12.181 [Test worker] DEBUG com.github.dockerjava.zerodep.shaded.org.apache.hc.client5.http.impl.classic.ConnectExec - ex-0000004F: acquiring connection with route {}->unix://localhost:2375
22:07:12.181 [Test worker] DEBUG com.github.dockerjava.zerodep.shaded.org.apache.hc.client5.http.impl.classic.InternalHttpClient - ex-0000004F: acquiring endpoint (3 MINUTES)
22:07:12.181 [Test worker] DEBUG com.github.dockerjava.zerodep.shaded.org.apache.hc.client5.http.impl.io.PoolingHttpClientConnectionManager - ex-0000004F: endpoint lease request (3 MINUTES) [route: {}->unix://localhost:2375][total available: 1; route allocated: 1 of 2147483647; total allocated: 1 of 2147483647]
22:07:12.181 [Test worker] DEBUG com.github.dockerjava.zerodep.shaded.org.apache.hc.client5.http.impl.io.PoolingHttpClientConnectionManager - ex-0000004F: endpoint leased [route: {}->unix://localhost:2375][total available: 0; route allocated: 1 of 2147483647; total allocated: 1 of 2147483647]
22:07:12.181 [Test worker] DEBUG com.github.dockerjava.zerodep.shaded.org.apache.hc.client5.http.impl.io.PoolingHttpClientConnectionManager - ex-0000004F: acquired ep-0000004E
22:07:12.181 [Test worker] DEBUG com.github.dockerjava.zerodep.shaded.org.apache.hc.client5.http.impl.classic.InternalHttpClient - ex-0000004F: acquired endpoint ep-0000004E
22:07:12.181 [Test worker] DEBUG com.github.dockerjava.zerodep.shaded.org.apache.hc.client5.http.impl.classic.MainClientExec - ex-0000004F: executing GET /v1.32/containers/511b2d736fd4c4da08b79110fd21fdaa756368e4971eb130f8114450b3efc085/json HTTP/1.1
22:07:12.181 [Test worker] DEBUG com.github.dockerjava.zerodep.shaded.org.apache.hc.client5.http.impl.classic.InternalHttpClient - ep-0000004E: start execution ex-0000004F
22:07:12.181 [Test worker] DEBUG com.github.dockerjava.zerodep.shaded.org.apache.hc.client5.http.impl.io.PoolingHttpClientConnectionManager - ep-0000004E: executing exchange ex-0000004F over http-outgoing-2
22:07:12.181 [Test worker] DEBUG com.github.dockerjava.zerodep.shaded.org.apache.hc.client5.http.headers - http-outgoing-2 >> GET /v1.32/containers/511b2d736fd4c4da08b79110fd21fdaa756368e4971eb130f8114450b3efc085/json HTTP/1.1
22:07:12.181 [Test worker] DEBUG com.github.dockerjava.zerodep.shaded.org.apache.hc.client5.http.headers - http-outgoing-2 >> accept: application/json
22:07:12.181 [Test worker] DEBUG com.github.dockerjava.zerodep.shaded.org.apache.hc.client5.http.headers - http-outgoing-2 >> x-tc-sid: c721e8e0-dbbd-4305-a748-6be2465f786d
22:07:12.181 [Test worker] DEBUG com.github.dockerjava.zerodep.shaded.org.apache.hc.client5.http.headers - http-outgoing-2 >> Accept-Encoding: gzip, x-gzip, deflate
22:07:12.181 [Test worker] DEBUG com.github.dockerjava.zerodep.shaded.org.apache.hc.client5.http.headers - http-outgoing-2 >> Host: localhost:2375
22:07:12.181 [Test worker] DEBUG com.github.dockerjava.zerodep.shaded.org.apache.hc.client5.http.headers - http-outgoing-2 >> Connection: keep-alive
22:07:12.181 [Test worker] DEBUG com.github.dockerjava.zerodep.shaded.org.apache.hc.client5.http.headers - http-outgoing-2 >> User-Agent: Apache-HttpClient/5.0.3 (Java/17.0.2)
22:07:12.181 [Test worker] DEBUG com.github.dockerjava.zerodep.shaded.org.apache.hc.client5.http.wire - http-outgoing-2 >> "GET /v1.32/containers/511b2d736fd4c4da08b79110fd21fdaa756368e4971eb130f8114450b3efc085/json HTTP/1.1[\r][\n]"
22:07:12.181 [Test worker] DEBUG com.github.dockerjava.zerodep.shaded.org.apache.hc.client5.http.wire - http-outgoing-2 >> "accept: application/json[\r][\n]"
22:07:12.181 [Test worker] DEBUG com.github.dockerjava.zerodep.shaded.org.apache.hc.client5.http.wire - http-outgoing-2 >> "x-tc-sid: c721e8e0-dbbd-4305-a748-6be2465f786d[\r][\n]"
22:07:12.181 [Test worker] DEBUG com.github.dockerjava.zerodep.shaded.org.apache.hc.client5.http.wire - http-outgoing-2 >> "Accept-Encoding: gzip, x-gzip, deflate[\r][\n]"
22:07:12.181 [Test worker] DEBUG com.github.dockerjava.zerodep.shaded.org.apache.hc.client5.http.wire - http-outgoing-2 >> "Host: localhost:2375[\r][\n]"
22:07:12.181 [Test worker] DEBUG com.github.dockerjava.zerodep.shaded.org.apache.hc.client5.http.wire - http-outgoing-2 >> "Connection: keep-alive[\r][\n]"
22:07:12.181 [Test worker] DEBUG com.github.dockerjava.zerodep.shaded.org.apache.hc.client5.http.wire - http-outgoing-2 >> "User-Agent: Apache-HttpClient/5.0.3 (Java/17.0.2)[\r][\n]"
22:07:12.181 [Test worker] DEBUG com.github.dockerjava.zerodep.shaded.org.apache.hc.client5.http.wire - http-outgoing-2 >> "[\r][\n]"
22:07:12.184 [Test worker] DEBUG com.github.dockerjava.zerodep.shaded.org.apache.hc.client5.http.wire - http-outgoing-2 << "HTTP/1.1 200 OK[\r][\n]"
22:07:12.184 [Test worker] DEBUG com.github.dockerjava.zerodep.shaded.org.apache.hc.client5.http.wire - http-outgoing-2 << "Api-Version: 1.41[\r][\n]"
22:07:12.184 [Test worker] DEBUG com.github.dockerjava.zerodep.shaded.org.apache.hc.client5.http.wire - http-outgoing-2 << "Content-Type: application/json[\r][\n]"
22:07:12.184 [Test worker] DEBUG com.github.dockerjava.zerodep.shaded.org.apache.hc.client5.http.wire - http-outgoing-2 << "Date: Mon, 03 Apr 2023 01:07:12 GMT[\r][\n]"
22:07:12.184 [Test worker] DEBUG com.github.dockerjava.zerodep.shaded.org.apache.hc.client5.http.wire - http-outgoing-2 << "Docker-Experimental: false[\r][\n]"
22:07:12.184 [Test worker] DEBUG com.github.dockerjava.zerodep.shaded.org.apache.hc.client5.http.wire - http-outgoing-2 << "Ostype: linux[\r][\n]"
22:07:12.184 [Test worker] DEBUG com.github.dockerjava.zerodep.shaded.org.apache.hc.client5.http.wire - http-outgoing-2 << "Server: Docker/20.10.21 (linux)[\r][\n]"
22:07:12.184 [Test worker] DEBUG com.github.dockerjava.zerodep.shaded.org.apache.hc.client5.http.wire - http-outgoing-2 << "Transfer-Encoding: chunked[\r][\n]"
22:07:12.184 [Test worker] DEBUG com.github.dockerjava.zerodep.shaded.org.apache.hc.client5.http.wire - http-outgoing-2 << "[\r][\n]"
22:07:12.185 [Test worker] DEBUG com.github.dockerjava.zerodep.shaded.org.apache.hc.client5.http.headers - http-outgoing-2 << HTTP/1.1 200 OK
22:07:12.185 [Test worker] DEBUG com.github.dockerjava.zerodep.shaded.org.apache.hc.client5.http.headers - http-outgoing-2 << Api-Version: 1.41
22:07:12.185 [Test worker] DEBUG com.github.dockerjava.zerodep.shaded.org.apache.hc.client5.http.headers - http-outgoing-2 << Content-Type: application/json
22:07:12.185 [Test worker] DEBUG com.github.dockerjava.zerodep.shaded.org.apache.hc.client5.http.headers - http-outgoing-2 << Date: Mon, 03 Apr 2023 01:07:12 GMT
22:07:12.185 [Test worker] DEBUG com.github.dockerjava.zerodep.shaded.org.apache.hc.client5.http.headers - http-outgoing-2 << Docker-Experimental: false
22:07:12.185 [Test worker] DEBUG com.github.dockerjava.zerodep.shaded.org.apache.hc.client5.http.headers - http-outgoing-2 << Ostype: linux
22:07:12.185 [Test worker] DEBUG com.github.dockerjava.zerodep.shaded.org.apache.hc.client5.http.headers - http-outgoing-2 << Server: Docker/20.10.21 (linux)
22:07:12.185 [Test worker] DEBUG com.github.dockerjava.zerodep.shaded.org.apache.hc.client5.http.headers - http-outgoing-2 << Transfer-Encoding: chunked
22:07:12.185 [Test worker] DEBUG com.github.dockerjava.zerodep.shaded.org.apache.hc.client5.http.impl.classic.MainClientExec - ex-0000004F: connection can be kept alive for 3 MINUTES
22:07:12.185 [Test worker] DEBUG com.github.dockerjava.zerodep.shaded.org.apache.hc.client5.http.wire - http-outgoing-2 << "18c0[\r][\n]"
22:07:12.186 [Test worker] DEBUG com.github.dockerjava.zerodep.shaded.org.apache.hc.client5.http.wire - http-outgoing-2 << "{"Id":"511b2d736fd4c4da08b79110fd21fdaa756368e4971eb130f8114450b3efc085","Created":"2023-04-03T01:07:04.201309337Z","Path":"docker-entrypoint.sh","Args":["mysqld"],"State":{"Status":"running","Running":true,"Paused":false,"Restarting":false,"OOMKilled":false,"Dead":false,"Pid":2724,"ExitCode":0,"Error":"","StartedAt":"2023-04-03T01:07:04.498400921Z","FinishedAt":"0001-01-01T00:00:00Z"},"Image":"sha256:c7c54c29e20dccc1aefb936c8eba8bb8b98b87a4921102aba87fde2df5810af9","ResolvConfPath":"/var/lib/docker/containers/511b2d736fd4c4da08b79110fd21fdaa756368e4971eb130f8114450b3efc085/resolv.conf","HostnamePath":"/var/lib/docker/containers/511b2d736fd4c4da08b79110fd21fdaa756368e4971eb130f8114450b3efc085/hostname","HostsPath":"/var/lib/docker/containers/511b2d736fd4c4da08b79110fd21fdaa756368e4971eb130f8114450b3efc085/hosts","LogPath":"/var/lib/docker/containers/511b2d736fd4c4da08b79110fd21fdaa756368e4971eb130f8114450b3efc085/511b2d736fd4c4da08b79110fd21fdaa756368e4971eb130f8114450b3efc085-json.log","Name":"/elastic_easley","RestartCount":0,"Driver":"overlay2","Platform":"linux","MountLabel":"","ProcessLabel":"","AppArmorProfile":"","ExecIDs":null,"HostConfig":{"Binds":[],"ContainerIDFile":"","LogConfig":{"Type":"json-file","Config":{}},"NetworkMode":"default","PortBindings":{"3306/tcp":[{"HostIp":"0.0.0.0","HostPort":"0"}]},"RestartPolicy":{"Name":"","MaximumRetryCount":0},"AutoRemove":false,"VolumeDriver":"","VolumesFrom":[],"CapAdd":null,"CapDrop":null,"CgroupnsMode":"private","Dns":null,"DnsOptions":null,"DnsSearch":null,"ExtraHosts":[],"GroupAdd":null,"IpcMode":"shareable","Cgroup":"","Links":null,"OomScoreAdj":0,"PidMode":"","Privileged":false,"PublishAllPorts":false,"ReadonlyRootfs":false,"SecurityOpt":null,"UTSMode":"","UsernsMode":"","ShmSize":67108864,"Runtime":"runc","ConsoleSize":[0,0],"Isolation":"","CpuShares":0,"Memory":0,"NanoCpus":0,"CgroupParent":"","BlkioWeight":0,"BlkioWeightDevice":null,"BlkioDeviceReadBps":null,"BlkioDeviceWriteBps":null,"BlkioDeviceReadIOps":null,"BlkioDeviceWriteIOps":null,"CpuPeriod":0,"CpuQuota":0,"CpuRealtimePeriod":0,"CpuRealtimeRuntime":0,"CpusetCpus":"","CpusetMems":"","Devices":null,"DeviceCgroupRules":null,"DeviceRequests":null,"KernelMemory":0,"KernelMemoryTCP":0,"MemoryReservation":0,"MemorySwap":0,"MemorySwappiness":null,"OomKillDisable":null,"PidsLimit":null,"Ulimits":null,"CpuCount":0,"CpuPercent":0,"IOMaximumIOps":0,"IOMaximumBandwidth":0,"MaskedPaths":["/proc/asound","/proc/acpi","/proc/kcore","/proc/keys","/proc/latency_stats","/proc/timer_list","/proc/timer_stats","/proc/sched_debug","/proc/scsi","/sys/firmware"],"ReadonlyPaths":["/proc/bus","/proc/fs","/proc/irq","/proc/sys","/proc/sysrq-trigger"]},"GraphDriver":{"Data":{"LowerDir":"/var/lib/docker/overlay2/5ada145d0e3939fe5ed2118eea99b9f10241aeee200293145c73dce66470a568-init/diff:/var/lib/docker/overlay2/1bd8849d7a296305617011f940aa5cfabbe972a513397b1b6bbc27639b6c1f30/diff:/var/lib/docker/overlay2/199d69b2fbf78af4d4c95dec4fd2f8835ab0347eb49fb20ebb2ff3b99fedd6ad/diff:/var/lib/docker/overlay2/d83c38d654989311f75b9491329846033bfb7714de76ef635380dcfad5c740d9/diff:/var/lib/docker/overlay2/08600d0aea2ab2728bebcf5d2589c640a842f53d1ba3c4a4adccb4d03b923cf6/diff:/var/lib/docker/overlay2/9ec7c63a3fb14d13ac788bbf5e282ca821edc41260b79944e5e631037d13ecda/diff:/var/lib/docker/overlay2/db601d7a1b4ea6da638db620462f0da96fa55c559d02269c9ddb09027936ed87/diff:/var/lib/docker/overlay2/a6d2bd03f942e2565f21e74cfe152c7ec836a1c2b583f0790c685b92bdcfda24/diff:/var/lib/docker/overlay2/9badd16ea2c5e2bf1fde8b579683e41137dfc46ed5449234149f199a6751cc84/diff:/var/lib/docker/overlay2/6efb85646ed12e2d1181ef4cc6f6f6732c00c15a4035fe17ebc4f075ca573c30/diff:/var/lib/docker/overlay2/895d7c0ec09144d6ed33936f4e98e11c18010f7abd708cae1ce43aec7a7f2621/diff:/var/lib/docker/overlay2/1c4ba77aa573ab6e5e5069fd15eae71b3da940bde0f97a922a227ffc8a1d1096/diff","MergedDir":"/var/lib/docker/overlay2/5ada145d0e3939fe5ed2118eea99b9f10241aeee200293145c73dce66470a568/merged","UpperDir":"/var/lib/docker/overlay2/5ada145d0e3939fe5ed2118eea99b9f10241aeee200293145c73dce66470a568/diff","WorkDir":"/var/lib/docker/overlay2/5ada145d0e3939fe5ed2118eea99b9f10241aeee200293145c73dce66470a568/work"},"Name":"overlay2"},"Mounts":[{"Type":"volume","Name":"ac6dcf572a35a68e3a3a5bdf3d1899d89919b8e0b6d7a1beb9c6b19978c4e863","Source":"/var/lib/docker/volumes/ac6dcf572a35a68e3a3a5bdf3d1899d89919b8e0b6d7a1beb9c6b19978c4e863/_data","Destination":"/var/lib/mysql","Driver":"local","Mode":"","RW":true,"Propagation":""}],"Config":{"Hostname":"511b2d736fd4","Domainname":"","User":"","AttachStdin":false,"AttachStdout":false,"AttachStderr":false,"ExposedPorts":{"3306/tcp":{},"33060/tcp":{}},"Tty":false,"OpenStdin":false,"StdinOnce":false,"Env":["MYSQL_DATABASE=adm_videos","MYSQL_PASSWORD=123456","MYSQL_ROOT_PASSWORD=123456","PATH=/usr/local/sbin:/usr/local/bin:/usr/sbin:/usr/bin:/sbin:/bin","GOSU_VERSION=1.16","MYSQL_MAJOR=8.0","MYSQL_VERSION=8.0.32-1.el8","MYSQL_SHELL_VERSION=8.0.32-1.el8"],"Cmd":["mysqld"],"Image":"mysql:latest","Volumes":{"/var/lib/mysql":{}},"WorkingDir":"","Entrypoint":["docker-entrypoint.sh"],"OnBuild":null,"Labels":{"org.testcontainers":"true","org.testcontainers.lang":"java","org.testcontainers.sessionId":"c721e8e0-dbbd-4305-a748-6be2465f786d","org.testcontainers.version":"1.17.6"}},"NetworkSettings":{"Bridge":"","SandboxID":"23a51dba07b22c8536581cd39611755923749e16a93a45ce75c5c8a4a7759981","HairpinMode":false,"LinkLocalIPv6Address":"","LinkLocalIPv6PrefixLen":0,"Ports":{"3306/tcp":[{"HostIp":"0.0.0.0","HostPort":"50897"}],"33060/tcp":null},"SandboxKey":"/var/run/docker/netns/23a51dba07b2","SecondaryIPAddresses":null,"SecondaryIPv6Addresses":null,"EndpointID":"692f30c6e93a1486104b6273bdc38b1f926e45528d0b3ff49b5fe2d91ed6b329","Gateway":"172.17.0.1","GlobalIPv6Address":"","GlobalIPv6PrefixLen":0,"IPAddress":"172.17.0.3","IPPrefixLen":16,"IPv6Gateway":"","MacAddress":"02:42:ac:11:00:03","Networks":{"bridge":{"IPAMConfig":null,"Links":null,"Aliases":null,"NetworkID":"eba6fdf7ebe51912c859fc2dc83d1407a50db03ea3c296d90f885e8af84b6e93","EndpointID":"692f30c6e93a1486104b6273bdc38b1f926e45528d0b3ff49b5fe2d91ed6b329","Gateway":"172.17.0.1","IPAddress":"172.17.0.3","IPPrefixLen":16,"IPv6Gateway":"","GlobalIPv6Address":"","GlobalIPv6PrefixLen":0,"MacAddress":"02:42:ac:11:00:03","DriverOpts":null}}}}[\n]"
22:07:12.186 [Test worker] DEBUG com.github.dockerjava.zerodep.shaded.org.apache.hc.client5.http.wire - http-outgoing-2 << "[\r][\n]"
22:07:12.186 [Test worker] DEBUG com.github.dockerjava.zerodep.shaded.org.apache.hc.client5.http.wire - http-outgoing-2 << "0[\r][\n]"
22:07:12.186 [Test worker] DEBUG com.github.dockerjava.zerodep.shaded.org.apache.hc.client5.http.wire - http-outgoing-2 << "[\r][\n]"
22:07:12.186 [Test worker] DEBUG com.github.dockerjava.zerodep.shaded.org.apache.hc.client5.http.impl.classic.InternalHttpClient - ep-0000004E: releasing valid endpoint
22:07:12.186 [Test worker] DEBUG com.github.dockerjava.zerodep.shaded.org.apache.hc.client5.http.impl.io.PoolingHttpClientConnectionManager - ep-0000004E: releasing endpoint
22:07:12.186 [Test worker] DEBUG com.github.dockerjava.zerodep.shaded.org.apache.hc.client5.http.impl.io.PoolingHttpClientConnectionManager - ep-0000004E: connection http-outgoing-2 can be kept alive for 3 MINUTES
22:07:12.186 [Test worker] DEBUG com.github.dockerjava.zerodep.shaded.org.apache.hc.client5.http.impl.io.PoolingHttpClientConnectionManager - ep-0000004E: connection released [route: {}->unix://localhost:2375][total available: 1; route allocated: 1 of 2147483647; total allocated: 1 of 2147483647]
22:07:12.186 [Test worker] DEBUG ]]>&#x1f433;<![CDATA[ [mysql:latest] - Trying to create JDBC connection using com.mysql.cj.jdbc.Driver to jdbc:mysql://localhost:50897/adm_videos?useSSL=false&allowPublicKeyRetrieval=true with properties: {password=123456, user=root}
22:07:12.279 [Test worker] INFO ]]>&#x1f433;<![CDATA[ [mysql:latest] - Container is started (JDBC URL: jdbc:mysql://localhost:50897/adm_videos)
22:07:12.279 [Test worker] INFO ]]>&#x1f433;<![CDATA[ [mysql:latest] - Container mysql:latest started in PT8.088013S

  .   ____          _            __ _ _
 /\\ / ___'_ __ _ _(_)_ __  __ _ \ \ \ \
( ( )\___ | '_ | '_| | '_ \/ _` | \ \ \ \
 \\/  ___)| |_)| | | | | || (_| |  ) ) ) )
  '  |____| .__|_| |_|_| |_\__, | / / / /
 =========|_|==============|___/=/_/_/_/
 :: Spring Boot ::                (v2.7.7)

2023-04-02 22:07:12.681  INFO 13239 --- [    Test worker] c.r.a.c.e2e.category.CategoryE2ETest     : Starting CategoryE2ETest using Java 17.0.2 on RaderLeao-MacBook-Air.local with PID 13239 (started by raderleao in /Users/raderleao/src/dev/Workspace/admin-do-catalogo/infrastructure)
2023-04-02 22:07:12.681  INFO 13239 --- [    Test worker] c.r.a.c.e2e.category.CategoryE2ETest     : The following 1 profile is active: "test-e2e"
2023-04-02 22:07:13.074  INFO 13239 --- [    Test worker] .s.d.r.c.RepositoryConfigurationDelegate : Bootstrapping Spring Data JPA repositories in DEFAULT mode.
2023-04-02 22:07:13.101  INFO 13239 --- [    Test worker] .s.d.r.c.RepositoryConfigurationDelegate : Finished Spring Data repository scanning in 21 ms. Found 2 JPA repository interfaces.
2023-04-02 22:07:13.343  INFO 13239 --- [    Test worker] o.f.c.internal.license.VersionPrinter    : Flyway Community Edition 8.5.13 by Redgate
2023-04-02 22:07:13.343  INFO 13239 --- [    Test worker] o.f.c.internal.license.VersionPrinter    : See what's new here: https://flywaydb.org/documentation/learnmore/releaseNotes#8.5.13
2023-04-02 22:07:13.343  INFO 13239 --- [    Test worker] o.f.c.internal.license.VersionPrinter    : 
2023-04-02 22:07:13.347  WARN 13239 --- [    Test worker] com.zaxxer.hikari.HikariConfig           : master - idleTimeout is close to or more than maxLifetime, disabling it.
2023-04-02 22:07:13.347  INFO 13239 --- [    Test worker] com.zaxxer.hikari.HikariDataSource       : master - Starting...
2023-04-02 22:07:13.454  INFO 13239 --- [    Test worker] com.zaxxer.hikari.HikariDataSource       : master - Start completed.
2023-04-02 22:07:13.465  INFO 13239 --- [    Test worker] o.f.c.i.database.base.BaseDatabaseType   : Database: jdbc:mysql://localhost:50897/adm_videos (MySQL 8.0)
2023-04-02 22:07:13.522  INFO 13239 --- [    Test worker] o.f.core.internal.command.DbValidate     : Successfully validated 1 migration (execution time 00:00.018s)
2023-04-02 22:07:13.552  INFO 13239 --- [    Test worker] o.f.c.i.s.JdbcTableSchemaHistory         : Creating Schema History table `adm_videos`.`flyway_schema_history` ...
2023-04-02 22:07:13.616  INFO 13239 --- [    Test worker] o.f.core.internal.command.DbMigrate      : Current version of schema `adm_videos`: << Empty Schema >>
2023-04-02 22:07:13.625  INFO 13239 --- [    Test worker] o.f.core.internal.command.DbMigrate      : Migrating schema `adm_videos` to version "1 - initial"
2023-04-02 22:07:13.676  INFO 13239 --- [    Test worker] o.f.core.internal.command.DbMigrate      : Successfully applied 1 migration to schema `adm_videos`, now at version v1 (execution time 00:00.068s)
2023-04-02 22:07:13.759  INFO 13239 --- [    Test worker] o.hibernate.jpa.internal.util.LogHelper  : HHH000204: Processing PersistenceUnitInfo [name: default]
2023-04-02 22:07:13.787  INFO 13239 --- [    Test worker] org.hibernate.Version                    : HHH000412: Hibernate ORM core version 5.6.14.Final
2023-04-02 22:07:13.863  INFO 13239 --- [    Test worker] o.hibernate.annotations.common.Version   : HCANN000001: Hibernate Commons Annotations {5.1.2.Final}
2023-04-02 22:07:13.920  INFO 13239 --- [    Test worker] org.hibernate.dialect.Dialect            : HHH000400: Using dialect: org.hibernate.dialect.MySQL5InnoDBDialect
2023-04-02 22:07:13.977 ERROR 13239 --- [    Test worker] j.LocalContainerEntityManagerFactoryBean : Failed to initialize JPA EntityManagerFactory: No identifier specified for entity: com.raderleao.admin.catalogo.infrastructure.genre.persistence.GenreJpaEntity
2023-04-02 22:07:13.978  WARN 13239 --- [    Test worker] o.s.w.c.s.GenericWebApplicationContext   : Exception encountered during context initialization - cancelling refresh attempt: org.springframework.beans.factory.BeanCreationException: Error creating bean with name 'entityManagerFactory' defined in class path resource [org/springframework/boot/autoconfigure/orm/jpa/HibernateJpaConfiguration.class]: Invocation of init method failed; nested exception is org.hibernate.AnnotationException: No identifier specified for entity: com.raderleao.admin.catalogo.infrastructure.genre.persistence.GenreJpaEntity
2023-04-02 22:07:13.978  INFO 13239 --- [    Test worker] com.zaxxer.hikari.HikariDataSource       : master - Shutdown initiated...
2023-04-02 22:07:13.999  INFO 13239 --- [    Test worker] com.zaxxer.hikari.HikariDataSource       : master - Shutdown completed.
2023-04-02 22:07:14.007  INFO 13239 --- [    Test worker] ConditionEvaluationReportLoggingListener : 

Error starting ApplicationContext. To display the conditions report re-run your application with 'debug' enabled.
2023-04-02 22:07:14.018 ERROR 13239 --- [    Test worker] o.s.boot.SpringApplication               : Application run failed

org.springframework.beans.factory.BeanCreationException: Error creating bean with name 'entityManagerFactory' defined in class path resource [org/springframework/boot/autoconfigure/orm/jpa/HibernateJpaConfiguration.class]: Invocation of init method failed; nested exception is org.hibernate.AnnotationException: No identifier specified for entity: com.raderleao.admin.catalogo.infrastructure.genre.persistence.GenreJpaEntity
	at org.springframework.beans.factory.support.AbstractAutowireCapableBeanFactory.initializeBean(AbstractAutowireCapableBeanFactory.java:1804) ~[spring-beans-5.3.24.jar:5.3.24]
	at org.springframework.beans.factory.support.AbstractAutowireCapableBeanFactory.doCreateBean(AbstractAutowireCapableBeanFactory.java:620) ~[spring-beans-5.3.24.jar:5.3.24]
	at org.springframework.beans.factory.support.AbstractAutowireCapableBeanFactory.createBean(AbstractAutowireCapableBeanFactory.java:542) ~[spring-beans-5.3.24.jar:5.3.24]
	at org.springframework.beans.factory.support.AbstractBeanFactory.lambda$doGetBean$0(AbstractBeanFactory.java:335) ~[spring-beans-5.3.24.jar:5.3.24]
	at org.springframework.beans.factory.support.DefaultSingletonBeanRegistry.getSingleton(DefaultSingletonBeanRegistry.java:234) ~[spring-beans-5.3.24.jar:5.3.24]
	at org.springframework.beans.factory.support.AbstractBeanFactory.doGetBean(AbstractBeanFactory.java:333) ~[spring-beans-5.3.24.jar:5.3.24]
	at org.springframework.beans.factory.support.AbstractBeanFactory.getBean(AbstractBeanFactory.java:208) ~[spring-beans-5.3.24.jar:5.3.24]
	at org.springframework.context.support.AbstractApplicationContext.getBean(AbstractApplicationContext.java:1154) ~[spring-context-5.3.24.jar:5.3.24]
	at org.springframework.context.support.AbstractApplicationContext.finishBeanFactoryInitialization(AbstractApplicationContext.java:908) ~[spring-context-5.3.24.jar:5.3.24]
	at org.springframework.context.support.AbstractApplicationContext.refresh(AbstractApplicationContext.java:583) ~[spring-context-5.3.24.jar:5.3.24]
	at org.springframework.boot.SpringApplication.refresh(SpringApplication.java:731) ~[spring-boot-2.7.7.jar:2.7.7]
	at org.springframework.boot.SpringApplication.refreshContext(SpringApplication.java:408) ~[spring-boot-2.7.7.jar:2.7.7]
	at org.springframework.boot.SpringApplication.run(SpringApplication.java:307) ~[spring-boot-2.7.7.jar:2.7.7]
	at org.springframework.boot.test.context.SpringBootContextLoader.loadContext(SpringBootContextLoader.java:136) ~[spring-boot-test-2.7.7.jar:2.7.7]
	at org.springframework.test.context.cache.DefaultCacheAwareContextLoaderDelegate.loadContextInternal(DefaultCacheAwareContextLoaderDelegate.java:141) ~[spring-test-5.3.24.jar:5.3.24]
	at org.springframework.test.context.cache.DefaultCacheAwareContextLoaderDelegate.loadContext(DefaultCacheAwareContextLoaderDelegate.java:90) ~[spring-test-5.3.24.jar:5.3.24]
	at org.springframework.test.context.support.DefaultTestContext.getApplicationContext(DefaultTestContext.java:124) ~[spring-test-5.3.24.jar:5.3.24]
	at org.springframework.test.context.web.ServletTestExecutionListener.setUpRequestContextIfNecessary(ServletTestExecutionListener.java:190) ~[spring-test-5.3.24.jar:5.3.24]
	at org.springframework.test.context.web.ServletTestExecutionListener.prepareTestInstance(ServletTestExecutionListener.java:132) ~[spring-test-5.3.24.jar:5.3.24]
	at org.springframework.test.context.TestContextManager.prepareTestInstance(TestContextManager.java:248) ~[spring-test-5.3.24.jar:5.3.24]
	at org.springframework.test.context.junit.jupiter.SpringExtension.postProcessTestInstance(SpringExtension.java:138) ~[spring-test-5.3.24.jar:5.3.24]
	at org.junit.jupiter.engine.descriptor.ClassBasedTestDescriptor.lambda$invokeTestInstancePostProcessors$8(ClassBasedTestDescriptor.java:363) ~[junit-jupiter-engine-5.8.2.jar:5.8.2]
	at org.junit.jupiter.engine.descriptor.ClassBasedTestDescriptor.executeAndMaskThrowable(ClassBasedTestDescriptor.java:368) ~[junit-jupiter-engine-5.8.2.jar:5.8.2]
	at org.junit.jupiter.engine.descriptor.ClassBasedTestDescriptor.lambda$invokeTestInstancePostProcessors$9(ClassBasedTestDescriptor.java:363) ~[junit-jupiter-engine-5.8.2.jar:5.8.2]
	at java.base/java.util.stream.ReferencePipeline$3$1.accept(ReferencePipeline.java:197) ~[na:na]
	at java.base/java.util.stream.ReferencePipeline$2$1.accept(ReferencePipeline.java:179) ~[na:na]
	at java.base/java.util.ArrayList$ArrayListSpliterator.forEachRemaining(ArrayList.java:1625) ~[na:na]
	at java.base/java.util.stream.AbstractPipeline.copyInto(AbstractPipeline.java:509) ~[na:na]
	at java.base/java.util.stream.AbstractPipeline.wrapAndCopyInto(AbstractPipeline.java:499) ~[na:na]
	at java.base/java.util.stream.StreamSpliterators$WrappingSpliterator.forEachRemaining(StreamSpliterators.java:310) ~[na:na]
	at java.base/java.util.stream.Streams$ConcatSpliterator.forEachRemaining(Streams.java:735) ~[na:na]
	at java.base/java.util.stream.Streams$ConcatSpliterator.forEachRemaining(Streams.java:734) ~[na:na]
	at java.base/java.util.stream.ReferencePipeline$Head.forEach(ReferencePipeline.java:762) ~[na:na]
	at org.junit.jupiter.engine.descriptor.ClassBasedTestDescriptor.invokeTestInstancePostProcessors(ClassBasedTestDescriptor.java:362) ~[junit-jupiter-engine-5.8.2.jar:5.8.2]
	at org.junit.jupiter.engine.descriptor.ClassBasedTestDescriptor.lambda$instantiateAndPostProcessTestInstance$6(ClassBasedTestDescriptor.java:283) ~[junit-jupiter-engine-5.8.2.jar:5.8.2]
	at org.junit.platform.engine.support.hierarchical.ThrowableCollector.execute(ThrowableCollector.java:73) ~[junit-platform-engine-1.8.2.jar:1.8.2]
	at org.junit.jupiter.engine.descriptor.ClassBasedTestDescriptor.instantiateAndPostProcessTestInstance(ClassBasedTestDescriptor.java:282) ~[junit-jupiter-engine-5.8.2.jar:5.8.2]
	at org.junit.jupiter.engine.descriptor.ClassBasedTestDescriptor.lambda$testInstancesProvider$4(ClassBasedTestDescriptor.java:272) ~[junit-jupiter-engine-5.8.2.jar:5.8.2]
	at java.base/java.util.Optional.orElseGet(Optional.java:364) ~[na:na]
	at org.junit.jupiter.engine.descriptor.ClassBasedTestDescriptor.lambda$testInstancesProvider$5(ClassBasedTestDescriptor.java:271) ~[junit-jupiter-engine-5.8.2.jar:5.8.2]
	at org.junit.jupiter.engine.execution.TestInstancesProvider.getTestInstances(TestInstancesProvider.java:31) ~[junit-jupiter-engine-5.8.2.jar:5.8.2]
	at org.junit.jupiter.engine.descriptor.TestMethodTestDescriptor.lambda$prepare$0(TestMethodTestDescriptor.java:102) ~[junit-jupiter-engine-5.8.2.jar:5.8.2]
	at org.junit.platform.engine.support.hierarchical.ThrowableCollector.execute(ThrowableCollector.java:73) ~[junit-platform-engine-1.8.2.jar:1.8.2]
	at org.junit.jupiter.engine.descriptor.TestMethodTestDescriptor.prepare(TestMethodTestDescriptor.java:101) ~[junit-jupiter-engine-5.8.2.jar:5.8.2]
	at org.junit.jupiter.engine.descriptor.TestMethodTestDescriptor.prepare(TestMethodTestDescriptor.java:66) ~[junit-jupiter-engine-5.8.2.jar:5.8.2]
	at org.junit.platform.engine.support.hierarchical.NodeTestTask.lambda$prepare$2(NodeTestTask.java:123) ~[junit-platform-engine-1.8.2.jar:1.8.2]
	at org.junit.platform.engine.support.hierarchical.ThrowableCollector.execute(ThrowableCollector.java:73) ~[junit-platform-engine-1.8.2.jar:1.8.2]
	at org.junit.platform.engine.support.hierarchical.NodeTestTask.prepare(NodeTestTask.java:123) ~[junit-platform-engine-1.8.2.jar:1.8.2]
	at org.junit.platform.engine.support.hierarchical.NodeTestTask.execute(NodeTestTask.java:90) ~[junit-platform-engine-1.8.2.jar:1.8.2]
	at java.base/java.util.ArrayList.forEach(ArrayList.java:1511) ~[na:na]
	at org.junit.platform.engine.support.hierarchical.SameThreadHierarchicalTestExecutorService.invokeAll(SameThreadHierarchicalTestExecutorService.java:41) ~[junit-platform-engine-1.8.2.jar:1.8.2]
	at org.junit.platform.engine.support.hierarchical.NodeTestTask.lambda$executeRecursively$6(NodeTestTask.java:155) ~[junit-platform-engine-1.8.2.jar:1.8.2]
	at org.junit.platform.engine.support.hierarchical.ThrowableCollector.execute(ThrowableCollector.java:73) ~[junit-platform-engine-1.8.2.jar:1.8.2]
	at org.junit.platform.engine.support.hierarchical.NodeTestTask.lambda$executeRecursively$8(NodeTestTask.java:141) ~[junit-platform-engine-1.8.2.jar:1.8.2]
	at org.junit.platform.engine.support.hierarchical.Node.around(Node.java:137) ~[junit-platform-engine-1.8.2.jar:1.8.2]
	at org.junit.platform.engine.support.hierarchical.NodeTestTask.lambda$executeRecursively$9(NodeTestTask.java:139) ~[junit-platform-engine-1.8.2.jar:1.8.2]
	at org.junit.platform.engine.support.hierarchical.ThrowableCollector.execute(ThrowableCollector.java:73) ~[junit-platform-engine-1.8.2.jar:1.8.2]
	at org.junit.platform.engine.support.hierarchical.NodeTestTask.executeRecursively(NodeTestTask.java:138) ~[junit-platform-engine-1.8.2.jar:1.8.2]
	at org.junit.platform.engine.support.hierarchical.NodeTestTask.execute(NodeTestTask.java:95) ~[junit-platform-engine-1.8.2.jar:1.8.2]
	at java.base/java.util.ArrayList.forEach(ArrayList.java:1511) ~[na:na]
	at org.junit.platform.engine.support.hierarchical.SameThreadHierarchicalTestExecutorService.invokeAll(SameThreadHierarchicalTestExecutorService.java:41) ~[junit-platform-engine-1.8.2.jar:1.8.2]
	at org.junit.platform.engine.support.hierarchical.NodeTestTask.lambda$executeRecursively$6(NodeTestTask.java:155) ~[junit-platform-engine-1.8.2.jar:1.8.2]
	at org.junit.platform.engine.support.hierarchical.ThrowableCollector.execute(ThrowableCollector.java:73) ~[junit-platform-engine-1.8.2.jar:1.8.2]
	at org.junit.platform.engine.support.hierarchical.NodeTestTask.lambda$executeRecursively$8(NodeTestTask.java:141) ~[junit-platform-engine-1.8.2.jar:1.8.2]
	at org.junit.platform.engine.support.hierarchical.Node.around(Node.java:137) ~[junit-platform-engine-1.8.2.jar:1.8.2]
	at org.junit.platform.engine.support.hierarchical.NodeTestTask.lambda$executeRecursively$9(NodeTestTask.java:139) ~[junit-platform-engine-1.8.2.jar:1.8.2]
	at org.junit.platform.engine.support.hierarchical.ThrowableCollector.execute(ThrowableCollector.java:73) ~[junit-platform-engine-1.8.2.jar:1.8.2]
	at org.junit.platform.engine.support.hierarchical.NodeTestTask.executeRecursively(NodeTestTask.java:138) ~[junit-platform-engine-1.8.2.jar:1.8.2]
	at org.junit.platform.engine.support.hierarchical.NodeTestTask.execute(NodeTestTask.java:95) ~[junit-platform-engine-1.8.2.jar:1.8.2]
	at org.junit.platform.engine.support.hierarchical.SameThreadHierarchicalTestExecutorService.submit(SameThreadHierarchicalTestExecutorService.java:35) ~[junit-platform-engine-1.8.2.jar:1.8.2]
	at org.junit.platform.engine.support.hierarchical.HierarchicalTestExecutor.execute(HierarchicalTestExecutor.java:57) ~[junit-platform-engine-1.8.2.jar:1.8.2]
	at org.junit.platform.engine.support.hierarchical.HierarchicalTestEngine.execute(HierarchicalTestEngine.java:54) ~[junit-platform-engine-1.8.2.jar:1.8.2]
	at org.junit.platform.launcher.core.EngineExecutionOrchestrator.execute(EngineExecutionOrchestrator.java:107) ~[na:na]
	at org.junit.platform.launcher.core.EngineExecutionOrchestrator.execute(EngineExecutionOrchestrator.java:88) ~[na:na]
	at org.junit.platform.launcher.core.EngineExecutionOrchestrator.lambda$execute$0(EngineExecutionOrchestrator.java:54) ~[na:na]
	at org.junit.platform.launcher.core.EngineExecutionOrchestrator.withInterceptedStreams(EngineExecutionOrchestrator.java:67) ~[na:na]
	at org.junit.platform.launcher.core.EngineExecutionOrchestrator.execute(EngineExecutionOrchestrator.java:52) ~[na:na]
	at org.junit.platform.launcher.core.DefaultLauncher.execute(DefaultLauncher.java:114) ~[na:na]
	at org.junit.platform.launcher.core.DefaultLauncher.execute(DefaultLauncher.java:86) ~[na:na]
	at org.junit.platform.launcher.core.DefaultLauncherSession$DelegatingLauncher.execute(DefaultLauncherSession.java:86) ~[na:na]
	at org.junit.platform.launcher.core.SessionPerRequestLauncher.execute(SessionPerRequestLauncher.java:53) ~[na:na]
	at org.gradle.api.internal.tasks.testing.junitplatform.JUnitPlatformTestClassProcessor$CollectAllTestClassesExecutor.processAllTestClasses(JUnitPlatformTestClassProcessor.java:99) ~[na:na]
	at org.gradle.api.internal.tasks.testing.junitplatform.JUnitPlatformTestClassProcessor$CollectAllTestClassesExecutor.access$000(JUnitPlatformTestClassProcessor.java:79) ~[na:na]
	at org.gradle.api.internal.tasks.testing.junitplatform.JUnitPlatformTestClassProcessor.stop(JUnitPlatformTestClassProcessor.java:75) ~[na:na]
	at org.gradle.api.internal.tasks.testing.SuiteTestClassProcessor.stop(SuiteTestClassProcessor.java:62) ~[na:na]
	at java.base/jdk.internal.reflect.NativeMethodAccessorImpl.invoke0(Native Method) ~[na:na]
	at java.base/jdk.internal.reflect.NativeMethodAccessorImpl.invoke(NativeMethodAccessorImpl.java:77) ~[na:na]
	at java.base/jdk.internal.reflect.DelegatingMethodAccessorImpl.invoke(DelegatingMethodAccessorImpl.java:43) ~[na:na]
	at java.base/java.lang.reflect.Method.invoke(Method.java:568) ~[na:na]
	at org.gradle.internal.dispatch.ReflectionDispatch.dispatch(ReflectionDispatch.java:36) ~[na:na]
	at org.gradle.internal.dispatch.ReflectionDispatch.dispatch(ReflectionDispatch.java:24) ~[na:na]
	at org.gradle.internal.dispatch.ContextClassLoaderDispatch.dispatch(ContextClassLoaderDispatch.java:33) ~[na:na]
	at org.gradle.internal.dispatch.ProxyDispatchAdapter$DispatchingInvocationHandler.invoke(ProxyDispatchAdapter.java:94) ~[na:na]
	at jdk.proxy1/jdk.proxy1.$Proxy2.stop(Unknown Source) ~[na:na]
	at org.gradle.api.internal.tasks.testing.worker.TestWorker$3.run(TestWorker.java:193) ~[na:na]
	at org.gradle.api.internal.tasks.testing.worker.TestWorker.executeAndMaintainThreadName(TestWorker.java:129) ~[na:na]
	at org.gradle.api.internal.tasks.testing.worker.TestWorker.execute(TestWorker.java:100) ~[na:na]
	at org.gradle.api.internal.tasks.testing.worker.TestWorker.execute(TestWorker.java:60) ~[na:na]
	at org.gradle.process.internal.worker.child.ActionExecutionWorker.execute(ActionExecutionWorker.java:56) ~[na:na]
	at org.gradle.process.internal.worker.child.SystemApplicationClassLoaderWorker.call(SystemApplicationClassLoaderWorker.java:113) ~[na:na]
	at org.gradle.process.internal.worker.child.SystemApplicationClassLoaderWorker.call(SystemApplicationClassLoaderWorker.java:65) ~[na:na]
	at worker.org.gradle.process.internal.worker.GradleWorkerMain.run(GradleWorkerMain.java:69) ~[gradle-worker.jar:na]
	at worker.org.gradle.process.internal.worker.GradleWorkerMain.main(GradleWorkerMain.java:74) ~[gradle-worker.jar:na]
Caused by: org.hibernate.AnnotationException: No identifier specified for entity: com.raderleao.admin.catalogo.infrastructure.genre.persistence.GenreJpaEntity
	at org.hibernate.cfg.InheritanceState.determineDefaultAccessType(InheritanceState.java:266) ~[hibernate-core-5.6.14.Final.jar:5.6.14.Final]
	at org.hibernate.cfg.InheritanceState.getElementsToProcess(InheritanceState.java:211) ~[hibernate-core-5.6.14.Final.jar:5.6.14.Final]
	at org.hibernate.cfg.InheritanceState.hasIdClassOrEmbeddedId(InheritanceState.java:185) ~[hibernate-core-5.6.14.Final.jar:5.6.14.Final]
	at org.hibernate.cfg.AnnotationBinder.processElementAnnotations(AnnotationBinder.java:2253) ~[hibernate-core-5.6.14.Final.jar:5.6.14.Final]
	at org.hibernate.cfg.AnnotationBinder.fillComponent(AnnotationBinder.java:2816) ~[hibernate-core-5.6.14.Final.jar:5.6.14.Final]
	at org.hibernate.cfg.AnnotationBinder.fillComponent(AnnotationBinder.java:2698) ~[hibernate-core-5.6.14.Final.jar:5.6.14.Final]
	at org.hibernate.cfg.AnnotationBinder.bindComponent(AnnotationBinder.java:2646) ~[hibernate-core-5.6.14.Final.jar:5.6.14.Final]
	at org.hibernate.cfg.AnnotationBinder.processElementAnnotations(AnnotationBinder.java:2275) ~[hibernate-core-5.6.14.Final.jar:5.6.14.Final]
	at org.hibernate.cfg.AnnotationBinder.processIdPropertiesIfNotAlready(AnnotationBinder.java:968) ~[hibernate-core-5.6.14.Final.jar:5.6.14.Final]
	at org.hibernate.cfg.AnnotationBinder.bindClass(AnnotationBinder.java:793) ~[hibernate-core-5.6.14.Final.jar:5.6.14.Final]
	at org.hibernate.boot.model.source.internal.annotations.AnnotationMetadataSourceProcessorImpl.processEntityHierarchies(AnnotationMetadataSourceProcessorImpl.java:225) ~[hibernate-core-5.6.14.Final.jar:5.6.14.Final]
	at org.hibernate.boot.model.process.spi.MetadataBuildingProcess$1.processEntityHierarchies(MetadataBuildingProcess.java:239) ~[hibernate-core-5.6.14.Final.jar:5.6.14.Final]
	at org.hibernate.boot.model.process.spi.MetadataBuildingProcess.complete(MetadataBuildingProcess.java:282) ~[hibernate-core-5.6.14.Final.jar:5.6.14.Final]
	at org.hibernate.jpa.boot.internal.EntityManagerFactoryBuilderImpl.metadata(EntityManagerFactoryBuilderImpl.java:1460) ~[hibernate-core-5.6.14.Final.jar:5.6.14.Final]
	at org.hibernate.jpa.boot.internal.EntityManagerFactoryBuilderImpl.build(EntityManagerFactoryBuilderImpl.java:1494) ~[hibernate-core-5.6.14.Final.jar:5.6.14.Final]
	at org.springframework.orm.jpa.vendor.SpringHibernateJpaPersistenceProvider.createContainerEntityManagerFactory(SpringHibernateJpaPersistenceProvider.java:58) ~[spring-orm-5.3.24.jar:5.3.24]
	at org.springframework.orm.jpa.LocalContainerEntityManagerFactoryBean.createNativeEntityManagerFactory(LocalContainerEntityManagerFactoryBean.java:365) ~[spring-orm-5.3.24.jar:5.3.24]
	at org.springframework.orm.jpa.AbstractEntityManagerFactoryBean.buildNativeEntityManagerFactory(AbstractEntityManagerFactoryBean.java:409) ~[spring-orm-5.3.24.jar:5.3.24]
	at org.springframework.orm.jpa.AbstractEntityManagerFactoryBean.afterPropertiesSet(AbstractEntityManagerFactoryBean.java:396) ~[spring-orm-5.3.24.jar:5.3.24]
	at org.springframework.orm.jpa.LocalContainerEntityManagerFactoryBean.afterPropertiesSet(LocalContainerEntityManagerFactoryBean.java:341) ~[spring-orm-5.3.24.jar:5.3.24]
	at org.springframework.beans.factory.support.AbstractAutowireCapableBeanFactory.invokeInitMethods(AbstractAutowireCapableBeanFactory.java:1863) ~[spring-beans-5.3.24.jar:5.3.24]
	at org.springframework.beans.factory.support.AbstractAutowireCapableBeanFactory.initializeBean(AbstractAutowireCapableBeanFactory.java:1800) ~[spring-beans-5.3.24.jar:5.3.24]
	... 102 common frames omitted

2023-04-02 22:07:14.020 ERROR 13239 --- [    Test worker] o.s.test.context.TestContextManager      : Caught exception while allowing TestExecutionListener [org.springframework.test.context.web.ServletTestExecutionListener@54227100] to prepare test instance [com.raderleao.admin.catalogo.e2e.category.CategoryE2ETest@3331800f]

java.lang.IllegalStateException: Failed to load ApplicationContext
	at org.springframework.test.context.cache.DefaultCacheAwareContextLoaderDelegate.loadContext(DefaultCacheAwareContextLoaderDelegate.java:98) ~[spring-test-5.3.24.jar:5.3.24]
	at org.springframework.test.context.support.DefaultTestContext.getApplicationContext(DefaultTestContext.java:124) ~[spring-test-5.3.24.jar:5.3.24]
	at org.springframework.test.context.web.ServletTestExecutionListener.setUpRequestContextIfNecessary(ServletTestExecutionListener.java:190) ~[spring-test-5.3.24.jar:5.3.24]
	at org.springframework.test.context.web.ServletTestExecutionListener.prepareTestInstance(ServletTestExecutionListener.java:132) ~[spring-test-5.3.24.jar:5.3.24]
	at org.springframework.test.context.TestContextManager.prepareTestInstance(TestContextManager.java:248) ~[spring-test-5.3.24.jar:5.3.24]
	at org.springframework.test.context.junit.jupiter.SpringExtension.postProcessTestInstance(SpringExtension.java:138) ~[spring-test-5.3.24.jar:5.3.24]
	at org.junit.jupiter.engine.descriptor.ClassBasedTestDescriptor.lambda$invokeTestInstancePostProcessors$8(ClassBasedTestDescriptor.java:363) ~[junit-jupiter-engine-5.8.2.jar:5.8.2]
	at org.junit.jupiter.engine.descriptor.ClassBasedTestDescriptor.executeAndMaskThrowable(ClassBasedTestDescriptor.java:368) ~[junit-jupiter-engine-5.8.2.jar:5.8.2]
	at org.junit.jupiter.engine.descriptor.ClassBasedTestDescriptor.lambda$invokeTestInstancePostProcessors$9(ClassBasedTestDescriptor.java:363) ~[junit-jupiter-engine-5.8.2.jar:5.8.2]
	at java.base/java.util.stream.ReferencePipeline$3$1.accept(ReferencePipeline.java:197) ~[na:na]
	at java.base/java.util.stream.ReferencePipeline$2$1.accept(ReferencePipeline.java:179) ~[na:na]
	at java.base/java.util.ArrayList$ArrayListSpliterator.forEachRemaining(ArrayList.java:1625) ~[na:na]
	at java.base/java.util.stream.AbstractPipeline.copyInto(AbstractPipeline.java:509) ~[na:na]
	at java.base/java.util.stream.AbstractPipeline.wrapAndCopyInto(AbstractPipeline.java:499) ~[na:na]
	at java.base/java.util.stream.StreamSpliterators$WrappingSpliterator.forEachRemaining(StreamSpliterators.java:310) ~[na:na]
	at java.base/java.util.stream.Streams$ConcatSpliterator.forEachRemaining(Streams.java:735) ~[na:na]
	at java.base/java.util.stream.Streams$ConcatSpliterator.forEachRemaining(Streams.java:734) ~[na:na]
	at java.base/java.util.stream.ReferencePipeline$Head.forEach(ReferencePipeline.java:762) ~[na:na]
	at org.junit.jupiter.engine.descriptor.ClassBasedTestDescriptor.invokeTestInstancePostProcessors(ClassBasedTestDescriptor.java:362) ~[junit-jupiter-engine-5.8.2.jar:5.8.2]
	at org.junit.jupiter.engine.descriptor.ClassBasedTestDescriptor.lambda$instantiateAndPostProcessTestInstance$6(ClassBasedTestDescriptor.java:283) ~[junit-jupiter-engine-5.8.2.jar:5.8.2]
	at org.junit.platform.engine.support.hierarchical.ThrowableCollector.execute(ThrowableCollector.java:73) ~[junit-platform-engine-1.8.2.jar:1.8.2]
	at org.junit.jupiter.engine.descriptor.ClassBasedTestDescriptor.instantiateAndPostProcessTestInstance(ClassBasedTestDescriptor.java:282) ~[junit-jupiter-engine-5.8.2.jar:5.8.2]
	at org.junit.jupiter.engine.descriptor.ClassBasedTestDescriptor.lambda$testInstancesProvider$4(ClassBasedTestDescriptor.java:272) ~[junit-jupiter-engine-5.8.2.jar:5.8.2]
	at java.base/java.util.Optional.orElseGet(Optional.java:364) ~[na:na]
	at org.junit.jupiter.engine.descriptor.ClassBasedTestDescriptor.lambda$testInstancesProvider$5(ClassBasedTestDescriptor.java:271) ~[junit-jupiter-engine-5.8.2.jar:5.8.2]
	at org.junit.jupiter.engine.execution.TestInstancesProvider.getTestInstances(TestInstancesProvider.java:31) ~[junit-jupiter-engine-5.8.2.jar:5.8.2]
	at org.junit.jupiter.engine.descriptor.TestMethodTestDescriptor.lambda$prepare$0(TestMethodTestDescriptor.java:102) ~[junit-jupiter-engine-5.8.2.jar:5.8.2]
	at org.junit.platform.engine.support.hierarchical.ThrowableCollector.execute(ThrowableCollector.java:73) ~[junit-platform-engine-1.8.2.jar:1.8.2]
	at org.junit.jupiter.engine.descriptor.TestMethodTestDescriptor.prepare(TestMethodTestDescriptor.java:101) ~[junit-jupiter-engine-5.8.2.jar:5.8.2]
	at org.junit.jupiter.engine.descriptor.TestMethodTestDescriptor.prepare(TestMethodTestDescriptor.java:66) ~[junit-jupiter-engine-5.8.2.jar:5.8.2]
	at org.junit.platform.engine.support.hierarchical.NodeTestTask.lambda$prepare$2(NodeTestTask.java:123) ~[junit-platform-engine-1.8.2.jar:1.8.2]
	at org.junit.platform.engine.support.hierarchical.ThrowableCollector.execute(ThrowableCollector.java:73) ~[junit-platform-engine-1.8.2.jar:1.8.2]
	at org.junit.platform.engine.support.hierarchical.NodeTestTask.prepare(NodeTestTask.java:123) ~[junit-platform-engine-1.8.2.jar:1.8.2]
	at org.junit.platform.engine.support.hierarchical.NodeTestTask.execute(NodeTestTask.java:90) ~[junit-platform-engine-1.8.2.jar:1.8.2]
	at java.base/java.util.ArrayList.forEach(ArrayList.java:1511) ~[na:na]
	at org.junit.platform.engine.support.hierarchical.SameThreadHierarchicalTestExecutorService.invokeAll(SameThreadHierarchicalTestExecutorService.java:41) ~[junit-platform-engine-1.8.2.jar:1.8.2]
	at org.junit.platform.engine.support.hierarchical.NodeTestTask.lambda$executeRecursively$6(NodeTestTask.java:155) ~[junit-platform-engine-1.8.2.jar:1.8.2]
	at org.junit.platform.engine.support.hierarchical.ThrowableCollector.execute(ThrowableCollector.java:73) ~[junit-platform-engine-1.8.2.jar:1.8.2]
	at org.junit.platform.engine.support.hierarchical.NodeTestTask.lambda$executeRecursively$8(NodeTestTask.java:141) ~[junit-platform-engine-1.8.2.jar:1.8.2]
	at org.junit.platform.engine.support.hierarchical.Node.around(Node.java:137) ~[junit-platform-engine-1.8.2.jar:1.8.2]
	at org.junit.platform.engine.support.hierarchical.NodeTestTask.lambda$executeRecursively$9(NodeTestTask.java:139) ~[junit-platform-engine-1.8.2.jar:1.8.2]
	at org.junit.platform.engine.support.hierarchical.ThrowableCollector.execute(ThrowableCollector.java:73) ~[junit-platform-engine-1.8.2.jar:1.8.2]
	at org.junit.platform.engine.support.hierarchical.NodeTestTask.executeRecursively(NodeTestTask.java:138) ~[junit-platform-engine-1.8.2.jar:1.8.2]
	at org.junit.platform.engine.support.hierarchical.NodeTestTask.execute(NodeTestTask.java:95) ~[junit-platform-engine-1.8.2.jar:1.8.2]
	at java.base/java.util.ArrayList.forEach(ArrayList.java:1511) ~[na:na]
	at org.junit.platform.engine.support.hierarchical.SameThreadHierarchicalTestExecutorService.invokeAll(SameThreadHierarchicalTestExecutorService.java:41) ~[junit-platform-engine-1.8.2.jar:1.8.2]
	at org.junit.platform.engine.support.hierarchical.NodeTestTask.lambda$executeRecursively$6(NodeTestTask.java:155) ~[junit-platform-engine-1.8.2.jar:1.8.2]
	at org.junit.platform.engine.support.hierarchical.ThrowableCollector.execute(ThrowableCollector.java:73) ~[junit-platform-engine-1.8.2.jar:1.8.2]
	at org.junit.platform.engine.support.hierarchical.NodeTestTask.lambda$executeRecursively$8(NodeTestTask.java:141) ~[junit-platform-engine-1.8.2.jar:1.8.2]
	at org.junit.platform.engine.support.hierarchical.Node.around(Node.java:137) ~[junit-platform-engine-1.8.2.jar:1.8.2]
	at org.junit.platform.engine.support.hierarchical.NodeTestTask.lambda$executeRecursively$9(NodeTestTask.java:139) ~[junit-platform-engine-1.8.2.jar:1.8.2]
	at org.junit.platform.engine.support.hierarchical.ThrowableCollector.execute(ThrowableCollector.java:73) ~[junit-platform-engine-1.8.2.jar:1.8.2]
	at org.junit.platform.engine.support.hierarchical.NodeTestTask.executeRecursively(NodeTestTask.java:138) ~[junit-platform-engine-1.8.2.jar:1.8.2]
	at org.junit.platform.engine.support.hierarchical.NodeTestTask.execute(NodeTestTask.java:95) ~[junit-platform-engine-1.8.2.jar:1.8.2]
	at org.junit.platform.engine.support.hierarchical.SameThreadHierarchicalTestExecutorService.submit(SameThreadHierarchicalTestExecutorService.java:35) ~[junit-platform-engine-1.8.2.jar:1.8.2]
	at org.junit.platform.engine.support.hierarchical.HierarchicalTestExecutor.execute(HierarchicalTestExecutor.java:57) ~[junit-platform-engine-1.8.2.jar:1.8.2]
	at org.junit.platform.engine.support.hierarchical.HierarchicalTestEngine.execute(HierarchicalTestEngine.java:54) ~[junit-platform-engine-1.8.2.jar:1.8.2]
	at org.junit.platform.launcher.core.EngineExecutionOrchestrator.execute(EngineExecutionOrchestrator.java:107) ~[na:na]
	at org.junit.platform.launcher.core.EngineExecutionOrchestrator.execute(EngineExecutionOrchestrator.java:88) ~[na:na]
	at org.junit.platform.launcher.core.EngineExecutionOrchestrator.lambda$execute$0(EngineExecutionOrchestrator.java:54) ~[na:na]
	at org.junit.platform.launcher.core.EngineExecutionOrchestrator.withInterceptedStreams(EngineExecutionOrchestrator.java:67) ~[na:na]
	at org.junit.platform.launcher.core.EngineExecutionOrchestrator.execute(EngineExecutionOrchestrator.java:52) ~[na:na]
	at org.junit.platform.launcher.core.DefaultLauncher.execute(DefaultLauncher.java:114) ~[na:na]
	at org.junit.platform.launcher.core.DefaultLauncher.execute(DefaultLauncher.java:86) ~[na:na]
	at org.junit.platform.launcher.core.DefaultLauncherSession$DelegatingLauncher.execute(DefaultLauncherSession.java:86) ~[na:na]
	at org.junit.platform.launcher.core.SessionPerRequestLauncher.execute(SessionPerRequestLauncher.java:53) ~[na:na]
	at org.gradle.api.internal.tasks.testing.junitplatform.JUnitPlatformTestClassProcessor$CollectAllTestClassesExecutor.processAllTestClasses(JUnitPlatformTestClassProcessor.java:99) ~[na:na]
	at org.gradle.api.internal.tasks.testing.junitplatform.JUnitPlatformTestClassProcessor$CollectAllTestClassesExecutor.access$000(JUnitPlatformTestClassProcessor.java:79) ~[na:na]
	at org.gradle.api.internal.tasks.testing.junitplatform.JUnitPlatformTestClassProcessor.stop(JUnitPlatformTestClassProcessor.java:75) ~[na:na]
	at org.gradle.api.internal.tasks.testing.SuiteTestClassProcessor.stop(SuiteTestClassProcessor.java:62) ~[na:na]
	at java.base/jdk.internal.reflect.NativeMethodAccessorImpl.invoke0(Native Method) ~[na:na]
	at java.base/jdk.internal.reflect.NativeMethodAccessorImpl.invoke(NativeMethodAccessorImpl.java:77) ~[na:na]
	at java.base/jdk.internal.reflect.DelegatingMethodAccessorImpl.invoke(DelegatingMethodAccessorImpl.java:43) ~[na:na]
	at java.base/java.lang.reflect.Method.invoke(Method.java:568) ~[na:na]
	at org.gradle.internal.dispatch.ReflectionDispatch.dispatch(ReflectionDispatch.java:36) ~[na:na]
	at org.gradle.internal.dispatch.ReflectionDispatch.dispatch(ReflectionDispatch.java:24) ~[na:na]
	at org.gradle.internal.dispatch.ContextClassLoaderDispatch.dispatch(ContextClassLoaderDispatch.java:33) ~[na:na]
	at org.gradle.internal.dispatch.ProxyDispatchAdapter$DispatchingInvocationHandler.invoke(ProxyDispatchAdapter.java:94) ~[na:na]
	at jdk.proxy1/jdk.proxy1.$Proxy2.stop(Unknown Source) ~[na:na]
	at org.gradle.api.internal.tasks.testing.worker.TestWorker$3.run(TestWorker.java:193) ~[na:na]
	at org.gradle.api.internal.tasks.testing.worker.TestWorker.executeAndMaintainThreadName(TestWorker.java:129) ~[na:na]
	at org.gradle.api.internal.tasks.testing.worker.TestWorker.execute(TestWorker.java:100) ~[na:na]
	at org.gradle.api.internal.tasks.testing.worker.TestWorker.execute(TestWorker.java:60) ~[na:na]
	at org.gradle.process.internal.worker.child.ActionExecutionWorker.execute(ActionExecutionWorker.java:56) ~[na:na]
	at org.gradle.process.internal.worker.child.SystemApplicationClassLoaderWorker.call(SystemApplicationClassLoaderWorker.java:113) ~[na:na]
	at org.gradle.process.internal.worker.child.SystemApplicationClassLoaderWorker.call(SystemApplicationClassLoaderWorker.java:65) ~[na:na]
	at worker.org.gradle.process.internal.worker.GradleWorkerMain.run(GradleWorkerMain.java:69) ~[gradle-worker.jar:na]
	at worker.org.gradle.process.internal.worker.GradleWorkerMain.main(GradleWorkerMain.java:74) ~[gradle-worker.jar:na]
Caused by: org.springframework.beans.factory.BeanCreationException: Error creating bean with name 'entityManagerFactory' defined in class path resource [org/springframework/boot/autoconfigure/orm/jpa/HibernateJpaConfiguration.class]: Invocation of init method failed; nested exception is org.hibernate.AnnotationException: No identifier specified for entity: com.raderleao.admin.catalogo.infrastructure.genre.persistence.GenreJpaEntity
	at org.springframework.beans.factory.support.AbstractAutowireCapableBeanFactory.initializeBean(AbstractAutowireCapableBeanFactory.java:1804) ~[spring-beans-5.3.24.jar:5.3.24]
	at org.springframework.beans.factory.support.AbstractAutowireCapableBeanFactory.doCreateBean(AbstractAutowireCapableBeanFactory.java:620) ~[spring-beans-5.3.24.jar:5.3.24]
	at org.springframework.beans.factory.support.AbstractAutowireCapableBeanFactory.createBean(AbstractAutowireCapableBeanFactory.java:542) ~[spring-beans-5.3.24.jar:5.3.24]
	at org.springframework.beans.factory.support.AbstractBeanFactory.lambda$doGetBean$0(AbstractBeanFactory.java:335) ~[spring-beans-5.3.24.jar:5.3.24]
	at org.springframework.beans.factory.support.DefaultSingletonBeanRegistry.getSingleton(DefaultSingletonBeanRegistry.java:234) ~[spring-beans-5.3.24.jar:5.3.24]
	at org.springframework.beans.factory.support.AbstractBeanFactory.doGetBean(AbstractBeanFactory.java:333) ~[spring-beans-5.3.24.jar:5.3.24]
	at org.springframework.beans.factory.support.AbstractBeanFactory.getBean(AbstractBeanFactory.java:208) ~[spring-beans-5.3.24.jar:5.3.24]
	at org.springframework.context.support.AbstractApplicationContext.getBean(AbstractApplicationContext.java:1154) ~[spring-context-5.3.24.jar:5.3.24]
	at org.springframework.context.support.AbstractApplicationContext.finishBeanFactoryInitialization(AbstractApplicationContext.java:908) ~[spring-context-5.3.24.jar:5.3.24]
	at org.springframework.context.support.AbstractApplicationContext.refresh(AbstractApplicationContext.java:583) ~[spring-context-5.3.24.jar:5.3.24]
	at org.springframework.boot.SpringApplication.refresh(SpringApplication.java:731) ~[spring-boot-2.7.7.jar:2.7.7]
	at org.springframework.boot.SpringApplication.refreshContext(SpringApplication.java:408) ~[spring-boot-2.7.7.jar:2.7.7]
	at org.springframework.boot.SpringApplication.run(SpringApplication.java:307) ~[spring-boot-2.7.7.jar:2.7.7]
	at org.springframework.boot.test.context.SpringBootContextLoader.loadContext(SpringBootContextLoader.java:136) ~[spring-boot-test-2.7.7.jar:2.7.7]
	at org.springframework.test.context.cache.DefaultCacheAwareContextLoaderDelegate.loadContextInternal(DefaultCacheAwareContextLoaderDelegate.java:141) ~[spring-test-5.3.24.jar:5.3.24]
	at org.springframework.test.context.cache.DefaultCacheAwareContextLoaderDelegate.loadContext(DefaultCacheAwareContextLoaderDelegate.java:90) ~[spring-test-5.3.24.jar:5.3.24]
	... 87 common frames omitted
Caused by: org.hibernate.AnnotationException: No identifier specified for entity: com.raderleao.admin.catalogo.infrastructure.genre.persistence.GenreJpaEntity
	at org.hibernate.cfg.InheritanceState.determineDefaultAccessType(InheritanceState.java:266) ~[hibernate-core-5.6.14.Final.jar:5.6.14.Final]
	at org.hibernate.cfg.InheritanceState.getElementsToProcess(InheritanceState.java:211) ~[hibernate-core-5.6.14.Final.jar:5.6.14.Final]
	at org.hibernate.cfg.InheritanceState.hasIdClassOrEmbeddedId(InheritanceState.java:185) ~[hibernate-core-5.6.14.Final.jar:5.6.14.Final]
	at org.hibernate.cfg.AnnotationBinder.processElementAnnotations(AnnotationBinder.java:2253) ~[hibernate-core-5.6.14.Final.jar:5.6.14.Final]
	at org.hibernate.cfg.AnnotationBinder.fillComponent(AnnotationBinder.java:2816) ~[hibernate-core-5.6.14.Final.jar:5.6.14.Final]
	at org.hibernate.cfg.AnnotationBinder.fillComponent(AnnotationBinder.java:2698) ~[hibernate-core-5.6.14.Final.jar:5.6.14.Final]
	at org.hibernate.cfg.AnnotationBinder.bindComponent(AnnotationBinder.java:2646) ~[hibernate-core-5.6.14.Final.jar:5.6.14.Final]
	at org.hibernate.cfg.AnnotationBinder.processElementAnnotations(AnnotationBinder.java:2275) ~[hibernate-core-5.6.14.Final.jar:5.6.14.Final]
	at org.hibernate.cfg.AnnotationBinder.processIdPropertiesIfNotAlready(AnnotationBinder.java:968) ~[hibernate-core-5.6.14.Final.jar:5.6.14.Final]
	at org.hibernate.cfg.AnnotationBinder.bindClass(AnnotationBinder.java:793) ~[hibernate-core-5.6.14.Final.jar:5.6.14.Final]
	at org.hibernate.boot.model.source.internal.annotations.AnnotationMetadataSourceProcessorImpl.processEntityHierarchies(AnnotationMetadataSourceProcessorImpl.java:225) ~[hibernate-core-5.6.14.Final.jar:5.6.14.Final]
	at org.hibernate.boot.model.process.spi.MetadataBuildingProcess$1.processEntityHierarchies(MetadataBuildingProcess.java:239) ~[hibernate-core-5.6.14.Final.jar:5.6.14.Final]
	at org.hibernate.boot.model.process.spi.MetadataBuildingProcess.complete(MetadataBuildingProcess.java:282) ~[hibernate-core-5.6.14.Final.jar:5.6.14.Final]
	at org.hibernate.jpa.boot.internal.EntityManagerFactoryBuilderImpl.metadata(EntityManagerFactoryBuilderImpl.java:1460) ~[hibernate-core-5.6.14.Final.jar:5.6.14.Final]
	at org.hibernate.jpa.boot.internal.EntityManagerFactoryBuilderImpl.build(EntityManagerFactoryBuilderImpl.java:1494) ~[hibernate-core-5.6.14.Final.jar:5.6.14.Final]
	at org.springframework.orm.jpa.vendor.SpringHibernateJpaPersistenceProvider.createContainerEntityManagerFactory(SpringHibernateJpaPersistenceProvider.java:58) ~[spring-orm-5.3.24.jar:5.3.24]
	at org.springframework.orm.jpa.LocalContainerEntityManagerFactoryBean.createNativeEntityManagerFactory(LocalContainerEntityManagerFactoryBean.java:365) ~[spring-orm-5.3.24.jar:5.3.24]
	at org.springframework.orm.jpa.AbstractEntityManagerFactoryBean.buildNativeEntityManagerFactory(AbstractEntityManagerFactoryBean.java:409) ~[spring-orm-5.3.24.jar:5.3.24]
	at org.springframework.orm.jpa.AbstractEntityManagerFactoryBean.afterPropertiesSet(AbstractEntityManagerFactoryBean.java:396) ~[spring-orm-5.3.24.jar:5.3.24]
	at org.springframework.orm.jpa.LocalContainerEntityManagerFactoryBean.afterPropertiesSet(LocalContainerEntityManagerFactoryBean.java:341) ~[spring-orm-5.3.24.jar:5.3.24]
	at org.springframework.beans.factory.support.AbstractAutowireCapableBeanFactory.invokeInitMethods(AbstractAutowireCapableBeanFactory.java:1863) ~[spring-beans-5.3.24.jar:5.3.24]
	at org.springframework.beans.factory.support.AbstractAutowireCapableBeanFactory.initializeBean(AbstractAutowireCapableBeanFactory.java:1800) ~[spring-beans-5.3.24.jar:5.3.24]
	... 102 common frames omitted


  .   ____          _            __ _ _
 /\\ / ___'_ __ _ _(_)_ __  __ _ \ \ \ \
( ( )\___ | '_ | '_| | '_ \/ _` | \ \ \ \
 \\/  ___)| |_)| | | | | || (_| |  ) ) ) )
  '  |____| .__|_| |_|_| |_\__, | / / / /
 =========|_|==============|___/=/_/_/_/
 :: Spring Boot ::                (v2.7.7)

2023-04-02 22:07:14.043  INFO 13239 --- [    Test worker] c.r.a.c.e2e.category.CategoryE2ETest     : Starting CategoryE2ETest using Java 17.0.2 on RaderLeao-MacBook-Air.local with PID 13239 (started by raderleao in /Users/raderleao/src/dev/Workspace/admin-do-catalogo/infrastructure)
2023-04-02 22:07:14.044  INFO 13239 --- [    Test worker] c.r.a.c.e2e.category.CategoryE2ETest     : The following 1 profile is active: "test-e2e"
2023-04-02 22:07:14.131  INFO 13239 --- [    Test worker] .s.d.r.c.RepositoryConfigurationDelegate : Bootstrapping Spring Data JPA repositories in DEFAULT mode.
2023-04-02 22:07:14.136  INFO 13239 --- [    Test worker] .s.d.r.c.RepositoryConfigurationDelegate : Finished Spring Data repository scanning in 4 ms. Found 2 JPA repository interfaces.
2023-04-02 22:07:14.207  INFO 13239 --- [    Test worker] o.f.c.internal.license.VersionPrinter    : Flyway Community Edition 8.5.13 by Redgate
2023-04-02 22:07:14.207  INFO 13239 --- [    Test worker] o.f.c.internal.license.VersionPrinter    : See what's new here: https://flywaydb.org/documentation/learnmore/releaseNotes#8.5.13
2023-04-02 22:07:14.207  INFO 13239 --- [    Test worker] o.f.c.internal.license.VersionPrinter    : 
2023-04-02 22:07:14.207  WARN 13239 --- [    Test worker] com.zaxxer.hikari.HikariConfig           : master - idleTimeout is close to or more than maxLifetime, disabling it.
2023-04-02 22:07:14.207  INFO 13239 --- [    Test worker] com.zaxxer.hikari.HikariDataSource       : master - Starting...
2023-04-02 22:07:14.228  INFO 13239 --- [    Test worker] com.zaxxer.hikari.HikariDataSource       : master - Start completed.
2023-04-02 22:07:14.230  INFO 13239 --- [    Test worker] o.f.c.i.database.base.BaseDatabaseType   : Database: jdbc:mysql://localhost:50897/adm_videos (MySQL 8.0)
2023-04-02 22:07:14.257  INFO 13239 --- [    Test worker] o.f.core.internal.command.DbValidate     : Successfully validated 1 migration (execution time 00:00.006s)
2023-04-02 22:07:14.266  INFO 13239 --- [    Test worker] o.f.core.internal.command.DbMigrate      : Current version of schema `adm_videos`: 1
2023-04-02 22:07:14.267  INFO 13239 --- [    Test worker] o.f.core.internal.command.DbMigrate      : Schema `adm_videos` is up to date. No migration necessary.
2023-04-02 22:07:14.286  INFO 13239 --- [    Test worker] o.hibernate.jpa.internal.util.LogHelper  : HHH000204: Processing PersistenceUnitInfo [name: default]
2023-04-02 22:07:14.289  INFO 13239 --- [    Test worker] org.hibernate.dialect.Dialect            : HHH000400: Using dialect: org.hibernate.dialect.MySQL5InnoDBDialect
2023-04-02 22:07:14.292 ERROR 13239 --- [    Test worker] j.LocalContainerEntityManagerFactoryBean : Failed to initialize JPA EntityManagerFactory: No identifier specified for entity: com.raderleao.admin.catalogo.infrastructure.genre.persistence.GenreJpaEntity
2023-04-02 22:07:14.292  WARN 13239 --- [    Test worker] o.s.w.c.s.GenericWebApplicationContext   : Exception encountered during context initialization - cancelling refresh attempt: org.springframework.beans.factory.BeanCreationException: Error creating bean with name 'entityManagerFactory' defined in class path resource [org/springframework/boot/autoconfigure/orm/jpa/HibernateJpaConfiguration.class]: Invocation of init method failed; nested exception is org.hibernate.AnnotationException: No identifier specified for entity: com.raderleao.admin.catalogo.infrastructure.genre.persistence.GenreJpaEntity
2023-04-02 22:07:14.292  INFO 13239 --- [    Test worker] com.zaxxer.hikari.HikariDataSource       : master - Shutdown initiated...
2023-04-02 22:07:14.294  INFO 13239 --- [    Test worker] com.zaxxer.hikari.HikariDataSource       : master - Shutdown completed.
2023-04-02 22:07:14.296  INFO 13239 --- [    Test worker] ConditionEvaluationReportLoggingListener : 

Error starting ApplicationContext. To display the conditions report re-run your application with 'debug' enabled.
2023-04-02 22:07:14.297 ERROR 13239 --- [    Test worker] o.s.boot.SpringApplication               : Application run failed

org.springframework.beans.factory.BeanCreationException: Error creating bean with name 'entityManagerFactory' defined in class path resource [org/springframework/boot/autoconfigure/orm/jpa/HibernateJpaConfiguration.class]: Invocation of init method failed; nested exception is org.hibernate.AnnotationException: No identifier specified for entity: com.raderleao.admin.catalogo.infrastructure.genre.persistence.GenreJpaEntity
	at org.springframework.beans.factory.support.AbstractAutowireCapableBeanFactory.initializeBean(AbstractAutowireCapableBeanFactory.java:1804) ~[spring-beans-5.3.24.jar:5.3.24]
	at org.springframework.beans.factory.support.AbstractAutowireCapableBeanFactory.doCreateBean(AbstractAutowireCapableBeanFactory.java:620) ~[spring-beans-5.3.24.jar:5.3.24]
	at org.springframework.beans.factory.support.AbstractAutowireCapableBeanFactory.createBean(AbstractAutowireCapableBeanFactory.java:542) ~[spring-beans-5.3.24.jar:5.3.24]
	at org.springframework.beans.factory.support.AbstractBeanFactory.lambda$doGetBean$0(AbstractBeanFactory.java:335) ~[spring-beans-5.3.24.jar:5.3.24]
	at org.springframework.beans.factory.support.DefaultSingletonBeanRegistry.getSingleton(DefaultSingletonBeanRegistry.java:234) ~[spring-beans-5.3.24.jar:5.3.24]
	at org.springframework.beans.factory.support.AbstractBeanFactory.doGetBean(AbstractBeanFactory.java:333) ~[spring-beans-5.3.24.jar:5.3.24]
	at org.springframework.beans.factory.support.AbstractBeanFactory.getBean(AbstractBeanFactory.java:208) ~[spring-beans-5.3.24.jar:5.3.24]
	at org.springframework.context.support.AbstractApplicationContext.getBean(AbstractApplicationContext.java:1154) ~[spring-context-5.3.24.jar:5.3.24]
	at org.springframework.context.support.AbstractApplicationContext.finishBeanFactoryInitialization(AbstractApplicationContext.java:908) ~[spring-context-5.3.24.jar:5.3.24]
	at org.springframework.context.support.AbstractApplicationContext.refresh(AbstractApplicationContext.java:583) ~[spring-context-5.3.24.jar:5.3.24]
	at org.springframework.boot.SpringApplication.refresh(SpringApplication.java:731) ~[spring-boot-2.7.7.jar:2.7.7]
	at org.springframework.boot.SpringApplication.refreshContext(SpringApplication.java:408) ~[spring-boot-2.7.7.jar:2.7.7]
	at org.springframework.boot.SpringApplication.run(SpringApplication.java:307) ~[spring-boot-2.7.7.jar:2.7.7]
	at org.springframework.boot.test.context.SpringBootContextLoader.loadContext(SpringBootContextLoader.java:136) ~[spring-boot-test-2.7.7.jar:2.7.7]
	at org.springframework.test.context.cache.DefaultCacheAwareContextLoaderDelegate.loadContextInternal(DefaultCacheAwareContextLoaderDelegate.java:141) ~[spring-test-5.3.24.jar:5.3.24]
	at org.springframework.test.context.cache.DefaultCacheAwareContextLoaderDelegate.loadContext(DefaultCacheAwareContextLoaderDelegate.java:90) ~[spring-test-5.3.24.jar:5.3.24]
	at org.springframework.test.context.support.DefaultTestContext.getApplicationContext(DefaultTestContext.java:124) ~[spring-test-5.3.24.jar:5.3.24]
	at org.springframework.test.context.web.ServletTestExecutionListener.setUpRequestContextIfNecessary(ServletTestExecutionListener.java:190) ~[spring-test-5.3.24.jar:5.3.24]
	at org.springframework.test.context.web.ServletTestExecutionListener.prepareTestInstance(ServletTestExecutionListener.java:132) ~[spring-test-5.3.24.jar:5.3.24]
	at org.springframework.test.context.TestContextManager.prepareTestInstance(TestContextManager.java:248) ~[spring-test-5.3.24.jar:5.3.24]
	at org.springframework.test.context.junit.jupiter.SpringExtension.postProcessTestInstance(SpringExtension.java:138) ~[spring-test-5.3.24.jar:5.3.24]
	at org.junit.jupiter.engine.descriptor.ClassBasedTestDescriptor.lambda$invokeTestInstancePostProcessors$8(ClassBasedTestDescriptor.java:363) ~[junit-jupiter-engine-5.8.2.jar:5.8.2]
	at org.junit.jupiter.engine.descriptor.ClassBasedTestDescriptor.executeAndMaskThrowable(ClassBasedTestDescriptor.java:368) ~[junit-jupiter-engine-5.8.2.jar:5.8.2]
	at org.junit.jupiter.engine.descriptor.ClassBasedTestDescriptor.lambda$invokeTestInstancePostProcessors$9(ClassBasedTestDescriptor.java:363) ~[junit-jupiter-engine-5.8.2.jar:5.8.2]
	at java.base/java.util.stream.ReferencePipeline$3$1.accept(ReferencePipeline.java:197) ~[na:na]
	at java.base/java.util.stream.ReferencePipeline$2$1.accept(ReferencePipeline.java:179) ~[na:na]
	at java.base/java.util.ArrayList$ArrayListSpliterator.forEachRemaining(ArrayList.java:1625) ~[na:na]
	at java.base/java.util.stream.AbstractPipeline.copyInto(AbstractPipeline.java:509) ~[na:na]
	at java.base/java.util.stream.AbstractPipeline.wrapAndCopyInto(AbstractPipeline.java:499) ~[na:na]
	at java.base/java.util.stream.StreamSpliterators$WrappingSpliterator.forEachRemaining(StreamSpliterators.java:310) ~[na:na]
	at java.base/java.util.stream.Streams$ConcatSpliterator.forEachRemaining(Streams.java:735) ~[na:na]
	at java.base/java.util.stream.Streams$ConcatSpliterator.forEachRemaining(Streams.java:734) ~[na:na]
	at java.base/java.util.stream.ReferencePipeline$Head.forEach(ReferencePipeline.java:762) ~[na:na]
	at org.junit.jupiter.engine.descriptor.ClassBasedTestDescriptor.invokeTestInstancePostProcessors(ClassBasedTestDescriptor.java:362) ~[junit-jupiter-engine-5.8.2.jar:5.8.2]
	at org.junit.jupiter.engine.descriptor.ClassBasedTestDescriptor.lambda$instantiateAndPostProcessTestInstance$6(ClassBasedTestDescriptor.java:283) ~[junit-jupiter-engine-5.8.2.jar:5.8.2]
	at org.junit.platform.engine.support.hierarchical.ThrowableCollector.execute(ThrowableCollector.java:73) ~[junit-platform-engine-1.8.2.jar:1.8.2]
	at org.junit.jupiter.engine.descriptor.ClassBasedTestDescriptor.instantiateAndPostProcessTestInstance(ClassBasedTestDescriptor.java:282) ~[junit-jupiter-engine-5.8.2.jar:5.8.2]
	at org.junit.jupiter.engine.descriptor.ClassBasedTestDescriptor.lambda$testInstancesProvider$4(ClassBasedTestDescriptor.java:272) ~[junit-jupiter-engine-5.8.2.jar:5.8.2]
	at java.base/java.util.Optional.orElseGet(Optional.java:364) ~[na:na]
	at org.junit.jupiter.engine.descriptor.ClassBasedTestDescriptor.lambda$testInstancesProvider$5(ClassBasedTestDescriptor.java:271) ~[junit-jupiter-engine-5.8.2.jar:5.8.2]
	at org.junit.jupiter.engine.execution.TestInstancesProvider.getTestInstances(TestInstancesProvider.java:31) ~[junit-jupiter-engine-5.8.2.jar:5.8.2]
	at org.junit.jupiter.engine.descriptor.TestMethodTestDescriptor.lambda$prepare$0(TestMethodTestDescriptor.java:102) ~[junit-jupiter-engine-5.8.2.jar:5.8.2]
	at org.junit.platform.engine.support.hierarchical.ThrowableCollector.execute(ThrowableCollector.java:73) ~[junit-platform-engine-1.8.2.jar:1.8.2]
	at org.junit.jupiter.engine.descriptor.TestMethodTestDescriptor.prepare(TestMethodTestDescriptor.java:101) ~[junit-jupiter-engine-5.8.2.jar:5.8.2]
	at org.junit.jupiter.engine.descriptor.TestMethodTestDescriptor.prepare(TestMethodTestDescriptor.java:66) ~[junit-jupiter-engine-5.8.2.jar:5.8.2]
	at org.junit.platform.engine.support.hierarchical.NodeTestTask.lambda$prepare$2(NodeTestTask.java:123) ~[junit-platform-engine-1.8.2.jar:1.8.2]
	at org.junit.platform.engine.support.hierarchical.ThrowableCollector.execute(ThrowableCollector.java:73) ~[junit-platform-engine-1.8.2.jar:1.8.2]
	at org.junit.platform.engine.support.hierarchical.NodeTestTask.prepare(NodeTestTask.java:123) ~[junit-platform-engine-1.8.2.jar:1.8.2]
	at org.junit.platform.engine.support.hierarchical.NodeTestTask.execute(NodeTestTask.java:90) ~[junit-platform-engine-1.8.2.jar:1.8.2]
	at java.base/java.util.ArrayList.forEach(ArrayList.java:1511) ~[na:na]
	at org.junit.platform.engine.support.hierarchical.SameThreadHierarchicalTestExecutorService.invokeAll(SameThreadHierarchicalTestExecutorService.java:41) ~[junit-platform-engine-1.8.2.jar:1.8.2]
	at org.junit.platform.engine.support.hierarchical.NodeTestTask.lambda$executeRecursively$6(NodeTestTask.java:155) ~[junit-platform-engine-1.8.2.jar:1.8.2]
	at org.junit.platform.engine.support.hierarchical.ThrowableCollector.execute(ThrowableCollector.java:73) ~[junit-platform-engine-1.8.2.jar:1.8.2]
	at org.junit.platform.engine.support.hierarchical.NodeTestTask.lambda$executeRecursively$8(NodeTestTask.java:141) ~[junit-platform-engine-1.8.2.jar:1.8.2]
	at org.junit.platform.engine.support.hierarchical.Node.around(Node.java:137) ~[junit-platform-engine-1.8.2.jar:1.8.2]
	at org.junit.platform.engine.support.hierarchical.NodeTestTask.lambda$executeRecursively$9(NodeTestTask.java:139) ~[junit-platform-engine-1.8.2.jar:1.8.2]
	at org.junit.platform.engine.support.hierarchical.ThrowableCollector.execute(ThrowableCollector.java:73) ~[junit-platform-engine-1.8.2.jar:1.8.2]
	at org.junit.platform.engine.support.hierarchical.NodeTestTask.executeRecursively(NodeTestTask.java:138) ~[junit-platform-engine-1.8.2.jar:1.8.2]
	at org.junit.platform.engine.support.hierarchical.NodeTestTask.execute(NodeTestTask.java:95) ~[junit-platform-engine-1.8.2.jar:1.8.2]
	at java.base/java.util.ArrayList.forEach(ArrayList.java:1511) ~[na:na]
	at org.junit.platform.engine.support.hierarchical.SameThreadHierarchicalTestExecutorService.invokeAll(SameThreadHierarchicalTestExecutorService.java:41) ~[junit-platform-engine-1.8.2.jar:1.8.2]
	at org.junit.platform.engine.support.hierarchical.NodeTestTask.lambda$executeRecursively$6(NodeTestTask.java:155) ~[junit-platform-engine-1.8.2.jar:1.8.2]
	at org.junit.platform.engine.support.hierarchical.ThrowableCollector.execute(ThrowableCollector.java:73) ~[junit-platform-engine-1.8.2.jar:1.8.2]
	at org.junit.platform.engine.support.hierarchical.NodeTestTask.lambda$executeRecursively$8(NodeTestTask.java:141) ~[junit-platform-engine-1.8.2.jar:1.8.2]
	at org.junit.platform.engine.support.hierarchical.Node.around(Node.java:137) ~[junit-platform-engine-1.8.2.jar:1.8.2]
	at org.junit.platform.engine.support.hierarchical.NodeTestTask.lambda$executeRecursively$9(NodeTestTask.java:139) ~[junit-platform-engine-1.8.2.jar:1.8.2]
	at org.junit.platform.engine.support.hierarchical.ThrowableCollector.execute(ThrowableCollector.java:73) ~[junit-platform-engine-1.8.2.jar:1.8.2]
	at org.junit.platform.engine.support.hierarchical.NodeTestTask.executeRecursively(NodeTestTask.java:138) ~[junit-platform-engine-1.8.2.jar:1.8.2]
	at org.junit.platform.engine.support.hierarchical.NodeTestTask.execute(NodeTestTask.java:95) ~[junit-platform-engine-1.8.2.jar:1.8.2]
	at org.junit.platform.engine.support.hierarchical.SameThreadHierarchicalTestExecutorService.submit(SameThreadHierarchicalTestExecutorService.java:35) ~[junit-platform-engine-1.8.2.jar:1.8.2]
	at org.junit.platform.engine.support.hierarchical.HierarchicalTestExecutor.execute(HierarchicalTestExecutor.java:57) ~[junit-platform-engine-1.8.2.jar:1.8.2]
	at org.junit.platform.engine.support.hierarchical.HierarchicalTestEngine.execute(HierarchicalTestEngine.java:54) ~[junit-platform-engine-1.8.2.jar:1.8.2]
	at org.junit.platform.launcher.core.EngineExecutionOrchestrator.execute(EngineExecutionOrchestrator.java:107) ~[na:na]
	at org.junit.platform.launcher.core.EngineExecutionOrchestrator.execute(EngineExecutionOrchestrator.java:88) ~[na:na]
	at org.junit.platform.launcher.core.EngineExecutionOrchestrator.lambda$execute$0(EngineExecutionOrchestrator.java:54) ~[na:na]
	at org.junit.platform.launcher.core.EngineExecutionOrchestrator.withInterceptedStreams(EngineExecutionOrchestrator.java:67) ~[na:na]
	at org.junit.platform.launcher.core.EngineExecutionOrchestrator.execute(EngineExecutionOrchestrator.java:52) ~[na:na]
	at org.junit.platform.launcher.core.DefaultLauncher.execute(DefaultLauncher.java:114) ~[na:na]
	at org.junit.platform.launcher.core.DefaultLauncher.execute(DefaultLauncher.java:86) ~[na:na]
	at org.junit.platform.launcher.core.DefaultLauncherSession$DelegatingLauncher.execute(DefaultLauncherSession.java:86) ~[na:na]
	at org.junit.platform.launcher.core.SessionPerRequestLauncher.execute(SessionPerRequestLauncher.java:53) ~[na:na]
	at org.gradle.api.internal.tasks.testing.junitplatform.JUnitPlatformTestClassProcessor$CollectAllTestClassesExecutor.processAllTestClasses(JUnitPlatformTestClassProcessor.java:99) ~[na:na]
	at org.gradle.api.internal.tasks.testing.junitplatform.JUnitPlatformTestClassProcessor$CollectAllTestClassesExecutor.access$000(JUnitPlatformTestClassProcessor.java:79) ~[na:na]
	at org.gradle.api.internal.tasks.testing.junitplatform.JUnitPlatformTestClassProcessor.stop(JUnitPlatformTestClassProcessor.java:75) ~[na:na]
	at org.gradle.api.internal.tasks.testing.SuiteTestClassProcessor.stop(SuiteTestClassProcessor.java:62) ~[na:na]
	at java.base/jdk.internal.reflect.NativeMethodAccessorImpl.invoke0(Native Method) ~[na:na]
	at java.base/jdk.internal.reflect.NativeMethodAccessorImpl.invoke(NativeMethodAccessorImpl.java:77) ~[na:na]
	at java.base/jdk.internal.reflect.DelegatingMethodAccessorImpl.invoke(DelegatingMethodAccessorImpl.java:43) ~[na:na]
	at java.base/java.lang.reflect.Method.invoke(Method.java:568) ~[na:na]
	at org.gradle.internal.dispatch.ReflectionDispatch.dispatch(ReflectionDispatch.java:36) ~[na:na]
	at org.gradle.internal.dispatch.ReflectionDispatch.dispatch(ReflectionDispatch.java:24) ~[na:na]
	at org.gradle.internal.dispatch.ContextClassLoaderDispatch.dispatch(ContextClassLoaderDispatch.java:33) ~[na:na]
	at org.gradle.internal.dispatch.ProxyDispatchAdapter$DispatchingInvocationHandler.invoke(ProxyDispatchAdapter.java:94) ~[na:na]
	at jdk.proxy1/jdk.proxy1.$Proxy2.stop(Unknown Source) ~[na:na]
	at org.gradle.api.internal.tasks.testing.worker.TestWorker$3.run(TestWorker.java:193) ~[na:na]
	at org.gradle.api.internal.tasks.testing.worker.TestWorker.executeAndMaintainThreadName(TestWorker.java:129) ~[na:na]
	at org.gradle.api.internal.tasks.testing.worker.TestWorker.execute(TestWorker.java:100) ~[na:na]
	at org.gradle.api.internal.tasks.testing.worker.TestWorker.execute(TestWorker.java:60) ~[na:na]
	at org.gradle.process.internal.worker.child.ActionExecutionWorker.execute(ActionExecutionWorker.java:56) ~[na:na]
	at org.gradle.process.internal.worker.child.SystemApplicationClassLoaderWorker.call(SystemApplicationClassLoaderWorker.java:113) ~[na:na]
	at org.gradle.process.internal.worker.child.SystemApplicationClassLoaderWorker.call(SystemApplicationClassLoaderWorker.java:65) ~[na:na]
	at worker.org.gradle.process.internal.worker.GradleWorkerMain.run(GradleWorkerMain.java:69) ~[gradle-worker.jar:na]
	at worker.org.gradle.process.internal.worker.GradleWorkerMain.main(GradleWorkerMain.java:74) ~[gradle-worker.jar:na]
Caused by: org.hibernate.AnnotationException: No identifier specified for entity: com.raderleao.admin.catalogo.infrastructure.genre.persistence.GenreJpaEntity
	at org.hibernate.cfg.InheritanceState.determineDefaultAccessType(InheritanceState.java:266) ~[hibernate-core-5.6.14.Final.jar:5.6.14.Final]
	at org.hibernate.cfg.InheritanceState.getElementsToProcess(InheritanceState.java:211) ~[hibernate-core-5.6.14.Final.jar:5.6.14.Final]
	at org.hibernate.cfg.InheritanceState.hasIdClassOrEmbeddedId(InheritanceState.java:185) ~[hibernate-core-5.6.14.Final.jar:5.6.14.Final]
	at org.hibernate.cfg.AnnotationBinder.processElementAnnotations(AnnotationBinder.java:2253) ~[hibernate-core-5.6.14.Final.jar:5.6.14.Final]
	at org.hibernate.cfg.AnnotationBinder.fillComponent(AnnotationBinder.java:2816) ~[hibernate-core-5.6.14.Final.jar:5.6.14.Final]
	at org.hibernate.cfg.AnnotationBinder.fillComponent(AnnotationBinder.java:2698) ~[hibernate-core-5.6.14.Final.jar:5.6.14.Final]
	at org.hibernate.cfg.AnnotationBinder.bindComponent(AnnotationBinder.java:2646) ~[hibernate-core-5.6.14.Final.jar:5.6.14.Final]
	at org.hibernate.cfg.AnnotationBinder.processElementAnnotations(AnnotationBinder.java:2275) ~[hibernate-core-5.6.14.Final.jar:5.6.14.Final]
	at org.hibernate.cfg.AnnotationBinder.processIdPropertiesIfNotAlready(AnnotationBinder.java:968) ~[hibernate-core-5.6.14.Final.jar:5.6.14.Final]
	at org.hibernate.cfg.AnnotationBinder.bindClass(AnnotationBinder.java:793) ~[hibernate-core-5.6.14.Final.jar:5.6.14.Final]
	at org.hibernate.boot.model.source.internal.annotations.AnnotationMetadataSourceProcessorImpl.processEntityHierarchies(AnnotationMetadataSourceProcessorImpl.java:225) ~[hibernate-core-5.6.14.Final.jar:5.6.14.Final]
	at org.hibernate.boot.model.process.spi.MetadataBuildingProcess$1.processEntityHierarchies(MetadataBuildingProcess.java:239) ~[hibernate-core-5.6.14.Final.jar:5.6.14.Final]
	at org.hibernate.boot.model.process.spi.MetadataBuildingProcess.complete(MetadataBuildingProcess.java:282) ~[hibernate-core-5.6.14.Final.jar:5.6.14.Final]
	at org.hibernate.jpa.boot.internal.EntityManagerFactoryBuilderImpl.metadata(EntityManagerFactoryBuilderImpl.java:1460) ~[hibernate-core-5.6.14.Final.jar:5.6.14.Final]
	at org.hibernate.jpa.boot.internal.EntityManagerFactoryBuilderImpl.build(EntityManagerFactoryBuilderImpl.java:1494) ~[hibernate-core-5.6.14.Final.jar:5.6.14.Final]
	at org.springframework.orm.jpa.vendor.SpringHibernateJpaPersistenceProvider.createContainerEntityManagerFactory(SpringHibernateJpaPersistenceProvider.java:58) ~[spring-orm-5.3.24.jar:5.3.24]
	at org.springframework.orm.jpa.LocalContainerEntityManagerFactoryBean.createNativeEntityManagerFactory(LocalContainerEntityManagerFactoryBean.java:365) ~[spring-orm-5.3.24.jar:5.3.24]
	at org.springframework.orm.jpa.AbstractEntityManagerFactoryBean.buildNativeEntityManagerFactory(AbstractEntityManagerFactoryBean.java:409) ~[spring-orm-5.3.24.jar:5.3.24]
	at org.springframework.orm.jpa.AbstractEntityManagerFactoryBean.afterPropertiesSet(AbstractEntityManagerFactoryBean.java:396) ~[spring-orm-5.3.24.jar:5.3.24]
	at org.springframework.orm.jpa.LocalContainerEntityManagerFactoryBean.afterPropertiesSet(LocalContainerEntityManagerFactoryBean.java:341) ~[spring-orm-5.3.24.jar:5.3.24]
	at org.springframework.beans.factory.support.AbstractAutowireCapableBeanFactory.invokeInitMethods(AbstractAutowireCapableBeanFactory.java:1863) ~[spring-beans-5.3.24.jar:5.3.24]
	at org.springframework.beans.factory.support.AbstractAutowireCapableBeanFactory.initializeBean(AbstractAutowireCapableBeanFactory.java:1800) ~[spring-beans-5.3.24.jar:5.3.24]
	... 102 common frames omitted

2023-04-02 22:07:14.299 ERROR 13239 --- [    Test worker] o.s.test.context.TestContextManager      : Caught exception while allowing TestExecutionListener [org.springframework.test.context.web.ServletTestExecutionListener@54227100] to prepare test instance [com.raderleao.admin.catalogo.e2e.category.CategoryE2ETest@1fa24e7]

java.lang.IllegalStateException: Failed to load ApplicationContext
	at org.springframework.test.context.cache.DefaultCacheAwareContextLoaderDelegate.loadContext(DefaultCacheAwareContextLoaderDelegate.java:98) ~[spring-test-5.3.24.jar:5.3.24]
	at org.springframework.test.context.support.DefaultTestContext.getApplicationContext(DefaultTestContext.java:124) ~[spring-test-5.3.24.jar:5.3.24]
	at org.springframework.test.context.web.ServletTestExecutionListener.setUpRequestContextIfNecessary(ServletTestExecutionListener.java:190) ~[spring-test-5.3.24.jar:5.3.24]
	at org.springframework.test.context.web.ServletTestExecutionListener.prepareTestInstance(ServletTestExecutionListener.java:132) ~[spring-test-5.3.24.jar:5.3.24]
	at org.springframework.test.context.TestContextManager.prepareTestInstance(TestContextManager.java:248) ~[spring-test-5.3.24.jar:5.3.24]
	at org.springframework.test.context.junit.jupiter.SpringExtension.postProcessTestInstance(SpringExtension.java:138) ~[spring-test-5.3.24.jar:5.3.24]
	at org.junit.jupiter.engine.descriptor.ClassBasedTestDescriptor.lambda$invokeTestInstancePostProcessors$8(ClassBasedTestDescriptor.java:363) ~[junit-jupiter-engine-5.8.2.jar:5.8.2]
	at org.junit.jupiter.engine.descriptor.ClassBasedTestDescriptor.executeAndMaskThrowable(ClassBasedTestDescriptor.java:368) ~[junit-jupiter-engine-5.8.2.jar:5.8.2]
	at org.junit.jupiter.engine.descriptor.ClassBasedTestDescriptor.lambda$invokeTestInstancePostProcessors$9(ClassBasedTestDescriptor.java:363) ~[junit-jupiter-engine-5.8.2.jar:5.8.2]
	at java.base/java.util.stream.ReferencePipeline$3$1.accept(ReferencePipeline.java:197) ~[na:na]
	at java.base/java.util.stream.ReferencePipeline$2$1.accept(ReferencePipeline.java:179) ~[na:na]
	at java.base/java.util.ArrayList$ArrayListSpliterator.forEachRemaining(ArrayList.java:1625) ~[na:na]
	at java.base/java.util.stream.AbstractPipeline.copyInto(AbstractPipeline.java:509) ~[na:na]
	at java.base/java.util.stream.AbstractPipeline.wrapAndCopyInto(AbstractPipeline.java:499) ~[na:na]
	at java.base/java.util.stream.StreamSpliterators$WrappingSpliterator.forEachRemaining(StreamSpliterators.java:310) ~[na:na]
	at java.base/java.util.stream.Streams$ConcatSpliterator.forEachRemaining(Streams.java:735) ~[na:na]
	at java.base/java.util.stream.Streams$ConcatSpliterator.forEachRemaining(Streams.java:734) ~[na:na]
	at java.base/java.util.stream.ReferencePipeline$Head.forEach(ReferencePipeline.java:762) ~[na:na]
	at org.junit.jupiter.engine.descriptor.ClassBasedTestDescriptor.invokeTestInstancePostProcessors(ClassBasedTestDescriptor.java:362) ~[junit-jupiter-engine-5.8.2.jar:5.8.2]
	at org.junit.jupiter.engine.descriptor.ClassBasedTestDescriptor.lambda$instantiateAndPostProcessTestInstance$6(ClassBasedTestDescriptor.java:283) ~[junit-jupiter-engine-5.8.2.jar:5.8.2]
	at org.junit.platform.engine.support.hierarchical.ThrowableCollector.execute(ThrowableCollector.java:73) ~[junit-platform-engine-1.8.2.jar:1.8.2]
	at org.junit.jupiter.engine.descriptor.ClassBasedTestDescriptor.instantiateAndPostProcessTestInstance(ClassBasedTestDescriptor.java:282) ~[junit-jupiter-engine-5.8.2.jar:5.8.2]
	at org.junit.jupiter.engine.descriptor.ClassBasedTestDescriptor.lambda$testInstancesProvider$4(ClassBasedTestDescriptor.java:272) ~[junit-jupiter-engine-5.8.2.jar:5.8.2]
	at java.base/java.util.Optional.orElseGet(Optional.java:364) ~[na:na]
	at org.junit.jupiter.engine.descriptor.ClassBasedTestDescriptor.lambda$testInstancesProvider$5(ClassBasedTestDescriptor.java:271) ~[junit-jupiter-engine-5.8.2.jar:5.8.2]
	at org.junit.jupiter.engine.execution.TestInstancesProvider.getTestInstances(TestInstancesProvider.java:31) ~[junit-jupiter-engine-5.8.2.jar:5.8.2]
	at org.junit.jupiter.engine.descriptor.TestMethodTestDescriptor.lambda$prepare$0(TestMethodTestDescriptor.java:102) ~[junit-jupiter-engine-5.8.2.jar:5.8.2]
	at org.junit.platform.engine.support.hierarchical.ThrowableCollector.execute(ThrowableCollector.java:73) ~[junit-platform-engine-1.8.2.jar:1.8.2]
	at org.junit.jupiter.engine.descriptor.TestMethodTestDescriptor.prepare(TestMethodTestDescriptor.java:101) ~[junit-jupiter-engine-5.8.2.jar:5.8.2]
	at org.junit.jupiter.engine.descriptor.TestMethodTestDescriptor.prepare(TestMethodTestDescriptor.java:66) ~[junit-jupiter-engine-5.8.2.jar:5.8.2]
	at org.junit.platform.engine.support.hierarchical.NodeTestTask.lambda$prepare$2(NodeTestTask.java:123) ~[junit-platform-engine-1.8.2.jar:1.8.2]
	at org.junit.platform.engine.support.hierarchical.ThrowableCollector.execute(ThrowableCollector.java:73) ~[junit-platform-engine-1.8.2.jar:1.8.2]
	at org.junit.platform.engine.support.hierarchical.NodeTestTask.prepare(NodeTestTask.java:123) ~[junit-platform-engine-1.8.2.jar:1.8.2]
	at org.junit.platform.engine.support.hierarchical.NodeTestTask.execute(NodeTestTask.java:90) ~[junit-platform-engine-1.8.2.jar:1.8.2]
	at java.base/java.util.ArrayList.forEach(ArrayList.java:1511) ~[na:na]
	at org.junit.platform.engine.support.hierarchical.SameThreadHierarchicalTestExecutorService.invokeAll(SameThreadHierarchicalTestExecutorService.java:41) ~[junit-platform-engine-1.8.2.jar:1.8.2]
	at org.junit.platform.engine.support.hierarchical.NodeTestTask.lambda$executeRecursively$6(NodeTestTask.java:155) ~[junit-platform-engine-1.8.2.jar:1.8.2]
	at org.junit.platform.engine.support.hierarchical.ThrowableCollector.execute(ThrowableCollector.java:73) ~[junit-platform-engine-1.8.2.jar:1.8.2]
	at org.junit.platform.engine.support.hierarchical.NodeTestTask.lambda$executeRecursively$8(NodeTestTask.java:141) ~[junit-platform-engine-1.8.2.jar:1.8.2]
	at org.junit.platform.engine.support.hierarchical.Node.around(Node.java:137) ~[junit-platform-engine-1.8.2.jar:1.8.2]
	at org.junit.platform.engine.support.hierarchical.NodeTestTask.lambda$executeRecursively$9(NodeTestTask.java:139) ~[junit-platform-engine-1.8.2.jar:1.8.2]
	at org.junit.platform.engine.support.hierarchical.ThrowableCollector.execute(ThrowableCollector.java:73) ~[junit-platform-engine-1.8.2.jar:1.8.2]
	at org.junit.platform.engine.support.hierarchical.NodeTestTask.executeRecursively(NodeTestTask.java:138) ~[junit-platform-engine-1.8.2.jar:1.8.2]
	at org.junit.platform.engine.support.hierarchical.NodeTestTask.execute(NodeTestTask.java:95) ~[junit-platform-engine-1.8.2.jar:1.8.2]
	at java.base/java.util.ArrayList.forEach(ArrayList.java:1511) ~[na:na]
	at org.junit.platform.engine.support.hierarchical.SameThreadHierarchicalTestExecutorService.invokeAll(SameThreadHierarchicalTestExecutorService.java:41) ~[junit-platform-engine-1.8.2.jar:1.8.2]
	at org.junit.platform.engine.support.hierarchical.NodeTestTask.lambda$executeRecursively$6(NodeTestTask.java:155) ~[junit-platform-engine-1.8.2.jar:1.8.2]
	at org.junit.platform.engine.support.hierarchical.ThrowableCollector.execute(ThrowableCollector.java:73) ~[junit-platform-engine-1.8.2.jar:1.8.2]
	at org.junit.platform.engine.support.hierarchical.NodeTestTask.lambda$executeRecursively$8(NodeTestTask.java:141) ~[junit-platform-engine-1.8.2.jar:1.8.2]
	at org.junit.platform.engine.support.hierarchical.Node.around(Node.java:137) ~[junit-platform-engine-1.8.2.jar:1.8.2]
	at org.junit.platform.engine.support.hierarchical.NodeTestTask.lambda$executeRecursively$9(NodeTestTask.java:139) ~[junit-platform-engine-1.8.2.jar:1.8.2]
	at org.junit.platform.engine.support.hierarchical.ThrowableCollector.execute(ThrowableCollector.java:73) ~[junit-platform-engine-1.8.2.jar:1.8.2]
	at org.junit.platform.engine.support.hierarchical.NodeTestTask.executeRecursively(NodeTestTask.java:138) ~[junit-platform-engine-1.8.2.jar:1.8.2]
	at org.junit.platform.engine.support.hierarchical.NodeTestTask.execute(NodeTestTask.java:95) ~[junit-platform-engine-1.8.2.jar:1.8.2]
	at org.junit.platform.engine.support.hierarchical.SameThreadHierarchicalTestExecutorService.submit(SameThreadHierarchicalTestExecutorService.java:35) ~[junit-platform-engine-1.8.2.jar:1.8.2]
	at org.junit.platform.engine.support.hierarchical.HierarchicalTestExecutor.execute(HierarchicalTestExecutor.java:57) ~[junit-platform-engine-1.8.2.jar:1.8.2]
	at org.junit.platform.engine.support.hierarchical.HierarchicalTestEngine.execute(HierarchicalTestEngine.java:54) ~[junit-platform-engine-1.8.2.jar:1.8.2]
	at org.junit.platform.launcher.core.EngineExecutionOrchestrator.execute(EngineExecutionOrchestrator.java:107) ~[na:na]
	at org.junit.platform.launcher.core.EngineExecutionOrchestrator.execute(EngineExecutionOrchestrator.java:88) ~[na:na]
	at org.junit.platform.launcher.core.EngineExecutionOrchestrator.lambda$execute$0(EngineExecutionOrchestrator.java:54) ~[na:na]
	at org.junit.platform.launcher.core.EngineExecutionOrchestrator.withInterceptedStreams(EngineExecutionOrchestrator.java:67) ~[na:na]
	at org.junit.platform.launcher.core.EngineExecutionOrchestrator.execute(EngineExecutionOrchestrator.java:52) ~[na:na]
	at org.junit.platform.launcher.core.DefaultLauncher.execute(DefaultLauncher.java:114) ~[na:na]
	at org.junit.platform.launcher.core.DefaultLauncher.execute(DefaultLauncher.java:86) ~[na:na]
	at org.junit.platform.launcher.core.DefaultLauncherSession$DelegatingLauncher.execute(DefaultLauncherSession.java:86) ~[na:na]
	at org.junit.platform.launcher.core.SessionPerRequestLauncher.execute(SessionPerRequestLauncher.java:53) ~[na:na]
	at org.gradle.api.internal.tasks.testing.junitplatform.JUnitPlatformTestClassProcessor$CollectAllTestClassesExecutor.processAllTestClasses(JUnitPlatformTestClassProcessor.java:99) ~[na:na]
	at org.gradle.api.internal.tasks.testing.junitplatform.JUnitPlatformTestClassProcessor$CollectAllTestClassesExecutor.access$000(JUnitPlatformTestClassProcessor.java:79) ~[na:na]
	at org.gradle.api.internal.tasks.testing.junitplatform.JUnitPlatformTestClassProcessor.stop(JUnitPlatformTestClassProcessor.java:75) ~[na:na]
	at org.gradle.api.internal.tasks.testing.SuiteTestClassProcessor.stop(SuiteTestClassProcessor.java:62) ~[na:na]
	at java.base/jdk.internal.reflect.NativeMethodAccessorImpl.invoke0(Native Method) ~[na:na]
	at java.base/jdk.internal.reflect.NativeMethodAccessorImpl.invoke(NativeMethodAccessorImpl.java:77) ~[na:na]
	at java.base/jdk.internal.reflect.DelegatingMethodAccessorImpl.invoke(DelegatingMethodAccessorImpl.java:43) ~[na:na]
	at java.base/java.lang.reflect.Method.invoke(Method.java:568) ~[na:na]
	at org.gradle.internal.dispatch.ReflectionDispatch.dispatch(ReflectionDispatch.java:36) ~[na:na]
	at org.gradle.internal.dispatch.ReflectionDispatch.dispatch(ReflectionDispatch.java:24) ~[na:na]
	at org.gradle.internal.dispatch.ContextClassLoaderDispatch.dispatch(ContextClassLoaderDispatch.java:33) ~[na:na]
	at org.gradle.internal.dispatch.ProxyDispatchAdapter$DispatchingInvocationHandler.invoke(ProxyDispatchAdapter.java:94) ~[na:na]
	at jdk.proxy1/jdk.proxy1.$Proxy2.stop(Unknown Source) ~[na:na]
	at org.gradle.api.internal.tasks.testing.worker.TestWorker$3.run(TestWorker.java:193) ~[na:na]
	at org.gradle.api.internal.tasks.testing.worker.TestWorker.executeAndMaintainThreadName(TestWorker.java:129) ~[na:na]
	at org.gradle.api.internal.tasks.testing.worker.TestWorker.execute(TestWorker.java:100) ~[na:na]
	at org.gradle.api.internal.tasks.testing.worker.TestWorker.execute(TestWorker.java:60) ~[na:na]
	at org.gradle.process.internal.worker.child.ActionExecutionWorker.execute(ActionExecutionWorker.java:56) ~[na:na]
	at org.gradle.process.internal.worker.child.SystemApplicationClassLoaderWorker.call(SystemApplicationClassLoaderWorker.java:113) ~[na:na]
	at org.gradle.process.internal.worker.child.SystemApplicationClassLoaderWorker.call(SystemApplicationClassLoaderWorker.java:65) ~[na:na]
	at worker.org.gradle.process.internal.worker.GradleWorkerMain.run(GradleWorkerMain.java:69) ~[gradle-worker.jar:na]
	at worker.org.gradle.process.internal.worker.GradleWorkerMain.main(GradleWorkerMain.java:74) ~[gradle-worker.jar:na]
Caused by: org.springframework.beans.factory.BeanCreationException: Error creating bean with name 'entityManagerFactory' defined in class path resource [org/springframework/boot/autoconfigure/orm/jpa/HibernateJpaConfiguration.class]: Invocation of init method failed; nested exception is org.hibernate.AnnotationException: No identifier specified for entity: com.raderleao.admin.catalogo.infrastructure.genre.persistence.GenreJpaEntity
	at org.springframework.beans.factory.support.AbstractAutowireCapableBeanFactory.initializeBean(AbstractAutowireCapableBeanFactory.java:1804) ~[spring-beans-5.3.24.jar:5.3.24]
	at org.springframework.beans.factory.support.AbstractAutowireCapableBeanFactory.doCreateBean(AbstractAutowireCapableBeanFactory.java:620) ~[spring-beans-5.3.24.jar:5.3.24]
	at org.springframework.beans.factory.support.AbstractAutowireCapableBeanFactory.createBean(AbstractAutowireCapableBeanFactory.java:542) ~[spring-beans-5.3.24.jar:5.3.24]
	at org.springframework.beans.factory.support.AbstractBeanFactory.lambda$doGetBean$0(AbstractBeanFactory.java:335) ~[spring-beans-5.3.24.jar:5.3.24]
	at org.springframework.beans.factory.support.DefaultSingletonBeanRegistry.getSingleton(DefaultSingletonBeanRegistry.java:234) ~[spring-beans-5.3.24.jar:5.3.24]
	at org.springframework.beans.factory.support.AbstractBeanFactory.doGetBean(AbstractBeanFactory.java:333) ~[spring-beans-5.3.24.jar:5.3.24]
	at org.springframework.beans.factory.support.AbstractBeanFactory.getBean(AbstractBeanFactory.java:208) ~[spring-beans-5.3.24.jar:5.3.24]
	at org.springframework.context.support.AbstractApplicationContext.getBean(AbstractApplicationContext.java:1154) ~[spring-context-5.3.24.jar:5.3.24]
	at org.springframework.context.support.AbstractApplicationContext.finishBeanFactoryInitialization(AbstractApplicationContext.java:908) ~[spring-context-5.3.24.jar:5.3.24]
	at org.springframework.context.support.AbstractApplicationContext.refresh(AbstractApplicationContext.java:583) ~[spring-context-5.3.24.jar:5.3.24]
	at org.springframework.boot.SpringApplication.refresh(SpringApplication.java:731) ~[spring-boot-2.7.7.jar:2.7.7]
	at org.springframework.boot.SpringApplication.refreshContext(SpringApplication.java:408) ~[spring-boot-2.7.7.jar:2.7.7]
	at org.springframework.boot.SpringApplication.run(SpringApplication.java:307) ~[spring-boot-2.7.7.jar:2.7.7]
	at org.springframework.boot.test.context.SpringBootContextLoader.loadContext(SpringBootContextLoader.java:136) ~[spring-boot-test-2.7.7.jar:2.7.7]
	at org.springframework.test.context.cache.DefaultCacheAwareContextLoaderDelegate.loadContextInternal(DefaultCacheAwareContextLoaderDelegate.java:141) ~[spring-test-5.3.24.jar:5.3.24]
	at org.springframework.test.context.cache.DefaultCacheAwareContextLoaderDelegate.loadContext(DefaultCacheAwareContextLoaderDelegate.java:90) ~[spring-test-5.3.24.jar:5.3.24]
	... 87 common frames omitted
Caused by: org.hibernate.AnnotationException: No identifier specified for entity: com.raderleao.admin.catalogo.infrastructure.genre.persistence.GenreJpaEntity
	at org.hibernate.cfg.InheritanceState.determineDefaultAccessType(InheritanceState.java:266) ~[hibernate-core-5.6.14.Final.jar:5.6.14.Final]
	at org.hibernate.cfg.InheritanceState.getElementsToProcess(InheritanceState.java:211) ~[hibernate-core-5.6.14.Final.jar:5.6.14.Final]
	at org.hibernate.cfg.InheritanceState.hasIdClassOrEmbeddedId(InheritanceState.java:185) ~[hibernate-core-5.6.14.Final.jar:5.6.14.Final]
	at org.hibernate.cfg.AnnotationBinder.processElementAnnotations(AnnotationBinder.java:2253) ~[hibernate-core-5.6.14.Final.jar:5.6.14.Final]
	at org.hibernate.cfg.AnnotationBinder.fillComponent(AnnotationBinder.java:2816) ~[hibernate-core-5.6.14.Final.jar:5.6.14.Final]
	at org.hibernate.cfg.AnnotationBinder.fillComponent(AnnotationBinder.java:2698) ~[hibernate-core-5.6.14.Final.jar:5.6.14.Final]
	at org.hibernate.cfg.AnnotationBinder.bindComponent(AnnotationBinder.java:2646) ~[hibernate-core-5.6.14.Final.jar:5.6.14.Final]
	at org.hibernate.cfg.AnnotationBinder.processElementAnnotations(AnnotationBinder.java:2275) ~[hibernate-core-5.6.14.Final.jar:5.6.14.Final]
	at org.hibernate.cfg.AnnotationBinder.processIdPropertiesIfNotAlready(AnnotationBinder.java:968) ~[hibernate-core-5.6.14.Final.jar:5.6.14.Final]
	at org.hibernate.cfg.AnnotationBinder.bindClass(AnnotationBinder.java:793) ~[hibernate-core-5.6.14.Final.jar:5.6.14.Final]
	at org.hibernate.boot.model.source.internal.annotations.AnnotationMetadataSourceProcessorImpl.processEntityHierarchies(AnnotationMetadataSourceProcessorImpl.java:225) ~[hibernate-core-5.6.14.Final.jar:5.6.14.Final]
	at org.hibernate.boot.model.process.spi.MetadataBuildingProcess$1.processEntityHierarchies(MetadataBuildingProcess.java:239) ~[hibernate-core-5.6.14.Final.jar:5.6.14.Final]
	at org.hibernate.boot.model.process.spi.MetadataBuildingProcess.complete(MetadataBuildingProcess.java:282) ~[hibernate-core-5.6.14.Final.jar:5.6.14.Final]
	at org.hibernate.jpa.boot.internal.EntityManagerFactoryBuilderImpl.metadata(EntityManagerFactoryBuilderImpl.java:1460) ~[hibernate-core-5.6.14.Final.jar:5.6.14.Final]
	at org.hibernate.jpa.boot.internal.EntityManagerFactoryBuilderImpl.build(EntityManagerFactoryBuilderImpl.java:1494) ~[hibernate-core-5.6.14.Final.jar:5.6.14.Final]
	at org.springframework.orm.jpa.vendor.SpringHibernateJpaPersistenceProvider.createContainerEntityManagerFactory(SpringHibernateJpaPersistenceProvider.java:58) ~[spring-orm-5.3.24.jar:5.3.24]
	at org.springframework.orm.jpa.LocalContainerEntityManagerFactoryBean.createNativeEntityManagerFactory(LocalContainerEntityManagerFactoryBean.java:365) ~[spring-orm-5.3.24.jar:5.3.24]
	at org.springframework.orm.jpa.AbstractEntityManagerFactoryBean.buildNativeEntityManagerFactory(AbstractEntityManagerFactoryBean.java:409) ~[spring-orm-5.3.24.jar:5.3.24]
	at org.springframework.orm.jpa.AbstractEntityManagerFactoryBean.afterPropertiesSet(AbstractEntityManagerFactoryBean.java:396) ~[spring-orm-5.3.24.jar:5.3.24]
	at org.springframework.orm.jpa.LocalContainerEntityManagerFactoryBean.afterPropertiesSet(LocalContainerEntityManagerFactoryBean.java:341) ~[spring-orm-5.3.24.jar:5.3.24]
	at org.springframework.beans.factory.support.AbstractAutowireCapableBeanFactory.invokeInitMethods(AbstractAutowireCapableBeanFactory.java:1863) ~[spring-beans-5.3.24.jar:5.3.24]
	at org.springframework.beans.factory.support.AbstractAutowireCapableBeanFactory.initializeBean(AbstractAutowireCapableBeanFactory.java:1800) ~[spring-beans-5.3.24.jar:5.3.24]
	... 102 common frames omitted


  .   ____          _            __ _ _
 /\\ / ___'_ __ _ _(_)_ __  __ _ \ \ \ \
( ( )\___ | '_ | '_| | '_ \/ _` | \ \ \ \
 \\/  ___)| |_)| | | | | || (_| |  ) ) ) )
  '  |____| .__|_| |_|_| |_\__, | / / / /
 =========|_|==============|___/=/_/_/_/
 :: Spring Boot ::                (v2.7.7)

2023-04-02 22:07:14.315  INFO 13239 --- [    Test worker] c.r.a.c.e2e.category.CategoryE2ETest     : Starting CategoryE2ETest using Java 17.0.2 on RaderLeao-MacBook-Air.local with PID 13239 (started by raderleao in /Users/raderleao/src/dev/Workspace/admin-do-catalogo/infrastructure)
2023-04-02 22:07:14.316  INFO 13239 --- [    Test worker] c.r.a.c.e2e.category.CategoryE2ETest     : The following 1 profile is active: "test-e2e"
2023-04-02 22:07:14.414  INFO 13239 --- [    Test worker] .s.d.r.c.RepositoryConfigurationDelegate : Bootstrapping Spring Data JPA repositories in DEFAULT mode.
2023-04-02 22:07:14.420  INFO 13239 --- [    Test worker] .s.d.r.c.RepositoryConfigurationDelegate : Finished Spring Data repository scanning in 5 ms. Found 2 JPA repository interfaces.
2023-04-02 22:07:14.468  INFO 13239 --- [    Test worker] o.f.c.internal.license.VersionPrinter    : Flyway Community Edition 8.5.13 by Redgate
2023-04-02 22:07:14.468  INFO 13239 --- [    Test worker] o.f.c.internal.license.VersionPrinter    : See what's new here: https://flywaydb.org/documentation/learnmore/releaseNotes#8.5.13
2023-04-02 22:07:14.468  INFO 13239 --- [    Test worker] o.f.c.internal.license.VersionPrinter    : 
2023-04-02 22:07:14.469  WARN 13239 --- [    Test worker] com.zaxxer.hikari.HikariConfig           : master - idleTimeout is close to or more than maxLifetime, disabling it.
2023-04-02 22:07:14.469  INFO 13239 --- [    Test worker] com.zaxxer.hikari.HikariDataSource       : master - Starting...
2023-04-02 22:07:14.489  INFO 13239 --- [    Test worker] com.zaxxer.hikari.HikariDataSource       : master - Start completed.
2023-04-02 22:07:14.491  INFO 13239 --- [    Test worker] o.f.c.i.database.base.BaseDatabaseType   : Database: jdbc:mysql://localhost:50897/adm_videos (MySQL 8.0)
2023-04-02 22:07:14.525  INFO 13239 --- [    Test worker] o.f.core.internal.command.DbValidate     : Successfully validated 1 migration (execution time 00:00.008s)
2023-04-02 22:07:14.536  INFO 13239 --- [    Test worker] o.f.core.internal.command.DbMigrate      : Current version of schema `adm_videos`: 1
2023-04-02 22:07:14.537  INFO 13239 --- [    Test worker] o.f.core.internal.command.DbMigrate      : Schema `adm_videos` is up to date. No migration necessary.
2023-04-02 22:07:14.556  INFO 13239 --- [    Test worker] o.hibernate.jpa.internal.util.LogHelper  : HHH000204: Processing PersistenceUnitInfo [name: default]
2023-04-02 22:07:14.559  INFO 13239 --- [    Test worker] org.hibernate.dialect.Dialect            : HHH000400: Using dialect: org.hibernate.dialect.MySQL5InnoDBDialect
2023-04-02 22:07:14.562 ERROR 13239 --- [    Test worker] j.LocalContainerEntityManagerFactoryBean : Failed to initialize JPA EntityManagerFactory: No identifier specified for entity: com.raderleao.admin.catalogo.infrastructure.genre.persistence.GenreJpaEntity
2023-04-02 22:07:14.562  WARN 13239 --- [    Test worker] o.s.w.c.s.GenericWebApplicationContext   : Exception encountered during context initialization - cancelling refresh attempt: org.springframework.beans.factory.BeanCreationException: Error creating bean with name 'entityManagerFactory' defined in class path resource [org/springframework/boot/autoconfigure/orm/jpa/HibernateJpaConfiguration.class]: Invocation of init method failed; nested exception is org.hibernate.AnnotationException: No identifier specified for entity: com.raderleao.admin.catalogo.infrastructure.genre.persistence.GenreJpaEntity
2023-04-02 22:07:14.562  INFO 13239 --- [    Test worker] com.zaxxer.hikari.HikariDataSource       : master - Shutdown initiated...
2023-04-02 22:07:14.564  INFO 13239 --- [    Test worker] com.zaxxer.hikari.HikariDataSource       : master - Shutdown completed.
2023-04-02 22:07:14.565  INFO 13239 --- [    Test worker] ConditionEvaluationReportLoggingListener : 

Error starting ApplicationContext. To display the conditions report re-run your application with 'debug' enabled.
2023-04-02 22:07:14.568 ERROR 13239 --- [    Test worker] o.s.boot.SpringApplication               : Application run failed

org.springframework.beans.factory.BeanCreationException: Error creating bean with name 'entityManagerFactory' defined in class path resource [org/springframework/boot/autoconfigure/orm/jpa/HibernateJpaConfiguration.class]: Invocation of init method failed; nested exception is org.hibernate.AnnotationException: No identifier specified for entity: com.raderleao.admin.catalogo.infrastructure.genre.persistence.GenreJpaEntity
	at org.springframework.beans.factory.support.AbstractAutowireCapableBeanFactory.initializeBean(AbstractAutowireCapableBeanFactory.java:1804) ~[spring-beans-5.3.24.jar:5.3.24]
	at org.springframework.beans.factory.support.AbstractAutowireCapableBeanFactory.doCreateBean(AbstractAutowireCapableBeanFactory.java:620) ~[spring-beans-5.3.24.jar:5.3.24]
	at org.springframework.beans.factory.support.AbstractAutowireCapableBeanFactory.createBean(AbstractAutowireCapableBeanFactory.java:542) ~[spring-beans-5.3.24.jar:5.3.24]
	at org.springframework.beans.factory.support.AbstractBeanFactory.lambda$doGetBean$0(AbstractBeanFactory.java:335) ~[spring-beans-5.3.24.jar:5.3.24]
	at org.springframework.beans.factory.support.DefaultSingletonBeanRegistry.getSingleton(DefaultSingletonBeanRegistry.java:234) ~[spring-beans-5.3.24.jar:5.3.24]
	at org.springframework.beans.factory.support.AbstractBeanFactory.doGetBean(AbstractBeanFactory.java:333) ~[spring-beans-5.3.24.jar:5.3.24]
	at org.springframework.beans.factory.support.AbstractBeanFactory.getBean(AbstractBeanFactory.java:208) ~[spring-beans-5.3.24.jar:5.3.24]
	at org.springframework.context.support.AbstractApplicationContext.getBean(AbstractApplicationContext.java:1154) ~[spring-context-5.3.24.jar:5.3.24]
	at org.springframework.context.support.AbstractApplicationContext.finishBeanFactoryInitialization(AbstractApplicationContext.java:908) ~[spring-context-5.3.24.jar:5.3.24]
	at org.springframework.context.support.AbstractApplicationContext.refresh(AbstractApplicationContext.java:583) ~[spring-context-5.3.24.jar:5.3.24]
	at org.springframework.boot.SpringApplication.refresh(SpringApplication.java:731) ~[spring-boot-2.7.7.jar:2.7.7]
	at org.springframework.boot.SpringApplication.refreshContext(SpringApplication.java:408) ~[spring-boot-2.7.7.jar:2.7.7]
	at org.springframework.boot.SpringApplication.run(SpringApplication.java:307) ~[spring-boot-2.7.7.jar:2.7.7]
	at org.springframework.boot.test.context.SpringBootContextLoader.loadContext(SpringBootContextLoader.java:136) ~[spring-boot-test-2.7.7.jar:2.7.7]
	at org.springframework.test.context.cache.DefaultCacheAwareContextLoaderDelegate.loadContextInternal(DefaultCacheAwareContextLoaderDelegate.java:141) ~[spring-test-5.3.24.jar:5.3.24]
	at org.springframework.test.context.cache.DefaultCacheAwareContextLoaderDelegate.loadContext(DefaultCacheAwareContextLoaderDelegate.java:90) ~[spring-test-5.3.24.jar:5.3.24]
	at org.springframework.test.context.support.DefaultTestContext.getApplicationContext(DefaultTestContext.java:124) ~[spring-test-5.3.24.jar:5.3.24]
	at org.springframework.test.context.web.ServletTestExecutionListener.setUpRequestContextIfNecessary(ServletTestExecutionListener.java:190) ~[spring-test-5.3.24.jar:5.3.24]
	at org.springframework.test.context.web.ServletTestExecutionListener.prepareTestInstance(ServletTestExecutionListener.java:132) ~[spring-test-5.3.24.jar:5.3.24]
	at org.springframework.test.context.TestContextManager.prepareTestInstance(TestContextManager.java:248) ~[spring-test-5.3.24.jar:5.3.24]
	at org.springframework.test.context.junit.jupiter.SpringExtension.postProcessTestInstance(SpringExtension.java:138) ~[spring-test-5.3.24.jar:5.3.24]
	at org.junit.jupiter.engine.descriptor.ClassBasedTestDescriptor.lambda$invokeTestInstancePostProcessors$8(ClassBasedTestDescriptor.java:363) ~[junit-jupiter-engine-5.8.2.jar:5.8.2]
	at org.junit.jupiter.engine.descriptor.ClassBasedTestDescriptor.executeAndMaskThrowable(ClassBasedTestDescriptor.java:368) ~[junit-jupiter-engine-5.8.2.jar:5.8.2]
	at org.junit.jupiter.engine.descriptor.ClassBasedTestDescriptor.lambda$invokeTestInstancePostProcessors$9(ClassBasedTestDescriptor.java:363) ~[junit-jupiter-engine-5.8.2.jar:5.8.2]
	at java.base/java.util.stream.ReferencePipeline$3$1.accept(ReferencePipeline.java:197) ~[na:na]
	at java.base/java.util.stream.ReferencePipeline$2$1.accept(ReferencePipeline.java:179) ~[na:na]
	at java.base/java.util.ArrayList$ArrayListSpliterator.forEachRemaining(ArrayList.java:1625) ~[na:na]
	at java.base/java.util.stream.AbstractPipeline.copyInto(AbstractPipeline.java:509) ~[na:na]
	at java.base/java.util.stream.AbstractPipeline.wrapAndCopyInto(AbstractPipeline.java:499) ~[na:na]
	at java.base/java.util.stream.StreamSpliterators$WrappingSpliterator.forEachRemaining(StreamSpliterators.java:310) ~[na:na]
	at java.base/java.util.stream.Streams$ConcatSpliterator.forEachRemaining(Streams.java:735) ~[na:na]
	at java.base/java.util.stream.Streams$ConcatSpliterator.forEachRemaining(Streams.java:734) ~[na:na]
	at java.base/java.util.stream.ReferencePipeline$Head.forEach(ReferencePipeline.java:762) ~[na:na]
	at org.junit.jupiter.engine.descriptor.ClassBasedTestDescriptor.invokeTestInstancePostProcessors(ClassBasedTestDescriptor.java:362) ~[junit-jupiter-engine-5.8.2.jar:5.8.2]
	at org.junit.jupiter.engine.descriptor.ClassBasedTestDescriptor.lambda$instantiateAndPostProcessTestInstance$6(ClassBasedTestDescriptor.java:283) ~[junit-jupiter-engine-5.8.2.jar:5.8.2]
	at org.junit.platform.engine.support.hierarchical.ThrowableCollector.execute(ThrowableCollector.java:73) ~[junit-platform-engine-1.8.2.jar:1.8.2]
	at org.junit.jupiter.engine.descriptor.ClassBasedTestDescriptor.instantiateAndPostProcessTestInstance(ClassBasedTestDescriptor.java:282) ~[junit-jupiter-engine-5.8.2.jar:5.8.2]
	at org.junit.jupiter.engine.descriptor.ClassBasedTestDescriptor.lambda$testInstancesProvider$4(ClassBasedTestDescriptor.java:272) ~[junit-jupiter-engine-5.8.2.jar:5.8.2]
	at java.base/java.util.Optional.orElseGet(Optional.java:364) ~[na:na]
	at org.junit.jupiter.engine.descriptor.ClassBasedTestDescriptor.lambda$testInstancesProvider$5(ClassBasedTestDescriptor.java:271) ~[junit-jupiter-engine-5.8.2.jar:5.8.2]
	at org.junit.jupiter.engine.execution.TestInstancesProvider.getTestInstances(TestInstancesProvider.java:31) ~[junit-jupiter-engine-5.8.2.jar:5.8.2]
	at org.junit.jupiter.engine.descriptor.TestMethodTestDescriptor.lambda$prepare$0(TestMethodTestDescriptor.java:102) ~[junit-jupiter-engine-5.8.2.jar:5.8.2]
	at org.junit.platform.engine.support.hierarchical.ThrowableCollector.execute(ThrowableCollector.java:73) ~[junit-platform-engine-1.8.2.jar:1.8.2]
	at org.junit.jupiter.engine.descriptor.TestMethodTestDescriptor.prepare(TestMethodTestDescriptor.java:101) ~[junit-jupiter-engine-5.8.2.jar:5.8.2]
	at org.junit.jupiter.engine.descriptor.TestMethodTestDescriptor.prepare(TestMethodTestDescriptor.java:66) ~[junit-jupiter-engine-5.8.2.jar:5.8.2]
	at org.junit.platform.engine.support.hierarchical.NodeTestTask.lambda$prepare$2(NodeTestTask.java:123) ~[junit-platform-engine-1.8.2.jar:1.8.2]
	at org.junit.platform.engine.support.hierarchical.ThrowableCollector.execute(ThrowableCollector.java:73) ~[junit-platform-engine-1.8.2.jar:1.8.2]
	at org.junit.platform.engine.support.hierarchical.NodeTestTask.prepare(NodeTestTask.java:123) ~[junit-platform-engine-1.8.2.jar:1.8.2]
	at org.junit.platform.engine.support.hierarchical.NodeTestTask.execute(NodeTestTask.java:90) ~[junit-platform-engine-1.8.2.jar:1.8.2]
	at java.base/java.util.ArrayList.forEach(ArrayList.java:1511) ~[na:na]
	at org.junit.platform.engine.support.hierarchical.SameThreadHierarchicalTestExecutorService.invokeAll(SameThreadHierarchicalTestExecutorService.java:41) ~[junit-platform-engine-1.8.2.jar:1.8.2]
	at org.junit.platform.engine.support.hierarchical.NodeTestTask.lambda$executeRecursively$6(NodeTestTask.java:155) ~[junit-platform-engine-1.8.2.jar:1.8.2]
	at org.junit.platform.engine.support.hierarchical.ThrowableCollector.execute(ThrowableCollector.java:73) ~[junit-platform-engine-1.8.2.jar:1.8.2]
	at org.junit.platform.engine.support.hierarchical.NodeTestTask.lambda$executeRecursively$8(NodeTestTask.java:141) ~[junit-platform-engine-1.8.2.jar:1.8.2]
	at org.junit.platform.engine.support.hierarchical.Node.around(Node.java:137) ~[junit-platform-engine-1.8.2.jar:1.8.2]
	at org.junit.platform.engine.support.hierarchical.NodeTestTask.lambda$executeRecursively$9(NodeTestTask.java:139) ~[junit-platform-engine-1.8.2.jar:1.8.2]
	at org.junit.platform.engine.support.hierarchical.ThrowableCollector.execute(ThrowableCollector.java:73) ~[junit-platform-engine-1.8.2.jar:1.8.2]
	at org.junit.platform.engine.support.hierarchical.NodeTestTask.executeRecursively(NodeTestTask.java:138) ~[junit-platform-engine-1.8.2.jar:1.8.2]
	at org.junit.platform.engine.support.hierarchical.NodeTestTask.execute(NodeTestTask.java:95) ~[junit-platform-engine-1.8.2.jar:1.8.2]
	at java.base/java.util.ArrayList.forEach(ArrayList.java:1511) ~[na:na]
	at org.junit.platform.engine.support.hierarchical.SameThreadHierarchicalTestExecutorService.invokeAll(SameThreadHierarchicalTestExecutorService.java:41) ~[junit-platform-engine-1.8.2.jar:1.8.2]
	at org.junit.platform.engine.support.hierarchical.NodeTestTask.lambda$executeRecursively$6(NodeTestTask.java:155) ~[junit-platform-engine-1.8.2.jar:1.8.2]
	at org.junit.platform.engine.support.hierarchical.ThrowableCollector.execute(ThrowableCollector.java:73) ~[junit-platform-engine-1.8.2.jar:1.8.2]
	at org.junit.platform.engine.support.hierarchical.NodeTestTask.lambda$executeRecursively$8(NodeTestTask.java:141) ~[junit-platform-engine-1.8.2.jar:1.8.2]
	at org.junit.platform.engine.support.hierarchical.Node.around(Node.java:137) ~[junit-platform-engine-1.8.2.jar:1.8.2]
	at org.junit.platform.engine.support.hierarchical.NodeTestTask.lambda$executeRecursively$9(NodeTestTask.java:139) ~[junit-platform-engine-1.8.2.jar:1.8.2]
	at org.junit.platform.engine.support.hierarchical.ThrowableCollector.execute(ThrowableCollector.java:73) ~[junit-platform-engine-1.8.2.jar:1.8.2]
	at org.junit.platform.engine.support.hierarchical.NodeTestTask.executeRecursively(NodeTestTask.java:138) ~[junit-platform-engine-1.8.2.jar:1.8.2]
	at org.junit.platform.engine.support.hierarchical.NodeTestTask.execute(NodeTestTask.java:95) ~[junit-platform-engine-1.8.2.jar:1.8.2]
	at org.junit.platform.engine.support.hierarchical.SameThreadHierarchicalTestExecutorService.submit(SameThreadHierarchicalTestExecutorService.java:35) ~[junit-platform-engine-1.8.2.jar:1.8.2]
	at org.junit.platform.engine.support.hierarchical.HierarchicalTestExecutor.execute(HierarchicalTestExecutor.java:57) ~[junit-platform-engine-1.8.2.jar:1.8.2]
	at org.junit.platform.engine.support.hierarchical.HierarchicalTestEngine.execute(HierarchicalTestEngine.java:54) ~[junit-platform-engine-1.8.2.jar:1.8.2]
	at org.junit.platform.launcher.core.EngineExecutionOrchestrator.execute(EngineExecutionOrchestrator.java:107) ~[na:na]
	at org.junit.platform.launcher.core.EngineExecutionOrchestrator.execute(EngineExecutionOrchestrator.java:88) ~[na:na]
	at org.junit.platform.launcher.core.EngineExecutionOrchestrator.lambda$execute$0(EngineExecutionOrchestrator.java:54) ~[na:na]
	at org.junit.platform.launcher.core.EngineExecutionOrchestrator.withInterceptedStreams(EngineExecutionOrchestrator.java:67) ~[na:na]
	at org.junit.platform.launcher.core.EngineExecutionOrchestrator.execute(EngineExecutionOrchestrator.java:52) ~[na:na]
	at org.junit.platform.launcher.core.DefaultLauncher.execute(DefaultLauncher.java:114) ~[na:na]
	at org.junit.platform.launcher.core.DefaultLauncher.execute(DefaultLauncher.java:86) ~[na:na]
	at org.junit.platform.launcher.core.DefaultLauncherSession$DelegatingLauncher.execute(DefaultLauncherSession.java:86) ~[na:na]
	at org.junit.platform.launcher.core.SessionPerRequestLauncher.execute(SessionPerRequestLauncher.java:53) ~[na:na]
	at org.gradle.api.internal.tasks.testing.junitplatform.JUnitPlatformTestClassProcessor$CollectAllTestClassesExecutor.processAllTestClasses(JUnitPlatformTestClassProcessor.java:99) ~[na:na]
	at org.gradle.api.internal.tasks.testing.junitplatform.JUnitPlatformTestClassProcessor$CollectAllTestClassesExecutor.access$000(JUnitPlatformTestClassProcessor.java:79) ~[na:na]
	at org.gradle.api.internal.tasks.testing.junitplatform.JUnitPlatformTestClassProcessor.stop(JUnitPlatformTestClassProcessor.java:75) ~[na:na]
	at org.gradle.api.internal.tasks.testing.SuiteTestClassProcessor.stop(SuiteTestClassProcessor.java:62) ~[na:na]
	at java.base/jdk.internal.reflect.NativeMethodAccessorImpl.invoke0(Native Method) ~[na:na]
	at java.base/jdk.internal.reflect.NativeMethodAccessorImpl.invoke(NativeMethodAccessorImpl.java:77) ~[na:na]
	at java.base/jdk.internal.reflect.DelegatingMethodAccessorImpl.invoke(DelegatingMethodAccessorImpl.java:43) ~[na:na]
	at java.base/java.lang.reflect.Method.invoke(Method.java:568) ~[na:na]
	at org.gradle.internal.dispatch.ReflectionDispatch.dispatch(ReflectionDispatch.java:36) ~[na:na]
	at org.gradle.internal.dispatch.ReflectionDispatch.dispatch(ReflectionDispatch.java:24) ~[na:na]
	at org.gradle.internal.dispatch.ContextClassLoaderDispatch.dispatch(ContextClassLoaderDispatch.java:33) ~[na:na]
	at org.gradle.internal.dispatch.ProxyDispatchAdapter$DispatchingInvocationHandler.invoke(ProxyDispatchAdapter.java:94) ~[na:na]
	at jdk.proxy1/jdk.proxy1.$Proxy2.stop(Unknown Source) ~[na:na]
	at org.gradle.api.internal.tasks.testing.worker.TestWorker$3.run(TestWorker.java:193) ~[na:na]
	at org.gradle.api.internal.tasks.testing.worker.TestWorker.executeAndMaintainThreadName(TestWorker.java:129) ~[na:na]
	at org.gradle.api.internal.tasks.testing.worker.TestWorker.execute(TestWorker.java:100) ~[na:na]
	at org.gradle.api.internal.tasks.testing.worker.TestWorker.execute(TestWorker.java:60) ~[na:na]
	at org.gradle.process.internal.worker.child.ActionExecutionWorker.execute(ActionExecutionWorker.java:56) ~[na:na]
	at org.gradle.process.internal.worker.child.SystemApplicationClassLoaderWorker.call(SystemApplicationClassLoaderWorker.java:113) ~[na:na]
	at org.gradle.process.internal.worker.child.SystemApplicationClassLoaderWorker.call(SystemApplicationClassLoaderWorker.java:65) ~[na:na]
	at worker.org.gradle.process.internal.worker.GradleWorkerMain.run(GradleWorkerMain.java:69) ~[gradle-worker.jar:na]
	at worker.org.gradle.process.internal.worker.GradleWorkerMain.main(GradleWorkerMain.java:74) ~[gradle-worker.jar:na]
Caused by: org.hibernate.AnnotationException: No identifier specified for entity: com.raderleao.admin.catalogo.infrastructure.genre.persistence.GenreJpaEntity
	at org.hibernate.cfg.InheritanceState.determineDefaultAccessType(InheritanceState.java:266) ~[hibernate-core-5.6.14.Final.jar:5.6.14.Final]
	at org.hibernate.cfg.InheritanceState.getElementsToProcess(InheritanceState.java:211) ~[hibernate-core-5.6.14.Final.jar:5.6.14.Final]
	at org.hibernate.cfg.InheritanceState.hasIdClassOrEmbeddedId(InheritanceState.java:185) ~[hibernate-core-5.6.14.Final.jar:5.6.14.Final]
	at org.hibernate.cfg.AnnotationBinder.processElementAnnotations(AnnotationBinder.java:2253) ~[hibernate-core-5.6.14.Final.jar:5.6.14.Final]
	at org.hibernate.cfg.AnnotationBinder.fillComponent(AnnotationBinder.java:2816) ~[hibernate-core-5.6.14.Final.jar:5.6.14.Final]
	at org.hibernate.cfg.AnnotationBinder.fillComponent(AnnotationBinder.java:2698) ~[hibernate-core-5.6.14.Final.jar:5.6.14.Final]
	at org.hibernate.cfg.AnnotationBinder.bindComponent(AnnotationBinder.java:2646) ~[hibernate-core-5.6.14.Final.jar:5.6.14.Final]
	at org.hibernate.cfg.AnnotationBinder.processElementAnnotations(AnnotationBinder.java:2275) ~[hibernate-core-5.6.14.Final.jar:5.6.14.Final]
	at org.hibernate.cfg.AnnotationBinder.processIdPropertiesIfNotAlready(AnnotationBinder.java:968) ~[hibernate-core-5.6.14.Final.jar:5.6.14.Final]
	at org.hibernate.cfg.AnnotationBinder.bindClass(AnnotationBinder.java:793) ~[hibernate-core-5.6.14.Final.jar:5.6.14.Final]
	at org.hibernate.boot.model.source.internal.annotations.AnnotationMetadataSourceProcessorImpl.processEntityHierarchies(AnnotationMetadataSourceProcessorImpl.java:225) ~[hibernate-core-5.6.14.Final.jar:5.6.14.Final]
	at org.hibernate.boot.model.process.spi.MetadataBuildingProcess$1.processEntityHierarchies(MetadataBuildingProcess.java:239) ~[hibernate-core-5.6.14.Final.jar:5.6.14.Final]
	at org.hibernate.boot.model.process.spi.MetadataBuildingProcess.complete(MetadataBuildingProcess.java:282) ~[hibernate-core-5.6.14.Final.jar:5.6.14.Final]
	at org.hibernate.jpa.boot.internal.EntityManagerFactoryBuilderImpl.metadata(EntityManagerFactoryBuilderImpl.java:1460) ~[hibernate-core-5.6.14.Final.jar:5.6.14.Final]
	at org.hibernate.jpa.boot.internal.EntityManagerFactoryBuilderImpl.build(EntityManagerFactoryBuilderImpl.java:1494) ~[hibernate-core-5.6.14.Final.jar:5.6.14.Final]
	at org.springframework.orm.jpa.vendor.SpringHibernateJpaPersistenceProvider.createContainerEntityManagerFactory(SpringHibernateJpaPersistenceProvider.java:58) ~[spring-orm-5.3.24.jar:5.3.24]
	at org.springframework.orm.jpa.LocalContainerEntityManagerFactoryBean.createNativeEntityManagerFactory(LocalContainerEntityManagerFactoryBean.java:365) ~[spring-orm-5.3.24.jar:5.3.24]
	at org.springframework.orm.jpa.AbstractEntityManagerFactoryBean.buildNativeEntityManagerFactory(AbstractEntityManagerFactoryBean.java:409) ~[spring-orm-5.3.24.jar:5.3.24]
	at org.springframework.orm.jpa.AbstractEntityManagerFactoryBean.afterPropertiesSet(AbstractEntityManagerFactoryBean.java:396) ~[spring-orm-5.3.24.jar:5.3.24]
	at org.springframework.orm.jpa.LocalContainerEntityManagerFactoryBean.afterPropertiesSet(LocalContainerEntityManagerFactoryBean.java:341) ~[spring-orm-5.3.24.jar:5.3.24]
	at org.springframework.beans.factory.support.AbstractAutowireCapableBeanFactory.invokeInitMethods(AbstractAutowireCapableBeanFactory.java:1863) ~[spring-beans-5.3.24.jar:5.3.24]
	at org.springframework.beans.factory.support.AbstractAutowireCapableBeanFactory.initializeBean(AbstractAutowireCapableBeanFactory.java:1800) ~[spring-beans-5.3.24.jar:5.3.24]
	... 102 common frames omitted

2023-04-02 22:07:14.569 ERROR 13239 --- [    Test worker] o.s.test.context.TestContextManager      : Caught exception while allowing TestExecutionListener [org.springframework.test.context.web.ServletTestExecutionListener@54227100] to prepare test instance [com.raderleao.admin.catalogo.e2e.category.CategoryE2ETest@6c056020]

java.lang.IllegalStateException: Failed to load ApplicationContext
	at org.springframework.test.context.cache.DefaultCacheAwareContextLoaderDelegate.loadContext(DefaultCacheAwareContextLoaderDelegate.java:98) ~[spring-test-5.3.24.jar:5.3.24]
	at org.springframework.test.context.support.DefaultTestContext.getApplicationContext(DefaultTestContext.java:124) ~[spring-test-5.3.24.jar:5.3.24]
	at org.springframework.test.context.web.ServletTestExecutionListener.setUpRequestContextIfNecessary(ServletTestExecutionListener.java:190) ~[spring-test-5.3.24.jar:5.3.24]
	at org.springframework.test.context.web.ServletTestExecutionListener.prepareTestInstance(ServletTestExecutionListener.java:132) ~[spring-test-5.3.24.jar:5.3.24]
	at org.springframework.test.context.TestContextManager.prepareTestInstance(TestContextManager.java:248) ~[spring-test-5.3.24.jar:5.3.24]
	at org.springframework.test.context.junit.jupiter.SpringExtension.postProcessTestInstance(SpringExtension.java:138) ~[spring-test-5.3.24.jar:5.3.24]
	at org.junit.jupiter.engine.descriptor.ClassBasedTestDescriptor.lambda$invokeTestInstancePostProcessors$8(ClassBasedTestDescriptor.java:363) ~[junit-jupiter-engine-5.8.2.jar:5.8.2]
	at org.junit.jupiter.engine.descriptor.ClassBasedTestDescriptor.executeAndMaskThrowable(ClassBasedTestDescriptor.java:368) ~[junit-jupiter-engine-5.8.2.jar:5.8.2]
	at org.junit.jupiter.engine.descriptor.ClassBasedTestDescriptor.lambda$invokeTestInstancePostProcessors$9(ClassBasedTestDescriptor.java:363) ~[junit-jupiter-engine-5.8.2.jar:5.8.2]
	at java.base/java.util.stream.ReferencePipeline$3$1.accept(ReferencePipeline.java:197) ~[na:na]
	at java.base/java.util.stream.ReferencePipeline$2$1.accept(ReferencePipeline.java:179) ~[na:na]
	at java.base/java.util.ArrayList$ArrayListSpliterator.forEachRemaining(ArrayList.java:1625) ~[na:na]
	at java.base/java.util.stream.AbstractPipeline.copyInto(AbstractPipeline.java:509) ~[na:na]
	at java.base/java.util.stream.AbstractPipeline.wrapAndCopyInto(AbstractPipeline.java:499) ~[na:na]
	at java.base/java.util.stream.StreamSpliterators$WrappingSpliterator.forEachRemaining(StreamSpliterators.java:310) ~[na:na]
	at java.base/java.util.stream.Streams$ConcatSpliterator.forEachRemaining(Streams.java:735) ~[na:na]
	at java.base/java.util.stream.Streams$ConcatSpliterator.forEachRemaining(Streams.java:734) ~[na:na]
	at java.base/java.util.stream.ReferencePipeline$Head.forEach(ReferencePipeline.java:762) ~[na:na]
	at org.junit.jupiter.engine.descriptor.ClassBasedTestDescriptor.invokeTestInstancePostProcessors(ClassBasedTestDescriptor.java:362) ~[junit-jupiter-engine-5.8.2.jar:5.8.2]
	at org.junit.jupiter.engine.descriptor.ClassBasedTestDescriptor.lambda$instantiateAndPostProcessTestInstance$6(ClassBasedTestDescriptor.java:283) ~[junit-jupiter-engine-5.8.2.jar:5.8.2]
	at org.junit.platform.engine.support.hierarchical.ThrowableCollector.execute(ThrowableCollector.java:73) ~[junit-platform-engine-1.8.2.jar:1.8.2]
	at org.junit.jupiter.engine.descriptor.ClassBasedTestDescriptor.instantiateAndPostProcessTestInstance(ClassBasedTestDescriptor.java:282) ~[junit-jupiter-engine-5.8.2.jar:5.8.2]
	at org.junit.jupiter.engine.descriptor.ClassBasedTestDescriptor.lambda$testInstancesProvider$4(ClassBasedTestDescriptor.java:272) ~[junit-jupiter-engine-5.8.2.jar:5.8.2]
	at java.base/java.util.Optional.orElseGet(Optional.java:364) ~[na:na]
	at org.junit.jupiter.engine.descriptor.ClassBasedTestDescriptor.lambda$testInstancesProvider$5(ClassBasedTestDescriptor.java:271) ~[junit-jupiter-engine-5.8.2.jar:5.8.2]
	at org.junit.jupiter.engine.execution.TestInstancesProvider.getTestInstances(TestInstancesProvider.java:31) ~[junit-jupiter-engine-5.8.2.jar:5.8.2]
	at org.junit.jupiter.engine.descriptor.TestMethodTestDescriptor.lambda$prepare$0(TestMethodTestDescriptor.java:102) ~[junit-jupiter-engine-5.8.2.jar:5.8.2]
	at org.junit.platform.engine.support.hierarchical.ThrowableCollector.execute(ThrowableCollector.java:73) ~[junit-platform-engine-1.8.2.jar:1.8.2]
	at org.junit.jupiter.engine.descriptor.TestMethodTestDescriptor.prepare(TestMethodTestDescriptor.java:101) ~[junit-jupiter-engine-5.8.2.jar:5.8.2]
	at org.junit.jupiter.engine.descriptor.TestMethodTestDescriptor.prepare(TestMethodTestDescriptor.java:66) ~[junit-jupiter-engine-5.8.2.jar:5.8.2]
	at org.junit.platform.engine.support.hierarchical.NodeTestTask.lambda$prepare$2(NodeTestTask.java:123) ~[junit-platform-engine-1.8.2.jar:1.8.2]
	at org.junit.platform.engine.support.hierarchical.ThrowableCollector.execute(ThrowableCollector.java:73) ~[junit-platform-engine-1.8.2.jar:1.8.2]
	at org.junit.platform.engine.support.hierarchical.NodeTestTask.prepare(NodeTestTask.java:123) ~[junit-platform-engine-1.8.2.jar:1.8.2]
	at org.junit.platform.engine.support.hierarchical.NodeTestTask.execute(NodeTestTask.java:90) ~[junit-platform-engine-1.8.2.jar:1.8.2]
	at java.base/java.util.ArrayList.forEach(ArrayList.java:1511) ~[na:na]
	at org.junit.platform.engine.support.hierarchical.SameThreadHierarchicalTestExecutorService.invokeAll(SameThreadHierarchicalTestExecutorService.java:41) ~[junit-platform-engine-1.8.2.jar:1.8.2]
	at org.junit.platform.engine.support.hierarchical.NodeTestTask.lambda$executeRecursively$6(NodeTestTask.java:155) ~[junit-platform-engine-1.8.2.jar:1.8.2]
	at org.junit.platform.engine.support.hierarchical.ThrowableCollector.execute(ThrowableCollector.java:73) ~[junit-platform-engine-1.8.2.jar:1.8.2]
	at org.junit.platform.engine.support.hierarchical.NodeTestTask.lambda$executeRecursively$8(NodeTestTask.java:141) ~[junit-platform-engine-1.8.2.jar:1.8.2]
	at org.junit.platform.engine.support.hierarchical.Node.around(Node.java:137) ~[junit-platform-engine-1.8.2.jar:1.8.2]
	at org.junit.platform.engine.support.hierarchical.NodeTestTask.lambda$executeRecursively$9(NodeTestTask.java:139) ~[junit-platform-engine-1.8.2.jar:1.8.2]
	at org.junit.platform.engine.support.hierarchical.ThrowableCollector.execute(ThrowableCollector.java:73) ~[junit-platform-engine-1.8.2.jar:1.8.2]
	at org.junit.platform.engine.support.hierarchical.NodeTestTask.executeRecursively(NodeTestTask.java:138) ~[junit-platform-engine-1.8.2.jar:1.8.2]
	at org.junit.platform.engine.support.hierarchical.NodeTestTask.execute(NodeTestTask.java:95) ~[junit-platform-engine-1.8.2.jar:1.8.2]
	at java.base/java.util.ArrayList.forEach(ArrayList.java:1511) ~[na:na]
	at org.junit.platform.engine.support.hierarchical.SameThreadHierarchicalTestExecutorService.invokeAll(SameThreadHierarchicalTestExecutorService.java:41) ~[junit-platform-engine-1.8.2.jar:1.8.2]
	at org.junit.platform.engine.support.hierarchical.NodeTestTask.lambda$executeRecursively$6(NodeTestTask.java:155) ~[junit-platform-engine-1.8.2.jar:1.8.2]
	at org.junit.platform.engine.support.hierarchical.ThrowableCollector.execute(ThrowableCollector.java:73) ~[junit-platform-engine-1.8.2.jar:1.8.2]
	at org.junit.platform.engine.support.hierarchical.NodeTestTask.lambda$executeRecursively$8(NodeTestTask.java:141) ~[junit-platform-engine-1.8.2.jar:1.8.2]
	at org.junit.platform.engine.support.hierarchical.Node.around(Node.java:137) ~[junit-platform-engine-1.8.2.jar:1.8.2]
	at org.junit.platform.engine.support.hierarchical.NodeTestTask.lambda$executeRecursively$9(NodeTestTask.java:139) ~[junit-platform-engine-1.8.2.jar:1.8.2]
	at org.junit.platform.engine.support.hierarchical.ThrowableCollector.execute(ThrowableCollector.java:73) ~[junit-platform-engine-1.8.2.jar:1.8.2]
	at org.junit.platform.engine.support.hierarchical.NodeTestTask.executeRecursively(NodeTestTask.java:138) ~[junit-platform-engine-1.8.2.jar:1.8.2]
	at org.junit.platform.engine.support.hierarchical.NodeTestTask.execute(NodeTestTask.java:95) ~[junit-platform-engine-1.8.2.jar:1.8.2]
	at org.junit.platform.engine.support.hierarchical.SameThreadHierarchicalTestExecutorService.submit(SameThreadHierarchicalTestExecutorService.java:35) ~[junit-platform-engine-1.8.2.jar:1.8.2]
	at org.junit.platform.engine.support.hierarchical.HierarchicalTestExecutor.execute(HierarchicalTestExecutor.java:57) ~[junit-platform-engine-1.8.2.jar:1.8.2]
	at org.junit.platform.engine.support.hierarchical.HierarchicalTestEngine.execute(HierarchicalTestEngine.java:54) ~[junit-platform-engine-1.8.2.jar:1.8.2]
	at org.junit.platform.launcher.core.EngineExecutionOrchestrator.execute(EngineExecutionOrchestrator.java:107) ~[na:na]
	at org.junit.platform.launcher.core.EngineExecutionOrchestrator.execute(EngineExecutionOrchestrator.java:88) ~[na:na]
	at org.junit.platform.launcher.core.EngineExecutionOrchestrator.lambda$execute$0(EngineExecutionOrchestrator.java:54) ~[na:na]
	at org.junit.platform.launcher.core.EngineExecutionOrchestrator.withInterceptedStreams(EngineExecutionOrchestrator.java:67) ~[na:na]
	at org.junit.platform.launcher.core.EngineExecutionOrchestrator.execute(EngineExecutionOrchestrator.java:52) ~[na:na]
	at org.junit.platform.launcher.core.DefaultLauncher.execute(DefaultLauncher.java:114) ~[na:na]
	at org.junit.platform.launcher.core.DefaultLauncher.execute(DefaultLauncher.java:86) ~[na:na]
	at org.junit.platform.launcher.core.DefaultLauncherSession$DelegatingLauncher.execute(DefaultLauncherSession.java:86) ~[na:na]
	at org.junit.platform.launcher.core.SessionPerRequestLauncher.execute(SessionPerRequestLauncher.java:53) ~[na:na]
	at org.gradle.api.internal.tasks.testing.junitplatform.JUnitPlatformTestClassProcessor$CollectAllTestClassesExecutor.processAllTestClasses(JUnitPlatformTestClassProcessor.java:99) ~[na:na]
	at org.gradle.api.internal.tasks.testing.junitplatform.JUnitPlatformTestClassProcessor$CollectAllTestClassesExecutor.access$000(JUnitPlatformTestClassProcessor.java:79) ~[na:na]
	at org.gradle.api.internal.tasks.testing.junitplatform.JUnitPlatformTestClassProcessor.stop(JUnitPlatformTestClassProcessor.java:75) ~[na:na]
	at org.gradle.api.internal.tasks.testing.SuiteTestClassProcessor.stop(SuiteTestClassProcessor.java:62) ~[na:na]
	at java.base/jdk.internal.reflect.NativeMethodAccessorImpl.invoke0(Native Method) ~[na:na]
	at java.base/jdk.internal.reflect.NativeMethodAccessorImpl.invoke(NativeMethodAccessorImpl.java:77) ~[na:na]
	at java.base/jdk.internal.reflect.DelegatingMethodAccessorImpl.invoke(DelegatingMethodAccessorImpl.java:43) ~[na:na]
	at java.base/java.lang.reflect.Method.invoke(Method.java:568) ~[na:na]
	at org.gradle.internal.dispatch.ReflectionDispatch.dispatch(ReflectionDispatch.java:36) ~[na:na]
	at org.gradle.internal.dispatch.ReflectionDispatch.dispatch(ReflectionDispatch.java:24) ~[na:na]
	at org.gradle.internal.dispatch.ContextClassLoaderDispatch.dispatch(ContextClassLoaderDispatch.java:33) ~[na:na]
	at org.gradle.internal.dispatch.ProxyDispatchAdapter$DispatchingInvocationHandler.invoke(ProxyDispatchAdapter.java:94) ~[na:na]
	at jdk.proxy1/jdk.proxy1.$Proxy2.stop(Unknown Source) ~[na:na]
	at org.gradle.api.internal.tasks.testing.worker.TestWorker$3.run(TestWorker.java:193) ~[na:na]
	at org.gradle.api.internal.tasks.testing.worker.TestWorker.executeAndMaintainThreadName(TestWorker.java:129) ~[na:na]
	at org.gradle.api.internal.tasks.testing.worker.TestWorker.execute(TestWorker.java:100) ~[na:na]
	at org.gradle.api.internal.tasks.testing.worker.TestWorker.execute(TestWorker.java:60) ~[na:na]
	at org.gradle.process.internal.worker.child.ActionExecutionWorker.execute(ActionExecutionWorker.java:56) ~[na:na]
	at org.gradle.process.internal.worker.child.SystemApplicationClassLoaderWorker.call(SystemApplicationClassLoaderWorker.java:113) ~[na:na]
	at org.gradle.process.internal.worker.child.SystemApplicationClassLoaderWorker.call(SystemApplicationClassLoaderWorker.java:65) ~[na:na]
	at worker.org.gradle.process.internal.worker.GradleWorkerMain.run(GradleWorkerMain.java:69) ~[gradle-worker.jar:na]
	at worker.org.gradle.process.internal.worker.GradleWorkerMain.main(GradleWorkerMain.java:74) ~[gradle-worker.jar:na]
Caused by: org.springframework.beans.factory.BeanCreationException: Error creating bean with name 'entityManagerFactory' defined in class path resource [org/springframework/boot/autoconfigure/orm/jpa/HibernateJpaConfiguration.class]: Invocation of init method failed; nested exception is org.hibernate.AnnotationException: No identifier specified for entity: com.raderleao.admin.catalogo.infrastructure.genre.persistence.GenreJpaEntity
	at org.springframework.beans.factory.support.AbstractAutowireCapableBeanFactory.initializeBean(AbstractAutowireCapableBeanFactory.java:1804) ~[spring-beans-5.3.24.jar:5.3.24]
	at org.springframework.beans.factory.support.AbstractAutowireCapableBeanFactory.doCreateBean(AbstractAutowireCapableBeanFactory.java:620) ~[spring-beans-5.3.24.jar:5.3.24]
	at org.springframework.beans.factory.support.AbstractAutowireCapableBeanFactory.createBean(AbstractAutowireCapableBeanFactory.java:542) ~[spring-beans-5.3.24.jar:5.3.24]
	at org.springframework.beans.factory.support.AbstractBeanFactory.lambda$doGetBean$0(AbstractBeanFactory.java:335) ~[spring-beans-5.3.24.jar:5.3.24]
	at org.springframework.beans.factory.support.DefaultSingletonBeanRegistry.getSingleton(DefaultSingletonBeanRegistry.java:234) ~[spring-beans-5.3.24.jar:5.3.24]
	at org.springframework.beans.factory.support.AbstractBeanFactory.doGetBean(AbstractBeanFactory.java:333) ~[spring-beans-5.3.24.jar:5.3.24]
	at org.springframework.beans.factory.support.AbstractBeanFactory.getBean(AbstractBeanFactory.java:208) ~[spring-beans-5.3.24.jar:5.3.24]
	at org.springframework.context.support.AbstractApplicationContext.getBean(AbstractApplicationContext.java:1154) ~[spring-context-5.3.24.jar:5.3.24]
	at org.springframework.context.support.AbstractApplicationContext.finishBeanFactoryInitialization(AbstractApplicationContext.java:908) ~[spring-context-5.3.24.jar:5.3.24]
	at org.springframework.context.support.AbstractApplicationContext.refresh(AbstractApplicationContext.java:583) ~[spring-context-5.3.24.jar:5.3.24]
	at org.springframework.boot.SpringApplication.refresh(SpringApplication.java:731) ~[spring-boot-2.7.7.jar:2.7.7]
	at org.springframework.boot.SpringApplication.refreshContext(SpringApplication.java:408) ~[spring-boot-2.7.7.jar:2.7.7]
	at org.springframework.boot.SpringApplication.run(SpringApplication.java:307) ~[spring-boot-2.7.7.jar:2.7.7]
	at org.springframework.boot.test.context.SpringBootContextLoader.loadContext(SpringBootContextLoader.java:136) ~[spring-boot-test-2.7.7.jar:2.7.7]
	at org.springframework.test.context.cache.DefaultCacheAwareContextLoaderDelegate.loadContextInternal(DefaultCacheAwareContextLoaderDelegate.java:141) ~[spring-test-5.3.24.jar:5.3.24]
	at org.springframework.test.context.cache.DefaultCacheAwareContextLoaderDelegate.loadContext(DefaultCacheAwareContextLoaderDelegate.java:90) ~[spring-test-5.3.24.jar:5.3.24]
	... 87 common frames omitted
Caused by: org.hibernate.AnnotationException: No identifier specified for entity: com.raderleao.admin.catalogo.infrastructure.genre.persistence.GenreJpaEntity
	at org.hibernate.cfg.InheritanceState.determineDefaultAccessType(InheritanceState.java:266) ~[hibernate-core-5.6.14.Final.jar:5.6.14.Final]
	at org.hibernate.cfg.InheritanceState.getElementsToProcess(InheritanceState.java:211) ~[hibernate-core-5.6.14.Final.jar:5.6.14.Final]
	at org.hibernate.cfg.InheritanceState.hasIdClassOrEmbeddedId(InheritanceState.java:185) ~[hibernate-core-5.6.14.Final.jar:5.6.14.Final]
	at org.hibernate.cfg.AnnotationBinder.processElementAnnotations(AnnotationBinder.java:2253) ~[hibernate-core-5.6.14.Final.jar:5.6.14.Final]
	at org.hibernate.cfg.AnnotationBinder.fillComponent(AnnotationBinder.java:2816) ~[hibernate-core-5.6.14.Final.jar:5.6.14.Final]
	at org.hibernate.cfg.AnnotationBinder.fillComponent(AnnotationBinder.java:2698) ~[hibernate-core-5.6.14.Final.jar:5.6.14.Final]
	at org.hibernate.cfg.AnnotationBinder.bindComponent(AnnotationBinder.java:2646) ~[hibernate-core-5.6.14.Final.jar:5.6.14.Final]
	at org.hibernate.cfg.AnnotationBinder.processElementAnnotations(AnnotationBinder.java:2275) ~[hibernate-core-5.6.14.Final.jar:5.6.14.Final]
	at org.hibernate.cfg.AnnotationBinder.processIdPropertiesIfNotAlready(AnnotationBinder.java:968) ~[hibernate-core-5.6.14.Final.jar:5.6.14.Final]
	at org.hibernate.cfg.AnnotationBinder.bindClass(AnnotationBinder.java:793) ~[hibernate-core-5.6.14.Final.jar:5.6.14.Final]
	at org.hibernate.boot.model.source.internal.annotations.AnnotationMetadataSourceProcessorImpl.processEntityHierarchies(AnnotationMetadataSourceProcessorImpl.java:225) ~[hibernate-core-5.6.14.Final.jar:5.6.14.Final]
	at org.hibernate.boot.model.process.spi.MetadataBuildingProcess$1.processEntityHierarchies(MetadataBuildingProcess.java:239) ~[hibernate-core-5.6.14.Final.jar:5.6.14.Final]
	at org.hibernate.boot.model.process.spi.MetadataBuildingProcess.complete(MetadataBuildingProcess.java:282) ~[hibernate-core-5.6.14.Final.jar:5.6.14.Final]
	at org.hibernate.jpa.boot.internal.EntityManagerFactoryBuilderImpl.metadata(EntityManagerFactoryBuilderImpl.java:1460) ~[hibernate-core-5.6.14.Final.jar:5.6.14.Final]
	at org.hibernate.jpa.boot.internal.EntityManagerFactoryBuilderImpl.build(EntityManagerFactoryBuilderImpl.java:1494) ~[hibernate-core-5.6.14.Final.jar:5.6.14.Final]
	at org.springframework.orm.jpa.vendor.SpringHibernateJpaPersistenceProvider.createContainerEntityManagerFactory(SpringHibernateJpaPersistenceProvider.java:58) ~[spring-orm-5.3.24.jar:5.3.24]
	at org.springframework.orm.jpa.LocalContainerEntityManagerFactoryBean.createNativeEntityManagerFactory(LocalContainerEntityManagerFactoryBean.java:365) ~[spring-orm-5.3.24.jar:5.3.24]
	at org.springframework.orm.jpa.AbstractEntityManagerFactoryBean.buildNativeEntityManagerFactory(AbstractEntityManagerFactoryBean.java:409) ~[spring-orm-5.3.24.jar:5.3.24]
	at org.springframework.orm.jpa.AbstractEntityManagerFactoryBean.afterPropertiesSet(AbstractEntityManagerFactoryBean.java:396) ~[spring-orm-5.3.24.jar:5.3.24]
	at org.springframework.orm.jpa.LocalContainerEntityManagerFactoryBean.afterPropertiesSet(LocalContainerEntityManagerFactoryBean.java:341) ~[spring-orm-5.3.24.jar:5.3.24]
	at org.springframework.beans.factory.support.AbstractAutowireCapableBeanFactory.invokeInitMethods(AbstractAutowireCapableBeanFactory.java:1863) ~[spring-beans-5.3.24.jar:5.3.24]
	at org.springframework.beans.factory.support.AbstractAutowireCapableBeanFactory.initializeBean(AbstractAutowireCapableBeanFactory.java:1800) ~[spring-beans-5.3.24.jar:5.3.24]
	... 102 common frames omitted


  .   ____          _            __ _ _
 /\\ / ___'_ __ _ _(_)_ __  __ _ \ \ \ \
( ( )\___ | '_ | '_| | '_ \/ _` | \ \ \ \
 \\/  ___)| |_)| | | | | || (_| |  ) ) ) )
  '  |____| .__|_| |_|_| |_\__, | / / / /
 =========|_|==============|___/=/_/_/_/
 :: Spring Boot ::                (v2.7.7)

2023-04-02 22:07:14.599  INFO 13239 --- [    Test worker] c.r.a.c.e2e.category.CategoryE2ETest     : Starting CategoryE2ETest using Java 17.0.2 on RaderLeao-MacBook-Air.local with PID 13239 (started by raderleao in /Users/raderleao/src/dev/Workspace/admin-do-catalogo/infrastructure)
2023-04-02 22:07:14.599  INFO 13239 --- [    Test worker] c.r.a.c.e2e.category.CategoryE2ETest     : The following 1 profile is active: "test-e2e"
2023-04-02 22:07:14.685  INFO 13239 --- [    Test worker] .s.d.r.c.RepositoryConfigurationDelegate : Bootstrapping Spring Data JPA repositories in DEFAULT mode.
2023-04-02 22:07:14.690  INFO 13239 --- [    Test worker] .s.d.r.c.RepositoryConfigurationDelegate : Finished Spring Data repository scanning in 4 ms. Found 2 JPA repository interfaces.
2023-04-02 22:07:14.737  INFO 13239 --- [    Test worker] o.f.c.internal.license.VersionPrinter    : Flyway Community Edition 8.5.13 by Redgate
2023-04-02 22:07:14.737  INFO 13239 --- [    Test worker] o.f.c.internal.license.VersionPrinter    : See what's new here: https://flywaydb.org/documentation/learnmore/releaseNotes#8.5.13
2023-04-02 22:07:14.737  INFO 13239 --- [    Test worker] o.f.c.internal.license.VersionPrinter    : 
2023-04-02 22:07:14.737  WARN 13239 --- [    Test worker] com.zaxxer.hikari.HikariConfig           : master - idleTimeout is close to or more than maxLifetime, disabling it.
2023-04-02 22:07:14.737  INFO 13239 --- [    Test worker] com.zaxxer.hikari.HikariDataSource       : master - Starting...
2023-04-02 22:07:14.756  INFO 13239 --- [    Test worker] com.zaxxer.hikari.HikariDataSource       : master - Start completed.
2023-04-02 22:07:14.757  INFO 13239 --- [    Test worker] o.f.c.i.database.base.BaseDatabaseType   : Database: jdbc:mysql://localhost:50897/adm_videos (MySQL 8.0)
2023-04-02 22:07:14.794  INFO 13239 --- [    Test worker] o.f.core.internal.command.DbValidate     : Successfully validated 1 migration (execution time 00:00.011s)
2023-04-02 22:07:14.810  INFO 13239 --- [    Test worker] o.f.core.internal.command.DbMigrate      : Current version of schema `adm_videos`: 1
2023-04-02 22:07:14.811  INFO 13239 --- [    Test worker] o.f.core.internal.command.DbMigrate      : Schema `adm_videos` is up to date. No migration necessary.
2023-04-02 22:07:14.843  INFO 13239 --- [    Test worker] o.hibernate.jpa.internal.util.LogHelper  : HHH000204: Processing PersistenceUnitInfo [name: default]
2023-04-02 22:07:14.845  INFO 13239 --- [    Test worker] org.hibernate.dialect.Dialect            : HHH000400: Using dialect: org.hibernate.dialect.MySQL5InnoDBDialect
2023-04-02 22:07:14.849 ERROR 13239 --- [    Test worker] j.LocalContainerEntityManagerFactoryBean : Failed to initialize JPA EntityManagerFactory: No identifier specified for entity: com.raderleao.admin.catalogo.infrastructure.genre.persistence.GenreJpaEntity
2023-04-02 22:07:14.849  WARN 13239 --- [    Test worker] o.s.w.c.s.GenericWebApplicationContext   : Exception encountered during context initialization - cancelling refresh attempt: org.springframework.beans.factory.BeanCreationException: Error creating bean with name 'entityManagerFactory' defined in class path resource [org/springframework/boot/autoconfigure/orm/jpa/HibernateJpaConfiguration.class]: Invocation of init method failed; nested exception is org.hibernate.AnnotationException: No identifier specified for entity: com.raderleao.admin.catalogo.infrastructure.genre.persistence.GenreJpaEntity
2023-04-02 22:07:14.850  INFO 13239 --- [    Test worker] com.zaxxer.hikari.HikariDataSource       : master - Shutdown initiated...
2023-04-02 22:07:14.852  INFO 13239 --- [    Test worker] com.zaxxer.hikari.HikariDataSource       : master - Shutdown completed.
2023-04-02 22:07:14.853  INFO 13239 --- [    Test worker] ConditionEvaluationReportLoggingListener : 

Error starting ApplicationContext. To display the conditions report re-run your application with 'debug' enabled.
2023-04-02 22:07:14.856 ERROR 13239 --- [    Test worker] o.s.boot.SpringApplication               : Application run failed

org.springframework.beans.factory.BeanCreationException: Error creating bean with name 'entityManagerFactory' defined in class path resource [org/springframework/boot/autoconfigure/orm/jpa/HibernateJpaConfiguration.class]: Invocation of init method failed; nested exception is org.hibernate.AnnotationException: No identifier specified for entity: com.raderleao.admin.catalogo.infrastructure.genre.persistence.GenreJpaEntity
	at org.springframework.beans.factory.support.AbstractAutowireCapableBeanFactory.initializeBean(AbstractAutowireCapableBeanFactory.java:1804) ~[spring-beans-5.3.24.jar:5.3.24]
	at org.springframework.beans.factory.support.AbstractAutowireCapableBeanFactory.doCreateBean(AbstractAutowireCapableBeanFactory.java:620) ~[spring-beans-5.3.24.jar:5.3.24]
	at org.springframework.beans.factory.support.AbstractAutowireCapableBeanFactory.createBean(AbstractAutowireCapableBeanFactory.java:542) ~[spring-beans-5.3.24.jar:5.3.24]
	at org.springframework.beans.factory.support.AbstractBeanFactory.lambda$doGetBean$0(AbstractBeanFactory.java:335) ~[spring-beans-5.3.24.jar:5.3.24]
	at org.springframework.beans.factory.support.DefaultSingletonBeanRegistry.getSingleton(DefaultSingletonBeanRegistry.java:234) ~[spring-beans-5.3.24.jar:5.3.24]
	at org.springframework.beans.factory.support.AbstractBeanFactory.doGetBean(AbstractBeanFactory.java:333) ~[spring-beans-5.3.24.jar:5.3.24]
	at org.springframework.beans.factory.support.AbstractBeanFactory.getBean(AbstractBeanFactory.java:208) ~[spring-beans-5.3.24.jar:5.3.24]
	at org.springframework.context.support.AbstractApplicationContext.getBean(AbstractApplicationContext.java:1154) ~[spring-context-5.3.24.jar:5.3.24]
	at org.springframework.context.support.AbstractApplicationContext.finishBeanFactoryInitialization(AbstractApplicationContext.java:908) ~[spring-context-5.3.24.jar:5.3.24]
	at org.springframework.context.support.AbstractApplicationContext.refresh(AbstractApplicationContext.java:583) ~[spring-context-5.3.24.jar:5.3.24]
	at org.springframework.boot.SpringApplication.refresh(SpringApplication.java:731) ~[spring-boot-2.7.7.jar:2.7.7]
	at org.springframework.boot.SpringApplication.refreshContext(SpringApplication.java:408) ~[spring-boot-2.7.7.jar:2.7.7]
	at org.springframework.boot.SpringApplication.run(SpringApplication.java:307) ~[spring-boot-2.7.7.jar:2.7.7]
	at org.springframework.boot.test.context.SpringBootContextLoader.loadContext(SpringBootContextLoader.java:136) ~[spring-boot-test-2.7.7.jar:2.7.7]
	at org.springframework.test.context.cache.DefaultCacheAwareContextLoaderDelegate.loadContextInternal(DefaultCacheAwareContextLoaderDelegate.java:141) ~[spring-test-5.3.24.jar:5.3.24]
	at org.springframework.test.context.cache.DefaultCacheAwareContextLoaderDelegate.loadContext(DefaultCacheAwareContextLoaderDelegate.java:90) ~[spring-test-5.3.24.jar:5.3.24]
	at org.springframework.test.context.support.DefaultTestContext.getApplicationContext(DefaultTestContext.java:124) ~[spring-test-5.3.24.jar:5.3.24]
	at org.springframework.test.context.web.ServletTestExecutionListener.setUpRequestContextIfNecessary(ServletTestExecutionListener.java:190) ~[spring-test-5.3.24.jar:5.3.24]
	at org.springframework.test.context.web.ServletTestExecutionListener.prepareTestInstance(ServletTestExecutionListener.java:132) ~[spring-test-5.3.24.jar:5.3.24]
	at org.springframework.test.context.TestContextManager.prepareTestInstance(TestContextManager.java:248) ~[spring-test-5.3.24.jar:5.3.24]
	at org.springframework.test.context.junit.jupiter.SpringExtension.postProcessTestInstance(SpringExtension.java:138) ~[spring-test-5.3.24.jar:5.3.24]
	at org.junit.jupiter.engine.descriptor.ClassBasedTestDescriptor.lambda$invokeTestInstancePostProcessors$8(ClassBasedTestDescriptor.java:363) ~[junit-jupiter-engine-5.8.2.jar:5.8.2]
	at org.junit.jupiter.engine.descriptor.ClassBasedTestDescriptor.executeAndMaskThrowable(ClassBasedTestDescriptor.java:368) ~[junit-jupiter-engine-5.8.2.jar:5.8.2]
	at org.junit.jupiter.engine.descriptor.ClassBasedTestDescriptor.lambda$invokeTestInstancePostProcessors$9(ClassBasedTestDescriptor.java:363) ~[junit-jupiter-engine-5.8.2.jar:5.8.2]
	at java.base/java.util.stream.ReferencePipeline$3$1.accept(ReferencePipeline.java:197) ~[na:na]
	at java.base/java.util.stream.ReferencePipeline$2$1.accept(ReferencePipeline.java:179) ~[na:na]
	at java.base/java.util.ArrayList$ArrayListSpliterator.forEachRemaining(ArrayList.java:1625) ~[na:na]
	at java.base/java.util.stream.AbstractPipeline.copyInto(AbstractPipeline.java:509) ~[na:na]
	at java.base/java.util.stream.AbstractPipeline.wrapAndCopyInto(AbstractPipeline.java:499) ~[na:na]
	at java.base/java.util.stream.StreamSpliterators$WrappingSpliterator.forEachRemaining(StreamSpliterators.java:310) ~[na:na]
	at java.base/java.util.stream.Streams$ConcatSpliterator.forEachRemaining(Streams.java:735) ~[na:na]
	at java.base/java.util.stream.Streams$ConcatSpliterator.forEachRemaining(Streams.java:734) ~[na:na]
	at java.base/java.util.stream.ReferencePipeline$Head.forEach(ReferencePipeline.java:762) ~[na:na]
	at org.junit.jupiter.engine.descriptor.ClassBasedTestDescriptor.invokeTestInstancePostProcessors(ClassBasedTestDescriptor.java:362) ~[junit-jupiter-engine-5.8.2.jar:5.8.2]
	at org.junit.jupiter.engine.descriptor.ClassBasedTestDescriptor.lambda$instantiateAndPostProcessTestInstance$6(ClassBasedTestDescriptor.java:283) ~[junit-jupiter-engine-5.8.2.jar:5.8.2]
	at org.junit.platform.engine.support.hierarchical.ThrowableCollector.execute(ThrowableCollector.java:73) ~[junit-platform-engine-1.8.2.jar:1.8.2]
	at org.junit.jupiter.engine.descriptor.ClassBasedTestDescriptor.instantiateAndPostProcessTestInstance(ClassBasedTestDescriptor.java:282) ~[junit-jupiter-engine-5.8.2.jar:5.8.2]
	at org.junit.jupiter.engine.descriptor.ClassBasedTestDescriptor.lambda$testInstancesProvider$4(ClassBasedTestDescriptor.java:272) ~[junit-jupiter-engine-5.8.2.jar:5.8.2]
	at java.base/java.util.Optional.orElseGet(Optional.java:364) ~[na:na]
	at org.junit.jupiter.engine.descriptor.ClassBasedTestDescriptor.lambda$testInstancesProvider$5(ClassBasedTestDescriptor.java:271) ~[junit-jupiter-engine-5.8.2.jar:5.8.2]
	at org.junit.jupiter.engine.execution.TestInstancesProvider.getTestInstances(TestInstancesProvider.java:31) ~[junit-jupiter-engine-5.8.2.jar:5.8.2]
	at org.junit.jupiter.engine.descriptor.TestMethodTestDescriptor.lambda$prepare$0(TestMethodTestDescriptor.java:102) ~[junit-jupiter-engine-5.8.2.jar:5.8.2]
	at org.junit.platform.engine.support.hierarchical.ThrowableCollector.execute(ThrowableCollector.java:73) ~[junit-platform-engine-1.8.2.jar:1.8.2]
	at org.junit.jupiter.engine.descriptor.TestMethodTestDescriptor.prepare(TestMethodTestDescriptor.java:101) ~[junit-jupiter-engine-5.8.2.jar:5.8.2]
	at org.junit.jupiter.engine.descriptor.TestMethodTestDescriptor.prepare(TestMethodTestDescriptor.java:66) ~[junit-jupiter-engine-5.8.2.jar:5.8.2]
	at org.junit.platform.engine.support.hierarchical.NodeTestTask.lambda$prepare$2(NodeTestTask.java:123) ~[junit-platform-engine-1.8.2.jar:1.8.2]
	at org.junit.platform.engine.support.hierarchical.ThrowableCollector.execute(ThrowableCollector.java:73) ~[junit-platform-engine-1.8.2.jar:1.8.2]
	at org.junit.platform.engine.support.hierarchical.NodeTestTask.prepare(NodeTestTask.java:123) ~[junit-platform-engine-1.8.2.jar:1.8.2]
	at org.junit.platform.engine.support.hierarchical.NodeTestTask.execute(NodeTestTask.java:90) ~[junit-platform-engine-1.8.2.jar:1.8.2]
	at java.base/java.util.ArrayList.forEach(ArrayList.java:1511) ~[na:na]
	at org.junit.platform.engine.support.hierarchical.SameThreadHierarchicalTestExecutorService.invokeAll(SameThreadHierarchicalTestExecutorService.java:41) ~[junit-platform-engine-1.8.2.jar:1.8.2]
	at org.junit.platform.engine.support.hierarchical.NodeTestTask.lambda$executeRecursively$6(NodeTestTask.java:155) ~[junit-platform-engine-1.8.2.jar:1.8.2]
	at org.junit.platform.engine.support.hierarchical.ThrowableCollector.execute(ThrowableCollector.java:73) ~[junit-platform-engine-1.8.2.jar:1.8.2]
	at org.junit.platform.engine.support.hierarchical.NodeTestTask.lambda$executeRecursively$8(NodeTestTask.java:141) ~[junit-platform-engine-1.8.2.jar:1.8.2]
	at org.junit.platform.engine.support.hierarchical.Node.around(Node.java:137) ~[junit-platform-engine-1.8.2.jar:1.8.2]
	at org.junit.platform.engine.support.hierarchical.NodeTestTask.lambda$executeRecursively$9(NodeTestTask.java:139) ~[junit-platform-engine-1.8.2.jar:1.8.2]
	at org.junit.platform.engine.support.hierarchical.ThrowableCollector.execute(ThrowableCollector.java:73) ~[junit-platform-engine-1.8.2.jar:1.8.2]
	at org.junit.platform.engine.support.hierarchical.NodeTestTask.executeRecursively(NodeTestTask.java:138) ~[junit-platform-engine-1.8.2.jar:1.8.2]
	at org.junit.platform.engine.support.hierarchical.NodeTestTask.execute(NodeTestTask.java:95) ~[junit-platform-engine-1.8.2.jar:1.8.2]
	at java.base/java.util.ArrayList.forEach(ArrayList.java:1511) ~[na:na]
	at org.junit.platform.engine.support.hierarchical.SameThreadHierarchicalTestExecutorService.invokeAll(SameThreadHierarchicalTestExecutorService.java:41) ~[junit-platform-engine-1.8.2.jar:1.8.2]
	at org.junit.platform.engine.support.hierarchical.NodeTestTask.lambda$executeRecursively$6(NodeTestTask.java:155) ~[junit-platform-engine-1.8.2.jar:1.8.2]
	at org.junit.platform.engine.support.hierarchical.ThrowableCollector.execute(ThrowableCollector.java:73) ~[junit-platform-engine-1.8.2.jar:1.8.2]
	at org.junit.platform.engine.support.hierarchical.NodeTestTask.lambda$executeRecursively$8(NodeTestTask.java:141) ~[junit-platform-engine-1.8.2.jar:1.8.2]
	at org.junit.platform.engine.support.hierarchical.Node.around(Node.java:137) ~[junit-platform-engine-1.8.2.jar:1.8.2]
	at org.junit.platform.engine.support.hierarchical.NodeTestTask.lambda$executeRecursively$9(NodeTestTask.java:139) ~[junit-platform-engine-1.8.2.jar:1.8.2]
	at org.junit.platform.engine.support.hierarchical.ThrowableCollector.execute(ThrowableCollector.java:73) ~[junit-platform-engine-1.8.2.jar:1.8.2]
	at org.junit.platform.engine.support.hierarchical.NodeTestTask.executeRecursively(NodeTestTask.java:138) ~[junit-platform-engine-1.8.2.jar:1.8.2]
	at org.junit.platform.engine.support.hierarchical.NodeTestTask.execute(NodeTestTask.java:95) ~[junit-platform-engine-1.8.2.jar:1.8.2]
	at org.junit.platform.engine.support.hierarchical.SameThreadHierarchicalTestExecutorService.submit(SameThreadHierarchicalTestExecutorService.java:35) ~[junit-platform-engine-1.8.2.jar:1.8.2]
	at org.junit.platform.engine.support.hierarchical.HierarchicalTestExecutor.execute(HierarchicalTestExecutor.java:57) ~[junit-platform-engine-1.8.2.jar:1.8.2]
	at org.junit.platform.engine.support.hierarchical.HierarchicalTestEngine.execute(HierarchicalTestEngine.java:54) ~[junit-platform-engine-1.8.2.jar:1.8.2]
	at org.junit.platform.launcher.core.EngineExecutionOrchestrator.execute(EngineExecutionOrchestrator.java:107) ~[na:na]
	at org.junit.platform.launcher.core.EngineExecutionOrchestrator.execute(EngineExecutionOrchestrator.java:88) ~[na:na]
	at org.junit.platform.launcher.core.EngineExecutionOrchestrator.lambda$execute$0(EngineExecutionOrchestrator.java:54) ~[na:na]
	at org.junit.platform.launcher.core.EngineExecutionOrchestrator.withInterceptedStreams(EngineExecutionOrchestrator.java:67) ~[na:na]
	at org.junit.platform.launcher.core.EngineExecutionOrchestrator.execute(EngineExecutionOrchestrator.java:52) ~[na:na]
	at org.junit.platform.launcher.core.DefaultLauncher.execute(DefaultLauncher.java:114) ~[na:na]
	at org.junit.platform.launcher.core.DefaultLauncher.execute(DefaultLauncher.java:86) ~[na:na]
	at org.junit.platform.launcher.core.DefaultLauncherSession$DelegatingLauncher.execute(DefaultLauncherSession.java:86) ~[na:na]
	at org.junit.platform.launcher.core.SessionPerRequestLauncher.execute(SessionPerRequestLauncher.java:53) ~[na:na]
	at org.gradle.api.internal.tasks.testing.junitplatform.JUnitPlatformTestClassProcessor$CollectAllTestClassesExecutor.processAllTestClasses(JUnitPlatformTestClassProcessor.java:99) ~[na:na]
	at org.gradle.api.internal.tasks.testing.junitplatform.JUnitPlatformTestClassProcessor$CollectAllTestClassesExecutor.access$000(JUnitPlatformTestClassProcessor.java:79) ~[na:na]
	at org.gradle.api.internal.tasks.testing.junitplatform.JUnitPlatformTestClassProcessor.stop(JUnitPlatformTestClassProcessor.java:75) ~[na:na]
	at org.gradle.api.internal.tasks.testing.SuiteTestClassProcessor.stop(SuiteTestClassProcessor.java:62) ~[na:na]
	at java.base/jdk.internal.reflect.NativeMethodAccessorImpl.invoke0(Native Method) ~[na:na]
	at java.base/jdk.internal.reflect.NativeMethodAccessorImpl.invoke(NativeMethodAccessorImpl.java:77) ~[na:na]
	at java.base/jdk.internal.reflect.DelegatingMethodAccessorImpl.invoke(DelegatingMethodAccessorImpl.java:43) ~[na:na]
	at java.base/java.lang.reflect.Method.invoke(Method.java:568) ~[na:na]
	at org.gradle.internal.dispatch.ReflectionDispatch.dispatch(ReflectionDispatch.java:36) ~[na:na]
	at org.gradle.internal.dispatch.ReflectionDispatch.dispatch(ReflectionDispatch.java:24) ~[na:na]
	at org.gradle.internal.dispatch.ContextClassLoaderDispatch.dispatch(ContextClassLoaderDispatch.java:33) ~[na:na]
	at org.gradle.internal.dispatch.ProxyDispatchAdapter$DispatchingInvocationHandler.invoke(ProxyDispatchAdapter.java:94) ~[na:na]
	at jdk.proxy1/jdk.proxy1.$Proxy2.stop(Unknown Source) ~[na:na]
	at org.gradle.api.internal.tasks.testing.worker.TestWorker$3.run(TestWorker.java:193) ~[na:na]
	at org.gradle.api.internal.tasks.testing.worker.TestWorker.executeAndMaintainThreadName(TestWorker.java:129) ~[na:na]
	at org.gradle.api.internal.tasks.testing.worker.TestWorker.execute(TestWorker.java:100) ~[na:na]
	at org.gradle.api.internal.tasks.testing.worker.TestWorker.execute(TestWorker.java:60) ~[na:na]
	at org.gradle.process.internal.worker.child.ActionExecutionWorker.execute(ActionExecutionWorker.java:56) ~[na:na]
	at org.gradle.process.internal.worker.child.SystemApplicationClassLoaderWorker.call(SystemApplicationClassLoaderWorker.java:113) ~[na:na]
	at org.gradle.process.internal.worker.child.SystemApplicationClassLoaderWorker.call(SystemApplicationClassLoaderWorker.java:65) ~[na:na]
	at worker.org.gradle.process.internal.worker.GradleWorkerMain.run(GradleWorkerMain.java:69) ~[gradle-worker.jar:na]
	at worker.org.gradle.process.internal.worker.GradleWorkerMain.main(GradleWorkerMain.java:74) ~[gradle-worker.jar:na]
Caused by: org.hibernate.AnnotationException: No identifier specified for entity: com.raderleao.admin.catalogo.infrastructure.genre.persistence.GenreJpaEntity
	at org.hibernate.cfg.InheritanceState.determineDefaultAccessType(InheritanceState.java:266) ~[hibernate-core-5.6.14.Final.jar:5.6.14.Final]
	at org.hibernate.cfg.InheritanceState.getElementsToProcess(InheritanceState.java:211) ~[hibernate-core-5.6.14.Final.jar:5.6.14.Final]
	at org.hibernate.cfg.InheritanceState.hasIdClassOrEmbeddedId(InheritanceState.java:185) ~[hibernate-core-5.6.14.Final.jar:5.6.14.Final]
	at org.hibernate.cfg.AnnotationBinder.processElementAnnotations(AnnotationBinder.java:2253) ~[hibernate-core-5.6.14.Final.jar:5.6.14.Final]
	at org.hibernate.cfg.AnnotationBinder.fillComponent(AnnotationBinder.java:2816) ~[hibernate-core-5.6.14.Final.jar:5.6.14.Final]
	at org.hibernate.cfg.AnnotationBinder.fillComponent(AnnotationBinder.java:2698) ~[hibernate-core-5.6.14.Final.jar:5.6.14.Final]
	at org.hibernate.cfg.AnnotationBinder.bindComponent(AnnotationBinder.java:2646) ~[hibernate-core-5.6.14.Final.jar:5.6.14.Final]
	at org.hibernate.cfg.AnnotationBinder.processElementAnnotations(AnnotationBinder.java:2275) ~[hibernate-core-5.6.14.Final.jar:5.6.14.Final]
	at org.hibernate.cfg.AnnotationBinder.processIdPropertiesIfNotAlready(AnnotationBinder.java:968) ~[hibernate-core-5.6.14.Final.jar:5.6.14.Final]
	at org.hibernate.cfg.AnnotationBinder.bindClass(AnnotationBinder.java:793) ~[hibernate-core-5.6.14.Final.jar:5.6.14.Final]
	at org.hibernate.boot.model.source.internal.annotations.AnnotationMetadataSourceProcessorImpl.processEntityHierarchies(AnnotationMetadataSourceProcessorImpl.java:225) ~[hibernate-core-5.6.14.Final.jar:5.6.14.Final]
	at org.hibernate.boot.model.process.spi.MetadataBuildingProcess$1.processEntityHierarchies(MetadataBuildingProcess.java:239) ~[hibernate-core-5.6.14.Final.jar:5.6.14.Final]
	at org.hibernate.boot.model.process.spi.MetadataBuildingProcess.complete(MetadataBuildingProcess.java:282) ~[hibernate-core-5.6.14.Final.jar:5.6.14.Final]
	at org.hibernate.jpa.boot.internal.EntityManagerFactoryBuilderImpl.metadata(EntityManagerFactoryBuilderImpl.java:1460) ~[hibernate-core-5.6.14.Final.jar:5.6.14.Final]
	at org.hibernate.jpa.boot.internal.EntityManagerFactoryBuilderImpl.build(EntityManagerFactoryBuilderImpl.java:1494) ~[hibernate-core-5.6.14.Final.jar:5.6.14.Final]
	at org.springframework.orm.jpa.vendor.SpringHibernateJpaPersistenceProvider.createContainerEntityManagerFactory(SpringHibernateJpaPersistenceProvider.java:58) ~[spring-orm-5.3.24.jar:5.3.24]
	at org.springframework.orm.jpa.LocalContainerEntityManagerFactoryBean.createNativeEntityManagerFactory(LocalContainerEntityManagerFactoryBean.java:365) ~[spring-orm-5.3.24.jar:5.3.24]
	at org.springframework.orm.jpa.AbstractEntityManagerFactoryBean.buildNativeEntityManagerFactory(AbstractEntityManagerFactoryBean.java:409) ~[spring-orm-5.3.24.jar:5.3.24]
	at org.springframework.orm.jpa.AbstractEntityManagerFactoryBean.afterPropertiesSet(AbstractEntityManagerFactoryBean.java:396) ~[spring-orm-5.3.24.jar:5.3.24]
	at org.springframework.orm.jpa.LocalContainerEntityManagerFactoryBean.afterPropertiesSet(LocalContainerEntityManagerFactoryBean.java:341) ~[spring-orm-5.3.24.jar:5.3.24]
	at org.springframework.beans.factory.support.AbstractAutowireCapableBeanFactory.invokeInitMethods(AbstractAutowireCapableBeanFactory.java:1863) ~[spring-beans-5.3.24.jar:5.3.24]
	at org.springframework.beans.factory.support.AbstractAutowireCapableBeanFactory.initializeBean(AbstractAutowireCapableBeanFactory.java:1800) ~[spring-beans-5.3.24.jar:5.3.24]
	... 102 common frames omitted

2023-04-02 22:07:14.857 ERROR 13239 --- [    Test worker] o.s.test.context.TestContextManager      : Caught exception while allowing TestExecutionListener [org.springframework.test.context.web.ServletTestExecutionListener@54227100] to prepare test instance [com.raderleao.admin.catalogo.e2e.category.CategoryE2ETest@39dee5fd]

java.lang.IllegalStateException: Failed to load ApplicationContext
	at org.springframework.test.context.cache.DefaultCacheAwareContextLoaderDelegate.loadContext(DefaultCacheAwareContextLoaderDelegate.java:98) ~[spring-test-5.3.24.jar:5.3.24]
	at org.springframework.test.context.support.DefaultTestContext.getApplicationContext(DefaultTestContext.java:124) ~[spring-test-5.3.24.jar:5.3.24]
	at org.springframework.test.context.web.ServletTestExecutionListener.setUpRequestContextIfNecessary(ServletTestExecutionListener.java:190) ~[spring-test-5.3.24.jar:5.3.24]
	at org.springframework.test.context.web.ServletTestExecutionListener.prepareTestInstance(ServletTestExecutionListener.java:132) ~[spring-test-5.3.24.jar:5.3.24]
	at org.springframework.test.context.TestContextManager.prepareTestInstance(TestContextManager.java:248) ~[spring-test-5.3.24.jar:5.3.24]
	at org.springframework.test.context.junit.jupiter.SpringExtension.postProcessTestInstance(SpringExtension.java:138) ~[spring-test-5.3.24.jar:5.3.24]
	at org.junit.jupiter.engine.descriptor.ClassBasedTestDescriptor.lambda$invokeTestInstancePostProcessors$8(ClassBasedTestDescriptor.java:363) ~[junit-jupiter-engine-5.8.2.jar:5.8.2]
	at org.junit.jupiter.engine.descriptor.ClassBasedTestDescriptor.executeAndMaskThrowable(ClassBasedTestDescriptor.java:368) ~[junit-jupiter-engine-5.8.2.jar:5.8.2]
	at org.junit.jupiter.engine.descriptor.ClassBasedTestDescriptor.lambda$invokeTestInstancePostProcessors$9(ClassBasedTestDescriptor.java:363) ~[junit-jupiter-engine-5.8.2.jar:5.8.2]
	at java.base/java.util.stream.ReferencePipeline$3$1.accept(ReferencePipeline.java:197) ~[na:na]
	at java.base/java.util.stream.ReferencePipeline$2$1.accept(ReferencePipeline.java:179) ~[na:na]
	at java.base/java.util.ArrayList$ArrayListSpliterator.forEachRemaining(ArrayList.java:1625) ~[na:na]
	at java.base/java.util.stream.AbstractPipeline.copyInto(AbstractPipeline.java:509) ~[na:na]
	at java.base/java.util.stream.AbstractPipeline.wrapAndCopyInto(AbstractPipeline.java:499) ~[na:na]
	at java.base/java.util.stream.StreamSpliterators$WrappingSpliterator.forEachRemaining(StreamSpliterators.java:310) ~[na:na]
	at java.base/java.util.stream.Streams$ConcatSpliterator.forEachRemaining(Streams.java:735) ~[na:na]
	at java.base/java.util.stream.Streams$ConcatSpliterator.forEachRemaining(Streams.java:734) ~[na:na]
	at java.base/java.util.stream.ReferencePipeline$Head.forEach(ReferencePipeline.java:762) ~[na:na]
	at org.junit.jupiter.engine.descriptor.ClassBasedTestDescriptor.invokeTestInstancePostProcessors(ClassBasedTestDescriptor.java:362) ~[junit-jupiter-engine-5.8.2.jar:5.8.2]
	at org.junit.jupiter.engine.descriptor.ClassBasedTestDescriptor.lambda$instantiateAndPostProcessTestInstance$6(ClassBasedTestDescriptor.java:283) ~[junit-jupiter-engine-5.8.2.jar:5.8.2]
	at org.junit.platform.engine.support.hierarchical.ThrowableCollector.execute(ThrowableCollector.java:73) ~[junit-platform-engine-1.8.2.jar:1.8.2]
	at org.junit.jupiter.engine.descriptor.ClassBasedTestDescriptor.instantiateAndPostProcessTestInstance(ClassBasedTestDescriptor.java:282) ~[junit-jupiter-engine-5.8.2.jar:5.8.2]
	at org.junit.jupiter.engine.descriptor.ClassBasedTestDescriptor.lambda$testInstancesProvider$4(ClassBasedTestDescriptor.java:272) ~[junit-jupiter-engine-5.8.2.jar:5.8.2]
	at java.base/java.util.Optional.orElseGet(Optional.java:364) ~[na:na]
	at org.junit.jupiter.engine.descriptor.ClassBasedTestDescriptor.lambda$testInstancesProvider$5(ClassBasedTestDescriptor.java:271) ~[junit-jupiter-engine-5.8.2.jar:5.8.2]
	at org.junit.jupiter.engine.execution.TestInstancesProvider.getTestInstances(TestInstancesProvider.java:31) ~[junit-jupiter-engine-5.8.2.jar:5.8.2]
	at org.junit.jupiter.engine.descriptor.TestMethodTestDescriptor.lambda$prepare$0(TestMethodTestDescriptor.java:102) ~[junit-jupiter-engine-5.8.2.jar:5.8.2]
	at org.junit.platform.engine.support.hierarchical.ThrowableCollector.execute(ThrowableCollector.java:73) ~[junit-platform-engine-1.8.2.jar:1.8.2]
	at org.junit.jupiter.engine.descriptor.TestMethodTestDescriptor.prepare(TestMethodTestDescriptor.java:101) ~[junit-jupiter-engine-5.8.2.jar:5.8.2]
	at org.junit.jupiter.engine.descriptor.TestMethodTestDescriptor.prepare(TestMethodTestDescriptor.java:66) ~[junit-jupiter-engine-5.8.2.jar:5.8.2]
	at org.junit.platform.engine.support.hierarchical.NodeTestTask.lambda$prepare$2(NodeTestTask.java:123) ~[junit-platform-engine-1.8.2.jar:1.8.2]
	at org.junit.platform.engine.support.hierarchical.ThrowableCollector.execute(ThrowableCollector.java:73) ~[junit-platform-engine-1.8.2.jar:1.8.2]
	at org.junit.platform.engine.support.hierarchical.NodeTestTask.prepare(NodeTestTask.java:123) ~[junit-platform-engine-1.8.2.jar:1.8.2]
	at org.junit.platform.engine.support.hierarchical.NodeTestTask.execute(NodeTestTask.java:90) ~[junit-platform-engine-1.8.2.jar:1.8.2]
	at java.base/java.util.ArrayList.forEach(ArrayList.java:1511) ~[na:na]
	at org.junit.platform.engine.support.hierarchical.SameThreadHierarchicalTestExecutorService.invokeAll(SameThreadHierarchicalTestExecutorService.java:41) ~[junit-platform-engine-1.8.2.jar:1.8.2]
	at org.junit.platform.engine.support.hierarchical.NodeTestTask.lambda$executeRecursively$6(NodeTestTask.java:155) ~[junit-platform-engine-1.8.2.jar:1.8.2]
	at org.junit.platform.engine.support.hierarchical.ThrowableCollector.execute(ThrowableCollector.java:73) ~[junit-platform-engine-1.8.2.jar:1.8.2]
	at org.junit.platform.engine.support.hierarchical.NodeTestTask.lambda$executeRecursively$8(NodeTestTask.java:141) ~[junit-platform-engine-1.8.2.jar:1.8.2]
	at org.junit.platform.engine.support.hierarchical.Node.around(Node.java:137) ~[junit-platform-engine-1.8.2.jar:1.8.2]
	at org.junit.platform.engine.support.hierarchical.NodeTestTask.lambda$executeRecursively$9(NodeTestTask.java:139) ~[junit-platform-engine-1.8.2.jar:1.8.2]
	at org.junit.platform.engine.support.hierarchical.ThrowableCollector.execute(ThrowableCollector.java:73) ~[junit-platform-engine-1.8.2.jar:1.8.2]
	at org.junit.platform.engine.support.hierarchical.NodeTestTask.executeRecursively(NodeTestTask.java:138) ~[junit-platform-engine-1.8.2.jar:1.8.2]
	at org.junit.platform.engine.support.hierarchical.NodeTestTask.execute(NodeTestTask.java:95) ~[junit-platform-engine-1.8.2.jar:1.8.2]
	at java.base/java.util.ArrayList.forEach(ArrayList.java:1511) ~[na:na]
	at org.junit.platform.engine.support.hierarchical.SameThreadHierarchicalTestExecutorService.invokeAll(SameThreadHierarchicalTestExecutorService.java:41) ~[junit-platform-engine-1.8.2.jar:1.8.2]
	at org.junit.platform.engine.support.hierarchical.NodeTestTask.lambda$executeRecursively$6(NodeTestTask.java:155) ~[junit-platform-engine-1.8.2.jar:1.8.2]
	at org.junit.platform.engine.support.hierarchical.ThrowableCollector.execute(ThrowableCollector.java:73) ~[junit-platform-engine-1.8.2.jar:1.8.2]
	at org.junit.platform.engine.support.hierarchical.NodeTestTask.lambda$executeRecursively$8(NodeTestTask.java:141) ~[junit-platform-engine-1.8.2.jar:1.8.2]
	at org.junit.platform.engine.support.hierarchical.Node.around(Node.java:137) ~[junit-platform-engine-1.8.2.jar:1.8.2]
	at org.junit.platform.engine.support.hierarchical.NodeTestTask.lambda$executeRecursively$9(NodeTestTask.java:139) ~[junit-platform-engine-1.8.2.jar:1.8.2]
	at org.junit.platform.engine.support.hierarchical.ThrowableCollector.execute(ThrowableCollector.java:73) ~[junit-platform-engine-1.8.2.jar:1.8.2]
	at org.junit.platform.engine.support.hierarchical.NodeTestTask.executeRecursively(NodeTestTask.java:138) ~[junit-platform-engine-1.8.2.jar:1.8.2]
	at org.junit.platform.engine.support.hierarchical.NodeTestTask.execute(NodeTestTask.java:95) ~[junit-platform-engine-1.8.2.jar:1.8.2]
	at org.junit.platform.engine.support.hierarchical.SameThreadHierarchicalTestExecutorService.submit(SameThreadHierarchicalTestExecutorService.java:35) ~[junit-platform-engine-1.8.2.jar:1.8.2]
	at org.junit.platform.engine.support.hierarchical.HierarchicalTestExecutor.execute(HierarchicalTestExecutor.java:57) ~[junit-platform-engine-1.8.2.jar:1.8.2]
	at org.junit.platform.engine.support.hierarchical.HierarchicalTestEngine.execute(HierarchicalTestEngine.java:54) ~[junit-platform-engine-1.8.2.jar:1.8.2]
	at org.junit.platform.launcher.core.EngineExecutionOrchestrator.execute(EngineExecutionOrchestrator.java:107) ~[na:na]
	at org.junit.platform.launcher.core.EngineExecutionOrchestrator.execute(EngineExecutionOrchestrator.java:88) ~[na:na]
	at org.junit.platform.launcher.core.EngineExecutionOrchestrator.lambda$execute$0(EngineExecutionOrchestrator.java:54) ~[na:na]
	at org.junit.platform.launcher.core.EngineExecutionOrchestrator.withInterceptedStreams(EngineExecutionOrchestrator.java:67) ~[na:na]
	at org.junit.platform.launcher.core.EngineExecutionOrchestrator.execute(EngineExecutionOrchestrator.java:52) ~[na:na]
	at org.junit.platform.launcher.core.DefaultLauncher.execute(DefaultLauncher.java:114) ~[na:na]
	at org.junit.platform.launcher.core.DefaultLauncher.execute(DefaultLauncher.java:86) ~[na:na]
	at org.junit.platform.launcher.core.DefaultLauncherSession$DelegatingLauncher.execute(DefaultLauncherSession.java:86) ~[na:na]
	at org.junit.platform.launcher.core.SessionPerRequestLauncher.execute(SessionPerRequestLauncher.java:53) ~[na:na]
	at org.gradle.api.internal.tasks.testing.junitplatform.JUnitPlatformTestClassProcessor$CollectAllTestClassesExecutor.processAllTestClasses(JUnitPlatformTestClassProcessor.java:99) ~[na:na]
	at org.gradle.api.internal.tasks.testing.junitplatform.JUnitPlatformTestClassProcessor$CollectAllTestClassesExecutor.access$000(JUnitPlatformTestClassProcessor.java:79) ~[na:na]
	at org.gradle.api.internal.tasks.testing.junitplatform.JUnitPlatformTestClassProcessor.stop(JUnitPlatformTestClassProcessor.java:75) ~[na:na]
	at org.gradle.api.internal.tasks.testing.SuiteTestClassProcessor.stop(SuiteTestClassProcessor.java:62) ~[na:na]
	at java.base/jdk.internal.reflect.NativeMethodAccessorImpl.invoke0(Native Method) ~[na:na]
	at java.base/jdk.internal.reflect.NativeMethodAccessorImpl.invoke(NativeMethodAccessorImpl.java:77) ~[na:na]
	at java.base/jdk.internal.reflect.DelegatingMethodAccessorImpl.invoke(DelegatingMethodAccessorImpl.java:43) ~[na:na]
	at java.base/java.lang.reflect.Method.invoke(Method.java:568) ~[na:na]
	at org.gradle.internal.dispatch.ReflectionDispatch.dispatch(ReflectionDispatch.java:36) ~[na:na]
	at org.gradle.internal.dispatch.ReflectionDispatch.dispatch(ReflectionDispatch.java:24) ~[na:na]
	at org.gradle.internal.dispatch.ContextClassLoaderDispatch.dispatch(ContextClassLoaderDispatch.java:33) ~[na:na]
	at org.gradle.internal.dispatch.ProxyDispatchAdapter$DispatchingInvocationHandler.invoke(ProxyDispatchAdapter.java:94) ~[na:na]
	at jdk.proxy1/jdk.proxy1.$Proxy2.stop(Unknown Source) ~[na:na]
	at org.gradle.api.internal.tasks.testing.worker.TestWorker$3.run(TestWorker.java:193) ~[na:na]
	at org.gradle.api.internal.tasks.testing.worker.TestWorker.executeAndMaintainThreadName(TestWorker.java:129) ~[na:na]
	at org.gradle.api.internal.tasks.testing.worker.TestWorker.execute(TestWorker.java:100) ~[na:na]
	at org.gradle.api.internal.tasks.testing.worker.TestWorker.execute(TestWorker.java:60) ~[na:na]
	at org.gradle.process.internal.worker.child.ActionExecutionWorker.execute(ActionExecutionWorker.java:56) ~[na:na]
	at org.gradle.process.internal.worker.child.SystemApplicationClassLoaderWorker.call(SystemApplicationClassLoaderWorker.java:113) ~[na:na]
	at org.gradle.process.internal.worker.child.SystemApplicationClassLoaderWorker.call(SystemApplicationClassLoaderWorker.java:65) ~[na:na]
	at worker.org.gradle.process.internal.worker.GradleWorkerMain.run(GradleWorkerMain.java:69) ~[gradle-worker.jar:na]
	at worker.org.gradle.process.internal.worker.GradleWorkerMain.main(GradleWorkerMain.java:74) ~[gradle-worker.jar:na]
Caused by: org.springframework.beans.factory.BeanCreationException: Error creating bean with name 'entityManagerFactory' defined in class path resource [org/springframework/boot/autoconfigure/orm/jpa/HibernateJpaConfiguration.class]: Invocation of init method failed; nested exception is org.hibernate.AnnotationException: No identifier specified for entity: com.raderleao.admin.catalogo.infrastructure.genre.persistence.GenreJpaEntity
	at org.springframework.beans.factory.support.AbstractAutowireCapableBeanFactory.initializeBean(AbstractAutowireCapableBeanFactory.java:1804) ~[spring-beans-5.3.24.jar:5.3.24]
	at org.springframework.beans.factory.support.AbstractAutowireCapableBeanFactory.doCreateBean(AbstractAutowireCapableBeanFactory.java:620) ~[spring-beans-5.3.24.jar:5.3.24]
	at org.springframework.beans.factory.support.AbstractAutowireCapableBeanFactory.createBean(AbstractAutowireCapableBeanFactory.java:542) ~[spring-beans-5.3.24.jar:5.3.24]
	at org.springframework.beans.factory.support.AbstractBeanFactory.lambda$doGetBean$0(AbstractBeanFactory.java:335) ~[spring-beans-5.3.24.jar:5.3.24]
	at org.springframework.beans.factory.support.DefaultSingletonBeanRegistry.getSingleton(DefaultSingletonBeanRegistry.java:234) ~[spring-beans-5.3.24.jar:5.3.24]
	at org.springframework.beans.factory.support.AbstractBeanFactory.doGetBean(AbstractBeanFactory.java:333) ~[spring-beans-5.3.24.jar:5.3.24]
	at org.springframework.beans.factory.support.AbstractBeanFactory.getBean(AbstractBeanFactory.java:208) ~[spring-beans-5.3.24.jar:5.3.24]
	at org.springframework.context.support.AbstractApplicationContext.getBean(AbstractApplicationContext.java:1154) ~[spring-context-5.3.24.jar:5.3.24]
	at org.springframework.context.support.AbstractApplicationContext.finishBeanFactoryInitialization(AbstractApplicationContext.java:908) ~[spring-context-5.3.24.jar:5.3.24]
	at org.springframework.context.support.AbstractApplicationContext.refresh(AbstractApplicationContext.java:583) ~[spring-context-5.3.24.jar:5.3.24]
	at org.springframework.boot.SpringApplication.refresh(SpringApplication.java:731) ~[spring-boot-2.7.7.jar:2.7.7]
	at org.springframework.boot.SpringApplication.refreshContext(SpringApplication.java:408) ~[spring-boot-2.7.7.jar:2.7.7]
	at org.springframework.boot.SpringApplication.run(SpringApplication.java:307) ~[spring-boot-2.7.7.jar:2.7.7]
	at org.springframework.boot.test.context.SpringBootContextLoader.loadContext(SpringBootContextLoader.java:136) ~[spring-boot-test-2.7.7.jar:2.7.7]
	at org.springframework.test.context.cache.DefaultCacheAwareContextLoaderDelegate.loadContextInternal(DefaultCacheAwareContextLoaderDelegate.java:141) ~[spring-test-5.3.24.jar:5.3.24]
	at org.springframework.test.context.cache.DefaultCacheAwareContextLoaderDelegate.loadContext(DefaultCacheAwareContextLoaderDelegate.java:90) ~[spring-test-5.3.24.jar:5.3.24]
	... 87 common frames omitted
Caused by: org.hibernate.AnnotationException: No identifier specified for entity: com.raderleao.admin.catalogo.infrastructure.genre.persistence.GenreJpaEntity
	at org.hibernate.cfg.InheritanceState.determineDefaultAccessType(InheritanceState.java:266) ~[hibernate-core-5.6.14.Final.jar:5.6.14.Final]
	at org.hibernate.cfg.InheritanceState.getElementsToProcess(InheritanceState.java:211) ~[hibernate-core-5.6.14.Final.jar:5.6.14.Final]
	at org.hibernate.cfg.InheritanceState.hasIdClassOrEmbeddedId(InheritanceState.java:185) ~[hibernate-core-5.6.14.Final.jar:5.6.14.Final]
	at org.hibernate.cfg.AnnotationBinder.processElementAnnotations(AnnotationBinder.java:2253) ~[hibernate-core-5.6.14.Final.jar:5.6.14.Final]
	at org.hibernate.cfg.AnnotationBinder.fillComponent(AnnotationBinder.java:2816) ~[hibernate-core-5.6.14.Final.jar:5.6.14.Final]
	at org.hibernate.cfg.AnnotationBinder.fillComponent(AnnotationBinder.java:2698) ~[hibernate-core-5.6.14.Final.jar:5.6.14.Final]
	at org.hibernate.cfg.AnnotationBinder.bindComponent(AnnotationBinder.java:2646) ~[hibernate-core-5.6.14.Final.jar:5.6.14.Final]
	at org.hibernate.cfg.AnnotationBinder.processElementAnnotations(AnnotationBinder.java:2275) ~[hibernate-core-5.6.14.Final.jar:5.6.14.Final]
	at org.hibernate.cfg.AnnotationBinder.processIdPropertiesIfNotAlready(AnnotationBinder.java:968) ~[hibernate-core-5.6.14.Final.jar:5.6.14.Final]
	at org.hibernate.cfg.AnnotationBinder.bindClass(AnnotationBinder.java:793) ~[hibernate-core-5.6.14.Final.jar:5.6.14.Final]
	at org.hibernate.boot.model.source.internal.annotations.AnnotationMetadataSourceProcessorImpl.processEntityHierarchies(AnnotationMetadataSourceProcessorImpl.java:225) ~[hibernate-core-5.6.14.Final.jar:5.6.14.Final]
	at org.hibernate.boot.model.process.spi.MetadataBuildingProcess$1.processEntityHierarchies(MetadataBuildingProcess.java:239) ~[hibernate-core-5.6.14.Final.jar:5.6.14.Final]
	at org.hibernate.boot.model.process.spi.MetadataBuildingProcess.complete(MetadataBuildingProcess.java:282) ~[hibernate-core-5.6.14.Final.jar:5.6.14.Final]
	at org.hibernate.jpa.boot.internal.EntityManagerFactoryBuilderImpl.metadata(EntityManagerFactoryBuilderImpl.java:1460) ~[hibernate-core-5.6.14.Final.jar:5.6.14.Final]
	at org.hibernate.jpa.boot.internal.EntityManagerFactoryBuilderImpl.build(EntityManagerFactoryBuilderImpl.java:1494) ~[hibernate-core-5.6.14.Final.jar:5.6.14.Final]
	at org.springframework.orm.jpa.vendor.SpringHibernateJpaPersistenceProvider.createContainerEntityManagerFactory(SpringHibernateJpaPersistenceProvider.java:58) ~[spring-orm-5.3.24.jar:5.3.24]
	at org.springframework.orm.jpa.LocalContainerEntityManagerFactoryBean.createNativeEntityManagerFactory(LocalContainerEntityManagerFactoryBean.java:365) ~[spring-orm-5.3.24.jar:5.3.24]
	at org.springframework.orm.jpa.AbstractEntityManagerFactoryBean.buildNativeEntityManagerFactory(AbstractEntityManagerFactoryBean.java:409) ~[spring-orm-5.3.24.jar:5.3.24]
	at org.springframework.orm.jpa.AbstractEntityManagerFactoryBean.afterPropertiesSet(AbstractEntityManagerFactoryBean.java:396) ~[spring-orm-5.3.24.jar:5.3.24]
	at org.springframework.orm.jpa.LocalContainerEntityManagerFactoryBean.afterPropertiesSet(LocalContainerEntityManagerFactoryBean.java:341) ~[spring-orm-5.3.24.jar:5.3.24]
	at org.springframework.beans.factory.support.AbstractAutowireCapableBeanFactory.invokeInitMethods(AbstractAutowireCapableBeanFactory.java:1863) ~[spring-beans-5.3.24.jar:5.3.24]
	at org.springframework.beans.factory.support.AbstractAutowireCapableBeanFactory.initializeBean(AbstractAutowireCapableBeanFactory.java:1800) ~[spring-beans-5.3.24.jar:5.3.24]
	... 102 common frames omitted


  .   ____          _            __ _ _
 /\\ / ___'_ __ _ _(_)_ __  __ _ \ \ \ \
( ( )\___ | '_ | '_| | '_ \/ _` | \ \ \ \
 \\/  ___)| |_)| | | | | || (_| |  ) ) ) )
  '  |____| .__|_| |_|_| |_\__, | / / / /
 =========|_|==============|___/=/_/_/_/
 :: Spring Boot ::                (v2.7.7)

2023-04-02 22:07:14.870  INFO 13239 --- [    Test worker] c.r.a.c.e2e.category.CategoryE2ETest     : Starting CategoryE2ETest using Java 17.0.2 on RaderLeao-MacBook-Air.local with PID 13239 (started by raderleao in /Users/raderleao/src/dev/Workspace/admin-do-catalogo/infrastructure)
2023-04-02 22:07:14.870  INFO 13239 --- [    Test worker] c.r.a.c.e2e.category.CategoryE2ETest     : The following 1 profile is active: "test-e2e"
2023-04-02 22:07:14.936  INFO 13239 --- [    Test worker] .s.d.r.c.RepositoryConfigurationDelegate : Bootstrapping Spring Data JPA repositories in DEFAULT mode.
2023-04-02 22:07:14.941  INFO 13239 --- [    Test worker] .s.d.r.c.RepositoryConfigurationDelegate : Finished Spring Data repository scanning in 5 ms. Found 2 JPA repository interfaces.
2023-04-02 22:07:14.988  INFO 13239 --- [    Test worker] o.f.c.internal.license.VersionPrinter    : Flyway Community Edition 8.5.13 by Redgate
2023-04-02 22:07:14.988  INFO 13239 --- [    Test worker] o.f.c.internal.license.VersionPrinter    : See what's new here: https://flywaydb.org/documentation/learnmore/releaseNotes#8.5.13
2023-04-02 22:07:14.988  INFO 13239 --- [    Test worker] o.f.c.internal.license.VersionPrinter    : 
2023-04-02 22:07:14.989  WARN 13239 --- [    Test worker] com.zaxxer.hikari.HikariConfig           : master - idleTimeout is close to or more than maxLifetime, disabling it.
2023-04-02 22:07:14.989  INFO 13239 --- [    Test worker] com.zaxxer.hikari.HikariDataSource       : master - Starting...
2023-04-02 22:07:15.016  INFO 13239 --- [    Test worker] com.zaxxer.hikari.HikariDataSource       : master - Start completed.
2023-04-02 22:07:15.018  INFO 13239 --- [    Test worker] o.f.c.i.database.base.BaseDatabaseType   : Database: jdbc:mysql://localhost:50897/adm_videos (MySQL 8.0)
2023-04-02 22:07:15.052  INFO 13239 --- [    Test worker] o.f.core.internal.command.DbValidate     : Successfully validated 1 migration (execution time 00:00.010s)
2023-04-02 22:07:15.063  INFO 13239 --- [    Test worker] o.f.core.internal.command.DbMigrate      : Current version of schema `adm_videos`: 1
2023-04-02 22:07:15.065  INFO 13239 --- [    Test worker] o.f.core.internal.command.DbMigrate      : Schema `adm_videos` is up to date. No migration necessary.
2023-04-02 22:07:15.085  INFO 13239 --- [    Test worker] o.hibernate.jpa.internal.util.LogHelper  : HHH000204: Processing PersistenceUnitInfo [name: default]
2023-04-02 22:07:15.088  INFO 13239 --- [    Test worker] org.hibernate.dialect.Dialect            : HHH000400: Using dialect: org.hibernate.dialect.MySQL5InnoDBDialect
2023-04-02 22:07:15.091 ERROR 13239 --- [    Test worker] j.LocalContainerEntityManagerFactoryBean : Failed to initialize JPA EntityManagerFactory: No identifier specified for entity: com.raderleao.admin.catalogo.infrastructure.genre.persistence.GenreJpaEntity
2023-04-02 22:07:15.091  WARN 13239 --- [    Test worker] o.s.w.c.s.GenericWebApplicationContext   : Exception encountered during context initialization - cancelling refresh attempt: org.springframework.beans.factory.BeanCreationException: Error creating bean with name 'entityManagerFactory' defined in class path resource [org/springframework/boot/autoconfigure/orm/jpa/HibernateJpaConfiguration.class]: Invocation of init method failed; nested exception is org.hibernate.AnnotationException: No identifier specified for entity: com.raderleao.admin.catalogo.infrastructure.genre.persistence.GenreJpaEntity
2023-04-02 22:07:15.091  INFO 13239 --- [    Test worker] com.zaxxer.hikari.HikariDataSource       : master - Shutdown initiated...
2023-04-02 22:07:15.094  INFO 13239 --- [    Test worker] com.zaxxer.hikari.HikariDataSource       : master - Shutdown completed.
2023-04-02 22:07:15.095  INFO 13239 --- [    Test worker] ConditionEvaluationReportLoggingListener : 

Error starting ApplicationContext. To display the conditions report re-run your application with 'debug' enabled.
2023-04-02 22:07:15.098 ERROR 13239 --- [    Test worker] o.s.boot.SpringApplication               : Application run failed

org.springframework.beans.factory.BeanCreationException: Error creating bean with name 'entityManagerFactory' defined in class path resource [org/springframework/boot/autoconfigure/orm/jpa/HibernateJpaConfiguration.class]: Invocation of init method failed; nested exception is org.hibernate.AnnotationException: No identifier specified for entity: com.raderleao.admin.catalogo.infrastructure.genre.persistence.GenreJpaEntity
	at org.springframework.beans.factory.support.AbstractAutowireCapableBeanFactory.initializeBean(AbstractAutowireCapableBeanFactory.java:1804) ~[spring-beans-5.3.24.jar:5.3.24]
	at org.springframework.beans.factory.support.AbstractAutowireCapableBeanFactory.doCreateBean(AbstractAutowireCapableBeanFactory.java:620) ~[spring-beans-5.3.24.jar:5.3.24]
	at org.springframework.beans.factory.support.AbstractAutowireCapableBeanFactory.createBean(AbstractAutowireCapableBeanFactory.java:542) ~[spring-beans-5.3.24.jar:5.3.24]
	at org.springframework.beans.factory.support.AbstractBeanFactory.lambda$doGetBean$0(AbstractBeanFactory.java:335) ~[spring-beans-5.3.24.jar:5.3.24]
	at org.springframework.beans.factory.support.DefaultSingletonBeanRegistry.getSingleton(DefaultSingletonBeanRegistry.java:234) ~[spring-beans-5.3.24.jar:5.3.24]
	at org.springframework.beans.factory.support.AbstractBeanFactory.doGetBean(AbstractBeanFactory.java:333) ~[spring-beans-5.3.24.jar:5.3.24]
	at org.springframework.beans.factory.support.AbstractBeanFactory.getBean(AbstractBeanFactory.java:208) ~[spring-beans-5.3.24.jar:5.3.24]
	at org.springframework.context.support.AbstractApplicationContext.getBean(AbstractApplicationContext.java:1154) ~[spring-context-5.3.24.jar:5.3.24]
	at org.springframework.context.support.AbstractApplicationContext.finishBeanFactoryInitialization(AbstractApplicationContext.java:908) ~[spring-context-5.3.24.jar:5.3.24]
	at org.springframework.context.support.AbstractApplicationContext.refresh(AbstractApplicationContext.java:583) ~[spring-context-5.3.24.jar:5.3.24]
	at org.springframework.boot.SpringApplication.refresh(SpringApplication.java:731) ~[spring-boot-2.7.7.jar:2.7.7]
	at org.springframework.boot.SpringApplication.refreshContext(SpringApplication.java:408) ~[spring-boot-2.7.7.jar:2.7.7]
	at org.springframework.boot.SpringApplication.run(SpringApplication.java:307) ~[spring-boot-2.7.7.jar:2.7.7]
	at org.springframework.boot.test.context.SpringBootContextLoader.loadContext(SpringBootContextLoader.java:136) ~[spring-boot-test-2.7.7.jar:2.7.7]
	at org.springframework.test.context.cache.DefaultCacheAwareContextLoaderDelegate.loadContextInternal(DefaultCacheAwareContextLoaderDelegate.java:141) ~[spring-test-5.3.24.jar:5.3.24]
	at org.springframework.test.context.cache.DefaultCacheAwareContextLoaderDelegate.loadContext(DefaultCacheAwareContextLoaderDelegate.java:90) ~[spring-test-5.3.24.jar:5.3.24]
	at org.springframework.test.context.support.DefaultTestContext.getApplicationContext(DefaultTestContext.java:124) ~[spring-test-5.3.24.jar:5.3.24]
	at org.springframework.test.context.web.ServletTestExecutionListener.setUpRequestContextIfNecessary(ServletTestExecutionListener.java:190) ~[spring-test-5.3.24.jar:5.3.24]
	at org.springframework.test.context.web.ServletTestExecutionListener.prepareTestInstance(ServletTestExecutionListener.java:132) ~[spring-test-5.3.24.jar:5.3.24]
	at org.springframework.test.context.TestContextManager.prepareTestInstance(TestContextManager.java:248) ~[spring-test-5.3.24.jar:5.3.24]
	at org.springframework.test.context.junit.jupiter.SpringExtension.postProcessTestInstance(SpringExtension.java:138) ~[spring-test-5.3.24.jar:5.3.24]
	at org.junit.jupiter.engine.descriptor.ClassBasedTestDescriptor.lambda$invokeTestInstancePostProcessors$8(ClassBasedTestDescriptor.java:363) ~[junit-jupiter-engine-5.8.2.jar:5.8.2]
	at org.junit.jupiter.engine.descriptor.ClassBasedTestDescriptor.executeAndMaskThrowable(ClassBasedTestDescriptor.java:368) ~[junit-jupiter-engine-5.8.2.jar:5.8.2]
	at org.junit.jupiter.engine.descriptor.ClassBasedTestDescriptor.lambda$invokeTestInstancePostProcessors$9(ClassBasedTestDescriptor.java:363) ~[junit-jupiter-engine-5.8.2.jar:5.8.2]
	at java.base/java.util.stream.ReferencePipeline$3$1.accept(ReferencePipeline.java:197) ~[na:na]
	at java.base/java.util.stream.ReferencePipeline$2$1.accept(ReferencePipeline.java:179) ~[na:na]
	at java.base/java.util.ArrayList$ArrayListSpliterator.forEachRemaining(ArrayList.java:1625) ~[na:na]
	at java.base/java.util.stream.AbstractPipeline.copyInto(AbstractPipeline.java:509) ~[na:na]
	at java.base/java.util.stream.AbstractPipeline.wrapAndCopyInto(AbstractPipeline.java:499) ~[na:na]
	at java.base/java.util.stream.StreamSpliterators$WrappingSpliterator.forEachRemaining(StreamSpliterators.java:310) ~[na:na]
	at java.base/java.util.stream.Streams$ConcatSpliterator.forEachRemaining(Streams.java:735) ~[na:na]
	at java.base/java.util.stream.Streams$ConcatSpliterator.forEachRemaining(Streams.java:734) ~[na:na]
	at java.base/java.util.stream.ReferencePipeline$Head.forEach(ReferencePipeline.java:762) ~[na:na]
	at org.junit.jupiter.engine.descriptor.ClassBasedTestDescriptor.invokeTestInstancePostProcessors(ClassBasedTestDescriptor.java:362) ~[junit-jupiter-engine-5.8.2.jar:5.8.2]
	at org.junit.jupiter.engine.descriptor.ClassBasedTestDescriptor.lambda$instantiateAndPostProcessTestInstance$6(ClassBasedTestDescriptor.java:283) ~[junit-jupiter-engine-5.8.2.jar:5.8.2]
	at org.junit.platform.engine.support.hierarchical.ThrowableCollector.execute(ThrowableCollector.java:73) ~[junit-platform-engine-1.8.2.jar:1.8.2]
	at org.junit.jupiter.engine.descriptor.ClassBasedTestDescriptor.instantiateAndPostProcessTestInstance(ClassBasedTestDescriptor.java:282) ~[junit-jupiter-engine-5.8.2.jar:5.8.2]
	at org.junit.jupiter.engine.descriptor.ClassBasedTestDescriptor.lambda$testInstancesProvider$4(ClassBasedTestDescriptor.java:272) ~[junit-jupiter-engine-5.8.2.jar:5.8.2]
	at java.base/java.util.Optional.orElseGet(Optional.java:364) ~[na:na]
	at org.junit.jupiter.engine.descriptor.ClassBasedTestDescriptor.lambda$testInstancesProvider$5(ClassBasedTestDescriptor.java:271) ~[junit-jupiter-engine-5.8.2.jar:5.8.2]
	at org.junit.jupiter.engine.execution.TestInstancesProvider.getTestInstances(TestInstancesProvider.java:31) ~[junit-jupiter-engine-5.8.2.jar:5.8.2]
	at org.junit.jupiter.engine.descriptor.TestMethodTestDescriptor.lambda$prepare$0(TestMethodTestDescriptor.java:102) ~[junit-jupiter-engine-5.8.2.jar:5.8.2]
	at org.junit.platform.engine.support.hierarchical.ThrowableCollector.execute(ThrowableCollector.java:73) ~[junit-platform-engine-1.8.2.jar:1.8.2]
	at org.junit.jupiter.engine.descriptor.TestMethodTestDescriptor.prepare(TestMethodTestDescriptor.java:101) ~[junit-jupiter-engine-5.8.2.jar:5.8.2]
	at org.junit.jupiter.engine.descriptor.TestMethodTestDescriptor.prepare(TestMethodTestDescriptor.java:66) ~[junit-jupiter-engine-5.8.2.jar:5.8.2]
	at org.junit.platform.engine.support.hierarchical.NodeTestTask.lambda$prepare$2(NodeTestTask.java:123) ~[junit-platform-engine-1.8.2.jar:1.8.2]
	at org.junit.platform.engine.support.hierarchical.ThrowableCollector.execute(ThrowableCollector.java:73) ~[junit-platform-engine-1.8.2.jar:1.8.2]
	at org.junit.platform.engine.support.hierarchical.NodeTestTask.prepare(NodeTestTask.java:123) ~[junit-platform-engine-1.8.2.jar:1.8.2]
	at org.junit.platform.engine.support.hierarchical.NodeTestTask.execute(NodeTestTask.java:90) ~[junit-platform-engine-1.8.2.jar:1.8.2]
	at java.base/java.util.ArrayList.forEach(ArrayList.java:1511) ~[na:na]
	at org.junit.platform.engine.support.hierarchical.SameThreadHierarchicalTestExecutorService.invokeAll(SameThreadHierarchicalTestExecutorService.java:41) ~[junit-platform-engine-1.8.2.jar:1.8.2]
	at org.junit.platform.engine.support.hierarchical.NodeTestTask.lambda$executeRecursively$6(NodeTestTask.java:155) ~[junit-platform-engine-1.8.2.jar:1.8.2]
	at org.junit.platform.engine.support.hierarchical.ThrowableCollector.execute(ThrowableCollector.java:73) ~[junit-platform-engine-1.8.2.jar:1.8.2]
	at org.junit.platform.engine.support.hierarchical.NodeTestTask.lambda$executeRecursively$8(NodeTestTask.java:141) ~[junit-platform-engine-1.8.2.jar:1.8.2]
	at org.junit.platform.engine.support.hierarchical.Node.around(Node.java:137) ~[junit-platform-engine-1.8.2.jar:1.8.2]
	at org.junit.platform.engine.support.hierarchical.NodeTestTask.lambda$executeRecursively$9(NodeTestTask.java:139) ~[junit-platform-engine-1.8.2.jar:1.8.2]
	at org.junit.platform.engine.support.hierarchical.ThrowableCollector.execute(ThrowableCollector.java:73) ~[junit-platform-engine-1.8.2.jar:1.8.2]
	at org.junit.platform.engine.support.hierarchical.NodeTestTask.executeRecursively(NodeTestTask.java:138) ~[junit-platform-engine-1.8.2.jar:1.8.2]
	at org.junit.platform.engine.support.hierarchical.NodeTestTask.execute(NodeTestTask.java:95) ~[junit-platform-engine-1.8.2.jar:1.8.2]
	at java.base/java.util.ArrayList.forEach(ArrayList.java:1511) ~[na:na]
	at org.junit.platform.engine.support.hierarchical.SameThreadHierarchicalTestExecutorService.invokeAll(SameThreadHierarchicalTestExecutorService.java:41) ~[junit-platform-engine-1.8.2.jar:1.8.2]
	at org.junit.platform.engine.support.hierarchical.NodeTestTask.lambda$executeRecursively$6(NodeTestTask.java:155) ~[junit-platform-engine-1.8.2.jar:1.8.2]
	at org.junit.platform.engine.support.hierarchical.ThrowableCollector.execute(ThrowableCollector.java:73) ~[junit-platform-engine-1.8.2.jar:1.8.2]
	at org.junit.platform.engine.support.hierarchical.NodeTestTask.lambda$executeRecursively$8(NodeTestTask.java:141) ~[junit-platform-engine-1.8.2.jar:1.8.2]
	at org.junit.platform.engine.support.hierarchical.Node.around(Node.java:137) ~[junit-platform-engine-1.8.2.jar:1.8.2]
	at org.junit.platform.engine.support.hierarchical.NodeTestTask.lambda$executeRecursively$9(NodeTestTask.java:139) ~[junit-platform-engine-1.8.2.jar:1.8.2]
	at org.junit.platform.engine.support.hierarchical.ThrowableCollector.execute(ThrowableCollector.java:73) ~[junit-platform-engine-1.8.2.jar:1.8.2]
	at org.junit.platform.engine.support.hierarchical.NodeTestTask.executeRecursively(NodeTestTask.java:138) ~[junit-platform-engine-1.8.2.jar:1.8.2]
	at org.junit.platform.engine.support.hierarchical.NodeTestTask.execute(NodeTestTask.java:95) ~[junit-platform-engine-1.8.2.jar:1.8.2]
	at org.junit.platform.engine.support.hierarchical.SameThreadHierarchicalTestExecutorService.submit(SameThreadHierarchicalTestExecutorService.java:35) ~[junit-platform-engine-1.8.2.jar:1.8.2]
	at org.junit.platform.engine.support.hierarchical.HierarchicalTestExecutor.execute(HierarchicalTestExecutor.java:57) ~[junit-platform-engine-1.8.2.jar:1.8.2]
	at org.junit.platform.engine.support.hierarchical.HierarchicalTestEngine.execute(HierarchicalTestEngine.java:54) ~[junit-platform-engine-1.8.2.jar:1.8.2]
	at org.junit.platform.launcher.core.EngineExecutionOrchestrator.execute(EngineExecutionOrchestrator.java:107) ~[na:na]
	at org.junit.platform.launcher.core.EngineExecutionOrchestrator.execute(EngineExecutionOrchestrator.java:88) ~[na:na]
	at org.junit.platform.launcher.core.EngineExecutionOrchestrator.lambda$execute$0(EngineExecutionOrchestrator.java:54) ~[na:na]
	at org.junit.platform.launcher.core.EngineExecutionOrchestrator.withInterceptedStreams(EngineExecutionOrchestrator.java:67) ~[na:na]
	at org.junit.platform.launcher.core.EngineExecutionOrchestrator.execute(EngineExecutionOrchestrator.java:52) ~[na:na]
	at org.junit.platform.launcher.core.DefaultLauncher.execute(DefaultLauncher.java:114) ~[na:na]
	at org.junit.platform.launcher.core.DefaultLauncher.execute(DefaultLauncher.java:86) ~[na:na]
	at org.junit.platform.launcher.core.DefaultLauncherSession$DelegatingLauncher.execute(DefaultLauncherSession.java:86) ~[na:na]
	at org.junit.platform.launcher.core.SessionPerRequestLauncher.execute(SessionPerRequestLauncher.java:53) ~[na:na]
	at org.gradle.api.internal.tasks.testing.junitplatform.JUnitPlatformTestClassProcessor$CollectAllTestClassesExecutor.processAllTestClasses(JUnitPlatformTestClassProcessor.java:99) ~[na:na]
	at org.gradle.api.internal.tasks.testing.junitplatform.JUnitPlatformTestClassProcessor$CollectAllTestClassesExecutor.access$000(JUnitPlatformTestClassProcessor.java:79) ~[na:na]
	at org.gradle.api.internal.tasks.testing.junitplatform.JUnitPlatformTestClassProcessor.stop(JUnitPlatformTestClassProcessor.java:75) ~[na:na]
	at org.gradle.api.internal.tasks.testing.SuiteTestClassProcessor.stop(SuiteTestClassProcessor.java:62) ~[na:na]
	at java.base/jdk.internal.reflect.NativeMethodAccessorImpl.invoke0(Native Method) ~[na:na]
	at java.base/jdk.internal.reflect.NativeMethodAccessorImpl.invoke(NativeMethodAccessorImpl.java:77) ~[na:na]
	at java.base/jdk.internal.reflect.DelegatingMethodAccessorImpl.invoke(DelegatingMethodAccessorImpl.java:43) ~[na:na]
	at java.base/java.lang.reflect.Method.invoke(Method.java:568) ~[na:na]
	at org.gradle.internal.dispatch.ReflectionDispatch.dispatch(ReflectionDispatch.java:36) ~[na:na]
	at org.gradle.internal.dispatch.ReflectionDispatch.dispatch(ReflectionDispatch.java:24) ~[na:na]
	at org.gradle.internal.dispatch.ContextClassLoaderDispatch.dispatch(ContextClassLoaderDispatch.java:33) ~[na:na]
	at org.gradle.internal.dispatch.ProxyDispatchAdapter$DispatchingInvocationHandler.invoke(ProxyDispatchAdapter.java:94) ~[na:na]
	at jdk.proxy1/jdk.proxy1.$Proxy2.stop(Unknown Source) ~[na:na]
	at org.gradle.api.internal.tasks.testing.worker.TestWorker$3.run(TestWorker.java:193) ~[na:na]
	at org.gradle.api.internal.tasks.testing.worker.TestWorker.executeAndMaintainThreadName(TestWorker.java:129) ~[na:na]
	at org.gradle.api.internal.tasks.testing.worker.TestWorker.execute(TestWorker.java:100) ~[na:na]
	at org.gradle.api.internal.tasks.testing.worker.TestWorker.execute(TestWorker.java:60) ~[na:na]
	at org.gradle.process.internal.worker.child.ActionExecutionWorker.execute(ActionExecutionWorker.java:56) ~[na:na]
	at org.gradle.process.internal.worker.child.SystemApplicationClassLoaderWorker.call(SystemApplicationClassLoaderWorker.java:113) ~[na:na]
	at org.gradle.process.internal.worker.child.SystemApplicationClassLoaderWorker.call(SystemApplicationClassLoaderWorker.java:65) ~[na:na]
	at worker.org.gradle.process.internal.worker.GradleWorkerMain.run(GradleWorkerMain.java:69) ~[gradle-worker.jar:na]
	at worker.org.gradle.process.internal.worker.GradleWorkerMain.main(GradleWorkerMain.java:74) ~[gradle-worker.jar:na]
Caused by: org.hibernate.AnnotationException: No identifier specified for entity: com.raderleao.admin.catalogo.infrastructure.genre.persistence.GenreJpaEntity
	at org.hibernate.cfg.InheritanceState.determineDefaultAccessType(InheritanceState.java:266) ~[hibernate-core-5.6.14.Final.jar:5.6.14.Final]
	at org.hibernate.cfg.InheritanceState.getElementsToProcess(InheritanceState.java:211) ~[hibernate-core-5.6.14.Final.jar:5.6.14.Final]
	at org.hibernate.cfg.InheritanceState.hasIdClassOrEmbeddedId(InheritanceState.java:185) ~[hibernate-core-5.6.14.Final.jar:5.6.14.Final]
	at org.hibernate.cfg.AnnotationBinder.processElementAnnotations(AnnotationBinder.java:2253) ~[hibernate-core-5.6.14.Final.jar:5.6.14.Final]
	at org.hibernate.cfg.AnnotationBinder.fillComponent(AnnotationBinder.java:2816) ~[hibernate-core-5.6.14.Final.jar:5.6.14.Final]
	at org.hibernate.cfg.AnnotationBinder.fillComponent(AnnotationBinder.java:2698) ~[hibernate-core-5.6.14.Final.jar:5.6.14.Final]
	at org.hibernate.cfg.AnnotationBinder.bindComponent(AnnotationBinder.java:2646) ~[hibernate-core-5.6.14.Final.jar:5.6.14.Final]
	at org.hibernate.cfg.AnnotationBinder.processElementAnnotations(AnnotationBinder.java:2275) ~[hibernate-core-5.6.14.Final.jar:5.6.14.Final]
	at org.hibernate.cfg.AnnotationBinder.processIdPropertiesIfNotAlready(AnnotationBinder.java:968) ~[hibernate-core-5.6.14.Final.jar:5.6.14.Final]
	at org.hibernate.cfg.AnnotationBinder.bindClass(AnnotationBinder.java:793) ~[hibernate-core-5.6.14.Final.jar:5.6.14.Final]
	at org.hibernate.boot.model.source.internal.annotations.AnnotationMetadataSourceProcessorImpl.processEntityHierarchies(AnnotationMetadataSourceProcessorImpl.java:225) ~[hibernate-core-5.6.14.Final.jar:5.6.14.Final]
	at org.hibernate.boot.model.process.spi.MetadataBuildingProcess$1.processEntityHierarchies(MetadataBuildingProcess.java:239) ~[hibernate-core-5.6.14.Final.jar:5.6.14.Final]
	at org.hibernate.boot.model.process.spi.MetadataBuildingProcess.complete(MetadataBuildingProcess.java:282) ~[hibernate-core-5.6.14.Final.jar:5.6.14.Final]
	at org.hibernate.jpa.boot.internal.EntityManagerFactoryBuilderImpl.metadata(EntityManagerFactoryBuilderImpl.java:1460) ~[hibernate-core-5.6.14.Final.jar:5.6.14.Final]
	at org.hibernate.jpa.boot.internal.EntityManagerFactoryBuilderImpl.build(EntityManagerFactoryBuilderImpl.java:1494) ~[hibernate-core-5.6.14.Final.jar:5.6.14.Final]
	at org.springframework.orm.jpa.vendor.SpringHibernateJpaPersistenceProvider.createContainerEntityManagerFactory(SpringHibernateJpaPersistenceProvider.java:58) ~[spring-orm-5.3.24.jar:5.3.24]
	at org.springframework.orm.jpa.LocalContainerEntityManagerFactoryBean.createNativeEntityManagerFactory(LocalContainerEntityManagerFactoryBean.java:365) ~[spring-orm-5.3.24.jar:5.3.24]
	at org.springframework.orm.jpa.AbstractEntityManagerFactoryBean.buildNativeEntityManagerFactory(AbstractEntityManagerFactoryBean.java:409) ~[spring-orm-5.3.24.jar:5.3.24]
	at org.springframework.orm.jpa.AbstractEntityManagerFactoryBean.afterPropertiesSet(AbstractEntityManagerFactoryBean.java:396) ~[spring-orm-5.3.24.jar:5.3.24]
	at org.springframework.orm.jpa.LocalContainerEntityManagerFactoryBean.afterPropertiesSet(LocalContainerEntityManagerFactoryBean.java:341) ~[spring-orm-5.3.24.jar:5.3.24]
	at org.springframework.beans.factory.support.AbstractAutowireCapableBeanFactory.invokeInitMethods(AbstractAutowireCapableBeanFactory.java:1863) ~[spring-beans-5.3.24.jar:5.3.24]
	at org.springframework.beans.factory.support.AbstractAutowireCapableBeanFactory.initializeBean(AbstractAutowireCapableBeanFactory.java:1800) ~[spring-beans-5.3.24.jar:5.3.24]
	... 102 common frames omitted

2023-04-02 22:07:15.100 ERROR 13239 --- [    Test worker] o.s.test.context.TestContextManager      : Caught exception while allowing TestExecutionListener [org.springframework.test.context.web.ServletTestExecutionListener@54227100] to prepare test instance [com.raderleao.admin.catalogo.e2e.category.CategoryE2ETest@606d2a92]

java.lang.IllegalStateException: Failed to load ApplicationContext
	at org.springframework.test.context.cache.DefaultCacheAwareContextLoaderDelegate.loadContext(DefaultCacheAwareContextLoaderDelegate.java:98) ~[spring-test-5.3.24.jar:5.3.24]
	at org.springframework.test.context.support.DefaultTestContext.getApplicationContext(DefaultTestContext.java:124) ~[spring-test-5.3.24.jar:5.3.24]
	at org.springframework.test.context.web.ServletTestExecutionListener.setUpRequestContextIfNecessary(ServletTestExecutionListener.java:190) ~[spring-test-5.3.24.jar:5.3.24]
	at org.springframework.test.context.web.ServletTestExecutionListener.prepareTestInstance(ServletTestExecutionListener.java:132) ~[spring-test-5.3.24.jar:5.3.24]
	at org.springframework.test.context.TestContextManager.prepareTestInstance(TestContextManager.java:248) ~[spring-test-5.3.24.jar:5.3.24]
	at org.springframework.test.context.junit.jupiter.SpringExtension.postProcessTestInstance(SpringExtension.java:138) ~[spring-test-5.3.24.jar:5.3.24]
	at org.junit.jupiter.engine.descriptor.ClassBasedTestDescriptor.lambda$invokeTestInstancePostProcessors$8(ClassBasedTestDescriptor.java:363) ~[junit-jupiter-engine-5.8.2.jar:5.8.2]
	at org.junit.jupiter.engine.descriptor.ClassBasedTestDescriptor.executeAndMaskThrowable(ClassBasedTestDescriptor.java:368) ~[junit-jupiter-engine-5.8.2.jar:5.8.2]
	at org.junit.jupiter.engine.descriptor.ClassBasedTestDescriptor.lambda$invokeTestInstancePostProcessors$9(ClassBasedTestDescriptor.java:363) ~[junit-jupiter-engine-5.8.2.jar:5.8.2]
	at java.base/java.util.stream.ReferencePipeline$3$1.accept(ReferencePipeline.java:197) ~[na:na]
	at java.base/java.util.stream.ReferencePipeline$2$1.accept(ReferencePipeline.java:179) ~[na:na]
	at java.base/java.util.ArrayList$ArrayListSpliterator.forEachRemaining(ArrayList.java:1625) ~[na:na]
	at java.base/java.util.stream.AbstractPipeline.copyInto(AbstractPipeline.java:509) ~[na:na]
	at java.base/java.util.stream.AbstractPipeline.wrapAndCopyInto(AbstractPipeline.java:499) ~[na:na]
	at java.base/java.util.stream.StreamSpliterators$WrappingSpliterator.forEachRemaining(StreamSpliterators.java:310) ~[na:na]
	at java.base/java.util.stream.Streams$ConcatSpliterator.forEachRemaining(Streams.java:735) ~[na:na]
	at java.base/java.util.stream.Streams$ConcatSpliterator.forEachRemaining(Streams.java:734) ~[na:na]
	at java.base/java.util.stream.ReferencePipeline$Head.forEach(ReferencePipeline.java:762) ~[na:na]
	at org.junit.jupiter.engine.descriptor.ClassBasedTestDescriptor.invokeTestInstancePostProcessors(ClassBasedTestDescriptor.java:362) ~[junit-jupiter-engine-5.8.2.jar:5.8.2]
	at org.junit.jupiter.engine.descriptor.ClassBasedTestDescriptor.lambda$instantiateAndPostProcessTestInstance$6(ClassBasedTestDescriptor.java:283) ~[junit-jupiter-engine-5.8.2.jar:5.8.2]
	at org.junit.platform.engine.support.hierarchical.ThrowableCollector.execute(ThrowableCollector.java:73) ~[junit-platform-engine-1.8.2.jar:1.8.2]
	at org.junit.jupiter.engine.descriptor.ClassBasedTestDescriptor.instantiateAndPostProcessTestInstance(ClassBasedTestDescriptor.java:282) ~[junit-jupiter-engine-5.8.2.jar:5.8.2]
	at org.junit.jupiter.engine.descriptor.ClassBasedTestDescriptor.lambda$testInstancesProvider$4(ClassBasedTestDescriptor.java:272) ~[junit-jupiter-engine-5.8.2.jar:5.8.2]
	at java.base/java.util.Optional.orElseGet(Optional.java:364) ~[na:na]
	at org.junit.jupiter.engine.descriptor.ClassBasedTestDescriptor.lambda$testInstancesProvider$5(ClassBasedTestDescriptor.java:271) ~[junit-jupiter-engine-5.8.2.jar:5.8.2]
	at org.junit.jupiter.engine.execution.TestInstancesProvider.getTestInstances(TestInstancesProvider.java:31) ~[junit-jupiter-engine-5.8.2.jar:5.8.2]
	at org.junit.jupiter.engine.descriptor.TestMethodTestDescriptor.lambda$prepare$0(TestMethodTestDescriptor.java:102) ~[junit-jupiter-engine-5.8.2.jar:5.8.2]
	at org.junit.platform.engine.support.hierarchical.ThrowableCollector.execute(ThrowableCollector.java:73) ~[junit-platform-engine-1.8.2.jar:1.8.2]
	at org.junit.jupiter.engine.descriptor.TestMethodTestDescriptor.prepare(TestMethodTestDescriptor.java:101) ~[junit-jupiter-engine-5.8.2.jar:5.8.2]
	at org.junit.jupiter.engine.descriptor.TestMethodTestDescriptor.prepare(TestMethodTestDescriptor.java:66) ~[junit-jupiter-engine-5.8.2.jar:5.8.2]
	at org.junit.platform.engine.support.hierarchical.NodeTestTask.lambda$prepare$2(NodeTestTask.java:123) ~[junit-platform-engine-1.8.2.jar:1.8.2]
	at org.junit.platform.engine.support.hierarchical.ThrowableCollector.execute(ThrowableCollector.java:73) ~[junit-platform-engine-1.8.2.jar:1.8.2]
	at org.junit.platform.engine.support.hierarchical.NodeTestTask.prepare(NodeTestTask.java:123) ~[junit-platform-engine-1.8.2.jar:1.8.2]
	at org.junit.platform.engine.support.hierarchical.NodeTestTask.execute(NodeTestTask.java:90) ~[junit-platform-engine-1.8.2.jar:1.8.2]
	at java.base/java.util.ArrayList.forEach(ArrayList.java:1511) ~[na:na]
	at org.junit.platform.engine.support.hierarchical.SameThreadHierarchicalTestExecutorService.invokeAll(SameThreadHierarchicalTestExecutorService.java:41) ~[junit-platform-engine-1.8.2.jar:1.8.2]
	at org.junit.platform.engine.support.hierarchical.NodeTestTask.lambda$executeRecursively$6(NodeTestTask.java:155) ~[junit-platform-engine-1.8.2.jar:1.8.2]
	at org.junit.platform.engine.support.hierarchical.ThrowableCollector.execute(ThrowableCollector.java:73) ~[junit-platform-engine-1.8.2.jar:1.8.2]
	at org.junit.platform.engine.support.hierarchical.NodeTestTask.lambda$executeRecursively$8(NodeTestTask.java:141) ~[junit-platform-engine-1.8.2.jar:1.8.2]
	at org.junit.platform.engine.support.hierarchical.Node.around(Node.java:137) ~[junit-platform-engine-1.8.2.jar:1.8.2]
	at org.junit.platform.engine.support.hierarchical.NodeTestTask.lambda$executeRecursively$9(NodeTestTask.java:139) ~[junit-platform-engine-1.8.2.jar:1.8.2]
	at org.junit.platform.engine.support.hierarchical.ThrowableCollector.execute(ThrowableCollector.java:73) ~[junit-platform-engine-1.8.2.jar:1.8.2]
	at org.junit.platform.engine.support.hierarchical.NodeTestTask.executeRecursively(NodeTestTask.java:138) ~[junit-platform-engine-1.8.2.jar:1.8.2]
	at org.junit.platform.engine.support.hierarchical.NodeTestTask.execute(NodeTestTask.java:95) ~[junit-platform-engine-1.8.2.jar:1.8.2]
	at java.base/java.util.ArrayList.forEach(ArrayList.java:1511) ~[na:na]
	at org.junit.platform.engine.support.hierarchical.SameThreadHierarchicalTestExecutorService.invokeAll(SameThreadHierarchicalTestExecutorService.java:41) ~[junit-platform-engine-1.8.2.jar:1.8.2]
	at org.junit.platform.engine.support.hierarchical.NodeTestTask.lambda$executeRecursively$6(NodeTestTask.java:155) ~[junit-platform-engine-1.8.2.jar:1.8.2]
	at org.junit.platform.engine.support.hierarchical.ThrowableCollector.execute(ThrowableCollector.java:73) ~[junit-platform-engine-1.8.2.jar:1.8.2]
	at org.junit.platform.engine.support.hierarchical.NodeTestTask.lambda$executeRecursively$8(NodeTestTask.java:141) ~[junit-platform-engine-1.8.2.jar:1.8.2]
	at org.junit.platform.engine.support.hierarchical.Node.around(Node.java:137) ~[junit-platform-engine-1.8.2.jar:1.8.2]
	at org.junit.platform.engine.support.hierarchical.NodeTestTask.lambda$executeRecursively$9(NodeTestTask.java:139) ~[junit-platform-engine-1.8.2.jar:1.8.2]
	at org.junit.platform.engine.support.hierarchical.ThrowableCollector.execute(ThrowableCollector.java:73) ~[junit-platform-engine-1.8.2.jar:1.8.2]
	at org.junit.platform.engine.support.hierarchical.NodeTestTask.executeRecursively(NodeTestTask.java:138) ~[junit-platform-engine-1.8.2.jar:1.8.2]
	at org.junit.platform.engine.support.hierarchical.NodeTestTask.execute(NodeTestTask.java:95) ~[junit-platform-engine-1.8.2.jar:1.8.2]
	at org.junit.platform.engine.support.hierarchical.SameThreadHierarchicalTestExecutorService.submit(SameThreadHierarchicalTestExecutorService.java:35) ~[junit-platform-engine-1.8.2.jar:1.8.2]
	at org.junit.platform.engine.support.hierarchical.HierarchicalTestExecutor.execute(HierarchicalTestExecutor.java:57) ~[junit-platform-engine-1.8.2.jar:1.8.2]
	at org.junit.platform.engine.support.hierarchical.HierarchicalTestEngine.execute(HierarchicalTestEngine.java:54) ~[junit-platform-engine-1.8.2.jar:1.8.2]
	at org.junit.platform.launcher.core.EngineExecutionOrchestrator.execute(EngineExecutionOrchestrator.java:107) ~[na:na]
	at org.junit.platform.launcher.core.EngineExecutionOrchestrator.execute(EngineExecutionOrchestrator.java:88) ~[na:na]
	at org.junit.platform.launcher.core.EngineExecutionOrchestrator.lambda$execute$0(EngineExecutionOrchestrator.java:54) ~[na:na]
	at org.junit.platform.launcher.core.EngineExecutionOrchestrator.withInterceptedStreams(EngineExecutionOrchestrator.java:67) ~[na:na]
	at org.junit.platform.launcher.core.EngineExecutionOrchestrator.execute(EngineExecutionOrchestrator.java:52) ~[na:na]
	at org.junit.platform.launcher.core.DefaultLauncher.execute(DefaultLauncher.java:114) ~[na:na]
	at org.junit.platform.launcher.core.DefaultLauncher.execute(DefaultLauncher.java:86) ~[na:na]
	at org.junit.platform.launcher.core.DefaultLauncherSession$DelegatingLauncher.execute(DefaultLauncherSession.java:86) ~[na:na]
	at org.junit.platform.launcher.core.SessionPerRequestLauncher.execute(SessionPerRequestLauncher.java:53) ~[na:na]
	at org.gradle.api.internal.tasks.testing.junitplatform.JUnitPlatformTestClassProcessor$CollectAllTestClassesExecutor.processAllTestClasses(JUnitPlatformTestClassProcessor.java:99) ~[na:na]
	at org.gradle.api.internal.tasks.testing.junitplatform.JUnitPlatformTestClassProcessor$CollectAllTestClassesExecutor.access$000(JUnitPlatformTestClassProcessor.java:79) ~[na:na]
	at org.gradle.api.internal.tasks.testing.junitplatform.JUnitPlatformTestClassProcessor.stop(JUnitPlatformTestClassProcessor.java:75) ~[na:na]
	at org.gradle.api.internal.tasks.testing.SuiteTestClassProcessor.stop(SuiteTestClassProcessor.java:62) ~[na:na]
	at java.base/jdk.internal.reflect.NativeMethodAccessorImpl.invoke0(Native Method) ~[na:na]
	at java.base/jdk.internal.reflect.NativeMethodAccessorImpl.invoke(NativeMethodAccessorImpl.java:77) ~[na:na]
	at java.base/jdk.internal.reflect.DelegatingMethodAccessorImpl.invoke(DelegatingMethodAccessorImpl.java:43) ~[na:na]
	at java.base/java.lang.reflect.Method.invoke(Method.java:568) ~[na:na]
	at org.gradle.internal.dispatch.ReflectionDispatch.dispatch(ReflectionDispatch.java:36) ~[na:na]
	at org.gradle.internal.dispatch.ReflectionDispatch.dispatch(ReflectionDispatch.java:24) ~[na:na]
	at org.gradle.internal.dispatch.ContextClassLoaderDispatch.dispatch(ContextClassLoaderDispatch.java:33) ~[na:na]
	at org.gradle.internal.dispatch.ProxyDispatchAdapter$DispatchingInvocationHandler.invoke(ProxyDispatchAdapter.java:94) ~[na:na]
	at jdk.proxy1/jdk.proxy1.$Proxy2.stop(Unknown Source) ~[na:na]
	at org.gradle.api.internal.tasks.testing.worker.TestWorker$3.run(TestWorker.java:193) ~[na:na]
	at org.gradle.api.internal.tasks.testing.worker.TestWorker.executeAndMaintainThreadName(TestWorker.java:129) ~[na:na]
	at org.gradle.api.internal.tasks.testing.worker.TestWorker.execute(TestWorker.java:100) ~[na:na]
	at org.gradle.api.internal.tasks.testing.worker.TestWorker.execute(TestWorker.java:60) ~[na:na]
	at org.gradle.process.internal.worker.child.ActionExecutionWorker.execute(ActionExecutionWorker.java:56) ~[na:na]
	at org.gradle.process.internal.worker.child.SystemApplicationClassLoaderWorker.call(SystemApplicationClassLoaderWorker.java:113) ~[na:na]
	at org.gradle.process.internal.worker.child.SystemApplicationClassLoaderWorker.call(SystemApplicationClassLoaderWorker.java:65) ~[na:na]
	at worker.org.gradle.process.internal.worker.GradleWorkerMain.run(GradleWorkerMain.java:69) ~[gradle-worker.jar:na]
	at worker.org.gradle.process.internal.worker.GradleWorkerMain.main(GradleWorkerMain.java:74) ~[gradle-worker.jar:na]
Caused by: org.springframework.beans.factory.BeanCreationException: Error creating bean with name 'entityManagerFactory' defined in class path resource [org/springframework/boot/autoconfigure/orm/jpa/HibernateJpaConfiguration.class]: Invocation of init method failed; nested exception is org.hibernate.AnnotationException: No identifier specified for entity: com.raderleao.admin.catalogo.infrastructure.genre.persistence.GenreJpaEntity
	at org.springframework.beans.factory.support.AbstractAutowireCapableBeanFactory.initializeBean(AbstractAutowireCapableBeanFactory.java:1804) ~[spring-beans-5.3.24.jar:5.3.24]
	at org.springframework.beans.factory.support.AbstractAutowireCapableBeanFactory.doCreateBean(AbstractAutowireCapableBeanFactory.java:620) ~[spring-beans-5.3.24.jar:5.3.24]
	at org.springframework.beans.factory.support.AbstractAutowireCapableBeanFactory.createBean(AbstractAutowireCapableBeanFactory.java:542) ~[spring-beans-5.3.24.jar:5.3.24]
	at org.springframework.beans.factory.support.AbstractBeanFactory.lambda$doGetBean$0(AbstractBeanFactory.java:335) ~[spring-beans-5.3.24.jar:5.3.24]
	at org.springframework.beans.factory.support.DefaultSingletonBeanRegistry.getSingleton(DefaultSingletonBeanRegistry.java:234) ~[spring-beans-5.3.24.jar:5.3.24]
	at org.springframework.beans.factory.support.AbstractBeanFactory.doGetBean(AbstractBeanFactory.java:333) ~[spring-beans-5.3.24.jar:5.3.24]
	at org.springframework.beans.factory.support.AbstractBeanFactory.getBean(AbstractBeanFactory.java:208) ~[spring-beans-5.3.24.jar:5.3.24]
	at org.springframework.context.support.AbstractApplicationContext.getBean(AbstractApplicationContext.java:1154) ~[spring-context-5.3.24.jar:5.3.24]
	at org.springframework.context.support.AbstractApplicationContext.finishBeanFactoryInitialization(AbstractApplicationContext.java:908) ~[spring-context-5.3.24.jar:5.3.24]
	at org.springframework.context.support.AbstractApplicationContext.refresh(AbstractApplicationContext.java:583) ~[spring-context-5.3.24.jar:5.3.24]
	at org.springframework.boot.SpringApplication.refresh(SpringApplication.java:731) ~[spring-boot-2.7.7.jar:2.7.7]
	at org.springframework.boot.SpringApplication.refreshContext(SpringApplication.java:408) ~[spring-boot-2.7.7.jar:2.7.7]
	at org.springframework.boot.SpringApplication.run(SpringApplication.java:307) ~[spring-boot-2.7.7.jar:2.7.7]
	at org.springframework.boot.test.context.SpringBootContextLoader.loadContext(SpringBootContextLoader.java:136) ~[spring-boot-test-2.7.7.jar:2.7.7]
	at org.springframework.test.context.cache.DefaultCacheAwareContextLoaderDelegate.loadContextInternal(DefaultCacheAwareContextLoaderDelegate.java:141) ~[spring-test-5.3.24.jar:5.3.24]
	at org.springframework.test.context.cache.DefaultCacheAwareContextLoaderDelegate.loadContext(DefaultCacheAwareContextLoaderDelegate.java:90) ~[spring-test-5.3.24.jar:5.3.24]
	... 87 common frames omitted
Caused by: org.hibernate.AnnotationException: No identifier specified for entity: com.raderleao.admin.catalogo.infrastructure.genre.persistence.GenreJpaEntity
	at org.hibernate.cfg.InheritanceState.determineDefaultAccessType(InheritanceState.java:266) ~[hibernate-core-5.6.14.Final.jar:5.6.14.Final]
	at org.hibernate.cfg.InheritanceState.getElementsToProcess(InheritanceState.java:211) ~[hibernate-core-5.6.14.Final.jar:5.6.14.Final]
	at org.hibernate.cfg.InheritanceState.hasIdClassOrEmbeddedId(InheritanceState.java:185) ~[hibernate-core-5.6.14.Final.jar:5.6.14.Final]
	at org.hibernate.cfg.AnnotationBinder.processElementAnnotations(AnnotationBinder.java:2253) ~[hibernate-core-5.6.14.Final.jar:5.6.14.Final]
	at org.hibernate.cfg.AnnotationBinder.fillComponent(AnnotationBinder.java:2816) ~[hibernate-core-5.6.14.Final.jar:5.6.14.Final]
	at org.hibernate.cfg.AnnotationBinder.fillComponent(AnnotationBinder.java:2698) ~[hibernate-core-5.6.14.Final.jar:5.6.14.Final]
	at org.hibernate.cfg.AnnotationBinder.bindComponent(AnnotationBinder.java:2646) ~[hibernate-core-5.6.14.Final.jar:5.6.14.Final]
	at org.hibernate.cfg.AnnotationBinder.processElementAnnotations(AnnotationBinder.java:2275) ~[hibernate-core-5.6.14.Final.jar:5.6.14.Final]
	at org.hibernate.cfg.AnnotationBinder.processIdPropertiesIfNotAlready(AnnotationBinder.java:968) ~[hibernate-core-5.6.14.Final.jar:5.6.14.Final]
	at org.hibernate.cfg.AnnotationBinder.bindClass(AnnotationBinder.java:793) ~[hibernate-core-5.6.14.Final.jar:5.6.14.Final]
	at org.hibernate.boot.model.source.internal.annotations.AnnotationMetadataSourceProcessorImpl.processEntityHierarchies(AnnotationMetadataSourceProcessorImpl.java:225) ~[hibernate-core-5.6.14.Final.jar:5.6.14.Final]
	at org.hibernate.boot.model.process.spi.MetadataBuildingProcess$1.processEntityHierarchies(MetadataBuildingProcess.java:239) ~[hibernate-core-5.6.14.Final.jar:5.6.14.Final]
	at org.hibernate.boot.model.process.spi.MetadataBuildingProcess.complete(MetadataBuildingProcess.java:282) ~[hibernate-core-5.6.14.Final.jar:5.6.14.Final]
	at org.hibernate.jpa.boot.internal.EntityManagerFactoryBuilderImpl.metadata(EntityManagerFactoryBuilderImpl.java:1460) ~[hibernate-core-5.6.14.Final.jar:5.6.14.Final]
	at org.hibernate.jpa.boot.internal.EntityManagerFactoryBuilderImpl.build(EntityManagerFactoryBuilderImpl.java:1494) ~[hibernate-core-5.6.14.Final.jar:5.6.14.Final]
	at org.springframework.orm.jpa.vendor.SpringHibernateJpaPersistenceProvider.createContainerEntityManagerFactory(SpringHibernateJpaPersistenceProvider.java:58) ~[spring-orm-5.3.24.jar:5.3.24]
	at org.springframework.orm.jpa.LocalContainerEntityManagerFactoryBean.createNativeEntityManagerFactory(LocalContainerEntityManagerFactoryBean.java:365) ~[spring-orm-5.3.24.jar:5.3.24]
	at org.springframework.orm.jpa.AbstractEntityManagerFactoryBean.buildNativeEntityManagerFactory(AbstractEntityManagerFactoryBean.java:409) ~[spring-orm-5.3.24.jar:5.3.24]
	at org.springframework.orm.jpa.AbstractEntityManagerFactoryBean.afterPropertiesSet(AbstractEntityManagerFactoryBean.java:396) ~[spring-orm-5.3.24.jar:5.3.24]
	at org.springframework.orm.jpa.LocalContainerEntityManagerFactoryBean.afterPropertiesSet(LocalContainerEntityManagerFactoryBean.java:341) ~[spring-orm-5.3.24.jar:5.3.24]
	at org.springframework.beans.factory.support.AbstractAutowireCapableBeanFactory.invokeInitMethods(AbstractAutowireCapableBeanFactory.java:1863) ~[spring-beans-5.3.24.jar:5.3.24]
	at org.springframework.beans.factory.support.AbstractAutowireCapableBeanFactory.initializeBean(AbstractAutowireCapableBeanFactory.java:1800) ~[spring-beans-5.3.24.jar:5.3.24]
	... 102 common frames omitted


  .   ____          _            __ _ _
 /\\ / ___'_ __ _ _(_)_ __  __ _ \ \ \ \
( ( )\___ | '_ | '_| | '_ \/ _` | \ \ \ \
 \\/  ___)| |_)| | | | | || (_| |  ) ) ) )
  '  |____| .__|_| |_|_| |_\__, | / / / /
 =========|_|==============|___/=/_/_/_/
 :: Spring Boot ::                (v2.7.7)

2023-04-02 22:07:15.114  INFO 13239 --- [    Test worker] c.r.a.c.e2e.category.CategoryE2ETest     : Starting CategoryE2ETest using Java 17.0.2 on RaderLeao-MacBook-Air.local with PID 13239 (started by raderleao in /Users/raderleao/src/dev/Workspace/admin-do-catalogo/infrastructure)
2023-04-02 22:07:15.115  INFO 13239 --- [    Test worker] c.r.a.c.e2e.category.CategoryE2ETest     : The following 1 profile is active: "test-e2e"
2023-04-02 22:07:15.189  INFO 13239 --- [    Test worker] .s.d.r.c.RepositoryConfigurationDelegate : Bootstrapping Spring Data JPA repositories in DEFAULT mode.
2023-04-02 22:07:15.193  INFO 13239 --- [    Test worker] .s.d.r.c.RepositoryConfigurationDelegate : Finished Spring Data repository scanning in 3 ms. Found 2 JPA repository interfaces.
2023-04-02 22:07:15.234  INFO 13239 --- [    Test worker] o.f.c.internal.license.VersionPrinter    : Flyway Community Edition 8.5.13 by Redgate
2023-04-02 22:07:15.234  INFO 13239 --- [    Test worker] o.f.c.internal.license.VersionPrinter    : See what's new here: https://flywaydb.org/documentation/learnmore/releaseNotes#8.5.13
2023-04-02 22:07:15.234  INFO 13239 --- [    Test worker] o.f.c.internal.license.VersionPrinter    : 
2023-04-02 22:07:15.234  WARN 13239 --- [    Test worker] com.zaxxer.hikari.HikariConfig           : master - idleTimeout is close to or more than maxLifetime, disabling it.
2023-04-02 22:07:15.234  INFO 13239 --- [    Test worker] com.zaxxer.hikari.HikariDataSource       : master - Starting...
2023-04-02 22:07:15.253  INFO 13239 --- [    Test worker] com.zaxxer.hikari.HikariDataSource       : master - Start completed.
2023-04-02 22:07:15.254  INFO 13239 --- [    Test worker] o.f.c.i.database.base.BaseDatabaseType   : Database: jdbc:mysql://localhost:50897/adm_videos (MySQL 8.0)
2023-04-02 22:07:15.284  INFO 13239 --- [    Test worker] o.f.core.internal.command.DbValidate     : Successfully validated 1 migration (execution time 00:00.008s)
2023-04-02 22:07:15.294  INFO 13239 --- [    Test worker] o.f.core.internal.command.DbMigrate      : Current version of schema `adm_videos`: 1
2023-04-02 22:07:15.295  INFO 13239 --- [    Test worker] o.f.core.internal.command.DbMigrate      : Schema `adm_videos` is up to date. No migration necessary.
2023-04-02 22:07:15.312  INFO 13239 --- [    Test worker] o.hibernate.jpa.internal.util.LogHelper  : HHH000204: Processing PersistenceUnitInfo [name: default]
2023-04-02 22:07:15.314  INFO 13239 --- [    Test worker] org.hibernate.dialect.Dialect            : HHH000400: Using dialect: org.hibernate.dialect.MySQL5InnoDBDialect
2023-04-02 22:07:15.317 ERROR 13239 --- [    Test worker] j.LocalContainerEntityManagerFactoryBean : Failed to initialize JPA EntityManagerFactory: No identifier specified for entity: com.raderleao.admin.catalogo.infrastructure.genre.persistence.GenreJpaEntity
2023-04-02 22:07:15.318  WARN 13239 --- [    Test worker] o.s.w.c.s.GenericWebApplicationContext   : Exception encountered during context initialization - cancelling refresh attempt: org.springframework.beans.factory.BeanCreationException: Error creating bean with name 'entityManagerFactory' defined in class path resource [org/springframework/boot/autoconfigure/orm/jpa/HibernateJpaConfiguration.class]: Invocation of init method failed; nested exception is org.hibernate.AnnotationException: No identifier specified for entity: com.raderleao.admin.catalogo.infrastructure.genre.persistence.GenreJpaEntity
2023-04-02 22:07:15.318  INFO 13239 --- [    Test worker] com.zaxxer.hikari.HikariDataSource       : master - Shutdown initiated...
2023-04-02 22:07:15.320  INFO 13239 --- [    Test worker] com.zaxxer.hikari.HikariDataSource       : master - Shutdown completed.
2023-04-02 22:07:15.323  INFO 13239 --- [    Test worker] ConditionEvaluationReportLoggingListener : 

Error starting ApplicationContext. To display the conditions report re-run your application with 'debug' enabled.
2023-04-02 22:07:15.325 ERROR 13239 --- [    Test worker] o.s.boot.SpringApplication               : Application run failed

org.springframework.beans.factory.BeanCreationException: Error creating bean with name 'entityManagerFactory' defined in class path resource [org/springframework/boot/autoconfigure/orm/jpa/HibernateJpaConfiguration.class]: Invocation of init method failed; nested exception is org.hibernate.AnnotationException: No identifier specified for entity: com.raderleao.admin.catalogo.infrastructure.genre.persistence.GenreJpaEntity
	at org.springframework.beans.factory.support.AbstractAutowireCapableBeanFactory.initializeBean(AbstractAutowireCapableBeanFactory.java:1804) ~[spring-beans-5.3.24.jar:5.3.24]
	at org.springframework.beans.factory.support.AbstractAutowireCapableBeanFactory.doCreateBean(AbstractAutowireCapableBeanFactory.java:620) ~[spring-beans-5.3.24.jar:5.3.24]
	at org.springframework.beans.factory.support.AbstractAutowireCapableBeanFactory.createBean(AbstractAutowireCapableBeanFactory.java:542) ~[spring-beans-5.3.24.jar:5.3.24]
	at org.springframework.beans.factory.support.AbstractBeanFactory.lambda$doGetBean$0(AbstractBeanFactory.java:335) ~[spring-beans-5.3.24.jar:5.3.24]
	at org.springframework.beans.factory.support.DefaultSingletonBeanRegistry.getSingleton(DefaultSingletonBeanRegistry.java:234) ~[spring-beans-5.3.24.jar:5.3.24]
	at org.springframework.beans.factory.support.AbstractBeanFactory.doGetBean(AbstractBeanFactory.java:333) ~[spring-beans-5.3.24.jar:5.3.24]
	at org.springframework.beans.factory.support.AbstractBeanFactory.getBean(AbstractBeanFactory.java:208) ~[spring-beans-5.3.24.jar:5.3.24]
	at org.springframework.context.support.AbstractApplicationContext.getBean(AbstractApplicationContext.java:1154) ~[spring-context-5.3.24.jar:5.3.24]
	at org.springframework.context.support.AbstractApplicationContext.finishBeanFactoryInitialization(AbstractApplicationContext.java:908) ~[spring-context-5.3.24.jar:5.3.24]
	at org.springframework.context.support.AbstractApplicationContext.refresh(AbstractApplicationContext.java:583) ~[spring-context-5.3.24.jar:5.3.24]
	at org.springframework.boot.SpringApplication.refresh(SpringApplication.java:731) ~[spring-boot-2.7.7.jar:2.7.7]
	at org.springframework.boot.SpringApplication.refreshContext(SpringApplication.java:408) ~[spring-boot-2.7.7.jar:2.7.7]
	at org.springframework.boot.SpringApplication.run(SpringApplication.java:307) ~[spring-boot-2.7.7.jar:2.7.7]
	at org.springframework.boot.test.context.SpringBootContextLoader.loadContext(SpringBootContextLoader.java:136) ~[spring-boot-test-2.7.7.jar:2.7.7]
	at org.springframework.test.context.cache.DefaultCacheAwareContextLoaderDelegate.loadContextInternal(DefaultCacheAwareContextLoaderDelegate.java:141) ~[spring-test-5.3.24.jar:5.3.24]
	at org.springframework.test.context.cache.DefaultCacheAwareContextLoaderDelegate.loadContext(DefaultCacheAwareContextLoaderDelegate.java:90) ~[spring-test-5.3.24.jar:5.3.24]
	at org.springframework.test.context.support.DefaultTestContext.getApplicationContext(DefaultTestContext.java:124) ~[spring-test-5.3.24.jar:5.3.24]
	at org.springframework.test.context.web.ServletTestExecutionListener.setUpRequestContextIfNecessary(ServletTestExecutionListener.java:190) ~[spring-test-5.3.24.jar:5.3.24]
	at org.springframework.test.context.web.ServletTestExecutionListener.prepareTestInstance(ServletTestExecutionListener.java:132) ~[spring-test-5.3.24.jar:5.3.24]
	at org.springframework.test.context.TestContextManager.prepareTestInstance(TestContextManager.java:248) ~[spring-test-5.3.24.jar:5.3.24]
	at org.springframework.test.context.junit.jupiter.SpringExtension.postProcessTestInstance(SpringExtension.java:138) ~[spring-test-5.3.24.jar:5.3.24]
	at org.junit.jupiter.engine.descriptor.ClassBasedTestDescriptor.lambda$invokeTestInstancePostProcessors$8(ClassBasedTestDescriptor.java:363) ~[junit-jupiter-engine-5.8.2.jar:5.8.2]
	at org.junit.jupiter.engine.descriptor.ClassBasedTestDescriptor.executeAndMaskThrowable(ClassBasedTestDescriptor.java:368) ~[junit-jupiter-engine-5.8.2.jar:5.8.2]
	at org.junit.jupiter.engine.descriptor.ClassBasedTestDescriptor.lambda$invokeTestInstancePostProcessors$9(ClassBasedTestDescriptor.java:363) ~[junit-jupiter-engine-5.8.2.jar:5.8.2]
	at java.base/java.util.stream.ReferencePipeline$3$1.accept(ReferencePipeline.java:197) ~[na:na]
	at java.base/java.util.stream.ReferencePipeline$2$1.accept(ReferencePipeline.java:179) ~[na:na]
	at java.base/java.util.ArrayList$ArrayListSpliterator.forEachRemaining(ArrayList.java:1625) ~[na:na]
	at java.base/java.util.stream.AbstractPipeline.copyInto(AbstractPipeline.java:509) ~[na:na]
	at java.base/java.util.stream.AbstractPipeline.wrapAndCopyInto(AbstractPipeline.java:499) ~[na:na]
	at java.base/java.util.stream.StreamSpliterators$WrappingSpliterator.forEachRemaining(StreamSpliterators.java:310) ~[na:na]
	at java.base/java.util.stream.Streams$ConcatSpliterator.forEachRemaining(Streams.java:735) ~[na:na]
	at java.base/java.util.stream.Streams$ConcatSpliterator.forEachRemaining(Streams.java:734) ~[na:na]
	at java.base/java.util.stream.ReferencePipeline$Head.forEach(ReferencePipeline.java:762) ~[na:na]
	at org.junit.jupiter.engine.descriptor.ClassBasedTestDescriptor.invokeTestInstancePostProcessors(ClassBasedTestDescriptor.java:362) ~[junit-jupiter-engine-5.8.2.jar:5.8.2]
	at org.junit.jupiter.engine.descriptor.ClassBasedTestDescriptor.lambda$instantiateAndPostProcessTestInstance$6(ClassBasedTestDescriptor.java:283) ~[junit-jupiter-engine-5.8.2.jar:5.8.2]
	at org.junit.platform.engine.support.hierarchical.ThrowableCollector.execute(ThrowableCollector.java:73) ~[junit-platform-engine-1.8.2.jar:1.8.2]
	at org.junit.jupiter.engine.descriptor.ClassBasedTestDescriptor.instantiateAndPostProcessTestInstance(ClassBasedTestDescriptor.java:282) ~[junit-jupiter-engine-5.8.2.jar:5.8.2]
	at org.junit.jupiter.engine.descriptor.ClassBasedTestDescriptor.lambda$testInstancesProvider$4(ClassBasedTestDescriptor.java:272) ~[junit-jupiter-engine-5.8.2.jar:5.8.2]
	at java.base/java.util.Optional.orElseGet(Optional.java:364) ~[na:na]
	at org.junit.jupiter.engine.descriptor.ClassBasedTestDescriptor.lambda$testInstancesProvider$5(ClassBasedTestDescriptor.java:271) ~[junit-jupiter-engine-5.8.2.jar:5.8.2]
	at org.junit.jupiter.engine.execution.TestInstancesProvider.getTestInstances(TestInstancesProvider.java:31) ~[junit-jupiter-engine-5.8.2.jar:5.8.2]
	at org.junit.jupiter.engine.descriptor.TestMethodTestDescriptor.lambda$prepare$0(TestMethodTestDescriptor.java:102) ~[junit-jupiter-engine-5.8.2.jar:5.8.2]
	at org.junit.platform.engine.support.hierarchical.ThrowableCollector.execute(ThrowableCollector.java:73) ~[junit-platform-engine-1.8.2.jar:1.8.2]
	at org.junit.jupiter.engine.descriptor.TestMethodTestDescriptor.prepare(TestMethodTestDescriptor.java:101) ~[junit-jupiter-engine-5.8.2.jar:5.8.2]
	at org.junit.jupiter.engine.descriptor.TestMethodTestDescriptor.prepare(TestMethodTestDescriptor.java:66) ~[junit-jupiter-engine-5.8.2.jar:5.8.2]
	at org.junit.platform.engine.support.hierarchical.NodeTestTask.lambda$prepare$2(NodeTestTask.java:123) ~[junit-platform-engine-1.8.2.jar:1.8.2]
	at org.junit.platform.engine.support.hierarchical.ThrowableCollector.execute(ThrowableCollector.java:73) ~[junit-platform-engine-1.8.2.jar:1.8.2]
	at org.junit.platform.engine.support.hierarchical.NodeTestTask.prepare(NodeTestTask.java:123) ~[junit-platform-engine-1.8.2.jar:1.8.2]
	at org.junit.platform.engine.support.hierarchical.NodeTestTask.execute(NodeTestTask.java:90) ~[junit-platform-engine-1.8.2.jar:1.8.2]
	at java.base/java.util.ArrayList.forEach(ArrayList.java:1511) ~[na:na]
	at org.junit.platform.engine.support.hierarchical.SameThreadHierarchicalTestExecutorService.invokeAll(SameThreadHierarchicalTestExecutorService.java:41) ~[junit-platform-engine-1.8.2.jar:1.8.2]
	at org.junit.platform.engine.support.hierarchical.NodeTestTask.lambda$executeRecursively$6(NodeTestTask.java:155) ~[junit-platform-engine-1.8.2.jar:1.8.2]
	at org.junit.platform.engine.support.hierarchical.ThrowableCollector.execute(ThrowableCollector.java:73) ~[junit-platform-engine-1.8.2.jar:1.8.2]
	at org.junit.platform.engine.support.hierarchical.NodeTestTask.lambda$executeRecursively$8(NodeTestTask.java:141) ~[junit-platform-engine-1.8.2.jar:1.8.2]
	at org.junit.platform.engine.support.hierarchical.Node.around(Node.java:137) ~[junit-platform-engine-1.8.2.jar:1.8.2]
	at org.junit.platform.engine.support.hierarchical.NodeTestTask.lambda$executeRecursively$9(NodeTestTask.java:139) ~[junit-platform-engine-1.8.2.jar:1.8.2]
	at org.junit.platform.engine.support.hierarchical.ThrowableCollector.execute(ThrowableCollector.java:73) ~[junit-platform-engine-1.8.2.jar:1.8.2]
	at org.junit.platform.engine.support.hierarchical.NodeTestTask.executeRecursively(NodeTestTask.java:138) ~[junit-platform-engine-1.8.2.jar:1.8.2]
	at org.junit.platform.engine.support.hierarchical.NodeTestTask.execute(NodeTestTask.java:95) ~[junit-platform-engine-1.8.2.jar:1.8.2]
	at java.base/java.util.ArrayList.forEach(ArrayList.java:1511) ~[na:na]
	at org.junit.platform.engine.support.hierarchical.SameThreadHierarchicalTestExecutorService.invokeAll(SameThreadHierarchicalTestExecutorService.java:41) ~[junit-platform-engine-1.8.2.jar:1.8.2]
	at org.junit.platform.engine.support.hierarchical.NodeTestTask.lambda$executeRecursively$6(NodeTestTask.java:155) ~[junit-platform-engine-1.8.2.jar:1.8.2]
	at org.junit.platform.engine.support.hierarchical.ThrowableCollector.execute(ThrowableCollector.java:73) ~[junit-platform-engine-1.8.2.jar:1.8.2]
	at org.junit.platform.engine.support.hierarchical.NodeTestTask.lambda$executeRecursively$8(NodeTestTask.java:141) ~[junit-platform-engine-1.8.2.jar:1.8.2]
	at org.junit.platform.engine.support.hierarchical.Node.around(Node.java:137) ~[junit-platform-engine-1.8.2.jar:1.8.2]
	at org.junit.platform.engine.support.hierarchical.NodeTestTask.lambda$executeRecursively$9(NodeTestTask.java:139) ~[junit-platform-engine-1.8.2.jar:1.8.2]
	at org.junit.platform.engine.support.hierarchical.ThrowableCollector.execute(ThrowableCollector.java:73) ~[junit-platform-engine-1.8.2.jar:1.8.2]
	at org.junit.platform.engine.support.hierarchical.NodeTestTask.executeRecursively(NodeTestTask.java:138) ~[junit-platform-engine-1.8.2.jar:1.8.2]
	at org.junit.platform.engine.support.hierarchical.NodeTestTask.execute(NodeTestTask.java:95) ~[junit-platform-engine-1.8.2.jar:1.8.2]
	at org.junit.platform.engine.support.hierarchical.SameThreadHierarchicalTestExecutorService.submit(SameThreadHierarchicalTestExecutorService.java:35) ~[junit-platform-engine-1.8.2.jar:1.8.2]
	at org.junit.platform.engine.support.hierarchical.HierarchicalTestExecutor.execute(HierarchicalTestExecutor.java:57) ~[junit-platform-engine-1.8.2.jar:1.8.2]
	at org.junit.platform.engine.support.hierarchical.HierarchicalTestEngine.execute(HierarchicalTestEngine.java:54) ~[junit-platform-engine-1.8.2.jar:1.8.2]
	at org.junit.platform.launcher.core.EngineExecutionOrchestrator.execute(EngineExecutionOrchestrator.java:107) ~[na:na]
	at org.junit.platform.launcher.core.EngineExecutionOrchestrator.execute(EngineExecutionOrchestrator.java:88) ~[na:na]
	at org.junit.platform.launcher.core.EngineExecutionOrchestrator.lambda$execute$0(EngineExecutionOrchestrator.java:54) ~[na:na]
	at org.junit.platform.launcher.core.EngineExecutionOrchestrator.withInterceptedStreams(EngineExecutionOrchestrator.java:67) ~[na:na]
	at org.junit.platform.launcher.core.EngineExecutionOrchestrator.execute(EngineExecutionOrchestrator.java:52) ~[na:na]
	at org.junit.platform.launcher.core.DefaultLauncher.execute(DefaultLauncher.java:114) ~[na:na]
	at org.junit.platform.launcher.core.DefaultLauncher.execute(DefaultLauncher.java:86) ~[na:na]
	at org.junit.platform.launcher.core.DefaultLauncherSession$DelegatingLauncher.execute(DefaultLauncherSession.java:86) ~[na:na]
	at org.junit.platform.launcher.core.SessionPerRequestLauncher.execute(SessionPerRequestLauncher.java:53) ~[na:na]
	at org.gradle.api.internal.tasks.testing.junitplatform.JUnitPlatformTestClassProcessor$CollectAllTestClassesExecutor.processAllTestClasses(JUnitPlatformTestClassProcessor.java:99) ~[na:na]
	at org.gradle.api.internal.tasks.testing.junitplatform.JUnitPlatformTestClassProcessor$CollectAllTestClassesExecutor.access$000(JUnitPlatformTestClassProcessor.java:79) ~[na:na]
	at org.gradle.api.internal.tasks.testing.junitplatform.JUnitPlatformTestClassProcessor.stop(JUnitPlatformTestClassProcessor.java:75) ~[na:na]
	at org.gradle.api.internal.tasks.testing.SuiteTestClassProcessor.stop(SuiteTestClassProcessor.java:62) ~[na:na]
	at java.base/jdk.internal.reflect.NativeMethodAccessorImpl.invoke0(Native Method) ~[na:na]
	at java.base/jdk.internal.reflect.NativeMethodAccessorImpl.invoke(NativeMethodAccessorImpl.java:77) ~[na:na]
	at java.base/jdk.internal.reflect.DelegatingMethodAccessorImpl.invoke(DelegatingMethodAccessorImpl.java:43) ~[na:na]
	at java.base/java.lang.reflect.Method.invoke(Method.java:568) ~[na:na]
	at org.gradle.internal.dispatch.ReflectionDispatch.dispatch(ReflectionDispatch.java:36) ~[na:na]
	at org.gradle.internal.dispatch.ReflectionDispatch.dispatch(ReflectionDispatch.java:24) ~[na:na]
	at org.gradle.internal.dispatch.ContextClassLoaderDispatch.dispatch(ContextClassLoaderDispatch.java:33) ~[na:na]
	at org.gradle.internal.dispatch.ProxyDispatchAdapter$DispatchingInvocationHandler.invoke(ProxyDispatchAdapter.java:94) ~[na:na]
	at jdk.proxy1/jdk.proxy1.$Proxy2.stop(Unknown Source) ~[na:na]
	at org.gradle.api.internal.tasks.testing.worker.TestWorker$3.run(TestWorker.java:193) ~[na:na]
	at org.gradle.api.internal.tasks.testing.worker.TestWorker.executeAndMaintainThreadName(TestWorker.java:129) ~[na:na]
	at org.gradle.api.internal.tasks.testing.worker.TestWorker.execute(TestWorker.java:100) ~[na:na]
	at org.gradle.api.internal.tasks.testing.worker.TestWorker.execute(TestWorker.java:60) ~[na:na]
	at org.gradle.process.internal.worker.child.ActionExecutionWorker.execute(ActionExecutionWorker.java:56) ~[na:na]
	at org.gradle.process.internal.worker.child.SystemApplicationClassLoaderWorker.call(SystemApplicationClassLoaderWorker.java:113) ~[na:na]
	at org.gradle.process.internal.worker.child.SystemApplicationClassLoaderWorker.call(SystemApplicationClassLoaderWorker.java:65) ~[na:na]
	at worker.org.gradle.process.internal.worker.GradleWorkerMain.run(GradleWorkerMain.java:69) ~[gradle-worker.jar:na]
	at worker.org.gradle.process.internal.worker.GradleWorkerMain.main(GradleWorkerMain.java:74) ~[gradle-worker.jar:na]
Caused by: org.hibernate.AnnotationException: No identifier specified for entity: com.raderleao.admin.catalogo.infrastructure.genre.persistence.GenreJpaEntity
	at org.hibernate.cfg.InheritanceState.determineDefaultAccessType(InheritanceState.java:266) ~[hibernate-core-5.6.14.Final.jar:5.6.14.Final]
	at org.hibernate.cfg.InheritanceState.getElementsToProcess(InheritanceState.java:211) ~[hibernate-core-5.6.14.Final.jar:5.6.14.Final]
	at org.hibernate.cfg.InheritanceState.hasIdClassOrEmbeddedId(InheritanceState.java:185) ~[hibernate-core-5.6.14.Final.jar:5.6.14.Final]
	at org.hibernate.cfg.AnnotationBinder.processElementAnnotations(AnnotationBinder.java:2253) ~[hibernate-core-5.6.14.Final.jar:5.6.14.Final]
	at org.hibernate.cfg.AnnotationBinder.fillComponent(AnnotationBinder.java:2816) ~[hibernate-core-5.6.14.Final.jar:5.6.14.Final]
	at org.hibernate.cfg.AnnotationBinder.fillComponent(AnnotationBinder.java:2698) ~[hibernate-core-5.6.14.Final.jar:5.6.14.Final]
	at org.hibernate.cfg.AnnotationBinder.bindComponent(AnnotationBinder.java:2646) ~[hibernate-core-5.6.14.Final.jar:5.6.14.Final]
	at org.hibernate.cfg.AnnotationBinder.processElementAnnotations(AnnotationBinder.java:2275) ~[hibernate-core-5.6.14.Final.jar:5.6.14.Final]
	at org.hibernate.cfg.AnnotationBinder.processIdPropertiesIfNotAlready(AnnotationBinder.java:968) ~[hibernate-core-5.6.14.Final.jar:5.6.14.Final]
	at org.hibernate.cfg.AnnotationBinder.bindClass(AnnotationBinder.java:793) ~[hibernate-core-5.6.14.Final.jar:5.6.14.Final]
	at org.hibernate.boot.model.source.internal.annotations.AnnotationMetadataSourceProcessorImpl.processEntityHierarchies(AnnotationMetadataSourceProcessorImpl.java:225) ~[hibernate-core-5.6.14.Final.jar:5.6.14.Final]
	at org.hibernate.boot.model.process.spi.MetadataBuildingProcess$1.processEntityHierarchies(MetadataBuildingProcess.java:239) ~[hibernate-core-5.6.14.Final.jar:5.6.14.Final]
	at org.hibernate.boot.model.process.spi.MetadataBuildingProcess.complete(MetadataBuildingProcess.java:282) ~[hibernate-core-5.6.14.Final.jar:5.6.14.Final]
	at org.hibernate.jpa.boot.internal.EntityManagerFactoryBuilderImpl.metadata(EntityManagerFactoryBuilderImpl.java:1460) ~[hibernate-core-5.6.14.Final.jar:5.6.14.Final]
	at org.hibernate.jpa.boot.internal.EntityManagerFactoryBuilderImpl.build(EntityManagerFactoryBuilderImpl.java:1494) ~[hibernate-core-5.6.14.Final.jar:5.6.14.Final]
	at org.springframework.orm.jpa.vendor.SpringHibernateJpaPersistenceProvider.createContainerEntityManagerFactory(SpringHibernateJpaPersistenceProvider.java:58) ~[spring-orm-5.3.24.jar:5.3.24]
	at org.springframework.orm.jpa.LocalContainerEntityManagerFactoryBean.createNativeEntityManagerFactory(LocalContainerEntityManagerFactoryBean.java:365) ~[spring-orm-5.3.24.jar:5.3.24]
	at org.springframework.orm.jpa.AbstractEntityManagerFactoryBean.buildNativeEntityManagerFactory(AbstractEntityManagerFactoryBean.java:409) ~[spring-orm-5.3.24.jar:5.3.24]
	at org.springframework.orm.jpa.AbstractEntityManagerFactoryBean.afterPropertiesSet(AbstractEntityManagerFactoryBean.java:396) ~[spring-orm-5.3.24.jar:5.3.24]
	at org.springframework.orm.jpa.LocalContainerEntityManagerFactoryBean.afterPropertiesSet(LocalContainerEntityManagerFactoryBean.java:341) ~[spring-orm-5.3.24.jar:5.3.24]
	at org.springframework.beans.factory.support.AbstractAutowireCapableBeanFactory.invokeInitMethods(AbstractAutowireCapableBeanFactory.java:1863) ~[spring-beans-5.3.24.jar:5.3.24]
	at org.springframework.beans.factory.support.AbstractAutowireCapableBeanFactory.initializeBean(AbstractAutowireCapableBeanFactory.java:1800) ~[spring-beans-5.3.24.jar:5.3.24]
	... 102 common frames omitted

2023-04-02 22:07:15.326 ERROR 13239 --- [    Test worker] o.s.test.context.TestContextManager      : Caught exception while allowing TestExecutionListener [org.springframework.test.context.web.ServletTestExecutionListener@54227100] to prepare test instance [com.raderleao.admin.catalogo.e2e.category.CategoryE2ETest@62f63625]

java.lang.IllegalStateException: Failed to load ApplicationContext
	at org.springframework.test.context.cache.DefaultCacheAwareContextLoaderDelegate.loadContext(DefaultCacheAwareContextLoaderDelegate.java:98) ~[spring-test-5.3.24.jar:5.3.24]
	at org.springframework.test.context.support.DefaultTestContext.getApplicationContext(DefaultTestContext.java:124) ~[spring-test-5.3.24.jar:5.3.24]
	at org.springframework.test.context.web.ServletTestExecutionListener.setUpRequestContextIfNecessary(ServletTestExecutionListener.java:190) ~[spring-test-5.3.24.jar:5.3.24]
	at org.springframework.test.context.web.ServletTestExecutionListener.prepareTestInstance(ServletTestExecutionListener.java:132) ~[spring-test-5.3.24.jar:5.3.24]
	at org.springframework.test.context.TestContextManager.prepareTestInstance(TestContextManager.java:248) ~[spring-test-5.3.24.jar:5.3.24]
	at org.springframework.test.context.junit.jupiter.SpringExtension.postProcessTestInstance(SpringExtension.java:138) ~[spring-test-5.3.24.jar:5.3.24]
	at org.junit.jupiter.engine.descriptor.ClassBasedTestDescriptor.lambda$invokeTestInstancePostProcessors$8(ClassBasedTestDescriptor.java:363) ~[junit-jupiter-engine-5.8.2.jar:5.8.2]
	at org.junit.jupiter.engine.descriptor.ClassBasedTestDescriptor.executeAndMaskThrowable(ClassBasedTestDescriptor.java:368) ~[junit-jupiter-engine-5.8.2.jar:5.8.2]
	at org.junit.jupiter.engine.descriptor.ClassBasedTestDescriptor.lambda$invokeTestInstancePostProcessors$9(ClassBasedTestDescriptor.java:363) ~[junit-jupiter-engine-5.8.2.jar:5.8.2]
	at java.base/java.util.stream.ReferencePipeline$3$1.accept(ReferencePipeline.java:197) ~[na:na]
	at java.base/java.util.stream.ReferencePipeline$2$1.accept(ReferencePipeline.java:179) ~[na:na]
	at java.base/java.util.ArrayList$ArrayListSpliterator.forEachRemaining(ArrayList.java:1625) ~[na:na]
	at java.base/java.util.stream.AbstractPipeline.copyInto(AbstractPipeline.java:509) ~[na:na]
	at java.base/java.util.stream.AbstractPipeline.wrapAndCopyInto(AbstractPipeline.java:499) ~[na:na]
	at java.base/java.util.stream.StreamSpliterators$WrappingSpliterator.forEachRemaining(StreamSpliterators.java:310) ~[na:na]
	at java.base/java.util.stream.Streams$ConcatSpliterator.forEachRemaining(Streams.java:735) ~[na:na]
	at java.base/java.util.stream.Streams$ConcatSpliterator.forEachRemaining(Streams.java:734) ~[na:na]
	at java.base/java.util.stream.ReferencePipeline$Head.forEach(ReferencePipeline.java:762) ~[na:na]
	at org.junit.jupiter.engine.descriptor.ClassBasedTestDescriptor.invokeTestInstancePostProcessors(ClassBasedTestDescriptor.java:362) ~[junit-jupiter-engine-5.8.2.jar:5.8.2]
	at org.junit.jupiter.engine.descriptor.ClassBasedTestDescriptor.lambda$instantiateAndPostProcessTestInstance$6(ClassBasedTestDescriptor.java:283) ~[junit-jupiter-engine-5.8.2.jar:5.8.2]
	at org.junit.platform.engine.support.hierarchical.ThrowableCollector.execute(ThrowableCollector.java:73) ~[junit-platform-engine-1.8.2.jar:1.8.2]
	at org.junit.jupiter.engine.descriptor.ClassBasedTestDescriptor.instantiateAndPostProcessTestInstance(ClassBasedTestDescriptor.java:282) ~[junit-jupiter-engine-5.8.2.jar:5.8.2]
	at org.junit.jupiter.engine.descriptor.ClassBasedTestDescriptor.lambda$testInstancesProvider$4(ClassBasedTestDescriptor.java:272) ~[junit-jupiter-engine-5.8.2.jar:5.8.2]
	at java.base/java.util.Optional.orElseGet(Optional.java:364) ~[na:na]
	at org.junit.jupiter.engine.descriptor.ClassBasedTestDescriptor.lambda$testInstancesProvider$5(ClassBasedTestDescriptor.java:271) ~[junit-jupiter-engine-5.8.2.jar:5.8.2]
	at org.junit.jupiter.engine.execution.TestInstancesProvider.getTestInstances(TestInstancesProvider.java:31) ~[junit-jupiter-engine-5.8.2.jar:5.8.2]
	at org.junit.jupiter.engine.descriptor.TestMethodTestDescriptor.lambda$prepare$0(TestMethodTestDescriptor.java:102) ~[junit-jupiter-engine-5.8.2.jar:5.8.2]
	at org.junit.platform.engine.support.hierarchical.ThrowableCollector.execute(ThrowableCollector.java:73) ~[junit-platform-engine-1.8.2.jar:1.8.2]
	at org.junit.jupiter.engine.descriptor.TestMethodTestDescriptor.prepare(TestMethodTestDescriptor.java:101) ~[junit-jupiter-engine-5.8.2.jar:5.8.2]
	at org.junit.jupiter.engine.descriptor.TestMethodTestDescriptor.prepare(TestMethodTestDescriptor.java:66) ~[junit-jupiter-engine-5.8.2.jar:5.8.2]
	at org.junit.platform.engine.support.hierarchical.NodeTestTask.lambda$prepare$2(NodeTestTask.java:123) ~[junit-platform-engine-1.8.2.jar:1.8.2]
	at org.junit.platform.engine.support.hierarchical.ThrowableCollector.execute(ThrowableCollector.java:73) ~[junit-platform-engine-1.8.2.jar:1.8.2]
	at org.junit.platform.engine.support.hierarchical.NodeTestTask.prepare(NodeTestTask.java:123) ~[junit-platform-engine-1.8.2.jar:1.8.2]
	at org.junit.platform.engine.support.hierarchical.NodeTestTask.execute(NodeTestTask.java:90) ~[junit-platform-engine-1.8.2.jar:1.8.2]
	at java.base/java.util.ArrayList.forEach(ArrayList.java:1511) ~[na:na]
	at org.junit.platform.engine.support.hierarchical.SameThreadHierarchicalTestExecutorService.invokeAll(SameThreadHierarchicalTestExecutorService.java:41) ~[junit-platform-engine-1.8.2.jar:1.8.2]
	at org.junit.platform.engine.support.hierarchical.NodeTestTask.lambda$executeRecursively$6(NodeTestTask.java:155) ~[junit-platform-engine-1.8.2.jar:1.8.2]
	at org.junit.platform.engine.support.hierarchical.ThrowableCollector.execute(ThrowableCollector.java:73) ~[junit-platform-engine-1.8.2.jar:1.8.2]
	at org.junit.platform.engine.support.hierarchical.NodeTestTask.lambda$executeRecursively$8(NodeTestTask.java:141) ~[junit-platform-engine-1.8.2.jar:1.8.2]
	at org.junit.platform.engine.support.hierarchical.Node.around(Node.java:137) ~[junit-platform-engine-1.8.2.jar:1.8.2]
	at org.junit.platform.engine.support.hierarchical.NodeTestTask.lambda$executeRecursively$9(NodeTestTask.java:139) ~[junit-platform-engine-1.8.2.jar:1.8.2]
	at org.junit.platform.engine.support.hierarchical.ThrowableCollector.execute(ThrowableCollector.java:73) ~[junit-platform-engine-1.8.2.jar:1.8.2]
	at org.junit.platform.engine.support.hierarchical.NodeTestTask.executeRecursively(NodeTestTask.java:138) ~[junit-platform-engine-1.8.2.jar:1.8.2]
	at org.junit.platform.engine.support.hierarchical.NodeTestTask.execute(NodeTestTask.java:95) ~[junit-platform-engine-1.8.2.jar:1.8.2]
	at java.base/java.util.ArrayList.forEach(ArrayList.java:1511) ~[na:na]
	at org.junit.platform.engine.support.hierarchical.SameThreadHierarchicalTestExecutorService.invokeAll(SameThreadHierarchicalTestExecutorService.java:41) ~[junit-platform-engine-1.8.2.jar:1.8.2]
	at org.junit.platform.engine.support.hierarchical.NodeTestTask.lambda$executeRecursively$6(NodeTestTask.java:155) ~[junit-platform-engine-1.8.2.jar:1.8.2]
	at org.junit.platform.engine.support.hierarchical.ThrowableCollector.execute(ThrowableCollector.java:73) ~[junit-platform-engine-1.8.2.jar:1.8.2]
	at org.junit.platform.engine.support.hierarchical.NodeTestTask.lambda$executeRecursively$8(NodeTestTask.java:141) ~[junit-platform-engine-1.8.2.jar:1.8.2]
	at org.junit.platform.engine.support.hierarchical.Node.around(Node.java:137) ~[junit-platform-engine-1.8.2.jar:1.8.2]
	at org.junit.platform.engine.support.hierarchical.NodeTestTask.lambda$executeRecursively$9(NodeTestTask.java:139) ~[junit-platform-engine-1.8.2.jar:1.8.2]
	at org.junit.platform.engine.support.hierarchical.ThrowableCollector.execute(ThrowableCollector.java:73) ~[junit-platform-engine-1.8.2.jar:1.8.2]
	at org.junit.platform.engine.support.hierarchical.NodeTestTask.executeRecursively(NodeTestTask.java:138) ~[junit-platform-engine-1.8.2.jar:1.8.2]
	at org.junit.platform.engine.support.hierarchical.NodeTestTask.execute(NodeTestTask.java:95) ~[junit-platform-engine-1.8.2.jar:1.8.2]
	at org.junit.platform.engine.support.hierarchical.SameThreadHierarchicalTestExecutorService.submit(SameThreadHierarchicalTestExecutorService.java:35) ~[junit-platform-engine-1.8.2.jar:1.8.2]
	at org.junit.platform.engine.support.hierarchical.HierarchicalTestExecutor.execute(HierarchicalTestExecutor.java:57) ~[junit-platform-engine-1.8.2.jar:1.8.2]
	at org.junit.platform.engine.support.hierarchical.HierarchicalTestEngine.execute(HierarchicalTestEngine.java:54) ~[junit-platform-engine-1.8.2.jar:1.8.2]
	at org.junit.platform.launcher.core.EngineExecutionOrchestrator.execute(EngineExecutionOrchestrator.java:107) ~[na:na]
	at org.junit.platform.launcher.core.EngineExecutionOrchestrator.execute(EngineExecutionOrchestrator.java:88) ~[na:na]
	at org.junit.platform.launcher.core.EngineExecutionOrchestrator.lambda$execute$0(EngineExecutionOrchestrator.java:54) ~[na:na]
	at org.junit.platform.launcher.core.EngineExecutionOrchestrator.withInterceptedStreams(EngineExecutionOrchestrator.java:67) ~[na:na]
	at org.junit.platform.launcher.core.EngineExecutionOrchestrator.execute(EngineExecutionOrchestrator.java:52) ~[na:na]
	at org.junit.platform.launcher.core.DefaultLauncher.execute(DefaultLauncher.java:114) ~[na:na]
	at org.junit.platform.launcher.core.DefaultLauncher.execute(DefaultLauncher.java:86) ~[na:na]
	at org.junit.platform.launcher.core.DefaultLauncherSession$DelegatingLauncher.execute(DefaultLauncherSession.java:86) ~[na:na]
	at org.junit.platform.launcher.core.SessionPerRequestLauncher.execute(SessionPerRequestLauncher.java:53) ~[na:na]
	at org.gradle.api.internal.tasks.testing.junitplatform.JUnitPlatformTestClassProcessor$CollectAllTestClassesExecutor.processAllTestClasses(JUnitPlatformTestClassProcessor.java:99) ~[na:na]
	at org.gradle.api.internal.tasks.testing.junitplatform.JUnitPlatformTestClassProcessor$CollectAllTestClassesExecutor.access$000(JUnitPlatformTestClassProcessor.java:79) ~[na:na]
	at org.gradle.api.internal.tasks.testing.junitplatform.JUnitPlatformTestClassProcessor.stop(JUnitPlatformTestClassProcessor.java:75) ~[na:na]
	at org.gradle.api.internal.tasks.testing.SuiteTestClassProcessor.stop(SuiteTestClassProcessor.java:62) ~[na:na]
	at java.base/jdk.internal.reflect.NativeMethodAccessorImpl.invoke0(Native Method) ~[na:na]
	at java.base/jdk.internal.reflect.NativeMethodAccessorImpl.invoke(NativeMethodAccessorImpl.java:77) ~[na:na]
	at java.base/jdk.internal.reflect.DelegatingMethodAccessorImpl.invoke(DelegatingMethodAccessorImpl.java:43) ~[na:na]
	at java.base/java.lang.reflect.Method.invoke(Method.java:568) ~[na:na]
	at org.gradle.internal.dispatch.ReflectionDispatch.dispatch(ReflectionDispatch.java:36) ~[na:na]
	at org.gradle.internal.dispatch.ReflectionDispatch.dispatch(ReflectionDispatch.java:24) ~[na:na]
	at org.gradle.internal.dispatch.ContextClassLoaderDispatch.dispatch(ContextClassLoaderDispatch.java:33) ~[na:na]
	at org.gradle.internal.dispatch.ProxyDispatchAdapter$DispatchingInvocationHandler.invoke(ProxyDispatchAdapter.java:94) ~[na:na]
	at jdk.proxy1/jdk.proxy1.$Proxy2.stop(Unknown Source) ~[na:na]
	at org.gradle.api.internal.tasks.testing.worker.TestWorker$3.run(TestWorker.java:193) ~[na:na]
	at org.gradle.api.internal.tasks.testing.worker.TestWorker.executeAndMaintainThreadName(TestWorker.java:129) ~[na:na]
	at org.gradle.api.internal.tasks.testing.worker.TestWorker.execute(TestWorker.java:100) ~[na:na]
	at org.gradle.api.internal.tasks.testing.worker.TestWorker.execute(TestWorker.java:60) ~[na:na]
	at org.gradle.process.internal.worker.child.ActionExecutionWorker.execute(ActionExecutionWorker.java:56) ~[na:na]
	at org.gradle.process.internal.worker.child.SystemApplicationClassLoaderWorker.call(SystemApplicationClassLoaderWorker.java:113) ~[na:na]
	at org.gradle.process.internal.worker.child.SystemApplicationClassLoaderWorker.call(SystemApplicationClassLoaderWorker.java:65) ~[na:na]
	at worker.org.gradle.process.internal.worker.GradleWorkerMain.run(GradleWorkerMain.java:69) ~[gradle-worker.jar:na]
	at worker.org.gradle.process.internal.worker.GradleWorkerMain.main(GradleWorkerMain.java:74) ~[gradle-worker.jar:na]
Caused by: org.springframework.beans.factory.BeanCreationException: Error creating bean with name 'entityManagerFactory' defined in class path resource [org/springframework/boot/autoconfigure/orm/jpa/HibernateJpaConfiguration.class]: Invocation of init method failed; nested exception is org.hibernate.AnnotationException: No identifier specified for entity: com.raderleao.admin.catalogo.infrastructure.genre.persistence.GenreJpaEntity
	at org.springframework.beans.factory.support.AbstractAutowireCapableBeanFactory.initializeBean(AbstractAutowireCapableBeanFactory.java:1804) ~[spring-beans-5.3.24.jar:5.3.24]
	at org.springframework.beans.factory.support.AbstractAutowireCapableBeanFactory.doCreateBean(AbstractAutowireCapableBeanFactory.java:620) ~[spring-beans-5.3.24.jar:5.3.24]
	at org.springframework.beans.factory.support.AbstractAutowireCapableBeanFactory.createBean(AbstractAutowireCapableBeanFactory.java:542) ~[spring-beans-5.3.24.jar:5.3.24]
	at org.springframework.beans.factory.support.AbstractBeanFactory.lambda$doGetBean$0(AbstractBeanFactory.java:335) ~[spring-beans-5.3.24.jar:5.3.24]
	at org.springframework.beans.factory.support.DefaultSingletonBeanRegistry.getSingleton(DefaultSingletonBeanRegistry.java:234) ~[spring-beans-5.3.24.jar:5.3.24]
	at org.springframework.beans.factory.support.AbstractBeanFactory.doGetBean(AbstractBeanFactory.java:333) ~[spring-beans-5.3.24.jar:5.3.24]
	at org.springframework.beans.factory.support.AbstractBeanFactory.getBean(AbstractBeanFactory.java:208) ~[spring-beans-5.3.24.jar:5.3.24]
	at org.springframework.context.support.AbstractApplicationContext.getBean(AbstractApplicationContext.java:1154) ~[spring-context-5.3.24.jar:5.3.24]
	at org.springframework.context.support.AbstractApplicationContext.finishBeanFactoryInitialization(AbstractApplicationContext.java:908) ~[spring-context-5.3.24.jar:5.3.24]
	at org.springframework.context.support.AbstractApplicationContext.refresh(AbstractApplicationContext.java:583) ~[spring-context-5.3.24.jar:5.3.24]
	at org.springframework.boot.SpringApplication.refresh(SpringApplication.java:731) ~[spring-boot-2.7.7.jar:2.7.7]
	at org.springframework.boot.SpringApplication.refreshContext(SpringApplication.java:408) ~[spring-boot-2.7.7.jar:2.7.7]
	at org.springframework.boot.SpringApplication.run(SpringApplication.java:307) ~[spring-boot-2.7.7.jar:2.7.7]
	at org.springframework.boot.test.context.SpringBootContextLoader.loadContext(SpringBootContextLoader.java:136) ~[spring-boot-test-2.7.7.jar:2.7.7]
	at org.springframework.test.context.cache.DefaultCacheAwareContextLoaderDelegate.loadContextInternal(DefaultCacheAwareContextLoaderDelegate.java:141) ~[spring-test-5.3.24.jar:5.3.24]
	at org.springframework.test.context.cache.DefaultCacheAwareContextLoaderDelegate.loadContext(DefaultCacheAwareContextLoaderDelegate.java:90) ~[spring-test-5.3.24.jar:5.3.24]
	... 87 common frames omitted
Caused by: org.hibernate.AnnotationException: No identifier specified for entity: com.raderleao.admin.catalogo.infrastructure.genre.persistence.GenreJpaEntity
	at org.hibernate.cfg.InheritanceState.determineDefaultAccessType(InheritanceState.java:266) ~[hibernate-core-5.6.14.Final.jar:5.6.14.Final]
	at org.hibernate.cfg.InheritanceState.getElementsToProcess(InheritanceState.java:211) ~[hibernate-core-5.6.14.Final.jar:5.6.14.Final]
	at org.hibernate.cfg.InheritanceState.hasIdClassOrEmbeddedId(InheritanceState.java:185) ~[hibernate-core-5.6.14.Final.jar:5.6.14.Final]
	at org.hibernate.cfg.AnnotationBinder.processElementAnnotations(AnnotationBinder.java:2253) ~[hibernate-core-5.6.14.Final.jar:5.6.14.Final]
	at org.hibernate.cfg.AnnotationBinder.fillComponent(AnnotationBinder.java:2816) ~[hibernate-core-5.6.14.Final.jar:5.6.14.Final]
	at org.hibernate.cfg.AnnotationBinder.fillComponent(AnnotationBinder.java:2698) ~[hibernate-core-5.6.14.Final.jar:5.6.14.Final]
	at org.hibernate.cfg.AnnotationBinder.bindComponent(AnnotationBinder.java:2646) ~[hibernate-core-5.6.14.Final.jar:5.6.14.Final]
	at org.hibernate.cfg.AnnotationBinder.processElementAnnotations(AnnotationBinder.java:2275) ~[hibernate-core-5.6.14.Final.jar:5.6.14.Final]
	at org.hibernate.cfg.AnnotationBinder.processIdPropertiesIfNotAlready(AnnotationBinder.java:968) ~[hibernate-core-5.6.14.Final.jar:5.6.14.Final]
	at org.hibernate.cfg.AnnotationBinder.bindClass(AnnotationBinder.java:793) ~[hibernate-core-5.6.14.Final.jar:5.6.14.Final]
	at org.hibernate.boot.model.source.internal.annotations.AnnotationMetadataSourceProcessorImpl.processEntityHierarchies(AnnotationMetadataSourceProcessorImpl.java:225) ~[hibernate-core-5.6.14.Final.jar:5.6.14.Final]
	at org.hibernate.boot.model.process.spi.MetadataBuildingProcess$1.processEntityHierarchies(MetadataBuildingProcess.java:239) ~[hibernate-core-5.6.14.Final.jar:5.6.14.Final]
	at org.hibernate.boot.model.process.spi.MetadataBuildingProcess.complete(MetadataBuildingProcess.java:282) ~[hibernate-core-5.6.14.Final.jar:5.6.14.Final]
	at org.hibernate.jpa.boot.internal.EntityManagerFactoryBuilderImpl.metadata(EntityManagerFactoryBuilderImpl.java:1460) ~[hibernate-core-5.6.14.Final.jar:5.6.14.Final]
	at org.hibernate.jpa.boot.internal.EntityManagerFactoryBuilderImpl.build(EntityManagerFactoryBuilderImpl.java:1494) ~[hibernate-core-5.6.14.Final.jar:5.6.14.Final]
	at org.springframework.orm.jpa.vendor.SpringHibernateJpaPersistenceProvider.createContainerEntityManagerFactory(SpringHibernateJpaPersistenceProvider.java:58) ~[spring-orm-5.3.24.jar:5.3.24]
	at org.springframework.orm.jpa.LocalContainerEntityManagerFactoryBean.createNativeEntityManagerFactory(LocalContainerEntityManagerFactoryBean.java:365) ~[spring-orm-5.3.24.jar:5.3.24]
	at org.springframework.orm.jpa.AbstractEntityManagerFactoryBean.buildNativeEntityManagerFactory(AbstractEntityManagerFactoryBean.java:409) ~[spring-orm-5.3.24.jar:5.3.24]
	at org.springframework.orm.jpa.AbstractEntityManagerFactoryBean.afterPropertiesSet(AbstractEntityManagerFactoryBean.java:396) ~[spring-orm-5.3.24.jar:5.3.24]
	at org.springframework.orm.jpa.LocalContainerEntityManagerFactoryBean.afterPropertiesSet(LocalContainerEntityManagerFactoryBean.java:341) ~[spring-orm-5.3.24.jar:5.3.24]
	at org.springframework.beans.factory.support.AbstractAutowireCapableBeanFactory.invokeInitMethods(AbstractAutowireCapableBeanFactory.java:1863) ~[spring-beans-5.3.24.jar:5.3.24]
	at org.springframework.beans.factory.support.AbstractAutowireCapableBeanFactory.initializeBean(AbstractAutowireCapableBeanFactory.java:1800) ~[spring-beans-5.3.24.jar:5.3.24]
	... 102 common frames omitted


  .   ____          _            __ _ _
 /\\ / ___'_ __ _ _(_)_ __  __ _ \ \ \ \
( ( )\___ | '_ | '_| | '_ \/ _` | \ \ \ \
 \\/  ___)| |_)| | | | | || (_| |  ) ) ) )
  '  |____| .__|_| |_|_| |_\__, | / / / /
 =========|_|==============|___/=/_/_/_/
 :: Spring Boot ::                (v2.7.7)

2023-04-02 22:07:15.340  INFO 13239 --- [    Test worker] c.r.a.c.e2e.category.CategoryE2ETest     : Starting CategoryE2ETest using Java 17.0.2 on RaderLeao-MacBook-Air.local with PID 13239 (started by raderleao in /Users/raderleao/src/dev/Workspace/admin-do-catalogo/infrastructure)
2023-04-02 22:07:15.340  INFO 13239 --- [    Test worker] c.r.a.c.e2e.category.CategoryE2ETest     : The following 1 profile is active: "test-e2e"
2023-04-02 22:07:15.400  INFO 13239 --- [    Test worker] .s.d.r.c.RepositoryConfigurationDelegate : Bootstrapping Spring Data JPA repositories in DEFAULT mode.
2023-04-02 22:07:15.404  INFO 13239 --- [    Test worker] .s.d.r.c.RepositoryConfigurationDelegate : Finished Spring Data repository scanning in 3 ms. Found 2 JPA repository interfaces.
2023-04-02 22:07:15.446  INFO 13239 --- [    Test worker] o.f.c.internal.license.VersionPrinter    : Flyway Community Edition 8.5.13 by Redgate
2023-04-02 22:07:15.446  INFO 13239 --- [    Test worker] o.f.c.internal.license.VersionPrinter    : See what's new here: https://flywaydb.org/documentation/learnmore/releaseNotes#8.5.13
2023-04-02 22:07:15.446  INFO 13239 --- [    Test worker] o.f.c.internal.license.VersionPrinter    : 
2023-04-02 22:07:15.446  WARN 13239 --- [    Test worker] com.zaxxer.hikari.HikariConfig           : master - idleTimeout is close to or more than maxLifetime, disabling it.
2023-04-02 22:07:15.446  INFO 13239 --- [    Test worker] com.zaxxer.hikari.HikariDataSource       : master - Starting...
2023-04-02 22:07:15.464  INFO 13239 --- [    Test worker] com.zaxxer.hikari.HikariDataSource       : master - Start completed.
2023-04-02 22:07:15.466  INFO 13239 --- [    Test worker] o.f.c.i.database.base.BaseDatabaseType   : Database: jdbc:mysql://localhost:50897/adm_videos (MySQL 8.0)
2023-04-02 22:07:15.496  INFO 13239 --- [    Test worker] o.f.core.internal.command.DbValidate     : Successfully validated 1 migration (execution time 00:00.006s)
2023-04-02 22:07:15.504  INFO 13239 --- [    Test worker] o.f.core.internal.command.DbMigrate      : Current version of schema `adm_videos`: 1
2023-04-02 22:07:15.505  INFO 13239 --- [    Test worker] o.f.core.internal.command.DbMigrate      : Schema `adm_videos` is up to date. No migration necessary.
2023-04-02 22:07:15.525  INFO 13239 --- [    Test worker] o.hibernate.jpa.internal.util.LogHelper  : HHH000204: Processing PersistenceUnitInfo [name: default]
2023-04-02 22:07:15.529  INFO 13239 --- [    Test worker] org.hibernate.dialect.Dialect            : HHH000400: Using dialect: org.hibernate.dialect.MySQL5InnoDBDialect
2023-04-02 22:07:15.534 ERROR 13239 --- [    Test worker] j.LocalContainerEntityManagerFactoryBean : Failed to initialize JPA EntityManagerFactory: No identifier specified for entity: com.raderleao.admin.catalogo.infrastructure.genre.persistence.GenreJpaEntity
2023-04-02 22:07:15.534  WARN 13239 --- [    Test worker] o.s.w.c.s.GenericWebApplicationContext   : Exception encountered during context initialization - cancelling refresh attempt: org.springframework.beans.factory.BeanCreationException: Error creating bean with name 'entityManagerFactory' defined in class path resource [org/springframework/boot/autoconfigure/orm/jpa/HibernateJpaConfiguration.class]: Invocation of init method failed; nested exception is org.hibernate.AnnotationException: No identifier specified for entity: com.raderleao.admin.catalogo.infrastructure.genre.persistence.GenreJpaEntity
2023-04-02 22:07:15.534  INFO 13239 --- [    Test worker] com.zaxxer.hikari.HikariDataSource       : master - Shutdown initiated...
2023-04-02 22:07:15.542  INFO 13239 --- [    Test worker] com.zaxxer.hikari.HikariDataSource       : master - Shutdown completed.
2023-04-02 22:07:15.544  INFO 13239 --- [    Test worker] ConditionEvaluationReportLoggingListener : 

Error starting ApplicationContext. To display the conditions report re-run your application with 'debug' enabled.
2023-04-02 22:07:15.549 ERROR 13239 --- [    Test worker] o.s.boot.SpringApplication               : Application run failed

org.springframework.beans.factory.BeanCreationException: Error creating bean with name 'entityManagerFactory' defined in class path resource [org/springframework/boot/autoconfigure/orm/jpa/HibernateJpaConfiguration.class]: Invocation of init method failed; nested exception is org.hibernate.AnnotationException: No identifier specified for entity: com.raderleao.admin.catalogo.infrastructure.genre.persistence.GenreJpaEntity
	at org.springframework.beans.factory.support.AbstractAutowireCapableBeanFactory.initializeBean(AbstractAutowireCapableBeanFactory.java:1804) ~[spring-beans-5.3.24.jar:5.3.24]
	at org.springframework.beans.factory.support.AbstractAutowireCapableBeanFactory.doCreateBean(AbstractAutowireCapableBeanFactory.java:620) ~[spring-beans-5.3.24.jar:5.3.24]
	at org.springframework.beans.factory.support.AbstractAutowireCapableBeanFactory.createBean(AbstractAutowireCapableBeanFactory.java:542) ~[spring-beans-5.3.24.jar:5.3.24]
	at org.springframework.beans.factory.support.AbstractBeanFactory.lambda$doGetBean$0(AbstractBeanFactory.java:335) ~[spring-beans-5.3.24.jar:5.3.24]
	at org.springframework.beans.factory.support.DefaultSingletonBeanRegistry.getSingleton(DefaultSingletonBeanRegistry.java:234) ~[spring-beans-5.3.24.jar:5.3.24]
	at org.springframework.beans.factory.support.AbstractBeanFactory.doGetBean(AbstractBeanFactory.java:333) ~[spring-beans-5.3.24.jar:5.3.24]
	at org.springframework.beans.factory.support.AbstractBeanFactory.getBean(AbstractBeanFactory.java:208) ~[spring-beans-5.3.24.jar:5.3.24]
	at org.springframework.context.support.AbstractApplicationContext.getBean(AbstractApplicationContext.java:1154) ~[spring-context-5.3.24.jar:5.3.24]
	at org.springframework.context.support.AbstractApplicationContext.finishBeanFactoryInitialization(AbstractApplicationContext.java:908) ~[spring-context-5.3.24.jar:5.3.24]
	at org.springframework.context.support.AbstractApplicationContext.refresh(AbstractApplicationContext.java:583) ~[spring-context-5.3.24.jar:5.3.24]
	at org.springframework.boot.SpringApplication.refresh(SpringApplication.java:731) ~[spring-boot-2.7.7.jar:2.7.7]
	at org.springframework.boot.SpringApplication.refreshContext(SpringApplication.java:408) ~[spring-boot-2.7.7.jar:2.7.7]
	at org.springframework.boot.SpringApplication.run(SpringApplication.java:307) ~[spring-boot-2.7.7.jar:2.7.7]
	at org.springframework.boot.test.context.SpringBootContextLoader.loadContext(SpringBootContextLoader.java:136) ~[spring-boot-test-2.7.7.jar:2.7.7]
	at org.springframework.test.context.cache.DefaultCacheAwareContextLoaderDelegate.loadContextInternal(DefaultCacheAwareContextLoaderDelegate.java:141) ~[spring-test-5.3.24.jar:5.3.24]
	at org.springframework.test.context.cache.DefaultCacheAwareContextLoaderDelegate.loadContext(DefaultCacheAwareContextLoaderDelegate.java:90) ~[spring-test-5.3.24.jar:5.3.24]
	at org.springframework.test.context.support.DefaultTestContext.getApplicationContext(DefaultTestContext.java:124) ~[spring-test-5.3.24.jar:5.3.24]
	at org.springframework.test.context.web.ServletTestExecutionListener.setUpRequestContextIfNecessary(ServletTestExecutionListener.java:190) ~[spring-test-5.3.24.jar:5.3.24]
	at org.springframework.test.context.web.ServletTestExecutionListener.prepareTestInstance(ServletTestExecutionListener.java:132) ~[spring-test-5.3.24.jar:5.3.24]
	at org.springframework.test.context.TestContextManager.prepareTestInstance(TestContextManager.java:248) ~[spring-test-5.3.24.jar:5.3.24]
	at org.springframework.test.context.junit.jupiter.SpringExtension.postProcessTestInstance(SpringExtension.java:138) ~[spring-test-5.3.24.jar:5.3.24]
	at org.junit.jupiter.engine.descriptor.ClassBasedTestDescriptor.lambda$invokeTestInstancePostProcessors$8(ClassBasedTestDescriptor.java:363) ~[junit-jupiter-engine-5.8.2.jar:5.8.2]
	at org.junit.jupiter.engine.descriptor.ClassBasedTestDescriptor.executeAndMaskThrowable(ClassBasedTestDescriptor.java:368) ~[junit-jupiter-engine-5.8.2.jar:5.8.2]
	at org.junit.jupiter.engine.descriptor.ClassBasedTestDescriptor.lambda$invokeTestInstancePostProcessors$9(ClassBasedTestDescriptor.java:363) ~[junit-jupiter-engine-5.8.2.jar:5.8.2]
	at java.base/java.util.stream.ReferencePipeline$3$1.accept(ReferencePipeline.java:197) ~[na:na]
	at java.base/java.util.stream.ReferencePipeline$2$1.accept(ReferencePipeline.java:179) ~[na:na]
	at java.base/java.util.ArrayList$ArrayListSpliterator.forEachRemaining(ArrayList.java:1625) ~[na:na]
	at java.base/java.util.stream.AbstractPipeline.copyInto(AbstractPipeline.java:509) ~[na:na]
	at java.base/java.util.stream.AbstractPipeline.wrapAndCopyInto(AbstractPipeline.java:499) ~[na:na]
	at java.base/java.util.stream.StreamSpliterators$WrappingSpliterator.forEachRemaining(StreamSpliterators.java:310) ~[na:na]
	at java.base/java.util.stream.Streams$ConcatSpliterator.forEachRemaining(Streams.java:735) ~[na:na]
	at java.base/java.util.stream.Streams$ConcatSpliterator.forEachRemaining(Streams.java:734) ~[na:na]
	at java.base/java.util.stream.ReferencePipeline$Head.forEach(ReferencePipeline.java:762) ~[na:na]
	at org.junit.jupiter.engine.descriptor.ClassBasedTestDescriptor.invokeTestInstancePostProcessors(ClassBasedTestDescriptor.java:362) ~[junit-jupiter-engine-5.8.2.jar:5.8.2]
	at org.junit.jupiter.engine.descriptor.ClassBasedTestDescriptor.lambda$instantiateAndPostProcessTestInstance$6(ClassBasedTestDescriptor.java:283) ~[junit-jupiter-engine-5.8.2.jar:5.8.2]
	at org.junit.platform.engine.support.hierarchical.ThrowableCollector.execute(ThrowableCollector.java:73) ~[junit-platform-engine-1.8.2.jar:1.8.2]
	at org.junit.jupiter.engine.descriptor.ClassBasedTestDescriptor.instantiateAndPostProcessTestInstance(ClassBasedTestDescriptor.java:282) ~[junit-jupiter-engine-5.8.2.jar:5.8.2]
	at org.junit.jupiter.engine.descriptor.ClassBasedTestDescriptor.lambda$testInstancesProvider$4(ClassBasedTestDescriptor.java:272) ~[junit-jupiter-engine-5.8.2.jar:5.8.2]
	at java.base/java.util.Optional.orElseGet(Optional.java:364) ~[na:na]
	at org.junit.jupiter.engine.descriptor.ClassBasedTestDescriptor.lambda$testInstancesProvider$5(ClassBasedTestDescriptor.java:271) ~[junit-jupiter-engine-5.8.2.jar:5.8.2]
	at org.junit.jupiter.engine.execution.TestInstancesProvider.getTestInstances(TestInstancesProvider.java:31) ~[junit-jupiter-engine-5.8.2.jar:5.8.2]
	at org.junit.jupiter.engine.descriptor.TestMethodTestDescriptor.lambda$prepare$0(TestMethodTestDescriptor.java:102) ~[junit-jupiter-engine-5.8.2.jar:5.8.2]
	at org.junit.platform.engine.support.hierarchical.ThrowableCollector.execute(ThrowableCollector.java:73) ~[junit-platform-engine-1.8.2.jar:1.8.2]
	at org.junit.jupiter.engine.descriptor.TestMethodTestDescriptor.prepare(TestMethodTestDescriptor.java:101) ~[junit-jupiter-engine-5.8.2.jar:5.8.2]
	at org.junit.jupiter.engine.descriptor.TestMethodTestDescriptor.prepare(TestMethodTestDescriptor.java:66) ~[junit-jupiter-engine-5.8.2.jar:5.8.2]
	at org.junit.platform.engine.support.hierarchical.NodeTestTask.lambda$prepare$2(NodeTestTask.java:123) ~[junit-platform-engine-1.8.2.jar:1.8.2]
	at org.junit.platform.engine.support.hierarchical.ThrowableCollector.execute(ThrowableCollector.java:73) ~[junit-platform-engine-1.8.2.jar:1.8.2]
	at org.junit.platform.engine.support.hierarchical.NodeTestTask.prepare(NodeTestTask.java:123) ~[junit-platform-engine-1.8.2.jar:1.8.2]
	at org.junit.platform.engine.support.hierarchical.NodeTestTask.execute(NodeTestTask.java:90) ~[junit-platform-engine-1.8.2.jar:1.8.2]
	at java.base/java.util.ArrayList.forEach(ArrayList.java:1511) ~[na:na]
	at org.junit.platform.engine.support.hierarchical.SameThreadHierarchicalTestExecutorService.invokeAll(SameThreadHierarchicalTestExecutorService.java:41) ~[junit-platform-engine-1.8.2.jar:1.8.2]
	at org.junit.platform.engine.support.hierarchical.NodeTestTask.lambda$executeRecursively$6(NodeTestTask.java:155) ~[junit-platform-engine-1.8.2.jar:1.8.2]
	at org.junit.platform.engine.support.hierarchical.ThrowableCollector.execute(ThrowableCollector.java:73) ~[junit-platform-engine-1.8.2.jar:1.8.2]
	at org.junit.platform.engine.support.hierarchical.NodeTestTask.lambda$executeRecursively$8(NodeTestTask.java:141) ~[junit-platform-engine-1.8.2.jar:1.8.2]
	at org.junit.platform.engine.support.hierarchical.Node.around(Node.java:137) ~[junit-platform-engine-1.8.2.jar:1.8.2]
	at org.junit.platform.engine.support.hierarchical.NodeTestTask.lambda$executeRecursively$9(NodeTestTask.java:139) ~[junit-platform-engine-1.8.2.jar:1.8.2]
	at org.junit.platform.engine.support.hierarchical.ThrowableCollector.execute(ThrowableCollector.java:73) ~[junit-platform-engine-1.8.2.jar:1.8.2]
	at org.junit.platform.engine.support.hierarchical.NodeTestTask.executeRecursively(NodeTestTask.java:138) ~[junit-platform-engine-1.8.2.jar:1.8.2]
	at org.junit.platform.engine.support.hierarchical.NodeTestTask.execute(NodeTestTask.java:95) ~[junit-platform-engine-1.8.2.jar:1.8.2]
	at java.base/java.util.ArrayList.forEach(ArrayList.java:1511) ~[na:na]
	at org.junit.platform.engine.support.hierarchical.SameThreadHierarchicalTestExecutorService.invokeAll(SameThreadHierarchicalTestExecutorService.java:41) ~[junit-platform-engine-1.8.2.jar:1.8.2]
	at org.junit.platform.engine.support.hierarchical.NodeTestTask.lambda$executeRecursively$6(NodeTestTask.java:155) ~[junit-platform-engine-1.8.2.jar:1.8.2]
	at org.junit.platform.engine.support.hierarchical.ThrowableCollector.execute(ThrowableCollector.java:73) ~[junit-platform-engine-1.8.2.jar:1.8.2]
	at org.junit.platform.engine.support.hierarchical.NodeTestTask.lambda$executeRecursively$8(NodeTestTask.java:141) ~[junit-platform-engine-1.8.2.jar:1.8.2]
	at org.junit.platform.engine.support.hierarchical.Node.around(Node.java:137) ~[junit-platform-engine-1.8.2.jar:1.8.2]
	at org.junit.platform.engine.support.hierarchical.NodeTestTask.lambda$executeRecursively$9(NodeTestTask.java:139) ~[junit-platform-engine-1.8.2.jar:1.8.2]
	at org.junit.platform.engine.support.hierarchical.ThrowableCollector.execute(ThrowableCollector.java:73) ~[junit-platform-engine-1.8.2.jar:1.8.2]
	at org.junit.platform.engine.support.hierarchical.NodeTestTask.executeRecursively(NodeTestTask.java:138) ~[junit-platform-engine-1.8.2.jar:1.8.2]
	at org.junit.platform.engine.support.hierarchical.NodeTestTask.execute(NodeTestTask.java:95) ~[junit-platform-engine-1.8.2.jar:1.8.2]
	at org.junit.platform.engine.support.hierarchical.SameThreadHierarchicalTestExecutorService.submit(SameThreadHierarchicalTestExecutorService.java:35) ~[junit-platform-engine-1.8.2.jar:1.8.2]
	at org.junit.platform.engine.support.hierarchical.HierarchicalTestExecutor.execute(HierarchicalTestExecutor.java:57) ~[junit-platform-engine-1.8.2.jar:1.8.2]
	at org.junit.platform.engine.support.hierarchical.HierarchicalTestEngine.execute(HierarchicalTestEngine.java:54) ~[junit-platform-engine-1.8.2.jar:1.8.2]
	at org.junit.platform.launcher.core.EngineExecutionOrchestrator.execute(EngineExecutionOrchestrator.java:107) ~[na:na]
	at org.junit.platform.launcher.core.EngineExecutionOrchestrator.execute(EngineExecutionOrchestrator.java:88) ~[na:na]
	at org.junit.platform.launcher.core.EngineExecutionOrchestrator.lambda$execute$0(EngineExecutionOrchestrator.java:54) ~[na:na]
	at org.junit.platform.launcher.core.EngineExecutionOrchestrator.withInterceptedStreams(EngineExecutionOrchestrator.java:67) ~[na:na]
	at org.junit.platform.launcher.core.EngineExecutionOrchestrator.execute(EngineExecutionOrchestrator.java:52) ~[na:na]
	at org.junit.platform.launcher.core.DefaultLauncher.execute(DefaultLauncher.java:114) ~[na:na]
	at org.junit.platform.launcher.core.DefaultLauncher.execute(DefaultLauncher.java:86) ~[na:na]
	at org.junit.platform.launcher.core.DefaultLauncherSession$DelegatingLauncher.execute(DefaultLauncherSession.java:86) ~[na:na]
	at org.junit.platform.launcher.core.SessionPerRequestLauncher.execute(SessionPerRequestLauncher.java:53) ~[na:na]
	at org.gradle.api.internal.tasks.testing.junitplatform.JUnitPlatformTestClassProcessor$CollectAllTestClassesExecutor.processAllTestClasses(JUnitPlatformTestClassProcessor.java:99) ~[na:na]
	at org.gradle.api.internal.tasks.testing.junitplatform.JUnitPlatformTestClassProcessor$CollectAllTestClassesExecutor.access$000(JUnitPlatformTestClassProcessor.java:79) ~[na:na]
	at org.gradle.api.internal.tasks.testing.junitplatform.JUnitPlatformTestClassProcessor.stop(JUnitPlatformTestClassProcessor.java:75) ~[na:na]
	at org.gradle.api.internal.tasks.testing.SuiteTestClassProcessor.stop(SuiteTestClassProcessor.java:62) ~[na:na]
	at java.base/jdk.internal.reflect.NativeMethodAccessorImpl.invoke0(Native Method) ~[na:na]
	at java.base/jdk.internal.reflect.NativeMethodAccessorImpl.invoke(NativeMethodAccessorImpl.java:77) ~[na:na]
	at java.base/jdk.internal.reflect.DelegatingMethodAccessorImpl.invoke(DelegatingMethodAccessorImpl.java:43) ~[na:na]
	at java.base/java.lang.reflect.Method.invoke(Method.java:568) ~[na:na]
	at org.gradle.internal.dispatch.ReflectionDispatch.dispatch(ReflectionDispatch.java:36) ~[na:na]
	at org.gradle.internal.dispatch.ReflectionDispatch.dispatch(ReflectionDispatch.java:24) ~[na:na]
	at org.gradle.internal.dispatch.ContextClassLoaderDispatch.dispatch(ContextClassLoaderDispatch.java:33) ~[na:na]
	at org.gradle.internal.dispatch.ProxyDispatchAdapter$DispatchingInvocationHandler.invoke(ProxyDispatchAdapter.java:94) ~[na:na]
	at jdk.proxy1/jdk.proxy1.$Proxy2.stop(Unknown Source) ~[na:na]
	at org.gradle.api.internal.tasks.testing.worker.TestWorker$3.run(TestWorker.java:193) ~[na:na]
	at org.gradle.api.internal.tasks.testing.worker.TestWorker.executeAndMaintainThreadName(TestWorker.java:129) ~[na:na]
	at org.gradle.api.internal.tasks.testing.worker.TestWorker.execute(TestWorker.java:100) ~[na:na]
	at org.gradle.api.internal.tasks.testing.worker.TestWorker.execute(TestWorker.java:60) ~[na:na]
	at org.gradle.process.internal.worker.child.ActionExecutionWorker.execute(ActionExecutionWorker.java:56) ~[na:na]
	at org.gradle.process.internal.worker.child.SystemApplicationClassLoaderWorker.call(SystemApplicationClassLoaderWorker.java:113) ~[na:na]
	at org.gradle.process.internal.worker.child.SystemApplicationClassLoaderWorker.call(SystemApplicationClassLoaderWorker.java:65) ~[na:na]
	at worker.org.gradle.process.internal.worker.GradleWorkerMain.run(GradleWorkerMain.java:69) ~[gradle-worker.jar:na]
	at worker.org.gradle.process.internal.worker.GradleWorkerMain.main(GradleWorkerMain.java:74) ~[gradle-worker.jar:na]
Caused by: org.hibernate.AnnotationException: No identifier specified for entity: com.raderleao.admin.catalogo.infrastructure.genre.persistence.GenreJpaEntity
	at org.hibernate.cfg.InheritanceState.determineDefaultAccessType(InheritanceState.java:266) ~[hibernate-core-5.6.14.Final.jar:5.6.14.Final]
	at org.hibernate.cfg.InheritanceState.getElementsToProcess(InheritanceState.java:211) ~[hibernate-core-5.6.14.Final.jar:5.6.14.Final]
	at org.hibernate.cfg.InheritanceState.hasIdClassOrEmbeddedId(InheritanceState.java:185) ~[hibernate-core-5.6.14.Final.jar:5.6.14.Final]
	at org.hibernate.cfg.AnnotationBinder.processElementAnnotations(AnnotationBinder.java:2253) ~[hibernate-core-5.6.14.Final.jar:5.6.14.Final]
	at org.hibernate.cfg.AnnotationBinder.fillComponent(AnnotationBinder.java:2816) ~[hibernate-core-5.6.14.Final.jar:5.6.14.Final]
	at org.hibernate.cfg.AnnotationBinder.fillComponent(AnnotationBinder.java:2698) ~[hibernate-core-5.6.14.Final.jar:5.6.14.Final]
	at org.hibernate.cfg.AnnotationBinder.bindComponent(AnnotationBinder.java:2646) ~[hibernate-core-5.6.14.Final.jar:5.6.14.Final]
	at org.hibernate.cfg.AnnotationBinder.processElementAnnotations(AnnotationBinder.java:2275) ~[hibernate-core-5.6.14.Final.jar:5.6.14.Final]
	at org.hibernate.cfg.AnnotationBinder.processIdPropertiesIfNotAlready(AnnotationBinder.java:968) ~[hibernate-core-5.6.14.Final.jar:5.6.14.Final]
	at org.hibernate.cfg.AnnotationBinder.bindClass(AnnotationBinder.java:793) ~[hibernate-core-5.6.14.Final.jar:5.6.14.Final]
	at org.hibernate.boot.model.source.internal.annotations.AnnotationMetadataSourceProcessorImpl.processEntityHierarchies(AnnotationMetadataSourceProcessorImpl.java:225) ~[hibernate-core-5.6.14.Final.jar:5.6.14.Final]
	at org.hibernate.boot.model.process.spi.MetadataBuildingProcess$1.processEntityHierarchies(MetadataBuildingProcess.java:239) ~[hibernate-core-5.6.14.Final.jar:5.6.14.Final]
	at org.hibernate.boot.model.process.spi.MetadataBuildingProcess.complete(MetadataBuildingProcess.java:282) ~[hibernate-core-5.6.14.Final.jar:5.6.14.Final]
	at org.hibernate.jpa.boot.internal.EntityManagerFactoryBuilderImpl.metadata(EntityManagerFactoryBuilderImpl.java:1460) ~[hibernate-core-5.6.14.Final.jar:5.6.14.Final]
	at org.hibernate.jpa.boot.internal.EntityManagerFactoryBuilderImpl.build(EntityManagerFactoryBuilderImpl.java:1494) ~[hibernate-core-5.6.14.Final.jar:5.6.14.Final]
	at org.springframework.orm.jpa.vendor.SpringHibernateJpaPersistenceProvider.createContainerEntityManagerFactory(SpringHibernateJpaPersistenceProvider.java:58) ~[spring-orm-5.3.24.jar:5.3.24]
	at org.springframework.orm.jpa.LocalContainerEntityManagerFactoryBean.createNativeEntityManagerFactory(LocalContainerEntityManagerFactoryBean.java:365) ~[spring-orm-5.3.24.jar:5.3.24]
	at org.springframework.orm.jpa.AbstractEntityManagerFactoryBean.buildNativeEntityManagerFactory(AbstractEntityManagerFactoryBean.java:409) ~[spring-orm-5.3.24.jar:5.3.24]
	at org.springframework.orm.jpa.AbstractEntityManagerFactoryBean.afterPropertiesSet(AbstractEntityManagerFactoryBean.java:396) ~[spring-orm-5.3.24.jar:5.3.24]
	at org.springframework.orm.jpa.LocalContainerEntityManagerFactoryBean.afterPropertiesSet(LocalContainerEntityManagerFactoryBean.java:341) ~[spring-orm-5.3.24.jar:5.3.24]
	at org.springframework.beans.factory.support.AbstractAutowireCapableBeanFactory.invokeInitMethods(AbstractAutowireCapableBeanFactory.java:1863) ~[spring-beans-5.3.24.jar:5.3.24]
	at org.springframework.beans.factory.support.AbstractAutowireCapableBeanFactory.initializeBean(AbstractAutowireCapableBeanFactory.java:1800) ~[spring-beans-5.3.24.jar:5.3.24]
	... 102 common frames omitted

2023-04-02 22:07:15.551 ERROR 13239 --- [    Test worker] o.s.test.context.TestContextManager      : Caught exception while allowing TestExecutionListener [org.springframework.test.context.web.ServletTestExecutionListener@54227100] to prepare test instance [com.raderleao.admin.catalogo.e2e.category.CategoryE2ETest@6db99c79]

java.lang.IllegalStateException: Failed to load ApplicationContext
	at org.springframework.test.context.cache.DefaultCacheAwareContextLoaderDelegate.loadContext(DefaultCacheAwareContextLoaderDelegate.java:98) ~[spring-test-5.3.24.jar:5.3.24]
	at org.springframework.test.context.support.DefaultTestContext.getApplicationContext(DefaultTestContext.java:124) ~[spring-test-5.3.24.jar:5.3.24]
	at org.springframework.test.context.web.ServletTestExecutionListener.setUpRequestContextIfNecessary(ServletTestExecutionListener.java:190) ~[spring-test-5.3.24.jar:5.3.24]
	at org.springframework.test.context.web.ServletTestExecutionListener.prepareTestInstance(ServletTestExecutionListener.java:132) ~[spring-test-5.3.24.jar:5.3.24]
	at org.springframework.test.context.TestContextManager.prepareTestInstance(TestContextManager.java:248) ~[spring-test-5.3.24.jar:5.3.24]
	at org.springframework.test.context.junit.jupiter.SpringExtension.postProcessTestInstance(SpringExtension.java:138) ~[spring-test-5.3.24.jar:5.3.24]
	at org.junit.jupiter.engine.descriptor.ClassBasedTestDescriptor.lambda$invokeTestInstancePostProcessors$8(ClassBasedTestDescriptor.java:363) ~[junit-jupiter-engine-5.8.2.jar:5.8.2]
	at org.junit.jupiter.engine.descriptor.ClassBasedTestDescriptor.executeAndMaskThrowable(ClassBasedTestDescriptor.java:368) ~[junit-jupiter-engine-5.8.2.jar:5.8.2]
	at org.junit.jupiter.engine.descriptor.ClassBasedTestDescriptor.lambda$invokeTestInstancePostProcessors$9(ClassBasedTestDescriptor.java:363) ~[junit-jupiter-engine-5.8.2.jar:5.8.2]
	at java.base/java.util.stream.ReferencePipeline$3$1.accept(ReferencePipeline.java:197) ~[na:na]
	at java.base/java.util.stream.ReferencePipeline$2$1.accept(ReferencePipeline.java:179) ~[na:na]
	at java.base/java.util.ArrayList$ArrayListSpliterator.forEachRemaining(ArrayList.java:1625) ~[na:na]
	at java.base/java.util.stream.AbstractPipeline.copyInto(AbstractPipeline.java:509) ~[na:na]
	at java.base/java.util.stream.AbstractPipeline.wrapAndCopyInto(AbstractPipeline.java:499) ~[na:na]
	at java.base/java.util.stream.StreamSpliterators$WrappingSpliterator.forEachRemaining(StreamSpliterators.java:310) ~[na:na]
	at java.base/java.util.stream.Streams$ConcatSpliterator.forEachRemaining(Streams.java:735) ~[na:na]
	at java.base/java.util.stream.Streams$ConcatSpliterator.forEachRemaining(Streams.java:734) ~[na:na]
	at java.base/java.util.stream.ReferencePipeline$Head.forEach(ReferencePipeline.java:762) ~[na:na]
	at org.junit.jupiter.engine.descriptor.ClassBasedTestDescriptor.invokeTestInstancePostProcessors(ClassBasedTestDescriptor.java:362) ~[junit-jupiter-engine-5.8.2.jar:5.8.2]
	at org.junit.jupiter.engine.descriptor.ClassBasedTestDescriptor.lambda$instantiateAndPostProcessTestInstance$6(ClassBasedTestDescriptor.java:283) ~[junit-jupiter-engine-5.8.2.jar:5.8.2]
	at org.junit.platform.engine.support.hierarchical.ThrowableCollector.execute(ThrowableCollector.java:73) ~[junit-platform-engine-1.8.2.jar:1.8.2]
	at org.junit.jupiter.engine.descriptor.ClassBasedTestDescriptor.instantiateAndPostProcessTestInstance(ClassBasedTestDescriptor.java:282) ~[junit-jupiter-engine-5.8.2.jar:5.8.2]
	at org.junit.jupiter.engine.descriptor.ClassBasedTestDescriptor.lambda$testInstancesProvider$4(ClassBasedTestDescriptor.java:272) ~[junit-jupiter-engine-5.8.2.jar:5.8.2]
	at java.base/java.util.Optional.orElseGet(Optional.java:364) ~[na:na]
	at org.junit.jupiter.engine.descriptor.ClassBasedTestDescriptor.lambda$testInstancesProvider$5(ClassBasedTestDescriptor.java:271) ~[junit-jupiter-engine-5.8.2.jar:5.8.2]
	at org.junit.jupiter.engine.execution.TestInstancesProvider.getTestInstances(TestInstancesProvider.java:31) ~[junit-jupiter-engine-5.8.2.jar:5.8.2]
	at org.junit.jupiter.engine.descriptor.TestMethodTestDescriptor.lambda$prepare$0(TestMethodTestDescriptor.java:102) ~[junit-jupiter-engine-5.8.2.jar:5.8.2]
	at org.junit.platform.engine.support.hierarchical.ThrowableCollector.execute(ThrowableCollector.java:73) ~[junit-platform-engine-1.8.2.jar:1.8.2]
	at org.junit.jupiter.engine.descriptor.TestMethodTestDescriptor.prepare(TestMethodTestDescriptor.java:101) ~[junit-jupiter-engine-5.8.2.jar:5.8.2]
	at org.junit.jupiter.engine.descriptor.TestMethodTestDescriptor.prepare(TestMethodTestDescriptor.java:66) ~[junit-jupiter-engine-5.8.2.jar:5.8.2]
	at org.junit.platform.engine.support.hierarchical.NodeTestTask.lambda$prepare$2(NodeTestTask.java:123) ~[junit-platform-engine-1.8.2.jar:1.8.2]
	at org.junit.platform.engine.support.hierarchical.ThrowableCollector.execute(ThrowableCollector.java:73) ~[junit-platform-engine-1.8.2.jar:1.8.2]
	at org.junit.platform.engine.support.hierarchical.NodeTestTask.prepare(NodeTestTask.java:123) ~[junit-platform-engine-1.8.2.jar:1.8.2]
	at org.junit.platform.engine.support.hierarchical.NodeTestTask.execute(NodeTestTask.java:90) ~[junit-platform-engine-1.8.2.jar:1.8.2]
	at java.base/java.util.ArrayList.forEach(ArrayList.java:1511) ~[na:na]
	at org.junit.platform.engine.support.hierarchical.SameThreadHierarchicalTestExecutorService.invokeAll(SameThreadHierarchicalTestExecutorService.java:41) ~[junit-platform-engine-1.8.2.jar:1.8.2]
	at org.junit.platform.engine.support.hierarchical.NodeTestTask.lambda$executeRecursively$6(NodeTestTask.java:155) ~[junit-platform-engine-1.8.2.jar:1.8.2]
	at org.junit.platform.engine.support.hierarchical.ThrowableCollector.execute(ThrowableCollector.java:73) ~[junit-platform-engine-1.8.2.jar:1.8.2]
	at org.junit.platform.engine.support.hierarchical.NodeTestTask.lambda$executeRecursively$8(NodeTestTask.java:141) ~[junit-platform-engine-1.8.2.jar:1.8.2]
	at org.junit.platform.engine.support.hierarchical.Node.around(Node.java:137) ~[junit-platform-engine-1.8.2.jar:1.8.2]
	at org.junit.platform.engine.support.hierarchical.NodeTestTask.lambda$executeRecursively$9(NodeTestTask.java:139) ~[junit-platform-engine-1.8.2.jar:1.8.2]
	at org.junit.platform.engine.support.hierarchical.ThrowableCollector.execute(ThrowableCollector.java:73) ~[junit-platform-engine-1.8.2.jar:1.8.2]
	at org.junit.platform.engine.support.hierarchical.NodeTestTask.executeRecursively(NodeTestTask.java:138) ~[junit-platform-engine-1.8.2.jar:1.8.2]
	at org.junit.platform.engine.support.hierarchical.NodeTestTask.execute(NodeTestTask.java:95) ~[junit-platform-engine-1.8.2.jar:1.8.2]
	at java.base/java.util.ArrayList.forEach(ArrayList.java:1511) ~[na:na]
	at org.junit.platform.engine.support.hierarchical.SameThreadHierarchicalTestExecutorService.invokeAll(SameThreadHierarchicalTestExecutorService.java:41) ~[junit-platform-engine-1.8.2.jar:1.8.2]
	at org.junit.platform.engine.support.hierarchical.NodeTestTask.lambda$executeRecursively$6(NodeTestTask.java:155) ~[junit-platform-engine-1.8.2.jar:1.8.2]
	at org.junit.platform.engine.support.hierarchical.ThrowableCollector.execute(ThrowableCollector.java:73) ~[junit-platform-engine-1.8.2.jar:1.8.2]
	at org.junit.platform.engine.support.hierarchical.NodeTestTask.lambda$executeRecursively$8(NodeTestTask.java:141) ~[junit-platform-engine-1.8.2.jar:1.8.2]
	at org.junit.platform.engine.support.hierarchical.Node.around(Node.java:137) ~[junit-platform-engine-1.8.2.jar:1.8.2]
	at org.junit.platform.engine.support.hierarchical.NodeTestTask.lambda$executeRecursively$9(NodeTestTask.java:139) ~[junit-platform-engine-1.8.2.jar:1.8.2]
	at org.junit.platform.engine.support.hierarchical.ThrowableCollector.execute(ThrowableCollector.java:73) ~[junit-platform-engine-1.8.2.jar:1.8.2]
	at org.junit.platform.engine.support.hierarchical.NodeTestTask.executeRecursively(NodeTestTask.java:138) ~[junit-platform-engine-1.8.2.jar:1.8.2]
	at org.junit.platform.engine.support.hierarchical.NodeTestTask.execute(NodeTestTask.java:95) ~[junit-platform-engine-1.8.2.jar:1.8.2]
	at org.junit.platform.engine.support.hierarchical.SameThreadHierarchicalTestExecutorService.submit(SameThreadHierarchicalTestExecutorService.java:35) ~[junit-platform-engine-1.8.2.jar:1.8.2]
	at org.junit.platform.engine.support.hierarchical.HierarchicalTestExecutor.execute(HierarchicalTestExecutor.java:57) ~[junit-platform-engine-1.8.2.jar:1.8.2]
	at org.junit.platform.engine.support.hierarchical.HierarchicalTestEngine.execute(HierarchicalTestEngine.java:54) ~[junit-platform-engine-1.8.2.jar:1.8.2]
	at org.junit.platform.launcher.core.EngineExecutionOrchestrator.execute(EngineExecutionOrchestrator.java:107) ~[na:na]
	at org.junit.platform.launcher.core.EngineExecutionOrchestrator.execute(EngineExecutionOrchestrator.java:88) ~[na:na]
	at org.junit.platform.launcher.core.EngineExecutionOrchestrator.lambda$execute$0(EngineExecutionOrchestrator.java:54) ~[na:na]
	at org.junit.platform.launcher.core.EngineExecutionOrchestrator.withInterceptedStreams(EngineExecutionOrchestrator.java:67) ~[na:na]
	at org.junit.platform.launcher.core.EngineExecutionOrchestrator.execute(EngineExecutionOrchestrator.java:52) ~[na:na]
	at org.junit.platform.launcher.core.DefaultLauncher.execute(DefaultLauncher.java:114) ~[na:na]
	at org.junit.platform.launcher.core.DefaultLauncher.execute(DefaultLauncher.java:86) ~[na:na]
	at org.junit.platform.launcher.core.DefaultLauncherSession$DelegatingLauncher.execute(DefaultLauncherSession.java:86) ~[na:na]
	at org.junit.platform.launcher.core.SessionPerRequestLauncher.execute(SessionPerRequestLauncher.java:53) ~[na:na]
	at org.gradle.api.internal.tasks.testing.junitplatform.JUnitPlatformTestClassProcessor$CollectAllTestClassesExecutor.processAllTestClasses(JUnitPlatformTestClassProcessor.java:99) ~[na:na]
	at org.gradle.api.internal.tasks.testing.junitplatform.JUnitPlatformTestClassProcessor$CollectAllTestClassesExecutor.access$000(JUnitPlatformTestClassProcessor.java:79) ~[na:na]
	at org.gradle.api.internal.tasks.testing.junitplatform.JUnitPlatformTestClassProcessor.stop(JUnitPlatformTestClassProcessor.java:75) ~[na:na]
	at org.gradle.api.internal.tasks.testing.SuiteTestClassProcessor.stop(SuiteTestClassProcessor.java:62) ~[na:na]
	at java.base/jdk.internal.reflect.NativeMethodAccessorImpl.invoke0(Native Method) ~[na:na]
	at java.base/jdk.internal.reflect.NativeMethodAccessorImpl.invoke(NativeMethodAccessorImpl.java:77) ~[na:na]
	at java.base/jdk.internal.reflect.DelegatingMethodAccessorImpl.invoke(DelegatingMethodAccessorImpl.java:43) ~[na:na]
	at java.base/java.lang.reflect.Method.invoke(Method.java:568) ~[na:na]
	at org.gradle.internal.dispatch.ReflectionDispatch.dispatch(ReflectionDispatch.java:36) ~[na:na]
	at org.gradle.internal.dispatch.ReflectionDispatch.dispatch(ReflectionDispatch.java:24) ~[na:na]
	at org.gradle.internal.dispatch.ContextClassLoaderDispatch.dispatch(ContextClassLoaderDispatch.java:33) ~[na:na]
	at org.gradle.internal.dispatch.ProxyDispatchAdapter$DispatchingInvocationHandler.invoke(ProxyDispatchAdapter.java:94) ~[na:na]
	at jdk.proxy1/jdk.proxy1.$Proxy2.stop(Unknown Source) ~[na:na]
	at org.gradle.api.internal.tasks.testing.worker.TestWorker$3.run(TestWorker.java:193) ~[na:na]
	at org.gradle.api.internal.tasks.testing.worker.TestWorker.executeAndMaintainThreadName(TestWorker.java:129) ~[na:na]
	at org.gradle.api.internal.tasks.testing.worker.TestWorker.execute(TestWorker.java:100) ~[na:na]
	at org.gradle.api.internal.tasks.testing.worker.TestWorker.execute(TestWorker.java:60) ~[na:na]
	at org.gradle.process.internal.worker.child.ActionExecutionWorker.execute(ActionExecutionWorker.java:56) ~[na:na]
	at org.gradle.process.internal.worker.child.SystemApplicationClassLoaderWorker.call(SystemApplicationClassLoaderWorker.java:113) ~[na:na]
	at org.gradle.process.internal.worker.child.SystemApplicationClassLoaderWorker.call(SystemApplicationClassLoaderWorker.java:65) ~[na:na]
	at worker.org.gradle.process.internal.worker.GradleWorkerMain.run(GradleWorkerMain.java:69) ~[gradle-worker.jar:na]
	at worker.org.gradle.process.internal.worker.GradleWorkerMain.main(GradleWorkerMain.java:74) ~[gradle-worker.jar:na]
Caused by: org.springframework.beans.factory.BeanCreationException: Error creating bean with name 'entityManagerFactory' defined in class path resource [org/springframework/boot/autoconfigure/orm/jpa/HibernateJpaConfiguration.class]: Invocation of init method failed; nested exception is org.hibernate.AnnotationException: No identifier specified for entity: com.raderleao.admin.catalogo.infrastructure.genre.persistence.GenreJpaEntity
	at org.springframework.beans.factory.support.AbstractAutowireCapableBeanFactory.initializeBean(AbstractAutowireCapableBeanFactory.java:1804) ~[spring-beans-5.3.24.jar:5.3.24]
	at org.springframework.beans.factory.support.AbstractAutowireCapableBeanFactory.doCreateBean(AbstractAutowireCapableBeanFactory.java:620) ~[spring-beans-5.3.24.jar:5.3.24]
	at org.springframework.beans.factory.support.AbstractAutowireCapableBeanFactory.createBean(AbstractAutowireCapableBeanFactory.java:542) ~[spring-beans-5.3.24.jar:5.3.24]
	at org.springframework.beans.factory.support.AbstractBeanFactory.lambda$doGetBean$0(AbstractBeanFactory.java:335) ~[spring-beans-5.3.24.jar:5.3.24]
	at org.springframework.beans.factory.support.DefaultSingletonBeanRegistry.getSingleton(DefaultSingletonBeanRegistry.java:234) ~[spring-beans-5.3.24.jar:5.3.24]
	at org.springframework.beans.factory.support.AbstractBeanFactory.doGetBean(AbstractBeanFactory.java:333) ~[spring-beans-5.3.24.jar:5.3.24]
	at org.springframework.beans.factory.support.AbstractBeanFactory.getBean(AbstractBeanFactory.java:208) ~[spring-beans-5.3.24.jar:5.3.24]
	at org.springframework.context.support.AbstractApplicationContext.getBean(AbstractApplicationContext.java:1154) ~[spring-context-5.3.24.jar:5.3.24]
	at org.springframework.context.support.AbstractApplicationContext.finishBeanFactoryInitialization(AbstractApplicationContext.java:908) ~[spring-context-5.3.24.jar:5.3.24]
	at org.springframework.context.support.AbstractApplicationContext.refresh(AbstractApplicationContext.java:583) ~[spring-context-5.3.24.jar:5.3.24]
	at org.springframework.boot.SpringApplication.refresh(SpringApplication.java:731) ~[spring-boot-2.7.7.jar:2.7.7]
	at org.springframework.boot.SpringApplication.refreshContext(SpringApplication.java:408) ~[spring-boot-2.7.7.jar:2.7.7]
	at org.springframework.boot.SpringApplication.run(SpringApplication.java:307) ~[spring-boot-2.7.7.jar:2.7.7]
	at org.springframework.boot.test.context.SpringBootContextLoader.loadContext(SpringBootContextLoader.java:136) ~[spring-boot-test-2.7.7.jar:2.7.7]
	at org.springframework.test.context.cache.DefaultCacheAwareContextLoaderDelegate.loadContextInternal(DefaultCacheAwareContextLoaderDelegate.java:141) ~[spring-test-5.3.24.jar:5.3.24]
	at org.springframework.test.context.cache.DefaultCacheAwareContextLoaderDelegate.loadContext(DefaultCacheAwareContextLoaderDelegate.java:90) ~[spring-test-5.3.24.jar:5.3.24]
	... 87 common frames omitted
Caused by: org.hibernate.AnnotationException: No identifier specified for entity: com.raderleao.admin.catalogo.infrastructure.genre.persistence.GenreJpaEntity
	at org.hibernate.cfg.InheritanceState.determineDefaultAccessType(InheritanceState.java:266) ~[hibernate-core-5.6.14.Final.jar:5.6.14.Final]
	at org.hibernate.cfg.InheritanceState.getElementsToProcess(InheritanceState.java:211) ~[hibernate-core-5.6.14.Final.jar:5.6.14.Final]
	at org.hibernate.cfg.InheritanceState.hasIdClassOrEmbeddedId(InheritanceState.java:185) ~[hibernate-core-5.6.14.Final.jar:5.6.14.Final]
	at org.hibernate.cfg.AnnotationBinder.processElementAnnotations(AnnotationBinder.java:2253) ~[hibernate-core-5.6.14.Final.jar:5.6.14.Final]
	at org.hibernate.cfg.AnnotationBinder.fillComponent(AnnotationBinder.java:2816) ~[hibernate-core-5.6.14.Final.jar:5.6.14.Final]
	at org.hibernate.cfg.AnnotationBinder.fillComponent(AnnotationBinder.java:2698) ~[hibernate-core-5.6.14.Final.jar:5.6.14.Final]
	at org.hibernate.cfg.AnnotationBinder.bindComponent(AnnotationBinder.java:2646) ~[hibernate-core-5.6.14.Final.jar:5.6.14.Final]
	at org.hibernate.cfg.AnnotationBinder.processElementAnnotations(AnnotationBinder.java:2275) ~[hibernate-core-5.6.14.Final.jar:5.6.14.Final]
	at org.hibernate.cfg.AnnotationBinder.processIdPropertiesIfNotAlready(AnnotationBinder.java:968) ~[hibernate-core-5.6.14.Final.jar:5.6.14.Final]
	at org.hibernate.cfg.AnnotationBinder.bindClass(AnnotationBinder.java:793) ~[hibernate-core-5.6.14.Final.jar:5.6.14.Final]
	at org.hibernate.boot.model.source.internal.annotations.AnnotationMetadataSourceProcessorImpl.processEntityHierarchies(AnnotationMetadataSourceProcessorImpl.java:225) ~[hibernate-core-5.6.14.Final.jar:5.6.14.Final]
	at org.hibernate.boot.model.process.spi.MetadataBuildingProcess$1.processEntityHierarchies(MetadataBuildingProcess.java:239) ~[hibernate-core-5.6.14.Final.jar:5.6.14.Final]
	at org.hibernate.boot.model.process.spi.MetadataBuildingProcess.complete(MetadataBuildingProcess.java:282) ~[hibernate-core-5.6.14.Final.jar:5.6.14.Final]
	at org.hibernate.jpa.boot.internal.EntityManagerFactoryBuilderImpl.metadata(EntityManagerFactoryBuilderImpl.java:1460) ~[hibernate-core-5.6.14.Final.jar:5.6.14.Final]
	at org.hibernate.jpa.boot.internal.EntityManagerFactoryBuilderImpl.build(EntityManagerFactoryBuilderImpl.java:1494) ~[hibernate-core-5.6.14.Final.jar:5.6.14.Final]
	at org.springframework.orm.jpa.vendor.SpringHibernateJpaPersistenceProvider.createContainerEntityManagerFactory(SpringHibernateJpaPersistenceProvider.java:58) ~[spring-orm-5.3.24.jar:5.3.24]
	at org.springframework.orm.jpa.LocalContainerEntityManagerFactoryBean.createNativeEntityManagerFactory(LocalContainerEntityManagerFactoryBean.java:365) ~[spring-orm-5.3.24.jar:5.3.24]
	at org.springframework.orm.jpa.AbstractEntityManagerFactoryBean.buildNativeEntityManagerFactory(AbstractEntityManagerFactoryBean.java:409) ~[spring-orm-5.3.24.jar:5.3.24]
	at org.springframework.orm.jpa.AbstractEntityManagerFactoryBean.afterPropertiesSet(AbstractEntityManagerFactoryBean.java:396) ~[spring-orm-5.3.24.jar:5.3.24]
	at org.springframework.orm.jpa.LocalContainerEntityManagerFactoryBean.afterPropertiesSet(LocalContainerEntityManagerFactoryBean.java:341) ~[spring-orm-5.3.24.jar:5.3.24]
	at org.springframework.beans.factory.support.AbstractAutowireCapableBeanFactory.invokeInitMethods(AbstractAutowireCapableBeanFactory.java:1863) ~[spring-beans-5.3.24.jar:5.3.24]
	at org.springframework.beans.factory.support.AbstractAutowireCapableBeanFactory.initializeBean(AbstractAutowireCapableBeanFactory.java:1800) ~[spring-beans-5.3.24.jar:5.3.24]
	... 102 common frames omitted


  .   ____          _            __ _ _
 /\\ / ___'_ __ _ _(_)_ __  __ _ \ \ \ \
( ( )\___ | '_ | '_| | '_ \/ _` | \ \ \ \
 \\/  ___)| |_)| | | | | || (_| |  ) ) ) )
  '  |____| .__|_| |_|_| |_\__, | / / / /
 =========|_|==============|___/=/_/_/_/
 :: Spring Boot ::                (v2.7.7)

2023-04-02 22:07:15.573  INFO 13239 --- [    Test worker] c.r.a.c.e2e.category.CategoryE2ETest     : Starting CategoryE2ETest using Java 17.0.2 on RaderLeao-MacBook-Air.local with PID 13239 (started by raderleao in /Users/raderleao/src/dev/Workspace/admin-do-catalogo/infrastructure)
2023-04-02 22:07:15.573  INFO 13239 --- [    Test worker] c.r.a.c.e2e.category.CategoryE2ETest     : The following 1 profile is active: "test-e2e"
2023-04-02 22:07:15.639  INFO 13239 --- [    Test worker] .s.d.r.c.RepositoryConfigurationDelegate : Bootstrapping Spring Data JPA repositories in DEFAULT mode.
2023-04-02 22:07:15.643  INFO 13239 --- [    Test worker] .s.d.r.c.RepositoryConfigurationDelegate : Finished Spring Data repository scanning in 4 ms. Found 2 JPA repository interfaces.
2023-04-02 22:07:15.681  INFO 13239 --- [    Test worker] o.f.c.internal.license.VersionPrinter    : Flyway Community Edition 8.5.13 by Redgate
2023-04-02 22:07:15.681  INFO 13239 --- [    Test worker] o.f.c.internal.license.VersionPrinter    : See what's new here: https://flywaydb.org/documentation/learnmore/releaseNotes#8.5.13
2023-04-02 22:07:15.681  INFO 13239 --- [    Test worker] o.f.c.internal.license.VersionPrinter    : 
2023-04-02 22:07:15.681  WARN 13239 --- [    Test worker] com.zaxxer.hikari.HikariConfig           : master - idleTimeout is close to or more than maxLifetime, disabling it.
2023-04-02 22:07:15.681  INFO 13239 --- [    Test worker] com.zaxxer.hikari.HikariDataSource       : master - Starting...
2023-04-02 22:07:15.701  INFO 13239 --- [    Test worker] com.zaxxer.hikari.HikariDataSource       : master - Start completed.
2023-04-02 22:07:15.703  INFO 13239 --- [    Test worker] o.f.c.i.database.base.BaseDatabaseType   : Database: jdbc:mysql://localhost:50897/adm_videos (MySQL 8.0)
2023-04-02 22:07:15.745  INFO 13239 --- [    Test worker] o.f.core.internal.command.DbValidate     : Successfully validated 1 migration (execution time 00:00.018s)
2023-04-02 22:07:15.763  INFO 13239 --- [    Test worker] o.f.core.internal.command.DbMigrate      : Current version of schema `adm_videos`: 1
2023-04-02 22:07:15.764  INFO 13239 --- [    Test worker] o.f.core.internal.command.DbMigrate      : Schema `adm_videos` is up to date. No migration necessary.
2023-04-02 22:07:15.787  INFO 13239 --- [    Test worker] o.hibernate.jpa.internal.util.LogHelper  : HHH000204: Processing PersistenceUnitInfo [name: default]
2023-04-02 22:07:15.790  INFO 13239 --- [    Test worker] org.hibernate.dialect.Dialect            : HHH000400: Using dialect: org.hibernate.dialect.MySQL5InnoDBDialect
2023-04-02 22:07:15.793 ERROR 13239 --- [    Test worker] j.LocalContainerEntityManagerFactoryBean : Failed to initialize JPA EntityManagerFactory: No identifier specified for entity: com.raderleao.admin.catalogo.infrastructure.genre.persistence.GenreJpaEntity
2023-04-02 22:07:15.793  WARN 13239 --- [    Test worker] o.s.w.c.s.GenericWebApplicationContext   : Exception encountered during context initialization - cancelling refresh attempt: org.springframework.beans.factory.BeanCreationException: Error creating bean with name 'entityManagerFactory' defined in class path resource [org/springframework/boot/autoconfigure/orm/jpa/HibernateJpaConfiguration.class]: Invocation of init method failed; nested exception is org.hibernate.AnnotationException: No identifier specified for entity: com.raderleao.admin.catalogo.infrastructure.genre.persistence.GenreJpaEntity
2023-04-02 22:07:15.793  INFO 13239 --- [    Test worker] com.zaxxer.hikari.HikariDataSource       : master - Shutdown initiated...
2023-04-02 22:07:15.795  INFO 13239 --- [    Test worker] com.zaxxer.hikari.HikariDataSource       : master - Shutdown completed.
2023-04-02 22:07:15.796  INFO 13239 --- [    Test worker] ConditionEvaluationReportLoggingListener : 

Error starting ApplicationContext. To display the conditions report re-run your application with 'debug' enabled.
2023-04-02 22:07:15.798 ERROR 13239 --- [    Test worker] o.s.boot.SpringApplication               : Application run failed

org.springframework.beans.factory.BeanCreationException: Error creating bean with name 'entityManagerFactory' defined in class path resource [org/springframework/boot/autoconfigure/orm/jpa/HibernateJpaConfiguration.class]: Invocation of init method failed; nested exception is org.hibernate.AnnotationException: No identifier specified for entity: com.raderleao.admin.catalogo.infrastructure.genre.persistence.GenreJpaEntity
	at org.springframework.beans.factory.support.AbstractAutowireCapableBeanFactory.initializeBean(AbstractAutowireCapableBeanFactory.java:1804) ~[spring-beans-5.3.24.jar:5.3.24]
	at org.springframework.beans.factory.support.AbstractAutowireCapableBeanFactory.doCreateBean(AbstractAutowireCapableBeanFactory.java:620) ~[spring-beans-5.3.24.jar:5.3.24]
	at org.springframework.beans.factory.support.AbstractAutowireCapableBeanFactory.createBean(AbstractAutowireCapableBeanFactory.java:542) ~[spring-beans-5.3.24.jar:5.3.24]
	at org.springframework.beans.factory.support.AbstractBeanFactory.lambda$doGetBean$0(AbstractBeanFactory.java:335) ~[spring-beans-5.3.24.jar:5.3.24]
	at org.springframework.beans.factory.support.DefaultSingletonBeanRegistry.getSingleton(DefaultSingletonBeanRegistry.java:234) ~[spring-beans-5.3.24.jar:5.3.24]
	at org.springframework.beans.factory.support.AbstractBeanFactory.doGetBean(AbstractBeanFactory.java:333) ~[spring-beans-5.3.24.jar:5.3.24]
	at org.springframework.beans.factory.support.AbstractBeanFactory.getBean(AbstractBeanFactory.java:208) ~[spring-beans-5.3.24.jar:5.3.24]
	at org.springframework.context.support.AbstractApplicationContext.getBean(AbstractApplicationContext.java:1154) ~[spring-context-5.3.24.jar:5.3.24]
	at org.springframework.context.support.AbstractApplicationContext.finishBeanFactoryInitialization(AbstractApplicationContext.java:908) ~[spring-context-5.3.24.jar:5.3.24]
	at org.springframework.context.support.AbstractApplicationContext.refresh(AbstractApplicationContext.java:583) ~[spring-context-5.3.24.jar:5.3.24]
	at org.springframework.boot.SpringApplication.refresh(SpringApplication.java:731) ~[spring-boot-2.7.7.jar:2.7.7]
	at org.springframework.boot.SpringApplication.refreshContext(SpringApplication.java:408) ~[spring-boot-2.7.7.jar:2.7.7]
	at org.springframework.boot.SpringApplication.run(SpringApplication.java:307) ~[spring-boot-2.7.7.jar:2.7.7]
	at org.springframework.boot.test.context.SpringBootContextLoader.loadContext(SpringBootContextLoader.java:136) ~[spring-boot-test-2.7.7.jar:2.7.7]
	at org.springframework.test.context.cache.DefaultCacheAwareContextLoaderDelegate.loadContextInternal(DefaultCacheAwareContextLoaderDelegate.java:141) ~[spring-test-5.3.24.jar:5.3.24]
	at org.springframework.test.context.cache.DefaultCacheAwareContextLoaderDelegate.loadContext(DefaultCacheAwareContextLoaderDelegate.java:90) ~[spring-test-5.3.24.jar:5.3.24]
	at org.springframework.test.context.support.DefaultTestContext.getApplicationContext(DefaultTestContext.java:124) ~[spring-test-5.3.24.jar:5.3.24]
	at org.springframework.test.context.web.ServletTestExecutionListener.setUpRequestContextIfNecessary(ServletTestExecutionListener.java:190) ~[spring-test-5.3.24.jar:5.3.24]
	at org.springframework.test.context.web.ServletTestExecutionListener.prepareTestInstance(ServletTestExecutionListener.java:132) ~[spring-test-5.3.24.jar:5.3.24]
	at org.springframework.test.context.TestContextManager.prepareTestInstance(TestContextManager.java:248) ~[spring-test-5.3.24.jar:5.3.24]
	at org.springframework.test.context.junit.jupiter.SpringExtension.postProcessTestInstance(SpringExtension.java:138) ~[spring-test-5.3.24.jar:5.3.24]
	at org.junit.jupiter.engine.descriptor.ClassBasedTestDescriptor.lambda$invokeTestInstancePostProcessors$8(ClassBasedTestDescriptor.java:363) ~[junit-jupiter-engine-5.8.2.jar:5.8.2]
	at org.junit.jupiter.engine.descriptor.ClassBasedTestDescriptor.executeAndMaskThrowable(ClassBasedTestDescriptor.java:368) ~[junit-jupiter-engine-5.8.2.jar:5.8.2]
	at org.junit.jupiter.engine.descriptor.ClassBasedTestDescriptor.lambda$invokeTestInstancePostProcessors$9(ClassBasedTestDescriptor.java:363) ~[junit-jupiter-engine-5.8.2.jar:5.8.2]
	at java.base/java.util.stream.ReferencePipeline$3$1.accept(ReferencePipeline.java:197) ~[na:na]
	at java.base/java.util.stream.ReferencePipeline$2$1.accept(ReferencePipeline.java:179) ~[na:na]
	at java.base/java.util.ArrayList$ArrayListSpliterator.forEachRemaining(ArrayList.java:1625) ~[na:na]
	at java.base/java.util.stream.AbstractPipeline.copyInto(AbstractPipeline.java:509) ~[na:na]
	at java.base/java.util.stream.AbstractPipeline.wrapAndCopyInto(AbstractPipeline.java:499) ~[na:na]
	at java.base/java.util.stream.StreamSpliterators$WrappingSpliterator.forEachRemaining(StreamSpliterators.java:310) ~[na:na]
	at java.base/java.util.stream.Streams$ConcatSpliterator.forEachRemaining(Streams.java:735) ~[na:na]
	at java.base/java.util.stream.Streams$ConcatSpliterator.forEachRemaining(Streams.java:734) ~[na:na]
	at java.base/java.util.stream.ReferencePipeline$Head.forEach(ReferencePipeline.java:762) ~[na:na]
	at org.junit.jupiter.engine.descriptor.ClassBasedTestDescriptor.invokeTestInstancePostProcessors(ClassBasedTestDescriptor.java:362) ~[junit-jupiter-engine-5.8.2.jar:5.8.2]
	at org.junit.jupiter.engine.descriptor.ClassBasedTestDescriptor.lambda$instantiateAndPostProcessTestInstance$6(ClassBasedTestDescriptor.java:283) ~[junit-jupiter-engine-5.8.2.jar:5.8.2]
	at org.junit.platform.engine.support.hierarchical.ThrowableCollector.execute(ThrowableCollector.java:73) ~[junit-platform-engine-1.8.2.jar:1.8.2]
	at org.junit.jupiter.engine.descriptor.ClassBasedTestDescriptor.instantiateAndPostProcessTestInstance(ClassBasedTestDescriptor.java:282) ~[junit-jupiter-engine-5.8.2.jar:5.8.2]
	at org.junit.jupiter.engine.descriptor.ClassBasedTestDescriptor.lambda$testInstancesProvider$4(ClassBasedTestDescriptor.java:272) ~[junit-jupiter-engine-5.8.2.jar:5.8.2]
	at java.base/java.util.Optional.orElseGet(Optional.java:364) ~[na:na]
	at org.junit.jupiter.engine.descriptor.ClassBasedTestDescriptor.lambda$testInstancesProvider$5(ClassBasedTestDescriptor.java:271) ~[junit-jupiter-engine-5.8.2.jar:5.8.2]
	at org.junit.jupiter.engine.execution.TestInstancesProvider.getTestInstances(TestInstancesProvider.java:31) ~[junit-jupiter-engine-5.8.2.jar:5.8.2]
	at org.junit.jupiter.engine.descriptor.TestMethodTestDescriptor.lambda$prepare$0(TestMethodTestDescriptor.java:102) ~[junit-jupiter-engine-5.8.2.jar:5.8.2]
	at org.junit.platform.engine.support.hierarchical.ThrowableCollector.execute(ThrowableCollector.java:73) ~[junit-platform-engine-1.8.2.jar:1.8.2]
	at org.junit.jupiter.engine.descriptor.TestMethodTestDescriptor.prepare(TestMethodTestDescriptor.java:101) ~[junit-jupiter-engine-5.8.2.jar:5.8.2]
	at org.junit.jupiter.engine.descriptor.TestMethodTestDescriptor.prepare(TestMethodTestDescriptor.java:66) ~[junit-jupiter-engine-5.8.2.jar:5.8.2]
	at org.junit.platform.engine.support.hierarchical.NodeTestTask.lambda$prepare$2(NodeTestTask.java:123) ~[junit-platform-engine-1.8.2.jar:1.8.2]
	at org.junit.platform.engine.support.hierarchical.ThrowableCollector.execute(ThrowableCollector.java:73) ~[junit-platform-engine-1.8.2.jar:1.8.2]
	at org.junit.platform.engine.support.hierarchical.NodeTestTask.prepare(NodeTestTask.java:123) ~[junit-platform-engine-1.8.2.jar:1.8.2]
	at org.junit.platform.engine.support.hierarchical.NodeTestTask.execute(NodeTestTask.java:90) ~[junit-platform-engine-1.8.2.jar:1.8.2]
	at java.base/java.util.ArrayList.forEach(ArrayList.java:1511) ~[na:na]
	at org.junit.platform.engine.support.hierarchical.SameThreadHierarchicalTestExecutorService.invokeAll(SameThreadHierarchicalTestExecutorService.java:41) ~[junit-platform-engine-1.8.2.jar:1.8.2]
	at org.junit.platform.engine.support.hierarchical.NodeTestTask.lambda$executeRecursively$6(NodeTestTask.java:155) ~[junit-platform-engine-1.8.2.jar:1.8.2]
	at org.junit.platform.engine.support.hierarchical.ThrowableCollector.execute(ThrowableCollector.java:73) ~[junit-platform-engine-1.8.2.jar:1.8.2]
	at org.junit.platform.engine.support.hierarchical.NodeTestTask.lambda$executeRecursively$8(NodeTestTask.java:141) ~[junit-platform-engine-1.8.2.jar:1.8.2]
	at org.junit.platform.engine.support.hierarchical.Node.around(Node.java:137) ~[junit-platform-engine-1.8.2.jar:1.8.2]
	at org.junit.platform.engine.support.hierarchical.NodeTestTask.lambda$executeRecursively$9(NodeTestTask.java:139) ~[junit-platform-engine-1.8.2.jar:1.8.2]
	at org.junit.platform.engine.support.hierarchical.ThrowableCollector.execute(ThrowableCollector.java:73) ~[junit-platform-engine-1.8.2.jar:1.8.2]
	at org.junit.platform.engine.support.hierarchical.NodeTestTask.executeRecursively(NodeTestTask.java:138) ~[junit-platform-engine-1.8.2.jar:1.8.2]
	at org.junit.platform.engine.support.hierarchical.NodeTestTask.execute(NodeTestTask.java:95) ~[junit-platform-engine-1.8.2.jar:1.8.2]
	at java.base/java.util.ArrayList.forEach(ArrayList.java:1511) ~[na:na]
	at org.junit.platform.engine.support.hierarchical.SameThreadHierarchicalTestExecutorService.invokeAll(SameThreadHierarchicalTestExecutorService.java:41) ~[junit-platform-engine-1.8.2.jar:1.8.2]
	at org.junit.platform.engine.support.hierarchical.NodeTestTask.lambda$executeRecursively$6(NodeTestTask.java:155) ~[junit-platform-engine-1.8.2.jar:1.8.2]
	at org.junit.platform.engine.support.hierarchical.ThrowableCollector.execute(ThrowableCollector.java:73) ~[junit-platform-engine-1.8.2.jar:1.8.2]
	at org.junit.platform.engine.support.hierarchical.NodeTestTask.lambda$executeRecursively$8(NodeTestTask.java:141) ~[junit-platform-engine-1.8.2.jar:1.8.2]
	at org.junit.platform.engine.support.hierarchical.Node.around(Node.java:137) ~[junit-platform-engine-1.8.2.jar:1.8.2]
	at org.junit.platform.engine.support.hierarchical.NodeTestTask.lambda$executeRecursively$9(NodeTestTask.java:139) ~[junit-platform-engine-1.8.2.jar:1.8.2]
	at org.junit.platform.engine.support.hierarchical.ThrowableCollector.execute(ThrowableCollector.java:73) ~[junit-platform-engine-1.8.2.jar:1.8.2]
	at org.junit.platform.engine.support.hierarchical.NodeTestTask.executeRecursively(NodeTestTask.java:138) ~[junit-platform-engine-1.8.2.jar:1.8.2]
	at org.junit.platform.engine.support.hierarchical.NodeTestTask.execute(NodeTestTask.java:95) ~[junit-platform-engine-1.8.2.jar:1.8.2]
	at org.junit.platform.engine.support.hierarchical.SameThreadHierarchicalTestExecutorService.submit(SameThreadHierarchicalTestExecutorService.java:35) ~[junit-platform-engine-1.8.2.jar:1.8.2]
	at org.junit.platform.engine.support.hierarchical.HierarchicalTestExecutor.execute(HierarchicalTestExecutor.java:57) ~[junit-platform-engine-1.8.2.jar:1.8.2]
	at org.junit.platform.engine.support.hierarchical.HierarchicalTestEngine.execute(HierarchicalTestEngine.java:54) ~[junit-platform-engine-1.8.2.jar:1.8.2]
	at org.junit.platform.launcher.core.EngineExecutionOrchestrator.execute(EngineExecutionOrchestrator.java:107) ~[na:na]
	at org.junit.platform.launcher.core.EngineExecutionOrchestrator.execute(EngineExecutionOrchestrator.java:88) ~[na:na]
	at org.junit.platform.launcher.core.EngineExecutionOrchestrator.lambda$execute$0(EngineExecutionOrchestrator.java:54) ~[na:na]
	at org.junit.platform.launcher.core.EngineExecutionOrchestrator.withInterceptedStreams(EngineExecutionOrchestrator.java:67) ~[na:na]
	at org.junit.platform.launcher.core.EngineExecutionOrchestrator.execute(EngineExecutionOrchestrator.java:52) ~[na:na]
	at org.junit.platform.launcher.core.DefaultLauncher.execute(DefaultLauncher.java:114) ~[na:na]
	at org.junit.platform.launcher.core.DefaultLauncher.execute(DefaultLauncher.java:86) ~[na:na]
	at org.junit.platform.launcher.core.DefaultLauncherSession$DelegatingLauncher.execute(DefaultLauncherSession.java:86) ~[na:na]
	at org.junit.platform.launcher.core.SessionPerRequestLauncher.execute(SessionPerRequestLauncher.java:53) ~[na:na]
	at org.gradle.api.internal.tasks.testing.junitplatform.JUnitPlatformTestClassProcessor$CollectAllTestClassesExecutor.processAllTestClasses(JUnitPlatformTestClassProcessor.java:99) ~[na:na]
	at org.gradle.api.internal.tasks.testing.junitplatform.JUnitPlatformTestClassProcessor$CollectAllTestClassesExecutor.access$000(JUnitPlatformTestClassProcessor.java:79) ~[na:na]
	at org.gradle.api.internal.tasks.testing.junitplatform.JUnitPlatformTestClassProcessor.stop(JUnitPlatformTestClassProcessor.java:75) ~[na:na]
	at org.gradle.api.internal.tasks.testing.SuiteTestClassProcessor.stop(SuiteTestClassProcessor.java:62) ~[na:na]
	at java.base/jdk.internal.reflect.NativeMethodAccessorImpl.invoke0(Native Method) ~[na:na]
	at java.base/jdk.internal.reflect.NativeMethodAccessorImpl.invoke(NativeMethodAccessorImpl.java:77) ~[na:na]
	at java.base/jdk.internal.reflect.DelegatingMethodAccessorImpl.invoke(DelegatingMethodAccessorImpl.java:43) ~[na:na]
	at java.base/java.lang.reflect.Method.invoke(Method.java:568) ~[na:na]
	at org.gradle.internal.dispatch.ReflectionDispatch.dispatch(ReflectionDispatch.java:36) ~[na:na]
	at org.gradle.internal.dispatch.ReflectionDispatch.dispatch(ReflectionDispatch.java:24) ~[na:na]
	at org.gradle.internal.dispatch.ContextClassLoaderDispatch.dispatch(ContextClassLoaderDispatch.java:33) ~[na:na]
	at org.gradle.internal.dispatch.ProxyDispatchAdapter$DispatchingInvocationHandler.invoke(ProxyDispatchAdapter.java:94) ~[na:na]
	at jdk.proxy1/jdk.proxy1.$Proxy2.stop(Unknown Source) ~[na:na]
	at org.gradle.api.internal.tasks.testing.worker.TestWorker$3.run(TestWorker.java:193) ~[na:na]
	at org.gradle.api.internal.tasks.testing.worker.TestWorker.executeAndMaintainThreadName(TestWorker.java:129) ~[na:na]
	at org.gradle.api.internal.tasks.testing.worker.TestWorker.execute(TestWorker.java:100) ~[na:na]
	at org.gradle.api.internal.tasks.testing.worker.TestWorker.execute(TestWorker.java:60) ~[na:na]
	at org.gradle.process.internal.worker.child.ActionExecutionWorker.execute(ActionExecutionWorker.java:56) ~[na:na]
	at org.gradle.process.internal.worker.child.SystemApplicationClassLoaderWorker.call(SystemApplicationClassLoaderWorker.java:113) ~[na:na]
	at org.gradle.process.internal.worker.child.SystemApplicationClassLoaderWorker.call(SystemApplicationClassLoaderWorker.java:65) ~[na:na]
	at worker.org.gradle.process.internal.worker.GradleWorkerMain.run(GradleWorkerMain.java:69) ~[gradle-worker.jar:na]
	at worker.org.gradle.process.internal.worker.GradleWorkerMain.main(GradleWorkerMain.java:74) ~[gradle-worker.jar:na]
Caused by: org.hibernate.AnnotationException: No identifier specified for entity: com.raderleao.admin.catalogo.infrastructure.genre.persistence.GenreJpaEntity
	at org.hibernate.cfg.InheritanceState.determineDefaultAccessType(InheritanceState.java:266) ~[hibernate-core-5.6.14.Final.jar:5.6.14.Final]
	at org.hibernate.cfg.InheritanceState.getElementsToProcess(InheritanceState.java:211) ~[hibernate-core-5.6.14.Final.jar:5.6.14.Final]
	at org.hibernate.cfg.InheritanceState.hasIdClassOrEmbeddedId(InheritanceState.java:185) ~[hibernate-core-5.6.14.Final.jar:5.6.14.Final]
	at org.hibernate.cfg.AnnotationBinder.processElementAnnotations(AnnotationBinder.java:2253) ~[hibernate-core-5.6.14.Final.jar:5.6.14.Final]
	at org.hibernate.cfg.AnnotationBinder.fillComponent(AnnotationBinder.java:2816) ~[hibernate-core-5.6.14.Final.jar:5.6.14.Final]
	at org.hibernate.cfg.AnnotationBinder.fillComponent(AnnotationBinder.java:2698) ~[hibernate-core-5.6.14.Final.jar:5.6.14.Final]
	at org.hibernate.cfg.AnnotationBinder.bindComponent(AnnotationBinder.java:2646) ~[hibernate-core-5.6.14.Final.jar:5.6.14.Final]
	at org.hibernate.cfg.AnnotationBinder.processElementAnnotations(AnnotationBinder.java:2275) ~[hibernate-core-5.6.14.Final.jar:5.6.14.Final]
	at org.hibernate.cfg.AnnotationBinder.processIdPropertiesIfNotAlready(AnnotationBinder.java:968) ~[hibernate-core-5.6.14.Final.jar:5.6.14.Final]
	at org.hibernate.cfg.AnnotationBinder.bindClass(AnnotationBinder.java:793) ~[hibernate-core-5.6.14.Final.jar:5.6.14.Final]
	at org.hibernate.boot.model.source.internal.annotations.AnnotationMetadataSourceProcessorImpl.processEntityHierarchies(AnnotationMetadataSourceProcessorImpl.java:225) ~[hibernate-core-5.6.14.Final.jar:5.6.14.Final]
	at org.hibernate.boot.model.process.spi.MetadataBuildingProcess$1.processEntityHierarchies(MetadataBuildingProcess.java:239) ~[hibernate-core-5.6.14.Final.jar:5.6.14.Final]
	at org.hibernate.boot.model.process.spi.MetadataBuildingProcess.complete(MetadataBuildingProcess.java:282) ~[hibernate-core-5.6.14.Final.jar:5.6.14.Final]
	at org.hibernate.jpa.boot.internal.EntityManagerFactoryBuilderImpl.metadata(EntityManagerFactoryBuilderImpl.java:1460) ~[hibernate-core-5.6.14.Final.jar:5.6.14.Final]
	at org.hibernate.jpa.boot.internal.EntityManagerFactoryBuilderImpl.build(EntityManagerFactoryBuilderImpl.java:1494) ~[hibernate-core-5.6.14.Final.jar:5.6.14.Final]
	at org.springframework.orm.jpa.vendor.SpringHibernateJpaPersistenceProvider.createContainerEntityManagerFactory(SpringHibernateJpaPersistenceProvider.java:58) ~[spring-orm-5.3.24.jar:5.3.24]
	at org.springframework.orm.jpa.LocalContainerEntityManagerFactoryBean.createNativeEntityManagerFactory(LocalContainerEntityManagerFactoryBean.java:365) ~[spring-orm-5.3.24.jar:5.3.24]
	at org.springframework.orm.jpa.AbstractEntityManagerFactoryBean.buildNativeEntityManagerFactory(AbstractEntityManagerFactoryBean.java:409) ~[spring-orm-5.3.24.jar:5.3.24]
	at org.springframework.orm.jpa.AbstractEntityManagerFactoryBean.afterPropertiesSet(AbstractEntityManagerFactoryBean.java:396) ~[spring-orm-5.3.24.jar:5.3.24]
	at org.springframework.orm.jpa.LocalContainerEntityManagerFactoryBean.afterPropertiesSet(LocalContainerEntityManagerFactoryBean.java:341) ~[spring-orm-5.3.24.jar:5.3.24]
	at org.springframework.beans.factory.support.AbstractAutowireCapableBeanFactory.invokeInitMethods(AbstractAutowireCapableBeanFactory.java:1863) ~[spring-beans-5.3.24.jar:5.3.24]
	at org.springframework.beans.factory.support.AbstractAutowireCapableBeanFactory.initializeBean(AbstractAutowireCapableBeanFactory.java:1800) ~[spring-beans-5.3.24.jar:5.3.24]
	... 102 common frames omitted

2023-04-02 22:07:15.800 ERROR 13239 --- [    Test worker] o.s.test.context.TestContextManager      : Caught exception while allowing TestExecutionListener [org.springframework.test.context.web.ServletTestExecutionListener@54227100] to prepare test instance [com.raderleao.admin.catalogo.e2e.category.CategoryE2ETest@67441705]

java.lang.IllegalStateException: Failed to load ApplicationContext
	at org.springframework.test.context.cache.DefaultCacheAwareContextLoaderDelegate.loadContext(DefaultCacheAwareContextLoaderDelegate.java:98) ~[spring-test-5.3.24.jar:5.3.24]
	at org.springframework.test.context.support.DefaultTestContext.getApplicationContext(DefaultTestContext.java:124) ~[spring-test-5.3.24.jar:5.3.24]
	at org.springframework.test.context.web.ServletTestExecutionListener.setUpRequestContextIfNecessary(ServletTestExecutionListener.java:190) ~[spring-test-5.3.24.jar:5.3.24]
	at org.springframework.test.context.web.ServletTestExecutionListener.prepareTestInstance(ServletTestExecutionListener.java:132) ~[spring-test-5.3.24.jar:5.3.24]
	at org.springframework.test.context.TestContextManager.prepareTestInstance(TestContextManager.java:248) ~[spring-test-5.3.24.jar:5.3.24]
	at org.springframework.test.context.junit.jupiter.SpringExtension.postProcessTestInstance(SpringExtension.java:138) ~[spring-test-5.3.24.jar:5.3.24]
	at org.junit.jupiter.engine.descriptor.ClassBasedTestDescriptor.lambda$invokeTestInstancePostProcessors$8(ClassBasedTestDescriptor.java:363) ~[junit-jupiter-engine-5.8.2.jar:5.8.2]
	at org.junit.jupiter.engine.descriptor.ClassBasedTestDescriptor.executeAndMaskThrowable(ClassBasedTestDescriptor.java:368) ~[junit-jupiter-engine-5.8.2.jar:5.8.2]
	at org.junit.jupiter.engine.descriptor.ClassBasedTestDescriptor.lambda$invokeTestInstancePostProcessors$9(ClassBasedTestDescriptor.java:363) ~[junit-jupiter-engine-5.8.2.jar:5.8.2]
	at java.base/java.util.stream.ReferencePipeline$3$1.accept(ReferencePipeline.java:197) ~[na:na]
	at java.base/java.util.stream.ReferencePipeline$2$1.accept(ReferencePipeline.java:179) ~[na:na]
	at java.base/java.util.ArrayList$ArrayListSpliterator.forEachRemaining(ArrayList.java:1625) ~[na:na]
	at java.base/java.util.stream.AbstractPipeline.copyInto(AbstractPipeline.java:509) ~[na:na]
	at java.base/java.util.stream.AbstractPipeline.wrapAndCopyInto(AbstractPipeline.java:499) ~[na:na]
	at java.base/java.util.stream.StreamSpliterators$WrappingSpliterator.forEachRemaining(StreamSpliterators.java:310) ~[na:na]
	at java.base/java.util.stream.Streams$ConcatSpliterator.forEachRemaining(Streams.java:735) ~[na:na]
	at java.base/java.util.stream.Streams$ConcatSpliterator.forEachRemaining(Streams.java:734) ~[na:na]
	at java.base/java.util.stream.ReferencePipeline$Head.forEach(ReferencePipeline.java:762) ~[na:na]
	at org.junit.jupiter.engine.descriptor.ClassBasedTestDescriptor.invokeTestInstancePostProcessors(ClassBasedTestDescriptor.java:362) ~[junit-jupiter-engine-5.8.2.jar:5.8.2]
	at org.junit.jupiter.engine.descriptor.ClassBasedTestDescriptor.lambda$instantiateAndPostProcessTestInstance$6(ClassBasedTestDescriptor.java:283) ~[junit-jupiter-engine-5.8.2.jar:5.8.2]
	at org.junit.platform.engine.support.hierarchical.ThrowableCollector.execute(ThrowableCollector.java:73) ~[junit-platform-engine-1.8.2.jar:1.8.2]
	at org.junit.jupiter.engine.descriptor.ClassBasedTestDescriptor.instantiateAndPostProcessTestInstance(ClassBasedTestDescriptor.java:282) ~[junit-jupiter-engine-5.8.2.jar:5.8.2]
	at org.junit.jupiter.engine.descriptor.ClassBasedTestDescriptor.lambda$testInstancesProvider$4(ClassBasedTestDescriptor.java:272) ~[junit-jupiter-engine-5.8.2.jar:5.8.2]
	at java.base/java.util.Optional.orElseGet(Optional.java:364) ~[na:na]
	at org.junit.jupiter.engine.descriptor.ClassBasedTestDescriptor.lambda$testInstancesProvider$5(ClassBasedTestDescriptor.java:271) ~[junit-jupiter-engine-5.8.2.jar:5.8.2]
	at org.junit.jupiter.engine.execution.TestInstancesProvider.getTestInstances(TestInstancesProvider.java:31) ~[junit-jupiter-engine-5.8.2.jar:5.8.2]
	at org.junit.jupiter.engine.descriptor.TestMethodTestDescriptor.lambda$prepare$0(TestMethodTestDescriptor.java:102) ~[junit-jupiter-engine-5.8.2.jar:5.8.2]
	at org.junit.platform.engine.support.hierarchical.ThrowableCollector.execute(ThrowableCollector.java:73) ~[junit-platform-engine-1.8.2.jar:1.8.2]
	at org.junit.jupiter.engine.descriptor.TestMethodTestDescriptor.prepare(TestMethodTestDescriptor.java:101) ~[junit-jupiter-engine-5.8.2.jar:5.8.2]
	at org.junit.jupiter.engine.descriptor.TestMethodTestDescriptor.prepare(TestMethodTestDescriptor.java:66) ~[junit-jupiter-engine-5.8.2.jar:5.8.2]
	at org.junit.platform.engine.support.hierarchical.NodeTestTask.lambda$prepare$2(NodeTestTask.java:123) ~[junit-platform-engine-1.8.2.jar:1.8.2]
	at org.junit.platform.engine.support.hierarchical.ThrowableCollector.execute(ThrowableCollector.java:73) ~[junit-platform-engine-1.8.2.jar:1.8.2]
	at org.junit.platform.engine.support.hierarchical.NodeTestTask.prepare(NodeTestTask.java:123) ~[junit-platform-engine-1.8.2.jar:1.8.2]
	at org.junit.platform.engine.support.hierarchical.NodeTestTask.execute(NodeTestTask.java:90) ~[junit-platform-engine-1.8.2.jar:1.8.2]
	at java.base/java.util.ArrayList.forEach(ArrayList.java:1511) ~[na:na]
	at org.junit.platform.engine.support.hierarchical.SameThreadHierarchicalTestExecutorService.invokeAll(SameThreadHierarchicalTestExecutorService.java:41) ~[junit-platform-engine-1.8.2.jar:1.8.2]
	at org.junit.platform.engine.support.hierarchical.NodeTestTask.lambda$executeRecursively$6(NodeTestTask.java:155) ~[junit-platform-engine-1.8.2.jar:1.8.2]
	at org.junit.platform.engine.support.hierarchical.ThrowableCollector.execute(ThrowableCollector.java:73) ~[junit-platform-engine-1.8.2.jar:1.8.2]
	at org.junit.platform.engine.support.hierarchical.NodeTestTask.lambda$executeRecursively$8(NodeTestTask.java:141) ~[junit-platform-engine-1.8.2.jar:1.8.2]
	at org.junit.platform.engine.support.hierarchical.Node.around(Node.java:137) ~[junit-platform-engine-1.8.2.jar:1.8.2]
	at org.junit.platform.engine.support.hierarchical.NodeTestTask.lambda$executeRecursively$9(NodeTestTask.java:139) ~[junit-platform-engine-1.8.2.jar:1.8.2]
	at org.junit.platform.engine.support.hierarchical.ThrowableCollector.execute(ThrowableCollector.java:73) ~[junit-platform-engine-1.8.2.jar:1.8.2]
	at org.junit.platform.engine.support.hierarchical.NodeTestTask.executeRecursively(NodeTestTask.java:138) ~[junit-platform-engine-1.8.2.jar:1.8.2]
	at org.junit.platform.engine.support.hierarchical.NodeTestTask.execute(NodeTestTask.java:95) ~[junit-platform-engine-1.8.2.jar:1.8.2]
	at java.base/java.util.ArrayList.forEach(ArrayList.java:1511) ~[na:na]
	at org.junit.platform.engine.support.hierarchical.SameThreadHierarchicalTestExecutorService.invokeAll(SameThreadHierarchicalTestExecutorService.java:41) ~[junit-platform-engine-1.8.2.jar:1.8.2]
	at org.junit.platform.engine.support.hierarchical.NodeTestTask.lambda$executeRecursively$6(NodeTestTask.java:155) ~[junit-platform-engine-1.8.2.jar:1.8.2]
	at org.junit.platform.engine.support.hierarchical.ThrowableCollector.execute(ThrowableCollector.java:73) ~[junit-platform-engine-1.8.2.jar:1.8.2]
	at org.junit.platform.engine.support.hierarchical.NodeTestTask.lambda$executeRecursively$8(NodeTestTask.java:141) ~[junit-platform-engine-1.8.2.jar:1.8.2]
	at org.junit.platform.engine.support.hierarchical.Node.around(Node.java:137) ~[junit-platform-engine-1.8.2.jar:1.8.2]
	at org.junit.platform.engine.support.hierarchical.NodeTestTask.lambda$executeRecursively$9(NodeTestTask.java:139) ~[junit-platform-engine-1.8.2.jar:1.8.2]
	at org.junit.platform.engine.support.hierarchical.ThrowableCollector.execute(ThrowableCollector.java:73) ~[junit-platform-engine-1.8.2.jar:1.8.2]
	at org.junit.platform.engine.support.hierarchical.NodeTestTask.executeRecursively(NodeTestTask.java:138) ~[junit-platform-engine-1.8.2.jar:1.8.2]
	at org.junit.platform.engine.support.hierarchical.NodeTestTask.execute(NodeTestTask.java:95) ~[junit-platform-engine-1.8.2.jar:1.8.2]
	at org.junit.platform.engine.support.hierarchical.SameThreadHierarchicalTestExecutorService.submit(SameThreadHierarchicalTestExecutorService.java:35) ~[junit-platform-engine-1.8.2.jar:1.8.2]
	at org.junit.platform.engine.support.hierarchical.HierarchicalTestExecutor.execute(HierarchicalTestExecutor.java:57) ~[junit-platform-engine-1.8.2.jar:1.8.2]
	at org.junit.platform.engine.support.hierarchical.HierarchicalTestEngine.execute(HierarchicalTestEngine.java:54) ~[junit-platform-engine-1.8.2.jar:1.8.2]
	at org.junit.platform.launcher.core.EngineExecutionOrchestrator.execute(EngineExecutionOrchestrator.java:107) ~[na:na]
	at org.junit.platform.launcher.core.EngineExecutionOrchestrator.execute(EngineExecutionOrchestrator.java:88) ~[na:na]
	at org.junit.platform.launcher.core.EngineExecutionOrchestrator.lambda$execute$0(EngineExecutionOrchestrator.java:54) ~[na:na]
	at org.junit.platform.launcher.core.EngineExecutionOrchestrator.withInterceptedStreams(EngineExecutionOrchestrator.java:67) ~[na:na]
	at org.junit.platform.launcher.core.EngineExecutionOrchestrator.execute(EngineExecutionOrchestrator.java:52) ~[na:na]
	at org.junit.platform.launcher.core.DefaultLauncher.execute(DefaultLauncher.java:114) ~[na:na]
	at org.junit.platform.launcher.core.DefaultLauncher.execute(DefaultLauncher.java:86) ~[na:na]
	at org.junit.platform.launcher.core.DefaultLauncherSession$DelegatingLauncher.execute(DefaultLauncherSession.java:86) ~[na:na]
	at org.junit.platform.launcher.core.SessionPerRequestLauncher.execute(SessionPerRequestLauncher.java:53) ~[na:na]
	at org.gradle.api.internal.tasks.testing.junitplatform.JUnitPlatformTestClassProcessor$CollectAllTestClassesExecutor.processAllTestClasses(JUnitPlatformTestClassProcessor.java:99) ~[na:na]
	at org.gradle.api.internal.tasks.testing.junitplatform.JUnitPlatformTestClassProcessor$CollectAllTestClassesExecutor.access$000(JUnitPlatformTestClassProcessor.java:79) ~[na:na]
	at org.gradle.api.internal.tasks.testing.junitplatform.JUnitPlatformTestClassProcessor.stop(JUnitPlatformTestClassProcessor.java:75) ~[na:na]
	at org.gradle.api.internal.tasks.testing.SuiteTestClassProcessor.stop(SuiteTestClassProcessor.java:62) ~[na:na]
	at java.base/jdk.internal.reflect.NativeMethodAccessorImpl.invoke0(Native Method) ~[na:na]
	at java.base/jdk.internal.reflect.NativeMethodAccessorImpl.invoke(NativeMethodAccessorImpl.java:77) ~[na:na]
	at java.base/jdk.internal.reflect.DelegatingMethodAccessorImpl.invoke(DelegatingMethodAccessorImpl.java:43) ~[na:na]
	at java.base/java.lang.reflect.Method.invoke(Method.java:568) ~[na:na]
	at org.gradle.internal.dispatch.ReflectionDispatch.dispatch(ReflectionDispatch.java:36) ~[na:na]
	at org.gradle.internal.dispatch.ReflectionDispatch.dispatch(ReflectionDispatch.java:24) ~[na:na]
	at org.gradle.internal.dispatch.ContextClassLoaderDispatch.dispatch(ContextClassLoaderDispatch.java:33) ~[na:na]
	at org.gradle.internal.dispatch.ProxyDispatchAdapter$DispatchingInvocationHandler.invoke(ProxyDispatchAdapter.java:94) ~[na:na]
	at jdk.proxy1/jdk.proxy1.$Proxy2.stop(Unknown Source) ~[na:na]
	at org.gradle.api.internal.tasks.testing.worker.TestWorker$3.run(TestWorker.java:193) ~[na:na]
	at org.gradle.api.internal.tasks.testing.worker.TestWorker.executeAndMaintainThreadName(TestWorker.java:129) ~[na:na]
	at org.gradle.api.internal.tasks.testing.worker.TestWorker.execute(TestWorker.java:100) ~[na:na]
	at org.gradle.api.internal.tasks.testing.worker.TestWorker.execute(TestWorker.java:60) ~[na:na]
	at org.gradle.process.internal.worker.child.ActionExecutionWorker.execute(ActionExecutionWorker.java:56) ~[na:na]
	at org.gradle.process.internal.worker.child.SystemApplicationClassLoaderWorker.call(SystemApplicationClassLoaderWorker.java:113) ~[na:na]
	at org.gradle.process.internal.worker.child.SystemApplicationClassLoaderWorker.call(SystemApplicationClassLoaderWorker.java:65) ~[na:na]
	at worker.org.gradle.process.internal.worker.GradleWorkerMain.run(GradleWorkerMain.java:69) ~[gradle-worker.jar:na]
	at worker.org.gradle.process.internal.worker.GradleWorkerMain.main(GradleWorkerMain.java:74) ~[gradle-worker.jar:na]
Caused by: org.springframework.beans.factory.BeanCreationException: Error creating bean with name 'entityManagerFactory' defined in class path resource [org/springframework/boot/autoconfigure/orm/jpa/HibernateJpaConfiguration.class]: Invocation of init method failed; nested exception is org.hibernate.AnnotationException: No identifier specified for entity: com.raderleao.admin.catalogo.infrastructure.genre.persistence.GenreJpaEntity
	at org.springframework.beans.factory.support.AbstractAutowireCapableBeanFactory.initializeBean(AbstractAutowireCapableBeanFactory.java:1804) ~[spring-beans-5.3.24.jar:5.3.24]
	at org.springframework.beans.factory.support.AbstractAutowireCapableBeanFactory.doCreateBean(AbstractAutowireCapableBeanFactory.java:620) ~[spring-beans-5.3.24.jar:5.3.24]
	at org.springframework.beans.factory.support.AbstractAutowireCapableBeanFactory.createBean(AbstractAutowireCapableBeanFactory.java:542) ~[spring-beans-5.3.24.jar:5.3.24]
	at org.springframework.beans.factory.support.AbstractBeanFactory.lambda$doGetBean$0(AbstractBeanFactory.java:335) ~[spring-beans-5.3.24.jar:5.3.24]
	at org.springframework.beans.factory.support.DefaultSingletonBeanRegistry.getSingleton(DefaultSingletonBeanRegistry.java:234) ~[spring-beans-5.3.24.jar:5.3.24]
	at org.springframework.beans.factory.support.AbstractBeanFactory.doGetBean(AbstractBeanFactory.java:333) ~[spring-beans-5.3.24.jar:5.3.24]
	at org.springframework.beans.factory.support.AbstractBeanFactory.getBean(AbstractBeanFactory.java:208) ~[spring-beans-5.3.24.jar:5.3.24]
	at org.springframework.context.support.AbstractApplicationContext.getBean(AbstractApplicationContext.java:1154) ~[spring-context-5.3.24.jar:5.3.24]
	at org.springframework.context.support.AbstractApplicationContext.finishBeanFactoryInitialization(AbstractApplicationContext.java:908) ~[spring-context-5.3.24.jar:5.3.24]
	at org.springframework.context.support.AbstractApplicationContext.refresh(AbstractApplicationContext.java:583) ~[spring-context-5.3.24.jar:5.3.24]
	at org.springframework.boot.SpringApplication.refresh(SpringApplication.java:731) ~[spring-boot-2.7.7.jar:2.7.7]
	at org.springframework.boot.SpringApplication.refreshContext(SpringApplication.java:408) ~[spring-boot-2.7.7.jar:2.7.7]
	at org.springframework.boot.SpringApplication.run(SpringApplication.java:307) ~[spring-boot-2.7.7.jar:2.7.7]
	at org.springframework.boot.test.context.SpringBootContextLoader.loadContext(SpringBootContextLoader.java:136) ~[spring-boot-test-2.7.7.jar:2.7.7]
	at org.springframework.test.context.cache.DefaultCacheAwareContextLoaderDelegate.loadContextInternal(DefaultCacheAwareContextLoaderDelegate.java:141) ~[spring-test-5.3.24.jar:5.3.24]
	at org.springframework.test.context.cache.DefaultCacheAwareContextLoaderDelegate.loadContext(DefaultCacheAwareContextLoaderDelegate.java:90) ~[spring-test-5.3.24.jar:5.3.24]
	... 87 common frames omitted
Caused by: org.hibernate.AnnotationException: No identifier specified for entity: com.raderleao.admin.catalogo.infrastructure.genre.persistence.GenreJpaEntity
	at org.hibernate.cfg.InheritanceState.determineDefaultAccessType(InheritanceState.java:266) ~[hibernate-core-5.6.14.Final.jar:5.6.14.Final]
	at org.hibernate.cfg.InheritanceState.getElementsToProcess(InheritanceState.java:211) ~[hibernate-core-5.6.14.Final.jar:5.6.14.Final]
	at org.hibernate.cfg.InheritanceState.hasIdClassOrEmbeddedId(InheritanceState.java:185) ~[hibernate-core-5.6.14.Final.jar:5.6.14.Final]
	at org.hibernate.cfg.AnnotationBinder.processElementAnnotations(AnnotationBinder.java:2253) ~[hibernate-core-5.6.14.Final.jar:5.6.14.Final]
	at org.hibernate.cfg.AnnotationBinder.fillComponent(AnnotationBinder.java:2816) ~[hibernate-core-5.6.14.Final.jar:5.6.14.Final]
	at org.hibernate.cfg.AnnotationBinder.fillComponent(AnnotationBinder.java:2698) ~[hibernate-core-5.6.14.Final.jar:5.6.14.Final]
	at org.hibernate.cfg.AnnotationBinder.bindComponent(AnnotationBinder.java:2646) ~[hibernate-core-5.6.14.Final.jar:5.6.14.Final]
	at org.hibernate.cfg.AnnotationBinder.processElementAnnotations(AnnotationBinder.java:2275) ~[hibernate-core-5.6.14.Final.jar:5.6.14.Final]
	at org.hibernate.cfg.AnnotationBinder.processIdPropertiesIfNotAlready(AnnotationBinder.java:968) ~[hibernate-core-5.6.14.Final.jar:5.6.14.Final]
	at org.hibernate.cfg.AnnotationBinder.bindClass(AnnotationBinder.java:793) ~[hibernate-core-5.6.14.Final.jar:5.6.14.Final]
	at org.hibernate.boot.model.source.internal.annotations.AnnotationMetadataSourceProcessorImpl.processEntityHierarchies(AnnotationMetadataSourceProcessorImpl.java:225) ~[hibernate-core-5.6.14.Final.jar:5.6.14.Final]
	at org.hibernate.boot.model.process.spi.MetadataBuildingProcess$1.processEntityHierarchies(MetadataBuildingProcess.java:239) ~[hibernate-core-5.6.14.Final.jar:5.6.14.Final]
	at org.hibernate.boot.model.process.spi.MetadataBuildingProcess.complete(MetadataBuildingProcess.java:282) ~[hibernate-core-5.6.14.Final.jar:5.6.14.Final]
	at org.hibernate.jpa.boot.internal.EntityManagerFactoryBuilderImpl.metadata(EntityManagerFactoryBuilderImpl.java:1460) ~[hibernate-core-5.6.14.Final.jar:5.6.14.Final]
	at org.hibernate.jpa.boot.internal.EntityManagerFactoryBuilderImpl.build(EntityManagerFactoryBuilderImpl.java:1494) ~[hibernate-core-5.6.14.Final.jar:5.6.14.Final]
	at org.springframework.orm.jpa.vendor.SpringHibernateJpaPersistenceProvider.createContainerEntityManagerFactory(SpringHibernateJpaPersistenceProvider.java:58) ~[spring-orm-5.3.24.jar:5.3.24]
	at org.springframework.orm.jpa.LocalContainerEntityManagerFactoryBean.createNativeEntityManagerFactory(LocalContainerEntityManagerFactoryBean.java:365) ~[spring-orm-5.3.24.jar:5.3.24]
	at org.springframework.orm.jpa.AbstractEntityManagerFactoryBean.buildNativeEntityManagerFactory(AbstractEntityManagerFactoryBean.java:409) ~[spring-orm-5.3.24.jar:5.3.24]
	at org.springframework.orm.jpa.AbstractEntityManagerFactoryBean.afterPropertiesSet(AbstractEntityManagerFactoryBean.java:396) ~[spring-orm-5.3.24.jar:5.3.24]
	at org.springframework.orm.jpa.LocalContainerEntityManagerFactoryBean.afterPropertiesSet(LocalContainerEntityManagerFactoryBean.java:341) ~[spring-orm-5.3.24.jar:5.3.24]
	at org.springframework.beans.factory.support.AbstractAutowireCapableBeanFactory.invokeInitMethods(AbstractAutowireCapableBeanFactory.java:1863) ~[spring-beans-5.3.24.jar:5.3.24]
	at org.springframework.beans.factory.support.AbstractAutowireCapableBeanFactory.initializeBean(AbstractAutowireCapableBeanFactory.java:1800) ~[spring-beans-5.3.24.jar:5.3.24]
	... 102 common frames omitted


  .   ____          _            __ _ _
 /\\ / ___'_ __ _ _(_)_ __  __ _ \ \ \ \
( ( )\___ | '_ | '_| | '_ \/ _` | \ \ \ \
 \\/  ___)| |_)| | | | | || (_| |  ) ) ) )
  '  |____| .__|_| |_|_| |_\__, | / / / /
 =========|_|==============|___/=/_/_/_/
 :: Spring Boot ::                (v2.7.7)

2023-04-02 22:07:15.812  INFO 13239 --- [    Test worker] c.r.a.c.e2e.category.CategoryE2ETest     : Starting CategoryE2ETest using Java 17.0.2 on RaderLeao-MacBook-Air.local with PID 13239 (started by raderleao in /Users/raderleao/src/dev/Workspace/admin-do-catalogo/infrastructure)
2023-04-02 22:07:15.812  INFO 13239 --- [    Test worker] c.r.a.c.e2e.category.CategoryE2ETest     : The following 1 profile is active: "test-e2e"
2023-04-02 22:07:15.878  INFO 13239 --- [    Test worker] .s.d.r.c.RepositoryConfigurationDelegate : Bootstrapping Spring Data JPA repositories in DEFAULT mode.
2023-04-02 22:07:15.882  INFO 13239 --- [    Test worker] .s.d.r.c.RepositoryConfigurationDelegate : Finished Spring Data repository scanning in 3 ms. Found 2 JPA repository interfaces.
2023-04-02 22:07:15.918  INFO 13239 --- [    Test worker] o.f.c.internal.license.VersionPrinter    : Flyway Community Edition 8.5.13 by Redgate
2023-04-02 22:07:15.918  INFO 13239 --- [    Test worker] o.f.c.internal.license.VersionPrinter    : See what's new here: https://flywaydb.org/documentation/learnmore/releaseNotes#8.5.13
2023-04-02 22:07:15.918  INFO 13239 --- [    Test worker] o.f.c.internal.license.VersionPrinter    : 
2023-04-02 22:07:15.918  WARN 13239 --- [    Test worker] com.zaxxer.hikari.HikariConfig           : master - idleTimeout is close to or more than maxLifetime, disabling it.
2023-04-02 22:07:15.918  INFO 13239 --- [    Test worker] com.zaxxer.hikari.HikariDataSource       : master - Starting...
2023-04-02 22:07:15.957  INFO 13239 --- [    Test worker] com.zaxxer.hikari.HikariDataSource       : master - Start completed.
2023-04-02 22:07:15.959  INFO 13239 --- [    Test worker] o.f.c.i.database.base.BaseDatabaseType   : Database: jdbc:mysql://localhost:50897/adm_videos (MySQL 8.0)
2023-04-02 22:07:15.994  INFO 13239 --- [    Test worker] o.f.core.internal.command.DbValidate     : Successfully validated 1 migration (execution time 00:00.008s)
2023-04-02 22:07:16.005  INFO 13239 --- [    Test worker] o.f.core.internal.command.DbMigrate      : Current version of schema `adm_videos`: 1
2023-04-02 22:07:16.006  INFO 13239 --- [    Test worker] o.f.core.internal.command.DbMigrate      : Schema `adm_videos` is up to date. No migration necessary.
2023-04-02 22:07:16.047  INFO 13239 --- [    Test worker] o.hibernate.jpa.internal.util.LogHelper  : HHH000204: Processing PersistenceUnitInfo [name: default]
2023-04-02 22:07:16.051  INFO 13239 --- [    Test worker] org.hibernate.dialect.Dialect            : HHH000400: Using dialect: org.hibernate.dialect.MySQL5InnoDBDialect
2023-04-02 22:07:16.054 ERROR 13239 --- [    Test worker] j.LocalContainerEntityManagerFactoryBean : Failed to initialize JPA EntityManagerFactory: No identifier specified for entity: com.raderleao.admin.catalogo.infrastructure.genre.persistence.GenreJpaEntity
2023-04-02 22:07:16.055  WARN 13239 --- [    Test worker] o.s.w.c.s.GenericWebApplicationContext   : Exception encountered during context initialization - cancelling refresh attempt: org.springframework.beans.factory.BeanCreationException: Error creating bean with name 'entityManagerFactory' defined in class path resource [org/springframework/boot/autoconfigure/orm/jpa/HibernateJpaConfiguration.class]: Invocation of init method failed; nested exception is org.hibernate.AnnotationException: No identifier specified for entity: com.raderleao.admin.catalogo.infrastructure.genre.persistence.GenreJpaEntity
2023-04-02 22:07:16.055  INFO 13239 --- [    Test worker] com.zaxxer.hikari.HikariDataSource       : master - Shutdown initiated...
2023-04-02 22:07:16.057  INFO 13239 --- [    Test worker] com.zaxxer.hikari.HikariDataSource       : master - Shutdown completed.
2023-04-02 22:07:16.058  INFO 13239 --- [    Test worker] ConditionEvaluationReportLoggingListener : 

Error starting ApplicationContext. To display the conditions report re-run your application with 'debug' enabled.
2023-04-02 22:07:16.060 ERROR 13239 --- [    Test worker] o.s.boot.SpringApplication               : Application run failed

org.springframework.beans.factory.BeanCreationException: Error creating bean with name 'entityManagerFactory' defined in class path resource [org/springframework/boot/autoconfigure/orm/jpa/HibernateJpaConfiguration.class]: Invocation of init method failed; nested exception is org.hibernate.AnnotationException: No identifier specified for entity: com.raderleao.admin.catalogo.infrastructure.genre.persistence.GenreJpaEntity
	at org.springframework.beans.factory.support.AbstractAutowireCapableBeanFactory.initializeBean(AbstractAutowireCapableBeanFactory.java:1804) ~[spring-beans-5.3.24.jar:5.3.24]
	at org.springframework.beans.factory.support.AbstractAutowireCapableBeanFactory.doCreateBean(AbstractAutowireCapableBeanFactory.java:620) ~[spring-beans-5.3.24.jar:5.3.24]
	at org.springframework.beans.factory.support.AbstractAutowireCapableBeanFactory.createBean(AbstractAutowireCapableBeanFactory.java:542) ~[spring-beans-5.3.24.jar:5.3.24]
	at org.springframework.beans.factory.support.AbstractBeanFactory.lambda$doGetBean$0(AbstractBeanFactory.java:335) ~[spring-beans-5.3.24.jar:5.3.24]
	at org.springframework.beans.factory.support.DefaultSingletonBeanRegistry.getSingleton(DefaultSingletonBeanRegistry.java:234) ~[spring-beans-5.3.24.jar:5.3.24]
	at org.springframework.beans.factory.support.AbstractBeanFactory.doGetBean(AbstractBeanFactory.java:333) ~[spring-beans-5.3.24.jar:5.3.24]
	at org.springframework.beans.factory.support.AbstractBeanFactory.getBean(AbstractBeanFactory.java:208) ~[spring-beans-5.3.24.jar:5.3.24]
	at org.springframework.context.support.AbstractApplicationContext.getBean(AbstractApplicationContext.java:1154) ~[spring-context-5.3.24.jar:5.3.24]
	at org.springframework.context.support.AbstractApplicationContext.finishBeanFactoryInitialization(AbstractApplicationContext.java:908) ~[spring-context-5.3.24.jar:5.3.24]
	at org.springframework.context.support.AbstractApplicationContext.refresh(AbstractApplicationContext.java:583) ~[spring-context-5.3.24.jar:5.3.24]
	at org.springframework.boot.SpringApplication.refresh(SpringApplication.java:731) ~[spring-boot-2.7.7.jar:2.7.7]
	at org.springframework.boot.SpringApplication.refreshContext(SpringApplication.java:408) ~[spring-boot-2.7.7.jar:2.7.7]
	at org.springframework.boot.SpringApplication.run(SpringApplication.java:307) ~[spring-boot-2.7.7.jar:2.7.7]
	at org.springframework.boot.test.context.SpringBootContextLoader.loadContext(SpringBootContextLoader.java:136) ~[spring-boot-test-2.7.7.jar:2.7.7]
	at org.springframework.test.context.cache.DefaultCacheAwareContextLoaderDelegate.loadContextInternal(DefaultCacheAwareContextLoaderDelegate.java:141) ~[spring-test-5.3.24.jar:5.3.24]
	at org.springframework.test.context.cache.DefaultCacheAwareContextLoaderDelegate.loadContext(DefaultCacheAwareContextLoaderDelegate.java:90) ~[spring-test-5.3.24.jar:5.3.24]
	at org.springframework.test.context.support.DefaultTestContext.getApplicationContext(DefaultTestContext.java:124) ~[spring-test-5.3.24.jar:5.3.24]
	at org.springframework.test.context.web.ServletTestExecutionListener.setUpRequestContextIfNecessary(ServletTestExecutionListener.java:190) ~[spring-test-5.3.24.jar:5.3.24]
	at org.springframework.test.context.web.ServletTestExecutionListener.prepareTestInstance(ServletTestExecutionListener.java:132) ~[spring-test-5.3.24.jar:5.3.24]
	at org.springframework.test.context.TestContextManager.prepareTestInstance(TestContextManager.java:248) ~[spring-test-5.3.24.jar:5.3.24]
	at org.springframework.test.context.junit.jupiter.SpringExtension.postProcessTestInstance(SpringExtension.java:138) ~[spring-test-5.3.24.jar:5.3.24]
	at org.junit.jupiter.engine.descriptor.ClassBasedTestDescriptor.lambda$invokeTestInstancePostProcessors$8(ClassBasedTestDescriptor.java:363) ~[junit-jupiter-engine-5.8.2.jar:5.8.2]
	at org.junit.jupiter.engine.descriptor.ClassBasedTestDescriptor.executeAndMaskThrowable(ClassBasedTestDescriptor.java:368) ~[junit-jupiter-engine-5.8.2.jar:5.8.2]
	at org.junit.jupiter.engine.descriptor.ClassBasedTestDescriptor.lambda$invokeTestInstancePostProcessors$9(ClassBasedTestDescriptor.java:363) ~[junit-jupiter-engine-5.8.2.jar:5.8.2]
	at java.base/java.util.stream.ReferencePipeline$3$1.accept(ReferencePipeline.java:197) ~[na:na]
	at java.base/java.util.stream.ReferencePipeline$2$1.accept(ReferencePipeline.java:179) ~[na:na]
	at java.base/java.util.ArrayList$ArrayListSpliterator.forEachRemaining(ArrayList.java:1625) ~[na:na]
	at java.base/java.util.stream.AbstractPipeline.copyInto(AbstractPipeline.java:509) ~[na:na]
	at java.base/java.util.stream.AbstractPipeline.wrapAndCopyInto(AbstractPipeline.java:499) ~[na:na]
	at java.base/java.util.stream.StreamSpliterators$WrappingSpliterator.forEachRemaining(StreamSpliterators.java:310) ~[na:na]
	at java.base/java.util.stream.Streams$ConcatSpliterator.forEachRemaining(Streams.java:735) ~[na:na]
	at java.base/java.util.stream.Streams$ConcatSpliterator.forEachRemaining(Streams.java:734) ~[na:na]
	at java.base/java.util.stream.ReferencePipeline$Head.forEach(ReferencePipeline.java:762) ~[na:na]
	at org.junit.jupiter.engine.descriptor.ClassBasedTestDescriptor.invokeTestInstancePostProcessors(ClassBasedTestDescriptor.java:362) ~[junit-jupiter-engine-5.8.2.jar:5.8.2]
	at org.junit.jupiter.engine.descriptor.ClassBasedTestDescriptor.lambda$instantiateAndPostProcessTestInstance$6(ClassBasedTestDescriptor.java:283) ~[junit-jupiter-engine-5.8.2.jar:5.8.2]
	at org.junit.platform.engine.support.hierarchical.ThrowableCollector.execute(ThrowableCollector.java:73) ~[junit-platform-engine-1.8.2.jar:1.8.2]
	at org.junit.jupiter.engine.descriptor.ClassBasedTestDescriptor.instantiateAndPostProcessTestInstance(ClassBasedTestDescriptor.java:282) ~[junit-jupiter-engine-5.8.2.jar:5.8.2]
	at org.junit.jupiter.engine.descriptor.ClassBasedTestDescriptor.lambda$testInstancesProvider$4(ClassBasedTestDescriptor.java:272) ~[junit-jupiter-engine-5.8.2.jar:5.8.2]
	at java.base/java.util.Optional.orElseGet(Optional.java:364) ~[na:na]
	at org.junit.jupiter.engine.descriptor.ClassBasedTestDescriptor.lambda$testInstancesProvider$5(ClassBasedTestDescriptor.java:271) ~[junit-jupiter-engine-5.8.2.jar:5.8.2]
	at org.junit.jupiter.engine.execution.TestInstancesProvider.getTestInstances(TestInstancesProvider.java:31) ~[junit-jupiter-engine-5.8.2.jar:5.8.2]
	at org.junit.jupiter.engine.descriptor.TestMethodTestDescriptor.lambda$prepare$0(TestMethodTestDescriptor.java:102) ~[junit-jupiter-engine-5.8.2.jar:5.8.2]
	at org.junit.platform.engine.support.hierarchical.ThrowableCollector.execute(ThrowableCollector.java:73) ~[junit-platform-engine-1.8.2.jar:1.8.2]
	at org.junit.jupiter.engine.descriptor.TestMethodTestDescriptor.prepare(TestMethodTestDescriptor.java:101) ~[junit-jupiter-engine-5.8.2.jar:5.8.2]
	at org.junit.jupiter.engine.descriptor.TestMethodTestDescriptor.prepare(TestMethodTestDescriptor.java:66) ~[junit-jupiter-engine-5.8.2.jar:5.8.2]
	at org.junit.platform.engine.support.hierarchical.NodeTestTask.lambda$prepare$2(NodeTestTask.java:123) ~[junit-platform-engine-1.8.2.jar:1.8.2]
	at org.junit.platform.engine.support.hierarchical.ThrowableCollector.execute(ThrowableCollector.java:73) ~[junit-platform-engine-1.8.2.jar:1.8.2]
	at org.junit.platform.engine.support.hierarchical.NodeTestTask.prepare(NodeTestTask.java:123) ~[junit-platform-engine-1.8.2.jar:1.8.2]
	at org.junit.platform.engine.support.hierarchical.NodeTestTask.execute(NodeTestTask.java:90) ~[junit-platform-engine-1.8.2.jar:1.8.2]
	at java.base/java.util.ArrayList.forEach(ArrayList.java:1511) ~[na:na]
	at org.junit.platform.engine.support.hierarchical.SameThreadHierarchicalTestExecutorService.invokeAll(SameThreadHierarchicalTestExecutorService.java:41) ~[junit-platform-engine-1.8.2.jar:1.8.2]
	at org.junit.platform.engine.support.hierarchical.NodeTestTask.lambda$executeRecursively$6(NodeTestTask.java:155) ~[junit-platform-engine-1.8.2.jar:1.8.2]
	at org.junit.platform.engine.support.hierarchical.ThrowableCollector.execute(ThrowableCollector.java:73) ~[junit-platform-engine-1.8.2.jar:1.8.2]
	at org.junit.platform.engine.support.hierarchical.NodeTestTask.lambda$executeRecursively$8(NodeTestTask.java:141) ~[junit-platform-engine-1.8.2.jar:1.8.2]
	at org.junit.platform.engine.support.hierarchical.Node.around(Node.java:137) ~[junit-platform-engine-1.8.2.jar:1.8.2]
	at org.junit.platform.engine.support.hierarchical.NodeTestTask.lambda$executeRecursively$9(NodeTestTask.java:139) ~[junit-platform-engine-1.8.2.jar:1.8.2]
	at org.junit.platform.engine.support.hierarchical.ThrowableCollector.execute(ThrowableCollector.java:73) ~[junit-platform-engine-1.8.2.jar:1.8.2]
	at org.junit.platform.engine.support.hierarchical.NodeTestTask.executeRecursively(NodeTestTask.java:138) ~[junit-platform-engine-1.8.2.jar:1.8.2]
	at org.junit.platform.engine.support.hierarchical.NodeTestTask.execute(NodeTestTask.java:95) ~[junit-platform-engine-1.8.2.jar:1.8.2]
	at java.base/java.util.ArrayList.forEach(ArrayList.java:1511) ~[na:na]
	at org.junit.platform.engine.support.hierarchical.SameThreadHierarchicalTestExecutorService.invokeAll(SameThreadHierarchicalTestExecutorService.java:41) ~[junit-platform-engine-1.8.2.jar:1.8.2]
	at org.junit.platform.engine.support.hierarchical.NodeTestTask.lambda$executeRecursively$6(NodeTestTask.java:155) ~[junit-platform-engine-1.8.2.jar:1.8.2]
	at org.junit.platform.engine.support.hierarchical.ThrowableCollector.execute(ThrowableCollector.java:73) ~[junit-platform-engine-1.8.2.jar:1.8.2]
	at org.junit.platform.engine.support.hierarchical.NodeTestTask.lambda$executeRecursively$8(NodeTestTask.java:141) ~[junit-platform-engine-1.8.2.jar:1.8.2]
	at org.junit.platform.engine.support.hierarchical.Node.around(Node.java:137) ~[junit-platform-engine-1.8.2.jar:1.8.2]
	at org.junit.platform.engine.support.hierarchical.NodeTestTask.lambda$executeRecursively$9(NodeTestTask.java:139) ~[junit-platform-engine-1.8.2.jar:1.8.2]
	at org.junit.platform.engine.support.hierarchical.ThrowableCollector.execute(ThrowableCollector.java:73) ~[junit-platform-engine-1.8.2.jar:1.8.2]
	at org.junit.platform.engine.support.hierarchical.NodeTestTask.executeRecursively(NodeTestTask.java:138) ~[junit-platform-engine-1.8.2.jar:1.8.2]
	at org.junit.platform.engine.support.hierarchical.NodeTestTask.execute(NodeTestTask.java:95) ~[junit-platform-engine-1.8.2.jar:1.8.2]
	at org.junit.platform.engine.support.hierarchical.SameThreadHierarchicalTestExecutorService.submit(SameThreadHierarchicalTestExecutorService.java:35) ~[junit-platform-engine-1.8.2.jar:1.8.2]
	at org.junit.platform.engine.support.hierarchical.HierarchicalTestExecutor.execute(HierarchicalTestExecutor.java:57) ~[junit-platform-engine-1.8.2.jar:1.8.2]
	at org.junit.platform.engine.support.hierarchical.HierarchicalTestEngine.execute(HierarchicalTestEngine.java:54) ~[junit-platform-engine-1.8.2.jar:1.8.2]
	at org.junit.platform.launcher.core.EngineExecutionOrchestrator.execute(EngineExecutionOrchestrator.java:107) ~[na:na]
	at org.junit.platform.launcher.core.EngineExecutionOrchestrator.execute(EngineExecutionOrchestrator.java:88) ~[na:na]
	at org.junit.platform.launcher.core.EngineExecutionOrchestrator.lambda$execute$0(EngineExecutionOrchestrator.java:54) ~[na:na]
	at org.junit.platform.launcher.core.EngineExecutionOrchestrator.withInterceptedStreams(EngineExecutionOrchestrator.java:67) ~[na:na]
	at org.junit.platform.launcher.core.EngineExecutionOrchestrator.execute(EngineExecutionOrchestrator.java:52) ~[na:na]
	at org.junit.platform.launcher.core.DefaultLauncher.execute(DefaultLauncher.java:114) ~[na:na]
	at org.junit.platform.launcher.core.DefaultLauncher.execute(DefaultLauncher.java:86) ~[na:na]
	at org.junit.platform.launcher.core.DefaultLauncherSession$DelegatingLauncher.execute(DefaultLauncherSession.java:86) ~[na:na]
	at org.junit.platform.launcher.core.SessionPerRequestLauncher.execute(SessionPerRequestLauncher.java:53) ~[na:na]
	at org.gradle.api.internal.tasks.testing.junitplatform.JUnitPlatformTestClassProcessor$CollectAllTestClassesExecutor.processAllTestClasses(JUnitPlatformTestClassProcessor.java:99) ~[na:na]
	at org.gradle.api.internal.tasks.testing.junitplatform.JUnitPlatformTestClassProcessor$CollectAllTestClassesExecutor.access$000(JUnitPlatformTestClassProcessor.java:79) ~[na:na]
	at org.gradle.api.internal.tasks.testing.junitplatform.JUnitPlatformTestClassProcessor.stop(JUnitPlatformTestClassProcessor.java:75) ~[na:na]
	at org.gradle.api.internal.tasks.testing.SuiteTestClassProcessor.stop(SuiteTestClassProcessor.java:62) ~[na:na]
	at java.base/jdk.internal.reflect.NativeMethodAccessorImpl.invoke0(Native Method) ~[na:na]
	at java.base/jdk.internal.reflect.NativeMethodAccessorImpl.invoke(NativeMethodAccessorImpl.java:77) ~[na:na]
	at java.base/jdk.internal.reflect.DelegatingMethodAccessorImpl.invoke(DelegatingMethodAccessorImpl.java:43) ~[na:na]
	at java.base/java.lang.reflect.Method.invoke(Method.java:568) ~[na:na]
	at org.gradle.internal.dispatch.ReflectionDispatch.dispatch(ReflectionDispatch.java:36) ~[na:na]
	at org.gradle.internal.dispatch.ReflectionDispatch.dispatch(ReflectionDispatch.java:24) ~[na:na]
	at org.gradle.internal.dispatch.ContextClassLoaderDispatch.dispatch(ContextClassLoaderDispatch.java:33) ~[na:na]
	at org.gradle.internal.dispatch.ProxyDispatchAdapter$DispatchingInvocationHandler.invoke(ProxyDispatchAdapter.java:94) ~[na:na]
	at jdk.proxy1/jdk.proxy1.$Proxy2.stop(Unknown Source) ~[na:na]
	at org.gradle.api.internal.tasks.testing.worker.TestWorker$3.run(TestWorker.java:193) ~[na:na]
	at org.gradle.api.internal.tasks.testing.worker.TestWorker.executeAndMaintainThreadName(TestWorker.java:129) ~[na:na]
	at org.gradle.api.internal.tasks.testing.worker.TestWorker.execute(TestWorker.java:100) ~[na:na]
	at org.gradle.api.internal.tasks.testing.worker.TestWorker.execute(TestWorker.java:60) ~[na:na]
	at org.gradle.process.internal.worker.child.ActionExecutionWorker.execute(ActionExecutionWorker.java:56) ~[na:na]
	at org.gradle.process.internal.worker.child.SystemApplicationClassLoaderWorker.call(SystemApplicationClassLoaderWorker.java:113) ~[na:na]
	at org.gradle.process.internal.worker.child.SystemApplicationClassLoaderWorker.call(SystemApplicationClassLoaderWorker.java:65) ~[na:na]
	at worker.org.gradle.process.internal.worker.GradleWorkerMain.run(GradleWorkerMain.java:69) ~[gradle-worker.jar:na]
	at worker.org.gradle.process.internal.worker.GradleWorkerMain.main(GradleWorkerMain.java:74) ~[gradle-worker.jar:na]
Caused by: org.hibernate.AnnotationException: No identifier specified for entity: com.raderleao.admin.catalogo.infrastructure.genre.persistence.GenreJpaEntity
	at org.hibernate.cfg.InheritanceState.determineDefaultAccessType(InheritanceState.java:266) ~[hibernate-core-5.6.14.Final.jar:5.6.14.Final]
	at org.hibernate.cfg.InheritanceState.getElementsToProcess(InheritanceState.java:211) ~[hibernate-core-5.6.14.Final.jar:5.6.14.Final]
	at org.hibernate.cfg.InheritanceState.hasIdClassOrEmbeddedId(InheritanceState.java:185) ~[hibernate-core-5.6.14.Final.jar:5.6.14.Final]
	at org.hibernate.cfg.AnnotationBinder.processElementAnnotations(AnnotationBinder.java:2253) ~[hibernate-core-5.6.14.Final.jar:5.6.14.Final]
	at org.hibernate.cfg.AnnotationBinder.fillComponent(AnnotationBinder.java:2816) ~[hibernate-core-5.6.14.Final.jar:5.6.14.Final]
	at org.hibernate.cfg.AnnotationBinder.fillComponent(AnnotationBinder.java:2698) ~[hibernate-core-5.6.14.Final.jar:5.6.14.Final]
	at org.hibernate.cfg.AnnotationBinder.bindComponent(AnnotationBinder.java:2646) ~[hibernate-core-5.6.14.Final.jar:5.6.14.Final]
	at org.hibernate.cfg.AnnotationBinder.processElementAnnotations(AnnotationBinder.java:2275) ~[hibernate-core-5.6.14.Final.jar:5.6.14.Final]
	at org.hibernate.cfg.AnnotationBinder.processIdPropertiesIfNotAlready(AnnotationBinder.java:968) ~[hibernate-core-5.6.14.Final.jar:5.6.14.Final]
	at org.hibernate.cfg.AnnotationBinder.bindClass(AnnotationBinder.java:793) ~[hibernate-core-5.6.14.Final.jar:5.6.14.Final]
	at org.hibernate.boot.model.source.internal.annotations.AnnotationMetadataSourceProcessorImpl.processEntityHierarchies(AnnotationMetadataSourceProcessorImpl.java:225) ~[hibernate-core-5.6.14.Final.jar:5.6.14.Final]
	at org.hibernate.boot.model.process.spi.MetadataBuildingProcess$1.processEntityHierarchies(MetadataBuildingProcess.java:239) ~[hibernate-core-5.6.14.Final.jar:5.6.14.Final]
	at org.hibernate.boot.model.process.spi.MetadataBuildingProcess.complete(MetadataBuildingProcess.java:282) ~[hibernate-core-5.6.14.Final.jar:5.6.14.Final]
	at org.hibernate.jpa.boot.internal.EntityManagerFactoryBuilderImpl.metadata(EntityManagerFactoryBuilderImpl.java:1460) ~[hibernate-core-5.6.14.Final.jar:5.6.14.Final]
	at org.hibernate.jpa.boot.internal.EntityManagerFactoryBuilderImpl.build(EntityManagerFactoryBuilderImpl.java:1494) ~[hibernate-core-5.6.14.Final.jar:5.6.14.Final]
	at org.springframework.orm.jpa.vendor.SpringHibernateJpaPersistenceProvider.createContainerEntityManagerFactory(SpringHibernateJpaPersistenceProvider.java:58) ~[spring-orm-5.3.24.jar:5.3.24]
	at org.springframework.orm.jpa.LocalContainerEntityManagerFactoryBean.createNativeEntityManagerFactory(LocalContainerEntityManagerFactoryBean.java:365) ~[spring-orm-5.3.24.jar:5.3.24]
	at org.springframework.orm.jpa.AbstractEntityManagerFactoryBean.buildNativeEntityManagerFactory(AbstractEntityManagerFactoryBean.java:409) ~[spring-orm-5.3.24.jar:5.3.24]
	at org.springframework.orm.jpa.AbstractEntityManagerFactoryBean.afterPropertiesSet(AbstractEntityManagerFactoryBean.java:396) ~[spring-orm-5.3.24.jar:5.3.24]
	at org.springframework.orm.jpa.LocalContainerEntityManagerFactoryBean.afterPropertiesSet(LocalContainerEntityManagerFactoryBean.java:341) ~[spring-orm-5.3.24.jar:5.3.24]
	at org.springframework.beans.factory.support.AbstractAutowireCapableBeanFactory.invokeInitMethods(AbstractAutowireCapableBeanFactory.java:1863) ~[spring-beans-5.3.24.jar:5.3.24]
	at org.springframework.beans.factory.support.AbstractAutowireCapableBeanFactory.initializeBean(AbstractAutowireCapableBeanFactory.java:1800) ~[spring-beans-5.3.24.jar:5.3.24]
	... 102 common frames omitted

2023-04-02 22:07:16.061 ERROR 13239 --- [    Test worker] o.s.test.context.TestContextManager      : Caught exception while allowing TestExecutionListener [org.springframework.test.context.web.ServletTestExecutionListener@54227100] to prepare test instance [com.raderleao.admin.catalogo.e2e.category.CategoryE2ETest@7655dc27]

java.lang.IllegalStateException: Failed to load ApplicationContext
	at org.springframework.test.context.cache.DefaultCacheAwareContextLoaderDelegate.loadContext(DefaultCacheAwareContextLoaderDelegate.java:98) ~[spring-test-5.3.24.jar:5.3.24]
	at org.springframework.test.context.support.DefaultTestContext.getApplicationContext(DefaultTestContext.java:124) ~[spring-test-5.3.24.jar:5.3.24]
	at org.springframework.test.context.web.ServletTestExecutionListener.setUpRequestContextIfNecessary(ServletTestExecutionListener.java:190) ~[spring-test-5.3.24.jar:5.3.24]
	at org.springframework.test.context.web.ServletTestExecutionListener.prepareTestInstance(ServletTestExecutionListener.java:132) ~[spring-test-5.3.24.jar:5.3.24]
	at org.springframework.test.context.TestContextManager.prepareTestInstance(TestContextManager.java:248) ~[spring-test-5.3.24.jar:5.3.24]
	at org.springframework.test.context.junit.jupiter.SpringExtension.postProcessTestInstance(SpringExtension.java:138) ~[spring-test-5.3.24.jar:5.3.24]
	at org.junit.jupiter.engine.descriptor.ClassBasedTestDescriptor.lambda$invokeTestInstancePostProcessors$8(ClassBasedTestDescriptor.java:363) ~[junit-jupiter-engine-5.8.2.jar:5.8.2]
	at org.junit.jupiter.engine.descriptor.ClassBasedTestDescriptor.executeAndMaskThrowable(ClassBasedTestDescriptor.java:368) ~[junit-jupiter-engine-5.8.2.jar:5.8.2]
	at org.junit.jupiter.engine.descriptor.ClassBasedTestDescriptor.lambda$invokeTestInstancePostProcessors$9(ClassBasedTestDescriptor.java:363) ~[junit-jupiter-engine-5.8.2.jar:5.8.2]
	at java.base/java.util.stream.ReferencePipeline$3$1.accept(ReferencePipeline.java:197) ~[na:na]
	at java.base/java.util.stream.ReferencePipeline$2$1.accept(ReferencePipeline.java:179) ~[na:na]
	at java.base/java.util.ArrayList$ArrayListSpliterator.forEachRemaining(ArrayList.java:1625) ~[na:na]
	at java.base/java.util.stream.AbstractPipeline.copyInto(AbstractPipeline.java:509) ~[na:na]
	at java.base/java.util.stream.AbstractPipeline.wrapAndCopyInto(AbstractPipeline.java:499) ~[na:na]
	at java.base/java.util.stream.StreamSpliterators$WrappingSpliterator.forEachRemaining(StreamSpliterators.java:310) ~[na:na]
	at java.base/java.util.stream.Streams$ConcatSpliterator.forEachRemaining(Streams.java:735) ~[na:na]
	at java.base/java.util.stream.Streams$ConcatSpliterator.forEachRemaining(Streams.java:734) ~[na:na]
	at java.base/java.util.stream.ReferencePipeline$Head.forEach(ReferencePipeline.java:762) ~[na:na]
	at org.junit.jupiter.engine.descriptor.ClassBasedTestDescriptor.invokeTestInstancePostProcessors(ClassBasedTestDescriptor.java:362) ~[junit-jupiter-engine-5.8.2.jar:5.8.2]
	at org.junit.jupiter.engine.descriptor.ClassBasedTestDescriptor.lambda$instantiateAndPostProcessTestInstance$6(ClassBasedTestDescriptor.java:283) ~[junit-jupiter-engine-5.8.2.jar:5.8.2]
	at org.junit.platform.engine.support.hierarchical.ThrowableCollector.execute(ThrowableCollector.java:73) ~[junit-platform-engine-1.8.2.jar:1.8.2]
	at org.junit.jupiter.engine.descriptor.ClassBasedTestDescriptor.instantiateAndPostProcessTestInstance(ClassBasedTestDescriptor.java:282) ~[junit-jupiter-engine-5.8.2.jar:5.8.2]
	at org.junit.jupiter.engine.descriptor.ClassBasedTestDescriptor.lambda$testInstancesProvider$4(ClassBasedTestDescriptor.java:272) ~[junit-jupiter-engine-5.8.2.jar:5.8.2]
	at java.base/java.util.Optional.orElseGet(Optional.java:364) ~[na:na]
	at org.junit.jupiter.engine.descriptor.ClassBasedTestDescriptor.lambda$testInstancesProvider$5(ClassBasedTestDescriptor.java:271) ~[junit-jupiter-engine-5.8.2.jar:5.8.2]
	at org.junit.jupiter.engine.execution.TestInstancesProvider.getTestInstances(TestInstancesProvider.java:31) ~[junit-jupiter-engine-5.8.2.jar:5.8.2]
	at org.junit.jupiter.engine.descriptor.TestMethodTestDescriptor.lambda$prepare$0(TestMethodTestDescriptor.java:102) ~[junit-jupiter-engine-5.8.2.jar:5.8.2]
	at org.junit.platform.engine.support.hierarchical.ThrowableCollector.execute(ThrowableCollector.java:73) ~[junit-platform-engine-1.8.2.jar:1.8.2]
	at org.junit.jupiter.engine.descriptor.TestMethodTestDescriptor.prepare(TestMethodTestDescriptor.java:101) ~[junit-jupiter-engine-5.8.2.jar:5.8.2]
	at org.junit.jupiter.engine.descriptor.TestMethodTestDescriptor.prepare(TestMethodTestDescriptor.java:66) ~[junit-jupiter-engine-5.8.2.jar:5.8.2]
	at org.junit.platform.engine.support.hierarchical.NodeTestTask.lambda$prepare$2(NodeTestTask.java:123) ~[junit-platform-engine-1.8.2.jar:1.8.2]
	at org.junit.platform.engine.support.hierarchical.ThrowableCollector.execute(ThrowableCollector.java:73) ~[junit-platform-engine-1.8.2.jar:1.8.2]
	at org.junit.platform.engine.support.hierarchical.NodeTestTask.prepare(NodeTestTask.java:123) ~[junit-platform-engine-1.8.2.jar:1.8.2]
	at org.junit.platform.engine.support.hierarchical.NodeTestTask.execute(NodeTestTask.java:90) ~[junit-platform-engine-1.8.2.jar:1.8.2]
	at java.base/java.util.ArrayList.forEach(ArrayList.java:1511) ~[na:na]
	at org.junit.platform.engine.support.hierarchical.SameThreadHierarchicalTestExecutorService.invokeAll(SameThreadHierarchicalTestExecutorService.java:41) ~[junit-platform-engine-1.8.2.jar:1.8.2]
	at org.junit.platform.engine.support.hierarchical.NodeTestTask.lambda$executeRecursively$6(NodeTestTask.java:155) ~[junit-platform-engine-1.8.2.jar:1.8.2]
	at org.junit.platform.engine.support.hierarchical.ThrowableCollector.execute(ThrowableCollector.java:73) ~[junit-platform-engine-1.8.2.jar:1.8.2]
	at org.junit.platform.engine.support.hierarchical.NodeTestTask.lambda$executeRecursively$8(NodeTestTask.java:141) ~[junit-platform-engine-1.8.2.jar:1.8.2]
	at org.junit.platform.engine.support.hierarchical.Node.around(Node.java:137) ~[junit-platform-engine-1.8.2.jar:1.8.2]
	at org.junit.platform.engine.support.hierarchical.NodeTestTask.lambda$executeRecursively$9(NodeTestTask.java:139) ~[junit-platform-engine-1.8.2.jar:1.8.2]
	at org.junit.platform.engine.support.hierarchical.ThrowableCollector.execute(ThrowableCollector.java:73) ~[junit-platform-engine-1.8.2.jar:1.8.2]
	at org.junit.platform.engine.support.hierarchical.NodeTestTask.executeRecursively(NodeTestTask.java:138) ~[junit-platform-engine-1.8.2.jar:1.8.2]
	at org.junit.platform.engine.support.hierarchical.NodeTestTask.execute(NodeTestTask.java:95) ~[junit-platform-engine-1.8.2.jar:1.8.2]
	at java.base/java.util.ArrayList.forEach(ArrayList.java:1511) ~[na:na]
	at org.junit.platform.engine.support.hierarchical.SameThreadHierarchicalTestExecutorService.invokeAll(SameThreadHierarchicalTestExecutorService.java:41) ~[junit-platform-engine-1.8.2.jar:1.8.2]
	at org.junit.platform.engine.support.hierarchical.NodeTestTask.lambda$executeRecursively$6(NodeTestTask.java:155) ~[junit-platform-engine-1.8.2.jar:1.8.2]
	at org.junit.platform.engine.support.hierarchical.ThrowableCollector.execute(ThrowableCollector.java:73) ~[junit-platform-engine-1.8.2.jar:1.8.2]
	at org.junit.platform.engine.support.hierarchical.NodeTestTask.lambda$executeRecursively$8(NodeTestTask.java:141) ~[junit-platform-engine-1.8.2.jar:1.8.2]
	at org.junit.platform.engine.support.hierarchical.Node.around(Node.java:137) ~[junit-platform-engine-1.8.2.jar:1.8.2]
	at org.junit.platform.engine.support.hierarchical.NodeTestTask.lambda$executeRecursively$9(NodeTestTask.java:139) ~[junit-platform-engine-1.8.2.jar:1.8.2]
	at org.junit.platform.engine.support.hierarchical.ThrowableCollector.execute(ThrowableCollector.java:73) ~[junit-platform-engine-1.8.2.jar:1.8.2]
	at org.junit.platform.engine.support.hierarchical.NodeTestTask.executeRecursively(NodeTestTask.java:138) ~[junit-platform-engine-1.8.2.jar:1.8.2]
	at org.junit.platform.engine.support.hierarchical.NodeTestTask.execute(NodeTestTask.java:95) ~[junit-platform-engine-1.8.2.jar:1.8.2]
	at org.junit.platform.engine.support.hierarchical.SameThreadHierarchicalTestExecutorService.submit(SameThreadHierarchicalTestExecutorService.java:35) ~[junit-platform-engine-1.8.2.jar:1.8.2]
	at org.junit.platform.engine.support.hierarchical.HierarchicalTestExecutor.execute(HierarchicalTestExecutor.java:57) ~[junit-platform-engine-1.8.2.jar:1.8.2]
	at org.junit.platform.engine.support.hierarchical.HierarchicalTestEngine.execute(HierarchicalTestEngine.java:54) ~[junit-platform-engine-1.8.2.jar:1.8.2]
	at org.junit.platform.launcher.core.EngineExecutionOrchestrator.execute(EngineExecutionOrchestrator.java:107) ~[na:na]
	at org.junit.platform.launcher.core.EngineExecutionOrchestrator.execute(EngineExecutionOrchestrator.java:88) ~[na:na]
	at org.junit.platform.launcher.core.EngineExecutionOrchestrator.lambda$execute$0(EngineExecutionOrchestrator.java:54) ~[na:na]
	at org.junit.platform.launcher.core.EngineExecutionOrchestrator.withInterceptedStreams(EngineExecutionOrchestrator.java:67) ~[na:na]
	at org.junit.platform.launcher.core.EngineExecutionOrchestrator.execute(EngineExecutionOrchestrator.java:52) ~[na:na]
	at org.junit.platform.launcher.core.DefaultLauncher.execute(DefaultLauncher.java:114) ~[na:na]
	at org.junit.platform.launcher.core.DefaultLauncher.execute(DefaultLauncher.java:86) ~[na:na]
	at org.junit.platform.launcher.core.DefaultLauncherSession$DelegatingLauncher.execute(DefaultLauncherSession.java:86) ~[na:na]
	at org.junit.platform.launcher.core.SessionPerRequestLauncher.execute(SessionPerRequestLauncher.java:53) ~[na:na]
	at org.gradle.api.internal.tasks.testing.junitplatform.JUnitPlatformTestClassProcessor$CollectAllTestClassesExecutor.processAllTestClasses(JUnitPlatformTestClassProcessor.java:99) ~[na:na]
	at org.gradle.api.internal.tasks.testing.junitplatform.JUnitPlatformTestClassProcessor$CollectAllTestClassesExecutor.access$000(JUnitPlatformTestClassProcessor.java:79) ~[na:na]
	at org.gradle.api.internal.tasks.testing.junitplatform.JUnitPlatformTestClassProcessor.stop(JUnitPlatformTestClassProcessor.java:75) ~[na:na]
	at org.gradle.api.internal.tasks.testing.SuiteTestClassProcessor.stop(SuiteTestClassProcessor.java:62) ~[na:na]
	at java.base/jdk.internal.reflect.NativeMethodAccessorImpl.invoke0(Native Method) ~[na:na]
	at java.base/jdk.internal.reflect.NativeMethodAccessorImpl.invoke(NativeMethodAccessorImpl.java:77) ~[na:na]
	at java.base/jdk.internal.reflect.DelegatingMethodAccessorImpl.invoke(DelegatingMethodAccessorImpl.java:43) ~[na:na]
	at java.base/java.lang.reflect.Method.invoke(Method.java:568) ~[na:na]
	at org.gradle.internal.dispatch.ReflectionDispatch.dispatch(ReflectionDispatch.java:36) ~[na:na]
	at org.gradle.internal.dispatch.ReflectionDispatch.dispatch(ReflectionDispatch.java:24) ~[na:na]
	at org.gradle.internal.dispatch.ContextClassLoaderDispatch.dispatch(ContextClassLoaderDispatch.java:33) ~[na:na]
	at org.gradle.internal.dispatch.ProxyDispatchAdapter$DispatchingInvocationHandler.invoke(ProxyDispatchAdapter.java:94) ~[na:na]
	at jdk.proxy1/jdk.proxy1.$Proxy2.stop(Unknown Source) ~[na:na]
	at org.gradle.api.internal.tasks.testing.worker.TestWorker$3.run(TestWorker.java:193) ~[na:na]
	at org.gradle.api.internal.tasks.testing.worker.TestWorker.executeAndMaintainThreadName(TestWorker.java:129) ~[na:na]
	at org.gradle.api.internal.tasks.testing.worker.TestWorker.execute(TestWorker.java:100) ~[na:na]
	at org.gradle.api.internal.tasks.testing.worker.TestWorker.execute(TestWorker.java:60) ~[na:na]
	at org.gradle.process.internal.worker.child.ActionExecutionWorker.execute(ActionExecutionWorker.java:56) ~[na:na]
	at org.gradle.process.internal.worker.child.SystemApplicationClassLoaderWorker.call(SystemApplicationClassLoaderWorker.java:113) ~[na:na]
	at org.gradle.process.internal.worker.child.SystemApplicationClassLoaderWorker.call(SystemApplicationClassLoaderWorker.java:65) ~[na:na]
	at worker.org.gradle.process.internal.worker.GradleWorkerMain.run(GradleWorkerMain.java:69) ~[gradle-worker.jar:na]
	at worker.org.gradle.process.internal.worker.GradleWorkerMain.main(GradleWorkerMain.java:74) ~[gradle-worker.jar:na]
Caused by: org.springframework.beans.factory.BeanCreationException: Error creating bean with name 'entityManagerFactory' defined in class path resource [org/springframework/boot/autoconfigure/orm/jpa/HibernateJpaConfiguration.class]: Invocation of init method failed; nested exception is org.hibernate.AnnotationException: No identifier specified for entity: com.raderleao.admin.catalogo.infrastructure.genre.persistence.GenreJpaEntity
	at org.springframework.beans.factory.support.AbstractAutowireCapableBeanFactory.initializeBean(AbstractAutowireCapableBeanFactory.java:1804) ~[spring-beans-5.3.24.jar:5.3.24]
	at org.springframework.beans.factory.support.AbstractAutowireCapableBeanFactory.doCreateBean(AbstractAutowireCapableBeanFactory.java:620) ~[spring-beans-5.3.24.jar:5.3.24]
	at org.springframework.beans.factory.support.AbstractAutowireCapableBeanFactory.createBean(AbstractAutowireCapableBeanFactory.java:542) ~[spring-beans-5.3.24.jar:5.3.24]
	at org.springframework.beans.factory.support.AbstractBeanFactory.lambda$doGetBean$0(AbstractBeanFactory.java:335) ~[spring-beans-5.3.24.jar:5.3.24]
	at org.springframework.beans.factory.support.DefaultSingletonBeanRegistry.getSingleton(DefaultSingletonBeanRegistry.java:234) ~[spring-beans-5.3.24.jar:5.3.24]
	at org.springframework.beans.factory.support.AbstractBeanFactory.doGetBean(AbstractBeanFactory.java:333) ~[spring-beans-5.3.24.jar:5.3.24]
	at org.springframework.beans.factory.support.AbstractBeanFactory.getBean(AbstractBeanFactory.java:208) ~[spring-beans-5.3.24.jar:5.3.24]
	at org.springframework.context.support.AbstractApplicationContext.getBean(AbstractApplicationContext.java:1154) ~[spring-context-5.3.24.jar:5.3.24]
	at org.springframework.context.support.AbstractApplicationContext.finishBeanFactoryInitialization(AbstractApplicationContext.java:908) ~[spring-context-5.3.24.jar:5.3.24]
	at org.springframework.context.support.AbstractApplicationContext.refresh(AbstractApplicationContext.java:583) ~[spring-context-5.3.24.jar:5.3.24]
	at org.springframework.boot.SpringApplication.refresh(SpringApplication.java:731) ~[spring-boot-2.7.7.jar:2.7.7]
	at org.springframework.boot.SpringApplication.refreshContext(SpringApplication.java:408) ~[spring-boot-2.7.7.jar:2.7.7]
	at org.springframework.boot.SpringApplication.run(SpringApplication.java:307) ~[spring-boot-2.7.7.jar:2.7.7]
	at org.springframework.boot.test.context.SpringBootContextLoader.loadContext(SpringBootContextLoader.java:136) ~[spring-boot-test-2.7.7.jar:2.7.7]
	at org.springframework.test.context.cache.DefaultCacheAwareContextLoaderDelegate.loadContextInternal(DefaultCacheAwareContextLoaderDelegate.java:141) ~[spring-test-5.3.24.jar:5.3.24]
	at org.springframework.test.context.cache.DefaultCacheAwareContextLoaderDelegate.loadContext(DefaultCacheAwareContextLoaderDelegate.java:90) ~[spring-test-5.3.24.jar:5.3.24]
	... 87 common frames omitted
Caused by: org.hibernate.AnnotationException: No identifier specified for entity: com.raderleao.admin.catalogo.infrastructure.genre.persistence.GenreJpaEntity
	at org.hibernate.cfg.InheritanceState.determineDefaultAccessType(InheritanceState.java:266) ~[hibernate-core-5.6.14.Final.jar:5.6.14.Final]
	at org.hibernate.cfg.InheritanceState.getElementsToProcess(InheritanceState.java:211) ~[hibernate-core-5.6.14.Final.jar:5.6.14.Final]
	at org.hibernate.cfg.InheritanceState.hasIdClassOrEmbeddedId(InheritanceState.java:185) ~[hibernate-core-5.6.14.Final.jar:5.6.14.Final]
	at org.hibernate.cfg.AnnotationBinder.processElementAnnotations(AnnotationBinder.java:2253) ~[hibernate-core-5.6.14.Final.jar:5.6.14.Final]
	at org.hibernate.cfg.AnnotationBinder.fillComponent(AnnotationBinder.java:2816) ~[hibernate-core-5.6.14.Final.jar:5.6.14.Final]
	at org.hibernate.cfg.AnnotationBinder.fillComponent(AnnotationBinder.java:2698) ~[hibernate-core-5.6.14.Final.jar:5.6.14.Final]
	at org.hibernate.cfg.AnnotationBinder.bindComponent(AnnotationBinder.java:2646) ~[hibernate-core-5.6.14.Final.jar:5.6.14.Final]
	at org.hibernate.cfg.AnnotationBinder.processElementAnnotations(AnnotationBinder.java:2275) ~[hibernate-core-5.6.14.Final.jar:5.6.14.Final]
	at org.hibernate.cfg.AnnotationBinder.processIdPropertiesIfNotAlready(AnnotationBinder.java:968) ~[hibernate-core-5.6.14.Final.jar:5.6.14.Final]
	at org.hibernate.cfg.AnnotationBinder.bindClass(AnnotationBinder.java:793) ~[hibernate-core-5.6.14.Final.jar:5.6.14.Final]
	at org.hibernate.boot.model.source.internal.annotations.AnnotationMetadataSourceProcessorImpl.processEntityHierarchies(AnnotationMetadataSourceProcessorImpl.java:225) ~[hibernate-core-5.6.14.Final.jar:5.6.14.Final]
	at org.hibernate.boot.model.process.spi.MetadataBuildingProcess$1.processEntityHierarchies(MetadataBuildingProcess.java:239) ~[hibernate-core-5.6.14.Final.jar:5.6.14.Final]
	at org.hibernate.boot.model.process.spi.MetadataBuildingProcess.complete(MetadataBuildingProcess.java:282) ~[hibernate-core-5.6.14.Final.jar:5.6.14.Final]
	at org.hibernate.jpa.boot.internal.EntityManagerFactoryBuilderImpl.metadata(EntityManagerFactoryBuilderImpl.java:1460) ~[hibernate-core-5.6.14.Final.jar:5.6.14.Final]
	at org.hibernate.jpa.boot.internal.EntityManagerFactoryBuilderImpl.build(EntityManagerFactoryBuilderImpl.java:1494) ~[hibernate-core-5.6.14.Final.jar:5.6.14.Final]
	at org.springframework.orm.jpa.vendor.SpringHibernateJpaPersistenceProvider.createContainerEntityManagerFactory(SpringHibernateJpaPersistenceProvider.java:58) ~[spring-orm-5.3.24.jar:5.3.24]
	at org.springframework.orm.jpa.LocalContainerEntityManagerFactoryBean.createNativeEntityManagerFactory(LocalContainerEntityManagerFactoryBean.java:365) ~[spring-orm-5.3.24.jar:5.3.24]
	at org.springframework.orm.jpa.AbstractEntityManagerFactoryBean.buildNativeEntityManagerFactory(AbstractEntityManagerFactoryBean.java:409) ~[spring-orm-5.3.24.jar:5.3.24]
	at org.springframework.orm.jpa.AbstractEntityManagerFactoryBean.afterPropertiesSet(AbstractEntityManagerFactoryBean.java:396) ~[spring-orm-5.3.24.jar:5.3.24]
	at org.springframework.orm.jpa.LocalContainerEntityManagerFactoryBean.afterPropertiesSet(LocalContainerEntityManagerFactoryBean.java:341) ~[spring-orm-5.3.24.jar:5.3.24]
	at org.springframework.beans.factory.support.AbstractAutowireCapableBeanFactory.invokeInitMethods(AbstractAutowireCapableBeanFactory.java:1863) ~[spring-beans-5.3.24.jar:5.3.24]
	at org.springframework.beans.factory.support.AbstractAutowireCapableBeanFactory.initializeBean(AbstractAutowireCapableBeanFactory.java:1800) ~[spring-beans-5.3.24.jar:5.3.24]
	... 102 common frames omitted


  .   ____          _            __ _ _
 /\\ / ___'_ __ _ _(_)_ __  __ _ \ \ \ \
( ( )\___ | '_ | '_| | '_ \/ _` | \ \ \ \
 \\/  ___)| |_)| | | | | || (_| |  ) ) ) )
  '  |____| .__|_| |_|_| |_\__, | / / / /
 =========|_|==============|___/=/_/_/_/
 :: Spring Boot ::                (v2.7.7)

2023-04-02 22:07:16.073  INFO 13239 --- [    Test worker] c.r.a.c.e2e.category.CategoryE2ETest     : Starting CategoryE2ETest using Java 17.0.2 on RaderLeao-MacBook-Air.local with PID 13239 (started by raderleao in /Users/raderleao/src/dev/Workspace/admin-do-catalogo/infrastructure)
2023-04-02 22:07:16.074  INFO 13239 --- [    Test worker] c.r.a.c.e2e.category.CategoryE2ETest     : The following 1 profile is active: "test-e2e"
2023-04-02 22:07:16.134  INFO 13239 --- [    Test worker] .s.d.r.c.RepositoryConfigurationDelegate : Bootstrapping Spring Data JPA repositories in DEFAULT mode.
2023-04-02 22:07:16.139  INFO 13239 --- [    Test worker] .s.d.r.c.RepositoryConfigurationDelegate : Finished Spring Data repository scanning in 5 ms. Found 2 JPA repository interfaces.
2023-04-02 22:07:16.189  INFO 13239 --- [    Test worker] o.f.c.internal.license.VersionPrinter    : Flyway Community Edition 8.5.13 by Redgate
2023-04-02 22:07:16.189  INFO 13239 --- [    Test worker] o.f.c.internal.license.VersionPrinter    : See what's new here: https://flywaydb.org/documentation/learnmore/releaseNotes#8.5.13
2023-04-02 22:07:16.189  INFO 13239 --- [    Test worker] o.f.c.internal.license.VersionPrinter    : 
2023-04-02 22:07:16.189  WARN 13239 --- [    Test worker] com.zaxxer.hikari.HikariConfig           : master - idleTimeout is close to or more than maxLifetime, disabling it.
2023-04-02 22:07:16.190  INFO 13239 --- [    Test worker] com.zaxxer.hikari.HikariDataSource       : master - Starting...
2023-04-02 22:07:16.204  INFO 13239 --- [    Test worker] com.zaxxer.hikari.HikariDataSource       : master - Start completed.
2023-04-02 22:07:16.206  INFO 13239 --- [    Test worker] o.f.c.i.database.base.BaseDatabaseType   : Database: jdbc:mysql://localhost:50897/adm_videos (MySQL 8.0)
2023-04-02 22:07:16.222  INFO 13239 --- [    Test worker] o.f.core.internal.command.DbValidate     : Successfully validated 1 migration (execution time 00:00.006s)
2023-04-02 22:07:16.231  INFO 13239 --- [    Test worker] o.f.core.internal.command.DbMigrate      : Current version of schema `adm_videos`: 1
2023-04-02 22:07:16.233  INFO 13239 --- [    Test worker] o.f.core.internal.command.DbMigrate      : Schema `adm_videos` is up to date. No migration necessary.
2023-04-02 22:07:16.248  INFO 13239 --- [    Test worker] o.hibernate.jpa.internal.util.LogHelper  : HHH000204: Processing PersistenceUnitInfo [name: default]
2023-04-02 22:07:16.251  INFO 13239 --- [    Test worker] org.hibernate.dialect.Dialect            : HHH000400: Using dialect: org.hibernate.dialect.MySQL5InnoDBDialect
2023-04-02 22:07:16.253 ERROR 13239 --- [    Test worker] j.LocalContainerEntityManagerFactoryBean : Failed to initialize JPA EntityManagerFactory: No identifier specified for entity: com.raderleao.admin.catalogo.infrastructure.genre.persistence.GenreJpaEntity
2023-04-02 22:07:16.253  WARN 13239 --- [    Test worker] o.s.w.c.s.GenericWebApplicationContext   : Exception encountered during context initialization - cancelling refresh attempt: org.springframework.beans.factory.BeanCreationException: Error creating bean with name 'entityManagerFactory' defined in class path resource [org/springframework/boot/autoconfigure/orm/jpa/HibernateJpaConfiguration.class]: Invocation of init method failed; nested exception is org.hibernate.AnnotationException: No identifier specified for entity: com.raderleao.admin.catalogo.infrastructure.genre.persistence.GenreJpaEntity
2023-04-02 22:07:16.253  INFO 13239 --- [    Test worker] com.zaxxer.hikari.HikariDataSource       : master - Shutdown initiated...
2023-04-02 22:07:16.255  INFO 13239 --- [    Test worker] com.zaxxer.hikari.HikariDataSource       : master - Shutdown completed.
2023-04-02 22:07:16.256  INFO 13239 --- [    Test worker] ConditionEvaluationReportLoggingListener : 

Error starting ApplicationContext. To display the conditions report re-run your application with 'debug' enabled.
2023-04-02 22:07:16.258 ERROR 13239 --- [    Test worker] o.s.boot.SpringApplication               : Application run failed

org.springframework.beans.factory.BeanCreationException: Error creating bean with name 'entityManagerFactory' defined in class path resource [org/springframework/boot/autoconfigure/orm/jpa/HibernateJpaConfiguration.class]: Invocation of init method failed; nested exception is org.hibernate.AnnotationException: No identifier specified for entity: com.raderleao.admin.catalogo.infrastructure.genre.persistence.GenreJpaEntity
	at org.springframework.beans.factory.support.AbstractAutowireCapableBeanFactory.initializeBean(AbstractAutowireCapableBeanFactory.java:1804) ~[spring-beans-5.3.24.jar:5.3.24]
	at org.springframework.beans.factory.support.AbstractAutowireCapableBeanFactory.doCreateBean(AbstractAutowireCapableBeanFactory.java:620) ~[spring-beans-5.3.24.jar:5.3.24]
	at org.springframework.beans.factory.support.AbstractAutowireCapableBeanFactory.createBean(AbstractAutowireCapableBeanFactory.java:542) ~[spring-beans-5.3.24.jar:5.3.24]
	at org.springframework.beans.factory.support.AbstractBeanFactory.lambda$doGetBean$0(AbstractBeanFactory.java:335) ~[spring-beans-5.3.24.jar:5.3.24]
	at org.springframework.beans.factory.support.DefaultSingletonBeanRegistry.getSingleton(DefaultSingletonBeanRegistry.java:234) ~[spring-beans-5.3.24.jar:5.3.24]
	at org.springframework.beans.factory.support.AbstractBeanFactory.doGetBean(AbstractBeanFactory.java:333) ~[spring-beans-5.3.24.jar:5.3.24]
	at org.springframework.beans.factory.support.AbstractBeanFactory.getBean(AbstractBeanFactory.java:208) ~[spring-beans-5.3.24.jar:5.3.24]
	at org.springframework.context.support.AbstractApplicationContext.getBean(AbstractApplicationContext.java:1154) ~[spring-context-5.3.24.jar:5.3.24]
	at org.springframework.context.support.AbstractApplicationContext.finishBeanFactoryInitialization(AbstractApplicationContext.java:908) ~[spring-context-5.3.24.jar:5.3.24]
	at org.springframework.context.support.AbstractApplicationContext.refresh(AbstractApplicationContext.java:583) ~[spring-context-5.3.24.jar:5.3.24]
	at org.springframework.boot.SpringApplication.refresh(SpringApplication.java:731) ~[spring-boot-2.7.7.jar:2.7.7]
	at org.springframework.boot.SpringApplication.refreshContext(SpringApplication.java:408) ~[spring-boot-2.7.7.jar:2.7.7]
	at org.springframework.boot.SpringApplication.run(SpringApplication.java:307) ~[spring-boot-2.7.7.jar:2.7.7]
	at org.springframework.boot.test.context.SpringBootContextLoader.loadContext(SpringBootContextLoader.java:136) ~[spring-boot-test-2.7.7.jar:2.7.7]
	at org.springframework.test.context.cache.DefaultCacheAwareContextLoaderDelegate.loadContextInternal(DefaultCacheAwareContextLoaderDelegate.java:141) ~[spring-test-5.3.24.jar:5.3.24]
	at org.springframework.test.context.cache.DefaultCacheAwareContextLoaderDelegate.loadContext(DefaultCacheAwareContextLoaderDelegate.java:90) ~[spring-test-5.3.24.jar:5.3.24]
	at org.springframework.test.context.support.DefaultTestContext.getApplicationContext(DefaultTestContext.java:124) ~[spring-test-5.3.24.jar:5.3.24]
	at org.springframework.test.context.web.ServletTestExecutionListener.setUpRequestContextIfNecessary(ServletTestExecutionListener.java:190) ~[spring-test-5.3.24.jar:5.3.24]
	at org.springframework.test.context.web.ServletTestExecutionListener.prepareTestInstance(ServletTestExecutionListener.java:132) ~[spring-test-5.3.24.jar:5.3.24]
	at org.springframework.test.context.TestContextManager.prepareTestInstance(TestContextManager.java:248) ~[spring-test-5.3.24.jar:5.3.24]
	at org.springframework.test.context.junit.jupiter.SpringExtension.postProcessTestInstance(SpringExtension.java:138) ~[spring-test-5.3.24.jar:5.3.24]
	at org.junit.jupiter.engine.descriptor.ClassBasedTestDescriptor.lambda$invokeTestInstancePostProcessors$8(ClassBasedTestDescriptor.java:363) ~[junit-jupiter-engine-5.8.2.jar:5.8.2]
	at org.junit.jupiter.engine.descriptor.ClassBasedTestDescriptor.executeAndMaskThrowable(ClassBasedTestDescriptor.java:368) ~[junit-jupiter-engine-5.8.2.jar:5.8.2]
	at org.junit.jupiter.engine.descriptor.ClassBasedTestDescriptor.lambda$invokeTestInstancePostProcessors$9(ClassBasedTestDescriptor.java:363) ~[junit-jupiter-engine-5.8.2.jar:5.8.2]
	at java.base/java.util.stream.ReferencePipeline$3$1.accept(ReferencePipeline.java:197) ~[na:na]
	at java.base/java.util.stream.ReferencePipeline$2$1.accept(ReferencePipeline.java:179) ~[na:na]
	at java.base/java.util.ArrayList$ArrayListSpliterator.forEachRemaining(ArrayList.java:1625) ~[na:na]
	at java.base/java.util.stream.AbstractPipeline.copyInto(AbstractPipeline.java:509) ~[na:na]
	at java.base/java.util.stream.AbstractPipeline.wrapAndCopyInto(AbstractPipeline.java:499) ~[na:na]
	at java.base/java.util.stream.StreamSpliterators$WrappingSpliterator.forEachRemaining(StreamSpliterators.java:310) ~[na:na]
	at java.base/java.util.stream.Streams$ConcatSpliterator.forEachRemaining(Streams.java:735) ~[na:na]
	at java.base/java.util.stream.Streams$ConcatSpliterator.forEachRemaining(Streams.java:734) ~[na:na]
	at java.base/java.util.stream.ReferencePipeline$Head.forEach(ReferencePipeline.java:762) ~[na:na]
	at org.junit.jupiter.engine.descriptor.ClassBasedTestDescriptor.invokeTestInstancePostProcessors(ClassBasedTestDescriptor.java:362) ~[junit-jupiter-engine-5.8.2.jar:5.8.2]
	at org.junit.jupiter.engine.descriptor.ClassBasedTestDescriptor.lambda$instantiateAndPostProcessTestInstance$6(ClassBasedTestDescriptor.java:283) ~[junit-jupiter-engine-5.8.2.jar:5.8.2]
	at org.junit.platform.engine.support.hierarchical.ThrowableCollector.execute(ThrowableCollector.java:73) ~[junit-platform-engine-1.8.2.jar:1.8.2]
	at org.junit.jupiter.engine.descriptor.ClassBasedTestDescriptor.instantiateAndPostProcessTestInstance(ClassBasedTestDescriptor.java:282) ~[junit-jupiter-engine-5.8.2.jar:5.8.2]
	at org.junit.jupiter.engine.descriptor.ClassBasedTestDescriptor.lambda$testInstancesProvider$4(ClassBasedTestDescriptor.java:272) ~[junit-jupiter-engine-5.8.2.jar:5.8.2]
	at java.base/java.util.Optional.orElseGet(Optional.java:364) ~[na:na]
	at org.junit.jupiter.engine.descriptor.ClassBasedTestDescriptor.lambda$testInstancesProvider$5(ClassBasedTestDescriptor.java:271) ~[junit-jupiter-engine-5.8.2.jar:5.8.2]
	at org.junit.jupiter.engine.execution.TestInstancesProvider.getTestInstances(TestInstancesProvider.java:31) ~[junit-jupiter-engine-5.8.2.jar:5.8.2]
	at org.junit.jupiter.engine.descriptor.TestMethodTestDescriptor.lambda$prepare$0(TestMethodTestDescriptor.java:102) ~[junit-jupiter-engine-5.8.2.jar:5.8.2]
	at org.junit.platform.engine.support.hierarchical.ThrowableCollector.execute(ThrowableCollector.java:73) ~[junit-platform-engine-1.8.2.jar:1.8.2]
	at org.junit.jupiter.engine.descriptor.TestMethodTestDescriptor.prepare(TestMethodTestDescriptor.java:101) ~[junit-jupiter-engine-5.8.2.jar:5.8.2]
	at org.junit.jupiter.engine.descriptor.TestMethodTestDescriptor.prepare(TestMethodTestDescriptor.java:66) ~[junit-jupiter-engine-5.8.2.jar:5.8.2]
	at org.junit.platform.engine.support.hierarchical.NodeTestTask.lambda$prepare$2(NodeTestTask.java:123) ~[junit-platform-engine-1.8.2.jar:1.8.2]
	at org.junit.platform.engine.support.hierarchical.ThrowableCollector.execute(ThrowableCollector.java:73) ~[junit-platform-engine-1.8.2.jar:1.8.2]
	at org.junit.platform.engine.support.hierarchical.NodeTestTask.prepare(NodeTestTask.java:123) ~[junit-platform-engine-1.8.2.jar:1.8.2]
	at org.junit.platform.engine.support.hierarchical.NodeTestTask.execute(NodeTestTask.java:90) ~[junit-platform-engine-1.8.2.jar:1.8.2]
	at java.base/java.util.ArrayList.forEach(ArrayList.java:1511) ~[na:na]
	at org.junit.platform.engine.support.hierarchical.SameThreadHierarchicalTestExecutorService.invokeAll(SameThreadHierarchicalTestExecutorService.java:41) ~[junit-platform-engine-1.8.2.jar:1.8.2]
	at org.junit.platform.engine.support.hierarchical.NodeTestTask.lambda$executeRecursively$6(NodeTestTask.java:155) ~[junit-platform-engine-1.8.2.jar:1.8.2]
	at org.junit.platform.engine.support.hierarchical.ThrowableCollector.execute(ThrowableCollector.java:73) ~[junit-platform-engine-1.8.2.jar:1.8.2]
	at org.junit.platform.engine.support.hierarchical.NodeTestTask.lambda$executeRecursively$8(NodeTestTask.java:141) ~[junit-platform-engine-1.8.2.jar:1.8.2]
	at org.junit.platform.engine.support.hierarchical.Node.around(Node.java:137) ~[junit-platform-engine-1.8.2.jar:1.8.2]
	at org.junit.platform.engine.support.hierarchical.NodeTestTask.lambda$executeRecursively$9(NodeTestTask.java:139) ~[junit-platform-engine-1.8.2.jar:1.8.2]
	at org.junit.platform.engine.support.hierarchical.ThrowableCollector.execute(ThrowableCollector.java:73) ~[junit-platform-engine-1.8.2.jar:1.8.2]
	at org.junit.platform.engine.support.hierarchical.NodeTestTask.executeRecursively(NodeTestTask.java:138) ~[junit-platform-engine-1.8.2.jar:1.8.2]
	at org.junit.platform.engine.support.hierarchical.NodeTestTask.execute(NodeTestTask.java:95) ~[junit-platform-engine-1.8.2.jar:1.8.2]
	at java.base/java.util.ArrayList.forEach(ArrayList.java:1511) ~[na:na]
	at org.junit.platform.engine.support.hierarchical.SameThreadHierarchicalTestExecutorService.invokeAll(SameThreadHierarchicalTestExecutorService.java:41) ~[junit-platform-engine-1.8.2.jar:1.8.2]
	at org.junit.platform.engine.support.hierarchical.NodeTestTask.lambda$executeRecursively$6(NodeTestTask.java:155) ~[junit-platform-engine-1.8.2.jar:1.8.2]
	at org.junit.platform.engine.support.hierarchical.ThrowableCollector.execute(ThrowableCollector.java:73) ~[junit-platform-engine-1.8.2.jar:1.8.2]
	at org.junit.platform.engine.support.hierarchical.NodeTestTask.lambda$executeRecursively$8(NodeTestTask.java:141) ~[junit-platform-engine-1.8.2.jar:1.8.2]
	at org.junit.platform.engine.support.hierarchical.Node.around(Node.java:137) ~[junit-platform-engine-1.8.2.jar:1.8.2]
	at org.junit.platform.engine.support.hierarchical.NodeTestTask.lambda$executeRecursively$9(NodeTestTask.java:139) ~[junit-platform-engine-1.8.2.jar:1.8.2]
	at org.junit.platform.engine.support.hierarchical.ThrowableCollector.execute(ThrowableCollector.java:73) ~[junit-platform-engine-1.8.2.jar:1.8.2]
	at org.junit.platform.engine.support.hierarchical.NodeTestTask.executeRecursively(NodeTestTask.java:138) ~[junit-platform-engine-1.8.2.jar:1.8.2]
	at org.junit.platform.engine.support.hierarchical.NodeTestTask.execute(NodeTestTask.java:95) ~[junit-platform-engine-1.8.2.jar:1.8.2]
	at org.junit.platform.engine.support.hierarchical.SameThreadHierarchicalTestExecutorService.submit(SameThreadHierarchicalTestExecutorService.java:35) ~[junit-platform-engine-1.8.2.jar:1.8.2]
	at org.junit.platform.engine.support.hierarchical.HierarchicalTestExecutor.execute(HierarchicalTestExecutor.java:57) ~[junit-platform-engine-1.8.2.jar:1.8.2]
	at org.junit.platform.engine.support.hierarchical.HierarchicalTestEngine.execute(HierarchicalTestEngine.java:54) ~[junit-platform-engine-1.8.2.jar:1.8.2]
	at org.junit.platform.launcher.core.EngineExecutionOrchestrator.execute(EngineExecutionOrchestrator.java:107) ~[na:na]
	at org.junit.platform.launcher.core.EngineExecutionOrchestrator.execute(EngineExecutionOrchestrator.java:88) ~[na:na]
	at org.junit.platform.launcher.core.EngineExecutionOrchestrator.lambda$execute$0(EngineExecutionOrchestrator.java:54) ~[na:na]
	at org.junit.platform.launcher.core.EngineExecutionOrchestrator.withInterceptedStreams(EngineExecutionOrchestrator.java:67) ~[na:na]
	at org.junit.platform.launcher.core.EngineExecutionOrchestrator.execute(EngineExecutionOrchestrator.java:52) ~[na:na]
	at org.junit.platform.launcher.core.DefaultLauncher.execute(DefaultLauncher.java:114) ~[na:na]
	at org.junit.platform.launcher.core.DefaultLauncher.execute(DefaultLauncher.java:86) ~[na:na]
	at org.junit.platform.launcher.core.DefaultLauncherSession$DelegatingLauncher.execute(DefaultLauncherSession.java:86) ~[na:na]
	at org.junit.platform.launcher.core.SessionPerRequestLauncher.execute(SessionPerRequestLauncher.java:53) ~[na:na]
	at org.gradle.api.internal.tasks.testing.junitplatform.JUnitPlatformTestClassProcessor$CollectAllTestClassesExecutor.processAllTestClasses(JUnitPlatformTestClassProcessor.java:99) ~[na:na]
	at org.gradle.api.internal.tasks.testing.junitplatform.JUnitPlatformTestClassProcessor$CollectAllTestClassesExecutor.access$000(JUnitPlatformTestClassProcessor.java:79) ~[na:na]
	at org.gradle.api.internal.tasks.testing.junitplatform.JUnitPlatformTestClassProcessor.stop(JUnitPlatformTestClassProcessor.java:75) ~[na:na]
	at org.gradle.api.internal.tasks.testing.SuiteTestClassProcessor.stop(SuiteTestClassProcessor.java:62) ~[na:na]
	at java.base/jdk.internal.reflect.NativeMethodAccessorImpl.invoke0(Native Method) ~[na:na]
	at java.base/jdk.internal.reflect.NativeMethodAccessorImpl.invoke(NativeMethodAccessorImpl.java:77) ~[na:na]
	at java.base/jdk.internal.reflect.DelegatingMethodAccessorImpl.invoke(DelegatingMethodAccessorImpl.java:43) ~[na:na]
	at java.base/java.lang.reflect.Method.invoke(Method.java:568) ~[na:na]
	at org.gradle.internal.dispatch.ReflectionDispatch.dispatch(ReflectionDispatch.java:36) ~[na:na]
	at org.gradle.internal.dispatch.ReflectionDispatch.dispatch(ReflectionDispatch.java:24) ~[na:na]
	at org.gradle.internal.dispatch.ContextClassLoaderDispatch.dispatch(ContextClassLoaderDispatch.java:33) ~[na:na]
	at org.gradle.internal.dispatch.ProxyDispatchAdapter$DispatchingInvocationHandler.invoke(ProxyDispatchAdapter.java:94) ~[na:na]
	at jdk.proxy1/jdk.proxy1.$Proxy2.stop(Unknown Source) ~[na:na]
	at org.gradle.api.internal.tasks.testing.worker.TestWorker$3.run(TestWorker.java:193) ~[na:na]
	at org.gradle.api.internal.tasks.testing.worker.TestWorker.executeAndMaintainThreadName(TestWorker.java:129) ~[na:na]
	at org.gradle.api.internal.tasks.testing.worker.TestWorker.execute(TestWorker.java:100) ~[na:na]
	at org.gradle.api.internal.tasks.testing.worker.TestWorker.execute(TestWorker.java:60) ~[na:na]
	at org.gradle.process.internal.worker.child.ActionExecutionWorker.execute(ActionExecutionWorker.java:56) ~[na:na]
	at org.gradle.process.internal.worker.child.SystemApplicationClassLoaderWorker.call(SystemApplicationClassLoaderWorker.java:113) ~[na:na]
	at org.gradle.process.internal.worker.child.SystemApplicationClassLoaderWorker.call(SystemApplicationClassLoaderWorker.java:65) ~[na:na]
	at worker.org.gradle.process.internal.worker.GradleWorkerMain.run(GradleWorkerMain.java:69) ~[gradle-worker.jar:na]
	at worker.org.gradle.process.internal.worker.GradleWorkerMain.main(GradleWorkerMain.java:74) ~[gradle-worker.jar:na]
Caused by: org.hibernate.AnnotationException: No identifier specified for entity: com.raderleao.admin.catalogo.infrastructure.genre.persistence.GenreJpaEntity
	at org.hibernate.cfg.InheritanceState.determineDefaultAccessType(InheritanceState.java:266) ~[hibernate-core-5.6.14.Final.jar:5.6.14.Final]
	at org.hibernate.cfg.InheritanceState.getElementsToProcess(InheritanceState.java:211) ~[hibernate-core-5.6.14.Final.jar:5.6.14.Final]
	at org.hibernate.cfg.InheritanceState.hasIdClassOrEmbeddedId(InheritanceState.java:185) ~[hibernate-core-5.6.14.Final.jar:5.6.14.Final]
	at org.hibernate.cfg.AnnotationBinder.processElementAnnotations(AnnotationBinder.java:2253) ~[hibernate-core-5.6.14.Final.jar:5.6.14.Final]
	at org.hibernate.cfg.AnnotationBinder.fillComponent(AnnotationBinder.java:2816) ~[hibernate-core-5.6.14.Final.jar:5.6.14.Final]
	at org.hibernate.cfg.AnnotationBinder.fillComponent(AnnotationBinder.java:2698) ~[hibernate-core-5.6.14.Final.jar:5.6.14.Final]
	at org.hibernate.cfg.AnnotationBinder.bindComponent(AnnotationBinder.java:2646) ~[hibernate-core-5.6.14.Final.jar:5.6.14.Final]
	at org.hibernate.cfg.AnnotationBinder.processElementAnnotations(AnnotationBinder.java:2275) ~[hibernate-core-5.6.14.Final.jar:5.6.14.Final]
	at org.hibernate.cfg.AnnotationBinder.processIdPropertiesIfNotAlready(AnnotationBinder.java:968) ~[hibernate-core-5.6.14.Final.jar:5.6.14.Final]
	at org.hibernate.cfg.AnnotationBinder.bindClass(AnnotationBinder.java:793) ~[hibernate-core-5.6.14.Final.jar:5.6.14.Final]
	at org.hibernate.boot.model.source.internal.annotations.AnnotationMetadataSourceProcessorImpl.processEntityHierarchies(AnnotationMetadataSourceProcessorImpl.java:225) ~[hibernate-core-5.6.14.Final.jar:5.6.14.Final]
	at org.hibernate.boot.model.process.spi.MetadataBuildingProcess$1.processEntityHierarchies(MetadataBuildingProcess.java:239) ~[hibernate-core-5.6.14.Final.jar:5.6.14.Final]
	at org.hibernate.boot.model.process.spi.MetadataBuildingProcess.complete(MetadataBuildingProcess.java:282) ~[hibernate-core-5.6.14.Final.jar:5.6.14.Final]
	at org.hibernate.jpa.boot.internal.EntityManagerFactoryBuilderImpl.metadata(EntityManagerFactoryBuilderImpl.java:1460) ~[hibernate-core-5.6.14.Final.jar:5.6.14.Final]
	at org.hibernate.jpa.boot.internal.EntityManagerFactoryBuilderImpl.build(EntityManagerFactoryBuilderImpl.java:1494) ~[hibernate-core-5.6.14.Final.jar:5.6.14.Final]
	at org.springframework.orm.jpa.vendor.SpringHibernateJpaPersistenceProvider.createContainerEntityManagerFactory(SpringHibernateJpaPersistenceProvider.java:58) ~[spring-orm-5.3.24.jar:5.3.24]
	at org.springframework.orm.jpa.LocalContainerEntityManagerFactoryBean.createNativeEntityManagerFactory(LocalContainerEntityManagerFactoryBean.java:365) ~[spring-orm-5.3.24.jar:5.3.24]
	at org.springframework.orm.jpa.AbstractEntityManagerFactoryBean.buildNativeEntityManagerFactory(AbstractEntityManagerFactoryBean.java:409) ~[spring-orm-5.3.24.jar:5.3.24]
	at org.springframework.orm.jpa.AbstractEntityManagerFactoryBean.afterPropertiesSet(AbstractEntityManagerFactoryBean.java:396) ~[spring-orm-5.3.24.jar:5.3.24]
	at org.springframework.orm.jpa.LocalContainerEntityManagerFactoryBean.afterPropertiesSet(LocalContainerEntityManagerFactoryBean.java:341) ~[spring-orm-5.3.24.jar:5.3.24]
	at org.springframework.beans.factory.support.AbstractAutowireCapableBeanFactory.invokeInitMethods(AbstractAutowireCapableBeanFactory.java:1863) ~[spring-beans-5.3.24.jar:5.3.24]
	at org.springframework.beans.factory.support.AbstractAutowireCapableBeanFactory.initializeBean(AbstractAutowireCapableBeanFactory.java:1800) ~[spring-beans-5.3.24.jar:5.3.24]
	... 102 common frames omitted

2023-04-02 22:07:16.260 ERROR 13239 --- [    Test worker] o.s.test.context.TestContextManager      : Caught exception while allowing TestExecutionListener [org.springframework.test.context.web.ServletTestExecutionListener@54227100] to prepare test instance [com.raderleao.admin.catalogo.e2e.category.CategoryE2ETest@412b90cc]

java.lang.IllegalStateException: Failed to load ApplicationContext
	at org.springframework.test.context.cache.DefaultCacheAwareContextLoaderDelegate.loadContext(DefaultCacheAwareContextLoaderDelegate.java:98) ~[spring-test-5.3.24.jar:5.3.24]
	at org.springframework.test.context.support.DefaultTestContext.getApplicationContext(DefaultTestContext.java:124) ~[spring-test-5.3.24.jar:5.3.24]
	at org.springframework.test.context.web.ServletTestExecutionListener.setUpRequestContextIfNecessary(ServletTestExecutionListener.java:190) ~[spring-test-5.3.24.jar:5.3.24]
	at org.springframework.test.context.web.ServletTestExecutionListener.prepareTestInstance(ServletTestExecutionListener.java:132) ~[spring-test-5.3.24.jar:5.3.24]
	at org.springframework.test.context.TestContextManager.prepareTestInstance(TestContextManager.java:248) ~[spring-test-5.3.24.jar:5.3.24]
	at org.springframework.test.context.junit.jupiter.SpringExtension.postProcessTestInstance(SpringExtension.java:138) ~[spring-test-5.3.24.jar:5.3.24]
	at org.junit.jupiter.engine.descriptor.ClassBasedTestDescriptor.lambda$invokeTestInstancePostProcessors$8(ClassBasedTestDescriptor.java:363) ~[junit-jupiter-engine-5.8.2.jar:5.8.2]
	at org.junit.jupiter.engine.descriptor.ClassBasedTestDescriptor.executeAndMaskThrowable(ClassBasedTestDescriptor.java:368) ~[junit-jupiter-engine-5.8.2.jar:5.8.2]
	at org.junit.jupiter.engine.descriptor.ClassBasedTestDescriptor.lambda$invokeTestInstancePostProcessors$9(ClassBasedTestDescriptor.java:363) ~[junit-jupiter-engine-5.8.2.jar:5.8.2]
	at java.base/java.util.stream.ReferencePipeline$3$1.accept(ReferencePipeline.java:197) ~[na:na]
	at java.base/java.util.stream.ReferencePipeline$2$1.accept(ReferencePipeline.java:179) ~[na:na]
	at java.base/java.util.ArrayList$ArrayListSpliterator.forEachRemaining(ArrayList.java:1625) ~[na:na]
	at java.base/java.util.stream.AbstractPipeline.copyInto(AbstractPipeline.java:509) ~[na:na]
	at java.base/java.util.stream.AbstractPipeline.wrapAndCopyInto(AbstractPipeline.java:499) ~[na:na]
	at java.base/java.util.stream.StreamSpliterators$WrappingSpliterator.forEachRemaining(StreamSpliterators.java:310) ~[na:na]
	at java.base/java.util.stream.Streams$ConcatSpliterator.forEachRemaining(Streams.java:735) ~[na:na]
	at java.base/java.util.stream.Streams$ConcatSpliterator.forEachRemaining(Streams.java:734) ~[na:na]
	at java.base/java.util.stream.ReferencePipeline$Head.forEach(ReferencePipeline.java:762) ~[na:na]
	at org.junit.jupiter.engine.descriptor.ClassBasedTestDescriptor.invokeTestInstancePostProcessors(ClassBasedTestDescriptor.java:362) ~[junit-jupiter-engine-5.8.2.jar:5.8.2]
	at org.junit.jupiter.engine.descriptor.ClassBasedTestDescriptor.lambda$instantiateAndPostProcessTestInstance$6(ClassBasedTestDescriptor.java:283) ~[junit-jupiter-engine-5.8.2.jar:5.8.2]
	at org.junit.platform.engine.support.hierarchical.ThrowableCollector.execute(ThrowableCollector.java:73) ~[junit-platform-engine-1.8.2.jar:1.8.2]
	at org.junit.jupiter.engine.descriptor.ClassBasedTestDescriptor.instantiateAndPostProcessTestInstance(ClassBasedTestDescriptor.java:282) ~[junit-jupiter-engine-5.8.2.jar:5.8.2]
	at org.junit.jupiter.engine.descriptor.ClassBasedTestDescriptor.lambda$testInstancesProvider$4(ClassBasedTestDescriptor.java:272) ~[junit-jupiter-engine-5.8.2.jar:5.8.2]
	at java.base/java.util.Optional.orElseGet(Optional.java:364) ~[na:na]
	at org.junit.jupiter.engine.descriptor.ClassBasedTestDescriptor.lambda$testInstancesProvider$5(ClassBasedTestDescriptor.java:271) ~[junit-jupiter-engine-5.8.2.jar:5.8.2]
	at org.junit.jupiter.engine.execution.TestInstancesProvider.getTestInstances(TestInstancesProvider.java:31) ~[junit-jupiter-engine-5.8.2.jar:5.8.2]
	at org.junit.jupiter.engine.descriptor.TestMethodTestDescriptor.lambda$prepare$0(TestMethodTestDescriptor.java:102) ~[junit-jupiter-engine-5.8.2.jar:5.8.2]
	at org.junit.platform.engine.support.hierarchical.ThrowableCollector.execute(ThrowableCollector.java:73) ~[junit-platform-engine-1.8.2.jar:1.8.2]
	at org.junit.jupiter.engine.descriptor.TestMethodTestDescriptor.prepare(TestMethodTestDescriptor.java:101) ~[junit-jupiter-engine-5.8.2.jar:5.8.2]
	at org.junit.jupiter.engine.descriptor.TestMethodTestDescriptor.prepare(TestMethodTestDescriptor.java:66) ~[junit-jupiter-engine-5.8.2.jar:5.8.2]
	at org.junit.platform.engine.support.hierarchical.NodeTestTask.lambda$prepare$2(NodeTestTask.java:123) ~[junit-platform-engine-1.8.2.jar:1.8.2]
	at org.junit.platform.engine.support.hierarchical.ThrowableCollector.execute(ThrowableCollector.java:73) ~[junit-platform-engine-1.8.2.jar:1.8.2]
	at org.junit.platform.engine.support.hierarchical.NodeTestTask.prepare(NodeTestTask.java:123) ~[junit-platform-engine-1.8.2.jar:1.8.2]
	at org.junit.platform.engine.support.hierarchical.NodeTestTask.execute(NodeTestTask.java:90) ~[junit-platform-engine-1.8.2.jar:1.8.2]
	at java.base/java.util.ArrayList.forEach(ArrayList.java:1511) ~[na:na]
	at org.junit.platform.engine.support.hierarchical.SameThreadHierarchicalTestExecutorService.invokeAll(SameThreadHierarchicalTestExecutorService.java:41) ~[junit-platform-engine-1.8.2.jar:1.8.2]
	at org.junit.platform.engine.support.hierarchical.NodeTestTask.lambda$executeRecursively$6(NodeTestTask.java:155) ~[junit-platform-engine-1.8.2.jar:1.8.2]
	at org.junit.platform.engine.support.hierarchical.ThrowableCollector.execute(ThrowableCollector.java:73) ~[junit-platform-engine-1.8.2.jar:1.8.2]
	at org.junit.platform.engine.support.hierarchical.NodeTestTask.lambda$executeRecursively$8(NodeTestTask.java:141) ~[junit-platform-engine-1.8.2.jar:1.8.2]
	at org.junit.platform.engine.support.hierarchical.Node.around(Node.java:137) ~[junit-platform-engine-1.8.2.jar:1.8.2]
	at org.junit.platform.engine.support.hierarchical.NodeTestTask.lambda$executeRecursively$9(NodeTestTask.java:139) ~[junit-platform-engine-1.8.2.jar:1.8.2]
	at org.junit.platform.engine.support.hierarchical.ThrowableCollector.execute(ThrowableCollector.java:73) ~[junit-platform-engine-1.8.2.jar:1.8.2]
	at org.junit.platform.engine.support.hierarchical.NodeTestTask.executeRecursively(NodeTestTask.java:138) ~[junit-platform-engine-1.8.2.jar:1.8.2]
	at org.junit.platform.engine.support.hierarchical.NodeTestTask.execute(NodeTestTask.java:95) ~[junit-platform-engine-1.8.2.jar:1.8.2]
	at java.base/java.util.ArrayList.forEach(ArrayList.java:1511) ~[na:na]
	at org.junit.platform.engine.support.hierarchical.SameThreadHierarchicalTestExecutorService.invokeAll(SameThreadHierarchicalTestExecutorService.java:41) ~[junit-platform-engine-1.8.2.jar:1.8.2]
	at org.junit.platform.engine.support.hierarchical.NodeTestTask.lambda$executeRecursively$6(NodeTestTask.java:155) ~[junit-platform-engine-1.8.2.jar:1.8.2]
	at org.junit.platform.engine.support.hierarchical.ThrowableCollector.execute(ThrowableCollector.java:73) ~[junit-platform-engine-1.8.2.jar:1.8.2]
	at org.junit.platform.engine.support.hierarchical.NodeTestTask.lambda$executeRecursively$8(NodeTestTask.java:141) ~[junit-platform-engine-1.8.2.jar:1.8.2]
	at org.junit.platform.engine.support.hierarchical.Node.around(Node.java:137) ~[junit-platform-engine-1.8.2.jar:1.8.2]
	at org.junit.platform.engine.support.hierarchical.NodeTestTask.lambda$executeRecursively$9(NodeTestTask.java:139) ~[junit-platform-engine-1.8.2.jar:1.8.2]
	at org.junit.platform.engine.support.hierarchical.ThrowableCollector.execute(ThrowableCollector.java:73) ~[junit-platform-engine-1.8.2.jar:1.8.2]
	at org.junit.platform.engine.support.hierarchical.NodeTestTask.executeRecursively(NodeTestTask.java:138) ~[junit-platform-engine-1.8.2.jar:1.8.2]
	at org.junit.platform.engine.support.hierarchical.NodeTestTask.execute(NodeTestTask.java:95) ~[junit-platform-engine-1.8.2.jar:1.8.2]
	at org.junit.platform.engine.support.hierarchical.SameThreadHierarchicalTestExecutorService.submit(SameThreadHierarchicalTestExecutorService.java:35) ~[junit-platform-engine-1.8.2.jar:1.8.2]
	at org.junit.platform.engine.support.hierarchical.HierarchicalTestExecutor.execute(HierarchicalTestExecutor.java:57) ~[junit-platform-engine-1.8.2.jar:1.8.2]
	at org.junit.platform.engine.support.hierarchical.HierarchicalTestEngine.execute(HierarchicalTestEngine.java:54) ~[junit-platform-engine-1.8.2.jar:1.8.2]
	at org.junit.platform.launcher.core.EngineExecutionOrchestrator.execute(EngineExecutionOrchestrator.java:107) ~[na:na]
	at org.junit.platform.launcher.core.EngineExecutionOrchestrator.execute(EngineExecutionOrchestrator.java:88) ~[na:na]
	at org.junit.platform.launcher.core.EngineExecutionOrchestrator.lambda$execute$0(EngineExecutionOrchestrator.java:54) ~[na:na]
	at org.junit.platform.launcher.core.EngineExecutionOrchestrator.withInterceptedStreams(EngineExecutionOrchestrator.java:67) ~[na:na]
	at org.junit.platform.launcher.core.EngineExecutionOrchestrator.execute(EngineExecutionOrchestrator.java:52) ~[na:na]
	at org.junit.platform.launcher.core.DefaultLauncher.execute(DefaultLauncher.java:114) ~[na:na]
	at org.junit.platform.launcher.core.DefaultLauncher.execute(DefaultLauncher.java:86) ~[na:na]
	at org.junit.platform.launcher.core.DefaultLauncherSession$DelegatingLauncher.execute(DefaultLauncherSession.java:86) ~[na:na]
	at org.junit.platform.launcher.core.SessionPerRequestLauncher.execute(SessionPerRequestLauncher.java:53) ~[na:na]
	at org.gradle.api.internal.tasks.testing.junitplatform.JUnitPlatformTestClassProcessor$CollectAllTestClassesExecutor.processAllTestClasses(JUnitPlatformTestClassProcessor.java:99) ~[na:na]
	at org.gradle.api.internal.tasks.testing.junitplatform.JUnitPlatformTestClassProcessor$CollectAllTestClassesExecutor.access$000(JUnitPlatformTestClassProcessor.java:79) ~[na:na]
	at org.gradle.api.internal.tasks.testing.junitplatform.JUnitPlatformTestClassProcessor.stop(JUnitPlatformTestClassProcessor.java:75) ~[na:na]
	at org.gradle.api.internal.tasks.testing.SuiteTestClassProcessor.stop(SuiteTestClassProcessor.java:62) ~[na:na]
	at java.base/jdk.internal.reflect.NativeMethodAccessorImpl.invoke0(Native Method) ~[na:na]
	at java.base/jdk.internal.reflect.NativeMethodAccessorImpl.invoke(NativeMethodAccessorImpl.java:77) ~[na:na]
	at java.base/jdk.internal.reflect.DelegatingMethodAccessorImpl.invoke(DelegatingMethodAccessorImpl.java:43) ~[na:na]
	at java.base/java.lang.reflect.Method.invoke(Method.java:568) ~[na:na]
	at org.gradle.internal.dispatch.ReflectionDispatch.dispatch(ReflectionDispatch.java:36) ~[na:na]
	at org.gradle.internal.dispatch.ReflectionDispatch.dispatch(ReflectionDispatch.java:24) ~[na:na]
	at org.gradle.internal.dispatch.ContextClassLoaderDispatch.dispatch(ContextClassLoaderDispatch.java:33) ~[na:na]
	at org.gradle.internal.dispatch.ProxyDispatchAdapter$DispatchingInvocationHandler.invoke(ProxyDispatchAdapter.java:94) ~[na:na]
	at jdk.proxy1/jdk.proxy1.$Proxy2.stop(Unknown Source) ~[na:na]
	at org.gradle.api.internal.tasks.testing.worker.TestWorker$3.run(TestWorker.java:193) ~[na:na]
	at org.gradle.api.internal.tasks.testing.worker.TestWorker.executeAndMaintainThreadName(TestWorker.java:129) ~[na:na]
	at org.gradle.api.internal.tasks.testing.worker.TestWorker.execute(TestWorker.java:100) ~[na:na]
	at org.gradle.api.internal.tasks.testing.worker.TestWorker.execute(TestWorker.java:60) ~[na:na]
	at org.gradle.process.internal.worker.child.ActionExecutionWorker.execute(ActionExecutionWorker.java:56) ~[na:na]
	at org.gradle.process.internal.worker.child.SystemApplicationClassLoaderWorker.call(SystemApplicationClassLoaderWorker.java:113) ~[na:na]
	at org.gradle.process.internal.worker.child.SystemApplicationClassLoaderWorker.call(SystemApplicationClassLoaderWorker.java:65) ~[na:na]
	at worker.org.gradle.process.internal.worker.GradleWorkerMain.run(GradleWorkerMain.java:69) ~[gradle-worker.jar:na]
	at worker.org.gradle.process.internal.worker.GradleWorkerMain.main(GradleWorkerMain.java:74) ~[gradle-worker.jar:na]
Caused by: org.springframework.beans.factory.BeanCreationException: Error creating bean with name 'entityManagerFactory' defined in class path resource [org/springframework/boot/autoconfigure/orm/jpa/HibernateJpaConfiguration.class]: Invocation of init method failed; nested exception is org.hibernate.AnnotationException: No identifier specified for entity: com.raderleao.admin.catalogo.infrastructure.genre.persistence.GenreJpaEntity
	at org.springframework.beans.factory.support.AbstractAutowireCapableBeanFactory.initializeBean(AbstractAutowireCapableBeanFactory.java:1804) ~[spring-beans-5.3.24.jar:5.3.24]
	at org.springframework.beans.factory.support.AbstractAutowireCapableBeanFactory.doCreateBean(AbstractAutowireCapableBeanFactory.java:620) ~[spring-beans-5.3.24.jar:5.3.24]
	at org.springframework.beans.factory.support.AbstractAutowireCapableBeanFactory.createBean(AbstractAutowireCapableBeanFactory.java:542) ~[spring-beans-5.3.24.jar:5.3.24]
	at org.springframework.beans.factory.support.AbstractBeanFactory.lambda$doGetBean$0(AbstractBeanFactory.java:335) ~[spring-beans-5.3.24.jar:5.3.24]
	at org.springframework.beans.factory.support.DefaultSingletonBeanRegistry.getSingleton(DefaultSingletonBeanRegistry.java:234) ~[spring-beans-5.3.24.jar:5.3.24]
	at org.springframework.beans.factory.support.AbstractBeanFactory.doGetBean(AbstractBeanFactory.java:333) ~[spring-beans-5.3.24.jar:5.3.24]
	at org.springframework.beans.factory.support.AbstractBeanFactory.getBean(AbstractBeanFactory.java:208) ~[spring-beans-5.3.24.jar:5.3.24]
	at org.springframework.context.support.AbstractApplicationContext.getBean(AbstractApplicationContext.java:1154) ~[spring-context-5.3.24.jar:5.3.24]
	at org.springframework.context.support.AbstractApplicationContext.finishBeanFactoryInitialization(AbstractApplicationContext.java:908) ~[spring-context-5.3.24.jar:5.3.24]
	at org.springframework.context.support.AbstractApplicationContext.refresh(AbstractApplicationContext.java:583) ~[spring-context-5.3.24.jar:5.3.24]
	at org.springframework.boot.SpringApplication.refresh(SpringApplication.java:731) ~[spring-boot-2.7.7.jar:2.7.7]
	at org.springframework.boot.SpringApplication.refreshContext(SpringApplication.java:408) ~[spring-boot-2.7.7.jar:2.7.7]
	at org.springframework.boot.SpringApplication.run(SpringApplication.java:307) ~[spring-boot-2.7.7.jar:2.7.7]
	at org.springframework.boot.test.context.SpringBootContextLoader.loadContext(SpringBootContextLoader.java:136) ~[spring-boot-test-2.7.7.jar:2.7.7]
	at org.springframework.test.context.cache.DefaultCacheAwareContextLoaderDelegate.loadContextInternal(DefaultCacheAwareContextLoaderDelegate.java:141) ~[spring-test-5.3.24.jar:5.3.24]
	at org.springframework.test.context.cache.DefaultCacheAwareContextLoaderDelegate.loadContext(DefaultCacheAwareContextLoaderDelegate.java:90) ~[spring-test-5.3.24.jar:5.3.24]
	... 87 common frames omitted
Caused by: org.hibernate.AnnotationException: No identifier specified for entity: com.raderleao.admin.catalogo.infrastructure.genre.persistence.GenreJpaEntity
	at org.hibernate.cfg.InheritanceState.determineDefaultAccessType(InheritanceState.java:266) ~[hibernate-core-5.6.14.Final.jar:5.6.14.Final]
	at org.hibernate.cfg.InheritanceState.getElementsToProcess(InheritanceState.java:211) ~[hibernate-core-5.6.14.Final.jar:5.6.14.Final]
	at org.hibernate.cfg.InheritanceState.hasIdClassOrEmbeddedId(InheritanceState.java:185) ~[hibernate-core-5.6.14.Final.jar:5.6.14.Final]
	at org.hibernate.cfg.AnnotationBinder.processElementAnnotations(AnnotationBinder.java:2253) ~[hibernate-core-5.6.14.Final.jar:5.6.14.Final]
	at org.hibernate.cfg.AnnotationBinder.fillComponent(AnnotationBinder.java:2816) ~[hibernate-core-5.6.14.Final.jar:5.6.14.Final]
	at org.hibernate.cfg.AnnotationBinder.fillComponent(AnnotationBinder.java:2698) ~[hibernate-core-5.6.14.Final.jar:5.6.14.Final]
	at org.hibernate.cfg.AnnotationBinder.bindComponent(AnnotationBinder.java:2646) ~[hibernate-core-5.6.14.Final.jar:5.6.14.Final]
	at org.hibernate.cfg.AnnotationBinder.processElementAnnotations(AnnotationBinder.java:2275) ~[hibernate-core-5.6.14.Final.jar:5.6.14.Final]
	at org.hibernate.cfg.AnnotationBinder.processIdPropertiesIfNotAlready(AnnotationBinder.java:968) ~[hibernate-core-5.6.14.Final.jar:5.6.14.Final]
	at org.hibernate.cfg.AnnotationBinder.bindClass(AnnotationBinder.java:793) ~[hibernate-core-5.6.14.Final.jar:5.6.14.Final]
	at org.hibernate.boot.model.source.internal.annotations.AnnotationMetadataSourceProcessorImpl.processEntityHierarchies(AnnotationMetadataSourceProcessorImpl.java:225) ~[hibernate-core-5.6.14.Final.jar:5.6.14.Final]
	at org.hibernate.boot.model.process.spi.MetadataBuildingProcess$1.processEntityHierarchies(MetadataBuildingProcess.java:239) ~[hibernate-core-5.6.14.Final.jar:5.6.14.Final]
	at org.hibernate.boot.model.process.spi.MetadataBuildingProcess.complete(MetadataBuildingProcess.java:282) ~[hibernate-core-5.6.14.Final.jar:5.6.14.Final]
	at org.hibernate.jpa.boot.internal.EntityManagerFactoryBuilderImpl.metadata(EntityManagerFactoryBuilderImpl.java:1460) ~[hibernate-core-5.6.14.Final.jar:5.6.14.Final]
	at org.hibernate.jpa.boot.internal.EntityManagerFactoryBuilderImpl.build(EntityManagerFactoryBuilderImpl.java:1494) ~[hibernate-core-5.6.14.Final.jar:5.6.14.Final]
	at org.springframework.orm.jpa.vendor.SpringHibernateJpaPersistenceProvider.createContainerEntityManagerFactory(SpringHibernateJpaPersistenceProvider.java:58) ~[spring-orm-5.3.24.jar:5.3.24]
	at org.springframework.orm.jpa.LocalContainerEntityManagerFactoryBean.createNativeEntityManagerFactory(LocalContainerEntityManagerFactoryBean.java:365) ~[spring-orm-5.3.24.jar:5.3.24]
	at org.springframework.orm.jpa.AbstractEntityManagerFactoryBean.buildNativeEntityManagerFactory(AbstractEntityManagerFactoryBean.java:409) ~[spring-orm-5.3.24.jar:5.3.24]
	at org.springframework.orm.jpa.AbstractEntityManagerFactoryBean.afterPropertiesSet(AbstractEntityManagerFactoryBean.java:396) ~[spring-orm-5.3.24.jar:5.3.24]
	at org.springframework.orm.jpa.LocalContainerEntityManagerFactoryBean.afterPropertiesSet(LocalContainerEntityManagerFactoryBean.java:341) ~[spring-orm-5.3.24.jar:5.3.24]
	at org.springframework.beans.factory.support.AbstractAutowireCapableBeanFactory.invokeInitMethods(AbstractAutowireCapableBeanFactory.java:1863) ~[spring-beans-5.3.24.jar:5.3.24]
	at org.springframework.beans.factory.support.AbstractAutowireCapableBeanFactory.initializeBean(AbstractAutowireCapableBeanFactory.java:1800) ~[spring-beans-5.3.24.jar:5.3.24]
	... 102 common frames omitted

]]></system-out>
  <system-err><![CDATA[]]></system-err>
</testsuite>
