<?xml version="1.0" encoding="UTF-8"?>
<testsuite name="com.raderleao.admin.catalogo.infrastructure.category.models.CategoryResponseTest" tests="2" skipped="0" failures="0" errors="0" timestamp="2023-03-21T05:28:44" hostname="RaderLeao-MacBook-Air.local" time="0.023">
  <properties/>
  <testcase name="testMarshall()" classname="com.raderleao.admin.catalogo.infrastructure.category.models.CategoryResponseTest" time="0.005"/>
  <testcase name="testUnmarshall()" classname="com.raderleao.admin.catalogo.infrastructure.category.models.CategoryResponseTest" time="0.016"/>
  <system-out><![CDATA[2023-03-21 02:28:44.835  INFO 62812 --- [    Test worker] o.s.b.t.a.j.JsonTestContextBootstrapper  : Neither @ContextConfiguration nor @ContextHierarchy found for test class [com.raderleao.admin.catalogo.infrastructure.category.models.CategoryResponseTest], using SpringBootContextLoader
2023-03-21 02:28:44.836  INFO 62812 --- [    Test worker] o.s.t.c.support.AbstractContextLoader    : Could not detect default resource locations for test class [com.raderleao.admin.catalogo.infrastructure.category.models.CategoryResponseTest]: no resource found for suffixes {-context.xml, Context.groovy}.
2023-03-21 02:28:44.836  INFO 62812 --- [    Test worker] t.c.s.AnnotationConfigContextLoaderUtils : Could not detect default configuration classes for test class [com.raderleao.admin.catalogo.infrastructure.category.models.CategoryResponseTest]: CategoryResponseTest does not declare any static, non-private, non-final, nested classes annotated with @Configuration.
2023-03-21 02:28:44.838  INFO 62812 --- [    Test worker] .b.t.c.SpringBootTestContextBootstrapper : Found @SpringBootConfiguration com.raderleao.admin.catalogo.infrastructure.Main for test class com.raderleao.admin.catalogo.infrastructure.category.models.CategoryResponseTest
2023-03-21 02:28:44.839  INFO 62812 --- [    Test worker] o.s.b.t.a.j.JsonTestContextBootstrapper  : Loaded default TestExecutionListener class names from location [META-INF/spring.factories]: [org.springframework.boot.test.autoconfigure.restdocs.RestDocsTestExecutionListener, org.springframework.boot.test.autoconfigure.web.client.MockRestServiceServerResetTestExecutionListener, org.springframework.boot.test.autoconfigure.web.servlet.MockMvcPrintOnlyOnFailureTestExecutionListener, org.springframework.boot.test.autoconfigure.web.servlet.WebDriverTestExecutionListener, org.springframework.boot.test.autoconfigure.webservices.client.MockWebServiceServerTestExecutionListener, org.springframework.boot.test.mock.mockito.MockitoTestExecutionListener, org.springframework.boot.test.mock.mockito.ResetMocksTestExecutionListener, org.springframework.test.context.web.ServletTestExecutionListener, org.springframework.test.context.support.DirtiesContextBeforeModesTestExecutionListener, org.springframework.test.context.event.ApplicationEventsTestExecutionListener, org.springframework.test.context.support.DependencyInjectionTestExecutionListener, org.springframework.test.context.support.DirtiesContextTestExecutionListener, org.springframework.test.context.transaction.TransactionalTestExecutionListener, org.springframework.test.context.jdbc.SqlScriptsTestExecutionListener, org.springframework.test.context.event.EventPublishingTestExecutionListener]
2023-03-21 02:28:44.839  INFO 62812 --- [    Test worker] o.s.b.t.a.j.JsonTestContextBootstrapper  : Using TestExecutionListeners: [org.springframework.test.context.web.ServletTestExecutionListener@2763500e, org.springframework.test.context.support.DirtiesContextBeforeModesTestExecutionListener@2416378c, org.springframework.test.context.event.ApplicationEventsTestExecutionListener@3c7b040f, org.springframework.boot.test.mock.mockito.MockitoTestExecutionListener@7f2163d3, org.springframework.boot.test.autoconfigure.SpringBootDependencyInjectionTestExecutionListener@427faf19, org.springframework.test.context.support.DirtiesContextTestExecutionListener@57404a8d, org.springframework.test.context.transaction.TransactionalTestExecutionListener@337f6716, org.springframework.test.context.jdbc.SqlScriptsTestExecutionListener@4734a551, org.springframework.test.context.event.EventPublishingTestExecutionListener@780ccdc9, org.springframework.boot.test.autoconfigure.restdocs.RestDocsTestExecutionListener@2d4df467, org.springframework.boot.test.autoconfigure.web.client.MockRestServiceServerResetTestExecutionListener@65c2610f, org.springframework.boot.test.autoconfigure.web.servlet.MockMvcPrintOnlyOnFailureTestExecutionListener@73e4ecb, org.springframework.boot.test.autoconfigure.web.servlet.WebDriverTestExecutionListener@1942a960, org.springframework.boot.test.autoconfigure.webservices.client.MockWebServiceServerTestExecutionListener@5bee88e3, org.springframework.boot.test.mock.mockito.ResetMocksTestExecutionListener@2dd25088]
]]></system-out>
  <system-err><![CDATA[]]></system-err>
</testsuite>
