<?xml version="1.0" encoding="UTF-8"?>
<testsuite name="com.raderleao.admin.catalogo.infrastructure.category.models.UpdateCategoryRequestTest" tests="1" skipped="0" failures="0" errors="0" timestamp="2023-03-21T05:28:44" hostname="RaderLeao-MacBook-Air.local" time="0.005">
  <properties/>
  <testcase name="testUnmarshall()" classname="com.raderleao.admin.catalogo.infrastructure.category.models.UpdateCategoryRequestTest" time="0.005"/>
  <system-out><![CDATA[2023-03-21 02:28:44.886  INFO 62812 --- [    Test worker] o.s.b.t.a.j.JsonTestContextBootstrapper  : Neither @ContextConfiguration nor @ContextHierarchy found for test class [com.raderleao.admin.catalogo.infrastructure.category.models.UpdateCategoryRequestTest], using SpringBootContextLoader
2023-03-21 02:28:44.886  INFO 62812 --- [    Test worker] o.s.t.c.support.AbstractContextLoader    : Could not detect default resource locations for test class [com.raderleao.admin.catalogo.infrastructure.category.models.UpdateCategoryRequestTest]: no resource found for suffixes {-context.xml, Context.groovy}.
2023-03-21 02:28:44.886  INFO 62812 --- [    Test worker] t.c.s.AnnotationConfigContextLoaderUtils : Could not detect default configuration classes for test class [com.raderleao.admin.catalogo.infrastructure.category.models.UpdateCategoryRequestTest]: UpdateCategoryRequestTest does not declare any static, non-private, non-final, nested classes annotated with @Configuration.
2023-03-21 02:28:44.889  INFO 62812 --- [    Test worker] .b.t.c.SpringBootTestContextBootstrapper : Found @SpringBootConfiguration com.raderleao.admin.catalogo.infrastructure.Main for test class com.raderleao.admin.catalogo.infrastructure.category.models.UpdateCategoryRequestTest
2023-03-21 02:28:44.889  INFO 62812 --- [    Test worker] o.s.b.t.a.j.JsonTestContextBootstrapper  : Loaded default TestExecutionListener class names from location [META-INF/spring.factories]: [org.springframework.boot.test.autoconfigure.restdocs.RestDocsTestExecutionListener, org.springframework.boot.test.autoconfigure.web.client.MockRestServiceServerResetTestExecutionListener, org.springframework.boot.test.autoconfigure.web.servlet.MockMvcPrintOnlyOnFailureTestExecutionListener, org.springframework.boot.test.autoconfigure.web.servlet.WebDriverTestExecutionListener, org.springframework.boot.test.autoconfigure.webservices.client.MockWebServiceServerTestExecutionListener, org.springframework.boot.test.mock.mockito.MockitoTestExecutionListener, org.springframework.boot.test.mock.mockito.ResetMocksTestExecutionListener, org.springframework.test.context.web.ServletTestExecutionListener, org.springframework.test.context.support.DirtiesContextBeforeModesTestExecutionListener, org.springframework.test.context.event.ApplicationEventsTestExecutionListener, org.springframework.test.context.support.DependencyInjectionTestExecutionListener, org.springframework.test.context.support.DirtiesContextTestExecutionListener, org.springframework.test.context.transaction.TransactionalTestExecutionListener, org.springframework.test.context.jdbc.SqlScriptsTestExecutionListener, org.springframework.test.context.event.EventPublishingTestExecutionListener]
2023-03-21 02:28:44.889  INFO 62812 --- [    Test worker] o.s.b.t.a.j.JsonTestContextBootstrapper  : Using TestExecutionListeners: [org.springframework.test.context.web.ServletTestExecutionListener@70edffdb, org.springframework.test.context.support.DirtiesContextBeforeModesTestExecutionListener@3d8c499a, org.springframework.test.context.event.ApplicationEventsTestExecutionListener@2b7e739, org.springframework.boot.test.mock.mockito.MockitoTestExecutionListener@60e2b6e3, org.springframework.boot.test.autoconfigure.SpringBootDependencyInjectionTestExecutionListener@7f6e9e03, org.springframework.test.context.support.DirtiesContextTestExecutionListener@20f1c8ed, org.springframework.test.context.transaction.TransactionalTestExecutionListener@1dc26de5, org.springframework.test.context.jdbc.SqlScriptsTestExecutionListener@68628510, org.springframework.test.context.event.EventPublishingTestExecutionListener@63f79099, org.springframework.boot.test.autoconfigure.restdocs.RestDocsTestExecutionListener@4def8aaa, org.springframework.boot.test.autoconfigure.web.client.MockRestServiceServerResetTestExecutionListener@43cc7bb7, org.springframework.boot.test.autoconfigure.web.servlet.MockMvcPrintOnlyOnFailureTestExecutionListener@3ffa3cdb, org.springframework.boot.test.autoconfigure.web.servlet.WebDriverTestExecutionListener@605610e5, org.springframework.boot.test.autoconfigure.webservices.client.MockWebServiceServerTestExecutionListener@515d6c9f, org.springframework.boot.test.mock.mockito.ResetMocksTestExecutionListener@716cb4c0]
]]></system-out>
  <system-err><![CDATA[]]></system-err>
</testsuite>
