<?xml version="1.0" encoding="UTF-8"?>
<testsuite name="com.raderleao.admin.catalogo.application.category.create.CreateCategoryUseCaseIT" tests="4" skipped="0" failures="0" errors="0" timestamp="2023-03-18T02:40:43" hostname="RaderLeao-MacBook-Air.local" time="0.102">
  <properties/>
  <testcase name="givenAValidCommand_whenCallsCreateCategory_shouldReturnCategoryId()" classname="com.raderleao.admin.catalogo.application.category.create.CreateCategoryUseCaseIT" time="0.07"/>
  <testcase name="givenAValidCommand_whenGatewayThrowsRandomException_shouldReturnException()" classname="com.raderleao.admin.catalogo.application.category.create.CreateCategoryUseCaseIT" time="0.012"/>
  <testcase name="givenAInvalidName_whenCallsCreateCategory_thenShouldReturnDomainException()" classname="com.raderleao.admin.catalogo.application.category.create.CreateCategoryUseCaseIT" time="0.008"/>
  <testcase name="givenAValidCommandWithInactiveCategory_whenCallsCreateCategory_shouldReturnInactiveCategoryId()" classname="com.raderleao.admin.catalogo.application.category.create.CreateCategoryUseCaseIT" time="0.007"/>
  <system-out><![CDATA[2023-03-17 23:40:43.221  INFO 69287 --- [    Test worker] .b.t.c.SpringBootTestContextBootstrapper : Neither @ContextConfiguration nor @ContextHierarchy found for test class [com.raderleao.admin.catalogo.application.category.create.CreateCategoryUseCaseIT], using SpringBootContextLoader
2023-03-17 23:40:43.222  INFO 69287 --- [    Test worker] o.s.t.c.support.AbstractContextLoader    : Could not detect default resource locations for test class [com.raderleao.admin.catalogo.application.category.create.CreateCategoryUseCaseIT]: no resource found for suffixes {-context.xml, Context.groovy}.
2023-03-17 23:40:43.225  INFO 69287 --- [    Test worker] .b.t.c.SpringBootTestContextBootstrapper : Loaded default TestExecutionListener class names from location [META-INF/spring.factories]: [org.springframework.boot.test.autoconfigure.restdocs.RestDocsTestExecutionListener, org.springframework.boot.test.autoconfigure.web.client.MockRestServiceServerResetTestExecutionListener, org.springframework.boot.test.autoconfigure.web.servlet.MockMvcPrintOnlyOnFailureTestExecutionListener, org.springframework.boot.test.autoconfigure.web.servlet.WebDriverTestExecutionListener, org.springframework.boot.test.autoconfigure.webservices.client.MockWebServiceServerTestExecutionListener, org.springframework.boot.test.mock.mockito.MockitoTestExecutionListener, org.springframework.boot.test.mock.mockito.ResetMocksTestExecutionListener, org.springframework.test.context.web.ServletTestExecutionListener, org.springframework.test.context.support.DirtiesContextBeforeModesTestExecutionListener, org.springframework.test.context.event.ApplicationEventsTestExecutionListener, org.springframework.test.context.support.DependencyInjectionTestExecutionListener, org.springframework.test.context.support.DirtiesContextTestExecutionListener, org.springframework.test.context.transaction.TransactionalTestExecutionListener, org.springframework.test.context.jdbc.SqlScriptsTestExecutionListener, org.springframework.test.context.event.EventPublishingTestExecutionListener]
2023-03-17 23:40:43.226  INFO 69287 --- [    Test worker] .b.t.c.SpringBootTestContextBootstrapper : Using TestExecutionListeners: [org.springframework.test.context.web.ServletTestExecutionListener@2a9f7572, org.springframework.test.context.support.DirtiesContextBeforeModesTestExecutionListener@644c3590, org.springframework.test.context.event.ApplicationEventsTestExecutionListener@2e60d4f4, org.springframework.boot.test.mock.mockito.MockitoTestExecutionListener@14091e24, org.springframework.boot.test.autoconfigure.SpringBootDependencyInjectionTestExecutionListener@45ecdd32, org.springframework.test.context.support.DirtiesContextTestExecutionListener@408980aa, org.springframework.test.context.transaction.TransactionalTestExecutionListener@68e62b3b, org.springframework.test.context.jdbc.SqlScriptsTestExecutionListener@34c2e03d, org.springframework.test.context.event.EventPublishingTestExecutionListener@17e4beda, org.springframework.boot.test.autoconfigure.restdocs.RestDocsTestExecutionListener@1be4f05c, org.springframework.boot.test.autoconfigure.web.client.MockRestServiceServerResetTestExecutionListener@4202bfe8, org.springframework.boot.test.autoconfigure.web.servlet.MockMvcPrintOnlyOnFailureTestExecutionListener@61627c9d, org.springframework.boot.test.autoconfigure.web.servlet.WebDriverTestExecutionListener@53c21c05, org.springframework.boot.test.autoconfigure.webservices.client.MockWebServiceServerTestExecutionListener@6f986031, org.springframework.boot.test.mock.mockito.ResetMocksTestExecutionListener@38326fd5]

  .   ____          _            __ _ _
 /\\ / ___'_ __ _ _(_)_ __  __ _ \ \ \ \
( ( )\___ | '_ | '_| | '_ \/ _` | \ \ \ \
 \\/  ___)| |_)| | | | | || (_| |  ) ) ) )
  '  |____| .__|_| |_|_| |_\__, | / / / /
 =========|_|==============|___/=/_/_/_/
 :: Spring Boot ::                (v2.7.7)

2023-03-17 23:40:43.248  INFO 69287 --- [    Test worker] c.r.a.c.a.c.c.CreateCategoryUseCaseIT    : Starting CreateCategoryUseCaseIT using Java 17.0.2 on RaderLeao-MacBook-Air.local with PID 69287 (started by raderleao in /Users/raderleao/src/dev/Workspace/admin-do-catalogo/infrastructure)
2023-03-17 23:40:43.248  INFO 69287 --- [    Test worker] c.r.a.c.a.c.c.CreateCategoryUseCaseIT    : The following 1 profile is active: "test"
2023-03-17 23:40:43.327  INFO 69287 --- [    Test worker] .s.d.r.c.RepositoryConfigurationDelegate : Bootstrapping Spring Data JPA repositories in DEFAULT mode.
2023-03-17 23:40:43.332  INFO 69287 --- [    Test worker] .s.d.r.c.RepositoryConfigurationDelegate : Finished Spring Data repository scanning in 4 ms. Found 1 JPA repository interfaces.
2023-03-17 23:40:43.408  INFO 69287 --- [    Test worker] o.f.c.internal.license.VersionPrinter    : Flyway Community Edition 8.5.13 by Redgate
2023-03-17 23:40:43.408  INFO 69287 --- [    Test worker] o.f.c.internal.license.VersionPrinter    : See what's new here: https://flywaydb.org/documentation/learnmore/releaseNotes#8.5.13
2023-03-17 23:40:43.408  INFO 69287 --- [    Test worker] o.f.c.internal.license.VersionPrinter    : 
2023-03-17 23:40:43.409  WARN 69287 --- [    Test worker] com.zaxxer.hikari.HikariConfig           : master - idleTimeout is close to or more than maxLifetime, disabling it.
2023-03-17 23:40:43.409  INFO 69287 --- [    Test worker] com.zaxxer.hikari.HikariDataSource       : master - Starting...
2023-03-17 23:40:43.410  INFO 69287 --- [    Test worker] com.zaxxer.hikari.HikariDataSource       : master - Start completed.
2023-03-17 23:40:43.410  INFO 69287 --- [    Test worker] o.f.c.i.database.base.BaseDatabaseType   : Database: jdbc:h2:mem:/adm_videos_test (H2 2.1)
2023-03-17 23:40:43.412  WARN 69287 --- [    Test worker] o.f.c.internal.database.base.Database    : Flyway upgrade recommended: H2 2.1.214 is newer than this version of Flyway and support has not been tested. The latest supported version of H2 is 2.1.210.
2023-03-17 23:40:43.414  INFO 69287 --- [    Test worker] o.f.core.internal.command.DbValidate     : Successfully validated 1 migration (execution time 00:00.001s)
2023-03-17 23:40:43.416  INFO 69287 --- [    Test worker] o.f.core.internal.command.DbMigrate      : Current version of schema "PUBLIC": 1
2023-03-17 23:40:43.417  INFO 69287 --- [    Test worker] o.f.core.internal.command.DbMigrate      : Schema "PUBLIC" is up to date. No migration necessary.
2023-03-17 23:40:43.437  INFO 69287 --- [    Test worker] o.hibernate.jpa.internal.util.LogHelper  : HHH000204: Processing PersistenceUnitInfo [name: default]
2023-03-17 23:40:43.441  INFO 69287 --- [    Test worker] org.hibernate.dialect.Dialect            : HHH000400: Using dialect: org.hibernate.dialect.MySQL5InnoDBDialect
2023-03-17 23:40:43.461  INFO 69287 --- [    Test worker] o.h.e.t.j.p.i.JtaPlatformInitiator       : HHH000490: Using JtaPlatform implementation: [org.hibernate.engine.transaction.jta.platform.internal.NoJtaPlatform]
2023-03-17 23:40:43.461  INFO 69287 --- [    Test worker] j.LocalContainerEntityManagerFactoryBean : Initialized JPA EntityManagerFactory for persistence unit 'default'
2023-03-17 23:40:43.605  INFO 69287 --- [    Test worker] o.s.b.a.h2.H2ConsoleAutoConfiguration    : H2 console available at '/h2'. Database available at 'jdbc:h2:mem:/adm_videos_test'
2023-03-17 23:40:43.634  WARN 69287 --- [    Test worker] .s.s.UserDetailsServiceAutoConfiguration : 

Using generated security password: 4486df3f-23a3-4ecf-ae49-0138d363f340

This generated password is for development use only. Your security configuration must be updated before running your application in production.

2023-03-17 23:40:43.681  INFO 69287 --- [    Test worker] o.s.s.web.DefaultSecurityFilterChain     : Will secure any request with [org.springframework.security.web.session.DisableEncodeUrlFilter@30bd6bc8, org.springframework.security.web.context.request.async.WebAsyncManagerIntegrationFilter@7c4697fc, org.springframework.security.web.context.SecurityContextPersistenceFilter@1b1d93e9, org.springframework.security.web.header.HeaderWriterFilter@299c86f0, org.springframework.security.web.csrf.CsrfFilter@3bede349, org.springframework.security.web.authentication.logout.LogoutFilter@4ee80a94, org.springframework.security.web.authentication.UsernamePasswordAuthenticationFilter@5ce1ec7, org.springframework.security.web.authentication.ui.DefaultLoginPageGeneratingFilter@75ff2b6d, org.springframework.security.web.authentication.ui.DefaultLogoutPageGeneratingFilter@90b9695, org.springframework.security.web.authentication.www.BasicAuthenticationFilter@627cb3ed, org.springframework.security.web.savedrequest.RequestCacheAwareFilter@129b0ed, org.springframework.security.web.servletapi.SecurityContextHolderAwareRequestFilter@4ccf1d3e, org.springframework.security.web.authentication.AnonymousAuthenticationFilter@e6fbf82, org.springframework.security.web.session.SessionManagementFilter@4fbed6fc, org.springframework.security.web.access.ExceptionTranslationFilter@501956f9, org.springframework.security.web.access.intercept.FilterSecurityInterceptor@29dcad7e]
2023-03-17 23:40:43.717  INFO 69287 --- [    Test worker] c.r.a.c.a.c.c.CreateCategoryUseCaseIT    : Started CreateCategoryUseCaseIT in 0.489 seconds (JVM running for 4.032)
Hibernate: select categoryjp0_.id as id1_0_, categoryjp0_.active as active2_0_, categoryjp0_.created_at as created_3_0_, categoryjp0_.deleted_at as deleted_4_0_, categoryjp0_.description as descript5_0_, categoryjp0_.name as name6_0_, categoryjp0_.updated_at as updated_7_0_ from category categoryjp0_
Hibernate: select count(*) as col_0_0_ from category categoryjp0_
Hibernate: select categoryjp0_.id as id1_0_0_, categoryjp0_.active as active2_0_0_, categoryjp0_.created_at as created_3_0_0_, categoryjp0_.deleted_at as deleted_4_0_0_, categoryjp0_.description as descript5_0_0_, categoryjp0_.name as name6_0_0_, categoryjp0_.updated_at as updated_7_0_0_ from category categoryjp0_ where categoryjp0_.id=?
Hibernate: insert into category (active, created_at, deleted_at, description, name, updated_at, id) values (?, ?, ?, ?, ?, ?, ?)
Hibernate: select count(*) as col_0_0_ from category categoryjp0_
Hibernate: select categoryjp0_.id as id1_0_0_, categoryjp0_.active as active2_0_0_, categoryjp0_.created_at as created_3_0_0_, categoryjp0_.deleted_at as deleted_4_0_0_, categoryjp0_.description as descript5_0_0_, categoryjp0_.name as name6_0_0_, categoryjp0_.updated_at as updated_7_0_0_ from category categoryjp0_ where categoryjp0_.id=?
Hibernate: select categoryjp0_.id as id1_0_, categoryjp0_.active as active2_0_, categoryjp0_.created_at as created_3_0_, categoryjp0_.deleted_at as deleted_4_0_, categoryjp0_.description as descript5_0_, categoryjp0_.name as name6_0_, categoryjp0_.updated_at as updated_7_0_ from category categoryjp0_
Hibernate: delete from category where id=?
Hibernate: select categoryjp0_.id as id1_0_, categoryjp0_.active as active2_0_, categoryjp0_.created_at as created_3_0_, categoryjp0_.deleted_at as deleted_4_0_, categoryjp0_.description as descript5_0_, categoryjp0_.name as name6_0_, categoryjp0_.updated_at as updated_7_0_ from category categoryjp0_
Hibernate: select count(*) as col_0_0_ from category categoryjp0_
Hibernate: select count(*) as col_0_0_ from category categoryjp0_
Hibernate: select categoryjp0_.id as id1_0_, categoryjp0_.active as active2_0_, categoryjp0_.created_at as created_3_0_, categoryjp0_.deleted_at as deleted_4_0_, categoryjp0_.description as descript5_0_, categoryjp0_.name as name6_0_, categoryjp0_.updated_at as updated_7_0_ from category categoryjp0_
Hibernate: select count(*) as col_0_0_ from category categoryjp0_
Hibernate: select categoryjp0_.id as id1_0_0_, categoryjp0_.active as active2_0_0_, categoryjp0_.created_at as created_3_0_0_, categoryjp0_.deleted_at as deleted_4_0_0_, categoryjp0_.description as descript5_0_0_, categoryjp0_.name as name6_0_0_, categoryjp0_.updated_at as updated_7_0_0_ from category categoryjp0_ where categoryjp0_.id=?
Hibernate: insert into category (active, created_at, deleted_at, description, name, updated_at, id) values (?, ?, ?, ?, ?, ?, ?)
Hibernate: select count(*) as col_0_0_ from category categoryjp0_
Hibernate: select categoryjp0_.id as id1_0_0_, categoryjp0_.active as active2_0_0_, categoryjp0_.created_at as created_3_0_0_, categoryjp0_.deleted_at as deleted_4_0_0_, categoryjp0_.description as descript5_0_0_, categoryjp0_.name as name6_0_0_, categoryjp0_.updated_at as updated_7_0_0_ from category categoryjp0_ where categoryjp0_.id=?
]]></system-out>
  <system-err><![CDATA[]]></system-err>
</testsuite>
