<?xml version="1.0" encoding="UTF-8"?>
<testsuite name="com.raderleao.admin.catalogo.infrastructure.category.models.CategoryListResponseTest" tests="1" skipped="0" failures="0" errors="0" timestamp="2023-03-21T05:28:44" hostname="RaderLeao-MacBook-Air.local" time="0.051">
  <properties/>
  <testcase name="testMarshall()" classname="com.raderleao.admin.catalogo.infrastructure.category.models.CategoryListResponseTest" time="0.051"/>
  <system-out><![CDATA[2023-03-21 02:28:44.697  INFO 62812 --- [    Test worker] o.s.b.t.a.j.JsonTestContextBootstrapper  : Neither @ContextConfiguration nor @ContextHierarchy found for test class [com.raderleao.admin.catalogo.infrastructure.category.models.CategoryListResponseTest], using SpringBootContextLoader
2023-03-21 02:28:44.698  INFO 62812 --- [    Test worker] o.s.t.c.support.AbstractContextLoader    : Could not detect default resource locations for test class [com.raderleao.admin.catalogo.infrastructure.category.models.CategoryListResponseTest]: no resource found for suffixes {-context.xml, Context.groovy}.
2023-03-21 02:28:44.698  INFO 62812 --- [    Test worker] t.c.s.AnnotationConfigContextLoaderUtils : Could not detect default configuration classes for test class [com.raderleao.admin.catalogo.infrastructure.category.models.CategoryListResponseTest]: CategoryListResponseTest does not declare any static, non-private, non-final, nested classes annotated with @Configuration.
2023-03-21 02:28:44.703  INFO 62812 --- [    Test worker] .b.t.c.SpringBootTestContextBootstrapper : Found @SpringBootConfiguration com.raderleao.admin.catalogo.infrastructure.Main for test class com.raderleao.admin.catalogo.infrastructure.category.models.CategoryListResponseTest
2023-03-21 02:28:44.704  INFO 62812 --- [    Test worker] o.s.b.t.a.j.JsonTestContextBootstrapper  : Loaded default TestExecutionListener class names from location [META-INF/spring.factories]: [org.springframework.boot.test.autoconfigure.restdocs.RestDocsTestExecutionListener, org.springframework.boot.test.autoconfigure.web.client.MockRestServiceServerResetTestExecutionListener, org.springframework.boot.test.autoconfigure.web.servlet.MockMvcPrintOnlyOnFailureTestExecutionListener, org.springframework.boot.test.autoconfigure.web.servlet.WebDriverTestExecutionListener, org.springframework.boot.test.autoconfigure.webservices.client.MockWebServiceServerTestExecutionListener, org.springframework.boot.test.mock.mockito.MockitoTestExecutionListener, org.springframework.boot.test.mock.mockito.ResetMocksTestExecutionListener, org.springframework.test.context.web.ServletTestExecutionListener, org.springframework.test.context.support.DirtiesContextBeforeModesTestExecutionListener, org.springframework.test.context.event.ApplicationEventsTestExecutionListener, org.springframework.test.context.support.DependencyInjectionTestExecutionListener, org.springframework.test.context.support.DirtiesContextTestExecutionListener, org.springframework.test.context.transaction.TransactionalTestExecutionListener, org.springframework.test.context.jdbc.SqlScriptsTestExecutionListener, org.springframework.test.context.event.EventPublishingTestExecutionListener]
2023-03-21 02:28:44.704  INFO 62812 --- [    Test worker] o.s.b.t.a.j.JsonTestContextBootstrapper  : Using TestExecutionListeners: [org.springframework.test.context.web.ServletTestExecutionListener@1ab6a093, org.springframework.test.context.support.DirtiesContextBeforeModesTestExecutionListener@6d95b51d, org.springframework.test.context.event.ApplicationEventsTestExecutionListener@7d2dfe9c, org.springframework.boot.test.mock.mockito.MockitoTestExecutionListener@60b721c9, org.springframework.boot.test.autoconfigure.SpringBootDependencyInjectionTestExecutionListener@4f2ab774, org.springframework.test.context.support.DirtiesContextTestExecutionListener@f57ced1, org.springframework.test.context.transaction.TransactionalTestExecutionListener@1d9c18b9, org.springframework.test.context.jdbc.SqlScriptsTestExecutionListener@447cdbaa, org.springframework.test.context.event.EventPublishingTestExecutionListener@5e774546, org.springframework.boot.test.autoconfigure.restdocs.RestDocsTestExecutionListener@6f67291f, org.springframework.boot.test.autoconfigure.web.client.MockRestServiceServerResetTestExecutionListener@1243ad9a, org.springframework.boot.test.autoconfigure.web.servlet.MockMvcPrintOnlyOnFailureTestExecutionListener@30c085f3, org.springframework.boot.test.autoconfigure.web.servlet.WebDriverTestExecutionListener@5479abd8, org.springframework.boot.test.autoconfigure.webservices.client.MockWebServiceServerTestExecutionListener@2004f99, org.springframework.boot.test.mock.mockito.ResetMocksTestExecutionListener@d200d3e]

  .   ____          _            __ _ _
 /\\ / ___'_ __ _ _(_)_ __  __ _ \ \ \ \
( ( )\___ | '_ | '_| | '_ \/ _` | \ \ \ \
 \\/  ___)| |_)| | | | | || (_| |  ) ) ) )
  '  |____| .__|_| |_|_| |_\__, | / / / /
 =========|_|==============|___/=/_/_/_/
 :: Spring Boot ::                (v2.7.7)

2023-03-21 02:28:44.719  INFO 62812 --- [    Test worker] c.r.a.c.i.c.m.CategoryListResponseTest   : Starting CategoryListResponseTest using Java 17.0.2 on RaderLeao-MacBook-Air.local with PID 62812 (started by raderleao in /Users/raderleao/src/dev/Workspace/admin-do-catalogo/infrastructure)
2023-03-21 02:28:44.720  INFO 62812 --- [    Test worker] c.r.a.c.i.c.m.CategoryListResponseTest   : The following 1 profile is active: "test"
2023-03-21 02:28:44.779  INFO 62812 --- [    Test worker] c.r.a.c.i.c.m.CategoryListResponseTest   : Started CategoryListResponseTest in 0.073 seconds (JVM running for 8.417)
]]></system-out>
  <system-err><![CDATA[]]></system-err>
</testsuite>
