<?xml version="1.0" encoding="UTF-8"?>
<testsuite name="com.raderleao.admin.catalogo.infrastructure.category.persistence.CategoryRepositoryTest" tests="3" skipped="0" failures="0" errors="0" timestamp="2023-03-21T05:28:44" hostname="RaderLeao-MacBook-Air.local" time="0.028">
  <properties/>
  <testcase name="givenAnInvalidNullUpdatedAt_whenCallsSave_shouldReturnError()" classname="com.raderleao.admin.catalogo.infrastructure.category.persistence.CategoryRepositoryTest" time="0.013"/>
  <testcase name="givenAnInvalidNullName_whenCallsSave_shouldReturnError()" classname="com.raderleao.admin.catalogo.infrastructure.category.persistence.CategoryRepositoryTest" time="0.005"/>
  <testcase name="givenAnInvalidNullCreatedAt_whenCallsSave_shouldReturnError()" classname="com.raderleao.admin.catalogo.infrastructure.category.persistence.CategoryRepositoryTest" time="0.008"/>
  <system-out><![CDATA[2023-03-21 02:28:44.898  INFO 62812 --- [    Test worker] b.t.a.o.j.DataJpaTestContextBootstrapper : Neither @ContextConfiguration nor @ContextHierarchy found for test class [com.raderleao.admin.catalogo.infrastructure.category.persistence.CategoryRepositoryTest], using SpringBootContextLoader
2023-03-21 02:28:44.899  INFO 62812 --- [    Test worker] o.s.t.c.support.AbstractContextLoader    : Could not detect default resource locations for test class [com.raderleao.admin.catalogo.infrastructure.category.persistence.CategoryRepositoryTest]: no resource found for suffixes {-context.xml, Context.groovy}.
2023-03-21 02:28:44.899  INFO 62812 --- [    Test worker] t.c.s.AnnotationConfigContextLoaderUtils : Could not detect default configuration classes for test class [com.raderleao.admin.catalogo.infrastructure.category.persistence.CategoryRepositoryTest]: CategoryRepositoryTest does not declare any static, non-private, non-final, nested classes annotated with @Configuration.
2023-03-21 02:28:44.905  INFO 62812 --- [    Test worker] .b.t.c.SpringBootTestContextBootstrapper : Found @SpringBootConfiguration com.raderleao.admin.catalogo.infrastructure.Main for test class com.raderleao.admin.catalogo.infrastructure.category.persistence.CategoryRepositoryTest
2023-03-21 02:28:44.905  INFO 62812 --- [    Test worker] b.t.a.o.j.DataJpaTestContextBootstrapper : Loaded default TestExecutionListener class names from location [META-INF/spring.factories]: [org.springframework.boot.test.autoconfigure.restdocs.RestDocsTestExecutionListener, org.springframework.boot.test.autoconfigure.web.client.MockRestServiceServerResetTestExecutionListener, org.springframework.boot.test.autoconfigure.web.servlet.MockMvcPrintOnlyOnFailureTestExecutionListener, org.springframework.boot.test.autoconfigure.web.servlet.WebDriverTestExecutionListener, org.springframework.boot.test.autoconfigure.webservices.client.MockWebServiceServerTestExecutionListener, org.springframework.boot.test.mock.mockito.MockitoTestExecutionListener, org.springframework.boot.test.mock.mockito.ResetMocksTestExecutionListener, org.springframework.test.context.web.ServletTestExecutionListener, org.springframework.test.context.support.DirtiesContextBeforeModesTestExecutionListener, org.springframework.test.context.event.ApplicationEventsTestExecutionListener, org.springframework.test.context.support.DependencyInjectionTestExecutionListener, org.springframework.test.context.support.DirtiesContextTestExecutionListener, org.springframework.test.context.transaction.TransactionalTestExecutionListener, org.springframework.test.context.jdbc.SqlScriptsTestExecutionListener, org.springframework.test.context.event.EventPublishingTestExecutionListener]
2023-03-21 02:28:44.905  INFO 62812 --- [    Test worker] b.t.a.o.j.DataJpaTestContextBootstrapper : Using TestExecutionListeners: [org.springframework.test.context.web.ServletTestExecutionListener@4788c0a1, org.springframework.test.context.support.DirtiesContextBeforeModesTestExecutionListener@3c9e06d7, org.springframework.test.context.event.ApplicationEventsTestExecutionListener@79a1f0a1, org.springframework.boot.test.mock.mockito.MockitoTestExecutionListener@5bf97be9, org.springframework.boot.test.autoconfigure.SpringBootDependencyInjectionTestExecutionListener@5af535ff, org.springframework.test.context.support.DirtiesContextTestExecutionListener@161138c8, org.springframework.test.context.transaction.TransactionalTestExecutionListener@60c3f653, org.springframework.test.context.jdbc.SqlScriptsTestExecutionListener@7075ef91, org.springframework.test.context.event.EventPublishingTestExecutionListener@35c66ad, org.springframework.boot.test.autoconfigure.restdocs.RestDocsTestExecutionListener@1c94d976, org.springframework.boot.test.autoconfigure.web.client.MockRestServiceServerResetTestExecutionListener@639ad5d9, org.springframework.boot.test.autoconfigure.web.servlet.MockMvcPrintOnlyOnFailureTestExecutionListener@3ccca75c, org.springframework.boot.test.autoconfigure.web.servlet.WebDriverTestExecutionListener@5cc5d766, org.springframework.boot.test.autoconfigure.webservices.client.MockWebServiceServerTestExecutionListener@66a0fae1, org.springframework.boot.test.mock.mockito.ResetMocksTestExecutionListener@53a1cff1]
2023-03-21 02:28:44.908  INFO 62812 --- [    Test worker] o.s.t.c.transaction.TransactionContext   : Began transaction (1) for test context [DefaultTestContext@7802fc4e testClass = CategoryRepositoryTest, testInstance = com.raderleao.admin.catalogo.infrastructure.category.persistence.CategoryRepositoryTest@1994665d, testMethod = givenAnInvalidNullUpdatedAt_whenCallsSave_shouldReturnError@CategoryRepositoryTest, testException = [null], mergedContextConfiguration = [MergedContextConfiguration@4497fcd9 testClass = CategoryRepositoryTest, locations = '{}', classes = '{class com.raderleao.admin.catalogo.infrastructure.Main}', contextInitializerClasses = '[]', activeProfiles = '{test}', propertySourceLocations = '{}', propertySourceProperties = '{org.springframework.boot.test.autoconfigure.orm.jpa.DataJpaTestContextBootstrapper=true}', contextCustomizers = set[org.springframework.boot.test.autoconfigure.OverrideAutoConfigurationContextCustomizerFactory$DisableAutoConfigurationContextCustomizer@296b758, org.springframework.boot.test.autoconfigure.actuate.metrics.MetricsExportContextCustomizerFactory$DisableMetricExportContextCustomizer@66fdec9, org.springframework.boot.test.autoconfigure.filter.TypeExcludeFiltersContextCustomizer@351584c0, org.springframework.boot.test.autoconfigure.properties.PropertyMappingContextCustomizer@3fd5272, org.springframework.boot.test.autoconfigure.web.servlet.WebDriverContextCustomizerFactory$Customizer@2cc44ad, [ImportsContextCustomizer@3d44da41 key = [org.springframework.boot.autoconfigure.cache.CacheAutoConfiguration, org.springframework.boot.autoconfigure.data.jpa.JpaRepositoriesAutoConfiguration, org.springframework.boot.autoconfigure.flyway.FlywayAutoConfiguration, org.springframework.boot.autoconfigure.jdbc.DataSourceAutoConfiguration, org.springframework.boot.autoconfigure.jdbc.DataSourceTransactionManagerAutoConfiguration, org.springframework.boot.autoconfigure.jdbc.JdbcTemplateAutoConfiguration, org.springframework.boot.autoconfigure.liquibase.LiquibaseAutoConfiguration, org.springframework.boot.autoconfigure.orm.jpa.HibernateJpaAutoConfiguration, org.springframework.boot.autoconfigure.sql.init.SqlInitializationAutoConfiguration, org.springframework.boot.autoconfigure.transaction.TransactionAutoConfiguration, org.springframework.boot.test.autoconfigure.jdbc.TestDatabaseAutoConfiguration, org.springframework.boot.test.autoconfigure.orm.jpa.TestEntityManagerAutoConfiguration]], org.springframework.boot.test.context.filter.ExcludeFilterContextCustomizer@663411de, org.springframework.boot.test.json.DuplicateJsonObjectContextCustomizerFactory$DuplicateJsonObjectContextCustomizer@5b202a3a, org.springframework.boot.test.mock.mockito.MockitoContextCustomizer@0, org.springframework.boot.test.context.SpringBootTestArgs@1, org.springframework.boot.test.context.SpringBootTestWebEnvironment@0], contextLoader = 'org.springframework.boot.test.context.SpringBootContextLoader', parent = [null]], attributes = map['org.springframework.test.context.event.ApplicationEventsTestExecutionListener.recordApplicationEvents' -> false]]; transaction manager [org.springframework.orm.jpa.JpaTransactionManager@3794621d]; rollback [true]
Hibernate: select categoryjp0_.id as id1_0_, categoryjp0_.active as active2_0_, categoryjp0_.created_at as created_3_0_, categoryjp0_.deleted_at as deleted_4_0_, categoryjp0_.description as descript5_0_, categoryjp0_.name as name6_0_, categoryjp0_.updated_at as updated_7_0_ from category categoryjp0_
Hibernate: select categoryjp0_.id as id1_0_0_, categoryjp0_.active as active2_0_0_, categoryjp0_.created_at as created_3_0_0_, categoryjp0_.deleted_at as deleted_4_0_0_, categoryjp0_.description as descript5_0_0_, categoryjp0_.name as name6_0_0_, categoryjp0_.updated_at as updated_7_0_0_ from category categoryjp0_ where categoryjp0_.id=?
2023-03-21 02:28:44.920  INFO 62812 --- [    Test worker] o.s.t.c.transaction.TransactionContext   : Rolled back transaction for test: [DefaultTestContext@7802fc4e testClass = CategoryRepositoryTest, testInstance = com.raderleao.admin.catalogo.infrastructure.category.persistence.CategoryRepositoryTest@1994665d, testMethod = givenAnInvalidNullUpdatedAt_whenCallsSave_shouldReturnError@CategoryRepositoryTest, testException = [null], mergedContextConfiguration = [MergedContextConfiguration@4497fcd9 testClass = CategoryRepositoryTest, locations = '{}', classes = '{class com.raderleao.admin.catalogo.infrastructure.Main}', contextInitializerClasses = '[]', activeProfiles = '{test}', propertySourceLocations = '{}', propertySourceProperties = '{org.springframework.boot.test.autoconfigure.orm.jpa.DataJpaTestContextBootstrapper=true}', contextCustomizers = set[org.springframework.boot.test.autoconfigure.OverrideAutoConfigurationContextCustomizerFactory$DisableAutoConfigurationContextCustomizer@296b758, org.springframework.boot.test.autoconfigure.actuate.metrics.MetricsExportContextCustomizerFactory$DisableMetricExportContextCustomizer@66fdec9, org.springframework.boot.test.autoconfigure.filter.TypeExcludeFiltersContextCustomizer@351584c0, org.springframework.boot.test.autoconfigure.properties.PropertyMappingContextCustomizer@3fd5272, org.springframework.boot.test.autoconfigure.web.servlet.WebDriverContextCustomizerFactory$Customizer@2cc44ad, [ImportsContextCustomizer@3d44da41 key = [org.springframework.boot.autoconfigure.cache.CacheAutoConfiguration, org.springframework.boot.autoconfigure.data.jpa.JpaRepositoriesAutoConfiguration, org.springframework.boot.autoconfigure.flyway.FlywayAutoConfiguration, org.springframework.boot.autoconfigure.jdbc.DataSourceAutoConfiguration, org.springframework.boot.autoconfigure.jdbc.DataSourceTransactionManagerAutoConfiguration, org.springframework.boot.autoconfigure.jdbc.JdbcTemplateAutoConfiguration, org.springframework.boot.autoconfigure.liquibase.LiquibaseAutoConfiguration, org.springframework.boot.autoconfigure.orm.jpa.HibernateJpaAutoConfiguration, org.springframework.boot.autoconfigure.sql.init.SqlInitializationAutoConfiguration, org.springframework.boot.autoconfigure.transaction.TransactionAutoConfiguration, org.springframework.boot.test.autoconfigure.jdbc.TestDatabaseAutoConfiguration, org.springframework.boot.test.autoconfigure.orm.jpa.TestEntityManagerAutoConfiguration]], org.springframework.boot.test.context.filter.ExcludeFilterContextCustomizer@663411de, org.springframework.boot.test.json.DuplicateJsonObjectContextCustomizerFactory$DuplicateJsonObjectContextCustomizer@5b202a3a, org.springframework.boot.test.mock.mockito.MockitoContextCustomizer@0, org.springframework.boot.test.context.SpringBootTestArgs@1, org.springframework.boot.test.context.SpringBootTestWebEnvironment@0], contextLoader = 'org.springframework.boot.test.context.SpringBootContextLoader', parent = [null]], attributes = map['org.springframework.test.context.event.ApplicationEventsTestExecutionListener.recordApplicationEvents' -> false]]
2023-03-21 02:28:44.921  INFO 62812 --- [    Test worker] o.s.t.c.transaction.TransactionContext   : Began transaction (1) for test context [DefaultTestContext@7802fc4e testClass = CategoryRepositoryTest, testInstance = com.raderleao.admin.catalogo.infrastructure.category.persistence.CategoryRepositoryTest@370c9681, testMethod = givenAnInvalidNullName_whenCallsSave_shouldReturnError@CategoryRepositoryTest, testException = [null], mergedContextConfiguration = [MergedContextConfiguration@4497fcd9 testClass = CategoryRepositoryTest, locations = '{}', classes = '{class com.raderleao.admin.catalogo.infrastructure.Main}', contextInitializerClasses = '[]', activeProfiles = '{test}', propertySourceLocations = '{}', propertySourceProperties = '{org.springframework.boot.test.autoconfigure.orm.jpa.DataJpaTestContextBootstrapper=true}', contextCustomizers = set[org.springframework.boot.test.autoconfigure.OverrideAutoConfigurationContextCustomizerFactory$DisableAutoConfigurationContextCustomizer@296b758, org.springframework.boot.test.autoconfigure.actuate.metrics.MetricsExportContextCustomizerFactory$DisableMetricExportContextCustomizer@66fdec9, org.springframework.boot.test.autoconfigure.filter.TypeExcludeFiltersContextCustomizer@351584c0, org.springframework.boot.test.autoconfigure.properties.PropertyMappingContextCustomizer@3fd5272, org.springframework.boot.test.autoconfigure.web.servlet.WebDriverContextCustomizerFactory$Customizer@2cc44ad, [ImportsContextCustomizer@3d44da41 key = [org.springframework.boot.autoconfigure.cache.CacheAutoConfiguration, org.springframework.boot.autoconfigure.data.jpa.JpaRepositoriesAutoConfiguration, org.springframework.boot.autoconfigure.flyway.FlywayAutoConfiguration, org.springframework.boot.autoconfigure.jdbc.DataSourceAutoConfiguration, org.springframework.boot.autoconfigure.jdbc.DataSourceTransactionManagerAutoConfiguration, org.springframework.boot.autoconfigure.jdbc.JdbcTemplateAutoConfiguration, org.springframework.boot.autoconfigure.liquibase.LiquibaseAutoConfiguration, org.springframework.boot.autoconfigure.orm.jpa.HibernateJpaAutoConfiguration, org.springframework.boot.autoconfigure.sql.init.SqlInitializationAutoConfiguration, org.springframework.boot.autoconfigure.transaction.TransactionAutoConfiguration, org.springframework.boot.test.autoconfigure.jdbc.TestDatabaseAutoConfiguration, org.springframework.boot.test.autoconfigure.orm.jpa.TestEntityManagerAutoConfiguration]], org.springframework.boot.test.context.filter.ExcludeFilterContextCustomizer@663411de, org.springframework.boot.test.json.DuplicateJsonObjectContextCustomizerFactory$DuplicateJsonObjectContextCustomizer@5b202a3a, org.springframework.boot.test.mock.mockito.MockitoContextCustomizer@0, org.springframework.boot.test.context.SpringBootTestArgs@1, org.springframework.boot.test.context.SpringBootTestWebEnvironment@0], contextLoader = 'org.springframework.boot.test.context.SpringBootContextLoader', parent = [null]], attributes = map['org.springframework.test.context.event.ApplicationEventsTestExecutionListener.recordApplicationEvents' -> false]]; transaction manager [org.springframework.orm.jpa.JpaTransactionManager@3794621d]; rollback [true]
Hibernate: select categoryjp0_.id as id1_0_, categoryjp0_.active as active2_0_, categoryjp0_.created_at as created_3_0_, categoryjp0_.deleted_at as deleted_4_0_, categoryjp0_.description as descript5_0_, categoryjp0_.name as name6_0_, categoryjp0_.updated_at as updated_7_0_ from category categoryjp0_
Hibernate: select categoryjp0_.id as id1_0_0_, categoryjp0_.active as active2_0_0_, categoryjp0_.created_at as created_3_0_0_, categoryjp0_.deleted_at as deleted_4_0_0_, categoryjp0_.description as descript5_0_0_, categoryjp0_.name as name6_0_0_, categoryjp0_.updated_at as updated_7_0_0_ from category categoryjp0_ where categoryjp0_.id=?
2023-03-21 02:28:44.926  INFO 62812 --- [    Test worker] o.s.t.c.transaction.TransactionContext   : Rolled back transaction for test: [DefaultTestContext@7802fc4e testClass = CategoryRepositoryTest, testInstance = com.raderleao.admin.catalogo.infrastructure.category.persistence.CategoryRepositoryTest@370c9681, testMethod = givenAnInvalidNullName_whenCallsSave_shouldReturnError@CategoryRepositoryTest, testException = [null], mergedContextConfiguration = [MergedContextConfiguration@4497fcd9 testClass = CategoryRepositoryTest, locations = '{}', classes = '{class com.raderleao.admin.catalogo.infrastructure.Main}', contextInitializerClasses = '[]', activeProfiles = '{test}', propertySourceLocations = '{}', propertySourceProperties = '{org.springframework.boot.test.autoconfigure.orm.jpa.DataJpaTestContextBootstrapper=true}', contextCustomizers = set[org.springframework.boot.test.autoconfigure.OverrideAutoConfigurationContextCustomizerFactory$DisableAutoConfigurationContextCustomizer@296b758, org.springframework.boot.test.autoconfigure.actuate.metrics.MetricsExportContextCustomizerFactory$DisableMetricExportContextCustomizer@66fdec9, org.springframework.boot.test.autoconfigure.filter.TypeExcludeFiltersContextCustomizer@351584c0, org.springframework.boot.test.autoconfigure.properties.PropertyMappingContextCustomizer@3fd5272, org.springframework.boot.test.autoconfigure.web.servlet.WebDriverContextCustomizerFactory$Customizer@2cc44ad, [ImportsContextCustomizer@3d44da41 key = [org.springframework.boot.autoconfigure.cache.CacheAutoConfiguration, org.springframework.boot.autoconfigure.data.jpa.JpaRepositoriesAutoConfiguration, org.springframework.boot.autoconfigure.flyway.FlywayAutoConfiguration, org.springframework.boot.autoconfigure.jdbc.DataSourceAutoConfiguration, org.springframework.boot.autoconfigure.jdbc.DataSourceTransactionManagerAutoConfiguration, org.springframework.boot.autoconfigure.jdbc.JdbcTemplateAutoConfiguration, org.springframework.boot.autoconfigure.liquibase.LiquibaseAutoConfiguration, org.springframework.boot.autoconfigure.orm.jpa.HibernateJpaAutoConfiguration, org.springframework.boot.autoconfigure.sql.init.SqlInitializationAutoConfiguration, org.springframework.boot.autoconfigure.transaction.TransactionAutoConfiguration, org.springframework.boot.test.autoconfigure.jdbc.TestDatabaseAutoConfiguration, org.springframework.boot.test.autoconfigure.orm.jpa.TestEntityManagerAutoConfiguration]], org.springframework.boot.test.context.filter.ExcludeFilterContextCustomizer@663411de, org.springframework.boot.test.json.DuplicateJsonObjectContextCustomizerFactory$DuplicateJsonObjectContextCustomizer@5b202a3a, org.springframework.boot.test.mock.mockito.MockitoContextCustomizer@0, org.springframework.boot.test.context.SpringBootTestArgs@1, org.springframework.boot.test.context.SpringBootTestWebEnvironment@0], contextLoader = 'org.springframework.boot.test.context.SpringBootContextLoader', parent = [null]], attributes = map['org.springframework.test.context.event.ApplicationEventsTestExecutionListener.recordApplicationEvents' -> false]]
2023-03-21 02:28:44.929  INFO 62812 --- [    Test worker] o.s.t.c.transaction.TransactionContext   : Began transaction (1) for test context [DefaultTestContext@7802fc4e testClass = CategoryRepositoryTest, testInstance = com.raderleao.admin.catalogo.infrastructure.category.persistence.CategoryRepositoryTest@5d55eb7a, testMethod = givenAnInvalidNullCreatedAt_whenCallsSave_shouldReturnError@CategoryRepositoryTest, testException = [null], mergedContextConfiguration = [MergedContextConfiguration@4497fcd9 testClass = CategoryRepositoryTest, locations = '{}', classes = '{class com.raderleao.admin.catalogo.infrastructure.Main}', contextInitializerClasses = '[]', activeProfiles = '{test}', propertySourceLocations = '{}', propertySourceProperties = '{org.springframework.boot.test.autoconfigure.orm.jpa.DataJpaTestContextBootstrapper=true}', contextCustomizers = set[org.springframework.boot.test.autoconfigure.OverrideAutoConfigurationContextCustomizerFactory$DisableAutoConfigurationContextCustomizer@296b758, org.springframework.boot.test.autoconfigure.actuate.metrics.MetricsExportContextCustomizerFactory$DisableMetricExportContextCustomizer@66fdec9, org.springframework.boot.test.autoconfigure.filter.TypeExcludeFiltersContextCustomizer@351584c0, org.springframework.boot.test.autoconfigure.properties.PropertyMappingContextCustomizer@3fd5272, org.springframework.boot.test.autoconfigure.web.servlet.WebDriverContextCustomizerFactory$Customizer@2cc44ad, [ImportsContextCustomizer@3d44da41 key = [org.springframework.boot.autoconfigure.cache.CacheAutoConfiguration, org.springframework.boot.autoconfigure.data.jpa.JpaRepositoriesAutoConfiguration, org.springframework.boot.autoconfigure.flyway.FlywayAutoConfiguration, org.springframework.boot.autoconfigure.jdbc.DataSourceAutoConfiguration, org.springframework.boot.autoconfigure.jdbc.DataSourceTransactionManagerAutoConfiguration, org.springframework.boot.autoconfigure.jdbc.JdbcTemplateAutoConfiguration, org.springframework.boot.autoconfigure.liquibase.LiquibaseAutoConfiguration, org.springframework.boot.autoconfigure.orm.jpa.HibernateJpaAutoConfiguration, org.springframework.boot.autoconfigure.sql.init.SqlInitializationAutoConfiguration, org.springframework.boot.autoconfigure.transaction.TransactionAutoConfiguration, org.springframework.boot.test.autoconfigure.jdbc.TestDatabaseAutoConfiguration, org.springframework.boot.test.autoconfigure.orm.jpa.TestEntityManagerAutoConfiguration]], org.springframework.boot.test.context.filter.ExcludeFilterContextCustomizer@663411de, org.springframework.boot.test.json.DuplicateJsonObjectContextCustomizerFactory$DuplicateJsonObjectContextCustomizer@5b202a3a, org.springframework.boot.test.mock.mockito.MockitoContextCustomizer@0, org.springframework.boot.test.context.SpringBootTestArgs@1, org.springframework.boot.test.context.SpringBootTestWebEnvironment@0], contextLoader = 'org.springframework.boot.test.context.SpringBootContextLoader', parent = [null]], attributes = map['org.springframework.test.context.event.ApplicationEventsTestExecutionListener.recordApplicationEvents' -> false]]; transaction manager [org.springframework.orm.jpa.JpaTransactionManager@3794621d]; rollback [true]
Hibernate: select categoryjp0_.id as id1_0_, categoryjp0_.active as active2_0_, categoryjp0_.created_at as created_3_0_, categoryjp0_.deleted_at as deleted_4_0_, categoryjp0_.description as descript5_0_, categoryjp0_.name as name6_0_, categoryjp0_.updated_at as updated_7_0_ from category categoryjp0_
Hibernate: select categoryjp0_.id as id1_0_0_, categoryjp0_.active as active2_0_0_, categoryjp0_.created_at as created_3_0_0_, categoryjp0_.deleted_at as deleted_4_0_0_, categoryjp0_.description as descript5_0_0_, categoryjp0_.name as name6_0_0_, categoryjp0_.updated_at as updated_7_0_0_ from category categoryjp0_ where categoryjp0_.id=?
2023-03-21 02:28:44.935  INFO 62812 --- [    Test worker] o.s.t.c.transaction.TransactionContext   : Rolled back transaction for test: [DefaultTestContext@7802fc4e testClass = CategoryRepositoryTest, testInstance = com.raderleao.admin.catalogo.infrastructure.category.persistence.CategoryRepositoryTest@5d55eb7a, testMethod = givenAnInvalidNullCreatedAt_whenCallsSave_shouldReturnError@CategoryRepositoryTest, testException = [null], mergedContextConfiguration = [MergedContextConfiguration@4497fcd9 testClass = CategoryRepositoryTest, locations = '{}', classes = '{class com.raderleao.admin.catalogo.infrastructure.Main}', contextInitializerClasses = '[]', activeProfiles = '{test}', propertySourceLocations = '{}', propertySourceProperties = '{org.springframework.boot.test.autoconfigure.orm.jpa.DataJpaTestContextBootstrapper=true}', contextCustomizers = set[org.springframework.boot.test.autoconfigure.OverrideAutoConfigurationContextCustomizerFactory$DisableAutoConfigurationContextCustomizer@296b758, org.springframework.boot.test.autoconfigure.actuate.metrics.MetricsExportContextCustomizerFactory$DisableMetricExportContextCustomizer@66fdec9, org.springframework.boot.test.autoconfigure.filter.TypeExcludeFiltersContextCustomizer@351584c0, org.springframework.boot.test.autoconfigure.properties.PropertyMappingContextCustomizer@3fd5272, org.springframework.boot.test.autoconfigure.web.servlet.WebDriverContextCustomizerFactory$Customizer@2cc44ad, [ImportsContextCustomizer@3d44da41 key = [org.springframework.boot.autoconfigure.cache.CacheAutoConfiguration, org.springframework.boot.autoconfigure.data.jpa.JpaRepositoriesAutoConfiguration, org.springframework.boot.autoconfigure.flyway.FlywayAutoConfiguration, org.springframework.boot.autoconfigure.jdbc.DataSourceAutoConfiguration, org.springframework.boot.autoconfigure.jdbc.DataSourceTransactionManagerAutoConfiguration, org.springframework.boot.autoconfigure.jdbc.JdbcTemplateAutoConfiguration, org.springframework.boot.autoconfigure.liquibase.LiquibaseAutoConfiguration, org.springframework.boot.autoconfigure.orm.jpa.HibernateJpaAutoConfiguration, org.springframework.boot.autoconfigure.sql.init.SqlInitializationAutoConfiguration, org.springframework.boot.autoconfigure.transaction.TransactionAutoConfiguration, org.springframework.boot.test.autoconfigure.jdbc.TestDatabaseAutoConfiguration, org.springframework.boot.test.autoconfigure.orm.jpa.TestEntityManagerAutoConfiguration]], org.springframework.boot.test.context.filter.ExcludeFilterContextCustomizer@663411de, org.springframework.boot.test.json.DuplicateJsonObjectContextCustomizerFactory$DuplicateJsonObjectContextCustomizer@5b202a3a, org.springframework.boot.test.mock.mockito.MockitoContextCustomizer@0, org.springframework.boot.test.context.SpringBootTestArgs@1, org.springframework.boot.test.context.SpringBootTestWebEnvironment@0], contextLoader = 'org.springframework.boot.test.context.SpringBootContextLoader', parent = [null]], attributes = map['org.springframework.test.context.event.ApplicationEventsTestExecutionListener.recordApplicationEvents' -> false]]
]]></system-out>
  <system-err><![CDATA[]]></system-err>
</testsuite>
