<?xml version="1.0" encoding="UTF-8"?>
<testsuite name="com.raderleao.admin.catalogo.application.category.delete.DeteleCategoryUseCaseIT" tests="3" skipped="0" failures="0" errors="0" timestamp="2023-03-18T02:40:43" hostname="RaderLeao-MacBook-Air.local" time="0.036">
  <properties/>
  <testcase name="givenAValidId_whenCallsDeleteCategory_shouldBeOK()" classname="com.raderleao.admin.catalogo.application.category.delete.DeteleCategoryUseCaseIT" time="0.02"/>
  <testcase name="givenAInvalidId_whenCallsDeleteCategory_shouldBeOK()" classname="com.raderleao.admin.catalogo.application.category.delete.DeteleCategoryUseCaseIT" time="0.008"/>
  <testcase name="givenAValidId_whenGatewayThrowsException_shouldReturnException()" classname="com.raderleao.admin.catalogo.application.category.delete.DeteleCategoryUseCaseIT" time="0.006"/>
  <system-out><![CDATA[2023-03-17 23:40:43.824  INFO 69287 --- [    Test worker] .b.t.c.SpringBootTestContextBootstrapper : Neither @ContextConfiguration nor @ContextHierarchy found for test class [com.raderleao.admin.catalogo.application.category.delete.DeteleCategoryUseCaseIT], using SpringBootContextLoader
2023-03-17 23:40:43.825  INFO 69287 --- [    Test worker] o.s.t.c.support.AbstractContextLoader    : Could not detect default resource locations for test class [com.raderleao.admin.catalogo.application.category.delete.DeteleCategoryUseCaseIT]: no resource found for suffixes {-context.xml, Context.groovy}.
2023-03-17 23:40:43.827  INFO 69287 --- [    Test worker] .b.t.c.SpringBootTestContextBootstrapper : Loaded default TestExecutionListener class names from location [META-INF/spring.factories]: [org.springframework.boot.test.autoconfigure.restdocs.RestDocsTestExecutionListener, org.springframework.boot.test.autoconfigure.web.client.MockRestServiceServerResetTestExecutionListener, org.springframework.boot.test.autoconfigure.web.servlet.MockMvcPrintOnlyOnFailureTestExecutionListener, org.springframework.boot.test.autoconfigure.web.servlet.WebDriverTestExecutionListener, org.springframework.boot.test.autoconfigure.webservices.client.MockWebServiceServerTestExecutionListener, org.springframework.boot.test.mock.mockito.MockitoTestExecutionListener, org.springframework.boot.test.mock.mockito.ResetMocksTestExecutionListener, org.springframework.test.context.web.ServletTestExecutionListener, org.springframework.test.context.support.DirtiesContextBeforeModesTestExecutionListener, org.springframework.test.context.event.ApplicationEventsTestExecutionListener, org.springframework.test.context.support.DependencyInjectionTestExecutionListener, org.springframework.test.context.support.DirtiesContextTestExecutionListener, org.springframework.test.context.transaction.TransactionalTestExecutionListener, org.springframework.test.context.jdbc.SqlScriptsTestExecutionListener, org.springframework.test.context.event.EventPublishingTestExecutionListener]
2023-03-17 23:40:43.827  INFO 69287 --- [    Test worker] .b.t.c.SpringBootTestContextBootstrapper : Using TestExecutionListeners: [org.springframework.test.context.web.ServletTestExecutionListener@34128fed, org.springframework.test.context.support.DirtiesContextBeforeModesTestExecutionListener@10efb806, org.springframework.test.context.event.ApplicationEventsTestExecutionListener@4dfe56dc, org.springframework.boot.test.mock.mockito.MockitoTestExecutionListener@2a728076, org.springframework.boot.test.autoconfigure.SpringBootDependencyInjectionTestExecutionListener@a3f1f32, org.springframework.test.context.support.DirtiesContextTestExecutionListener@67fda9fb, org.springframework.test.context.transaction.TransactionalTestExecutionListener@580a5b6e, org.springframework.test.context.jdbc.SqlScriptsTestExecutionListener@66450129, org.springframework.test.context.event.EventPublishingTestExecutionListener@14f1545c, org.springframework.boot.test.autoconfigure.restdocs.RestDocsTestExecutionListener@1ec98548, org.springframework.boot.test.autoconfigure.web.client.MockRestServiceServerResetTestExecutionListener@14927cd4, org.springframework.boot.test.autoconfigure.web.servlet.MockMvcPrintOnlyOnFailureTestExecutionListener@5a106b26, org.springframework.boot.test.autoconfigure.web.servlet.WebDriverTestExecutionListener@445d878c, org.springframework.boot.test.autoconfigure.webservices.client.MockWebServiceServerTestExecutionListener@16eca98a, org.springframework.boot.test.mock.mockito.ResetMocksTestExecutionListener@119f035f]
Hibernate: select categoryjp0_.id as id1_0_, categoryjp0_.active as active2_0_, categoryjp0_.created_at as created_3_0_, categoryjp0_.deleted_at as deleted_4_0_, categoryjp0_.description as descript5_0_, categoryjp0_.name as name6_0_, categoryjp0_.updated_at as updated_7_0_ from category categoryjp0_
Hibernate: delete from category where id=?
Hibernate: select categoryjp0_.id as id1_0_0_, categoryjp0_.active as active2_0_0_, categoryjp0_.created_at as created_3_0_0_, categoryjp0_.deleted_at as deleted_4_0_0_, categoryjp0_.description as descript5_0_0_, categoryjp0_.name as name6_0_0_, categoryjp0_.updated_at as updated_7_0_0_ from category categoryjp0_ where categoryjp0_.id=?
Hibernate: insert into category (active, created_at, deleted_at, description, name, updated_at, id) values (?, ?, ?, ?, ?, ?, ?)
Hibernate: select count(*) as col_0_0_ from category categoryjp0_
Hibernate: select count(*) as col_0_0_ from category categoryjp0_ where categoryjp0_.id=?
Hibernate: select categoryjp0_.id as id1_0_0_, categoryjp0_.active as active2_0_0_, categoryjp0_.created_at as created_3_0_0_, categoryjp0_.deleted_at as deleted_4_0_0_, categoryjp0_.description as descript5_0_0_, categoryjp0_.name as name6_0_0_, categoryjp0_.updated_at as updated_7_0_0_ from category categoryjp0_ where categoryjp0_.id=?
Hibernate: delete from category where id=?
Hibernate: select count(*) as col_0_0_ from category categoryjp0_
Hibernate: select categoryjp0_.id as id1_0_, categoryjp0_.active as active2_0_, categoryjp0_.created_at as created_3_0_, categoryjp0_.deleted_at as deleted_4_0_, categoryjp0_.description as descript5_0_, categoryjp0_.name as name6_0_, categoryjp0_.updated_at as updated_7_0_ from category categoryjp0_
Hibernate: select count(*) as col_0_0_ from category categoryjp0_
Hibernate: select count(*) as col_0_0_ from category categoryjp0_ where categoryjp0_.id=?
Hibernate: select count(*) as col_0_0_ from category categoryjp0_
Hibernate: select categoryjp0_.id as id1_0_, categoryjp0_.active as active2_0_, categoryjp0_.created_at as created_3_0_, categoryjp0_.deleted_at as deleted_4_0_, categoryjp0_.description as descript5_0_, categoryjp0_.name as name6_0_, categoryjp0_.updated_at as updated_7_0_ from category categoryjp0_
]]></system-out>
  <system-err><![CDATA[]]></system-err>
</testsuite>
