<?xml version="1.0" encoding="UTF-8"?>
<testsuite name="com.raderleao.admin.catalogo.infrastructure.category.models.CategoryResponseTest" tests="2" skipped="0" failures="0" errors="0" timestamp="2023-03-28T04:15:04" hostname="RaderLeao-MacBook-Air.local" time="0.021">
  <properties/>
  <testcase name="testMarshall()" classname="com.raderleao.admin.catalogo.infrastructure.category.models.CategoryResponseTest" time="0.007"/>
  <testcase name="testUnmarshall()" classname="com.raderleao.admin.catalogo.infrastructure.category.models.CategoryResponseTest" time="0.013"/>
  <system-out><![CDATA[2023-03-28 01:15:04.599  INFO 75359 --- [    Test worker] o.s.b.t.a.j.JsonTestContextBootstrapper  : Neither @ContextConfiguration nor @ContextHierarchy found for test class [com.raderleao.admin.catalogo.infrastructure.category.models.CategoryResponseTest], using SpringBootContextLoader
2023-03-28 01:15:04.599  INFO 75359 --- [    Test worker] o.s.t.c.support.AbstractContextLoader    : Could not detect default resource locations for test class [com.raderleao.admin.catalogo.infrastructure.category.models.CategoryResponseTest]: no resource found for suffixes {-context.xml, Context.groovy}.
2023-03-28 01:15:04.599  INFO 75359 --- [    Test worker] t.c.s.AnnotationConfigContextLoaderUtils : Could not detect default configuration classes for test class [com.raderleao.admin.catalogo.infrastructure.category.models.CategoryResponseTest]: CategoryResponseTest does not declare any static, non-private, non-final, nested classes annotated with @Configuration.
2023-03-28 01:15:04.602  INFO 75359 --- [    Test worker] .b.t.c.SpringBootTestContextBootstrapper : Found @SpringBootConfiguration com.raderleao.admin.catalogo.infrastructure.Main for test class com.raderleao.admin.catalogo.infrastructure.category.models.CategoryResponseTest
2023-03-28 01:15:04.603  INFO 75359 --- [    Test worker] o.s.b.t.a.j.JsonTestContextBootstrapper  : Loaded default TestExecutionListener class names from location [META-INF/spring.factories]: [org.springframework.boot.test.autoconfigure.restdocs.RestDocsTestExecutionListener, org.springframework.boot.test.autoconfigure.web.client.MockRestServiceServerResetTestExecutionListener, org.springframework.boot.test.autoconfigure.web.servlet.MockMvcPrintOnlyOnFailureTestExecutionListener, org.springframework.boot.test.autoconfigure.web.servlet.WebDriverTestExecutionListener, org.springframework.boot.test.autoconfigure.webservices.client.MockWebServiceServerTestExecutionListener, org.springframework.boot.test.mock.mockito.MockitoTestExecutionListener, org.springframework.boot.test.mock.mockito.ResetMocksTestExecutionListener, org.springframework.test.context.web.ServletTestExecutionListener, org.springframework.test.context.support.DirtiesContextBeforeModesTestExecutionListener, org.springframework.test.context.event.ApplicationEventsTestExecutionListener, org.springframework.test.context.support.DependencyInjectionTestExecutionListener, org.springframework.test.context.support.DirtiesContextTestExecutionListener, org.springframework.test.context.transaction.TransactionalTestExecutionListener, org.springframework.test.context.jdbc.SqlScriptsTestExecutionListener, org.springframework.test.context.event.EventPublishingTestExecutionListener]
2023-03-28 01:15:04.603  INFO 75359 --- [    Test worker] o.s.b.t.a.j.JsonTestContextBootstrapper  : Using TestExecutionListeners: [org.springframework.test.context.web.ServletTestExecutionListener@32a53a59, org.springframework.test.context.support.DirtiesContextBeforeModesTestExecutionListener@2f5fb329, org.springframework.test.context.event.ApplicationEventsTestExecutionListener@5ac88d71, org.springframework.boot.test.mock.mockito.MockitoTestExecutionListener@457512b, org.springframework.boot.test.autoconfigure.SpringBootDependencyInjectionTestExecutionListener@1f3bd40a, org.springframework.test.context.support.DirtiesContextTestExecutionListener@4dafea3f, org.springframework.test.context.transaction.TransactionalTestExecutionListener@531245fe, org.springframework.test.context.jdbc.SqlScriptsTestExecutionListener@6d7298be, org.springframework.test.context.event.EventPublishingTestExecutionListener@2c289a9e, org.springframework.boot.test.autoconfigure.restdocs.RestDocsTestExecutionListener@1ee47336, org.springframework.boot.test.autoconfigure.web.client.MockRestServiceServerResetTestExecutionListener@5f18f8a1, org.springframework.boot.test.autoconfigure.web.servlet.MockMvcPrintOnlyOnFailureTestExecutionListener@26d63c94, org.springframework.boot.test.autoconfigure.web.servlet.WebDriverTestExecutionListener@4e42beba, org.springframework.boot.test.autoconfigure.webservices.client.MockWebServiceServerTestExecutionListener@73021987, org.springframework.boot.test.mock.mockito.ResetMocksTestExecutionListener@6bc72ab6]
]]></system-out>
  <system-err><![CDATA[]]></system-err>
</testsuite>
