<?xml version="1.0" encoding="UTF-8"?>
<testsuite name="com.raderleao.admin.catalogo.infrastructure.category.models.CategoryListResponseTest" tests="1" skipped="0" failures="0" errors="0" timestamp="2023-03-28T04:15:04" hostname="RaderLeao-MacBook-Air.local" time="0.05">
  <properties/>
  <testcase name="testMarshall()" classname="com.raderleao.admin.catalogo.infrastructure.category.models.CategoryListResponseTest" time="0.05"/>
  <system-out><![CDATA[2023-03-28 01:15:04.442  INFO 75359 --- [    Test worker] o.s.b.t.a.j.JsonTestContextBootstrapper  : Neither @ContextConfiguration nor @ContextHierarchy found for test class [com.raderleao.admin.catalogo.infrastructure.category.models.CategoryListResponseTest], using SpringBootContextLoader
2023-03-28 01:15:04.443  INFO 75359 --- [    Test worker] o.s.t.c.support.AbstractContextLoader    : Could not detect default resource locations for test class [com.raderleao.admin.catalogo.infrastructure.category.models.CategoryListResponseTest]: no resource found for suffixes {-context.xml, Context.groovy}.
2023-03-28 01:15:04.443  INFO 75359 --- [    Test worker] t.c.s.AnnotationConfigContextLoaderUtils : Could not detect default configuration classes for test class [com.raderleao.admin.catalogo.infrastructure.category.models.CategoryListResponseTest]: CategoryListResponseTest does not declare any static, non-private, non-final, nested classes annotated with @Configuration.
2023-03-28 01:15:04.450  INFO 75359 --- [    Test worker] .b.t.c.SpringBootTestContextBootstrapper : Found @SpringBootConfiguration com.raderleao.admin.catalogo.infrastructure.Main for test class com.raderleao.admin.catalogo.infrastructure.category.models.CategoryListResponseTest
2023-03-28 01:15:04.451  INFO 75359 --- [    Test worker] o.s.b.t.a.j.JsonTestContextBootstrapper  : Loaded default TestExecutionListener class names from location [META-INF/spring.factories]: [org.springframework.boot.test.autoconfigure.restdocs.RestDocsTestExecutionListener, org.springframework.boot.test.autoconfigure.web.client.MockRestServiceServerResetTestExecutionListener, org.springframework.boot.test.autoconfigure.web.servlet.MockMvcPrintOnlyOnFailureTestExecutionListener, org.springframework.boot.test.autoconfigure.web.servlet.WebDriverTestExecutionListener, org.springframework.boot.test.autoconfigure.webservices.client.MockWebServiceServerTestExecutionListener, org.springframework.boot.test.mock.mockito.MockitoTestExecutionListener, org.springframework.boot.test.mock.mockito.ResetMocksTestExecutionListener, org.springframework.test.context.web.ServletTestExecutionListener, org.springframework.test.context.support.DirtiesContextBeforeModesTestExecutionListener, org.springframework.test.context.event.ApplicationEventsTestExecutionListener, org.springframework.test.context.support.DependencyInjectionTestExecutionListener, org.springframework.test.context.support.DirtiesContextTestExecutionListener, org.springframework.test.context.transaction.TransactionalTestExecutionListener, org.springframework.test.context.jdbc.SqlScriptsTestExecutionListener, org.springframework.test.context.event.EventPublishingTestExecutionListener]
2023-03-28 01:15:04.451  INFO 75359 --- [    Test worker] o.s.b.t.a.j.JsonTestContextBootstrapper  : Using TestExecutionListeners: [org.springframework.test.context.web.ServletTestExecutionListener@7680cb52, org.springframework.test.context.support.DirtiesContextBeforeModesTestExecutionListener@2e44bc38, org.springframework.test.context.event.ApplicationEventsTestExecutionListener@2fba0d7a, org.springframework.boot.test.mock.mockito.MockitoTestExecutionListener@79b01476, org.springframework.boot.test.autoconfigure.SpringBootDependencyInjectionTestExecutionListener@99a8a49, org.springframework.test.context.support.DirtiesContextTestExecutionListener@234523e, org.springframework.test.context.transaction.TransactionalTestExecutionListener@7d9a5edf, org.springframework.test.context.jdbc.SqlScriptsTestExecutionListener@4f0e6be, org.springframework.test.context.event.EventPublishingTestExecutionListener@59e5ecab, org.springframework.boot.test.autoconfigure.restdocs.RestDocsTestExecutionListener@79e0f00b, org.springframework.boot.test.autoconfigure.web.client.MockRestServiceServerResetTestExecutionListener@5623354e, org.springframework.boot.test.autoconfigure.web.servlet.MockMvcPrintOnlyOnFailureTestExecutionListener@5565fc22, org.springframework.boot.test.autoconfigure.web.servlet.WebDriverTestExecutionListener@2313c291, org.springframework.boot.test.autoconfigure.webservices.client.MockWebServiceServerTestExecutionListener@5d0d1e50, org.springframework.boot.test.mock.mockito.ResetMocksTestExecutionListener@124bc9fa]

  .   ____          _            __ _ _
 /\\ / ___'_ __ _ _(_)_ __  __ _ \ \ \ \
( ( )\___ | '_ | '_| | '_ \/ _` | \ \ \ \
 \\/  ___)| |_)| | | | | || (_| |  ) ) ) )
  '  |____| .__|_| |_|_| |_\__, | / / / /
 =========|_|==============|___/=/_/_/_/
 :: Spring Boot ::                (v2.7.7)

2023-03-28 01:15:04.472  INFO 75359 --- [    Test worker] c.r.a.c.i.c.m.CategoryListResponseTest   : Starting CategoryListResponseTest using Java 17.0.2 on RaderLeao-MacBook-Air.local with PID 75359 (started by raderleao in /Users/raderleao/src/dev/Workspace/admin-do-catalogo/infrastructure)
2023-03-28 01:15:04.472  INFO 75359 --- [    Test worker] c.r.a.c.i.c.m.CategoryListResponseTest   : The following 1 profile is active: "test-integration"
2023-03-28 01:15:04.541  INFO 75359 --- [    Test worker] c.r.a.c.i.c.m.CategoryListResponseTest   : Started CategoryListResponseTest in 0.088 seconds (JVM running for 23.474)
]]></system-out>
  <system-err><![CDATA[]]></system-err>
</testsuite>
