<?xml version="1.0" encoding="UTF-8"?>
<testsuite name="com.raderleao.admin.catalogo.infrastructure.category.models.UpdateCategoryRequestTest" tests="1" skipped="0" failures="0" errors="0" timestamp="2023-03-28T04:15:04" hostname="RaderLeao-MacBook-Air.local" time="0.005">
  <properties/>
  <testcase name="testUnmarshall()" classname="com.raderleao.admin.catalogo.infrastructure.category.models.UpdateCategoryRequestTest" time="0.005"/>
  <system-out><![CDATA[2023-03-28 01:15:04.648  INFO 75359 --- [    Test worker] o.s.b.t.a.j.JsonTestContextBootstrapper  : Neither @ContextConfiguration nor @ContextHierarchy found for test class [com.raderleao.admin.catalogo.infrastructure.category.models.UpdateCategoryRequestTest], using SpringBootContextLoader
2023-03-28 01:15:04.649  INFO 75359 --- [    Test worker] o.s.t.c.support.AbstractContextLoader    : Could not detect default resource locations for test class [com.raderleao.admin.catalogo.infrastructure.category.models.UpdateCategoryRequestTest]: no resource found for suffixes {-context.xml, Context.groovy}.
2023-03-28 01:15:04.649  INFO 75359 --- [    Test worker] t.c.s.AnnotationConfigContextLoaderUtils : Could not detect default configuration classes for test class [com.raderleao.admin.catalogo.infrastructure.category.models.UpdateCategoryRequestTest]: UpdateCategoryRequestTest does not declare any static, non-private, non-final, nested classes annotated with @Configuration.
2023-03-28 01:15:04.651  INFO 75359 --- [    Test worker] .b.t.c.SpringBootTestContextBootstrapper : Found @SpringBootConfiguration com.raderleao.admin.catalogo.infrastructure.Main for test class com.raderleao.admin.catalogo.infrastructure.category.models.UpdateCategoryRequestTest
2023-03-28 01:15:04.651  INFO 75359 --- [    Test worker] o.s.b.t.a.j.JsonTestContextBootstrapper  : Loaded default TestExecutionListener class names from location [META-INF/spring.factories]: [org.springframework.boot.test.autoconfigure.restdocs.RestDocsTestExecutionListener, org.springframework.boot.test.autoconfigure.web.client.MockRestServiceServerResetTestExecutionListener, org.springframework.boot.test.autoconfigure.web.servlet.MockMvcPrintOnlyOnFailureTestExecutionListener, org.springframework.boot.test.autoconfigure.web.servlet.WebDriverTestExecutionListener, org.springframework.boot.test.autoconfigure.webservices.client.MockWebServiceServerTestExecutionListener, org.springframework.boot.test.mock.mockito.MockitoTestExecutionListener, org.springframework.boot.test.mock.mockito.ResetMocksTestExecutionListener, org.springframework.test.context.web.ServletTestExecutionListener, org.springframework.test.context.support.DirtiesContextBeforeModesTestExecutionListener, org.springframework.test.context.event.ApplicationEventsTestExecutionListener, org.springframework.test.context.support.DependencyInjectionTestExecutionListener, org.springframework.test.context.support.DirtiesContextTestExecutionListener, org.springframework.test.context.transaction.TransactionalTestExecutionListener, org.springframework.test.context.jdbc.SqlScriptsTestExecutionListener, org.springframework.test.context.event.EventPublishingTestExecutionListener]
2023-03-28 01:15:04.652  INFO 75359 --- [    Test worker] o.s.b.t.a.j.JsonTestContextBootstrapper  : Using TestExecutionListeners: [org.springframework.test.context.web.ServletTestExecutionListener@149ca998, org.springframework.test.context.support.DirtiesContextBeforeModesTestExecutionListener@159c9c91, org.springframework.test.context.event.ApplicationEventsTestExecutionListener@71e32098, org.springframework.boot.test.mock.mockito.MockitoTestExecutionListener@385d9880, org.springframework.boot.test.autoconfigure.SpringBootDependencyInjectionTestExecutionListener@497c267a, org.springframework.test.context.support.DirtiesContextTestExecutionListener@38f553d0, org.springframework.test.context.transaction.TransactionalTestExecutionListener@507a53b6, org.springframework.test.context.jdbc.SqlScriptsTestExecutionListener@43758a1, org.springframework.test.context.event.EventPublishingTestExecutionListener@2c50f1ab, org.springframework.boot.test.autoconfigure.restdocs.RestDocsTestExecutionListener@3ea95c22, org.springframework.boot.test.autoconfigure.web.client.MockRestServiceServerResetTestExecutionListener@3ccc5fa2, org.springframework.boot.test.autoconfigure.web.servlet.MockMvcPrintOnlyOnFailureTestExecutionListener@200eaca, org.springframework.boot.test.autoconfigure.web.servlet.WebDriverTestExecutionListener@29f68e88, org.springframework.boot.test.autoconfigure.webservices.client.MockWebServiceServerTestExecutionListener@5dca9fd8, org.springframework.boot.test.mock.mockito.ResetMocksTestExecutionListener@325fa8c]
]]></system-out>
  <system-err><![CDATA[]]></system-err>
</testsuite>
