<?xml version="1.0" encoding="UTF-8"?>
<testsuite name="com.raderleao.admin.catalogo.application.SampleIT" tests="1" skipped="0" failures="0" errors="0" timestamp="2023-03-18T02:40:43" hostname="RaderLeao-MacBook-Air.local" time="0.212">
  <properties/>
  <testcase name="testInjects()" classname="com.raderleao.admin.catalogo.application.SampleIT" time="0.212"/>
  <system-out><![CDATA[23:40:40.305 [Test worker] DEBUG org.springframework.test.context.BootstrapUtils - Instantiating CacheAwareContextLoaderDelegate from class [org.springframework.test.context.cache.DefaultCacheAwareContextLoaderDelegate]
23:40:40.313 [Test worker] DEBUG org.springframework.test.context.BootstrapUtils - Instantiating BootstrapContext using constructor [public org.springframework.test.context.support.DefaultBootstrapContext(java.lang.Class,org.springframework.test.context.CacheAwareContextLoaderDelegate)]
23:40:40.336 [Test worker] DEBUG org.springframework.test.context.BootstrapUtils - Instantiating TestContextBootstrapper for test class [com.raderleao.admin.catalogo.application.SampleIT] from class [org.springframework.boot.test.context.SpringBootTestContextBootstrapper]
23:40:40.345 [Test worker] INFO org.springframework.boot.test.context.SpringBootTestContextBootstrapper - Neither @ContextConfiguration nor @ContextHierarchy found for test class [com.raderleao.admin.catalogo.application.SampleIT], using SpringBootContextLoader
23:40:40.347 [Test worker] DEBUG org.springframework.test.context.support.AbstractContextLoader - Did not detect default resource location for test class [com.raderleao.admin.catalogo.application.SampleIT]: class path resource [com/raderleao/admin/catalogo/application/SampleIT-context.xml] does not exist
23:40:40.347 [Test worker] DEBUG org.springframework.test.context.support.AbstractContextLoader - Did not detect default resource location for test class [com.raderleao.admin.catalogo.application.SampleIT]: class path resource [com/raderleao/admin/catalogo/application/SampleITContext.groovy] does not exist
23:40:40.347 [Test worker] INFO org.springframework.test.context.support.AbstractContextLoader - Could not detect default resource locations for test class [com.raderleao.admin.catalogo.application.SampleIT]: no resource found for suffixes {-context.xml, Context.groovy}.
23:40:40.433 [Test worker] DEBUG org.springframework.boot.test.context.SpringBootTestContextBootstrapper - @TestExecutionListeners is not present for class [com.raderleao.admin.catalogo.application.SampleIT]: using defaults.
23:40:40.434 [Test worker] INFO org.springframework.boot.test.context.SpringBootTestContextBootstrapper - Loaded default TestExecutionListener class names from location [META-INF/spring.factories]: [org.springframework.boot.test.autoconfigure.restdocs.RestDocsTestExecutionListener, org.springframework.boot.test.autoconfigure.web.client.MockRestServiceServerResetTestExecutionListener, org.springframework.boot.test.autoconfigure.web.servlet.MockMvcPrintOnlyOnFailureTestExecutionListener, org.springframework.boot.test.autoconfigure.web.servlet.WebDriverTestExecutionListener, org.springframework.boot.test.autoconfigure.webservices.client.MockWebServiceServerTestExecutionListener, org.springframework.boot.test.mock.mockito.MockitoTestExecutionListener, org.springframework.boot.test.mock.mockito.ResetMocksTestExecutionListener, org.springframework.test.context.web.ServletTestExecutionListener, org.springframework.test.context.support.DirtiesContextBeforeModesTestExecutionListener, org.springframework.test.context.event.ApplicationEventsTestExecutionListener, org.springframework.test.context.support.DependencyInjectionTestExecutionListener, org.springframework.test.context.support.DirtiesContextTestExecutionListener, org.springframework.test.context.transaction.TransactionalTestExecutionListener, org.springframework.test.context.jdbc.SqlScriptsTestExecutionListener, org.springframework.test.context.event.EventPublishingTestExecutionListener]
23:40:40.444 [Test worker] INFO org.springframework.boot.test.context.SpringBootTestContextBootstrapper - Using TestExecutionListeners: [org.springframework.test.context.web.ServletTestExecutionListener@56ace400, org.springframework.test.context.support.DirtiesContextBeforeModesTestExecutionListener@47404bea, org.springframework.test.context.event.ApplicationEventsTestExecutionListener@305f7627, org.springframework.boot.test.mock.mockito.MockitoTestExecutionListener@5d018107, org.springframework.boot.test.autoconfigure.SpringBootDependencyInjectionTestExecutionListener@6cbcf243, org.springframework.test.context.support.DirtiesContextTestExecutionListener@29e6eb25, org.springframework.test.context.transaction.TransactionalTestExecutionListener@62435e70, org.springframework.test.context.jdbc.SqlScriptsTestExecutionListener@339bf286, org.springframework.test.context.event.EventPublishingTestExecutionListener@38be305c, org.springframework.boot.test.autoconfigure.restdocs.RestDocsTestExecutionListener@269f4bad, org.springframework.boot.test.autoconfigure.web.client.MockRestServiceServerResetTestExecutionListener@5ed731d0, org.springframework.boot.test.autoconfigure.web.servlet.MockMvcPrintOnlyOnFailureTestExecutionListener@3234f74e, org.springframework.boot.test.autoconfigure.web.servlet.WebDriverTestExecutionListener@7bc10d84, org.springframework.boot.test.autoconfigure.webservices.client.MockWebServiceServerTestExecutionListener@275fe372, org.springframework.boot.test.mock.mockito.ResetMocksTestExecutionListener@40e10ff8]
23:40:40.447 [Test worker] DEBUG org.springframework.test.context.support.AbstractDirtiesContextTestExecutionListener - Before test class: context [DefaultTestContext@458342d3 testClass = SampleIT, testInstance = [null], testMethod = [null], testException = [null], mergedContextConfiguration = [WebMergedContextConfiguration@15c25153 testClass = SampleIT, locations = '{}', classes = '{class com.raderleao.admin.catalogo.infrastructure.configuration.WebServerConfig}', contextInitializerClasses = '[]', activeProfiles = '{test}', propertySourceLocations = '{}', propertySourceProperties = '{org.springframework.boot.test.context.SpringBootTestContextBootstrapper=true}', contextCustomizers = set[org.springframework.boot.test.autoconfigure.actuate.metrics.MetricsExportContextCustomizerFactory$DisableMetricExportContextCustomizer@22295ec4, org.springframework.boot.test.autoconfigure.properties.PropertyMappingContextCustomizer@0, org.springframework.boot.test.autoconfigure.web.servlet.WebDriverContextCustomizerFactory$Customizer@4612b856, org.springframework.boot.test.context.filter.ExcludeFilterContextCustomizer@79c7532f, org.springframework.boot.test.json.DuplicateJsonObjectContextCustomizerFactory$DuplicateJsonObjectContextCustomizer@e8df99a, org.springframework.boot.test.mock.mockito.MockitoContextCustomizer@0, org.springframework.boot.test.web.client.TestRestTemplateContextCustomizer@2da59753, org.springframework.boot.test.context.SpringBootTestArgs@1, org.springframework.boot.test.context.SpringBootTestWebEnvironment@3f56875e], resourceBasePath = 'src/main/webapp', contextLoader = 'org.springframework.boot.test.context.SpringBootContextLoader', parent = [null]], attributes = map['org.springframework.test.context.web.ServletTestExecutionListener.activateListener' -> true]], class annotated with @DirtiesContext [false] with mode [null].

  .   ____          _            __ _ _
 /\\ / ___'_ __ _ _(_)_ __  __ _ \ \ \ \
( ( )\___ | '_ | '_| | '_ \/ _` | \ \ \ \
 \\/  ___)| |_)| | | | | || (_| |  ) ) ) )
  '  |____| .__|_| |_|_| |_\__, | / / / /
 =========|_|==============|___/=/_/_/_/
 :: Spring Boot ::                (v2.7.7)

2023-03-17 23:40:40.707  INFO 69287 --- [    Test worker] c.r.admin.catalogo.application.SampleIT  : Starting SampleIT using Java 17.0.2 on RaderLeao-MacBook-Air.local with PID 69287 (started by raderleao in /Users/raderleao/src/dev/Workspace/admin-do-catalogo/infrastructure)
2023-03-17 23:40:40.708  INFO 69287 --- [    Test worker] c.r.admin.catalogo.application.SampleIT  : The following 1 profile is active: "test"
2023-03-17 23:40:41.062  INFO 69287 --- [    Test worker] .s.d.r.c.RepositoryConfigurationDelegate : Bootstrapping Spring Data JPA repositories in DEFAULT mode.
2023-03-17 23:40:41.096  INFO 69287 --- [    Test worker] .s.d.r.c.RepositoryConfigurationDelegate : Finished Spring Data repository scanning in 27 ms. Found 1 JPA repository interfaces.
2023-03-17 23:40:41.476  INFO 69287 --- [    Test worker] o.f.c.internal.license.VersionPrinter    : Flyway Community Edition 8.5.13 by Redgate
2023-03-17 23:40:41.476  INFO 69287 --- [    Test worker] o.f.c.internal.license.VersionPrinter    : See what's new here: https://flywaydb.org/documentation/learnmore/releaseNotes#8.5.13
2023-03-17 23:40:41.476  INFO 69287 --- [    Test worker] o.f.c.internal.license.VersionPrinter    : 
2023-03-17 23:40:41.481  WARN 69287 --- [    Test worker] com.zaxxer.hikari.HikariConfig           : master - idleTimeout is close to or more than maxLifetime, disabling it.
2023-03-17 23:40:41.489  INFO 69287 --- [    Test worker] com.zaxxer.hikari.HikariDataSource       : master - Starting...
2023-03-17 23:40:41.645  INFO 69287 --- [    Test worker] com.zaxxer.hikari.HikariDataSource       : master - Start completed.
2023-03-17 23:40:41.653  INFO 69287 --- [    Test worker] o.f.c.i.database.base.BaseDatabaseType   : Database: jdbc:h2:mem:/adm_videos_test (H2 2.1)
2023-03-17 23:40:41.679  WARN 69287 --- [    Test worker] o.f.c.internal.database.base.Database    : Flyway upgrade recommended: H2 2.1.214 is newer than this version of Flyway and support has not been tested. The latest supported version of H2 is 2.1.210.
2023-03-17 23:40:41.693  INFO 69287 --- [    Test worker] o.f.core.internal.command.DbValidate     : Successfully validated 1 migration (execution time 00:00.008s)
2023-03-17 23:40:41.697  INFO 69287 --- [    Test worker] o.f.c.i.s.JdbcTableSchemaHistory         : Creating Schema History table "PUBLIC"."flyway_schema_history" ...
2023-03-17 23:40:41.718  INFO 69287 --- [    Test worker] o.f.core.internal.command.DbMigrate      : Current version of schema "PUBLIC": << Empty Schema >>
2023-03-17 23:40:41.723  INFO 69287 --- [    Test worker] o.f.core.internal.command.DbMigrate      : Migrating schema "PUBLIC" to version "1 - initial"
2023-03-17 23:40:41.730  INFO 69287 --- [    Test worker] o.f.core.internal.command.DbMigrate      : Successfully applied 1 migration to schema "PUBLIC", now at version v1 (execution time 00:00.013s)
2023-03-17 23:40:41.836  INFO 69287 --- [    Test worker] o.hibernate.jpa.internal.util.LogHelper  : HHH000204: Processing PersistenceUnitInfo [name: default]
2023-03-17 23:40:41.875  INFO 69287 --- [    Test worker] org.hibernate.Version                    : HHH000412: Hibernate ORM core version 5.6.14.Final
2023-03-17 23:40:41.987  INFO 69287 --- [    Test worker] o.hibernate.annotations.common.Version   : HCANN000001: Hibernate Commons Annotations {5.1.2.Final}
2023-03-17 23:40:42.064  INFO 69287 --- [    Test worker] org.hibernate.dialect.Dialect            : HHH000400: Using dialect: org.hibernate.dialect.MySQL5InnoDBDialect
2023-03-17 23:40:42.415  INFO 69287 --- [    Test worker] o.h.e.t.j.p.i.JtaPlatformInitiator       : HHH000490: Using JtaPlatform implementation: [org.hibernate.engine.transaction.jta.platform.internal.NoJtaPlatform]
2023-03-17 23:40:42.421  INFO 69287 --- [    Test worker] j.LocalContainerEntityManagerFactoryBean : Initialized JPA EntityManagerFactory for persistence unit 'default'
2023-03-17 23:40:42.763  INFO 69287 --- [    Test worker] o.s.b.a.h2.H2ConsoleAutoConfiguration    : H2 console available at '/h2'. Database available at 'jdbc:h2:mem:/adm_videos_test'
2023-03-17 23:40:42.821  WARN 69287 --- [    Test worker] .s.s.UserDetailsServiceAutoConfiguration : 

Using generated security password: 757d0712-86a8-446b-b42f-20e16a9b3d7c

This generated password is for development use only. Your security configuration must be updated before running your application in production.

2023-03-17 23:40:42.940  INFO 69287 --- [    Test worker] o.s.s.web.DefaultSecurityFilterChain     : Will secure any request with [org.springframework.security.web.session.DisableEncodeUrlFilter@15651402, org.springframework.security.web.context.request.async.WebAsyncManagerIntegrationFilter@5c194652, org.springframework.security.web.context.SecurityContextPersistenceFilter@1701beb3, org.springframework.security.web.header.HeaderWriterFilter@7304ca87, org.springframework.security.web.csrf.CsrfFilter@61d24347, org.springframework.security.web.authentication.logout.LogoutFilter@45964b9e, org.springframework.security.web.authentication.UsernamePasswordAuthenticationFilter@7b4c793b, org.springframework.security.web.authentication.ui.DefaultLoginPageGeneratingFilter@2c86b0ea, org.springframework.security.web.authentication.ui.DefaultLogoutPageGeneratingFilter@1f02b6d1, org.springframework.security.web.authentication.www.BasicAuthenticationFilter@245dbd09, org.springframework.security.web.savedrequest.RequestCacheAwareFilter@15fd3088, org.springframework.security.web.servletapi.SecurityContextHolderAwareRequestFilter@f13e0a2, org.springframework.security.web.authentication.AnonymousAuthenticationFilter@66a50c93, org.springframework.security.web.session.SessionManagementFilter@774189d0, org.springframework.security.web.access.ExceptionTranslationFilter@50b2ba2c, org.springframework.security.web.access.intercept.FilterSecurityInterceptor@638341b0]
2023-03-17 23:40:42.993  INFO 69287 --- [    Test worker] c.r.admin.catalogo.application.SampleIT  : Started SampleIT in 2.517 seconds (JVM running for 3.308)
Hibernate: select categoryjp0_.id as id1_0_, categoryjp0_.active as active2_0_, categoryjp0_.created_at as created_3_0_, categoryjp0_.deleted_at as deleted_4_0_, categoryjp0_.description as descript5_0_, categoryjp0_.name as name6_0_, categoryjp0_.updated_at as updated_7_0_ from category categoryjp0_
]]></system-out>
  <system-err><![CDATA[]]></system-err>
</testsuite>
