<?xml version="1.0" encoding="UTF-8"?>
<testsuite name="com.raderleao.admin.catalogo.infrastructure.MainTest" tests="1" skipped="0" failures="0" errors="0" timestamp="2023-03-08T18:38:56" hostname="RaderLeao-MacBook-Air.local" time="0.021">
  <properties/>
  <testcase name="testMain()" classname="com.raderleao.admin.catalogo.infrastructure.MainTest" time="0.021"/>
  <system-out><![CDATA[Hello world!
]]></system-out>
  <system-err><![CDATA[]]></system-err>
</testsuite>
