<?xml version="1.0" encoding="UTF-8"?>
<testsuite name="com.raderleao.admin.catalogo.e2e.category.CategoryE2ETest" tests="10" skipped="0" failures="0" errors="0" timestamp="2023-03-28T04:15:00" hostname="RaderLeao-MacBook-Air.local" time="1.311">
  <properties/>
  <testcase name="asACatalogAdminIShouldBeAbleToInactivateACategoryByItsIdentifier()" classname="com.raderleao.admin.catalogo.e2e.category.CategoryE2ETest" time="0.505"/>
  <testcase name="asACatalogAdminIShouldBeAbleToGetACategoryByItsIdentifier()" classname="com.raderleao.admin.catalogo.e2e.category.CategoryE2ETest" time="0.061"/>
  <testcase name="asACatalogAdminIShouldBeAbleToSortAllCategoriesByDescriptionDes()" classname="com.raderleao.admin.catalogo.e2e.category.CategoryE2ETest" time="0.189"/>
  <testcase name="asACatalogAdminIShouldBeAbleToNavigateToAllCategories()" classname="com.raderleao.admin.catalogo.e2e.category.CategoryE2ETest" time="0.136"/>
  <testcase name="asACatalogAdminIShouldBeAbleToActivateACategoryByItsIdentifier()" classname="com.raderleao.admin.catalogo.e2e.category.CategoryE2ETest" time="0.075"/>
  <testcase name="asACatalogAdminIShouldBeAbleToDeleteACategoryByItsIdentifier()" classname="com.raderleao.admin.catalogo.e2e.category.CategoryE2ETest" time="0.084"/>
  <testcase name="asACatalogAdminIShouldBeAbleToSearchBetweenToAllCategories()" classname="com.raderleao.admin.catalogo.e2e.category.CategoryE2ETest" time="0.076"/>
  <testcase name="asACatalogAdminIShouldBeAbleToSeeATreatedErrorByGettingAnotFoundCategory()" classname="com.raderleao.admin.catalogo.e2e.category.CategoryE2ETest" time="0.057"/>
  <testcase name="asACatalogAdminIShouldBeAbleToCreateANewCategoryWithValidValues()" classname="com.raderleao.admin.catalogo.e2e.category.CategoryE2ETest" time="0.049"/>
  <testcase name="asACatalogAdminIShouldBeAbleToUpdateACategoryByItsIdentifier()" classname="com.raderleao.admin.catalogo.e2e.category.CategoryE2ETest" time="0.07"/>
  <system-out><![CDATA[01:14:41.629 [Test worker] DEBUG org.springframework.test.context.BootstrapUtils - Instantiating CacheAwareContextLoaderDelegate from class [org.springframework.test.context.cache.DefaultCacheAwareContextLoaderDelegate]
01:14:41.635 [Test worker] DEBUG org.springframework.test.context.BootstrapUtils - Instantiating BootstrapContext using constructor [public org.springframework.test.context.support.DefaultBootstrapContext(java.lang.Class,org.springframework.test.context.CacheAwareContextLoaderDelegate)]
01:14:41.657 [Test worker] DEBUG org.springframework.test.context.BootstrapUtils - Instantiating TestContextBootstrapper for test class [com.raderleao.admin.catalogo.e2e.category.CategoryE2ETest] from class [org.springframework.boot.test.context.SpringBootTestContextBootstrapper]
01:14:41.664 [Test worker] INFO org.springframework.boot.test.context.SpringBootTestContextBootstrapper - Neither @ContextConfiguration nor @ContextHierarchy found for test class [com.raderleao.admin.catalogo.e2e.category.CategoryE2ETest], using SpringBootContextLoader
01:14:41.666 [Test worker] DEBUG org.springframework.test.context.support.AbstractContextLoader - Did not detect default resource location for test class [com.raderleao.admin.catalogo.e2e.category.CategoryE2ETest]: class path resource [com/raderleao/admin/catalogo/e2e/category/CategoryE2ETest-context.xml] does not exist
01:14:41.667 [Test worker] DEBUG org.springframework.test.context.support.AbstractContextLoader - Did not detect default resource location for test class [com.raderleao.admin.catalogo.e2e.category.CategoryE2ETest]: class path resource [com/raderleao/admin/catalogo/e2e/category/CategoryE2ETestContext.groovy] does not exist
01:14:41.667 [Test worker] INFO org.springframework.test.context.support.AbstractContextLoader - Could not detect default resource locations for test class [com.raderleao.admin.catalogo.e2e.category.CategoryE2ETest]: no resource found for suffixes {-context.xml, Context.groovy}.
01:14:41.753 [Test worker] DEBUG org.springframework.boot.test.context.SpringBootTestContextBootstrapper - @TestExecutionListeners is not present for class [com.raderleao.admin.catalogo.e2e.category.CategoryE2ETest]: using defaults.
01:14:41.753 [Test worker] INFO org.springframework.boot.test.context.SpringBootTestContextBootstrapper - Loaded default TestExecutionListener class names from location [META-INF/spring.factories]: [org.springframework.boot.test.autoconfigure.restdocs.RestDocsTestExecutionListener, org.springframework.boot.test.autoconfigure.web.client.MockRestServiceServerResetTestExecutionListener, org.springframework.boot.test.autoconfigure.web.servlet.MockMvcPrintOnlyOnFailureTestExecutionListener, org.springframework.boot.test.autoconfigure.web.servlet.WebDriverTestExecutionListener, org.springframework.boot.test.autoconfigure.webservices.client.MockWebServiceServerTestExecutionListener, org.springframework.boot.test.mock.mockito.MockitoTestExecutionListener, org.springframework.boot.test.mock.mockito.ResetMocksTestExecutionListener, org.springframework.test.context.web.ServletTestExecutionListener, org.springframework.test.context.support.DirtiesContextBeforeModesTestExecutionListener, org.springframework.test.context.event.ApplicationEventsTestExecutionListener, org.springframework.test.context.support.DependencyInjectionTestExecutionListener, org.springframework.test.context.support.DirtiesContextTestExecutionListener, org.springframework.test.context.transaction.TransactionalTestExecutionListener, org.springframework.test.context.jdbc.SqlScriptsTestExecutionListener, org.springframework.test.context.event.EventPublishingTestExecutionListener]
01:14:41.762 [Test worker] INFO org.springframework.boot.test.context.SpringBootTestContextBootstrapper - Using TestExecutionListeners: [org.springframework.test.context.web.ServletTestExecutionListener@4ebea12c, org.springframework.test.context.support.DirtiesContextBeforeModesTestExecutionListener@2a1edad4, org.springframework.test.context.event.ApplicationEventsTestExecutionListener@6256ac4f, org.springframework.boot.test.mock.mockito.MockitoTestExecutionListener@44c79f32, org.springframework.boot.test.autoconfigure.SpringBootDependencyInjectionTestExecutionListener@7fcbe147, org.springframework.test.context.support.DirtiesContextTestExecutionListener@235f4c10, org.springframework.test.context.transaction.TransactionalTestExecutionListener@743cb8e0, org.springframework.test.context.jdbc.SqlScriptsTestExecutionListener@c7a975a, org.springframework.test.context.event.EventPublishingTestExecutionListener@2c1b9e4b, org.springframework.boot.test.autoconfigure.restdocs.RestDocsTestExecutionListener@757d6814, org.springframework.boot.test.autoconfigure.web.client.MockRestServiceServerResetTestExecutionListener@649725e3, org.springframework.boot.test.autoconfigure.web.servlet.MockMvcPrintOnlyOnFailureTestExecutionListener@3c0fae6c, org.springframework.boot.test.autoconfigure.web.servlet.WebDriverTestExecutionListener@4c168660, org.springframework.boot.test.autoconfigure.webservices.client.MockWebServiceServerTestExecutionListener@52b56a3e, org.springframework.boot.test.mock.mockito.ResetMocksTestExecutionListener@fd0e5b6]
01:14:41.765 [Test worker] DEBUG org.springframework.test.context.support.AbstractDirtiesContextTestExecutionListener - Before test class: context [DefaultTestContext@756cf158 testClass = CategoryE2ETest, testInstance = [null], testMethod = [null], testException = [null], mergedContextConfiguration = [WebMergedContextConfiguration@3f2ef586 testClass = CategoryE2ETest, locations = '{}', classes = '{class com.raderleao.admin.catalogo.infrastructure.configuration.WebServerConfig}', contextInitializerClasses = '[]', activeProfiles = '{test-e2e}', propertySourceLocations = '{}', propertySourceProperties = '{org.springframework.boot.test.context.SpringBootTestContextBootstrapper=true}', contextCustomizers = set[org.springframework.boot.test.autoconfigure.actuate.metrics.MetricsExportContextCustomizerFactory$DisableMetricExportContextCustomizer@6e35bc3d, org.springframework.boot.test.autoconfigure.properties.PropertyMappingContextCustomizer@4b3fa0b3, org.springframework.boot.test.autoconfigure.web.servlet.WebDriverContextCustomizerFactory$Customizer@4535b6d5, [ImportsContextCustomizer@751d3241 key = [org.springframework.boot.test.autoconfigure.web.servlet.MockMvcAutoConfiguration, org.springframework.boot.test.autoconfigure.web.servlet.MockMvcWebClientAutoConfiguration, org.springframework.boot.test.autoconfigure.web.servlet.MockMvcWebDriverAutoConfiguration, org.springframework.boot.autoconfigure.security.oauth2.client.servlet.OAuth2ClientAutoConfiguration, org.springframework.boot.autoconfigure.security.oauth2.resource.servlet.OAuth2ResourceServerAutoConfiguration, org.springframework.boot.autoconfigure.security.servlet.SecurityAutoConfiguration, org.springframework.boot.autoconfigure.security.servlet.SecurityFilterAutoConfiguration, org.springframework.boot.autoconfigure.security.servlet.UserDetailsServiceAutoConfiguration, org.springframework.boot.test.autoconfigure.web.servlet.MockMvcSecurityConfiguration, org.springframework.boot.test.autoconfigure.web.reactive.WebTestClientAutoConfiguration]], org.springframework.boot.test.context.filter.ExcludeFilterContextCustomizer@2ceb80a1, org.springframework.boot.test.json.DuplicateJsonObjectContextCustomizerFactory$DuplicateJsonObjectContextCustomizer@35a9782c, org.springframework.boot.test.mock.mockito.MockitoContextCustomizer@0, org.springframework.boot.test.web.client.TestRestTemplateContextCustomizer@6f152006, org.springframework.test.context.support.DynamicPropertiesContextCustomizer@785c4263, org.springframework.boot.test.context.SpringBootTestArgs@1, org.springframework.boot.test.context.SpringBootTestWebEnvironment@68c72235], resourceBasePath = 'src/main/webapp', contextLoader = 'org.springframework.boot.test.context.SpringBootContextLoader', parent = [null]], attributes = map['org.springframework.test.context.web.ServletTestExecutionListener.activateListener' -> true]], class annotated with @DirtiesContext [false] with mode [null].
01:14:41.783 [Test worker] DEBUG org.testcontainers.utility.TestcontainersConfiguration - Testcontainers configuration overrides will be loaded from file:/Users/raderleao/.testcontainers.properties
01:14:41.786 [Test worker] INFO org.testcontainers.utility.ImageNameSubstitutor - Image name substitution will be performed by: DefaultImageNameSubstitutor (composite of 'ConfigurationFileImageNameSubstitutor' and 'PrefixingImageNameSubstitutor')
01:14:41.803 [Test worker] INFO org.testcontainers.dockerclient.DockerClientProviderStrategy - Loaded org.testcontainers.dockerclient.UnixSocketClientProviderStrategy from ~/.testcontainers.properties, will try it first
01:14:41.804 [Test worker] DEBUG org.testcontainers.dockerclient.DockerClientProviderStrategy - Trying out strategy: UnixSocketClientProviderStrategy
01:14:41.969 [Test worker] DEBUG org.testcontainers.shaded.com.github.dockerjava.core.command.AbstrDockerCmd - Cmd: 
01:14:41.981 [Test worker] DEBUG com.github.dockerjava.zerodep.shaded.org.apache.hc.client5.http.impl.classic.InternalHttpClient - ex-00000001: preparing request execution
01:14:41.983 [Test worker] DEBUG com.github.dockerjava.zerodep.shaded.org.apache.hc.client5.http.protocol.RequestAddCookies - Cookie spec selected: strict
01:14:41.985 [Test worker] DEBUG com.github.dockerjava.zerodep.shaded.org.apache.hc.client5.http.protocol.RequestAuthCache - Auth cache not set in the context
01:14:41.986 [Test worker] DEBUG com.github.dockerjava.zerodep.shaded.org.apache.hc.client5.http.impl.classic.ProtocolExec - ex-00000001: target auth state: UNCHALLENGED
01:14:41.986 [Test worker] DEBUG com.github.dockerjava.zerodep.shaded.org.apache.hc.client5.http.impl.classic.ProtocolExec - ex-00000001: proxy auth state: UNCHALLENGED
01:14:41.986 [Test worker] DEBUG com.github.dockerjava.zerodep.shaded.org.apache.hc.client5.http.impl.classic.ConnectExec - ex-00000001: acquiring connection with route {}->unix://localhost:2375
01:14:41.986 [Test worker] DEBUG com.github.dockerjava.zerodep.shaded.org.apache.hc.client5.http.impl.classic.InternalHttpClient - ex-00000001: acquiring endpoint (3 MINUTES)
01:14:41.987 [Test worker] DEBUG com.github.dockerjava.zerodep.shaded.org.apache.hc.client5.http.impl.io.PoolingHttpClientConnectionManager - ex-00000001: endpoint lease request (3 MINUTES) [route: {}->unix://localhost:2375][total available: 0; route allocated: 0 of 2147483647; total allocated: 0 of 2147483647]
01:14:41.989 [Test worker] DEBUG com.github.dockerjava.zerodep.shaded.org.apache.hc.client5.http.impl.io.PoolingHttpClientConnectionManager - ex-00000001: endpoint leased [route: {}->unix://localhost:2375][total available: 0; route allocated: 1 of 2147483647; total allocated: 1 of 2147483647]
01:14:41.994 [Test worker] DEBUG com.github.dockerjava.zerodep.shaded.org.apache.hc.client5.http.impl.io.PoolingHttpClientConnectionManager - ex-00000001: acquired ep-00000000
01:14:41.994 [Test worker] DEBUG com.github.dockerjava.zerodep.shaded.org.apache.hc.client5.http.impl.classic.InternalHttpClient - ex-00000001: acquired endpoint ep-00000000
01:14:41.994 [Test worker] DEBUG com.github.dockerjava.zerodep.shaded.org.apache.hc.client5.http.impl.classic.ConnectExec - ex-00000001: opening connection {}->unix://localhost:2375
01:14:41.995 [Test worker] DEBUG com.github.dockerjava.zerodep.shaded.org.apache.hc.client5.http.impl.classic.InternalHttpClient - ep-00000000: connecting endpoint (3 MINUTES)
01:14:41.995 [Test worker] DEBUG com.github.dockerjava.zerodep.shaded.org.apache.hc.client5.http.impl.io.PoolingHttpClientConnectionManager - ep-00000000: connecting endpoint to unix://localhost:2375 (3 MINUTES)
01:14:41.997 [Test worker] DEBUG com.github.dockerjava.zerodep.shaded.org.apache.hc.client5.http.impl.io.DefaultHttpClientConnectionOperator - http-outgoing-0: connecting to localhost/127.0.0.1:2375
01:14:41.997 [Test worker] DEBUG com.github.dockerjava.zerodep.shaded.org.apache.hc.client5.http.impl.io.DefaultHttpClientConnectionOperator - http-outgoing-0: connection established /var/run/docker.sock<->/var/run/docker.sock
01:14:41.998 [Test worker] DEBUG com.github.dockerjava.zerodep.shaded.org.apache.hc.client5.http.impl.io.PoolingHttpClientConnectionManager - ep-00000000: connected http-outgoing-0
01:14:41.998 [Test worker] DEBUG com.github.dockerjava.zerodep.shaded.org.apache.hc.client5.http.impl.classic.InternalHttpClient - ep-00000000: endpoint connected
01:14:41.998 [Test worker] DEBUG com.github.dockerjava.zerodep.shaded.org.apache.hc.client5.http.impl.classic.MainClientExec - ex-00000001: executing GET /v1.32/info HTTP/1.1
01:14:41.999 [Test worker] DEBUG com.github.dockerjava.zerodep.shaded.org.apache.hc.client5.http.impl.classic.InternalHttpClient - ep-00000000: start execution ex-00000001
01:14:41.999 [Test worker] DEBUG com.github.dockerjava.zerodep.shaded.org.apache.hc.client5.http.impl.io.PoolingHttpClientConnectionManager - ep-00000000: executing exchange ex-00000001 over http-outgoing-0
01:14:42.000 [Test worker] DEBUG com.github.dockerjava.zerodep.shaded.org.apache.hc.client5.http.headers - http-outgoing-0 >> GET /v1.32/info HTTP/1.1
01:14:42.000 [Test worker] DEBUG com.github.dockerjava.zerodep.shaded.org.apache.hc.client5.http.headers - http-outgoing-0 >> x-tc-sid: 71b9672a-6f61-4546-a7b6-d603100b2e56
01:14:42.000 [Test worker] DEBUG com.github.dockerjava.zerodep.shaded.org.apache.hc.client5.http.headers - http-outgoing-0 >> Accept-Encoding: gzip, x-gzip, deflate
01:14:42.000 [Test worker] DEBUG com.github.dockerjava.zerodep.shaded.org.apache.hc.client5.http.headers - http-outgoing-0 >> Host: localhost:2375
01:14:42.000 [Test worker] DEBUG com.github.dockerjava.zerodep.shaded.org.apache.hc.client5.http.headers - http-outgoing-0 >> Connection: keep-alive
01:14:42.000 [Test worker] DEBUG com.github.dockerjava.zerodep.shaded.org.apache.hc.client5.http.headers - http-outgoing-0 >> User-Agent: Apache-HttpClient/5.0.3 (Java/17.0.2)
01:14:42.000 [Test worker] DEBUG com.github.dockerjava.zerodep.shaded.org.apache.hc.client5.http.wire - http-outgoing-0 >> "GET /v1.32/info HTTP/1.1[\r][\n]"
01:14:42.000 [Test worker] DEBUG com.github.dockerjava.zerodep.shaded.org.apache.hc.client5.http.wire - http-outgoing-0 >> "x-tc-sid: 71b9672a-6f61-4546-a7b6-d603100b2e56[\r][\n]"
01:14:42.000 [Test worker] DEBUG com.github.dockerjava.zerodep.shaded.org.apache.hc.client5.http.wire - http-outgoing-0 >> "Accept-Encoding: gzip, x-gzip, deflate[\r][\n]"
01:14:42.000 [Test worker] DEBUG com.github.dockerjava.zerodep.shaded.org.apache.hc.client5.http.wire - http-outgoing-0 >> "Host: localhost:2375[\r][\n]"
01:14:42.000 [Test worker] DEBUG com.github.dockerjava.zerodep.shaded.org.apache.hc.client5.http.wire - http-outgoing-0 >> "Connection: keep-alive[\r][\n]"
01:14:42.000 [Test worker] DEBUG com.github.dockerjava.zerodep.shaded.org.apache.hc.client5.http.wire - http-outgoing-0 >> "User-Agent: Apache-HttpClient/5.0.3 (Java/17.0.2)[\r][\n]"
01:14:42.000 [Test worker] DEBUG com.github.dockerjava.zerodep.shaded.org.apache.hc.client5.http.wire - http-outgoing-0 >> "[\r][\n]"
01:14:42.070 [Test worker] DEBUG com.github.dockerjava.zerodep.shaded.org.apache.hc.client5.http.wire - http-outgoing-0 << "HTTP/1.1 200 OK[\r][\n]"
01:14:42.070 [Test worker] DEBUG com.github.dockerjava.zerodep.shaded.org.apache.hc.client5.http.wire - http-outgoing-0 << "Api-Version: 1.41[\r][\n]"
01:14:42.070 [Test worker] DEBUG com.github.dockerjava.zerodep.shaded.org.apache.hc.client5.http.wire - http-outgoing-0 << "Content-Type: application/json[\r][\n]"
01:14:42.070 [Test worker] DEBUG com.github.dockerjava.zerodep.shaded.org.apache.hc.client5.http.wire - http-outgoing-0 << "Date: Tue, 28 Mar 2023 04:14:42 GMT[\r][\n]"
01:14:42.070 [Test worker] DEBUG com.github.dockerjava.zerodep.shaded.org.apache.hc.client5.http.wire - http-outgoing-0 << "Docker-Experimental: false[\r][\n]"
01:14:42.070 [Test worker] DEBUG com.github.dockerjava.zerodep.shaded.org.apache.hc.client5.http.wire - http-outgoing-0 << "Ostype: linux[\r][\n]"
01:14:42.070 [Test worker] DEBUG com.github.dockerjava.zerodep.shaded.org.apache.hc.client5.http.wire - http-outgoing-0 << "Server: Docker/20.10.21 (linux)[\r][\n]"
01:14:42.070 [Test worker] DEBUG com.github.dockerjava.zerodep.shaded.org.apache.hc.client5.http.wire - http-outgoing-0 << "Transfer-Encoding: chunked[\r][\n]"
01:14:42.071 [Test worker] DEBUG com.github.dockerjava.zerodep.shaded.org.apache.hc.client5.http.wire - http-outgoing-0 << "[\r][\n]"
01:14:42.072 [Test worker] DEBUG com.github.dockerjava.zerodep.shaded.org.apache.hc.client5.http.headers - http-outgoing-0 << HTTP/1.1 200 OK
01:14:42.072 [Test worker] DEBUG com.github.dockerjava.zerodep.shaded.org.apache.hc.client5.http.headers - http-outgoing-0 << Api-Version: 1.41
01:14:42.072 [Test worker] DEBUG com.github.dockerjava.zerodep.shaded.org.apache.hc.client5.http.headers - http-outgoing-0 << Content-Type: application/json
01:14:42.072 [Test worker] DEBUG com.github.dockerjava.zerodep.shaded.org.apache.hc.client5.http.headers - http-outgoing-0 << Date: Tue, 28 Mar 2023 04:14:42 GMT
01:14:42.072 [Test worker] DEBUG com.github.dockerjava.zerodep.shaded.org.apache.hc.client5.http.headers - http-outgoing-0 << Docker-Experimental: false
01:14:42.072 [Test worker] DEBUG com.github.dockerjava.zerodep.shaded.org.apache.hc.client5.http.headers - http-outgoing-0 << Ostype: linux
01:14:42.072 [Test worker] DEBUG com.github.dockerjava.zerodep.shaded.org.apache.hc.client5.http.headers - http-outgoing-0 << Server: Docker/20.10.21 (linux)
01:14:42.073 [Test worker] DEBUG com.github.dockerjava.zerodep.shaded.org.apache.hc.client5.http.headers - http-outgoing-0 << Transfer-Encoding: chunked
01:14:42.076 [Test worker] DEBUG com.github.dockerjava.zerodep.shaded.org.apache.hc.client5.http.impl.classic.MainClientExec - ex-00000001: connection can be kept alive for 3 MINUTES
01:14:42.082 [Test worker] DEBUG com.github.dockerjava.zerodep.shaded.org.apache.hc.client5.http.wire - http-outgoing-0 << "9b5[\r][\n]"
01:14:42.082 [Test worker] DEBUG com.github.dockerjava.zerodep.shaded.org.apache.hc.client5.http.wire - http-outgoing-0 << "{"ID":"CHCI:UPAM:TORI:5KXR:EIWO:ULUG:WV7M:IN4U:FXTX:6P5W:QVNL:LTRL","Containers":1,"ContainersRunning":1,"ContainersPaused":0,"ContainersStopped":0,"Images":14,"Driver":"overlay2","DriverStatus":[["Backing Filesystem","extfs"],["Supports d_type","true"],["Native Overlay Diff","true"],["userxattr","false"]],"Plugins":{"Volume":["local"],"Network":["bridge","host","ipvlan","macvlan","null","overlay"],"Authorization":null,"Log":["awslogs","fluentd","gcplogs","gelf","journald","json-file","local","logentries","splunk","syslog"]},"MemoryLimit":true,"SwapLimit":true,"KernelMemory":false,"KernelMemoryTCP":false,"CpuCfsPeriod":true,"CpuCfsQuota":true,"CPUShares":true,"CPUSet":true,"PidsLimit":true,"IPv4Forwarding":true,"BridgeNfIptables":true,"BridgeNfIp6tables":true,"Debug":false,"NFd":60,"OomKillDisable":false,"NGoroutines":62,"SystemTime":"2023-03-28T04:14:42.023481712Z","LoggingDriver":"json-file","CgroupDriver":"cgroupfs","CgroupVersion":"2","NEventsListener":6,"KernelVersion":"5.15.49-linuxkit","OperatingSystem":"Docker Desktop","OSVersion":"","OSType":"linux","Architecture":"aarch64","IndexServerAddress":"https://index.docker.io/v1/","RegistryConfig":{"AllowNondistributableArtifactsCIDRs":[],"AllowNondistributableArtifactsHostnames":[],"InsecureRegistryCIDRs":["127.0.0.0/8"],"IndexConfigs":{"docker.io":{"Name":"docker.io","Mirrors":[],"Secure":true,"Official":true},"hubproxy.docker.internal:5000":{"Name":"hubproxy.docker.internal:5000","Mirrors":[],"Secure":false,"Official":false}},"Mirrors":[]},"NCPU":4,"MemTotal":4124512256,"GenericResources":null,"DockerRootDir":"/var/lib/docker","HttpProxy":"http.docker.internal:3128","HttpsProxy":"http.docker.internal:3128","NoProxy":"hubproxy.docker.internal","Name":"docker-desktop","Labels":[],"ExperimentalBuild":false,"ServerVersion":"20.10.21","Runtimes":{"io.containerd.runc.v2":{"path":"runc"},"io.containerd.runtime.v1.linux":{"path":"runc"},"runc":{"path":"runc"}},"DefaultRuntime":"runc","Swarm":{"NodeID":"","NodeAddr":"","LocalNodeState":"inactive","ControlAvailable":false,"Error":"","RemoteManagers":null},"LiveRestoreEnabled":false,"Isolation":"","InitBinary":"docker-init","ContainerdCommit":{"ID":"770bd0108c32f3fb5c73ae1264f7e503fe7b2661","Expected":"770bd0108c32f3fb5c73ae1264f7e503fe7b2661"},"RuncCommit":{"ID":"v1.1.4-0-g5fd4c4d","Expected":"v1.1.4-0-g5fd4c4d"},"InitCommit":{"ID":"de40ad0","Expected":"de40ad0"},"SecurityOptions":["name=seccomp,profile=default","name=cgroupns"],"Warnings":null}[\n]"
01:14:42.082 [Test worker] DEBUG com.github.dockerjava.zerodep.shaded.org.apache.hc.client5.http.wire - http-outgoing-0 << "[\r][\n]"
01:14:42.082 [Test worker] DEBUG com.github.dockerjava.zerodep.shaded.org.apache.hc.client5.http.wire - http-outgoing-0 << "0[\r][\n]"
01:14:42.082 [Test worker] DEBUG com.github.dockerjava.zerodep.shaded.org.apache.hc.client5.http.wire - http-outgoing-0 << "[\r][\n]"
01:14:42.151 [Test worker] DEBUG com.github.dockerjava.zerodep.shaded.org.apache.hc.client5.http.impl.classic.InternalHttpClient - ep-00000000: releasing valid endpoint
01:14:42.151 [Test worker] DEBUG com.github.dockerjava.zerodep.shaded.org.apache.hc.client5.http.impl.io.PoolingHttpClientConnectionManager - ep-00000000: releasing endpoint
01:14:42.152 [Test worker] DEBUG com.github.dockerjava.zerodep.shaded.org.apache.hc.client5.http.impl.io.PoolingHttpClientConnectionManager - ep-00000000: connection http-outgoing-0 can be kept alive for 3 MINUTES
01:14:42.152 [Test worker] DEBUG com.github.dockerjava.zerodep.shaded.org.apache.hc.client5.http.impl.io.PoolingHttpClientConnectionManager - ep-00000000: connection released [route: {}->unix://localhost:2375][total available: 1; route allocated: 1 of 2147483647; total allocated: 1 of 2147483647]
01:14:42.152 [Test worker] INFO org.testcontainers.dockerclient.DockerClientProviderStrategy - Found Docker environment with local Unix socket (unix:///var/run/docker.sock)
01:14:42.152 [Test worker] DEBUG org.testcontainers.dockerclient.DockerClientProviderStrategy - Transport type: 'httpclient5', Docker host: 'unix:///var/run/docker.sock'
01:14:42.152 [Test worker] DEBUG org.testcontainers.dockerclient.DockerClientProviderStrategy - Checking Docker OS type for local Unix socket (unix:///var/run/docker.sock)
01:14:42.153 [Test worker] INFO org.testcontainers.DockerClientFactory - Docker host IP address is localhost
01:14:42.153 [Test worker] DEBUG org.testcontainers.DockerClientFactory - Docker info: {NGoroutines=62, Name=docker-desktop, Swarm={NodeID=, NodeAddr=, LocalNodeState=inactive, ControlAvailable=false, Error=, RemoteManagers=null}, RuncCommit={ID=v1.1.4-0-g5fd4c4d, Expected=v1.1.4-0-g5fd4c4d}, OSVersion=, Runtimes={io.containerd.runc.v2={path=runc}, io.containerd.runtime.v1.linux={path=runc}, runc={path=runc}}, ID=CHCI:UPAM:TORI:5KXR:EIWO:ULUG:WV7M:IN4U:FXTX:6P5W:QVNL:LTRL, DriverStatus=[[Backing Filesystem, extfs], [Supports d_type, true], [Native Overlay Diff, true], [userxattr, false]], BridgeNfIptables=true, LiveRestoreEnabled=false, SystemTime=2023-03-28T04:14:42.023481712Z, NoProxy=hubproxy.docker.internal, Architecture=aarch64, NEventsListener=6, HttpsProxy=http.docker.internal:3128, Images=14, ContainersRunning=1, Labels=[], InitCommit={ID=de40ad0, Expected=de40ad0}, NFd=60, KernelVersion=5.15.49-linuxkit, LoggingDriver=json-file, OSType=linux, SecurityOptions=[name=seccomp,profile=default, name=cgroupns], ContainerdCommit={ID=770bd0108c32f3fb5c73ae1264f7e503fe7b2661, Expected=770bd0108c32f3fb5c73ae1264f7e503fe7b2661}, GenericResources=null, KernelMemory=false, OperatingSystem=Docker Desktop, RegistryConfig={AllowNondistributableArtifactsCIDRs=[], AllowNondistributableArtifactsHostnames=[], InsecureRegistryCIDRs=[127.0.0.0/8], IndexConfigs={docker.io={Name=docker.io, Mirrors=[], Secure=true, Official=true}, hubproxy.docker.internal:5000={Name=hubproxy.docker.internal:5000, Mirrors=[], Secure=false, Official=false}}, Mirrors=[]}, ServerVersion=20.10.21, OomKillDisable=false, CpuCfsQuota=true, Containers=1, Driver=overlay2, KernelMemoryTCP=false, IPv4Forwarding=true, ExperimentalBuild=false, DockerRootDir=/var/lib/docker, CPUSet=true, CpuCfsPeriod=true, DefaultRuntime=runc, CPUShares=true, Debug=false, NCPU=4, Plugins={Volume=[local], Network=[bridge, host, ipvlan, macvlan, null, overlay], Authorization=null, Log=[awslogs, fluentd, gcplogs, gelf, journald, json-file, local, logentries, splunk, syslog]}, SwapLimit=true, CgroupDriver=cgroupfs, ContainersPaused=0, MemTotal=4124512256, IndexServerAddress=https://index.docker.io/v1/, MemoryLimit=true, HttpProxy=http.docker.internal:3128, InitBinary=docker-init, CgroupVersion=2, PidsLimit=true, Isolation=, BridgeNfIp6tables=true, Warnings=null, ContainersStopped=0}
01:14:42.155 [Test worker] DEBUG org.testcontainers.shaded.com.github.dockerjava.core.command.AbstrDockerCmd - Cmd: 
01:14:42.155 [Test worker] DEBUG com.github.dockerjava.zerodep.shaded.org.apache.hc.client5.http.impl.classic.InternalHttpClient - ex-00000002: preparing request execution
01:14:42.155 [Test worker] DEBUG com.github.dockerjava.zerodep.shaded.org.apache.hc.client5.http.protocol.RequestAddCookies - Cookie spec selected: strict
01:14:42.156 [Test worker] DEBUG com.github.dockerjava.zerodep.shaded.org.apache.hc.client5.http.protocol.RequestAuthCache - Auth cache not set in the context
01:14:42.156 [Test worker] DEBUG com.github.dockerjava.zerodep.shaded.org.apache.hc.client5.http.impl.classic.ProtocolExec - ex-00000002: target auth state: UNCHALLENGED
01:14:42.156 [Test worker] DEBUG com.github.dockerjava.zerodep.shaded.org.apache.hc.client5.http.impl.classic.ProtocolExec - ex-00000002: proxy auth state: UNCHALLENGED
01:14:42.156 [Test worker] DEBUG com.github.dockerjava.zerodep.shaded.org.apache.hc.client5.http.impl.classic.ConnectExec - ex-00000002: acquiring connection with route {}->unix://localhost:2375
01:14:42.156 [Test worker] DEBUG com.github.dockerjava.zerodep.shaded.org.apache.hc.client5.http.impl.classic.InternalHttpClient - ex-00000002: acquiring endpoint (3 MINUTES)
01:14:42.156 [Test worker] DEBUG com.github.dockerjava.zerodep.shaded.org.apache.hc.client5.http.impl.io.PoolingHttpClientConnectionManager - ex-00000002: endpoint lease request (3 MINUTES) [route: {}->unix://localhost:2375][total available: 1; route allocated: 1 of 2147483647; total allocated: 1 of 2147483647]
01:14:42.156 [Test worker] DEBUG com.github.dockerjava.zerodep.shaded.org.apache.hc.client5.http.impl.io.PoolingHttpClientConnectionManager - ex-00000002: endpoint leased [route: {}->unix://localhost:2375][total available: 0; route allocated: 1 of 2147483647; total allocated: 1 of 2147483647]
01:14:42.156 [Test worker] DEBUG com.github.dockerjava.zerodep.shaded.org.apache.hc.client5.http.impl.io.PoolingHttpClientConnectionManager - ex-00000002: acquired ep-00000001
01:14:42.156 [Test worker] DEBUG com.github.dockerjava.zerodep.shaded.org.apache.hc.client5.http.impl.classic.InternalHttpClient - ex-00000002: acquired endpoint ep-00000001
01:14:42.156 [Test worker] DEBUG com.github.dockerjava.zerodep.shaded.org.apache.hc.client5.http.impl.classic.MainClientExec - ex-00000002: executing GET /v1.32/version HTTP/1.1
01:14:42.156 [Test worker] DEBUG com.github.dockerjava.zerodep.shaded.org.apache.hc.client5.http.impl.classic.InternalHttpClient - ep-00000001: start execution ex-00000002
01:14:42.156 [Test worker] DEBUG com.github.dockerjava.zerodep.shaded.org.apache.hc.client5.http.impl.io.PoolingHttpClientConnectionManager - ep-00000001: executing exchange ex-00000002 over http-outgoing-0
01:14:42.156 [Test worker] DEBUG com.github.dockerjava.zerodep.shaded.org.apache.hc.client5.http.headers - http-outgoing-0 >> GET /v1.32/version HTTP/1.1
01:14:42.156 [Test worker] DEBUG com.github.dockerjava.zerodep.shaded.org.apache.hc.client5.http.headers - http-outgoing-0 >> accept: application/json
01:14:42.157 [Test worker] DEBUG com.github.dockerjava.zerodep.shaded.org.apache.hc.client5.http.headers - http-outgoing-0 >> x-tc-sid: 71b9672a-6f61-4546-a7b6-d603100b2e56
01:14:42.157 [Test worker] DEBUG com.github.dockerjava.zerodep.shaded.org.apache.hc.client5.http.headers - http-outgoing-0 >> Accept-Encoding: gzip, x-gzip, deflate
01:14:42.157 [Test worker] DEBUG com.github.dockerjava.zerodep.shaded.org.apache.hc.client5.http.headers - http-outgoing-0 >> Host: localhost:2375
01:14:42.157 [Test worker] DEBUG com.github.dockerjava.zerodep.shaded.org.apache.hc.client5.http.headers - http-outgoing-0 >> Connection: keep-alive
01:14:42.157 [Test worker] DEBUG com.github.dockerjava.zerodep.shaded.org.apache.hc.client5.http.headers - http-outgoing-0 >> User-Agent: Apache-HttpClient/5.0.3 (Java/17.0.2)
01:14:42.157 [Test worker] DEBUG com.github.dockerjava.zerodep.shaded.org.apache.hc.client5.http.wire - http-outgoing-0 >> "GET /v1.32/version HTTP/1.1[\r][\n]"
01:14:42.157 [Test worker] DEBUG com.github.dockerjava.zerodep.shaded.org.apache.hc.client5.http.wire - http-outgoing-0 >> "accept: application/json[\r][\n]"
01:14:42.157 [Test worker] DEBUG com.github.dockerjava.zerodep.shaded.org.apache.hc.client5.http.wire - http-outgoing-0 >> "x-tc-sid: 71b9672a-6f61-4546-a7b6-d603100b2e56[\r][\n]"
01:14:42.157 [Test worker] DEBUG com.github.dockerjava.zerodep.shaded.org.apache.hc.client5.http.wire - http-outgoing-0 >> "Accept-Encoding: gzip, x-gzip, deflate[\r][\n]"
01:14:42.157 [Test worker] DEBUG com.github.dockerjava.zerodep.shaded.org.apache.hc.client5.http.wire - http-outgoing-0 >> "Host: localhost:2375[\r][\n]"
01:14:42.157 [Test worker] DEBUG com.github.dockerjava.zerodep.shaded.org.apache.hc.client5.http.wire - http-outgoing-0 >> "Connection: keep-alive[\r][\n]"
01:14:42.157 [Test worker] DEBUG com.github.dockerjava.zerodep.shaded.org.apache.hc.client5.http.wire - http-outgoing-0 >> "User-Agent: Apache-HttpClient/5.0.3 (Java/17.0.2)[\r][\n]"
01:14:42.157 [Test worker] DEBUG com.github.dockerjava.zerodep.shaded.org.apache.hc.client5.http.wire - http-outgoing-0 >> "[\r][\n]"
01:14:42.169 [Test worker] DEBUG com.github.dockerjava.zerodep.shaded.org.apache.hc.client5.http.wire - http-outgoing-0 << "HTTP/1.1 200 OK[\r][\n]"
01:14:42.169 [Test worker] DEBUG com.github.dockerjava.zerodep.shaded.org.apache.hc.client5.http.wire - http-outgoing-0 << "Api-Version: 1.41[\r][\n]"
01:14:42.169 [Test worker] DEBUG com.github.dockerjava.zerodep.shaded.org.apache.hc.client5.http.wire - http-outgoing-0 << "Content-Type: application/json[\r][\n]"
01:14:42.169 [Test worker] DEBUG com.github.dockerjava.zerodep.shaded.org.apache.hc.client5.http.wire - http-outgoing-0 << "Date: Tue, 28 Mar 2023 04:14:42 GMT[\r][\n]"
01:14:42.169 [Test worker] DEBUG com.github.dockerjava.zerodep.shaded.org.apache.hc.client5.http.wire - http-outgoing-0 << "Docker-Experimental: false[\r][\n]"
01:14:42.169 [Test worker] DEBUG com.github.dockerjava.zerodep.shaded.org.apache.hc.client5.http.wire - http-outgoing-0 << "Ostype: linux[\r][\n]"
01:14:42.169 [Test worker] DEBUG com.github.dockerjava.zerodep.shaded.org.apache.hc.client5.http.wire - http-outgoing-0 << "Server: Docker/20.10.21 (linux)[\r][\n]"
01:14:42.169 [Test worker] DEBUG com.github.dockerjava.zerodep.shaded.org.apache.hc.client5.http.wire - http-outgoing-0 << "Transfer-Encoding: chunked[\r][\n]"
01:14:42.169 [Test worker] DEBUG com.github.dockerjava.zerodep.shaded.org.apache.hc.client5.http.wire - http-outgoing-0 << "[\r][\n]"
01:14:42.169 [Test worker] DEBUG com.github.dockerjava.zerodep.shaded.org.apache.hc.client5.http.headers - http-outgoing-0 << HTTP/1.1 200 OK
01:14:42.169 [Test worker] DEBUG com.github.dockerjava.zerodep.shaded.org.apache.hc.client5.http.headers - http-outgoing-0 << Api-Version: 1.41
01:14:42.169 [Test worker] DEBUG com.github.dockerjava.zerodep.shaded.org.apache.hc.client5.http.headers - http-outgoing-0 << Content-Type: application/json
01:14:42.170 [Test worker] DEBUG com.github.dockerjava.zerodep.shaded.org.apache.hc.client5.http.headers - http-outgoing-0 << Date: Tue, 28 Mar 2023 04:14:42 GMT
01:14:42.170 [Test worker] DEBUG com.github.dockerjava.zerodep.shaded.org.apache.hc.client5.http.headers - http-outgoing-0 << Docker-Experimental: false
01:14:42.170 [Test worker] DEBUG com.github.dockerjava.zerodep.shaded.org.apache.hc.client5.http.headers - http-outgoing-0 << Ostype: linux
01:14:42.170 [Test worker] DEBUG com.github.dockerjava.zerodep.shaded.org.apache.hc.client5.http.headers - http-outgoing-0 << Server: Docker/20.10.21 (linux)
01:14:42.170 [Test worker] DEBUG com.github.dockerjava.zerodep.shaded.org.apache.hc.client5.http.headers - http-outgoing-0 << Transfer-Encoding: chunked
01:14:42.170 [Test worker] DEBUG com.github.dockerjava.zerodep.shaded.org.apache.hc.client5.http.impl.classic.MainClientExec - ex-00000002: connection can be kept alive for 3 MINUTES
01:14:42.170 [Test worker] DEBUG com.github.dockerjava.zerodep.shaded.org.apache.hc.client5.http.wire - http-outgoing-0 << "33c[\r][\n]"
01:14:42.170 [Test worker] DEBUG com.github.dockerjava.zerodep.shaded.org.apache.hc.client5.http.wire - http-outgoing-0 << "{"Platform":{"Name":"Docker Desktop 4.15.0 (93002)"},"Components":[{"Name":"Engine","Version":"20.10.21","Details":{"ApiVersion":"1.41","Arch":"arm64","BuildTime":"2022-10-25T17:59:41.000000000+00:00","Experimental":"false","GitCommit":"3056208","GoVersion":"go1.18.7","KernelVersion":"5.15.49-linuxkit","MinAPIVersion":"1.12","Os":"linux"}},{"Name":"containerd","Version":"1.6.10","Details":{"GitCommit":"770bd0108c32f3fb5c73ae1264f7e503fe7b2661"}},{"Name":"runc","Version":"1.1.4","Details":{"GitCommit":"v1.1.4-0-g5fd4c4d"}},{"Name":"docker-init","Version":"0.19.0","Details":{"GitCommit":"de40ad0"}}],"Version":"20.10.21","ApiVersion":"1.41","MinAPIVersion":"1.12","GitCommit":"3056208","GoVersion":"go1.18.7","Os":"linux","Arch":"arm64","KernelVersion":"5.15.49-linuxkit","BuildTime":"2022-10-25T17:59:41.000000000+00:00"}[\n]"
01:14:42.170 [Test worker] DEBUG com.github.dockerjava.zerodep.shaded.org.apache.hc.client5.http.wire - http-outgoing-0 << "[\r][\n]"
01:14:42.170 [Test worker] DEBUG com.github.dockerjava.zerodep.shaded.org.apache.hc.client5.http.wire - http-outgoing-0 << "0[\r][\n]"
01:14:42.171 [Test worker] DEBUG com.github.dockerjava.zerodep.shaded.org.apache.hc.client5.http.wire - http-outgoing-0 << "[\r][\n]"
01:14:42.175 [Test worker] DEBUG com.github.dockerjava.zerodep.shaded.org.apache.hc.client5.http.impl.classic.InternalHttpClient - ep-00000001: releasing valid endpoint
01:14:42.175 [Test worker] DEBUG com.github.dockerjava.zerodep.shaded.org.apache.hc.client5.http.impl.io.PoolingHttpClientConnectionManager - ep-00000001: releasing endpoint
01:14:42.175 [Test worker] DEBUG com.github.dockerjava.zerodep.shaded.org.apache.hc.client5.http.impl.io.PoolingHttpClientConnectionManager - ep-00000001: connection http-outgoing-0 can be kept alive for 3 MINUTES
01:14:42.176 [Test worker] DEBUG com.github.dockerjava.zerodep.shaded.org.apache.hc.client5.http.impl.io.PoolingHttpClientConnectionManager - ep-00000001: connection released [route: {}->unix://localhost:2375][total available: 1; route allocated: 1 of 2147483647; total allocated: 1 of 2147483647]
01:14:42.176 [Test worker] DEBUG org.testcontainers.DockerClientFactory - Docker version: {Components=[{Name=Engine, Version=20.10.21, Details={ApiVersion=1.41, Arch=arm64, BuildTime=2022-10-25T17:59:41.000000000+00:00, Experimental=false, GitCommit=3056208, GoVersion=go1.18.7, KernelVersion=5.15.49-linuxkit, MinAPIVersion=1.12, Os=linux}}, {Name=containerd, Version=1.6.10, Details={GitCommit=770bd0108c32f3fb5c73ae1264f7e503fe7b2661}}, {Name=runc, Version=1.1.4, Details={GitCommit=v1.1.4-0-g5fd4c4d}}, {Name=docker-init, Version=0.19.0, Details={GitCommit=de40ad0}}], KernelVersion=5.15.49-linuxkit, ApiVersion=1.41, Platform={Name=Docker Desktop 4.15.0 (93002)}, GitCommit=3056208, Os=linux, Version=20.10.21, MinAPIVersion=1.12, Arch=arm64, GoVersion=go1.18.7, BuildTime=2022-10-25T17:59:41.000000000+00:00}
01:14:42.176 [Test worker] INFO org.testcontainers.DockerClientFactory - Connected to docker: 
  Server Version: 20.10.21
  API Version: 1.41
  Operating System: Docker Desktop
  Total Memory: 3933 MB
01:14:42.182 [Test worker] DEBUG org.testcontainers.utility.RyukResourceReaper - Ryuk is enabled
01:14:42.183 [Test worker] DEBUG org.testcontainers.utility.PrefixingImageNameSubstitutor - No prefix is configured
01:14:42.183 [Test worker] DEBUG org.testcontainers.utility.ImageNameSubstitutor - Did not find a substitute image for testcontainers/ryuk:0.3.4 (using image substitutor: DefaultImageNameSubstitutor (composite of 'ConfigurationFileImageNameSubstitutor' and 'PrefixingImageNameSubstitutor'))
01:14:42.185 [Test worker] DEBUG org.testcontainers.shaded.com.github.dockerjava.core.command.AbstrDockerCmd - Cmd: ListImagesCmdImpl[filters=org.testcontainers.shaded.com.github.dockerjava.core.util.FiltersBuilder@0,imageNameFilter=<null>,showAll=false]
01:14:42.187 [Test worker] DEBUG com.github.dockerjava.zerodep.shaded.org.apache.hc.client5.http.impl.classic.InternalHttpClient - ex-00000003: preparing request execution
01:14:42.187 [Test worker] DEBUG com.github.dockerjava.zerodep.shaded.org.apache.hc.client5.http.protocol.RequestAddCookies - Cookie spec selected: strict
01:14:42.187 [Test worker] DEBUG com.github.dockerjava.zerodep.shaded.org.apache.hc.client5.http.protocol.RequestAuthCache - Auth cache not set in the context
01:14:42.187 [Test worker] DEBUG com.github.dockerjava.zerodep.shaded.org.apache.hc.client5.http.impl.classic.ProtocolExec - ex-00000003: target auth state: UNCHALLENGED
01:14:42.187 [Test worker] DEBUG com.github.dockerjava.zerodep.shaded.org.apache.hc.client5.http.impl.classic.ProtocolExec - ex-00000003: proxy auth state: UNCHALLENGED
01:14:42.187 [Test worker] DEBUG com.github.dockerjava.zerodep.shaded.org.apache.hc.client5.http.impl.classic.ConnectExec - ex-00000003: acquiring connection with route {}->unix://localhost:2375
01:14:42.187 [Test worker] DEBUG com.github.dockerjava.zerodep.shaded.org.apache.hc.client5.http.impl.classic.InternalHttpClient - ex-00000003: acquiring endpoint (3 MINUTES)
01:14:42.187 [Test worker] DEBUG com.github.dockerjava.zerodep.shaded.org.apache.hc.client5.http.impl.io.PoolingHttpClientConnectionManager - ex-00000003: endpoint lease request (3 MINUTES) [route: {}->unix://localhost:2375][total available: 1; route allocated: 1 of 2147483647; total allocated: 1 of 2147483647]
01:14:42.187 [Test worker] DEBUG com.github.dockerjava.zerodep.shaded.org.apache.hc.client5.http.impl.io.PoolingHttpClientConnectionManager - ex-00000003: endpoint leased [route: {}->unix://localhost:2375][total available: 0; route allocated: 1 of 2147483647; total allocated: 1 of 2147483647]
01:14:42.187 [Test worker] DEBUG com.github.dockerjava.zerodep.shaded.org.apache.hc.client5.http.impl.io.PoolingHttpClientConnectionManager - ex-00000003: acquired ep-00000002
01:14:42.188 [Test worker] DEBUG com.github.dockerjava.zerodep.shaded.org.apache.hc.client5.http.impl.classic.InternalHttpClient - ex-00000003: acquired endpoint ep-00000002
01:14:42.188 [Test worker] DEBUG com.github.dockerjava.zerodep.shaded.org.apache.hc.client5.http.impl.classic.MainClientExec - ex-00000003: executing GET /v1.32/images/json HTTP/1.1
01:14:42.188 [Test worker] DEBUG com.github.dockerjava.zerodep.shaded.org.apache.hc.client5.http.impl.classic.InternalHttpClient - ep-00000002: start execution ex-00000003
01:14:42.188 [Test worker] DEBUG com.github.dockerjava.zerodep.shaded.org.apache.hc.client5.http.impl.io.PoolingHttpClientConnectionManager - ep-00000002: executing exchange ex-00000003 over http-outgoing-0
01:14:42.188 [Test worker] DEBUG com.github.dockerjava.zerodep.shaded.org.apache.hc.client5.http.headers - http-outgoing-0 >> GET /v1.32/images/json HTTP/1.1
01:14:42.188 [Test worker] DEBUG com.github.dockerjava.zerodep.shaded.org.apache.hc.client5.http.headers - http-outgoing-0 >> accept: application/json
01:14:42.188 [Test worker] DEBUG com.github.dockerjava.zerodep.shaded.org.apache.hc.client5.http.headers - http-outgoing-0 >> x-tc-sid: 71b9672a-6f61-4546-a7b6-d603100b2e56
01:14:42.188 [Test worker] DEBUG com.github.dockerjava.zerodep.shaded.org.apache.hc.client5.http.headers - http-outgoing-0 >> Accept-Encoding: gzip, x-gzip, deflate
01:14:42.188 [Test worker] DEBUG com.github.dockerjava.zerodep.shaded.org.apache.hc.client5.http.headers - http-outgoing-0 >> Host: localhost:2375
01:14:42.188 [Test worker] DEBUG com.github.dockerjava.zerodep.shaded.org.apache.hc.client5.http.headers - http-outgoing-0 >> Connection: keep-alive
01:14:42.188 [Test worker] DEBUG com.github.dockerjava.zerodep.shaded.org.apache.hc.client5.http.headers - http-outgoing-0 >> User-Agent: Apache-HttpClient/5.0.3 (Java/17.0.2)
01:14:42.188 [Test worker] DEBUG com.github.dockerjava.zerodep.shaded.org.apache.hc.client5.http.wire - http-outgoing-0 >> "GET /v1.32/images/json HTTP/1.1[\r][\n]"
01:14:42.188 [Test worker] DEBUG com.github.dockerjava.zerodep.shaded.org.apache.hc.client5.http.wire - http-outgoing-0 >> "accept: application/json[\r][\n]"
01:14:42.188 [Test worker] DEBUG com.github.dockerjava.zerodep.shaded.org.apache.hc.client5.http.wire - http-outgoing-0 >> "x-tc-sid: 71b9672a-6f61-4546-a7b6-d603100b2e56[\r][\n]"
01:14:42.188 [Test worker] DEBUG com.github.dockerjava.zerodep.shaded.org.apache.hc.client5.http.wire - http-outgoing-0 >> "Accept-Encoding: gzip, x-gzip, deflate[\r][\n]"
01:14:42.188 [Test worker] DEBUG com.github.dockerjava.zerodep.shaded.org.apache.hc.client5.http.wire - http-outgoing-0 >> "Host: localhost:2375[\r][\n]"
01:14:42.188 [Test worker] DEBUG com.github.dockerjava.zerodep.shaded.org.apache.hc.client5.http.wire - http-outgoing-0 >> "Connection: keep-alive[\r][\n]"
01:14:42.188 [Test worker] DEBUG com.github.dockerjava.zerodep.shaded.org.apache.hc.client5.http.wire - http-outgoing-0 >> "User-Agent: Apache-HttpClient/5.0.3 (Java/17.0.2)[\r][\n]"
01:14:42.188 [Test worker] DEBUG com.github.dockerjava.zerodep.shaded.org.apache.hc.client5.http.wire - http-outgoing-0 >> "[\r][\n]"
01:14:42.196 [Test worker] DEBUG com.github.dockerjava.zerodep.shaded.org.apache.hc.client5.http.wire - http-outgoing-0 << "HTTP/1.1 200 OK[\r][\n]"
01:14:42.196 [Test worker] DEBUG com.github.dockerjava.zerodep.shaded.org.apache.hc.client5.http.wire - http-outgoing-0 << "Api-Version: 1.41[\r][\n]"
01:14:42.197 [Test worker] DEBUG com.github.dockerjava.zerodep.shaded.org.apache.hc.client5.http.wire - http-outgoing-0 << "Content-Type: application/json[\r][\n]"
01:14:42.197 [Test worker] DEBUG com.github.dockerjava.zerodep.shaded.org.apache.hc.client5.http.wire - http-outgoing-0 << "Date: Tue, 28 Mar 2023 04:14:42 GMT[\r][\n]"
01:14:42.197 [Test worker] DEBUG com.github.dockerjava.zerodep.shaded.org.apache.hc.client5.http.wire - http-outgoing-0 << "Docker-Experimental: false[\r][\n]"
01:14:42.197 [Test worker] DEBUG com.github.dockerjava.zerodep.shaded.org.apache.hc.client5.http.wire - http-outgoing-0 << "Ostype: linux[\r][\n]"
01:14:42.197 [Test worker] DEBUG com.github.dockerjava.zerodep.shaded.org.apache.hc.client5.http.wire - http-outgoing-0 << "Server: Docker/20.10.21 (linux)[\r][\n]"
01:14:42.197 [Test worker] DEBUG com.github.dockerjava.zerodep.shaded.org.apache.hc.client5.http.wire - http-outgoing-0 << "Transfer-Encoding: chunked[\r][\n]"
01:14:42.197 [Test worker] DEBUG com.github.dockerjava.zerodep.shaded.org.apache.hc.client5.http.wire - http-outgoing-0 << "[\r][\n]"
01:14:42.197 [Test worker] DEBUG com.github.dockerjava.zerodep.shaded.org.apache.hc.client5.http.headers - http-outgoing-0 << HTTP/1.1 200 OK
01:14:42.197 [Test worker] DEBUG com.github.dockerjava.zerodep.shaded.org.apache.hc.client5.http.headers - http-outgoing-0 << Api-Version: 1.41
01:14:42.197 [Test worker] DEBUG com.github.dockerjava.zerodep.shaded.org.apache.hc.client5.http.headers - http-outgoing-0 << Content-Type: application/json
01:14:42.197 [Test worker] DEBUG com.github.dockerjava.zerodep.shaded.org.apache.hc.client5.http.headers - http-outgoing-0 << Date: Tue, 28 Mar 2023 04:14:42 GMT
01:14:42.197 [Test worker] DEBUG com.github.dockerjava.zerodep.shaded.org.apache.hc.client5.http.headers - http-outgoing-0 << Docker-Experimental: false
01:14:42.197 [Test worker] DEBUG com.github.dockerjava.zerodep.shaded.org.apache.hc.client5.http.headers - http-outgoing-0 << Ostype: linux
01:14:42.197 [Test worker] DEBUG com.github.dockerjava.zerodep.shaded.org.apache.hc.client5.http.headers - http-outgoing-0 << Server: Docker/20.10.21 (linux)
01:14:42.197 [Test worker] DEBUG com.github.dockerjava.zerodep.shaded.org.apache.hc.client5.http.headers - http-outgoing-0 << Transfer-Encoding: chunked
01:14:42.197 [Test worker] DEBUG com.github.dockerjava.zerodep.shaded.org.apache.hc.client5.http.impl.classic.MainClientExec - ex-00000003: connection can be kept alive for 3 MINUTES
01:14:42.197 [Test worker] DEBUG com.github.dockerjava.zerodep.shaded.org.apache.hc.client5.http.wire - http-outgoing-0 << "28d2[\r][\n]"
01:14:42.198 [Test worker] DEBUG com.github.dockerjava.zerodep.shaded.org.apache.hc.client5.http.wire - http-outgoing-0 << "[{"Containers":-1,"Created":1678310826,"Id":"sha256:c7c54c29e20dccc1aefb936c8eba8bb8b98b87a4921102aba87fde2df5810af9","Labels":null,"ParentId":"","RepoDigests":["mysql@sha256:2596158f73606ba571e1af29a9c32bec5dc021a2495e4a70d194a9b49664f4d9"],"RepoTags":["mysql:latest"],"SharedSize":-1,"Size":543741711,"VirtualSize":543741711},{"Containers":-1,"Created":1677981481,"Id":"sha256:7e030d4117537b3c017952a0fe3740fd36cd4ca80673a6f1163c6126700f7bc0","Labels":null,"ParentId":"","RepoDigests":["raderleao/hello-go@sha256:c46eaa9ee67b5f898a321ab4da9fd7dccb9037bc64a396690a845ca0e5a2f02c"],"RepoTags":["raderleao/hello-go:latest"],"SharedSize":-1,"Size":727148229,"VirtualSize":727148229},{"Containers":-1,"Created":1677965913,"Id":"sha256:f833dd120d95ddad280fa5c788edd3279f3b82d230daf15357f01ec33be97bef","Labels":null,"ParentId":"","RepoDigests":["raderleao/hello-go@sha256:a4ffc058d63374cba977e8f10e14d26104ceec18de90d2b68053ebff6f93ac99"],"RepoTags":null,"SharedSize":-1,"Size":727147267,"VirtualSize":727147267},{"Containers":-1,"Created":1677741933,"Id":"sha256:a00136dd338fe3de62080dcce407fedbb7b08c470ad8b6880bd778239669404e","Labels":{"org.opencontainers.image.ref.name":"ubuntu","org.opencontainers.image.version":"22.04"},"ParentId":"","RepoDigests":["sonarqube@sha256:b4855c5db2f0bfbd91b263e5da36e438b8e548d08931cc8fe4cbe461be35c2e9"],"RepoTags":["sonarqube:latest"],"SharedSize":-1,"Size":608149361,"VirtualSize":608149361},{"Containers":-1,"Created":1677376223,"Id":"sha256:8d8acf0abb08d7755d0a823ffe08ee91885aee8fda65f162c5ebbc638f0b8bdb","Labels":null,"ParentId":"","RepoDigests":["raderleao/fullcycle@sha256:4683b243e4f6a30bfeff05c56309ff9ad45fe8819c1403f81e3f1953b5bb9248"],"RepoTags":["raderleao/fullcycle:latest"],"SharedSize":-1,"Size":1245184,"VirtualSize":1245184},{"Containers":-1,"Created":1677375537,"Id":"sha256:1918d530b155c28c7d79eab53db8678de8bf15e388004079599d5bae41776a82","Labels":null,"ParentId":"","RepoDigests":["raderleao/desafio-docker-go@sha256:77470cf4f39855d968a13b186785c59030aa9d560c21a41a9c5a1260e086d907"],"RepoTags":["raderleao/desafio-docker-go:latest"],"SharedSize":-1,"Size":1245184,"VirtualSize":1245184},{"Containers":-1,"Created":1674621598,"Id":"sha256:31bc8a72bbc4fbc082695df8d3a647442077faf383a86056319834dd514cfbab","Labels":null,"ParentId":"","RepoDigests":["raderleao/gerpessoa-api@sha256:117878836478476c0b73e2126afb3ffd8ba85f51af3a89a29a623d6311224fa4"],"RepoTags":["raderleao/gerpessoa-api:latest"],"SharedSize":-1,"Size":555971317,"VirtualSize":555971317},{"Containers":-1,"Created":1666726861,"Id":"sha256:476b7007f4f5bb64e0710a75920b223addbed48f47a026be959da53e7c55b98d","Labels":{},"ParentId":"","RepoDigests":["kindest/node@sha256:f52781bc0d7a19fb6c405c2af83abfeb311f130707a0e219175677e366cc45d1"],"RepoTags":null,"SharedSize":-1,"Size":823565907,"VirtualSize":823565907},{"Containers":-1,"Created":1659017550,"Id":"sha256:5d28cedc492d64d21c11814d84d9d41566f07023b9c95245e163b05acfcb7172","Labels":null,"ParentId":"","RepoDigests":["testcontainers/ryuk@sha256:0c8faa0a3ad1e154f9d8d5d78627b40d7359ff3f7d3f98556aa32157ad8fd924"],"RepoTags":["testcontainers/ryuk:0.3.4"],"SharedSize":-1,"Size":11483382,"VirtualSize":11483382},{"Containers":-1,"Created":1621469295,"Id":"sha256:97c46e854e69160f7ca0064527018a19d083b1ad39a2d0b17436decb501631ab","Labels":{"description":"Metricbeat is a lightweight shipper for metrics.","io.k8s.description":"Metricbeat is a lightweight shipper for metrics.","io.k8s.display-name":"Metricbeat image","license":"Elastic License","maintainer":"infra@elastic.co","name":"metricbeat","org.label-schema.build-date":"2021-05-20T00:06:02Z","org.label-schema.license":"Elastic License","org.label-schema.name":"metricbeat","org.label-schema.schema-version":"1.0","org.label-schema.url":"https://www.elastic.co/beats/metricbeat","org.label-schema.vcs-ref":"054e224d226b42a1dd7c72dcf48c3f18de452e22","org.label-schema.vcs-url":"github.com/elastic/beats/v7","org.label-schema.vendor":"Elastic","org.label-schema.version":"7.13.0","org.opencontainers.image.created":"2021-05-20T00:06:02Z","org.opencontainers.image.licenses":"Elastic License","org.opencontainers.image.title":"Metricbeat","org.opencontainers.image.vendor":"Elastic","release":"1","summary":"metricbeat","url":"https://www.elastic.co/beats/metricbeat","vendor":"Elastic","version":"7.13.0"},"ParentId":"","RepoDigests":["docker.elastic.co/beats/metricbeat@sha256:6941fcefabc4c79306135e689cedaeee38e3fb4c0ee43522a5d366d1966dfa44"],"RepoTags":["docker.elastic.co/beats/metricbeat:7.13.0"],"SharedSize":-1,"Size":633589175,"VirtualSize":633589175},{"Containers":-1,"Created":1621469059,"Id":"sha256:5345ada3ceee387641a7f1c0e5476a458b6fc4e454cf20102ade9d5d92b49302","Labels":{"description":"Ping remote services for availability and log results to Elasticsearch or send to Logstash.","io.k8s.description":"Ping remote services for availability and log results to Elasticsearch or send to Logstash.","io.k8s.display-name":"Heartbeat image","license":"Elastic License","maintainer":"infra@elastic.co","name":"heartbeat","org.label-schema.build-date":"2021-05-20T00:02:07Z","org.label-schema.license":"Elastic License","org.label-schema.name":"heartbeat","org.label-schema.schema-version":"1.0","org.label-schema.url":"https://www.elastic.co/beats/heartbeat","org.label-schema.vcs-ref":"054e224d226b42a1dd7c72dcf48c3f18de452e22","org.label-schema.vcs-url":"github.com/elastic/beats/v7","org.label-schema.vendor":"Elastic","org.label-schema.version":"7.13.0","org.opencontainers.image.created":"2021-05-20T00:02:07Z","org.opencontainers.image.licenses":"Elastic License","org.opencontainers.image.title":"Heartbeat","org.opencontainers.image.vendor":"Elastic","release":"1","summary":"heartbeat","url":"https://www.elastic.co/beats/heartbeat","vendor":"Elastic","version":"7.13.0"},"ParentId":"","RepoDigests":["docker.elastic.co/beats/heartbeat@sha256:94372b4b95c4b9270fd22a480b5b2687e59d5f21eaeefc6babe622213f05f89c"],"RepoTags":["docker.elastic.co/beats/heartbeat:7.13.0"],"SharedSize":-1,"Size":1336109070,"VirtualSize":1336109070},{"Containers":-1,"Created":1621467106,"Id":"sha256:0ba39fdc26dab419de87376ba6b636987d3d5634a0488f49d47314504f7ad481","Labels":{"org.label-schema.build-date":"2021-05-19T23:27:03.161Z","org.label-schema.license":"Elastic License","org.label-schema.name":"Kibana","org.label-schema.schema-version":"1.0","org.label-schema.url":"https://www.elastic.co/products/kibana","org.label-schema.usage":"https://www.elastic.co/guide/en/kibana/reference/index.html","org.label-schema.vcs-ref":"9863e88bd63ad546b9d36e6b0c0c55cb65dd9081","org.label-schema.vcs-url":"https://github.com/elastic/kibana","org.label-schema.vendor":"Elastic","org.label-schema.version":"7.13.0","org.opencontainers.image.created":"2021-05-19T23:27:03.161Z","org.opencontainers.image.documentation":"https://www.elastic.co/guide/en/kibana/reference/index.html","org.opencontainers.image.licenses":"Elastic License","org.opencontainers.image.revision":"9863e88bd63ad546b9d36e6b0c0c55cb65dd9081","org.opencontainers.image.source":"https://github.com/elastic/kibana","org.opencontainers.image.title":"Kibana","org.opencontainers.image.url":"https://www.elastic.co/products/kibana","org.opencontainers.image.vendor":"Elastic","org.opencontainers.image.version":"7.13.0"},"ParentId":"","RepoDigests":["docker.elastic.co/kibana/kibana@sha256:2075b0a1c4881bda1536cd58fc5b240d37871419c9487fd6300c85ae5062f27c"],"RepoTags":["docker.elastic.co/kibana/kibana:7.13.0"],"SharedSize":-1,"Size":1265761165,"VirtualSize":1265761165},{"Containers":-1,"Created":1621466698,"Id":"sha256:6688074378ef10ea49a3a7a6f64348779de563f93dc199fa823ba1970a237889","Labels":{"description":"Elastic APM Server","io.k8s.description":"Elastic APM Server","io.k8s.display-name":"Apm-Server image","license":"ASL 2.0","maintainer":"infra@elastic.co","name":"apm-server","org.label-schema.build-date":"2021-05-19T23:16:13Z","org.label-schema.license":"ASL 2.0","org.label-schema.name":"apm-server","org.label-schema.schema-version":"1.0","org.label-schema.url":"https://www.elastic.co/solutions/apm","org.label-schema.vcs-ref":"f3e7ff7f9dee40259b82cf0bf230df07b89c1ab1","org.label-schema.vcs-"
01:14:42.203 [Test worker] DEBUG com.github.dockerjava.zerodep.shaded.org.apache.hc.client5.http.wire - http-outgoing-0 << "url":"github.com/elastic/apm-server","org.label-schema.vendor":"Elastic","org.label-schema.version":"7.13.0","org.opencontainers.image.created":"2021-05-19T23:16:13Z","org.opencontainers.image.licenses":"ASL 2.0","org.opencontainers.image.title":"Apm-Server","org.opencontainers.image.vendor":"Elastic","release":"1","summary":"apm-server","url":"https://www.elastic.co/solutions/apm","vendor":"Elastic","version":"7.13.0"},"ParentId":"","RepoDigests":["docker.elastic.co/apm/apm-server-oss@sha256:fbc405573930f58da30f8663370dfc5fbadb4d92bbacb22b3c27229401967861"],"RepoTags":["docker.elastic.co/apm/apm-server-oss:7.13.0"],"SharedSize":-1,"Size":561498633,"VirtualSize":561498633},{"Containers":-1,"Created":1621466579,"Id":"sha256:180acac67f2d15cc4296c498d586615f35a5ac5e30be5ceccd23ee1984818d61","Labels":{"org.label-schema.build-date":"2021-05-19T23:18:25.025066927Z","org.label-schema.license":"Elastic-License-2.0","org.label-schema.name":"Elasticsearch","org.label-schema.schema-version":"1.0","org.label-schema.url":"https://www.elastic.co/products/elasticsearch","org.label-schema.usage":"https://www.elastic.co/guide/en/elasticsearch/reference/index.html","org.label-schema.vcs-ref":"5ca8591c6fcdb1260ce95b08a8e023559635c6f3","org.label-schema.vcs-url":"https://github.com/elastic/elasticsearch","org.label-schema.vendor":"Elastic","org.label-schema.version":"7.13.0","org.opencontainers.image.created":"2021-05-19T23:18:25.025066927Z","org.opencontainers.image.documentation":"https://www.elastic.co/guide/en/elasticsearch/reference/index.html","org.opencontainers.image.licenses":"Elastic-License-2.0","org.opencontainers.image.revision":"5ca8591c6fcdb1260ce95b08a8e023559635c6f3","org.opencontainers.image.source":"https://github.com/elastic/elasticsearch","org.opencontainers.image.title":"Elasticsearch","org.opencontainers.image.url":"https://www.elastic.co/products/elasticsearch","org.opencontainers.image.vendor":"Elastic","org.opencontainers.image.version":"7.13.0"},"ParentId":"","RepoDigests":["docker.elastic.co/elasticsearch/elasticsearch@sha256:c7efa0260b40ebe8332c38b113b628bc33f78ab33feb97494a56d1338dc88c12"],"RepoTags":["docker.elastic.co/elasticsearch/elasticsearch:7.13.0"],"SharedSize":-1,"Size":897646467,"VirtualSize":897646467}][\n]"
01:14:42.204 [Test worker] DEBUG com.github.dockerjava.zerodep.shaded.org.apache.hc.client5.http.wire - http-outgoing-0 << "[\r][\n]"
01:14:42.204 [Test worker] DEBUG com.github.dockerjava.zerodep.shaded.org.apache.hc.client5.http.wire - http-outgoing-0 << "0[\r][\n]"
01:14:42.204 [Test worker] DEBUG com.github.dockerjava.zerodep.shaded.org.apache.hc.client5.http.wire - http-outgoing-0 << "[\r][\n]"
01:14:42.204 [Test worker] DEBUG com.github.dockerjava.zerodep.shaded.org.apache.hc.client5.http.impl.classic.InternalHttpClient - ep-00000002: releasing valid endpoint
01:14:42.204 [Test worker] DEBUG com.github.dockerjava.zerodep.shaded.org.apache.hc.client5.http.impl.io.PoolingHttpClientConnectionManager - ep-00000002: releasing endpoint
01:14:42.204 [Test worker] DEBUG com.github.dockerjava.zerodep.shaded.org.apache.hc.client5.http.impl.io.PoolingHttpClientConnectionManager - ep-00000002: connection http-outgoing-0 can be kept alive for 3 MINUTES
01:14:42.204 [Test worker] DEBUG com.github.dockerjava.zerodep.shaded.org.apache.hc.client5.http.impl.io.PoolingHttpClientConnectionManager - ep-00000002: connection released [route: {}->unix://localhost:2375][total available: 1; route allocated: 1 of 2147483647; total allocated: 1 of 2147483647]
01:14:42.206 [Test worker] DEBUG org.testcontainers.images.LocalImagesCache - repoTags is null, skipping image: Image(created=1677965913, id=sha256:f833dd120d95ddad280fa5c788edd3279f3b82d230daf15357f01ec33be97bef, parentId=, repoTags=null, repoDigests=[raderleao/hello-go@sha256:a4ffc058d63374cba977e8f10e14d26104ceec18de90d2b68053ebff6f93ac99], size=727147267, virtualSize=727147267, sharedSize=-1, labels=null, containers=-1)
01:14:42.206 [Test worker] DEBUG org.testcontainers.images.LocalImagesCache - repoTags is null, skipping image: Image(created=1666726861, id=sha256:476b7007f4f5bb64e0710a75920b223addbed48f47a026be959da53e7c55b98d, parentId=, repoTags=null, repoDigests=[kindest/node@sha256:f52781bc0d7a19fb6c405c2af83abfeb311f130707a0e219175677e366cc45d1], size=823565907, virtualSize=823565907, sharedSize=-1, labels={}, containers=-1)
01:14:42.206 [Test worker] DEBUG org.testcontainers.images.AbstractImagePullPolicy - Using locally available and not pulling image: testcontainers/ryuk:0.3.4
01:14:42.206 [Test worker] DEBUG ]]>&#x1f433;<![CDATA[ [testcontainers/ryuk:0.3.4] - Starting container: testcontainers/ryuk:0.3.4
01:14:42.207 [Test worker] DEBUG ]]>&#x1f433;<![CDATA[ [testcontainers/ryuk:0.3.4] - Trying to start container: testcontainers/ryuk:0.3.4 (attempt 1/1)
01:14:42.207 [Test worker] DEBUG ]]>&#x1f433;<![CDATA[ [testcontainers/ryuk:0.3.4] - Starting container: testcontainers/ryuk:0.3.4
01:14:42.207 [Test worker] INFO ]]>&#x1f433;<![CDATA[ [testcontainers/ryuk:0.3.4] - Creating container for image: testcontainers/ryuk:0.3.4
01:14:42.215 [Test worker] DEBUG org.testcontainers.utility.RegistryAuthLocator - Looking up auth config for image: testcontainers/ryuk:0.3.4 at registry: https://index.docker.io/v1/
01:14:42.216 [Test worker] DEBUG org.testcontainers.utility.RegistryAuthLocator - RegistryAuthLocator has configFile: /Users/raderleao/.docker/config.json (exists) and commandPathPrefix: 
01:14:42.216 [Test worker] DEBUG org.testcontainers.utility.RegistryAuthLocator - registryName [https://index.docker.io/v1/] for dockerImageName [testcontainers/ryuk:0.3.4]
01:14:42.216 [Test worker] DEBUG org.testcontainers.utility.RegistryAuthLocator - Executing docker credential provider: docker-credential-desktop to locate auth config for: https://index.docker.io/v1/
01:14:42.220 [Test worker] DEBUG org.testcontainers.shaded.org.zeroturnaround.exec.ProcessExecutor - Executing [docker-credential-desktop, get].
01:14:42.228 [Test worker] DEBUG org.testcontainers.shaded.org.zeroturnaround.exec.ProcessExecutor - Started Process[pid=75362, exitValue="not exited"]
01:14:42.508 [WaitForProcess-Process[pid=75362, exitValue="not exited"]] DEBUG org.testcontainers.shaded.org.zeroturnaround.exec.WaitForProcess - Process[pid=75362, exitValue=0] stopped with exit code 0
01:14:42.509 [Test worker] DEBUG org.testcontainers.utility.RegistryAuthLocator - Credential helper/store provided auth config for: https://index.docker.io/v1/
01:14:42.511 [Test worker] DEBUG org.testcontainers.utility.RegistryAuthLocator - found creds store auth config [AuthConfig{username=raderleao, password=hidden non-blank value, auth=blank, email=null, registryAddress=https://index.docker.io/v1/, registryToken=blank}]
01:14:42.511 [Test worker] DEBUG org.testcontainers.utility.RegistryAuthLocator - Cached auth found: [AuthConfig{username=raderleao, password=hidden non-blank value, auth=blank, email=null, registryAddress=https://index.docker.io/v1/, registryToken=blank}]
01:14:42.511 [Test worker] DEBUG org.testcontainers.dockerclient.AuthDelegatingDockerClientConfig - Effective auth config [AuthConfig{username=raderleao, password=hidden non-blank value, auth=blank, email=null, registryAddress=https://index.docker.io/v1/, registryToken=blank}]
01:14:42.517 [Test worker] DEBUG org.testcontainers.shaded.com.github.dockerjava.core.command.AbstrDockerCmd - Cmd: org.testcontainers.shaded.com.github.dockerjava.core.command.CreateContainerCmdImpl@73437222[aliases=<null>,argsEscaped=<null>,attachStderr=<null>,attachStdin=<null>,attachStdout=<null>,authConfig=AuthConfig(username=raderleao, email=null, registryAddress=https://index.docker.io/v1/, stackOrchestrator=null),cmd={},domainName=<null>,entrypoint=<null>,env={},exposedPorts=ExposedPorts(exposedPorts=[8080/tcp]),healthcheck=<null>,hostConfig=HostConfig(binds=[/var/run/docker.sock:/var/run/docker.sock:rw], blkioWeight=null, blkioWeightDevice=null, blkioDeviceReadBps=null, blkioDeviceWriteBps=null, blkioDeviceReadIOps=null, blkioDeviceWriteIOps=null, memorySwappiness=null, nanoCPUs=null, capAdd=null, capDrop=null, containerIDFile=null, cpuPeriod=null, cpuRealtimePeriod=null, cpuRealtimeRuntime=null, cpuShares=null, cpuQuota=null, cpusetCpus=null, cpusetMems=null, devices=null, deviceCgroupRules=null, deviceRequests=null, diskQuota=null, dns=null, dnsOptions=null, dnsSearch=null, extraHosts=[], groupAdd=null, ipcMode=null, cgroup=null, links=[], logConfig=LogConfig(type=null, config=null), lxcConf=null, memory=null, memorySwap=null, memoryReservation=null, kernelMemory=null, networkMode=null, oomKillDisable=null, init=null, autoRemove=true, oomScoreAdj=null, portBindings={8080/tcp=[Lcom.github.dockerjava.api.model.Ports$Binding;@7bca6fac}, privileged=false, publishAllPorts=null, readonlyRootfs=null, restartPolicy=null, ulimits=null, cpuCount=null, cpuPercent=null, ioMaximumIOps=null, ioMaximumBandwidth=null, volumesFrom=[], mounts=null, pidMode=null, isolation=null, securityOpts=null, storageOpt=null, cgroupParent=null, volumeDriver=null, shmSize=null, pidsLimit=null, runtime=null, tmpFs=null, utSMode=null, usernsMode=null, sysctls=null, consoleSize=null, cgroupnsMode=null),hostName=<null>,image=testcontainers/ryuk:0.3.4,ipv4Address=<null>,ipv6Address=<null>,labels={org.testcontainers=true, org.testcontainers.lang=java, org.testcontainers.version=1.17.6},macAddress=<null>,name=testcontainers-ryuk-71b9672a-6f61-4546-a7b6-d603100b2e56,networkDisabled=<null>,networkingConfig=<null>,onBuild=<null>,platform=<null>,portSpecs=<null>,shell=<null>,stdInOnce=<null>,stdinOpen=<null>,stopSignal=<null>,stopTimeout=<null>,tty=<null>,user=<null>,volumes=Volumes(volumes=[]),workingDir=<null>]
01:14:42.570 [Test worker] DEBUG com.github.dockerjava.zerodep.shaded.org.apache.hc.client5.http.impl.classic.InternalHttpClient - ex-00000004: preparing request execution
01:14:42.570 [Test worker] DEBUG com.github.dockerjava.zerodep.shaded.org.apache.hc.client5.http.protocol.RequestAddCookies - Cookie spec selected: strict
01:14:42.570 [Test worker] DEBUG com.github.dockerjava.zerodep.shaded.org.apache.hc.client5.http.protocol.RequestAuthCache - Auth cache not set in the context
01:14:42.570 [Test worker] DEBUG com.github.dockerjava.zerodep.shaded.org.apache.hc.client5.http.impl.classic.ProtocolExec - ex-00000004: target auth state: UNCHALLENGED
01:14:42.570 [Test worker] DEBUG com.github.dockerjava.zerodep.shaded.org.apache.hc.client5.http.impl.classic.ProtocolExec - ex-00000004: proxy auth state: UNCHALLENGED
01:14:42.570 [Test worker] DEBUG com.github.dockerjava.zerodep.shaded.org.apache.hc.client5.http.impl.classic.ConnectExec - ex-00000004: acquiring connection with route {}->unix://localhost:2375
01:14:42.570 [Test worker] DEBUG com.github.dockerjava.zerodep.shaded.org.apache.hc.client5.http.impl.classic.InternalHttpClient - ex-00000004: acquiring endpoint (3 MINUTES)
01:14:42.570 [Test worker] DEBUG com.github.dockerjava.zerodep.shaded.org.apache.hc.client5.http.impl.io.PoolingHttpClientConnectionManager - ex-00000004: endpoint lease request (3 MINUTES) [route: {}->unix://localhost:2375][total available: 1; route allocated: 1 of 2147483647; total allocated: 1 of 2147483647]
01:14:42.570 [Test worker] DEBUG com.github.dockerjava.zerodep.shaded.org.apache.hc.client5.http.impl.io.PoolingHttpClientConnectionManager - ex-00000004: endpoint leased [route: {}->unix://localhost:2375][total available: 0; route allocated: 1 of 2147483647; total allocated: 1 of 2147483647]
01:14:42.571 [Test worker] DEBUG com.github.dockerjava.zerodep.shaded.org.apache.hc.client5.http.impl.io.PoolingHttpClientConnectionManager - ex-00000004: acquired ep-00000003
01:14:42.571 [Test worker] DEBUG com.github.dockerjava.zerodep.shaded.org.apache.hc.client5.http.impl.classic.InternalHttpClient - ex-00000004: acquired endpoint ep-00000003
01:14:42.571 [Test worker] DEBUG com.github.dockerjava.zerodep.shaded.org.apache.hc.client5.http.impl.classic.MainClientExec - ex-00000004: executing POST /v1.32/containers/create?name=testcontainers-ryuk-71b9672a-6f61-4546-a7b6-d603100b2e56 HTTP/1.1
01:14:42.571 [Test worker] DEBUG com.github.dockerjava.zerodep.shaded.org.apache.hc.client5.http.impl.classic.InternalHttpClient - ep-00000003: start execution ex-00000004
01:14:42.571 [Test worker] DEBUG com.github.dockerjava.zerodep.shaded.org.apache.hc.client5.http.impl.io.PoolingHttpClientConnectionManager - ep-00000003: executing exchange ex-00000004 over http-outgoing-0
01:14:42.571 [Test worker] DEBUG com.github.dockerjava.zerodep.shaded.org.apache.hc.client5.http.headers - http-outgoing-0 >> POST /v1.32/containers/create?name=testcontainers-ryuk-71b9672a-6f61-4546-a7b6-d603100b2e56 HTTP/1.1
01:14:42.571 [Test worker] DEBUG com.github.dockerjava.zerodep.shaded.org.apache.hc.client5.http.headers - http-outgoing-0 >> X-Registry-Auth: eyJ1c2VybmFtZSI6InJhZGVybGVhbyIsInBhc3N3b3JkIjoib2ltYzYwNjBAIiwiZW1haWwiOm51bGwsInNlcnZlcmFkZHJlc3MiOiJodHRwczovL2luZGV4LmRvY2tlci5pby92MS8iLCJhdXRoIjpudWxsLCJyZWdpc3RyeXRva2VuIjpudWxsLCJpZGVudGl0eXRva2VuIjpudWxsLCJzdGFja09yY2hlc3RyYXRvciI6bnVsbH0=
01:14:42.571 [Test worker] DEBUG com.github.dockerjava.zerodep.shaded.org.apache.hc.client5.http.headers - http-outgoing-0 >> accept: application/json
01:14:42.571 [Test worker] DEBUG com.github.dockerjava.zerodep.shaded.org.apache.hc.client5.http.headers - http-outgoing-0 >> content-type: application/json
01:14:42.571 [Test worker] DEBUG com.github.dockerjava.zerodep.shaded.org.apache.hc.client5.http.headers - http-outgoing-0 >> x-tc-sid: 71b9672a-6f61-4546-a7b6-d603100b2e56
01:14:42.571 [Test worker] DEBUG com.github.dockerjava.zerodep.shaded.org.apache.hc.client5.http.headers - http-outgoing-0 >> Accept-Encoding: gzip, x-gzip, deflate
01:14:42.571 [Test worker] DEBUG com.github.dockerjava.zerodep.shaded.org.apache.hc.client5.http.headers - http-outgoing-0 >> Content-Length: 1955
01:14:42.571 [Test worker] DEBUG com.github.dockerjava.zerodep.shaded.org.apache.hc.client5.http.headers - http-outgoing-0 >> Host: localhost:2375
01:14:42.571 [Test worker] DEBUG com.github.dockerjava.zerodep.shaded.org.apache.hc.client5.http.headers - http-outgoing-0 >> Connection: keep-alive
01:14:42.571 [Test worker] DEBUG com.github.dockerjava.zerodep.shaded.org.apache.hc.client5.http.headers - http-outgoing-0 >> User-Agent: Apache-HttpClient/5.0.3 (Java/17.0.2)
01:14:42.571 [Test worker] DEBUG com.github.dockerjava.zerodep.shaded.org.apache.hc.client5.http.wire - http-outgoing-0 >> "POST /v1.32/containers/create?name=testcontainers-ryuk-71b9672a-6f61-4546-a7b6-d603100b2e56 HTTP/1.1[\r][\n]"
01:14:42.571 [Test worker] DEBUG com.github.dockerjava.zerodep.shaded.org.apache.hc.client5.http.wire - http-outgoing-0 >> "X-Registry-Auth: eyJ1c2VybmFtZSI6InJhZGVybGVhbyIsInBhc3N3b3JkIjoib2ltYzYwNjBAIiwiZW1haWwiOm51bGwsInNlcnZlcmFkZHJlc3MiOiJodHRwczovL2luZGV4LmRvY2tlci5pby92MS8iLCJhdXRoIjpudWxsLCJyZWdpc3RyeXRva2VuIjpudWxsLCJpZGVudGl0eXRva2VuIjpudWxsLCJzdGFja09yY2hlc3RyYXRvciI6bnVsbH0=[\r][\n]"
01:14:42.571 [Test worker] DEBUG com.github.dockerjava.zerodep.shaded.org.apache.hc.client5.http.wire - http-outgoing-0 >> "accept: application/json[\r][\n]"
01:14:42.571 [Test worker] DEBUG com.github.dockerjava.zerodep.shaded.org.apache.hc.client5.http.wire - http-outgoing-0 >> "content-type: application/json[\r][\n]"
01:14:42.571 [Test worker] DEBUG com.github.dockerjava.zerodep.shaded.org.apache.hc.client5.http.wire - http-outgoing-0 >> "x-tc-sid: 71b9672a-6f61-4546-a7b6-d603100b2e56[\r][\n]"
01:14:42.571 [Test worker] DEBUG com.github.dockerjava.zerodep.shaded.org.apache.hc.client5.http.wire - http-outgoing-0 >> "Accept-Encoding: gzip, x-gzip, deflate[\r][\n]"
01:14:42.571 [Test worker] DEBUG com.github.dockerjava.zerodep.shaded.org.apache.hc.client5.http.wire - http-outgoing-0 >> "Content-Length: 1955[\r][\n]"
01:14:42.571 [Test worker] DEBUG com.github.dockerjava.zerodep.shaded.org.apache.hc.client5.http.wire - http-outgoing-0 >> "Host: localhost:2375[\r][\n]"
01:14:42.571 [Test worker] DEBUG com.github.dockerjava.zerodep.shaded.org.apache.hc.client5.http.wire - http-outgoing-0 >> "Connection: keep-alive[\r][\n]"
01:14:42.571 [Test worker] DEBUG com.github.dockerjava.zerodep.shaded.org.apache.hc.client5.http.wire - http-outgoing-0 >> "User-Agent: Apache-HttpClient/5.0.3 (Java/17.0.2)[\r][\n]"
01:14:42.571 [Test worker] DEBUG com.github.dockerjava.zerodep.shaded.org.apache.hc.client5.http.wire - http-outgoing-0 >> "[\r][\n]"
01:14:42.571 [Test worker] DEBUG com.github.dockerjava.zerodep.shaded.org.apache.hc.client5.http.wire - http-outgoing-0 >> "{"Hostname":null,"Domainname":null,"User":null,"AttachStdin":null,"AttachStdout":null,"AttachStderr":null,"PortSpecs":null,"Tty":null,"OpenStdin":null,"StdinOnce":null,"Env":[],"Cmd":[],"Healthcheck":null,"ArgsEscaped":null,"Entrypoint":null,"Image":"testcontainers/ryuk:0.3.4","Volumes":{},"WorkingDir":null,"MacAddress":null,"OnBuild":null,"NetworkDisabled":null,"ExposedPorts":{"8080/tcp":{}},"StopSignal":null,"StopTimeout":null,"HostConfig":{"Binds":["/var/run/docker.sock:/var/run/docker.sock:rw"],"BlkioWeight":null,"BlkioWeightDevice":null,"BlkioDeviceReadBps":null,"BlkioDeviceWriteBps":null,"BlkioDeviceReadIOps":null,"BlkioDeviceWriteIOps":null,"MemorySwappiness":null,"NanoCpus":null,"CapAdd":null,"CapDrop":null,"ContainerIDFile":null,"CpuPeriod":null,"CpuRealtimePeriod":null,"CpuRealtimeRuntime":null,"CpuShares":null,"CpuQuota":null,"CpusetCpus":null,"CpusetMems":null,"Devices":null,"DeviceCgroupRules":null,"DeviceRequests":null,"DiskQuota":null,"Dns":null,"DnsOptions":null,"DnsSearch":null,"ExtraHosts":[],"GroupAdd":null,"IpcMode":null,"Cgroup":null,"Links":[],"LogConfig":null,"LxcConf":null,"Memory":null,"MemorySwap":null,"MemoryReservation":null,"KernelMemory":null,"NetworkMode":null,"OomKillDisable":null,"Init":null,"AutoRemove":true,"OomScoreAdj":null,"PortBindings":{"8080/tcp":[{"HostIp":"","HostPort":""}]},"Privileged":false,"PublishAllPorts":null,"ReadonlyRootfs":null,"RestartPolicy":null,"Ulimits":null,"CpuCount":null,"CpuPercent":null,"IOMaximumIOps":null,"IOMaximumBandwidth":null,"VolumesFrom":[],"Mounts":null,"PidMode":null,"Isolation":null,"SecurityOpt":null,"StorageOpt":null,"CgroupParent":null,"VolumeDriver":null,"ShmSize":null,"PidsLimit":null,"Runtime":null,"Tmpfs":null,"UTSMode":null,"UsernsMode":null,"Sysctls":null,"ConsoleSize":null,"CgroupnsMode":null},"Labels":{"org.testcontainers":"true","org.testcontainers.lang":"java","org.testcontainers.version":"1.17.6"},"Shell":null,"NetworkingConfig":null}"
01:14:42.643 [Test worker] DEBUG com.github.dockerjava.zerodep.shaded.org.apache.hc.client5.http.wire - http-outgoing-0 << "HTTP/1.1 201 Created[\r][\n]"
01:14:42.643 [Test worker] DEBUG com.github.dockerjava.zerodep.shaded.org.apache.hc.client5.http.wire - http-outgoing-0 << "Api-Version: 1.41[\r][\n]"
01:14:42.643 [Test worker] DEBUG com.github.dockerjava.zerodep.shaded.org.apache.hc.client5.http.wire - http-outgoing-0 << "Content-Type: application/json[\r][\n]"
01:14:42.643 [Test worker] DEBUG com.github.dockerjava.zerodep.shaded.org.apache.hc.client5.http.wire - http-outgoing-0 << "Date: Tue, 28 Mar 2023 04:14:42 GMT[\r][\n]"
01:14:42.643 [Test worker] DEBUG com.github.dockerjava.zerodep.shaded.org.apache.hc.client5.http.wire - http-outgoing-0 << "Docker-Experimental: false[\r][\n]"
01:14:42.643 [Test worker] DEBUG com.github.dockerjava.zerodep.shaded.org.apache.hc.client5.http.wire - http-outgoing-0 << "Ostype: linux[\r][\n]"
01:14:42.643 [Test worker] DEBUG com.github.dockerjava.zerodep.shaded.org.apache.hc.client5.http.wire - http-outgoing-0 << "Server: Docker/20.10.21 (linux)[\r][\n]"
01:14:42.643 [Test worker] DEBUG com.github.dockerjava.zerodep.shaded.org.apache.hc.client5.http.wire - http-outgoing-0 << "Transfer-Encoding: chunked[\r][\n]"
01:14:42.643 [Test worker] DEBUG com.github.dockerjava.zerodep.shaded.org.apache.hc.client5.http.wire - http-outgoing-0 << "[\r][\n]"
01:14:42.644 [Test worker] DEBUG com.github.dockerjava.zerodep.shaded.org.apache.hc.client5.http.wire - http-outgoing-0 << "58[\r][\n]"
01:14:42.644 [Test worker] DEBUG com.github.dockerjava.zerodep.shaded.org.apache.hc.client5.http.wire - http-outgoing-0 << "{"Id":"a32738688e226f62d9876da2662aa7a2e6ba236411258c2106d8b155dce55f06","Warnings":[]}[\n]"
01:14:42.644 [Test worker] DEBUG com.github.dockerjava.zerodep.shaded.org.apache.hc.client5.http.wire - http-outgoing-0 << "[\r][\n]"
01:14:42.644 [Test worker] DEBUG com.github.dockerjava.zerodep.shaded.org.apache.hc.client5.http.headers - http-outgoing-0 << HTTP/1.1 201 Created
01:14:42.644 [Test worker] DEBUG com.github.dockerjava.zerodep.shaded.org.apache.hc.client5.http.headers - http-outgoing-0 << Api-Version: 1.41
01:14:42.644 [Test worker] DEBUG com.github.dockerjava.zerodep.shaded.org.apache.hc.client5.http.headers - http-outgoing-0 << Content-Type: application/json
01:14:42.644 [Test worker] DEBUG com.github.dockerjava.zerodep.shaded.org.apache.hc.client5.http.headers - http-outgoing-0 << Date: Tue, 28 Mar 2023 04:14:42 GMT
01:14:42.644 [Test worker] DEBUG com.github.dockerjava.zerodep.shaded.org.apache.hc.client5.http.headers - http-outgoing-0 << Docker-Experimental: false
01:14:42.644 [Test worker] DEBUG com.github.dockerjava.zerodep.shaded.org.apache.hc.client5.http.headers - http-outgoing-0 << Ostype: linux
01:14:42.644 [Test worker] DEBUG com.github.dockerjava.zerodep.shaded.org.apache.hc.client5.http.headers - http-outgoing-0 << Server: Docker/20.10.21 (linux)
01:14:42.644 [Test worker] DEBUG com.github.dockerjava.zerodep.shaded.org.apache.hc.client5.http.headers - http-outgoing-0 << Transfer-Encoding: chunked
01:14:42.645 [Test worker] DEBUG com.github.dockerjava.zerodep.shaded.org.apache.hc.client5.http.impl.classic.MainClientExec - ex-00000004: connection can be kept alive for 3 MINUTES
01:14:42.646 [Test worker] DEBUG com.github.dockerjava.zerodep.shaded.org.apache.hc.client5.http.wire - http-outgoing-0 << "0[\r][\n]"
01:14:42.646 [Test worker] DEBUG com.github.dockerjava.zerodep.shaded.org.apache.hc.client5.http.wire - http-outgoing-0 << "[\r][\n]"
01:14:42.646 [Test worker] DEBUG com.github.dockerjava.zerodep.shaded.org.apache.hc.client5.http.impl.classic.InternalHttpClient - ep-00000003: releasing valid endpoint
01:14:42.646 [Test worker] DEBUG com.github.dockerjava.zerodep.shaded.org.apache.hc.client5.http.impl.io.PoolingHttpClientConnectionManager - ep-00000003: releasing endpoint
01:14:42.646 [Test worker] DEBUG com.github.dockerjava.zerodep.shaded.org.apache.hc.client5.http.impl.io.PoolingHttpClientConnectionManager - ep-00000003: connection http-outgoing-0 can be kept alive for 3 MINUTES
01:14:42.646 [Test worker] DEBUG com.github.dockerjava.zerodep.shaded.org.apache.hc.client5.http.impl.io.PoolingHttpClientConnectionManager - ep-00000003: connection released [route: {}->unix://localhost:2375][total available: 1; route allocated: 1 of 2147483647; total allocated: 1 of 2147483647]
01:14:42.649 [Test worker] INFO ]]>&#x1f433;<![CDATA[ [testcontainers/ryuk:0.3.4] - Container testcontainers/ryuk:0.3.4 is starting: a32738688e226f62d9876da2662aa7a2e6ba236411258c2106d8b155dce55f06
01:14:42.650 [Test worker] DEBUG org.testcontainers.shaded.com.github.dockerjava.core.command.AbstrDockerCmd - Cmd: a32738688e226f62d9876da2662aa7a2e6ba236411258c2106d8b155dce55f06
01:14:42.650 [Test worker] DEBUG com.github.dockerjava.zerodep.shaded.org.apache.hc.client5.http.impl.classic.InternalHttpClient - ex-00000005: preparing request execution
01:14:42.651 [Test worker] DEBUG com.github.dockerjava.zerodep.shaded.org.apache.hc.client5.http.protocol.RequestAddCookies - Cookie spec selected: strict
01:14:42.651 [Test worker] DEBUG com.github.dockerjava.zerodep.shaded.org.apache.hc.client5.http.protocol.RequestAuthCache - Auth cache not set in the context
01:14:42.651 [Test worker] DEBUG com.github.dockerjava.zerodep.shaded.org.apache.hc.client5.http.impl.classic.ProtocolExec - ex-00000005: target auth state: UNCHALLENGED
01:14:42.651 [Test worker] DEBUG com.github.dockerjava.zerodep.shaded.org.apache.hc.client5.http.impl.classic.ProtocolExec - ex-00000005: proxy auth state: UNCHALLENGED
01:14:42.651 [Test worker] DEBUG com.github.dockerjava.zerodep.shaded.org.apache.hc.client5.http.impl.classic.ConnectExec - ex-00000005: acquiring connection with route {}->unix://localhost:2375
01:14:42.651 [Test worker] DEBUG com.github.dockerjava.zerodep.shaded.org.apache.hc.client5.http.impl.classic.InternalHttpClient - ex-00000005: acquiring endpoint (3 MINUTES)
01:14:42.651 [Test worker] DEBUG com.github.dockerjava.zerodep.shaded.org.apache.hc.client5.http.impl.io.PoolingHttpClientConnectionManager - ex-00000005: endpoint lease request (3 MINUTES) [route: {}->unix://localhost:2375][total available: 1; route allocated: 1 of 2147483647; total allocated: 1 of 2147483647]
01:14:42.652 [Test worker] DEBUG com.github.dockerjava.zerodep.shaded.org.apache.hc.client5.http.impl.io.PoolingHttpClientConnectionManager - ex-00000005: endpoint leased [route: {}->unix://localhost:2375][total available: 0; route allocated: 1 of 2147483647; total allocated: 1 of 2147483647]
01:14:42.652 [Test worker] DEBUG com.github.dockerjava.zerodep.shaded.org.apache.hc.client5.http.impl.io.PoolingHttpClientConnectionManager - ex-00000005: acquired ep-00000004
01:14:42.652 [Test worker] DEBUG com.github.dockerjava.zerodep.shaded.org.apache.hc.client5.http.impl.classic.InternalHttpClient - ex-00000005: acquired endpoint ep-00000004
01:14:42.652 [Test worker] DEBUG com.github.dockerjava.zerodep.shaded.org.apache.hc.client5.http.impl.classic.MainClientExec - ex-00000005: executing POST /v1.32/containers/a32738688e226f62d9876da2662aa7a2e6ba236411258c2106d8b155dce55f06/start HTTP/1.1
01:14:42.652 [Test worker] DEBUG com.github.dockerjava.zerodep.shaded.org.apache.hc.client5.http.impl.classic.InternalHttpClient - ep-00000004: start execution ex-00000005
01:14:42.652 [Test worker] DEBUG com.github.dockerjava.zerodep.shaded.org.apache.hc.client5.http.impl.io.PoolingHttpClientConnectionManager - ep-00000004: executing exchange ex-00000005 over http-outgoing-0
01:14:42.652 [Test worker] DEBUG com.github.dockerjava.zerodep.shaded.org.apache.hc.client5.http.headers - http-outgoing-0 >> POST /v1.32/containers/a32738688e226f62d9876da2662aa7a2e6ba236411258c2106d8b155dce55f06/start HTTP/1.1
01:14:42.652 [Test worker] DEBUG com.github.dockerjava.zerodep.shaded.org.apache.hc.client5.http.headers - http-outgoing-0 >> accept: application/json
01:14:42.652 [Test worker] DEBUG com.github.dockerjava.zerodep.shaded.org.apache.hc.client5.http.headers - http-outgoing-0 >> content-type: application/json
01:14:42.652 [Test worker] DEBUG com.github.dockerjava.zerodep.shaded.org.apache.hc.client5.http.headers - http-outgoing-0 >> x-tc-sid: 71b9672a-6f61-4546-a7b6-d603100b2e56
01:14:42.652 [Test worker] DEBUG com.github.dockerjava.zerodep.shaded.org.apache.hc.client5.http.headers - http-outgoing-0 >> Accept-Encoding: gzip, x-gzip, deflate
01:14:42.652 [Test worker] DEBUG com.github.dockerjava.zerodep.shaded.org.apache.hc.client5.http.headers - http-outgoing-0 >> Host: localhost:2375
01:14:42.652 [Test worker] DEBUG com.github.dockerjava.zerodep.shaded.org.apache.hc.client5.http.headers - http-outgoing-0 >> Connection: keep-alive
01:14:42.652 [Test worker] DEBUG com.github.dockerjava.zerodep.shaded.org.apache.hc.client5.http.headers - http-outgoing-0 >> User-Agent: Apache-HttpClient/5.0.3 (Java/17.0.2)
01:14:42.652 [Test worker] DEBUG com.github.dockerjava.zerodep.shaded.org.apache.hc.client5.http.wire - http-outgoing-0 >> "POST /v1.32/containers/a32738688e226f62d9876da2662aa7a2e6ba236411258c2106d8b155dce55f06/start HTTP/1.1[\r][\n]"
01:14:42.652 [Test worker] DEBUG com.github.dockerjava.zerodep.shaded.org.apache.hc.client5.http.wire - http-outgoing-0 >> "accept: application/json[\r][\n]"
01:14:42.652 [Test worker] DEBUG com.github.dockerjava.zerodep.shaded.org.apache.hc.client5.http.wire - http-outgoing-0 >> "content-type: application/json[\r][\n]"
01:14:42.652 [Test worker] DEBUG com.github.dockerjava.zerodep.shaded.org.apache.hc.client5.http.wire - http-outgoing-0 >> "x-tc-sid: 71b9672a-6f61-4546-a7b6-d603100b2e56[\r][\n]"
01:14:42.652 [Test worker] DEBUG com.github.dockerjava.zerodep.shaded.org.apache.hc.client5.http.wire - http-outgoing-0 >> "Accept-Encoding: gzip, x-gzip, deflate[\r][\n]"
01:14:42.653 [Test worker] DEBUG com.github.dockerjava.zerodep.shaded.org.apache.hc.client5.http.wire - http-outgoing-0 >> "Host: localhost:2375[\r][\n]"
01:14:42.653 [Test worker] DEBUG com.github.dockerjava.zerodep.shaded.org.apache.hc.client5.http.wire - http-outgoing-0 >> "Connection: keep-alive[\r][\n]"
01:14:42.653 [Test worker] DEBUG com.github.dockerjava.zerodep.shaded.org.apache.hc.client5.http.wire - http-outgoing-0 >> "User-Agent: Apache-HttpClient/5.0.3 (Java/17.0.2)[\r][\n]"
01:14:42.653 [Test worker] DEBUG com.github.dockerjava.zerodep.shaded.org.apache.hc.client5.http.wire - http-outgoing-0 >> "[\r][\n]"
01:14:43.034 [Test worker] DEBUG com.github.dockerjava.zerodep.shaded.org.apache.hc.client5.http.wire - http-outgoing-0 << "HTTP/1.1 204 No Content[\r][\n]"
01:14:43.035 [Test worker] DEBUG com.github.dockerjava.zerodep.shaded.org.apache.hc.client5.http.wire - http-outgoing-0 << "Api-Version: 1.41[\r][\n]"
01:14:43.035 [Test worker] DEBUG com.github.dockerjava.zerodep.shaded.org.apache.hc.client5.http.wire - http-outgoing-0 << "Date: Tue, 28 Mar 2023 04:14:43 GMT[\r][\n]"
01:14:43.035 [Test worker] DEBUG com.github.dockerjava.zerodep.shaded.org.apache.hc.client5.http.wire - http-outgoing-0 << "Docker-Experimental: false[\r][\n]"
01:14:43.035 [Test worker] DEBUG com.github.dockerjava.zerodep.shaded.org.apache.hc.client5.http.wire - http-outgoing-0 << "Ostype: linux[\r][\n]"
01:14:43.035 [Test worker] DEBUG com.github.dockerjava.zerodep.shaded.org.apache.hc.client5.http.wire - http-outgoing-0 << "Server: Docker/20.10.21 (linux)[\r][\n]"
01:14:43.035 [Test worker] DEBUG com.github.dockerjava.zerodep.shaded.org.apache.hc.client5.http.wire - http-outgoing-0 << "[\r][\n]"
01:14:43.035 [Test worker] DEBUG com.github.dockerjava.zerodep.shaded.org.apache.hc.client5.http.headers - http-outgoing-0 << HTTP/1.1 204 No Content
01:14:43.035 [Test worker] DEBUG com.github.dockerjava.zerodep.shaded.org.apache.hc.client5.http.headers - http-outgoing-0 << Api-Version: 1.41
01:14:43.035 [Test worker] DEBUG com.github.dockerjava.zerodep.shaded.org.apache.hc.client5.http.headers - http-outgoing-0 << Date: Tue, 28 Mar 2023 04:14:43 GMT
01:14:43.035 [Test worker] DEBUG com.github.dockerjava.zerodep.shaded.org.apache.hc.client5.http.headers - http-outgoing-0 << Docker-Experimental: false
01:14:43.035 [Test worker] DEBUG com.github.dockerjava.zerodep.shaded.org.apache.hc.client5.http.headers - http-outgoing-0 << Ostype: linux
01:14:43.035 [Test worker] DEBUG com.github.dockerjava.zerodep.shaded.org.apache.hc.client5.http.headers - http-outgoing-0 << Server: Docker/20.10.21 (linux)
01:14:43.036 [Test worker] DEBUG com.github.dockerjava.zerodep.shaded.org.apache.hc.client5.http.impl.classic.MainClientExec - ex-00000005: connection can be kept alive for 3 MINUTES
01:14:43.036 [Test worker] DEBUG com.github.dockerjava.zerodep.shaded.org.apache.hc.client5.http.impl.classic.InternalHttpClient - ep-00000004: releasing valid endpoint
01:14:43.036 [Test worker] DEBUG com.github.dockerjava.zerodep.shaded.org.apache.hc.client5.http.impl.io.PoolingHttpClientConnectionManager - ep-00000004: releasing endpoint
01:14:43.036 [Test worker] DEBUG com.github.dockerjava.zerodep.shaded.org.apache.hc.client5.http.impl.io.PoolingHttpClientConnectionManager - ep-00000004: connection http-outgoing-0 can be kept alive for 3 MINUTES
01:14:43.036 [Test worker] DEBUG com.github.dockerjava.zerodep.shaded.org.apache.hc.client5.http.impl.io.PoolingHttpClientConnectionManager - ep-00000004: connection released [route: {}->unix://localhost:2375][total available: 1; route allocated: 1 of 2147483647; total allocated: 1 of 2147483647]
01:14:43.043 [Test worker] DEBUG org.testcontainers.shaded.com.github.dockerjava.core.command.AbstrDockerCmd - Cmd: a32738688e226f62d9876da2662aa7a2e6ba236411258c2106d8b155dce55f06,false
01:14:43.043 [Test worker] DEBUG org.testcontainers.shaded.com.github.dockerjava.core.exec.InspectContainerCmdExec - GET: DefaultWebTarget{path=[/containers/a32738688e226f62d9876da2662aa7a2e6ba236411258c2106d8b155dce55f06/json], queryParams={}}
01:14:43.043 [Test worker] DEBUG com.github.dockerjava.zerodep.shaded.org.apache.hc.client5.http.impl.classic.InternalHttpClient - ex-00000006: preparing request execution
01:14:43.043 [Test worker] DEBUG com.github.dockerjava.zerodep.shaded.org.apache.hc.client5.http.protocol.RequestAddCookies - Cookie spec selected: strict
01:14:43.044 [Test worker] DEBUG com.github.dockerjava.zerodep.shaded.org.apache.hc.client5.http.protocol.RequestAuthCache - Auth cache not set in the context
01:14:43.044 [Test worker] DEBUG com.github.dockerjava.zerodep.shaded.org.apache.hc.client5.http.impl.classic.ProtocolExec - ex-00000006: target auth state: UNCHALLENGED
01:14:43.044 [Test worker] DEBUG com.github.dockerjava.zerodep.shaded.org.apache.hc.client5.http.impl.classic.ProtocolExec - ex-00000006: proxy auth state: UNCHALLENGED
01:14:43.044 [Test worker] DEBUG com.github.dockerjava.zerodep.shaded.org.apache.hc.client5.http.impl.classic.ConnectExec - ex-00000006: acquiring connection with route {}->unix://localhost:2375
01:14:43.044 [Test worker] DEBUG com.github.dockerjava.zerodep.shaded.org.apache.hc.client5.http.impl.classic.InternalHttpClient - ex-00000006: acquiring endpoint (3 MINUTES)
01:14:43.044 [Test worker] DEBUG com.github.dockerjava.zerodep.shaded.org.apache.hc.client5.http.impl.io.PoolingHttpClientConnectionManager - ex-00000006: endpoint lease request (3 MINUTES) [route: {}->unix://localhost:2375][total available: 1; route allocated: 1 of 2147483647; total allocated: 1 of 2147483647]
01:14:43.044 [Test worker] DEBUG com.github.dockerjava.zerodep.shaded.org.apache.hc.client5.http.impl.io.PoolingHttpClientConnectionManager - ex-00000006: endpoint leased [route: {}->unix://localhost:2375][total available: 0; route allocated: 1 of 2147483647; total allocated: 1 of 2147483647]
01:14:43.044 [Test worker] DEBUG com.github.dockerjava.zerodep.shaded.org.apache.hc.client5.http.impl.io.PoolingHttpClientConnectionManager - ex-00000006: acquired ep-00000005
01:14:43.044 [Test worker] DEBUG com.github.dockerjava.zerodep.shaded.org.apache.hc.client5.http.impl.classic.InternalHttpClient - ex-00000006: acquired endpoint ep-00000005
01:14:43.044 [Test worker] DEBUG com.github.dockerjava.zerodep.shaded.org.apache.hc.client5.http.impl.classic.MainClientExec - ex-00000006: executing GET /v1.32/containers/a32738688e226f62d9876da2662aa7a2e6ba236411258c2106d8b155dce55f06/json HTTP/1.1
01:14:43.044 [Test worker] DEBUG com.github.dockerjava.zerodep.shaded.org.apache.hc.client5.http.impl.classic.InternalHttpClient - ep-00000005: start execution ex-00000006
01:14:43.044 [Test worker] DEBUG com.github.dockerjava.zerodep.shaded.org.apache.hc.client5.http.impl.io.PoolingHttpClientConnectionManager - ep-00000005: executing exchange ex-00000006 over http-outgoing-0
01:14:43.044 [Test worker] DEBUG com.github.dockerjava.zerodep.shaded.org.apache.hc.client5.http.headers - http-outgoing-0 >> GET /v1.32/containers/a32738688e226f62d9876da2662aa7a2e6ba236411258c2106d8b155dce55f06/json HTTP/1.1
01:14:43.044 [Test worker] DEBUG com.github.dockerjava.zerodep.shaded.org.apache.hc.client5.http.headers - http-outgoing-0 >> accept: application/json
01:14:43.044 [Test worker] DEBUG com.github.dockerjava.zerodep.shaded.org.apache.hc.client5.http.headers - http-outgoing-0 >> x-tc-sid: 71b9672a-6f61-4546-a7b6-d603100b2e56
01:14:43.044 [Test worker] DEBUG com.github.dockerjava.zerodep.shaded.org.apache.hc.client5.http.headers - http-outgoing-0 >> Accept-Encoding: gzip, x-gzip, deflate
01:14:43.044 [Test worker] DEBUG com.github.dockerjava.zerodep.shaded.org.apache.hc.client5.http.headers - http-outgoing-0 >> Host: localhost:2375
01:14:43.045 [Test worker] DEBUG com.github.dockerjava.zerodep.shaded.org.apache.hc.client5.http.headers - http-outgoing-0 >> Connection: keep-alive
01:14:43.045 [Test worker] DEBUG com.github.dockerjava.zerodep.shaded.org.apache.hc.client5.http.headers - http-outgoing-0 >> User-Agent: Apache-HttpClient/5.0.3 (Java/17.0.2)
01:14:43.045 [Test worker] DEBUG com.github.dockerjava.zerodep.shaded.org.apache.hc.client5.http.wire - http-outgoing-0 >> "GET /v1.32/containers/a32738688e226f62d9876da2662aa7a2e6ba236411258c2106d8b155dce55f06/json HTTP/1.1[\r][\n]"
01:14:43.045 [Test worker] DEBUG com.github.dockerjava.zerodep.shaded.org.apache.hc.client5.http.wire - http-outgoing-0 >> "accept: application/json[\r][\n]"
01:14:43.045 [Test worker] DEBUG com.github.dockerjava.zerodep.shaded.org.apache.hc.client5.http.wire - http-outgoing-0 >> "x-tc-sid: 71b9672a-6f61-4546-a7b6-d603100b2e56[\r][\n]"
01:14:43.045 [Test worker] DEBUG com.github.dockerjava.zerodep.shaded.org.apache.hc.client5.http.wire - http-outgoing-0 >> "Accept-Encoding: gzip, x-gzip, deflate[\r][\n]"
01:14:43.045 [Test worker] DEBUG com.github.dockerjava.zerodep.shaded.org.apache.hc.client5.http.wire - http-outgoing-0 >> "Host: localhost:2375[\r][\n]"
01:14:43.045 [Test worker] DEBUG com.github.dockerjava.zerodep.shaded.org.apache.hc.client5.http.wire - http-outgoing-0 >> "Connection: keep-alive[\r][\n]"
01:14:43.045 [Test worker] DEBUG com.github.dockerjava.zerodep.shaded.org.apache.hc.client5.http.wire - http-outgoing-0 >> "User-Agent: Apache-HttpClient/5.0.3 (Java/17.0.2)[\r][\n]"
01:14:43.045 [Test worker] DEBUG com.github.dockerjava.zerodep.shaded.org.apache.hc.client5.http.wire - http-outgoing-0 >> "[\r][\n]"
01:14:43.047 [Test worker] DEBUG com.github.dockerjava.zerodep.shaded.org.apache.hc.client5.http.wire - http-outgoing-0 << "HTTP/1.1 200 OK[\r][\n]"
01:14:43.048 [Test worker] DEBUG com.github.dockerjava.zerodep.shaded.org.apache.hc.client5.http.wire - http-outgoing-0 << "Api-Version: 1.41[\r][\n]"
01:14:43.048 [Test worker] DEBUG com.github.dockerjava.zerodep.shaded.org.apache.hc.client5.http.wire - http-outgoing-0 << "Content-Type: application/json[\r][\n]"
01:14:43.048 [Test worker] DEBUG com.github.dockerjava.zerodep.shaded.org.apache.hc.client5.http.wire - http-outgoing-0 << "Date: Tue, 28 Mar 2023 04:14:43 GMT[\r][\n]"
01:14:43.048 [Test worker] DEBUG com.github.dockerjava.zerodep.shaded.org.apache.hc.client5.http.wire - http-outgoing-0 << "Docker-Experimental: false[\r][\n]"
01:14:43.048 [Test worker] DEBUG com.github.dockerjava.zerodep.shaded.org.apache.hc.client5.http.wire - http-outgoing-0 << "Ostype: linux[\r][\n]"
01:14:43.048 [Test worker] DEBUG com.github.dockerjava.zerodep.shaded.org.apache.hc.client5.http.wire - http-outgoing-0 << "Server: Docker/20.10.21 (linux)[\r][\n]"
01:14:43.048 [Test worker] DEBUG com.github.dockerjava.zerodep.shaded.org.apache.hc.client5.http.wire - http-outgoing-0 << "Transfer-Encoding: chunked[\r][\n]"
01:14:43.048 [Test worker] DEBUG com.github.dockerjava.zerodep.shaded.org.apache.hc.client5.http.wire - http-outgoing-0 << "[\r][\n]"
01:14:43.048 [Test worker] DEBUG com.github.dockerjava.zerodep.shaded.org.apache.hc.client5.http.headers - http-outgoing-0 << HTTP/1.1 200 OK
01:14:43.048 [Test worker] DEBUG com.github.dockerjava.zerodep.shaded.org.apache.hc.client5.http.headers - http-outgoing-0 << Api-Version: 1.41
01:14:43.048 [Test worker] DEBUG com.github.dockerjava.zerodep.shaded.org.apache.hc.client5.http.headers - http-outgoing-0 << Content-Type: application/json
01:14:43.048 [Test worker] DEBUG com.github.dockerjava.zerodep.shaded.org.apache.hc.client5.http.headers - http-outgoing-0 << Date: Tue, 28 Mar 2023 04:14:43 GMT
01:14:43.048 [Test worker] DEBUG com.github.dockerjava.zerodep.shaded.org.apache.hc.client5.http.headers - http-outgoing-0 << Docker-Experimental: false
01:14:43.048 [Test worker] DEBUG com.github.dockerjava.zerodep.shaded.org.apache.hc.client5.http.headers - http-outgoing-0 << Ostype: linux
01:14:43.048 [Test worker] DEBUG com.github.dockerjava.zerodep.shaded.org.apache.hc.client5.http.headers - http-outgoing-0 << Server: Docker/20.10.21 (linux)
01:14:43.048 [Test worker] DEBUG com.github.dockerjava.zerodep.shaded.org.apache.hc.client5.http.headers - http-outgoing-0 << Transfer-Encoding: chunked
01:14:43.048 [Test worker] DEBUG com.github.dockerjava.zerodep.shaded.org.apache.hc.client5.http.impl.classic.MainClientExec - ex-00000006: connection can be kept alive for 3 MINUTES
01:14:43.049 [Test worker] DEBUG com.github.dockerjava.zerodep.shaded.org.apache.hc.client5.http.wire - http-outgoing-0 << "143a[\r][\n]"
01:14:43.049 [Test worker] DEBUG com.github.dockerjava.zerodep.shaded.org.apache.hc.client5.http.wire - http-outgoing-0 << "{"Id":"a32738688e226f62d9876da2662aa7a2e6ba236411258c2106d8b155dce55f06","Created":"2023-03-28T04:14:42.600870338Z","Path":"/app","Args":[],"State":{"Status":"running","Running":true,"Paused":false,"Restarting":false,"OOMKilled":false,"Dead":false,"Pid":20033,"ExitCode":0,"Error":"","StartedAt":"2023-03-28T04:14:43.035436171Z","FinishedAt":"0001-01-01T00:00:00Z"},"Image":"sha256:5d28cedc492d64d21c11814d84d9d41566f07023b9c95245e163b05acfcb7172","ResolvConfPath":"/var/lib/docker/containers/a32738688e226f62d9876da2662aa7a2e6ba236411258c2106d8b155dce55f06/resolv.conf","HostnamePath":"/var/lib/docker/containers/a32738688e226f62d9876da2662aa7a2e6ba236411258c2106d8b155dce55f06/hostname","HostsPath":"/var/lib/docker/containers/a32738688e226f62d9876da2662aa7a2e6ba236411258c2106d8b155dce55f06/hosts","LogPath":"/var/lib/docker/containers/a32738688e226f62d9876da2662aa7a2e6ba236411258c2106d8b155dce55f06/a32738688e226f62d9876da2662aa7a2e6ba236411258c2106d8b155dce55f06-json.log","Name":"/testcontainers-ryuk-71b9672a-6f61-4546-a7b6-d603100b2e56","RestartCount":0,"Driver":"overlay2","Platform":"linux","MountLabel":"","ProcessLabel":"","AppArmorProfile":"","ExecIDs":null,"HostConfig":{"Binds":["/var/run/docker.sock:/var/run/docker.sock:rw"],"ContainerIDFile":"","LogConfig":{"Type":"json-file","Config":{}},"NetworkMode":"default","PortBindings":{"8080/tcp":[{"HostIp":"0.0.0.0","HostPort":"0"}]},"RestartPolicy":{"Name":"","MaximumRetryCount":0},"AutoRemove":true,"VolumeDriver":"","VolumesFrom":[],"CapAdd":null,"CapDrop":null,"CgroupnsMode":"private","Dns":null,"DnsOptions":null,"DnsSearch":null,"ExtraHosts":[],"GroupAdd":null,"IpcMode":"shareable","Cgroup":"","Links":null,"OomScoreAdj":0,"PidMode":"","Privileged":false,"PublishAllPorts":false,"ReadonlyRootfs":false,"SecurityOpt":null,"UTSMode":"","UsernsMode":"","ShmSize":67108864,"Runtime":"runc","ConsoleSize":[0,0],"Isolation":"","CpuShares":0,"Memory":0,"NanoCpus":0,"CgroupParent":"","BlkioWeight":0,"BlkioWeightDevice":null,"BlkioDeviceReadBps":null,"BlkioDeviceWriteBps":null,"BlkioDeviceReadIOps":null,"BlkioDeviceWriteIOps":null,"CpuPeriod":0,"CpuQuota":0,"CpuRealtimePeriod":0,"CpuRealtimeRuntime":0,"CpusetCpus":"","CpusetMems":"","Devices":null,"DeviceCgroupRules":null,"DeviceRequests":null,"KernelMemory":0,"KernelMemoryTCP":0,"MemoryReservation":0,"MemorySwap":0,"MemorySwappiness":null,"OomKillDisable":null,"PidsLimit":null,"Ulimits":null,"CpuCount":0,"CpuPercent":0,"IOMaximumIOps":0,"IOMaximumBandwidth":0,"MaskedPaths":["/proc/asound","/proc/acpi","/proc/kcore","/proc/keys","/proc/latency_stats","/proc/timer_list","/proc/timer_stats","/proc/sched_debug","/proc/scsi","/sys/firmware"],"ReadonlyPaths":["/proc/bus","/proc/fs","/proc/irq","/proc/sys","/proc/sysrq-trigger"]},"GraphDriver":{"Data":{"LowerDir":"/var/lib/docker/overlay2/0f7e57e7f69ab7fa9a26ade110a6b6c0da2bef8815c17676969fc011e720d519-init/diff:/var/lib/docker/overlay2/bc20005e8ef20c0d7201a7be3aff7a9162321ec7e8e4a899b9d16bacc7cce38d/diff:/var/lib/docker/overlay2/684320642ff3af40250fafed19cae7fe9d20e6b0a8f266e85219854528717961/diff:/var/lib/docker/overlay2/0ac10462599fa2f7d0cbcdaa05e88abd3f650c04b068983f26d6e2c9f2266a20/diff","MergedDir":"/var/lib/docker/overlay2/0f7e57e7f69ab7fa9a26ade110a6b6c0da2bef8815c17676969fc011e720d519/merged","UpperDir":"/var/lib/docker/overlay2/0f7e57e7f69ab7fa9a26ade110a6b6c0da2bef8815c17676969fc011e720d519/diff","WorkDir":"/var/lib/docker/overlay2/0f7e57e7f69ab7fa9a26ade110a6b6c0da2bef8815c17676969fc011e720d519/work"},"Name":"overlay2"},"Mounts":[{"Type":"bind","Source":"/var/run/docker.sock","Destination":"/var/run/docker.sock","Mode":"rw","RW":true,"Propagation":"rprivate"}],"Config":{"Hostname":"a32738688e22","Domainname":"","User":"","AttachStdin":false,"AttachStdout":false,"AttachStderr":false,"ExposedPorts":{"8080/tcp":{}},"Tty":false,"OpenStdin":false,"StdinOnce":false,"Env":["PATH=/usr/local/sbin:/usr/local/bin:/usr/sbin:/usr/bin:/sbin:/bin"],"Cmd":["/app"],"Image":"testcontainers/ryuk:0.3.4","Volumes":null,"WorkingDir":"","Entrypoint":null,"OnBuild":null,"Labels":{"org.testcontainers":"true","org.testcontainers.lang":"java","org.testcontainers.version":"1.17.6"}},"NetworkSettings":{"Bridge":"","SandboxID":"0077c91752c5fcef233c07d4242fdbddc0400cf42b9157749463ba6adf6e64ac","HairpinMode":false,"LinkLocalIPv6Address":"","LinkLocalIPv6PrefixLen":0,"Ports":{"8080/tcp":[{"HostIp":"0.0.0.0","HostPort":"63817"}]},"SandboxKey":"/var/run/docker/netns/0077c91752c5","SecondaryIPAddresses":null,"SecondaryIPv6Addresses":null,"EndpointID":"69715921628d5e09a369ebf68dbd13353cfe8755abb1ed32b130612fedec20f7","Gateway":"172.17.0.1","GlobalIPv6Address":"","GlobalIPv6PrefixLen":0,"IPAddress":"172.17.0.2","IPPrefixLen":16,"IPv6Gateway":"","MacAddress":"02:42:ac:11:00:02","Networks":{"bridge":{"IPAMConfig":null,"Links":null,"Aliases":null,"NetworkID":"308e234c143065751b16b4500cb9f48d5c7fc2116504b3d816a5e51cd4771062","EndpointID":"69715921628d5e09a369ebf68dbd13353cfe8755abb1ed32b130612fedec20f7","Gateway":"172.17.0.1","IPAddress":"172.17.0.2","IPPrefixLen":16,"IPv6Gateway":"","GlobalIPv6Address":"","GlobalIPv6PrefixLen":0,"MacAddress":"02:42:ac:11:00:02","DriverOpts":null}}}}[\n]"
01:14:43.050 [Test worker] DEBUG com.github.dockerjava.zerodep.shaded.org.apache.hc.client5.http.wire - http-outgoing-0 << "[\r][\n]"
01:14:43.114 [Test worker] DEBUG com.github.dockerjava.zerodep.shaded.org.apache.hc.client5.http.wire - http-outgoing-0 << "0[\r][\n]"
01:14:43.114 [Test worker] DEBUG com.github.dockerjava.zerodep.shaded.org.apache.hc.client5.http.wire - http-outgoing-0 << "[\r][\n]"
01:14:43.114 [Test worker] DEBUG com.github.dockerjava.zerodep.shaded.org.apache.hc.client5.http.impl.classic.InternalHttpClient - ep-00000005: releasing valid endpoint
01:14:43.114 [Test worker] DEBUG com.github.dockerjava.zerodep.shaded.org.apache.hc.client5.http.impl.io.PoolingHttpClientConnectionManager - ep-00000005: releasing endpoint
01:14:43.114 [Test worker] DEBUG com.github.dockerjava.zerodep.shaded.org.apache.hc.client5.http.impl.io.PoolingHttpClientConnectionManager - ep-00000005: connection http-outgoing-0 can be kept alive for 3 MINUTES
01:14:43.114 [Test worker] DEBUG com.github.dockerjava.zerodep.shaded.org.apache.hc.client5.http.impl.io.PoolingHttpClientConnectionManager - ep-00000005: connection released [route: {}->unix://localhost:2375][total available: 1; route allocated: 1 of 2147483647; total allocated: 1 of 2147483647]
01:14:43.123 [docker-java-stream-1138266076] DEBUG com.github.dockerjava.zerodep.shaded.org.apache.hc.client5.http.impl.classic.InternalHttpClient - ex-00000007: preparing request execution
01:14:43.123 [docker-java-stream-1138266076] DEBUG com.github.dockerjava.zerodep.shaded.org.apache.hc.client5.http.protocol.RequestAddCookies - Cookie spec selected: strict
01:14:43.123 [docker-java-stream-1138266076] DEBUG com.github.dockerjava.zerodep.shaded.org.apache.hc.client5.http.protocol.RequestAuthCache - Auth cache not set in the context
01:14:43.123 [docker-java-stream-1138266076] DEBUG com.github.dockerjava.zerodep.shaded.org.apache.hc.client5.http.impl.classic.ProtocolExec - ex-00000007: target auth state: UNCHALLENGED
01:14:43.123 [docker-java-stream-1138266076] DEBUG com.github.dockerjava.zerodep.shaded.org.apache.hc.client5.http.impl.classic.ProtocolExec - ex-00000007: proxy auth state: UNCHALLENGED
01:14:43.123 [docker-java-stream-1138266076] DEBUG com.github.dockerjava.zerodep.shaded.org.apache.hc.client5.http.impl.classic.ConnectExec - ex-00000007: acquiring connection with route {}->unix://localhost:2375
01:14:43.124 [docker-java-stream-1138266076] DEBUG com.github.dockerjava.zerodep.shaded.org.apache.hc.client5.http.impl.classic.InternalHttpClient - ex-00000007: acquiring endpoint (3 MINUTES)
01:14:43.124 [docker-java-stream-1138266076] DEBUG com.github.dockerjava.zerodep.shaded.org.apache.hc.client5.http.impl.io.PoolingHttpClientConnectionManager - ex-00000007: endpoint lease request (3 MINUTES) [route: {}->unix://localhost:2375][total available: 1; route allocated: 1 of 2147483647; total allocated: 1 of 2147483647]
01:14:43.124 [docker-java-stream-1138266076] DEBUG com.github.dockerjava.zerodep.shaded.org.apache.hc.client5.http.impl.io.PoolingHttpClientConnectionManager - ex-00000007: endpoint leased [route: {}->unix://localhost:2375][total available: 0; route allocated: 1 of 2147483647; total allocated: 1 of 2147483647]
01:14:43.124 [docker-java-stream-1138266076] DEBUG com.github.dockerjava.zerodep.shaded.org.apache.hc.client5.http.impl.io.PoolingHttpClientConnectionManager - ex-00000007: acquired ep-00000006
01:14:43.124 [docker-java-stream-1138266076] DEBUG com.github.dockerjava.zerodep.shaded.org.apache.hc.client5.http.impl.classic.InternalHttpClient - ex-00000007: acquired endpoint ep-00000006
01:14:43.125 [docker-java-stream-1138266076] DEBUG com.github.dockerjava.zerodep.shaded.org.apache.hc.client5.http.impl.classic.MainClientExec - ex-00000007: executing GET /v1.32/containers/a32738688e226f62d9876da2662aa7a2e6ba236411258c2106d8b155dce55f06/logs?stdout=true&stderr=true&follow=true&since=0 HTTP/1.1
01:14:43.125 [docker-java-stream-1138266076] DEBUG com.github.dockerjava.zerodep.shaded.org.apache.hc.client5.http.impl.classic.InternalHttpClient - ep-00000006: start execution ex-00000007
01:14:43.125 [docker-java-stream-1138266076] DEBUG com.github.dockerjava.zerodep.shaded.org.apache.hc.client5.http.impl.io.PoolingHttpClientConnectionManager - ep-00000006: executing exchange ex-00000007 over http-outgoing-0
01:14:43.125 [docker-java-stream-1138266076] DEBUG com.github.dockerjava.zerodep.shaded.org.apache.hc.client5.http.headers - http-outgoing-0 >> GET /v1.32/containers/a32738688e226f62d9876da2662aa7a2e6ba236411258c2106d8b155dce55f06/logs?stdout=true&stderr=true&follow=true&since=0 HTTP/1.1
01:14:43.125 [docker-java-stream-1138266076] DEBUG com.github.dockerjava.zerodep.shaded.org.apache.hc.client5.http.headers - http-outgoing-0 >> x-tc-sid: 71b9672a-6f61-4546-a7b6-d603100b2e56
01:14:43.125 [docker-java-stream-1138266076] DEBUG com.github.dockerjava.zerodep.shaded.org.apache.hc.client5.http.headers - http-outgoing-0 >> Accept-Encoding: gzip, x-gzip, deflate
01:14:43.125 [docker-java-stream-1138266076] DEBUG com.github.dockerjava.zerodep.shaded.org.apache.hc.client5.http.headers - http-outgoing-0 >> Host: localhost:2375
01:14:43.125 [docker-java-stream-1138266076] DEBUG com.github.dockerjava.zerodep.shaded.org.apache.hc.client5.http.headers - http-outgoing-0 >> Connection: keep-alive
01:14:43.125 [docker-java-stream-1138266076] DEBUG com.github.dockerjava.zerodep.shaded.org.apache.hc.client5.http.headers - http-outgoing-0 >> User-Agent: Apache-HttpClient/5.0.3 (Java/17.0.2)
01:14:43.125 [docker-java-stream-1138266076] DEBUG com.github.dockerjava.zerodep.shaded.org.apache.hc.client5.http.wire - http-outgoing-0 >> "GET /v1.32/containers/a32738688e226f62d9876da2662aa7a2e6ba236411258c2106d8b155dce55f06/logs?stdout=true&stderr=true&follow=true&since=0 HTTP/1.1[\r][\n]"
01:14:43.125 [docker-java-stream-1138266076] DEBUG com.github.dockerjava.zerodep.shaded.org.apache.hc.client5.http.wire - http-outgoing-0 >> "x-tc-sid: 71b9672a-6f61-4546-a7b6-d603100b2e56[\r][\n]"
01:14:43.125 [docker-java-stream-1138266076] DEBUG com.github.dockerjava.zerodep.shaded.org.apache.hc.client5.http.wire - http-outgoing-0 >> "Accept-Encoding: gzip, x-gzip, deflate[\r][\n]"
01:14:43.125 [docker-java-stream-1138266076] DEBUG com.github.dockerjava.zerodep.shaded.org.apache.hc.client5.http.wire - http-outgoing-0 >> "Host: localhost:2375[\r][\n]"
01:14:43.125 [docker-java-stream-1138266076] DEBUG com.github.dockerjava.zerodep.shaded.org.apache.hc.client5.http.wire - http-outgoing-0 >> "Connection: keep-alive[\r][\n]"
01:14:43.125 [docker-java-stream-1138266076] DEBUG com.github.dockerjava.zerodep.shaded.org.apache.hc.client5.http.wire - http-outgoing-0 >> "User-Agent: Apache-HttpClient/5.0.3 (Java/17.0.2)[\r][\n]"
01:14:43.125 [docker-java-stream-1138266076] DEBUG com.github.dockerjava.zerodep.shaded.org.apache.hc.client5.http.wire - http-outgoing-0 >> "[\r][\n]"
01:14:43.133 [docker-java-stream-1138266076] DEBUG com.github.dockerjava.zerodep.shaded.org.apache.hc.client5.http.wire - http-outgoing-0 << "HTTP/1.1 200 OK[\r][\n]"
01:14:43.134 [docker-java-stream-1138266076] DEBUG com.github.dockerjava.zerodep.shaded.org.apache.hc.client5.http.wire - http-outgoing-0 << "Api-Version: 1.41[\r][\n]"
01:14:43.134 [docker-java-stream-1138266076] DEBUG com.github.dockerjava.zerodep.shaded.org.apache.hc.client5.http.wire - http-outgoing-0 << "Date: Tue, 28 Mar 2023 04:14:43 GMT[\r][\n]"
01:14:43.134 [docker-java-stream-1138266076] DEBUG com.github.dockerjava.zerodep.shaded.org.apache.hc.client5.http.wire - http-outgoing-0 << "Docker-Experimental: false[\r][\n]"
01:14:43.134 [docker-java-stream-1138266076] DEBUG com.github.dockerjava.zerodep.shaded.org.apache.hc.client5.http.wire - http-outgoing-0 << "Ostype: linux[\r][\n]"
01:14:43.134 [docker-java-stream-1138266076] DEBUG com.github.dockerjava.zerodep.shaded.org.apache.hc.client5.http.wire - http-outgoing-0 << "Server: Docker/20.10.21 (linux)[\r][\n]"
01:14:43.134 [docker-java-stream-1138266076] DEBUG com.github.dockerjava.zerodep.shaded.org.apache.hc.client5.http.wire - http-outgoing-0 << "Transfer-Encoding: chunked[\r][\n]"
01:14:43.134 [docker-java-stream-1138266076] DEBUG com.github.dockerjava.zerodep.shaded.org.apache.hc.client5.http.wire - http-outgoing-0 << "[\r][\n]"
01:14:43.134 [docker-java-stream-1138266076] DEBUG com.github.dockerjava.zerodep.shaded.org.apache.hc.client5.http.headers - http-outgoing-0 << HTTP/1.1 200 OK
01:14:43.134 [docker-java-stream-1138266076] DEBUG com.github.dockerjava.zerodep.shaded.org.apache.hc.client5.http.headers - http-outgoing-0 << Api-Version: 1.41
01:14:43.134 [docker-java-stream-1138266076] DEBUG com.github.dockerjava.zerodep.shaded.org.apache.hc.client5.http.headers - http-outgoing-0 << Date: Tue, 28 Mar 2023 04:14:43 GMT
01:14:43.134 [docker-java-stream-1138266076] DEBUG com.github.dockerjava.zerodep.shaded.org.apache.hc.client5.http.headers - http-outgoing-0 << Docker-Experimental: false
01:14:43.134 [docker-java-stream-1138266076] DEBUG com.github.dockerjava.zerodep.shaded.org.apache.hc.client5.http.headers - http-outgoing-0 << Ostype: linux
01:14:43.134 [docker-java-stream-1138266076] DEBUG com.github.dockerjava.zerodep.shaded.org.apache.hc.client5.http.headers - http-outgoing-0 << Server: Docker/20.10.21 (linux)
01:14:43.134 [docker-java-stream-1138266076] DEBUG com.github.dockerjava.zerodep.shaded.org.apache.hc.client5.http.headers - http-outgoing-0 << Transfer-Encoding: chunked
01:14:43.134 [docker-java-stream-1138266076] DEBUG com.github.dockerjava.zerodep.shaded.org.apache.hc.client5.http.impl.classic.MainClientExec - ex-00000007: connection can be kept alive for 3 MINUTES
01:14:43.135 [docker-java-stream-1138266076] DEBUG com.github.dockerjava.zerodep.shaded.org.apache.hc.client5.http.wire - http-outgoing-0 << "c0[\r][\n]"
01:14:43.135 [docker-java-stream-1138266076] DEBUG com.github.dockerjava.zerodep.shaded.org.apache.hc.client5.http.wire - http-outgoing-0 << "[0x2][0x0][0x0][0x0][0x0][0x0][0x0]&2023/03/28 04:14:43 Pinging Docker...[\n]"
01:14:43.135 [docker-java-stream-1138266076] DEBUG com.github.dockerjava.zerodep.shaded.org.apache.hc.client5.http.wire - http-outgoing-0 << "[0x2][0x0][0x0][0x0][0x0][0x0][0x0]02023/03/28 04:14:43 Docker daemon is available![\n]"
01:14:43.135 [docker-java-stream-1138266076] DEBUG com.github.dockerjava.zerodep.shaded.org.apache.hc.client5.http.wire - http-outgoing-0 << "[0x2][0x0][0x0][0x0][0x0][0x0][0x0]-2023/03/28 04:14:43 Starting on port 8080...[\n]"
01:14:43.135 [docker-java-stream-1138266076] DEBUG com.github.dockerjava.zerodep.shaded.org.apache.hc.client5.http.wire - http-outgoing-0 << "[0x2][0x0][0x0][0x0][0x0][0x0][0x0][0x1d]2023/03/28 04:14:43 Started![\n]"
01:14:43.135 [docker-java-stream-1138266076] DEBUG com.github.dockerjava.zerodep.shaded.org.apache.hc.client5.http.wire - http-outgoing-0 << "[\r][\n]"
01:14:43.138 [Test worker] DEBUG org.testcontainers.containers.output.WaitingConsumer - STDERR: 2023/03/28 04:14:43 Pinging Docker...
01:14:43.138 [Test worker] DEBUG org.testcontainers.containers.output.WaitingConsumer - STDERR: 2023/03/28 04:14:43 Started!
01:14:43.140 [Test worker] DEBUG com.github.dockerjava.zerodep.shaded.org.apache.hc.client5.http.impl.classic.InternalHttpClient - ep-00000006: cancel
01:14:43.140 [docker-java-stream-1138266076] DEBUG com.github.dockerjava.zerodep.shaded.org.apache.hc.client5.http.wire - http-outgoing-0 << "[read] I/O error: null"
01:14:43.140 [docker-java-stream-1138266076] DEBUG com.github.dockerjava.zerodep.shaded.org.apache.hc.client5.http.wire - http-outgoing-0 << "[read] I/O error: null"
01:14:43.140 [Test worker] DEBUG com.github.dockerjava.zerodep.shaded.org.apache.hc.client5.http.impl.io.DefaultManagedHttpClientConnection - http-outgoing-0: close connection IMMEDIATE
01:14:43.141 [Test worker] DEBUG com.github.dockerjava.zerodep.shaded.org.apache.hc.client5.http.impl.classic.InternalHttpClient - ep-00000006: endpoint closed
01:14:43.141 [Test worker] DEBUG com.github.dockerjava.zerodep.shaded.org.apache.hc.client5.http.impl.classic.InternalHttpClient - ep-00000006: discarding endpoint
01:14:43.141 [Test worker] DEBUG com.github.dockerjava.zerodep.shaded.org.apache.hc.client5.http.impl.io.PoolingHttpClientConnectionManager - ep-00000006: releasing endpoint
01:14:43.141 [Test worker] DEBUG com.github.dockerjava.zerodep.shaded.org.apache.hc.client5.http.impl.io.PoolingHttpClientConnectionManager - ep-00000006: connection is not kept alive
01:14:43.141 [Test worker] DEBUG com.github.dockerjava.zerodep.shaded.org.apache.hc.client5.http.impl.io.PoolingHttpClientConnectionManager - ep-00000006: connection released [route: {}->unix://localhost:2375][total available: 0; route allocated: 0 of 2147483647; total allocated: 0 of 2147483647]
01:14:43.141 [Test worker] INFO ]]>&#x1f433;<![CDATA[ [testcontainers/ryuk:0.3.4] - Container testcontainers/ryuk:0.3.4 started in PT0.958966S
01:14:43.142 [docker-java-stream-1138266076] DEBUG com.github.dockerjava.zerodep.ApacheDockerHttpClientImpl$ApacheResponse - Failed to close the response
java.nio.channels.ClosedChannelException: null
	at java.base/sun.nio.ch.SocketChannelImpl.ensureOpenAndConnected(SocketChannelImpl.java:215)
	at java.base/sun.nio.ch.SocketChannelImpl.read(SocketChannelImpl.java:403)
	at java.base/sun.nio.ch.ChannelInputStream.read(ChannelInputStream.java:59)
	at java.base/sun.nio.ch.ChannelInputStream.read(ChannelInputStream.java:107)
	at java.base/sun.nio.ch.ChannelInputStream.read(ChannelInputStream.java:101)
	at com.github.dockerjava.zerodep.shaded.org.apache.hc.client5.http.impl.io.LoggingInputStream.read(LoggingInputStream.java:81)
	at com.github.dockerjava.zerodep.shaded.org.apache.hc.core5.http.impl.io.SessionInputBufferImpl.fillBuffer(SessionInputBufferImpl.java:149)
	at com.github.dockerjava.zerodep.shaded.org.apache.hc.core5.http.impl.io.SessionInputBufferImpl.readLine(SessionInputBufferImpl.java:280)
	at com.github.dockerjava.zerodep.shaded.org.apache.hc.core5.http.impl.io.ChunkedInputStream.getChunkSize(ChunkedInputStream.java:261)
	at com.github.dockerjava.zerodep.shaded.org.apache.hc.core5.http.impl.io.ChunkedInputStream.nextChunk(ChunkedInputStream.java:222)
	at com.github.dockerjava.zerodep.shaded.org.apache.hc.core5.http.impl.io.ChunkedInputStream.read(ChunkedInputStream.java:147)
	at com.github.dockerjava.zerodep.shaded.org.apache.hc.core5.http.impl.io.ChunkedInputStream.close(ChunkedInputStream.java:314)
	at com.github.dockerjava.zerodep.shaded.org.apache.hc.core5.io.Closer.close(Closer.java:48)
	at com.github.dockerjava.zerodep.shaded.org.apache.hc.core5.http.impl.io.IncomingHttpEntity.close(IncomingHttpEntity.java:111)
	at com.github.dockerjava.zerodep.shaded.org.apache.hc.core5.http.io.entity.HttpEntityWrapper.close(HttpEntityWrapper.java:120)
	at com.github.dockerjava.zerodep.shaded.org.apache.hc.core5.io.Closer.close(Closer.java:48)
	at com.github.dockerjava.zerodep.shaded.org.apache.hc.core5.http.message.BasicClassicHttpResponse.close(BasicClassicHttpResponse.java:93)
	at com.github.dockerjava.zerodep.shaded.org.apache.hc.client5.http.impl.classic.CloseableHttpResponse.close(CloseableHttpResponse.java:200)
	at com.github.dockerjava.zerodep.ApacheDockerHttpClientImpl$ApacheResponse.close(ApacheDockerHttpClientImpl.java:256)
	at org.testcontainers.shaded.com.github.dockerjava.core.DefaultInvocationBuilder.lambda$executeAndStream$1(DefaultInvocationBuilder.java:277)
	at java.base/java.lang.Thread.run(Thread.java:833)
01:14:43.146 [testcontainers-ryuk] DEBUG org.testcontainers.utility.ResourceReaper - Sending 'label=org.testcontainers%3Dtrue&label=org.testcontainers.lang%3Djava&label=org.testcontainers.version%3D1.17.6&label=org.testcontainers.sessionId%3D71b9672a-6f61-4546-a7b6-d603100b2e56' to Ryuk
01:14:43.158 [testcontainers-ryuk] DEBUG org.testcontainers.utility.RyukResourceReaper - Received 'ACK' from Ryuk
01:14:43.158 [Test worker] INFO org.testcontainers.utility.RyukResourceReaper - Ryuk started - will monitor and terminate Testcontainers containers on JVM exit
01:14:43.158 [Test worker] DEBUG org.testcontainers.DockerClientFactory - Checks are enabled
01:14:43.158 [Test worker] INFO org.testcontainers.DockerClientFactory - Checking the system...
01:14:43.158 [Test worker] INFO org.testcontainers.DockerClientFactory - ✔︎ Docker server version should be at least 1.6.0
01:14:43.161 [Test worker] DEBUG org.testcontainers.utility.PrefixingImageNameSubstitutor - No prefix is configured
01:14:43.161 [Test worker] DEBUG org.testcontainers.utility.ImageNameSubstitutor - Did not find a substitute image for mysql:latest (using image substitutor: DefaultImageNameSubstitutor (composite of 'ConfigurationFileImageNameSubstitutor' and 'PrefixingImageNameSubstitutor'))
01:14:43.161 [Test worker] DEBUG org.testcontainers.images.AbstractImagePullPolicy - Using locally available and not pulling image: mysql:latest
01:14:43.161 [Test worker] DEBUG ]]>&#x1f433;<![CDATA[ [mysql:latest] - Starting container: mysql:latest
01:14:43.161 [Test worker] DEBUG ]]>&#x1f433;<![CDATA[ [mysql:latest] - Trying to start container: mysql:latest (attempt 1/3)
01:14:43.161 [Test worker] DEBUG ]]>&#x1f433;<![CDATA[ [mysql:latest] - Starting container: mysql:latest
01:14:43.161 [Test worker] INFO ]]>&#x1f433;<![CDATA[ [mysql:latest] - Creating container for image: mysql:latest
01:14:43.161 [Test worker] DEBUG org.testcontainers.utility.RegistryAuthLocator - Looking up auth config for image: mysql:latest at registry: https://index.docker.io/v1/
01:14:43.161 [Test worker] DEBUG org.testcontainers.utility.RegistryAuthLocator - Cached auth found: [AuthConfig{username=raderleao, password=hidden non-blank value, auth=blank, email=null, registryAddress=https://index.docker.io/v1/, registryToken=blank}]
01:14:43.161 [Test worker] DEBUG org.testcontainers.dockerclient.AuthDelegatingDockerClientConfig - Effective auth config [AuthConfig{username=raderleao, password=hidden non-blank value, auth=blank, email=null, registryAddress=https://index.docker.io/v1/, registryToken=blank}]
01:14:43.162 [Test worker] DEBUG org.testcontainers.shaded.com.github.dockerjava.core.command.AbstrDockerCmd - Cmd: org.testcontainers.shaded.com.github.dockerjava.core.command.CreateContainerCmdImpl@782be4eb[aliases=<null>,argsEscaped=<null>,attachStderr=<null>,attachStdin=<null>,attachStdout=<null>,authConfig=AuthConfig(username=raderleao, email=null, registryAddress=https://index.docker.io/v1/, stackOrchestrator=null),cmd={},domainName=<null>,entrypoint=<null>,env={MYSQL_DATABASE=adm_videos,MYSQL_PASSWORD=123456,MYSQL_ROOT_PASSWORD=123456},exposedPorts=ExposedPorts(exposedPorts=[3306/tcp]),healthcheck=<null>,hostConfig=HostConfig(binds=[], blkioWeight=null, blkioWeightDevice=null, blkioDeviceReadBps=null, blkioDeviceWriteBps=null, blkioDeviceReadIOps=null, blkioDeviceWriteIOps=null, memorySwappiness=null, nanoCPUs=null, capAdd=null, capDrop=null, containerIDFile=null, cpuPeriod=null, cpuRealtimePeriod=null, cpuRealtimeRuntime=null, cpuShares=null, cpuQuota=null, cpusetCpus=null, cpusetMems=null, devices=null, deviceCgroupRules=null, deviceRequests=null, diskQuota=null, dns=null, dnsOptions=null, dnsSearch=null, extraHosts=[], groupAdd=null, ipcMode=null, cgroup=null, links=[], logConfig=LogConfig(type=null, config=null), lxcConf=null, memory=null, memorySwap=null, memoryReservation=null, kernelMemory=null, networkMode=null, oomKillDisable=null, init=null, autoRemove=null, oomScoreAdj=null, portBindings={3306/tcp=[Lcom.github.dockerjava.api.model.Ports$Binding;@6f1a80fb}, privileged=null, publishAllPorts=null, readonlyRootfs=null, restartPolicy=null, ulimits=null, cpuCount=null, cpuPercent=null, ioMaximumIOps=null, ioMaximumBandwidth=null, volumesFrom=[], mounts=null, pidMode=null, isolation=null, securityOpts=null, storageOpt=null, cgroupParent=null, volumeDriver=null, shmSize=null, pidsLimit=null, runtime=null, tmpFs=null, utSMode=null, usernsMode=null, sysctls=null, consoleSize=null, cgroupnsMode=null),hostName=<null>,image=mysql:latest,ipv4Address=<null>,ipv6Address=<null>,labels={org.testcontainers=true, org.testcontainers.lang=java, org.testcontainers.version=1.17.6, org.testcontainers.sessionId=71b9672a-6f61-4546-a7b6-d603100b2e56},macAddress=<null>,name=<null>,networkDisabled=<null>,networkingConfig=<null>,onBuild=<null>,platform=<null>,portSpecs=<null>,shell=<null>,stdInOnce=<null>,stdinOpen=<null>,stopSignal=<null>,stopTimeout=<null>,tty=<null>,user=<null>,volumes=Volumes(volumes=[]),workingDir=<null>]
01:14:43.164 [Test worker] DEBUG com.github.dockerjava.zerodep.shaded.org.apache.hc.client5.http.impl.classic.InternalHttpClient - ex-00000008: preparing request execution
01:14:43.164 [Test worker] DEBUG com.github.dockerjava.zerodep.shaded.org.apache.hc.client5.http.protocol.RequestAddCookies - Cookie spec selected: strict
01:14:43.165 [Test worker] DEBUG com.github.dockerjava.zerodep.shaded.org.apache.hc.client5.http.protocol.RequestAuthCache - Auth cache not set in the context
01:14:43.165 [Test worker] DEBUG com.github.dockerjava.zerodep.shaded.org.apache.hc.client5.http.impl.classic.ProtocolExec - ex-00000008: target auth state: UNCHALLENGED
01:14:43.165 [Test worker] DEBUG com.github.dockerjava.zerodep.shaded.org.apache.hc.client5.http.impl.classic.ProtocolExec - ex-00000008: proxy auth state: UNCHALLENGED
01:14:43.165 [Test worker] DEBUG com.github.dockerjava.zerodep.shaded.org.apache.hc.client5.http.impl.classic.ConnectExec - ex-00000008: acquiring connection with route {}->unix://localhost:2375
01:14:43.165 [Test worker] DEBUG com.github.dockerjava.zerodep.shaded.org.apache.hc.client5.http.impl.classic.InternalHttpClient - ex-00000008: acquiring endpoint (3 MINUTES)
01:14:43.165 [Test worker] DEBUG com.github.dockerjava.zerodep.shaded.org.apache.hc.client5.http.impl.io.PoolingHttpClientConnectionManager - ex-00000008: endpoint lease request (3 MINUTES) [route: {}->unix://localhost:2375][total available: 0; route allocated: 0 of 2147483647; total allocated: 0 of 2147483647]
01:14:43.165 [Test worker] DEBUG com.github.dockerjava.zerodep.shaded.org.apache.hc.client5.http.impl.io.PoolingHttpClientConnectionManager - ex-00000008: endpoint leased [route: {}->unix://localhost:2375][total available: 0; route allocated: 1 of 2147483647; total allocated: 1 of 2147483647]
01:14:43.165 [Test worker] DEBUG com.github.dockerjava.zerodep.shaded.org.apache.hc.client5.http.impl.io.PoolingHttpClientConnectionManager - ex-00000008: acquired ep-00000007
01:14:43.165 [Test worker] DEBUG com.github.dockerjava.zerodep.shaded.org.apache.hc.client5.http.impl.classic.InternalHttpClient - ex-00000008: acquired endpoint ep-00000007
01:14:43.165 [Test worker] DEBUG com.github.dockerjava.zerodep.shaded.org.apache.hc.client5.http.impl.classic.ConnectExec - ex-00000008: opening connection {}->unix://localhost:2375
01:14:43.165 [Test worker] DEBUG com.github.dockerjava.zerodep.shaded.org.apache.hc.client5.http.impl.classic.InternalHttpClient - ep-00000007: connecting endpoint (3 MINUTES)
01:14:43.165 [Test worker] DEBUG com.github.dockerjava.zerodep.shaded.org.apache.hc.client5.http.impl.io.PoolingHttpClientConnectionManager - ep-00000007: connecting endpoint to unix://localhost:2375 (3 MINUTES)
01:14:43.165 [Test worker] DEBUG com.github.dockerjava.zerodep.shaded.org.apache.hc.client5.http.impl.io.DefaultHttpClientConnectionOperator - http-outgoing-1: connecting to localhost/127.0.0.1:2375
01:14:43.166 [Test worker] DEBUG com.github.dockerjava.zerodep.shaded.org.apache.hc.client5.http.impl.io.DefaultHttpClientConnectionOperator - http-outgoing-1: connection established /var/run/docker.sock<->/var/run/docker.sock
01:14:43.166 [Test worker] DEBUG com.github.dockerjava.zerodep.shaded.org.apache.hc.client5.http.impl.io.PoolingHttpClientConnectionManager - ep-00000007: connected http-outgoing-1
01:14:43.166 [Test worker] DEBUG com.github.dockerjava.zerodep.shaded.org.apache.hc.client5.http.impl.classic.InternalHttpClient - ep-00000007: endpoint connected
01:14:43.166 [Test worker] DEBUG com.github.dockerjava.zerodep.shaded.org.apache.hc.client5.http.impl.classic.MainClientExec - ex-00000008: executing POST /v1.32/containers/create HTTP/1.1
01:14:43.166 [Test worker] DEBUG com.github.dockerjava.zerodep.shaded.org.apache.hc.client5.http.impl.classic.InternalHttpClient - ep-00000007: start execution ex-00000008
01:14:43.166 [Test worker] DEBUG com.github.dockerjava.zerodep.shaded.org.apache.hc.client5.http.impl.io.PoolingHttpClientConnectionManager - ep-00000007: executing exchange ex-00000008 over http-outgoing-1
01:14:43.166 [Test worker] DEBUG com.github.dockerjava.zerodep.shaded.org.apache.hc.client5.http.headers - http-outgoing-1 >> POST /v1.32/containers/create HTTP/1.1
01:14:43.166 [Test worker] DEBUG com.github.dockerjava.zerodep.shaded.org.apache.hc.client5.http.headers - http-outgoing-1 >> X-Registry-Auth: eyJ1c2VybmFtZSI6InJhZGVybGVhbyIsInBhc3N3b3JkIjoib2ltYzYwNjBAIiwiZW1haWwiOm51bGwsInNlcnZlcmFkZHJlc3MiOiJodHRwczovL2luZGV4LmRvY2tlci5pby92MS8iLCJhdXRoIjpudWxsLCJyZWdpc3RyeXRva2VuIjpudWxsLCJpZGVudGl0eXRva2VuIjpudWxsLCJzdGFja09yY2hlc3RyYXRvciI6bnVsbH0=
01:14:43.166 [Test worker] DEBUG com.github.dockerjava.zerodep.shaded.org.apache.hc.client5.http.headers - http-outgoing-1 >> accept: application/json
01:14:43.166 [Test worker] DEBUG com.github.dockerjava.zerodep.shaded.org.apache.hc.client5.http.headers - http-outgoing-1 >> content-type: application/json
01:14:43.166 [Test worker] DEBUG com.github.dockerjava.zerodep.shaded.org.apache.hc.client5.http.headers - http-outgoing-1 >> x-tc-sid: 71b9672a-6f61-4546-a7b6-d603100b2e56
01:14:43.166 [Test worker] DEBUG com.github.dockerjava.zerodep.shaded.org.apache.hc.client5.http.headers - http-outgoing-1 >> Accept-Encoding: gzip, x-gzip, deflate
01:14:43.166 [Test worker] DEBUG com.github.dockerjava.zerodep.shaded.org.apache.hc.client5.http.headers - http-outgoing-1 >> Content-Length: 2045
01:14:43.166 [Test worker] DEBUG com.github.dockerjava.zerodep.shaded.org.apache.hc.client5.http.headers - http-outgoing-1 >> Host: localhost:2375
01:14:43.166 [Test worker] DEBUG com.github.dockerjava.zerodep.shaded.org.apache.hc.client5.http.headers - http-outgoing-1 >> Connection: keep-alive
01:14:43.166 [Test worker] DEBUG com.github.dockerjava.zerodep.shaded.org.apache.hc.client5.http.headers - http-outgoing-1 >> User-Agent: Apache-HttpClient/5.0.3 (Java/17.0.2)
01:14:43.166 [Test worker] DEBUG com.github.dockerjava.zerodep.shaded.org.apache.hc.client5.http.wire - http-outgoing-1 >> "POST /v1.32/containers/create HTTP/1.1[\r][\n]"
01:14:43.166 [Test worker] DEBUG com.github.dockerjava.zerodep.shaded.org.apache.hc.client5.http.wire - http-outgoing-1 >> "X-Registry-Auth: eyJ1c2VybmFtZSI6InJhZGVybGVhbyIsInBhc3N3b3JkIjoib2ltYzYwNjBAIiwiZW1haWwiOm51bGwsInNlcnZlcmFkZHJlc3MiOiJodHRwczovL2luZGV4LmRvY2tlci5pby92MS8iLCJhdXRoIjpudWxsLCJyZWdpc3RyeXRva2VuIjpudWxsLCJpZGVudGl0eXRva2VuIjpudWxsLCJzdGFja09yY2hlc3RyYXRvciI6bnVsbH0=[\r][\n]"
01:14:43.166 [Test worker] DEBUG com.github.dockerjava.zerodep.shaded.org.apache.hc.client5.http.wire - http-outgoing-1 >> "accept: application/json[\r][\n]"
01:14:43.166 [Test worker] DEBUG com.github.dockerjava.zerodep.shaded.org.apache.hc.client5.http.wire - http-outgoing-1 >> "content-type: application/json[\r][\n]"
01:14:43.166 [Test worker] DEBUG com.github.dockerjava.zerodep.shaded.org.apache.hc.client5.http.wire - http-outgoing-1 >> "x-tc-sid: 71b9672a-6f61-4546-a7b6-d603100b2e56[\r][\n]"
01:14:43.166 [Test worker] DEBUG com.github.dockerjava.zerodep.shaded.org.apache.hc.client5.http.wire - http-outgoing-1 >> "Accept-Encoding: gzip, x-gzip, deflate[\r][\n]"
01:14:43.166 [Test worker] DEBUG com.github.dockerjava.zerodep.shaded.org.apache.hc.client5.http.wire - http-outgoing-1 >> "Content-Length: 2045[\r][\n]"
01:14:43.167 [Test worker] DEBUG com.github.dockerjava.zerodep.shaded.org.apache.hc.client5.http.wire - http-outgoing-1 >> "Host: localhost:2375[\r][\n]"
01:14:43.167 [Test worker] DEBUG com.github.dockerjava.zerodep.shaded.org.apache.hc.client5.http.wire - http-outgoing-1 >> "Connection: keep-alive[\r][\n]"
01:14:43.167 [Test worker] DEBUG com.github.dockerjava.zerodep.shaded.org.apache.hc.client5.http.wire - http-outgoing-1 >> "User-Agent: Apache-HttpClient/5.0.3 (Java/17.0.2)[\r][\n]"
01:14:43.167 [Test worker] DEBUG com.github.dockerjava.zerodep.shaded.org.apache.hc.client5.http.wire - http-outgoing-1 >> "[\r][\n]"
01:14:43.167 [Test worker] DEBUG com.github.dockerjava.zerodep.shaded.org.apache.hc.client5.http.wire - http-outgoing-1 >> "{"Hostname":null,"Domainname":null,"User":null,"AttachStdin":null,"AttachStdout":null,"AttachStderr":null,"PortSpecs":null,"Tty":null,"OpenStdin":null,"StdinOnce":null,"Env":["MYSQL_DATABASE=adm_videos","MYSQL_PASSWORD=123456","MYSQL_ROOT_PASSWORD=123456"],"Cmd":[],"Healthcheck":null,"ArgsEscaped":null,"Entrypoint":null,"Image":"mysql:latest","Volumes":{},"WorkingDir":null,"MacAddress":null,"OnBuild":null,"NetworkDisabled":null,"ExposedPorts":{"3306/tcp":{}},"StopSignal":null,"StopTimeout":null,"HostConfig":{"Binds":[],"BlkioWeight":null,"BlkioWeightDevice":null,"BlkioDeviceReadBps":null,"BlkioDeviceWriteBps":null,"BlkioDeviceReadIOps":null,"BlkioDeviceWriteIOps":null,"MemorySwappiness":null,"NanoCpus":null,"CapAdd":null,"CapDrop":null,"ContainerIDFile":null,"CpuPeriod":null,"CpuRealtimePeriod":null,"CpuRealtimeRuntime":null,"CpuShares":null,"CpuQuota":null,"CpusetCpus":null,"CpusetMems":null,"Devices":null,"DeviceCgroupRules":null,"DeviceRequests":null,"DiskQuota":null,"Dns":null,"DnsOptions":null,"DnsSearch":null,"ExtraHosts":[],"GroupAdd":null,"IpcMode":null,"Cgroup":null,"Links":[],"LogConfig":null,"LxcConf":null,"Memory":null,"MemorySwap":null,"MemoryReservation":null,"KernelMemory":null,"NetworkMode":null,"OomKillDisable":null,"Init":null,"AutoRemove":null,"OomScoreAdj":null,"PortBindings":{"3306/tcp":[{"HostIp":"","HostPort":""}]},"Privileged":null,"PublishAllPorts":null,"ReadonlyRootfs":null,"RestartPolicy":null,"Ulimits":null,"CpuCount":null,"CpuPercent":null,"IOMaximumIOps":null,"IOMaximumBandwidth":null,"VolumesFrom":[],"Mounts":null,"PidMode":null,"Isolation":null,"SecurityOpt":null,"StorageOpt":null,"CgroupParent":null,"VolumeDriver":null,"ShmSize":null,"PidsLimit":null,"Runtime":null,"Tmpfs":null,"UTSMode":null,"UsernsMode":null,"Sysctls":null,"ConsoleSize":null,"CgroupnsMode":null},"Labels":{"org.testcontainers":"true","org.testcontainers.lang":"java","org.testcontainers.version":"1.17.6","org.testcontainers.sessionId":"71b9672a-6f61-4546-a7b6-d603100b2e56"},"Shell":null,"NetworkingConfig":null}"
01:14:43.200 [Test worker] DEBUG com.github.dockerjava.zerodep.shaded.org.apache.hc.client5.http.wire - http-outgoing-1 << "HTTP/1.1 201 Created[\r][\n]"
01:14:43.201 [Test worker] DEBUG com.github.dockerjava.zerodep.shaded.org.apache.hc.client5.http.wire - http-outgoing-1 << "Api-Version: 1.41[\r][\n]"
01:14:43.201 [Test worker] DEBUG com.github.dockerjava.zerodep.shaded.org.apache.hc.client5.http.wire - http-outgoing-1 << "Content-Type: application/json[\r][\n]"
01:14:43.201 [Test worker] DEBUG com.github.dockerjava.zerodep.shaded.org.apache.hc.client5.http.wire - http-outgoing-1 << "Date: Tue, 28 Mar 2023 04:14:43 GMT[\r][\n]"
01:14:43.201 [Test worker] DEBUG com.github.dockerjava.zerodep.shaded.org.apache.hc.client5.http.wire - http-outgoing-1 << "Docker-Experimental: false[\r][\n]"
01:14:43.201 [Test worker] DEBUG com.github.dockerjava.zerodep.shaded.org.apache.hc.client5.http.wire - http-outgoing-1 << "Ostype: linux[\r][\n]"
01:14:43.201 [Test worker] DEBUG com.github.dockerjava.zerodep.shaded.org.apache.hc.client5.http.wire - http-outgoing-1 << "Server: Docker/20.10.21 (linux)[\r][\n]"
01:14:43.201 [Test worker] DEBUG com.github.dockerjava.zerodep.shaded.org.apache.hc.client5.http.wire - http-outgoing-1 << "Transfer-Encoding: chunked[\r][\n]"
01:14:43.201 [Test worker] DEBUG com.github.dockerjava.zerodep.shaded.org.apache.hc.client5.http.wire - http-outgoing-1 << "[\r][\n]"
01:14:43.201 [Test worker] DEBUG com.github.dockerjava.zerodep.shaded.org.apache.hc.client5.http.wire - http-outgoing-1 << "58[\r][\n]"
01:14:43.201 [Test worker] DEBUG com.github.dockerjava.zerodep.shaded.org.apache.hc.client5.http.wire - http-outgoing-1 << "{"Id":"cd5ecdf38df06b4092e6cf67100cd20ad9c3cb4b6e9303874a7bd89885b140c9","Warnings":[]}[\n]"
01:14:43.201 [Test worker] DEBUG com.github.dockerjava.zerodep.shaded.org.apache.hc.client5.http.wire - http-outgoing-1 << "[\r][\n]"
01:14:43.201 [Test worker] DEBUG com.github.dockerjava.zerodep.shaded.org.apache.hc.client5.http.headers - http-outgoing-1 << HTTP/1.1 201 Created
01:14:43.201 [Test worker] DEBUG com.github.dockerjava.zerodep.shaded.org.apache.hc.client5.http.headers - http-outgoing-1 << Api-Version: 1.41
01:14:43.201 [Test worker] DEBUG com.github.dockerjava.zerodep.shaded.org.apache.hc.client5.http.headers - http-outgoing-1 << Content-Type: application/json
01:14:43.201 [Test worker] DEBUG com.github.dockerjava.zerodep.shaded.org.apache.hc.client5.http.headers - http-outgoing-1 << Date: Tue, 28 Mar 2023 04:14:43 GMT
01:14:43.201 [Test worker] DEBUG com.github.dockerjava.zerodep.shaded.org.apache.hc.client5.http.headers - http-outgoing-1 << Docker-Experimental: false
01:14:43.202 [Test worker] DEBUG com.github.dockerjava.zerodep.shaded.org.apache.hc.client5.http.headers - http-outgoing-1 << Ostype: linux
01:14:43.202 [Test worker] DEBUG com.github.dockerjava.zerodep.shaded.org.apache.hc.client5.http.headers - http-outgoing-1 << Server: Docker/20.10.21 (linux)
01:14:43.202 [Test worker] DEBUG com.github.dockerjava.zerodep.shaded.org.apache.hc.client5.http.headers - http-outgoing-1 << Transfer-Encoding: chunked
01:14:43.202 [Test worker] DEBUG com.github.dockerjava.zerodep.shaded.org.apache.hc.client5.http.impl.classic.MainClientExec - ex-00000008: connection can be kept alive for 3 MINUTES
01:14:43.202 [Test worker] DEBUG com.github.dockerjava.zerodep.shaded.org.apache.hc.client5.http.wire - http-outgoing-1 << "0[\r][\n]"
01:14:43.202 [Test worker] DEBUG com.github.dockerjava.zerodep.shaded.org.apache.hc.client5.http.wire - http-outgoing-1 << "[\r][\n]"
01:14:43.202 [Test worker] DEBUG com.github.dockerjava.zerodep.shaded.org.apache.hc.client5.http.impl.classic.InternalHttpClient - ep-00000007: releasing valid endpoint
01:14:43.202 [Test worker] DEBUG com.github.dockerjava.zerodep.shaded.org.apache.hc.client5.http.impl.io.PoolingHttpClientConnectionManager - ep-00000007: releasing endpoint
01:14:43.202 [Test worker] DEBUG com.github.dockerjava.zerodep.shaded.org.apache.hc.client5.http.impl.io.PoolingHttpClientConnectionManager - ep-00000007: connection http-outgoing-1 can be kept alive for 3 MINUTES
01:14:43.202 [Test worker] DEBUG com.github.dockerjava.zerodep.shaded.org.apache.hc.client5.http.impl.io.PoolingHttpClientConnectionManager - ep-00000007: connection released [route: {}->unix://localhost:2375][total available: 1; route allocated: 1 of 2147483647; total allocated: 1 of 2147483647]
01:14:43.204 [Test worker] DEBUG org.testcontainers.utility.MountableFile - Copying classpath resource(s) from jar:file:/Users/raderleao/.gradle/caches/modules-2/files-2.1/org.testcontainers/mysql/1.17.6/2a7c95202abd34a2688e4030eab97a41e615ea79/mysql-1.17.6.jar!/mysql-default-conf to /tmp/.testcontainers-tmp-9998402565745987347 to permit Docker to bind
01:14:43.205 [Test worker] DEBUG org.testcontainers.utility.MountableFile - Copying resource mysql-default-conf from JAR file /Users/raderleao/.gradle/caches/modules-2/files-2.1/org.testcontainers/mysql/1.17.6/2a7c95202abd34a2688e4030eab97a41e615ea79/mysql-1.17.6.jar
01:14:43.205 [Test worker] DEBUG org.testcontainers.utility.MountableFile - Copying classpath resource(s) from jar:file:/Users/raderleao/.gradle/caches/modules-2/files-2.1/org.testcontainers/mysql/1.17.6/2a7c95202abd34a2688e4030eab97a41e615ea79/mysql-1.17.6.jar!/mysql-default-conf to /tmp/.testcontainers-tmp-9998402565745987347 to permit Docker to bind
01:14:43.205 [Test worker] DEBUG org.testcontainers.utility.MountableFile - Copying resource mysql-default-conf from JAR file /Users/raderleao/.gradle/caches/modules-2/files-2.1/org.testcontainers/mysql/1.17.6/2a7c95202abd34a2688e4030eab97a41e615ea79/mysql-1.17.6.jar
01:14:43.219 [Test worker] DEBUG org.testcontainers.shaded.com.github.dockerjava.core.command.AbstrDockerCmd - Cmd: org.testcontainers.shaded.com.github.dockerjava.core.command.CopyArchiveToContainerCmdImpl@68880c21[cp ,<null>, ,cd5ecdf38df06b4092e6cf67100cd20ad9c3cb4b6e9303874a7bd89885b140c9,:,/]
01:14:43.221 [Test worker] DEBUG com.github.dockerjava.zerodep.shaded.org.apache.hc.client5.http.impl.classic.InternalHttpClient - ex-00000009: preparing request execution
01:14:43.222 [Test worker] DEBUG com.github.dockerjava.zerodep.shaded.org.apache.hc.client5.http.protocol.RequestAddCookies - Cookie spec selected: strict
01:14:43.222 [Test worker] DEBUG com.github.dockerjava.zerodep.shaded.org.apache.hc.client5.http.protocol.RequestAuthCache - Auth cache not set in the context
01:14:43.222 [Test worker] DEBUG com.github.dockerjava.zerodep.shaded.org.apache.hc.client5.http.impl.classic.ProtocolExec - ex-00000009: target auth state: UNCHALLENGED
01:14:43.222 [Test worker] DEBUG com.github.dockerjava.zerodep.shaded.org.apache.hc.client5.http.impl.classic.ProtocolExec - ex-00000009: proxy auth state: UNCHALLENGED
01:14:43.222 [Test worker] DEBUG com.github.dockerjava.zerodep.shaded.org.apache.hc.client5.http.impl.classic.ConnectExec - ex-00000009: acquiring connection with route {}->unix://localhost:2375
01:14:43.222 [Test worker] DEBUG com.github.dockerjava.zerodep.shaded.org.apache.hc.client5.http.impl.classic.InternalHttpClient - ex-00000009: acquiring endpoint (3 MINUTES)
01:14:43.223 [Test worker] DEBUG com.github.dockerjava.zerodep.shaded.org.apache.hc.client5.http.impl.io.PoolingHttpClientConnectionManager - ex-00000009: endpoint lease request (3 MINUTES) [route: {}->unix://localhost:2375][total available: 1; route allocated: 1 of 2147483647; total allocated: 1 of 2147483647]
01:14:43.223 [Test worker] DEBUG com.github.dockerjava.zerodep.shaded.org.apache.hc.client5.http.impl.io.PoolingHttpClientConnectionManager - ex-00000009: endpoint leased [route: {}->unix://localhost:2375][total available: 0; route allocated: 1 of 2147483647; total allocated: 1 of 2147483647]
01:14:43.223 [Test worker] DEBUG com.github.dockerjava.zerodep.shaded.org.apache.hc.client5.http.impl.io.PoolingHttpClientConnectionManager - ex-00000009: acquired ep-00000008
01:14:43.223 [Test worker] DEBUG com.github.dockerjava.zerodep.shaded.org.apache.hc.client5.http.impl.classic.InternalHttpClient - ex-00000009: acquired endpoint ep-00000008
01:14:43.224 [Test worker] DEBUG com.github.dockerjava.zerodep.shaded.org.apache.hc.client5.http.impl.classic.MainClientExec - ex-00000009: executing PUT /v1.32/containers/cd5ecdf38df06b4092e6cf67100cd20ad9c3cb4b6e9303874a7bd89885b140c9/archive?noOverwriteDirNonDir=false&path=%2F HTTP/1.1
01:14:43.224 [Test worker] DEBUG com.github.dockerjava.zerodep.shaded.org.apache.hc.client5.http.impl.classic.InternalHttpClient - ep-00000008: start execution ex-00000009
01:14:43.224 [Test worker] DEBUG com.github.dockerjava.zerodep.shaded.org.apache.hc.client5.http.impl.io.PoolingHttpClientConnectionManager - ep-00000008: executing exchange ex-00000009 over http-outgoing-1
01:14:43.224 [Test worker] DEBUG com.github.dockerjava.zerodep.shaded.org.apache.hc.client5.http.headers - http-outgoing-1 >> PUT /v1.32/containers/cd5ecdf38df06b4092e6cf67100cd20ad9c3cb4b6e9303874a7bd89885b140c9/archive?noOverwriteDirNonDir=false&path=%2F HTTP/1.1
01:14:43.225 [Test worker] DEBUG com.github.dockerjava.zerodep.shaded.org.apache.hc.client5.http.headers - http-outgoing-1 >> content-type: APPLICATION_X_TAR
01:14:43.225 [Test worker] DEBUG com.github.dockerjava.zerodep.shaded.org.apache.hc.client5.http.headers - http-outgoing-1 >> x-tc-sid: 71b9672a-6f61-4546-a7b6-d603100b2e56
01:14:43.225 [Test worker] DEBUG com.github.dockerjava.zerodep.shaded.org.apache.hc.client5.http.headers - http-outgoing-1 >> Accept-Encoding: gzip, x-gzip, deflate
01:14:43.225 [Test worker] DEBUG com.github.dockerjava.zerodep.shaded.org.apache.hc.client5.http.headers - http-outgoing-1 >> Transfer-Encoding: chunked
01:14:43.225 [Test worker] DEBUG com.github.dockerjava.zerodep.shaded.org.apache.hc.client5.http.headers - http-outgoing-1 >> Host: localhost:2375
01:14:43.225 [Test worker] DEBUG com.github.dockerjava.zerodep.shaded.org.apache.hc.client5.http.headers - http-outgoing-1 >> Connection: keep-alive
01:14:43.225 [Test worker] DEBUG com.github.dockerjava.zerodep.shaded.org.apache.hc.client5.http.headers - http-outgoing-1 >> User-Agent: Apache-HttpClient/5.0.3 (Java/17.0.2)
01:14:43.225 [Test worker] DEBUG com.github.dockerjava.zerodep.shaded.org.apache.hc.client5.http.wire - http-outgoing-1 >> "PUT /v1.32/containers/cd5ecdf38df06b4092e6cf67100cd20ad9c3cb4b6e9303874a7bd89885b140c9/archive?noOverwriteDirNonDir=false&path=%2F HTTP/1.1[\r][\n]"
01:14:43.225 [Test worker] DEBUG com.github.dockerjava.zerodep.shaded.org.apache.hc.client5.http.wire - http-outgoing-1 >> "content-type: APPLICATION_X_TAR[\r][\n]"
01:14:43.225 [Test worker] DEBUG com.github.dockerjava.zerodep.shaded.org.apache.hc.client5.http.wire - http-outgoing-1 >> "x-tc-sid: 71b9672a-6f61-4546-a7b6-d603100b2e56[\r][\n]"
01:14:43.225 [Test worker] DEBUG com.github.dockerjava.zerodep.shaded.org.apache.hc.client5.http.wire - http-outgoing-1 >> "Accept-Encoding: gzip, x-gzip, deflate[\r][\n]"
01:14:43.225 [Test worker] DEBUG com.github.dockerjava.zerodep.shaded.org.apache.hc.client5.http.wire - http-outgoing-1 >> "Transfer-Encoding: chunked[\r][\n]"
01:14:43.225 [Test worker] DEBUG com.github.dockerjava.zerodep.shaded.org.apache.hc.client5.http.wire - http-outgoing-1 >> "Host: localhost:2375[\r][\n]"
01:14:43.225 [Test worker] DEBUG com.github.dockerjava.zerodep.shaded.org.apache.hc.client5.http.wire - http-outgoing-1 >> "Connection: keep-alive[\r][\n]"
01:14:43.225 [Test worker] DEBUG com.github.dockerjava.zerodep.shaded.org.apache.hc.client5.http.wire - http-outgoing-1 >> "User-Agent: Apache-HttpClient/5.0.3 (Java/17.0.2)[\r][\n]"
01:14:43.225 [Test worker] DEBUG com.github.dockerjava.zerodep.shaded.org.apache.hc.client5.http.wire - http-outgoing-1 >> "[\r][\n]"
01:14:43.225 [Test worker] DEBUG com.github.dockerjava.zerodep.shaded.org.apache.hc.client5.http.wire - http-outgoing-1 >> "1000[\r][\n]"
01:14:43.226 [Test worker] DEBUG com.github.dockerjava.zerodep.shaded.org.apache.hc.client5.http.wire - http-outgoing-1 >> "./PaxHeaders.X/etc_mysql_conf.d_[0x0][0x0][0x0][0x0][0x0][0x0][0x0][0x0][0x0][0x0][0x0][0x0][0x0][0x0][0x0][0x0][0x0][0x0][0x0][0x0][0x0][0x0][0x0][0x0][0x0][0x0][0x0][0x0][0x0][0x0][0x0][0x0][0x0][0x0][0x0][0x0][0x0][0x0][0x0][0x0][0x0][0x0][0x0][0x0][0x0][0x0][0x0][0x0][0x0][0x0][0x0][0x0][0x0][0x0][0x0][0x0][0x0][0x0][0x0][0x0][0x0][0x0][0x0][0x0][0x0][0x0][0x0][0x0]0100644 0000000 0000000 00000000172 14410464663 015625[0x0] x[0x0][0x0][0x0][0x0][0x0][0x0][0x0][0x0][0x0][0x0][0x0][0x0][0x0][0x0][0x0][0x0][0x0][0x0][0x0][0x0][0x0][0x0][0x0][0x0][0x0][0x0][0x0][0x0][0x0][0x0][0x0][0x0][0x0][0x0][0x0][0x0][0x0][0x0][0x0][0x0][0x0][0x0][0x0][0x0][0x0][0x0][0x0][0x0][0x0][0x0][0x0][0x0][0x0][0x0][0x0][0x0][0x0][0x0][0x0][0x0][0x0][0x0][0x0][0x0][0x0][0x0][0x0][0x0][0x0][0x0][0x0][0x0][0x0][0x0][0x0][0x0][0x0][0x0][0x0][0x0][0x0][0x0][0x0][0x0][0x0][0x0][0x0][0x0][0x0][0x0][0x0][0x0][0x0][0x0][0x0][0x0][0x0][0x0][0x0][0x0]ustar[0x0]00[0x0][0x0][0x0][0x0][0x0][0x0][0x0][0x0][0x0][0x0][0x0][0x0][0x0][0x0][0x0][0x0][0x0][0x0][0x0][0x0][0x0][0x0][0x0][0x0][0x0][0x0][0x0][0x0][0x0][0x0][0x0][0x0][0x0][0x0][0x0][0x0][0x0][0x0][0x0][0x0][0x0][0x0][0x0][0x0][0x0][0x0][0x0][0x0][0x0][0x0][0x0][0x0][0x0][0x0][0x0][0x0][0x0][0x0][0x0][0x0][0x0][0x0][0x0][0x0]0000000 0000000 [0x0][0x0][0x0][0x0][0x0][0x0][0x0][0x0][0x0][0x0][0x0][0x0][0x0][0x0][0x0][0x0][0x0][0x0][0x0][0x0][0x0][0x0][0x0][0x0][0x0][0x0][0x0][0x0][0x0][0x0][0x0][0x0][0x0][0x0][0x0][0x0][0x0][0x0][0x0][0x0][0x0][0x0][0x0][0x0][0x0][0x0][0x0][0x0][0x0][0x0][0x0][0x0][0x0][0x0][0x0][0x0][0x0][0x0][0x0][0x0][0x0][0x0][0x0][0x0][0x0][0x0][0x0][0x0][0x0][0x0][0x0][0x0][0x0][0x0][0x0][0x0][0x0][0x0][0x0][0x0][0x0][0x0][0x0][0x0][0x0][0x0][0x0][0x0][0x0][0x0][0x0][0x0][0x0][0x0][0x0][0x0][0x0][0x0][0x0][0x0][0x0][0x0][0x0][0x0][0x0][0x0][0x0][0x0][0x0][0x0][0x0][0x0][0x0][0x0][0x0][0x0][0x0][0x0][0x0][0x0][0x0][0x0][0x0][0x0][0x0][0x0][0x0][0x0][0x0][0x0][0x0][0x0][0x0][0x0][0x0][0x0][0x0][0x0][0x0][0x0][0x0][0x0][0x0][0x0][0x0][0x0][0x0][0x0][0x0][0x0][0x0][0x0][0x0][0x0][0x0][0x0][0x0][0x0][0x0][0x0][0x0][0x0][0x0][0x0][0x0][0x0][0x0]28 atime=1679976883.2054379[\n]"
01:14:43.226 [Test worker] DEBUG com.github.dockerjava.zerodep.shaded.org.apache.hc.client5.http.wire - http-outgoing-1 >> "28 ctime=1679976883.2057283[\n]"
01:14:43.226 [Test worker] DEBUG com.github.dockerjava.zerodep.shaded.org.apache.hc.client5.http.wire - http-outgoing-1 >> "28 mtime=1679976883.2057283[\n]"
01:14:43.226 [Test worker] DEBUG com.github.dockerjava.zerodep.shaded.org.apache.hc.client5.http.wire - http-outgoing-1 >> "38 LIBARCHIVE.creationtime=1679976883[\n]"
01:14:43.227 [Test worker] DEBUG com.github.dockerjava.zerodep.shaded.org.apache.hc.client5.http.wire - http-outgoing-1 >> "[0x0][0x0][0x0][0x0][0x0][0x0][0x0][0x0][0x0][0x0][0x0][0x0][0x0][0x0][0x0][0x0][0x0][0x0][0x0][0x0][0x0][0x0][0x0][0x0][0x0][0x0][0x0][0x0][0x0][0x0][0x0][0x0][0x0][0x0][0x0][0x0][0x0][0x0][0x0][0x0][0x0][0x0][0x0][0x0][0x0][0x0][0x0][0x0][0x0][0x0][0x0][0x0][0x0][0x0][0x0][0x0][0x0][0x0][0x0][0x0][0x0][0x0][0x0][0x0][0x0][0x0][0x0][0x0][0x0][0x0][0x0][0x0][0x0][0x0][0x0][0x0][0x0][0x0][0x0][0x0][0x0][0x0][0x0][0x0][0x0][0x0][0x0][0x0][0x0][0x0][0x0][0x0][0x0][0x0][0x0][0x0][0x0][0x0][0x0][0x0][0x0][0x0][0x0][0x0][0x0][0x0][0x0][0x0][0x0][0x0][0x0][0x0][0x0][0x0][0x0][0x0][0x0][0x0][0x0][0x0][0x0][0x0][0x0][0x0][0x0][0x0][0x0][0x0][0x0][0x0][0x0][0x0][0x0][0x0][0x0][0x0][0x0][0x0][0x0][0x0][0x0][0x0][0x0][0x0][0x0][0x0][0x0][0x0][0x0][0x0][0x0][0x0][0x0][0x0][0x0][0x0][0x0][0x0][0x0][0x0][0x0][0x0][0x0][0x0][0x0][0x0][0x0][0x0][0x0][0x0][0x0][0x0][0x0][0x0][0x0][0x0][0x0][0x0][0x0][0x0][0x0][0x0][0x0][0x0][0x0][0x0][0x0][0x0][0x0][0x0][0x0][0x0][0x0][0x0][0x0][0x0][0x0][0x0][0x0][0x0][0x0][0x0][0x0][0x0][0x0][0x0][0x0][0x0][0x0][0x0][0x0][0x0][0x0][0x0][0x0][0x0][0x0][0x0][0x0][0x0][0x0][0x0][0x0][0x0][0x0][0x0][0x0][0x0][0x0][0x0][0x0][0x0][0x0][0x0][0x0][0x0][0x0][0x0][0x0][0x0][0x0][0x0][0x0][0x0][0x0][0x0][0x0][0x0][0x0][0x0][0x0][0x0][0x0][0x0][0x0][0x0][0x0][0x0][0x0][0x0][0x0][0x0][0x0][0x0][0x0][0x0][0x0][0x0][0x0][0x0][0x0][0x0][0x0][0x0][0x0][0x0][0x0][0x0][0x0][0x0][0x0][0x0][0x0][0x0][0x0][0x0][0x0][0x0][0x0][0x0][0x0][0x0][0x0][0x0][0x0][0x0][0x0][0x0][0x0][0x0][0x0][0x0][0x0][0x0][0x0][0x0][0x0][0x0][0x0][0x0][0x0][0x0][0x0][0x0][0x0][0x0][0x0][0x0][0x0][0x0][0x0][0x0][0x0][0x0][0x0][0x0][0x0][0x0][0x0][0x0][0x0][0x0][0x0][0x0][0x0][0x0][0x0][0x0][0x0][0x0][0x0][0x0][0x0][0x0][0x0][0x0][0x0][0x0][0x0][0x0][0x0][0x0][0x0][0x0][0x0][0x0][0x0][0x0][0x0][0x0][0x0][0x0][0x0][0x0][0x0][0x0][0x0][0x0][0x0][0x0][0x0][0x0][0x0][0x0][0x0][0x0][0x0][0x0][0x0][0x0][0x0][0x0][0x0][0x0][0x0][0x0][0x0][0x0][0x0][0x0]etc/mysql/conf.d/[0x0][0x0][0x0][0x0][0x0][0x0][0x0][0x0][0x0][0x0][0x0][0x0][0x0][0x0][0x0][0x0][0x0][0x0][0x0][0x0][0x0][0x0][0x0][0x0][0x0][0x0][0x0][0x0][0x0][0x0][0x0][0x0][0x0][0x0][0x0][0x0][0x0][0x0][0x0][0x0][0x0][0x0][0x0][0x0][0x0][0x0][0x0][0x0][0x0][0x0][0x0][0x0][0x0][0x0][0x0][0x0][0x0][0x0][0x0][0x0][0x0][0x0][0x0][0x0][0x0][0x0][0x0][0x0][0x0][0x0][0x0][0x0][0x0][0x0][0x0][0x0][0x0][0x0][0x0][0x0][0x0][0x0][0x0]0040755 0000765 0000000 00000000000 14410464663 015635[0x0] 5[0x0][0x0][0x0][0x0][0x0][0x0][0x0][0x0][0x0][0x0][0x0][0x0][0x0][0x0][0x0][0x0][0x0][0x0][0x0][0x0][0x0][0x0][0x0][0x0][0x0][0x0][0x0][0x0][0x0][0x0][0x0][0x0][0x0][0x0][0x0][0x0][0x0][0x0][0x0][0x0][0x0][0x0][0x0][0x0][0x0][0x0][0x0][0x0][0x0][0x0][0x0][0x0][0x0][0x0][0x0][0x0][0x0][0x0][0x0][0x0][0x0][0x0][0x0][0x0][0x0][0x0][0x0][0x0][0x0][0x0][0x0][0x0][0x0][0x0][0x0][0x0][0x0][0x0][0x0][0x0][0x0][0x0][0x0][0x0][0x0][0x0][0x0][0x0][0x0][0x0][0x0][0x0][0x0][0x0][0x0][0x0][0x0][0x0][0x0][0x0]ustar[0x0]00raderleao[0x0][0x0][0x0][0x0][0x0][0x0][0x0][0x0][0x0][0x0][0x0][0x0][0x0][0x0][0x0][0x0][0x0][0x0][0x0][0x0][0x0][0x0][0x0]wheel[0x0][0x0][0x0][0x0][0x0][0x0][0x0][0x0][0x0][0x0][0x0][0x0][0x0][0x0][0x0][0x0][0x0][0x0][0x0][0x0][0x0][0x0][0x0][0x0][0x0][0x0][0x0]0000000 0000000 [0x0][0x0][0x0][0x0][0x0][0x0][0x0][0x0][0x0][0x0][0x0][0x0][0x0][0x0][0x0][0x0][0x0][0x0][0x0][0x0][0x0][0x0][0x0][0x0][0x0][0x0][0x0][0x0][0x0][0x0][0x0][0x0][0x0][0x0][0x0][0x0][0x0][0x0][0x0][0x0][0x0][0x0][0x0][0x0][0x0][0x0][0x0][0x0][0x0][0x0][0x0][0x0][0x0][0x0][0x0][0x0][0x0][0x0][0x0][0x0][0x0][0x0][0x0][0x0][0x0][0x0][0x0][0x0][0x0][0x0][0x0][0x0][0x0][0x0][0x0][0x0][0x0][0x0][0x0][0x0][0x0][0x0][0x0][0x0][0x0][0x0][0x0][0x0][0x0][0x0][0x0][0x0][0x0][0x0][0x0][0x0][0x0][0x0][0x0][0x0][0x0][0x0][0x0][0x0][0x0][0x0][0x0][0x0][0x0][0x0][0x0][0x0][0x0][0x0][0x0][0x0][0x0][0x0][0x0][0x0][0x0][0x0][0x0][0x0][0x0][0x0][0x0][0x0][0x0][0x0][0x0][0x0][0x0][0x0][0x0][0x0][0x0][0x0][0x0][0x0][0x0][0x0][0x0][0x0][0x0][0x0][0x0][0x0][0x0][0x0][0x0][0x0][0x0][0x0][0x0][0x0][0x0][0x0][0x0][0x0][0x0][0x0][0x0][0x0][0x0][0x0][0x0]./PaxHeaders.X/etc_mysql_conf.d_my.cnf[0x0][0x0][0x0][0x0][0x0][0x0][0x0][0x0][0x0][0x0][0x0][0x0][0x0][0x0][0x0][0x0][0x0][0x0][0x0][0x0][0x0][0x0][0x0][0x0][0x0][0x0][0x0][0x0][0x0][0x0][0x0][0x0][0x0][0x0][0x0][0x0][0x0][0x0][0x0][0x0][0x0][0x0][0x0][0x0][0x0][0x0][0x0][0x0][0x0][0x0][0x0][0x0][0x0][0x0][0x0][0x0][0x0][0x0][0x0][0x0][0x0][0x0]0100644 0000000 0000000 00000000172 14410464663 016740[0x0] x[0x0][0x0][0x0][0x0][0x0][0x0][0x0][0x0][0x0][0x0][0x0][0x0][0x0][0x0][0x0][0x0][0x0][0x0][0x0][0x0][0x0][0x0][0x0][0x0][0x0][0x0][0x0][0x0][0x0][0x0][0x0][0x0][0x0][0x0][0x0][0x0][0x0][0x0][0x0][0x0][0x0][0x0][0x0][0x0][0x0][0x0][0x0][0x0][0x0][0x0][0x0][0x0][0x0][0x0][0x0][0x0][0x0][0x0][0x0][0x0][0x0][0x0][0x0][0x0][0x0][0x0][0x0][0x0][0x0][0x0][0x0][0x0][0x0][0x0][0x0][0x0][0x0][0x0][0x0][0x0][0x0][0x0][0x0][0x0][0x0][0x0][0x0][0x0][0x0][0x0][0x0][0x0][0x0][0x0][0x0][0x0][0x0][0x0][0x0][0x0]ustar[0x0]00[0x0][0x0][0x0][0x0][0x0][0x0][0x0][0x0][0x0][0x0][0x0][0x0][0x0][0x0][0x0][0x0][0x0][0x0][0x0][0x0][0x0][0x0][0x0][0x0][0x0][0x0][0x0][0x0][0x0][0x0][0x0][0x0][0x0][0x0][0x0][0x0][0x0][0x0][0x0][0x0][0x0][0x0][0x0][0x0][0x0][0x0][0x0][0x0][0x0][0x0][0x0][0x0][0x0][0x0][0x0][0x0][0x0][0x0][0x0][0x0][0x0][0x0][0x0][0x0]0000000 0000000 [0x0][0x0][0x0][0x0][0x0][0x0][0x0][0x0][0x0][0x0][0x0][0x0][0x0][0x0][0x0][0x0][0x0][0x0][0x0][0x0][0x0][0x0][0x0][0x0][0x0][0x0][0x0][0x0][0x0][0x0][0x0][0x0][0x0][0x0][0x0][0x0][0x0][0x0][0x0][0x0][0x0][0x0][0x0][0x0][0x0][0x0][0x0][0x0][0x0][0x0][0x0][0x0][0x0][0x0][0x0][0x0][0x0][0x0][0x0][0x0][0x0][0x0][0x0][0x0][0x0][0x0][0x0][0x0][0x0][0x0][0x0][0x0][0x0][0x0][0x0][0x0][0x0][0x0][0x0][0x0][0x0][0x0][0x0][0x0][0x0][0x0][0x0][0x0][0x0][0x0][0x0][0x0][0x0][0x0][0x0][0x0][0x0][0x0][0x0][0x0][0x0][0x0][0x0][0x0][0x0][0x0][0x0][0x0][0x0][0x0][0x0][0x0][0x0][0x0][0x0][0x0][0x0][0x0][0x0][0x0][0x0][0x0][0x0][0x0][0x0][0x0][0x0][0x0][0x0][0x0][0x0][0x0][0x0][0x0][0x0][0x0][0x0][0x0][0x0][0x0][0x0][0x0][0x0][0x0][0x0][0x0][0x0][0x0][0x0][0x0][0x0][0x0][0x0][0x0][0x0][0x0][0x0][0x0][0x0][0x0][0x0][0x0][0x0][0x0][0x0][0x0][0x0]28 atime=1679976883.2057239[\n]"
01:14:43.227 [Test worker] DEBUG com.github.dockerjava.zerodep.shaded.org.apache.hc.client5.http.wire - http-outgoing-1 >> "28 ctime=1679976883.2058911[\n]"
01:14:43.227 [Test worker] DEBUG com.github.dockerjava.zerodep.shaded.org.apache.hc.client5.http.wire - http-outgoing-1 >> "28 mtime=1679976883.2058911[\n]"
01:14:43.227 [Test worker] DEBUG com.github.dockerjava.zerodep.shaded.org.apache.hc.client5.http.wire - http-outgoing-1 >> "38 LIBARCHIVE.creationtime=1679976883[\n]"
01:14:43.228 [Test worker] DEBUG com.github.dockerjava.zerodep.shaded.org.apache.hc.client5.http.wire - http-outgoing-1 >> "[0x0][0x0][0x0][0x0][0x0][0x0][0x0][0x0][0x0][0x0][0x0][0x0][0x0][0x0][0x0][0x0][0x0][0x0][0x0][0x0][0x0][0x0][0x0][0x0][0x0][0x0][0x0][0x0][0x0][0x0][0x0][0x0][0x0][0x0][0x0][0x0][0x0][0x0][0x0][0x0][0x0][0x0][0x0][0x0][0x0][0x0][0x0][0x0][0x0][0x0][0x0][0x0][0x0][0x0][0x0][0x0][0x0][0x0][0x0][0x0][0x0][0x0][0x0][0x0][0x0][0x0][0x0][0x0][0x0][0x0][0x0][0x0][0x0][0x0][0x0][0x0][0x0][0x0][0x0][0x0][0x0][0x0][0x0][0x0][0x0][0x0][0x0][0x0][0x0][0x0][0x0][0x0][0x0][0x0][0x0][0x0][0x0][0x0][0x0][0x0][0x0][0x0][0x0][0x0][0x0][0x0][0x0][0x0][0x0][0x0][0x0][0x0][0x0][0x0][0x0][0x0][0x0][0x0][0x0][0x0][0x0][0x0][0x0][0x0][0x0][0x0][0x0][0x0][0x0][0x0][0x0][0x0][0x0][0x0][0x0][0x0][0x0][0x0][0x0][0x0][0x0][0x0][0x0][0x0][0x0][0x0][0x0][0x0][0x0][0x0][0x0][0x0][0x0][0x0][0x0][0x0][0x0][0x0][0x0][0x0][0x0][0x0][0x0][0x0][0x0][0x0][0x0][0x0][0x0][0x0][0x0][0x0][0x0][0x0][0x0][0x0][0x0][0x0][0x0][0x0][0x0][0x0][0x0][0x0][0x0][0x0][0x0][0x0][0x0][0x0][0x0][0x0][0x0][0x0][0x0][0x0][0x0][0x0][0x0][0x0][0x0][0x0][0x0][0x0][0x0][0x0][0x0][0x0][0x0][0x0][0x0][0x0][0x0][0x0][0x0][0x0][0x0][0x0][0x0][0x0][0x0][0x0][0x0][0x0][0x0][0x0][0x0][0x0][0x0][0x0][0x0][0x0][0x0][0x0][0x0][0x0][0x0][0x0][0x0][0x0][0x0][0x0][0x0][0x0][0x0][0x0][0x0][0x0][0x0][0x0][0x0][0x0][0x0][0x0][0x0][0x0][0x0][0x0][0x0][0x0][0x0][0x0][0x0][0x0][0x0][0x0][0x0][0x0][0x0][0x0][0x0][0x0][0x0][0x0][0x0][0x0][0x0][0x0][0x0][0x0][0x0][0x0][0x0][0x0][0x0][0x0][0x0][0x0][0x0][0x0][0x0][0x0][0x0][0x0][0x0][0x0][0x0][0x0][0x0][0x0][0x0][0x0][0x0][0x0][0x0][0x0][0x0][0x0][0x0][0x0][0x0][0x0][0x0][0x0][0x0][0x0][0x0][0x0][0x0][0x0][0x0][0x0][0x0][0x0][0x0][0x0][0x0][0x0][0x0][0x0][0x0][0x0][0x0][0x0][0x0][0x0][0x0][0x0][0x0][0x0][0x0][0x0][0x0][0x0][0x0][0x0][0x0][0x0][0x0][0x0][0x0][0x0][0x0][0x0][0x0][0x0][0x0][0x0][0x0][0x0][0x0][0x0][0x0][0x0][0x0][0x0][0x0][0x0][0x0][0x0][0x0][0x0][0x0][0x0][0x0][0x0][0x0][0x0][0x0][0x0][0x0][0x0][0x0][0x0][0x0][0x0][0x0][0x0][0x0][0x0]etc/mysql/conf.d/my.cnf[0x0][0x0][0x0][0x0][0x0][0x0][0x0][0x0][0x0][0x0][0x0][0x0][0x0][0x0][0x0][0x0][0x0][0x0][0x0][0x0][0x0][0x0][0x0][0x0][0x0][0x0][0x0][0x0][0x0][0x0][0x0][0x0][0x0][0x0][0x0][0x0][0x0][0x0][0x0][0x0][0x0][0x0][0x0][0x0][0x0][0x0][0x0][0x0][0x0][0x0][0x0][0x0][0x0][0x0][0x0][0x0][0x0][0x0][0x0][0x0][0x0][0x0][0x0][0x0][0x0][0x0][0x0][0x0][0x0][0x0][0x0][0x0][0x0][0x0][0x0][0x0][0x0]0100644 0000765 0000000 00000003240 14410464663 016746[0x0] 0[0x0][0x0][0x0][0x0][0x0][0x0][0x0][0x0][0x0][0x0][0x0][0x0][0x0][0x0][0x0][0x0][0x0][0x0][0x0][0x0][0x0][0x0][0x0][0x0][0x0][0x0][0x0][0x0][0x0][0x0][0x0][0x0][0x0][0x0][0x0][0x0][0x0][0x0][0x0][0x0][0x0][0x0][0x0][0x0][0x0][0x0][0x0][0x0][0x0][0x0][0x0][0x0][0x0][0x0][0x0][0x0][0x0][0x0][0x0][0x0][0x0][0x0][0x0][0x0][0x0][0x0][0x0][0x0][0x0][0x0][0x0][0x0][0x0][0x0][0x0][0x0][0x0][0x0][0x0][0x0][0x0][0x0][0x0][0x0][0x0][0x0][0x0][0x0][0x0][0x0][0x0][0x0][0x0][0x0][0x0][0x0][0x0][0x0][0x0][0x0]ustar[0x0]00raderleao[0x0][0x0][0x0][0x0][0x0][0x0][0x0][0x0][0x0][0x0][0x0][0x0][0x0][0x0][0x0][0x0][0x0][0x0][0x0][0x0][0x0][0x0][0x0]wheel[0x0][0x0][0x0][0x0][0x0][0x0][0x0][0x0][0x0][0x0][0x0][0x0][0x0][0x0][0x0][0x0][0x0][0x0][0x0][0x0][0x0][0x0][0x0][0x0][0x0][0x0][0x0]0000000 0000000 [0x0][0x0][0x0][0x0][0x0][0x0][0x0][0x0][0x0][0x0][0x0][0x0][0x0][0x0][0x0][0x0][0x0][0x0][0x0][0x0][0x0][0x0][0x0][0x0][0x0][0x0][0x0][0x0][0x0][0x0][0x0][0x0][0x0][0x0][0x0][0x0][0x0][0x0][0x0][0x0][0x0][0x0][0x0][0x0][0x0][0x0][0x0][0x0][0x0][0x0][0x0][0x0][0x0][0x0][0x0][0x0][0x0][0x0][0x0][0x0][0x0][0x0][0x0][0x0][0x0][0x0][0x0][0x0][0x0][0x0][0x0][0x0][0x0][0x0][0x0][0x0][0x0][0x0][0x0][0x0][0x0][0x0][0x0][0x0][0x0][0x0][0x0][0x0][0x0][0x0][0x0][0x0][0x0][0x0][0x0][0x0][0x0][0x0][0x0][0x0][0x0][0x0][0x0][0x0][0x0][0x0][0x0][0x0][0x0][0x0][0x0][0x0][0x0][0x0][0x0][0x0][0x0][0x0][0x0][0x0][0x0][0x0][0x0][0x0][0x0][0x0][0x0][0x0][0x0][0x0][0x0][0x0][0x0][0x0][0x0][0x0][0x0][0x0][0x0][0x0][0x0][0x0][0x0][0x0][0x0][0x0][0x0][0x0][0x0][0x0][0x0][0x0][0x0][0x0][0x0][0x0][0x0][0x0][0x0][0x0][0x0][0x0][0x0][0x0][0x0][0x0][0x0][mysqld][\n]"
01:14:43.229 [Test worker] DEBUG com.github.dockerjava.zerodep.shaded.org.apache.hc.client5.http.wire - http-outgoing-1 >> "user = mysql[\n]"
01:14:43.230 [Test worker] DEBUG com.github.dockerjava.zerodep.shaded.org.apache.hc.client5.http.wire - http-outgoing-1 >> "datadir = /var/lib/mysql[\n]"
01:14:43.230 [Test worker] DEBUG com.github.dockerjava.zerodep.shaded.org.apache.hc.client5.http.wire - http-outgoing-1 >> "port   [0x9][0x9]= 3306[\n]"
01:14:43.230 [Test worker] DEBUG com.github.dockerjava.zerodep.shaded.org.apache.hc.client5.http.wire - http-outgoing-1 >> "#socket [0x9][0x9]= /tmp/mysql.sock[\n]"
01:14:43.230 [Test worker] DEBUG com.github.dockerjava.zerodep.shaded.org.apache.hc.client5.http.wire - http-outgoing-1 >> "skip-external-locking[\n]"
01:14:43.230 [Test worker] DEBUG com.github.dockerjava.zerodep.shaded.org.apache.hc.client5.http.wire - http-outgoing-1 >> "key_buffer_size = 16K[\n]"
01:14:43.230 [Test worker] DEBUG com.github.dockerjava.zerodep.shaded.org.apache.hc.client5.http.wire - http-outgoing-1 >> "max_allowed_packet = 1M[\n]"
01:14:43.230 [Test worker] DEBUG com.github.dockerjava.zerodep.shaded.org.apache.hc.client5.http.wire - http-outgoing-1 >> "table_open_cache = 4[\n]"
01:14:43.230 [Test worker] DEBUG com.github.dockerjava.zerodep.shaded.org.apache.hc.client5.http.wire - http-outgoing-1 >> "sort_buffer_size = 64K[\n]"
01:14:43.230 [Test worker] DEBUG com.github.dockerjava.zerodep.shaded.org.apache.hc.client5.http.wire - http-outgoing-1 >> "read_buffer_size = 256K[\n]"
01:14:43.230 [Test worker] DEBUG com.github.dockerjava.zerodep.shaded.org.apache.hc.client5.http.wire - http-outgoing-1 >> "read_rnd_buffer_size = 256K[\n]"
01:14:43.230 [Test worker] DEBUG com.github.dockerjava.zerodep.shaded.org.apache.hc.client5.http.wire - http-outgoing-1 >> "net_buffer_length = 2K[\n]"
01:14:43.230 [Test worker] DEBUG com.github.dockerjava.zerodep.shaded.org.apache.hc.client5.http.wire - http-outgoing-1 >> "skip-host-cache[\n]"
01:14:43.230 [Test worker] DEBUG com.github.dockerjava.zerodep.shaded.org.apache.hc.client5.http.wire - http-outgoing-1 >> "skip-name-resolve[\n]"
01:14:43.230 [Test worker] DEBUG com.github.dockerjava.zerodep.shaded.org.apache.hc.client5.http.wire - http-outgoing-1 >> "[\n]"
01:14:43.230 [Test worker] DEBUG com.github.dockerjava.zerodep.shaded.org.apache.hc.client5.http.wire - http-outgoing-1 >> "# Don't listen on a TCP/IP port at all. This can be a security enhancement,[\n]"
01:14:43.230 [Test worker] DEBUG com.github.dockerjava.zerodep.shaded.org.apache.hc.client5.http.wire - http-outgoing-1 >> "# if all processes that need to connect to mysqld run on the same host.[\n]"
01:14:43.230 [Test worker] DEBUG com.github.dockerjava.zerodep.shaded.org.apache.hc.client5.http.wire - http-outgoing-1 >> "# All interaction with mysqld must be made via Unix sockets or named pipes.[\n]"
01:14:43.230 [Test worker] DEBUG com.github.dockerjava.zerodep.shaded.org.apache.hc.client5.http.wire - http-outgoing-1 >> "# Note that using this option without enabling named pipes on Windows[\n]"
01:14:43.230 [Test worker] DEBUG com.github.dockerjava.zerodep.shaded.org.apache.hc.client5.http.wire - http-outgoing-1 >> "# (using the "enable-named-pipe" option) will render mysqld useless![\n]"
01:14:43.230 [Test worker] DEBUG com.github.dockerjava.zerodep.shaded.org.apache.hc.client5.http.wire - http-outgoing-1 >> "#[\n]"
01:14:43.231 [Test worker] DEBUG com.github.dockerjava.zerodep.shaded.org.apache.hc.client5.http.wire - http-outgoing-1 >> "#skip-networking[\n]"
01:14:43.231 [Test worker] DEBUG com.github.dockerjava.zerodep.shaded.org.apache.hc.client5.http.wire - http-outgoing-1 >> "#server-id      [0x9]= 1[\n]"
01:14:43.231 [Test worker] DEBUG com.github.dockerjava.zerodep.shaded.org.apache.hc.client5.http.wire - http-outgoing-1 >> "[\n]"
01:14:43.231 [Test worker] DEBUG com.github.dockerjava.zerodep.shaded.org.apache.hc.client5.http.wire - http-outgoing-1 >> "# Uncomment the following if you want to log updates[\n]"
01:14:43.231 [Test worker] DEBUG com.github.dockerjava.zerodep.shaded.org.apache.hc.client5.http.wire - http-outgoing-1 >> "#log-bin=mysql-bin[\n]"
01:14:43.231 [Test worker] DEBUG com.github.dockerjava.zerodep.shaded.org.apache.hc.client5.http.wire - http-outgoing-1 >> "[\n]"
01:14:43.231 [Test worker] DEBUG com.github.dockerjava.zerodep.shaded.org.apache.hc.client5.http.wire - http-outgoing-1 >> "# binary logging format - mixed recommended[\n]"
01:14:43.231 [Test worker] DEBUG com.github.dockerjava.zerodep.shaded.org.apache.hc.client5.http.wire - http-outgoing-1 >> "#binlog_format=mixed[\n]"
01:14:43.231 [Test worker] DEBUG com.github.dockerjava.zerodep.shaded.org.apache.hc.client5.http.wire - http-outgoing-1 >> "[\n]"
01:14:43.231 [Test worker] DEBUG com.github.dockerjava.zerodep.shaded.org.apache.hc.client5.http.wire - http-outgoing-1 >> "# Causes updates to non-transactional engines using statement format to be[\n]"
01:14:43.231 [Test worker] DEBUG com.github.dockerjava.zerodep.shaded.org.apache.hc.client5.http.wire - http-outgoing-1 >> "# written directly to binary log. Before using this option make sure that[\n]"
01:14:43.231 [Test worker] DEBUG com.github.dockerjava.zerodep.shaded.org.apache.hc.client5.http.wire - http-outgoing-1 >> "# there are no depe[\r][\n]"
01:14:43.231 [Test worker] DEBUG com.github.dockerjava.zerodep.shaded.org.apache.hc.client5.http.wire - http-outgoing-1 >> "800[\r][\n]"
01:14:43.231 [Test worker] DEBUG com.github.dockerjava.zerodep.shaded.org.apache.hc.client5.http.wire - http-outgoing-1 >> "ndencies between transactional and non-transactional[\n]"
01:14:43.231 [Test worker] DEBUG com.github.dockerjava.zerodep.shaded.org.apache.hc.client5.http.wire - http-outgoing-1 >> "# tables such as in the statement INSERT INTO t_myisam SELECT * FROM[\n]"
01:14:43.231 [Test worker] DEBUG com.github.dockerjava.zerodep.shaded.org.apache.hc.client5.http.wire - http-outgoing-1 >> "# t_innodb; otherwise, slaves may diverge from the master.[\n]"
01:14:43.231 [Test worker] DEBUG com.github.dockerjava.zerodep.shaded.org.apache.hc.client5.http.wire - http-outgoing-1 >> "#binlog_direct_non_transactional_updates=TRUE[\n]"
01:14:43.231 [Test worker] DEBUG com.github.dockerjava.zerodep.shaded.org.apache.hc.client5.http.wire - http-outgoing-1 >> "[\n]"
01:14:43.231 [Test worker] DEBUG com.github.dockerjava.zerodep.shaded.org.apache.hc.client5.http.wire - http-outgoing-1 >> "# Uncomment the following if you are using InnoDB tables[\n]"
01:14:43.231 [Test worker] DEBUG com.github.dockerjava.zerodep.shaded.org.apache.hc.client5.http.wire - http-outgoing-1 >> "innodb_data_file_path = ibdata1:10M:autoextend[\n]"
01:14:43.231 [Test worker] DEBUG com.github.dockerjava.zerodep.shaded.org.apache.hc.client5.http.wire - http-outgoing-1 >> "# You can set .._buffer_pool_size up to 50 - 80 %[\n]"
01:14:43.231 [Test worker] DEBUG com.github.dockerjava.zerodep.shaded.org.apache.hc.client5.http.wire - http-outgoing-1 >> "# of RAM but beware of setting memory usage too high[\n]"
01:14:43.231 [Test worker] DEBUG com.github.dockerjava.zerodep.shaded.org.apache.hc.client5.http.wire - http-outgoing-1 >> "innodb_buffer_pool_size = 16M[\n]"
01:14:43.231 [Test worker] DEBUG com.github.dockerjava.zerodep.shaded.org.apache.hc.client5.http.wire - http-outgoing-1 >> "#innodb_additional_mem_pool_size = 2M[\n]"
01:14:43.232 [Test worker] DEBUG com.github.dockerjava.zerodep.shaded.org.apache.hc.client5.http.wire - http-outgoing-1 >> "# Set .._log_file_size to 25 % of buffer pool size[\n]"
01:14:43.232 [Test worker] DEBUG com.github.dockerjava.zerodep.shaded.org.apache.hc.client5.http.wire - http-outgoing-1 >> "innodb_log_file_size = 5M[\n]"
01:14:43.232 [Test worker] DEBUG com.github.dockerjava.zerodep.shaded.org.apache.hc.client5.http.wire - http-outgoing-1 >> "innodb_log_buffer_size = 8M[\n]"
01:14:43.232 [Test worker] DEBUG com.github.dockerjava.zerodep.shaded.org.apache.hc.client5.http.wire - http-outgoing-1 >> "innodb_flush_log_at_trx_commit = 1[\n]"
01:14:43.232 [Test worker] DEBUG com.github.dockerjava.zerodep.shaded.org.apache.hc.client5.http.wire - http-outgoing-1 >> "innodb_lock_wait_timeout = 50[0x0][0x0][0x0][0x0][0x0][0x0][0x0][0x0][0x0][0x0][0x0][0x0][0x0][0x0][0x0][0x0][0x0][0x0][0x0][0x0][0x0][0x0][0x0][0x0][0x0][0x0][0x0][0x0][0x0][0x0][0x0][0x0][0x0][0x0][0x0][0x0][0x0][0x0][0x0][0x0][0x0][0x0][0x0][0x0][0x0][0x0][0x0][0x0][0x0][0x0][0x0][0x0][0x0][0x0][0x0][0x0][0x0][0x0][0x0][0x0][0x0][0x0][0x0][0x0][0x0][0x0][0x0][0x0][0x0][0x0][0x0][0x0][0x0][0x0][0x0][0x0][0x0][0x0][0x0][0x0][0x0][0x0][0x0][0x0][0x0][0x0][0x0][0x0][0x0][0x0][0x0][0x0][0x0][0x0][0x0][0x0][0x0][0x0][0x0][0x0][0x0][0x0][0x0][0x0][0x0][0x0][0x0][0x0][0x0][0x0][0x0][0x0][0x0][0x0][0x0][0x0][0x0][0x0][0x0][0x0][0x0][0x0][0x0][0x0][0x0][0x0][0x0][0x0][0x0][0x0][0x0][0x0][0x0][0x0][0x0][0x0][0x0][0x0][0x0][0x0][0x0][0x0][0x0][0x0][0x0][0x0][0x0][0x0][0x0][0x0][0x0][0x0][0x0][0x0][0x0][0x0][0x0][0x0][0x0][0x0][0x0][0x0][0x0][0x0][0x0][0x0][0x0][0x0][0x0][0x0][0x0][0x0][0x0][0x0][0x0][0x0][0x0][0x0][0x0][0x0][0x0][0x0][0x0][0x0][0x0][0x0][0x0][0x0][0x0][0x0][0x0][0x0][0x0][0x0][0x0][0x0][0x0][0x0][0x0][0x0][0x0][0x0][0x0][0x0][0x0][0x0][0x0][0x0][0x0][0x0][0x0][0x0][0x0][0x0][0x0][0x0][0x0][0x0][0x0][0x0][0x0][0x0][0x0][0x0][0x0][0x0][0x0][0x0][0x0][0x0][0x0][0x0][0x0][0x0][0x0][0x0][0x0][0x0][0x0][0x0][0x0][0x0][0x0][0x0][0x0][0x0][0x0][0x0][0x0][0x0][0x0][0x0][0x0][0x0][0x0][0x0][0x0][0x0][0x0][0x0][0x0][0x0][0x0][0x0][0x0][0x0][0x0][0x0][0x0][0x0][0x0][0x0][0x0][0x0][0x0][0x0][0x0][0x0][0x0][0x0][0x0][0x0][0x0][0x0][0x0][0x0][0x0][0x0][0x0][0x0][0x0][0x0][0x0][0x0][0x0][0x0][0x0][0x0][0x0][0x0][0x0][0x0][0x0][0x0][0x0][0x0][0x0][0x0][0x0][0x0][0x0][0x0][0x0][0x0][0x0][0x0][0x0][0x0][0x0][0x0][0x0][0x0][0x0][0x0][0x0][0x0][0x0][0x0][0x0][0x0][0x0][0x0][0x0][0x0][0x0][0x0][0x0][0x0][0x0][0x0][0x0][0x0][0x0][0x0][0x0][0x0][0x0][0x0][0x0][0x0][0x0][0x0][0x0][0x0][0x0][0x0][0x0][0x0][0x0][0x0][0x0][0x0][0x0][0x0][0x0][0x0][0x0][0x0][0x0][0x0][0x0][0x0][0x0][0x0][0x0][0x0][0x0][0x0][0x0][0x0][0x0][0x0][0x0][0x0][0x0][0x0][0x0][0x0][0x0][0x0][0x0][0x0][0x0][0x0][0x0][0x0][0x0][0x0][0x0][0x0][0x0][0x0][0x0][0x0][0x0][0x0][0x0][0x0][0x0][0x0][0x0][0x0][0x0][0x0][0x0][0x0][0x0][0x0][0x0][0x0][0x0][0x0][0x0][0x0][0x0][0x0][0x0][0x0][0x0][0x0][0x0][0x0][0x0][0x0][0x0][0x0][0x0][0x0][0x0][0x0][0x0][0x0][0x0][0x0][0x0][0x0][0x0][0x0][0x0][0x0][0x0][0x0][0x0][0x0][0x0][0x0][0x0][0x0][0x0][0x0][0x0][0x0][0x0][0x0][0x0][0x0][0x0][0x0][0x0][0x0][0x0][0x0][0x0][0x0][0x0][0x0][0x0][0x0][0x0][0x0][0x0][0x0][0x0][0x0][0x0][0x0][0x0][0x0][0x0][0x0][0x0][0x0][0x0][0x0][0x0][0x0][0x0][0x0][0x0][0x0][0x0][0x0][0x0][0x0][0x0][0x0][0x0][0x0][0x0][0x0][0x0][0x0][0x0][0x0][0x0][0x0][0x0][0x0][0x0][0x0][0x0][0x0][0x0][0x0][0x0][0x0][0x0][0x0][0x0][0x0][0x0][0x0][0x0][0x0][0x0][0x0][0x0][0x0][0x0][0x0][0x0][0x0][0x0][0x0][0x0][0x0][0x0][0x0][0x0][0x0][0x0][0x0][0x0][0x0][0x0][0x0][0x0][0x0][0x0][0x0][0x0][0x0][0x0][0x0][0x0][0x0][0x0][0x0][0x0][0x0][0x0][0x0][0x0][0x0][0x0][0x0][0x0][0x0][0x0][0x0][0x0][0x0][0x0][0x0][0x0][0x0][0x0][0x0][0x0][0x0][0x0][0x0][0x0][0x0][0x0][0x0][0x0][0x0][0x0][0x0][0x0][0x0][0x0][0x0][0x0][0x0][0x0][0x0][0x0][0x0][0x0][0x0][0x0][0x0][0x0][0x0][0x0][0x0][0x0][0x0][0x0][0x0][0x0][0x0][0x0][0x0][0x0][0x0][0x0][0x0][0x0][0x0][0x0][0x0][0x0][0x0][0x0][0x0][0x0][0x0][0x0][0x0][0x0][0x0][0x0][0x0][0x0][0x0][0x0][0x0][0x0][0x0][0x0][0x0][0x0][0x0][0x0][0x0][0x0][0x0][0x0][0x0][0x0][0x0][0x0][0x0][0x0][0x0][0x0][0x0][0x0][0x0][0x0][0x0][0x0][0x0][0x0][0x0][0x0][0x0][0x0][0x0][0x0][0x0][0x0][0x0][0x0][0x0][0x0][0x0][0x0][0x0][0x0][0x0][0x0][0x0][0x0][0x0][0x0][0x0][0x0][0x0][0x0][0x0][0x0][0x0][0x0][0x0][0x0][0x0][0x0][0x0][0x0][0x0][0x0][0x0][0x0][0x0][0x0][0x0][0x0][0x0][0x0][0x0][0x0][0x0][0x0][0x0][0x0][0x0][0x0][0x0][0x0][0x0][0x0][0x0][0x0][0x0][0x0][0x0][0x0][0x0][0x0][0x0][0x0][0x0][0x0][0x0][0x0][0x0][0x0][0x0][0x0][0x0][0x0][0x0][0x0][0x0][0x0][0x0][0x0][0x0][0x0][0x0][0x0][0x0][0x0][0x0][0x0][0x0][0x0][0x0][0x0][0x0][0x0][0x0][0x0][0x0][0x0][0x0][0x0][0x0][0x0][0x0][0x0][0x0][0x0][0x0][0x0][0x0][0x0][0x0][0x0][0x0][0x0][0x0][0x0][0x0][0x0][0x0][0x0][0x0][0x0][0x0][0x0][0x0][0x0][0x0][0x0][0x0][0x0][0x0][0x0][0x0][0x0][0x0][0x0][0x0][0x0][0x0][0x0][0x0][0x0][0x0][0x0][0x0][0x0][0x0][0x0][0x0][0x0][0x0][0x0][0x0][0x0][0x0][0x0][0x0][0x0][0x0][0x0][0x0][0x0][0x0][0x0][0x0][0x0][0x0][0x0][0x0][0x0][0x0][0x0][0x0][0x0][0x0][0x0][0x0][0x0][0x0][0x0][0x0][0x0][0x0][0x0][0x0][0x0][0x0][0x0][0x0][0x0][0x0][0x0][0x0][0x0][0x0][0x0][0x0][0x0][0x0][0x0][0x0][0x0][0x0][0x0][0x0][0x0][0x0][0x0][0x0][0x0][0x0][0x0][0x0][0x0][0x0][0x0][0x0][0x0][0x0][0x0][0x0][0x0][0x0][0x0][0x0][0x0][0x0][0x0][0x0][0x0][0x0][0x0][0x0][0x0][0x0][0x0][0x0][0x0][0x0][0x0][0x0][0x0][0x0][0x0][0x0][0x0][0x0][0x0][0x0][0x0][0x0][0x0][0x0][0x0][0x0][0x0][0x0][0x0][0x0][0x0][0x0][0x0][0x0][0x0][0x0][0x0][0x0][0x0][0x0][0x0][0x0][0x0][0x0][0x0][0x0][0x0][0x0][0x0][0x0][0x0][0x0][0x0][0x0][0x0][0x0][0x0][0x0][0x0][0x0][0x0][0x0][0x0][0x0][0x0][0x0][0x0][0x0][0x0][0x0][0x0][0x0][0x0][0x0][0x0][0x0][0x0][0x0][0x0][0x0][0x0][0x0][0x0][0x0][0x0][0x0][0x0][0x0][0x0][0x0][0x0][0x0][0x0][0x0][0x0][0x0][0x0][0x0][0x0][0x0][0x0][0x0][0x0][0x0][0x0][0x0][0x0][0x0][0x0][0x0][0x0][0x0][0x0][0x0][0x0][0x0][0x0][0x0][0x0][0x0][0x0][0x0][0x0][0x0][0x0][0x0][0x0][0x0][0x0][0x0][0x0][0x0][0x0][0x0][0x0][0x0][0x0][0x0][0x0][0x0][0x0][0x0][0x0][0x0][0x0][0x0][0x0][0x0][0x0][0x0][0x0][0x0][0x0][0x0][0x0][0x0][0x0][0x0][0x0][0x0][0x0][0x0][0x0][0x0][0x0][0x0][0x0][0x0][0x0][0x0][0x0][0x0][0x0][0x0][0x0][0x0][0x0][0x0][0x0][0x0][0x0][0x0][0x0][0x0][0x0][0x0][0x0][0x0][0x0][0x0][0x0][0x0][0x0][0x0][0x0][0x0][0x0][0x0][0x0][0x0][0x0][0x0][0x0][0x0][0x0][0x0][0x0][0x0][0x0][0x0][0x0][0x0][0x0][0x0][0x0][0x0][0x0][0x0][0x0][0x0][0x0][0x0][0x0][0x0][0x0][0x0][0x0][0x0][0x0][0x0][0x0][0x0][0x0][0x0][0x0][0x0][0x0][0x0][0x0][0x0][0x0][0x0][0x0][0x0][0x0][0x0][0x0][0x0][0x0][0x0][0x0][0x0][0x0][0x0][0x0][0x0][0x0][0x0][0x0][0x0][0x0][0x0][0x0][0x0][0x0][0x0][0x0][0x0][0x0][0x0][0x0][0x0][0x0][0x0][0x0][0x0][0x0][0x0][0x0][0x0][0x0][0x0][0x0][0x0][0x0][0x0][0x0][0x0][0x0][0x0][0x0][0x0][0x0][0x0][0x0][0x0][0x0][0x0][0x0][0x0][0x0][0x0][0x0][0x0][0x0][0x0][0x0][0x0][0x0][0x0][0x0][0x0][0x0][0x0][0x0][0x0][0x0][0x0][0x0][0x0][0x0][0x0][0x0][0x0][0x0][0x0][0x0][0x0][0x0][0x0][0x0][0x0][0x0][0x0][0x0][0x0][0x0][0x0][0x0][0x0][0x0][0x0][0x0][0x0][0x0][0x0][0x0][0x0][0x0][0x0][0x0][0x0][0x0][0x0][0x0][0x0][0x0][0x0][0x0][0x0][0x0][0x0][0x0][0x0][0x0][0x0][0x0][0x0][0x0][0x0][0x0][0x0][0x0][0x0][0x0][0x0][0x0][0x0][0x0][0x0][0x0][0x0][0x0][0x0][0x0][0x0][0x0][0x0][0x0][0x0][0x0][0x0][0x0][0x0][0x0][0x0][0x0][0x0][0x0][0x0][0x0][0x0][0x0][0x0][0x0][0x0][0x0][0x0][0x0][0x0][0x0][0x0][0x0][0x0][0x0][0x0][0x0][0x0][0x0][0x0][0x0][0x0][0x0][0x0][0x0][0x0][0x0][0x0][0x0][0x0][0x0][0x0][0x0][0x0][0x0][0x0][0x0][0x0][0x0][0x0][0x0][0x0][0x0][0x0][0x0][0x0][0x0][0x0][0x0][0x0][0x0][0x0][0x0][0x0][0x0][0x0][0x0][0x0][0x0][0x0][0x0][0x0][0x0][0x0][0x0][0x0][\r][\n]"
01:14:43.233 [Test worker] DEBUG com.github.dockerjava.zerodep.shaded.org.apache.hc.client5.http.wire - http-outgoing-1 >> "0[\r][\n]"
01:14:43.233 [Test worker] DEBUG com.github.dockerjava.zerodep.shaded.org.apache.hc.client5.http.wire - http-outgoing-1 >> "[\r][\n]"
01:14:43.309 [Test worker] DEBUG com.github.dockerjava.zerodep.shaded.org.apache.hc.client5.http.wire - http-outgoing-1 << "HTTP/1.1 200 OK[\r][\n]"
01:14:43.309 [Test worker] DEBUG com.github.dockerjava.zerodep.shaded.org.apache.hc.client5.http.wire - http-outgoing-1 << "Api-Version: 1.41[\r][\n]"
01:14:43.310 [Test worker] DEBUG com.github.dockerjava.zerodep.shaded.org.apache.hc.client5.http.wire - http-outgoing-1 << "Date: Tue, 28 Mar 2023 04:14:43 GMT[\r][\n]"
01:14:43.310 [Test worker] DEBUG com.github.dockerjava.zerodep.shaded.org.apache.hc.client5.http.wire - http-outgoing-1 << "Docker-Experimental: false[\r][\n]"
01:14:43.310 [Test worker] DEBUG com.github.dockerjava.zerodep.shaded.org.apache.hc.client5.http.wire - http-outgoing-1 << "Ostype: linux[\r][\n]"
01:14:43.310 [Test worker] DEBUG com.github.dockerjava.zerodep.shaded.org.apache.hc.client5.http.wire - http-outgoing-1 << "Server: Docker/20.10.21 (linux)[\r][\n]"
01:14:43.310 [Test worker] DEBUG com.github.dockerjava.zerodep.shaded.org.apache.hc.client5.http.wire - http-outgoing-1 << "Transfer-Encoding: chunked[\r][\n]"
01:14:43.310 [Test worker] DEBUG com.github.dockerjava.zerodep.shaded.org.apache.hc.client5.http.wire - http-outgoing-1 << "[\r][\n]"
01:14:43.310 [Test worker] DEBUG com.github.dockerjava.zerodep.shaded.org.apache.hc.client5.http.headers - http-outgoing-1 << HTTP/1.1 200 OK
01:14:43.310 [Test worker] DEBUG com.github.dockerjava.zerodep.shaded.org.apache.hc.client5.http.headers - http-outgoing-1 << Api-Version: 1.41
01:14:43.310 [Test worker] DEBUG com.github.dockerjava.zerodep.shaded.org.apache.hc.client5.http.headers - http-outgoing-1 << Date: Tue, 28 Mar 2023 04:14:43 GMT
01:14:43.310 [Test worker] DEBUG com.github.dockerjava.zerodep.shaded.org.apache.hc.client5.http.headers - http-outgoing-1 << Docker-Experimental: false
01:14:43.310 [Test worker] DEBUG com.github.dockerjava.zerodep.shaded.org.apache.hc.client5.http.headers - http-outgoing-1 << Ostype: linux
01:14:43.310 [Test worker] DEBUG com.github.dockerjava.zerodep.shaded.org.apache.hc.client5.http.headers - http-outgoing-1 << Server: Docker/20.10.21 (linux)
01:14:43.310 [Test worker] DEBUG com.github.dockerjava.zerodep.shaded.org.apache.hc.client5.http.headers - http-outgoing-1 << Transfer-Encoding: chunked
01:14:43.310 [Test worker] DEBUG com.github.dockerjava.zerodep.shaded.org.apache.hc.client5.http.impl.classic.MainClientExec - ex-00000009: connection can be kept alive for 3 MINUTES
01:14:43.310 [Test worker] DEBUG com.github.dockerjava.zerodep.shaded.org.apache.hc.client5.http.impl.classic.ProtocolExec - ex-00000009: Cannot retry non-repeatable request
01:14:43.310 [Test worker] DEBUG com.github.dockerjava.zerodep.shaded.org.apache.hc.client5.http.impl.classic.HttpRequestRetryExec - ex-00000009: cannot retry non-repeatable request
01:14:43.310 [Test worker] DEBUG com.github.dockerjava.zerodep.shaded.org.apache.hc.client5.http.impl.classic.InternalHttpClient - ep-00000008: cancel
01:14:43.310 [Test worker] DEBUG com.github.dockerjava.zerodep.shaded.org.apache.hc.client5.http.impl.io.DefaultManagedHttpClientConnection - http-outgoing-1: close connection IMMEDIATE
01:14:43.310 [Test worker] DEBUG com.github.dockerjava.zerodep.shaded.org.apache.hc.client5.http.impl.classic.InternalHttpClient - ep-00000008: endpoint closed
01:14:43.310 [Test worker] DEBUG com.github.dockerjava.zerodep.shaded.org.apache.hc.client5.http.impl.classic.InternalHttpClient - ep-00000008: discarding endpoint
01:14:43.310 [Test worker] DEBUG com.github.dockerjava.zerodep.shaded.org.apache.hc.client5.http.impl.io.PoolingHttpClientConnectionManager - ep-00000008: releasing endpoint
01:14:43.310 [Test worker] DEBUG com.github.dockerjava.zerodep.shaded.org.apache.hc.client5.http.impl.io.PoolingHttpClientConnectionManager - ep-00000008: connection is not kept alive
01:14:43.310 [Test worker] DEBUG com.github.dockerjava.zerodep.shaded.org.apache.hc.client5.http.impl.io.PoolingHttpClientConnectionManager - ep-00000008: connection released [route: {}->unix://localhost:2375][total available: 0; route allocated: 0 of 2147483647; total allocated: 0 of 2147483647]
01:14:43.310 [Test worker] DEBUG com.github.dockerjava.zerodep.shaded.org.apache.hc.client5.http.wire - http-outgoing-1 << "[read] I/O error: null"
01:14:43.311 [Test worker] DEBUG com.github.dockerjava.zerodep.ApacheDockerHttpClientImpl$ApacheResponse - Failed to close the response
java.nio.channels.ClosedChannelException: null
	at java.base/sun.nio.ch.SocketChannelImpl.ensureOpenAndConnected(SocketChannelImpl.java:215)
	at java.base/sun.nio.ch.SocketChannelImpl.read(SocketChannelImpl.java:403)
	at java.base/sun.nio.ch.ChannelInputStream.read(ChannelInputStream.java:59)
	at java.base/sun.nio.ch.ChannelInputStream.read(ChannelInputStream.java:107)
	at java.base/sun.nio.ch.ChannelInputStream.read(ChannelInputStream.java:101)
	at com.github.dockerjava.zerodep.shaded.org.apache.hc.client5.http.impl.io.LoggingInputStream.read(LoggingInputStream.java:81)
	at com.github.dockerjava.zerodep.shaded.org.apache.hc.core5.http.impl.io.SessionInputBufferImpl.fillBuffer(SessionInputBufferImpl.java:149)
	at com.github.dockerjava.zerodep.shaded.org.apache.hc.core5.http.impl.io.SessionInputBufferImpl.readLine(SessionInputBufferImpl.java:280)
	at com.github.dockerjava.zerodep.shaded.org.apache.hc.core5.http.impl.io.ChunkedInputStream.getChunkSize(ChunkedInputStream.java:261)
	at com.github.dockerjava.zerodep.shaded.org.apache.hc.core5.http.impl.io.ChunkedInputStream.nextChunk(ChunkedInputStream.java:222)
	at com.github.dockerjava.zerodep.shaded.org.apache.hc.core5.http.impl.io.ChunkedInputStream.read(ChunkedInputStream.java:183)
	at com.github.dockerjava.zerodep.shaded.org.apache.hc.core5.http.impl.io.ChunkedInputStream.read(ChunkedInputStream.java:210)
	at com.github.dockerjava.zerodep.shaded.org.apache.hc.core5.http.impl.io.ChunkedInputStream.close(ChunkedInputStream.java:319)
	at com.github.dockerjava.zerodep.shaded.org.apache.hc.core5.io.Closer.close(Closer.java:48)
	at com.github.dockerjava.zerodep.shaded.org.apache.hc.core5.http.impl.io.IncomingHttpEntity.close(IncomingHttpEntity.java:111)
	at com.github.dockerjava.zerodep.shaded.org.apache.hc.core5.http.io.entity.HttpEntityWrapper.close(HttpEntityWrapper.java:120)
	at com.github.dockerjava.zerodep.shaded.org.apache.hc.core5.io.Closer.close(Closer.java:48)
	at com.github.dockerjava.zerodep.shaded.org.apache.hc.core5.http.message.BasicClassicHttpResponse.close(BasicClassicHttpResponse.java:93)
	at com.github.dockerjava.zerodep.shaded.org.apache.hc.client5.http.impl.classic.CloseableHttpResponse.close(CloseableHttpResponse.java:200)
	at com.github.dockerjava.zerodep.ApacheDockerHttpClientImpl$ApacheResponse.close(ApacheDockerHttpClientImpl.java:256)
	at org.testcontainers.shaded.com.github.dockerjava.core.DefaultInvocationBuilder.put(DefaultInvocationBuilder.java:223)
	at org.testcontainers.shaded.com.github.dockerjava.core.exec.CopyArchiveToContainerCmdExec.execute(CopyArchiveToContainerCmdExec.java:32)
	at org.testcontainers.shaded.com.github.dockerjava.core.exec.CopyArchiveToContainerCmdExec.execute(CopyArchiveToContainerCmdExec.java:13)
	at org.testcontainers.shaded.com.github.dockerjava.core.exec.AbstrSyncDockerCmdExec.exec(AbstrSyncDockerCmdExec.java:21)
	at org.testcontainers.shaded.com.github.dockerjava.core.command.AbstrDockerCmd.exec(AbstrDockerCmd.java:35)
	at org.testcontainers.shaded.com.github.dockerjava.core.command.CopyArchiveToContainerCmdImpl.exec(CopyArchiveToContainerCmdImpl.java:154)
	at org.testcontainers.containers.ContainerState.copyFileToContainer(ContainerState.java:298)
	at org.testcontainers.containers.ContainerState.copyFileToContainer(ContainerState.java:267)
	at java.base/java.util.LinkedHashMap.forEach(LinkedHashMap.java:721)
	at org.testcontainers.containers.GenericContainer.tryStart(GenericContainer.java:430)
	at org.testcontainers.containers.GenericContainer.lambda$doStart$0(GenericContainer.java:344)
	at org.rnorth.ducttape.unreliables.Unreliables.retryUntilSuccess(Unreliables.java:81)
	at org.testcontainers.containers.GenericContainer.doStart(GenericContainer.java:334)
	at org.testcontainers.containers.GenericContainer.start(GenericContainer.java:322)
	at org.testcontainers.junit.jupiter.TestcontainersExtension$StoreAdapter.start(TestcontainersExtension.java:242)
	at org.testcontainers.junit.jupiter.TestcontainersExtension$StoreAdapter.access$200(TestcontainersExtension.java:229)
	at org.testcontainers.junit.jupiter.TestcontainersExtension.lambda$null$1(TestcontainersExtension.java:56)
	at org.junit.jupiter.engine.execution.ExtensionValuesStore.lambda$getOrComputeIfAbsent$4(ExtensionValuesStore.java:86)
	at org.junit.jupiter.engine.execution.ExtensionValuesStore$MemoizingSupplier.computeValue(ExtensionValuesStore.java:223)
	at org.junit.jupiter.engine.execution.ExtensionValuesStore$MemoizingSupplier.get(ExtensionValuesStore.java:211)
	at org.junit.jupiter.engine.execution.ExtensionValuesStore$StoredValue.evaluate(ExtensionValuesStore.java:191)
	at org.junit.jupiter.engine.execution.ExtensionValuesStore$StoredValue.access$100(ExtensionValuesStore.java:171)
	at org.junit.jupiter.engine.execution.ExtensionValuesStore.getOrComputeIfAbsent(ExtensionValuesStore.java:89)
	at org.junit.jupiter.engine.execution.NamespaceAwareStore.getOrComputeIfAbsent(NamespaceAwareStore.java:53)
	at org.testcontainers.junit.jupiter.TestcontainersExtension.lambda$beforeAll$2(TestcontainersExtension.java:56)
	at java.base/java.util.ArrayList.forEach(ArrayList.java:1511)
	at org.testcontainers.junit.jupiter.TestcontainersExtension.beforeAll(TestcontainersExtension.java:55)
	at org.junit.jupiter.engine.descriptor.ClassBasedTestDescriptor.lambda$invokeBeforeAllCallbacks$10(ClassBasedTestDescriptor.java:381)
	at org.junit.platform.engine.support.hierarchical.ThrowableCollector.execute(ThrowableCollector.java:73)
	at org.junit.jupiter.engine.descriptor.ClassBasedTestDescriptor.invokeBeforeAllCallbacks(ClassBasedTestDescriptor.java:381)
	at org.junit.jupiter.engine.descriptor.ClassBasedTestDescriptor.before(ClassBasedTestDescriptor.java:205)
	at org.junit.jupiter.engine.descriptor.ClassBasedTestDescriptor.before(ClassBasedTestDescriptor.java:80)
	at org.junit.platform.engine.support.hierarchical.NodeTestTask.lambda$executeRecursively$6(NodeTestTask.java:148)
	at org.junit.platform.engine.support.hierarchical.ThrowableCollector.execute(ThrowableCollector.java:73)
	at org.junit.platform.engine.support.hierarchical.NodeTestTask.lambda$executeRecursively$8(NodeTestTask.java:141)
	at org.junit.platform.engine.support.hierarchical.Node.around(Node.java:137)
	at org.junit.platform.engine.support.hierarchical.NodeTestTask.lambda$executeRecursively$9(NodeTestTask.java:139)
	at org.junit.platform.engine.support.hierarchical.ThrowableCollector.execute(ThrowableCollector.java:73)
	at org.junit.platform.engine.support.hierarchical.NodeTestTask.executeRecursively(NodeTestTask.java:138)
	at org.junit.platform.engine.support.hierarchical.NodeTestTask.execute(NodeTestTask.java:95)
	at java.base/java.util.ArrayList.forEach(ArrayList.java:1511)
	at org.junit.platform.engine.support.hierarchical.SameThreadHierarchicalTestExecutorService.invokeAll(SameThreadHierarchicalTestExecutorService.java:41)
	at org.junit.platform.engine.support.hierarchical.NodeTestTask.lambda$executeRecursively$6(NodeTestTask.java:155)
	at org.junit.platform.engine.support.hierarchical.ThrowableCollector.execute(ThrowableCollector.java:73)
	at org.junit.platform.engine.support.hierarchical.NodeTestTask.lambda$executeRecursively$8(NodeTestTask.java:141)
	at org.junit.platform.engine.support.hierarchical.Node.around(Node.java:137)
	at org.junit.platform.engine.support.hierarchical.NodeTestTask.lambda$executeRecursively$9(NodeTestTask.java:139)
	at org.junit.platform.engine.support.hierarchical.ThrowableCollector.execute(ThrowableCollector.java:73)
	at org.junit.platform.engine.support.hierarchical.NodeTestTask.executeRecursively(NodeTestTask.java:138)
	at org.junit.platform.engine.support.hierarchical.NodeTestTask.execute(NodeTestTask.java:95)
	at org.junit.platform.engine.support.hierarchical.SameThreadHierarchicalTestExecutorService.submit(SameThreadHierarchicalTestExecutorService.java:35)
	at org.junit.platform.engine.support.hierarchical.HierarchicalTestExecutor.execute(HierarchicalTestExecutor.java:57)
	at org.junit.platform.engine.support.hierarchical.HierarchicalTestEngine.execute(HierarchicalTestEngine.java:54)
	at org.junit.platform.launcher.core.EngineExecutionOrchestrator.execute(EngineExecutionOrchestrator.java:107)
	at org.junit.platform.launcher.core.EngineExecutionOrchestrator.execute(EngineExecutionOrchestrator.java:88)
	at org.junit.platform.launcher.core.EngineExecutionOrchestrator.lambda$execute$0(EngineExecutionOrchestrator.java:54)
	at org.junit.platform.launcher.core.EngineExecutionOrchestrator.withInterceptedStreams(EngineExecutionOrchestrator.java:67)
	at org.junit.platform.launcher.core.EngineExecutionOrchestrator.execute(EngineExecutionOrchestrator.java:52)
	at org.junit.platform.launcher.core.DefaultLauncher.execute(DefaultLauncher.java:114)
	at org.junit.platform.launcher.core.DefaultLauncher.execute(DefaultLauncher.java:86)
	at org.junit.platform.launcher.core.DefaultLauncherSession$DelegatingLauncher.execute(DefaultLauncherSession.java:86)
	at org.junit.platform.launcher.core.SessionPerRequestLauncher.execute(SessionPerRequestLauncher.java:53)
	at org.gradle.api.internal.tasks.testing.junitplatform.JUnitPlatformTestClassProcessor$CollectAllTestClassesExecutor.processAllTestClasses(JUnitPlatformTestClassProcessor.java:99)
	at org.gradle.api.internal.tasks.testing.junitplatform.JUnitPlatformTestClassProcessor$CollectAllTestClassesExecutor.access$000(JUnitPlatformTestClassProcessor.java:79)
	at org.gradle.api.internal.tasks.testing.junitplatform.JUnitPlatformTestClassProcessor.stop(JUnitPlatformTestClassProcessor.java:75)
	at org.gradle.api.internal.tasks.testing.SuiteTestClassProcessor.stop(SuiteTestClassProcessor.java:62)
	at java.base/jdk.internal.reflect.NativeMethodAccessorImpl.invoke0(Native Method)
	at java.base/jdk.internal.reflect.NativeMethodAccessorImpl.invoke(NativeMethodAccessorImpl.java:77)
	at java.base/jdk.internal.reflect.DelegatingMethodAccessorImpl.invoke(DelegatingMethodAccessorImpl.java:43)
	at java.base/java.lang.reflect.Method.invoke(Method.java:568)
	at org.gradle.internal.dispatch.ReflectionDispatch.dispatch(ReflectionDispatch.java:36)
	at org.gradle.internal.dispatch.ReflectionDispatch.dispatch(ReflectionDispatch.java:24)
	at org.gradle.internal.dispatch.ContextClassLoaderDispatch.dispatch(ContextClassLoaderDispatch.java:33)
	at org.gradle.internal.dispatch.ProxyDispatchAdapter$DispatchingInvocationHandler.invoke(ProxyDispatchAdapter.java:94)
	at jdk.proxy1/jdk.proxy1.$Proxy2.stop(Unknown Source)
	at org.gradle.api.internal.tasks.testing.worker.TestWorker$3.run(TestWorker.java:193)
	at org.gradle.api.internal.tasks.testing.worker.TestWorker.executeAndMaintainThreadName(TestWorker.java:129)
	at org.gradle.api.internal.tasks.testing.worker.TestWorker.execute(TestWorker.java:100)
	at org.gradle.api.internal.tasks.testing.worker.TestWorker.execute(TestWorker.java:60)
	at org.gradle.process.internal.worker.child.ActionExecutionWorker.execute(ActionExecutionWorker.java:56)
	at org.gradle.process.internal.worker.child.SystemApplicationClassLoaderWorker.call(SystemApplicationClassLoaderWorker.java:113)
	at org.gradle.process.internal.worker.child.SystemApplicationClassLoaderWorker.call(SystemApplicationClassLoaderWorker.java:65)
	at worker.org.gradle.process.internal.worker.GradleWorkerMain.run(GradleWorkerMain.java:69)
	at worker.org.gradle.process.internal.worker.GradleWorkerMain.main(GradleWorkerMain.java:74)
01:14:43.312 [Test worker] INFO ]]>&#x1f433;<![CDATA[ [mysql:latest] - Container mysql:latest is starting: cd5ecdf38df06b4092e6cf67100cd20ad9c3cb4b6e9303874a7bd89885b140c9
01:14:43.312 [Test worker] DEBUG org.testcontainers.shaded.com.github.dockerjava.core.command.AbstrDockerCmd - Cmd: cd5ecdf38df06b4092e6cf67100cd20ad9c3cb4b6e9303874a7bd89885b140c9
01:14:43.312 [Test worker] DEBUG com.github.dockerjava.zerodep.shaded.org.apache.hc.client5.http.impl.classic.InternalHttpClient - ex-0000000A: preparing request execution
01:14:43.312 [Test worker] DEBUG com.github.dockerjava.zerodep.shaded.org.apache.hc.client5.http.protocol.RequestAddCookies - Cookie spec selected: strict
01:14:43.312 [Test worker] DEBUG com.github.dockerjava.zerodep.shaded.org.apache.hc.client5.http.protocol.RequestAuthCache - Auth cache not set in the context
01:14:43.312 [Test worker] DEBUG com.github.dockerjava.zerodep.shaded.org.apache.hc.client5.http.impl.classic.ProtocolExec - ex-0000000A: target auth state: UNCHALLENGED
01:14:43.312 [Test worker] DEBUG com.github.dockerjava.zerodep.shaded.org.apache.hc.client5.http.impl.classic.ProtocolExec - ex-0000000A: proxy auth state: UNCHALLENGED
01:14:43.312 [Test worker] DEBUG com.github.dockerjava.zerodep.shaded.org.apache.hc.client5.http.impl.classic.ConnectExec - ex-0000000A: acquiring connection with route {}->unix://localhost:2375
01:14:43.312 [Test worker] DEBUG com.github.dockerjava.zerodep.shaded.org.apache.hc.client5.http.impl.classic.InternalHttpClient - ex-0000000A: acquiring endpoint (3 MINUTES)
01:14:43.313 [Test worker] DEBUG com.github.dockerjava.zerodep.shaded.org.apache.hc.client5.http.impl.io.PoolingHttpClientConnectionManager - ex-0000000A: endpoint lease request (3 MINUTES) [route: {}->unix://localhost:2375][total available: 0; route allocated: 0 of 2147483647; total allocated: 0 of 2147483647]
01:14:43.313 [Test worker] DEBUG com.github.dockerjava.zerodep.shaded.org.apache.hc.client5.http.impl.io.PoolingHttpClientConnectionManager - ex-0000000A: endpoint leased [route: {}->unix://localhost:2375][total available: 0; route allocated: 1 of 2147483647; total allocated: 1 of 2147483647]
01:14:43.313 [Test worker] DEBUG com.github.dockerjava.zerodep.shaded.org.apache.hc.client5.http.impl.io.PoolingHttpClientConnectionManager - ex-0000000A: acquired ep-00000009
01:14:43.313 [Test worker] DEBUG com.github.dockerjava.zerodep.shaded.org.apache.hc.client5.http.impl.classic.InternalHttpClient - ex-0000000A: acquired endpoint ep-00000009
01:14:43.313 [Test worker] DEBUG com.github.dockerjava.zerodep.shaded.org.apache.hc.client5.http.impl.classic.ConnectExec - ex-0000000A: opening connection {}->unix://localhost:2375
01:14:43.313 [Test worker] DEBUG com.github.dockerjava.zerodep.shaded.org.apache.hc.client5.http.impl.classic.InternalHttpClient - ep-00000009: connecting endpoint (3 MINUTES)
01:14:43.313 [Test worker] DEBUG com.github.dockerjava.zerodep.shaded.org.apache.hc.client5.http.impl.io.PoolingHttpClientConnectionManager - ep-00000009: connecting endpoint to unix://localhost:2375 (3 MINUTES)
01:14:43.313 [Test worker] DEBUG com.github.dockerjava.zerodep.shaded.org.apache.hc.client5.http.impl.io.DefaultHttpClientConnectionOperator - http-outgoing-2: connecting to localhost/127.0.0.1:2375
01:14:43.314 [Test worker] DEBUG com.github.dockerjava.zerodep.shaded.org.apache.hc.client5.http.impl.io.DefaultHttpClientConnectionOperator - http-outgoing-2: connection established /var/run/docker.sock<->/var/run/docker.sock
01:14:43.314 [Test worker] DEBUG com.github.dockerjava.zerodep.shaded.org.apache.hc.client5.http.impl.io.PoolingHttpClientConnectionManager - ep-00000009: connected http-outgoing-2
01:14:43.314 [Test worker] DEBUG com.github.dockerjava.zerodep.shaded.org.apache.hc.client5.http.impl.classic.InternalHttpClient - ep-00000009: endpoint connected
01:14:43.314 [Test worker] DEBUG com.github.dockerjava.zerodep.shaded.org.apache.hc.client5.http.impl.classic.MainClientExec - ex-0000000A: executing POST /v1.32/containers/cd5ecdf38df06b4092e6cf67100cd20ad9c3cb4b6e9303874a7bd89885b140c9/start HTTP/1.1
01:14:43.314 [Test worker] DEBUG com.github.dockerjava.zerodep.shaded.org.apache.hc.client5.http.impl.classic.InternalHttpClient - ep-00000009: start execution ex-0000000A
01:14:43.314 [Test worker] DEBUG com.github.dockerjava.zerodep.shaded.org.apache.hc.client5.http.impl.io.PoolingHttpClientConnectionManager - ep-00000009: executing exchange ex-0000000A over http-outgoing-2
01:14:43.314 [Test worker] DEBUG com.github.dockerjava.zerodep.shaded.org.apache.hc.client5.http.headers - http-outgoing-2 >> POST /v1.32/containers/cd5ecdf38df06b4092e6cf67100cd20ad9c3cb4b6e9303874a7bd89885b140c9/start HTTP/1.1
01:14:43.314 [Test worker] DEBUG com.github.dockerjava.zerodep.shaded.org.apache.hc.client5.http.headers - http-outgoing-2 >> accept: application/json
01:14:43.314 [Test worker] DEBUG com.github.dockerjava.zerodep.shaded.org.apache.hc.client5.http.headers - http-outgoing-2 >> content-type: application/json
01:14:43.314 [Test worker] DEBUG com.github.dockerjava.zerodep.shaded.org.apache.hc.client5.http.headers - http-outgoing-2 >> x-tc-sid: 71b9672a-6f61-4546-a7b6-d603100b2e56
01:14:43.314 [Test worker] DEBUG com.github.dockerjava.zerodep.shaded.org.apache.hc.client5.http.headers - http-outgoing-2 >> Accept-Encoding: gzip, x-gzip, deflate
01:14:43.314 [Test worker] DEBUG com.github.dockerjava.zerodep.shaded.org.apache.hc.client5.http.headers - http-outgoing-2 >> Host: localhost:2375
01:14:43.314 [Test worker] DEBUG com.github.dockerjava.zerodep.shaded.org.apache.hc.client5.http.headers - http-outgoing-2 >> Connection: keep-alive
01:14:43.314 [Test worker] DEBUG com.github.dockerjava.zerodep.shaded.org.apache.hc.client5.http.headers - http-outgoing-2 >> User-Agent: Apache-HttpClient/5.0.3 (Java/17.0.2)
01:14:43.314 [Test worker] DEBUG com.github.dockerjava.zerodep.shaded.org.apache.hc.client5.http.wire - http-outgoing-2 >> "POST /v1.32/containers/cd5ecdf38df06b4092e6cf67100cd20ad9c3cb4b6e9303874a7bd89885b140c9/start HTTP/1.1[\r][\n]"
01:14:43.314 [Test worker] DEBUG com.github.dockerjava.zerodep.shaded.org.apache.hc.client5.http.wire - http-outgoing-2 >> "accept: application/json[\r][\n]"
01:14:43.314 [Test worker] DEBUG com.github.dockerjava.zerodep.shaded.org.apache.hc.client5.http.wire - http-outgoing-2 >> "content-type: application/json[\r][\n]"
01:14:43.314 [Test worker] DEBUG com.github.dockerjava.zerodep.shaded.org.apache.hc.client5.http.wire - http-outgoing-2 >> "x-tc-sid: 71b9672a-6f61-4546-a7b6-d603100b2e56[\r][\n]"
01:14:43.314 [Test worker] DEBUG com.github.dockerjava.zerodep.shaded.org.apache.hc.client5.http.wire - http-outgoing-2 >> "Accept-Encoding: gzip, x-gzip, deflate[\r][\n]"
01:14:43.314 [Test worker] DEBUG com.github.dockerjava.zerodep.shaded.org.apache.hc.client5.http.wire - http-outgoing-2 >> "Host: localhost:2375[\r][\n]"
01:14:43.314 [Test worker] DEBUG com.github.dockerjava.zerodep.shaded.org.apache.hc.client5.http.wire - http-outgoing-2 >> "Connection: keep-alive[\r][\n]"
01:14:43.314 [Test worker] DEBUG com.github.dockerjava.zerodep.shaded.org.apache.hc.client5.http.wire - http-outgoing-2 >> "User-Agent: Apache-HttpClient/5.0.3 (Java/17.0.2)[\r][\n]"
01:14:43.314 [Test worker] DEBUG com.github.dockerjava.zerodep.shaded.org.apache.hc.client5.http.wire - http-outgoing-2 >> "[\r][\n]"
01:14:43.680 [Test worker] DEBUG com.github.dockerjava.zerodep.shaded.org.apache.hc.client5.http.wire - http-outgoing-2 << "HTTP/1.1 204 No Content[\r][\n]"
01:14:43.680 [Test worker] DEBUG com.github.dockerjava.zerodep.shaded.org.apache.hc.client5.http.wire - http-outgoing-2 << "Api-Version: 1.41[\r][\n]"
01:14:43.680 [Test worker] DEBUG com.github.dockerjava.zerodep.shaded.org.apache.hc.client5.http.wire - http-outgoing-2 << "Date: Tue, 28 Mar 2023 04:14:43 GMT[\r][\n]"
01:14:43.680 [Test worker] DEBUG com.github.dockerjava.zerodep.shaded.org.apache.hc.client5.http.wire - http-outgoing-2 << "Docker-Experimental: false[\r][\n]"
01:14:43.680 [Test worker] DEBUG com.github.dockerjava.zerodep.shaded.org.apache.hc.client5.http.wire - http-outgoing-2 << "Ostype: linux[\r][\n]"
01:14:43.680 [Test worker] DEBUG com.github.dockerjava.zerodep.shaded.org.apache.hc.client5.http.wire - http-outgoing-2 << "Server: Docker/20.10.21 (linux)[\r][\n]"
01:14:43.680 [Test worker] DEBUG com.github.dockerjava.zerodep.shaded.org.apache.hc.client5.http.wire - http-outgoing-2 << "[\r][\n]"
01:14:43.681 [Test worker] DEBUG com.github.dockerjava.zerodep.shaded.org.apache.hc.client5.http.headers - http-outgoing-2 << HTTP/1.1 204 No Content
01:14:43.681 [Test worker] DEBUG com.github.dockerjava.zerodep.shaded.org.apache.hc.client5.http.headers - http-outgoing-2 << Api-Version: 1.41
01:14:43.681 [Test worker] DEBUG com.github.dockerjava.zerodep.shaded.org.apache.hc.client5.http.headers - http-outgoing-2 << Date: Tue, 28 Mar 2023 04:14:43 GMT
01:14:43.681 [Test worker] DEBUG com.github.dockerjava.zerodep.shaded.org.apache.hc.client5.http.headers - http-outgoing-2 << Docker-Experimental: false
01:14:43.681 [Test worker] DEBUG com.github.dockerjava.zerodep.shaded.org.apache.hc.client5.http.headers - http-outgoing-2 << Ostype: linux
01:14:43.681 [Test worker] DEBUG com.github.dockerjava.zerodep.shaded.org.apache.hc.client5.http.headers - http-outgoing-2 << Server: Docker/20.10.21 (linux)
01:14:43.681 [Test worker] DEBUG com.github.dockerjava.zerodep.shaded.org.apache.hc.client5.http.impl.classic.MainClientExec - ex-0000000A: connection can be kept alive for 3 MINUTES
01:14:43.681 [Test worker] DEBUG com.github.dockerjava.zerodep.shaded.org.apache.hc.client5.http.impl.classic.InternalHttpClient - ep-00000009: releasing valid endpoint
01:14:43.681 [Test worker] DEBUG com.github.dockerjava.zerodep.shaded.org.apache.hc.client5.http.impl.io.PoolingHttpClientConnectionManager - ep-00000009: releasing endpoint
01:14:43.681 [Test worker] DEBUG com.github.dockerjava.zerodep.shaded.org.apache.hc.client5.http.impl.io.PoolingHttpClientConnectionManager - ep-00000009: connection http-outgoing-2 can be kept alive for 3 MINUTES
01:14:43.681 [Test worker] DEBUG com.github.dockerjava.zerodep.shaded.org.apache.hc.client5.http.impl.io.PoolingHttpClientConnectionManager - ep-00000009: connection released [route: {}->unix://localhost:2375][total available: 1; route allocated: 1 of 2147483647; total allocated: 1 of 2147483647]
01:14:43.682 [Test worker] DEBUG org.testcontainers.shaded.com.github.dockerjava.core.command.AbstrDockerCmd - Cmd: cd5ecdf38df06b4092e6cf67100cd20ad9c3cb4b6e9303874a7bd89885b140c9,false
01:14:43.682 [Test worker] DEBUG org.testcontainers.shaded.com.github.dockerjava.core.exec.InspectContainerCmdExec - GET: DefaultWebTarget{path=[/containers/cd5ecdf38df06b4092e6cf67100cd20ad9c3cb4b6e9303874a7bd89885b140c9/json], queryParams={}}
01:14:43.682 [Test worker] DEBUG com.github.dockerjava.zerodep.shaded.org.apache.hc.client5.http.impl.classic.InternalHttpClient - ex-0000000B: preparing request execution
01:14:43.682 [Test worker] DEBUG com.github.dockerjava.zerodep.shaded.org.apache.hc.client5.http.protocol.RequestAddCookies - Cookie spec selected: strict
01:14:43.682 [Test worker] DEBUG com.github.dockerjava.zerodep.shaded.org.apache.hc.client5.http.protocol.RequestAuthCache - Auth cache not set in the context
01:14:43.682 [Test worker] DEBUG com.github.dockerjava.zerodep.shaded.org.apache.hc.client5.http.impl.classic.ProtocolExec - ex-0000000B: target auth state: UNCHALLENGED
01:14:43.682 [Test worker] DEBUG com.github.dockerjava.zerodep.shaded.org.apache.hc.client5.http.impl.classic.ProtocolExec - ex-0000000B: proxy auth state: UNCHALLENGED
01:14:43.682 [Test worker] DEBUG com.github.dockerjava.zerodep.shaded.org.apache.hc.client5.http.impl.classic.ConnectExec - ex-0000000B: acquiring connection with route {}->unix://localhost:2375
01:14:43.682 [Test worker] DEBUG com.github.dockerjava.zerodep.shaded.org.apache.hc.client5.http.impl.classic.InternalHttpClient - ex-0000000B: acquiring endpoint (3 MINUTES)
01:14:43.682 [Test worker] DEBUG com.github.dockerjava.zerodep.shaded.org.apache.hc.client5.http.impl.io.PoolingHttpClientConnectionManager - ex-0000000B: endpoint lease request (3 MINUTES) [route: {}->unix://localhost:2375][total available: 1; route allocated: 1 of 2147483647; total allocated: 1 of 2147483647]
01:14:43.682 [Test worker] DEBUG com.github.dockerjava.zerodep.shaded.org.apache.hc.client5.http.impl.io.PoolingHttpClientConnectionManager - ex-0000000B: endpoint leased [route: {}->unix://localhost:2375][total available: 0; route allocated: 1 of 2147483647; total allocated: 1 of 2147483647]
01:14:43.682 [Test worker] DEBUG com.github.dockerjava.zerodep.shaded.org.apache.hc.client5.http.impl.io.PoolingHttpClientConnectionManager - ex-0000000B: acquired ep-0000000A
01:14:43.682 [Test worker] DEBUG com.github.dockerjava.zerodep.shaded.org.apache.hc.client5.http.impl.classic.InternalHttpClient - ex-0000000B: acquired endpoint ep-0000000A
01:14:43.682 [Test worker] DEBUG com.github.dockerjava.zerodep.shaded.org.apache.hc.client5.http.impl.classic.MainClientExec - ex-0000000B: executing GET /v1.32/containers/cd5ecdf38df06b4092e6cf67100cd20ad9c3cb4b6e9303874a7bd89885b140c9/json HTTP/1.1
01:14:43.682 [Test worker] DEBUG com.github.dockerjava.zerodep.shaded.org.apache.hc.client5.http.impl.classic.InternalHttpClient - ep-0000000A: start execution ex-0000000B
01:14:43.682 [Test worker] DEBUG com.github.dockerjava.zerodep.shaded.org.apache.hc.client5.http.impl.io.PoolingHttpClientConnectionManager - ep-0000000A: executing exchange ex-0000000B over http-outgoing-2
01:14:43.683 [Test worker] DEBUG com.github.dockerjava.zerodep.shaded.org.apache.hc.client5.http.headers - http-outgoing-2 >> GET /v1.32/containers/cd5ecdf38df06b4092e6cf67100cd20ad9c3cb4b6e9303874a7bd89885b140c9/json HTTP/1.1
01:14:43.683 [Test worker] DEBUG com.github.dockerjava.zerodep.shaded.org.apache.hc.client5.http.headers - http-outgoing-2 >> accept: application/json
01:14:43.683 [Test worker] DEBUG com.github.dockerjava.zerodep.shaded.org.apache.hc.client5.http.headers - http-outgoing-2 >> x-tc-sid: 71b9672a-6f61-4546-a7b6-d603100b2e56
01:14:43.683 [Test worker] DEBUG com.github.dockerjava.zerodep.shaded.org.apache.hc.client5.http.headers - http-outgoing-2 >> Accept-Encoding: gzip, x-gzip, deflate
01:14:43.683 [Test worker] DEBUG com.github.dockerjava.zerodep.shaded.org.apache.hc.client5.http.headers - http-outgoing-2 >> Host: localhost:2375
01:14:43.683 [Test worker] DEBUG com.github.dockerjava.zerodep.shaded.org.apache.hc.client5.http.headers - http-outgoing-2 >> Connection: keep-alive
01:14:43.683 [Test worker] DEBUG com.github.dockerjava.zerodep.shaded.org.apache.hc.client5.http.headers - http-outgoing-2 >> User-Agent: Apache-HttpClient/5.0.3 (Java/17.0.2)
01:14:43.683 [Test worker] DEBUG com.github.dockerjava.zerodep.shaded.org.apache.hc.client5.http.wire - http-outgoing-2 >> "GET /v1.32/containers/cd5ecdf38df06b4092e6cf67100cd20ad9c3cb4b6e9303874a7bd89885b140c9/json HTTP/1.1[\r][\n]"
01:14:43.683 [Test worker] DEBUG com.github.dockerjava.zerodep.shaded.org.apache.hc.client5.http.wire - http-outgoing-2 >> "accept: application/json[\r][\n]"
01:14:43.683 [Test worker] DEBUG com.github.dockerjava.zerodep.shaded.org.apache.hc.client5.http.wire - http-outgoing-2 >> "x-tc-sid: 71b9672a-6f61-4546-a7b6-d603100b2e56[\r][\n]"
01:14:43.683 [Test worker] DEBUG com.github.dockerjava.zerodep.shaded.org.apache.hc.client5.http.wire - http-outgoing-2 >> "Accept-Encoding: gzip, x-gzip, deflate[\r][\n]"
01:14:43.683 [Test worker] DEBUG com.github.dockerjava.zerodep.shaded.org.apache.hc.client5.http.wire - http-outgoing-2 >> "Host: localhost:2375[\r][\n]"
01:14:43.683 [Test worker] DEBUG com.github.dockerjava.zerodep.shaded.org.apache.hc.client5.http.wire - http-outgoing-2 >> "Connection: keep-alive[\r][\n]"
01:14:43.683 [Test worker] DEBUG com.github.dockerjava.zerodep.shaded.org.apache.hc.client5.http.wire - http-outgoing-2 >> "User-Agent: Apache-HttpClient/5.0.3 (Java/17.0.2)[\r][\n]"
01:14:43.683 [Test worker] DEBUG com.github.dockerjava.zerodep.shaded.org.apache.hc.client5.http.wire - http-outgoing-2 >> "[\r][\n]"
01:14:43.687 [Test worker] DEBUG com.github.dockerjava.zerodep.shaded.org.apache.hc.client5.http.wire - http-outgoing-2 << "HTTP/1.1 200 OK[\r][\n]"
01:14:43.687 [Test worker] DEBUG com.github.dockerjava.zerodep.shaded.org.apache.hc.client5.http.wire - http-outgoing-2 << "Api-Version: 1.41[\r][\n]"
01:14:43.687 [Test worker] DEBUG com.github.dockerjava.zerodep.shaded.org.apache.hc.client5.http.wire - http-outgoing-2 << "Content-Type: application/json[\r][\n]"
01:14:43.687 [Test worker] DEBUG com.github.dockerjava.zerodep.shaded.org.apache.hc.client5.http.wire - http-outgoing-2 << "Date: Tue, 28 Mar 2023 04:14:43 GMT[\r][\n]"
01:14:43.687 [Test worker] DEBUG com.github.dockerjava.zerodep.shaded.org.apache.hc.client5.http.wire - http-outgoing-2 << "Docker-Experimental: false[\r][\n]"
01:14:43.687 [Test worker] DEBUG com.github.dockerjava.zerodep.shaded.org.apache.hc.client5.http.wire - http-outgoing-2 << "Ostype: linux[\r][\n]"
01:14:43.687 [Test worker] DEBUG com.github.dockerjava.zerodep.shaded.org.apache.hc.client5.http.wire - http-outgoing-2 << "Server: Docker/20.10.21 (linux)[\r][\n]"
01:14:43.687 [Test worker] DEBUG com.github.dockerjava.zerodep.shaded.org.apache.hc.client5.http.wire - http-outgoing-2 << "Transfer-Encoding: chunked[\r][\n]"
01:14:43.687 [Test worker] DEBUG com.github.dockerjava.zerodep.shaded.org.apache.hc.client5.http.wire - http-outgoing-2 << "[\r][\n]"
01:14:43.687 [Test worker] DEBUG com.github.dockerjava.zerodep.shaded.org.apache.hc.client5.http.headers - http-outgoing-2 << HTTP/1.1 200 OK
01:14:43.687 [Test worker] DEBUG com.github.dockerjava.zerodep.shaded.org.apache.hc.client5.http.headers - http-outgoing-2 << Api-Version: 1.41
01:14:43.687 [Test worker] DEBUG com.github.dockerjava.zerodep.shaded.org.apache.hc.client5.http.headers - http-outgoing-2 << Content-Type: application/json
01:14:43.687 [Test worker] DEBUG com.github.dockerjava.zerodep.shaded.org.apache.hc.client5.http.headers - http-outgoing-2 << Date: Tue, 28 Mar 2023 04:14:43 GMT
01:14:43.687 [Test worker] DEBUG com.github.dockerjava.zerodep.shaded.org.apache.hc.client5.http.headers - http-outgoing-2 << Docker-Experimental: false
01:14:43.687 [Test worker] DEBUG com.github.dockerjava.zerodep.shaded.org.apache.hc.client5.http.headers - http-outgoing-2 << Ostype: linux
01:14:43.687 [Test worker] DEBUG com.github.dockerjava.zerodep.shaded.org.apache.hc.client5.http.headers - http-outgoing-2 << Server: Docker/20.10.21 (linux)
01:14:43.687 [Test worker] DEBUG com.github.dockerjava.zerodep.shaded.org.apache.hc.client5.http.headers - http-outgoing-2 << Transfer-Encoding: chunked
01:14:43.687 [Test worker] DEBUG com.github.dockerjava.zerodep.shaded.org.apache.hc.client5.http.impl.classic.MainClientExec - ex-0000000B: connection can be kept alive for 3 MINUTES
01:14:43.690 [Test worker] DEBUG com.github.dockerjava.zerodep.shaded.org.apache.hc.client5.http.wire - http-outgoing-2 << "18c1[\r][\n]"
01:14:43.690 [Test worker] DEBUG com.github.dockerjava.zerodep.shaded.org.apache.hc.client5.http.wire - http-outgoing-2 << "{"Id":"cd5ecdf38df06b4092e6cf67100cd20ad9c3cb4b6e9303874a7bd89885b140c9","Created":"2023-03-28T04:14:43.179040379Z","Path":"docker-entrypoint.sh","Args":["mysqld"],"State":{"Status":"running","Running":true,"Paused":false,"Restarting":false,"OOMKilled":false,"Dead":false,"Pid":20152,"ExitCode":0,"Error":"","StartedAt":"2023-03-28T04:14:43.680338005Z","FinishedAt":"0001-01-01T00:00:00Z"},"Image":"sha256:c7c54c29e20dccc1aefb936c8eba8bb8b98b87a4921102aba87fde2df5810af9","ResolvConfPath":"/var/lib/docker/containers/cd5ecdf38df06b4092e6cf67100cd20ad9c3cb4b6e9303874a7bd89885b140c9/resolv.conf","HostnamePath":"/var/lib/docker/containers/cd5ecdf38df06b4092e6cf67100cd20ad9c3cb4b6e9303874a7bd89885b140c9/hostname","HostsPath":"/var/lib/docker/containers/cd5ecdf38df06b4092e6cf67100cd20ad9c3cb4b6e9303874a7bd89885b140c9/hosts","LogPath":"/var/lib/docker/containers/cd5ecdf38df06b4092e6cf67100cd20ad9c3cb4b6e9303874a7bd89885b140c9/cd5ecdf38df06b4092e6cf67100cd20ad9c3cb4b6e9303874a7bd89885b140c9-json.log","Name":"/keen_matsumoto","RestartCount":0,"Driver":"overlay2","Platform":"linux","MountLabel":"","ProcessLabel":"","AppArmorProfile":"","ExecIDs":null,"HostConfig":{"Binds":[],"ContainerIDFile":"","LogConfig":{"Type":"json-file","Config":{}},"NetworkMode":"default","PortBindings":{"3306/tcp":[{"HostIp":"0.0.0.0","HostPort":"0"}]},"RestartPolicy":{"Name":"","MaximumRetryCount":0},"AutoRemove":false,"VolumeDriver":"","VolumesFrom":[],"CapAdd":null,"CapDrop":null,"CgroupnsMode":"private","Dns":null,"DnsOptions":null,"DnsSearch":null,"ExtraHosts":[],"GroupAdd":null,"IpcMode":"shareable","Cgroup":"","Links":null,"OomScoreAdj":0,"PidMode":"","Privileged":false,"PublishAllPorts":false,"ReadonlyRootfs":false,"SecurityOpt":null,"UTSMode":"","UsernsMode":"","ShmSize":67108864,"Runtime":"runc","ConsoleSize":[0,0],"Isolation":"","CpuShares":0,"Memory":0,"NanoCpus":0,"CgroupParent":"","BlkioWeight":0,"BlkioWeightDevice":null,"BlkioDeviceReadBps":null,"BlkioDeviceWriteBps":null,"BlkioDeviceReadIOps":null,"BlkioDeviceWriteIOps":null,"CpuPeriod":0,"CpuQuota":0,"CpuRealtimePeriod":0,"CpuRealtimeRuntime":0,"CpusetCpus":"","CpusetMems":"","Devices":null,"DeviceCgroupRules":null,"DeviceRequests":null,"KernelMemory":0,"KernelMemoryTCP":0,"MemoryReservation":0,"MemorySwap":0,"MemorySwappiness":null,"OomKillDisable":null,"PidsLimit":null,"Ulimits":null,"CpuCount":0,"CpuPercent":0,"IOMaximumIOps":0,"IOMaximumBandwidth":0,"MaskedPaths":["/proc/asound","/proc/acpi","/proc/kcore","/proc/keys","/proc/latency_stats","/proc/timer_list","/proc/timer_stats","/proc/sched_debug","/proc/scsi","/sys/firmware"],"ReadonlyPaths":["/proc/bus","/proc/fs","/proc/irq","/proc/sys","/proc/sysrq-trigger"]},"GraphDriver":{"Data":{"LowerDir":"/var/lib/docker/overlay2/830e690ec83ecff869b59e4f673c0c63b2bc5c068e9f710933e6f61763699fd2-init/diff:/var/lib/docker/overlay2/1bd8849d7a296305617011f940aa5cfabbe972a513397b1b6bbc27639b6c1f30/diff:/var/lib/docker/overlay2/199d69b2fbf78af4d4c95dec4fd2f8835ab0347eb49fb20ebb2ff3b99fedd6ad/diff:/var/lib/docker/overlay2/d83c38d654989311f75b9491329846033bfb7714de76ef635380dcfad5c740d9/diff:/var/lib/docker/overlay2/08600d0aea2ab2728bebcf5d2589c640a842f53d1ba3c4a4adccb4d03b923cf6/diff:/var/lib/docker/overlay2/9ec7c63a3fb14d13ac788bbf5e282ca821edc41260b79944e5e631037d13ecda/diff:/var/lib/docker/overlay2/db601d7a1b4ea6da638db620462f0da96fa55c559d02269c9ddb09027936ed87/diff:/var/lib/docker/overlay2/a6d2bd03f942e2565f21e74cfe152c7ec836a1c2b583f0790c685b92bdcfda24/diff:/var/lib/docker/overlay2/9badd16ea2c5e2bf1fde8b579683e41137dfc46ed5449234149f199a6751cc84/diff:/var/lib/docker/overlay2/6efb85646ed12e2d1181ef4cc6f6f6732c00c15a4035fe17ebc4f075ca573c30/diff:/var/lib/docker/overlay2/895d7c0ec09144d6ed33936f4e98e11c18010f7abd708cae1ce43aec7a7f2621/diff:/var/lib/docker/overlay2/1c4ba77aa573ab6e5e5069fd15eae71b3da940bde0f97a922a227ffc8a1d1096/diff","MergedDir":"/var/lib/docker/overlay2/830e690ec83ecff869b59e4f673c0c63b2bc5c068e9f710933e6f61763699fd2/merged","UpperDir":"/var/lib/docker/overlay2/830e690ec83ecff869b59e4f673c0c63b2bc5c068e9f710933e6f61763699fd2/diff","WorkDir":"/var/lib/docker/overlay2/830e690ec83ecff869b59e4f673c0c63b2bc5c068e9f710933e6f61763699fd2/work"},"Name":"overlay2"},"Mounts":[{"Type":"volume","Name":"25868b8cea8ad6eba7f00a6fe83e8848def5cff8aab5c5943024031400fa063d","Source":"/var/lib/docker/volumes/25868b8cea8ad6eba7f00a6fe83e8848def5cff8aab5c5943024031400fa063d/_data","Destination":"/var/lib/mysql","Driver":"local","Mode":"","RW":true,"Propagation":""}],"Config":{"Hostname":"cd5ecdf38df0","Domainname":"","User":"","AttachStdin":false,"AttachStdout":false,"AttachStderr":false,"ExposedPorts":{"3306/tcp":{},"33060/tcp":{}},"Tty":false,"OpenStdin":false,"StdinOnce":false,"Env":["MYSQL_DATABASE=adm_videos","MYSQL_PASSWORD=123456","MYSQL_ROOT_PASSWORD=123456","PATH=/usr/local/sbin:/usr/local/bin:/usr/sbin:/usr/bin:/sbin:/bin","GOSU_VERSION=1.16","MYSQL_MAJOR=8.0","MYSQL_VERSION=8.0.32-1.el8","MYSQL_SHELL_VERSION=8.0.32-1.el8"],"Cmd":["mysqld"],"Image":"mysql:latest","Volumes":{"/var/lib/mysql":{}},"WorkingDir":"","Entrypoint":["docker-entrypoint.sh"],"OnBuild":null,"Labels":{"org.testcontainers":"true","org.testcontainers.lang":"java","org.testcontainers.sessionId":"71b9672a-6f61-4546-a7b6-d603100b2e56","org.testcontainers.version":"1.17.6"}},"NetworkSettings":{"Bridge":"","SandboxID":"56762d63452c709eadac6b5c5f4b6cdd30da833580c632f91fd658806eaf4ddb","HairpinMode":false,"LinkLocalIPv6Address":"","LinkLocalIPv6PrefixLen":0,"Ports":{"3306/tcp":[{"HostIp":"0.0.0.0","HostPort":"63819"}],"33060/tcp":null},"SandboxKey":"/var/run/docker/netns/56762d63452c","SecondaryIPAddresses":null,"SecondaryIPv6Addresses":null,"EndpointID":"92fc2600684327987bceb8e2716a72ba2420fccd56812c1491af8c03946e105c","Gateway":"172.17.0.1","GlobalIPv6Address":"","GlobalIPv6PrefixLen":0,"IPAddress":"172.17.0.3","IPPrefixLen":16,"IPv6Gateway":"","MacAddress":"02:42:ac:11:00:03","Networks":{"bridge":{"IPAMConfig":null,"Links":null,"Aliases":null,"NetworkID":"308e234c143065751b16b4500cb9f48d5c7fc2116504b3d816a5e51cd4771062","EndpointID":"92fc2600684327987bceb8e2716a72ba2420fccd56812c1491af8c03946e105c","Gateway":"172.17.0.1","IPAddress":"172.17.0.3","IPPrefixLen":16,"IPv6Gateway":"","GlobalIPv6Address":"","GlobalIPv6PrefixLen":0,"MacAddress":"02:42:ac:11:00:03","DriverOpts":null}}}}[\n]"
01:14:43.690 [Test worker] DEBUG com.github.dockerjava.zerodep.shaded.org.apache.hc.client5.http.wire - http-outgoing-2 << "[\r][\n]"
01:14:43.693 [Test worker] DEBUG com.github.dockerjava.zerodep.shaded.org.apache.hc.client5.http.wire - http-outgoing-2 << "0[\r][\n]"
01:14:43.693 [Test worker] DEBUG com.github.dockerjava.zerodep.shaded.org.apache.hc.client5.http.wire - http-outgoing-2 << "[\r][\n]"
01:14:43.693 [Test worker] DEBUG com.github.dockerjava.zerodep.shaded.org.apache.hc.client5.http.impl.classic.InternalHttpClient - ep-0000000A: releasing valid endpoint
01:14:43.693 [Test worker] DEBUG com.github.dockerjava.zerodep.shaded.org.apache.hc.client5.http.impl.io.PoolingHttpClientConnectionManager - ep-0000000A: releasing endpoint
01:14:43.693 [Test worker] DEBUG com.github.dockerjava.zerodep.shaded.org.apache.hc.client5.http.impl.io.PoolingHttpClientConnectionManager - ep-0000000A: connection http-outgoing-2 can be kept alive for 3 MINUTES
01:14:43.693 [Test worker] DEBUG com.github.dockerjava.zerodep.shaded.org.apache.hc.client5.http.impl.io.PoolingHttpClientConnectionManager - ep-0000000A: connection released [route: {}->unix://localhost:2375][total available: 1; route allocated: 1 of 2147483647; total allocated: 1 of 2147483647]
01:14:43.694 [Test worker] INFO ]]>&#x1f433;<![CDATA[ [mysql:latest] - Waiting for database connection to become available at jdbc:mysql://localhost:63819/adm_videos using query 'SELECT 1'
01:14:43.694 [Test worker] DEBUG org.testcontainers.shaded.com.github.dockerjava.core.command.AbstrDockerCmd - Cmd: cd5ecdf38df06b4092e6cf67100cd20ad9c3cb4b6e9303874a7bd89885b140c9,false
01:14:43.695 [Test worker] DEBUG org.testcontainers.shaded.com.github.dockerjava.core.exec.InspectContainerCmdExec - GET: DefaultWebTarget{path=[/containers/cd5ecdf38df06b4092e6cf67100cd20ad9c3cb4b6e9303874a7bd89885b140c9/json], queryParams={}}
01:14:43.695 [Test worker] DEBUG com.github.dockerjava.zerodep.shaded.org.apache.hc.client5.http.impl.classic.InternalHttpClient - ex-0000000C: preparing request execution
01:14:43.695 [Test worker] DEBUG com.github.dockerjava.zerodep.shaded.org.apache.hc.client5.http.protocol.RequestAddCookies - Cookie spec selected: strict
01:14:43.695 [Test worker] DEBUG com.github.dockerjava.zerodep.shaded.org.apache.hc.client5.http.protocol.RequestAuthCache - Auth cache not set in the context
01:14:43.695 [Test worker] DEBUG com.github.dockerjava.zerodep.shaded.org.apache.hc.client5.http.impl.classic.ProtocolExec - ex-0000000C: target auth state: UNCHALLENGED
01:14:43.695 [Test worker] DEBUG com.github.dockerjava.zerodep.shaded.org.apache.hc.client5.http.impl.classic.ProtocolExec - ex-0000000C: proxy auth state: UNCHALLENGED
01:14:43.695 [Test worker] DEBUG com.github.dockerjava.zerodep.shaded.org.apache.hc.client5.http.impl.classic.ConnectExec - ex-0000000C: acquiring connection with route {}->unix://localhost:2375
01:14:43.695 [Test worker] DEBUG com.github.dockerjava.zerodep.shaded.org.apache.hc.client5.http.impl.classic.InternalHttpClient - ex-0000000C: acquiring endpoint (3 MINUTES)
01:14:43.695 [Test worker] DEBUG com.github.dockerjava.zerodep.shaded.org.apache.hc.client5.http.impl.io.PoolingHttpClientConnectionManager - ex-0000000C: endpoint lease request (3 MINUTES) [route: {}->unix://localhost:2375][total available: 1; route allocated: 1 of 2147483647; total allocated: 1 of 2147483647]
01:14:43.695 [Test worker] DEBUG com.github.dockerjava.zerodep.shaded.org.apache.hc.client5.http.impl.io.PoolingHttpClientConnectionManager - ex-0000000C: endpoint leased [route: {}->unix://localhost:2375][total available: 0; route allocated: 1 of 2147483647; total allocated: 1 of 2147483647]
01:14:43.696 [Test worker] DEBUG com.github.dockerjava.zerodep.shaded.org.apache.hc.client5.http.impl.io.PoolingHttpClientConnectionManager - ex-0000000C: acquired ep-0000000B
01:14:43.696 [Test worker] DEBUG com.github.dockerjava.zerodep.shaded.org.apache.hc.client5.http.impl.classic.InternalHttpClient - ex-0000000C: acquired endpoint ep-0000000B
01:14:43.696 [Test worker] DEBUG com.github.dockerjava.zerodep.shaded.org.apache.hc.client5.http.impl.classic.MainClientExec - ex-0000000C: executing GET /v1.32/containers/cd5ecdf38df06b4092e6cf67100cd20ad9c3cb4b6e9303874a7bd89885b140c9/json HTTP/1.1
01:14:43.696 [Test worker] DEBUG com.github.dockerjava.zerodep.shaded.org.apache.hc.client5.http.impl.classic.InternalHttpClient - ep-0000000B: start execution ex-0000000C
01:14:43.696 [Test worker] DEBUG com.github.dockerjava.zerodep.shaded.org.apache.hc.client5.http.impl.io.PoolingHttpClientConnectionManager - ep-0000000B: executing exchange ex-0000000C over http-outgoing-2
01:14:43.696 [Test worker] DEBUG com.github.dockerjava.zerodep.shaded.org.apache.hc.client5.http.headers - http-outgoing-2 >> GET /v1.32/containers/cd5ecdf38df06b4092e6cf67100cd20ad9c3cb4b6e9303874a7bd89885b140c9/json HTTP/1.1
01:14:43.696 [Test worker] DEBUG com.github.dockerjava.zerodep.shaded.org.apache.hc.client5.http.headers - http-outgoing-2 >> accept: application/json
01:14:43.696 [Test worker] DEBUG com.github.dockerjava.zerodep.shaded.org.apache.hc.client5.http.headers - http-outgoing-2 >> x-tc-sid: 71b9672a-6f61-4546-a7b6-d603100b2e56
01:14:43.696 [Test worker] DEBUG com.github.dockerjava.zerodep.shaded.org.apache.hc.client5.http.headers - http-outgoing-2 >> Accept-Encoding: gzip, x-gzip, deflate
01:14:43.696 [Test worker] DEBUG com.github.dockerjava.zerodep.shaded.org.apache.hc.client5.http.headers - http-outgoing-2 >> Host: localhost:2375
01:14:43.696 [Test worker] DEBUG com.github.dockerjava.zerodep.shaded.org.apache.hc.client5.http.headers - http-outgoing-2 >> Connection: keep-alive
01:14:43.696 [Test worker] DEBUG com.github.dockerjava.zerodep.shaded.org.apache.hc.client5.http.headers - http-outgoing-2 >> User-Agent: Apache-HttpClient/5.0.3 (Java/17.0.2)
01:14:43.696 [Test worker] DEBUG com.github.dockerjava.zerodep.shaded.org.apache.hc.client5.http.wire - http-outgoing-2 >> "GET /v1.32/containers/cd5ecdf38df06b4092e6cf67100cd20ad9c3cb4b6e9303874a7bd89885b140c9/json HTTP/1.1[\r][\n]"
01:14:43.696 [Test worker] DEBUG com.github.dockerjava.zerodep.shaded.org.apache.hc.client5.http.wire - http-outgoing-2 >> "accept: application/json[\r][\n]"
01:14:43.696 [Test worker] DEBUG com.github.dockerjava.zerodep.shaded.org.apache.hc.client5.http.wire - http-outgoing-2 >> "x-tc-sid: 71b9672a-6f61-4546-a7b6-d603100b2e56[\r][\n]"
01:14:43.696 [Test worker] DEBUG com.github.dockerjava.zerodep.shaded.org.apache.hc.client5.http.wire - http-outgoing-2 >> "Accept-Encoding: gzip, x-gzip, deflate[\r][\n]"
01:14:43.696 [Test worker] DEBUG com.github.dockerjava.zerodep.shaded.org.apache.hc.client5.http.wire - http-outgoing-2 >> "Host: localhost:2375[\r][\n]"
01:14:43.696 [Test worker] DEBUG com.github.dockerjava.zerodep.shaded.org.apache.hc.client5.http.wire - http-outgoing-2 >> "Connection: keep-alive[\r][\n]"
01:14:43.696 [Test worker] DEBUG com.github.dockerjava.zerodep.shaded.org.apache.hc.client5.http.wire - http-outgoing-2 >> "User-Agent: Apache-HttpClient/5.0.3 (Java/17.0.2)[\r][\n]"
01:14:43.696 [Test worker] DEBUG com.github.dockerjava.zerodep.shaded.org.apache.hc.client5.http.wire - http-outgoing-2 >> "[\r][\n]"
01:14:43.701 [Test worker] DEBUG com.github.dockerjava.zerodep.shaded.org.apache.hc.client5.http.wire - http-outgoing-2 << "HTTP/1.1 200 OK[\r][\n]"
01:14:43.701 [Test worker] DEBUG com.github.dockerjava.zerodep.shaded.org.apache.hc.client5.http.wire - http-outgoing-2 << "Api-Version: 1.41[\r][\n]"
01:14:43.701 [Test worker] DEBUG com.github.dockerjava.zerodep.shaded.org.apache.hc.client5.http.wire - http-outgoing-2 << "Content-Type: application/json[\r][\n]"
01:14:43.701 [Test worker] DEBUG com.github.dockerjava.zerodep.shaded.org.apache.hc.client5.http.wire - http-outgoing-2 << "Date: Tue, 28 Mar 2023 04:14:43 GMT[\r][\n]"
01:14:43.701 [Test worker] DEBUG com.github.dockerjava.zerodep.shaded.org.apache.hc.client5.http.wire - http-outgoing-2 << "Docker-Experimental: false[\r][\n]"
01:14:43.701 [Test worker] DEBUG com.github.dockerjava.zerodep.shaded.org.apache.hc.client5.http.wire - http-outgoing-2 << "Ostype: linux[\r][\n]"
01:14:43.701 [Test worker] DEBUG com.github.dockerjava.zerodep.shaded.org.apache.hc.client5.http.wire - http-outgoing-2 << "Server: Docker/20.10.21 (linux)[\r][\n]"
01:14:43.701 [Test worker] DEBUG com.github.dockerjava.zerodep.shaded.org.apache.hc.client5.http.wire - http-outgoing-2 << "Transfer-Encoding: chunked[\r][\n]"
01:14:43.701 [Test worker] DEBUG com.github.dockerjava.zerodep.shaded.org.apache.hc.client5.http.wire - http-outgoing-2 << "[\r][\n]"
01:14:43.702 [Test worker] DEBUG com.github.dockerjava.zerodep.shaded.org.apache.hc.client5.http.headers - http-outgoing-2 << HTTP/1.1 200 OK
01:14:43.702 [Test worker] DEBUG com.github.dockerjava.zerodep.shaded.org.apache.hc.client5.http.headers - http-outgoing-2 << Api-Version: 1.41
01:14:43.702 [Test worker] DEBUG com.github.dockerjava.zerodep.shaded.org.apache.hc.client5.http.headers - http-outgoing-2 << Content-Type: application/json
01:14:43.702 [Test worker] DEBUG com.github.dockerjava.zerodep.shaded.org.apache.hc.client5.http.headers - http-outgoing-2 << Date: Tue, 28 Mar 2023 04:14:43 GMT
01:14:43.702 [Test worker] DEBUG com.github.dockerjava.zerodep.shaded.org.apache.hc.client5.http.headers - http-outgoing-2 << Docker-Experimental: false
01:14:43.702 [Test worker] DEBUG com.github.dockerjava.zerodep.shaded.org.apache.hc.client5.http.headers - http-outgoing-2 << Ostype: linux
01:14:43.702 [Test worker] DEBUG com.github.dockerjava.zerodep.shaded.org.apache.hc.client5.http.headers - http-outgoing-2 << Server: Docker/20.10.21 (linux)
01:14:43.702 [Test worker] DEBUG com.github.dockerjava.zerodep.shaded.org.apache.hc.client5.http.headers - http-outgoing-2 << Transfer-Encoding: chunked
01:14:43.702 [Test worker] DEBUG com.github.dockerjava.zerodep.shaded.org.apache.hc.client5.http.impl.classic.MainClientExec - ex-0000000C: connection can be kept alive for 3 MINUTES
01:14:43.704 [Test worker] DEBUG com.github.dockerjava.zerodep.shaded.org.apache.hc.client5.http.wire - http-outgoing-2 << "18c1[\r][\n]"
01:14:43.704 [Test worker] DEBUG com.github.dockerjava.zerodep.shaded.org.apache.hc.client5.http.wire - http-outgoing-2 << "{"Id":"cd5ecdf38df06b4092e6cf67100cd20ad9c3cb4b6e9303874a7bd89885b140c9","Created":"2023-03-28T04:14:43.179040379Z","Path":"docker-entrypoint.sh","Args":["mysqld"],"State":{"Status":"running","Running":true,"Paused":false,"Restarting":false,"OOMKilled":false,"Dead":false,"Pid":20152,"ExitCode":0,"Error":"","StartedAt":"2023-03-28T04:14:43.680338005Z","FinishedAt":"0001-01-01T00:00:00Z"},"Image":"sha256:c7c54c29e20dccc1aefb936c8eba8bb8b98b87a4921102aba87fde2df5810af9","ResolvConfPath":"/var/lib/docker/containers/cd5ecdf38df06b4092e6cf67100cd20ad9c3cb4b6e9303874a7bd89885b140c9/resolv.conf","HostnamePath":"/var/lib/docker/containers/cd5ecdf38df06b4092e6cf67100cd20ad9c3cb4b6e9303874a7bd89885b140c9/hostname","HostsPath":"/var/lib/docker/containers/cd5ecdf38df06b4092e6cf67100cd20ad9c3cb4b6e9303874a7bd89885b140c9/hosts","LogPath":"/var/lib/docker/containers/cd5ecdf38df06b4092e6cf67100cd20ad9c3cb4b6e9303874a7bd89885b140c9/cd5ecdf38df06b4092e6cf67100cd20ad9c3cb4b6e9303874a7bd89885b140c9-json.log","Name":"/keen_matsumoto","RestartCount":0,"Driver":"overlay2","Platform":"linux","MountLabel":"","ProcessLabel":"","AppArmorProfile":"","ExecIDs":null,"HostConfig":{"Binds":[],"ContainerIDFile":"","LogConfig":{"Type":"json-file","Config":{}},"NetworkMode":"default","PortBindings":{"3306/tcp":[{"HostIp":"0.0.0.0","HostPort":"0"}]},"RestartPolicy":{"Name":"","MaximumRetryCount":0},"AutoRemove":false,"VolumeDriver":"","VolumesFrom":[],"CapAdd":null,"CapDrop":null,"CgroupnsMode":"private","Dns":null,"DnsOptions":null,"DnsSearch":null,"ExtraHosts":[],"GroupAdd":null,"IpcMode":"shareable","Cgroup":"","Links":null,"OomScoreAdj":0,"PidMode":"","Privileged":false,"PublishAllPorts":false,"ReadonlyRootfs":false,"SecurityOpt":null,"UTSMode":"","UsernsMode":"","ShmSize":67108864,"Runtime":"runc","ConsoleSize":[0,0],"Isolation":"","CpuShares":0,"Memory":0,"NanoCpus":0,"CgroupParent":"","BlkioWeight":0,"BlkioWeightDevice":null,"BlkioDeviceReadBps":null,"BlkioDeviceWriteBps":null,"BlkioDeviceReadIOps":null,"BlkioDeviceWriteIOps":null,"CpuPeriod":0,"CpuQuota":0,"CpuRealtimePeriod":0,"CpuRealtimeRuntime":0,"CpusetCpus":"","CpusetMems":"","Devices":null,"DeviceCgroupRules":null,"DeviceRequests":null,"KernelMemory":0,"KernelMemoryTCP":0,"MemoryReservation":0,"MemorySwap":0,"MemorySwappiness":null,"OomKillDisable":null,"PidsLimit":null,"Ulimits":null,"CpuCount":0,"CpuPercent":0,"IOMaximumIOps":0,"IOMaximumBandwidth":0,"MaskedPaths":["/proc/asound","/proc/acpi","/proc/kcore","/proc/keys","/proc/latency_stats","/proc/timer_list","/proc/timer_stats","/proc/sched_debug","/proc/scsi","/sys/firmware"],"ReadonlyPaths":["/proc/bus","/proc/fs","/proc/irq","/proc/sys","/proc/sysrq-trigger"]},"GraphDriver":{"Data":{"LowerDir":"/var/lib/docker/overlay2/830e690ec83ecff869b59e4f673c0c63b2bc5c068e9f710933e6f61763699fd2-init/diff:/var/lib/docker/overlay2/1bd8849d7a296305617011f940aa5cfabbe972a513397b1b6bbc27639b6c1f30/diff:/var/lib/docker/overlay2/199d69b2fbf78af4d4c95dec4fd2f8835ab0347eb49fb20ebb2ff3b99fedd6ad/diff:/var/lib/docker/overlay2/d83c38d654989311f75b9491329846033bfb7714de76ef635380dcfad5c740d9/diff:/var/lib/docker/overlay2/08600d0aea2ab2728bebcf5d2589c640a842f53d1ba3c4a4adccb4d03b923cf6/diff:/var/lib/docker/overlay2/9ec7c63a3fb14d13ac788bbf5e282ca821edc41260b79944e5e631037d13ecda/diff:/var/lib/docker/overlay2/db601d7a1b4ea6da638db620462f0da96fa55c559d02269c9ddb09027936ed87/diff:/var/lib/docker/overlay2/a6d2bd03f942e2565f21e74cfe152c7ec836a1c2b583f0790c685b92bdcfda24/diff:/var/lib/docker/overlay2/9badd16ea2c5e2bf1fde8b579683e41137dfc46ed5449234149f199a6751cc84/diff:/var/lib/docker/overlay2/6efb85646ed12e2d1181ef4cc6f6f6732c00c15a4035fe17ebc4f075ca573c30/diff:/var/lib/docker/overlay2/895d7c0ec09144d6ed33936f4e98e11c18010f7abd708cae1ce43aec7a7f2621/diff:/var/lib/docker/overlay2/1c4ba77aa573ab6e5e5069fd15eae71b3da940bde0f97a922a227ffc8a1d1096/diff","MergedDir":"/var/lib/docker/overlay2/830e690ec83ecff869b59e4f673c0c63b2bc5c068e9f710933e6f61763699fd2/merged","UpperDir":"/var/lib/docker/overlay2/830e690ec83ecff869b59e4f673c0c63b2bc5c068e9f710933e6f61763699fd2/diff","WorkDir":"/var/lib/docker/overlay2/830e690ec83ecff869b59e4f673c0c63b2bc5c068e9f710933e6f61763699fd2/work"},"Name":"overlay2"},"Mounts":[{"Type":"volume","Name":"25868b8cea8ad6eba7f00a6fe83e8848def5cff8aab5c5943024031400fa063d","Source":"/var/lib/docker/volumes/25868b8cea8ad6eba7f00a6fe83e8848def5cff8aab5c5943024031400fa063d/_data","Destination":"/var/lib/mysql","Driver":"local","Mode":"","RW":true,"Propagation":""}],"Config":{"Hostname":"cd5ecdf38df0","Domainname":"","User":"","AttachStdin":false,"AttachStdout":false,"AttachStderr":false,"ExposedPorts":{"3306/tcp":{},"33060/tcp":{}},"Tty":false,"OpenStdin":false,"StdinOnce":false,"Env":["MYSQL_DATABASE=adm_videos","MYSQL_PASSWORD=123456","MYSQL_ROOT_PASSWORD=123456","PATH=/usr/local/sbin:/usr/local/bin:/usr/sbin:/usr/bin:/sbin:/bin","GOSU_VERSION=1.16","MYSQL_MAJOR=8.0","MYSQL_VERSION=8.0.32-1.el8","MYSQL_SHELL_VERSION=8.0.32-1.el8"],"Cmd":["mysqld"],"Image":"mysql:latest","Volumes":{"/var/lib/mysql":{}},"WorkingDir":"","Entrypoint":["docker-entrypoint.sh"],"OnBuild":null,"Labels":{"org.testcontainers":"true","org.testcontainers.lang":"java","org.testcontainers.sessionId":"71b9672a-6f61-4546-a7b6-d603100b2e56","org.testcontainers.version":"1.17.6"}},"NetworkSettings":{"Bridge":"","SandboxID":"56762d63452c709eadac6b5c5f4b6cdd30da833580c632f91fd658806eaf4ddb","HairpinMode":false,"LinkLocalIPv6Address":"","LinkLocalIPv6PrefixLen":0,"Ports":{"3306/tcp":[{"HostIp":"0.0.0.0","HostPort":"63819"}],"33060/tcp":null},"SandboxKey":"/var/run/docker/netns/56762d63452c","SecondaryIPAddresses":null,"SecondaryIPv6Addresses":null,"EndpointID":"92fc2600684327987bceb8e2716a72ba2420fccd56812c1491af8c03946e105c","Gateway":"172.17.0.1","GlobalIPv6Address":"","GlobalIPv6PrefixLen":0,"IPAddress":"172.17.0.3","IPPrefixLen":16,"IPv6Gateway":"","MacAddress":"02:42:ac:11:00:03","Networks":{"bridge":{"IPAMConfig":null,"Links":null,"Aliases":null,"NetworkID":"308e234c143065751b16b4500cb9f48d5c7fc2116504b3d816a5e51cd4771062","EndpointID":"92fc2600684327987bceb8e2716a72ba2420fccd56812c1491af8c03946e105c","Gateway":"172.17.0.1","IPAddress":"172.17.0.3","IPPrefixLen":16,"IPv6Gateway":"","GlobalIPv6Address":"","GlobalIPv6PrefixLen":0,"MacAddress":"02:42:ac:11:00:03","DriverOpts":null}}}}[\n]"
01:14:43.705 [Test worker] DEBUG com.github.dockerjava.zerodep.shaded.org.apache.hc.client5.http.wire - http-outgoing-2 << "[\r][\n]"
01:14:43.707 [Test worker] DEBUG com.github.dockerjava.zerodep.shaded.org.apache.hc.client5.http.wire - http-outgoing-2 << "0[\r][\n]"
01:14:43.707 [Test worker] DEBUG com.github.dockerjava.zerodep.shaded.org.apache.hc.client5.http.wire - http-outgoing-2 << "[\r][\n]"
01:14:43.707 [Test worker] DEBUG com.github.dockerjava.zerodep.shaded.org.apache.hc.client5.http.impl.classic.InternalHttpClient - ep-0000000B: releasing valid endpoint
01:14:43.707 [Test worker] DEBUG com.github.dockerjava.zerodep.shaded.org.apache.hc.client5.http.impl.io.PoolingHttpClientConnectionManager - ep-0000000B: releasing endpoint
01:14:43.707 [Test worker] DEBUG com.github.dockerjava.zerodep.shaded.org.apache.hc.client5.http.impl.io.PoolingHttpClientConnectionManager - ep-0000000B: connection http-outgoing-2 can be kept alive for 3 MINUTES
01:14:43.707 [Test worker] DEBUG com.github.dockerjava.zerodep.shaded.org.apache.hc.client5.http.impl.io.PoolingHttpClientConnectionManager - ep-0000000B: connection released [route: {}->unix://localhost:2375][total available: 1; route allocated: 1 of 2147483647; total allocated: 1 of 2147483647]
01:14:43.715 [Test worker] DEBUG org.testcontainers.shaded.com.github.dockerjava.core.command.AbstrDockerCmd - Cmd: cd5ecdf38df06b4092e6cf67100cd20ad9c3cb4b6e9303874a7bd89885b140c9,false
01:14:43.716 [Test worker] DEBUG org.testcontainers.shaded.com.github.dockerjava.core.exec.InspectContainerCmdExec - GET: DefaultWebTarget{path=[/containers/cd5ecdf38df06b4092e6cf67100cd20ad9c3cb4b6e9303874a7bd89885b140c9/json], queryParams={}}
01:14:43.716 [Test worker] DEBUG com.github.dockerjava.zerodep.shaded.org.apache.hc.client5.http.impl.classic.InternalHttpClient - ex-0000000D: preparing request execution
01:14:43.716 [Test worker] DEBUG com.github.dockerjava.zerodep.shaded.org.apache.hc.client5.http.protocol.RequestAddCookies - Cookie spec selected: strict
01:14:43.716 [Test worker] DEBUG com.github.dockerjava.zerodep.shaded.org.apache.hc.client5.http.protocol.RequestAuthCache - Auth cache not set in the context
01:14:43.716 [Test worker] DEBUG com.github.dockerjava.zerodep.shaded.org.apache.hc.client5.http.impl.classic.ProtocolExec - ex-0000000D: target auth state: UNCHALLENGED
01:14:43.716 [Test worker] DEBUG com.github.dockerjava.zerodep.shaded.org.apache.hc.client5.http.impl.classic.ProtocolExec - ex-0000000D: proxy auth state: UNCHALLENGED
01:14:43.717 [Test worker] DEBUG com.github.dockerjava.zerodep.shaded.org.apache.hc.client5.http.impl.classic.ConnectExec - ex-0000000D: acquiring connection with route {}->unix://localhost:2375
01:14:43.717 [Test worker] DEBUG com.github.dockerjava.zerodep.shaded.org.apache.hc.client5.http.impl.classic.InternalHttpClient - ex-0000000D: acquiring endpoint (3 MINUTES)
01:14:43.717 [Test worker] DEBUG com.github.dockerjava.zerodep.shaded.org.apache.hc.client5.http.impl.io.PoolingHttpClientConnectionManager - ex-0000000D: endpoint lease request (3 MINUTES) [route: {}->unix://localhost:2375][total available: 1; route allocated: 1 of 2147483647; total allocated: 1 of 2147483647]
01:14:43.717 [Test worker] DEBUG com.github.dockerjava.zerodep.shaded.org.apache.hc.client5.http.impl.io.PoolingHttpClientConnectionManager - ex-0000000D: endpoint leased [route: {}->unix://localhost:2375][total available: 0; route allocated: 1 of 2147483647; total allocated: 1 of 2147483647]
01:14:43.717 [Test worker] DEBUG com.github.dockerjava.zerodep.shaded.org.apache.hc.client5.http.impl.io.PoolingHttpClientConnectionManager - ex-0000000D: acquired ep-0000000C
01:14:43.717 [Test worker] DEBUG com.github.dockerjava.zerodep.shaded.org.apache.hc.client5.http.impl.classic.InternalHttpClient - ex-0000000D: acquired endpoint ep-0000000C
01:14:43.717 [Test worker] DEBUG com.github.dockerjava.zerodep.shaded.org.apache.hc.client5.http.impl.classic.MainClientExec - ex-0000000D: executing GET /v1.32/containers/cd5ecdf38df06b4092e6cf67100cd20ad9c3cb4b6e9303874a7bd89885b140c9/json HTTP/1.1
01:14:43.717 [Test worker] DEBUG com.github.dockerjava.zerodep.shaded.org.apache.hc.client5.http.impl.classic.InternalHttpClient - ep-0000000C: start execution ex-0000000D
01:14:43.717 [Test worker] DEBUG com.github.dockerjava.zerodep.shaded.org.apache.hc.client5.http.impl.io.PoolingHttpClientConnectionManager - ep-0000000C: executing exchange ex-0000000D over http-outgoing-2
01:14:43.717 [Test worker] DEBUG com.github.dockerjava.zerodep.shaded.org.apache.hc.client5.http.headers - http-outgoing-2 >> GET /v1.32/containers/cd5ecdf38df06b4092e6cf67100cd20ad9c3cb4b6e9303874a7bd89885b140c9/json HTTP/1.1
01:14:43.717 [Test worker] DEBUG com.github.dockerjava.zerodep.shaded.org.apache.hc.client5.http.headers - http-outgoing-2 >> accept: application/json
01:14:43.717 [Test worker] DEBUG com.github.dockerjava.zerodep.shaded.org.apache.hc.client5.http.headers - http-outgoing-2 >> x-tc-sid: 71b9672a-6f61-4546-a7b6-d603100b2e56
01:14:43.717 [Test worker] DEBUG com.github.dockerjava.zerodep.shaded.org.apache.hc.client5.http.headers - http-outgoing-2 >> Accept-Encoding: gzip, x-gzip, deflate
01:14:43.717 [Test worker] DEBUG com.github.dockerjava.zerodep.shaded.org.apache.hc.client5.http.headers - http-outgoing-2 >> Host: localhost:2375
01:14:43.717 [Test worker] DEBUG com.github.dockerjava.zerodep.shaded.org.apache.hc.client5.http.headers - http-outgoing-2 >> Connection: keep-alive
01:14:43.717 [Test worker] DEBUG com.github.dockerjava.zerodep.shaded.org.apache.hc.client5.http.headers - http-outgoing-2 >> User-Agent: Apache-HttpClient/5.0.3 (Java/17.0.2)
01:14:43.717 [Test worker] DEBUG com.github.dockerjava.zerodep.shaded.org.apache.hc.client5.http.wire - http-outgoing-2 >> "GET /v1.32/containers/cd5ecdf38df06b4092e6cf67100cd20ad9c3cb4b6e9303874a7bd89885b140c9/json HTTP/1.1[\r][\n]"
01:14:43.717 [Test worker] DEBUG com.github.dockerjava.zerodep.shaded.org.apache.hc.client5.http.wire - http-outgoing-2 >> "accept: application/json[\r][\n]"
01:14:43.717 [Test worker] DEBUG com.github.dockerjava.zerodep.shaded.org.apache.hc.client5.http.wire - http-outgoing-2 >> "x-tc-sid: 71b9672a-6f61-4546-a7b6-d603100b2e56[\r][\n]"
01:14:43.717 [Test worker] DEBUG com.github.dockerjava.zerodep.shaded.org.apache.hc.client5.http.wire - http-outgoing-2 >> "Accept-Encoding: gzip, x-gzip, deflate[\r][\n]"
01:14:43.717 [Test worker] DEBUG com.github.dockerjava.zerodep.shaded.org.apache.hc.client5.http.wire - http-outgoing-2 >> "Host: localhost:2375[\r][\n]"
01:14:43.717 [Test worker] DEBUG com.github.dockerjava.zerodep.shaded.org.apache.hc.client5.http.wire - http-outgoing-2 >> "Connection: keep-alive[\r][\n]"
01:14:43.717 [Test worker] DEBUG com.github.dockerjava.zerodep.shaded.org.apache.hc.client5.http.wire - http-outgoing-2 >> "User-Agent: Apache-HttpClient/5.0.3 (Java/17.0.2)[\r][\n]"
01:14:43.717 [Test worker] DEBUG com.github.dockerjava.zerodep.shaded.org.apache.hc.client5.http.wire - http-outgoing-2 >> "[\r][\n]"
01:14:43.724 [Test worker] DEBUG com.github.dockerjava.zerodep.shaded.org.apache.hc.client5.http.wire - http-outgoing-2 << "HTTP/1.1 200 OK[\r][\n]"
01:14:43.724 [Test worker] DEBUG com.github.dockerjava.zerodep.shaded.org.apache.hc.client5.http.wire - http-outgoing-2 << "Api-Version: 1.41[\r][\n]"
01:14:43.724 [Test worker] DEBUG com.github.dockerjava.zerodep.shaded.org.apache.hc.client5.http.wire - http-outgoing-2 << "Content-Type: application/json[\r][\n]"
01:14:43.724 [Test worker] DEBUG com.github.dockerjava.zerodep.shaded.org.apache.hc.client5.http.wire - http-outgoing-2 << "Date: Tue, 28 Mar 2023 04:14:43 GMT[\r][\n]"
01:14:43.724 [Test worker] DEBUG com.github.dockerjava.zerodep.shaded.org.apache.hc.client5.http.wire - http-outgoing-2 << "Docker-Experimental: false[\r][\n]"
01:14:43.724 [Test worker] DEBUG com.github.dockerjava.zerodep.shaded.org.apache.hc.client5.http.wire - http-outgoing-2 << "Ostype: linux[\r][\n]"
01:14:43.724 [Test worker] DEBUG com.github.dockerjava.zerodep.shaded.org.apache.hc.client5.http.wire - http-outgoing-2 << "Server: Docker/20.10.21 (linux)[\r][\n]"
01:14:43.724 [Test worker] DEBUG com.github.dockerjava.zerodep.shaded.org.apache.hc.client5.http.wire - http-outgoing-2 << "Transfer-Encoding: chunked[\r][\n]"
01:14:43.724 [Test worker] DEBUG com.github.dockerjava.zerodep.shaded.org.apache.hc.client5.http.wire - http-outgoing-2 << "[\r][\n]"
01:14:43.724 [Test worker] DEBUG com.github.dockerjava.zerodep.shaded.org.apache.hc.client5.http.headers - http-outgoing-2 << HTTP/1.1 200 OK
01:14:43.725 [Test worker] DEBUG com.github.dockerjava.zerodep.shaded.org.apache.hc.client5.http.headers - http-outgoing-2 << Api-Version: 1.41
01:14:43.725 [Test worker] DEBUG com.github.dockerjava.zerodep.shaded.org.apache.hc.client5.http.headers - http-outgoing-2 << Content-Type: application/json
01:14:43.725 [Test worker] DEBUG com.github.dockerjava.zerodep.shaded.org.apache.hc.client5.http.headers - http-outgoing-2 << Date: Tue, 28 Mar 2023 04:14:43 GMT
01:14:43.725 [Test worker] DEBUG com.github.dockerjava.zerodep.shaded.org.apache.hc.client5.http.headers - http-outgoing-2 << Docker-Experimental: false
01:14:43.725 [Test worker] DEBUG com.github.dockerjava.zerodep.shaded.org.apache.hc.client5.http.headers - http-outgoing-2 << Ostype: linux
01:14:43.725 [Test worker] DEBUG com.github.dockerjava.zerodep.shaded.org.apache.hc.client5.http.headers - http-outgoing-2 << Server: Docker/20.10.21 (linux)
01:14:43.725 [Test worker] DEBUG com.github.dockerjava.zerodep.shaded.org.apache.hc.client5.http.headers - http-outgoing-2 << Transfer-Encoding: chunked
01:14:43.725 [Test worker] DEBUG com.github.dockerjava.zerodep.shaded.org.apache.hc.client5.http.impl.classic.MainClientExec - ex-0000000D: connection can be kept alive for 3 MINUTES
01:14:43.728 [Test worker] DEBUG com.github.dockerjava.zerodep.shaded.org.apache.hc.client5.http.wire - http-outgoing-2 << "18c1[\r][\n]"
01:14:43.728 [Test worker] DEBUG com.github.dockerjava.zerodep.shaded.org.apache.hc.client5.http.wire - http-outgoing-2 << "{"Id":"cd5ecdf38df06b4092e6cf67100cd20ad9c3cb4b6e9303874a7bd89885b140c9","Created":"2023-03-28T04:14:43.179040379Z","Path":"docker-entrypoint.sh","Args":["mysqld"],"State":{"Status":"running","Running":true,"Paused":false,"Restarting":false,"OOMKilled":false,"Dead":false,"Pid":20152,"ExitCode":0,"Error":"","StartedAt":"2023-03-28T04:14:43.680338005Z","FinishedAt":"0001-01-01T00:00:00Z"},"Image":"sha256:c7c54c29e20dccc1aefb936c8eba8bb8b98b87a4921102aba87fde2df5810af9","ResolvConfPath":"/var/lib/docker/containers/cd5ecdf38df06b4092e6cf67100cd20ad9c3cb4b6e9303874a7bd89885b140c9/resolv.conf","HostnamePath":"/var/lib/docker/containers/cd5ecdf38df06b4092e6cf67100cd20ad9c3cb4b6e9303874a7bd89885b140c9/hostname","HostsPath":"/var/lib/docker/containers/cd5ecdf38df06b4092e6cf67100cd20ad9c3cb4b6e9303874a7bd89885b140c9/hosts","LogPath":"/var/lib/docker/containers/cd5ecdf38df06b4092e6cf67100cd20ad9c3cb4b6e9303874a7bd89885b140c9/cd5ecdf38df06b4092e6cf67100cd20ad9c3cb4b6e9303874a7bd89885b140c9-json.log","Name":"/keen_matsumoto","RestartCount":0,"Driver":"overlay2","Platform":"linux","MountLabel":"","ProcessLabel":"","AppArmorProfile":"","ExecIDs":null,"HostConfig":{"Binds":[],"ContainerIDFile":"","LogConfig":{"Type":"json-file","Config":{}},"NetworkMode":"default","PortBindings":{"3306/tcp":[{"HostIp":"0.0.0.0","HostPort":"0"}]},"RestartPolicy":{"Name":"","MaximumRetryCount":0},"AutoRemove":false,"VolumeDriver":"","VolumesFrom":[],"CapAdd":null,"CapDrop":null,"CgroupnsMode":"private","Dns":null,"DnsOptions":null,"DnsSearch":null,"ExtraHosts":[],"GroupAdd":null,"IpcMode":"shareable","Cgroup":"","Links":null,"OomScoreAdj":0,"PidMode":"","Privileged":false,"PublishAllPorts":false,"ReadonlyRootfs":false,"SecurityOpt":null,"UTSMode":"","UsernsMode":"","ShmSize":67108864,"Runtime":"runc","ConsoleSize":[0,0],"Isolation":"","CpuShares":0,"Memory":0,"NanoCpus":0,"CgroupParent":"","BlkioWeight":0,"BlkioWeightDevice":null,"BlkioDeviceReadBps":null,"BlkioDeviceWriteBps":null,"BlkioDeviceReadIOps":null,"BlkioDeviceWriteIOps":null,"CpuPeriod":0,"CpuQuota":0,"CpuRealtimePeriod":0,"CpuRealtimeRuntime":0,"CpusetCpus":"","CpusetMems":"","Devices":null,"DeviceCgroupRules":null,"DeviceRequests":null,"KernelMemory":0,"KernelMemoryTCP":0,"MemoryReservation":0,"MemorySwap":0,"MemorySwappiness":null,"OomKillDisable":null,"PidsLimit":null,"Ulimits":null,"CpuCount":0,"CpuPercent":0,"IOMaximumIOps":0,"IOMaximumBandwidth":0,"MaskedPaths":["/proc/asound","/proc/acpi","/proc/kcore","/proc/keys","/proc/latency_stats","/proc/timer_list","/proc/timer_stats","/proc/sched_debug","/proc/scsi","/sys/firmware"],"ReadonlyPaths":["/proc/bus","/proc/fs","/proc/irq","/proc/sys","/proc/sysrq-trigger"]},"GraphDriver":{"Data":{"LowerDir":"/var/lib/docker/overlay2/830e690ec83ecff869b59e4f673c0c63b2bc5c068e9f710933e6f61763699fd2-init/diff:/var/lib/docker/overlay2/1bd8849d7a296305617011f940aa5cfabbe972a513397b1b6bbc27639b6c1f30/diff:/var/lib/docker/overlay2/199d69b2fbf78af4d4c95dec4fd2f8835ab0347eb49fb20ebb2ff3b99fedd6ad/diff:/var/lib/docker/overlay2/d83c38d654989311f75b9491329846033bfb7714de76ef635380dcfad5c740d9/diff:/var/lib/docker/overlay2/08600d0aea2ab2728bebcf5d2589c640a842f53d1ba3c4a4adccb4d03b923cf6/diff:/var/lib/docker/overlay2/9ec7c63a3fb14d13ac788bbf5e282ca821edc41260b79944e5e631037d13ecda/diff:/var/lib/docker/overlay2/db601d7a1b4ea6da638db620462f0da96fa55c559d02269c9ddb09027936ed87/diff:/var/lib/docker/overlay2/a6d2bd03f942e2565f21e74cfe152c7ec836a1c2b583f0790c685b92bdcfda24/diff:/var/lib/docker/overlay2/9badd16ea2c5e2bf1fde8b579683e41137dfc46ed5449234149f199a6751cc84/diff:/var/lib/docker/overlay2/6efb85646ed12e2d1181ef4cc6f6f6732c00c15a4035fe17ebc4f075ca573c30/diff:/var/lib/docker/overlay2/895d7c0ec09144d6ed33936f4e98e11c18010f7abd708cae1ce43aec7a7f2621/diff:/var/lib/docker/overlay2/1c4ba77aa573ab6e5e5069fd15eae71b3da940bde0f97a922a227ffc8a1d1096/diff","MergedDir":"/var/lib/docker/overlay2/830e690ec83ecff869b59e4f673c0c63b2bc5c068e9f710933e6f61763699fd2/merged","UpperDir":"/var/lib/docker/overlay2/830e690ec83ecff869b59e4f673c0c63b2bc5c068e9f710933e6f61763699fd2/diff","WorkDir":"/var/lib/docker/overlay2/830e690ec83ecff869b59e4f673c0c63b2bc5c068e9f710933e6f61763699fd2/work"},"Name":"overlay2"},"Mounts":[{"Type":"volume","Name":"25868b8cea8ad6eba7f00a6fe83e8848def5cff8aab5c5943024031400fa063d","Source":"/var/lib/docker/volumes/25868b8cea8ad6eba7f00a6fe83e8848def5cff8aab5c5943024031400fa063d/_data","Destination":"/var/lib/mysql","Driver":"local","Mode":"","RW":true,"Propagation":""}],"Config":{"Hostname":"cd5ecdf38df0","Domainname":"","User":"","AttachStdin":false,"AttachStdout":false,"AttachStderr":false,"ExposedPorts":{"3306/tcp":{},"33060/tcp":{}},"Tty":false,"OpenStdin":false,"StdinOnce":false,"Env":["MYSQL_DATABASE=adm_videos","MYSQL_PASSWORD=123456","MYSQL_ROOT_PASSWORD=123456","PATH=/usr/local/sbin:/usr/local/bin:/usr/sbin:/usr/bin:/sbin:/bin","GOSU_VERSION=1.16","MYSQL_MAJOR=8.0","MYSQL_VERSION=8.0.32-1.el8","MYSQL_SHELL_VERSION=8.0.32-1.el8"],"Cmd":["mysqld"],"Image":"mysql:latest","Volumes":{"/var/lib/mysql":{}},"WorkingDir":"","Entrypoint":["docker-entrypoint.sh"],"OnBuild":null,"Labels":{"org.testcontainers":"true","org.testcontainers.lang":"java","org.testcontainers.sessionId":"71b9672a-6f61-4546-a7b6-d603100b2e56","org.testcontainers.version":"1.17.6"}},"NetworkSettings":{"Bridge":"","SandboxID":"56762d63452c709eadac6b5c5f4b6cdd30da833580c632f91fd658806eaf4ddb","HairpinMode":false,"LinkLocalIPv6Address":"","LinkLocalIPv6PrefixLen":0,"Ports":{"3306/tcp":[{"HostIp":"0.0.0.0","HostPort":"63819"}],"33060/tcp":null},"SandboxKey":"/var/run/docker/netns/56762d63452c","SecondaryIPAddresses":null,"SecondaryIPv6Addresses":null,"EndpointID":"92fc2600684327987bceb8e2716a72ba2420fccd56812c1491af8c03946e105c","Gateway":"172.17.0.1","GlobalIPv6Address":"","GlobalIPv6PrefixLen":0,"IPAddress":"172.17.0.3","IPPrefixLen":16,"IPv6Gateway":"","MacAddress":"02:42:ac:11:00:03","Networks":{"bridge":{"IPAMConfig":null,"Links":null,"Aliases":null,"NetworkID":"308e234c143065751b16b4500cb9f48d5c7fc2116504b3d816a5e51cd4771062","EndpointID":"92fc2600684327987bceb8e2716a72ba2420fccd56812c1491af8c03946e105c","Gateway":"172.17.0.1","IPAddress":"172.17.0.3","IPPrefixLen":16,"IPv6Gateway":"","GlobalIPv6Address":"","GlobalIPv6PrefixLen":0,"MacAddress":"02:42:ac:11:00:03","DriverOpts":null}}}}[\n]"
01:14:43.728 [Test worker] DEBUG com.github.dockerjava.zerodep.shaded.org.apache.hc.client5.http.wire - http-outgoing-2 << "[\r][\n]"
01:14:43.730 [Test worker] DEBUG com.github.dockerjava.zerodep.shaded.org.apache.hc.client5.http.wire - http-outgoing-2 << "0[\r][\n]"
01:14:43.730 [Test worker] DEBUG com.github.dockerjava.zerodep.shaded.org.apache.hc.client5.http.wire - http-outgoing-2 << "[\r][\n]"
01:14:43.730 [Test worker] DEBUG com.github.dockerjava.zerodep.shaded.org.apache.hc.client5.http.impl.classic.InternalHttpClient - ep-0000000C: releasing valid endpoint
01:14:43.730 [Test worker] DEBUG com.github.dockerjava.zerodep.shaded.org.apache.hc.client5.http.impl.io.PoolingHttpClientConnectionManager - ep-0000000C: releasing endpoint
01:14:43.730 [Test worker] DEBUG com.github.dockerjava.zerodep.shaded.org.apache.hc.client5.http.impl.io.PoolingHttpClientConnectionManager - ep-0000000C: connection http-outgoing-2 can be kept alive for 3 MINUTES
01:14:43.730 [Test worker] DEBUG com.github.dockerjava.zerodep.shaded.org.apache.hc.client5.http.impl.io.PoolingHttpClientConnectionManager - ep-0000000C: connection released [route: {}->unix://localhost:2375][total available: 1; route allocated: 1 of 2147483647; total allocated: 1 of 2147483647]
01:14:43.730 [Test worker] DEBUG ]]>&#x1f433;<![CDATA[ [mysql:latest] - Trying to create JDBC connection using com.mysql.cj.jdbc.Driver to jdbc:mysql://localhost:63819/adm_videos?useSSL=false&allowPublicKeyRetrieval=true with properties: {password=123456, user=root}
01:14:43.960 [Test worker] DEBUG org.testcontainers.shaded.com.github.dockerjava.core.command.AbstrDockerCmd - Cmd: cd5ecdf38df06b4092e6cf67100cd20ad9c3cb4b6e9303874a7bd89885b140c9,false
01:14:43.960 [Test worker] DEBUG org.testcontainers.shaded.com.github.dockerjava.core.exec.InspectContainerCmdExec - GET: DefaultWebTarget{path=[/containers/cd5ecdf38df06b4092e6cf67100cd20ad9c3cb4b6e9303874a7bd89885b140c9/json], queryParams={}}
01:14:43.960 [Test worker] DEBUG com.github.dockerjava.zerodep.shaded.org.apache.hc.client5.http.impl.classic.InternalHttpClient - ex-0000000E: preparing request execution
01:14:43.960 [Test worker] DEBUG com.github.dockerjava.zerodep.shaded.org.apache.hc.client5.http.protocol.RequestAddCookies - Cookie spec selected: strict
01:14:43.960 [Test worker] DEBUG com.github.dockerjava.zerodep.shaded.org.apache.hc.client5.http.protocol.RequestAuthCache - Auth cache not set in the context
01:14:43.960 [Test worker] DEBUG com.github.dockerjava.zerodep.shaded.org.apache.hc.client5.http.impl.classic.ProtocolExec - ex-0000000E: target auth state: UNCHALLENGED
01:14:43.960 [Test worker] DEBUG com.github.dockerjava.zerodep.shaded.org.apache.hc.client5.http.impl.classic.ProtocolExec - ex-0000000E: proxy auth state: UNCHALLENGED
01:14:43.960 [Test worker] DEBUG com.github.dockerjava.zerodep.shaded.org.apache.hc.client5.http.impl.classic.ConnectExec - ex-0000000E: acquiring connection with route {}->unix://localhost:2375
01:14:43.960 [Test worker] DEBUG com.github.dockerjava.zerodep.shaded.org.apache.hc.client5.http.impl.classic.InternalHttpClient - ex-0000000E: acquiring endpoint (3 MINUTES)
01:14:43.961 [Test worker] DEBUG com.github.dockerjava.zerodep.shaded.org.apache.hc.client5.http.impl.io.PoolingHttpClientConnectionManager - ex-0000000E: endpoint lease request (3 MINUTES) [route: {}->unix://localhost:2375][total available: 1; route allocated: 1 of 2147483647; total allocated: 1 of 2147483647]
01:14:43.961 [Test worker] DEBUG com.github.dockerjava.zerodep.shaded.org.apache.hc.client5.http.impl.io.PoolingHttpClientConnectionManager - ex-0000000E: endpoint leased [route: {}->unix://localhost:2375][total available: 0; route allocated: 1 of 2147483647; total allocated: 1 of 2147483647]
01:14:43.961 [Test worker] DEBUG com.github.dockerjava.zerodep.shaded.org.apache.hc.client5.http.impl.io.PoolingHttpClientConnectionManager - ex-0000000E: acquired ep-0000000D
01:14:43.961 [Test worker] DEBUG com.github.dockerjava.zerodep.shaded.org.apache.hc.client5.http.impl.classic.InternalHttpClient - ex-0000000E: acquired endpoint ep-0000000D
01:14:43.961 [Test worker] DEBUG com.github.dockerjava.zerodep.shaded.org.apache.hc.client5.http.impl.classic.MainClientExec - ex-0000000E: executing GET /v1.32/containers/cd5ecdf38df06b4092e6cf67100cd20ad9c3cb4b6e9303874a7bd89885b140c9/json HTTP/1.1
01:14:43.961 [Test worker] DEBUG com.github.dockerjava.zerodep.shaded.org.apache.hc.client5.http.impl.classic.InternalHttpClient - ep-0000000D: start execution ex-0000000E
01:14:43.961 [Test worker] DEBUG com.github.dockerjava.zerodep.shaded.org.apache.hc.client5.http.impl.io.PoolingHttpClientConnectionManager - ep-0000000D: executing exchange ex-0000000E over http-outgoing-2
01:14:43.961 [Test worker] DEBUG com.github.dockerjava.zerodep.shaded.org.apache.hc.client5.http.headers - http-outgoing-2 >> GET /v1.32/containers/cd5ecdf38df06b4092e6cf67100cd20ad9c3cb4b6e9303874a7bd89885b140c9/json HTTP/1.1
01:14:43.961 [Test worker] DEBUG com.github.dockerjava.zerodep.shaded.org.apache.hc.client5.http.headers - http-outgoing-2 >> accept: application/json
01:14:43.961 [Test worker] DEBUG com.github.dockerjava.zerodep.shaded.org.apache.hc.client5.http.headers - http-outgoing-2 >> x-tc-sid: 71b9672a-6f61-4546-a7b6-d603100b2e56
01:14:43.961 [Test worker] DEBUG com.github.dockerjava.zerodep.shaded.org.apache.hc.client5.http.headers - http-outgoing-2 >> Accept-Encoding: gzip, x-gzip, deflate
01:14:43.961 [Test worker] DEBUG com.github.dockerjava.zerodep.shaded.org.apache.hc.client5.http.headers - http-outgoing-2 >> Host: localhost:2375
01:14:43.961 [Test worker] DEBUG com.github.dockerjava.zerodep.shaded.org.apache.hc.client5.http.headers - http-outgoing-2 >> Connection: keep-alive
01:14:43.961 [Test worker] DEBUG com.github.dockerjava.zerodep.shaded.org.apache.hc.client5.http.headers - http-outgoing-2 >> User-Agent: Apache-HttpClient/5.0.3 (Java/17.0.2)
01:14:43.961 [Test worker] DEBUG com.github.dockerjava.zerodep.shaded.org.apache.hc.client5.http.wire - http-outgoing-2 >> "GET /v1.32/containers/cd5ecdf38df06b4092e6cf67100cd20ad9c3cb4b6e9303874a7bd89885b140c9/json HTTP/1.1[\r][\n]"
01:14:43.961 [Test worker] DEBUG com.github.dockerjava.zerodep.shaded.org.apache.hc.client5.http.wire - http-outgoing-2 >> "accept: application/json[\r][\n]"
01:14:43.961 [Test worker] DEBUG com.github.dockerjava.zerodep.shaded.org.apache.hc.client5.http.wire - http-outgoing-2 >> "x-tc-sid: 71b9672a-6f61-4546-a7b6-d603100b2e56[\r][\n]"
01:14:43.961 [Test worker] DEBUG com.github.dockerjava.zerodep.shaded.org.apache.hc.client5.http.wire - http-outgoing-2 >> "Accept-Encoding: gzip, x-gzip, deflate[\r][\n]"
01:14:43.961 [Test worker] DEBUG com.github.dockerjava.zerodep.shaded.org.apache.hc.client5.http.wire - http-outgoing-2 >> "Host: localhost:2375[\r][\n]"
01:14:43.961 [Test worker] DEBUG com.github.dockerjava.zerodep.shaded.org.apache.hc.client5.http.wire - http-outgoing-2 >> "Connection: keep-alive[\r][\n]"
01:14:43.961 [Test worker] DEBUG com.github.dockerjava.zerodep.shaded.org.apache.hc.client5.http.wire - http-outgoing-2 >> "User-Agent: Apache-HttpClient/5.0.3 (Java/17.0.2)[\r][\n]"
01:14:43.961 [Test worker] DEBUG com.github.dockerjava.zerodep.shaded.org.apache.hc.client5.http.wire - http-outgoing-2 >> "[\r][\n]"
01:14:43.964 [Test worker] DEBUG com.github.dockerjava.zerodep.shaded.org.apache.hc.client5.http.wire - http-outgoing-2 << "HTTP/1.1 200 OK[\r][\n]"
01:14:43.964 [Test worker] DEBUG com.github.dockerjava.zerodep.shaded.org.apache.hc.client5.http.wire - http-outgoing-2 << "Api-Version: 1.41[\r][\n]"
01:14:43.964 [Test worker] DEBUG com.github.dockerjava.zerodep.shaded.org.apache.hc.client5.http.wire - http-outgoing-2 << "Content-Type: application/json[\r][\n]"
01:14:43.964 [Test worker] DEBUG com.github.dockerjava.zerodep.shaded.org.apache.hc.client5.http.wire - http-outgoing-2 << "Date: Tue, 28 Mar 2023 04:14:43 GMT[\r][\n]"
01:14:43.964 [Test worker] DEBUG com.github.dockerjava.zerodep.shaded.org.apache.hc.client5.http.wire - http-outgoing-2 << "Docker-Experimental: false[\r][\n]"
01:14:43.964 [Test worker] DEBUG com.github.dockerjava.zerodep.shaded.org.apache.hc.client5.http.wire - http-outgoing-2 << "Ostype: linux[\r][\n]"
01:14:43.964 [Test worker] DEBUG com.github.dockerjava.zerodep.shaded.org.apache.hc.client5.http.wire - http-outgoing-2 << "Server: Docker/20.10.21 (linux)[\r][\n]"
01:14:43.964 [Test worker] DEBUG com.github.dockerjava.zerodep.shaded.org.apache.hc.client5.http.wire - http-outgoing-2 << "Transfer-Encoding: chunked[\r][\n]"
01:14:43.964 [Test worker] DEBUG com.github.dockerjava.zerodep.shaded.org.apache.hc.client5.http.wire - http-outgoing-2 << "[\r][\n]"
01:14:43.964 [Test worker] DEBUG com.github.dockerjava.zerodep.shaded.org.apache.hc.client5.http.headers - http-outgoing-2 << HTTP/1.1 200 OK
01:14:43.965 [Test worker] DEBUG com.github.dockerjava.zerodep.shaded.org.apache.hc.client5.http.headers - http-outgoing-2 << Api-Version: 1.41
01:14:43.965 [Test worker] DEBUG com.github.dockerjava.zerodep.shaded.org.apache.hc.client5.http.headers - http-outgoing-2 << Content-Type: application/json
01:14:43.965 [Test worker] DEBUG com.github.dockerjava.zerodep.shaded.org.apache.hc.client5.http.headers - http-outgoing-2 << Date: Tue, 28 Mar 2023 04:14:43 GMT
01:14:43.965 [Test worker] DEBUG com.github.dockerjava.zerodep.shaded.org.apache.hc.client5.http.headers - http-outgoing-2 << Docker-Experimental: false
01:14:43.965 [Test worker] DEBUG com.github.dockerjava.zerodep.shaded.org.apache.hc.client5.http.headers - http-outgoing-2 << Ostype: linux
01:14:43.965 [Test worker] DEBUG com.github.dockerjava.zerodep.shaded.org.apache.hc.client5.http.headers - http-outgoing-2 << Server: Docker/20.10.21 (linux)
01:14:43.965 [Test worker] DEBUG com.github.dockerjava.zerodep.shaded.org.apache.hc.client5.http.headers - http-outgoing-2 << Transfer-Encoding: chunked
01:14:43.965 [Test worker] DEBUG com.github.dockerjava.zerodep.shaded.org.apache.hc.client5.http.impl.classic.MainClientExec - ex-0000000E: connection can be kept alive for 3 MINUTES
01:14:43.966 [Test worker] DEBUG com.github.dockerjava.zerodep.shaded.org.apache.hc.client5.http.wire - http-outgoing-2 << "18c1[\r][\n]"
01:14:43.967 [Test worker] DEBUG com.github.dockerjava.zerodep.shaded.org.apache.hc.client5.http.wire - http-outgoing-2 << "{"Id":"cd5ecdf38df06b4092e6cf67100cd20ad9c3cb4b6e9303874a7bd89885b140c9","Created":"2023-03-28T04:14:43.179040379Z","Path":"docker-entrypoint.sh","Args":["mysqld"],"State":{"Status":"running","Running":true,"Paused":false,"Restarting":false,"OOMKilled":false,"Dead":false,"Pid":20152,"ExitCode":0,"Error":"","StartedAt":"2023-03-28T04:14:43.680338005Z","FinishedAt":"0001-01-01T00:00:00Z"},"Image":"sha256:c7c54c29e20dccc1aefb936c8eba8bb8b98b87a4921102aba87fde2df5810af9","ResolvConfPath":"/var/lib/docker/containers/cd5ecdf38df06b4092e6cf67100cd20ad9c3cb4b6e9303874a7bd89885b140c9/resolv.conf","HostnamePath":"/var/lib/docker/containers/cd5ecdf38df06b4092e6cf67100cd20ad9c3cb4b6e9303874a7bd89885b140c9/hostname","HostsPath":"/var/lib/docker/containers/cd5ecdf38df06b4092e6cf67100cd20ad9c3cb4b6e9303874a7bd89885b140c9/hosts","LogPath":"/var/lib/docker/containers/cd5ecdf38df06b4092e6cf67100cd20ad9c3cb4b6e9303874a7bd89885b140c9/cd5ecdf38df06b4092e6cf67100cd20ad9c3cb4b6e9303874a7bd89885b140c9-json.log","Name":"/keen_matsumoto","RestartCount":0,"Driver":"overlay2","Platform":"linux","MountLabel":"","ProcessLabel":"","AppArmorProfile":"","ExecIDs":null,"HostConfig":{"Binds":[],"ContainerIDFile":"","LogConfig":{"Type":"json-file","Config":{}},"NetworkMode":"default","PortBindings":{"3306/tcp":[{"HostIp":"0.0.0.0","HostPort":"0"}]},"RestartPolicy":{"Name":"","MaximumRetryCount":0},"AutoRemove":false,"VolumeDriver":"","VolumesFrom":[],"CapAdd":null,"CapDrop":null,"CgroupnsMode":"private","Dns":null,"DnsOptions":null,"DnsSearch":null,"ExtraHosts":[],"GroupAdd":null,"IpcMode":"shareable","Cgroup":"","Links":null,"OomScoreAdj":0,"PidMode":"","Privileged":false,"PublishAllPorts":false,"ReadonlyRootfs":false,"SecurityOpt":null,"UTSMode":"","UsernsMode":"","ShmSize":67108864,"Runtime":"runc","ConsoleSize":[0,0],"Isolation":"","CpuShares":0,"Memory":0,"NanoCpus":0,"CgroupParent":"","BlkioWeight":0,"BlkioWeightDevice":null,"BlkioDeviceReadBps":null,"BlkioDeviceWriteBps":null,"BlkioDeviceReadIOps":null,"BlkioDeviceWriteIOps":null,"CpuPeriod":0,"CpuQuota":0,"CpuRealtimePeriod":0,"CpuRealtimeRuntime":0,"CpusetCpus":"","CpusetMems":"","Devices":null,"DeviceCgroupRules":null,"DeviceRequests":null,"KernelMemory":0,"KernelMemoryTCP":0,"MemoryReservation":0,"MemorySwap":0,"MemorySwappiness":null,"OomKillDisable":null,"PidsLimit":null,"Ulimits":null,"CpuCount":0,"CpuPercent":0,"IOMaximumIOps":0,"IOMaximumBandwidth":0,"MaskedPaths":["/proc/asound","/proc/acpi","/proc/kcore","/proc/keys","/proc/latency_stats","/proc/timer_list","/proc/timer_stats","/proc/sched_debug","/proc/scsi","/sys/firmware"],"ReadonlyPaths":["/proc/bus","/proc/fs","/proc/irq","/proc/sys","/proc/sysrq-trigger"]},"GraphDriver":{"Data":{"LowerDir":"/var/lib/docker/overlay2/830e690ec83ecff869b59e4f673c0c63b2bc5c068e9f710933e6f61763699fd2-init/diff:/var/lib/docker/overlay2/1bd8849d7a296305617011f940aa5cfabbe972a513397b1b6bbc27639b6c1f30/diff:/var/lib/docker/overlay2/199d69b2fbf78af4d4c95dec4fd2f8835ab0347eb49fb20ebb2ff3b99fedd6ad/diff:/var/lib/docker/overlay2/d83c38d654989311f75b9491329846033bfb7714de76ef635380dcfad5c740d9/diff:/var/lib/docker/overlay2/08600d0aea2ab2728bebcf5d2589c640a842f53d1ba3c4a4adccb4d03b923cf6/diff:/var/lib/docker/overlay2/9ec7c63a3fb14d13ac788bbf5e282ca821edc41260b79944e5e631037d13ecda/diff:/var/lib/docker/overlay2/db601d7a1b4ea6da638db620462f0da96fa55c559d02269c9ddb09027936ed87/diff:/var/lib/docker/overlay2/a6d2bd03f942e2565f21e74cfe152c7ec836a1c2b583f0790c685b92bdcfda24/diff:/var/lib/docker/overlay2/9badd16ea2c5e2bf1fde8b579683e41137dfc46ed5449234149f199a6751cc84/diff:/var/lib/docker/overlay2/6efb85646ed12e2d1181ef4cc6f6f6732c00c15a4035fe17ebc4f075ca573c30/diff:/var/lib/docker/overlay2/895d7c0ec09144d6ed33936f4e98e11c18010f7abd708cae1ce43aec7a7f2621/diff:/var/lib/docker/overlay2/1c4ba77aa573ab6e5e5069fd15eae71b3da940bde0f97a922a227ffc8a1d1096/diff","MergedDir":"/var/lib/docker/overlay2/830e690ec83ecff869b59e4f673c0c63b2bc5c068e9f710933e6f61763699fd2/merged","UpperDir":"/var/lib/docker/overlay2/830e690ec83ecff869b59e4f673c0c63b2bc5c068e9f710933e6f61763699fd2/diff","WorkDir":"/var/lib/docker/overlay2/830e690ec83ecff869b59e4f673c0c63b2bc5c068e9f710933e6f61763699fd2/work"},"Name":"overlay2"},"Mounts":[{"Type":"volume","Name":"25868b8cea8ad6eba7f00a6fe83e8848def5cff8aab5c5943024031400fa063d","Source":"/var/lib/docker/volumes/25868b8cea8ad6eba7f00a6fe83e8848def5cff8aab5c5943024031400fa063d/_data","Destination":"/var/lib/mysql","Driver":"local","Mode":"","RW":true,"Propagation":""}],"Config":{"Hostname":"cd5ecdf38df0","Domainname":"","User":"","AttachStdin":false,"AttachStdout":false,"AttachStderr":false,"ExposedPorts":{"3306/tcp":{},"33060/tcp":{}},"Tty":false,"OpenStdin":false,"StdinOnce":false,"Env":["MYSQL_DATABASE=adm_videos","MYSQL_PASSWORD=123456","MYSQL_ROOT_PASSWORD=123456","PATH=/usr/local/sbin:/usr/local/bin:/usr/sbin:/usr/bin:/sbin:/bin","GOSU_VERSION=1.16","MYSQL_MAJOR=8.0","MYSQL_VERSION=8.0.32-1.el8","MYSQL_SHELL_VERSION=8.0.32-1.el8"],"Cmd":["mysqld"],"Image":"mysql:latest","Volumes":{"/var/lib/mysql":{}},"WorkingDir":"","Entrypoint":["docker-entrypoint.sh"],"OnBuild":null,"Labels":{"org.testcontainers":"true","org.testcontainers.lang":"java","org.testcontainers.sessionId":"71b9672a-6f61-4546-a7b6-d603100b2e56","org.testcontainers.version":"1.17.6"}},"NetworkSettings":{"Bridge":"","SandboxID":"56762d63452c709eadac6b5c5f4b6cdd30da833580c632f91fd658806eaf4ddb","HairpinMode":false,"LinkLocalIPv6Address":"","LinkLocalIPv6PrefixLen":0,"Ports":{"3306/tcp":[{"HostIp":"0.0.0.0","HostPort":"63819"}],"33060/tcp":null},"SandboxKey":"/var/run/docker/netns/56762d63452c","SecondaryIPAddresses":null,"SecondaryIPv6Addresses":null,"EndpointID":"92fc2600684327987bceb8e2716a72ba2420fccd56812c1491af8c03946e105c","Gateway":"172.17.0.1","GlobalIPv6Address":"","GlobalIPv6PrefixLen":0,"IPAddress":"172.17.0.3","IPPrefixLen":16,"IPv6Gateway":"","MacAddress":"02:42:ac:11:00:03","Networks":{"bridge":{"IPAMConfig":null,"Links":null,"Aliases":null,"NetworkID":"308e234c143065751b16b4500cb9f48d5c7fc2116504b3d816a5e51cd4771062","EndpointID":"92fc2600684327987bceb8e2716a72ba2420fccd56812c1491af8c03946e105c","Gateway":"172.17.0.1","IPAddress":"172.17.0.3","IPPrefixLen":16,"IPv6Gateway":"","GlobalIPv6Address":"","GlobalIPv6PrefixLen":0,"MacAddress":"02:42:ac:11:00:03","DriverOpts":null}}}}[\n]"
01:14:43.967 [Test worker] DEBUG com.github.dockerjava.zerodep.shaded.org.apache.hc.client5.http.wire - http-outgoing-2 << "[\r][\n]"
01:14:43.968 [Test worker] DEBUG com.github.dockerjava.zerodep.shaded.org.apache.hc.client5.http.wire - http-outgoing-2 << "0[\r][\n]"
01:14:43.968 [Test worker] DEBUG com.github.dockerjava.zerodep.shaded.org.apache.hc.client5.http.wire - http-outgoing-2 << "[\r][\n]"
01:14:43.968 [Test worker] DEBUG com.github.dockerjava.zerodep.shaded.org.apache.hc.client5.http.impl.classic.InternalHttpClient - ep-0000000D: releasing valid endpoint
01:14:43.968 [Test worker] DEBUG com.github.dockerjava.zerodep.shaded.org.apache.hc.client5.http.impl.io.PoolingHttpClientConnectionManager - ep-0000000D: releasing endpoint
01:14:43.968 [Test worker] DEBUG com.github.dockerjava.zerodep.shaded.org.apache.hc.client5.http.impl.io.PoolingHttpClientConnectionManager - ep-0000000D: connection http-outgoing-2 can be kept alive for 3 MINUTES
01:14:43.968 [Test worker] DEBUG com.github.dockerjava.zerodep.shaded.org.apache.hc.client5.http.impl.io.PoolingHttpClientConnectionManager - ep-0000000D: connection released [route: {}->unix://localhost:2375][total available: 1; route allocated: 1 of 2147483647; total allocated: 1 of 2147483647]
01:14:43.968 [Test worker] DEBUG ]]>&#x1f433;<![CDATA[ [mysql:latest] - Trying to create JDBC connection using com.mysql.cj.jdbc.Driver to jdbc:mysql://localhost:63819/adm_videos?useSSL=false&allowPublicKeyRetrieval=true with properties: {password=123456, user=root}
01:14:44.074 [Test worker] DEBUG org.testcontainers.shaded.com.github.dockerjava.core.command.AbstrDockerCmd - Cmd: cd5ecdf38df06b4092e6cf67100cd20ad9c3cb4b6e9303874a7bd89885b140c9,false
01:14:44.075 [Test worker] DEBUG org.testcontainers.shaded.com.github.dockerjava.core.exec.InspectContainerCmdExec - GET: DefaultWebTarget{path=[/containers/cd5ecdf38df06b4092e6cf67100cd20ad9c3cb4b6e9303874a7bd89885b140c9/json], queryParams={}}
01:14:44.075 [Test worker] DEBUG com.github.dockerjava.zerodep.shaded.org.apache.hc.client5.http.impl.classic.InternalHttpClient - ex-0000000F: preparing request execution
01:14:44.075 [Test worker] DEBUG com.github.dockerjava.zerodep.shaded.org.apache.hc.client5.http.protocol.RequestAddCookies - Cookie spec selected: strict
01:14:44.075 [Test worker] DEBUG com.github.dockerjava.zerodep.shaded.org.apache.hc.client5.http.protocol.RequestAuthCache - Auth cache not set in the context
01:14:44.075 [Test worker] DEBUG com.github.dockerjava.zerodep.shaded.org.apache.hc.client5.http.impl.classic.ProtocolExec - ex-0000000F: target auth state: UNCHALLENGED
01:14:44.075 [Test worker] DEBUG com.github.dockerjava.zerodep.shaded.org.apache.hc.client5.http.impl.classic.ProtocolExec - ex-0000000F: proxy auth state: UNCHALLENGED
01:14:44.075 [Test worker] DEBUG com.github.dockerjava.zerodep.shaded.org.apache.hc.client5.http.impl.classic.ConnectExec - ex-0000000F: acquiring connection with route {}->unix://localhost:2375
01:14:44.075 [Test worker] DEBUG com.github.dockerjava.zerodep.shaded.org.apache.hc.client5.http.impl.classic.InternalHttpClient - ex-0000000F: acquiring endpoint (3 MINUTES)
01:14:44.075 [Test worker] DEBUG com.github.dockerjava.zerodep.shaded.org.apache.hc.client5.http.impl.io.PoolingHttpClientConnectionManager - ex-0000000F: endpoint lease request (3 MINUTES) [route: {}->unix://localhost:2375][total available: 1; route allocated: 1 of 2147483647; total allocated: 1 of 2147483647]
01:14:44.075 [Test worker] DEBUG com.github.dockerjava.zerodep.shaded.org.apache.hc.client5.http.impl.io.PoolingHttpClientConnectionManager - ex-0000000F: endpoint leased [route: {}->unix://localhost:2375][total available: 0; route allocated: 1 of 2147483647; total allocated: 1 of 2147483647]
01:14:44.076 [Test worker] DEBUG com.github.dockerjava.zerodep.shaded.org.apache.hc.client5.http.impl.io.PoolingHttpClientConnectionManager - ex-0000000F: acquired ep-0000000E
01:14:44.076 [Test worker] DEBUG com.github.dockerjava.zerodep.shaded.org.apache.hc.client5.http.impl.classic.InternalHttpClient - ex-0000000F: acquired endpoint ep-0000000E
01:14:44.076 [Test worker] DEBUG com.github.dockerjava.zerodep.shaded.org.apache.hc.client5.http.impl.classic.MainClientExec - ex-0000000F: executing GET /v1.32/containers/cd5ecdf38df06b4092e6cf67100cd20ad9c3cb4b6e9303874a7bd89885b140c9/json HTTP/1.1
01:14:44.076 [Test worker] DEBUG com.github.dockerjava.zerodep.shaded.org.apache.hc.client5.http.impl.classic.InternalHttpClient - ep-0000000E: start execution ex-0000000F
01:14:44.076 [Test worker] DEBUG com.github.dockerjava.zerodep.shaded.org.apache.hc.client5.http.impl.io.PoolingHttpClientConnectionManager - ep-0000000E: executing exchange ex-0000000F over http-outgoing-2
01:14:44.076 [Test worker] DEBUG com.github.dockerjava.zerodep.shaded.org.apache.hc.client5.http.headers - http-outgoing-2 >> GET /v1.32/containers/cd5ecdf38df06b4092e6cf67100cd20ad9c3cb4b6e9303874a7bd89885b140c9/json HTTP/1.1
01:14:44.076 [Test worker] DEBUG com.github.dockerjava.zerodep.shaded.org.apache.hc.client5.http.headers - http-outgoing-2 >> accept: application/json
01:14:44.076 [Test worker] DEBUG com.github.dockerjava.zerodep.shaded.org.apache.hc.client5.http.headers - http-outgoing-2 >> x-tc-sid: 71b9672a-6f61-4546-a7b6-d603100b2e56
01:14:44.076 [Test worker] DEBUG com.github.dockerjava.zerodep.shaded.org.apache.hc.client5.http.headers - http-outgoing-2 >> Accept-Encoding: gzip, x-gzip, deflate
01:14:44.076 [Test worker] DEBUG com.github.dockerjava.zerodep.shaded.org.apache.hc.client5.http.headers - http-outgoing-2 >> Host: localhost:2375
01:14:44.076 [Test worker] DEBUG com.github.dockerjava.zerodep.shaded.org.apache.hc.client5.http.headers - http-outgoing-2 >> Connection: keep-alive
01:14:44.076 [Test worker] DEBUG com.github.dockerjava.zerodep.shaded.org.apache.hc.client5.http.headers - http-outgoing-2 >> User-Agent: Apache-HttpClient/5.0.3 (Java/17.0.2)
01:14:44.076 [Test worker] DEBUG com.github.dockerjava.zerodep.shaded.org.apache.hc.client5.http.wire - http-outgoing-2 >> "GET /v1.32/containers/cd5ecdf38df06b4092e6cf67100cd20ad9c3cb4b6e9303874a7bd89885b140c9/json HTTP/1.1[\r][\n]"
01:14:44.076 [Test worker] DEBUG com.github.dockerjava.zerodep.shaded.org.apache.hc.client5.http.wire - http-outgoing-2 >> "accept: application/json[\r][\n]"
01:14:44.076 [Test worker] DEBUG com.github.dockerjava.zerodep.shaded.org.apache.hc.client5.http.wire - http-outgoing-2 >> "x-tc-sid: 71b9672a-6f61-4546-a7b6-d603100b2e56[\r][\n]"
01:14:44.076 [Test worker] DEBUG com.github.dockerjava.zerodep.shaded.org.apache.hc.client5.http.wire - http-outgoing-2 >> "Accept-Encoding: gzip, x-gzip, deflate[\r][\n]"
01:14:44.076 [Test worker] DEBUG com.github.dockerjava.zerodep.shaded.org.apache.hc.client5.http.wire - http-outgoing-2 >> "Host: localhost:2375[\r][\n]"
01:14:44.076 [Test worker] DEBUG com.github.dockerjava.zerodep.shaded.org.apache.hc.client5.http.wire - http-outgoing-2 >> "Connection: keep-alive[\r][\n]"
01:14:44.076 [Test worker] DEBUG com.github.dockerjava.zerodep.shaded.org.apache.hc.client5.http.wire - http-outgoing-2 >> "User-Agent: Apache-HttpClient/5.0.3 (Java/17.0.2)[\r][\n]"
01:14:44.076 [Test worker] DEBUG com.github.dockerjava.zerodep.shaded.org.apache.hc.client5.http.wire - http-outgoing-2 >> "[\r][\n]"
01:14:44.079 [Test worker] DEBUG com.github.dockerjava.zerodep.shaded.org.apache.hc.client5.http.wire - http-outgoing-2 << "HTTP/1.1 200 OK[\r][\n]"
01:14:44.079 [Test worker] DEBUG com.github.dockerjava.zerodep.shaded.org.apache.hc.client5.http.wire - http-outgoing-2 << "Api-Version: 1.41[\r][\n]"
01:14:44.079 [Test worker] DEBUG com.github.dockerjava.zerodep.shaded.org.apache.hc.client5.http.wire - http-outgoing-2 << "Content-Type: application/json[\r][\n]"
01:14:44.079 [Test worker] DEBUG com.github.dockerjava.zerodep.shaded.org.apache.hc.client5.http.wire - http-outgoing-2 << "Date: Tue, 28 Mar 2023 04:14:44 GMT[\r][\n]"
01:14:44.079 [Test worker] DEBUG com.github.dockerjava.zerodep.shaded.org.apache.hc.client5.http.wire - http-outgoing-2 << "Docker-Experimental: false[\r][\n]"
01:14:44.079 [Test worker] DEBUG com.github.dockerjava.zerodep.shaded.org.apache.hc.client5.http.wire - http-outgoing-2 << "Ostype: linux[\r][\n]"
01:14:44.079 [Test worker] DEBUG com.github.dockerjava.zerodep.shaded.org.apache.hc.client5.http.wire - http-outgoing-2 << "Server: Docker/20.10.21 (linux)[\r][\n]"
01:14:44.079 [Test worker] DEBUG com.github.dockerjava.zerodep.shaded.org.apache.hc.client5.http.wire - http-outgoing-2 << "Transfer-Encoding: chunked[\r][\n]"
01:14:44.079 [Test worker] DEBUG com.github.dockerjava.zerodep.shaded.org.apache.hc.client5.http.wire - http-outgoing-2 << "[\r][\n]"
01:14:44.079 [Test worker] DEBUG com.github.dockerjava.zerodep.shaded.org.apache.hc.client5.http.headers - http-outgoing-2 << HTTP/1.1 200 OK
01:14:44.079 [Test worker] DEBUG com.github.dockerjava.zerodep.shaded.org.apache.hc.client5.http.headers - http-outgoing-2 << Api-Version: 1.41
01:14:44.079 [Test worker] DEBUG com.github.dockerjava.zerodep.shaded.org.apache.hc.client5.http.headers - http-outgoing-2 << Content-Type: application/json
01:14:44.079 [Test worker] DEBUG com.github.dockerjava.zerodep.shaded.org.apache.hc.client5.http.headers - http-outgoing-2 << Date: Tue, 28 Mar 2023 04:14:44 GMT
01:14:44.079 [Test worker] DEBUG com.github.dockerjava.zerodep.shaded.org.apache.hc.client5.http.headers - http-outgoing-2 << Docker-Experimental: false
01:14:44.079 [Test worker] DEBUG com.github.dockerjava.zerodep.shaded.org.apache.hc.client5.http.headers - http-outgoing-2 << Ostype: linux
01:14:44.079 [Test worker] DEBUG com.github.dockerjava.zerodep.shaded.org.apache.hc.client5.http.headers - http-outgoing-2 << Server: Docker/20.10.21 (linux)
01:14:44.079 [Test worker] DEBUG com.github.dockerjava.zerodep.shaded.org.apache.hc.client5.http.headers - http-outgoing-2 << Transfer-Encoding: chunked
01:14:44.079 [Test worker] DEBUG com.github.dockerjava.zerodep.shaded.org.apache.hc.client5.http.impl.classic.MainClientExec - ex-0000000F: connection can be kept alive for 3 MINUTES
01:14:44.080 [Test worker] DEBUG com.github.dockerjava.zerodep.shaded.org.apache.hc.client5.http.wire - http-outgoing-2 << "18c1[\r][\n]"
01:14:44.081 [Test worker] DEBUG com.github.dockerjava.zerodep.shaded.org.apache.hc.client5.http.wire - http-outgoing-2 << "{"Id":"cd5ecdf38df06b4092e6cf67100cd20ad9c3cb4b6e9303874a7bd89885b140c9","Created":"2023-03-28T04:14:43.179040379Z","Path":"docker-entrypoint.sh","Args":["mysqld"],"State":{"Status":"running","Running":true,"Paused":false,"Restarting":false,"OOMKilled":false,"Dead":false,"Pid":20152,"ExitCode":0,"Error":"","StartedAt":"2023-03-28T04:14:43.680338005Z","FinishedAt":"0001-01-01T00:00:00Z"},"Image":"sha256:c7c54c29e20dccc1aefb936c8eba8bb8b98b87a4921102aba87fde2df5810af9","ResolvConfPath":"/var/lib/docker/containers/cd5ecdf38df06b4092e6cf67100cd20ad9c3cb4b6e9303874a7bd89885b140c9/resolv.conf","HostnamePath":"/var/lib/docker/containers/cd5ecdf38df06b4092e6cf67100cd20ad9c3cb4b6e9303874a7bd89885b140c9/hostname","HostsPath":"/var/lib/docker/containers/cd5ecdf38df06b4092e6cf67100cd20ad9c3cb4b6e9303874a7bd89885b140c9/hosts","LogPath":"/var/lib/docker/containers/cd5ecdf38df06b4092e6cf67100cd20ad9c3cb4b6e9303874a7bd89885b140c9/cd5ecdf38df06b4092e6cf67100cd20ad9c3cb4b6e9303874a7bd89885b140c9-json.log","Name":"/keen_matsumoto","RestartCount":0,"Driver":"overlay2","Platform":"linux","MountLabel":"","ProcessLabel":"","AppArmorProfile":"","ExecIDs":null,"HostConfig":{"Binds":[],"ContainerIDFile":"","LogConfig":{"Type":"json-file","Config":{}},"NetworkMode":"default","PortBindings":{"3306/tcp":[{"HostIp":"0.0.0.0","HostPort":"0"}]},"RestartPolicy":{"Name":"","MaximumRetryCount":0},"AutoRemove":false,"VolumeDriver":"","VolumesFrom":[],"CapAdd":null,"CapDrop":null,"CgroupnsMode":"private","Dns":null,"DnsOptions":null,"DnsSearch":null,"ExtraHosts":[],"GroupAdd":null,"IpcMode":"shareable","Cgroup":"","Links":null,"OomScoreAdj":0,"PidMode":"","Privileged":false,"PublishAllPorts":false,"ReadonlyRootfs":false,"SecurityOpt":null,"UTSMode":"","UsernsMode":"","ShmSize":67108864,"Runtime":"runc","ConsoleSize":[0,0],"Isolation":"","CpuShares":0,"Memory":0,"NanoCpus":0,"CgroupParent":"","BlkioWeight":0,"BlkioWeightDevice":null,"BlkioDeviceReadBps":null,"BlkioDeviceWriteBps":null,"BlkioDeviceReadIOps":null,"BlkioDeviceWriteIOps":null,"CpuPeriod":0,"CpuQuota":0,"CpuRealtimePeriod":0,"CpuRealtimeRuntime":0,"CpusetCpus":"","CpusetMems":"","Devices":null,"DeviceCgroupRules":null,"DeviceRequests":null,"KernelMemory":0,"KernelMemoryTCP":0,"MemoryReservation":0,"MemorySwap":0,"MemorySwappiness":null,"OomKillDisable":null,"PidsLimit":null,"Ulimits":null,"CpuCount":0,"CpuPercent":0,"IOMaximumIOps":0,"IOMaximumBandwidth":0,"MaskedPaths":["/proc/asound","/proc/acpi","/proc/kcore","/proc/keys","/proc/latency_stats","/proc/timer_list","/proc/timer_stats","/proc/sched_debug","/proc/scsi","/sys/firmware"],"ReadonlyPaths":["/proc/bus","/proc/fs","/proc/irq","/proc/sys","/proc/sysrq-trigger"]},"GraphDriver":{"Data":{"LowerDir":"/var/lib/docker/overlay2/830e690ec83ecff869b59e4f673c0c63b2bc5c068e9f710933e6f61763699fd2-init/diff:/var/lib/docker/overlay2/1bd8849d7a296305617011f940aa5cfabbe972a513397b1b6bbc27639b6c1f30/diff:/var/lib/docker/overlay2/199d69b2fbf78af4d4c95dec4fd2f8835ab0347eb49fb20ebb2ff3b99fedd6ad/diff:/var/lib/docker/overlay2/d83c38d654989311f75b9491329846033bfb7714de76ef635380dcfad5c740d9/diff:/var/lib/docker/overlay2/08600d0aea2ab2728bebcf5d2589c640a842f53d1ba3c4a4adccb4d03b923cf6/diff:/var/lib/docker/overlay2/9ec7c63a3fb14d13ac788bbf5e282ca821edc41260b79944e5e631037d13ecda/diff:/var/lib/docker/overlay2/db601d7a1b4ea6da638db620462f0da96fa55c559d02269c9ddb09027936ed87/diff:/var/lib/docker/overlay2/a6d2bd03f942e2565f21e74cfe152c7ec836a1c2b583f0790c685b92bdcfda24/diff:/var/lib/docker/overlay2/9badd16ea2c5e2bf1fde8b579683e41137dfc46ed5449234149f199a6751cc84/diff:/var/lib/docker/overlay2/6efb85646ed12e2d1181ef4cc6f6f6732c00c15a4035fe17ebc4f075ca573c30/diff:/var/lib/docker/overlay2/895d7c0ec09144d6ed33936f4e98e11c18010f7abd708cae1ce43aec7a7f2621/diff:/var/lib/docker/overlay2/1c4ba77aa573ab6e5e5069fd15eae71b3da940bde0f97a922a227ffc8a1d1096/diff","MergedDir":"/var/lib/docker/overlay2/830e690ec83ecff869b59e4f673c0c63b2bc5c068e9f710933e6f61763699fd2/merged","UpperDir":"/var/lib/docker/overlay2/830e690ec83ecff869b59e4f673c0c63b2bc5c068e9f710933e6f61763699fd2/diff","WorkDir":"/var/lib/docker/overlay2/830e690ec83ecff869b59e4f673c0c63b2bc5c068e9f710933e6f61763699fd2/work"},"Name":"overlay2"},"Mounts":[{"Type":"volume","Name":"25868b8cea8ad6eba7f00a6fe83e8848def5cff8aab5c5943024031400fa063d","Source":"/var/lib/docker/volumes/25868b8cea8ad6eba7f00a6fe83e8848def5cff8aab5c5943024031400fa063d/_data","Destination":"/var/lib/mysql","Driver":"local","Mode":"","RW":true,"Propagation":""}],"Config":{"Hostname":"cd5ecdf38df0","Domainname":"","User":"","AttachStdin":false,"AttachStdout":false,"AttachStderr":false,"ExposedPorts":{"3306/tcp":{},"33060/tcp":{}},"Tty":false,"OpenStdin":false,"StdinOnce":false,"Env":["MYSQL_DATABASE=adm_videos","MYSQL_PASSWORD=123456","MYSQL_ROOT_PASSWORD=123456","PATH=/usr/local/sbin:/usr/local/bin:/usr/sbin:/usr/bin:/sbin:/bin","GOSU_VERSION=1.16","MYSQL_MAJOR=8.0","MYSQL_VERSION=8.0.32-1.el8","MYSQL_SHELL_VERSION=8.0.32-1.el8"],"Cmd":["mysqld"],"Image":"mysql:latest","Volumes":{"/var/lib/mysql":{}},"WorkingDir":"","Entrypoint":["docker-entrypoint.sh"],"OnBuild":null,"Labels":{"org.testcontainers":"true","org.testcontainers.lang":"java","org.testcontainers.sessionId":"71b9672a-6f61-4546-a7b6-d603100b2e56","org.testcontainers.version":"1.17.6"}},"NetworkSettings":{"Bridge":"","SandboxID":"56762d63452c709eadac6b5c5f4b6cdd30da833580c632f91fd658806eaf4ddb","HairpinMode":false,"LinkLocalIPv6Address":"","LinkLocalIPv6PrefixLen":0,"Ports":{"3306/tcp":[{"HostIp":"0.0.0.0","HostPort":"63819"}],"33060/tcp":null},"SandboxKey":"/var/run/docker/netns/56762d63452c","SecondaryIPAddresses":null,"SecondaryIPv6Addresses":null,"EndpointID":"92fc2600684327987bceb8e2716a72ba2420fccd56812c1491af8c03946e105c","Gateway":"172.17.0.1","GlobalIPv6Address":"","GlobalIPv6PrefixLen":0,"IPAddress":"172.17.0.3","IPPrefixLen":16,"IPv6Gateway":"","MacAddress":"02:42:ac:11:00:03","Networks":{"bridge":{"IPAMConfig":null,"Links":null,"Aliases":null,"NetworkID":"308e234c143065751b16b4500cb9f48d5c7fc2116504b3d816a5e51cd4771062","EndpointID":"92fc2600684327987bceb8e2716a72ba2420fccd56812c1491af8c03946e105c","Gateway":"172.17.0.1","IPAddress":"172.17.0.3","IPPrefixLen":16,"IPv6Gateway":"","GlobalIPv6Address":"","GlobalIPv6PrefixLen":0,"MacAddress":"02:42:ac:11:00:03","DriverOpts":null}}}}[\n]"
01:14:44.081 [Test worker] DEBUG com.github.dockerjava.zerodep.shaded.org.apache.hc.client5.http.wire - http-outgoing-2 << "[\r][\n]"
01:14:44.082 [Test worker] DEBUG com.github.dockerjava.zerodep.shaded.org.apache.hc.client5.http.wire - http-outgoing-2 << "0[\r][\n]"
01:14:44.082 [Test worker] DEBUG com.github.dockerjava.zerodep.shaded.org.apache.hc.client5.http.wire - http-outgoing-2 << "[\r][\n]"
01:14:44.082 [Test worker] DEBUG com.github.dockerjava.zerodep.shaded.org.apache.hc.client5.http.impl.classic.InternalHttpClient - ep-0000000E: releasing valid endpoint
01:14:44.082 [Test worker] DEBUG com.github.dockerjava.zerodep.shaded.org.apache.hc.client5.http.impl.io.PoolingHttpClientConnectionManager - ep-0000000E: releasing endpoint
01:14:44.082 [Test worker] DEBUG com.github.dockerjava.zerodep.shaded.org.apache.hc.client5.http.impl.io.PoolingHttpClientConnectionManager - ep-0000000E: connection http-outgoing-2 can be kept alive for 3 MINUTES
01:14:44.082 [Test worker] DEBUG com.github.dockerjava.zerodep.shaded.org.apache.hc.client5.http.impl.io.PoolingHttpClientConnectionManager - ep-0000000E: connection released [route: {}->unix://localhost:2375][total available: 1; route allocated: 1 of 2147483647; total allocated: 1 of 2147483647]
01:14:44.082 [Test worker] DEBUG ]]>&#x1f433;<![CDATA[ [mysql:latest] - Trying to create JDBC connection using com.mysql.cj.jdbc.Driver to jdbc:mysql://localhost:63819/adm_videos?useSSL=false&allowPublicKeyRetrieval=true with properties: {password=123456, user=root}
01:14:44.189 [Test worker] DEBUG org.testcontainers.shaded.com.github.dockerjava.core.command.AbstrDockerCmd - Cmd: cd5ecdf38df06b4092e6cf67100cd20ad9c3cb4b6e9303874a7bd89885b140c9,false
01:14:44.189 [Test worker] DEBUG org.testcontainers.shaded.com.github.dockerjava.core.exec.InspectContainerCmdExec - GET: DefaultWebTarget{path=[/containers/cd5ecdf38df06b4092e6cf67100cd20ad9c3cb4b6e9303874a7bd89885b140c9/json], queryParams={}}
01:14:44.189 [Test worker] DEBUG com.github.dockerjava.zerodep.shaded.org.apache.hc.client5.http.impl.classic.InternalHttpClient - ex-00000010: preparing request execution
01:14:44.189 [Test worker] DEBUG com.github.dockerjava.zerodep.shaded.org.apache.hc.client5.http.protocol.RequestAddCookies - Cookie spec selected: strict
01:14:44.189 [Test worker] DEBUG com.github.dockerjava.zerodep.shaded.org.apache.hc.client5.http.protocol.RequestAuthCache - Auth cache not set in the context
01:14:44.189 [Test worker] DEBUG com.github.dockerjava.zerodep.shaded.org.apache.hc.client5.http.impl.classic.ProtocolExec - ex-00000010: target auth state: UNCHALLENGED
01:14:44.189 [Test worker] DEBUG com.github.dockerjava.zerodep.shaded.org.apache.hc.client5.http.impl.classic.ProtocolExec - ex-00000010: proxy auth state: UNCHALLENGED
01:14:44.189 [Test worker] DEBUG com.github.dockerjava.zerodep.shaded.org.apache.hc.client5.http.impl.classic.ConnectExec - ex-00000010: acquiring connection with route {}->unix://localhost:2375
01:14:44.189 [Test worker] DEBUG com.github.dockerjava.zerodep.shaded.org.apache.hc.client5.http.impl.classic.InternalHttpClient - ex-00000010: acquiring endpoint (3 MINUTES)
01:14:44.189 [Test worker] DEBUG com.github.dockerjava.zerodep.shaded.org.apache.hc.client5.http.impl.io.PoolingHttpClientConnectionManager - ex-00000010: endpoint lease request (3 MINUTES) [route: {}->unix://localhost:2375][total available: 1; route allocated: 1 of 2147483647; total allocated: 1 of 2147483647]
01:14:44.189 [Test worker] DEBUG com.github.dockerjava.zerodep.shaded.org.apache.hc.client5.http.impl.io.PoolingHttpClientConnectionManager - ex-00000010: endpoint leased [route: {}->unix://localhost:2375][total available: 0; route allocated: 1 of 2147483647; total allocated: 1 of 2147483647]
01:14:44.189 [Test worker] DEBUG com.github.dockerjava.zerodep.shaded.org.apache.hc.client5.http.impl.io.PoolingHttpClientConnectionManager - ex-00000010: acquired ep-0000000F
01:14:44.189 [Test worker] DEBUG com.github.dockerjava.zerodep.shaded.org.apache.hc.client5.http.impl.classic.InternalHttpClient - ex-00000010: acquired endpoint ep-0000000F
01:14:44.189 [Test worker] DEBUG com.github.dockerjava.zerodep.shaded.org.apache.hc.client5.http.impl.classic.MainClientExec - ex-00000010: executing GET /v1.32/containers/cd5ecdf38df06b4092e6cf67100cd20ad9c3cb4b6e9303874a7bd89885b140c9/json HTTP/1.1
01:14:44.189 [Test worker] DEBUG com.github.dockerjava.zerodep.shaded.org.apache.hc.client5.http.impl.classic.InternalHttpClient - ep-0000000F: start execution ex-00000010
01:14:44.189 [Test worker] DEBUG com.github.dockerjava.zerodep.shaded.org.apache.hc.client5.http.impl.io.PoolingHttpClientConnectionManager - ep-0000000F: executing exchange ex-00000010 over http-outgoing-2
01:14:44.190 [Test worker] DEBUG com.github.dockerjava.zerodep.shaded.org.apache.hc.client5.http.headers - http-outgoing-2 >> GET /v1.32/containers/cd5ecdf38df06b4092e6cf67100cd20ad9c3cb4b6e9303874a7bd89885b140c9/json HTTP/1.1
01:14:44.190 [Test worker] DEBUG com.github.dockerjava.zerodep.shaded.org.apache.hc.client5.http.headers - http-outgoing-2 >> accept: application/json
01:14:44.190 [Test worker] DEBUG com.github.dockerjava.zerodep.shaded.org.apache.hc.client5.http.headers - http-outgoing-2 >> x-tc-sid: 71b9672a-6f61-4546-a7b6-d603100b2e56
01:14:44.190 [Test worker] DEBUG com.github.dockerjava.zerodep.shaded.org.apache.hc.client5.http.headers - http-outgoing-2 >> Accept-Encoding: gzip, x-gzip, deflate
01:14:44.190 [Test worker] DEBUG com.github.dockerjava.zerodep.shaded.org.apache.hc.client5.http.headers - http-outgoing-2 >> Host: localhost:2375
01:14:44.190 [Test worker] DEBUG com.github.dockerjava.zerodep.shaded.org.apache.hc.client5.http.headers - http-outgoing-2 >> Connection: keep-alive
01:14:44.190 [Test worker] DEBUG com.github.dockerjava.zerodep.shaded.org.apache.hc.client5.http.headers - http-outgoing-2 >> User-Agent: Apache-HttpClient/5.0.3 (Java/17.0.2)
01:14:44.190 [Test worker] DEBUG com.github.dockerjava.zerodep.shaded.org.apache.hc.client5.http.wire - http-outgoing-2 >> "GET /v1.32/containers/cd5ecdf38df06b4092e6cf67100cd20ad9c3cb4b6e9303874a7bd89885b140c9/json HTTP/1.1[\r][\n]"
01:14:44.190 [Test worker] DEBUG com.github.dockerjava.zerodep.shaded.org.apache.hc.client5.http.wire - http-outgoing-2 >> "accept: application/json[\r][\n]"
01:14:44.190 [Test worker] DEBUG com.github.dockerjava.zerodep.shaded.org.apache.hc.client5.http.wire - http-outgoing-2 >> "x-tc-sid: 71b9672a-6f61-4546-a7b6-d603100b2e56[\r][\n]"
01:14:44.190 [Test worker] DEBUG com.github.dockerjava.zerodep.shaded.org.apache.hc.client5.http.wire - http-outgoing-2 >> "Accept-Encoding: gzip, x-gzip, deflate[\r][\n]"
01:14:44.190 [Test worker] DEBUG com.github.dockerjava.zerodep.shaded.org.apache.hc.client5.http.wire - http-outgoing-2 >> "Host: localhost:2375[\r][\n]"
01:14:44.190 [Test worker] DEBUG com.github.dockerjava.zerodep.shaded.org.apache.hc.client5.http.wire - http-outgoing-2 >> "Connection: keep-alive[\r][\n]"
01:14:44.190 [Test worker] DEBUG com.github.dockerjava.zerodep.shaded.org.apache.hc.client5.http.wire - http-outgoing-2 >> "User-Agent: Apache-HttpClient/5.0.3 (Java/17.0.2)[\r][\n]"
01:14:44.190 [Test worker] DEBUG com.github.dockerjava.zerodep.shaded.org.apache.hc.client5.http.wire - http-outgoing-2 >> "[\r][\n]"
01:14:44.192 [Test worker] DEBUG com.github.dockerjava.zerodep.shaded.org.apache.hc.client5.http.wire - http-outgoing-2 << "HTTP/1.1 200 OK[\r][\n]"
01:14:44.192 [Test worker] DEBUG com.github.dockerjava.zerodep.shaded.org.apache.hc.client5.http.wire - http-outgoing-2 << "Api-Version: 1.41[\r][\n]"
01:14:44.192 [Test worker] DEBUG com.github.dockerjava.zerodep.shaded.org.apache.hc.client5.http.wire - http-outgoing-2 << "Content-Type: application/json[\r][\n]"
01:14:44.192 [Test worker] DEBUG com.github.dockerjava.zerodep.shaded.org.apache.hc.client5.http.wire - http-outgoing-2 << "Date: Tue, 28 Mar 2023 04:14:44 GMT[\r][\n]"
01:14:44.192 [Test worker] DEBUG com.github.dockerjava.zerodep.shaded.org.apache.hc.client5.http.wire - http-outgoing-2 << "Docker-Experimental: false[\r][\n]"
01:14:44.192 [Test worker] DEBUG com.github.dockerjava.zerodep.shaded.org.apache.hc.client5.http.wire - http-outgoing-2 << "Ostype: linux[\r][\n]"
01:14:44.192 [Test worker] DEBUG com.github.dockerjava.zerodep.shaded.org.apache.hc.client5.http.wire - http-outgoing-2 << "Server: Docker/20.10.21 (linux)[\r][\n]"
01:14:44.192 [Test worker] DEBUG com.github.dockerjava.zerodep.shaded.org.apache.hc.client5.http.wire - http-outgoing-2 << "Transfer-Encoding: chunked[\r][\n]"
01:14:44.192 [Test worker] DEBUG com.github.dockerjava.zerodep.shaded.org.apache.hc.client5.http.wire - http-outgoing-2 << "[\r][\n]"
01:14:44.192 [Test worker] DEBUG com.github.dockerjava.zerodep.shaded.org.apache.hc.client5.http.headers - http-outgoing-2 << HTTP/1.1 200 OK
01:14:44.192 [Test worker] DEBUG com.github.dockerjava.zerodep.shaded.org.apache.hc.client5.http.headers - http-outgoing-2 << Api-Version: 1.41
01:14:44.192 [Test worker] DEBUG com.github.dockerjava.zerodep.shaded.org.apache.hc.client5.http.headers - http-outgoing-2 << Content-Type: application/json
01:14:44.192 [Test worker] DEBUG com.github.dockerjava.zerodep.shaded.org.apache.hc.client5.http.headers - http-outgoing-2 << Date: Tue, 28 Mar 2023 04:14:44 GMT
01:14:44.192 [Test worker] DEBUG com.github.dockerjava.zerodep.shaded.org.apache.hc.client5.http.headers - http-outgoing-2 << Docker-Experimental: false
01:14:44.192 [Test worker] DEBUG com.github.dockerjava.zerodep.shaded.org.apache.hc.client5.http.headers - http-outgoing-2 << Ostype: linux
01:14:44.192 [Test worker] DEBUG com.github.dockerjava.zerodep.shaded.org.apache.hc.client5.http.headers - http-outgoing-2 << Server: Docker/20.10.21 (linux)
01:14:44.192 [Test worker] DEBUG com.github.dockerjava.zerodep.shaded.org.apache.hc.client5.http.headers - http-outgoing-2 << Transfer-Encoding: chunked
01:14:44.193 [Test worker] DEBUG com.github.dockerjava.zerodep.shaded.org.apache.hc.client5.http.impl.classic.MainClientExec - ex-00000010: connection can be kept alive for 3 MINUTES
01:14:44.193 [Test worker] DEBUG com.github.dockerjava.zerodep.shaded.org.apache.hc.client5.http.wire - http-outgoing-2 << "18c1[\r][\n]"
01:14:44.193 [Test worker] DEBUG com.github.dockerjava.zerodep.shaded.org.apache.hc.client5.http.wire - http-outgoing-2 << "{"Id":"cd5ecdf38df06b4092e6cf67100cd20ad9c3cb4b6e9303874a7bd89885b140c9","Created":"2023-03-28T04:14:43.179040379Z","Path":"docker-entrypoint.sh","Args":["mysqld"],"State":{"Status":"running","Running":true,"Paused":false,"Restarting":false,"OOMKilled":false,"Dead":false,"Pid":20152,"ExitCode":0,"Error":"","StartedAt":"2023-03-28T04:14:43.680338005Z","FinishedAt":"0001-01-01T00:00:00Z"},"Image":"sha256:c7c54c29e20dccc1aefb936c8eba8bb8b98b87a4921102aba87fde2df5810af9","ResolvConfPath":"/var/lib/docker/containers/cd5ecdf38df06b4092e6cf67100cd20ad9c3cb4b6e9303874a7bd89885b140c9/resolv.conf","HostnamePath":"/var/lib/docker/containers/cd5ecdf38df06b4092e6cf67100cd20ad9c3cb4b6e9303874a7bd89885b140c9/hostname","HostsPath":"/var/lib/docker/containers/cd5ecdf38df06b4092e6cf67100cd20ad9c3cb4b6e9303874a7bd89885b140c9/hosts","LogPath":"/var/lib/docker/containers/cd5ecdf38df06b4092e6cf67100cd20ad9c3cb4b6e9303874a7bd89885b140c9/cd5ecdf38df06b4092e6cf67100cd20ad9c3cb4b6e9303874a7bd89885b140c9-json.log","Name":"/keen_matsumoto","RestartCount":0,"Driver":"overlay2","Platform":"linux","MountLabel":"","ProcessLabel":"","AppArmorProfile":"","ExecIDs":null,"HostConfig":{"Binds":[],"ContainerIDFile":"","LogConfig":{"Type":"json-file","Config":{}},"NetworkMode":"default","PortBindings":{"3306/tcp":[{"HostIp":"0.0.0.0","HostPort":"0"}]},"RestartPolicy":{"Name":"","MaximumRetryCount":0},"AutoRemove":false,"VolumeDriver":"","VolumesFrom":[],"CapAdd":null,"CapDrop":null,"CgroupnsMode":"private","Dns":null,"DnsOptions":null,"DnsSearch":null,"ExtraHosts":[],"GroupAdd":null,"IpcMode":"shareable","Cgroup":"","Links":null,"OomScoreAdj":0,"PidMode":"","Privileged":false,"PublishAllPorts":false,"ReadonlyRootfs":false,"SecurityOpt":null,"UTSMode":"","UsernsMode":"","ShmSize":67108864,"Runtime":"runc","ConsoleSize":[0,0],"Isolation":"","CpuShares":0,"Memory":0,"NanoCpus":0,"CgroupParent":"","BlkioWeight":0,"BlkioWeightDevice":null,"BlkioDeviceReadBps":null,"BlkioDeviceWriteBps":null,"BlkioDeviceReadIOps":null,"BlkioDeviceWriteIOps":null,"CpuPeriod":0,"CpuQuota":0,"CpuRealtimePeriod":0,"CpuRealtimeRuntime":0,"CpusetCpus":"","CpusetMems":"","Devices":null,"DeviceCgroupRules":null,"DeviceRequests":null,"KernelMemory":0,"KernelMemoryTCP":0,"MemoryReservation":0,"MemorySwap":0,"MemorySwappiness":null,"OomKillDisable":null,"PidsLimit":null,"Ulimits":null,"CpuCount":0,"CpuPercent":0,"IOMaximumIOps":0,"IOMaximumBandwidth":0,"MaskedPaths":["/proc/asound","/proc/acpi","/proc/kcore","/proc/keys","/proc/latency_stats","/proc/timer_list","/proc/timer_stats","/proc/sched_debug","/proc/scsi","/sys/firmware"],"ReadonlyPaths":["/proc/bus","/proc/fs","/proc/irq","/proc/sys","/proc/sysrq-trigger"]},"GraphDriver":{"Data":{"LowerDir":"/var/lib/docker/overlay2/830e690ec83ecff869b59e4f673c0c63b2bc5c068e9f710933e6f61763699fd2-init/diff:/var/lib/docker/overlay2/1bd8849d7a296305617011f940aa5cfabbe972a513397b1b6bbc27639b6c1f30/diff:/var/lib/docker/overlay2/199d69b2fbf78af4d4c95dec4fd2f8835ab0347eb49fb20ebb2ff3b99fedd6ad/diff:/var/lib/docker/overlay2/d83c38d654989311f75b9491329846033bfb7714de76ef635380dcfad5c740d9/diff:/var/lib/docker/overlay2/08600d0aea2ab2728bebcf5d2589c640a842f53d1ba3c4a4adccb4d03b923cf6/diff:/var/lib/docker/overlay2/9ec7c63a3fb14d13ac788bbf5e282ca821edc41260b79944e5e631037d13ecda/diff:/var/lib/docker/overlay2/db601d7a1b4ea6da638db620462f0da96fa55c559d02269c9ddb09027936ed87/diff:/var/lib/docker/overlay2/a6d2bd03f942e2565f21e74cfe152c7ec836a1c2b583f0790c685b92bdcfda24/diff:/var/lib/docker/overlay2/9badd16ea2c5e2bf1fde8b579683e41137dfc46ed5449234149f199a6751cc84/diff:/var/lib/docker/overlay2/6efb85646ed12e2d1181ef4cc6f6f6732c00c15a4035fe17ebc4f075ca573c30/diff:/var/lib/docker/overlay2/895d7c0ec09144d6ed33936f4e98e11c18010f7abd708cae1ce43aec7a7f2621/diff:/var/lib/docker/overlay2/1c4ba77aa573ab6e5e5069fd15eae71b3da940bde0f97a922a227ffc8a1d1096/diff","MergedDir":"/var/lib/docker/overlay2/830e690ec83ecff869b59e4f673c0c63b2bc5c068e9f710933e6f61763699fd2/merged","UpperDir":"/var/lib/docker/overlay2/830e690ec83ecff869b59e4f673c0c63b2bc5c068e9f710933e6f61763699fd2/diff","WorkDir":"/var/lib/docker/overlay2/830e690ec83ecff869b59e4f673c0c63b2bc5c068e9f710933e6f61763699fd2/work"},"Name":"overlay2"},"Mounts":[{"Type":"volume","Name":"25868b8cea8ad6eba7f00a6fe83e8848def5cff8aab5c5943024031400fa063d","Source":"/var/lib/docker/volumes/25868b8cea8ad6eba7f00a6fe83e8848def5cff8aab5c5943024031400fa063d/_data","Destination":"/var/lib/mysql","Driver":"local","Mode":"","RW":true,"Propagation":""}],"Config":{"Hostname":"cd5ecdf38df0","Domainname":"","User":"","AttachStdin":false,"AttachStdout":false,"AttachStderr":false,"ExposedPorts":{"3306/tcp":{},"33060/tcp":{}},"Tty":false,"OpenStdin":false,"StdinOnce":false,"Env":["MYSQL_DATABASE=adm_videos","MYSQL_PASSWORD=123456","MYSQL_ROOT_PASSWORD=123456","PATH=/usr/local/sbin:/usr/local/bin:/usr/sbin:/usr/bin:/sbin:/bin","GOSU_VERSION=1.16","MYSQL_MAJOR=8.0","MYSQL_VERSION=8.0.32-1.el8","MYSQL_SHELL_VERSION=8.0.32-1.el8"],"Cmd":["mysqld"],"Image":"mysql:latest","Volumes":{"/var/lib/mysql":{}},"WorkingDir":"","Entrypoint":["docker-entrypoint.sh"],"OnBuild":null,"Labels":{"org.testcontainers":"true","org.testcontainers.lang":"java","org.testcontainers.sessionId":"71b9672a-6f61-4546-a7b6-d603100b2e56","org.testcontainers.version":"1.17.6"}},"NetworkSettings":{"Bridge":"","SandboxID":"56762d63452c709eadac6b5c5f4b6cdd30da833580c632f91fd658806eaf4ddb","HairpinMode":false,"LinkLocalIPv6Address":"","LinkLocalIPv6PrefixLen":0,"Ports":{"3306/tcp":[{"HostIp":"0.0.0.0","HostPort":"63819"}],"33060/tcp":null},"SandboxKey":"/var/run/docker/netns/56762d63452c","SecondaryIPAddresses":null,"SecondaryIPv6Addresses":null,"EndpointID":"92fc2600684327987bceb8e2716a72ba2420fccd56812c1491af8c03946e105c","Gateway":"172.17.0.1","GlobalIPv6Address":"","GlobalIPv6PrefixLen":0,"IPAddress":"172.17.0.3","IPPrefixLen":16,"IPv6Gateway":"","MacAddress":"02:42:ac:11:00:03","Networks":{"bridge":{"IPAMConfig":null,"Links":null,"Aliases":null,"NetworkID":"308e234c143065751b16b4500cb9f48d5c7fc2116504b3d816a5e51cd4771062","EndpointID":"92fc2600684327987bceb8e2716a72ba2420fccd56812c1491af8c03946e105c","Gateway":"172.17.0.1","IPAddress":"172.17.0.3","IPPrefixLen":16,"IPv6Gateway":"","GlobalIPv6Address":"","GlobalIPv6PrefixLen":0,"MacAddress":"02:42:ac:11:00:03","DriverOpts":null}}}}[\n]"
01:14:44.193 [Test worker] DEBUG com.github.dockerjava.zerodep.shaded.org.apache.hc.client5.http.wire - http-outgoing-2 << "[\r][\n]"
01:14:44.194 [Test worker] DEBUG com.github.dockerjava.zerodep.shaded.org.apache.hc.client5.http.wire - http-outgoing-2 << "0[\r][\n]"
01:14:44.194 [Test worker] DEBUG com.github.dockerjava.zerodep.shaded.org.apache.hc.client5.http.wire - http-outgoing-2 << "[\r][\n]"
01:14:44.195 [Test worker] DEBUG com.github.dockerjava.zerodep.shaded.org.apache.hc.client5.http.impl.classic.InternalHttpClient - ep-0000000F: releasing valid endpoint
01:14:44.195 [Test worker] DEBUG com.github.dockerjava.zerodep.shaded.org.apache.hc.client5.http.impl.io.PoolingHttpClientConnectionManager - ep-0000000F: releasing endpoint
01:14:44.195 [Test worker] DEBUG com.github.dockerjava.zerodep.shaded.org.apache.hc.client5.http.impl.io.PoolingHttpClientConnectionManager - ep-0000000F: connection http-outgoing-2 can be kept alive for 3 MINUTES
01:14:44.195 [Test worker] DEBUG com.github.dockerjava.zerodep.shaded.org.apache.hc.client5.http.impl.io.PoolingHttpClientConnectionManager - ep-0000000F: connection released [route: {}->unix://localhost:2375][total available: 1; route allocated: 1 of 2147483647; total allocated: 1 of 2147483647]
01:14:44.195 [Test worker] DEBUG ]]>&#x1f433;<![CDATA[ [mysql:latest] - Trying to create JDBC connection using com.mysql.cj.jdbc.Driver to jdbc:mysql://localhost:63819/adm_videos?useSSL=false&allowPublicKeyRetrieval=true with properties: {password=123456, user=root}
01:14:44.300 [Test worker] DEBUG org.testcontainers.shaded.com.github.dockerjava.core.command.AbstrDockerCmd - Cmd: cd5ecdf38df06b4092e6cf67100cd20ad9c3cb4b6e9303874a7bd89885b140c9,false
01:14:44.300 [Test worker] DEBUG org.testcontainers.shaded.com.github.dockerjava.core.exec.InspectContainerCmdExec - GET: DefaultWebTarget{path=[/containers/cd5ecdf38df06b4092e6cf67100cd20ad9c3cb4b6e9303874a7bd89885b140c9/json], queryParams={}}
01:14:44.301 [Test worker] DEBUG com.github.dockerjava.zerodep.shaded.org.apache.hc.client5.http.impl.classic.InternalHttpClient - ex-00000011: preparing request execution
01:14:44.301 [Test worker] DEBUG com.github.dockerjava.zerodep.shaded.org.apache.hc.client5.http.protocol.RequestAddCookies - Cookie spec selected: strict
01:14:44.301 [Test worker] DEBUG com.github.dockerjava.zerodep.shaded.org.apache.hc.client5.http.protocol.RequestAuthCache - Auth cache not set in the context
01:14:44.301 [Test worker] DEBUG com.github.dockerjava.zerodep.shaded.org.apache.hc.client5.http.impl.classic.ProtocolExec - ex-00000011: target auth state: UNCHALLENGED
01:14:44.301 [Test worker] DEBUG com.github.dockerjava.zerodep.shaded.org.apache.hc.client5.http.impl.classic.ProtocolExec - ex-00000011: proxy auth state: UNCHALLENGED
01:14:44.301 [Test worker] DEBUG com.github.dockerjava.zerodep.shaded.org.apache.hc.client5.http.impl.classic.ConnectExec - ex-00000011: acquiring connection with route {}->unix://localhost:2375
01:14:44.301 [Test worker] DEBUG com.github.dockerjava.zerodep.shaded.org.apache.hc.client5.http.impl.classic.InternalHttpClient - ex-00000011: acquiring endpoint (3 MINUTES)
01:14:44.301 [Test worker] DEBUG com.github.dockerjava.zerodep.shaded.org.apache.hc.client5.http.impl.io.PoolingHttpClientConnectionManager - ex-00000011: endpoint lease request (3 MINUTES) [route: {}->unix://localhost:2375][total available: 1; route allocated: 1 of 2147483647; total allocated: 1 of 2147483647]
01:14:44.302 [Test worker] DEBUG com.github.dockerjava.zerodep.shaded.org.apache.hc.client5.http.impl.io.PoolingHttpClientConnectionManager - ex-00000011: endpoint leased [route: {}->unix://localhost:2375][total available: 0; route allocated: 1 of 2147483647; total allocated: 1 of 2147483647]
01:14:44.302 [Test worker] DEBUG com.github.dockerjava.zerodep.shaded.org.apache.hc.client5.http.impl.io.PoolingHttpClientConnectionManager - ex-00000011: acquired ep-00000010
01:14:44.302 [Test worker] DEBUG com.github.dockerjava.zerodep.shaded.org.apache.hc.client5.http.impl.classic.InternalHttpClient - ex-00000011: acquired endpoint ep-00000010
01:14:44.302 [Test worker] DEBUG com.github.dockerjava.zerodep.shaded.org.apache.hc.client5.http.impl.classic.MainClientExec - ex-00000011: executing GET /v1.32/containers/cd5ecdf38df06b4092e6cf67100cd20ad9c3cb4b6e9303874a7bd89885b140c9/json HTTP/1.1
01:14:44.302 [Test worker] DEBUG com.github.dockerjava.zerodep.shaded.org.apache.hc.client5.http.impl.classic.InternalHttpClient - ep-00000010: start execution ex-00000011
01:14:44.302 [Test worker] DEBUG com.github.dockerjava.zerodep.shaded.org.apache.hc.client5.http.impl.io.PoolingHttpClientConnectionManager - ep-00000010: executing exchange ex-00000011 over http-outgoing-2
01:14:44.302 [Test worker] DEBUG com.github.dockerjava.zerodep.shaded.org.apache.hc.client5.http.headers - http-outgoing-2 >> GET /v1.32/containers/cd5ecdf38df06b4092e6cf67100cd20ad9c3cb4b6e9303874a7bd89885b140c9/json HTTP/1.1
01:14:44.302 [Test worker] DEBUG com.github.dockerjava.zerodep.shaded.org.apache.hc.client5.http.headers - http-outgoing-2 >> accept: application/json
01:14:44.302 [Test worker] DEBUG com.github.dockerjava.zerodep.shaded.org.apache.hc.client5.http.headers - http-outgoing-2 >> x-tc-sid: 71b9672a-6f61-4546-a7b6-d603100b2e56
01:14:44.302 [Test worker] DEBUG com.github.dockerjava.zerodep.shaded.org.apache.hc.client5.http.headers - http-outgoing-2 >> Accept-Encoding: gzip, x-gzip, deflate
01:14:44.302 [Test worker] DEBUG com.github.dockerjava.zerodep.shaded.org.apache.hc.client5.http.headers - http-outgoing-2 >> Host: localhost:2375
01:14:44.302 [Test worker] DEBUG com.github.dockerjava.zerodep.shaded.org.apache.hc.client5.http.headers - http-outgoing-2 >> Connection: keep-alive
01:14:44.302 [Test worker] DEBUG com.github.dockerjava.zerodep.shaded.org.apache.hc.client5.http.headers - http-outgoing-2 >> User-Agent: Apache-HttpClient/5.0.3 (Java/17.0.2)
01:14:44.302 [Test worker] DEBUG com.github.dockerjava.zerodep.shaded.org.apache.hc.client5.http.wire - http-outgoing-2 >> "GET /v1.32/containers/cd5ecdf38df06b4092e6cf67100cd20ad9c3cb4b6e9303874a7bd89885b140c9/json HTTP/1.1[\r][\n]"
01:14:44.302 [Test worker] DEBUG com.github.dockerjava.zerodep.shaded.org.apache.hc.client5.http.wire - http-outgoing-2 >> "accept: application/json[\r][\n]"
01:14:44.302 [Test worker] DEBUG com.github.dockerjava.zerodep.shaded.org.apache.hc.client5.http.wire - http-outgoing-2 >> "x-tc-sid: 71b9672a-6f61-4546-a7b6-d603100b2e56[\r][\n]"
01:14:44.302 [Test worker] DEBUG com.github.dockerjava.zerodep.shaded.org.apache.hc.client5.http.wire - http-outgoing-2 >> "Accept-Encoding: gzip, x-gzip, deflate[\r][\n]"
01:14:44.302 [Test worker] DEBUG com.github.dockerjava.zerodep.shaded.org.apache.hc.client5.http.wire - http-outgoing-2 >> "Host: localhost:2375[\r][\n]"
01:14:44.302 [Test worker] DEBUG com.github.dockerjava.zerodep.shaded.org.apache.hc.client5.http.wire - http-outgoing-2 >> "Connection: keep-alive[\r][\n]"
01:14:44.302 [Test worker] DEBUG com.github.dockerjava.zerodep.shaded.org.apache.hc.client5.http.wire - http-outgoing-2 >> "User-Agent: Apache-HttpClient/5.0.3 (Java/17.0.2)[\r][\n]"
01:14:44.302 [Test worker] DEBUG com.github.dockerjava.zerodep.shaded.org.apache.hc.client5.http.wire - http-outgoing-2 >> "[\r][\n]"
01:14:44.304 [Test worker] DEBUG com.github.dockerjava.zerodep.shaded.org.apache.hc.client5.http.wire - http-outgoing-2 << "HTTP/1.1 200 OK[\r][\n]"
01:14:44.304 [Test worker] DEBUG com.github.dockerjava.zerodep.shaded.org.apache.hc.client5.http.wire - http-outgoing-2 << "Api-Version: 1.41[\r][\n]"
01:14:44.304 [Test worker] DEBUG com.github.dockerjava.zerodep.shaded.org.apache.hc.client5.http.wire - http-outgoing-2 << "Content-Type: application/json[\r][\n]"
01:14:44.304 [Test worker] DEBUG com.github.dockerjava.zerodep.shaded.org.apache.hc.client5.http.wire - http-outgoing-2 << "Date: Tue, 28 Mar 2023 04:14:44 GMT[\r][\n]"
01:14:44.304 [Test worker] DEBUG com.github.dockerjava.zerodep.shaded.org.apache.hc.client5.http.wire - http-outgoing-2 << "Docker-Experimental: false[\r][\n]"
01:14:44.304 [Test worker] DEBUG com.github.dockerjava.zerodep.shaded.org.apache.hc.client5.http.wire - http-outgoing-2 << "Ostype: linux[\r][\n]"
01:14:44.304 [Test worker] DEBUG com.github.dockerjava.zerodep.shaded.org.apache.hc.client5.http.wire - http-outgoing-2 << "Server: Docker/20.10.21 (linux)[\r][\n]"
01:14:44.304 [Test worker] DEBUG com.github.dockerjava.zerodep.shaded.org.apache.hc.client5.http.wire - http-outgoing-2 << "Transfer-Encoding: chunked[\r][\n]"
01:14:44.304 [Test worker] DEBUG com.github.dockerjava.zerodep.shaded.org.apache.hc.client5.http.wire - http-outgoing-2 << "[\r][\n]"
01:14:44.304 [Test worker] DEBUG com.github.dockerjava.zerodep.shaded.org.apache.hc.client5.http.headers - http-outgoing-2 << HTTP/1.1 200 OK
01:14:44.305 [Test worker] DEBUG com.github.dockerjava.zerodep.shaded.org.apache.hc.client5.http.headers - http-outgoing-2 << Api-Version: 1.41
01:14:44.305 [Test worker] DEBUG com.github.dockerjava.zerodep.shaded.org.apache.hc.client5.http.headers - http-outgoing-2 << Content-Type: application/json
01:14:44.305 [Test worker] DEBUG com.github.dockerjava.zerodep.shaded.org.apache.hc.client5.http.headers - http-outgoing-2 << Date: Tue, 28 Mar 2023 04:14:44 GMT
01:14:44.305 [Test worker] DEBUG com.github.dockerjava.zerodep.shaded.org.apache.hc.client5.http.headers - http-outgoing-2 << Docker-Experimental: false
01:14:44.305 [Test worker] DEBUG com.github.dockerjava.zerodep.shaded.org.apache.hc.client5.http.headers - http-outgoing-2 << Ostype: linux
01:14:44.305 [Test worker] DEBUG com.github.dockerjava.zerodep.shaded.org.apache.hc.client5.http.headers - http-outgoing-2 << Server: Docker/20.10.21 (linux)
01:14:44.305 [Test worker] DEBUG com.github.dockerjava.zerodep.shaded.org.apache.hc.client5.http.headers - http-outgoing-2 << Transfer-Encoding: chunked
01:14:44.305 [Test worker] DEBUG com.github.dockerjava.zerodep.shaded.org.apache.hc.client5.http.impl.classic.MainClientExec - ex-00000011: connection can be kept alive for 3 MINUTES
01:14:44.306 [Test worker] DEBUG com.github.dockerjava.zerodep.shaded.org.apache.hc.client5.http.wire - http-outgoing-2 << "18c1[\r][\n]"
01:14:44.307 [Test worker] DEBUG com.github.dockerjava.zerodep.shaded.org.apache.hc.client5.http.wire - http-outgoing-2 << "{"Id":"cd5ecdf38df06b4092e6cf67100cd20ad9c3cb4b6e9303874a7bd89885b140c9","Created":"2023-03-28T04:14:43.179040379Z","Path":"docker-entrypoint.sh","Args":["mysqld"],"State":{"Status":"running","Running":true,"Paused":false,"Restarting":false,"OOMKilled":false,"Dead":false,"Pid":20152,"ExitCode":0,"Error":"","StartedAt":"2023-03-28T04:14:43.680338005Z","FinishedAt":"0001-01-01T00:00:00Z"},"Image":"sha256:c7c54c29e20dccc1aefb936c8eba8bb8b98b87a4921102aba87fde2df5810af9","ResolvConfPath":"/var/lib/docker/containers/cd5ecdf38df06b4092e6cf67100cd20ad9c3cb4b6e9303874a7bd89885b140c9/resolv.conf","HostnamePath":"/var/lib/docker/containers/cd5ecdf38df06b4092e6cf67100cd20ad9c3cb4b6e9303874a7bd89885b140c9/hostname","HostsPath":"/var/lib/docker/containers/cd5ecdf38df06b4092e6cf67100cd20ad9c3cb4b6e9303874a7bd89885b140c9/hosts","LogPath":"/var/lib/docker/containers/cd5ecdf38df06b4092e6cf67100cd20ad9c3cb4b6e9303874a7bd89885b140c9/cd5ecdf38df06b4092e6cf67100cd20ad9c3cb4b6e9303874a7bd89885b140c9-json.log","Name":"/keen_matsumoto","RestartCount":0,"Driver":"overlay2","Platform":"linux","MountLabel":"","ProcessLabel":"","AppArmorProfile":"","ExecIDs":null,"HostConfig":{"Binds":[],"ContainerIDFile":"","LogConfig":{"Type":"json-file","Config":{}},"NetworkMode":"default","PortBindings":{"3306/tcp":[{"HostIp":"0.0.0.0","HostPort":"0"}]},"RestartPolicy":{"Name":"","MaximumRetryCount":0},"AutoRemove":false,"VolumeDriver":"","VolumesFrom":[],"CapAdd":null,"CapDrop":null,"CgroupnsMode":"private","Dns":null,"DnsOptions":null,"DnsSearch":null,"ExtraHosts":[],"GroupAdd":null,"IpcMode":"shareable","Cgroup":"","Links":null,"OomScoreAdj":0,"PidMode":"","Privileged":false,"PublishAllPorts":false,"ReadonlyRootfs":false,"SecurityOpt":null,"UTSMode":"","UsernsMode":"","ShmSize":67108864,"Runtime":"runc","ConsoleSize":[0,0],"Isolation":"","CpuShares":0,"Memory":0,"NanoCpus":0,"CgroupParent":"","BlkioWeight":0,"BlkioWeightDevice":null,"BlkioDeviceReadBps":null,"BlkioDeviceWriteBps":null,"BlkioDeviceReadIOps":null,"BlkioDeviceWriteIOps":null,"CpuPeriod":0,"CpuQuota":0,"CpuRealtimePeriod":0,"CpuRealtimeRuntime":0,"CpusetCpus":"","CpusetMems":"","Devices":null,"DeviceCgroupRules":null,"DeviceRequests":null,"KernelMemory":0,"KernelMemoryTCP":0,"MemoryReservation":0,"MemorySwap":0,"MemorySwappiness":null,"OomKillDisable":null,"PidsLimit":null,"Ulimits":null,"CpuCount":0,"CpuPercent":0,"IOMaximumIOps":0,"IOMaximumBandwidth":0,"MaskedPaths":["/proc/asound","/proc/acpi","/proc/kcore","/proc/keys","/proc/latency_stats","/proc/timer_list","/proc/timer_stats","/proc/sched_debug","/proc/scsi","/sys/firmware"],"ReadonlyPaths":["/proc/bus","/proc/fs","/proc/irq","/proc/sys","/proc/sysrq-trigger"]},"GraphDriver":{"Data":{"LowerDir":"/var/lib/docker/overlay2/830e690ec83ecff869b59e4f673c0c63b2bc5c068e9f710933e6f61763699fd2-init/diff:/var/lib/docker/overlay2/1bd8849d7a296305617011f940aa5cfabbe972a513397b1b6bbc27639b6c1f30/diff:/var/lib/docker/overlay2/199d69b2fbf78af4d4c95dec4fd2f8835ab0347eb49fb20ebb2ff3b99fedd6ad/diff:/var/lib/docker/overlay2/d83c38d654989311f75b9491329846033bfb7714de76ef635380dcfad5c740d9/diff:/var/lib/docker/overlay2/08600d0aea2ab2728bebcf5d2589c640a842f53d1ba3c4a4adccb4d03b923cf6/diff:/var/lib/docker/overlay2/9ec7c63a3fb14d13ac788bbf5e282ca821edc41260b79944e5e631037d13ecda/diff:/var/lib/docker/overlay2/db601d7a1b4ea6da638db620462f0da96fa55c559d02269c9ddb09027936ed87/diff:/var/lib/docker/overlay2/a6d2bd03f942e2565f21e74cfe152c7ec836a1c2b583f0790c685b92bdcfda24/diff:/var/lib/docker/overlay2/9badd16ea2c5e2bf1fde8b579683e41137dfc46ed5449234149f199a6751cc84/diff:/var/lib/docker/overlay2/6efb85646ed12e2d1181ef4cc6f6f6732c00c15a4035fe17ebc4f075ca573c30/diff:/var/lib/docker/overlay2/895d7c0ec09144d6ed33936f4e98e11c18010f7abd708cae1ce43aec7a7f2621/diff:/var/lib/docker/overlay2/1c4ba77aa573ab6e5e5069fd15eae71b3da940bde0f97a922a227ffc8a1d1096/diff","MergedDir":"/var/lib/docker/overlay2/830e690ec83ecff869b59e4f673c0c63b2bc5c068e9f710933e6f61763699fd2/merged","UpperDir":"/var/lib/docker/overlay2/830e690ec83ecff869b59e4f673c0c63b2bc5c068e9f710933e6f61763699fd2/diff","WorkDir":"/var/lib/docker/overlay2/830e690ec83ecff869b59e4f673c0c63b2bc5c068e9f710933e6f61763699fd2/work"},"Name":"overlay2"},"Mounts":[{"Type":"volume","Name":"25868b8cea8ad6eba7f00a6fe83e8848def5cff8aab5c5943024031400fa063d","Source":"/var/lib/docker/volumes/25868b8cea8ad6eba7f00a6fe83e8848def5cff8aab5c5943024031400fa063d/_data","Destination":"/var/lib/mysql","Driver":"local","Mode":"","RW":true,"Propagation":""}],"Config":{"Hostname":"cd5ecdf38df0","Domainname":"","User":"","AttachStdin":false,"AttachStdout":false,"AttachStderr":false,"ExposedPorts":{"3306/tcp":{},"33060/tcp":{}},"Tty":false,"OpenStdin":false,"StdinOnce":false,"Env":["MYSQL_DATABASE=adm_videos","MYSQL_PASSWORD=123456","MYSQL_ROOT_PASSWORD=123456","PATH=/usr/local/sbin:/usr/local/bin:/usr/sbin:/usr/bin:/sbin:/bin","GOSU_VERSION=1.16","MYSQL_MAJOR=8.0","MYSQL_VERSION=8.0.32-1.el8","MYSQL_SHELL_VERSION=8.0.32-1.el8"],"Cmd":["mysqld"],"Image":"mysql:latest","Volumes":{"/var/lib/mysql":{}},"WorkingDir":"","Entrypoint":["docker-entrypoint.sh"],"OnBuild":null,"Labels":{"org.testcontainers":"true","org.testcontainers.lang":"java","org.testcontainers.sessionId":"71b9672a-6f61-4546-a7b6-d603100b2e56","org.testcontainers.version":"1.17.6"}},"NetworkSettings":{"Bridge":"","SandboxID":"56762d63452c709eadac6b5c5f4b6cdd30da833580c632f91fd658806eaf4ddb","HairpinMode":false,"LinkLocalIPv6Address":"","LinkLocalIPv6PrefixLen":0,"Ports":{"3306/tcp":[{"HostIp":"0.0.0.0","HostPort":"63819"}],"33060/tcp":null},"SandboxKey":"/var/run/docker/netns/56762d63452c","SecondaryIPAddresses":null,"SecondaryIPv6Addresses":null,"EndpointID":"92fc2600684327987bceb8e2716a72ba2420fccd56812c1491af8c03946e105c","Gateway":"172.17.0.1","GlobalIPv6Address":"","GlobalIPv6PrefixLen":0,"IPAddress":"172.17.0.3","IPPrefixLen":16,"IPv6Gateway":"","MacAddress":"02:42:ac:11:00:03","Networks":{"bridge":{"IPAMConfig":null,"Links":null,"Aliases":null,"NetworkID":"308e234c143065751b16b4500cb9f48d5c7fc2116504b3d816a5e51cd4771062","EndpointID":"92fc2600684327987bceb8e2716a72ba2420fccd56812c1491af8c03946e105c","Gateway":"172.17.0.1","IPAddress":"172.17.0.3","IPPrefixLen":16,"IPv6Gateway":"","GlobalIPv6Address":"","GlobalIPv6PrefixLen":0,"MacAddress":"02:42:ac:11:00:03","DriverOpts":null}}}}[\n]"
01:14:44.307 [Test worker] DEBUG com.github.dockerjava.zerodep.shaded.org.apache.hc.client5.http.wire - http-outgoing-2 << "[\r][\n]"
01:14:44.308 [Test worker] DEBUG com.github.dockerjava.zerodep.shaded.org.apache.hc.client5.http.wire - http-outgoing-2 << "0[\r][\n]"
01:14:44.308 [Test worker] DEBUG com.github.dockerjava.zerodep.shaded.org.apache.hc.client5.http.wire - http-outgoing-2 << "[\r][\n]"
01:14:44.308 [Test worker] DEBUG com.github.dockerjava.zerodep.shaded.org.apache.hc.client5.http.impl.classic.InternalHttpClient - ep-00000010: releasing valid endpoint
01:14:44.308 [Test worker] DEBUG com.github.dockerjava.zerodep.shaded.org.apache.hc.client5.http.impl.io.PoolingHttpClientConnectionManager - ep-00000010: releasing endpoint
01:14:44.308 [Test worker] DEBUG com.github.dockerjava.zerodep.shaded.org.apache.hc.client5.http.impl.io.PoolingHttpClientConnectionManager - ep-00000010: connection http-outgoing-2 can be kept alive for 3 MINUTES
01:14:44.308 [Test worker] DEBUG com.github.dockerjava.zerodep.shaded.org.apache.hc.client5.http.impl.io.PoolingHttpClientConnectionManager - ep-00000010: connection released [route: {}->unix://localhost:2375][total available: 1; route allocated: 1 of 2147483647; total allocated: 1 of 2147483647]
01:14:44.308 [Test worker] DEBUG ]]>&#x1f433;<![CDATA[ [mysql:latest] - Trying to create JDBC connection using com.mysql.cj.jdbc.Driver to jdbc:mysql://localhost:63819/adm_videos?useSSL=false&allowPublicKeyRetrieval=true with properties: {password=123456, user=root}
01:14:44.415 [Test worker] DEBUG org.testcontainers.shaded.com.github.dockerjava.core.command.AbstrDockerCmd - Cmd: cd5ecdf38df06b4092e6cf67100cd20ad9c3cb4b6e9303874a7bd89885b140c9,false
01:14:44.416 [Test worker] DEBUG org.testcontainers.shaded.com.github.dockerjava.core.exec.InspectContainerCmdExec - GET: DefaultWebTarget{path=[/containers/cd5ecdf38df06b4092e6cf67100cd20ad9c3cb4b6e9303874a7bd89885b140c9/json], queryParams={}}
01:14:44.416 [Test worker] DEBUG com.github.dockerjava.zerodep.shaded.org.apache.hc.client5.http.impl.classic.InternalHttpClient - ex-00000012: preparing request execution
01:14:44.417 [Test worker] DEBUG com.github.dockerjava.zerodep.shaded.org.apache.hc.client5.http.protocol.RequestAddCookies - Cookie spec selected: strict
01:14:44.417 [Test worker] DEBUG com.github.dockerjava.zerodep.shaded.org.apache.hc.client5.http.protocol.RequestAuthCache - Auth cache not set in the context
01:14:44.417 [Test worker] DEBUG com.github.dockerjava.zerodep.shaded.org.apache.hc.client5.http.impl.classic.ProtocolExec - ex-00000012: target auth state: UNCHALLENGED
01:14:44.417 [Test worker] DEBUG com.github.dockerjava.zerodep.shaded.org.apache.hc.client5.http.impl.classic.ProtocolExec - ex-00000012: proxy auth state: UNCHALLENGED
01:14:44.417 [Test worker] DEBUG com.github.dockerjava.zerodep.shaded.org.apache.hc.client5.http.impl.classic.ConnectExec - ex-00000012: acquiring connection with route {}->unix://localhost:2375
01:14:44.417 [Test worker] DEBUG com.github.dockerjava.zerodep.shaded.org.apache.hc.client5.http.impl.classic.InternalHttpClient - ex-00000012: acquiring endpoint (3 MINUTES)
01:14:44.417 [Test worker] DEBUG com.github.dockerjava.zerodep.shaded.org.apache.hc.client5.http.impl.io.PoolingHttpClientConnectionManager - ex-00000012: endpoint lease request (3 MINUTES) [route: {}->unix://localhost:2375][total available: 1; route allocated: 1 of 2147483647; total allocated: 1 of 2147483647]
01:14:44.418 [Test worker] DEBUG com.github.dockerjava.zerodep.shaded.org.apache.hc.client5.http.impl.io.PoolingHttpClientConnectionManager - ex-00000012: endpoint leased [route: {}->unix://localhost:2375][total available: 0; route allocated: 1 of 2147483647; total allocated: 1 of 2147483647]
01:14:44.418 [Test worker] DEBUG com.github.dockerjava.zerodep.shaded.org.apache.hc.client5.http.impl.io.PoolingHttpClientConnectionManager - ex-00000012: acquired ep-00000011
01:14:44.418 [Test worker] DEBUG com.github.dockerjava.zerodep.shaded.org.apache.hc.client5.http.impl.classic.InternalHttpClient - ex-00000012: acquired endpoint ep-00000011
01:14:44.418 [Test worker] DEBUG com.github.dockerjava.zerodep.shaded.org.apache.hc.client5.http.impl.classic.MainClientExec - ex-00000012: executing GET /v1.32/containers/cd5ecdf38df06b4092e6cf67100cd20ad9c3cb4b6e9303874a7bd89885b140c9/json HTTP/1.1
01:14:44.418 [Test worker] DEBUG com.github.dockerjava.zerodep.shaded.org.apache.hc.client5.http.impl.classic.InternalHttpClient - ep-00000011: start execution ex-00000012
01:14:44.418 [Test worker] DEBUG com.github.dockerjava.zerodep.shaded.org.apache.hc.client5.http.impl.io.PoolingHttpClientConnectionManager - ep-00000011: executing exchange ex-00000012 over http-outgoing-2
01:14:44.418 [Test worker] DEBUG com.github.dockerjava.zerodep.shaded.org.apache.hc.client5.http.headers - http-outgoing-2 >> GET /v1.32/containers/cd5ecdf38df06b4092e6cf67100cd20ad9c3cb4b6e9303874a7bd89885b140c9/json HTTP/1.1
01:14:44.418 [Test worker] DEBUG com.github.dockerjava.zerodep.shaded.org.apache.hc.client5.http.headers - http-outgoing-2 >> accept: application/json
01:14:44.418 [Test worker] DEBUG com.github.dockerjava.zerodep.shaded.org.apache.hc.client5.http.headers - http-outgoing-2 >> x-tc-sid: 71b9672a-6f61-4546-a7b6-d603100b2e56
01:14:44.418 [Test worker] DEBUG com.github.dockerjava.zerodep.shaded.org.apache.hc.client5.http.headers - http-outgoing-2 >> Accept-Encoding: gzip, x-gzip, deflate
01:14:44.418 [Test worker] DEBUG com.github.dockerjava.zerodep.shaded.org.apache.hc.client5.http.headers - http-outgoing-2 >> Host: localhost:2375
01:14:44.418 [Test worker] DEBUG com.github.dockerjava.zerodep.shaded.org.apache.hc.client5.http.headers - http-outgoing-2 >> Connection: keep-alive
01:14:44.418 [Test worker] DEBUG com.github.dockerjava.zerodep.shaded.org.apache.hc.client5.http.headers - http-outgoing-2 >> User-Agent: Apache-HttpClient/5.0.3 (Java/17.0.2)
01:14:44.418 [Test worker] DEBUG com.github.dockerjava.zerodep.shaded.org.apache.hc.client5.http.wire - http-outgoing-2 >> "GET /v1.32/containers/cd5ecdf38df06b4092e6cf67100cd20ad9c3cb4b6e9303874a7bd89885b140c9/json HTTP/1.1[\r][\n]"
01:14:44.418 [Test worker] DEBUG com.github.dockerjava.zerodep.shaded.org.apache.hc.client5.http.wire - http-outgoing-2 >> "accept: application/json[\r][\n]"
01:14:44.418 [Test worker] DEBUG com.github.dockerjava.zerodep.shaded.org.apache.hc.client5.http.wire - http-outgoing-2 >> "x-tc-sid: 71b9672a-6f61-4546-a7b6-d603100b2e56[\r][\n]"
01:14:44.418 [Test worker] DEBUG com.github.dockerjava.zerodep.shaded.org.apache.hc.client5.http.wire - http-outgoing-2 >> "Accept-Encoding: gzip, x-gzip, deflate[\r][\n]"
01:14:44.418 [Test worker] DEBUG com.github.dockerjava.zerodep.shaded.org.apache.hc.client5.http.wire - http-outgoing-2 >> "Host: localhost:2375[\r][\n]"
01:14:44.418 [Test worker] DEBUG com.github.dockerjava.zerodep.shaded.org.apache.hc.client5.http.wire - http-outgoing-2 >> "Connection: keep-alive[\r][\n]"
01:14:44.418 [Test worker] DEBUG com.github.dockerjava.zerodep.shaded.org.apache.hc.client5.http.wire - http-outgoing-2 >> "User-Agent: Apache-HttpClient/5.0.3 (Java/17.0.2)[\r][\n]"
01:14:44.419 [Test worker] DEBUG com.github.dockerjava.zerodep.shaded.org.apache.hc.client5.http.wire - http-outgoing-2 >> "[\r][\n]"
01:14:44.422 [Test worker] DEBUG com.github.dockerjava.zerodep.shaded.org.apache.hc.client5.http.wire - http-outgoing-2 << "HTTP/1.1 200 OK[\r][\n]"
01:14:44.422 [Test worker] DEBUG com.github.dockerjava.zerodep.shaded.org.apache.hc.client5.http.wire - http-outgoing-2 << "Api-Version: 1.41[\r][\n]"
01:14:44.422 [Test worker] DEBUG com.github.dockerjava.zerodep.shaded.org.apache.hc.client5.http.wire - http-outgoing-2 << "Content-Type: application/json[\r][\n]"
01:14:44.422 [Test worker] DEBUG com.github.dockerjava.zerodep.shaded.org.apache.hc.client5.http.wire - http-outgoing-2 << "Date: Tue, 28 Mar 2023 04:14:44 GMT[\r][\n]"
01:14:44.422 [Test worker] DEBUG com.github.dockerjava.zerodep.shaded.org.apache.hc.client5.http.wire - http-outgoing-2 << "Docker-Experimental: false[\r][\n]"
01:14:44.422 [Test worker] DEBUG com.github.dockerjava.zerodep.shaded.org.apache.hc.client5.http.wire - http-outgoing-2 << "Ostype: linux[\r][\n]"
01:14:44.422 [Test worker] DEBUG com.github.dockerjava.zerodep.shaded.org.apache.hc.client5.http.wire - http-outgoing-2 << "Server: Docker/20.10.21 (linux)[\r][\n]"
01:14:44.422 [Test worker] DEBUG com.github.dockerjava.zerodep.shaded.org.apache.hc.client5.http.wire - http-outgoing-2 << "Transfer-Encoding: chunked[\r][\n]"
01:14:44.422 [Test worker] DEBUG com.github.dockerjava.zerodep.shaded.org.apache.hc.client5.http.wire - http-outgoing-2 << "[\r][\n]"
01:14:44.423 [Test worker] DEBUG com.github.dockerjava.zerodep.shaded.org.apache.hc.client5.http.headers - http-outgoing-2 << HTTP/1.1 200 OK
01:14:44.423 [Test worker] DEBUG com.github.dockerjava.zerodep.shaded.org.apache.hc.client5.http.headers - http-outgoing-2 << Api-Version: 1.41
01:14:44.423 [Test worker] DEBUG com.github.dockerjava.zerodep.shaded.org.apache.hc.client5.http.headers - http-outgoing-2 << Content-Type: application/json
01:14:44.423 [Test worker] DEBUG com.github.dockerjava.zerodep.shaded.org.apache.hc.client5.http.headers - http-outgoing-2 << Date: Tue, 28 Mar 2023 04:14:44 GMT
01:14:44.423 [Test worker] DEBUG com.github.dockerjava.zerodep.shaded.org.apache.hc.client5.http.headers - http-outgoing-2 << Docker-Experimental: false
01:14:44.423 [Test worker] DEBUG com.github.dockerjava.zerodep.shaded.org.apache.hc.client5.http.headers - http-outgoing-2 << Ostype: linux
01:14:44.423 [Test worker] DEBUG com.github.dockerjava.zerodep.shaded.org.apache.hc.client5.http.headers - http-outgoing-2 << Server: Docker/20.10.21 (linux)
01:14:44.423 [Test worker] DEBUG com.github.dockerjava.zerodep.shaded.org.apache.hc.client5.http.headers - http-outgoing-2 << Transfer-Encoding: chunked
01:14:44.423 [Test worker] DEBUG com.github.dockerjava.zerodep.shaded.org.apache.hc.client5.http.impl.classic.MainClientExec - ex-00000012: connection can be kept alive for 3 MINUTES
01:14:44.423 [Test worker] DEBUG com.github.dockerjava.zerodep.shaded.org.apache.hc.client5.http.wire - http-outgoing-2 << "18c1[\r][\n]"
01:14:44.423 [Test worker] DEBUG com.github.dockerjava.zerodep.shaded.org.apache.hc.client5.http.wire - http-outgoing-2 << "{"Id":"cd5ecdf38df06b4092e6cf67100cd20ad9c3cb4b6e9303874a7bd89885b140c9","Created":"2023-03-28T04:14:43.179040379Z","Path":"docker-entrypoint.sh","Args":["mysqld"],"State":{"Status":"running","Running":true,"Paused":false,"Restarting":false,"OOMKilled":false,"Dead":false,"Pid":20152,"ExitCode":0,"Error":"","StartedAt":"2023-03-28T04:14:43.680338005Z","FinishedAt":"0001-01-01T00:00:00Z"},"Image":"sha256:c7c54c29e20dccc1aefb936c8eba8bb8b98b87a4921102aba87fde2df5810af9","ResolvConfPath":"/var/lib/docker/containers/cd5ecdf38df06b4092e6cf67100cd20ad9c3cb4b6e9303874a7bd89885b140c9/resolv.conf","HostnamePath":"/var/lib/docker/containers/cd5ecdf38df06b4092e6cf67100cd20ad9c3cb4b6e9303874a7bd89885b140c9/hostname","HostsPath":"/var/lib/docker/containers/cd5ecdf38df06b4092e6cf67100cd20ad9c3cb4b6e9303874a7bd89885b140c9/hosts","LogPath":"/var/lib/docker/containers/cd5ecdf38df06b4092e6cf67100cd20ad9c3cb4b6e9303874a7bd89885b140c9/cd5ecdf38df06b4092e6cf67100cd20ad9c3cb4b6e9303874a7bd89885b140c9-json.log","Name":"/keen_matsumoto","RestartCount":0,"Driver":"overlay2","Platform":"linux","MountLabel":"","ProcessLabel":"","AppArmorProfile":"","ExecIDs":null,"HostConfig":{"Binds":[],"ContainerIDFile":"","LogConfig":{"Type":"json-file","Config":{}},"NetworkMode":"default","PortBindings":{"3306/tcp":[{"HostIp":"0.0.0.0","HostPort":"0"}]},"RestartPolicy":{"Name":"","MaximumRetryCount":0},"AutoRemove":false,"VolumeDriver":"","VolumesFrom":[],"CapAdd":null,"CapDrop":null,"CgroupnsMode":"private","Dns":null,"DnsOptions":null,"DnsSearch":null,"ExtraHosts":[],"GroupAdd":null,"IpcMode":"shareable","Cgroup":"","Links":null,"OomScoreAdj":0,"PidMode":"","Privileged":false,"PublishAllPorts":false,"ReadonlyRootfs":false,"SecurityOpt":null,"UTSMode":"","UsernsMode":"","ShmSize":67108864,"Runtime":"runc","ConsoleSize":[0,0],"Isolation":"","CpuShares":0,"Memory":0,"NanoCpus":0,"CgroupParent":"","BlkioWeight":0,"BlkioWeightDevice":null,"BlkioDeviceReadBps":null,"BlkioDeviceWriteBps":null,"BlkioDeviceReadIOps":null,"BlkioDeviceWriteIOps":null,"CpuPeriod":0,"CpuQuota":0,"CpuRealtimePeriod":0,"CpuRealtimeRuntime":0,"CpusetCpus":"","CpusetMems":"","Devices":null,"DeviceCgroupRules":null,"DeviceRequests":null,"KernelMemory":0,"KernelMemoryTCP":0,"MemoryReservation":0,"MemorySwap":0,"MemorySwappiness":null,"OomKillDisable":null,"PidsLimit":null,"Ulimits":null,"CpuCount":0,"CpuPercent":0,"IOMaximumIOps":0,"IOMaximumBandwidth":0,"MaskedPaths":["/proc/asound","/proc/acpi","/proc/kcore","/proc/keys","/proc/latency_stats","/proc/timer_list","/proc/timer_stats","/proc/sched_debug","/proc/scsi","/sys/firmware"],"ReadonlyPaths":["/proc/bus","/proc/fs","/proc/irq","/proc/sys","/proc/sysrq-trigger"]},"GraphDriver":{"Data":{"LowerDir":"/var/lib/docker/overlay2/830e690ec83ecff869b59e4f673c0c63b2bc5c068e9f710933e6f61763699fd2-init/diff:/var/lib/docker/overlay2/1bd8849d7a296305617011f940aa5cfabbe972a513397b1b6bbc27639b6c1f30/diff:/var/lib/docker/overlay2/199d69b2fbf78af4d4c95dec4fd2f8835ab0347eb49fb20ebb2ff3b99fedd6ad/diff:/var/lib/docker/overlay2/d83c38d654989311f75b9491329846033bfb7714de76ef635380dcfad5c740d9/diff:/var/lib/docker/overlay2/08600d0aea2ab2728bebcf5d2589c640a842f53d1ba3c4a4adccb4d03b923cf6/diff:/var/lib/docker/overlay2/9ec7c63a3fb14d13ac788bbf5e282ca821edc41260b79944e5e631037d13ecda/diff:/var/lib/docker/overlay2/db601d7a1b4ea6da638db620462f0da96fa55c559d02269c9ddb09027936ed87/diff:/var/lib/docker/overlay2/a6d2bd03f942e2565f21e74cfe152c7ec836a1c2b583f0790c685b92bdcfda24/diff:/var/lib/docker/overlay2/9badd16ea2c5e2bf1fde8b579683e41137dfc46ed5449234149f199a6751cc84/diff:/var/lib/docker/overlay2/6efb85646ed12e2d1181ef4cc6f6f6732c00c15a4035fe17ebc4f075ca573c30/diff:/var/lib/docker/overlay2/895d7c0ec09144d6ed33936f4e98e11c18010f7abd708cae1ce43aec7a7f2621/diff:/var/lib/docker/overlay2/1c4ba77aa573ab6e5e5069fd15eae71b3da940bde0f97a922a227ffc8a1d1096/diff","MergedDir":"/var/lib/docker/overlay2/830e690ec83ecff869b59e4f673c0c63b2bc5c068e9f710933e6f61763699fd2/merged","UpperDir":"/var/lib/docker/overlay2/830e690ec83ecff869b59e4f673c0c63b2bc5c068e9f710933e6f61763699fd2/diff","WorkDir":"/var/lib/docker/overlay2/830e690ec83ecff869b59e4f673c0c63b2bc5c068e9f710933e6f61763699fd2/work"},"Name":"overlay2"},"Mounts":[{"Type":"volume","Name":"25868b8cea8ad6eba7f00a6fe83e8848def5cff8aab5c5943024031400fa063d","Source":"/var/lib/docker/volumes/25868b8cea8ad6eba7f00a6fe83e8848def5cff8aab5c5943024031400fa063d/_data","Destination":"/var/lib/mysql","Driver":"local","Mode":"","RW":true,"Propagation":""}],"Config":{"Hostname":"cd5ecdf38df0","Domainname":"","User":"","AttachStdin":false,"AttachStdout":false,"AttachStderr":false,"ExposedPorts":{"3306/tcp":{},"33060/tcp":{}},"Tty":false,"OpenStdin":false,"StdinOnce":false,"Env":["MYSQL_DATABASE=adm_videos","MYSQL_PASSWORD=123456","MYSQL_ROOT_PASSWORD=123456","PATH=/usr/local/sbin:/usr/local/bin:/usr/sbin:/usr/bin:/sbin:/bin","GOSU_VERSION=1.16","MYSQL_MAJOR=8.0","MYSQL_VERSION=8.0.32-1.el8","MYSQL_SHELL_VERSION=8.0.32-1.el8"],"Cmd":["mysqld"],"Image":"mysql:latest","Volumes":{"/var/lib/mysql":{}},"WorkingDir":"","Entrypoint":["docker-entrypoint.sh"],"OnBuild":null,"Labels":{"org.testcontainers":"true","org.testcontainers.lang":"java","org.testcontainers.sessionId":"71b9672a-6f61-4546-a7b6-d603100b2e56","org.testcontainers.version":"1.17.6"}},"NetworkSettings":{"Bridge":"","SandboxID":"56762d63452c709eadac6b5c5f4b6cdd30da833580c632f91fd658806eaf4ddb","HairpinMode":false,"LinkLocalIPv6Address":"","LinkLocalIPv6PrefixLen":0,"Ports":{"3306/tcp":[{"HostIp":"0.0.0.0","HostPort":"63819"}],"33060/tcp":null},"SandboxKey":"/var/run/docker/netns/56762d63452c","SecondaryIPAddresses":null,"SecondaryIPv6Addresses":null,"EndpointID":"92fc2600684327987bceb8e2716a72ba2420fccd56812c1491af8c03946e105c","Gateway":"172.17.0.1","GlobalIPv6Address":"","GlobalIPv6PrefixLen":0,"IPAddress":"172.17.0.3","IPPrefixLen":16,"IPv6Gateway":"","MacAddress":"02:42:ac:11:00:03","Networks":{"bridge":{"IPAMConfig":null,"Links":null,"Aliases":null,"NetworkID":"308e234c143065751b16b4500cb9f48d5c7fc2116504b3d816a5e51cd4771062","EndpointID":"92fc2600684327987bceb8e2716a72ba2420fccd56812c1491af8c03946e105c","Gateway":"172.17.0.1","IPAddress":"172.17.0.3","IPPrefixLen":16,"IPv6Gateway":"","GlobalIPv6Address":"","GlobalIPv6PrefixLen":0,"MacAddress":"02:42:ac:11:00:03","DriverOpts":null}}}}[\n]"
01:14:44.423 [Test worker] DEBUG com.github.dockerjava.zerodep.shaded.org.apache.hc.client5.http.wire - http-outgoing-2 << "[\r][\n]"
01:14:44.423 [Test worker] DEBUG com.github.dockerjava.zerodep.shaded.org.apache.hc.client5.http.wire - http-outgoing-2 << "0[\r][\n]"
01:14:44.423 [Test worker] DEBUG com.github.dockerjava.zerodep.shaded.org.apache.hc.client5.http.wire - http-outgoing-2 << "[\r][\n]"
01:14:44.424 [Test worker] DEBUG com.github.dockerjava.zerodep.shaded.org.apache.hc.client5.http.impl.classic.InternalHttpClient - ep-00000011: releasing valid endpoint
01:14:44.424 [Test worker] DEBUG com.github.dockerjava.zerodep.shaded.org.apache.hc.client5.http.impl.io.PoolingHttpClientConnectionManager - ep-00000011: releasing endpoint
01:14:44.424 [Test worker] DEBUG com.github.dockerjava.zerodep.shaded.org.apache.hc.client5.http.impl.io.PoolingHttpClientConnectionManager - ep-00000011: connection http-outgoing-2 can be kept alive for 3 MINUTES
01:14:44.425 [Test worker] DEBUG com.github.dockerjava.zerodep.shaded.org.apache.hc.client5.http.impl.io.PoolingHttpClientConnectionManager - ep-00000011: connection released [route: {}->unix://localhost:2375][total available: 1; route allocated: 1 of 2147483647; total allocated: 1 of 2147483647]
01:14:44.425 [Test worker] DEBUG ]]>&#x1f433;<![CDATA[ [mysql:latest] - Trying to create JDBC connection using com.mysql.cj.jdbc.Driver to jdbc:mysql://localhost:63819/adm_videos?useSSL=false&allowPublicKeyRetrieval=true with properties: {password=123456, user=root}
01:14:44.529 [Test worker] DEBUG org.testcontainers.shaded.com.github.dockerjava.core.command.AbstrDockerCmd - Cmd: cd5ecdf38df06b4092e6cf67100cd20ad9c3cb4b6e9303874a7bd89885b140c9,false
01:14:44.531 [Test worker] DEBUG org.testcontainers.shaded.com.github.dockerjava.core.exec.InspectContainerCmdExec - GET: DefaultWebTarget{path=[/containers/cd5ecdf38df06b4092e6cf67100cd20ad9c3cb4b6e9303874a7bd89885b140c9/json], queryParams={}}
01:14:44.531 [Test worker] DEBUG com.github.dockerjava.zerodep.shaded.org.apache.hc.client5.http.impl.classic.InternalHttpClient - ex-00000013: preparing request execution
01:14:44.531 [Test worker] DEBUG com.github.dockerjava.zerodep.shaded.org.apache.hc.client5.http.protocol.RequestAddCookies - Cookie spec selected: strict
01:14:44.531 [Test worker] DEBUG com.github.dockerjava.zerodep.shaded.org.apache.hc.client5.http.protocol.RequestAuthCache - Auth cache not set in the context
01:14:44.531 [Test worker] DEBUG com.github.dockerjava.zerodep.shaded.org.apache.hc.client5.http.impl.classic.ProtocolExec - ex-00000013: target auth state: UNCHALLENGED
01:14:44.531 [Test worker] DEBUG com.github.dockerjava.zerodep.shaded.org.apache.hc.client5.http.impl.classic.ProtocolExec - ex-00000013: proxy auth state: UNCHALLENGED
01:14:44.532 [Test worker] DEBUG com.github.dockerjava.zerodep.shaded.org.apache.hc.client5.http.impl.classic.ConnectExec - ex-00000013: acquiring connection with route {}->unix://localhost:2375
01:14:44.532 [Test worker] DEBUG com.github.dockerjava.zerodep.shaded.org.apache.hc.client5.http.impl.classic.InternalHttpClient - ex-00000013: acquiring endpoint (3 MINUTES)
01:14:44.532 [Test worker] DEBUG com.github.dockerjava.zerodep.shaded.org.apache.hc.client5.http.impl.io.PoolingHttpClientConnectionManager - ex-00000013: endpoint lease request (3 MINUTES) [route: {}->unix://localhost:2375][total available: 1; route allocated: 1 of 2147483647; total allocated: 1 of 2147483647]
01:14:44.532 [Test worker] DEBUG com.github.dockerjava.zerodep.shaded.org.apache.hc.client5.http.impl.io.PoolingHttpClientConnectionManager - ex-00000013: endpoint leased [route: {}->unix://localhost:2375][total available: 0; route allocated: 1 of 2147483647; total allocated: 1 of 2147483647]
01:14:44.532 [Test worker] DEBUG com.github.dockerjava.zerodep.shaded.org.apache.hc.client5.http.impl.io.PoolingHttpClientConnectionManager - ex-00000013: acquired ep-00000012
01:14:44.532 [Test worker] DEBUG com.github.dockerjava.zerodep.shaded.org.apache.hc.client5.http.impl.classic.InternalHttpClient - ex-00000013: acquired endpoint ep-00000012
01:14:44.532 [Test worker] DEBUG com.github.dockerjava.zerodep.shaded.org.apache.hc.client5.http.impl.classic.MainClientExec - ex-00000013: executing GET /v1.32/containers/cd5ecdf38df06b4092e6cf67100cd20ad9c3cb4b6e9303874a7bd89885b140c9/json HTTP/1.1
01:14:44.532 [Test worker] DEBUG com.github.dockerjava.zerodep.shaded.org.apache.hc.client5.http.impl.classic.InternalHttpClient - ep-00000012: start execution ex-00000013
01:14:44.532 [Test worker] DEBUG com.github.dockerjava.zerodep.shaded.org.apache.hc.client5.http.impl.io.PoolingHttpClientConnectionManager - ep-00000012: executing exchange ex-00000013 over http-outgoing-2
01:14:44.532 [Test worker] DEBUG com.github.dockerjava.zerodep.shaded.org.apache.hc.client5.http.headers - http-outgoing-2 >> GET /v1.32/containers/cd5ecdf38df06b4092e6cf67100cd20ad9c3cb4b6e9303874a7bd89885b140c9/json HTTP/1.1
01:14:44.532 [Test worker] DEBUG com.github.dockerjava.zerodep.shaded.org.apache.hc.client5.http.headers - http-outgoing-2 >> accept: application/json
01:14:44.532 [Test worker] DEBUG com.github.dockerjava.zerodep.shaded.org.apache.hc.client5.http.headers - http-outgoing-2 >> x-tc-sid: 71b9672a-6f61-4546-a7b6-d603100b2e56
01:14:44.532 [Test worker] DEBUG com.github.dockerjava.zerodep.shaded.org.apache.hc.client5.http.headers - http-outgoing-2 >> Accept-Encoding: gzip, x-gzip, deflate
01:14:44.532 [Test worker] DEBUG com.github.dockerjava.zerodep.shaded.org.apache.hc.client5.http.headers - http-outgoing-2 >> Host: localhost:2375
01:14:44.532 [Test worker] DEBUG com.github.dockerjava.zerodep.shaded.org.apache.hc.client5.http.headers - http-outgoing-2 >> Connection: keep-alive
01:14:44.532 [Test worker] DEBUG com.github.dockerjava.zerodep.shaded.org.apache.hc.client5.http.headers - http-outgoing-2 >> User-Agent: Apache-HttpClient/5.0.3 (Java/17.0.2)
01:14:44.532 [Test worker] DEBUG com.github.dockerjava.zerodep.shaded.org.apache.hc.client5.http.wire - http-outgoing-2 >> "GET /v1.32/containers/cd5ecdf38df06b4092e6cf67100cd20ad9c3cb4b6e9303874a7bd89885b140c9/json HTTP/1.1[\r][\n]"
01:14:44.532 [Test worker] DEBUG com.github.dockerjava.zerodep.shaded.org.apache.hc.client5.http.wire - http-outgoing-2 >> "accept: application/json[\r][\n]"
01:14:44.532 [Test worker] DEBUG com.github.dockerjava.zerodep.shaded.org.apache.hc.client5.http.wire - http-outgoing-2 >> "x-tc-sid: 71b9672a-6f61-4546-a7b6-d603100b2e56[\r][\n]"
01:14:44.532 [Test worker] DEBUG com.github.dockerjava.zerodep.shaded.org.apache.hc.client5.http.wire - http-outgoing-2 >> "Accept-Encoding: gzip, x-gzip, deflate[\r][\n]"
01:14:44.532 [Test worker] DEBUG com.github.dockerjava.zerodep.shaded.org.apache.hc.client5.http.wire - http-outgoing-2 >> "Host: localhost:2375[\r][\n]"
01:14:44.532 [Test worker] DEBUG com.github.dockerjava.zerodep.shaded.org.apache.hc.client5.http.wire - http-outgoing-2 >> "Connection: keep-alive[\r][\n]"
01:14:44.532 [Test worker] DEBUG com.github.dockerjava.zerodep.shaded.org.apache.hc.client5.http.wire - http-outgoing-2 >> "User-Agent: Apache-HttpClient/5.0.3 (Java/17.0.2)[\r][\n]"
01:14:44.532 [Test worker] DEBUG com.github.dockerjava.zerodep.shaded.org.apache.hc.client5.http.wire - http-outgoing-2 >> "[\r][\n]"
01:14:44.535 [Test worker] DEBUG com.github.dockerjava.zerodep.shaded.org.apache.hc.client5.http.wire - http-outgoing-2 << "HTTP/1.1 200 OK[\r][\n]"
01:14:44.535 [Test worker] DEBUG com.github.dockerjava.zerodep.shaded.org.apache.hc.client5.http.wire - http-outgoing-2 << "Api-Version: 1.41[\r][\n]"
01:14:44.535 [Test worker] DEBUG com.github.dockerjava.zerodep.shaded.org.apache.hc.client5.http.wire - http-outgoing-2 << "Content-Type: application/json[\r][\n]"
01:14:44.535 [Test worker] DEBUG com.github.dockerjava.zerodep.shaded.org.apache.hc.client5.http.wire - http-outgoing-2 << "Date: Tue, 28 Mar 2023 04:14:44 GMT[\r][\n]"
01:14:44.535 [Test worker] DEBUG com.github.dockerjava.zerodep.shaded.org.apache.hc.client5.http.wire - http-outgoing-2 << "Docker-Experimental: false[\r][\n]"
01:14:44.535 [Test worker] DEBUG com.github.dockerjava.zerodep.shaded.org.apache.hc.client5.http.wire - http-outgoing-2 << "Ostype: linux[\r][\n]"
01:14:44.535 [Test worker] DEBUG com.github.dockerjava.zerodep.shaded.org.apache.hc.client5.http.wire - http-outgoing-2 << "Server: Docker/20.10.21 (linux)[\r][\n]"
01:14:44.535 [Test worker] DEBUG com.github.dockerjava.zerodep.shaded.org.apache.hc.client5.http.wire - http-outgoing-2 << "Transfer-Encoding: chunked[\r][\n]"
01:14:44.535 [Test worker] DEBUG com.github.dockerjava.zerodep.shaded.org.apache.hc.client5.http.wire - http-outgoing-2 << "[\r][\n]"
01:14:44.535 [Test worker] DEBUG com.github.dockerjava.zerodep.shaded.org.apache.hc.client5.http.headers - http-outgoing-2 << HTTP/1.1 200 OK
01:14:44.535 [Test worker] DEBUG com.github.dockerjava.zerodep.shaded.org.apache.hc.client5.http.headers - http-outgoing-2 << Api-Version: 1.41
01:14:44.535 [Test worker] DEBUG com.github.dockerjava.zerodep.shaded.org.apache.hc.client5.http.headers - http-outgoing-2 << Content-Type: application/json
01:14:44.535 [Test worker] DEBUG com.github.dockerjava.zerodep.shaded.org.apache.hc.client5.http.headers - http-outgoing-2 << Date: Tue, 28 Mar 2023 04:14:44 GMT
01:14:44.535 [Test worker] DEBUG com.github.dockerjava.zerodep.shaded.org.apache.hc.client5.http.headers - http-outgoing-2 << Docker-Experimental: false
01:14:44.535 [Test worker] DEBUG com.github.dockerjava.zerodep.shaded.org.apache.hc.client5.http.headers - http-outgoing-2 << Ostype: linux
01:14:44.535 [Test worker] DEBUG com.github.dockerjava.zerodep.shaded.org.apache.hc.client5.http.headers - http-outgoing-2 << Server: Docker/20.10.21 (linux)
01:14:44.535 [Test worker] DEBUG com.github.dockerjava.zerodep.shaded.org.apache.hc.client5.http.headers - http-outgoing-2 << Transfer-Encoding: chunked
01:14:44.535 [Test worker] DEBUG com.github.dockerjava.zerodep.shaded.org.apache.hc.client5.http.impl.classic.MainClientExec - ex-00000013: connection can be kept alive for 3 MINUTES
01:14:44.536 [Test worker] DEBUG com.github.dockerjava.zerodep.shaded.org.apache.hc.client5.http.wire - http-outgoing-2 << "18c1[\r][\n]"
01:14:44.536 [Test worker] DEBUG com.github.dockerjava.zerodep.shaded.org.apache.hc.client5.http.wire - http-outgoing-2 << "{"Id":"cd5ecdf38df06b4092e6cf67100cd20ad9c3cb4b6e9303874a7bd89885b140c9","Created":"2023-03-28T04:14:43.179040379Z","Path":"docker-entrypoint.sh","Args":["mysqld"],"State":{"Status":"running","Running":true,"Paused":false,"Restarting":false,"OOMKilled":false,"Dead":false,"Pid":20152,"ExitCode":0,"Error":"","StartedAt":"2023-03-28T04:14:43.680338005Z","FinishedAt":"0001-01-01T00:00:00Z"},"Image":"sha256:c7c54c29e20dccc1aefb936c8eba8bb8b98b87a4921102aba87fde2df5810af9","ResolvConfPath":"/var/lib/docker/containers/cd5ecdf38df06b4092e6cf67100cd20ad9c3cb4b6e9303874a7bd89885b140c9/resolv.conf","HostnamePath":"/var/lib/docker/containers/cd5ecdf38df06b4092e6cf67100cd20ad9c3cb4b6e9303874a7bd89885b140c9/hostname","HostsPath":"/var/lib/docker/containers/cd5ecdf38df06b4092e6cf67100cd20ad9c3cb4b6e9303874a7bd89885b140c9/hosts","LogPath":"/var/lib/docker/containers/cd5ecdf38df06b4092e6cf67100cd20ad9c3cb4b6e9303874a7bd89885b140c9/cd5ecdf38df06b4092e6cf67100cd20ad9c3cb4b6e9303874a7bd89885b140c9-json.log","Name":"/keen_matsumoto","RestartCount":0,"Driver":"overlay2","Platform":"linux","MountLabel":"","ProcessLabel":"","AppArmorProfile":"","ExecIDs":null,"HostConfig":{"Binds":[],"ContainerIDFile":"","LogConfig":{"Type":"json-file","Config":{}},"NetworkMode":"default","PortBindings":{"3306/tcp":[{"HostIp":"0.0.0.0","HostPort":"0"}]},"RestartPolicy":{"Name":"","MaximumRetryCount":0},"AutoRemove":false,"VolumeDriver":"","VolumesFrom":[],"CapAdd":null,"CapDrop":null,"CgroupnsMode":"private","Dns":null,"DnsOptions":null,"DnsSearch":null,"ExtraHosts":[],"GroupAdd":null,"IpcMode":"shareable","Cgroup":"","Links":null,"OomScoreAdj":0,"PidMode":"","Privileged":false,"PublishAllPorts":false,"ReadonlyRootfs":false,"SecurityOpt":null,"UTSMode":"","UsernsMode":"","ShmSize":67108864,"Runtime":"runc","ConsoleSize":[0,0],"Isolation":"","CpuShares":0,"Memory":0,"NanoCpus":0,"CgroupParent":"","BlkioWeight":0,"BlkioWeightDevice":null,"BlkioDeviceReadBps":null,"BlkioDeviceWriteBps":null,"BlkioDeviceReadIOps":null,"BlkioDeviceWriteIOps":null,"CpuPeriod":0,"CpuQuota":0,"CpuRealtimePeriod":0,"CpuRealtimeRuntime":0,"CpusetCpus":"","CpusetMems":"","Devices":null,"DeviceCgroupRules":null,"DeviceRequests":null,"KernelMemory":0,"KernelMemoryTCP":0,"MemoryReservation":0,"MemorySwap":0,"MemorySwappiness":null,"OomKillDisable":null,"PidsLimit":null,"Ulimits":null,"CpuCount":0,"CpuPercent":0,"IOMaximumIOps":0,"IOMaximumBandwidth":0,"MaskedPaths":["/proc/asound","/proc/acpi","/proc/kcore","/proc/keys","/proc/latency_stats","/proc/timer_list","/proc/timer_stats","/proc/sched_debug","/proc/scsi","/sys/firmware"],"ReadonlyPaths":["/proc/bus","/proc/fs","/proc/irq","/proc/sys","/proc/sysrq-trigger"]},"GraphDriver":{"Data":{"LowerDir":"/var/lib/docker/overlay2/830e690ec83ecff869b59e4f673c0c63b2bc5c068e9f710933e6f61763699fd2-init/diff:/var/lib/docker/overlay2/1bd8849d7a296305617011f940aa5cfabbe972a513397b1b6bbc27639b6c1f30/diff:/var/lib/docker/overlay2/199d69b2fbf78af4d4c95dec4fd2f8835ab0347eb49fb20ebb2ff3b99fedd6ad/diff:/var/lib/docker/overlay2/d83c38d654989311f75b9491329846033bfb7714de76ef635380dcfad5c740d9/diff:/var/lib/docker/overlay2/08600d0aea2ab2728bebcf5d2589c640a842f53d1ba3c4a4adccb4d03b923cf6/diff:/var/lib/docker/overlay2/9ec7c63a3fb14d13ac788bbf5e282ca821edc41260b79944e5e631037d13ecda/diff:/var/lib/docker/overlay2/db601d7a1b4ea6da638db620462f0da96fa55c559d02269c9ddb09027936ed87/diff:/var/lib/docker/overlay2/a6d2bd03f942e2565f21e74cfe152c7ec836a1c2b583f0790c685b92bdcfda24/diff:/var/lib/docker/overlay2/9badd16ea2c5e2bf1fde8b579683e41137dfc46ed5449234149f199a6751cc84/diff:/var/lib/docker/overlay2/6efb85646ed12e2d1181ef4cc6f6f6732c00c15a4035fe17ebc4f075ca573c30/diff:/var/lib/docker/overlay2/895d7c0ec09144d6ed33936f4e98e11c18010f7abd708cae1ce43aec7a7f2621/diff:/var/lib/docker/overlay2/1c4ba77aa573ab6e5e5069fd15eae71b3da940bde0f97a922a227ffc8a1d1096/diff","MergedDir":"/var/lib/docker/overlay2/830e690ec83ecff869b59e4f673c0c63b2bc5c068e9f710933e6f61763699fd2/merged","UpperDir":"/var/lib/docker/overlay2/830e690ec83ecff869b59e4f673c0c63b2bc5c068e9f710933e6f61763699fd2/diff","WorkDir":"/var/lib/docker/overlay2/830e690ec83ecff869b59e4f673c0c63b2bc5c068e9f710933e6f61763699fd2/work"},"Name":"overlay2"},"Mounts":[{"Type":"volume","Name":"25868b8cea8ad6eba7f00a6fe83e8848def5cff8aab5c5943024031400fa063d","Source":"/var/lib/docker/volumes/25868b8cea8ad6eba7f00a6fe83e8848def5cff8aab5c5943024031400fa063d/_data","Destination":"/var/lib/mysql","Driver":"local","Mode":"","RW":true,"Propagation":""}],"Config":{"Hostname":"cd5ecdf38df0","Domainname":"","User":"","AttachStdin":false,"AttachStdout":false,"AttachStderr":false,"ExposedPorts":{"3306/tcp":{},"33060/tcp":{}},"Tty":false,"OpenStdin":false,"StdinOnce":false,"Env":["MYSQL_DATABASE=adm_videos","MYSQL_PASSWORD=123456","MYSQL_ROOT_PASSWORD=123456","PATH=/usr/local/sbin:/usr/local/bin:/usr/sbin:/usr/bin:/sbin:/bin","GOSU_VERSION=1.16","MYSQL_MAJOR=8.0","MYSQL_VERSION=8.0.32-1.el8","MYSQL_SHELL_VERSION=8.0.32-1.el8"],"Cmd":["mysqld"],"Image":"mysql:latest","Volumes":{"/var/lib/mysql":{}},"WorkingDir":"","Entrypoint":["docker-entrypoint.sh"],"OnBuild":null,"Labels":{"org.testcontainers":"true","org.testcontainers.lang":"java","org.testcontainers.sessionId":"71b9672a-6f61-4546-a7b6-d603100b2e56","org.testcontainers.version":"1.17.6"}},"NetworkSettings":{"Bridge":"","SandboxID":"56762d63452c709eadac6b5c5f4b6cdd30da833580c632f91fd658806eaf4ddb","HairpinMode":false,"LinkLocalIPv6Address":"","LinkLocalIPv6PrefixLen":0,"Ports":{"3306/tcp":[{"HostIp":"0.0.0.0","HostPort":"63819"}],"33060/tcp":null},"SandboxKey":"/var/run/docker/netns/56762d63452c","SecondaryIPAddresses":null,"SecondaryIPv6Addresses":null,"EndpointID":"92fc2600684327987bceb8e2716a72ba2420fccd56812c1491af8c03946e105c","Gateway":"172.17.0.1","GlobalIPv6Address":"","GlobalIPv6PrefixLen":0,"IPAddress":"172.17.0.3","IPPrefixLen":16,"IPv6Gateway":"","MacAddress":"02:42:ac:11:00:03","Networks":{"bridge":{"IPAMConfig":null,"Links":null,"Aliases":null,"NetworkID":"308e234c143065751b16b4500cb9f48d5c7fc2116504b3d816a5e51cd4771062","EndpointID":"92fc2600684327987bceb8e2716a72ba2420fccd56812c1491af8c03946e105c","Gateway":"172.17.0.1","IPAddress":"172.17.0.3","IPPrefixLen":16,"IPv6Gateway":"","GlobalIPv6Address":"","GlobalIPv6PrefixLen":0,"MacAddress":"02:42:ac:11:00:03","DriverOpts":null}}}}[\n]"
01:14:44.537 [Test worker] DEBUG com.github.dockerjava.zerodep.shaded.org.apache.hc.client5.http.wire - http-outgoing-2 << "[\r][\n]"
01:14:44.538 [Test worker] DEBUG com.github.dockerjava.zerodep.shaded.org.apache.hc.client5.http.wire - http-outgoing-2 << "0[\r][\n]"
01:14:44.538 [Test worker] DEBUG com.github.dockerjava.zerodep.shaded.org.apache.hc.client5.http.wire - http-outgoing-2 << "[\r][\n]"
01:14:44.538 [Test worker] DEBUG com.github.dockerjava.zerodep.shaded.org.apache.hc.client5.http.impl.classic.InternalHttpClient - ep-00000012: releasing valid endpoint
01:14:44.538 [Test worker] DEBUG com.github.dockerjava.zerodep.shaded.org.apache.hc.client5.http.impl.io.PoolingHttpClientConnectionManager - ep-00000012: releasing endpoint
01:14:44.538 [Test worker] DEBUG com.github.dockerjava.zerodep.shaded.org.apache.hc.client5.http.impl.io.PoolingHttpClientConnectionManager - ep-00000012: connection http-outgoing-2 can be kept alive for 3 MINUTES
01:14:44.538 [Test worker] DEBUG com.github.dockerjava.zerodep.shaded.org.apache.hc.client5.http.impl.io.PoolingHttpClientConnectionManager - ep-00000012: connection released [route: {}->unix://localhost:2375][total available: 1; route allocated: 1 of 2147483647; total allocated: 1 of 2147483647]
01:14:44.538 [Test worker] DEBUG ]]>&#x1f433;<![CDATA[ [mysql:latest] - Trying to create JDBC connection using com.mysql.cj.jdbc.Driver to jdbc:mysql://localhost:63819/adm_videos?useSSL=false&allowPublicKeyRetrieval=true with properties: {password=123456, user=root}
01:14:44.646 [Test worker] DEBUG org.testcontainers.shaded.com.github.dockerjava.core.command.AbstrDockerCmd - Cmd: cd5ecdf38df06b4092e6cf67100cd20ad9c3cb4b6e9303874a7bd89885b140c9,false
01:14:44.646 [Test worker] DEBUG org.testcontainers.shaded.com.github.dockerjava.core.exec.InspectContainerCmdExec - GET: DefaultWebTarget{path=[/containers/cd5ecdf38df06b4092e6cf67100cd20ad9c3cb4b6e9303874a7bd89885b140c9/json], queryParams={}}
01:14:44.646 [Test worker] DEBUG com.github.dockerjava.zerodep.shaded.org.apache.hc.client5.http.impl.classic.InternalHttpClient - ex-00000014: preparing request execution
01:14:44.646 [Test worker] DEBUG com.github.dockerjava.zerodep.shaded.org.apache.hc.client5.http.protocol.RequestAddCookies - Cookie spec selected: strict
01:14:44.646 [Test worker] DEBUG com.github.dockerjava.zerodep.shaded.org.apache.hc.client5.http.protocol.RequestAuthCache - Auth cache not set in the context
01:14:44.646 [Test worker] DEBUG com.github.dockerjava.zerodep.shaded.org.apache.hc.client5.http.impl.classic.ProtocolExec - ex-00000014: target auth state: UNCHALLENGED
01:14:44.646 [Test worker] DEBUG com.github.dockerjava.zerodep.shaded.org.apache.hc.client5.http.impl.classic.ProtocolExec - ex-00000014: proxy auth state: UNCHALLENGED
01:14:44.647 [Test worker] DEBUG com.github.dockerjava.zerodep.shaded.org.apache.hc.client5.http.impl.classic.ConnectExec - ex-00000014: acquiring connection with route {}->unix://localhost:2375
01:14:44.647 [Test worker] DEBUG com.github.dockerjava.zerodep.shaded.org.apache.hc.client5.http.impl.classic.InternalHttpClient - ex-00000014: acquiring endpoint (3 MINUTES)
01:14:44.647 [Test worker] DEBUG com.github.dockerjava.zerodep.shaded.org.apache.hc.client5.http.impl.io.PoolingHttpClientConnectionManager - ex-00000014: endpoint lease request (3 MINUTES) [route: {}->unix://localhost:2375][total available: 1; route allocated: 1 of 2147483647; total allocated: 1 of 2147483647]
01:14:44.647 [Test worker] DEBUG com.github.dockerjava.zerodep.shaded.org.apache.hc.client5.http.impl.io.PoolingHttpClientConnectionManager - ex-00000014: endpoint leased [route: {}->unix://localhost:2375][total available: 0; route allocated: 1 of 2147483647; total allocated: 1 of 2147483647]
01:14:44.647 [Test worker] DEBUG com.github.dockerjava.zerodep.shaded.org.apache.hc.client5.http.impl.io.PoolingHttpClientConnectionManager - ex-00000014: acquired ep-00000013
01:14:44.647 [Test worker] DEBUG com.github.dockerjava.zerodep.shaded.org.apache.hc.client5.http.impl.classic.InternalHttpClient - ex-00000014: acquired endpoint ep-00000013
01:14:44.647 [Test worker] DEBUG com.github.dockerjava.zerodep.shaded.org.apache.hc.client5.http.impl.classic.MainClientExec - ex-00000014: executing GET /v1.32/containers/cd5ecdf38df06b4092e6cf67100cd20ad9c3cb4b6e9303874a7bd89885b140c9/json HTTP/1.1
01:14:44.647 [Test worker] DEBUG com.github.dockerjava.zerodep.shaded.org.apache.hc.client5.http.impl.classic.InternalHttpClient - ep-00000013: start execution ex-00000014
01:14:44.647 [Test worker] DEBUG com.github.dockerjava.zerodep.shaded.org.apache.hc.client5.http.impl.io.PoolingHttpClientConnectionManager - ep-00000013: executing exchange ex-00000014 over http-outgoing-2
01:14:44.647 [Test worker] DEBUG com.github.dockerjava.zerodep.shaded.org.apache.hc.client5.http.headers - http-outgoing-2 >> GET /v1.32/containers/cd5ecdf38df06b4092e6cf67100cd20ad9c3cb4b6e9303874a7bd89885b140c9/json HTTP/1.1
01:14:44.647 [Test worker] DEBUG com.github.dockerjava.zerodep.shaded.org.apache.hc.client5.http.headers - http-outgoing-2 >> accept: application/json
01:14:44.647 [Test worker] DEBUG com.github.dockerjava.zerodep.shaded.org.apache.hc.client5.http.headers - http-outgoing-2 >> x-tc-sid: 71b9672a-6f61-4546-a7b6-d603100b2e56
01:14:44.647 [Test worker] DEBUG com.github.dockerjava.zerodep.shaded.org.apache.hc.client5.http.headers - http-outgoing-2 >> Accept-Encoding: gzip, x-gzip, deflate
01:14:44.647 [Test worker] DEBUG com.github.dockerjava.zerodep.shaded.org.apache.hc.client5.http.headers - http-outgoing-2 >> Host: localhost:2375
01:14:44.647 [Test worker] DEBUG com.github.dockerjava.zerodep.shaded.org.apache.hc.client5.http.headers - http-outgoing-2 >> Connection: keep-alive
01:14:44.647 [Test worker] DEBUG com.github.dockerjava.zerodep.shaded.org.apache.hc.client5.http.headers - http-outgoing-2 >> User-Agent: Apache-HttpClient/5.0.3 (Java/17.0.2)
01:14:44.647 [Test worker] DEBUG com.github.dockerjava.zerodep.shaded.org.apache.hc.client5.http.wire - http-outgoing-2 >> "GET /v1.32/containers/cd5ecdf38df06b4092e6cf67100cd20ad9c3cb4b6e9303874a7bd89885b140c9/json HTTP/1.1[\r][\n]"
01:14:44.647 [Test worker] DEBUG com.github.dockerjava.zerodep.shaded.org.apache.hc.client5.http.wire - http-outgoing-2 >> "accept: application/json[\r][\n]"
01:14:44.647 [Test worker] DEBUG com.github.dockerjava.zerodep.shaded.org.apache.hc.client5.http.wire - http-outgoing-2 >> "x-tc-sid: 71b9672a-6f61-4546-a7b6-d603100b2e56[\r][\n]"
01:14:44.647 [Test worker] DEBUG com.github.dockerjava.zerodep.shaded.org.apache.hc.client5.http.wire - http-outgoing-2 >> "Accept-Encoding: gzip, x-gzip, deflate[\r][\n]"
01:14:44.647 [Test worker] DEBUG com.github.dockerjava.zerodep.shaded.org.apache.hc.client5.http.wire - http-outgoing-2 >> "Host: localhost:2375[\r][\n]"
01:14:44.647 [Test worker] DEBUG com.github.dockerjava.zerodep.shaded.org.apache.hc.client5.http.wire - http-outgoing-2 >> "Connection: keep-alive[\r][\n]"
01:14:44.647 [Test worker] DEBUG com.github.dockerjava.zerodep.shaded.org.apache.hc.client5.http.wire - http-outgoing-2 >> "User-Agent: Apache-HttpClient/5.0.3 (Java/17.0.2)[\r][\n]"
01:14:44.647 [Test worker] DEBUG com.github.dockerjava.zerodep.shaded.org.apache.hc.client5.http.wire - http-outgoing-2 >> "[\r][\n]"
01:14:44.651 [Test worker] DEBUG com.github.dockerjava.zerodep.shaded.org.apache.hc.client5.http.wire - http-outgoing-2 << "HTTP/1.1 200 OK[\r][\n]"
01:14:44.651 [Test worker] DEBUG com.github.dockerjava.zerodep.shaded.org.apache.hc.client5.http.wire - http-outgoing-2 << "Api-Version: 1.41[\r][\n]"
01:14:44.651 [Test worker] DEBUG com.github.dockerjava.zerodep.shaded.org.apache.hc.client5.http.wire - http-outgoing-2 << "Content-Type: application/json[\r][\n]"
01:14:44.651 [Test worker] DEBUG com.github.dockerjava.zerodep.shaded.org.apache.hc.client5.http.wire - http-outgoing-2 << "Date: Tue, 28 Mar 2023 04:14:44 GMT[\r][\n]"
01:14:44.651 [Test worker] DEBUG com.github.dockerjava.zerodep.shaded.org.apache.hc.client5.http.wire - http-outgoing-2 << "Docker-Experimental: false[\r][\n]"
01:14:44.651 [Test worker] DEBUG com.github.dockerjava.zerodep.shaded.org.apache.hc.client5.http.wire - http-outgoing-2 << "Ostype: linux[\r][\n]"
01:14:44.651 [Test worker] DEBUG com.github.dockerjava.zerodep.shaded.org.apache.hc.client5.http.wire - http-outgoing-2 << "Server: Docker/20.10.21 (linux)[\r][\n]"
01:14:44.651 [Test worker] DEBUG com.github.dockerjava.zerodep.shaded.org.apache.hc.client5.http.wire - http-outgoing-2 << "Transfer-Encoding: chunked[\r][\n]"
01:14:44.651 [Test worker] DEBUG com.github.dockerjava.zerodep.shaded.org.apache.hc.client5.http.wire - http-outgoing-2 << "[\r][\n]"
01:14:44.651 [Test worker] DEBUG com.github.dockerjava.zerodep.shaded.org.apache.hc.client5.http.headers - http-outgoing-2 << HTTP/1.1 200 OK
01:14:44.651 [Test worker] DEBUG com.github.dockerjava.zerodep.shaded.org.apache.hc.client5.http.headers - http-outgoing-2 << Api-Version: 1.41
01:14:44.651 [Test worker] DEBUG com.github.dockerjava.zerodep.shaded.org.apache.hc.client5.http.headers - http-outgoing-2 << Content-Type: application/json
01:14:44.651 [Test worker] DEBUG com.github.dockerjava.zerodep.shaded.org.apache.hc.client5.http.headers - http-outgoing-2 << Date: Tue, 28 Mar 2023 04:14:44 GMT
01:14:44.651 [Test worker] DEBUG com.github.dockerjava.zerodep.shaded.org.apache.hc.client5.http.headers - http-outgoing-2 << Docker-Experimental: false
01:14:44.651 [Test worker] DEBUG com.github.dockerjava.zerodep.shaded.org.apache.hc.client5.http.headers - http-outgoing-2 << Ostype: linux
01:14:44.651 [Test worker] DEBUG com.github.dockerjava.zerodep.shaded.org.apache.hc.client5.http.headers - http-outgoing-2 << Server: Docker/20.10.21 (linux)
01:14:44.651 [Test worker] DEBUG com.github.dockerjava.zerodep.shaded.org.apache.hc.client5.http.headers - http-outgoing-2 << Transfer-Encoding: chunked
01:14:44.652 [Test worker] DEBUG com.github.dockerjava.zerodep.shaded.org.apache.hc.client5.http.impl.classic.MainClientExec - ex-00000014: connection can be kept alive for 3 MINUTES
01:14:44.653 [Test worker] DEBUG com.github.dockerjava.zerodep.shaded.org.apache.hc.client5.http.wire - http-outgoing-2 << "18c1[\r][\n]"
01:14:44.654 [Test worker] DEBUG com.github.dockerjava.zerodep.shaded.org.apache.hc.client5.http.wire - http-outgoing-2 << "{"Id":"cd5ecdf38df06b4092e6cf67100cd20ad9c3cb4b6e9303874a7bd89885b140c9","Created":"2023-03-28T04:14:43.179040379Z","Path":"docker-entrypoint.sh","Args":["mysqld"],"State":{"Status":"running","Running":true,"Paused":false,"Restarting":false,"OOMKilled":false,"Dead":false,"Pid":20152,"ExitCode":0,"Error":"","StartedAt":"2023-03-28T04:14:43.680338005Z","FinishedAt":"0001-01-01T00:00:00Z"},"Image":"sha256:c7c54c29e20dccc1aefb936c8eba8bb8b98b87a4921102aba87fde2df5810af9","ResolvConfPath":"/var/lib/docker/containers/cd5ecdf38df06b4092e6cf67100cd20ad9c3cb4b6e9303874a7bd89885b140c9/resolv.conf","HostnamePath":"/var/lib/docker/containers/cd5ecdf38df06b4092e6cf67100cd20ad9c3cb4b6e9303874a7bd89885b140c9/hostname","HostsPath":"/var/lib/docker/containers/cd5ecdf38df06b4092e6cf67100cd20ad9c3cb4b6e9303874a7bd89885b140c9/hosts","LogPath":"/var/lib/docker/containers/cd5ecdf38df06b4092e6cf67100cd20ad9c3cb4b6e9303874a7bd89885b140c9/cd5ecdf38df06b4092e6cf67100cd20ad9c3cb4b6e9303874a7bd89885b140c9-json.log","Name":"/keen_matsumoto","RestartCount":0,"Driver":"overlay2","Platform":"linux","MountLabel":"","ProcessLabel":"","AppArmorProfile":"","ExecIDs":null,"HostConfig":{"Binds":[],"ContainerIDFile":"","LogConfig":{"Type":"json-file","Config":{}},"NetworkMode":"default","PortBindings":{"3306/tcp":[{"HostIp":"0.0.0.0","HostPort":"0"}]},"RestartPolicy":{"Name":"","MaximumRetryCount":0},"AutoRemove":false,"VolumeDriver":"","VolumesFrom":[],"CapAdd":null,"CapDrop":null,"CgroupnsMode":"private","Dns":null,"DnsOptions":null,"DnsSearch":null,"ExtraHosts":[],"GroupAdd":null,"IpcMode":"shareable","Cgroup":"","Links":null,"OomScoreAdj":0,"PidMode":"","Privileged":false,"PublishAllPorts":false,"ReadonlyRootfs":false,"SecurityOpt":null,"UTSMode":"","UsernsMode":"","ShmSize":67108864,"Runtime":"runc","ConsoleSize":[0,0],"Isolation":"","CpuShares":0,"Memory":0,"NanoCpus":0,"CgroupParent":"","BlkioWeight":0,"BlkioWeightDevice":null,"BlkioDeviceReadBps":null,"BlkioDeviceWriteBps":null,"BlkioDeviceReadIOps":null,"BlkioDeviceWriteIOps":null,"CpuPeriod":0,"CpuQuota":0,"CpuRealtimePeriod":0,"CpuRealtimeRuntime":0,"CpusetCpus":"","CpusetMems":"","Devices":null,"DeviceCgroupRules":null,"DeviceRequests":null,"KernelMemory":0,"KernelMemoryTCP":0,"MemoryReservation":0,"MemorySwap":0,"MemorySwappiness":null,"OomKillDisable":null,"PidsLimit":null,"Ulimits":null,"CpuCount":0,"CpuPercent":0,"IOMaximumIOps":0,"IOMaximumBandwidth":0,"MaskedPaths":["/proc/asound","/proc/acpi","/proc/kcore","/proc/keys","/proc/latency_stats","/proc/timer_list","/proc/timer_stats","/proc/sched_debug","/proc/scsi","/sys/firmware"],"ReadonlyPaths":["/proc/bus","/proc/fs","/proc/irq","/proc/sys","/proc/sysrq-trigger"]},"GraphDriver":{"Data":{"LowerDir":"/var/lib/docker/overlay2/830e690ec83ecff869b59e4f673c0c63b2bc5c068e9f710933e6f61763699fd2-init/diff:/var/lib/docker/overlay2/1bd8849d7a296305617011f940aa5cfabbe972a513397b1b6bbc27639b6c1f30/diff:/var/lib/docker/overlay2/199d69b2fbf78af4d4c95dec4fd2f8835ab0347eb49fb20ebb2ff3b99fedd6ad/diff:/var/lib/docker/overlay2/d83c38d654989311f75b9491329846033bfb7714de76ef635380dcfad5c740d9/diff:/var/lib/docker/overlay2/08600d0aea2ab2728bebcf5d2589c640a842f53d1ba3c4a4adccb4d03b923cf6/diff:/var/lib/docker/overlay2/9ec7c63a3fb14d13ac788bbf5e282ca821edc41260b79944e5e631037d13ecda/diff:/var/lib/docker/overlay2/db601d7a1b4ea6da638db620462f0da96fa55c559d02269c9ddb09027936ed87/diff:/var/lib/docker/overlay2/a6d2bd03f942e2565f21e74cfe152c7ec836a1c2b583f0790c685b92bdcfda24/diff:/var/lib/docker/overlay2/9badd16ea2c5e2bf1fde8b579683e41137dfc46ed5449234149f199a6751cc84/diff:/var/lib/docker/overlay2/6efb85646ed12e2d1181ef4cc6f6f6732c00c15a4035fe17ebc4f075ca573c30/diff:/var/lib/docker/overlay2/895d7c0ec09144d6ed33936f4e98e11c18010f7abd708cae1ce43aec7a7f2621/diff:/var/lib/docker/overlay2/1c4ba77aa573ab6e5e5069fd15eae71b3da940bde0f97a922a227ffc8a1d1096/diff","MergedDir":"/var/lib/docker/overlay2/830e690ec83ecff869b59e4f673c0c63b2bc5c068e9f710933e6f61763699fd2/merged","UpperDir":"/var/lib/docker/overlay2/830e690ec83ecff869b59e4f673c0c63b2bc5c068e9f710933e6f61763699fd2/diff","WorkDir":"/var/lib/docker/overlay2/830e690ec83ecff869b59e4f673c0c63b2bc5c068e9f710933e6f61763699fd2/work"},"Name":"overlay2"},"Mounts":[{"Type":"volume","Name":"25868b8cea8ad6eba7f00a6fe83e8848def5cff8aab5c5943024031400fa063d","Source":"/var/lib/docker/volumes/25868b8cea8ad6eba7f00a6fe83e8848def5cff8aab5c5943024031400fa063d/_data","Destination":"/var/lib/mysql","Driver":"local","Mode":"","RW":true,"Propagation":""}],"Config":{"Hostname":"cd5ecdf38df0","Domainname":"","User":"","AttachStdin":false,"AttachStdout":false,"AttachStderr":false,"ExposedPorts":{"3306/tcp":{},"33060/tcp":{}},"Tty":false,"OpenStdin":false,"StdinOnce":false,"Env":["MYSQL_DATABASE=adm_videos","MYSQL_PASSWORD=123456","MYSQL_ROOT_PASSWORD=123456","PATH=/usr/local/sbin:/usr/local/bin:/usr/sbin:/usr/bin:/sbin:/bin","GOSU_VERSION=1.16","MYSQL_MAJOR=8.0","MYSQL_VERSION=8.0.32-1.el8","MYSQL_SHELL_VERSION=8.0.32-1.el8"],"Cmd":["mysqld"],"Image":"mysql:latest","Volumes":{"/var/lib/mysql":{}},"WorkingDir":"","Entrypoint":["docker-entrypoint.sh"],"OnBuild":null,"Labels":{"org.testcontainers":"true","org.testcontainers.lang":"java","org.testcontainers.sessionId":"71b9672a-6f61-4546-a7b6-d603100b2e56","org.testcontainers.version":"1.17.6"}},"NetworkSettings":{"Bridge":"","SandboxID":"56762d63452c709eadac6b5c5f4b6cdd30da833580c632f91fd658806eaf4ddb","HairpinMode":false,"LinkLocalIPv6Address":"","LinkLocalIPv6PrefixLen":0,"Ports":{"3306/tcp":[{"HostIp":"0.0.0.0","HostPort":"63819"}],"33060/tcp":null},"SandboxKey":"/var/run/docker/netns/56762d63452c","SecondaryIPAddresses":null,"SecondaryIPv6Addresses":null,"EndpointID":"92fc2600684327987bceb8e2716a72ba2420fccd56812c1491af8c03946e105c","Gateway":"172.17.0.1","GlobalIPv6Address":"","GlobalIPv6PrefixLen":0,"IPAddress":"172.17.0.3","IPPrefixLen":16,"IPv6Gateway":"","MacAddress":"02:42:ac:11:00:03","Networks":{"bridge":{"IPAMConfig":null,"Links":null,"Aliases":null,"NetworkID":"308e234c143065751b16b4500cb9f48d5c7fc2116504b3d816a5e51cd4771062","EndpointID":"92fc2600684327987bceb8e2716a72ba2420fccd56812c1491af8c03946e105c","Gateway":"172.17.0.1","IPAddress":"172.17.0.3","IPPrefixLen":16,"IPv6Gateway":"","GlobalIPv6Address":"","GlobalIPv6PrefixLen":0,"MacAddress":"02:42:ac:11:00:03","DriverOpts":null}}}}[\n]"
01:14:44.654 [Test worker] DEBUG com.github.dockerjava.zerodep.shaded.org.apache.hc.client5.http.wire - http-outgoing-2 << "[\r][\n]"
01:14:44.655 [Test worker] DEBUG com.github.dockerjava.zerodep.shaded.org.apache.hc.client5.http.wire - http-outgoing-2 << "0[\r][\n]"
01:14:44.655 [Test worker] DEBUG com.github.dockerjava.zerodep.shaded.org.apache.hc.client5.http.wire - http-outgoing-2 << "[\r][\n]"
01:14:44.655 [Test worker] DEBUG com.github.dockerjava.zerodep.shaded.org.apache.hc.client5.http.impl.classic.InternalHttpClient - ep-00000013: releasing valid endpoint
01:14:44.655 [Test worker] DEBUG com.github.dockerjava.zerodep.shaded.org.apache.hc.client5.http.impl.io.PoolingHttpClientConnectionManager - ep-00000013: releasing endpoint
01:14:44.655 [Test worker] DEBUG com.github.dockerjava.zerodep.shaded.org.apache.hc.client5.http.impl.io.PoolingHttpClientConnectionManager - ep-00000013: connection http-outgoing-2 can be kept alive for 3 MINUTES
01:14:44.655 [Test worker] DEBUG com.github.dockerjava.zerodep.shaded.org.apache.hc.client5.http.impl.io.PoolingHttpClientConnectionManager - ep-00000013: connection released [route: {}->unix://localhost:2375][total available: 1; route allocated: 1 of 2147483647; total allocated: 1 of 2147483647]
01:14:44.655 [Test worker] DEBUG ]]>&#x1f433;<![CDATA[ [mysql:latest] - Trying to create JDBC connection using com.mysql.cj.jdbc.Driver to jdbc:mysql://localhost:63819/adm_videos?useSSL=false&allowPublicKeyRetrieval=true with properties: {password=123456, user=root}
01:14:44.762 [Test worker] DEBUG org.testcontainers.shaded.com.github.dockerjava.core.command.AbstrDockerCmd - Cmd: cd5ecdf38df06b4092e6cf67100cd20ad9c3cb4b6e9303874a7bd89885b140c9,false
01:14:44.763 [Test worker] DEBUG org.testcontainers.shaded.com.github.dockerjava.core.exec.InspectContainerCmdExec - GET: DefaultWebTarget{path=[/containers/cd5ecdf38df06b4092e6cf67100cd20ad9c3cb4b6e9303874a7bd89885b140c9/json], queryParams={}}
01:14:44.763 [Test worker] DEBUG com.github.dockerjava.zerodep.shaded.org.apache.hc.client5.http.impl.classic.InternalHttpClient - ex-00000015: preparing request execution
01:14:44.763 [Test worker] DEBUG com.github.dockerjava.zerodep.shaded.org.apache.hc.client5.http.protocol.RequestAddCookies - Cookie spec selected: strict
01:14:44.763 [Test worker] DEBUG com.github.dockerjava.zerodep.shaded.org.apache.hc.client5.http.protocol.RequestAuthCache - Auth cache not set in the context
01:14:44.763 [Test worker] DEBUG com.github.dockerjava.zerodep.shaded.org.apache.hc.client5.http.impl.classic.ProtocolExec - ex-00000015: target auth state: UNCHALLENGED
01:14:44.763 [Test worker] DEBUG com.github.dockerjava.zerodep.shaded.org.apache.hc.client5.http.impl.classic.ProtocolExec - ex-00000015: proxy auth state: UNCHALLENGED
01:14:44.763 [Test worker] DEBUG com.github.dockerjava.zerodep.shaded.org.apache.hc.client5.http.impl.classic.ConnectExec - ex-00000015: acquiring connection with route {}->unix://localhost:2375
01:14:44.763 [Test worker] DEBUG com.github.dockerjava.zerodep.shaded.org.apache.hc.client5.http.impl.classic.InternalHttpClient - ex-00000015: acquiring endpoint (3 MINUTES)
01:14:44.763 [Test worker] DEBUG com.github.dockerjava.zerodep.shaded.org.apache.hc.client5.http.impl.io.PoolingHttpClientConnectionManager - ex-00000015: endpoint lease request (3 MINUTES) [route: {}->unix://localhost:2375][total available: 1; route allocated: 1 of 2147483647; total allocated: 1 of 2147483647]
01:14:44.763 [Test worker] DEBUG com.github.dockerjava.zerodep.shaded.org.apache.hc.client5.http.impl.io.PoolingHttpClientConnectionManager - ex-00000015: endpoint leased [route: {}->unix://localhost:2375][total available: 0; route allocated: 1 of 2147483647; total allocated: 1 of 2147483647]
01:14:44.763 [Test worker] DEBUG com.github.dockerjava.zerodep.shaded.org.apache.hc.client5.http.impl.io.PoolingHttpClientConnectionManager - ex-00000015: acquired ep-00000014
01:14:44.763 [Test worker] DEBUG com.github.dockerjava.zerodep.shaded.org.apache.hc.client5.http.impl.classic.InternalHttpClient - ex-00000015: acquired endpoint ep-00000014
01:14:44.763 [Test worker] DEBUG com.github.dockerjava.zerodep.shaded.org.apache.hc.client5.http.impl.classic.MainClientExec - ex-00000015: executing GET /v1.32/containers/cd5ecdf38df06b4092e6cf67100cd20ad9c3cb4b6e9303874a7bd89885b140c9/json HTTP/1.1
01:14:44.763 [Test worker] DEBUG com.github.dockerjava.zerodep.shaded.org.apache.hc.client5.http.impl.classic.InternalHttpClient - ep-00000014: start execution ex-00000015
01:14:44.764 [Test worker] DEBUG com.github.dockerjava.zerodep.shaded.org.apache.hc.client5.http.impl.io.PoolingHttpClientConnectionManager - ep-00000014: executing exchange ex-00000015 over http-outgoing-2
01:14:44.764 [Test worker] DEBUG com.github.dockerjava.zerodep.shaded.org.apache.hc.client5.http.headers - http-outgoing-2 >> GET /v1.32/containers/cd5ecdf38df06b4092e6cf67100cd20ad9c3cb4b6e9303874a7bd89885b140c9/json HTTP/1.1
01:14:44.764 [Test worker] DEBUG com.github.dockerjava.zerodep.shaded.org.apache.hc.client5.http.headers - http-outgoing-2 >> accept: application/json
01:14:44.764 [Test worker] DEBUG com.github.dockerjava.zerodep.shaded.org.apache.hc.client5.http.headers - http-outgoing-2 >> x-tc-sid: 71b9672a-6f61-4546-a7b6-d603100b2e56
01:14:44.764 [Test worker] DEBUG com.github.dockerjava.zerodep.shaded.org.apache.hc.client5.http.headers - http-outgoing-2 >> Accept-Encoding: gzip, x-gzip, deflate
01:14:44.764 [Test worker] DEBUG com.github.dockerjava.zerodep.shaded.org.apache.hc.client5.http.headers - http-outgoing-2 >> Host: localhost:2375
01:14:44.764 [Test worker] DEBUG com.github.dockerjava.zerodep.shaded.org.apache.hc.client5.http.headers - http-outgoing-2 >> Connection: keep-alive
01:14:44.764 [Test worker] DEBUG com.github.dockerjava.zerodep.shaded.org.apache.hc.client5.http.headers - http-outgoing-2 >> User-Agent: Apache-HttpClient/5.0.3 (Java/17.0.2)
01:14:44.764 [Test worker] DEBUG com.github.dockerjava.zerodep.shaded.org.apache.hc.client5.http.wire - http-outgoing-2 >> "GET /v1.32/containers/cd5ecdf38df06b4092e6cf67100cd20ad9c3cb4b6e9303874a7bd89885b140c9/json HTTP/1.1[\r][\n]"
01:14:44.764 [Test worker] DEBUG com.github.dockerjava.zerodep.shaded.org.apache.hc.client5.http.wire - http-outgoing-2 >> "accept: application/json[\r][\n]"
01:14:44.764 [Test worker] DEBUG com.github.dockerjava.zerodep.shaded.org.apache.hc.client5.http.wire - http-outgoing-2 >> "x-tc-sid: 71b9672a-6f61-4546-a7b6-d603100b2e56[\r][\n]"
01:14:44.764 [Test worker] DEBUG com.github.dockerjava.zerodep.shaded.org.apache.hc.client5.http.wire - http-outgoing-2 >> "Accept-Encoding: gzip, x-gzip, deflate[\r][\n]"
01:14:44.764 [Test worker] DEBUG com.github.dockerjava.zerodep.shaded.org.apache.hc.client5.http.wire - http-outgoing-2 >> "Host: localhost:2375[\r][\n]"
01:14:44.764 [Test worker] DEBUG com.github.dockerjava.zerodep.shaded.org.apache.hc.client5.http.wire - http-outgoing-2 >> "Connection: keep-alive[\r][\n]"
01:14:44.764 [Test worker] DEBUG com.github.dockerjava.zerodep.shaded.org.apache.hc.client5.http.wire - http-outgoing-2 >> "User-Agent: Apache-HttpClient/5.0.3 (Java/17.0.2)[\r][\n]"
01:14:44.764 [Test worker] DEBUG com.github.dockerjava.zerodep.shaded.org.apache.hc.client5.http.wire - http-outgoing-2 >> "[\r][\n]"
01:14:44.766 [Test worker] DEBUG com.github.dockerjava.zerodep.shaded.org.apache.hc.client5.http.wire - http-outgoing-2 << "HTTP/1.1 200 OK[\r][\n]"
01:14:44.766 [Test worker] DEBUG com.github.dockerjava.zerodep.shaded.org.apache.hc.client5.http.wire - http-outgoing-2 << "Api-Version: 1.41[\r][\n]"
01:14:44.766 [Test worker] DEBUG com.github.dockerjava.zerodep.shaded.org.apache.hc.client5.http.wire - http-outgoing-2 << "Content-Type: application/json[\r][\n]"
01:14:44.766 [Test worker] DEBUG com.github.dockerjava.zerodep.shaded.org.apache.hc.client5.http.wire - http-outgoing-2 << "Date: Tue, 28 Mar 2023 04:14:44 GMT[\r][\n]"
01:14:44.766 [Test worker] DEBUG com.github.dockerjava.zerodep.shaded.org.apache.hc.client5.http.wire - http-outgoing-2 << "Docker-Experimental: false[\r][\n]"
01:14:44.766 [Test worker] DEBUG com.github.dockerjava.zerodep.shaded.org.apache.hc.client5.http.wire - http-outgoing-2 << "Ostype: linux[\r][\n]"
01:14:44.766 [Test worker] DEBUG com.github.dockerjava.zerodep.shaded.org.apache.hc.client5.http.wire - http-outgoing-2 << "Server: Docker/20.10.21 (linux)[\r][\n]"
01:14:44.766 [Test worker] DEBUG com.github.dockerjava.zerodep.shaded.org.apache.hc.client5.http.wire - http-outgoing-2 << "Transfer-Encoding: chunked[\r][\n]"
01:14:44.766 [Test worker] DEBUG com.github.dockerjava.zerodep.shaded.org.apache.hc.client5.http.wire - http-outgoing-2 << "[\r][\n]"
01:14:44.766 [Test worker] DEBUG com.github.dockerjava.zerodep.shaded.org.apache.hc.client5.http.headers - http-outgoing-2 << HTTP/1.1 200 OK
01:14:44.766 [Test worker] DEBUG com.github.dockerjava.zerodep.shaded.org.apache.hc.client5.http.headers - http-outgoing-2 << Api-Version: 1.41
01:14:44.766 [Test worker] DEBUG com.github.dockerjava.zerodep.shaded.org.apache.hc.client5.http.headers - http-outgoing-2 << Content-Type: application/json
01:14:44.766 [Test worker] DEBUG com.github.dockerjava.zerodep.shaded.org.apache.hc.client5.http.headers - http-outgoing-2 << Date: Tue, 28 Mar 2023 04:14:44 GMT
01:14:44.766 [Test worker] DEBUG com.github.dockerjava.zerodep.shaded.org.apache.hc.client5.http.headers - http-outgoing-2 << Docker-Experimental: false
01:14:44.766 [Test worker] DEBUG com.github.dockerjava.zerodep.shaded.org.apache.hc.client5.http.headers - http-outgoing-2 << Ostype: linux
01:14:44.766 [Test worker] DEBUG com.github.dockerjava.zerodep.shaded.org.apache.hc.client5.http.headers - http-outgoing-2 << Server: Docker/20.10.21 (linux)
01:14:44.766 [Test worker] DEBUG com.github.dockerjava.zerodep.shaded.org.apache.hc.client5.http.headers - http-outgoing-2 << Transfer-Encoding: chunked
01:14:44.767 [Test worker] DEBUG com.github.dockerjava.zerodep.shaded.org.apache.hc.client5.http.impl.classic.MainClientExec - ex-00000015: connection can be kept alive for 3 MINUTES
01:14:44.769 [Test worker] DEBUG com.github.dockerjava.zerodep.shaded.org.apache.hc.client5.http.wire - http-outgoing-2 << "18c1[\r][\n]"
01:14:44.769 [Test worker] DEBUG com.github.dockerjava.zerodep.shaded.org.apache.hc.client5.http.wire - http-outgoing-2 << "{"Id":"cd5ecdf38df06b4092e6cf67100cd20ad9c3cb4b6e9303874a7bd89885b140c9","Created":"2023-03-28T04:14:43.179040379Z","Path":"docker-entrypoint.sh","Args":["mysqld"],"State":{"Status":"running","Running":true,"Paused":false,"Restarting":false,"OOMKilled":false,"Dead":false,"Pid":20152,"ExitCode":0,"Error":"","StartedAt":"2023-03-28T04:14:43.680338005Z","FinishedAt":"0001-01-01T00:00:00Z"},"Image":"sha256:c7c54c29e20dccc1aefb936c8eba8bb8b98b87a4921102aba87fde2df5810af9","ResolvConfPath":"/var/lib/docker/containers/cd5ecdf38df06b4092e6cf67100cd20ad9c3cb4b6e9303874a7bd89885b140c9/resolv.conf","HostnamePath":"/var/lib/docker/containers/cd5ecdf38df06b4092e6cf67100cd20ad9c3cb4b6e9303874a7bd89885b140c9/hostname","HostsPath":"/var/lib/docker/containers/cd5ecdf38df06b4092e6cf67100cd20ad9c3cb4b6e9303874a7bd89885b140c9/hosts","LogPath":"/var/lib/docker/containers/cd5ecdf38df06b4092e6cf67100cd20ad9c3cb4b6e9303874a7bd89885b140c9/cd5ecdf38df06b4092e6cf67100cd20ad9c3cb4b6e9303874a7bd89885b140c9-json.log","Name":"/keen_matsumoto","RestartCount":0,"Driver":"overlay2","Platform":"linux","MountLabel":"","ProcessLabel":"","AppArmorProfile":"","ExecIDs":null,"HostConfig":{"Binds":[],"ContainerIDFile":"","LogConfig":{"Type":"json-file","Config":{}},"NetworkMode":"default","PortBindings":{"3306/tcp":[{"HostIp":"0.0.0.0","HostPort":"0"}]},"RestartPolicy":{"Name":"","MaximumRetryCount":0},"AutoRemove":false,"VolumeDriver":"","VolumesFrom":[],"CapAdd":null,"CapDrop":null,"CgroupnsMode":"private","Dns":null,"DnsOptions":null,"DnsSearch":null,"ExtraHosts":[],"GroupAdd":null,"IpcMode":"shareable","Cgroup":"","Links":null,"OomScoreAdj":0,"PidMode":"","Privileged":false,"PublishAllPorts":false,"ReadonlyRootfs":false,"SecurityOpt":null,"UTSMode":"","UsernsMode":"","ShmSize":67108864,"Runtime":"runc","ConsoleSize":[0,0],"Isolation":"","CpuShares":0,"Memory":0,"NanoCpus":0,"CgroupParent":"","BlkioWeight":0,"BlkioWeightDevice":null,"BlkioDeviceReadBps":null,"BlkioDeviceWriteBps":null,"BlkioDeviceReadIOps":null,"BlkioDeviceWriteIOps":null,"CpuPeriod":0,"CpuQuota":0,"CpuRealtimePeriod":0,"CpuRealtimeRuntime":0,"CpusetCpus":"","CpusetMems":"","Devices":null,"DeviceCgroupRules":null,"DeviceRequests":null,"KernelMemory":0,"KernelMemoryTCP":0,"MemoryReservation":0,"MemorySwap":0,"MemorySwappiness":null,"OomKillDisable":null,"PidsLimit":null,"Ulimits":null,"CpuCount":0,"CpuPercent":0,"IOMaximumIOps":0,"IOMaximumBandwidth":0,"MaskedPaths":["/proc/asound","/proc/acpi","/proc/kcore","/proc/keys","/proc/latency_stats","/proc/timer_list","/proc/timer_stats","/proc/sched_debug","/proc/scsi","/sys/firmware"],"ReadonlyPaths":["/proc/bus","/proc/fs","/proc/irq","/proc/sys","/proc/sysrq-trigger"]},"GraphDriver":{"Data":{"LowerDir":"/var/lib/docker/overlay2/830e690ec83ecff869b59e4f673c0c63b2bc5c068e9f710933e6f61763699fd2-init/diff:/var/lib/docker/overlay2/1bd8849d7a296305617011f940aa5cfabbe972a513397b1b6bbc27639b6c1f30/diff:/var/lib/docker/overlay2/199d69b2fbf78af4d4c95dec4fd2f8835ab0347eb49fb20ebb2ff3b99fedd6ad/diff:/var/lib/docker/overlay2/d83c38d654989311f75b9491329846033bfb7714de76ef635380dcfad5c740d9/diff:/var/lib/docker/overlay2/08600d0aea2ab2728bebcf5d2589c640a842f53d1ba3c4a4adccb4d03b923cf6/diff:/var/lib/docker/overlay2/9ec7c63a3fb14d13ac788bbf5e282ca821edc41260b79944e5e631037d13ecda/diff:/var/lib/docker/overlay2/db601d7a1b4ea6da638db620462f0da96fa55c559d02269c9ddb09027936ed87/diff:/var/lib/docker/overlay2/a6d2bd03f942e2565f21e74cfe152c7ec836a1c2b583f0790c685b92bdcfda24/diff:/var/lib/docker/overlay2/9badd16ea2c5e2bf1fde8b579683e41137dfc46ed5449234149f199a6751cc84/diff:/var/lib/docker/overlay2/6efb85646ed12e2d1181ef4cc6f6f6732c00c15a4035fe17ebc4f075ca573c30/diff:/var/lib/docker/overlay2/895d7c0ec09144d6ed33936f4e98e11c18010f7abd708cae1ce43aec7a7f2621/diff:/var/lib/docker/overlay2/1c4ba77aa573ab6e5e5069fd15eae71b3da940bde0f97a922a227ffc8a1d1096/diff","MergedDir":"/var/lib/docker/overlay2/830e690ec83ecff869b59e4f673c0c63b2bc5c068e9f710933e6f61763699fd2/merged","UpperDir":"/var/lib/docker/overlay2/830e690ec83ecff869b59e4f673c0c63b2bc5c068e9f710933e6f61763699fd2/diff","WorkDir":"/var/lib/docker/overlay2/830e690ec83ecff869b59e4f673c0c63b2bc5c068e9f710933e6f61763699fd2/work"},"Name":"overlay2"},"Mounts":[{"Type":"volume","Name":"25868b8cea8ad6eba7f00a6fe83e8848def5cff8aab5c5943024031400fa063d","Source":"/var/lib/docker/volumes/25868b8cea8ad6eba7f00a6fe83e8848def5cff8aab5c5943024031400fa063d/_data","Destination":"/var/lib/mysql","Driver":"local","Mode":"","RW":true,"Propagation":""}],"Config":{"Hostname":"cd5ecdf38df0","Domainname":"","User":"","AttachStdin":false,"AttachStdout":false,"AttachStderr":false,"ExposedPorts":{"3306/tcp":{},"33060/tcp":{}},"Tty":false,"OpenStdin":false,"StdinOnce":false,"Env":["MYSQL_DATABASE=adm_videos","MYSQL_PASSWORD=123456","MYSQL_ROOT_PASSWORD=123456","PATH=/usr/local/sbin:/usr/local/bin:/usr/sbin:/usr/bin:/sbin:/bin","GOSU_VERSION=1.16","MYSQL_MAJOR=8.0","MYSQL_VERSION=8.0.32-1.el8","MYSQL_SHELL_VERSION=8.0.32-1.el8"],"Cmd":["mysqld"],"Image":"mysql:latest","Volumes":{"/var/lib/mysql":{}},"WorkingDir":"","Entrypoint":["docker-entrypoint.sh"],"OnBuild":null,"Labels":{"org.testcontainers":"true","org.testcontainers.lang":"java","org.testcontainers.sessionId":"71b9672a-6f61-4546-a7b6-d603100b2e56","org.testcontainers.version":"1.17.6"}},"NetworkSettings":{"Bridge":"","SandboxID":"56762d63452c709eadac6b5c5f4b6cdd30da833580c632f91fd658806eaf4ddb","HairpinMode":false,"LinkLocalIPv6Address":"","LinkLocalIPv6PrefixLen":0,"Ports":{"3306/tcp":[{"HostIp":"0.0.0.0","HostPort":"63819"}],"33060/tcp":null},"SandboxKey":"/var/run/docker/netns/56762d63452c","SecondaryIPAddresses":null,"SecondaryIPv6Addresses":null,"EndpointID":"92fc2600684327987bceb8e2716a72ba2420fccd56812c1491af8c03946e105c","Gateway":"172.17.0.1","GlobalIPv6Address":"","GlobalIPv6PrefixLen":0,"IPAddress":"172.17.0.3","IPPrefixLen":16,"IPv6Gateway":"","MacAddress":"02:42:ac:11:00:03","Networks":{"bridge":{"IPAMConfig":null,"Links":null,"Aliases":null,"NetworkID":"308e234c143065751b16b4500cb9f48d5c7fc2116504b3d816a5e51cd4771062","EndpointID":"92fc2600684327987bceb8e2716a72ba2420fccd56812c1491af8c03946e105c","Gateway":"172.17.0.1","IPAddress":"172.17.0.3","IPPrefixLen":16,"IPv6Gateway":"","GlobalIPv6Address":"","GlobalIPv6PrefixLen":0,"MacAddress":"02:42:ac:11:00:03","DriverOpts":null}}}}[\n]"
01:14:44.769 [Test worker] DEBUG com.github.dockerjava.zerodep.shaded.org.apache.hc.client5.http.wire - http-outgoing-2 << "[\r][\n]"
01:14:44.770 [Test worker] DEBUG com.github.dockerjava.zerodep.shaded.org.apache.hc.client5.http.wire - http-outgoing-2 << "0[\r][\n]"
01:14:44.770 [Test worker] DEBUG com.github.dockerjava.zerodep.shaded.org.apache.hc.client5.http.wire - http-outgoing-2 << "[\r][\n]"
01:14:44.770 [Test worker] DEBUG com.github.dockerjava.zerodep.shaded.org.apache.hc.client5.http.impl.classic.InternalHttpClient - ep-00000014: releasing valid endpoint
01:14:44.770 [Test worker] DEBUG com.github.dockerjava.zerodep.shaded.org.apache.hc.client5.http.impl.io.PoolingHttpClientConnectionManager - ep-00000014: releasing endpoint
01:14:44.770 [Test worker] DEBUG com.github.dockerjava.zerodep.shaded.org.apache.hc.client5.http.impl.io.PoolingHttpClientConnectionManager - ep-00000014: connection http-outgoing-2 can be kept alive for 3 MINUTES
01:14:44.770 [Test worker] DEBUG com.github.dockerjava.zerodep.shaded.org.apache.hc.client5.http.impl.io.PoolingHttpClientConnectionManager - ep-00000014: connection released [route: {}->unix://localhost:2375][total available: 1; route allocated: 1 of 2147483647; total allocated: 1 of 2147483647]
01:14:44.771 [Test worker] DEBUG ]]>&#x1f433;<![CDATA[ [mysql:latest] - Trying to create JDBC connection using com.mysql.cj.jdbc.Driver to jdbc:mysql://localhost:63819/adm_videos?useSSL=false&allowPublicKeyRetrieval=true with properties: {password=123456, user=root}
01:14:44.874 [Test worker] DEBUG org.testcontainers.shaded.com.github.dockerjava.core.command.AbstrDockerCmd - Cmd: cd5ecdf38df06b4092e6cf67100cd20ad9c3cb4b6e9303874a7bd89885b140c9,false
01:14:44.874 [Test worker] DEBUG org.testcontainers.shaded.com.github.dockerjava.core.exec.InspectContainerCmdExec - GET: DefaultWebTarget{path=[/containers/cd5ecdf38df06b4092e6cf67100cd20ad9c3cb4b6e9303874a7bd89885b140c9/json], queryParams={}}
01:14:44.874 [Test worker] DEBUG com.github.dockerjava.zerodep.shaded.org.apache.hc.client5.http.impl.classic.InternalHttpClient - ex-00000016: preparing request execution
01:14:44.874 [Test worker] DEBUG com.github.dockerjava.zerodep.shaded.org.apache.hc.client5.http.protocol.RequestAddCookies - Cookie spec selected: strict
01:14:44.874 [Test worker] DEBUG com.github.dockerjava.zerodep.shaded.org.apache.hc.client5.http.protocol.RequestAuthCache - Auth cache not set in the context
01:14:44.874 [Test worker] DEBUG com.github.dockerjava.zerodep.shaded.org.apache.hc.client5.http.impl.classic.ProtocolExec - ex-00000016: target auth state: UNCHALLENGED
01:14:44.874 [Test worker] DEBUG com.github.dockerjava.zerodep.shaded.org.apache.hc.client5.http.impl.classic.ProtocolExec - ex-00000016: proxy auth state: UNCHALLENGED
01:14:44.874 [Test worker] DEBUG com.github.dockerjava.zerodep.shaded.org.apache.hc.client5.http.impl.classic.ConnectExec - ex-00000016: acquiring connection with route {}->unix://localhost:2375
01:14:44.874 [Test worker] DEBUG com.github.dockerjava.zerodep.shaded.org.apache.hc.client5.http.impl.classic.InternalHttpClient - ex-00000016: acquiring endpoint (3 MINUTES)
01:14:44.875 [Test worker] DEBUG com.github.dockerjava.zerodep.shaded.org.apache.hc.client5.http.impl.io.PoolingHttpClientConnectionManager - ex-00000016: endpoint lease request (3 MINUTES) [route: {}->unix://localhost:2375][total available: 1; route allocated: 1 of 2147483647; total allocated: 1 of 2147483647]
01:14:44.875 [Test worker] DEBUG com.github.dockerjava.zerodep.shaded.org.apache.hc.client5.http.impl.io.PoolingHttpClientConnectionManager - ex-00000016: endpoint leased [route: {}->unix://localhost:2375][total available: 0; route allocated: 1 of 2147483647; total allocated: 1 of 2147483647]
01:14:44.875 [Test worker] DEBUG com.github.dockerjava.zerodep.shaded.org.apache.hc.client5.http.impl.io.PoolingHttpClientConnectionManager - ex-00000016: acquired ep-00000015
01:14:44.875 [Test worker] DEBUG com.github.dockerjava.zerodep.shaded.org.apache.hc.client5.http.impl.classic.InternalHttpClient - ex-00000016: acquired endpoint ep-00000015
01:14:44.875 [Test worker] DEBUG com.github.dockerjava.zerodep.shaded.org.apache.hc.client5.http.impl.classic.MainClientExec - ex-00000016: executing GET /v1.32/containers/cd5ecdf38df06b4092e6cf67100cd20ad9c3cb4b6e9303874a7bd89885b140c9/json HTTP/1.1
01:14:44.875 [Test worker] DEBUG com.github.dockerjava.zerodep.shaded.org.apache.hc.client5.http.impl.classic.InternalHttpClient - ep-00000015: start execution ex-00000016
01:14:44.875 [Test worker] DEBUG com.github.dockerjava.zerodep.shaded.org.apache.hc.client5.http.impl.io.PoolingHttpClientConnectionManager - ep-00000015: executing exchange ex-00000016 over http-outgoing-2
01:14:44.875 [Test worker] DEBUG com.github.dockerjava.zerodep.shaded.org.apache.hc.client5.http.headers - http-outgoing-2 >> GET /v1.32/containers/cd5ecdf38df06b4092e6cf67100cd20ad9c3cb4b6e9303874a7bd89885b140c9/json HTTP/1.1
01:14:44.875 [Test worker] DEBUG com.github.dockerjava.zerodep.shaded.org.apache.hc.client5.http.headers - http-outgoing-2 >> accept: application/json
01:14:44.875 [Test worker] DEBUG com.github.dockerjava.zerodep.shaded.org.apache.hc.client5.http.headers - http-outgoing-2 >> x-tc-sid: 71b9672a-6f61-4546-a7b6-d603100b2e56
01:14:44.875 [Test worker] DEBUG com.github.dockerjava.zerodep.shaded.org.apache.hc.client5.http.headers - http-outgoing-2 >> Accept-Encoding: gzip, x-gzip, deflate
01:14:44.875 [Test worker] DEBUG com.github.dockerjava.zerodep.shaded.org.apache.hc.client5.http.headers - http-outgoing-2 >> Host: localhost:2375
01:14:44.875 [Test worker] DEBUG com.github.dockerjava.zerodep.shaded.org.apache.hc.client5.http.headers - http-outgoing-2 >> Connection: keep-alive
01:14:44.875 [Test worker] DEBUG com.github.dockerjava.zerodep.shaded.org.apache.hc.client5.http.headers - http-outgoing-2 >> User-Agent: Apache-HttpClient/5.0.3 (Java/17.0.2)
01:14:44.875 [Test worker] DEBUG com.github.dockerjava.zerodep.shaded.org.apache.hc.client5.http.wire - http-outgoing-2 >> "GET /v1.32/containers/cd5ecdf38df06b4092e6cf67100cd20ad9c3cb4b6e9303874a7bd89885b140c9/json HTTP/1.1[\r][\n]"
01:14:44.875 [Test worker] DEBUG com.github.dockerjava.zerodep.shaded.org.apache.hc.client5.http.wire - http-outgoing-2 >> "accept: application/json[\r][\n]"
01:14:44.875 [Test worker] DEBUG com.github.dockerjava.zerodep.shaded.org.apache.hc.client5.http.wire - http-outgoing-2 >> "x-tc-sid: 71b9672a-6f61-4546-a7b6-d603100b2e56[\r][\n]"
01:14:44.875 [Test worker] DEBUG com.github.dockerjava.zerodep.shaded.org.apache.hc.client5.http.wire - http-outgoing-2 >> "Accept-Encoding: gzip, x-gzip, deflate[\r][\n]"
01:14:44.875 [Test worker] DEBUG com.github.dockerjava.zerodep.shaded.org.apache.hc.client5.http.wire - http-outgoing-2 >> "Host: localhost:2375[\r][\n]"
01:14:44.875 [Test worker] DEBUG com.github.dockerjava.zerodep.shaded.org.apache.hc.client5.http.wire - http-outgoing-2 >> "Connection: keep-alive[\r][\n]"
01:14:44.875 [Test worker] DEBUG com.github.dockerjava.zerodep.shaded.org.apache.hc.client5.http.wire - http-outgoing-2 >> "User-Agent: Apache-HttpClient/5.0.3 (Java/17.0.2)[\r][\n]"
01:14:44.875 [Test worker] DEBUG com.github.dockerjava.zerodep.shaded.org.apache.hc.client5.http.wire - http-outgoing-2 >> "[\r][\n]"
01:14:44.878 [Test worker] DEBUG com.github.dockerjava.zerodep.shaded.org.apache.hc.client5.http.wire - http-outgoing-2 << "HTTP/1.1 200 OK[\r][\n]"
01:14:44.878 [Test worker] DEBUG com.github.dockerjava.zerodep.shaded.org.apache.hc.client5.http.wire - http-outgoing-2 << "Api-Version: 1.41[\r][\n]"
01:14:44.878 [Test worker] DEBUG com.github.dockerjava.zerodep.shaded.org.apache.hc.client5.http.wire - http-outgoing-2 << "Content-Type: application/json[\r][\n]"
01:14:44.878 [Test worker] DEBUG com.github.dockerjava.zerodep.shaded.org.apache.hc.client5.http.wire - http-outgoing-2 << "Date: Tue, 28 Mar 2023 04:14:44 GMT[\r][\n]"
01:14:44.878 [Test worker] DEBUG com.github.dockerjava.zerodep.shaded.org.apache.hc.client5.http.wire - http-outgoing-2 << "Docker-Experimental: false[\r][\n]"
01:14:44.878 [Test worker] DEBUG com.github.dockerjava.zerodep.shaded.org.apache.hc.client5.http.wire - http-outgoing-2 << "Ostype: linux[\r][\n]"
01:14:44.878 [Test worker] DEBUG com.github.dockerjava.zerodep.shaded.org.apache.hc.client5.http.wire - http-outgoing-2 << "Server: Docker/20.10.21 (linux)[\r][\n]"
01:14:44.878 [Test worker] DEBUG com.github.dockerjava.zerodep.shaded.org.apache.hc.client5.http.wire - http-outgoing-2 << "Transfer-Encoding: chunked[\r][\n]"
01:14:44.878 [Test worker] DEBUG com.github.dockerjava.zerodep.shaded.org.apache.hc.client5.http.wire - http-outgoing-2 << "[\r][\n]"
01:14:44.878 [Test worker] DEBUG com.github.dockerjava.zerodep.shaded.org.apache.hc.client5.http.headers - http-outgoing-2 << HTTP/1.1 200 OK
01:14:44.878 [Test worker] DEBUG com.github.dockerjava.zerodep.shaded.org.apache.hc.client5.http.headers - http-outgoing-2 << Api-Version: 1.41
01:14:44.878 [Test worker] DEBUG com.github.dockerjava.zerodep.shaded.org.apache.hc.client5.http.headers - http-outgoing-2 << Content-Type: application/json
01:14:44.878 [Test worker] DEBUG com.github.dockerjava.zerodep.shaded.org.apache.hc.client5.http.headers - http-outgoing-2 << Date: Tue, 28 Mar 2023 04:14:44 GMT
01:14:44.878 [Test worker] DEBUG com.github.dockerjava.zerodep.shaded.org.apache.hc.client5.http.headers - http-outgoing-2 << Docker-Experimental: false
01:14:44.878 [Test worker] DEBUG com.github.dockerjava.zerodep.shaded.org.apache.hc.client5.http.headers - http-outgoing-2 << Ostype: linux
01:14:44.878 [Test worker] DEBUG com.github.dockerjava.zerodep.shaded.org.apache.hc.client5.http.headers - http-outgoing-2 << Server: Docker/20.10.21 (linux)
01:14:44.878 [Test worker] DEBUG com.github.dockerjava.zerodep.shaded.org.apache.hc.client5.http.headers - http-outgoing-2 << Transfer-Encoding: chunked
01:14:44.878 [Test worker] DEBUG com.github.dockerjava.zerodep.shaded.org.apache.hc.client5.http.impl.classic.MainClientExec - ex-00000016: connection can be kept alive for 3 MINUTES
01:14:44.879 [Test worker] DEBUG com.github.dockerjava.zerodep.shaded.org.apache.hc.client5.http.wire - http-outgoing-2 << "18c1[\r][\n]"
01:14:44.880 [Test worker] DEBUG com.github.dockerjava.zerodep.shaded.org.apache.hc.client5.http.wire - http-outgoing-2 << "{"Id":"cd5ecdf38df06b4092e6cf67100cd20ad9c3cb4b6e9303874a7bd89885b140c9","Created":"2023-03-28T04:14:43.179040379Z","Path":"docker-entrypoint.sh","Args":["mysqld"],"State":{"Status":"running","Running":true,"Paused":false,"Restarting":false,"OOMKilled":false,"Dead":false,"Pid":20152,"ExitCode":0,"Error":"","StartedAt":"2023-03-28T04:14:43.680338005Z","FinishedAt":"0001-01-01T00:00:00Z"},"Image":"sha256:c7c54c29e20dccc1aefb936c8eba8bb8b98b87a4921102aba87fde2df5810af9","ResolvConfPath":"/var/lib/docker/containers/cd5ecdf38df06b4092e6cf67100cd20ad9c3cb4b6e9303874a7bd89885b140c9/resolv.conf","HostnamePath":"/var/lib/docker/containers/cd5ecdf38df06b4092e6cf67100cd20ad9c3cb4b6e9303874a7bd89885b140c9/hostname","HostsPath":"/var/lib/docker/containers/cd5ecdf38df06b4092e6cf67100cd20ad9c3cb4b6e9303874a7bd89885b140c9/hosts","LogPath":"/var/lib/docker/containers/cd5ecdf38df06b4092e6cf67100cd20ad9c3cb4b6e9303874a7bd89885b140c9/cd5ecdf38df06b4092e6cf67100cd20ad9c3cb4b6e9303874a7bd89885b140c9-json.log","Name":"/keen_matsumoto","RestartCount":0,"Driver":"overlay2","Platform":"linux","MountLabel":"","ProcessLabel":"","AppArmorProfile":"","ExecIDs":null,"HostConfig":{"Binds":[],"ContainerIDFile":"","LogConfig":{"Type":"json-file","Config":{}},"NetworkMode":"default","PortBindings":{"3306/tcp":[{"HostIp":"0.0.0.0","HostPort":"0"}]},"RestartPolicy":{"Name":"","MaximumRetryCount":0},"AutoRemove":false,"VolumeDriver":"","VolumesFrom":[],"CapAdd":null,"CapDrop":null,"CgroupnsMode":"private","Dns":null,"DnsOptions":null,"DnsSearch":null,"ExtraHosts":[],"GroupAdd":null,"IpcMode":"shareable","Cgroup":"","Links":null,"OomScoreAdj":0,"PidMode":"","Privileged":false,"PublishAllPorts":false,"ReadonlyRootfs":false,"SecurityOpt":null,"UTSMode":"","UsernsMode":"","ShmSize":67108864,"Runtime":"runc","ConsoleSize":[0,0],"Isolation":"","CpuShares":0,"Memory":0,"NanoCpus":0,"CgroupParent":"","BlkioWeight":0,"BlkioWeightDevice":null,"BlkioDeviceReadBps":null,"BlkioDeviceWriteBps":null,"BlkioDeviceReadIOps":null,"BlkioDeviceWriteIOps":null,"CpuPeriod":0,"CpuQuota":0,"CpuRealtimePeriod":0,"CpuRealtimeRuntime":0,"CpusetCpus":"","CpusetMems":"","Devices":null,"DeviceCgroupRules":null,"DeviceRequests":null,"KernelMemory":0,"KernelMemoryTCP":0,"MemoryReservation":0,"MemorySwap":0,"MemorySwappiness":null,"OomKillDisable":null,"PidsLimit":null,"Ulimits":null,"CpuCount":0,"CpuPercent":0,"IOMaximumIOps":0,"IOMaximumBandwidth":0,"MaskedPaths":["/proc/asound","/proc/acpi","/proc/kcore","/proc/keys","/proc/latency_stats","/proc/timer_list","/proc/timer_stats","/proc/sched_debug","/proc/scsi","/sys/firmware"],"ReadonlyPaths":["/proc/bus","/proc/fs","/proc/irq","/proc/sys","/proc/sysrq-trigger"]},"GraphDriver":{"Data":{"LowerDir":"/var/lib/docker/overlay2/830e690ec83ecff869b59e4f673c0c63b2bc5c068e9f710933e6f61763699fd2-init/diff:/var/lib/docker/overlay2/1bd8849d7a296305617011f940aa5cfabbe972a513397b1b6bbc27639b6c1f30/diff:/var/lib/docker/overlay2/199d69b2fbf78af4d4c95dec4fd2f8835ab0347eb49fb20ebb2ff3b99fedd6ad/diff:/var/lib/docker/overlay2/d83c38d654989311f75b9491329846033bfb7714de76ef635380dcfad5c740d9/diff:/var/lib/docker/overlay2/08600d0aea2ab2728bebcf5d2589c640a842f53d1ba3c4a4adccb4d03b923cf6/diff:/var/lib/docker/overlay2/9ec7c63a3fb14d13ac788bbf5e282ca821edc41260b79944e5e631037d13ecda/diff:/var/lib/docker/overlay2/db601d7a1b4ea6da638db620462f0da96fa55c559d02269c9ddb09027936ed87/diff:/var/lib/docker/overlay2/a6d2bd03f942e2565f21e74cfe152c7ec836a1c2b583f0790c685b92bdcfda24/diff:/var/lib/docker/overlay2/9badd16ea2c5e2bf1fde8b579683e41137dfc46ed5449234149f199a6751cc84/diff:/var/lib/docker/overlay2/6efb85646ed12e2d1181ef4cc6f6f6732c00c15a4035fe17ebc4f075ca573c30/diff:/var/lib/docker/overlay2/895d7c0ec09144d6ed33936f4e98e11c18010f7abd708cae1ce43aec7a7f2621/diff:/var/lib/docker/overlay2/1c4ba77aa573ab6e5e5069fd15eae71b3da940bde0f97a922a227ffc8a1d1096/diff","MergedDir":"/var/lib/docker/overlay2/830e690ec83ecff869b59e4f673c0c63b2bc5c068e9f710933e6f61763699fd2/merged","UpperDir":"/var/lib/docker/overlay2/830e690ec83ecff869b59e4f673c0c63b2bc5c068e9f710933e6f61763699fd2/diff","WorkDir":"/var/lib/docker/overlay2/830e690ec83ecff869b59e4f673c0c63b2bc5c068e9f710933e6f61763699fd2/work"},"Name":"overlay2"},"Mounts":[{"Type":"volume","Name":"25868b8cea8ad6eba7f00a6fe83e8848def5cff8aab5c5943024031400fa063d","Source":"/var/lib/docker/volumes/25868b8cea8ad6eba7f00a6fe83e8848def5cff8aab5c5943024031400fa063d/_data","Destination":"/var/lib/mysql","Driver":"local","Mode":"","RW":true,"Propagation":""}],"Config":{"Hostname":"cd5ecdf38df0","Domainname":"","User":"","AttachStdin":false,"AttachStdout":false,"AttachStderr":false,"ExposedPorts":{"3306/tcp":{},"33060/tcp":{}},"Tty":false,"OpenStdin":false,"StdinOnce":false,"Env":["MYSQL_DATABASE=adm_videos","MYSQL_PASSWORD=123456","MYSQL_ROOT_PASSWORD=123456","PATH=/usr/local/sbin:/usr/local/bin:/usr/sbin:/usr/bin:/sbin:/bin","GOSU_VERSION=1.16","MYSQL_MAJOR=8.0","MYSQL_VERSION=8.0.32-1.el8","MYSQL_SHELL_VERSION=8.0.32-1.el8"],"Cmd":["mysqld"],"Image":"mysql:latest","Volumes":{"/var/lib/mysql":{}},"WorkingDir":"","Entrypoint":["docker-entrypoint.sh"],"OnBuild":null,"Labels":{"org.testcontainers":"true","org.testcontainers.lang":"java","org.testcontainers.sessionId":"71b9672a-6f61-4546-a7b6-d603100b2e56","org.testcontainers.version":"1.17.6"}},"NetworkSettings":{"Bridge":"","SandboxID":"56762d63452c709eadac6b5c5f4b6cdd30da833580c632f91fd658806eaf4ddb","HairpinMode":false,"LinkLocalIPv6Address":"","LinkLocalIPv6PrefixLen":0,"Ports":{"3306/tcp":[{"HostIp":"0.0.0.0","HostPort":"63819"}],"33060/tcp":null},"SandboxKey":"/var/run/docker/netns/56762d63452c","SecondaryIPAddresses":null,"SecondaryIPv6Addresses":null,"EndpointID":"92fc2600684327987bceb8e2716a72ba2420fccd56812c1491af8c03946e105c","Gateway":"172.17.0.1","GlobalIPv6Address":"","GlobalIPv6PrefixLen":0,"IPAddress":"172.17.0.3","IPPrefixLen":16,"IPv6Gateway":"","MacAddress":"02:42:ac:11:00:03","Networks":{"bridge":{"IPAMConfig":null,"Links":null,"Aliases":null,"NetworkID":"308e234c143065751b16b4500cb9f48d5c7fc2116504b3d816a5e51cd4771062","EndpointID":"92fc2600684327987bceb8e2716a72ba2420fccd56812c1491af8c03946e105c","Gateway":"172.17.0.1","IPAddress":"172.17.0.3","IPPrefixLen":16,"IPv6Gateway":"","GlobalIPv6Address":"","GlobalIPv6PrefixLen":0,"MacAddress":"02:42:ac:11:00:03","DriverOpts":null}}}}[\n]"
01:14:44.880 [Test worker] DEBUG com.github.dockerjava.zerodep.shaded.org.apache.hc.client5.http.wire - http-outgoing-2 << "[\r][\n]"
01:14:44.881 [Test worker] DEBUG com.github.dockerjava.zerodep.shaded.org.apache.hc.client5.http.wire - http-outgoing-2 << "0[\r][\n]"
01:14:44.881 [Test worker] DEBUG com.github.dockerjava.zerodep.shaded.org.apache.hc.client5.http.wire - http-outgoing-2 << "[\r][\n]"
01:14:44.881 [Test worker] DEBUG com.github.dockerjava.zerodep.shaded.org.apache.hc.client5.http.impl.classic.InternalHttpClient - ep-00000015: releasing valid endpoint
01:14:44.881 [Test worker] DEBUG com.github.dockerjava.zerodep.shaded.org.apache.hc.client5.http.impl.io.PoolingHttpClientConnectionManager - ep-00000015: releasing endpoint
01:14:44.881 [Test worker] DEBUG com.github.dockerjava.zerodep.shaded.org.apache.hc.client5.http.impl.io.PoolingHttpClientConnectionManager - ep-00000015: connection http-outgoing-2 can be kept alive for 3 MINUTES
01:14:44.881 [Test worker] DEBUG com.github.dockerjava.zerodep.shaded.org.apache.hc.client5.http.impl.io.PoolingHttpClientConnectionManager - ep-00000015: connection released [route: {}->unix://localhost:2375][total available: 1; route allocated: 1 of 2147483647; total allocated: 1 of 2147483647]
01:14:44.881 [Test worker] DEBUG ]]>&#x1f433;<![CDATA[ [mysql:latest] - Trying to create JDBC connection using com.mysql.cj.jdbc.Driver to jdbc:mysql://localhost:63819/adm_videos?useSSL=false&allowPublicKeyRetrieval=true with properties: {password=123456, user=root}
01:14:44.985 [Test worker] DEBUG org.testcontainers.shaded.com.github.dockerjava.core.command.AbstrDockerCmd - Cmd: cd5ecdf38df06b4092e6cf67100cd20ad9c3cb4b6e9303874a7bd89885b140c9,false
01:14:44.985 [Test worker] DEBUG org.testcontainers.shaded.com.github.dockerjava.core.exec.InspectContainerCmdExec - GET: DefaultWebTarget{path=[/containers/cd5ecdf38df06b4092e6cf67100cd20ad9c3cb4b6e9303874a7bd89885b140c9/json], queryParams={}}
01:14:44.986 [Test worker] DEBUG com.github.dockerjava.zerodep.shaded.org.apache.hc.client5.http.impl.classic.InternalHttpClient - ex-00000017: preparing request execution
01:14:44.986 [Test worker] DEBUG com.github.dockerjava.zerodep.shaded.org.apache.hc.client5.http.protocol.RequestAddCookies - Cookie spec selected: strict
01:14:44.986 [Test worker] DEBUG com.github.dockerjava.zerodep.shaded.org.apache.hc.client5.http.protocol.RequestAuthCache - Auth cache not set in the context
01:14:44.986 [Test worker] DEBUG com.github.dockerjava.zerodep.shaded.org.apache.hc.client5.http.impl.classic.ProtocolExec - ex-00000017: target auth state: UNCHALLENGED
01:14:44.986 [Test worker] DEBUG com.github.dockerjava.zerodep.shaded.org.apache.hc.client5.http.impl.classic.ProtocolExec - ex-00000017: proxy auth state: UNCHALLENGED
01:14:44.986 [Test worker] DEBUG com.github.dockerjava.zerodep.shaded.org.apache.hc.client5.http.impl.classic.ConnectExec - ex-00000017: acquiring connection with route {}->unix://localhost:2375
01:14:44.986 [Test worker] DEBUG com.github.dockerjava.zerodep.shaded.org.apache.hc.client5.http.impl.classic.InternalHttpClient - ex-00000017: acquiring endpoint (3 MINUTES)
01:14:44.986 [Test worker] DEBUG com.github.dockerjava.zerodep.shaded.org.apache.hc.client5.http.impl.io.PoolingHttpClientConnectionManager - ex-00000017: endpoint lease request (3 MINUTES) [route: {}->unix://localhost:2375][total available: 1; route allocated: 1 of 2147483647; total allocated: 1 of 2147483647]
01:14:44.986 [Test worker] DEBUG com.github.dockerjava.zerodep.shaded.org.apache.hc.client5.http.impl.io.PoolingHttpClientConnectionManager - ex-00000017: endpoint leased [route: {}->unix://localhost:2375][total available: 0; route allocated: 1 of 2147483647; total allocated: 1 of 2147483647]
01:14:44.986 [Test worker] DEBUG com.github.dockerjava.zerodep.shaded.org.apache.hc.client5.http.impl.io.PoolingHttpClientConnectionManager - ex-00000017: acquired ep-00000016
01:14:44.986 [Test worker] DEBUG com.github.dockerjava.zerodep.shaded.org.apache.hc.client5.http.impl.classic.InternalHttpClient - ex-00000017: acquired endpoint ep-00000016
01:14:44.986 [Test worker] DEBUG com.github.dockerjava.zerodep.shaded.org.apache.hc.client5.http.impl.classic.MainClientExec - ex-00000017: executing GET /v1.32/containers/cd5ecdf38df06b4092e6cf67100cd20ad9c3cb4b6e9303874a7bd89885b140c9/json HTTP/1.1
01:14:44.986 [Test worker] DEBUG com.github.dockerjava.zerodep.shaded.org.apache.hc.client5.http.impl.classic.InternalHttpClient - ep-00000016: start execution ex-00000017
01:14:44.986 [Test worker] DEBUG com.github.dockerjava.zerodep.shaded.org.apache.hc.client5.http.impl.io.PoolingHttpClientConnectionManager - ep-00000016: executing exchange ex-00000017 over http-outgoing-2
01:14:44.986 [Test worker] DEBUG com.github.dockerjava.zerodep.shaded.org.apache.hc.client5.http.headers - http-outgoing-2 >> GET /v1.32/containers/cd5ecdf38df06b4092e6cf67100cd20ad9c3cb4b6e9303874a7bd89885b140c9/json HTTP/1.1
01:14:44.986 [Test worker] DEBUG com.github.dockerjava.zerodep.shaded.org.apache.hc.client5.http.headers - http-outgoing-2 >> accept: application/json
01:14:44.986 [Test worker] DEBUG com.github.dockerjava.zerodep.shaded.org.apache.hc.client5.http.headers - http-outgoing-2 >> x-tc-sid: 71b9672a-6f61-4546-a7b6-d603100b2e56
01:14:44.986 [Test worker] DEBUG com.github.dockerjava.zerodep.shaded.org.apache.hc.client5.http.headers - http-outgoing-2 >> Accept-Encoding: gzip, x-gzip, deflate
01:14:44.986 [Test worker] DEBUG com.github.dockerjava.zerodep.shaded.org.apache.hc.client5.http.headers - http-outgoing-2 >> Host: localhost:2375
01:14:44.986 [Test worker] DEBUG com.github.dockerjava.zerodep.shaded.org.apache.hc.client5.http.headers - http-outgoing-2 >> Connection: keep-alive
01:14:44.986 [Test worker] DEBUG com.github.dockerjava.zerodep.shaded.org.apache.hc.client5.http.headers - http-outgoing-2 >> User-Agent: Apache-HttpClient/5.0.3 (Java/17.0.2)
01:14:44.986 [Test worker] DEBUG com.github.dockerjava.zerodep.shaded.org.apache.hc.client5.http.wire - http-outgoing-2 >> "GET /v1.32/containers/cd5ecdf38df06b4092e6cf67100cd20ad9c3cb4b6e9303874a7bd89885b140c9/json HTTP/1.1[\r][\n]"
01:14:44.986 [Test worker] DEBUG com.github.dockerjava.zerodep.shaded.org.apache.hc.client5.http.wire - http-outgoing-2 >> "accept: application/json[\r][\n]"
01:14:44.986 [Test worker] DEBUG com.github.dockerjava.zerodep.shaded.org.apache.hc.client5.http.wire - http-outgoing-2 >> "x-tc-sid: 71b9672a-6f61-4546-a7b6-d603100b2e56[\r][\n]"
01:14:44.986 [Test worker] DEBUG com.github.dockerjava.zerodep.shaded.org.apache.hc.client5.http.wire - http-outgoing-2 >> "Accept-Encoding: gzip, x-gzip, deflate[\r][\n]"
01:14:44.986 [Test worker] DEBUG com.github.dockerjava.zerodep.shaded.org.apache.hc.client5.http.wire - http-outgoing-2 >> "Host: localhost:2375[\r][\n]"
01:14:44.986 [Test worker] DEBUG com.github.dockerjava.zerodep.shaded.org.apache.hc.client5.http.wire - http-outgoing-2 >> "Connection: keep-alive[\r][\n]"
01:14:44.986 [Test worker] DEBUG com.github.dockerjava.zerodep.shaded.org.apache.hc.client5.http.wire - http-outgoing-2 >> "User-Agent: Apache-HttpClient/5.0.3 (Java/17.0.2)[\r][\n]"
01:14:44.986 [Test worker] DEBUG com.github.dockerjava.zerodep.shaded.org.apache.hc.client5.http.wire - http-outgoing-2 >> "[\r][\n]"
01:14:44.988 [Test worker] DEBUG com.github.dockerjava.zerodep.shaded.org.apache.hc.client5.http.wire - http-outgoing-2 << "HTTP/1.1 200 OK[\r][\n]"
01:14:44.988 [Test worker] DEBUG com.github.dockerjava.zerodep.shaded.org.apache.hc.client5.http.wire - http-outgoing-2 << "Api-Version: 1.41[\r][\n]"
01:14:44.988 [Test worker] DEBUG com.github.dockerjava.zerodep.shaded.org.apache.hc.client5.http.wire - http-outgoing-2 << "Content-Type: application/json[\r][\n]"
01:14:44.988 [Test worker] DEBUG com.github.dockerjava.zerodep.shaded.org.apache.hc.client5.http.wire - http-outgoing-2 << "Date: Tue, 28 Mar 2023 04:14:44 GMT[\r][\n]"
01:14:44.988 [Test worker] DEBUG com.github.dockerjava.zerodep.shaded.org.apache.hc.client5.http.wire - http-outgoing-2 << "Docker-Experimental: false[\r][\n]"
01:14:44.988 [Test worker] DEBUG com.github.dockerjava.zerodep.shaded.org.apache.hc.client5.http.wire - http-outgoing-2 << "Ostype: linux[\r][\n]"
01:14:44.988 [Test worker] DEBUG com.github.dockerjava.zerodep.shaded.org.apache.hc.client5.http.wire - http-outgoing-2 << "Server: Docker/20.10.21 (linux)[\r][\n]"
01:14:44.988 [Test worker] DEBUG com.github.dockerjava.zerodep.shaded.org.apache.hc.client5.http.wire - http-outgoing-2 << "Transfer-Encoding: chunked[\r][\n]"
01:14:44.988 [Test worker] DEBUG com.github.dockerjava.zerodep.shaded.org.apache.hc.client5.http.wire - http-outgoing-2 << "[\r][\n]"
01:14:44.988 [Test worker] DEBUG com.github.dockerjava.zerodep.shaded.org.apache.hc.client5.http.headers - http-outgoing-2 << HTTP/1.1 200 OK
01:14:44.988 [Test worker] DEBUG com.github.dockerjava.zerodep.shaded.org.apache.hc.client5.http.headers - http-outgoing-2 << Api-Version: 1.41
01:14:44.988 [Test worker] DEBUG com.github.dockerjava.zerodep.shaded.org.apache.hc.client5.http.headers - http-outgoing-2 << Content-Type: application/json
01:14:44.988 [Test worker] DEBUG com.github.dockerjava.zerodep.shaded.org.apache.hc.client5.http.headers - http-outgoing-2 << Date: Tue, 28 Mar 2023 04:14:44 GMT
01:14:44.988 [Test worker] DEBUG com.github.dockerjava.zerodep.shaded.org.apache.hc.client5.http.headers - http-outgoing-2 << Docker-Experimental: false
01:14:44.988 [Test worker] DEBUG com.github.dockerjava.zerodep.shaded.org.apache.hc.client5.http.headers - http-outgoing-2 << Ostype: linux
01:14:44.988 [Test worker] DEBUG com.github.dockerjava.zerodep.shaded.org.apache.hc.client5.http.headers - http-outgoing-2 << Server: Docker/20.10.21 (linux)
01:14:44.988 [Test worker] DEBUG com.github.dockerjava.zerodep.shaded.org.apache.hc.client5.http.headers - http-outgoing-2 << Transfer-Encoding: chunked
01:14:44.989 [Test worker] DEBUG com.github.dockerjava.zerodep.shaded.org.apache.hc.client5.http.impl.classic.MainClientExec - ex-00000017: connection can be kept alive for 3 MINUTES
01:14:44.990 [Test worker] DEBUG com.github.dockerjava.zerodep.shaded.org.apache.hc.client5.http.wire - http-outgoing-2 << "18c1[\r][\n]"
01:14:44.990 [Test worker] DEBUG com.github.dockerjava.zerodep.shaded.org.apache.hc.client5.http.wire - http-outgoing-2 << "{"Id":"cd5ecdf38df06b4092e6cf67100cd20ad9c3cb4b6e9303874a7bd89885b140c9","Created":"2023-03-28T04:14:43.179040379Z","Path":"docker-entrypoint.sh","Args":["mysqld"],"State":{"Status":"running","Running":true,"Paused":false,"Restarting":false,"OOMKilled":false,"Dead":false,"Pid":20152,"ExitCode":0,"Error":"","StartedAt":"2023-03-28T04:14:43.680338005Z","FinishedAt":"0001-01-01T00:00:00Z"},"Image":"sha256:c7c54c29e20dccc1aefb936c8eba8bb8b98b87a4921102aba87fde2df5810af9","ResolvConfPath":"/var/lib/docker/containers/cd5ecdf38df06b4092e6cf67100cd20ad9c3cb4b6e9303874a7bd89885b140c9/resolv.conf","HostnamePath":"/var/lib/docker/containers/cd5ecdf38df06b4092e6cf67100cd20ad9c3cb4b6e9303874a7bd89885b140c9/hostname","HostsPath":"/var/lib/docker/containers/cd5ecdf38df06b4092e6cf67100cd20ad9c3cb4b6e9303874a7bd89885b140c9/hosts","LogPath":"/var/lib/docker/containers/cd5ecdf38df06b4092e6cf67100cd20ad9c3cb4b6e9303874a7bd89885b140c9/cd5ecdf38df06b4092e6cf67100cd20ad9c3cb4b6e9303874a7bd89885b140c9-json.log","Name":"/keen_matsumoto","RestartCount":0,"Driver":"overlay2","Platform":"linux","MountLabel":"","ProcessLabel":"","AppArmorProfile":"","ExecIDs":null,"HostConfig":{"Binds":[],"ContainerIDFile":"","LogConfig":{"Type":"json-file","Config":{}},"NetworkMode":"default","PortBindings":{"3306/tcp":[{"HostIp":"0.0.0.0","HostPort":"0"}]},"RestartPolicy":{"Name":"","MaximumRetryCount":0},"AutoRemove":false,"VolumeDriver":"","VolumesFrom":[],"CapAdd":null,"CapDrop":null,"CgroupnsMode":"private","Dns":null,"DnsOptions":null,"DnsSearch":null,"ExtraHosts":[],"GroupAdd":null,"IpcMode":"shareable","Cgroup":"","Links":null,"OomScoreAdj":0,"PidMode":"","Privileged":false,"PublishAllPorts":false,"ReadonlyRootfs":false,"SecurityOpt":null,"UTSMode":"","UsernsMode":"","ShmSize":67108864,"Runtime":"runc","ConsoleSize":[0,0],"Isolation":"","CpuShares":0,"Memory":0,"NanoCpus":0,"CgroupParent":"","BlkioWeight":0,"BlkioWeightDevice":null,"BlkioDeviceReadBps":null,"BlkioDeviceWriteBps":null,"BlkioDeviceReadIOps":null,"BlkioDeviceWriteIOps":null,"CpuPeriod":0,"CpuQuota":0,"CpuRealtimePeriod":0,"CpuRealtimeRuntime":0,"CpusetCpus":"","CpusetMems":"","Devices":null,"DeviceCgroupRules":null,"DeviceRequests":null,"KernelMemory":0,"KernelMemoryTCP":0,"MemoryReservation":0,"MemorySwap":0,"MemorySwappiness":null,"OomKillDisable":null,"PidsLimit":null,"Ulimits":null,"CpuCount":0,"CpuPercent":0,"IOMaximumIOps":0,"IOMaximumBandwidth":0,"MaskedPaths":["/proc/asound","/proc/acpi","/proc/kcore","/proc/keys","/proc/latency_stats","/proc/timer_list","/proc/timer_stats","/proc/sched_debug","/proc/scsi","/sys/firmware"],"ReadonlyPaths":["/proc/bus","/proc/fs","/proc/irq","/proc/sys","/proc/sysrq-trigger"]},"GraphDriver":{"Data":{"LowerDir":"/var/lib/docker/overlay2/830e690ec83ecff869b59e4f673c0c63b2bc5c068e9f710933e6f61763699fd2-init/diff:/var/lib/docker/overlay2/1bd8849d7a296305617011f940aa5cfabbe972a513397b1b6bbc27639b6c1f30/diff:/var/lib/docker/overlay2/199d69b2fbf78af4d4c95dec4fd2f8835ab0347eb49fb20ebb2ff3b99fedd6ad/diff:/var/lib/docker/overlay2/d83c38d654989311f75b9491329846033bfb7714de76ef635380dcfad5c740d9/diff:/var/lib/docker/overlay2/08600d0aea2ab2728bebcf5d2589c640a842f53d1ba3c4a4adccb4d03b923cf6/diff:/var/lib/docker/overlay2/9ec7c63a3fb14d13ac788bbf5e282ca821edc41260b79944e5e631037d13ecda/diff:/var/lib/docker/overlay2/db601d7a1b4ea6da638db620462f0da96fa55c559d02269c9ddb09027936ed87/diff:/var/lib/docker/overlay2/a6d2bd03f942e2565f21e74cfe152c7ec836a1c2b583f0790c685b92bdcfda24/diff:/var/lib/docker/overlay2/9badd16ea2c5e2bf1fde8b579683e41137dfc46ed5449234149f199a6751cc84/diff:/var/lib/docker/overlay2/6efb85646ed12e2d1181ef4cc6f6f6732c00c15a4035fe17ebc4f075ca573c30/diff:/var/lib/docker/overlay2/895d7c0ec09144d6ed33936f4e98e11c18010f7abd708cae1ce43aec7a7f2621/diff:/var/lib/docker/overlay2/1c4ba77aa573ab6e5e5069fd15eae71b3da940bde0f97a922a227ffc8a1d1096/diff","MergedDir":"/var/lib/docker/overlay2/830e690ec83ecff869b59e4f673c0c63b2bc5c068e9f710933e6f61763699fd2/merged","UpperDir":"/var/lib/docker/overlay2/830e690ec83ecff869b59e4f673c0c63b2bc5c068e9f710933e6f61763699fd2/diff","WorkDir":"/var/lib/docker/overlay2/830e690ec83ecff869b59e4f673c0c63b2bc5c068e9f710933e6f61763699fd2/work"},"Name":"overlay2"},"Mounts":[{"Type":"volume","Name":"25868b8cea8ad6eba7f00a6fe83e8848def5cff8aab5c5943024031400fa063d","Source":"/var/lib/docker/volumes/25868b8cea8ad6eba7f00a6fe83e8848def5cff8aab5c5943024031400fa063d/_data","Destination":"/var/lib/mysql","Driver":"local","Mode":"","RW":true,"Propagation":""}],"Config":{"Hostname":"cd5ecdf38df0","Domainname":"","User":"","AttachStdin":false,"AttachStdout":false,"AttachStderr":false,"ExposedPorts":{"3306/tcp":{},"33060/tcp":{}},"Tty":false,"OpenStdin":false,"StdinOnce":false,"Env":["MYSQL_DATABASE=adm_videos","MYSQL_PASSWORD=123456","MYSQL_ROOT_PASSWORD=123456","PATH=/usr/local/sbin:/usr/local/bin:/usr/sbin:/usr/bin:/sbin:/bin","GOSU_VERSION=1.16","MYSQL_MAJOR=8.0","MYSQL_VERSION=8.0.32-1.el8","MYSQL_SHELL_VERSION=8.0.32-1.el8"],"Cmd":["mysqld"],"Image":"mysql:latest","Volumes":{"/var/lib/mysql":{}},"WorkingDir":"","Entrypoint":["docker-entrypoint.sh"],"OnBuild":null,"Labels":{"org.testcontainers":"true","org.testcontainers.lang":"java","org.testcontainers.sessionId":"71b9672a-6f61-4546-a7b6-d603100b2e56","org.testcontainers.version":"1.17.6"}},"NetworkSettings":{"Bridge":"","SandboxID":"56762d63452c709eadac6b5c5f4b6cdd30da833580c632f91fd658806eaf4ddb","HairpinMode":false,"LinkLocalIPv6Address":"","LinkLocalIPv6PrefixLen":0,"Ports":{"3306/tcp":[{"HostIp":"0.0.0.0","HostPort":"63819"}],"33060/tcp":null},"SandboxKey":"/var/run/docker/netns/56762d63452c","SecondaryIPAddresses":null,"SecondaryIPv6Addresses":null,"EndpointID":"92fc2600684327987bceb8e2716a72ba2420fccd56812c1491af8c03946e105c","Gateway":"172.17.0.1","GlobalIPv6Address":"","GlobalIPv6PrefixLen":0,"IPAddress":"172.17.0.3","IPPrefixLen":16,"IPv6Gateway":"","MacAddress":"02:42:ac:11:00:03","Networks":{"bridge":{"IPAMConfig":null,"Links":null,"Aliases":null,"NetworkID":"308e234c143065751b16b4500cb9f48d5c7fc2116504b3d816a5e51cd4771062","EndpointID":"92fc2600684327987bceb8e2716a72ba2420fccd56812c1491af8c03946e105c","Gateway":"172.17.0.1","IPAddress":"172.17.0.3","IPPrefixLen":16,"IPv6Gateway":"","GlobalIPv6Address":"","GlobalIPv6PrefixLen":0,"MacAddress":"02:42:ac:11:00:03","DriverOpts":null}}}}[\n]"
01:14:44.990 [Test worker] DEBUG com.github.dockerjava.zerodep.shaded.org.apache.hc.client5.http.wire - http-outgoing-2 << "[\r][\n]"
01:14:44.991 [Test worker] DEBUG com.github.dockerjava.zerodep.shaded.org.apache.hc.client5.http.wire - http-outgoing-2 << "0[\r][\n]"
01:14:44.991 [Test worker] DEBUG com.github.dockerjava.zerodep.shaded.org.apache.hc.client5.http.wire - http-outgoing-2 << "[\r][\n]"
01:14:44.991 [Test worker] DEBUG com.github.dockerjava.zerodep.shaded.org.apache.hc.client5.http.impl.classic.InternalHttpClient - ep-00000016: releasing valid endpoint
01:14:44.991 [Test worker] DEBUG com.github.dockerjava.zerodep.shaded.org.apache.hc.client5.http.impl.io.PoolingHttpClientConnectionManager - ep-00000016: releasing endpoint
01:14:44.991 [Test worker] DEBUG com.github.dockerjava.zerodep.shaded.org.apache.hc.client5.http.impl.io.PoolingHttpClientConnectionManager - ep-00000016: connection http-outgoing-2 can be kept alive for 3 MINUTES
01:14:44.991 [Test worker] DEBUG com.github.dockerjava.zerodep.shaded.org.apache.hc.client5.http.impl.io.PoolingHttpClientConnectionManager - ep-00000016: connection released [route: {}->unix://localhost:2375][total available: 1; route allocated: 1 of 2147483647; total allocated: 1 of 2147483647]
01:14:44.991 [Test worker] DEBUG ]]>&#x1f433;<![CDATA[ [mysql:latest] - Trying to create JDBC connection using com.mysql.cj.jdbc.Driver to jdbc:mysql://localhost:63819/adm_videos?useSSL=false&allowPublicKeyRetrieval=true with properties: {password=123456, user=root}
01:14:45.096 [Test worker] DEBUG org.testcontainers.shaded.com.github.dockerjava.core.command.AbstrDockerCmd - Cmd: cd5ecdf38df06b4092e6cf67100cd20ad9c3cb4b6e9303874a7bd89885b140c9,false
01:14:45.096 [Test worker] DEBUG org.testcontainers.shaded.com.github.dockerjava.core.exec.InspectContainerCmdExec - GET: DefaultWebTarget{path=[/containers/cd5ecdf38df06b4092e6cf67100cd20ad9c3cb4b6e9303874a7bd89885b140c9/json], queryParams={}}
01:14:45.096 [Test worker] DEBUG com.github.dockerjava.zerodep.shaded.org.apache.hc.client5.http.impl.classic.InternalHttpClient - ex-00000018: preparing request execution
01:14:45.096 [Test worker] DEBUG com.github.dockerjava.zerodep.shaded.org.apache.hc.client5.http.protocol.RequestAddCookies - Cookie spec selected: strict
01:14:45.097 [Test worker] DEBUG com.github.dockerjava.zerodep.shaded.org.apache.hc.client5.http.protocol.RequestAuthCache - Auth cache not set in the context
01:14:45.097 [Test worker] DEBUG com.github.dockerjava.zerodep.shaded.org.apache.hc.client5.http.impl.classic.ProtocolExec - ex-00000018: target auth state: UNCHALLENGED
01:14:45.097 [Test worker] DEBUG com.github.dockerjava.zerodep.shaded.org.apache.hc.client5.http.impl.classic.ProtocolExec - ex-00000018: proxy auth state: UNCHALLENGED
01:14:45.097 [Test worker] DEBUG com.github.dockerjava.zerodep.shaded.org.apache.hc.client5.http.impl.classic.ConnectExec - ex-00000018: acquiring connection with route {}->unix://localhost:2375
01:14:45.097 [Test worker] DEBUG com.github.dockerjava.zerodep.shaded.org.apache.hc.client5.http.impl.classic.InternalHttpClient - ex-00000018: acquiring endpoint (3 MINUTES)
01:14:45.097 [Test worker] DEBUG com.github.dockerjava.zerodep.shaded.org.apache.hc.client5.http.impl.io.PoolingHttpClientConnectionManager - ex-00000018: endpoint lease request (3 MINUTES) [route: {}->unix://localhost:2375][total available: 1; route allocated: 1 of 2147483647; total allocated: 1 of 2147483647]
01:14:45.097 [Test worker] DEBUG com.github.dockerjava.zerodep.shaded.org.apache.hc.client5.http.impl.io.PoolingHttpClientConnectionManager - ex-00000018: endpoint leased [route: {}->unix://localhost:2375][total available: 0; route allocated: 1 of 2147483647; total allocated: 1 of 2147483647]
01:14:45.097 [Test worker] DEBUG com.github.dockerjava.zerodep.shaded.org.apache.hc.client5.http.impl.io.PoolingHttpClientConnectionManager - ex-00000018: acquired ep-00000017
01:14:45.097 [Test worker] DEBUG com.github.dockerjava.zerodep.shaded.org.apache.hc.client5.http.impl.classic.InternalHttpClient - ex-00000018: acquired endpoint ep-00000017
01:14:45.097 [Test worker] DEBUG com.github.dockerjava.zerodep.shaded.org.apache.hc.client5.http.impl.classic.MainClientExec - ex-00000018: executing GET /v1.32/containers/cd5ecdf38df06b4092e6cf67100cd20ad9c3cb4b6e9303874a7bd89885b140c9/json HTTP/1.1
01:14:45.097 [Test worker] DEBUG com.github.dockerjava.zerodep.shaded.org.apache.hc.client5.http.impl.classic.InternalHttpClient - ep-00000017: start execution ex-00000018
01:14:45.097 [Test worker] DEBUG com.github.dockerjava.zerodep.shaded.org.apache.hc.client5.http.impl.io.PoolingHttpClientConnectionManager - ep-00000017: executing exchange ex-00000018 over http-outgoing-2
01:14:45.097 [Test worker] DEBUG com.github.dockerjava.zerodep.shaded.org.apache.hc.client5.http.headers - http-outgoing-2 >> GET /v1.32/containers/cd5ecdf38df06b4092e6cf67100cd20ad9c3cb4b6e9303874a7bd89885b140c9/json HTTP/1.1
01:14:45.097 [Test worker] DEBUG com.github.dockerjava.zerodep.shaded.org.apache.hc.client5.http.headers - http-outgoing-2 >> accept: application/json
01:14:45.097 [Test worker] DEBUG com.github.dockerjava.zerodep.shaded.org.apache.hc.client5.http.headers - http-outgoing-2 >> x-tc-sid: 71b9672a-6f61-4546-a7b6-d603100b2e56
01:14:45.097 [Test worker] DEBUG com.github.dockerjava.zerodep.shaded.org.apache.hc.client5.http.headers - http-outgoing-2 >> Accept-Encoding: gzip, x-gzip, deflate
01:14:45.097 [Test worker] DEBUG com.github.dockerjava.zerodep.shaded.org.apache.hc.client5.http.headers - http-outgoing-2 >> Host: localhost:2375
01:14:45.097 [Test worker] DEBUG com.github.dockerjava.zerodep.shaded.org.apache.hc.client5.http.headers - http-outgoing-2 >> Connection: keep-alive
01:14:45.097 [Test worker] DEBUG com.github.dockerjava.zerodep.shaded.org.apache.hc.client5.http.headers - http-outgoing-2 >> User-Agent: Apache-HttpClient/5.0.3 (Java/17.0.2)
01:14:45.097 [Test worker] DEBUG com.github.dockerjava.zerodep.shaded.org.apache.hc.client5.http.wire - http-outgoing-2 >> "GET /v1.32/containers/cd5ecdf38df06b4092e6cf67100cd20ad9c3cb4b6e9303874a7bd89885b140c9/json HTTP/1.1[\r][\n]"
01:14:45.097 [Test worker] DEBUG com.github.dockerjava.zerodep.shaded.org.apache.hc.client5.http.wire - http-outgoing-2 >> "accept: application/json[\r][\n]"
01:14:45.097 [Test worker] DEBUG com.github.dockerjava.zerodep.shaded.org.apache.hc.client5.http.wire - http-outgoing-2 >> "x-tc-sid: 71b9672a-6f61-4546-a7b6-d603100b2e56[\r][\n]"
01:14:45.097 [Test worker] DEBUG com.github.dockerjava.zerodep.shaded.org.apache.hc.client5.http.wire - http-outgoing-2 >> "Accept-Encoding: gzip, x-gzip, deflate[\r][\n]"
01:14:45.097 [Test worker] DEBUG com.github.dockerjava.zerodep.shaded.org.apache.hc.client5.http.wire - http-outgoing-2 >> "Host: localhost:2375[\r][\n]"
01:14:45.097 [Test worker] DEBUG com.github.dockerjava.zerodep.shaded.org.apache.hc.client5.http.wire - http-outgoing-2 >> "Connection: keep-alive[\r][\n]"
01:14:45.097 [Test worker] DEBUG com.github.dockerjava.zerodep.shaded.org.apache.hc.client5.http.wire - http-outgoing-2 >> "User-Agent: Apache-HttpClient/5.0.3 (Java/17.0.2)[\r][\n]"
01:14:45.097 [Test worker] DEBUG com.github.dockerjava.zerodep.shaded.org.apache.hc.client5.http.wire - http-outgoing-2 >> "[\r][\n]"
01:14:45.099 [Test worker] DEBUG com.github.dockerjava.zerodep.shaded.org.apache.hc.client5.http.wire - http-outgoing-2 << "HTTP/1.1 200 OK[\r][\n]"
01:14:45.099 [Test worker] DEBUG com.github.dockerjava.zerodep.shaded.org.apache.hc.client5.http.wire - http-outgoing-2 << "Api-Version: 1.41[\r][\n]"
01:14:45.100 [Test worker] DEBUG com.github.dockerjava.zerodep.shaded.org.apache.hc.client5.http.wire - http-outgoing-2 << "Content-Type: application/json[\r][\n]"
01:14:45.100 [Test worker] DEBUG com.github.dockerjava.zerodep.shaded.org.apache.hc.client5.http.wire - http-outgoing-2 << "Date: Tue, 28 Mar 2023 04:14:45 GMT[\r][\n]"
01:14:45.100 [Test worker] DEBUG com.github.dockerjava.zerodep.shaded.org.apache.hc.client5.http.wire - http-outgoing-2 << "Docker-Experimental: false[\r][\n]"
01:14:45.100 [Test worker] DEBUG com.github.dockerjava.zerodep.shaded.org.apache.hc.client5.http.wire - http-outgoing-2 << "Ostype: linux[\r][\n]"
01:14:45.100 [Test worker] DEBUG com.github.dockerjava.zerodep.shaded.org.apache.hc.client5.http.wire - http-outgoing-2 << "Server: Docker/20.10.21 (linux)[\r][\n]"
01:14:45.100 [Test worker] DEBUG com.github.dockerjava.zerodep.shaded.org.apache.hc.client5.http.wire - http-outgoing-2 << "Transfer-Encoding: chunked[\r][\n]"
01:14:45.100 [Test worker] DEBUG com.github.dockerjava.zerodep.shaded.org.apache.hc.client5.http.wire - http-outgoing-2 << "[\r][\n]"
01:14:45.100 [Test worker] DEBUG com.github.dockerjava.zerodep.shaded.org.apache.hc.client5.http.headers - http-outgoing-2 << HTTP/1.1 200 OK
01:14:45.100 [Test worker] DEBUG com.github.dockerjava.zerodep.shaded.org.apache.hc.client5.http.headers - http-outgoing-2 << Api-Version: 1.41
01:14:45.100 [Test worker] DEBUG com.github.dockerjava.zerodep.shaded.org.apache.hc.client5.http.headers - http-outgoing-2 << Content-Type: application/json
01:14:45.100 [Test worker] DEBUG com.github.dockerjava.zerodep.shaded.org.apache.hc.client5.http.headers - http-outgoing-2 << Date: Tue, 28 Mar 2023 04:14:45 GMT
01:14:45.100 [Test worker] DEBUG com.github.dockerjava.zerodep.shaded.org.apache.hc.client5.http.headers - http-outgoing-2 << Docker-Experimental: false
01:14:45.100 [Test worker] DEBUG com.github.dockerjava.zerodep.shaded.org.apache.hc.client5.http.headers - http-outgoing-2 << Ostype: linux
01:14:45.100 [Test worker] DEBUG com.github.dockerjava.zerodep.shaded.org.apache.hc.client5.http.headers - http-outgoing-2 << Server: Docker/20.10.21 (linux)
01:14:45.100 [Test worker] DEBUG com.github.dockerjava.zerodep.shaded.org.apache.hc.client5.http.headers - http-outgoing-2 << Transfer-Encoding: chunked
01:14:45.100 [Test worker] DEBUG com.github.dockerjava.zerodep.shaded.org.apache.hc.client5.http.impl.classic.MainClientExec - ex-00000018: connection can be kept alive for 3 MINUTES
01:14:45.101 [Test worker] DEBUG com.github.dockerjava.zerodep.shaded.org.apache.hc.client5.http.wire - http-outgoing-2 << "18c1[\r][\n]"
01:14:45.101 [Test worker] DEBUG com.github.dockerjava.zerodep.shaded.org.apache.hc.client5.http.wire - http-outgoing-2 << "{"Id":"cd5ecdf38df06b4092e6cf67100cd20ad9c3cb4b6e9303874a7bd89885b140c9","Created":"2023-03-28T04:14:43.179040379Z","Path":"docker-entrypoint.sh","Args":["mysqld"],"State":{"Status":"running","Running":true,"Paused":false,"Restarting":false,"OOMKilled":false,"Dead":false,"Pid":20152,"ExitCode":0,"Error":"","StartedAt":"2023-03-28T04:14:43.680338005Z","FinishedAt":"0001-01-01T00:00:00Z"},"Image":"sha256:c7c54c29e20dccc1aefb936c8eba8bb8b98b87a4921102aba87fde2df5810af9","ResolvConfPath":"/var/lib/docker/containers/cd5ecdf38df06b4092e6cf67100cd20ad9c3cb4b6e9303874a7bd89885b140c9/resolv.conf","HostnamePath":"/var/lib/docker/containers/cd5ecdf38df06b4092e6cf67100cd20ad9c3cb4b6e9303874a7bd89885b140c9/hostname","HostsPath":"/var/lib/docker/containers/cd5ecdf38df06b4092e6cf67100cd20ad9c3cb4b6e9303874a7bd89885b140c9/hosts","LogPath":"/var/lib/docker/containers/cd5ecdf38df06b4092e6cf67100cd20ad9c3cb4b6e9303874a7bd89885b140c9/cd5ecdf38df06b4092e6cf67100cd20ad9c3cb4b6e9303874a7bd89885b140c9-json.log","Name":"/keen_matsumoto","RestartCount":0,"Driver":"overlay2","Platform":"linux","MountLabel":"","ProcessLabel":"","AppArmorProfile":"","ExecIDs":null,"HostConfig":{"Binds":[],"ContainerIDFile":"","LogConfig":{"Type":"json-file","Config":{}},"NetworkMode":"default","PortBindings":{"3306/tcp":[{"HostIp":"0.0.0.0","HostPort":"0"}]},"RestartPolicy":{"Name":"","MaximumRetryCount":0},"AutoRemove":false,"VolumeDriver":"","VolumesFrom":[],"CapAdd":null,"CapDrop":null,"CgroupnsMode":"private","Dns":null,"DnsOptions":null,"DnsSearch":null,"ExtraHosts":[],"GroupAdd":null,"IpcMode":"shareable","Cgroup":"","Links":null,"OomScoreAdj":0,"PidMode":"","Privileged":false,"PublishAllPorts":false,"ReadonlyRootfs":false,"SecurityOpt":null,"UTSMode":"","UsernsMode":"","ShmSize":67108864,"Runtime":"runc","ConsoleSize":[0,0],"Isolation":"","CpuShares":0,"Memory":0,"NanoCpus":0,"CgroupParent":"","BlkioWeight":0,"BlkioWeightDevice":null,"BlkioDeviceReadBps":null,"BlkioDeviceWriteBps":null,"BlkioDeviceReadIOps":null,"BlkioDeviceWriteIOps":null,"CpuPeriod":0,"CpuQuota":0,"CpuRealtimePeriod":0,"CpuRealtimeRuntime":0,"CpusetCpus":"","CpusetMems":"","Devices":null,"DeviceCgroupRules":null,"DeviceRequests":null,"KernelMemory":0,"KernelMemoryTCP":0,"MemoryReservation":0,"MemorySwap":0,"MemorySwappiness":null,"OomKillDisable":null,"PidsLimit":null,"Ulimits":null,"CpuCount":0,"CpuPercent":0,"IOMaximumIOps":0,"IOMaximumBandwidth":0,"MaskedPaths":["/proc/asound","/proc/acpi","/proc/kcore","/proc/keys","/proc/latency_stats","/proc/timer_list","/proc/timer_stats","/proc/sched_debug","/proc/scsi","/sys/firmware"],"ReadonlyPaths":["/proc/bus","/proc/fs","/proc/irq","/proc/sys","/proc/sysrq-trigger"]},"GraphDriver":{"Data":{"LowerDir":"/var/lib/docker/overlay2/830e690ec83ecff869b59e4f673c0c63b2bc5c068e9f710933e6f61763699fd2-init/diff:/var/lib/docker/overlay2/1bd8849d7a296305617011f940aa5cfabbe972a513397b1b6bbc27639b6c1f30/diff:/var/lib/docker/overlay2/199d69b2fbf78af4d4c95dec4fd2f8835ab0347eb49fb20ebb2ff3b99fedd6ad/diff:/var/lib/docker/overlay2/d83c38d654989311f75b9491329846033bfb7714de76ef635380dcfad5c740d9/diff:/var/lib/docker/overlay2/08600d0aea2ab2728bebcf5d2589c640a842f53d1ba3c4a4adccb4d03b923cf6/diff:/var/lib/docker/overlay2/9ec7c63a3fb14d13ac788bbf5e282ca821edc41260b79944e5e631037d13ecda/diff:/var/lib/docker/overlay2/db601d7a1b4ea6da638db620462f0da96fa55c559d02269c9ddb09027936ed87/diff:/var/lib/docker/overlay2/a6d2bd03f942e2565f21e74cfe152c7ec836a1c2b583f0790c685b92bdcfda24/diff:/var/lib/docker/overlay2/9badd16ea2c5e2bf1fde8b579683e41137dfc46ed5449234149f199a6751cc84/diff:/var/lib/docker/overlay2/6efb85646ed12e2d1181ef4cc6f6f6732c00c15a4035fe17ebc4f075ca573c30/diff:/var/lib/docker/overlay2/895d7c0ec09144d6ed33936f4e98e11c18010f7abd708cae1ce43aec7a7f2621/diff:/var/lib/docker/overlay2/1c4ba77aa573ab6e5e5069fd15eae71b3da940bde0f97a922a227ffc8a1d1096/diff","MergedDir":"/var/lib/docker/overlay2/830e690ec83ecff869b59e4f673c0c63b2bc5c068e9f710933e6f61763699fd2/merged","UpperDir":"/var/lib/docker/overlay2/830e690ec83ecff869b59e4f673c0c63b2bc5c068e9f710933e6f61763699fd2/diff","WorkDir":"/var/lib/docker/overlay2/830e690ec83ecff869b59e4f673c0c63b2bc5c068e9f710933e6f61763699fd2/work"},"Name":"overlay2"},"Mounts":[{"Type":"volume","Name":"25868b8cea8ad6eba7f00a6fe83e8848def5cff8aab5c5943024031400fa063d","Source":"/var/lib/docker/volumes/25868b8cea8ad6eba7f00a6fe83e8848def5cff8aab5c5943024031400fa063d/_data","Destination":"/var/lib/mysql","Driver":"local","Mode":"","RW":true,"Propagation":""}],"Config":{"Hostname":"cd5ecdf38df0","Domainname":"","User":"","AttachStdin":false,"AttachStdout":false,"AttachStderr":false,"ExposedPorts":{"3306/tcp":{},"33060/tcp":{}},"Tty":false,"OpenStdin":false,"StdinOnce":false,"Env":["MYSQL_DATABASE=adm_videos","MYSQL_PASSWORD=123456","MYSQL_ROOT_PASSWORD=123456","PATH=/usr/local/sbin:/usr/local/bin:/usr/sbin:/usr/bin:/sbin:/bin","GOSU_VERSION=1.16","MYSQL_MAJOR=8.0","MYSQL_VERSION=8.0.32-1.el8","MYSQL_SHELL_VERSION=8.0.32-1.el8"],"Cmd":["mysqld"],"Image":"mysql:latest","Volumes":{"/var/lib/mysql":{}},"WorkingDir":"","Entrypoint":["docker-entrypoint.sh"],"OnBuild":null,"Labels":{"org.testcontainers":"true","org.testcontainers.lang":"java","org.testcontainers.sessionId":"71b9672a-6f61-4546-a7b6-d603100b2e56","org.testcontainers.version":"1.17.6"}},"NetworkSettings":{"Bridge":"","SandboxID":"56762d63452c709eadac6b5c5f4b6cdd30da833580c632f91fd658806eaf4ddb","HairpinMode":false,"LinkLocalIPv6Address":"","LinkLocalIPv6PrefixLen":0,"Ports":{"3306/tcp":[{"HostIp":"0.0.0.0","HostPort":"63819"}],"33060/tcp":null},"SandboxKey":"/var/run/docker/netns/56762d63452c","SecondaryIPAddresses":null,"SecondaryIPv6Addresses":null,"EndpointID":"92fc2600684327987bceb8e2716a72ba2420fccd56812c1491af8c03946e105c","Gateway":"172.17.0.1","GlobalIPv6Address":"","GlobalIPv6PrefixLen":0,"IPAddress":"172.17.0.3","IPPrefixLen":16,"IPv6Gateway":"","MacAddress":"02:42:ac:11:00:03","Networks":{"bridge":{"IPAMConfig":null,"Links":null,"Aliases":null,"NetworkID":"308e234c143065751b16b4500cb9f48d5c7fc2116504b3d816a5e51cd4771062","EndpointID":"92fc2600684327987bceb8e2716a72ba2420fccd56812c1491af8c03946e105c","Gateway":"172.17.0.1","IPAddress":"172.17.0.3","IPPrefixLen":16,"IPv6Gateway":"","GlobalIPv6Address":"","GlobalIPv6PrefixLen":0,"MacAddress":"02:42:ac:11:00:03","DriverOpts":null}}}}[\n]"
01:14:45.101 [Test worker] DEBUG com.github.dockerjava.zerodep.shaded.org.apache.hc.client5.http.wire - http-outgoing-2 << "[\r][\n]"
01:14:45.102 [Test worker] DEBUG com.github.dockerjava.zerodep.shaded.org.apache.hc.client5.http.wire - http-outgoing-2 << "0[\r][\n]"
01:14:45.102 [Test worker] DEBUG com.github.dockerjava.zerodep.shaded.org.apache.hc.client5.http.wire - http-outgoing-2 << "[\r][\n]"
01:14:45.102 [Test worker] DEBUG com.github.dockerjava.zerodep.shaded.org.apache.hc.client5.http.impl.classic.InternalHttpClient - ep-00000017: releasing valid endpoint
01:14:45.102 [Test worker] DEBUG com.github.dockerjava.zerodep.shaded.org.apache.hc.client5.http.impl.io.PoolingHttpClientConnectionManager - ep-00000017: releasing endpoint
01:14:45.103 [Test worker] DEBUG com.github.dockerjava.zerodep.shaded.org.apache.hc.client5.http.impl.io.PoolingHttpClientConnectionManager - ep-00000017: connection http-outgoing-2 can be kept alive for 3 MINUTES
01:14:45.103 [Test worker] DEBUG com.github.dockerjava.zerodep.shaded.org.apache.hc.client5.http.impl.io.PoolingHttpClientConnectionManager - ep-00000017: connection released [route: {}->unix://localhost:2375][total available: 1; route allocated: 1 of 2147483647; total allocated: 1 of 2147483647]
01:14:45.103 [Test worker] DEBUG ]]>&#x1f433;<![CDATA[ [mysql:latest] - Trying to create JDBC connection using com.mysql.cj.jdbc.Driver to jdbc:mysql://localhost:63819/adm_videos?useSSL=false&allowPublicKeyRetrieval=true with properties: {password=123456, user=root}
01:14:45.207 [Test worker] DEBUG org.testcontainers.shaded.com.github.dockerjava.core.command.AbstrDockerCmd - Cmd: cd5ecdf38df06b4092e6cf67100cd20ad9c3cb4b6e9303874a7bd89885b140c9,false
01:14:45.207 [Test worker] DEBUG org.testcontainers.shaded.com.github.dockerjava.core.exec.InspectContainerCmdExec - GET: DefaultWebTarget{path=[/containers/cd5ecdf38df06b4092e6cf67100cd20ad9c3cb4b6e9303874a7bd89885b140c9/json], queryParams={}}
01:14:45.208 [Test worker] DEBUG com.github.dockerjava.zerodep.shaded.org.apache.hc.client5.http.impl.classic.InternalHttpClient - ex-00000019: preparing request execution
01:14:45.208 [Test worker] DEBUG com.github.dockerjava.zerodep.shaded.org.apache.hc.client5.http.protocol.RequestAddCookies - Cookie spec selected: strict
01:14:45.208 [Test worker] DEBUG com.github.dockerjava.zerodep.shaded.org.apache.hc.client5.http.protocol.RequestAuthCache - Auth cache not set in the context
01:14:45.208 [Test worker] DEBUG com.github.dockerjava.zerodep.shaded.org.apache.hc.client5.http.impl.classic.ProtocolExec - ex-00000019: target auth state: UNCHALLENGED
01:14:45.208 [Test worker] DEBUG com.github.dockerjava.zerodep.shaded.org.apache.hc.client5.http.impl.classic.ProtocolExec - ex-00000019: proxy auth state: UNCHALLENGED
01:14:45.208 [Test worker] DEBUG com.github.dockerjava.zerodep.shaded.org.apache.hc.client5.http.impl.classic.ConnectExec - ex-00000019: acquiring connection with route {}->unix://localhost:2375
01:14:45.208 [Test worker] DEBUG com.github.dockerjava.zerodep.shaded.org.apache.hc.client5.http.impl.classic.InternalHttpClient - ex-00000019: acquiring endpoint (3 MINUTES)
01:14:45.208 [Test worker] DEBUG com.github.dockerjava.zerodep.shaded.org.apache.hc.client5.http.impl.io.PoolingHttpClientConnectionManager - ex-00000019: endpoint lease request (3 MINUTES) [route: {}->unix://localhost:2375][total available: 1; route allocated: 1 of 2147483647; total allocated: 1 of 2147483647]
01:14:45.208 [Test worker] DEBUG com.github.dockerjava.zerodep.shaded.org.apache.hc.client5.http.impl.io.PoolingHttpClientConnectionManager - ex-00000019: endpoint leased [route: {}->unix://localhost:2375][total available: 0; route allocated: 1 of 2147483647; total allocated: 1 of 2147483647]
01:14:45.208 [Test worker] DEBUG com.github.dockerjava.zerodep.shaded.org.apache.hc.client5.http.impl.io.PoolingHttpClientConnectionManager - ex-00000019: acquired ep-00000018
01:14:45.208 [Test worker] DEBUG com.github.dockerjava.zerodep.shaded.org.apache.hc.client5.http.impl.classic.InternalHttpClient - ex-00000019: acquired endpoint ep-00000018
01:14:45.208 [Test worker] DEBUG com.github.dockerjava.zerodep.shaded.org.apache.hc.client5.http.impl.classic.MainClientExec - ex-00000019: executing GET /v1.32/containers/cd5ecdf38df06b4092e6cf67100cd20ad9c3cb4b6e9303874a7bd89885b140c9/json HTTP/1.1
01:14:45.208 [Test worker] DEBUG com.github.dockerjava.zerodep.shaded.org.apache.hc.client5.http.impl.classic.InternalHttpClient - ep-00000018: start execution ex-00000019
01:14:45.208 [Test worker] DEBUG com.github.dockerjava.zerodep.shaded.org.apache.hc.client5.http.impl.io.PoolingHttpClientConnectionManager - ep-00000018: executing exchange ex-00000019 over http-outgoing-2
01:14:45.208 [Test worker] DEBUG com.github.dockerjava.zerodep.shaded.org.apache.hc.client5.http.headers - http-outgoing-2 >> GET /v1.32/containers/cd5ecdf38df06b4092e6cf67100cd20ad9c3cb4b6e9303874a7bd89885b140c9/json HTTP/1.1
01:14:45.208 [Test worker] DEBUG com.github.dockerjava.zerodep.shaded.org.apache.hc.client5.http.headers - http-outgoing-2 >> accept: application/json
01:14:45.208 [Test worker] DEBUG com.github.dockerjava.zerodep.shaded.org.apache.hc.client5.http.headers - http-outgoing-2 >> x-tc-sid: 71b9672a-6f61-4546-a7b6-d603100b2e56
01:14:45.208 [Test worker] DEBUG com.github.dockerjava.zerodep.shaded.org.apache.hc.client5.http.headers - http-outgoing-2 >> Accept-Encoding: gzip, x-gzip, deflate
01:14:45.208 [Test worker] DEBUG com.github.dockerjava.zerodep.shaded.org.apache.hc.client5.http.headers - http-outgoing-2 >> Host: localhost:2375
01:14:45.208 [Test worker] DEBUG com.github.dockerjava.zerodep.shaded.org.apache.hc.client5.http.headers - http-outgoing-2 >> Connection: keep-alive
01:14:45.208 [Test worker] DEBUG com.github.dockerjava.zerodep.shaded.org.apache.hc.client5.http.headers - http-outgoing-2 >> User-Agent: Apache-HttpClient/5.0.3 (Java/17.0.2)
01:14:45.208 [Test worker] DEBUG com.github.dockerjava.zerodep.shaded.org.apache.hc.client5.http.wire - http-outgoing-2 >> "GET /v1.32/containers/cd5ecdf38df06b4092e6cf67100cd20ad9c3cb4b6e9303874a7bd89885b140c9/json HTTP/1.1[\r][\n]"
01:14:45.208 [Test worker] DEBUG com.github.dockerjava.zerodep.shaded.org.apache.hc.client5.http.wire - http-outgoing-2 >> "accept: application/json[\r][\n]"
01:14:45.208 [Test worker] DEBUG com.github.dockerjava.zerodep.shaded.org.apache.hc.client5.http.wire - http-outgoing-2 >> "x-tc-sid: 71b9672a-6f61-4546-a7b6-d603100b2e56[\r][\n]"
01:14:45.208 [Test worker] DEBUG com.github.dockerjava.zerodep.shaded.org.apache.hc.client5.http.wire - http-outgoing-2 >> "Accept-Encoding: gzip, x-gzip, deflate[\r][\n]"
01:14:45.208 [Test worker] DEBUG com.github.dockerjava.zerodep.shaded.org.apache.hc.client5.http.wire - http-outgoing-2 >> "Host: localhost:2375[\r][\n]"
01:14:45.208 [Test worker] DEBUG com.github.dockerjava.zerodep.shaded.org.apache.hc.client5.http.wire - http-outgoing-2 >> "Connection: keep-alive[\r][\n]"
01:14:45.208 [Test worker] DEBUG com.github.dockerjava.zerodep.shaded.org.apache.hc.client5.http.wire - http-outgoing-2 >> "User-Agent: Apache-HttpClient/5.0.3 (Java/17.0.2)[\r][\n]"
01:14:45.208 [Test worker] DEBUG com.github.dockerjava.zerodep.shaded.org.apache.hc.client5.http.wire - http-outgoing-2 >> "[\r][\n]"
01:14:45.211 [Test worker] DEBUG com.github.dockerjava.zerodep.shaded.org.apache.hc.client5.http.wire - http-outgoing-2 << "HTTP/1.1 200 OK[\r][\n]"
01:14:45.211 [Test worker] DEBUG com.github.dockerjava.zerodep.shaded.org.apache.hc.client5.http.wire - http-outgoing-2 << "Api-Version: 1.41[\r][\n]"
01:14:45.211 [Test worker] DEBUG com.github.dockerjava.zerodep.shaded.org.apache.hc.client5.http.wire - http-outgoing-2 << "Content-Type: application/json[\r][\n]"
01:14:45.211 [Test worker] DEBUG com.github.dockerjava.zerodep.shaded.org.apache.hc.client5.http.wire - http-outgoing-2 << "Date: Tue, 28 Mar 2023 04:14:45 GMT[\r][\n]"
01:14:45.211 [Test worker] DEBUG com.github.dockerjava.zerodep.shaded.org.apache.hc.client5.http.wire - http-outgoing-2 << "Docker-Experimental: false[\r][\n]"
01:14:45.211 [Test worker] DEBUG com.github.dockerjava.zerodep.shaded.org.apache.hc.client5.http.wire - http-outgoing-2 << "Ostype: linux[\r][\n]"
01:14:45.211 [Test worker] DEBUG com.github.dockerjava.zerodep.shaded.org.apache.hc.client5.http.wire - http-outgoing-2 << "Server: Docker/20.10.21 (linux)[\r][\n]"
01:14:45.211 [Test worker] DEBUG com.github.dockerjava.zerodep.shaded.org.apache.hc.client5.http.wire - http-outgoing-2 << "Transfer-Encoding: chunked[\r][\n]"
01:14:45.211 [Test worker] DEBUG com.github.dockerjava.zerodep.shaded.org.apache.hc.client5.http.wire - http-outgoing-2 << "[\r][\n]"
01:14:45.212 [Test worker] DEBUG com.github.dockerjava.zerodep.shaded.org.apache.hc.client5.http.headers - http-outgoing-2 << HTTP/1.1 200 OK
01:14:45.212 [Test worker] DEBUG com.github.dockerjava.zerodep.shaded.org.apache.hc.client5.http.headers - http-outgoing-2 << Api-Version: 1.41
01:14:45.212 [Test worker] DEBUG com.github.dockerjava.zerodep.shaded.org.apache.hc.client5.http.headers - http-outgoing-2 << Content-Type: application/json
01:14:45.212 [Test worker] DEBUG com.github.dockerjava.zerodep.shaded.org.apache.hc.client5.http.headers - http-outgoing-2 << Date: Tue, 28 Mar 2023 04:14:45 GMT
01:14:45.212 [Test worker] DEBUG com.github.dockerjava.zerodep.shaded.org.apache.hc.client5.http.headers - http-outgoing-2 << Docker-Experimental: false
01:14:45.212 [Test worker] DEBUG com.github.dockerjava.zerodep.shaded.org.apache.hc.client5.http.headers - http-outgoing-2 << Ostype: linux
01:14:45.212 [Test worker] DEBUG com.github.dockerjava.zerodep.shaded.org.apache.hc.client5.http.headers - http-outgoing-2 << Server: Docker/20.10.21 (linux)
01:14:45.212 [Test worker] DEBUG com.github.dockerjava.zerodep.shaded.org.apache.hc.client5.http.headers - http-outgoing-2 << Transfer-Encoding: chunked
01:14:45.212 [Test worker] DEBUG com.github.dockerjava.zerodep.shaded.org.apache.hc.client5.http.impl.classic.MainClientExec - ex-00000019: connection can be kept alive for 3 MINUTES
01:14:45.213 [Test worker] DEBUG com.github.dockerjava.zerodep.shaded.org.apache.hc.client5.http.wire - http-outgoing-2 << "18c1[\r][\n]"
01:14:45.213 [Test worker] DEBUG com.github.dockerjava.zerodep.shaded.org.apache.hc.client5.http.wire - http-outgoing-2 << "{"Id":"cd5ecdf38df06b4092e6cf67100cd20ad9c3cb4b6e9303874a7bd89885b140c9","Created":"2023-03-28T04:14:43.179040379Z","Path":"docker-entrypoint.sh","Args":["mysqld"],"State":{"Status":"running","Running":true,"Paused":false,"Restarting":false,"OOMKilled":false,"Dead":false,"Pid":20152,"ExitCode":0,"Error":"","StartedAt":"2023-03-28T04:14:43.680338005Z","FinishedAt":"0001-01-01T00:00:00Z"},"Image":"sha256:c7c54c29e20dccc1aefb936c8eba8bb8b98b87a4921102aba87fde2df5810af9","ResolvConfPath":"/var/lib/docker/containers/cd5ecdf38df06b4092e6cf67100cd20ad9c3cb4b6e9303874a7bd89885b140c9/resolv.conf","HostnamePath":"/var/lib/docker/containers/cd5ecdf38df06b4092e6cf67100cd20ad9c3cb4b6e9303874a7bd89885b140c9/hostname","HostsPath":"/var/lib/docker/containers/cd5ecdf38df06b4092e6cf67100cd20ad9c3cb4b6e9303874a7bd89885b140c9/hosts","LogPath":"/var/lib/docker/containers/cd5ecdf38df06b4092e6cf67100cd20ad9c3cb4b6e9303874a7bd89885b140c9/cd5ecdf38df06b4092e6cf67100cd20ad9c3cb4b6e9303874a7bd89885b140c9-json.log","Name":"/keen_matsumoto","RestartCount":0,"Driver":"overlay2","Platform":"linux","MountLabel":"","ProcessLabel":"","AppArmorProfile":"","ExecIDs":null,"HostConfig":{"Binds":[],"ContainerIDFile":"","LogConfig":{"Type":"json-file","Config":{}},"NetworkMode":"default","PortBindings":{"3306/tcp":[{"HostIp":"0.0.0.0","HostPort":"0"}]},"RestartPolicy":{"Name":"","MaximumRetryCount":0},"AutoRemove":false,"VolumeDriver":"","VolumesFrom":[],"CapAdd":null,"CapDrop":null,"CgroupnsMode":"private","Dns":null,"DnsOptions":null,"DnsSearch":null,"ExtraHosts":[],"GroupAdd":null,"IpcMode":"shareable","Cgroup":"","Links":null,"OomScoreAdj":0,"PidMode":"","Privileged":false,"PublishAllPorts":false,"ReadonlyRootfs":false,"SecurityOpt":null,"UTSMode":"","UsernsMode":"","ShmSize":67108864,"Runtime":"runc","ConsoleSize":[0,0],"Isolation":"","CpuShares":0,"Memory":0,"NanoCpus":0,"CgroupParent":"","BlkioWeight":0,"BlkioWeightDevice":null,"BlkioDeviceReadBps":null,"BlkioDeviceWriteBps":null,"BlkioDeviceReadIOps":null,"BlkioDeviceWriteIOps":null,"CpuPeriod":0,"CpuQuota":0,"CpuRealtimePeriod":0,"CpuRealtimeRuntime":0,"CpusetCpus":"","CpusetMems":"","Devices":null,"DeviceCgroupRules":null,"DeviceRequests":null,"KernelMemory":0,"KernelMemoryTCP":0,"MemoryReservation":0,"MemorySwap":0,"MemorySwappiness":null,"OomKillDisable":null,"PidsLimit":null,"Ulimits":null,"CpuCount":0,"CpuPercent":0,"IOMaximumIOps":0,"IOMaximumBandwidth":0,"MaskedPaths":["/proc/asound","/proc/acpi","/proc/kcore","/proc/keys","/proc/latency_stats","/proc/timer_list","/proc/timer_stats","/proc/sched_debug","/proc/scsi","/sys/firmware"],"ReadonlyPaths":["/proc/bus","/proc/fs","/proc/irq","/proc/sys","/proc/sysrq-trigger"]},"GraphDriver":{"Data":{"LowerDir":"/var/lib/docker/overlay2/830e690ec83ecff869b59e4f673c0c63b2bc5c068e9f710933e6f61763699fd2-init/diff:/var/lib/docker/overlay2/1bd8849d7a296305617011f940aa5cfabbe972a513397b1b6bbc27639b6c1f30/diff:/var/lib/docker/overlay2/199d69b2fbf78af4d4c95dec4fd2f8835ab0347eb49fb20ebb2ff3b99fedd6ad/diff:/var/lib/docker/overlay2/d83c38d654989311f75b9491329846033bfb7714de76ef635380dcfad5c740d9/diff:/var/lib/docker/overlay2/08600d0aea2ab2728bebcf5d2589c640a842f53d1ba3c4a4adccb4d03b923cf6/diff:/var/lib/docker/overlay2/9ec7c63a3fb14d13ac788bbf5e282ca821edc41260b79944e5e631037d13ecda/diff:/var/lib/docker/overlay2/db601d7a1b4ea6da638db620462f0da96fa55c559d02269c9ddb09027936ed87/diff:/var/lib/docker/overlay2/a6d2bd03f942e2565f21e74cfe152c7ec836a1c2b583f0790c685b92bdcfda24/diff:/var/lib/docker/overlay2/9badd16ea2c5e2bf1fde8b579683e41137dfc46ed5449234149f199a6751cc84/diff:/var/lib/docker/overlay2/6efb85646ed12e2d1181ef4cc6f6f6732c00c15a4035fe17ebc4f075ca573c30/diff:/var/lib/docker/overlay2/895d7c0ec09144d6ed33936f4e98e11c18010f7abd708cae1ce43aec7a7f2621/diff:/var/lib/docker/overlay2/1c4ba77aa573ab6e5e5069fd15eae71b3da940bde0f97a922a227ffc8a1d1096/diff","MergedDir":"/var/lib/docker/overlay2/830e690ec83ecff869b59e4f673c0c63b2bc5c068e9f710933e6f61763699fd2/merged","UpperDir":"/var/lib/docker/overlay2/830e690ec83ecff869b59e4f673c0c63b2bc5c068e9f710933e6f61763699fd2/diff","WorkDir":"/var/lib/docker/overlay2/830e690ec83ecff869b59e4f673c0c63b2bc5c068e9f710933e6f61763699fd2/work"},"Name":"overlay2"},"Mounts":[{"Type":"volume","Name":"25868b8cea8ad6eba7f00a6fe83e8848def5cff8aab5c5943024031400fa063d","Source":"/var/lib/docker/volumes/25868b8cea8ad6eba7f00a6fe83e8848def5cff8aab5c5943024031400fa063d/_data","Destination":"/var/lib/mysql","Driver":"local","Mode":"","RW":true,"Propagation":""}],"Config":{"Hostname":"cd5ecdf38df0","Domainname":"","User":"","AttachStdin":false,"AttachStdout":false,"AttachStderr":false,"ExposedPorts":{"3306/tcp":{},"33060/tcp":{}},"Tty":false,"OpenStdin":false,"StdinOnce":false,"Env":["MYSQL_DATABASE=adm_videos","MYSQL_PASSWORD=123456","MYSQL_ROOT_PASSWORD=123456","PATH=/usr/local/sbin:/usr/local/bin:/usr/sbin:/usr/bin:/sbin:/bin","GOSU_VERSION=1.16","MYSQL_MAJOR=8.0","MYSQL_VERSION=8.0.32-1.el8","MYSQL_SHELL_VERSION=8.0.32-1.el8"],"Cmd":["mysqld"],"Image":"mysql:latest","Volumes":{"/var/lib/mysql":{}},"WorkingDir":"","Entrypoint":["docker-entrypoint.sh"],"OnBuild":null,"Labels":{"org.testcontainers":"true","org.testcontainers.lang":"java","org.testcontainers.sessionId":"71b9672a-6f61-4546-a7b6-d603100b2e56","org.testcontainers.version":"1.17.6"}},"NetworkSettings":{"Bridge":"","SandboxID":"56762d63452c709eadac6b5c5f4b6cdd30da833580c632f91fd658806eaf4ddb","HairpinMode":false,"LinkLocalIPv6Address":"","LinkLocalIPv6PrefixLen":0,"Ports":{"3306/tcp":[{"HostIp":"0.0.0.0","HostPort":"63819"}],"33060/tcp":null},"SandboxKey":"/var/run/docker/netns/56762d63452c","SecondaryIPAddresses":null,"SecondaryIPv6Addresses":null,"EndpointID":"92fc2600684327987bceb8e2716a72ba2420fccd56812c1491af8c03946e105c","Gateway":"172.17.0.1","GlobalIPv6Address":"","GlobalIPv6PrefixLen":0,"IPAddress":"172.17.0.3","IPPrefixLen":16,"IPv6Gateway":"","MacAddress":"02:42:ac:11:00:03","Networks":{"bridge":{"IPAMConfig":null,"Links":null,"Aliases":null,"NetworkID":"308e234c143065751b16b4500cb9f48d5c7fc2116504b3d816a5e51cd4771062","EndpointID":"92fc2600684327987bceb8e2716a72ba2420fccd56812c1491af8c03946e105c","Gateway":"172.17.0.1","IPAddress":"172.17.0.3","IPPrefixLen":16,"IPv6Gateway":"","GlobalIPv6Address":"","GlobalIPv6PrefixLen":0,"MacAddress":"02:42:ac:11:00:03","DriverOpts":null}}}}[\n]"
01:14:45.213 [Test worker] DEBUG com.github.dockerjava.zerodep.shaded.org.apache.hc.client5.http.wire - http-outgoing-2 << "[\r][\n]"
01:14:45.216 [Test worker] DEBUG com.github.dockerjava.zerodep.shaded.org.apache.hc.client5.http.wire - http-outgoing-2 << "0[\r][\n]"
01:14:45.216 [Test worker] DEBUG com.github.dockerjava.zerodep.shaded.org.apache.hc.client5.http.wire - http-outgoing-2 << "[\r][\n]"
01:14:45.216 [Test worker] DEBUG com.github.dockerjava.zerodep.shaded.org.apache.hc.client5.http.impl.classic.InternalHttpClient - ep-00000018: releasing valid endpoint
01:14:45.217 [Test worker] DEBUG com.github.dockerjava.zerodep.shaded.org.apache.hc.client5.http.impl.io.PoolingHttpClientConnectionManager - ep-00000018: releasing endpoint
01:14:45.217 [Test worker] DEBUG com.github.dockerjava.zerodep.shaded.org.apache.hc.client5.http.impl.io.PoolingHttpClientConnectionManager - ep-00000018: connection http-outgoing-2 can be kept alive for 3 MINUTES
01:14:45.217 [Test worker] DEBUG com.github.dockerjava.zerodep.shaded.org.apache.hc.client5.http.impl.io.PoolingHttpClientConnectionManager - ep-00000018: connection released [route: {}->unix://localhost:2375][total available: 1; route allocated: 1 of 2147483647; total allocated: 1 of 2147483647]
01:14:45.217 [Test worker] DEBUG ]]>&#x1f433;<![CDATA[ [mysql:latest] - Trying to create JDBC connection using com.mysql.cj.jdbc.Driver to jdbc:mysql://localhost:63819/adm_videos?useSSL=false&allowPublicKeyRetrieval=true with properties: {password=123456, user=root}
01:14:45.320 [Test worker] DEBUG org.testcontainers.shaded.com.github.dockerjava.core.command.AbstrDockerCmd - Cmd: cd5ecdf38df06b4092e6cf67100cd20ad9c3cb4b6e9303874a7bd89885b140c9,false
01:14:45.320 [Test worker] DEBUG org.testcontainers.shaded.com.github.dockerjava.core.exec.InspectContainerCmdExec - GET: DefaultWebTarget{path=[/containers/cd5ecdf38df06b4092e6cf67100cd20ad9c3cb4b6e9303874a7bd89885b140c9/json], queryParams={}}
01:14:45.321 [Test worker] DEBUG com.github.dockerjava.zerodep.shaded.org.apache.hc.client5.http.impl.classic.InternalHttpClient - ex-0000001A: preparing request execution
01:14:45.321 [Test worker] DEBUG com.github.dockerjava.zerodep.shaded.org.apache.hc.client5.http.protocol.RequestAddCookies - Cookie spec selected: strict
01:14:45.321 [Test worker] DEBUG com.github.dockerjava.zerodep.shaded.org.apache.hc.client5.http.protocol.RequestAuthCache - Auth cache not set in the context
01:14:45.321 [Test worker] DEBUG com.github.dockerjava.zerodep.shaded.org.apache.hc.client5.http.impl.classic.ProtocolExec - ex-0000001A: target auth state: UNCHALLENGED
01:14:45.321 [Test worker] DEBUG com.github.dockerjava.zerodep.shaded.org.apache.hc.client5.http.impl.classic.ProtocolExec - ex-0000001A: proxy auth state: UNCHALLENGED
01:14:45.321 [Test worker] DEBUG com.github.dockerjava.zerodep.shaded.org.apache.hc.client5.http.impl.classic.ConnectExec - ex-0000001A: acquiring connection with route {}->unix://localhost:2375
01:14:45.321 [Test worker] DEBUG com.github.dockerjava.zerodep.shaded.org.apache.hc.client5.http.impl.classic.InternalHttpClient - ex-0000001A: acquiring endpoint (3 MINUTES)
01:14:45.321 [Test worker] DEBUG com.github.dockerjava.zerodep.shaded.org.apache.hc.client5.http.impl.io.PoolingHttpClientConnectionManager - ex-0000001A: endpoint lease request (3 MINUTES) [route: {}->unix://localhost:2375][total available: 1; route allocated: 1 of 2147483647; total allocated: 1 of 2147483647]
01:14:45.321 [Test worker] DEBUG com.github.dockerjava.zerodep.shaded.org.apache.hc.client5.http.impl.io.PoolingHttpClientConnectionManager - ex-0000001A: endpoint leased [route: {}->unix://localhost:2375][total available: 0; route allocated: 1 of 2147483647; total allocated: 1 of 2147483647]
01:14:45.321 [Test worker] DEBUG com.github.dockerjava.zerodep.shaded.org.apache.hc.client5.http.impl.io.PoolingHttpClientConnectionManager - ex-0000001A: acquired ep-00000019
01:14:45.321 [Test worker] DEBUG com.github.dockerjava.zerodep.shaded.org.apache.hc.client5.http.impl.classic.InternalHttpClient - ex-0000001A: acquired endpoint ep-00000019
01:14:45.321 [Test worker] DEBUG com.github.dockerjava.zerodep.shaded.org.apache.hc.client5.http.impl.classic.MainClientExec - ex-0000001A: executing GET /v1.32/containers/cd5ecdf38df06b4092e6cf67100cd20ad9c3cb4b6e9303874a7bd89885b140c9/json HTTP/1.1
01:14:45.321 [Test worker] DEBUG com.github.dockerjava.zerodep.shaded.org.apache.hc.client5.http.impl.classic.InternalHttpClient - ep-00000019: start execution ex-0000001A
01:14:45.321 [Test worker] DEBUG com.github.dockerjava.zerodep.shaded.org.apache.hc.client5.http.impl.io.PoolingHttpClientConnectionManager - ep-00000019: executing exchange ex-0000001A over http-outgoing-2
01:14:45.321 [Test worker] DEBUG com.github.dockerjava.zerodep.shaded.org.apache.hc.client5.http.headers - http-outgoing-2 >> GET /v1.32/containers/cd5ecdf38df06b4092e6cf67100cd20ad9c3cb4b6e9303874a7bd89885b140c9/json HTTP/1.1
01:14:45.321 [Test worker] DEBUG com.github.dockerjava.zerodep.shaded.org.apache.hc.client5.http.headers - http-outgoing-2 >> accept: application/json
01:14:45.321 [Test worker] DEBUG com.github.dockerjava.zerodep.shaded.org.apache.hc.client5.http.headers - http-outgoing-2 >> x-tc-sid: 71b9672a-6f61-4546-a7b6-d603100b2e56
01:14:45.321 [Test worker] DEBUG com.github.dockerjava.zerodep.shaded.org.apache.hc.client5.http.headers - http-outgoing-2 >> Accept-Encoding: gzip, x-gzip, deflate
01:14:45.321 [Test worker] DEBUG com.github.dockerjava.zerodep.shaded.org.apache.hc.client5.http.headers - http-outgoing-2 >> Host: localhost:2375
01:14:45.321 [Test worker] DEBUG com.github.dockerjava.zerodep.shaded.org.apache.hc.client5.http.headers - http-outgoing-2 >> Connection: keep-alive
01:14:45.321 [Test worker] DEBUG com.github.dockerjava.zerodep.shaded.org.apache.hc.client5.http.headers - http-outgoing-2 >> User-Agent: Apache-HttpClient/5.0.3 (Java/17.0.2)
01:14:45.321 [Test worker] DEBUG com.github.dockerjava.zerodep.shaded.org.apache.hc.client5.http.wire - http-outgoing-2 >> "GET /v1.32/containers/cd5ecdf38df06b4092e6cf67100cd20ad9c3cb4b6e9303874a7bd89885b140c9/json HTTP/1.1[\r][\n]"
01:14:45.321 [Test worker] DEBUG com.github.dockerjava.zerodep.shaded.org.apache.hc.client5.http.wire - http-outgoing-2 >> "accept: application/json[\r][\n]"
01:14:45.321 [Test worker] DEBUG com.github.dockerjava.zerodep.shaded.org.apache.hc.client5.http.wire - http-outgoing-2 >> "x-tc-sid: 71b9672a-6f61-4546-a7b6-d603100b2e56[\r][\n]"
01:14:45.321 [Test worker] DEBUG com.github.dockerjava.zerodep.shaded.org.apache.hc.client5.http.wire - http-outgoing-2 >> "Accept-Encoding: gzip, x-gzip, deflate[\r][\n]"
01:14:45.321 [Test worker] DEBUG com.github.dockerjava.zerodep.shaded.org.apache.hc.client5.http.wire - http-outgoing-2 >> "Host: localhost:2375[\r][\n]"
01:14:45.321 [Test worker] DEBUG com.github.dockerjava.zerodep.shaded.org.apache.hc.client5.http.wire - http-outgoing-2 >> "Connection: keep-alive[\r][\n]"
01:14:45.321 [Test worker] DEBUG com.github.dockerjava.zerodep.shaded.org.apache.hc.client5.http.wire - http-outgoing-2 >> "User-Agent: Apache-HttpClient/5.0.3 (Java/17.0.2)[\r][\n]"
01:14:45.321 [Test worker] DEBUG com.github.dockerjava.zerodep.shaded.org.apache.hc.client5.http.wire - http-outgoing-2 >> "[\r][\n]"
01:14:45.324 [Test worker] DEBUG com.github.dockerjava.zerodep.shaded.org.apache.hc.client5.http.wire - http-outgoing-2 << "HTTP/1.1 200 OK[\r][\n]"
01:14:45.324 [Test worker] DEBUG com.github.dockerjava.zerodep.shaded.org.apache.hc.client5.http.wire - http-outgoing-2 << "Api-Version: 1.41[\r][\n]"
01:14:45.324 [Test worker] DEBUG com.github.dockerjava.zerodep.shaded.org.apache.hc.client5.http.wire - http-outgoing-2 << "Content-Type: application/json[\r][\n]"
01:14:45.324 [Test worker] DEBUG com.github.dockerjava.zerodep.shaded.org.apache.hc.client5.http.wire - http-outgoing-2 << "Date: Tue, 28 Mar 2023 04:14:45 GMT[\r][\n]"
01:14:45.324 [Test worker] DEBUG com.github.dockerjava.zerodep.shaded.org.apache.hc.client5.http.wire - http-outgoing-2 << "Docker-Experimental: false[\r][\n]"
01:14:45.324 [Test worker] DEBUG com.github.dockerjava.zerodep.shaded.org.apache.hc.client5.http.wire - http-outgoing-2 << "Ostype: linux[\r][\n]"
01:14:45.324 [Test worker] DEBUG com.github.dockerjava.zerodep.shaded.org.apache.hc.client5.http.wire - http-outgoing-2 << "Server: Docker/20.10.21 (linux)[\r][\n]"
01:14:45.324 [Test worker] DEBUG com.github.dockerjava.zerodep.shaded.org.apache.hc.client5.http.wire - http-outgoing-2 << "Transfer-Encoding: chunked[\r][\n]"
01:14:45.324 [Test worker] DEBUG com.github.dockerjava.zerodep.shaded.org.apache.hc.client5.http.wire - http-outgoing-2 << "[\r][\n]"
01:14:45.324 [Test worker] DEBUG com.github.dockerjava.zerodep.shaded.org.apache.hc.client5.http.headers - http-outgoing-2 << HTTP/1.1 200 OK
01:14:45.324 [Test worker] DEBUG com.github.dockerjava.zerodep.shaded.org.apache.hc.client5.http.headers - http-outgoing-2 << Api-Version: 1.41
01:14:45.324 [Test worker] DEBUG com.github.dockerjava.zerodep.shaded.org.apache.hc.client5.http.headers - http-outgoing-2 << Content-Type: application/json
01:14:45.324 [Test worker] DEBUG com.github.dockerjava.zerodep.shaded.org.apache.hc.client5.http.headers - http-outgoing-2 << Date: Tue, 28 Mar 2023 04:14:45 GMT
01:14:45.324 [Test worker] DEBUG com.github.dockerjava.zerodep.shaded.org.apache.hc.client5.http.headers - http-outgoing-2 << Docker-Experimental: false
01:14:45.324 [Test worker] DEBUG com.github.dockerjava.zerodep.shaded.org.apache.hc.client5.http.headers - http-outgoing-2 << Ostype: linux
01:14:45.324 [Test worker] DEBUG com.github.dockerjava.zerodep.shaded.org.apache.hc.client5.http.headers - http-outgoing-2 << Server: Docker/20.10.21 (linux)
01:14:45.324 [Test worker] DEBUG com.github.dockerjava.zerodep.shaded.org.apache.hc.client5.http.headers - http-outgoing-2 << Transfer-Encoding: chunked
01:14:45.324 [Test worker] DEBUG com.github.dockerjava.zerodep.shaded.org.apache.hc.client5.http.impl.classic.MainClientExec - ex-0000001A: connection can be kept alive for 3 MINUTES
01:14:45.325 [Test worker] DEBUG com.github.dockerjava.zerodep.shaded.org.apache.hc.client5.http.wire - http-outgoing-2 << "18c1[\r][\n]"
01:14:45.325 [Test worker] DEBUG com.github.dockerjava.zerodep.shaded.org.apache.hc.client5.http.wire - http-outgoing-2 << "{"Id":"cd5ecdf38df06b4092e6cf67100cd20ad9c3cb4b6e9303874a7bd89885b140c9","Created":"2023-03-28T04:14:43.179040379Z","Path":"docker-entrypoint.sh","Args":["mysqld"],"State":{"Status":"running","Running":true,"Paused":false,"Restarting":false,"OOMKilled":false,"Dead":false,"Pid":20152,"ExitCode":0,"Error":"","StartedAt":"2023-03-28T04:14:43.680338005Z","FinishedAt":"0001-01-01T00:00:00Z"},"Image":"sha256:c7c54c29e20dccc1aefb936c8eba8bb8b98b87a4921102aba87fde2df5810af9","ResolvConfPath":"/var/lib/docker/containers/cd5ecdf38df06b4092e6cf67100cd20ad9c3cb4b6e9303874a7bd89885b140c9/resolv.conf","HostnamePath":"/var/lib/docker/containers/cd5ecdf38df06b4092e6cf67100cd20ad9c3cb4b6e9303874a7bd89885b140c9/hostname","HostsPath":"/var/lib/docker/containers/cd5ecdf38df06b4092e6cf67100cd20ad9c3cb4b6e9303874a7bd89885b140c9/hosts","LogPath":"/var/lib/docker/containers/cd5ecdf38df06b4092e6cf67100cd20ad9c3cb4b6e9303874a7bd89885b140c9/cd5ecdf38df06b4092e6cf67100cd20ad9c3cb4b6e9303874a7bd89885b140c9-json.log","Name":"/keen_matsumoto","RestartCount":0,"Driver":"overlay2","Platform":"linux","MountLabel":"","ProcessLabel":"","AppArmorProfile":"","ExecIDs":null,"HostConfig":{"Binds":[],"ContainerIDFile":"","LogConfig":{"Type":"json-file","Config":{}},"NetworkMode":"default","PortBindings":{"3306/tcp":[{"HostIp":"0.0.0.0","HostPort":"0"}]},"RestartPolicy":{"Name":"","MaximumRetryCount":0},"AutoRemove":false,"VolumeDriver":"","VolumesFrom":[],"CapAdd":null,"CapDrop":null,"CgroupnsMode":"private","Dns":null,"DnsOptions":null,"DnsSearch":null,"ExtraHosts":[],"GroupAdd":null,"IpcMode":"shareable","Cgroup":"","Links":null,"OomScoreAdj":0,"PidMode":"","Privileged":false,"PublishAllPorts":false,"ReadonlyRootfs":false,"SecurityOpt":null,"UTSMode":"","UsernsMode":"","ShmSize":67108864,"Runtime":"runc","ConsoleSize":[0,0],"Isolation":"","CpuShares":0,"Memory":0,"NanoCpus":0,"CgroupParent":"","BlkioWeight":0,"BlkioWeightDevice":null,"BlkioDeviceReadBps":null,"BlkioDeviceWriteBps":null,"BlkioDeviceReadIOps":null,"BlkioDeviceWriteIOps":null,"CpuPeriod":0,"CpuQuota":0,"CpuRealtimePeriod":0,"CpuRealtimeRuntime":0,"CpusetCpus":"","CpusetMems":"","Devices":null,"DeviceCgroupRules":null,"DeviceRequests":null,"KernelMemory":0,"KernelMemoryTCP":0,"MemoryReservation":0,"MemorySwap":0,"MemorySwappiness":null,"OomKillDisable":null,"PidsLimit":null,"Ulimits":null,"CpuCount":0,"CpuPercent":0,"IOMaximumIOps":0,"IOMaximumBandwidth":0,"MaskedPaths":["/proc/asound","/proc/acpi","/proc/kcore","/proc/keys","/proc/latency_stats","/proc/timer_list","/proc/timer_stats","/proc/sched_debug","/proc/scsi","/sys/firmware"],"ReadonlyPaths":["/proc/bus","/proc/fs","/proc/irq","/proc/sys","/proc/sysrq-trigger"]},"GraphDriver":{"Data":{"LowerDir":"/var/lib/docker/overlay2/830e690ec83ecff869b59e4f673c0c63b2bc5c068e9f710933e6f61763699fd2-init/diff:/var/lib/docker/overlay2/1bd8849d7a296305617011f940aa5cfabbe972a513397b1b6bbc27639b6c1f30/diff:/var/lib/docker/overlay2/199d69b2fbf78af4d4c95dec4fd2f8835ab0347eb49fb20ebb2ff3b99fedd6ad/diff:/var/lib/docker/overlay2/d83c38d654989311f75b9491329846033bfb7714de76ef635380dcfad5c740d9/diff:/var/lib/docker/overlay2/08600d0aea2ab2728bebcf5d2589c640a842f53d1ba3c4a4adccb4d03b923cf6/diff:/var/lib/docker/overlay2/9ec7c63a3fb14d13ac788bbf5e282ca821edc41260b79944e5e631037d13ecda/diff:/var/lib/docker/overlay2/db601d7a1b4ea6da638db620462f0da96fa55c559d02269c9ddb09027936ed87/diff:/var/lib/docker/overlay2/a6d2bd03f942e2565f21e74cfe152c7ec836a1c2b583f0790c685b92bdcfda24/diff:/var/lib/docker/overlay2/9badd16ea2c5e2bf1fde8b579683e41137dfc46ed5449234149f199a6751cc84/diff:/var/lib/docker/overlay2/6efb85646ed12e2d1181ef4cc6f6f6732c00c15a4035fe17ebc4f075ca573c30/diff:/var/lib/docker/overlay2/895d7c0ec09144d6ed33936f4e98e11c18010f7abd708cae1ce43aec7a7f2621/diff:/var/lib/docker/overlay2/1c4ba77aa573ab6e5e5069fd15eae71b3da940bde0f97a922a227ffc8a1d1096/diff","MergedDir":"/var/lib/docker/overlay2/830e690ec83ecff869b59e4f673c0c63b2bc5c068e9f710933e6f61763699fd2/merged","UpperDir":"/var/lib/docker/overlay2/830e690ec83ecff869b59e4f673c0c63b2bc5c068e9f710933e6f61763699fd2/diff","WorkDir":"/var/lib/docker/overlay2/830e690ec83ecff869b59e4f673c0c63b2bc5c068e9f710933e6f61763699fd2/work"},"Name":"overlay2"},"Mounts":[{"Type":"volume","Name":"25868b8cea8ad6eba7f00a6fe83e8848def5cff8aab5c5943024031400fa063d","Source":"/var/lib/docker/volumes/25868b8cea8ad6eba7f00a6fe83e8848def5cff8aab5c5943024031400fa063d/_data","Destination":"/var/lib/mysql","Driver":"local","Mode":"","RW":true,"Propagation":""}],"Config":{"Hostname":"cd5ecdf38df0","Domainname":"","User":"","AttachStdin":false,"AttachStdout":false,"AttachStderr":false,"ExposedPorts":{"3306/tcp":{},"33060/tcp":{}},"Tty":false,"OpenStdin":false,"StdinOnce":false,"Env":["MYSQL_DATABASE=adm_videos","MYSQL_PASSWORD=123456","MYSQL_ROOT_PASSWORD=123456","PATH=/usr/local/sbin:/usr/local/bin:/usr/sbin:/usr/bin:/sbin:/bin","GOSU_VERSION=1.16","MYSQL_MAJOR=8.0","MYSQL_VERSION=8.0.32-1.el8","MYSQL_SHELL_VERSION=8.0.32-1.el8"],"Cmd":["mysqld"],"Image":"mysql:latest","Volumes":{"/var/lib/mysql":{}},"WorkingDir":"","Entrypoint":["docker-entrypoint.sh"],"OnBuild":null,"Labels":{"org.testcontainers":"true","org.testcontainers.lang":"java","org.testcontainers.sessionId":"71b9672a-6f61-4546-a7b6-d603100b2e56","org.testcontainers.version":"1.17.6"}},"NetworkSettings":{"Bridge":"","SandboxID":"56762d63452c709eadac6b5c5f4b6cdd30da833580c632f91fd658806eaf4ddb","HairpinMode":false,"LinkLocalIPv6Address":"","LinkLocalIPv6PrefixLen":0,"Ports":{"3306/tcp":[{"HostIp":"0.0.0.0","HostPort":"63819"}],"33060/tcp":null},"SandboxKey":"/var/run/docker/netns/56762d63452c","SecondaryIPAddresses":null,"SecondaryIPv6Addresses":null,"EndpointID":"92fc2600684327987bceb8e2716a72ba2420fccd56812c1491af8c03946e105c","Gateway":"172.17.0.1","GlobalIPv6Address":"","GlobalIPv6PrefixLen":0,"IPAddress":"172.17.0.3","IPPrefixLen":16,"IPv6Gateway":"","MacAddress":"02:42:ac:11:00:03","Networks":{"bridge":{"IPAMConfig":null,"Links":null,"Aliases":null,"NetworkID":"308e234c143065751b16b4500cb9f48d5c7fc2116504b3d816a5e51cd4771062","EndpointID":"92fc2600684327987bceb8e2716a72ba2420fccd56812c1491af8c03946e105c","Gateway":"172.17.0.1","IPAddress":"172.17.0.3","IPPrefixLen":16,"IPv6Gateway":"","GlobalIPv6Address":"","GlobalIPv6PrefixLen":0,"MacAddress":"02:42:ac:11:00:03","DriverOpts":null}}}}[\n]"
01:14:45.325 [Test worker] DEBUG com.github.dockerjava.zerodep.shaded.org.apache.hc.client5.http.wire - http-outgoing-2 << "[\r][\n]"
01:14:45.326 [Test worker] DEBUG com.github.dockerjava.zerodep.shaded.org.apache.hc.client5.http.wire - http-outgoing-2 << "0[\r][\n]"
01:14:45.327 [Test worker] DEBUG com.github.dockerjava.zerodep.shaded.org.apache.hc.client5.http.wire - http-outgoing-2 << "[\r][\n]"
01:14:45.327 [Test worker] DEBUG com.github.dockerjava.zerodep.shaded.org.apache.hc.client5.http.impl.classic.InternalHttpClient - ep-00000019: releasing valid endpoint
01:14:45.327 [Test worker] DEBUG com.github.dockerjava.zerodep.shaded.org.apache.hc.client5.http.impl.io.PoolingHttpClientConnectionManager - ep-00000019: releasing endpoint
01:14:45.327 [Test worker] DEBUG com.github.dockerjava.zerodep.shaded.org.apache.hc.client5.http.impl.io.PoolingHttpClientConnectionManager - ep-00000019: connection http-outgoing-2 can be kept alive for 3 MINUTES
01:14:45.327 [Test worker] DEBUG com.github.dockerjava.zerodep.shaded.org.apache.hc.client5.http.impl.io.PoolingHttpClientConnectionManager - ep-00000019: connection released [route: {}->unix://localhost:2375][total available: 1; route allocated: 1 of 2147483647; total allocated: 1 of 2147483647]
01:14:45.327 [Test worker] DEBUG ]]>&#x1f433;<![CDATA[ [mysql:latest] - Trying to create JDBC connection using com.mysql.cj.jdbc.Driver to jdbc:mysql://localhost:63819/adm_videos?useSSL=false&allowPublicKeyRetrieval=true with properties: {password=123456, user=root}
01:14:45.435 [Test worker] DEBUG org.testcontainers.shaded.com.github.dockerjava.core.command.AbstrDockerCmd - Cmd: cd5ecdf38df06b4092e6cf67100cd20ad9c3cb4b6e9303874a7bd89885b140c9,false
01:14:45.436 [Test worker] DEBUG org.testcontainers.shaded.com.github.dockerjava.core.exec.InspectContainerCmdExec - GET: DefaultWebTarget{path=[/containers/cd5ecdf38df06b4092e6cf67100cd20ad9c3cb4b6e9303874a7bd89885b140c9/json], queryParams={}}
01:14:45.436 [Test worker] DEBUG com.github.dockerjava.zerodep.shaded.org.apache.hc.client5.http.impl.classic.InternalHttpClient - ex-0000001B: preparing request execution
01:14:45.436 [Test worker] DEBUG com.github.dockerjava.zerodep.shaded.org.apache.hc.client5.http.protocol.RequestAddCookies - Cookie spec selected: strict
01:14:45.436 [Test worker] DEBUG com.github.dockerjava.zerodep.shaded.org.apache.hc.client5.http.protocol.RequestAuthCache - Auth cache not set in the context
01:14:45.436 [Test worker] DEBUG com.github.dockerjava.zerodep.shaded.org.apache.hc.client5.http.impl.classic.ProtocolExec - ex-0000001B: target auth state: UNCHALLENGED
01:14:45.436 [Test worker] DEBUG com.github.dockerjava.zerodep.shaded.org.apache.hc.client5.http.impl.classic.ProtocolExec - ex-0000001B: proxy auth state: UNCHALLENGED
01:14:45.436 [Test worker] DEBUG com.github.dockerjava.zerodep.shaded.org.apache.hc.client5.http.impl.classic.ConnectExec - ex-0000001B: acquiring connection with route {}->unix://localhost:2375
01:14:45.436 [Test worker] DEBUG com.github.dockerjava.zerodep.shaded.org.apache.hc.client5.http.impl.classic.InternalHttpClient - ex-0000001B: acquiring endpoint (3 MINUTES)
01:14:45.436 [Test worker] DEBUG com.github.dockerjava.zerodep.shaded.org.apache.hc.client5.http.impl.io.PoolingHttpClientConnectionManager - ex-0000001B: endpoint lease request (3 MINUTES) [route: {}->unix://localhost:2375][total available: 1; route allocated: 1 of 2147483647; total allocated: 1 of 2147483647]
01:14:45.436 [Test worker] DEBUG com.github.dockerjava.zerodep.shaded.org.apache.hc.client5.http.impl.io.PoolingHttpClientConnectionManager - ex-0000001B: endpoint leased [route: {}->unix://localhost:2375][total available: 0; route allocated: 1 of 2147483647; total allocated: 1 of 2147483647]
01:14:45.436 [Test worker] DEBUG com.github.dockerjava.zerodep.shaded.org.apache.hc.client5.http.impl.io.PoolingHttpClientConnectionManager - ex-0000001B: acquired ep-0000001A
01:14:45.436 [Test worker] DEBUG com.github.dockerjava.zerodep.shaded.org.apache.hc.client5.http.impl.classic.InternalHttpClient - ex-0000001B: acquired endpoint ep-0000001A
01:14:45.436 [Test worker] DEBUG com.github.dockerjava.zerodep.shaded.org.apache.hc.client5.http.impl.classic.MainClientExec - ex-0000001B: executing GET /v1.32/containers/cd5ecdf38df06b4092e6cf67100cd20ad9c3cb4b6e9303874a7bd89885b140c9/json HTTP/1.1
01:14:45.436 [Test worker] DEBUG com.github.dockerjava.zerodep.shaded.org.apache.hc.client5.http.impl.classic.InternalHttpClient - ep-0000001A: start execution ex-0000001B
01:14:45.436 [Test worker] DEBUG com.github.dockerjava.zerodep.shaded.org.apache.hc.client5.http.impl.io.PoolingHttpClientConnectionManager - ep-0000001A: executing exchange ex-0000001B over http-outgoing-2
01:14:45.437 [Test worker] DEBUG com.github.dockerjava.zerodep.shaded.org.apache.hc.client5.http.headers - http-outgoing-2 >> GET /v1.32/containers/cd5ecdf38df06b4092e6cf67100cd20ad9c3cb4b6e9303874a7bd89885b140c9/json HTTP/1.1
01:14:45.437 [Test worker] DEBUG com.github.dockerjava.zerodep.shaded.org.apache.hc.client5.http.headers - http-outgoing-2 >> accept: application/json
01:14:45.437 [Test worker] DEBUG com.github.dockerjava.zerodep.shaded.org.apache.hc.client5.http.headers - http-outgoing-2 >> x-tc-sid: 71b9672a-6f61-4546-a7b6-d603100b2e56
01:14:45.437 [Test worker] DEBUG com.github.dockerjava.zerodep.shaded.org.apache.hc.client5.http.headers - http-outgoing-2 >> Accept-Encoding: gzip, x-gzip, deflate
01:14:45.437 [Test worker] DEBUG com.github.dockerjava.zerodep.shaded.org.apache.hc.client5.http.headers - http-outgoing-2 >> Host: localhost:2375
01:14:45.437 [Test worker] DEBUG com.github.dockerjava.zerodep.shaded.org.apache.hc.client5.http.headers - http-outgoing-2 >> Connection: keep-alive
01:14:45.437 [Test worker] DEBUG com.github.dockerjava.zerodep.shaded.org.apache.hc.client5.http.headers - http-outgoing-2 >> User-Agent: Apache-HttpClient/5.0.3 (Java/17.0.2)
01:14:45.437 [Test worker] DEBUG com.github.dockerjava.zerodep.shaded.org.apache.hc.client5.http.wire - http-outgoing-2 >> "GET /v1.32/containers/cd5ecdf38df06b4092e6cf67100cd20ad9c3cb4b6e9303874a7bd89885b140c9/json HTTP/1.1[\r][\n]"
01:14:45.437 [Test worker] DEBUG com.github.dockerjava.zerodep.shaded.org.apache.hc.client5.http.wire - http-outgoing-2 >> "accept: application/json[\r][\n]"
01:14:45.437 [Test worker] DEBUG com.github.dockerjava.zerodep.shaded.org.apache.hc.client5.http.wire - http-outgoing-2 >> "x-tc-sid: 71b9672a-6f61-4546-a7b6-d603100b2e56[\r][\n]"
01:14:45.437 [Test worker] DEBUG com.github.dockerjava.zerodep.shaded.org.apache.hc.client5.http.wire - http-outgoing-2 >> "Accept-Encoding: gzip, x-gzip, deflate[\r][\n]"
01:14:45.437 [Test worker] DEBUG com.github.dockerjava.zerodep.shaded.org.apache.hc.client5.http.wire - http-outgoing-2 >> "Host: localhost:2375[\r][\n]"
01:14:45.437 [Test worker] DEBUG com.github.dockerjava.zerodep.shaded.org.apache.hc.client5.http.wire - http-outgoing-2 >> "Connection: keep-alive[\r][\n]"
01:14:45.437 [Test worker] DEBUG com.github.dockerjava.zerodep.shaded.org.apache.hc.client5.http.wire - http-outgoing-2 >> "User-Agent: Apache-HttpClient/5.0.3 (Java/17.0.2)[\r][\n]"
01:14:45.437 [Test worker] DEBUG com.github.dockerjava.zerodep.shaded.org.apache.hc.client5.http.wire - http-outgoing-2 >> "[\r][\n]"
01:14:45.441 [Test worker] DEBUG com.github.dockerjava.zerodep.shaded.org.apache.hc.client5.http.wire - http-outgoing-2 << "HTTP/1.1 200 OK[\r][\n]"
01:14:45.441 [Test worker] DEBUG com.github.dockerjava.zerodep.shaded.org.apache.hc.client5.http.wire - http-outgoing-2 << "Api-Version: 1.41[\r][\n]"
01:14:45.441 [Test worker] DEBUG com.github.dockerjava.zerodep.shaded.org.apache.hc.client5.http.wire - http-outgoing-2 << "Content-Type: application/json[\r][\n]"
01:14:45.441 [Test worker] DEBUG com.github.dockerjava.zerodep.shaded.org.apache.hc.client5.http.wire - http-outgoing-2 << "Date: Tue, 28 Mar 2023 04:14:45 GMT[\r][\n]"
01:14:45.441 [Test worker] DEBUG com.github.dockerjava.zerodep.shaded.org.apache.hc.client5.http.wire - http-outgoing-2 << "Docker-Experimental: false[\r][\n]"
01:14:45.441 [Test worker] DEBUG com.github.dockerjava.zerodep.shaded.org.apache.hc.client5.http.wire - http-outgoing-2 << "Ostype: linux[\r][\n]"
01:14:45.441 [Test worker] DEBUG com.github.dockerjava.zerodep.shaded.org.apache.hc.client5.http.wire - http-outgoing-2 << "Server: Docker/20.10.21 (linux)[\r][\n]"
01:14:45.441 [Test worker] DEBUG com.github.dockerjava.zerodep.shaded.org.apache.hc.client5.http.wire - http-outgoing-2 << "Transfer-Encoding: chunked[\r][\n]"
01:14:45.441 [Test worker] DEBUG com.github.dockerjava.zerodep.shaded.org.apache.hc.client5.http.wire - http-outgoing-2 << "[\r][\n]"
01:14:45.441 [Test worker] DEBUG com.github.dockerjava.zerodep.shaded.org.apache.hc.client5.http.headers - http-outgoing-2 << HTTP/1.1 200 OK
01:14:45.441 [Test worker] DEBUG com.github.dockerjava.zerodep.shaded.org.apache.hc.client5.http.headers - http-outgoing-2 << Api-Version: 1.41
01:14:45.441 [Test worker] DEBUG com.github.dockerjava.zerodep.shaded.org.apache.hc.client5.http.headers - http-outgoing-2 << Content-Type: application/json
01:14:45.441 [Test worker] DEBUG com.github.dockerjava.zerodep.shaded.org.apache.hc.client5.http.headers - http-outgoing-2 << Date: Tue, 28 Mar 2023 04:14:45 GMT
01:14:45.441 [Test worker] DEBUG com.github.dockerjava.zerodep.shaded.org.apache.hc.client5.http.headers - http-outgoing-2 << Docker-Experimental: false
01:14:45.441 [Test worker] DEBUG com.github.dockerjava.zerodep.shaded.org.apache.hc.client5.http.headers - http-outgoing-2 << Ostype: linux
01:14:45.441 [Test worker] DEBUG com.github.dockerjava.zerodep.shaded.org.apache.hc.client5.http.headers - http-outgoing-2 << Server: Docker/20.10.21 (linux)
01:14:45.441 [Test worker] DEBUG com.github.dockerjava.zerodep.shaded.org.apache.hc.client5.http.headers - http-outgoing-2 << Transfer-Encoding: chunked
01:14:45.441 [Test worker] DEBUG com.github.dockerjava.zerodep.shaded.org.apache.hc.client5.http.impl.classic.MainClientExec - ex-0000001B: connection can be kept alive for 3 MINUTES
01:14:45.443 [Test worker] DEBUG com.github.dockerjava.zerodep.shaded.org.apache.hc.client5.http.wire - http-outgoing-2 << "18c1[\r][\n]"
01:14:45.443 [Test worker] DEBUG com.github.dockerjava.zerodep.shaded.org.apache.hc.client5.http.wire - http-outgoing-2 << "{"Id":"cd5ecdf38df06b4092e6cf67100cd20ad9c3cb4b6e9303874a7bd89885b140c9","Created":"2023-03-28T04:14:43.179040379Z","Path":"docker-entrypoint.sh","Args":["mysqld"],"State":{"Status":"running","Running":true,"Paused":false,"Restarting":false,"OOMKilled":false,"Dead":false,"Pid":20152,"ExitCode":0,"Error":"","StartedAt":"2023-03-28T04:14:43.680338005Z","FinishedAt":"0001-01-01T00:00:00Z"},"Image":"sha256:c7c54c29e20dccc1aefb936c8eba8bb8b98b87a4921102aba87fde2df5810af9","ResolvConfPath":"/var/lib/docker/containers/cd5ecdf38df06b4092e6cf67100cd20ad9c3cb4b6e9303874a7bd89885b140c9/resolv.conf","HostnamePath":"/var/lib/docker/containers/cd5ecdf38df06b4092e6cf67100cd20ad9c3cb4b6e9303874a7bd89885b140c9/hostname","HostsPath":"/var/lib/docker/containers/cd5ecdf38df06b4092e6cf67100cd20ad9c3cb4b6e9303874a7bd89885b140c9/hosts","LogPath":"/var/lib/docker/containers/cd5ecdf38df06b4092e6cf67100cd20ad9c3cb4b6e9303874a7bd89885b140c9/cd5ecdf38df06b4092e6cf67100cd20ad9c3cb4b6e9303874a7bd89885b140c9-json.log","Name":"/keen_matsumoto","RestartCount":0,"Driver":"overlay2","Platform":"linux","MountLabel":"","ProcessLabel":"","AppArmorProfile":"","ExecIDs":null,"HostConfig":{"Binds":[],"ContainerIDFile":"","LogConfig":{"Type":"json-file","Config":{}},"NetworkMode":"default","PortBindings":{"3306/tcp":[{"HostIp":"0.0.0.0","HostPort":"0"}]},"RestartPolicy":{"Name":"","MaximumRetryCount":0},"AutoRemove":false,"VolumeDriver":"","VolumesFrom":[],"CapAdd":null,"CapDrop":null,"CgroupnsMode":"private","Dns":null,"DnsOptions":null,"DnsSearch":null,"ExtraHosts":[],"GroupAdd":null,"IpcMode":"shareable","Cgroup":"","Links":null,"OomScoreAdj":0,"PidMode":"","Privileged":false,"PublishAllPorts":false,"ReadonlyRootfs":false,"SecurityOpt":null,"UTSMode":"","UsernsMode":"","ShmSize":67108864,"Runtime":"runc","ConsoleSize":[0,0],"Isolation":"","CpuShares":0,"Memory":0,"NanoCpus":0,"CgroupParent":"","BlkioWeight":0,"BlkioWeightDevice":null,"BlkioDeviceReadBps":null,"BlkioDeviceWriteBps":null,"BlkioDeviceReadIOps":null,"BlkioDeviceWriteIOps":null,"CpuPeriod":0,"CpuQuota":0,"CpuRealtimePeriod":0,"CpuRealtimeRuntime":0,"CpusetCpus":"","CpusetMems":"","Devices":null,"DeviceCgroupRules":null,"DeviceRequests":null,"KernelMemory":0,"KernelMemoryTCP":0,"MemoryReservation":0,"MemorySwap":0,"MemorySwappiness":null,"OomKillDisable":null,"PidsLimit":null,"Ulimits":null,"CpuCount":0,"CpuPercent":0,"IOMaximumIOps":0,"IOMaximumBandwidth":0,"MaskedPaths":["/proc/asound","/proc/acpi","/proc/kcore","/proc/keys","/proc/latency_stats","/proc/timer_list","/proc/timer_stats","/proc/sched_debug","/proc/scsi","/sys/firmware"],"ReadonlyPaths":["/proc/bus","/proc/fs","/proc/irq","/proc/sys","/proc/sysrq-trigger"]},"GraphDriver":{"Data":{"LowerDir":"/var/lib/docker/overlay2/830e690ec83ecff869b59e4f673c0c63b2bc5c068e9f710933e6f61763699fd2-init/diff:/var/lib/docker/overlay2/1bd8849d7a296305617011f940aa5cfabbe972a513397b1b6bbc27639b6c1f30/diff:/var/lib/docker/overlay2/199d69b2fbf78af4d4c95dec4fd2f8835ab0347eb49fb20ebb2ff3b99fedd6ad/diff:/var/lib/docker/overlay2/d83c38d654989311f75b9491329846033bfb7714de76ef635380dcfad5c740d9/diff:/var/lib/docker/overlay2/08600d0aea2ab2728bebcf5d2589c640a842f53d1ba3c4a4adccb4d03b923cf6/diff:/var/lib/docker/overlay2/9ec7c63a3fb14d13ac788bbf5e282ca821edc41260b79944e5e631037d13ecda/diff:/var/lib/docker/overlay2/db601d7a1b4ea6da638db620462f0da96fa55c559d02269c9ddb09027936ed87/diff:/var/lib/docker/overlay2/a6d2bd03f942e2565f21e74cfe152c7ec836a1c2b583f0790c685b92bdcfda24/diff:/var/lib/docker/overlay2/9badd16ea2c5e2bf1fde8b579683e41137dfc46ed5449234149f199a6751cc84/diff:/var/lib/docker/overlay2/6efb85646ed12e2d1181ef4cc6f6f6732c00c15a4035fe17ebc4f075ca573c30/diff:/var/lib/docker/overlay2/895d7c0ec09144d6ed33936f4e98e11c18010f7abd708cae1ce43aec7a7f2621/diff:/var/lib/docker/overlay2/1c4ba77aa573ab6e5e5069fd15eae71b3da940bde0f97a922a227ffc8a1d1096/diff","MergedDir":"/var/lib/docker/overlay2/830e690ec83ecff869b59e4f673c0c63b2bc5c068e9f710933e6f61763699fd2/merged","UpperDir":"/var/lib/docker/overlay2/830e690ec83ecff869b59e4f673c0c63b2bc5c068e9f710933e6f61763699fd2/diff","WorkDir":"/var/lib/docker/overlay2/830e690ec83ecff869b59e4f673c0c63b2bc5c068e9f710933e6f61763699fd2/work"},"Name":"overlay2"},"Mounts":[{"Type":"volume","Name":"25868b8cea8ad6eba7f00a6fe83e8848def5cff8aab5c5943024031400fa063d","Source":"/var/lib/docker/volumes/25868b8cea8ad6eba7f00a6fe83e8848def5cff8aab5c5943024031400fa063d/_data","Destination":"/var/lib/mysql","Driver":"local","Mode":"","RW":true,"Propagation":""}],"Config":{"Hostname":"cd5ecdf38df0","Domainname":"","User":"","AttachStdin":false,"AttachStdout":false,"AttachStderr":false,"ExposedPorts":{"3306/tcp":{},"33060/tcp":{}},"Tty":false,"OpenStdin":false,"StdinOnce":false,"Env":["MYSQL_DATABASE=adm_videos","MYSQL_PASSWORD=123456","MYSQL_ROOT_PASSWORD=123456","PATH=/usr/local/sbin:/usr/local/bin:/usr/sbin:/usr/bin:/sbin:/bin","GOSU_VERSION=1.16","MYSQL_MAJOR=8.0","MYSQL_VERSION=8.0.32-1.el8","MYSQL_SHELL_VERSION=8.0.32-1.el8"],"Cmd":["mysqld"],"Image":"mysql:latest","Volumes":{"/var/lib/mysql":{}},"WorkingDir":"","Entrypoint":["docker-entrypoint.sh"],"OnBuild":null,"Labels":{"org.testcontainers":"true","org.testcontainers.lang":"java","org.testcontainers.sessionId":"71b9672a-6f61-4546-a7b6-d603100b2e56","org.testcontainers.version":"1.17.6"}},"NetworkSettings":{"Bridge":"","SandboxID":"56762d63452c709eadac6b5c5f4b6cdd30da833580c632f91fd658806eaf4ddb","HairpinMode":false,"LinkLocalIPv6Address":"","LinkLocalIPv6PrefixLen":0,"Ports":{"3306/tcp":[{"HostIp":"0.0.0.0","HostPort":"63819"}],"33060/tcp":null},"SandboxKey":"/var/run/docker/netns/56762d63452c","SecondaryIPAddresses":null,"SecondaryIPv6Addresses":null,"EndpointID":"92fc2600684327987bceb8e2716a72ba2420fccd56812c1491af8c03946e105c","Gateway":"172.17.0.1","GlobalIPv6Address":"","GlobalIPv6PrefixLen":0,"IPAddress":"172.17.0.3","IPPrefixLen":16,"IPv6Gateway":"","MacAddress":"02:42:ac:11:00:03","Networks":{"bridge":{"IPAMConfig":null,"Links":null,"Aliases":null,"NetworkID":"308e234c143065751b16b4500cb9f48d5c7fc2116504b3d816a5e51cd4771062","EndpointID":"92fc2600684327987bceb8e2716a72ba2420fccd56812c1491af8c03946e105c","Gateway":"172.17.0.1","IPAddress":"172.17.0.3","IPPrefixLen":16,"IPv6Gateway":"","GlobalIPv6Address":"","GlobalIPv6PrefixLen":0,"MacAddress":"02:42:ac:11:00:03","DriverOpts":null}}}}[\n]"
01:14:45.443 [Test worker] DEBUG com.github.dockerjava.zerodep.shaded.org.apache.hc.client5.http.wire - http-outgoing-2 << "[\r][\n]"
01:14:45.444 [Test worker] DEBUG com.github.dockerjava.zerodep.shaded.org.apache.hc.client5.http.wire - http-outgoing-2 << "0[\r][\n]"
01:14:45.444 [Test worker] DEBUG com.github.dockerjava.zerodep.shaded.org.apache.hc.client5.http.wire - http-outgoing-2 << "[\r][\n]"
01:14:45.444 [Test worker] DEBUG com.github.dockerjava.zerodep.shaded.org.apache.hc.client5.http.impl.classic.InternalHttpClient - ep-0000001A: releasing valid endpoint
01:14:45.444 [Test worker] DEBUG com.github.dockerjava.zerodep.shaded.org.apache.hc.client5.http.impl.io.PoolingHttpClientConnectionManager - ep-0000001A: releasing endpoint
01:14:45.444 [Test worker] DEBUG com.github.dockerjava.zerodep.shaded.org.apache.hc.client5.http.impl.io.PoolingHttpClientConnectionManager - ep-0000001A: connection http-outgoing-2 can be kept alive for 3 MINUTES
01:14:45.444 [Test worker] DEBUG com.github.dockerjava.zerodep.shaded.org.apache.hc.client5.http.impl.io.PoolingHttpClientConnectionManager - ep-0000001A: connection released [route: {}->unix://localhost:2375][total available: 1; route allocated: 1 of 2147483647; total allocated: 1 of 2147483647]
01:14:45.444 [Test worker] DEBUG ]]>&#x1f433;<![CDATA[ [mysql:latest] - Trying to create JDBC connection using com.mysql.cj.jdbc.Driver to jdbc:mysql://localhost:63819/adm_videos?useSSL=false&allowPublicKeyRetrieval=true with properties: {password=123456, user=root}
01:14:45.549 [Test worker] DEBUG org.testcontainers.shaded.com.github.dockerjava.core.command.AbstrDockerCmd - Cmd: cd5ecdf38df06b4092e6cf67100cd20ad9c3cb4b6e9303874a7bd89885b140c9,false
01:14:45.550 [Test worker] DEBUG org.testcontainers.shaded.com.github.dockerjava.core.exec.InspectContainerCmdExec - GET: DefaultWebTarget{path=[/containers/cd5ecdf38df06b4092e6cf67100cd20ad9c3cb4b6e9303874a7bd89885b140c9/json], queryParams={}}
01:14:45.550 [Test worker] DEBUG com.github.dockerjava.zerodep.shaded.org.apache.hc.client5.http.impl.classic.InternalHttpClient - ex-0000001C: preparing request execution
01:14:45.551 [Test worker] DEBUG com.github.dockerjava.zerodep.shaded.org.apache.hc.client5.http.protocol.RequestAddCookies - Cookie spec selected: strict
01:14:45.551 [Test worker] DEBUG com.github.dockerjava.zerodep.shaded.org.apache.hc.client5.http.protocol.RequestAuthCache - Auth cache not set in the context
01:14:45.551 [Test worker] DEBUG com.github.dockerjava.zerodep.shaded.org.apache.hc.client5.http.impl.classic.ProtocolExec - ex-0000001C: target auth state: UNCHALLENGED
01:14:45.551 [Test worker] DEBUG com.github.dockerjava.zerodep.shaded.org.apache.hc.client5.http.impl.classic.ProtocolExec - ex-0000001C: proxy auth state: UNCHALLENGED
01:14:45.551 [Test worker] DEBUG com.github.dockerjava.zerodep.shaded.org.apache.hc.client5.http.impl.classic.ConnectExec - ex-0000001C: acquiring connection with route {}->unix://localhost:2375
01:14:45.551 [Test worker] DEBUG com.github.dockerjava.zerodep.shaded.org.apache.hc.client5.http.impl.classic.InternalHttpClient - ex-0000001C: acquiring endpoint (3 MINUTES)
01:14:45.551 [Test worker] DEBUG com.github.dockerjava.zerodep.shaded.org.apache.hc.client5.http.impl.io.PoolingHttpClientConnectionManager - ex-0000001C: endpoint lease request (3 MINUTES) [route: {}->unix://localhost:2375][total available: 1; route allocated: 1 of 2147483647; total allocated: 1 of 2147483647]
01:14:45.552 [Test worker] DEBUG com.github.dockerjava.zerodep.shaded.org.apache.hc.client5.http.impl.io.PoolingHttpClientConnectionManager - ex-0000001C: endpoint leased [route: {}->unix://localhost:2375][total available: 0; route allocated: 1 of 2147483647; total allocated: 1 of 2147483647]
01:14:45.552 [Test worker] DEBUG com.github.dockerjava.zerodep.shaded.org.apache.hc.client5.http.impl.io.PoolingHttpClientConnectionManager - ex-0000001C: acquired ep-0000001B
01:14:45.552 [Test worker] DEBUG com.github.dockerjava.zerodep.shaded.org.apache.hc.client5.http.impl.classic.InternalHttpClient - ex-0000001C: acquired endpoint ep-0000001B
01:14:45.552 [Test worker] DEBUG com.github.dockerjava.zerodep.shaded.org.apache.hc.client5.http.impl.classic.MainClientExec - ex-0000001C: executing GET /v1.32/containers/cd5ecdf38df06b4092e6cf67100cd20ad9c3cb4b6e9303874a7bd89885b140c9/json HTTP/1.1
01:14:45.552 [Test worker] DEBUG com.github.dockerjava.zerodep.shaded.org.apache.hc.client5.http.impl.classic.InternalHttpClient - ep-0000001B: start execution ex-0000001C
01:14:45.552 [Test worker] DEBUG com.github.dockerjava.zerodep.shaded.org.apache.hc.client5.http.impl.io.PoolingHttpClientConnectionManager - ep-0000001B: executing exchange ex-0000001C over http-outgoing-2
01:14:45.552 [Test worker] DEBUG com.github.dockerjava.zerodep.shaded.org.apache.hc.client5.http.headers - http-outgoing-2 >> GET /v1.32/containers/cd5ecdf38df06b4092e6cf67100cd20ad9c3cb4b6e9303874a7bd89885b140c9/json HTTP/1.1
01:14:45.552 [Test worker] DEBUG com.github.dockerjava.zerodep.shaded.org.apache.hc.client5.http.headers - http-outgoing-2 >> accept: application/json
01:14:45.552 [Test worker] DEBUG com.github.dockerjava.zerodep.shaded.org.apache.hc.client5.http.headers - http-outgoing-2 >> x-tc-sid: 71b9672a-6f61-4546-a7b6-d603100b2e56
01:14:45.552 [Test worker] DEBUG com.github.dockerjava.zerodep.shaded.org.apache.hc.client5.http.headers - http-outgoing-2 >> Accept-Encoding: gzip, x-gzip, deflate
01:14:45.552 [Test worker] DEBUG com.github.dockerjava.zerodep.shaded.org.apache.hc.client5.http.headers - http-outgoing-2 >> Host: localhost:2375
01:14:45.552 [Test worker] DEBUG com.github.dockerjava.zerodep.shaded.org.apache.hc.client5.http.headers - http-outgoing-2 >> Connection: keep-alive
01:14:45.552 [Test worker] DEBUG com.github.dockerjava.zerodep.shaded.org.apache.hc.client5.http.headers - http-outgoing-2 >> User-Agent: Apache-HttpClient/5.0.3 (Java/17.0.2)
01:14:45.552 [Test worker] DEBUG com.github.dockerjava.zerodep.shaded.org.apache.hc.client5.http.wire - http-outgoing-2 >> "GET /v1.32/containers/cd5ecdf38df06b4092e6cf67100cd20ad9c3cb4b6e9303874a7bd89885b140c9/json HTTP/1.1[\r][\n]"
01:14:45.552 [Test worker] DEBUG com.github.dockerjava.zerodep.shaded.org.apache.hc.client5.http.wire - http-outgoing-2 >> "accept: application/json[\r][\n]"
01:14:45.552 [Test worker] DEBUG com.github.dockerjava.zerodep.shaded.org.apache.hc.client5.http.wire - http-outgoing-2 >> "x-tc-sid: 71b9672a-6f61-4546-a7b6-d603100b2e56[\r][\n]"
01:14:45.552 [Test worker] DEBUG com.github.dockerjava.zerodep.shaded.org.apache.hc.client5.http.wire - http-outgoing-2 >> "Accept-Encoding: gzip, x-gzip, deflate[\r][\n]"
01:14:45.552 [Test worker] DEBUG com.github.dockerjava.zerodep.shaded.org.apache.hc.client5.http.wire - http-outgoing-2 >> "Host: localhost:2375[\r][\n]"
01:14:45.552 [Test worker] DEBUG com.github.dockerjava.zerodep.shaded.org.apache.hc.client5.http.wire - http-outgoing-2 >> "Connection: keep-alive[\r][\n]"
01:14:45.552 [Test worker] DEBUG com.github.dockerjava.zerodep.shaded.org.apache.hc.client5.http.wire - http-outgoing-2 >> "User-Agent: Apache-HttpClient/5.0.3 (Java/17.0.2)[\r][\n]"
01:14:45.552 [Test worker] DEBUG com.github.dockerjava.zerodep.shaded.org.apache.hc.client5.http.wire - http-outgoing-2 >> "[\r][\n]"
01:14:45.554 [Test worker] DEBUG com.github.dockerjava.zerodep.shaded.org.apache.hc.client5.http.wire - http-outgoing-2 << "HTTP/1.1 200 OK[\r][\n]"
01:14:45.554 [Test worker] DEBUG com.github.dockerjava.zerodep.shaded.org.apache.hc.client5.http.wire - http-outgoing-2 << "Api-Version: 1.41[\r][\n]"
01:14:45.554 [Test worker] DEBUG com.github.dockerjava.zerodep.shaded.org.apache.hc.client5.http.wire - http-outgoing-2 << "Content-Type: application/json[\r][\n]"
01:14:45.554 [Test worker] DEBUG com.github.dockerjava.zerodep.shaded.org.apache.hc.client5.http.wire - http-outgoing-2 << "Date: Tue, 28 Mar 2023 04:14:45 GMT[\r][\n]"
01:14:45.554 [Test worker] DEBUG com.github.dockerjava.zerodep.shaded.org.apache.hc.client5.http.wire - http-outgoing-2 << "Docker-Experimental: false[\r][\n]"
01:14:45.554 [Test worker] DEBUG com.github.dockerjava.zerodep.shaded.org.apache.hc.client5.http.wire - http-outgoing-2 << "Ostype: linux[\r][\n]"
01:14:45.554 [Test worker] DEBUG com.github.dockerjava.zerodep.shaded.org.apache.hc.client5.http.wire - http-outgoing-2 << "Server: Docker/20.10.21 (linux)[\r][\n]"
01:14:45.554 [Test worker] DEBUG com.github.dockerjava.zerodep.shaded.org.apache.hc.client5.http.wire - http-outgoing-2 << "Transfer-Encoding: chunked[\r][\n]"
01:14:45.554 [Test worker] DEBUG com.github.dockerjava.zerodep.shaded.org.apache.hc.client5.http.wire - http-outgoing-2 << "[\r][\n]"
01:14:45.554 [Test worker] DEBUG com.github.dockerjava.zerodep.shaded.org.apache.hc.client5.http.headers - http-outgoing-2 << HTTP/1.1 200 OK
01:14:45.554 [Test worker] DEBUG com.github.dockerjava.zerodep.shaded.org.apache.hc.client5.http.headers - http-outgoing-2 << Api-Version: 1.41
01:14:45.554 [Test worker] DEBUG com.github.dockerjava.zerodep.shaded.org.apache.hc.client5.http.headers - http-outgoing-2 << Content-Type: application/json
01:14:45.554 [Test worker] DEBUG com.github.dockerjava.zerodep.shaded.org.apache.hc.client5.http.headers - http-outgoing-2 << Date: Tue, 28 Mar 2023 04:14:45 GMT
01:14:45.554 [Test worker] DEBUG com.github.dockerjava.zerodep.shaded.org.apache.hc.client5.http.headers - http-outgoing-2 << Docker-Experimental: false
01:14:45.554 [Test worker] DEBUG com.github.dockerjava.zerodep.shaded.org.apache.hc.client5.http.headers - http-outgoing-2 << Ostype: linux
01:14:45.554 [Test worker] DEBUG com.github.dockerjava.zerodep.shaded.org.apache.hc.client5.http.headers - http-outgoing-2 << Server: Docker/20.10.21 (linux)
01:14:45.554 [Test worker] DEBUG com.github.dockerjava.zerodep.shaded.org.apache.hc.client5.http.headers - http-outgoing-2 << Transfer-Encoding: chunked
01:14:45.554 [Test worker] DEBUG com.github.dockerjava.zerodep.shaded.org.apache.hc.client5.http.impl.classic.MainClientExec - ex-0000001C: connection can be kept alive for 3 MINUTES
01:14:45.555 [Test worker] DEBUG com.github.dockerjava.zerodep.shaded.org.apache.hc.client5.http.wire - http-outgoing-2 << "18c1[\r][\n]"
01:14:45.555 [Test worker] DEBUG com.github.dockerjava.zerodep.shaded.org.apache.hc.client5.http.wire - http-outgoing-2 << "{"Id":"cd5ecdf38df06b4092e6cf67100cd20ad9c3cb4b6e9303874a7bd89885b140c9","Created":"2023-03-28T04:14:43.179040379Z","Path":"docker-entrypoint.sh","Args":["mysqld"],"State":{"Status":"running","Running":true,"Paused":false,"Restarting":false,"OOMKilled":false,"Dead":false,"Pid":20152,"ExitCode":0,"Error":"","StartedAt":"2023-03-28T04:14:43.680338005Z","FinishedAt":"0001-01-01T00:00:00Z"},"Image":"sha256:c7c54c29e20dccc1aefb936c8eba8bb8b98b87a4921102aba87fde2df5810af9","ResolvConfPath":"/var/lib/docker/containers/cd5ecdf38df06b4092e6cf67100cd20ad9c3cb4b6e9303874a7bd89885b140c9/resolv.conf","HostnamePath":"/var/lib/docker/containers/cd5ecdf38df06b4092e6cf67100cd20ad9c3cb4b6e9303874a7bd89885b140c9/hostname","HostsPath":"/var/lib/docker/containers/cd5ecdf38df06b4092e6cf67100cd20ad9c3cb4b6e9303874a7bd89885b140c9/hosts","LogPath":"/var/lib/docker/containers/cd5ecdf38df06b4092e6cf67100cd20ad9c3cb4b6e9303874a7bd89885b140c9/cd5ecdf38df06b4092e6cf67100cd20ad9c3cb4b6e9303874a7bd89885b140c9-json.log","Name":"/keen_matsumoto","RestartCount":0,"Driver":"overlay2","Platform":"linux","MountLabel":"","ProcessLabel":"","AppArmorProfile":"","ExecIDs":null,"HostConfig":{"Binds":[],"ContainerIDFile":"","LogConfig":{"Type":"json-file","Config":{}},"NetworkMode":"default","PortBindings":{"3306/tcp":[{"HostIp":"0.0.0.0","HostPort":"0"}]},"RestartPolicy":{"Name":"","MaximumRetryCount":0},"AutoRemove":false,"VolumeDriver":"","VolumesFrom":[],"CapAdd":null,"CapDrop":null,"CgroupnsMode":"private","Dns":null,"DnsOptions":null,"DnsSearch":null,"ExtraHosts":[],"GroupAdd":null,"IpcMode":"shareable","Cgroup":"","Links":null,"OomScoreAdj":0,"PidMode":"","Privileged":false,"PublishAllPorts":false,"ReadonlyRootfs":false,"SecurityOpt":null,"UTSMode":"","UsernsMode":"","ShmSize":67108864,"Runtime":"runc","ConsoleSize":[0,0],"Isolation":"","CpuShares":0,"Memory":0,"NanoCpus":0,"CgroupParent":"","BlkioWeight":0,"BlkioWeightDevice":null,"BlkioDeviceReadBps":null,"BlkioDeviceWriteBps":null,"BlkioDeviceReadIOps":null,"BlkioDeviceWriteIOps":null,"CpuPeriod":0,"CpuQuota":0,"CpuRealtimePeriod":0,"CpuRealtimeRuntime":0,"CpusetCpus":"","CpusetMems":"","Devices":null,"DeviceCgroupRules":null,"DeviceRequests":null,"KernelMemory":0,"KernelMemoryTCP":0,"MemoryReservation":0,"MemorySwap":0,"MemorySwappiness":null,"OomKillDisable":null,"PidsLimit":null,"Ulimits":null,"CpuCount":0,"CpuPercent":0,"IOMaximumIOps":0,"IOMaximumBandwidth":0,"MaskedPaths":["/proc/asound","/proc/acpi","/proc/kcore","/proc/keys","/proc/latency_stats","/proc/timer_list","/proc/timer_stats","/proc/sched_debug","/proc/scsi","/sys/firmware"],"ReadonlyPaths":["/proc/bus","/proc/fs","/proc/irq","/proc/sys","/proc/sysrq-trigger"]},"GraphDriver":{"Data":{"LowerDir":"/var/lib/docker/overlay2/830e690ec83ecff869b59e4f673c0c63b2bc5c068e9f710933e6f61763699fd2-init/diff:/var/lib/docker/overlay2/1bd8849d7a296305617011f940aa5cfabbe972a513397b1b6bbc27639b6c1f30/diff:/var/lib/docker/overlay2/199d69b2fbf78af4d4c95dec4fd2f8835ab0347eb49fb20ebb2ff3b99fedd6ad/diff:/var/lib/docker/overlay2/d83c38d654989311f75b9491329846033bfb7714de76ef635380dcfad5c740d9/diff:/var/lib/docker/overlay2/08600d0aea2ab2728bebcf5d2589c640a842f53d1ba3c4a4adccb4d03b923cf6/diff:/var/lib/docker/overlay2/9ec7c63a3fb14d13ac788bbf5e282ca821edc41260b79944e5e631037d13ecda/diff:/var/lib/docker/overlay2/db601d7a1b4ea6da638db620462f0da96fa55c559d02269c9ddb09027936ed87/diff:/var/lib/docker/overlay2/a6d2bd03f942e2565f21e74cfe152c7ec836a1c2b583f0790c685b92bdcfda24/diff:/var/lib/docker/overlay2/9badd16ea2c5e2bf1fde8b579683e41137dfc46ed5449234149f199a6751cc84/diff:/var/lib/docker/overlay2/6efb85646ed12e2d1181ef4cc6f6f6732c00c15a4035fe17ebc4f075ca573c30/diff:/var/lib/docker/overlay2/895d7c0ec09144d6ed33936f4e98e11c18010f7abd708cae1ce43aec7a7f2621/diff:/var/lib/docker/overlay2/1c4ba77aa573ab6e5e5069fd15eae71b3da940bde0f97a922a227ffc8a1d1096/diff","MergedDir":"/var/lib/docker/overlay2/830e690ec83ecff869b59e4f673c0c63b2bc5c068e9f710933e6f61763699fd2/merged","UpperDir":"/var/lib/docker/overlay2/830e690ec83ecff869b59e4f673c0c63b2bc5c068e9f710933e6f61763699fd2/diff","WorkDir":"/var/lib/docker/overlay2/830e690ec83ecff869b59e4f673c0c63b2bc5c068e9f710933e6f61763699fd2/work"},"Name":"overlay2"},"Mounts":[{"Type":"volume","Name":"25868b8cea8ad6eba7f00a6fe83e8848def5cff8aab5c5943024031400fa063d","Source":"/var/lib/docker/volumes/25868b8cea8ad6eba7f00a6fe83e8848def5cff8aab5c5943024031400fa063d/_data","Destination":"/var/lib/mysql","Driver":"local","Mode":"","RW":true,"Propagation":""}],"Config":{"Hostname":"cd5ecdf38df0","Domainname":"","User":"","AttachStdin":false,"AttachStdout":false,"AttachStderr":false,"ExposedPorts":{"3306/tcp":{},"33060/tcp":{}},"Tty":false,"OpenStdin":false,"StdinOnce":false,"Env":["MYSQL_DATABASE=adm_videos","MYSQL_PASSWORD=123456","MYSQL_ROOT_PASSWORD=123456","PATH=/usr/local/sbin:/usr/local/bin:/usr/sbin:/usr/bin:/sbin:/bin","GOSU_VERSION=1.16","MYSQL_MAJOR=8.0","MYSQL_VERSION=8.0.32-1.el8","MYSQL_SHELL_VERSION=8.0.32-1.el8"],"Cmd":["mysqld"],"Image":"mysql:latest","Volumes":{"/var/lib/mysql":{}},"WorkingDir":"","Entrypoint":["docker-entrypoint.sh"],"OnBuild":null,"Labels":{"org.testcontainers":"true","org.testcontainers.lang":"java","org.testcontainers.sessionId":"71b9672a-6f61-4546-a7b6-d603100b2e56","org.testcontainers.version":"1.17.6"}},"NetworkSettings":{"Bridge":"","SandboxID":"56762d63452c709eadac6b5c5f4b6cdd30da833580c632f91fd658806eaf4ddb","HairpinMode":false,"LinkLocalIPv6Address":"","LinkLocalIPv6PrefixLen":0,"Ports":{"3306/tcp":[{"HostIp":"0.0.0.0","HostPort":"63819"}],"33060/tcp":null},"SandboxKey":"/var/run/docker/netns/56762d63452c","SecondaryIPAddresses":null,"SecondaryIPv6Addresses":null,"EndpointID":"92fc2600684327987bceb8e2716a72ba2420fccd56812c1491af8c03946e105c","Gateway":"172.17.0.1","GlobalIPv6Address":"","GlobalIPv6PrefixLen":0,"IPAddress":"172.17.0.3","IPPrefixLen":16,"IPv6Gateway":"","MacAddress":"02:42:ac:11:00:03","Networks":{"bridge":{"IPAMConfig":null,"Links":null,"Aliases":null,"NetworkID":"308e234c143065751b16b4500cb9f48d5c7fc2116504b3d816a5e51cd4771062","EndpointID":"92fc2600684327987bceb8e2716a72ba2420fccd56812c1491af8c03946e105c","Gateway":"172.17.0.1","IPAddress":"172.17.0.3","IPPrefixLen":16,"IPv6Gateway":"","GlobalIPv6Address":"","GlobalIPv6PrefixLen":0,"MacAddress":"02:42:ac:11:00:03","DriverOpts":null}}}}[\n]"
01:14:45.556 [Test worker] DEBUG com.github.dockerjava.zerodep.shaded.org.apache.hc.client5.http.wire - http-outgoing-2 << "[\r][\n]"
01:14:45.557 [Test worker] DEBUG com.github.dockerjava.zerodep.shaded.org.apache.hc.client5.http.wire - http-outgoing-2 << "0[\r][\n]"
01:14:45.557 [Test worker] DEBUG com.github.dockerjava.zerodep.shaded.org.apache.hc.client5.http.wire - http-outgoing-2 << "[\r][\n]"
01:14:45.557 [Test worker] DEBUG com.github.dockerjava.zerodep.shaded.org.apache.hc.client5.http.impl.classic.InternalHttpClient - ep-0000001B: releasing valid endpoint
01:14:45.557 [Test worker] DEBUG com.github.dockerjava.zerodep.shaded.org.apache.hc.client5.http.impl.io.PoolingHttpClientConnectionManager - ep-0000001B: releasing endpoint
01:14:45.557 [Test worker] DEBUG com.github.dockerjava.zerodep.shaded.org.apache.hc.client5.http.impl.io.PoolingHttpClientConnectionManager - ep-0000001B: connection http-outgoing-2 can be kept alive for 3 MINUTES
01:14:45.557 [Test worker] DEBUG com.github.dockerjava.zerodep.shaded.org.apache.hc.client5.http.impl.io.PoolingHttpClientConnectionManager - ep-0000001B: connection released [route: {}->unix://localhost:2375][total available: 1; route allocated: 1 of 2147483647; total allocated: 1 of 2147483647]
01:14:45.557 [Test worker] DEBUG ]]>&#x1f433;<![CDATA[ [mysql:latest] - Trying to create JDBC connection using com.mysql.cj.jdbc.Driver to jdbc:mysql://localhost:63819/adm_videos?useSSL=false&allowPublicKeyRetrieval=true with properties: {password=123456, user=root}
01:14:45.661 [Test worker] DEBUG org.testcontainers.shaded.com.github.dockerjava.core.command.AbstrDockerCmd - Cmd: cd5ecdf38df06b4092e6cf67100cd20ad9c3cb4b6e9303874a7bd89885b140c9,false
01:14:45.662 [Test worker] DEBUG org.testcontainers.shaded.com.github.dockerjava.core.exec.InspectContainerCmdExec - GET: DefaultWebTarget{path=[/containers/cd5ecdf38df06b4092e6cf67100cd20ad9c3cb4b6e9303874a7bd89885b140c9/json], queryParams={}}
01:14:45.662 [Test worker] DEBUG com.github.dockerjava.zerodep.shaded.org.apache.hc.client5.http.impl.classic.InternalHttpClient - ex-0000001D: preparing request execution
01:14:45.662 [Test worker] DEBUG com.github.dockerjava.zerodep.shaded.org.apache.hc.client5.http.protocol.RequestAddCookies - Cookie spec selected: strict
01:14:45.662 [Test worker] DEBUG com.github.dockerjava.zerodep.shaded.org.apache.hc.client5.http.protocol.RequestAuthCache - Auth cache not set in the context
01:14:45.662 [Test worker] DEBUG com.github.dockerjava.zerodep.shaded.org.apache.hc.client5.http.impl.classic.ProtocolExec - ex-0000001D: target auth state: UNCHALLENGED
01:14:45.662 [Test worker] DEBUG com.github.dockerjava.zerodep.shaded.org.apache.hc.client5.http.impl.classic.ProtocolExec - ex-0000001D: proxy auth state: UNCHALLENGED
01:14:45.662 [Test worker] DEBUG com.github.dockerjava.zerodep.shaded.org.apache.hc.client5.http.impl.classic.ConnectExec - ex-0000001D: acquiring connection with route {}->unix://localhost:2375
01:14:45.662 [Test worker] DEBUG com.github.dockerjava.zerodep.shaded.org.apache.hc.client5.http.impl.classic.InternalHttpClient - ex-0000001D: acquiring endpoint (3 MINUTES)
01:14:45.663 [Test worker] DEBUG com.github.dockerjava.zerodep.shaded.org.apache.hc.client5.http.impl.io.PoolingHttpClientConnectionManager - ex-0000001D: endpoint lease request (3 MINUTES) [route: {}->unix://localhost:2375][total available: 1; route allocated: 1 of 2147483647; total allocated: 1 of 2147483647]
01:14:45.663 [Test worker] DEBUG com.github.dockerjava.zerodep.shaded.org.apache.hc.client5.http.impl.io.PoolingHttpClientConnectionManager - ex-0000001D: endpoint leased [route: {}->unix://localhost:2375][total available: 0; route allocated: 1 of 2147483647; total allocated: 1 of 2147483647]
01:14:45.663 [Test worker] DEBUG com.github.dockerjava.zerodep.shaded.org.apache.hc.client5.http.impl.io.PoolingHttpClientConnectionManager - ex-0000001D: acquired ep-0000001C
01:14:45.663 [Test worker] DEBUG com.github.dockerjava.zerodep.shaded.org.apache.hc.client5.http.impl.classic.InternalHttpClient - ex-0000001D: acquired endpoint ep-0000001C
01:14:45.663 [Test worker] DEBUG com.github.dockerjava.zerodep.shaded.org.apache.hc.client5.http.impl.classic.MainClientExec - ex-0000001D: executing GET /v1.32/containers/cd5ecdf38df06b4092e6cf67100cd20ad9c3cb4b6e9303874a7bd89885b140c9/json HTTP/1.1
01:14:45.663 [Test worker] DEBUG com.github.dockerjava.zerodep.shaded.org.apache.hc.client5.http.impl.classic.InternalHttpClient - ep-0000001C: start execution ex-0000001D
01:14:45.663 [Test worker] DEBUG com.github.dockerjava.zerodep.shaded.org.apache.hc.client5.http.impl.io.PoolingHttpClientConnectionManager - ep-0000001C: executing exchange ex-0000001D over http-outgoing-2
01:14:45.664 [Test worker] DEBUG com.github.dockerjava.zerodep.shaded.org.apache.hc.client5.http.headers - http-outgoing-2 >> GET /v1.32/containers/cd5ecdf38df06b4092e6cf67100cd20ad9c3cb4b6e9303874a7bd89885b140c9/json HTTP/1.1
01:14:45.664 [Test worker] DEBUG com.github.dockerjava.zerodep.shaded.org.apache.hc.client5.http.headers - http-outgoing-2 >> accept: application/json
01:14:45.664 [Test worker] DEBUG com.github.dockerjava.zerodep.shaded.org.apache.hc.client5.http.headers - http-outgoing-2 >> x-tc-sid: 71b9672a-6f61-4546-a7b6-d603100b2e56
01:14:45.664 [Test worker] DEBUG com.github.dockerjava.zerodep.shaded.org.apache.hc.client5.http.headers - http-outgoing-2 >> Accept-Encoding: gzip, x-gzip, deflate
01:14:45.664 [Test worker] DEBUG com.github.dockerjava.zerodep.shaded.org.apache.hc.client5.http.headers - http-outgoing-2 >> Host: localhost:2375
01:14:45.664 [Test worker] DEBUG com.github.dockerjava.zerodep.shaded.org.apache.hc.client5.http.headers - http-outgoing-2 >> Connection: keep-alive
01:14:45.664 [Test worker] DEBUG com.github.dockerjava.zerodep.shaded.org.apache.hc.client5.http.headers - http-outgoing-2 >> User-Agent: Apache-HttpClient/5.0.3 (Java/17.0.2)
01:14:45.664 [Test worker] DEBUG com.github.dockerjava.zerodep.shaded.org.apache.hc.client5.http.wire - http-outgoing-2 >> "GET /v1.32/containers/cd5ecdf38df06b4092e6cf67100cd20ad9c3cb4b6e9303874a7bd89885b140c9/json HTTP/1.1[\r][\n]"
01:14:45.664 [Test worker] DEBUG com.github.dockerjava.zerodep.shaded.org.apache.hc.client5.http.wire - http-outgoing-2 >> "accept: application/json[\r][\n]"
01:14:45.664 [Test worker] DEBUG com.github.dockerjava.zerodep.shaded.org.apache.hc.client5.http.wire - http-outgoing-2 >> "x-tc-sid: 71b9672a-6f61-4546-a7b6-d603100b2e56[\r][\n]"
01:14:45.664 [Test worker] DEBUG com.github.dockerjava.zerodep.shaded.org.apache.hc.client5.http.wire - http-outgoing-2 >> "Accept-Encoding: gzip, x-gzip, deflate[\r][\n]"
01:14:45.664 [Test worker] DEBUG com.github.dockerjava.zerodep.shaded.org.apache.hc.client5.http.wire - http-outgoing-2 >> "Host: localhost:2375[\r][\n]"
01:14:45.664 [Test worker] DEBUG com.github.dockerjava.zerodep.shaded.org.apache.hc.client5.http.wire - http-outgoing-2 >> "Connection: keep-alive[\r][\n]"
01:14:45.664 [Test worker] DEBUG com.github.dockerjava.zerodep.shaded.org.apache.hc.client5.http.wire - http-outgoing-2 >> "User-Agent: Apache-HttpClient/5.0.3 (Java/17.0.2)[\r][\n]"
01:14:45.664 [Test worker] DEBUG com.github.dockerjava.zerodep.shaded.org.apache.hc.client5.http.wire - http-outgoing-2 >> "[\r][\n]"
01:14:45.665 [Test worker] DEBUG com.github.dockerjava.zerodep.shaded.org.apache.hc.client5.http.wire - http-outgoing-2 << "HTTP/1.1 200 OK[\r][\n]"
01:14:45.666 [Test worker] DEBUG com.github.dockerjava.zerodep.shaded.org.apache.hc.client5.http.wire - http-outgoing-2 << "Api-Version: 1.41[\r][\n]"
01:14:45.666 [Test worker] DEBUG com.github.dockerjava.zerodep.shaded.org.apache.hc.client5.http.wire - http-outgoing-2 << "Content-Type: application/json[\r][\n]"
01:14:45.666 [Test worker] DEBUG com.github.dockerjava.zerodep.shaded.org.apache.hc.client5.http.wire - http-outgoing-2 << "Date: Tue, 28 Mar 2023 04:14:45 GMT[\r][\n]"
01:14:45.666 [Test worker] DEBUG com.github.dockerjava.zerodep.shaded.org.apache.hc.client5.http.wire - http-outgoing-2 << "Docker-Experimental: false[\r][\n]"
01:14:45.666 [Test worker] DEBUG com.github.dockerjava.zerodep.shaded.org.apache.hc.client5.http.wire - http-outgoing-2 << "Ostype: linux[\r][\n]"
01:14:45.666 [Test worker] DEBUG com.github.dockerjava.zerodep.shaded.org.apache.hc.client5.http.wire - http-outgoing-2 << "Server: Docker/20.10.21 (linux)[\r][\n]"
01:14:45.666 [Test worker] DEBUG com.github.dockerjava.zerodep.shaded.org.apache.hc.client5.http.wire - http-outgoing-2 << "Transfer-Encoding: chunked[\r][\n]"
01:14:45.666 [Test worker] DEBUG com.github.dockerjava.zerodep.shaded.org.apache.hc.client5.http.wire - http-outgoing-2 << "[\r][\n]"
01:14:45.666 [Test worker] DEBUG com.github.dockerjava.zerodep.shaded.org.apache.hc.client5.http.headers - http-outgoing-2 << HTTP/1.1 200 OK
01:14:45.666 [Test worker] DEBUG com.github.dockerjava.zerodep.shaded.org.apache.hc.client5.http.headers - http-outgoing-2 << Api-Version: 1.41
01:14:45.666 [Test worker] DEBUG com.github.dockerjava.zerodep.shaded.org.apache.hc.client5.http.headers - http-outgoing-2 << Content-Type: application/json
01:14:45.666 [Test worker] DEBUG com.github.dockerjava.zerodep.shaded.org.apache.hc.client5.http.headers - http-outgoing-2 << Date: Tue, 28 Mar 2023 04:14:45 GMT
01:14:45.666 [Test worker] DEBUG com.github.dockerjava.zerodep.shaded.org.apache.hc.client5.http.headers - http-outgoing-2 << Docker-Experimental: false
01:14:45.666 [Test worker] DEBUG com.github.dockerjava.zerodep.shaded.org.apache.hc.client5.http.headers - http-outgoing-2 << Ostype: linux
01:14:45.666 [Test worker] DEBUG com.github.dockerjava.zerodep.shaded.org.apache.hc.client5.http.headers - http-outgoing-2 << Server: Docker/20.10.21 (linux)
01:14:45.666 [Test worker] DEBUG com.github.dockerjava.zerodep.shaded.org.apache.hc.client5.http.headers - http-outgoing-2 << Transfer-Encoding: chunked
01:14:45.666 [Test worker] DEBUG com.github.dockerjava.zerodep.shaded.org.apache.hc.client5.http.impl.classic.MainClientExec - ex-0000001D: connection can be kept alive for 3 MINUTES
01:14:45.667 [Test worker] DEBUG com.github.dockerjava.zerodep.shaded.org.apache.hc.client5.http.wire - http-outgoing-2 << "18c1[\r][\n]"
01:14:45.667 [Test worker] DEBUG com.github.dockerjava.zerodep.shaded.org.apache.hc.client5.http.wire - http-outgoing-2 << "{"Id":"cd5ecdf38df06b4092e6cf67100cd20ad9c3cb4b6e9303874a7bd89885b140c9","Created":"2023-03-28T04:14:43.179040379Z","Path":"docker-entrypoint.sh","Args":["mysqld"],"State":{"Status":"running","Running":true,"Paused":false,"Restarting":false,"OOMKilled":false,"Dead":false,"Pid":20152,"ExitCode":0,"Error":"","StartedAt":"2023-03-28T04:14:43.680338005Z","FinishedAt":"0001-01-01T00:00:00Z"},"Image":"sha256:c7c54c29e20dccc1aefb936c8eba8bb8b98b87a4921102aba87fde2df5810af9","ResolvConfPath":"/var/lib/docker/containers/cd5ecdf38df06b4092e6cf67100cd20ad9c3cb4b6e9303874a7bd89885b140c9/resolv.conf","HostnamePath":"/var/lib/docker/containers/cd5ecdf38df06b4092e6cf67100cd20ad9c3cb4b6e9303874a7bd89885b140c9/hostname","HostsPath":"/var/lib/docker/containers/cd5ecdf38df06b4092e6cf67100cd20ad9c3cb4b6e9303874a7bd89885b140c9/hosts","LogPath":"/var/lib/docker/containers/cd5ecdf38df06b4092e6cf67100cd20ad9c3cb4b6e9303874a7bd89885b140c9/cd5ecdf38df06b4092e6cf67100cd20ad9c3cb4b6e9303874a7bd89885b140c9-json.log","Name":"/keen_matsumoto","RestartCount":0,"Driver":"overlay2","Platform":"linux","MountLabel":"","ProcessLabel":"","AppArmorProfile":"","ExecIDs":null,"HostConfig":{"Binds":[],"ContainerIDFile":"","LogConfig":{"Type":"json-file","Config":{}},"NetworkMode":"default","PortBindings":{"3306/tcp":[{"HostIp":"0.0.0.0","HostPort":"0"}]},"RestartPolicy":{"Name":"","MaximumRetryCount":0},"AutoRemove":false,"VolumeDriver":"","VolumesFrom":[],"CapAdd":null,"CapDrop":null,"CgroupnsMode":"private","Dns":null,"DnsOptions":null,"DnsSearch":null,"ExtraHosts":[],"GroupAdd":null,"IpcMode":"shareable","Cgroup":"","Links":null,"OomScoreAdj":0,"PidMode":"","Privileged":false,"PublishAllPorts":false,"ReadonlyRootfs":false,"SecurityOpt":null,"UTSMode":"","UsernsMode":"","ShmSize":67108864,"Runtime":"runc","ConsoleSize":[0,0],"Isolation":"","CpuShares":0,"Memory":0,"NanoCpus":0,"CgroupParent":"","BlkioWeight":0,"BlkioWeightDevice":null,"BlkioDeviceReadBps":null,"BlkioDeviceWriteBps":null,"BlkioDeviceReadIOps":null,"BlkioDeviceWriteIOps":null,"CpuPeriod":0,"CpuQuota":0,"CpuRealtimePeriod":0,"CpuRealtimeRuntime":0,"CpusetCpus":"","CpusetMems":"","Devices":null,"DeviceCgroupRules":null,"DeviceRequests":null,"KernelMemory":0,"KernelMemoryTCP":0,"MemoryReservation":0,"MemorySwap":0,"MemorySwappiness":null,"OomKillDisable":null,"PidsLimit":null,"Ulimits":null,"CpuCount":0,"CpuPercent":0,"IOMaximumIOps":0,"IOMaximumBandwidth":0,"MaskedPaths":["/proc/asound","/proc/acpi","/proc/kcore","/proc/keys","/proc/latency_stats","/proc/timer_list","/proc/timer_stats","/proc/sched_debug","/proc/scsi","/sys/firmware"],"ReadonlyPaths":["/proc/bus","/proc/fs","/proc/irq","/proc/sys","/proc/sysrq-trigger"]},"GraphDriver":{"Data":{"LowerDir":"/var/lib/docker/overlay2/830e690ec83ecff869b59e4f673c0c63b2bc5c068e9f710933e6f61763699fd2-init/diff:/var/lib/docker/overlay2/1bd8849d7a296305617011f940aa5cfabbe972a513397b1b6bbc27639b6c1f30/diff:/var/lib/docker/overlay2/199d69b2fbf78af4d4c95dec4fd2f8835ab0347eb49fb20ebb2ff3b99fedd6ad/diff:/var/lib/docker/overlay2/d83c38d654989311f75b9491329846033bfb7714de76ef635380dcfad5c740d9/diff:/var/lib/docker/overlay2/08600d0aea2ab2728bebcf5d2589c640a842f53d1ba3c4a4adccb4d03b923cf6/diff:/var/lib/docker/overlay2/9ec7c63a3fb14d13ac788bbf5e282ca821edc41260b79944e5e631037d13ecda/diff:/var/lib/docker/overlay2/db601d7a1b4ea6da638db620462f0da96fa55c559d02269c9ddb09027936ed87/diff:/var/lib/docker/overlay2/a6d2bd03f942e2565f21e74cfe152c7ec836a1c2b583f0790c685b92bdcfda24/diff:/var/lib/docker/overlay2/9badd16ea2c5e2bf1fde8b579683e41137dfc46ed5449234149f199a6751cc84/diff:/var/lib/docker/overlay2/6efb85646ed12e2d1181ef4cc6f6f6732c00c15a4035fe17ebc4f075ca573c30/diff:/var/lib/docker/overlay2/895d7c0ec09144d6ed33936f4e98e11c18010f7abd708cae1ce43aec7a7f2621/diff:/var/lib/docker/overlay2/1c4ba77aa573ab6e5e5069fd15eae71b3da940bde0f97a922a227ffc8a1d1096/diff","MergedDir":"/var/lib/docker/overlay2/830e690ec83ecff869b59e4f673c0c63b2bc5c068e9f710933e6f61763699fd2/merged","UpperDir":"/var/lib/docker/overlay2/830e690ec83ecff869b59e4f673c0c63b2bc5c068e9f710933e6f61763699fd2/diff","WorkDir":"/var/lib/docker/overlay2/830e690ec83ecff869b59e4f673c0c63b2bc5c068e9f710933e6f61763699fd2/work"},"Name":"overlay2"},"Mounts":[{"Type":"volume","Name":"25868b8cea8ad6eba7f00a6fe83e8848def5cff8aab5c5943024031400fa063d","Source":"/var/lib/docker/volumes/25868b8cea8ad6eba7f00a6fe83e8848def5cff8aab5c5943024031400fa063d/_data","Destination":"/var/lib/mysql","Driver":"local","Mode":"","RW":true,"Propagation":""}],"Config":{"Hostname":"cd5ecdf38df0","Domainname":"","User":"","AttachStdin":false,"AttachStdout":false,"AttachStderr":false,"ExposedPorts":{"3306/tcp":{},"33060/tcp":{}},"Tty":false,"OpenStdin":false,"StdinOnce":false,"Env":["MYSQL_DATABASE=adm_videos","MYSQL_PASSWORD=123456","MYSQL_ROOT_PASSWORD=123456","PATH=/usr/local/sbin:/usr/local/bin:/usr/sbin:/usr/bin:/sbin:/bin","GOSU_VERSION=1.16","MYSQL_MAJOR=8.0","MYSQL_VERSION=8.0.32-1.el8","MYSQL_SHELL_VERSION=8.0.32-1.el8"],"Cmd":["mysqld"],"Image":"mysql:latest","Volumes":{"/var/lib/mysql":{}},"WorkingDir":"","Entrypoint":["docker-entrypoint.sh"],"OnBuild":null,"Labels":{"org.testcontainers":"true","org.testcontainers.lang":"java","org.testcontainers.sessionId":"71b9672a-6f61-4546-a7b6-d603100b2e56","org.testcontainers.version":"1.17.6"}},"NetworkSettings":{"Bridge":"","SandboxID":"56762d63452c709eadac6b5c5f4b6cdd30da833580c632f91fd658806eaf4ddb","HairpinMode":false,"LinkLocalIPv6Address":"","LinkLocalIPv6PrefixLen":0,"Ports":{"3306/tcp":[{"HostIp":"0.0.0.0","HostPort":"63819"}],"33060/tcp":null},"SandboxKey":"/var/run/docker/netns/56762d63452c","SecondaryIPAddresses":null,"SecondaryIPv6Addresses":null,"EndpointID":"92fc2600684327987bceb8e2716a72ba2420fccd56812c1491af8c03946e105c","Gateway":"172.17.0.1","GlobalIPv6Address":"","GlobalIPv6PrefixLen":0,"IPAddress":"172.17.0.3","IPPrefixLen":16,"IPv6Gateway":"","MacAddress":"02:42:ac:11:00:03","Networks":{"bridge":{"IPAMConfig":null,"Links":null,"Aliases":null,"NetworkID":"308e234c143065751b16b4500cb9f48d5c7fc2116504b3d816a5e51cd4771062","EndpointID":"92fc2600684327987bceb8e2716a72ba2420fccd56812c1491af8c03946e105c","Gateway":"172.17.0.1","IPAddress":"172.17.0.3","IPPrefixLen":16,"IPv6Gateway":"","GlobalIPv6Address":"","GlobalIPv6PrefixLen":0,"MacAddress":"02:42:ac:11:00:03","DriverOpts":null}}}}[\n]"
01:14:45.667 [Test worker] DEBUG com.github.dockerjava.zerodep.shaded.org.apache.hc.client5.http.wire - http-outgoing-2 << "[\r][\n]"
01:14:45.668 [Test worker] DEBUG com.github.dockerjava.zerodep.shaded.org.apache.hc.client5.http.wire - http-outgoing-2 << "0[\r][\n]"
01:14:45.668 [Test worker] DEBUG com.github.dockerjava.zerodep.shaded.org.apache.hc.client5.http.wire - http-outgoing-2 << "[\r][\n]"
01:14:45.668 [Test worker] DEBUG com.github.dockerjava.zerodep.shaded.org.apache.hc.client5.http.impl.classic.InternalHttpClient - ep-0000001C: releasing valid endpoint
01:14:45.668 [Test worker] DEBUG com.github.dockerjava.zerodep.shaded.org.apache.hc.client5.http.impl.io.PoolingHttpClientConnectionManager - ep-0000001C: releasing endpoint
01:14:45.668 [Test worker] DEBUG com.github.dockerjava.zerodep.shaded.org.apache.hc.client5.http.impl.io.PoolingHttpClientConnectionManager - ep-0000001C: connection http-outgoing-2 can be kept alive for 3 MINUTES
01:14:45.668 [Test worker] DEBUG com.github.dockerjava.zerodep.shaded.org.apache.hc.client5.http.impl.io.PoolingHttpClientConnectionManager - ep-0000001C: connection released [route: {}->unix://localhost:2375][total available: 1; route allocated: 1 of 2147483647; total allocated: 1 of 2147483647]
01:14:45.668 [Test worker] DEBUG ]]>&#x1f433;<![CDATA[ [mysql:latest] - Trying to create JDBC connection using com.mysql.cj.jdbc.Driver to jdbc:mysql://localhost:63819/adm_videos?useSSL=false&allowPublicKeyRetrieval=true with properties: {password=123456, user=root}
01:14:45.774 [Test worker] DEBUG org.testcontainers.shaded.com.github.dockerjava.core.command.AbstrDockerCmd - Cmd: cd5ecdf38df06b4092e6cf67100cd20ad9c3cb4b6e9303874a7bd89885b140c9,false
01:14:45.775 [Test worker] DEBUG org.testcontainers.shaded.com.github.dockerjava.core.exec.InspectContainerCmdExec - GET: DefaultWebTarget{path=[/containers/cd5ecdf38df06b4092e6cf67100cd20ad9c3cb4b6e9303874a7bd89885b140c9/json], queryParams={}}
01:14:45.776 [Test worker] DEBUG com.github.dockerjava.zerodep.shaded.org.apache.hc.client5.http.impl.classic.InternalHttpClient - ex-0000001E: preparing request execution
01:14:45.776 [Test worker] DEBUG com.github.dockerjava.zerodep.shaded.org.apache.hc.client5.http.protocol.RequestAddCookies - Cookie spec selected: strict
01:14:45.776 [Test worker] DEBUG com.github.dockerjava.zerodep.shaded.org.apache.hc.client5.http.protocol.RequestAuthCache - Auth cache not set in the context
01:14:45.776 [Test worker] DEBUG com.github.dockerjava.zerodep.shaded.org.apache.hc.client5.http.impl.classic.ProtocolExec - ex-0000001E: target auth state: UNCHALLENGED
01:14:45.776 [Test worker] DEBUG com.github.dockerjava.zerodep.shaded.org.apache.hc.client5.http.impl.classic.ProtocolExec - ex-0000001E: proxy auth state: UNCHALLENGED
01:14:45.776 [Test worker] DEBUG com.github.dockerjava.zerodep.shaded.org.apache.hc.client5.http.impl.classic.ConnectExec - ex-0000001E: acquiring connection with route {}->unix://localhost:2375
01:14:45.776 [Test worker] DEBUG com.github.dockerjava.zerodep.shaded.org.apache.hc.client5.http.impl.classic.InternalHttpClient - ex-0000001E: acquiring endpoint (3 MINUTES)
01:14:45.776 [Test worker] DEBUG com.github.dockerjava.zerodep.shaded.org.apache.hc.client5.http.impl.io.PoolingHttpClientConnectionManager - ex-0000001E: endpoint lease request (3 MINUTES) [route: {}->unix://localhost:2375][total available: 1; route allocated: 1 of 2147483647; total allocated: 1 of 2147483647]
01:14:45.777 [Test worker] DEBUG com.github.dockerjava.zerodep.shaded.org.apache.hc.client5.http.impl.io.PoolingHttpClientConnectionManager - ex-0000001E: endpoint leased [route: {}->unix://localhost:2375][total available: 0; route allocated: 1 of 2147483647; total allocated: 1 of 2147483647]
01:14:45.777 [Test worker] DEBUG com.github.dockerjava.zerodep.shaded.org.apache.hc.client5.http.impl.io.PoolingHttpClientConnectionManager - ex-0000001E: acquired ep-0000001D
01:14:45.777 [Test worker] DEBUG com.github.dockerjava.zerodep.shaded.org.apache.hc.client5.http.impl.classic.InternalHttpClient - ex-0000001E: acquired endpoint ep-0000001D
01:14:45.777 [Test worker] DEBUG com.github.dockerjava.zerodep.shaded.org.apache.hc.client5.http.impl.classic.MainClientExec - ex-0000001E: executing GET /v1.32/containers/cd5ecdf38df06b4092e6cf67100cd20ad9c3cb4b6e9303874a7bd89885b140c9/json HTTP/1.1
01:14:45.777 [Test worker] DEBUG com.github.dockerjava.zerodep.shaded.org.apache.hc.client5.http.impl.classic.InternalHttpClient - ep-0000001D: start execution ex-0000001E
01:14:45.777 [Test worker] DEBUG com.github.dockerjava.zerodep.shaded.org.apache.hc.client5.http.impl.io.PoolingHttpClientConnectionManager - ep-0000001D: executing exchange ex-0000001E over http-outgoing-2
01:14:45.777 [Test worker] DEBUG com.github.dockerjava.zerodep.shaded.org.apache.hc.client5.http.headers - http-outgoing-2 >> GET /v1.32/containers/cd5ecdf38df06b4092e6cf67100cd20ad9c3cb4b6e9303874a7bd89885b140c9/json HTTP/1.1
01:14:45.777 [Test worker] DEBUG com.github.dockerjava.zerodep.shaded.org.apache.hc.client5.http.headers - http-outgoing-2 >> accept: application/json
01:14:45.777 [Test worker] DEBUG com.github.dockerjava.zerodep.shaded.org.apache.hc.client5.http.headers - http-outgoing-2 >> x-tc-sid: 71b9672a-6f61-4546-a7b6-d603100b2e56
01:14:45.777 [Test worker] DEBUG com.github.dockerjava.zerodep.shaded.org.apache.hc.client5.http.headers - http-outgoing-2 >> Accept-Encoding: gzip, x-gzip, deflate
01:14:45.777 [Test worker] DEBUG com.github.dockerjava.zerodep.shaded.org.apache.hc.client5.http.headers - http-outgoing-2 >> Host: localhost:2375
01:14:45.777 [Test worker] DEBUG com.github.dockerjava.zerodep.shaded.org.apache.hc.client5.http.headers - http-outgoing-2 >> Connection: keep-alive
01:14:45.777 [Test worker] DEBUG com.github.dockerjava.zerodep.shaded.org.apache.hc.client5.http.headers - http-outgoing-2 >> User-Agent: Apache-HttpClient/5.0.3 (Java/17.0.2)
01:14:45.777 [Test worker] DEBUG com.github.dockerjava.zerodep.shaded.org.apache.hc.client5.http.wire - http-outgoing-2 >> "GET /v1.32/containers/cd5ecdf38df06b4092e6cf67100cd20ad9c3cb4b6e9303874a7bd89885b140c9/json HTTP/1.1[\r][\n]"
01:14:45.777 [Test worker] DEBUG com.github.dockerjava.zerodep.shaded.org.apache.hc.client5.http.wire - http-outgoing-2 >> "accept: application/json[\r][\n]"
01:14:45.777 [Test worker] DEBUG com.github.dockerjava.zerodep.shaded.org.apache.hc.client5.http.wire - http-outgoing-2 >> "x-tc-sid: 71b9672a-6f61-4546-a7b6-d603100b2e56[\r][\n]"
01:14:45.777 [Test worker] DEBUG com.github.dockerjava.zerodep.shaded.org.apache.hc.client5.http.wire - http-outgoing-2 >> "Accept-Encoding: gzip, x-gzip, deflate[\r][\n]"
01:14:45.777 [Test worker] DEBUG com.github.dockerjava.zerodep.shaded.org.apache.hc.client5.http.wire - http-outgoing-2 >> "Host: localhost:2375[\r][\n]"
01:14:45.777 [Test worker] DEBUG com.github.dockerjava.zerodep.shaded.org.apache.hc.client5.http.wire - http-outgoing-2 >> "Connection: keep-alive[\r][\n]"
01:14:45.777 [Test worker] DEBUG com.github.dockerjava.zerodep.shaded.org.apache.hc.client5.http.wire - http-outgoing-2 >> "User-Agent: Apache-HttpClient/5.0.3 (Java/17.0.2)[\r][\n]"
01:14:45.777 [Test worker] DEBUG com.github.dockerjava.zerodep.shaded.org.apache.hc.client5.http.wire - http-outgoing-2 >> "[\r][\n]"
01:14:45.779 [Test worker] DEBUG com.github.dockerjava.zerodep.shaded.org.apache.hc.client5.http.wire - http-outgoing-2 << "HTTP/1.1 200 OK[\r][\n]"
01:14:45.780 [Test worker] DEBUG com.github.dockerjava.zerodep.shaded.org.apache.hc.client5.http.wire - http-outgoing-2 << "Api-Version: 1.41[\r][\n]"
01:14:45.780 [Test worker] DEBUG com.github.dockerjava.zerodep.shaded.org.apache.hc.client5.http.wire - http-outgoing-2 << "Content-Type: application/json[\r][\n]"
01:14:45.780 [Test worker] DEBUG com.github.dockerjava.zerodep.shaded.org.apache.hc.client5.http.wire - http-outgoing-2 << "Date: Tue, 28 Mar 2023 04:14:45 GMT[\r][\n]"
01:14:45.780 [Test worker] DEBUG com.github.dockerjava.zerodep.shaded.org.apache.hc.client5.http.wire - http-outgoing-2 << "Docker-Experimental: false[\r][\n]"
01:14:45.780 [Test worker] DEBUG com.github.dockerjava.zerodep.shaded.org.apache.hc.client5.http.wire - http-outgoing-2 << "Ostype: linux[\r][\n]"
01:14:45.780 [Test worker] DEBUG com.github.dockerjava.zerodep.shaded.org.apache.hc.client5.http.wire - http-outgoing-2 << "Server: Docker/20.10.21 (linux)[\r][\n]"
01:14:45.780 [Test worker] DEBUG com.github.dockerjava.zerodep.shaded.org.apache.hc.client5.http.wire - http-outgoing-2 << "Transfer-Encoding: chunked[\r][\n]"
01:14:45.780 [Test worker] DEBUG com.github.dockerjava.zerodep.shaded.org.apache.hc.client5.http.wire - http-outgoing-2 << "[\r][\n]"
01:14:45.780 [Test worker] DEBUG com.github.dockerjava.zerodep.shaded.org.apache.hc.client5.http.headers - http-outgoing-2 << HTTP/1.1 200 OK
01:14:45.780 [Test worker] DEBUG com.github.dockerjava.zerodep.shaded.org.apache.hc.client5.http.headers - http-outgoing-2 << Api-Version: 1.41
01:14:45.780 [Test worker] DEBUG com.github.dockerjava.zerodep.shaded.org.apache.hc.client5.http.headers - http-outgoing-2 << Content-Type: application/json
01:14:45.780 [Test worker] DEBUG com.github.dockerjava.zerodep.shaded.org.apache.hc.client5.http.headers - http-outgoing-2 << Date: Tue, 28 Mar 2023 04:14:45 GMT
01:14:45.780 [Test worker] DEBUG com.github.dockerjava.zerodep.shaded.org.apache.hc.client5.http.headers - http-outgoing-2 << Docker-Experimental: false
01:14:45.780 [Test worker] DEBUG com.github.dockerjava.zerodep.shaded.org.apache.hc.client5.http.headers - http-outgoing-2 << Ostype: linux
01:14:45.780 [Test worker] DEBUG com.github.dockerjava.zerodep.shaded.org.apache.hc.client5.http.headers - http-outgoing-2 << Server: Docker/20.10.21 (linux)
01:14:45.780 [Test worker] DEBUG com.github.dockerjava.zerodep.shaded.org.apache.hc.client5.http.headers - http-outgoing-2 << Transfer-Encoding: chunked
01:14:45.780 [Test worker] DEBUG com.github.dockerjava.zerodep.shaded.org.apache.hc.client5.http.impl.classic.MainClientExec - ex-0000001E: connection can be kept alive for 3 MINUTES
01:14:45.781 [Test worker] DEBUG com.github.dockerjava.zerodep.shaded.org.apache.hc.client5.http.wire - http-outgoing-2 << "18c1[\r][\n]"
01:14:45.781 [Test worker] DEBUG com.github.dockerjava.zerodep.shaded.org.apache.hc.client5.http.wire - http-outgoing-2 << "{"Id":"cd5ecdf38df06b4092e6cf67100cd20ad9c3cb4b6e9303874a7bd89885b140c9","Created":"2023-03-28T04:14:43.179040379Z","Path":"docker-entrypoint.sh","Args":["mysqld"],"State":{"Status":"running","Running":true,"Paused":false,"Restarting":false,"OOMKilled":false,"Dead":false,"Pid":20152,"ExitCode":0,"Error":"","StartedAt":"2023-03-28T04:14:43.680338005Z","FinishedAt":"0001-01-01T00:00:00Z"},"Image":"sha256:c7c54c29e20dccc1aefb936c8eba8bb8b98b87a4921102aba87fde2df5810af9","ResolvConfPath":"/var/lib/docker/containers/cd5ecdf38df06b4092e6cf67100cd20ad9c3cb4b6e9303874a7bd89885b140c9/resolv.conf","HostnamePath":"/var/lib/docker/containers/cd5ecdf38df06b4092e6cf67100cd20ad9c3cb4b6e9303874a7bd89885b140c9/hostname","HostsPath":"/var/lib/docker/containers/cd5ecdf38df06b4092e6cf67100cd20ad9c3cb4b6e9303874a7bd89885b140c9/hosts","LogPath":"/var/lib/docker/containers/cd5ecdf38df06b4092e6cf67100cd20ad9c3cb4b6e9303874a7bd89885b140c9/cd5ecdf38df06b4092e6cf67100cd20ad9c3cb4b6e9303874a7bd89885b140c9-json.log","Name":"/keen_matsumoto","RestartCount":0,"Driver":"overlay2","Platform":"linux","MountLabel":"","ProcessLabel":"","AppArmorProfile":"","ExecIDs":null,"HostConfig":{"Binds":[],"ContainerIDFile":"","LogConfig":{"Type":"json-file","Config":{}},"NetworkMode":"default","PortBindings":{"3306/tcp":[{"HostIp":"0.0.0.0","HostPort":"0"}]},"RestartPolicy":{"Name":"","MaximumRetryCount":0},"AutoRemove":false,"VolumeDriver":"","VolumesFrom":[],"CapAdd":null,"CapDrop":null,"CgroupnsMode":"private","Dns":null,"DnsOptions":null,"DnsSearch":null,"ExtraHosts":[],"GroupAdd":null,"IpcMode":"shareable","Cgroup":"","Links":null,"OomScoreAdj":0,"PidMode":"","Privileged":false,"PublishAllPorts":false,"ReadonlyRootfs":false,"SecurityOpt":null,"UTSMode":"","UsernsMode":"","ShmSize":67108864,"Runtime":"runc","ConsoleSize":[0,0],"Isolation":"","CpuShares":0,"Memory":0,"NanoCpus":0,"CgroupParent":"","BlkioWeight":0,"BlkioWeightDevice":null,"BlkioDeviceReadBps":null,"BlkioDeviceWriteBps":null,"BlkioDeviceReadIOps":null,"BlkioDeviceWriteIOps":null,"CpuPeriod":0,"CpuQuota":0,"CpuRealtimePeriod":0,"CpuRealtimeRuntime":0,"CpusetCpus":"","CpusetMems":"","Devices":null,"DeviceCgroupRules":null,"DeviceRequests":null,"KernelMemory":0,"KernelMemoryTCP":0,"MemoryReservation":0,"MemorySwap":0,"MemorySwappiness":null,"OomKillDisable":null,"PidsLimit":null,"Ulimits":null,"CpuCount":0,"CpuPercent":0,"IOMaximumIOps":0,"IOMaximumBandwidth":0,"MaskedPaths":["/proc/asound","/proc/acpi","/proc/kcore","/proc/keys","/proc/latency_stats","/proc/timer_list","/proc/timer_stats","/proc/sched_debug","/proc/scsi","/sys/firmware"],"ReadonlyPaths":["/proc/bus","/proc/fs","/proc/irq","/proc/sys","/proc/sysrq-trigger"]},"GraphDriver":{"Data":{"LowerDir":"/var/lib/docker/overlay2/830e690ec83ecff869b59e4f673c0c63b2bc5c068e9f710933e6f61763699fd2-init/diff:/var/lib/docker/overlay2/1bd8849d7a296305617011f940aa5cfabbe972a513397b1b6bbc27639b6c1f30/diff:/var/lib/docker/overlay2/199d69b2fbf78af4d4c95dec4fd2f8835ab0347eb49fb20ebb2ff3b99fedd6ad/diff:/var/lib/docker/overlay2/d83c38d654989311f75b9491329846033bfb7714de76ef635380dcfad5c740d9/diff:/var/lib/docker/overlay2/08600d0aea2ab2728bebcf5d2589c640a842f53d1ba3c4a4adccb4d03b923cf6/diff:/var/lib/docker/overlay2/9ec7c63a3fb14d13ac788bbf5e282ca821edc41260b79944e5e631037d13ecda/diff:/var/lib/docker/overlay2/db601d7a1b4ea6da638db620462f0da96fa55c559d02269c9ddb09027936ed87/diff:/var/lib/docker/overlay2/a6d2bd03f942e2565f21e74cfe152c7ec836a1c2b583f0790c685b92bdcfda24/diff:/var/lib/docker/overlay2/9badd16ea2c5e2bf1fde8b579683e41137dfc46ed5449234149f199a6751cc84/diff:/var/lib/docker/overlay2/6efb85646ed12e2d1181ef4cc6f6f6732c00c15a4035fe17ebc4f075ca573c30/diff:/var/lib/docker/overlay2/895d7c0ec09144d6ed33936f4e98e11c18010f7abd708cae1ce43aec7a7f2621/diff:/var/lib/docker/overlay2/1c4ba77aa573ab6e5e5069fd15eae71b3da940bde0f97a922a227ffc8a1d1096/diff","MergedDir":"/var/lib/docker/overlay2/830e690ec83ecff869b59e4f673c0c63b2bc5c068e9f710933e6f61763699fd2/merged","UpperDir":"/var/lib/docker/overlay2/830e690ec83ecff869b59e4f673c0c63b2bc5c068e9f710933e6f61763699fd2/diff","WorkDir":"/var/lib/docker/overlay2/830e690ec83ecff869b59e4f673c0c63b2bc5c068e9f710933e6f61763699fd2/work"},"Name":"overlay2"},"Mounts":[{"Type":"volume","Name":"25868b8cea8ad6eba7f00a6fe83e8848def5cff8aab5c5943024031400fa063d","Source":"/var/lib/docker/volumes/25868b8cea8ad6eba7f00a6fe83e8848def5cff8aab5c5943024031400fa063d/_data","Destination":"/var/lib/mysql","Driver":"local","Mode":"","RW":true,"Propagation":""}],"Config":{"Hostname":"cd5ecdf38df0","Domainname":"","User":"","AttachStdin":false,"AttachStdout":false,"AttachStderr":false,"ExposedPorts":{"3306/tcp":{},"33060/tcp":{}},"Tty":false,"OpenStdin":false,"StdinOnce":false,"Env":["MYSQL_DATABASE=adm_videos","MYSQL_PASSWORD=123456","MYSQL_ROOT_PASSWORD=123456","PATH=/usr/local/sbin:/usr/local/bin:/usr/sbin:/usr/bin:/sbin:/bin","GOSU_VERSION=1.16","MYSQL_MAJOR=8.0","MYSQL_VERSION=8.0.32-1.el8","MYSQL_SHELL_VERSION=8.0.32-1.el8"],"Cmd":["mysqld"],"Image":"mysql:latest","Volumes":{"/var/lib/mysql":{}},"WorkingDir":"","Entrypoint":["docker-entrypoint.sh"],"OnBuild":null,"Labels":{"org.testcontainers":"true","org.testcontainers.lang":"java","org.testcontainers.sessionId":"71b9672a-6f61-4546-a7b6-d603100b2e56","org.testcontainers.version":"1.17.6"}},"NetworkSettings":{"Bridge":"","SandboxID":"56762d63452c709eadac6b5c5f4b6cdd30da833580c632f91fd658806eaf4ddb","HairpinMode":false,"LinkLocalIPv6Address":"","LinkLocalIPv6PrefixLen":0,"Ports":{"3306/tcp":[{"HostIp":"0.0.0.0","HostPort":"63819"}],"33060/tcp":null},"SandboxKey":"/var/run/docker/netns/56762d63452c","SecondaryIPAddresses":null,"SecondaryIPv6Addresses":null,"EndpointID":"92fc2600684327987bceb8e2716a72ba2420fccd56812c1491af8c03946e105c","Gateway":"172.17.0.1","GlobalIPv6Address":"","GlobalIPv6PrefixLen":0,"IPAddress":"172.17.0.3","IPPrefixLen":16,"IPv6Gateway":"","MacAddress":"02:42:ac:11:00:03","Networks":{"bridge":{"IPAMConfig":null,"Links":null,"Aliases":null,"NetworkID":"308e234c143065751b16b4500cb9f48d5c7fc2116504b3d816a5e51cd4771062","EndpointID":"92fc2600684327987bceb8e2716a72ba2420fccd56812c1491af8c03946e105c","Gateway":"172.17.0.1","IPAddress":"172.17.0.3","IPPrefixLen":16,"IPv6Gateway":"","GlobalIPv6Address":"","GlobalIPv6PrefixLen":0,"MacAddress":"02:42:ac:11:00:03","DriverOpts":null}}}}[\n]"
01:14:45.781 [Test worker] DEBUG com.github.dockerjava.zerodep.shaded.org.apache.hc.client5.http.wire - http-outgoing-2 << "[\r][\n]"
01:14:45.782 [Test worker] DEBUG com.github.dockerjava.zerodep.shaded.org.apache.hc.client5.http.wire - http-outgoing-2 << "0[\r][\n]"
01:14:45.782 [Test worker] DEBUG com.github.dockerjava.zerodep.shaded.org.apache.hc.client5.http.wire - http-outgoing-2 << "[\r][\n]"
01:14:45.783 [Test worker] DEBUG com.github.dockerjava.zerodep.shaded.org.apache.hc.client5.http.impl.classic.InternalHttpClient - ep-0000001D: releasing valid endpoint
01:14:45.783 [Test worker] DEBUG com.github.dockerjava.zerodep.shaded.org.apache.hc.client5.http.impl.io.PoolingHttpClientConnectionManager - ep-0000001D: releasing endpoint
01:14:45.783 [Test worker] DEBUG com.github.dockerjava.zerodep.shaded.org.apache.hc.client5.http.impl.io.PoolingHttpClientConnectionManager - ep-0000001D: connection http-outgoing-2 can be kept alive for 3 MINUTES
01:14:45.783 [Test worker] DEBUG com.github.dockerjava.zerodep.shaded.org.apache.hc.client5.http.impl.io.PoolingHttpClientConnectionManager - ep-0000001D: connection released [route: {}->unix://localhost:2375][total available: 1; route allocated: 1 of 2147483647; total allocated: 1 of 2147483647]
01:14:45.783 [Test worker] DEBUG ]]>&#x1f433;<![CDATA[ [mysql:latest] - Trying to create JDBC connection using com.mysql.cj.jdbc.Driver to jdbc:mysql://localhost:63819/adm_videos?useSSL=false&allowPublicKeyRetrieval=true with properties: {password=123456, user=root}
01:14:45.887 [Test worker] DEBUG org.testcontainers.shaded.com.github.dockerjava.core.command.AbstrDockerCmd - Cmd: cd5ecdf38df06b4092e6cf67100cd20ad9c3cb4b6e9303874a7bd89885b140c9,false
01:14:45.887 [Test worker] DEBUG org.testcontainers.shaded.com.github.dockerjava.core.exec.InspectContainerCmdExec - GET: DefaultWebTarget{path=[/containers/cd5ecdf38df06b4092e6cf67100cd20ad9c3cb4b6e9303874a7bd89885b140c9/json], queryParams={}}
01:14:45.888 [Test worker] DEBUG com.github.dockerjava.zerodep.shaded.org.apache.hc.client5.http.impl.classic.InternalHttpClient - ex-0000001F: preparing request execution
01:14:45.888 [Test worker] DEBUG com.github.dockerjava.zerodep.shaded.org.apache.hc.client5.http.protocol.RequestAddCookies - Cookie spec selected: strict
01:14:45.888 [Test worker] DEBUG com.github.dockerjava.zerodep.shaded.org.apache.hc.client5.http.protocol.RequestAuthCache - Auth cache not set in the context
01:14:45.888 [Test worker] DEBUG com.github.dockerjava.zerodep.shaded.org.apache.hc.client5.http.impl.classic.ProtocolExec - ex-0000001F: target auth state: UNCHALLENGED
01:14:45.888 [Test worker] DEBUG com.github.dockerjava.zerodep.shaded.org.apache.hc.client5.http.impl.classic.ProtocolExec - ex-0000001F: proxy auth state: UNCHALLENGED
01:14:45.888 [Test worker] DEBUG com.github.dockerjava.zerodep.shaded.org.apache.hc.client5.http.impl.classic.ConnectExec - ex-0000001F: acquiring connection with route {}->unix://localhost:2375
01:14:45.888 [Test worker] DEBUG com.github.dockerjava.zerodep.shaded.org.apache.hc.client5.http.impl.classic.InternalHttpClient - ex-0000001F: acquiring endpoint (3 MINUTES)
01:14:45.888 [Test worker] DEBUG com.github.dockerjava.zerodep.shaded.org.apache.hc.client5.http.impl.io.PoolingHttpClientConnectionManager - ex-0000001F: endpoint lease request (3 MINUTES) [route: {}->unix://localhost:2375][total available: 1; route allocated: 1 of 2147483647; total allocated: 1 of 2147483647]
01:14:45.888 [Test worker] DEBUG com.github.dockerjava.zerodep.shaded.org.apache.hc.client5.http.impl.io.PoolingHttpClientConnectionManager - ex-0000001F: endpoint leased [route: {}->unix://localhost:2375][total available: 0; route allocated: 1 of 2147483647; total allocated: 1 of 2147483647]
01:14:45.888 [Test worker] DEBUG com.github.dockerjava.zerodep.shaded.org.apache.hc.client5.http.impl.io.PoolingHttpClientConnectionManager - ex-0000001F: acquired ep-0000001E
01:14:45.888 [Test worker] DEBUG com.github.dockerjava.zerodep.shaded.org.apache.hc.client5.http.impl.classic.InternalHttpClient - ex-0000001F: acquired endpoint ep-0000001E
01:14:45.888 [Test worker] DEBUG com.github.dockerjava.zerodep.shaded.org.apache.hc.client5.http.impl.classic.MainClientExec - ex-0000001F: executing GET /v1.32/containers/cd5ecdf38df06b4092e6cf67100cd20ad9c3cb4b6e9303874a7bd89885b140c9/json HTTP/1.1
01:14:45.889 [Test worker] DEBUG com.github.dockerjava.zerodep.shaded.org.apache.hc.client5.http.impl.classic.InternalHttpClient - ep-0000001E: start execution ex-0000001F
01:14:45.889 [Test worker] DEBUG com.github.dockerjava.zerodep.shaded.org.apache.hc.client5.http.impl.io.PoolingHttpClientConnectionManager - ep-0000001E: executing exchange ex-0000001F over http-outgoing-2
01:14:45.889 [Test worker] DEBUG com.github.dockerjava.zerodep.shaded.org.apache.hc.client5.http.headers - http-outgoing-2 >> GET /v1.32/containers/cd5ecdf38df06b4092e6cf67100cd20ad9c3cb4b6e9303874a7bd89885b140c9/json HTTP/1.1
01:14:45.889 [Test worker] DEBUG com.github.dockerjava.zerodep.shaded.org.apache.hc.client5.http.headers - http-outgoing-2 >> accept: application/json
01:14:45.889 [Test worker] DEBUG com.github.dockerjava.zerodep.shaded.org.apache.hc.client5.http.headers - http-outgoing-2 >> x-tc-sid: 71b9672a-6f61-4546-a7b6-d603100b2e56
01:14:45.889 [Test worker] DEBUG com.github.dockerjava.zerodep.shaded.org.apache.hc.client5.http.headers - http-outgoing-2 >> Accept-Encoding: gzip, x-gzip, deflate
01:14:45.889 [Test worker] DEBUG com.github.dockerjava.zerodep.shaded.org.apache.hc.client5.http.headers - http-outgoing-2 >> Host: localhost:2375
01:14:45.889 [Test worker] DEBUG com.github.dockerjava.zerodep.shaded.org.apache.hc.client5.http.headers - http-outgoing-2 >> Connection: keep-alive
01:14:45.889 [Test worker] DEBUG com.github.dockerjava.zerodep.shaded.org.apache.hc.client5.http.headers - http-outgoing-2 >> User-Agent: Apache-HttpClient/5.0.3 (Java/17.0.2)
01:14:45.889 [Test worker] DEBUG com.github.dockerjava.zerodep.shaded.org.apache.hc.client5.http.wire - http-outgoing-2 >> "GET /v1.32/containers/cd5ecdf38df06b4092e6cf67100cd20ad9c3cb4b6e9303874a7bd89885b140c9/json HTTP/1.1[\r][\n]"
01:14:45.889 [Test worker] DEBUG com.github.dockerjava.zerodep.shaded.org.apache.hc.client5.http.wire - http-outgoing-2 >> "accept: application/json[\r][\n]"
01:14:45.889 [Test worker] DEBUG com.github.dockerjava.zerodep.shaded.org.apache.hc.client5.http.wire - http-outgoing-2 >> "x-tc-sid: 71b9672a-6f61-4546-a7b6-d603100b2e56[\r][\n]"
01:14:45.889 [Test worker] DEBUG com.github.dockerjava.zerodep.shaded.org.apache.hc.client5.http.wire - http-outgoing-2 >> "Accept-Encoding: gzip, x-gzip, deflate[\r][\n]"
01:14:45.889 [Test worker] DEBUG com.github.dockerjava.zerodep.shaded.org.apache.hc.client5.http.wire - http-outgoing-2 >> "Host: localhost:2375[\r][\n]"
01:14:45.889 [Test worker] DEBUG com.github.dockerjava.zerodep.shaded.org.apache.hc.client5.http.wire - http-outgoing-2 >> "Connection: keep-alive[\r][\n]"
01:14:45.889 [Test worker] DEBUG com.github.dockerjava.zerodep.shaded.org.apache.hc.client5.http.wire - http-outgoing-2 >> "User-Agent: Apache-HttpClient/5.0.3 (Java/17.0.2)[\r][\n]"
01:14:45.889 [Test worker] DEBUG com.github.dockerjava.zerodep.shaded.org.apache.hc.client5.http.wire - http-outgoing-2 >> "[\r][\n]"
01:14:45.891 [Test worker] DEBUG com.github.dockerjava.zerodep.shaded.org.apache.hc.client5.http.wire - http-outgoing-2 << "HTTP/1.1 200 OK[\r][\n]"
01:14:45.891 [Test worker] DEBUG com.github.dockerjava.zerodep.shaded.org.apache.hc.client5.http.wire - http-outgoing-2 << "Api-Version: 1.41[\r][\n]"
01:14:45.891 [Test worker] DEBUG com.github.dockerjava.zerodep.shaded.org.apache.hc.client5.http.wire - http-outgoing-2 << "Content-Type: application/json[\r][\n]"
01:14:45.891 [Test worker] DEBUG com.github.dockerjava.zerodep.shaded.org.apache.hc.client5.http.wire - http-outgoing-2 << "Date: Tue, 28 Mar 2023 04:14:45 GMT[\r][\n]"
01:14:45.891 [Test worker] DEBUG com.github.dockerjava.zerodep.shaded.org.apache.hc.client5.http.wire - http-outgoing-2 << "Docker-Experimental: false[\r][\n]"
01:14:45.891 [Test worker] DEBUG com.github.dockerjava.zerodep.shaded.org.apache.hc.client5.http.wire - http-outgoing-2 << "Ostype: linux[\r][\n]"
01:14:45.891 [Test worker] DEBUG com.github.dockerjava.zerodep.shaded.org.apache.hc.client5.http.wire - http-outgoing-2 << "Server: Docker/20.10.21 (linux)[\r][\n]"
01:14:45.891 [Test worker] DEBUG com.github.dockerjava.zerodep.shaded.org.apache.hc.client5.http.wire - http-outgoing-2 << "Transfer-Encoding: chunked[\r][\n]"
01:14:45.891 [Test worker] DEBUG com.github.dockerjava.zerodep.shaded.org.apache.hc.client5.http.wire - http-outgoing-2 << "[\r][\n]"
01:14:45.891 [Test worker] DEBUG com.github.dockerjava.zerodep.shaded.org.apache.hc.client5.http.headers - http-outgoing-2 << HTTP/1.1 200 OK
01:14:45.891 [Test worker] DEBUG com.github.dockerjava.zerodep.shaded.org.apache.hc.client5.http.headers - http-outgoing-2 << Api-Version: 1.41
01:14:45.891 [Test worker] DEBUG com.github.dockerjava.zerodep.shaded.org.apache.hc.client5.http.headers - http-outgoing-2 << Content-Type: application/json
01:14:45.891 [Test worker] DEBUG com.github.dockerjava.zerodep.shaded.org.apache.hc.client5.http.headers - http-outgoing-2 << Date: Tue, 28 Mar 2023 04:14:45 GMT
01:14:45.891 [Test worker] DEBUG com.github.dockerjava.zerodep.shaded.org.apache.hc.client5.http.headers - http-outgoing-2 << Docker-Experimental: false
01:14:45.891 [Test worker] DEBUG com.github.dockerjava.zerodep.shaded.org.apache.hc.client5.http.headers - http-outgoing-2 << Ostype: linux
01:14:45.891 [Test worker] DEBUG com.github.dockerjava.zerodep.shaded.org.apache.hc.client5.http.headers - http-outgoing-2 << Server: Docker/20.10.21 (linux)
01:14:45.891 [Test worker] DEBUG com.github.dockerjava.zerodep.shaded.org.apache.hc.client5.http.headers - http-outgoing-2 << Transfer-Encoding: chunked
01:14:45.891 [Test worker] DEBUG com.github.dockerjava.zerodep.shaded.org.apache.hc.client5.http.impl.classic.MainClientExec - ex-0000001F: connection can be kept alive for 3 MINUTES
01:14:45.892 [Test worker] DEBUG com.github.dockerjava.zerodep.shaded.org.apache.hc.client5.http.wire - http-outgoing-2 << "18c1[\r][\n]"
01:14:45.892 [Test worker] DEBUG com.github.dockerjava.zerodep.shaded.org.apache.hc.client5.http.wire - http-outgoing-2 << "{"Id":"cd5ecdf38df06b4092e6cf67100cd20ad9c3cb4b6e9303874a7bd89885b140c9","Created":"2023-03-28T04:14:43.179040379Z","Path":"docker-entrypoint.sh","Args":["mysqld"],"State":{"Status":"running","Running":true,"Paused":false,"Restarting":false,"OOMKilled":false,"Dead":false,"Pid":20152,"ExitCode":0,"Error":"","StartedAt":"2023-03-28T04:14:43.680338005Z","FinishedAt":"0001-01-01T00:00:00Z"},"Image":"sha256:c7c54c29e20dccc1aefb936c8eba8bb8b98b87a4921102aba87fde2df5810af9","ResolvConfPath":"/var/lib/docker/containers/cd5ecdf38df06b4092e6cf67100cd20ad9c3cb4b6e9303874a7bd89885b140c9/resolv.conf","HostnamePath":"/var/lib/docker/containers/cd5ecdf38df06b4092e6cf67100cd20ad9c3cb4b6e9303874a7bd89885b140c9/hostname","HostsPath":"/var/lib/docker/containers/cd5ecdf38df06b4092e6cf67100cd20ad9c3cb4b6e9303874a7bd89885b140c9/hosts","LogPath":"/var/lib/docker/containers/cd5ecdf38df06b4092e6cf67100cd20ad9c3cb4b6e9303874a7bd89885b140c9/cd5ecdf38df06b4092e6cf67100cd20ad9c3cb4b6e9303874a7bd89885b140c9-json.log","Name":"/keen_matsumoto","RestartCount":0,"Driver":"overlay2","Platform":"linux","MountLabel":"","ProcessLabel":"","AppArmorProfile":"","ExecIDs":null,"HostConfig":{"Binds":[],"ContainerIDFile":"","LogConfig":{"Type":"json-file","Config":{}},"NetworkMode":"default","PortBindings":{"3306/tcp":[{"HostIp":"0.0.0.0","HostPort":"0"}]},"RestartPolicy":{"Name":"","MaximumRetryCount":0},"AutoRemove":false,"VolumeDriver":"","VolumesFrom":[],"CapAdd":null,"CapDrop":null,"CgroupnsMode":"private","Dns":null,"DnsOptions":null,"DnsSearch":null,"ExtraHosts":[],"GroupAdd":null,"IpcMode":"shareable","Cgroup":"","Links":null,"OomScoreAdj":0,"PidMode":"","Privileged":false,"PublishAllPorts":false,"ReadonlyRootfs":false,"SecurityOpt":null,"UTSMode":"","UsernsMode":"","ShmSize":67108864,"Runtime":"runc","ConsoleSize":[0,0],"Isolation":"","CpuShares":0,"Memory":0,"NanoCpus":0,"CgroupParent":"","BlkioWeight":0,"BlkioWeightDevice":null,"BlkioDeviceReadBps":null,"BlkioDeviceWriteBps":null,"BlkioDeviceReadIOps":null,"BlkioDeviceWriteIOps":null,"CpuPeriod":0,"CpuQuota":0,"CpuRealtimePeriod":0,"CpuRealtimeRuntime":0,"CpusetCpus":"","CpusetMems":"","Devices":null,"DeviceCgroupRules":null,"DeviceRequests":null,"KernelMemory":0,"KernelMemoryTCP":0,"MemoryReservation":0,"MemorySwap":0,"MemorySwappiness":null,"OomKillDisable":null,"PidsLimit":null,"Ulimits":null,"CpuCount":0,"CpuPercent":0,"IOMaximumIOps":0,"IOMaximumBandwidth":0,"MaskedPaths":["/proc/asound","/proc/acpi","/proc/kcore","/proc/keys","/proc/latency_stats","/proc/timer_list","/proc/timer_stats","/proc/sched_debug","/proc/scsi","/sys/firmware"],"ReadonlyPaths":["/proc/bus","/proc/fs","/proc/irq","/proc/sys","/proc/sysrq-trigger"]},"GraphDriver":{"Data":{"LowerDir":"/var/lib/docker/overlay2/830e690ec83ecff869b59e4f673c0c63b2bc5c068e9f710933e6f61763699fd2-init/diff:/var/lib/docker/overlay2/1bd8849d7a296305617011f940aa5cfabbe972a513397b1b6bbc27639b6c1f30/diff:/var/lib/docker/overlay2/199d69b2fbf78af4d4c95dec4fd2f8835ab0347eb49fb20ebb2ff3b99fedd6ad/diff:/var/lib/docker/overlay2/d83c38d654989311f75b9491329846033bfb7714de76ef635380dcfad5c740d9/diff:/var/lib/docker/overlay2/08600d0aea2ab2728bebcf5d2589c640a842f53d1ba3c4a4adccb4d03b923cf6/diff:/var/lib/docker/overlay2/9ec7c63a3fb14d13ac788bbf5e282ca821edc41260b79944e5e631037d13ecda/diff:/var/lib/docker/overlay2/db601d7a1b4ea6da638db620462f0da96fa55c559d02269c9ddb09027936ed87/diff:/var/lib/docker/overlay2/a6d2bd03f942e2565f21e74cfe152c7ec836a1c2b583f0790c685b92bdcfda24/diff:/var/lib/docker/overlay2/9badd16ea2c5e2bf1fde8b579683e41137dfc46ed5449234149f199a6751cc84/diff:/var/lib/docker/overlay2/6efb85646ed12e2d1181ef4cc6f6f6732c00c15a4035fe17ebc4f075ca573c30/diff:/var/lib/docker/overlay2/895d7c0ec09144d6ed33936f4e98e11c18010f7abd708cae1ce43aec7a7f2621/diff:/var/lib/docker/overlay2/1c4ba77aa573ab6e5e5069fd15eae71b3da940bde0f97a922a227ffc8a1d1096/diff","MergedDir":"/var/lib/docker/overlay2/830e690ec83ecff869b59e4f673c0c63b2bc5c068e9f710933e6f61763699fd2/merged","UpperDir":"/var/lib/docker/overlay2/830e690ec83ecff869b59e4f673c0c63b2bc5c068e9f710933e6f61763699fd2/diff","WorkDir":"/var/lib/docker/overlay2/830e690ec83ecff869b59e4f673c0c63b2bc5c068e9f710933e6f61763699fd2/work"},"Name":"overlay2"},"Mounts":[{"Type":"volume","Name":"25868b8cea8ad6eba7f00a6fe83e8848def5cff8aab5c5943024031400fa063d","Source":"/var/lib/docker/volumes/25868b8cea8ad6eba7f00a6fe83e8848def5cff8aab5c5943024031400fa063d/_data","Destination":"/var/lib/mysql","Driver":"local","Mode":"","RW":true,"Propagation":""}],"Config":{"Hostname":"cd5ecdf38df0","Domainname":"","User":"","AttachStdin":false,"AttachStdout":false,"AttachStderr":false,"ExposedPorts":{"3306/tcp":{},"33060/tcp":{}},"Tty":false,"OpenStdin":false,"StdinOnce":false,"Env":["MYSQL_DATABASE=adm_videos","MYSQL_PASSWORD=123456","MYSQL_ROOT_PASSWORD=123456","PATH=/usr/local/sbin:/usr/local/bin:/usr/sbin:/usr/bin:/sbin:/bin","GOSU_VERSION=1.16","MYSQL_MAJOR=8.0","MYSQL_VERSION=8.0.32-1.el8","MYSQL_SHELL_VERSION=8.0.32-1.el8"],"Cmd":["mysqld"],"Image":"mysql:latest","Volumes":{"/var/lib/mysql":{}},"WorkingDir":"","Entrypoint":["docker-entrypoint.sh"],"OnBuild":null,"Labels":{"org.testcontainers":"true","org.testcontainers.lang":"java","org.testcontainers.sessionId":"71b9672a-6f61-4546-a7b6-d603100b2e56","org.testcontainers.version":"1.17.6"}},"NetworkSettings":{"Bridge":"","SandboxID":"56762d63452c709eadac6b5c5f4b6cdd30da833580c632f91fd658806eaf4ddb","HairpinMode":false,"LinkLocalIPv6Address":"","LinkLocalIPv6PrefixLen":0,"Ports":{"3306/tcp":[{"HostIp":"0.0.0.0","HostPort":"63819"}],"33060/tcp":null},"SandboxKey":"/var/run/docker/netns/56762d63452c","SecondaryIPAddresses":null,"SecondaryIPv6Addresses":null,"EndpointID":"92fc2600684327987bceb8e2716a72ba2420fccd56812c1491af8c03946e105c","Gateway":"172.17.0.1","GlobalIPv6Address":"","GlobalIPv6PrefixLen":0,"IPAddress":"172.17.0.3","IPPrefixLen":16,"IPv6Gateway":"","MacAddress":"02:42:ac:11:00:03","Networks":{"bridge":{"IPAMConfig":null,"Links":null,"Aliases":null,"NetworkID":"308e234c143065751b16b4500cb9f48d5c7fc2116504b3d816a5e51cd4771062","EndpointID":"92fc2600684327987bceb8e2716a72ba2420fccd56812c1491af8c03946e105c","Gateway":"172.17.0.1","IPAddress":"172.17.0.3","IPPrefixLen":16,"IPv6Gateway":"","GlobalIPv6Address":"","GlobalIPv6PrefixLen":0,"MacAddress":"02:42:ac:11:00:03","DriverOpts":null}}}}[\n]"
01:14:45.892 [Test worker] DEBUG com.github.dockerjava.zerodep.shaded.org.apache.hc.client5.http.wire - http-outgoing-2 << "[\r][\n]"
01:14:45.893 [Test worker] DEBUG com.github.dockerjava.zerodep.shaded.org.apache.hc.client5.http.wire - http-outgoing-2 << "0[\r][\n]"
01:14:45.893 [Test worker] DEBUG com.github.dockerjava.zerodep.shaded.org.apache.hc.client5.http.wire - http-outgoing-2 << "[\r][\n]"
01:14:45.893 [Test worker] DEBUG com.github.dockerjava.zerodep.shaded.org.apache.hc.client5.http.impl.classic.InternalHttpClient - ep-0000001E: releasing valid endpoint
01:14:45.893 [Test worker] DEBUG com.github.dockerjava.zerodep.shaded.org.apache.hc.client5.http.impl.io.PoolingHttpClientConnectionManager - ep-0000001E: releasing endpoint
01:14:45.894 [Test worker] DEBUG com.github.dockerjava.zerodep.shaded.org.apache.hc.client5.http.impl.io.PoolingHttpClientConnectionManager - ep-0000001E: connection http-outgoing-2 can be kept alive for 3 MINUTES
01:14:45.894 [Test worker] DEBUG com.github.dockerjava.zerodep.shaded.org.apache.hc.client5.http.impl.io.PoolingHttpClientConnectionManager - ep-0000001E: connection released [route: {}->unix://localhost:2375][total available: 1; route allocated: 1 of 2147483647; total allocated: 1 of 2147483647]
01:14:45.894 [Test worker] DEBUG ]]>&#x1f433;<![CDATA[ [mysql:latest] - Trying to create JDBC connection using com.mysql.cj.jdbc.Driver to jdbc:mysql://localhost:63819/adm_videos?useSSL=false&allowPublicKeyRetrieval=true with properties: {password=123456, user=root}
01:14:46.001 [Test worker] DEBUG org.testcontainers.shaded.com.github.dockerjava.core.command.AbstrDockerCmd - Cmd: cd5ecdf38df06b4092e6cf67100cd20ad9c3cb4b6e9303874a7bd89885b140c9,false
01:14:46.001 [Test worker] DEBUG org.testcontainers.shaded.com.github.dockerjava.core.exec.InspectContainerCmdExec - GET: DefaultWebTarget{path=[/containers/cd5ecdf38df06b4092e6cf67100cd20ad9c3cb4b6e9303874a7bd89885b140c9/json], queryParams={}}
01:14:46.002 [Test worker] DEBUG com.github.dockerjava.zerodep.shaded.org.apache.hc.client5.http.impl.classic.InternalHttpClient - ex-00000020: preparing request execution
01:14:46.003 [Test worker] DEBUG com.github.dockerjava.zerodep.shaded.org.apache.hc.client5.http.protocol.RequestAddCookies - Cookie spec selected: strict
01:14:46.003 [Test worker] DEBUG com.github.dockerjava.zerodep.shaded.org.apache.hc.client5.http.protocol.RequestAuthCache - Auth cache not set in the context
01:14:46.003 [Test worker] DEBUG com.github.dockerjava.zerodep.shaded.org.apache.hc.client5.http.impl.classic.ProtocolExec - ex-00000020: target auth state: UNCHALLENGED
01:14:46.003 [Test worker] DEBUG com.github.dockerjava.zerodep.shaded.org.apache.hc.client5.http.impl.classic.ProtocolExec - ex-00000020: proxy auth state: UNCHALLENGED
01:14:46.003 [Test worker] DEBUG com.github.dockerjava.zerodep.shaded.org.apache.hc.client5.http.impl.classic.ConnectExec - ex-00000020: acquiring connection with route {}->unix://localhost:2375
01:14:46.003 [Test worker] DEBUG com.github.dockerjava.zerodep.shaded.org.apache.hc.client5.http.impl.classic.InternalHttpClient - ex-00000020: acquiring endpoint (3 MINUTES)
01:14:46.003 [Test worker] DEBUG com.github.dockerjava.zerodep.shaded.org.apache.hc.client5.http.impl.io.PoolingHttpClientConnectionManager - ex-00000020: endpoint lease request (3 MINUTES) [route: {}->unix://localhost:2375][total available: 1; route allocated: 1 of 2147483647; total allocated: 1 of 2147483647]
01:14:46.003 [Test worker] DEBUG com.github.dockerjava.zerodep.shaded.org.apache.hc.client5.http.impl.io.PoolingHttpClientConnectionManager - ex-00000020: endpoint leased [route: {}->unix://localhost:2375][total available: 0; route allocated: 1 of 2147483647; total allocated: 1 of 2147483647]
01:14:46.003 [Test worker] DEBUG com.github.dockerjava.zerodep.shaded.org.apache.hc.client5.http.impl.io.PoolingHttpClientConnectionManager - ex-00000020: acquired ep-0000001F
01:14:46.003 [Test worker] DEBUG com.github.dockerjava.zerodep.shaded.org.apache.hc.client5.http.impl.classic.InternalHttpClient - ex-00000020: acquired endpoint ep-0000001F
01:14:46.003 [Test worker] DEBUG com.github.dockerjava.zerodep.shaded.org.apache.hc.client5.http.impl.classic.MainClientExec - ex-00000020: executing GET /v1.32/containers/cd5ecdf38df06b4092e6cf67100cd20ad9c3cb4b6e9303874a7bd89885b140c9/json HTTP/1.1
01:14:46.003 [Test worker] DEBUG com.github.dockerjava.zerodep.shaded.org.apache.hc.client5.http.impl.classic.InternalHttpClient - ep-0000001F: start execution ex-00000020
01:14:46.003 [Test worker] DEBUG com.github.dockerjava.zerodep.shaded.org.apache.hc.client5.http.impl.io.PoolingHttpClientConnectionManager - ep-0000001F: executing exchange ex-00000020 over http-outgoing-2
01:14:46.004 [Test worker] DEBUG com.github.dockerjava.zerodep.shaded.org.apache.hc.client5.http.headers - http-outgoing-2 >> GET /v1.32/containers/cd5ecdf38df06b4092e6cf67100cd20ad9c3cb4b6e9303874a7bd89885b140c9/json HTTP/1.1
01:14:46.004 [Test worker] DEBUG com.github.dockerjava.zerodep.shaded.org.apache.hc.client5.http.headers - http-outgoing-2 >> accept: application/json
01:14:46.004 [Test worker] DEBUG com.github.dockerjava.zerodep.shaded.org.apache.hc.client5.http.headers - http-outgoing-2 >> x-tc-sid: 71b9672a-6f61-4546-a7b6-d603100b2e56
01:14:46.004 [Test worker] DEBUG com.github.dockerjava.zerodep.shaded.org.apache.hc.client5.http.headers - http-outgoing-2 >> Accept-Encoding: gzip, x-gzip, deflate
01:14:46.004 [Test worker] DEBUG com.github.dockerjava.zerodep.shaded.org.apache.hc.client5.http.headers - http-outgoing-2 >> Host: localhost:2375
01:14:46.004 [Test worker] DEBUG com.github.dockerjava.zerodep.shaded.org.apache.hc.client5.http.headers - http-outgoing-2 >> Connection: keep-alive
01:14:46.004 [Test worker] DEBUG com.github.dockerjava.zerodep.shaded.org.apache.hc.client5.http.headers - http-outgoing-2 >> User-Agent: Apache-HttpClient/5.0.3 (Java/17.0.2)
01:14:46.004 [Test worker] DEBUG com.github.dockerjava.zerodep.shaded.org.apache.hc.client5.http.wire - http-outgoing-2 >> "GET /v1.32/containers/cd5ecdf38df06b4092e6cf67100cd20ad9c3cb4b6e9303874a7bd89885b140c9/json HTTP/1.1[\r][\n]"
01:14:46.004 [Test worker] DEBUG com.github.dockerjava.zerodep.shaded.org.apache.hc.client5.http.wire - http-outgoing-2 >> "accept: application/json[\r][\n]"
01:14:46.004 [Test worker] DEBUG com.github.dockerjava.zerodep.shaded.org.apache.hc.client5.http.wire - http-outgoing-2 >> "x-tc-sid: 71b9672a-6f61-4546-a7b6-d603100b2e56[\r][\n]"
01:14:46.004 [Test worker] DEBUG com.github.dockerjava.zerodep.shaded.org.apache.hc.client5.http.wire - http-outgoing-2 >> "Accept-Encoding: gzip, x-gzip, deflate[\r][\n]"
01:14:46.004 [Test worker] DEBUG com.github.dockerjava.zerodep.shaded.org.apache.hc.client5.http.wire - http-outgoing-2 >> "Host: localhost:2375[\r][\n]"
01:14:46.004 [Test worker] DEBUG com.github.dockerjava.zerodep.shaded.org.apache.hc.client5.http.wire - http-outgoing-2 >> "Connection: keep-alive[\r][\n]"
01:14:46.004 [Test worker] DEBUG com.github.dockerjava.zerodep.shaded.org.apache.hc.client5.http.wire - http-outgoing-2 >> "User-Agent: Apache-HttpClient/5.0.3 (Java/17.0.2)[\r][\n]"
01:14:46.004 [Test worker] DEBUG com.github.dockerjava.zerodep.shaded.org.apache.hc.client5.http.wire - http-outgoing-2 >> "[\r][\n]"
01:14:46.006 [Test worker] DEBUG com.github.dockerjava.zerodep.shaded.org.apache.hc.client5.http.wire - http-outgoing-2 << "HTTP/1.1 200 OK[\r][\n]"
01:14:46.006 [Test worker] DEBUG com.github.dockerjava.zerodep.shaded.org.apache.hc.client5.http.wire - http-outgoing-2 << "Api-Version: 1.41[\r][\n]"
01:14:46.006 [Test worker] DEBUG com.github.dockerjava.zerodep.shaded.org.apache.hc.client5.http.wire - http-outgoing-2 << "Content-Type: application/json[\r][\n]"
01:14:46.006 [Test worker] DEBUG com.github.dockerjava.zerodep.shaded.org.apache.hc.client5.http.wire - http-outgoing-2 << "Date: Tue, 28 Mar 2023 04:14:46 GMT[\r][\n]"
01:14:46.006 [Test worker] DEBUG com.github.dockerjava.zerodep.shaded.org.apache.hc.client5.http.wire - http-outgoing-2 << "Docker-Experimental: false[\r][\n]"
01:14:46.006 [Test worker] DEBUG com.github.dockerjava.zerodep.shaded.org.apache.hc.client5.http.wire - http-outgoing-2 << "Ostype: linux[\r][\n]"
01:14:46.006 [Test worker] DEBUG com.github.dockerjava.zerodep.shaded.org.apache.hc.client5.http.wire - http-outgoing-2 << "Server: Docker/20.10.21 (linux)[\r][\n]"
01:14:46.006 [Test worker] DEBUG com.github.dockerjava.zerodep.shaded.org.apache.hc.client5.http.wire - http-outgoing-2 << "Transfer-Encoding: chunked[\r][\n]"
01:14:46.006 [Test worker] DEBUG com.github.dockerjava.zerodep.shaded.org.apache.hc.client5.http.wire - http-outgoing-2 << "[\r][\n]"
01:14:46.006 [Test worker] DEBUG com.github.dockerjava.zerodep.shaded.org.apache.hc.client5.http.headers - http-outgoing-2 << HTTP/1.1 200 OK
01:14:46.006 [Test worker] DEBUG com.github.dockerjava.zerodep.shaded.org.apache.hc.client5.http.headers - http-outgoing-2 << Api-Version: 1.41
01:14:46.006 [Test worker] DEBUG com.github.dockerjava.zerodep.shaded.org.apache.hc.client5.http.headers - http-outgoing-2 << Content-Type: application/json
01:14:46.006 [Test worker] DEBUG com.github.dockerjava.zerodep.shaded.org.apache.hc.client5.http.headers - http-outgoing-2 << Date: Tue, 28 Mar 2023 04:14:46 GMT
01:14:46.006 [Test worker] DEBUG com.github.dockerjava.zerodep.shaded.org.apache.hc.client5.http.headers - http-outgoing-2 << Docker-Experimental: false
01:14:46.006 [Test worker] DEBUG com.github.dockerjava.zerodep.shaded.org.apache.hc.client5.http.headers - http-outgoing-2 << Ostype: linux
01:14:46.006 [Test worker] DEBUG com.github.dockerjava.zerodep.shaded.org.apache.hc.client5.http.headers - http-outgoing-2 << Server: Docker/20.10.21 (linux)
01:14:46.006 [Test worker] DEBUG com.github.dockerjava.zerodep.shaded.org.apache.hc.client5.http.headers - http-outgoing-2 << Transfer-Encoding: chunked
01:14:46.007 [Test worker] DEBUG com.github.dockerjava.zerodep.shaded.org.apache.hc.client5.http.impl.classic.MainClientExec - ex-00000020: connection can be kept alive for 3 MINUTES
01:14:46.008 [Test worker] DEBUG com.github.dockerjava.zerodep.shaded.org.apache.hc.client5.http.wire - http-outgoing-2 << "18c1[\r][\n]"
01:14:46.008 [Test worker] DEBUG com.github.dockerjava.zerodep.shaded.org.apache.hc.client5.http.wire - http-outgoing-2 << "{"Id":"cd5ecdf38df06b4092e6cf67100cd20ad9c3cb4b6e9303874a7bd89885b140c9","Created":"2023-03-28T04:14:43.179040379Z","Path":"docker-entrypoint.sh","Args":["mysqld"],"State":{"Status":"running","Running":true,"Paused":false,"Restarting":false,"OOMKilled":false,"Dead":false,"Pid":20152,"ExitCode":0,"Error":"","StartedAt":"2023-03-28T04:14:43.680338005Z","FinishedAt":"0001-01-01T00:00:00Z"},"Image":"sha256:c7c54c29e20dccc1aefb936c8eba8bb8b98b87a4921102aba87fde2df5810af9","ResolvConfPath":"/var/lib/docker/containers/cd5ecdf38df06b4092e6cf67100cd20ad9c3cb4b6e9303874a7bd89885b140c9/resolv.conf","HostnamePath":"/var/lib/docker/containers/cd5ecdf38df06b4092e6cf67100cd20ad9c3cb4b6e9303874a7bd89885b140c9/hostname","HostsPath":"/var/lib/docker/containers/cd5ecdf38df06b4092e6cf67100cd20ad9c3cb4b6e9303874a7bd89885b140c9/hosts","LogPath":"/var/lib/docker/containers/cd5ecdf38df06b4092e6cf67100cd20ad9c3cb4b6e9303874a7bd89885b140c9/cd5ecdf38df06b4092e6cf67100cd20ad9c3cb4b6e9303874a7bd89885b140c9-json.log","Name":"/keen_matsumoto","RestartCount":0,"Driver":"overlay2","Platform":"linux","MountLabel":"","ProcessLabel":"","AppArmorProfile":"","ExecIDs":null,"HostConfig":{"Binds":[],"ContainerIDFile":"","LogConfig":{"Type":"json-file","Config":{}},"NetworkMode":"default","PortBindings":{"3306/tcp":[{"HostIp":"0.0.0.0","HostPort":"0"}]},"RestartPolicy":{"Name":"","MaximumRetryCount":0},"AutoRemove":false,"VolumeDriver":"","VolumesFrom":[],"CapAdd":null,"CapDrop":null,"CgroupnsMode":"private","Dns":null,"DnsOptions":null,"DnsSearch":null,"ExtraHosts":[],"GroupAdd":null,"IpcMode":"shareable","Cgroup":"","Links":null,"OomScoreAdj":0,"PidMode":"","Privileged":false,"PublishAllPorts":false,"ReadonlyRootfs":false,"SecurityOpt":null,"UTSMode":"","UsernsMode":"","ShmSize":67108864,"Runtime":"runc","ConsoleSize":[0,0],"Isolation":"","CpuShares":0,"Memory":0,"NanoCpus":0,"CgroupParent":"","BlkioWeight":0,"BlkioWeightDevice":null,"BlkioDeviceReadBps":null,"BlkioDeviceWriteBps":null,"BlkioDeviceReadIOps":null,"BlkioDeviceWriteIOps":null,"CpuPeriod":0,"CpuQuota":0,"CpuRealtimePeriod":0,"CpuRealtimeRuntime":0,"CpusetCpus":"","CpusetMems":"","Devices":null,"DeviceCgroupRules":null,"DeviceRequests":null,"KernelMemory":0,"KernelMemoryTCP":0,"MemoryReservation":0,"MemorySwap":0,"MemorySwappiness":null,"OomKillDisable":null,"PidsLimit":null,"Ulimits":null,"CpuCount":0,"CpuPercent":0,"IOMaximumIOps":0,"IOMaximumBandwidth":0,"MaskedPaths":["/proc/asound","/proc/acpi","/proc/kcore","/proc/keys","/proc/latency_stats","/proc/timer_list","/proc/timer_stats","/proc/sched_debug","/proc/scsi","/sys/firmware"],"ReadonlyPaths":["/proc/bus","/proc/fs","/proc/irq","/proc/sys","/proc/sysrq-trigger"]},"GraphDriver":{"Data":{"LowerDir":"/var/lib/docker/overlay2/830e690ec83ecff869b59e4f673c0c63b2bc5c068e9f710933e6f61763699fd2-init/diff:/var/lib/docker/overlay2/1bd8849d7a296305617011f940aa5cfabbe972a513397b1b6bbc27639b6c1f30/diff:/var/lib/docker/overlay2/199d69b2fbf78af4d4c95dec4fd2f8835ab0347eb49fb20ebb2ff3b99fedd6ad/diff:/var/lib/docker/overlay2/d83c38d654989311f75b9491329846033bfb7714de76ef635380dcfad5c740d9/diff:/var/lib/docker/overlay2/08600d0aea2ab2728bebcf5d2589c640a842f53d1ba3c4a4adccb4d03b923cf6/diff:/var/lib/docker/overlay2/9ec7c63a3fb14d13ac788bbf5e282ca821edc41260b79944e5e631037d13ecda/diff:/var/lib/docker/overlay2/db601d7a1b4ea6da638db620462f0da96fa55c559d02269c9ddb09027936ed87/diff:/var/lib/docker/overlay2/a6d2bd03f942e2565f21e74cfe152c7ec836a1c2b583f0790c685b92bdcfda24/diff:/var/lib/docker/overlay2/9badd16ea2c5e2bf1fde8b579683e41137dfc46ed5449234149f199a6751cc84/diff:/var/lib/docker/overlay2/6efb85646ed12e2d1181ef4cc6f6f6732c00c15a4035fe17ebc4f075ca573c30/diff:/var/lib/docker/overlay2/895d7c0ec09144d6ed33936f4e98e11c18010f7abd708cae1ce43aec7a7f2621/diff:/var/lib/docker/overlay2/1c4ba77aa573ab6e5e5069fd15eae71b3da940bde0f97a922a227ffc8a1d1096/diff","MergedDir":"/var/lib/docker/overlay2/830e690ec83ecff869b59e4f673c0c63b2bc5c068e9f710933e6f61763699fd2/merged","UpperDir":"/var/lib/docker/overlay2/830e690ec83ecff869b59e4f673c0c63b2bc5c068e9f710933e6f61763699fd2/diff","WorkDir":"/var/lib/docker/overlay2/830e690ec83ecff869b59e4f673c0c63b2bc5c068e9f710933e6f61763699fd2/work"},"Name":"overlay2"},"Mounts":[{"Type":"volume","Name":"25868b8cea8ad6eba7f00a6fe83e8848def5cff8aab5c5943024031400fa063d","Source":"/var/lib/docker/volumes/25868b8cea8ad6eba7f00a6fe83e8848def5cff8aab5c5943024031400fa063d/_data","Destination":"/var/lib/mysql","Driver":"local","Mode":"","RW":true,"Propagation":""}],"Config":{"Hostname":"cd5ecdf38df0","Domainname":"","User":"","AttachStdin":false,"AttachStdout":false,"AttachStderr":false,"ExposedPorts":{"3306/tcp":{},"33060/tcp":{}},"Tty":false,"OpenStdin":false,"StdinOnce":false,"Env":["MYSQL_DATABASE=adm_videos","MYSQL_PASSWORD=123456","MYSQL_ROOT_PASSWORD=123456","PATH=/usr/local/sbin:/usr/local/bin:/usr/sbin:/usr/bin:/sbin:/bin","GOSU_VERSION=1.16","MYSQL_MAJOR=8.0","MYSQL_VERSION=8.0.32-1.el8","MYSQL_SHELL_VERSION=8.0.32-1.el8"],"Cmd":["mysqld"],"Image":"mysql:latest","Volumes":{"/var/lib/mysql":{}},"WorkingDir":"","Entrypoint":["docker-entrypoint.sh"],"OnBuild":null,"Labels":{"org.testcontainers":"true","org.testcontainers.lang":"java","org.testcontainers.sessionId":"71b9672a-6f61-4546-a7b6-d603100b2e56","org.testcontainers.version":"1.17.6"}},"NetworkSettings":{"Bridge":"","SandboxID":"56762d63452c709eadac6b5c5f4b6cdd30da833580c632f91fd658806eaf4ddb","HairpinMode":false,"LinkLocalIPv6Address":"","LinkLocalIPv6PrefixLen":0,"Ports":{"3306/tcp":[{"HostIp":"0.0.0.0","HostPort":"63819"}],"33060/tcp":null},"SandboxKey":"/var/run/docker/netns/56762d63452c","SecondaryIPAddresses":null,"SecondaryIPv6Addresses":null,"EndpointID":"92fc2600684327987bceb8e2716a72ba2420fccd56812c1491af8c03946e105c","Gateway":"172.17.0.1","GlobalIPv6Address":"","GlobalIPv6PrefixLen":0,"IPAddress":"172.17.0.3","IPPrefixLen":16,"IPv6Gateway":"","MacAddress":"02:42:ac:11:00:03","Networks":{"bridge":{"IPAMConfig":null,"Links":null,"Aliases":null,"NetworkID":"308e234c143065751b16b4500cb9f48d5c7fc2116504b3d816a5e51cd4771062","EndpointID":"92fc2600684327987bceb8e2716a72ba2420fccd56812c1491af8c03946e105c","Gateway":"172.17.0.1","IPAddress":"172.17.0.3","IPPrefixLen":16,"IPv6Gateway":"","GlobalIPv6Address":"","GlobalIPv6PrefixLen":0,"MacAddress":"02:42:ac:11:00:03","DriverOpts":null}}}}[\n]"
01:14:46.008 [Test worker] DEBUG com.github.dockerjava.zerodep.shaded.org.apache.hc.client5.http.wire - http-outgoing-2 << "[\r][\n]"
01:14:46.009 [Test worker] DEBUG com.github.dockerjava.zerodep.shaded.org.apache.hc.client5.http.wire - http-outgoing-2 << "0[\r][\n]"
01:14:46.009 [Test worker] DEBUG com.github.dockerjava.zerodep.shaded.org.apache.hc.client5.http.wire - http-outgoing-2 << "[\r][\n]"
01:14:46.009 [Test worker] DEBUG com.github.dockerjava.zerodep.shaded.org.apache.hc.client5.http.impl.classic.InternalHttpClient - ep-0000001F: releasing valid endpoint
01:14:46.009 [Test worker] DEBUG com.github.dockerjava.zerodep.shaded.org.apache.hc.client5.http.impl.io.PoolingHttpClientConnectionManager - ep-0000001F: releasing endpoint
01:14:46.009 [Test worker] DEBUG com.github.dockerjava.zerodep.shaded.org.apache.hc.client5.http.impl.io.PoolingHttpClientConnectionManager - ep-0000001F: connection http-outgoing-2 can be kept alive for 3 MINUTES
01:14:46.009 [Test worker] DEBUG com.github.dockerjava.zerodep.shaded.org.apache.hc.client5.http.impl.io.PoolingHttpClientConnectionManager - ep-0000001F: connection released [route: {}->unix://localhost:2375][total available: 1; route allocated: 1 of 2147483647; total allocated: 1 of 2147483647]
01:14:46.010 [Test worker] DEBUG ]]>&#x1f433;<![CDATA[ [mysql:latest] - Trying to create JDBC connection using com.mysql.cj.jdbc.Driver to jdbc:mysql://localhost:63819/adm_videos?useSSL=false&allowPublicKeyRetrieval=true with properties: {password=123456, user=root}
01:14:46.113 [Test worker] DEBUG org.testcontainers.shaded.com.github.dockerjava.core.command.AbstrDockerCmd - Cmd: cd5ecdf38df06b4092e6cf67100cd20ad9c3cb4b6e9303874a7bd89885b140c9,false
01:14:46.114 [Test worker] DEBUG org.testcontainers.shaded.com.github.dockerjava.core.exec.InspectContainerCmdExec - GET: DefaultWebTarget{path=[/containers/cd5ecdf38df06b4092e6cf67100cd20ad9c3cb4b6e9303874a7bd89885b140c9/json], queryParams={}}
01:14:46.114 [Test worker] DEBUG com.github.dockerjava.zerodep.shaded.org.apache.hc.client5.http.impl.classic.InternalHttpClient - ex-00000021: preparing request execution
01:14:46.114 [Test worker] DEBUG com.github.dockerjava.zerodep.shaded.org.apache.hc.client5.http.protocol.RequestAddCookies - Cookie spec selected: strict
01:14:46.114 [Test worker] DEBUG com.github.dockerjava.zerodep.shaded.org.apache.hc.client5.http.protocol.RequestAuthCache - Auth cache not set in the context
01:14:46.114 [Test worker] DEBUG com.github.dockerjava.zerodep.shaded.org.apache.hc.client5.http.impl.classic.ProtocolExec - ex-00000021: target auth state: UNCHALLENGED
01:14:46.114 [Test worker] DEBUG com.github.dockerjava.zerodep.shaded.org.apache.hc.client5.http.impl.classic.ProtocolExec - ex-00000021: proxy auth state: UNCHALLENGED
01:14:46.114 [Test worker] DEBUG com.github.dockerjava.zerodep.shaded.org.apache.hc.client5.http.impl.classic.ConnectExec - ex-00000021: acquiring connection with route {}->unix://localhost:2375
01:14:46.114 [Test worker] DEBUG com.github.dockerjava.zerodep.shaded.org.apache.hc.client5.http.impl.classic.InternalHttpClient - ex-00000021: acquiring endpoint (3 MINUTES)
01:14:46.114 [Test worker] DEBUG com.github.dockerjava.zerodep.shaded.org.apache.hc.client5.http.impl.io.PoolingHttpClientConnectionManager - ex-00000021: endpoint lease request (3 MINUTES) [route: {}->unix://localhost:2375][total available: 1; route allocated: 1 of 2147483647; total allocated: 1 of 2147483647]
01:14:46.115 [Test worker] DEBUG com.github.dockerjava.zerodep.shaded.org.apache.hc.client5.http.impl.io.PoolingHttpClientConnectionManager - ex-00000021: endpoint leased [route: {}->unix://localhost:2375][total available: 0; route allocated: 1 of 2147483647; total allocated: 1 of 2147483647]
01:14:46.115 [Test worker] DEBUG com.github.dockerjava.zerodep.shaded.org.apache.hc.client5.http.impl.io.PoolingHttpClientConnectionManager - ex-00000021: acquired ep-00000020
01:14:46.115 [Test worker] DEBUG com.github.dockerjava.zerodep.shaded.org.apache.hc.client5.http.impl.classic.InternalHttpClient - ex-00000021: acquired endpoint ep-00000020
01:14:46.115 [Test worker] DEBUG com.github.dockerjava.zerodep.shaded.org.apache.hc.client5.http.impl.classic.MainClientExec - ex-00000021: executing GET /v1.32/containers/cd5ecdf38df06b4092e6cf67100cd20ad9c3cb4b6e9303874a7bd89885b140c9/json HTTP/1.1
01:14:46.115 [Test worker] DEBUG com.github.dockerjava.zerodep.shaded.org.apache.hc.client5.http.impl.classic.InternalHttpClient - ep-00000020: start execution ex-00000021
01:14:46.115 [Test worker] DEBUG com.github.dockerjava.zerodep.shaded.org.apache.hc.client5.http.impl.io.PoolingHttpClientConnectionManager - ep-00000020: executing exchange ex-00000021 over http-outgoing-2
01:14:46.115 [Test worker] DEBUG com.github.dockerjava.zerodep.shaded.org.apache.hc.client5.http.headers - http-outgoing-2 >> GET /v1.32/containers/cd5ecdf38df06b4092e6cf67100cd20ad9c3cb4b6e9303874a7bd89885b140c9/json HTTP/1.1
01:14:46.115 [Test worker] DEBUG com.github.dockerjava.zerodep.shaded.org.apache.hc.client5.http.headers - http-outgoing-2 >> accept: application/json
01:14:46.115 [Test worker] DEBUG com.github.dockerjava.zerodep.shaded.org.apache.hc.client5.http.headers - http-outgoing-2 >> x-tc-sid: 71b9672a-6f61-4546-a7b6-d603100b2e56
01:14:46.115 [Test worker] DEBUG com.github.dockerjava.zerodep.shaded.org.apache.hc.client5.http.headers - http-outgoing-2 >> Accept-Encoding: gzip, x-gzip, deflate
01:14:46.115 [Test worker] DEBUG com.github.dockerjava.zerodep.shaded.org.apache.hc.client5.http.headers - http-outgoing-2 >> Host: localhost:2375
01:14:46.115 [Test worker] DEBUG com.github.dockerjava.zerodep.shaded.org.apache.hc.client5.http.headers - http-outgoing-2 >> Connection: keep-alive
01:14:46.115 [Test worker] DEBUG com.github.dockerjava.zerodep.shaded.org.apache.hc.client5.http.headers - http-outgoing-2 >> User-Agent: Apache-HttpClient/5.0.3 (Java/17.0.2)
01:14:46.115 [Test worker] DEBUG com.github.dockerjava.zerodep.shaded.org.apache.hc.client5.http.wire - http-outgoing-2 >> "GET /v1.32/containers/cd5ecdf38df06b4092e6cf67100cd20ad9c3cb4b6e9303874a7bd89885b140c9/json HTTP/1.1[\r][\n]"
01:14:46.115 [Test worker] DEBUG com.github.dockerjava.zerodep.shaded.org.apache.hc.client5.http.wire - http-outgoing-2 >> "accept: application/json[\r][\n]"
01:14:46.115 [Test worker] DEBUG com.github.dockerjava.zerodep.shaded.org.apache.hc.client5.http.wire - http-outgoing-2 >> "x-tc-sid: 71b9672a-6f61-4546-a7b6-d603100b2e56[\r][\n]"
01:14:46.115 [Test worker] DEBUG com.github.dockerjava.zerodep.shaded.org.apache.hc.client5.http.wire - http-outgoing-2 >> "Accept-Encoding: gzip, x-gzip, deflate[\r][\n]"
01:14:46.115 [Test worker] DEBUG com.github.dockerjava.zerodep.shaded.org.apache.hc.client5.http.wire - http-outgoing-2 >> "Host: localhost:2375[\r][\n]"
01:14:46.115 [Test worker] DEBUG com.github.dockerjava.zerodep.shaded.org.apache.hc.client5.http.wire - http-outgoing-2 >> "Connection: keep-alive[\r][\n]"
01:14:46.115 [Test worker] DEBUG com.github.dockerjava.zerodep.shaded.org.apache.hc.client5.http.wire - http-outgoing-2 >> "User-Agent: Apache-HttpClient/5.0.3 (Java/17.0.2)[\r][\n]"
01:14:46.115 [Test worker] DEBUG com.github.dockerjava.zerodep.shaded.org.apache.hc.client5.http.wire - http-outgoing-2 >> "[\r][\n]"
01:14:46.117 [Test worker] DEBUG com.github.dockerjava.zerodep.shaded.org.apache.hc.client5.http.wire - http-outgoing-2 << "HTTP/1.1 200 OK[\r][\n]"
01:14:46.117 [Test worker] DEBUG com.github.dockerjava.zerodep.shaded.org.apache.hc.client5.http.wire - http-outgoing-2 << "Api-Version: 1.41[\r][\n]"
01:14:46.117 [Test worker] DEBUG com.github.dockerjava.zerodep.shaded.org.apache.hc.client5.http.wire - http-outgoing-2 << "Content-Type: application/json[\r][\n]"
01:14:46.117 [Test worker] DEBUG com.github.dockerjava.zerodep.shaded.org.apache.hc.client5.http.wire - http-outgoing-2 << "Date: Tue, 28 Mar 2023 04:14:46 GMT[\r][\n]"
01:14:46.117 [Test worker] DEBUG com.github.dockerjava.zerodep.shaded.org.apache.hc.client5.http.wire - http-outgoing-2 << "Docker-Experimental: false[\r][\n]"
01:14:46.117 [Test worker] DEBUG com.github.dockerjava.zerodep.shaded.org.apache.hc.client5.http.wire - http-outgoing-2 << "Ostype: linux[\r][\n]"
01:14:46.117 [Test worker] DEBUG com.github.dockerjava.zerodep.shaded.org.apache.hc.client5.http.wire - http-outgoing-2 << "Server: Docker/20.10.21 (linux)[\r][\n]"
01:14:46.117 [Test worker] DEBUG com.github.dockerjava.zerodep.shaded.org.apache.hc.client5.http.wire - http-outgoing-2 << "Transfer-Encoding: chunked[\r][\n]"
01:14:46.117 [Test worker] DEBUG com.github.dockerjava.zerodep.shaded.org.apache.hc.client5.http.wire - http-outgoing-2 << "[\r][\n]"
01:14:46.117 [Test worker] DEBUG com.github.dockerjava.zerodep.shaded.org.apache.hc.client5.http.headers - http-outgoing-2 << HTTP/1.1 200 OK
01:14:46.117 [Test worker] DEBUG com.github.dockerjava.zerodep.shaded.org.apache.hc.client5.http.headers - http-outgoing-2 << Api-Version: 1.41
01:14:46.117 [Test worker] DEBUG com.github.dockerjava.zerodep.shaded.org.apache.hc.client5.http.headers - http-outgoing-2 << Content-Type: application/json
01:14:46.117 [Test worker] DEBUG com.github.dockerjava.zerodep.shaded.org.apache.hc.client5.http.headers - http-outgoing-2 << Date: Tue, 28 Mar 2023 04:14:46 GMT
01:14:46.117 [Test worker] DEBUG com.github.dockerjava.zerodep.shaded.org.apache.hc.client5.http.headers - http-outgoing-2 << Docker-Experimental: false
01:14:46.117 [Test worker] DEBUG com.github.dockerjava.zerodep.shaded.org.apache.hc.client5.http.headers - http-outgoing-2 << Ostype: linux
01:14:46.117 [Test worker] DEBUG com.github.dockerjava.zerodep.shaded.org.apache.hc.client5.http.headers - http-outgoing-2 << Server: Docker/20.10.21 (linux)
01:14:46.117 [Test worker] DEBUG com.github.dockerjava.zerodep.shaded.org.apache.hc.client5.http.headers - http-outgoing-2 << Transfer-Encoding: chunked
01:14:46.117 [Test worker] DEBUG com.github.dockerjava.zerodep.shaded.org.apache.hc.client5.http.impl.classic.MainClientExec - ex-00000021: connection can be kept alive for 3 MINUTES
01:14:46.118 [Test worker] DEBUG com.github.dockerjava.zerodep.shaded.org.apache.hc.client5.http.wire - http-outgoing-2 << "18c1[\r][\n]"
01:14:46.119 [Test worker] DEBUG com.github.dockerjava.zerodep.shaded.org.apache.hc.client5.http.wire - http-outgoing-2 << "{"Id":"cd5ecdf38df06b4092e6cf67100cd20ad9c3cb4b6e9303874a7bd89885b140c9","Created":"2023-03-28T04:14:43.179040379Z","Path":"docker-entrypoint.sh","Args":["mysqld"],"State":{"Status":"running","Running":true,"Paused":false,"Restarting":false,"OOMKilled":false,"Dead":false,"Pid":20152,"ExitCode":0,"Error":"","StartedAt":"2023-03-28T04:14:43.680338005Z","FinishedAt":"0001-01-01T00:00:00Z"},"Image":"sha256:c7c54c29e20dccc1aefb936c8eba8bb8b98b87a4921102aba87fde2df5810af9","ResolvConfPath":"/var/lib/docker/containers/cd5ecdf38df06b4092e6cf67100cd20ad9c3cb4b6e9303874a7bd89885b140c9/resolv.conf","HostnamePath":"/var/lib/docker/containers/cd5ecdf38df06b4092e6cf67100cd20ad9c3cb4b6e9303874a7bd89885b140c9/hostname","HostsPath":"/var/lib/docker/containers/cd5ecdf38df06b4092e6cf67100cd20ad9c3cb4b6e9303874a7bd89885b140c9/hosts","LogPath":"/var/lib/docker/containers/cd5ecdf38df06b4092e6cf67100cd20ad9c3cb4b6e9303874a7bd89885b140c9/cd5ecdf38df06b4092e6cf67100cd20ad9c3cb4b6e9303874a7bd89885b140c9-json.log","Name":"/keen_matsumoto","RestartCount":0,"Driver":"overlay2","Platform":"linux","MountLabel":"","ProcessLabel":"","AppArmorProfile":"","ExecIDs":null,"HostConfig":{"Binds":[],"ContainerIDFile":"","LogConfig":{"Type":"json-file","Config":{}},"NetworkMode":"default","PortBindings":{"3306/tcp":[{"HostIp":"0.0.0.0","HostPort":"0"}]},"RestartPolicy":{"Name":"","MaximumRetryCount":0},"AutoRemove":false,"VolumeDriver":"","VolumesFrom":[],"CapAdd":null,"CapDrop":null,"CgroupnsMode":"private","Dns":null,"DnsOptions":null,"DnsSearch":null,"ExtraHosts":[],"GroupAdd":null,"IpcMode":"shareable","Cgroup":"","Links":null,"OomScoreAdj":0,"PidMode":"","Privileged":false,"PublishAllPorts":false,"ReadonlyRootfs":false,"SecurityOpt":null,"UTSMode":"","UsernsMode":"","ShmSize":67108864,"Runtime":"runc","ConsoleSize":[0,0],"Isolation":"","CpuShares":0,"Memory":0,"NanoCpus":0,"CgroupParent":"","BlkioWeight":0,"BlkioWeightDevice":null,"BlkioDeviceReadBps":null,"BlkioDeviceWriteBps":null,"BlkioDeviceReadIOps":null,"BlkioDeviceWriteIOps":null,"CpuPeriod":0,"CpuQuota":0,"CpuRealtimePeriod":0,"CpuRealtimeRuntime":0,"CpusetCpus":"","CpusetMems":"","Devices":null,"DeviceCgroupRules":null,"DeviceRequests":null,"KernelMemory":0,"KernelMemoryTCP":0,"MemoryReservation":0,"MemorySwap":0,"MemorySwappiness":null,"OomKillDisable":null,"PidsLimit":null,"Ulimits":null,"CpuCount":0,"CpuPercent":0,"IOMaximumIOps":0,"IOMaximumBandwidth":0,"MaskedPaths":["/proc/asound","/proc/acpi","/proc/kcore","/proc/keys","/proc/latency_stats","/proc/timer_list","/proc/timer_stats","/proc/sched_debug","/proc/scsi","/sys/firmware"],"ReadonlyPaths":["/proc/bus","/proc/fs","/proc/irq","/proc/sys","/proc/sysrq-trigger"]},"GraphDriver":{"Data":{"LowerDir":"/var/lib/docker/overlay2/830e690ec83ecff869b59e4f673c0c63b2bc5c068e9f710933e6f61763699fd2-init/diff:/var/lib/docker/overlay2/1bd8849d7a296305617011f940aa5cfabbe972a513397b1b6bbc27639b6c1f30/diff:/var/lib/docker/overlay2/199d69b2fbf78af4d4c95dec4fd2f8835ab0347eb49fb20ebb2ff3b99fedd6ad/diff:/var/lib/docker/overlay2/d83c38d654989311f75b9491329846033bfb7714de76ef635380dcfad5c740d9/diff:/var/lib/docker/overlay2/08600d0aea2ab2728bebcf5d2589c640a842f53d1ba3c4a4adccb4d03b923cf6/diff:/var/lib/docker/overlay2/9ec7c63a3fb14d13ac788bbf5e282ca821edc41260b79944e5e631037d13ecda/diff:/var/lib/docker/overlay2/db601d7a1b4ea6da638db620462f0da96fa55c559d02269c9ddb09027936ed87/diff:/var/lib/docker/overlay2/a6d2bd03f942e2565f21e74cfe152c7ec836a1c2b583f0790c685b92bdcfda24/diff:/var/lib/docker/overlay2/9badd16ea2c5e2bf1fde8b579683e41137dfc46ed5449234149f199a6751cc84/diff:/var/lib/docker/overlay2/6efb85646ed12e2d1181ef4cc6f6f6732c00c15a4035fe17ebc4f075ca573c30/diff:/var/lib/docker/overlay2/895d7c0ec09144d6ed33936f4e98e11c18010f7abd708cae1ce43aec7a7f2621/diff:/var/lib/docker/overlay2/1c4ba77aa573ab6e5e5069fd15eae71b3da940bde0f97a922a227ffc8a1d1096/diff","MergedDir":"/var/lib/docker/overlay2/830e690ec83ecff869b59e4f673c0c63b2bc5c068e9f710933e6f61763699fd2/merged","UpperDir":"/var/lib/docker/overlay2/830e690ec83ecff869b59e4f673c0c63b2bc5c068e9f710933e6f61763699fd2/diff","WorkDir":"/var/lib/docker/overlay2/830e690ec83ecff869b59e4f673c0c63b2bc5c068e9f710933e6f61763699fd2/work"},"Name":"overlay2"},"Mounts":[{"Type":"volume","Name":"25868b8cea8ad6eba7f00a6fe83e8848def5cff8aab5c5943024031400fa063d","Source":"/var/lib/docker/volumes/25868b8cea8ad6eba7f00a6fe83e8848def5cff8aab5c5943024031400fa063d/_data","Destination":"/var/lib/mysql","Driver":"local","Mode":"","RW":true,"Propagation":""}],"Config":{"Hostname":"cd5ecdf38df0","Domainname":"","User":"","AttachStdin":false,"AttachStdout":false,"AttachStderr":false,"ExposedPorts":{"3306/tcp":{},"33060/tcp":{}},"Tty":false,"OpenStdin":false,"StdinOnce":false,"Env":["MYSQL_DATABASE=adm_videos","MYSQL_PASSWORD=123456","MYSQL_ROOT_PASSWORD=123456","PATH=/usr/local/sbin:/usr/local/bin:/usr/sbin:/usr/bin:/sbin:/bin","GOSU_VERSION=1.16","MYSQL_MAJOR=8.0","MYSQL_VERSION=8.0.32-1.el8","MYSQL_SHELL_VERSION=8.0.32-1.el8"],"Cmd":["mysqld"],"Image":"mysql:latest","Volumes":{"/var/lib/mysql":{}},"WorkingDir":"","Entrypoint":["docker-entrypoint.sh"],"OnBuild":null,"Labels":{"org.testcontainers":"true","org.testcontainers.lang":"java","org.testcontainers.sessionId":"71b9672a-6f61-4546-a7b6-d603100b2e56","org.testcontainers.version":"1.17.6"}},"NetworkSettings":{"Bridge":"","SandboxID":"56762d63452c709eadac6b5c5f4b6cdd30da833580c632f91fd658806eaf4ddb","HairpinMode":false,"LinkLocalIPv6Address":"","LinkLocalIPv6PrefixLen":0,"Ports":{"3306/tcp":[{"HostIp":"0.0.0.0","HostPort":"63819"}],"33060/tcp":null},"SandboxKey":"/var/run/docker/netns/56762d63452c","SecondaryIPAddresses":null,"SecondaryIPv6Addresses":null,"EndpointID":"92fc2600684327987bceb8e2716a72ba2420fccd56812c1491af8c03946e105c","Gateway":"172.17.0.1","GlobalIPv6Address":"","GlobalIPv6PrefixLen":0,"IPAddress":"172.17.0.3","IPPrefixLen":16,"IPv6Gateway":"","MacAddress":"02:42:ac:11:00:03","Networks":{"bridge":{"IPAMConfig":null,"Links":null,"Aliases":null,"NetworkID":"308e234c143065751b16b4500cb9f48d5c7fc2116504b3d816a5e51cd4771062","EndpointID":"92fc2600684327987bceb8e2716a72ba2420fccd56812c1491af8c03946e105c","Gateway":"172.17.0.1","IPAddress":"172.17.0.3","IPPrefixLen":16,"IPv6Gateway":"","GlobalIPv6Address":"","GlobalIPv6PrefixLen":0,"MacAddress":"02:42:ac:11:00:03","DriverOpts":null}}}}[\n]"
01:14:46.119 [Test worker] DEBUG com.github.dockerjava.zerodep.shaded.org.apache.hc.client5.http.wire - http-outgoing-2 << "[\r][\n]"
01:14:46.119 [Test worker] DEBUG com.github.dockerjava.zerodep.shaded.org.apache.hc.client5.http.wire - http-outgoing-2 << "0[\r][\n]"
01:14:46.119 [Test worker] DEBUG com.github.dockerjava.zerodep.shaded.org.apache.hc.client5.http.wire - http-outgoing-2 << "[\r][\n]"
01:14:46.119 [Test worker] DEBUG com.github.dockerjava.zerodep.shaded.org.apache.hc.client5.http.impl.classic.InternalHttpClient - ep-00000020: releasing valid endpoint
01:14:46.119 [Test worker] DEBUG com.github.dockerjava.zerodep.shaded.org.apache.hc.client5.http.impl.io.PoolingHttpClientConnectionManager - ep-00000020: releasing endpoint
01:14:46.120 [Test worker] DEBUG com.github.dockerjava.zerodep.shaded.org.apache.hc.client5.http.impl.io.PoolingHttpClientConnectionManager - ep-00000020: connection http-outgoing-2 can be kept alive for 3 MINUTES
01:14:46.120 [Test worker] DEBUG com.github.dockerjava.zerodep.shaded.org.apache.hc.client5.http.impl.io.PoolingHttpClientConnectionManager - ep-00000020: connection released [route: {}->unix://localhost:2375][total available: 1; route allocated: 1 of 2147483647; total allocated: 1 of 2147483647]
01:14:46.120 [Test worker] DEBUG ]]>&#x1f433;<![CDATA[ [mysql:latest] - Trying to create JDBC connection using com.mysql.cj.jdbc.Driver to jdbc:mysql://localhost:63819/adm_videos?useSSL=false&allowPublicKeyRetrieval=true with properties: {password=123456, user=root}
01:14:46.222 [Test worker] DEBUG org.testcontainers.shaded.com.github.dockerjava.core.command.AbstrDockerCmd - Cmd: cd5ecdf38df06b4092e6cf67100cd20ad9c3cb4b6e9303874a7bd89885b140c9,false
01:14:46.223 [Test worker] DEBUG org.testcontainers.shaded.com.github.dockerjava.core.exec.InspectContainerCmdExec - GET: DefaultWebTarget{path=[/containers/cd5ecdf38df06b4092e6cf67100cd20ad9c3cb4b6e9303874a7bd89885b140c9/json], queryParams={}}
01:14:46.223 [Test worker] DEBUG com.github.dockerjava.zerodep.shaded.org.apache.hc.client5.http.impl.classic.InternalHttpClient - ex-00000022: preparing request execution
01:14:46.224 [Test worker] DEBUG com.github.dockerjava.zerodep.shaded.org.apache.hc.client5.http.protocol.RequestAddCookies - Cookie spec selected: strict
01:14:46.224 [Test worker] DEBUG com.github.dockerjava.zerodep.shaded.org.apache.hc.client5.http.protocol.RequestAuthCache - Auth cache not set in the context
01:14:46.224 [Test worker] DEBUG com.github.dockerjava.zerodep.shaded.org.apache.hc.client5.http.impl.classic.ProtocolExec - ex-00000022: target auth state: UNCHALLENGED
01:14:46.224 [Test worker] DEBUG com.github.dockerjava.zerodep.shaded.org.apache.hc.client5.http.impl.classic.ProtocolExec - ex-00000022: proxy auth state: UNCHALLENGED
01:14:46.224 [Test worker] DEBUG com.github.dockerjava.zerodep.shaded.org.apache.hc.client5.http.impl.classic.ConnectExec - ex-00000022: acquiring connection with route {}->unix://localhost:2375
01:14:46.224 [Test worker] DEBUG com.github.dockerjava.zerodep.shaded.org.apache.hc.client5.http.impl.classic.InternalHttpClient - ex-00000022: acquiring endpoint (3 MINUTES)
01:14:46.224 [Test worker] DEBUG com.github.dockerjava.zerodep.shaded.org.apache.hc.client5.http.impl.io.PoolingHttpClientConnectionManager - ex-00000022: endpoint lease request (3 MINUTES) [route: {}->unix://localhost:2375][total available: 1; route allocated: 1 of 2147483647; total allocated: 1 of 2147483647]
01:14:46.224 [Test worker] DEBUG com.github.dockerjava.zerodep.shaded.org.apache.hc.client5.http.impl.io.PoolingHttpClientConnectionManager - ex-00000022: endpoint leased [route: {}->unix://localhost:2375][total available: 0; route allocated: 1 of 2147483647; total allocated: 1 of 2147483647]
01:14:46.224 [Test worker] DEBUG com.github.dockerjava.zerodep.shaded.org.apache.hc.client5.http.impl.io.PoolingHttpClientConnectionManager - ex-00000022: acquired ep-00000021
01:14:46.224 [Test worker] DEBUG com.github.dockerjava.zerodep.shaded.org.apache.hc.client5.http.impl.classic.InternalHttpClient - ex-00000022: acquired endpoint ep-00000021
01:14:46.224 [Test worker] DEBUG com.github.dockerjava.zerodep.shaded.org.apache.hc.client5.http.impl.classic.MainClientExec - ex-00000022: executing GET /v1.32/containers/cd5ecdf38df06b4092e6cf67100cd20ad9c3cb4b6e9303874a7bd89885b140c9/json HTTP/1.1
01:14:46.224 [Test worker] DEBUG com.github.dockerjava.zerodep.shaded.org.apache.hc.client5.http.impl.classic.InternalHttpClient - ep-00000021: start execution ex-00000022
01:14:46.224 [Test worker] DEBUG com.github.dockerjava.zerodep.shaded.org.apache.hc.client5.http.impl.io.PoolingHttpClientConnectionManager - ep-00000021: executing exchange ex-00000022 over http-outgoing-2
01:14:46.224 [Test worker] DEBUG com.github.dockerjava.zerodep.shaded.org.apache.hc.client5.http.headers - http-outgoing-2 >> GET /v1.32/containers/cd5ecdf38df06b4092e6cf67100cd20ad9c3cb4b6e9303874a7bd89885b140c9/json HTTP/1.1
01:14:46.224 [Test worker] DEBUG com.github.dockerjava.zerodep.shaded.org.apache.hc.client5.http.headers - http-outgoing-2 >> accept: application/json
01:14:46.224 [Test worker] DEBUG com.github.dockerjava.zerodep.shaded.org.apache.hc.client5.http.headers - http-outgoing-2 >> x-tc-sid: 71b9672a-6f61-4546-a7b6-d603100b2e56
01:14:46.224 [Test worker] DEBUG com.github.dockerjava.zerodep.shaded.org.apache.hc.client5.http.headers - http-outgoing-2 >> Accept-Encoding: gzip, x-gzip, deflate
01:14:46.224 [Test worker] DEBUG com.github.dockerjava.zerodep.shaded.org.apache.hc.client5.http.headers - http-outgoing-2 >> Host: localhost:2375
01:14:46.224 [Test worker] DEBUG com.github.dockerjava.zerodep.shaded.org.apache.hc.client5.http.headers - http-outgoing-2 >> Connection: keep-alive
01:14:46.224 [Test worker] DEBUG com.github.dockerjava.zerodep.shaded.org.apache.hc.client5.http.headers - http-outgoing-2 >> User-Agent: Apache-HttpClient/5.0.3 (Java/17.0.2)
01:14:46.224 [Test worker] DEBUG com.github.dockerjava.zerodep.shaded.org.apache.hc.client5.http.wire - http-outgoing-2 >> "GET /v1.32/containers/cd5ecdf38df06b4092e6cf67100cd20ad9c3cb4b6e9303874a7bd89885b140c9/json HTTP/1.1[\r][\n]"
01:14:46.224 [Test worker] DEBUG com.github.dockerjava.zerodep.shaded.org.apache.hc.client5.http.wire - http-outgoing-2 >> "accept: application/json[\r][\n]"
01:14:46.224 [Test worker] DEBUG com.github.dockerjava.zerodep.shaded.org.apache.hc.client5.http.wire - http-outgoing-2 >> "x-tc-sid: 71b9672a-6f61-4546-a7b6-d603100b2e56[\r][\n]"
01:14:46.224 [Test worker] DEBUG com.github.dockerjava.zerodep.shaded.org.apache.hc.client5.http.wire - http-outgoing-2 >> "Accept-Encoding: gzip, x-gzip, deflate[\r][\n]"
01:14:46.224 [Test worker] DEBUG com.github.dockerjava.zerodep.shaded.org.apache.hc.client5.http.wire - http-outgoing-2 >> "Host: localhost:2375[\r][\n]"
01:14:46.224 [Test worker] DEBUG com.github.dockerjava.zerodep.shaded.org.apache.hc.client5.http.wire - http-outgoing-2 >> "Connection: keep-alive[\r][\n]"
01:14:46.224 [Test worker] DEBUG com.github.dockerjava.zerodep.shaded.org.apache.hc.client5.http.wire - http-outgoing-2 >> "User-Agent: Apache-HttpClient/5.0.3 (Java/17.0.2)[\r][\n]"
01:14:46.224 [Test worker] DEBUG com.github.dockerjava.zerodep.shaded.org.apache.hc.client5.http.wire - http-outgoing-2 >> "[\r][\n]"
01:14:46.227 [Test worker] DEBUG com.github.dockerjava.zerodep.shaded.org.apache.hc.client5.http.wire - http-outgoing-2 << "HTTP/1.1 200 OK[\r][\n]"
01:14:46.227 [Test worker] DEBUG com.github.dockerjava.zerodep.shaded.org.apache.hc.client5.http.wire - http-outgoing-2 << "Api-Version: 1.41[\r][\n]"
01:14:46.227 [Test worker] DEBUG com.github.dockerjava.zerodep.shaded.org.apache.hc.client5.http.wire - http-outgoing-2 << "Content-Type: application/json[\r][\n]"
01:14:46.227 [Test worker] DEBUG com.github.dockerjava.zerodep.shaded.org.apache.hc.client5.http.wire - http-outgoing-2 << "Date: Tue, 28 Mar 2023 04:14:46 GMT[\r][\n]"
01:14:46.227 [Test worker] DEBUG com.github.dockerjava.zerodep.shaded.org.apache.hc.client5.http.wire - http-outgoing-2 << "Docker-Experimental: false[\r][\n]"
01:14:46.227 [Test worker] DEBUG com.github.dockerjava.zerodep.shaded.org.apache.hc.client5.http.wire - http-outgoing-2 << "Ostype: linux[\r][\n]"
01:14:46.227 [Test worker] DEBUG com.github.dockerjava.zerodep.shaded.org.apache.hc.client5.http.wire - http-outgoing-2 << "Server: Docker/20.10.21 (linux)[\r][\n]"
01:14:46.227 [Test worker] DEBUG com.github.dockerjava.zerodep.shaded.org.apache.hc.client5.http.wire - http-outgoing-2 << "Transfer-Encoding: chunked[\r][\n]"
01:14:46.227 [Test worker] DEBUG com.github.dockerjava.zerodep.shaded.org.apache.hc.client5.http.wire - http-outgoing-2 << "[\r][\n]"
01:14:46.227 [Test worker] DEBUG com.github.dockerjava.zerodep.shaded.org.apache.hc.client5.http.headers - http-outgoing-2 << HTTP/1.1 200 OK
01:14:46.227 [Test worker] DEBUG com.github.dockerjava.zerodep.shaded.org.apache.hc.client5.http.headers - http-outgoing-2 << Api-Version: 1.41
01:14:46.227 [Test worker] DEBUG com.github.dockerjava.zerodep.shaded.org.apache.hc.client5.http.headers - http-outgoing-2 << Content-Type: application/json
01:14:46.227 [Test worker] DEBUG com.github.dockerjava.zerodep.shaded.org.apache.hc.client5.http.headers - http-outgoing-2 << Date: Tue, 28 Mar 2023 04:14:46 GMT
01:14:46.227 [Test worker] DEBUG com.github.dockerjava.zerodep.shaded.org.apache.hc.client5.http.headers - http-outgoing-2 << Docker-Experimental: false
01:14:46.227 [Test worker] DEBUG com.github.dockerjava.zerodep.shaded.org.apache.hc.client5.http.headers - http-outgoing-2 << Ostype: linux
01:14:46.227 [Test worker] DEBUG com.github.dockerjava.zerodep.shaded.org.apache.hc.client5.http.headers - http-outgoing-2 << Server: Docker/20.10.21 (linux)
01:14:46.227 [Test worker] DEBUG com.github.dockerjava.zerodep.shaded.org.apache.hc.client5.http.headers - http-outgoing-2 << Transfer-Encoding: chunked
01:14:46.227 [Test worker] DEBUG com.github.dockerjava.zerodep.shaded.org.apache.hc.client5.http.impl.classic.MainClientExec - ex-00000022: connection can be kept alive for 3 MINUTES
01:14:46.229 [Test worker] DEBUG com.github.dockerjava.zerodep.shaded.org.apache.hc.client5.http.wire - http-outgoing-2 << "18c1[\r][\n]"
01:14:46.229 [Test worker] DEBUG com.github.dockerjava.zerodep.shaded.org.apache.hc.client5.http.wire - http-outgoing-2 << "{"Id":"cd5ecdf38df06b4092e6cf67100cd20ad9c3cb4b6e9303874a7bd89885b140c9","Created":"2023-03-28T04:14:43.179040379Z","Path":"docker-entrypoint.sh","Args":["mysqld"],"State":{"Status":"running","Running":true,"Paused":false,"Restarting":false,"OOMKilled":false,"Dead":false,"Pid":20152,"ExitCode":0,"Error":"","StartedAt":"2023-03-28T04:14:43.680338005Z","FinishedAt":"0001-01-01T00:00:00Z"},"Image":"sha256:c7c54c29e20dccc1aefb936c8eba8bb8b98b87a4921102aba87fde2df5810af9","ResolvConfPath":"/var/lib/docker/containers/cd5ecdf38df06b4092e6cf67100cd20ad9c3cb4b6e9303874a7bd89885b140c9/resolv.conf","HostnamePath":"/var/lib/docker/containers/cd5ecdf38df06b4092e6cf67100cd20ad9c3cb4b6e9303874a7bd89885b140c9/hostname","HostsPath":"/var/lib/docker/containers/cd5ecdf38df06b4092e6cf67100cd20ad9c3cb4b6e9303874a7bd89885b140c9/hosts","LogPath":"/var/lib/docker/containers/cd5ecdf38df06b4092e6cf67100cd20ad9c3cb4b6e9303874a7bd89885b140c9/cd5ecdf38df06b4092e6cf67100cd20ad9c3cb4b6e9303874a7bd89885b140c9-json.log","Name":"/keen_matsumoto","RestartCount":0,"Driver":"overlay2","Platform":"linux","MountLabel":"","ProcessLabel":"","AppArmorProfile":"","ExecIDs":null,"HostConfig":{"Binds":[],"ContainerIDFile":"","LogConfig":{"Type":"json-file","Config":{}},"NetworkMode":"default","PortBindings":{"3306/tcp":[{"HostIp":"0.0.0.0","HostPort":"0"}]},"RestartPolicy":{"Name":"","MaximumRetryCount":0},"AutoRemove":false,"VolumeDriver":"","VolumesFrom":[],"CapAdd":null,"CapDrop":null,"CgroupnsMode":"private","Dns":null,"DnsOptions":null,"DnsSearch":null,"ExtraHosts":[],"GroupAdd":null,"IpcMode":"shareable","Cgroup":"","Links":null,"OomScoreAdj":0,"PidMode":"","Privileged":false,"PublishAllPorts":false,"ReadonlyRootfs":false,"SecurityOpt":null,"UTSMode":"","UsernsMode":"","ShmSize":67108864,"Runtime":"runc","ConsoleSize":[0,0],"Isolation":"","CpuShares":0,"Memory":0,"NanoCpus":0,"CgroupParent":"","BlkioWeight":0,"BlkioWeightDevice":null,"BlkioDeviceReadBps":null,"BlkioDeviceWriteBps":null,"BlkioDeviceReadIOps":null,"BlkioDeviceWriteIOps":null,"CpuPeriod":0,"CpuQuota":0,"CpuRealtimePeriod":0,"CpuRealtimeRuntime":0,"CpusetCpus":"","CpusetMems":"","Devices":null,"DeviceCgroupRules":null,"DeviceRequests":null,"KernelMemory":0,"KernelMemoryTCP":0,"MemoryReservation":0,"MemorySwap":0,"MemorySwappiness":null,"OomKillDisable":null,"PidsLimit":null,"Ulimits":null,"CpuCount":0,"CpuPercent":0,"IOMaximumIOps":0,"IOMaximumBandwidth":0,"MaskedPaths":["/proc/asound","/proc/acpi","/proc/kcore","/proc/keys","/proc/latency_stats","/proc/timer_list","/proc/timer_stats","/proc/sched_debug","/proc/scsi","/sys/firmware"],"ReadonlyPaths":["/proc/bus","/proc/fs","/proc/irq","/proc/sys","/proc/sysrq-trigger"]},"GraphDriver":{"Data":{"LowerDir":"/var/lib/docker/overlay2/830e690ec83ecff869b59e4f673c0c63b2bc5c068e9f710933e6f61763699fd2-init/diff:/var/lib/docker/overlay2/1bd8849d7a296305617011f940aa5cfabbe972a513397b1b6bbc27639b6c1f30/diff:/var/lib/docker/overlay2/199d69b2fbf78af4d4c95dec4fd2f8835ab0347eb49fb20ebb2ff3b99fedd6ad/diff:/var/lib/docker/overlay2/d83c38d654989311f75b9491329846033bfb7714de76ef635380dcfad5c740d9/diff:/var/lib/docker/overlay2/08600d0aea2ab2728bebcf5d2589c640a842f53d1ba3c4a4adccb4d03b923cf6/diff:/var/lib/docker/overlay2/9ec7c63a3fb14d13ac788bbf5e282ca821edc41260b79944e5e631037d13ecda/diff:/var/lib/docker/overlay2/db601d7a1b4ea6da638db620462f0da96fa55c559d02269c9ddb09027936ed87/diff:/var/lib/docker/overlay2/a6d2bd03f942e2565f21e74cfe152c7ec836a1c2b583f0790c685b92bdcfda24/diff:/var/lib/docker/overlay2/9badd16ea2c5e2bf1fde8b579683e41137dfc46ed5449234149f199a6751cc84/diff:/var/lib/docker/overlay2/6efb85646ed12e2d1181ef4cc6f6f6732c00c15a4035fe17ebc4f075ca573c30/diff:/var/lib/docker/overlay2/895d7c0ec09144d6ed33936f4e98e11c18010f7abd708cae1ce43aec7a7f2621/diff:/var/lib/docker/overlay2/1c4ba77aa573ab6e5e5069fd15eae71b3da940bde0f97a922a227ffc8a1d1096/diff","MergedDir":"/var/lib/docker/overlay2/830e690ec83ecff869b59e4f673c0c63b2bc5c068e9f710933e6f61763699fd2/merged","UpperDir":"/var/lib/docker/overlay2/830e690ec83ecff869b59e4f673c0c63b2bc5c068e9f710933e6f61763699fd2/diff","WorkDir":"/var/lib/docker/overlay2/830e690ec83ecff869b59e4f673c0c63b2bc5c068e9f710933e6f61763699fd2/work"},"Name":"overlay2"},"Mounts":[{"Type":"volume","Name":"25868b8cea8ad6eba7f00a6fe83e8848def5cff8aab5c5943024031400fa063d","Source":"/var/lib/docker/volumes/25868b8cea8ad6eba7f00a6fe83e8848def5cff8aab5c5943024031400fa063d/_data","Destination":"/var/lib/mysql","Driver":"local","Mode":"","RW":true,"Propagation":""}],"Config":{"Hostname":"cd5ecdf38df0","Domainname":"","User":"","AttachStdin":false,"AttachStdout":false,"AttachStderr":false,"ExposedPorts":{"3306/tcp":{},"33060/tcp":{}},"Tty":false,"OpenStdin":false,"StdinOnce":false,"Env":["MYSQL_DATABASE=adm_videos","MYSQL_PASSWORD=123456","MYSQL_ROOT_PASSWORD=123456","PATH=/usr/local/sbin:/usr/local/bin:/usr/sbin:/usr/bin:/sbin:/bin","GOSU_VERSION=1.16","MYSQL_MAJOR=8.0","MYSQL_VERSION=8.0.32-1.el8","MYSQL_SHELL_VERSION=8.0.32-1.el8"],"Cmd":["mysqld"],"Image":"mysql:latest","Volumes":{"/var/lib/mysql":{}},"WorkingDir":"","Entrypoint":["docker-entrypoint.sh"],"OnBuild":null,"Labels":{"org.testcontainers":"true","org.testcontainers.lang":"java","org.testcontainers.sessionId":"71b9672a-6f61-4546-a7b6-d603100b2e56","org.testcontainers.version":"1.17.6"}},"NetworkSettings":{"Bridge":"","SandboxID":"56762d63452c709eadac6b5c5f4b6cdd30da833580c632f91fd658806eaf4ddb","HairpinMode":false,"LinkLocalIPv6Address":"","LinkLocalIPv6PrefixLen":0,"Ports":{"3306/tcp":[{"HostIp":"0.0.0.0","HostPort":"63819"}],"33060/tcp":null},"SandboxKey":"/var/run/docker/netns/56762d63452c","SecondaryIPAddresses":null,"SecondaryIPv6Addresses":null,"EndpointID":"92fc2600684327987bceb8e2716a72ba2420fccd56812c1491af8c03946e105c","Gateway":"172.17.0.1","GlobalIPv6Address":"","GlobalIPv6PrefixLen":0,"IPAddress":"172.17.0.3","IPPrefixLen":16,"IPv6Gateway":"","MacAddress":"02:42:ac:11:00:03","Networks":{"bridge":{"IPAMConfig":null,"Links":null,"Aliases":null,"NetworkID":"308e234c143065751b16b4500cb9f48d5c7fc2116504b3d816a5e51cd4771062","EndpointID":"92fc2600684327987bceb8e2716a72ba2420fccd56812c1491af8c03946e105c","Gateway":"172.17.0.1","IPAddress":"172.17.0.3","IPPrefixLen":16,"IPv6Gateway":"","GlobalIPv6Address":"","GlobalIPv6PrefixLen":0,"MacAddress":"02:42:ac:11:00:03","DriverOpts":null}}}}[\n]"
01:14:46.229 [Test worker] DEBUG com.github.dockerjava.zerodep.shaded.org.apache.hc.client5.http.wire - http-outgoing-2 << "[\r][\n]"
01:14:46.230 [Test worker] DEBUG com.github.dockerjava.zerodep.shaded.org.apache.hc.client5.http.wire - http-outgoing-2 << "0[\r][\n]"
01:14:46.230 [Test worker] DEBUG com.github.dockerjava.zerodep.shaded.org.apache.hc.client5.http.wire - http-outgoing-2 << "[\r][\n]"
01:14:46.230 [Test worker] DEBUG com.github.dockerjava.zerodep.shaded.org.apache.hc.client5.http.impl.classic.InternalHttpClient - ep-00000021: releasing valid endpoint
01:14:46.230 [Test worker] DEBUG com.github.dockerjava.zerodep.shaded.org.apache.hc.client5.http.impl.io.PoolingHttpClientConnectionManager - ep-00000021: releasing endpoint
01:14:46.230 [Test worker] DEBUG com.github.dockerjava.zerodep.shaded.org.apache.hc.client5.http.impl.io.PoolingHttpClientConnectionManager - ep-00000021: connection http-outgoing-2 can be kept alive for 3 MINUTES
01:14:46.230 [Test worker] DEBUG com.github.dockerjava.zerodep.shaded.org.apache.hc.client5.http.impl.io.PoolingHttpClientConnectionManager - ep-00000021: connection released [route: {}->unix://localhost:2375][total available: 1; route allocated: 1 of 2147483647; total allocated: 1 of 2147483647]
01:14:46.230 [Test worker] DEBUG ]]>&#x1f433;<![CDATA[ [mysql:latest] - Trying to create JDBC connection using com.mysql.cj.jdbc.Driver to jdbc:mysql://localhost:63819/adm_videos?useSSL=false&allowPublicKeyRetrieval=true with properties: {password=123456, user=root}
01:14:46.334 [Test worker] DEBUG org.testcontainers.shaded.com.github.dockerjava.core.command.AbstrDockerCmd - Cmd: cd5ecdf38df06b4092e6cf67100cd20ad9c3cb4b6e9303874a7bd89885b140c9,false
01:14:46.335 [Test worker] DEBUG org.testcontainers.shaded.com.github.dockerjava.core.exec.InspectContainerCmdExec - GET: DefaultWebTarget{path=[/containers/cd5ecdf38df06b4092e6cf67100cd20ad9c3cb4b6e9303874a7bd89885b140c9/json], queryParams={}}
01:14:46.335 [Test worker] DEBUG com.github.dockerjava.zerodep.shaded.org.apache.hc.client5.http.impl.classic.InternalHttpClient - ex-00000023: preparing request execution
01:14:46.335 [Test worker] DEBUG com.github.dockerjava.zerodep.shaded.org.apache.hc.client5.http.protocol.RequestAddCookies - Cookie spec selected: strict
01:14:46.335 [Test worker] DEBUG com.github.dockerjava.zerodep.shaded.org.apache.hc.client5.http.protocol.RequestAuthCache - Auth cache not set in the context
01:14:46.335 [Test worker] DEBUG com.github.dockerjava.zerodep.shaded.org.apache.hc.client5.http.impl.classic.ProtocolExec - ex-00000023: target auth state: UNCHALLENGED
01:14:46.335 [Test worker] DEBUG com.github.dockerjava.zerodep.shaded.org.apache.hc.client5.http.impl.classic.ProtocolExec - ex-00000023: proxy auth state: UNCHALLENGED
01:14:46.335 [Test worker] DEBUG com.github.dockerjava.zerodep.shaded.org.apache.hc.client5.http.impl.classic.ConnectExec - ex-00000023: acquiring connection with route {}->unix://localhost:2375
01:14:46.335 [Test worker] DEBUG com.github.dockerjava.zerodep.shaded.org.apache.hc.client5.http.impl.classic.InternalHttpClient - ex-00000023: acquiring endpoint (3 MINUTES)
01:14:46.335 [Test worker] DEBUG com.github.dockerjava.zerodep.shaded.org.apache.hc.client5.http.impl.io.PoolingHttpClientConnectionManager - ex-00000023: endpoint lease request (3 MINUTES) [route: {}->unix://localhost:2375][total available: 1; route allocated: 1 of 2147483647; total allocated: 1 of 2147483647]
01:14:46.335 [Test worker] DEBUG com.github.dockerjava.zerodep.shaded.org.apache.hc.client5.http.impl.io.PoolingHttpClientConnectionManager - ex-00000023: endpoint leased [route: {}->unix://localhost:2375][total available: 0; route allocated: 1 of 2147483647; total allocated: 1 of 2147483647]
01:14:46.335 [Test worker] DEBUG com.github.dockerjava.zerodep.shaded.org.apache.hc.client5.http.impl.io.PoolingHttpClientConnectionManager - ex-00000023: acquired ep-00000022
01:14:46.335 [Test worker] DEBUG com.github.dockerjava.zerodep.shaded.org.apache.hc.client5.http.impl.classic.InternalHttpClient - ex-00000023: acquired endpoint ep-00000022
01:14:46.335 [Test worker] DEBUG com.github.dockerjava.zerodep.shaded.org.apache.hc.client5.http.impl.classic.MainClientExec - ex-00000023: executing GET /v1.32/containers/cd5ecdf38df06b4092e6cf67100cd20ad9c3cb4b6e9303874a7bd89885b140c9/json HTTP/1.1
01:14:46.335 [Test worker] DEBUG com.github.dockerjava.zerodep.shaded.org.apache.hc.client5.http.impl.classic.InternalHttpClient - ep-00000022: start execution ex-00000023
01:14:46.335 [Test worker] DEBUG com.github.dockerjava.zerodep.shaded.org.apache.hc.client5.http.impl.io.PoolingHttpClientConnectionManager - ep-00000022: executing exchange ex-00000023 over http-outgoing-2
01:14:46.335 [Test worker] DEBUG com.github.dockerjava.zerodep.shaded.org.apache.hc.client5.http.headers - http-outgoing-2 >> GET /v1.32/containers/cd5ecdf38df06b4092e6cf67100cd20ad9c3cb4b6e9303874a7bd89885b140c9/json HTTP/1.1
01:14:46.335 [Test worker] DEBUG com.github.dockerjava.zerodep.shaded.org.apache.hc.client5.http.headers - http-outgoing-2 >> accept: application/json
01:14:46.335 [Test worker] DEBUG com.github.dockerjava.zerodep.shaded.org.apache.hc.client5.http.headers - http-outgoing-2 >> x-tc-sid: 71b9672a-6f61-4546-a7b6-d603100b2e56
01:14:46.335 [Test worker] DEBUG com.github.dockerjava.zerodep.shaded.org.apache.hc.client5.http.headers - http-outgoing-2 >> Accept-Encoding: gzip, x-gzip, deflate
01:14:46.335 [Test worker] DEBUG com.github.dockerjava.zerodep.shaded.org.apache.hc.client5.http.headers - http-outgoing-2 >> Host: localhost:2375
01:14:46.335 [Test worker] DEBUG com.github.dockerjava.zerodep.shaded.org.apache.hc.client5.http.headers - http-outgoing-2 >> Connection: keep-alive
01:14:46.335 [Test worker] DEBUG com.github.dockerjava.zerodep.shaded.org.apache.hc.client5.http.headers - http-outgoing-2 >> User-Agent: Apache-HttpClient/5.0.3 (Java/17.0.2)
01:14:46.335 [Test worker] DEBUG com.github.dockerjava.zerodep.shaded.org.apache.hc.client5.http.wire - http-outgoing-2 >> "GET /v1.32/containers/cd5ecdf38df06b4092e6cf67100cd20ad9c3cb4b6e9303874a7bd89885b140c9/json HTTP/1.1[\r][\n]"
01:14:46.335 [Test worker] DEBUG com.github.dockerjava.zerodep.shaded.org.apache.hc.client5.http.wire - http-outgoing-2 >> "accept: application/json[\r][\n]"
01:14:46.335 [Test worker] DEBUG com.github.dockerjava.zerodep.shaded.org.apache.hc.client5.http.wire - http-outgoing-2 >> "x-tc-sid: 71b9672a-6f61-4546-a7b6-d603100b2e56[\r][\n]"
01:14:46.335 [Test worker] DEBUG com.github.dockerjava.zerodep.shaded.org.apache.hc.client5.http.wire - http-outgoing-2 >> "Accept-Encoding: gzip, x-gzip, deflate[\r][\n]"
01:14:46.335 [Test worker] DEBUG com.github.dockerjava.zerodep.shaded.org.apache.hc.client5.http.wire - http-outgoing-2 >> "Host: localhost:2375[\r][\n]"
01:14:46.335 [Test worker] DEBUG com.github.dockerjava.zerodep.shaded.org.apache.hc.client5.http.wire - http-outgoing-2 >> "Connection: keep-alive[\r][\n]"
01:14:46.335 [Test worker] DEBUG com.github.dockerjava.zerodep.shaded.org.apache.hc.client5.http.wire - http-outgoing-2 >> "User-Agent: Apache-HttpClient/5.0.3 (Java/17.0.2)[\r][\n]"
01:14:46.335 [Test worker] DEBUG com.github.dockerjava.zerodep.shaded.org.apache.hc.client5.http.wire - http-outgoing-2 >> "[\r][\n]"
01:14:46.338 [Test worker] DEBUG com.github.dockerjava.zerodep.shaded.org.apache.hc.client5.http.wire - http-outgoing-2 << "HTTP/1.1 200 OK[\r][\n]"
01:14:46.338 [Test worker] DEBUG com.github.dockerjava.zerodep.shaded.org.apache.hc.client5.http.wire - http-outgoing-2 << "Api-Version: 1.41[\r][\n]"
01:14:46.338 [Test worker] DEBUG com.github.dockerjava.zerodep.shaded.org.apache.hc.client5.http.wire - http-outgoing-2 << "Content-Type: application/json[\r][\n]"
01:14:46.338 [Test worker] DEBUG com.github.dockerjava.zerodep.shaded.org.apache.hc.client5.http.wire - http-outgoing-2 << "Date: Tue, 28 Mar 2023 04:14:46 GMT[\r][\n]"
01:14:46.338 [Test worker] DEBUG com.github.dockerjava.zerodep.shaded.org.apache.hc.client5.http.wire - http-outgoing-2 << "Docker-Experimental: false[\r][\n]"
01:14:46.338 [Test worker] DEBUG com.github.dockerjava.zerodep.shaded.org.apache.hc.client5.http.wire - http-outgoing-2 << "Ostype: linux[\r][\n]"
01:14:46.338 [Test worker] DEBUG com.github.dockerjava.zerodep.shaded.org.apache.hc.client5.http.wire - http-outgoing-2 << "Server: Docker/20.10.21 (linux)[\r][\n]"
01:14:46.338 [Test worker] DEBUG com.github.dockerjava.zerodep.shaded.org.apache.hc.client5.http.wire - http-outgoing-2 << "Transfer-Encoding: chunked[\r][\n]"
01:14:46.338 [Test worker] DEBUG com.github.dockerjava.zerodep.shaded.org.apache.hc.client5.http.wire - http-outgoing-2 << "[\r][\n]"
01:14:46.339 [Test worker] DEBUG com.github.dockerjava.zerodep.shaded.org.apache.hc.client5.http.headers - http-outgoing-2 << HTTP/1.1 200 OK
01:14:46.339 [Test worker] DEBUG com.github.dockerjava.zerodep.shaded.org.apache.hc.client5.http.headers - http-outgoing-2 << Api-Version: 1.41
01:14:46.339 [Test worker] DEBUG com.github.dockerjava.zerodep.shaded.org.apache.hc.client5.http.headers - http-outgoing-2 << Content-Type: application/json
01:14:46.339 [Test worker] DEBUG com.github.dockerjava.zerodep.shaded.org.apache.hc.client5.http.headers - http-outgoing-2 << Date: Tue, 28 Mar 2023 04:14:46 GMT
01:14:46.339 [Test worker] DEBUG com.github.dockerjava.zerodep.shaded.org.apache.hc.client5.http.headers - http-outgoing-2 << Docker-Experimental: false
01:14:46.339 [Test worker] DEBUG com.github.dockerjava.zerodep.shaded.org.apache.hc.client5.http.headers - http-outgoing-2 << Ostype: linux
01:14:46.339 [Test worker] DEBUG com.github.dockerjava.zerodep.shaded.org.apache.hc.client5.http.headers - http-outgoing-2 << Server: Docker/20.10.21 (linux)
01:14:46.339 [Test worker] DEBUG com.github.dockerjava.zerodep.shaded.org.apache.hc.client5.http.headers - http-outgoing-2 << Transfer-Encoding: chunked
01:14:46.339 [Test worker] DEBUG com.github.dockerjava.zerodep.shaded.org.apache.hc.client5.http.impl.classic.MainClientExec - ex-00000023: connection can be kept alive for 3 MINUTES
01:14:46.340 [Test worker] DEBUG com.github.dockerjava.zerodep.shaded.org.apache.hc.client5.http.wire - http-outgoing-2 << "18c1[\r][\n]"
01:14:46.340 [Test worker] DEBUG com.github.dockerjava.zerodep.shaded.org.apache.hc.client5.http.wire - http-outgoing-2 << "{"Id":"cd5ecdf38df06b4092e6cf67100cd20ad9c3cb4b6e9303874a7bd89885b140c9","Created":"2023-03-28T04:14:43.179040379Z","Path":"docker-entrypoint.sh","Args":["mysqld"],"State":{"Status":"running","Running":true,"Paused":false,"Restarting":false,"OOMKilled":false,"Dead":false,"Pid":20152,"ExitCode":0,"Error":"","StartedAt":"2023-03-28T04:14:43.680338005Z","FinishedAt":"0001-01-01T00:00:00Z"},"Image":"sha256:c7c54c29e20dccc1aefb936c8eba8bb8b98b87a4921102aba87fde2df5810af9","ResolvConfPath":"/var/lib/docker/containers/cd5ecdf38df06b4092e6cf67100cd20ad9c3cb4b6e9303874a7bd89885b140c9/resolv.conf","HostnamePath":"/var/lib/docker/containers/cd5ecdf38df06b4092e6cf67100cd20ad9c3cb4b6e9303874a7bd89885b140c9/hostname","HostsPath":"/var/lib/docker/containers/cd5ecdf38df06b4092e6cf67100cd20ad9c3cb4b6e9303874a7bd89885b140c9/hosts","LogPath":"/var/lib/docker/containers/cd5ecdf38df06b4092e6cf67100cd20ad9c3cb4b6e9303874a7bd89885b140c9/cd5ecdf38df06b4092e6cf67100cd20ad9c3cb4b6e9303874a7bd89885b140c9-json.log","Name":"/keen_matsumoto","RestartCount":0,"Driver":"overlay2","Platform":"linux","MountLabel":"","ProcessLabel":"","AppArmorProfile":"","ExecIDs":null,"HostConfig":{"Binds":[],"ContainerIDFile":"","LogConfig":{"Type":"json-file","Config":{}},"NetworkMode":"default","PortBindings":{"3306/tcp":[{"HostIp":"0.0.0.0","HostPort":"0"}]},"RestartPolicy":{"Name":"","MaximumRetryCount":0},"AutoRemove":false,"VolumeDriver":"","VolumesFrom":[],"CapAdd":null,"CapDrop":null,"CgroupnsMode":"private","Dns":null,"DnsOptions":null,"DnsSearch":null,"ExtraHosts":[],"GroupAdd":null,"IpcMode":"shareable","Cgroup":"","Links":null,"OomScoreAdj":0,"PidMode":"","Privileged":false,"PublishAllPorts":false,"ReadonlyRootfs":false,"SecurityOpt":null,"UTSMode":"","UsernsMode":"","ShmSize":67108864,"Runtime":"runc","ConsoleSize":[0,0],"Isolation":"","CpuShares":0,"Memory":0,"NanoCpus":0,"CgroupParent":"","BlkioWeight":0,"BlkioWeightDevice":null,"BlkioDeviceReadBps":null,"BlkioDeviceWriteBps":null,"BlkioDeviceReadIOps":null,"BlkioDeviceWriteIOps":null,"CpuPeriod":0,"CpuQuota":0,"CpuRealtimePeriod":0,"CpuRealtimeRuntime":0,"CpusetCpus":"","CpusetMems":"","Devices":null,"DeviceCgroupRules":null,"DeviceRequests":null,"KernelMemory":0,"KernelMemoryTCP":0,"MemoryReservation":0,"MemorySwap":0,"MemorySwappiness":null,"OomKillDisable":null,"PidsLimit":null,"Ulimits":null,"CpuCount":0,"CpuPercent":0,"IOMaximumIOps":0,"IOMaximumBandwidth":0,"MaskedPaths":["/proc/asound","/proc/acpi","/proc/kcore","/proc/keys","/proc/latency_stats","/proc/timer_list","/proc/timer_stats","/proc/sched_debug","/proc/scsi","/sys/firmware"],"ReadonlyPaths":["/proc/bus","/proc/fs","/proc/irq","/proc/sys","/proc/sysrq-trigger"]},"GraphDriver":{"Data":{"LowerDir":"/var/lib/docker/overlay2/830e690ec83ecff869b59e4f673c0c63b2bc5c068e9f710933e6f61763699fd2-init/diff:/var/lib/docker/overlay2/1bd8849d7a296305617011f940aa5cfabbe972a513397b1b6bbc27639b6c1f30/diff:/var/lib/docker/overlay2/199d69b2fbf78af4d4c95dec4fd2f8835ab0347eb49fb20ebb2ff3b99fedd6ad/diff:/var/lib/docker/overlay2/d83c38d654989311f75b9491329846033bfb7714de76ef635380dcfad5c740d9/diff:/var/lib/docker/overlay2/08600d0aea2ab2728bebcf5d2589c640a842f53d1ba3c4a4adccb4d03b923cf6/diff:/var/lib/docker/overlay2/9ec7c63a3fb14d13ac788bbf5e282ca821edc41260b79944e5e631037d13ecda/diff:/var/lib/docker/overlay2/db601d7a1b4ea6da638db620462f0da96fa55c559d02269c9ddb09027936ed87/diff:/var/lib/docker/overlay2/a6d2bd03f942e2565f21e74cfe152c7ec836a1c2b583f0790c685b92bdcfda24/diff:/var/lib/docker/overlay2/9badd16ea2c5e2bf1fde8b579683e41137dfc46ed5449234149f199a6751cc84/diff:/var/lib/docker/overlay2/6efb85646ed12e2d1181ef4cc6f6f6732c00c15a4035fe17ebc4f075ca573c30/diff:/var/lib/docker/overlay2/895d7c0ec09144d6ed33936f4e98e11c18010f7abd708cae1ce43aec7a7f2621/diff:/var/lib/docker/overlay2/1c4ba77aa573ab6e5e5069fd15eae71b3da940bde0f97a922a227ffc8a1d1096/diff","MergedDir":"/var/lib/docker/overlay2/830e690ec83ecff869b59e4f673c0c63b2bc5c068e9f710933e6f61763699fd2/merged","UpperDir":"/var/lib/docker/overlay2/830e690ec83ecff869b59e4f673c0c63b2bc5c068e9f710933e6f61763699fd2/diff","WorkDir":"/var/lib/docker/overlay2/830e690ec83ecff869b59e4f673c0c63b2bc5c068e9f710933e6f61763699fd2/work"},"Name":"overlay2"},"Mounts":[{"Type":"volume","Name":"25868b8cea8ad6eba7f00a6fe83e8848def5cff8aab5c5943024031400fa063d","Source":"/var/lib/docker/volumes/25868b8cea8ad6eba7f00a6fe83e8848def5cff8aab5c5943024031400fa063d/_data","Destination":"/var/lib/mysql","Driver":"local","Mode":"","RW":true,"Propagation":""}],"Config":{"Hostname":"cd5ecdf38df0","Domainname":"","User":"","AttachStdin":false,"AttachStdout":false,"AttachStderr":false,"ExposedPorts":{"3306/tcp":{},"33060/tcp":{}},"Tty":false,"OpenStdin":false,"StdinOnce":false,"Env":["MYSQL_DATABASE=adm_videos","MYSQL_PASSWORD=123456","MYSQL_ROOT_PASSWORD=123456","PATH=/usr/local/sbin:/usr/local/bin:/usr/sbin:/usr/bin:/sbin:/bin","GOSU_VERSION=1.16","MYSQL_MAJOR=8.0","MYSQL_VERSION=8.0.32-1.el8","MYSQL_SHELL_VERSION=8.0.32-1.el8"],"Cmd":["mysqld"],"Image":"mysql:latest","Volumes":{"/var/lib/mysql":{}},"WorkingDir":"","Entrypoint":["docker-entrypoint.sh"],"OnBuild":null,"Labels":{"org.testcontainers":"true","org.testcontainers.lang":"java","org.testcontainers.sessionId":"71b9672a-6f61-4546-a7b6-d603100b2e56","org.testcontainers.version":"1.17.6"}},"NetworkSettings":{"Bridge":"","SandboxID":"56762d63452c709eadac6b5c5f4b6cdd30da833580c632f91fd658806eaf4ddb","HairpinMode":false,"LinkLocalIPv6Address":"","LinkLocalIPv6PrefixLen":0,"Ports":{"3306/tcp":[{"HostIp":"0.0.0.0","HostPort":"63819"}],"33060/tcp":null},"SandboxKey":"/var/run/docker/netns/56762d63452c","SecondaryIPAddresses":null,"SecondaryIPv6Addresses":null,"EndpointID":"92fc2600684327987bceb8e2716a72ba2420fccd56812c1491af8c03946e105c","Gateway":"172.17.0.1","GlobalIPv6Address":"","GlobalIPv6PrefixLen":0,"IPAddress":"172.17.0.3","IPPrefixLen":16,"IPv6Gateway":"","MacAddress":"02:42:ac:11:00:03","Networks":{"bridge":{"IPAMConfig":null,"Links":null,"Aliases":null,"NetworkID":"308e234c143065751b16b4500cb9f48d5c7fc2116504b3d816a5e51cd4771062","EndpointID":"92fc2600684327987bceb8e2716a72ba2420fccd56812c1491af8c03946e105c","Gateway":"172.17.0.1","IPAddress":"172.17.0.3","IPPrefixLen":16,"IPv6Gateway":"","GlobalIPv6Address":"","GlobalIPv6PrefixLen":0,"MacAddress":"02:42:ac:11:00:03","DriverOpts":null}}}}[\n]"
01:14:46.340 [Test worker] DEBUG com.github.dockerjava.zerodep.shaded.org.apache.hc.client5.http.wire - http-outgoing-2 << "[\r][\n]"
01:14:46.341 [Test worker] DEBUG com.github.dockerjava.zerodep.shaded.org.apache.hc.client5.http.wire - http-outgoing-2 << "0[\r][\n]"
01:14:46.341 [Test worker] DEBUG com.github.dockerjava.zerodep.shaded.org.apache.hc.client5.http.wire - http-outgoing-2 << "[\r][\n]"
01:14:46.341 [Test worker] DEBUG com.github.dockerjava.zerodep.shaded.org.apache.hc.client5.http.impl.classic.InternalHttpClient - ep-00000022: releasing valid endpoint
01:14:46.343 [Test worker] DEBUG com.github.dockerjava.zerodep.shaded.org.apache.hc.client5.http.impl.io.PoolingHttpClientConnectionManager - ep-00000022: releasing endpoint
01:14:46.343 [Test worker] DEBUG com.github.dockerjava.zerodep.shaded.org.apache.hc.client5.http.impl.io.PoolingHttpClientConnectionManager - ep-00000022: connection http-outgoing-2 can be kept alive for 3 MINUTES
01:14:46.343 [Test worker] DEBUG com.github.dockerjava.zerodep.shaded.org.apache.hc.client5.http.impl.io.PoolingHttpClientConnectionManager - ep-00000022: connection released [route: {}->unix://localhost:2375][total available: 1; route allocated: 1 of 2147483647; total allocated: 1 of 2147483647]
01:14:46.343 [Test worker] DEBUG ]]>&#x1f433;<![CDATA[ [mysql:latest] - Trying to create JDBC connection using com.mysql.cj.jdbc.Driver to jdbc:mysql://localhost:63819/adm_videos?useSSL=false&allowPublicKeyRetrieval=true with properties: {password=123456, user=root}
01:14:46.446 [Test worker] DEBUG org.testcontainers.shaded.com.github.dockerjava.core.command.AbstrDockerCmd - Cmd: cd5ecdf38df06b4092e6cf67100cd20ad9c3cb4b6e9303874a7bd89885b140c9,false
01:14:46.447 [Test worker] DEBUG org.testcontainers.shaded.com.github.dockerjava.core.exec.InspectContainerCmdExec - GET: DefaultWebTarget{path=[/containers/cd5ecdf38df06b4092e6cf67100cd20ad9c3cb4b6e9303874a7bd89885b140c9/json], queryParams={}}
01:14:46.447 [Test worker] DEBUG com.github.dockerjava.zerodep.shaded.org.apache.hc.client5.http.impl.classic.InternalHttpClient - ex-00000024: preparing request execution
01:14:46.447 [Test worker] DEBUG com.github.dockerjava.zerodep.shaded.org.apache.hc.client5.http.protocol.RequestAddCookies - Cookie spec selected: strict
01:14:46.447 [Test worker] DEBUG com.github.dockerjava.zerodep.shaded.org.apache.hc.client5.http.protocol.RequestAuthCache - Auth cache not set in the context
01:14:46.447 [Test worker] DEBUG com.github.dockerjava.zerodep.shaded.org.apache.hc.client5.http.impl.classic.ProtocolExec - ex-00000024: target auth state: UNCHALLENGED
01:14:46.447 [Test worker] DEBUG com.github.dockerjava.zerodep.shaded.org.apache.hc.client5.http.impl.classic.ProtocolExec - ex-00000024: proxy auth state: UNCHALLENGED
01:14:46.447 [Test worker] DEBUG com.github.dockerjava.zerodep.shaded.org.apache.hc.client5.http.impl.classic.ConnectExec - ex-00000024: acquiring connection with route {}->unix://localhost:2375
01:14:46.447 [Test worker] DEBUG com.github.dockerjava.zerodep.shaded.org.apache.hc.client5.http.impl.classic.InternalHttpClient - ex-00000024: acquiring endpoint (3 MINUTES)
01:14:46.447 [Test worker] DEBUG com.github.dockerjava.zerodep.shaded.org.apache.hc.client5.http.impl.io.PoolingHttpClientConnectionManager - ex-00000024: endpoint lease request (3 MINUTES) [route: {}->unix://localhost:2375][total available: 1; route allocated: 1 of 2147483647; total allocated: 1 of 2147483647]
01:14:46.447 [Test worker] DEBUG com.github.dockerjava.zerodep.shaded.org.apache.hc.client5.http.impl.io.PoolingHttpClientConnectionManager - ex-00000024: endpoint leased [route: {}->unix://localhost:2375][total available: 0; route allocated: 1 of 2147483647; total allocated: 1 of 2147483647]
01:14:46.447 [Test worker] DEBUG com.github.dockerjava.zerodep.shaded.org.apache.hc.client5.http.impl.io.PoolingHttpClientConnectionManager - ex-00000024: acquired ep-00000023
01:14:46.447 [Test worker] DEBUG com.github.dockerjava.zerodep.shaded.org.apache.hc.client5.http.impl.classic.InternalHttpClient - ex-00000024: acquired endpoint ep-00000023
01:14:46.447 [Test worker] DEBUG com.github.dockerjava.zerodep.shaded.org.apache.hc.client5.http.impl.classic.MainClientExec - ex-00000024: executing GET /v1.32/containers/cd5ecdf38df06b4092e6cf67100cd20ad9c3cb4b6e9303874a7bd89885b140c9/json HTTP/1.1
01:14:46.447 [Test worker] DEBUG com.github.dockerjava.zerodep.shaded.org.apache.hc.client5.http.impl.classic.InternalHttpClient - ep-00000023: start execution ex-00000024
01:14:46.447 [Test worker] DEBUG com.github.dockerjava.zerodep.shaded.org.apache.hc.client5.http.impl.io.PoolingHttpClientConnectionManager - ep-00000023: executing exchange ex-00000024 over http-outgoing-2
01:14:46.448 [Test worker] DEBUG com.github.dockerjava.zerodep.shaded.org.apache.hc.client5.http.headers - http-outgoing-2 >> GET /v1.32/containers/cd5ecdf38df06b4092e6cf67100cd20ad9c3cb4b6e9303874a7bd89885b140c9/json HTTP/1.1
01:14:46.448 [Test worker] DEBUG com.github.dockerjava.zerodep.shaded.org.apache.hc.client5.http.headers - http-outgoing-2 >> accept: application/json
01:14:46.448 [Test worker] DEBUG com.github.dockerjava.zerodep.shaded.org.apache.hc.client5.http.headers - http-outgoing-2 >> x-tc-sid: 71b9672a-6f61-4546-a7b6-d603100b2e56
01:14:46.448 [Test worker] DEBUG com.github.dockerjava.zerodep.shaded.org.apache.hc.client5.http.headers - http-outgoing-2 >> Accept-Encoding: gzip, x-gzip, deflate
01:14:46.448 [Test worker] DEBUG com.github.dockerjava.zerodep.shaded.org.apache.hc.client5.http.headers - http-outgoing-2 >> Host: localhost:2375
01:14:46.448 [Test worker] DEBUG com.github.dockerjava.zerodep.shaded.org.apache.hc.client5.http.headers - http-outgoing-2 >> Connection: keep-alive
01:14:46.448 [Test worker] DEBUG com.github.dockerjava.zerodep.shaded.org.apache.hc.client5.http.headers - http-outgoing-2 >> User-Agent: Apache-HttpClient/5.0.3 (Java/17.0.2)
01:14:46.448 [Test worker] DEBUG com.github.dockerjava.zerodep.shaded.org.apache.hc.client5.http.wire - http-outgoing-2 >> "GET /v1.32/containers/cd5ecdf38df06b4092e6cf67100cd20ad9c3cb4b6e9303874a7bd89885b140c9/json HTTP/1.1[\r][\n]"
01:14:46.448 [Test worker] DEBUG com.github.dockerjava.zerodep.shaded.org.apache.hc.client5.http.wire - http-outgoing-2 >> "accept: application/json[\r][\n]"
01:14:46.448 [Test worker] DEBUG com.github.dockerjava.zerodep.shaded.org.apache.hc.client5.http.wire - http-outgoing-2 >> "x-tc-sid: 71b9672a-6f61-4546-a7b6-d603100b2e56[\r][\n]"
01:14:46.448 [Test worker] DEBUG com.github.dockerjava.zerodep.shaded.org.apache.hc.client5.http.wire - http-outgoing-2 >> "Accept-Encoding: gzip, x-gzip, deflate[\r][\n]"
01:14:46.448 [Test worker] DEBUG com.github.dockerjava.zerodep.shaded.org.apache.hc.client5.http.wire - http-outgoing-2 >> "Host: localhost:2375[\r][\n]"
01:14:46.448 [Test worker] DEBUG com.github.dockerjava.zerodep.shaded.org.apache.hc.client5.http.wire - http-outgoing-2 >> "Connection: keep-alive[\r][\n]"
01:14:46.448 [Test worker] DEBUG com.github.dockerjava.zerodep.shaded.org.apache.hc.client5.http.wire - http-outgoing-2 >> "User-Agent: Apache-HttpClient/5.0.3 (Java/17.0.2)[\r][\n]"
01:14:46.448 [Test worker] DEBUG com.github.dockerjava.zerodep.shaded.org.apache.hc.client5.http.wire - http-outgoing-2 >> "[\r][\n]"
01:14:46.451 [Test worker] DEBUG com.github.dockerjava.zerodep.shaded.org.apache.hc.client5.http.wire - http-outgoing-2 << "HTTP/1.1 200 OK[\r][\n]"
01:14:46.451 [Test worker] DEBUG com.github.dockerjava.zerodep.shaded.org.apache.hc.client5.http.wire - http-outgoing-2 << "Api-Version: 1.41[\r][\n]"
01:14:46.451 [Test worker] DEBUG com.github.dockerjava.zerodep.shaded.org.apache.hc.client5.http.wire - http-outgoing-2 << "Content-Type: application/json[\r][\n]"
01:14:46.451 [Test worker] DEBUG com.github.dockerjava.zerodep.shaded.org.apache.hc.client5.http.wire - http-outgoing-2 << "Date: Tue, 28 Mar 2023 04:14:46 GMT[\r][\n]"
01:14:46.451 [Test worker] DEBUG com.github.dockerjava.zerodep.shaded.org.apache.hc.client5.http.wire - http-outgoing-2 << "Docker-Experimental: false[\r][\n]"
01:14:46.451 [Test worker] DEBUG com.github.dockerjava.zerodep.shaded.org.apache.hc.client5.http.wire - http-outgoing-2 << "Ostype: linux[\r][\n]"
01:14:46.451 [Test worker] DEBUG com.github.dockerjava.zerodep.shaded.org.apache.hc.client5.http.wire - http-outgoing-2 << "Server: Docker/20.10.21 (linux)[\r][\n]"
01:14:46.451 [Test worker] DEBUG com.github.dockerjava.zerodep.shaded.org.apache.hc.client5.http.wire - http-outgoing-2 << "Transfer-Encoding: chunked[\r][\n]"
01:14:46.451 [Test worker] DEBUG com.github.dockerjava.zerodep.shaded.org.apache.hc.client5.http.wire - http-outgoing-2 << "[\r][\n]"
01:14:46.451 [Test worker] DEBUG com.github.dockerjava.zerodep.shaded.org.apache.hc.client5.http.headers - http-outgoing-2 << HTTP/1.1 200 OK
01:14:46.451 [Test worker] DEBUG com.github.dockerjava.zerodep.shaded.org.apache.hc.client5.http.headers - http-outgoing-2 << Api-Version: 1.41
01:14:46.451 [Test worker] DEBUG com.github.dockerjava.zerodep.shaded.org.apache.hc.client5.http.headers - http-outgoing-2 << Content-Type: application/json
01:14:46.451 [Test worker] DEBUG com.github.dockerjava.zerodep.shaded.org.apache.hc.client5.http.headers - http-outgoing-2 << Date: Tue, 28 Mar 2023 04:14:46 GMT
01:14:46.451 [Test worker] DEBUG com.github.dockerjava.zerodep.shaded.org.apache.hc.client5.http.headers - http-outgoing-2 << Docker-Experimental: false
01:14:46.451 [Test worker] DEBUG com.github.dockerjava.zerodep.shaded.org.apache.hc.client5.http.headers - http-outgoing-2 << Ostype: linux
01:14:46.451 [Test worker] DEBUG com.github.dockerjava.zerodep.shaded.org.apache.hc.client5.http.headers - http-outgoing-2 << Server: Docker/20.10.21 (linux)
01:14:46.451 [Test worker] DEBUG com.github.dockerjava.zerodep.shaded.org.apache.hc.client5.http.headers - http-outgoing-2 << Transfer-Encoding: chunked
01:14:46.451 [Test worker] DEBUG com.github.dockerjava.zerodep.shaded.org.apache.hc.client5.http.impl.classic.MainClientExec - ex-00000024: connection can be kept alive for 3 MINUTES
01:14:46.453 [Test worker] DEBUG com.github.dockerjava.zerodep.shaded.org.apache.hc.client5.http.wire - http-outgoing-2 << "18c1[\r][\n]"
01:14:46.453 [Test worker] DEBUG com.github.dockerjava.zerodep.shaded.org.apache.hc.client5.http.wire - http-outgoing-2 << "{"Id":"cd5ecdf38df06b4092e6cf67100cd20ad9c3cb4b6e9303874a7bd89885b140c9","Created":"2023-03-28T04:14:43.179040379Z","Path":"docker-entrypoint.sh","Args":["mysqld"],"State":{"Status":"running","Running":true,"Paused":false,"Restarting":false,"OOMKilled":false,"Dead":false,"Pid":20152,"ExitCode":0,"Error":"","StartedAt":"2023-03-28T04:14:43.680338005Z","FinishedAt":"0001-01-01T00:00:00Z"},"Image":"sha256:c7c54c29e20dccc1aefb936c8eba8bb8b98b87a4921102aba87fde2df5810af9","ResolvConfPath":"/var/lib/docker/containers/cd5ecdf38df06b4092e6cf67100cd20ad9c3cb4b6e9303874a7bd89885b140c9/resolv.conf","HostnamePath":"/var/lib/docker/containers/cd5ecdf38df06b4092e6cf67100cd20ad9c3cb4b6e9303874a7bd89885b140c9/hostname","HostsPath":"/var/lib/docker/containers/cd5ecdf38df06b4092e6cf67100cd20ad9c3cb4b6e9303874a7bd89885b140c9/hosts","LogPath":"/var/lib/docker/containers/cd5ecdf38df06b4092e6cf67100cd20ad9c3cb4b6e9303874a7bd89885b140c9/cd5ecdf38df06b4092e6cf67100cd20ad9c3cb4b6e9303874a7bd89885b140c9-json.log","Name":"/keen_matsumoto","RestartCount":0,"Driver":"overlay2","Platform":"linux","MountLabel":"","ProcessLabel":"","AppArmorProfile":"","ExecIDs":null,"HostConfig":{"Binds":[],"ContainerIDFile":"","LogConfig":{"Type":"json-file","Config":{}},"NetworkMode":"default","PortBindings":{"3306/tcp":[{"HostIp":"0.0.0.0","HostPort":"0"}]},"RestartPolicy":{"Name":"","MaximumRetryCount":0},"AutoRemove":false,"VolumeDriver":"","VolumesFrom":[],"CapAdd":null,"CapDrop":null,"CgroupnsMode":"private","Dns":null,"DnsOptions":null,"DnsSearch":null,"ExtraHosts":[],"GroupAdd":null,"IpcMode":"shareable","Cgroup":"","Links":null,"OomScoreAdj":0,"PidMode":"","Privileged":false,"PublishAllPorts":false,"ReadonlyRootfs":false,"SecurityOpt":null,"UTSMode":"","UsernsMode":"","ShmSize":67108864,"Runtime":"runc","ConsoleSize":[0,0],"Isolation":"","CpuShares":0,"Memory":0,"NanoCpus":0,"CgroupParent":"","BlkioWeight":0,"BlkioWeightDevice":null,"BlkioDeviceReadBps":null,"BlkioDeviceWriteBps":null,"BlkioDeviceReadIOps":null,"BlkioDeviceWriteIOps":null,"CpuPeriod":0,"CpuQuota":0,"CpuRealtimePeriod":0,"CpuRealtimeRuntime":0,"CpusetCpus":"","CpusetMems":"","Devices":null,"DeviceCgroupRules":null,"DeviceRequests":null,"KernelMemory":0,"KernelMemoryTCP":0,"MemoryReservation":0,"MemorySwap":0,"MemorySwappiness":null,"OomKillDisable":null,"PidsLimit":null,"Ulimits":null,"CpuCount":0,"CpuPercent":0,"IOMaximumIOps":0,"IOMaximumBandwidth":0,"MaskedPaths":["/proc/asound","/proc/acpi","/proc/kcore","/proc/keys","/proc/latency_stats","/proc/timer_list","/proc/timer_stats","/proc/sched_debug","/proc/scsi","/sys/firmware"],"ReadonlyPaths":["/proc/bus","/proc/fs","/proc/irq","/proc/sys","/proc/sysrq-trigger"]},"GraphDriver":{"Data":{"LowerDir":"/var/lib/docker/overlay2/830e690ec83ecff869b59e4f673c0c63b2bc5c068e9f710933e6f61763699fd2-init/diff:/var/lib/docker/overlay2/1bd8849d7a296305617011f940aa5cfabbe972a513397b1b6bbc27639b6c1f30/diff:/var/lib/docker/overlay2/199d69b2fbf78af4d4c95dec4fd2f8835ab0347eb49fb20ebb2ff3b99fedd6ad/diff:/var/lib/docker/overlay2/d83c38d654989311f75b9491329846033bfb7714de76ef635380dcfad5c740d9/diff:/var/lib/docker/overlay2/08600d0aea2ab2728bebcf5d2589c640a842f53d1ba3c4a4adccb4d03b923cf6/diff:/var/lib/docker/overlay2/9ec7c63a3fb14d13ac788bbf5e282ca821edc41260b79944e5e631037d13ecda/diff:/var/lib/docker/overlay2/db601d7a1b4ea6da638db620462f0da96fa55c559d02269c9ddb09027936ed87/diff:/var/lib/docker/overlay2/a6d2bd03f942e2565f21e74cfe152c7ec836a1c2b583f0790c685b92bdcfda24/diff:/var/lib/docker/overlay2/9badd16ea2c5e2bf1fde8b579683e41137dfc46ed5449234149f199a6751cc84/diff:/var/lib/docker/overlay2/6efb85646ed12e2d1181ef4cc6f6f6732c00c15a4035fe17ebc4f075ca573c30/diff:/var/lib/docker/overlay2/895d7c0ec09144d6ed33936f4e98e11c18010f7abd708cae1ce43aec7a7f2621/diff:/var/lib/docker/overlay2/1c4ba77aa573ab6e5e5069fd15eae71b3da940bde0f97a922a227ffc8a1d1096/diff","MergedDir":"/var/lib/docker/overlay2/830e690ec83ecff869b59e4f673c0c63b2bc5c068e9f710933e6f61763699fd2/merged","UpperDir":"/var/lib/docker/overlay2/830e690ec83ecff869b59e4f673c0c63b2bc5c068e9f710933e6f61763699fd2/diff","WorkDir":"/var/lib/docker/overlay2/830e690ec83ecff869b59e4f673c0c63b2bc5c068e9f710933e6f61763699fd2/work"},"Name":"overlay2"},"Mounts":[{"Type":"volume","Name":"25868b8cea8ad6eba7f00a6fe83e8848def5cff8aab5c5943024031400fa063d","Source":"/var/lib/docker/volumes/25868b8cea8ad6eba7f00a6fe83e8848def5cff8aab5c5943024031400fa063d/_data","Destination":"/var/lib/mysql","Driver":"local","Mode":"","RW":true,"Propagation":""}],"Config":{"Hostname":"cd5ecdf38df0","Domainname":"","User":"","AttachStdin":false,"AttachStdout":false,"AttachStderr":false,"ExposedPorts":{"3306/tcp":{},"33060/tcp":{}},"Tty":false,"OpenStdin":false,"StdinOnce":false,"Env":["MYSQL_DATABASE=adm_videos","MYSQL_PASSWORD=123456","MYSQL_ROOT_PASSWORD=123456","PATH=/usr/local/sbin:/usr/local/bin:/usr/sbin:/usr/bin:/sbin:/bin","GOSU_VERSION=1.16","MYSQL_MAJOR=8.0","MYSQL_VERSION=8.0.32-1.el8","MYSQL_SHELL_VERSION=8.0.32-1.el8"],"Cmd":["mysqld"],"Image":"mysql:latest","Volumes":{"/var/lib/mysql":{}},"WorkingDir":"","Entrypoint":["docker-entrypoint.sh"],"OnBuild":null,"Labels":{"org.testcontainers":"true","org.testcontainers.lang":"java","org.testcontainers.sessionId":"71b9672a-6f61-4546-a7b6-d603100b2e56","org.testcontainers.version":"1.17.6"}},"NetworkSettings":{"Bridge":"","SandboxID":"56762d63452c709eadac6b5c5f4b6cdd30da833580c632f91fd658806eaf4ddb","HairpinMode":false,"LinkLocalIPv6Address":"","LinkLocalIPv6PrefixLen":0,"Ports":{"3306/tcp":[{"HostIp":"0.0.0.0","HostPort":"63819"}],"33060/tcp":null},"SandboxKey":"/var/run/docker/netns/56762d63452c","SecondaryIPAddresses":null,"SecondaryIPv6Addresses":null,"EndpointID":"92fc2600684327987bceb8e2716a72ba2420fccd56812c1491af8c03946e105c","Gateway":"172.17.0.1","GlobalIPv6Address":"","GlobalIPv6PrefixLen":0,"IPAddress":"172.17.0.3","IPPrefixLen":16,"IPv6Gateway":"","MacAddress":"02:42:ac:11:00:03","Networks":{"bridge":{"IPAMConfig":null,"Links":null,"Aliases":null,"NetworkID":"308e234c143065751b16b4500cb9f48d5c7fc2116504b3d816a5e51cd4771062","EndpointID":"92fc2600684327987bceb8e2716a72ba2420fccd56812c1491af8c03946e105c","Gateway":"172.17.0.1","IPAddress":"172.17.0.3","IPPrefixLen":16,"IPv6Gateway":"","GlobalIPv6Address":"","GlobalIPv6PrefixLen":0,"MacAddress":"02:42:ac:11:00:03","DriverOpts":null}}}}[\n]"
01:14:46.453 [Test worker] DEBUG com.github.dockerjava.zerodep.shaded.org.apache.hc.client5.http.wire - http-outgoing-2 << "[\r][\n]"
01:14:46.454 [Test worker] DEBUG com.github.dockerjava.zerodep.shaded.org.apache.hc.client5.http.wire - http-outgoing-2 << "0[\r][\n]"
01:14:46.454 [Test worker] DEBUG com.github.dockerjava.zerodep.shaded.org.apache.hc.client5.http.wire - http-outgoing-2 << "[\r][\n]"
01:14:46.454 [Test worker] DEBUG com.github.dockerjava.zerodep.shaded.org.apache.hc.client5.http.impl.classic.InternalHttpClient - ep-00000023: releasing valid endpoint
01:14:46.454 [Test worker] DEBUG com.github.dockerjava.zerodep.shaded.org.apache.hc.client5.http.impl.io.PoolingHttpClientConnectionManager - ep-00000023: releasing endpoint
01:14:46.454 [Test worker] DEBUG com.github.dockerjava.zerodep.shaded.org.apache.hc.client5.http.impl.io.PoolingHttpClientConnectionManager - ep-00000023: connection http-outgoing-2 can be kept alive for 3 MINUTES
01:14:46.454 [Test worker] DEBUG com.github.dockerjava.zerodep.shaded.org.apache.hc.client5.http.impl.io.PoolingHttpClientConnectionManager - ep-00000023: connection released [route: {}->unix://localhost:2375][total available: 1; route allocated: 1 of 2147483647; total allocated: 1 of 2147483647]
01:14:46.454 [Test worker] DEBUG ]]>&#x1f433;<![CDATA[ [mysql:latest] - Trying to create JDBC connection using com.mysql.cj.jdbc.Driver to jdbc:mysql://localhost:63819/adm_videos?useSSL=false&allowPublicKeyRetrieval=true with properties: {password=123456, user=root}
01:14:46.558 [Test worker] DEBUG org.testcontainers.shaded.com.github.dockerjava.core.command.AbstrDockerCmd - Cmd: cd5ecdf38df06b4092e6cf67100cd20ad9c3cb4b6e9303874a7bd89885b140c9,false
01:14:46.558 [Test worker] DEBUG org.testcontainers.shaded.com.github.dockerjava.core.exec.InspectContainerCmdExec - GET: DefaultWebTarget{path=[/containers/cd5ecdf38df06b4092e6cf67100cd20ad9c3cb4b6e9303874a7bd89885b140c9/json], queryParams={}}
01:14:46.559 [Test worker] DEBUG com.github.dockerjava.zerodep.shaded.org.apache.hc.client5.http.impl.classic.InternalHttpClient - ex-00000025: preparing request execution
01:14:46.559 [Test worker] DEBUG com.github.dockerjava.zerodep.shaded.org.apache.hc.client5.http.protocol.RequestAddCookies - Cookie spec selected: strict
01:14:46.559 [Test worker] DEBUG com.github.dockerjava.zerodep.shaded.org.apache.hc.client5.http.protocol.RequestAuthCache - Auth cache not set in the context
01:14:46.559 [Test worker] DEBUG com.github.dockerjava.zerodep.shaded.org.apache.hc.client5.http.impl.classic.ProtocolExec - ex-00000025: target auth state: UNCHALLENGED
01:14:46.559 [Test worker] DEBUG com.github.dockerjava.zerodep.shaded.org.apache.hc.client5.http.impl.classic.ProtocolExec - ex-00000025: proxy auth state: UNCHALLENGED
01:14:46.559 [Test worker] DEBUG com.github.dockerjava.zerodep.shaded.org.apache.hc.client5.http.impl.classic.ConnectExec - ex-00000025: acquiring connection with route {}->unix://localhost:2375
01:14:46.559 [Test worker] DEBUG com.github.dockerjava.zerodep.shaded.org.apache.hc.client5.http.impl.classic.InternalHttpClient - ex-00000025: acquiring endpoint (3 MINUTES)
01:14:46.559 [Test worker] DEBUG com.github.dockerjava.zerodep.shaded.org.apache.hc.client5.http.impl.io.PoolingHttpClientConnectionManager - ex-00000025: endpoint lease request (3 MINUTES) [route: {}->unix://localhost:2375][total available: 1; route allocated: 1 of 2147483647; total allocated: 1 of 2147483647]
01:14:46.559 [Test worker] DEBUG com.github.dockerjava.zerodep.shaded.org.apache.hc.client5.http.impl.io.PoolingHttpClientConnectionManager - ex-00000025: endpoint leased [route: {}->unix://localhost:2375][total available: 0; route allocated: 1 of 2147483647; total allocated: 1 of 2147483647]
01:14:46.559 [Test worker] DEBUG com.github.dockerjava.zerodep.shaded.org.apache.hc.client5.http.impl.io.PoolingHttpClientConnectionManager - ex-00000025: acquired ep-00000024
01:14:46.559 [Test worker] DEBUG com.github.dockerjava.zerodep.shaded.org.apache.hc.client5.http.impl.classic.InternalHttpClient - ex-00000025: acquired endpoint ep-00000024
01:14:46.559 [Test worker] DEBUG com.github.dockerjava.zerodep.shaded.org.apache.hc.client5.http.impl.classic.MainClientExec - ex-00000025: executing GET /v1.32/containers/cd5ecdf38df06b4092e6cf67100cd20ad9c3cb4b6e9303874a7bd89885b140c9/json HTTP/1.1
01:14:46.559 [Test worker] DEBUG com.github.dockerjava.zerodep.shaded.org.apache.hc.client5.http.impl.classic.InternalHttpClient - ep-00000024: start execution ex-00000025
01:14:46.559 [Test worker] DEBUG com.github.dockerjava.zerodep.shaded.org.apache.hc.client5.http.impl.io.PoolingHttpClientConnectionManager - ep-00000024: executing exchange ex-00000025 over http-outgoing-2
01:14:46.559 [Test worker] DEBUG com.github.dockerjava.zerodep.shaded.org.apache.hc.client5.http.headers - http-outgoing-2 >> GET /v1.32/containers/cd5ecdf38df06b4092e6cf67100cd20ad9c3cb4b6e9303874a7bd89885b140c9/json HTTP/1.1
01:14:46.559 [Test worker] DEBUG com.github.dockerjava.zerodep.shaded.org.apache.hc.client5.http.headers - http-outgoing-2 >> accept: application/json
01:14:46.559 [Test worker] DEBUG com.github.dockerjava.zerodep.shaded.org.apache.hc.client5.http.headers - http-outgoing-2 >> x-tc-sid: 71b9672a-6f61-4546-a7b6-d603100b2e56
01:14:46.559 [Test worker] DEBUG com.github.dockerjava.zerodep.shaded.org.apache.hc.client5.http.headers - http-outgoing-2 >> Accept-Encoding: gzip, x-gzip, deflate
01:14:46.559 [Test worker] DEBUG com.github.dockerjava.zerodep.shaded.org.apache.hc.client5.http.headers - http-outgoing-2 >> Host: localhost:2375
01:14:46.559 [Test worker] DEBUG com.github.dockerjava.zerodep.shaded.org.apache.hc.client5.http.headers - http-outgoing-2 >> Connection: keep-alive
01:14:46.559 [Test worker] DEBUG com.github.dockerjava.zerodep.shaded.org.apache.hc.client5.http.headers - http-outgoing-2 >> User-Agent: Apache-HttpClient/5.0.3 (Java/17.0.2)
01:14:46.559 [Test worker] DEBUG com.github.dockerjava.zerodep.shaded.org.apache.hc.client5.http.wire - http-outgoing-2 >> "GET /v1.32/containers/cd5ecdf38df06b4092e6cf67100cd20ad9c3cb4b6e9303874a7bd89885b140c9/json HTTP/1.1[\r][\n]"
01:14:46.559 [Test worker] DEBUG com.github.dockerjava.zerodep.shaded.org.apache.hc.client5.http.wire - http-outgoing-2 >> "accept: application/json[\r][\n]"
01:14:46.559 [Test worker] DEBUG com.github.dockerjava.zerodep.shaded.org.apache.hc.client5.http.wire - http-outgoing-2 >> "x-tc-sid: 71b9672a-6f61-4546-a7b6-d603100b2e56[\r][\n]"
01:14:46.559 [Test worker] DEBUG com.github.dockerjava.zerodep.shaded.org.apache.hc.client5.http.wire - http-outgoing-2 >> "Accept-Encoding: gzip, x-gzip, deflate[\r][\n]"
01:14:46.559 [Test worker] DEBUG com.github.dockerjava.zerodep.shaded.org.apache.hc.client5.http.wire - http-outgoing-2 >> "Host: localhost:2375[\r][\n]"
01:14:46.559 [Test worker] DEBUG com.github.dockerjava.zerodep.shaded.org.apache.hc.client5.http.wire - http-outgoing-2 >> "Connection: keep-alive[\r][\n]"
01:14:46.559 [Test worker] DEBUG com.github.dockerjava.zerodep.shaded.org.apache.hc.client5.http.wire - http-outgoing-2 >> "User-Agent: Apache-HttpClient/5.0.3 (Java/17.0.2)[\r][\n]"
01:14:46.559 [Test worker] DEBUG com.github.dockerjava.zerodep.shaded.org.apache.hc.client5.http.wire - http-outgoing-2 >> "[\r][\n]"
01:14:46.561 [Test worker] DEBUG com.github.dockerjava.zerodep.shaded.org.apache.hc.client5.http.wire - http-outgoing-2 << "HTTP/1.1 200 OK[\r][\n]"
01:14:46.561 [Test worker] DEBUG com.github.dockerjava.zerodep.shaded.org.apache.hc.client5.http.wire - http-outgoing-2 << "Api-Version: 1.41[\r][\n]"
01:14:46.561 [Test worker] DEBUG com.github.dockerjava.zerodep.shaded.org.apache.hc.client5.http.wire - http-outgoing-2 << "Content-Type: application/json[\r][\n]"
01:14:46.562 [Test worker] DEBUG com.github.dockerjava.zerodep.shaded.org.apache.hc.client5.http.wire - http-outgoing-2 << "Date: Tue, 28 Mar 2023 04:14:46 GMT[\r][\n]"
01:14:46.562 [Test worker] DEBUG com.github.dockerjava.zerodep.shaded.org.apache.hc.client5.http.wire - http-outgoing-2 << "Docker-Experimental: false[\r][\n]"
01:14:46.562 [Test worker] DEBUG com.github.dockerjava.zerodep.shaded.org.apache.hc.client5.http.wire - http-outgoing-2 << "Ostype: linux[\r][\n]"
01:14:46.562 [Test worker] DEBUG com.github.dockerjava.zerodep.shaded.org.apache.hc.client5.http.wire - http-outgoing-2 << "Server: Docker/20.10.21 (linux)[\r][\n]"
01:14:46.562 [Test worker] DEBUG com.github.dockerjava.zerodep.shaded.org.apache.hc.client5.http.wire - http-outgoing-2 << "Transfer-Encoding: chunked[\r][\n]"
01:14:46.562 [Test worker] DEBUG com.github.dockerjava.zerodep.shaded.org.apache.hc.client5.http.wire - http-outgoing-2 << "[\r][\n]"
01:14:46.562 [Test worker] DEBUG com.github.dockerjava.zerodep.shaded.org.apache.hc.client5.http.headers - http-outgoing-2 << HTTP/1.1 200 OK
01:14:46.562 [Test worker] DEBUG com.github.dockerjava.zerodep.shaded.org.apache.hc.client5.http.headers - http-outgoing-2 << Api-Version: 1.41
01:14:46.562 [Test worker] DEBUG com.github.dockerjava.zerodep.shaded.org.apache.hc.client5.http.headers - http-outgoing-2 << Content-Type: application/json
01:14:46.562 [Test worker] DEBUG com.github.dockerjava.zerodep.shaded.org.apache.hc.client5.http.headers - http-outgoing-2 << Date: Tue, 28 Mar 2023 04:14:46 GMT
01:14:46.562 [Test worker] DEBUG com.github.dockerjava.zerodep.shaded.org.apache.hc.client5.http.headers - http-outgoing-2 << Docker-Experimental: false
01:14:46.562 [Test worker] DEBUG com.github.dockerjava.zerodep.shaded.org.apache.hc.client5.http.headers - http-outgoing-2 << Ostype: linux
01:14:46.562 [Test worker] DEBUG com.github.dockerjava.zerodep.shaded.org.apache.hc.client5.http.headers - http-outgoing-2 << Server: Docker/20.10.21 (linux)
01:14:46.562 [Test worker] DEBUG com.github.dockerjava.zerodep.shaded.org.apache.hc.client5.http.headers - http-outgoing-2 << Transfer-Encoding: chunked
01:14:46.562 [Test worker] DEBUG com.github.dockerjava.zerodep.shaded.org.apache.hc.client5.http.impl.classic.MainClientExec - ex-00000025: connection can be kept alive for 3 MINUTES
01:14:46.563 [Test worker] DEBUG com.github.dockerjava.zerodep.shaded.org.apache.hc.client5.http.wire - http-outgoing-2 << "18c1[\r][\n]"
01:14:46.563 [Test worker] DEBUG com.github.dockerjava.zerodep.shaded.org.apache.hc.client5.http.wire - http-outgoing-2 << "{"Id":"cd5ecdf38df06b4092e6cf67100cd20ad9c3cb4b6e9303874a7bd89885b140c9","Created":"2023-03-28T04:14:43.179040379Z","Path":"docker-entrypoint.sh","Args":["mysqld"],"State":{"Status":"running","Running":true,"Paused":false,"Restarting":false,"OOMKilled":false,"Dead":false,"Pid":20152,"ExitCode":0,"Error":"","StartedAt":"2023-03-28T04:14:43.680338005Z","FinishedAt":"0001-01-01T00:00:00Z"},"Image":"sha256:c7c54c29e20dccc1aefb936c8eba8bb8b98b87a4921102aba87fde2df5810af9","ResolvConfPath":"/var/lib/docker/containers/cd5ecdf38df06b4092e6cf67100cd20ad9c3cb4b6e9303874a7bd89885b140c9/resolv.conf","HostnamePath":"/var/lib/docker/containers/cd5ecdf38df06b4092e6cf67100cd20ad9c3cb4b6e9303874a7bd89885b140c9/hostname","HostsPath":"/var/lib/docker/containers/cd5ecdf38df06b4092e6cf67100cd20ad9c3cb4b6e9303874a7bd89885b140c9/hosts","LogPath":"/var/lib/docker/containers/cd5ecdf38df06b4092e6cf67100cd20ad9c3cb4b6e9303874a7bd89885b140c9/cd5ecdf38df06b4092e6cf67100cd20ad9c3cb4b6e9303874a7bd89885b140c9-json.log","Name":"/keen_matsumoto","RestartCount":0,"Driver":"overlay2","Platform":"linux","MountLabel":"","ProcessLabel":"","AppArmorProfile":"","ExecIDs":null,"HostConfig":{"Binds":[],"ContainerIDFile":"","LogConfig":{"Type":"json-file","Config":{}},"NetworkMode":"default","PortBindings":{"3306/tcp":[{"HostIp":"0.0.0.0","HostPort":"0"}]},"RestartPolicy":{"Name":"","MaximumRetryCount":0},"AutoRemove":false,"VolumeDriver":"","VolumesFrom":[],"CapAdd":null,"CapDrop":null,"CgroupnsMode":"private","Dns":null,"DnsOptions":null,"DnsSearch":null,"ExtraHosts":[],"GroupAdd":null,"IpcMode":"shareable","Cgroup":"","Links":null,"OomScoreAdj":0,"PidMode":"","Privileged":false,"PublishAllPorts":false,"ReadonlyRootfs":false,"SecurityOpt":null,"UTSMode":"","UsernsMode":"","ShmSize":67108864,"Runtime":"runc","ConsoleSize":[0,0],"Isolation":"","CpuShares":0,"Memory":0,"NanoCpus":0,"CgroupParent":"","BlkioWeight":0,"BlkioWeightDevice":null,"BlkioDeviceReadBps":null,"BlkioDeviceWriteBps":null,"BlkioDeviceReadIOps":null,"BlkioDeviceWriteIOps":null,"CpuPeriod":0,"CpuQuota":0,"CpuRealtimePeriod":0,"CpuRealtimeRuntime":0,"CpusetCpus":"","CpusetMems":"","Devices":null,"DeviceCgroupRules":null,"DeviceRequests":null,"KernelMemory":0,"KernelMemoryTCP":0,"MemoryReservation":0,"MemorySwap":0,"MemorySwappiness":null,"OomKillDisable":null,"PidsLimit":null,"Ulimits":null,"CpuCount":0,"CpuPercent":0,"IOMaximumIOps":0,"IOMaximumBandwidth":0,"MaskedPaths":["/proc/asound","/proc/acpi","/proc/kcore","/proc/keys","/proc/latency_stats","/proc/timer_list","/proc/timer_stats","/proc/sched_debug","/proc/scsi","/sys/firmware"],"ReadonlyPaths":["/proc/bus","/proc/fs","/proc/irq","/proc/sys","/proc/sysrq-trigger"]},"GraphDriver":{"Data":{"LowerDir":"/var/lib/docker/overlay2/830e690ec83ecff869b59e4f673c0c63b2bc5c068e9f710933e6f61763699fd2-init/diff:/var/lib/docker/overlay2/1bd8849d7a296305617011f940aa5cfabbe972a513397b1b6bbc27639b6c1f30/diff:/var/lib/docker/overlay2/199d69b2fbf78af4d4c95dec4fd2f8835ab0347eb49fb20ebb2ff3b99fedd6ad/diff:/var/lib/docker/overlay2/d83c38d654989311f75b9491329846033bfb7714de76ef635380dcfad5c740d9/diff:/var/lib/docker/overlay2/08600d0aea2ab2728bebcf5d2589c640a842f53d1ba3c4a4adccb4d03b923cf6/diff:/var/lib/docker/overlay2/9ec7c63a3fb14d13ac788bbf5e282ca821edc41260b79944e5e631037d13ecda/diff:/var/lib/docker/overlay2/db601d7a1b4ea6da638db620462f0da96fa55c559d02269c9ddb09027936ed87/diff:/var/lib/docker/overlay2/a6d2bd03f942e2565f21e74cfe152c7ec836a1c2b583f0790c685b92bdcfda24/diff:/var/lib/docker/overlay2/9badd16ea2c5e2bf1fde8b579683e41137dfc46ed5449234149f199a6751cc84/diff:/var/lib/docker/overlay2/6efb85646ed12e2d1181ef4cc6f6f6732c00c15a4035fe17ebc4f075ca573c30/diff:/var/lib/docker/overlay2/895d7c0ec09144d6ed33936f4e98e11c18010f7abd708cae1ce43aec7a7f2621/diff:/var/lib/docker/overlay2/1c4ba77aa573ab6e5e5069fd15eae71b3da940bde0f97a922a227ffc8a1d1096/diff","MergedDir":"/var/lib/docker/overlay2/830e690ec83ecff869b59e4f673c0c63b2bc5c068e9f710933e6f61763699fd2/merged","UpperDir":"/var/lib/docker/overlay2/830e690ec83ecff869b59e4f673c0c63b2bc5c068e9f710933e6f61763699fd2/diff","WorkDir":"/var/lib/docker/overlay2/830e690ec83ecff869b59e4f673c0c63b2bc5c068e9f710933e6f61763699fd2/work"},"Name":"overlay2"},"Mounts":[{"Type":"volume","Name":"25868b8cea8ad6eba7f00a6fe83e8848def5cff8aab5c5943024031400fa063d","Source":"/var/lib/docker/volumes/25868b8cea8ad6eba7f00a6fe83e8848def5cff8aab5c5943024031400fa063d/_data","Destination":"/var/lib/mysql","Driver":"local","Mode":"","RW":true,"Propagation":""}],"Config":{"Hostname":"cd5ecdf38df0","Domainname":"","User":"","AttachStdin":false,"AttachStdout":false,"AttachStderr":false,"ExposedPorts":{"3306/tcp":{},"33060/tcp":{}},"Tty":false,"OpenStdin":false,"StdinOnce":false,"Env":["MYSQL_DATABASE=adm_videos","MYSQL_PASSWORD=123456","MYSQL_ROOT_PASSWORD=123456","PATH=/usr/local/sbin:/usr/local/bin:/usr/sbin:/usr/bin:/sbin:/bin","GOSU_VERSION=1.16","MYSQL_MAJOR=8.0","MYSQL_VERSION=8.0.32-1.el8","MYSQL_SHELL_VERSION=8.0.32-1.el8"],"Cmd":["mysqld"],"Image":"mysql:latest","Volumes":{"/var/lib/mysql":{}},"WorkingDir":"","Entrypoint":["docker-entrypoint.sh"],"OnBuild":null,"Labels":{"org.testcontainers":"true","org.testcontainers.lang":"java","org.testcontainers.sessionId":"71b9672a-6f61-4546-a7b6-d603100b2e56","org.testcontainers.version":"1.17.6"}},"NetworkSettings":{"Bridge":"","SandboxID":"56762d63452c709eadac6b5c5f4b6cdd30da833580c632f91fd658806eaf4ddb","HairpinMode":false,"LinkLocalIPv6Address":"","LinkLocalIPv6PrefixLen":0,"Ports":{"3306/tcp":[{"HostIp":"0.0.0.0","HostPort":"63819"}],"33060/tcp":null},"SandboxKey":"/var/run/docker/netns/56762d63452c","SecondaryIPAddresses":null,"SecondaryIPv6Addresses":null,"EndpointID":"92fc2600684327987bceb8e2716a72ba2420fccd56812c1491af8c03946e105c","Gateway":"172.17.0.1","GlobalIPv6Address":"","GlobalIPv6PrefixLen":0,"IPAddress":"172.17.0.3","IPPrefixLen":16,"IPv6Gateway":"","MacAddress":"02:42:ac:11:00:03","Networks":{"bridge":{"IPAMConfig":null,"Links":null,"Aliases":null,"NetworkID":"308e234c143065751b16b4500cb9f48d5c7fc2116504b3d816a5e51cd4771062","EndpointID":"92fc2600684327987bceb8e2716a72ba2420fccd56812c1491af8c03946e105c","Gateway":"172.17.0.1","IPAddress":"172.17.0.3","IPPrefixLen":16,"IPv6Gateway":"","GlobalIPv6Address":"","GlobalIPv6PrefixLen":0,"MacAddress":"02:42:ac:11:00:03","DriverOpts":null}}}}[\n]"
01:14:46.563 [Test worker] DEBUG com.github.dockerjava.zerodep.shaded.org.apache.hc.client5.http.wire - http-outgoing-2 << "[\r][\n]"
01:14:46.564 [Test worker] DEBUG com.github.dockerjava.zerodep.shaded.org.apache.hc.client5.http.wire - http-outgoing-2 << "0[\r][\n]"
01:14:46.564 [Test worker] DEBUG com.github.dockerjava.zerodep.shaded.org.apache.hc.client5.http.wire - http-outgoing-2 << "[\r][\n]"
01:14:46.564 [Test worker] DEBUG com.github.dockerjava.zerodep.shaded.org.apache.hc.client5.http.impl.classic.InternalHttpClient - ep-00000024: releasing valid endpoint
01:14:46.564 [Test worker] DEBUG com.github.dockerjava.zerodep.shaded.org.apache.hc.client5.http.impl.io.PoolingHttpClientConnectionManager - ep-00000024: releasing endpoint
01:14:46.564 [Test worker] DEBUG com.github.dockerjava.zerodep.shaded.org.apache.hc.client5.http.impl.io.PoolingHttpClientConnectionManager - ep-00000024: connection http-outgoing-2 can be kept alive for 3 MINUTES
01:14:46.564 [Test worker] DEBUG com.github.dockerjava.zerodep.shaded.org.apache.hc.client5.http.impl.io.PoolingHttpClientConnectionManager - ep-00000024: connection released [route: {}->unix://localhost:2375][total available: 1; route allocated: 1 of 2147483647; total allocated: 1 of 2147483647]
01:14:46.564 [Test worker] DEBUG ]]>&#x1f433;<![CDATA[ [mysql:latest] - Trying to create JDBC connection using com.mysql.cj.jdbc.Driver to jdbc:mysql://localhost:63819/adm_videos?useSSL=false&allowPublicKeyRetrieval=true with properties: {password=123456, user=root}
01:14:46.667 [Test worker] DEBUG org.testcontainers.shaded.com.github.dockerjava.core.command.AbstrDockerCmd - Cmd: cd5ecdf38df06b4092e6cf67100cd20ad9c3cb4b6e9303874a7bd89885b140c9,false
01:14:46.667 [Test worker] DEBUG org.testcontainers.shaded.com.github.dockerjava.core.exec.InspectContainerCmdExec - GET: DefaultWebTarget{path=[/containers/cd5ecdf38df06b4092e6cf67100cd20ad9c3cb4b6e9303874a7bd89885b140c9/json], queryParams={}}
01:14:46.667 [Test worker] DEBUG com.github.dockerjava.zerodep.shaded.org.apache.hc.client5.http.impl.classic.InternalHttpClient - ex-00000026: preparing request execution
01:14:46.667 [Test worker] DEBUG com.github.dockerjava.zerodep.shaded.org.apache.hc.client5.http.protocol.RequestAddCookies - Cookie spec selected: strict
01:14:46.667 [Test worker] DEBUG com.github.dockerjava.zerodep.shaded.org.apache.hc.client5.http.protocol.RequestAuthCache - Auth cache not set in the context
01:14:46.667 [Test worker] DEBUG com.github.dockerjava.zerodep.shaded.org.apache.hc.client5.http.impl.classic.ProtocolExec - ex-00000026: target auth state: UNCHALLENGED
01:14:46.667 [Test worker] DEBUG com.github.dockerjava.zerodep.shaded.org.apache.hc.client5.http.impl.classic.ProtocolExec - ex-00000026: proxy auth state: UNCHALLENGED
01:14:46.667 [Test worker] DEBUG com.github.dockerjava.zerodep.shaded.org.apache.hc.client5.http.impl.classic.ConnectExec - ex-00000026: acquiring connection with route {}->unix://localhost:2375
01:14:46.667 [Test worker] DEBUG com.github.dockerjava.zerodep.shaded.org.apache.hc.client5.http.impl.classic.InternalHttpClient - ex-00000026: acquiring endpoint (3 MINUTES)
01:14:46.667 [Test worker] DEBUG com.github.dockerjava.zerodep.shaded.org.apache.hc.client5.http.impl.io.PoolingHttpClientConnectionManager - ex-00000026: endpoint lease request (3 MINUTES) [route: {}->unix://localhost:2375][total available: 1; route allocated: 1 of 2147483647; total allocated: 1 of 2147483647]
01:14:46.667 [Test worker] DEBUG com.github.dockerjava.zerodep.shaded.org.apache.hc.client5.http.impl.io.PoolingHttpClientConnectionManager - ex-00000026: endpoint leased [route: {}->unix://localhost:2375][total available: 0; route allocated: 1 of 2147483647; total allocated: 1 of 2147483647]
01:14:46.668 [Test worker] DEBUG com.github.dockerjava.zerodep.shaded.org.apache.hc.client5.http.impl.io.PoolingHttpClientConnectionManager - ex-00000026: acquired ep-00000025
01:14:46.668 [Test worker] DEBUG com.github.dockerjava.zerodep.shaded.org.apache.hc.client5.http.impl.classic.InternalHttpClient - ex-00000026: acquired endpoint ep-00000025
01:14:46.668 [Test worker] DEBUG com.github.dockerjava.zerodep.shaded.org.apache.hc.client5.http.impl.classic.MainClientExec - ex-00000026: executing GET /v1.32/containers/cd5ecdf38df06b4092e6cf67100cd20ad9c3cb4b6e9303874a7bd89885b140c9/json HTTP/1.1
01:14:46.668 [Test worker] DEBUG com.github.dockerjava.zerodep.shaded.org.apache.hc.client5.http.impl.classic.InternalHttpClient - ep-00000025: start execution ex-00000026
01:14:46.668 [Test worker] DEBUG com.github.dockerjava.zerodep.shaded.org.apache.hc.client5.http.impl.io.PoolingHttpClientConnectionManager - ep-00000025: executing exchange ex-00000026 over http-outgoing-2
01:14:46.668 [Test worker] DEBUG com.github.dockerjava.zerodep.shaded.org.apache.hc.client5.http.headers - http-outgoing-2 >> GET /v1.32/containers/cd5ecdf38df06b4092e6cf67100cd20ad9c3cb4b6e9303874a7bd89885b140c9/json HTTP/1.1
01:14:46.668 [Test worker] DEBUG com.github.dockerjava.zerodep.shaded.org.apache.hc.client5.http.headers - http-outgoing-2 >> accept: application/json
01:14:46.668 [Test worker] DEBUG com.github.dockerjava.zerodep.shaded.org.apache.hc.client5.http.headers - http-outgoing-2 >> x-tc-sid: 71b9672a-6f61-4546-a7b6-d603100b2e56
01:14:46.668 [Test worker] DEBUG com.github.dockerjava.zerodep.shaded.org.apache.hc.client5.http.headers - http-outgoing-2 >> Accept-Encoding: gzip, x-gzip, deflate
01:14:46.668 [Test worker] DEBUG com.github.dockerjava.zerodep.shaded.org.apache.hc.client5.http.headers - http-outgoing-2 >> Host: localhost:2375
01:14:46.668 [Test worker] DEBUG com.github.dockerjava.zerodep.shaded.org.apache.hc.client5.http.headers - http-outgoing-2 >> Connection: keep-alive
01:14:46.668 [Test worker] DEBUG com.github.dockerjava.zerodep.shaded.org.apache.hc.client5.http.headers - http-outgoing-2 >> User-Agent: Apache-HttpClient/5.0.3 (Java/17.0.2)
01:14:46.668 [Test worker] DEBUG com.github.dockerjava.zerodep.shaded.org.apache.hc.client5.http.wire - http-outgoing-2 >> "GET /v1.32/containers/cd5ecdf38df06b4092e6cf67100cd20ad9c3cb4b6e9303874a7bd89885b140c9/json HTTP/1.1[\r][\n]"
01:14:46.668 [Test worker] DEBUG com.github.dockerjava.zerodep.shaded.org.apache.hc.client5.http.wire - http-outgoing-2 >> "accept: application/json[\r][\n]"
01:14:46.668 [Test worker] DEBUG com.github.dockerjava.zerodep.shaded.org.apache.hc.client5.http.wire - http-outgoing-2 >> "x-tc-sid: 71b9672a-6f61-4546-a7b6-d603100b2e56[\r][\n]"
01:14:46.668 [Test worker] DEBUG com.github.dockerjava.zerodep.shaded.org.apache.hc.client5.http.wire - http-outgoing-2 >> "Accept-Encoding: gzip, x-gzip, deflate[\r][\n]"
01:14:46.668 [Test worker] DEBUG com.github.dockerjava.zerodep.shaded.org.apache.hc.client5.http.wire - http-outgoing-2 >> "Host: localhost:2375[\r][\n]"
01:14:46.668 [Test worker] DEBUG com.github.dockerjava.zerodep.shaded.org.apache.hc.client5.http.wire - http-outgoing-2 >> "Connection: keep-alive[\r][\n]"
01:14:46.668 [Test worker] DEBUG com.github.dockerjava.zerodep.shaded.org.apache.hc.client5.http.wire - http-outgoing-2 >> "User-Agent: Apache-HttpClient/5.0.3 (Java/17.0.2)[\r][\n]"
01:14:46.668 [Test worker] DEBUG com.github.dockerjava.zerodep.shaded.org.apache.hc.client5.http.wire - http-outgoing-2 >> "[\r][\n]"
01:14:46.670 [Test worker] DEBUG com.github.dockerjava.zerodep.shaded.org.apache.hc.client5.http.wire - http-outgoing-2 << "HTTP/1.1 200 OK[\r][\n]"
01:14:46.670 [Test worker] DEBUG com.github.dockerjava.zerodep.shaded.org.apache.hc.client5.http.wire - http-outgoing-2 << "Api-Version: 1.41[\r][\n]"
01:14:46.670 [Test worker] DEBUG com.github.dockerjava.zerodep.shaded.org.apache.hc.client5.http.wire - http-outgoing-2 << "Content-Type: application/json[\r][\n]"
01:14:46.670 [Test worker] DEBUG com.github.dockerjava.zerodep.shaded.org.apache.hc.client5.http.wire - http-outgoing-2 << "Date: Tue, 28 Mar 2023 04:14:46 GMT[\r][\n]"
01:14:46.670 [Test worker] DEBUG com.github.dockerjava.zerodep.shaded.org.apache.hc.client5.http.wire - http-outgoing-2 << "Docker-Experimental: false[\r][\n]"
01:14:46.670 [Test worker] DEBUG com.github.dockerjava.zerodep.shaded.org.apache.hc.client5.http.wire - http-outgoing-2 << "Ostype: linux[\r][\n]"
01:14:46.670 [Test worker] DEBUG com.github.dockerjava.zerodep.shaded.org.apache.hc.client5.http.wire - http-outgoing-2 << "Server: Docker/20.10.21 (linux)[\r][\n]"
01:14:46.670 [Test worker] DEBUG com.github.dockerjava.zerodep.shaded.org.apache.hc.client5.http.wire - http-outgoing-2 << "Transfer-Encoding: chunked[\r][\n]"
01:14:46.670 [Test worker] DEBUG com.github.dockerjava.zerodep.shaded.org.apache.hc.client5.http.wire - http-outgoing-2 << "[\r][\n]"
01:14:46.670 [Test worker] DEBUG com.github.dockerjava.zerodep.shaded.org.apache.hc.client5.http.headers - http-outgoing-2 << HTTP/1.1 200 OK
01:14:46.670 [Test worker] DEBUG com.github.dockerjava.zerodep.shaded.org.apache.hc.client5.http.headers - http-outgoing-2 << Api-Version: 1.41
01:14:46.670 [Test worker] DEBUG com.github.dockerjava.zerodep.shaded.org.apache.hc.client5.http.headers - http-outgoing-2 << Content-Type: application/json
01:14:46.670 [Test worker] DEBUG com.github.dockerjava.zerodep.shaded.org.apache.hc.client5.http.headers - http-outgoing-2 << Date: Tue, 28 Mar 2023 04:14:46 GMT
01:14:46.670 [Test worker] DEBUG com.github.dockerjava.zerodep.shaded.org.apache.hc.client5.http.headers - http-outgoing-2 << Docker-Experimental: false
01:14:46.670 [Test worker] DEBUG com.github.dockerjava.zerodep.shaded.org.apache.hc.client5.http.headers - http-outgoing-2 << Ostype: linux
01:14:46.670 [Test worker] DEBUG com.github.dockerjava.zerodep.shaded.org.apache.hc.client5.http.headers - http-outgoing-2 << Server: Docker/20.10.21 (linux)
01:14:46.670 [Test worker] DEBUG com.github.dockerjava.zerodep.shaded.org.apache.hc.client5.http.headers - http-outgoing-2 << Transfer-Encoding: chunked
01:14:46.670 [Test worker] DEBUG com.github.dockerjava.zerodep.shaded.org.apache.hc.client5.http.impl.classic.MainClientExec - ex-00000026: connection can be kept alive for 3 MINUTES
01:14:46.672 [Test worker] DEBUG com.github.dockerjava.zerodep.shaded.org.apache.hc.client5.http.wire - http-outgoing-2 << "18c1[\r][\n]"
01:14:46.672 [Test worker] DEBUG com.github.dockerjava.zerodep.shaded.org.apache.hc.client5.http.wire - http-outgoing-2 << "{"Id":"cd5ecdf38df06b4092e6cf67100cd20ad9c3cb4b6e9303874a7bd89885b140c9","Created":"2023-03-28T04:14:43.179040379Z","Path":"docker-entrypoint.sh","Args":["mysqld"],"State":{"Status":"running","Running":true,"Paused":false,"Restarting":false,"OOMKilled":false,"Dead":false,"Pid":20152,"ExitCode":0,"Error":"","StartedAt":"2023-03-28T04:14:43.680338005Z","FinishedAt":"0001-01-01T00:00:00Z"},"Image":"sha256:c7c54c29e20dccc1aefb936c8eba8bb8b98b87a4921102aba87fde2df5810af9","ResolvConfPath":"/var/lib/docker/containers/cd5ecdf38df06b4092e6cf67100cd20ad9c3cb4b6e9303874a7bd89885b140c9/resolv.conf","HostnamePath":"/var/lib/docker/containers/cd5ecdf38df06b4092e6cf67100cd20ad9c3cb4b6e9303874a7bd89885b140c9/hostname","HostsPath":"/var/lib/docker/containers/cd5ecdf38df06b4092e6cf67100cd20ad9c3cb4b6e9303874a7bd89885b140c9/hosts","LogPath":"/var/lib/docker/containers/cd5ecdf38df06b4092e6cf67100cd20ad9c3cb4b6e9303874a7bd89885b140c9/cd5ecdf38df06b4092e6cf67100cd20ad9c3cb4b6e9303874a7bd89885b140c9-json.log","Name":"/keen_matsumoto","RestartCount":0,"Driver":"overlay2","Platform":"linux","MountLabel":"","ProcessLabel":"","AppArmorProfile":"","ExecIDs":null,"HostConfig":{"Binds":[],"ContainerIDFile":"","LogConfig":{"Type":"json-file","Config":{}},"NetworkMode":"default","PortBindings":{"3306/tcp":[{"HostIp":"0.0.0.0","HostPort":"0"}]},"RestartPolicy":{"Name":"","MaximumRetryCount":0},"AutoRemove":false,"VolumeDriver":"","VolumesFrom":[],"CapAdd":null,"CapDrop":null,"CgroupnsMode":"private","Dns":null,"DnsOptions":null,"DnsSearch":null,"ExtraHosts":[],"GroupAdd":null,"IpcMode":"shareable","Cgroup":"","Links":null,"OomScoreAdj":0,"PidMode":"","Privileged":false,"PublishAllPorts":false,"ReadonlyRootfs":false,"SecurityOpt":null,"UTSMode":"","UsernsMode":"","ShmSize":67108864,"Runtime":"runc","ConsoleSize":[0,0],"Isolation":"","CpuShares":0,"Memory":0,"NanoCpus":0,"CgroupParent":"","BlkioWeight":0,"BlkioWeightDevice":null,"BlkioDeviceReadBps":null,"BlkioDeviceWriteBps":null,"BlkioDeviceReadIOps":null,"BlkioDeviceWriteIOps":null,"CpuPeriod":0,"CpuQuota":0,"CpuRealtimePeriod":0,"CpuRealtimeRuntime":0,"CpusetCpus":"","CpusetMems":"","Devices":null,"DeviceCgroupRules":null,"DeviceRequests":null,"KernelMemory":0,"KernelMemoryTCP":0,"MemoryReservation":0,"MemorySwap":0,"MemorySwappiness":null,"OomKillDisable":null,"PidsLimit":null,"Ulimits":null,"CpuCount":0,"CpuPercent":0,"IOMaximumIOps":0,"IOMaximumBandwidth":0,"MaskedPaths":["/proc/asound","/proc/acpi","/proc/kcore","/proc/keys","/proc/latency_stats","/proc/timer_list","/proc/timer_stats","/proc/sched_debug","/proc/scsi","/sys/firmware"],"ReadonlyPaths":["/proc/bus","/proc/fs","/proc/irq","/proc/sys","/proc/sysrq-trigger"]},"GraphDriver":{"Data":{"LowerDir":"/var/lib/docker/overlay2/830e690ec83ecff869b59e4f673c0c63b2bc5c068e9f710933e6f61763699fd2-init/diff:/var/lib/docker/overlay2/1bd8849d7a296305617011f940aa5cfabbe972a513397b1b6bbc27639b6c1f30/diff:/var/lib/docker/overlay2/199d69b2fbf78af4d4c95dec4fd2f8835ab0347eb49fb20ebb2ff3b99fedd6ad/diff:/var/lib/docker/overlay2/d83c38d654989311f75b9491329846033bfb7714de76ef635380dcfad5c740d9/diff:/var/lib/docker/overlay2/08600d0aea2ab2728bebcf5d2589c640a842f53d1ba3c4a4adccb4d03b923cf6/diff:/var/lib/docker/overlay2/9ec7c63a3fb14d13ac788bbf5e282ca821edc41260b79944e5e631037d13ecda/diff:/var/lib/docker/overlay2/db601d7a1b4ea6da638db620462f0da96fa55c559d02269c9ddb09027936ed87/diff:/var/lib/docker/overlay2/a6d2bd03f942e2565f21e74cfe152c7ec836a1c2b583f0790c685b92bdcfda24/diff:/var/lib/docker/overlay2/9badd16ea2c5e2bf1fde8b579683e41137dfc46ed5449234149f199a6751cc84/diff:/var/lib/docker/overlay2/6efb85646ed12e2d1181ef4cc6f6f6732c00c15a4035fe17ebc4f075ca573c30/diff:/var/lib/docker/overlay2/895d7c0ec09144d6ed33936f4e98e11c18010f7abd708cae1ce43aec7a7f2621/diff:/var/lib/docker/overlay2/1c4ba77aa573ab6e5e5069fd15eae71b3da940bde0f97a922a227ffc8a1d1096/diff","MergedDir":"/var/lib/docker/overlay2/830e690ec83ecff869b59e4f673c0c63b2bc5c068e9f710933e6f61763699fd2/merged","UpperDir":"/var/lib/docker/overlay2/830e690ec83ecff869b59e4f673c0c63b2bc5c068e9f710933e6f61763699fd2/diff","WorkDir":"/var/lib/docker/overlay2/830e690ec83ecff869b59e4f673c0c63b2bc5c068e9f710933e6f61763699fd2/work"},"Name":"overlay2"},"Mounts":[{"Type":"volume","Name":"25868b8cea8ad6eba7f00a6fe83e8848def5cff8aab5c5943024031400fa063d","Source":"/var/lib/docker/volumes/25868b8cea8ad6eba7f00a6fe83e8848def5cff8aab5c5943024031400fa063d/_data","Destination":"/var/lib/mysql","Driver":"local","Mode":"","RW":true,"Propagation":""}],"Config":{"Hostname":"cd5ecdf38df0","Domainname":"","User":"","AttachStdin":false,"AttachStdout":false,"AttachStderr":false,"ExposedPorts":{"3306/tcp":{},"33060/tcp":{}},"Tty":false,"OpenStdin":false,"StdinOnce":false,"Env":["MYSQL_DATABASE=adm_videos","MYSQL_PASSWORD=123456","MYSQL_ROOT_PASSWORD=123456","PATH=/usr/local/sbin:/usr/local/bin:/usr/sbin:/usr/bin:/sbin:/bin","GOSU_VERSION=1.16","MYSQL_MAJOR=8.0","MYSQL_VERSION=8.0.32-1.el8","MYSQL_SHELL_VERSION=8.0.32-1.el8"],"Cmd":["mysqld"],"Image":"mysql:latest","Volumes":{"/var/lib/mysql":{}},"WorkingDir":"","Entrypoint":["docker-entrypoint.sh"],"OnBuild":null,"Labels":{"org.testcontainers":"true","org.testcontainers.lang":"java","org.testcontainers.sessionId":"71b9672a-6f61-4546-a7b6-d603100b2e56","org.testcontainers.version":"1.17.6"}},"NetworkSettings":{"Bridge":"","SandboxID":"56762d63452c709eadac6b5c5f4b6cdd30da833580c632f91fd658806eaf4ddb","HairpinMode":false,"LinkLocalIPv6Address":"","LinkLocalIPv6PrefixLen":0,"Ports":{"3306/tcp":[{"HostIp":"0.0.0.0","HostPort":"63819"}],"33060/tcp":null},"SandboxKey":"/var/run/docker/netns/56762d63452c","SecondaryIPAddresses":null,"SecondaryIPv6Addresses":null,"EndpointID":"92fc2600684327987bceb8e2716a72ba2420fccd56812c1491af8c03946e105c","Gateway":"172.17.0.1","GlobalIPv6Address":"","GlobalIPv6PrefixLen":0,"IPAddress":"172.17.0.3","IPPrefixLen":16,"IPv6Gateway":"","MacAddress":"02:42:ac:11:00:03","Networks":{"bridge":{"IPAMConfig":null,"Links":null,"Aliases":null,"NetworkID":"308e234c143065751b16b4500cb9f48d5c7fc2116504b3d816a5e51cd4771062","EndpointID":"92fc2600684327987bceb8e2716a72ba2420fccd56812c1491af8c03946e105c","Gateway":"172.17.0.1","IPAddress":"172.17.0.3","IPPrefixLen":16,"IPv6Gateway":"","GlobalIPv6Address":"","GlobalIPv6PrefixLen":0,"MacAddress":"02:42:ac:11:00:03","DriverOpts":null}}}}[\n]"
01:14:46.672 [Test worker] DEBUG com.github.dockerjava.zerodep.shaded.org.apache.hc.client5.http.wire - http-outgoing-2 << "[\r][\n]"
01:14:46.673 [Test worker] DEBUG com.github.dockerjava.zerodep.shaded.org.apache.hc.client5.http.wire - http-outgoing-2 << "0[\r][\n]"
01:14:46.673 [Test worker] DEBUG com.github.dockerjava.zerodep.shaded.org.apache.hc.client5.http.wire - http-outgoing-2 << "[\r][\n]"
01:14:46.673 [Test worker] DEBUG com.github.dockerjava.zerodep.shaded.org.apache.hc.client5.http.impl.classic.InternalHttpClient - ep-00000025: releasing valid endpoint
01:14:46.673 [Test worker] DEBUG com.github.dockerjava.zerodep.shaded.org.apache.hc.client5.http.impl.io.PoolingHttpClientConnectionManager - ep-00000025: releasing endpoint
01:14:46.673 [Test worker] DEBUG com.github.dockerjava.zerodep.shaded.org.apache.hc.client5.http.impl.io.PoolingHttpClientConnectionManager - ep-00000025: connection http-outgoing-2 can be kept alive for 3 MINUTES
01:14:46.673 [Test worker] DEBUG com.github.dockerjava.zerodep.shaded.org.apache.hc.client5.http.impl.io.PoolingHttpClientConnectionManager - ep-00000025: connection released [route: {}->unix://localhost:2375][total available: 1; route allocated: 1 of 2147483647; total allocated: 1 of 2147483647]
01:14:46.674 [Test worker] DEBUG ]]>&#x1f433;<![CDATA[ [mysql:latest] - Trying to create JDBC connection using com.mysql.cj.jdbc.Driver to jdbc:mysql://localhost:63819/adm_videos?useSSL=false&allowPublicKeyRetrieval=true with properties: {password=123456, user=root}
01:14:46.778 [Test worker] DEBUG org.testcontainers.shaded.com.github.dockerjava.core.command.AbstrDockerCmd - Cmd: cd5ecdf38df06b4092e6cf67100cd20ad9c3cb4b6e9303874a7bd89885b140c9,false
01:14:46.779 [Test worker] DEBUG org.testcontainers.shaded.com.github.dockerjava.core.exec.InspectContainerCmdExec - GET: DefaultWebTarget{path=[/containers/cd5ecdf38df06b4092e6cf67100cd20ad9c3cb4b6e9303874a7bd89885b140c9/json], queryParams={}}
01:14:46.779 [Test worker] DEBUG com.github.dockerjava.zerodep.shaded.org.apache.hc.client5.http.impl.classic.InternalHttpClient - ex-00000027: preparing request execution
01:14:46.779 [Test worker] DEBUG com.github.dockerjava.zerodep.shaded.org.apache.hc.client5.http.protocol.RequestAddCookies - Cookie spec selected: strict
01:14:46.779 [Test worker] DEBUG com.github.dockerjava.zerodep.shaded.org.apache.hc.client5.http.protocol.RequestAuthCache - Auth cache not set in the context
01:14:46.779 [Test worker] DEBUG com.github.dockerjava.zerodep.shaded.org.apache.hc.client5.http.impl.classic.ProtocolExec - ex-00000027: target auth state: UNCHALLENGED
01:14:46.779 [Test worker] DEBUG com.github.dockerjava.zerodep.shaded.org.apache.hc.client5.http.impl.classic.ProtocolExec - ex-00000027: proxy auth state: UNCHALLENGED
01:14:46.779 [Test worker] DEBUG com.github.dockerjava.zerodep.shaded.org.apache.hc.client5.http.impl.classic.ConnectExec - ex-00000027: acquiring connection with route {}->unix://localhost:2375
01:14:46.779 [Test worker] DEBUG com.github.dockerjava.zerodep.shaded.org.apache.hc.client5.http.impl.classic.InternalHttpClient - ex-00000027: acquiring endpoint (3 MINUTES)
01:14:46.779 [Test worker] DEBUG com.github.dockerjava.zerodep.shaded.org.apache.hc.client5.http.impl.io.PoolingHttpClientConnectionManager - ex-00000027: endpoint lease request (3 MINUTES) [route: {}->unix://localhost:2375][total available: 1; route allocated: 1 of 2147483647; total allocated: 1 of 2147483647]
01:14:46.779 [Test worker] DEBUG com.github.dockerjava.zerodep.shaded.org.apache.hc.client5.http.impl.io.PoolingHttpClientConnectionManager - ex-00000027: endpoint leased [route: {}->unix://localhost:2375][total available: 0; route allocated: 1 of 2147483647; total allocated: 1 of 2147483647]
01:14:46.779 [Test worker] DEBUG com.github.dockerjava.zerodep.shaded.org.apache.hc.client5.http.impl.io.PoolingHttpClientConnectionManager - ex-00000027: acquired ep-00000026
01:14:46.779 [Test worker] DEBUG com.github.dockerjava.zerodep.shaded.org.apache.hc.client5.http.impl.classic.InternalHttpClient - ex-00000027: acquired endpoint ep-00000026
01:14:46.779 [Test worker] DEBUG com.github.dockerjava.zerodep.shaded.org.apache.hc.client5.http.impl.classic.MainClientExec - ex-00000027: executing GET /v1.32/containers/cd5ecdf38df06b4092e6cf67100cd20ad9c3cb4b6e9303874a7bd89885b140c9/json HTTP/1.1
01:14:46.779 [Test worker] DEBUG com.github.dockerjava.zerodep.shaded.org.apache.hc.client5.http.impl.classic.InternalHttpClient - ep-00000026: start execution ex-00000027
01:14:46.779 [Test worker] DEBUG com.github.dockerjava.zerodep.shaded.org.apache.hc.client5.http.impl.io.PoolingHttpClientConnectionManager - ep-00000026: executing exchange ex-00000027 over http-outgoing-2
01:14:46.779 [Test worker] DEBUG com.github.dockerjava.zerodep.shaded.org.apache.hc.client5.http.headers - http-outgoing-2 >> GET /v1.32/containers/cd5ecdf38df06b4092e6cf67100cd20ad9c3cb4b6e9303874a7bd89885b140c9/json HTTP/1.1
01:14:46.779 [Test worker] DEBUG com.github.dockerjava.zerodep.shaded.org.apache.hc.client5.http.headers - http-outgoing-2 >> accept: application/json
01:14:46.779 [Test worker] DEBUG com.github.dockerjava.zerodep.shaded.org.apache.hc.client5.http.headers - http-outgoing-2 >> x-tc-sid: 71b9672a-6f61-4546-a7b6-d603100b2e56
01:14:46.779 [Test worker] DEBUG com.github.dockerjava.zerodep.shaded.org.apache.hc.client5.http.headers - http-outgoing-2 >> Accept-Encoding: gzip, x-gzip, deflate
01:14:46.779 [Test worker] DEBUG com.github.dockerjava.zerodep.shaded.org.apache.hc.client5.http.headers - http-outgoing-2 >> Host: localhost:2375
01:14:46.779 [Test worker] DEBUG com.github.dockerjava.zerodep.shaded.org.apache.hc.client5.http.headers - http-outgoing-2 >> Connection: keep-alive
01:14:46.779 [Test worker] DEBUG com.github.dockerjava.zerodep.shaded.org.apache.hc.client5.http.headers - http-outgoing-2 >> User-Agent: Apache-HttpClient/5.0.3 (Java/17.0.2)
01:14:46.779 [Test worker] DEBUG com.github.dockerjava.zerodep.shaded.org.apache.hc.client5.http.wire - http-outgoing-2 >> "GET /v1.32/containers/cd5ecdf38df06b4092e6cf67100cd20ad9c3cb4b6e9303874a7bd89885b140c9/json HTTP/1.1[\r][\n]"
01:14:46.779 [Test worker] DEBUG com.github.dockerjava.zerodep.shaded.org.apache.hc.client5.http.wire - http-outgoing-2 >> "accept: application/json[\r][\n]"
01:14:46.779 [Test worker] DEBUG com.github.dockerjava.zerodep.shaded.org.apache.hc.client5.http.wire - http-outgoing-2 >> "x-tc-sid: 71b9672a-6f61-4546-a7b6-d603100b2e56[\r][\n]"
01:14:46.779 [Test worker] DEBUG com.github.dockerjava.zerodep.shaded.org.apache.hc.client5.http.wire - http-outgoing-2 >> "Accept-Encoding: gzip, x-gzip, deflate[\r][\n]"
01:14:46.779 [Test worker] DEBUG com.github.dockerjava.zerodep.shaded.org.apache.hc.client5.http.wire - http-outgoing-2 >> "Host: localhost:2375[\r][\n]"
01:14:46.779 [Test worker] DEBUG com.github.dockerjava.zerodep.shaded.org.apache.hc.client5.http.wire - http-outgoing-2 >> "Connection: keep-alive[\r][\n]"
01:14:46.779 [Test worker] DEBUG com.github.dockerjava.zerodep.shaded.org.apache.hc.client5.http.wire - http-outgoing-2 >> "User-Agent: Apache-HttpClient/5.0.3 (Java/17.0.2)[\r][\n]"
01:14:46.779 [Test worker] DEBUG com.github.dockerjava.zerodep.shaded.org.apache.hc.client5.http.wire - http-outgoing-2 >> "[\r][\n]"
01:14:46.783 [Test worker] DEBUG com.github.dockerjava.zerodep.shaded.org.apache.hc.client5.http.wire - http-outgoing-2 << "HTTP/1.1 200 OK[\r][\n]"
01:14:46.783 [Test worker] DEBUG com.github.dockerjava.zerodep.shaded.org.apache.hc.client5.http.wire - http-outgoing-2 << "Api-Version: 1.41[\r][\n]"
01:14:46.783 [Test worker] DEBUG com.github.dockerjava.zerodep.shaded.org.apache.hc.client5.http.wire - http-outgoing-2 << "Content-Type: application/json[\r][\n]"
01:14:46.783 [Test worker] DEBUG com.github.dockerjava.zerodep.shaded.org.apache.hc.client5.http.wire - http-outgoing-2 << "Date: Tue, 28 Mar 2023 04:14:46 GMT[\r][\n]"
01:14:46.783 [Test worker] DEBUG com.github.dockerjava.zerodep.shaded.org.apache.hc.client5.http.wire - http-outgoing-2 << "Docker-Experimental: false[\r][\n]"
01:14:46.783 [Test worker] DEBUG com.github.dockerjava.zerodep.shaded.org.apache.hc.client5.http.wire - http-outgoing-2 << "Ostype: linux[\r][\n]"
01:14:46.783 [Test worker] DEBUG com.github.dockerjava.zerodep.shaded.org.apache.hc.client5.http.wire - http-outgoing-2 << "Server: Docker/20.10.21 (linux)[\r][\n]"
01:14:46.783 [Test worker] DEBUG com.github.dockerjava.zerodep.shaded.org.apache.hc.client5.http.wire - http-outgoing-2 << "Transfer-Encoding: chunked[\r][\n]"
01:14:46.783 [Test worker] DEBUG com.github.dockerjava.zerodep.shaded.org.apache.hc.client5.http.wire - http-outgoing-2 << "[\r][\n]"
01:14:46.783 [Test worker] DEBUG com.github.dockerjava.zerodep.shaded.org.apache.hc.client5.http.headers - http-outgoing-2 << HTTP/1.1 200 OK
01:14:46.783 [Test worker] DEBUG com.github.dockerjava.zerodep.shaded.org.apache.hc.client5.http.headers - http-outgoing-2 << Api-Version: 1.41
01:14:46.783 [Test worker] DEBUG com.github.dockerjava.zerodep.shaded.org.apache.hc.client5.http.headers - http-outgoing-2 << Content-Type: application/json
01:14:46.783 [Test worker] DEBUG com.github.dockerjava.zerodep.shaded.org.apache.hc.client5.http.headers - http-outgoing-2 << Date: Tue, 28 Mar 2023 04:14:46 GMT
01:14:46.783 [Test worker] DEBUG com.github.dockerjava.zerodep.shaded.org.apache.hc.client5.http.headers - http-outgoing-2 << Docker-Experimental: false
01:14:46.783 [Test worker] DEBUG com.github.dockerjava.zerodep.shaded.org.apache.hc.client5.http.headers - http-outgoing-2 << Ostype: linux
01:14:46.783 [Test worker] DEBUG com.github.dockerjava.zerodep.shaded.org.apache.hc.client5.http.headers - http-outgoing-2 << Server: Docker/20.10.21 (linux)
01:14:46.783 [Test worker] DEBUG com.github.dockerjava.zerodep.shaded.org.apache.hc.client5.http.headers - http-outgoing-2 << Transfer-Encoding: chunked
01:14:46.783 [Test worker] DEBUG com.github.dockerjava.zerodep.shaded.org.apache.hc.client5.http.impl.classic.MainClientExec - ex-00000027: connection can be kept alive for 3 MINUTES
01:14:46.785 [Test worker] DEBUG com.github.dockerjava.zerodep.shaded.org.apache.hc.client5.http.wire - http-outgoing-2 << "18c1[\r][\n]"
01:14:46.785 [Test worker] DEBUG com.github.dockerjava.zerodep.shaded.org.apache.hc.client5.http.wire - http-outgoing-2 << "{"Id":"cd5ecdf38df06b4092e6cf67100cd20ad9c3cb4b6e9303874a7bd89885b140c9","Created":"2023-03-28T04:14:43.179040379Z","Path":"docker-entrypoint.sh","Args":["mysqld"],"State":{"Status":"running","Running":true,"Paused":false,"Restarting":false,"OOMKilled":false,"Dead":false,"Pid":20152,"ExitCode":0,"Error":"","StartedAt":"2023-03-28T04:14:43.680338005Z","FinishedAt":"0001-01-01T00:00:00Z"},"Image":"sha256:c7c54c29e20dccc1aefb936c8eba8bb8b98b87a4921102aba87fde2df5810af9","ResolvConfPath":"/var/lib/docker/containers/cd5ecdf38df06b4092e6cf67100cd20ad9c3cb4b6e9303874a7bd89885b140c9/resolv.conf","HostnamePath":"/var/lib/docker/containers/cd5ecdf38df06b4092e6cf67100cd20ad9c3cb4b6e9303874a7bd89885b140c9/hostname","HostsPath":"/var/lib/docker/containers/cd5ecdf38df06b4092e6cf67100cd20ad9c3cb4b6e9303874a7bd89885b140c9/hosts","LogPath":"/var/lib/docker/containers/cd5ecdf38df06b4092e6cf67100cd20ad9c3cb4b6e9303874a7bd89885b140c9/cd5ecdf38df06b4092e6cf67100cd20ad9c3cb4b6e9303874a7bd89885b140c9-json.log","Name":"/keen_matsumoto","RestartCount":0,"Driver":"overlay2","Platform":"linux","MountLabel":"","ProcessLabel":"","AppArmorProfile":"","ExecIDs":null,"HostConfig":{"Binds":[],"ContainerIDFile":"","LogConfig":{"Type":"json-file","Config":{}},"NetworkMode":"default","PortBindings":{"3306/tcp":[{"HostIp":"0.0.0.0","HostPort":"0"}]},"RestartPolicy":{"Name":"","MaximumRetryCount":0},"AutoRemove":false,"VolumeDriver":"","VolumesFrom":[],"CapAdd":null,"CapDrop":null,"CgroupnsMode":"private","Dns":null,"DnsOptions":null,"DnsSearch":null,"ExtraHosts":[],"GroupAdd":null,"IpcMode":"shareable","Cgroup":"","Links":null,"OomScoreAdj":0,"PidMode":"","Privileged":false,"PublishAllPorts":false,"ReadonlyRootfs":false,"SecurityOpt":null,"UTSMode":"","UsernsMode":"","ShmSize":67108864,"Runtime":"runc","ConsoleSize":[0,0],"Isolation":"","CpuShares":0,"Memory":0,"NanoCpus":0,"CgroupParent":"","BlkioWeight":0,"BlkioWeightDevice":null,"BlkioDeviceReadBps":null,"BlkioDeviceWriteBps":null,"BlkioDeviceReadIOps":null,"BlkioDeviceWriteIOps":null,"CpuPeriod":0,"CpuQuota":0,"CpuRealtimePeriod":0,"CpuRealtimeRuntime":0,"CpusetCpus":"","CpusetMems":"","Devices":null,"DeviceCgroupRules":null,"DeviceRequests":null,"KernelMemory":0,"KernelMemoryTCP":0,"MemoryReservation":0,"MemorySwap":0,"MemorySwappiness":null,"OomKillDisable":null,"PidsLimit":null,"Ulimits":null,"CpuCount":0,"CpuPercent":0,"IOMaximumIOps":0,"IOMaximumBandwidth":0,"MaskedPaths":["/proc/asound","/proc/acpi","/proc/kcore","/proc/keys","/proc/latency_stats","/proc/timer_list","/proc/timer_stats","/proc/sched_debug","/proc/scsi","/sys/firmware"],"ReadonlyPaths":["/proc/bus","/proc/fs","/proc/irq","/proc/sys","/proc/sysrq-trigger"]},"GraphDriver":{"Data":{"LowerDir":"/var/lib/docker/overlay2/830e690ec83ecff869b59e4f673c0c63b2bc5c068e9f710933e6f61763699fd2-init/diff:/var/lib/docker/overlay2/1bd8849d7a296305617011f940aa5cfabbe972a513397b1b6bbc27639b6c1f30/diff:/var/lib/docker/overlay2/199d69b2fbf78af4d4c95dec4fd2f8835ab0347eb49fb20ebb2ff3b99fedd6ad/diff:/var/lib/docker/overlay2/d83c38d654989311f75b9491329846033bfb7714de76ef635380dcfad5c740d9/diff:/var/lib/docker/overlay2/08600d0aea2ab2728bebcf5d2589c640a842f53d1ba3c4a4adccb4d03b923cf6/diff:/var/lib/docker/overlay2/9ec7c63a3fb14d13ac788bbf5e282ca821edc41260b79944e5e631037d13ecda/diff:/var/lib/docker/overlay2/db601d7a1b4ea6da638db620462f0da96fa55c559d02269c9ddb09027936ed87/diff:/var/lib/docker/overlay2/a6d2bd03f942e2565f21e74cfe152c7ec836a1c2b583f0790c685b92bdcfda24/diff:/var/lib/docker/overlay2/9badd16ea2c5e2bf1fde8b579683e41137dfc46ed5449234149f199a6751cc84/diff:/var/lib/docker/overlay2/6efb85646ed12e2d1181ef4cc6f6f6732c00c15a4035fe17ebc4f075ca573c30/diff:/var/lib/docker/overlay2/895d7c0ec09144d6ed33936f4e98e11c18010f7abd708cae1ce43aec7a7f2621/diff:/var/lib/docker/overlay2/1c4ba77aa573ab6e5e5069fd15eae71b3da940bde0f97a922a227ffc8a1d1096/diff","MergedDir":"/var/lib/docker/overlay2/830e690ec83ecff869b59e4f673c0c63b2bc5c068e9f710933e6f61763699fd2/merged","UpperDir":"/var/lib/docker/overlay2/830e690ec83ecff869b59e4f673c0c63b2bc5c068e9f710933e6f61763699fd2/diff","WorkDir":"/var/lib/docker/overlay2/830e690ec83ecff869b59e4f673c0c63b2bc5c068e9f710933e6f61763699fd2/work"},"Name":"overlay2"},"Mounts":[{"Type":"volume","Name":"25868b8cea8ad6eba7f00a6fe83e8848def5cff8aab5c5943024031400fa063d","Source":"/var/lib/docker/volumes/25868b8cea8ad6eba7f00a6fe83e8848def5cff8aab5c5943024031400fa063d/_data","Destination":"/var/lib/mysql","Driver":"local","Mode":"","RW":true,"Propagation":""}],"Config":{"Hostname":"cd5ecdf38df0","Domainname":"","User":"","AttachStdin":false,"AttachStdout":false,"AttachStderr":false,"ExposedPorts":{"3306/tcp":{},"33060/tcp":{}},"Tty":false,"OpenStdin":false,"StdinOnce":false,"Env":["MYSQL_DATABASE=adm_videos","MYSQL_PASSWORD=123456","MYSQL_ROOT_PASSWORD=123456","PATH=/usr/local/sbin:/usr/local/bin:/usr/sbin:/usr/bin:/sbin:/bin","GOSU_VERSION=1.16","MYSQL_MAJOR=8.0","MYSQL_VERSION=8.0.32-1.el8","MYSQL_SHELL_VERSION=8.0.32-1.el8"],"Cmd":["mysqld"],"Image":"mysql:latest","Volumes":{"/var/lib/mysql":{}},"WorkingDir":"","Entrypoint":["docker-entrypoint.sh"],"OnBuild":null,"Labels":{"org.testcontainers":"true","org.testcontainers.lang":"java","org.testcontainers.sessionId":"71b9672a-6f61-4546-a7b6-d603100b2e56","org.testcontainers.version":"1.17.6"}},"NetworkSettings":{"Bridge":"","SandboxID":"56762d63452c709eadac6b5c5f4b6cdd30da833580c632f91fd658806eaf4ddb","HairpinMode":false,"LinkLocalIPv6Address":"","LinkLocalIPv6PrefixLen":0,"Ports":{"3306/tcp":[{"HostIp":"0.0.0.0","HostPort":"63819"}],"33060/tcp":null},"SandboxKey":"/var/run/docker/netns/56762d63452c","SecondaryIPAddresses":null,"SecondaryIPv6Addresses":null,"EndpointID":"92fc2600684327987bceb8e2716a72ba2420fccd56812c1491af8c03946e105c","Gateway":"172.17.0.1","GlobalIPv6Address":"","GlobalIPv6PrefixLen":0,"IPAddress":"172.17.0.3","IPPrefixLen":16,"IPv6Gateway":"","MacAddress":"02:42:ac:11:00:03","Networks":{"bridge":{"IPAMConfig":null,"Links":null,"Aliases":null,"NetworkID":"308e234c143065751b16b4500cb9f48d5c7fc2116504b3d816a5e51cd4771062","EndpointID":"92fc2600684327987bceb8e2716a72ba2420fccd56812c1491af8c03946e105c","Gateway":"172.17.0.1","IPAddress":"172.17.0.3","IPPrefixLen":16,"IPv6Gateway":"","GlobalIPv6Address":"","GlobalIPv6PrefixLen":0,"MacAddress":"02:42:ac:11:00:03","DriverOpts":null}}}}[\n]"
01:14:46.785 [Test worker] DEBUG com.github.dockerjava.zerodep.shaded.org.apache.hc.client5.http.wire - http-outgoing-2 << "[\r][\n]"
01:14:46.785 [Test worker] DEBUG com.github.dockerjava.zerodep.shaded.org.apache.hc.client5.http.wire - http-outgoing-2 << "0[\r][\n]"
01:14:46.786 [Test worker] DEBUG com.github.dockerjava.zerodep.shaded.org.apache.hc.client5.http.wire - http-outgoing-2 << "[\r][\n]"
01:14:46.786 [Test worker] DEBUG com.github.dockerjava.zerodep.shaded.org.apache.hc.client5.http.impl.classic.InternalHttpClient - ep-00000026: releasing valid endpoint
01:14:46.786 [Test worker] DEBUG com.github.dockerjava.zerodep.shaded.org.apache.hc.client5.http.impl.io.PoolingHttpClientConnectionManager - ep-00000026: releasing endpoint
01:14:46.786 [Test worker] DEBUG com.github.dockerjava.zerodep.shaded.org.apache.hc.client5.http.impl.io.PoolingHttpClientConnectionManager - ep-00000026: connection http-outgoing-2 can be kept alive for 3 MINUTES
01:14:46.786 [Test worker] DEBUG com.github.dockerjava.zerodep.shaded.org.apache.hc.client5.http.impl.io.PoolingHttpClientConnectionManager - ep-00000026: connection released [route: {}->unix://localhost:2375][total available: 1; route allocated: 1 of 2147483647; total allocated: 1 of 2147483647]
01:14:46.786 [Test worker] DEBUG ]]>&#x1f433;<![CDATA[ [mysql:latest] - Trying to create JDBC connection using com.mysql.cj.jdbc.Driver to jdbc:mysql://localhost:63819/adm_videos?useSSL=false&allowPublicKeyRetrieval=true with properties: {password=123456, user=root}
01:14:46.889 [Test worker] DEBUG org.testcontainers.shaded.com.github.dockerjava.core.command.AbstrDockerCmd - Cmd: cd5ecdf38df06b4092e6cf67100cd20ad9c3cb4b6e9303874a7bd89885b140c9,false
01:14:46.889 [Test worker] DEBUG org.testcontainers.shaded.com.github.dockerjava.core.exec.InspectContainerCmdExec - GET: DefaultWebTarget{path=[/containers/cd5ecdf38df06b4092e6cf67100cd20ad9c3cb4b6e9303874a7bd89885b140c9/json], queryParams={}}
01:14:46.889 [Test worker] DEBUG com.github.dockerjava.zerodep.shaded.org.apache.hc.client5.http.impl.classic.InternalHttpClient - ex-00000028: preparing request execution
01:14:46.889 [Test worker] DEBUG com.github.dockerjava.zerodep.shaded.org.apache.hc.client5.http.protocol.RequestAddCookies - Cookie spec selected: strict
01:14:46.889 [Test worker] DEBUG com.github.dockerjava.zerodep.shaded.org.apache.hc.client5.http.protocol.RequestAuthCache - Auth cache not set in the context
01:14:46.889 [Test worker] DEBUG com.github.dockerjava.zerodep.shaded.org.apache.hc.client5.http.impl.classic.ProtocolExec - ex-00000028: target auth state: UNCHALLENGED
01:14:46.889 [Test worker] DEBUG com.github.dockerjava.zerodep.shaded.org.apache.hc.client5.http.impl.classic.ProtocolExec - ex-00000028: proxy auth state: UNCHALLENGED
01:14:46.889 [Test worker] DEBUG com.github.dockerjava.zerodep.shaded.org.apache.hc.client5.http.impl.classic.ConnectExec - ex-00000028: acquiring connection with route {}->unix://localhost:2375
01:14:46.889 [Test worker] DEBUG com.github.dockerjava.zerodep.shaded.org.apache.hc.client5.http.impl.classic.InternalHttpClient - ex-00000028: acquiring endpoint (3 MINUTES)
01:14:46.890 [Test worker] DEBUG com.github.dockerjava.zerodep.shaded.org.apache.hc.client5.http.impl.io.PoolingHttpClientConnectionManager - ex-00000028: endpoint lease request (3 MINUTES) [route: {}->unix://localhost:2375][total available: 1; route allocated: 1 of 2147483647; total allocated: 1 of 2147483647]
01:14:46.890 [Test worker] DEBUG com.github.dockerjava.zerodep.shaded.org.apache.hc.client5.http.impl.io.PoolingHttpClientConnectionManager - ex-00000028: endpoint leased [route: {}->unix://localhost:2375][total available: 0; route allocated: 1 of 2147483647; total allocated: 1 of 2147483647]
01:14:46.890 [Test worker] DEBUG com.github.dockerjava.zerodep.shaded.org.apache.hc.client5.http.impl.io.PoolingHttpClientConnectionManager - ex-00000028: acquired ep-00000027
01:14:46.890 [Test worker] DEBUG com.github.dockerjava.zerodep.shaded.org.apache.hc.client5.http.impl.classic.InternalHttpClient - ex-00000028: acquired endpoint ep-00000027
01:14:46.890 [Test worker] DEBUG com.github.dockerjava.zerodep.shaded.org.apache.hc.client5.http.impl.classic.MainClientExec - ex-00000028: executing GET /v1.32/containers/cd5ecdf38df06b4092e6cf67100cd20ad9c3cb4b6e9303874a7bd89885b140c9/json HTTP/1.1
01:14:46.890 [Test worker] DEBUG com.github.dockerjava.zerodep.shaded.org.apache.hc.client5.http.impl.classic.InternalHttpClient - ep-00000027: start execution ex-00000028
01:14:46.890 [Test worker] DEBUG com.github.dockerjava.zerodep.shaded.org.apache.hc.client5.http.impl.io.PoolingHttpClientConnectionManager - ep-00000027: executing exchange ex-00000028 over http-outgoing-2
01:14:46.890 [Test worker] DEBUG com.github.dockerjava.zerodep.shaded.org.apache.hc.client5.http.headers - http-outgoing-2 >> GET /v1.32/containers/cd5ecdf38df06b4092e6cf67100cd20ad9c3cb4b6e9303874a7bd89885b140c9/json HTTP/1.1
01:14:46.890 [Test worker] DEBUG com.github.dockerjava.zerodep.shaded.org.apache.hc.client5.http.headers - http-outgoing-2 >> accept: application/json
01:14:46.890 [Test worker] DEBUG com.github.dockerjava.zerodep.shaded.org.apache.hc.client5.http.headers - http-outgoing-2 >> x-tc-sid: 71b9672a-6f61-4546-a7b6-d603100b2e56
01:14:46.890 [Test worker] DEBUG com.github.dockerjava.zerodep.shaded.org.apache.hc.client5.http.headers - http-outgoing-2 >> Accept-Encoding: gzip, x-gzip, deflate
01:14:46.890 [Test worker] DEBUG com.github.dockerjava.zerodep.shaded.org.apache.hc.client5.http.headers - http-outgoing-2 >> Host: localhost:2375
01:14:46.890 [Test worker] DEBUG com.github.dockerjava.zerodep.shaded.org.apache.hc.client5.http.headers - http-outgoing-2 >> Connection: keep-alive
01:14:46.890 [Test worker] DEBUG com.github.dockerjava.zerodep.shaded.org.apache.hc.client5.http.headers - http-outgoing-2 >> User-Agent: Apache-HttpClient/5.0.3 (Java/17.0.2)
01:14:46.890 [Test worker] DEBUG com.github.dockerjava.zerodep.shaded.org.apache.hc.client5.http.wire - http-outgoing-2 >> "GET /v1.32/containers/cd5ecdf38df06b4092e6cf67100cd20ad9c3cb4b6e9303874a7bd89885b140c9/json HTTP/1.1[\r][\n]"
01:14:46.890 [Test worker] DEBUG com.github.dockerjava.zerodep.shaded.org.apache.hc.client5.http.wire - http-outgoing-2 >> "accept: application/json[\r][\n]"
01:14:46.890 [Test worker] DEBUG com.github.dockerjava.zerodep.shaded.org.apache.hc.client5.http.wire - http-outgoing-2 >> "x-tc-sid: 71b9672a-6f61-4546-a7b6-d603100b2e56[\r][\n]"
01:14:46.890 [Test worker] DEBUG com.github.dockerjava.zerodep.shaded.org.apache.hc.client5.http.wire - http-outgoing-2 >> "Accept-Encoding: gzip, x-gzip, deflate[\r][\n]"
01:14:46.890 [Test worker] DEBUG com.github.dockerjava.zerodep.shaded.org.apache.hc.client5.http.wire - http-outgoing-2 >> "Host: localhost:2375[\r][\n]"
01:14:46.890 [Test worker] DEBUG com.github.dockerjava.zerodep.shaded.org.apache.hc.client5.http.wire - http-outgoing-2 >> "Connection: keep-alive[\r][\n]"
01:14:46.890 [Test worker] DEBUG com.github.dockerjava.zerodep.shaded.org.apache.hc.client5.http.wire - http-outgoing-2 >> "User-Agent: Apache-HttpClient/5.0.3 (Java/17.0.2)[\r][\n]"
01:14:46.890 [Test worker] DEBUG com.github.dockerjava.zerodep.shaded.org.apache.hc.client5.http.wire - http-outgoing-2 >> "[\r][\n]"
01:14:46.892 [Test worker] DEBUG com.github.dockerjava.zerodep.shaded.org.apache.hc.client5.http.wire - http-outgoing-2 << "HTTP/1.1 200 OK[\r][\n]"
01:14:46.892 [Test worker] DEBUG com.github.dockerjava.zerodep.shaded.org.apache.hc.client5.http.wire - http-outgoing-2 << "Api-Version: 1.41[\r][\n]"
01:14:46.892 [Test worker] DEBUG com.github.dockerjava.zerodep.shaded.org.apache.hc.client5.http.wire - http-outgoing-2 << "Content-Type: application/json[\r][\n]"
01:14:46.892 [Test worker] DEBUG com.github.dockerjava.zerodep.shaded.org.apache.hc.client5.http.wire - http-outgoing-2 << "Date: Tue, 28 Mar 2023 04:14:46 GMT[\r][\n]"
01:14:46.892 [Test worker] DEBUG com.github.dockerjava.zerodep.shaded.org.apache.hc.client5.http.wire - http-outgoing-2 << "Docker-Experimental: false[\r][\n]"
01:14:46.892 [Test worker] DEBUG com.github.dockerjava.zerodep.shaded.org.apache.hc.client5.http.wire - http-outgoing-2 << "Ostype: linux[\r][\n]"
01:14:46.892 [Test worker] DEBUG com.github.dockerjava.zerodep.shaded.org.apache.hc.client5.http.wire - http-outgoing-2 << "Server: Docker/20.10.21 (linux)[\r][\n]"
01:14:46.892 [Test worker] DEBUG com.github.dockerjava.zerodep.shaded.org.apache.hc.client5.http.wire - http-outgoing-2 << "Transfer-Encoding: chunked[\r][\n]"
01:14:46.892 [Test worker] DEBUG com.github.dockerjava.zerodep.shaded.org.apache.hc.client5.http.wire - http-outgoing-2 << "[\r][\n]"
01:14:46.892 [Test worker] DEBUG com.github.dockerjava.zerodep.shaded.org.apache.hc.client5.http.headers - http-outgoing-2 << HTTP/1.1 200 OK
01:14:46.892 [Test worker] DEBUG com.github.dockerjava.zerodep.shaded.org.apache.hc.client5.http.headers - http-outgoing-2 << Api-Version: 1.41
01:14:46.892 [Test worker] DEBUG com.github.dockerjava.zerodep.shaded.org.apache.hc.client5.http.headers - http-outgoing-2 << Content-Type: application/json
01:14:46.892 [Test worker] DEBUG com.github.dockerjava.zerodep.shaded.org.apache.hc.client5.http.headers - http-outgoing-2 << Date: Tue, 28 Mar 2023 04:14:46 GMT
01:14:46.892 [Test worker] DEBUG com.github.dockerjava.zerodep.shaded.org.apache.hc.client5.http.headers - http-outgoing-2 << Docker-Experimental: false
01:14:46.892 [Test worker] DEBUG com.github.dockerjava.zerodep.shaded.org.apache.hc.client5.http.headers - http-outgoing-2 << Ostype: linux
01:14:46.892 [Test worker] DEBUG com.github.dockerjava.zerodep.shaded.org.apache.hc.client5.http.headers - http-outgoing-2 << Server: Docker/20.10.21 (linux)
01:14:46.892 [Test worker] DEBUG com.github.dockerjava.zerodep.shaded.org.apache.hc.client5.http.headers - http-outgoing-2 << Transfer-Encoding: chunked
01:14:46.892 [Test worker] DEBUG com.github.dockerjava.zerodep.shaded.org.apache.hc.client5.http.impl.classic.MainClientExec - ex-00000028: connection can be kept alive for 3 MINUTES
01:14:46.894 [Test worker] DEBUG com.github.dockerjava.zerodep.shaded.org.apache.hc.client5.http.wire - http-outgoing-2 << "18c1[\r][\n]"
01:14:46.894 [Test worker] DEBUG com.github.dockerjava.zerodep.shaded.org.apache.hc.client5.http.wire - http-outgoing-2 << "{"Id":"cd5ecdf38df06b4092e6cf67100cd20ad9c3cb4b6e9303874a7bd89885b140c9","Created":"2023-03-28T04:14:43.179040379Z","Path":"docker-entrypoint.sh","Args":["mysqld"],"State":{"Status":"running","Running":true,"Paused":false,"Restarting":false,"OOMKilled":false,"Dead":false,"Pid":20152,"ExitCode":0,"Error":"","StartedAt":"2023-03-28T04:14:43.680338005Z","FinishedAt":"0001-01-01T00:00:00Z"},"Image":"sha256:c7c54c29e20dccc1aefb936c8eba8bb8b98b87a4921102aba87fde2df5810af9","ResolvConfPath":"/var/lib/docker/containers/cd5ecdf38df06b4092e6cf67100cd20ad9c3cb4b6e9303874a7bd89885b140c9/resolv.conf","HostnamePath":"/var/lib/docker/containers/cd5ecdf38df06b4092e6cf67100cd20ad9c3cb4b6e9303874a7bd89885b140c9/hostname","HostsPath":"/var/lib/docker/containers/cd5ecdf38df06b4092e6cf67100cd20ad9c3cb4b6e9303874a7bd89885b140c9/hosts","LogPath":"/var/lib/docker/containers/cd5ecdf38df06b4092e6cf67100cd20ad9c3cb4b6e9303874a7bd89885b140c9/cd5ecdf38df06b4092e6cf67100cd20ad9c3cb4b6e9303874a7bd89885b140c9-json.log","Name":"/keen_matsumoto","RestartCount":0,"Driver":"overlay2","Platform":"linux","MountLabel":"","ProcessLabel":"","AppArmorProfile":"","ExecIDs":null,"HostConfig":{"Binds":[],"ContainerIDFile":"","LogConfig":{"Type":"json-file","Config":{}},"NetworkMode":"default","PortBindings":{"3306/tcp":[{"HostIp":"0.0.0.0","HostPort":"0"}]},"RestartPolicy":{"Name":"","MaximumRetryCount":0},"AutoRemove":false,"VolumeDriver":"","VolumesFrom":[],"CapAdd":null,"CapDrop":null,"CgroupnsMode":"private","Dns":null,"DnsOptions":null,"DnsSearch":null,"ExtraHosts":[],"GroupAdd":null,"IpcMode":"shareable","Cgroup":"","Links":null,"OomScoreAdj":0,"PidMode":"","Privileged":false,"PublishAllPorts":false,"ReadonlyRootfs":false,"SecurityOpt":null,"UTSMode":"","UsernsMode":"","ShmSize":67108864,"Runtime":"runc","ConsoleSize":[0,0],"Isolation":"","CpuShares":0,"Memory":0,"NanoCpus":0,"CgroupParent":"","BlkioWeight":0,"BlkioWeightDevice":null,"BlkioDeviceReadBps":null,"BlkioDeviceWriteBps":null,"BlkioDeviceReadIOps":null,"BlkioDeviceWriteIOps":null,"CpuPeriod":0,"CpuQuota":0,"CpuRealtimePeriod":0,"CpuRealtimeRuntime":0,"CpusetCpus":"","CpusetMems":"","Devices":null,"DeviceCgroupRules":null,"DeviceRequests":null,"KernelMemory":0,"KernelMemoryTCP":0,"MemoryReservation":0,"MemorySwap":0,"MemorySwappiness":null,"OomKillDisable":null,"PidsLimit":null,"Ulimits":null,"CpuCount":0,"CpuPercent":0,"IOMaximumIOps":0,"IOMaximumBandwidth":0,"MaskedPaths":["/proc/asound","/proc/acpi","/proc/kcore","/proc/keys","/proc/latency_stats","/proc/timer_list","/proc/timer_stats","/proc/sched_debug","/proc/scsi","/sys/firmware"],"ReadonlyPaths":["/proc/bus","/proc/fs","/proc/irq","/proc/sys","/proc/sysrq-trigger"]},"GraphDriver":{"Data":{"LowerDir":"/var/lib/docker/overlay2/830e690ec83ecff869b59e4f673c0c63b2bc5c068e9f710933e6f61763699fd2-init/diff:/var/lib/docker/overlay2/1bd8849d7a296305617011f940aa5cfabbe972a513397b1b6bbc27639b6c1f30/diff:/var/lib/docker/overlay2/199d69b2fbf78af4d4c95dec4fd2f8835ab0347eb49fb20ebb2ff3b99fedd6ad/diff:/var/lib/docker/overlay2/d83c38d654989311f75b9491329846033bfb7714de76ef635380dcfad5c740d9/diff:/var/lib/docker/overlay2/08600d0aea2ab2728bebcf5d2589c640a842f53d1ba3c4a4adccb4d03b923cf6/diff:/var/lib/docker/overlay2/9ec7c63a3fb14d13ac788bbf5e282ca821edc41260b79944e5e631037d13ecda/diff:/var/lib/docker/overlay2/db601d7a1b4ea6da638db620462f0da96fa55c559d02269c9ddb09027936ed87/diff:/var/lib/docker/overlay2/a6d2bd03f942e2565f21e74cfe152c7ec836a1c2b583f0790c685b92bdcfda24/diff:/var/lib/docker/overlay2/9badd16ea2c5e2bf1fde8b579683e41137dfc46ed5449234149f199a6751cc84/diff:/var/lib/docker/overlay2/6efb85646ed12e2d1181ef4cc6f6f6732c00c15a4035fe17ebc4f075ca573c30/diff:/var/lib/docker/overlay2/895d7c0ec09144d6ed33936f4e98e11c18010f7abd708cae1ce43aec7a7f2621/diff:/var/lib/docker/overlay2/1c4ba77aa573ab6e5e5069fd15eae71b3da940bde0f97a922a227ffc8a1d1096/diff","MergedDir":"/var/lib/docker/overlay2/830e690ec83ecff869b59e4f673c0c63b2bc5c068e9f710933e6f61763699fd2/merged","UpperDir":"/var/lib/docker/overlay2/830e690ec83ecff869b59e4f673c0c63b2bc5c068e9f710933e6f61763699fd2/diff","WorkDir":"/var/lib/docker/overlay2/830e690ec83ecff869b59e4f673c0c63b2bc5c068e9f710933e6f61763699fd2/work"},"Name":"overlay2"},"Mounts":[{"Type":"volume","Name":"25868b8cea8ad6eba7f00a6fe83e8848def5cff8aab5c5943024031400fa063d","Source":"/var/lib/docker/volumes/25868b8cea8ad6eba7f00a6fe83e8848def5cff8aab5c5943024031400fa063d/_data","Destination":"/var/lib/mysql","Driver":"local","Mode":"","RW":true,"Propagation":""}],"Config":{"Hostname":"cd5ecdf38df0","Domainname":"","User":"","AttachStdin":false,"AttachStdout":false,"AttachStderr":false,"ExposedPorts":{"3306/tcp":{},"33060/tcp":{}},"Tty":false,"OpenStdin":false,"StdinOnce":false,"Env":["MYSQL_DATABASE=adm_videos","MYSQL_PASSWORD=123456","MYSQL_ROOT_PASSWORD=123456","PATH=/usr/local/sbin:/usr/local/bin:/usr/sbin:/usr/bin:/sbin:/bin","GOSU_VERSION=1.16","MYSQL_MAJOR=8.0","MYSQL_VERSION=8.0.32-1.el8","MYSQL_SHELL_VERSION=8.0.32-1.el8"],"Cmd":["mysqld"],"Image":"mysql:latest","Volumes":{"/var/lib/mysql":{}},"WorkingDir":"","Entrypoint":["docker-entrypoint.sh"],"OnBuild":null,"Labels":{"org.testcontainers":"true","org.testcontainers.lang":"java","org.testcontainers.sessionId":"71b9672a-6f61-4546-a7b6-d603100b2e56","org.testcontainers.version":"1.17.6"}},"NetworkSettings":{"Bridge":"","SandboxID":"56762d63452c709eadac6b5c5f4b6cdd30da833580c632f91fd658806eaf4ddb","HairpinMode":false,"LinkLocalIPv6Address":"","LinkLocalIPv6PrefixLen":0,"Ports":{"3306/tcp":[{"HostIp":"0.0.0.0","HostPort":"63819"}],"33060/tcp":null},"SandboxKey":"/var/run/docker/netns/56762d63452c","SecondaryIPAddresses":null,"SecondaryIPv6Addresses":null,"EndpointID":"92fc2600684327987bceb8e2716a72ba2420fccd56812c1491af8c03946e105c","Gateway":"172.17.0.1","GlobalIPv6Address":"","GlobalIPv6PrefixLen":0,"IPAddress":"172.17.0.3","IPPrefixLen":16,"IPv6Gateway":"","MacAddress":"02:42:ac:11:00:03","Networks":{"bridge":{"IPAMConfig":null,"Links":null,"Aliases":null,"NetworkID":"308e234c143065751b16b4500cb9f48d5c7fc2116504b3d816a5e51cd4771062","EndpointID":"92fc2600684327987bceb8e2716a72ba2420fccd56812c1491af8c03946e105c","Gateway":"172.17.0.1","IPAddress":"172.17.0.3","IPPrefixLen":16,"IPv6Gateway":"","GlobalIPv6Address":"","GlobalIPv6PrefixLen":0,"MacAddress":"02:42:ac:11:00:03","DriverOpts":null}}}}[\n]"
01:14:46.894 [Test worker] DEBUG com.github.dockerjava.zerodep.shaded.org.apache.hc.client5.http.wire - http-outgoing-2 << "[\r][\n]"
01:14:46.894 [Test worker] DEBUG com.github.dockerjava.zerodep.shaded.org.apache.hc.client5.http.wire - http-outgoing-2 << "0[\r][\n]"
01:14:46.894 [Test worker] DEBUG com.github.dockerjava.zerodep.shaded.org.apache.hc.client5.http.wire - http-outgoing-2 << "[\r][\n]"
01:14:46.894 [Test worker] DEBUG com.github.dockerjava.zerodep.shaded.org.apache.hc.client5.http.impl.classic.InternalHttpClient - ep-00000027: releasing valid endpoint
01:14:46.894 [Test worker] DEBUG com.github.dockerjava.zerodep.shaded.org.apache.hc.client5.http.impl.io.PoolingHttpClientConnectionManager - ep-00000027: releasing endpoint
01:14:46.894 [Test worker] DEBUG com.github.dockerjava.zerodep.shaded.org.apache.hc.client5.http.impl.io.PoolingHttpClientConnectionManager - ep-00000027: connection http-outgoing-2 can be kept alive for 3 MINUTES
01:14:46.894 [Test worker] DEBUG com.github.dockerjava.zerodep.shaded.org.apache.hc.client5.http.impl.io.PoolingHttpClientConnectionManager - ep-00000027: connection released [route: {}->unix://localhost:2375][total available: 1; route allocated: 1 of 2147483647; total allocated: 1 of 2147483647]
01:14:46.895 [Test worker] DEBUG ]]>&#x1f433;<![CDATA[ [mysql:latest] - Trying to create JDBC connection using com.mysql.cj.jdbc.Driver to jdbc:mysql://localhost:63819/adm_videos?useSSL=false&allowPublicKeyRetrieval=true with properties: {password=123456, user=root}
01:14:46.997 [Test worker] DEBUG org.testcontainers.shaded.com.github.dockerjava.core.command.AbstrDockerCmd - Cmd: cd5ecdf38df06b4092e6cf67100cd20ad9c3cb4b6e9303874a7bd89885b140c9,false
01:14:46.998 [Test worker] DEBUG org.testcontainers.shaded.com.github.dockerjava.core.exec.InspectContainerCmdExec - GET: DefaultWebTarget{path=[/containers/cd5ecdf38df06b4092e6cf67100cd20ad9c3cb4b6e9303874a7bd89885b140c9/json], queryParams={}}
01:14:46.998 [Test worker] DEBUG com.github.dockerjava.zerodep.shaded.org.apache.hc.client5.http.impl.classic.InternalHttpClient - ex-00000029: preparing request execution
01:14:46.998 [Test worker] DEBUG com.github.dockerjava.zerodep.shaded.org.apache.hc.client5.http.protocol.RequestAddCookies - Cookie spec selected: strict
01:14:46.998 [Test worker] DEBUG com.github.dockerjava.zerodep.shaded.org.apache.hc.client5.http.protocol.RequestAuthCache - Auth cache not set in the context
01:14:46.998 [Test worker] DEBUG com.github.dockerjava.zerodep.shaded.org.apache.hc.client5.http.impl.classic.ProtocolExec - ex-00000029: target auth state: UNCHALLENGED
01:14:46.998 [Test worker] DEBUG com.github.dockerjava.zerodep.shaded.org.apache.hc.client5.http.impl.classic.ProtocolExec - ex-00000029: proxy auth state: UNCHALLENGED
01:14:46.998 [Test worker] DEBUG com.github.dockerjava.zerodep.shaded.org.apache.hc.client5.http.impl.classic.ConnectExec - ex-00000029: acquiring connection with route {}->unix://localhost:2375
01:14:46.998 [Test worker] DEBUG com.github.dockerjava.zerodep.shaded.org.apache.hc.client5.http.impl.classic.InternalHttpClient - ex-00000029: acquiring endpoint (3 MINUTES)
01:14:46.998 [Test worker] DEBUG com.github.dockerjava.zerodep.shaded.org.apache.hc.client5.http.impl.io.PoolingHttpClientConnectionManager - ex-00000029: endpoint lease request (3 MINUTES) [route: {}->unix://localhost:2375][total available: 1; route allocated: 1 of 2147483647; total allocated: 1 of 2147483647]
01:14:46.998 [Test worker] DEBUG com.github.dockerjava.zerodep.shaded.org.apache.hc.client5.http.impl.io.PoolingHttpClientConnectionManager - ex-00000029: endpoint leased [route: {}->unix://localhost:2375][total available: 0; route allocated: 1 of 2147483647; total allocated: 1 of 2147483647]
01:14:46.998 [Test worker] DEBUG com.github.dockerjava.zerodep.shaded.org.apache.hc.client5.http.impl.io.PoolingHttpClientConnectionManager - ex-00000029: acquired ep-00000028
01:14:46.998 [Test worker] DEBUG com.github.dockerjava.zerodep.shaded.org.apache.hc.client5.http.impl.classic.InternalHttpClient - ex-00000029: acquired endpoint ep-00000028
01:14:46.998 [Test worker] DEBUG com.github.dockerjava.zerodep.shaded.org.apache.hc.client5.http.impl.classic.MainClientExec - ex-00000029: executing GET /v1.32/containers/cd5ecdf38df06b4092e6cf67100cd20ad9c3cb4b6e9303874a7bd89885b140c9/json HTTP/1.1
01:14:46.998 [Test worker] DEBUG com.github.dockerjava.zerodep.shaded.org.apache.hc.client5.http.impl.classic.InternalHttpClient - ep-00000028: start execution ex-00000029
01:14:46.998 [Test worker] DEBUG com.github.dockerjava.zerodep.shaded.org.apache.hc.client5.http.impl.io.PoolingHttpClientConnectionManager - ep-00000028: executing exchange ex-00000029 over http-outgoing-2
01:14:46.998 [Test worker] DEBUG com.github.dockerjava.zerodep.shaded.org.apache.hc.client5.http.headers - http-outgoing-2 >> GET /v1.32/containers/cd5ecdf38df06b4092e6cf67100cd20ad9c3cb4b6e9303874a7bd89885b140c9/json HTTP/1.1
01:14:46.998 [Test worker] DEBUG com.github.dockerjava.zerodep.shaded.org.apache.hc.client5.http.headers - http-outgoing-2 >> accept: application/json
01:14:46.998 [Test worker] DEBUG com.github.dockerjava.zerodep.shaded.org.apache.hc.client5.http.headers - http-outgoing-2 >> x-tc-sid: 71b9672a-6f61-4546-a7b6-d603100b2e56
01:14:46.998 [Test worker] DEBUG com.github.dockerjava.zerodep.shaded.org.apache.hc.client5.http.headers - http-outgoing-2 >> Accept-Encoding: gzip, x-gzip, deflate
01:14:46.998 [Test worker] DEBUG com.github.dockerjava.zerodep.shaded.org.apache.hc.client5.http.headers - http-outgoing-2 >> Host: localhost:2375
01:14:46.998 [Test worker] DEBUG com.github.dockerjava.zerodep.shaded.org.apache.hc.client5.http.headers - http-outgoing-2 >> Connection: keep-alive
01:14:46.998 [Test worker] DEBUG com.github.dockerjava.zerodep.shaded.org.apache.hc.client5.http.headers - http-outgoing-2 >> User-Agent: Apache-HttpClient/5.0.3 (Java/17.0.2)
01:14:46.998 [Test worker] DEBUG com.github.dockerjava.zerodep.shaded.org.apache.hc.client5.http.wire - http-outgoing-2 >> "GET /v1.32/containers/cd5ecdf38df06b4092e6cf67100cd20ad9c3cb4b6e9303874a7bd89885b140c9/json HTTP/1.1[\r][\n]"
01:14:46.998 [Test worker] DEBUG com.github.dockerjava.zerodep.shaded.org.apache.hc.client5.http.wire - http-outgoing-2 >> "accept: application/json[\r][\n]"
01:14:46.998 [Test worker] DEBUG com.github.dockerjava.zerodep.shaded.org.apache.hc.client5.http.wire - http-outgoing-2 >> "x-tc-sid: 71b9672a-6f61-4546-a7b6-d603100b2e56[\r][\n]"
01:14:46.998 [Test worker] DEBUG com.github.dockerjava.zerodep.shaded.org.apache.hc.client5.http.wire - http-outgoing-2 >> "Accept-Encoding: gzip, x-gzip, deflate[\r][\n]"
01:14:46.998 [Test worker] DEBUG com.github.dockerjava.zerodep.shaded.org.apache.hc.client5.http.wire - http-outgoing-2 >> "Host: localhost:2375[\r][\n]"
01:14:46.998 [Test worker] DEBUG com.github.dockerjava.zerodep.shaded.org.apache.hc.client5.http.wire - http-outgoing-2 >> "Connection: keep-alive[\r][\n]"
01:14:46.998 [Test worker] DEBUG com.github.dockerjava.zerodep.shaded.org.apache.hc.client5.http.wire - http-outgoing-2 >> "User-Agent: Apache-HttpClient/5.0.3 (Java/17.0.2)[\r][\n]"
01:14:46.998 [Test worker] DEBUG com.github.dockerjava.zerodep.shaded.org.apache.hc.client5.http.wire - http-outgoing-2 >> "[\r][\n]"
01:14:47.001 [Test worker] DEBUG com.github.dockerjava.zerodep.shaded.org.apache.hc.client5.http.wire - http-outgoing-2 << "HTTP/1.1 200 OK[\r][\n]"
01:14:47.001 [Test worker] DEBUG com.github.dockerjava.zerodep.shaded.org.apache.hc.client5.http.wire - http-outgoing-2 << "Api-Version: 1.41[\r][\n]"
01:14:47.001 [Test worker] DEBUG com.github.dockerjava.zerodep.shaded.org.apache.hc.client5.http.wire - http-outgoing-2 << "Content-Type: application/json[\r][\n]"
01:14:47.001 [Test worker] DEBUG com.github.dockerjava.zerodep.shaded.org.apache.hc.client5.http.wire - http-outgoing-2 << "Date: Tue, 28 Mar 2023 04:14:47 GMT[\r][\n]"
01:14:47.001 [Test worker] DEBUG com.github.dockerjava.zerodep.shaded.org.apache.hc.client5.http.wire - http-outgoing-2 << "Docker-Experimental: false[\r][\n]"
01:14:47.001 [Test worker] DEBUG com.github.dockerjava.zerodep.shaded.org.apache.hc.client5.http.wire - http-outgoing-2 << "Ostype: linux[\r][\n]"
01:14:47.001 [Test worker] DEBUG com.github.dockerjava.zerodep.shaded.org.apache.hc.client5.http.wire - http-outgoing-2 << "Server: Docker/20.10.21 (linux)[\r][\n]"
01:14:47.001 [Test worker] DEBUG com.github.dockerjava.zerodep.shaded.org.apache.hc.client5.http.wire - http-outgoing-2 << "Transfer-Encoding: chunked[\r][\n]"
01:14:47.001 [Test worker] DEBUG com.github.dockerjava.zerodep.shaded.org.apache.hc.client5.http.wire - http-outgoing-2 << "[\r][\n]"
01:14:47.001 [Test worker] DEBUG com.github.dockerjava.zerodep.shaded.org.apache.hc.client5.http.headers - http-outgoing-2 << HTTP/1.1 200 OK
01:14:47.001 [Test worker] DEBUG com.github.dockerjava.zerodep.shaded.org.apache.hc.client5.http.headers - http-outgoing-2 << Api-Version: 1.41
01:14:47.001 [Test worker] DEBUG com.github.dockerjava.zerodep.shaded.org.apache.hc.client5.http.headers - http-outgoing-2 << Content-Type: application/json
01:14:47.001 [Test worker] DEBUG com.github.dockerjava.zerodep.shaded.org.apache.hc.client5.http.headers - http-outgoing-2 << Date: Tue, 28 Mar 2023 04:14:47 GMT
01:14:47.001 [Test worker] DEBUG com.github.dockerjava.zerodep.shaded.org.apache.hc.client5.http.headers - http-outgoing-2 << Docker-Experimental: false
01:14:47.001 [Test worker] DEBUG com.github.dockerjava.zerodep.shaded.org.apache.hc.client5.http.headers - http-outgoing-2 << Ostype: linux
01:14:47.001 [Test worker] DEBUG com.github.dockerjava.zerodep.shaded.org.apache.hc.client5.http.headers - http-outgoing-2 << Server: Docker/20.10.21 (linux)
01:14:47.001 [Test worker] DEBUG com.github.dockerjava.zerodep.shaded.org.apache.hc.client5.http.headers - http-outgoing-2 << Transfer-Encoding: chunked
01:14:47.002 [Test worker] DEBUG com.github.dockerjava.zerodep.shaded.org.apache.hc.client5.http.impl.classic.MainClientExec - ex-00000029: connection can be kept alive for 3 MINUTES
01:14:47.003 [Test worker] DEBUG com.github.dockerjava.zerodep.shaded.org.apache.hc.client5.http.wire - http-outgoing-2 << "18c1[\r][\n]"
01:14:47.003 [Test worker] DEBUG com.github.dockerjava.zerodep.shaded.org.apache.hc.client5.http.wire - http-outgoing-2 << "{"Id":"cd5ecdf38df06b4092e6cf67100cd20ad9c3cb4b6e9303874a7bd89885b140c9","Created":"2023-03-28T04:14:43.179040379Z","Path":"docker-entrypoint.sh","Args":["mysqld"],"State":{"Status":"running","Running":true,"Paused":false,"Restarting":false,"OOMKilled":false,"Dead":false,"Pid":20152,"ExitCode":0,"Error":"","StartedAt":"2023-03-28T04:14:43.680338005Z","FinishedAt":"0001-01-01T00:00:00Z"},"Image":"sha256:c7c54c29e20dccc1aefb936c8eba8bb8b98b87a4921102aba87fde2df5810af9","ResolvConfPath":"/var/lib/docker/containers/cd5ecdf38df06b4092e6cf67100cd20ad9c3cb4b6e9303874a7bd89885b140c9/resolv.conf","HostnamePath":"/var/lib/docker/containers/cd5ecdf38df06b4092e6cf67100cd20ad9c3cb4b6e9303874a7bd89885b140c9/hostname","HostsPath":"/var/lib/docker/containers/cd5ecdf38df06b4092e6cf67100cd20ad9c3cb4b6e9303874a7bd89885b140c9/hosts","LogPath":"/var/lib/docker/containers/cd5ecdf38df06b4092e6cf67100cd20ad9c3cb4b6e9303874a7bd89885b140c9/cd5ecdf38df06b4092e6cf67100cd20ad9c3cb4b6e9303874a7bd89885b140c9-json.log","Name":"/keen_matsumoto","RestartCount":0,"Driver":"overlay2","Platform":"linux","MountLabel":"","ProcessLabel":"","AppArmorProfile":"","ExecIDs":null,"HostConfig":{"Binds":[],"ContainerIDFile":"","LogConfig":{"Type":"json-file","Config":{}},"NetworkMode":"default","PortBindings":{"3306/tcp":[{"HostIp":"0.0.0.0","HostPort":"0"}]},"RestartPolicy":{"Name":"","MaximumRetryCount":0},"AutoRemove":false,"VolumeDriver":"","VolumesFrom":[],"CapAdd":null,"CapDrop":null,"CgroupnsMode":"private","Dns":null,"DnsOptions":null,"DnsSearch":null,"ExtraHosts":[],"GroupAdd":null,"IpcMode":"shareable","Cgroup":"","Links":null,"OomScoreAdj":0,"PidMode":"","Privileged":false,"PublishAllPorts":false,"ReadonlyRootfs":false,"SecurityOpt":null,"UTSMode":"","UsernsMode":"","ShmSize":67108864,"Runtime":"runc","ConsoleSize":[0,0],"Isolation":"","CpuShares":0,"Memory":0,"NanoCpus":0,"CgroupParent":"","BlkioWeight":0,"BlkioWeightDevice":null,"BlkioDeviceReadBps":null,"BlkioDeviceWriteBps":null,"BlkioDeviceReadIOps":null,"BlkioDeviceWriteIOps":null,"CpuPeriod":0,"CpuQuota":0,"CpuRealtimePeriod":0,"CpuRealtimeRuntime":0,"CpusetCpus":"","CpusetMems":"","Devices":null,"DeviceCgroupRules":null,"DeviceRequests":null,"KernelMemory":0,"KernelMemoryTCP":0,"MemoryReservation":0,"MemorySwap":0,"MemorySwappiness":null,"OomKillDisable":null,"PidsLimit":null,"Ulimits":null,"CpuCount":0,"CpuPercent":0,"IOMaximumIOps":0,"IOMaximumBandwidth":0,"MaskedPaths":["/proc/asound","/proc/acpi","/proc/kcore","/proc/keys","/proc/latency_stats","/proc/timer_list","/proc/timer_stats","/proc/sched_debug","/proc/scsi","/sys/firmware"],"ReadonlyPaths":["/proc/bus","/proc/fs","/proc/irq","/proc/sys","/proc/sysrq-trigger"]},"GraphDriver":{"Data":{"LowerDir":"/var/lib/docker/overlay2/830e690ec83ecff869b59e4f673c0c63b2bc5c068e9f710933e6f61763699fd2-init/diff:/var/lib/docker/overlay2/1bd8849d7a296305617011f940aa5cfabbe972a513397b1b6bbc27639b6c1f30/diff:/var/lib/docker/overlay2/199d69b2fbf78af4d4c95dec4fd2f8835ab0347eb49fb20ebb2ff3b99fedd6ad/diff:/var/lib/docker/overlay2/d83c38d654989311f75b9491329846033bfb7714de76ef635380dcfad5c740d9/diff:/var/lib/docker/overlay2/08600d0aea2ab2728bebcf5d2589c640a842f53d1ba3c4a4adccb4d03b923cf6/diff:/var/lib/docker/overlay2/9ec7c63a3fb14d13ac788bbf5e282ca821edc41260b79944e5e631037d13ecda/diff:/var/lib/docker/overlay2/db601d7a1b4ea6da638db620462f0da96fa55c559d02269c9ddb09027936ed87/diff:/var/lib/docker/overlay2/a6d2bd03f942e2565f21e74cfe152c7ec836a1c2b583f0790c685b92bdcfda24/diff:/var/lib/docker/overlay2/9badd16ea2c5e2bf1fde8b579683e41137dfc46ed5449234149f199a6751cc84/diff:/var/lib/docker/overlay2/6efb85646ed12e2d1181ef4cc6f6f6732c00c15a4035fe17ebc4f075ca573c30/diff:/var/lib/docker/overlay2/895d7c0ec09144d6ed33936f4e98e11c18010f7abd708cae1ce43aec7a7f2621/diff:/var/lib/docker/overlay2/1c4ba77aa573ab6e5e5069fd15eae71b3da940bde0f97a922a227ffc8a1d1096/diff","MergedDir":"/var/lib/docker/overlay2/830e690ec83ecff869b59e4f673c0c63b2bc5c068e9f710933e6f61763699fd2/merged","UpperDir":"/var/lib/docker/overlay2/830e690ec83ecff869b59e4f673c0c63b2bc5c068e9f710933e6f61763699fd2/diff","WorkDir":"/var/lib/docker/overlay2/830e690ec83ecff869b59e4f673c0c63b2bc5c068e9f710933e6f61763699fd2/work"},"Name":"overlay2"},"Mounts":[{"Type":"volume","Name":"25868b8cea8ad6eba7f00a6fe83e8848def5cff8aab5c5943024031400fa063d","Source":"/var/lib/docker/volumes/25868b8cea8ad6eba7f00a6fe83e8848def5cff8aab5c5943024031400fa063d/_data","Destination":"/var/lib/mysql","Driver":"local","Mode":"","RW":true,"Propagation":""}],"Config":{"Hostname":"cd5ecdf38df0","Domainname":"","User":"","AttachStdin":false,"AttachStdout":false,"AttachStderr":false,"ExposedPorts":{"3306/tcp":{},"33060/tcp":{}},"Tty":false,"OpenStdin":false,"StdinOnce":false,"Env":["MYSQL_DATABASE=adm_videos","MYSQL_PASSWORD=123456","MYSQL_ROOT_PASSWORD=123456","PATH=/usr/local/sbin:/usr/local/bin:/usr/sbin:/usr/bin:/sbin:/bin","GOSU_VERSION=1.16","MYSQL_MAJOR=8.0","MYSQL_VERSION=8.0.32-1.el8","MYSQL_SHELL_VERSION=8.0.32-1.el8"],"Cmd":["mysqld"],"Image":"mysql:latest","Volumes":{"/var/lib/mysql":{}},"WorkingDir":"","Entrypoint":["docker-entrypoint.sh"],"OnBuild":null,"Labels":{"org.testcontainers":"true","org.testcontainers.lang":"java","org.testcontainers.sessionId":"71b9672a-6f61-4546-a7b6-d603100b2e56","org.testcontainers.version":"1.17.6"}},"NetworkSettings":{"Bridge":"","SandboxID":"56762d63452c709eadac6b5c5f4b6cdd30da833580c632f91fd658806eaf4ddb","HairpinMode":false,"LinkLocalIPv6Address":"","LinkLocalIPv6PrefixLen":0,"Ports":{"3306/tcp":[{"HostIp":"0.0.0.0","HostPort":"63819"}],"33060/tcp":null},"SandboxKey":"/var/run/docker/netns/56762d63452c","SecondaryIPAddresses":null,"SecondaryIPv6Addresses":null,"EndpointID":"92fc2600684327987bceb8e2716a72ba2420fccd56812c1491af8c03946e105c","Gateway":"172.17.0.1","GlobalIPv6Address":"","GlobalIPv6PrefixLen":0,"IPAddress":"172.17.0.3","IPPrefixLen":16,"IPv6Gateway":"","MacAddress":"02:42:ac:11:00:03","Networks":{"bridge":{"IPAMConfig":null,"Links":null,"Aliases":null,"NetworkID":"308e234c143065751b16b4500cb9f48d5c7fc2116504b3d816a5e51cd4771062","EndpointID":"92fc2600684327987bceb8e2716a72ba2420fccd56812c1491af8c03946e105c","Gateway":"172.17.0.1","IPAddress":"172.17.0.3","IPPrefixLen":16,"IPv6Gateway":"","GlobalIPv6Address":"","GlobalIPv6PrefixLen":0,"MacAddress":"02:42:ac:11:00:03","DriverOpts":null}}}}[\n]"
01:14:47.003 [Test worker] DEBUG com.github.dockerjava.zerodep.shaded.org.apache.hc.client5.http.wire - http-outgoing-2 << "[\r][\n]"
01:14:47.003 [Test worker] DEBUG com.github.dockerjava.zerodep.shaded.org.apache.hc.client5.http.wire - http-outgoing-2 << "0[\r][\n]"
01:14:47.003 [Test worker] DEBUG com.github.dockerjava.zerodep.shaded.org.apache.hc.client5.http.wire - http-outgoing-2 << "[\r][\n]"
01:14:47.003 [Test worker] DEBUG com.github.dockerjava.zerodep.shaded.org.apache.hc.client5.http.impl.classic.InternalHttpClient - ep-00000028: releasing valid endpoint
01:14:47.003 [Test worker] DEBUG com.github.dockerjava.zerodep.shaded.org.apache.hc.client5.http.impl.io.PoolingHttpClientConnectionManager - ep-00000028: releasing endpoint
01:14:47.003 [Test worker] DEBUG com.github.dockerjava.zerodep.shaded.org.apache.hc.client5.http.impl.io.PoolingHttpClientConnectionManager - ep-00000028: connection http-outgoing-2 can be kept alive for 3 MINUTES
01:14:47.004 [Test worker] DEBUG com.github.dockerjava.zerodep.shaded.org.apache.hc.client5.http.impl.io.PoolingHttpClientConnectionManager - ep-00000028: connection released [route: {}->unix://localhost:2375][total available: 1; route allocated: 1 of 2147483647; total allocated: 1 of 2147483647]
01:14:47.004 [Test worker] DEBUG ]]>&#x1f433;<![CDATA[ [mysql:latest] - Trying to create JDBC connection using com.mysql.cj.jdbc.Driver to jdbc:mysql://localhost:63819/adm_videos?useSSL=false&allowPublicKeyRetrieval=true with properties: {password=123456, user=root}
01:14:47.107 [Test worker] DEBUG org.testcontainers.shaded.com.github.dockerjava.core.command.AbstrDockerCmd - Cmd: cd5ecdf38df06b4092e6cf67100cd20ad9c3cb4b6e9303874a7bd89885b140c9,false
01:14:47.107 [Test worker] DEBUG org.testcontainers.shaded.com.github.dockerjava.core.exec.InspectContainerCmdExec - GET: DefaultWebTarget{path=[/containers/cd5ecdf38df06b4092e6cf67100cd20ad9c3cb4b6e9303874a7bd89885b140c9/json], queryParams={}}
01:14:47.107 [Test worker] DEBUG com.github.dockerjava.zerodep.shaded.org.apache.hc.client5.http.impl.classic.InternalHttpClient - ex-0000002A: preparing request execution
01:14:47.108 [Test worker] DEBUG com.github.dockerjava.zerodep.shaded.org.apache.hc.client5.http.protocol.RequestAddCookies - Cookie spec selected: strict
01:14:47.108 [Test worker] DEBUG com.github.dockerjava.zerodep.shaded.org.apache.hc.client5.http.protocol.RequestAuthCache - Auth cache not set in the context
01:14:47.108 [Test worker] DEBUG com.github.dockerjava.zerodep.shaded.org.apache.hc.client5.http.impl.classic.ProtocolExec - ex-0000002A: target auth state: UNCHALLENGED
01:14:47.108 [Test worker] DEBUG com.github.dockerjava.zerodep.shaded.org.apache.hc.client5.http.impl.classic.ProtocolExec - ex-0000002A: proxy auth state: UNCHALLENGED
01:14:47.108 [Test worker] DEBUG com.github.dockerjava.zerodep.shaded.org.apache.hc.client5.http.impl.classic.ConnectExec - ex-0000002A: acquiring connection with route {}->unix://localhost:2375
01:14:47.108 [Test worker] DEBUG com.github.dockerjava.zerodep.shaded.org.apache.hc.client5.http.impl.classic.InternalHttpClient - ex-0000002A: acquiring endpoint (3 MINUTES)
01:14:47.108 [Test worker] DEBUG com.github.dockerjava.zerodep.shaded.org.apache.hc.client5.http.impl.io.PoolingHttpClientConnectionManager - ex-0000002A: endpoint lease request (3 MINUTES) [route: {}->unix://localhost:2375][total available: 1; route allocated: 1 of 2147483647; total allocated: 1 of 2147483647]
01:14:47.108 [Test worker] DEBUG com.github.dockerjava.zerodep.shaded.org.apache.hc.client5.http.impl.io.PoolingHttpClientConnectionManager - ex-0000002A: endpoint leased [route: {}->unix://localhost:2375][total available: 0; route allocated: 1 of 2147483647; total allocated: 1 of 2147483647]
01:14:47.108 [Test worker] DEBUG com.github.dockerjava.zerodep.shaded.org.apache.hc.client5.http.impl.io.PoolingHttpClientConnectionManager - ex-0000002A: acquired ep-00000029
01:14:47.108 [Test worker] DEBUG com.github.dockerjava.zerodep.shaded.org.apache.hc.client5.http.impl.classic.InternalHttpClient - ex-0000002A: acquired endpoint ep-00000029
01:14:47.108 [Test worker] DEBUG com.github.dockerjava.zerodep.shaded.org.apache.hc.client5.http.impl.classic.MainClientExec - ex-0000002A: executing GET /v1.32/containers/cd5ecdf38df06b4092e6cf67100cd20ad9c3cb4b6e9303874a7bd89885b140c9/json HTTP/1.1
01:14:47.108 [Test worker] DEBUG com.github.dockerjava.zerodep.shaded.org.apache.hc.client5.http.impl.classic.InternalHttpClient - ep-00000029: start execution ex-0000002A
01:14:47.108 [Test worker] DEBUG com.github.dockerjava.zerodep.shaded.org.apache.hc.client5.http.impl.io.PoolingHttpClientConnectionManager - ep-00000029: executing exchange ex-0000002A over http-outgoing-2
01:14:47.108 [Test worker] DEBUG com.github.dockerjava.zerodep.shaded.org.apache.hc.client5.http.headers - http-outgoing-2 >> GET /v1.32/containers/cd5ecdf38df06b4092e6cf67100cd20ad9c3cb4b6e9303874a7bd89885b140c9/json HTTP/1.1
01:14:47.108 [Test worker] DEBUG com.github.dockerjava.zerodep.shaded.org.apache.hc.client5.http.headers - http-outgoing-2 >> accept: application/json
01:14:47.108 [Test worker] DEBUG com.github.dockerjava.zerodep.shaded.org.apache.hc.client5.http.headers - http-outgoing-2 >> x-tc-sid: 71b9672a-6f61-4546-a7b6-d603100b2e56
01:14:47.108 [Test worker] DEBUG com.github.dockerjava.zerodep.shaded.org.apache.hc.client5.http.headers - http-outgoing-2 >> Accept-Encoding: gzip, x-gzip, deflate
01:14:47.108 [Test worker] DEBUG com.github.dockerjava.zerodep.shaded.org.apache.hc.client5.http.headers - http-outgoing-2 >> Host: localhost:2375
01:14:47.108 [Test worker] DEBUG com.github.dockerjava.zerodep.shaded.org.apache.hc.client5.http.headers - http-outgoing-2 >> Connection: keep-alive
01:14:47.108 [Test worker] DEBUG com.github.dockerjava.zerodep.shaded.org.apache.hc.client5.http.headers - http-outgoing-2 >> User-Agent: Apache-HttpClient/5.0.3 (Java/17.0.2)
01:14:47.108 [Test worker] DEBUG com.github.dockerjava.zerodep.shaded.org.apache.hc.client5.http.wire - http-outgoing-2 >> "GET /v1.32/containers/cd5ecdf38df06b4092e6cf67100cd20ad9c3cb4b6e9303874a7bd89885b140c9/json HTTP/1.1[\r][\n]"
01:14:47.108 [Test worker] DEBUG com.github.dockerjava.zerodep.shaded.org.apache.hc.client5.http.wire - http-outgoing-2 >> "accept: application/json[\r][\n]"
01:14:47.108 [Test worker] DEBUG com.github.dockerjava.zerodep.shaded.org.apache.hc.client5.http.wire - http-outgoing-2 >> "x-tc-sid: 71b9672a-6f61-4546-a7b6-d603100b2e56[\r][\n]"
01:14:47.108 [Test worker] DEBUG com.github.dockerjava.zerodep.shaded.org.apache.hc.client5.http.wire - http-outgoing-2 >> "Accept-Encoding: gzip, x-gzip, deflate[\r][\n]"
01:14:47.108 [Test worker] DEBUG com.github.dockerjava.zerodep.shaded.org.apache.hc.client5.http.wire - http-outgoing-2 >> "Host: localhost:2375[\r][\n]"
01:14:47.108 [Test worker] DEBUG com.github.dockerjava.zerodep.shaded.org.apache.hc.client5.http.wire - http-outgoing-2 >> "Connection: keep-alive[\r][\n]"
01:14:47.108 [Test worker] DEBUG com.github.dockerjava.zerodep.shaded.org.apache.hc.client5.http.wire - http-outgoing-2 >> "User-Agent: Apache-HttpClient/5.0.3 (Java/17.0.2)[\r][\n]"
01:14:47.108 [Test worker] DEBUG com.github.dockerjava.zerodep.shaded.org.apache.hc.client5.http.wire - http-outgoing-2 >> "[\r][\n]"
01:14:47.110 [Test worker] DEBUG com.github.dockerjava.zerodep.shaded.org.apache.hc.client5.http.wire - http-outgoing-2 << "HTTP/1.1 200 OK[\r][\n]"
01:14:47.110 [Test worker] DEBUG com.github.dockerjava.zerodep.shaded.org.apache.hc.client5.http.wire - http-outgoing-2 << "Api-Version: 1.41[\r][\n]"
01:14:47.110 [Test worker] DEBUG com.github.dockerjava.zerodep.shaded.org.apache.hc.client5.http.wire - http-outgoing-2 << "Content-Type: application/json[\r][\n]"
01:14:47.110 [Test worker] DEBUG com.github.dockerjava.zerodep.shaded.org.apache.hc.client5.http.wire - http-outgoing-2 << "Date: Tue, 28 Mar 2023 04:14:47 GMT[\r][\n]"
01:14:47.110 [Test worker] DEBUG com.github.dockerjava.zerodep.shaded.org.apache.hc.client5.http.wire - http-outgoing-2 << "Docker-Experimental: false[\r][\n]"
01:14:47.110 [Test worker] DEBUG com.github.dockerjava.zerodep.shaded.org.apache.hc.client5.http.wire - http-outgoing-2 << "Ostype: linux[\r][\n]"
01:14:47.110 [Test worker] DEBUG com.github.dockerjava.zerodep.shaded.org.apache.hc.client5.http.wire - http-outgoing-2 << "Server: Docker/20.10.21 (linux)[\r][\n]"
01:14:47.110 [Test worker] DEBUG com.github.dockerjava.zerodep.shaded.org.apache.hc.client5.http.wire - http-outgoing-2 << "Transfer-Encoding: chunked[\r][\n]"
01:14:47.110 [Test worker] DEBUG com.github.dockerjava.zerodep.shaded.org.apache.hc.client5.http.wire - http-outgoing-2 << "[\r][\n]"
01:14:47.110 [Test worker] DEBUG com.github.dockerjava.zerodep.shaded.org.apache.hc.client5.http.headers - http-outgoing-2 << HTTP/1.1 200 OK
01:14:47.110 [Test worker] DEBUG com.github.dockerjava.zerodep.shaded.org.apache.hc.client5.http.headers - http-outgoing-2 << Api-Version: 1.41
01:14:47.110 [Test worker] DEBUG com.github.dockerjava.zerodep.shaded.org.apache.hc.client5.http.headers - http-outgoing-2 << Content-Type: application/json
01:14:47.110 [Test worker] DEBUG com.github.dockerjava.zerodep.shaded.org.apache.hc.client5.http.headers - http-outgoing-2 << Date: Tue, 28 Mar 2023 04:14:47 GMT
01:14:47.110 [Test worker] DEBUG com.github.dockerjava.zerodep.shaded.org.apache.hc.client5.http.headers - http-outgoing-2 << Docker-Experimental: false
01:14:47.110 [Test worker] DEBUG com.github.dockerjava.zerodep.shaded.org.apache.hc.client5.http.headers - http-outgoing-2 << Ostype: linux
01:14:47.110 [Test worker] DEBUG com.github.dockerjava.zerodep.shaded.org.apache.hc.client5.http.headers - http-outgoing-2 << Server: Docker/20.10.21 (linux)
01:14:47.110 [Test worker] DEBUG com.github.dockerjava.zerodep.shaded.org.apache.hc.client5.http.headers - http-outgoing-2 << Transfer-Encoding: chunked
01:14:47.111 [Test worker] DEBUG com.github.dockerjava.zerodep.shaded.org.apache.hc.client5.http.impl.classic.MainClientExec - ex-0000002A: connection can be kept alive for 3 MINUTES
01:14:47.117 [Test worker] DEBUG com.github.dockerjava.zerodep.shaded.org.apache.hc.client5.http.wire - http-outgoing-2 << "18c1[\r][\n]"
01:14:47.117 [Test worker] DEBUG com.github.dockerjava.zerodep.shaded.org.apache.hc.client5.http.wire - http-outgoing-2 << "{"Id":"cd5ecdf38df06b4092e6cf67100cd20ad9c3cb4b6e9303874a7bd89885b140c9","Created":"2023-03-28T04:14:43.179040379Z","Path":"docker-entrypoint.sh","Args":["mysqld"],"State":{"Status":"running","Running":true,"Paused":false,"Restarting":false,"OOMKilled":false,"Dead":false,"Pid":20152,"ExitCode":0,"Error":"","StartedAt":"2023-03-28T04:14:43.680338005Z","FinishedAt":"0001-01-01T00:00:00Z"},"Image":"sha256:c7c54c29e20dccc1aefb936c8eba8bb8b98b87a4921102aba87fde2df5810af9","ResolvConfPath":"/var/lib/docker/containers/cd5ecdf38df06b4092e6cf67100cd20ad9c3cb4b6e9303874a7bd89885b140c9/resolv.conf","HostnamePath":"/var/lib/docker/containers/cd5ecdf38df06b4092e6cf67100cd20ad9c3cb4b6e9303874a7bd89885b140c9/hostname","HostsPath":"/var/lib/docker/containers/cd5ecdf38df06b4092e6cf67100cd20ad9c3cb4b6e9303874a7bd89885b140c9/hosts","LogPath":"/var/lib/docker/containers/cd5ecdf38df06b4092e6cf67100cd20ad9c3cb4b6e9303874a7bd89885b140c9/cd5ecdf38df06b4092e6cf67100cd20ad9c3cb4b6e9303874a7bd89885b140c9-json.log","Name":"/keen_matsumoto","RestartCount":0,"Driver":"overlay2","Platform":"linux","MountLabel":"","ProcessLabel":"","AppArmorProfile":"","ExecIDs":null,"HostConfig":{"Binds":[],"ContainerIDFile":"","LogConfig":{"Type":"json-file","Config":{}},"NetworkMode":"default","PortBindings":{"3306/tcp":[{"HostIp":"0.0.0.0","HostPort":"0"}]},"RestartPolicy":{"Name":"","MaximumRetryCount":0},"AutoRemove":false,"VolumeDriver":"","VolumesFrom":[],"CapAdd":null,"CapDrop":null,"CgroupnsMode":"private","Dns":null,"DnsOptions":null,"DnsSearch":null,"ExtraHosts":[],"GroupAdd":null,"IpcMode":"shareable","Cgroup":"","Links":null,"OomScoreAdj":0,"PidMode":"","Privileged":false,"PublishAllPorts":false,"ReadonlyRootfs":false,"SecurityOpt":null,"UTSMode":"","UsernsMode":"","ShmSize":67108864,"Runtime":"runc","ConsoleSize":[0,0],"Isolation":"","CpuShares":0,"Memory":0,"NanoCpus":0,"CgroupParent":"","BlkioWeight":0,"BlkioWeightDevice":null,"BlkioDeviceReadBps":null,"BlkioDeviceWriteBps":null,"BlkioDeviceReadIOps":null,"BlkioDeviceWriteIOps":null,"CpuPeriod":0,"CpuQuota":0,"CpuRealtimePeriod":0,"CpuRealtimeRuntime":0,"CpusetCpus":"","CpusetMems":"","Devices":null,"DeviceCgroupRules":null,"DeviceRequests":null,"KernelMemory":0,"KernelMemoryTCP":0,"MemoryReservation":0,"MemorySwap":0,"MemorySwappiness":null,"OomKillDisable":null,"PidsLimit":null,"Ulimits":null,"CpuCount":0,"CpuPercent":0,"IOMaximumIOps":0,"IOMaximumBandwidth":0,"MaskedPaths":["/proc/asound","/proc/acpi","/proc/kcore","/proc/keys","/proc/latency_stats","/proc/timer_list","/proc/timer_stats","/proc/sched_debug","/proc/scsi","/sys/firmware"],"ReadonlyPaths":["/proc/bus","/proc/fs","/proc/irq","/proc/sys","/proc/sysrq-trigger"]},"GraphDriver":{"Data":{"LowerDir":"/var/lib/docker/overlay2/830e690ec83ecff869b59e4f673c0c63b2bc5c068e9f710933e6f61763699fd2-init/diff:/var/lib/docker/overlay2/1bd8849d7a296305617011f940aa5cfabbe972a513397b1b6bbc27639b6c1f30/diff:/var/lib/docker/overlay2/199d69b2fbf78af4d4c95dec4fd2f8835ab0347eb49fb20ebb2ff3b99fedd6ad/diff:/var/lib/docker/overlay2/d83c38d654989311f75b9491329846033bfb7714de76ef635380dcfad5c740d9/diff:/var/lib/docker/overlay2/08600d0aea2ab2728bebcf5d2589c640a842f53d1ba3c4a4adccb4d03b923cf6/diff:/var/lib/docker/overlay2/9ec7c63a3fb14d13ac788bbf5e282ca821edc41260b79944e5e631037d13ecda/diff:/var/lib/docker/overlay2/db601d7a1b4ea6da638db620462f0da96fa55c559d02269c9ddb09027936ed87/diff:/var/lib/docker/overlay2/a6d2bd03f942e2565f21e74cfe152c7ec836a1c2b583f0790c685b92bdcfda24/diff:/var/lib/docker/overlay2/9badd16ea2c5e2bf1fde8b579683e41137dfc46ed5449234149f199a6751cc84/diff:/var/lib/docker/overlay2/6efb85646ed12e2d1181ef4cc6f6f6732c00c15a4035fe17ebc4f075ca573c30/diff:/var/lib/docker/overlay2/895d7c0ec09144d6ed33936f4e98e11c18010f7abd708cae1ce43aec7a7f2621/diff:/var/lib/docker/overlay2/1c4ba77aa573ab6e5e5069fd15eae71b3da940bde0f97a922a227ffc8a1d1096/diff","MergedDir":"/var/lib/docker/overlay2/830e690ec83ecff869b59e4f673c0c63b2bc5c068e9f710933e6f61763699fd2/merged","UpperDir":"/var/lib/docker/overlay2/830e690ec83ecff869b59e4f673c0c63b2bc5c068e9f710933e6f61763699fd2/diff","WorkDir":"/var/lib/docker/overlay2/830e690ec83ecff869b59e4f673c0c63b2bc5c068e9f710933e6f61763699fd2/work"},"Name":"overlay2"},"Mounts":[{"Type":"volume","Name":"25868b8cea8ad6eba7f00a6fe83e8848def5cff8aab5c5943024031400fa063d","Source":"/var/lib/docker/volumes/25868b8cea8ad6eba7f00a6fe83e8848def5cff8aab5c5943024031400fa063d/_data","Destination":"/var/lib/mysql","Driver":"local","Mode":"","RW":true,"Propagation":""}],"Config":{"Hostname":"cd5ecdf38df0","Domainname":"","User":"","AttachStdin":false,"AttachStdout":false,"AttachStderr":false,"ExposedPorts":{"3306/tcp":{},"33060/tcp":{}},"Tty":false,"OpenStdin":false,"StdinOnce":false,"Env":["MYSQL_DATABASE=adm_videos","MYSQL_PASSWORD=123456","MYSQL_ROOT_PASSWORD=123456","PATH=/usr/local/sbin:/usr/local/bin:/usr/sbin:/usr/bin:/sbin:/bin","GOSU_VERSION=1.16","MYSQL_MAJOR=8.0","MYSQL_VERSION=8.0.32-1.el8","MYSQL_SHELL_VERSION=8.0.32-1.el8"],"Cmd":["mysqld"],"Image":"mysql:latest","Volumes":{"/var/lib/mysql":{}},"WorkingDir":"","Entrypoint":["docker-entrypoint.sh"],"OnBuild":null,"Labels":{"org.testcontainers":"true","org.testcontainers.lang":"java","org.testcontainers.sessionId":"71b9672a-6f61-4546-a7b6-d603100b2e56","org.testcontainers.version":"1.17.6"}},"NetworkSettings":{"Bridge":"","SandboxID":"56762d63452c709eadac6b5c5f4b6cdd30da833580c632f91fd658806eaf4ddb","HairpinMode":false,"LinkLocalIPv6Address":"","LinkLocalIPv6PrefixLen":0,"Ports":{"3306/tcp":[{"HostIp":"0.0.0.0","HostPort":"63819"}],"33060/tcp":null},"SandboxKey":"/var/run/docker/netns/56762d63452c","SecondaryIPAddresses":null,"SecondaryIPv6Addresses":null,"EndpointID":"92fc2600684327987bceb8e2716a72ba2420fccd56812c1491af8c03946e105c","Gateway":"172.17.0.1","GlobalIPv6Address":"","GlobalIPv6PrefixLen":0,"IPAddress":"172.17.0.3","IPPrefixLen":16,"IPv6Gateway":"","MacAddress":"02:42:ac:11:00:03","Networks":{"bridge":{"IPAMConfig":null,"Links":null,"Aliases":null,"NetworkID":"308e234c143065751b16b4500cb9f48d5c7fc2116504b3d816a5e51cd4771062","EndpointID":"92fc2600684327987bceb8e2716a72ba2420fccd56812c1491af8c03946e105c","Gateway":"172.17.0.1","IPAddress":"172.17.0.3","IPPrefixLen":16,"IPv6Gateway":"","GlobalIPv6Address":"","GlobalIPv6PrefixLen":0,"MacAddress":"02:42:ac:11:00:03","DriverOpts":null}}}}[\n]"
01:14:47.117 [Test worker] DEBUG com.github.dockerjava.zerodep.shaded.org.apache.hc.client5.http.wire - http-outgoing-2 << "[\r][\n]"
01:14:47.118 [Test worker] DEBUG com.github.dockerjava.zerodep.shaded.org.apache.hc.client5.http.wire - http-outgoing-2 << "0[\r][\n]"
01:14:47.118 [Test worker] DEBUG com.github.dockerjava.zerodep.shaded.org.apache.hc.client5.http.wire - http-outgoing-2 << "[\r][\n]"
01:14:47.118 [Test worker] DEBUG com.github.dockerjava.zerodep.shaded.org.apache.hc.client5.http.impl.classic.InternalHttpClient - ep-00000029: releasing valid endpoint
01:14:47.118 [Test worker] DEBUG com.github.dockerjava.zerodep.shaded.org.apache.hc.client5.http.impl.io.PoolingHttpClientConnectionManager - ep-00000029: releasing endpoint
01:14:47.118 [Test worker] DEBUG com.github.dockerjava.zerodep.shaded.org.apache.hc.client5.http.impl.io.PoolingHttpClientConnectionManager - ep-00000029: connection http-outgoing-2 can be kept alive for 3 MINUTES
01:14:47.118 [Test worker] DEBUG com.github.dockerjava.zerodep.shaded.org.apache.hc.client5.http.impl.io.PoolingHttpClientConnectionManager - ep-00000029: connection released [route: {}->unix://localhost:2375][total available: 1; route allocated: 1 of 2147483647; total allocated: 1 of 2147483647]
01:14:47.118 [Test worker] DEBUG ]]>&#x1f433;<![CDATA[ [mysql:latest] - Trying to create JDBC connection using com.mysql.cj.jdbc.Driver to jdbc:mysql://localhost:63819/adm_videos?useSSL=false&allowPublicKeyRetrieval=true with properties: {password=123456, user=root}
01:14:47.225 [Test worker] DEBUG org.testcontainers.shaded.com.github.dockerjava.core.command.AbstrDockerCmd - Cmd: cd5ecdf38df06b4092e6cf67100cd20ad9c3cb4b6e9303874a7bd89885b140c9,false
01:14:47.225 [Test worker] DEBUG org.testcontainers.shaded.com.github.dockerjava.core.exec.InspectContainerCmdExec - GET: DefaultWebTarget{path=[/containers/cd5ecdf38df06b4092e6cf67100cd20ad9c3cb4b6e9303874a7bd89885b140c9/json], queryParams={}}
01:14:47.225 [Test worker] DEBUG com.github.dockerjava.zerodep.shaded.org.apache.hc.client5.http.impl.classic.InternalHttpClient - ex-0000002B: preparing request execution
01:14:47.226 [Test worker] DEBUG com.github.dockerjava.zerodep.shaded.org.apache.hc.client5.http.protocol.RequestAddCookies - Cookie spec selected: strict
01:14:47.226 [Test worker] DEBUG com.github.dockerjava.zerodep.shaded.org.apache.hc.client5.http.protocol.RequestAuthCache - Auth cache not set in the context
01:14:47.226 [Test worker] DEBUG com.github.dockerjava.zerodep.shaded.org.apache.hc.client5.http.impl.classic.ProtocolExec - ex-0000002B: target auth state: UNCHALLENGED
01:14:47.226 [Test worker] DEBUG com.github.dockerjava.zerodep.shaded.org.apache.hc.client5.http.impl.classic.ProtocolExec - ex-0000002B: proxy auth state: UNCHALLENGED
01:14:47.226 [Test worker] DEBUG com.github.dockerjava.zerodep.shaded.org.apache.hc.client5.http.impl.classic.ConnectExec - ex-0000002B: acquiring connection with route {}->unix://localhost:2375
01:14:47.226 [Test worker] DEBUG com.github.dockerjava.zerodep.shaded.org.apache.hc.client5.http.impl.classic.InternalHttpClient - ex-0000002B: acquiring endpoint (3 MINUTES)
01:14:47.226 [Test worker] DEBUG com.github.dockerjava.zerodep.shaded.org.apache.hc.client5.http.impl.io.PoolingHttpClientConnectionManager - ex-0000002B: endpoint lease request (3 MINUTES) [route: {}->unix://localhost:2375][total available: 1; route allocated: 1 of 2147483647; total allocated: 1 of 2147483647]
01:14:47.226 [Test worker] DEBUG com.github.dockerjava.zerodep.shaded.org.apache.hc.client5.http.impl.io.PoolingHttpClientConnectionManager - ex-0000002B: endpoint leased [route: {}->unix://localhost:2375][total available: 0; route allocated: 1 of 2147483647; total allocated: 1 of 2147483647]
01:14:47.226 [Test worker] DEBUG com.github.dockerjava.zerodep.shaded.org.apache.hc.client5.http.impl.io.PoolingHttpClientConnectionManager - ex-0000002B: acquired ep-0000002A
01:14:47.226 [Test worker] DEBUG com.github.dockerjava.zerodep.shaded.org.apache.hc.client5.http.impl.classic.InternalHttpClient - ex-0000002B: acquired endpoint ep-0000002A
01:14:47.226 [Test worker] DEBUG com.github.dockerjava.zerodep.shaded.org.apache.hc.client5.http.impl.classic.MainClientExec - ex-0000002B: executing GET /v1.32/containers/cd5ecdf38df06b4092e6cf67100cd20ad9c3cb4b6e9303874a7bd89885b140c9/json HTTP/1.1
01:14:47.226 [Test worker] DEBUG com.github.dockerjava.zerodep.shaded.org.apache.hc.client5.http.impl.classic.InternalHttpClient - ep-0000002A: start execution ex-0000002B
01:14:47.226 [Test worker] DEBUG com.github.dockerjava.zerodep.shaded.org.apache.hc.client5.http.impl.io.PoolingHttpClientConnectionManager - ep-0000002A: executing exchange ex-0000002B over http-outgoing-2
01:14:47.226 [Test worker] DEBUG com.github.dockerjava.zerodep.shaded.org.apache.hc.client5.http.headers - http-outgoing-2 >> GET /v1.32/containers/cd5ecdf38df06b4092e6cf67100cd20ad9c3cb4b6e9303874a7bd89885b140c9/json HTTP/1.1
01:14:47.226 [Test worker] DEBUG com.github.dockerjava.zerodep.shaded.org.apache.hc.client5.http.headers - http-outgoing-2 >> accept: application/json
01:14:47.226 [Test worker] DEBUG com.github.dockerjava.zerodep.shaded.org.apache.hc.client5.http.headers - http-outgoing-2 >> x-tc-sid: 71b9672a-6f61-4546-a7b6-d603100b2e56
01:14:47.226 [Test worker] DEBUG com.github.dockerjava.zerodep.shaded.org.apache.hc.client5.http.headers - http-outgoing-2 >> Accept-Encoding: gzip, x-gzip, deflate
01:14:47.226 [Test worker] DEBUG com.github.dockerjava.zerodep.shaded.org.apache.hc.client5.http.headers - http-outgoing-2 >> Host: localhost:2375
01:14:47.226 [Test worker] DEBUG com.github.dockerjava.zerodep.shaded.org.apache.hc.client5.http.headers - http-outgoing-2 >> Connection: keep-alive
01:14:47.226 [Test worker] DEBUG com.github.dockerjava.zerodep.shaded.org.apache.hc.client5.http.headers - http-outgoing-2 >> User-Agent: Apache-HttpClient/5.0.3 (Java/17.0.2)
01:14:47.226 [Test worker] DEBUG com.github.dockerjava.zerodep.shaded.org.apache.hc.client5.http.wire - http-outgoing-2 >> "GET /v1.32/containers/cd5ecdf38df06b4092e6cf67100cd20ad9c3cb4b6e9303874a7bd89885b140c9/json HTTP/1.1[\r][\n]"
01:14:47.226 [Test worker] DEBUG com.github.dockerjava.zerodep.shaded.org.apache.hc.client5.http.wire - http-outgoing-2 >> "accept: application/json[\r][\n]"
01:14:47.226 [Test worker] DEBUG com.github.dockerjava.zerodep.shaded.org.apache.hc.client5.http.wire - http-outgoing-2 >> "x-tc-sid: 71b9672a-6f61-4546-a7b6-d603100b2e56[\r][\n]"
01:14:47.226 [Test worker] DEBUG com.github.dockerjava.zerodep.shaded.org.apache.hc.client5.http.wire - http-outgoing-2 >> "Accept-Encoding: gzip, x-gzip, deflate[\r][\n]"
01:14:47.226 [Test worker] DEBUG com.github.dockerjava.zerodep.shaded.org.apache.hc.client5.http.wire - http-outgoing-2 >> "Host: localhost:2375[\r][\n]"
01:14:47.226 [Test worker] DEBUG com.github.dockerjava.zerodep.shaded.org.apache.hc.client5.http.wire - http-outgoing-2 >> "Connection: keep-alive[\r][\n]"
01:14:47.226 [Test worker] DEBUG com.github.dockerjava.zerodep.shaded.org.apache.hc.client5.http.wire - http-outgoing-2 >> "User-Agent: Apache-HttpClient/5.0.3 (Java/17.0.2)[\r][\n]"
01:14:47.226 [Test worker] DEBUG com.github.dockerjava.zerodep.shaded.org.apache.hc.client5.http.wire - http-outgoing-2 >> "[\r][\n]"
01:14:47.228 [Test worker] DEBUG com.github.dockerjava.zerodep.shaded.org.apache.hc.client5.http.wire - http-outgoing-2 << "HTTP/1.1 200 OK[\r][\n]"
01:14:47.228 [Test worker] DEBUG com.github.dockerjava.zerodep.shaded.org.apache.hc.client5.http.wire - http-outgoing-2 << "Api-Version: 1.41[\r][\n]"
01:14:47.228 [Test worker] DEBUG com.github.dockerjava.zerodep.shaded.org.apache.hc.client5.http.wire - http-outgoing-2 << "Content-Type: application/json[\r][\n]"
01:14:47.228 [Test worker] DEBUG com.github.dockerjava.zerodep.shaded.org.apache.hc.client5.http.wire - http-outgoing-2 << "Date: Tue, 28 Mar 2023 04:14:47 GMT[\r][\n]"
01:14:47.228 [Test worker] DEBUG com.github.dockerjava.zerodep.shaded.org.apache.hc.client5.http.wire - http-outgoing-2 << "Docker-Experimental: false[\r][\n]"
01:14:47.228 [Test worker] DEBUG com.github.dockerjava.zerodep.shaded.org.apache.hc.client5.http.wire - http-outgoing-2 << "Ostype: linux[\r][\n]"
01:14:47.228 [Test worker] DEBUG com.github.dockerjava.zerodep.shaded.org.apache.hc.client5.http.wire - http-outgoing-2 << "Server: Docker/20.10.21 (linux)[\r][\n]"
01:14:47.228 [Test worker] DEBUG com.github.dockerjava.zerodep.shaded.org.apache.hc.client5.http.wire - http-outgoing-2 << "Transfer-Encoding: chunked[\r][\n]"
01:14:47.228 [Test worker] DEBUG com.github.dockerjava.zerodep.shaded.org.apache.hc.client5.http.wire - http-outgoing-2 << "[\r][\n]"
01:14:47.228 [Test worker] DEBUG com.github.dockerjava.zerodep.shaded.org.apache.hc.client5.http.headers - http-outgoing-2 << HTTP/1.1 200 OK
01:14:47.228 [Test worker] DEBUG com.github.dockerjava.zerodep.shaded.org.apache.hc.client5.http.headers - http-outgoing-2 << Api-Version: 1.41
01:14:47.228 [Test worker] DEBUG com.github.dockerjava.zerodep.shaded.org.apache.hc.client5.http.headers - http-outgoing-2 << Content-Type: application/json
01:14:47.228 [Test worker] DEBUG com.github.dockerjava.zerodep.shaded.org.apache.hc.client5.http.headers - http-outgoing-2 << Date: Tue, 28 Mar 2023 04:14:47 GMT
01:14:47.228 [Test worker] DEBUG com.github.dockerjava.zerodep.shaded.org.apache.hc.client5.http.headers - http-outgoing-2 << Docker-Experimental: false
01:14:47.228 [Test worker] DEBUG com.github.dockerjava.zerodep.shaded.org.apache.hc.client5.http.headers - http-outgoing-2 << Ostype: linux
01:14:47.228 [Test worker] DEBUG com.github.dockerjava.zerodep.shaded.org.apache.hc.client5.http.headers - http-outgoing-2 << Server: Docker/20.10.21 (linux)
01:14:47.228 [Test worker] DEBUG com.github.dockerjava.zerodep.shaded.org.apache.hc.client5.http.headers - http-outgoing-2 << Transfer-Encoding: chunked
01:14:47.228 [Test worker] DEBUG com.github.dockerjava.zerodep.shaded.org.apache.hc.client5.http.impl.classic.MainClientExec - ex-0000002B: connection can be kept alive for 3 MINUTES
01:14:47.229 [Test worker] DEBUG com.github.dockerjava.zerodep.shaded.org.apache.hc.client5.http.wire - http-outgoing-2 << "18c1[\r][\n]"
01:14:47.230 [Test worker] DEBUG com.github.dockerjava.zerodep.shaded.org.apache.hc.client5.http.wire - http-outgoing-2 << "{"Id":"cd5ecdf38df06b4092e6cf67100cd20ad9c3cb4b6e9303874a7bd89885b140c9","Created":"2023-03-28T04:14:43.179040379Z","Path":"docker-entrypoint.sh","Args":["mysqld"],"State":{"Status":"running","Running":true,"Paused":false,"Restarting":false,"OOMKilled":false,"Dead":false,"Pid":20152,"ExitCode":0,"Error":"","StartedAt":"2023-03-28T04:14:43.680338005Z","FinishedAt":"0001-01-01T00:00:00Z"},"Image":"sha256:c7c54c29e20dccc1aefb936c8eba8bb8b98b87a4921102aba87fde2df5810af9","ResolvConfPath":"/var/lib/docker/containers/cd5ecdf38df06b4092e6cf67100cd20ad9c3cb4b6e9303874a7bd89885b140c9/resolv.conf","HostnamePath":"/var/lib/docker/containers/cd5ecdf38df06b4092e6cf67100cd20ad9c3cb4b6e9303874a7bd89885b140c9/hostname","HostsPath":"/var/lib/docker/containers/cd5ecdf38df06b4092e6cf67100cd20ad9c3cb4b6e9303874a7bd89885b140c9/hosts","LogPath":"/var/lib/docker/containers/cd5ecdf38df06b4092e6cf67100cd20ad9c3cb4b6e9303874a7bd89885b140c9/cd5ecdf38df06b4092e6cf67100cd20ad9c3cb4b6e9303874a7bd89885b140c9-json.log","Name":"/keen_matsumoto","RestartCount":0,"Driver":"overlay2","Platform":"linux","MountLabel":"","ProcessLabel":"","AppArmorProfile":"","ExecIDs":null,"HostConfig":{"Binds":[],"ContainerIDFile":"","LogConfig":{"Type":"json-file","Config":{}},"NetworkMode":"default","PortBindings":{"3306/tcp":[{"HostIp":"0.0.0.0","HostPort":"0"}]},"RestartPolicy":{"Name":"","MaximumRetryCount":0},"AutoRemove":false,"VolumeDriver":"","VolumesFrom":[],"CapAdd":null,"CapDrop":null,"CgroupnsMode":"private","Dns":null,"DnsOptions":null,"DnsSearch":null,"ExtraHosts":[],"GroupAdd":null,"IpcMode":"shareable","Cgroup":"","Links":null,"OomScoreAdj":0,"PidMode":"","Privileged":false,"PublishAllPorts":false,"ReadonlyRootfs":false,"SecurityOpt":null,"UTSMode":"","UsernsMode":"","ShmSize":67108864,"Runtime":"runc","ConsoleSize":[0,0],"Isolation":"","CpuShares":0,"Memory":0,"NanoCpus":0,"CgroupParent":"","BlkioWeight":0,"BlkioWeightDevice":null,"BlkioDeviceReadBps":null,"BlkioDeviceWriteBps":null,"BlkioDeviceReadIOps":null,"BlkioDeviceWriteIOps":null,"CpuPeriod":0,"CpuQuota":0,"CpuRealtimePeriod":0,"CpuRealtimeRuntime":0,"CpusetCpus":"","CpusetMems":"","Devices":null,"DeviceCgroupRules":null,"DeviceRequests":null,"KernelMemory":0,"KernelMemoryTCP":0,"MemoryReservation":0,"MemorySwap":0,"MemorySwappiness":null,"OomKillDisable":null,"PidsLimit":null,"Ulimits":null,"CpuCount":0,"CpuPercent":0,"IOMaximumIOps":0,"IOMaximumBandwidth":0,"MaskedPaths":["/proc/asound","/proc/acpi","/proc/kcore","/proc/keys","/proc/latency_stats","/proc/timer_list","/proc/timer_stats","/proc/sched_debug","/proc/scsi","/sys/firmware"],"ReadonlyPaths":["/proc/bus","/proc/fs","/proc/irq","/proc/sys","/proc/sysrq-trigger"]},"GraphDriver":{"Data":{"LowerDir":"/var/lib/docker/overlay2/830e690ec83ecff869b59e4f673c0c63b2bc5c068e9f710933e6f61763699fd2-init/diff:/var/lib/docker/overlay2/1bd8849d7a296305617011f940aa5cfabbe972a513397b1b6bbc27639b6c1f30/diff:/var/lib/docker/overlay2/199d69b2fbf78af4d4c95dec4fd2f8835ab0347eb49fb20ebb2ff3b99fedd6ad/diff:/var/lib/docker/overlay2/d83c38d654989311f75b9491329846033bfb7714de76ef635380dcfad5c740d9/diff:/var/lib/docker/overlay2/08600d0aea2ab2728bebcf5d2589c640a842f53d1ba3c4a4adccb4d03b923cf6/diff:/var/lib/docker/overlay2/9ec7c63a3fb14d13ac788bbf5e282ca821edc41260b79944e5e631037d13ecda/diff:/var/lib/docker/overlay2/db601d7a1b4ea6da638db620462f0da96fa55c559d02269c9ddb09027936ed87/diff:/var/lib/docker/overlay2/a6d2bd03f942e2565f21e74cfe152c7ec836a1c2b583f0790c685b92bdcfda24/diff:/var/lib/docker/overlay2/9badd16ea2c5e2bf1fde8b579683e41137dfc46ed5449234149f199a6751cc84/diff:/var/lib/docker/overlay2/6efb85646ed12e2d1181ef4cc6f6f6732c00c15a4035fe17ebc4f075ca573c30/diff:/var/lib/docker/overlay2/895d7c0ec09144d6ed33936f4e98e11c18010f7abd708cae1ce43aec7a7f2621/diff:/var/lib/docker/overlay2/1c4ba77aa573ab6e5e5069fd15eae71b3da940bde0f97a922a227ffc8a1d1096/diff","MergedDir":"/var/lib/docker/overlay2/830e690ec83ecff869b59e4f673c0c63b2bc5c068e9f710933e6f61763699fd2/merged","UpperDir":"/var/lib/docker/overlay2/830e690ec83ecff869b59e4f673c0c63b2bc5c068e9f710933e6f61763699fd2/diff","WorkDir":"/var/lib/docker/overlay2/830e690ec83ecff869b59e4f673c0c63b2bc5c068e9f710933e6f61763699fd2/work"},"Name":"overlay2"},"Mounts":[{"Type":"volume","Name":"25868b8cea8ad6eba7f00a6fe83e8848def5cff8aab5c5943024031400fa063d","Source":"/var/lib/docker/volumes/25868b8cea8ad6eba7f00a6fe83e8848def5cff8aab5c5943024031400fa063d/_data","Destination":"/var/lib/mysql","Driver":"local","Mode":"","RW":true,"Propagation":""}],"Config":{"Hostname":"cd5ecdf38df0","Domainname":"","User":"","AttachStdin":false,"AttachStdout":false,"AttachStderr":false,"ExposedPorts":{"3306/tcp":{},"33060/tcp":{}},"Tty":false,"OpenStdin":false,"StdinOnce":false,"Env":["MYSQL_DATABASE=adm_videos","MYSQL_PASSWORD=123456","MYSQL_ROOT_PASSWORD=123456","PATH=/usr/local/sbin:/usr/local/bin:/usr/sbin:/usr/bin:/sbin:/bin","GOSU_VERSION=1.16","MYSQL_MAJOR=8.0","MYSQL_VERSION=8.0.32-1.el8","MYSQL_SHELL_VERSION=8.0.32-1.el8"],"Cmd":["mysqld"],"Image":"mysql:latest","Volumes":{"/var/lib/mysql":{}},"WorkingDir":"","Entrypoint":["docker-entrypoint.sh"],"OnBuild":null,"Labels":{"org.testcontainers":"true","org.testcontainers.lang":"java","org.testcontainers.sessionId":"71b9672a-6f61-4546-a7b6-d603100b2e56","org.testcontainers.version":"1.17.6"}},"NetworkSettings":{"Bridge":"","SandboxID":"56762d63452c709eadac6b5c5f4b6cdd30da833580c632f91fd658806eaf4ddb","HairpinMode":false,"LinkLocalIPv6Address":"","LinkLocalIPv6PrefixLen":0,"Ports":{"3306/tcp":[{"HostIp":"0.0.0.0","HostPort":"63819"}],"33060/tcp":null},"SandboxKey":"/var/run/docker/netns/56762d63452c","SecondaryIPAddresses":null,"SecondaryIPv6Addresses":null,"EndpointID":"92fc2600684327987bceb8e2716a72ba2420fccd56812c1491af8c03946e105c","Gateway":"172.17.0.1","GlobalIPv6Address":"","GlobalIPv6PrefixLen":0,"IPAddress":"172.17.0.3","IPPrefixLen":16,"IPv6Gateway":"","MacAddress":"02:42:ac:11:00:03","Networks":{"bridge":{"IPAMConfig":null,"Links":null,"Aliases":null,"NetworkID":"308e234c143065751b16b4500cb9f48d5c7fc2116504b3d816a5e51cd4771062","EndpointID":"92fc2600684327987bceb8e2716a72ba2420fccd56812c1491af8c03946e105c","Gateway":"172.17.0.1","IPAddress":"172.17.0.3","IPPrefixLen":16,"IPv6Gateway":"","GlobalIPv6Address":"","GlobalIPv6PrefixLen":0,"MacAddress":"02:42:ac:11:00:03","DriverOpts":null}}}}[\n]"
01:14:47.230 [Test worker] DEBUG com.github.dockerjava.zerodep.shaded.org.apache.hc.client5.http.wire - http-outgoing-2 << "[\r][\n]"
01:14:47.230 [Test worker] DEBUG com.github.dockerjava.zerodep.shaded.org.apache.hc.client5.http.wire - http-outgoing-2 << "0[\r][\n]"
01:14:47.231 [Test worker] DEBUG com.github.dockerjava.zerodep.shaded.org.apache.hc.client5.http.wire - http-outgoing-2 << "[\r][\n]"
01:14:47.231 [Test worker] DEBUG com.github.dockerjava.zerodep.shaded.org.apache.hc.client5.http.impl.classic.InternalHttpClient - ep-0000002A: releasing valid endpoint
01:14:47.231 [Test worker] DEBUG com.github.dockerjava.zerodep.shaded.org.apache.hc.client5.http.impl.io.PoolingHttpClientConnectionManager - ep-0000002A: releasing endpoint
01:14:47.231 [Test worker] DEBUG com.github.dockerjava.zerodep.shaded.org.apache.hc.client5.http.impl.io.PoolingHttpClientConnectionManager - ep-0000002A: connection http-outgoing-2 can be kept alive for 3 MINUTES
01:14:47.231 [Test worker] DEBUG com.github.dockerjava.zerodep.shaded.org.apache.hc.client5.http.impl.io.PoolingHttpClientConnectionManager - ep-0000002A: connection released [route: {}->unix://localhost:2375][total available: 1; route allocated: 1 of 2147483647; total allocated: 1 of 2147483647]
01:14:47.231 [Test worker] DEBUG ]]>&#x1f433;<![CDATA[ [mysql:latest] - Trying to create JDBC connection using com.mysql.cj.jdbc.Driver to jdbc:mysql://localhost:63819/adm_videos?useSSL=false&allowPublicKeyRetrieval=true with properties: {password=123456, user=root}
01:14:47.337 [Test worker] DEBUG org.testcontainers.shaded.com.github.dockerjava.core.command.AbstrDockerCmd - Cmd: cd5ecdf38df06b4092e6cf67100cd20ad9c3cb4b6e9303874a7bd89885b140c9,false
01:14:47.338 [Test worker] DEBUG org.testcontainers.shaded.com.github.dockerjava.core.exec.InspectContainerCmdExec - GET: DefaultWebTarget{path=[/containers/cd5ecdf38df06b4092e6cf67100cd20ad9c3cb4b6e9303874a7bd89885b140c9/json], queryParams={}}
01:14:47.338 [Test worker] DEBUG com.github.dockerjava.zerodep.shaded.org.apache.hc.client5.http.impl.classic.InternalHttpClient - ex-0000002C: preparing request execution
01:14:47.338 [Test worker] DEBUG com.github.dockerjava.zerodep.shaded.org.apache.hc.client5.http.protocol.RequestAddCookies - Cookie spec selected: strict
01:14:47.338 [Test worker] DEBUG com.github.dockerjava.zerodep.shaded.org.apache.hc.client5.http.protocol.RequestAuthCache - Auth cache not set in the context
01:14:47.338 [Test worker] DEBUG com.github.dockerjava.zerodep.shaded.org.apache.hc.client5.http.impl.classic.ProtocolExec - ex-0000002C: target auth state: UNCHALLENGED
01:14:47.338 [Test worker] DEBUG com.github.dockerjava.zerodep.shaded.org.apache.hc.client5.http.impl.classic.ProtocolExec - ex-0000002C: proxy auth state: UNCHALLENGED
01:14:47.338 [Test worker] DEBUG com.github.dockerjava.zerodep.shaded.org.apache.hc.client5.http.impl.classic.ConnectExec - ex-0000002C: acquiring connection with route {}->unix://localhost:2375
01:14:47.339 [Test worker] DEBUG com.github.dockerjava.zerodep.shaded.org.apache.hc.client5.http.impl.classic.InternalHttpClient - ex-0000002C: acquiring endpoint (3 MINUTES)
01:14:47.339 [Test worker] DEBUG com.github.dockerjava.zerodep.shaded.org.apache.hc.client5.http.impl.io.PoolingHttpClientConnectionManager - ex-0000002C: endpoint lease request (3 MINUTES) [route: {}->unix://localhost:2375][total available: 1; route allocated: 1 of 2147483647; total allocated: 1 of 2147483647]
01:14:47.339 [Test worker] DEBUG com.github.dockerjava.zerodep.shaded.org.apache.hc.client5.http.impl.io.PoolingHttpClientConnectionManager - ex-0000002C: endpoint leased [route: {}->unix://localhost:2375][total available: 0; route allocated: 1 of 2147483647; total allocated: 1 of 2147483647]
01:14:47.339 [Test worker] DEBUG com.github.dockerjava.zerodep.shaded.org.apache.hc.client5.http.impl.io.PoolingHttpClientConnectionManager - ex-0000002C: acquired ep-0000002B
01:14:47.339 [Test worker] DEBUG com.github.dockerjava.zerodep.shaded.org.apache.hc.client5.http.impl.classic.InternalHttpClient - ex-0000002C: acquired endpoint ep-0000002B
01:14:47.339 [Test worker] DEBUG com.github.dockerjava.zerodep.shaded.org.apache.hc.client5.http.impl.classic.MainClientExec - ex-0000002C: executing GET /v1.32/containers/cd5ecdf38df06b4092e6cf67100cd20ad9c3cb4b6e9303874a7bd89885b140c9/json HTTP/1.1
01:14:47.339 [Test worker] DEBUG com.github.dockerjava.zerodep.shaded.org.apache.hc.client5.http.impl.classic.InternalHttpClient - ep-0000002B: start execution ex-0000002C
01:14:47.339 [Test worker] DEBUG com.github.dockerjava.zerodep.shaded.org.apache.hc.client5.http.impl.io.PoolingHttpClientConnectionManager - ep-0000002B: executing exchange ex-0000002C over http-outgoing-2
01:14:47.339 [Test worker] DEBUG com.github.dockerjava.zerodep.shaded.org.apache.hc.client5.http.headers - http-outgoing-2 >> GET /v1.32/containers/cd5ecdf38df06b4092e6cf67100cd20ad9c3cb4b6e9303874a7bd89885b140c9/json HTTP/1.1
01:14:47.339 [Test worker] DEBUG com.github.dockerjava.zerodep.shaded.org.apache.hc.client5.http.headers - http-outgoing-2 >> accept: application/json
01:14:47.339 [Test worker] DEBUG com.github.dockerjava.zerodep.shaded.org.apache.hc.client5.http.headers - http-outgoing-2 >> x-tc-sid: 71b9672a-6f61-4546-a7b6-d603100b2e56
01:14:47.339 [Test worker] DEBUG com.github.dockerjava.zerodep.shaded.org.apache.hc.client5.http.headers - http-outgoing-2 >> Accept-Encoding: gzip, x-gzip, deflate
01:14:47.339 [Test worker] DEBUG com.github.dockerjava.zerodep.shaded.org.apache.hc.client5.http.headers - http-outgoing-2 >> Host: localhost:2375
01:14:47.339 [Test worker] DEBUG com.github.dockerjava.zerodep.shaded.org.apache.hc.client5.http.headers - http-outgoing-2 >> Connection: keep-alive
01:14:47.339 [Test worker] DEBUG com.github.dockerjava.zerodep.shaded.org.apache.hc.client5.http.headers - http-outgoing-2 >> User-Agent: Apache-HttpClient/5.0.3 (Java/17.0.2)
01:14:47.339 [Test worker] DEBUG com.github.dockerjava.zerodep.shaded.org.apache.hc.client5.http.wire - http-outgoing-2 >> "GET /v1.32/containers/cd5ecdf38df06b4092e6cf67100cd20ad9c3cb4b6e9303874a7bd89885b140c9/json HTTP/1.1[\r][\n]"
01:14:47.339 [Test worker] DEBUG com.github.dockerjava.zerodep.shaded.org.apache.hc.client5.http.wire - http-outgoing-2 >> "accept: application/json[\r][\n]"
01:14:47.339 [Test worker] DEBUG com.github.dockerjava.zerodep.shaded.org.apache.hc.client5.http.wire - http-outgoing-2 >> "x-tc-sid: 71b9672a-6f61-4546-a7b6-d603100b2e56[\r][\n]"
01:14:47.339 [Test worker] DEBUG com.github.dockerjava.zerodep.shaded.org.apache.hc.client5.http.wire - http-outgoing-2 >> "Accept-Encoding: gzip, x-gzip, deflate[\r][\n]"
01:14:47.339 [Test worker] DEBUG com.github.dockerjava.zerodep.shaded.org.apache.hc.client5.http.wire - http-outgoing-2 >> "Host: localhost:2375[\r][\n]"
01:14:47.339 [Test worker] DEBUG com.github.dockerjava.zerodep.shaded.org.apache.hc.client5.http.wire - http-outgoing-2 >> "Connection: keep-alive[\r][\n]"
01:14:47.339 [Test worker] DEBUG com.github.dockerjava.zerodep.shaded.org.apache.hc.client5.http.wire - http-outgoing-2 >> "User-Agent: Apache-HttpClient/5.0.3 (Java/17.0.2)[\r][\n]"
01:14:47.339 [Test worker] DEBUG com.github.dockerjava.zerodep.shaded.org.apache.hc.client5.http.wire - http-outgoing-2 >> "[\r][\n]"
01:14:47.341 [Test worker] DEBUG com.github.dockerjava.zerodep.shaded.org.apache.hc.client5.http.wire - http-outgoing-2 << "HTTP/1.1 200 OK[\r][\n]"
01:14:47.341 [Test worker] DEBUG com.github.dockerjava.zerodep.shaded.org.apache.hc.client5.http.wire - http-outgoing-2 << "Api-Version: 1.41[\r][\n]"
01:14:47.341 [Test worker] DEBUG com.github.dockerjava.zerodep.shaded.org.apache.hc.client5.http.wire - http-outgoing-2 << "Content-Type: application/json[\r][\n]"
01:14:47.341 [Test worker] DEBUG com.github.dockerjava.zerodep.shaded.org.apache.hc.client5.http.wire - http-outgoing-2 << "Date: Tue, 28 Mar 2023 04:14:47 GMT[\r][\n]"
01:14:47.341 [Test worker] DEBUG com.github.dockerjava.zerodep.shaded.org.apache.hc.client5.http.wire - http-outgoing-2 << "Docker-Experimental: false[\r][\n]"
01:14:47.341 [Test worker] DEBUG com.github.dockerjava.zerodep.shaded.org.apache.hc.client5.http.wire - http-outgoing-2 << "Ostype: linux[\r][\n]"
01:14:47.341 [Test worker] DEBUG com.github.dockerjava.zerodep.shaded.org.apache.hc.client5.http.wire - http-outgoing-2 << "Server: Docker/20.10.21 (linux)[\r][\n]"
01:14:47.341 [Test worker] DEBUG com.github.dockerjava.zerodep.shaded.org.apache.hc.client5.http.wire - http-outgoing-2 << "Transfer-Encoding: chunked[\r][\n]"
01:14:47.341 [Test worker] DEBUG com.github.dockerjava.zerodep.shaded.org.apache.hc.client5.http.wire - http-outgoing-2 << "[\r][\n]"
01:14:47.341 [Test worker] DEBUG com.github.dockerjava.zerodep.shaded.org.apache.hc.client5.http.headers - http-outgoing-2 << HTTP/1.1 200 OK
01:14:47.341 [Test worker] DEBUG com.github.dockerjava.zerodep.shaded.org.apache.hc.client5.http.headers - http-outgoing-2 << Api-Version: 1.41
01:14:47.341 [Test worker] DEBUG com.github.dockerjava.zerodep.shaded.org.apache.hc.client5.http.headers - http-outgoing-2 << Content-Type: application/json
01:14:47.341 [Test worker] DEBUG com.github.dockerjava.zerodep.shaded.org.apache.hc.client5.http.headers - http-outgoing-2 << Date: Tue, 28 Mar 2023 04:14:47 GMT
01:14:47.341 [Test worker] DEBUG com.github.dockerjava.zerodep.shaded.org.apache.hc.client5.http.headers - http-outgoing-2 << Docker-Experimental: false
01:14:47.341 [Test worker] DEBUG com.github.dockerjava.zerodep.shaded.org.apache.hc.client5.http.headers - http-outgoing-2 << Ostype: linux
01:14:47.341 [Test worker] DEBUG com.github.dockerjava.zerodep.shaded.org.apache.hc.client5.http.headers - http-outgoing-2 << Server: Docker/20.10.21 (linux)
01:14:47.341 [Test worker] DEBUG com.github.dockerjava.zerodep.shaded.org.apache.hc.client5.http.headers - http-outgoing-2 << Transfer-Encoding: chunked
01:14:47.342 [Test worker] DEBUG com.github.dockerjava.zerodep.shaded.org.apache.hc.client5.http.impl.classic.MainClientExec - ex-0000002C: connection can be kept alive for 3 MINUTES
01:14:47.342 [Test worker] DEBUG com.github.dockerjava.zerodep.shaded.org.apache.hc.client5.http.wire - http-outgoing-2 << "18c1[\r][\n]"
01:14:47.343 [Test worker] DEBUG com.github.dockerjava.zerodep.shaded.org.apache.hc.client5.http.wire - http-outgoing-2 << "{"Id":"cd5ecdf38df06b4092e6cf67100cd20ad9c3cb4b6e9303874a7bd89885b140c9","Created":"2023-03-28T04:14:43.179040379Z","Path":"docker-entrypoint.sh","Args":["mysqld"],"State":{"Status":"running","Running":true,"Paused":false,"Restarting":false,"OOMKilled":false,"Dead":false,"Pid":20152,"ExitCode":0,"Error":"","StartedAt":"2023-03-28T04:14:43.680338005Z","FinishedAt":"0001-01-01T00:00:00Z"},"Image":"sha256:c7c54c29e20dccc1aefb936c8eba8bb8b98b87a4921102aba87fde2df5810af9","ResolvConfPath":"/var/lib/docker/containers/cd5ecdf38df06b4092e6cf67100cd20ad9c3cb4b6e9303874a7bd89885b140c9/resolv.conf","HostnamePath":"/var/lib/docker/containers/cd5ecdf38df06b4092e6cf67100cd20ad9c3cb4b6e9303874a7bd89885b140c9/hostname","HostsPath":"/var/lib/docker/containers/cd5ecdf38df06b4092e6cf67100cd20ad9c3cb4b6e9303874a7bd89885b140c9/hosts","LogPath":"/var/lib/docker/containers/cd5ecdf38df06b4092e6cf67100cd20ad9c3cb4b6e9303874a7bd89885b140c9/cd5ecdf38df06b4092e6cf67100cd20ad9c3cb4b6e9303874a7bd89885b140c9-json.log","Name":"/keen_matsumoto","RestartCount":0,"Driver":"overlay2","Platform":"linux","MountLabel":"","ProcessLabel":"","AppArmorProfile":"","ExecIDs":null,"HostConfig":{"Binds":[],"ContainerIDFile":"","LogConfig":{"Type":"json-file","Config":{}},"NetworkMode":"default","PortBindings":{"3306/tcp":[{"HostIp":"0.0.0.0","HostPort":"0"}]},"RestartPolicy":{"Name":"","MaximumRetryCount":0},"AutoRemove":false,"VolumeDriver":"","VolumesFrom":[],"CapAdd":null,"CapDrop":null,"CgroupnsMode":"private","Dns":null,"DnsOptions":null,"DnsSearch":null,"ExtraHosts":[],"GroupAdd":null,"IpcMode":"shareable","Cgroup":"","Links":null,"OomScoreAdj":0,"PidMode":"","Privileged":false,"PublishAllPorts":false,"ReadonlyRootfs":false,"SecurityOpt":null,"UTSMode":"","UsernsMode":"","ShmSize":67108864,"Runtime":"runc","ConsoleSize":[0,0],"Isolation":"","CpuShares":0,"Memory":0,"NanoCpus":0,"CgroupParent":"","BlkioWeight":0,"BlkioWeightDevice":null,"BlkioDeviceReadBps":null,"BlkioDeviceWriteBps":null,"BlkioDeviceReadIOps":null,"BlkioDeviceWriteIOps":null,"CpuPeriod":0,"CpuQuota":0,"CpuRealtimePeriod":0,"CpuRealtimeRuntime":0,"CpusetCpus":"","CpusetMems":"","Devices":null,"DeviceCgroupRules":null,"DeviceRequests":null,"KernelMemory":0,"KernelMemoryTCP":0,"MemoryReservation":0,"MemorySwap":0,"MemorySwappiness":null,"OomKillDisable":null,"PidsLimit":null,"Ulimits":null,"CpuCount":0,"CpuPercent":0,"IOMaximumIOps":0,"IOMaximumBandwidth":0,"MaskedPaths":["/proc/asound","/proc/acpi","/proc/kcore","/proc/keys","/proc/latency_stats","/proc/timer_list","/proc/timer_stats","/proc/sched_debug","/proc/scsi","/sys/firmware"],"ReadonlyPaths":["/proc/bus","/proc/fs","/proc/irq","/proc/sys","/proc/sysrq-trigger"]},"GraphDriver":{"Data":{"LowerDir":"/var/lib/docker/overlay2/830e690ec83ecff869b59e4f673c0c63b2bc5c068e9f710933e6f61763699fd2-init/diff:/var/lib/docker/overlay2/1bd8849d7a296305617011f940aa5cfabbe972a513397b1b6bbc27639b6c1f30/diff:/var/lib/docker/overlay2/199d69b2fbf78af4d4c95dec4fd2f8835ab0347eb49fb20ebb2ff3b99fedd6ad/diff:/var/lib/docker/overlay2/d83c38d654989311f75b9491329846033bfb7714de76ef635380dcfad5c740d9/diff:/var/lib/docker/overlay2/08600d0aea2ab2728bebcf5d2589c640a842f53d1ba3c4a4adccb4d03b923cf6/diff:/var/lib/docker/overlay2/9ec7c63a3fb14d13ac788bbf5e282ca821edc41260b79944e5e631037d13ecda/diff:/var/lib/docker/overlay2/db601d7a1b4ea6da638db620462f0da96fa55c559d02269c9ddb09027936ed87/diff:/var/lib/docker/overlay2/a6d2bd03f942e2565f21e74cfe152c7ec836a1c2b583f0790c685b92bdcfda24/diff:/var/lib/docker/overlay2/9badd16ea2c5e2bf1fde8b579683e41137dfc46ed5449234149f199a6751cc84/diff:/var/lib/docker/overlay2/6efb85646ed12e2d1181ef4cc6f6f6732c00c15a4035fe17ebc4f075ca573c30/diff:/var/lib/docker/overlay2/895d7c0ec09144d6ed33936f4e98e11c18010f7abd708cae1ce43aec7a7f2621/diff:/var/lib/docker/overlay2/1c4ba77aa573ab6e5e5069fd15eae71b3da940bde0f97a922a227ffc8a1d1096/diff","MergedDir":"/var/lib/docker/overlay2/830e690ec83ecff869b59e4f673c0c63b2bc5c068e9f710933e6f61763699fd2/merged","UpperDir":"/var/lib/docker/overlay2/830e690ec83ecff869b59e4f673c0c63b2bc5c068e9f710933e6f61763699fd2/diff","WorkDir":"/var/lib/docker/overlay2/830e690ec83ecff869b59e4f673c0c63b2bc5c068e9f710933e6f61763699fd2/work"},"Name":"overlay2"},"Mounts":[{"Type":"volume","Name":"25868b8cea8ad6eba7f00a6fe83e8848def5cff8aab5c5943024031400fa063d","Source":"/var/lib/docker/volumes/25868b8cea8ad6eba7f00a6fe83e8848def5cff8aab5c5943024031400fa063d/_data","Destination":"/var/lib/mysql","Driver":"local","Mode":"","RW":true,"Propagation":""}],"Config":{"Hostname":"cd5ecdf38df0","Domainname":"","User":"","AttachStdin":false,"AttachStdout":false,"AttachStderr":false,"ExposedPorts":{"3306/tcp":{},"33060/tcp":{}},"Tty":false,"OpenStdin":false,"StdinOnce":false,"Env":["MYSQL_DATABASE=adm_videos","MYSQL_PASSWORD=123456","MYSQL_ROOT_PASSWORD=123456","PATH=/usr/local/sbin:/usr/local/bin:/usr/sbin:/usr/bin:/sbin:/bin","GOSU_VERSION=1.16","MYSQL_MAJOR=8.0","MYSQL_VERSION=8.0.32-1.el8","MYSQL_SHELL_VERSION=8.0.32-1.el8"],"Cmd":["mysqld"],"Image":"mysql:latest","Volumes":{"/var/lib/mysql":{}},"WorkingDir":"","Entrypoint":["docker-entrypoint.sh"],"OnBuild":null,"Labels":{"org.testcontainers":"true","org.testcontainers.lang":"java","org.testcontainers.sessionId":"71b9672a-6f61-4546-a7b6-d603100b2e56","org.testcontainers.version":"1.17.6"}},"NetworkSettings":{"Bridge":"","SandboxID":"56762d63452c709eadac6b5c5f4b6cdd30da833580c632f91fd658806eaf4ddb","HairpinMode":false,"LinkLocalIPv6Address":"","LinkLocalIPv6PrefixLen":0,"Ports":{"3306/tcp":[{"HostIp":"0.0.0.0","HostPort":"63819"}],"33060/tcp":null},"SandboxKey":"/var/run/docker/netns/56762d63452c","SecondaryIPAddresses":null,"SecondaryIPv6Addresses":null,"EndpointID":"92fc2600684327987bceb8e2716a72ba2420fccd56812c1491af8c03946e105c","Gateway":"172.17.0.1","GlobalIPv6Address":"","GlobalIPv6PrefixLen":0,"IPAddress":"172.17.0.3","IPPrefixLen":16,"IPv6Gateway":"","MacAddress":"02:42:ac:11:00:03","Networks":{"bridge":{"IPAMConfig":null,"Links":null,"Aliases":null,"NetworkID":"308e234c143065751b16b4500cb9f48d5c7fc2116504b3d816a5e51cd4771062","EndpointID":"92fc2600684327987bceb8e2716a72ba2420fccd56812c1491af8c03946e105c","Gateway":"172.17.0.1","IPAddress":"172.17.0.3","IPPrefixLen":16,"IPv6Gateway":"","GlobalIPv6Address":"","GlobalIPv6PrefixLen":0,"MacAddress":"02:42:ac:11:00:03","DriverOpts":null}}}}[\n]"
01:14:47.343 [Test worker] DEBUG com.github.dockerjava.zerodep.shaded.org.apache.hc.client5.http.wire - http-outgoing-2 << "[\r][\n]"
01:14:47.344 [Test worker] DEBUG com.github.dockerjava.zerodep.shaded.org.apache.hc.client5.http.wire - http-outgoing-2 << "0[\r][\n]"
01:14:47.344 [Test worker] DEBUG com.github.dockerjava.zerodep.shaded.org.apache.hc.client5.http.wire - http-outgoing-2 << "[\r][\n]"
01:14:47.344 [Test worker] DEBUG com.github.dockerjava.zerodep.shaded.org.apache.hc.client5.http.impl.classic.InternalHttpClient - ep-0000002B: releasing valid endpoint
01:14:47.344 [Test worker] DEBUG com.github.dockerjava.zerodep.shaded.org.apache.hc.client5.http.impl.io.PoolingHttpClientConnectionManager - ep-0000002B: releasing endpoint
01:14:47.344 [Test worker] DEBUG com.github.dockerjava.zerodep.shaded.org.apache.hc.client5.http.impl.io.PoolingHttpClientConnectionManager - ep-0000002B: connection http-outgoing-2 can be kept alive for 3 MINUTES
01:14:47.344 [Test worker] DEBUG com.github.dockerjava.zerodep.shaded.org.apache.hc.client5.http.impl.io.PoolingHttpClientConnectionManager - ep-0000002B: connection released [route: {}->unix://localhost:2375][total available: 1; route allocated: 1 of 2147483647; total allocated: 1 of 2147483647]
01:14:47.344 [Test worker] DEBUG ]]>&#x1f433;<![CDATA[ [mysql:latest] - Trying to create JDBC connection using com.mysql.cj.jdbc.Driver to jdbc:mysql://localhost:63819/adm_videos?useSSL=false&allowPublicKeyRetrieval=true with properties: {password=123456, user=root}
01:14:47.453 [Test worker] DEBUG org.testcontainers.shaded.com.github.dockerjava.core.command.AbstrDockerCmd - Cmd: cd5ecdf38df06b4092e6cf67100cd20ad9c3cb4b6e9303874a7bd89885b140c9,false
01:14:47.453 [Test worker] DEBUG org.testcontainers.shaded.com.github.dockerjava.core.exec.InspectContainerCmdExec - GET: DefaultWebTarget{path=[/containers/cd5ecdf38df06b4092e6cf67100cd20ad9c3cb4b6e9303874a7bd89885b140c9/json], queryParams={}}
01:14:47.454 [Test worker] DEBUG com.github.dockerjava.zerodep.shaded.org.apache.hc.client5.http.impl.classic.InternalHttpClient - ex-0000002D: preparing request execution
01:14:47.454 [Test worker] DEBUG com.github.dockerjava.zerodep.shaded.org.apache.hc.client5.http.protocol.RequestAddCookies - Cookie spec selected: strict
01:14:47.454 [Test worker] DEBUG com.github.dockerjava.zerodep.shaded.org.apache.hc.client5.http.protocol.RequestAuthCache - Auth cache not set in the context
01:14:47.454 [Test worker] DEBUG com.github.dockerjava.zerodep.shaded.org.apache.hc.client5.http.impl.classic.ProtocolExec - ex-0000002D: target auth state: UNCHALLENGED
01:14:47.454 [Test worker] DEBUG com.github.dockerjava.zerodep.shaded.org.apache.hc.client5.http.impl.classic.ProtocolExec - ex-0000002D: proxy auth state: UNCHALLENGED
01:14:47.454 [Test worker] DEBUG com.github.dockerjava.zerodep.shaded.org.apache.hc.client5.http.impl.classic.ConnectExec - ex-0000002D: acquiring connection with route {}->unix://localhost:2375
01:14:47.454 [Test worker] DEBUG com.github.dockerjava.zerodep.shaded.org.apache.hc.client5.http.impl.classic.InternalHttpClient - ex-0000002D: acquiring endpoint (3 MINUTES)
01:14:47.454 [Test worker] DEBUG com.github.dockerjava.zerodep.shaded.org.apache.hc.client5.http.impl.io.PoolingHttpClientConnectionManager - ex-0000002D: endpoint lease request (3 MINUTES) [route: {}->unix://localhost:2375][total available: 1; route allocated: 1 of 2147483647; total allocated: 1 of 2147483647]
01:14:47.454 [Test worker] DEBUG com.github.dockerjava.zerodep.shaded.org.apache.hc.client5.http.impl.io.PoolingHttpClientConnectionManager - ex-0000002D: endpoint leased [route: {}->unix://localhost:2375][total available: 0; route allocated: 1 of 2147483647; total allocated: 1 of 2147483647]
01:14:47.455 [Test worker] DEBUG com.github.dockerjava.zerodep.shaded.org.apache.hc.client5.http.impl.io.PoolingHttpClientConnectionManager - ex-0000002D: acquired ep-0000002C
01:14:47.455 [Test worker] DEBUG com.github.dockerjava.zerodep.shaded.org.apache.hc.client5.http.impl.classic.InternalHttpClient - ex-0000002D: acquired endpoint ep-0000002C
01:14:47.455 [Test worker] DEBUG com.github.dockerjava.zerodep.shaded.org.apache.hc.client5.http.impl.classic.MainClientExec - ex-0000002D: executing GET /v1.32/containers/cd5ecdf38df06b4092e6cf67100cd20ad9c3cb4b6e9303874a7bd89885b140c9/json HTTP/1.1
01:14:47.455 [Test worker] DEBUG com.github.dockerjava.zerodep.shaded.org.apache.hc.client5.http.impl.classic.InternalHttpClient - ep-0000002C: start execution ex-0000002D
01:14:47.455 [Test worker] DEBUG com.github.dockerjava.zerodep.shaded.org.apache.hc.client5.http.impl.io.PoolingHttpClientConnectionManager - ep-0000002C: executing exchange ex-0000002D over http-outgoing-2
01:14:47.455 [Test worker] DEBUG com.github.dockerjava.zerodep.shaded.org.apache.hc.client5.http.headers - http-outgoing-2 >> GET /v1.32/containers/cd5ecdf38df06b4092e6cf67100cd20ad9c3cb4b6e9303874a7bd89885b140c9/json HTTP/1.1
01:14:47.455 [Test worker] DEBUG com.github.dockerjava.zerodep.shaded.org.apache.hc.client5.http.headers - http-outgoing-2 >> accept: application/json
01:14:47.455 [Test worker] DEBUG com.github.dockerjava.zerodep.shaded.org.apache.hc.client5.http.headers - http-outgoing-2 >> x-tc-sid: 71b9672a-6f61-4546-a7b6-d603100b2e56
01:14:47.455 [Test worker] DEBUG com.github.dockerjava.zerodep.shaded.org.apache.hc.client5.http.headers - http-outgoing-2 >> Accept-Encoding: gzip, x-gzip, deflate
01:14:47.455 [Test worker] DEBUG com.github.dockerjava.zerodep.shaded.org.apache.hc.client5.http.headers - http-outgoing-2 >> Host: localhost:2375
01:14:47.455 [Test worker] DEBUG com.github.dockerjava.zerodep.shaded.org.apache.hc.client5.http.headers - http-outgoing-2 >> Connection: keep-alive
01:14:47.455 [Test worker] DEBUG com.github.dockerjava.zerodep.shaded.org.apache.hc.client5.http.headers - http-outgoing-2 >> User-Agent: Apache-HttpClient/5.0.3 (Java/17.0.2)
01:14:47.455 [Test worker] DEBUG com.github.dockerjava.zerodep.shaded.org.apache.hc.client5.http.wire - http-outgoing-2 >> "GET /v1.32/containers/cd5ecdf38df06b4092e6cf67100cd20ad9c3cb4b6e9303874a7bd89885b140c9/json HTTP/1.1[\r][\n]"
01:14:47.455 [Test worker] DEBUG com.github.dockerjava.zerodep.shaded.org.apache.hc.client5.http.wire - http-outgoing-2 >> "accept: application/json[\r][\n]"
01:14:47.455 [Test worker] DEBUG com.github.dockerjava.zerodep.shaded.org.apache.hc.client5.http.wire - http-outgoing-2 >> "x-tc-sid: 71b9672a-6f61-4546-a7b6-d603100b2e56[\r][\n]"
01:14:47.455 [Test worker] DEBUG com.github.dockerjava.zerodep.shaded.org.apache.hc.client5.http.wire - http-outgoing-2 >> "Accept-Encoding: gzip, x-gzip, deflate[\r][\n]"
01:14:47.455 [Test worker] DEBUG com.github.dockerjava.zerodep.shaded.org.apache.hc.client5.http.wire - http-outgoing-2 >> "Host: localhost:2375[\r][\n]"
01:14:47.455 [Test worker] DEBUG com.github.dockerjava.zerodep.shaded.org.apache.hc.client5.http.wire - http-outgoing-2 >> "Connection: keep-alive[\r][\n]"
01:14:47.455 [Test worker] DEBUG com.github.dockerjava.zerodep.shaded.org.apache.hc.client5.http.wire - http-outgoing-2 >> "User-Agent: Apache-HttpClient/5.0.3 (Java/17.0.2)[\r][\n]"
01:14:47.455 [Test worker] DEBUG com.github.dockerjava.zerodep.shaded.org.apache.hc.client5.http.wire - http-outgoing-2 >> "[\r][\n]"
01:14:47.457 [Test worker] DEBUG com.github.dockerjava.zerodep.shaded.org.apache.hc.client5.http.wire - http-outgoing-2 << "HTTP/1.1 200 OK[\r][\n]"
01:14:47.457 [Test worker] DEBUG com.github.dockerjava.zerodep.shaded.org.apache.hc.client5.http.wire - http-outgoing-2 << "Api-Version: 1.41[\r][\n]"
01:14:47.457 [Test worker] DEBUG com.github.dockerjava.zerodep.shaded.org.apache.hc.client5.http.wire - http-outgoing-2 << "Content-Type: application/json[\r][\n]"
01:14:47.457 [Test worker] DEBUG com.github.dockerjava.zerodep.shaded.org.apache.hc.client5.http.wire - http-outgoing-2 << "Date: Tue, 28 Mar 2023 04:14:47 GMT[\r][\n]"
01:14:47.457 [Test worker] DEBUG com.github.dockerjava.zerodep.shaded.org.apache.hc.client5.http.wire - http-outgoing-2 << "Docker-Experimental: false[\r][\n]"
01:14:47.457 [Test worker] DEBUG com.github.dockerjava.zerodep.shaded.org.apache.hc.client5.http.wire - http-outgoing-2 << "Ostype: linux[\r][\n]"
01:14:47.457 [Test worker] DEBUG com.github.dockerjava.zerodep.shaded.org.apache.hc.client5.http.wire - http-outgoing-2 << "Server: Docker/20.10.21 (linux)[\r][\n]"
01:14:47.457 [Test worker] DEBUG com.github.dockerjava.zerodep.shaded.org.apache.hc.client5.http.wire - http-outgoing-2 << "Transfer-Encoding: chunked[\r][\n]"
01:14:47.457 [Test worker] DEBUG com.github.dockerjava.zerodep.shaded.org.apache.hc.client5.http.wire - http-outgoing-2 << "[\r][\n]"
01:14:47.457 [Test worker] DEBUG com.github.dockerjava.zerodep.shaded.org.apache.hc.client5.http.headers - http-outgoing-2 << HTTP/1.1 200 OK
01:14:47.457 [Test worker] DEBUG com.github.dockerjava.zerodep.shaded.org.apache.hc.client5.http.headers - http-outgoing-2 << Api-Version: 1.41
01:14:47.457 [Test worker] DEBUG com.github.dockerjava.zerodep.shaded.org.apache.hc.client5.http.headers - http-outgoing-2 << Content-Type: application/json
01:14:47.457 [Test worker] DEBUG com.github.dockerjava.zerodep.shaded.org.apache.hc.client5.http.headers - http-outgoing-2 << Date: Tue, 28 Mar 2023 04:14:47 GMT
01:14:47.457 [Test worker] DEBUG com.github.dockerjava.zerodep.shaded.org.apache.hc.client5.http.headers - http-outgoing-2 << Docker-Experimental: false
01:14:47.457 [Test worker] DEBUG com.github.dockerjava.zerodep.shaded.org.apache.hc.client5.http.headers - http-outgoing-2 << Ostype: linux
01:14:47.457 [Test worker] DEBUG com.github.dockerjava.zerodep.shaded.org.apache.hc.client5.http.headers - http-outgoing-2 << Server: Docker/20.10.21 (linux)
01:14:47.457 [Test worker] DEBUG com.github.dockerjava.zerodep.shaded.org.apache.hc.client5.http.headers - http-outgoing-2 << Transfer-Encoding: chunked
01:14:47.458 [Test worker] DEBUG com.github.dockerjava.zerodep.shaded.org.apache.hc.client5.http.impl.classic.MainClientExec - ex-0000002D: connection can be kept alive for 3 MINUTES
01:14:47.459 [Test worker] DEBUG com.github.dockerjava.zerodep.shaded.org.apache.hc.client5.http.wire - http-outgoing-2 << "18c1[\r][\n]"
01:14:47.459 [Test worker] DEBUG com.github.dockerjava.zerodep.shaded.org.apache.hc.client5.http.wire - http-outgoing-2 << "{"Id":"cd5ecdf38df06b4092e6cf67100cd20ad9c3cb4b6e9303874a7bd89885b140c9","Created":"2023-03-28T04:14:43.179040379Z","Path":"docker-entrypoint.sh","Args":["mysqld"],"State":{"Status":"running","Running":true,"Paused":false,"Restarting":false,"OOMKilled":false,"Dead":false,"Pid":20152,"ExitCode":0,"Error":"","StartedAt":"2023-03-28T04:14:43.680338005Z","FinishedAt":"0001-01-01T00:00:00Z"},"Image":"sha256:c7c54c29e20dccc1aefb936c8eba8bb8b98b87a4921102aba87fde2df5810af9","ResolvConfPath":"/var/lib/docker/containers/cd5ecdf38df06b4092e6cf67100cd20ad9c3cb4b6e9303874a7bd89885b140c9/resolv.conf","HostnamePath":"/var/lib/docker/containers/cd5ecdf38df06b4092e6cf67100cd20ad9c3cb4b6e9303874a7bd89885b140c9/hostname","HostsPath":"/var/lib/docker/containers/cd5ecdf38df06b4092e6cf67100cd20ad9c3cb4b6e9303874a7bd89885b140c9/hosts","LogPath":"/var/lib/docker/containers/cd5ecdf38df06b4092e6cf67100cd20ad9c3cb4b6e9303874a7bd89885b140c9/cd5ecdf38df06b4092e6cf67100cd20ad9c3cb4b6e9303874a7bd89885b140c9-json.log","Name":"/keen_matsumoto","RestartCount":0,"Driver":"overlay2","Platform":"linux","MountLabel":"","ProcessLabel":"","AppArmorProfile":"","ExecIDs":null,"HostConfig":{"Binds":[],"ContainerIDFile":"","LogConfig":{"Type":"json-file","Config":{}},"NetworkMode":"default","PortBindings":{"3306/tcp":[{"HostIp":"0.0.0.0","HostPort":"0"}]},"RestartPolicy":{"Name":"","MaximumRetryCount":0},"AutoRemove":false,"VolumeDriver":"","VolumesFrom":[],"CapAdd":null,"CapDrop":null,"CgroupnsMode":"private","Dns":null,"DnsOptions":null,"DnsSearch":null,"ExtraHosts":[],"GroupAdd":null,"IpcMode":"shareable","Cgroup":"","Links":null,"OomScoreAdj":0,"PidMode":"","Privileged":false,"PublishAllPorts":false,"ReadonlyRootfs":false,"SecurityOpt":null,"UTSMode":"","UsernsMode":"","ShmSize":67108864,"Runtime":"runc","ConsoleSize":[0,0],"Isolation":"","CpuShares":0,"Memory":0,"NanoCpus":0,"CgroupParent":"","BlkioWeight":0,"BlkioWeightDevice":null,"BlkioDeviceReadBps":null,"BlkioDeviceWriteBps":null,"BlkioDeviceReadIOps":null,"BlkioDeviceWriteIOps":null,"CpuPeriod":0,"CpuQuota":0,"CpuRealtimePeriod":0,"CpuRealtimeRuntime":0,"CpusetCpus":"","CpusetMems":"","Devices":null,"DeviceCgroupRules":null,"DeviceRequests":null,"KernelMemory":0,"KernelMemoryTCP":0,"MemoryReservation":0,"MemorySwap":0,"MemorySwappiness":null,"OomKillDisable":null,"PidsLimit":null,"Ulimits":null,"CpuCount":0,"CpuPercent":0,"IOMaximumIOps":0,"IOMaximumBandwidth":0,"MaskedPaths":["/proc/asound","/proc/acpi","/proc/kcore","/proc/keys","/proc/latency_stats","/proc/timer_list","/proc/timer_stats","/proc/sched_debug","/proc/scsi","/sys/firmware"],"ReadonlyPaths":["/proc/bus","/proc/fs","/proc/irq","/proc/sys","/proc/sysrq-trigger"]},"GraphDriver":{"Data":{"LowerDir":"/var/lib/docker/overlay2/830e690ec83ecff869b59e4f673c0c63b2bc5c068e9f710933e6f61763699fd2-init/diff:/var/lib/docker/overlay2/1bd8849d7a296305617011f940aa5cfabbe972a513397b1b6bbc27639b6c1f30/diff:/var/lib/docker/overlay2/199d69b2fbf78af4d4c95dec4fd2f8835ab0347eb49fb20ebb2ff3b99fedd6ad/diff:/var/lib/docker/overlay2/d83c38d654989311f75b9491329846033bfb7714de76ef635380dcfad5c740d9/diff:/var/lib/docker/overlay2/08600d0aea2ab2728bebcf5d2589c640a842f53d1ba3c4a4adccb4d03b923cf6/diff:/var/lib/docker/overlay2/9ec7c63a3fb14d13ac788bbf5e282ca821edc41260b79944e5e631037d13ecda/diff:/var/lib/docker/overlay2/db601d7a1b4ea6da638db620462f0da96fa55c559d02269c9ddb09027936ed87/diff:/var/lib/docker/overlay2/a6d2bd03f942e2565f21e74cfe152c7ec836a1c2b583f0790c685b92bdcfda24/diff:/var/lib/docker/overlay2/9badd16ea2c5e2bf1fde8b579683e41137dfc46ed5449234149f199a6751cc84/diff:/var/lib/docker/overlay2/6efb85646ed12e2d1181ef4cc6f6f6732c00c15a4035fe17ebc4f075ca573c30/diff:/var/lib/docker/overlay2/895d7c0ec09144d6ed33936f4e98e11c18010f7abd708cae1ce43aec7a7f2621/diff:/var/lib/docker/overlay2/1c4ba77aa573ab6e5e5069fd15eae71b3da940bde0f97a922a227ffc8a1d1096/diff","MergedDir":"/var/lib/docker/overlay2/830e690ec83ecff869b59e4f673c0c63b2bc5c068e9f710933e6f61763699fd2/merged","UpperDir":"/var/lib/docker/overlay2/830e690ec83ecff869b59e4f673c0c63b2bc5c068e9f710933e6f61763699fd2/diff","WorkDir":"/var/lib/docker/overlay2/830e690ec83ecff869b59e4f673c0c63b2bc5c068e9f710933e6f61763699fd2/work"},"Name":"overlay2"},"Mounts":[{"Type":"volume","Name":"25868b8cea8ad6eba7f00a6fe83e8848def5cff8aab5c5943024031400fa063d","Source":"/var/lib/docker/volumes/25868b8cea8ad6eba7f00a6fe83e8848def5cff8aab5c5943024031400fa063d/_data","Destination":"/var/lib/mysql","Driver":"local","Mode":"","RW":true,"Propagation":""}],"Config":{"Hostname":"cd5ecdf38df0","Domainname":"","User":"","AttachStdin":false,"AttachStdout":false,"AttachStderr":false,"ExposedPorts":{"3306/tcp":{},"33060/tcp":{}},"Tty":false,"OpenStdin":false,"StdinOnce":false,"Env":["MYSQL_DATABASE=adm_videos","MYSQL_PASSWORD=123456","MYSQL_ROOT_PASSWORD=123456","PATH=/usr/local/sbin:/usr/local/bin:/usr/sbin:/usr/bin:/sbin:/bin","GOSU_VERSION=1.16","MYSQL_MAJOR=8.0","MYSQL_VERSION=8.0.32-1.el8","MYSQL_SHELL_VERSION=8.0.32-1.el8"],"Cmd":["mysqld"],"Image":"mysql:latest","Volumes":{"/var/lib/mysql":{}},"WorkingDir":"","Entrypoint":["docker-entrypoint.sh"],"OnBuild":null,"Labels":{"org.testcontainers":"true","org.testcontainers.lang":"java","org.testcontainers.sessionId":"71b9672a-6f61-4546-a7b6-d603100b2e56","org.testcontainers.version":"1.17.6"}},"NetworkSettings":{"Bridge":"","SandboxID":"56762d63452c709eadac6b5c5f4b6cdd30da833580c632f91fd658806eaf4ddb","HairpinMode":false,"LinkLocalIPv6Address":"","LinkLocalIPv6PrefixLen":0,"Ports":{"3306/tcp":[{"HostIp":"0.0.0.0","HostPort":"63819"}],"33060/tcp":null},"SandboxKey":"/var/run/docker/netns/56762d63452c","SecondaryIPAddresses":null,"SecondaryIPv6Addresses":null,"EndpointID":"92fc2600684327987bceb8e2716a72ba2420fccd56812c1491af8c03946e105c","Gateway":"172.17.0.1","GlobalIPv6Address":"","GlobalIPv6PrefixLen":0,"IPAddress":"172.17.0.3","IPPrefixLen":16,"IPv6Gateway":"","MacAddress":"02:42:ac:11:00:03","Networks":{"bridge":{"IPAMConfig":null,"Links":null,"Aliases":null,"NetworkID":"308e234c143065751b16b4500cb9f48d5c7fc2116504b3d816a5e51cd4771062","EndpointID":"92fc2600684327987bceb8e2716a72ba2420fccd56812c1491af8c03946e105c","Gateway":"172.17.0.1","IPAddress":"172.17.0.3","IPPrefixLen":16,"IPv6Gateway":"","GlobalIPv6Address":"","GlobalIPv6PrefixLen":0,"MacAddress":"02:42:ac:11:00:03","DriverOpts":null}}}}[\n]"
01:14:47.459 [Test worker] DEBUG com.github.dockerjava.zerodep.shaded.org.apache.hc.client5.http.wire - http-outgoing-2 << "[\r][\n]"
01:14:47.460 [Test worker] DEBUG com.github.dockerjava.zerodep.shaded.org.apache.hc.client5.http.wire - http-outgoing-2 << "0[\r][\n]"
01:14:47.460 [Test worker] DEBUG com.github.dockerjava.zerodep.shaded.org.apache.hc.client5.http.wire - http-outgoing-2 << "[\r][\n]"
01:14:47.460 [Test worker] DEBUG com.github.dockerjava.zerodep.shaded.org.apache.hc.client5.http.impl.classic.InternalHttpClient - ep-0000002C: releasing valid endpoint
01:14:47.460 [Test worker] DEBUG com.github.dockerjava.zerodep.shaded.org.apache.hc.client5.http.impl.io.PoolingHttpClientConnectionManager - ep-0000002C: releasing endpoint
01:14:47.460 [Test worker] DEBUG com.github.dockerjava.zerodep.shaded.org.apache.hc.client5.http.impl.io.PoolingHttpClientConnectionManager - ep-0000002C: connection http-outgoing-2 can be kept alive for 3 MINUTES
01:14:47.460 [Test worker] DEBUG com.github.dockerjava.zerodep.shaded.org.apache.hc.client5.http.impl.io.PoolingHttpClientConnectionManager - ep-0000002C: connection released [route: {}->unix://localhost:2375][total available: 1; route allocated: 1 of 2147483647; total allocated: 1 of 2147483647]
01:14:47.460 [Test worker] DEBUG ]]>&#x1f433;<![CDATA[ [mysql:latest] - Trying to create JDBC connection using com.mysql.cj.jdbc.Driver to jdbc:mysql://localhost:63819/adm_videos?useSSL=false&allowPublicKeyRetrieval=true with properties: {password=123456, user=root}
01:14:47.563 [Test worker] DEBUG org.testcontainers.shaded.com.github.dockerjava.core.command.AbstrDockerCmd - Cmd: cd5ecdf38df06b4092e6cf67100cd20ad9c3cb4b6e9303874a7bd89885b140c9,false
01:14:47.564 [Test worker] DEBUG org.testcontainers.shaded.com.github.dockerjava.core.exec.InspectContainerCmdExec - GET: DefaultWebTarget{path=[/containers/cd5ecdf38df06b4092e6cf67100cd20ad9c3cb4b6e9303874a7bd89885b140c9/json], queryParams={}}
01:14:47.564 [Test worker] DEBUG com.github.dockerjava.zerodep.shaded.org.apache.hc.client5.http.impl.classic.InternalHttpClient - ex-0000002E: preparing request execution
01:14:47.564 [Test worker] DEBUG com.github.dockerjava.zerodep.shaded.org.apache.hc.client5.http.protocol.RequestAddCookies - Cookie spec selected: strict
01:14:47.565 [Test worker] DEBUG com.github.dockerjava.zerodep.shaded.org.apache.hc.client5.http.protocol.RequestAuthCache - Auth cache not set in the context
01:14:47.565 [Test worker] DEBUG com.github.dockerjava.zerodep.shaded.org.apache.hc.client5.http.impl.classic.ProtocolExec - ex-0000002E: target auth state: UNCHALLENGED
01:14:47.565 [Test worker] DEBUG com.github.dockerjava.zerodep.shaded.org.apache.hc.client5.http.impl.classic.ProtocolExec - ex-0000002E: proxy auth state: UNCHALLENGED
01:14:47.565 [Test worker] DEBUG com.github.dockerjava.zerodep.shaded.org.apache.hc.client5.http.impl.classic.ConnectExec - ex-0000002E: acquiring connection with route {}->unix://localhost:2375
01:14:47.565 [Test worker] DEBUG com.github.dockerjava.zerodep.shaded.org.apache.hc.client5.http.impl.classic.InternalHttpClient - ex-0000002E: acquiring endpoint (3 MINUTES)
01:14:47.565 [Test worker] DEBUG com.github.dockerjava.zerodep.shaded.org.apache.hc.client5.http.impl.io.PoolingHttpClientConnectionManager - ex-0000002E: endpoint lease request (3 MINUTES) [route: {}->unix://localhost:2375][total available: 1; route allocated: 1 of 2147483647; total allocated: 1 of 2147483647]
01:14:47.565 [Test worker] DEBUG com.github.dockerjava.zerodep.shaded.org.apache.hc.client5.http.impl.io.PoolingHttpClientConnectionManager - ex-0000002E: endpoint leased [route: {}->unix://localhost:2375][total available: 0; route allocated: 1 of 2147483647; total allocated: 1 of 2147483647]
01:14:47.565 [Test worker] DEBUG com.github.dockerjava.zerodep.shaded.org.apache.hc.client5.http.impl.io.PoolingHttpClientConnectionManager - ex-0000002E: acquired ep-0000002D
01:14:47.565 [Test worker] DEBUG com.github.dockerjava.zerodep.shaded.org.apache.hc.client5.http.impl.classic.InternalHttpClient - ex-0000002E: acquired endpoint ep-0000002D
01:14:47.565 [Test worker] DEBUG com.github.dockerjava.zerodep.shaded.org.apache.hc.client5.http.impl.classic.MainClientExec - ex-0000002E: executing GET /v1.32/containers/cd5ecdf38df06b4092e6cf67100cd20ad9c3cb4b6e9303874a7bd89885b140c9/json HTTP/1.1
01:14:47.565 [Test worker] DEBUG com.github.dockerjava.zerodep.shaded.org.apache.hc.client5.http.impl.classic.InternalHttpClient - ep-0000002D: start execution ex-0000002E
01:14:47.565 [Test worker] DEBUG com.github.dockerjava.zerodep.shaded.org.apache.hc.client5.http.impl.io.PoolingHttpClientConnectionManager - ep-0000002D: executing exchange ex-0000002E over http-outgoing-2
01:14:47.565 [Test worker] DEBUG com.github.dockerjava.zerodep.shaded.org.apache.hc.client5.http.headers - http-outgoing-2 >> GET /v1.32/containers/cd5ecdf38df06b4092e6cf67100cd20ad9c3cb4b6e9303874a7bd89885b140c9/json HTTP/1.1
01:14:47.565 [Test worker] DEBUG com.github.dockerjava.zerodep.shaded.org.apache.hc.client5.http.headers - http-outgoing-2 >> accept: application/json
01:14:47.565 [Test worker] DEBUG com.github.dockerjava.zerodep.shaded.org.apache.hc.client5.http.headers - http-outgoing-2 >> x-tc-sid: 71b9672a-6f61-4546-a7b6-d603100b2e56
01:14:47.565 [Test worker] DEBUG com.github.dockerjava.zerodep.shaded.org.apache.hc.client5.http.headers - http-outgoing-2 >> Accept-Encoding: gzip, x-gzip, deflate
01:14:47.565 [Test worker] DEBUG com.github.dockerjava.zerodep.shaded.org.apache.hc.client5.http.headers - http-outgoing-2 >> Host: localhost:2375
01:14:47.565 [Test worker] DEBUG com.github.dockerjava.zerodep.shaded.org.apache.hc.client5.http.headers - http-outgoing-2 >> Connection: keep-alive
01:14:47.566 [Test worker] DEBUG com.github.dockerjava.zerodep.shaded.org.apache.hc.client5.http.headers - http-outgoing-2 >> User-Agent: Apache-HttpClient/5.0.3 (Java/17.0.2)
01:14:47.566 [Test worker] DEBUG com.github.dockerjava.zerodep.shaded.org.apache.hc.client5.http.wire - http-outgoing-2 >> "GET /v1.32/containers/cd5ecdf38df06b4092e6cf67100cd20ad9c3cb4b6e9303874a7bd89885b140c9/json HTTP/1.1[\r][\n]"
01:14:47.566 [Test worker] DEBUG com.github.dockerjava.zerodep.shaded.org.apache.hc.client5.http.wire - http-outgoing-2 >> "accept: application/json[\r][\n]"
01:14:47.566 [Test worker] DEBUG com.github.dockerjava.zerodep.shaded.org.apache.hc.client5.http.wire - http-outgoing-2 >> "x-tc-sid: 71b9672a-6f61-4546-a7b6-d603100b2e56[\r][\n]"
01:14:47.566 [Test worker] DEBUG com.github.dockerjava.zerodep.shaded.org.apache.hc.client5.http.wire - http-outgoing-2 >> "Accept-Encoding: gzip, x-gzip, deflate[\r][\n]"
01:14:47.566 [Test worker] DEBUG com.github.dockerjava.zerodep.shaded.org.apache.hc.client5.http.wire - http-outgoing-2 >> "Host: localhost:2375[\r][\n]"
01:14:47.566 [Test worker] DEBUG com.github.dockerjava.zerodep.shaded.org.apache.hc.client5.http.wire - http-outgoing-2 >> "Connection: keep-alive[\r][\n]"
01:14:47.566 [Test worker] DEBUG com.github.dockerjava.zerodep.shaded.org.apache.hc.client5.http.wire - http-outgoing-2 >> "User-Agent: Apache-HttpClient/5.0.3 (Java/17.0.2)[\r][\n]"
01:14:47.566 [Test worker] DEBUG com.github.dockerjava.zerodep.shaded.org.apache.hc.client5.http.wire - http-outgoing-2 >> "[\r][\n]"
01:14:47.567 [Test worker] DEBUG com.github.dockerjava.zerodep.shaded.org.apache.hc.client5.http.wire - http-outgoing-2 << "HTTP/1.1 200 OK[\r][\n]"
01:14:47.568 [Test worker] DEBUG com.github.dockerjava.zerodep.shaded.org.apache.hc.client5.http.wire - http-outgoing-2 << "Api-Version: 1.41[\r][\n]"
01:14:47.568 [Test worker] DEBUG com.github.dockerjava.zerodep.shaded.org.apache.hc.client5.http.wire - http-outgoing-2 << "Content-Type: application/json[\r][\n]"
01:14:47.568 [Test worker] DEBUG com.github.dockerjava.zerodep.shaded.org.apache.hc.client5.http.wire - http-outgoing-2 << "Date: Tue, 28 Mar 2023 04:14:47 GMT[\r][\n]"
01:14:47.568 [Test worker] DEBUG com.github.dockerjava.zerodep.shaded.org.apache.hc.client5.http.wire - http-outgoing-2 << "Docker-Experimental: false[\r][\n]"
01:14:47.568 [Test worker] DEBUG com.github.dockerjava.zerodep.shaded.org.apache.hc.client5.http.wire - http-outgoing-2 << "Ostype: linux[\r][\n]"
01:14:47.568 [Test worker] DEBUG com.github.dockerjava.zerodep.shaded.org.apache.hc.client5.http.wire - http-outgoing-2 << "Server: Docker/20.10.21 (linux)[\r][\n]"
01:14:47.568 [Test worker] DEBUG com.github.dockerjava.zerodep.shaded.org.apache.hc.client5.http.wire - http-outgoing-2 << "Transfer-Encoding: chunked[\r][\n]"
01:14:47.568 [Test worker] DEBUG com.github.dockerjava.zerodep.shaded.org.apache.hc.client5.http.wire - http-outgoing-2 << "[\r][\n]"
01:14:47.568 [Test worker] DEBUG com.github.dockerjava.zerodep.shaded.org.apache.hc.client5.http.headers - http-outgoing-2 << HTTP/1.1 200 OK
01:14:47.568 [Test worker] DEBUG com.github.dockerjava.zerodep.shaded.org.apache.hc.client5.http.headers - http-outgoing-2 << Api-Version: 1.41
01:14:47.568 [Test worker] DEBUG com.github.dockerjava.zerodep.shaded.org.apache.hc.client5.http.headers - http-outgoing-2 << Content-Type: application/json
01:14:47.568 [Test worker] DEBUG com.github.dockerjava.zerodep.shaded.org.apache.hc.client5.http.headers - http-outgoing-2 << Date: Tue, 28 Mar 2023 04:14:47 GMT
01:14:47.568 [Test worker] DEBUG com.github.dockerjava.zerodep.shaded.org.apache.hc.client5.http.headers - http-outgoing-2 << Docker-Experimental: false
01:14:47.568 [Test worker] DEBUG com.github.dockerjava.zerodep.shaded.org.apache.hc.client5.http.headers - http-outgoing-2 << Ostype: linux
01:14:47.568 [Test worker] DEBUG com.github.dockerjava.zerodep.shaded.org.apache.hc.client5.http.headers - http-outgoing-2 << Server: Docker/20.10.21 (linux)
01:14:47.568 [Test worker] DEBUG com.github.dockerjava.zerodep.shaded.org.apache.hc.client5.http.headers - http-outgoing-2 << Transfer-Encoding: chunked
01:14:47.568 [Test worker] DEBUG com.github.dockerjava.zerodep.shaded.org.apache.hc.client5.http.impl.classic.MainClientExec - ex-0000002E: connection can be kept alive for 3 MINUTES
01:14:47.569 [Test worker] DEBUG com.github.dockerjava.zerodep.shaded.org.apache.hc.client5.http.wire - http-outgoing-2 << "18c1[\r][\n]"
01:14:47.569 [Test worker] DEBUG com.github.dockerjava.zerodep.shaded.org.apache.hc.client5.http.wire - http-outgoing-2 << "{"Id":"cd5ecdf38df06b4092e6cf67100cd20ad9c3cb4b6e9303874a7bd89885b140c9","Created":"2023-03-28T04:14:43.179040379Z","Path":"docker-entrypoint.sh","Args":["mysqld"],"State":{"Status":"running","Running":true,"Paused":false,"Restarting":false,"OOMKilled":false,"Dead":false,"Pid":20152,"ExitCode":0,"Error":"","StartedAt":"2023-03-28T04:14:43.680338005Z","FinishedAt":"0001-01-01T00:00:00Z"},"Image":"sha256:c7c54c29e20dccc1aefb936c8eba8bb8b98b87a4921102aba87fde2df5810af9","ResolvConfPath":"/var/lib/docker/containers/cd5ecdf38df06b4092e6cf67100cd20ad9c3cb4b6e9303874a7bd89885b140c9/resolv.conf","HostnamePath":"/var/lib/docker/containers/cd5ecdf38df06b4092e6cf67100cd20ad9c3cb4b6e9303874a7bd89885b140c9/hostname","HostsPath":"/var/lib/docker/containers/cd5ecdf38df06b4092e6cf67100cd20ad9c3cb4b6e9303874a7bd89885b140c9/hosts","LogPath":"/var/lib/docker/containers/cd5ecdf38df06b4092e6cf67100cd20ad9c3cb4b6e9303874a7bd89885b140c9/cd5ecdf38df06b4092e6cf67100cd20ad9c3cb4b6e9303874a7bd89885b140c9-json.log","Name":"/keen_matsumoto","RestartCount":0,"Driver":"overlay2","Platform":"linux","MountLabel":"","ProcessLabel":"","AppArmorProfile":"","ExecIDs":null,"HostConfig":{"Binds":[],"ContainerIDFile":"","LogConfig":{"Type":"json-file","Config":{}},"NetworkMode":"default","PortBindings":{"3306/tcp":[{"HostIp":"0.0.0.0","HostPort":"0"}]},"RestartPolicy":{"Name":"","MaximumRetryCount":0},"AutoRemove":false,"VolumeDriver":"","VolumesFrom":[],"CapAdd":null,"CapDrop":null,"CgroupnsMode":"private","Dns":null,"DnsOptions":null,"DnsSearch":null,"ExtraHosts":[],"GroupAdd":null,"IpcMode":"shareable","Cgroup":"","Links":null,"OomScoreAdj":0,"PidMode":"","Privileged":false,"PublishAllPorts":false,"ReadonlyRootfs":false,"SecurityOpt":null,"UTSMode":"","UsernsMode":"","ShmSize":67108864,"Runtime":"runc","ConsoleSize":[0,0],"Isolation":"","CpuShares":0,"Memory":0,"NanoCpus":0,"CgroupParent":"","BlkioWeight":0,"BlkioWeightDevice":null,"BlkioDeviceReadBps":null,"BlkioDeviceWriteBps":null,"BlkioDeviceReadIOps":null,"BlkioDeviceWriteIOps":null,"CpuPeriod":0,"CpuQuota":0,"CpuRealtimePeriod":0,"CpuRealtimeRuntime":0,"CpusetCpus":"","CpusetMems":"","Devices":null,"DeviceCgroupRules":null,"DeviceRequests":null,"KernelMemory":0,"KernelMemoryTCP":0,"MemoryReservation":0,"MemorySwap":0,"MemorySwappiness":null,"OomKillDisable":null,"PidsLimit":null,"Ulimits":null,"CpuCount":0,"CpuPercent":0,"IOMaximumIOps":0,"IOMaximumBandwidth":0,"MaskedPaths":["/proc/asound","/proc/acpi","/proc/kcore","/proc/keys","/proc/latency_stats","/proc/timer_list","/proc/timer_stats","/proc/sched_debug","/proc/scsi","/sys/firmware"],"ReadonlyPaths":["/proc/bus","/proc/fs","/proc/irq","/proc/sys","/proc/sysrq-trigger"]},"GraphDriver":{"Data":{"LowerDir":"/var/lib/docker/overlay2/830e690ec83ecff869b59e4f673c0c63b2bc5c068e9f710933e6f61763699fd2-init/diff:/var/lib/docker/overlay2/1bd8849d7a296305617011f940aa5cfabbe972a513397b1b6bbc27639b6c1f30/diff:/var/lib/docker/overlay2/199d69b2fbf78af4d4c95dec4fd2f8835ab0347eb49fb20ebb2ff3b99fedd6ad/diff:/var/lib/docker/overlay2/d83c38d654989311f75b9491329846033bfb7714de76ef635380dcfad5c740d9/diff:/var/lib/docker/overlay2/08600d0aea2ab2728bebcf5d2589c640a842f53d1ba3c4a4adccb4d03b923cf6/diff:/var/lib/docker/overlay2/9ec7c63a3fb14d13ac788bbf5e282ca821edc41260b79944e5e631037d13ecda/diff:/var/lib/docker/overlay2/db601d7a1b4ea6da638db620462f0da96fa55c559d02269c9ddb09027936ed87/diff:/var/lib/docker/overlay2/a6d2bd03f942e2565f21e74cfe152c7ec836a1c2b583f0790c685b92bdcfda24/diff:/var/lib/docker/overlay2/9badd16ea2c5e2bf1fde8b579683e41137dfc46ed5449234149f199a6751cc84/diff:/var/lib/docker/overlay2/6efb85646ed12e2d1181ef4cc6f6f6732c00c15a4035fe17ebc4f075ca573c30/diff:/var/lib/docker/overlay2/895d7c0ec09144d6ed33936f4e98e11c18010f7abd708cae1ce43aec7a7f2621/diff:/var/lib/docker/overlay2/1c4ba77aa573ab6e5e5069fd15eae71b3da940bde0f97a922a227ffc8a1d1096/diff","MergedDir":"/var/lib/docker/overlay2/830e690ec83ecff869b59e4f673c0c63b2bc5c068e9f710933e6f61763699fd2/merged","UpperDir":"/var/lib/docker/overlay2/830e690ec83ecff869b59e4f673c0c63b2bc5c068e9f710933e6f61763699fd2/diff","WorkDir":"/var/lib/docker/overlay2/830e690ec83ecff869b59e4f673c0c63b2bc5c068e9f710933e6f61763699fd2/work"},"Name":"overlay2"},"Mounts":[{"Type":"volume","Name":"25868b8cea8ad6eba7f00a6fe83e8848def5cff8aab5c5943024031400fa063d","Source":"/var/lib/docker/volumes/25868b8cea8ad6eba7f00a6fe83e8848def5cff8aab5c5943024031400fa063d/_data","Destination":"/var/lib/mysql","Driver":"local","Mode":"","RW":true,"Propagation":""}],"Config":{"Hostname":"cd5ecdf38df0","Domainname":"","User":"","AttachStdin":false,"AttachStdout":false,"AttachStderr":false,"ExposedPorts":{"3306/tcp":{},"33060/tcp":{}},"Tty":false,"OpenStdin":false,"StdinOnce":false,"Env":["MYSQL_DATABASE=adm_videos","MYSQL_PASSWORD=123456","MYSQL_ROOT_PASSWORD=123456","PATH=/usr/local/sbin:/usr/local/bin:/usr/sbin:/usr/bin:/sbin:/bin","GOSU_VERSION=1.16","MYSQL_MAJOR=8.0","MYSQL_VERSION=8.0.32-1.el8","MYSQL_SHELL_VERSION=8.0.32-1.el8"],"Cmd":["mysqld"],"Image":"mysql:latest","Volumes":{"/var/lib/mysql":{}},"WorkingDir":"","Entrypoint":["docker-entrypoint.sh"],"OnBuild":null,"Labels":{"org.testcontainers":"true","org.testcontainers.lang":"java","org.testcontainers.sessionId":"71b9672a-6f61-4546-a7b6-d603100b2e56","org.testcontainers.version":"1.17.6"}},"NetworkSettings":{"Bridge":"","SandboxID":"56762d63452c709eadac6b5c5f4b6cdd30da833580c632f91fd658806eaf4ddb","HairpinMode":false,"LinkLocalIPv6Address":"","LinkLocalIPv6PrefixLen":0,"Ports":{"3306/tcp":[{"HostIp":"0.0.0.0","HostPort":"63819"}],"33060/tcp":null},"SandboxKey":"/var/run/docker/netns/56762d63452c","SecondaryIPAddresses":null,"SecondaryIPv6Addresses":null,"EndpointID":"92fc2600684327987bceb8e2716a72ba2420fccd56812c1491af8c03946e105c","Gateway":"172.17.0.1","GlobalIPv6Address":"","GlobalIPv6PrefixLen":0,"IPAddress":"172.17.0.3","IPPrefixLen":16,"IPv6Gateway":"","MacAddress":"02:42:ac:11:00:03","Networks":{"bridge":{"IPAMConfig":null,"Links":null,"Aliases":null,"NetworkID":"308e234c143065751b16b4500cb9f48d5c7fc2116504b3d816a5e51cd4771062","EndpointID":"92fc2600684327987bceb8e2716a72ba2420fccd56812c1491af8c03946e105c","Gateway":"172.17.0.1","IPAddress":"172.17.0.3","IPPrefixLen":16,"IPv6Gateway":"","GlobalIPv6Address":"","GlobalIPv6PrefixLen":0,"MacAddress":"02:42:ac:11:00:03","DriverOpts":null}}}}[\n]"
01:14:47.569 [Test worker] DEBUG com.github.dockerjava.zerodep.shaded.org.apache.hc.client5.http.wire - http-outgoing-2 << "[\r][\n]"
01:14:47.572 [Test worker] DEBUG com.github.dockerjava.zerodep.shaded.org.apache.hc.client5.http.wire - http-outgoing-2 << "0[\r][\n]"
01:14:47.572 [Test worker] DEBUG com.github.dockerjava.zerodep.shaded.org.apache.hc.client5.http.wire - http-outgoing-2 << "[\r][\n]"
01:14:47.572 [Test worker] DEBUG com.github.dockerjava.zerodep.shaded.org.apache.hc.client5.http.impl.classic.InternalHttpClient - ep-0000002D: releasing valid endpoint
01:14:47.572 [Test worker] DEBUG com.github.dockerjava.zerodep.shaded.org.apache.hc.client5.http.impl.io.PoolingHttpClientConnectionManager - ep-0000002D: releasing endpoint
01:14:47.572 [Test worker] DEBUG com.github.dockerjava.zerodep.shaded.org.apache.hc.client5.http.impl.io.PoolingHttpClientConnectionManager - ep-0000002D: connection http-outgoing-2 can be kept alive for 3 MINUTES
01:14:47.572 [Test worker] DEBUG com.github.dockerjava.zerodep.shaded.org.apache.hc.client5.http.impl.io.PoolingHttpClientConnectionManager - ep-0000002D: connection released [route: {}->unix://localhost:2375][total available: 1; route allocated: 1 of 2147483647; total allocated: 1 of 2147483647]
01:14:47.572 [Test worker] DEBUG ]]>&#x1f433;<![CDATA[ [mysql:latest] - Trying to create JDBC connection using com.mysql.cj.jdbc.Driver to jdbc:mysql://localhost:63819/adm_videos?useSSL=false&allowPublicKeyRetrieval=true with properties: {password=123456, user=root}
01:14:47.675 [Test worker] DEBUG org.testcontainers.shaded.com.github.dockerjava.core.command.AbstrDockerCmd - Cmd: cd5ecdf38df06b4092e6cf67100cd20ad9c3cb4b6e9303874a7bd89885b140c9,false
01:14:47.675 [Test worker] DEBUG org.testcontainers.shaded.com.github.dockerjava.core.exec.InspectContainerCmdExec - GET: DefaultWebTarget{path=[/containers/cd5ecdf38df06b4092e6cf67100cd20ad9c3cb4b6e9303874a7bd89885b140c9/json], queryParams={}}
01:14:47.675 [Test worker] DEBUG com.github.dockerjava.zerodep.shaded.org.apache.hc.client5.http.impl.classic.InternalHttpClient - ex-0000002F: preparing request execution
01:14:47.675 [Test worker] DEBUG com.github.dockerjava.zerodep.shaded.org.apache.hc.client5.http.protocol.RequestAddCookies - Cookie spec selected: strict
01:14:47.675 [Test worker] DEBUG com.github.dockerjava.zerodep.shaded.org.apache.hc.client5.http.protocol.RequestAuthCache - Auth cache not set in the context
01:14:47.675 [Test worker] DEBUG com.github.dockerjava.zerodep.shaded.org.apache.hc.client5.http.impl.classic.ProtocolExec - ex-0000002F: target auth state: UNCHALLENGED
01:14:47.675 [Test worker] DEBUG com.github.dockerjava.zerodep.shaded.org.apache.hc.client5.http.impl.classic.ProtocolExec - ex-0000002F: proxy auth state: UNCHALLENGED
01:14:47.675 [Test worker] DEBUG com.github.dockerjava.zerodep.shaded.org.apache.hc.client5.http.impl.classic.ConnectExec - ex-0000002F: acquiring connection with route {}->unix://localhost:2375
01:14:47.675 [Test worker] DEBUG com.github.dockerjava.zerodep.shaded.org.apache.hc.client5.http.impl.classic.InternalHttpClient - ex-0000002F: acquiring endpoint (3 MINUTES)
01:14:47.675 [Test worker] DEBUG com.github.dockerjava.zerodep.shaded.org.apache.hc.client5.http.impl.io.PoolingHttpClientConnectionManager - ex-0000002F: endpoint lease request (3 MINUTES) [route: {}->unix://localhost:2375][total available: 1; route allocated: 1 of 2147483647; total allocated: 1 of 2147483647]
01:14:47.676 [Test worker] DEBUG com.github.dockerjava.zerodep.shaded.org.apache.hc.client5.http.impl.io.PoolingHttpClientConnectionManager - ex-0000002F: endpoint leased [route: {}->unix://localhost:2375][total available: 0; route allocated: 1 of 2147483647; total allocated: 1 of 2147483647]
01:14:47.676 [Test worker] DEBUG com.github.dockerjava.zerodep.shaded.org.apache.hc.client5.http.impl.io.PoolingHttpClientConnectionManager - ex-0000002F: acquired ep-0000002E
01:14:47.676 [Test worker] DEBUG com.github.dockerjava.zerodep.shaded.org.apache.hc.client5.http.impl.classic.InternalHttpClient - ex-0000002F: acquired endpoint ep-0000002E
01:14:47.676 [Test worker] DEBUG com.github.dockerjava.zerodep.shaded.org.apache.hc.client5.http.impl.classic.MainClientExec - ex-0000002F: executing GET /v1.32/containers/cd5ecdf38df06b4092e6cf67100cd20ad9c3cb4b6e9303874a7bd89885b140c9/json HTTP/1.1
01:14:47.676 [Test worker] DEBUG com.github.dockerjava.zerodep.shaded.org.apache.hc.client5.http.impl.classic.InternalHttpClient - ep-0000002E: start execution ex-0000002F
01:14:47.676 [Test worker] DEBUG com.github.dockerjava.zerodep.shaded.org.apache.hc.client5.http.impl.io.PoolingHttpClientConnectionManager - ep-0000002E: executing exchange ex-0000002F over http-outgoing-2
01:14:47.676 [Test worker] DEBUG com.github.dockerjava.zerodep.shaded.org.apache.hc.client5.http.headers - http-outgoing-2 >> GET /v1.32/containers/cd5ecdf38df06b4092e6cf67100cd20ad9c3cb4b6e9303874a7bd89885b140c9/json HTTP/1.1
01:14:47.676 [Test worker] DEBUG com.github.dockerjava.zerodep.shaded.org.apache.hc.client5.http.headers - http-outgoing-2 >> accept: application/json
01:14:47.676 [Test worker] DEBUG com.github.dockerjava.zerodep.shaded.org.apache.hc.client5.http.headers - http-outgoing-2 >> x-tc-sid: 71b9672a-6f61-4546-a7b6-d603100b2e56
01:14:47.676 [Test worker] DEBUG com.github.dockerjava.zerodep.shaded.org.apache.hc.client5.http.headers - http-outgoing-2 >> Accept-Encoding: gzip, x-gzip, deflate
01:14:47.676 [Test worker] DEBUG com.github.dockerjava.zerodep.shaded.org.apache.hc.client5.http.headers - http-outgoing-2 >> Host: localhost:2375
01:14:47.676 [Test worker] DEBUG com.github.dockerjava.zerodep.shaded.org.apache.hc.client5.http.headers - http-outgoing-2 >> Connection: keep-alive
01:14:47.676 [Test worker] DEBUG com.github.dockerjava.zerodep.shaded.org.apache.hc.client5.http.headers - http-outgoing-2 >> User-Agent: Apache-HttpClient/5.0.3 (Java/17.0.2)
01:14:47.676 [Test worker] DEBUG com.github.dockerjava.zerodep.shaded.org.apache.hc.client5.http.wire - http-outgoing-2 >> "GET /v1.32/containers/cd5ecdf38df06b4092e6cf67100cd20ad9c3cb4b6e9303874a7bd89885b140c9/json HTTP/1.1[\r][\n]"
01:14:47.676 [Test worker] DEBUG com.github.dockerjava.zerodep.shaded.org.apache.hc.client5.http.wire - http-outgoing-2 >> "accept: application/json[\r][\n]"
01:14:47.676 [Test worker] DEBUG com.github.dockerjava.zerodep.shaded.org.apache.hc.client5.http.wire - http-outgoing-2 >> "x-tc-sid: 71b9672a-6f61-4546-a7b6-d603100b2e56[\r][\n]"
01:14:47.676 [Test worker] DEBUG com.github.dockerjava.zerodep.shaded.org.apache.hc.client5.http.wire - http-outgoing-2 >> "Accept-Encoding: gzip, x-gzip, deflate[\r][\n]"
01:14:47.676 [Test worker] DEBUG com.github.dockerjava.zerodep.shaded.org.apache.hc.client5.http.wire - http-outgoing-2 >> "Host: localhost:2375[\r][\n]"
01:14:47.676 [Test worker] DEBUG com.github.dockerjava.zerodep.shaded.org.apache.hc.client5.http.wire - http-outgoing-2 >> "Connection: keep-alive[\r][\n]"
01:14:47.676 [Test worker] DEBUG com.github.dockerjava.zerodep.shaded.org.apache.hc.client5.http.wire - http-outgoing-2 >> "User-Agent: Apache-HttpClient/5.0.3 (Java/17.0.2)[\r][\n]"
01:14:47.676 [Test worker] DEBUG com.github.dockerjava.zerodep.shaded.org.apache.hc.client5.http.wire - http-outgoing-2 >> "[\r][\n]"
01:14:47.678 [Test worker] DEBUG com.github.dockerjava.zerodep.shaded.org.apache.hc.client5.http.wire - http-outgoing-2 << "HTTP/1.1 200 OK[\r][\n]"
01:14:47.678 [Test worker] DEBUG com.github.dockerjava.zerodep.shaded.org.apache.hc.client5.http.wire - http-outgoing-2 << "Api-Version: 1.41[\r][\n]"
01:14:47.678 [Test worker] DEBUG com.github.dockerjava.zerodep.shaded.org.apache.hc.client5.http.wire - http-outgoing-2 << "Content-Type: application/json[\r][\n]"
01:14:47.678 [Test worker] DEBUG com.github.dockerjava.zerodep.shaded.org.apache.hc.client5.http.wire - http-outgoing-2 << "Date: Tue, 28 Mar 2023 04:14:47 GMT[\r][\n]"
01:14:47.678 [Test worker] DEBUG com.github.dockerjava.zerodep.shaded.org.apache.hc.client5.http.wire - http-outgoing-2 << "Docker-Experimental: false[\r][\n]"
01:14:47.678 [Test worker] DEBUG com.github.dockerjava.zerodep.shaded.org.apache.hc.client5.http.wire - http-outgoing-2 << "Ostype: linux[\r][\n]"
01:14:47.678 [Test worker] DEBUG com.github.dockerjava.zerodep.shaded.org.apache.hc.client5.http.wire - http-outgoing-2 << "Server: Docker/20.10.21 (linux)[\r][\n]"
01:14:47.678 [Test worker] DEBUG com.github.dockerjava.zerodep.shaded.org.apache.hc.client5.http.wire - http-outgoing-2 << "Transfer-Encoding: chunked[\r][\n]"
01:14:47.678 [Test worker] DEBUG com.github.dockerjava.zerodep.shaded.org.apache.hc.client5.http.wire - http-outgoing-2 << "[\r][\n]"
01:14:47.678 [Test worker] DEBUG com.github.dockerjava.zerodep.shaded.org.apache.hc.client5.http.headers - http-outgoing-2 << HTTP/1.1 200 OK
01:14:47.678 [Test worker] DEBUG com.github.dockerjava.zerodep.shaded.org.apache.hc.client5.http.headers - http-outgoing-2 << Api-Version: 1.41
01:14:47.678 [Test worker] DEBUG com.github.dockerjava.zerodep.shaded.org.apache.hc.client5.http.headers - http-outgoing-2 << Content-Type: application/json
01:14:47.678 [Test worker] DEBUG com.github.dockerjava.zerodep.shaded.org.apache.hc.client5.http.headers - http-outgoing-2 << Date: Tue, 28 Mar 2023 04:14:47 GMT
01:14:47.678 [Test worker] DEBUG com.github.dockerjava.zerodep.shaded.org.apache.hc.client5.http.headers - http-outgoing-2 << Docker-Experimental: false
01:14:47.678 [Test worker] DEBUG com.github.dockerjava.zerodep.shaded.org.apache.hc.client5.http.headers - http-outgoing-2 << Ostype: linux
01:14:47.678 [Test worker] DEBUG com.github.dockerjava.zerodep.shaded.org.apache.hc.client5.http.headers - http-outgoing-2 << Server: Docker/20.10.21 (linux)
01:14:47.678 [Test worker] DEBUG com.github.dockerjava.zerodep.shaded.org.apache.hc.client5.http.headers - http-outgoing-2 << Transfer-Encoding: chunked
01:14:47.678 [Test worker] DEBUG com.github.dockerjava.zerodep.shaded.org.apache.hc.client5.http.impl.classic.MainClientExec - ex-0000002F: connection can be kept alive for 3 MINUTES
01:14:47.680 [Test worker] DEBUG com.github.dockerjava.zerodep.shaded.org.apache.hc.client5.http.wire - http-outgoing-2 << "18c1[\r][\n]"
01:14:47.680 [Test worker] DEBUG com.github.dockerjava.zerodep.shaded.org.apache.hc.client5.http.wire - http-outgoing-2 << "{"Id":"cd5ecdf38df06b4092e6cf67100cd20ad9c3cb4b6e9303874a7bd89885b140c9","Created":"2023-03-28T04:14:43.179040379Z","Path":"docker-entrypoint.sh","Args":["mysqld"],"State":{"Status":"running","Running":true,"Paused":false,"Restarting":false,"OOMKilled":false,"Dead":false,"Pid":20152,"ExitCode":0,"Error":"","StartedAt":"2023-03-28T04:14:43.680338005Z","FinishedAt":"0001-01-01T00:00:00Z"},"Image":"sha256:c7c54c29e20dccc1aefb936c8eba8bb8b98b87a4921102aba87fde2df5810af9","ResolvConfPath":"/var/lib/docker/containers/cd5ecdf38df06b4092e6cf67100cd20ad9c3cb4b6e9303874a7bd89885b140c9/resolv.conf","HostnamePath":"/var/lib/docker/containers/cd5ecdf38df06b4092e6cf67100cd20ad9c3cb4b6e9303874a7bd89885b140c9/hostname","HostsPath":"/var/lib/docker/containers/cd5ecdf38df06b4092e6cf67100cd20ad9c3cb4b6e9303874a7bd89885b140c9/hosts","LogPath":"/var/lib/docker/containers/cd5ecdf38df06b4092e6cf67100cd20ad9c3cb4b6e9303874a7bd89885b140c9/cd5ecdf38df06b4092e6cf67100cd20ad9c3cb4b6e9303874a7bd89885b140c9-json.log","Name":"/keen_matsumoto","RestartCount":0,"Driver":"overlay2","Platform":"linux","MountLabel":"","ProcessLabel":"","AppArmorProfile":"","ExecIDs":null,"HostConfig":{"Binds":[],"ContainerIDFile":"","LogConfig":{"Type":"json-file","Config":{}},"NetworkMode":"default","PortBindings":{"3306/tcp":[{"HostIp":"0.0.0.0","HostPort":"0"}]},"RestartPolicy":{"Name":"","MaximumRetryCount":0},"AutoRemove":false,"VolumeDriver":"","VolumesFrom":[],"CapAdd":null,"CapDrop":null,"CgroupnsMode":"private","Dns":null,"DnsOptions":null,"DnsSearch":null,"ExtraHosts":[],"GroupAdd":null,"IpcMode":"shareable","Cgroup":"","Links":null,"OomScoreAdj":0,"PidMode":"","Privileged":false,"PublishAllPorts":false,"ReadonlyRootfs":false,"SecurityOpt":null,"UTSMode":"","UsernsMode":"","ShmSize":67108864,"Runtime":"runc","ConsoleSize":[0,0],"Isolation":"","CpuShares":0,"Memory":0,"NanoCpus":0,"CgroupParent":"","BlkioWeight":0,"BlkioWeightDevice":null,"BlkioDeviceReadBps":null,"BlkioDeviceWriteBps":null,"BlkioDeviceReadIOps":null,"BlkioDeviceWriteIOps":null,"CpuPeriod":0,"CpuQuota":0,"CpuRealtimePeriod":0,"CpuRealtimeRuntime":0,"CpusetCpus":"","CpusetMems":"","Devices":null,"DeviceCgroupRules":null,"DeviceRequests":null,"KernelMemory":0,"KernelMemoryTCP":0,"MemoryReservation":0,"MemorySwap":0,"MemorySwappiness":null,"OomKillDisable":null,"PidsLimit":null,"Ulimits":null,"CpuCount":0,"CpuPercent":0,"IOMaximumIOps":0,"IOMaximumBandwidth":0,"MaskedPaths":["/proc/asound","/proc/acpi","/proc/kcore","/proc/keys","/proc/latency_stats","/proc/timer_list","/proc/timer_stats","/proc/sched_debug","/proc/scsi","/sys/firmware"],"ReadonlyPaths":["/proc/bus","/proc/fs","/proc/irq","/proc/sys","/proc/sysrq-trigger"]},"GraphDriver":{"Data":{"LowerDir":"/var/lib/docker/overlay2/830e690ec83ecff869b59e4f673c0c63b2bc5c068e9f710933e6f61763699fd2-init/diff:/var/lib/docker/overlay2/1bd8849d7a296305617011f940aa5cfabbe972a513397b1b6bbc27639b6c1f30/diff:/var/lib/docker/overlay2/199d69b2fbf78af4d4c95dec4fd2f8835ab0347eb49fb20ebb2ff3b99fedd6ad/diff:/var/lib/docker/overlay2/d83c38d654989311f75b9491329846033bfb7714de76ef635380dcfad5c740d9/diff:/var/lib/docker/overlay2/08600d0aea2ab2728bebcf5d2589c640a842f53d1ba3c4a4adccb4d03b923cf6/diff:/var/lib/docker/overlay2/9ec7c63a3fb14d13ac788bbf5e282ca821edc41260b79944e5e631037d13ecda/diff:/var/lib/docker/overlay2/db601d7a1b4ea6da638db620462f0da96fa55c559d02269c9ddb09027936ed87/diff:/var/lib/docker/overlay2/a6d2bd03f942e2565f21e74cfe152c7ec836a1c2b583f0790c685b92bdcfda24/diff:/var/lib/docker/overlay2/9badd16ea2c5e2bf1fde8b579683e41137dfc46ed5449234149f199a6751cc84/diff:/var/lib/docker/overlay2/6efb85646ed12e2d1181ef4cc6f6f6732c00c15a4035fe17ebc4f075ca573c30/diff:/var/lib/docker/overlay2/895d7c0ec09144d6ed33936f4e98e11c18010f7abd708cae1ce43aec7a7f2621/diff:/var/lib/docker/overlay2/1c4ba77aa573ab6e5e5069fd15eae71b3da940bde0f97a922a227ffc8a1d1096/diff","MergedDir":"/var/lib/docker/overlay2/830e690ec83ecff869b59e4f673c0c63b2bc5c068e9f710933e6f61763699fd2/merged","UpperDir":"/var/lib/docker/overlay2/830e690ec83ecff869b59e4f673c0c63b2bc5c068e9f710933e6f61763699fd2/diff","WorkDir":"/var/lib/docker/overlay2/830e690ec83ecff869b59e4f673c0c63b2bc5c068e9f710933e6f61763699fd2/work"},"Name":"overlay2"},"Mounts":[{"Type":"volume","Name":"25868b8cea8ad6eba7f00a6fe83e8848def5cff8aab5c5943024031400fa063d","Source":"/var/lib/docker/volumes/25868b8cea8ad6eba7f00a6fe83e8848def5cff8aab5c5943024031400fa063d/_data","Destination":"/var/lib/mysql","Driver":"local","Mode":"","RW":true,"Propagation":""}],"Config":{"Hostname":"cd5ecdf38df0","Domainname":"","User":"","AttachStdin":false,"AttachStdout":false,"AttachStderr":false,"ExposedPorts":{"3306/tcp":{},"33060/tcp":{}},"Tty":false,"OpenStdin":false,"StdinOnce":false,"Env":["MYSQL_DATABASE=adm_videos","MYSQL_PASSWORD=123456","MYSQL_ROOT_PASSWORD=123456","PATH=/usr/local/sbin:/usr/local/bin:/usr/sbin:/usr/bin:/sbin:/bin","GOSU_VERSION=1.16","MYSQL_MAJOR=8.0","MYSQL_VERSION=8.0.32-1.el8","MYSQL_SHELL_VERSION=8.0.32-1.el8"],"Cmd":["mysqld"],"Image":"mysql:latest","Volumes":{"/var/lib/mysql":{}},"WorkingDir":"","Entrypoint":["docker-entrypoint.sh"],"OnBuild":null,"Labels":{"org.testcontainers":"true","org.testcontainers.lang":"java","org.testcontainers.sessionId":"71b9672a-6f61-4546-a7b6-d603100b2e56","org.testcontainers.version":"1.17.6"}},"NetworkSettings":{"Bridge":"","SandboxID":"56762d63452c709eadac6b5c5f4b6cdd30da833580c632f91fd658806eaf4ddb","HairpinMode":false,"LinkLocalIPv6Address":"","LinkLocalIPv6PrefixLen":0,"Ports":{"3306/tcp":[{"HostIp":"0.0.0.0","HostPort":"63819"}],"33060/tcp":null},"SandboxKey":"/var/run/docker/netns/56762d63452c","SecondaryIPAddresses":null,"SecondaryIPv6Addresses":null,"EndpointID":"92fc2600684327987bceb8e2716a72ba2420fccd56812c1491af8c03946e105c","Gateway":"172.17.0.1","GlobalIPv6Address":"","GlobalIPv6PrefixLen":0,"IPAddress":"172.17.0.3","IPPrefixLen":16,"IPv6Gateway":"","MacAddress":"02:42:ac:11:00:03","Networks":{"bridge":{"IPAMConfig":null,"Links":null,"Aliases":null,"NetworkID":"308e234c143065751b16b4500cb9f48d5c7fc2116504b3d816a5e51cd4771062","EndpointID":"92fc2600684327987bceb8e2716a72ba2420fccd56812c1491af8c03946e105c","Gateway":"172.17.0.1","IPAddress":"172.17.0.3","IPPrefixLen":16,"IPv6Gateway":"","GlobalIPv6Address":"","GlobalIPv6PrefixLen":0,"MacAddress":"02:42:ac:11:00:03","DriverOpts":null}}}}[\n]"
01:14:47.680 [Test worker] DEBUG com.github.dockerjava.zerodep.shaded.org.apache.hc.client5.http.wire - http-outgoing-2 << "[\r][\n]"
01:14:47.680 [Test worker] DEBUG com.github.dockerjava.zerodep.shaded.org.apache.hc.client5.http.wire - http-outgoing-2 << "0[\r][\n]"
01:14:47.680 [Test worker] DEBUG com.github.dockerjava.zerodep.shaded.org.apache.hc.client5.http.wire - http-outgoing-2 << "[\r][\n]"
01:14:47.680 [Test worker] DEBUG com.github.dockerjava.zerodep.shaded.org.apache.hc.client5.http.impl.classic.InternalHttpClient - ep-0000002E: releasing valid endpoint
01:14:47.680 [Test worker] DEBUG com.github.dockerjava.zerodep.shaded.org.apache.hc.client5.http.impl.io.PoolingHttpClientConnectionManager - ep-0000002E: releasing endpoint
01:14:47.680 [Test worker] DEBUG com.github.dockerjava.zerodep.shaded.org.apache.hc.client5.http.impl.io.PoolingHttpClientConnectionManager - ep-0000002E: connection http-outgoing-2 can be kept alive for 3 MINUTES
01:14:47.680 [Test worker] DEBUG com.github.dockerjava.zerodep.shaded.org.apache.hc.client5.http.impl.io.PoolingHttpClientConnectionManager - ep-0000002E: connection released [route: {}->unix://localhost:2375][total available: 1; route allocated: 1 of 2147483647; total allocated: 1 of 2147483647]
01:14:47.681 [Test worker] DEBUG ]]>&#x1f433;<![CDATA[ [mysql:latest] - Trying to create JDBC connection using com.mysql.cj.jdbc.Driver to jdbc:mysql://localhost:63819/adm_videos?useSSL=false&allowPublicKeyRetrieval=true with properties: {password=123456, user=root}
01:14:47.783 [Test worker] DEBUG org.testcontainers.shaded.com.github.dockerjava.core.command.AbstrDockerCmd - Cmd: cd5ecdf38df06b4092e6cf67100cd20ad9c3cb4b6e9303874a7bd89885b140c9,false
01:14:47.784 [Test worker] DEBUG org.testcontainers.shaded.com.github.dockerjava.core.exec.InspectContainerCmdExec - GET: DefaultWebTarget{path=[/containers/cd5ecdf38df06b4092e6cf67100cd20ad9c3cb4b6e9303874a7bd89885b140c9/json], queryParams={}}
01:14:47.784 [Test worker] DEBUG com.github.dockerjava.zerodep.shaded.org.apache.hc.client5.http.impl.classic.InternalHttpClient - ex-00000030: preparing request execution
01:14:47.784 [Test worker] DEBUG com.github.dockerjava.zerodep.shaded.org.apache.hc.client5.http.protocol.RequestAddCookies - Cookie spec selected: strict
01:14:47.784 [Test worker] DEBUG com.github.dockerjava.zerodep.shaded.org.apache.hc.client5.http.protocol.RequestAuthCache - Auth cache not set in the context
01:14:47.784 [Test worker] DEBUG com.github.dockerjava.zerodep.shaded.org.apache.hc.client5.http.impl.classic.ProtocolExec - ex-00000030: target auth state: UNCHALLENGED
01:14:47.784 [Test worker] DEBUG com.github.dockerjava.zerodep.shaded.org.apache.hc.client5.http.impl.classic.ProtocolExec - ex-00000030: proxy auth state: UNCHALLENGED
01:14:47.784 [Test worker] DEBUG com.github.dockerjava.zerodep.shaded.org.apache.hc.client5.http.impl.classic.ConnectExec - ex-00000030: acquiring connection with route {}->unix://localhost:2375
01:14:47.784 [Test worker] DEBUG com.github.dockerjava.zerodep.shaded.org.apache.hc.client5.http.impl.classic.InternalHttpClient - ex-00000030: acquiring endpoint (3 MINUTES)
01:14:47.784 [Test worker] DEBUG com.github.dockerjava.zerodep.shaded.org.apache.hc.client5.http.impl.io.PoolingHttpClientConnectionManager - ex-00000030: endpoint lease request (3 MINUTES) [route: {}->unix://localhost:2375][total available: 1; route allocated: 1 of 2147483647; total allocated: 1 of 2147483647]
01:14:47.784 [Test worker] DEBUG com.github.dockerjava.zerodep.shaded.org.apache.hc.client5.http.impl.io.PoolingHttpClientConnectionManager - ex-00000030: endpoint leased [route: {}->unix://localhost:2375][total available: 0; route allocated: 1 of 2147483647; total allocated: 1 of 2147483647]
01:14:47.784 [Test worker] DEBUG com.github.dockerjava.zerodep.shaded.org.apache.hc.client5.http.impl.io.PoolingHttpClientConnectionManager - ex-00000030: acquired ep-0000002F
01:14:47.784 [Test worker] DEBUG com.github.dockerjava.zerodep.shaded.org.apache.hc.client5.http.impl.classic.InternalHttpClient - ex-00000030: acquired endpoint ep-0000002F
01:14:47.784 [Test worker] DEBUG com.github.dockerjava.zerodep.shaded.org.apache.hc.client5.http.impl.classic.MainClientExec - ex-00000030: executing GET /v1.32/containers/cd5ecdf38df06b4092e6cf67100cd20ad9c3cb4b6e9303874a7bd89885b140c9/json HTTP/1.1
01:14:47.784 [Test worker] DEBUG com.github.dockerjava.zerodep.shaded.org.apache.hc.client5.http.impl.classic.InternalHttpClient - ep-0000002F: start execution ex-00000030
01:14:47.784 [Test worker] DEBUG com.github.dockerjava.zerodep.shaded.org.apache.hc.client5.http.impl.io.PoolingHttpClientConnectionManager - ep-0000002F: executing exchange ex-00000030 over http-outgoing-2
01:14:47.784 [Test worker] DEBUG com.github.dockerjava.zerodep.shaded.org.apache.hc.client5.http.headers - http-outgoing-2 >> GET /v1.32/containers/cd5ecdf38df06b4092e6cf67100cd20ad9c3cb4b6e9303874a7bd89885b140c9/json HTTP/1.1
01:14:47.784 [Test worker] DEBUG com.github.dockerjava.zerodep.shaded.org.apache.hc.client5.http.headers - http-outgoing-2 >> accept: application/json
01:14:47.784 [Test worker] DEBUG com.github.dockerjava.zerodep.shaded.org.apache.hc.client5.http.headers - http-outgoing-2 >> x-tc-sid: 71b9672a-6f61-4546-a7b6-d603100b2e56
01:14:47.784 [Test worker] DEBUG com.github.dockerjava.zerodep.shaded.org.apache.hc.client5.http.headers - http-outgoing-2 >> Accept-Encoding: gzip, x-gzip, deflate
01:14:47.784 [Test worker] DEBUG com.github.dockerjava.zerodep.shaded.org.apache.hc.client5.http.headers - http-outgoing-2 >> Host: localhost:2375
01:14:47.784 [Test worker] DEBUG com.github.dockerjava.zerodep.shaded.org.apache.hc.client5.http.headers - http-outgoing-2 >> Connection: keep-alive
01:14:47.784 [Test worker] DEBUG com.github.dockerjava.zerodep.shaded.org.apache.hc.client5.http.headers - http-outgoing-2 >> User-Agent: Apache-HttpClient/5.0.3 (Java/17.0.2)
01:14:47.784 [Test worker] DEBUG com.github.dockerjava.zerodep.shaded.org.apache.hc.client5.http.wire - http-outgoing-2 >> "GET /v1.32/containers/cd5ecdf38df06b4092e6cf67100cd20ad9c3cb4b6e9303874a7bd89885b140c9/json HTTP/1.1[\r][\n]"
01:14:47.784 [Test worker] DEBUG com.github.dockerjava.zerodep.shaded.org.apache.hc.client5.http.wire - http-outgoing-2 >> "accept: application/json[\r][\n]"
01:14:47.784 [Test worker] DEBUG com.github.dockerjava.zerodep.shaded.org.apache.hc.client5.http.wire - http-outgoing-2 >> "x-tc-sid: 71b9672a-6f61-4546-a7b6-d603100b2e56[\r][\n]"
01:14:47.784 [Test worker] DEBUG com.github.dockerjava.zerodep.shaded.org.apache.hc.client5.http.wire - http-outgoing-2 >> "Accept-Encoding: gzip, x-gzip, deflate[\r][\n]"
01:14:47.784 [Test worker] DEBUG com.github.dockerjava.zerodep.shaded.org.apache.hc.client5.http.wire - http-outgoing-2 >> "Host: localhost:2375[\r][\n]"
01:14:47.784 [Test worker] DEBUG com.github.dockerjava.zerodep.shaded.org.apache.hc.client5.http.wire - http-outgoing-2 >> "Connection: keep-alive[\r][\n]"
01:14:47.784 [Test worker] DEBUG com.github.dockerjava.zerodep.shaded.org.apache.hc.client5.http.wire - http-outgoing-2 >> "User-Agent: Apache-HttpClient/5.0.3 (Java/17.0.2)[\r][\n]"
01:14:47.784 [Test worker] DEBUG com.github.dockerjava.zerodep.shaded.org.apache.hc.client5.http.wire - http-outgoing-2 >> "[\r][\n]"
01:14:47.786 [Test worker] DEBUG com.github.dockerjava.zerodep.shaded.org.apache.hc.client5.http.wire - http-outgoing-2 << "HTTP/1.1 200 OK[\r][\n]"
01:14:47.786 [Test worker] DEBUG com.github.dockerjava.zerodep.shaded.org.apache.hc.client5.http.wire - http-outgoing-2 << "Api-Version: 1.41[\r][\n]"
01:14:47.786 [Test worker] DEBUG com.github.dockerjava.zerodep.shaded.org.apache.hc.client5.http.wire - http-outgoing-2 << "Content-Type: application/json[\r][\n]"
01:14:47.786 [Test worker] DEBUG com.github.dockerjava.zerodep.shaded.org.apache.hc.client5.http.wire - http-outgoing-2 << "Date: Tue, 28 Mar 2023 04:14:47 GMT[\r][\n]"
01:14:47.786 [Test worker] DEBUG com.github.dockerjava.zerodep.shaded.org.apache.hc.client5.http.wire - http-outgoing-2 << "Docker-Experimental: false[\r][\n]"
01:14:47.786 [Test worker] DEBUG com.github.dockerjava.zerodep.shaded.org.apache.hc.client5.http.wire - http-outgoing-2 << "Ostype: linux[\r][\n]"
01:14:47.786 [Test worker] DEBUG com.github.dockerjava.zerodep.shaded.org.apache.hc.client5.http.wire - http-outgoing-2 << "Server: Docker/20.10.21 (linux)[\r][\n]"
01:14:47.787 [Test worker] DEBUG com.github.dockerjava.zerodep.shaded.org.apache.hc.client5.http.wire - http-outgoing-2 << "Transfer-Encoding: chunked[\r][\n]"
01:14:47.787 [Test worker] DEBUG com.github.dockerjava.zerodep.shaded.org.apache.hc.client5.http.wire - http-outgoing-2 << "[\r][\n]"
01:14:47.787 [Test worker] DEBUG com.github.dockerjava.zerodep.shaded.org.apache.hc.client5.http.headers - http-outgoing-2 << HTTP/1.1 200 OK
01:14:47.787 [Test worker] DEBUG com.github.dockerjava.zerodep.shaded.org.apache.hc.client5.http.headers - http-outgoing-2 << Api-Version: 1.41
01:14:47.787 [Test worker] DEBUG com.github.dockerjava.zerodep.shaded.org.apache.hc.client5.http.headers - http-outgoing-2 << Content-Type: application/json
01:14:47.787 [Test worker] DEBUG com.github.dockerjava.zerodep.shaded.org.apache.hc.client5.http.headers - http-outgoing-2 << Date: Tue, 28 Mar 2023 04:14:47 GMT
01:14:47.787 [Test worker] DEBUG com.github.dockerjava.zerodep.shaded.org.apache.hc.client5.http.headers - http-outgoing-2 << Docker-Experimental: false
01:14:47.787 [Test worker] DEBUG com.github.dockerjava.zerodep.shaded.org.apache.hc.client5.http.headers - http-outgoing-2 << Ostype: linux
01:14:47.787 [Test worker] DEBUG com.github.dockerjava.zerodep.shaded.org.apache.hc.client5.http.headers - http-outgoing-2 << Server: Docker/20.10.21 (linux)
01:14:47.787 [Test worker] DEBUG com.github.dockerjava.zerodep.shaded.org.apache.hc.client5.http.headers - http-outgoing-2 << Transfer-Encoding: chunked
01:14:47.787 [Test worker] DEBUG com.github.dockerjava.zerodep.shaded.org.apache.hc.client5.http.impl.classic.MainClientExec - ex-00000030: connection can be kept alive for 3 MINUTES
01:14:47.788 [Test worker] DEBUG com.github.dockerjava.zerodep.shaded.org.apache.hc.client5.http.wire - http-outgoing-2 << "18c1[\r][\n]"
01:14:47.788 [Test worker] DEBUG com.github.dockerjava.zerodep.shaded.org.apache.hc.client5.http.wire - http-outgoing-2 << "{"Id":"cd5ecdf38df06b4092e6cf67100cd20ad9c3cb4b6e9303874a7bd89885b140c9","Created":"2023-03-28T04:14:43.179040379Z","Path":"docker-entrypoint.sh","Args":["mysqld"],"State":{"Status":"running","Running":true,"Paused":false,"Restarting":false,"OOMKilled":false,"Dead":false,"Pid":20152,"ExitCode":0,"Error":"","StartedAt":"2023-03-28T04:14:43.680338005Z","FinishedAt":"0001-01-01T00:00:00Z"},"Image":"sha256:c7c54c29e20dccc1aefb936c8eba8bb8b98b87a4921102aba87fde2df5810af9","ResolvConfPath":"/var/lib/docker/containers/cd5ecdf38df06b4092e6cf67100cd20ad9c3cb4b6e9303874a7bd89885b140c9/resolv.conf","HostnamePath":"/var/lib/docker/containers/cd5ecdf38df06b4092e6cf67100cd20ad9c3cb4b6e9303874a7bd89885b140c9/hostname","HostsPath":"/var/lib/docker/containers/cd5ecdf38df06b4092e6cf67100cd20ad9c3cb4b6e9303874a7bd89885b140c9/hosts","LogPath":"/var/lib/docker/containers/cd5ecdf38df06b4092e6cf67100cd20ad9c3cb4b6e9303874a7bd89885b140c9/cd5ecdf38df06b4092e6cf67100cd20ad9c3cb4b6e9303874a7bd89885b140c9-json.log","Name":"/keen_matsumoto","RestartCount":0,"Driver":"overlay2","Platform":"linux","MountLabel":"","ProcessLabel":"","AppArmorProfile":"","ExecIDs":null,"HostConfig":{"Binds":[],"ContainerIDFile":"","LogConfig":{"Type":"json-file","Config":{}},"NetworkMode":"default","PortBindings":{"3306/tcp":[{"HostIp":"0.0.0.0","HostPort":"0"}]},"RestartPolicy":{"Name":"","MaximumRetryCount":0},"AutoRemove":false,"VolumeDriver":"","VolumesFrom":[],"CapAdd":null,"CapDrop":null,"CgroupnsMode":"private","Dns":null,"DnsOptions":null,"DnsSearch":null,"ExtraHosts":[],"GroupAdd":null,"IpcMode":"shareable","Cgroup":"","Links":null,"OomScoreAdj":0,"PidMode":"","Privileged":false,"PublishAllPorts":false,"ReadonlyRootfs":false,"SecurityOpt":null,"UTSMode":"","UsernsMode":"","ShmSize":67108864,"Runtime":"runc","ConsoleSize":[0,0],"Isolation":"","CpuShares":0,"Memory":0,"NanoCpus":0,"CgroupParent":"","BlkioWeight":0,"BlkioWeightDevice":null,"BlkioDeviceReadBps":null,"BlkioDeviceWriteBps":null,"BlkioDeviceReadIOps":null,"BlkioDeviceWriteIOps":null,"CpuPeriod":0,"CpuQuota":0,"CpuRealtimePeriod":0,"CpuRealtimeRuntime":0,"CpusetCpus":"","CpusetMems":"","Devices":null,"DeviceCgroupRules":null,"DeviceRequests":null,"KernelMemory":0,"KernelMemoryTCP":0,"MemoryReservation":0,"MemorySwap":0,"MemorySwappiness":null,"OomKillDisable":null,"PidsLimit":null,"Ulimits":null,"CpuCount":0,"CpuPercent":0,"IOMaximumIOps":0,"IOMaximumBandwidth":0,"MaskedPaths":["/proc/asound","/proc/acpi","/proc/kcore","/proc/keys","/proc/latency_stats","/proc/timer_list","/proc/timer_stats","/proc/sched_debug","/proc/scsi","/sys/firmware"],"ReadonlyPaths":["/proc/bus","/proc/fs","/proc/irq","/proc/sys","/proc/sysrq-trigger"]},"GraphDriver":{"Data":{"LowerDir":"/var/lib/docker/overlay2/830e690ec83ecff869b59e4f673c0c63b2bc5c068e9f710933e6f61763699fd2-init/diff:/var/lib/docker/overlay2/1bd8849d7a296305617011f940aa5cfabbe972a513397b1b6bbc27639b6c1f30/diff:/var/lib/docker/overlay2/199d69b2fbf78af4d4c95dec4fd2f8835ab0347eb49fb20ebb2ff3b99fedd6ad/diff:/var/lib/docker/overlay2/d83c38d654989311f75b9491329846033bfb7714de76ef635380dcfad5c740d9/diff:/var/lib/docker/overlay2/08600d0aea2ab2728bebcf5d2589c640a842f53d1ba3c4a4adccb4d03b923cf6/diff:/var/lib/docker/overlay2/9ec7c63a3fb14d13ac788bbf5e282ca821edc41260b79944e5e631037d13ecda/diff:/var/lib/docker/overlay2/db601d7a1b4ea6da638db620462f0da96fa55c559d02269c9ddb09027936ed87/diff:/var/lib/docker/overlay2/a6d2bd03f942e2565f21e74cfe152c7ec836a1c2b583f0790c685b92bdcfda24/diff:/var/lib/docker/overlay2/9badd16ea2c5e2bf1fde8b579683e41137dfc46ed5449234149f199a6751cc84/diff:/var/lib/docker/overlay2/6efb85646ed12e2d1181ef4cc6f6f6732c00c15a4035fe17ebc4f075ca573c30/diff:/var/lib/docker/overlay2/895d7c0ec09144d6ed33936f4e98e11c18010f7abd708cae1ce43aec7a7f2621/diff:/var/lib/docker/overlay2/1c4ba77aa573ab6e5e5069fd15eae71b3da940bde0f97a922a227ffc8a1d1096/diff","MergedDir":"/var/lib/docker/overlay2/830e690ec83ecff869b59e4f673c0c63b2bc5c068e9f710933e6f61763699fd2/merged","UpperDir":"/var/lib/docker/overlay2/830e690ec83ecff869b59e4f673c0c63b2bc5c068e9f710933e6f61763699fd2/diff","WorkDir":"/var/lib/docker/overlay2/830e690ec83ecff869b59e4f673c0c63b2bc5c068e9f710933e6f61763699fd2/work"},"Name":"overlay2"},"Mounts":[{"Type":"volume","Name":"25868b8cea8ad6eba7f00a6fe83e8848def5cff8aab5c5943024031400fa063d","Source":"/var/lib/docker/volumes/25868b8cea8ad6eba7f00a6fe83e8848def5cff8aab5c5943024031400fa063d/_data","Destination":"/var/lib/mysql","Driver":"local","Mode":"","RW":true,"Propagation":""}],"Config":{"Hostname":"cd5ecdf38df0","Domainname":"","User":"","AttachStdin":false,"AttachStdout":false,"AttachStderr":false,"ExposedPorts":{"3306/tcp":{},"33060/tcp":{}},"Tty":false,"OpenStdin":false,"StdinOnce":false,"Env":["MYSQL_DATABASE=adm_videos","MYSQL_PASSWORD=123456","MYSQL_ROOT_PASSWORD=123456","PATH=/usr/local/sbin:/usr/local/bin:/usr/sbin:/usr/bin:/sbin:/bin","GOSU_VERSION=1.16","MYSQL_MAJOR=8.0","MYSQL_VERSION=8.0.32-1.el8","MYSQL_SHELL_VERSION=8.0.32-1.el8"],"Cmd":["mysqld"],"Image":"mysql:latest","Volumes":{"/var/lib/mysql":{}},"WorkingDir":"","Entrypoint":["docker-entrypoint.sh"],"OnBuild":null,"Labels":{"org.testcontainers":"true","org.testcontainers.lang":"java","org.testcontainers.sessionId":"71b9672a-6f61-4546-a7b6-d603100b2e56","org.testcontainers.version":"1.17.6"}},"NetworkSettings":{"Bridge":"","SandboxID":"56762d63452c709eadac6b5c5f4b6cdd30da833580c632f91fd658806eaf4ddb","HairpinMode":false,"LinkLocalIPv6Address":"","LinkLocalIPv6PrefixLen":0,"Ports":{"3306/tcp":[{"HostIp":"0.0.0.0","HostPort":"63819"}],"33060/tcp":null},"SandboxKey":"/var/run/docker/netns/56762d63452c","SecondaryIPAddresses":null,"SecondaryIPv6Addresses":null,"EndpointID":"92fc2600684327987bceb8e2716a72ba2420fccd56812c1491af8c03946e105c","Gateway":"172.17.0.1","GlobalIPv6Address":"","GlobalIPv6PrefixLen":0,"IPAddress":"172.17.0.3","IPPrefixLen":16,"IPv6Gateway":"","MacAddress":"02:42:ac:11:00:03","Networks":{"bridge":{"IPAMConfig":null,"Links":null,"Aliases":null,"NetworkID":"308e234c143065751b16b4500cb9f48d5c7fc2116504b3d816a5e51cd4771062","EndpointID":"92fc2600684327987bceb8e2716a72ba2420fccd56812c1491af8c03946e105c","Gateway":"172.17.0.1","IPAddress":"172.17.0.3","IPPrefixLen":16,"IPv6Gateway":"","GlobalIPv6Address":"","GlobalIPv6PrefixLen":0,"MacAddress":"02:42:ac:11:00:03","DriverOpts":null}}}}[\n]"
01:14:47.788 [Test worker] DEBUG com.github.dockerjava.zerodep.shaded.org.apache.hc.client5.http.wire - http-outgoing-2 << "[\r][\n]"
01:14:47.788 [Test worker] DEBUG com.github.dockerjava.zerodep.shaded.org.apache.hc.client5.http.wire - http-outgoing-2 << "0[\r][\n]"
01:14:47.788 [Test worker] DEBUG com.github.dockerjava.zerodep.shaded.org.apache.hc.client5.http.wire - http-outgoing-2 << "[\r][\n]"
01:14:47.788 [Test worker] DEBUG com.github.dockerjava.zerodep.shaded.org.apache.hc.client5.http.impl.classic.InternalHttpClient - ep-0000002F: releasing valid endpoint
01:14:47.788 [Test worker] DEBUG com.github.dockerjava.zerodep.shaded.org.apache.hc.client5.http.impl.io.PoolingHttpClientConnectionManager - ep-0000002F: releasing endpoint
01:14:47.789 [Test worker] DEBUG com.github.dockerjava.zerodep.shaded.org.apache.hc.client5.http.impl.io.PoolingHttpClientConnectionManager - ep-0000002F: connection http-outgoing-2 can be kept alive for 3 MINUTES
01:14:47.789 [Test worker] DEBUG com.github.dockerjava.zerodep.shaded.org.apache.hc.client5.http.impl.io.PoolingHttpClientConnectionManager - ep-0000002F: connection released [route: {}->unix://localhost:2375][total available: 1; route allocated: 1 of 2147483647; total allocated: 1 of 2147483647]
01:14:47.789 [Test worker] DEBUG ]]>&#x1f433;<![CDATA[ [mysql:latest] - Trying to create JDBC connection using com.mysql.cj.jdbc.Driver to jdbc:mysql://localhost:63819/adm_videos?useSSL=false&allowPublicKeyRetrieval=true with properties: {password=123456, user=root}
01:14:47.895 [Test worker] DEBUG org.testcontainers.shaded.com.github.dockerjava.core.command.AbstrDockerCmd - Cmd: cd5ecdf38df06b4092e6cf67100cd20ad9c3cb4b6e9303874a7bd89885b140c9,false
01:14:47.896 [Test worker] DEBUG org.testcontainers.shaded.com.github.dockerjava.core.exec.InspectContainerCmdExec - GET: DefaultWebTarget{path=[/containers/cd5ecdf38df06b4092e6cf67100cd20ad9c3cb4b6e9303874a7bd89885b140c9/json], queryParams={}}
01:14:47.897 [Test worker] DEBUG com.github.dockerjava.zerodep.shaded.org.apache.hc.client5.http.impl.classic.InternalHttpClient - ex-00000031: preparing request execution
01:14:47.897 [Test worker] DEBUG com.github.dockerjava.zerodep.shaded.org.apache.hc.client5.http.protocol.RequestAddCookies - Cookie spec selected: strict
01:14:47.897 [Test worker] DEBUG com.github.dockerjava.zerodep.shaded.org.apache.hc.client5.http.protocol.RequestAuthCache - Auth cache not set in the context
01:14:47.897 [Test worker] DEBUG com.github.dockerjava.zerodep.shaded.org.apache.hc.client5.http.impl.classic.ProtocolExec - ex-00000031: target auth state: UNCHALLENGED
01:14:47.897 [Test worker] DEBUG com.github.dockerjava.zerodep.shaded.org.apache.hc.client5.http.impl.classic.ProtocolExec - ex-00000031: proxy auth state: UNCHALLENGED
01:14:47.897 [Test worker] DEBUG com.github.dockerjava.zerodep.shaded.org.apache.hc.client5.http.impl.classic.ConnectExec - ex-00000031: acquiring connection with route {}->unix://localhost:2375
01:14:47.897 [Test worker] DEBUG com.github.dockerjava.zerodep.shaded.org.apache.hc.client5.http.impl.classic.InternalHttpClient - ex-00000031: acquiring endpoint (3 MINUTES)
01:14:47.897 [Test worker] DEBUG com.github.dockerjava.zerodep.shaded.org.apache.hc.client5.http.impl.io.PoolingHttpClientConnectionManager - ex-00000031: endpoint lease request (3 MINUTES) [route: {}->unix://localhost:2375][total available: 1; route allocated: 1 of 2147483647; total allocated: 1 of 2147483647]
01:14:47.897 [Test worker] DEBUG com.github.dockerjava.zerodep.shaded.org.apache.hc.client5.http.impl.io.PoolingHttpClientConnectionManager - ex-00000031: endpoint leased [route: {}->unix://localhost:2375][total available: 0; route allocated: 1 of 2147483647; total allocated: 1 of 2147483647]
01:14:47.897 [Test worker] DEBUG com.github.dockerjava.zerodep.shaded.org.apache.hc.client5.http.impl.io.PoolingHttpClientConnectionManager - ex-00000031: acquired ep-00000030
01:14:47.897 [Test worker] DEBUG com.github.dockerjava.zerodep.shaded.org.apache.hc.client5.http.impl.classic.InternalHttpClient - ex-00000031: acquired endpoint ep-00000030
01:14:47.897 [Test worker] DEBUG com.github.dockerjava.zerodep.shaded.org.apache.hc.client5.http.impl.classic.MainClientExec - ex-00000031: executing GET /v1.32/containers/cd5ecdf38df06b4092e6cf67100cd20ad9c3cb4b6e9303874a7bd89885b140c9/json HTTP/1.1
01:14:47.897 [Test worker] DEBUG com.github.dockerjava.zerodep.shaded.org.apache.hc.client5.http.impl.classic.InternalHttpClient - ep-00000030: start execution ex-00000031
01:14:47.897 [Test worker] DEBUG com.github.dockerjava.zerodep.shaded.org.apache.hc.client5.http.impl.io.PoolingHttpClientConnectionManager - ep-00000030: executing exchange ex-00000031 over http-outgoing-2
01:14:47.897 [Test worker] DEBUG com.github.dockerjava.zerodep.shaded.org.apache.hc.client5.http.headers - http-outgoing-2 >> GET /v1.32/containers/cd5ecdf38df06b4092e6cf67100cd20ad9c3cb4b6e9303874a7bd89885b140c9/json HTTP/1.1
01:14:47.898 [Test worker] DEBUG com.github.dockerjava.zerodep.shaded.org.apache.hc.client5.http.headers - http-outgoing-2 >> accept: application/json
01:14:47.898 [Test worker] DEBUG com.github.dockerjava.zerodep.shaded.org.apache.hc.client5.http.headers - http-outgoing-2 >> x-tc-sid: 71b9672a-6f61-4546-a7b6-d603100b2e56
01:14:47.898 [Test worker] DEBUG com.github.dockerjava.zerodep.shaded.org.apache.hc.client5.http.headers - http-outgoing-2 >> Accept-Encoding: gzip, x-gzip, deflate
01:14:47.898 [Test worker] DEBUG com.github.dockerjava.zerodep.shaded.org.apache.hc.client5.http.headers - http-outgoing-2 >> Host: localhost:2375
01:14:47.898 [Test worker] DEBUG com.github.dockerjava.zerodep.shaded.org.apache.hc.client5.http.headers - http-outgoing-2 >> Connection: keep-alive
01:14:47.898 [Test worker] DEBUG com.github.dockerjava.zerodep.shaded.org.apache.hc.client5.http.headers - http-outgoing-2 >> User-Agent: Apache-HttpClient/5.0.3 (Java/17.0.2)
01:14:47.898 [Test worker] DEBUG com.github.dockerjava.zerodep.shaded.org.apache.hc.client5.http.wire - http-outgoing-2 >> "GET /v1.32/containers/cd5ecdf38df06b4092e6cf67100cd20ad9c3cb4b6e9303874a7bd89885b140c9/json HTTP/1.1[\r][\n]"
01:14:47.898 [Test worker] DEBUG com.github.dockerjava.zerodep.shaded.org.apache.hc.client5.http.wire - http-outgoing-2 >> "accept: application/json[\r][\n]"
01:14:47.898 [Test worker] DEBUG com.github.dockerjava.zerodep.shaded.org.apache.hc.client5.http.wire - http-outgoing-2 >> "x-tc-sid: 71b9672a-6f61-4546-a7b6-d603100b2e56[\r][\n]"
01:14:47.898 [Test worker] DEBUG com.github.dockerjava.zerodep.shaded.org.apache.hc.client5.http.wire - http-outgoing-2 >> "Accept-Encoding: gzip, x-gzip, deflate[\r][\n]"
01:14:47.898 [Test worker] DEBUG com.github.dockerjava.zerodep.shaded.org.apache.hc.client5.http.wire - http-outgoing-2 >> "Host: localhost:2375[\r][\n]"
01:14:47.898 [Test worker] DEBUG com.github.dockerjava.zerodep.shaded.org.apache.hc.client5.http.wire - http-outgoing-2 >> "Connection: keep-alive[\r][\n]"
01:14:47.898 [Test worker] DEBUG com.github.dockerjava.zerodep.shaded.org.apache.hc.client5.http.wire - http-outgoing-2 >> "User-Agent: Apache-HttpClient/5.0.3 (Java/17.0.2)[\r][\n]"
01:14:47.898 [Test worker] DEBUG com.github.dockerjava.zerodep.shaded.org.apache.hc.client5.http.wire - http-outgoing-2 >> "[\r][\n]"
01:14:47.900 [Test worker] DEBUG com.github.dockerjava.zerodep.shaded.org.apache.hc.client5.http.wire - http-outgoing-2 << "HTTP/1.1 200 OK[\r][\n]"
01:14:47.900 [Test worker] DEBUG com.github.dockerjava.zerodep.shaded.org.apache.hc.client5.http.wire - http-outgoing-2 << "Api-Version: 1.41[\r][\n]"
01:14:47.900 [Test worker] DEBUG com.github.dockerjava.zerodep.shaded.org.apache.hc.client5.http.wire - http-outgoing-2 << "Content-Type: application/json[\r][\n]"
01:14:47.900 [Test worker] DEBUG com.github.dockerjava.zerodep.shaded.org.apache.hc.client5.http.wire - http-outgoing-2 << "Date: Tue, 28 Mar 2023 04:14:47 GMT[\r][\n]"
01:14:47.901 [Test worker] DEBUG com.github.dockerjava.zerodep.shaded.org.apache.hc.client5.http.wire - http-outgoing-2 << "Docker-Experimental: false[\r][\n]"
01:14:47.901 [Test worker] DEBUG com.github.dockerjava.zerodep.shaded.org.apache.hc.client5.http.wire - http-outgoing-2 << "Ostype: linux[\r][\n]"
01:14:47.901 [Test worker] DEBUG com.github.dockerjava.zerodep.shaded.org.apache.hc.client5.http.wire - http-outgoing-2 << "Server: Docker/20.10.21 (linux)[\r][\n]"
01:14:47.901 [Test worker] DEBUG com.github.dockerjava.zerodep.shaded.org.apache.hc.client5.http.wire - http-outgoing-2 << "Transfer-Encoding: chunked[\r][\n]"
01:14:47.901 [Test worker] DEBUG com.github.dockerjava.zerodep.shaded.org.apache.hc.client5.http.wire - http-outgoing-2 << "[\r][\n]"
01:14:47.901 [Test worker] DEBUG com.github.dockerjava.zerodep.shaded.org.apache.hc.client5.http.headers - http-outgoing-2 << HTTP/1.1 200 OK
01:14:47.901 [Test worker] DEBUG com.github.dockerjava.zerodep.shaded.org.apache.hc.client5.http.headers - http-outgoing-2 << Api-Version: 1.41
01:14:47.901 [Test worker] DEBUG com.github.dockerjava.zerodep.shaded.org.apache.hc.client5.http.headers - http-outgoing-2 << Content-Type: application/json
01:14:47.901 [Test worker] DEBUG com.github.dockerjava.zerodep.shaded.org.apache.hc.client5.http.headers - http-outgoing-2 << Date: Tue, 28 Mar 2023 04:14:47 GMT
01:14:47.901 [Test worker] DEBUG com.github.dockerjava.zerodep.shaded.org.apache.hc.client5.http.headers - http-outgoing-2 << Docker-Experimental: false
01:14:47.901 [Test worker] DEBUG com.github.dockerjava.zerodep.shaded.org.apache.hc.client5.http.headers - http-outgoing-2 << Ostype: linux
01:14:47.901 [Test worker] DEBUG com.github.dockerjava.zerodep.shaded.org.apache.hc.client5.http.headers - http-outgoing-2 << Server: Docker/20.10.21 (linux)
01:14:47.901 [Test worker] DEBUG com.github.dockerjava.zerodep.shaded.org.apache.hc.client5.http.headers - http-outgoing-2 << Transfer-Encoding: chunked
01:14:47.901 [Test worker] DEBUG com.github.dockerjava.zerodep.shaded.org.apache.hc.client5.http.impl.classic.MainClientExec - ex-00000031: connection can be kept alive for 3 MINUTES
01:14:47.902 [Test worker] DEBUG com.github.dockerjava.zerodep.shaded.org.apache.hc.client5.http.wire - http-outgoing-2 << "18c1[\r][\n]"
01:14:47.902 [Test worker] DEBUG com.github.dockerjava.zerodep.shaded.org.apache.hc.client5.http.wire - http-outgoing-2 << "{"Id":"cd5ecdf38df06b4092e6cf67100cd20ad9c3cb4b6e9303874a7bd89885b140c9","Created":"2023-03-28T04:14:43.179040379Z","Path":"docker-entrypoint.sh","Args":["mysqld"],"State":{"Status":"running","Running":true,"Paused":false,"Restarting":false,"OOMKilled":false,"Dead":false,"Pid":20152,"ExitCode":0,"Error":"","StartedAt":"2023-03-28T04:14:43.680338005Z","FinishedAt":"0001-01-01T00:00:00Z"},"Image":"sha256:c7c54c29e20dccc1aefb936c8eba8bb8b98b87a4921102aba87fde2df5810af9","ResolvConfPath":"/var/lib/docker/containers/cd5ecdf38df06b4092e6cf67100cd20ad9c3cb4b6e9303874a7bd89885b140c9/resolv.conf","HostnamePath":"/var/lib/docker/containers/cd5ecdf38df06b4092e6cf67100cd20ad9c3cb4b6e9303874a7bd89885b140c9/hostname","HostsPath":"/var/lib/docker/containers/cd5ecdf38df06b4092e6cf67100cd20ad9c3cb4b6e9303874a7bd89885b140c9/hosts","LogPath":"/var/lib/docker/containers/cd5ecdf38df06b4092e6cf67100cd20ad9c3cb4b6e9303874a7bd89885b140c9/cd5ecdf38df06b4092e6cf67100cd20ad9c3cb4b6e9303874a7bd89885b140c9-json.log","Name":"/keen_matsumoto","RestartCount":0,"Driver":"overlay2","Platform":"linux","MountLabel":"","ProcessLabel":"","AppArmorProfile":"","ExecIDs":null,"HostConfig":{"Binds":[],"ContainerIDFile":"","LogConfig":{"Type":"json-file","Config":{}},"NetworkMode":"default","PortBindings":{"3306/tcp":[{"HostIp":"0.0.0.0","HostPort":"0"}]},"RestartPolicy":{"Name":"","MaximumRetryCount":0},"AutoRemove":false,"VolumeDriver":"","VolumesFrom":[],"CapAdd":null,"CapDrop":null,"CgroupnsMode":"private","Dns":null,"DnsOptions":null,"DnsSearch":null,"ExtraHosts":[],"GroupAdd":null,"IpcMode":"shareable","Cgroup":"","Links":null,"OomScoreAdj":0,"PidMode":"","Privileged":false,"PublishAllPorts":false,"ReadonlyRootfs":false,"SecurityOpt":null,"UTSMode":"","UsernsMode":"","ShmSize":67108864,"Runtime":"runc","ConsoleSize":[0,0],"Isolation":"","CpuShares":0,"Memory":0,"NanoCpus":0,"CgroupParent":"","BlkioWeight":0,"BlkioWeightDevice":null,"BlkioDeviceReadBps":null,"BlkioDeviceWriteBps":null,"BlkioDeviceReadIOps":null,"BlkioDeviceWriteIOps":null,"CpuPeriod":0,"CpuQuota":0,"CpuRealtimePeriod":0,"CpuRealtimeRuntime":0,"CpusetCpus":"","CpusetMems":"","Devices":null,"DeviceCgroupRules":null,"DeviceRequests":null,"KernelMemory":0,"KernelMemoryTCP":0,"MemoryReservation":0,"MemorySwap":0,"MemorySwappiness":null,"OomKillDisable":null,"PidsLimit":null,"Ulimits":null,"CpuCount":0,"CpuPercent":0,"IOMaximumIOps":0,"IOMaximumBandwidth":0,"MaskedPaths":["/proc/asound","/proc/acpi","/proc/kcore","/proc/keys","/proc/latency_stats","/proc/timer_list","/proc/timer_stats","/proc/sched_debug","/proc/scsi","/sys/firmware"],"ReadonlyPaths":["/proc/bus","/proc/fs","/proc/irq","/proc/sys","/proc/sysrq-trigger"]},"GraphDriver":{"Data":{"LowerDir":"/var/lib/docker/overlay2/830e690ec83ecff869b59e4f673c0c63b2bc5c068e9f710933e6f61763699fd2-init/diff:/var/lib/docker/overlay2/1bd8849d7a296305617011f940aa5cfabbe972a513397b1b6bbc27639b6c1f30/diff:/var/lib/docker/overlay2/199d69b2fbf78af4d4c95dec4fd2f8835ab0347eb49fb20ebb2ff3b99fedd6ad/diff:/var/lib/docker/overlay2/d83c38d654989311f75b9491329846033bfb7714de76ef635380dcfad5c740d9/diff:/var/lib/docker/overlay2/08600d0aea2ab2728bebcf5d2589c640a842f53d1ba3c4a4adccb4d03b923cf6/diff:/var/lib/docker/overlay2/9ec7c63a3fb14d13ac788bbf5e282ca821edc41260b79944e5e631037d13ecda/diff:/var/lib/docker/overlay2/db601d7a1b4ea6da638db620462f0da96fa55c559d02269c9ddb09027936ed87/diff:/var/lib/docker/overlay2/a6d2bd03f942e2565f21e74cfe152c7ec836a1c2b583f0790c685b92bdcfda24/diff:/var/lib/docker/overlay2/9badd16ea2c5e2bf1fde8b579683e41137dfc46ed5449234149f199a6751cc84/diff:/var/lib/docker/overlay2/6efb85646ed12e2d1181ef4cc6f6f6732c00c15a4035fe17ebc4f075ca573c30/diff:/var/lib/docker/overlay2/895d7c0ec09144d6ed33936f4e98e11c18010f7abd708cae1ce43aec7a7f2621/diff:/var/lib/docker/overlay2/1c4ba77aa573ab6e5e5069fd15eae71b3da940bde0f97a922a227ffc8a1d1096/diff","MergedDir":"/var/lib/docker/overlay2/830e690ec83ecff869b59e4f673c0c63b2bc5c068e9f710933e6f61763699fd2/merged","UpperDir":"/var/lib/docker/overlay2/830e690ec83ecff869b59e4f673c0c63b2bc5c068e9f710933e6f61763699fd2/diff","WorkDir":"/var/lib/docker/overlay2/830e690ec83ecff869b59e4f673c0c63b2bc5c068e9f710933e6f61763699fd2/work"},"Name":"overlay2"},"Mounts":[{"Type":"volume","Name":"25868b8cea8ad6eba7f00a6fe83e8848def5cff8aab5c5943024031400fa063d","Source":"/var/lib/docker/volumes/25868b8cea8ad6eba7f00a6fe83e8848def5cff8aab5c5943024031400fa063d/_data","Destination":"/var/lib/mysql","Driver":"local","Mode":"","RW":true,"Propagation":""}],"Config":{"Hostname":"cd5ecdf38df0","Domainname":"","User":"","AttachStdin":false,"AttachStdout":false,"AttachStderr":false,"ExposedPorts":{"3306/tcp":{},"33060/tcp":{}},"Tty":false,"OpenStdin":false,"StdinOnce":false,"Env":["MYSQL_DATABASE=adm_videos","MYSQL_PASSWORD=123456","MYSQL_ROOT_PASSWORD=123456","PATH=/usr/local/sbin:/usr/local/bin:/usr/sbin:/usr/bin:/sbin:/bin","GOSU_VERSION=1.16","MYSQL_MAJOR=8.0","MYSQL_VERSION=8.0.32-1.el8","MYSQL_SHELL_VERSION=8.0.32-1.el8"],"Cmd":["mysqld"],"Image":"mysql:latest","Volumes":{"/var/lib/mysql":{}},"WorkingDir":"","Entrypoint":["docker-entrypoint.sh"],"OnBuild":null,"Labels":{"org.testcontainers":"true","org.testcontainers.lang":"java","org.testcontainers.sessionId":"71b9672a-6f61-4546-a7b6-d603100b2e56","org.testcontainers.version":"1.17.6"}},"NetworkSettings":{"Bridge":"","SandboxID":"56762d63452c709eadac6b5c5f4b6cdd30da833580c632f91fd658806eaf4ddb","HairpinMode":false,"LinkLocalIPv6Address":"","LinkLocalIPv6PrefixLen":0,"Ports":{"3306/tcp":[{"HostIp":"0.0.0.0","HostPort":"63819"}],"33060/tcp":null},"SandboxKey":"/var/run/docker/netns/56762d63452c","SecondaryIPAddresses":null,"SecondaryIPv6Addresses":null,"EndpointID":"92fc2600684327987bceb8e2716a72ba2420fccd56812c1491af8c03946e105c","Gateway":"172.17.0.1","GlobalIPv6Address":"","GlobalIPv6PrefixLen":0,"IPAddress":"172.17.0.3","IPPrefixLen":16,"IPv6Gateway":"","MacAddress":"02:42:ac:11:00:03","Networks":{"bridge":{"IPAMConfig":null,"Links":null,"Aliases":null,"NetworkID":"308e234c143065751b16b4500cb9f48d5c7fc2116504b3d816a5e51cd4771062","EndpointID":"92fc2600684327987bceb8e2716a72ba2420fccd56812c1491af8c03946e105c","Gateway":"172.17.0.1","IPAddress":"172.17.0.3","IPPrefixLen":16,"IPv6Gateway":"","GlobalIPv6Address":"","GlobalIPv6PrefixLen":0,"MacAddress":"02:42:ac:11:00:03","DriverOpts":null}}}}[\n]"
01:14:47.902 [Test worker] DEBUG com.github.dockerjava.zerodep.shaded.org.apache.hc.client5.http.wire - http-outgoing-2 << "[\r][\n]"
01:14:47.902 [Test worker] DEBUG com.github.dockerjava.zerodep.shaded.org.apache.hc.client5.http.wire - http-outgoing-2 << "0[\r][\n]"
01:14:47.902 [Test worker] DEBUG com.github.dockerjava.zerodep.shaded.org.apache.hc.client5.http.wire - http-outgoing-2 << "[\r][\n]"
01:14:47.902 [Test worker] DEBUG com.github.dockerjava.zerodep.shaded.org.apache.hc.client5.http.impl.classic.InternalHttpClient - ep-00000030: releasing valid endpoint
01:14:47.902 [Test worker] DEBUG com.github.dockerjava.zerodep.shaded.org.apache.hc.client5.http.impl.io.PoolingHttpClientConnectionManager - ep-00000030: releasing endpoint
01:14:47.902 [Test worker] DEBUG com.github.dockerjava.zerodep.shaded.org.apache.hc.client5.http.impl.io.PoolingHttpClientConnectionManager - ep-00000030: connection http-outgoing-2 can be kept alive for 3 MINUTES
01:14:47.903 [Test worker] DEBUG com.github.dockerjava.zerodep.shaded.org.apache.hc.client5.http.impl.io.PoolingHttpClientConnectionManager - ep-00000030: connection released [route: {}->unix://localhost:2375][total available: 1; route allocated: 1 of 2147483647; total allocated: 1 of 2147483647]
01:14:47.903 [Test worker] DEBUG ]]>&#x1f433;<![CDATA[ [mysql:latest] - Trying to create JDBC connection using com.mysql.cj.jdbc.Driver to jdbc:mysql://localhost:63819/adm_videos?useSSL=false&allowPublicKeyRetrieval=true with properties: {password=123456, user=root}
01:14:48.009 [Test worker] DEBUG org.testcontainers.shaded.com.github.dockerjava.core.command.AbstrDockerCmd - Cmd: cd5ecdf38df06b4092e6cf67100cd20ad9c3cb4b6e9303874a7bd89885b140c9,false
01:14:48.010 [Test worker] DEBUG org.testcontainers.shaded.com.github.dockerjava.core.exec.InspectContainerCmdExec - GET: DefaultWebTarget{path=[/containers/cd5ecdf38df06b4092e6cf67100cd20ad9c3cb4b6e9303874a7bd89885b140c9/json], queryParams={}}
01:14:48.010 [Test worker] DEBUG com.github.dockerjava.zerodep.shaded.org.apache.hc.client5.http.impl.classic.InternalHttpClient - ex-00000032: preparing request execution
01:14:48.010 [Test worker] DEBUG com.github.dockerjava.zerodep.shaded.org.apache.hc.client5.http.protocol.RequestAddCookies - Cookie spec selected: strict
01:14:48.010 [Test worker] DEBUG com.github.dockerjava.zerodep.shaded.org.apache.hc.client5.http.protocol.RequestAuthCache - Auth cache not set in the context
01:14:48.010 [Test worker] DEBUG com.github.dockerjava.zerodep.shaded.org.apache.hc.client5.http.impl.classic.ProtocolExec - ex-00000032: target auth state: UNCHALLENGED
01:14:48.010 [Test worker] DEBUG com.github.dockerjava.zerodep.shaded.org.apache.hc.client5.http.impl.classic.ProtocolExec - ex-00000032: proxy auth state: UNCHALLENGED
01:14:48.010 [Test worker] DEBUG com.github.dockerjava.zerodep.shaded.org.apache.hc.client5.http.impl.classic.ConnectExec - ex-00000032: acquiring connection with route {}->unix://localhost:2375
01:14:48.010 [Test worker] DEBUG com.github.dockerjava.zerodep.shaded.org.apache.hc.client5.http.impl.classic.InternalHttpClient - ex-00000032: acquiring endpoint (3 MINUTES)
01:14:48.010 [Test worker] DEBUG com.github.dockerjava.zerodep.shaded.org.apache.hc.client5.http.impl.io.PoolingHttpClientConnectionManager - ex-00000032: endpoint lease request (3 MINUTES) [route: {}->unix://localhost:2375][total available: 1; route allocated: 1 of 2147483647; total allocated: 1 of 2147483647]
01:14:48.010 [Test worker] DEBUG com.github.dockerjava.zerodep.shaded.org.apache.hc.client5.http.impl.io.PoolingHttpClientConnectionManager - ex-00000032: endpoint leased [route: {}->unix://localhost:2375][total available: 0; route allocated: 1 of 2147483647; total allocated: 1 of 2147483647]
01:14:48.010 [Test worker] DEBUG com.github.dockerjava.zerodep.shaded.org.apache.hc.client5.http.impl.io.PoolingHttpClientConnectionManager - ex-00000032: acquired ep-00000031
01:14:48.010 [Test worker] DEBUG com.github.dockerjava.zerodep.shaded.org.apache.hc.client5.http.impl.classic.InternalHttpClient - ex-00000032: acquired endpoint ep-00000031
01:14:48.010 [Test worker] DEBUG com.github.dockerjava.zerodep.shaded.org.apache.hc.client5.http.impl.classic.MainClientExec - ex-00000032: executing GET /v1.32/containers/cd5ecdf38df06b4092e6cf67100cd20ad9c3cb4b6e9303874a7bd89885b140c9/json HTTP/1.1
01:14:48.010 [Test worker] DEBUG com.github.dockerjava.zerodep.shaded.org.apache.hc.client5.http.impl.classic.InternalHttpClient - ep-00000031: start execution ex-00000032
01:14:48.010 [Test worker] DEBUG com.github.dockerjava.zerodep.shaded.org.apache.hc.client5.http.impl.io.PoolingHttpClientConnectionManager - ep-00000031: executing exchange ex-00000032 over http-outgoing-2
01:14:48.011 [Test worker] DEBUG com.github.dockerjava.zerodep.shaded.org.apache.hc.client5.http.headers - http-outgoing-2 >> GET /v1.32/containers/cd5ecdf38df06b4092e6cf67100cd20ad9c3cb4b6e9303874a7bd89885b140c9/json HTTP/1.1
01:14:48.011 [Test worker] DEBUG com.github.dockerjava.zerodep.shaded.org.apache.hc.client5.http.headers - http-outgoing-2 >> accept: application/json
01:14:48.011 [Test worker] DEBUG com.github.dockerjava.zerodep.shaded.org.apache.hc.client5.http.headers - http-outgoing-2 >> x-tc-sid: 71b9672a-6f61-4546-a7b6-d603100b2e56
01:14:48.011 [Test worker] DEBUG com.github.dockerjava.zerodep.shaded.org.apache.hc.client5.http.headers - http-outgoing-2 >> Accept-Encoding: gzip, x-gzip, deflate
01:14:48.011 [Test worker] DEBUG com.github.dockerjava.zerodep.shaded.org.apache.hc.client5.http.headers - http-outgoing-2 >> Host: localhost:2375
01:14:48.011 [Test worker] DEBUG com.github.dockerjava.zerodep.shaded.org.apache.hc.client5.http.headers - http-outgoing-2 >> Connection: keep-alive
01:14:48.011 [Test worker] DEBUG com.github.dockerjava.zerodep.shaded.org.apache.hc.client5.http.headers - http-outgoing-2 >> User-Agent: Apache-HttpClient/5.0.3 (Java/17.0.2)
01:14:48.011 [Test worker] DEBUG com.github.dockerjava.zerodep.shaded.org.apache.hc.client5.http.wire - http-outgoing-2 >> "GET /v1.32/containers/cd5ecdf38df06b4092e6cf67100cd20ad9c3cb4b6e9303874a7bd89885b140c9/json HTTP/1.1[\r][\n]"
01:14:48.011 [Test worker] DEBUG com.github.dockerjava.zerodep.shaded.org.apache.hc.client5.http.wire - http-outgoing-2 >> "accept: application/json[\r][\n]"
01:14:48.011 [Test worker] DEBUG com.github.dockerjava.zerodep.shaded.org.apache.hc.client5.http.wire - http-outgoing-2 >> "x-tc-sid: 71b9672a-6f61-4546-a7b6-d603100b2e56[\r][\n]"
01:14:48.011 [Test worker] DEBUG com.github.dockerjava.zerodep.shaded.org.apache.hc.client5.http.wire - http-outgoing-2 >> "Accept-Encoding: gzip, x-gzip, deflate[\r][\n]"
01:14:48.011 [Test worker] DEBUG com.github.dockerjava.zerodep.shaded.org.apache.hc.client5.http.wire - http-outgoing-2 >> "Host: localhost:2375[\r][\n]"
01:14:48.011 [Test worker] DEBUG com.github.dockerjava.zerodep.shaded.org.apache.hc.client5.http.wire - http-outgoing-2 >> "Connection: keep-alive[\r][\n]"
01:14:48.011 [Test worker] DEBUG com.github.dockerjava.zerodep.shaded.org.apache.hc.client5.http.wire - http-outgoing-2 >> "User-Agent: Apache-HttpClient/5.0.3 (Java/17.0.2)[\r][\n]"
01:14:48.011 [Test worker] DEBUG com.github.dockerjava.zerodep.shaded.org.apache.hc.client5.http.wire - http-outgoing-2 >> "[\r][\n]"
01:14:48.013 [Test worker] DEBUG com.github.dockerjava.zerodep.shaded.org.apache.hc.client5.http.wire - http-outgoing-2 << "HTTP/1.1 200 OK[\r][\n]"
01:14:48.013 [Test worker] DEBUG com.github.dockerjava.zerodep.shaded.org.apache.hc.client5.http.wire - http-outgoing-2 << "Api-Version: 1.41[\r][\n]"
01:14:48.013 [Test worker] DEBUG com.github.dockerjava.zerodep.shaded.org.apache.hc.client5.http.wire - http-outgoing-2 << "Content-Type: application/json[\r][\n]"
01:14:48.013 [Test worker] DEBUG com.github.dockerjava.zerodep.shaded.org.apache.hc.client5.http.wire - http-outgoing-2 << "Date: Tue, 28 Mar 2023 04:14:48 GMT[\r][\n]"
01:14:48.013 [Test worker] DEBUG com.github.dockerjava.zerodep.shaded.org.apache.hc.client5.http.wire - http-outgoing-2 << "Docker-Experimental: false[\r][\n]"
01:14:48.013 [Test worker] DEBUG com.github.dockerjava.zerodep.shaded.org.apache.hc.client5.http.wire - http-outgoing-2 << "Ostype: linux[\r][\n]"
01:14:48.013 [Test worker] DEBUG com.github.dockerjava.zerodep.shaded.org.apache.hc.client5.http.wire - http-outgoing-2 << "Server: Docker/20.10.21 (linux)[\r][\n]"
01:14:48.013 [Test worker] DEBUG com.github.dockerjava.zerodep.shaded.org.apache.hc.client5.http.wire - http-outgoing-2 << "Transfer-Encoding: chunked[\r][\n]"
01:14:48.013 [Test worker] DEBUG com.github.dockerjava.zerodep.shaded.org.apache.hc.client5.http.wire - http-outgoing-2 << "[\r][\n]"
01:14:48.013 [Test worker] DEBUG com.github.dockerjava.zerodep.shaded.org.apache.hc.client5.http.headers - http-outgoing-2 << HTTP/1.1 200 OK
01:14:48.013 [Test worker] DEBUG com.github.dockerjava.zerodep.shaded.org.apache.hc.client5.http.headers - http-outgoing-2 << Api-Version: 1.41
01:14:48.013 [Test worker] DEBUG com.github.dockerjava.zerodep.shaded.org.apache.hc.client5.http.headers - http-outgoing-2 << Content-Type: application/json
01:14:48.013 [Test worker] DEBUG com.github.dockerjava.zerodep.shaded.org.apache.hc.client5.http.headers - http-outgoing-2 << Date: Tue, 28 Mar 2023 04:14:48 GMT
01:14:48.013 [Test worker] DEBUG com.github.dockerjava.zerodep.shaded.org.apache.hc.client5.http.headers - http-outgoing-2 << Docker-Experimental: false
01:14:48.013 [Test worker] DEBUG com.github.dockerjava.zerodep.shaded.org.apache.hc.client5.http.headers - http-outgoing-2 << Ostype: linux
01:14:48.013 [Test worker] DEBUG com.github.dockerjava.zerodep.shaded.org.apache.hc.client5.http.headers - http-outgoing-2 << Server: Docker/20.10.21 (linux)
01:14:48.013 [Test worker] DEBUG com.github.dockerjava.zerodep.shaded.org.apache.hc.client5.http.headers - http-outgoing-2 << Transfer-Encoding: chunked
01:14:48.013 [Test worker] DEBUG com.github.dockerjava.zerodep.shaded.org.apache.hc.client5.http.impl.classic.MainClientExec - ex-00000032: connection can be kept alive for 3 MINUTES
01:14:48.014 [Test worker] DEBUG com.github.dockerjava.zerodep.shaded.org.apache.hc.client5.http.wire - http-outgoing-2 << "18c1[\r][\n]"
01:14:48.014 [Test worker] DEBUG com.github.dockerjava.zerodep.shaded.org.apache.hc.client5.http.wire - http-outgoing-2 << "{"Id":"cd5ecdf38df06b4092e6cf67100cd20ad9c3cb4b6e9303874a7bd89885b140c9","Created":"2023-03-28T04:14:43.179040379Z","Path":"docker-entrypoint.sh","Args":["mysqld"],"State":{"Status":"running","Running":true,"Paused":false,"Restarting":false,"OOMKilled":false,"Dead":false,"Pid":20152,"ExitCode":0,"Error":"","StartedAt":"2023-03-28T04:14:43.680338005Z","FinishedAt":"0001-01-01T00:00:00Z"},"Image":"sha256:c7c54c29e20dccc1aefb936c8eba8bb8b98b87a4921102aba87fde2df5810af9","ResolvConfPath":"/var/lib/docker/containers/cd5ecdf38df06b4092e6cf67100cd20ad9c3cb4b6e9303874a7bd89885b140c9/resolv.conf","HostnamePath":"/var/lib/docker/containers/cd5ecdf38df06b4092e6cf67100cd20ad9c3cb4b6e9303874a7bd89885b140c9/hostname","HostsPath":"/var/lib/docker/containers/cd5ecdf38df06b4092e6cf67100cd20ad9c3cb4b6e9303874a7bd89885b140c9/hosts","LogPath":"/var/lib/docker/containers/cd5ecdf38df06b4092e6cf67100cd20ad9c3cb4b6e9303874a7bd89885b140c9/cd5ecdf38df06b4092e6cf67100cd20ad9c3cb4b6e9303874a7bd89885b140c9-json.log","Name":"/keen_matsumoto","RestartCount":0,"Driver":"overlay2","Platform":"linux","MountLabel":"","ProcessLabel":"","AppArmorProfile":"","ExecIDs":null,"HostConfig":{"Binds":[],"ContainerIDFile":"","LogConfig":{"Type":"json-file","Config":{}},"NetworkMode":"default","PortBindings":{"3306/tcp":[{"HostIp":"0.0.0.0","HostPort":"0"}]},"RestartPolicy":{"Name":"","MaximumRetryCount":0},"AutoRemove":false,"VolumeDriver":"","VolumesFrom":[],"CapAdd":null,"CapDrop":null,"CgroupnsMode":"private","Dns":null,"DnsOptions":null,"DnsSearch":null,"ExtraHosts":[],"GroupAdd":null,"IpcMode":"shareable","Cgroup":"","Links":null,"OomScoreAdj":0,"PidMode":"","Privileged":false,"PublishAllPorts":false,"ReadonlyRootfs":false,"SecurityOpt":null,"UTSMode":"","UsernsMode":"","ShmSize":67108864,"Runtime":"runc","ConsoleSize":[0,0],"Isolation":"","CpuShares":0,"Memory":0,"NanoCpus":0,"CgroupParent":"","BlkioWeight":0,"BlkioWeightDevice":null,"BlkioDeviceReadBps":null,"BlkioDeviceWriteBps":null,"BlkioDeviceReadIOps":null,"BlkioDeviceWriteIOps":null,"CpuPeriod":0,"CpuQuota":0,"CpuRealtimePeriod":0,"CpuRealtimeRuntime":0,"CpusetCpus":"","CpusetMems":"","Devices":null,"DeviceCgroupRules":null,"DeviceRequests":null,"KernelMemory":0,"KernelMemoryTCP":0,"MemoryReservation":0,"MemorySwap":0,"MemorySwappiness":null,"OomKillDisable":null,"PidsLimit":null,"Ulimits":null,"CpuCount":0,"CpuPercent":0,"IOMaximumIOps":0,"IOMaximumBandwidth":0,"MaskedPaths":["/proc/asound","/proc/acpi","/proc/kcore","/proc/keys","/proc/latency_stats","/proc/timer_list","/proc/timer_stats","/proc/sched_debug","/proc/scsi","/sys/firmware"],"ReadonlyPaths":["/proc/bus","/proc/fs","/proc/irq","/proc/sys","/proc/sysrq-trigger"]},"GraphDriver":{"Data":{"LowerDir":"/var/lib/docker/overlay2/830e690ec83ecff869b59e4f673c0c63b2bc5c068e9f710933e6f61763699fd2-init/diff:/var/lib/docker/overlay2/1bd8849d7a296305617011f940aa5cfabbe972a513397b1b6bbc27639b6c1f30/diff:/var/lib/docker/overlay2/199d69b2fbf78af4d4c95dec4fd2f8835ab0347eb49fb20ebb2ff3b99fedd6ad/diff:/var/lib/docker/overlay2/d83c38d654989311f75b9491329846033bfb7714de76ef635380dcfad5c740d9/diff:/var/lib/docker/overlay2/08600d0aea2ab2728bebcf5d2589c640a842f53d1ba3c4a4adccb4d03b923cf6/diff:/var/lib/docker/overlay2/9ec7c63a3fb14d13ac788bbf5e282ca821edc41260b79944e5e631037d13ecda/diff:/var/lib/docker/overlay2/db601d7a1b4ea6da638db620462f0da96fa55c559d02269c9ddb09027936ed87/diff:/var/lib/docker/overlay2/a6d2bd03f942e2565f21e74cfe152c7ec836a1c2b583f0790c685b92bdcfda24/diff:/var/lib/docker/overlay2/9badd16ea2c5e2bf1fde8b579683e41137dfc46ed5449234149f199a6751cc84/diff:/var/lib/docker/overlay2/6efb85646ed12e2d1181ef4cc6f6f6732c00c15a4035fe17ebc4f075ca573c30/diff:/var/lib/docker/overlay2/895d7c0ec09144d6ed33936f4e98e11c18010f7abd708cae1ce43aec7a7f2621/diff:/var/lib/docker/overlay2/1c4ba77aa573ab6e5e5069fd15eae71b3da940bde0f97a922a227ffc8a1d1096/diff","MergedDir":"/var/lib/docker/overlay2/830e690ec83ecff869b59e4f673c0c63b2bc5c068e9f710933e6f61763699fd2/merged","UpperDir":"/var/lib/docker/overlay2/830e690ec83ecff869b59e4f673c0c63b2bc5c068e9f710933e6f61763699fd2/diff","WorkDir":"/var/lib/docker/overlay2/830e690ec83ecff869b59e4f673c0c63b2bc5c068e9f710933e6f61763699fd2/work"},"Name":"overlay2"},"Mounts":[{"Type":"volume","Name":"25868b8cea8ad6eba7f00a6fe83e8848def5cff8aab5c5943024031400fa063d","Source":"/var/lib/docker/volumes/25868b8cea8ad6eba7f00a6fe83e8848def5cff8aab5c5943024031400fa063d/_data","Destination":"/var/lib/mysql","Driver":"local","Mode":"","RW":true,"Propagation":""}],"Config":{"Hostname":"cd5ecdf38df0","Domainname":"","User":"","AttachStdin":false,"AttachStdout":false,"AttachStderr":false,"ExposedPorts":{"3306/tcp":{},"33060/tcp":{}},"Tty":false,"OpenStdin":false,"StdinOnce":false,"Env":["MYSQL_DATABASE=adm_videos","MYSQL_PASSWORD=123456","MYSQL_ROOT_PASSWORD=123456","PATH=/usr/local/sbin:/usr/local/bin:/usr/sbin:/usr/bin:/sbin:/bin","GOSU_VERSION=1.16","MYSQL_MAJOR=8.0","MYSQL_VERSION=8.0.32-1.el8","MYSQL_SHELL_VERSION=8.0.32-1.el8"],"Cmd":["mysqld"],"Image":"mysql:latest","Volumes":{"/var/lib/mysql":{}},"WorkingDir":"","Entrypoint":["docker-entrypoint.sh"],"OnBuild":null,"Labels":{"org.testcontainers":"true","org.testcontainers.lang":"java","org.testcontainers.sessionId":"71b9672a-6f61-4546-a7b6-d603100b2e56","org.testcontainers.version":"1.17.6"}},"NetworkSettings":{"Bridge":"","SandboxID":"56762d63452c709eadac6b5c5f4b6cdd30da833580c632f91fd658806eaf4ddb","HairpinMode":false,"LinkLocalIPv6Address":"","LinkLocalIPv6PrefixLen":0,"Ports":{"3306/tcp":[{"HostIp":"0.0.0.0","HostPort":"63819"}],"33060/tcp":null},"SandboxKey":"/var/run/docker/netns/56762d63452c","SecondaryIPAddresses":null,"SecondaryIPv6Addresses":null,"EndpointID":"92fc2600684327987bceb8e2716a72ba2420fccd56812c1491af8c03946e105c","Gateway":"172.17.0.1","GlobalIPv6Address":"","GlobalIPv6PrefixLen":0,"IPAddress":"172.17.0.3","IPPrefixLen":16,"IPv6Gateway":"","MacAddress":"02:42:ac:11:00:03","Networks":{"bridge":{"IPAMConfig":null,"Links":null,"Aliases":null,"NetworkID":"308e234c143065751b16b4500cb9f48d5c7fc2116504b3d816a5e51cd4771062","EndpointID":"92fc2600684327987bceb8e2716a72ba2420fccd56812c1491af8c03946e105c","Gateway":"172.17.0.1","IPAddress":"172.17.0.3","IPPrefixLen":16,"IPv6Gateway":"","GlobalIPv6Address":"","GlobalIPv6PrefixLen":0,"MacAddress":"02:42:ac:11:00:03","DriverOpts":null}}}}[\n]"
01:14:48.015 [Test worker] DEBUG com.github.dockerjava.zerodep.shaded.org.apache.hc.client5.http.wire - http-outgoing-2 << "[\r][\n]"
01:14:48.015 [Test worker] DEBUG com.github.dockerjava.zerodep.shaded.org.apache.hc.client5.http.wire - http-outgoing-2 << "0[\r][\n]"
01:14:48.015 [Test worker] DEBUG com.github.dockerjava.zerodep.shaded.org.apache.hc.client5.http.wire - http-outgoing-2 << "[\r][\n]"
01:14:48.015 [Test worker] DEBUG com.github.dockerjava.zerodep.shaded.org.apache.hc.client5.http.impl.classic.InternalHttpClient - ep-00000031: releasing valid endpoint
01:14:48.015 [Test worker] DEBUG com.github.dockerjava.zerodep.shaded.org.apache.hc.client5.http.impl.io.PoolingHttpClientConnectionManager - ep-00000031: releasing endpoint
01:14:48.015 [Test worker] DEBUG com.github.dockerjava.zerodep.shaded.org.apache.hc.client5.http.impl.io.PoolingHttpClientConnectionManager - ep-00000031: connection http-outgoing-2 can be kept alive for 3 MINUTES
01:14:48.015 [Test worker] DEBUG com.github.dockerjava.zerodep.shaded.org.apache.hc.client5.http.impl.io.PoolingHttpClientConnectionManager - ep-00000031: connection released [route: {}->unix://localhost:2375][total available: 1; route allocated: 1 of 2147483647; total allocated: 1 of 2147483647]
01:14:48.015 [Test worker] DEBUG ]]>&#x1f433;<![CDATA[ [mysql:latest] - Trying to create JDBC connection using com.mysql.cj.jdbc.Driver to jdbc:mysql://localhost:63819/adm_videos?useSSL=false&allowPublicKeyRetrieval=true with properties: {password=123456, user=root}
01:14:48.122 [Test worker] DEBUG org.testcontainers.shaded.com.github.dockerjava.core.command.AbstrDockerCmd - Cmd: cd5ecdf38df06b4092e6cf67100cd20ad9c3cb4b6e9303874a7bd89885b140c9,false
01:14:48.123 [Test worker] DEBUG org.testcontainers.shaded.com.github.dockerjava.core.exec.InspectContainerCmdExec - GET: DefaultWebTarget{path=[/containers/cd5ecdf38df06b4092e6cf67100cd20ad9c3cb4b6e9303874a7bd89885b140c9/json], queryParams={}}
01:14:48.123 [Test worker] DEBUG com.github.dockerjava.zerodep.shaded.org.apache.hc.client5.http.impl.classic.InternalHttpClient - ex-00000033: preparing request execution
01:14:48.124 [Test worker] DEBUG com.github.dockerjava.zerodep.shaded.org.apache.hc.client5.http.protocol.RequestAddCookies - Cookie spec selected: strict
01:14:48.124 [Test worker] DEBUG com.github.dockerjava.zerodep.shaded.org.apache.hc.client5.http.protocol.RequestAuthCache - Auth cache not set in the context
01:14:48.124 [Test worker] DEBUG com.github.dockerjava.zerodep.shaded.org.apache.hc.client5.http.impl.classic.ProtocolExec - ex-00000033: target auth state: UNCHALLENGED
01:14:48.124 [Test worker] DEBUG com.github.dockerjava.zerodep.shaded.org.apache.hc.client5.http.impl.classic.ProtocolExec - ex-00000033: proxy auth state: UNCHALLENGED
01:14:48.124 [Test worker] DEBUG com.github.dockerjava.zerodep.shaded.org.apache.hc.client5.http.impl.classic.ConnectExec - ex-00000033: acquiring connection with route {}->unix://localhost:2375
01:14:48.124 [Test worker] DEBUG com.github.dockerjava.zerodep.shaded.org.apache.hc.client5.http.impl.classic.InternalHttpClient - ex-00000033: acquiring endpoint (3 MINUTES)
01:14:48.124 [Test worker] DEBUG com.github.dockerjava.zerodep.shaded.org.apache.hc.client5.http.impl.io.PoolingHttpClientConnectionManager - ex-00000033: endpoint lease request (3 MINUTES) [route: {}->unix://localhost:2375][total available: 1; route allocated: 1 of 2147483647; total allocated: 1 of 2147483647]
01:14:48.124 [Test worker] DEBUG com.github.dockerjava.zerodep.shaded.org.apache.hc.client5.http.impl.io.PoolingHttpClientConnectionManager - ex-00000033: endpoint leased [route: {}->unix://localhost:2375][total available: 0; route allocated: 1 of 2147483647; total allocated: 1 of 2147483647]
01:14:48.124 [Test worker] DEBUG com.github.dockerjava.zerodep.shaded.org.apache.hc.client5.http.impl.io.PoolingHttpClientConnectionManager - ex-00000033: acquired ep-00000032
01:14:48.124 [Test worker] DEBUG com.github.dockerjava.zerodep.shaded.org.apache.hc.client5.http.impl.classic.InternalHttpClient - ex-00000033: acquired endpoint ep-00000032
01:14:48.124 [Test worker] DEBUG com.github.dockerjava.zerodep.shaded.org.apache.hc.client5.http.impl.classic.MainClientExec - ex-00000033: executing GET /v1.32/containers/cd5ecdf38df06b4092e6cf67100cd20ad9c3cb4b6e9303874a7bd89885b140c9/json HTTP/1.1
01:14:48.124 [Test worker] DEBUG com.github.dockerjava.zerodep.shaded.org.apache.hc.client5.http.impl.classic.InternalHttpClient - ep-00000032: start execution ex-00000033
01:14:48.124 [Test worker] DEBUG com.github.dockerjava.zerodep.shaded.org.apache.hc.client5.http.impl.io.PoolingHttpClientConnectionManager - ep-00000032: executing exchange ex-00000033 over http-outgoing-2
01:14:48.124 [Test worker] DEBUG com.github.dockerjava.zerodep.shaded.org.apache.hc.client5.http.headers - http-outgoing-2 >> GET /v1.32/containers/cd5ecdf38df06b4092e6cf67100cd20ad9c3cb4b6e9303874a7bd89885b140c9/json HTTP/1.1
01:14:48.124 [Test worker] DEBUG com.github.dockerjava.zerodep.shaded.org.apache.hc.client5.http.headers - http-outgoing-2 >> accept: application/json
01:14:48.124 [Test worker] DEBUG com.github.dockerjava.zerodep.shaded.org.apache.hc.client5.http.headers - http-outgoing-2 >> x-tc-sid: 71b9672a-6f61-4546-a7b6-d603100b2e56
01:14:48.124 [Test worker] DEBUG com.github.dockerjava.zerodep.shaded.org.apache.hc.client5.http.headers - http-outgoing-2 >> Accept-Encoding: gzip, x-gzip, deflate
01:14:48.124 [Test worker] DEBUG com.github.dockerjava.zerodep.shaded.org.apache.hc.client5.http.headers - http-outgoing-2 >> Host: localhost:2375
01:14:48.124 [Test worker] DEBUG com.github.dockerjava.zerodep.shaded.org.apache.hc.client5.http.headers - http-outgoing-2 >> Connection: keep-alive
01:14:48.124 [Test worker] DEBUG com.github.dockerjava.zerodep.shaded.org.apache.hc.client5.http.headers - http-outgoing-2 >> User-Agent: Apache-HttpClient/5.0.3 (Java/17.0.2)
01:14:48.124 [Test worker] DEBUG com.github.dockerjava.zerodep.shaded.org.apache.hc.client5.http.wire - http-outgoing-2 >> "GET /v1.32/containers/cd5ecdf38df06b4092e6cf67100cd20ad9c3cb4b6e9303874a7bd89885b140c9/json HTTP/1.1[\r][\n]"
01:14:48.124 [Test worker] DEBUG com.github.dockerjava.zerodep.shaded.org.apache.hc.client5.http.wire - http-outgoing-2 >> "accept: application/json[\r][\n]"
01:14:48.124 [Test worker] DEBUG com.github.dockerjava.zerodep.shaded.org.apache.hc.client5.http.wire - http-outgoing-2 >> "x-tc-sid: 71b9672a-6f61-4546-a7b6-d603100b2e56[\r][\n]"
01:14:48.124 [Test worker] DEBUG com.github.dockerjava.zerodep.shaded.org.apache.hc.client5.http.wire - http-outgoing-2 >> "Accept-Encoding: gzip, x-gzip, deflate[\r][\n]"
01:14:48.124 [Test worker] DEBUG com.github.dockerjava.zerodep.shaded.org.apache.hc.client5.http.wire - http-outgoing-2 >> "Host: localhost:2375[\r][\n]"
01:14:48.124 [Test worker] DEBUG com.github.dockerjava.zerodep.shaded.org.apache.hc.client5.http.wire - http-outgoing-2 >> "Connection: keep-alive[\r][\n]"
01:14:48.124 [Test worker] DEBUG com.github.dockerjava.zerodep.shaded.org.apache.hc.client5.http.wire - http-outgoing-2 >> "User-Agent: Apache-HttpClient/5.0.3 (Java/17.0.2)[\r][\n]"
01:14:48.124 [Test worker] DEBUG com.github.dockerjava.zerodep.shaded.org.apache.hc.client5.http.wire - http-outgoing-2 >> "[\r][\n]"
01:14:48.126 [Test worker] DEBUG com.github.dockerjava.zerodep.shaded.org.apache.hc.client5.http.wire - http-outgoing-2 << "HTTP/1.1 200 OK[\r][\n]"
01:14:48.126 [Test worker] DEBUG com.github.dockerjava.zerodep.shaded.org.apache.hc.client5.http.wire - http-outgoing-2 << "Api-Version: 1.41[\r][\n]"
01:14:48.126 [Test worker] DEBUG com.github.dockerjava.zerodep.shaded.org.apache.hc.client5.http.wire - http-outgoing-2 << "Content-Type: application/json[\r][\n]"
01:14:48.126 [Test worker] DEBUG com.github.dockerjava.zerodep.shaded.org.apache.hc.client5.http.wire - http-outgoing-2 << "Date: Tue, 28 Mar 2023 04:14:48 GMT[\r][\n]"
01:14:48.126 [Test worker] DEBUG com.github.dockerjava.zerodep.shaded.org.apache.hc.client5.http.wire - http-outgoing-2 << "Docker-Experimental: false[\r][\n]"
01:14:48.126 [Test worker] DEBUG com.github.dockerjava.zerodep.shaded.org.apache.hc.client5.http.wire - http-outgoing-2 << "Ostype: linux[\r][\n]"
01:14:48.126 [Test worker] DEBUG com.github.dockerjava.zerodep.shaded.org.apache.hc.client5.http.wire - http-outgoing-2 << "Server: Docker/20.10.21 (linux)[\r][\n]"
01:14:48.126 [Test worker] DEBUG com.github.dockerjava.zerodep.shaded.org.apache.hc.client5.http.wire - http-outgoing-2 << "Transfer-Encoding: chunked[\r][\n]"
01:14:48.126 [Test worker] DEBUG com.github.dockerjava.zerodep.shaded.org.apache.hc.client5.http.wire - http-outgoing-2 << "[\r][\n]"
01:14:48.126 [Test worker] DEBUG com.github.dockerjava.zerodep.shaded.org.apache.hc.client5.http.headers - http-outgoing-2 << HTTP/1.1 200 OK
01:14:48.126 [Test worker] DEBUG com.github.dockerjava.zerodep.shaded.org.apache.hc.client5.http.headers - http-outgoing-2 << Api-Version: 1.41
01:14:48.126 [Test worker] DEBUG com.github.dockerjava.zerodep.shaded.org.apache.hc.client5.http.headers - http-outgoing-2 << Content-Type: application/json
01:14:48.127 [Test worker] DEBUG com.github.dockerjava.zerodep.shaded.org.apache.hc.client5.http.headers - http-outgoing-2 << Date: Tue, 28 Mar 2023 04:14:48 GMT
01:14:48.127 [Test worker] DEBUG com.github.dockerjava.zerodep.shaded.org.apache.hc.client5.http.headers - http-outgoing-2 << Docker-Experimental: false
01:14:48.127 [Test worker] DEBUG com.github.dockerjava.zerodep.shaded.org.apache.hc.client5.http.headers - http-outgoing-2 << Ostype: linux
01:14:48.127 [Test worker] DEBUG com.github.dockerjava.zerodep.shaded.org.apache.hc.client5.http.headers - http-outgoing-2 << Server: Docker/20.10.21 (linux)
01:14:48.127 [Test worker] DEBUG com.github.dockerjava.zerodep.shaded.org.apache.hc.client5.http.headers - http-outgoing-2 << Transfer-Encoding: chunked
01:14:48.127 [Test worker] DEBUG com.github.dockerjava.zerodep.shaded.org.apache.hc.client5.http.impl.classic.MainClientExec - ex-00000033: connection can be kept alive for 3 MINUTES
01:14:48.128 [Test worker] DEBUG com.github.dockerjava.zerodep.shaded.org.apache.hc.client5.http.wire - http-outgoing-2 << "18c1[\r][\n]"
01:14:48.128 [Test worker] DEBUG com.github.dockerjava.zerodep.shaded.org.apache.hc.client5.http.wire - http-outgoing-2 << "{"Id":"cd5ecdf38df06b4092e6cf67100cd20ad9c3cb4b6e9303874a7bd89885b140c9","Created":"2023-03-28T04:14:43.179040379Z","Path":"docker-entrypoint.sh","Args":["mysqld"],"State":{"Status":"running","Running":true,"Paused":false,"Restarting":false,"OOMKilled":false,"Dead":false,"Pid":20152,"ExitCode":0,"Error":"","StartedAt":"2023-03-28T04:14:43.680338005Z","FinishedAt":"0001-01-01T00:00:00Z"},"Image":"sha256:c7c54c29e20dccc1aefb936c8eba8bb8b98b87a4921102aba87fde2df5810af9","ResolvConfPath":"/var/lib/docker/containers/cd5ecdf38df06b4092e6cf67100cd20ad9c3cb4b6e9303874a7bd89885b140c9/resolv.conf","HostnamePath":"/var/lib/docker/containers/cd5ecdf38df06b4092e6cf67100cd20ad9c3cb4b6e9303874a7bd89885b140c9/hostname","HostsPath":"/var/lib/docker/containers/cd5ecdf38df06b4092e6cf67100cd20ad9c3cb4b6e9303874a7bd89885b140c9/hosts","LogPath":"/var/lib/docker/containers/cd5ecdf38df06b4092e6cf67100cd20ad9c3cb4b6e9303874a7bd89885b140c9/cd5ecdf38df06b4092e6cf67100cd20ad9c3cb4b6e9303874a7bd89885b140c9-json.log","Name":"/keen_matsumoto","RestartCount":0,"Driver":"overlay2","Platform":"linux","MountLabel":"","ProcessLabel":"","AppArmorProfile":"","ExecIDs":null,"HostConfig":{"Binds":[],"ContainerIDFile":"","LogConfig":{"Type":"json-file","Config":{}},"NetworkMode":"default","PortBindings":{"3306/tcp":[{"HostIp":"0.0.0.0","HostPort":"0"}]},"RestartPolicy":{"Name":"","MaximumRetryCount":0},"AutoRemove":false,"VolumeDriver":"","VolumesFrom":[],"CapAdd":null,"CapDrop":null,"CgroupnsMode":"private","Dns":null,"DnsOptions":null,"DnsSearch":null,"ExtraHosts":[],"GroupAdd":null,"IpcMode":"shareable","Cgroup":"","Links":null,"OomScoreAdj":0,"PidMode":"","Privileged":false,"PublishAllPorts":false,"ReadonlyRootfs":false,"SecurityOpt":null,"UTSMode":"","UsernsMode":"","ShmSize":67108864,"Runtime":"runc","ConsoleSize":[0,0],"Isolation":"","CpuShares":0,"Memory":0,"NanoCpus":0,"CgroupParent":"","BlkioWeight":0,"BlkioWeightDevice":null,"BlkioDeviceReadBps":null,"BlkioDeviceWriteBps":null,"BlkioDeviceReadIOps":null,"BlkioDeviceWriteIOps":null,"CpuPeriod":0,"CpuQuota":0,"CpuRealtimePeriod":0,"CpuRealtimeRuntime":0,"CpusetCpus":"","CpusetMems":"","Devices":null,"DeviceCgroupRules":null,"DeviceRequests":null,"KernelMemory":0,"KernelMemoryTCP":0,"MemoryReservation":0,"MemorySwap":0,"MemorySwappiness":null,"OomKillDisable":null,"PidsLimit":null,"Ulimits":null,"CpuCount":0,"CpuPercent":0,"IOMaximumIOps":0,"IOMaximumBandwidth":0,"MaskedPaths":["/proc/asound","/proc/acpi","/proc/kcore","/proc/keys","/proc/latency_stats","/proc/timer_list","/proc/timer_stats","/proc/sched_debug","/proc/scsi","/sys/firmware"],"ReadonlyPaths":["/proc/bus","/proc/fs","/proc/irq","/proc/sys","/proc/sysrq-trigger"]},"GraphDriver":{"Data":{"LowerDir":"/var/lib/docker/overlay2/830e690ec83ecff869b59e4f673c0c63b2bc5c068e9f710933e6f61763699fd2-init/diff:/var/lib/docker/overlay2/1bd8849d7a296305617011f940aa5cfabbe972a513397b1b6bbc27639b6c1f30/diff:/var/lib/docker/overlay2/199d69b2fbf78af4d4c95dec4fd2f8835ab0347eb49fb20ebb2ff3b99fedd6ad/diff:/var/lib/docker/overlay2/d83c38d654989311f75b9491329846033bfb7714de76ef635380dcfad5c740d9/diff:/var/lib/docker/overlay2/08600d0aea2ab2728bebcf5d2589c640a842f53d1ba3c4a4adccb4d03b923cf6/diff:/var/lib/docker/overlay2/9ec7c63a3fb14d13ac788bbf5e282ca821edc41260b79944e5e631037d13ecda/diff:/var/lib/docker/overlay2/db601d7a1b4ea6da638db620462f0da96fa55c559d02269c9ddb09027936ed87/diff:/var/lib/docker/overlay2/a6d2bd03f942e2565f21e74cfe152c7ec836a1c2b583f0790c685b92bdcfda24/diff:/var/lib/docker/overlay2/9badd16ea2c5e2bf1fde8b579683e41137dfc46ed5449234149f199a6751cc84/diff:/var/lib/docker/overlay2/6efb85646ed12e2d1181ef4cc6f6f6732c00c15a4035fe17ebc4f075ca573c30/diff:/var/lib/docker/overlay2/895d7c0ec09144d6ed33936f4e98e11c18010f7abd708cae1ce43aec7a7f2621/diff:/var/lib/docker/overlay2/1c4ba77aa573ab6e5e5069fd15eae71b3da940bde0f97a922a227ffc8a1d1096/diff","MergedDir":"/var/lib/docker/overlay2/830e690ec83ecff869b59e4f673c0c63b2bc5c068e9f710933e6f61763699fd2/merged","UpperDir":"/var/lib/docker/overlay2/830e690ec83ecff869b59e4f673c0c63b2bc5c068e9f710933e6f61763699fd2/diff","WorkDir":"/var/lib/docker/overlay2/830e690ec83ecff869b59e4f673c0c63b2bc5c068e9f710933e6f61763699fd2/work"},"Name":"overlay2"},"Mounts":[{"Type":"volume","Name":"25868b8cea8ad6eba7f00a6fe83e8848def5cff8aab5c5943024031400fa063d","Source":"/var/lib/docker/volumes/25868b8cea8ad6eba7f00a6fe83e8848def5cff8aab5c5943024031400fa063d/_data","Destination":"/var/lib/mysql","Driver":"local","Mode":"","RW":true,"Propagation":""}],"Config":{"Hostname":"cd5ecdf38df0","Domainname":"","User":"","AttachStdin":false,"AttachStdout":false,"AttachStderr":false,"ExposedPorts":{"3306/tcp":{},"33060/tcp":{}},"Tty":false,"OpenStdin":false,"StdinOnce":false,"Env":["MYSQL_DATABASE=adm_videos","MYSQL_PASSWORD=123456","MYSQL_ROOT_PASSWORD=123456","PATH=/usr/local/sbin:/usr/local/bin:/usr/sbin:/usr/bin:/sbin:/bin","GOSU_VERSION=1.16","MYSQL_MAJOR=8.0","MYSQL_VERSION=8.0.32-1.el8","MYSQL_SHELL_VERSION=8.0.32-1.el8"],"Cmd":["mysqld"],"Image":"mysql:latest","Volumes":{"/var/lib/mysql":{}},"WorkingDir":"","Entrypoint":["docker-entrypoint.sh"],"OnBuild":null,"Labels":{"org.testcontainers":"true","org.testcontainers.lang":"java","org.testcontainers.sessionId":"71b9672a-6f61-4546-a7b6-d603100b2e56","org.testcontainers.version":"1.17.6"}},"NetworkSettings":{"Bridge":"","SandboxID":"56762d63452c709eadac6b5c5f4b6cdd30da833580c632f91fd658806eaf4ddb","HairpinMode":false,"LinkLocalIPv6Address":"","LinkLocalIPv6PrefixLen":0,"Ports":{"3306/tcp":[{"HostIp":"0.0.0.0","HostPort":"63819"}],"33060/tcp":null},"SandboxKey":"/var/run/docker/netns/56762d63452c","SecondaryIPAddresses":null,"SecondaryIPv6Addresses":null,"EndpointID":"92fc2600684327987bceb8e2716a72ba2420fccd56812c1491af8c03946e105c","Gateway":"172.17.0.1","GlobalIPv6Address":"","GlobalIPv6PrefixLen":0,"IPAddress":"172.17.0.3","IPPrefixLen":16,"IPv6Gateway":"","MacAddress":"02:42:ac:11:00:03","Networks":{"bridge":{"IPAMConfig":null,"Links":null,"Aliases":null,"NetworkID":"308e234c143065751b16b4500cb9f48d5c7fc2116504b3d816a5e51cd4771062","EndpointID":"92fc2600684327987bceb8e2716a72ba2420fccd56812c1491af8c03946e105c","Gateway":"172.17.0.1","IPAddress":"172.17.0.3","IPPrefixLen":16,"IPv6Gateway":"","GlobalIPv6Address":"","GlobalIPv6PrefixLen":0,"MacAddress":"02:42:ac:11:00:03","DriverOpts":null}}}}[\n]"
01:14:48.128 [Test worker] DEBUG com.github.dockerjava.zerodep.shaded.org.apache.hc.client5.http.wire - http-outgoing-2 << "[\r][\n]"
01:14:48.128 [Test worker] DEBUG com.github.dockerjava.zerodep.shaded.org.apache.hc.client5.http.wire - http-outgoing-2 << "0[\r][\n]"
01:14:48.128 [Test worker] DEBUG com.github.dockerjava.zerodep.shaded.org.apache.hc.client5.http.wire - http-outgoing-2 << "[\r][\n]"
01:14:48.128 [Test worker] DEBUG com.github.dockerjava.zerodep.shaded.org.apache.hc.client5.http.impl.classic.InternalHttpClient - ep-00000032: releasing valid endpoint
01:14:48.128 [Test worker] DEBUG com.github.dockerjava.zerodep.shaded.org.apache.hc.client5.http.impl.io.PoolingHttpClientConnectionManager - ep-00000032: releasing endpoint
01:14:48.128 [Test worker] DEBUG com.github.dockerjava.zerodep.shaded.org.apache.hc.client5.http.impl.io.PoolingHttpClientConnectionManager - ep-00000032: connection http-outgoing-2 can be kept alive for 3 MINUTES
01:14:48.128 [Test worker] DEBUG com.github.dockerjava.zerodep.shaded.org.apache.hc.client5.http.impl.io.PoolingHttpClientConnectionManager - ep-00000032: connection released [route: {}->unix://localhost:2375][total available: 1; route allocated: 1 of 2147483647; total allocated: 1 of 2147483647]
01:14:48.129 [Test worker] DEBUG ]]>&#x1f433;<![CDATA[ [mysql:latest] - Trying to create JDBC connection using com.mysql.cj.jdbc.Driver to jdbc:mysql://localhost:63819/adm_videos?useSSL=false&allowPublicKeyRetrieval=true with properties: {password=123456, user=root}
01:14:48.236 [Test worker] DEBUG org.testcontainers.shaded.com.github.dockerjava.core.command.AbstrDockerCmd - Cmd: cd5ecdf38df06b4092e6cf67100cd20ad9c3cb4b6e9303874a7bd89885b140c9,false
01:14:48.237 [Test worker] DEBUG org.testcontainers.shaded.com.github.dockerjava.core.exec.InspectContainerCmdExec - GET: DefaultWebTarget{path=[/containers/cd5ecdf38df06b4092e6cf67100cd20ad9c3cb4b6e9303874a7bd89885b140c9/json], queryParams={}}
01:14:48.237 [Test worker] DEBUG com.github.dockerjava.zerodep.shaded.org.apache.hc.client5.http.impl.classic.InternalHttpClient - ex-00000034: preparing request execution
01:14:48.238 [Test worker] DEBUG com.github.dockerjava.zerodep.shaded.org.apache.hc.client5.http.protocol.RequestAddCookies - Cookie spec selected: strict
01:14:48.238 [Test worker] DEBUG com.github.dockerjava.zerodep.shaded.org.apache.hc.client5.http.protocol.RequestAuthCache - Auth cache not set in the context
01:14:48.238 [Test worker] DEBUG com.github.dockerjava.zerodep.shaded.org.apache.hc.client5.http.impl.classic.ProtocolExec - ex-00000034: target auth state: UNCHALLENGED
01:14:48.238 [Test worker] DEBUG com.github.dockerjava.zerodep.shaded.org.apache.hc.client5.http.impl.classic.ProtocolExec - ex-00000034: proxy auth state: UNCHALLENGED
01:14:48.238 [Test worker] DEBUG com.github.dockerjava.zerodep.shaded.org.apache.hc.client5.http.impl.classic.ConnectExec - ex-00000034: acquiring connection with route {}->unix://localhost:2375
01:14:48.238 [Test worker] DEBUG com.github.dockerjava.zerodep.shaded.org.apache.hc.client5.http.impl.classic.InternalHttpClient - ex-00000034: acquiring endpoint (3 MINUTES)
01:14:48.238 [Test worker] DEBUG com.github.dockerjava.zerodep.shaded.org.apache.hc.client5.http.impl.io.PoolingHttpClientConnectionManager - ex-00000034: endpoint lease request (3 MINUTES) [route: {}->unix://localhost:2375][total available: 1; route allocated: 1 of 2147483647; total allocated: 1 of 2147483647]
01:14:48.238 [Test worker] DEBUG com.github.dockerjava.zerodep.shaded.org.apache.hc.client5.http.impl.io.PoolingHttpClientConnectionManager - ex-00000034: endpoint leased [route: {}->unix://localhost:2375][total available: 0; route allocated: 1 of 2147483647; total allocated: 1 of 2147483647]
01:14:48.238 [Test worker] DEBUG com.github.dockerjava.zerodep.shaded.org.apache.hc.client5.http.impl.io.PoolingHttpClientConnectionManager - ex-00000034: acquired ep-00000033
01:14:48.238 [Test worker] DEBUG com.github.dockerjava.zerodep.shaded.org.apache.hc.client5.http.impl.classic.InternalHttpClient - ex-00000034: acquired endpoint ep-00000033
01:14:48.238 [Test worker] DEBUG com.github.dockerjava.zerodep.shaded.org.apache.hc.client5.http.impl.classic.MainClientExec - ex-00000034: executing GET /v1.32/containers/cd5ecdf38df06b4092e6cf67100cd20ad9c3cb4b6e9303874a7bd89885b140c9/json HTTP/1.1
01:14:48.238 [Test worker] DEBUG com.github.dockerjava.zerodep.shaded.org.apache.hc.client5.http.impl.classic.InternalHttpClient - ep-00000033: start execution ex-00000034
01:14:48.238 [Test worker] DEBUG com.github.dockerjava.zerodep.shaded.org.apache.hc.client5.http.impl.io.PoolingHttpClientConnectionManager - ep-00000033: executing exchange ex-00000034 over http-outgoing-2
01:14:48.239 [Test worker] DEBUG com.github.dockerjava.zerodep.shaded.org.apache.hc.client5.http.headers - http-outgoing-2 >> GET /v1.32/containers/cd5ecdf38df06b4092e6cf67100cd20ad9c3cb4b6e9303874a7bd89885b140c9/json HTTP/1.1
01:14:48.239 [Test worker] DEBUG com.github.dockerjava.zerodep.shaded.org.apache.hc.client5.http.headers - http-outgoing-2 >> accept: application/json
01:14:48.239 [Test worker] DEBUG com.github.dockerjava.zerodep.shaded.org.apache.hc.client5.http.headers - http-outgoing-2 >> x-tc-sid: 71b9672a-6f61-4546-a7b6-d603100b2e56
01:14:48.239 [Test worker] DEBUG com.github.dockerjava.zerodep.shaded.org.apache.hc.client5.http.headers - http-outgoing-2 >> Accept-Encoding: gzip, x-gzip, deflate
01:14:48.239 [Test worker] DEBUG com.github.dockerjava.zerodep.shaded.org.apache.hc.client5.http.headers - http-outgoing-2 >> Host: localhost:2375
01:14:48.239 [Test worker] DEBUG com.github.dockerjava.zerodep.shaded.org.apache.hc.client5.http.headers - http-outgoing-2 >> Connection: keep-alive
01:14:48.239 [Test worker] DEBUG com.github.dockerjava.zerodep.shaded.org.apache.hc.client5.http.headers - http-outgoing-2 >> User-Agent: Apache-HttpClient/5.0.3 (Java/17.0.2)
01:14:48.239 [Test worker] DEBUG com.github.dockerjava.zerodep.shaded.org.apache.hc.client5.http.wire - http-outgoing-2 >> "GET /v1.32/containers/cd5ecdf38df06b4092e6cf67100cd20ad9c3cb4b6e9303874a7bd89885b140c9/json HTTP/1.1[\r][\n]"
01:14:48.239 [Test worker] DEBUG com.github.dockerjava.zerodep.shaded.org.apache.hc.client5.http.wire - http-outgoing-2 >> "accept: application/json[\r][\n]"
01:14:48.239 [Test worker] DEBUG com.github.dockerjava.zerodep.shaded.org.apache.hc.client5.http.wire - http-outgoing-2 >> "x-tc-sid: 71b9672a-6f61-4546-a7b6-d603100b2e56[\r][\n]"
01:14:48.239 [Test worker] DEBUG com.github.dockerjava.zerodep.shaded.org.apache.hc.client5.http.wire - http-outgoing-2 >> "Accept-Encoding: gzip, x-gzip, deflate[\r][\n]"
01:14:48.239 [Test worker] DEBUG com.github.dockerjava.zerodep.shaded.org.apache.hc.client5.http.wire - http-outgoing-2 >> "Host: localhost:2375[\r][\n]"
01:14:48.239 [Test worker] DEBUG com.github.dockerjava.zerodep.shaded.org.apache.hc.client5.http.wire - http-outgoing-2 >> "Connection: keep-alive[\r][\n]"
01:14:48.239 [Test worker] DEBUG com.github.dockerjava.zerodep.shaded.org.apache.hc.client5.http.wire - http-outgoing-2 >> "User-Agent: Apache-HttpClient/5.0.3 (Java/17.0.2)[\r][\n]"
01:14:48.239 [Test worker] DEBUG com.github.dockerjava.zerodep.shaded.org.apache.hc.client5.http.wire - http-outgoing-2 >> "[\r][\n]"
01:14:48.242 [Test worker] DEBUG com.github.dockerjava.zerodep.shaded.org.apache.hc.client5.http.wire - http-outgoing-2 << "HTTP/1.1 200 OK[\r][\n]"
01:14:48.242 [Test worker] DEBUG com.github.dockerjava.zerodep.shaded.org.apache.hc.client5.http.wire - http-outgoing-2 << "Api-Version: 1.41[\r][\n]"
01:14:48.242 [Test worker] DEBUG com.github.dockerjava.zerodep.shaded.org.apache.hc.client5.http.wire - http-outgoing-2 << "Content-Type: application/json[\r][\n]"
01:14:48.242 [Test worker] DEBUG com.github.dockerjava.zerodep.shaded.org.apache.hc.client5.http.wire - http-outgoing-2 << "Date: Tue, 28 Mar 2023 04:14:48 GMT[\r][\n]"
01:14:48.242 [Test worker] DEBUG com.github.dockerjava.zerodep.shaded.org.apache.hc.client5.http.wire - http-outgoing-2 << "Docker-Experimental: false[\r][\n]"
01:14:48.242 [Test worker] DEBUG com.github.dockerjava.zerodep.shaded.org.apache.hc.client5.http.wire - http-outgoing-2 << "Ostype: linux[\r][\n]"
01:14:48.242 [Test worker] DEBUG com.github.dockerjava.zerodep.shaded.org.apache.hc.client5.http.wire - http-outgoing-2 << "Server: Docker/20.10.21 (linux)[\r][\n]"
01:14:48.242 [Test worker] DEBUG com.github.dockerjava.zerodep.shaded.org.apache.hc.client5.http.wire - http-outgoing-2 << "Transfer-Encoding: chunked[\r][\n]"
01:14:48.242 [Test worker] DEBUG com.github.dockerjava.zerodep.shaded.org.apache.hc.client5.http.wire - http-outgoing-2 << "[\r][\n]"
01:14:48.242 [Test worker] DEBUG com.github.dockerjava.zerodep.shaded.org.apache.hc.client5.http.headers - http-outgoing-2 << HTTP/1.1 200 OK
01:14:48.242 [Test worker] DEBUG com.github.dockerjava.zerodep.shaded.org.apache.hc.client5.http.headers - http-outgoing-2 << Api-Version: 1.41
01:14:48.242 [Test worker] DEBUG com.github.dockerjava.zerodep.shaded.org.apache.hc.client5.http.headers - http-outgoing-2 << Content-Type: application/json
01:14:48.242 [Test worker] DEBUG com.github.dockerjava.zerodep.shaded.org.apache.hc.client5.http.headers - http-outgoing-2 << Date: Tue, 28 Mar 2023 04:14:48 GMT
01:14:48.242 [Test worker] DEBUG com.github.dockerjava.zerodep.shaded.org.apache.hc.client5.http.headers - http-outgoing-2 << Docker-Experimental: false
01:14:48.242 [Test worker] DEBUG com.github.dockerjava.zerodep.shaded.org.apache.hc.client5.http.headers - http-outgoing-2 << Ostype: linux
01:14:48.242 [Test worker] DEBUG com.github.dockerjava.zerodep.shaded.org.apache.hc.client5.http.headers - http-outgoing-2 << Server: Docker/20.10.21 (linux)
01:14:48.242 [Test worker] DEBUG com.github.dockerjava.zerodep.shaded.org.apache.hc.client5.http.headers - http-outgoing-2 << Transfer-Encoding: chunked
01:14:48.242 [Test worker] DEBUG com.github.dockerjava.zerodep.shaded.org.apache.hc.client5.http.impl.classic.MainClientExec - ex-00000034: connection can be kept alive for 3 MINUTES
01:14:48.246 [Test worker] DEBUG com.github.dockerjava.zerodep.shaded.org.apache.hc.client5.http.wire - http-outgoing-2 << "18c1[\r][\n]"
01:14:48.246 [Test worker] DEBUG com.github.dockerjava.zerodep.shaded.org.apache.hc.client5.http.wire - http-outgoing-2 << "{"Id":"cd5ecdf38df06b4092e6cf67100cd20ad9c3cb4b6e9303874a7bd89885b140c9","Created":"2023-03-28T04:14:43.179040379Z","Path":"docker-entrypoint.sh","Args":["mysqld"],"State":{"Status":"running","Running":true,"Paused":false,"Restarting":false,"OOMKilled":false,"Dead":false,"Pid":20152,"ExitCode":0,"Error":"","StartedAt":"2023-03-28T04:14:43.680338005Z","FinishedAt":"0001-01-01T00:00:00Z"},"Image":"sha256:c7c54c29e20dccc1aefb936c8eba8bb8b98b87a4921102aba87fde2df5810af9","ResolvConfPath":"/var/lib/docker/containers/cd5ecdf38df06b4092e6cf67100cd20ad9c3cb4b6e9303874a7bd89885b140c9/resolv.conf","HostnamePath":"/var/lib/docker/containers/cd5ecdf38df06b4092e6cf67100cd20ad9c3cb4b6e9303874a7bd89885b140c9/hostname","HostsPath":"/var/lib/docker/containers/cd5ecdf38df06b4092e6cf67100cd20ad9c3cb4b6e9303874a7bd89885b140c9/hosts","LogPath":"/var/lib/docker/containers/cd5ecdf38df06b4092e6cf67100cd20ad9c3cb4b6e9303874a7bd89885b140c9/cd5ecdf38df06b4092e6cf67100cd20ad9c3cb4b6e9303874a7bd89885b140c9-json.log","Name":"/keen_matsumoto","RestartCount":0,"Driver":"overlay2","Platform":"linux","MountLabel":"","ProcessLabel":"","AppArmorProfile":"","ExecIDs":null,"HostConfig":{"Binds":[],"ContainerIDFile":"","LogConfig":{"Type":"json-file","Config":{}},"NetworkMode":"default","PortBindings":{"3306/tcp":[{"HostIp":"0.0.0.0","HostPort":"0"}]},"RestartPolicy":{"Name":"","MaximumRetryCount":0},"AutoRemove":false,"VolumeDriver":"","VolumesFrom":[],"CapAdd":null,"CapDrop":null,"CgroupnsMode":"private","Dns":null,"DnsOptions":null,"DnsSearch":null,"ExtraHosts":[],"GroupAdd":null,"IpcMode":"shareable","Cgroup":"","Links":null,"OomScoreAdj":0,"PidMode":"","Privileged":false,"PublishAllPorts":false,"ReadonlyRootfs":false,"SecurityOpt":null,"UTSMode":"","UsernsMode":"","ShmSize":67108864,"Runtime":"runc","ConsoleSize":[0,0],"Isolation":"","CpuShares":0,"Memory":0,"NanoCpus":0,"CgroupParent":"","BlkioWeight":0,"BlkioWeightDevice":null,"BlkioDeviceReadBps":null,"BlkioDeviceWriteBps":null,"BlkioDeviceReadIOps":null,"BlkioDeviceWriteIOps":null,"CpuPeriod":0,"CpuQuota":0,"CpuRealtimePeriod":0,"CpuRealtimeRuntime":0,"CpusetCpus":"","CpusetMems":"","Devices":null,"DeviceCgroupRules":null,"DeviceRequests":null,"KernelMemory":0,"KernelMemoryTCP":0,"MemoryReservation":0,"MemorySwap":0,"MemorySwappiness":null,"OomKillDisable":null,"PidsLimit":null,"Ulimits":null,"CpuCount":0,"CpuPercent":0,"IOMaximumIOps":0,"IOMaximumBandwidth":0,"MaskedPaths":["/proc/asound","/proc/acpi","/proc/kcore","/proc/keys","/proc/latency_stats","/proc/timer_list","/proc/timer_stats","/proc/sched_debug","/proc/scsi","/sys/firmware"],"ReadonlyPaths":["/proc/bus","/proc/fs","/proc/irq","/proc/sys","/proc/sysrq-trigger"]},"GraphDriver":{"Data":{"LowerDir":"/var/lib/docker/overlay2/830e690ec83ecff869b59e4f673c0c63b2bc5c068e9f710933e6f61763699fd2-init/diff:/var/lib/docker/overlay2/1bd8849d7a296305617011f940aa5cfabbe972a513397b1b6bbc27639b6c1f30/diff:/var/lib/docker/overlay2/199d69b2fbf78af4d4c95dec4fd2f8835ab0347eb49fb20ebb2ff3b99fedd6ad/diff:/var/lib/docker/overlay2/d83c38d654989311f75b9491329846033bfb7714de76ef635380dcfad5c740d9/diff:/var/lib/docker/overlay2/08600d0aea2ab2728bebcf5d2589c640a842f53d1ba3c4a4adccb4d03b923cf6/diff:/var/lib/docker/overlay2/9ec7c63a3fb14d13ac788bbf5e282ca821edc41260b79944e5e631037d13ecda/diff:/var/lib/docker/overlay2/db601d7a1b4ea6da638db620462f0da96fa55c559d02269c9ddb09027936ed87/diff:/var/lib/docker/overlay2/a6d2bd03f942e2565f21e74cfe152c7ec836a1c2b583f0790c685b92bdcfda24/diff:/var/lib/docker/overlay2/9badd16ea2c5e2bf1fde8b579683e41137dfc46ed5449234149f199a6751cc84/diff:/var/lib/docker/overlay2/6efb85646ed12e2d1181ef4cc6f6f6732c00c15a4035fe17ebc4f075ca573c30/diff:/var/lib/docker/overlay2/895d7c0ec09144d6ed33936f4e98e11c18010f7abd708cae1ce43aec7a7f2621/diff:/var/lib/docker/overlay2/1c4ba77aa573ab6e5e5069fd15eae71b3da940bde0f97a922a227ffc8a1d1096/diff","MergedDir":"/var/lib/docker/overlay2/830e690ec83ecff869b59e4f673c0c63b2bc5c068e9f710933e6f61763699fd2/merged","UpperDir":"/var/lib/docker/overlay2/830e690ec83ecff869b59e4f673c0c63b2bc5c068e9f710933e6f61763699fd2/diff","WorkDir":"/var/lib/docker/overlay2/830e690ec83ecff869b59e4f673c0c63b2bc5c068e9f710933e6f61763699fd2/work"},"Name":"overlay2"},"Mounts":[{"Type":"volume","Name":"25868b8cea8ad6eba7f00a6fe83e8848def5cff8aab5c5943024031400fa063d","Source":"/var/lib/docker/volumes/25868b8cea8ad6eba7f00a6fe83e8848def5cff8aab5c5943024031400fa063d/_data","Destination":"/var/lib/mysql","Driver":"local","Mode":"","RW":true,"Propagation":""}],"Config":{"Hostname":"cd5ecdf38df0","Domainname":"","User":"","AttachStdin":false,"AttachStdout":false,"AttachStderr":false,"ExposedPorts":{"3306/tcp":{},"33060/tcp":{}},"Tty":false,"OpenStdin":false,"StdinOnce":false,"Env":["MYSQL_DATABASE=adm_videos","MYSQL_PASSWORD=123456","MYSQL_ROOT_PASSWORD=123456","PATH=/usr/local/sbin:/usr/local/bin:/usr/sbin:/usr/bin:/sbin:/bin","GOSU_VERSION=1.16","MYSQL_MAJOR=8.0","MYSQL_VERSION=8.0.32-1.el8","MYSQL_SHELL_VERSION=8.0.32-1.el8"],"Cmd":["mysqld"],"Image":"mysql:latest","Volumes":{"/var/lib/mysql":{}},"WorkingDir":"","Entrypoint":["docker-entrypoint.sh"],"OnBuild":null,"Labels":{"org.testcontainers":"true","org.testcontainers.lang":"java","org.testcontainers.sessionId":"71b9672a-6f61-4546-a7b6-d603100b2e56","org.testcontainers.version":"1.17.6"}},"NetworkSettings":{"Bridge":"","SandboxID":"56762d63452c709eadac6b5c5f4b6cdd30da833580c632f91fd658806eaf4ddb","HairpinMode":false,"LinkLocalIPv6Address":"","LinkLocalIPv6PrefixLen":0,"Ports":{"3306/tcp":[{"HostIp":"0.0.0.0","HostPort":"63819"}],"33060/tcp":null},"SandboxKey":"/var/run/docker/netns/56762d63452c","SecondaryIPAddresses":null,"SecondaryIPv6Addresses":null,"EndpointID":"92fc2600684327987bceb8e2716a72ba2420fccd56812c1491af8c03946e105c","Gateway":"172.17.0.1","GlobalIPv6Address":"","GlobalIPv6PrefixLen":0,"IPAddress":"172.17.0.3","IPPrefixLen":16,"IPv6Gateway":"","MacAddress":"02:42:ac:11:00:03","Networks":{"bridge":{"IPAMConfig":null,"Links":null,"Aliases":null,"NetworkID":"308e234c143065751b16b4500cb9f48d5c7fc2116504b3d816a5e51cd4771062","EndpointID":"92fc2600684327987bceb8e2716a72ba2420fccd56812c1491af8c03946e105c","Gateway":"172.17.0.1","IPAddress":"172.17.0.3","IPPrefixLen":16,"IPv6Gateway":"","GlobalIPv6Address":"","GlobalIPv6PrefixLen":0,"MacAddress":"02:42:ac:11:00:03","DriverOpts":null}}}}[\n]"
01:14:48.246 [Test worker] DEBUG com.github.dockerjava.zerodep.shaded.org.apache.hc.client5.http.wire - http-outgoing-2 << "[\r][\n]"
01:14:48.247 [Test worker] DEBUG com.github.dockerjava.zerodep.shaded.org.apache.hc.client5.http.wire - http-outgoing-2 << "0[\r][\n]"
01:14:48.247 [Test worker] DEBUG com.github.dockerjava.zerodep.shaded.org.apache.hc.client5.http.wire - http-outgoing-2 << "[\r][\n]"
01:14:48.247 [Test worker] DEBUG com.github.dockerjava.zerodep.shaded.org.apache.hc.client5.http.impl.classic.InternalHttpClient - ep-00000033: releasing valid endpoint
01:14:48.247 [Test worker] DEBUG com.github.dockerjava.zerodep.shaded.org.apache.hc.client5.http.impl.io.PoolingHttpClientConnectionManager - ep-00000033: releasing endpoint
01:14:48.247 [Test worker] DEBUG com.github.dockerjava.zerodep.shaded.org.apache.hc.client5.http.impl.io.PoolingHttpClientConnectionManager - ep-00000033: connection http-outgoing-2 can be kept alive for 3 MINUTES
01:14:48.247 [Test worker] DEBUG com.github.dockerjava.zerodep.shaded.org.apache.hc.client5.http.impl.io.PoolingHttpClientConnectionManager - ep-00000033: connection released [route: {}->unix://localhost:2375][total available: 1; route allocated: 1 of 2147483647; total allocated: 1 of 2147483647]
01:14:48.248 [Test worker] DEBUG ]]>&#x1f433;<![CDATA[ [mysql:latest] - Trying to create JDBC connection using com.mysql.cj.jdbc.Driver to jdbc:mysql://localhost:63819/adm_videos?useSSL=false&allowPublicKeyRetrieval=true with properties: {password=123456, user=root}
01:14:48.353 [Test worker] DEBUG org.testcontainers.shaded.com.github.dockerjava.core.command.AbstrDockerCmd - Cmd: cd5ecdf38df06b4092e6cf67100cd20ad9c3cb4b6e9303874a7bd89885b140c9,false
01:14:48.353 [Test worker] DEBUG org.testcontainers.shaded.com.github.dockerjava.core.exec.InspectContainerCmdExec - GET: DefaultWebTarget{path=[/containers/cd5ecdf38df06b4092e6cf67100cd20ad9c3cb4b6e9303874a7bd89885b140c9/json], queryParams={}}
01:14:48.354 [Test worker] DEBUG com.github.dockerjava.zerodep.shaded.org.apache.hc.client5.http.impl.classic.InternalHttpClient - ex-00000035: preparing request execution
01:14:48.354 [Test worker] DEBUG com.github.dockerjava.zerodep.shaded.org.apache.hc.client5.http.protocol.RequestAddCookies - Cookie spec selected: strict
01:14:48.354 [Test worker] DEBUG com.github.dockerjava.zerodep.shaded.org.apache.hc.client5.http.protocol.RequestAuthCache - Auth cache not set in the context
01:14:48.354 [Test worker] DEBUG com.github.dockerjava.zerodep.shaded.org.apache.hc.client5.http.impl.classic.ProtocolExec - ex-00000035: target auth state: UNCHALLENGED
01:14:48.354 [Test worker] DEBUG com.github.dockerjava.zerodep.shaded.org.apache.hc.client5.http.impl.classic.ProtocolExec - ex-00000035: proxy auth state: UNCHALLENGED
01:14:48.354 [Test worker] DEBUG com.github.dockerjava.zerodep.shaded.org.apache.hc.client5.http.impl.classic.ConnectExec - ex-00000035: acquiring connection with route {}->unix://localhost:2375
01:14:48.354 [Test worker] DEBUG com.github.dockerjava.zerodep.shaded.org.apache.hc.client5.http.impl.classic.InternalHttpClient - ex-00000035: acquiring endpoint (3 MINUTES)
01:14:48.354 [Test worker] DEBUG com.github.dockerjava.zerodep.shaded.org.apache.hc.client5.http.impl.io.PoolingHttpClientConnectionManager - ex-00000035: endpoint lease request (3 MINUTES) [route: {}->unix://localhost:2375][total available: 1; route allocated: 1 of 2147483647; total allocated: 1 of 2147483647]
01:14:48.354 [Test worker] DEBUG com.github.dockerjava.zerodep.shaded.org.apache.hc.client5.http.impl.io.PoolingHttpClientConnectionManager - ex-00000035: endpoint leased [route: {}->unix://localhost:2375][total available: 0; route allocated: 1 of 2147483647; total allocated: 1 of 2147483647]
01:14:48.355 [Test worker] DEBUG com.github.dockerjava.zerodep.shaded.org.apache.hc.client5.http.impl.io.PoolingHttpClientConnectionManager - ex-00000035: acquired ep-00000034
01:14:48.355 [Test worker] DEBUG com.github.dockerjava.zerodep.shaded.org.apache.hc.client5.http.impl.classic.InternalHttpClient - ex-00000035: acquired endpoint ep-00000034
01:14:48.355 [Test worker] DEBUG com.github.dockerjava.zerodep.shaded.org.apache.hc.client5.http.impl.classic.MainClientExec - ex-00000035: executing GET /v1.32/containers/cd5ecdf38df06b4092e6cf67100cd20ad9c3cb4b6e9303874a7bd89885b140c9/json HTTP/1.1
01:14:48.355 [Test worker] DEBUG com.github.dockerjava.zerodep.shaded.org.apache.hc.client5.http.impl.classic.InternalHttpClient - ep-00000034: start execution ex-00000035
01:14:48.355 [Test worker] DEBUG com.github.dockerjava.zerodep.shaded.org.apache.hc.client5.http.impl.io.PoolingHttpClientConnectionManager - ep-00000034: executing exchange ex-00000035 over http-outgoing-2
01:14:48.355 [Test worker] DEBUG com.github.dockerjava.zerodep.shaded.org.apache.hc.client5.http.headers - http-outgoing-2 >> GET /v1.32/containers/cd5ecdf38df06b4092e6cf67100cd20ad9c3cb4b6e9303874a7bd89885b140c9/json HTTP/1.1
01:14:48.355 [Test worker] DEBUG com.github.dockerjava.zerodep.shaded.org.apache.hc.client5.http.headers - http-outgoing-2 >> accept: application/json
01:14:48.355 [Test worker] DEBUG com.github.dockerjava.zerodep.shaded.org.apache.hc.client5.http.headers - http-outgoing-2 >> x-tc-sid: 71b9672a-6f61-4546-a7b6-d603100b2e56
01:14:48.355 [Test worker] DEBUG com.github.dockerjava.zerodep.shaded.org.apache.hc.client5.http.headers - http-outgoing-2 >> Accept-Encoding: gzip, x-gzip, deflate
01:14:48.355 [Test worker] DEBUG com.github.dockerjava.zerodep.shaded.org.apache.hc.client5.http.headers - http-outgoing-2 >> Host: localhost:2375
01:14:48.355 [Test worker] DEBUG com.github.dockerjava.zerodep.shaded.org.apache.hc.client5.http.headers - http-outgoing-2 >> Connection: keep-alive
01:14:48.355 [Test worker] DEBUG com.github.dockerjava.zerodep.shaded.org.apache.hc.client5.http.headers - http-outgoing-2 >> User-Agent: Apache-HttpClient/5.0.3 (Java/17.0.2)
01:14:48.355 [Test worker] DEBUG com.github.dockerjava.zerodep.shaded.org.apache.hc.client5.http.wire - http-outgoing-2 >> "GET /v1.32/containers/cd5ecdf38df06b4092e6cf67100cd20ad9c3cb4b6e9303874a7bd89885b140c9/json HTTP/1.1[\r][\n]"
01:14:48.355 [Test worker] DEBUG com.github.dockerjava.zerodep.shaded.org.apache.hc.client5.http.wire - http-outgoing-2 >> "accept: application/json[\r][\n]"
01:14:48.355 [Test worker] DEBUG com.github.dockerjava.zerodep.shaded.org.apache.hc.client5.http.wire - http-outgoing-2 >> "x-tc-sid: 71b9672a-6f61-4546-a7b6-d603100b2e56[\r][\n]"
01:14:48.355 [Test worker] DEBUG com.github.dockerjava.zerodep.shaded.org.apache.hc.client5.http.wire - http-outgoing-2 >> "Accept-Encoding: gzip, x-gzip, deflate[\r][\n]"
01:14:48.355 [Test worker] DEBUG com.github.dockerjava.zerodep.shaded.org.apache.hc.client5.http.wire - http-outgoing-2 >> "Host: localhost:2375[\r][\n]"
01:14:48.355 [Test worker] DEBUG com.github.dockerjava.zerodep.shaded.org.apache.hc.client5.http.wire - http-outgoing-2 >> "Connection: keep-alive[\r][\n]"
01:14:48.355 [Test worker] DEBUG com.github.dockerjava.zerodep.shaded.org.apache.hc.client5.http.wire - http-outgoing-2 >> "User-Agent: Apache-HttpClient/5.0.3 (Java/17.0.2)[\r][\n]"
01:14:48.355 [Test worker] DEBUG com.github.dockerjava.zerodep.shaded.org.apache.hc.client5.http.wire - http-outgoing-2 >> "[\r][\n]"
01:14:48.357 [Test worker] DEBUG com.github.dockerjava.zerodep.shaded.org.apache.hc.client5.http.wire - http-outgoing-2 << "HTTP/1.1 200 OK[\r][\n]"
01:14:48.357 [Test worker] DEBUG com.github.dockerjava.zerodep.shaded.org.apache.hc.client5.http.wire - http-outgoing-2 << "Api-Version: 1.41[\r][\n]"
01:14:48.357 [Test worker] DEBUG com.github.dockerjava.zerodep.shaded.org.apache.hc.client5.http.wire - http-outgoing-2 << "Content-Type: application/json[\r][\n]"
01:14:48.357 [Test worker] DEBUG com.github.dockerjava.zerodep.shaded.org.apache.hc.client5.http.wire - http-outgoing-2 << "Date: Tue, 28 Mar 2023 04:14:48 GMT[\r][\n]"
01:14:48.357 [Test worker] DEBUG com.github.dockerjava.zerodep.shaded.org.apache.hc.client5.http.wire - http-outgoing-2 << "Docker-Experimental: false[\r][\n]"
01:14:48.357 [Test worker] DEBUG com.github.dockerjava.zerodep.shaded.org.apache.hc.client5.http.wire - http-outgoing-2 << "Ostype: linux[\r][\n]"
01:14:48.357 [Test worker] DEBUG com.github.dockerjava.zerodep.shaded.org.apache.hc.client5.http.wire - http-outgoing-2 << "Server: Docker/20.10.21 (linux)[\r][\n]"
01:14:48.357 [Test worker] DEBUG com.github.dockerjava.zerodep.shaded.org.apache.hc.client5.http.wire - http-outgoing-2 << "Transfer-Encoding: chunked[\r][\n]"
01:14:48.357 [Test worker] DEBUG com.github.dockerjava.zerodep.shaded.org.apache.hc.client5.http.wire - http-outgoing-2 << "[\r][\n]"
01:14:48.357 [Test worker] DEBUG com.github.dockerjava.zerodep.shaded.org.apache.hc.client5.http.headers - http-outgoing-2 << HTTP/1.1 200 OK
01:14:48.357 [Test worker] DEBUG com.github.dockerjava.zerodep.shaded.org.apache.hc.client5.http.headers - http-outgoing-2 << Api-Version: 1.41
01:14:48.357 [Test worker] DEBUG com.github.dockerjava.zerodep.shaded.org.apache.hc.client5.http.headers - http-outgoing-2 << Content-Type: application/json
01:14:48.357 [Test worker] DEBUG com.github.dockerjava.zerodep.shaded.org.apache.hc.client5.http.headers - http-outgoing-2 << Date: Tue, 28 Mar 2023 04:14:48 GMT
01:14:48.357 [Test worker] DEBUG com.github.dockerjava.zerodep.shaded.org.apache.hc.client5.http.headers - http-outgoing-2 << Docker-Experimental: false
01:14:48.357 [Test worker] DEBUG com.github.dockerjava.zerodep.shaded.org.apache.hc.client5.http.headers - http-outgoing-2 << Ostype: linux
01:14:48.357 [Test worker] DEBUG com.github.dockerjava.zerodep.shaded.org.apache.hc.client5.http.headers - http-outgoing-2 << Server: Docker/20.10.21 (linux)
01:14:48.358 [Test worker] DEBUG com.github.dockerjava.zerodep.shaded.org.apache.hc.client5.http.headers - http-outgoing-2 << Transfer-Encoding: chunked
01:14:48.358 [Test worker] DEBUG com.github.dockerjava.zerodep.shaded.org.apache.hc.client5.http.impl.classic.MainClientExec - ex-00000035: connection can be kept alive for 3 MINUTES
01:14:48.360 [Test worker] DEBUG com.github.dockerjava.zerodep.shaded.org.apache.hc.client5.http.wire - http-outgoing-2 << "18c1[\r][\n]"
01:14:48.360 [Test worker] DEBUG com.github.dockerjava.zerodep.shaded.org.apache.hc.client5.http.wire - http-outgoing-2 << "{"Id":"cd5ecdf38df06b4092e6cf67100cd20ad9c3cb4b6e9303874a7bd89885b140c9","Created":"2023-03-28T04:14:43.179040379Z","Path":"docker-entrypoint.sh","Args":["mysqld"],"State":{"Status":"running","Running":true,"Paused":false,"Restarting":false,"OOMKilled":false,"Dead":false,"Pid":20152,"ExitCode":0,"Error":"","StartedAt":"2023-03-28T04:14:43.680338005Z","FinishedAt":"0001-01-01T00:00:00Z"},"Image":"sha256:c7c54c29e20dccc1aefb936c8eba8bb8b98b87a4921102aba87fde2df5810af9","ResolvConfPath":"/var/lib/docker/containers/cd5ecdf38df06b4092e6cf67100cd20ad9c3cb4b6e9303874a7bd89885b140c9/resolv.conf","HostnamePath":"/var/lib/docker/containers/cd5ecdf38df06b4092e6cf67100cd20ad9c3cb4b6e9303874a7bd89885b140c9/hostname","HostsPath":"/var/lib/docker/containers/cd5ecdf38df06b4092e6cf67100cd20ad9c3cb4b6e9303874a7bd89885b140c9/hosts","LogPath":"/var/lib/docker/containers/cd5ecdf38df06b4092e6cf67100cd20ad9c3cb4b6e9303874a7bd89885b140c9/cd5ecdf38df06b4092e6cf67100cd20ad9c3cb4b6e9303874a7bd89885b140c9-json.log","Name":"/keen_matsumoto","RestartCount":0,"Driver":"overlay2","Platform":"linux","MountLabel":"","ProcessLabel":"","AppArmorProfile":"","ExecIDs":null,"HostConfig":{"Binds":[],"ContainerIDFile":"","LogConfig":{"Type":"json-file","Config":{}},"NetworkMode":"default","PortBindings":{"3306/tcp":[{"HostIp":"0.0.0.0","HostPort":"0"}]},"RestartPolicy":{"Name":"","MaximumRetryCount":0},"AutoRemove":false,"VolumeDriver":"","VolumesFrom":[],"CapAdd":null,"CapDrop":null,"CgroupnsMode":"private","Dns":null,"DnsOptions":null,"DnsSearch":null,"ExtraHosts":[],"GroupAdd":null,"IpcMode":"shareable","Cgroup":"","Links":null,"OomScoreAdj":0,"PidMode":"","Privileged":false,"PublishAllPorts":false,"ReadonlyRootfs":false,"SecurityOpt":null,"UTSMode":"","UsernsMode":"","ShmSize":67108864,"Runtime":"runc","ConsoleSize":[0,0],"Isolation":"","CpuShares":0,"Memory":0,"NanoCpus":0,"CgroupParent":"","BlkioWeight":0,"BlkioWeightDevice":null,"BlkioDeviceReadBps":null,"BlkioDeviceWriteBps":null,"BlkioDeviceReadIOps":null,"BlkioDeviceWriteIOps":null,"CpuPeriod":0,"CpuQuota":0,"CpuRealtimePeriod":0,"CpuRealtimeRuntime":0,"CpusetCpus":"","CpusetMems":"","Devices":null,"DeviceCgroupRules":null,"DeviceRequests":null,"KernelMemory":0,"KernelMemoryTCP":0,"MemoryReservation":0,"MemorySwap":0,"MemorySwappiness":null,"OomKillDisable":null,"PidsLimit":null,"Ulimits":null,"CpuCount":0,"CpuPercent":0,"IOMaximumIOps":0,"IOMaximumBandwidth":0,"MaskedPaths":["/proc/asound","/proc/acpi","/proc/kcore","/proc/keys","/proc/latency_stats","/proc/timer_list","/proc/timer_stats","/proc/sched_debug","/proc/scsi","/sys/firmware"],"ReadonlyPaths":["/proc/bus","/proc/fs","/proc/irq","/proc/sys","/proc/sysrq-trigger"]},"GraphDriver":{"Data":{"LowerDir":"/var/lib/docker/overlay2/830e690ec83ecff869b59e4f673c0c63b2bc5c068e9f710933e6f61763699fd2-init/diff:/var/lib/docker/overlay2/1bd8849d7a296305617011f940aa5cfabbe972a513397b1b6bbc27639b6c1f30/diff:/var/lib/docker/overlay2/199d69b2fbf78af4d4c95dec4fd2f8835ab0347eb49fb20ebb2ff3b99fedd6ad/diff:/var/lib/docker/overlay2/d83c38d654989311f75b9491329846033bfb7714de76ef635380dcfad5c740d9/diff:/var/lib/docker/overlay2/08600d0aea2ab2728bebcf5d2589c640a842f53d1ba3c4a4adccb4d03b923cf6/diff:/var/lib/docker/overlay2/9ec7c63a3fb14d13ac788bbf5e282ca821edc41260b79944e5e631037d13ecda/diff:/var/lib/docker/overlay2/db601d7a1b4ea6da638db620462f0da96fa55c559d02269c9ddb09027936ed87/diff:/var/lib/docker/overlay2/a6d2bd03f942e2565f21e74cfe152c7ec836a1c2b583f0790c685b92bdcfda24/diff:/var/lib/docker/overlay2/9badd16ea2c5e2bf1fde8b579683e41137dfc46ed5449234149f199a6751cc84/diff:/var/lib/docker/overlay2/6efb85646ed12e2d1181ef4cc6f6f6732c00c15a4035fe17ebc4f075ca573c30/diff:/var/lib/docker/overlay2/895d7c0ec09144d6ed33936f4e98e11c18010f7abd708cae1ce43aec7a7f2621/diff:/var/lib/docker/overlay2/1c4ba77aa573ab6e5e5069fd15eae71b3da940bde0f97a922a227ffc8a1d1096/diff","MergedDir":"/var/lib/docker/overlay2/830e690ec83ecff869b59e4f673c0c63b2bc5c068e9f710933e6f61763699fd2/merged","UpperDir":"/var/lib/docker/overlay2/830e690ec83ecff869b59e4f673c0c63b2bc5c068e9f710933e6f61763699fd2/diff","WorkDir":"/var/lib/docker/overlay2/830e690ec83ecff869b59e4f673c0c63b2bc5c068e9f710933e6f61763699fd2/work"},"Name":"overlay2"},"Mounts":[{"Type":"volume","Name":"25868b8cea8ad6eba7f00a6fe83e8848def5cff8aab5c5943024031400fa063d","Source":"/var/lib/docker/volumes/25868b8cea8ad6eba7f00a6fe83e8848def5cff8aab5c5943024031400fa063d/_data","Destination":"/var/lib/mysql","Driver":"local","Mode":"","RW":true,"Propagation":""}],"Config":{"Hostname":"cd5ecdf38df0","Domainname":"","User":"","AttachStdin":false,"AttachStdout":false,"AttachStderr":false,"ExposedPorts":{"3306/tcp":{},"33060/tcp":{}},"Tty":false,"OpenStdin":false,"StdinOnce":false,"Env":["MYSQL_DATABASE=adm_videos","MYSQL_PASSWORD=123456","MYSQL_ROOT_PASSWORD=123456","PATH=/usr/local/sbin:/usr/local/bin:/usr/sbin:/usr/bin:/sbin:/bin","GOSU_VERSION=1.16","MYSQL_MAJOR=8.0","MYSQL_VERSION=8.0.32-1.el8","MYSQL_SHELL_VERSION=8.0.32-1.el8"],"Cmd":["mysqld"],"Image":"mysql:latest","Volumes":{"/var/lib/mysql":{}},"WorkingDir":"","Entrypoint":["docker-entrypoint.sh"],"OnBuild":null,"Labels":{"org.testcontainers":"true","org.testcontainers.lang":"java","org.testcontainers.sessionId":"71b9672a-6f61-4546-a7b6-d603100b2e56","org.testcontainers.version":"1.17.6"}},"NetworkSettings":{"Bridge":"","SandboxID":"56762d63452c709eadac6b5c5f4b6cdd30da833580c632f91fd658806eaf4ddb","HairpinMode":false,"LinkLocalIPv6Address":"","LinkLocalIPv6PrefixLen":0,"Ports":{"3306/tcp":[{"HostIp":"0.0.0.0","HostPort":"63819"}],"33060/tcp":null},"SandboxKey":"/var/run/docker/netns/56762d63452c","SecondaryIPAddresses":null,"SecondaryIPv6Addresses":null,"EndpointID":"92fc2600684327987bceb8e2716a72ba2420fccd56812c1491af8c03946e105c","Gateway":"172.17.0.1","GlobalIPv6Address":"","GlobalIPv6PrefixLen":0,"IPAddress":"172.17.0.3","IPPrefixLen":16,"IPv6Gateway":"","MacAddress":"02:42:ac:11:00:03","Networks":{"bridge":{"IPAMConfig":null,"Links":null,"Aliases":null,"NetworkID":"308e234c143065751b16b4500cb9f48d5c7fc2116504b3d816a5e51cd4771062","EndpointID":"92fc2600684327987bceb8e2716a72ba2420fccd56812c1491af8c03946e105c","Gateway":"172.17.0.1","IPAddress":"172.17.0.3","IPPrefixLen":16,"IPv6Gateway":"","GlobalIPv6Address":"","GlobalIPv6PrefixLen":0,"MacAddress":"02:42:ac:11:00:03","DriverOpts":null}}}}[\n]"
01:14:48.360 [Test worker] DEBUG com.github.dockerjava.zerodep.shaded.org.apache.hc.client5.http.wire - http-outgoing-2 << "[\r][\n]"
01:14:48.361 [Test worker] DEBUG com.github.dockerjava.zerodep.shaded.org.apache.hc.client5.http.wire - http-outgoing-2 << "0[\r][\n]"
01:14:48.361 [Test worker] DEBUG com.github.dockerjava.zerodep.shaded.org.apache.hc.client5.http.wire - http-outgoing-2 << "[\r][\n]"
01:14:48.361 [Test worker] DEBUG com.github.dockerjava.zerodep.shaded.org.apache.hc.client5.http.impl.classic.InternalHttpClient - ep-00000034: releasing valid endpoint
01:14:48.361 [Test worker] DEBUG com.github.dockerjava.zerodep.shaded.org.apache.hc.client5.http.impl.io.PoolingHttpClientConnectionManager - ep-00000034: releasing endpoint
01:14:48.361 [Test worker] DEBUG com.github.dockerjava.zerodep.shaded.org.apache.hc.client5.http.impl.io.PoolingHttpClientConnectionManager - ep-00000034: connection http-outgoing-2 can be kept alive for 3 MINUTES
01:14:48.361 [Test worker] DEBUG com.github.dockerjava.zerodep.shaded.org.apache.hc.client5.http.impl.io.PoolingHttpClientConnectionManager - ep-00000034: connection released [route: {}->unix://localhost:2375][total available: 1; route allocated: 1 of 2147483647; total allocated: 1 of 2147483647]
01:14:48.361 [Test worker] DEBUG ]]>&#x1f433;<![CDATA[ [mysql:latest] - Trying to create JDBC connection using com.mysql.cj.jdbc.Driver to jdbc:mysql://localhost:63819/adm_videos?useSSL=false&allowPublicKeyRetrieval=true with properties: {password=123456, user=root}
01:14:48.465 [Test worker] DEBUG org.testcontainers.shaded.com.github.dockerjava.core.command.AbstrDockerCmd - Cmd: cd5ecdf38df06b4092e6cf67100cd20ad9c3cb4b6e9303874a7bd89885b140c9,false
01:14:48.466 [Test worker] DEBUG org.testcontainers.shaded.com.github.dockerjava.core.exec.InspectContainerCmdExec - GET: DefaultWebTarget{path=[/containers/cd5ecdf38df06b4092e6cf67100cd20ad9c3cb4b6e9303874a7bd89885b140c9/json], queryParams={}}
01:14:48.466 [Test worker] DEBUG com.github.dockerjava.zerodep.shaded.org.apache.hc.client5.http.impl.classic.InternalHttpClient - ex-00000036: preparing request execution
01:14:48.466 [Test worker] DEBUG com.github.dockerjava.zerodep.shaded.org.apache.hc.client5.http.protocol.RequestAddCookies - Cookie spec selected: strict
01:14:48.466 [Test worker] DEBUG com.github.dockerjava.zerodep.shaded.org.apache.hc.client5.http.protocol.RequestAuthCache - Auth cache not set in the context
01:14:48.466 [Test worker] DEBUG com.github.dockerjava.zerodep.shaded.org.apache.hc.client5.http.impl.classic.ProtocolExec - ex-00000036: target auth state: UNCHALLENGED
01:14:48.466 [Test worker] DEBUG com.github.dockerjava.zerodep.shaded.org.apache.hc.client5.http.impl.classic.ProtocolExec - ex-00000036: proxy auth state: UNCHALLENGED
01:14:48.467 [Test worker] DEBUG com.github.dockerjava.zerodep.shaded.org.apache.hc.client5.http.impl.classic.ConnectExec - ex-00000036: acquiring connection with route {}->unix://localhost:2375
01:14:48.467 [Test worker] DEBUG com.github.dockerjava.zerodep.shaded.org.apache.hc.client5.http.impl.classic.InternalHttpClient - ex-00000036: acquiring endpoint (3 MINUTES)
01:14:48.467 [Test worker] DEBUG com.github.dockerjava.zerodep.shaded.org.apache.hc.client5.http.impl.io.PoolingHttpClientConnectionManager - ex-00000036: endpoint lease request (3 MINUTES) [route: {}->unix://localhost:2375][total available: 1; route allocated: 1 of 2147483647; total allocated: 1 of 2147483647]
01:14:48.467 [Test worker] DEBUG com.github.dockerjava.zerodep.shaded.org.apache.hc.client5.http.impl.io.PoolingHttpClientConnectionManager - ex-00000036: endpoint leased [route: {}->unix://localhost:2375][total available: 0; route allocated: 1 of 2147483647; total allocated: 1 of 2147483647]
01:14:48.467 [Test worker] DEBUG com.github.dockerjava.zerodep.shaded.org.apache.hc.client5.http.impl.io.PoolingHttpClientConnectionManager - ex-00000036: acquired ep-00000035
01:14:48.467 [Test worker] DEBUG com.github.dockerjava.zerodep.shaded.org.apache.hc.client5.http.impl.classic.InternalHttpClient - ex-00000036: acquired endpoint ep-00000035
01:14:48.467 [Test worker] DEBUG com.github.dockerjava.zerodep.shaded.org.apache.hc.client5.http.impl.classic.MainClientExec - ex-00000036: executing GET /v1.32/containers/cd5ecdf38df06b4092e6cf67100cd20ad9c3cb4b6e9303874a7bd89885b140c9/json HTTP/1.1
01:14:48.467 [Test worker] DEBUG com.github.dockerjava.zerodep.shaded.org.apache.hc.client5.http.impl.classic.InternalHttpClient - ep-00000035: start execution ex-00000036
01:14:48.467 [Test worker] DEBUG com.github.dockerjava.zerodep.shaded.org.apache.hc.client5.http.impl.io.PoolingHttpClientConnectionManager - ep-00000035: executing exchange ex-00000036 over http-outgoing-2
01:14:48.467 [Test worker] DEBUG com.github.dockerjava.zerodep.shaded.org.apache.hc.client5.http.headers - http-outgoing-2 >> GET /v1.32/containers/cd5ecdf38df06b4092e6cf67100cd20ad9c3cb4b6e9303874a7bd89885b140c9/json HTTP/1.1
01:14:48.467 [Test worker] DEBUG com.github.dockerjava.zerodep.shaded.org.apache.hc.client5.http.headers - http-outgoing-2 >> accept: application/json
01:14:48.467 [Test worker] DEBUG com.github.dockerjava.zerodep.shaded.org.apache.hc.client5.http.headers - http-outgoing-2 >> x-tc-sid: 71b9672a-6f61-4546-a7b6-d603100b2e56
01:14:48.467 [Test worker] DEBUG com.github.dockerjava.zerodep.shaded.org.apache.hc.client5.http.headers - http-outgoing-2 >> Accept-Encoding: gzip, x-gzip, deflate
01:14:48.467 [Test worker] DEBUG com.github.dockerjava.zerodep.shaded.org.apache.hc.client5.http.headers - http-outgoing-2 >> Host: localhost:2375
01:14:48.467 [Test worker] DEBUG com.github.dockerjava.zerodep.shaded.org.apache.hc.client5.http.headers - http-outgoing-2 >> Connection: keep-alive
01:14:48.467 [Test worker] DEBUG com.github.dockerjava.zerodep.shaded.org.apache.hc.client5.http.headers - http-outgoing-2 >> User-Agent: Apache-HttpClient/5.0.3 (Java/17.0.2)
01:14:48.467 [Test worker] DEBUG com.github.dockerjava.zerodep.shaded.org.apache.hc.client5.http.wire - http-outgoing-2 >> "GET /v1.32/containers/cd5ecdf38df06b4092e6cf67100cd20ad9c3cb4b6e9303874a7bd89885b140c9/json HTTP/1.1[\r][\n]"
01:14:48.467 [Test worker] DEBUG com.github.dockerjava.zerodep.shaded.org.apache.hc.client5.http.wire - http-outgoing-2 >> "accept: application/json[\r][\n]"
01:14:48.467 [Test worker] DEBUG com.github.dockerjava.zerodep.shaded.org.apache.hc.client5.http.wire - http-outgoing-2 >> "x-tc-sid: 71b9672a-6f61-4546-a7b6-d603100b2e56[\r][\n]"
01:14:48.467 [Test worker] DEBUG com.github.dockerjava.zerodep.shaded.org.apache.hc.client5.http.wire - http-outgoing-2 >> "Accept-Encoding: gzip, x-gzip, deflate[\r][\n]"
01:14:48.467 [Test worker] DEBUG com.github.dockerjava.zerodep.shaded.org.apache.hc.client5.http.wire - http-outgoing-2 >> "Host: localhost:2375[\r][\n]"
01:14:48.467 [Test worker] DEBUG com.github.dockerjava.zerodep.shaded.org.apache.hc.client5.http.wire - http-outgoing-2 >> "Connection: keep-alive[\r][\n]"
01:14:48.467 [Test worker] DEBUG com.github.dockerjava.zerodep.shaded.org.apache.hc.client5.http.wire - http-outgoing-2 >> "User-Agent: Apache-HttpClient/5.0.3 (Java/17.0.2)[\r][\n]"
01:14:48.467 [Test worker] DEBUG com.github.dockerjava.zerodep.shaded.org.apache.hc.client5.http.wire - http-outgoing-2 >> "[\r][\n]"
01:14:48.469 [Test worker] DEBUG com.github.dockerjava.zerodep.shaded.org.apache.hc.client5.http.wire - http-outgoing-2 << "HTTP/1.1 200 OK[\r][\n]"
01:14:48.470 [Test worker] DEBUG com.github.dockerjava.zerodep.shaded.org.apache.hc.client5.http.wire - http-outgoing-2 << "Api-Version: 1.41[\r][\n]"
01:14:48.470 [Test worker] DEBUG com.github.dockerjava.zerodep.shaded.org.apache.hc.client5.http.wire - http-outgoing-2 << "Content-Type: application/json[\r][\n]"
01:14:48.470 [Test worker] DEBUG com.github.dockerjava.zerodep.shaded.org.apache.hc.client5.http.wire - http-outgoing-2 << "Date: Tue, 28 Mar 2023 04:14:48 GMT[\r][\n]"
01:14:48.470 [Test worker] DEBUG com.github.dockerjava.zerodep.shaded.org.apache.hc.client5.http.wire - http-outgoing-2 << "Docker-Experimental: false[\r][\n]"
01:14:48.470 [Test worker] DEBUG com.github.dockerjava.zerodep.shaded.org.apache.hc.client5.http.wire - http-outgoing-2 << "Ostype: linux[\r][\n]"
01:14:48.470 [Test worker] DEBUG com.github.dockerjava.zerodep.shaded.org.apache.hc.client5.http.wire - http-outgoing-2 << "Server: Docker/20.10.21 (linux)[\r][\n]"
01:14:48.470 [Test worker] DEBUG com.github.dockerjava.zerodep.shaded.org.apache.hc.client5.http.wire - http-outgoing-2 << "Transfer-Encoding: chunked[\r][\n]"
01:14:48.470 [Test worker] DEBUG com.github.dockerjava.zerodep.shaded.org.apache.hc.client5.http.wire - http-outgoing-2 << "[\r][\n]"
01:14:48.470 [Test worker] DEBUG com.github.dockerjava.zerodep.shaded.org.apache.hc.client5.http.headers - http-outgoing-2 << HTTP/1.1 200 OK
01:14:48.470 [Test worker] DEBUG com.github.dockerjava.zerodep.shaded.org.apache.hc.client5.http.headers - http-outgoing-2 << Api-Version: 1.41
01:14:48.470 [Test worker] DEBUG com.github.dockerjava.zerodep.shaded.org.apache.hc.client5.http.headers - http-outgoing-2 << Content-Type: application/json
01:14:48.470 [Test worker] DEBUG com.github.dockerjava.zerodep.shaded.org.apache.hc.client5.http.headers - http-outgoing-2 << Date: Tue, 28 Mar 2023 04:14:48 GMT
01:14:48.470 [Test worker] DEBUG com.github.dockerjava.zerodep.shaded.org.apache.hc.client5.http.headers - http-outgoing-2 << Docker-Experimental: false
01:14:48.470 [Test worker] DEBUG com.github.dockerjava.zerodep.shaded.org.apache.hc.client5.http.headers - http-outgoing-2 << Ostype: linux
01:14:48.470 [Test worker] DEBUG com.github.dockerjava.zerodep.shaded.org.apache.hc.client5.http.headers - http-outgoing-2 << Server: Docker/20.10.21 (linux)
01:14:48.470 [Test worker] DEBUG com.github.dockerjava.zerodep.shaded.org.apache.hc.client5.http.headers - http-outgoing-2 << Transfer-Encoding: chunked
01:14:48.470 [Test worker] DEBUG com.github.dockerjava.zerodep.shaded.org.apache.hc.client5.http.impl.classic.MainClientExec - ex-00000036: connection can be kept alive for 3 MINUTES
01:14:48.471 [Test worker] DEBUG com.github.dockerjava.zerodep.shaded.org.apache.hc.client5.http.wire - http-outgoing-2 << "18c1[\r][\n]"
01:14:48.471 [Test worker] DEBUG com.github.dockerjava.zerodep.shaded.org.apache.hc.client5.http.wire - http-outgoing-2 << "{"Id":"cd5ecdf38df06b4092e6cf67100cd20ad9c3cb4b6e9303874a7bd89885b140c9","Created":"2023-03-28T04:14:43.179040379Z","Path":"docker-entrypoint.sh","Args":["mysqld"],"State":{"Status":"running","Running":true,"Paused":false,"Restarting":false,"OOMKilled":false,"Dead":false,"Pid":20152,"ExitCode":0,"Error":"","StartedAt":"2023-03-28T04:14:43.680338005Z","FinishedAt":"0001-01-01T00:00:00Z"},"Image":"sha256:c7c54c29e20dccc1aefb936c8eba8bb8b98b87a4921102aba87fde2df5810af9","ResolvConfPath":"/var/lib/docker/containers/cd5ecdf38df06b4092e6cf67100cd20ad9c3cb4b6e9303874a7bd89885b140c9/resolv.conf","HostnamePath":"/var/lib/docker/containers/cd5ecdf38df06b4092e6cf67100cd20ad9c3cb4b6e9303874a7bd89885b140c9/hostname","HostsPath":"/var/lib/docker/containers/cd5ecdf38df06b4092e6cf67100cd20ad9c3cb4b6e9303874a7bd89885b140c9/hosts","LogPath":"/var/lib/docker/containers/cd5ecdf38df06b4092e6cf67100cd20ad9c3cb4b6e9303874a7bd89885b140c9/cd5ecdf38df06b4092e6cf67100cd20ad9c3cb4b6e9303874a7bd89885b140c9-json.log","Name":"/keen_matsumoto","RestartCount":0,"Driver":"overlay2","Platform":"linux","MountLabel":"","ProcessLabel":"","AppArmorProfile":"","ExecIDs":null,"HostConfig":{"Binds":[],"ContainerIDFile":"","LogConfig":{"Type":"json-file","Config":{}},"NetworkMode":"default","PortBindings":{"3306/tcp":[{"HostIp":"0.0.0.0","HostPort":"0"}]},"RestartPolicy":{"Name":"","MaximumRetryCount":0},"AutoRemove":false,"VolumeDriver":"","VolumesFrom":[],"CapAdd":null,"CapDrop":null,"CgroupnsMode":"private","Dns":null,"DnsOptions":null,"DnsSearch":null,"ExtraHosts":[],"GroupAdd":null,"IpcMode":"shareable","Cgroup":"","Links":null,"OomScoreAdj":0,"PidMode":"","Privileged":false,"PublishAllPorts":false,"ReadonlyRootfs":false,"SecurityOpt":null,"UTSMode":"","UsernsMode":"","ShmSize":67108864,"Runtime":"runc","ConsoleSize":[0,0],"Isolation":"","CpuShares":0,"Memory":0,"NanoCpus":0,"CgroupParent":"","BlkioWeight":0,"BlkioWeightDevice":null,"BlkioDeviceReadBps":null,"BlkioDeviceWriteBps":null,"BlkioDeviceReadIOps":null,"BlkioDeviceWriteIOps":null,"CpuPeriod":0,"CpuQuota":0,"CpuRealtimePeriod":0,"CpuRealtimeRuntime":0,"CpusetCpus":"","CpusetMems":"","Devices":null,"DeviceCgroupRules":null,"DeviceRequests":null,"KernelMemory":0,"KernelMemoryTCP":0,"MemoryReservation":0,"MemorySwap":0,"MemorySwappiness":null,"OomKillDisable":null,"PidsLimit":null,"Ulimits":null,"CpuCount":0,"CpuPercent":0,"IOMaximumIOps":0,"IOMaximumBandwidth":0,"MaskedPaths":["/proc/asound","/proc/acpi","/proc/kcore","/proc/keys","/proc/latency_stats","/proc/timer_list","/proc/timer_stats","/proc/sched_debug","/proc/scsi","/sys/firmware"],"ReadonlyPaths":["/proc/bus","/proc/fs","/proc/irq","/proc/sys","/proc/sysrq-trigger"]},"GraphDriver":{"Data":{"LowerDir":"/var/lib/docker/overlay2/830e690ec83ecff869b59e4f673c0c63b2bc5c068e9f710933e6f61763699fd2-init/diff:/var/lib/docker/overlay2/1bd8849d7a296305617011f940aa5cfabbe972a513397b1b6bbc27639b6c1f30/diff:/var/lib/docker/overlay2/199d69b2fbf78af4d4c95dec4fd2f8835ab0347eb49fb20ebb2ff3b99fedd6ad/diff:/var/lib/docker/overlay2/d83c38d654989311f75b9491329846033bfb7714de76ef635380dcfad5c740d9/diff:/var/lib/docker/overlay2/08600d0aea2ab2728bebcf5d2589c640a842f53d1ba3c4a4adccb4d03b923cf6/diff:/var/lib/docker/overlay2/9ec7c63a3fb14d13ac788bbf5e282ca821edc41260b79944e5e631037d13ecda/diff:/var/lib/docker/overlay2/db601d7a1b4ea6da638db620462f0da96fa55c559d02269c9ddb09027936ed87/diff:/var/lib/docker/overlay2/a6d2bd03f942e2565f21e74cfe152c7ec836a1c2b583f0790c685b92bdcfda24/diff:/var/lib/docker/overlay2/9badd16ea2c5e2bf1fde8b579683e41137dfc46ed5449234149f199a6751cc84/diff:/var/lib/docker/overlay2/6efb85646ed12e2d1181ef4cc6f6f6732c00c15a4035fe17ebc4f075ca573c30/diff:/var/lib/docker/overlay2/895d7c0ec09144d6ed33936f4e98e11c18010f7abd708cae1ce43aec7a7f2621/diff:/var/lib/docker/overlay2/1c4ba77aa573ab6e5e5069fd15eae71b3da940bde0f97a922a227ffc8a1d1096/diff","MergedDir":"/var/lib/docker/overlay2/830e690ec83ecff869b59e4f673c0c63b2bc5c068e9f710933e6f61763699fd2/merged","UpperDir":"/var/lib/docker/overlay2/830e690ec83ecff869b59e4f673c0c63b2bc5c068e9f710933e6f61763699fd2/diff","WorkDir":"/var/lib/docker/overlay2/830e690ec83ecff869b59e4f673c0c63b2bc5c068e9f710933e6f61763699fd2/work"},"Name":"overlay2"},"Mounts":[{"Type":"volume","Name":"25868b8cea8ad6eba7f00a6fe83e8848def5cff8aab5c5943024031400fa063d","Source":"/var/lib/docker/volumes/25868b8cea8ad6eba7f00a6fe83e8848def5cff8aab5c5943024031400fa063d/_data","Destination":"/var/lib/mysql","Driver":"local","Mode":"","RW":true,"Propagation":""}],"Config":{"Hostname":"cd5ecdf38df0","Domainname":"","User":"","AttachStdin":false,"AttachStdout":false,"AttachStderr":false,"ExposedPorts":{"3306/tcp":{},"33060/tcp":{}},"Tty":false,"OpenStdin":false,"StdinOnce":false,"Env":["MYSQL_DATABASE=adm_videos","MYSQL_PASSWORD=123456","MYSQL_ROOT_PASSWORD=123456","PATH=/usr/local/sbin:/usr/local/bin:/usr/sbin:/usr/bin:/sbin:/bin","GOSU_VERSION=1.16","MYSQL_MAJOR=8.0","MYSQL_VERSION=8.0.32-1.el8","MYSQL_SHELL_VERSION=8.0.32-1.el8"],"Cmd":["mysqld"],"Image":"mysql:latest","Volumes":{"/var/lib/mysql":{}},"WorkingDir":"","Entrypoint":["docker-entrypoint.sh"],"OnBuild":null,"Labels":{"org.testcontainers":"true","org.testcontainers.lang":"java","org.testcontainers.sessionId":"71b9672a-6f61-4546-a7b6-d603100b2e56","org.testcontainers.version":"1.17.6"}},"NetworkSettings":{"Bridge":"","SandboxID":"56762d63452c709eadac6b5c5f4b6cdd30da833580c632f91fd658806eaf4ddb","HairpinMode":false,"LinkLocalIPv6Address":"","LinkLocalIPv6PrefixLen":0,"Ports":{"3306/tcp":[{"HostIp":"0.0.0.0","HostPort":"63819"}],"33060/tcp":null},"SandboxKey":"/var/run/docker/netns/56762d63452c","SecondaryIPAddresses":null,"SecondaryIPv6Addresses":null,"EndpointID":"92fc2600684327987bceb8e2716a72ba2420fccd56812c1491af8c03946e105c","Gateway":"172.17.0.1","GlobalIPv6Address":"","GlobalIPv6PrefixLen":0,"IPAddress":"172.17.0.3","IPPrefixLen":16,"IPv6Gateway":"","MacAddress":"02:42:ac:11:00:03","Networks":{"bridge":{"IPAMConfig":null,"Links":null,"Aliases":null,"NetworkID":"308e234c143065751b16b4500cb9f48d5c7fc2116504b3d816a5e51cd4771062","EndpointID":"92fc2600684327987bceb8e2716a72ba2420fccd56812c1491af8c03946e105c","Gateway":"172.17.0.1","IPAddress":"172.17.0.3","IPPrefixLen":16,"IPv6Gateway":"","GlobalIPv6Address":"","GlobalIPv6PrefixLen":0,"MacAddress":"02:42:ac:11:00:03","DriverOpts":null}}}}[\n]"
01:14:48.471 [Test worker] DEBUG com.github.dockerjava.zerodep.shaded.org.apache.hc.client5.http.wire - http-outgoing-2 << "[\r][\n]"
01:14:48.472 [Test worker] DEBUG com.github.dockerjava.zerodep.shaded.org.apache.hc.client5.http.wire - http-outgoing-2 << "0[\r][\n]"
01:14:48.472 [Test worker] DEBUG com.github.dockerjava.zerodep.shaded.org.apache.hc.client5.http.wire - http-outgoing-2 << "[\r][\n]"
01:14:48.472 [Test worker] DEBUG com.github.dockerjava.zerodep.shaded.org.apache.hc.client5.http.impl.classic.InternalHttpClient - ep-00000035: releasing valid endpoint
01:14:48.472 [Test worker] DEBUG com.github.dockerjava.zerodep.shaded.org.apache.hc.client5.http.impl.io.PoolingHttpClientConnectionManager - ep-00000035: releasing endpoint
01:14:48.472 [Test worker] DEBUG com.github.dockerjava.zerodep.shaded.org.apache.hc.client5.http.impl.io.PoolingHttpClientConnectionManager - ep-00000035: connection http-outgoing-2 can be kept alive for 3 MINUTES
01:14:48.472 [Test worker] DEBUG com.github.dockerjava.zerodep.shaded.org.apache.hc.client5.http.impl.io.PoolingHttpClientConnectionManager - ep-00000035: connection released [route: {}->unix://localhost:2375][total available: 1; route allocated: 1 of 2147483647; total allocated: 1 of 2147483647]
01:14:48.472 [Test worker] DEBUG ]]>&#x1f433;<![CDATA[ [mysql:latest] - Trying to create JDBC connection using com.mysql.cj.jdbc.Driver to jdbc:mysql://localhost:63819/adm_videos?useSSL=false&allowPublicKeyRetrieval=true with properties: {password=123456, user=root}
01:14:48.575 [Test worker] DEBUG org.testcontainers.shaded.com.github.dockerjava.core.command.AbstrDockerCmd - Cmd: cd5ecdf38df06b4092e6cf67100cd20ad9c3cb4b6e9303874a7bd89885b140c9,false
01:14:48.576 [Test worker] DEBUG org.testcontainers.shaded.com.github.dockerjava.core.exec.InspectContainerCmdExec - GET: DefaultWebTarget{path=[/containers/cd5ecdf38df06b4092e6cf67100cd20ad9c3cb4b6e9303874a7bd89885b140c9/json], queryParams={}}
01:14:48.577 [Test worker] DEBUG com.github.dockerjava.zerodep.shaded.org.apache.hc.client5.http.impl.classic.InternalHttpClient - ex-00000037: preparing request execution
01:14:48.577 [Test worker] DEBUG com.github.dockerjava.zerodep.shaded.org.apache.hc.client5.http.protocol.RequestAddCookies - Cookie spec selected: strict
01:14:48.577 [Test worker] DEBUG com.github.dockerjava.zerodep.shaded.org.apache.hc.client5.http.protocol.RequestAuthCache - Auth cache not set in the context
01:14:48.577 [Test worker] DEBUG com.github.dockerjava.zerodep.shaded.org.apache.hc.client5.http.impl.classic.ProtocolExec - ex-00000037: target auth state: UNCHALLENGED
01:14:48.577 [Test worker] DEBUG com.github.dockerjava.zerodep.shaded.org.apache.hc.client5.http.impl.classic.ProtocolExec - ex-00000037: proxy auth state: UNCHALLENGED
01:14:48.577 [Test worker] DEBUG com.github.dockerjava.zerodep.shaded.org.apache.hc.client5.http.impl.classic.ConnectExec - ex-00000037: acquiring connection with route {}->unix://localhost:2375
01:14:48.577 [Test worker] DEBUG com.github.dockerjava.zerodep.shaded.org.apache.hc.client5.http.impl.classic.InternalHttpClient - ex-00000037: acquiring endpoint (3 MINUTES)
01:14:48.577 [Test worker] DEBUG com.github.dockerjava.zerodep.shaded.org.apache.hc.client5.http.impl.io.PoolingHttpClientConnectionManager - ex-00000037: endpoint lease request (3 MINUTES) [route: {}->unix://localhost:2375][total available: 1; route allocated: 1 of 2147483647; total allocated: 1 of 2147483647]
01:14:48.577 [Test worker] DEBUG com.github.dockerjava.zerodep.shaded.org.apache.hc.client5.http.impl.io.PoolingHttpClientConnectionManager - ex-00000037: endpoint leased [route: {}->unix://localhost:2375][total available: 0; route allocated: 1 of 2147483647; total allocated: 1 of 2147483647]
01:14:48.577 [Test worker] DEBUG com.github.dockerjava.zerodep.shaded.org.apache.hc.client5.http.impl.io.PoolingHttpClientConnectionManager - ex-00000037: acquired ep-00000036
01:14:48.577 [Test worker] DEBUG com.github.dockerjava.zerodep.shaded.org.apache.hc.client5.http.impl.classic.InternalHttpClient - ex-00000037: acquired endpoint ep-00000036
01:14:48.577 [Test worker] DEBUG com.github.dockerjava.zerodep.shaded.org.apache.hc.client5.http.impl.classic.MainClientExec - ex-00000037: executing GET /v1.32/containers/cd5ecdf38df06b4092e6cf67100cd20ad9c3cb4b6e9303874a7bd89885b140c9/json HTTP/1.1
01:14:48.578 [Test worker] DEBUG com.github.dockerjava.zerodep.shaded.org.apache.hc.client5.http.impl.classic.InternalHttpClient - ep-00000036: start execution ex-00000037
01:14:48.578 [Test worker] DEBUG com.github.dockerjava.zerodep.shaded.org.apache.hc.client5.http.impl.io.PoolingHttpClientConnectionManager - ep-00000036: executing exchange ex-00000037 over http-outgoing-2
01:14:48.578 [Test worker] DEBUG com.github.dockerjava.zerodep.shaded.org.apache.hc.client5.http.headers - http-outgoing-2 >> GET /v1.32/containers/cd5ecdf38df06b4092e6cf67100cd20ad9c3cb4b6e9303874a7bd89885b140c9/json HTTP/1.1
01:14:48.578 [Test worker] DEBUG com.github.dockerjava.zerodep.shaded.org.apache.hc.client5.http.headers - http-outgoing-2 >> accept: application/json
01:14:48.578 [Test worker] DEBUG com.github.dockerjava.zerodep.shaded.org.apache.hc.client5.http.headers - http-outgoing-2 >> x-tc-sid: 71b9672a-6f61-4546-a7b6-d603100b2e56
01:14:48.578 [Test worker] DEBUG com.github.dockerjava.zerodep.shaded.org.apache.hc.client5.http.headers - http-outgoing-2 >> Accept-Encoding: gzip, x-gzip, deflate
01:14:48.578 [Test worker] DEBUG com.github.dockerjava.zerodep.shaded.org.apache.hc.client5.http.headers - http-outgoing-2 >> Host: localhost:2375
01:14:48.578 [Test worker] DEBUG com.github.dockerjava.zerodep.shaded.org.apache.hc.client5.http.headers - http-outgoing-2 >> Connection: keep-alive
01:14:48.578 [Test worker] DEBUG com.github.dockerjava.zerodep.shaded.org.apache.hc.client5.http.headers - http-outgoing-2 >> User-Agent: Apache-HttpClient/5.0.3 (Java/17.0.2)
01:14:48.578 [Test worker] DEBUG com.github.dockerjava.zerodep.shaded.org.apache.hc.client5.http.wire - http-outgoing-2 >> "GET /v1.32/containers/cd5ecdf38df06b4092e6cf67100cd20ad9c3cb4b6e9303874a7bd89885b140c9/json HTTP/1.1[\r][\n]"
01:14:48.578 [Test worker] DEBUG com.github.dockerjava.zerodep.shaded.org.apache.hc.client5.http.wire - http-outgoing-2 >> "accept: application/json[\r][\n]"
01:14:48.578 [Test worker] DEBUG com.github.dockerjava.zerodep.shaded.org.apache.hc.client5.http.wire - http-outgoing-2 >> "x-tc-sid: 71b9672a-6f61-4546-a7b6-d603100b2e56[\r][\n]"
01:14:48.578 [Test worker] DEBUG com.github.dockerjava.zerodep.shaded.org.apache.hc.client5.http.wire - http-outgoing-2 >> "Accept-Encoding: gzip, x-gzip, deflate[\r][\n]"
01:14:48.578 [Test worker] DEBUG com.github.dockerjava.zerodep.shaded.org.apache.hc.client5.http.wire - http-outgoing-2 >> "Host: localhost:2375[\r][\n]"
01:14:48.578 [Test worker] DEBUG com.github.dockerjava.zerodep.shaded.org.apache.hc.client5.http.wire - http-outgoing-2 >> "Connection: keep-alive[\r][\n]"
01:14:48.578 [Test worker] DEBUG com.github.dockerjava.zerodep.shaded.org.apache.hc.client5.http.wire - http-outgoing-2 >> "User-Agent: Apache-HttpClient/5.0.3 (Java/17.0.2)[\r][\n]"
01:14:48.578 [Test worker] DEBUG com.github.dockerjava.zerodep.shaded.org.apache.hc.client5.http.wire - http-outgoing-2 >> "[\r][\n]"
01:14:48.580 [Test worker] DEBUG com.github.dockerjava.zerodep.shaded.org.apache.hc.client5.http.wire - http-outgoing-2 << "HTTP/1.1 200 OK[\r][\n]"
01:14:48.580 [Test worker] DEBUG com.github.dockerjava.zerodep.shaded.org.apache.hc.client5.http.wire - http-outgoing-2 << "Api-Version: 1.41[\r][\n]"
01:14:48.580 [Test worker] DEBUG com.github.dockerjava.zerodep.shaded.org.apache.hc.client5.http.wire - http-outgoing-2 << "Content-Type: application/json[\r][\n]"
01:14:48.580 [Test worker] DEBUG com.github.dockerjava.zerodep.shaded.org.apache.hc.client5.http.wire - http-outgoing-2 << "Date: Tue, 28 Mar 2023 04:14:48 GMT[\r][\n]"
01:14:48.580 [Test worker] DEBUG com.github.dockerjava.zerodep.shaded.org.apache.hc.client5.http.wire - http-outgoing-2 << "Docker-Experimental: false[\r][\n]"
01:14:48.580 [Test worker] DEBUG com.github.dockerjava.zerodep.shaded.org.apache.hc.client5.http.wire - http-outgoing-2 << "Ostype: linux[\r][\n]"
01:14:48.580 [Test worker] DEBUG com.github.dockerjava.zerodep.shaded.org.apache.hc.client5.http.wire - http-outgoing-2 << "Server: Docker/20.10.21 (linux)[\r][\n]"
01:14:48.580 [Test worker] DEBUG com.github.dockerjava.zerodep.shaded.org.apache.hc.client5.http.wire - http-outgoing-2 << "Transfer-Encoding: chunked[\r][\n]"
01:14:48.580 [Test worker] DEBUG com.github.dockerjava.zerodep.shaded.org.apache.hc.client5.http.wire - http-outgoing-2 << "[\r][\n]"
01:14:48.580 [Test worker] DEBUG com.github.dockerjava.zerodep.shaded.org.apache.hc.client5.http.headers - http-outgoing-2 << HTTP/1.1 200 OK
01:14:48.580 [Test worker] DEBUG com.github.dockerjava.zerodep.shaded.org.apache.hc.client5.http.headers - http-outgoing-2 << Api-Version: 1.41
01:14:48.580 [Test worker] DEBUG com.github.dockerjava.zerodep.shaded.org.apache.hc.client5.http.headers - http-outgoing-2 << Content-Type: application/json
01:14:48.580 [Test worker] DEBUG com.github.dockerjava.zerodep.shaded.org.apache.hc.client5.http.headers - http-outgoing-2 << Date: Tue, 28 Mar 2023 04:14:48 GMT
01:14:48.580 [Test worker] DEBUG com.github.dockerjava.zerodep.shaded.org.apache.hc.client5.http.headers - http-outgoing-2 << Docker-Experimental: false
01:14:48.580 [Test worker] DEBUG com.github.dockerjava.zerodep.shaded.org.apache.hc.client5.http.headers - http-outgoing-2 << Ostype: linux
01:14:48.580 [Test worker] DEBUG com.github.dockerjava.zerodep.shaded.org.apache.hc.client5.http.headers - http-outgoing-2 << Server: Docker/20.10.21 (linux)
01:14:48.580 [Test worker] DEBUG com.github.dockerjava.zerodep.shaded.org.apache.hc.client5.http.headers - http-outgoing-2 << Transfer-Encoding: chunked
01:14:48.581 [Test worker] DEBUG com.github.dockerjava.zerodep.shaded.org.apache.hc.client5.http.impl.classic.MainClientExec - ex-00000037: connection can be kept alive for 3 MINUTES
01:14:48.581 [Test worker] DEBUG com.github.dockerjava.zerodep.shaded.org.apache.hc.client5.http.wire - http-outgoing-2 << "18c1[\r][\n]"
01:14:48.582 [Test worker] DEBUG com.github.dockerjava.zerodep.shaded.org.apache.hc.client5.http.wire - http-outgoing-2 << "{"Id":"cd5ecdf38df06b4092e6cf67100cd20ad9c3cb4b6e9303874a7bd89885b140c9","Created":"2023-03-28T04:14:43.179040379Z","Path":"docker-entrypoint.sh","Args":["mysqld"],"State":{"Status":"running","Running":true,"Paused":false,"Restarting":false,"OOMKilled":false,"Dead":false,"Pid":20152,"ExitCode":0,"Error":"","StartedAt":"2023-03-28T04:14:43.680338005Z","FinishedAt":"0001-01-01T00:00:00Z"},"Image":"sha256:c7c54c29e20dccc1aefb936c8eba8bb8b98b87a4921102aba87fde2df5810af9","ResolvConfPath":"/var/lib/docker/containers/cd5ecdf38df06b4092e6cf67100cd20ad9c3cb4b6e9303874a7bd89885b140c9/resolv.conf","HostnamePath":"/var/lib/docker/containers/cd5ecdf38df06b4092e6cf67100cd20ad9c3cb4b6e9303874a7bd89885b140c9/hostname","HostsPath":"/var/lib/docker/containers/cd5ecdf38df06b4092e6cf67100cd20ad9c3cb4b6e9303874a7bd89885b140c9/hosts","LogPath":"/var/lib/docker/containers/cd5ecdf38df06b4092e6cf67100cd20ad9c3cb4b6e9303874a7bd89885b140c9/cd5ecdf38df06b4092e6cf67100cd20ad9c3cb4b6e9303874a7bd89885b140c9-json.log","Name":"/keen_matsumoto","RestartCount":0,"Driver":"overlay2","Platform":"linux","MountLabel":"","ProcessLabel":"","AppArmorProfile":"","ExecIDs":null,"HostConfig":{"Binds":[],"ContainerIDFile":"","LogConfig":{"Type":"json-file","Config":{}},"NetworkMode":"default","PortBindings":{"3306/tcp":[{"HostIp":"0.0.0.0","HostPort":"0"}]},"RestartPolicy":{"Name":"","MaximumRetryCount":0},"AutoRemove":false,"VolumeDriver":"","VolumesFrom":[],"CapAdd":null,"CapDrop":null,"CgroupnsMode":"private","Dns":null,"DnsOptions":null,"DnsSearch":null,"ExtraHosts":[],"GroupAdd":null,"IpcMode":"shareable","Cgroup":"","Links":null,"OomScoreAdj":0,"PidMode":"","Privileged":false,"PublishAllPorts":false,"ReadonlyRootfs":false,"SecurityOpt":null,"UTSMode":"","UsernsMode":"","ShmSize":67108864,"Runtime":"runc","ConsoleSize":[0,0],"Isolation":"","CpuShares":0,"Memory":0,"NanoCpus":0,"CgroupParent":"","BlkioWeight":0,"BlkioWeightDevice":null,"BlkioDeviceReadBps":null,"BlkioDeviceWriteBps":null,"BlkioDeviceReadIOps":null,"BlkioDeviceWriteIOps":null,"CpuPeriod":0,"CpuQuota":0,"CpuRealtimePeriod":0,"CpuRealtimeRuntime":0,"CpusetCpus":"","CpusetMems":"","Devices":null,"DeviceCgroupRules":null,"DeviceRequests":null,"KernelMemory":0,"KernelMemoryTCP":0,"MemoryReservation":0,"MemorySwap":0,"MemorySwappiness":null,"OomKillDisable":null,"PidsLimit":null,"Ulimits":null,"CpuCount":0,"CpuPercent":0,"IOMaximumIOps":0,"IOMaximumBandwidth":0,"MaskedPaths":["/proc/asound","/proc/acpi","/proc/kcore","/proc/keys","/proc/latency_stats","/proc/timer_list","/proc/timer_stats","/proc/sched_debug","/proc/scsi","/sys/firmware"],"ReadonlyPaths":["/proc/bus","/proc/fs","/proc/irq","/proc/sys","/proc/sysrq-trigger"]},"GraphDriver":{"Data":{"LowerDir":"/var/lib/docker/overlay2/830e690ec83ecff869b59e4f673c0c63b2bc5c068e9f710933e6f61763699fd2-init/diff:/var/lib/docker/overlay2/1bd8849d7a296305617011f940aa5cfabbe972a513397b1b6bbc27639b6c1f30/diff:/var/lib/docker/overlay2/199d69b2fbf78af4d4c95dec4fd2f8835ab0347eb49fb20ebb2ff3b99fedd6ad/diff:/var/lib/docker/overlay2/d83c38d654989311f75b9491329846033bfb7714de76ef635380dcfad5c740d9/diff:/var/lib/docker/overlay2/08600d0aea2ab2728bebcf5d2589c640a842f53d1ba3c4a4adccb4d03b923cf6/diff:/var/lib/docker/overlay2/9ec7c63a3fb14d13ac788bbf5e282ca821edc41260b79944e5e631037d13ecda/diff:/var/lib/docker/overlay2/db601d7a1b4ea6da638db620462f0da96fa55c559d02269c9ddb09027936ed87/diff:/var/lib/docker/overlay2/a6d2bd03f942e2565f21e74cfe152c7ec836a1c2b583f0790c685b92bdcfda24/diff:/var/lib/docker/overlay2/9badd16ea2c5e2bf1fde8b579683e41137dfc46ed5449234149f199a6751cc84/diff:/var/lib/docker/overlay2/6efb85646ed12e2d1181ef4cc6f6f6732c00c15a4035fe17ebc4f075ca573c30/diff:/var/lib/docker/overlay2/895d7c0ec09144d6ed33936f4e98e11c18010f7abd708cae1ce43aec7a7f2621/diff:/var/lib/docker/overlay2/1c4ba77aa573ab6e5e5069fd15eae71b3da940bde0f97a922a227ffc8a1d1096/diff","MergedDir":"/var/lib/docker/overlay2/830e690ec83ecff869b59e4f673c0c63b2bc5c068e9f710933e6f61763699fd2/merged","UpperDir":"/var/lib/docker/overlay2/830e690ec83ecff869b59e4f673c0c63b2bc5c068e9f710933e6f61763699fd2/diff","WorkDir":"/var/lib/docker/overlay2/830e690ec83ecff869b59e4f673c0c63b2bc5c068e9f710933e6f61763699fd2/work"},"Name":"overlay2"},"Mounts":[{"Type":"volume","Name":"25868b8cea8ad6eba7f00a6fe83e8848def5cff8aab5c5943024031400fa063d","Source":"/var/lib/docker/volumes/25868b8cea8ad6eba7f00a6fe83e8848def5cff8aab5c5943024031400fa063d/_data","Destination":"/var/lib/mysql","Driver":"local","Mode":"","RW":true,"Propagation":""}],"Config":{"Hostname":"cd5ecdf38df0","Domainname":"","User":"","AttachStdin":false,"AttachStdout":false,"AttachStderr":false,"ExposedPorts":{"3306/tcp":{},"33060/tcp":{}},"Tty":false,"OpenStdin":false,"StdinOnce":false,"Env":["MYSQL_DATABASE=adm_videos","MYSQL_PASSWORD=123456","MYSQL_ROOT_PASSWORD=123456","PATH=/usr/local/sbin:/usr/local/bin:/usr/sbin:/usr/bin:/sbin:/bin","GOSU_VERSION=1.16","MYSQL_MAJOR=8.0","MYSQL_VERSION=8.0.32-1.el8","MYSQL_SHELL_VERSION=8.0.32-1.el8"],"Cmd":["mysqld"],"Image":"mysql:latest","Volumes":{"/var/lib/mysql":{}},"WorkingDir":"","Entrypoint":["docker-entrypoint.sh"],"OnBuild":null,"Labels":{"org.testcontainers":"true","org.testcontainers.lang":"java","org.testcontainers.sessionId":"71b9672a-6f61-4546-a7b6-d603100b2e56","org.testcontainers.version":"1.17.6"}},"NetworkSettings":{"Bridge":"","SandboxID":"56762d63452c709eadac6b5c5f4b6cdd30da833580c632f91fd658806eaf4ddb","HairpinMode":false,"LinkLocalIPv6Address":"","LinkLocalIPv6PrefixLen":0,"Ports":{"3306/tcp":[{"HostIp":"0.0.0.0","HostPort":"63819"}],"33060/tcp":null},"SandboxKey":"/var/run/docker/netns/56762d63452c","SecondaryIPAddresses":null,"SecondaryIPv6Addresses":null,"EndpointID":"92fc2600684327987bceb8e2716a72ba2420fccd56812c1491af8c03946e105c","Gateway":"172.17.0.1","GlobalIPv6Address":"","GlobalIPv6PrefixLen":0,"IPAddress":"172.17.0.3","IPPrefixLen":16,"IPv6Gateway":"","MacAddress":"02:42:ac:11:00:03","Networks":{"bridge":{"IPAMConfig":null,"Links":null,"Aliases":null,"NetworkID":"308e234c143065751b16b4500cb9f48d5c7fc2116504b3d816a5e51cd4771062","EndpointID":"92fc2600684327987bceb8e2716a72ba2420fccd56812c1491af8c03946e105c","Gateway":"172.17.0.1","IPAddress":"172.17.0.3","IPPrefixLen":16,"IPv6Gateway":"","GlobalIPv6Address":"","GlobalIPv6PrefixLen":0,"MacAddress":"02:42:ac:11:00:03","DriverOpts":null}}}}[\n]"
01:14:48.582 [Test worker] DEBUG com.github.dockerjava.zerodep.shaded.org.apache.hc.client5.http.wire - http-outgoing-2 << "[\r][\n]"
01:14:48.582 [Test worker] DEBUG com.github.dockerjava.zerodep.shaded.org.apache.hc.client5.http.wire - http-outgoing-2 << "0[\r][\n]"
01:14:48.582 [Test worker] DEBUG com.github.dockerjava.zerodep.shaded.org.apache.hc.client5.http.wire - http-outgoing-2 << "[\r][\n]"
01:14:48.583 [Test worker] DEBUG com.github.dockerjava.zerodep.shaded.org.apache.hc.client5.http.impl.classic.InternalHttpClient - ep-00000036: releasing valid endpoint
01:14:48.583 [Test worker] DEBUG com.github.dockerjava.zerodep.shaded.org.apache.hc.client5.http.impl.io.PoolingHttpClientConnectionManager - ep-00000036: releasing endpoint
01:14:48.583 [Test worker] DEBUG com.github.dockerjava.zerodep.shaded.org.apache.hc.client5.http.impl.io.PoolingHttpClientConnectionManager - ep-00000036: connection http-outgoing-2 can be kept alive for 3 MINUTES
01:14:48.583 [Test worker] DEBUG com.github.dockerjava.zerodep.shaded.org.apache.hc.client5.http.impl.io.PoolingHttpClientConnectionManager - ep-00000036: connection released [route: {}->unix://localhost:2375][total available: 1; route allocated: 1 of 2147483647; total allocated: 1 of 2147483647]
01:14:48.583 [Test worker] DEBUG ]]>&#x1f433;<![CDATA[ [mysql:latest] - Trying to create JDBC connection using com.mysql.cj.jdbc.Driver to jdbc:mysql://localhost:63819/adm_videos?useSSL=false&allowPublicKeyRetrieval=true with properties: {password=123456, user=root}
01:14:48.686 [Test worker] DEBUG org.testcontainers.shaded.com.github.dockerjava.core.command.AbstrDockerCmd - Cmd: cd5ecdf38df06b4092e6cf67100cd20ad9c3cb4b6e9303874a7bd89885b140c9,false
01:14:48.686 [Test worker] DEBUG org.testcontainers.shaded.com.github.dockerjava.core.exec.InspectContainerCmdExec - GET: DefaultWebTarget{path=[/containers/cd5ecdf38df06b4092e6cf67100cd20ad9c3cb4b6e9303874a7bd89885b140c9/json], queryParams={}}
01:14:48.686 [Test worker] DEBUG com.github.dockerjava.zerodep.shaded.org.apache.hc.client5.http.impl.classic.InternalHttpClient - ex-00000038: preparing request execution
01:14:48.686 [Test worker] DEBUG com.github.dockerjava.zerodep.shaded.org.apache.hc.client5.http.protocol.RequestAddCookies - Cookie spec selected: strict
01:14:48.687 [Test worker] DEBUG com.github.dockerjava.zerodep.shaded.org.apache.hc.client5.http.protocol.RequestAuthCache - Auth cache not set in the context
01:14:48.687 [Test worker] DEBUG com.github.dockerjava.zerodep.shaded.org.apache.hc.client5.http.impl.classic.ProtocolExec - ex-00000038: target auth state: UNCHALLENGED
01:14:48.687 [Test worker] DEBUG com.github.dockerjava.zerodep.shaded.org.apache.hc.client5.http.impl.classic.ProtocolExec - ex-00000038: proxy auth state: UNCHALLENGED
01:14:48.687 [Test worker] DEBUG com.github.dockerjava.zerodep.shaded.org.apache.hc.client5.http.impl.classic.ConnectExec - ex-00000038: acquiring connection with route {}->unix://localhost:2375
01:14:48.687 [Test worker] DEBUG com.github.dockerjava.zerodep.shaded.org.apache.hc.client5.http.impl.classic.InternalHttpClient - ex-00000038: acquiring endpoint (3 MINUTES)
01:14:48.687 [Test worker] DEBUG com.github.dockerjava.zerodep.shaded.org.apache.hc.client5.http.impl.io.PoolingHttpClientConnectionManager - ex-00000038: endpoint lease request (3 MINUTES) [route: {}->unix://localhost:2375][total available: 1; route allocated: 1 of 2147483647; total allocated: 1 of 2147483647]
01:14:48.687 [Test worker] DEBUG com.github.dockerjava.zerodep.shaded.org.apache.hc.client5.http.impl.io.PoolingHttpClientConnectionManager - ex-00000038: endpoint leased [route: {}->unix://localhost:2375][total available: 0; route allocated: 1 of 2147483647; total allocated: 1 of 2147483647]
01:14:48.687 [Test worker] DEBUG com.github.dockerjava.zerodep.shaded.org.apache.hc.client5.http.impl.io.PoolingHttpClientConnectionManager - ex-00000038: acquired ep-00000037
01:14:48.687 [Test worker] DEBUG com.github.dockerjava.zerodep.shaded.org.apache.hc.client5.http.impl.classic.InternalHttpClient - ex-00000038: acquired endpoint ep-00000037
01:14:48.687 [Test worker] DEBUG com.github.dockerjava.zerodep.shaded.org.apache.hc.client5.http.impl.classic.MainClientExec - ex-00000038: executing GET /v1.32/containers/cd5ecdf38df06b4092e6cf67100cd20ad9c3cb4b6e9303874a7bd89885b140c9/json HTTP/1.1
01:14:48.687 [Test worker] DEBUG com.github.dockerjava.zerodep.shaded.org.apache.hc.client5.http.impl.classic.InternalHttpClient - ep-00000037: start execution ex-00000038
01:14:48.687 [Test worker] DEBUG com.github.dockerjava.zerodep.shaded.org.apache.hc.client5.http.impl.io.PoolingHttpClientConnectionManager - ep-00000037: executing exchange ex-00000038 over http-outgoing-2
01:14:48.687 [Test worker] DEBUG com.github.dockerjava.zerodep.shaded.org.apache.hc.client5.http.headers - http-outgoing-2 >> GET /v1.32/containers/cd5ecdf38df06b4092e6cf67100cd20ad9c3cb4b6e9303874a7bd89885b140c9/json HTTP/1.1
01:14:48.687 [Test worker] DEBUG com.github.dockerjava.zerodep.shaded.org.apache.hc.client5.http.headers - http-outgoing-2 >> accept: application/json
01:14:48.687 [Test worker] DEBUG com.github.dockerjava.zerodep.shaded.org.apache.hc.client5.http.headers - http-outgoing-2 >> x-tc-sid: 71b9672a-6f61-4546-a7b6-d603100b2e56
01:14:48.687 [Test worker] DEBUG com.github.dockerjava.zerodep.shaded.org.apache.hc.client5.http.headers - http-outgoing-2 >> Accept-Encoding: gzip, x-gzip, deflate
01:14:48.687 [Test worker] DEBUG com.github.dockerjava.zerodep.shaded.org.apache.hc.client5.http.headers - http-outgoing-2 >> Host: localhost:2375
01:14:48.687 [Test worker] DEBUG com.github.dockerjava.zerodep.shaded.org.apache.hc.client5.http.headers - http-outgoing-2 >> Connection: keep-alive
01:14:48.687 [Test worker] DEBUG com.github.dockerjava.zerodep.shaded.org.apache.hc.client5.http.headers - http-outgoing-2 >> User-Agent: Apache-HttpClient/5.0.3 (Java/17.0.2)
01:14:48.687 [Test worker] DEBUG com.github.dockerjava.zerodep.shaded.org.apache.hc.client5.http.wire - http-outgoing-2 >> "GET /v1.32/containers/cd5ecdf38df06b4092e6cf67100cd20ad9c3cb4b6e9303874a7bd89885b140c9/json HTTP/1.1[\r][\n]"
01:14:48.687 [Test worker] DEBUG com.github.dockerjava.zerodep.shaded.org.apache.hc.client5.http.wire - http-outgoing-2 >> "accept: application/json[\r][\n]"
01:14:48.687 [Test worker] DEBUG com.github.dockerjava.zerodep.shaded.org.apache.hc.client5.http.wire - http-outgoing-2 >> "x-tc-sid: 71b9672a-6f61-4546-a7b6-d603100b2e56[\r][\n]"
01:14:48.687 [Test worker] DEBUG com.github.dockerjava.zerodep.shaded.org.apache.hc.client5.http.wire - http-outgoing-2 >> "Accept-Encoding: gzip, x-gzip, deflate[\r][\n]"
01:14:48.687 [Test worker] DEBUG com.github.dockerjava.zerodep.shaded.org.apache.hc.client5.http.wire - http-outgoing-2 >> "Host: localhost:2375[\r][\n]"
01:14:48.687 [Test worker] DEBUG com.github.dockerjava.zerodep.shaded.org.apache.hc.client5.http.wire - http-outgoing-2 >> "Connection: keep-alive[\r][\n]"
01:14:48.687 [Test worker] DEBUG com.github.dockerjava.zerodep.shaded.org.apache.hc.client5.http.wire - http-outgoing-2 >> "User-Agent: Apache-HttpClient/5.0.3 (Java/17.0.2)[\r][\n]"
01:14:48.687 [Test worker] DEBUG com.github.dockerjava.zerodep.shaded.org.apache.hc.client5.http.wire - http-outgoing-2 >> "[\r][\n]"
01:14:48.690 [Test worker] DEBUG com.github.dockerjava.zerodep.shaded.org.apache.hc.client5.http.wire - http-outgoing-2 << "HTTP/1.1 200 OK[\r][\n]"
01:14:48.690 [Test worker] DEBUG com.github.dockerjava.zerodep.shaded.org.apache.hc.client5.http.wire - http-outgoing-2 << "Api-Version: 1.41[\r][\n]"
01:14:48.690 [Test worker] DEBUG com.github.dockerjava.zerodep.shaded.org.apache.hc.client5.http.wire - http-outgoing-2 << "Content-Type: application/json[\r][\n]"
01:14:48.690 [Test worker] DEBUG com.github.dockerjava.zerodep.shaded.org.apache.hc.client5.http.wire - http-outgoing-2 << "Date: Tue, 28 Mar 2023 04:14:48 GMT[\r][\n]"
01:14:48.690 [Test worker] DEBUG com.github.dockerjava.zerodep.shaded.org.apache.hc.client5.http.wire - http-outgoing-2 << "Docker-Experimental: false[\r][\n]"
01:14:48.690 [Test worker] DEBUG com.github.dockerjava.zerodep.shaded.org.apache.hc.client5.http.wire - http-outgoing-2 << "Ostype: linux[\r][\n]"
01:14:48.690 [Test worker] DEBUG com.github.dockerjava.zerodep.shaded.org.apache.hc.client5.http.wire - http-outgoing-2 << "Server: Docker/20.10.21 (linux)[\r][\n]"
01:14:48.690 [Test worker] DEBUG com.github.dockerjava.zerodep.shaded.org.apache.hc.client5.http.wire - http-outgoing-2 << "Transfer-Encoding: chunked[\r][\n]"
01:14:48.690 [Test worker] DEBUG com.github.dockerjava.zerodep.shaded.org.apache.hc.client5.http.wire - http-outgoing-2 << "[\r][\n]"
01:14:48.690 [Test worker] DEBUG com.github.dockerjava.zerodep.shaded.org.apache.hc.client5.http.headers - http-outgoing-2 << HTTP/1.1 200 OK
01:14:48.690 [Test worker] DEBUG com.github.dockerjava.zerodep.shaded.org.apache.hc.client5.http.headers - http-outgoing-2 << Api-Version: 1.41
01:14:48.690 [Test worker] DEBUG com.github.dockerjava.zerodep.shaded.org.apache.hc.client5.http.headers - http-outgoing-2 << Content-Type: application/json
01:14:48.690 [Test worker] DEBUG com.github.dockerjava.zerodep.shaded.org.apache.hc.client5.http.headers - http-outgoing-2 << Date: Tue, 28 Mar 2023 04:14:48 GMT
01:14:48.690 [Test worker] DEBUG com.github.dockerjava.zerodep.shaded.org.apache.hc.client5.http.headers - http-outgoing-2 << Docker-Experimental: false
01:14:48.690 [Test worker] DEBUG com.github.dockerjava.zerodep.shaded.org.apache.hc.client5.http.headers - http-outgoing-2 << Ostype: linux
01:14:48.690 [Test worker] DEBUG com.github.dockerjava.zerodep.shaded.org.apache.hc.client5.http.headers - http-outgoing-2 << Server: Docker/20.10.21 (linux)
01:14:48.690 [Test worker] DEBUG com.github.dockerjava.zerodep.shaded.org.apache.hc.client5.http.headers - http-outgoing-2 << Transfer-Encoding: chunked
01:14:48.690 [Test worker] DEBUG com.github.dockerjava.zerodep.shaded.org.apache.hc.client5.http.impl.classic.MainClientExec - ex-00000038: connection can be kept alive for 3 MINUTES
01:14:48.692 [Test worker] DEBUG com.github.dockerjava.zerodep.shaded.org.apache.hc.client5.http.wire - http-outgoing-2 << "18c1[\r][\n]"
01:14:48.692 [Test worker] DEBUG com.github.dockerjava.zerodep.shaded.org.apache.hc.client5.http.wire - http-outgoing-2 << "{"Id":"cd5ecdf38df06b4092e6cf67100cd20ad9c3cb4b6e9303874a7bd89885b140c9","Created":"2023-03-28T04:14:43.179040379Z","Path":"docker-entrypoint.sh","Args":["mysqld"],"State":{"Status":"running","Running":true,"Paused":false,"Restarting":false,"OOMKilled":false,"Dead":false,"Pid":20152,"ExitCode":0,"Error":"","StartedAt":"2023-03-28T04:14:43.680338005Z","FinishedAt":"0001-01-01T00:00:00Z"},"Image":"sha256:c7c54c29e20dccc1aefb936c8eba8bb8b98b87a4921102aba87fde2df5810af9","ResolvConfPath":"/var/lib/docker/containers/cd5ecdf38df06b4092e6cf67100cd20ad9c3cb4b6e9303874a7bd89885b140c9/resolv.conf","HostnamePath":"/var/lib/docker/containers/cd5ecdf38df06b4092e6cf67100cd20ad9c3cb4b6e9303874a7bd89885b140c9/hostname","HostsPath":"/var/lib/docker/containers/cd5ecdf38df06b4092e6cf67100cd20ad9c3cb4b6e9303874a7bd89885b140c9/hosts","LogPath":"/var/lib/docker/containers/cd5ecdf38df06b4092e6cf67100cd20ad9c3cb4b6e9303874a7bd89885b140c9/cd5ecdf38df06b4092e6cf67100cd20ad9c3cb4b6e9303874a7bd89885b140c9-json.log","Name":"/keen_matsumoto","RestartCount":0,"Driver":"overlay2","Platform":"linux","MountLabel":"","ProcessLabel":"","AppArmorProfile":"","ExecIDs":null,"HostConfig":{"Binds":[],"ContainerIDFile":"","LogConfig":{"Type":"json-file","Config":{}},"NetworkMode":"default","PortBindings":{"3306/tcp":[{"HostIp":"0.0.0.0","HostPort":"0"}]},"RestartPolicy":{"Name":"","MaximumRetryCount":0},"AutoRemove":false,"VolumeDriver":"","VolumesFrom":[],"CapAdd":null,"CapDrop":null,"CgroupnsMode":"private","Dns":null,"DnsOptions":null,"DnsSearch":null,"ExtraHosts":[],"GroupAdd":null,"IpcMode":"shareable","Cgroup":"","Links":null,"OomScoreAdj":0,"PidMode":"","Privileged":false,"PublishAllPorts":false,"ReadonlyRootfs":false,"SecurityOpt":null,"UTSMode":"","UsernsMode":"","ShmSize":67108864,"Runtime":"runc","ConsoleSize":[0,0],"Isolation":"","CpuShares":0,"Memory":0,"NanoCpus":0,"CgroupParent":"","BlkioWeight":0,"BlkioWeightDevice":null,"BlkioDeviceReadBps":null,"BlkioDeviceWriteBps":null,"BlkioDeviceReadIOps":null,"BlkioDeviceWriteIOps":null,"CpuPeriod":0,"CpuQuota":0,"CpuRealtimePeriod":0,"CpuRealtimeRuntime":0,"CpusetCpus":"","CpusetMems":"","Devices":null,"DeviceCgroupRules":null,"DeviceRequests":null,"KernelMemory":0,"KernelMemoryTCP":0,"MemoryReservation":0,"MemorySwap":0,"MemorySwappiness":null,"OomKillDisable":null,"PidsLimit":null,"Ulimits":null,"CpuCount":0,"CpuPercent":0,"IOMaximumIOps":0,"IOMaximumBandwidth":0,"MaskedPaths":["/proc/asound","/proc/acpi","/proc/kcore","/proc/keys","/proc/latency_stats","/proc/timer_list","/proc/timer_stats","/proc/sched_debug","/proc/scsi","/sys/firmware"],"ReadonlyPaths":["/proc/bus","/proc/fs","/proc/irq","/proc/sys","/proc/sysrq-trigger"]},"GraphDriver":{"Data":{"LowerDir":"/var/lib/docker/overlay2/830e690ec83ecff869b59e4f673c0c63b2bc5c068e9f710933e6f61763699fd2-init/diff:/var/lib/docker/overlay2/1bd8849d7a296305617011f940aa5cfabbe972a513397b1b6bbc27639b6c1f30/diff:/var/lib/docker/overlay2/199d69b2fbf78af4d4c95dec4fd2f8835ab0347eb49fb20ebb2ff3b99fedd6ad/diff:/var/lib/docker/overlay2/d83c38d654989311f75b9491329846033bfb7714de76ef635380dcfad5c740d9/diff:/var/lib/docker/overlay2/08600d0aea2ab2728bebcf5d2589c640a842f53d1ba3c4a4adccb4d03b923cf6/diff:/var/lib/docker/overlay2/9ec7c63a3fb14d13ac788bbf5e282ca821edc41260b79944e5e631037d13ecda/diff:/var/lib/docker/overlay2/db601d7a1b4ea6da638db620462f0da96fa55c559d02269c9ddb09027936ed87/diff:/var/lib/docker/overlay2/a6d2bd03f942e2565f21e74cfe152c7ec836a1c2b583f0790c685b92bdcfda24/diff:/var/lib/docker/overlay2/9badd16ea2c5e2bf1fde8b579683e41137dfc46ed5449234149f199a6751cc84/diff:/var/lib/docker/overlay2/6efb85646ed12e2d1181ef4cc6f6f6732c00c15a4035fe17ebc4f075ca573c30/diff:/var/lib/docker/overlay2/895d7c0ec09144d6ed33936f4e98e11c18010f7abd708cae1ce43aec7a7f2621/diff:/var/lib/docker/overlay2/1c4ba77aa573ab6e5e5069fd15eae71b3da940bde0f97a922a227ffc8a1d1096/diff","MergedDir":"/var/lib/docker/overlay2/830e690ec83ecff869b59e4f673c0c63b2bc5c068e9f710933e6f61763699fd2/merged","UpperDir":"/var/lib/docker/overlay2/830e690ec83ecff869b59e4f673c0c63b2bc5c068e9f710933e6f61763699fd2/dif"
01:14:48.692 [Test worker] DEBUG com.github.dockerjava.zerodep.shaded.org.apache.hc.client5.http.wire - http-outgoing-2 << "f","WorkDir":"/var/lib/docker/overlay2/830e690ec83ecff869b59e4f673c0c63b2bc5c068e9f710933e6f61763699fd2/work"},"Name":"overlay2"},"Mounts":[{"Type":"volume","Name":"25868b8cea8ad6eba7f00a6fe83e8848def5cff8aab5c5943024031400fa063d","Source":"/var/lib/docker/volumes/25868b8cea8ad6eba7f00a6fe83e8848def5cff8aab5c5943024031400fa063d/_data","Destination":"/var/lib/mysql","Driver":"local","Mode":"","RW":true,"Propagation":""}],"Config":{"Hostname":"cd5ecdf38df0","Domainname":"","User":"","AttachStdin":false,"AttachStdout":false,"AttachStderr":false,"ExposedPorts":{"3306/tcp":{},"33060/tcp":{}},"Tty":false,"OpenStdin":false,"StdinOnce":false,"Env":["MYSQL_DATABASE=adm_videos","MYSQL_PASSWORD=123456","MYSQL_ROOT_PASSWORD=123456","PATH=/usr/local/sbin:/usr/local/bin:/usr/sbin:/usr/bin:/sbin:/bin","GOSU_VERSION=1.16","MYSQL_MAJOR=8.0","MYSQL_VERSION=8.0.32-1.el8","MYSQL_SHELL_VERSION=8.0.32-1.el8"],"Cmd":["mysqld"],"Image":"mysql:latest","Volumes":{"/var/lib/mysql":{}},"WorkingDir":"","Entrypoint":["docker-entrypoint.sh"],"OnBuild":null,"Labels":{"org.testcontainers":"true","org.testcontainers.lang":"java","org.testcontainers.sessionId":"71b9672a-6f61-4546-a7b6-d603100b2e56","org.testcontainers.version":"1.17.6"}},"NetworkSettings":{"Bridge":"","SandboxID":"56762d63452c709eadac6b5c5f4b6cdd30da833580c632f91fd658806eaf4ddb","HairpinMode":false,"LinkLocalIPv6Address":"","LinkLocalIPv6PrefixLen":0,"Ports":{"3306/tcp":[{"HostIp":"0.0.0.0","HostPort":"63819"}],"33060/tcp":null},"SandboxKey":"/var/run/docker/netns/56762d63452c","SecondaryIPAddresses":null,"SecondaryIPv6Addresses":null,"EndpointID":"92fc2600684327987bceb8e2716a72ba2420fccd56812c1491af8c03946e105c","Gateway":"172.17.0.1","GlobalIPv6Address":"","GlobalIPv6PrefixLen":0,"IPAddress":"172.17.0.3","IPPrefixLen":16,"IPv6Gateway":"","MacAddress":"02:42:ac:11:00:03","Networks":{"bridge":{"IPAMConfig":null,"Links":null,"Aliases":null,"NetworkID":"308e234c143065751b16b4500cb9f48d5c7fc2116504b3d816a5e51cd4771062","EndpointID":"92fc2600684327987bceb8e2716a72ba2420fccd56812c1491af8c03946e105c","Gateway":"172.17.0.1","IPAddress":"172.17.0.3","IPPrefixLen":16,"IPv6Gateway":"","GlobalIPv6Address":"","GlobalIPv6PrefixLen":0,"MacAddress":"02:42:ac:11:00:03","DriverOpts":null}}}}[\n]"
01:14:48.692 [Test worker] DEBUG com.github.dockerjava.zerodep.shaded.org.apache.hc.client5.http.wire - http-outgoing-2 << "[\r][\n]"
01:14:48.692 [Test worker] DEBUG com.github.dockerjava.zerodep.shaded.org.apache.hc.client5.http.wire - http-outgoing-2 << "0[\r][\n]"
01:14:48.692 [Test worker] DEBUG com.github.dockerjava.zerodep.shaded.org.apache.hc.client5.http.wire - http-outgoing-2 << "[\r][\n]"
01:14:48.692 [Test worker] DEBUG com.github.dockerjava.zerodep.shaded.org.apache.hc.client5.http.impl.classic.InternalHttpClient - ep-00000037: releasing valid endpoint
01:14:48.692 [Test worker] DEBUG com.github.dockerjava.zerodep.shaded.org.apache.hc.client5.http.impl.io.PoolingHttpClientConnectionManager - ep-00000037: releasing endpoint
01:14:48.692 [Test worker] DEBUG com.github.dockerjava.zerodep.shaded.org.apache.hc.client5.http.impl.io.PoolingHttpClientConnectionManager - ep-00000037: connection http-outgoing-2 can be kept alive for 3 MINUTES
01:14:48.692 [Test worker] DEBUG com.github.dockerjava.zerodep.shaded.org.apache.hc.client5.http.impl.io.PoolingHttpClientConnectionManager - ep-00000037: connection released [route: {}->unix://localhost:2375][total available: 1; route allocated: 1 of 2147483647; total allocated: 1 of 2147483647]
01:14:48.692 [Test worker] DEBUG ]]>&#x1f433;<![CDATA[ [mysql:latest] - Trying to create JDBC connection using com.mysql.cj.jdbc.Driver to jdbc:mysql://localhost:63819/adm_videos?useSSL=false&allowPublicKeyRetrieval=true with properties: {password=123456, user=root}
01:14:48.799 [Test worker] DEBUG org.testcontainers.shaded.com.github.dockerjava.core.command.AbstrDockerCmd - Cmd: cd5ecdf38df06b4092e6cf67100cd20ad9c3cb4b6e9303874a7bd89885b140c9,false
01:14:48.800 [Test worker] DEBUG org.testcontainers.shaded.com.github.dockerjava.core.exec.InspectContainerCmdExec - GET: DefaultWebTarget{path=[/containers/cd5ecdf38df06b4092e6cf67100cd20ad9c3cb4b6e9303874a7bd89885b140c9/json], queryParams={}}
01:14:48.800 [Test worker] DEBUG com.github.dockerjava.zerodep.shaded.org.apache.hc.client5.http.impl.classic.InternalHttpClient - ex-00000039: preparing request execution
01:14:48.800 [Test worker] DEBUG com.github.dockerjava.zerodep.shaded.org.apache.hc.client5.http.protocol.RequestAddCookies - Cookie spec selected: strict
01:14:48.800 [Test worker] DEBUG com.github.dockerjava.zerodep.shaded.org.apache.hc.client5.http.protocol.RequestAuthCache - Auth cache not set in the context
01:14:48.800 [Test worker] DEBUG com.github.dockerjava.zerodep.shaded.org.apache.hc.client5.http.impl.classic.ProtocolExec - ex-00000039: target auth state: UNCHALLENGED
01:14:48.800 [Test worker] DEBUG com.github.dockerjava.zerodep.shaded.org.apache.hc.client5.http.impl.classic.ProtocolExec - ex-00000039: proxy auth state: UNCHALLENGED
01:14:48.801 [Test worker] DEBUG com.github.dockerjava.zerodep.shaded.org.apache.hc.client5.http.impl.classic.ConnectExec - ex-00000039: acquiring connection with route {}->unix://localhost:2375
01:14:48.801 [Test worker] DEBUG com.github.dockerjava.zerodep.shaded.org.apache.hc.client5.http.impl.classic.InternalHttpClient - ex-00000039: acquiring endpoint (3 MINUTES)
01:14:48.801 [Test worker] DEBUG com.github.dockerjava.zerodep.shaded.org.apache.hc.client5.http.impl.io.PoolingHttpClientConnectionManager - ex-00000039: endpoint lease request (3 MINUTES) [route: {}->unix://localhost:2375][total available: 1; route allocated: 1 of 2147483647; total allocated: 1 of 2147483647]
01:14:48.801 [Test worker] DEBUG com.github.dockerjava.zerodep.shaded.org.apache.hc.client5.http.impl.io.PoolingHttpClientConnectionManager - ex-00000039: endpoint leased [route: {}->unix://localhost:2375][total available: 0; route allocated: 1 of 2147483647; total allocated: 1 of 2147483647]
01:14:48.801 [Test worker] DEBUG com.github.dockerjava.zerodep.shaded.org.apache.hc.client5.http.impl.io.PoolingHttpClientConnectionManager - ex-00000039: acquired ep-00000038
01:14:48.801 [Test worker] DEBUG com.github.dockerjava.zerodep.shaded.org.apache.hc.client5.http.impl.classic.InternalHttpClient - ex-00000039: acquired endpoint ep-00000038
01:14:48.801 [Test worker] DEBUG com.github.dockerjava.zerodep.shaded.org.apache.hc.client5.http.impl.classic.MainClientExec - ex-00000039: executing GET /v1.32/containers/cd5ecdf38df06b4092e6cf67100cd20ad9c3cb4b6e9303874a7bd89885b140c9/json HTTP/1.1
01:14:48.801 [Test worker] DEBUG com.github.dockerjava.zerodep.shaded.org.apache.hc.client5.http.impl.classic.InternalHttpClient - ep-00000038: start execution ex-00000039
01:14:48.801 [Test worker] DEBUG com.github.dockerjava.zerodep.shaded.org.apache.hc.client5.http.impl.io.PoolingHttpClientConnectionManager - ep-00000038: executing exchange ex-00000039 over http-outgoing-2
01:14:48.801 [Test worker] DEBUG com.github.dockerjava.zerodep.shaded.org.apache.hc.client5.http.headers - http-outgoing-2 >> GET /v1.32/containers/cd5ecdf38df06b4092e6cf67100cd20ad9c3cb4b6e9303874a7bd89885b140c9/json HTTP/1.1
01:14:48.801 [Test worker] DEBUG com.github.dockerjava.zerodep.shaded.org.apache.hc.client5.http.headers - http-outgoing-2 >> accept: application/json
01:14:48.801 [Test worker] DEBUG com.github.dockerjava.zerodep.shaded.org.apache.hc.client5.http.headers - http-outgoing-2 >> x-tc-sid: 71b9672a-6f61-4546-a7b6-d603100b2e56
01:14:48.801 [Test worker] DEBUG com.github.dockerjava.zerodep.shaded.org.apache.hc.client5.http.headers - http-outgoing-2 >> Accept-Encoding: gzip, x-gzip, deflate
01:14:48.801 [Test worker] DEBUG com.github.dockerjava.zerodep.shaded.org.apache.hc.client5.http.headers - http-outgoing-2 >> Host: localhost:2375
01:14:48.801 [Test worker] DEBUG com.github.dockerjava.zerodep.shaded.org.apache.hc.client5.http.headers - http-outgoing-2 >> Connection: keep-alive
01:14:48.801 [Test worker] DEBUG com.github.dockerjava.zerodep.shaded.org.apache.hc.client5.http.headers - http-outgoing-2 >> User-Agent: Apache-HttpClient/5.0.3 (Java/17.0.2)
01:14:48.801 [Test worker] DEBUG com.github.dockerjava.zerodep.shaded.org.apache.hc.client5.http.wire - http-outgoing-2 >> "GET /v1.32/containers/cd5ecdf38df06b4092e6cf67100cd20ad9c3cb4b6e9303874a7bd89885b140c9/json HTTP/1.1[\r][\n]"
01:14:48.801 [Test worker] DEBUG com.github.dockerjava.zerodep.shaded.org.apache.hc.client5.http.wire - http-outgoing-2 >> "accept: application/json[\r][\n]"
01:14:48.801 [Test worker] DEBUG com.github.dockerjava.zerodep.shaded.org.apache.hc.client5.http.wire - http-outgoing-2 >> "x-tc-sid: 71b9672a-6f61-4546-a7b6-d603100b2e56[\r][\n]"
01:14:48.801 [Test worker] DEBUG com.github.dockerjava.zerodep.shaded.org.apache.hc.client5.http.wire - http-outgoing-2 >> "Accept-Encoding: gzip, x-gzip, deflate[\r][\n]"
01:14:48.802 [Test worker] DEBUG com.github.dockerjava.zerodep.shaded.org.apache.hc.client5.http.wire - http-outgoing-2 >> "Host: localhost:2375[\r][\n]"
01:14:48.802 [Test worker] DEBUG com.github.dockerjava.zerodep.shaded.org.apache.hc.client5.http.wire - http-outgoing-2 >> "Connection: keep-alive[\r][\n]"
01:14:48.802 [Test worker] DEBUG com.github.dockerjava.zerodep.shaded.org.apache.hc.client5.http.wire - http-outgoing-2 >> "User-Agent: Apache-HttpClient/5.0.3 (Java/17.0.2)[\r][\n]"
01:14:48.802 [Test worker] DEBUG com.github.dockerjava.zerodep.shaded.org.apache.hc.client5.http.wire - http-outgoing-2 >> "[\r][\n]"
01:14:48.804 [Test worker] DEBUG com.github.dockerjava.zerodep.shaded.org.apache.hc.client5.http.wire - http-outgoing-2 << "HTTP/1.1 200 OK[\r][\n]"
01:14:48.804 [Test worker] DEBUG com.github.dockerjava.zerodep.shaded.org.apache.hc.client5.http.wire - http-outgoing-2 << "Api-Version: 1.41[\r][\n]"
01:14:48.804 [Test worker] DEBUG com.github.dockerjava.zerodep.shaded.org.apache.hc.client5.http.wire - http-outgoing-2 << "Content-Type: application/json[\r][\n]"
01:14:48.804 [Test worker] DEBUG com.github.dockerjava.zerodep.shaded.org.apache.hc.client5.http.wire - http-outgoing-2 << "Date: Tue, 28 Mar 2023 04:14:48 GMT[\r][\n]"
01:14:48.804 [Test worker] DEBUG com.github.dockerjava.zerodep.shaded.org.apache.hc.client5.http.wire - http-outgoing-2 << "Docker-Experimental: false[\r][\n]"
01:14:48.804 [Test worker] DEBUG com.github.dockerjava.zerodep.shaded.org.apache.hc.client5.http.wire - http-outgoing-2 << "Ostype: linux[\r][\n]"
01:14:48.804 [Test worker] DEBUG com.github.dockerjava.zerodep.shaded.org.apache.hc.client5.http.wire - http-outgoing-2 << "Server: Docker/20.10.21 (linux)[\r][\n]"
01:14:48.804 [Test worker] DEBUG com.github.dockerjava.zerodep.shaded.org.apache.hc.client5.http.wire - http-outgoing-2 << "Transfer-Encoding: chunked[\r][\n]"
01:14:48.804 [Test worker] DEBUG com.github.dockerjava.zerodep.shaded.org.apache.hc.client5.http.wire - http-outgoing-2 << "[\r][\n]"
01:14:48.804 [Test worker] DEBUG com.github.dockerjava.zerodep.shaded.org.apache.hc.client5.http.headers - http-outgoing-2 << HTTP/1.1 200 OK
01:14:48.804 [Test worker] DEBUG com.github.dockerjava.zerodep.shaded.org.apache.hc.client5.http.headers - http-outgoing-2 << Api-Version: 1.41
01:14:48.804 [Test worker] DEBUG com.github.dockerjava.zerodep.shaded.org.apache.hc.client5.http.headers - http-outgoing-2 << Content-Type: application/json
01:14:48.804 [Test worker] DEBUG com.github.dockerjava.zerodep.shaded.org.apache.hc.client5.http.headers - http-outgoing-2 << Date: Tue, 28 Mar 2023 04:14:48 GMT
01:14:48.804 [Test worker] DEBUG com.github.dockerjava.zerodep.shaded.org.apache.hc.client5.http.headers - http-outgoing-2 << Docker-Experimental: false
01:14:48.804 [Test worker] DEBUG com.github.dockerjava.zerodep.shaded.org.apache.hc.client5.http.headers - http-outgoing-2 << Ostype: linux
01:14:48.804 [Test worker] DEBUG com.github.dockerjava.zerodep.shaded.org.apache.hc.client5.http.headers - http-outgoing-2 << Server: Docker/20.10.21 (linux)
01:14:48.804 [Test worker] DEBUG com.github.dockerjava.zerodep.shaded.org.apache.hc.client5.http.headers - http-outgoing-2 << Transfer-Encoding: chunked
01:14:48.804 [Test worker] DEBUG com.github.dockerjava.zerodep.shaded.org.apache.hc.client5.http.impl.classic.MainClientExec - ex-00000039: connection can be kept alive for 3 MINUTES
01:14:48.805 [Test worker] DEBUG com.github.dockerjava.zerodep.shaded.org.apache.hc.client5.http.wire - http-outgoing-2 << "18c1[\r][\n]"
01:14:48.805 [Test worker] DEBUG com.github.dockerjava.zerodep.shaded.org.apache.hc.client5.http.wire - http-outgoing-2 << "{"Id":"cd5ecdf38df06b4092e6cf67100cd20ad9c3cb4b6e9303874a7bd89885b140c9","Created":"2023-03-28T04:14:43.179040379Z","Path":"docker-entrypoint.sh","Args":["mysqld"],"State":{"Status":"running","Running":true,"Paused":false,"Restarting":false,"OOMKilled":false,"Dead":false,"Pid":20152,"ExitCode":0,"Error":"","StartedAt":"2023-03-28T04:14:43.680338005Z","FinishedAt":"0001-01-01T00:00:00Z"},"Image":"sha256:c7c54c29e20dccc1aefb936c8eba8bb8b98b87a4921102aba87fde2df5810af9","ResolvConfPath":"/var/lib/docker/containers/cd5ecdf38df06b4092e6cf67100cd20ad9c3cb4b6e9303874a7bd89885b140c9/resolv.conf","HostnamePath":"/var/lib/docker/containers/cd5ecdf38df06b4092e6cf67100cd20ad9c3cb4b6e9303874a7bd89885b140c9/hostname","HostsPath":"/var/lib/docker/containers/cd5ecdf38df06b4092e6cf67100cd20ad9c3cb4b6e9303874a7bd89885b140c9/hosts","LogPath":"/var/lib/docker/containers/cd5ecdf38df06b4092e6cf67100cd20ad9c3cb4b6e9303874a7bd89885b140c9/cd5ecdf38df06b4092e6cf67100cd20ad9c3cb4b6e9303874a7bd89885b140c9-json.log","Name":"/keen_matsumoto","RestartCount":0,"Driver":"overlay2","Platform":"linux","MountLabel":"","ProcessLabel":"","AppArmorProfile":"","ExecIDs":null,"HostConfig":{"Binds":[],"ContainerIDFile":"","LogConfig":{"Type":"json-file","Config":{}},"NetworkMode":"default","PortBindings":{"3306/tcp":[{"HostIp":"0.0.0.0","HostPort":"0"}]},"RestartPolicy":{"Name":"","MaximumRetryCount":0},"AutoRemove":false,"VolumeDriver":"","VolumesFrom":[],"CapAdd":null,"CapDrop":null,"CgroupnsMode":"private","Dns":null,"DnsOptions":null,"DnsSearch":null,"ExtraHosts":[],"GroupAdd":null,"IpcMode":"shareable","Cgroup":"","Links":null,"OomScoreAdj":0,"PidMode":"","Privileged":false,"PublishAllPorts":false,"ReadonlyRootfs":false,"SecurityOpt":null,"UTSMode":"","UsernsMode":"","ShmSize":67108864,"Runtime":"runc","ConsoleSize":[0,0],"Isolation":"","CpuShares":0,"Memory":0,"NanoCpus":0,"CgroupParent":"","BlkioWeight":0,"BlkioWeightDevice":null,"BlkioDeviceReadBps":null,"BlkioDeviceWriteBps":null,"BlkioDeviceReadIOps":null,"BlkioDeviceWriteIOps":null,"CpuPeriod":0,"CpuQuota":0,"CpuRealtimePeriod":0,"CpuRealtimeRuntime":0,"CpusetCpus":"","CpusetMems":"","Devices":null,"DeviceCgroupRules":null,"DeviceRequests":null,"KernelMemory":0,"KernelMemoryTCP":0,"MemoryReservation":0,"MemorySwap":0,"MemorySwappiness":null,"OomKillDisable":null,"PidsLimit":null,"Ulimits":null,"CpuCount":0,"CpuPercent":0,"IOMaximumIOps":0,"IOMaximumBandwidth":0,"MaskedPaths":["/proc/asound","/proc/acpi","/proc/kcore","/proc/keys","/proc/latency_stats","/proc/timer_list","/proc/timer_stats","/proc/sched_debug","/proc/scsi","/sys/firmware"],"ReadonlyPaths":["/proc/bus","/proc/fs","/proc/irq","/proc/sys","/proc/sysrq-trigger"]},"GraphDriver":{"Data":{"LowerDir":"/var/lib/docker/overlay2/830e690ec83ecff869b59e4f673c0c63b2bc5c068e9f710933e6f61763699fd2-init/diff:/var/lib/docker/overlay2/1bd8849d7a296305617011f940aa5cfabbe972a513397b1b6bbc27639b6c1f30/diff:/var/lib/docker/overlay2/199d69b2fbf78af4d4c95dec4fd2f8835ab0347eb49fb20ebb2ff3b99fedd6ad/diff:/var/lib/docker/overlay2/d83c38d654989311f75b9491329846033bfb7714de76ef635380dcfad5c740d9/diff:/var/lib/docker/overlay2/08600d0aea2ab2728bebcf5d2589c640a842f53d1ba3c4a4adccb4d03b923cf6/diff:/var/lib/docker/overlay2/9ec7c63a3fb14d13ac788bbf5e282ca821edc41260b79944e5e631037d13ecda/diff:/var/lib/docker/overlay2/db601d7a1b4ea6da638db620462f0da96fa55c559d02269c9ddb09027936ed87/diff:/var/lib/docker/overlay2/a6d2bd03f942e2565f21e74cfe152c7ec836a1c2b583f0790c685b92bdcfda24/diff:/var/lib/docker/overlay2/9badd16ea2c5e2bf1fde8b579683e41137dfc46ed5449234149f199a6751cc84/diff:/var/lib/docker/overlay2/6efb85646ed12e2d1181ef4cc6f6f6732c00c15a4035fe17ebc4f075ca573c30/diff:/var/lib/docker/overlay2/895d7c0ec09144d6ed33936f4e98e11c18010f7abd708cae1ce43aec7a7f2621/diff:/var/lib/docker/overlay2/1c4ba77aa573ab6e5e5069fd15eae71b3da940bde0f97a922a227ffc8a1d1096/diff","MergedDir":"/var/lib/docker/overlay2/830e690ec83ecff869b59e4f673c0c63b2bc5c068e9f710933e6f61763699fd2/merged","UpperDir":"/var/lib/docker/overlay2/830e690ec83ecff869b59e4f673c0c63b2bc5c068e9f710933e6f61763699fd2/diff","WorkDir":"/var/lib/docker/overlay2/830e690ec83ecff869b59e4f673c0c63b2bc5c068e9f710933e6f61763699fd2/work"},"Name":"overlay2"},"Mounts":[{"Type":"volume","Name":"25868b8cea8ad6eba7f00a6fe83e8848def5cff8aab5c5943024031400fa063d","Source":"/var/lib/docker/volumes/25868b8cea8ad6eba7f00a6fe83e8848def5cff8aab5c5943024031400fa063d/_data","Destination":"/var/lib/mysql","Driver":"local","Mode":"","RW":true,"Propagation":""}],"Config":{"Hostname":"cd5ecdf38df0","Domainname":"","User":"","AttachStdin":false,"AttachStdout":false,"AttachStderr":false,"ExposedPorts":{"3306/tcp":{},"33060/tcp":{}},"Tty":false,"OpenStdin":false,"StdinOnce":false,"Env":["MYSQL_DATABASE=adm_videos","MYSQL_PASSWORD=123456","MYSQL_ROOT_PASSWORD=123456","PATH=/usr/local/sbin:/usr/local/bin:/usr/sbin:/usr/bin:/sbin:/bin","GOSU_VERSION=1.16","MYSQL_MAJOR=8.0","MYSQL_VERSION=8.0.32-1.el8","MYSQL_SHELL_VERSION=8.0.32-1.el8"],"Cmd":["mysqld"],"Image":"mysql:latest","Volumes":{"/var/lib/mysql":{}},"WorkingDir":"","Entrypoint":["docker-entrypoint.sh"],"OnBuild":null,"Labels":{"org.testcontainers":"true","org.testcontainers.lang":"java","org.testcontainers.sessionId":"71b9672a-6f61-4546-a7b6-d603100b2e56","org.testcontainers.version":"1.17.6"}},"NetworkSettings":{"Bridge":"","SandboxID":"56762d63452c709eadac6b5c5f4b6cdd30da833580c632f91fd658806eaf4ddb","HairpinMode":false,"LinkLocalIPv6Address":"","LinkLocalIPv6PrefixLen":0,"Ports":{"3306/tcp":[{"HostIp":"0.0.0.0","HostPort":"63819"}],"33060/tcp":null},"SandboxKey":"/var/run/docker/netns/56762d63452c","SecondaryIPAddresses":null,"SecondaryIPv6Addresses":null,"EndpointID":"92fc2600684327987bceb8e2716a72ba2420fccd56812c1491af8c03946e105c","Gateway":"172.17.0.1","GlobalIPv6Address":"","GlobalIPv6PrefixLen":0,"IPAddress":"172.17.0.3","IPPrefixLen":16,"IPv6Gateway":"","MacAddress":"02:42:ac:11:00:03","Networks":{"bridge":{"IPAMConfig":null,"Links":null,"Aliases":null,"NetworkID":"308e234c143065751b16b4500cb9f48d5c7fc2116504b3d816a5e51cd4771062","EndpointID":"92fc2600684327987bceb8e2716a72ba2420fccd56812c1491af8c03946e105c","Gateway":"172.17.0.1","IPAddress":"172.17.0.3","IPPrefixLen":16,"IPv6Gateway":"","GlobalIPv6Address":"","GlobalIPv6PrefixLen":0,"MacAddress":"02:42:ac:11:00:03","DriverOpts":null}}}}[\n]"
01:14:48.805 [Test worker] DEBUG com.github.dockerjava.zerodep.shaded.org.apache.hc.client5.http.wire - http-outgoing-2 << "[\r][\n]"
01:14:48.806 [Test worker] DEBUG com.github.dockerjava.zerodep.shaded.org.apache.hc.client5.http.wire - http-outgoing-2 << "0[\r][\n]"
01:14:48.806 [Test worker] DEBUG com.github.dockerjava.zerodep.shaded.org.apache.hc.client5.http.wire - http-outgoing-2 << "[\r][\n]"
01:14:48.806 [Test worker] DEBUG com.github.dockerjava.zerodep.shaded.org.apache.hc.client5.http.impl.classic.InternalHttpClient - ep-00000038: releasing valid endpoint
01:14:48.806 [Test worker] DEBUG com.github.dockerjava.zerodep.shaded.org.apache.hc.client5.http.impl.io.PoolingHttpClientConnectionManager - ep-00000038: releasing endpoint
01:14:48.806 [Test worker] DEBUG com.github.dockerjava.zerodep.shaded.org.apache.hc.client5.http.impl.io.PoolingHttpClientConnectionManager - ep-00000038: connection http-outgoing-2 can be kept alive for 3 MINUTES
01:14:48.806 [Test worker] DEBUG com.github.dockerjava.zerodep.shaded.org.apache.hc.client5.http.impl.io.PoolingHttpClientConnectionManager - ep-00000038: connection released [route: {}->unix://localhost:2375][total available: 1; route allocated: 1 of 2147483647; total allocated: 1 of 2147483647]
01:14:48.806 [Test worker] DEBUG ]]>&#x1f433;<![CDATA[ [mysql:latest] - Trying to create JDBC connection using com.mysql.cj.jdbc.Driver to jdbc:mysql://localhost:63819/adm_videos?useSSL=false&allowPublicKeyRetrieval=true with properties: {password=123456, user=root}
01:14:48.909 [Test worker] DEBUG org.testcontainers.shaded.com.github.dockerjava.core.command.AbstrDockerCmd - Cmd: cd5ecdf38df06b4092e6cf67100cd20ad9c3cb4b6e9303874a7bd89885b140c9,false
01:14:48.910 [Test worker] DEBUG org.testcontainers.shaded.com.github.dockerjava.core.exec.InspectContainerCmdExec - GET: DefaultWebTarget{path=[/containers/cd5ecdf38df06b4092e6cf67100cd20ad9c3cb4b6e9303874a7bd89885b140c9/json], queryParams={}}
01:14:48.910 [Test worker] DEBUG com.github.dockerjava.zerodep.shaded.org.apache.hc.client5.http.impl.classic.InternalHttpClient - ex-0000003A: preparing request execution
01:14:48.910 [Test worker] DEBUG com.github.dockerjava.zerodep.shaded.org.apache.hc.client5.http.protocol.RequestAddCookies - Cookie spec selected: strict
01:14:48.910 [Test worker] DEBUG com.github.dockerjava.zerodep.shaded.org.apache.hc.client5.http.protocol.RequestAuthCache - Auth cache not set in the context
01:14:48.910 [Test worker] DEBUG com.github.dockerjava.zerodep.shaded.org.apache.hc.client5.http.impl.classic.ProtocolExec - ex-0000003A: target auth state: UNCHALLENGED
01:14:48.910 [Test worker] DEBUG com.github.dockerjava.zerodep.shaded.org.apache.hc.client5.http.impl.classic.ProtocolExec - ex-0000003A: proxy auth state: UNCHALLENGED
01:14:48.910 [Test worker] DEBUG com.github.dockerjava.zerodep.shaded.org.apache.hc.client5.http.impl.classic.ConnectExec - ex-0000003A: acquiring connection with route {}->unix://localhost:2375
01:14:48.910 [Test worker] DEBUG com.github.dockerjava.zerodep.shaded.org.apache.hc.client5.http.impl.classic.InternalHttpClient - ex-0000003A: acquiring endpoint (3 MINUTES)
01:14:48.911 [Test worker] DEBUG com.github.dockerjava.zerodep.shaded.org.apache.hc.client5.http.impl.io.PoolingHttpClientConnectionManager - ex-0000003A: endpoint lease request (3 MINUTES) [route: {}->unix://localhost:2375][total available: 1; route allocated: 1 of 2147483647; total allocated: 1 of 2147483647]
01:14:48.911 [Test worker] DEBUG com.github.dockerjava.zerodep.shaded.org.apache.hc.client5.http.impl.io.PoolingHttpClientConnectionManager - ex-0000003A: endpoint leased [route: {}->unix://localhost:2375][total available: 0; route allocated: 1 of 2147483647; total allocated: 1 of 2147483647]
01:14:48.911 [Test worker] DEBUG com.github.dockerjava.zerodep.shaded.org.apache.hc.client5.http.impl.io.PoolingHttpClientConnectionManager - ex-0000003A: acquired ep-00000039
01:14:48.911 [Test worker] DEBUG com.github.dockerjava.zerodep.shaded.org.apache.hc.client5.http.impl.classic.InternalHttpClient - ex-0000003A: acquired endpoint ep-00000039
01:14:48.911 [Test worker] DEBUG com.github.dockerjava.zerodep.shaded.org.apache.hc.client5.http.impl.classic.MainClientExec - ex-0000003A: executing GET /v1.32/containers/cd5ecdf38df06b4092e6cf67100cd20ad9c3cb4b6e9303874a7bd89885b140c9/json HTTP/1.1
01:14:48.911 [Test worker] DEBUG com.github.dockerjava.zerodep.shaded.org.apache.hc.client5.http.impl.classic.InternalHttpClient - ep-00000039: start execution ex-0000003A
01:14:48.911 [Test worker] DEBUG com.github.dockerjava.zerodep.shaded.org.apache.hc.client5.http.impl.io.PoolingHttpClientConnectionManager - ep-00000039: executing exchange ex-0000003A over http-outgoing-2
01:14:48.911 [Test worker] DEBUG com.github.dockerjava.zerodep.shaded.org.apache.hc.client5.http.headers - http-outgoing-2 >> GET /v1.32/containers/cd5ecdf38df06b4092e6cf67100cd20ad9c3cb4b6e9303874a7bd89885b140c9/json HTTP/1.1
01:14:48.911 [Test worker] DEBUG com.github.dockerjava.zerodep.shaded.org.apache.hc.client5.http.headers - http-outgoing-2 >> accept: application/json
01:14:48.911 [Test worker] DEBUG com.github.dockerjava.zerodep.shaded.org.apache.hc.client5.http.headers - http-outgoing-2 >> x-tc-sid: 71b9672a-6f61-4546-a7b6-d603100b2e56
01:14:48.911 [Test worker] DEBUG com.github.dockerjava.zerodep.shaded.org.apache.hc.client5.http.headers - http-outgoing-2 >> Accept-Encoding: gzip, x-gzip, deflate
01:14:48.911 [Test worker] DEBUG com.github.dockerjava.zerodep.shaded.org.apache.hc.client5.http.headers - http-outgoing-2 >> Host: localhost:2375
01:14:48.911 [Test worker] DEBUG com.github.dockerjava.zerodep.shaded.org.apache.hc.client5.http.headers - http-outgoing-2 >> Connection: keep-alive
01:14:48.911 [Test worker] DEBUG com.github.dockerjava.zerodep.shaded.org.apache.hc.client5.http.headers - http-outgoing-2 >> User-Agent: Apache-HttpClient/5.0.3 (Java/17.0.2)
01:14:48.911 [Test worker] DEBUG com.github.dockerjava.zerodep.shaded.org.apache.hc.client5.http.wire - http-outgoing-2 >> "GET /v1.32/containers/cd5ecdf38df06b4092e6cf67100cd20ad9c3cb4b6e9303874a7bd89885b140c9/json HTTP/1.1[\r][\n]"
01:14:48.911 [Test worker] DEBUG com.github.dockerjava.zerodep.shaded.org.apache.hc.client5.http.wire - http-outgoing-2 >> "accept: application/json[\r][\n]"
01:14:48.911 [Test worker] DEBUG com.github.dockerjava.zerodep.shaded.org.apache.hc.client5.http.wire - http-outgoing-2 >> "x-tc-sid: 71b9672a-6f61-4546-a7b6-d603100b2e56[\r][\n]"
01:14:48.911 [Test worker] DEBUG com.github.dockerjava.zerodep.shaded.org.apache.hc.client5.http.wire - http-outgoing-2 >> "Accept-Encoding: gzip, x-gzip, deflate[\r][\n]"
01:14:48.911 [Test worker] DEBUG com.github.dockerjava.zerodep.shaded.org.apache.hc.client5.http.wire - http-outgoing-2 >> "Host: localhost:2375[\r][\n]"
01:14:48.911 [Test worker] DEBUG com.github.dockerjava.zerodep.shaded.org.apache.hc.client5.http.wire - http-outgoing-2 >> "Connection: keep-alive[\r][\n]"
01:14:48.911 [Test worker] DEBUG com.github.dockerjava.zerodep.shaded.org.apache.hc.client5.http.wire - http-outgoing-2 >> "User-Agent: Apache-HttpClient/5.0.3 (Java/17.0.2)[\r][\n]"
01:14:48.911 [Test worker] DEBUG com.github.dockerjava.zerodep.shaded.org.apache.hc.client5.http.wire - http-outgoing-2 >> "[\r][\n]"
01:14:48.913 [Test worker] DEBUG com.github.dockerjava.zerodep.shaded.org.apache.hc.client5.http.wire - http-outgoing-2 << "HTTP/1.1 200 OK[\r][\n]"
01:14:48.913 [Test worker] DEBUG com.github.dockerjava.zerodep.shaded.org.apache.hc.client5.http.wire - http-outgoing-2 << "Api-Version: 1.41[\r][\n]"
01:14:48.913 [Test worker] DEBUG com.github.dockerjava.zerodep.shaded.org.apache.hc.client5.http.wire - http-outgoing-2 << "Content-Type: application/json[\r][\n]"
01:14:48.913 [Test worker] DEBUG com.github.dockerjava.zerodep.shaded.org.apache.hc.client5.http.wire - http-outgoing-2 << "Date: Tue, 28 Mar 2023 04:14:48 GMT[\r][\n]"
01:14:48.913 [Test worker] DEBUG com.github.dockerjava.zerodep.shaded.org.apache.hc.client5.http.wire - http-outgoing-2 << "Docker-Experimental: false[\r][\n]"
01:14:48.913 [Test worker] DEBUG com.github.dockerjava.zerodep.shaded.org.apache.hc.client5.http.wire - http-outgoing-2 << "Ostype: linux[\r][\n]"
01:14:48.913 [Test worker] DEBUG com.github.dockerjava.zerodep.shaded.org.apache.hc.client5.http.wire - http-outgoing-2 << "Server: Docker/20.10.21 (linux)[\r][\n]"
01:14:48.913 [Test worker] DEBUG com.github.dockerjava.zerodep.shaded.org.apache.hc.client5.http.wire - http-outgoing-2 << "Transfer-Encoding: chunked[\r][\n]"
01:14:48.913 [Test worker] DEBUG com.github.dockerjava.zerodep.shaded.org.apache.hc.client5.http.wire - http-outgoing-2 << "[\r][\n]"
01:14:48.913 [Test worker] DEBUG com.github.dockerjava.zerodep.shaded.org.apache.hc.client5.http.headers - http-outgoing-2 << HTTP/1.1 200 OK
01:14:48.913 [Test worker] DEBUG com.github.dockerjava.zerodep.shaded.org.apache.hc.client5.http.headers - http-outgoing-2 << Api-Version: 1.41
01:14:48.913 [Test worker] DEBUG com.github.dockerjava.zerodep.shaded.org.apache.hc.client5.http.headers - http-outgoing-2 << Content-Type: application/json
01:14:48.913 [Test worker] DEBUG com.github.dockerjava.zerodep.shaded.org.apache.hc.client5.http.headers - http-outgoing-2 << Date: Tue, 28 Mar 2023 04:14:48 GMT
01:14:48.913 [Test worker] DEBUG com.github.dockerjava.zerodep.shaded.org.apache.hc.client5.http.headers - http-outgoing-2 << Docker-Experimental: false
01:14:48.913 [Test worker] DEBUG com.github.dockerjava.zerodep.shaded.org.apache.hc.client5.http.headers - http-outgoing-2 << Ostype: linux
01:14:48.913 [Test worker] DEBUG com.github.dockerjava.zerodep.shaded.org.apache.hc.client5.http.headers - http-outgoing-2 << Server: Docker/20.10.21 (linux)
01:14:48.913 [Test worker] DEBUG com.github.dockerjava.zerodep.shaded.org.apache.hc.client5.http.headers - http-outgoing-2 << Transfer-Encoding: chunked
01:14:48.914 [Test worker] DEBUG com.github.dockerjava.zerodep.shaded.org.apache.hc.client5.http.impl.classic.MainClientExec - ex-0000003A: connection can be kept alive for 3 MINUTES
01:14:48.914 [Test worker] DEBUG com.github.dockerjava.zerodep.shaded.org.apache.hc.client5.http.wire - http-outgoing-2 << "18c1[\r][\n]"
01:14:48.914 [Test worker] DEBUG com.github.dockerjava.zerodep.shaded.org.apache.hc.client5.http.wire - http-outgoing-2 << "{"Id":"cd5ecdf38df06b4092e6cf67100cd20ad9c3cb4b6e9303874a7bd89885b140c9","Created":"2023-03-28T04:14:43.179040379Z","Path":"docker-entrypoint.sh","Args":["mysqld"],"State":{"Status":"running","Running":true,"Paused":false,"Restarting":false,"OOMKilled":false,"Dead":false,"Pid":20152,"ExitCode":0,"Error":"","StartedAt":"2023-03-28T04:14:43.680338005Z","FinishedAt":"0001-01-01T00:00:00Z"},"Image":"sha256:c7c54c29e20dccc1aefb936c8eba8bb8b98b87a4921102aba87fde2df5810af9","ResolvConfPath":"/var/lib/docker/containers/cd5ecdf38df06b4092e6cf67100cd20ad9c3cb4b6e9303874a7bd89885b140c9/resolv.conf","HostnamePath":"/var/lib/docker/containers/cd5ecdf38df06b4092e6cf67100cd20ad9c3cb4b6e9303874a7bd89885b140c9/hostname","HostsPath":"/var/lib/docker/containers/cd5ecdf38df06b4092e6cf67100cd20ad9c3cb4b6e9303874a7bd89885b140c9/hosts","LogPath":"/var/lib/docker/containers/cd5ecdf38df06b4092e6cf67100cd20ad9c3cb4b6e9303874a7bd89885b140c9/cd5ecdf38df06b4092e6cf67100cd20ad9c3cb4b6e9303874a7bd89885b140c9-json.log","Name":"/keen_matsumoto","RestartCount":0,"Driver":"overlay2","Platform":"linux","MountLabel":"","ProcessLabel":"","AppArmorProfile":"","ExecIDs":null,"HostConfig":{"Binds":[],"ContainerIDFile":"","LogConfig":{"Type":"json-file","Config":{}},"NetworkMode":"default","PortBindings":{"3306/tcp":[{"HostIp":"0.0.0.0","HostPort":"0"}]},"RestartPolicy":{"Name":"","MaximumRetryCount":0},"AutoRemove":false,"VolumeDriver":"","VolumesFrom":[],"CapAdd":null,"CapDrop":null,"CgroupnsMode":"private","Dns":null,"DnsOptions":null,"DnsSearch":null,"ExtraHosts":[],"GroupAdd":null,"IpcMode":"shareable","Cgroup":"","Links":null,"OomScoreAdj":0,"PidMode":"","Privileged":false,"PublishAllPorts":false,"ReadonlyRootfs":false,"SecurityOpt":null,"UTSMode":"","UsernsMode":"","ShmSize":67108864,"Runtime":"runc","ConsoleSize":[0,0],"Isolation":"","CpuShares":0,"Memory":0,"NanoCpus":0,"CgroupParent":"","BlkioWeight":0,"BlkioWeightDevice":null,"BlkioDeviceReadBps":null,"BlkioDeviceWriteBps":null,"BlkioDeviceReadIOps":null,"BlkioDeviceWriteIOps":null,"CpuPeriod":0,"CpuQuota":0,"CpuRealtimePeriod":0,"CpuRealtimeRuntime":0,"CpusetCpus":"","CpusetMems":"","Devices":null,"DeviceCgroupRules":null,"DeviceRequests":null,"KernelMemory":0,"KernelMemoryTCP":0,"MemoryReservation":0,"MemorySwap":0,"MemorySwappiness":null,"OomKillDisable":null,"PidsLimit":null,"Ulimits":null,"CpuCount":0,"CpuPercent":0,"IOMaximumIOps":0,"IOMaximumBandwidth":0,"MaskedPaths":["/proc/asound","/proc/acpi","/proc/kcore","/proc/keys","/proc/latency_stats","/proc/timer_list","/proc/timer_stats","/proc/sched_debug","/proc/scsi","/sys/firmware"],"ReadonlyPaths":["/proc/bus","/proc/fs","/proc/irq","/proc/sys","/proc/sysrq-trigger"]},"GraphDriver":{"Data":{"LowerDir":"/var/lib/docker/overlay2/830e690ec83ecff869b59e4f673c0c63b2bc5c068e9f710933e6f61763699fd2-init/diff:/var/lib/docker/overlay2/1bd8849d7a296305617011f940aa5cfabbe972a513397b1b6bbc27639b6c1f30/diff:/var/lib/docker/overlay2/199d69b2fbf78af4d4c95dec4fd2f8835ab0347eb49fb20ebb2ff3b99fedd6ad/diff:/var/lib/docker/overlay2/d83c38d654989311f75b9491329846033bfb7714de76ef635380dcfad5c740d9/diff:/var/lib/docker/overlay2/08600d0aea2ab2728bebcf5d2589c640a842f53d1ba3c4a4adccb4d03b923cf6/diff:/var/lib/docker/overlay2/9ec7c63a3fb14d13ac788bbf5e282ca821edc41260b79944e5e631037d13ecda/diff:/var/lib/docker/overlay2/db601d7a1b4ea6da638db620462f0da96fa55c559d02269c9ddb09027936ed87/diff:/var/lib/docker/overlay2/a6d2bd03f942e2565f21e74cfe152c7ec836a1c2b583f0790c685b92bdcfda24/diff:/var/lib/docker/overlay2/9badd16ea2c5e2bf1fde8b579683e41137dfc46ed5449234149f199a6751cc84/diff:/var/lib/docker/overlay2/6efb85646ed12e2d1181ef4cc6f6f6732c00c15a4035fe17ebc4f075ca573c30/diff:/var/lib/docker/overlay2/895d7c0ec09144d6ed33936f4e98e11c18010f7abd708cae1ce43aec7a7f2621/diff:/var/lib/docker/overlay2/1c4ba77aa573ab6e5e5069fd15eae71b3da940bde0f97a922a227ffc8a1d1096/diff","MergedDir":"/var/lib/docker/overlay2/830e690ec83ecff869b59e4f673c0c63b2bc5c068e9f710933e6f61763699fd2/merged","UpperDir":"/var/lib/docker/overlay2/830e690ec83ecff869b59e4f673c0c63b2bc5c068e9f710933e6f61763699fd2/diff","WorkDir":"/var/lib/docker/overlay2/830e690ec83ecff869b59e4f673c0c63b2bc5c068e9f710933e6f61763699fd2/work"},"Name":"overlay2"},"Mounts":[{"Type":"volume","Name":"25868b8cea8ad6eba7f00a6fe83e8848def5cff8aab5c5943024031400fa063d","Source":"/var/lib/docker/volumes/25868b8cea8ad6eba7f00a6fe83e8848def5cff8aab5c5943024031400fa063d/_data","Destination":"/var/lib/mysql","Driver":"local","Mode":"","RW":true,"Propagation":""}],"Config":{"Hostname":"cd5ecdf38df0","Domainname":"","User":"","AttachStdin":false,"AttachStdout":false,"AttachStderr":false,"ExposedPorts":{"3306/tcp":{},"33060/tcp":{}},"Tty":false,"OpenStdin":false,"StdinOnce":false,"Env":["MYSQL_DATABASE=adm_videos","MYSQL_PASSWORD=123456","MYSQL_ROOT_PASSWORD=123456","PATH=/usr/local/sbin:/usr/local/bin:/usr/sbin:/usr/bin:/sbin:/bin","GOSU_VERSION=1.16","MYSQL_MAJOR=8.0","MYSQL_VERSION=8.0.32-1.el8","MYSQL_SHELL_VERSION=8.0.32-1.el8"],"Cmd":["mysqld"],"Image":"mysql:latest","Volumes":{"/var/lib/mysql":{}},"WorkingDir":"","Entrypoint":["docker-entrypoint.sh"],"OnBuild":null,"Labels":{"org.testcontainers":"true","org.testcontainers.lang":"java","org.testcontainers.sessionId":"71b9672a-6f61-4546-a7b6-d603100b2e56","org.testcontainers.version":"1.17.6"}},"NetworkSettings":{"Bridge":"","SandboxID":"56762d63452c709eadac6b5c5f4b6cdd30da833580c632f91fd658806eaf4ddb","HairpinMode":false,"LinkLocalIPv6Address":"","LinkLocalIPv6PrefixLen":0,"Ports":{"3306/tcp":[{"HostIp":"0.0.0.0","HostPort":"63819"}],"33060/tcp":null},"SandboxKey":"/var/run/docker/netns/56762d63452c","SecondaryIPAddresses":null,"SecondaryIPv6Addresses":null,"EndpointID":"92fc2600684327987bceb8e2716a72ba2420fccd56812c1491af8c03946e105c","Gateway":"172.17.0.1","GlobalIPv6Address":"","GlobalIPv6PrefixLen":0,"IPAddress":"172.17.0.3","IPPrefixLen":16,"IPv6Gateway":"","MacAddress":"02:42:ac:11:00:03","Networks":{"bridge":{"IPAMConfig":null,"Links":null,"Aliases":null,"NetworkID":"308e234c143065751b16b4500cb9f48d5c7fc2116504b3d816a5e51cd4771062","EndpointID":"92fc2600684327987bceb8e2716a72ba2420fccd56812c1491af8c03946e105c","Gateway":"172.17.0.1","IPAddress":"172.17.0.3","IPPrefixLen":16,"IPv6Gateway":"","GlobalIPv6Address":"","GlobalIPv6PrefixLen":0,"MacAddress":"02:42:ac:11:00:03","DriverOpts":null}}}}[\n]"
01:14:48.914 [Test worker] DEBUG com.github.dockerjava.zerodep.shaded.org.apache.hc.client5.http.wire - http-outgoing-2 << "[\r][\n]"
01:14:48.915 [Test worker] DEBUG com.github.dockerjava.zerodep.shaded.org.apache.hc.client5.http.wire - http-outgoing-2 << "0[\r][\n]"
01:14:48.915 [Test worker] DEBUG com.github.dockerjava.zerodep.shaded.org.apache.hc.client5.http.wire - http-outgoing-2 << "[\r][\n]"
01:14:48.915 [Test worker] DEBUG com.github.dockerjava.zerodep.shaded.org.apache.hc.client5.http.impl.classic.InternalHttpClient - ep-00000039: releasing valid endpoint
01:14:48.915 [Test worker] DEBUG com.github.dockerjava.zerodep.shaded.org.apache.hc.client5.http.impl.io.PoolingHttpClientConnectionManager - ep-00000039: releasing endpoint
01:14:48.915 [Test worker] DEBUG com.github.dockerjava.zerodep.shaded.org.apache.hc.client5.http.impl.io.PoolingHttpClientConnectionManager - ep-00000039: connection http-outgoing-2 can be kept alive for 3 MINUTES
01:14:48.915 [Test worker] DEBUG com.github.dockerjava.zerodep.shaded.org.apache.hc.client5.http.impl.io.PoolingHttpClientConnectionManager - ep-00000039: connection released [route: {}->unix://localhost:2375][total available: 1; route allocated: 1 of 2147483647; total allocated: 1 of 2147483647]
01:14:48.915 [Test worker] DEBUG ]]>&#x1f433;<![CDATA[ [mysql:latest] - Trying to create JDBC connection using com.mysql.cj.jdbc.Driver to jdbc:mysql://localhost:63819/adm_videos?useSSL=false&allowPublicKeyRetrieval=true with properties: {password=123456, user=root}
01:14:49.018 [Test worker] DEBUG org.testcontainers.shaded.com.github.dockerjava.core.command.AbstrDockerCmd - Cmd: cd5ecdf38df06b4092e6cf67100cd20ad9c3cb4b6e9303874a7bd89885b140c9,false
01:14:49.019 [Test worker] DEBUG org.testcontainers.shaded.com.github.dockerjava.core.exec.InspectContainerCmdExec - GET: DefaultWebTarget{path=[/containers/cd5ecdf38df06b4092e6cf67100cd20ad9c3cb4b6e9303874a7bd89885b140c9/json], queryParams={}}
01:14:49.019 [Test worker] DEBUG com.github.dockerjava.zerodep.shaded.org.apache.hc.client5.http.impl.classic.InternalHttpClient - ex-0000003B: preparing request execution
01:14:49.019 [Test worker] DEBUG com.github.dockerjava.zerodep.shaded.org.apache.hc.client5.http.protocol.RequestAddCookies - Cookie spec selected: strict
01:14:49.019 [Test worker] DEBUG com.github.dockerjava.zerodep.shaded.org.apache.hc.client5.http.protocol.RequestAuthCache - Auth cache not set in the context
01:14:49.019 [Test worker] DEBUG com.github.dockerjava.zerodep.shaded.org.apache.hc.client5.http.impl.classic.ProtocolExec - ex-0000003B: target auth state: UNCHALLENGED
01:14:49.019 [Test worker] DEBUG com.github.dockerjava.zerodep.shaded.org.apache.hc.client5.http.impl.classic.ProtocolExec - ex-0000003B: proxy auth state: UNCHALLENGED
01:14:49.019 [Test worker] DEBUG com.github.dockerjava.zerodep.shaded.org.apache.hc.client5.http.impl.classic.ConnectExec - ex-0000003B: acquiring connection with route {}->unix://localhost:2375
01:14:49.019 [Test worker] DEBUG com.github.dockerjava.zerodep.shaded.org.apache.hc.client5.http.impl.classic.InternalHttpClient - ex-0000003B: acquiring endpoint (3 MINUTES)
01:14:49.020 [Test worker] DEBUG com.github.dockerjava.zerodep.shaded.org.apache.hc.client5.http.impl.io.PoolingHttpClientConnectionManager - ex-0000003B: endpoint lease request (3 MINUTES) [route: {}->unix://localhost:2375][total available: 1; route allocated: 1 of 2147483647; total allocated: 1 of 2147483647]
01:14:49.020 [Test worker] DEBUG com.github.dockerjava.zerodep.shaded.org.apache.hc.client5.http.impl.io.PoolingHttpClientConnectionManager - ex-0000003B: endpoint leased [route: {}->unix://localhost:2375][total available: 0; route allocated: 1 of 2147483647; total allocated: 1 of 2147483647]
01:14:49.020 [Test worker] DEBUG com.github.dockerjava.zerodep.shaded.org.apache.hc.client5.http.impl.io.PoolingHttpClientConnectionManager - ex-0000003B: acquired ep-0000003A
01:14:49.021 [Test worker] DEBUG com.github.dockerjava.zerodep.shaded.org.apache.hc.client5.http.impl.classic.InternalHttpClient - ex-0000003B: acquired endpoint ep-0000003A
01:14:49.021 [Test worker] DEBUG com.github.dockerjava.zerodep.shaded.org.apache.hc.client5.http.impl.classic.MainClientExec - ex-0000003B: executing GET /v1.32/containers/cd5ecdf38df06b4092e6cf67100cd20ad9c3cb4b6e9303874a7bd89885b140c9/json HTTP/1.1
01:14:49.021 [Test worker] DEBUG com.github.dockerjava.zerodep.shaded.org.apache.hc.client5.http.impl.classic.InternalHttpClient - ep-0000003A: start execution ex-0000003B
01:14:49.021 [Test worker] DEBUG com.github.dockerjava.zerodep.shaded.org.apache.hc.client5.http.impl.io.PoolingHttpClientConnectionManager - ep-0000003A: executing exchange ex-0000003B over http-outgoing-2
01:14:49.021 [Test worker] DEBUG com.github.dockerjava.zerodep.shaded.org.apache.hc.client5.http.headers - http-outgoing-2 >> GET /v1.32/containers/cd5ecdf38df06b4092e6cf67100cd20ad9c3cb4b6e9303874a7bd89885b140c9/json HTTP/1.1
01:14:49.021 [Test worker] DEBUG com.github.dockerjava.zerodep.shaded.org.apache.hc.client5.http.headers - http-outgoing-2 >> accept: application/json
01:14:49.021 [Test worker] DEBUG com.github.dockerjava.zerodep.shaded.org.apache.hc.client5.http.headers - http-outgoing-2 >> x-tc-sid: 71b9672a-6f61-4546-a7b6-d603100b2e56
01:14:49.021 [Test worker] DEBUG com.github.dockerjava.zerodep.shaded.org.apache.hc.client5.http.headers - http-outgoing-2 >> Accept-Encoding: gzip, x-gzip, deflate
01:14:49.021 [Test worker] DEBUG com.github.dockerjava.zerodep.shaded.org.apache.hc.client5.http.headers - http-outgoing-2 >> Host: localhost:2375
01:14:49.021 [Test worker] DEBUG com.github.dockerjava.zerodep.shaded.org.apache.hc.client5.http.headers - http-outgoing-2 >> Connection: keep-alive
01:14:49.021 [Test worker] DEBUG com.github.dockerjava.zerodep.shaded.org.apache.hc.client5.http.headers - http-outgoing-2 >> User-Agent: Apache-HttpClient/5.0.3 (Java/17.0.2)
01:14:49.021 [Test worker] DEBUG com.github.dockerjava.zerodep.shaded.org.apache.hc.client5.http.wire - http-outgoing-2 >> "GET /v1.32/containers/cd5ecdf38df06b4092e6cf67100cd20ad9c3cb4b6e9303874a7bd89885b140c9/json HTTP/1.1[\r][\n]"
01:14:49.021 [Test worker] DEBUG com.github.dockerjava.zerodep.shaded.org.apache.hc.client5.http.wire - http-outgoing-2 >> "accept: application/json[\r][\n]"
01:14:49.021 [Test worker] DEBUG com.github.dockerjava.zerodep.shaded.org.apache.hc.client5.http.wire - http-outgoing-2 >> "x-tc-sid: 71b9672a-6f61-4546-a7b6-d603100b2e56[\r][\n]"
01:14:49.021 [Test worker] DEBUG com.github.dockerjava.zerodep.shaded.org.apache.hc.client5.http.wire - http-outgoing-2 >> "Accept-Encoding: gzip, x-gzip, deflate[\r][\n]"
01:14:49.021 [Test worker] DEBUG com.github.dockerjava.zerodep.shaded.org.apache.hc.client5.http.wire - http-outgoing-2 >> "Host: localhost:2375[\r][\n]"
01:14:49.021 [Test worker] DEBUG com.github.dockerjava.zerodep.shaded.org.apache.hc.client5.http.wire - http-outgoing-2 >> "Connection: keep-alive[\r][\n]"
01:14:49.021 [Test worker] DEBUG com.github.dockerjava.zerodep.shaded.org.apache.hc.client5.http.wire - http-outgoing-2 >> "User-Agent: Apache-HttpClient/5.0.3 (Java/17.0.2)[\r][\n]"
01:14:49.021 [Test worker] DEBUG com.github.dockerjava.zerodep.shaded.org.apache.hc.client5.http.wire - http-outgoing-2 >> "[\r][\n]"
01:14:49.023 [Test worker] DEBUG com.github.dockerjava.zerodep.shaded.org.apache.hc.client5.http.wire - http-outgoing-2 << "HTTP/1.1 200 OK[\r][\n]"
01:14:49.024 [Test worker] DEBUG com.github.dockerjava.zerodep.shaded.org.apache.hc.client5.http.wire - http-outgoing-2 << "Api-Version: 1.41[\r][\n]"
01:14:49.024 [Test worker] DEBUG com.github.dockerjava.zerodep.shaded.org.apache.hc.client5.http.wire - http-outgoing-2 << "Content-Type: application/json[\r][\n]"
01:14:49.024 [Test worker] DEBUG com.github.dockerjava.zerodep.shaded.org.apache.hc.client5.http.wire - http-outgoing-2 << "Date: Tue, 28 Mar 2023 04:14:49 GMT[\r][\n]"
01:14:49.024 [Test worker] DEBUG com.github.dockerjava.zerodep.shaded.org.apache.hc.client5.http.wire - http-outgoing-2 << "Docker-Experimental: false[\r][\n]"
01:14:49.024 [Test worker] DEBUG com.github.dockerjava.zerodep.shaded.org.apache.hc.client5.http.wire - http-outgoing-2 << "Ostype: linux[\r][\n]"
01:14:49.024 [Test worker] DEBUG com.github.dockerjava.zerodep.shaded.org.apache.hc.client5.http.wire - http-outgoing-2 << "Server: Docker/20.10.21 (linux)[\r][\n]"
01:14:49.024 [Test worker] DEBUG com.github.dockerjava.zerodep.shaded.org.apache.hc.client5.http.wire - http-outgoing-2 << "Transfer-Encoding: chunked[\r][\n]"
01:14:49.024 [Test worker] DEBUG com.github.dockerjava.zerodep.shaded.org.apache.hc.client5.http.wire - http-outgoing-2 << "[\r][\n]"
01:14:49.024 [Test worker] DEBUG com.github.dockerjava.zerodep.shaded.org.apache.hc.client5.http.headers - http-outgoing-2 << HTTP/1.1 200 OK
01:14:49.024 [Test worker] DEBUG com.github.dockerjava.zerodep.shaded.org.apache.hc.client5.http.headers - http-outgoing-2 << Api-Version: 1.41
01:14:49.024 [Test worker] DEBUG com.github.dockerjava.zerodep.shaded.org.apache.hc.client5.http.headers - http-outgoing-2 << Content-Type: application/json
01:14:49.024 [Test worker] DEBUG com.github.dockerjava.zerodep.shaded.org.apache.hc.client5.http.headers - http-outgoing-2 << Date: Tue, 28 Mar 2023 04:14:49 GMT
01:14:49.024 [Test worker] DEBUG com.github.dockerjava.zerodep.shaded.org.apache.hc.client5.http.headers - http-outgoing-2 << Docker-Experimental: false
01:14:49.024 [Test worker] DEBUG com.github.dockerjava.zerodep.shaded.org.apache.hc.client5.http.headers - http-outgoing-2 << Ostype: linux
01:14:49.024 [Test worker] DEBUG com.github.dockerjava.zerodep.shaded.org.apache.hc.client5.http.headers - http-outgoing-2 << Server: Docker/20.10.21 (linux)
01:14:49.024 [Test worker] DEBUG com.github.dockerjava.zerodep.shaded.org.apache.hc.client5.http.headers - http-outgoing-2 << Transfer-Encoding: chunked
01:14:49.024 [Test worker] DEBUG com.github.dockerjava.zerodep.shaded.org.apache.hc.client5.http.impl.classic.MainClientExec - ex-0000003B: connection can be kept alive for 3 MINUTES
01:14:49.025 [Test worker] DEBUG com.github.dockerjava.zerodep.shaded.org.apache.hc.client5.http.wire - http-outgoing-2 << "18c1[\r][\n]"
01:14:49.025 [Test worker] DEBUG com.github.dockerjava.zerodep.shaded.org.apache.hc.client5.http.wire - http-outgoing-2 << "{"Id":"cd5ecdf38df06b4092e6cf67100cd20ad9c3cb4b6e9303874a7bd89885b140c9","Created":"2023-03-28T04:14:43.179040379Z","Path":"docker-entrypoint.sh","Args":["mysqld"],"State":{"Status":"running","Running":true,"Paused":false,"Restarting":false,"OOMKilled":false,"Dead":false,"Pid":20152,"ExitCode":0,"Error":"","StartedAt":"2023-03-28T04:14:43.680338005Z","FinishedAt":"0001-01-01T00:00:00Z"},"Image":"sha256:c7c54c29e20dccc1aefb936c8eba8bb8b98b87a4921102aba87fde2df5810af9","ResolvConfPath":"/var/lib/docker/containers/cd5ecdf38df06b4092e6cf67100cd20ad9c3cb4b6e9303874a7bd89885b140c9/resolv.conf","HostnamePath":"/var/lib/docker/containers/cd5ecdf38df06b4092e6cf67100cd20ad9c3cb4b6e9303874a7bd89885b140c9/hostname","HostsPath":"/var/lib/docker/containers/cd5ecdf38df06b4092e6cf67100cd20ad9c3cb4b6e9303874a7bd89885b140c9/hosts","LogPath":"/var/lib/docker/containers/cd5ecdf38df06b4092e6cf67100cd20ad9c3cb4b6e9303874a7bd89885b140c9/cd5ecdf38df06b4092e6cf67100cd20ad9c3cb4b6e9303874a7bd89885b140c9-json.log","Name":"/keen_matsumoto","RestartCount":0,"Driver":"overlay2","Platform":"linux","MountLabel":"","ProcessLabel":"","AppArmorProfile":"","ExecIDs":null,"HostConfig":{"Binds":[],"ContainerIDFile":"","LogConfig":{"Type":"json-file","Config":{}},"NetworkMode":"default","PortBindings":{"3306/tcp":[{"HostIp":"0.0.0.0","HostPort":"0"}]},"RestartPolicy":{"Name":"","MaximumRetryCount":0},"AutoRemove":false,"VolumeDriver":"","VolumesFrom":[],"CapAdd":null,"CapDrop":null,"CgroupnsMode":"private","Dns":null,"DnsOptions":null,"DnsSearch":null,"ExtraHosts":[],"GroupAdd":null,"IpcMode":"shareable","Cgroup":"","Links":null,"OomScoreAdj":0,"PidMode":"","Privileged":false,"PublishAllPorts":false,"ReadonlyRootfs":false,"SecurityOpt":null,"UTSMode":"","UsernsMode":"","ShmSize":67108864,"Runtime":"runc","ConsoleSize":[0,0],"Isolation":"","CpuShares":0,"Memory":0,"NanoCpus":0,"CgroupParent":"","BlkioWeight":0,"BlkioWeightDevice":null,"BlkioDeviceReadBps":null,"BlkioDeviceWriteBps":null,"BlkioDeviceReadIOps":null,"BlkioDeviceWriteIOps":null,"CpuPeriod":0,"CpuQuota":0,"CpuRealtimePeriod":0,"CpuRealtimeRuntime":0,"CpusetCpus":"","CpusetMems":"","Devices":null,"DeviceCgroupRules":null,"DeviceRequests":null,"KernelMemory":0,"KernelMemoryTCP":0,"MemoryReservation":0,"MemorySwap":0,"MemorySwappiness":null,"OomKillDisable":null,"PidsLimit":null,"Ulimits":null,"CpuCount":0,"CpuPercent":0,"IOMaximumIOps":0,"IOMaximumBandwidth":0,"MaskedPaths":["/proc/asound","/proc/acpi","/proc/kcore","/proc/keys","/proc/latency_stats","/proc/timer_list","/proc/timer_stats","/proc/sched_debug","/proc/scsi","/sys/firmware"],"ReadonlyPaths":["/proc/bus","/proc/fs","/proc/irq","/proc/sys","/proc/sysrq-trigger"]},"GraphDriver":{"Data":{"LowerDir":"/var/lib/docker/overlay2/830e690ec83ecff869b59e4f673c0c63b2bc5c068e9f710933e6f61763699fd2-init/diff:/var/lib/docker/overlay2/1bd8849d7a296305617011f940aa5cfabbe972a513397b1b6bbc27639b6c1f30/diff:/var/lib/docker/overlay2/199d69b2fbf78af4d4c95dec4fd2f8835ab0347eb49fb20ebb2ff3b99fedd6ad/diff:/var/lib/docker/overlay2/d83c38d654989311f75b9491329846033bfb7714de76ef635380dcfad5c740d9/diff:/var/lib/docker/overlay2/08600d0aea2ab2728bebcf5d2589c640a842f53d1ba3c4a4adccb4d03b923cf6/diff:/var/lib/docker/overlay2/9ec7c63a3fb14d13ac788bbf5e282ca821edc41260b79944e5e631037d13ecda/diff:/var/lib/docker/overlay2/db601d7a1b4ea6da638db620462f0da96fa55c559d02269c9ddb09027936ed87/diff:/var/lib/docker/overlay2/a6d2bd03f942e2565f21e74cfe152c7ec836a1c2b583f0790c685b92bdcfda24/diff:/var/lib/docker/overlay2/9badd16ea2c5e2bf1fde8b579683e41137dfc46ed5449234149f199a6751cc84/diff:/var/lib/docker/overlay2/6efb85646ed12e2d1181ef4cc6f6f6732c00c15a4035fe17ebc4f075ca573c30/diff:/var/lib/docker/overlay2/895d7c0ec09144d6ed33936f4e98e11c18010f7abd708cae1ce43aec7a7f2621/diff:/var/lib/docker/overlay2/1c4ba77aa573ab6e5e5069fd15eae71b3da940bde0f97a922a227ffc8a1d1096/diff","MergedDir":"/var/lib/docker/overlay2/830e690ec83ecff869b59e4f673c0c63b2bc5c068e9f710933e6f61763699fd2/merged","UpperDir":"/var/lib/docker/overlay2/830e690ec83ecff869b59e4f673c0c63b2bc5c068e9f710933e6f61763699fd2/diff","WorkDir":"/var/lib/docker/overlay2/830e690ec83ecff869b59e4f673c0c63b2bc5c068e9f710933e6f61763699fd2/work"},"Name":"overlay2"},"Mounts":[{"Type":"volume","Name":"25868b8cea8ad6eba7f00a6fe83e8848def5cff8aab5c5943024031400fa063d","Source":"/var/lib/docker/volumes/25868b8cea8ad6eba7f00a6fe83e8848def5cff8aab5c5943024031400fa063d/_data","Destination":"/var/lib/mysql","Driver":"local","Mode":"","RW":true,"Propagation":""}],"Config":{"Hostname":"cd5ecdf38df0","Domainname":"","User":"","AttachStdin":false,"AttachStdout":false,"AttachStderr":false,"ExposedPorts":{"3306/tcp":{},"33060/tcp":{}},"Tty":false,"OpenStdin":false,"StdinOnce":false,"Env":["MYSQL_DATABASE=adm_videos","MYSQL_PASSWORD=123456","MYSQL_ROOT_PASSWORD=123456","PATH=/usr/local/sbin:/usr/local/bin:/usr/sbin:/usr/bin:/sbin:/bin","GOSU_VERSION=1.16","MYSQL_MAJOR=8.0","MYSQL_VERSION=8.0.32-1.el8","MYSQL_SHELL_VERSION=8.0.32-1.el8"],"Cmd":["mysqld"],"Image":"mysql:latest","Volumes":{"/var/lib/mysql":{}},"WorkingDir":"","Entrypoint":["docker-entrypoint.sh"],"OnBuild":null,"Labels":{"org.testcontainers":"true","org.testcontainers.lang":"java","org.testcontainers.sessionId":"71b9672a-6f61-4546-a7b6-d603100b2e56","org.testcontainers.version":"1.17.6"}},"NetworkSettings":{"Bridge":"","SandboxID":"56762d63452c709eadac6b5c5f4b6cdd30da833580c632f91fd658806eaf4ddb","HairpinMode":false,"LinkLocalIPv6Address":"","LinkLocalIPv6PrefixLen":0,"Ports":{"3306/tcp":[{"HostIp":"0.0.0.0","HostPort":"63819"}],"33060/tcp":null},"SandboxKey":"/var/run/docker/netns/56762d63452c","SecondaryIPAddresses":null,"SecondaryIPv6Addresses":null,"EndpointID":"92fc2600684327987bceb8e2716a72ba2420fccd56812c1491af8c03946e105c","Gateway":"172.17.0.1","GlobalIPv6Address":"","GlobalIPv6PrefixLen":0,"IPAddress":"172.17.0.3","IPPrefixLen":16,"IPv6Gateway":"","MacAddress":"02:42:ac:11:00:03","Networks":{"bridge":{"IPAMConfig":null,"Links":null,"Aliases":null,"NetworkID":"308e234c143065751b16b4500cb9f48d5c7fc2116504b3d816a5e51cd4771062","EndpointID":"92fc2600684327987bceb8e2716a72ba2420fccd56812c1491af8c03946e105c","Gateway":"172.17.0.1","IPAddress":"172.17.0.3","IPPrefixLen":16,"IPv6Gateway":"","GlobalIPv6Address":"","GlobalIPv6PrefixLen":0,"MacAddress":"02:42:ac:11:00:03","DriverOpts":null}}}}[\n]"
01:14:49.025 [Test worker] DEBUG com.github.dockerjava.zerodep.shaded.org.apache.hc.client5.http.wire - http-outgoing-2 << "[\r][\n]"
01:14:49.025 [Test worker] DEBUG com.github.dockerjava.zerodep.shaded.org.apache.hc.client5.http.wire - http-outgoing-2 << "0[\r][\n]"
01:14:49.025 [Test worker] DEBUG com.github.dockerjava.zerodep.shaded.org.apache.hc.client5.http.wire - http-outgoing-2 << "[\r][\n]"
01:14:49.026 [Test worker] DEBUG com.github.dockerjava.zerodep.shaded.org.apache.hc.client5.http.impl.classic.InternalHttpClient - ep-0000003A: releasing valid endpoint
01:14:49.026 [Test worker] DEBUG com.github.dockerjava.zerodep.shaded.org.apache.hc.client5.http.impl.io.PoolingHttpClientConnectionManager - ep-0000003A: releasing endpoint
01:14:49.026 [Test worker] DEBUG com.github.dockerjava.zerodep.shaded.org.apache.hc.client5.http.impl.io.PoolingHttpClientConnectionManager - ep-0000003A: connection http-outgoing-2 can be kept alive for 3 MINUTES
01:14:49.026 [Test worker] DEBUG com.github.dockerjava.zerodep.shaded.org.apache.hc.client5.http.impl.io.PoolingHttpClientConnectionManager - ep-0000003A: connection released [route: {}->unix://localhost:2375][total available: 1; route allocated: 1 of 2147483647; total allocated: 1 of 2147483647]
01:14:49.027 [Test worker] DEBUG ]]>&#x1f433;<![CDATA[ [mysql:latest] - Trying to create JDBC connection using com.mysql.cj.jdbc.Driver to jdbc:mysql://localhost:63819/adm_videos?useSSL=false&allowPublicKeyRetrieval=true with properties: {password=123456, user=root}
01:14:49.132 [Test worker] DEBUG org.testcontainers.shaded.com.github.dockerjava.core.command.AbstrDockerCmd - Cmd: cd5ecdf38df06b4092e6cf67100cd20ad9c3cb4b6e9303874a7bd89885b140c9,false
01:14:49.133 [Test worker] DEBUG org.testcontainers.shaded.com.github.dockerjava.core.exec.InspectContainerCmdExec - GET: DefaultWebTarget{path=[/containers/cd5ecdf38df06b4092e6cf67100cd20ad9c3cb4b6e9303874a7bd89885b140c9/json], queryParams={}}
01:14:49.133 [Test worker] DEBUG com.github.dockerjava.zerodep.shaded.org.apache.hc.client5.http.impl.classic.InternalHttpClient - ex-0000003C: preparing request execution
01:14:49.133 [Test worker] DEBUG com.github.dockerjava.zerodep.shaded.org.apache.hc.client5.http.protocol.RequestAddCookies - Cookie spec selected: strict
01:14:49.133 [Test worker] DEBUG com.github.dockerjava.zerodep.shaded.org.apache.hc.client5.http.protocol.RequestAuthCache - Auth cache not set in the context
01:14:49.133 [Test worker] DEBUG com.github.dockerjava.zerodep.shaded.org.apache.hc.client5.http.impl.classic.ProtocolExec - ex-0000003C: target auth state: UNCHALLENGED
01:14:49.133 [Test worker] DEBUG com.github.dockerjava.zerodep.shaded.org.apache.hc.client5.http.impl.classic.ProtocolExec - ex-0000003C: proxy auth state: UNCHALLENGED
01:14:49.133 [Test worker] DEBUG com.github.dockerjava.zerodep.shaded.org.apache.hc.client5.http.impl.classic.ConnectExec - ex-0000003C: acquiring connection with route {}->unix://localhost:2375
01:14:49.133 [Test worker] DEBUG com.github.dockerjava.zerodep.shaded.org.apache.hc.client5.http.impl.classic.InternalHttpClient - ex-0000003C: acquiring endpoint (3 MINUTES)
01:14:49.133 [Test worker] DEBUG com.github.dockerjava.zerodep.shaded.org.apache.hc.client5.http.impl.io.PoolingHttpClientConnectionManager - ex-0000003C: endpoint lease request (3 MINUTES) [route: {}->unix://localhost:2375][total available: 1; route allocated: 1 of 2147483647; total allocated: 1 of 2147483647]
01:14:49.133 [Test worker] DEBUG com.github.dockerjava.zerodep.shaded.org.apache.hc.client5.http.impl.io.PoolingHttpClientConnectionManager - ex-0000003C: endpoint leased [route: {}->unix://localhost:2375][total available: 0; route allocated: 1 of 2147483647; total allocated: 1 of 2147483647]
01:14:49.133 [Test worker] DEBUG com.github.dockerjava.zerodep.shaded.org.apache.hc.client5.http.impl.io.PoolingHttpClientConnectionManager - ex-0000003C: acquired ep-0000003B
01:14:49.133 [Test worker] DEBUG com.github.dockerjava.zerodep.shaded.org.apache.hc.client5.http.impl.classic.InternalHttpClient - ex-0000003C: acquired endpoint ep-0000003B
01:14:49.133 [Test worker] DEBUG com.github.dockerjava.zerodep.shaded.org.apache.hc.client5.http.impl.classic.MainClientExec - ex-0000003C: executing GET /v1.32/containers/cd5ecdf38df06b4092e6cf67100cd20ad9c3cb4b6e9303874a7bd89885b140c9/json HTTP/1.1
01:14:49.133 [Test worker] DEBUG com.github.dockerjava.zerodep.shaded.org.apache.hc.client5.http.impl.classic.InternalHttpClient - ep-0000003B: start execution ex-0000003C
01:14:49.133 [Test worker] DEBUG com.github.dockerjava.zerodep.shaded.org.apache.hc.client5.http.impl.io.PoolingHttpClientConnectionManager - ep-0000003B: executing exchange ex-0000003C over http-outgoing-2
01:14:49.133 [Test worker] DEBUG com.github.dockerjava.zerodep.shaded.org.apache.hc.client5.http.headers - http-outgoing-2 >> GET /v1.32/containers/cd5ecdf38df06b4092e6cf67100cd20ad9c3cb4b6e9303874a7bd89885b140c9/json HTTP/1.1
01:14:49.133 [Test worker] DEBUG com.github.dockerjava.zerodep.shaded.org.apache.hc.client5.http.headers - http-outgoing-2 >> accept: application/json
01:14:49.134 [Test worker] DEBUG com.github.dockerjava.zerodep.shaded.org.apache.hc.client5.http.headers - http-outgoing-2 >> x-tc-sid: 71b9672a-6f61-4546-a7b6-d603100b2e56
01:14:49.134 [Test worker] DEBUG com.github.dockerjava.zerodep.shaded.org.apache.hc.client5.http.headers - http-outgoing-2 >> Accept-Encoding: gzip, x-gzip, deflate
01:14:49.134 [Test worker] DEBUG com.github.dockerjava.zerodep.shaded.org.apache.hc.client5.http.headers - http-outgoing-2 >> Host: localhost:2375
01:14:49.134 [Test worker] DEBUG com.github.dockerjava.zerodep.shaded.org.apache.hc.client5.http.headers - http-outgoing-2 >> Connection: keep-alive
01:14:49.134 [Test worker] DEBUG com.github.dockerjava.zerodep.shaded.org.apache.hc.client5.http.headers - http-outgoing-2 >> User-Agent: Apache-HttpClient/5.0.3 (Java/17.0.2)
01:14:49.134 [Test worker] DEBUG com.github.dockerjava.zerodep.shaded.org.apache.hc.client5.http.wire - http-outgoing-2 >> "GET /v1.32/containers/cd5ecdf38df06b4092e6cf67100cd20ad9c3cb4b6e9303874a7bd89885b140c9/json HTTP/1.1[\r][\n]"
01:14:49.134 [Test worker] DEBUG com.github.dockerjava.zerodep.shaded.org.apache.hc.client5.http.wire - http-outgoing-2 >> "accept: application/json[\r][\n]"
01:14:49.134 [Test worker] DEBUG com.github.dockerjava.zerodep.shaded.org.apache.hc.client5.http.wire - http-outgoing-2 >> "x-tc-sid: 71b9672a-6f61-4546-a7b6-d603100b2e56[\r][\n]"
01:14:49.134 [Test worker] DEBUG com.github.dockerjava.zerodep.shaded.org.apache.hc.client5.http.wire - http-outgoing-2 >> "Accept-Encoding: gzip, x-gzip, deflate[\r][\n]"
01:14:49.134 [Test worker] DEBUG com.github.dockerjava.zerodep.shaded.org.apache.hc.client5.http.wire - http-outgoing-2 >> "Host: localhost:2375[\r][\n]"
01:14:49.134 [Test worker] DEBUG com.github.dockerjava.zerodep.shaded.org.apache.hc.client5.http.wire - http-outgoing-2 >> "Connection: keep-alive[\r][\n]"
01:14:49.134 [Test worker] DEBUG com.github.dockerjava.zerodep.shaded.org.apache.hc.client5.http.wire - http-outgoing-2 >> "User-Agent: Apache-HttpClient/5.0.3 (Java/17.0.2)[\r][\n]"
01:14:49.134 [Test worker] DEBUG com.github.dockerjava.zerodep.shaded.org.apache.hc.client5.http.wire - http-outgoing-2 >> "[\r][\n]"
01:14:49.140 [Test worker] DEBUG com.github.dockerjava.zerodep.shaded.org.apache.hc.client5.http.wire - http-outgoing-2 << "HTTP/1.1 200 OK[\r][\n]"
01:14:49.140 [Test worker] DEBUG com.github.dockerjava.zerodep.shaded.org.apache.hc.client5.http.wire - http-outgoing-2 << "Api-Version: 1.41[\r][\n]"
01:14:49.140 [Test worker] DEBUG com.github.dockerjava.zerodep.shaded.org.apache.hc.client5.http.wire - http-outgoing-2 << "Content-Type: application/json[\r][\n]"
01:14:49.140 [Test worker] DEBUG com.github.dockerjava.zerodep.shaded.org.apache.hc.client5.http.wire - http-outgoing-2 << "Date: Tue, 28 Mar 2023 04:14:49 GMT[\r][\n]"
01:14:49.140 [Test worker] DEBUG com.github.dockerjava.zerodep.shaded.org.apache.hc.client5.http.wire - http-outgoing-2 << "Docker-Experimental: false[\r][\n]"
01:14:49.140 [Test worker] DEBUG com.github.dockerjava.zerodep.shaded.org.apache.hc.client5.http.wire - http-outgoing-2 << "Ostype: linux[\r][\n]"
01:14:49.140 [Test worker] DEBUG com.github.dockerjava.zerodep.shaded.org.apache.hc.client5.http.wire - http-outgoing-2 << "Server: Docker/20.10.21 (linux)[\r][\n]"
01:14:49.140 [Test worker] DEBUG com.github.dockerjava.zerodep.shaded.org.apache.hc.client5.http.wire - http-outgoing-2 << "Transfer-Encoding: chunked[\r][\n]"
01:14:49.140 [Test worker] DEBUG com.github.dockerjava.zerodep.shaded.org.apache.hc.client5.http.wire - http-outgoing-2 << "[\r][\n]"
01:14:49.140 [Test worker] DEBUG com.github.dockerjava.zerodep.shaded.org.apache.hc.client5.http.headers - http-outgoing-2 << HTTP/1.1 200 OK
01:14:49.140 [Test worker] DEBUG com.github.dockerjava.zerodep.shaded.org.apache.hc.client5.http.headers - http-outgoing-2 << Api-Version: 1.41
01:14:49.140 [Test worker] DEBUG com.github.dockerjava.zerodep.shaded.org.apache.hc.client5.http.headers - http-outgoing-2 << Content-Type: application/json
01:14:49.140 [Test worker] DEBUG com.github.dockerjava.zerodep.shaded.org.apache.hc.client5.http.headers - http-outgoing-2 << Date: Tue, 28 Mar 2023 04:14:49 GMT
01:14:49.140 [Test worker] DEBUG com.github.dockerjava.zerodep.shaded.org.apache.hc.client5.http.headers - http-outgoing-2 << Docker-Experimental: false
01:14:49.140 [Test worker] DEBUG com.github.dockerjava.zerodep.shaded.org.apache.hc.client5.http.headers - http-outgoing-2 << Ostype: linux
01:14:49.140 [Test worker] DEBUG com.github.dockerjava.zerodep.shaded.org.apache.hc.client5.http.headers - http-outgoing-2 << Server: Docker/20.10.21 (linux)
01:14:49.140 [Test worker] DEBUG com.github.dockerjava.zerodep.shaded.org.apache.hc.client5.http.headers - http-outgoing-2 << Transfer-Encoding: chunked
01:14:49.140 [Test worker] DEBUG com.github.dockerjava.zerodep.shaded.org.apache.hc.client5.http.impl.classic.MainClientExec - ex-0000003C: connection can be kept alive for 3 MINUTES
01:14:49.143 [Test worker] DEBUG com.github.dockerjava.zerodep.shaded.org.apache.hc.client5.http.wire - http-outgoing-2 << "18c1[\r][\n]"
01:14:49.144 [Test worker] DEBUG com.github.dockerjava.zerodep.shaded.org.apache.hc.client5.http.wire - http-outgoing-2 << "{"Id":"cd5ecdf38df06b4092e6cf67100cd20ad9c3cb4b6e9303874a7bd89885b140c9","Created":"2023-03-28T04:14:43.179040379Z","Path":"docker-entrypoint.sh","Args":["mysqld"],"State":{"Status":"running","Running":true,"Paused":false,"Restarting":false,"OOMKilled":false,"Dead":false,"Pid":20152,"ExitCode":0,"Error":"","StartedAt":"2023-03-28T04:14:43.680338005Z","FinishedAt":"0001-01-01T00:00:00Z"},"Image":"sha256:c7c54c29e20dccc1aefb936c8eba8bb8b98b87a4921102aba87fde2df5810af9","ResolvConfPath":"/var/lib/docker/containers/cd5ecdf38df06b4092e6cf67100cd20ad9c3cb4b6e9303874a7bd89885b140c9/resolv.conf","HostnamePath":"/var/lib/docker/containers/cd5ecdf38df06b4092e6cf67100cd20ad9c3cb4b6e9303874a7bd89885b140c9/hostname","HostsPath":"/var/lib/docker/containers/cd5ecdf38df06b4092e6cf67100cd20ad9c3cb4b6e9303874a7bd89885b140c9/hosts","LogPath":"/var/lib/docker/containers/cd5ecdf38df06b4092e6cf67100cd20ad9c3cb4b6e9303874a7bd89885b140c9/cd5ecdf38df06b4092e6cf67100cd20ad9c3cb4b6e9303874a7bd89885b140c9-json.log","Name":"/keen_matsumoto","RestartCount":0,"Driver":"overlay2","Platform":"linux","MountLabel":"","ProcessLabel":"","AppArmorProfile":"","ExecIDs":null,"HostConfig":{"Binds":[],"ContainerIDFile":"","LogConfig":{"Type":"json-file","Config":{}},"NetworkMode":"default","PortBindings":{"3306/tcp":[{"HostIp":"0.0.0.0","HostPort":"0"}]},"RestartPolicy":{"Name":"","MaximumRetryCount":0},"AutoRemove":false,"VolumeDriver":"","VolumesFrom":[],"CapAdd":null,"CapDrop":null,"CgroupnsMode":"private","Dns":null,"DnsOptions":null,"DnsSearch":null,"ExtraHosts":[],"GroupAdd":null,"IpcMode":"shareable","Cgroup":"","Links":null,"OomScoreAdj":0,"PidMode":"","Privileged":false,"PublishAllPorts":false,"ReadonlyRootfs":false,"SecurityOpt":null,"UTSMode":"","UsernsMode":"","ShmSize":67108864,"Runtime":"runc","ConsoleSize":[0,0],"Isolation":"","CpuShares":0,"Memory":0,"NanoCpus":0,"CgroupParent":"","BlkioWeight":0,"BlkioWeightDevice":null,"BlkioDeviceReadBps":null,"BlkioDeviceWriteBps":null,"BlkioDeviceReadIOps":null,"BlkioDeviceWriteIOps":null,"CpuPeriod":0,"CpuQuota":0,"CpuRealtimePeriod":0,"CpuRealtimeRuntime":0,"CpusetCpus":"","CpusetMems":"","Devices":null,"DeviceCgroupRules":null,"DeviceRequests":null,"KernelMemory":0,"KernelMemoryTCP":0,"MemoryReservation":0,"MemorySwap":0,"MemorySwappiness":null,"OomKillDisable":null,"PidsLimit":null,"Ulimits":null,"CpuCount":0,"CpuPercent":0,"IOMaximumIOps":0,"IOMaximumBandwidth":0,"MaskedPaths":["/proc/asound","/proc/acpi","/proc/kcore","/proc/keys","/proc/latency_stats","/proc/timer_list","/proc/timer_stats","/proc/sched_debug","/proc/scsi","/sys/firmware"],"ReadonlyPaths":["/proc/bus","/proc/fs","/proc/irq","/proc/sys","/proc/sysrq-trigger"]},"GraphDriver":{"Data":{"LowerDir":"/var/lib/docker/overlay2/830e690ec83ecff869b59e4f673c0c63b2bc5c068e9f710933e6f61763699fd2-init/diff:/var/lib/docker/overlay2/1bd8849d7a296305617011f940aa5cfabbe972a513397b1b6bbc27639b6c1f30/diff:/var/lib/docker/overlay2/199d69b2fbf78af4d4c95dec4fd2f8835ab0347eb49fb20ebb2ff3b99fedd6ad/diff:/var/lib/docker/overlay2/d83c38d654989311f75b9491329846033bfb7714de76ef635380dcfad5c740d9/diff:/var/lib/docker/overlay2/08600d0aea2ab2728bebcf5d2589c640a842f53d1ba3c4a4adccb4d03b923cf6/diff:/var/lib/docker/overlay2/9ec7c63a3fb14d13ac788bbf5e282ca821edc41260b79944e5e631037d13ecda/diff:/var/lib/docker/overlay2/db601d7a1b4ea6da638db620462f0da96fa55c559d02269c9ddb09027936ed87/diff:/var/lib/docker/overlay2/a6d2bd03f942e2565f21e74cfe152c7ec836a1c2b583f0790c685b92bdcfda24/diff:/var/lib/docker/overlay2/9badd16ea2c5e2bf1fde8b579683e41137dfc46ed5449234149f199a6751cc84/diff:/var/lib/docker/overlay2/6efb85646ed12e2d1181ef4cc6f6f6732c00c15a4035fe17ebc4f075ca573c30/diff:/var/lib/docker/overlay2/895d7c0ec09144d6ed33936f4e98e11c18010f7abd708cae1ce43aec7a7f2621/diff:/var/lib/docker/overlay2/1c4ba77aa573ab6e5e5069fd15eae71b3da940bde0f97a922a227ffc8a1d1096/diff","MergedDir":"/var/lib/docker/overlay2/830e690ec83ecff869b59e4f673c0c63b2bc5c068e9f710933e6f61763699fd2/merged","UpperDir":"/var/lib/docker/overlay2/830e690ec83ecff869b59e4f673c0c63b2bc5c068e9f710933e6f61763699fd2/diff","WorkDir":"/var/lib/docker/overlay2/830e690ec83ecff869b59e4f673c0c63b2bc5c068e9f710933e6f61763699fd2/work"},"Name":"overlay2"},"Mounts":[{"Type":"volume","Name":"25868b8cea8ad6eba7f00a6fe83e8848def5cff8aab5c5943024031400fa063d","Source":"/var/lib/docker/volumes/25868b8cea8ad6eba7f00a6fe83e8848def5cff8aab5c5943024031400fa063d/_data","Destination":"/var/lib/mysql","Driver":"local","Mode":"","RW":true,"Propagation":""}],"Config":{"Hostname":"cd5ecdf38df0","Domainname":"","User":"","AttachStdin":false,"AttachStdout":false,"AttachStderr":false,"ExposedPorts":{"3306/tcp":{},"33060/tcp":{}},"Tty":false,"OpenStdin":false,"StdinOnce":false,"Env":["MYSQL_DATABASE=adm_videos","MYSQL_PASSWORD=123456","MYSQL_ROOT_PASSWORD=123456","PATH=/usr/local/sbin:/usr/local/bin:/usr/sbin:/usr/bin:/sbin:/bin","GOSU_VERSION=1.16","MYSQL_MAJOR=8.0","MYSQL_VERSION=8.0.32-1.el8","MYSQL_SHELL_VERSION=8.0.32-1.el8"],"Cmd":["mysqld"],"Image":"mysql:latest","Volumes":{"/var/lib/mysql":{}},"WorkingDir":"","Entrypoint":["docker-entrypoint.sh"],"OnBuild":null,"Labels":{"org.testcontainers":"true","org.testcontainers.lang":"java","org.testcontainers.sessionId":"71b9672a-6f61-4546-a7b6-d603100b2e56","org.testcontainers.version":"1.17.6"}},"NetworkSettings":{"Bridge":"","SandboxID":"56762d63452c709eadac6b5c5f4b6cdd30da833580c632f91fd658806eaf4ddb","HairpinMode":false,"LinkLocalIPv6Address":"","LinkLocalIPv6PrefixLen":0,"Ports":{"3306/tcp":[{"HostIp":"0.0.0.0","HostPort":"63819"}],"33060/tcp":null},"SandboxKey":"/var/run/docker/netns/56762d63452c","SecondaryIPAddresses":null,"SecondaryIPv6Addresses":null,"EndpointID":"92fc2600684327987bceb8e2716a72ba2420fccd56812c1491af8c03946e105c","Gateway":"172.17.0.1","GlobalIPv6Address":"","GlobalIPv6PrefixLen":0,"IPAddress":"172.17.0.3","IPPrefixLen":16,"IPv6Gateway":"","MacAddress":"02:42:ac:11:00:03","Networks":{"bridge":{"IPAMConfig":null,"Links":null,"Aliases":null,"NetworkID":"308e234c143065751b16b4500cb9f48d5c7fc2116504b3d816a5e51cd4771062","EndpointID":"92fc2600684327987bceb8e2716a72ba2420fccd56812c1491af8c03946e105c","Gateway":"172.17.0.1","IPAddress":"172.17.0.3","IPPrefixLen":16,"IPv6Gateway":"","GlobalIPv6Address":"","GlobalIPv6PrefixLen":0,"MacAddress":"02:42:ac:11:00:03","DriverOpts":null}}}}[\n]"
01:14:49.144 [Test worker] DEBUG com.github.dockerjava.zerodep.shaded.org.apache.hc.client5.http.wire - http-outgoing-2 << "[\r][\n]"
01:14:49.145 [Test worker] DEBUG com.github.dockerjava.zerodep.shaded.org.apache.hc.client5.http.wire - http-outgoing-2 << "0[\r][\n]"
01:14:49.145 [Test worker] DEBUG com.github.dockerjava.zerodep.shaded.org.apache.hc.client5.http.wire - http-outgoing-2 << "[\r][\n]"
01:14:49.145 [Test worker] DEBUG com.github.dockerjava.zerodep.shaded.org.apache.hc.client5.http.impl.classic.InternalHttpClient - ep-0000003B: releasing valid endpoint
01:14:49.145 [Test worker] DEBUG com.github.dockerjava.zerodep.shaded.org.apache.hc.client5.http.impl.io.PoolingHttpClientConnectionManager - ep-0000003B: releasing endpoint
01:14:49.145 [Test worker] DEBUG com.github.dockerjava.zerodep.shaded.org.apache.hc.client5.http.impl.io.PoolingHttpClientConnectionManager - ep-0000003B: connection http-outgoing-2 can be kept alive for 3 MINUTES
01:14:49.145 [Test worker] DEBUG com.github.dockerjava.zerodep.shaded.org.apache.hc.client5.http.impl.io.PoolingHttpClientConnectionManager - ep-0000003B: connection released [route: {}->unix://localhost:2375][total available: 1; route allocated: 1 of 2147483647; total allocated: 1 of 2147483647]
01:14:49.145 [Test worker] DEBUG ]]>&#x1f433;<![CDATA[ [mysql:latest] - Trying to create JDBC connection using com.mysql.cj.jdbc.Driver to jdbc:mysql://localhost:63819/adm_videos?useSSL=false&allowPublicKeyRetrieval=true with properties: {password=123456, user=root}
01:14:49.253 [Test worker] DEBUG org.testcontainers.shaded.com.github.dockerjava.core.command.AbstrDockerCmd - Cmd: cd5ecdf38df06b4092e6cf67100cd20ad9c3cb4b6e9303874a7bd89885b140c9,false
01:14:49.253 [Test worker] DEBUG org.testcontainers.shaded.com.github.dockerjava.core.exec.InspectContainerCmdExec - GET: DefaultWebTarget{path=[/containers/cd5ecdf38df06b4092e6cf67100cd20ad9c3cb4b6e9303874a7bd89885b140c9/json], queryParams={}}
01:14:49.253 [Test worker] DEBUG com.github.dockerjava.zerodep.shaded.org.apache.hc.client5.http.impl.classic.InternalHttpClient - ex-0000003D: preparing request execution
01:14:49.254 [Test worker] DEBUG com.github.dockerjava.zerodep.shaded.org.apache.hc.client5.http.protocol.RequestAddCookies - Cookie spec selected: strict
01:14:49.254 [Test worker] DEBUG com.github.dockerjava.zerodep.shaded.org.apache.hc.client5.http.protocol.RequestAuthCache - Auth cache not set in the context
01:14:49.254 [Test worker] DEBUG com.github.dockerjava.zerodep.shaded.org.apache.hc.client5.http.impl.classic.ProtocolExec - ex-0000003D: target auth state: UNCHALLENGED
01:14:49.254 [Test worker] DEBUG com.github.dockerjava.zerodep.shaded.org.apache.hc.client5.http.impl.classic.ProtocolExec - ex-0000003D: proxy auth state: UNCHALLENGED
01:14:49.254 [Test worker] DEBUG com.github.dockerjava.zerodep.shaded.org.apache.hc.client5.http.impl.classic.ConnectExec - ex-0000003D: acquiring connection with route {}->unix://localhost:2375
01:14:49.254 [Test worker] DEBUG com.github.dockerjava.zerodep.shaded.org.apache.hc.client5.http.impl.classic.InternalHttpClient - ex-0000003D: acquiring endpoint (3 MINUTES)
01:14:49.254 [Test worker] DEBUG com.github.dockerjava.zerodep.shaded.org.apache.hc.client5.http.impl.io.PoolingHttpClientConnectionManager - ex-0000003D: endpoint lease request (3 MINUTES) [route: {}->unix://localhost:2375][total available: 1; route allocated: 1 of 2147483647; total allocated: 1 of 2147483647]
01:14:49.254 [Test worker] DEBUG com.github.dockerjava.zerodep.shaded.org.apache.hc.client5.http.impl.io.PoolingHttpClientConnectionManager - ex-0000003D: endpoint leased [route: {}->unix://localhost:2375][total available: 0; route allocated: 1 of 2147483647; total allocated: 1 of 2147483647]
01:14:49.254 [Test worker] DEBUG com.github.dockerjava.zerodep.shaded.org.apache.hc.client5.http.impl.io.PoolingHttpClientConnectionManager - ex-0000003D: acquired ep-0000003C
01:14:49.254 [Test worker] DEBUG com.github.dockerjava.zerodep.shaded.org.apache.hc.client5.http.impl.classic.InternalHttpClient - ex-0000003D: acquired endpoint ep-0000003C
01:14:49.254 [Test worker] DEBUG com.github.dockerjava.zerodep.shaded.org.apache.hc.client5.http.impl.classic.MainClientExec - ex-0000003D: executing GET /v1.32/containers/cd5ecdf38df06b4092e6cf67100cd20ad9c3cb4b6e9303874a7bd89885b140c9/json HTTP/1.1
01:14:49.254 [Test worker] DEBUG com.github.dockerjava.zerodep.shaded.org.apache.hc.client5.http.impl.classic.InternalHttpClient - ep-0000003C: start execution ex-0000003D
01:14:49.254 [Test worker] DEBUG com.github.dockerjava.zerodep.shaded.org.apache.hc.client5.http.impl.io.PoolingHttpClientConnectionManager - ep-0000003C: executing exchange ex-0000003D over http-outgoing-2
01:14:49.255 [Test worker] DEBUG com.github.dockerjava.zerodep.shaded.org.apache.hc.client5.http.headers - http-outgoing-2 >> GET /v1.32/containers/cd5ecdf38df06b4092e6cf67100cd20ad9c3cb4b6e9303874a7bd89885b140c9/json HTTP/1.1
01:14:49.255 [Test worker] DEBUG com.github.dockerjava.zerodep.shaded.org.apache.hc.client5.http.headers - http-outgoing-2 >> accept: application/json
01:14:49.255 [Test worker] DEBUG com.github.dockerjava.zerodep.shaded.org.apache.hc.client5.http.headers - http-outgoing-2 >> x-tc-sid: 71b9672a-6f61-4546-a7b6-d603100b2e56
01:14:49.255 [Test worker] DEBUG com.github.dockerjava.zerodep.shaded.org.apache.hc.client5.http.headers - http-outgoing-2 >> Accept-Encoding: gzip, x-gzip, deflate
01:14:49.255 [Test worker] DEBUG com.github.dockerjava.zerodep.shaded.org.apache.hc.client5.http.headers - http-outgoing-2 >> Host: localhost:2375
01:14:49.255 [Test worker] DEBUG com.github.dockerjava.zerodep.shaded.org.apache.hc.client5.http.headers - http-outgoing-2 >> Connection: keep-alive
01:14:49.255 [Test worker] DEBUG com.github.dockerjava.zerodep.shaded.org.apache.hc.client5.http.headers - http-outgoing-2 >> User-Agent: Apache-HttpClient/5.0.3 (Java/17.0.2)
01:14:49.255 [Test worker] DEBUG com.github.dockerjava.zerodep.shaded.org.apache.hc.client5.http.wire - http-outgoing-2 >> "GET /v1.32/containers/cd5ecdf38df06b4092e6cf67100cd20ad9c3cb4b6e9303874a7bd89885b140c9/json HTTP/1.1[\r][\n]"
01:14:49.255 [Test worker] DEBUG com.github.dockerjava.zerodep.shaded.org.apache.hc.client5.http.wire - http-outgoing-2 >> "accept: application/json[\r][\n]"
01:14:49.255 [Test worker] DEBUG com.github.dockerjava.zerodep.shaded.org.apache.hc.client5.http.wire - http-outgoing-2 >> "x-tc-sid: 71b9672a-6f61-4546-a7b6-d603100b2e56[\r][\n]"
01:14:49.255 [Test worker] DEBUG com.github.dockerjava.zerodep.shaded.org.apache.hc.client5.http.wire - http-outgoing-2 >> "Accept-Encoding: gzip, x-gzip, deflate[\r][\n]"
01:14:49.255 [Test worker] DEBUG com.github.dockerjava.zerodep.shaded.org.apache.hc.client5.http.wire - http-outgoing-2 >> "Host: localhost:2375[\r][\n]"
01:14:49.255 [Test worker] DEBUG com.github.dockerjava.zerodep.shaded.org.apache.hc.client5.http.wire - http-outgoing-2 >> "Connection: keep-alive[\r][\n]"
01:14:49.255 [Test worker] DEBUG com.github.dockerjava.zerodep.shaded.org.apache.hc.client5.http.wire - http-outgoing-2 >> "User-Agent: Apache-HttpClient/5.0.3 (Java/17.0.2)[\r][\n]"
01:14:49.255 [Test worker] DEBUG com.github.dockerjava.zerodep.shaded.org.apache.hc.client5.http.wire - http-outgoing-2 >> "[\r][\n]"
01:14:49.257 [Test worker] DEBUG com.github.dockerjava.zerodep.shaded.org.apache.hc.client5.http.wire - http-outgoing-2 << "HTTP/1.1 200 OK[\r][\n]"
01:14:49.257 [Test worker] DEBUG com.github.dockerjava.zerodep.shaded.org.apache.hc.client5.http.wire - http-outgoing-2 << "Api-Version: 1.41[\r][\n]"
01:14:49.257 [Test worker] DEBUG com.github.dockerjava.zerodep.shaded.org.apache.hc.client5.http.wire - http-outgoing-2 << "Content-Type: application/json[\r][\n]"
01:14:49.257 [Test worker] DEBUG com.github.dockerjava.zerodep.shaded.org.apache.hc.client5.http.wire - http-outgoing-2 << "Date: Tue, 28 Mar 2023 04:14:49 GMT[\r][\n]"
01:14:49.257 [Test worker] DEBUG com.github.dockerjava.zerodep.shaded.org.apache.hc.client5.http.wire - http-outgoing-2 << "Docker-Experimental: false[\r][\n]"
01:14:49.257 [Test worker] DEBUG com.github.dockerjava.zerodep.shaded.org.apache.hc.client5.http.wire - http-outgoing-2 << "Ostype: linux[\r][\n]"
01:14:49.257 [Test worker] DEBUG com.github.dockerjava.zerodep.shaded.org.apache.hc.client5.http.wire - http-outgoing-2 << "Server: Docker/20.10.21 (linux)[\r][\n]"
01:14:49.257 [Test worker] DEBUG com.github.dockerjava.zerodep.shaded.org.apache.hc.client5.http.wire - http-outgoing-2 << "Transfer-Encoding: chunked[\r][\n]"
01:14:49.257 [Test worker] DEBUG com.github.dockerjava.zerodep.shaded.org.apache.hc.client5.http.wire - http-outgoing-2 << "[\r][\n]"
01:14:49.258 [Test worker] DEBUG com.github.dockerjava.zerodep.shaded.org.apache.hc.client5.http.headers - http-outgoing-2 << HTTP/1.1 200 OK
01:14:49.258 [Test worker] DEBUG com.github.dockerjava.zerodep.shaded.org.apache.hc.client5.http.headers - http-outgoing-2 << Api-Version: 1.41
01:14:49.258 [Test worker] DEBUG com.github.dockerjava.zerodep.shaded.org.apache.hc.client5.http.headers - http-outgoing-2 << Content-Type: application/json
01:14:49.258 [Test worker] DEBUG com.github.dockerjava.zerodep.shaded.org.apache.hc.client5.http.headers - http-outgoing-2 << Date: Tue, 28 Mar 2023 04:14:49 GMT
01:14:49.258 [Test worker] DEBUG com.github.dockerjava.zerodep.shaded.org.apache.hc.client5.http.headers - http-outgoing-2 << Docker-Experimental: false
01:14:49.258 [Test worker] DEBUG com.github.dockerjava.zerodep.shaded.org.apache.hc.client5.http.headers - http-outgoing-2 << Ostype: linux
01:14:49.258 [Test worker] DEBUG com.github.dockerjava.zerodep.shaded.org.apache.hc.client5.http.headers - http-outgoing-2 << Server: Docker/20.10.21 (linux)
01:14:49.258 [Test worker] DEBUG com.github.dockerjava.zerodep.shaded.org.apache.hc.client5.http.headers - http-outgoing-2 << Transfer-Encoding: chunked
01:14:49.258 [Test worker] DEBUG com.github.dockerjava.zerodep.shaded.org.apache.hc.client5.http.impl.classic.MainClientExec - ex-0000003D: connection can be kept alive for 3 MINUTES
01:14:49.259 [Test worker] DEBUG com.github.dockerjava.zerodep.shaded.org.apache.hc.client5.http.wire - http-outgoing-2 << "18c1[\r][\n]"
01:14:49.259 [Test worker] DEBUG com.github.dockerjava.zerodep.shaded.org.apache.hc.client5.http.wire - http-outgoing-2 << "{"Id":"cd5ecdf38df06b4092e6cf67100cd20ad9c3cb4b6e9303874a7bd89885b140c9","Created":"2023-03-28T04:14:43.179040379Z","Path":"docker-entrypoint.sh","Args":["mysqld"],"State":{"Status":"running","Running":true,"Paused":false,"Restarting":false,"OOMKilled":false,"Dead":false,"Pid":20152,"ExitCode":0,"Error":"","StartedAt":"2023-03-28T04:14:43.680338005Z","FinishedAt":"0001-01-01T00:00:00Z"},"Image":"sha256:c7c54c29e20dccc1aefb936c8eba8bb8b98b87a4921102aba87fde2df5810af9","ResolvConfPath":"/var/lib/docker/containers/cd5ecdf38df06b4092e6cf67100cd20ad9c3cb4b6e9303874a7bd89885b140c9/resolv.conf","HostnamePath":"/var/lib/docker/containers/cd5ecdf38df06b4092e6cf67100cd20ad9c3cb4b6e9303874a7bd89885b140c9/hostname","HostsPath":"/var/lib/docker/containers/cd5ecdf38df06b4092e6cf67100cd20ad9c3cb4b6e9303874a7bd89885b140c9/hosts","LogPath":"/var/lib/docker/containers/cd5ecdf38df06b4092e6cf67100cd20ad9c3cb4b6e9303874a7bd89885b140c9/cd5ecdf38df06b4092e6cf67100cd20ad9c3cb4b6e9303874a7bd89885b140c9-json.log","Name":"/keen_matsumoto","RestartCount":0,"Driver":"overlay2","Platform":"linux","MountLabel":"","ProcessLabel":"","AppArmorProfile":"","ExecIDs":null,"HostConfig":{"Binds":[],"ContainerIDFile":"","LogConfig":{"Type":"json-file","Config":{}},"NetworkMode":"default","PortBindings":{"3306/tcp":[{"HostIp":"0.0.0.0","HostPort":"0"}]},"RestartPolicy":{"Name":"","MaximumRetryCount":0},"AutoRemove":false,"VolumeDriver":"","VolumesFrom":[],"CapAdd":null,"CapDrop":null,"CgroupnsMode":"private","Dns":null,"DnsOptions":null,"DnsSearch":null,"ExtraHosts":[],"GroupAdd":null,"IpcMode":"shareable","Cgroup":"","Links":null,"OomScoreAdj":0,"PidMode":"","Privileged":false,"PublishAllPorts":false,"ReadonlyRootfs":false,"SecurityOpt":null,"UTSMode":"","UsernsMode":"","ShmSize":67108864,"Runtime":"runc","ConsoleSize":[0,0],"Isolation":"","CpuShares":0,"Memory":0,"NanoCpus":0,"CgroupParent":"","BlkioWeight":0,"BlkioWeightDevice":null,"BlkioDeviceReadBps":null,"BlkioDeviceWriteBps":null,"BlkioDeviceReadIOps":null,"BlkioDeviceWriteIOps":null,"CpuPeriod":0,"CpuQuota":0,"CpuRealtimePeriod":0,"CpuRealtimeRuntime":0,"CpusetCpus":"","CpusetMems":"","Devices":null,"DeviceCgroupRules":null,"DeviceRequests":null,"KernelMemory":0,"KernelMemoryTCP":0,"MemoryReservation":0,"MemorySwap":0,"MemorySwappiness":null,"OomKillDisable":null,"PidsLimit":null,"Ulimits":null,"CpuCount":0,"CpuPercent":0,"IOMaximumIOps":0,"IOMaximumBandwidth":0,"MaskedPaths":["/proc/asound","/proc/acpi","/proc/kcore","/proc/keys","/proc/latency_stats","/proc/timer_list","/proc/timer_stats","/proc/sched_debug","/proc/scsi","/sys/firmware"],"ReadonlyPaths":["/proc/bus","/proc/fs","/proc/irq","/proc/sys","/proc/sysrq-trigger"]},"GraphDriver":{"Data":{"LowerDir":"/var/lib/docker/overlay2/830e690ec83ecff869b59e4f673c0c63b2bc5c068e9f710933e6f61763699fd2-init/diff:/var/lib/docker/overlay2/1bd8849d7a296305617011f940aa5cfabbe972a513397b1b6bbc27639b6c1f30/diff:/var/lib/docker/overlay2/199d69b2fbf78af4d4c95dec4fd2f8835ab0347eb49fb20ebb2ff3b99fedd6ad/diff:/var/lib/docker/overlay2/d83c38d654989311f75b9491329846033bfb7714de76ef635380dcfad5c740d9/diff:/var/lib/docker/overlay2/08600d0aea2ab2728bebcf5d2589c640a842f53d1ba3c4a4adccb4d03b923cf6/diff:/var/lib/docker/overlay2/9ec7c63a3fb14d13ac788bbf5e282ca821edc41260b79944e5e631037d13ecda/diff:/var/lib/docker/overlay2/db601d7a1b4ea6da638db620462f0da96fa55c559d02269c9ddb09027936ed87/diff:/var/lib/docker/overlay2/a6d2bd03f942e2565f21e74cfe152c7ec836a1c2b583f0790c685b92bdcfda24/diff:/var/lib/docker/overlay2/9badd16ea2c5e2bf1fde8b579683e41137dfc46ed5449234149f199a6751cc84/diff:/var/lib/docker/overlay2/6efb85646ed12e2d1181ef4cc6f6f6732c00c15a4035fe17ebc4f075ca573c30/diff:/var/lib/docker/overlay2/895d7c0ec09144d6ed33936f4e98e11c18010f7abd708cae1ce43aec7a7f2621/diff:/var/lib/docker/overlay2/1c4ba77aa573ab6e5e5069fd15eae71b3da940bde0f97a922a227ffc8a1d1096/diff","MergedDir":"/var/lib/docker/overlay2/830e690ec83ecff869b59e4f673c0c63b2bc5c068e9f710933e6f61763699fd2/merged","UpperDir":"/var/lib/docker/overlay2/830e690ec83ecff869b59e4f673c0c63b2bc5c068e9f710933e6f61763699fd2/diff","WorkDir":"/var/lib/docker/overlay2/830e690ec83ecff869b59e4f673c0c63b2bc5c068e9f710933e6f61763699fd2/work"},"Name":"overlay2"},"Mounts":[{"Type":"volume","Name":"25868b8cea8ad6eba7f00a6fe83e8848def5cff8aab5c5943024031400fa063d","Source":"/var/lib/docker/volumes/25868b8cea8ad6eba7f00a6fe83e8848def5cff8aab5c5943024031400fa063d/_data","Destination":"/var/lib/mysql","Driver":"local","Mode":"","RW":true,"Propagation":""}],"Config":{"Hostname":"cd5ecdf38df0","Domainname":"","User":"","AttachStdin":false,"AttachStdout":false,"AttachStderr":false,"ExposedPorts":{"3306/tcp":{},"33060/tcp":{}},"Tty":false,"OpenStdin":false,"StdinOnce":false,"Env":["MYSQL_DATABASE=adm_videos","MYSQL_PASSWORD=123456","MYSQL_ROOT_PASSWORD=123456","PATH=/usr/local/sbin:/usr/local/bin:/usr/sbin:/usr/bin:/sbin:/bin","GOSU_VERSION=1.16","MYSQL_MAJOR=8.0","MYSQL_VERSION=8.0.32-1.el8","MYSQL_SHELL_VERSION=8.0.32-1.el8"],"Cmd":["mysqld"],"Image":"mysql:latest","Volumes":{"/var/lib/mysql":{}},"WorkingDir":"","Entrypoint":["docker-entrypoint.sh"],"OnBuild":null,"Labels":{"org.testcontainers":"true","org.testcontainers.lang":"java","org.testcontainers.sessionId":"71b9672a-6f61-4546-a7b6-d603100b2e56","org.testcontainers.version":"1.17.6"}},"NetworkSettings":{"Bridge":"","SandboxID":"56762d63452c709eadac6b5c5f4b6cdd30da833580c632f91fd658806eaf4ddb","HairpinMode":false,"LinkLocalIPv6Address":"","LinkLocalIPv6PrefixLen":0,"Ports":{"3306/tcp":[{"HostIp":"0.0.0.0","HostPort":"63819"}],"33060/tcp":null},"SandboxKey":"/var/run/docker/netns/56762d63452c","SecondaryIPAddresses":null,"SecondaryIPv6Addresses":null,"EndpointID":"92fc2600684327987bceb8e2716a72ba2420fccd56812c1491af8c03946e105c","Gateway":"172.17.0.1","GlobalIPv6Address":"","GlobalIPv6PrefixLen":0,"IPAddress":"172.17.0.3","IPPrefixLen":16,"IPv6Gateway":"","MacAddress":"02:42:ac:11:00:03","Networks":{"bridge":{"IPAMConfig":null,"Links":null,"Aliases":null,"NetworkID":"308e234c143065751b16b4500cb9f48d5c7fc2116504b3d816a5e51cd4771062","EndpointID":"92fc2600684327987bceb8e2716a72ba2420fccd56812c1491af8c03946e105c","Gateway":"172.17.0.1","IPAddress":"172.17.0.3","IPPrefixLen":16,"IPv6Gateway":"","GlobalIPv6Address":"","GlobalIPv6PrefixLen":0,"MacAddress":"02:42:ac:11:00:03","DriverOpts":null}}}}[\n]"
01:14:49.259 [Test worker] DEBUG com.github.dockerjava.zerodep.shaded.org.apache.hc.client5.http.wire - http-outgoing-2 << "[\r][\n]"
01:14:49.260 [Test worker] DEBUG com.github.dockerjava.zerodep.shaded.org.apache.hc.client5.http.wire - http-outgoing-2 << "0[\r][\n]"
01:14:49.260 [Test worker] DEBUG com.github.dockerjava.zerodep.shaded.org.apache.hc.client5.http.wire - http-outgoing-2 << "[\r][\n]"
01:14:49.260 [Test worker] DEBUG com.github.dockerjava.zerodep.shaded.org.apache.hc.client5.http.impl.classic.InternalHttpClient - ep-0000003C: releasing valid endpoint
01:14:49.260 [Test worker] DEBUG com.github.dockerjava.zerodep.shaded.org.apache.hc.client5.http.impl.io.PoolingHttpClientConnectionManager - ep-0000003C: releasing endpoint
01:14:49.260 [Test worker] DEBUG com.github.dockerjava.zerodep.shaded.org.apache.hc.client5.http.impl.io.PoolingHttpClientConnectionManager - ep-0000003C: connection http-outgoing-2 can be kept alive for 3 MINUTES
01:14:49.260 [Test worker] DEBUG com.github.dockerjava.zerodep.shaded.org.apache.hc.client5.http.impl.io.PoolingHttpClientConnectionManager - ep-0000003C: connection released [route: {}->unix://localhost:2375][total available: 1; route allocated: 1 of 2147483647; total allocated: 1 of 2147483647]
01:14:49.260 [Test worker] DEBUG ]]>&#x1f433;<![CDATA[ [mysql:latest] - Trying to create JDBC connection using com.mysql.cj.jdbc.Driver to jdbc:mysql://localhost:63819/adm_videos?useSSL=false&allowPublicKeyRetrieval=true with properties: {password=123456, user=root}
01:14:49.368 [Test worker] DEBUG org.testcontainers.shaded.com.github.dockerjava.core.command.AbstrDockerCmd - Cmd: cd5ecdf38df06b4092e6cf67100cd20ad9c3cb4b6e9303874a7bd89885b140c9,false
01:14:49.369 [Test worker] DEBUG org.testcontainers.shaded.com.github.dockerjava.core.exec.InspectContainerCmdExec - GET: DefaultWebTarget{path=[/containers/cd5ecdf38df06b4092e6cf67100cd20ad9c3cb4b6e9303874a7bd89885b140c9/json], queryParams={}}
01:14:49.369 [Test worker] DEBUG com.github.dockerjava.zerodep.shaded.org.apache.hc.client5.http.impl.classic.InternalHttpClient - ex-0000003E: preparing request execution
01:14:49.369 [Test worker] DEBUG com.github.dockerjava.zerodep.shaded.org.apache.hc.client5.http.protocol.RequestAddCookies - Cookie spec selected: strict
01:14:49.369 [Test worker] DEBUG com.github.dockerjava.zerodep.shaded.org.apache.hc.client5.http.protocol.RequestAuthCache - Auth cache not set in the context
01:14:49.369 [Test worker] DEBUG com.github.dockerjava.zerodep.shaded.org.apache.hc.client5.http.impl.classic.ProtocolExec - ex-0000003E: target auth state: UNCHALLENGED
01:14:49.369 [Test worker] DEBUG com.github.dockerjava.zerodep.shaded.org.apache.hc.client5.http.impl.classic.ProtocolExec - ex-0000003E: proxy auth state: UNCHALLENGED
01:14:49.369 [Test worker] DEBUG com.github.dockerjava.zerodep.shaded.org.apache.hc.client5.http.impl.classic.ConnectExec - ex-0000003E: acquiring connection with route {}->unix://localhost:2375
01:14:49.369 [Test worker] DEBUG com.github.dockerjava.zerodep.shaded.org.apache.hc.client5.http.impl.classic.InternalHttpClient - ex-0000003E: acquiring endpoint (3 MINUTES)
01:14:49.370 [Test worker] DEBUG com.github.dockerjava.zerodep.shaded.org.apache.hc.client5.http.impl.io.PoolingHttpClientConnectionManager - ex-0000003E: endpoint lease request (3 MINUTES) [route: {}->unix://localhost:2375][total available: 1; route allocated: 1 of 2147483647; total allocated: 1 of 2147483647]
01:14:49.370 [Test worker] DEBUG com.github.dockerjava.zerodep.shaded.org.apache.hc.client5.http.impl.io.PoolingHttpClientConnectionManager - ex-0000003E: endpoint leased [route: {}->unix://localhost:2375][total available: 0; route allocated: 1 of 2147483647; total allocated: 1 of 2147483647]
01:14:49.383 [Test worker] DEBUG com.github.dockerjava.zerodep.shaded.org.apache.hc.client5.http.impl.io.PoolingHttpClientConnectionManager - ex-0000003E: acquired ep-0000003D
01:14:49.383 [Test worker] DEBUG com.github.dockerjava.zerodep.shaded.org.apache.hc.client5.http.impl.classic.InternalHttpClient - ex-0000003E: acquired endpoint ep-0000003D
01:14:49.383 [Test worker] DEBUG com.github.dockerjava.zerodep.shaded.org.apache.hc.client5.http.impl.classic.MainClientExec - ex-0000003E: executing GET /v1.32/containers/cd5ecdf38df06b4092e6cf67100cd20ad9c3cb4b6e9303874a7bd89885b140c9/json HTTP/1.1
01:14:49.383 [Test worker] DEBUG com.github.dockerjava.zerodep.shaded.org.apache.hc.client5.http.impl.classic.InternalHttpClient - ep-0000003D: start execution ex-0000003E
01:14:49.383 [Test worker] DEBUG com.github.dockerjava.zerodep.shaded.org.apache.hc.client5.http.impl.io.PoolingHttpClientConnectionManager - ep-0000003D: executing exchange ex-0000003E over http-outgoing-2
01:14:49.383 [Test worker] DEBUG com.github.dockerjava.zerodep.shaded.org.apache.hc.client5.http.headers - http-outgoing-2 >> GET /v1.32/containers/cd5ecdf38df06b4092e6cf67100cd20ad9c3cb4b6e9303874a7bd89885b140c9/json HTTP/1.1
01:14:49.383 [Test worker] DEBUG com.github.dockerjava.zerodep.shaded.org.apache.hc.client5.http.headers - http-outgoing-2 >> accept: application/json
01:14:49.383 [Test worker] DEBUG com.github.dockerjava.zerodep.shaded.org.apache.hc.client5.http.headers - http-outgoing-2 >> x-tc-sid: 71b9672a-6f61-4546-a7b6-d603100b2e56
01:14:49.383 [Test worker] DEBUG com.github.dockerjava.zerodep.shaded.org.apache.hc.client5.http.headers - http-outgoing-2 >> Accept-Encoding: gzip, x-gzip, deflate
01:14:49.383 [Test worker] DEBUG com.github.dockerjava.zerodep.shaded.org.apache.hc.client5.http.headers - http-outgoing-2 >> Host: localhost:2375
01:14:49.383 [Test worker] DEBUG com.github.dockerjava.zerodep.shaded.org.apache.hc.client5.http.headers - http-outgoing-2 >> Connection: keep-alive
01:14:49.383 [Test worker] DEBUG com.github.dockerjava.zerodep.shaded.org.apache.hc.client5.http.headers - http-outgoing-2 >> User-Agent: Apache-HttpClient/5.0.3 (Java/17.0.2)
01:14:49.383 [Test worker] DEBUG com.github.dockerjava.zerodep.shaded.org.apache.hc.client5.http.wire - http-outgoing-2 >> "GET /v1.32/containers/cd5ecdf38df06b4092e6cf67100cd20ad9c3cb4b6e9303874a7bd89885b140c9/json HTTP/1.1[\r][\n]"
01:14:49.383 [Test worker] DEBUG com.github.dockerjava.zerodep.shaded.org.apache.hc.client5.http.wire - http-outgoing-2 >> "accept: application/json[\r][\n]"
01:14:49.383 [Test worker] DEBUG com.github.dockerjava.zerodep.shaded.org.apache.hc.client5.http.wire - http-outgoing-2 >> "x-tc-sid: 71b9672a-6f61-4546-a7b6-d603100b2e56[\r][\n]"
01:14:49.383 [Test worker] DEBUG com.github.dockerjava.zerodep.shaded.org.apache.hc.client5.http.wire - http-outgoing-2 >> "Accept-Encoding: gzip, x-gzip, deflate[\r][\n]"
01:14:49.383 [Test worker] DEBUG com.github.dockerjava.zerodep.shaded.org.apache.hc.client5.http.wire - http-outgoing-2 >> "Host: localhost:2375[\r][\n]"
01:14:49.383 [Test worker] DEBUG com.github.dockerjava.zerodep.shaded.org.apache.hc.client5.http.wire - http-outgoing-2 >> "Connection: keep-alive[\r][\n]"
01:14:49.383 [Test worker] DEBUG com.github.dockerjava.zerodep.shaded.org.apache.hc.client5.http.wire - http-outgoing-2 >> "User-Agent: Apache-HttpClient/5.0.3 (Java/17.0.2)[\r][\n]"
01:14:49.383 [Test worker] DEBUG com.github.dockerjava.zerodep.shaded.org.apache.hc.client5.http.wire - http-outgoing-2 >> "[\r][\n]"
01:14:49.386 [Test worker] DEBUG com.github.dockerjava.zerodep.shaded.org.apache.hc.client5.http.wire - http-outgoing-2 << "HTTP/1.1 200 OK[\r][\n]"
01:14:49.386 [Test worker] DEBUG com.github.dockerjava.zerodep.shaded.org.apache.hc.client5.http.wire - http-outgoing-2 << "Api-Version: 1.41[\r][\n]"
01:14:49.386 [Test worker] DEBUG com.github.dockerjava.zerodep.shaded.org.apache.hc.client5.http.wire - http-outgoing-2 << "Content-Type: application/json[\r][\n]"
01:14:49.386 [Test worker] DEBUG com.github.dockerjava.zerodep.shaded.org.apache.hc.client5.http.wire - http-outgoing-2 << "Date: Tue, 28 Mar 2023 04:14:49 GMT[\r][\n]"
01:14:49.386 [Test worker] DEBUG com.github.dockerjava.zerodep.shaded.org.apache.hc.client5.http.wire - http-outgoing-2 << "Docker-Experimental: false[\r][\n]"
01:14:49.386 [Test worker] DEBUG com.github.dockerjava.zerodep.shaded.org.apache.hc.client5.http.wire - http-outgoing-2 << "Ostype: linux[\r][\n]"
01:14:49.386 [Test worker] DEBUG com.github.dockerjava.zerodep.shaded.org.apache.hc.client5.http.wire - http-outgoing-2 << "Server: Docker/20.10.21 (linux)[\r][\n]"
01:14:49.386 [Test worker] DEBUG com.github.dockerjava.zerodep.shaded.org.apache.hc.client5.http.wire - http-outgoing-2 << "Transfer-Encoding: chunked[\r][\n]"
01:14:49.386 [Test worker] DEBUG com.github.dockerjava.zerodep.shaded.org.apache.hc.client5.http.wire - http-outgoing-2 << "[\r][\n]"
01:14:49.386 [Test worker] DEBUG com.github.dockerjava.zerodep.shaded.org.apache.hc.client5.http.headers - http-outgoing-2 << HTTP/1.1 200 OK
01:14:49.386 [Test worker] DEBUG com.github.dockerjava.zerodep.shaded.org.apache.hc.client5.http.headers - http-outgoing-2 << Api-Version: 1.41
01:14:49.386 [Test worker] DEBUG com.github.dockerjava.zerodep.shaded.org.apache.hc.client5.http.headers - http-outgoing-2 << Content-Type: application/json
01:14:49.386 [Test worker] DEBUG com.github.dockerjava.zerodep.shaded.org.apache.hc.client5.http.headers - http-outgoing-2 << Date: Tue, 28 Mar 2023 04:14:49 GMT
01:14:49.386 [Test worker] DEBUG com.github.dockerjava.zerodep.shaded.org.apache.hc.client5.http.headers - http-outgoing-2 << Docker-Experimental: false
01:14:49.386 [Test worker] DEBUG com.github.dockerjava.zerodep.shaded.org.apache.hc.client5.http.headers - http-outgoing-2 << Ostype: linux
01:14:49.386 [Test worker] DEBUG com.github.dockerjava.zerodep.shaded.org.apache.hc.client5.http.headers - http-outgoing-2 << Server: Docker/20.10.21 (linux)
01:14:49.386 [Test worker] DEBUG com.github.dockerjava.zerodep.shaded.org.apache.hc.client5.http.headers - http-outgoing-2 << Transfer-Encoding: chunked
01:14:49.386 [Test worker] DEBUG com.github.dockerjava.zerodep.shaded.org.apache.hc.client5.http.impl.classic.MainClientExec - ex-0000003E: connection can be kept alive for 3 MINUTES
01:14:49.388 [Test worker] DEBUG com.github.dockerjava.zerodep.shaded.org.apache.hc.client5.http.wire - http-outgoing-2 << "18c1[\r][\n]"
01:14:49.388 [Test worker] DEBUG com.github.dockerjava.zerodep.shaded.org.apache.hc.client5.http.wire - http-outgoing-2 << "{"Id":"cd5ecdf38df06b4092e6cf67100cd20ad9c3cb4b6e9303874a7bd89885b140c9","Created":"2023-03-28T04:14:43.179040379Z","Path":"docker-entrypoint.sh","Args":["mysqld"],"State":{"Status":"running","Running":true,"Paused":false,"Restarting":false,"OOMKilled":false,"Dead":false,"Pid":20152,"ExitCode":0,"Error":"","StartedAt":"2023-03-28T04:14:43.680338005Z","FinishedAt":"0001-01-01T00:00:00Z"},"Image":"sha256:c7c54c29e20dccc1aefb936c8eba8bb8b98b87a4921102aba87fde2df5810af9","ResolvConfPath":"/var/lib/docker/containers/cd5ecdf38df06b4092e6cf67100cd20ad9c3cb4b6e9303874a7bd89885b140c9/resolv.conf","HostnamePath":"/var/lib/docker/containers/cd5ecdf38df06b4092e6cf67100cd20ad9c3cb4b6e9303874a7bd89885b140c9/hostname","HostsPath":"/var/lib/docker/containers/cd5ecdf38df06b4092e6cf67100cd20ad9c3cb4b6e9303874a7bd89885b140c9/hosts","LogPath":"/var/lib/docker/containers/cd5ecdf38df06b4092e6cf67100cd20ad9c3cb4b6e9303874a7bd89885b140c9/cd5ecdf38df06b4092e6cf67100cd20ad9c3cb4b6e9303874a7bd89885b140c9-json.log","Name":"/keen_matsumoto","RestartCount":0,"Driver":"overlay2","Platform":"linux","MountLabel":"","ProcessLabel":"","AppArmorProfile":"","ExecIDs":null,"HostConfig":{"Binds":[],"ContainerIDFile":"","LogConfig":{"Type":"json-file","Config":{}},"NetworkMode":"default","PortBindings":{"3306/tcp":[{"HostIp":"0.0.0.0","HostPort":"0"}]},"RestartPolicy":{"Name":"","MaximumRetryCount":0},"AutoRemove":false,"VolumeDriver":"","VolumesFrom":[],"CapAdd":null,"CapDrop":null,"CgroupnsMode":"private","Dns":null,"DnsOptions":null,"DnsSearch":null,"ExtraHosts":[],"GroupAdd":null,"IpcMode":"shareable","Cgroup":"","Links":null,"OomScoreAdj":0,"PidMode":"","Privileged":false,"PublishAllPorts":false,"ReadonlyRootfs":false,"SecurityOpt":null,"UTSMode":"","UsernsMode":"","ShmSize":67108864,"Runtime":"runc","ConsoleSize":[0,0],"Isolation":"","CpuShares":0,"Memory":0,"NanoCpus":0,"CgroupParent":"","BlkioWeight":0,"BlkioWeightDevice":null,"BlkioDeviceReadBps":null,"BlkioDeviceWriteBps":null,"BlkioDeviceReadIOps":null,"BlkioDeviceWriteIOps":null,"CpuPeriod":0,"CpuQuota":0,"CpuRealtimePeriod":0,"CpuRealtimeRuntime":0,"CpusetCpus":"","CpusetMems":"","Devices":null,"DeviceCgroupRules":null,"DeviceRequests":null,"KernelMemory":0,"KernelMemoryTCP":0,"MemoryReservation":0,"MemorySwap":0,"MemorySwappiness":null,"OomKillDisable":null,"PidsLimit":null,"Ulimits":null,"CpuCount":0,"CpuPercent":0,"IOMaximumIOps":0,"IOMaximumBandwidth":0,"MaskedPaths":["/proc/asound","/proc/acpi","/proc/kcore","/proc/keys","/proc/latency_stats","/proc/timer_list","/proc/timer_stats","/proc/sched_debug","/proc/scsi","/sys/firmware"],"ReadonlyPaths":["/proc/bus","/proc/fs","/proc/irq","/proc/sys","/proc/sysrq-trigger"]},"GraphDriver":{"Data":{"LowerDir":"/var/lib/docker/overlay2/830e690ec83ecff869b59e4f673c0c63b2bc5c068e9f710933e6f61763699fd2-init/diff:/var/lib/docker/overlay2/1bd8849d7a296305617011f940aa5cfabbe972a513397b1b6bbc27639b6c1f30/diff:/var/lib/docker/overlay2/199d69b2fbf78af4d4c95dec4fd2f8835ab0347eb49fb20ebb2ff3b99fedd6ad/diff:/var/lib/docker/overlay2/d83c38d654989311f75b9491329846033bfb7714de76ef635380dcfad5c740d9/diff:/var/lib/docker/overlay2/08600d0aea2ab2728bebcf5d2589c640a842f53d1ba3c4a4adccb4d03b923cf6/diff:/var/lib/docker/overlay2/9ec7c63a3fb14d13ac788bbf5e282ca821edc41260b79944e5e631037d13ecda/diff:/var/lib/docker/overlay2/db601d7a1b4ea6da638db620462f0da96fa55c559d02269c9ddb09027936ed87/diff:/var/lib/docker/overlay2/a6d2bd03f942e2565f21e74cfe152c7ec836a1c2b583f0790c685b92bdcfda24/diff:/var/lib/docker/overlay2/9badd16ea2c5e2bf1fde8b579683e41137dfc46ed5449234149f199a6751cc84/diff:/var/lib/docker/overlay2/6efb85646ed12e2d1181ef4cc6f6f6732c00c15a4035fe17ebc4f075ca573c30/diff:/var/lib/docker/overlay2/895d7c0ec09144d6ed33936f4e98e11c18010f7abd708cae1ce43aec7a7f2621/diff:/var/lib/docker/overlay2/1c4ba77aa573ab6e5e5069fd15eae71b3da940bde0f97a922a227ffc8a1d1096/diff","MergedDir":"/var/lib/docker/overlay2/830e690ec83ecff869b59e4f673c0c63b2bc5c068e9f710933e6f61763699fd2/merged","UpperDir":"/var/lib/docker/overlay2/830e690ec83ecff869b59e4f673c0c63b2bc5c068e9f710933e6f61763699fd2/diff","WorkDir":"/var/lib/docker/overlay2/830e690ec83ecff869b59e4f673c0c63b2bc5c068e9f710933e6f61763699fd2/work"},"Name":"overlay2"},"Mounts":[{"Type":"volume","Name":"25868b8cea8ad6eba7f00a6fe83e8848def5cff8aab5c5943024031400fa063d","Source":"/var/lib/docker/volumes/25868b8cea8ad6eba7f00a6fe83e8848def5cff8aab5c5943024031400fa063d/_data","Destination":"/var/lib/mysql","Driver":"local","Mode":"","RW":true,"Propagation":""}],"Config":{"Hostname":"cd5ecdf38df0","Domainname":"","User":"","AttachStdin":false,"AttachStdout":false,"AttachStderr":false,"ExposedPorts":{"3306/tcp":{},"33060/tcp":{}},"Tty":false,"OpenStdin":false,"StdinOnce":false,"Env":["MYSQL_DATABASE=adm_videos","MYSQL_PASSWORD=123456","MYSQL_ROOT_PASSWORD=123456","PATH=/usr/local/sbin:/usr/local/bin:/usr/sbin:/usr/bin:/sbin:/bin","GOSU_VERSION=1.16","MYSQL_MAJOR=8.0","MYSQL_VERSION=8.0.32-1.el8","MYSQL_SHELL_VERSION=8.0.32-1.el8"],"Cmd":["mysqld"],"Image":"mysql:latest","Volumes":{"/var/lib/mysql":{}},"WorkingDir":"","Entrypoint":["docker-entrypoint.sh"],"OnBuild":null,"Labels":{"org.testcontainers":"true","org.testcontainers.lang":"java","org.testcontainers.sessionId":"71b9672a-6f61-4546-a7b6-d603100b2e56","org.testcontainers.version":"1.17.6"}},"NetworkSettings":{"Bridge":"","SandboxID":"56762d63452c709eadac6b5c5f4b6cdd30da833580c632f91fd658806eaf4ddb","HairpinMode":false,"LinkLocalIPv6Address":"","LinkLocalIPv6PrefixLen":0,"Ports":{"3306/tcp":[{"HostIp":"0.0.0.0","HostPort":"63819"}],"33060/tcp":null},"SandboxKey":"/var/run/docker/netns/56762d63452c","SecondaryIPAddresses":null,"SecondaryIPv6Addresses":null,"EndpointID":"92fc2600684327987bceb8e2716a72ba2420fccd56812c1491af8c03946e105c","Gateway":"172.17.0.1","GlobalIPv6Address":"","GlobalIPv6PrefixLen":0,"IPAddress":"172.17.0.3","IPPrefixLen":16,"IPv6Gateway":"","MacAddress":"02:42:ac:11:00:03","Networks":{"bridge":{"IPAMConfig":null,"Links":null,"Aliases":null,"NetworkID":"308e234c143065751b16b4500cb9f48d5c7fc2116504b3d816a5e51cd4771062","EndpointID":"92fc2600684327987bceb8e2716a72ba2420fccd56812c1491af8c03946e105c","Gateway":"172.17.0.1","IPAddress":"172.17.0.3","IPPrefixLen":16,"IPv6Gateway":"","GlobalIPv6Address":"","GlobalIPv6PrefixLen":0,"MacAddress":"02:42:ac:11:00:03","DriverOpts":null}}}}[\n]"
01:14:49.388 [Test worker] DEBUG com.github.dockerjava.zerodep.shaded.org.apache.hc.client5.http.wire - http-outgoing-2 << "[\r][\n]"
01:14:49.389 [Test worker] DEBUG com.github.dockerjava.zerodep.shaded.org.apache.hc.client5.http.wire - http-outgoing-2 << "0[\r][\n]"
01:14:49.389 [Test worker] DEBUG com.github.dockerjava.zerodep.shaded.org.apache.hc.client5.http.wire - http-outgoing-2 << "[\r][\n]"
01:14:49.389 [Test worker] DEBUG com.github.dockerjava.zerodep.shaded.org.apache.hc.client5.http.impl.classic.InternalHttpClient - ep-0000003D: releasing valid endpoint
01:14:49.389 [Test worker] DEBUG com.github.dockerjava.zerodep.shaded.org.apache.hc.client5.http.impl.io.PoolingHttpClientConnectionManager - ep-0000003D: releasing endpoint
01:14:49.389 [Test worker] DEBUG com.github.dockerjava.zerodep.shaded.org.apache.hc.client5.http.impl.io.PoolingHttpClientConnectionManager - ep-0000003D: connection http-outgoing-2 can be kept alive for 3 MINUTES
01:14:49.389 [Test worker] DEBUG com.github.dockerjava.zerodep.shaded.org.apache.hc.client5.http.impl.io.PoolingHttpClientConnectionManager - ep-0000003D: connection released [route: {}->unix://localhost:2375][total available: 1; route allocated: 1 of 2147483647; total allocated: 1 of 2147483647]
01:14:49.389 [Test worker] DEBUG ]]>&#x1f433;<![CDATA[ [mysql:latest] - Trying to create JDBC connection using com.mysql.cj.jdbc.Driver to jdbc:mysql://localhost:63819/adm_videos?useSSL=false&allowPublicKeyRetrieval=true with properties: {password=123456, user=root}
01:14:49.492 [Test worker] DEBUG org.testcontainers.shaded.com.github.dockerjava.core.command.AbstrDockerCmd - Cmd: cd5ecdf38df06b4092e6cf67100cd20ad9c3cb4b6e9303874a7bd89885b140c9,false
01:14:49.492 [Test worker] DEBUG org.testcontainers.shaded.com.github.dockerjava.core.exec.InspectContainerCmdExec - GET: DefaultWebTarget{path=[/containers/cd5ecdf38df06b4092e6cf67100cd20ad9c3cb4b6e9303874a7bd89885b140c9/json], queryParams={}}
01:14:49.499 [Test worker] DEBUG com.github.dockerjava.zerodep.shaded.org.apache.hc.client5.http.impl.classic.InternalHttpClient - ex-0000003F: preparing request execution
01:14:49.500 [Test worker] DEBUG com.github.dockerjava.zerodep.shaded.org.apache.hc.client5.http.protocol.RequestAddCookies - Cookie spec selected: strict
01:14:49.500 [Test worker] DEBUG com.github.dockerjava.zerodep.shaded.org.apache.hc.client5.http.protocol.RequestAuthCache - Auth cache not set in the context
01:14:49.500 [Test worker] DEBUG com.github.dockerjava.zerodep.shaded.org.apache.hc.client5.http.impl.classic.ProtocolExec - ex-0000003F: target auth state: UNCHALLENGED
01:14:49.500 [Test worker] DEBUG com.github.dockerjava.zerodep.shaded.org.apache.hc.client5.http.impl.classic.ProtocolExec - ex-0000003F: proxy auth state: UNCHALLENGED
01:14:49.500 [Test worker] DEBUG com.github.dockerjava.zerodep.shaded.org.apache.hc.client5.http.impl.classic.ConnectExec - ex-0000003F: acquiring connection with route {}->unix://localhost:2375
01:14:49.500 [Test worker] DEBUG com.github.dockerjava.zerodep.shaded.org.apache.hc.client5.http.impl.classic.InternalHttpClient - ex-0000003F: acquiring endpoint (3 MINUTES)
01:14:49.500 [Test worker] DEBUG com.github.dockerjava.zerodep.shaded.org.apache.hc.client5.http.impl.io.PoolingHttpClientConnectionManager - ex-0000003F: endpoint lease request (3 MINUTES) [route: {}->unix://localhost:2375][total available: 1; route allocated: 1 of 2147483647; total allocated: 1 of 2147483647]
01:14:49.500 [Test worker] DEBUG com.github.dockerjava.zerodep.shaded.org.apache.hc.client5.http.impl.io.PoolingHttpClientConnectionManager - ex-0000003F: endpoint leased [route: {}->unix://localhost:2375][total available: 0; route allocated: 1 of 2147483647; total allocated: 1 of 2147483647]
01:14:49.500 [Test worker] DEBUG com.github.dockerjava.zerodep.shaded.org.apache.hc.client5.http.impl.io.PoolingHttpClientConnectionManager - ex-0000003F: acquired ep-0000003E
01:14:49.500 [Test worker] DEBUG com.github.dockerjava.zerodep.shaded.org.apache.hc.client5.http.impl.classic.InternalHttpClient - ex-0000003F: acquired endpoint ep-0000003E
01:14:49.500 [Test worker] DEBUG com.github.dockerjava.zerodep.shaded.org.apache.hc.client5.http.impl.classic.MainClientExec - ex-0000003F: executing GET /v1.32/containers/cd5ecdf38df06b4092e6cf67100cd20ad9c3cb4b6e9303874a7bd89885b140c9/json HTTP/1.1
01:14:49.501 [Test worker] DEBUG com.github.dockerjava.zerodep.shaded.org.apache.hc.client5.http.impl.classic.InternalHttpClient - ep-0000003E: start execution ex-0000003F
01:14:49.501 [Test worker] DEBUG com.github.dockerjava.zerodep.shaded.org.apache.hc.client5.http.impl.io.PoolingHttpClientConnectionManager - ep-0000003E: executing exchange ex-0000003F over http-outgoing-2
01:14:49.501 [Test worker] DEBUG com.github.dockerjava.zerodep.shaded.org.apache.hc.client5.http.headers - http-outgoing-2 >> GET /v1.32/containers/cd5ecdf38df06b4092e6cf67100cd20ad9c3cb4b6e9303874a7bd89885b140c9/json HTTP/1.1
01:14:49.501 [Test worker] DEBUG com.github.dockerjava.zerodep.shaded.org.apache.hc.client5.http.headers - http-outgoing-2 >> accept: application/json
01:14:49.501 [Test worker] DEBUG com.github.dockerjava.zerodep.shaded.org.apache.hc.client5.http.headers - http-outgoing-2 >> x-tc-sid: 71b9672a-6f61-4546-a7b6-d603100b2e56
01:14:49.501 [Test worker] DEBUG com.github.dockerjava.zerodep.shaded.org.apache.hc.client5.http.headers - http-outgoing-2 >> Accept-Encoding: gzip, x-gzip, deflate
01:14:49.501 [Test worker] DEBUG com.github.dockerjava.zerodep.shaded.org.apache.hc.client5.http.headers - http-outgoing-2 >> Host: localhost:2375
01:14:49.501 [Test worker] DEBUG com.github.dockerjava.zerodep.shaded.org.apache.hc.client5.http.headers - http-outgoing-2 >> Connection: keep-alive
01:14:49.501 [Test worker] DEBUG com.github.dockerjava.zerodep.shaded.org.apache.hc.client5.http.headers - http-outgoing-2 >> User-Agent: Apache-HttpClient/5.0.3 (Java/17.0.2)
01:14:49.501 [Test worker] DEBUG com.github.dockerjava.zerodep.shaded.org.apache.hc.client5.http.wire - http-outgoing-2 >> "GET /v1.32/containers/cd5ecdf38df06b4092e6cf67100cd20ad9c3cb4b6e9303874a7bd89885b140c9/json HTTP/1.1[\r][\n]"
01:14:49.501 [Test worker] DEBUG com.github.dockerjava.zerodep.shaded.org.apache.hc.client5.http.wire - http-outgoing-2 >> "accept: application/json[\r][\n]"
01:14:49.501 [Test worker] DEBUG com.github.dockerjava.zerodep.shaded.org.apache.hc.client5.http.wire - http-outgoing-2 >> "x-tc-sid: 71b9672a-6f61-4546-a7b6-d603100b2e56[\r][\n]"
01:14:49.501 [Test worker] DEBUG com.github.dockerjava.zerodep.shaded.org.apache.hc.client5.http.wire - http-outgoing-2 >> "Accept-Encoding: gzip, x-gzip, deflate[\r][\n]"
01:14:49.501 [Test worker] DEBUG com.github.dockerjava.zerodep.shaded.org.apache.hc.client5.http.wire - http-outgoing-2 >> "Host: localhost:2375[\r][\n]"
01:14:49.501 [Test worker] DEBUG com.github.dockerjava.zerodep.shaded.org.apache.hc.client5.http.wire - http-outgoing-2 >> "Connection: keep-alive[\r][\n]"
01:14:49.501 [Test worker] DEBUG com.github.dockerjava.zerodep.shaded.org.apache.hc.client5.http.wire - http-outgoing-2 >> "User-Agent: Apache-HttpClient/5.0.3 (Java/17.0.2)[\r][\n]"
01:14:49.501 [Test worker] DEBUG com.github.dockerjava.zerodep.shaded.org.apache.hc.client5.http.wire - http-outgoing-2 >> "[\r][\n]"
01:14:49.506 [Test worker] DEBUG com.github.dockerjava.zerodep.shaded.org.apache.hc.client5.http.wire - http-outgoing-2 << "HTTP/1.1 200 OK[\r][\n]"
01:14:49.506 [Test worker] DEBUG com.github.dockerjava.zerodep.shaded.org.apache.hc.client5.http.wire - http-outgoing-2 << "Api-Version: 1.41[\r][\n]"
01:14:49.506 [Test worker] DEBUG com.github.dockerjava.zerodep.shaded.org.apache.hc.client5.http.wire - http-outgoing-2 << "Content-Type: application/json[\r][\n]"
01:14:49.506 [Test worker] DEBUG com.github.dockerjava.zerodep.shaded.org.apache.hc.client5.http.wire - http-outgoing-2 << "Date: Tue, 28 Mar 2023 04:14:49 GMT[\r][\n]"
01:14:49.506 [Test worker] DEBUG com.github.dockerjava.zerodep.shaded.org.apache.hc.client5.http.wire - http-outgoing-2 << "Docker-Experimental: false[\r][\n]"
01:14:49.506 [Test worker] DEBUG com.github.dockerjava.zerodep.shaded.org.apache.hc.client5.http.wire - http-outgoing-2 << "Ostype: linux[\r][\n]"
01:14:49.506 [Test worker] DEBUG com.github.dockerjava.zerodep.shaded.org.apache.hc.client5.http.wire - http-outgoing-2 << "Server: Docker/20.10.21 (linux)[\r][\n]"
01:14:49.506 [Test worker] DEBUG com.github.dockerjava.zerodep.shaded.org.apache.hc.client5.http.wire - http-outgoing-2 << "Transfer-Encoding: chunked[\r][\n]"
01:14:49.506 [Test worker] DEBUG com.github.dockerjava.zerodep.shaded.org.apache.hc.client5.http.wire - http-outgoing-2 << "[\r][\n]"
01:14:49.506 [Test worker] DEBUG com.github.dockerjava.zerodep.shaded.org.apache.hc.client5.http.headers - http-outgoing-2 << HTTP/1.1 200 OK
01:14:49.506 [Test worker] DEBUG com.github.dockerjava.zerodep.shaded.org.apache.hc.client5.http.headers - http-outgoing-2 << Api-Version: 1.41
01:14:49.506 [Test worker] DEBUG com.github.dockerjava.zerodep.shaded.org.apache.hc.client5.http.headers - http-outgoing-2 << Content-Type: application/json
01:14:49.506 [Test worker] DEBUG com.github.dockerjava.zerodep.shaded.org.apache.hc.client5.http.headers - http-outgoing-2 << Date: Tue, 28 Mar 2023 04:14:49 GMT
01:14:49.506 [Test worker] DEBUG com.github.dockerjava.zerodep.shaded.org.apache.hc.client5.http.headers - http-outgoing-2 << Docker-Experimental: false
01:14:49.506 [Test worker] DEBUG com.github.dockerjava.zerodep.shaded.org.apache.hc.client5.http.headers - http-outgoing-2 << Ostype: linux
01:14:49.506 [Test worker] DEBUG com.github.dockerjava.zerodep.shaded.org.apache.hc.client5.http.headers - http-outgoing-2 << Server: Docker/20.10.21 (linux)
01:14:49.506 [Test worker] DEBUG com.github.dockerjava.zerodep.shaded.org.apache.hc.client5.http.headers - http-outgoing-2 << Transfer-Encoding: chunked
01:14:49.507 [Test worker] DEBUG com.github.dockerjava.zerodep.shaded.org.apache.hc.client5.http.impl.classic.MainClientExec - ex-0000003F: connection can be kept alive for 3 MINUTES
01:14:49.508 [Test worker] DEBUG com.github.dockerjava.zerodep.shaded.org.apache.hc.client5.http.wire - http-outgoing-2 << "18c1[\r][\n]"
01:14:49.508 [Test worker] DEBUG com.github.dockerjava.zerodep.shaded.org.apache.hc.client5.http.wire - http-outgoing-2 << "{"Id":"cd5ecdf38df06b4092e6cf67100cd20ad9c3cb4b6e9303874a7bd89885b140c9","Created":"2023-03-28T04:14:43.179040379Z","Path":"docker-entrypoint.sh","Args":["mysqld"],"State":{"Status":"running","Running":true,"Paused":false,"Restarting":false,"OOMKilled":false,"Dead":false,"Pid":20152,"ExitCode":0,"Error":"","StartedAt":"2023-03-28T04:14:43.680338005Z","FinishedAt":"0001-01-01T00:00:00Z"},"Image":"sha256:c7c54c29e20dccc1aefb936c8eba8bb8b98b87a4921102aba87fde2df5810af9","ResolvConfPath":"/var/lib/docker/containers/cd5ecdf38df06b4092e6cf67100cd20ad9c3cb4b6e9303874a7bd89885b140c9/resolv.conf","HostnamePath":"/var/lib/docker/containers/cd5ecdf38df06b4092e6cf67100cd20ad9c3cb4b6e9303874a7bd89885b140c9/hostname","HostsPath":"/var/lib/docker/containers/cd5ecdf38df06b4092e6cf67100cd20ad9c3cb4b6e9303874a7bd89885b140c9/hosts","LogPath":"/var/lib/docker/containers/cd5ecdf38df06b4092e6cf67100cd20ad9c3cb4b6e9303874a7bd89885b140c9/cd5ecdf38df06b4092e6cf67100cd20ad9c3cb4b6e9303874a7bd89885b140c9-json.log","Name":"/keen_matsumoto","RestartCount":0,"Driver":"overlay2","Platform":"linux","MountLabel":"","ProcessLabel":"","AppArmorProfile":"","ExecIDs":null,"HostConfig":{"Binds":[],"ContainerIDFile":"","LogConfig":{"Type":"json-file","Config":{}},"NetworkMode":"default","PortBindings":{"3306/tcp":[{"HostIp":"0.0.0.0","HostPort":"0"}]},"RestartPolicy":{"Name":"","MaximumRetryCount":0},"AutoRemove":false,"VolumeDriver":"","VolumesFrom":[],"CapAdd":null,"CapDrop":null,"CgroupnsMode":"private","Dns":null,"DnsOptions":null,"DnsSearch":null,"ExtraHosts":[],"GroupAdd":null,"IpcMode":"shareable","Cgroup":"","Links":null,"OomScoreAdj":0,"PidMode":"","Privileged":false,"PublishAllPorts":false,"ReadonlyRootfs":false,"SecurityOpt":null,"UTSMode":"","UsernsMode":"","ShmSize":67108864,"Runtime":"runc","ConsoleSize":[0,0],"Isolation":"","CpuShares":0,"Memory":0,"NanoCpus":0,"CgroupParent":"","BlkioWeight":0,"BlkioWeightDevice":null,"BlkioDeviceReadBps":null,"BlkioDeviceWriteBps":null,"BlkioDeviceReadIOps":null,"BlkioDeviceWriteIOps":null,"CpuPeriod":0,"CpuQuota":0,"CpuRealtimePeriod":0,"CpuRealtimeRuntime":0,"CpusetCpus":"","CpusetMems":"","Devices":null,"DeviceCgroupRules":null,"DeviceRequests":null,"KernelMemory":0,"KernelMemoryTCP":0,"MemoryReservation":0,"MemorySwap":0,"MemorySwappiness":null,"OomKillDisable":null,"PidsLimit":null,"Ulimits":null,"CpuCount":0,"CpuPercent":0,"IOMaximumIOps":0,"IOMaximumBandwidth":0,"MaskedPaths":["/proc/asound","/proc/acpi","/proc/kcore","/proc/keys","/proc/latency_stats","/proc/timer_list","/proc/timer_stats","/proc/sched_debug","/proc/scsi","/sys/firmware"],"ReadonlyPaths":["/proc/bus","/proc/fs","/proc/irq","/proc/sys","/proc/sysrq-trigger"]},"GraphDriver":{"Data":{"LowerDir":"/var/lib/docker/overlay2/830e690ec83ecff869b59e4f673c0c63b2bc5c068e9f710933e6f61763699fd2-init/diff:/var/lib/docker/overlay2/1bd8849d7a296305617011f940aa5cfabbe972a513397b1b6bbc27639b6c1f30/diff:/var/lib/docker/overlay2/199d69b2fbf78af4d4c95dec4fd2f8835ab0347eb49fb20ebb2ff3b99fedd6ad/diff:/var/lib/docker/overlay2/d83c38d654989311f75b9491329846033bfb7714de76ef635380dcfad5c740d9/diff:/var/lib/docker/overlay2/08600d0aea2ab2728bebcf5d2589c640a842f53d1ba3c4a4adccb4d03b923cf6/diff:/var/lib/docker/overlay2/9ec7c63a3fb14d13ac788bbf5e282ca821edc41260b79944e5e631037d13ecda/diff:/var/lib/docker/overlay2/db601d7a1b4ea6da638db620462f0da96fa55c559d02269c9ddb09027936ed87/diff:/var/lib/docker/overlay2/a6d2bd03f942e2565f21e74cfe152c7ec836a1c2b583f0790c685b92bdcfda24/diff:/var/lib/docker/overlay2/9badd16ea2c5e2bf1fde8b579683e41137dfc46ed5449234149f199a6751cc84/diff:/var/lib/docker/overlay2/6efb85646ed12e2d1181ef4cc6f6f6732c00c15a4035fe17ebc4f075ca573c30/diff:/var/lib/docker/overlay2/895d7c0ec09144d6ed33936f4e98e11c18010f7abd708cae1ce43aec7a7f2621/diff:/var/lib/docker/overlay2/1c4ba77aa573ab6e5e5069fd15eae71b3da940bde0f97a922a227ffc8a1d1096/diff","MergedDir":"/var/lib/docker/overlay2/830e690ec83ecff869b59e4f673c0c63b2bc5c068e9f710933e6f61763699fd2/merged","UpperDir":"/var/lib/docker/overlay2/830e690ec83ecff869b59e4f673c0c63b2bc5c068e9f710933e6f61763699fd2/diff","WorkDir":"/var/lib/docker/overlay2/830e690ec83ecff869b59e4f673c0c63b2bc5c068e9f710933e6f61763699fd2/work"},"Name":"overlay2"},"Mounts":[{"Type":"volume","Name":"25868b8cea8ad6eba7f00a6fe83e8848def5cff8aab5c5943024031400fa063d","Source":"/var/lib/docker/volumes/25868b8cea8ad6eba7f00a6fe83e8848def5cff8aab5c5943024031400fa063d/_data","Destination":"/var/lib/mysql","Driver":"local","Mode":"","RW":true,"Propagation":""}],"Config":{"Hostname":"cd5ecdf38df0","Domainname":"","User":"","AttachStdin":false,"AttachStdout":false,"AttachStderr":false,"ExposedPorts":{"3306/tcp":{},"33060/tcp":{}},"Tty":false,"OpenStdin":false,"StdinOnce":false,"Env":["MYSQL_DATABASE=adm_videos","MYSQL_PASSWORD=123456","MYSQL_ROOT_PASSWORD=123456","PATH=/usr/local/sbin:/usr/local/bin:/usr/sbin:/usr/bin:/sbin:/bin","GOSU_VERSION=1.16","MYSQL_MAJOR=8.0","MYSQL_VERSION=8.0.32-1.el8","MYSQL_SHELL_VERSION=8.0.32-1.el8"],"Cmd":["mysqld"],"Image":"mysql:latest","Volumes":{"/var/lib/mysql":{}},"WorkingDir":"","Entrypoint":["docker-entrypoint.sh"],"OnBuild":null,"Labels":{"org.testcontainers":"true","org.testcontainers.lang":"java","org.testcontainers.sessionId":"71b9672a-6f61-4546-a7b6-d603100b2e56","org.testcontainers.version":"1.17.6"}},"NetworkSettings":{"Bridge":"","SandboxID":"56762d63452c709eadac6b5c5f4b6cdd30da833580c632f91fd658806eaf4ddb","HairpinMode":false,"LinkLocalIPv6Address":"","LinkLocalIPv6PrefixLen":0,"Ports":{"3306/tcp":[{"HostIp":"0.0.0.0","HostPort":"63819"}],"33060/tcp":null},"SandboxKey":"/var/run/docker/netns/56762d63452c","SecondaryIPAddresses":null,"SecondaryIPv6Addresses":null,"EndpointID":"92fc2600684327987bceb8e2716a72ba2420fccd56812c1491af8c03946e105c","Gateway":"172.17.0.1","GlobalIPv6Address":"","GlobalIPv6PrefixLen":0,"IPAddress":"172.17.0.3","IPPrefixLen":16,"IPv6Gateway":"","MacAddress":"02:42:ac:11:00:03","Networks":{"bridge":{"IPAMConfig":null,"Links":null,"Aliases":null,"NetworkID":"308e234c143065751b16b4500cb9f48d5c7fc2116504b3d816a5e51cd4771062","EndpointID":"92fc2600684327987bceb8e2716a72ba2420fccd56812c1491af8c03946e105c","Gateway":"172.17.0.1","IPAddress":"172.17.0.3","IPPrefixLen":16,"IPv6Gateway":"","GlobalIPv6Address":"","GlobalIPv6PrefixLen":0,"MacAddress":"02:42:ac:11:00:03","DriverOpts":null}}}}[\n]"
01:14:49.509 [Test worker] DEBUG com.github.dockerjava.zerodep.shaded.org.apache.hc.client5.http.wire - http-outgoing-2 << "[\r][\n]"
01:14:49.509 [Test worker] DEBUG com.github.dockerjava.zerodep.shaded.org.apache.hc.client5.http.wire - http-outgoing-2 << "0[\r][\n]"
01:14:49.509 [Test worker] DEBUG com.github.dockerjava.zerodep.shaded.org.apache.hc.client5.http.wire - http-outgoing-2 << "[\r][\n]"
01:14:49.509 [Test worker] DEBUG com.github.dockerjava.zerodep.shaded.org.apache.hc.client5.http.impl.classic.InternalHttpClient - ep-0000003E: releasing valid endpoint
01:14:49.509 [Test worker] DEBUG com.github.dockerjava.zerodep.shaded.org.apache.hc.client5.http.impl.io.PoolingHttpClientConnectionManager - ep-0000003E: releasing endpoint
01:14:49.509 [Test worker] DEBUG com.github.dockerjava.zerodep.shaded.org.apache.hc.client5.http.impl.io.PoolingHttpClientConnectionManager - ep-0000003E: connection http-outgoing-2 can be kept alive for 3 MINUTES
01:14:49.509 [Test worker] DEBUG com.github.dockerjava.zerodep.shaded.org.apache.hc.client5.http.impl.io.PoolingHttpClientConnectionManager - ep-0000003E: connection released [route: {}->unix://localhost:2375][total available: 1; route allocated: 1 of 2147483647; total allocated: 1 of 2147483647]
01:14:49.509 [Test worker] DEBUG ]]>&#x1f433;<![CDATA[ [mysql:latest] - Trying to create JDBC connection using com.mysql.cj.jdbc.Driver to jdbc:mysql://localhost:63819/adm_videos?useSSL=false&allowPublicKeyRetrieval=true with properties: {password=123456, user=root}
01:14:49.612 [Test worker] DEBUG org.testcontainers.shaded.com.github.dockerjava.core.command.AbstrDockerCmd - Cmd: cd5ecdf38df06b4092e6cf67100cd20ad9c3cb4b6e9303874a7bd89885b140c9,false
01:14:49.612 [Test worker] DEBUG org.testcontainers.shaded.com.github.dockerjava.core.exec.InspectContainerCmdExec - GET: DefaultWebTarget{path=[/containers/cd5ecdf38df06b4092e6cf67100cd20ad9c3cb4b6e9303874a7bd89885b140c9/json], queryParams={}}
01:14:49.613 [Test worker] DEBUG com.github.dockerjava.zerodep.shaded.org.apache.hc.client5.http.impl.classic.InternalHttpClient - ex-00000040: preparing request execution
01:14:49.613 [Test worker] DEBUG com.github.dockerjava.zerodep.shaded.org.apache.hc.client5.http.protocol.RequestAddCookies - Cookie spec selected: strict
01:14:49.613 [Test worker] DEBUG com.github.dockerjava.zerodep.shaded.org.apache.hc.client5.http.protocol.RequestAuthCache - Auth cache not set in the context
01:14:49.613 [Test worker] DEBUG com.github.dockerjava.zerodep.shaded.org.apache.hc.client5.http.impl.classic.ProtocolExec - ex-00000040: target auth state: UNCHALLENGED
01:14:49.613 [Test worker] DEBUG com.github.dockerjava.zerodep.shaded.org.apache.hc.client5.http.impl.classic.ProtocolExec - ex-00000040: proxy auth state: UNCHALLENGED
01:14:49.613 [Test worker] DEBUG com.github.dockerjava.zerodep.shaded.org.apache.hc.client5.http.impl.classic.ConnectExec - ex-00000040: acquiring connection with route {}->unix://localhost:2375
01:14:49.613 [Test worker] DEBUG com.github.dockerjava.zerodep.shaded.org.apache.hc.client5.http.impl.classic.InternalHttpClient - ex-00000040: acquiring endpoint (3 MINUTES)
01:14:49.613 [Test worker] DEBUG com.github.dockerjava.zerodep.shaded.org.apache.hc.client5.http.impl.io.PoolingHttpClientConnectionManager - ex-00000040: endpoint lease request (3 MINUTES) [route: {}->unix://localhost:2375][total available: 1; route allocated: 1 of 2147483647; total allocated: 1 of 2147483647]
01:14:49.613 [Test worker] DEBUG com.github.dockerjava.zerodep.shaded.org.apache.hc.client5.http.impl.io.PoolingHttpClientConnectionManager - ex-00000040: endpoint leased [route: {}->unix://localhost:2375][total available: 0; route allocated: 1 of 2147483647; total allocated: 1 of 2147483647]
01:14:49.613 [Test worker] DEBUG com.github.dockerjava.zerodep.shaded.org.apache.hc.client5.http.impl.io.PoolingHttpClientConnectionManager - ex-00000040: acquired ep-0000003F
01:14:49.613 [Test worker] DEBUG com.github.dockerjava.zerodep.shaded.org.apache.hc.client5.http.impl.classic.InternalHttpClient - ex-00000040: acquired endpoint ep-0000003F
01:14:49.613 [Test worker] DEBUG com.github.dockerjava.zerodep.shaded.org.apache.hc.client5.http.impl.classic.MainClientExec - ex-00000040: executing GET /v1.32/containers/cd5ecdf38df06b4092e6cf67100cd20ad9c3cb4b6e9303874a7bd89885b140c9/json HTTP/1.1
01:14:49.613 [Test worker] DEBUG com.github.dockerjava.zerodep.shaded.org.apache.hc.client5.http.impl.classic.InternalHttpClient - ep-0000003F: start execution ex-00000040
01:14:49.613 [Test worker] DEBUG com.github.dockerjava.zerodep.shaded.org.apache.hc.client5.http.impl.io.PoolingHttpClientConnectionManager - ep-0000003F: executing exchange ex-00000040 over http-outgoing-2
01:14:49.613 [Test worker] DEBUG com.github.dockerjava.zerodep.shaded.org.apache.hc.client5.http.headers - http-outgoing-2 >> GET /v1.32/containers/cd5ecdf38df06b4092e6cf67100cd20ad9c3cb4b6e9303874a7bd89885b140c9/json HTTP/1.1
01:14:49.613 [Test worker] DEBUG com.github.dockerjava.zerodep.shaded.org.apache.hc.client5.http.headers - http-outgoing-2 >> accept: application/json
01:14:49.613 [Test worker] DEBUG com.github.dockerjava.zerodep.shaded.org.apache.hc.client5.http.headers - http-outgoing-2 >> x-tc-sid: 71b9672a-6f61-4546-a7b6-d603100b2e56
01:14:49.613 [Test worker] DEBUG com.github.dockerjava.zerodep.shaded.org.apache.hc.client5.http.headers - http-outgoing-2 >> Accept-Encoding: gzip, x-gzip, deflate
01:14:49.613 [Test worker] DEBUG com.github.dockerjava.zerodep.shaded.org.apache.hc.client5.http.headers - http-outgoing-2 >> Host: localhost:2375
01:14:49.613 [Test worker] DEBUG com.github.dockerjava.zerodep.shaded.org.apache.hc.client5.http.headers - http-outgoing-2 >> Connection: keep-alive
01:14:49.613 [Test worker] DEBUG com.github.dockerjava.zerodep.shaded.org.apache.hc.client5.http.headers - http-outgoing-2 >> User-Agent: Apache-HttpClient/5.0.3 (Java/17.0.2)
01:14:49.613 [Test worker] DEBUG com.github.dockerjava.zerodep.shaded.org.apache.hc.client5.http.wire - http-outgoing-2 >> "GET /v1.32/containers/cd5ecdf38df06b4092e6cf67100cd20ad9c3cb4b6e9303874a7bd89885b140c9/json HTTP/1.1[\r][\n]"
01:14:49.613 [Test worker] DEBUG com.github.dockerjava.zerodep.shaded.org.apache.hc.client5.http.wire - http-outgoing-2 >> "accept: application/json[\r][\n]"
01:14:49.613 [Test worker] DEBUG com.github.dockerjava.zerodep.shaded.org.apache.hc.client5.http.wire - http-outgoing-2 >> "x-tc-sid: 71b9672a-6f61-4546-a7b6-d603100b2e56[\r][\n]"
01:14:49.613 [Test worker] DEBUG com.github.dockerjava.zerodep.shaded.org.apache.hc.client5.http.wire - http-outgoing-2 >> "Accept-Encoding: gzip, x-gzip, deflate[\r][\n]"
01:14:49.613 [Test worker] DEBUG com.github.dockerjava.zerodep.shaded.org.apache.hc.client5.http.wire - http-outgoing-2 >> "Host: localhost:2375[\r][\n]"
01:14:49.613 [Test worker] DEBUG com.github.dockerjava.zerodep.shaded.org.apache.hc.client5.http.wire - http-outgoing-2 >> "Connection: keep-alive[\r][\n]"
01:14:49.613 [Test worker] DEBUG com.github.dockerjava.zerodep.shaded.org.apache.hc.client5.http.wire - http-outgoing-2 >> "User-Agent: Apache-HttpClient/5.0.3 (Java/17.0.2)[\r][\n]"
01:14:49.613 [Test worker] DEBUG com.github.dockerjava.zerodep.shaded.org.apache.hc.client5.http.wire - http-outgoing-2 >> "[\r][\n]"
01:14:49.616 [Test worker] DEBUG com.github.dockerjava.zerodep.shaded.org.apache.hc.client5.http.wire - http-outgoing-2 << "HTTP/1.1 200 OK[\r][\n]"
01:14:49.616 [Test worker] DEBUG com.github.dockerjava.zerodep.shaded.org.apache.hc.client5.http.wire - http-outgoing-2 << "Api-Version: 1.41[\r][\n]"
01:14:49.616 [Test worker] DEBUG com.github.dockerjava.zerodep.shaded.org.apache.hc.client5.http.wire - http-outgoing-2 << "Content-Type: application/json[\r][\n]"
01:14:49.616 [Test worker] DEBUG com.github.dockerjava.zerodep.shaded.org.apache.hc.client5.http.wire - http-outgoing-2 << "Date: Tue, 28 Mar 2023 04:14:49 GMT[\r][\n]"
01:14:49.616 [Test worker] DEBUG com.github.dockerjava.zerodep.shaded.org.apache.hc.client5.http.wire - http-outgoing-2 << "Docker-Experimental: false[\r][\n]"
01:14:49.616 [Test worker] DEBUG com.github.dockerjava.zerodep.shaded.org.apache.hc.client5.http.wire - http-outgoing-2 << "Ostype: linux[\r][\n]"
01:14:49.616 [Test worker] DEBUG com.github.dockerjava.zerodep.shaded.org.apache.hc.client5.http.wire - http-outgoing-2 << "Server: Docker/20.10.21 (linux)[\r][\n]"
01:14:49.616 [Test worker] DEBUG com.github.dockerjava.zerodep.shaded.org.apache.hc.client5.http.wire - http-outgoing-2 << "Transfer-Encoding: chunked[\r][\n]"
01:14:49.616 [Test worker] DEBUG com.github.dockerjava.zerodep.shaded.org.apache.hc.client5.http.wire - http-outgoing-2 << "[\r][\n]"
01:14:49.616 [Test worker] DEBUG com.github.dockerjava.zerodep.shaded.org.apache.hc.client5.http.headers - http-outgoing-2 << HTTP/1.1 200 OK
01:14:49.616 [Test worker] DEBUG com.github.dockerjava.zerodep.shaded.org.apache.hc.client5.http.headers - http-outgoing-2 << Api-Version: 1.41
01:14:49.616 [Test worker] DEBUG com.github.dockerjava.zerodep.shaded.org.apache.hc.client5.http.headers - http-outgoing-2 << Content-Type: application/json
01:14:49.616 [Test worker] DEBUG com.github.dockerjava.zerodep.shaded.org.apache.hc.client5.http.headers - http-outgoing-2 << Date: Tue, 28 Mar 2023 04:14:49 GMT
01:14:49.616 [Test worker] DEBUG com.github.dockerjava.zerodep.shaded.org.apache.hc.client5.http.headers - http-outgoing-2 << Docker-Experimental: false
01:14:49.616 [Test worker] DEBUG com.github.dockerjava.zerodep.shaded.org.apache.hc.client5.http.headers - http-outgoing-2 << Ostype: linux
01:14:49.616 [Test worker] DEBUG com.github.dockerjava.zerodep.shaded.org.apache.hc.client5.http.headers - http-outgoing-2 << Server: Docker/20.10.21 (linux)
01:14:49.616 [Test worker] DEBUG com.github.dockerjava.zerodep.shaded.org.apache.hc.client5.http.headers - http-outgoing-2 << Transfer-Encoding: chunked
01:14:49.616 [Test worker] DEBUG com.github.dockerjava.zerodep.shaded.org.apache.hc.client5.http.impl.classic.MainClientExec - ex-00000040: connection can be kept alive for 3 MINUTES
01:14:49.618 [Test worker] DEBUG com.github.dockerjava.zerodep.shaded.org.apache.hc.client5.http.wire - http-outgoing-2 << "18c1[\r][\n]"
01:14:49.618 [Test worker] DEBUG com.github.dockerjava.zerodep.shaded.org.apache.hc.client5.http.wire - http-outgoing-2 << "{"Id":"cd5ecdf38df06b4092e6cf67100cd20ad9c3cb4b6e9303874a7bd89885b140c9","Created":"2023-03-28T04:14:43.179040379Z","Path":"docker-entrypoint.sh","Args":["mysqld"],"State":{"Status":"running","Running":true,"Paused":false,"Restarting":false,"OOMKilled":false,"Dead":false,"Pid":20152,"ExitCode":0,"Error":"","StartedAt":"2023-03-28T04:14:43.680338005Z","FinishedAt":"0001-01-01T00:00:00Z"},"Image":"sha256:c7c54c29e20dccc1aefb936c8eba8bb8b98b87a4921102aba87fde2df5810af9","ResolvConfPath":"/var/lib/docker/containers/cd5ecdf38df06b4092e6cf67100cd20ad9c3cb4b6e9303874a7bd89885b140c9/resolv.conf","HostnamePath":"/var/lib/docker/containers/cd5ecdf38df06b4092e6cf67100cd20ad9c3cb4b6e9303874a7bd89885b140c9/hostname","HostsPath":"/var/lib/docker/containers/cd5ecdf38df06b4092e6cf67100cd20ad9c3cb4b6e9303874a7bd89885b140c9/hosts","LogPath":"/var/lib/docker/containers/cd5ecdf38df06b4092e6cf67100cd20ad9c3cb4b6e9303874a7bd89885b140c9/cd5ecdf38df06b4092e6cf67100cd20ad9c3cb4b6e9303874a7bd89885b140c9-json.log","Name":"/keen_matsumoto","RestartCount":0,"Driver":"overlay2","Platform":"linux","MountLabel":"","ProcessLabel":"","AppArmorProfile":"","ExecIDs":null,"HostConfig":{"Binds":[],"ContainerIDFile":"","LogConfig":{"Type":"json-file","Config":{}},"NetworkMode":"default","PortBindings":{"3306/tcp":[{"HostIp":"0.0.0.0","HostPort":"0"}]},"RestartPolicy":{"Name":"","MaximumRetryCount":0},"AutoRemove":false,"VolumeDriver":"","VolumesFrom":[],"CapAdd":null,"CapDrop":null,"CgroupnsMode":"private","Dns":null,"DnsOptions":null,"DnsSearch":null,"ExtraHosts":[],"GroupAdd":null,"IpcMode":"shareable","Cgroup":"","Links":null,"OomScoreAdj":0,"PidMode":"","Privileged":false,"PublishAllPorts":false,"ReadonlyRootfs":false,"SecurityOpt":null,"UTSMode":"","UsernsMode":"","ShmSize":67108864,"Runtime":"runc","ConsoleSize":[0,0],"Isolation":"","CpuShares":0,"Memory":0,"NanoCpus":0,"CgroupParent":"","BlkioWeight":0,"BlkioWeightDevice":null,"BlkioDeviceReadBps":null,"BlkioDeviceWriteBps":null,"BlkioDeviceReadIOps":null,"BlkioDeviceWriteIOps":null,"CpuPeriod":0,"CpuQuota":0,"CpuRealtimePeriod":0,"CpuRealtimeRuntime":0,"CpusetCpus":"","CpusetMems":"","Devices":null,"DeviceCgroupRules":null,"DeviceRequests":null,"KernelMemory":0,"KernelMemoryTCP":0,"MemoryReservation":0,"MemorySwap":0,"MemorySwappiness":null,"OomKillDisable":null,"PidsLimit":null,"Ulimits":null,"CpuCount":0,"CpuPercent":0,"IOMaximumIOps":0,"IOMaximumBandwidth":0,"MaskedPaths":["/proc/asound","/proc/acpi","/proc/kcore","/proc/keys","/proc/latency_stats","/proc/timer_list","/proc/timer_stats","/proc/sched_debug","/proc/scsi","/sys/firmware"],"ReadonlyPaths":["/proc/bus","/proc/fs","/proc/irq","/proc/sys","/proc/sysrq-trigger"]},"GraphDriver":{"Data":{"LowerDir":"/var/lib/docker/overlay2/830e690ec83ecff869b59e4f673c0c63b2bc5c068e9f710933e6f61763699fd2-init/diff:/var/lib/docker/overlay2/1bd8849d7a296305617011f940aa5cfabbe972a513397b1b6bbc27639b6c1f30/diff:/var/lib/docker/overlay2/199d69b2fbf78af4d4c95dec4fd2f8835ab0347eb49fb20ebb2ff3b99fedd6ad/diff:/var/lib/docker/overlay2/d83c38d654989311f75b9491329846033bfb7714de76ef635380dcfad5c740d9/diff:/var/lib/docker/overlay2/08600d0aea2ab2728bebcf5d2589c640a842f53d1ba3c4a4adccb4d03b923cf6/diff:/var/lib/docker/overlay2/9ec7c63a3fb14d13ac788bbf5e282ca821edc41260b79944e5e631037d13ecda/diff:/var/lib/docker/overlay2/db601d7a1b4ea6da638db620462f0da96fa55c559d02269c9ddb09027936ed87/diff:/var/lib/docker/overlay2/a6d2bd03f942e2565f21e74cfe152c7ec836a1c2b583f0790c685b92bdcfda24/diff:/var/lib/docker/overlay2/9badd16ea2c5e2bf1fde8b579683e41137dfc46ed5449234149f199a6751cc84/diff:/var/lib/docker/overlay2/6efb85646ed12e2d1181ef4cc6f6f6732c00c15a4035fe17ebc4f075ca573c30/diff:/var/lib/docker/overlay2/895d7c0ec09144d6ed33936f4e98e11c18010f7abd708cae1ce43aec7a7f2621/diff:/var/lib/docker/overlay2/1c4ba77aa573ab6e5e5069fd15eae71b3da940bde0f97a922a227ffc8a1d1096/diff","MergedDir":"/var/lib/docker/overlay2/830e690ec83ecff869b59e4f673c0c63b2bc5c068e9f710933e6f61763699fd2/merged","UpperDir":"/var/lib/docker/overlay2/830e690ec83ecff869b59e4f673c0c63b2bc5c068e9f710933e6f61763699fd2/diff","WorkDir":"/var/lib/docker/overlay2/830e690ec83ecff869b59e4f673c0c63b2bc5c068e9f710933e6f61763699fd2/work"},"Name":"overlay2"},"Mounts":[{"Type":"volume","Name":"25868b8cea8ad6eba7f00a6fe83e8848def5cff8aab5c5943024031400fa063d","Source":"/var/lib/docker/volumes/25868b8cea8ad6eba7f00a6fe83e8848def5cff8aab5c5943024031400fa063d/_data","Destination":"/var/lib/mysql","Driver":"local","Mode":"","RW":true,"Propagation":""}],"Config":{"Hostname":"cd5ecdf38df0","Domainname":"","User":"","AttachStdin":false,"AttachStdout":false,"AttachStderr":false,"ExposedPorts":{"3306/tcp":{},"33060/tcp":{}},"Tty":false,"OpenStdin":false,"StdinOnce":false,"Env":["MYSQL_DATABASE=adm_videos","MYSQL_PASSWORD=123456","MYSQL_ROOT_PASSWORD=123456","PATH=/usr/local/sbin:/usr/local/bin:/usr/sbin:/usr/bin:/sbin:/bin","GOSU_VERSION=1.16","MYSQL_MAJOR=8.0","MYSQL_VERSION=8.0.32-1.el8","MYSQL_SHELL_VERSION=8.0.32-1.el8"],"Cmd":["mysqld"],"Image":"mysql:latest","Volumes":{"/var/lib/mysql":{}},"WorkingDir":"","Entrypoint":["docker-entrypoint.sh"],"OnBuild":null,"Labels":{"org.testcontainers":"true","org.testcontainers.lang":"java","org.testcontainers.sessionId":"71b9672a-6f61-4546-a7b6-d603100b2e56","org.testcontainers.version":"1.17.6"}},"NetworkSettings":{"Bridge":"","SandboxID":"56762d63452c709eadac6b5c5f4b6cdd30da833580c632f91fd658806eaf4ddb","HairpinMode":false,"LinkLocalIPv6Address":"","LinkLocalIPv6PrefixLen":0,"Ports":{"3306/tcp":[{"HostIp":"0.0.0.0","HostPort":"63819"}],"33060/tcp":null},"SandboxKey":"/var/run/docker/netns/56762d63452c","SecondaryIPAddresses":null,"SecondaryIPv6Addresses":null,"EndpointID":"92fc2600684327987bceb8e2716a72ba2420fccd56812c1491af8c03946e105c","Gateway":"172.17.0.1","GlobalIPv6Address":"","GlobalIPv6PrefixLen":0,"IPAddress":"172.17.0.3","IPPrefixLen":16,"IPv6Gateway":"","MacAddress":"02:42:ac:11:00:03","Networks":{"bridge":{"IPAMConfig":null,"Links":null,"Aliases":null,"NetworkID":"308e234c143065751b16b4500cb9f48d5c7fc2116504b3d816a5e51cd4771062","EndpointID":"92fc2600684327987bceb8e2716a72ba2420fccd56812c1491af8c03946e105c","Gateway":"172.17.0.1","IPAddress":"172.17.0.3","IPPrefixLen":16,"IPv6Gateway":"","GlobalIPv6Address":"","GlobalIPv6PrefixLen":0,"MacAddress":"02:42:ac:11:00:03","DriverOpts":null}}}}[\n]"
01:14:49.618 [Test worker] DEBUG com.github.dockerjava.zerodep.shaded.org.apache.hc.client5.http.wire - http-outgoing-2 << "[\r][\n]"
01:14:49.618 [Test worker] DEBUG com.github.dockerjava.zerodep.shaded.org.apache.hc.client5.http.wire - http-outgoing-2 << "0[\r][\n]"
01:14:49.618 [Test worker] DEBUG com.github.dockerjava.zerodep.shaded.org.apache.hc.client5.http.wire - http-outgoing-2 << "[\r][\n]"
01:14:49.618 [Test worker] DEBUG com.github.dockerjava.zerodep.shaded.org.apache.hc.client5.http.impl.classic.InternalHttpClient - ep-0000003F: releasing valid endpoint
01:14:49.618 [Test worker] DEBUG com.github.dockerjava.zerodep.shaded.org.apache.hc.client5.http.impl.io.PoolingHttpClientConnectionManager - ep-0000003F: releasing endpoint
01:14:49.618 [Test worker] DEBUG com.github.dockerjava.zerodep.shaded.org.apache.hc.client5.http.impl.io.PoolingHttpClientConnectionManager - ep-0000003F: connection http-outgoing-2 can be kept alive for 3 MINUTES
01:14:49.618 [Test worker] DEBUG com.github.dockerjava.zerodep.shaded.org.apache.hc.client5.http.impl.io.PoolingHttpClientConnectionManager - ep-0000003F: connection released [route: {}->unix://localhost:2375][total available: 1; route allocated: 1 of 2147483647; total allocated: 1 of 2147483647]
01:14:49.618 [Test worker] DEBUG ]]>&#x1f433;<![CDATA[ [mysql:latest] - Trying to create JDBC connection using com.mysql.cj.jdbc.Driver to jdbc:mysql://localhost:63819/adm_videos?useSSL=false&allowPublicKeyRetrieval=true with properties: {password=123456, user=root}
01:14:49.721 [Test worker] DEBUG org.testcontainers.shaded.com.github.dockerjava.core.command.AbstrDockerCmd - Cmd: cd5ecdf38df06b4092e6cf67100cd20ad9c3cb4b6e9303874a7bd89885b140c9,false
01:14:49.722 [Test worker] DEBUG org.testcontainers.shaded.com.github.dockerjava.core.exec.InspectContainerCmdExec - GET: DefaultWebTarget{path=[/containers/cd5ecdf38df06b4092e6cf67100cd20ad9c3cb4b6e9303874a7bd89885b140c9/json], queryParams={}}
01:14:49.722 [Test worker] DEBUG com.github.dockerjava.zerodep.shaded.org.apache.hc.client5.http.impl.classic.InternalHttpClient - ex-00000041: preparing request execution
01:14:49.723 [Test worker] DEBUG com.github.dockerjava.zerodep.shaded.org.apache.hc.client5.http.protocol.RequestAddCookies - Cookie spec selected: strict
01:14:49.723 [Test worker] DEBUG com.github.dockerjava.zerodep.shaded.org.apache.hc.client5.http.protocol.RequestAuthCache - Auth cache not set in the context
01:14:49.723 [Test worker] DEBUG com.github.dockerjava.zerodep.shaded.org.apache.hc.client5.http.impl.classic.ProtocolExec - ex-00000041: target auth state: UNCHALLENGED
01:14:49.723 [Test worker] DEBUG com.github.dockerjava.zerodep.shaded.org.apache.hc.client5.http.impl.classic.ProtocolExec - ex-00000041: proxy auth state: UNCHALLENGED
01:14:49.723 [Test worker] DEBUG com.github.dockerjava.zerodep.shaded.org.apache.hc.client5.http.impl.classic.ConnectExec - ex-00000041: acquiring connection with route {}->unix://localhost:2375
01:14:49.723 [Test worker] DEBUG com.github.dockerjava.zerodep.shaded.org.apache.hc.client5.http.impl.classic.InternalHttpClient - ex-00000041: acquiring endpoint (3 MINUTES)
01:14:49.723 [Test worker] DEBUG com.github.dockerjava.zerodep.shaded.org.apache.hc.client5.http.impl.io.PoolingHttpClientConnectionManager - ex-00000041: endpoint lease request (3 MINUTES) [route: {}->unix://localhost:2375][total available: 1; route allocated: 1 of 2147483647; total allocated: 1 of 2147483647]
01:14:49.723 [Test worker] DEBUG com.github.dockerjava.zerodep.shaded.org.apache.hc.client5.http.impl.io.PoolingHttpClientConnectionManager - ex-00000041: endpoint leased [route: {}->unix://localhost:2375][total available: 0; route allocated: 1 of 2147483647; total allocated: 1 of 2147483647]
01:14:49.723 [Test worker] DEBUG com.github.dockerjava.zerodep.shaded.org.apache.hc.client5.http.impl.io.PoolingHttpClientConnectionManager - ex-00000041: acquired ep-00000040
01:14:49.723 [Test worker] DEBUG com.github.dockerjava.zerodep.shaded.org.apache.hc.client5.http.impl.classic.InternalHttpClient - ex-00000041: acquired endpoint ep-00000040
01:14:49.723 [Test worker] DEBUG com.github.dockerjava.zerodep.shaded.org.apache.hc.client5.http.impl.classic.MainClientExec - ex-00000041: executing GET /v1.32/containers/cd5ecdf38df06b4092e6cf67100cd20ad9c3cb4b6e9303874a7bd89885b140c9/json HTTP/1.1
01:14:49.733 [Test worker] DEBUG com.github.dockerjava.zerodep.shaded.org.apache.hc.client5.http.impl.classic.InternalHttpClient - ep-00000040: start execution ex-00000041
01:14:49.733 [Test worker] DEBUG com.github.dockerjava.zerodep.shaded.org.apache.hc.client5.http.impl.io.PoolingHttpClientConnectionManager - ep-00000040: executing exchange ex-00000041 over http-outgoing-2
01:14:49.733 [Test worker] DEBUG com.github.dockerjava.zerodep.shaded.org.apache.hc.client5.http.headers - http-outgoing-2 >> GET /v1.32/containers/cd5ecdf38df06b4092e6cf67100cd20ad9c3cb4b6e9303874a7bd89885b140c9/json HTTP/1.1
01:14:49.733 [Test worker] DEBUG com.github.dockerjava.zerodep.shaded.org.apache.hc.client5.http.headers - http-outgoing-2 >> accept: application/json
01:14:49.733 [Test worker] DEBUG com.github.dockerjava.zerodep.shaded.org.apache.hc.client5.http.headers - http-outgoing-2 >> x-tc-sid: 71b9672a-6f61-4546-a7b6-d603100b2e56
01:14:49.733 [Test worker] DEBUG com.github.dockerjava.zerodep.shaded.org.apache.hc.client5.http.headers - http-outgoing-2 >> Accept-Encoding: gzip, x-gzip, deflate
01:14:49.733 [Test worker] DEBUG com.github.dockerjava.zerodep.shaded.org.apache.hc.client5.http.headers - http-outgoing-2 >> Host: localhost:2375
01:14:49.733 [Test worker] DEBUG com.github.dockerjava.zerodep.shaded.org.apache.hc.client5.http.headers - http-outgoing-2 >> Connection: keep-alive
01:14:49.733 [Test worker] DEBUG com.github.dockerjava.zerodep.shaded.org.apache.hc.client5.http.headers - http-outgoing-2 >> User-Agent: Apache-HttpClient/5.0.3 (Java/17.0.2)
01:14:49.733 [Test worker] DEBUG com.github.dockerjava.zerodep.shaded.org.apache.hc.client5.http.wire - http-outgoing-2 >> "GET /v1.32/containers/cd5ecdf38df06b4092e6cf67100cd20ad9c3cb4b6e9303874a7bd89885b140c9/json HTTP/1.1[\r][\n]"
01:14:49.733 [Test worker] DEBUG com.github.dockerjava.zerodep.shaded.org.apache.hc.client5.http.wire - http-outgoing-2 >> "accept: application/json[\r][\n]"
01:14:49.733 [Test worker] DEBUG com.github.dockerjava.zerodep.shaded.org.apache.hc.client5.http.wire - http-outgoing-2 >> "x-tc-sid: 71b9672a-6f61-4546-a7b6-d603100b2e56[\r][\n]"
01:14:49.733 [Test worker] DEBUG com.github.dockerjava.zerodep.shaded.org.apache.hc.client5.http.wire - http-outgoing-2 >> "Accept-Encoding: gzip, x-gzip, deflate[\r][\n]"
01:14:49.733 [Test worker] DEBUG com.github.dockerjava.zerodep.shaded.org.apache.hc.client5.http.wire - http-outgoing-2 >> "Host: localhost:2375[\r][\n]"
01:14:49.733 [Test worker] DEBUG com.github.dockerjava.zerodep.shaded.org.apache.hc.client5.http.wire - http-outgoing-2 >> "Connection: keep-alive[\r][\n]"
01:14:49.733 [Test worker] DEBUG com.github.dockerjava.zerodep.shaded.org.apache.hc.client5.http.wire - http-outgoing-2 >> "User-Agent: Apache-HttpClient/5.0.3 (Java/17.0.2)[\r][\n]"
01:14:49.733 [Test worker] DEBUG com.github.dockerjava.zerodep.shaded.org.apache.hc.client5.http.wire - http-outgoing-2 >> "[\r][\n]"
01:14:49.737 [Test worker] DEBUG com.github.dockerjava.zerodep.shaded.org.apache.hc.client5.http.wire - http-outgoing-2 << "HTTP/1.1 200 OK[\r][\n]"
01:14:49.737 [Test worker] DEBUG com.github.dockerjava.zerodep.shaded.org.apache.hc.client5.http.wire - http-outgoing-2 << "Api-Version: 1.41[\r][\n]"
01:14:49.737 [Test worker] DEBUG com.github.dockerjava.zerodep.shaded.org.apache.hc.client5.http.wire - http-outgoing-2 << "Content-Type: application/json[\r][\n]"
01:14:49.737 [Test worker] DEBUG com.github.dockerjava.zerodep.shaded.org.apache.hc.client5.http.wire - http-outgoing-2 << "Date: Tue, 28 Mar 2023 04:14:49 GMT[\r][\n]"
01:14:49.737 [Test worker] DEBUG com.github.dockerjava.zerodep.shaded.org.apache.hc.client5.http.wire - http-outgoing-2 << "Docker-Experimental: false[\r][\n]"
01:14:49.737 [Test worker] DEBUG com.github.dockerjava.zerodep.shaded.org.apache.hc.client5.http.wire - http-outgoing-2 << "Ostype: linux[\r][\n]"
01:14:49.737 [Test worker] DEBUG com.github.dockerjava.zerodep.shaded.org.apache.hc.client5.http.wire - http-outgoing-2 << "Server: Docker/20.10.21 (linux)[\r][\n]"
01:14:49.737 [Test worker] DEBUG com.github.dockerjava.zerodep.shaded.org.apache.hc.client5.http.wire - http-outgoing-2 << "Transfer-Encoding: chunked[\r][\n]"
01:14:49.737 [Test worker] DEBUG com.github.dockerjava.zerodep.shaded.org.apache.hc.client5.http.wire - http-outgoing-2 << "[\r][\n]"
01:14:49.737 [Test worker] DEBUG com.github.dockerjava.zerodep.shaded.org.apache.hc.client5.http.headers - http-outgoing-2 << HTTP/1.1 200 OK
01:14:49.737 [Test worker] DEBUG com.github.dockerjava.zerodep.shaded.org.apache.hc.client5.http.headers - http-outgoing-2 << Api-Version: 1.41
01:14:49.737 [Test worker] DEBUG com.github.dockerjava.zerodep.shaded.org.apache.hc.client5.http.headers - http-outgoing-2 << Content-Type: application/json
01:14:49.737 [Test worker] DEBUG com.github.dockerjava.zerodep.shaded.org.apache.hc.client5.http.headers - http-outgoing-2 << Date: Tue, 28 Mar 2023 04:14:49 GMT
01:14:49.737 [Test worker] DEBUG com.github.dockerjava.zerodep.shaded.org.apache.hc.client5.http.headers - http-outgoing-2 << Docker-Experimental: false
01:14:49.737 [Test worker] DEBUG com.github.dockerjava.zerodep.shaded.org.apache.hc.client5.http.headers - http-outgoing-2 << Ostype: linux
01:14:49.737 [Test worker] DEBUG com.github.dockerjava.zerodep.shaded.org.apache.hc.client5.http.headers - http-outgoing-2 << Server: Docker/20.10.21 (linux)
01:14:49.737 [Test worker] DEBUG com.github.dockerjava.zerodep.shaded.org.apache.hc.client5.http.headers - http-outgoing-2 << Transfer-Encoding: chunked
01:14:49.737 [Test worker] DEBUG com.github.dockerjava.zerodep.shaded.org.apache.hc.client5.http.impl.classic.MainClientExec - ex-00000041: connection can be kept alive for 3 MINUTES
01:14:49.739 [Test worker] DEBUG com.github.dockerjava.zerodep.shaded.org.apache.hc.client5.http.wire - http-outgoing-2 << "18c1[\r][\n]"
01:14:49.739 [Test worker] DEBUG com.github.dockerjava.zerodep.shaded.org.apache.hc.client5.http.wire - http-outgoing-2 << "{"Id":"cd5ecdf38df06b4092e6cf67100cd20ad9c3cb4b6e9303874a7bd89885b140c9","Created":"2023-03-28T04:14:43.179040379Z","Path":"docker-entrypoint.sh","Args":["mysqld"],"State":{"Status":"running","Running":true,"Paused":false,"Restarting":false,"OOMKilled":false,"Dead":false,"Pid":20152,"ExitCode":0,"Error":"","StartedAt":"2023-03-28T04:14:43.680338005Z","FinishedAt":"0001-01-01T00:00:00Z"},"Image":"sha256:c7c54c29e20dccc1aefb936c8eba8bb8b98b87a4921102aba87fde2df5810af9","ResolvConfPath":"/var/lib/docker/containers/cd5ecdf38df06b4092e6cf67100cd20ad9c3cb4b6e9303874a7bd89885b140c9/resolv.conf","HostnamePath":"/var/lib/docker/containers/cd5ecdf38df06b4092e6cf67100cd20ad9c3cb4b6e9303874a7bd89885b140c9/hostname","HostsPath":"/var/lib/docker/containers/cd5ecdf38df06b4092e6cf67100cd20ad9c3cb4b6e9303874a7bd89885b140c9/hosts","LogPath":"/var/lib/docker/containers/cd5ecdf38df06b4092e6cf67100cd20ad9c3cb4b6e9303874a7bd89885b140c9/cd5ecdf38df06b4092e6cf67100cd20ad9c3cb4b6e9303874a7bd89885b140c9-json.log","Name":"/keen_matsumoto","RestartCount":0,"Driver":"overlay2","Platform":"linux","MountLabel":"","ProcessLabel":"","AppArmorProfile":"","ExecIDs":null,"HostConfig":{"Binds":[],"ContainerIDFile":"","LogConfig":{"Type":"json-file","Config":{}},"NetworkMode":"default","PortBindings":{"3306/tcp":[{"HostIp":"0.0.0.0","HostPort":"0"}]},"RestartPolicy":{"Name":"","MaximumRetryCount":0},"AutoRemove":false,"VolumeDriver":"","VolumesFrom":[],"CapAdd":null,"CapDrop":null,"CgroupnsMode":"private","Dns":null,"DnsOptions":null,"DnsSearch":null,"ExtraHosts":[],"GroupAdd":null,"IpcMode":"shareable","Cgroup":"","Links":null,"OomScoreAdj":0,"PidMode":"","Privileged":false,"PublishAllPorts":false,"ReadonlyRootfs":false,"SecurityOpt":null,"UTSMode":"","UsernsMode":"","ShmSize":67108864,"Runtime":"runc","ConsoleSize":[0,0],"Isolation":"","CpuShares":0,"Memory":0,"NanoCpus":0,"CgroupParent":"","BlkioWeight":0,"BlkioWeightDevice":null,"BlkioDeviceReadBps":null,"BlkioDeviceWriteBps":null,"BlkioDeviceReadIOps":null,"BlkioDeviceWriteIOps":null,"CpuPeriod":0,"CpuQuota":0,"CpuRealtimePeriod":0,"CpuRealtimeRuntime":0,"CpusetCpus":"","CpusetMems":"","Devices":null,"DeviceCgroupRules":null,"DeviceRequests":null,"KernelMemory":0,"KernelMemoryTCP":0,"MemoryReservation":0,"MemorySwap":0,"MemorySwappiness":null,"OomKillDisable":null,"PidsLimit":null,"Ulimits":null,"CpuCount":0,"CpuPercent":0,"IOMaximumIOps":0,"IOMaximumBandwidth":0,"MaskedPaths":["/proc/asound","/proc/acpi","/proc/kcore","/proc/keys","/proc/latency_stats","/proc/timer_list","/proc/timer_stats","/proc/sched_debug","/proc/scsi","/sys/firmware"],"ReadonlyPaths":["/proc/bus","/proc/fs","/proc/irq","/proc/sys","/proc/sysrq-trigger"]},"GraphDriver":{"Data":{"LowerDir":"/var/lib/docker/overlay2/830e690ec83ecff869b59e4f673c0c63b2bc5c068e9f710933e6f61763699fd2-init/diff:/var/lib/docker/overlay2/1bd8849d7a296305617011f940aa5cfabbe972a513397b1b6bbc27639b6c1f30/diff:/var/lib/docker/overlay2/199d69b2fbf78af4d4c95dec4fd2f8835ab0347eb49fb20ebb2ff3b99fedd6ad/diff:/var/lib/docker/overlay2/d83c38d654989311f75b9491329846033bfb7714de76ef635380dcfad5c740d9/diff:/var/lib/docker/overlay2/08600d0aea2ab2728bebcf5d2589c640a842f53d1ba3c4a4adccb4d03b923cf6/diff:/var/lib/docker/overlay2/9ec7c63a3fb14d13ac788bbf5e282ca821edc41260b79944e5e631037d13ecda/diff:/var/lib/docker/overlay2/db601d7a1b4ea6da638db620462f0da96fa55c559d02269c9ddb09027936ed87/diff:/var/lib/docker/overlay2/a6d2bd03f942e2565f21e74cfe152c7ec836a1c2b583f0790c685b92bdcfda24/diff:/var/lib/docker/overlay2/9badd16ea2c5e2bf1fde8b579683e41137dfc46ed5449234149f199a6751cc84/diff:/var/lib/docker/overlay2/6efb85646ed12e2d1181ef4cc6f6f6732c00c15a4035fe17ebc4f075ca573c30/diff:/var/lib/docker/overlay2/895d7c0ec09144d6ed33936f4e98e11c18010f7abd708cae1ce43aec7a7f2621/diff:/var/lib/docker/overlay2/1c4ba77aa573ab6e5e5069fd15eae71b3da940bde0f97a922a227ffc8a1d1096/diff","MergedDir":"/var/lib/docker/overlay2/830e690ec83ecff869b59e4f673c0c63b2bc5c068e9f710933e6f61763699fd2/merged","UpperDir":"/var/lib/docker/overlay2/830e690ec83ecff869b59e4f673c0c63b2bc5c068e9f710933e6f61763699fd2/diff","WorkDir":"/var/lib/docker/overlay2/830e690ec83ecff869b59e4f673c0c63b2bc5c068e9f710933e6f61763699fd2/work"},"Name":"overlay2"},"Mounts":[{"Type":"volume","Name":"25868b8cea8ad6eba7f00a6fe83e8848def5cff8aab5c5943024031400fa063d","Source":"/var/lib/docker/volumes/25868b8cea8ad6eba7f00a6fe83e8848def5cff8aab5c5943024031400fa063d/_data","Destination":"/var/lib/mysql","Driver":"local","Mode":"","RW":true,"Propagation":""}],"Config":{"Hostname":"cd5ecdf38df0","Domainname":"","User":"","AttachStdin":false,"AttachStdout":false,"AttachStderr":false,"ExposedPorts":{"3306/tcp":{},"33060/tcp":{}},"Tty":false,"OpenStdin":false,"StdinOnce":false,"Env":["MYSQL_DATABASE=adm_videos","MYSQL_PASSWORD=123456","MYSQL_ROOT_PASSWORD=123456","PATH=/usr/local/sbin:/usr/local/bin:/usr/sbin:/usr/bin:/sbin:/bin","GOSU_VERSION=1.16","MYSQL_MAJOR=8.0","MYSQL_VERSION=8.0.32-1.el8","MYSQL_SHELL_VERSION=8.0.32-1.el8"],"Cmd":["mysqld"],"Image":"mysql:latest","Volumes":{"/var/lib/mysql":{}},"WorkingDir":"","Entrypoint":["docker-entrypoint.sh"],"OnBuild":null,"Labels":{"org.testcontainers":"true","org.testcontainers.lang":"java","org.testcontainers.sessionId":"71b9672a-6f61-4546-a7b6-d603100b2e56","org.testcontainers.version":"1.17.6"}},"NetworkSettings":{"Bridge":"","SandboxID":"56762d63452c709eadac6b5c5f4b6cdd30da833580c632f91fd658806eaf4ddb","HairpinMode":false,"LinkLocalIPv6Address":"","LinkLocalIPv6PrefixLen":0,"Ports":{"3306/tcp":[{"HostIp":"0.0.0.0","HostPort":"63819"}],"33060/tcp":null},"SandboxKey":"/var/run/docker/netns/56762d63452c","SecondaryIPAddresses":null,"SecondaryIPv6Addresses":null,"EndpointID":"92fc2600684327987bceb8e2716a72ba2420fccd56812c1491af8c03946e105c","Gateway":"172.17.0.1","GlobalIPv6Address":"","GlobalIPv6PrefixLen":0,"IPAddress":"172.17.0.3","IPPrefixLen":16,"IPv6Gateway":"","MacAddress":"02:42:ac:11:00:03","Networks":{"bridge":{"IPAMConfig":null,"Links":null,"Aliases":null,"NetworkID":"308e234c143065751b16b4500cb9f48d5c7fc2116504b3d816a5e51cd4771062","EndpointID":"92fc2600684327987bceb8e2716a72ba2420fccd56812c1491af8c03946e105c","Gateway":"172.17.0.1","IPAddress":"172.17.0.3","IPPrefixLen":16,"IPv6Gateway":"","GlobalIPv6Address":"","GlobalIPv6PrefixLen":0,"MacAddress":"02:42:ac:11:00:03","DriverOpts":null}}}}[\n]"
01:14:49.739 [Test worker] DEBUG com.github.dockerjava.zerodep.shaded.org.apache.hc.client5.http.wire - http-outgoing-2 << "[\r][\n]"
01:14:49.740 [Test worker] DEBUG com.github.dockerjava.zerodep.shaded.org.apache.hc.client5.http.wire - http-outgoing-2 << "0[\r][\n]"
01:14:49.740 [Test worker] DEBUG com.github.dockerjava.zerodep.shaded.org.apache.hc.client5.http.wire - http-outgoing-2 << "[\r][\n]"
01:14:49.740 [Test worker] DEBUG com.github.dockerjava.zerodep.shaded.org.apache.hc.client5.http.impl.classic.InternalHttpClient - ep-00000040: releasing valid endpoint
01:14:49.740 [Test worker] DEBUG com.github.dockerjava.zerodep.shaded.org.apache.hc.client5.http.impl.io.PoolingHttpClientConnectionManager - ep-00000040: releasing endpoint
01:14:49.740 [Test worker] DEBUG com.github.dockerjava.zerodep.shaded.org.apache.hc.client5.http.impl.io.PoolingHttpClientConnectionManager - ep-00000040: connection http-outgoing-2 can be kept alive for 3 MINUTES
01:14:49.740 [Test worker] DEBUG com.github.dockerjava.zerodep.shaded.org.apache.hc.client5.http.impl.io.PoolingHttpClientConnectionManager - ep-00000040: connection released [route: {}->unix://localhost:2375][total available: 1; route allocated: 1 of 2147483647; total allocated: 1 of 2147483647]
01:14:49.740 [Test worker] DEBUG ]]>&#x1f433;<![CDATA[ [mysql:latest] - Trying to create JDBC connection using com.mysql.cj.jdbc.Driver to jdbc:mysql://localhost:63819/adm_videos?useSSL=false&allowPublicKeyRetrieval=true with properties: {password=123456, user=root}
01:14:49.845 [Test worker] DEBUG org.testcontainers.shaded.com.github.dockerjava.core.command.AbstrDockerCmd - Cmd: cd5ecdf38df06b4092e6cf67100cd20ad9c3cb4b6e9303874a7bd89885b140c9,false
01:14:49.846 [Test worker] DEBUG org.testcontainers.shaded.com.github.dockerjava.core.exec.InspectContainerCmdExec - GET: DefaultWebTarget{path=[/containers/cd5ecdf38df06b4092e6cf67100cd20ad9c3cb4b6e9303874a7bd89885b140c9/json], queryParams={}}
01:14:49.847 [Test worker] DEBUG com.github.dockerjava.zerodep.shaded.org.apache.hc.client5.http.impl.classic.InternalHttpClient - ex-00000042: preparing request execution
01:14:49.847 [Test worker] DEBUG com.github.dockerjava.zerodep.shaded.org.apache.hc.client5.http.protocol.RequestAddCookies - Cookie spec selected: strict
01:14:49.847 [Test worker] DEBUG com.github.dockerjava.zerodep.shaded.org.apache.hc.client5.http.protocol.RequestAuthCache - Auth cache not set in the context
01:14:49.847 [Test worker] DEBUG com.github.dockerjava.zerodep.shaded.org.apache.hc.client5.http.impl.classic.ProtocolExec - ex-00000042: target auth state: UNCHALLENGED
01:14:49.847 [Test worker] DEBUG com.github.dockerjava.zerodep.shaded.org.apache.hc.client5.http.impl.classic.ProtocolExec - ex-00000042: proxy auth state: UNCHALLENGED
01:14:49.847 [Test worker] DEBUG com.github.dockerjava.zerodep.shaded.org.apache.hc.client5.http.impl.classic.ConnectExec - ex-00000042: acquiring connection with route {}->unix://localhost:2375
01:14:49.847 [Test worker] DEBUG com.github.dockerjava.zerodep.shaded.org.apache.hc.client5.http.impl.classic.InternalHttpClient - ex-00000042: acquiring endpoint (3 MINUTES)
01:14:49.847 [Test worker] DEBUG com.github.dockerjava.zerodep.shaded.org.apache.hc.client5.http.impl.io.PoolingHttpClientConnectionManager - ex-00000042: endpoint lease request (3 MINUTES) [route: {}->unix://localhost:2375][total available: 1; route allocated: 1 of 2147483647; total allocated: 1 of 2147483647]
01:14:49.847 [Test worker] DEBUG com.github.dockerjava.zerodep.shaded.org.apache.hc.client5.http.impl.io.PoolingHttpClientConnectionManager - ex-00000042: endpoint leased [route: {}->unix://localhost:2375][total available: 0; route allocated: 1 of 2147483647; total allocated: 1 of 2147483647]
01:14:49.848 [Test worker] DEBUG com.github.dockerjava.zerodep.shaded.org.apache.hc.client5.http.impl.io.PoolingHttpClientConnectionManager - ex-00000042: acquired ep-00000041
01:14:49.848 [Test worker] DEBUG com.github.dockerjava.zerodep.shaded.org.apache.hc.client5.http.impl.classic.InternalHttpClient - ex-00000042: acquired endpoint ep-00000041
01:14:49.848 [Test worker] DEBUG com.github.dockerjava.zerodep.shaded.org.apache.hc.client5.http.impl.classic.MainClientExec - ex-00000042: executing GET /v1.32/containers/cd5ecdf38df06b4092e6cf67100cd20ad9c3cb4b6e9303874a7bd89885b140c9/json HTTP/1.1
01:14:49.848 [Test worker] DEBUG com.github.dockerjava.zerodep.shaded.org.apache.hc.client5.http.impl.classic.InternalHttpClient - ep-00000041: start execution ex-00000042
01:14:49.848 [Test worker] DEBUG com.github.dockerjava.zerodep.shaded.org.apache.hc.client5.http.impl.io.PoolingHttpClientConnectionManager - ep-00000041: executing exchange ex-00000042 over http-outgoing-2
01:14:49.848 [Test worker] DEBUG com.github.dockerjava.zerodep.shaded.org.apache.hc.client5.http.headers - http-outgoing-2 >> GET /v1.32/containers/cd5ecdf38df06b4092e6cf67100cd20ad9c3cb4b6e9303874a7bd89885b140c9/json HTTP/1.1
01:14:49.848 [Test worker] DEBUG com.github.dockerjava.zerodep.shaded.org.apache.hc.client5.http.headers - http-outgoing-2 >> accept: application/json
01:14:49.848 [Test worker] DEBUG com.github.dockerjava.zerodep.shaded.org.apache.hc.client5.http.headers - http-outgoing-2 >> x-tc-sid: 71b9672a-6f61-4546-a7b6-d603100b2e56
01:14:49.848 [Test worker] DEBUG com.github.dockerjava.zerodep.shaded.org.apache.hc.client5.http.headers - http-outgoing-2 >> Accept-Encoding: gzip, x-gzip, deflate
01:14:49.848 [Test worker] DEBUG com.github.dockerjava.zerodep.shaded.org.apache.hc.client5.http.headers - http-outgoing-2 >> Host: localhost:2375
01:14:49.848 [Test worker] DEBUG com.github.dockerjava.zerodep.shaded.org.apache.hc.client5.http.headers - http-outgoing-2 >> Connection: keep-alive
01:14:49.848 [Test worker] DEBUG com.github.dockerjava.zerodep.shaded.org.apache.hc.client5.http.headers - http-outgoing-2 >> User-Agent: Apache-HttpClient/5.0.3 (Java/17.0.2)
01:14:49.848 [Test worker] DEBUG com.github.dockerjava.zerodep.shaded.org.apache.hc.client5.http.wire - http-outgoing-2 >> "GET /v1.32/containers/cd5ecdf38df06b4092e6cf67100cd20ad9c3cb4b6e9303874a7bd89885b140c9/json HTTP/1.1[\r][\n]"
01:14:49.848 [Test worker] DEBUG com.github.dockerjava.zerodep.shaded.org.apache.hc.client5.http.wire - http-outgoing-2 >> "accept: application/json[\r][\n]"
01:14:49.848 [Test worker] DEBUG com.github.dockerjava.zerodep.shaded.org.apache.hc.client5.http.wire - http-outgoing-2 >> "x-tc-sid: 71b9672a-6f61-4546-a7b6-d603100b2e56[\r][\n]"
01:14:49.848 [Test worker] DEBUG com.github.dockerjava.zerodep.shaded.org.apache.hc.client5.http.wire - http-outgoing-2 >> "Accept-Encoding: gzip, x-gzip, deflate[\r][\n]"
01:14:49.848 [Test worker] DEBUG com.github.dockerjava.zerodep.shaded.org.apache.hc.client5.http.wire - http-outgoing-2 >> "Host: localhost:2375[\r][\n]"
01:14:49.848 [Test worker] DEBUG com.github.dockerjava.zerodep.shaded.org.apache.hc.client5.http.wire - http-outgoing-2 >> "Connection: keep-alive[\r][\n]"
01:14:49.848 [Test worker] DEBUG com.github.dockerjava.zerodep.shaded.org.apache.hc.client5.http.wire - http-outgoing-2 >> "User-Agent: Apache-HttpClient/5.0.3 (Java/17.0.2)[\r][\n]"
01:14:49.848 [Test worker] DEBUG com.github.dockerjava.zerodep.shaded.org.apache.hc.client5.http.wire - http-outgoing-2 >> "[\r][\n]"
01:14:49.850 [Test worker] DEBUG com.github.dockerjava.zerodep.shaded.org.apache.hc.client5.http.wire - http-outgoing-2 << "HTTP/1.1 200 OK[\r][\n]"
01:14:49.850 [Test worker] DEBUG com.github.dockerjava.zerodep.shaded.org.apache.hc.client5.http.wire - http-outgoing-2 << "Api-Version: 1.41[\r][\n]"
01:14:49.850 [Test worker] DEBUG com.github.dockerjava.zerodep.shaded.org.apache.hc.client5.http.wire - http-outgoing-2 << "Content-Type: application/json[\r][\n]"
01:14:49.850 [Test worker] DEBUG com.github.dockerjava.zerodep.shaded.org.apache.hc.client5.http.wire - http-outgoing-2 << "Date: Tue, 28 Mar 2023 04:14:49 GMT[\r][\n]"
01:14:49.850 [Test worker] DEBUG com.github.dockerjava.zerodep.shaded.org.apache.hc.client5.http.wire - http-outgoing-2 << "Docker-Experimental: false[\r][\n]"
01:14:49.850 [Test worker] DEBUG com.github.dockerjava.zerodep.shaded.org.apache.hc.client5.http.wire - http-outgoing-2 << "Ostype: linux[\r][\n]"
01:14:49.850 [Test worker] DEBUG com.github.dockerjava.zerodep.shaded.org.apache.hc.client5.http.wire - http-outgoing-2 << "Server: Docker/20.10.21 (linux)[\r][\n]"
01:14:49.850 [Test worker] DEBUG com.github.dockerjava.zerodep.shaded.org.apache.hc.client5.http.wire - http-outgoing-2 << "Transfer-Encoding: chunked[\r][\n]"
01:14:49.850 [Test worker] DEBUG com.github.dockerjava.zerodep.shaded.org.apache.hc.client5.http.wire - http-outgoing-2 << "[\r][\n]"
01:14:49.850 [Test worker] DEBUG com.github.dockerjava.zerodep.shaded.org.apache.hc.client5.http.headers - http-outgoing-2 << HTTP/1.1 200 OK
01:14:49.850 [Test worker] DEBUG com.github.dockerjava.zerodep.shaded.org.apache.hc.client5.http.headers - http-outgoing-2 << Api-Version: 1.41
01:14:49.850 [Test worker] DEBUG com.github.dockerjava.zerodep.shaded.org.apache.hc.client5.http.headers - http-outgoing-2 << Content-Type: application/json
01:14:49.850 [Test worker] DEBUG com.github.dockerjava.zerodep.shaded.org.apache.hc.client5.http.headers - http-outgoing-2 << Date: Tue, 28 Mar 2023 04:14:49 GMT
01:14:49.850 [Test worker] DEBUG com.github.dockerjava.zerodep.shaded.org.apache.hc.client5.http.headers - http-outgoing-2 << Docker-Experimental: false
01:14:49.850 [Test worker] DEBUG com.github.dockerjava.zerodep.shaded.org.apache.hc.client5.http.headers - http-outgoing-2 << Ostype: linux
01:14:49.850 [Test worker] DEBUG com.github.dockerjava.zerodep.shaded.org.apache.hc.client5.http.headers - http-outgoing-2 << Server: Docker/20.10.21 (linux)
01:14:49.850 [Test worker] DEBUG com.github.dockerjava.zerodep.shaded.org.apache.hc.client5.http.headers - http-outgoing-2 << Transfer-Encoding: chunked
01:14:49.850 [Test worker] DEBUG com.github.dockerjava.zerodep.shaded.org.apache.hc.client5.http.impl.classic.MainClientExec - ex-00000042: connection can be kept alive for 3 MINUTES
01:14:49.851 [Test worker] DEBUG com.github.dockerjava.zerodep.shaded.org.apache.hc.client5.http.wire - http-outgoing-2 << "18c1[\r][\n]"
01:14:49.851 [Test worker] DEBUG com.github.dockerjava.zerodep.shaded.org.apache.hc.client5.http.wire - http-outgoing-2 << "{"Id":"cd5ecdf38df06b4092e6cf67100cd20ad9c3cb4b6e9303874a7bd89885b140c9","Created":"2023-03-28T04:14:43.179040379Z","Path":"docker-entrypoint.sh","Args":["mysqld"],"State":{"Status":"running","Running":true,"Paused":false,"Restarting":false,"OOMKilled":false,"Dead":false,"Pid":20152,"ExitCode":0,"Error":"","StartedAt":"2023-03-28T04:14:43.680338005Z","FinishedAt":"0001-01-01T00:00:00Z"},"Image":"sha256:c7c54c29e20dccc1aefb936c8eba8bb8b98b87a4921102aba87fde2df5810af9","ResolvConfPath":"/var/lib/docker/containers/cd5ecdf38df06b4092e6cf67100cd20ad9c3cb4b6e9303874a7bd89885b140c9/resolv.conf","HostnamePath":"/var/lib/docker/containers/cd5ecdf38df06b4092e6cf67100cd20ad9c3cb4b6e9303874a7bd89885b140c9/hostname","HostsPath":"/var/lib/docker/containers/cd5ecdf38df06b4092e6cf67100cd20ad9c3cb4b6e9303874a7bd89885b140c9/hosts","LogPath":"/var/lib/docker/containers/cd5ecdf38df06b4092e6cf67100cd20ad9c3cb4b6e9303874a7bd89885b140c9/cd5ecdf38df06b4092e6cf67100cd20ad9c3cb4b6e9303874a7bd89885b140c9-json.log","Name":"/keen_matsumoto","RestartCount":0,"Driver":"overlay2","Platform":"linux","MountLabel":"","ProcessLabel":"","AppArmorProfile":"","ExecIDs":null,"HostConfig":{"Binds":[],"ContainerIDFile":"","LogConfig":{"Type":"json-file","Config":{}},"NetworkMode":"default","PortBindings":{"3306/tcp":[{"HostIp":"0.0.0.0","HostPort":"0"}]},"RestartPolicy":{"Name":"","MaximumRetryCount":0},"AutoRemove":false,"VolumeDriver":"","VolumesFrom":[],"CapAdd":null,"CapDrop":null,"CgroupnsMode":"private","Dns":null,"DnsOptions":null,"DnsSearch":null,"ExtraHosts":[],"GroupAdd":null,"IpcMode":"shareable","Cgroup":"","Links":null,"OomScoreAdj":0,"PidMode":"","Privileged":false,"PublishAllPorts":false,"ReadonlyRootfs":false,"SecurityOpt":null,"UTSMode":"","UsernsMode":"","ShmSize":67108864,"Runtime":"runc","ConsoleSize":[0,0],"Isolation":"","CpuShares":0,"Memory":0,"NanoCpus":0,"CgroupParent":"","BlkioWeight":0,"BlkioWeightDevice":null,"BlkioDeviceReadBps":null,"BlkioDeviceWriteBps":null,"BlkioDeviceReadIOps":null,"BlkioDeviceWriteIOps":null,"CpuPeriod":0,"CpuQuota":0,"CpuRealtimePeriod":0,"CpuRealtimeRuntime":0,"CpusetCpus":"","CpusetMems":"","Devices":null,"DeviceCgroupRules":null,"DeviceRequests":null,"KernelMemory":0,"KernelMemoryTCP":0,"MemoryReservation":0,"MemorySwap":0,"MemorySwappiness":null,"OomKillDisable":null,"PidsLimit":null,"Ulimits":null,"CpuCount":0,"CpuPercent":0,"IOMaximumIOps":0,"IOMaximumBandwidth":0,"MaskedPaths":["/proc/asound","/proc/acpi","/proc/kcore","/proc/keys","/proc/latency_stats","/proc/timer_list","/proc/timer_stats","/proc/sched_debug","/proc/scsi","/sys/firmware"],"ReadonlyPaths":["/proc/bus","/proc/fs","/proc/irq","/proc/sys","/proc/sysrq-trigger"]},"GraphDriver":{"Data":{"LowerDir":"/var/lib/docker/overlay2/830e690ec83ecff869b59e4f673c0c63b2bc5c068e9f710933e6f61763699fd2-init/diff:/var/lib/docker/overlay2/1bd8849d7a296305617011f940aa5cfabbe972a513397b1b6bbc27639b6c1f30/diff:/var/lib/docker/overlay2/199d69b2fbf78af4d4c95dec4fd2f8835ab0347eb49fb20ebb2ff3b99fedd6ad/diff:/var/lib/docker/overlay2/d83c38d654989311f75b9491329846033bfb7714de76ef635380dcfad5c740d9/diff:/var/lib/docker/overlay2/08600d0aea2ab2728bebcf5d2589c640a842f53d1ba3c4a4adccb4d03b923cf6/diff:/var/lib/docker/overlay2/9ec7c63a3fb14d13ac788bbf5e282ca821edc41260b79944e5e631037d13ecda/diff:/var/lib/docker/overlay2/db601d7a1b4ea6da638db620462f0da96fa55c559d02269c9ddb09027936ed87/diff:/var/lib/docker/overlay2/a6d2bd03f942e2565f21e74cfe152c7ec836a1c2b583f0790c685b92bdcfda24/diff:/var/lib/docker/overlay2/9badd16ea2c5e2bf1fde8b579683e41137dfc46ed5449234149f199a6751cc84/diff:/var/lib/docker/overlay2/6efb85646ed12e2d1181ef4cc6f6f6732c00c15a4035fe17ebc4f075ca573c30/diff:/var/lib/docker/overlay2/895d7c0ec09144d6ed33936f4e98e11c18010f7abd708cae1ce43aec7a7f2621/diff:/var/lib/docker/overlay2/1c4ba77aa573ab6e5e5069fd15eae71b3da940bde0f97a922a227ffc8a1d1096/diff","MergedDir":"/var/lib/docker/overlay2/830e690ec83ecff869b59e4f673c0c63b2bc5c068e9f710933e6f61763699fd2/merged","UpperDir":"/var/lib/docker/overlay2/830e690ec83ecff869b59e4f673c0c63b2bc5c068e9f710933e6f61763699fd2/diff","WorkDir":"/var/lib/docker/overlay2/830e690ec83ecff869b59e4f673c0c63b2bc5c068e9f710933e6f61763699fd2/work"},"Name":"overlay2"},"Mounts":[{"Type":"volume","Name":"25868b8cea8ad6eba7f00a6fe83e8848def5cff8aab5c5943024031400fa063d","Source":"/var/lib/docker/volumes/25868b8cea8ad6eba7f00a6fe83e8848def5cff8aab5c5943024031400fa063d/_data","Destination":"/var/lib/mysql","Driver":"local","Mode":"","RW":true,"Propagation":""}],"Config":{"Hostname":"cd5ecdf38df0","Domainname":"","User":"","AttachStdin":false,"AttachStdout":false,"AttachStderr":false,"ExposedPorts":{"3306/tcp":{},"33060/tcp":{}},"Tty":false,"OpenStdin":false,"StdinOnce":false,"Env":["MYSQL_DATABASE=adm_videos","MYSQL_PASSWORD=123456","MYSQL_ROOT_PASSWORD=123456","PATH=/usr/local/sbin:/usr/local/bin:/usr/sbin:/usr/bin:/sbin:/bin","GOSU_VERSION=1.16","MYSQL_MAJOR=8.0","MYSQL_VERSION=8.0.32-1.el8","MYSQL_SHELL_VERSION=8.0.32-1.el8"],"Cmd":["mysqld"],"Image":"mysql:latest","Volumes":{"/var/lib/mysql":{}},"WorkingDir":"","Entrypoint":["docker-entrypoint.sh"],"OnBuild":null,"Labels":{"org.testcontainers":"true","org.testcontainers.lang":"java","org.testcontainers.sessionId":"71b9672a-6f61-4546-a7b6-d603100b2e56","org.testcontainers.version":"1.17.6"}},"NetworkSettings":{"Bridge":"","SandboxID":"56762d63452c709eadac6b5c5f4b6cdd30da833580c632f91fd658806eaf4ddb","HairpinMode":false,"LinkLocalIPv6Address":"","LinkLocalIPv6PrefixLen":0,"Ports":{"3306/tcp":[{"HostIp":"0.0.0.0","HostPort":"63819"}],"33060/tcp":null},"SandboxKey":"/var/run/docker/netns/56762d63452c","SecondaryIPAddresses":null,"SecondaryIPv6Addresses":null,"EndpointID":"92fc2600684327987bceb8e2716a72ba2420fccd56812c1491af8c03946e105c","Gateway":"172.17.0.1","GlobalIPv6Address":"","GlobalIPv6PrefixLen":0,"IPAddress":"172.17.0.3","IPPrefixLen":16,"IPv6Gateway":"","MacAddress":"02:42:ac:11:00:03","Networks":{"bridge":{"IPAMConfig":null,"Links":null,"Aliases":null,"NetworkID":"308e234c143065751b16b4500cb9f48d5c7fc2116504b3d816a5e51cd4771062","EndpointID":"92fc2600684327987bceb8e2716a72ba2420fccd56812c1491af8c03946e105c","Gateway":"172.17.0.1","IPAddress":"172.17.0.3","IPPrefixLen":16,"IPv6Gateway":"","GlobalIPv6Address":"","GlobalIPv6PrefixLen":0,"MacAddress":"02:42:ac:11:00:03","DriverOpts":null}}}}[\n]"
01:14:49.851 [Test worker] DEBUG com.github.dockerjava.zerodep.shaded.org.apache.hc.client5.http.wire - http-outgoing-2 << "[\r][\n]"
01:14:49.852 [Test worker] DEBUG com.github.dockerjava.zerodep.shaded.org.apache.hc.client5.http.wire - http-outgoing-2 << "0[\r][\n]"
01:14:49.852 [Test worker] DEBUG com.github.dockerjava.zerodep.shaded.org.apache.hc.client5.http.wire - http-outgoing-2 << "[\r][\n]"
01:14:49.852 [Test worker] DEBUG com.github.dockerjava.zerodep.shaded.org.apache.hc.client5.http.impl.classic.InternalHttpClient - ep-00000041: releasing valid endpoint
01:14:49.852 [Test worker] DEBUG com.github.dockerjava.zerodep.shaded.org.apache.hc.client5.http.impl.io.PoolingHttpClientConnectionManager - ep-00000041: releasing endpoint
01:14:49.852 [Test worker] DEBUG com.github.dockerjava.zerodep.shaded.org.apache.hc.client5.http.impl.io.PoolingHttpClientConnectionManager - ep-00000041: connection http-outgoing-2 can be kept alive for 3 MINUTES
01:14:49.852 [Test worker] DEBUG com.github.dockerjava.zerodep.shaded.org.apache.hc.client5.http.impl.io.PoolingHttpClientConnectionManager - ep-00000041: connection released [route: {}->unix://localhost:2375][total available: 1; route allocated: 1 of 2147483647; total allocated: 1 of 2147483647]
01:14:49.852 [Test worker] DEBUG ]]>&#x1f433;<![CDATA[ [mysql:latest] - Trying to create JDBC connection using com.mysql.cj.jdbc.Driver to jdbc:mysql://localhost:63819/adm_videos?useSSL=false&allowPublicKeyRetrieval=true with properties: {password=123456, user=root}
01:14:49.960 [Test worker] DEBUG org.testcontainers.shaded.com.github.dockerjava.core.command.AbstrDockerCmd - Cmd: cd5ecdf38df06b4092e6cf67100cd20ad9c3cb4b6e9303874a7bd89885b140c9,false
01:14:49.960 [Test worker] DEBUG org.testcontainers.shaded.com.github.dockerjava.core.exec.InspectContainerCmdExec - GET: DefaultWebTarget{path=[/containers/cd5ecdf38df06b4092e6cf67100cd20ad9c3cb4b6e9303874a7bd89885b140c9/json], queryParams={}}
01:14:49.960 [Test worker] DEBUG com.github.dockerjava.zerodep.shaded.org.apache.hc.client5.http.impl.classic.InternalHttpClient - ex-00000043: preparing request execution
01:14:49.961 [Test worker] DEBUG com.github.dockerjava.zerodep.shaded.org.apache.hc.client5.http.protocol.RequestAddCookies - Cookie spec selected: strict
01:14:49.961 [Test worker] DEBUG com.github.dockerjava.zerodep.shaded.org.apache.hc.client5.http.protocol.RequestAuthCache - Auth cache not set in the context
01:14:49.961 [Test worker] DEBUG com.github.dockerjava.zerodep.shaded.org.apache.hc.client5.http.impl.classic.ProtocolExec - ex-00000043: target auth state: UNCHALLENGED
01:14:49.961 [Test worker] DEBUG com.github.dockerjava.zerodep.shaded.org.apache.hc.client5.http.impl.classic.ProtocolExec - ex-00000043: proxy auth state: UNCHALLENGED
01:14:49.961 [Test worker] DEBUG com.github.dockerjava.zerodep.shaded.org.apache.hc.client5.http.impl.classic.ConnectExec - ex-00000043: acquiring connection with route {}->unix://localhost:2375
01:14:49.961 [Test worker] DEBUG com.github.dockerjava.zerodep.shaded.org.apache.hc.client5.http.impl.classic.InternalHttpClient - ex-00000043: acquiring endpoint (3 MINUTES)
01:14:49.961 [Test worker] DEBUG com.github.dockerjava.zerodep.shaded.org.apache.hc.client5.http.impl.io.PoolingHttpClientConnectionManager - ex-00000043: endpoint lease request (3 MINUTES) [route: {}->unix://localhost:2375][total available: 1; route allocated: 1 of 2147483647; total allocated: 1 of 2147483647]
01:14:49.961 [Test worker] DEBUG com.github.dockerjava.zerodep.shaded.org.apache.hc.client5.http.impl.io.PoolingHttpClientConnectionManager - ex-00000043: endpoint leased [route: {}->unix://localhost:2375][total available: 0; route allocated: 1 of 2147483647; total allocated: 1 of 2147483647]
01:14:49.961 [Test worker] DEBUG com.github.dockerjava.zerodep.shaded.org.apache.hc.client5.http.impl.io.PoolingHttpClientConnectionManager - ex-00000043: acquired ep-00000042
01:14:49.961 [Test worker] DEBUG com.github.dockerjava.zerodep.shaded.org.apache.hc.client5.http.impl.classic.InternalHttpClient - ex-00000043: acquired endpoint ep-00000042
01:14:49.961 [Test worker] DEBUG com.github.dockerjava.zerodep.shaded.org.apache.hc.client5.http.impl.classic.MainClientExec - ex-00000043: executing GET /v1.32/containers/cd5ecdf38df06b4092e6cf67100cd20ad9c3cb4b6e9303874a7bd89885b140c9/json HTTP/1.1
01:14:49.961 [Test worker] DEBUG com.github.dockerjava.zerodep.shaded.org.apache.hc.client5.http.impl.classic.InternalHttpClient - ep-00000042: start execution ex-00000043
01:14:49.961 [Test worker] DEBUG com.github.dockerjava.zerodep.shaded.org.apache.hc.client5.http.impl.io.PoolingHttpClientConnectionManager - ep-00000042: executing exchange ex-00000043 over http-outgoing-2
01:14:49.961 [Test worker] DEBUG com.github.dockerjava.zerodep.shaded.org.apache.hc.client5.http.headers - http-outgoing-2 >> GET /v1.32/containers/cd5ecdf38df06b4092e6cf67100cd20ad9c3cb4b6e9303874a7bd89885b140c9/json HTTP/1.1
01:14:49.961 [Test worker] DEBUG com.github.dockerjava.zerodep.shaded.org.apache.hc.client5.http.headers - http-outgoing-2 >> accept: application/json
01:14:49.961 [Test worker] DEBUG com.github.dockerjava.zerodep.shaded.org.apache.hc.client5.http.headers - http-outgoing-2 >> x-tc-sid: 71b9672a-6f61-4546-a7b6-d603100b2e56
01:14:49.961 [Test worker] DEBUG com.github.dockerjava.zerodep.shaded.org.apache.hc.client5.http.headers - http-outgoing-2 >> Accept-Encoding: gzip, x-gzip, deflate
01:14:49.961 [Test worker] DEBUG com.github.dockerjava.zerodep.shaded.org.apache.hc.client5.http.headers - http-outgoing-2 >> Host: localhost:2375
01:14:49.961 [Test worker] DEBUG com.github.dockerjava.zerodep.shaded.org.apache.hc.client5.http.headers - http-outgoing-2 >> Connection: keep-alive
01:14:49.961 [Test worker] DEBUG com.github.dockerjava.zerodep.shaded.org.apache.hc.client5.http.headers - http-outgoing-2 >> User-Agent: Apache-HttpClient/5.0.3 (Java/17.0.2)
01:14:49.961 [Test worker] DEBUG com.github.dockerjava.zerodep.shaded.org.apache.hc.client5.http.wire - http-outgoing-2 >> "GET /v1.32/containers/cd5ecdf38df06b4092e6cf67100cd20ad9c3cb4b6e9303874a7bd89885b140c9/json HTTP/1.1[\r][\n]"
01:14:49.961 [Test worker] DEBUG com.github.dockerjava.zerodep.shaded.org.apache.hc.client5.http.wire - http-outgoing-2 >> "accept: application/json[\r][\n]"
01:14:49.961 [Test worker] DEBUG com.github.dockerjava.zerodep.shaded.org.apache.hc.client5.http.wire - http-outgoing-2 >> "x-tc-sid: 71b9672a-6f61-4546-a7b6-d603100b2e56[\r][\n]"
01:14:49.961 [Test worker] DEBUG com.github.dockerjava.zerodep.shaded.org.apache.hc.client5.http.wire - http-outgoing-2 >> "Accept-Encoding: gzip, x-gzip, deflate[\r][\n]"
01:14:49.961 [Test worker] DEBUG com.github.dockerjava.zerodep.shaded.org.apache.hc.client5.http.wire - http-outgoing-2 >> "Host: localhost:2375[\r][\n]"
01:14:49.961 [Test worker] DEBUG com.github.dockerjava.zerodep.shaded.org.apache.hc.client5.http.wire - http-outgoing-2 >> "Connection: keep-alive[\r][\n]"
01:14:49.961 [Test worker] DEBUG com.github.dockerjava.zerodep.shaded.org.apache.hc.client5.http.wire - http-outgoing-2 >> "User-Agent: Apache-HttpClient/5.0.3 (Java/17.0.2)[\r][\n]"
01:14:49.961 [Test worker] DEBUG com.github.dockerjava.zerodep.shaded.org.apache.hc.client5.http.wire - http-outgoing-2 >> "[\r][\n]"
01:14:49.963 [Test worker] DEBUG com.github.dockerjava.zerodep.shaded.org.apache.hc.client5.http.wire - http-outgoing-2 << "HTTP/1.1 200 OK[\r][\n]"
01:14:49.963 [Test worker] DEBUG com.github.dockerjava.zerodep.shaded.org.apache.hc.client5.http.wire - http-outgoing-2 << "Api-Version: 1.41[\r][\n]"
01:14:49.963 [Test worker] DEBUG com.github.dockerjava.zerodep.shaded.org.apache.hc.client5.http.wire - http-outgoing-2 << "Content-Type: application/json[\r][\n]"
01:14:49.963 [Test worker] DEBUG com.github.dockerjava.zerodep.shaded.org.apache.hc.client5.http.wire - http-outgoing-2 << "Date: Tue, 28 Mar 2023 04:14:49 GMT[\r][\n]"
01:14:49.964 [Test worker] DEBUG com.github.dockerjava.zerodep.shaded.org.apache.hc.client5.http.wire - http-outgoing-2 << "Docker-Experimental: false[\r][\n]"
01:14:49.964 [Test worker] DEBUG com.github.dockerjava.zerodep.shaded.org.apache.hc.client5.http.wire - http-outgoing-2 << "Ostype: linux[\r][\n]"
01:14:49.964 [Test worker] DEBUG com.github.dockerjava.zerodep.shaded.org.apache.hc.client5.http.wire - http-outgoing-2 << "Server: Docker/20.10.21 (linux)[\r][\n]"
01:14:49.964 [Test worker] DEBUG com.github.dockerjava.zerodep.shaded.org.apache.hc.client5.http.wire - http-outgoing-2 << "Transfer-Encoding: chunked[\r][\n]"
01:14:49.964 [Test worker] DEBUG com.github.dockerjava.zerodep.shaded.org.apache.hc.client5.http.wire - http-outgoing-2 << "[\r][\n]"
01:14:49.964 [Test worker] DEBUG com.github.dockerjava.zerodep.shaded.org.apache.hc.client5.http.headers - http-outgoing-2 << HTTP/1.1 200 OK
01:14:49.964 [Test worker] DEBUG com.github.dockerjava.zerodep.shaded.org.apache.hc.client5.http.headers - http-outgoing-2 << Api-Version: 1.41
01:14:49.964 [Test worker] DEBUG com.github.dockerjava.zerodep.shaded.org.apache.hc.client5.http.headers - http-outgoing-2 << Content-Type: application/json
01:14:49.964 [Test worker] DEBUG com.github.dockerjava.zerodep.shaded.org.apache.hc.client5.http.headers - http-outgoing-2 << Date: Tue, 28 Mar 2023 04:14:49 GMT
01:14:49.964 [Test worker] DEBUG com.github.dockerjava.zerodep.shaded.org.apache.hc.client5.http.headers - http-outgoing-2 << Docker-Experimental: false
01:14:49.964 [Test worker] DEBUG com.github.dockerjava.zerodep.shaded.org.apache.hc.client5.http.headers - http-outgoing-2 << Ostype: linux
01:14:49.964 [Test worker] DEBUG com.github.dockerjava.zerodep.shaded.org.apache.hc.client5.http.headers - http-outgoing-2 << Server: Docker/20.10.21 (linux)
01:14:49.964 [Test worker] DEBUG com.github.dockerjava.zerodep.shaded.org.apache.hc.client5.http.headers - http-outgoing-2 << Transfer-Encoding: chunked
01:14:49.964 [Test worker] DEBUG com.github.dockerjava.zerodep.shaded.org.apache.hc.client5.http.impl.classic.MainClientExec - ex-00000043: connection can be kept alive for 3 MINUTES
01:14:49.965 [Test worker] DEBUG com.github.dockerjava.zerodep.shaded.org.apache.hc.client5.http.wire - http-outgoing-2 << "18c1[\r][\n]"
01:14:49.965 [Test worker] DEBUG com.github.dockerjava.zerodep.shaded.org.apache.hc.client5.http.wire - http-outgoing-2 << "{"Id":"cd5ecdf38df06b4092e6cf67100cd20ad9c3cb4b6e9303874a7bd89885b140c9","Created":"2023-03-28T04:14:43.179040379Z","Path":"docker-entrypoint.sh","Args":["mysqld"],"State":{"Status":"running","Running":true,"Paused":false,"Restarting":false,"OOMKilled":false,"Dead":false,"Pid":20152,"ExitCode":0,"Error":"","StartedAt":"2023-03-28T04:14:43.680338005Z","FinishedAt":"0001-01-01T00:00:00Z"},"Image":"sha256:c7c54c29e20dccc1aefb936c8eba8bb8b98b87a4921102aba87fde2df5810af9","ResolvConfPath":"/var/lib/docker/containers/cd5ecdf38df06b4092e6cf67100cd20ad9c3cb4b6e9303874a7bd89885b140c9/resolv.conf","HostnamePath":"/var/lib/docker/containers/cd5ecdf38df06b4092e6cf67100cd20ad9c3cb4b6e9303874a7bd89885b140c9/hostname","HostsPath":"/var/lib/docker/containers/cd5ecdf38df06b4092e6cf67100cd20ad9c3cb4b6e9303874a7bd89885b140c9/hosts","LogPath":"/var/lib/docker/containers/cd5ecdf38df06b4092e6cf67100cd20ad9c3cb4b6e9303874a7bd89885b140c9/cd5ecdf38df06b4092e6cf67100cd20ad9c3cb4b6e9303874a7bd89885b140c9-json.log","Name":"/keen_matsumoto","RestartCount":0,"Driver":"overlay2","Platform":"linux","MountLabel":"","ProcessLabel":"","AppArmorProfile":"","ExecIDs":null,"HostConfig":{"Binds":[],"ContainerIDFile":"","LogConfig":{"Type":"json-file","Config":{}},"NetworkMode":"default","PortBindings":{"3306/tcp":[{"HostIp":"0.0.0.0","HostPort":"0"}]},"RestartPolicy":{"Name":"","MaximumRetryCount":0},"AutoRemove":false,"VolumeDriver":"","VolumesFrom":[],"CapAdd":null,"CapDrop":null,"CgroupnsMode":"private","Dns":null,"DnsOptions":null,"DnsSearch":null,"ExtraHosts":[],"GroupAdd":null,"IpcMode":"shareable","Cgroup":"","Links":null,"OomScoreAdj":0,"PidMode":"","Privileged":false,"PublishAllPorts":false,"ReadonlyRootfs":false,"SecurityOpt":null,"UTSMode":"","UsernsMode":"","ShmSize":67108864,"Runtime":"runc","ConsoleSize":[0,0],"Isolation":"","CpuShares":0,"Memory":0,"NanoCpus":0,"CgroupParent":"","BlkioWeight":0,"BlkioWeightDevice":null,"BlkioDeviceReadBps":null,"BlkioDeviceWriteBps":null,"BlkioDeviceReadIOps":null,"BlkioDeviceWriteIOps":null,"CpuPeriod":0,"CpuQuota":0,"CpuRealtimePeriod":0,"CpuRealtimeRuntime":0,"CpusetCpus":"","CpusetMems":"","Devices":null,"DeviceCgroupRules":null,"DeviceRequests":null,"KernelMemory":0,"KernelMemoryTCP":0,"MemoryReservation":0,"MemorySwap":0,"MemorySwappiness":null,"OomKillDisable":null,"PidsLimit":null,"Ulimits":null,"CpuCount":0,"CpuPercent":0,"IOMaximumIOps":0,"IOMaximumBandwidth":0,"MaskedPaths":["/proc/asound","/proc/acpi","/proc/kcore","/proc/keys","/proc/latency_stats","/proc/timer_list","/proc/timer_stats","/proc/sched_debug","/proc/scsi","/sys/firmware"],"ReadonlyPaths":["/proc/bus","/proc/fs","/proc/irq","/proc/sys","/proc/sysrq-trigger"]},"GraphDriver":{"Data":{"LowerDir":"/var/lib/docker/overlay2/830e690ec83ecff869b59e4f673c0c63b2bc5c068e9f710933e6f61763699fd2-init/diff:/var/lib/docker/overlay2/1bd8849d7a296305617011f940aa5cfabbe972a513397b1b6bbc27639b6c1f30/diff:/var/lib/docker/overlay2/199d69b2fbf78af4d4c95dec4fd2f8835ab0347eb49fb20ebb2ff3b99fedd6ad/diff:/var/lib/docker/overlay2/d83c38d654989311f75b9491329846033bfb7714de76ef635380dcfad5c740d9/diff:/var/lib/docker/overlay2/08600d0aea2ab2728bebcf5d2589c640a842f53d1ba3c4a4adccb4d03b923cf6/diff:/var/lib/docker/overlay2/9ec7c63a3fb14d13ac788bbf5e282ca821edc41260b79944e5e631037d13ecda/diff:/var/lib/docker/overlay2/db601d7a1b4ea6da638db620462f0da96fa55c559d02269c9ddb09027936ed87/diff:/var/lib/docker/overlay2/a6d2bd03f942e2565f21e74cfe152c7ec836a1c2b583f0790c685b92bdcfda24/diff:/var/lib/docker/overlay2/9badd16ea2c5e2bf1fde8b579683e41137dfc46ed5449234149f199a6751cc84/diff:/var/lib/docker/overlay2/6efb85646ed12e2d1181ef4cc6f6f6732c00c15a4035fe17ebc4f075ca573c30/diff:/var/lib/docker/overlay2/895d7c0ec09144d6ed33936f4e98e11c18010f7abd708cae1ce43aec7a7f2621/diff:/var/lib/docker/overlay2/1c4ba77aa573ab6e5e5069fd15eae71b3da940bde0f97a922a227ffc8a1d1096/diff","MergedDir":"/var/lib/docker/overlay2/830e690ec83ecff869b59e4f673c0c63b2bc5c068e9f710933e6f61763699fd2/merged","UpperDir":"/var/lib/docker/overlay2/830e690ec83ecff869b59e4f673c0c63b2bc5c068e9f710933e6f61763699fd2/diff","WorkDir":"/var/lib/docker/overlay2/830e690ec83ecff869b59e4f673c0c63b2bc5c068e9f710933e6f61763699fd2/work"},"Name":"overlay2"},"Mounts":[{"Type":"volume","Name":"25868b8cea8ad6eba7f00a6fe83e8848def5cff8aab5c5943024031400fa063d","Source":"/var/lib/docker/volumes/25868b8cea8ad6eba7f00a6fe83e8848def5cff8aab5c5943024031400fa063d/_data","Destination":"/var/lib/mysql","Driver":"local","Mode":"","RW":true,"Propagation":""}],"Config":{"Hostname":"cd5ecdf38df0","Domainname":"","User":"","AttachStdin":false,"AttachStdout":false,"AttachStderr":false,"ExposedPorts":{"3306/tcp":{},"33060/tcp":{}},"Tty":false,"OpenStdin":false,"StdinOnce":false,"Env":["MYSQL_DATABASE=adm_videos","MYSQL_PASSWORD=123456","MYSQL_ROOT_PASSWORD=123456","PATH=/usr/local/sbin:/usr/local/bin:/usr/sbin:/usr/bin:/sbin:/bin","GOSU_VERSION=1.16","MYSQL_MAJOR=8.0","MYSQL_VERSION=8.0.32-1.el8","MYSQL_SHELL_VERSION=8.0.32-1.el8"],"Cmd":["mysqld"],"Image":"mysql:latest","Volumes":{"/var/lib/mysql":{}},"WorkingDir":"","Entrypoint":["docker-entrypoint.sh"],"OnBuild":null,"Labels":{"org.testcontainers":"true","org.testcontainers.lang":"java","org.testcontainers.sessionId":"71b9672a-6f61-4546-a7b6-d603100b2e56","org.testcontainers.version":"1.17.6"}},"NetworkSettings":{"Bridge":"","SandboxID":"56762d63452c709eadac6b5c5f4b6cdd30da833580c632f91fd658806eaf4ddb","HairpinMode":false,"LinkLocalIPv6Address":"","LinkLocalIPv6PrefixLen":0,"Ports":{"3306/tcp":[{"HostIp":"0.0.0.0","HostPort":"63819"}],"33060/tcp":null},"SandboxKey":"/var/run/docker/netns/56762d63452c","SecondaryIPAddresses":null,"SecondaryIPv6Addresses":null,"EndpointID":"92fc2600684327987bceb8e2716a72ba2420fccd56812c1491af8c03946e105c","Gateway":"172.17.0.1","GlobalIPv6Address":"","GlobalIPv6PrefixLen":0,"IPAddress":"172.17.0.3","IPPrefixLen":16,"IPv6Gateway":"","MacAddress":"02:42:ac:11:00:03","Networks":{"bridge":{"IPAMConfig":null,"Links":null,"Aliases":null,"NetworkID":"308e234c143065751b16b4500cb9f48d5c7fc2116504b3d816a5e51cd4771062","EndpointID":"92fc2600684327987bceb8e2716a72ba2420fccd56812c1491af8c03946e105c","Gateway":"172.17.0.1","IPAddress":"172.17.0.3","IPPrefixLen":16,"IPv6Gateway":"","GlobalIPv6Address":"","GlobalIPv6PrefixLen":0,"MacAddress":"02:42:ac:11:00:03","DriverOpts":null}}}}[\n]"
01:14:49.965 [Test worker] DEBUG com.github.dockerjava.zerodep.shaded.org.apache.hc.client5.http.wire - http-outgoing-2 << "[\r][\n]"
01:14:49.966 [Test worker] DEBUG com.github.dockerjava.zerodep.shaded.org.apache.hc.client5.http.wire - http-outgoing-2 << "0[\r][\n]"
01:14:49.966 [Test worker] DEBUG com.github.dockerjava.zerodep.shaded.org.apache.hc.client5.http.wire - http-outgoing-2 << "[\r][\n]"
01:14:49.966 [Test worker] DEBUG com.github.dockerjava.zerodep.shaded.org.apache.hc.client5.http.impl.classic.InternalHttpClient - ep-00000042: releasing valid endpoint
01:14:49.966 [Test worker] DEBUG com.github.dockerjava.zerodep.shaded.org.apache.hc.client5.http.impl.io.PoolingHttpClientConnectionManager - ep-00000042: releasing endpoint
01:14:49.966 [Test worker] DEBUG com.github.dockerjava.zerodep.shaded.org.apache.hc.client5.http.impl.io.PoolingHttpClientConnectionManager - ep-00000042: connection http-outgoing-2 can be kept alive for 3 MINUTES
01:14:49.966 [Test worker] DEBUG com.github.dockerjava.zerodep.shaded.org.apache.hc.client5.http.impl.io.PoolingHttpClientConnectionManager - ep-00000042: connection released [route: {}->unix://localhost:2375][total available: 1; route allocated: 1 of 2147483647; total allocated: 1 of 2147483647]
01:14:49.966 [Test worker] DEBUG ]]>&#x1f433;<![CDATA[ [mysql:latest] - Trying to create JDBC connection using com.mysql.cj.jdbc.Driver to jdbc:mysql://localhost:63819/adm_videos?useSSL=false&allowPublicKeyRetrieval=true with properties: {password=123456, user=root}
01:14:50.072 [Test worker] DEBUG org.testcontainers.shaded.com.github.dockerjava.core.command.AbstrDockerCmd - Cmd: cd5ecdf38df06b4092e6cf67100cd20ad9c3cb4b6e9303874a7bd89885b140c9,false
01:14:50.072 [Test worker] DEBUG org.testcontainers.shaded.com.github.dockerjava.core.exec.InspectContainerCmdExec - GET: DefaultWebTarget{path=[/containers/cd5ecdf38df06b4092e6cf67100cd20ad9c3cb4b6e9303874a7bd89885b140c9/json], queryParams={}}
01:14:50.073 [Test worker] DEBUG com.github.dockerjava.zerodep.shaded.org.apache.hc.client5.http.impl.classic.InternalHttpClient - ex-00000044: preparing request execution
01:14:50.073 [Test worker] DEBUG com.github.dockerjava.zerodep.shaded.org.apache.hc.client5.http.protocol.RequestAddCookies - Cookie spec selected: strict
01:14:50.073 [Test worker] DEBUG com.github.dockerjava.zerodep.shaded.org.apache.hc.client5.http.protocol.RequestAuthCache - Auth cache not set in the context
01:14:50.073 [Test worker] DEBUG com.github.dockerjava.zerodep.shaded.org.apache.hc.client5.http.impl.classic.ProtocolExec - ex-00000044: target auth state: UNCHALLENGED
01:14:50.073 [Test worker] DEBUG com.github.dockerjava.zerodep.shaded.org.apache.hc.client5.http.impl.classic.ProtocolExec - ex-00000044: proxy auth state: UNCHALLENGED
01:14:50.073 [Test worker] DEBUG com.github.dockerjava.zerodep.shaded.org.apache.hc.client5.http.impl.classic.ConnectExec - ex-00000044: acquiring connection with route {}->unix://localhost:2375
01:14:50.073 [Test worker] DEBUG com.github.dockerjava.zerodep.shaded.org.apache.hc.client5.http.impl.classic.InternalHttpClient - ex-00000044: acquiring endpoint (3 MINUTES)
01:14:50.073 [Test worker] DEBUG com.github.dockerjava.zerodep.shaded.org.apache.hc.client5.http.impl.io.PoolingHttpClientConnectionManager - ex-00000044: endpoint lease request (3 MINUTES) [route: {}->unix://localhost:2375][total available: 1; route allocated: 1 of 2147483647; total allocated: 1 of 2147483647]
01:14:50.074 [Test worker] DEBUG com.github.dockerjava.zerodep.shaded.org.apache.hc.client5.http.impl.io.PoolingHttpClientConnectionManager - ex-00000044: endpoint leased [route: {}->unix://localhost:2375][total available: 0; route allocated: 1 of 2147483647; total allocated: 1 of 2147483647]
01:14:50.074 [Test worker] DEBUG com.github.dockerjava.zerodep.shaded.org.apache.hc.client5.http.impl.io.PoolingHttpClientConnectionManager - ex-00000044: acquired ep-00000043
01:14:50.074 [Test worker] DEBUG com.github.dockerjava.zerodep.shaded.org.apache.hc.client5.http.impl.classic.InternalHttpClient - ex-00000044: acquired endpoint ep-00000043
01:14:50.074 [Test worker] DEBUG com.github.dockerjava.zerodep.shaded.org.apache.hc.client5.http.impl.classic.MainClientExec - ex-00000044: executing GET /v1.32/containers/cd5ecdf38df06b4092e6cf67100cd20ad9c3cb4b6e9303874a7bd89885b140c9/json HTTP/1.1
01:14:50.074 [Test worker] DEBUG com.github.dockerjava.zerodep.shaded.org.apache.hc.client5.http.impl.classic.InternalHttpClient - ep-00000043: start execution ex-00000044
01:14:50.074 [Test worker] DEBUG com.github.dockerjava.zerodep.shaded.org.apache.hc.client5.http.impl.io.PoolingHttpClientConnectionManager - ep-00000043: executing exchange ex-00000044 over http-outgoing-2
01:14:50.074 [Test worker] DEBUG com.github.dockerjava.zerodep.shaded.org.apache.hc.client5.http.headers - http-outgoing-2 >> GET /v1.32/containers/cd5ecdf38df06b4092e6cf67100cd20ad9c3cb4b6e9303874a7bd89885b140c9/json HTTP/1.1
01:14:50.074 [Test worker] DEBUG com.github.dockerjava.zerodep.shaded.org.apache.hc.client5.http.headers - http-outgoing-2 >> accept: application/json
01:14:50.074 [Test worker] DEBUG com.github.dockerjava.zerodep.shaded.org.apache.hc.client5.http.headers - http-outgoing-2 >> x-tc-sid: 71b9672a-6f61-4546-a7b6-d603100b2e56
01:14:50.074 [Test worker] DEBUG com.github.dockerjava.zerodep.shaded.org.apache.hc.client5.http.headers - http-outgoing-2 >> Accept-Encoding: gzip, x-gzip, deflate
01:14:50.074 [Test worker] DEBUG com.github.dockerjava.zerodep.shaded.org.apache.hc.client5.http.headers - http-outgoing-2 >> Host: localhost:2375
01:14:50.074 [Test worker] DEBUG com.github.dockerjava.zerodep.shaded.org.apache.hc.client5.http.headers - http-outgoing-2 >> Connection: keep-alive
01:14:50.074 [Test worker] DEBUG com.github.dockerjava.zerodep.shaded.org.apache.hc.client5.http.headers - http-outgoing-2 >> User-Agent: Apache-HttpClient/5.0.3 (Java/17.0.2)
01:14:50.074 [Test worker] DEBUG com.github.dockerjava.zerodep.shaded.org.apache.hc.client5.http.wire - http-outgoing-2 >> "GET /v1.32/containers/cd5ecdf38df06b4092e6cf67100cd20ad9c3cb4b6e9303874a7bd89885b140c9/json HTTP/1.1[\r][\n]"
01:14:50.074 [Test worker] DEBUG com.github.dockerjava.zerodep.shaded.org.apache.hc.client5.http.wire - http-outgoing-2 >> "accept: application/json[\r][\n]"
01:14:50.074 [Test worker] DEBUG com.github.dockerjava.zerodep.shaded.org.apache.hc.client5.http.wire - http-outgoing-2 >> "x-tc-sid: 71b9672a-6f61-4546-a7b6-d603100b2e56[\r][\n]"
01:14:50.074 [Test worker] DEBUG com.github.dockerjava.zerodep.shaded.org.apache.hc.client5.http.wire - http-outgoing-2 >> "Accept-Encoding: gzip, x-gzip, deflate[\r][\n]"
01:14:50.074 [Test worker] DEBUG com.github.dockerjava.zerodep.shaded.org.apache.hc.client5.http.wire - http-outgoing-2 >> "Host: localhost:2375[\r][\n]"
01:14:50.074 [Test worker] DEBUG com.github.dockerjava.zerodep.shaded.org.apache.hc.client5.http.wire - http-outgoing-2 >> "Connection: keep-alive[\r][\n]"
01:14:50.074 [Test worker] DEBUG com.github.dockerjava.zerodep.shaded.org.apache.hc.client5.http.wire - http-outgoing-2 >> "User-Agent: Apache-HttpClient/5.0.3 (Java/17.0.2)[\r][\n]"
01:14:50.074 [Test worker] DEBUG com.github.dockerjava.zerodep.shaded.org.apache.hc.client5.http.wire - http-outgoing-2 >> "[\r][\n]"
01:14:50.076 [Test worker] DEBUG com.github.dockerjava.zerodep.shaded.org.apache.hc.client5.http.wire - http-outgoing-2 << "HTTP/1.1 200 OK[\r][\n]"
01:14:50.076 [Test worker] DEBUG com.github.dockerjava.zerodep.shaded.org.apache.hc.client5.http.wire - http-outgoing-2 << "Api-Version: 1.41[\r][\n]"
01:14:50.076 [Test worker] DEBUG com.github.dockerjava.zerodep.shaded.org.apache.hc.client5.http.wire - http-outgoing-2 << "Content-Type: application/json[\r][\n]"
01:14:50.076 [Test worker] DEBUG com.github.dockerjava.zerodep.shaded.org.apache.hc.client5.http.wire - http-outgoing-2 << "Date: Tue, 28 Mar 2023 04:14:50 GMT[\r][\n]"
01:14:50.076 [Test worker] DEBUG com.github.dockerjava.zerodep.shaded.org.apache.hc.client5.http.wire - http-outgoing-2 << "Docker-Experimental: false[\r][\n]"
01:14:50.076 [Test worker] DEBUG com.github.dockerjava.zerodep.shaded.org.apache.hc.client5.http.wire - http-outgoing-2 << "Ostype: linux[\r][\n]"
01:14:50.076 [Test worker] DEBUG com.github.dockerjava.zerodep.shaded.org.apache.hc.client5.http.wire - http-outgoing-2 << "Server: Docker/20.10.21 (linux)[\r][\n]"
01:14:50.076 [Test worker] DEBUG com.github.dockerjava.zerodep.shaded.org.apache.hc.client5.http.wire - http-outgoing-2 << "Transfer-Encoding: chunked[\r][\n]"
01:14:50.076 [Test worker] DEBUG com.github.dockerjava.zerodep.shaded.org.apache.hc.client5.http.wire - http-outgoing-2 << "[\r][\n]"
01:14:50.076 [Test worker] DEBUG com.github.dockerjava.zerodep.shaded.org.apache.hc.client5.http.headers - http-outgoing-2 << HTTP/1.1 200 OK
01:14:50.076 [Test worker] DEBUG com.github.dockerjava.zerodep.shaded.org.apache.hc.client5.http.headers - http-outgoing-2 << Api-Version: 1.41
01:14:50.076 [Test worker] DEBUG com.github.dockerjava.zerodep.shaded.org.apache.hc.client5.http.headers - http-outgoing-2 << Content-Type: application/json
01:14:50.076 [Test worker] DEBUG com.github.dockerjava.zerodep.shaded.org.apache.hc.client5.http.headers - http-outgoing-2 << Date: Tue, 28 Mar 2023 04:14:50 GMT
01:14:50.076 [Test worker] DEBUG com.github.dockerjava.zerodep.shaded.org.apache.hc.client5.http.headers - http-outgoing-2 << Docker-Experimental: false
01:14:50.076 [Test worker] DEBUG com.github.dockerjava.zerodep.shaded.org.apache.hc.client5.http.headers - http-outgoing-2 << Ostype: linux
01:14:50.076 [Test worker] DEBUG com.github.dockerjava.zerodep.shaded.org.apache.hc.client5.http.headers - http-outgoing-2 << Server: Docker/20.10.21 (linux)
01:14:50.076 [Test worker] DEBUG com.github.dockerjava.zerodep.shaded.org.apache.hc.client5.http.headers - http-outgoing-2 << Transfer-Encoding: chunked
01:14:50.077 [Test worker] DEBUG com.github.dockerjava.zerodep.shaded.org.apache.hc.client5.http.impl.classic.MainClientExec - ex-00000044: connection can be kept alive for 3 MINUTES
01:14:50.078 [Test worker] DEBUG com.github.dockerjava.zerodep.shaded.org.apache.hc.client5.http.wire - http-outgoing-2 << "18c1[\r][\n]"
01:14:50.078 [Test worker] DEBUG com.github.dockerjava.zerodep.shaded.org.apache.hc.client5.http.wire - http-outgoing-2 << "{"Id":"cd5ecdf38df06b4092e6cf67100cd20ad9c3cb4b6e9303874a7bd89885b140c9","Created":"2023-03-28T04:14:43.179040379Z","Path":"docker-entrypoint.sh","Args":["mysqld"],"State":{"Status":"running","Running":true,"Paused":false,"Restarting":false,"OOMKilled":false,"Dead":false,"Pid":20152,"ExitCode":0,"Error":"","StartedAt":"2023-03-28T04:14:43.680338005Z","FinishedAt":"0001-01-01T00:00:00Z"},"Image":"sha256:c7c54c29e20dccc1aefb936c8eba8bb8b98b87a4921102aba87fde2df5810af9","ResolvConfPath":"/var/lib/docker/containers/cd5ecdf38df06b4092e6cf67100cd20ad9c3cb4b6e9303874a7bd89885b140c9/resolv.conf","HostnamePath":"/var/lib/docker/containers/cd5ecdf38df06b4092e6cf67100cd20ad9c3cb4b6e9303874a7bd89885b140c9/hostname","HostsPath":"/var/lib/docker/containers/cd5ecdf38df06b4092e6cf67100cd20ad9c3cb4b6e9303874a7bd89885b140c9/hosts","LogPath":"/var/lib/docker/containers/cd5ecdf38df06b4092e6cf67100cd20ad9c3cb4b6e9303874a7bd89885b140c9/cd5ecdf38df06b4092e6cf67100cd20ad9c3cb4b6e9303874a7bd89885b140c9-json.log","Name":"/keen_matsumoto","RestartCount":0,"Driver":"overlay2","Platform":"linux","MountLabel":"","ProcessLabel":"","AppArmorProfile":"","ExecIDs":null,"HostConfig":{"Binds":[],"ContainerIDFile":"","LogConfig":{"Type":"json-file","Config":{}},"NetworkMode":"default","PortBindings":{"3306/tcp":[{"HostIp":"0.0.0.0","HostPort":"0"}]},"RestartPolicy":{"Name":"","MaximumRetryCount":0},"AutoRemove":false,"VolumeDriver":"","VolumesFrom":[],"CapAdd":null,"CapDrop":null,"CgroupnsMode":"private","Dns":null,"DnsOptions":null,"DnsSearch":null,"ExtraHosts":[],"GroupAdd":null,"IpcMode":"shareable","Cgroup":"","Links":null,"OomScoreAdj":0,"PidMode":"","Privileged":false,"PublishAllPorts":false,"ReadonlyRootfs":false,"SecurityOpt":null,"UTSMode":"","UsernsMode":"","ShmSize":67108864,"Runtime":"runc","ConsoleSize":[0,0],"Isolation":"","CpuShares":0,"Memory":0,"NanoCpus":0,"CgroupParent":"","BlkioWeight":0,"BlkioWeightDevice":null,"BlkioDeviceReadBps":null,"BlkioDeviceWriteBps":null,"BlkioDeviceReadIOps":null,"BlkioDeviceWriteIOps":null,"CpuPeriod":0,"CpuQuota":0,"CpuRealtimePeriod":0,"CpuRealtimeRuntime":0,"CpusetCpus":"","CpusetMems":"","Devices":null,"DeviceCgroupRules":null,"DeviceRequests":null,"KernelMemory":0,"KernelMemoryTCP":0,"MemoryReservation":0,"MemorySwap":0,"MemorySwappiness":null,"OomKillDisable":null,"PidsLimit":null,"Ulimits":null,"CpuCount":0,"CpuPercent":0,"IOMaximumIOps":0,"IOMaximumBandwidth":0,"MaskedPaths":["/proc/asound","/proc/acpi","/proc/kcore","/proc/keys","/proc/latency_stats","/proc/timer_list","/proc/timer_stats","/proc/sched_debug","/proc/scsi","/sys/firmware"],"ReadonlyPaths":["/proc/bus","/proc/fs","/proc/irq","/proc/sys","/proc/sysrq-trigger"]},"GraphDriver":{"Data":{"LowerDir":"/var/lib/docker/overlay2/830e690ec83ecff869b59e4f673c0c63b2bc5c068e9f710933e6f61763699fd2-init/diff:/var/lib/docker/overlay2/1bd8849d7a296305617011f940aa5cfabbe972a513397b1b6bbc27639b6c1f30/diff:/var/lib/docker/overlay2/199d69b2fbf78af4d4c95dec4fd2f8835ab0347eb49fb20ebb2ff3b99fedd6ad/diff:/var/lib/docker/overlay2/d83c38d654989311f75b9491329846033bfb7714de76ef635380dcfad5c740d9/diff:/var/lib/docker/overlay2/08600d0aea2ab2728bebcf5d2589c640a842f53d1ba3c4a4adccb4d03b923cf6/diff:/var/lib/docker/overlay2/9ec7c63a3fb14d13ac788bbf5e282ca821edc41260b79944e5e631037d13ecda/diff:/var/lib/docker/overlay2/db601d7a1b4ea6da638db620462f0da96fa55c559d02269c9ddb09027936ed87/diff:/var/lib/docker/overlay2/a6d2bd03f942e2565f21e74cfe152c7ec836a1c2b583f0790c685b92bdcfda24/diff:/var/lib/docker/overlay2/9badd16ea2c5e2bf1fde8b579683e41137dfc46ed5449234149f199a6751cc84/diff:/var/lib/docker/overlay2/6efb85646ed12e2d1181ef4cc6f6f6732c00c15a4035fe17ebc4f075ca573c30/diff:/var/lib/docker/overlay2/895d7c0ec09144d6ed33936f4e98e11c18010f7abd708cae1ce43aec7a7f2621/diff:/var/lib/docker/overlay2/1c4ba77aa573ab6e5e5069fd15eae71b3da940bde0f97a922a227ffc8a1d1096/diff","MergedDir":"/var/lib/docker/overlay2/830e690ec83ecff869b59e4f673c0c63b2bc5c068e9f710933e6f61763699fd2/merged","UpperDir":"/var/lib/docker/overlay2/830e690ec83ecff869b59e4f673c0c63b2bc5c068e9f710933e6f61763699fd2/diff","WorkDir":"/var/lib/docker/overlay2/830e690ec83ecff869b59e4f673c0c63b2bc5c068e9f710933e6f61763699fd2/work"},"Name":"overlay2"},"Mounts":[{"Type":"volume","Name":"25868b8cea8ad6eba7f00a6fe83e8848def5cff8aab5c5943024031400fa063d","Source":"/var/lib/docker/volumes/25868b8cea8ad6eba7f00a6fe83e8848def5cff8aab5c5943024031400fa063d/_data","Destination":"/var/lib/mysql","Driver":"local","Mode":"","RW":true,"Propagation":""}],"Config":{"Hostname":"cd5ecdf38df0","Domainname":"","User":"","AttachStdin":false,"AttachStdout":false,"AttachStderr":false,"ExposedPorts":{"3306/tcp":{},"33060/tcp":{}},"Tty":false,"OpenStdin":false,"StdinOnce":false,"Env":["MYSQL_DATABASE=adm_videos","MYSQL_PASSWORD=123456","MYSQL_ROOT_PASSWORD=123456","PATH=/usr/local/sbin:/usr/local/bin:/usr/sbin:/usr/bin:/sbin:/bin","GOSU_VERSION=1.16","MYSQL_MAJOR=8.0","MYSQL_VERSION=8.0.32-1.el8","MYSQL_SHELL_VERSION=8.0.32-1.el8"],"Cmd":["mysqld"],"Image":"mysql:latest","Volumes":{"/var/lib/mysql":{}},"WorkingDir":"","Entrypoint":["docker-entrypoint.sh"],"OnBuild":null,"Labels":{"org.testcontainers":"true","org.testcontainers.lang":"java","org.testcontainers.sessionId":"71b9672a-6f61-4546-a7b6-d603100b2e56","org.testcontainers.version":"1.17.6"}},"NetworkSettings":{"Bridge":"","SandboxID":"56762d63452c709eadac6b5c5f4b6cdd30da833580c632f91fd658806eaf4ddb","HairpinMode":false,"LinkLocalIPv6Address":"","LinkLocalIPv6PrefixLen":0,"Ports":{"3306/tcp":[{"HostIp":"0.0.0.0","HostPort":"63819"}],"33060/tcp":null},"SandboxKey":"/var/run/docker/netns/56762d63452c","SecondaryIPAddresses":null,"SecondaryIPv6Addresses":null,"EndpointID":"92fc2600684327987bceb8e2716a72ba2420fccd56812c1491af8c03946e105c","Gateway":"172.17.0.1","GlobalIPv6Address":"","GlobalIPv6PrefixLen":0,"IPAddress":"172.17.0.3","IPPrefixLen":16,"IPv6Gateway":"","MacAddress":"02:42:ac:11:00:03","Networks":{"bridge":{"IPAMConfig":null,"Links":null,"Aliases":null,"NetworkID":"308e234c143065751b16b4500cb9f48d5c7fc2116504b3d816a5e51cd4771062","EndpointID":"92fc2600684327987bceb8e2716a72ba2420fccd56812c1491af8c03946e105c","Gateway":"172.17.0.1","IPAddress":"172.17.0.3","IPPrefixLen":16,"IPv6Gateway":"","GlobalIPv6Address":"","GlobalIPv6PrefixLen":0,"MacAddress":"02:42:ac:11:00:03","DriverOpts":null}}}}[\n]"
01:14:50.078 [Test worker] DEBUG com.github.dockerjava.zerodep.shaded.org.apache.hc.client5.http.wire - http-outgoing-2 << "[\r][\n]"
01:14:50.078 [Test worker] DEBUG com.github.dockerjava.zerodep.shaded.org.apache.hc.client5.http.wire - http-outgoing-2 << "0[\r][\n]"
01:14:50.078 [Test worker] DEBUG com.github.dockerjava.zerodep.shaded.org.apache.hc.client5.http.wire - http-outgoing-2 << "[\r][\n]"
01:14:50.078 [Test worker] DEBUG com.github.dockerjava.zerodep.shaded.org.apache.hc.client5.http.impl.classic.InternalHttpClient - ep-00000043: releasing valid endpoint
01:14:50.078 [Test worker] DEBUG com.github.dockerjava.zerodep.shaded.org.apache.hc.client5.http.impl.io.PoolingHttpClientConnectionManager - ep-00000043: releasing endpoint
01:14:50.079 [Test worker] DEBUG com.github.dockerjava.zerodep.shaded.org.apache.hc.client5.http.impl.io.PoolingHttpClientConnectionManager - ep-00000043: connection http-outgoing-2 can be kept alive for 3 MINUTES
01:14:50.079 [Test worker] DEBUG com.github.dockerjava.zerodep.shaded.org.apache.hc.client5.http.impl.io.PoolingHttpClientConnectionManager - ep-00000043: connection released [route: {}->unix://localhost:2375][total available: 1; route allocated: 1 of 2147483647; total allocated: 1 of 2147483647]
01:14:50.079 [Test worker] DEBUG ]]>&#x1f433;<![CDATA[ [mysql:latest] - Trying to create JDBC connection using com.mysql.cj.jdbc.Driver to jdbc:mysql://localhost:63819/adm_videos?useSSL=false&allowPublicKeyRetrieval=true with properties: {password=123456, user=root}
01:14:50.182 [Test worker] DEBUG org.testcontainers.shaded.com.github.dockerjava.core.command.AbstrDockerCmd - Cmd: cd5ecdf38df06b4092e6cf67100cd20ad9c3cb4b6e9303874a7bd89885b140c9,false
01:14:50.182 [Test worker] DEBUG org.testcontainers.shaded.com.github.dockerjava.core.exec.InspectContainerCmdExec - GET: DefaultWebTarget{path=[/containers/cd5ecdf38df06b4092e6cf67100cd20ad9c3cb4b6e9303874a7bd89885b140c9/json], queryParams={}}
01:14:50.182 [Test worker] DEBUG com.github.dockerjava.zerodep.shaded.org.apache.hc.client5.http.impl.classic.InternalHttpClient - ex-00000045: preparing request execution
01:14:50.182 [Test worker] DEBUG com.github.dockerjava.zerodep.shaded.org.apache.hc.client5.http.protocol.RequestAddCookies - Cookie spec selected: strict
01:14:50.182 [Test worker] DEBUG com.github.dockerjava.zerodep.shaded.org.apache.hc.client5.http.protocol.RequestAuthCache - Auth cache not set in the context
01:14:50.182 [Test worker] DEBUG com.github.dockerjava.zerodep.shaded.org.apache.hc.client5.http.impl.classic.ProtocolExec - ex-00000045: target auth state: UNCHALLENGED
01:14:50.182 [Test worker] DEBUG com.github.dockerjava.zerodep.shaded.org.apache.hc.client5.http.impl.classic.ProtocolExec - ex-00000045: proxy auth state: UNCHALLENGED
01:14:50.182 [Test worker] DEBUG com.github.dockerjava.zerodep.shaded.org.apache.hc.client5.http.impl.classic.ConnectExec - ex-00000045: acquiring connection with route {}->unix://localhost:2375
01:14:50.182 [Test worker] DEBUG com.github.dockerjava.zerodep.shaded.org.apache.hc.client5.http.impl.classic.InternalHttpClient - ex-00000045: acquiring endpoint (3 MINUTES)
01:14:50.183 [Test worker] DEBUG com.github.dockerjava.zerodep.shaded.org.apache.hc.client5.http.impl.io.PoolingHttpClientConnectionManager - ex-00000045: endpoint lease request (3 MINUTES) [route: {}->unix://localhost:2375][total available: 1; route allocated: 1 of 2147483647; total allocated: 1 of 2147483647]
01:14:50.183 [Test worker] DEBUG com.github.dockerjava.zerodep.shaded.org.apache.hc.client5.http.impl.io.PoolingHttpClientConnectionManager - ex-00000045: endpoint leased [route: {}->unix://localhost:2375][total available: 0; route allocated: 1 of 2147483647; total allocated: 1 of 2147483647]
01:14:50.183 [Test worker] DEBUG com.github.dockerjava.zerodep.shaded.org.apache.hc.client5.http.impl.io.PoolingHttpClientConnectionManager - ex-00000045: acquired ep-00000044
01:14:50.183 [Test worker] DEBUG com.github.dockerjava.zerodep.shaded.org.apache.hc.client5.http.impl.classic.InternalHttpClient - ex-00000045: acquired endpoint ep-00000044
01:14:50.183 [Test worker] DEBUG com.github.dockerjava.zerodep.shaded.org.apache.hc.client5.http.impl.classic.MainClientExec - ex-00000045: executing GET /v1.32/containers/cd5ecdf38df06b4092e6cf67100cd20ad9c3cb4b6e9303874a7bd89885b140c9/json HTTP/1.1
01:14:50.183 [Test worker] DEBUG com.github.dockerjava.zerodep.shaded.org.apache.hc.client5.http.impl.classic.InternalHttpClient - ep-00000044: start execution ex-00000045
01:14:50.183 [Test worker] DEBUG com.github.dockerjava.zerodep.shaded.org.apache.hc.client5.http.impl.io.PoolingHttpClientConnectionManager - ep-00000044: executing exchange ex-00000045 over http-outgoing-2
01:14:50.183 [Test worker] DEBUG com.github.dockerjava.zerodep.shaded.org.apache.hc.client5.http.headers - http-outgoing-2 >> GET /v1.32/containers/cd5ecdf38df06b4092e6cf67100cd20ad9c3cb4b6e9303874a7bd89885b140c9/json HTTP/1.1
01:14:50.183 [Test worker] DEBUG com.github.dockerjava.zerodep.shaded.org.apache.hc.client5.http.headers - http-outgoing-2 >> accept: application/json
01:14:50.183 [Test worker] DEBUG com.github.dockerjava.zerodep.shaded.org.apache.hc.client5.http.headers - http-outgoing-2 >> x-tc-sid: 71b9672a-6f61-4546-a7b6-d603100b2e56
01:14:50.183 [Test worker] DEBUG com.github.dockerjava.zerodep.shaded.org.apache.hc.client5.http.headers - http-outgoing-2 >> Accept-Encoding: gzip, x-gzip, deflate
01:14:50.183 [Test worker] DEBUG com.github.dockerjava.zerodep.shaded.org.apache.hc.client5.http.headers - http-outgoing-2 >> Host: localhost:2375
01:14:50.183 [Test worker] DEBUG com.github.dockerjava.zerodep.shaded.org.apache.hc.client5.http.headers - http-outgoing-2 >> Connection: keep-alive
01:14:50.183 [Test worker] DEBUG com.github.dockerjava.zerodep.shaded.org.apache.hc.client5.http.headers - http-outgoing-2 >> User-Agent: Apache-HttpClient/5.0.3 (Java/17.0.2)
01:14:50.183 [Test worker] DEBUG com.github.dockerjava.zerodep.shaded.org.apache.hc.client5.http.wire - http-outgoing-2 >> "GET /v1.32/containers/cd5ecdf38df06b4092e6cf67100cd20ad9c3cb4b6e9303874a7bd89885b140c9/json HTTP/1.1[\r][\n]"
01:14:50.183 [Test worker] DEBUG com.github.dockerjava.zerodep.shaded.org.apache.hc.client5.http.wire - http-outgoing-2 >> "accept: application/json[\r][\n]"
01:14:50.183 [Test worker] DEBUG com.github.dockerjava.zerodep.shaded.org.apache.hc.client5.http.wire - http-outgoing-2 >> "x-tc-sid: 71b9672a-6f61-4546-a7b6-d603100b2e56[\r][\n]"
01:14:50.183 [Test worker] DEBUG com.github.dockerjava.zerodep.shaded.org.apache.hc.client5.http.wire - http-outgoing-2 >> "Accept-Encoding: gzip, x-gzip, deflate[\r][\n]"
01:14:50.183 [Test worker] DEBUG com.github.dockerjava.zerodep.shaded.org.apache.hc.client5.http.wire - http-outgoing-2 >> "Host: localhost:2375[\r][\n]"
01:14:50.183 [Test worker] DEBUG com.github.dockerjava.zerodep.shaded.org.apache.hc.client5.http.wire - http-outgoing-2 >> "Connection: keep-alive[\r][\n]"
01:14:50.183 [Test worker] DEBUG com.github.dockerjava.zerodep.shaded.org.apache.hc.client5.http.wire - http-outgoing-2 >> "User-Agent: Apache-HttpClient/5.0.3 (Java/17.0.2)[\r][\n]"
01:14:50.183 [Test worker] DEBUG com.github.dockerjava.zerodep.shaded.org.apache.hc.client5.http.wire - http-outgoing-2 >> "[\r][\n]"
01:14:50.185 [Test worker] DEBUG com.github.dockerjava.zerodep.shaded.org.apache.hc.client5.http.wire - http-outgoing-2 << "HTTP/1.1 200 OK[\r][\n]"
01:14:50.185 [Test worker] DEBUG com.github.dockerjava.zerodep.shaded.org.apache.hc.client5.http.wire - http-outgoing-2 << "Api-Version: 1.41[\r][\n]"
01:14:50.185 [Test worker] DEBUG com.github.dockerjava.zerodep.shaded.org.apache.hc.client5.http.wire - http-outgoing-2 << "Content-Type: application/json[\r][\n]"
01:14:50.185 [Test worker] DEBUG com.github.dockerjava.zerodep.shaded.org.apache.hc.client5.http.wire - http-outgoing-2 << "Date: Tue, 28 Mar 2023 04:14:50 GMT[\r][\n]"
01:14:50.185 [Test worker] DEBUG com.github.dockerjava.zerodep.shaded.org.apache.hc.client5.http.wire - http-outgoing-2 << "Docker-Experimental: false[\r][\n]"
01:14:50.185 [Test worker] DEBUG com.github.dockerjava.zerodep.shaded.org.apache.hc.client5.http.wire - http-outgoing-2 << "Ostype: linux[\r][\n]"
01:14:50.185 [Test worker] DEBUG com.github.dockerjava.zerodep.shaded.org.apache.hc.client5.http.wire - http-outgoing-2 << "Server: Docker/20.10.21 (linux)[\r][\n]"
01:14:50.185 [Test worker] DEBUG com.github.dockerjava.zerodep.shaded.org.apache.hc.client5.http.wire - http-outgoing-2 << "Transfer-Encoding: chunked[\r][\n]"
01:14:50.185 [Test worker] DEBUG com.github.dockerjava.zerodep.shaded.org.apache.hc.client5.http.wire - http-outgoing-2 << "[\r][\n]"
01:14:50.185 [Test worker] DEBUG com.github.dockerjava.zerodep.shaded.org.apache.hc.client5.http.headers - http-outgoing-2 << HTTP/1.1 200 OK
01:14:50.185 [Test worker] DEBUG com.github.dockerjava.zerodep.shaded.org.apache.hc.client5.http.headers - http-outgoing-2 << Api-Version: 1.41
01:14:50.185 [Test worker] DEBUG com.github.dockerjava.zerodep.shaded.org.apache.hc.client5.http.headers - http-outgoing-2 << Content-Type: application/json
01:14:50.185 [Test worker] DEBUG com.github.dockerjava.zerodep.shaded.org.apache.hc.client5.http.headers - http-outgoing-2 << Date: Tue, 28 Mar 2023 04:14:50 GMT
01:14:50.185 [Test worker] DEBUG com.github.dockerjava.zerodep.shaded.org.apache.hc.client5.http.headers - http-outgoing-2 << Docker-Experimental: false
01:14:50.185 [Test worker] DEBUG com.github.dockerjava.zerodep.shaded.org.apache.hc.client5.http.headers - http-outgoing-2 << Ostype: linux
01:14:50.185 [Test worker] DEBUG com.github.dockerjava.zerodep.shaded.org.apache.hc.client5.http.headers - http-outgoing-2 << Server: Docker/20.10.21 (linux)
01:14:50.185 [Test worker] DEBUG com.github.dockerjava.zerodep.shaded.org.apache.hc.client5.http.headers - http-outgoing-2 << Transfer-Encoding: chunked
01:14:50.185 [Test worker] DEBUG com.github.dockerjava.zerodep.shaded.org.apache.hc.client5.http.impl.classic.MainClientExec - ex-00000045: connection can be kept alive for 3 MINUTES
01:14:50.186 [Test worker] DEBUG com.github.dockerjava.zerodep.shaded.org.apache.hc.client5.http.wire - http-outgoing-2 << "18c1[\r][\n]"
01:14:50.186 [Test worker] DEBUG com.github.dockerjava.zerodep.shaded.org.apache.hc.client5.http.wire - http-outgoing-2 << "{"Id":"cd5ecdf38df06b4092e6cf67100cd20ad9c3cb4b6e9303874a7bd89885b140c9","Created":"2023-03-28T04:14:43.179040379Z","Path":"docker-entrypoint.sh","Args":["mysqld"],"State":{"Status":"running","Running":true,"Paused":false,"Restarting":false,"OOMKilled":false,"Dead":false,"Pid":20152,"ExitCode":0,"Error":"","StartedAt":"2023-03-28T04:14:43.680338005Z","FinishedAt":"0001-01-01T00:00:00Z"},"Image":"sha256:c7c54c29e20dccc1aefb936c8eba8bb8b98b87a4921102aba87fde2df5810af9","ResolvConfPath":"/var/lib/docker/containers/cd5ecdf38df06b4092e6cf67100cd20ad9c3cb4b6e9303874a7bd89885b140c9/resolv.conf","HostnamePath":"/var/lib/docker/containers/cd5ecdf38df06b4092e6cf67100cd20ad9c3cb4b6e9303874a7bd89885b140c9/hostname","HostsPath":"/var/lib/docker/containers/cd5ecdf38df06b4092e6cf67100cd20ad9c3cb4b6e9303874a7bd89885b140c9/hosts","LogPath":"/var/lib/docker/containers/cd5ecdf38df06b4092e6cf67100cd20ad9c3cb4b6e9303874a7bd89885b140c9/cd5ecdf38df06b4092e6cf67100cd20ad9c3cb4b6e9303874a7bd89885b140c9-json.log","Name":"/keen_matsumoto","RestartCount":0,"Driver":"overlay2","Platform":"linux","MountLabel":"","ProcessLabel":"","AppArmorProfile":"","ExecIDs":null,"HostConfig":{"Binds":[],"ContainerIDFile":"","LogConfig":{"Type":"json-file","Config":{}},"NetworkMode":"default","PortBindings":{"3306/tcp":[{"HostIp":"0.0.0.0","HostPort":"0"}]},"RestartPolicy":{"Name":"","MaximumRetryCount":0},"AutoRemove":false,"VolumeDriver":"","VolumesFrom":[],"CapAdd":null,"CapDrop":null,"CgroupnsMode":"private","Dns":null,"DnsOptions":null,"DnsSearch":null,"ExtraHosts":[],"GroupAdd":null,"IpcMode":"shareable","Cgroup":"","Links":null,"OomScoreAdj":0,"PidMode":"","Privileged":false,"PublishAllPorts":false,"ReadonlyRootfs":false,"SecurityOpt":null,"UTSMode":"","UsernsMode":"","ShmSize":67108864,"Runtime":"runc","ConsoleSize":[0,0],"Isolation":"","CpuShares":0,"Memory":0,"NanoCpus":0,"CgroupParent":"","BlkioWeight":0,"BlkioWeightDevice":null,"BlkioDeviceReadBps":null,"BlkioDeviceWriteBps":null,"BlkioDeviceReadIOps":null,"BlkioDeviceWriteIOps":null,"CpuPeriod":0,"CpuQuota":0,"CpuRealtimePeriod":0,"CpuRealtimeRuntime":0,"CpusetCpus":"","CpusetMems":"","Devices":null,"DeviceCgroupRules":null,"DeviceRequests":null,"KernelMemory":0,"KernelMemoryTCP":0,"MemoryReservation":0,"MemorySwap":0,"MemorySwappiness":null,"OomKillDisable":null,"PidsLimit":null,"Ulimits":null,"CpuCount":0,"CpuPercent":0,"IOMaximumIOps":0,"IOMaximumBandwidth":0,"MaskedPaths":["/proc/asound","/proc/acpi","/proc/kcore","/proc/keys","/proc/latency_stats","/proc/timer_list","/proc/timer_stats","/proc/sched_debug","/proc/scsi","/sys/firmware"],"ReadonlyPaths":["/proc/bus","/proc/fs","/proc/irq","/proc/sys","/proc/sysrq-trigger"]},"GraphDriver":{"Data":{"LowerDir":"/var/lib/docker/overlay2/830e690ec83ecff869b59e4f673c0c63b2bc5c068e9f710933e6f61763699fd2-init/diff:/var/lib/docker/overlay2/1bd8849d7a296305617011f940aa5cfabbe972a513397b1b6bbc27639b6c1f30/diff:/var/lib/docker/overlay2/199d69b2fbf78af4d4c95dec4fd2f8835ab0347eb49fb20ebb2ff3b99fedd6ad/diff:/var/lib/docker/overlay2/d83c38d654989311f75b9491329846033bfb7714de76ef635380dcfad5c740d9/diff:/var/lib/docker/overlay2/08600d0aea2ab2728bebcf5d2589c640a842f53d1ba3c4a4adccb4d03b923cf6/diff:/var/lib/docker/overlay2/9ec7c63a3fb14d13ac788bbf5e282ca821edc41260b79944e5e631037d13ecda/diff:/var/lib/docker/overlay2/db601d7a1b4ea6da638db620462f0da96fa55c559d02269c9ddb09027936ed87/diff:/var/lib/docker/overlay2/a6d2bd03f942e2565f21e74cfe152c7ec836a1c2b583f0790c685b92bdcfda24/diff:/var/lib/docker/overlay2/9badd16ea2c5e2bf1fde8b579683e41137dfc46ed5449234149f199a6751cc84/diff:/var/lib/docker/overlay2/6efb85646ed12e2d1181ef4cc6f6f6732c00c15a4035fe17ebc4f075ca573c30/diff:/var/lib/docker/overlay2/895d7c0ec09144d6ed33936f4e98e11c18010f7abd708cae1ce43aec7a7f2621/diff:/var/lib/docker/overlay2/1c4ba77aa573ab6e5e5069fd15eae71b3da940bde0f97a922a227ffc8a1d1096/diff","MergedDir":"/var/lib/docker/overlay2/830e690ec83ecff869b59e4f673c0c63b2bc5c068e9f710933e6f61763699fd2/merged","UpperDir":"/var/lib/docker/overlay2/830e690ec83ecff869b59e4f673c0c63b2bc5c068e9f710933e6f61763699fd2/diff","WorkDir":"/var/lib/docker/overlay2/830e690ec83ecff869b59e4f673c0c63b2bc5c068e9f710933e6f61763699fd2/work"},"Name":"overlay2"},"Mounts":[{"Type":"volume","Name":"25868b8cea8ad6eba7f00a6fe83e8848def5cff8aab5c5943024031400fa063d","Source":"/var/lib/docker/volumes/25868b8cea8ad6eba7f00a6fe83e8848def5cff8aab5c5943024031400fa063d/_data","Destination":"/var/lib/mysql","Driver":"local","Mode":"","RW":true,"Propagation":""}],"Config":{"Hostname":"cd5ecdf38df0","Domainname":"","User":"","AttachStdin":false,"AttachStdout":false,"AttachStderr":false,"ExposedPorts":{"3306/tcp":{},"33060/tcp":{}},"Tty":false,"OpenStdin":false,"StdinOnce":false,"Env":["MYSQL_DATABASE=adm_videos","MYSQL_PASSWORD=123456","MYSQL_ROOT_PASSWORD=123456","PATH=/usr/local/sbin:/usr/local/bin:/usr/sbin:/usr/bin:/sbin:/bin","GOSU_VERSION=1.16","MYSQL_MAJOR=8.0","MYSQL_VERSION=8.0.32-1.el8","MYSQL_SHELL_VERSION=8.0.32-1.el8"],"Cmd":["mysqld"],"Image":"mysql:latest","Volumes":{"/var/lib/mysql":{}},"WorkingDir":"","Entrypoint":["docker-entrypoint.sh"],"OnBuild":null,"Labels":{"org.testcontainers":"true","org.testcontainers.lang":"java","org.testcontainers.sessionId":"71b9672a-6f61-4546-a7b6-d603100b2e56","org.testcontainers.version":"1.17.6"}},"NetworkSettings":{"Bridge":"","SandboxID":"56762d63452c709eadac6b5c5f4b6cdd30da833580c632f91fd658806eaf4ddb","HairpinMode":false,"LinkLocalIPv6Address":"","LinkLocalIPv6PrefixLen":0,"Ports":{"3306/tcp":[{"HostIp":"0.0.0.0","HostPort":"63819"}],"33060/tcp":null},"SandboxKey":"/var/run/docker/netns/56762d63452c","SecondaryIPAddresses":null,"SecondaryIPv6Addresses":null,"EndpointID":"92fc2600684327987bceb8e2716a72ba2420fccd56812c1491af8c03946e105c","Gateway":"172.17.0.1","GlobalIPv6Address":"","GlobalIPv6PrefixLen":0,"IPAddress":"172.17.0.3","IPPrefixLen":16,"IPv6Gateway":"","MacAddress":"02:42:ac:11:00:03","Networks":{"bridge":{"IPAMConfig":null,"Links":null,"Aliases":null,"NetworkID":"308e234c143065751b16b4500cb9f48d5c7fc2116504b3d816a5e51cd4771062","EndpointID":"92fc2600684327987bceb8e2716a72ba2420fccd56812c1491af8c03946e105c","Gateway":"172.17.0.1","IPAddress":"172.17.0.3","IPPrefixLen":16,"IPv6Gateway":"","GlobalIPv6Address":"","GlobalIPv6PrefixLen":0,"MacAddress":"02:42:ac:11:00:03","DriverOpts":null}}}}[\n]"
01:14:50.186 [Test worker] DEBUG com.github.dockerjava.zerodep.shaded.org.apache.hc.client5.http.wire - http-outgoing-2 << "[\r][\n]"
01:14:50.187 [Test worker] DEBUG com.github.dockerjava.zerodep.shaded.org.apache.hc.client5.http.wire - http-outgoing-2 << "0[\r][\n]"
01:14:50.187 [Test worker] DEBUG com.github.dockerjava.zerodep.shaded.org.apache.hc.client5.http.wire - http-outgoing-2 << "[\r][\n]"
01:14:50.187 [Test worker] DEBUG com.github.dockerjava.zerodep.shaded.org.apache.hc.client5.http.impl.classic.InternalHttpClient - ep-00000044: releasing valid endpoint
01:14:50.187 [Test worker] DEBUG com.github.dockerjava.zerodep.shaded.org.apache.hc.client5.http.impl.io.PoolingHttpClientConnectionManager - ep-00000044: releasing endpoint
01:14:50.187 [Test worker] DEBUG com.github.dockerjava.zerodep.shaded.org.apache.hc.client5.http.impl.io.PoolingHttpClientConnectionManager - ep-00000044: connection http-outgoing-2 can be kept alive for 3 MINUTES
01:14:50.187 [Test worker] DEBUG com.github.dockerjava.zerodep.shaded.org.apache.hc.client5.http.impl.io.PoolingHttpClientConnectionManager - ep-00000044: connection released [route: {}->unix://localhost:2375][total available: 1; route allocated: 1 of 2147483647; total allocated: 1 of 2147483647]
01:14:50.187 [Test worker] DEBUG ]]>&#x1f433;<![CDATA[ [mysql:latest] - Trying to create JDBC connection using com.mysql.cj.jdbc.Driver to jdbc:mysql://localhost:63819/adm_videos?useSSL=false&allowPublicKeyRetrieval=true with properties: {password=123456, user=root}
01:14:50.289 [Test worker] DEBUG org.testcontainers.shaded.com.github.dockerjava.core.command.AbstrDockerCmd - Cmd: cd5ecdf38df06b4092e6cf67100cd20ad9c3cb4b6e9303874a7bd89885b140c9,false
01:14:50.290 [Test worker] DEBUG org.testcontainers.shaded.com.github.dockerjava.core.exec.InspectContainerCmdExec - GET: DefaultWebTarget{path=[/containers/cd5ecdf38df06b4092e6cf67100cd20ad9c3cb4b6e9303874a7bd89885b140c9/json], queryParams={}}
01:14:50.290 [Test worker] DEBUG com.github.dockerjava.zerodep.shaded.org.apache.hc.client5.http.impl.classic.InternalHttpClient - ex-00000046: preparing request execution
01:14:50.290 [Test worker] DEBUG com.github.dockerjava.zerodep.shaded.org.apache.hc.client5.http.protocol.RequestAddCookies - Cookie spec selected: strict
01:14:50.290 [Test worker] DEBUG com.github.dockerjava.zerodep.shaded.org.apache.hc.client5.http.protocol.RequestAuthCache - Auth cache not set in the context
01:14:50.290 [Test worker] DEBUG com.github.dockerjava.zerodep.shaded.org.apache.hc.client5.http.impl.classic.ProtocolExec - ex-00000046: target auth state: UNCHALLENGED
01:14:50.291 [Test worker] DEBUG com.github.dockerjava.zerodep.shaded.org.apache.hc.client5.http.impl.classic.ProtocolExec - ex-00000046: proxy auth state: UNCHALLENGED
01:14:50.291 [Test worker] DEBUG com.github.dockerjava.zerodep.shaded.org.apache.hc.client5.http.impl.classic.ConnectExec - ex-00000046: acquiring connection with route {}->unix://localhost:2375
01:14:50.291 [Test worker] DEBUG com.github.dockerjava.zerodep.shaded.org.apache.hc.client5.http.impl.classic.InternalHttpClient - ex-00000046: acquiring endpoint (3 MINUTES)
01:14:50.291 [Test worker] DEBUG com.github.dockerjava.zerodep.shaded.org.apache.hc.client5.http.impl.io.PoolingHttpClientConnectionManager - ex-00000046: endpoint lease request (3 MINUTES) [route: {}->unix://localhost:2375][total available: 1; route allocated: 1 of 2147483647; total allocated: 1 of 2147483647]
01:14:50.291 [Test worker] DEBUG com.github.dockerjava.zerodep.shaded.org.apache.hc.client5.http.impl.io.PoolingHttpClientConnectionManager - ex-00000046: endpoint leased [route: {}->unix://localhost:2375][total available: 0; route allocated: 1 of 2147483647; total allocated: 1 of 2147483647]
01:14:50.291 [Test worker] DEBUG com.github.dockerjava.zerodep.shaded.org.apache.hc.client5.http.impl.io.PoolingHttpClientConnectionManager - ex-00000046: acquired ep-00000045
01:14:50.291 [Test worker] DEBUG com.github.dockerjava.zerodep.shaded.org.apache.hc.client5.http.impl.classic.InternalHttpClient - ex-00000046: acquired endpoint ep-00000045
01:14:50.291 [Test worker] DEBUG com.github.dockerjava.zerodep.shaded.org.apache.hc.client5.http.impl.classic.MainClientExec - ex-00000046: executing GET /v1.32/containers/cd5ecdf38df06b4092e6cf67100cd20ad9c3cb4b6e9303874a7bd89885b140c9/json HTTP/1.1
01:14:50.291 [Test worker] DEBUG com.github.dockerjava.zerodep.shaded.org.apache.hc.client5.http.impl.classic.InternalHttpClient - ep-00000045: start execution ex-00000046
01:14:50.291 [Test worker] DEBUG com.github.dockerjava.zerodep.shaded.org.apache.hc.client5.http.impl.io.PoolingHttpClientConnectionManager - ep-00000045: executing exchange ex-00000046 over http-outgoing-2
01:14:50.291 [Test worker] DEBUG com.github.dockerjava.zerodep.shaded.org.apache.hc.client5.http.headers - http-outgoing-2 >> GET /v1.32/containers/cd5ecdf38df06b4092e6cf67100cd20ad9c3cb4b6e9303874a7bd89885b140c9/json HTTP/1.1
01:14:50.291 [Test worker] DEBUG com.github.dockerjava.zerodep.shaded.org.apache.hc.client5.http.headers - http-outgoing-2 >> accept: application/json
01:14:50.291 [Test worker] DEBUG com.github.dockerjava.zerodep.shaded.org.apache.hc.client5.http.headers - http-outgoing-2 >> x-tc-sid: 71b9672a-6f61-4546-a7b6-d603100b2e56
01:14:50.291 [Test worker] DEBUG com.github.dockerjava.zerodep.shaded.org.apache.hc.client5.http.headers - http-outgoing-2 >> Accept-Encoding: gzip, x-gzip, deflate
01:14:50.291 [Test worker] DEBUG com.github.dockerjava.zerodep.shaded.org.apache.hc.client5.http.headers - http-outgoing-2 >> Host: localhost:2375
01:14:50.291 [Test worker] DEBUG com.github.dockerjava.zerodep.shaded.org.apache.hc.client5.http.headers - http-outgoing-2 >> Connection: keep-alive
01:14:50.291 [Test worker] DEBUG com.github.dockerjava.zerodep.shaded.org.apache.hc.client5.http.headers - http-outgoing-2 >> User-Agent: Apache-HttpClient/5.0.3 (Java/17.0.2)
01:14:50.291 [Test worker] DEBUG com.github.dockerjava.zerodep.shaded.org.apache.hc.client5.http.wire - http-outgoing-2 >> "GET /v1.32/containers/cd5ecdf38df06b4092e6cf67100cd20ad9c3cb4b6e9303874a7bd89885b140c9/json HTTP/1.1[\r][\n]"
01:14:50.291 [Test worker] DEBUG com.github.dockerjava.zerodep.shaded.org.apache.hc.client5.http.wire - http-outgoing-2 >> "accept: application/json[\r][\n]"
01:14:50.291 [Test worker] DEBUG com.github.dockerjava.zerodep.shaded.org.apache.hc.client5.http.wire - http-outgoing-2 >> "x-tc-sid: 71b9672a-6f61-4546-a7b6-d603100b2e56[\r][\n]"
01:14:50.291 [Test worker] DEBUG com.github.dockerjava.zerodep.shaded.org.apache.hc.client5.http.wire - http-outgoing-2 >> "Accept-Encoding: gzip, x-gzip, deflate[\r][\n]"
01:14:50.291 [Test worker] DEBUG com.github.dockerjava.zerodep.shaded.org.apache.hc.client5.http.wire - http-outgoing-2 >> "Host: localhost:2375[\r][\n]"
01:14:50.291 [Test worker] DEBUG com.github.dockerjava.zerodep.shaded.org.apache.hc.client5.http.wire - http-outgoing-2 >> "Connection: keep-alive[\r][\n]"
01:14:50.291 [Test worker] DEBUG com.github.dockerjava.zerodep.shaded.org.apache.hc.client5.http.wire - http-outgoing-2 >> "User-Agent: Apache-HttpClient/5.0.3 (Java/17.0.2)[\r][\n]"
01:14:50.291 [Test worker] DEBUG com.github.dockerjava.zerodep.shaded.org.apache.hc.client5.http.wire - http-outgoing-2 >> "[\r][\n]"
01:14:50.292 [Test worker] DEBUG com.github.dockerjava.zerodep.shaded.org.apache.hc.client5.http.wire - http-outgoing-2 << "HTTP/1.1 200 OK[\r][\n]"
01:14:50.293 [Test worker] DEBUG com.github.dockerjava.zerodep.shaded.org.apache.hc.client5.http.wire - http-outgoing-2 << "Api-Version: 1.41[\r][\n]"
01:14:50.293 [Test worker] DEBUG com.github.dockerjava.zerodep.shaded.org.apache.hc.client5.http.wire - http-outgoing-2 << "Content-Type: application/json[\r][\n]"
01:14:50.293 [Test worker] DEBUG com.github.dockerjava.zerodep.shaded.org.apache.hc.client5.http.wire - http-outgoing-2 << "Date: Tue, 28 Mar 2023 04:14:50 GMT[\r][\n]"
01:14:50.293 [Test worker] DEBUG com.github.dockerjava.zerodep.shaded.org.apache.hc.client5.http.wire - http-outgoing-2 << "Docker-Experimental: false[\r][\n]"
01:14:50.293 [Test worker] DEBUG com.github.dockerjava.zerodep.shaded.org.apache.hc.client5.http.wire - http-outgoing-2 << "Ostype: linux[\r][\n]"
01:14:50.293 [Test worker] DEBUG com.github.dockerjava.zerodep.shaded.org.apache.hc.client5.http.wire - http-outgoing-2 << "Server: Docker/20.10.21 (linux)[\r][\n]"
01:14:50.293 [Test worker] DEBUG com.github.dockerjava.zerodep.shaded.org.apache.hc.client5.http.wire - http-outgoing-2 << "Transfer-Encoding: chunked[\r][\n]"
01:14:50.293 [Test worker] DEBUG com.github.dockerjava.zerodep.shaded.org.apache.hc.client5.http.wire - http-outgoing-2 << "[\r][\n]"
01:14:50.293 [Test worker] DEBUG com.github.dockerjava.zerodep.shaded.org.apache.hc.client5.http.headers - http-outgoing-2 << HTTP/1.1 200 OK
01:14:50.293 [Test worker] DEBUG com.github.dockerjava.zerodep.shaded.org.apache.hc.client5.http.headers - http-outgoing-2 << Api-Version: 1.41
01:14:50.293 [Test worker] DEBUG com.github.dockerjava.zerodep.shaded.org.apache.hc.client5.http.headers - http-outgoing-2 << Content-Type: application/json
01:14:50.293 [Test worker] DEBUG com.github.dockerjava.zerodep.shaded.org.apache.hc.client5.http.headers - http-outgoing-2 << Date: Tue, 28 Mar 2023 04:14:50 GMT
01:14:50.293 [Test worker] DEBUG com.github.dockerjava.zerodep.shaded.org.apache.hc.client5.http.headers - http-outgoing-2 << Docker-Experimental: false
01:14:50.293 [Test worker] DEBUG com.github.dockerjava.zerodep.shaded.org.apache.hc.client5.http.headers - http-outgoing-2 << Ostype: linux
01:14:50.293 [Test worker] DEBUG com.github.dockerjava.zerodep.shaded.org.apache.hc.client5.http.headers - http-outgoing-2 << Server: Docker/20.10.21 (linux)
01:14:50.293 [Test worker] DEBUG com.github.dockerjava.zerodep.shaded.org.apache.hc.client5.http.headers - http-outgoing-2 << Transfer-Encoding: chunked
01:14:50.293 [Test worker] DEBUG com.github.dockerjava.zerodep.shaded.org.apache.hc.client5.http.impl.classic.MainClientExec - ex-00000046: connection can be kept alive for 3 MINUTES
01:14:50.294 [Test worker] DEBUG com.github.dockerjava.zerodep.shaded.org.apache.hc.client5.http.wire - http-outgoing-2 << "18c1[\r][\n]"
01:14:50.294 [Test worker] DEBUG com.github.dockerjava.zerodep.shaded.org.apache.hc.client5.http.wire - http-outgoing-2 << "{"Id":"cd5ecdf38df06b4092e6cf67100cd20ad9c3cb4b6e9303874a7bd89885b140c9","Created":"2023-03-28T04:14:43.179040379Z","Path":"docker-entrypoint.sh","Args":["mysqld"],"State":{"Status":"running","Running":true,"Paused":false,"Restarting":false,"OOMKilled":false,"Dead":false,"Pid":20152,"ExitCode":0,"Error":"","StartedAt":"2023-03-28T04:14:43.680338005Z","FinishedAt":"0001-01-01T00:00:00Z"},"Image":"sha256:c7c54c29e20dccc1aefb936c8eba8bb8b98b87a4921102aba87fde2df5810af9","ResolvConfPath":"/var/lib/docker/containers/cd5ecdf38df06b4092e6cf67100cd20ad9c3cb4b6e9303874a7bd89885b140c9/resolv.conf","HostnamePath":"/var/lib/docker/containers/cd5ecdf38df06b4092e6cf67100cd20ad9c3cb4b6e9303874a7bd89885b140c9/hostname","HostsPath":"/var/lib/docker/containers/cd5ecdf38df06b4092e6cf67100cd20ad9c3cb4b6e9303874a7bd89885b140c9/hosts","LogPath":"/var/lib/docker/containers/cd5ecdf38df06b4092e6cf67100cd20ad9c3cb4b6e9303874a7bd89885b140c9/cd5ecdf38df06b4092e6cf67100cd20ad9c3cb4b6e9303874a7bd89885b140c9-json.log","Name":"/keen_matsumoto","RestartCount":0,"Driver":"overlay2","Platform":"linux","MountLabel":"","ProcessLabel":"","AppArmorProfile":"","ExecIDs":null,"HostConfig":{"Binds":[],"ContainerIDFile":"","LogConfig":{"Type":"json-file","Config":{}},"NetworkMode":"default","PortBindings":{"3306/tcp":[{"HostIp":"0.0.0.0","HostPort":"0"}]},"RestartPolicy":{"Name":"","MaximumRetryCount":0},"AutoRemove":false,"VolumeDriver":"","VolumesFrom":[],"CapAdd":null,"CapDrop":null,"CgroupnsMode":"private","Dns":null,"DnsOptions":null,"DnsSearch":null,"ExtraHosts":[],"GroupAdd":null,"IpcMode":"shareable","Cgroup":"","Links":null,"OomScoreAdj":0,"PidMode":"","Privileged":false,"PublishAllPorts":false,"ReadonlyRootfs":false,"SecurityOpt":null,"UTSMode":"","UsernsMode":"","ShmSize":67108864,"Runtime":"runc","ConsoleSize":[0,0],"Isolation":"","CpuShares":0,"Memory":0,"NanoCpus":0,"CgroupParent":"","BlkioWeight":0,"BlkioWeightDevice":null,"BlkioDeviceReadBps":null,"BlkioDeviceWriteBps":null,"BlkioDeviceReadIOps":null,"BlkioDeviceWriteIOps":null,"CpuPeriod":0,"CpuQuota":0,"CpuRealtimePeriod":0,"CpuRealtimeRuntime":0,"CpusetCpus":"","CpusetMems":"","Devices":null,"DeviceCgroupRules":null,"DeviceRequests":null,"KernelMemory":0,"KernelMemoryTCP":0,"MemoryReservation":0,"MemorySwap":0,"MemorySwappiness":null,"OomKillDisable":null,"PidsLimit":null,"Ulimits":null,"CpuCount":0,"CpuPercent":0,"IOMaximumIOps":0,"IOMaximumBandwidth":0,"MaskedPaths":["/proc/asound","/proc/acpi","/proc/kcore","/proc/keys","/proc/latency_stats","/proc/timer_list","/proc/timer_stats","/proc/sched_debug","/proc/scsi","/sys/firmware"],"ReadonlyPaths":["/proc/bus","/proc/fs","/proc/irq","/proc/sys","/proc/sysrq-trigger"]},"GraphDriver":{"Data":{"LowerDir":"/var/lib/docker/overlay2/830e690ec83ecff869b59e4f673c0c63b2bc5c068e9f710933e6f61763699fd2-init/diff:/var/lib/docker/overlay2/1bd8849d7a296305617011f940aa5cfabbe972a513397b1b6bbc27639b6c1f30/diff:/var/lib/docker/overlay2/199d69b2fbf78af4d4c95dec4fd2f8835ab0347eb49fb20ebb2ff3b99fedd6ad/diff:/var/lib/docker/overlay2/d83c38d654989311f75b9491329846033bfb7714de76ef635380dcfad5c740d9/diff:/var/lib/docker/overlay2/08600d0aea2ab2728bebcf5d2589c640a842f53d1ba3c4a4adccb4d03b923cf6/diff:/var/lib/docker/overlay2/9ec7c63a3fb14d13ac788bbf5e282ca821edc41260b79944e5e631037d13ecda/diff:/var/lib/docker/overlay2/db601d7a1b4ea6da638db620462f0da96fa55c559d02269c9ddb09027936ed87/diff:/var/lib/docker/overlay2/a6d2bd03f942e2565f21e74cfe152c7ec836a1c2b583f0790c685b92bdcfda24/diff:/var/lib/docker/overlay2/9badd16ea2c5e2bf1fde8b579683e41137dfc46ed5449234149f199a6751cc84/diff:/var/lib/docker/overlay2/6efb85646ed12e2d1181ef4cc6f6f6732c00c15a4035fe17ebc4f075ca573c30/diff:/var/lib/docker/overlay2/895d7c0ec09144d6ed33936f4e98e11c18010f7abd708cae1ce43aec7a7f2621/diff:/var/lib/docker/overlay2/1c4ba77aa573ab6e5e5069fd15eae71b3da940bde0f97a922a227ffc8a1d1096/diff","MergedDir":"/var/lib/docker/overlay2/830e690ec83ecff869b59e4f673c0c63b2bc5c068e9f710933e6f61763699fd2/merged","UpperDir":"/var/lib/docker/overlay2/830e690ec83ecff869b59e4f673c0c63b2bc5c068e9f710933e6f61763699fd2/diff","WorkDir":"/var/lib/docker/overlay2/830e690ec83ecff869b59e4f673c0c63b2bc5c068e9f710933e6f61763699fd2/work"},"Name":"overlay2"},"Mounts":[{"Type":"volume","Name":"25868b8cea8ad6eba7f00a6fe83e8848def5cff8aab5c5943024031400fa063d","Source":"/var/lib/docker/volumes/25868b8cea8ad6eba7f00a6fe83e8848def5cff8aab5c5943024031400fa063d/_data","Destination":"/var/lib/mysql","Driver":"local","Mode":"","RW":true,"Propagation":""}],"Config":{"Hostname":"cd5ecdf38df0","Domainname":"","User":"","AttachStdin":false,"AttachStdout":false,"AttachStderr":false,"ExposedPorts":{"3306/tcp":{},"33060/tcp":{}},"Tty":false,"OpenStdin":false,"StdinOnce":false,"Env":["MYSQL_DATABASE=adm_videos","MYSQL_PASSWORD=123456","MYSQL_ROOT_PASSWORD=123456","PATH=/usr/local/sbin:/usr/local/bin:/usr/sbin:/usr/bin:/sbin:/bin","GOSU_VERSION=1.16","MYSQL_MAJOR=8.0","MYSQL_VERSION=8.0.32-1.el8","MYSQL_SHELL_VERSION=8.0.32-1.el8"],"Cmd":["mysqld"],"Image":"mysql:latest","Volumes":{"/var/lib/mysql":{}},"WorkingDir":"","Entrypoint":["docker-entrypoint.sh"],"OnBuild":null,"Labels":{"org.testcontainers":"true","org.testcontainers.lang":"java","org.testcontainers.sessionId":"71b9672a-6f61-4546-a7b6-d603100b2e56","org.testcontainers.version":"1.17.6"}},"NetworkSettings":{"Bridge":"","SandboxID":"56762d63452c709eadac6b5c5f4b6cdd30da833580c632f91fd658806eaf4ddb","HairpinMode":false,"LinkLocalIPv6Address":"","LinkLocalIPv6PrefixLen":0,"Ports":{"3306/tcp":[{"HostIp":"0.0.0.0","HostPort":"63819"}],"33060/tcp":null},"SandboxKey":"/var/run/docker/netns/56762d63452c","SecondaryIPAddresses":null,"SecondaryIPv6Addresses":null,"EndpointID":"92fc2600684327987bceb8e2716a72ba2420fccd56812c1491af8c03946e105c","Gateway":"172.17.0.1","GlobalIPv6Address":"","GlobalIPv6PrefixLen":0,"IPAddress":"172.17.0.3","IPPrefixLen":16,"IPv6Gateway":"","MacAddress":"02:42:ac:11:00:03","Networks":{"bridge":{"IPAMConfig":null,"Links":null,"Aliases":null,"NetworkID":"308e234c143065751b16b4500cb9f48d5c7fc2116504b3d816a5e51cd4771062","EndpointID":"92fc2600684327987bceb8e2716a72ba2420fccd56812c1491af8c03946e105c","Gateway":"172.17.0.1","IPAddress":"172.17.0.3","IPPrefixLen":16,"IPv6Gateway":"","GlobalIPv6Address":"","GlobalIPv6PrefixLen":0,"MacAddress":"02:42:ac:11:00:03","DriverOpts":null}}}}[\n]"
01:14:50.294 [Test worker] DEBUG com.github.dockerjava.zerodep.shaded.org.apache.hc.client5.http.wire - http-outgoing-2 << "[\r][\n]"
01:14:50.295 [Test worker] DEBUG com.github.dockerjava.zerodep.shaded.org.apache.hc.client5.http.wire - http-outgoing-2 << "0[\r][\n]"
01:14:50.295 [Test worker] DEBUG com.github.dockerjava.zerodep.shaded.org.apache.hc.client5.http.wire - http-outgoing-2 << "[\r][\n]"
01:14:50.295 [Test worker] DEBUG com.github.dockerjava.zerodep.shaded.org.apache.hc.client5.http.impl.classic.InternalHttpClient - ep-00000045: releasing valid endpoint
01:14:50.295 [Test worker] DEBUG com.github.dockerjava.zerodep.shaded.org.apache.hc.client5.http.impl.io.PoolingHttpClientConnectionManager - ep-00000045: releasing endpoint
01:14:50.295 [Test worker] DEBUG com.github.dockerjava.zerodep.shaded.org.apache.hc.client5.http.impl.io.PoolingHttpClientConnectionManager - ep-00000045: connection http-outgoing-2 can be kept alive for 3 MINUTES
01:14:50.295 [Test worker] DEBUG com.github.dockerjava.zerodep.shaded.org.apache.hc.client5.http.impl.io.PoolingHttpClientConnectionManager - ep-00000045: connection released [route: {}->unix://localhost:2375][total available: 1; route allocated: 1 of 2147483647; total allocated: 1 of 2147483647]
01:14:50.295 [Test worker] DEBUG ]]>&#x1f433;<![CDATA[ [mysql:latest] - Trying to create JDBC connection using com.mysql.cj.jdbc.Driver to jdbc:mysql://localhost:63819/adm_videos?useSSL=false&allowPublicKeyRetrieval=true with properties: {password=123456, user=root}
01:14:50.398 [Test worker] DEBUG org.testcontainers.shaded.com.github.dockerjava.core.command.AbstrDockerCmd - Cmd: cd5ecdf38df06b4092e6cf67100cd20ad9c3cb4b6e9303874a7bd89885b140c9,false
01:14:50.398 [Test worker] DEBUG org.testcontainers.shaded.com.github.dockerjava.core.exec.InspectContainerCmdExec - GET: DefaultWebTarget{path=[/containers/cd5ecdf38df06b4092e6cf67100cd20ad9c3cb4b6e9303874a7bd89885b140c9/json], queryParams={}}
01:14:50.399 [Test worker] DEBUG com.github.dockerjava.zerodep.shaded.org.apache.hc.client5.http.impl.classic.InternalHttpClient - ex-00000047: preparing request execution
01:14:50.399 [Test worker] DEBUG com.github.dockerjava.zerodep.shaded.org.apache.hc.client5.http.protocol.RequestAddCookies - Cookie spec selected: strict
01:14:50.399 [Test worker] DEBUG com.github.dockerjava.zerodep.shaded.org.apache.hc.client5.http.protocol.RequestAuthCache - Auth cache not set in the context
01:14:50.399 [Test worker] DEBUG com.github.dockerjava.zerodep.shaded.org.apache.hc.client5.http.impl.classic.ProtocolExec - ex-00000047: target auth state: UNCHALLENGED
01:14:50.399 [Test worker] DEBUG com.github.dockerjava.zerodep.shaded.org.apache.hc.client5.http.impl.classic.ProtocolExec - ex-00000047: proxy auth state: UNCHALLENGED
01:14:50.399 [Test worker] DEBUG com.github.dockerjava.zerodep.shaded.org.apache.hc.client5.http.impl.classic.ConnectExec - ex-00000047: acquiring connection with route {}->unix://localhost:2375
01:14:50.399 [Test worker] DEBUG com.github.dockerjava.zerodep.shaded.org.apache.hc.client5.http.impl.classic.InternalHttpClient - ex-00000047: acquiring endpoint (3 MINUTES)
01:14:50.399 [Test worker] DEBUG com.github.dockerjava.zerodep.shaded.org.apache.hc.client5.http.impl.io.PoolingHttpClientConnectionManager - ex-00000047: endpoint lease request (3 MINUTES) [route: {}->unix://localhost:2375][total available: 1; route allocated: 1 of 2147483647; total allocated: 1 of 2147483647]
01:14:50.399 [Test worker] DEBUG com.github.dockerjava.zerodep.shaded.org.apache.hc.client5.http.impl.io.PoolingHttpClientConnectionManager - ex-00000047: endpoint leased [route: {}->unix://localhost:2375][total available: 0; route allocated: 1 of 2147483647; total allocated: 1 of 2147483647]
01:14:50.399 [Test worker] DEBUG com.github.dockerjava.zerodep.shaded.org.apache.hc.client5.http.impl.io.PoolingHttpClientConnectionManager - ex-00000047: acquired ep-00000046
01:14:50.399 [Test worker] DEBUG com.github.dockerjava.zerodep.shaded.org.apache.hc.client5.http.impl.classic.InternalHttpClient - ex-00000047: acquired endpoint ep-00000046
01:14:50.399 [Test worker] DEBUG com.github.dockerjava.zerodep.shaded.org.apache.hc.client5.http.impl.classic.MainClientExec - ex-00000047: executing GET /v1.32/containers/cd5ecdf38df06b4092e6cf67100cd20ad9c3cb4b6e9303874a7bd89885b140c9/json HTTP/1.1
01:14:50.399 [Test worker] DEBUG com.github.dockerjava.zerodep.shaded.org.apache.hc.client5.http.impl.classic.InternalHttpClient - ep-00000046: start execution ex-00000047
01:14:50.399 [Test worker] DEBUG com.github.dockerjava.zerodep.shaded.org.apache.hc.client5.http.impl.io.PoolingHttpClientConnectionManager - ep-00000046: executing exchange ex-00000047 over http-outgoing-2
01:14:50.399 [Test worker] DEBUG com.github.dockerjava.zerodep.shaded.org.apache.hc.client5.http.headers - http-outgoing-2 >> GET /v1.32/containers/cd5ecdf38df06b4092e6cf67100cd20ad9c3cb4b6e9303874a7bd89885b140c9/json HTTP/1.1
01:14:50.399 [Test worker] DEBUG com.github.dockerjava.zerodep.shaded.org.apache.hc.client5.http.headers - http-outgoing-2 >> accept: application/json
01:14:50.399 [Test worker] DEBUG com.github.dockerjava.zerodep.shaded.org.apache.hc.client5.http.headers - http-outgoing-2 >> x-tc-sid: 71b9672a-6f61-4546-a7b6-d603100b2e56
01:14:50.399 [Test worker] DEBUG com.github.dockerjava.zerodep.shaded.org.apache.hc.client5.http.headers - http-outgoing-2 >> Accept-Encoding: gzip, x-gzip, deflate
01:14:50.399 [Test worker] DEBUG com.github.dockerjava.zerodep.shaded.org.apache.hc.client5.http.headers - http-outgoing-2 >> Host: localhost:2375
01:14:50.399 [Test worker] DEBUG com.github.dockerjava.zerodep.shaded.org.apache.hc.client5.http.headers - http-outgoing-2 >> Connection: keep-alive
01:14:50.399 [Test worker] DEBUG com.github.dockerjava.zerodep.shaded.org.apache.hc.client5.http.headers - http-outgoing-2 >> User-Agent: Apache-HttpClient/5.0.3 (Java/17.0.2)
01:14:50.399 [Test worker] DEBUG com.github.dockerjava.zerodep.shaded.org.apache.hc.client5.http.wire - http-outgoing-2 >> "GET /v1.32/containers/cd5ecdf38df06b4092e6cf67100cd20ad9c3cb4b6e9303874a7bd89885b140c9/json HTTP/1.1[\r][\n]"
01:14:50.399 [Test worker] DEBUG com.github.dockerjava.zerodep.shaded.org.apache.hc.client5.http.wire - http-outgoing-2 >> "accept: application/json[\r][\n]"
01:14:50.399 [Test worker] DEBUG com.github.dockerjava.zerodep.shaded.org.apache.hc.client5.http.wire - http-outgoing-2 >> "x-tc-sid: 71b9672a-6f61-4546-a7b6-d603100b2e56[\r][\n]"
01:14:50.399 [Test worker] DEBUG com.github.dockerjava.zerodep.shaded.org.apache.hc.client5.http.wire - http-outgoing-2 >> "Accept-Encoding: gzip, x-gzip, deflate[\r][\n]"
01:14:50.399 [Test worker] DEBUG com.github.dockerjava.zerodep.shaded.org.apache.hc.client5.http.wire - http-outgoing-2 >> "Host: localhost:2375[\r][\n]"
01:14:50.399 [Test worker] DEBUG com.github.dockerjava.zerodep.shaded.org.apache.hc.client5.http.wire - http-outgoing-2 >> "Connection: keep-alive[\r][\n]"
01:14:50.399 [Test worker] DEBUG com.github.dockerjava.zerodep.shaded.org.apache.hc.client5.http.wire - http-outgoing-2 >> "User-Agent: Apache-HttpClient/5.0.3 (Java/17.0.2)[\r][\n]"
01:14:50.399 [Test worker] DEBUG com.github.dockerjava.zerodep.shaded.org.apache.hc.client5.http.wire - http-outgoing-2 >> "[\r][\n]"
01:14:50.401 [Test worker] DEBUG com.github.dockerjava.zerodep.shaded.org.apache.hc.client5.http.wire - http-outgoing-2 << "HTTP/1.1 200 OK[\r][\n]"
01:14:50.401 [Test worker] DEBUG com.github.dockerjava.zerodep.shaded.org.apache.hc.client5.http.wire - http-outgoing-2 << "Api-Version: 1.41[\r][\n]"
01:14:50.401 [Test worker] DEBUG com.github.dockerjava.zerodep.shaded.org.apache.hc.client5.http.wire - http-outgoing-2 << "Content-Type: application/json[\r][\n]"
01:14:50.401 [Test worker] DEBUG com.github.dockerjava.zerodep.shaded.org.apache.hc.client5.http.wire - http-outgoing-2 << "Date: Tue, 28 Mar 2023 04:14:50 GMT[\r][\n]"
01:14:50.401 [Test worker] DEBUG com.github.dockerjava.zerodep.shaded.org.apache.hc.client5.http.wire - http-outgoing-2 << "Docker-Experimental: false[\r][\n]"
01:14:50.401 [Test worker] DEBUG com.github.dockerjava.zerodep.shaded.org.apache.hc.client5.http.wire - http-outgoing-2 << "Ostype: linux[\r][\n]"
01:14:50.402 [Test worker] DEBUG com.github.dockerjava.zerodep.shaded.org.apache.hc.client5.http.wire - http-outgoing-2 << "Server: Docker/20.10.21 (linux)[\r][\n]"
01:14:50.402 [Test worker] DEBUG com.github.dockerjava.zerodep.shaded.org.apache.hc.client5.http.wire - http-outgoing-2 << "Transfer-Encoding: chunked[\r][\n]"
01:14:50.402 [Test worker] DEBUG com.github.dockerjava.zerodep.shaded.org.apache.hc.client5.http.wire - http-outgoing-2 << "[\r][\n]"
01:14:50.402 [Test worker] DEBUG com.github.dockerjava.zerodep.shaded.org.apache.hc.client5.http.headers - http-outgoing-2 << HTTP/1.1 200 OK
01:14:50.402 [Test worker] DEBUG com.github.dockerjava.zerodep.shaded.org.apache.hc.client5.http.headers - http-outgoing-2 << Api-Version: 1.41
01:14:50.402 [Test worker] DEBUG com.github.dockerjava.zerodep.shaded.org.apache.hc.client5.http.headers - http-outgoing-2 << Content-Type: application/json
01:14:50.402 [Test worker] DEBUG com.github.dockerjava.zerodep.shaded.org.apache.hc.client5.http.headers - http-outgoing-2 << Date: Tue, 28 Mar 2023 04:14:50 GMT
01:14:50.402 [Test worker] DEBUG com.github.dockerjava.zerodep.shaded.org.apache.hc.client5.http.headers - http-outgoing-2 << Docker-Experimental: false
01:14:50.402 [Test worker] DEBUG com.github.dockerjava.zerodep.shaded.org.apache.hc.client5.http.headers - http-outgoing-2 << Ostype: linux
01:14:50.402 [Test worker] DEBUG com.github.dockerjava.zerodep.shaded.org.apache.hc.client5.http.headers - http-outgoing-2 << Server: Docker/20.10.21 (linux)
01:14:50.402 [Test worker] DEBUG com.github.dockerjava.zerodep.shaded.org.apache.hc.client5.http.headers - http-outgoing-2 << Transfer-Encoding: chunked
01:14:50.402 [Test worker] DEBUG com.github.dockerjava.zerodep.shaded.org.apache.hc.client5.http.impl.classic.MainClientExec - ex-00000047: connection can be kept alive for 3 MINUTES
01:14:50.403 [Test worker] DEBUG com.github.dockerjava.zerodep.shaded.org.apache.hc.client5.http.wire - http-outgoing-2 << "18c1[\r][\n]"
01:14:50.403 [Test worker] DEBUG com.github.dockerjava.zerodep.shaded.org.apache.hc.client5.http.wire - http-outgoing-2 << "{"Id":"cd5ecdf38df06b4092e6cf67100cd20ad9c3cb4b6e9303874a7bd89885b140c9","Created":"2023-03-28T04:14:43.179040379Z","Path":"docker-entrypoint.sh","Args":["mysqld"],"State":{"Status":"running","Running":true,"Paused":false,"Restarting":false,"OOMKilled":false,"Dead":false,"Pid":20152,"ExitCode":0,"Error":"","StartedAt":"2023-03-28T04:14:43.680338005Z","FinishedAt":"0001-01-01T00:00:00Z"},"Image":"sha256:c7c54c29e20dccc1aefb936c8eba8bb8b98b87a4921102aba87fde2df5810af9","ResolvConfPath":"/var/lib/docker/containers/cd5ecdf38df06b4092e6cf67100cd20ad9c3cb4b6e9303874a7bd89885b140c9/resolv.conf","HostnamePath":"/var/lib/docker/containers/cd5ecdf38df06b4092e6cf67100cd20ad9c3cb4b6e9303874a7bd89885b140c9/hostname","HostsPath":"/var/lib/docker/containers/cd5ecdf38df06b4092e6cf67100cd20ad9c3cb4b6e9303874a7bd89885b140c9/hosts","LogPath":"/var/lib/docker/containers/cd5ecdf38df06b4092e6cf67100cd20ad9c3cb4b6e9303874a7bd89885b140c9/cd5ecdf38df06b4092e6cf67100cd20ad9c3cb4b6e9303874a7bd89885b140c9-json.log","Name":"/keen_matsumoto","RestartCount":0,"Driver":"overlay2","Platform":"linux","MountLabel":"","ProcessLabel":"","AppArmorProfile":"","ExecIDs":null,"HostConfig":{"Binds":[],"ContainerIDFile":"","LogConfig":{"Type":"json-file","Config":{}},"NetworkMode":"default","PortBindings":{"3306/tcp":[{"HostIp":"0.0.0.0","HostPort":"0"}]},"RestartPolicy":{"Name":"","MaximumRetryCount":0},"AutoRemove":false,"VolumeDriver":"","VolumesFrom":[],"CapAdd":null,"CapDrop":null,"CgroupnsMode":"private","Dns":null,"DnsOptions":null,"DnsSearch":null,"ExtraHosts":[],"GroupAdd":null,"IpcMode":"shareable","Cgroup":"","Links":null,"OomScoreAdj":0,"PidMode":"","Privileged":false,"PublishAllPorts":false,"ReadonlyRootfs":false,"SecurityOpt":null,"UTSMode":"","UsernsMode":"","ShmSize":67108864,"Runtime":"runc","ConsoleSize":[0,0],"Isolation":"","CpuShares":0,"Memory":0,"NanoCpus":0,"CgroupParent":"","BlkioWeight":0,"BlkioWeightDevice":null,"BlkioDeviceReadBps":null,"BlkioDeviceWriteBps":null,"BlkioDeviceReadIOps":null,"BlkioDeviceWriteIOps":null,"CpuPeriod":0,"CpuQuota":0,"CpuRealtimePeriod":0,"CpuRealtimeRuntime":0,"CpusetCpus":"","CpusetMems":"","Devices":null,"DeviceCgroupRules":null,"DeviceRequests":null,"KernelMemory":0,"KernelMemoryTCP":0,"MemoryReservation":0,"MemorySwap":0,"MemorySwappiness":null,"OomKillDisable":null,"PidsLimit":null,"Ulimits":null,"CpuCount":0,"CpuPercent":0,"IOMaximumIOps":0,"IOMaximumBandwidth":0,"MaskedPaths":["/proc/asound","/proc/acpi","/proc/kcore","/proc/keys","/proc/latency_stats","/proc/timer_list","/proc/timer_stats","/proc/sched_debug","/proc/scsi","/sys/firmware"],"ReadonlyPaths":["/proc/bus","/proc/fs","/proc/irq","/proc/sys","/proc/sysrq-trigger"]},"GraphDriver":{"Data":{"LowerDir":"/var/lib/docker/overlay2/830e690ec83ecff869b59e4f673c0c63b2bc5c068e9f710933e6f61763699fd2-init/diff:/var/lib/docker/overlay2/1bd8849d7a296305617011f940aa5cfabbe972a513397b1b6bbc27639b6c1f30/diff:/var/lib/docker/overlay2/199d69b2fbf78af4d4c95dec4fd2f8835ab0347eb49fb20ebb2ff3b99fedd6ad/diff:/var/lib/docker/overlay2/d83c38d654989311f75b9491329846033bfb7714de76ef635380dcfad5c740d9/diff:/var/lib/docker/overlay2/08600d0aea2ab2728bebcf5d2589c640a842f53d1ba3c4a4adccb4d03b923cf6/diff:/var/lib/docker/overlay2/9ec7c63a3fb14d13ac788bbf5e282ca821edc41260b79944e5e631037d13ecda/diff:/var/lib/docker/overlay2/db601d7a1b4ea6da638db620462f0da96fa55c559d02269c9ddb09027936ed87/diff:/var/lib/docker/overlay2/a6d2bd03f942e2565f21e74cfe152c7ec836a1c2b583f0790c685b92bdcfda24/diff:/var/lib/docker/overlay2/9badd16ea2c5e2bf1fde8b579683e41137dfc46ed5449234149f199a6751cc84/diff:/var/lib/docker/overlay2/6efb85646ed12e2d1181ef4cc6f6f6732c00c15a4035fe17ebc4f075ca573c30/diff:/var/lib/docker/overlay2/895d7c0ec09144d6ed33936f4e98e11c18010f7abd708cae1ce43aec7a7f2621/diff:/var/lib/docker/overlay2/1c4ba77aa573ab6e5e5069fd15eae71b3da940bde0f97a922a227ffc8a1d1096/diff","MergedDir":"/var/lib/docker/overlay2/830e690ec83ecff869b59e4f673c0c63b2bc5c068e9f710933e6f61763699fd2/merged","UpperDir":"/var/lib/docker/overlay2/830e690ec83ecff869b59e4f673c0c63b2bc5c068e9f710933e6f61763699fd2/diff","WorkDir":"/var/lib/docker/overlay2/830e690ec83ecff869b59e4f673c0c63b2bc5c068e9f710933e6f61763699fd2/work"},"Name":"overlay2"},"Mounts":[{"Type":"volume","Name":"25868b8cea8ad6eba7f00a6fe83e8848def5cff8aab5c5943024031400fa063d","Source":"/var/lib/docker/volumes/25868b8cea8ad6eba7f00a6fe83e8848def5cff8aab5c5943024031400fa063d/_data","Destination":"/var/lib/mysql","Driver":"local","Mode":"","RW":true,"Propagation":""}],"Config":{"Hostname":"cd5ecdf38df0","Domainname":"","User":"","AttachStdin":false,"AttachStdout":false,"AttachStderr":false,"ExposedPorts":{"3306/tcp":{},"33060/tcp":{}},"Tty":false,"OpenStdin":false,"StdinOnce":false,"Env":["MYSQL_DATABASE=adm_videos","MYSQL_PASSWORD=123456","MYSQL_ROOT_PASSWORD=123456","PATH=/usr/local/sbin:/usr/local/bin:/usr/sbin:/usr/bin:/sbin:/bin","GOSU_VERSION=1.16","MYSQL_MAJOR=8.0","MYSQL_VERSION=8.0.32-1.el8","MYSQL_SHELL_VERSION=8.0.32-1.el8"],"Cmd":["mysqld"],"Image":"mysql:latest","Volumes":{"/var/lib/mysql":{}},"WorkingDir":"","Entrypoint":["docker-entrypoint.sh"],"OnBuild":null,"Labels":{"org.testcontainers":"true","org.testcontainers.lang":"java","org.testcontainers.sessionId":"71b9672a-6f61-4546-a7b6-d603100b2e56","org.testcontainers.version":"1.17.6"}},"NetworkSettings":{"Bridge":"","SandboxID":"56762d63452c709eadac6b5c5f4b6cdd30da833580c632f91fd658806eaf4ddb","HairpinMode":false,"LinkLocalIPv6Address":"","LinkLocalIPv6PrefixLen":0,"Ports":{"3306/tcp":[{"HostIp":"0.0.0.0","HostPort":"63819"}],"33060/tcp":null},"SandboxKey":"/var/run/docker/netns/56762d63452c","SecondaryIPAddresses":null,"SecondaryIPv6Addresses":null,"EndpointID":"92fc2600684327987bceb8e2716a72ba2420fccd56812c1491af8c03946e105c","Gateway":"172.17.0.1","GlobalIPv6Address":"","GlobalIPv6PrefixLen":0,"IPAddress":"172.17.0.3","IPPrefixLen":16,"IPv6Gateway":"","MacAddress":"02:42:ac:11:00:03","Networks":{"bridge":{"IPAMConfig":null,"Links":null,"Aliases":null,"NetworkID":"308e234c143065751b16b4500cb9f48d5c7fc2116504b3d816a5e51cd4771062","EndpointID":"92fc2600684327987bceb8e2716a72ba2420fccd56812c1491af8c03946e105c","Gateway":"172.17.0.1","IPAddress":"172.17.0.3","IPPrefixLen":16,"IPv6Gateway":"","GlobalIPv6Address":"","GlobalIPv6PrefixLen":0,"MacAddress":"02:42:ac:11:00:03","DriverOpts":null}}}}[\n]"
01:14:50.403 [Test worker] DEBUG com.github.dockerjava.zerodep.shaded.org.apache.hc.client5.http.wire - http-outgoing-2 << "[\r][\n]"
01:14:50.404 [Test worker] DEBUG com.github.dockerjava.zerodep.shaded.org.apache.hc.client5.http.wire - http-outgoing-2 << "0[\r][\n]"
01:14:50.404 [Test worker] DEBUG com.github.dockerjava.zerodep.shaded.org.apache.hc.client5.http.wire - http-outgoing-2 << "[\r][\n]"
01:14:50.404 [Test worker] DEBUG com.github.dockerjava.zerodep.shaded.org.apache.hc.client5.http.impl.classic.InternalHttpClient - ep-00000046: releasing valid endpoint
01:14:50.404 [Test worker] DEBUG com.github.dockerjava.zerodep.shaded.org.apache.hc.client5.http.impl.io.PoolingHttpClientConnectionManager - ep-00000046: releasing endpoint
01:14:50.404 [Test worker] DEBUG com.github.dockerjava.zerodep.shaded.org.apache.hc.client5.http.impl.io.PoolingHttpClientConnectionManager - ep-00000046: connection http-outgoing-2 can be kept alive for 3 MINUTES
01:14:50.404 [Test worker] DEBUG com.github.dockerjava.zerodep.shaded.org.apache.hc.client5.http.impl.io.PoolingHttpClientConnectionManager - ep-00000046: connection released [route: {}->unix://localhost:2375][total available: 1; route allocated: 1 of 2147483647; total allocated: 1 of 2147483647]
01:14:50.404 [Test worker] DEBUG ]]>&#x1f433;<![CDATA[ [mysql:latest] - Trying to create JDBC connection using com.mysql.cj.jdbc.Driver to jdbc:mysql://localhost:63819/adm_videos?useSSL=false&allowPublicKeyRetrieval=true with properties: {password=123456, user=root}
01:14:50.510 [Test worker] DEBUG org.testcontainers.shaded.com.github.dockerjava.core.command.AbstrDockerCmd - Cmd: cd5ecdf38df06b4092e6cf67100cd20ad9c3cb4b6e9303874a7bd89885b140c9,false
01:14:50.511 [Test worker] DEBUG org.testcontainers.shaded.com.github.dockerjava.core.exec.InspectContainerCmdExec - GET: DefaultWebTarget{path=[/containers/cd5ecdf38df06b4092e6cf67100cd20ad9c3cb4b6e9303874a7bd89885b140c9/json], queryParams={}}
01:14:50.511 [Test worker] DEBUG com.github.dockerjava.zerodep.shaded.org.apache.hc.client5.http.impl.classic.InternalHttpClient - ex-00000048: preparing request execution
01:14:50.511 [Test worker] DEBUG com.github.dockerjava.zerodep.shaded.org.apache.hc.client5.http.protocol.RequestAddCookies - Cookie spec selected: strict
01:14:50.511 [Test worker] DEBUG com.github.dockerjava.zerodep.shaded.org.apache.hc.client5.http.protocol.RequestAuthCache - Auth cache not set in the context
01:14:50.511 [Test worker] DEBUG com.github.dockerjava.zerodep.shaded.org.apache.hc.client5.http.impl.classic.ProtocolExec - ex-00000048: target auth state: UNCHALLENGED
01:14:50.511 [Test worker] DEBUG com.github.dockerjava.zerodep.shaded.org.apache.hc.client5.http.impl.classic.ProtocolExec - ex-00000048: proxy auth state: UNCHALLENGED
01:14:50.511 [Test worker] DEBUG com.github.dockerjava.zerodep.shaded.org.apache.hc.client5.http.impl.classic.ConnectExec - ex-00000048: acquiring connection with route {}->unix://localhost:2375
01:14:50.511 [Test worker] DEBUG com.github.dockerjava.zerodep.shaded.org.apache.hc.client5.http.impl.classic.InternalHttpClient - ex-00000048: acquiring endpoint (3 MINUTES)
01:14:50.511 [Test worker] DEBUG com.github.dockerjava.zerodep.shaded.org.apache.hc.client5.http.impl.io.PoolingHttpClientConnectionManager - ex-00000048: endpoint lease request (3 MINUTES) [route: {}->unix://localhost:2375][total available: 1; route allocated: 1 of 2147483647; total allocated: 1 of 2147483647]
01:14:50.511 [Test worker] DEBUG com.github.dockerjava.zerodep.shaded.org.apache.hc.client5.http.impl.io.PoolingHttpClientConnectionManager - ex-00000048: endpoint leased [route: {}->unix://localhost:2375][total available: 0; route allocated: 1 of 2147483647; total allocated: 1 of 2147483647]
01:14:50.511 [Test worker] DEBUG com.github.dockerjava.zerodep.shaded.org.apache.hc.client5.http.impl.io.PoolingHttpClientConnectionManager - ex-00000048: acquired ep-00000047
01:14:50.511 [Test worker] DEBUG com.github.dockerjava.zerodep.shaded.org.apache.hc.client5.http.impl.classic.InternalHttpClient - ex-00000048: acquired endpoint ep-00000047
01:14:50.511 [Test worker] DEBUG com.github.dockerjava.zerodep.shaded.org.apache.hc.client5.http.impl.classic.MainClientExec - ex-00000048: executing GET /v1.32/containers/cd5ecdf38df06b4092e6cf67100cd20ad9c3cb4b6e9303874a7bd89885b140c9/json HTTP/1.1
01:14:50.511 [Test worker] DEBUG com.github.dockerjava.zerodep.shaded.org.apache.hc.client5.http.impl.classic.InternalHttpClient - ep-00000047: start execution ex-00000048
01:14:50.511 [Test worker] DEBUG com.github.dockerjava.zerodep.shaded.org.apache.hc.client5.http.impl.io.PoolingHttpClientConnectionManager - ep-00000047: executing exchange ex-00000048 over http-outgoing-2
01:14:50.511 [Test worker] DEBUG com.github.dockerjava.zerodep.shaded.org.apache.hc.client5.http.headers - http-outgoing-2 >> GET /v1.32/containers/cd5ecdf38df06b4092e6cf67100cd20ad9c3cb4b6e9303874a7bd89885b140c9/json HTTP/1.1
01:14:50.511 [Test worker] DEBUG com.github.dockerjava.zerodep.shaded.org.apache.hc.client5.http.headers - http-outgoing-2 >> accept: application/json
01:14:50.511 [Test worker] DEBUG com.github.dockerjava.zerodep.shaded.org.apache.hc.client5.http.headers - http-outgoing-2 >> x-tc-sid: 71b9672a-6f61-4546-a7b6-d603100b2e56
01:14:50.511 [Test worker] DEBUG com.github.dockerjava.zerodep.shaded.org.apache.hc.client5.http.headers - http-outgoing-2 >> Accept-Encoding: gzip, x-gzip, deflate
01:14:50.511 [Test worker] DEBUG com.github.dockerjava.zerodep.shaded.org.apache.hc.client5.http.headers - http-outgoing-2 >> Host: localhost:2375
01:14:50.511 [Test worker] DEBUG com.github.dockerjava.zerodep.shaded.org.apache.hc.client5.http.headers - http-outgoing-2 >> Connection: keep-alive
01:14:50.511 [Test worker] DEBUG com.github.dockerjava.zerodep.shaded.org.apache.hc.client5.http.headers - http-outgoing-2 >> User-Agent: Apache-HttpClient/5.0.3 (Java/17.0.2)
01:14:50.511 [Test worker] DEBUG com.github.dockerjava.zerodep.shaded.org.apache.hc.client5.http.wire - http-outgoing-2 >> "GET /v1.32/containers/cd5ecdf38df06b4092e6cf67100cd20ad9c3cb4b6e9303874a7bd89885b140c9/json HTTP/1.1[\r][\n]"
01:14:50.511 [Test worker] DEBUG com.github.dockerjava.zerodep.shaded.org.apache.hc.client5.http.wire - http-outgoing-2 >> "accept: application/json[\r][\n]"
01:14:50.511 [Test worker] DEBUG com.github.dockerjava.zerodep.shaded.org.apache.hc.client5.http.wire - http-outgoing-2 >> "x-tc-sid: 71b9672a-6f61-4546-a7b6-d603100b2e56[\r][\n]"
01:14:50.511 [Test worker] DEBUG com.github.dockerjava.zerodep.shaded.org.apache.hc.client5.http.wire - http-outgoing-2 >> "Accept-Encoding: gzip, x-gzip, deflate[\r][\n]"
01:14:50.511 [Test worker] DEBUG com.github.dockerjava.zerodep.shaded.org.apache.hc.client5.http.wire - http-outgoing-2 >> "Host: localhost:2375[\r][\n]"
01:14:50.511 [Test worker] DEBUG com.github.dockerjava.zerodep.shaded.org.apache.hc.client5.http.wire - http-outgoing-2 >> "Connection: keep-alive[\r][\n]"
01:14:50.511 [Test worker] DEBUG com.github.dockerjava.zerodep.shaded.org.apache.hc.client5.http.wire - http-outgoing-2 >> "User-Agent: Apache-HttpClient/5.0.3 (Java/17.0.2)[\r][\n]"
01:14:50.511 [Test worker] DEBUG com.github.dockerjava.zerodep.shaded.org.apache.hc.client5.http.wire - http-outgoing-2 >> "[\r][\n]"
01:14:50.514 [Test worker] DEBUG com.github.dockerjava.zerodep.shaded.org.apache.hc.client5.http.wire - http-outgoing-2 << "HTTP/1.1 200 OK[\r][\n]"
01:14:50.514 [Test worker] DEBUG com.github.dockerjava.zerodep.shaded.org.apache.hc.client5.http.wire - http-outgoing-2 << "Api-Version: 1.41[\r][\n]"
01:14:50.514 [Test worker] DEBUG com.github.dockerjava.zerodep.shaded.org.apache.hc.client5.http.wire - http-outgoing-2 << "Content-Type: application/json[\r][\n]"
01:14:50.514 [Test worker] DEBUG com.github.dockerjava.zerodep.shaded.org.apache.hc.client5.http.wire - http-outgoing-2 << "Date: Tue, 28 Mar 2023 04:14:50 GMT[\r][\n]"
01:14:50.514 [Test worker] DEBUG com.github.dockerjava.zerodep.shaded.org.apache.hc.client5.http.wire - http-outgoing-2 << "Docker-Experimental: false[\r][\n]"
01:14:50.514 [Test worker] DEBUG com.github.dockerjava.zerodep.shaded.org.apache.hc.client5.http.wire - http-outgoing-2 << "Ostype: linux[\r][\n]"
01:14:50.514 [Test worker] DEBUG com.github.dockerjava.zerodep.shaded.org.apache.hc.client5.http.wire - http-outgoing-2 << "Server: Docker/20.10.21 (linux)[\r][\n]"
01:14:50.514 [Test worker] DEBUG com.github.dockerjava.zerodep.shaded.org.apache.hc.client5.http.wire - http-outgoing-2 << "Transfer-Encoding: chunked[\r][\n]"
01:14:50.514 [Test worker] DEBUG com.github.dockerjava.zerodep.shaded.org.apache.hc.client5.http.wire - http-outgoing-2 << "[\r][\n]"
01:14:50.514 [Test worker] DEBUG com.github.dockerjava.zerodep.shaded.org.apache.hc.client5.http.headers - http-outgoing-2 << HTTP/1.1 200 OK
01:14:50.514 [Test worker] DEBUG com.github.dockerjava.zerodep.shaded.org.apache.hc.client5.http.headers - http-outgoing-2 << Api-Version: 1.41
01:14:50.514 [Test worker] DEBUG com.github.dockerjava.zerodep.shaded.org.apache.hc.client5.http.headers - http-outgoing-2 << Content-Type: application/json
01:14:50.514 [Test worker] DEBUG com.github.dockerjava.zerodep.shaded.org.apache.hc.client5.http.headers - http-outgoing-2 << Date: Tue, 28 Mar 2023 04:14:50 GMT
01:14:50.514 [Test worker] DEBUG com.github.dockerjava.zerodep.shaded.org.apache.hc.client5.http.headers - http-outgoing-2 << Docker-Experimental: false
01:14:50.514 [Test worker] DEBUG com.github.dockerjava.zerodep.shaded.org.apache.hc.client5.http.headers - http-outgoing-2 << Ostype: linux
01:14:50.514 [Test worker] DEBUG com.github.dockerjava.zerodep.shaded.org.apache.hc.client5.http.headers - http-outgoing-2 << Server: Docker/20.10.21 (linux)
01:14:50.514 [Test worker] DEBUG com.github.dockerjava.zerodep.shaded.org.apache.hc.client5.http.headers - http-outgoing-2 << Transfer-Encoding: chunked
01:14:50.514 [Test worker] DEBUG com.github.dockerjava.zerodep.shaded.org.apache.hc.client5.http.impl.classic.MainClientExec - ex-00000048: connection can be kept alive for 3 MINUTES
01:14:50.516 [Test worker] DEBUG com.github.dockerjava.zerodep.shaded.org.apache.hc.client5.http.wire - http-outgoing-2 << "18c1[\r][\n]"
01:14:50.516 [Test worker] DEBUG com.github.dockerjava.zerodep.shaded.org.apache.hc.client5.http.wire - http-outgoing-2 << "{"Id":"cd5ecdf38df06b4092e6cf67100cd20ad9c3cb4b6e9303874a7bd89885b140c9","Created":"2023-03-28T04:14:43.179040379Z","Path":"docker-entrypoint.sh","Args":["mysqld"],"State":{"Status":"running","Running":true,"Paused":false,"Restarting":false,"OOMKilled":false,"Dead":false,"Pid":20152,"ExitCode":0,"Error":"","StartedAt":"2023-03-28T04:14:43.680338005Z","FinishedAt":"0001-01-01T00:00:00Z"},"Image":"sha256:c7c54c29e20dccc1aefb936c8eba8bb8b98b87a4921102aba87fde2df5810af9","ResolvConfPath":"/var/lib/docker/containers/cd5ecdf38df06b4092e6cf67100cd20ad9c3cb4b6e9303874a7bd89885b140c9/resolv.conf","HostnamePath":"/var/lib/docker/containers/cd5ecdf38df06b4092e6cf67100cd20ad9c3cb4b6e9303874a7bd89885b140c9/hostname","HostsPath":"/var/lib/docker/containers/cd5ecdf38df06b4092e6cf67100cd20ad9c3cb4b6e9303874a7bd89885b140c9/hosts","LogPath":"/var/lib/docker/containers/cd5ecdf38df06b4092e6cf67100cd20ad9c3cb4b6e9303874a7bd89885b140c9/cd5ecdf38df06b4092e6cf67100cd20ad9c3cb4b6e9303874a7bd89885b140c9-json.log","Name":"/keen_matsumoto","RestartCount":0,"Driver":"overlay2","Platform":"linux","MountLabel":"","ProcessLabel":"","AppArmorProfile":"","ExecIDs":null,"HostConfig":{"Binds":[],"ContainerIDFile":"","LogConfig":{"Type":"json-file","Config":{}},"NetworkMode":"default","PortBindings":{"3306/tcp":[{"HostIp":"0.0.0.0","HostPort":"0"}]},"RestartPolicy":{"Name":"","MaximumRetryCount":0},"AutoRemove":false,"VolumeDriver":"","VolumesFrom":[],"CapAdd":null,"CapDrop":null,"CgroupnsMode":"private","Dns":null,"DnsOptions":null,"DnsSearch":null,"ExtraHosts":[],"GroupAdd":null,"IpcMode":"shareable","Cgroup":"","Links":null,"OomScoreAdj":0,"PidMode":"","Privileged":false,"PublishAllPorts":false,"ReadonlyRootfs":false,"SecurityOpt":null,"UTSMode":"","UsernsMode":"","ShmSize":67108864,"Runtime":"runc","ConsoleSize":[0,0],"Isolation":"","CpuShares":0,"Memory":0,"NanoCpus":0,"CgroupParent":"","BlkioWeight":0,"BlkioWeightDevice":null,"BlkioDeviceReadBps":null,"BlkioDeviceWriteBps":null,"BlkioDeviceReadIOps":null,"BlkioDeviceWriteIOps":null,"CpuPeriod":0,"CpuQuota":0,"CpuRealtimePeriod":0,"CpuRealtimeRuntime":0,"CpusetCpus":"","CpusetMems":"","Devices":null,"DeviceCgroupRules":null,"DeviceRequests":null,"KernelMemory":0,"KernelMemoryTCP":0,"MemoryReservation":0,"MemorySwap":0,"MemorySwappiness":null,"OomKillDisable":null,"PidsLimit":null,"Ulimits":null,"CpuCount":0,"CpuPercent":0,"IOMaximumIOps":0,"IOMaximumBandwidth":0,"MaskedPaths":["/proc/asound","/proc/acpi","/proc/kcore","/proc/keys","/proc/latency_stats","/proc/timer_list","/proc/timer_stats","/proc/sched_debug","/proc/scsi","/sys/firmware"],"ReadonlyPaths":["/proc/bus","/proc/fs","/proc/irq","/proc/sys","/proc/sysrq-trigger"]},"GraphDriver":{"Data":{"LowerDir":"/var/lib/docker/overlay2/830e690ec83ecff869b59e4f673c0c63b2bc5c068e9f710933e6f61763699fd2-init/diff:/var/lib/docker/overlay2/1bd8849d7a296305617011f940aa5cfabbe972a513397b1b6bbc27639b6c1f30/diff:/var/lib/docker/overlay2/199d69b2fbf78af4d4c95dec4fd2f8835ab0347eb49fb20ebb2ff3b99fedd6ad/diff:/var/lib/docker/overlay2/d83c38d654989311f75b9491329846033bfb7714de76ef635380dcfad5c740d9/diff:/var/lib/docker/overlay2/08600d0aea2ab2728bebcf5d2589c640a842f53d1ba3c4a4adccb4d03b923cf6/diff:/var/lib/docker/overlay2/9ec7c63a3fb14d13ac788bbf5e282ca821edc41260b79944e5e631037d13ecda/diff:/var/lib/docker/overlay2/db601d7a1b4ea6da638db620462f0da96fa55c559d02269c9ddb09027936ed87/diff:/var/lib/docker/overlay2/a6d2bd03f942e2565f21e74cfe152c7ec836a1c2b583f0790c685b92bdcfda24/diff:/var/lib/docker/overlay2/9badd16ea2c5e2bf1fde8b579683e41137dfc46ed5449234149f199a6751cc84/diff:/var/lib/docker/overlay2/6efb85646ed12e2d1181ef4cc6f6f6732c00c15a4035fe17ebc4f075ca573c30/diff:/var/lib/docker/overlay2/895d7c0ec09144d6ed33936f4e98e11c18010f7abd708cae1ce43aec7a7f2621/diff:/var/lib/docker/overlay2/1c4ba77aa573ab6e5e5069fd15eae71b3da940bde0f97a922a227ffc8a1d1096/diff","MergedDir":"/var/lib/docker/overlay2/830e690ec83ecff869b59e4f673c0c63b2bc5c068e9f710933e6f61763699fd2/merged","UpperDir":"/var/lib/docker/overlay2/830e690ec83ecff869b59e4f673c0c63b2bc5c068e9f710933e6f61763699fd2/diff","WorkDir":"/var/lib/docker/overlay2/830e690ec83ecff869b59e4f673c0c63b2bc5c068e9f710933e6f61763699fd2/work"},"Name":"overlay2"},"Mounts":[{"Type":"volume","Name":"25868b8cea8ad6eba7f00a6fe83e8848def5cff8aab5c5943024031400fa063d","Source":"/var/lib/docker/volumes/25868b8cea8ad6eba7f00a6fe83e8848def5cff8aab5c5943024031400fa063d/_data","Destination":"/var/lib/mysql","Driver":"local","Mode":"","RW":true,"Propagation":""}],"Config":{"Hostname":"cd5ecdf38df0","Domainname":"","User":"","AttachStdin":false,"AttachStdout":false,"AttachStderr":false,"ExposedPorts":{"3306/tcp":{},"33060/tcp":{}},"Tty":false,"OpenStdin":false,"StdinOnce":false,"Env":["MYSQL_DATABASE=adm_videos","MYSQL_PASSWORD=123456","MYSQL_ROOT_PASSWORD=123456","PATH=/usr/local/sbin:/usr/local/bin:/usr/sbin:/usr/bin:/sbin:/bin","GOSU_VERSION=1.16","MYSQL_MAJOR=8.0","MYSQL_VERSION=8.0.32-1.el8","MYSQL_SHELL_VERSION=8.0.32-1.el8"],"Cmd":["mysqld"],"Image":"mysql:latest","Volumes":{"/var/lib/mysql":{}},"WorkingDir":"","Entrypoint":["docker-entrypoint.sh"],"OnBuild":null,"Labels":{"org.testcontainers":"true","org.testcontainers.lang":"java","org.testcontainers.sessionId":"71b9672a-6f61-4546-a7b6-d603100b2e56","org.testcontainers.version":"1.17.6"}},"NetworkSettings":{"Bridge":"","SandboxID":"56762d63452c709eadac6b5c5f4b6cdd30da833580c632f91fd658806eaf4ddb","HairpinMode":false,"LinkLocalIPv6Address":"","LinkLocalIPv6PrefixLen":0,"Ports":{"3306/tcp":[{"HostIp":"0.0.0.0","HostPort":"63819"}],"33060/tcp":null},"SandboxKey":"/var/run/docker/netns/56762d63452c","SecondaryIPAddresses":null,"SecondaryIPv6Addresses":null,"EndpointID":"92fc2600684327987bceb8e2716a72ba2420fccd56812c1491af8c03946e105c","Gateway":"172.17.0.1","GlobalIPv6Address":"","GlobalIPv6PrefixLen":0,"IPAddress":"172.17.0.3","IPPrefixLen":16,"IPv6Gateway":"","MacAddress":"02:42:ac:11:00:03","Networks":{"bridge":{"IPAMConfig":null,"Links":null,"Aliases":null,"NetworkID":"308e234c143065751b16b4500cb9f48d5c7fc2116504b3d816a5e51cd4771062","EndpointID":"92fc2600684327987bceb8e2716a72ba2420fccd56812c1491af8c03946e105c","Gateway":"172.17.0.1","IPAddress":"172.17.0.3","IPPrefixLen":16,"IPv6Gateway":"","GlobalIPv6Address":"","GlobalIPv6PrefixLen":0,"MacAddress":"02:42:ac:11:00:03","DriverOpts":null}}}}[\n]"
01:14:50.516 [Test worker] DEBUG com.github.dockerjava.zerodep.shaded.org.apache.hc.client5.http.wire - http-outgoing-2 << "[\r][\n]"
01:14:50.517 [Test worker] DEBUG com.github.dockerjava.zerodep.shaded.org.apache.hc.client5.http.wire - http-outgoing-2 << "0[\r][\n]"
01:14:50.517 [Test worker] DEBUG com.github.dockerjava.zerodep.shaded.org.apache.hc.client5.http.wire - http-outgoing-2 << "[\r][\n]"
01:14:50.517 [Test worker] DEBUG com.github.dockerjava.zerodep.shaded.org.apache.hc.client5.http.impl.classic.InternalHttpClient - ep-00000047: releasing valid endpoint
01:14:50.517 [Test worker] DEBUG com.github.dockerjava.zerodep.shaded.org.apache.hc.client5.http.impl.io.PoolingHttpClientConnectionManager - ep-00000047: releasing endpoint
01:14:50.517 [Test worker] DEBUG com.github.dockerjava.zerodep.shaded.org.apache.hc.client5.http.impl.io.PoolingHttpClientConnectionManager - ep-00000047: connection http-outgoing-2 can be kept alive for 3 MINUTES
01:14:50.517 [Test worker] DEBUG com.github.dockerjava.zerodep.shaded.org.apache.hc.client5.http.impl.io.PoolingHttpClientConnectionManager - ep-00000047: connection released [route: {}->unix://localhost:2375][total available: 1; route allocated: 1 of 2147483647; total allocated: 1 of 2147483647]
01:14:50.517 [Test worker] DEBUG ]]>&#x1f433;<![CDATA[ [mysql:latest] - Trying to create JDBC connection using com.mysql.cj.jdbc.Driver to jdbc:mysql://localhost:63819/adm_videos?useSSL=false&allowPublicKeyRetrieval=true with properties: {password=123456, user=root}
01:14:50.624 [Test worker] DEBUG org.testcontainers.shaded.com.github.dockerjava.core.command.AbstrDockerCmd - Cmd: cd5ecdf38df06b4092e6cf67100cd20ad9c3cb4b6e9303874a7bd89885b140c9,false
01:14:50.624 [Test worker] DEBUG org.testcontainers.shaded.com.github.dockerjava.core.exec.InspectContainerCmdExec - GET: DefaultWebTarget{path=[/containers/cd5ecdf38df06b4092e6cf67100cd20ad9c3cb4b6e9303874a7bd89885b140c9/json], queryParams={}}
01:14:50.625 [Test worker] DEBUG com.github.dockerjava.zerodep.shaded.org.apache.hc.client5.http.impl.classic.InternalHttpClient - ex-00000049: preparing request execution
01:14:50.625 [Test worker] DEBUG com.github.dockerjava.zerodep.shaded.org.apache.hc.client5.http.protocol.RequestAddCookies - Cookie spec selected: strict
01:14:50.625 [Test worker] DEBUG com.github.dockerjava.zerodep.shaded.org.apache.hc.client5.http.protocol.RequestAuthCache - Auth cache not set in the context
01:14:50.625 [Test worker] DEBUG com.github.dockerjava.zerodep.shaded.org.apache.hc.client5.http.impl.classic.ProtocolExec - ex-00000049: target auth state: UNCHALLENGED
01:14:50.625 [Test worker] DEBUG com.github.dockerjava.zerodep.shaded.org.apache.hc.client5.http.impl.classic.ProtocolExec - ex-00000049: proxy auth state: UNCHALLENGED
01:14:50.625 [Test worker] DEBUG com.github.dockerjava.zerodep.shaded.org.apache.hc.client5.http.impl.classic.ConnectExec - ex-00000049: acquiring connection with route {}->unix://localhost:2375
01:14:50.625 [Test worker] DEBUG com.github.dockerjava.zerodep.shaded.org.apache.hc.client5.http.impl.classic.InternalHttpClient - ex-00000049: acquiring endpoint (3 MINUTES)
01:14:50.625 [Test worker] DEBUG com.github.dockerjava.zerodep.shaded.org.apache.hc.client5.http.impl.io.PoolingHttpClientConnectionManager - ex-00000049: endpoint lease request (3 MINUTES) [route: {}->unix://localhost:2375][total available: 1; route allocated: 1 of 2147483647; total allocated: 1 of 2147483647]
01:14:50.625 [Test worker] DEBUG com.github.dockerjava.zerodep.shaded.org.apache.hc.client5.http.impl.io.PoolingHttpClientConnectionManager - ex-00000049: endpoint leased [route: {}->unix://localhost:2375][total available: 0; route allocated: 1 of 2147483647; total allocated: 1 of 2147483647]
01:14:50.625 [Test worker] DEBUG com.github.dockerjava.zerodep.shaded.org.apache.hc.client5.http.impl.io.PoolingHttpClientConnectionManager - ex-00000049: acquired ep-00000048
01:14:50.625 [Test worker] DEBUG com.github.dockerjava.zerodep.shaded.org.apache.hc.client5.http.impl.classic.InternalHttpClient - ex-00000049: acquired endpoint ep-00000048
01:14:50.625 [Test worker] DEBUG com.github.dockerjava.zerodep.shaded.org.apache.hc.client5.http.impl.classic.MainClientExec - ex-00000049: executing GET /v1.32/containers/cd5ecdf38df06b4092e6cf67100cd20ad9c3cb4b6e9303874a7bd89885b140c9/json HTTP/1.1
01:14:50.625 [Test worker] DEBUG com.github.dockerjava.zerodep.shaded.org.apache.hc.client5.http.impl.classic.InternalHttpClient - ep-00000048: start execution ex-00000049
01:14:50.625 [Test worker] DEBUG com.github.dockerjava.zerodep.shaded.org.apache.hc.client5.http.impl.io.PoolingHttpClientConnectionManager - ep-00000048: executing exchange ex-00000049 over http-outgoing-2
01:14:50.625 [Test worker] DEBUG com.github.dockerjava.zerodep.shaded.org.apache.hc.client5.http.headers - http-outgoing-2 >> GET /v1.32/containers/cd5ecdf38df06b4092e6cf67100cd20ad9c3cb4b6e9303874a7bd89885b140c9/json HTTP/1.1
01:14:50.625 [Test worker] DEBUG com.github.dockerjava.zerodep.shaded.org.apache.hc.client5.http.headers - http-outgoing-2 >> accept: application/json
01:14:50.625 [Test worker] DEBUG com.github.dockerjava.zerodep.shaded.org.apache.hc.client5.http.headers - http-outgoing-2 >> x-tc-sid: 71b9672a-6f61-4546-a7b6-d603100b2e56
01:14:50.625 [Test worker] DEBUG com.github.dockerjava.zerodep.shaded.org.apache.hc.client5.http.headers - http-outgoing-2 >> Accept-Encoding: gzip, x-gzip, deflate
01:14:50.625 [Test worker] DEBUG com.github.dockerjava.zerodep.shaded.org.apache.hc.client5.http.headers - http-outgoing-2 >> Host: localhost:2375
01:14:50.625 [Test worker] DEBUG com.github.dockerjava.zerodep.shaded.org.apache.hc.client5.http.headers - http-outgoing-2 >> Connection: keep-alive
01:14:50.625 [Test worker] DEBUG com.github.dockerjava.zerodep.shaded.org.apache.hc.client5.http.headers - http-outgoing-2 >> User-Agent: Apache-HttpClient/5.0.3 (Java/17.0.2)
01:14:50.625 [Test worker] DEBUG com.github.dockerjava.zerodep.shaded.org.apache.hc.client5.http.wire - http-outgoing-2 >> "GET /v1.32/containers/cd5ecdf38df06b4092e6cf67100cd20ad9c3cb4b6e9303874a7bd89885b140c9/json HTTP/1.1[\r][\n]"
01:14:50.625 [Test worker] DEBUG com.github.dockerjava.zerodep.shaded.org.apache.hc.client5.http.wire - http-outgoing-2 >> "accept: application/json[\r][\n]"
01:14:50.625 [Test worker] DEBUG com.github.dockerjava.zerodep.shaded.org.apache.hc.client5.http.wire - http-outgoing-2 >> "x-tc-sid: 71b9672a-6f61-4546-a7b6-d603100b2e56[\r][\n]"
01:14:50.625 [Test worker] DEBUG com.github.dockerjava.zerodep.shaded.org.apache.hc.client5.http.wire - http-outgoing-2 >> "Accept-Encoding: gzip, x-gzip, deflate[\r][\n]"
01:14:50.625 [Test worker] DEBUG com.github.dockerjava.zerodep.shaded.org.apache.hc.client5.http.wire - http-outgoing-2 >> "Host: localhost:2375[\r][\n]"
01:14:50.625 [Test worker] DEBUG com.github.dockerjava.zerodep.shaded.org.apache.hc.client5.http.wire - http-outgoing-2 >> "Connection: keep-alive[\r][\n]"
01:14:50.625 [Test worker] DEBUG com.github.dockerjava.zerodep.shaded.org.apache.hc.client5.http.wire - http-outgoing-2 >> "User-Agent: Apache-HttpClient/5.0.3 (Java/17.0.2)[\r][\n]"
01:14:50.625 [Test worker] DEBUG com.github.dockerjava.zerodep.shaded.org.apache.hc.client5.http.wire - http-outgoing-2 >> "[\r][\n]"
01:14:50.630 [Test worker] DEBUG com.github.dockerjava.zerodep.shaded.org.apache.hc.client5.http.wire - http-outgoing-2 << "HTTP/1.1 200 OK[\r][\n]"
01:14:50.631 [Test worker] DEBUG com.github.dockerjava.zerodep.shaded.org.apache.hc.client5.http.wire - http-outgoing-2 << "Api-Version: 1.41[\r][\n]"
01:14:50.631 [Test worker] DEBUG com.github.dockerjava.zerodep.shaded.org.apache.hc.client5.http.wire - http-outgoing-2 << "Content-Type: application/json[\r][\n]"
01:14:50.631 [Test worker] DEBUG com.github.dockerjava.zerodep.shaded.org.apache.hc.client5.http.wire - http-outgoing-2 << "Date: Tue, 28 Mar 2023 04:14:50 GMT[\r][\n]"
01:14:50.631 [Test worker] DEBUG com.github.dockerjava.zerodep.shaded.org.apache.hc.client5.http.wire - http-outgoing-2 << "Docker-Experimental: false[\r][\n]"
01:14:50.631 [Test worker] DEBUG com.github.dockerjava.zerodep.shaded.org.apache.hc.client5.http.wire - http-outgoing-2 << "Ostype: linux[\r][\n]"
01:14:50.631 [Test worker] DEBUG com.github.dockerjava.zerodep.shaded.org.apache.hc.client5.http.wire - http-outgoing-2 << "Server: Docker/20.10.21 (linux)[\r][\n]"
01:14:50.631 [Test worker] DEBUG com.github.dockerjava.zerodep.shaded.org.apache.hc.client5.http.wire - http-outgoing-2 << "Transfer-Encoding: chunked[\r][\n]"
01:14:50.631 [Test worker] DEBUG com.github.dockerjava.zerodep.shaded.org.apache.hc.client5.http.wire - http-outgoing-2 << "[\r][\n]"
01:14:50.631 [Test worker] DEBUG com.github.dockerjava.zerodep.shaded.org.apache.hc.client5.http.headers - http-outgoing-2 << HTTP/1.1 200 OK
01:14:50.631 [Test worker] DEBUG com.github.dockerjava.zerodep.shaded.org.apache.hc.client5.http.headers - http-outgoing-2 << Api-Version: 1.41
01:14:50.631 [Test worker] DEBUG com.github.dockerjava.zerodep.shaded.org.apache.hc.client5.http.headers - http-outgoing-2 << Content-Type: application/json
01:14:50.631 [Test worker] DEBUG com.github.dockerjava.zerodep.shaded.org.apache.hc.client5.http.headers - http-outgoing-2 << Date: Tue, 28 Mar 2023 04:14:50 GMT
01:14:50.631 [Test worker] DEBUG com.github.dockerjava.zerodep.shaded.org.apache.hc.client5.http.headers - http-outgoing-2 << Docker-Experimental: false
01:14:50.631 [Test worker] DEBUG com.github.dockerjava.zerodep.shaded.org.apache.hc.client5.http.headers - http-outgoing-2 << Ostype: linux
01:14:50.631 [Test worker] DEBUG com.github.dockerjava.zerodep.shaded.org.apache.hc.client5.http.headers - http-outgoing-2 << Server: Docker/20.10.21 (linux)
01:14:50.631 [Test worker] DEBUG com.github.dockerjava.zerodep.shaded.org.apache.hc.client5.http.headers - http-outgoing-2 << Transfer-Encoding: chunked
01:14:50.631 [Test worker] DEBUG com.github.dockerjava.zerodep.shaded.org.apache.hc.client5.http.impl.classic.MainClientExec - ex-00000049: connection can be kept alive for 3 MINUTES
01:14:50.633 [Test worker] DEBUG com.github.dockerjava.zerodep.shaded.org.apache.hc.client5.http.wire - http-outgoing-2 << "18c1[\r][\n]"
01:14:50.633 [Test worker] DEBUG com.github.dockerjava.zerodep.shaded.org.apache.hc.client5.http.wire - http-outgoing-2 << "{"Id":"cd5ecdf38df06b4092e6cf67100cd20ad9c3cb4b6e9303874a7bd89885b140c9","Created":"2023-03-28T04:14:43.179040379Z","Path":"docker-entrypoint.sh","Args":["mysqld"],"State":{"Status":"running","Running":true,"Paused":false,"Restarting":false,"OOMKilled":false,"Dead":false,"Pid":20152,"ExitCode":0,"Error":"","StartedAt":"2023-03-28T04:14:43.680338005Z","FinishedAt":"0001-01-01T00:00:00Z"},"Image":"sha256:c7c54c29e20dccc1aefb936c8eba8bb8b98b87a4921102aba87fde2df5810af9","ResolvConfPath":"/var/lib/docker/containers/cd5ecdf38df06b4092e6cf67100cd20ad9c3cb4b6e9303874a7bd89885b140c9/resolv.conf","HostnamePath":"/var/lib/docker/containers/cd5ecdf38df06b4092e6cf67100cd20ad9c3cb4b6e9303874a7bd89885b140c9/hostname","HostsPath":"/var/lib/docker/containers/cd5ecdf38df06b4092e6cf67100cd20ad9c3cb4b6e9303874a7bd89885b140c9/hosts","LogPath":"/var/lib/docker/containers/cd5ecdf38df06b4092e6cf67100cd20ad9c3cb4b6e9303874a7bd89885b140c9/cd5ecdf38df06b4092e6cf67100cd20ad9c3cb4b6e9303874a7bd89885b140c9-json.log","Name":"/keen_matsumoto","RestartCount":0,"Driver":"overlay2","Platform":"linux","MountLabel":"","ProcessLabel":"","AppArmorProfile":"","ExecIDs":null,"HostConfig":{"Binds":[],"ContainerIDFile":"","LogConfig":{"Type":"json-file","Config":{}},"NetworkMode":"default","PortBindings":{"3306/tcp":[{"HostIp":"0.0.0.0","HostPort":"0"}]},"RestartPolicy":{"Name":"","MaximumRetryCount":0},"AutoRemove":false,"VolumeDriver":"","VolumesFrom":[],"CapAdd":null,"CapDrop":null,"CgroupnsMode":"private","Dns":null,"DnsOptions":null,"DnsSearch":null,"ExtraHosts":[],"GroupAdd":null,"IpcMode":"shareable","Cgroup":"","Links":null,"OomScoreAdj":0,"PidMode":"","Privileged":false,"PublishAllPorts":false,"ReadonlyRootfs":false,"SecurityOpt":null,"UTSMode":"","UsernsMode":"","ShmSize":67108864,"Runtime":"runc","ConsoleSize":[0,0],"Isolation":"","CpuShares":0,"Memory":0,"NanoCpus":0,"CgroupParent":"","BlkioWeight":0,"BlkioWeightDevice":null,"BlkioDeviceReadBps":null,"BlkioDeviceWriteBps":null,"BlkioDeviceReadIOps":null,"BlkioDeviceWriteIOps":null,"CpuPeriod":0,"CpuQuota":0,"CpuRealtimePeriod":0,"CpuRealtimeRuntime":0,"CpusetCpus":"","CpusetMems":"","Devices":null,"DeviceCgroupRules":null,"DeviceRequests":null,"KernelMemory":0,"KernelMemoryTCP":0,"MemoryReservation":0,"MemorySwap":0,"MemorySwappiness":null,"OomKillDisable":null,"PidsLimit":null,"Ulimits":null,"CpuCount":0,"CpuPercent":0,"IOMaximumIOps":0,"IOMaximumBandwidth":0,"MaskedPaths":["/proc/asound","/proc/acpi","/proc/kcore","/proc/keys","/proc/latency_stats","/proc/timer_list","/proc/timer_stats","/proc/sched_debug","/proc/scsi","/sys/firmware"],"ReadonlyPaths":["/proc/bus","/proc/fs","/proc/irq","/proc/sys","/proc/sysrq-trigger"]},"GraphDriver":{"Data":{"LowerDir":"/var/lib/docker/overlay2/830e690ec83ecff869b59e4f673c0c63b2bc5c068e9f710933e6f61763699fd2-init/diff:/var/lib/docker/overlay2/1bd8849d7a296305617011f940aa5cfabbe972a513397b1b6bbc27639b6c1f30/diff:/var/lib/docker/overlay2/199d69b2fbf78af4d4c95dec4fd2f8835ab0347eb49fb20ebb2ff3b99fedd6ad/diff:/var/lib/docker/overlay2/d83c38d654989311f75b9491329846033bfb7714de76ef635380dcfad5c740d9/diff:/var/lib/docker/overlay2/08600d0aea2ab2728bebcf5d2589c640a842f53d1ba3c4a4adccb4d03b923cf6/diff:/var/lib/docker/overlay2/9ec7c63a3fb14d13ac788bbf5e282ca821edc41260b79944e5e631037d13ecda/diff:/var/lib/docker/overlay2/db601d7a1b4ea6da638db620462f0da96fa55c559d02269c9ddb09027936ed87/diff:/var/lib/docker/overlay2/a6d2bd03f942e2565f21e74cfe152c7ec836a1c2b583f0790c685b92bdcfda24/diff:/var/lib/docker/overlay2/9badd16ea2c5e2bf1fde8b579683e41137dfc46ed5449234149f199a6751cc84/diff:/var/lib/docker/overlay2/6efb85646ed12e2d1181ef4cc6f6f6732c00c15a4035fe17ebc4f075ca573c30/diff:/var/lib/docker/overlay2/895d7c0ec09144d6ed33936f4e98e11c18010f7abd708cae1ce43aec7a7f2621/diff:/var/lib/docker/overlay2/1c4ba77aa573ab6e5e5069fd15eae71b3da940bde0f97a922a227ffc8a1d1096/diff","MergedDir":"/var/lib/docker/overlay2/830e690ec83ecff869b59e4f673c0c63b2bc5c068e9f710933e6f61763699fd2/merged","UpperDir":"/var/lib/docker/overlay2/830e690ec83ecff869b59e4f673c0c63b2bc5c068e9f710933e6f61763699fd2/diff","WorkDir":"/var/lib/docker/overlay2/830e690ec83ecff869b59e4f673c0c63b2bc5c068e9f710933e6f61763699fd2/work"},"Name":"overlay2"},"Mounts":[{"Type":"volume","Name":"25868b8cea8ad6eba7f00a6fe83e8848def5cff8aab5c5943024031400fa063d","Source":"/var/lib/docker/volumes/25868b8cea8ad6eba7f00a6fe83e8848def5cff8aab5c5943024031400fa063d/_data","Destination":"/var/lib/mysql","Driver":"local","Mode":"","RW":true,"Propagation":""}],"Config":{"Hostname":"cd5ecdf38df0","Domainname":"","User":"","AttachStdin":false,"AttachStdout":false,"AttachStderr":false,"ExposedPorts":{"3306/tcp":{},"33060/tcp":{}},"Tty":false,"OpenStdin":false,"StdinOnce":false,"Env":["MYSQL_DATABASE=adm_videos","MYSQL_PASSWORD=123456","MYSQL_ROOT_PASSWORD=123456","PATH=/usr/local/sbin:/usr/local/bin:/usr/sbin:/usr/bin:/sbin:/bin","GOSU_VERSION=1.16","MYSQL_MAJOR=8.0","MYSQL_VERSION=8.0.32-1.el8","MYSQL_SHELL_VERSION=8.0.32-1.el8"],"Cmd":["mysqld"],"Image":"mysql:latest","Volumes":{"/var/lib/mysql":{}},"WorkingDir":"","Entrypoint":["docker-entrypoint.sh"],"OnBuild":null,"Labels":{"org.testcontainers":"true","org.testcontainers.lang":"java","org.testcontainers.sessionId":"71b9672a-6f61-4546-a7b6-d603100b2e56","org.testcontainers.version":"1.17.6"}},"NetworkSettings":{"Bridge":"","SandboxID":"56762d63452c709eadac6b5c5f4b6cdd30da833580c632f91fd658806eaf4ddb","HairpinMode":false,"LinkLocalIPv6Address":"","LinkLocalIPv6PrefixLen":0,"Ports":{"3306/tcp":[{"HostIp":"0.0.0.0","HostPort":"63819"}],"33060/tcp":null},"SandboxKey":"/var/run/docker/netns/56762d63452c","SecondaryIPAddresses":null,"SecondaryIPv6Addresses":null,"EndpointID":"92fc2600684327987bceb8e2716a72ba2420fccd56812c1491af8c03946e105c","Gateway":"172.17.0.1","GlobalIPv6Address":"","GlobalIPv6PrefixLen":0,"IPAddress":"172.17.0.3","IPPrefixLen":16,"IPv6Gateway":"","MacAddress":"02:42:ac:11:00:03","Networks":{"bridge":{"IPAMConfig":null,"Links":null,"Aliases":null,"NetworkID":"308e234c143065751b16b4500cb9f48d5c7fc2116504b3d816a5e51cd4771062","EndpointID":"92fc2600684327987bceb8e2716a72ba2420fccd56812c1491af8c03946e105c","Gateway":"172.17.0.1","IPAddress":"172.17.0.3","IPPrefixLen":16,"IPv6Gateway":"","GlobalIPv6Address":"","GlobalIPv6PrefixLen":0,"MacAddress":"02:42:ac:11:00:03","DriverOpts":null}}}}[\n]"
01:14:50.633 [Test worker] DEBUG com.github.dockerjava.zerodep.shaded.org.apache.hc.client5.http.wire - http-outgoing-2 << "[\r][\n]"
01:14:50.634 [Test worker] DEBUG com.github.dockerjava.zerodep.shaded.org.apache.hc.client5.http.wire - http-outgoing-2 << "0[\r][\n]"
01:14:50.634 [Test worker] DEBUG com.github.dockerjava.zerodep.shaded.org.apache.hc.client5.http.wire - http-outgoing-2 << "[\r][\n]"
01:14:50.634 [Test worker] DEBUG com.github.dockerjava.zerodep.shaded.org.apache.hc.client5.http.impl.classic.InternalHttpClient - ep-00000048: releasing valid endpoint
01:14:50.634 [Test worker] DEBUG com.github.dockerjava.zerodep.shaded.org.apache.hc.client5.http.impl.io.PoolingHttpClientConnectionManager - ep-00000048: releasing endpoint
01:14:50.634 [Test worker] DEBUG com.github.dockerjava.zerodep.shaded.org.apache.hc.client5.http.impl.io.PoolingHttpClientConnectionManager - ep-00000048: connection http-outgoing-2 can be kept alive for 3 MINUTES
01:14:50.634 [Test worker] DEBUG com.github.dockerjava.zerodep.shaded.org.apache.hc.client5.http.impl.io.PoolingHttpClientConnectionManager - ep-00000048: connection released [route: {}->unix://localhost:2375][total available: 1; route allocated: 1 of 2147483647; total allocated: 1 of 2147483647]
01:14:50.634 [Test worker] DEBUG ]]>&#x1f433;<![CDATA[ [mysql:latest] - Trying to create JDBC connection using com.mysql.cj.jdbc.Driver to jdbc:mysql://localhost:63819/adm_videos?useSSL=false&allowPublicKeyRetrieval=true with properties: {password=123456, user=root}
01:14:50.743 [Test worker] DEBUG org.testcontainers.shaded.com.github.dockerjava.core.command.AbstrDockerCmd - Cmd: cd5ecdf38df06b4092e6cf67100cd20ad9c3cb4b6e9303874a7bd89885b140c9,false
01:14:50.743 [Test worker] DEBUG org.testcontainers.shaded.com.github.dockerjava.core.exec.InspectContainerCmdExec - GET: DefaultWebTarget{path=[/containers/cd5ecdf38df06b4092e6cf67100cd20ad9c3cb4b6e9303874a7bd89885b140c9/json], queryParams={}}
01:14:50.743 [Test worker] DEBUG com.github.dockerjava.zerodep.shaded.org.apache.hc.client5.http.impl.classic.InternalHttpClient - ex-0000004A: preparing request execution
01:14:50.743 [Test worker] DEBUG com.github.dockerjava.zerodep.shaded.org.apache.hc.client5.http.protocol.RequestAddCookies - Cookie spec selected: strict
01:14:50.743 [Test worker] DEBUG com.github.dockerjava.zerodep.shaded.org.apache.hc.client5.http.protocol.RequestAuthCache - Auth cache not set in the context
01:14:50.743 [Test worker] DEBUG com.github.dockerjava.zerodep.shaded.org.apache.hc.client5.http.impl.classic.ProtocolExec - ex-0000004A: target auth state: UNCHALLENGED
01:14:50.743 [Test worker] DEBUG com.github.dockerjava.zerodep.shaded.org.apache.hc.client5.http.impl.classic.ProtocolExec - ex-0000004A: proxy auth state: UNCHALLENGED
01:14:50.743 [Test worker] DEBUG com.github.dockerjava.zerodep.shaded.org.apache.hc.client5.http.impl.classic.ConnectExec - ex-0000004A: acquiring connection with route {}->unix://localhost:2375
01:14:50.743 [Test worker] DEBUG com.github.dockerjava.zerodep.shaded.org.apache.hc.client5.http.impl.classic.InternalHttpClient - ex-0000004A: acquiring endpoint (3 MINUTES)
01:14:50.743 [Test worker] DEBUG com.github.dockerjava.zerodep.shaded.org.apache.hc.client5.http.impl.io.PoolingHttpClientConnectionManager - ex-0000004A: endpoint lease request (3 MINUTES) [route: {}->unix://localhost:2375][total available: 1; route allocated: 1 of 2147483647; total allocated: 1 of 2147483647]
01:14:50.743 [Test worker] DEBUG com.github.dockerjava.zerodep.shaded.org.apache.hc.client5.http.impl.io.PoolingHttpClientConnectionManager - ex-0000004A: endpoint leased [route: {}->unix://localhost:2375][total available: 0; route allocated: 1 of 2147483647; total allocated: 1 of 2147483647]
01:14:50.743 [Test worker] DEBUG com.github.dockerjava.zerodep.shaded.org.apache.hc.client5.http.impl.io.PoolingHttpClientConnectionManager - ex-0000004A: acquired ep-00000049
01:14:50.743 [Test worker] DEBUG com.github.dockerjava.zerodep.shaded.org.apache.hc.client5.http.impl.classic.InternalHttpClient - ex-0000004A: acquired endpoint ep-00000049
01:14:50.743 [Test worker] DEBUG com.github.dockerjava.zerodep.shaded.org.apache.hc.client5.http.impl.classic.MainClientExec - ex-0000004A: executing GET /v1.32/containers/cd5ecdf38df06b4092e6cf67100cd20ad9c3cb4b6e9303874a7bd89885b140c9/json HTTP/1.1
01:14:50.743 [Test worker] DEBUG com.github.dockerjava.zerodep.shaded.org.apache.hc.client5.http.impl.classic.InternalHttpClient - ep-00000049: start execution ex-0000004A
01:14:50.743 [Test worker] DEBUG com.github.dockerjava.zerodep.shaded.org.apache.hc.client5.http.impl.io.PoolingHttpClientConnectionManager - ep-00000049: executing exchange ex-0000004A over http-outgoing-2
01:14:50.743 [Test worker] DEBUG com.github.dockerjava.zerodep.shaded.org.apache.hc.client5.http.headers - http-outgoing-2 >> GET /v1.32/containers/cd5ecdf38df06b4092e6cf67100cd20ad9c3cb4b6e9303874a7bd89885b140c9/json HTTP/1.1
01:14:50.743 [Test worker] DEBUG com.github.dockerjava.zerodep.shaded.org.apache.hc.client5.http.headers - http-outgoing-2 >> accept: application/json
01:14:50.743 [Test worker] DEBUG com.github.dockerjava.zerodep.shaded.org.apache.hc.client5.http.headers - http-outgoing-2 >> x-tc-sid: 71b9672a-6f61-4546-a7b6-d603100b2e56
01:14:50.743 [Test worker] DEBUG com.github.dockerjava.zerodep.shaded.org.apache.hc.client5.http.headers - http-outgoing-2 >> Accept-Encoding: gzip, x-gzip, deflate
01:14:50.743 [Test worker] DEBUG com.github.dockerjava.zerodep.shaded.org.apache.hc.client5.http.headers - http-outgoing-2 >> Host: localhost:2375
01:14:50.743 [Test worker] DEBUG com.github.dockerjava.zerodep.shaded.org.apache.hc.client5.http.headers - http-outgoing-2 >> Connection: keep-alive
01:14:50.743 [Test worker] DEBUG com.github.dockerjava.zerodep.shaded.org.apache.hc.client5.http.headers - http-outgoing-2 >> User-Agent: Apache-HttpClient/5.0.3 (Java/17.0.2)
01:14:50.743 [Test worker] DEBUG com.github.dockerjava.zerodep.shaded.org.apache.hc.client5.http.wire - http-outgoing-2 >> "GET /v1.32/containers/cd5ecdf38df06b4092e6cf67100cd20ad9c3cb4b6e9303874a7bd89885b140c9/json HTTP/1.1[\r][\n]"
01:14:50.743 [Test worker] DEBUG com.github.dockerjava.zerodep.shaded.org.apache.hc.client5.http.wire - http-outgoing-2 >> "accept: application/json[\r][\n]"
01:14:50.743 [Test worker] DEBUG com.github.dockerjava.zerodep.shaded.org.apache.hc.client5.http.wire - http-outgoing-2 >> "x-tc-sid: 71b9672a-6f61-4546-a7b6-d603100b2e56[\r][\n]"
01:14:50.743 [Test worker] DEBUG com.github.dockerjava.zerodep.shaded.org.apache.hc.client5.http.wire - http-outgoing-2 >> "Accept-Encoding: gzip, x-gzip, deflate[\r][\n]"
01:14:50.743 [Test worker] DEBUG com.github.dockerjava.zerodep.shaded.org.apache.hc.client5.http.wire - http-outgoing-2 >> "Host: localhost:2375[\r][\n]"
01:14:50.743 [Test worker] DEBUG com.github.dockerjava.zerodep.shaded.org.apache.hc.client5.http.wire - http-outgoing-2 >> "Connection: keep-alive[\r][\n]"
01:14:50.743 [Test worker] DEBUG com.github.dockerjava.zerodep.shaded.org.apache.hc.client5.http.wire - http-outgoing-2 >> "User-Agent: Apache-HttpClient/5.0.3 (Java/17.0.2)[\r][\n]"
01:14:50.743 [Test worker] DEBUG com.github.dockerjava.zerodep.shaded.org.apache.hc.client5.http.wire - http-outgoing-2 >> "[\r][\n]"
01:14:50.745 [Test worker] DEBUG com.github.dockerjava.zerodep.shaded.org.apache.hc.client5.http.wire - http-outgoing-2 << "HTTP/1.1 200 OK[\r][\n]"
01:14:50.745 [Test worker] DEBUG com.github.dockerjava.zerodep.shaded.org.apache.hc.client5.http.wire - http-outgoing-2 << "Api-Version: 1.41[\r][\n]"
01:14:50.745 [Test worker] DEBUG com.github.dockerjava.zerodep.shaded.org.apache.hc.client5.http.wire - http-outgoing-2 << "Content-Type: application/json[\r][\n]"
01:14:50.745 [Test worker] DEBUG com.github.dockerjava.zerodep.shaded.org.apache.hc.client5.http.wire - http-outgoing-2 << "Date: Tue, 28 Mar 2023 04:14:50 GMT[\r][\n]"
01:14:50.745 [Test worker] DEBUG com.github.dockerjava.zerodep.shaded.org.apache.hc.client5.http.wire - http-outgoing-2 << "Docker-Experimental: false[\r][\n]"
01:14:50.745 [Test worker] DEBUG com.github.dockerjava.zerodep.shaded.org.apache.hc.client5.http.wire - http-outgoing-2 << "Ostype: linux[\r][\n]"
01:14:50.745 [Test worker] DEBUG com.github.dockerjava.zerodep.shaded.org.apache.hc.client5.http.wire - http-outgoing-2 << "Server: Docker/20.10.21 (linux)[\r][\n]"
01:14:50.745 [Test worker] DEBUG com.github.dockerjava.zerodep.shaded.org.apache.hc.client5.http.wire - http-outgoing-2 << "Transfer-Encoding: chunked[\r][\n]"
01:14:50.745 [Test worker] DEBUG com.github.dockerjava.zerodep.shaded.org.apache.hc.client5.http.wire - http-outgoing-2 << "[\r][\n]"
01:14:50.745 [Test worker] DEBUG com.github.dockerjava.zerodep.shaded.org.apache.hc.client5.http.headers - http-outgoing-2 << HTTP/1.1 200 OK
01:14:50.745 [Test worker] DEBUG com.github.dockerjava.zerodep.shaded.org.apache.hc.client5.http.headers - http-outgoing-2 << Api-Version: 1.41
01:14:50.745 [Test worker] DEBUG com.github.dockerjava.zerodep.shaded.org.apache.hc.client5.http.headers - http-outgoing-2 << Content-Type: application/json
01:14:50.745 [Test worker] DEBUG com.github.dockerjava.zerodep.shaded.org.apache.hc.client5.http.headers - http-outgoing-2 << Date: Tue, 28 Mar 2023 04:14:50 GMT
01:14:50.745 [Test worker] DEBUG com.github.dockerjava.zerodep.shaded.org.apache.hc.client5.http.headers - http-outgoing-2 << Docker-Experimental: false
01:14:50.745 [Test worker] DEBUG com.github.dockerjava.zerodep.shaded.org.apache.hc.client5.http.headers - http-outgoing-2 << Ostype: linux
01:14:50.745 [Test worker] DEBUG com.github.dockerjava.zerodep.shaded.org.apache.hc.client5.http.headers - http-outgoing-2 << Server: Docker/20.10.21 (linux)
01:14:50.745 [Test worker] DEBUG com.github.dockerjava.zerodep.shaded.org.apache.hc.client5.http.headers - http-outgoing-2 << Transfer-Encoding: chunked
01:14:50.745 [Test worker] DEBUG com.github.dockerjava.zerodep.shaded.org.apache.hc.client5.http.impl.classic.MainClientExec - ex-0000004A: connection can be kept alive for 3 MINUTES
01:14:50.747 [Test worker] DEBUG com.github.dockerjava.zerodep.shaded.org.apache.hc.client5.http.wire - http-outgoing-2 << "18c1[\r][\n]"
01:14:50.747 [Test worker] DEBUG com.github.dockerjava.zerodep.shaded.org.apache.hc.client5.http.wire - http-outgoing-2 << "{"Id":"cd5ecdf38df06b4092e6cf67100cd20ad9c3cb4b6e9303874a7bd89885b140c9","Created":"2023-03-28T04:14:43.179040379Z","Path":"docker-entrypoint.sh","Args":["mysqld"],"State":{"Status":"running","Running":true,"Paused":false,"Restarting":false,"OOMKilled":false,"Dead":false,"Pid":20152,"ExitCode":0,"Error":"","StartedAt":"2023-03-28T04:14:43.680338005Z","FinishedAt":"0001-01-01T00:00:00Z"},"Image":"sha256:c7c54c29e20dccc1aefb936c8eba8bb8b98b87a4921102aba87fde2df5810af9","ResolvConfPath":"/var/lib/docker/containers/cd5ecdf38df06b4092e6cf67100cd20ad9c3cb4b6e9303874a7bd89885b140c9/resolv.conf","HostnamePath":"/var/lib/docker/containers/cd5ecdf38df06b4092e6cf67100cd20ad9c3cb4b6e9303874a7bd89885b140c9/hostname","HostsPath":"/var/lib/docker/containers/cd5ecdf38df06b4092e6cf67100cd20ad9c3cb4b6e9303874a7bd89885b140c9/hosts","LogPath":"/var/lib/docker/containers/cd5ecdf38df06b4092e6cf67100cd20ad9c3cb4b6e9303874a7bd89885b140c9/cd5ecdf38df06b4092e6cf67100cd20ad9c3cb4b6e9303874a7bd89885b140c9-json.log","Name":"/keen_matsumoto","RestartCount":0,"Driver":"overlay2","Platform":"linux","MountLabel":"","ProcessLabel":"","AppArmorProfile":"","ExecIDs":null,"HostConfig":{"Binds":[],"ContainerIDFile":"","LogConfig":{"Type":"json-file","Config":{}},"NetworkMode":"default","PortBindings":{"3306/tcp":[{"HostIp":"0.0.0.0","HostPort":"0"}]},"RestartPolicy":{"Name":"","MaximumRetryCount":0},"AutoRemove":false,"VolumeDriver":"","VolumesFrom":[],"CapAdd":null,"CapDrop":null,"CgroupnsMode":"private","Dns":null,"DnsOptions":null,"DnsSearch":null,"ExtraHosts":[],"GroupAdd":null,"IpcMode":"shareable","Cgroup":"","Links":null,"OomScoreAdj":0,"PidMode":"","Privileged":false,"PublishAllPorts":false,"ReadonlyRootfs":false,"SecurityOpt":null,"UTSMode":"","UsernsMode":"","ShmSize":67108864,"Runtime":"runc","ConsoleSize":[0,0],"Isolation":"","CpuShares":0,"Memory":0,"NanoCpus":0,"CgroupParent":"","BlkioWeight":0,"BlkioWeightDevice":null,"BlkioDeviceReadBps":null,"BlkioDeviceWriteBps":null,"BlkioDeviceReadIOps":null,"BlkioDeviceWriteIOps":null,"CpuPeriod":0,"CpuQuota":0,"CpuRealtimePeriod":0,"CpuRealtimeRuntime":0,"CpusetCpus":"","CpusetMems":"","Devices":null,"DeviceCgroupRules":null,"DeviceRequests":null,"KernelMemory":0,"KernelMemoryTCP":0,"MemoryReservation":0,"MemorySwap":0,"MemorySwappiness":null,"OomKillDisable":null,"PidsLimit":null,"Ulimits":null,"CpuCount":0,"CpuPercent":0,"IOMaximumIOps":0,"IOMaximumBandwidth":0,"MaskedPaths":["/proc/asound","/proc/acpi","/proc/kcore","/proc/keys","/proc/latency_stats","/proc/timer_list","/proc/timer_stats","/proc/sched_debug","/proc/scsi","/sys/firmware"],"ReadonlyPaths":["/proc/bus","/proc/fs","/proc/irq","/proc/sys","/proc/sysrq-trigger"]},"GraphDriver":{"Data":{"LowerDir":"/var/lib/docker/overlay2/830e690ec83ecff869b59e4f673c0c63b2bc5c068e9f710933e6f61763699fd2-init/diff:/var/lib/docker/overlay2/1bd8849d7a296305617011f940aa5cfabbe972a513397b1b6bbc27639b6c1f30/diff:/var/lib/docker/overlay2/199d69b2fbf78af4d4c95dec4fd2f8835ab0347eb49fb20ebb2ff3b99fedd6ad/diff:/var/lib/docker/overlay2/d83c38d654989311f75b9491329846033bfb7714de76ef635380dcfad5c740d9/diff:/var/lib/docker/overlay2/08600d0aea2ab2728bebcf5d2589c640a842f53d1ba3c4a4adccb4d03b923cf6/diff:/var/lib/docker/overlay2/9ec7c63a3fb14d13ac788bbf5e282ca821edc41260b79944e5e631037d13ecda/diff:/var/lib/docker/overlay2/db601d7a1b4ea6da638db620462f0da96fa55c559d02269c9ddb09027936ed87/diff:/var/lib/docker/overlay2/a6d2bd03f942e2565f21e74cfe152c7ec836a1c2b583f0790c685b92bdcfda24/diff:/var/lib/docker/overlay2/9badd16ea2c5e2bf1fde8b579683e41137dfc46ed5449234149f199a6751cc84/diff:/var/lib/docker/overlay2/6efb85646ed12e2d1181ef4cc6f6f6732c00c15a4035fe17ebc4f075ca573c30/diff:/var/lib/docker/overlay2/895d7c0ec09144d6ed33936f4e98e11c18010f7abd708cae1ce43aec7a7f2621/diff:/var/lib/docker/overlay2/1c4ba77aa573ab6e5e5069fd15eae71b3da940bde0f97a922a227ffc8a1d1096/diff","MergedDir":"/var/lib/docker/overlay2/830e690ec83ecff869b59e4f673c0c63b2bc5c068e9f710933e6f61763699fd2/merged","UpperDir":"/var/lib/docker/overlay2/830e690ec83ecff869b59e4f673c0c63b2bc5c068e9f710933e6f61763699fd2/diff","WorkDir":"/var/lib/docker/overlay2/830e690ec83ecff869b59e4f673c0c63b2bc5c068e9f710933e6f61763699fd2/work"},"Name":"overlay2"},"Mounts":[{"Type":"volume","Name":"25868b8cea8ad6eba7f00a6fe83e8848def5cff8aab5c5943024031400fa063d","Source":"/var/lib/docker/volumes/25868b8cea8ad6eba7f00a6fe83e8848def5cff8aab5c5943024031400fa063d/_data","Destination":"/var/lib/mysql","Driver":"local","Mode":"","RW":true,"Propagation":""}],"Config":{"Hostname":"cd5ecdf38df0","Domainname":"","User":"","AttachStdin":false,"AttachStdout":false,"AttachStderr":false,"ExposedPorts":{"3306/tcp":{},"33060/tcp":{}},"Tty":false,"OpenStdin":false,"StdinOnce":false,"Env":["MYSQL_DATABASE=adm_videos","MYSQL_PASSWORD=123456","MYSQL_ROOT_PASSWORD=123456","PATH=/usr/local/sbin:/usr/local/bin:/usr/sbin:/usr/bin:/sbin:/bin","GOSU_VERSION=1.16","MYSQL_MAJOR=8.0","MYSQL_VERSION=8.0.32-1.el8","MYSQL_SHELL_VERSION=8.0.32-1.el8"],"Cmd":["mysqld"],"Image":"mysql:latest","Volumes":{"/var/lib/mysql":{}},"WorkingDir":"","Entrypoint":["docker-entrypoint.sh"],"OnBuild":null,"Labels":{"org.testcontainers":"true","org.testcontainers.lang":"java","org.testcontainers.sessionId":"71b9672a-6f61-4546-a7b6-d603100b2e56","org.testcontainers.version":"1.17.6"}},"NetworkSettings":{"Bridge":"","SandboxID":"56762d63452c709eadac6b5c5f4b6cdd30da833580c632f91fd658806eaf4ddb","HairpinMode":false,"LinkLocalIPv6Address":"","LinkLocalIPv6PrefixLen":0,"Ports":{"3306/tcp":[{"HostIp":"0.0.0.0","HostPort":"63819"}],"33060/tcp":null},"SandboxKey":"/var/run/docker/netns/56762d63452c","SecondaryIPAddresses":null,"SecondaryIPv6Addresses":null,"EndpointID":"92fc2600684327987bceb8e2716a72ba2420fccd56812c1491af8c03946e105c","Gateway":"172.17.0.1","GlobalIPv6Address":"","GlobalIPv6PrefixLen":0,"IPAddress":"172.17.0.3","IPPrefixLen":16,"IPv6Gateway":"","MacAddress":"02:42:ac:11:00:03","Networks":{"bridge":{"IPAMConfig":null,"Links":null,"Aliases":null,"NetworkID":"308e234c143065751b16b4500cb9f48d5c7fc2116504b3d816a5e51cd4771062","EndpointID":"92fc2600684327987bceb8e2716a72ba2420fccd56812c1491af8c03946e105c","Gateway":"172.17.0.1","IPAddress":"172.17.0.3","IPPrefixLen":16,"IPv6Gateway":"","GlobalIPv6Address":"","GlobalIPv6PrefixLen":0,"MacAddress":"02:42:ac:11:00:03","DriverOpts":null}}}}[\n]"
01:14:50.747 [Test worker] DEBUG com.github.dockerjava.zerodep.shaded.org.apache.hc.client5.http.wire - http-outgoing-2 << "[\r][\n]"
01:14:50.748 [Test worker] DEBUG com.github.dockerjava.zerodep.shaded.org.apache.hc.client5.http.wire - http-outgoing-2 << "0[\r][\n]"
01:14:50.748 [Test worker] DEBUG com.github.dockerjava.zerodep.shaded.org.apache.hc.client5.http.wire - http-outgoing-2 << "[\r][\n]"
01:14:50.748 [Test worker] DEBUG com.github.dockerjava.zerodep.shaded.org.apache.hc.client5.http.impl.classic.InternalHttpClient - ep-00000049: releasing valid endpoint
01:14:50.748 [Test worker] DEBUG com.github.dockerjava.zerodep.shaded.org.apache.hc.client5.http.impl.io.PoolingHttpClientConnectionManager - ep-00000049: releasing endpoint
01:14:50.748 [Test worker] DEBUG com.github.dockerjava.zerodep.shaded.org.apache.hc.client5.http.impl.io.PoolingHttpClientConnectionManager - ep-00000049: connection http-outgoing-2 can be kept alive for 3 MINUTES
01:14:50.748 [Test worker] DEBUG com.github.dockerjava.zerodep.shaded.org.apache.hc.client5.http.impl.io.PoolingHttpClientConnectionManager - ep-00000049: connection released [route: {}->unix://localhost:2375][total available: 1; route allocated: 1 of 2147483647; total allocated: 1 of 2147483647]
01:14:50.748 [Test worker] DEBUG ]]>&#x1f433;<![CDATA[ [mysql:latest] - Trying to create JDBC connection using com.mysql.cj.jdbc.Driver to jdbc:mysql://localhost:63819/adm_videos?useSSL=false&allowPublicKeyRetrieval=true with properties: {password=123456, user=root}
01:14:50.854 [Test worker] DEBUG org.testcontainers.shaded.com.github.dockerjava.core.command.AbstrDockerCmd - Cmd: cd5ecdf38df06b4092e6cf67100cd20ad9c3cb4b6e9303874a7bd89885b140c9,false
01:14:50.854 [Test worker] DEBUG org.testcontainers.shaded.com.github.dockerjava.core.exec.InspectContainerCmdExec - GET: DefaultWebTarget{path=[/containers/cd5ecdf38df06b4092e6cf67100cd20ad9c3cb4b6e9303874a7bd89885b140c9/json], queryParams={}}
01:14:50.855 [Test worker] DEBUG com.github.dockerjava.zerodep.shaded.org.apache.hc.client5.http.impl.classic.InternalHttpClient - ex-0000004B: preparing request execution
01:14:50.855 [Test worker] DEBUG com.github.dockerjava.zerodep.shaded.org.apache.hc.client5.http.protocol.RequestAddCookies - Cookie spec selected: strict
01:14:50.855 [Test worker] DEBUG com.github.dockerjava.zerodep.shaded.org.apache.hc.client5.http.protocol.RequestAuthCache - Auth cache not set in the context
01:14:50.855 [Test worker] DEBUG com.github.dockerjava.zerodep.shaded.org.apache.hc.client5.http.impl.classic.ProtocolExec - ex-0000004B: target auth state: UNCHALLENGED
01:14:50.855 [Test worker] DEBUG com.github.dockerjava.zerodep.shaded.org.apache.hc.client5.http.impl.classic.ProtocolExec - ex-0000004B: proxy auth state: UNCHALLENGED
01:14:50.855 [Test worker] DEBUG com.github.dockerjava.zerodep.shaded.org.apache.hc.client5.http.impl.classic.ConnectExec - ex-0000004B: acquiring connection with route {}->unix://localhost:2375
01:14:50.855 [Test worker] DEBUG com.github.dockerjava.zerodep.shaded.org.apache.hc.client5.http.impl.classic.InternalHttpClient - ex-0000004B: acquiring endpoint (3 MINUTES)
01:14:50.855 [Test worker] DEBUG com.github.dockerjava.zerodep.shaded.org.apache.hc.client5.http.impl.io.PoolingHttpClientConnectionManager - ex-0000004B: endpoint lease request (3 MINUTES) [route: {}->unix://localhost:2375][total available: 1; route allocated: 1 of 2147483647; total allocated: 1 of 2147483647]
01:14:50.855 [Test worker] DEBUG com.github.dockerjava.zerodep.shaded.org.apache.hc.client5.http.impl.io.PoolingHttpClientConnectionManager - ex-0000004B: endpoint leased [route: {}->unix://localhost:2375][total available: 0; route allocated: 1 of 2147483647; total allocated: 1 of 2147483647]
01:14:50.855 [Test worker] DEBUG com.github.dockerjava.zerodep.shaded.org.apache.hc.client5.http.impl.io.PoolingHttpClientConnectionManager - ex-0000004B: acquired ep-0000004A
01:14:50.855 [Test worker] DEBUG com.github.dockerjava.zerodep.shaded.org.apache.hc.client5.http.impl.classic.InternalHttpClient - ex-0000004B: acquired endpoint ep-0000004A
01:14:50.855 [Test worker] DEBUG com.github.dockerjava.zerodep.shaded.org.apache.hc.client5.http.impl.classic.MainClientExec - ex-0000004B: executing GET /v1.32/containers/cd5ecdf38df06b4092e6cf67100cd20ad9c3cb4b6e9303874a7bd89885b140c9/json HTTP/1.1
01:14:50.855 [Test worker] DEBUG com.github.dockerjava.zerodep.shaded.org.apache.hc.client5.http.impl.classic.InternalHttpClient - ep-0000004A: start execution ex-0000004B
01:14:50.855 [Test worker] DEBUG com.github.dockerjava.zerodep.shaded.org.apache.hc.client5.http.impl.io.PoolingHttpClientConnectionManager - ep-0000004A: executing exchange ex-0000004B over http-outgoing-2
01:14:50.855 [Test worker] DEBUG com.github.dockerjava.zerodep.shaded.org.apache.hc.client5.http.headers - http-outgoing-2 >> GET /v1.32/containers/cd5ecdf38df06b4092e6cf67100cd20ad9c3cb4b6e9303874a7bd89885b140c9/json HTTP/1.1
01:14:50.855 [Test worker] DEBUG com.github.dockerjava.zerodep.shaded.org.apache.hc.client5.http.headers - http-outgoing-2 >> accept: application/json
01:14:50.855 [Test worker] DEBUG com.github.dockerjava.zerodep.shaded.org.apache.hc.client5.http.headers - http-outgoing-2 >> x-tc-sid: 71b9672a-6f61-4546-a7b6-d603100b2e56
01:14:50.855 [Test worker] DEBUG com.github.dockerjava.zerodep.shaded.org.apache.hc.client5.http.headers - http-outgoing-2 >> Accept-Encoding: gzip, x-gzip, deflate
01:14:50.855 [Test worker] DEBUG com.github.dockerjava.zerodep.shaded.org.apache.hc.client5.http.headers - http-outgoing-2 >> Host: localhost:2375
01:14:50.855 [Test worker] DEBUG com.github.dockerjava.zerodep.shaded.org.apache.hc.client5.http.headers - http-outgoing-2 >> Connection: keep-alive
01:14:50.855 [Test worker] DEBUG com.github.dockerjava.zerodep.shaded.org.apache.hc.client5.http.headers - http-outgoing-2 >> User-Agent: Apache-HttpClient/5.0.3 (Java/17.0.2)
01:14:50.855 [Test worker] DEBUG com.github.dockerjava.zerodep.shaded.org.apache.hc.client5.http.wire - http-outgoing-2 >> "GET /v1.32/containers/cd5ecdf38df06b4092e6cf67100cd20ad9c3cb4b6e9303874a7bd89885b140c9/json HTTP/1.1[\r][\n]"
01:14:50.855 [Test worker] DEBUG com.github.dockerjava.zerodep.shaded.org.apache.hc.client5.http.wire - http-outgoing-2 >> "accept: application/json[\r][\n]"
01:14:50.855 [Test worker] DEBUG com.github.dockerjava.zerodep.shaded.org.apache.hc.client5.http.wire - http-outgoing-2 >> "x-tc-sid: 71b9672a-6f61-4546-a7b6-d603100b2e56[\r][\n]"
01:14:50.855 [Test worker] DEBUG com.github.dockerjava.zerodep.shaded.org.apache.hc.client5.http.wire - http-outgoing-2 >> "Accept-Encoding: gzip, x-gzip, deflate[\r][\n]"
01:14:50.855 [Test worker] DEBUG com.github.dockerjava.zerodep.shaded.org.apache.hc.client5.http.wire - http-outgoing-2 >> "Host: localhost:2375[\r][\n]"
01:14:50.855 [Test worker] DEBUG com.github.dockerjava.zerodep.shaded.org.apache.hc.client5.http.wire - http-outgoing-2 >> "Connection: keep-alive[\r][\n]"
01:14:50.855 [Test worker] DEBUG com.github.dockerjava.zerodep.shaded.org.apache.hc.client5.http.wire - http-outgoing-2 >> "User-Agent: Apache-HttpClient/5.0.3 (Java/17.0.2)[\r][\n]"
01:14:50.855 [Test worker] DEBUG com.github.dockerjava.zerodep.shaded.org.apache.hc.client5.http.wire - http-outgoing-2 >> "[\r][\n]"
01:14:50.857 [Test worker] DEBUG com.github.dockerjava.zerodep.shaded.org.apache.hc.client5.http.wire - http-outgoing-2 << "HTTP/1.1 200 OK[\r][\n]"
01:14:50.857 [Test worker] DEBUG com.github.dockerjava.zerodep.shaded.org.apache.hc.client5.http.wire - http-outgoing-2 << "Api-Version: 1.41[\r][\n]"
01:14:50.857 [Test worker] DEBUG com.github.dockerjava.zerodep.shaded.org.apache.hc.client5.http.wire - http-outgoing-2 << "Content-Type: application/json[\r][\n]"
01:14:50.857 [Test worker] DEBUG com.github.dockerjava.zerodep.shaded.org.apache.hc.client5.http.wire - http-outgoing-2 << "Date: Tue, 28 Mar 2023 04:14:50 GMT[\r][\n]"
01:14:50.857 [Test worker] DEBUG com.github.dockerjava.zerodep.shaded.org.apache.hc.client5.http.wire - http-outgoing-2 << "Docker-Experimental: false[\r][\n]"
01:14:50.857 [Test worker] DEBUG com.github.dockerjava.zerodep.shaded.org.apache.hc.client5.http.wire - http-outgoing-2 << "Ostype: linux[\r][\n]"
01:14:50.857 [Test worker] DEBUG com.github.dockerjava.zerodep.shaded.org.apache.hc.client5.http.wire - http-outgoing-2 << "Server: Docker/20.10.21 (linux)[\r][\n]"
01:14:50.857 [Test worker] DEBUG com.github.dockerjava.zerodep.shaded.org.apache.hc.client5.http.wire - http-outgoing-2 << "Transfer-Encoding: chunked[\r][\n]"
01:14:50.857 [Test worker] DEBUG com.github.dockerjava.zerodep.shaded.org.apache.hc.client5.http.wire - http-outgoing-2 << "[\r][\n]"
01:14:50.857 [Test worker] DEBUG com.github.dockerjava.zerodep.shaded.org.apache.hc.client5.http.headers - http-outgoing-2 << HTTP/1.1 200 OK
01:14:50.857 [Test worker] DEBUG com.github.dockerjava.zerodep.shaded.org.apache.hc.client5.http.headers - http-outgoing-2 << Api-Version: 1.41
01:14:50.857 [Test worker] DEBUG com.github.dockerjava.zerodep.shaded.org.apache.hc.client5.http.headers - http-outgoing-2 << Content-Type: application/json
01:14:50.857 [Test worker] DEBUG com.github.dockerjava.zerodep.shaded.org.apache.hc.client5.http.headers - http-outgoing-2 << Date: Tue, 28 Mar 2023 04:14:50 GMT
01:14:50.857 [Test worker] DEBUG com.github.dockerjava.zerodep.shaded.org.apache.hc.client5.http.headers - http-outgoing-2 << Docker-Experimental: false
01:14:50.857 [Test worker] DEBUG com.github.dockerjava.zerodep.shaded.org.apache.hc.client5.http.headers - http-outgoing-2 << Ostype: linux
01:14:50.857 [Test worker] DEBUG com.github.dockerjava.zerodep.shaded.org.apache.hc.client5.http.headers - http-outgoing-2 << Server: Docker/20.10.21 (linux)
01:14:50.857 [Test worker] DEBUG com.github.dockerjava.zerodep.shaded.org.apache.hc.client5.http.headers - http-outgoing-2 << Transfer-Encoding: chunked
01:14:50.857 [Test worker] DEBUG com.github.dockerjava.zerodep.shaded.org.apache.hc.client5.http.impl.classic.MainClientExec - ex-0000004B: connection can be kept alive for 3 MINUTES
01:14:50.859 [Test worker] DEBUG com.github.dockerjava.zerodep.shaded.org.apache.hc.client5.http.wire - http-outgoing-2 << "18c1[\r][\n]"
01:14:50.859 [Test worker] DEBUG com.github.dockerjava.zerodep.shaded.org.apache.hc.client5.http.wire - http-outgoing-2 << "{"Id":"cd5ecdf38df06b4092e6cf67100cd20ad9c3cb4b6e9303874a7bd89885b140c9","Created":"2023-03-28T04:14:43.179040379Z","Path":"docker-entrypoint.sh","Args":["mysqld"],"State":{"Status":"running","Running":true,"Paused":false,"Restarting":false,"OOMKilled":false,"Dead":false,"Pid":20152,"ExitCode":0,"Error":"","StartedAt":"2023-03-28T04:14:43.680338005Z","FinishedAt":"0001-01-01T00:00:00Z"},"Image":"sha256:c7c54c29e20dccc1aefb936c8eba8bb8b98b87a4921102aba87fde2df5810af9","ResolvConfPath":"/var/lib/docker/containers/cd5ecdf38df06b4092e6cf67100cd20ad9c3cb4b6e9303874a7bd89885b140c9/resolv.conf","HostnamePath":"/var/lib/docker/containers/cd5ecdf38df06b4092e6cf67100cd20ad9c3cb4b6e9303874a7bd89885b140c9/hostname","HostsPath":"/var/lib/docker/containers/cd5ecdf38df06b4092e6cf67100cd20ad9c3cb4b6e9303874a7bd89885b140c9/hosts","LogPath":"/var/lib/docker/containers/cd5ecdf38df06b4092e6cf67100cd20ad9c3cb4b6e9303874a7bd89885b140c9/cd5ecdf38df06b4092e6cf67100cd20ad9c3cb4b6e9303874a7bd89885b140c9-json.log","Name":"/keen_matsumoto","RestartCount":0,"Driver":"overlay2","Platform":"linux","MountLabel":"","ProcessLabel":"","AppArmorProfile":"","ExecIDs":null,"HostConfig":{"Binds":[],"ContainerIDFile":"","LogConfig":{"Type":"json-file","Config":{}},"NetworkMode":"default","PortBindings":{"3306/tcp":[{"HostIp":"0.0.0.0","HostPort":"0"}]},"RestartPolicy":{"Name":"","MaximumRetryCount":0},"AutoRemove":false,"VolumeDriver":"","VolumesFrom":[],"CapAdd":null,"CapDrop":null,"CgroupnsMode":"private","Dns":null,"DnsOptions":null,"DnsSearch":null,"ExtraHosts":[],"GroupAdd":null,"IpcMode":"shareable","Cgroup":"","Links":null,"OomScoreAdj":0,"PidMode":"","Privileged":false,"PublishAllPorts":false,"ReadonlyRootfs":false,"SecurityOpt":null,"UTSMode":"","UsernsMode":"","ShmSize":67108864,"Runtime":"runc","ConsoleSize":[0,0],"Isolation":"","CpuShares":0,"Memory":0,"NanoCpus":0,"CgroupParent":"","BlkioWeight":0,"BlkioWeightDevice":null,"BlkioDeviceReadBps":null,"BlkioDeviceWriteBps":null,"BlkioDeviceReadIOps":null,"BlkioDeviceWriteIOps":null,"CpuPeriod":0,"CpuQuota":0,"CpuRealtimePeriod":0,"CpuRealtimeRuntime":0,"CpusetCpus":"","CpusetMems":"","Devices":null,"DeviceCgroupRules":null,"DeviceRequests":null,"KernelMemory":0,"KernelMemoryTCP":0,"MemoryReservation":0,"MemorySwap":0,"MemorySwappiness":null,"OomKillDisable":null,"PidsLimit":null,"Ulimits":null,"CpuCount":0,"CpuPercent":0,"IOMaximumIOps":0,"IOMaximumBandwidth":0,"MaskedPaths":["/proc/asound","/proc/acpi","/proc/kcore","/proc/keys","/proc/latency_stats","/proc/timer_list","/proc/timer_stats","/proc/sched_debug","/proc/scsi","/sys/firmware"],"ReadonlyPaths":["/proc/bus","/proc/fs","/proc/irq","/proc/sys","/proc/sysrq-trigger"]},"GraphDriver":{"Data":{"LowerDir":"/var/lib/docker/overlay2/830e690ec83ecff869b59e4f673c0c63b2bc5c068e9f710933e6f61763699fd2-init/diff:/var/lib/docker/overlay2/1bd8849d7a296305617011f940aa5cfabbe972a513397b1b6bbc27639b6c1f30/diff:/var/lib/docker/overlay2/199d69b2fbf78af4d4c95dec4fd2f8835ab0347eb49fb20ebb2ff3b99fedd6ad/diff:/var/lib/docker/overlay2/d83c38d654989311f75b9491329846033bfb7714de76ef635380dcfad5c740d9/diff:/var/lib/docker/overlay2/08600d0aea2ab2728bebcf5d2589c640a842f53d1ba3c4a4adccb4d03b923cf6/diff:/var/lib/docker/overlay2/9ec7c63a3fb14d13ac788bbf5e282ca821edc41260b79944e5e631037d13ecda/diff:/var/lib/docker/overlay2/db601d7a1b4ea6da638db620462f0da96fa55c559d02269c9ddb09027936ed87/diff:/var/lib/docker/overlay2/a6d2bd03f942e2565f21e74cfe152c7ec836a1c2b583f0790c685b92bdcfda24/diff:/var/lib/docker/overlay2/9badd16ea2c5e2bf1fde8b579683e41137dfc46ed5449234149f199a6751cc84/diff:/var/lib/docker/overlay2/6efb85646ed12e2d1181ef4cc6f6f6732c00c15a4035fe17ebc4f075ca573c30/diff:/var/lib/docker/overlay2/895d7c0ec09144d6ed33936f4e98e11c18010f7abd708cae1ce43aec7a7f2621/diff:/var/lib/docker/overlay2/1c4ba77aa573ab6e5e5069fd15eae71b3da940bde0f97a922a227ffc8a1d1096/diff","MergedDir":"/var/lib/docker/overlay2/830e690ec83ecff869b59e4f673c0c63b2bc5c068e9f710933e6f61763699fd2/merged","UpperDir":"/var/lib/docker/overlay2/830e690ec83ecff869b59e4f673c0c63b2bc5c068e9f710933e6f61763699fd2/diff","WorkDir":"/var/lib/docker/overlay2/830e690ec83ecff869b59e4f673c0c63b2bc5c068e9f710933e6f61763699fd2/work"},"Name":"overlay2"},"Mounts":[{"Type":"volume","Name":"25868b8cea8ad6eba7f00a6fe83e8848def5cff8aab5c5943024031400fa063d","Source":"/var/lib/docker/volumes/25868b8cea8ad6eba7f00a6fe83e8848def5cff8aab5c5943024031400fa063d/_data","Destination":"/var/lib/mysql","Driver":"local","Mode":"","RW":true,"Propagation":""}],"Config":{"Hostname":"cd5ecdf38df0","Domainname":"","User":"","AttachStdin":false,"AttachStdout":false,"AttachStderr":false,"ExposedPorts":{"3306/tcp":{},"33060/tcp":{}},"Tty":false,"OpenStdin":false,"StdinOnce":false,"Env":["MYSQL_DATABASE=adm_videos","MYSQL_PASSWORD=123456","MYSQL_ROOT_PASSWORD=123456","PATH=/usr/local/sbin:/usr/local/bin:/usr/sbin:/usr/bin:/sbin:/bin","GOSU_VERSION=1.16","MYSQL_MAJOR=8.0","MYSQL_VERSION=8.0.32-1.el8","MYSQL_SHELL_VERSION=8.0.32-1.el8"],"Cmd":["mysqld"],"Image":"mysql:latest","Volumes":{"/var/lib/mysql":{}},"WorkingDir":"","Entrypoint":["docker-entrypoint.sh"],"OnBuild":null,"Labels":{"org.testcontainers":"true","org.testcontainers.lang":"java","org.testcontainers.sessionId":"71b9672a-6f61-4546-a7b6-d603100b2e56","org.testcontainers.version":"1.17.6"}},"NetworkSettings":{"Bridge":"","SandboxID":"56762d63452c709eadac6b5c5f4b6cdd30da833580c632f91fd658806eaf4ddb","HairpinMode":false,"LinkLocalIPv6Address":"","LinkLocalIPv6PrefixLen":0,"Ports":{"3306/tcp":[{"HostIp":"0.0.0.0","HostPort":"63819"}],"33060/tcp":null},"SandboxKey":"/var/run/docker/netns/56762d63452c","SecondaryIPAddresses":null,"SecondaryIPv6Addresses":null,"EndpointID":"92fc2600684327987bceb8e2716a72ba2420fccd56812c1491af8c03946e105c","Gateway":"172.17.0.1","GlobalIPv6Address":"","GlobalIPv6PrefixLen":0,"IPAddress":"172.17.0.3","IPPrefixLen":16,"IPv6Gateway":"","MacAddress":"02:42:ac:11:00:03","Networks":{"bridge":{"IPAMConfig":null,"Links":null,"Aliases":null,"NetworkID":"308e234c143065751b16b4500cb9f48d5c7fc2116504b3d816a5e51cd4771062","EndpointID":"92fc2600684327987bceb8e2716a72ba2420fccd56812c1491af8c03946e105c","Gateway":"172.17.0.1","IPAddress":"172.17.0.3","IPPrefixLen":16,"IPv6Gateway":"","GlobalIPv6Address":"","GlobalIPv6PrefixLen":0,"MacAddress":"02:42:ac:11:00:03","DriverOpts":null}}}}[\n]"
01:14:50.859 [Test worker] DEBUG com.github.dockerjava.zerodep.shaded.org.apache.hc.client5.http.wire - http-outgoing-2 << "[\r][\n]"
01:14:50.859 [Test worker] DEBUG com.github.dockerjava.zerodep.shaded.org.apache.hc.client5.http.wire - http-outgoing-2 << "0[\r][\n]"
01:14:50.859 [Test worker] DEBUG com.github.dockerjava.zerodep.shaded.org.apache.hc.client5.http.wire - http-outgoing-2 << "[\r][\n]"
01:14:50.859 [Test worker] DEBUG com.github.dockerjava.zerodep.shaded.org.apache.hc.client5.http.impl.classic.InternalHttpClient - ep-0000004A: releasing valid endpoint
01:14:50.859 [Test worker] DEBUG com.github.dockerjava.zerodep.shaded.org.apache.hc.client5.http.impl.io.PoolingHttpClientConnectionManager - ep-0000004A: releasing endpoint
01:14:50.859 [Test worker] DEBUG com.github.dockerjava.zerodep.shaded.org.apache.hc.client5.http.impl.io.PoolingHttpClientConnectionManager - ep-0000004A: connection http-outgoing-2 can be kept alive for 3 MINUTES
01:14:50.859 [Test worker] DEBUG com.github.dockerjava.zerodep.shaded.org.apache.hc.client5.http.impl.io.PoolingHttpClientConnectionManager - ep-0000004A: connection released [route: {}->unix://localhost:2375][total available: 1; route allocated: 1 of 2147483647; total allocated: 1 of 2147483647]
01:14:50.859 [Test worker] DEBUG ]]>&#x1f433;<![CDATA[ [mysql:latest] - Trying to create JDBC connection using com.mysql.cj.jdbc.Driver to jdbc:mysql://localhost:63819/adm_videos?useSSL=false&allowPublicKeyRetrieval=true with properties: {password=123456, user=root}
01:14:50.963 [Test worker] DEBUG org.testcontainers.shaded.com.github.dockerjava.core.command.AbstrDockerCmd - Cmd: cd5ecdf38df06b4092e6cf67100cd20ad9c3cb4b6e9303874a7bd89885b140c9,false
01:14:50.964 [Test worker] DEBUG org.testcontainers.shaded.com.github.dockerjava.core.exec.InspectContainerCmdExec - GET: DefaultWebTarget{path=[/containers/cd5ecdf38df06b4092e6cf67100cd20ad9c3cb4b6e9303874a7bd89885b140c9/json], queryParams={}}
01:14:50.964 [Test worker] DEBUG com.github.dockerjava.zerodep.shaded.org.apache.hc.client5.http.impl.classic.InternalHttpClient - ex-0000004C: preparing request execution
01:14:50.964 [Test worker] DEBUG com.github.dockerjava.zerodep.shaded.org.apache.hc.client5.http.protocol.RequestAddCookies - Cookie spec selected: strict
01:14:50.964 [Test worker] DEBUG com.github.dockerjava.zerodep.shaded.org.apache.hc.client5.http.protocol.RequestAuthCache - Auth cache not set in the context
01:14:50.964 [Test worker] DEBUG com.github.dockerjava.zerodep.shaded.org.apache.hc.client5.http.impl.classic.ProtocolExec - ex-0000004C: target auth state: UNCHALLENGED
01:14:50.964 [Test worker] DEBUG com.github.dockerjava.zerodep.shaded.org.apache.hc.client5.http.impl.classic.ProtocolExec - ex-0000004C: proxy auth state: UNCHALLENGED
01:14:50.964 [Test worker] DEBUG com.github.dockerjava.zerodep.shaded.org.apache.hc.client5.http.impl.classic.ConnectExec - ex-0000004C: acquiring connection with route {}->unix://localhost:2375
01:14:50.964 [Test worker] DEBUG com.github.dockerjava.zerodep.shaded.org.apache.hc.client5.http.impl.classic.InternalHttpClient - ex-0000004C: acquiring endpoint (3 MINUTES)
01:14:50.964 [Test worker] DEBUG com.github.dockerjava.zerodep.shaded.org.apache.hc.client5.http.impl.io.PoolingHttpClientConnectionManager - ex-0000004C: endpoint lease request (3 MINUTES) [route: {}->unix://localhost:2375][total available: 1; route allocated: 1 of 2147483647; total allocated: 1 of 2147483647]
01:14:50.965 [Test worker] DEBUG com.github.dockerjava.zerodep.shaded.org.apache.hc.client5.http.impl.io.PoolingHttpClientConnectionManager - ex-0000004C: endpoint leased [route: {}->unix://localhost:2375][total available: 0; route allocated: 1 of 2147483647; total allocated: 1 of 2147483647]
01:14:50.965 [Test worker] DEBUG com.github.dockerjava.zerodep.shaded.org.apache.hc.client5.http.impl.io.PoolingHttpClientConnectionManager - ex-0000004C: acquired ep-0000004B
01:14:50.965 [Test worker] DEBUG com.github.dockerjava.zerodep.shaded.org.apache.hc.client5.http.impl.classic.InternalHttpClient - ex-0000004C: acquired endpoint ep-0000004B
01:14:50.965 [Test worker] DEBUG com.github.dockerjava.zerodep.shaded.org.apache.hc.client5.http.impl.classic.MainClientExec - ex-0000004C: executing GET /v1.32/containers/cd5ecdf38df06b4092e6cf67100cd20ad9c3cb4b6e9303874a7bd89885b140c9/json HTTP/1.1
01:14:50.965 [Test worker] DEBUG com.github.dockerjava.zerodep.shaded.org.apache.hc.client5.http.impl.classic.InternalHttpClient - ep-0000004B: start execution ex-0000004C
01:14:50.965 [Test worker] DEBUG com.github.dockerjava.zerodep.shaded.org.apache.hc.client5.http.impl.io.PoolingHttpClientConnectionManager - ep-0000004B: executing exchange ex-0000004C over http-outgoing-2
01:14:50.965 [Test worker] DEBUG com.github.dockerjava.zerodep.shaded.org.apache.hc.client5.http.headers - http-outgoing-2 >> GET /v1.32/containers/cd5ecdf38df06b4092e6cf67100cd20ad9c3cb4b6e9303874a7bd89885b140c9/json HTTP/1.1
01:14:50.965 [Test worker] DEBUG com.github.dockerjava.zerodep.shaded.org.apache.hc.client5.http.headers - http-outgoing-2 >> accept: application/json
01:14:50.965 [Test worker] DEBUG com.github.dockerjava.zerodep.shaded.org.apache.hc.client5.http.headers - http-outgoing-2 >> x-tc-sid: 71b9672a-6f61-4546-a7b6-d603100b2e56
01:14:50.965 [Test worker] DEBUG com.github.dockerjava.zerodep.shaded.org.apache.hc.client5.http.headers - http-outgoing-2 >> Accept-Encoding: gzip, x-gzip, deflate
01:14:50.965 [Test worker] DEBUG com.github.dockerjava.zerodep.shaded.org.apache.hc.client5.http.headers - http-outgoing-2 >> Host: localhost:2375
01:14:50.965 [Test worker] DEBUG com.github.dockerjava.zerodep.shaded.org.apache.hc.client5.http.headers - http-outgoing-2 >> Connection: keep-alive
01:14:50.965 [Test worker] DEBUG com.github.dockerjava.zerodep.shaded.org.apache.hc.client5.http.headers - http-outgoing-2 >> User-Agent: Apache-HttpClient/5.0.3 (Java/17.0.2)
01:14:50.965 [Test worker] DEBUG com.github.dockerjava.zerodep.shaded.org.apache.hc.client5.http.wire - http-outgoing-2 >> "GET /v1.32/containers/cd5ecdf38df06b4092e6cf67100cd20ad9c3cb4b6e9303874a7bd89885b140c9/json HTTP/1.1[\r][\n]"
01:14:50.965 [Test worker] DEBUG com.github.dockerjava.zerodep.shaded.org.apache.hc.client5.http.wire - http-outgoing-2 >> "accept: application/json[\r][\n]"
01:14:50.965 [Test worker] DEBUG com.github.dockerjava.zerodep.shaded.org.apache.hc.client5.http.wire - http-outgoing-2 >> "x-tc-sid: 71b9672a-6f61-4546-a7b6-d603100b2e56[\r][\n]"
01:14:50.965 [Test worker] DEBUG com.github.dockerjava.zerodep.shaded.org.apache.hc.client5.http.wire - http-outgoing-2 >> "Accept-Encoding: gzip, x-gzip, deflate[\r][\n]"
01:14:50.965 [Test worker] DEBUG com.github.dockerjava.zerodep.shaded.org.apache.hc.client5.http.wire - http-outgoing-2 >> "Host: localhost:2375[\r][\n]"
01:14:50.965 [Test worker] DEBUG com.github.dockerjava.zerodep.shaded.org.apache.hc.client5.http.wire - http-outgoing-2 >> "Connection: keep-alive[\r][\n]"
01:14:50.965 [Test worker] DEBUG com.github.dockerjava.zerodep.shaded.org.apache.hc.client5.http.wire - http-outgoing-2 >> "User-Agent: Apache-HttpClient/5.0.3 (Java/17.0.2)[\r][\n]"
01:14:50.965 [Test worker] DEBUG com.github.dockerjava.zerodep.shaded.org.apache.hc.client5.http.wire - http-outgoing-2 >> "[\r][\n]"
01:14:50.967 [Test worker] DEBUG com.github.dockerjava.zerodep.shaded.org.apache.hc.client5.http.wire - http-outgoing-2 << "HTTP/1.1 200 OK[\r][\n]"
01:14:50.967 [Test worker] DEBUG com.github.dockerjava.zerodep.shaded.org.apache.hc.client5.http.wire - http-outgoing-2 << "Api-Version: 1.41[\r][\n]"
01:14:50.967 [Test worker] DEBUG com.github.dockerjava.zerodep.shaded.org.apache.hc.client5.http.wire - http-outgoing-2 << "Content-Type: application/json[\r][\n]"
01:14:50.967 [Test worker] DEBUG com.github.dockerjava.zerodep.shaded.org.apache.hc.client5.http.wire - http-outgoing-2 << "Date: Tue, 28 Mar 2023 04:14:50 GMT[\r][\n]"
01:14:50.967 [Test worker] DEBUG com.github.dockerjava.zerodep.shaded.org.apache.hc.client5.http.wire - http-outgoing-2 << "Docker-Experimental: false[\r][\n]"
01:14:50.967 [Test worker] DEBUG com.github.dockerjava.zerodep.shaded.org.apache.hc.client5.http.wire - http-outgoing-2 << "Ostype: linux[\r][\n]"
01:14:50.967 [Test worker] DEBUG com.github.dockerjava.zerodep.shaded.org.apache.hc.client5.http.wire - http-outgoing-2 << "Server: Docker/20.10.21 (linux)[\r][\n]"
01:14:50.967 [Test worker] DEBUG com.github.dockerjava.zerodep.shaded.org.apache.hc.client5.http.wire - http-outgoing-2 << "Transfer-Encoding: chunked[\r][\n]"
01:14:50.967 [Test worker] DEBUG com.github.dockerjava.zerodep.shaded.org.apache.hc.client5.http.wire - http-outgoing-2 << "[\r][\n]"
01:14:50.967 [Test worker] DEBUG com.github.dockerjava.zerodep.shaded.org.apache.hc.client5.http.headers - http-outgoing-2 << HTTP/1.1 200 OK
01:14:50.967 [Test worker] DEBUG com.github.dockerjava.zerodep.shaded.org.apache.hc.client5.http.headers - http-outgoing-2 << Api-Version: 1.41
01:14:50.967 [Test worker] DEBUG com.github.dockerjava.zerodep.shaded.org.apache.hc.client5.http.headers - http-outgoing-2 << Content-Type: application/json
01:14:50.967 [Test worker] DEBUG com.github.dockerjava.zerodep.shaded.org.apache.hc.client5.http.headers - http-outgoing-2 << Date: Tue, 28 Mar 2023 04:14:50 GMT
01:14:50.967 [Test worker] DEBUG com.github.dockerjava.zerodep.shaded.org.apache.hc.client5.http.headers - http-outgoing-2 << Docker-Experimental: false
01:14:50.967 [Test worker] DEBUG com.github.dockerjava.zerodep.shaded.org.apache.hc.client5.http.headers - http-outgoing-2 << Ostype: linux
01:14:50.967 [Test worker] DEBUG com.github.dockerjava.zerodep.shaded.org.apache.hc.client5.http.headers - http-outgoing-2 << Server: Docker/20.10.21 (linux)
01:14:50.967 [Test worker] DEBUG com.github.dockerjava.zerodep.shaded.org.apache.hc.client5.http.headers - http-outgoing-2 << Transfer-Encoding: chunked
01:14:50.967 [Test worker] DEBUG com.github.dockerjava.zerodep.shaded.org.apache.hc.client5.http.impl.classic.MainClientExec - ex-0000004C: connection can be kept alive for 3 MINUTES
01:14:50.968 [Test worker] DEBUG com.github.dockerjava.zerodep.shaded.org.apache.hc.client5.http.wire - http-outgoing-2 << "18c1[\r][\n]"
01:14:50.968 [Test worker] DEBUG com.github.dockerjava.zerodep.shaded.org.apache.hc.client5.http.wire - http-outgoing-2 << "{"Id":"cd5ecdf38df06b4092e6cf67100cd20ad9c3cb4b6e9303874a7bd89885b140c9","Created":"2023-03-28T04:14:43.179040379Z","Path":"docker-entrypoint.sh","Args":["mysqld"],"State":{"Status":"running","Running":true,"Paused":false,"Restarting":false,"OOMKilled":false,"Dead":false,"Pid":20152,"ExitCode":0,"Error":"","StartedAt":"2023-03-28T04:14:43.680338005Z","FinishedAt":"0001-01-01T00:00:00Z"},"Image":"sha256:c7c54c29e20dccc1aefb936c8eba8bb8b98b87a4921102aba87fde2df5810af9","ResolvConfPath":"/var/lib/docker/containers/cd5ecdf38df06b4092e6cf67100cd20ad9c3cb4b6e9303874a7bd89885b140c9/resolv.conf","HostnamePath":"/var/lib/docker/containers/cd5ecdf38df06b4092e6cf67100cd20ad9c3cb4b6e9303874a7bd89885b140c9/hostname","HostsPath":"/var/lib/docker/containers/cd5ecdf38df06b4092e6cf67100cd20ad9c3cb4b6e9303874a7bd89885b140c9/hosts","LogPath":"/var/lib/docker/containers/cd5ecdf38df06b4092e6cf67100cd20ad9c3cb4b6e9303874a7bd89885b140c9/cd5ecdf38df06b4092e6cf67100cd20ad9c3cb4b6e9303874a7bd89885b140c9-json.log","Name":"/keen_matsumoto","RestartCount":0,"Driver":"overlay2","Platform":"linux","MountLabel":"","ProcessLabel":"","AppArmorProfile":"","ExecIDs":null,"HostConfig":{"Binds":[],"ContainerIDFile":"","LogConfig":{"Type":"json-file","Config":{}},"NetworkMode":"default","PortBindings":{"3306/tcp":[{"HostIp":"0.0.0.0","HostPort":"0"}]},"RestartPolicy":{"Name":"","MaximumRetryCount":0},"AutoRemove":false,"VolumeDriver":"","VolumesFrom":[],"CapAdd":null,"CapDrop":null,"CgroupnsMode":"private","Dns":null,"DnsOptions":null,"DnsSearch":null,"ExtraHosts":[],"GroupAdd":null,"IpcMode":"shareable","Cgroup":"","Links":null,"OomScoreAdj":0,"PidMode":"","Privileged":false,"PublishAllPorts":false,"ReadonlyRootfs":false,"SecurityOpt":null,"UTSMode":"","UsernsMode":"","ShmSize":67108864,"Runtime":"runc","ConsoleSize":[0,0],"Isolation":"","CpuShares":0,"Memory":0,"NanoCpus":0,"CgroupParent":"","BlkioWeight":0,"BlkioWeightDevice":null,"BlkioDeviceReadBps":null,"BlkioDeviceWriteBps":null,"BlkioDeviceReadIOps":null,"BlkioDeviceWriteIOps":null,"CpuPeriod":0,"CpuQuota":0,"CpuRealtimePeriod":0,"CpuRealtimeRuntime":0,"CpusetCpus":"","CpusetMems":"","Devices":null,"DeviceCgroupRules":null,"DeviceRequests":null,"KernelMemory":0,"KernelMemoryTCP":0,"MemoryReservation":0,"MemorySwap":0,"MemorySwappiness":null,"OomKillDisable":null,"PidsLimit":null,"Ulimits":null,"CpuCount":0,"CpuPercent":0,"IOMaximumIOps":0,"IOMaximumBandwidth":0,"MaskedPaths":["/proc/asound","/proc/acpi","/proc/kcore","/proc/keys","/proc/latency_stats","/proc/timer_list","/proc/timer_stats","/proc/sched_debug","/proc/scsi","/sys/firmware"],"ReadonlyPaths":["/proc/bus","/proc/fs","/proc/irq","/proc/sys","/proc/sysrq-trigger"]},"GraphDriver":{"Data":{"LowerDir":"/var/lib/docker/overlay2/830e690ec83ecff869b59e4f673c0c63b2bc5c068e9f710933e6f61763699fd2-init/diff:/var/lib/docker/overlay2/1bd8849d7a296305617011f940aa5cfabbe972a513397b1b6bbc27639b6c1f30/diff:/var/lib/docker/overlay2/199d69b2fbf78af4d4c95dec4fd2f8835ab0347eb49fb20ebb2ff3b99fedd6ad/diff:/var/lib/docker/overlay2/d83c38d654989311f75b9491329846033bfb7714de76ef635380dcfad5c740d9/diff:/var/lib/docker/overlay2/08600d0aea2ab2728bebcf5d2589c640a842f53d1ba3c4a4adccb4d03b923cf6/diff:/var/lib/docker/overlay2/9ec7c63a3fb14d13ac788bbf5e282ca821edc41260b79944e5e631037d13ecda/diff:/var/lib/docker/overlay2/db601d7a1b4ea6da638db620462f0da96fa55c559d02269c9ddb09027936ed87/diff:/var/lib/docker/overlay2/a6d2bd03f942e2565f21e74cfe152c7ec836a1c2b583f0790c685b92bdcfda24/diff:/var/lib/docker/overlay2/9badd16ea2c5e2bf1fde8b579683e41137dfc46ed5449234149f199a6751cc84/diff:/var/lib/docker/overlay2/6efb85646ed12e2d1181ef4cc6f6f6732c00c15a4035fe17ebc4f075ca573c30/diff:/var/lib/docker/overlay2/895d7c0ec09144d6ed33936f4e98e11c18010f7abd708cae1ce43aec7a7f2621/diff:/var/lib/docker/overlay2/1c4ba77aa573ab6e5e5069fd15eae71b3da940bde0f97a922a227ffc8a1d1096/diff","MergedDir":"/var/lib/docker/overlay2/830e690ec83ecff869b59e4f673c0c63b2bc5c068e9f710933e6f61763699fd2/merged","UpperDir":"/var/lib/docker/overlay2/830e690ec83ecff869b59e4f673c0c63b2bc5c068e9f710933e6f61763699fd2/diff","WorkDir":"/var/lib/docker/overlay2/830e690ec83ecff869b59e4f673c0c63b2bc5c068e9f710933e6f61763699fd2/work"},"Name":"overlay2"},"Mounts":[{"Type":"volume","Name":"25868b8cea8ad6eba7f00a6fe83e8848def5cff8aab5c5943024031400fa063d","Source":"/var/lib/docker/volumes/25868b8cea8ad6eba7f00a6fe83e8848def5cff8aab5c5943024031400fa063d/_data","Destination":"/var/lib/mysql","Driver":"local","Mode":"","RW":true,"Propagation":""}],"Config":{"Hostname":"cd5ecdf38df0","Domainname":"","User":"","AttachStdin":false,"AttachStdout":false,"AttachStderr":false,"ExposedPorts":{"3306/tcp":{},"33060/tcp":{}},"Tty":false,"OpenStdin":false,"StdinOnce":false,"Env":["MYSQL_DATABASE=adm_videos","MYSQL_PASSWORD=123456","MYSQL_ROOT_PASSWORD=123456","PATH=/usr/local/sbin:/usr/local/bin:/usr/sbin:/usr/bin:/sbin:/bin","GOSU_VERSION=1.16","MYSQL_MAJOR=8.0","MYSQL_VERSION=8.0.32-1.el8","MYSQL_SHELL_VERSION=8.0.32-1.el8"],"Cmd":["mysqld"],"Image":"mysql:latest","Volumes":{"/var/lib/mysql":{}},"WorkingDir":"","Entrypoint":["docker-entrypoint.sh"],"OnBuild":null,"Labels":{"org.testcontainers":"true","org.testcontainers.lang":"java","org.testcontainers.sessionId":"71b9672a-6f61-4546-a7b6-d603100b2e56","org.testcontainers.version":"1.17.6"}},"NetworkSettings":{"Bridge":"","SandboxID":"56762d63452c709eadac6b5c5f4b6cdd30da833580c632f91fd658806eaf4ddb","HairpinMode":false,"LinkLocalIPv6Address":"","LinkLocalIPv6PrefixLen":0,"Ports":{"3306/tcp":[{"HostIp":"0.0.0.0","HostPort":"63819"}],"33060/tcp":null},"SandboxKey":"/var/run/docker/netns/56762d63452c","SecondaryIPAddresses":null,"SecondaryIPv6Addresses":null,"EndpointID":"92fc2600684327987bceb8e2716a72ba2420fccd56812c1491af8c03946e105c","Gateway":"172.17.0.1","GlobalIPv6Address":"","GlobalIPv6PrefixLen":0,"IPAddress":"172.17.0.3","IPPrefixLen":16,"IPv6Gateway":"","MacAddress":"02:42:ac:11:00:03","Networks":{"bridge":{"IPAMConfig":null,"Links":null,"Aliases":null,"NetworkID":"308e234c143065751b16b4500cb9f48d5c7fc2116504b3d816a5e51cd4771062","EndpointID":"92fc2600684327987bceb8e2716a72ba2420fccd56812c1491af8c03946e105c","Gateway":"172.17.0.1","IPAddress":"172.17.0.3","IPPrefixLen":16,"IPv6Gateway":"","GlobalIPv6Address":"","GlobalIPv6PrefixLen":0,"MacAddress":"02:42:ac:11:00:03","DriverOpts":null}}}}[\n]"
01:14:50.968 [Test worker] DEBUG com.github.dockerjava.zerodep.shaded.org.apache.hc.client5.http.wire - http-outgoing-2 << "[\r][\n]"
01:14:50.969 [Test worker] DEBUG com.github.dockerjava.zerodep.shaded.org.apache.hc.client5.http.wire - http-outgoing-2 << "0[\r][\n]"
01:14:50.969 [Test worker] DEBUG com.github.dockerjava.zerodep.shaded.org.apache.hc.client5.http.wire - http-outgoing-2 << "[\r][\n]"
01:14:50.969 [Test worker] DEBUG com.github.dockerjava.zerodep.shaded.org.apache.hc.client5.http.impl.classic.InternalHttpClient - ep-0000004B: releasing valid endpoint
01:14:50.969 [Test worker] DEBUG com.github.dockerjava.zerodep.shaded.org.apache.hc.client5.http.impl.io.PoolingHttpClientConnectionManager - ep-0000004B: releasing endpoint
01:14:50.969 [Test worker] DEBUG com.github.dockerjava.zerodep.shaded.org.apache.hc.client5.http.impl.io.PoolingHttpClientConnectionManager - ep-0000004B: connection http-outgoing-2 can be kept alive for 3 MINUTES
01:14:50.969 [Test worker] DEBUG com.github.dockerjava.zerodep.shaded.org.apache.hc.client5.http.impl.io.PoolingHttpClientConnectionManager - ep-0000004B: connection released [route: {}->unix://localhost:2375][total available: 1; route allocated: 1 of 2147483647; total allocated: 1 of 2147483647]
01:14:50.969 [Test worker] DEBUG ]]>&#x1f433;<![CDATA[ [mysql:latest] - Trying to create JDBC connection using com.mysql.cj.jdbc.Driver to jdbc:mysql://localhost:63819/adm_videos?useSSL=false&allowPublicKeyRetrieval=true with properties: {password=123456, user=root}
01:14:51.072 [Test worker] DEBUG org.testcontainers.shaded.com.github.dockerjava.core.command.AbstrDockerCmd - Cmd: cd5ecdf38df06b4092e6cf67100cd20ad9c3cb4b6e9303874a7bd89885b140c9,false
01:14:51.072 [Test worker] DEBUG org.testcontainers.shaded.com.github.dockerjava.core.exec.InspectContainerCmdExec - GET: DefaultWebTarget{path=[/containers/cd5ecdf38df06b4092e6cf67100cd20ad9c3cb4b6e9303874a7bd89885b140c9/json], queryParams={}}
01:14:51.073 [Test worker] DEBUG com.github.dockerjava.zerodep.shaded.org.apache.hc.client5.http.impl.classic.InternalHttpClient - ex-0000004D: preparing request execution
01:14:51.073 [Test worker] DEBUG com.github.dockerjava.zerodep.shaded.org.apache.hc.client5.http.protocol.RequestAddCookies - Cookie spec selected: strict
01:14:51.073 [Test worker] DEBUG com.github.dockerjava.zerodep.shaded.org.apache.hc.client5.http.protocol.RequestAuthCache - Auth cache not set in the context
01:14:51.073 [Test worker] DEBUG com.github.dockerjava.zerodep.shaded.org.apache.hc.client5.http.impl.classic.ProtocolExec - ex-0000004D: target auth state: UNCHALLENGED
01:14:51.073 [Test worker] DEBUG com.github.dockerjava.zerodep.shaded.org.apache.hc.client5.http.impl.classic.ProtocolExec - ex-0000004D: proxy auth state: UNCHALLENGED
01:14:51.073 [Test worker] DEBUG com.github.dockerjava.zerodep.shaded.org.apache.hc.client5.http.impl.classic.ConnectExec - ex-0000004D: acquiring connection with route {}->unix://localhost:2375
01:14:51.073 [Test worker] DEBUG com.github.dockerjava.zerodep.shaded.org.apache.hc.client5.http.impl.classic.InternalHttpClient - ex-0000004D: acquiring endpoint (3 MINUTES)
01:14:51.073 [Test worker] DEBUG com.github.dockerjava.zerodep.shaded.org.apache.hc.client5.http.impl.io.PoolingHttpClientConnectionManager - ex-0000004D: endpoint lease request (3 MINUTES) [route: {}->unix://localhost:2375][total available: 1; route allocated: 1 of 2147483647; total allocated: 1 of 2147483647]
01:14:51.073 [Test worker] DEBUG com.github.dockerjava.zerodep.shaded.org.apache.hc.client5.http.impl.io.PoolingHttpClientConnectionManager - ex-0000004D: endpoint leased [route: {}->unix://localhost:2375][total available: 0; route allocated: 1 of 2147483647; total allocated: 1 of 2147483647]
01:14:51.073 [Test worker] DEBUG com.github.dockerjava.zerodep.shaded.org.apache.hc.client5.http.impl.io.PoolingHttpClientConnectionManager - ex-0000004D: acquired ep-0000004C
01:14:51.073 [Test worker] DEBUG com.github.dockerjava.zerodep.shaded.org.apache.hc.client5.http.impl.classic.InternalHttpClient - ex-0000004D: acquired endpoint ep-0000004C
01:14:51.073 [Test worker] DEBUG com.github.dockerjava.zerodep.shaded.org.apache.hc.client5.http.impl.classic.MainClientExec - ex-0000004D: executing GET /v1.32/containers/cd5ecdf38df06b4092e6cf67100cd20ad9c3cb4b6e9303874a7bd89885b140c9/json HTTP/1.1
01:14:51.073 [Test worker] DEBUG com.github.dockerjava.zerodep.shaded.org.apache.hc.client5.http.impl.classic.InternalHttpClient - ep-0000004C: start execution ex-0000004D
01:14:51.073 [Test worker] DEBUG com.github.dockerjava.zerodep.shaded.org.apache.hc.client5.http.impl.io.PoolingHttpClientConnectionManager - ep-0000004C: executing exchange ex-0000004D over http-outgoing-2
01:14:51.073 [Test worker] DEBUG com.github.dockerjava.zerodep.shaded.org.apache.hc.client5.http.headers - http-outgoing-2 >> GET /v1.32/containers/cd5ecdf38df06b4092e6cf67100cd20ad9c3cb4b6e9303874a7bd89885b140c9/json HTTP/1.1
01:14:51.073 [Test worker] DEBUG com.github.dockerjava.zerodep.shaded.org.apache.hc.client5.http.headers - http-outgoing-2 >> accept: application/json
01:14:51.073 [Test worker] DEBUG com.github.dockerjava.zerodep.shaded.org.apache.hc.client5.http.headers - http-outgoing-2 >> x-tc-sid: 71b9672a-6f61-4546-a7b6-d603100b2e56
01:14:51.073 [Test worker] DEBUG com.github.dockerjava.zerodep.shaded.org.apache.hc.client5.http.headers - http-outgoing-2 >> Accept-Encoding: gzip, x-gzip, deflate
01:14:51.073 [Test worker] DEBUG com.github.dockerjava.zerodep.shaded.org.apache.hc.client5.http.headers - http-outgoing-2 >> Host: localhost:2375
01:14:51.073 [Test worker] DEBUG com.github.dockerjava.zerodep.shaded.org.apache.hc.client5.http.headers - http-outgoing-2 >> Connection: keep-alive
01:14:51.073 [Test worker] DEBUG com.github.dockerjava.zerodep.shaded.org.apache.hc.client5.http.headers - http-outgoing-2 >> User-Agent: Apache-HttpClient/5.0.3 (Java/17.0.2)
01:14:51.073 [Test worker] DEBUG com.github.dockerjava.zerodep.shaded.org.apache.hc.client5.http.wire - http-outgoing-2 >> "GET /v1.32/containers/cd5ecdf38df06b4092e6cf67100cd20ad9c3cb4b6e9303874a7bd89885b140c9/json HTTP/1.1[\r][\n]"
01:14:51.073 [Test worker] DEBUG com.github.dockerjava.zerodep.shaded.org.apache.hc.client5.http.wire - http-outgoing-2 >> "accept: application/json[\r][\n]"
01:14:51.073 [Test worker] DEBUG com.github.dockerjava.zerodep.shaded.org.apache.hc.client5.http.wire - http-outgoing-2 >> "x-tc-sid: 71b9672a-6f61-4546-a7b6-d603100b2e56[\r][\n]"
01:14:51.073 [Test worker] DEBUG com.github.dockerjava.zerodep.shaded.org.apache.hc.client5.http.wire - http-outgoing-2 >> "Accept-Encoding: gzip, x-gzip, deflate[\r][\n]"
01:14:51.073 [Test worker] DEBUG com.github.dockerjava.zerodep.shaded.org.apache.hc.client5.http.wire - http-outgoing-2 >> "Host: localhost:2375[\r][\n]"
01:14:51.073 [Test worker] DEBUG com.github.dockerjava.zerodep.shaded.org.apache.hc.client5.http.wire - http-outgoing-2 >> "Connection: keep-alive[\r][\n]"
01:14:51.073 [Test worker] DEBUG com.github.dockerjava.zerodep.shaded.org.apache.hc.client5.http.wire - http-outgoing-2 >> "User-Agent: Apache-HttpClient/5.0.3 (Java/17.0.2)[\r][\n]"
01:14:51.073 [Test worker] DEBUG com.github.dockerjava.zerodep.shaded.org.apache.hc.client5.http.wire - http-outgoing-2 >> "[\r][\n]"
01:14:51.075 [Test worker] DEBUG com.github.dockerjava.zerodep.shaded.org.apache.hc.client5.http.wire - http-outgoing-2 << "HTTP/1.1 200 OK[\r][\n]"
01:14:51.075 [Test worker] DEBUG com.github.dockerjava.zerodep.shaded.org.apache.hc.client5.http.wire - http-outgoing-2 << "Api-Version: 1.41[\r][\n]"
01:14:51.075 [Test worker] DEBUG com.github.dockerjava.zerodep.shaded.org.apache.hc.client5.http.wire - http-outgoing-2 << "Content-Type: application/json[\r][\n]"
01:14:51.075 [Test worker] DEBUG com.github.dockerjava.zerodep.shaded.org.apache.hc.client5.http.wire - http-outgoing-2 << "Date: Tue, 28 Mar 2023 04:14:51 GMT[\r][\n]"
01:14:51.075 [Test worker] DEBUG com.github.dockerjava.zerodep.shaded.org.apache.hc.client5.http.wire - http-outgoing-2 << "Docker-Experimental: false[\r][\n]"
01:14:51.075 [Test worker] DEBUG com.github.dockerjava.zerodep.shaded.org.apache.hc.client5.http.wire - http-outgoing-2 << "Ostype: linux[\r][\n]"
01:14:51.075 [Test worker] DEBUG com.github.dockerjava.zerodep.shaded.org.apache.hc.client5.http.wire - http-outgoing-2 << "Server: Docker/20.10.21 (linux)[\r][\n]"
01:14:51.075 [Test worker] DEBUG com.github.dockerjava.zerodep.shaded.org.apache.hc.client5.http.wire - http-outgoing-2 << "Transfer-Encoding: chunked[\r][\n]"
01:14:51.075 [Test worker] DEBUG com.github.dockerjava.zerodep.shaded.org.apache.hc.client5.http.wire - http-outgoing-2 << "[\r][\n]"
01:14:51.075 [Test worker] DEBUG com.github.dockerjava.zerodep.shaded.org.apache.hc.client5.http.headers - http-outgoing-2 << HTTP/1.1 200 OK
01:14:51.075 [Test worker] DEBUG com.github.dockerjava.zerodep.shaded.org.apache.hc.client5.http.headers - http-outgoing-2 << Api-Version: 1.41
01:14:51.075 [Test worker] DEBUG com.github.dockerjava.zerodep.shaded.org.apache.hc.client5.http.headers - http-outgoing-2 << Content-Type: application/json
01:14:51.075 [Test worker] DEBUG com.github.dockerjava.zerodep.shaded.org.apache.hc.client5.http.headers - http-outgoing-2 << Date: Tue, 28 Mar 2023 04:14:51 GMT
01:14:51.075 [Test worker] DEBUG com.github.dockerjava.zerodep.shaded.org.apache.hc.client5.http.headers - http-outgoing-2 << Docker-Experimental: false
01:14:51.075 [Test worker] DEBUG com.github.dockerjava.zerodep.shaded.org.apache.hc.client5.http.headers - http-outgoing-2 << Ostype: linux
01:14:51.075 [Test worker] DEBUG com.github.dockerjava.zerodep.shaded.org.apache.hc.client5.http.headers - http-outgoing-2 << Server: Docker/20.10.21 (linux)
01:14:51.075 [Test worker] DEBUG com.github.dockerjava.zerodep.shaded.org.apache.hc.client5.http.headers - http-outgoing-2 << Transfer-Encoding: chunked
01:14:51.075 [Test worker] DEBUG com.github.dockerjava.zerodep.shaded.org.apache.hc.client5.http.impl.classic.MainClientExec - ex-0000004D: connection can be kept alive for 3 MINUTES
01:14:51.076 [Test worker] DEBUG com.github.dockerjava.zerodep.shaded.org.apache.hc.client5.http.wire - http-outgoing-2 << "18c1[\r][\n]"
01:14:51.076 [Test worker] DEBUG com.github.dockerjava.zerodep.shaded.org.apache.hc.client5.http.wire - http-outgoing-2 << "{"Id":"cd5ecdf38df06b4092e6cf67100cd20ad9c3cb4b6e9303874a7bd89885b140c9","Created":"2023-03-28T04:14:43.179040379Z","Path":"docker-entrypoint.sh","Args":["mysqld"],"State":{"Status":"running","Running":true,"Paused":false,"Restarting":false,"OOMKilled":false,"Dead":false,"Pid":20152,"ExitCode":0,"Error":"","StartedAt":"2023-03-28T04:14:43.680338005Z","FinishedAt":"0001-01-01T00:00:00Z"},"Image":"sha256:c7c54c29e20dccc1aefb936c8eba8bb8b98b87a4921102aba87fde2df5810af9","ResolvConfPath":"/var/lib/docker/containers/cd5ecdf38df06b4092e6cf67100cd20ad9c3cb4b6e9303874a7bd89885b140c9/resolv.conf","HostnamePath":"/var/lib/docker/containers/cd5ecdf38df06b4092e6cf67100cd20ad9c3cb4b6e9303874a7bd89885b140c9/hostname","HostsPath":"/var/lib/docker/containers/cd5ecdf38df06b4092e6cf67100cd20ad9c3cb4b6e9303874a7bd89885b140c9/hosts","LogPath":"/var/lib/docker/containers/cd5ecdf38df06b4092e6cf67100cd20ad9c3cb4b6e9303874a7bd89885b140c9/cd5ecdf38df06b4092e6cf67100cd20ad9c3cb4b6e9303874a7bd89885b140c9-json.log","Name":"/keen_matsumoto","RestartCount":0,"Driver":"overlay2","Platform":"linux","MountLabel":"","ProcessLabel":"","AppArmorProfile":"","ExecIDs":null,"HostConfig":{"Binds":[],"ContainerIDFile":"","LogConfig":{"Type":"json-file","Config":{}},"NetworkMode":"default","PortBindings":{"3306/tcp":[{"HostIp":"0.0.0.0","HostPort":"0"}]},"RestartPolicy":{"Name":"","MaximumRetryCount":0},"AutoRemove":false,"VolumeDriver":"","VolumesFrom":[],"CapAdd":null,"CapDrop":null,"CgroupnsMode":"private","Dns":null,"DnsOptions":null,"DnsSearch":null,"ExtraHosts":[],"GroupAdd":null,"IpcMode":"shareable","Cgroup":"","Links":null,"OomScoreAdj":0,"PidMode":"","Privileged":false,"PublishAllPorts":false,"ReadonlyRootfs":false,"SecurityOpt":null,"UTSMode":"","UsernsMode":"","ShmSize":67108864,"Runtime":"runc","ConsoleSize":[0,0],"Isolation":"","CpuShares":0,"Memory":0,"NanoCpus":0,"CgroupParent":"","BlkioWeight":0,"BlkioWeightDevice":null,"BlkioDeviceReadBps":null,"BlkioDeviceWriteBps":null,"BlkioDeviceReadIOps":null,"BlkioDeviceWriteIOps":null,"CpuPeriod":0,"CpuQuota":0,"CpuRealtimePeriod":0,"CpuRealtimeRuntime":0,"CpusetCpus":"","CpusetMems":"","Devices":null,"DeviceCgroupRules":null,"DeviceRequests":null,"KernelMemory":0,"KernelMemoryTCP":0,"MemoryReservation":0,"MemorySwap":0,"MemorySwappiness":null,"OomKillDisable":null,"PidsLimit":null,"Ulimits":null,"CpuCount":0,"CpuPercent":0,"IOMaximumIOps":0,"IOMaximumBandwidth":0,"MaskedPaths":["/proc/asound","/proc/acpi","/proc/kcore","/proc/keys","/proc/latency_stats","/proc/timer_list","/proc/timer_stats","/proc/sched_debug","/proc/scsi","/sys/firmware"],"ReadonlyPaths":["/proc/bus","/proc/fs","/proc/irq","/proc/sys","/proc/sysrq-trigger"]},"GraphDriver":{"Data":{"LowerDir":"/var/lib/docker/overlay2/830e690ec83ecff869b59e4f673c0c63b2bc5c068e9f710933e6f61763699fd2-init/diff:/var/lib/docker/overlay2/1bd8849d7a296305617011f940aa5cfabbe972a513397b1b6bbc27639b6c1f30/diff:/var/lib/docker/overlay2/199d69b2fbf78af4d4c95dec4fd2f8835ab0347eb49fb20ebb2ff3b99fedd6ad/diff:/var/lib/docker/overlay2/d83c38d654989311f75b9491329846033bfb7714de76ef635380dcfad5c740d9/diff:/var/lib/docker/overlay2/08600d0aea2ab2728bebcf5d2589c640a842f53d1ba3c4a4adccb4d03b923cf6/diff:/var/lib/docker/overlay2/9ec7c63a3fb14d13ac788bbf5e282ca821edc41260b79944e5e631037d13ecda/diff:/var/lib/docker/overlay2/db601d7a1b4ea6da638db620462f0da96fa55c559d02269c9ddb09027936ed87/diff:/var/lib/docker/overlay2/a6d2bd03f942e2565f21e74cfe152c7ec836a1c2b583f0790c685b92bdcfda24/diff:/var/lib/docker/overlay2/9badd16ea2c5e2bf1fde8b579683e41137dfc46ed5449234149f199a6751cc84/diff:/var/lib/docker/overlay2/6efb85646ed12e2d1181ef4cc6f6f6732c00c15a4035fe17ebc4f075ca573c30/diff:/var/lib/docker/overlay2/895d7c0ec09144d6ed33936f4e98e11c18010f7abd708cae1ce43aec7a7f2621/diff:/var/lib/docker/overlay2/1c4ba77aa573ab6e5e5069fd15eae71b3da940bde0f97a922a227ffc8a1d1096/diff","MergedDir":"/var/lib/docker/overlay2/830e690ec83ecff869b59e4f673c0c63b2bc5c068e9f710933e6f61763699fd2/merged","UpperDir":"/var/lib/docker/overlay2/830e690ec83ecff869b59e4f673c0c63b2bc5c068e9f710933e6f61763699fd2/diff","WorkDir":"/var/lib/docker/overlay2/830e690ec83ecff869b59e4f673c0c63b2bc5c068e9f710933e6f61763699fd2/work"},"Name":"overlay2"},"Mounts":[{"Type":"volume","Name":"25868b8cea8ad6eba7f00a6fe83e8848def5cff8aab5c5943024031400fa063d","Source":"/var/lib/docker/volumes/25868b8cea8ad6eba7f00a6fe83e8848def5cff8aab5c5943024031400fa063d/_data","Destination":"/var/lib/mysql","Driver":"local","Mode":"","RW":true,"Propagation":""}],"Config":{"Hostname":"cd5ecdf38df0","Domainname":"","User":"","AttachStdin":false,"AttachStdout":false,"AttachStderr":false,"ExposedPorts":{"3306/tcp":{},"33060/tcp":{}},"Tty":false,"OpenStdin":false,"StdinOnce":false,"Env":["MYSQL_DATABASE=adm_videos","MYSQL_PASSWORD=123456","MYSQL_ROOT_PASSWORD=123456","PATH=/usr/local/sbin:/usr/local/bin:/usr/sbin:/usr/bin:/sbin:/bin","GOSU_VERSION=1.16","MYSQL_MAJOR=8.0","MYSQL_VERSION=8.0.32-1.el8","MYSQL_SHELL_VERSION=8.0.32-1.el8"],"Cmd":["mysqld"],"Image":"mysql:latest","Volumes":{"/var/lib/mysql":{}},"WorkingDir":"","Entrypoint":["docker-entrypoint.sh"],"OnBuild":null,"Labels":{"org.testcontainers":"true","org.testcontainers.lang":"java","org.testcontainers.sessionId":"71b9672a-6f61-4546-a7b6-d603100b2e56","org.testcontainers.version":"1.17.6"}},"NetworkSettings":{"Bridge":"","SandboxID":"56762d63452c709eadac6b5c5f4b6cdd30da833580c632f91fd658806eaf4ddb","HairpinMode":false,"LinkLocalIPv6Address":"","LinkLocalIPv6PrefixLen":0,"Ports":{"3306/tcp":[{"HostIp":"0.0.0.0","HostPort":"63819"}],"33060/tcp":null},"SandboxKey":"/var/run/docker/netns/56762d63452c","SecondaryIPAddresses":null,"SecondaryIPv6Addresses":null,"EndpointID":"92fc2600684327987bceb8e2716a72ba2420fccd56812c1491af8c03946e105c","Gateway":"172.17.0.1","GlobalIPv6Address":"","GlobalIPv6PrefixLen":0,"IPAddress":"172.17.0.3","IPPrefixLen":16,"IPv6Gateway":"","MacAddress":"02:42:ac:11:00:03","Networks":{"bridge":{"IPAMConfig":null,"Links":null,"Aliases":null,"NetworkID":"308e234c143065751b16b4500cb9f48d5c7fc2116504b3d816a5e51cd4771062","EndpointID":"92fc2600684327987bceb8e2716a72ba2420fccd56812c1491af8c03946e105c","Gateway":"172.17.0.1","IPAddress":"172.17.0.3","IPPrefixLen":16,"IPv6Gateway":"","GlobalIPv6Address":"","GlobalIPv6PrefixLen":0,"MacAddress":"02:42:ac:11:00:03","DriverOpts":null}}}}[\n]"
01:14:51.077 [Test worker] DEBUG com.github.dockerjava.zerodep.shaded.org.apache.hc.client5.http.wire - http-outgoing-2 << "[\r][\n]"
01:14:51.077 [Test worker] DEBUG com.github.dockerjava.zerodep.shaded.org.apache.hc.client5.http.wire - http-outgoing-2 << "0[\r][\n]"
01:14:51.077 [Test worker] DEBUG com.github.dockerjava.zerodep.shaded.org.apache.hc.client5.http.wire - http-outgoing-2 << "[\r][\n]"
01:14:51.077 [Test worker] DEBUG com.github.dockerjava.zerodep.shaded.org.apache.hc.client5.http.impl.classic.InternalHttpClient - ep-0000004C: releasing valid endpoint
01:14:51.077 [Test worker] DEBUG com.github.dockerjava.zerodep.shaded.org.apache.hc.client5.http.impl.io.PoolingHttpClientConnectionManager - ep-0000004C: releasing endpoint
01:14:51.077 [Test worker] DEBUG com.github.dockerjava.zerodep.shaded.org.apache.hc.client5.http.impl.io.PoolingHttpClientConnectionManager - ep-0000004C: connection http-outgoing-2 can be kept alive for 3 MINUTES
01:14:51.077 [Test worker] DEBUG com.github.dockerjava.zerodep.shaded.org.apache.hc.client5.http.impl.io.PoolingHttpClientConnectionManager - ep-0000004C: connection released [route: {}->unix://localhost:2375][total available: 1; route allocated: 1 of 2147483647; total allocated: 1 of 2147483647]
01:14:51.078 [Test worker] DEBUG ]]>&#x1f433;<![CDATA[ [mysql:latest] - Trying to create JDBC connection using com.mysql.cj.jdbc.Driver to jdbc:mysql://localhost:63819/adm_videos?useSSL=false&allowPublicKeyRetrieval=true with properties: {password=123456, user=root}
01:14:51.182 [Test worker] DEBUG org.testcontainers.shaded.com.github.dockerjava.core.command.AbstrDockerCmd - Cmd: cd5ecdf38df06b4092e6cf67100cd20ad9c3cb4b6e9303874a7bd89885b140c9,false
01:14:51.182 [Test worker] DEBUG org.testcontainers.shaded.com.github.dockerjava.core.exec.InspectContainerCmdExec - GET: DefaultWebTarget{path=[/containers/cd5ecdf38df06b4092e6cf67100cd20ad9c3cb4b6e9303874a7bd89885b140c9/json], queryParams={}}
01:14:51.182 [Test worker] DEBUG com.github.dockerjava.zerodep.shaded.org.apache.hc.client5.http.impl.classic.InternalHttpClient - ex-0000004E: preparing request execution
01:14:51.183 [Test worker] DEBUG com.github.dockerjava.zerodep.shaded.org.apache.hc.client5.http.protocol.RequestAddCookies - Cookie spec selected: strict
01:14:51.183 [Test worker] DEBUG com.github.dockerjava.zerodep.shaded.org.apache.hc.client5.http.protocol.RequestAuthCache - Auth cache not set in the context
01:14:51.183 [Test worker] DEBUG com.github.dockerjava.zerodep.shaded.org.apache.hc.client5.http.impl.classic.ProtocolExec - ex-0000004E: target auth state: UNCHALLENGED
01:14:51.183 [Test worker] DEBUG com.github.dockerjava.zerodep.shaded.org.apache.hc.client5.http.impl.classic.ProtocolExec - ex-0000004E: proxy auth state: UNCHALLENGED
01:14:51.183 [Test worker] DEBUG com.github.dockerjava.zerodep.shaded.org.apache.hc.client5.http.impl.classic.ConnectExec - ex-0000004E: acquiring connection with route {}->unix://localhost:2375
01:14:51.183 [Test worker] DEBUG com.github.dockerjava.zerodep.shaded.org.apache.hc.client5.http.impl.classic.InternalHttpClient - ex-0000004E: acquiring endpoint (3 MINUTES)
01:14:51.183 [Test worker] DEBUG com.github.dockerjava.zerodep.shaded.org.apache.hc.client5.http.impl.io.PoolingHttpClientConnectionManager - ex-0000004E: endpoint lease request (3 MINUTES) [route: {}->unix://localhost:2375][total available: 1; route allocated: 1 of 2147483647; total allocated: 1 of 2147483647]
01:14:51.183 [Test worker] DEBUG com.github.dockerjava.zerodep.shaded.org.apache.hc.client5.http.impl.io.PoolingHttpClientConnectionManager - ex-0000004E: endpoint leased [route: {}->unix://localhost:2375][total available: 0; route allocated: 1 of 2147483647; total allocated: 1 of 2147483647]
01:14:51.183 [Test worker] DEBUG com.github.dockerjava.zerodep.shaded.org.apache.hc.client5.http.impl.io.PoolingHttpClientConnectionManager - ex-0000004E: acquired ep-0000004D
01:14:51.183 [Test worker] DEBUG com.github.dockerjava.zerodep.shaded.org.apache.hc.client5.http.impl.classic.InternalHttpClient - ex-0000004E: acquired endpoint ep-0000004D
01:14:51.183 [Test worker] DEBUG com.github.dockerjava.zerodep.shaded.org.apache.hc.client5.http.impl.classic.MainClientExec - ex-0000004E: executing GET /v1.32/containers/cd5ecdf38df06b4092e6cf67100cd20ad9c3cb4b6e9303874a7bd89885b140c9/json HTTP/1.1
01:14:51.183 [Test worker] DEBUG com.github.dockerjava.zerodep.shaded.org.apache.hc.client5.http.impl.classic.InternalHttpClient - ep-0000004D: start execution ex-0000004E
01:14:51.183 [Test worker] DEBUG com.github.dockerjava.zerodep.shaded.org.apache.hc.client5.http.impl.io.PoolingHttpClientConnectionManager - ep-0000004D: executing exchange ex-0000004E over http-outgoing-2
01:14:51.183 [Test worker] DEBUG com.github.dockerjava.zerodep.shaded.org.apache.hc.client5.http.headers - http-outgoing-2 >> GET /v1.32/containers/cd5ecdf38df06b4092e6cf67100cd20ad9c3cb4b6e9303874a7bd89885b140c9/json HTTP/1.1
01:14:51.183 [Test worker] DEBUG com.github.dockerjava.zerodep.shaded.org.apache.hc.client5.http.headers - http-outgoing-2 >> accept: application/json
01:14:51.183 [Test worker] DEBUG com.github.dockerjava.zerodep.shaded.org.apache.hc.client5.http.headers - http-outgoing-2 >> x-tc-sid: 71b9672a-6f61-4546-a7b6-d603100b2e56
01:14:51.183 [Test worker] DEBUG com.github.dockerjava.zerodep.shaded.org.apache.hc.client5.http.headers - http-outgoing-2 >> Accept-Encoding: gzip, x-gzip, deflate
01:14:51.183 [Test worker] DEBUG com.github.dockerjava.zerodep.shaded.org.apache.hc.client5.http.headers - http-outgoing-2 >> Host: localhost:2375
01:14:51.183 [Test worker] DEBUG com.github.dockerjava.zerodep.shaded.org.apache.hc.client5.http.headers - http-outgoing-2 >> Connection: keep-alive
01:14:51.183 [Test worker] DEBUG com.github.dockerjava.zerodep.shaded.org.apache.hc.client5.http.headers - http-outgoing-2 >> User-Agent: Apache-HttpClient/5.0.3 (Java/17.0.2)
01:14:51.183 [Test worker] DEBUG com.github.dockerjava.zerodep.shaded.org.apache.hc.client5.http.wire - http-outgoing-2 >> "GET /v1.32/containers/cd5ecdf38df06b4092e6cf67100cd20ad9c3cb4b6e9303874a7bd89885b140c9/json HTTP/1.1[\r][\n]"
01:14:51.183 [Test worker] DEBUG com.github.dockerjava.zerodep.shaded.org.apache.hc.client5.http.wire - http-outgoing-2 >> "accept: application/json[\r][\n]"
01:14:51.183 [Test worker] DEBUG com.github.dockerjava.zerodep.shaded.org.apache.hc.client5.http.wire - http-outgoing-2 >> "x-tc-sid: 71b9672a-6f61-4546-a7b6-d603100b2e56[\r][\n]"
01:14:51.183 [Test worker] DEBUG com.github.dockerjava.zerodep.shaded.org.apache.hc.client5.http.wire - http-outgoing-2 >> "Accept-Encoding: gzip, x-gzip, deflate[\r][\n]"
01:14:51.183 [Test worker] DEBUG com.github.dockerjava.zerodep.shaded.org.apache.hc.client5.http.wire - http-outgoing-2 >> "Host: localhost:2375[\r][\n]"
01:14:51.183 [Test worker] DEBUG com.github.dockerjava.zerodep.shaded.org.apache.hc.client5.http.wire - http-outgoing-2 >> "Connection: keep-alive[\r][\n]"
01:14:51.183 [Test worker] DEBUG com.github.dockerjava.zerodep.shaded.org.apache.hc.client5.http.wire - http-outgoing-2 >> "User-Agent: Apache-HttpClient/5.0.3 (Java/17.0.2)[\r][\n]"
01:14:51.183 [Test worker] DEBUG com.github.dockerjava.zerodep.shaded.org.apache.hc.client5.http.wire - http-outgoing-2 >> "[\r][\n]"
01:14:51.185 [Test worker] DEBUG com.github.dockerjava.zerodep.shaded.org.apache.hc.client5.http.wire - http-outgoing-2 << "HTTP/1.1 200 OK[\r][\n]"
01:14:51.185 [Test worker] DEBUG com.github.dockerjava.zerodep.shaded.org.apache.hc.client5.http.wire - http-outgoing-2 << "Api-Version: 1.41[\r][\n]"
01:14:51.185 [Test worker] DEBUG com.github.dockerjava.zerodep.shaded.org.apache.hc.client5.http.wire - http-outgoing-2 << "Content-Type: application/json[\r][\n]"
01:14:51.185 [Test worker] DEBUG com.github.dockerjava.zerodep.shaded.org.apache.hc.client5.http.wire - http-outgoing-2 << "Date: Tue, 28 Mar 2023 04:14:51 GMT[\r][\n]"
01:14:51.185 [Test worker] DEBUG com.github.dockerjava.zerodep.shaded.org.apache.hc.client5.http.wire - http-outgoing-2 << "Docker-Experimental: false[\r][\n]"
01:14:51.185 [Test worker] DEBUG com.github.dockerjava.zerodep.shaded.org.apache.hc.client5.http.wire - http-outgoing-2 << "Ostype: linux[\r][\n]"
01:14:51.185 [Test worker] DEBUG com.github.dockerjava.zerodep.shaded.org.apache.hc.client5.http.wire - http-outgoing-2 << "Server: Docker/20.10.21 (linux)[\r][\n]"
01:14:51.185 [Test worker] DEBUG com.github.dockerjava.zerodep.shaded.org.apache.hc.client5.http.wire - http-outgoing-2 << "Transfer-Encoding: chunked[\r][\n]"
01:14:51.185 [Test worker] DEBUG com.github.dockerjava.zerodep.shaded.org.apache.hc.client5.http.wire - http-outgoing-2 << "[\r][\n]"
01:14:51.185 [Test worker] DEBUG com.github.dockerjava.zerodep.shaded.org.apache.hc.client5.http.headers - http-outgoing-2 << HTTP/1.1 200 OK
01:14:51.185 [Test worker] DEBUG com.github.dockerjava.zerodep.shaded.org.apache.hc.client5.http.headers - http-outgoing-2 << Api-Version: 1.41
01:14:51.185 [Test worker] DEBUG com.github.dockerjava.zerodep.shaded.org.apache.hc.client5.http.headers - http-outgoing-2 << Content-Type: application/json
01:14:51.185 [Test worker] DEBUG com.github.dockerjava.zerodep.shaded.org.apache.hc.client5.http.headers - http-outgoing-2 << Date: Tue, 28 Mar 2023 04:14:51 GMT
01:14:51.185 [Test worker] DEBUG com.github.dockerjava.zerodep.shaded.org.apache.hc.client5.http.headers - http-outgoing-2 << Docker-Experimental: false
01:14:51.185 [Test worker] DEBUG com.github.dockerjava.zerodep.shaded.org.apache.hc.client5.http.headers - http-outgoing-2 << Ostype: linux
01:14:51.185 [Test worker] DEBUG com.github.dockerjava.zerodep.shaded.org.apache.hc.client5.http.headers - http-outgoing-2 << Server: Docker/20.10.21 (linux)
01:14:51.185 [Test worker] DEBUG com.github.dockerjava.zerodep.shaded.org.apache.hc.client5.http.headers - http-outgoing-2 << Transfer-Encoding: chunked
01:14:51.185 [Test worker] DEBUG com.github.dockerjava.zerodep.shaded.org.apache.hc.client5.http.impl.classic.MainClientExec - ex-0000004E: connection can be kept alive for 3 MINUTES
01:14:51.186 [Test worker] DEBUG com.github.dockerjava.zerodep.shaded.org.apache.hc.client5.http.wire - http-outgoing-2 << "18c1[\r][\n]"
01:14:51.186 [Test worker] DEBUG com.github.dockerjava.zerodep.shaded.org.apache.hc.client5.http.wire - http-outgoing-2 << "{"Id":"cd5ecdf38df06b4092e6cf67100cd20ad9c3cb4b6e9303874a7bd89885b140c9","Created":"2023-03-28T04:14:43.179040379Z","Path":"docker-entrypoint.sh","Args":["mysqld"],"State":{"Status":"running","Running":true,"Paused":false,"Restarting":false,"OOMKilled":false,"Dead":false,"Pid":20152,"ExitCode":0,"Error":"","StartedAt":"2023-03-28T04:14:43.680338005Z","FinishedAt":"0001-01-01T00:00:00Z"},"Image":"sha256:c7c54c29e20dccc1aefb936c8eba8bb8b98b87a4921102aba87fde2df5810af9","ResolvConfPath":"/var/lib/docker/containers/cd5ecdf38df06b4092e6cf67100cd20ad9c3cb4b6e9303874a7bd89885b140c9/resolv.conf","HostnamePath":"/var/lib/docker/containers/cd5ecdf38df06b4092e6cf67100cd20ad9c3cb4b6e9303874a7bd89885b140c9/hostname","HostsPath":"/var/lib/docker/containers/cd5ecdf38df06b4092e6cf67100cd20ad9c3cb4b6e9303874a7bd89885b140c9/hosts","LogPath":"/var/lib/docker/containers/cd5ecdf38df06b4092e6cf67100cd20ad9c3cb4b6e9303874a7bd89885b140c9/cd5ecdf38df06b4092e6cf67100cd20ad9c3cb4b6e9303874a7bd89885b140c9-json.log","Name":"/keen_matsumoto","RestartCount":0,"Driver":"overlay2","Platform":"linux","MountLabel":"","ProcessLabel":"","AppArmorProfile":"","ExecIDs":null,"HostConfig":{"Binds":[],"ContainerIDFile":"","LogConfig":{"Type":"json-file","Config":{}},"NetworkMode":"default","PortBindings":{"3306/tcp":[{"HostIp":"0.0.0.0","HostPort":"0"}]},"RestartPolicy":{"Name":"","MaximumRetryCount":0},"AutoRemove":false,"VolumeDriver":"","VolumesFrom":[],"CapAdd":null,"CapDrop":null,"CgroupnsMode":"private","Dns":null,"DnsOptions":null,"DnsSearch":null,"ExtraHosts":[],"GroupAdd":null,"IpcMode":"shareable","Cgroup":"","Links":null,"OomScoreAdj":0,"PidMode":"","Privileged":false,"PublishAllPorts":false,"ReadonlyRootfs":false,"SecurityOpt":null,"UTSMode":"","UsernsMode":"","ShmSize":67108864,"Runtime":"runc","ConsoleSize":[0,0],"Isolation":"","CpuShares":0,"Memory":0,"NanoCpus":0,"CgroupParent":"","BlkioWeight":0,"BlkioWeightDevice":null,"BlkioDeviceReadBps":null,"BlkioDeviceWriteBps":null,"BlkioDeviceReadIOps":null,"BlkioDeviceWriteIOps":null,"CpuPeriod":0,"CpuQuota":0,"CpuRealtimePeriod":0,"CpuRealtimeRuntime":0,"CpusetCpus":"","CpusetMems":"","Devices":null,"DeviceCgroupRules":null,"DeviceRequests":null,"KernelMemory":0,"KernelMemoryTCP":0,"MemoryReservation":0,"MemorySwap":0,"MemorySwappiness":null,"OomKillDisable":null,"PidsLimit":null,"Ulimits":null,"CpuCount":0,"CpuPercent":0,"IOMaximumIOps":0,"IOMaximumBandwidth":0,"MaskedPaths":["/proc/asound","/proc/acpi","/proc/kcore","/proc/keys","/proc/latency_stats","/proc/timer_list","/proc/timer_stats","/proc/sched_debug","/proc/scsi","/sys/firmware"],"ReadonlyPaths":["/proc/bus","/proc/fs","/proc/irq","/proc/sys","/proc/sysrq-trigger"]},"GraphDriver":{"Data":{"LowerDir":"/var/lib/docker/overlay2/830e690ec83ecff869b59e4f673c0c63b2bc5c068e9f710933e6f61763699fd2-init/diff:/var/lib/docker/overlay2/1bd8849d7a296305617011f940aa5cfabbe972a513397b1b6bbc27639b6c1f30/diff:/var/lib/docker/overlay2/199d69b2fbf78af4d4c95dec4fd2f8835ab0347eb49fb20ebb2ff3b99fedd6ad/diff:/var/lib/docker/overlay2/d83c38d654989311f75b9491329846033bfb7714de76ef635380dcfad5c740d9/diff:/var/lib/docker/overlay2/08600d0aea2ab2728bebcf5d2589c640a842f53d1ba3c4a4adccb4d03b923cf6/diff:/var/lib/docker/overlay2/9ec7c63a3fb14d13ac788bbf5e282ca821edc41260b79944e5e631037d13ecda/diff:/var/lib/docker/overlay2/db601d7a1b4ea6da638db620462f0da96fa55c559d02269c9ddb09027936ed87/diff:/var/lib/docker/overlay2/a6d2bd03f942e2565f21e74cfe152c7ec836a1c2b583f0790c685b92bdcfda24/diff:/var/lib/docker/overlay2/9badd16ea2c5e2bf1fde8b579683e41137dfc46ed5449234149f199a6751cc84/diff:/var/lib/docker/overlay2/6efb85646ed12e2d1181ef4cc6f6f6732c00c15a4035fe17ebc4f075ca573c30/diff:/var/lib/docker/overlay2/895d7c0ec09144d6ed33936f4e98e11c18010f7abd708cae1ce43aec7a7f2621/diff:/var/lib/docker/overlay2/1c4ba77aa573ab6e5e5069fd15eae71b3da940bde0f97a922a227ffc8a1d1096/diff","MergedDir":"/var/lib/docker/overlay2/830e690ec83ecff869b59e4f673c0c63b2bc5c068e9f710933e6f61763699fd2/merged","UpperDir":"/var/lib/docker/overlay2/830e690ec83ecff869b59e4f673c0c63b2bc5c068e9f710933e6f61763699fd2/diff","WorkDir":"/var/lib/docker/overlay2/830e690ec83ecff869b59e4f673c0c63b2bc5c068e9f710933e6f61763699fd2/work"},"Name":"overlay2"},"Mounts":[{"Type":"volume","Name":"25868b8cea8ad6eba7f00a6fe83e8848def5cff8aab5c5943024031400fa063d","Source":"/var/lib/docker/volumes/25868b8cea8ad6eba7f00a6fe83e8848def5cff8aab5c5943024031400fa063d/_data","Destination":"/var/lib/mysql","Driver":"local","Mode":"","RW":true,"Propagation":""}],"Config":{"Hostname":"cd5ecdf38df0","Domainname":"","User":"","AttachStdin":false,"AttachStdout":false,"AttachStderr":false,"ExposedPorts":{"3306/tcp":{},"33060/tcp":{}},"Tty":false,"OpenStdin":false,"StdinOnce":false,"Env":["MYSQL_DATABASE=adm_videos","MYSQL_PASSWORD=123456","MYSQL_ROOT_PASSWORD=123456","PATH=/usr/local/sbin:/usr/local/bin:/usr/sbin:/usr/bin:/sbin:/bin","GOSU_VERSION=1.16","MYSQL_MAJOR=8.0","MYSQL_VERSION=8.0.32-1.el8","MYSQL_SHELL_VERSION=8.0.32-1.el8"],"Cmd":["mysqld"],"Image":"mysql:latest","Volumes":{"/var/lib/mysql":{}},"WorkingDir":"","Entrypoint":["docker-entrypoint.sh"],"OnBuild":null,"Labels":{"org.testcontainers":"true","org.testcontainers.lang":"java","org.testcontainers.sessionId":"71b9672a-6f61-4546-a7b6-d603100b2e56","org.testcontainers.version":"1.17.6"}},"NetworkSettings":{"Bridge":"","SandboxID":"56762d63452c709eadac6b5c5f4b6cdd30da833580c632f91fd658806eaf4ddb","HairpinMode":false,"LinkLocalIPv6Address":"","LinkLocalIPv6PrefixLen":0,"Ports":{"3306/tcp":[{"HostIp":"0.0.0.0","HostPort":"63819"}],"33060/tcp":null},"SandboxKey":"/var/run/docker/netns/56762d63452c","SecondaryIPAddresses":null,"SecondaryIPv6Addresses":null,"EndpointID":"92fc2600684327987bceb8e2716a72ba2420fccd56812c1491af8c03946e105c","Gateway":"172.17.0.1","GlobalIPv6Address":"","GlobalIPv6PrefixLen":0,"IPAddress":"172.17.0.3","IPPrefixLen":16,"IPv6Gateway":"","MacAddress":"02:42:ac:11:00:03","Networks":{"bridge":{"IPAMConfig":null,"Links":null,"Aliases":null,"NetworkID":"308e234c143065751b16b4500cb9f48d5c7fc2116504b3d816a5e51cd4771062","EndpointID":"92fc2600684327987bceb8e2716a72ba2420fccd56812c1491af8c03946e105c","Gateway":"172.17.0.1","IPAddress":"172.17.0.3","IPPrefixLen":16,"IPv6Gateway":"","GlobalIPv6Address":"","GlobalIPv6PrefixLen":0,"MacAddress":"02:42:ac:11:00:03","DriverOpts":null}}}}[\n]"
01:14:51.186 [Test worker] DEBUG com.github.dockerjava.zerodep.shaded.org.apache.hc.client5.http.wire - http-outgoing-2 << "[\r][\n]"
01:14:51.187 [Test worker] DEBUG com.github.dockerjava.zerodep.shaded.org.apache.hc.client5.http.wire - http-outgoing-2 << "0[\r][\n]"
01:14:51.187 [Test worker] DEBUG com.github.dockerjava.zerodep.shaded.org.apache.hc.client5.http.wire - http-outgoing-2 << "[\r][\n]"
01:14:51.187 [Test worker] DEBUG com.github.dockerjava.zerodep.shaded.org.apache.hc.client5.http.impl.classic.InternalHttpClient - ep-0000004D: releasing valid endpoint
01:14:51.187 [Test worker] DEBUG com.github.dockerjava.zerodep.shaded.org.apache.hc.client5.http.impl.io.PoolingHttpClientConnectionManager - ep-0000004D: releasing endpoint
01:14:51.187 [Test worker] DEBUG com.github.dockerjava.zerodep.shaded.org.apache.hc.client5.http.impl.io.PoolingHttpClientConnectionManager - ep-0000004D: connection http-outgoing-2 can be kept alive for 3 MINUTES
01:14:51.187 [Test worker] DEBUG com.github.dockerjava.zerodep.shaded.org.apache.hc.client5.http.impl.io.PoolingHttpClientConnectionManager - ep-0000004D: connection released [route: {}->unix://localhost:2375][total available: 1; route allocated: 1 of 2147483647; total allocated: 1 of 2147483647]
01:14:51.187 [Test worker] DEBUG ]]>&#x1f433;<![CDATA[ [mysql:latest] - Trying to create JDBC connection using com.mysql.cj.jdbc.Driver to jdbc:mysql://localhost:63819/adm_videos?useSSL=false&allowPublicKeyRetrieval=true with properties: {password=123456, user=root}
01:14:51.289 [Test worker] DEBUG org.testcontainers.shaded.com.github.dockerjava.core.command.AbstrDockerCmd - Cmd: cd5ecdf38df06b4092e6cf67100cd20ad9c3cb4b6e9303874a7bd89885b140c9,false
01:14:51.290 [Test worker] DEBUG org.testcontainers.shaded.com.github.dockerjava.core.exec.InspectContainerCmdExec - GET: DefaultWebTarget{path=[/containers/cd5ecdf38df06b4092e6cf67100cd20ad9c3cb4b6e9303874a7bd89885b140c9/json], queryParams={}}
01:14:51.290 [Test worker] DEBUG com.github.dockerjava.zerodep.shaded.org.apache.hc.client5.http.impl.classic.InternalHttpClient - ex-0000004F: preparing request execution
01:14:51.290 [Test worker] DEBUG com.github.dockerjava.zerodep.shaded.org.apache.hc.client5.http.protocol.RequestAddCookies - Cookie spec selected: strict
01:14:51.290 [Test worker] DEBUG com.github.dockerjava.zerodep.shaded.org.apache.hc.client5.http.protocol.RequestAuthCache - Auth cache not set in the context
01:14:51.290 [Test worker] DEBUG com.github.dockerjava.zerodep.shaded.org.apache.hc.client5.http.impl.classic.ProtocolExec - ex-0000004F: target auth state: UNCHALLENGED
01:14:51.290 [Test worker] DEBUG com.github.dockerjava.zerodep.shaded.org.apache.hc.client5.http.impl.classic.ProtocolExec - ex-0000004F: proxy auth state: UNCHALLENGED
01:14:51.290 [Test worker] DEBUG com.github.dockerjava.zerodep.shaded.org.apache.hc.client5.http.impl.classic.ConnectExec - ex-0000004F: acquiring connection with route {}->unix://localhost:2375
01:14:51.290 [Test worker] DEBUG com.github.dockerjava.zerodep.shaded.org.apache.hc.client5.http.impl.classic.InternalHttpClient - ex-0000004F: acquiring endpoint (3 MINUTES)
01:14:51.290 [Test worker] DEBUG com.github.dockerjava.zerodep.shaded.org.apache.hc.client5.http.impl.io.PoolingHttpClientConnectionManager - ex-0000004F: endpoint lease request (3 MINUTES) [route: {}->unix://localhost:2375][total available: 1; route allocated: 1 of 2147483647; total allocated: 1 of 2147483647]
01:14:51.290 [Test worker] DEBUG com.github.dockerjava.zerodep.shaded.org.apache.hc.client5.http.impl.io.PoolingHttpClientConnectionManager - ex-0000004F: endpoint leased [route: {}->unix://localhost:2375][total available: 0; route allocated: 1 of 2147483647; total allocated: 1 of 2147483647]
01:14:51.290 [Test worker] DEBUG com.github.dockerjava.zerodep.shaded.org.apache.hc.client5.http.impl.io.PoolingHttpClientConnectionManager - ex-0000004F: acquired ep-0000004E
01:14:51.291 [Test worker] DEBUG com.github.dockerjava.zerodep.shaded.org.apache.hc.client5.http.impl.classic.InternalHttpClient - ex-0000004F: acquired endpoint ep-0000004E
01:14:51.291 [Test worker] DEBUG com.github.dockerjava.zerodep.shaded.org.apache.hc.client5.http.impl.classic.MainClientExec - ex-0000004F: executing GET /v1.32/containers/cd5ecdf38df06b4092e6cf67100cd20ad9c3cb4b6e9303874a7bd89885b140c9/json HTTP/1.1
01:14:51.291 [Test worker] DEBUG com.github.dockerjava.zerodep.shaded.org.apache.hc.client5.http.impl.classic.InternalHttpClient - ep-0000004E: start execution ex-0000004F
01:14:51.291 [Test worker] DEBUG com.github.dockerjava.zerodep.shaded.org.apache.hc.client5.http.impl.io.PoolingHttpClientConnectionManager - ep-0000004E: executing exchange ex-0000004F over http-outgoing-2
01:14:51.291 [Test worker] DEBUG com.github.dockerjava.zerodep.shaded.org.apache.hc.client5.http.headers - http-outgoing-2 >> GET /v1.32/containers/cd5ecdf38df06b4092e6cf67100cd20ad9c3cb4b6e9303874a7bd89885b140c9/json HTTP/1.1
01:14:51.291 [Test worker] DEBUG com.github.dockerjava.zerodep.shaded.org.apache.hc.client5.http.headers - http-outgoing-2 >> accept: application/json
01:14:51.291 [Test worker] DEBUG com.github.dockerjava.zerodep.shaded.org.apache.hc.client5.http.headers - http-outgoing-2 >> x-tc-sid: 71b9672a-6f61-4546-a7b6-d603100b2e56
01:14:51.291 [Test worker] DEBUG com.github.dockerjava.zerodep.shaded.org.apache.hc.client5.http.headers - http-outgoing-2 >> Accept-Encoding: gzip, x-gzip, deflate
01:14:51.291 [Test worker] DEBUG com.github.dockerjava.zerodep.shaded.org.apache.hc.client5.http.headers - http-outgoing-2 >> Host: localhost:2375
01:14:51.291 [Test worker] DEBUG com.github.dockerjava.zerodep.shaded.org.apache.hc.client5.http.headers - http-outgoing-2 >> Connection: keep-alive
01:14:51.291 [Test worker] DEBUG com.github.dockerjava.zerodep.shaded.org.apache.hc.client5.http.headers - http-outgoing-2 >> User-Agent: Apache-HttpClient/5.0.3 (Java/17.0.2)
01:14:51.291 [Test worker] DEBUG com.github.dockerjava.zerodep.shaded.org.apache.hc.client5.http.wire - http-outgoing-2 >> "GET /v1.32/containers/cd5ecdf38df06b4092e6cf67100cd20ad9c3cb4b6e9303874a7bd89885b140c9/json HTTP/1.1[\r][\n]"
01:14:51.291 [Test worker] DEBUG com.github.dockerjava.zerodep.shaded.org.apache.hc.client5.http.wire - http-outgoing-2 >> "accept: application/json[\r][\n]"
01:14:51.291 [Test worker] DEBUG com.github.dockerjava.zerodep.shaded.org.apache.hc.client5.http.wire - http-outgoing-2 >> "x-tc-sid: 71b9672a-6f61-4546-a7b6-d603100b2e56[\r][\n]"
01:14:51.291 [Test worker] DEBUG com.github.dockerjava.zerodep.shaded.org.apache.hc.client5.http.wire - http-outgoing-2 >> "Accept-Encoding: gzip, x-gzip, deflate[\r][\n]"
01:14:51.291 [Test worker] DEBUG com.github.dockerjava.zerodep.shaded.org.apache.hc.client5.http.wire - http-outgoing-2 >> "Host: localhost:2375[\r][\n]"
01:14:51.291 [Test worker] DEBUG com.github.dockerjava.zerodep.shaded.org.apache.hc.client5.http.wire - http-outgoing-2 >> "Connection: keep-alive[\r][\n]"
01:14:51.291 [Test worker] DEBUG com.github.dockerjava.zerodep.shaded.org.apache.hc.client5.http.wire - http-outgoing-2 >> "User-Agent: Apache-HttpClient/5.0.3 (Java/17.0.2)[\r][\n]"
01:14:51.291 [Test worker] DEBUG com.github.dockerjava.zerodep.shaded.org.apache.hc.client5.http.wire - http-outgoing-2 >> "[\r][\n]"
01:14:51.293 [Test worker] DEBUG com.github.dockerjava.zerodep.shaded.org.apache.hc.client5.http.wire - http-outgoing-2 << "HTTP/1.1 200 OK[\r][\n]"
01:14:51.293 [Test worker] DEBUG com.github.dockerjava.zerodep.shaded.org.apache.hc.client5.http.wire - http-outgoing-2 << "Api-Version: 1.41[\r][\n]"
01:14:51.293 [Test worker] DEBUG com.github.dockerjava.zerodep.shaded.org.apache.hc.client5.http.wire - http-outgoing-2 << "Content-Type: application/json[\r][\n]"
01:14:51.293 [Test worker] DEBUG com.github.dockerjava.zerodep.shaded.org.apache.hc.client5.http.wire - http-outgoing-2 << "Date: Tue, 28 Mar 2023 04:14:51 GMT[\r][\n]"
01:14:51.293 [Test worker] DEBUG com.github.dockerjava.zerodep.shaded.org.apache.hc.client5.http.wire - http-outgoing-2 << "Docker-Experimental: false[\r][\n]"
01:14:51.293 [Test worker] DEBUG com.github.dockerjava.zerodep.shaded.org.apache.hc.client5.http.wire - http-outgoing-2 << "Ostype: linux[\r][\n]"
01:14:51.293 [Test worker] DEBUG com.github.dockerjava.zerodep.shaded.org.apache.hc.client5.http.wire - http-outgoing-2 << "Server: Docker/20.10.21 (linux)[\r][\n]"
01:14:51.293 [Test worker] DEBUG com.github.dockerjava.zerodep.shaded.org.apache.hc.client5.http.wire - http-outgoing-2 << "Transfer-Encoding: chunked[\r][\n]"
01:14:51.293 [Test worker] DEBUG com.github.dockerjava.zerodep.shaded.org.apache.hc.client5.http.wire - http-outgoing-2 << "[\r][\n]"
01:14:51.293 [Test worker] DEBUG com.github.dockerjava.zerodep.shaded.org.apache.hc.client5.http.headers - http-outgoing-2 << HTTP/1.1 200 OK
01:14:51.293 [Test worker] DEBUG com.github.dockerjava.zerodep.shaded.org.apache.hc.client5.http.headers - http-outgoing-2 << Api-Version: 1.41
01:14:51.293 [Test worker] DEBUG com.github.dockerjava.zerodep.shaded.org.apache.hc.client5.http.headers - http-outgoing-2 << Content-Type: application/json
01:14:51.293 [Test worker] DEBUG com.github.dockerjava.zerodep.shaded.org.apache.hc.client5.http.headers - http-outgoing-2 << Date: Tue, 28 Mar 2023 04:14:51 GMT
01:14:51.293 [Test worker] DEBUG com.github.dockerjava.zerodep.shaded.org.apache.hc.client5.http.headers - http-outgoing-2 << Docker-Experimental: false
01:14:51.293 [Test worker] DEBUG com.github.dockerjava.zerodep.shaded.org.apache.hc.client5.http.headers - http-outgoing-2 << Ostype: linux
01:14:51.293 [Test worker] DEBUG com.github.dockerjava.zerodep.shaded.org.apache.hc.client5.http.headers - http-outgoing-2 << Server: Docker/20.10.21 (linux)
01:14:51.293 [Test worker] DEBUG com.github.dockerjava.zerodep.shaded.org.apache.hc.client5.http.headers - http-outgoing-2 << Transfer-Encoding: chunked
01:14:51.293 [Test worker] DEBUG com.github.dockerjava.zerodep.shaded.org.apache.hc.client5.http.impl.classic.MainClientExec - ex-0000004F: connection can be kept alive for 3 MINUTES
01:14:51.294 [Test worker] DEBUG com.github.dockerjava.zerodep.shaded.org.apache.hc.client5.http.wire - http-outgoing-2 << "18c1[\r][\n]"
01:14:51.294 [Test worker] DEBUG com.github.dockerjava.zerodep.shaded.org.apache.hc.client5.http.wire - http-outgoing-2 << "{"Id":"cd5ecdf38df06b4092e6cf67100cd20ad9c3cb4b6e9303874a7bd89885b140c9","Created":"2023-03-28T04:14:43.179040379Z","Path":"docker-entrypoint.sh","Args":["mysqld"],"State":{"Status":"running","Running":true,"Paused":false,"Restarting":false,"OOMKilled":false,"Dead":false,"Pid":20152,"ExitCode":0,"Error":"","StartedAt":"2023-03-28T04:14:43.680338005Z","FinishedAt":"0001-01-01T00:00:00Z"},"Image":"sha256:c7c54c29e20dccc1aefb936c8eba8bb8b98b87a4921102aba87fde2df5810af9","ResolvConfPath":"/var/lib/docker/containers/cd5ecdf38df06b4092e6cf67100cd20ad9c3cb4b6e9303874a7bd89885b140c9/resolv.conf","HostnamePath":"/var/lib/docker/containers/cd5ecdf38df06b4092e6cf67100cd20ad9c3cb4b6e9303874a7bd89885b140c9/hostname","HostsPath":"/var/lib/docker/containers/cd5ecdf38df06b4092e6cf67100cd20ad9c3cb4b6e9303874a7bd89885b140c9/hosts","LogPath":"/var/lib/docker/containers/cd5ecdf38df06b4092e6cf67100cd20ad9c3cb4b6e9303874a7bd89885b140c9/cd5ecdf38df06b4092e6cf67100cd20ad9c3cb4b6e9303874a7bd89885b140c9-json.log","Name":"/keen_matsumoto","RestartCount":0,"Driver":"overlay2","Platform":"linux","MountLabel":"","ProcessLabel":"","AppArmorProfile":"","ExecIDs":null,"HostConfig":{"Binds":[],"ContainerIDFile":"","LogConfig":{"Type":"json-file","Config":{}},"NetworkMode":"default","PortBindings":{"3306/tcp":[{"HostIp":"0.0.0.0","HostPort":"0"}]},"RestartPolicy":{"Name":"","MaximumRetryCount":0},"AutoRemove":false,"VolumeDriver":"","VolumesFrom":[],"CapAdd":null,"CapDrop":null,"CgroupnsMode":"private","Dns":null,"DnsOptions":null,"DnsSearch":null,"ExtraHosts":[],"GroupAdd":null,"IpcMode":"shareable","Cgroup":"","Links":null,"OomScoreAdj":0,"PidMode":"","Privileged":false,"PublishAllPorts":false,"ReadonlyRootfs":false,"SecurityOpt":null,"UTSMode":"","UsernsMode":"","ShmSize":67108864,"Runtime":"runc","ConsoleSize":[0,0],"Isolation":"","CpuShares":0,"Memory":0,"NanoCpus":0,"CgroupParent":"","BlkioWeight":0,"BlkioWeightDevice":null,"BlkioDeviceReadBps":null,"BlkioDeviceWriteBps":null,"BlkioDeviceReadIOps":null,"BlkioDeviceWriteIOps":null,"CpuPeriod":0,"CpuQuota":0,"CpuRealtimePeriod":0,"CpuRealtimeRuntime":0,"CpusetCpus":"","CpusetMems":"","Devices":null,"DeviceCgroupRules":null,"DeviceRequests":null,"KernelMemory":0,"KernelMemoryTCP":0,"MemoryReservation":0,"MemorySwap":0,"MemorySwappiness":null,"OomKillDisable":null,"PidsLimit":null,"Ulimits":null,"CpuCount":0,"CpuPercent":0,"IOMaximumIOps":0,"IOMaximumBandwidth":0,"MaskedPaths":["/proc/asound","/proc/acpi","/proc/kcore","/proc/keys","/proc/latency_stats","/proc/timer_list","/proc/timer_stats","/proc/sched_debug","/proc/scsi","/sys/firmware"],"ReadonlyPaths":["/proc/bus","/proc/fs","/proc/irq","/proc/sys","/proc/sysrq-trigger"]},"GraphDriver":{"Data":{"LowerDir":"/var/lib/docker/overlay2/830e690ec83ecff869b59e4f673c0c63b2bc5c068e9f710933e6f61763699fd2-init/diff:/var/lib/docker/overlay2/1bd8849d7a296305617011f940aa5cfabbe972a513397b1b6bbc27639b6c1f30/diff:/var/lib/docker/overlay2/199d69b2fbf78af4d4c95dec4fd2f8835ab0347eb49fb20ebb2ff3b99fedd6ad/diff:/var/lib/docker/overlay2/d83c38d654989311f75b9491329846033bfb7714de76ef635380dcfad5c740d9/diff:/var/lib/docker/overlay2/08600d0aea2ab2728bebcf5d2589c640a842f53d1ba3c4a4adccb4d03b923cf6/diff:/var/lib/docker/overlay2/9ec7c63a3fb14d13ac788bbf5e282ca821edc41260b79944e5e631037d13ecda/diff:/var/lib/docker/overlay2/db601d7a1b4ea6da638db620462f0da96fa55c559d02269c9ddb09027936ed87/diff:/var/lib/docker/overlay2/a6d2bd03f942e2565f21e74cfe152c7ec836a1c2b583f0790c685b92bdcfda24/diff:/var/lib/docker/overlay2/9badd16ea2c5e2bf1fde8b579683e41137dfc46ed5449234149f199a6751cc84/diff:/var/lib/docker/overlay2/6efb85646ed12e2d1181ef4cc6f6f6732c00c15a4035fe17ebc4f075ca573c30/diff:/var/lib/docker/overlay2/895d7c0ec09144d6ed33936f4e98e11c18010f7abd708cae1ce43aec7a7f2621/diff:/var/lib/docker/overlay2/1c4ba77aa573ab6e5e5069fd15eae71b3da940bde0f97a922a227ffc8a1d1096/diff","MergedDir":"/var/lib/docker/overlay2/830e690ec83ecff869b59e4f673c0c63b2bc5c068e9f710933e6f61763699fd2/merged","UpperDir":"/var/lib/docker/overlay2/830e690ec83ecff869b59e4f673c0c63b2bc5c068e9f710933e6f61763699fd2/diff","WorkDir":"/var/lib/docker/overlay2/830e690ec83ecff869b59e4f673c0c63b2bc5c068e9f710933e6f61763699fd2/work"},"Name":"overlay2"},"Mounts":[{"Type":"volume","Name":"25868b8cea8ad6eba7f00a6fe83e8848def5cff8aab5c5943024031400fa063d","Source":"/var/lib/docker/volumes/25868b8cea8ad6eba7f00a6fe83e8848def5cff8aab5c5943024031400fa063d/_data","Destination":"/var/lib/mysql","Driver":"local","Mode":"","RW":true,"Propagation":""}],"Config":{"Hostname":"cd5ecdf38df0","Domainname":"","User":"","AttachStdin":false,"AttachStdout":false,"AttachStderr":false,"ExposedPorts":{"3306/tcp":{},"33060/tcp":{}},"Tty":false,"OpenStdin":false,"StdinOnce":false,"Env":["MYSQL_DATABASE=adm_videos","MYSQL_PASSWORD=123456","MYSQL_ROOT_PASSWORD=123456","PATH=/usr/local/sbin:/usr/local/bin:/usr/sbin:/usr/bin:/sbin:/bin","GOSU_VERSION=1.16","MYSQL_MAJOR=8.0","MYSQL_VERSION=8.0.32-1.el8","MYSQL_SHELL_VERSION=8.0.32-1.el8"],"Cmd":["mysqld"],"Image":"mysql:latest","Volumes":{"/var/lib/mysql":{}},"WorkingDir":"","Entrypoint":["docker-entrypoint.sh"],"OnBuild":null,"Labels":{"org.testcontainers":"true","org.testcontainers.lang":"java","org.testcontainers.sessionId":"71b9672a-6f61-4546-a7b6-d603100b2e56","org.testcontainers.version":"1.17.6"}},"NetworkSettings":{"Bridge":"","SandboxID":"56762d63452c709eadac6b5c5f4b6cdd30da833580c632f91fd658806eaf4ddb","HairpinMode":false,"LinkLocalIPv6Address":"","LinkLocalIPv6PrefixLen":0,"Ports":{"3306/tcp":[{"HostIp":"0.0.0.0","HostPort":"63819"}],"33060/tcp":null},"SandboxKey":"/var/run/docker/netns/56762d63452c","SecondaryIPAddresses":null,"SecondaryIPv6Addresses":null,"EndpointID":"92fc2600684327987bceb8e2716a72ba2420fccd56812c1491af8c03946e105c","Gateway":"172.17.0.1","GlobalIPv6Address":"","GlobalIPv6PrefixLen":0,"IPAddress":"172.17.0.3","IPPrefixLen":16,"IPv6Gateway":"","MacAddress":"02:42:ac:11:00:03","Networks":{"bridge":{"IPAMConfig":null,"Links":null,"Aliases":null,"NetworkID":"308e234c143065751b16b4500cb9f48d5c7fc2116504b3d816a5e51cd4771062","EndpointID":"92fc2600684327987bceb8e2716a72ba2420fccd56812c1491af8c03946e105c","Gateway":"172.17.0.1","IPAddress":"172.17.0.3","IPPrefixLen":16,"IPv6Gateway":"","GlobalIPv6Address":"","GlobalIPv6PrefixLen":0,"MacAddress":"02:42:ac:11:00:03","DriverOpts":null}}}}[\n]"
01:14:51.294 [Test worker] DEBUG com.github.dockerjava.zerodep.shaded.org.apache.hc.client5.http.wire - http-outgoing-2 << "[\r][\n]"
01:14:51.295 [Test worker] DEBUG com.github.dockerjava.zerodep.shaded.org.apache.hc.client5.http.wire - http-outgoing-2 << "0[\r][\n]"
01:14:51.295 [Test worker] DEBUG com.github.dockerjava.zerodep.shaded.org.apache.hc.client5.http.wire - http-outgoing-2 << "[\r][\n]"
01:14:51.295 [Test worker] DEBUG com.github.dockerjava.zerodep.shaded.org.apache.hc.client5.http.impl.classic.InternalHttpClient - ep-0000004E: releasing valid endpoint
01:14:51.295 [Test worker] DEBUG com.github.dockerjava.zerodep.shaded.org.apache.hc.client5.http.impl.io.PoolingHttpClientConnectionManager - ep-0000004E: releasing endpoint
01:14:51.295 [Test worker] DEBUG com.github.dockerjava.zerodep.shaded.org.apache.hc.client5.http.impl.io.PoolingHttpClientConnectionManager - ep-0000004E: connection http-outgoing-2 can be kept alive for 3 MINUTES
01:14:51.295 [Test worker] DEBUG com.github.dockerjava.zerodep.shaded.org.apache.hc.client5.http.impl.io.PoolingHttpClientConnectionManager - ep-0000004E: connection released [route: {}->unix://localhost:2375][total available: 1; route allocated: 1 of 2147483647; total allocated: 1 of 2147483647]
01:14:51.295 [Test worker] DEBUG ]]>&#x1f433;<![CDATA[ [mysql:latest] - Trying to create JDBC connection using com.mysql.cj.jdbc.Driver to jdbc:mysql://localhost:63819/adm_videos?useSSL=false&allowPublicKeyRetrieval=true with properties: {password=123456, user=root}
01:14:51.402 [Test worker] DEBUG org.testcontainers.shaded.com.github.dockerjava.core.command.AbstrDockerCmd - Cmd: cd5ecdf38df06b4092e6cf67100cd20ad9c3cb4b6e9303874a7bd89885b140c9,false
01:14:51.403 [Test worker] DEBUG org.testcontainers.shaded.com.github.dockerjava.core.exec.InspectContainerCmdExec - GET: DefaultWebTarget{path=[/containers/cd5ecdf38df06b4092e6cf67100cd20ad9c3cb4b6e9303874a7bd89885b140c9/json], queryParams={}}
01:14:51.403 [Test worker] DEBUG com.github.dockerjava.zerodep.shaded.org.apache.hc.client5.http.impl.classic.InternalHttpClient - ex-00000050: preparing request execution
01:14:51.403 [Test worker] DEBUG com.github.dockerjava.zerodep.shaded.org.apache.hc.client5.http.protocol.RequestAddCookies - Cookie spec selected: strict
01:14:51.403 [Test worker] DEBUG com.github.dockerjava.zerodep.shaded.org.apache.hc.client5.http.protocol.RequestAuthCache - Auth cache not set in the context
01:14:51.403 [Test worker] DEBUG com.github.dockerjava.zerodep.shaded.org.apache.hc.client5.http.impl.classic.ProtocolExec - ex-00000050: target auth state: UNCHALLENGED
01:14:51.403 [Test worker] DEBUG com.github.dockerjava.zerodep.shaded.org.apache.hc.client5.http.impl.classic.ProtocolExec - ex-00000050: proxy auth state: UNCHALLENGED
01:14:51.403 [Test worker] DEBUG com.github.dockerjava.zerodep.shaded.org.apache.hc.client5.http.impl.classic.ConnectExec - ex-00000050: acquiring connection with route {}->unix://localhost:2375
01:14:51.403 [Test worker] DEBUG com.github.dockerjava.zerodep.shaded.org.apache.hc.client5.http.impl.classic.InternalHttpClient - ex-00000050: acquiring endpoint (3 MINUTES)
01:14:51.403 [Test worker] DEBUG com.github.dockerjava.zerodep.shaded.org.apache.hc.client5.http.impl.io.PoolingHttpClientConnectionManager - ex-00000050: endpoint lease request (3 MINUTES) [route: {}->unix://localhost:2375][total available: 1; route allocated: 1 of 2147483647; total allocated: 1 of 2147483647]
01:14:51.404 [Test worker] DEBUG com.github.dockerjava.zerodep.shaded.org.apache.hc.client5.http.impl.io.PoolingHttpClientConnectionManager - ex-00000050: endpoint leased [route: {}->unix://localhost:2375][total available: 0; route allocated: 1 of 2147483647; total allocated: 1 of 2147483647]
01:14:51.404 [Test worker] DEBUG com.github.dockerjava.zerodep.shaded.org.apache.hc.client5.http.impl.io.PoolingHttpClientConnectionManager - ex-00000050: acquired ep-0000004F
01:14:51.404 [Test worker] DEBUG com.github.dockerjava.zerodep.shaded.org.apache.hc.client5.http.impl.classic.InternalHttpClient - ex-00000050: acquired endpoint ep-0000004F
01:14:51.404 [Test worker] DEBUG com.github.dockerjava.zerodep.shaded.org.apache.hc.client5.http.impl.classic.MainClientExec - ex-00000050: executing GET /v1.32/containers/cd5ecdf38df06b4092e6cf67100cd20ad9c3cb4b6e9303874a7bd89885b140c9/json HTTP/1.1
01:14:51.404 [Test worker] DEBUG com.github.dockerjava.zerodep.shaded.org.apache.hc.client5.http.impl.classic.InternalHttpClient - ep-0000004F: start execution ex-00000050
01:14:51.404 [Test worker] DEBUG com.github.dockerjava.zerodep.shaded.org.apache.hc.client5.http.impl.io.PoolingHttpClientConnectionManager - ep-0000004F: executing exchange ex-00000050 over http-outgoing-2
01:14:51.404 [Test worker] DEBUG com.github.dockerjava.zerodep.shaded.org.apache.hc.client5.http.headers - http-outgoing-2 >> GET /v1.32/containers/cd5ecdf38df06b4092e6cf67100cd20ad9c3cb4b6e9303874a7bd89885b140c9/json HTTP/1.1
01:14:51.404 [Test worker] DEBUG com.github.dockerjava.zerodep.shaded.org.apache.hc.client5.http.headers - http-outgoing-2 >> accept: application/json
01:14:51.404 [Test worker] DEBUG com.github.dockerjava.zerodep.shaded.org.apache.hc.client5.http.headers - http-outgoing-2 >> x-tc-sid: 71b9672a-6f61-4546-a7b6-d603100b2e56
01:14:51.404 [Test worker] DEBUG com.github.dockerjava.zerodep.shaded.org.apache.hc.client5.http.headers - http-outgoing-2 >> Accept-Encoding: gzip, x-gzip, deflate
01:14:51.404 [Test worker] DEBUG com.github.dockerjava.zerodep.shaded.org.apache.hc.client5.http.headers - http-outgoing-2 >> Host: localhost:2375
01:14:51.404 [Test worker] DEBUG com.github.dockerjava.zerodep.shaded.org.apache.hc.client5.http.headers - http-outgoing-2 >> Connection: keep-alive
01:14:51.404 [Test worker] DEBUG com.github.dockerjava.zerodep.shaded.org.apache.hc.client5.http.headers - http-outgoing-2 >> User-Agent: Apache-HttpClient/5.0.3 (Java/17.0.2)
01:14:51.404 [Test worker] DEBUG com.github.dockerjava.zerodep.shaded.org.apache.hc.client5.http.wire - http-outgoing-2 >> "GET /v1.32/containers/cd5ecdf38df06b4092e6cf67100cd20ad9c3cb4b6e9303874a7bd89885b140c9/json HTTP/1.1[\r][\n]"
01:14:51.404 [Test worker] DEBUG com.github.dockerjava.zerodep.shaded.org.apache.hc.client5.http.wire - http-outgoing-2 >> "accept: application/json[\r][\n]"
01:14:51.404 [Test worker] DEBUG com.github.dockerjava.zerodep.shaded.org.apache.hc.client5.http.wire - http-outgoing-2 >> "x-tc-sid: 71b9672a-6f61-4546-a7b6-d603100b2e56[\r][\n]"
01:14:51.404 [Test worker] DEBUG com.github.dockerjava.zerodep.shaded.org.apache.hc.client5.http.wire - http-outgoing-2 >> "Accept-Encoding: gzip, x-gzip, deflate[\r][\n]"
01:14:51.404 [Test worker] DEBUG com.github.dockerjava.zerodep.shaded.org.apache.hc.client5.http.wire - http-outgoing-2 >> "Host: localhost:2375[\r][\n]"
01:14:51.404 [Test worker] DEBUG com.github.dockerjava.zerodep.shaded.org.apache.hc.client5.http.wire - http-outgoing-2 >> "Connection: keep-alive[\r][\n]"
01:14:51.404 [Test worker] DEBUG com.github.dockerjava.zerodep.shaded.org.apache.hc.client5.http.wire - http-outgoing-2 >> "User-Agent: Apache-HttpClient/5.0.3 (Java/17.0.2)[\r][\n]"
01:14:51.404 [Test worker] DEBUG com.github.dockerjava.zerodep.shaded.org.apache.hc.client5.http.wire - http-outgoing-2 >> "[\r][\n]"
01:14:51.406 [Test worker] DEBUG com.github.dockerjava.zerodep.shaded.org.apache.hc.client5.http.wire - http-outgoing-2 << "HTTP/1.1 200 OK[\r][\n]"
01:14:51.406 [Test worker] DEBUG com.github.dockerjava.zerodep.shaded.org.apache.hc.client5.http.wire - http-outgoing-2 << "Api-Version: 1.41[\r][\n]"
01:14:51.406 [Test worker] DEBUG com.github.dockerjava.zerodep.shaded.org.apache.hc.client5.http.wire - http-outgoing-2 << "Content-Type: application/json[\r][\n]"
01:14:51.406 [Test worker] DEBUG com.github.dockerjava.zerodep.shaded.org.apache.hc.client5.http.wire - http-outgoing-2 << "Date: Tue, 28 Mar 2023 04:14:51 GMT[\r][\n]"
01:14:51.406 [Test worker] DEBUG com.github.dockerjava.zerodep.shaded.org.apache.hc.client5.http.wire - http-outgoing-2 << "Docker-Experimental: false[\r][\n]"
01:14:51.406 [Test worker] DEBUG com.github.dockerjava.zerodep.shaded.org.apache.hc.client5.http.wire - http-outgoing-2 << "Ostype: linux[\r][\n]"
01:14:51.406 [Test worker] DEBUG com.github.dockerjava.zerodep.shaded.org.apache.hc.client5.http.wire - http-outgoing-2 << "Server: Docker/20.10.21 (linux)[\r][\n]"
01:14:51.406 [Test worker] DEBUG com.github.dockerjava.zerodep.shaded.org.apache.hc.client5.http.wire - http-outgoing-2 << "Transfer-Encoding: chunked[\r][\n]"
01:14:51.406 [Test worker] DEBUG com.github.dockerjava.zerodep.shaded.org.apache.hc.client5.http.wire - http-outgoing-2 << "[\r][\n]"
01:14:51.406 [Test worker] DEBUG com.github.dockerjava.zerodep.shaded.org.apache.hc.client5.http.headers - http-outgoing-2 << HTTP/1.1 200 OK
01:14:51.406 [Test worker] DEBUG com.github.dockerjava.zerodep.shaded.org.apache.hc.client5.http.headers - http-outgoing-2 << Api-Version: 1.41
01:14:51.406 [Test worker] DEBUG com.github.dockerjava.zerodep.shaded.org.apache.hc.client5.http.headers - http-outgoing-2 << Content-Type: application/json
01:14:51.406 [Test worker] DEBUG com.github.dockerjava.zerodep.shaded.org.apache.hc.client5.http.headers - http-outgoing-2 << Date: Tue, 28 Mar 2023 04:14:51 GMT
01:14:51.406 [Test worker] DEBUG com.github.dockerjava.zerodep.shaded.org.apache.hc.client5.http.headers - http-outgoing-2 << Docker-Experimental: false
01:14:51.406 [Test worker] DEBUG com.github.dockerjava.zerodep.shaded.org.apache.hc.client5.http.headers - http-outgoing-2 << Ostype: linux
01:14:51.406 [Test worker] DEBUG com.github.dockerjava.zerodep.shaded.org.apache.hc.client5.http.headers - http-outgoing-2 << Server: Docker/20.10.21 (linux)
01:14:51.406 [Test worker] DEBUG com.github.dockerjava.zerodep.shaded.org.apache.hc.client5.http.headers - http-outgoing-2 << Transfer-Encoding: chunked
01:14:51.406 [Test worker] DEBUG com.github.dockerjava.zerodep.shaded.org.apache.hc.client5.http.impl.classic.MainClientExec - ex-00000050: connection can be kept alive for 3 MINUTES
01:14:51.407 [Test worker] DEBUG com.github.dockerjava.zerodep.shaded.org.apache.hc.client5.http.wire - http-outgoing-2 << "18c1[\r][\n]"
01:14:51.407 [Test worker] DEBUG com.github.dockerjava.zerodep.shaded.org.apache.hc.client5.http.wire - http-outgoing-2 << "{"Id":"cd5ecdf38df06b4092e6cf67100cd20ad9c3cb4b6e9303874a7bd89885b140c9","Created":"2023-03-28T04:14:43.179040379Z","Path":"docker-entrypoint.sh","Args":["mysqld"],"State":{"Status":"running","Running":true,"Paused":false,"Restarting":false,"OOMKilled":false,"Dead":false,"Pid":20152,"ExitCode":0,"Error":"","StartedAt":"2023-03-28T04:14:43.680338005Z","FinishedAt":"0001-01-01T00:00:00Z"},"Image":"sha256:c7c54c29e20dccc1aefb936c8eba8bb8b98b87a4921102aba87fde2df5810af9","ResolvConfPath":"/var/lib/docker/containers/cd5ecdf38df06b4092e6cf67100cd20ad9c3cb4b6e9303874a7bd89885b140c9/resolv.conf","HostnamePath":"/var/lib/docker/containers/cd5ecdf38df06b4092e6cf67100cd20ad9c3cb4b6e9303874a7bd89885b140c9/hostname","HostsPath":"/var/lib/docker/containers/cd5ecdf38df06b4092e6cf67100cd20ad9c3cb4b6e9303874a7bd89885b140c9/hosts","LogPath":"/var/lib/docker/containers/cd5ecdf38df06b4092e6cf67100cd20ad9c3cb4b6e9303874a7bd89885b140c9/cd5ecdf38df06b4092e6cf67100cd20ad9c3cb4b6e9303874a7bd89885b140c9-json.log","Name":"/keen_matsumoto","RestartCount":0,"Driver":"overlay2","Platform":"linux","MountLabel":"","ProcessLabel":"","AppArmorProfile":"","ExecIDs":null,"HostConfig":{"Binds":[],"ContainerIDFile":"","LogConfig":{"Type":"json-file","Config":{}},"NetworkMode":"default","PortBindings":{"3306/tcp":[{"HostIp":"0.0.0.0","HostPort":"0"}]},"RestartPolicy":{"Name":"","MaximumRetryCount":0},"AutoRemove":false,"VolumeDriver":"","VolumesFrom":[],"CapAdd":null,"CapDrop":null,"CgroupnsMode":"private","Dns":null,"DnsOptions":null,"DnsSearch":null,"ExtraHosts":[],"GroupAdd":null,"IpcMode":"shareable","Cgroup":"","Links":null,"OomScoreAdj":0,"PidMode":"","Privileged":false,"PublishAllPorts":false,"ReadonlyRootfs":false,"SecurityOpt":null,"UTSMode":"","UsernsMode":"","ShmSize":67108864,"Runtime":"runc","ConsoleSize":[0,0],"Isolation":"","CpuShares":0,"Memory":0,"NanoCpus":0,"CgroupParent":"","BlkioWeight":0,"BlkioWeightDevice":null,"BlkioDeviceReadBps":null,"BlkioDeviceWriteBps":null,"BlkioDeviceReadIOps":null,"BlkioDeviceWriteIOps":null,"CpuPeriod":0,"CpuQuota":0,"CpuRealtimePeriod":0,"CpuRealtimeRuntime":0,"CpusetCpus":"","CpusetMems":"","Devices":null,"DeviceCgroupRules":null,"DeviceRequests":null,"KernelMemory":0,"KernelMemoryTCP":0,"MemoryReservation":0,"MemorySwap":0,"MemorySwappiness":null,"OomKillDisable":null,"PidsLimit":null,"Ulimits":null,"CpuCount":0,"CpuPercent":0,"IOMaximumIOps":0,"IOMaximumBandwidth":0,"MaskedPaths":["/proc/asound","/proc/acpi","/proc/kcore","/proc/keys","/proc/latency_stats","/proc/timer_list","/proc/timer_stats","/proc/sched_debug","/proc/scsi","/sys/firmware"],"ReadonlyPaths":["/proc/bus","/proc/fs","/proc/irq","/proc/sys","/proc/sysrq-trigger"]},"GraphDriver":{"Data":{"LowerDir":"/var/lib/docker/overlay2/830e690ec83ecff869b59e4f673c0c63b2bc5c068e9f710933e6f61763699fd2-init/diff:/var/lib/docker/overlay2/1bd8849d7a296305617011f940aa5cfabbe972a513397b1b6bbc27639b6c1f30/diff:/var/lib/docker/overlay2/199d69b2fbf78af4d4c95dec4fd2f8835ab0347eb49fb20ebb2ff3b99fedd6ad/diff:/var/lib/docker/overlay2/d83c38d654989311f75b9491329846033bfb7714de76ef635380dcfad5c740d9/diff:/var/lib/docker/overlay2/08600d0aea2ab2728bebcf5d2589c640a842f53d1ba3c4a4adccb4d03b923cf6/diff:/var/lib/docker/overlay2/9ec7c63a3fb14d13ac788bbf5e282ca821edc41260b79944e5e631037d13ecda/diff:/var/lib/docker/overlay2/db601d7a1b4ea6da638db620462f0da96fa55c559d02269c9ddb09027936ed87/diff:/var/lib/docker/overlay2/a6d2bd03f942e2565f21e74cfe152c7ec836a1c2b583f0790c685b92bdcfda24/diff:/var/lib/docker/overlay2/9badd16ea2c5e2bf1fde8b579683e41137dfc46ed5449234149f199a6751cc84/diff:/var/lib/docker/overlay2/6efb85646ed12e2d1181ef4cc6f6f6732c00c15a4035fe17ebc4f075ca573c30/diff:/var/lib/docker/overlay2/895d7c0ec09144d6ed33936f4e98e11c18010f7abd708cae1ce43aec7a7f2621/diff:/var/lib/docker/overlay2/1c4ba77aa573ab6e5e5069fd15eae71b3da940bde0f97a922a227ffc8a1d1096/diff","MergedDir":"/var/lib/docker/overlay2/830e690ec83ecff869b59e4f673c0c63b2bc5c068e9f710933e6f61763699fd2/merged","UpperDir":"/var/lib/docker/overlay2/830e690ec83ecff869b59e4f673c0c63b2bc5c068e9f710933e6f61763699fd2/diff","WorkDir":"/var/lib/docker/overlay2/830e690ec83ecff869b59e4f673c0c63b2bc5c068e9f710933e6f61763699fd2/work"},"Name":"overlay2"},"Mounts":[{"Type":"volume","Name":"25868b8cea8ad6eba7f00a6fe83e8848def5cff8aab5c5943024031400fa063d","Source":"/var/lib/docker/volumes/25868b8cea8ad6eba7f00a6fe83e8848def5cff8aab5c5943024031400fa063d/_data","Destination":"/var/lib/mysql","Driver":"local","Mode":"","RW":true,"Propagation":""}],"Config":{"Hostname":"cd5ecdf38df0","Domainname":"","User":"","AttachStdin":false,"AttachStdout":false,"AttachStderr":false,"ExposedPorts":{"3306/tcp":{},"33060/tcp":{}},"Tty":false,"OpenStdin":false,"StdinOnce":false,"Env":["MYSQL_DATABASE=adm_videos","MYSQL_PASSWORD=123456","MYSQL_ROOT_PASSWORD=123456","PATH=/usr/local/sbin:/usr/local/bin:/usr/sbin:/usr/bin:/sbin:/bin","GOSU_VERSION=1.16","MYSQL_MAJOR=8.0","MYSQL_VERSION=8.0.32-1.el8","MYSQL_SHELL_VERSION=8.0.32-1.el8"],"Cmd":["mysqld"],"Image":"mysql:latest","Volumes":{"/var/lib/mysql":{}},"WorkingDir":"","Entrypoint":["docker-entrypoint.sh"],"OnBuild":null,"Labels":{"org.testcontainers":"true","org.testcontainers.lang":"java","org.testcontainers.sessionId":"71b9672a-6f61-4546-a7b6-d603100b2e56","org.testcontainers.version":"1.17.6"}},"NetworkSettings":{"Bridge":"","SandboxID":"56762d63452c709eadac6b5c5f4b6cdd30da833580c632f91fd658806eaf4ddb","HairpinMode":false,"LinkLocalIPv6Address":"","LinkLocalIPv6PrefixLen":0,"Ports":{"3306/tcp":[{"HostIp":"0.0.0.0","HostPort":"63819"}],"33060/tcp":null},"SandboxKey":"/var/run/docker/netns/56762d63452c","SecondaryIPAddresses":null,"SecondaryIPv6Addresses":null,"EndpointID":"92fc2600684327987bceb8e2716a72ba2420fccd56812c1491af8c03946e105c","Gateway":"172.17.0.1","GlobalIPv6Address":"","GlobalIPv6PrefixLen":0,"IPAddress":"172.17.0.3","IPPrefixLen":16,"IPv6Gateway":"","MacAddress":"02:42:ac:11:00:03","Networks":{"bridge":{"IPAMConfig":null,"Links":null,"Aliases":null,"NetworkID":"308e234c143065751b16b4500cb9f48d5c7fc2116504b3d816a5e51cd4771062","EndpointID":"92fc2600684327987bceb8e2716a72ba2420fccd56812c1491af8c03946e105c","Gateway":"172.17.0.1","IPAddress":"172.17.0.3","IPPrefixLen":16,"IPv6Gateway":"","GlobalIPv6Address":"","GlobalIPv6PrefixLen":0,"MacAddress":"02:42:ac:11:00:03","DriverOpts":null}}}}[\n]"
01:14:51.407 [Test worker] DEBUG com.github.dockerjava.zerodep.shaded.org.apache.hc.client5.http.wire - http-outgoing-2 << "[\r][\n]"
01:14:51.408 [Test worker] DEBUG com.github.dockerjava.zerodep.shaded.org.apache.hc.client5.http.wire - http-outgoing-2 << "0[\r][\n]"
01:14:51.408 [Test worker] DEBUG com.github.dockerjava.zerodep.shaded.org.apache.hc.client5.http.wire - http-outgoing-2 << "[\r][\n]"
01:14:51.408 [Test worker] DEBUG com.github.dockerjava.zerodep.shaded.org.apache.hc.client5.http.impl.classic.InternalHttpClient - ep-0000004F: releasing valid endpoint
01:14:51.408 [Test worker] DEBUG com.github.dockerjava.zerodep.shaded.org.apache.hc.client5.http.impl.io.PoolingHttpClientConnectionManager - ep-0000004F: releasing endpoint
01:14:51.408 [Test worker] DEBUG com.github.dockerjava.zerodep.shaded.org.apache.hc.client5.http.impl.io.PoolingHttpClientConnectionManager - ep-0000004F: connection http-outgoing-2 can be kept alive for 3 MINUTES
01:14:51.408 [Test worker] DEBUG com.github.dockerjava.zerodep.shaded.org.apache.hc.client5.http.impl.io.PoolingHttpClientConnectionManager - ep-0000004F: connection released [route: {}->unix://localhost:2375][total available: 1; route allocated: 1 of 2147483647; total allocated: 1 of 2147483647]
01:14:51.408 [Test worker] DEBUG ]]>&#x1f433;<![CDATA[ [mysql:latest] - Trying to create JDBC connection using com.mysql.cj.jdbc.Driver to jdbc:mysql://localhost:63819/adm_videos?useSSL=false&allowPublicKeyRetrieval=true with properties: {password=123456, user=root}
01:14:51.512 [Test worker] DEBUG org.testcontainers.shaded.com.github.dockerjava.core.command.AbstrDockerCmd - Cmd: cd5ecdf38df06b4092e6cf67100cd20ad9c3cb4b6e9303874a7bd89885b140c9,false
01:14:51.512 [Test worker] DEBUG org.testcontainers.shaded.com.github.dockerjava.core.exec.InspectContainerCmdExec - GET: DefaultWebTarget{path=[/containers/cd5ecdf38df06b4092e6cf67100cd20ad9c3cb4b6e9303874a7bd89885b140c9/json], queryParams={}}
01:14:51.512 [Test worker] DEBUG com.github.dockerjava.zerodep.shaded.org.apache.hc.client5.http.impl.classic.InternalHttpClient - ex-00000051: preparing request execution
01:14:51.512 [Test worker] DEBUG com.github.dockerjava.zerodep.shaded.org.apache.hc.client5.http.protocol.RequestAddCookies - Cookie spec selected: strict
01:14:51.513 [Test worker] DEBUG com.github.dockerjava.zerodep.shaded.org.apache.hc.client5.http.protocol.RequestAuthCache - Auth cache not set in the context
01:14:51.513 [Test worker] DEBUG com.github.dockerjava.zerodep.shaded.org.apache.hc.client5.http.impl.classic.ProtocolExec - ex-00000051: target auth state: UNCHALLENGED
01:14:51.513 [Test worker] DEBUG com.github.dockerjava.zerodep.shaded.org.apache.hc.client5.http.impl.classic.ProtocolExec - ex-00000051: proxy auth state: UNCHALLENGED
01:14:51.513 [Test worker] DEBUG com.github.dockerjava.zerodep.shaded.org.apache.hc.client5.http.impl.classic.ConnectExec - ex-00000051: acquiring connection with route {}->unix://localhost:2375
01:14:51.513 [Test worker] DEBUG com.github.dockerjava.zerodep.shaded.org.apache.hc.client5.http.impl.classic.InternalHttpClient - ex-00000051: acquiring endpoint (3 MINUTES)
01:14:51.513 [Test worker] DEBUG com.github.dockerjava.zerodep.shaded.org.apache.hc.client5.http.impl.io.PoolingHttpClientConnectionManager - ex-00000051: endpoint lease request (3 MINUTES) [route: {}->unix://localhost:2375][total available: 1; route allocated: 1 of 2147483647; total allocated: 1 of 2147483647]
01:14:51.513 [Test worker] DEBUG com.github.dockerjava.zerodep.shaded.org.apache.hc.client5.http.impl.io.PoolingHttpClientConnectionManager - ex-00000051: endpoint leased [route: {}->unix://localhost:2375][total available: 0; route allocated: 1 of 2147483647; total allocated: 1 of 2147483647]
01:14:51.513 [Test worker] DEBUG com.github.dockerjava.zerodep.shaded.org.apache.hc.client5.http.impl.io.PoolingHttpClientConnectionManager - ex-00000051: acquired ep-00000050
01:14:51.513 [Test worker] DEBUG com.github.dockerjava.zerodep.shaded.org.apache.hc.client5.http.impl.classic.InternalHttpClient - ex-00000051: acquired endpoint ep-00000050
01:14:51.513 [Test worker] DEBUG com.github.dockerjava.zerodep.shaded.org.apache.hc.client5.http.impl.classic.MainClientExec - ex-00000051: executing GET /v1.32/containers/cd5ecdf38df06b4092e6cf67100cd20ad9c3cb4b6e9303874a7bd89885b140c9/json HTTP/1.1
01:14:51.513 [Test worker] DEBUG com.github.dockerjava.zerodep.shaded.org.apache.hc.client5.http.impl.classic.InternalHttpClient - ep-00000050: start execution ex-00000051
01:14:51.513 [Test worker] DEBUG com.github.dockerjava.zerodep.shaded.org.apache.hc.client5.http.impl.io.PoolingHttpClientConnectionManager - ep-00000050: executing exchange ex-00000051 over http-outgoing-2
01:14:51.513 [Test worker] DEBUG com.github.dockerjava.zerodep.shaded.org.apache.hc.client5.http.headers - http-outgoing-2 >> GET /v1.32/containers/cd5ecdf38df06b4092e6cf67100cd20ad9c3cb4b6e9303874a7bd89885b140c9/json HTTP/1.1
01:14:51.513 [Test worker] DEBUG com.github.dockerjava.zerodep.shaded.org.apache.hc.client5.http.headers - http-outgoing-2 >> accept: application/json
01:14:51.513 [Test worker] DEBUG com.github.dockerjava.zerodep.shaded.org.apache.hc.client5.http.headers - http-outgoing-2 >> x-tc-sid: 71b9672a-6f61-4546-a7b6-d603100b2e56
01:14:51.513 [Test worker] DEBUG com.github.dockerjava.zerodep.shaded.org.apache.hc.client5.http.headers - http-outgoing-2 >> Accept-Encoding: gzip, x-gzip, deflate
01:14:51.513 [Test worker] DEBUG com.github.dockerjava.zerodep.shaded.org.apache.hc.client5.http.headers - http-outgoing-2 >> Host: localhost:2375
01:14:51.513 [Test worker] DEBUG com.github.dockerjava.zerodep.shaded.org.apache.hc.client5.http.headers - http-outgoing-2 >> Connection: keep-alive
01:14:51.513 [Test worker] DEBUG com.github.dockerjava.zerodep.shaded.org.apache.hc.client5.http.headers - http-outgoing-2 >> User-Agent: Apache-HttpClient/5.0.3 (Java/17.0.2)
01:14:51.513 [Test worker] DEBUG com.github.dockerjava.zerodep.shaded.org.apache.hc.client5.http.wire - http-outgoing-2 >> "GET /v1.32/containers/cd5ecdf38df06b4092e6cf67100cd20ad9c3cb4b6e9303874a7bd89885b140c9/json HTTP/1.1[\r][\n]"
01:14:51.513 [Test worker] DEBUG com.github.dockerjava.zerodep.shaded.org.apache.hc.client5.http.wire - http-outgoing-2 >> "accept: application/json[\r][\n]"
01:14:51.513 [Test worker] DEBUG com.github.dockerjava.zerodep.shaded.org.apache.hc.client5.http.wire - http-outgoing-2 >> "x-tc-sid: 71b9672a-6f61-4546-a7b6-d603100b2e56[\r][\n]"
01:14:51.513 [Test worker] DEBUG com.github.dockerjava.zerodep.shaded.org.apache.hc.client5.http.wire - http-outgoing-2 >> "Accept-Encoding: gzip, x-gzip, deflate[\r][\n]"
01:14:51.513 [Test worker] DEBUG com.github.dockerjava.zerodep.shaded.org.apache.hc.client5.http.wire - http-outgoing-2 >> "Host: localhost:2375[\r][\n]"
01:14:51.513 [Test worker] DEBUG com.github.dockerjava.zerodep.shaded.org.apache.hc.client5.http.wire - http-outgoing-2 >> "Connection: keep-alive[\r][\n]"
01:14:51.513 [Test worker] DEBUG com.github.dockerjava.zerodep.shaded.org.apache.hc.client5.http.wire - http-outgoing-2 >> "User-Agent: Apache-HttpClient/5.0.3 (Java/17.0.2)[\r][\n]"
01:14:51.513 [Test worker] DEBUG com.github.dockerjava.zerodep.shaded.org.apache.hc.client5.http.wire - http-outgoing-2 >> "[\r][\n]"
01:14:51.516 [Test worker] DEBUG com.github.dockerjava.zerodep.shaded.org.apache.hc.client5.http.wire - http-outgoing-2 << "HTTP/1.1 200 OK[\r][\n]"
01:14:51.516 [Test worker] DEBUG com.github.dockerjava.zerodep.shaded.org.apache.hc.client5.http.wire - http-outgoing-2 << "Api-Version: 1.41[\r][\n]"
01:14:51.516 [Test worker] DEBUG com.github.dockerjava.zerodep.shaded.org.apache.hc.client5.http.wire - http-outgoing-2 << "Content-Type: application/json[\r][\n]"
01:14:51.516 [Test worker] DEBUG com.github.dockerjava.zerodep.shaded.org.apache.hc.client5.http.wire - http-outgoing-2 << "Date: Tue, 28 Mar 2023 04:14:51 GMT[\r][\n]"
01:14:51.516 [Test worker] DEBUG com.github.dockerjava.zerodep.shaded.org.apache.hc.client5.http.wire - http-outgoing-2 << "Docker-Experimental: false[\r][\n]"
01:14:51.516 [Test worker] DEBUG com.github.dockerjava.zerodep.shaded.org.apache.hc.client5.http.wire - http-outgoing-2 << "Ostype: linux[\r][\n]"
01:14:51.516 [Test worker] DEBUG com.github.dockerjava.zerodep.shaded.org.apache.hc.client5.http.wire - http-outgoing-2 << "Server: Docker/20.10.21 (linux)[\r][\n]"
01:14:51.516 [Test worker] DEBUG com.github.dockerjava.zerodep.shaded.org.apache.hc.client5.http.wire - http-outgoing-2 << "Transfer-Encoding: chunked[\r][\n]"
01:14:51.516 [Test worker] DEBUG com.github.dockerjava.zerodep.shaded.org.apache.hc.client5.http.wire - http-outgoing-2 << "[\r][\n]"
01:14:51.516 [Test worker] DEBUG com.github.dockerjava.zerodep.shaded.org.apache.hc.client5.http.headers - http-outgoing-2 << HTTP/1.1 200 OK
01:14:51.516 [Test worker] DEBUG com.github.dockerjava.zerodep.shaded.org.apache.hc.client5.http.headers - http-outgoing-2 << Api-Version: 1.41
01:14:51.516 [Test worker] DEBUG com.github.dockerjava.zerodep.shaded.org.apache.hc.client5.http.headers - http-outgoing-2 << Content-Type: application/json
01:14:51.516 [Test worker] DEBUG com.github.dockerjava.zerodep.shaded.org.apache.hc.client5.http.headers - http-outgoing-2 << Date: Tue, 28 Mar 2023 04:14:51 GMT
01:14:51.516 [Test worker] DEBUG com.github.dockerjava.zerodep.shaded.org.apache.hc.client5.http.headers - http-outgoing-2 << Docker-Experimental: false
01:14:51.516 [Test worker] DEBUG com.github.dockerjava.zerodep.shaded.org.apache.hc.client5.http.headers - http-outgoing-2 << Ostype: linux
01:14:51.516 [Test worker] DEBUG com.github.dockerjava.zerodep.shaded.org.apache.hc.client5.http.headers - http-outgoing-2 << Server: Docker/20.10.21 (linux)
01:14:51.516 [Test worker] DEBUG com.github.dockerjava.zerodep.shaded.org.apache.hc.client5.http.headers - http-outgoing-2 << Transfer-Encoding: chunked
01:14:51.516 [Test worker] DEBUG com.github.dockerjava.zerodep.shaded.org.apache.hc.client5.http.impl.classic.MainClientExec - ex-00000051: connection can be kept alive for 3 MINUTES
01:14:51.517 [Test worker] DEBUG com.github.dockerjava.zerodep.shaded.org.apache.hc.client5.http.wire - http-outgoing-2 << "18c1[\r][\n]"
01:14:51.517 [Test worker] DEBUG com.github.dockerjava.zerodep.shaded.org.apache.hc.client5.http.wire - http-outgoing-2 << "{"Id":"cd5ecdf38df06b4092e6cf67100cd20ad9c3cb4b6e9303874a7bd89885b140c9","Created":"2023-03-28T04:14:43.179040379Z","Path":"docker-entrypoint.sh","Args":["mysqld"],"State":{"Status":"running","Running":true,"Paused":false,"Restarting":false,"OOMKilled":false,"Dead":false,"Pid":20152,"ExitCode":0,"Error":"","StartedAt":"2023-03-28T04:14:43.680338005Z","FinishedAt":"0001-01-01T00:00:00Z"},"Image":"sha256:c7c54c29e20dccc1aefb936c8eba8bb8b98b87a4921102aba87fde2df5810af9","ResolvConfPath":"/var/lib/docker/containers/cd5ecdf38df06b4092e6cf67100cd20ad9c3cb4b6e9303874a7bd89885b140c9/resolv.conf","HostnamePath":"/var/lib/docker/containers/cd5ecdf38df06b4092e6cf67100cd20ad9c3cb4b6e9303874a7bd89885b140c9/hostname","HostsPath":"/var/lib/docker/containers/cd5ecdf38df06b4092e6cf67100cd20ad9c3cb4b6e9303874a7bd89885b140c9/hosts","LogPath":"/var/lib/docker/containers/cd5ecdf38df06b4092e6cf67100cd20ad9c3cb4b6e9303874a7bd89885b140c9/cd5ecdf38df06b4092e6cf67100cd20ad9c3cb4b6e9303874a7bd89885b140c9-json.log","Name":"/keen_matsumoto","RestartCount":0,"Driver":"overlay2","Platform":"linux","MountLabel":"","ProcessLabel":"","AppArmorProfile":"","ExecIDs":null,"HostConfig":{"Binds":[],"ContainerIDFile":"","LogConfig":{"Type":"json-file","Config":{}},"NetworkMode":"default","PortBindings":{"3306/tcp":[{"HostIp":"0.0.0.0","HostPort":"0"}]},"RestartPolicy":{"Name":"","MaximumRetryCount":0},"AutoRemove":false,"VolumeDriver":"","VolumesFrom":[],"CapAdd":null,"CapDrop":null,"CgroupnsMode":"private","Dns":null,"DnsOptions":null,"DnsSearch":null,"ExtraHosts":[],"GroupAdd":null,"IpcMode":"shareable","Cgroup":"","Links":null,"OomScoreAdj":0,"PidMode":"","Privileged":false,"PublishAllPorts":false,"ReadonlyRootfs":false,"SecurityOpt":null,"UTSMode":"","UsernsMode":"","ShmSize":67108864,"Runtime":"runc","ConsoleSize":[0,0],"Isolation":"","CpuShares":0,"Memory":0,"NanoCpus":0,"CgroupParent":"","BlkioWeight":0,"BlkioWeightDevice":null,"BlkioDeviceReadBps":null,"BlkioDeviceWriteBps":null,"BlkioDeviceReadIOps":null,"BlkioDeviceWriteIOps":null,"CpuPeriod":0,"CpuQuota":0,"CpuRealtimePeriod":0,"CpuRealtimeRuntime":0,"CpusetCpus":"","CpusetMems":"","Devices":null,"DeviceCgroupRules":null,"DeviceRequests":null,"KernelMemory":0,"KernelMemoryTCP":0,"MemoryReservation":0,"MemorySwap":0,"MemorySwappiness":null,"OomKillDisable":null,"PidsLimit":null,"Ulimits":null,"CpuCount":0,"CpuPercent":0,"IOMaximumIOps":0,"IOMaximumBandwidth":0,"MaskedPaths":["/proc/asound","/proc/acpi","/proc/kcore","/proc/keys","/proc/latency_stats","/proc/timer_list","/proc/timer_stats","/proc/sched_debug","/proc/scsi","/sys/firmware"],"ReadonlyPaths":["/proc/bus","/proc/fs","/proc/irq","/proc/sys","/proc/sysrq-trigger"]},"GraphDriver":{"Data":{"LowerDir":"/var/lib/docker/overlay2/830e690ec83ecff869b59e4f673c0c63b2bc5c068e9f710933e6f61763699fd2-init/diff:/var/lib/docker/overlay2/1bd8849d7a296305617011f940aa5cfabbe972a513397b1b6bbc27639b6c1f30/diff:/var/lib/docker/overlay2/199d69b2fbf78af4d4c95dec4fd2f8835ab0347eb49fb20ebb2ff3b99fedd6ad/diff:/var/lib/docker/overlay2/d83c38d654989311f75b9491329846033bfb7714de76ef635380dcfad5c740d9/diff:/var/lib/docker/overlay2/08600d0aea2ab2728bebcf5d2589c640a842f53d1ba3c4a4adccb4d03b923cf6/diff:/var/lib/docker/overlay2/9ec7c63a3fb14d13ac788bbf5e282ca821edc41260b79944e5e631037d13ecda/diff:/var/lib/docker/overlay2/db601d7a1b4ea6da638db620462f0da96fa55c559d02269c9ddb09027936ed87/diff:/var/lib/docker/overlay2/a6d2bd03f942e2565f21e74cfe152c7ec836a1c2b583f0790c685b92bdcfda24/diff:/var/lib/docker/overlay2/9badd16ea2c5e2bf1fde8b579683e41137dfc46ed5449234149f199a6751cc84/diff:/var/lib/docker/overlay2/6efb85646ed12e2d1181ef4cc6f6f6732c00c15a4035fe17ebc4f075ca573c30/diff:/var/lib/docker/overlay2/895d7c0ec09144d6ed33936f4e98e11c18010f7abd708cae1ce43aec7a7f2621/diff:/var/lib/docker/overlay2/1c4ba77aa573ab6e5e5069fd15eae71b3da940bde0f97a922a227ffc8a1d1096/diff","MergedDir":"/var/lib/docker/overlay2/830e690ec83ecff869b59e4f673c0c63b2bc5c068e9f710933e6f61763699fd2/merged","UpperDir":"/var/lib/docker/overlay2/830e690ec83ecff869b59e4f673c0c63b2bc5c068e9f710933e6f61763699fd2/diff","WorkDir":"/var/lib/docker/overlay2/830e690ec83ecff869b59e4f673c0c63b2bc5c068e9f710933e6f61763699fd2/work"},"Name":"overlay2"},"Mounts":[{"Type":"volume","Name":"25868b8cea8ad6eba7f00a6fe83e8848def5cff8aab5c5943024031400fa063d","Source":"/var/lib/docker/volumes/25868b8cea8ad6eba7f00a6fe83e8848def5cff8aab5c5943024031400fa063d/_data","Destination":"/var/lib/mysql","Driver":"local","Mode":"","RW":true,"Propagation":""}],"Config":{"Hostname":"cd5ecdf38df0","Domainname":"","User":"","AttachStdin":false,"AttachStdout":false,"AttachStderr":false,"ExposedPorts":{"3306/tcp":{},"33060/tcp":{}},"Tty":false,"OpenStdin":false,"StdinOnce":false,"Env":["MYSQL_DATABASE=adm_videos","MYSQL_PASSWORD=123456","MYSQL_ROOT_PASSWORD=123456","PATH=/usr/local/sbin:/usr/local/bin:/usr/sbin:/usr/bin:/sbin:/bin","GOSU_VERSION=1.16","MYSQL_MAJOR=8.0","MYSQL_VERSION=8.0.32-1.el8","MYSQL_SHELL_VERSION=8.0.32-1.el8"],"Cmd":["mysqld"],"Image":"mysql:latest","Volumes":{"/var/lib/mysql":{}},"WorkingDir":"","Entrypoint":["docker-entrypoint.sh"],"OnBuild":null,"Labels":{"org.testcontainers":"true","org.testcontainers.lang":"java","org.testcontainers.sessionId":"71b9672a-6f61-4546-a7b6-d603100b2e56","org.testcontainers.version":"1.17.6"}},"NetworkSettings":{"Bridge":"","SandboxID":"56762d63452c709eadac6b5c5f4b6cdd30da833580c632f91fd658806eaf4ddb","HairpinMode":false,"LinkLocalIPv6Address":"","LinkLocalIPv6PrefixLen":0,"Ports":{"3306/tcp":[{"HostIp":"0.0.0.0","HostPort":"63819"}],"33060/tcp":null},"SandboxKey":"/var/run/docker/netns/56762d63452c","SecondaryIPAddresses":null,"SecondaryIPv6Addresses":null,"EndpointID":"92fc2600684327987bceb8e2716a72ba2420fccd56812c1491af8c03946e105c","Gateway":"172.17.0.1","GlobalIPv6Address":"","GlobalIPv6PrefixLen":0,"IPAddress":"172.17.0.3","IPPrefixLen":16,"IPv6Gateway":"","MacAddress":"02:42:ac:11:00:03","Networks":{"bridge":{"IPAMConfig":null,"Links":null,"Aliases":null,"NetworkID":"308e234c143065751b16b4500cb9f48d5c7fc2116504b3d816a5e51cd4771062","EndpointID":"92fc2600684327987bceb8e2716a72ba2420fccd56812c1491af8c03946e105c","Gateway":"172.17.0.1","IPAddress":"172.17.0.3","IPPrefixLen":16,"IPv6Gateway":"","GlobalIPv6Address":"","GlobalIPv6PrefixLen":0,"MacAddress":"02:42:ac:11:00:03","DriverOpts":null}}}}[\n]"
01:14:51.517 [Test worker] DEBUG com.github.dockerjava.zerodep.shaded.org.apache.hc.client5.http.wire - http-outgoing-2 << "[\r][\n]"
01:14:51.518 [Test worker] DEBUG com.github.dockerjava.zerodep.shaded.org.apache.hc.client5.http.wire - http-outgoing-2 << "0[\r][\n]"
01:14:51.518 [Test worker] DEBUG com.github.dockerjava.zerodep.shaded.org.apache.hc.client5.http.wire - http-outgoing-2 << "[\r][\n]"
01:14:51.518 [Test worker] DEBUG com.github.dockerjava.zerodep.shaded.org.apache.hc.client5.http.impl.classic.InternalHttpClient - ep-00000050: releasing valid endpoint
01:14:51.518 [Test worker] DEBUG com.github.dockerjava.zerodep.shaded.org.apache.hc.client5.http.impl.io.PoolingHttpClientConnectionManager - ep-00000050: releasing endpoint
01:14:51.518 [Test worker] DEBUG com.github.dockerjava.zerodep.shaded.org.apache.hc.client5.http.impl.io.PoolingHttpClientConnectionManager - ep-00000050: connection http-outgoing-2 can be kept alive for 3 MINUTES
01:14:51.518 [Test worker] DEBUG com.github.dockerjava.zerodep.shaded.org.apache.hc.client5.http.impl.io.PoolingHttpClientConnectionManager - ep-00000050: connection released [route: {}->unix://localhost:2375][total available: 1; route allocated: 1 of 2147483647; total allocated: 1 of 2147483647]
01:14:51.518 [Test worker] DEBUG ]]>&#x1f433;<![CDATA[ [mysql:latest] - Trying to create JDBC connection using com.mysql.cj.jdbc.Driver to jdbc:mysql://localhost:63819/adm_videos?useSSL=false&allowPublicKeyRetrieval=true with properties: {password=123456, user=root}
01:14:51.621 [Test worker] DEBUG org.testcontainers.shaded.com.github.dockerjava.core.command.AbstrDockerCmd - Cmd: cd5ecdf38df06b4092e6cf67100cd20ad9c3cb4b6e9303874a7bd89885b140c9,false
01:14:51.621 [Test worker] DEBUG org.testcontainers.shaded.com.github.dockerjava.core.exec.InspectContainerCmdExec - GET: DefaultWebTarget{path=[/containers/cd5ecdf38df06b4092e6cf67100cd20ad9c3cb4b6e9303874a7bd89885b140c9/json], queryParams={}}
01:14:51.621 [Test worker] DEBUG com.github.dockerjava.zerodep.shaded.org.apache.hc.client5.http.impl.classic.InternalHttpClient - ex-00000052: preparing request execution
01:14:51.621 [Test worker] DEBUG com.github.dockerjava.zerodep.shaded.org.apache.hc.client5.http.protocol.RequestAddCookies - Cookie spec selected: strict
01:14:51.622 [Test worker] DEBUG com.github.dockerjava.zerodep.shaded.org.apache.hc.client5.http.protocol.RequestAuthCache - Auth cache not set in the context
01:14:51.622 [Test worker] DEBUG com.github.dockerjava.zerodep.shaded.org.apache.hc.client5.http.impl.classic.ProtocolExec - ex-00000052: target auth state: UNCHALLENGED
01:14:51.622 [Test worker] DEBUG com.github.dockerjava.zerodep.shaded.org.apache.hc.client5.http.impl.classic.ProtocolExec - ex-00000052: proxy auth state: UNCHALLENGED
01:14:51.622 [Test worker] DEBUG com.github.dockerjava.zerodep.shaded.org.apache.hc.client5.http.impl.classic.ConnectExec - ex-00000052: acquiring connection with route {}->unix://localhost:2375
01:14:51.622 [Test worker] DEBUG com.github.dockerjava.zerodep.shaded.org.apache.hc.client5.http.impl.classic.InternalHttpClient - ex-00000052: acquiring endpoint (3 MINUTES)
01:14:51.622 [Test worker] DEBUG com.github.dockerjava.zerodep.shaded.org.apache.hc.client5.http.impl.io.PoolingHttpClientConnectionManager - ex-00000052: endpoint lease request (3 MINUTES) [route: {}->unix://localhost:2375][total available: 1; route allocated: 1 of 2147483647; total allocated: 1 of 2147483647]
01:14:51.622 [Test worker] DEBUG com.github.dockerjava.zerodep.shaded.org.apache.hc.client5.http.impl.io.PoolingHttpClientConnectionManager - ex-00000052: endpoint leased [route: {}->unix://localhost:2375][total available: 0; route allocated: 1 of 2147483647; total allocated: 1 of 2147483647]
01:14:51.622 [Test worker] DEBUG com.github.dockerjava.zerodep.shaded.org.apache.hc.client5.http.impl.io.PoolingHttpClientConnectionManager - ex-00000052: acquired ep-00000051
01:14:51.622 [Test worker] DEBUG com.github.dockerjava.zerodep.shaded.org.apache.hc.client5.http.impl.classic.InternalHttpClient - ex-00000052: acquired endpoint ep-00000051
01:14:51.622 [Test worker] DEBUG com.github.dockerjava.zerodep.shaded.org.apache.hc.client5.http.impl.classic.MainClientExec - ex-00000052: executing GET /v1.32/containers/cd5ecdf38df06b4092e6cf67100cd20ad9c3cb4b6e9303874a7bd89885b140c9/json HTTP/1.1
01:14:51.622 [Test worker] DEBUG com.github.dockerjava.zerodep.shaded.org.apache.hc.client5.http.impl.classic.InternalHttpClient - ep-00000051: start execution ex-00000052
01:14:51.622 [Test worker] DEBUG com.github.dockerjava.zerodep.shaded.org.apache.hc.client5.http.impl.io.PoolingHttpClientConnectionManager - ep-00000051: executing exchange ex-00000052 over http-outgoing-2
01:14:51.622 [Test worker] DEBUG com.github.dockerjava.zerodep.shaded.org.apache.hc.client5.http.headers - http-outgoing-2 >> GET /v1.32/containers/cd5ecdf38df06b4092e6cf67100cd20ad9c3cb4b6e9303874a7bd89885b140c9/json HTTP/1.1
01:14:51.622 [Test worker] DEBUG com.github.dockerjava.zerodep.shaded.org.apache.hc.client5.http.headers - http-outgoing-2 >> accept: application/json
01:14:51.622 [Test worker] DEBUG com.github.dockerjava.zerodep.shaded.org.apache.hc.client5.http.headers - http-outgoing-2 >> x-tc-sid: 71b9672a-6f61-4546-a7b6-d603100b2e56
01:14:51.622 [Test worker] DEBUG com.github.dockerjava.zerodep.shaded.org.apache.hc.client5.http.headers - http-outgoing-2 >> Accept-Encoding: gzip, x-gzip, deflate
01:14:51.622 [Test worker] DEBUG com.github.dockerjava.zerodep.shaded.org.apache.hc.client5.http.headers - http-outgoing-2 >> Host: localhost:2375
01:14:51.622 [Test worker] DEBUG com.github.dockerjava.zerodep.shaded.org.apache.hc.client5.http.headers - http-outgoing-2 >> Connection: keep-alive
01:14:51.622 [Test worker] DEBUG com.github.dockerjava.zerodep.shaded.org.apache.hc.client5.http.headers - http-outgoing-2 >> User-Agent: Apache-HttpClient/5.0.3 (Java/17.0.2)
01:14:51.622 [Test worker] DEBUG com.github.dockerjava.zerodep.shaded.org.apache.hc.client5.http.wire - http-outgoing-2 >> "GET /v1.32/containers/cd5ecdf38df06b4092e6cf67100cd20ad9c3cb4b6e9303874a7bd89885b140c9/json HTTP/1.1[\r][\n]"
01:14:51.622 [Test worker] DEBUG com.github.dockerjava.zerodep.shaded.org.apache.hc.client5.http.wire - http-outgoing-2 >> "accept: application/json[\r][\n]"
01:14:51.622 [Test worker] DEBUG com.github.dockerjava.zerodep.shaded.org.apache.hc.client5.http.wire - http-outgoing-2 >> "x-tc-sid: 71b9672a-6f61-4546-a7b6-d603100b2e56[\r][\n]"
01:14:51.622 [Test worker] DEBUG com.github.dockerjava.zerodep.shaded.org.apache.hc.client5.http.wire - http-outgoing-2 >> "Accept-Encoding: gzip, x-gzip, deflate[\r][\n]"
01:14:51.622 [Test worker] DEBUG com.github.dockerjava.zerodep.shaded.org.apache.hc.client5.http.wire - http-outgoing-2 >> "Host: localhost:2375[\r][\n]"
01:14:51.622 [Test worker] DEBUG com.github.dockerjava.zerodep.shaded.org.apache.hc.client5.http.wire - http-outgoing-2 >> "Connection: keep-alive[\r][\n]"
01:14:51.622 [Test worker] DEBUG com.github.dockerjava.zerodep.shaded.org.apache.hc.client5.http.wire - http-outgoing-2 >> "User-Agent: Apache-HttpClient/5.0.3 (Java/17.0.2)[\r][\n]"
01:14:51.622 [Test worker] DEBUG com.github.dockerjava.zerodep.shaded.org.apache.hc.client5.http.wire - http-outgoing-2 >> "[\r][\n]"
01:14:51.624 [Test worker] DEBUG com.github.dockerjava.zerodep.shaded.org.apache.hc.client5.http.wire - http-outgoing-2 << "HTTP/1.1 200 OK[\r][\n]"
01:14:51.624 [Test worker] DEBUG com.github.dockerjava.zerodep.shaded.org.apache.hc.client5.http.wire - http-outgoing-2 << "Api-Version: 1.41[\r][\n]"
01:14:51.624 [Test worker] DEBUG com.github.dockerjava.zerodep.shaded.org.apache.hc.client5.http.wire - http-outgoing-2 << "Content-Type: application/json[\r][\n]"
01:14:51.624 [Test worker] DEBUG com.github.dockerjava.zerodep.shaded.org.apache.hc.client5.http.wire - http-outgoing-2 << "Date: Tue, 28 Mar 2023 04:14:51 GMT[\r][\n]"
01:14:51.624 [Test worker] DEBUG com.github.dockerjava.zerodep.shaded.org.apache.hc.client5.http.wire - http-outgoing-2 << "Docker-Experimental: false[\r][\n]"
01:14:51.624 [Test worker] DEBUG com.github.dockerjava.zerodep.shaded.org.apache.hc.client5.http.wire - http-outgoing-2 << "Ostype: linux[\r][\n]"
01:14:51.624 [Test worker] DEBUG com.github.dockerjava.zerodep.shaded.org.apache.hc.client5.http.wire - http-outgoing-2 << "Server: Docker/20.10.21 (linux)[\r][\n]"
01:14:51.624 [Test worker] DEBUG com.github.dockerjava.zerodep.shaded.org.apache.hc.client5.http.wire - http-outgoing-2 << "Transfer-Encoding: chunked[\r][\n]"
01:14:51.624 [Test worker] DEBUG com.github.dockerjava.zerodep.shaded.org.apache.hc.client5.http.wire - http-outgoing-2 << "[\r][\n]"
01:14:51.624 [Test worker] DEBUG com.github.dockerjava.zerodep.shaded.org.apache.hc.client5.http.headers - http-outgoing-2 << HTTP/1.1 200 OK
01:14:51.624 [Test worker] DEBUG com.github.dockerjava.zerodep.shaded.org.apache.hc.client5.http.headers - http-outgoing-2 << Api-Version: 1.41
01:14:51.624 [Test worker] DEBUG com.github.dockerjava.zerodep.shaded.org.apache.hc.client5.http.headers - http-outgoing-2 << Content-Type: application/json
01:14:51.624 [Test worker] DEBUG com.github.dockerjava.zerodep.shaded.org.apache.hc.client5.http.headers - http-outgoing-2 << Date: Tue, 28 Mar 2023 04:14:51 GMT
01:14:51.624 [Test worker] DEBUG com.github.dockerjava.zerodep.shaded.org.apache.hc.client5.http.headers - http-outgoing-2 << Docker-Experimental: false
01:14:51.624 [Test worker] DEBUG com.github.dockerjava.zerodep.shaded.org.apache.hc.client5.http.headers - http-outgoing-2 << Ostype: linux
01:14:51.624 [Test worker] DEBUG com.github.dockerjava.zerodep.shaded.org.apache.hc.client5.http.headers - http-outgoing-2 << Server: Docker/20.10.21 (linux)
01:14:51.624 [Test worker] DEBUG com.github.dockerjava.zerodep.shaded.org.apache.hc.client5.http.headers - http-outgoing-2 << Transfer-Encoding: chunked
01:14:51.624 [Test worker] DEBUG com.github.dockerjava.zerodep.shaded.org.apache.hc.client5.http.impl.classic.MainClientExec - ex-00000052: connection can be kept alive for 3 MINUTES
01:14:51.625 [Test worker] DEBUG com.github.dockerjava.zerodep.shaded.org.apache.hc.client5.http.wire - http-outgoing-2 << "18c1[\r][\n]"
01:14:51.625 [Test worker] DEBUG com.github.dockerjava.zerodep.shaded.org.apache.hc.client5.http.wire - http-outgoing-2 << "{"Id":"cd5ecdf38df06b4092e6cf67100cd20ad9c3cb4b6e9303874a7bd89885b140c9","Created":"2023-03-28T04:14:43.179040379Z","Path":"docker-entrypoint.sh","Args":["mysqld"],"State":{"Status":"running","Running":true,"Paused":false,"Restarting":false,"OOMKilled":false,"Dead":false,"Pid":20152,"ExitCode":0,"Error":"","StartedAt":"2023-03-28T04:14:43.680338005Z","FinishedAt":"0001-01-01T00:00:00Z"},"Image":"sha256:c7c54c29e20dccc1aefb936c8eba8bb8b98b87a4921102aba87fde2df5810af9","ResolvConfPath":"/var/lib/docker/containers/cd5ecdf38df06b4092e6cf67100cd20ad9c3cb4b6e9303874a7bd89885b140c9/resolv.conf","HostnamePath":"/var/lib/docker/containers/cd5ecdf38df06b4092e6cf67100cd20ad9c3cb4b6e9303874a7bd89885b140c9/hostname","HostsPath":"/var/lib/docker/containers/cd5ecdf38df06b4092e6cf67100cd20ad9c3cb4b6e9303874a7bd89885b140c9/hosts","LogPath":"/var/lib/docker/containers/cd5ecdf38df06b4092e6cf67100cd20ad9c3cb4b6e9303874a7bd89885b140c9/cd5ecdf38df06b4092e6cf67100cd20ad9c3cb4b6e9303874a7bd89885b140c9-json.log","Name":"/keen_matsumoto","RestartCount":0,"Driver":"overlay2","Platform":"linux","MountLabel":"","ProcessLabel":"","AppArmorProfile":"","ExecIDs":null,"HostConfig":{"Binds":[],"ContainerIDFile":"","LogConfig":{"Type":"json-file","Config":{}},"NetworkMode":"default","PortBindings":{"3306/tcp":[{"HostIp":"0.0.0.0","HostPort":"0"}]},"RestartPolicy":{"Name":"","MaximumRetryCount":0},"AutoRemove":false,"VolumeDriver":"","VolumesFrom":[],"CapAdd":null,"CapDrop":null,"CgroupnsMode":"private","Dns":null,"DnsOptions":null,"DnsSearch":null,"ExtraHosts":[],"GroupAdd":null,"IpcMode":"shareable","Cgroup":"","Links":null,"OomScoreAdj":0,"PidMode":"","Privileged":false,"PublishAllPorts":false,"ReadonlyRootfs":false,"SecurityOpt":null,"UTSMode":"","UsernsMode":"","ShmSize":67108864,"Runtime":"runc","ConsoleSize":[0,0],"Isolation":"","CpuShares":0,"Memory":0,"NanoCpus":0,"CgroupParent":"","BlkioWeight":0,"BlkioWeightDevice":null,"BlkioDeviceReadBps":null,"BlkioDeviceWriteBps":null,"BlkioDeviceReadIOps":null,"BlkioDeviceWriteIOps":null,"CpuPeriod":0,"CpuQuota":0,"CpuRealtimePeriod":0,"CpuRealtimeRuntime":0,"CpusetCpus":"","CpusetMems":"","Devices":null,"DeviceCgroupRules":null,"DeviceRequests":null,"KernelMemory":0,"KernelMemoryTCP":0,"MemoryReservation":0,"MemorySwap":0,"MemorySwappiness":null,"OomKillDisable":null,"PidsLimit":null,"Ulimits":null,"CpuCount":0,"CpuPercent":0,"IOMaximumIOps":0,"IOMaximumBandwidth":0,"MaskedPaths":["/proc/asound","/proc/acpi","/proc/kcore","/proc/keys","/proc/latency_stats","/proc/timer_list","/proc/timer_stats","/proc/sched_debug","/proc/scsi","/sys/firmware"],"ReadonlyPaths":["/proc/bus","/proc/fs","/proc/irq","/proc/sys","/proc/sysrq-trigger"]},"GraphDriver":{"Data":{"LowerDir":"/var/lib/docker/overlay2/830e690ec83ecff869b59e4f673c0c63b2bc5c068e9f710933e6f61763699fd2-init/diff:/var/lib/docker/overlay2/1bd8849d7a296305617011f940aa5cfabbe972a513397b1b6bbc27639b6c1f30/diff:/var/lib/docker/overlay2/199d69b2fbf78af4d4c95dec4fd2f8835ab0347eb49fb20ebb2ff3b99fedd6ad/diff:/var/lib/docker/overlay2/d83c38d654989311f75b9491329846033bfb7714de76ef635380dcfad5c740d9/diff:/var/lib/docker/overlay2/08600d0aea2ab2728bebcf5d2589c640a842f53d1ba3c4a4adccb4d03b923cf6/diff:/var/lib/docker/overlay2/9ec7c63a3fb14d13ac788bbf5e282ca821edc41260b79944e5e631037d13ecda/diff:/var/lib/docker/overlay2/db601d7a1b4ea6da638db620462f0da96fa55c559d02269c9ddb09027936ed87/diff:/var/lib/docker/overlay2/a6d2bd03f942e2565f21e74cfe152c7ec836a1c2b583f0790c685b92bdcfda24/diff:/var/lib/docker/overlay2/9badd16ea2c5e2bf1fde8b579683e41137dfc46ed5449234149f199a6751cc84/diff:/var/lib/docker/overlay2/6efb85646ed12e2d1181ef4cc6f6f6732c00c15a4035fe17ebc4f075ca573c30/diff:/var/lib/docker/overlay2/895d7c0ec09144d6ed33936f4e98e11c18010f7abd708cae1ce43aec7a7f2621/diff:/var/lib/docker/overlay2/1c4ba77aa573ab6e5e5069fd15eae71b3da940bde0f97a922a227ffc8a1d1096/diff","MergedDir":"/var/lib/docker/overlay2/830e690ec83ecff869b59e4f673c0c63b2bc5c068e9f710933e6f61763699fd2/merged","UpperDir":"/var/lib/docker/overlay2/830e690ec83ecff869b59e4f673c0c63b2bc5c068e9f710933e6f61763699fd2/diff","WorkDir":"/var/lib/docker/overlay2/830e690ec83ecff869b59e4f673c0c63b2bc5c068e9f710933e6f61763699fd2/work"},"Name":"overlay2"},"Mounts":[{"Type":"volume","Name":"25868b8cea8ad6eba7f00a6fe83e8848def5cff8aab5c5943024031400fa063d","Source":"/var/lib/docker/volumes/25868b8cea8ad6eba7f00a6fe83e8848def5cff8aab5c5943024031400fa063d/_data","Destination":"/var/lib/mysql","Driver":"local","Mode":"","RW":true,"Propagation":""}],"Config":{"Hostname":"cd5ecdf38df0","Domainname":"","User":"","AttachStdin":false,"AttachStdout":false,"AttachStderr":false,"ExposedPorts":{"3306/tcp":{},"33060/tcp":{}},"Tty":false,"OpenStdin":false,"StdinOnce":false,"Env":["MYSQL_DATABASE=adm_videos","MYSQL_PASSWORD=123456","MYSQL_ROOT_PASSWORD=123456","PATH=/usr/local/sbin:/usr/local/bin:/usr/sbin:/usr/bin:/sbin:/bin","GOSU_VERSION=1.16","MYSQL_MAJOR=8.0","MYSQL_VERSION=8.0.32-1.el8","MYSQL_SHELL_VERSION=8.0.32-1.el8"],"Cmd":["mysqld"],"Image":"mysql:latest","Volumes":{"/var/lib/mysql":{}},"WorkingDir":"","Entrypoint":["docker-entrypoint.sh"],"OnBuild":null,"Labels":{"org.testcontainers":"true","org.testcontainers.lang":"java","org.testcontainers.sessionId":"71b9672a-6f61-4546-a7b6-d603100b2e56","org.testcontainers.version":"1.17.6"}},"NetworkSettings":{"Bridge":"","SandboxID":"56762d63452c709eadac6b5c5f4b6cdd30da833580c632f91fd658806eaf4ddb","HairpinMode":false,"LinkLocalIPv6Address":"","LinkLocalIPv6PrefixLen":0,"Ports":{"3306/tcp":[{"HostIp":"0.0.0.0","HostPort":"63819"}],"33060/tcp":null},"SandboxKey":"/var/run/docker/netns/56762d63452c","SecondaryIPAddresses":null,"SecondaryIPv6Addresses":null,"EndpointID":"92fc2600684327987bceb8e2716a72ba2420fccd56812c1491af8c03946e105c","Gateway":"172.17.0.1","GlobalIPv6Address":"","GlobalIPv6PrefixLen":0,"IPAddress":"172.17.0.3","IPPrefixLen":16,"IPv6Gateway":"","MacAddress":"02:42:ac:11:00:03","Networks":{"bridge":{"IPAMConfig":null,"Links":null,"Aliases":null,"NetworkID":"308e234c143065751b16b4500cb9f48d5c7fc2116504b3d816a5e51cd4771062","EndpointID":"92fc2600684327987bceb8e2716a72ba2420fccd56812c1491af8c03946e105c","Gateway":"172.17.0.1","IPAddress":"172.17.0.3","IPPrefixLen":16,"IPv6Gateway":"","GlobalIPv6Address":"","GlobalIPv6PrefixLen":0,"MacAddress":"02:42:ac:11:00:03","DriverOpts":null}}}}[\n]"
01:14:51.625 [Test worker] DEBUG com.github.dockerjava.zerodep.shaded.org.apache.hc.client5.http.wire - http-outgoing-2 << "[\r][\n]"
01:14:51.626 [Test worker] DEBUG com.github.dockerjava.zerodep.shaded.org.apache.hc.client5.http.wire - http-outgoing-2 << "0[\r][\n]"
01:14:51.626 [Test worker] DEBUG com.github.dockerjava.zerodep.shaded.org.apache.hc.client5.http.wire - http-outgoing-2 << "[\r][\n]"
01:14:51.626 [Test worker] DEBUG com.github.dockerjava.zerodep.shaded.org.apache.hc.client5.http.impl.classic.InternalHttpClient - ep-00000051: releasing valid endpoint
01:14:51.626 [Test worker] DEBUG com.github.dockerjava.zerodep.shaded.org.apache.hc.client5.http.impl.io.PoolingHttpClientConnectionManager - ep-00000051: releasing endpoint
01:14:51.626 [Test worker] DEBUG com.github.dockerjava.zerodep.shaded.org.apache.hc.client5.http.impl.io.PoolingHttpClientConnectionManager - ep-00000051: connection http-outgoing-2 can be kept alive for 3 MINUTES
01:14:51.626 [Test worker] DEBUG com.github.dockerjava.zerodep.shaded.org.apache.hc.client5.http.impl.io.PoolingHttpClientConnectionManager - ep-00000051: connection released [route: {}->unix://localhost:2375][total available: 1; route allocated: 1 of 2147483647; total allocated: 1 of 2147483647]
01:14:51.626 [Test worker] DEBUG ]]>&#x1f433;<![CDATA[ [mysql:latest] - Trying to create JDBC connection using com.mysql.cj.jdbc.Driver to jdbc:mysql://localhost:63819/adm_videos?useSSL=false&allowPublicKeyRetrieval=true with properties: {password=123456, user=root}
01:14:51.730 [Test worker] DEBUG org.testcontainers.shaded.com.github.dockerjava.core.command.AbstrDockerCmd - Cmd: cd5ecdf38df06b4092e6cf67100cd20ad9c3cb4b6e9303874a7bd89885b140c9,false
01:14:51.730 [Test worker] DEBUG org.testcontainers.shaded.com.github.dockerjava.core.exec.InspectContainerCmdExec - GET: DefaultWebTarget{path=[/containers/cd5ecdf38df06b4092e6cf67100cd20ad9c3cb4b6e9303874a7bd89885b140c9/json], queryParams={}}
01:14:51.731 [Test worker] DEBUG com.github.dockerjava.zerodep.shaded.org.apache.hc.client5.http.impl.classic.InternalHttpClient - ex-00000053: preparing request execution
01:14:51.731 [Test worker] DEBUG com.github.dockerjava.zerodep.shaded.org.apache.hc.client5.http.protocol.RequestAddCookies - Cookie spec selected: strict
01:14:51.731 [Test worker] DEBUG com.github.dockerjava.zerodep.shaded.org.apache.hc.client5.http.protocol.RequestAuthCache - Auth cache not set in the context
01:14:51.731 [Test worker] DEBUG com.github.dockerjava.zerodep.shaded.org.apache.hc.client5.http.impl.classic.ProtocolExec - ex-00000053: target auth state: UNCHALLENGED
01:14:51.731 [Test worker] DEBUG com.github.dockerjava.zerodep.shaded.org.apache.hc.client5.http.impl.classic.ProtocolExec - ex-00000053: proxy auth state: UNCHALLENGED
01:14:51.731 [Test worker] DEBUG com.github.dockerjava.zerodep.shaded.org.apache.hc.client5.http.impl.classic.ConnectExec - ex-00000053: acquiring connection with route {}->unix://localhost:2375
01:14:51.731 [Test worker] DEBUG com.github.dockerjava.zerodep.shaded.org.apache.hc.client5.http.impl.classic.InternalHttpClient - ex-00000053: acquiring endpoint (3 MINUTES)
01:14:51.731 [Test worker] DEBUG com.github.dockerjava.zerodep.shaded.org.apache.hc.client5.http.impl.io.PoolingHttpClientConnectionManager - ex-00000053: endpoint lease request (3 MINUTES) [route: {}->unix://localhost:2375][total available: 1; route allocated: 1 of 2147483647; total allocated: 1 of 2147483647]
01:14:51.731 [Test worker] DEBUG com.github.dockerjava.zerodep.shaded.org.apache.hc.client5.http.impl.io.PoolingHttpClientConnectionManager - ex-00000053: endpoint leased [route: {}->unix://localhost:2375][total available: 0; route allocated: 1 of 2147483647; total allocated: 1 of 2147483647]
01:14:51.731 [Test worker] DEBUG com.github.dockerjava.zerodep.shaded.org.apache.hc.client5.http.impl.io.PoolingHttpClientConnectionManager - ex-00000053: acquired ep-00000052
01:14:51.731 [Test worker] DEBUG com.github.dockerjava.zerodep.shaded.org.apache.hc.client5.http.impl.classic.InternalHttpClient - ex-00000053: acquired endpoint ep-00000052
01:14:51.731 [Test worker] DEBUG com.github.dockerjava.zerodep.shaded.org.apache.hc.client5.http.impl.classic.MainClientExec - ex-00000053: executing GET /v1.32/containers/cd5ecdf38df06b4092e6cf67100cd20ad9c3cb4b6e9303874a7bd89885b140c9/json HTTP/1.1
01:14:51.731 [Test worker] DEBUG com.github.dockerjava.zerodep.shaded.org.apache.hc.client5.http.impl.classic.InternalHttpClient - ep-00000052: start execution ex-00000053
01:14:51.731 [Test worker] DEBUG com.github.dockerjava.zerodep.shaded.org.apache.hc.client5.http.impl.io.PoolingHttpClientConnectionManager - ep-00000052: executing exchange ex-00000053 over http-outgoing-2
01:14:51.731 [Test worker] DEBUG com.github.dockerjava.zerodep.shaded.org.apache.hc.client5.http.headers - http-outgoing-2 >> GET /v1.32/containers/cd5ecdf38df06b4092e6cf67100cd20ad9c3cb4b6e9303874a7bd89885b140c9/json HTTP/1.1
01:14:51.731 [Test worker] DEBUG com.github.dockerjava.zerodep.shaded.org.apache.hc.client5.http.headers - http-outgoing-2 >> accept: application/json
01:14:51.731 [Test worker] DEBUG com.github.dockerjava.zerodep.shaded.org.apache.hc.client5.http.headers - http-outgoing-2 >> x-tc-sid: 71b9672a-6f61-4546-a7b6-d603100b2e56
01:14:51.731 [Test worker] DEBUG com.github.dockerjava.zerodep.shaded.org.apache.hc.client5.http.headers - http-outgoing-2 >> Accept-Encoding: gzip, x-gzip, deflate
01:14:51.731 [Test worker] DEBUG com.github.dockerjava.zerodep.shaded.org.apache.hc.client5.http.headers - http-outgoing-2 >> Host: localhost:2375
01:14:51.731 [Test worker] DEBUG com.github.dockerjava.zerodep.shaded.org.apache.hc.client5.http.headers - http-outgoing-2 >> Connection: keep-alive
01:14:51.731 [Test worker] DEBUG com.github.dockerjava.zerodep.shaded.org.apache.hc.client5.http.headers - http-outgoing-2 >> User-Agent: Apache-HttpClient/5.0.3 (Java/17.0.2)
01:14:51.731 [Test worker] DEBUG com.github.dockerjava.zerodep.shaded.org.apache.hc.client5.http.wire - http-outgoing-2 >> "GET /v1.32/containers/cd5ecdf38df06b4092e6cf67100cd20ad9c3cb4b6e9303874a7bd89885b140c9/json HTTP/1.1[\r][\n]"
01:14:51.731 [Test worker] DEBUG com.github.dockerjava.zerodep.shaded.org.apache.hc.client5.http.wire - http-outgoing-2 >> "accept: application/json[\r][\n]"
01:14:51.732 [Test worker] DEBUG com.github.dockerjava.zerodep.shaded.org.apache.hc.client5.http.wire - http-outgoing-2 >> "x-tc-sid: 71b9672a-6f61-4546-a7b6-d603100b2e56[\r][\n]"
01:14:51.732 [Test worker] DEBUG com.github.dockerjava.zerodep.shaded.org.apache.hc.client5.http.wire - http-outgoing-2 >> "Accept-Encoding: gzip, x-gzip, deflate[\r][\n]"
01:14:51.732 [Test worker] DEBUG com.github.dockerjava.zerodep.shaded.org.apache.hc.client5.http.wire - http-outgoing-2 >> "Host: localhost:2375[\r][\n]"
01:14:51.732 [Test worker] DEBUG com.github.dockerjava.zerodep.shaded.org.apache.hc.client5.http.wire - http-outgoing-2 >> "Connection: keep-alive[\r][\n]"
01:14:51.732 [Test worker] DEBUG com.github.dockerjava.zerodep.shaded.org.apache.hc.client5.http.wire - http-outgoing-2 >> "User-Agent: Apache-HttpClient/5.0.3 (Java/17.0.2)[\r][\n]"
01:14:51.732 [Test worker] DEBUG com.github.dockerjava.zerodep.shaded.org.apache.hc.client5.http.wire - http-outgoing-2 >> "[\r][\n]"
01:14:51.735 [Test worker] DEBUG com.github.dockerjava.zerodep.shaded.org.apache.hc.client5.http.wire - http-outgoing-2 << "HTTP/1.1 200 OK[\r][\n]"
01:14:51.735 [Test worker] DEBUG com.github.dockerjava.zerodep.shaded.org.apache.hc.client5.http.wire - http-outgoing-2 << "Api-Version: 1.41[\r][\n]"
01:14:51.735 [Test worker] DEBUG com.github.dockerjava.zerodep.shaded.org.apache.hc.client5.http.wire - http-outgoing-2 << "Content-Type: application/json[\r][\n]"
01:14:51.735 [Test worker] DEBUG com.github.dockerjava.zerodep.shaded.org.apache.hc.client5.http.wire - http-outgoing-2 << "Date: Tue, 28 Mar 2023 04:14:51 GMT[\r][\n]"
01:14:51.735 [Test worker] DEBUG com.github.dockerjava.zerodep.shaded.org.apache.hc.client5.http.wire - http-outgoing-2 << "Docker-Experimental: false[\r][\n]"
01:14:51.735 [Test worker] DEBUG com.github.dockerjava.zerodep.shaded.org.apache.hc.client5.http.wire - http-outgoing-2 << "Ostype: linux[\r][\n]"
01:14:51.735 [Test worker] DEBUG com.github.dockerjava.zerodep.shaded.org.apache.hc.client5.http.wire - http-outgoing-2 << "Server: Docker/20.10.21 (linux)[\r][\n]"
01:14:51.735 [Test worker] DEBUG com.github.dockerjava.zerodep.shaded.org.apache.hc.client5.http.wire - http-outgoing-2 << "Transfer-Encoding: chunked[\r][\n]"
01:14:51.735 [Test worker] DEBUG com.github.dockerjava.zerodep.shaded.org.apache.hc.client5.http.wire - http-outgoing-2 << "[\r][\n]"
01:14:51.735 [Test worker] DEBUG com.github.dockerjava.zerodep.shaded.org.apache.hc.client5.http.headers - http-outgoing-2 << HTTP/1.1 200 OK
01:14:51.735 [Test worker] DEBUG com.github.dockerjava.zerodep.shaded.org.apache.hc.client5.http.headers - http-outgoing-2 << Api-Version: 1.41
01:14:51.735 [Test worker] DEBUG com.github.dockerjava.zerodep.shaded.org.apache.hc.client5.http.headers - http-outgoing-2 << Content-Type: application/json
01:14:51.735 [Test worker] DEBUG com.github.dockerjava.zerodep.shaded.org.apache.hc.client5.http.headers - http-outgoing-2 << Date: Tue, 28 Mar 2023 04:14:51 GMT
01:14:51.735 [Test worker] DEBUG com.github.dockerjava.zerodep.shaded.org.apache.hc.client5.http.headers - http-outgoing-2 << Docker-Experimental: false
01:14:51.735 [Test worker] DEBUG com.github.dockerjava.zerodep.shaded.org.apache.hc.client5.http.headers - http-outgoing-2 << Ostype: linux
01:14:51.735 [Test worker] DEBUG com.github.dockerjava.zerodep.shaded.org.apache.hc.client5.http.headers - http-outgoing-2 << Server: Docker/20.10.21 (linux)
01:14:51.735 [Test worker] DEBUG com.github.dockerjava.zerodep.shaded.org.apache.hc.client5.http.headers - http-outgoing-2 << Transfer-Encoding: chunked
01:14:51.735 [Test worker] DEBUG com.github.dockerjava.zerodep.shaded.org.apache.hc.client5.http.impl.classic.MainClientExec - ex-00000053: connection can be kept alive for 3 MINUTES
01:14:51.737 [Test worker] DEBUG com.github.dockerjava.zerodep.shaded.org.apache.hc.client5.http.wire - http-outgoing-2 << "18c1[\r][\n]"
01:14:51.738 [Test worker] DEBUG com.github.dockerjava.zerodep.shaded.org.apache.hc.client5.http.wire - http-outgoing-2 << "{"Id":"cd5ecdf38df06b4092e6cf67100cd20ad9c3cb4b6e9303874a7bd89885b140c9","Created":"2023-03-28T04:14:43.179040379Z","Path":"docker-entrypoint.sh","Args":["mysqld"],"State":{"Status":"running","Running":true,"Paused":false,"Restarting":false,"OOMKilled":false,"Dead":false,"Pid":20152,"ExitCode":0,"Error":"","StartedAt":"2023-03-28T04:14:43.680338005Z","FinishedAt":"0001-01-01T00:00:00Z"},"Image":"sha256:c7c54c29e20dccc1aefb936c8eba8bb8b98b87a4921102aba87fde2df5810af9","ResolvConfPath":"/var/lib/docker/containers/cd5ecdf38df06b4092e6cf67100cd20ad9c3cb4b6e9303874a7bd89885b140c9/resolv.conf","HostnamePath":"/var/lib/docker/containers/cd5ecdf38df06b4092e6cf67100cd20ad9c3cb4b6e9303874a7bd89885b140c9/hostname","HostsPath":"/var/lib/docker/containers/cd5ecdf38df06b4092e6cf67100cd20ad9c3cb4b6e9303874a7bd89885b140c9/hosts","LogPath":"/var/lib/docker/containers/cd5ecdf38df06b4092e6cf67100cd20ad9c3cb4b6e9303874a7bd89885b140c9/cd5ecdf38df06b4092e6cf67100cd20ad9c3cb4b6e9303874a7bd89885b140c9-json.log","Name":"/keen_matsumoto","RestartCount":0,"Driver":"overlay2","Platform":"linux","MountLabel":"","ProcessLabel":"","AppArmorProfile":"","ExecIDs":null,"HostConfig":{"Binds":[],"ContainerIDFile":"","LogConfig":{"Type":"json-file","Config":{}},"NetworkMode":"default","PortBindings":{"3306/tcp":[{"HostIp":"0.0.0.0","HostPort":"0"}]},"RestartPolicy":{"Name":"","MaximumRetryCount":0},"AutoRemove":false,"VolumeDriver":"","VolumesFrom":[],"CapAdd":null,"CapDrop":null,"CgroupnsMode":"private","Dns":null,"DnsOptions":null,"DnsSearch":null,"ExtraHosts":[],"GroupAdd":null,"IpcMode":"shareable","Cgroup":"","Links":null,"OomScoreAdj":0,"PidMode":"","Privileged":false,"PublishAllPorts":false,"ReadonlyRootfs":false,"SecurityOpt":null,"UTSMode":"","UsernsMode":"","ShmSize":67108864,"Runtime":"runc","ConsoleSize":[0,0],"Isolation":"","CpuShares":0,"Memory":0,"NanoCpus":0,"CgroupParent":"","BlkioWeight":0,"BlkioWeightDevice":null,"BlkioDeviceReadBps":null,"BlkioDeviceWriteBps":null,"BlkioDeviceReadIOps":null,"BlkioDeviceWriteIOps":null,"CpuPeriod":0,"CpuQuota":0,"CpuRealtimePeriod":0,"CpuRealtimeRuntime":0,"CpusetCpus":"","CpusetMems":"","Devices":null,"DeviceCgroupRules":null,"DeviceRequests":null,"KernelMemory":0,"KernelMemoryTCP":0,"MemoryReservation":0,"MemorySwap":0,"MemorySwappiness":null,"OomKillDisable":null,"PidsLimit":null,"Ulimits":null,"CpuCount":0,"CpuPercent":0,"IOMaximumIOps":0,"IOMaximumBandwidth":0,"MaskedPaths":["/proc/asound","/proc/acpi","/proc/kcore","/proc/keys","/proc/latency_stats","/proc/timer_list","/proc/timer_stats","/proc/sched_debug","/proc/scsi","/sys/firmware"],"ReadonlyPaths":["/proc/bus","/proc/fs","/proc/irq","/proc/sys","/proc/sysrq-trigger"]},"GraphDriver":{"Data":{"LowerDir":"/var/lib/docker/overlay2/830e690ec83ecff869b59e4f673c0c63b2bc5c068e9f710933e6f61763699fd2-init/diff:/var/lib/docker/overlay2/1bd8849d7a296305617011f940aa5cfabbe972a513397b1b6bbc27639b6c1f30/diff:/var/lib/docker/overlay2/199d69b2fbf78af4d4c95dec4fd2f8835ab0347eb49fb20ebb2ff3b99fedd6ad/diff:/var/lib/docker/overlay2/d83c38d654989311f75b9491329846033bfb7714de76ef635380dcfad5c740d9/diff:/var/lib/docker/overlay2/08600d0aea2ab2728bebcf5d2589c640a842f53d1ba3c4a4adccb4d03b923cf6/diff:/var/lib/docker/overlay2/9ec7c63a3fb14d13ac788bbf5e282ca821edc41260b79944e5e631037d13ecda/diff:/var/lib/docker/overlay2/db601d7a1b4ea6da638db620462f0da96fa55c559d02269c9ddb09027936ed87/diff:/var/lib/docker/overlay2/a6d2bd03f942e2565f21e74cfe152c7ec836a1c2b583f0790c685b92bdcfda24/diff:/var/lib/docker/overlay2/9badd16ea2c5e2bf1fde8b579683e41137dfc46ed5449234149f199a6751cc84/diff:/var/lib/docker/overlay2/6efb85646ed12e2d1181ef4cc6f6f6732c00c15a4035fe17ebc4f075ca573c30/diff:/var/lib/docker/overlay2/895d7c0ec09144d6ed33936f4e98e11c18010f7abd708cae1ce43aec7a7f2621/diff:/var/lib/docker/overlay2/1c4ba77aa573ab6e5e5069fd15eae71b3da940bde0f97a922a227ffc8a1d1096/diff","MergedDir":"/var/lib/docker/overlay2/830e690ec83ecff869b59e4f673c0c63b2bc5c068e9f710933e6f61763699fd2/merged","UpperDir":"/var/lib/docker/overlay2/830e690ec83ecff869b59e4f673c0c63b2bc5c068e9f710933e6f61763699fd2/diff","WorkDir":"/var/lib/docker/overlay2/830e690ec83ecff869b59e4f673c0c63b2bc5c068e9f710933e6f61763699fd2/work"},"Name":"overlay2"},"Mounts":[{"Type":"volume","Name":"25868b8cea8ad6eba7f00a6fe83e8848def5cff8aab5c5943024031400fa063d","Source":"/var/lib/docker/volumes/25868b8cea8ad6eba7f00a6fe83e8848def5cff8aab5c5943024031400fa063d/_data","Destination":"/var/lib/mysql","Driver":"local","Mode":"","RW":true,"Propagation":""}],"Config":{"Hostname":"cd5ecdf38df0","Domainname":"","User":"","AttachStdin":false,"AttachStdout":false,"AttachStderr":false,"ExposedPorts":{"3306/tcp":{},"33060/tcp":{}},"Tty":false,"OpenStdin":false,"StdinOnce":false,"Env":["MYSQL_DATABASE=adm_videos","MYSQL_PASSWORD=123456","MYSQL_ROOT_PASSWORD=123456","PATH=/usr/local/sbin:/usr/local/bin:/usr/sbin:/usr/bin:/sbin:/bin","GOSU_VERSION=1.16","MYSQL_MAJOR=8.0","MYSQL_VERSION=8.0.32-1.el8","MYSQL_SHELL_VERSION=8.0.32-1.el8"],"Cmd":["mysqld"],"Image":"mysql:latest","Volumes":{"/var/lib/mysql":{}},"WorkingDir":"","Entrypoint":["docker-entrypoint.sh"],"OnBuild":null,"Labels":{"org.testcontainers":"true","org.testcontainers.lang":"java","org.testcontainers.sessionId":"71b9672a-6f61-4546-a7b6-d603100b2e56","org.testcontainers.version":"1.17.6"}},"NetworkSettings":{"Bridge":"","SandboxID":"56762d63452c709eadac6b5c5f4b6cdd30da833580c632f91fd658806eaf4ddb","HairpinMode":false,"LinkLocalIPv6Address":"","LinkLocalIPv6PrefixLen":0,"Ports":{"3306/tcp":[{"HostIp":"0.0.0.0","HostPort":"63819"}],"33060/tcp":null},"SandboxKey":"/var/run/docker/netns/56762d63452c","SecondaryIPAddresses":null,"SecondaryIPv6Addresses":null,"EndpointID":"92fc2600684327987bceb8e2716a72ba2420fccd56812c1491af8c03946e105c","Gateway":"172.17.0.1","GlobalIPv6Address":"","GlobalIPv6PrefixLen":0,"IPAddress":"172.17.0.3","IPPrefixLen":16,"IPv6Gateway":"","MacAddress":"02:42:ac:11:00:03","Networks":{"bridge":{"IPAMConfig":null,"Links":null,"Aliases":null,"NetworkID":"308e234c143065751b16b4500cb9f48d5c7fc2116504b3d816a5e51cd4771062","EndpointID":"92fc2600684327987bceb8e2716a72ba2420fccd56812c1491af8c03946e105c","Gateway":"172.17.0.1","IPAddress":"172.17.0.3","IPPrefixLen":16,"IPv6Gateway":"","GlobalIPv6Address":"","GlobalIPv6PrefixLen":0,"MacAddress":"02:42:ac:11:00:03","DriverOpts":null}}}}[\n]"
01:14:51.738 [Test worker] DEBUG com.github.dockerjava.zerodep.shaded.org.apache.hc.client5.http.wire - http-outgoing-2 << "[\r][\n]"
01:14:51.739 [Test worker] DEBUG com.github.dockerjava.zerodep.shaded.org.apache.hc.client5.http.wire - http-outgoing-2 << "0[\r][\n]"
01:14:51.739 [Test worker] DEBUG com.github.dockerjava.zerodep.shaded.org.apache.hc.client5.http.wire - http-outgoing-2 << "[\r][\n]"
01:14:51.739 [Test worker] DEBUG com.github.dockerjava.zerodep.shaded.org.apache.hc.client5.http.impl.classic.InternalHttpClient - ep-00000052: releasing valid endpoint
01:14:51.739 [Test worker] DEBUG com.github.dockerjava.zerodep.shaded.org.apache.hc.client5.http.impl.io.PoolingHttpClientConnectionManager - ep-00000052: releasing endpoint
01:14:51.739 [Test worker] DEBUG com.github.dockerjava.zerodep.shaded.org.apache.hc.client5.http.impl.io.PoolingHttpClientConnectionManager - ep-00000052: connection http-outgoing-2 can be kept alive for 3 MINUTES
01:14:51.739 [Test worker] DEBUG com.github.dockerjava.zerodep.shaded.org.apache.hc.client5.http.impl.io.PoolingHttpClientConnectionManager - ep-00000052: connection released [route: {}->unix://localhost:2375][total available: 1; route allocated: 1 of 2147483647; total allocated: 1 of 2147483647]
01:14:51.739 [Test worker] DEBUG ]]>&#x1f433;<![CDATA[ [mysql:latest] - Trying to create JDBC connection using com.mysql.cj.jdbc.Driver to jdbc:mysql://localhost:63819/adm_videos?useSSL=false&allowPublicKeyRetrieval=true with properties: {password=123456, user=root}
01:14:51.845 [Test worker] DEBUG org.testcontainers.shaded.com.github.dockerjava.core.command.AbstrDockerCmd - Cmd: cd5ecdf38df06b4092e6cf67100cd20ad9c3cb4b6e9303874a7bd89885b140c9,false
01:14:51.845 [Test worker] DEBUG org.testcontainers.shaded.com.github.dockerjava.core.exec.InspectContainerCmdExec - GET: DefaultWebTarget{path=[/containers/cd5ecdf38df06b4092e6cf67100cd20ad9c3cb4b6e9303874a7bd89885b140c9/json], queryParams={}}
01:14:51.846 [Test worker] DEBUG com.github.dockerjava.zerodep.shaded.org.apache.hc.client5.http.impl.classic.InternalHttpClient - ex-00000054: preparing request execution
01:14:51.846 [Test worker] DEBUG com.github.dockerjava.zerodep.shaded.org.apache.hc.client5.http.protocol.RequestAddCookies - Cookie spec selected: strict
01:14:51.846 [Test worker] DEBUG com.github.dockerjava.zerodep.shaded.org.apache.hc.client5.http.protocol.RequestAuthCache - Auth cache not set in the context
01:14:51.846 [Test worker] DEBUG com.github.dockerjava.zerodep.shaded.org.apache.hc.client5.http.impl.classic.ProtocolExec - ex-00000054: target auth state: UNCHALLENGED
01:14:51.846 [Test worker] DEBUG com.github.dockerjava.zerodep.shaded.org.apache.hc.client5.http.impl.classic.ProtocolExec - ex-00000054: proxy auth state: UNCHALLENGED
01:14:51.846 [Test worker] DEBUG com.github.dockerjava.zerodep.shaded.org.apache.hc.client5.http.impl.classic.ConnectExec - ex-00000054: acquiring connection with route {}->unix://localhost:2375
01:14:51.846 [Test worker] DEBUG com.github.dockerjava.zerodep.shaded.org.apache.hc.client5.http.impl.classic.InternalHttpClient - ex-00000054: acquiring endpoint (3 MINUTES)
01:14:51.846 [Test worker] DEBUG com.github.dockerjava.zerodep.shaded.org.apache.hc.client5.http.impl.io.PoolingHttpClientConnectionManager - ex-00000054: endpoint lease request (3 MINUTES) [route: {}->unix://localhost:2375][total available: 1; route allocated: 1 of 2147483647; total allocated: 1 of 2147483647]
01:14:51.846 [Test worker] DEBUG com.github.dockerjava.zerodep.shaded.org.apache.hc.client5.http.impl.io.PoolingHttpClientConnectionManager - ex-00000054: endpoint leased [route: {}->unix://localhost:2375][total available: 0; route allocated: 1 of 2147483647; total allocated: 1 of 2147483647]
01:14:51.846 [Test worker] DEBUG com.github.dockerjava.zerodep.shaded.org.apache.hc.client5.http.impl.io.PoolingHttpClientConnectionManager - ex-00000054: acquired ep-00000053
01:14:51.846 [Test worker] DEBUG com.github.dockerjava.zerodep.shaded.org.apache.hc.client5.http.impl.classic.InternalHttpClient - ex-00000054: acquired endpoint ep-00000053
01:14:51.846 [Test worker] DEBUG com.github.dockerjava.zerodep.shaded.org.apache.hc.client5.http.impl.classic.MainClientExec - ex-00000054: executing GET /v1.32/containers/cd5ecdf38df06b4092e6cf67100cd20ad9c3cb4b6e9303874a7bd89885b140c9/json HTTP/1.1
01:14:51.846 [Test worker] DEBUG com.github.dockerjava.zerodep.shaded.org.apache.hc.client5.http.impl.classic.InternalHttpClient - ep-00000053: start execution ex-00000054
01:14:51.846 [Test worker] DEBUG com.github.dockerjava.zerodep.shaded.org.apache.hc.client5.http.impl.io.PoolingHttpClientConnectionManager - ep-00000053: executing exchange ex-00000054 over http-outgoing-2
01:14:51.846 [Test worker] DEBUG com.github.dockerjava.zerodep.shaded.org.apache.hc.client5.http.headers - http-outgoing-2 >> GET /v1.32/containers/cd5ecdf38df06b4092e6cf67100cd20ad9c3cb4b6e9303874a7bd89885b140c9/json HTTP/1.1
01:14:51.846 [Test worker] DEBUG com.github.dockerjava.zerodep.shaded.org.apache.hc.client5.http.headers - http-outgoing-2 >> accept: application/json
01:14:51.846 [Test worker] DEBUG com.github.dockerjava.zerodep.shaded.org.apache.hc.client5.http.headers - http-outgoing-2 >> x-tc-sid: 71b9672a-6f61-4546-a7b6-d603100b2e56
01:14:51.846 [Test worker] DEBUG com.github.dockerjava.zerodep.shaded.org.apache.hc.client5.http.headers - http-outgoing-2 >> Accept-Encoding: gzip, x-gzip, deflate
01:14:51.846 [Test worker] DEBUG com.github.dockerjava.zerodep.shaded.org.apache.hc.client5.http.headers - http-outgoing-2 >> Host: localhost:2375
01:14:51.846 [Test worker] DEBUG com.github.dockerjava.zerodep.shaded.org.apache.hc.client5.http.headers - http-outgoing-2 >> Connection: keep-alive
01:14:51.846 [Test worker] DEBUG com.github.dockerjava.zerodep.shaded.org.apache.hc.client5.http.headers - http-outgoing-2 >> User-Agent: Apache-HttpClient/5.0.3 (Java/17.0.2)
01:14:51.846 [Test worker] DEBUG com.github.dockerjava.zerodep.shaded.org.apache.hc.client5.http.wire - http-outgoing-2 >> "GET /v1.32/containers/cd5ecdf38df06b4092e6cf67100cd20ad9c3cb4b6e9303874a7bd89885b140c9/json HTTP/1.1[\r][\n]"
01:14:51.846 [Test worker] DEBUG com.github.dockerjava.zerodep.shaded.org.apache.hc.client5.http.wire - http-outgoing-2 >> "accept: application/json[\r][\n]"
01:14:51.846 [Test worker] DEBUG com.github.dockerjava.zerodep.shaded.org.apache.hc.client5.http.wire - http-outgoing-2 >> "x-tc-sid: 71b9672a-6f61-4546-a7b6-d603100b2e56[\r][\n]"
01:14:51.846 [Test worker] DEBUG com.github.dockerjava.zerodep.shaded.org.apache.hc.client5.http.wire - http-outgoing-2 >> "Accept-Encoding: gzip, x-gzip, deflate[\r][\n]"
01:14:51.846 [Test worker] DEBUG com.github.dockerjava.zerodep.shaded.org.apache.hc.client5.http.wire - http-outgoing-2 >> "Host: localhost:2375[\r][\n]"
01:14:51.846 [Test worker] DEBUG com.github.dockerjava.zerodep.shaded.org.apache.hc.client5.http.wire - http-outgoing-2 >> "Connection: keep-alive[\r][\n]"
01:14:51.846 [Test worker] DEBUG com.github.dockerjava.zerodep.shaded.org.apache.hc.client5.http.wire - http-outgoing-2 >> "User-Agent: Apache-HttpClient/5.0.3 (Java/17.0.2)[\r][\n]"
01:14:51.846 [Test worker] DEBUG com.github.dockerjava.zerodep.shaded.org.apache.hc.client5.http.wire - http-outgoing-2 >> "[\r][\n]"
01:14:51.848 [Test worker] DEBUG com.github.dockerjava.zerodep.shaded.org.apache.hc.client5.http.wire - http-outgoing-2 << "HTTP/1.1 200 OK[\r][\n]"
01:14:51.848 [Test worker] DEBUG com.github.dockerjava.zerodep.shaded.org.apache.hc.client5.http.wire - http-outgoing-2 << "Api-Version: 1.41[\r][\n]"
01:14:51.848 [Test worker] DEBUG com.github.dockerjava.zerodep.shaded.org.apache.hc.client5.http.wire - http-outgoing-2 << "Content-Type: application/json[\r][\n]"
01:14:51.848 [Test worker] DEBUG com.github.dockerjava.zerodep.shaded.org.apache.hc.client5.http.wire - http-outgoing-2 << "Date: Tue, 28 Mar 2023 04:14:51 GMT[\r][\n]"
01:14:51.848 [Test worker] DEBUG com.github.dockerjava.zerodep.shaded.org.apache.hc.client5.http.wire - http-outgoing-2 << "Docker-Experimental: false[\r][\n]"
01:14:51.848 [Test worker] DEBUG com.github.dockerjava.zerodep.shaded.org.apache.hc.client5.http.wire - http-outgoing-2 << "Ostype: linux[\r][\n]"
01:14:51.848 [Test worker] DEBUG com.github.dockerjava.zerodep.shaded.org.apache.hc.client5.http.wire - http-outgoing-2 << "Server: Docker/20.10.21 (linux)[\r][\n]"
01:14:51.848 [Test worker] DEBUG com.github.dockerjava.zerodep.shaded.org.apache.hc.client5.http.wire - http-outgoing-2 << "Transfer-Encoding: chunked[\r][\n]"
01:14:51.848 [Test worker] DEBUG com.github.dockerjava.zerodep.shaded.org.apache.hc.client5.http.wire - http-outgoing-2 << "[\r][\n]"
01:14:51.848 [Test worker] DEBUG com.github.dockerjava.zerodep.shaded.org.apache.hc.client5.http.headers - http-outgoing-2 << HTTP/1.1 200 OK
01:14:51.848 [Test worker] DEBUG com.github.dockerjava.zerodep.shaded.org.apache.hc.client5.http.headers - http-outgoing-2 << Api-Version: 1.41
01:14:51.849 [Test worker] DEBUG com.github.dockerjava.zerodep.shaded.org.apache.hc.client5.http.headers - http-outgoing-2 << Content-Type: application/json
01:14:51.849 [Test worker] DEBUG com.github.dockerjava.zerodep.shaded.org.apache.hc.client5.http.headers - http-outgoing-2 << Date: Tue, 28 Mar 2023 04:14:51 GMT
01:14:51.849 [Test worker] DEBUG com.github.dockerjava.zerodep.shaded.org.apache.hc.client5.http.headers - http-outgoing-2 << Docker-Experimental: false
01:14:51.849 [Test worker] DEBUG com.github.dockerjava.zerodep.shaded.org.apache.hc.client5.http.headers - http-outgoing-2 << Ostype: linux
01:14:51.849 [Test worker] DEBUG com.github.dockerjava.zerodep.shaded.org.apache.hc.client5.http.headers - http-outgoing-2 << Server: Docker/20.10.21 (linux)
01:14:51.849 [Test worker] DEBUG com.github.dockerjava.zerodep.shaded.org.apache.hc.client5.http.headers - http-outgoing-2 << Transfer-Encoding: chunked
01:14:51.849 [Test worker] DEBUG com.github.dockerjava.zerodep.shaded.org.apache.hc.client5.http.impl.classic.MainClientExec - ex-00000054: connection can be kept alive for 3 MINUTES
01:14:51.850 [Test worker] DEBUG com.github.dockerjava.zerodep.shaded.org.apache.hc.client5.http.wire - http-outgoing-2 << "18c1[\r][\n]"
01:14:51.850 [Test worker] DEBUG com.github.dockerjava.zerodep.shaded.org.apache.hc.client5.http.wire - http-outgoing-2 << "{"Id":"cd5ecdf38df06b4092e6cf67100cd20ad9c3cb4b6e9303874a7bd89885b140c9","Created":"2023-03-28T04:14:43.179040379Z","Path":"docker-entrypoint.sh","Args":["mysqld"],"State":{"Status":"running","Running":true,"Paused":false,"Restarting":false,"OOMKilled":false,"Dead":false,"Pid":20152,"ExitCode":0,"Error":"","StartedAt":"2023-03-28T04:14:43.680338005Z","FinishedAt":"0001-01-01T00:00:00Z"},"Image":"sha256:c7c54c29e20dccc1aefb936c8eba8bb8b98b87a4921102aba87fde2df5810af9","ResolvConfPath":"/var/lib/docker/containers/cd5ecdf38df06b4092e6cf67100cd20ad9c3cb4b6e9303874a7bd89885b140c9/resolv.conf","HostnamePath":"/var/lib/docker/containers/cd5ecdf38df06b4092e6cf67100cd20ad9c3cb4b6e9303874a7bd89885b140c9/hostname","HostsPath":"/var/lib/docker/containers/cd5ecdf38df06b4092e6cf67100cd20ad9c3cb4b6e9303874a7bd89885b140c9/hosts","LogPath":"/var/lib/docker/containers/cd5ecdf38df06b4092e6cf67100cd20ad9c3cb4b6e9303874a7bd89885b140c9/cd5ecdf38df06b4092e6cf67100cd20ad9c3cb4b6e9303874a7bd89885b140c9-json.log","Name":"/keen_matsumoto","RestartCount":0,"Driver":"overlay2","Platform":"linux","MountLabel":"","ProcessLabel":"","AppArmorProfile":"","ExecIDs":null,"HostConfig":{"Binds":[],"ContainerIDFile":"","LogConfig":{"Type":"json-file","Config":{}},"NetworkMode":"default","PortBindings":{"3306/tcp":[{"HostIp":"0.0.0.0","HostPort":"0"}]},"RestartPolicy":{"Name":"","MaximumRetryCount":0},"AutoRemove":false,"VolumeDriver":"","VolumesFrom":[],"CapAdd":null,"CapDrop":null,"CgroupnsMode":"private","Dns":null,"DnsOptions":null,"DnsSearch":null,"ExtraHosts":[],"GroupAdd":null,"IpcMode":"shareable","Cgroup":"","Links":null,"OomScoreAdj":0,"PidMode":"","Privileged":false,"PublishAllPorts":false,"ReadonlyRootfs":false,"SecurityOpt":null,"UTSMode":"","UsernsMode":"","ShmSize":67108864,"Runtime":"runc","ConsoleSize":[0,0],"Isolation":"","CpuShares":0,"Memory":0,"NanoCpus":0,"CgroupParent":"","BlkioWeight":0,"BlkioWeightDevice":null,"BlkioDeviceReadBps":null,"BlkioDeviceWriteBps":null,"BlkioDeviceReadIOps":null,"BlkioDeviceWriteIOps":null,"CpuPeriod":0,"CpuQuota":0,"CpuRealtimePeriod":0,"CpuRealtimeRuntime":0,"CpusetCpus":"","CpusetMems":"","Devices":null,"DeviceCgroupRules":null,"DeviceRequests":null,"KernelMemory":0,"KernelMemoryTCP":0,"MemoryReservation":0,"MemorySwap":0,"MemorySwappiness":null,"OomKillDisable":null,"PidsLimit":null,"Ulimits":null,"CpuCount":0,"CpuPercent":0,"IOMaximumIOps":0,"IOMaximumBandwidth":0,"MaskedPaths":["/proc/asound","/proc/acpi","/proc/kcore","/proc/keys","/proc/latency_stats","/proc/timer_list","/proc/timer_stats","/proc/sched_debug","/proc/scsi","/sys/firmware"],"ReadonlyPaths":["/proc/bus","/proc/fs","/proc/irq","/proc/sys","/proc/sysrq-trigger"]},"GraphDriver":{"Data":{"LowerDir":"/var/lib/docker/overlay2/830e690ec83ecff869b59e4f673c0c63b2bc5c068e9f710933e6f61763699fd2-init/diff:/var/lib/docker/overlay2/1bd8849d7a296305617011f940aa5cfabbe972a513397b1b6bbc27639b6c1f30/diff:/var/lib/docker/overlay2/199d69b2fbf78af4d4c95dec4fd2f8835ab0347eb49fb20ebb2ff3b99fedd6ad/diff:/var/lib/docker/overlay2/d83c38d654989311f75b9491329846033bfb7714de76ef635380dcfad5c740d9/diff:/var/lib/docker/overlay2/08600d0aea2ab2728bebcf5d2589c640a842f53d1ba3c4a4adccb4d03b923cf6/diff:/var/lib/docker/overlay2/9ec7c63a3fb14d13ac788bbf5e282ca821edc41260b79944e5e631037d13ecda/diff:/var/lib/docker/overlay2/db601d7a1b4ea6da638db620462f0da96fa55c559d02269c9ddb09027936ed87/diff:/var/lib/docker/overlay2/a6d2bd03f942e2565f21e74cfe152c7ec836a1c2b583f0790c685b92bdcfda24/diff:/var/lib/docker/overlay2/9badd16ea2c5e2bf1fde8b579683e41137dfc46ed5449234149f199a6751cc84/diff:/var/lib/docker/overlay2/6efb85646ed12e2d1181ef4cc6f6f6732c00c15a4035fe17ebc4f075ca573c30/diff:/var/lib/docker/overlay2/895d7c0ec09144d6ed33936f4e98e11c18010f7abd708cae1ce43aec7a7f2621/diff:/var/lib/docker/overlay2/1c4ba77aa573ab6e5e5069fd15eae71b3da940bde0f97a922a227ffc8a1d1096/diff","MergedDir":"/var/lib/docker/overlay2/830e690ec83ecff869b59e4f673c0c63b2bc5c068e9f710933e6f61763699fd2/merged","UpperDir":"/var/lib/docker/overlay2/830e690ec83ecff869b59e4f673c0c63b2bc5c068e9f710933e6f61763699fd2/diff","WorkDir":"/var/lib/docker/overlay2/830e690ec83ecff869b59e4f673c0c63b2bc5c068e9f710933e6f61763699fd2/work"},"Name":"overlay2"},"Mounts":[{"Type":"volume","Name":"25868b8cea8ad6eba7f00a6fe83e8848def5cff8aab5c5943024031400fa063d","Source":"/var/lib/docker/volumes/25868b8cea8ad6eba7f00a6fe83e8848def5cff8aab5c5943024031400fa063d/_data","Destination":"/var/lib/mysql","Driver":"local","Mode":"","RW":true,"Propagation":""}],"Config":{"Hostname":"cd5ecdf38df0","Domainname":"","User":"","AttachStdin":false,"AttachStdout":false,"AttachStderr":false,"ExposedPorts":{"3306/tcp":{},"33060/tcp":{}},"Tty":false,"OpenStdin":false,"StdinOnce":false,"Env":["MYSQL_DATABASE=adm_videos","MYSQL_PASSWORD=123456","MYSQL_ROOT_PASSWORD=123456","PATH=/usr/local/sbin:/usr/local/bin:/usr/sbin:/usr/bin:/sbin:/bin","GOSU_VERSION=1.16","MYSQL_MAJOR=8.0","MYSQL_VERSION=8.0.32-1.el8","MYSQL_SHELL_VERSION=8.0.32-1.el8"],"Cmd":["mysqld"],"Image":"mysql:latest","Volumes":{"/var/lib/mysql":{}},"WorkingDir":"","Entrypoint":["docker-entrypoint.sh"],"OnBuild":null,"Labels":{"org.testcontainers":"true","org.testcontainers.lang":"java","org.testcontainers.sessionId":"71b9672a-6f61-4546-a7b6-d603100b2e56","org.testcontainers.version":"1.17.6"}},"NetworkSettings":{"Bridge":"","SandboxID":"56762d63452c709eadac6b5c5f4b6cdd30da833580c632f91fd658806eaf4ddb","HairpinMode":false,"LinkLocalIPv6Address":"","LinkLocalIPv6PrefixLen":0,"Ports":{"3306/tcp":[{"HostIp":"0.0.0.0","HostPort":"63819"}],"33060/tcp":null},"SandboxKey":"/var/run/docker/netns/56762d63452c","SecondaryIPAddresses":null,"SecondaryIPv6Addresses":null,"EndpointID":"92fc2600684327987bceb8e2716a72ba2420fccd56812c1491af8c03946e105c","Gateway":"172.17.0.1","GlobalIPv6Address":"","GlobalIPv6PrefixLen":0,"IPAddress":"172.17.0.3","IPPrefixLen":16,"IPv6Gateway":"","MacAddress":"02:42:ac:11:00:03","Networks":{"bridge":{"IPAMConfig":null,"Links":null,"Aliases":null,"NetworkID":"308e234c143065751b16b4500cb9f48d5c7fc2116504b3d816a5e51cd4771062","EndpointID":"92fc2600684327987bceb8e2716a72ba2420fccd56812c1491af8c03946e105c","Gateway":"172.17.0.1","IPAddress":"172.17.0.3","IPPrefixLen":16,"IPv6Gateway":"","GlobalIPv6Address":"","GlobalIPv6PrefixLen":0,"MacAddress":"02:42:ac:11:00:03","DriverOpts":null}}}}[\n]"
01:14:51.850 [Test worker] DEBUG com.github.dockerjava.zerodep.shaded.org.apache.hc.client5.http.wire - http-outgoing-2 << "[\r][\n]"
01:14:51.850 [Test worker] DEBUG com.github.dockerjava.zerodep.shaded.org.apache.hc.client5.http.wire - http-outgoing-2 << "0[\r][\n]"
01:14:51.850 [Test worker] DEBUG com.github.dockerjava.zerodep.shaded.org.apache.hc.client5.http.wire - http-outgoing-2 << "[\r][\n]"
01:14:51.850 [Test worker] DEBUG com.github.dockerjava.zerodep.shaded.org.apache.hc.client5.http.impl.classic.InternalHttpClient - ep-00000053: releasing valid endpoint
01:14:51.850 [Test worker] DEBUG com.github.dockerjava.zerodep.shaded.org.apache.hc.client5.http.impl.io.PoolingHttpClientConnectionManager - ep-00000053: releasing endpoint
01:14:51.851 [Test worker] DEBUG com.github.dockerjava.zerodep.shaded.org.apache.hc.client5.http.impl.io.PoolingHttpClientConnectionManager - ep-00000053: connection http-outgoing-2 can be kept alive for 3 MINUTES
01:14:51.851 [Test worker] DEBUG com.github.dockerjava.zerodep.shaded.org.apache.hc.client5.http.impl.io.PoolingHttpClientConnectionManager - ep-00000053: connection released [route: {}->unix://localhost:2375][total available: 1; route allocated: 1 of 2147483647; total allocated: 1 of 2147483647]
01:14:51.851 [Test worker] DEBUG ]]>&#x1f433;<![CDATA[ [mysql:latest] - Trying to create JDBC connection using com.mysql.cj.jdbc.Driver to jdbc:mysql://localhost:63819/adm_videos?useSSL=false&allowPublicKeyRetrieval=true with properties: {password=123456, user=root}
01:14:51.953 [Test worker] DEBUG org.testcontainers.shaded.com.github.dockerjava.core.command.AbstrDockerCmd - Cmd: cd5ecdf38df06b4092e6cf67100cd20ad9c3cb4b6e9303874a7bd89885b140c9,false
01:14:51.953 [Test worker] DEBUG org.testcontainers.shaded.com.github.dockerjava.core.exec.InspectContainerCmdExec - GET: DefaultWebTarget{path=[/containers/cd5ecdf38df06b4092e6cf67100cd20ad9c3cb4b6e9303874a7bd89885b140c9/json], queryParams={}}
01:14:51.953 [Test worker] DEBUG com.github.dockerjava.zerodep.shaded.org.apache.hc.client5.http.impl.classic.InternalHttpClient - ex-00000055: preparing request execution
01:14:51.954 [Test worker] DEBUG com.github.dockerjava.zerodep.shaded.org.apache.hc.client5.http.protocol.RequestAddCookies - Cookie spec selected: strict
01:14:51.954 [Test worker] DEBUG com.github.dockerjava.zerodep.shaded.org.apache.hc.client5.http.protocol.RequestAuthCache - Auth cache not set in the context
01:14:51.954 [Test worker] DEBUG com.github.dockerjava.zerodep.shaded.org.apache.hc.client5.http.impl.classic.ProtocolExec - ex-00000055: target auth state: UNCHALLENGED
01:14:51.954 [Test worker] DEBUG com.github.dockerjava.zerodep.shaded.org.apache.hc.client5.http.impl.classic.ProtocolExec - ex-00000055: proxy auth state: UNCHALLENGED
01:14:51.954 [Test worker] DEBUG com.github.dockerjava.zerodep.shaded.org.apache.hc.client5.http.impl.classic.ConnectExec - ex-00000055: acquiring connection with route {}->unix://localhost:2375
01:14:51.954 [Test worker] DEBUG com.github.dockerjava.zerodep.shaded.org.apache.hc.client5.http.impl.classic.InternalHttpClient - ex-00000055: acquiring endpoint (3 MINUTES)
01:14:51.954 [Test worker] DEBUG com.github.dockerjava.zerodep.shaded.org.apache.hc.client5.http.impl.io.PoolingHttpClientConnectionManager - ex-00000055: endpoint lease request (3 MINUTES) [route: {}->unix://localhost:2375][total available: 1; route allocated: 1 of 2147483647; total allocated: 1 of 2147483647]
01:14:51.954 [Test worker] DEBUG com.github.dockerjava.zerodep.shaded.org.apache.hc.client5.http.impl.io.PoolingHttpClientConnectionManager - ex-00000055: endpoint leased [route: {}->unix://localhost:2375][total available: 0; route allocated: 1 of 2147483647; total allocated: 1 of 2147483647]
01:14:51.954 [Test worker] DEBUG com.github.dockerjava.zerodep.shaded.org.apache.hc.client5.http.impl.io.PoolingHttpClientConnectionManager - ex-00000055: acquired ep-00000054
01:14:51.954 [Test worker] DEBUG com.github.dockerjava.zerodep.shaded.org.apache.hc.client5.http.impl.classic.InternalHttpClient - ex-00000055: acquired endpoint ep-00000054
01:14:51.954 [Test worker] DEBUG com.github.dockerjava.zerodep.shaded.org.apache.hc.client5.http.impl.classic.MainClientExec - ex-00000055: executing GET /v1.32/containers/cd5ecdf38df06b4092e6cf67100cd20ad9c3cb4b6e9303874a7bd89885b140c9/json HTTP/1.1
01:14:51.954 [Test worker] DEBUG com.github.dockerjava.zerodep.shaded.org.apache.hc.client5.http.impl.classic.InternalHttpClient - ep-00000054: start execution ex-00000055
01:14:51.954 [Test worker] DEBUG com.github.dockerjava.zerodep.shaded.org.apache.hc.client5.http.impl.io.PoolingHttpClientConnectionManager - ep-00000054: executing exchange ex-00000055 over http-outgoing-2
01:14:51.954 [Test worker] DEBUG com.github.dockerjava.zerodep.shaded.org.apache.hc.client5.http.headers - http-outgoing-2 >> GET /v1.32/containers/cd5ecdf38df06b4092e6cf67100cd20ad9c3cb4b6e9303874a7bd89885b140c9/json HTTP/1.1
01:14:51.954 [Test worker] DEBUG com.github.dockerjava.zerodep.shaded.org.apache.hc.client5.http.headers - http-outgoing-2 >> accept: application/json
01:14:51.954 [Test worker] DEBUG com.github.dockerjava.zerodep.shaded.org.apache.hc.client5.http.headers - http-outgoing-2 >> x-tc-sid: 71b9672a-6f61-4546-a7b6-d603100b2e56
01:14:51.954 [Test worker] DEBUG com.github.dockerjava.zerodep.shaded.org.apache.hc.client5.http.headers - http-outgoing-2 >> Accept-Encoding: gzip, x-gzip, deflate
01:14:51.954 [Test worker] DEBUG com.github.dockerjava.zerodep.shaded.org.apache.hc.client5.http.headers - http-outgoing-2 >> Host: localhost:2375
01:14:51.954 [Test worker] DEBUG com.github.dockerjava.zerodep.shaded.org.apache.hc.client5.http.headers - http-outgoing-2 >> Connection: keep-alive
01:14:51.954 [Test worker] DEBUG com.github.dockerjava.zerodep.shaded.org.apache.hc.client5.http.headers - http-outgoing-2 >> User-Agent: Apache-HttpClient/5.0.3 (Java/17.0.2)
01:14:51.954 [Test worker] DEBUG com.github.dockerjava.zerodep.shaded.org.apache.hc.client5.http.wire - http-outgoing-2 >> "GET /v1.32/containers/cd5ecdf38df06b4092e6cf67100cd20ad9c3cb4b6e9303874a7bd89885b140c9/json HTTP/1.1[\r][\n]"
01:14:51.954 [Test worker] DEBUG com.github.dockerjava.zerodep.shaded.org.apache.hc.client5.http.wire - http-outgoing-2 >> "accept: application/json[\r][\n]"
01:14:51.954 [Test worker] DEBUG com.github.dockerjava.zerodep.shaded.org.apache.hc.client5.http.wire - http-outgoing-2 >> "x-tc-sid: 71b9672a-6f61-4546-a7b6-d603100b2e56[\r][\n]"
01:14:51.954 [Test worker] DEBUG com.github.dockerjava.zerodep.shaded.org.apache.hc.client5.http.wire - http-outgoing-2 >> "Accept-Encoding: gzip, x-gzip, deflate[\r][\n]"
01:14:51.954 [Test worker] DEBUG com.github.dockerjava.zerodep.shaded.org.apache.hc.client5.http.wire - http-outgoing-2 >> "Host: localhost:2375[\r][\n]"
01:14:51.954 [Test worker] DEBUG com.github.dockerjava.zerodep.shaded.org.apache.hc.client5.http.wire - http-outgoing-2 >> "Connection: keep-alive[\r][\n]"
01:14:51.954 [Test worker] DEBUG com.github.dockerjava.zerodep.shaded.org.apache.hc.client5.http.wire - http-outgoing-2 >> "User-Agent: Apache-HttpClient/5.0.3 (Java/17.0.2)[\r][\n]"
01:14:51.954 [Test worker] DEBUG com.github.dockerjava.zerodep.shaded.org.apache.hc.client5.http.wire - http-outgoing-2 >> "[\r][\n]"
01:14:51.956 [Test worker] DEBUG com.github.dockerjava.zerodep.shaded.org.apache.hc.client5.http.wire - http-outgoing-2 << "HTTP/1.1 200 OK[\r][\n]"
01:14:51.956 [Test worker] DEBUG com.github.dockerjava.zerodep.shaded.org.apache.hc.client5.http.wire - http-outgoing-2 << "Api-Version: 1.41[\r][\n]"
01:14:51.956 [Test worker] DEBUG com.github.dockerjava.zerodep.shaded.org.apache.hc.client5.http.wire - http-outgoing-2 << "Content-Type: application/json[\r][\n]"
01:14:51.956 [Test worker] DEBUG com.github.dockerjava.zerodep.shaded.org.apache.hc.client5.http.wire - http-outgoing-2 << "Date: Tue, 28 Mar 2023 04:14:51 GMT[\r][\n]"
01:14:51.956 [Test worker] DEBUG com.github.dockerjava.zerodep.shaded.org.apache.hc.client5.http.wire - http-outgoing-2 << "Docker-Experimental: false[\r][\n]"
01:14:51.956 [Test worker] DEBUG com.github.dockerjava.zerodep.shaded.org.apache.hc.client5.http.wire - http-outgoing-2 << "Ostype: linux[\r][\n]"
01:14:51.956 [Test worker] DEBUG com.github.dockerjava.zerodep.shaded.org.apache.hc.client5.http.wire - http-outgoing-2 << "Server: Docker/20.10.21 (linux)[\r][\n]"
01:14:51.956 [Test worker] DEBUG com.github.dockerjava.zerodep.shaded.org.apache.hc.client5.http.wire - http-outgoing-2 << "Transfer-Encoding: chunked[\r][\n]"
01:14:51.956 [Test worker] DEBUG com.github.dockerjava.zerodep.shaded.org.apache.hc.client5.http.wire - http-outgoing-2 << "[\r][\n]"
01:14:51.956 [Test worker] DEBUG com.github.dockerjava.zerodep.shaded.org.apache.hc.client5.http.headers - http-outgoing-2 << HTTP/1.1 200 OK
01:14:51.956 [Test worker] DEBUG com.github.dockerjava.zerodep.shaded.org.apache.hc.client5.http.headers - http-outgoing-2 << Api-Version: 1.41
01:14:51.956 [Test worker] DEBUG com.github.dockerjava.zerodep.shaded.org.apache.hc.client5.http.headers - http-outgoing-2 << Content-Type: application/json
01:14:51.956 [Test worker] DEBUG com.github.dockerjava.zerodep.shaded.org.apache.hc.client5.http.headers - http-outgoing-2 << Date: Tue, 28 Mar 2023 04:14:51 GMT
01:14:51.956 [Test worker] DEBUG com.github.dockerjava.zerodep.shaded.org.apache.hc.client5.http.headers - http-outgoing-2 << Docker-Experimental: false
01:14:51.956 [Test worker] DEBUG com.github.dockerjava.zerodep.shaded.org.apache.hc.client5.http.headers - http-outgoing-2 << Ostype: linux
01:14:51.956 [Test worker] DEBUG com.github.dockerjava.zerodep.shaded.org.apache.hc.client5.http.headers - http-outgoing-2 << Server: Docker/20.10.21 (linux)
01:14:51.956 [Test worker] DEBUG com.github.dockerjava.zerodep.shaded.org.apache.hc.client5.http.headers - http-outgoing-2 << Transfer-Encoding: chunked
01:14:51.956 [Test worker] DEBUG com.github.dockerjava.zerodep.shaded.org.apache.hc.client5.http.impl.classic.MainClientExec - ex-00000055: connection can be kept alive for 3 MINUTES
01:14:51.957 [Test worker] DEBUG com.github.dockerjava.zerodep.shaded.org.apache.hc.client5.http.wire - http-outgoing-2 << "18c1[\r][\n]"
01:14:51.957 [Test worker] DEBUG com.github.dockerjava.zerodep.shaded.org.apache.hc.client5.http.wire - http-outgoing-2 << "{"Id":"cd5ecdf38df06b4092e6cf67100cd20ad9c3cb4b6e9303874a7bd89885b140c9","Created":"2023-03-28T04:14:43.179040379Z","Path":"docker-entrypoint.sh","Args":["mysqld"],"State":{"Status":"running","Running":true,"Paused":false,"Restarting":false,"OOMKilled":false,"Dead":false,"Pid":20152,"ExitCode":0,"Error":"","StartedAt":"2023-03-28T04:14:43.680338005Z","FinishedAt":"0001-01-01T00:00:00Z"},"Image":"sha256:c7c54c29e20dccc1aefb936c8eba8bb8b98b87a4921102aba87fde2df5810af9","ResolvConfPath":"/var/lib/docker/containers/cd5ecdf38df06b4092e6cf67100cd20ad9c3cb4b6e9303874a7bd89885b140c9/resolv.conf","HostnamePath":"/var/lib/docker/containers/cd5ecdf38df06b4092e6cf67100cd20ad9c3cb4b6e9303874a7bd89885b140c9/hostname","HostsPath":"/var/lib/docker/containers/cd5ecdf38df06b4092e6cf67100cd20ad9c3cb4b6e9303874a7bd89885b140c9/hosts","LogPath":"/var/lib/docker/containers/cd5ecdf38df06b4092e6cf67100cd20ad9c3cb4b6e9303874a7bd89885b140c9/cd5ecdf38df06b4092e6cf67100cd20ad9c3cb4b6e9303874a7bd89885b140c9-json.log","Name":"/keen_matsumoto","RestartCount":0,"Driver":"overlay2","Platform":"linux","MountLabel":"","ProcessLabel":"","AppArmorProfile":"","ExecIDs":null,"HostConfig":{"Binds":[],"ContainerIDFile":"","LogConfig":{"Type":"json-file","Config":{}},"NetworkMode":"default","PortBindings":{"3306/tcp":[{"HostIp":"0.0.0.0","HostPort":"0"}]},"RestartPolicy":{"Name":"","MaximumRetryCount":0},"AutoRemove":false,"VolumeDriver":"","VolumesFrom":[],"CapAdd":null,"CapDrop":null,"CgroupnsMode":"private","Dns":null,"DnsOptions":null,"DnsSearch":null,"ExtraHosts":[],"GroupAdd":null,"IpcMode":"shareable","Cgroup":"","Links":null,"OomScoreAdj":0,"PidMode":"","Privileged":false,"PublishAllPorts":false,"ReadonlyRootfs":false,"SecurityOpt":null,"UTSMode":"","UsernsMode":"","ShmSize":67108864,"Runtime":"runc","ConsoleSize":[0,0],"Isolation":"","CpuShares":0,"Memory":0,"NanoCpus":0,"CgroupParent":"","BlkioWeight":0,"BlkioWeightDevice":null,"BlkioDeviceReadBps":null,"BlkioDeviceWriteBps":null,"BlkioDeviceReadIOps":null,"BlkioDeviceWriteIOps":null,"CpuPeriod":0,"CpuQuota":0,"CpuRealtimePeriod":0,"CpuRealtimeRuntime":0,"CpusetCpus":"","CpusetMems":"","Devices":null,"DeviceCgroupRules":null,"DeviceRequests":null,"KernelMemory":0,"KernelMemoryTCP":0,"MemoryReservation":0,"MemorySwap":0,"MemorySwappiness":null,"OomKillDisable":null,"PidsLimit":null,"Ulimits":null,"CpuCount":0,"CpuPercent":0,"IOMaximumIOps":0,"IOMaximumBandwidth":0,"MaskedPaths":["/proc/asound","/proc/acpi","/proc/kcore","/proc/keys","/proc/latency_stats","/proc/timer_list","/proc/timer_stats","/proc/sched_debug","/proc/scsi","/sys/firmware"],"ReadonlyPaths":["/proc/bus","/proc/fs","/proc/irq","/proc/sys","/proc/sysrq-trigger"]},"GraphDriver":{"Data":{"LowerDir":"/var/lib/docker/overlay2/830e690ec83ecff869b59e4f673c0c63b2bc5c068e9f710933e6f61763699fd2-init/diff:/var/lib/docker/overlay2/1bd8849d7a296305617011f940aa5cfabbe972a513397b1b6bbc27639b6c1f30/diff:/var/lib/docker/overlay2/199d69b2fbf78af4d4c95dec4fd2f8835ab0347eb49fb20ebb2ff3b99fedd6ad/diff:/var/lib/docker/overlay2/d83c38d654989311f75b9491329846033bfb7714de76ef635380dcfad5c740d9/diff:/var/lib/docker/overlay2/08600d0aea2ab2728bebcf5d2589c640a842f53d1ba3c4a4adccb4d03b923cf6/diff:/var/lib/docker/overlay2/9ec7c63a3fb14d13ac788bbf5e282ca821edc41260b79944e5e631037d13ecda/diff:/var/lib/docker/overlay2/db601d7a1b4ea6da638db620462f0da96fa55c559d02269c9ddb09027936ed87/diff:/var/lib/docker/overlay2/a6d2bd03f942e2565f21e74cfe152c7ec836a1c2b583f0790c685b92bdcfda24/diff:/var/lib/docker/overlay2/9badd16ea2c5e2bf1fde8b579683e41137dfc46ed5449234149f199a6751cc84/diff:/var/lib/docker/overlay2/6efb85646ed12e2d1181ef4cc6f6f6732c00c15a4035fe17ebc4f075ca573c30/diff:/var/lib/docker/overlay2/895d7c0ec09144d6ed33936f4e98e11c18010f7abd708cae1ce43aec7a7f2621/diff:/var/lib/docker/overlay2/1c4ba77aa573ab6e5e5069fd15eae71b3da940bde0f97a922a227ffc8a1d1096/diff","MergedDir":"/var/lib/docker/overlay2/830e690ec83ecff869b59e4f673c0c63b2bc5c068e9f710933e6f61763699fd2/merged","UpperDir":"/var/lib/docker/overlay2/830e690ec83ecff869b59e4f673c0c63b2bc5c068e9f710933e6f61763699fd2/diff","WorkDir":"/var/lib/docker/overlay2/830e690ec83ecff869b59e4f673c0c63b2bc5c068e9f710933e6f61763699fd2/work"},"Name":"overlay2"},"Mounts":[{"Type":"volume","Name":"25868b8cea8ad6eba7f00a6fe83e8848def5cff8aab5c5943024031400fa063d","Source":"/var/lib/docker/volumes/25868b8cea8ad6eba7f00a6fe83e8848def5cff8aab5c5943024031400fa063d/_data","Destination":"/var/lib/mysql","Driver":"local","Mode":"","RW":true,"Propagation":""}],"Config":{"Hostname":"cd5ecdf38df0","Domainname":"","User":"","AttachStdin":false,"AttachStdout":false,"AttachStderr":false,"ExposedPorts":{"3306/tcp":{},"33060/tcp":{}},"Tty":false,"OpenStdin":false,"StdinOnce":false,"Env":["MYSQL_DATABASE=adm_videos","MYSQL_PASSWORD=123456","MYSQL_ROOT_PASSWORD=123456","PATH=/usr/local/sbin:/usr/local/bin:/usr/sbin:/usr/bin:/sbin:/bin","GOSU_VERSION=1.16","MYSQL_MAJOR=8.0","MYSQL_VERSION=8.0.32-1.el8","MYSQL_SHELL_VERSION=8.0.32-1.el8"],"Cmd":["mysqld"],"Image":"mysql:latest","Volumes":{"/var/lib/mysql":{}},"WorkingDir":"","Entrypoint":["docker-entrypoint.sh"],"OnBuild":null,"Labels":{"org.testcontainers":"true","org.testcontainers.lang":"java","org.testcontainers.sessionId":"71b9672a-6f61-4546-a7b6-d603100b2e56","org.testcontainers.version":"1.17.6"}},"NetworkSettings":{"Bridge":"","SandboxID":"56762d63452c709eadac6b5c5f4b6cdd30da833580c632f91fd658806eaf4ddb","HairpinMode":false,"LinkLocalIPv6Address":"","LinkLocalIPv6PrefixLen":0,"Ports":{"3306/tcp":[{"HostIp":"0.0.0.0","HostPort":"63819"}],"33060/tcp":null},"SandboxKey":"/var/run/docker/netns/56762d63452c","SecondaryIPAddresses":null,"SecondaryIPv6Addresses":null,"EndpointID":"92fc2600684327987bceb8e2716a72ba2420fccd56812c1491af8c03946e105c","Gateway":"172.17.0.1","GlobalIPv6Address":"","GlobalIPv6PrefixLen":0,"IPAddress":"172.17.0.3","IPPrefixLen":16,"IPv6Gateway":"","MacAddress":"02:42:ac:11:00:03","Networks":{"bridge":{"IPAMConfig":null,"Links":null,"Aliases":null,"NetworkID":"308e234c143065751b16b4500cb9f48d5c7fc2116504b3d816a5e51cd4771062","EndpointID":"92fc2600684327987bceb8e2716a72ba2420fccd56812c1491af8c03946e105c","Gateway":"172.17.0.1","IPAddress":"172.17.0.3","IPPrefixLen":16,"IPv6Gateway":"","GlobalIPv6Address":"","GlobalIPv6PrefixLen":0,"MacAddress":"02:42:ac:11:00:03","DriverOpts":null}}}}[\n]"
01:14:51.957 [Test worker] DEBUG com.github.dockerjava.zerodep.shaded.org.apache.hc.client5.http.wire - http-outgoing-2 << "[\r][\n]"
01:14:51.958 [Test worker] DEBUG com.github.dockerjava.zerodep.shaded.org.apache.hc.client5.http.wire - http-outgoing-2 << "0[\r][\n]"
01:14:51.958 [Test worker] DEBUG com.github.dockerjava.zerodep.shaded.org.apache.hc.client5.http.wire - http-outgoing-2 << "[\r][\n]"
01:14:51.958 [Test worker] DEBUG com.github.dockerjava.zerodep.shaded.org.apache.hc.client5.http.impl.classic.InternalHttpClient - ep-00000054: releasing valid endpoint
01:14:51.958 [Test worker] DEBUG com.github.dockerjava.zerodep.shaded.org.apache.hc.client5.http.impl.io.PoolingHttpClientConnectionManager - ep-00000054: releasing endpoint
01:14:51.958 [Test worker] DEBUG com.github.dockerjava.zerodep.shaded.org.apache.hc.client5.http.impl.io.PoolingHttpClientConnectionManager - ep-00000054: connection http-outgoing-2 can be kept alive for 3 MINUTES
01:14:51.958 [Test worker] DEBUG com.github.dockerjava.zerodep.shaded.org.apache.hc.client5.http.impl.io.PoolingHttpClientConnectionManager - ep-00000054: connection released [route: {}->unix://localhost:2375][total available: 1; route allocated: 1 of 2147483647; total allocated: 1 of 2147483647]
01:14:51.958 [Test worker] DEBUG ]]>&#x1f433;<![CDATA[ [mysql:latest] - Trying to create JDBC connection using com.mysql.cj.jdbc.Driver to jdbc:mysql://localhost:63819/adm_videos?useSSL=false&allowPublicKeyRetrieval=true with properties: {password=123456, user=root}
01:14:52.063 [Test worker] DEBUG org.testcontainers.shaded.com.github.dockerjava.core.command.AbstrDockerCmd - Cmd: cd5ecdf38df06b4092e6cf67100cd20ad9c3cb4b6e9303874a7bd89885b140c9,false
01:14:52.063 [Test worker] DEBUG org.testcontainers.shaded.com.github.dockerjava.core.exec.InspectContainerCmdExec - GET: DefaultWebTarget{path=[/containers/cd5ecdf38df06b4092e6cf67100cd20ad9c3cb4b6e9303874a7bd89885b140c9/json], queryParams={}}
01:14:52.063 [Test worker] DEBUG com.github.dockerjava.zerodep.shaded.org.apache.hc.client5.http.impl.classic.InternalHttpClient - ex-00000056: preparing request execution
01:14:52.063 [Test worker] DEBUG com.github.dockerjava.zerodep.shaded.org.apache.hc.client5.http.protocol.RequestAddCookies - Cookie spec selected: strict
01:14:52.063 [Test worker] DEBUG com.github.dockerjava.zerodep.shaded.org.apache.hc.client5.http.protocol.RequestAuthCache - Auth cache not set in the context
01:14:52.063 [Test worker] DEBUG com.github.dockerjava.zerodep.shaded.org.apache.hc.client5.http.impl.classic.ProtocolExec - ex-00000056: target auth state: UNCHALLENGED
01:14:52.063 [Test worker] DEBUG com.github.dockerjava.zerodep.shaded.org.apache.hc.client5.http.impl.classic.ProtocolExec - ex-00000056: proxy auth state: UNCHALLENGED
01:14:52.063 [Test worker] DEBUG com.github.dockerjava.zerodep.shaded.org.apache.hc.client5.http.impl.classic.ConnectExec - ex-00000056: acquiring connection with route {}->unix://localhost:2375
01:14:52.063 [Test worker] DEBUG com.github.dockerjava.zerodep.shaded.org.apache.hc.client5.http.impl.classic.InternalHttpClient - ex-00000056: acquiring endpoint (3 MINUTES)
01:14:52.063 [Test worker] DEBUG com.github.dockerjava.zerodep.shaded.org.apache.hc.client5.http.impl.io.PoolingHttpClientConnectionManager - ex-00000056: endpoint lease request (3 MINUTES) [route: {}->unix://localhost:2375][total available: 1; route allocated: 1 of 2147483647; total allocated: 1 of 2147483647]
01:14:52.063 [Test worker] DEBUG com.github.dockerjava.zerodep.shaded.org.apache.hc.client5.http.impl.io.PoolingHttpClientConnectionManager - ex-00000056: endpoint leased [route: {}->unix://localhost:2375][total available: 0; route allocated: 1 of 2147483647; total allocated: 1 of 2147483647]
01:14:52.064 [Test worker] DEBUG com.github.dockerjava.zerodep.shaded.org.apache.hc.client5.http.impl.io.PoolingHttpClientConnectionManager - ex-00000056: acquired ep-00000055
01:14:52.064 [Test worker] DEBUG com.github.dockerjava.zerodep.shaded.org.apache.hc.client5.http.impl.classic.InternalHttpClient - ex-00000056: acquired endpoint ep-00000055
01:14:52.064 [Test worker] DEBUG com.github.dockerjava.zerodep.shaded.org.apache.hc.client5.http.impl.classic.MainClientExec - ex-00000056: executing GET /v1.32/containers/cd5ecdf38df06b4092e6cf67100cd20ad9c3cb4b6e9303874a7bd89885b140c9/json HTTP/1.1
01:14:52.064 [Test worker] DEBUG com.github.dockerjava.zerodep.shaded.org.apache.hc.client5.http.impl.classic.InternalHttpClient - ep-00000055: start execution ex-00000056
01:14:52.064 [Test worker] DEBUG com.github.dockerjava.zerodep.shaded.org.apache.hc.client5.http.impl.io.PoolingHttpClientConnectionManager - ep-00000055: executing exchange ex-00000056 over http-outgoing-2
01:14:52.064 [Test worker] DEBUG com.github.dockerjava.zerodep.shaded.org.apache.hc.client5.http.headers - http-outgoing-2 >> GET /v1.32/containers/cd5ecdf38df06b4092e6cf67100cd20ad9c3cb4b6e9303874a7bd89885b140c9/json HTTP/1.1
01:14:52.064 [Test worker] DEBUG com.github.dockerjava.zerodep.shaded.org.apache.hc.client5.http.headers - http-outgoing-2 >> accept: application/json
01:14:52.064 [Test worker] DEBUG com.github.dockerjava.zerodep.shaded.org.apache.hc.client5.http.headers - http-outgoing-2 >> x-tc-sid: 71b9672a-6f61-4546-a7b6-d603100b2e56
01:14:52.064 [Test worker] DEBUG com.github.dockerjava.zerodep.shaded.org.apache.hc.client5.http.headers - http-outgoing-2 >> Accept-Encoding: gzip, x-gzip, deflate
01:14:52.064 [Test worker] DEBUG com.github.dockerjava.zerodep.shaded.org.apache.hc.client5.http.headers - http-outgoing-2 >> Host: localhost:2375
01:14:52.064 [Test worker] DEBUG com.github.dockerjava.zerodep.shaded.org.apache.hc.client5.http.headers - http-outgoing-2 >> Connection: keep-alive
01:14:52.064 [Test worker] DEBUG com.github.dockerjava.zerodep.shaded.org.apache.hc.client5.http.headers - http-outgoing-2 >> User-Agent: Apache-HttpClient/5.0.3 (Java/17.0.2)
01:14:52.064 [Test worker] DEBUG com.github.dockerjava.zerodep.shaded.org.apache.hc.client5.http.wire - http-outgoing-2 >> "GET /v1.32/containers/cd5ecdf38df06b4092e6cf67100cd20ad9c3cb4b6e9303874a7bd89885b140c9/json HTTP/1.1[\r][\n]"
01:14:52.064 [Test worker] DEBUG com.github.dockerjava.zerodep.shaded.org.apache.hc.client5.http.wire - http-outgoing-2 >> "accept: application/json[\r][\n]"
01:14:52.064 [Test worker] DEBUG com.github.dockerjava.zerodep.shaded.org.apache.hc.client5.http.wire - http-outgoing-2 >> "x-tc-sid: 71b9672a-6f61-4546-a7b6-d603100b2e56[\r][\n]"
01:14:52.064 [Test worker] DEBUG com.github.dockerjava.zerodep.shaded.org.apache.hc.client5.http.wire - http-outgoing-2 >> "Accept-Encoding: gzip, x-gzip, deflate[\r][\n]"
01:14:52.064 [Test worker] DEBUG com.github.dockerjava.zerodep.shaded.org.apache.hc.client5.http.wire - http-outgoing-2 >> "Host: localhost:2375[\r][\n]"
01:14:52.064 [Test worker] DEBUG com.github.dockerjava.zerodep.shaded.org.apache.hc.client5.http.wire - http-outgoing-2 >> "Connection: keep-alive[\r][\n]"
01:14:52.064 [Test worker] DEBUG com.github.dockerjava.zerodep.shaded.org.apache.hc.client5.http.wire - http-outgoing-2 >> "User-Agent: Apache-HttpClient/5.0.3 (Java/17.0.2)[\r][\n]"
01:14:52.064 [Test worker] DEBUG com.github.dockerjava.zerodep.shaded.org.apache.hc.client5.http.wire - http-outgoing-2 >> "[\r][\n]"
01:14:52.066 [Test worker] DEBUG com.github.dockerjava.zerodep.shaded.org.apache.hc.client5.http.wire - http-outgoing-2 << "HTTP/1.1 200 OK[\r][\n]"
01:14:52.066 [Test worker] DEBUG com.github.dockerjava.zerodep.shaded.org.apache.hc.client5.http.wire - http-outgoing-2 << "Api-Version: 1.41[\r][\n]"
01:14:52.066 [Test worker] DEBUG com.github.dockerjava.zerodep.shaded.org.apache.hc.client5.http.wire - http-outgoing-2 << "Content-Type: application/json[\r][\n]"
01:14:52.066 [Test worker] DEBUG com.github.dockerjava.zerodep.shaded.org.apache.hc.client5.http.wire - http-outgoing-2 << "Date: Tue, 28 Mar 2023 04:14:52 GMT[\r][\n]"
01:14:52.066 [Test worker] DEBUG com.github.dockerjava.zerodep.shaded.org.apache.hc.client5.http.wire - http-outgoing-2 << "Docker-Experimental: false[\r][\n]"
01:14:52.066 [Test worker] DEBUG com.github.dockerjava.zerodep.shaded.org.apache.hc.client5.http.wire - http-outgoing-2 << "Ostype: linux[\r][\n]"
01:14:52.067 [Test worker] DEBUG com.github.dockerjava.zerodep.shaded.org.apache.hc.client5.http.wire - http-outgoing-2 << "Server: Docker/20.10.21 (linux)[\r][\n]"
01:14:52.067 [Test worker] DEBUG com.github.dockerjava.zerodep.shaded.org.apache.hc.client5.http.wire - http-outgoing-2 << "Transfer-Encoding: chunked[\r][\n]"
01:14:52.067 [Test worker] DEBUG com.github.dockerjava.zerodep.shaded.org.apache.hc.client5.http.wire - http-outgoing-2 << "[\r][\n]"
01:14:52.067 [Test worker] DEBUG com.github.dockerjava.zerodep.shaded.org.apache.hc.client5.http.headers - http-outgoing-2 << HTTP/1.1 200 OK
01:14:52.067 [Test worker] DEBUG com.github.dockerjava.zerodep.shaded.org.apache.hc.client5.http.headers - http-outgoing-2 << Api-Version: 1.41
01:14:52.067 [Test worker] DEBUG com.github.dockerjava.zerodep.shaded.org.apache.hc.client5.http.headers - http-outgoing-2 << Content-Type: application/json
01:14:52.067 [Test worker] DEBUG com.github.dockerjava.zerodep.shaded.org.apache.hc.client5.http.headers - http-outgoing-2 << Date: Tue, 28 Mar 2023 04:14:52 GMT
01:14:52.067 [Test worker] DEBUG com.github.dockerjava.zerodep.shaded.org.apache.hc.client5.http.headers - http-outgoing-2 << Docker-Experimental: false
01:14:52.067 [Test worker] DEBUG com.github.dockerjava.zerodep.shaded.org.apache.hc.client5.http.headers - http-outgoing-2 << Ostype: linux
01:14:52.067 [Test worker] DEBUG com.github.dockerjava.zerodep.shaded.org.apache.hc.client5.http.headers - http-outgoing-2 << Server: Docker/20.10.21 (linux)
01:14:52.067 [Test worker] DEBUG com.github.dockerjava.zerodep.shaded.org.apache.hc.client5.http.headers - http-outgoing-2 << Transfer-Encoding: chunked
01:14:52.067 [Test worker] DEBUG com.github.dockerjava.zerodep.shaded.org.apache.hc.client5.http.impl.classic.MainClientExec - ex-00000056: connection can be kept alive for 3 MINUTES
01:14:52.068 [Test worker] DEBUG com.github.dockerjava.zerodep.shaded.org.apache.hc.client5.http.wire - http-outgoing-2 << "18c1[\r][\n]"
01:14:52.068 [Test worker] DEBUG com.github.dockerjava.zerodep.shaded.org.apache.hc.client5.http.wire - http-outgoing-2 << "{"Id":"cd5ecdf38df06b4092e6cf67100cd20ad9c3cb4b6e9303874a7bd89885b140c9","Created":"2023-03-28T04:14:43.179040379Z","Path":"docker-entrypoint.sh","Args":["mysqld"],"State":{"Status":"running","Running":true,"Paused":false,"Restarting":false,"OOMKilled":false,"Dead":false,"Pid":20152,"ExitCode":0,"Error":"","StartedAt":"2023-03-28T04:14:43.680338005Z","FinishedAt":"0001-01-01T00:00:00Z"},"Image":"sha256:c7c54c29e20dccc1aefb936c8eba8bb8b98b87a4921102aba87fde2df5810af9","ResolvConfPath":"/var/lib/docker/containers/cd5ecdf38df06b4092e6cf67100cd20ad9c3cb4b6e9303874a7bd89885b140c9/resolv.conf","HostnamePath":"/var/lib/docker/containers/cd5ecdf38df06b4092e6cf67100cd20ad9c3cb4b6e9303874a7bd89885b140c9/hostname","HostsPath":"/var/lib/docker/containers/cd5ecdf38df06b4092e6cf67100cd20ad9c3cb4b6e9303874a7bd89885b140c9/hosts","LogPath":"/var/lib/docker/containers/cd5ecdf38df06b4092e6cf67100cd20ad9c3cb4b6e9303874a7bd89885b140c9/cd5ecdf38df06b4092e6cf67100cd20ad9c3cb4b6e9303874a7bd89885b140c9-json.log","Name":"/keen_matsumoto","RestartCount":0,"Driver":"overlay2","Platform":"linux","MountLabel":"","ProcessLabel":"","AppArmorProfile":"","ExecIDs":null,"HostConfig":{"Binds":[],"ContainerIDFile":"","LogConfig":{"Type":"json-file","Config":{}},"NetworkMode":"default","PortBindings":{"3306/tcp":[{"HostIp":"0.0.0.0","HostPort":"0"}]},"RestartPolicy":{"Name":"","MaximumRetryCount":0},"AutoRemove":false,"VolumeDriver":"","VolumesFrom":[],"CapAdd":null,"CapDrop":null,"CgroupnsMode":"private","Dns":null,"DnsOptions":null,"DnsSearch":null,"ExtraHosts":[],"GroupAdd":null,"IpcMode":"shareable","Cgroup":"","Links":null,"OomScoreAdj":0,"PidMode":"","Privileged":false,"PublishAllPorts":false,"ReadonlyRootfs":false,"SecurityOpt":null,"UTSMode":"","UsernsMode":"","ShmSize":67108864,"Runtime":"runc","ConsoleSize":[0,0],"Isolation":"","CpuShares":0,"Memory":0,"NanoCpus":0,"CgroupParent":"","BlkioWeight":0,"BlkioWeightDevice":null,"BlkioDeviceReadBps":null,"BlkioDeviceWriteBps":null,"BlkioDeviceReadIOps":null,"BlkioDeviceWriteIOps":null,"CpuPeriod":0,"CpuQuota":0,"CpuRealtimePeriod":0,"CpuRealtimeRuntime":0,"CpusetCpus":"","CpusetMems":"","Devices":null,"DeviceCgroupRules":null,"DeviceRequests":null,"KernelMemory":0,"KernelMemoryTCP":0,"MemoryReservation":0,"MemorySwap":0,"MemorySwappiness":null,"OomKillDisable":null,"PidsLimit":null,"Ulimits":null,"CpuCount":0,"CpuPercent":0,"IOMaximumIOps":0,"IOMaximumBandwidth":0,"MaskedPaths":["/proc/asound","/proc/acpi","/proc/kcore","/proc/keys","/proc/latency_stats","/proc/timer_list","/proc/timer_stats","/proc/sched_debug","/proc/scsi","/sys/firmware"],"ReadonlyPaths":["/proc/bus","/proc/fs","/proc/irq","/proc/sys","/proc/sysrq-trigger"]},"GraphDriver":{"Data":{"LowerDir":"/var/lib/docker/overlay2/830e690ec83ecff869b59e4f673c0c63b2bc5c068e9f710933e6f61763699fd2-init/diff:/var/lib/docker/overlay2/1bd8849d7a296305617011f940aa5cfabbe972a513397b1b6bbc27639b6c1f30/diff:/var/lib/docker/overlay2/199d69b2fbf78af4d4c95dec4fd2f8835ab0347eb49fb20ebb2ff3b99fedd6ad/diff:/var/lib/docker/overlay2/d83c38d654989311f75b9491329846033bfb7714de76ef635380dcfad5c740d9/diff:/var/lib/docker/overlay2/08600d0aea2ab2728bebcf5d2589c640a842f53d1ba3c4a4adccb4d03b923cf6/diff:/var/lib/docker/overlay2/9ec7c63a3fb14d13ac788bbf5e282ca821edc41260b79944e5e631037d13ecda/diff:/var/lib/docker/overlay2/db601d7a1b4ea6da638db620462f0da96fa55c559d02269c9ddb09027936ed87/diff:/var/lib/docker/overlay2/a6d2bd03f942e2565f21e74cfe152c7ec836a1c2b583f0790c685b92bdcfda24/diff:/var/lib/docker/overlay2/9badd16ea2c5e2bf1fde8b579683e41137dfc46ed5449234149f199a6751cc84/diff:/var/lib/docker/overlay2/6efb85646ed12e2d1181ef4cc6f6f6732c00c15a4035fe17ebc4f075ca573c30/diff:/var/lib/docker/overlay2/895d7c0ec09144d6ed33936f4e98e11c18010f7abd708cae1ce43aec7a7f2621/diff:/var/lib/docker/overlay2/1c4ba77aa573ab6e5e5069fd15eae71b3da940bde0f97a922a227ffc8a1d1096/diff","MergedDir":"/var/lib/docker/overlay2/830e690ec83ecff869b59e4f673c0c63b2bc5c068e9f710933e6f61763699fd2/merged","UpperDir":"/var/lib/docker/overlay2/830e690ec83ecff869b59e4f673c0c63b2bc5c068e9f710933e6f61763699fd2/diff","WorkDir":"/var/lib/docker/overlay2/830e690ec83ecff869b59e4f673c0c63b2bc5c068e9f710933e6f61763699fd2/work"},"Name":"overlay2"},"Mounts":[{"Type":"volume","Name":"25868b8cea8ad6eba7f00a6fe83e8848def5cff8aab5c5943024031400fa063d","Source":"/var/lib/docker/volumes/25868b8cea8ad6eba7f00a6fe83e8848def5cff8aab5c5943024031400fa063d/_data","Destination":"/var/lib/mysql","Driver":"local","Mode":"","RW":true,"Propagation":""}],"Config":{"Hostname":"cd5ecdf38df0","Domainname":"","User":"","AttachStdin":false,"AttachStdout":false,"AttachStderr":false,"ExposedPorts":{"3306/tcp":{},"33060/tcp":{}},"Tty":false,"OpenStdin":false,"StdinOnce":false,"Env":["MYSQL_DATABASE=adm_videos","MYSQL_PASSWORD=123456","MYSQL_ROOT_PASSWORD=123456","PATH=/usr/local/sbin:/usr/local/bin:/usr/sbin:/usr/bin:/sbin:/bin","GOSU_VERSION=1.16","MYSQL_MAJOR=8.0","MYSQL_VERSION=8.0.32-1.el8","MYSQL_SHELL_VERSION=8.0.32-1.el8"],"Cmd":["mysqld"],"Image":"mysql:latest","Volumes":{"/var/lib/mysql":{}},"WorkingDir":"","Entrypoint":["docker-entrypoint.sh"],"OnBuild":null,"Labels":{"org.testcontainers":"true","org.testcontainers.lang":"java","org.testcontainers.sessionId":"71b9672a-6f61-4546-a7b6-d603100b2e56","org.testcontainers.version":"1.17.6"}},"NetworkSettings":{"Bridge":"","SandboxID":"56762d63452c709eadac6b5c5f4b6cdd30da833580c632f91fd658806eaf4ddb","HairpinMode":false,"LinkLocalIPv6Address":"","LinkLocalIPv6PrefixLen":0,"Ports":{"3306/tcp":[{"HostIp":"0.0.0.0","HostPort":"63819"}],"33060/tcp":null},"SandboxKey":"/var/run/docker/netns/56762d63452c","SecondaryIPAddresses":null,"SecondaryIPv6Addresses":null,"EndpointID":"92fc2600684327987bceb8e2716a72ba2420fccd56812c1491af8c03946e105c","Gateway":"172.17.0.1","GlobalIPv6Address":"","GlobalIPv6PrefixLen":0,"IPAddress":"172.17.0.3","IPPrefixLen":16,"IPv6Gateway":"","MacAddress":"02:42:ac:11:00:03","Networks":{"bridge":{"IPAMConfig":null,"Links":null,"Aliases":null,"NetworkID":"308e234c143065751b16b4500cb9f48d5c7fc2116504b3d816a5e51cd4771062","EndpointID":"92fc2600684327987bceb8e2716a72ba2420fccd56812c1491af8c03946e105c","Gateway":"172.17.0.1","IPAddress":"172.17.0.3","IPPrefixLen":16,"IPv6Gateway":"","GlobalIPv6Address":"","GlobalIPv6PrefixLen":0,"MacAddress":"02:42:ac:11:00:03","DriverOpts":null}}}}[\n]"
01:14:52.068 [Test worker] DEBUG com.github.dockerjava.zerodep.shaded.org.apache.hc.client5.http.wire - http-outgoing-2 << "[\r][\n]"
01:14:52.069 [Test worker] DEBUG com.github.dockerjava.zerodep.shaded.org.apache.hc.client5.http.wire - http-outgoing-2 << "0[\r][\n]"
01:14:52.069 [Test worker] DEBUG com.github.dockerjava.zerodep.shaded.org.apache.hc.client5.http.wire - http-outgoing-2 << "[\r][\n]"
01:14:52.069 [Test worker] DEBUG com.github.dockerjava.zerodep.shaded.org.apache.hc.client5.http.impl.classic.InternalHttpClient - ep-00000055: releasing valid endpoint
01:14:52.069 [Test worker] DEBUG com.github.dockerjava.zerodep.shaded.org.apache.hc.client5.http.impl.io.PoolingHttpClientConnectionManager - ep-00000055: releasing endpoint
01:14:52.069 [Test worker] DEBUG com.github.dockerjava.zerodep.shaded.org.apache.hc.client5.http.impl.io.PoolingHttpClientConnectionManager - ep-00000055: connection http-outgoing-2 can be kept alive for 3 MINUTES
01:14:52.069 [Test worker] DEBUG com.github.dockerjava.zerodep.shaded.org.apache.hc.client5.http.impl.io.PoolingHttpClientConnectionManager - ep-00000055: connection released [route: {}->unix://localhost:2375][total available: 1; route allocated: 1 of 2147483647; total allocated: 1 of 2147483647]
01:14:52.069 [Test worker] DEBUG ]]>&#x1f433;<![CDATA[ [mysql:latest] - Trying to create JDBC connection using com.mysql.cj.jdbc.Driver to jdbc:mysql://localhost:63819/adm_videos?useSSL=false&allowPublicKeyRetrieval=true with properties: {password=123456, user=root}
01:14:52.172 [Test worker] DEBUG org.testcontainers.shaded.com.github.dockerjava.core.command.AbstrDockerCmd - Cmd: cd5ecdf38df06b4092e6cf67100cd20ad9c3cb4b6e9303874a7bd89885b140c9,false
01:14:52.173 [Test worker] DEBUG org.testcontainers.shaded.com.github.dockerjava.core.exec.InspectContainerCmdExec - GET: DefaultWebTarget{path=[/containers/cd5ecdf38df06b4092e6cf67100cd20ad9c3cb4b6e9303874a7bd89885b140c9/json], queryParams={}}
01:14:52.173 [Test worker] DEBUG com.github.dockerjava.zerodep.shaded.org.apache.hc.client5.http.impl.classic.InternalHttpClient - ex-00000057: preparing request execution
01:14:52.173 [Test worker] DEBUG com.github.dockerjava.zerodep.shaded.org.apache.hc.client5.http.protocol.RequestAddCookies - Cookie spec selected: strict
01:14:52.173 [Test worker] DEBUG com.github.dockerjava.zerodep.shaded.org.apache.hc.client5.http.protocol.RequestAuthCache - Auth cache not set in the context
01:14:52.173 [Test worker] DEBUG com.github.dockerjava.zerodep.shaded.org.apache.hc.client5.http.impl.classic.ProtocolExec - ex-00000057: target auth state: UNCHALLENGED
01:14:52.173 [Test worker] DEBUG com.github.dockerjava.zerodep.shaded.org.apache.hc.client5.http.impl.classic.ProtocolExec - ex-00000057: proxy auth state: UNCHALLENGED
01:14:52.173 [Test worker] DEBUG com.github.dockerjava.zerodep.shaded.org.apache.hc.client5.http.impl.classic.ConnectExec - ex-00000057: acquiring connection with route {}->unix://localhost:2375
01:14:52.173 [Test worker] DEBUG com.github.dockerjava.zerodep.shaded.org.apache.hc.client5.http.impl.classic.InternalHttpClient - ex-00000057: acquiring endpoint (3 MINUTES)
01:14:52.173 [Test worker] DEBUG com.github.dockerjava.zerodep.shaded.org.apache.hc.client5.http.impl.io.PoolingHttpClientConnectionManager - ex-00000057: endpoint lease request (3 MINUTES) [route: {}->unix://localhost:2375][total available: 1; route allocated: 1 of 2147483647; total allocated: 1 of 2147483647]
01:14:52.173 [Test worker] DEBUG com.github.dockerjava.zerodep.shaded.org.apache.hc.client5.http.impl.io.PoolingHttpClientConnectionManager - ex-00000057: endpoint leased [route: {}->unix://localhost:2375][total available: 0; route allocated: 1 of 2147483647; total allocated: 1 of 2147483647]
01:14:52.173 [Test worker] DEBUG com.github.dockerjava.zerodep.shaded.org.apache.hc.client5.http.impl.io.PoolingHttpClientConnectionManager - ex-00000057: acquired ep-00000056
01:14:52.173 [Test worker] DEBUG com.github.dockerjava.zerodep.shaded.org.apache.hc.client5.http.impl.classic.InternalHttpClient - ex-00000057: acquired endpoint ep-00000056
01:14:52.173 [Test worker] DEBUG com.github.dockerjava.zerodep.shaded.org.apache.hc.client5.http.impl.classic.MainClientExec - ex-00000057: executing GET /v1.32/containers/cd5ecdf38df06b4092e6cf67100cd20ad9c3cb4b6e9303874a7bd89885b140c9/json HTTP/1.1
01:14:52.173 [Test worker] DEBUG com.github.dockerjava.zerodep.shaded.org.apache.hc.client5.http.impl.classic.InternalHttpClient - ep-00000056: start execution ex-00000057
01:14:52.173 [Test worker] DEBUG com.github.dockerjava.zerodep.shaded.org.apache.hc.client5.http.impl.io.PoolingHttpClientConnectionManager - ep-00000056: executing exchange ex-00000057 over http-outgoing-2
01:14:52.173 [Test worker] DEBUG com.github.dockerjava.zerodep.shaded.org.apache.hc.client5.http.headers - http-outgoing-2 >> GET /v1.32/containers/cd5ecdf38df06b4092e6cf67100cd20ad9c3cb4b6e9303874a7bd89885b140c9/json HTTP/1.1
01:14:52.173 [Test worker] DEBUG com.github.dockerjava.zerodep.shaded.org.apache.hc.client5.http.headers - http-outgoing-2 >> accept: application/json
01:14:52.173 [Test worker] DEBUG com.github.dockerjava.zerodep.shaded.org.apache.hc.client5.http.headers - http-outgoing-2 >> x-tc-sid: 71b9672a-6f61-4546-a7b6-d603100b2e56
01:14:52.173 [Test worker] DEBUG com.github.dockerjava.zerodep.shaded.org.apache.hc.client5.http.headers - http-outgoing-2 >> Accept-Encoding: gzip, x-gzip, deflate
01:14:52.173 [Test worker] DEBUG com.github.dockerjava.zerodep.shaded.org.apache.hc.client5.http.headers - http-outgoing-2 >> Host: localhost:2375
01:14:52.173 [Test worker] DEBUG com.github.dockerjava.zerodep.shaded.org.apache.hc.client5.http.headers - http-outgoing-2 >> Connection: keep-alive
01:14:52.173 [Test worker] DEBUG com.github.dockerjava.zerodep.shaded.org.apache.hc.client5.http.headers - http-outgoing-2 >> User-Agent: Apache-HttpClient/5.0.3 (Java/17.0.2)
01:14:52.174 [Test worker] DEBUG com.github.dockerjava.zerodep.shaded.org.apache.hc.client5.http.wire - http-outgoing-2 >> "GET /v1.32/containers/cd5ecdf38df06b4092e6cf67100cd20ad9c3cb4b6e9303874a7bd89885b140c9/json HTTP/1.1[\r][\n]"
01:14:52.174 [Test worker] DEBUG com.github.dockerjava.zerodep.shaded.org.apache.hc.client5.http.wire - http-outgoing-2 >> "accept: application/json[\r][\n]"
01:14:52.174 [Test worker] DEBUG com.github.dockerjava.zerodep.shaded.org.apache.hc.client5.http.wire - http-outgoing-2 >> "x-tc-sid: 71b9672a-6f61-4546-a7b6-d603100b2e56[\r][\n]"
01:14:52.174 [Test worker] DEBUG com.github.dockerjava.zerodep.shaded.org.apache.hc.client5.http.wire - http-outgoing-2 >> "Accept-Encoding: gzip, x-gzip, deflate[\r][\n]"
01:14:52.174 [Test worker] DEBUG com.github.dockerjava.zerodep.shaded.org.apache.hc.client5.http.wire - http-outgoing-2 >> "Host: localhost:2375[\r][\n]"
01:14:52.174 [Test worker] DEBUG com.github.dockerjava.zerodep.shaded.org.apache.hc.client5.http.wire - http-outgoing-2 >> "Connection: keep-alive[\r][\n]"
01:14:52.174 [Test worker] DEBUG com.github.dockerjava.zerodep.shaded.org.apache.hc.client5.http.wire - http-outgoing-2 >> "User-Agent: Apache-HttpClient/5.0.3 (Java/17.0.2)[\r][\n]"
01:14:52.174 [Test worker] DEBUG com.github.dockerjava.zerodep.shaded.org.apache.hc.client5.http.wire - http-outgoing-2 >> "[\r][\n]"
01:14:52.175 [Test worker] DEBUG com.github.dockerjava.zerodep.shaded.org.apache.hc.client5.http.wire - http-outgoing-2 << "HTTP/1.1 200 OK[\r][\n]"
01:14:52.175 [Test worker] DEBUG com.github.dockerjava.zerodep.shaded.org.apache.hc.client5.http.wire - http-outgoing-2 << "Api-Version: 1.41[\r][\n]"
01:14:52.175 [Test worker] DEBUG com.github.dockerjava.zerodep.shaded.org.apache.hc.client5.http.wire - http-outgoing-2 << "Content-Type: application/json[\r][\n]"
01:14:52.175 [Test worker] DEBUG com.github.dockerjava.zerodep.shaded.org.apache.hc.client5.http.wire - http-outgoing-2 << "Date: Tue, 28 Mar 2023 04:14:52 GMT[\r][\n]"
01:14:52.175 [Test worker] DEBUG com.github.dockerjava.zerodep.shaded.org.apache.hc.client5.http.wire - http-outgoing-2 << "Docker-Experimental: false[\r][\n]"
01:14:52.175 [Test worker] DEBUG com.github.dockerjava.zerodep.shaded.org.apache.hc.client5.http.wire - http-outgoing-2 << "Ostype: linux[\r][\n]"
01:14:52.175 [Test worker] DEBUG com.github.dockerjava.zerodep.shaded.org.apache.hc.client5.http.wire - http-outgoing-2 << "Server: Docker/20.10.21 (linux)[\r][\n]"
01:14:52.175 [Test worker] DEBUG com.github.dockerjava.zerodep.shaded.org.apache.hc.client5.http.wire - http-outgoing-2 << "Transfer-Encoding: chunked[\r][\n]"
01:14:52.175 [Test worker] DEBUG com.github.dockerjava.zerodep.shaded.org.apache.hc.client5.http.wire - http-outgoing-2 << "[\r][\n]"
01:14:52.176 [Test worker] DEBUG com.github.dockerjava.zerodep.shaded.org.apache.hc.client5.http.headers - http-outgoing-2 << HTTP/1.1 200 OK
01:14:52.176 [Test worker] DEBUG com.github.dockerjava.zerodep.shaded.org.apache.hc.client5.http.headers - http-outgoing-2 << Api-Version: 1.41
01:14:52.176 [Test worker] DEBUG com.github.dockerjava.zerodep.shaded.org.apache.hc.client5.http.headers - http-outgoing-2 << Content-Type: application/json
01:14:52.176 [Test worker] DEBUG com.github.dockerjava.zerodep.shaded.org.apache.hc.client5.http.headers - http-outgoing-2 << Date: Tue, 28 Mar 2023 04:14:52 GMT
01:14:52.176 [Test worker] DEBUG com.github.dockerjava.zerodep.shaded.org.apache.hc.client5.http.headers - http-outgoing-2 << Docker-Experimental: false
01:14:52.176 [Test worker] DEBUG com.github.dockerjava.zerodep.shaded.org.apache.hc.client5.http.headers - http-outgoing-2 << Ostype: linux
01:14:52.176 [Test worker] DEBUG com.github.dockerjava.zerodep.shaded.org.apache.hc.client5.http.headers - http-outgoing-2 << Server: Docker/20.10.21 (linux)
01:14:52.176 [Test worker] DEBUG com.github.dockerjava.zerodep.shaded.org.apache.hc.client5.http.headers - http-outgoing-2 << Transfer-Encoding: chunked
01:14:52.176 [Test worker] DEBUG com.github.dockerjava.zerodep.shaded.org.apache.hc.client5.http.impl.classic.MainClientExec - ex-00000057: connection can be kept alive for 3 MINUTES
01:14:52.179 [Test worker] DEBUG com.github.dockerjava.zerodep.shaded.org.apache.hc.client5.http.wire - http-outgoing-2 << "18c1[\r][\n]"
01:14:52.179 [Test worker] DEBUG com.github.dockerjava.zerodep.shaded.org.apache.hc.client5.http.wire - http-outgoing-2 << "{"Id":"cd5ecdf38df06b4092e6cf67100cd20ad9c3cb4b6e9303874a7bd89885b140c9","Created":"2023-03-28T04:14:43.179040379Z","Path":"docker-entrypoint.sh","Args":["mysqld"],"State":{"Status":"running","Running":true,"Paused":false,"Restarting":false,"OOMKilled":false,"Dead":false,"Pid":20152,"ExitCode":0,"Error":"","StartedAt":"2023-03-28T04:14:43.680338005Z","FinishedAt":"0001-01-01T00:00:00Z"},"Image":"sha256:c7c54c29e20dccc1aefb936c8eba8bb8b98b87a4921102aba87fde2df5810af9","ResolvConfPath":"/var/lib/docker/containers/cd5ecdf38df06b4092e6cf67100cd20ad9c3cb4b6e9303874a7bd89885b140c9/resolv.conf","HostnamePath":"/var/lib/docker/containers/cd5ecdf38df06b4092e6cf67100cd20ad9c3cb4b6e9303874a7bd89885b140c9/hostname","HostsPath":"/var/lib/docker/containers/cd5ecdf38df06b4092e6cf67100cd20ad9c3cb4b6e9303874a7bd89885b140c9/hosts","LogPath":"/var/lib/docker/containers/cd5ecdf38df06b4092e6cf67100cd20ad9c3cb4b6e9303874a7bd89885b140c9/cd5ecdf38df06b4092e6cf67100cd20ad9c3cb4b6e9303874a7bd89885b140c9-json.log","Name":"/keen_matsumoto","RestartCount":0,"Driver":"overlay2","Platform":"linux","MountLabel":"","ProcessLabel":"","AppArmorProfile":"","ExecIDs":null,"HostConfig":{"Binds":[],"ContainerIDFile":"","LogConfig":{"Type":"json-file","Config":{}},"NetworkMode":"default","PortBindings":{"3306/tcp":[{"HostIp":"0.0.0.0","HostPort":"0"}]},"RestartPolicy":{"Name":"","MaximumRetryCount":0},"AutoRemove":false,"VolumeDriver":"","VolumesFrom":[],"CapAdd":null,"CapDrop":null,"CgroupnsMode":"private","Dns":null,"DnsOptions":null,"DnsSearch":null,"ExtraHosts":[],"GroupAdd":null,"IpcMode":"shareable","Cgroup":"","Links":null,"OomScoreAdj":0,"PidMode":"","Privileged":false,"PublishAllPorts":false,"ReadonlyRootfs":false,"SecurityOpt":null,"UTSMode":"","UsernsMode":"","ShmSize":67108864,"Runtime":"runc","ConsoleSize":[0,0],"Isolation":"","CpuShares":0,"Memory":0,"NanoCpus":0,"CgroupParent":"","BlkioWeight":0,"BlkioWeightDevice":null,"BlkioDeviceReadBps":null,"BlkioDeviceWriteBps":null,"BlkioDeviceReadIOps":null,"BlkioDeviceWriteIOps":null,"CpuPeriod":0,"CpuQuota":0,"CpuRealtimePeriod":0,"CpuRealtimeRuntime":0,"CpusetCpus":"","CpusetMems":"","Devices":null,"DeviceCgroupRules":null,"DeviceRequests":null,"KernelMemory":0,"KernelMemoryTCP":0,"MemoryReservation":0,"MemorySwap":0,"MemorySwappiness":null,"OomKillDisable":null,"PidsLimit":null,"Ulimits":null,"CpuCount":0,"CpuPercent":0,"IOMaximumIOps":0,"IOMaximumBandwidth":0,"MaskedPaths":["/proc/asound","/proc/acpi","/proc/kcore","/proc/keys","/proc/latency_stats","/proc/timer_list","/proc/timer_stats","/proc/sched_debug","/proc/scsi","/sys/firmware"],"ReadonlyPaths":["/proc/bus","/proc/fs","/proc/irq","/proc/sys","/proc/sysrq-trigger"]},"GraphDriver":{"Data":{"LowerDir":"/var/lib/docker/overlay2/830e690ec83ecff869b59e4f673c0c63b2bc5c068e9f710933e6f61763699fd2-init/diff:/var/lib/docker/overlay2/1bd8849d7a296305617011f940aa5cfabbe972a513397b1b6bbc27639b6c1f30/diff:/var/lib/docker/overlay2/199d69b2fbf78af4d4c95dec4fd2f8835ab0347eb49fb20ebb2ff3b99fedd6ad/diff:/var/lib/docker/overlay2/d83c38d654989311f75b9491329846033bfb7714de76ef635380dcfad5c740d9/diff:/var/lib/docker/overlay2/08600d0aea2ab2728bebcf5d2589c640a842f53d1ba3c4a4adccb4d03b923cf6/diff:/var/lib/docker/overlay2/9ec7c63a3fb14d13ac788bbf5e282ca821edc41260b79944e5e631037d13ecda/diff:/var/lib/docker/overlay2/db601d7a1b4ea6da638db620462f0da96fa55c559d02269c9ddb09027936ed87/diff:/var/lib/docker/overlay2/a6d2bd03f942e2565f21e74cfe152c7ec836a1c2b583f0790c685b92bdcfda24/diff:/var/lib/docker/overlay2/9badd16ea2c5e2bf1fde8b579683e41137dfc46ed5449234149f199a6751cc84/diff:/var/lib/docker/overlay2/6efb85646ed12e2d1181ef4cc6f6f6732c00c15a4035fe17ebc4f075ca573c30/diff:/var/lib/docker/overlay2/895d7c0ec09144d6ed33936f4e98e11c18010f7abd708cae1ce43aec7a7f2621/diff:/var/lib/docker/overlay2/1c4ba77aa573ab6e5e5069fd15eae71b3da940bde0f97a922a227ffc8a1d1096/diff","MergedDir":"/var/lib/docker/overlay2/830e690ec83ecff869b59e4f673c0c63b2bc5c068e9f710933e6f61763699fd2/merged","UpperDir":"/var/lib/docker/overlay2/830e690ec83ecff869b59e4f673c0c63b2bc5c068e9f710933e6f61763699fd2/diff","WorkDir":"/var/lib/docker/overlay2/830e690ec83ecff869b59e4f673c0c63b2bc5c068e9f710933e6f61763699fd2/work"},"Name":"overlay2"},"Mounts":[{"Type":"volume","Name":"25868b8cea8ad6eba7f00a6fe83e8848def5cff8aab5c5943024031400fa063d","Source":"/var/lib/docker/volumes/25868b8cea8ad6eba7f00a6fe83e8848def5cff8aab5c5943024031400fa063d/_data","Destination":"/var/lib/mysql","Driver":"local","Mode":"","RW":true,"Propagation":""}],"Config":{"Hostname":"cd5ecdf38df0","Domainname":"","User":"","AttachStdin":false,"AttachStdout":false,"AttachStderr":false,"ExposedPorts":{"3306/tcp":{},"33060/tcp":{}},"Tty":false,"OpenStdin":false,"StdinOnce":false,"Env":["MYSQL_DATABASE=adm_videos","MYSQL_PASSWORD=123456","MYSQL_ROOT_PASSWORD=123456","PATH=/usr/local/sbin:/usr/local/bin:/usr/sbin:/usr/bin:/sbin:/bin","GOSU_VERSION=1.16","MYSQL_MAJOR=8.0","MYSQL_VERSION=8.0.32-1.el8","MYSQL_SHELL_VERSION=8.0.32-1.el8"],"Cmd":["mysqld"],"Image":"mysql:latest","Volumes":{"/var/lib/mysql":{}},"WorkingDir":"","Entrypoint":["docker-entrypoint.sh"],"OnBuild":null,"Labels":{"org.testcontainers":"true","org.testcontainers.lang":"java","org.testcontainers.sessionId":"71b9672a-6f61-4546-a7b6-d603100b2e56","org.testcontainers.version":"1.17.6"}},"NetworkSettings":{"Bridge":"","SandboxID":"56762d63452c709eadac6b5c5f4b6cdd30da833580c632f91fd658806eaf4ddb","HairpinMode":false,"LinkLocalIPv6Address":"","LinkLocalIPv6PrefixLen":0,"Ports":{"3306/tcp":[{"HostIp":"0.0.0.0","HostPort":"63819"}],"33060/tcp":null},"SandboxKey":"/var/run/docker/netns/56762d63452c","SecondaryIPAddresses":null,"SecondaryIPv6Addresses":null,"EndpointID":"92fc2600684327987bceb8e2716a72ba2420fccd56812c1491af8c03946e105c","Gateway":"172.17.0.1","GlobalIPv6Address":"","GlobalIPv6PrefixLen":0,"IPAddress":"172.17.0.3","IPPrefixLen":16,"IPv6Gateway":"","MacAddress":"02:42:ac:11:00:03","Networks":{"bridge":{"IPAMConfig":null,"Links":null,"Aliases":null,"NetworkID":"308e234c143065751b16b4500cb9f48d5c7fc2116504b3d816a5e51cd4771062","EndpointID":"92fc2600684327987bceb8e2716a72ba2420fccd56812c1491af8c03946e105c","Gateway":"172.17.0.1","IPAddress":"172.17.0.3","IPPrefixLen":16,"IPv6Gateway":"","GlobalIPv6Address":"","GlobalIPv6PrefixLen":0,"MacAddress":"02:42:ac:11:00:03","DriverOpts":null}}}}[\n]"
01:14:52.179 [Test worker] DEBUG com.github.dockerjava.zerodep.shaded.org.apache.hc.client5.http.wire - http-outgoing-2 << "[\r][\n]"
01:14:52.180 [Test worker] DEBUG com.github.dockerjava.zerodep.shaded.org.apache.hc.client5.http.wire - http-outgoing-2 << "0[\r][\n]"
01:14:52.180 [Test worker] DEBUG com.github.dockerjava.zerodep.shaded.org.apache.hc.client5.http.wire - http-outgoing-2 << "[\r][\n]"
01:14:52.180 [Test worker] DEBUG com.github.dockerjava.zerodep.shaded.org.apache.hc.client5.http.impl.classic.InternalHttpClient - ep-00000056: releasing valid endpoint
01:14:52.180 [Test worker] DEBUG com.github.dockerjava.zerodep.shaded.org.apache.hc.client5.http.impl.io.PoolingHttpClientConnectionManager - ep-00000056: releasing endpoint
01:14:52.180 [Test worker] DEBUG com.github.dockerjava.zerodep.shaded.org.apache.hc.client5.http.impl.io.PoolingHttpClientConnectionManager - ep-00000056: connection http-outgoing-2 can be kept alive for 3 MINUTES
01:14:52.180 [Test worker] DEBUG com.github.dockerjava.zerodep.shaded.org.apache.hc.client5.http.impl.io.PoolingHttpClientConnectionManager - ep-00000056: connection released [route: {}->unix://localhost:2375][total available: 1; route allocated: 1 of 2147483647; total allocated: 1 of 2147483647]
01:14:52.180 [Test worker] DEBUG ]]>&#x1f433;<![CDATA[ [mysql:latest] - Trying to create JDBC connection using com.mysql.cj.jdbc.Driver to jdbc:mysql://localhost:63819/adm_videos?useSSL=false&allowPublicKeyRetrieval=true with properties: {password=123456, user=root}
01:14:52.284 [Test worker] DEBUG org.testcontainers.shaded.com.github.dockerjava.core.command.AbstrDockerCmd - Cmd: cd5ecdf38df06b4092e6cf67100cd20ad9c3cb4b6e9303874a7bd89885b140c9,false
01:14:52.284 [Test worker] DEBUG org.testcontainers.shaded.com.github.dockerjava.core.exec.InspectContainerCmdExec - GET: DefaultWebTarget{path=[/containers/cd5ecdf38df06b4092e6cf67100cd20ad9c3cb4b6e9303874a7bd89885b140c9/json], queryParams={}}
01:14:52.285 [Test worker] DEBUG com.github.dockerjava.zerodep.shaded.org.apache.hc.client5.http.impl.classic.InternalHttpClient - ex-00000058: preparing request execution
01:14:52.285 [Test worker] DEBUG com.github.dockerjava.zerodep.shaded.org.apache.hc.client5.http.protocol.RequestAddCookies - Cookie spec selected: strict
01:14:52.285 [Test worker] DEBUG com.github.dockerjava.zerodep.shaded.org.apache.hc.client5.http.protocol.RequestAuthCache - Auth cache not set in the context
01:14:52.285 [Test worker] DEBUG com.github.dockerjava.zerodep.shaded.org.apache.hc.client5.http.impl.classic.ProtocolExec - ex-00000058: target auth state: UNCHALLENGED
01:14:52.285 [Test worker] DEBUG com.github.dockerjava.zerodep.shaded.org.apache.hc.client5.http.impl.classic.ProtocolExec - ex-00000058: proxy auth state: UNCHALLENGED
01:14:52.285 [Test worker] DEBUG com.github.dockerjava.zerodep.shaded.org.apache.hc.client5.http.impl.classic.ConnectExec - ex-00000058: acquiring connection with route {}->unix://localhost:2375
01:14:52.285 [Test worker] DEBUG com.github.dockerjava.zerodep.shaded.org.apache.hc.client5.http.impl.classic.InternalHttpClient - ex-00000058: acquiring endpoint (3 MINUTES)
01:14:52.285 [Test worker] DEBUG com.github.dockerjava.zerodep.shaded.org.apache.hc.client5.http.impl.io.PoolingHttpClientConnectionManager - ex-00000058: endpoint lease request (3 MINUTES) [route: {}->unix://localhost:2375][total available: 1; route allocated: 1 of 2147483647; total allocated: 1 of 2147483647]
01:14:52.285 [Test worker] DEBUG com.github.dockerjava.zerodep.shaded.org.apache.hc.client5.http.impl.io.PoolingHttpClientConnectionManager - ex-00000058: endpoint leased [route: {}->unix://localhost:2375][total available: 0; route allocated: 1 of 2147483647; total allocated: 1 of 2147483647]
01:14:52.285 [Test worker] DEBUG com.github.dockerjava.zerodep.shaded.org.apache.hc.client5.http.impl.io.PoolingHttpClientConnectionManager - ex-00000058: acquired ep-00000057
01:14:52.285 [Test worker] DEBUG com.github.dockerjava.zerodep.shaded.org.apache.hc.client5.http.impl.classic.InternalHttpClient - ex-00000058: acquired endpoint ep-00000057
01:14:52.285 [Test worker] DEBUG com.github.dockerjava.zerodep.shaded.org.apache.hc.client5.http.impl.classic.MainClientExec - ex-00000058: executing GET /v1.32/containers/cd5ecdf38df06b4092e6cf67100cd20ad9c3cb4b6e9303874a7bd89885b140c9/json HTTP/1.1
01:14:52.285 [Test worker] DEBUG com.github.dockerjava.zerodep.shaded.org.apache.hc.client5.http.impl.classic.InternalHttpClient - ep-00000057: start execution ex-00000058
01:14:52.285 [Test worker] DEBUG com.github.dockerjava.zerodep.shaded.org.apache.hc.client5.http.impl.io.PoolingHttpClientConnectionManager - ep-00000057: executing exchange ex-00000058 over http-outgoing-2
01:14:52.285 [Test worker] DEBUG com.github.dockerjava.zerodep.shaded.org.apache.hc.client5.http.headers - http-outgoing-2 >> GET /v1.32/containers/cd5ecdf38df06b4092e6cf67100cd20ad9c3cb4b6e9303874a7bd89885b140c9/json HTTP/1.1
01:14:52.285 [Test worker] DEBUG com.github.dockerjava.zerodep.shaded.org.apache.hc.client5.http.headers - http-outgoing-2 >> accept: application/json
01:14:52.285 [Test worker] DEBUG com.github.dockerjava.zerodep.shaded.org.apache.hc.client5.http.headers - http-outgoing-2 >> x-tc-sid: 71b9672a-6f61-4546-a7b6-d603100b2e56
01:14:52.285 [Test worker] DEBUG com.github.dockerjava.zerodep.shaded.org.apache.hc.client5.http.headers - http-outgoing-2 >> Accept-Encoding: gzip, x-gzip, deflate
01:14:52.285 [Test worker] DEBUG com.github.dockerjava.zerodep.shaded.org.apache.hc.client5.http.headers - http-outgoing-2 >> Host: localhost:2375
01:14:52.285 [Test worker] DEBUG com.github.dockerjava.zerodep.shaded.org.apache.hc.client5.http.headers - http-outgoing-2 >> Connection: keep-alive
01:14:52.285 [Test worker] DEBUG com.github.dockerjava.zerodep.shaded.org.apache.hc.client5.http.headers - http-outgoing-2 >> User-Agent: Apache-HttpClient/5.0.3 (Java/17.0.2)
01:14:52.285 [Test worker] DEBUG com.github.dockerjava.zerodep.shaded.org.apache.hc.client5.http.wire - http-outgoing-2 >> "GET /v1.32/containers/cd5ecdf38df06b4092e6cf67100cd20ad9c3cb4b6e9303874a7bd89885b140c9/json HTTP/1.1[\r][\n]"
01:14:52.285 [Test worker] DEBUG com.github.dockerjava.zerodep.shaded.org.apache.hc.client5.http.wire - http-outgoing-2 >> "accept: application/json[\r][\n]"
01:14:52.285 [Test worker] DEBUG com.github.dockerjava.zerodep.shaded.org.apache.hc.client5.http.wire - http-outgoing-2 >> "x-tc-sid: 71b9672a-6f61-4546-a7b6-d603100b2e56[\r][\n]"
01:14:52.285 [Test worker] DEBUG com.github.dockerjava.zerodep.shaded.org.apache.hc.client5.http.wire - http-outgoing-2 >> "Accept-Encoding: gzip, x-gzip, deflate[\r][\n]"
01:14:52.285 [Test worker] DEBUG com.github.dockerjava.zerodep.shaded.org.apache.hc.client5.http.wire - http-outgoing-2 >> "Host: localhost:2375[\r][\n]"
01:14:52.285 [Test worker] DEBUG com.github.dockerjava.zerodep.shaded.org.apache.hc.client5.http.wire - http-outgoing-2 >> "Connection: keep-alive[\r][\n]"
01:14:52.285 [Test worker] DEBUG com.github.dockerjava.zerodep.shaded.org.apache.hc.client5.http.wire - http-outgoing-2 >> "User-Agent: Apache-HttpClient/5.0.3 (Java/17.0.2)[\r][\n]"
01:14:52.285 [Test worker] DEBUG com.github.dockerjava.zerodep.shaded.org.apache.hc.client5.http.wire - http-outgoing-2 >> "[\r][\n]"
01:14:52.287 [Test worker] DEBUG com.github.dockerjava.zerodep.shaded.org.apache.hc.client5.http.wire - http-outgoing-2 << "HTTP/1.1 200 OK[\r][\n]"
01:14:52.287 [Test worker] DEBUG com.github.dockerjava.zerodep.shaded.org.apache.hc.client5.http.wire - http-outgoing-2 << "Api-Version: 1.41[\r][\n]"
01:14:52.287 [Test worker] DEBUG com.github.dockerjava.zerodep.shaded.org.apache.hc.client5.http.wire - http-outgoing-2 << "Content-Type: application/json[\r][\n]"
01:14:52.287 [Test worker] DEBUG com.github.dockerjava.zerodep.shaded.org.apache.hc.client5.http.wire - http-outgoing-2 << "Date: Tue, 28 Mar 2023 04:14:52 GMT[\r][\n]"
01:14:52.287 [Test worker] DEBUG com.github.dockerjava.zerodep.shaded.org.apache.hc.client5.http.wire - http-outgoing-2 << "Docker-Experimental: false[\r][\n]"
01:14:52.287 [Test worker] DEBUG com.github.dockerjava.zerodep.shaded.org.apache.hc.client5.http.wire - http-outgoing-2 << "Ostype: linux[\r][\n]"
01:14:52.287 [Test worker] DEBUG com.github.dockerjava.zerodep.shaded.org.apache.hc.client5.http.wire - http-outgoing-2 << "Server: Docker/20.10.21 (linux)[\r][\n]"
01:14:52.287 [Test worker] DEBUG com.github.dockerjava.zerodep.shaded.org.apache.hc.client5.http.wire - http-outgoing-2 << "Transfer-Encoding: chunked[\r][\n]"
01:14:52.287 [Test worker] DEBUG com.github.dockerjava.zerodep.shaded.org.apache.hc.client5.http.wire - http-outgoing-2 << "[\r][\n]"
01:14:52.287 [Test worker] DEBUG com.github.dockerjava.zerodep.shaded.org.apache.hc.client5.http.headers - http-outgoing-2 << HTTP/1.1 200 OK
01:14:52.287 [Test worker] DEBUG com.github.dockerjava.zerodep.shaded.org.apache.hc.client5.http.headers - http-outgoing-2 << Api-Version: 1.41
01:14:52.287 [Test worker] DEBUG com.github.dockerjava.zerodep.shaded.org.apache.hc.client5.http.headers - http-outgoing-2 << Content-Type: application/json
01:14:52.288 [Test worker] DEBUG com.github.dockerjava.zerodep.shaded.org.apache.hc.client5.http.headers - http-outgoing-2 << Date: Tue, 28 Mar 2023 04:14:52 GMT
01:14:52.288 [Test worker] DEBUG com.github.dockerjava.zerodep.shaded.org.apache.hc.client5.http.headers - http-outgoing-2 << Docker-Experimental: false
01:14:52.288 [Test worker] DEBUG com.github.dockerjava.zerodep.shaded.org.apache.hc.client5.http.headers - http-outgoing-2 << Ostype: linux
01:14:52.288 [Test worker] DEBUG com.github.dockerjava.zerodep.shaded.org.apache.hc.client5.http.headers - http-outgoing-2 << Server: Docker/20.10.21 (linux)
01:14:52.288 [Test worker] DEBUG com.github.dockerjava.zerodep.shaded.org.apache.hc.client5.http.headers - http-outgoing-2 << Transfer-Encoding: chunked
01:14:52.288 [Test worker] DEBUG com.github.dockerjava.zerodep.shaded.org.apache.hc.client5.http.impl.classic.MainClientExec - ex-00000058: connection can be kept alive for 3 MINUTES
01:14:52.289 [Test worker] DEBUG com.github.dockerjava.zerodep.shaded.org.apache.hc.client5.http.wire - http-outgoing-2 << "18c1[\r][\n]"
01:14:52.290 [Test worker] DEBUG com.github.dockerjava.zerodep.shaded.org.apache.hc.client5.http.wire - http-outgoing-2 << "{"Id":"cd5ecdf38df06b4092e6cf67100cd20ad9c3cb4b6e9303874a7bd89885b140c9","Created":"2023-03-28T04:14:43.179040379Z","Path":"docker-entrypoint.sh","Args":["mysqld"],"State":{"Status":"running","Running":true,"Paused":false,"Restarting":false,"OOMKilled":false,"Dead":false,"Pid":20152,"ExitCode":0,"Error":"","StartedAt":"2023-03-28T04:14:43.680338005Z","FinishedAt":"0001-01-01T00:00:00Z"},"Image":"sha256:c7c54c29e20dccc1aefb936c8eba8bb8b98b87a4921102aba87fde2df5810af9","ResolvConfPath":"/var/lib/docker/containers/cd5ecdf38df06b4092e6cf67100cd20ad9c3cb4b6e9303874a7bd89885b140c9/resolv.conf","HostnamePath":"/var/lib/docker/containers/cd5ecdf38df06b4092e6cf67100cd20ad9c3cb4b6e9303874a7bd89885b140c9/hostname","HostsPath":"/var/lib/docker/containers/cd5ecdf38df06b4092e6cf67100cd20ad9c3cb4b6e9303874a7bd89885b140c9/hosts","LogPath":"/var/lib/docker/containers/cd5ecdf38df06b4092e6cf67100cd20ad9c3cb4b6e9303874a7bd89885b140c9/cd5ecdf38df06b4092e6cf67100cd20ad9c3cb4b6e9303874a7bd89885b140c9-json.log","Name":"/keen_matsumoto","RestartCount":0,"Driver":"overlay2","Platform":"linux","MountLabel":"","ProcessLabel":"","AppArmorProfile":"","ExecIDs":null,"HostConfig":{"Binds":[],"ContainerIDFile":"","LogConfig":{"Type":"json-file","Config":{}},"NetworkMode":"default","PortBindings":{"3306/tcp":[{"HostIp":"0.0.0.0","HostPort":"0"}]},"RestartPolicy":{"Name":"","MaximumRetryCount":0},"AutoRemove":false,"VolumeDriver":"","VolumesFrom":[],"CapAdd":null,"CapDrop":null,"CgroupnsMode":"private","Dns":null,"DnsOptions":null,"DnsSearch":null,"ExtraHosts":[],"GroupAdd":null,"IpcMode":"shareable","Cgroup":"","Links":null,"OomScoreAdj":0,"PidMode":"","Privileged":false,"PublishAllPorts":false,"ReadonlyRootfs":false,"SecurityOpt":null,"UTSMode":"","UsernsMode":"","ShmSize":67108864,"Runtime":"runc","ConsoleSize":[0,0],"Isolation":"","CpuShares":0,"Memory":0,"NanoCpus":0,"CgroupParent":"","BlkioWeight":0,"BlkioWeightDevice":null,"BlkioDeviceReadBps":null,"BlkioDeviceWriteBps":null,"BlkioDeviceReadIOps":null,"BlkioDeviceWriteIOps":null,"CpuPeriod":0,"CpuQuota":0,"CpuRealtimePeriod":0,"CpuRealtimeRuntime":0,"CpusetCpus":"","CpusetMems":"","Devices":null,"DeviceCgroupRules":null,"DeviceRequests":null,"KernelMemory":0,"KernelMemoryTCP":0,"MemoryReservation":0,"MemorySwap":0,"MemorySwappiness":null,"OomKillDisable":null,"PidsLimit":null,"Ulimits":null,"CpuCount":0,"CpuPercent":0,"IOMaximumIOps":0,"IOMaximumBandwidth":0,"MaskedPaths":["/proc/asound","/proc/acpi","/proc/kcore","/proc/keys","/proc/latency_stats","/proc/timer_list","/proc/timer_stats","/proc/sched_debug","/proc/scsi","/sys/firmware"],"ReadonlyPaths":["/proc/bus","/proc/fs","/proc/irq","/proc/sys","/proc/sysrq-trigger"]},"GraphDriver":{"Data":{"LowerDir":"/var/lib/docker/overlay2/830e690ec83ecff869b59e4f673c0c63b2bc5c068e9f710933e6f61763699fd2-init/diff:/var/lib/docker/overlay2/1bd8849d7a296305617011f940aa5cfabbe972a513397b1b6bbc27639b6c1f30/diff:/var/lib/docker/overlay2/199d69b2fbf78af4d4c95dec4fd2f8835ab0347eb49fb20ebb2ff3b99fedd6ad/diff:/var/lib/docker/overlay2/d83c38d654989311f75b9491329846033bfb7714de76ef635380dcfad5c740d9/diff:/var/lib/docker/overlay2/08600d0aea2ab2728bebcf5d2589c640a842f53d1ba3c4a4adccb4d03b923cf6/diff:/var/lib/docker/overlay2/9ec7c63a3fb14d13ac788bbf5e282ca821edc41260b79944e5e631037d13ecda/diff:/var/lib/docker/overlay2/db601d7a1b4ea6da638db620462f0da96fa55c559d02269c9ddb09027936ed87/diff:/var/lib/docker/overlay2/a6d2bd03f942e2565f21e74cfe152c7ec836a1c2b583f0790c685b92bdcfda24/diff:/var/lib/docker/overlay2/9badd16ea2c5e2bf1fde8b579683e41137dfc46ed5449234149f199a6751cc84/diff:/var/lib/docker/overlay2/6efb85646ed12e2d1181ef4cc6f6f6732c00c15a4035fe17ebc4f075ca573c30/diff:/var/lib/docker/overlay2/895d7c0ec09144d6ed33936f4e98e11c18010f7abd708cae1ce43aec7a7f2621/diff:/var/lib/docker/overlay2/1c4ba77aa573ab6e5e5069fd15eae71b3da940bde0f97a922a227ffc8a1d1096/diff","MergedDir":"/var/lib/docker/overlay2/830e690ec83ecff869b59e4f673c0c63b2bc5c068e9f710933e6f61763699fd2/merged","UpperDir":"/var/lib/docker/overlay2/830e690ec83ecff869b59e4f673c0c63b2bc5c068e9f710933e6f61763699fd2/diff","WorkDir":"/var/lib/docker/overlay2/830e690ec83ecff869b59e4f673c0c63b2bc5c068e9f710933e6f61763699fd2/work"},"Name":"overlay2"},"Mounts":[{"Type":"volume","Name":"25868b8cea8ad6eba7f00a6fe83e8848def5cff8aab5c5943024031400fa063d","Source":"/var/lib/docker/volumes/25868b8cea8ad6eba7f00a6fe83e8848def5cff8aab5c5943024031400fa063d/_data","Destination":"/var/lib/mysql","Driver":"local","Mode":"","RW":true,"Propagation":""}],"Config":{"Hostname":"cd5ecdf38df0","Domainname":"","User":"","AttachStdin":false,"AttachStdout":false,"AttachStderr":false,"ExposedPorts":{"3306/tcp":{},"33060/tcp":{}},"Tty":false,"OpenStdin":false,"StdinOnce":false,"Env":["MYSQL_DATABASE=adm_videos","MYSQL_PASSWORD=123456","MYSQL_ROOT_PASSWORD=123456","PATH=/usr/local/sbin:/usr/local/bin:/usr/sbin:/usr/bin:/sbin:/bin","GOSU_VERSION=1.16","MYSQL_MAJOR=8.0","MYSQL_VERSION=8.0.32-1.el8","MYSQL_SHELL_VERSION=8.0.32-1.el8"],"Cmd":["mysqld"],"Image":"mysql:latest","Volumes":{"/var/lib/mysql":{}},"WorkingDir":"","Entrypoint":["docker-entrypoint.sh"],"OnBuild":null,"Labels":{"org.testcontainers":"true","org.testcontainers.lang":"java","org.testcontainers.sessionId":"71b9672a-6f61-4546-a7b6-d603100b2e56","org.testcontainers.version":"1.17.6"}},"NetworkSettings":{"Bridge":"","SandboxID":"56762d63452c709eadac6b5c5f4b6cdd30da833580c632f91fd658806eaf4ddb","HairpinMode":false,"LinkLocalIPv6Address":"","LinkLocalIPv6PrefixLen":0,"Ports":{"3306/tcp":[{"HostIp":"0.0.0.0","HostPort":"63819"}],"33060/tcp":null},"SandboxKey":"/var/run/docker/netns/56762d63452c","SecondaryIPAddresses":null,"SecondaryIPv6Addresses":null,"EndpointID":"92fc2600684327987bceb8e2716a72ba2420fccd56812c1491af8c03946e105c","Gateway":"172.17.0.1","GlobalIPv6Address":"","GlobalIPv6PrefixLen":0,"IPAddress":"172.17.0.3","IPPrefixLen":16,"IPv6Gateway":"","MacAddress":"02:42:ac:11:00:03","Networks":{"bridge":{"IPAMConfig":null,"Links":null,"Aliases":null,"NetworkID":"308e234c143065751b16b4500cb9f48d5c7fc2116504b3d816a5e51cd4771062","EndpointID":"92fc2600684327987bceb8e2716a72ba2420fccd56812c1491af8c03946e105c","Gateway":"172.17.0.1","IPAddress":"172.17.0.3","IPPrefixLen":16,"IPv6Gateway":"","GlobalIPv6Address":"","GlobalIPv6PrefixLen":0,"MacAddress":"02:42:ac:11:00:03","DriverOpts":null}}}}[\n]"
01:14:52.290 [Test worker] DEBUG com.github.dockerjava.zerodep.shaded.org.apache.hc.client5.http.wire - http-outgoing-2 << "[\r][\n]"
01:14:52.290 [Test worker] DEBUG com.github.dockerjava.zerodep.shaded.org.apache.hc.client5.http.wire - http-outgoing-2 << "0[\r][\n]"
01:14:52.290 [Test worker] DEBUG com.github.dockerjava.zerodep.shaded.org.apache.hc.client5.http.wire - http-outgoing-2 << "[\r][\n]"
01:14:52.290 [Test worker] DEBUG com.github.dockerjava.zerodep.shaded.org.apache.hc.client5.http.impl.classic.InternalHttpClient - ep-00000057: releasing valid endpoint
01:14:52.290 [Test worker] DEBUG com.github.dockerjava.zerodep.shaded.org.apache.hc.client5.http.impl.io.PoolingHttpClientConnectionManager - ep-00000057: releasing endpoint
01:14:52.290 [Test worker] DEBUG com.github.dockerjava.zerodep.shaded.org.apache.hc.client5.http.impl.io.PoolingHttpClientConnectionManager - ep-00000057: connection http-outgoing-2 can be kept alive for 3 MINUTES
01:14:52.290 [Test worker] DEBUG com.github.dockerjava.zerodep.shaded.org.apache.hc.client5.http.impl.io.PoolingHttpClientConnectionManager - ep-00000057: connection released [route: {}->unix://localhost:2375][total available: 1; route allocated: 1 of 2147483647; total allocated: 1 of 2147483647]
01:14:52.290 [Test worker] DEBUG ]]>&#x1f433;<![CDATA[ [mysql:latest] - Trying to create JDBC connection using com.mysql.cj.jdbc.Driver to jdbc:mysql://localhost:63819/adm_videos?useSSL=false&allowPublicKeyRetrieval=true with properties: {password=123456, user=root}
01:14:52.396 [Test worker] DEBUG org.testcontainers.shaded.com.github.dockerjava.core.command.AbstrDockerCmd - Cmd: cd5ecdf38df06b4092e6cf67100cd20ad9c3cb4b6e9303874a7bd89885b140c9,false
01:14:52.397 [Test worker] DEBUG org.testcontainers.shaded.com.github.dockerjava.core.exec.InspectContainerCmdExec - GET: DefaultWebTarget{path=[/containers/cd5ecdf38df06b4092e6cf67100cd20ad9c3cb4b6e9303874a7bd89885b140c9/json], queryParams={}}
01:14:52.397 [Test worker] DEBUG com.github.dockerjava.zerodep.shaded.org.apache.hc.client5.http.impl.classic.InternalHttpClient - ex-00000059: preparing request execution
01:14:52.397 [Test worker] DEBUG com.github.dockerjava.zerodep.shaded.org.apache.hc.client5.http.protocol.RequestAddCookies - Cookie spec selected: strict
01:14:52.397 [Test worker] DEBUG com.github.dockerjava.zerodep.shaded.org.apache.hc.client5.http.protocol.RequestAuthCache - Auth cache not set in the context
01:14:52.397 [Test worker] DEBUG com.github.dockerjava.zerodep.shaded.org.apache.hc.client5.http.impl.classic.ProtocolExec - ex-00000059: target auth state: UNCHALLENGED
01:14:52.397 [Test worker] DEBUG com.github.dockerjava.zerodep.shaded.org.apache.hc.client5.http.impl.classic.ProtocolExec - ex-00000059: proxy auth state: UNCHALLENGED
01:14:52.397 [Test worker] DEBUG com.github.dockerjava.zerodep.shaded.org.apache.hc.client5.http.impl.classic.ConnectExec - ex-00000059: acquiring connection with route {}->unix://localhost:2375
01:14:52.397 [Test worker] DEBUG com.github.dockerjava.zerodep.shaded.org.apache.hc.client5.http.impl.classic.InternalHttpClient - ex-00000059: acquiring endpoint (3 MINUTES)
01:14:52.397 [Test worker] DEBUG com.github.dockerjava.zerodep.shaded.org.apache.hc.client5.http.impl.io.PoolingHttpClientConnectionManager - ex-00000059: endpoint lease request (3 MINUTES) [route: {}->unix://localhost:2375][total available: 1; route allocated: 1 of 2147483647; total allocated: 1 of 2147483647]
01:14:52.397 [Test worker] DEBUG com.github.dockerjava.zerodep.shaded.org.apache.hc.client5.http.impl.io.PoolingHttpClientConnectionManager - ex-00000059: endpoint leased [route: {}->unix://localhost:2375][total available: 0; route allocated: 1 of 2147483647; total allocated: 1 of 2147483647]
01:14:52.397 [Test worker] DEBUG com.github.dockerjava.zerodep.shaded.org.apache.hc.client5.http.impl.io.PoolingHttpClientConnectionManager - ex-00000059: acquired ep-00000058
01:14:52.397 [Test worker] DEBUG com.github.dockerjava.zerodep.shaded.org.apache.hc.client5.http.impl.classic.InternalHttpClient - ex-00000059: acquired endpoint ep-00000058
01:14:52.397 [Test worker] DEBUG com.github.dockerjava.zerodep.shaded.org.apache.hc.client5.http.impl.classic.MainClientExec - ex-00000059: executing GET /v1.32/containers/cd5ecdf38df06b4092e6cf67100cd20ad9c3cb4b6e9303874a7bd89885b140c9/json HTTP/1.1
01:14:52.397 [Test worker] DEBUG com.github.dockerjava.zerodep.shaded.org.apache.hc.client5.http.impl.classic.InternalHttpClient - ep-00000058: start execution ex-00000059
01:14:52.397 [Test worker] DEBUG com.github.dockerjava.zerodep.shaded.org.apache.hc.client5.http.impl.io.PoolingHttpClientConnectionManager - ep-00000058: executing exchange ex-00000059 over http-outgoing-2
01:14:52.397 [Test worker] DEBUG com.github.dockerjava.zerodep.shaded.org.apache.hc.client5.http.headers - http-outgoing-2 >> GET /v1.32/containers/cd5ecdf38df06b4092e6cf67100cd20ad9c3cb4b6e9303874a7bd89885b140c9/json HTTP/1.1
01:14:52.397 [Test worker] DEBUG com.github.dockerjava.zerodep.shaded.org.apache.hc.client5.http.headers - http-outgoing-2 >> accept: application/json
01:14:52.397 [Test worker] DEBUG com.github.dockerjava.zerodep.shaded.org.apache.hc.client5.http.headers - http-outgoing-2 >> x-tc-sid: 71b9672a-6f61-4546-a7b6-d603100b2e56
01:14:52.397 [Test worker] DEBUG com.github.dockerjava.zerodep.shaded.org.apache.hc.client5.http.headers - http-outgoing-2 >> Accept-Encoding: gzip, x-gzip, deflate
01:14:52.397 [Test worker] DEBUG com.github.dockerjava.zerodep.shaded.org.apache.hc.client5.http.headers - http-outgoing-2 >> Host: localhost:2375
01:14:52.397 [Test worker] DEBUG com.github.dockerjava.zerodep.shaded.org.apache.hc.client5.http.headers - http-outgoing-2 >> Connection: keep-alive
01:14:52.397 [Test worker] DEBUG com.github.dockerjava.zerodep.shaded.org.apache.hc.client5.http.headers - http-outgoing-2 >> User-Agent: Apache-HttpClient/5.0.3 (Java/17.0.2)
01:14:52.397 [Test worker] DEBUG com.github.dockerjava.zerodep.shaded.org.apache.hc.client5.http.wire - http-outgoing-2 >> "GET /v1.32/containers/cd5ecdf38df06b4092e6cf67100cd20ad9c3cb4b6e9303874a7bd89885b140c9/json HTTP/1.1[\r][\n]"
01:14:52.397 [Test worker] DEBUG com.github.dockerjava.zerodep.shaded.org.apache.hc.client5.http.wire - http-outgoing-2 >> "accept: application/json[\r][\n]"
01:14:52.397 [Test worker] DEBUG com.github.dockerjava.zerodep.shaded.org.apache.hc.client5.http.wire - http-outgoing-2 >> "x-tc-sid: 71b9672a-6f61-4546-a7b6-d603100b2e56[\r][\n]"
01:14:52.397 [Test worker] DEBUG com.github.dockerjava.zerodep.shaded.org.apache.hc.client5.http.wire - http-outgoing-2 >> "Accept-Encoding: gzip, x-gzip, deflate[\r][\n]"
01:14:52.397 [Test worker] DEBUG com.github.dockerjava.zerodep.shaded.org.apache.hc.client5.http.wire - http-outgoing-2 >> "Host: localhost:2375[\r][\n]"
01:14:52.397 [Test worker] DEBUG com.github.dockerjava.zerodep.shaded.org.apache.hc.client5.http.wire - http-outgoing-2 >> "Connection: keep-alive[\r][\n]"
01:14:52.397 [Test worker] DEBUG com.github.dockerjava.zerodep.shaded.org.apache.hc.client5.http.wire - http-outgoing-2 >> "User-Agent: Apache-HttpClient/5.0.3 (Java/17.0.2)[\r][\n]"
01:14:52.397 [Test worker] DEBUG com.github.dockerjava.zerodep.shaded.org.apache.hc.client5.http.wire - http-outgoing-2 >> "[\r][\n]"
01:14:52.401 [Test worker] DEBUG com.github.dockerjava.zerodep.shaded.org.apache.hc.client5.http.wire - http-outgoing-2 << "HTTP/1.1 200 OK[\r][\n]"
01:14:52.401 [Test worker] DEBUG com.github.dockerjava.zerodep.shaded.org.apache.hc.client5.http.wire - http-outgoing-2 << "Api-Version: 1.41[\r][\n]"
01:14:52.401 [Test worker] DEBUG com.github.dockerjava.zerodep.shaded.org.apache.hc.client5.http.wire - http-outgoing-2 << "Content-Type: application/json[\r][\n]"
01:14:52.401 [Test worker] DEBUG com.github.dockerjava.zerodep.shaded.org.apache.hc.client5.http.wire - http-outgoing-2 << "Date: Tue, 28 Mar 2023 04:14:52 GMT[\r][\n]"
01:14:52.401 [Test worker] DEBUG com.github.dockerjava.zerodep.shaded.org.apache.hc.client5.http.wire - http-outgoing-2 << "Docker-Experimental: false[\r][\n]"
01:14:52.401 [Test worker] DEBUG com.github.dockerjava.zerodep.shaded.org.apache.hc.client5.http.wire - http-outgoing-2 << "Ostype: linux[\r][\n]"
01:14:52.401 [Test worker] DEBUG com.github.dockerjava.zerodep.shaded.org.apache.hc.client5.http.wire - http-outgoing-2 << "Server: Docker/20.10.21 (linux)[\r][\n]"
01:14:52.401 [Test worker] DEBUG com.github.dockerjava.zerodep.shaded.org.apache.hc.client5.http.wire - http-outgoing-2 << "Transfer-Encoding: chunked[\r][\n]"
01:14:52.401 [Test worker] DEBUG com.github.dockerjava.zerodep.shaded.org.apache.hc.client5.http.wire - http-outgoing-2 << "[\r][\n]"
01:14:52.402 [Test worker] DEBUG com.github.dockerjava.zerodep.shaded.org.apache.hc.client5.http.headers - http-outgoing-2 << HTTP/1.1 200 OK
01:14:52.402 [Test worker] DEBUG com.github.dockerjava.zerodep.shaded.org.apache.hc.client5.http.headers - http-outgoing-2 << Api-Version: 1.41
01:14:52.402 [Test worker] DEBUG com.github.dockerjava.zerodep.shaded.org.apache.hc.client5.http.headers - http-outgoing-2 << Content-Type: application/json
01:14:52.402 [Test worker] DEBUG com.github.dockerjava.zerodep.shaded.org.apache.hc.client5.http.headers - http-outgoing-2 << Date: Tue, 28 Mar 2023 04:14:52 GMT
01:14:52.402 [Test worker] DEBUG com.github.dockerjava.zerodep.shaded.org.apache.hc.client5.http.headers - http-outgoing-2 << Docker-Experimental: false
01:14:52.402 [Test worker] DEBUG com.github.dockerjava.zerodep.shaded.org.apache.hc.client5.http.headers - http-outgoing-2 << Ostype: linux
01:14:52.402 [Test worker] DEBUG com.github.dockerjava.zerodep.shaded.org.apache.hc.client5.http.headers - http-outgoing-2 << Server: Docker/20.10.21 (linux)
01:14:52.402 [Test worker] DEBUG com.github.dockerjava.zerodep.shaded.org.apache.hc.client5.http.headers - http-outgoing-2 << Transfer-Encoding: chunked
01:14:52.402 [Test worker] DEBUG com.github.dockerjava.zerodep.shaded.org.apache.hc.client5.http.impl.classic.MainClientExec - ex-00000059: connection can be kept alive for 3 MINUTES
01:14:52.404 [Test worker] DEBUG com.github.dockerjava.zerodep.shaded.org.apache.hc.client5.http.wire - http-outgoing-2 << "18c1[\r][\n]"
01:14:52.404 [Test worker] DEBUG com.github.dockerjava.zerodep.shaded.org.apache.hc.client5.http.wire - http-outgoing-2 << "{"Id":"cd5ecdf38df06b4092e6cf67100cd20ad9c3cb4b6e9303874a7bd89885b140c9","Created":"2023-03-28T04:14:43.179040379Z","Path":"docker-entrypoint.sh","Args":["mysqld"],"State":{"Status":"running","Running":true,"Paused":false,"Restarting":false,"OOMKilled":false,"Dead":false,"Pid":20152,"ExitCode":0,"Error":"","StartedAt":"2023-03-28T04:14:43.680338005Z","FinishedAt":"0001-01-01T00:00:00Z"},"Image":"sha256:c7c54c29e20dccc1aefb936c8eba8bb8b98b87a4921102aba87fde2df5810af9","ResolvConfPath":"/var/lib/docker/containers/cd5ecdf38df06b4092e6cf67100cd20ad9c3cb4b6e9303874a7bd89885b140c9/resolv.conf","HostnamePath":"/var/lib/docker/containers/cd5ecdf38df06b4092e6cf67100cd20ad9c3cb4b6e9303874a7bd89885b140c9/hostname","HostsPath":"/var/lib/docker/containers/cd5ecdf38df06b4092e6cf67100cd20ad9c3cb4b6e9303874a7bd89885b140c9/hosts","LogPath":"/var/lib/docker/containers/cd5ecdf38df06b4092e6cf67100cd20ad9c3cb4b6e9303874a7bd89885b140c9/cd5ecdf38df06b4092e6cf67100cd20ad9c3cb4b6e9303874a7bd89885b140c9-json.log","Name":"/keen_matsumoto","RestartCount":0,"Driver":"overlay2","Platform":"linux","MountLabel":"","ProcessLabel":"","AppArmorProfile":"","ExecIDs":null,"HostConfig":{"Binds":[],"ContainerIDFile":"","LogConfig":{"Type":"json-file","Config":{}},"NetworkMode":"default","PortBindings":{"3306/tcp":[{"HostIp":"0.0.0.0","HostPort":"0"}]},"RestartPolicy":{"Name":"","MaximumRetryCount":0},"AutoRemove":false,"VolumeDriver":"","VolumesFrom":[],"CapAdd":null,"CapDrop":null,"CgroupnsMode":"private","Dns":null,"DnsOptions":null,"DnsSearch":null,"ExtraHosts":[],"GroupAdd":null,"IpcMode":"shareable","Cgroup":"","Links":null,"OomScoreAdj":0,"PidMode":"","Privileged":false,"PublishAllPorts":false,"ReadonlyRootfs":false,"SecurityOpt":null,"UTSMode":"","UsernsMode":"","ShmSize":67108864,"Runtime":"runc","ConsoleSize":[0,0],"Isolation":"","CpuShares":0,"Memory":0,"NanoCpus":0,"CgroupParent":"","BlkioWeight":0,"BlkioWeightDevice":null,"BlkioDeviceReadBps":null,"BlkioDeviceWriteBps":null,"BlkioDeviceReadIOps":null,"BlkioDeviceWriteIOps":null,"CpuPeriod":0,"CpuQuota":0,"CpuRealtimePeriod":0,"CpuRealtimeRuntime":0,"CpusetCpus":"","CpusetMems":"","Devices":null,"DeviceCgroupRules":null,"DeviceRequests":null,"KernelMemory":0,"KernelMemoryTCP":0,"MemoryReservation":0,"MemorySwap":0,"MemorySwappiness":null,"OomKillDisable":null,"PidsLimit":null,"Ulimits":null,"CpuCount":0,"CpuPercent":0,"IOMaximumIOps":0,"IOMaximumBandwidth":0,"MaskedPaths":["/proc/asound","/proc/acpi","/proc/kcore","/proc/keys","/proc/latency_stats","/proc/timer_list","/proc/timer_stats","/proc/sched_debug","/proc/scsi","/sys/firmware"],"ReadonlyPaths":["/proc/bus","/proc/fs","/proc/irq","/proc/sys","/proc/sysrq-trigger"]},"GraphDriver":{"Data":{"LowerDir":"/var/lib/docker/overlay2/830e690ec83ecff869b59e4f673c0c63b2bc5c068e9f710933e6f61763699fd2-init/diff:/var/lib/docker/overlay2/1bd8849d7a296305617011f940aa5cfabbe972a513397b1b6bbc27639b6c1f30/diff:/var/lib/docker/overlay2/199d69b2fbf78af4d4c95dec4fd2f8835ab0347eb49fb20ebb2ff3b99fedd6ad/diff:/var/lib/docker/overlay2/d83c38d654989311f75b9491329846033bfb7714de76ef635380dcfad5c740d9/diff:/var/lib/docker/overlay2/08600d0aea2ab2728bebcf5d2589c640a842f53d1ba3c4a4adccb4d03b923cf6/diff:/var/lib/docker/overlay2/9ec7c63a3fb14d13ac788bbf5e282ca821edc41260b79944e5e631037d13ecda/diff:/var/lib/docker/overlay2/db601d7a1b4ea6da638db620462f0da96fa55c559d02269c9ddb09027936ed87/diff:/var/lib/docker/overlay2/a6d2bd03f942e2565f21e74cfe152c7ec836a1c2b583f0790c685b92bdcfda24/diff:/var/lib/docker/overlay2/9badd16ea2c5e2bf1fde8b579683e41137dfc46ed5449234149f199a6751cc84/diff:/var/lib/docker/overlay2/6efb85646ed12e2d1181ef4cc6f6f6732c00c15a4035fe17ebc4f075ca573c30/diff:/var/lib/docker/overlay2/895d7c0ec09144d6ed33936f4e98e11c18010f7abd708cae1ce43aec7a7f2621/diff:/var/lib/docker/overlay2/1c4ba77aa573ab6e5e5069fd15eae71b3da940bde0f97a922a227ffc8a1d1096/diff","MergedDir":"/var/lib/docker/overlay2/830e690ec83ecff869b59e4f673c0c63b2bc5c068e9f710933e6f61763699fd2/merged","UpperDir":"/var/lib/docker/overlay2/830e690ec83ecff869b59e4f673c0c63b2bc5c068e9f710933e6f61763699fd2/diff","WorkDir":"/var/lib/docker/overlay2/830e690ec83ecff869b59e4f673c0c63b2bc5c068e9f710933e6f61763699fd2/work"},"Name":"overlay2"},"Mounts":[{"Type":"volume","Name":"25868b8cea8ad6eba7f00a6fe83e8848def5cff8aab5c5943024031400fa063d","Source":"/var/lib/docker/volumes/25868b8cea8ad6eba7f00a6fe83e8848def5cff8aab5c5943024031400fa063d/_data","Destination":"/var/lib/mysql","Driver":"local","Mode":"","RW":true,"Propagation":""}],"Config":{"Hostname":"cd5ecdf38df0","Domainname":"","User":"","AttachStdin":false,"AttachStdout":false,"AttachStderr":false,"ExposedPorts":{"3306/tcp":{},"33060/tcp":{}},"Tty":false,"OpenStdin":false,"StdinOnce":false,"Env":["MYSQL_DATABASE=adm_videos","MYSQL_PASSWORD=123456","MYSQL_ROOT_PASSWORD=123456","PATH=/usr/local/sbin:/usr/local/bin:/usr/sbin:/usr/bin:/sbin:/bin","GOSU_VERSION=1.16","MYSQL_MAJOR=8.0","MYSQL_VERSION=8.0.32-1.el8","MYSQL_SHELL_VERSION=8.0.32-1.el8"],"Cmd":["mysqld"],"Image":"mysql:latest","Volumes":{"/var/lib/mysql":{}},"WorkingDir":"","Entrypoint":["docker-entrypoint.sh"],"OnBuild":null,"Labels":{"org.testcontainers":"true","org.testcontainers.lang":"java","org.testcontainers.sessionId":"71b9672a-6f61-4546-a7b6-d603100b2e56","org.testcontainers.version":"1.17.6"}},"NetworkSettings":{"Bridge":"","SandboxID":"56762d63452c709eadac6b5c5f4b6cdd30da833580c632f91fd658806eaf4ddb","HairpinMode":false,"LinkLocalIPv6Address":"","LinkLocalIPv6PrefixLen":0,"Ports":{"3306/tcp":[{"HostIp":"0.0.0.0","HostPort":"63819"}],"33060/tcp":null},"SandboxKey":"/var/run/docker/netns/56762d63452c","SecondaryIPAddresses":null,"SecondaryIPv6Addresses":null,"EndpointID":"92fc2600684327987bceb8e2716a72ba2420fccd56812c1491af8c03946e105c","Gateway":"172.17.0.1","GlobalIPv6Address":"","GlobalIPv6PrefixLen":0,"IPAddress":"172.17.0.3","IPPrefixLen":16,"IPv6Gateway":"","MacAddress":"02:42:ac:11:00:03","Networks":{"bridge":{"IPAMConfig":null,"Links":null,"Aliases":null,"NetworkID":"308e234c143065751b16b4500cb9f48d5c7fc2116504b3d816a5e51cd4771062","EndpointID":"92fc2600684327987bceb8e2716a72ba2420fccd56812c1491af8c03946e105c","Gateway":"172.17.0.1","IPAddress":"172.17.0.3","IPPrefixLen":16,"IPv6Gateway":"","GlobalIPv6Address":"","GlobalIPv6PrefixLen":0,"MacAddress":"02:42:ac:11:00:03","DriverOpts":null}}}}[\n]"
01:14:52.404 [Test worker] DEBUG com.github.dockerjava.zerodep.shaded.org.apache.hc.client5.http.wire - http-outgoing-2 << "[\r][\n]"
01:14:52.405 [Test worker] DEBUG com.github.dockerjava.zerodep.shaded.org.apache.hc.client5.http.wire - http-outgoing-2 << "0[\r][\n]"
01:14:52.405 [Test worker] DEBUG com.github.dockerjava.zerodep.shaded.org.apache.hc.client5.http.wire - http-outgoing-2 << "[\r][\n]"
01:14:52.405 [Test worker] DEBUG com.github.dockerjava.zerodep.shaded.org.apache.hc.client5.http.impl.classic.InternalHttpClient - ep-00000058: releasing valid endpoint
01:14:52.405 [Test worker] DEBUG com.github.dockerjava.zerodep.shaded.org.apache.hc.client5.http.impl.io.PoolingHttpClientConnectionManager - ep-00000058: releasing endpoint
01:14:52.405 [Test worker] DEBUG com.github.dockerjava.zerodep.shaded.org.apache.hc.client5.http.impl.io.PoolingHttpClientConnectionManager - ep-00000058: connection http-outgoing-2 can be kept alive for 3 MINUTES
01:14:52.406 [Test worker] DEBUG com.github.dockerjava.zerodep.shaded.org.apache.hc.client5.http.impl.io.PoolingHttpClientConnectionManager - ep-00000058: connection released [route: {}->unix://localhost:2375][total available: 1; route allocated: 1 of 2147483647; total allocated: 1 of 2147483647]
01:14:52.406 [Test worker] DEBUG ]]>&#x1f433;<![CDATA[ [mysql:latest] - Trying to create JDBC connection using com.mysql.cj.jdbc.Driver to jdbc:mysql://localhost:63819/adm_videos?useSSL=false&allowPublicKeyRetrieval=true with properties: {password=123456, user=root}
01:14:52.514 [Test worker] DEBUG org.testcontainers.shaded.com.github.dockerjava.core.command.AbstrDockerCmd - Cmd: cd5ecdf38df06b4092e6cf67100cd20ad9c3cb4b6e9303874a7bd89885b140c9,false
01:14:52.514 [Test worker] DEBUG org.testcontainers.shaded.com.github.dockerjava.core.exec.InspectContainerCmdExec - GET: DefaultWebTarget{path=[/containers/cd5ecdf38df06b4092e6cf67100cd20ad9c3cb4b6e9303874a7bd89885b140c9/json], queryParams={}}
01:14:52.514 [Test worker] DEBUG com.github.dockerjava.zerodep.shaded.org.apache.hc.client5.http.impl.classic.InternalHttpClient - ex-0000005A: preparing request execution
01:14:52.514 [Test worker] DEBUG com.github.dockerjava.zerodep.shaded.org.apache.hc.client5.http.protocol.RequestAddCookies - Cookie spec selected: strict
01:14:52.514 [Test worker] DEBUG com.github.dockerjava.zerodep.shaded.org.apache.hc.client5.http.protocol.RequestAuthCache - Auth cache not set in the context
01:14:52.514 [Test worker] DEBUG com.github.dockerjava.zerodep.shaded.org.apache.hc.client5.http.impl.classic.ProtocolExec - ex-0000005A: target auth state: UNCHALLENGED
01:14:52.514 [Test worker] DEBUG com.github.dockerjava.zerodep.shaded.org.apache.hc.client5.http.impl.classic.ProtocolExec - ex-0000005A: proxy auth state: UNCHALLENGED
01:14:52.514 [Test worker] DEBUG com.github.dockerjava.zerodep.shaded.org.apache.hc.client5.http.impl.classic.ConnectExec - ex-0000005A: acquiring connection with route {}->unix://localhost:2375
01:14:52.514 [Test worker] DEBUG com.github.dockerjava.zerodep.shaded.org.apache.hc.client5.http.impl.classic.InternalHttpClient - ex-0000005A: acquiring endpoint (3 MINUTES)
01:14:52.514 [Test worker] DEBUG com.github.dockerjava.zerodep.shaded.org.apache.hc.client5.http.impl.io.PoolingHttpClientConnectionManager - ex-0000005A: endpoint lease request (3 MINUTES) [route: {}->unix://localhost:2375][total available: 1; route allocated: 1 of 2147483647; total allocated: 1 of 2147483647]
01:14:52.514 [Test worker] DEBUG com.github.dockerjava.zerodep.shaded.org.apache.hc.client5.http.impl.io.PoolingHttpClientConnectionManager - ex-0000005A: endpoint leased [route: {}->unix://localhost:2375][total available: 0; route allocated: 1 of 2147483647; total allocated: 1 of 2147483647]
01:14:52.514 [Test worker] DEBUG com.github.dockerjava.zerodep.shaded.org.apache.hc.client5.http.impl.io.PoolingHttpClientConnectionManager - ex-0000005A: acquired ep-00000059
01:14:52.515 [Test worker] DEBUG com.github.dockerjava.zerodep.shaded.org.apache.hc.client5.http.impl.classic.InternalHttpClient - ex-0000005A: acquired endpoint ep-00000059
01:14:52.515 [Test worker] DEBUG com.github.dockerjava.zerodep.shaded.org.apache.hc.client5.http.impl.classic.MainClientExec - ex-0000005A: executing GET /v1.32/containers/cd5ecdf38df06b4092e6cf67100cd20ad9c3cb4b6e9303874a7bd89885b140c9/json HTTP/1.1
01:14:52.515 [Test worker] DEBUG com.github.dockerjava.zerodep.shaded.org.apache.hc.client5.http.impl.classic.InternalHttpClient - ep-00000059: start execution ex-0000005A
01:14:52.515 [Test worker] DEBUG com.github.dockerjava.zerodep.shaded.org.apache.hc.client5.http.impl.io.PoolingHttpClientConnectionManager - ep-00000059: executing exchange ex-0000005A over http-outgoing-2
01:14:52.515 [Test worker] DEBUG com.github.dockerjava.zerodep.shaded.org.apache.hc.client5.http.headers - http-outgoing-2 >> GET /v1.32/containers/cd5ecdf38df06b4092e6cf67100cd20ad9c3cb4b6e9303874a7bd89885b140c9/json HTTP/1.1
01:14:52.515 [Test worker] DEBUG com.github.dockerjava.zerodep.shaded.org.apache.hc.client5.http.headers - http-outgoing-2 >> accept: application/json
01:14:52.515 [Test worker] DEBUG com.github.dockerjava.zerodep.shaded.org.apache.hc.client5.http.headers - http-outgoing-2 >> x-tc-sid: 71b9672a-6f61-4546-a7b6-d603100b2e56
01:14:52.515 [Test worker] DEBUG com.github.dockerjava.zerodep.shaded.org.apache.hc.client5.http.headers - http-outgoing-2 >> Accept-Encoding: gzip, x-gzip, deflate
01:14:52.515 [Test worker] DEBUG com.github.dockerjava.zerodep.shaded.org.apache.hc.client5.http.headers - http-outgoing-2 >> Host: localhost:2375
01:14:52.515 [Test worker] DEBUG com.github.dockerjava.zerodep.shaded.org.apache.hc.client5.http.headers - http-outgoing-2 >> Connection: keep-alive
01:14:52.515 [Test worker] DEBUG com.github.dockerjava.zerodep.shaded.org.apache.hc.client5.http.headers - http-outgoing-2 >> User-Agent: Apache-HttpClient/5.0.3 (Java/17.0.2)
01:14:52.515 [Test worker] DEBUG com.github.dockerjava.zerodep.shaded.org.apache.hc.client5.http.wire - http-outgoing-2 >> "GET /v1.32/containers/cd5ecdf38df06b4092e6cf67100cd20ad9c3cb4b6e9303874a7bd89885b140c9/json HTTP/1.1[\r][\n]"
01:14:52.515 [Test worker] DEBUG com.github.dockerjava.zerodep.shaded.org.apache.hc.client5.http.wire - http-outgoing-2 >> "accept: application/json[\r][\n]"
01:14:52.515 [Test worker] DEBUG com.github.dockerjava.zerodep.shaded.org.apache.hc.client5.http.wire - http-outgoing-2 >> "x-tc-sid: 71b9672a-6f61-4546-a7b6-d603100b2e56[\r][\n]"
01:14:52.515 [Test worker] DEBUG com.github.dockerjava.zerodep.shaded.org.apache.hc.client5.http.wire - http-outgoing-2 >> "Accept-Encoding: gzip, x-gzip, deflate[\r][\n]"
01:14:52.515 [Test worker] DEBUG com.github.dockerjava.zerodep.shaded.org.apache.hc.client5.http.wire - http-outgoing-2 >> "Host: localhost:2375[\r][\n]"
01:14:52.515 [Test worker] DEBUG com.github.dockerjava.zerodep.shaded.org.apache.hc.client5.http.wire - http-outgoing-2 >> "Connection: keep-alive[\r][\n]"
01:14:52.515 [Test worker] DEBUG com.github.dockerjava.zerodep.shaded.org.apache.hc.client5.http.wire - http-outgoing-2 >> "User-Agent: Apache-HttpClient/5.0.3 (Java/17.0.2)[\r][\n]"
01:14:52.515 [Test worker] DEBUG com.github.dockerjava.zerodep.shaded.org.apache.hc.client5.http.wire - http-outgoing-2 >> "[\r][\n]"
01:14:52.518 [Test worker] DEBUG com.github.dockerjava.zerodep.shaded.org.apache.hc.client5.http.wire - http-outgoing-2 << "HTTP/1.1 200 OK[\r][\n]"
01:14:52.518 [Test worker] DEBUG com.github.dockerjava.zerodep.shaded.org.apache.hc.client5.http.wire - http-outgoing-2 << "Api-Version: 1.41[\r][\n]"
01:14:52.518 [Test worker] DEBUG com.github.dockerjava.zerodep.shaded.org.apache.hc.client5.http.wire - http-outgoing-2 << "Content-Type: application/json[\r][\n]"
01:14:52.518 [Test worker] DEBUG com.github.dockerjava.zerodep.shaded.org.apache.hc.client5.http.wire - http-outgoing-2 << "Date: Tue, 28 Mar 2023 04:14:52 GMT[\r][\n]"
01:14:52.518 [Test worker] DEBUG com.github.dockerjava.zerodep.shaded.org.apache.hc.client5.http.wire - http-outgoing-2 << "Docker-Experimental: false[\r][\n]"
01:14:52.518 [Test worker] DEBUG com.github.dockerjava.zerodep.shaded.org.apache.hc.client5.http.wire - http-outgoing-2 << "Ostype: linux[\r][\n]"
01:14:52.518 [Test worker] DEBUG com.github.dockerjava.zerodep.shaded.org.apache.hc.client5.http.wire - http-outgoing-2 << "Server: Docker/20.10.21 (linux)[\r][\n]"
01:14:52.518 [Test worker] DEBUG com.github.dockerjava.zerodep.shaded.org.apache.hc.client5.http.wire - http-outgoing-2 << "Transfer-Encoding: chunked[\r][\n]"
01:14:52.518 [Test worker] DEBUG com.github.dockerjava.zerodep.shaded.org.apache.hc.client5.http.wire - http-outgoing-2 << "[\r][\n]"
01:14:52.518 [Test worker] DEBUG com.github.dockerjava.zerodep.shaded.org.apache.hc.client5.http.headers - http-outgoing-2 << HTTP/1.1 200 OK
01:14:52.518 [Test worker] DEBUG com.github.dockerjava.zerodep.shaded.org.apache.hc.client5.http.headers - http-outgoing-2 << Api-Version: 1.41
01:14:52.518 [Test worker] DEBUG com.github.dockerjava.zerodep.shaded.org.apache.hc.client5.http.headers - http-outgoing-2 << Content-Type: application/json
01:14:52.518 [Test worker] DEBUG com.github.dockerjava.zerodep.shaded.org.apache.hc.client5.http.headers - http-outgoing-2 << Date: Tue, 28 Mar 2023 04:14:52 GMT
01:14:52.518 [Test worker] DEBUG com.github.dockerjava.zerodep.shaded.org.apache.hc.client5.http.headers - http-outgoing-2 << Docker-Experimental: false
01:14:52.518 [Test worker] DEBUG com.github.dockerjava.zerodep.shaded.org.apache.hc.client5.http.headers - http-outgoing-2 << Ostype: linux
01:14:52.518 [Test worker] DEBUG com.github.dockerjava.zerodep.shaded.org.apache.hc.client5.http.headers - http-outgoing-2 << Server: Docker/20.10.21 (linux)
01:14:52.518 [Test worker] DEBUG com.github.dockerjava.zerodep.shaded.org.apache.hc.client5.http.headers - http-outgoing-2 << Transfer-Encoding: chunked
01:14:52.518 [Test worker] DEBUG com.github.dockerjava.zerodep.shaded.org.apache.hc.client5.http.impl.classic.MainClientExec - ex-0000005A: connection can be kept alive for 3 MINUTES
01:14:52.520 [Test worker] DEBUG com.github.dockerjava.zerodep.shaded.org.apache.hc.client5.http.wire - http-outgoing-2 << "18c1[\r][\n]"
01:14:52.520 [Test worker] DEBUG com.github.dockerjava.zerodep.shaded.org.apache.hc.client5.http.wire - http-outgoing-2 << "{"Id":"cd5ecdf38df06b4092e6cf67100cd20ad9c3cb4b6e9303874a7bd89885b140c9","Created":"2023-03-28T04:14:43.179040379Z","Path":"docker-entrypoint.sh","Args":["mysqld"],"State":{"Status":"running","Running":true,"Paused":false,"Restarting":false,"OOMKilled":false,"Dead":false,"Pid":20152,"ExitCode":0,"Error":"","StartedAt":"2023-03-28T04:14:43.680338005Z","FinishedAt":"0001-01-01T00:00:00Z"},"Image":"sha256:c7c54c29e20dccc1aefb936c8eba8bb8b98b87a4921102aba87fde2df5810af9","ResolvConfPath":"/var/lib/docker/containers/cd5ecdf38df06b4092e6cf67100cd20ad9c3cb4b6e9303874a7bd89885b140c9/resolv.conf","HostnamePath":"/var/lib/docker/containers/cd5ecdf38df06b4092e6cf67100cd20ad9c3cb4b6e9303874a7bd89885b140c9/hostname","HostsPath":"/var/lib/docker/containers/cd5ecdf38df06b4092e6cf67100cd20ad9c3cb4b6e9303874a7bd89885b140c9/hosts","LogPath":"/var/lib/docker/containers/cd5ecdf38df06b4092e6cf67100cd20ad9c3cb4b6e9303874a7bd89885b140c9/cd5ecdf38df06b4092e6cf67100cd20ad9c3cb4b6e9303874a7bd89885b140c9-json.log","Name":"/keen_matsumoto","RestartCount":0,"Driver":"overlay2","Platform":"linux","MountLabel":"","ProcessLabel":"","AppArmorProfile":"","ExecIDs":null,"HostConfig":{"Binds":[],"ContainerIDFile":"","LogConfig":{"Type":"json-file","Config":{}},"NetworkMode":"default","PortBindings":{"3306/tcp":[{"HostIp":"0.0.0.0","HostPort":"0"}]},"RestartPolicy":{"Name":"","MaximumRetryCount":0},"AutoRemove":false,"VolumeDriver":"","VolumesFrom":[],"CapAdd":null,"CapDrop":null,"CgroupnsMode":"private","Dns":null,"DnsOptions":null,"DnsSearch":null,"ExtraHosts":[],"GroupAdd":null,"IpcMode":"shareable","Cgroup":"","Links":null,"OomScoreAdj":0,"PidMode":"","Privileged":false,"PublishAllPorts":false,"ReadonlyRootfs":false,"SecurityOpt":null,"UTSMode":"","UsernsMode":"","ShmSize":67108864,"Runtime":"runc","ConsoleSize":[0,0],"Isolation":"","CpuShares":0,"Memory":0,"NanoCpus":0,"CgroupParent":"","BlkioWeight":0,"BlkioWeightDevice":null,"BlkioDeviceReadBps":null,"BlkioDeviceWriteBps":null,"BlkioDeviceReadIOps":null,"BlkioDeviceWriteIOps":null,"CpuPeriod":0,"CpuQuota":0,"CpuRealtimePeriod":0,"CpuRealtimeRuntime":0,"CpusetCpus":"","CpusetMems":"","Devices":null,"DeviceCgroupRules":null,"DeviceRequests":null,"KernelMemory":0,"KernelMemoryTCP":0,"MemoryReservation":0,"MemorySwap":0,"MemorySwappiness":null,"OomKillDisable":null,"PidsLimit":null,"Ulimits":null,"CpuCount":0,"CpuPercent":0,"IOMaximumIOps":0,"IOMaximumBandwidth":0,"MaskedPaths":["/proc/asound","/proc/acpi","/proc/kcore","/proc/keys","/proc/latency_stats","/proc/timer_list","/proc/timer_stats","/proc/sched_debug","/proc/scsi","/sys/firmware"],"ReadonlyPaths":["/proc/bus","/proc/fs","/proc/irq","/proc/sys","/proc/sysrq-trigger"]},"GraphDriver":{"Data":{"LowerDir":"/var/lib/docker/overlay2/830e690ec83ecff869b59e4f673c0c63b2bc5c068e9f710933e6f61763699fd2-init/diff:/var/lib/docker/overlay2/1bd8849d7a296305617011f940aa5cfabbe972a513397b1b6bbc27639b6c1f30/diff:/var/lib/docker/overlay2/199d69b2fbf78af4d4c95dec4fd2f8835ab0347eb49fb20ebb2ff3b99fedd6ad/diff:/var/lib/docker/overlay2/d83c38d654989311f75b9491329846033bfb7714de76ef635380dcfad5c740d9/diff:/var/lib/docker/overlay2/08600d0aea2ab2728bebcf5d2589c640a842f53d1ba3c4a4adccb4d03b923cf6/diff:/var/lib/docker/overlay2/9ec7c63a3fb14d13ac788bbf5e282ca821edc41260b79944e5e631037d13ecda/diff:/var/lib/docker/overlay2/db601d7a1b4ea6da638db620462f0da96fa55c559d02269c9ddb09027936ed87/diff:/var/lib/docker/overlay2/a6d2bd03f942e2565f21e74cfe152c7ec836a1c2b583f0790c685b92bdcfda24/diff:/var/lib/docker/overlay2/9badd16ea2c5e2bf1fde8b579683e41137dfc46ed5449234149f199a6751cc84/diff:/var/lib/docker/overlay2/6efb85646ed12e2d1181ef4cc6f6f6732c00c15a4035fe17ebc4f075ca573c30/diff:/var/lib/docker/overlay2/895d7c0ec09144d6ed33936f4e98e11c18010f7abd708cae1ce43aec7a7f2621/diff:/var/lib/docker/overlay2/1c4ba77aa573ab6e5e5069fd15eae71b3da940bde0f97a922a227ffc8a1d1096/diff","MergedDir":"/var/lib/docker/overlay2/830e690ec83ecff869b59e4f673c0c63b2bc5c068e9f710933e6f61763699fd2/merged","UpperDir":"/var/lib/docker/overlay2/830e690ec83ecff869b59e4f673c0c63b2bc5c068e9f710933e6f61763699fd2/diff","WorkDir":"/var/lib/docker/overlay2/830e690ec83ecff869b59e4f673c0c63b2bc5c068e9f710933e6f61763699fd2/work"},"Name":"overlay2"},"Mounts":[{"Type":"volume","Name":"25868b8cea8ad6eba7f00a6fe83e8848def5cff8aab5c5943024031400fa063d","Source":"/var/lib/docker/volumes/25868b8cea8ad6eba7f00a6fe83e8848def5cff8aab5c5943024031400fa063d/_data","Destination":"/var/lib/mysql","Driver":"local","Mode":"","RW":true,"Propagation":""}],"Config":{"Hostname":"cd5ecdf38df0","Domainname":"","User":"","AttachStdin":false,"AttachStdout":false,"AttachStderr":false,"ExposedPorts":{"3306/tcp":{},"33060/tcp":{}},"Tty":false,"OpenStdin":false,"StdinOnce":false,"Env":["MYSQL_DATABASE=adm_videos","MYSQL_PASSWORD=123456","MYSQL_ROOT_PASSWORD=123456","PATH=/usr/local/sbin:/usr/local/bin:/usr/sbin:/usr/bin:/sbin:/bin","GOSU_VERSION=1.16","MYSQL_MAJOR=8.0","MYSQL_VERSION=8.0.32-1.el8","MYSQL_SHELL_VERSION=8.0.32-1.el8"],"Cmd":["mysqld"],"Image":"mysql:latest","Volumes":{"/var/lib/mysql":{}},"WorkingDir":"","Entrypoint":["docker-entrypoint.sh"],"OnBuild":null,"Labels":{"org.testcontainers":"true","org.testcontainers.lang":"java","org.testcontainers.sessionId":"71b9672a-6f61-4546-a7b6-d603100b2e56","org.testcontainers.version":"1.17.6"}},"NetworkSettings":{"Bridge":"","SandboxID":"56762d63452c709eadac6b5c5f4b6cdd30da833580c632f91fd658806eaf4ddb","HairpinMode":false,"LinkLocalIPv6Address":"","LinkLocalIPv6PrefixLen":0,"Ports":{"3306/tcp":[{"HostIp":"0.0.0.0","HostPort":"63819"}],"33060/tcp":null},"SandboxKey":"/var/run/docker/netns/56762d63452c","SecondaryIPAddresses":null,"SecondaryIPv6Addresses":null,"EndpointID":"92fc2600684327987bceb8e2716a72ba2420fccd56812c1491af8c03946e105c","Gateway":"172.17.0.1","GlobalIPv6Address":"","GlobalIPv6PrefixLen":0,"IPAddress":"172.17.0.3","IPPrefixLen":16,"IPv6Gateway":"","MacAddress":"02:42:ac:11:00:03","Networks":{"bridge":{"IPAMConfig":null,"Links":null,"Aliases":null,"NetworkID":"308e234c143065751b16b4500cb9f48d5c7fc2116504b3d816a5e51cd4771062","EndpointID":"92fc2600684327987bceb8e2716a72ba2420fccd56812c1491af8c03946e105c","Gateway":"172.17.0.1","IPAddress":"172.17.0.3","IPPrefixLen":16,"IPv6Gateway":"","GlobalIPv6Address":"","GlobalIPv6PrefixLen":0,"MacAddress":"02:42:ac:11:00:03","DriverOpts":null}}}}[\n]"
01:14:52.520 [Test worker] DEBUG com.github.dockerjava.zerodep.shaded.org.apache.hc.client5.http.wire - http-outgoing-2 << "[\r][\n]"
01:14:52.521 [Test worker] DEBUG com.github.dockerjava.zerodep.shaded.org.apache.hc.client5.http.wire - http-outgoing-2 << "0[\r][\n]"
01:14:52.521 [Test worker] DEBUG com.github.dockerjava.zerodep.shaded.org.apache.hc.client5.http.wire - http-outgoing-2 << "[\r][\n]"
01:14:52.521 [Test worker] DEBUG com.github.dockerjava.zerodep.shaded.org.apache.hc.client5.http.impl.classic.InternalHttpClient - ep-00000059: releasing valid endpoint
01:14:52.521 [Test worker] DEBUG com.github.dockerjava.zerodep.shaded.org.apache.hc.client5.http.impl.io.PoolingHttpClientConnectionManager - ep-00000059: releasing endpoint
01:14:52.521 [Test worker] DEBUG com.github.dockerjava.zerodep.shaded.org.apache.hc.client5.http.impl.io.PoolingHttpClientConnectionManager - ep-00000059: connection http-outgoing-2 can be kept alive for 3 MINUTES
01:14:52.521 [Test worker] DEBUG com.github.dockerjava.zerodep.shaded.org.apache.hc.client5.http.impl.io.PoolingHttpClientConnectionManager - ep-00000059: connection released [route: {}->unix://localhost:2375][total available: 1; route allocated: 1 of 2147483647; total allocated: 1 of 2147483647]
01:14:52.521 [Test worker] DEBUG ]]>&#x1f433;<![CDATA[ [mysql:latest] - Trying to create JDBC connection using com.mysql.cj.jdbc.Driver to jdbc:mysql://localhost:63819/adm_videos?useSSL=false&allowPublicKeyRetrieval=true with properties: {password=123456, user=root}
01:14:52.628 [Test worker] DEBUG org.testcontainers.shaded.com.github.dockerjava.core.command.AbstrDockerCmd - Cmd: cd5ecdf38df06b4092e6cf67100cd20ad9c3cb4b6e9303874a7bd89885b140c9,false
01:14:52.629 [Test worker] DEBUG org.testcontainers.shaded.com.github.dockerjava.core.exec.InspectContainerCmdExec - GET: DefaultWebTarget{path=[/containers/cd5ecdf38df06b4092e6cf67100cd20ad9c3cb4b6e9303874a7bd89885b140c9/json], queryParams={}}
01:14:52.629 [Test worker] DEBUG com.github.dockerjava.zerodep.shaded.org.apache.hc.client5.http.impl.classic.InternalHttpClient - ex-0000005B: preparing request execution
01:14:52.629 [Test worker] DEBUG com.github.dockerjava.zerodep.shaded.org.apache.hc.client5.http.protocol.RequestAddCookies - Cookie spec selected: strict
01:14:52.630 [Test worker] DEBUG com.github.dockerjava.zerodep.shaded.org.apache.hc.client5.http.protocol.RequestAuthCache - Auth cache not set in the context
01:14:52.630 [Test worker] DEBUG com.github.dockerjava.zerodep.shaded.org.apache.hc.client5.http.impl.classic.ProtocolExec - ex-0000005B: target auth state: UNCHALLENGED
01:14:52.630 [Test worker] DEBUG com.github.dockerjava.zerodep.shaded.org.apache.hc.client5.http.impl.classic.ProtocolExec - ex-0000005B: proxy auth state: UNCHALLENGED
01:14:52.630 [Test worker] DEBUG com.github.dockerjava.zerodep.shaded.org.apache.hc.client5.http.impl.classic.ConnectExec - ex-0000005B: acquiring connection with route {}->unix://localhost:2375
01:14:52.630 [Test worker] DEBUG com.github.dockerjava.zerodep.shaded.org.apache.hc.client5.http.impl.classic.InternalHttpClient - ex-0000005B: acquiring endpoint (3 MINUTES)
01:14:52.631 [Test worker] DEBUG com.github.dockerjava.zerodep.shaded.org.apache.hc.client5.http.impl.io.PoolingHttpClientConnectionManager - ex-0000005B: endpoint lease request (3 MINUTES) [route: {}->unix://localhost:2375][total available: 1; route allocated: 1 of 2147483647; total allocated: 1 of 2147483647]
01:14:52.631 [Test worker] DEBUG com.github.dockerjava.zerodep.shaded.org.apache.hc.client5.http.impl.io.PoolingHttpClientConnectionManager - ex-0000005B: endpoint leased [route: {}->unix://localhost:2375][total available: 0; route allocated: 1 of 2147483647; total allocated: 1 of 2147483647]
01:14:52.631 [Test worker] DEBUG com.github.dockerjava.zerodep.shaded.org.apache.hc.client5.http.impl.io.PoolingHttpClientConnectionManager - ex-0000005B: acquired ep-0000005A
01:14:52.631 [Test worker] DEBUG com.github.dockerjava.zerodep.shaded.org.apache.hc.client5.http.impl.classic.InternalHttpClient - ex-0000005B: acquired endpoint ep-0000005A
01:14:52.631 [Test worker] DEBUG com.github.dockerjava.zerodep.shaded.org.apache.hc.client5.http.impl.classic.MainClientExec - ex-0000005B: executing GET /v1.32/containers/cd5ecdf38df06b4092e6cf67100cd20ad9c3cb4b6e9303874a7bd89885b140c9/json HTTP/1.1
01:14:52.631 [Test worker] DEBUG com.github.dockerjava.zerodep.shaded.org.apache.hc.client5.http.impl.classic.InternalHttpClient - ep-0000005A: start execution ex-0000005B
01:14:52.631 [Test worker] DEBUG com.github.dockerjava.zerodep.shaded.org.apache.hc.client5.http.impl.io.PoolingHttpClientConnectionManager - ep-0000005A: executing exchange ex-0000005B over http-outgoing-2
01:14:52.631 [Test worker] DEBUG com.github.dockerjava.zerodep.shaded.org.apache.hc.client5.http.headers - http-outgoing-2 >> GET /v1.32/containers/cd5ecdf38df06b4092e6cf67100cd20ad9c3cb4b6e9303874a7bd89885b140c9/json HTTP/1.1
01:14:52.631 [Test worker] DEBUG com.github.dockerjava.zerodep.shaded.org.apache.hc.client5.http.headers - http-outgoing-2 >> accept: application/json
01:14:52.631 [Test worker] DEBUG com.github.dockerjava.zerodep.shaded.org.apache.hc.client5.http.headers - http-outgoing-2 >> x-tc-sid: 71b9672a-6f61-4546-a7b6-d603100b2e56
01:14:52.631 [Test worker] DEBUG com.github.dockerjava.zerodep.shaded.org.apache.hc.client5.http.headers - http-outgoing-2 >> Accept-Encoding: gzip, x-gzip, deflate
01:14:52.631 [Test worker] DEBUG com.github.dockerjava.zerodep.shaded.org.apache.hc.client5.http.headers - http-outgoing-2 >> Host: localhost:2375
01:14:52.631 [Test worker] DEBUG com.github.dockerjava.zerodep.shaded.org.apache.hc.client5.http.headers - http-outgoing-2 >> Connection: keep-alive
01:14:52.631 [Test worker] DEBUG com.github.dockerjava.zerodep.shaded.org.apache.hc.client5.http.headers - http-outgoing-2 >> User-Agent: Apache-HttpClient/5.0.3 (Java/17.0.2)
01:14:52.631 [Test worker] DEBUG com.github.dockerjava.zerodep.shaded.org.apache.hc.client5.http.wire - http-outgoing-2 >> "GET /v1.32/containers/cd5ecdf38df06b4092e6cf67100cd20ad9c3cb4b6e9303874a7bd89885b140c9/json HTTP/1.1[\r][\n]"
01:14:52.631 [Test worker] DEBUG com.github.dockerjava.zerodep.shaded.org.apache.hc.client5.http.wire - http-outgoing-2 >> "accept: application/json[\r][\n]"
01:14:52.631 [Test worker] DEBUG com.github.dockerjava.zerodep.shaded.org.apache.hc.client5.http.wire - http-outgoing-2 >> "x-tc-sid: 71b9672a-6f61-4546-a7b6-d603100b2e56[\r][\n]"
01:14:52.631 [Test worker] DEBUG com.github.dockerjava.zerodep.shaded.org.apache.hc.client5.http.wire - http-outgoing-2 >> "Accept-Encoding: gzip, x-gzip, deflate[\r][\n]"
01:14:52.631 [Test worker] DEBUG com.github.dockerjava.zerodep.shaded.org.apache.hc.client5.http.wire - http-outgoing-2 >> "Host: localhost:2375[\r][\n]"
01:14:52.632 [Test worker] DEBUG com.github.dockerjava.zerodep.shaded.org.apache.hc.client5.http.wire - http-outgoing-2 >> "Connection: keep-alive[\r][\n]"
01:14:52.632 [Test worker] DEBUG com.github.dockerjava.zerodep.shaded.org.apache.hc.client5.http.wire - http-outgoing-2 >> "User-Agent: Apache-HttpClient/5.0.3 (Java/17.0.2)[\r][\n]"
01:14:52.632 [Test worker] DEBUG com.github.dockerjava.zerodep.shaded.org.apache.hc.client5.http.wire - http-outgoing-2 >> "[\r][\n]"
01:14:52.634 [Test worker] DEBUG com.github.dockerjava.zerodep.shaded.org.apache.hc.client5.http.wire - http-outgoing-2 << "HTTP/1.1 200 OK[\r][\n]"
01:14:52.634 [Test worker] DEBUG com.github.dockerjava.zerodep.shaded.org.apache.hc.client5.http.wire - http-outgoing-2 << "Api-Version: 1.41[\r][\n]"
01:14:52.634 [Test worker] DEBUG com.github.dockerjava.zerodep.shaded.org.apache.hc.client5.http.wire - http-outgoing-2 << "Content-Type: application/json[\r][\n]"
01:14:52.634 [Test worker] DEBUG com.github.dockerjava.zerodep.shaded.org.apache.hc.client5.http.wire - http-outgoing-2 << "Date: Tue, 28 Mar 2023 04:14:52 GMT[\r][\n]"
01:14:52.634 [Test worker] DEBUG com.github.dockerjava.zerodep.shaded.org.apache.hc.client5.http.wire - http-outgoing-2 << "Docker-Experimental: false[\r][\n]"
01:14:52.635 [Test worker] DEBUG com.github.dockerjava.zerodep.shaded.org.apache.hc.client5.http.wire - http-outgoing-2 << "Ostype: linux[\r][\n]"
01:14:52.635 [Test worker] DEBUG com.github.dockerjava.zerodep.shaded.org.apache.hc.client5.http.wire - http-outgoing-2 << "Server: Docker/20.10.21 (linux)[\r][\n]"
01:14:52.635 [Test worker] DEBUG com.github.dockerjava.zerodep.shaded.org.apache.hc.client5.http.wire - http-outgoing-2 << "Transfer-Encoding: chunked[\r][\n]"
01:14:52.635 [Test worker] DEBUG com.github.dockerjava.zerodep.shaded.org.apache.hc.client5.http.wire - http-outgoing-2 << "[\r][\n]"
01:14:52.635 [Test worker] DEBUG com.github.dockerjava.zerodep.shaded.org.apache.hc.client5.http.headers - http-outgoing-2 << HTTP/1.1 200 OK
01:14:52.635 [Test worker] DEBUG com.github.dockerjava.zerodep.shaded.org.apache.hc.client5.http.headers - http-outgoing-2 << Api-Version: 1.41
01:14:52.635 [Test worker] DEBUG com.github.dockerjava.zerodep.shaded.org.apache.hc.client5.http.headers - http-outgoing-2 << Content-Type: application/json
01:14:52.635 [Test worker] DEBUG com.github.dockerjava.zerodep.shaded.org.apache.hc.client5.http.headers - http-outgoing-2 << Date: Tue, 28 Mar 2023 04:14:52 GMT
01:14:52.635 [Test worker] DEBUG com.github.dockerjava.zerodep.shaded.org.apache.hc.client5.http.headers - http-outgoing-2 << Docker-Experimental: false
01:14:52.635 [Test worker] DEBUG com.github.dockerjava.zerodep.shaded.org.apache.hc.client5.http.headers - http-outgoing-2 << Ostype: linux
01:14:52.635 [Test worker] DEBUG com.github.dockerjava.zerodep.shaded.org.apache.hc.client5.http.headers - http-outgoing-2 << Server: Docker/20.10.21 (linux)
01:14:52.635 [Test worker] DEBUG com.github.dockerjava.zerodep.shaded.org.apache.hc.client5.http.headers - http-outgoing-2 << Transfer-Encoding: chunked
01:14:52.635 [Test worker] DEBUG com.github.dockerjava.zerodep.shaded.org.apache.hc.client5.http.impl.classic.MainClientExec - ex-0000005B: connection can be kept alive for 3 MINUTES
01:14:52.636 [Test worker] DEBUG com.github.dockerjava.zerodep.shaded.org.apache.hc.client5.http.wire - http-outgoing-2 << "18c1[\r][\n]"
01:14:52.636 [Test worker] DEBUG com.github.dockerjava.zerodep.shaded.org.apache.hc.client5.http.wire - http-outgoing-2 << "{"Id":"cd5ecdf38df06b4092e6cf67100cd20ad9c3cb4b6e9303874a7bd89885b140c9","Created":"2023-03-28T04:14:43.179040379Z","Path":"docker-entrypoint.sh","Args":["mysqld"],"State":{"Status":"running","Running":true,"Paused":false,"Restarting":false,"OOMKilled":false,"Dead":false,"Pid":20152,"ExitCode":0,"Error":"","StartedAt":"2023-03-28T04:14:43.680338005Z","FinishedAt":"0001-01-01T00:00:00Z"},"Image":"sha256:c7c54c29e20dccc1aefb936c8eba8bb8b98b87a4921102aba87fde2df5810af9","ResolvConfPath":"/var/lib/docker/containers/cd5ecdf38df06b4092e6cf67100cd20ad9c3cb4b6e9303874a7bd89885b140c9/resolv.conf","HostnamePath":"/var/lib/docker/containers/cd5ecdf38df06b4092e6cf67100cd20ad9c3cb4b6e9303874a7bd89885b140c9/hostname","HostsPath":"/var/lib/docker/containers/cd5ecdf38df06b4092e6cf67100cd20ad9c3cb4b6e9303874a7bd89885b140c9/hosts","LogPath":"/var/lib/docker/containers/cd5ecdf38df06b4092e6cf67100cd20ad9c3cb4b6e9303874a7bd89885b140c9/cd5ecdf38df06b4092e6cf67100cd20ad9c3cb4b6e9303874a7bd89885b140c9-json.log","Name":"/keen_matsumoto","RestartCount":0,"Driver":"overlay2","Platform":"linux","MountLabel":"","ProcessLabel":"","AppArmorProfile":"","ExecIDs":null,"HostConfig":{"Binds":[],"ContainerIDFile":"","LogConfig":{"Type":"json-file","Config":{}},"NetworkMode":"default","PortBindings":{"3306/tcp":[{"HostIp":"0.0.0.0","HostPort":"0"}]},"RestartPolicy":{"Name":"","MaximumRetryCount":0},"AutoRemove":false,"VolumeDriver":"","VolumesFrom":[],"CapAdd":null,"CapDrop":null,"CgroupnsMode":"private","Dns":null,"DnsOptions":null,"DnsSearch":null,"ExtraHosts":[],"GroupAdd":null,"IpcMode":"shareable","Cgroup":"","Links":null,"OomScoreAdj":0,"PidMode":"","Privileged":false,"PublishAllPorts":false,"ReadonlyRootfs":false,"SecurityOpt":null,"UTSMode":"","UsernsMode":"","ShmSize":67108864,"Runtime":"runc","ConsoleSize":[0,0],"Isolation":"","CpuShares":0,"Memory":0,"NanoCpus":0,"CgroupParent":"","BlkioWeight":0,"BlkioWeightDevice":null,"BlkioDeviceReadBps":null,"BlkioDeviceWriteBps":null,"BlkioDeviceReadIOps":null,"BlkioDeviceWriteIOps":null,"CpuPeriod":0,"CpuQuota":0,"CpuRealtimePeriod":0,"CpuRealtimeRuntime":0,"CpusetCpus":"","CpusetMems":"","Devices":null,"DeviceCgroupRules":null,"DeviceRequests":null,"KernelMemory":0,"KernelMemoryTCP":0,"MemoryReservation":0,"MemorySwap":0,"MemorySwappiness":null,"OomKillDisable":null,"PidsLimit":null,"Ulimits":null,"CpuCount":0,"CpuPercent":0,"IOMaximumIOps":0,"IOMaximumBandwidth":0,"MaskedPaths":["/proc/asound","/proc/acpi","/proc/kcore","/proc/keys","/proc/latency_stats","/proc/timer_list","/proc/timer_stats","/proc/sched_debug","/proc/scsi","/sys/firmware"],"ReadonlyPaths":["/proc/bus","/proc/fs","/proc/irq","/proc/sys","/proc/sysrq-trigger"]},"GraphDriver":{"Data":{"LowerDir":"/var/lib/docker/overlay2/830e690ec83ecff869b59e4f673c0c63b2bc5c068e9f710933e6f61763699fd2-init/diff:/var/lib/docker/overlay2/1bd8849d7a296305617011f940aa5cfabbe972a513397b1b6bbc27639b6c1f30/diff:/var/lib/docker/overlay2/199d69b2fbf78af4d4c95dec4fd2f8835ab0347eb49fb20ebb2ff3b99fedd6ad/diff:/var/lib/docker/overlay2/d83c38d654989311f75b9491329846033bfb7714de76ef635380dcfad5c740d9/diff:/var/lib/docker/overlay2/08600d0aea2ab2728bebcf5d2589c640a842f53d1ba3c4a4adccb4d03b923cf6/diff:/var/lib/docker/overlay2/9ec7c63a3fb14d13ac788bbf5e282ca821edc41260b79944e5e631037d13ecda/diff:/var/lib/docker/overlay2/db601d7a1b4ea6da638db620462f0da96fa55c559d02269c9ddb09027936ed87/diff:/var/lib/docker/overlay2/a6d2bd03f942e2565f21e74cfe152c7ec836a1c2b583f0790c685b92bdcfda24/diff:/var/lib/docker/overlay2/9badd16ea2c5e2bf1fde8b579683e41137dfc46ed5449234149f199a6751cc84/diff:/var/lib/docker/overlay2/6efb85646ed12e2d1181ef4cc6f6f6732c00c15a4035fe17ebc4f075ca573c30/diff:/var/lib/docker/overlay2/895d7c0ec09144d6ed33936f4e98e11c18010f7abd708cae1ce43aec7a7f2621/diff:/var/lib/docker/overlay2/1c4ba77aa573ab6e5e5069fd15eae71b3da940bde0f97a922a227ffc8a1d1096/diff","MergedDir":"/var/lib/docker/overlay2/830e690ec83ecff869b59e4f673c0c63b2bc5c068e9f710933e6f61763699fd2/merged","UpperDir":"/var/lib/docker/overlay2/830e690ec83ecff869b59e4f673c0c63b2bc5c068e9f710933e6f61763699fd2/diff","WorkDir":"/var/lib/docker/overlay2/830e690ec83ecff869b59e4f673c0c63b2bc5c068e9f710933e6f61763699fd2/work"},"Name":"overlay2"},"Mounts":[{"Type":"volume","Name":"25868b8cea8ad6eba7f00a6fe83e8848def5cff8aab5c5943024031400fa063d","Source":"/var/lib/docker/volumes/25868b8cea8ad6eba7f00a6fe83e8848def5cff8aab5c5943024031400fa063d/_data","Destination":"/var/lib/mysql","Driver":"local","Mode":"","RW":true,"Propagation":""}],"Config":{"Hostname":"cd5ecdf38df0","Domainname":"","User":"","AttachStdin":false,"AttachStdout":false,"AttachStderr":false,"ExposedPorts":{"3306/tcp":{},"33060/tcp":{}},"Tty":false,"OpenStdin":false,"StdinOnce":false,"Env":["MYSQL_DATABASE=adm_videos","MYSQL_PASSWORD=123456","MYSQL_ROOT_PASSWORD=123456","PATH=/usr/local/sbin:/usr/local/bin:/usr/sbin:/usr/bin:/sbin:/bin","GOSU_VERSION=1.16","MYSQL_MAJOR=8.0","MYSQL_VERSION=8.0.32-1.el8","MYSQL_SHELL_VERSION=8.0.32-1.el8"],"Cmd":["mysqld"],"Image":"mysql:latest","Volumes":{"/var/lib/mysql":{}},"WorkingDir":"","Entrypoint":["docker-entrypoint.sh"],"OnBuild":null,"Labels":{"org.testcontainers":"true","org.testcontainers.lang":"java","org.testcontainers.sessionId":"71b9672a-6f61-4546-a7b6-d603100b2e56","org.testcontainers.version":"1.17.6"}},"NetworkSettings":{"Bridge":"","SandboxID":"56762d63452c709eadac6b5c5f4b6cdd30da833580c632f91fd658806eaf4ddb","HairpinMode":false,"LinkLocalIPv6Address":"","LinkLocalIPv6PrefixLen":0,"Ports":{"3306/tcp":[{"HostIp":"0.0.0.0","HostPort":"63819"}],"33060/tcp":null},"SandboxKey":"/var/run/docker/netns/56762d63452c","SecondaryIPAddresses":null,"SecondaryIPv6Addresses":null,"EndpointID":"92fc2600684327987bceb8e2716a72ba2420fccd56812c1491af8c03946e105c","Gateway":"172.17.0.1","GlobalIPv6Address":"","GlobalIPv6PrefixLen":0,"IPAddress":"172.17.0.3","IPPrefixLen":16,"IPv6Gateway":"","MacAddress":"02:42:ac:11:00:03","Networks":{"bridge":{"IPAMConfig":null,"Links":null,"Aliases":null,"NetworkID":"308e234c143065751b16b4500cb9f48d5c7fc2116504b3d816a5e51cd4771062","EndpointID":"92fc2600684327987bceb8e2716a72ba2420fccd56812c1491af8c03946e105c","Gateway":"172.17.0.1","IPAddress":"172.17.0.3","IPPrefixLen":16,"IPv6Gateway":"","GlobalIPv6Address":"","GlobalIPv6PrefixLen":0,"MacAddress":"02:42:ac:11:00:03","DriverOpts":null}}}}[\n]"
01:14:52.636 [Test worker] DEBUG com.github.dockerjava.zerodep.shaded.org.apache.hc.client5.http.wire - http-outgoing-2 << "[\r][\n]"
01:14:52.637 [Test worker] DEBUG com.github.dockerjava.zerodep.shaded.org.apache.hc.client5.http.wire - http-outgoing-2 << "0[\r][\n]"
01:14:52.637 [Test worker] DEBUG com.github.dockerjava.zerodep.shaded.org.apache.hc.client5.http.wire - http-outgoing-2 << "[\r][\n]"
01:14:52.637 [Test worker] DEBUG com.github.dockerjava.zerodep.shaded.org.apache.hc.client5.http.impl.classic.InternalHttpClient - ep-0000005A: releasing valid endpoint
01:14:52.637 [Test worker] DEBUG com.github.dockerjava.zerodep.shaded.org.apache.hc.client5.http.impl.io.PoolingHttpClientConnectionManager - ep-0000005A: releasing endpoint
01:14:52.637 [Test worker] DEBUG com.github.dockerjava.zerodep.shaded.org.apache.hc.client5.http.impl.io.PoolingHttpClientConnectionManager - ep-0000005A: connection http-outgoing-2 can be kept alive for 3 MINUTES
01:14:52.637 [Test worker] DEBUG com.github.dockerjava.zerodep.shaded.org.apache.hc.client5.http.impl.io.PoolingHttpClientConnectionManager - ep-0000005A: connection released [route: {}->unix://localhost:2375][total available: 1; route allocated: 1 of 2147483647; total allocated: 1 of 2147483647]
01:14:52.637 [Test worker] DEBUG ]]>&#x1f433;<![CDATA[ [mysql:latest] - Trying to create JDBC connection using com.mysql.cj.jdbc.Driver to jdbc:mysql://localhost:63819/adm_videos?useSSL=false&allowPublicKeyRetrieval=true with properties: {password=123456, user=root}
01:14:52.743 [Test worker] DEBUG org.testcontainers.shaded.com.github.dockerjava.core.command.AbstrDockerCmd - Cmd: cd5ecdf38df06b4092e6cf67100cd20ad9c3cb4b6e9303874a7bd89885b140c9,false
01:14:52.744 [Test worker] DEBUG org.testcontainers.shaded.com.github.dockerjava.core.exec.InspectContainerCmdExec - GET: DefaultWebTarget{path=[/containers/cd5ecdf38df06b4092e6cf67100cd20ad9c3cb4b6e9303874a7bd89885b140c9/json], queryParams={}}
01:14:52.746 [Test worker] DEBUG com.github.dockerjava.zerodep.shaded.org.apache.hc.client5.http.impl.classic.InternalHttpClient - ex-0000005C: preparing request execution
01:14:52.747 [Test worker] DEBUG com.github.dockerjava.zerodep.shaded.org.apache.hc.client5.http.protocol.RequestAddCookies - Cookie spec selected: strict
01:14:52.747 [Test worker] DEBUG com.github.dockerjava.zerodep.shaded.org.apache.hc.client5.http.protocol.RequestAuthCache - Auth cache not set in the context
01:14:52.747 [Test worker] DEBUG com.github.dockerjava.zerodep.shaded.org.apache.hc.client5.http.impl.classic.ProtocolExec - ex-0000005C: target auth state: UNCHALLENGED
01:14:52.747 [Test worker] DEBUG com.github.dockerjava.zerodep.shaded.org.apache.hc.client5.http.impl.classic.ProtocolExec - ex-0000005C: proxy auth state: UNCHALLENGED
01:14:52.747 [Test worker] DEBUG com.github.dockerjava.zerodep.shaded.org.apache.hc.client5.http.impl.classic.ConnectExec - ex-0000005C: acquiring connection with route {}->unix://localhost:2375
01:14:52.747 [Test worker] DEBUG com.github.dockerjava.zerodep.shaded.org.apache.hc.client5.http.impl.classic.InternalHttpClient - ex-0000005C: acquiring endpoint (3 MINUTES)
01:14:52.747 [Test worker] DEBUG com.github.dockerjava.zerodep.shaded.org.apache.hc.client5.http.impl.io.PoolingHttpClientConnectionManager - ex-0000005C: endpoint lease request (3 MINUTES) [route: {}->unix://localhost:2375][total available: 1; route allocated: 1 of 2147483647; total allocated: 1 of 2147483647]
01:14:52.747 [Test worker] DEBUG com.github.dockerjava.zerodep.shaded.org.apache.hc.client5.http.impl.io.PoolingHttpClientConnectionManager - ex-0000005C: endpoint leased [route: {}->unix://localhost:2375][total available: 0; route allocated: 1 of 2147483647; total allocated: 1 of 2147483647]
01:14:52.747 [Test worker] DEBUG com.github.dockerjava.zerodep.shaded.org.apache.hc.client5.http.impl.io.PoolingHttpClientConnectionManager - ex-0000005C: acquired ep-0000005B
01:14:52.748 [Test worker] DEBUG com.github.dockerjava.zerodep.shaded.org.apache.hc.client5.http.impl.classic.InternalHttpClient - ex-0000005C: acquired endpoint ep-0000005B
01:14:52.748 [Test worker] DEBUG com.github.dockerjava.zerodep.shaded.org.apache.hc.client5.http.impl.classic.MainClientExec - ex-0000005C: executing GET /v1.32/containers/cd5ecdf38df06b4092e6cf67100cd20ad9c3cb4b6e9303874a7bd89885b140c9/json HTTP/1.1
01:14:52.748 [Test worker] DEBUG com.github.dockerjava.zerodep.shaded.org.apache.hc.client5.http.impl.classic.InternalHttpClient - ep-0000005B: start execution ex-0000005C
01:14:52.748 [Test worker] DEBUG com.github.dockerjava.zerodep.shaded.org.apache.hc.client5.http.impl.io.PoolingHttpClientConnectionManager - ep-0000005B: executing exchange ex-0000005C over http-outgoing-2
01:14:52.748 [Test worker] DEBUG com.github.dockerjava.zerodep.shaded.org.apache.hc.client5.http.headers - http-outgoing-2 >> GET /v1.32/containers/cd5ecdf38df06b4092e6cf67100cd20ad9c3cb4b6e9303874a7bd89885b140c9/json HTTP/1.1
01:14:52.748 [Test worker] DEBUG com.github.dockerjava.zerodep.shaded.org.apache.hc.client5.http.headers - http-outgoing-2 >> accept: application/json
01:14:52.748 [Test worker] DEBUG com.github.dockerjava.zerodep.shaded.org.apache.hc.client5.http.headers - http-outgoing-2 >> x-tc-sid: 71b9672a-6f61-4546-a7b6-d603100b2e56
01:14:52.748 [Test worker] DEBUG com.github.dockerjava.zerodep.shaded.org.apache.hc.client5.http.headers - http-outgoing-2 >> Accept-Encoding: gzip, x-gzip, deflate
01:14:52.748 [Test worker] DEBUG com.github.dockerjava.zerodep.shaded.org.apache.hc.client5.http.headers - http-outgoing-2 >> Host: localhost:2375
01:14:52.748 [Test worker] DEBUG com.github.dockerjava.zerodep.shaded.org.apache.hc.client5.http.headers - http-outgoing-2 >> Connection: keep-alive
01:14:52.748 [Test worker] DEBUG com.github.dockerjava.zerodep.shaded.org.apache.hc.client5.http.headers - http-outgoing-2 >> User-Agent: Apache-HttpClient/5.0.3 (Java/17.0.2)
01:14:52.748 [Test worker] DEBUG com.github.dockerjava.zerodep.shaded.org.apache.hc.client5.http.wire - http-outgoing-2 >> "GET /v1.32/containers/cd5ecdf38df06b4092e6cf67100cd20ad9c3cb4b6e9303874a7bd89885b140c9/json HTTP/1.1[\r][\n]"
01:14:52.748 [Test worker] DEBUG com.github.dockerjava.zerodep.shaded.org.apache.hc.client5.http.wire - http-outgoing-2 >> "accept: application/json[\r][\n]"
01:14:52.748 [Test worker] DEBUG com.github.dockerjava.zerodep.shaded.org.apache.hc.client5.http.wire - http-outgoing-2 >> "x-tc-sid: 71b9672a-6f61-4546-a7b6-d603100b2e56[\r][\n]"
01:14:52.748 [Test worker] DEBUG com.github.dockerjava.zerodep.shaded.org.apache.hc.client5.http.wire - http-outgoing-2 >> "Accept-Encoding: gzip, x-gzip, deflate[\r][\n]"
01:14:52.748 [Test worker] DEBUG com.github.dockerjava.zerodep.shaded.org.apache.hc.client5.http.wire - http-outgoing-2 >> "Host: localhost:2375[\r][\n]"
01:14:52.748 [Test worker] DEBUG com.github.dockerjava.zerodep.shaded.org.apache.hc.client5.http.wire - http-outgoing-2 >> "Connection: keep-alive[\r][\n]"
01:14:52.748 [Test worker] DEBUG com.github.dockerjava.zerodep.shaded.org.apache.hc.client5.http.wire - http-outgoing-2 >> "User-Agent: Apache-HttpClient/5.0.3 (Java/17.0.2)[\r][\n]"
01:14:52.748 [Test worker] DEBUG com.github.dockerjava.zerodep.shaded.org.apache.hc.client5.http.wire - http-outgoing-2 >> "[\r][\n]"
01:14:52.750 [Test worker] DEBUG com.github.dockerjava.zerodep.shaded.org.apache.hc.client5.http.wire - http-outgoing-2 << "HTTP/1.1 200 OK[\r][\n]"
01:14:52.750 [Test worker] DEBUG com.github.dockerjava.zerodep.shaded.org.apache.hc.client5.http.wire - http-outgoing-2 << "Api-Version: 1.41[\r][\n]"
01:14:52.750 [Test worker] DEBUG com.github.dockerjava.zerodep.shaded.org.apache.hc.client5.http.wire - http-outgoing-2 << "Content-Type: application/json[\r][\n]"
01:14:52.750 [Test worker] DEBUG com.github.dockerjava.zerodep.shaded.org.apache.hc.client5.http.wire - http-outgoing-2 << "Date: Tue, 28 Mar 2023 04:14:52 GMT[\r][\n]"
01:14:52.750 [Test worker] DEBUG com.github.dockerjava.zerodep.shaded.org.apache.hc.client5.http.wire - http-outgoing-2 << "Docker-Experimental: false[\r][\n]"
01:14:52.750 [Test worker] DEBUG com.github.dockerjava.zerodep.shaded.org.apache.hc.client5.http.wire - http-outgoing-2 << "Ostype: linux[\r][\n]"
01:14:52.750 [Test worker] DEBUG com.github.dockerjava.zerodep.shaded.org.apache.hc.client5.http.wire - http-outgoing-2 << "Server: Docker/20.10.21 (linux)[\r][\n]"
01:14:52.750 [Test worker] DEBUG com.github.dockerjava.zerodep.shaded.org.apache.hc.client5.http.wire - http-outgoing-2 << "Transfer-Encoding: chunked[\r][\n]"
01:14:52.750 [Test worker] DEBUG com.github.dockerjava.zerodep.shaded.org.apache.hc.client5.http.wire - http-outgoing-2 << "[\r][\n]"
01:14:52.750 [Test worker] DEBUG com.github.dockerjava.zerodep.shaded.org.apache.hc.client5.http.headers - http-outgoing-2 << HTTP/1.1 200 OK
01:14:52.750 [Test worker] DEBUG com.github.dockerjava.zerodep.shaded.org.apache.hc.client5.http.headers - http-outgoing-2 << Api-Version: 1.41
01:14:52.750 [Test worker] DEBUG com.github.dockerjava.zerodep.shaded.org.apache.hc.client5.http.headers - http-outgoing-2 << Content-Type: application/json
01:14:52.750 [Test worker] DEBUG com.github.dockerjava.zerodep.shaded.org.apache.hc.client5.http.headers - http-outgoing-2 << Date: Tue, 28 Mar 2023 04:14:52 GMT
01:14:52.750 [Test worker] DEBUG com.github.dockerjava.zerodep.shaded.org.apache.hc.client5.http.headers - http-outgoing-2 << Docker-Experimental: false
01:14:52.750 [Test worker] DEBUG com.github.dockerjava.zerodep.shaded.org.apache.hc.client5.http.headers - http-outgoing-2 << Ostype: linux
01:14:52.750 [Test worker] DEBUG com.github.dockerjava.zerodep.shaded.org.apache.hc.client5.http.headers - http-outgoing-2 << Server: Docker/20.10.21 (linux)
01:14:52.750 [Test worker] DEBUG com.github.dockerjava.zerodep.shaded.org.apache.hc.client5.http.headers - http-outgoing-2 << Transfer-Encoding: chunked
01:14:52.750 [Test worker] DEBUG com.github.dockerjava.zerodep.shaded.org.apache.hc.client5.http.impl.classic.MainClientExec - ex-0000005C: connection can be kept alive for 3 MINUTES
01:14:52.752 [Test worker] DEBUG com.github.dockerjava.zerodep.shaded.org.apache.hc.client5.http.wire - http-outgoing-2 << "18c1[\r][\n]"
01:14:52.752 [Test worker] DEBUG com.github.dockerjava.zerodep.shaded.org.apache.hc.client5.http.wire - http-outgoing-2 << "{"Id":"cd5ecdf38df06b4092e6cf67100cd20ad9c3cb4b6e9303874a7bd89885b140c9","Created":"2023-03-28T04:14:43.179040379Z","Path":"docker-entrypoint.sh","Args":["mysqld"],"State":{"Status":"running","Running":true,"Paused":false,"Restarting":false,"OOMKilled":false,"Dead":false,"Pid":20152,"ExitCode":0,"Error":"","StartedAt":"2023-03-28T04:14:43.680338005Z","FinishedAt":"0001-01-01T00:00:00Z"},"Image":"sha256:c7c54c29e20dccc1aefb936c8eba8bb8b98b87a4921102aba87fde2df5810af9","ResolvConfPath":"/var/lib/docker/containers/cd5ecdf38df06b4092e6cf67100cd20ad9c3cb4b6e9303874a7bd89885b140c9/resolv.conf","HostnamePath":"/var/lib/docker/containers/cd5ecdf38df06b4092e6cf67100cd20ad9c3cb4b6e9303874a7bd89885b140c9/hostname","HostsPath":"/var/lib/docker/containers/cd5ecdf38df06b4092e6cf67100cd20ad9c3cb4b6e9303874a7bd89885b140c9/hosts","LogPath":"/var/lib/docker/containers/cd5ecdf38df06b4092e6cf67100cd20ad9c3cb4b6e9303874a7bd89885b140c9/cd5ecdf38df06b4092e6cf67100cd20ad9c3cb4b6e9303874a7bd89885b140c9-json.log","Name":"/keen_matsumoto","RestartCount":0,"Driver":"overlay2","Platform":"linux","MountLabel":"","ProcessLabel":"","AppArmorProfile":"","ExecIDs":null,"HostConfig":{"Binds":[],"ContainerIDFile":"","LogConfig":{"Type":"json-file","Config":{}},"NetworkMode":"default","PortBindings":{"3306/tcp":[{"HostIp":"0.0.0.0","HostPort":"0"}]},"RestartPolicy":{"Name":"","MaximumRetryCount":0},"AutoRemove":false,"VolumeDriver":"","VolumesFrom":[],"CapAdd":null,"CapDrop":null,"CgroupnsMode":"private","Dns":null,"DnsOptions":null,"DnsSearch":null,"ExtraHosts":[],"GroupAdd":null,"IpcMode":"shareable","Cgroup":"","Links":null,"OomScoreAdj":0,"PidMode":"","Privileged":false,"PublishAllPorts":false,"ReadonlyRootfs":false,"SecurityOpt":null,"UTSMode":"","UsernsMode":"","ShmSize":67108864,"Runtime":"runc","ConsoleSize":[0,0],"Isolation":"","CpuShares":0,"Memory":0,"NanoCpus":0,"CgroupParent":"","BlkioWeight":0,"BlkioWeightDevice":null,"BlkioDeviceReadBps":null,"BlkioDeviceWriteBps":null,"BlkioDeviceReadIOps":null,"BlkioDeviceWriteIOps":null,"CpuPeriod":0,"CpuQuota":0,"CpuRealtimePeriod":0,"CpuRealtimeRuntime":0,"CpusetCpus":"","CpusetMems":"","Devices":null,"DeviceCgroupRules":null,"DeviceRequests":null,"KernelMemory":0,"KernelMemoryTCP":0,"MemoryReservation":0,"MemorySwap":0,"MemorySwappiness":null,"OomKillDisable":null,"PidsLimit":null,"Ulimits":null,"CpuCount":0,"CpuPercent":0,"IOMaximumIOps":0,"IOMaximumBandwidth":0,"MaskedPaths":["/proc/asound","/proc/acpi","/proc/kcore","/proc/keys","/proc/latency_stats","/proc/timer_list","/proc/timer_stats","/proc/sched_debug","/proc/scsi","/sys/firmware"],"ReadonlyPaths":["/proc/bus","/proc/fs","/proc/irq","/proc/sys","/proc/sysrq-trigger"]},"GraphDriver":{"Data":{"LowerDir":"/var/lib/docker/overlay2/830e690ec83ecff869b59e4f673c0c63b2bc5c068e9f710933e6f61763699fd2-init/diff:/var/lib/docker/overlay2/1bd8849d7a296305617011f940aa5cfabbe972a513397b1b6bbc27639b6c1f30/diff:/var/lib/docker/overlay2/199d69b2fbf78af4d4c95dec4fd2f8835ab0347eb49fb20ebb2ff3b99fedd6ad/diff:/var/lib/docker/overlay2/d83c38d654989311f75b9491329846033bfb7714de76ef635380dcfad5c740d9/diff:/var/lib/docker/overlay2/08600d0aea2ab2728bebcf5d2589c640a842f53d1ba3c4a4adccb4d03b923cf6/diff:/var/lib/docker/overlay2/9ec7c63a3fb14d13ac788bbf5e282ca821edc41260b79944e5e631037d13ecda/diff:/var/lib/docker/overlay2/db601d7a1b4ea6da638db620462f0da96fa55c559d02269c9ddb09027936ed87/diff:/var/lib/docker/overlay2/a6d2bd03f942e2565f21e74cfe152c7ec836a1c2b583f0790c685b92bdcfda24/diff:/var/lib/docker/overlay2/9badd16ea2c5e2bf1fde8b579683e41137dfc46ed5449234149f199a6751cc84/diff:/var/lib/docker/overlay2/6efb85646ed12e2d1181ef4cc6f6f6732c00c15a4035fe17ebc4f075ca573c30/diff:/var/lib/docker/overlay2/895d7c0ec09144d6ed33936f4e98e11c18010f7abd708cae1ce43aec7a7f2621/diff:/var/lib/docker/overlay2/1c4ba77aa573ab6e5e5069fd15eae71b3da940bde0f97a922a227ffc8a1d1096/diff","MergedDir":"/var/lib/docker/overlay2/830e690ec83ecff869b59e4f673c0c63b2bc5c068e9f710933e6f61763699fd2/merged","UpperDir":"/var/lib/docker/overlay2/830e690ec83ecff869b59e4f673c0c63b2bc5c068e9f710933e6f61763699fd2/diff","WorkDir":"/var/lib/docker/overlay2/830e690ec83ecff869b59e4f673c0c63b2bc5c068e9f710933e6f61763699fd2/work"},"Name":"overlay2"},"Mounts":[{"Type":"volume","Name":"25868b8cea8ad6eba7f00a6fe83e8848def5cff8aab5c5943024031400fa063d","Source":"/var/lib/docker/volumes/25868b8cea8ad6eba7f00a6fe83e8848def5cff8aab5c5943024031400fa063d/_data","Destination":"/var/lib/mysql","Driver":"local","Mode":"","RW":true,"Propagation":""}],"Config":{"Hostname":"cd5ecdf38df0","Domainname":"","User":"","AttachStdin":false,"AttachStdout":false,"AttachStderr":false,"ExposedPorts":{"3306/tcp":{},"33060/tcp":{}},"Tty":false,"OpenStdin":false,"StdinOnce":false,"Env":["MYSQL_DATABASE=adm_videos","MYSQL_PASSWORD=123456","MYSQL_ROOT_PASSWORD=123456","PATH=/usr/local/sbin:/usr/local/bin:/usr/sbin:/usr/bin:/sbin:/bin","GOSU_VERSION=1.16","MYSQL_MAJOR=8.0","MYSQL_VERSION=8.0.32-1.el8","MYSQL_SHELL_VERSION=8.0.32-1.el8"],"Cmd":["mysqld"],"Image":"mysql:latest","Volumes":{"/var/lib/mysql":{}},"WorkingDir":"","Entrypoint":["docker-entrypoint.sh"],"OnBuild":null,"Labels":{"org.testcontainers":"true","org.testcontainers.lang":"java","org.testcontainers.sessionId":"71b9672a-6f61-4546-a7b6-d603100b2e56","org.testcontainers.version":"1.17.6"}},"NetworkSettings":{"Bridge":"","SandboxID":"56762d63452c709eadac6b5c5f4b6cdd30da833580c632f91fd658806eaf4ddb","HairpinMode":false,"LinkLocalIPv6Address":"","LinkLocalIPv6PrefixLen":0,"Ports":{"3306/tcp":[{"HostIp":"0.0.0.0","HostPort":"63819"}],"33060/tcp":null},"SandboxKey":"/var/run/docker/netns/56762d63452c","SecondaryIPAddresses":null,"SecondaryIPv6Addresses":null,"EndpointID":"92fc2600684327987bceb8e2716a72ba2420fccd56812c1491af8c03946e105c","Gateway":"172.17.0.1","GlobalIPv6Address":"","GlobalIPv6PrefixLen":0,"IPAddress":"172.17.0.3","IPPrefixLen":16,"IPv6Gateway":"","MacAddress":"02:42:ac:11:00:03","Networks":{"bridge":{"IPAMConfig":null,"Links":null,"Aliases":null,"NetworkID":"308e234c143065751b16b4500cb9f48d5c7fc2116504b3d816a5e51cd4771062","EndpointID":"92fc2600684327987bceb8e2716a72ba2420fccd56812c1491af8c03946e105c","Gateway":"172.17.0.1","IPAddress":"172.17.0.3","IPPrefixLen":16,"IPv6Gateway":"","GlobalIPv6Address":"","GlobalIPv6PrefixLen":0,"MacAddress":"02:42:ac:11:00:03","DriverOpts":null}}}}[\n]"
01:14:52.752 [Test worker] DEBUG com.github.dockerjava.zerodep.shaded.org.apache.hc.client5.http.wire - http-outgoing-2 << "[\r][\n]"
01:14:52.752 [Test worker] DEBUG com.github.dockerjava.zerodep.shaded.org.apache.hc.client5.http.wire - http-outgoing-2 << "0[\r][\n]"
01:14:52.752 [Test worker] DEBUG com.github.dockerjava.zerodep.shaded.org.apache.hc.client5.http.wire - http-outgoing-2 << "[\r][\n]"
01:14:52.752 [Test worker] DEBUG com.github.dockerjava.zerodep.shaded.org.apache.hc.client5.http.impl.classic.InternalHttpClient - ep-0000005B: releasing valid endpoint
01:14:52.752 [Test worker] DEBUG com.github.dockerjava.zerodep.shaded.org.apache.hc.client5.http.impl.io.PoolingHttpClientConnectionManager - ep-0000005B: releasing endpoint
01:14:52.752 [Test worker] DEBUG com.github.dockerjava.zerodep.shaded.org.apache.hc.client5.http.impl.io.PoolingHttpClientConnectionManager - ep-0000005B: connection http-outgoing-2 can be kept alive for 3 MINUTES
01:14:52.752 [Test worker] DEBUG com.github.dockerjava.zerodep.shaded.org.apache.hc.client5.http.impl.io.PoolingHttpClientConnectionManager - ep-0000005B: connection released [route: {}->unix://localhost:2375][total available: 1; route allocated: 1 of 2147483647; total allocated: 1 of 2147483647]
01:14:52.753 [Test worker] DEBUG ]]>&#x1f433;<![CDATA[ [mysql:latest] - Trying to create JDBC connection using com.mysql.cj.jdbc.Driver to jdbc:mysql://localhost:63819/adm_videos?useSSL=false&allowPublicKeyRetrieval=true with properties: {password=123456, user=root}
01:14:52.855 [Test worker] DEBUG org.testcontainers.shaded.com.github.dockerjava.core.command.AbstrDockerCmd - Cmd: cd5ecdf38df06b4092e6cf67100cd20ad9c3cb4b6e9303874a7bd89885b140c9,false
01:14:52.855 [Test worker] DEBUG org.testcontainers.shaded.com.github.dockerjava.core.exec.InspectContainerCmdExec - GET: DefaultWebTarget{path=[/containers/cd5ecdf38df06b4092e6cf67100cd20ad9c3cb4b6e9303874a7bd89885b140c9/json], queryParams={}}
01:14:52.856 [Test worker] DEBUG com.github.dockerjava.zerodep.shaded.org.apache.hc.client5.http.impl.classic.InternalHttpClient - ex-0000005D: preparing request execution
01:14:52.856 [Test worker] DEBUG com.github.dockerjava.zerodep.shaded.org.apache.hc.client5.http.protocol.RequestAddCookies - Cookie spec selected: strict
01:14:52.856 [Test worker] DEBUG com.github.dockerjava.zerodep.shaded.org.apache.hc.client5.http.protocol.RequestAuthCache - Auth cache not set in the context
01:14:52.856 [Test worker] DEBUG com.github.dockerjava.zerodep.shaded.org.apache.hc.client5.http.impl.classic.ProtocolExec - ex-0000005D: target auth state: UNCHALLENGED
01:14:52.856 [Test worker] DEBUG com.github.dockerjava.zerodep.shaded.org.apache.hc.client5.http.impl.classic.ProtocolExec - ex-0000005D: proxy auth state: UNCHALLENGED
01:14:52.856 [Test worker] DEBUG com.github.dockerjava.zerodep.shaded.org.apache.hc.client5.http.impl.classic.ConnectExec - ex-0000005D: acquiring connection with route {}->unix://localhost:2375
01:14:52.856 [Test worker] DEBUG com.github.dockerjava.zerodep.shaded.org.apache.hc.client5.http.impl.classic.InternalHttpClient - ex-0000005D: acquiring endpoint (3 MINUTES)
01:14:52.856 [Test worker] DEBUG com.github.dockerjava.zerodep.shaded.org.apache.hc.client5.http.impl.io.PoolingHttpClientConnectionManager - ex-0000005D: endpoint lease request (3 MINUTES) [route: {}->unix://localhost:2375][total available: 1; route allocated: 1 of 2147483647; total allocated: 1 of 2147483647]
01:14:52.856 [Test worker] DEBUG com.github.dockerjava.zerodep.shaded.org.apache.hc.client5.http.impl.io.PoolingHttpClientConnectionManager - ex-0000005D: endpoint leased [route: {}->unix://localhost:2375][total available: 0; route allocated: 1 of 2147483647; total allocated: 1 of 2147483647]
01:14:52.856 [Test worker] DEBUG com.github.dockerjava.zerodep.shaded.org.apache.hc.client5.http.impl.io.PoolingHttpClientConnectionManager - ex-0000005D: acquired ep-0000005C
01:14:52.856 [Test worker] DEBUG com.github.dockerjava.zerodep.shaded.org.apache.hc.client5.http.impl.classic.InternalHttpClient - ex-0000005D: acquired endpoint ep-0000005C
01:14:52.856 [Test worker] DEBUG com.github.dockerjava.zerodep.shaded.org.apache.hc.client5.http.impl.classic.MainClientExec - ex-0000005D: executing GET /v1.32/containers/cd5ecdf38df06b4092e6cf67100cd20ad9c3cb4b6e9303874a7bd89885b140c9/json HTTP/1.1
01:14:52.856 [Test worker] DEBUG com.github.dockerjava.zerodep.shaded.org.apache.hc.client5.http.impl.classic.InternalHttpClient - ep-0000005C: start execution ex-0000005D
01:14:52.856 [Test worker] DEBUG com.github.dockerjava.zerodep.shaded.org.apache.hc.client5.http.impl.io.PoolingHttpClientConnectionManager - ep-0000005C: executing exchange ex-0000005D over http-outgoing-2
01:14:52.856 [Test worker] DEBUG com.github.dockerjava.zerodep.shaded.org.apache.hc.client5.http.headers - http-outgoing-2 >> GET /v1.32/containers/cd5ecdf38df06b4092e6cf67100cd20ad9c3cb4b6e9303874a7bd89885b140c9/json HTTP/1.1
01:14:52.856 [Test worker] DEBUG com.github.dockerjava.zerodep.shaded.org.apache.hc.client5.http.headers - http-outgoing-2 >> accept: application/json
01:14:52.856 [Test worker] DEBUG com.github.dockerjava.zerodep.shaded.org.apache.hc.client5.http.headers - http-outgoing-2 >> x-tc-sid: 71b9672a-6f61-4546-a7b6-d603100b2e56
01:14:52.856 [Test worker] DEBUG com.github.dockerjava.zerodep.shaded.org.apache.hc.client5.http.headers - http-outgoing-2 >> Accept-Encoding: gzip, x-gzip, deflate
01:14:52.856 [Test worker] DEBUG com.github.dockerjava.zerodep.shaded.org.apache.hc.client5.http.headers - http-outgoing-2 >> Host: localhost:2375
01:14:52.856 [Test worker] DEBUG com.github.dockerjava.zerodep.shaded.org.apache.hc.client5.http.headers - http-outgoing-2 >> Connection: keep-alive
01:14:52.856 [Test worker] DEBUG com.github.dockerjava.zerodep.shaded.org.apache.hc.client5.http.headers - http-outgoing-2 >> User-Agent: Apache-HttpClient/5.0.3 (Java/17.0.2)
01:14:52.856 [Test worker] DEBUG com.github.dockerjava.zerodep.shaded.org.apache.hc.client5.http.wire - http-outgoing-2 >> "GET /v1.32/containers/cd5ecdf38df06b4092e6cf67100cd20ad9c3cb4b6e9303874a7bd89885b140c9/json HTTP/1.1[\r][\n]"
01:14:52.856 [Test worker] DEBUG com.github.dockerjava.zerodep.shaded.org.apache.hc.client5.http.wire - http-outgoing-2 >> "accept: application/json[\r][\n]"
01:14:52.856 [Test worker] DEBUG com.github.dockerjava.zerodep.shaded.org.apache.hc.client5.http.wire - http-outgoing-2 >> "x-tc-sid: 71b9672a-6f61-4546-a7b6-d603100b2e56[\r][\n]"
01:14:52.856 [Test worker] DEBUG com.github.dockerjava.zerodep.shaded.org.apache.hc.client5.http.wire - http-outgoing-2 >> "Accept-Encoding: gzip, x-gzip, deflate[\r][\n]"
01:14:52.856 [Test worker] DEBUG com.github.dockerjava.zerodep.shaded.org.apache.hc.client5.http.wire - http-outgoing-2 >> "Host: localhost:2375[\r][\n]"
01:14:52.856 [Test worker] DEBUG com.github.dockerjava.zerodep.shaded.org.apache.hc.client5.http.wire - http-outgoing-2 >> "Connection: keep-alive[\r][\n]"
01:14:52.856 [Test worker] DEBUG com.github.dockerjava.zerodep.shaded.org.apache.hc.client5.http.wire - http-outgoing-2 >> "User-Agent: Apache-HttpClient/5.0.3 (Java/17.0.2)[\r][\n]"
01:14:52.856 [Test worker] DEBUG com.github.dockerjava.zerodep.shaded.org.apache.hc.client5.http.wire - http-outgoing-2 >> "[\r][\n]"
01:14:52.858 [Test worker] DEBUG com.github.dockerjava.zerodep.shaded.org.apache.hc.client5.http.wire - http-outgoing-2 << "HTTP/1.1 200 OK[\r][\n]"
01:14:52.858 [Test worker] DEBUG com.github.dockerjava.zerodep.shaded.org.apache.hc.client5.http.wire - http-outgoing-2 << "Api-Version: 1.41[\r][\n]"
01:14:52.858 [Test worker] DEBUG com.github.dockerjava.zerodep.shaded.org.apache.hc.client5.http.wire - http-outgoing-2 << "Content-Type: application/json[\r][\n]"
01:14:52.858 [Test worker] DEBUG com.github.dockerjava.zerodep.shaded.org.apache.hc.client5.http.wire - http-outgoing-2 << "Date: Tue, 28 Mar 2023 04:14:52 GMT[\r][\n]"
01:14:52.858 [Test worker] DEBUG com.github.dockerjava.zerodep.shaded.org.apache.hc.client5.http.wire - http-outgoing-2 << "Docker-Experimental: false[\r][\n]"
01:14:52.858 [Test worker] DEBUG com.github.dockerjava.zerodep.shaded.org.apache.hc.client5.http.wire - http-outgoing-2 << "Ostype: linux[\r][\n]"
01:14:52.858 [Test worker] DEBUG com.github.dockerjava.zerodep.shaded.org.apache.hc.client5.http.wire - http-outgoing-2 << "Server: Docker/20.10.21 (linux)[\r][\n]"
01:14:52.858 [Test worker] DEBUG com.github.dockerjava.zerodep.shaded.org.apache.hc.client5.http.wire - http-outgoing-2 << "Transfer-Encoding: chunked[\r][\n]"
01:14:52.858 [Test worker] DEBUG com.github.dockerjava.zerodep.shaded.org.apache.hc.client5.http.wire - http-outgoing-2 << "[\r][\n]"
01:14:52.858 [Test worker] DEBUG com.github.dockerjava.zerodep.shaded.org.apache.hc.client5.http.headers - http-outgoing-2 << HTTP/1.1 200 OK
01:14:52.858 [Test worker] DEBUG com.github.dockerjava.zerodep.shaded.org.apache.hc.client5.http.headers - http-outgoing-2 << Api-Version: 1.41
01:14:52.858 [Test worker] DEBUG com.github.dockerjava.zerodep.shaded.org.apache.hc.client5.http.headers - http-outgoing-2 << Content-Type: application/json
01:14:52.858 [Test worker] DEBUG com.github.dockerjava.zerodep.shaded.org.apache.hc.client5.http.headers - http-outgoing-2 << Date: Tue, 28 Mar 2023 04:14:52 GMT
01:14:52.858 [Test worker] DEBUG com.github.dockerjava.zerodep.shaded.org.apache.hc.client5.http.headers - http-outgoing-2 << Docker-Experimental: false
01:14:52.858 [Test worker] DEBUG com.github.dockerjava.zerodep.shaded.org.apache.hc.client5.http.headers - http-outgoing-2 << Ostype: linux
01:14:52.858 [Test worker] DEBUG com.github.dockerjava.zerodep.shaded.org.apache.hc.client5.http.headers - http-outgoing-2 << Server: Docker/20.10.21 (linux)
01:14:52.858 [Test worker] DEBUG com.github.dockerjava.zerodep.shaded.org.apache.hc.client5.http.headers - http-outgoing-2 << Transfer-Encoding: chunked
01:14:52.858 [Test worker] DEBUG com.github.dockerjava.zerodep.shaded.org.apache.hc.client5.http.impl.classic.MainClientExec - ex-0000005D: connection can be kept alive for 3 MINUTES
01:14:52.860 [Test worker] DEBUG com.github.dockerjava.zerodep.shaded.org.apache.hc.client5.http.wire - http-outgoing-2 << "18c1[\r][\n]"
01:14:52.860 [Test worker] DEBUG com.github.dockerjava.zerodep.shaded.org.apache.hc.client5.http.wire - http-outgoing-2 << "{"Id":"cd5ecdf38df06b4092e6cf67100cd20ad9c3cb4b6e9303874a7bd89885b140c9","Created":"2023-03-28T04:14:43.179040379Z","Path":"docker-entrypoint.sh","Args":["mysqld"],"State":{"Status":"running","Running":true,"Paused":false,"Restarting":false,"OOMKilled":false,"Dead":false,"Pid":20152,"ExitCode":0,"Error":"","StartedAt":"2023-03-28T04:14:43.680338005Z","FinishedAt":"0001-01-01T00:00:00Z"},"Image":"sha256:c7c54c29e20dccc1aefb936c8eba8bb8b98b87a4921102aba87fde2df5810af9","ResolvConfPath":"/var/lib/docker/containers/cd5ecdf38df06b4092e6cf67100cd20ad9c3cb4b6e9303874a7bd89885b140c9/resolv.conf","HostnamePath":"/var/lib/docker/containers/cd5ecdf38df06b4092e6cf67100cd20ad9c3cb4b6e9303874a7bd89885b140c9/hostname","HostsPath":"/var/lib/docker/containers/cd5ecdf38df06b4092e6cf67100cd20ad9c3cb4b6e9303874a7bd89885b140c9/hosts","LogPath":"/var/lib/docker/containers/cd5ecdf38df06b4092e6cf67100cd20ad9c3cb4b6e9303874a7bd89885b140c9/cd5ecdf38df06b4092e6cf67100cd20ad9c3cb4b6e9303874a7bd89885b140c9-json.log","Name":"/keen_matsumoto","RestartCount":0,"Driver":"overlay2","Platform":"linux","MountLabel":"","ProcessLabel":"","AppArmorProfile":"","ExecIDs":null,"HostConfig":{"Binds":[],"ContainerIDFile":"","LogConfig":{"Type":"json-file","Config":{}},"NetworkMode":"default","PortBindings":{"3306/tcp":[{"HostIp":"0.0.0.0","HostPort":"0"}]},"RestartPolicy":{"Name":"","MaximumRetryCount":0},"AutoRemove":false,"VolumeDriver":"","VolumesFrom":[],"CapAdd":null,"CapDrop":null,"CgroupnsMode":"private","Dns":null,"DnsOptions":null,"DnsSearch":null,"ExtraHosts":[],"GroupAdd":null,"IpcMode":"shareable","Cgroup":"","Links":null,"OomScoreAdj":0,"PidMode":"","Privileged":false,"PublishAllPorts":false,"ReadonlyRootfs":false,"SecurityOpt":null,"UTSMode":"","UsernsMode":"","ShmSize":67108864,"Runtime":"runc","ConsoleSize":[0,0],"Isolation":"","CpuShares":0,"Memory":0,"NanoCpus":0,"CgroupParent":"","BlkioWeight":0,"BlkioWeightDevice":null,"BlkioDeviceReadBps":null,"BlkioDeviceWriteBps":null,"BlkioDeviceReadIOps":null,"BlkioDeviceWriteIOps":null,"CpuPeriod":0,"CpuQuota":0,"CpuRealtimePeriod":0,"CpuRealtimeRuntime":0,"CpusetCpus":"","CpusetMems":"","Devices":null,"DeviceCgroupRules":null,"DeviceRequests":null,"KernelMemory":0,"KernelMemoryTCP":0,"MemoryReservation":0,"MemorySwap":0,"MemorySwappiness":null,"OomKillDisable":null,"PidsLimit":null,"Ulimits":null,"CpuCount":0,"CpuPercent":0,"IOMaximumIOps":0,"IOMaximumBandwidth":0,"MaskedPaths":["/proc/asound","/proc/acpi","/proc/kcore","/proc/keys","/proc/latency_stats","/proc/timer_list","/proc/timer_stats","/proc/sched_debug","/proc/scsi","/sys/firmware"],"ReadonlyPaths":["/proc/bus","/proc/fs","/proc/irq","/proc/sys","/proc/sysrq-trigger"]},"GraphDriver":{"Data":{"LowerDir":"/var/lib/docker/overlay2/830e690ec83ecff869b59e4f673c0c63b2bc5c068e9f710933e6f61763699fd2-init/diff:/var/lib/docker/overlay2/1bd8849d7a296305617011f940aa5cfabbe972a513397b1b6bbc27639b6c1f30/diff:/var/lib/docker/overlay2/199d69b2fbf78af4d4c95dec4fd2f8835ab0347eb49fb20ebb2ff3b99fedd6ad/diff:/var/lib/docker/overlay2/d83c38d654989311f75b9491329846033bfb7714de76ef635380dcfad5c740d9/diff:/var/lib/docker/overlay2/08600d0aea2ab2728bebcf5d2589c640a842f53d1ba3c4a4adccb4d03b923cf6/diff:/var/lib/docker/overlay2/9ec7c63a3fb14d13ac788bbf5e282ca821edc41260b79944e5e631037d13ecda/diff:/var/lib/docker/overlay2/db601d7a1b4ea6da638db620462f0da96fa55c559d02269c9ddb09027936ed87/diff:/var/lib/docker/overlay2/a6d2bd03f942e2565f21e74cfe152c7ec836a1c2b583f0790c685b92bdcfda24/diff:/var/lib/docker/overlay2/9badd16ea2c5e2bf1fde8b579683e41137dfc46ed5449234149f199a6751cc84/diff:/var/lib/docker/overlay2/6efb85646ed12e2d1181ef4cc6f6f6732c00c15a4035fe17ebc4f075ca573c30/diff:/var/lib/docker/overlay2/895d7c0ec09144d6ed33936f4e98e11c18010f7abd708cae1ce43aec7a7f2621/diff:/var/lib/docker/overlay2/1c4ba77aa573ab6e5e5069fd15eae71b3da940bde0f97a922a227ffc8a1d1096/diff","MergedDir":"/var/lib/docker/overlay2/830e690ec83ecff869b59e4f673c0c63b2bc5c068e9f710933e6f61763699fd2/merged","UpperDir":"/var/lib/docker/overlay2/830e690ec83ecff869b59e4f673c0c63b2bc5c068e9f710933e6f61763699fd2/diff","WorkDir":"/var/lib/docker/overlay2/830e690ec83ecff869b59e4f673c0c63b2bc5c068e9f710933e6f61763699fd2/work"},"Name":"overlay2"},"Mounts":[{"Type":"volume","Name":"25868b8cea8ad6eba7f00a6fe83e8848def5cff8aab5c5943024031400fa063d","Source":"/var/lib/docker/volumes/25868b8cea8ad6eba7f00a6fe83e8848def5cff8aab5c5943024031400fa063d/_data","Destination":"/var/lib/mysql","Driver":"local","Mode":"","RW":true,"Propagation":""}],"Config":{"Hostname":"cd5ecdf38df0","Domainname":"","User":"","AttachStdin":false,"AttachStdout":false,"AttachStderr":false,"ExposedPorts":{"3306/tcp":{},"33060/tcp":{}},"Tty":false,"OpenStdin":false,"StdinOnce":false,"Env":["MYSQL_DATABASE=adm_videos","MYSQL_PASSWORD=123456","MYSQL_ROOT_PASSWORD=123456","PATH=/usr/local/sbin:/usr/local/bin:/usr/sbin:/usr/bin:/sbin:/bin","GOSU_VERSION=1.16","MYSQL_MAJOR=8.0","MYSQL_VERSION=8.0.32-1.el8","MYSQL_SHELL_VERSION=8.0.32-1.el8"],"Cmd":["mysqld"],"Image":"mysql:latest","Volumes":{"/var/lib/mysql":{}},"WorkingDir":"","Entrypoint":["docker-entrypoint.sh"],"OnBuild":null,"Labels":{"org.testcontainers":"true","org.testcontainers.lang":"java","org.testcontainers.sessionId":"71b9672a-6f61-4546-a7b6-d603100b2e56","org.testcontainers.version":"1.17.6"}},"NetworkSettings":{"Bridge":"","SandboxID":"56762d63452c709eadac6b5c5f4b6cdd30da833580c632f91fd658806eaf4ddb","HairpinMode":false,"LinkLocalIPv6Address":"","LinkLocalIPv6PrefixLen":0,"Ports":{"3306/tcp":[{"HostIp":"0.0.0.0","HostPort":"63819"}],"33060/tcp":null},"SandboxKey":"/var/run/docker/netns/56762d63452c","SecondaryIPAddresses":null,"SecondaryIPv6Addresses":null,"EndpointID":"92fc2600684327987bceb8e2716a72ba2420fccd56812c1491af8c03946e105c","Gateway":"172.17.0.1","GlobalIPv6Address":"","GlobalIPv6PrefixLen":0,"IPAddress":"172.17.0.3","IPPrefixLen":16,"IPv6Gateway":"","MacAddress":"02:42:ac:11:00:03","Networks":{"bridge":{"IPAMConfig":null,"Links":null,"Aliases":null,"NetworkID":"308e234c143065751b16b4500cb9f48d5c7fc2116504b3d816a5e51cd4771062","EndpointID":"92fc2600684327987bceb8e2716a72ba2420fccd56812c1491af8c03946e105c","Gateway":"172.17.0.1","IPAddress":"172.17.0.3","IPPrefixLen":16,"IPv6Gateway":"","GlobalIPv6Address":"","GlobalIPv6PrefixLen":0,"MacAddress":"02:42:ac:11:00:03","DriverOpts":null}}}}[\n]"
01:14:52.860 [Test worker] DEBUG com.github.dockerjava.zerodep.shaded.org.apache.hc.client5.http.wire - http-outgoing-2 << "[\r][\n]"
01:14:52.860 [Test worker] DEBUG com.github.dockerjava.zerodep.shaded.org.apache.hc.client5.http.wire - http-outgoing-2 << "0[\r][\n]"
01:14:52.860 [Test worker] DEBUG com.github.dockerjava.zerodep.shaded.org.apache.hc.client5.http.wire - http-outgoing-2 << "[\r][\n]"
01:14:52.860 [Test worker] DEBUG com.github.dockerjava.zerodep.shaded.org.apache.hc.client5.http.impl.classic.InternalHttpClient - ep-0000005C: releasing valid endpoint
01:14:52.860 [Test worker] DEBUG com.github.dockerjava.zerodep.shaded.org.apache.hc.client5.http.impl.io.PoolingHttpClientConnectionManager - ep-0000005C: releasing endpoint
01:14:52.860 [Test worker] DEBUG com.github.dockerjava.zerodep.shaded.org.apache.hc.client5.http.impl.io.PoolingHttpClientConnectionManager - ep-0000005C: connection http-outgoing-2 can be kept alive for 3 MINUTES
01:14:52.860 [Test worker] DEBUG com.github.dockerjava.zerodep.shaded.org.apache.hc.client5.http.impl.io.PoolingHttpClientConnectionManager - ep-0000005C: connection released [route: {}->unix://localhost:2375][total available: 1; route allocated: 1 of 2147483647; total allocated: 1 of 2147483647]
01:14:52.860 [Test worker] DEBUG ]]>&#x1f433;<![CDATA[ [mysql:latest] - Trying to create JDBC connection using com.mysql.cj.jdbc.Driver to jdbc:mysql://localhost:63819/adm_videos?useSSL=false&allowPublicKeyRetrieval=true with properties: {password=123456, user=root}
01:14:52.963 [Test worker] DEBUG org.testcontainers.shaded.com.github.dockerjava.core.command.AbstrDockerCmd - Cmd: cd5ecdf38df06b4092e6cf67100cd20ad9c3cb4b6e9303874a7bd89885b140c9,false
01:14:52.963 [Test worker] DEBUG org.testcontainers.shaded.com.github.dockerjava.core.exec.InspectContainerCmdExec - GET: DefaultWebTarget{path=[/containers/cd5ecdf38df06b4092e6cf67100cd20ad9c3cb4b6e9303874a7bd89885b140c9/json], queryParams={}}
01:14:52.963 [Test worker] DEBUG com.github.dockerjava.zerodep.shaded.org.apache.hc.client5.http.impl.classic.InternalHttpClient - ex-0000005E: preparing request execution
01:14:52.963 [Test worker] DEBUG com.github.dockerjava.zerodep.shaded.org.apache.hc.client5.http.protocol.RequestAddCookies - Cookie spec selected: strict
01:14:52.963 [Test worker] DEBUG com.github.dockerjava.zerodep.shaded.org.apache.hc.client5.http.protocol.RequestAuthCache - Auth cache not set in the context
01:14:52.963 [Test worker] DEBUG com.github.dockerjava.zerodep.shaded.org.apache.hc.client5.http.impl.classic.ProtocolExec - ex-0000005E: target auth state: UNCHALLENGED
01:14:52.963 [Test worker] DEBUG com.github.dockerjava.zerodep.shaded.org.apache.hc.client5.http.impl.classic.ProtocolExec - ex-0000005E: proxy auth state: UNCHALLENGED
01:14:52.963 [Test worker] DEBUG com.github.dockerjava.zerodep.shaded.org.apache.hc.client5.http.impl.classic.ConnectExec - ex-0000005E: acquiring connection with route {}->unix://localhost:2375
01:14:52.963 [Test worker] DEBUG com.github.dockerjava.zerodep.shaded.org.apache.hc.client5.http.impl.classic.InternalHttpClient - ex-0000005E: acquiring endpoint (3 MINUTES)
01:14:52.964 [Test worker] DEBUG com.github.dockerjava.zerodep.shaded.org.apache.hc.client5.http.impl.io.PoolingHttpClientConnectionManager - ex-0000005E: endpoint lease request (3 MINUTES) [route: {}->unix://localhost:2375][total available: 1; route allocated: 1 of 2147483647; total allocated: 1 of 2147483647]
01:14:52.964 [Test worker] DEBUG com.github.dockerjava.zerodep.shaded.org.apache.hc.client5.http.impl.io.PoolingHttpClientConnectionManager - ex-0000005E: endpoint leased [route: {}->unix://localhost:2375][total available: 0; route allocated: 1 of 2147483647; total allocated: 1 of 2147483647]
01:14:52.964 [Test worker] DEBUG com.github.dockerjava.zerodep.shaded.org.apache.hc.client5.http.impl.io.PoolingHttpClientConnectionManager - ex-0000005E: acquired ep-0000005D
01:14:52.964 [Test worker] DEBUG com.github.dockerjava.zerodep.shaded.org.apache.hc.client5.http.impl.classic.InternalHttpClient - ex-0000005E: acquired endpoint ep-0000005D
01:14:52.964 [Test worker] DEBUG com.github.dockerjava.zerodep.shaded.org.apache.hc.client5.http.impl.classic.MainClientExec - ex-0000005E: executing GET /v1.32/containers/cd5ecdf38df06b4092e6cf67100cd20ad9c3cb4b6e9303874a7bd89885b140c9/json HTTP/1.1
01:14:52.964 [Test worker] DEBUG com.github.dockerjava.zerodep.shaded.org.apache.hc.client5.http.impl.classic.InternalHttpClient - ep-0000005D: start execution ex-0000005E
01:14:52.964 [Test worker] DEBUG com.github.dockerjava.zerodep.shaded.org.apache.hc.client5.http.impl.io.PoolingHttpClientConnectionManager - ep-0000005D: executing exchange ex-0000005E over http-outgoing-2
01:14:52.964 [Test worker] DEBUG com.github.dockerjava.zerodep.shaded.org.apache.hc.client5.http.headers - http-outgoing-2 >> GET /v1.32/containers/cd5ecdf38df06b4092e6cf67100cd20ad9c3cb4b6e9303874a7bd89885b140c9/json HTTP/1.1
01:14:52.964 [Test worker] DEBUG com.github.dockerjava.zerodep.shaded.org.apache.hc.client5.http.headers - http-outgoing-2 >> accept: application/json
01:14:52.964 [Test worker] DEBUG com.github.dockerjava.zerodep.shaded.org.apache.hc.client5.http.headers - http-outgoing-2 >> x-tc-sid: 71b9672a-6f61-4546-a7b6-d603100b2e56
01:14:52.964 [Test worker] DEBUG com.github.dockerjava.zerodep.shaded.org.apache.hc.client5.http.headers - http-outgoing-2 >> Accept-Encoding: gzip, x-gzip, deflate
01:14:52.964 [Test worker] DEBUG com.github.dockerjava.zerodep.shaded.org.apache.hc.client5.http.headers - http-outgoing-2 >> Host: localhost:2375
01:14:52.964 [Test worker] DEBUG com.github.dockerjava.zerodep.shaded.org.apache.hc.client5.http.headers - http-outgoing-2 >> Connection: keep-alive
01:14:52.964 [Test worker] DEBUG com.github.dockerjava.zerodep.shaded.org.apache.hc.client5.http.headers - http-outgoing-2 >> User-Agent: Apache-HttpClient/5.0.3 (Java/17.0.2)
01:14:52.964 [Test worker] DEBUG com.github.dockerjava.zerodep.shaded.org.apache.hc.client5.http.wire - http-outgoing-2 >> "GET /v1.32/containers/cd5ecdf38df06b4092e6cf67100cd20ad9c3cb4b6e9303874a7bd89885b140c9/json HTTP/1.1[\r][\n]"
01:14:52.964 [Test worker] DEBUG com.github.dockerjava.zerodep.shaded.org.apache.hc.client5.http.wire - http-outgoing-2 >> "accept: application/json[\r][\n]"
01:14:52.964 [Test worker] DEBUG com.github.dockerjava.zerodep.shaded.org.apache.hc.client5.http.wire - http-outgoing-2 >> "x-tc-sid: 71b9672a-6f61-4546-a7b6-d603100b2e56[\r][\n]"
01:14:52.964 [Test worker] DEBUG com.github.dockerjava.zerodep.shaded.org.apache.hc.client5.http.wire - http-outgoing-2 >> "Accept-Encoding: gzip, x-gzip, deflate[\r][\n]"
01:14:52.964 [Test worker] DEBUG com.github.dockerjava.zerodep.shaded.org.apache.hc.client5.http.wire - http-outgoing-2 >> "Host: localhost:2375[\r][\n]"
01:14:52.964 [Test worker] DEBUG com.github.dockerjava.zerodep.shaded.org.apache.hc.client5.http.wire - http-outgoing-2 >> "Connection: keep-alive[\r][\n]"
01:14:52.964 [Test worker] DEBUG com.github.dockerjava.zerodep.shaded.org.apache.hc.client5.http.wire - http-outgoing-2 >> "User-Agent: Apache-HttpClient/5.0.3 (Java/17.0.2)[\r][\n]"
01:14:52.964 [Test worker] DEBUG com.github.dockerjava.zerodep.shaded.org.apache.hc.client5.http.wire - http-outgoing-2 >> "[\r][\n]"
01:14:52.966 [Test worker] DEBUG com.github.dockerjava.zerodep.shaded.org.apache.hc.client5.http.wire - http-outgoing-2 << "HTTP/1.1 200 OK[\r][\n]"
01:14:52.966 [Test worker] DEBUG com.github.dockerjava.zerodep.shaded.org.apache.hc.client5.http.wire - http-outgoing-2 << "Api-Version: 1.41[\r][\n]"
01:14:52.966 [Test worker] DEBUG com.github.dockerjava.zerodep.shaded.org.apache.hc.client5.http.wire - http-outgoing-2 << "Content-Type: application/json[\r][\n]"
01:14:52.966 [Test worker] DEBUG com.github.dockerjava.zerodep.shaded.org.apache.hc.client5.http.wire - http-outgoing-2 << "Date: Tue, 28 Mar 2023 04:14:52 GMT[\r][\n]"
01:14:52.966 [Test worker] DEBUG com.github.dockerjava.zerodep.shaded.org.apache.hc.client5.http.wire - http-outgoing-2 << "Docker-Experimental: false[\r][\n]"
01:14:52.966 [Test worker] DEBUG com.github.dockerjava.zerodep.shaded.org.apache.hc.client5.http.wire - http-outgoing-2 << "Ostype: linux[\r][\n]"
01:14:52.966 [Test worker] DEBUG com.github.dockerjava.zerodep.shaded.org.apache.hc.client5.http.wire - http-outgoing-2 << "Server: Docker/20.10.21 (linux)[\r][\n]"
01:14:52.966 [Test worker] DEBUG com.github.dockerjava.zerodep.shaded.org.apache.hc.client5.http.wire - http-outgoing-2 << "Transfer-Encoding: chunked[\r][\n]"
01:14:52.966 [Test worker] DEBUG com.github.dockerjava.zerodep.shaded.org.apache.hc.client5.http.wire - http-outgoing-2 << "[\r][\n]"
01:14:52.966 [Test worker] DEBUG com.github.dockerjava.zerodep.shaded.org.apache.hc.client5.http.headers - http-outgoing-2 << HTTP/1.1 200 OK
01:14:52.966 [Test worker] DEBUG com.github.dockerjava.zerodep.shaded.org.apache.hc.client5.http.headers - http-outgoing-2 << Api-Version: 1.41
01:14:52.966 [Test worker] DEBUG com.github.dockerjava.zerodep.shaded.org.apache.hc.client5.http.headers - http-outgoing-2 << Content-Type: application/json
01:14:52.966 [Test worker] DEBUG com.github.dockerjava.zerodep.shaded.org.apache.hc.client5.http.headers - http-outgoing-2 << Date: Tue, 28 Mar 2023 04:14:52 GMT
01:14:52.966 [Test worker] DEBUG com.github.dockerjava.zerodep.shaded.org.apache.hc.client5.http.headers - http-outgoing-2 << Docker-Experimental: false
01:14:52.966 [Test worker] DEBUG com.github.dockerjava.zerodep.shaded.org.apache.hc.client5.http.headers - http-outgoing-2 << Ostype: linux
01:14:52.966 [Test worker] DEBUG com.github.dockerjava.zerodep.shaded.org.apache.hc.client5.http.headers - http-outgoing-2 << Server: Docker/20.10.21 (linux)
01:14:52.966 [Test worker] DEBUG com.github.dockerjava.zerodep.shaded.org.apache.hc.client5.http.headers - http-outgoing-2 << Transfer-Encoding: chunked
01:14:52.966 [Test worker] DEBUG com.github.dockerjava.zerodep.shaded.org.apache.hc.client5.http.impl.classic.MainClientExec - ex-0000005E: connection can be kept alive for 3 MINUTES
01:14:52.967 [Test worker] DEBUG com.github.dockerjava.zerodep.shaded.org.apache.hc.client5.http.wire - http-outgoing-2 << "18c1[\r][\n]"
01:14:52.967 [Test worker] DEBUG com.github.dockerjava.zerodep.shaded.org.apache.hc.client5.http.wire - http-outgoing-2 << "{"Id":"cd5ecdf38df06b4092e6cf67100cd20ad9c3cb4b6e9303874a7bd89885b140c9","Created":"2023-03-28T04:14:43.179040379Z","Path":"docker-entrypoint.sh","Args":["mysqld"],"State":{"Status":"running","Running":true,"Paused":false,"Restarting":false,"OOMKilled":false,"Dead":false,"Pid":20152,"ExitCode":0,"Error":"","StartedAt":"2023-03-28T04:14:43.680338005Z","FinishedAt":"0001-01-01T00:00:00Z"},"Image":"sha256:c7c54c29e20dccc1aefb936c8eba8bb8b98b87a4921102aba87fde2df5810af9","ResolvConfPath":"/var/lib/docker/containers/cd5ecdf38df06b4092e6cf67100cd20ad9c3cb4b6e9303874a7bd89885b140c9/resolv.conf","HostnamePath":"/var/lib/docker/containers/cd5ecdf38df06b4092e6cf67100cd20ad9c3cb4b6e9303874a7bd89885b140c9/hostname","HostsPath":"/var/lib/docker/containers/cd5ecdf38df06b4092e6cf67100cd20ad9c3cb4b6e9303874a7bd89885b140c9/hosts","LogPath":"/var/lib/docker/containers/cd5ecdf38df06b4092e6cf67100cd20ad9c3cb4b6e9303874a7bd89885b140c9/cd5ecdf38df06b4092e6cf67100cd20ad9c3cb4b6e9303874a7bd89885b140c9-json.log","Name":"/keen_matsumoto","RestartCount":0,"Driver":"overlay2","Platform":"linux","MountLabel":"","ProcessLabel":"","AppArmorProfile":"","ExecIDs":null,"HostConfig":{"Binds":[],"ContainerIDFile":"","LogConfig":{"Type":"json-file","Config":{}},"NetworkMode":"default","PortBindings":{"3306/tcp":[{"HostIp":"0.0.0.0","HostPort":"0"}]},"RestartPolicy":{"Name":"","MaximumRetryCount":0},"AutoRemove":false,"VolumeDriver":"","VolumesFrom":[],"CapAdd":null,"CapDrop":null,"CgroupnsMode":"private","Dns":null,"DnsOptions":null,"DnsSearch":null,"ExtraHosts":[],"GroupAdd":null,"IpcMode":"shareable","Cgroup":"","Links":null,"OomScoreAdj":0,"PidMode":"","Privileged":false,"PublishAllPorts":false,"ReadonlyRootfs":false,"SecurityOpt":null,"UTSMode":"","UsernsMode":"","ShmSize":67108864,"Runtime":"runc","ConsoleSize":[0,0],"Isolation":"","CpuShares":0,"Memory":0,"NanoCpus":0,"CgroupParent":"","BlkioWeight":0,"BlkioWeightDevice":null,"BlkioDeviceReadBps":null,"BlkioDeviceWriteBps":null,"BlkioDeviceReadIOps":null,"BlkioDeviceWriteIOps":null,"CpuPeriod":0,"CpuQuota":0,"CpuRealtimePeriod":0,"CpuRealtimeRuntime":0,"CpusetCpus":"","CpusetMems":"","Devices":null,"DeviceCgroupRules":null,"DeviceRequests":null,"KernelMemory":0,"KernelMemoryTCP":0,"MemoryReservation":0,"MemorySwap":0,"MemorySwappiness":null,"OomKillDisable":null,"PidsLimit":null,"Ulimits":null,"CpuCount":0,"CpuPercent":0,"IOMaximumIOps":0,"IOMaximumBandwidth":0,"MaskedPaths":["/proc/asound","/proc/acpi","/proc/kcore","/proc/keys","/proc/latency_stats","/proc/timer_list","/proc/timer_stats","/proc/sched_debug","/proc/scsi","/sys/firmware"],"ReadonlyPaths":["/proc/bus","/proc/fs","/proc/irq","/proc/sys","/proc/sysrq-trigger"]},"GraphDriver":{"Data":{"LowerDir":"/var/lib/docker/overlay2/830e690ec83ecff869b59e4f673c0c63b2bc5c068e9f710933e6f61763699fd2-init/diff:/var/lib/docker/overlay2/1bd8849d7a296305617011f940aa5cfabbe972a513397b1b6bbc27639b6c1f30/diff:/var/lib/docker/overlay2/199d69b2fbf78af4d4c95dec4fd2f8835ab0347eb49fb20ebb2ff3b99fedd6ad/diff:/var/lib/docker/overlay2/d83c38d654989311f75b9491329846033bfb7714de76ef635380dcfad5c740d9/diff:/var/lib/docker/overlay2/08600d0aea2ab2728bebcf5d2589c640a842f53d1ba3c4a4adccb4d03b923cf6/diff:/var/lib/docker/overlay2/9ec7c63a3fb14d13ac788bbf5e282ca821edc41260b79944e5e631037d13ecda/diff:/var/lib/docker/overlay2/db601d7a1b4ea6da638db620462f0da96fa55c559d02269c9ddb09027936ed87/diff:/var/lib/docker/overlay2/a6d2bd03f942e2565f21e74cfe152c7ec836a1c2b583f0790c685b92bdcfda24/diff:/var/lib/docker/overlay2/9badd16ea2c5e2bf1fde8b579683e41137dfc46ed5449234149f199a6751cc84/diff:/var/lib/docker/overlay2/6efb85646ed12e2d1181ef4cc6f6f6732c00c15a4035fe17ebc4f075ca573c30/diff:/var/lib/docker/overlay2/895d7c0ec09144d6ed33936f4e98e11c18010f7abd708cae1ce43aec7a7f2621/diff:/var/lib/docker/overlay2/1c4ba77aa573ab6e5e5069fd15eae71b3da940bde0f97a922a227ffc8a1d1096/diff","MergedDir":"/var/lib/docker/overlay2/830e690ec83ecff869b59e4f673c0c63b2bc5c068e9f710933e6f61763699fd2/merged","UpperDir":"/var/lib/docker/overlay2/830e690ec83ecff869b59e4f673c0c63b2bc5c068e9f710933e6f61763699fd2/diff","WorkDir":"/var/lib/docker/overlay2/830e690ec83ecff869b59e4f673c0c63b2bc5c068e9f710933e6f61763699fd2/work"},"Name":"overlay2"},"Mounts":[{"Type":"volume","Name":"25868b8cea8ad6eba7f00a6fe83e8848def5cff8aab5c5943024031400fa063d","Source":"/var/lib/docker/volumes/25868b8cea8ad6eba7f00a6fe83e8848def5cff8aab5c5943024031400fa063d/_data","Destination":"/var/lib/mysql","Driver":"local","Mode":"","RW":true,"Propagation":""}],"Config":{"Hostname":"cd5ecdf38df0","Domainname":"","User":"","AttachStdin":false,"AttachStdout":false,"AttachStderr":false,"ExposedPorts":{"3306/tcp":{},"33060/tcp":{}},"Tty":false,"OpenStdin":false,"StdinOnce":false,"Env":["MYSQL_DATABASE=adm_videos","MYSQL_PASSWORD=123456","MYSQL_ROOT_PASSWORD=123456","PATH=/usr/local/sbin:/usr/local/bin:/usr/sbin:/usr/bin:/sbin:/bin","GOSU_VERSION=1.16","MYSQL_MAJOR=8.0","MYSQL_VERSION=8.0.32-1.el8","MYSQL_SHELL_VERSION=8.0.32-1.el8"],"Cmd":["mysqld"],"Image":"mysql:latest","Volumes":{"/var/lib/mysql":{}},"WorkingDir":"","Entrypoint":["docker-entrypoint.sh"],"OnBuild":null,"Labels":{"org.testcontainers":"true","org.testcontainers.lang":"java","org.testcontainers.sessionId":"71b9672a-6f61-4546-a7b6-d603100b2e56","org.testcontainers.version":"1.17.6"}},"NetworkSettings":{"Bridge":"","SandboxID":"56762d63452c709eadac6b5c5f4b6cdd30da833580c632f91fd658806eaf4ddb","HairpinMode":false,"LinkLocalIPv6Address":"","LinkLocalIPv6PrefixLen":0,"Ports":{"3306/tcp":[{"HostIp":"0.0.0.0","HostPort":"63819"}],"33060/tcp":null},"SandboxKey":"/var/run/docker/netns/56762d63452c","SecondaryIPAddresses":null,"SecondaryIPv6Addresses":null,"EndpointID":"92fc2600684327987bceb8e2716a72ba2420fccd56812c1491af8c03946e105c","Gateway":"172.17.0.1","GlobalIPv6Address":"","GlobalIPv6PrefixLen":0,"IPAddress":"172.17.0.3","IPPrefixLen":16,"IPv6Gateway":"","MacAddress":"02:42:ac:11:00:03","Networks":{"bridge":{"IPAMConfig":null,"Links":null,"Aliases":null,"NetworkID":"308e234c143065751b16b4500cb9f48d5c7fc2116504b3d816a5e51cd4771062","EndpointID":"92fc2600684327987bceb8e2716a72ba2420fccd56812c1491af8c03946e105c","Gateway":"172.17.0.1","IPAddress":"172.17.0.3","IPPrefixLen":16,"IPv6Gateway":"","GlobalIPv6Address":"","GlobalIPv6PrefixLen":0,"MacAddress":"02:42:ac:11:00:03","DriverOpts":null}}}}[\n]"
01:14:52.967 [Test worker] DEBUG com.github.dockerjava.zerodep.shaded.org.apache.hc.client5.http.wire - http-outgoing-2 << "[\r][\n]"
01:14:52.968 [Test worker] DEBUG com.github.dockerjava.zerodep.shaded.org.apache.hc.client5.http.wire - http-outgoing-2 << "0[\r][\n]"
01:14:52.968 [Test worker] DEBUG com.github.dockerjava.zerodep.shaded.org.apache.hc.client5.http.wire - http-outgoing-2 << "[\r][\n]"
01:14:52.968 [Test worker] DEBUG com.github.dockerjava.zerodep.shaded.org.apache.hc.client5.http.impl.classic.InternalHttpClient - ep-0000005D: releasing valid endpoint
01:14:52.968 [Test worker] DEBUG com.github.dockerjava.zerodep.shaded.org.apache.hc.client5.http.impl.io.PoolingHttpClientConnectionManager - ep-0000005D: releasing endpoint
01:14:52.968 [Test worker] DEBUG com.github.dockerjava.zerodep.shaded.org.apache.hc.client5.http.impl.io.PoolingHttpClientConnectionManager - ep-0000005D: connection http-outgoing-2 can be kept alive for 3 MINUTES
01:14:52.968 [Test worker] DEBUG com.github.dockerjava.zerodep.shaded.org.apache.hc.client5.http.impl.io.PoolingHttpClientConnectionManager - ep-0000005D: connection released [route: {}->unix://localhost:2375][total available: 1; route allocated: 1 of 2147483647; total allocated: 1 of 2147483647]
01:14:52.968 [Test worker] DEBUG ]]>&#x1f433;<![CDATA[ [mysql:latest] - Trying to create JDBC connection using com.mysql.cj.jdbc.Driver to jdbc:mysql://localhost:63819/adm_videos?useSSL=false&allowPublicKeyRetrieval=true with properties: {password=123456, user=root}
01:14:53.073 [Test worker] DEBUG org.testcontainers.shaded.com.github.dockerjava.core.command.AbstrDockerCmd - Cmd: cd5ecdf38df06b4092e6cf67100cd20ad9c3cb4b6e9303874a7bd89885b140c9,false
01:14:53.074 [Test worker] DEBUG org.testcontainers.shaded.com.github.dockerjava.core.exec.InspectContainerCmdExec - GET: DefaultWebTarget{path=[/containers/cd5ecdf38df06b4092e6cf67100cd20ad9c3cb4b6e9303874a7bd89885b140c9/json], queryParams={}}
01:14:53.074 [Test worker] DEBUG com.github.dockerjava.zerodep.shaded.org.apache.hc.client5.http.impl.classic.InternalHttpClient - ex-0000005F: preparing request execution
01:14:53.074 [Test worker] DEBUG com.github.dockerjava.zerodep.shaded.org.apache.hc.client5.http.protocol.RequestAddCookies - Cookie spec selected: strict
01:14:53.074 [Test worker] DEBUG com.github.dockerjava.zerodep.shaded.org.apache.hc.client5.http.protocol.RequestAuthCache - Auth cache not set in the context
01:14:53.074 [Test worker] DEBUG com.github.dockerjava.zerodep.shaded.org.apache.hc.client5.http.impl.classic.ProtocolExec - ex-0000005F: target auth state: UNCHALLENGED
01:14:53.074 [Test worker] DEBUG com.github.dockerjava.zerodep.shaded.org.apache.hc.client5.http.impl.classic.ProtocolExec - ex-0000005F: proxy auth state: UNCHALLENGED
01:14:53.074 [Test worker] DEBUG com.github.dockerjava.zerodep.shaded.org.apache.hc.client5.http.impl.classic.ConnectExec - ex-0000005F: acquiring connection with route {}->unix://localhost:2375
01:14:53.074 [Test worker] DEBUG com.github.dockerjava.zerodep.shaded.org.apache.hc.client5.http.impl.classic.InternalHttpClient - ex-0000005F: acquiring endpoint (3 MINUTES)
01:14:53.074 [Test worker] DEBUG com.github.dockerjava.zerodep.shaded.org.apache.hc.client5.http.impl.io.PoolingHttpClientConnectionManager - ex-0000005F: endpoint lease request (3 MINUTES) [route: {}->unix://localhost:2375][total available: 1; route allocated: 1 of 2147483647; total allocated: 1 of 2147483647]
01:14:53.074 [Test worker] DEBUG com.github.dockerjava.zerodep.shaded.org.apache.hc.client5.http.impl.io.PoolingHttpClientConnectionManager - ex-0000005F: endpoint leased [route: {}->unix://localhost:2375][total available: 0; route allocated: 1 of 2147483647; total allocated: 1 of 2147483647]
01:14:53.074 [Test worker] DEBUG com.github.dockerjava.zerodep.shaded.org.apache.hc.client5.http.impl.io.PoolingHttpClientConnectionManager - ex-0000005F: acquired ep-0000005E
01:14:53.074 [Test worker] DEBUG com.github.dockerjava.zerodep.shaded.org.apache.hc.client5.http.impl.classic.InternalHttpClient - ex-0000005F: acquired endpoint ep-0000005E
01:14:53.074 [Test worker] DEBUG com.github.dockerjava.zerodep.shaded.org.apache.hc.client5.http.impl.classic.MainClientExec - ex-0000005F: executing GET /v1.32/containers/cd5ecdf38df06b4092e6cf67100cd20ad9c3cb4b6e9303874a7bd89885b140c9/json HTTP/1.1
01:14:53.074 [Test worker] DEBUG com.github.dockerjava.zerodep.shaded.org.apache.hc.client5.http.impl.classic.InternalHttpClient - ep-0000005E: start execution ex-0000005F
01:14:53.074 [Test worker] DEBUG com.github.dockerjava.zerodep.shaded.org.apache.hc.client5.http.impl.io.PoolingHttpClientConnectionManager - ep-0000005E: executing exchange ex-0000005F over http-outgoing-2
01:14:53.074 [Test worker] DEBUG com.github.dockerjava.zerodep.shaded.org.apache.hc.client5.http.headers - http-outgoing-2 >> GET /v1.32/containers/cd5ecdf38df06b4092e6cf67100cd20ad9c3cb4b6e9303874a7bd89885b140c9/json HTTP/1.1
01:14:53.074 [Test worker] DEBUG com.github.dockerjava.zerodep.shaded.org.apache.hc.client5.http.headers - http-outgoing-2 >> accept: application/json
01:14:53.074 [Test worker] DEBUG com.github.dockerjava.zerodep.shaded.org.apache.hc.client5.http.headers - http-outgoing-2 >> x-tc-sid: 71b9672a-6f61-4546-a7b6-d603100b2e56
01:14:53.074 [Test worker] DEBUG com.github.dockerjava.zerodep.shaded.org.apache.hc.client5.http.headers - http-outgoing-2 >> Accept-Encoding: gzip, x-gzip, deflate
01:14:53.074 [Test worker] DEBUG com.github.dockerjava.zerodep.shaded.org.apache.hc.client5.http.headers - http-outgoing-2 >> Host: localhost:2375
01:14:53.074 [Test worker] DEBUG com.github.dockerjava.zerodep.shaded.org.apache.hc.client5.http.headers - http-outgoing-2 >> Connection: keep-alive
01:14:53.074 [Test worker] DEBUG com.github.dockerjava.zerodep.shaded.org.apache.hc.client5.http.headers - http-outgoing-2 >> User-Agent: Apache-HttpClient/5.0.3 (Java/17.0.2)
01:14:53.074 [Test worker] DEBUG com.github.dockerjava.zerodep.shaded.org.apache.hc.client5.http.wire - http-outgoing-2 >> "GET /v1.32/containers/cd5ecdf38df06b4092e6cf67100cd20ad9c3cb4b6e9303874a7bd89885b140c9/json HTTP/1.1[\r][\n]"
01:14:53.074 [Test worker] DEBUG com.github.dockerjava.zerodep.shaded.org.apache.hc.client5.http.wire - http-outgoing-2 >> "accept: application/json[\r][\n]"
01:14:53.074 [Test worker] DEBUG com.github.dockerjava.zerodep.shaded.org.apache.hc.client5.http.wire - http-outgoing-2 >> "x-tc-sid: 71b9672a-6f61-4546-a7b6-d603100b2e56[\r][\n]"
01:14:53.074 [Test worker] DEBUG com.github.dockerjava.zerodep.shaded.org.apache.hc.client5.http.wire - http-outgoing-2 >> "Accept-Encoding: gzip, x-gzip, deflate[\r][\n]"
01:14:53.074 [Test worker] DEBUG com.github.dockerjava.zerodep.shaded.org.apache.hc.client5.http.wire - http-outgoing-2 >> "Host: localhost:2375[\r][\n]"
01:14:53.074 [Test worker] DEBUG com.github.dockerjava.zerodep.shaded.org.apache.hc.client5.http.wire - http-outgoing-2 >> "Connection: keep-alive[\r][\n]"
01:14:53.074 [Test worker] DEBUG com.github.dockerjava.zerodep.shaded.org.apache.hc.client5.http.wire - http-outgoing-2 >> "User-Agent: Apache-HttpClient/5.0.3 (Java/17.0.2)[\r][\n]"
01:14:53.074 [Test worker] DEBUG com.github.dockerjava.zerodep.shaded.org.apache.hc.client5.http.wire - http-outgoing-2 >> "[\r][\n]"
01:14:53.076 [Test worker] DEBUG com.github.dockerjava.zerodep.shaded.org.apache.hc.client5.http.wire - http-outgoing-2 << "HTTP/1.1 200 OK[\r][\n]"
01:14:53.076 [Test worker] DEBUG com.github.dockerjava.zerodep.shaded.org.apache.hc.client5.http.wire - http-outgoing-2 << "Api-Version: 1.41[\r][\n]"
01:14:53.076 [Test worker] DEBUG com.github.dockerjava.zerodep.shaded.org.apache.hc.client5.http.wire - http-outgoing-2 << "Content-Type: application/json[\r][\n]"
01:14:53.076 [Test worker] DEBUG com.github.dockerjava.zerodep.shaded.org.apache.hc.client5.http.wire - http-outgoing-2 << "Date: Tue, 28 Mar 2023 04:14:53 GMT[\r][\n]"
01:14:53.076 [Test worker] DEBUG com.github.dockerjava.zerodep.shaded.org.apache.hc.client5.http.wire - http-outgoing-2 << "Docker-Experimental: false[\r][\n]"
01:14:53.076 [Test worker] DEBUG com.github.dockerjava.zerodep.shaded.org.apache.hc.client5.http.wire - http-outgoing-2 << "Ostype: linux[\r][\n]"
01:14:53.076 [Test worker] DEBUG com.github.dockerjava.zerodep.shaded.org.apache.hc.client5.http.wire - http-outgoing-2 << "Server: Docker/20.10.21 (linux)[\r][\n]"
01:14:53.076 [Test worker] DEBUG com.github.dockerjava.zerodep.shaded.org.apache.hc.client5.http.wire - http-outgoing-2 << "Transfer-Encoding: chunked[\r][\n]"
01:14:53.076 [Test worker] DEBUG com.github.dockerjava.zerodep.shaded.org.apache.hc.client5.http.wire - http-outgoing-2 << "[\r][\n]"
01:14:53.076 [Test worker] DEBUG com.github.dockerjava.zerodep.shaded.org.apache.hc.client5.http.headers - http-outgoing-2 << HTTP/1.1 200 OK
01:14:53.076 [Test worker] DEBUG com.github.dockerjava.zerodep.shaded.org.apache.hc.client5.http.headers - http-outgoing-2 << Api-Version: 1.41
01:14:53.076 [Test worker] DEBUG com.github.dockerjava.zerodep.shaded.org.apache.hc.client5.http.headers - http-outgoing-2 << Content-Type: application/json
01:14:53.076 [Test worker] DEBUG com.github.dockerjava.zerodep.shaded.org.apache.hc.client5.http.headers - http-outgoing-2 << Date: Tue, 28 Mar 2023 04:14:53 GMT
01:14:53.076 [Test worker] DEBUG com.github.dockerjava.zerodep.shaded.org.apache.hc.client5.http.headers - http-outgoing-2 << Docker-Experimental: false
01:14:53.076 [Test worker] DEBUG com.github.dockerjava.zerodep.shaded.org.apache.hc.client5.http.headers - http-outgoing-2 << Ostype: linux
01:14:53.076 [Test worker] DEBUG com.github.dockerjava.zerodep.shaded.org.apache.hc.client5.http.headers - http-outgoing-2 << Server: Docker/20.10.21 (linux)
01:14:53.076 [Test worker] DEBUG com.github.dockerjava.zerodep.shaded.org.apache.hc.client5.http.headers - http-outgoing-2 << Transfer-Encoding: chunked
01:14:53.076 [Test worker] DEBUG com.github.dockerjava.zerodep.shaded.org.apache.hc.client5.http.impl.classic.MainClientExec - ex-0000005F: connection can be kept alive for 3 MINUTES
01:14:53.077 [Test worker] DEBUG com.github.dockerjava.zerodep.shaded.org.apache.hc.client5.http.wire - http-outgoing-2 << "18c1[\r][\n]"
01:14:53.077 [Test worker] DEBUG com.github.dockerjava.zerodep.shaded.org.apache.hc.client5.http.wire - http-outgoing-2 << "{"Id":"cd5ecdf38df06b4092e6cf67100cd20ad9c3cb4b6e9303874a7bd89885b140c9","Created":"2023-03-28T04:14:43.179040379Z","Path":"docker-entrypoint.sh","Args":["mysqld"],"State":{"Status":"running","Running":true,"Paused":false,"Restarting":false,"OOMKilled":false,"Dead":false,"Pid":20152,"ExitCode":0,"Error":"","StartedAt":"2023-03-28T04:14:43.680338005Z","FinishedAt":"0001-01-01T00:00:00Z"},"Image":"sha256:c7c54c29e20dccc1aefb936c8eba8bb8b98b87a4921102aba87fde2df5810af9","ResolvConfPath":"/var/lib/docker/containers/cd5ecdf38df06b4092e6cf67100cd20ad9c3cb4b6e9303874a7bd89885b140c9/resolv.conf","HostnamePath":"/var/lib/docker/containers/cd5ecdf38df06b4092e6cf67100cd20ad9c3cb4b6e9303874a7bd89885b140c9/hostname","HostsPath":"/var/lib/docker/containers/cd5ecdf38df06b4092e6cf67100cd20ad9c3cb4b6e9303874a7bd89885b140c9/hosts","LogPath":"/var/lib/docker/containers/cd5ecdf38df06b4092e6cf67100cd20ad9c3cb4b6e9303874a7bd89885b140c9/cd5ecdf38df06b4092e6cf67100cd20ad9c3cb4b6e9303874a7bd89885b140c9-json.log","Name":"/keen_matsumoto","RestartCount":0,"Driver":"overlay2","Platform":"linux","MountLabel":"","ProcessLabel":"","AppArmorProfile":"","ExecIDs":null,"HostConfig":{"Binds":[],"ContainerIDFile":"","LogConfig":{"Type":"json-file","Config":{}},"NetworkMode":"default","PortBindings":{"3306/tcp":[{"HostIp":"0.0.0.0","HostPort":"0"}]},"RestartPolicy":{"Name":"","MaximumRetryCount":0},"AutoRemove":false,"VolumeDriver":"","VolumesFrom":[],"CapAdd":null,"CapDrop":null,"CgroupnsMode":"private","Dns":null,"DnsOptions":null,"DnsSearch":null,"ExtraHosts":[],"GroupAdd":null,"IpcMode":"shareable","Cgroup":"","Links":null,"OomScoreAdj":0,"PidMode":"","Privileged":false,"PublishAllPorts":false,"ReadonlyRootfs":false,"SecurityOpt":null,"UTSMode":"","UsernsMode":"","ShmSize":67108864,"Runtime":"runc","ConsoleSize":[0,0],"Isolation":"","CpuShares":0,"Memory":0,"NanoCpus":0,"CgroupParent":"","BlkioWeight":0,"BlkioWeightDevice":null,"BlkioDeviceReadBps":null,"BlkioDeviceWriteBps":null,"BlkioDeviceReadIOps":null,"BlkioDeviceWriteIOps":null,"CpuPeriod":0,"CpuQuota":0,"CpuRealtimePeriod":0,"CpuRealtimeRuntime":0,"CpusetCpus":"","CpusetMems":"","Devices":null,"DeviceCgroupRules":null,"DeviceRequests":null,"KernelMemory":0,"KernelMemoryTCP":0,"MemoryReservation":0,"MemorySwap":0,"MemorySwappiness":null,"OomKillDisable":null,"PidsLimit":null,"Ulimits":null,"CpuCount":0,"CpuPercent":0,"IOMaximumIOps":0,"IOMaximumBandwidth":0,"MaskedPaths":["/proc/asound","/proc/acpi","/proc/kcore","/proc/keys","/proc/latency_stats","/proc/timer_list","/proc/timer_stats","/proc/sched_debug","/proc/scsi","/sys/firmware"],"ReadonlyPaths":["/proc/bus","/proc/fs","/proc/irq","/proc/sys","/proc/sysrq-trigger"]},"GraphDriver":{"Data":{"LowerDir":"/var/lib/docker/overlay2/830e690ec83ecff869b59e4f673c0c63b2bc5c068e9f710933e6f61763699fd2-init/diff:/var/lib/docker/overlay2/1bd8849d7a296305617011f940aa5cfabbe972a513397b1b6bbc27639b6c1f30/diff:/var/lib/docker/overlay2/199d69b2fbf78af4d4c95dec4fd2f8835ab0347eb49fb20ebb2ff3b99fedd6ad/diff:/var/lib/docker/overlay2/d83c38d654989311f75b9491329846033bfb7714de76ef635380dcfad5c740d9/diff:/var/lib/docker/overlay2/08600d0aea2ab2728bebcf5d2589c640a842f53d1ba3c4a4adccb4d03b923cf6/diff:/var/lib/docker/overlay2/9ec7c63a3fb14d13ac788bbf5e282ca821edc41260b79944e5e631037d13ecda/diff:/var/lib/docker/overlay2/db601d7a1b4ea6da638db620462f0da96fa55c559d02269c9ddb09027936ed87/diff:/var/lib/docker/overlay2/a6d2bd03f942e2565f21e74cfe152c7ec836a1c2b583f0790c685b92bdcfda24/diff:/var/lib/docker/overlay2/9badd16ea2c5e2bf1fde8b579683e41137dfc46ed5449234149f199a6751cc84/diff:/var/lib/docker/overlay2/6efb85646ed12e2d1181ef4cc6f6f6732c00c15a4035fe17ebc4f075ca573c30/diff:/var/lib/docker/overlay2/895d7c0ec09144d6ed33936f4e98e11c18010f7abd708cae1ce43aec7a7f2621/diff:/var/lib/docker/overlay2/1c4ba77aa573ab6e5e5069fd15eae71b3da940bde0f97a922a227ffc8a1d1096/diff","MergedDir":"/var/lib/docker/overlay2/830e690ec83ecff869b59e4f673c0c63b2bc5c068e9f710933e6f61763699fd2/merged","UpperDir":"/var/lib/docker/overlay2/830e690ec83ecff869b59e4f673c0c63b2bc5c068e9f710933e6f61763699fd2/diff","WorkDir":"/var/lib/docker/overlay2/830e690ec83ecff869b59e4f673c0c63b2bc5c068e9f710933e6f61763699fd2/work"},"Name":"overlay2"},"Mounts":[{"Type":"volume","Name":"25868b8cea8ad6eba7f00a6fe83e8848def5cff8aab5c5943024031400fa063d","Source":"/var/lib/docker/volumes/25868b8cea8ad6eba7f00a6fe83e8848def5cff8aab5c5943024031400fa063d/_data","Destination":"/var/lib/mysql","Driver":"local","Mode":"","RW":true,"Propagation":""}],"Config":{"Hostname":"cd5ecdf38df0","Domainname":"","User":"","AttachStdin":false,"AttachStdout":false,"AttachStderr":false,"ExposedPorts":{"3306/tcp":{},"33060/tcp":{}},"Tty":false,"OpenStdin":false,"StdinOnce":false,"Env":["MYSQL_DATABASE=adm_videos","MYSQL_PASSWORD=123456","MYSQL_ROOT_PASSWORD=123456","PATH=/usr/local/sbin:/usr/local/bin:/usr/sbin:/usr/bin:/sbin:/bin","GOSU_VERSION=1.16","MYSQL_MAJOR=8.0","MYSQL_VERSION=8.0.32-1.el8","MYSQL_SHELL_VERSION=8.0.32-1.el8"],"Cmd":["mysqld"],"Image":"mysql:latest","Volumes":{"/var/lib/mysql":{}},"WorkingDir":"","Entrypoint":["docker-entrypoint.sh"],"OnBuild":null,"Labels":{"org.testcontainers":"true","org.testcontainers.lang":"java","org.testcontainers.sessionId":"71b9672a-6f61-4546-a7b6-d603100b2e56","org.testcontainers.version":"1.17.6"}},"NetworkSettings":{"Bridge":"","SandboxID":"56762d63452c709eadac6b5c5f4b6cdd30da833580c632f91fd658806eaf4ddb","HairpinMode":false,"LinkLocalIPv6Address":"","LinkLocalIPv6PrefixLen":0,"Ports":{"3306/tcp":[{"HostIp":"0.0.0.0","HostPort":"63819"}],"33060/tcp":null},"SandboxKey":"/var/run/docker/netns/56762d63452c","SecondaryIPAddresses":null,"SecondaryIPv6Addresses":null,"EndpointID":"92fc2600684327987bceb8e2716a72ba2420fccd56812c1491af8c03946e105c","Gateway":"172.17.0.1","GlobalIPv6Address":"","GlobalIPv6PrefixLen":0,"IPAddress":"172.17.0.3","IPPrefixLen":16,"IPv6Gateway":"","MacAddress":"02:42:ac:11:00:03","Networks":{"bridge":{"IPAMConfig":null,"Links":null,"Aliases":null,"NetworkID":"308e234c143065751b16b4500cb9f48d5c7fc2116504b3d816a5e51cd4771062","EndpointID":"92fc2600684327987bceb8e2716a72ba2420fccd56812c1491af8c03946e105c","Gateway":"172.17.0.1","IPAddress":"172.17.0.3","IPPrefixLen":16,"IPv6Gateway":"","GlobalIPv6Address":"","GlobalIPv6PrefixLen":0,"MacAddress":"02:42:ac:11:00:03","DriverOpts":null}}}}[\n]"
01:14:53.077 [Test worker] DEBUG com.github.dockerjava.zerodep.shaded.org.apache.hc.client5.http.wire - http-outgoing-2 << "[\r][\n]"
01:14:53.078 [Test worker] DEBUG com.github.dockerjava.zerodep.shaded.org.apache.hc.client5.http.wire - http-outgoing-2 << "0[\r][\n]"
01:14:53.078 [Test worker] DEBUG com.github.dockerjava.zerodep.shaded.org.apache.hc.client5.http.wire - http-outgoing-2 << "[\r][\n]"
01:14:53.078 [Test worker] DEBUG com.github.dockerjava.zerodep.shaded.org.apache.hc.client5.http.impl.classic.InternalHttpClient - ep-0000005E: releasing valid endpoint
01:14:53.078 [Test worker] DEBUG com.github.dockerjava.zerodep.shaded.org.apache.hc.client5.http.impl.io.PoolingHttpClientConnectionManager - ep-0000005E: releasing endpoint
01:14:53.078 [Test worker] DEBUG com.github.dockerjava.zerodep.shaded.org.apache.hc.client5.http.impl.io.PoolingHttpClientConnectionManager - ep-0000005E: connection http-outgoing-2 can be kept alive for 3 MINUTES
01:14:53.078 [Test worker] DEBUG com.github.dockerjava.zerodep.shaded.org.apache.hc.client5.http.impl.io.PoolingHttpClientConnectionManager - ep-0000005E: connection released [route: {}->unix://localhost:2375][total available: 1; route allocated: 1 of 2147483647; total allocated: 1 of 2147483647]
01:14:53.078 [Test worker] DEBUG ]]>&#x1f433;<![CDATA[ [mysql:latest] - Trying to create JDBC connection using com.mysql.cj.jdbc.Driver to jdbc:mysql://localhost:63819/adm_videos?useSSL=false&allowPublicKeyRetrieval=true with properties: {password=123456, user=root}
01:14:53.180 [Test worker] DEBUG org.testcontainers.shaded.com.github.dockerjava.core.command.AbstrDockerCmd - Cmd: cd5ecdf38df06b4092e6cf67100cd20ad9c3cb4b6e9303874a7bd89885b140c9,false
01:14:53.181 [Test worker] DEBUG org.testcontainers.shaded.com.github.dockerjava.core.exec.InspectContainerCmdExec - GET: DefaultWebTarget{path=[/containers/cd5ecdf38df06b4092e6cf67100cd20ad9c3cb4b6e9303874a7bd89885b140c9/json], queryParams={}}
01:14:53.181 [Test worker] DEBUG com.github.dockerjava.zerodep.shaded.org.apache.hc.client5.http.impl.classic.InternalHttpClient - ex-00000060: preparing request execution
01:14:53.181 [Test worker] DEBUG com.github.dockerjava.zerodep.shaded.org.apache.hc.client5.http.protocol.RequestAddCookies - Cookie spec selected: strict
01:14:53.181 [Test worker] DEBUG com.github.dockerjava.zerodep.shaded.org.apache.hc.client5.http.protocol.RequestAuthCache - Auth cache not set in the context
01:14:53.181 [Test worker] DEBUG com.github.dockerjava.zerodep.shaded.org.apache.hc.client5.http.impl.classic.ProtocolExec - ex-00000060: target auth state: UNCHALLENGED
01:14:53.181 [Test worker] DEBUG com.github.dockerjava.zerodep.shaded.org.apache.hc.client5.http.impl.classic.ProtocolExec - ex-00000060: proxy auth state: UNCHALLENGED
01:14:53.181 [Test worker] DEBUG com.github.dockerjava.zerodep.shaded.org.apache.hc.client5.http.impl.classic.ConnectExec - ex-00000060: acquiring connection with route {}->unix://localhost:2375
01:14:53.181 [Test worker] DEBUG com.github.dockerjava.zerodep.shaded.org.apache.hc.client5.http.impl.classic.InternalHttpClient - ex-00000060: acquiring endpoint (3 MINUTES)
01:14:53.181 [Test worker] DEBUG com.github.dockerjava.zerodep.shaded.org.apache.hc.client5.http.impl.io.PoolingHttpClientConnectionManager - ex-00000060: endpoint lease request (3 MINUTES) [route: {}->unix://localhost:2375][total available: 1; route allocated: 1 of 2147483647; total allocated: 1 of 2147483647]
01:14:53.181 [Test worker] DEBUG com.github.dockerjava.zerodep.shaded.org.apache.hc.client5.http.impl.io.PoolingHttpClientConnectionManager - ex-00000060: endpoint leased [route: {}->unix://localhost:2375][total available: 0; route allocated: 1 of 2147483647; total allocated: 1 of 2147483647]
01:14:53.181 [Test worker] DEBUG com.github.dockerjava.zerodep.shaded.org.apache.hc.client5.http.impl.io.PoolingHttpClientConnectionManager - ex-00000060: acquired ep-0000005F
01:14:53.181 [Test worker] DEBUG com.github.dockerjava.zerodep.shaded.org.apache.hc.client5.http.impl.classic.InternalHttpClient - ex-00000060: acquired endpoint ep-0000005F
01:14:53.181 [Test worker] DEBUG com.github.dockerjava.zerodep.shaded.org.apache.hc.client5.http.impl.classic.MainClientExec - ex-00000060: executing GET /v1.32/containers/cd5ecdf38df06b4092e6cf67100cd20ad9c3cb4b6e9303874a7bd89885b140c9/json HTTP/1.1
01:14:53.181 [Test worker] DEBUG com.github.dockerjava.zerodep.shaded.org.apache.hc.client5.http.impl.classic.InternalHttpClient - ep-0000005F: start execution ex-00000060
01:14:53.181 [Test worker] DEBUG com.github.dockerjava.zerodep.shaded.org.apache.hc.client5.http.impl.io.PoolingHttpClientConnectionManager - ep-0000005F: executing exchange ex-00000060 over http-outgoing-2
01:14:53.181 [Test worker] DEBUG com.github.dockerjava.zerodep.shaded.org.apache.hc.client5.http.headers - http-outgoing-2 >> GET /v1.32/containers/cd5ecdf38df06b4092e6cf67100cd20ad9c3cb4b6e9303874a7bd89885b140c9/json HTTP/1.1
01:14:53.181 [Test worker] DEBUG com.github.dockerjava.zerodep.shaded.org.apache.hc.client5.http.headers - http-outgoing-2 >> accept: application/json
01:14:53.181 [Test worker] DEBUG com.github.dockerjava.zerodep.shaded.org.apache.hc.client5.http.headers - http-outgoing-2 >> x-tc-sid: 71b9672a-6f61-4546-a7b6-d603100b2e56
01:14:53.181 [Test worker] DEBUG com.github.dockerjava.zerodep.shaded.org.apache.hc.client5.http.headers - http-outgoing-2 >> Accept-Encoding: gzip, x-gzip, deflate
01:14:53.181 [Test worker] DEBUG com.github.dockerjava.zerodep.shaded.org.apache.hc.client5.http.headers - http-outgoing-2 >> Host: localhost:2375
01:14:53.181 [Test worker] DEBUG com.github.dockerjava.zerodep.shaded.org.apache.hc.client5.http.headers - http-outgoing-2 >> Connection: keep-alive
01:14:53.181 [Test worker] DEBUG com.github.dockerjava.zerodep.shaded.org.apache.hc.client5.http.headers - http-outgoing-2 >> User-Agent: Apache-HttpClient/5.0.3 (Java/17.0.2)
01:14:53.181 [Test worker] DEBUG com.github.dockerjava.zerodep.shaded.org.apache.hc.client5.http.wire - http-outgoing-2 >> "GET /v1.32/containers/cd5ecdf38df06b4092e6cf67100cd20ad9c3cb4b6e9303874a7bd89885b140c9/json HTTP/1.1[\r][\n]"
01:14:53.181 [Test worker] DEBUG com.github.dockerjava.zerodep.shaded.org.apache.hc.client5.http.wire - http-outgoing-2 >> "accept: application/json[\r][\n]"
01:14:53.181 [Test worker] DEBUG com.github.dockerjava.zerodep.shaded.org.apache.hc.client5.http.wire - http-outgoing-2 >> "x-tc-sid: 71b9672a-6f61-4546-a7b6-d603100b2e56[\r][\n]"
01:14:53.181 [Test worker] DEBUG com.github.dockerjava.zerodep.shaded.org.apache.hc.client5.http.wire - http-outgoing-2 >> "Accept-Encoding: gzip, x-gzip, deflate[\r][\n]"
01:14:53.181 [Test worker] DEBUG com.github.dockerjava.zerodep.shaded.org.apache.hc.client5.http.wire - http-outgoing-2 >> "Host: localhost:2375[\r][\n]"
01:14:53.181 [Test worker] DEBUG com.github.dockerjava.zerodep.shaded.org.apache.hc.client5.http.wire - http-outgoing-2 >> "Connection: keep-alive[\r][\n]"
01:14:53.181 [Test worker] DEBUG com.github.dockerjava.zerodep.shaded.org.apache.hc.client5.http.wire - http-outgoing-2 >> "User-Agent: Apache-HttpClient/5.0.3 (Java/17.0.2)[\r][\n]"
01:14:53.181 [Test worker] DEBUG com.github.dockerjava.zerodep.shaded.org.apache.hc.client5.http.wire - http-outgoing-2 >> "[\r][\n]"
01:14:53.183 [Test worker] DEBUG com.github.dockerjava.zerodep.shaded.org.apache.hc.client5.http.wire - http-outgoing-2 << "HTTP/1.1 200 OK[\r][\n]"
01:14:53.183 [Test worker] DEBUG com.github.dockerjava.zerodep.shaded.org.apache.hc.client5.http.wire - http-outgoing-2 << "Api-Version: 1.41[\r][\n]"
01:14:53.183 [Test worker] DEBUG com.github.dockerjava.zerodep.shaded.org.apache.hc.client5.http.wire - http-outgoing-2 << "Content-Type: application/json[\r][\n]"
01:14:53.183 [Test worker] DEBUG com.github.dockerjava.zerodep.shaded.org.apache.hc.client5.http.wire - http-outgoing-2 << "Date: Tue, 28 Mar 2023 04:14:53 GMT[\r][\n]"
01:14:53.183 [Test worker] DEBUG com.github.dockerjava.zerodep.shaded.org.apache.hc.client5.http.wire - http-outgoing-2 << "Docker-Experimental: false[\r][\n]"
01:14:53.183 [Test worker] DEBUG com.github.dockerjava.zerodep.shaded.org.apache.hc.client5.http.wire - http-outgoing-2 << "Ostype: linux[\r][\n]"
01:14:53.183 [Test worker] DEBUG com.github.dockerjava.zerodep.shaded.org.apache.hc.client5.http.wire - http-outgoing-2 << "Server: Docker/20.10.21 (linux)[\r][\n]"
01:14:53.183 [Test worker] DEBUG com.github.dockerjava.zerodep.shaded.org.apache.hc.client5.http.wire - http-outgoing-2 << "Transfer-Encoding: chunked[\r][\n]"
01:14:53.183 [Test worker] DEBUG com.github.dockerjava.zerodep.shaded.org.apache.hc.client5.http.wire - http-outgoing-2 << "[\r][\n]"
01:14:53.183 [Test worker] DEBUG com.github.dockerjava.zerodep.shaded.org.apache.hc.client5.http.headers - http-outgoing-2 << HTTP/1.1 200 OK
01:14:53.183 [Test worker] DEBUG com.github.dockerjava.zerodep.shaded.org.apache.hc.client5.http.headers - http-outgoing-2 << Api-Version: 1.41
01:14:53.183 [Test worker] DEBUG com.github.dockerjava.zerodep.shaded.org.apache.hc.client5.http.headers - http-outgoing-2 << Content-Type: application/json
01:14:53.183 [Test worker] DEBUG com.github.dockerjava.zerodep.shaded.org.apache.hc.client5.http.headers - http-outgoing-2 << Date: Tue, 28 Mar 2023 04:14:53 GMT
01:14:53.183 [Test worker] DEBUG com.github.dockerjava.zerodep.shaded.org.apache.hc.client5.http.headers - http-outgoing-2 << Docker-Experimental: false
01:14:53.183 [Test worker] DEBUG com.github.dockerjava.zerodep.shaded.org.apache.hc.client5.http.headers - http-outgoing-2 << Ostype: linux
01:14:53.183 [Test worker] DEBUG com.github.dockerjava.zerodep.shaded.org.apache.hc.client5.http.headers - http-outgoing-2 << Server: Docker/20.10.21 (linux)
01:14:53.183 [Test worker] DEBUG com.github.dockerjava.zerodep.shaded.org.apache.hc.client5.http.headers - http-outgoing-2 << Transfer-Encoding: chunked
01:14:53.183 [Test worker] DEBUG com.github.dockerjava.zerodep.shaded.org.apache.hc.client5.http.impl.classic.MainClientExec - ex-00000060: connection can be kept alive for 3 MINUTES
01:14:53.184 [Test worker] DEBUG com.github.dockerjava.zerodep.shaded.org.apache.hc.client5.http.wire - http-outgoing-2 << "18c1[\r][\n]"
01:14:53.185 [Test worker] DEBUG com.github.dockerjava.zerodep.shaded.org.apache.hc.client5.http.wire - http-outgoing-2 << "{"Id":"cd5ecdf38df06b4092e6cf67100cd20ad9c3cb4b6e9303874a7bd89885b140c9","Created":"2023-03-28T04:14:43.179040379Z","Path":"docker-entrypoint.sh","Args":["mysqld"],"State":{"Status":"running","Running":true,"Paused":false,"Restarting":false,"OOMKilled":false,"Dead":false,"Pid":20152,"ExitCode":0,"Error":"","StartedAt":"2023-03-28T04:14:43.680338005Z","FinishedAt":"0001-01-01T00:00:00Z"},"Image":"sha256:c7c54c29e20dccc1aefb936c8eba8bb8b98b87a4921102aba87fde2df5810af9","ResolvConfPath":"/var/lib/docker/containers/cd5ecdf38df06b4092e6cf67100cd20ad9c3cb4b6e9303874a7bd89885b140c9/resolv.conf","HostnamePath":"/var/lib/docker/containers/cd5ecdf38df06b4092e6cf67100cd20ad9c3cb4b6e9303874a7bd89885b140c9/hostname","HostsPath":"/var/lib/docker/containers/cd5ecdf38df06b4092e6cf67100cd20ad9c3cb4b6e9303874a7bd89885b140c9/hosts","LogPath":"/var/lib/docker/containers/cd5ecdf38df06b4092e6cf67100cd20ad9c3cb4b6e9303874a7bd89885b140c9/cd5ecdf38df06b4092e6cf67100cd20ad9c3cb4b6e9303874a7bd89885b140c9-json.log","Name":"/keen_matsumoto","RestartCount":0,"Driver":"overlay2","Platform":"linux","MountLabel":"","ProcessLabel":"","AppArmorProfile":"","ExecIDs":null,"HostConfig":{"Binds":[],"ContainerIDFile":"","LogConfig":{"Type":"json-file","Config":{}},"NetworkMode":"default","PortBindings":{"3306/tcp":[{"HostIp":"0.0.0.0","HostPort":"0"}]},"RestartPolicy":{"Name":"","MaximumRetryCount":0},"AutoRemove":false,"VolumeDriver":"","VolumesFrom":[],"CapAdd":null,"CapDrop":null,"CgroupnsMode":"private","Dns":null,"DnsOptions":null,"DnsSearch":null,"ExtraHosts":[],"GroupAdd":null,"IpcMode":"shareable","Cgroup":"","Links":null,"OomScoreAdj":0,"PidMode":"","Privileged":false,"PublishAllPorts":false,"ReadonlyRootfs":false,"SecurityOpt":null,"UTSMode":"","UsernsMode":"","ShmSize":67108864,"Runtime":"runc","ConsoleSize":[0,0],"Isolation":"","CpuShares":0,"Memory":0,"NanoCpus":0,"CgroupParent":"","BlkioWeight":0,"BlkioWeightDevice":null,"BlkioDeviceReadBps":null,"BlkioDeviceWriteBps":null,"BlkioDeviceReadIOps":null,"BlkioDeviceWriteIOps":null,"CpuPeriod":0,"CpuQuota":0,"CpuRealtimePeriod":0,"CpuRealtimeRuntime":0,"CpusetCpus":"","CpusetMems":"","Devices":null,"DeviceCgroupRules":null,"DeviceRequests":null,"KernelMemory":0,"KernelMemoryTCP":0,"MemoryReservation":0,"MemorySwap":0,"MemorySwappiness":null,"OomKillDisable":null,"PidsLimit":null,"Ulimits":null,"CpuCount":0,"CpuPercent":0,"IOMaximumIOps":0,"IOMaximumBandwidth":0,"MaskedPaths":["/proc/asound","/proc/acpi","/proc/kcore","/proc/keys","/proc/latency_stats","/proc/timer_list","/proc/timer_stats","/proc/sched_debug","/proc/scsi","/sys/firmware"],"ReadonlyPaths":["/proc/bus","/proc/fs","/proc/irq","/proc/sys","/proc/sysrq-trigger"]},"GraphDriver":{"Data":{"LowerDir":"/var/lib/docker/overlay2/830e690ec83ecff869b59e4f673c0c63b2bc5c068e9f710933e6f61763699fd2-init/diff:/var/lib/docker/overlay2/1bd8849d7a296305617011f940aa5cfabbe972a513397b1b6bbc27639b6c1f30/diff:/var/lib/docker/overlay2/199d69b2fbf78af4d4c95dec4fd2f8835ab0347eb49fb20ebb2ff3b99fedd6ad/diff:/var/lib/docker/overlay2/d83c38d654989311f75b9491329846033bfb7714de76ef635380dcfad5c740d9/diff:/var/lib/docker/overlay2/08600d0aea2ab2728bebcf5d2589c640a842f53d1ba3c4a4adccb4d03b923cf6/diff:/var/lib/docker/overlay2/9ec7c63a3fb14d13ac788bbf5e282ca821edc41260b79944e5e631037d13ecda/diff:/var/lib/docker/overlay2/db601d7a1b4ea6da638db620462f0da96fa55c559d02269c9ddb09027936ed87/diff:/var/lib/docker/overlay2/a6d2bd03f942e2565f21e74cfe152c7ec836a1c2b583f0790c685b92bdcfda24/diff:/var/lib/docker/overlay2/9badd16ea2c5e2bf1fde8b579683e41137dfc46ed5449234149f199a6751cc84/diff:/var/lib/docker/overlay2/6efb85646ed12e2d1181ef4cc6f6f6732c00c15a4035fe17ebc4f075ca573c30/diff:/var/lib/docker/overlay2/895d7c0ec09144d6ed33936f4e98e11c18010f7abd708cae1ce43aec7a7f2621/diff:/var/lib/docker/overlay2/1c4ba77aa573ab6e5e5069fd15eae71b3da940bde0f97a922a227ffc8a1d1096/diff","MergedDir":"/var/lib/docker/overlay2/830e690ec83ecff869b59e4f673c0c63b2bc5c068e9f710933e6f61763699fd2/merged","UpperDir":"/var/lib/docker/overlay2/830e690ec83ecff869b59e4f673c0c63b2bc5c068e9f710933e6f61763699fd2/diff","WorkDir":"/var/lib/docker/overlay2/830e690ec83ecff869b59e4f673c0c63b2bc5c068e9f710933e6f61763699fd2/work"},"Name":"overlay2"},"Mounts":[{"Type":"volume","Name":"25868b8cea8ad6eba7f00a6fe83e8848def5cff8aab5c5943024031400fa063d","Source":"/var/lib/docker/volumes/25868b8cea8ad6eba7f00a6fe83e8848def5cff8aab5c5943024031400fa063d/_data","Destination":"/var/lib/mysql","Driver":"local","Mode":"","RW":true,"Propagation":""}],"Config":{"Hostname":"cd5ecdf38df0","Domainname":"","User":"","AttachStdin":false,"AttachStdout":false,"AttachStderr":false,"ExposedPorts":{"3306/tcp":{},"33060/tcp":{}},"Tty":false,"OpenStdin":false,"StdinOnce":false,"Env":["MYSQL_DATABASE=adm_videos","MYSQL_PASSWORD=123456","MYSQL_ROOT_PASSWORD=123456","PATH=/usr/local/sbin:/usr/local/bin:/usr/sbin:/usr/bin:/sbin:/bin","GOSU_VERSION=1.16","MYSQL_MAJOR=8.0","MYSQL_VERSION=8.0.32-1.el8","MYSQL_SHELL_VERSION=8.0.32-1.el8"],"Cmd":["mysqld"],"Image":"mysql:latest","Volumes":{"/var/lib/mysql":{}},"WorkingDir":"","Entrypoint":["docker-entrypoint.sh"],"OnBuild":null,"Labels":{"org.testcontainers":"true","org.testcontainers.lang":"java","org.testcontainers.sessionId":"71b9672a-6f61-4546-a7b6-d603100b2e56","org.testcontainers.version":"1.17.6"}},"NetworkSettings":{"Bridge":"","SandboxID":"56762d63452c709eadac6b5c5f4b6cdd30da833580c632f91fd658806eaf4ddb","HairpinMode":false,"LinkLocalIPv6Address":"","LinkLocalIPv6PrefixLen":0,"Ports":{"3306/tcp":[{"HostIp":"0.0.0.0","HostPort":"63819"}],"33060/tcp":null},"SandboxKey":"/var/run/docker/netns/56762d63452c","SecondaryIPAddresses":null,"SecondaryIPv6Addresses":null,"EndpointID":"92fc2600684327987bceb8e2716a72ba2420fccd56812c1491af8c03946e105c","Gateway":"172.17.0.1","GlobalIPv6Address":"","GlobalIPv6PrefixLen":0,"IPAddress":"172.17.0.3","IPPrefixLen":16,"IPv6Gateway":"","MacAddress":"02:42:ac:11:00:03","Networks":{"bridge":{"IPAMConfig":null,"Links":null,"Aliases":null,"NetworkID":"308e234c143065751b16b4500cb9f48d5c7fc2116504b3d816a5e51cd4771062","EndpointID":"92fc2600684327987bceb8e2716a72ba2420fccd56812c1491af8c03946e105c","Gateway":"172.17.0.1","IPAddress":"172.17.0.3","IPPrefixLen":16,"IPv6Gateway":"","GlobalIPv6Address":"","GlobalIPv6PrefixLen":0,"MacAddress":"02:42:ac:11:00:03","DriverOpts":null}}}}[\n]"
01:14:53.185 [Test worker] DEBUG com.github.dockerjava.zerodep.shaded.org.apache.hc.client5.http.wire - http-outgoing-2 << "[\r][\n]"
01:14:53.185 [Test worker] DEBUG com.github.dockerjava.zerodep.shaded.org.apache.hc.client5.http.wire - http-outgoing-2 << "0[\r][\n]"
01:14:53.185 [Test worker] DEBUG com.github.dockerjava.zerodep.shaded.org.apache.hc.client5.http.wire - http-outgoing-2 << "[\r][\n]"
01:14:53.185 [Test worker] DEBUG com.github.dockerjava.zerodep.shaded.org.apache.hc.client5.http.impl.classic.InternalHttpClient - ep-0000005F: releasing valid endpoint
01:14:53.185 [Test worker] DEBUG com.github.dockerjava.zerodep.shaded.org.apache.hc.client5.http.impl.io.PoolingHttpClientConnectionManager - ep-0000005F: releasing endpoint
01:14:53.185 [Test worker] DEBUG com.github.dockerjava.zerodep.shaded.org.apache.hc.client5.http.impl.io.PoolingHttpClientConnectionManager - ep-0000005F: connection http-outgoing-2 can be kept alive for 3 MINUTES
01:14:53.185 [Test worker] DEBUG com.github.dockerjava.zerodep.shaded.org.apache.hc.client5.http.impl.io.PoolingHttpClientConnectionManager - ep-0000005F: connection released [route: {}->unix://localhost:2375][total available: 1; route allocated: 1 of 2147483647; total allocated: 1 of 2147483647]
01:14:53.185 [Test worker] DEBUG ]]>&#x1f433;<![CDATA[ [mysql:latest] - Trying to create JDBC connection using com.mysql.cj.jdbc.Driver to jdbc:mysql://localhost:63819/adm_videos?useSSL=false&allowPublicKeyRetrieval=true with properties: {password=123456, user=root}
01:14:53.292 [Test worker] DEBUG org.testcontainers.shaded.com.github.dockerjava.core.command.AbstrDockerCmd - Cmd: cd5ecdf38df06b4092e6cf67100cd20ad9c3cb4b6e9303874a7bd89885b140c9,false
01:14:53.292 [Test worker] DEBUG org.testcontainers.shaded.com.github.dockerjava.core.exec.InspectContainerCmdExec - GET: DefaultWebTarget{path=[/containers/cd5ecdf38df06b4092e6cf67100cd20ad9c3cb4b6e9303874a7bd89885b140c9/json], queryParams={}}
01:14:53.293 [Test worker] DEBUG com.github.dockerjava.zerodep.shaded.org.apache.hc.client5.http.impl.classic.InternalHttpClient - ex-00000061: preparing request execution
01:14:53.293 [Test worker] DEBUG com.github.dockerjava.zerodep.shaded.org.apache.hc.client5.http.protocol.RequestAddCookies - Cookie spec selected: strict
01:14:53.293 [Test worker] DEBUG com.github.dockerjava.zerodep.shaded.org.apache.hc.client5.http.protocol.RequestAuthCache - Auth cache not set in the context
01:14:53.293 [Test worker] DEBUG com.github.dockerjava.zerodep.shaded.org.apache.hc.client5.http.impl.classic.ProtocolExec - ex-00000061: target auth state: UNCHALLENGED
01:14:53.293 [Test worker] DEBUG com.github.dockerjava.zerodep.shaded.org.apache.hc.client5.http.impl.classic.ProtocolExec - ex-00000061: proxy auth state: UNCHALLENGED
01:14:53.293 [Test worker] DEBUG com.github.dockerjava.zerodep.shaded.org.apache.hc.client5.http.impl.classic.ConnectExec - ex-00000061: acquiring connection with route {}->unix://localhost:2375
01:14:53.293 [Test worker] DEBUG com.github.dockerjava.zerodep.shaded.org.apache.hc.client5.http.impl.classic.InternalHttpClient - ex-00000061: acquiring endpoint (3 MINUTES)
01:14:53.293 [Test worker] DEBUG com.github.dockerjava.zerodep.shaded.org.apache.hc.client5.http.impl.io.PoolingHttpClientConnectionManager - ex-00000061: endpoint lease request (3 MINUTES) [route: {}->unix://localhost:2375][total available: 1; route allocated: 1 of 2147483647; total allocated: 1 of 2147483647]
01:14:53.293 [Test worker] DEBUG com.github.dockerjava.zerodep.shaded.org.apache.hc.client5.http.impl.io.PoolingHttpClientConnectionManager - ex-00000061: endpoint leased [route: {}->unix://localhost:2375][total available: 0; route allocated: 1 of 2147483647; total allocated: 1 of 2147483647]
01:14:53.293 [Test worker] DEBUG com.github.dockerjava.zerodep.shaded.org.apache.hc.client5.http.impl.io.PoolingHttpClientConnectionManager - ex-00000061: acquired ep-00000060
01:14:53.293 [Test worker] DEBUG com.github.dockerjava.zerodep.shaded.org.apache.hc.client5.http.impl.classic.InternalHttpClient - ex-00000061: acquired endpoint ep-00000060
01:14:53.293 [Test worker] DEBUG com.github.dockerjava.zerodep.shaded.org.apache.hc.client5.http.impl.classic.MainClientExec - ex-00000061: executing GET /v1.32/containers/cd5ecdf38df06b4092e6cf67100cd20ad9c3cb4b6e9303874a7bd89885b140c9/json HTTP/1.1
01:14:53.293 [Test worker] DEBUG com.github.dockerjava.zerodep.shaded.org.apache.hc.client5.http.impl.classic.InternalHttpClient - ep-00000060: start execution ex-00000061
01:14:53.293 [Test worker] DEBUG com.github.dockerjava.zerodep.shaded.org.apache.hc.client5.http.impl.io.PoolingHttpClientConnectionManager - ep-00000060: executing exchange ex-00000061 over http-outgoing-2
01:14:53.294 [Test worker] DEBUG com.github.dockerjava.zerodep.shaded.org.apache.hc.client5.http.headers - http-outgoing-2 >> GET /v1.32/containers/cd5ecdf38df06b4092e6cf67100cd20ad9c3cb4b6e9303874a7bd89885b140c9/json HTTP/1.1
01:14:53.294 [Test worker] DEBUG com.github.dockerjava.zerodep.shaded.org.apache.hc.client5.http.headers - http-outgoing-2 >> accept: application/json
01:14:53.294 [Test worker] DEBUG com.github.dockerjava.zerodep.shaded.org.apache.hc.client5.http.headers - http-outgoing-2 >> x-tc-sid: 71b9672a-6f61-4546-a7b6-d603100b2e56
01:14:53.294 [Test worker] DEBUG com.github.dockerjava.zerodep.shaded.org.apache.hc.client5.http.headers - http-outgoing-2 >> Accept-Encoding: gzip, x-gzip, deflate
01:14:53.294 [Test worker] DEBUG com.github.dockerjava.zerodep.shaded.org.apache.hc.client5.http.headers - http-outgoing-2 >> Host: localhost:2375
01:14:53.294 [Test worker] DEBUG com.github.dockerjava.zerodep.shaded.org.apache.hc.client5.http.headers - http-outgoing-2 >> Connection: keep-alive
01:14:53.294 [Test worker] DEBUG com.github.dockerjava.zerodep.shaded.org.apache.hc.client5.http.headers - http-outgoing-2 >> User-Agent: Apache-HttpClient/5.0.3 (Java/17.0.2)
01:14:53.294 [Test worker] DEBUG com.github.dockerjava.zerodep.shaded.org.apache.hc.client5.http.wire - http-outgoing-2 >> "GET /v1.32/containers/cd5ecdf38df06b4092e6cf67100cd20ad9c3cb4b6e9303874a7bd89885b140c9/json HTTP/1.1[\r][\n]"
01:14:53.294 [Test worker] DEBUG com.github.dockerjava.zerodep.shaded.org.apache.hc.client5.http.wire - http-outgoing-2 >> "accept: application/json[\r][\n]"
01:14:53.294 [Test worker] DEBUG com.github.dockerjava.zerodep.shaded.org.apache.hc.client5.http.wire - http-outgoing-2 >> "x-tc-sid: 71b9672a-6f61-4546-a7b6-d603100b2e56[\r][\n]"
01:14:53.294 [Test worker] DEBUG com.github.dockerjava.zerodep.shaded.org.apache.hc.client5.http.wire - http-outgoing-2 >> "Accept-Encoding: gzip, x-gzip, deflate[\r][\n]"
01:14:53.294 [Test worker] DEBUG com.github.dockerjava.zerodep.shaded.org.apache.hc.client5.http.wire - http-outgoing-2 >> "Host: localhost:2375[\r][\n]"
01:14:53.294 [Test worker] DEBUG com.github.dockerjava.zerodep.shaded.org.apache.hc.client5.http.wire - http-outgoing-2 >> "Connection: keep-alive[\r][\n]"
01:14:53.294 [Test worker] DEBUG com.github.dockerjava.zerodep.shaded.org.apache.hc.client5.http.wire - http-outgoing-2 >> "User-Agent: Apache-HttpClient/5.0.3 (Java/17.0.2)[\r][\n]"
01:14:53.294 [Test worker] DEBUG com.github.dockerjava.zerodep.shaded.org.apache.hc.client5.http.wire - http-outgoing-2 >> "[\r][\n]"
01:14:53.296 [Test worker] DEBUG com.github.dockerjava.zerodep.shaded.org.apache.hc.client5.http.wire - http-outgoing-2 << "HTTP/1.1 200 OK[\r][\n]"
01:14:53.296 [Test worker] DEBUG com.github.dockerjava.zerodep.shaded.org.apache.hc.client5.http.wire - http-outgoing-2 << "Api-Version: 1.41[\r][\n]"
01:14:53.296 [Test worker] DEBUG com.github.dockerjava.zerodep.shaded.org.apache.hc.client5.http.wire - http-outgoing-2 << "Content-Type: application/json[\r][\n]"
01:14:53.296 [Test worker] DEBUG com.github.dockerjava.zerodep.shaded.org.apache.hc.client5.http.wire - http-outgoing-2 << "Date: Tue, 28 Mar 2023 04:14:53 GMT[\r][\n]"
01:14:53.296 [Test worker] DEBUG com.github.dockerjava.zerodep.shaded.org.apache.hc.client5.http.wire - http-outgoing-2 << "Docker-Experimental: false[\r][\n]"
01:14:53.296 [Test worker] DEBUG com.github.dockerjava.zerodep.shaded.org.apache.hc.client5.http.wire - http-outgoing-2 << "Ostype: linux[\r][\n]"
01:14:53.296 [Test worker] DEBUG com.github.dockerjava.zerodep.shaded.org.apache.hc.client5.http.wire - http-outgoing-2 << "Server: Docker/20.10.21 (linux)[\r][\n]"
01:14:53.296 [Test worker] DEBUG com.github.dockerjava.zerodep.shaded.org.apache.hc.client5.http.wire - http-outgoing-2 << "Transfer-Encoding: chunked[\r][\n]"
01:14:53.296 [Test worker] DEBUG com.github.dockerjava.zerodep.shaded.org.apache.hc.client5.http.wire - http-outgoing-2 << "[\r][\n]"
01:14:53.296 [Test worker] DEBUG com.github.dockerjava.zerodep.shaded.org.apache.hc.client5.http.headers - http-outgoing-2 << HTTP/1.1 200 OK
01:14:53.296 [Test worker] DEBUG com.github.dockerjava.zerodep.shaded.org.apache.hc.client5.http.headers - http-outgoing-2 << Api-Version: 1.41
01:14:53.296 [Test worker] DEBUG com.github.dockerjava.zerodep.shaded.org.apache.hc.client5.http.headers - http-outgoing-2 << Content-Type: application/json
01:14:53.296 [Test worker] DEBUG com.github.dockerjava.zerodep.shaded.org.apache.hc.client5.http.headers - http-outgoing-2 << Date: Tue, 28 Mar 2023 04:14:53 GMT
01:14:53.296 [Test worker] DEBUG com.github.dockerjava.zerodep.shaded.org.apache.hc.client5.http.headers - http-outgoing-2 << Docker-Experimental: false
01:14:53.296 [Test worker] DEBUG com.github.dockerjava.zerodep.shaded.org.apache.hc.client5.http.headers - http-outgoing-2 << Ostype: linux
01:14:53.296 [Test worker] DEBUG com.github.dockerjava.zerodep.shaded.org.apache.hc.client5.http.headers - http-outgoing-2 << Server: Docker/20.10.21 (linux)
01:14:53.296 [Test worker] DEBUG com.github.dockerjava.zerodep.shaded.org.apache.hc.client5.http.headers - http-outgoing-2 << Transfer-Encoding: chunked
01:14:53.296 [Test worker] DEBUG com.github.dockerjava.zerodep.shaded.org.apache.hc.client5.http.impl.classic.MainClientExec - ex-00000061: connection can be kept alive for 3 MINUTES
01:14:53.297 [Test worker] DEBUG com.github.dockerjava.zerodep.shaded.org.apache.hc.client5.http.wire - http-outgoing-2 << "18c1[\r][\n]"
01:14:53.297 [Test worker] DEBUG com.github.dockerjava.zerodep.shaded.org.apache.hc.client5.http.wire - http-outgoing-2 << "{"Id":"cd5ecdf38df06b4092e6cf67100cd20ad9c3cb4b6e9303874a7bd89885b140c9","Created":"2023-03-28T04:14:43.179040379Z","Path":"docker-entrypoint.sh","Args":["mysqld"],"State":{"Status":"running","Running":true,"Paused":false,"Restarting":false,"OOMKilled":false,"Dead":false,"Pid":20152,"ExitCode":0,"Error":"","StartedAt":"2023-03-28T04:14:43.680338005Z","FinishedAt":"0001-01-01T00:00:00Z"},"Image":"sha256:c7c54c29e20dccc1aefb936c8eba8bb8b98b87a4921102aba87fde2df5810af9","ResolvConfPath":"/var/lib/docker/containers/cd5ecdf38df06b4092e6cf67100cd20ad9c3cb4b6e9303874a7bd89885b140c9/resolv.conf","HostnamePath":"/var/lib/docker/containers/cd5ecdf38df06b4092e6cf67100cd20ad9c3cb4b6e9303874a7bd89885b140c9/hostname","HostsPath":"/var/lib/docker/containers/cd5ecdf38df06b4092e6cf67100cd20ad9c3cb4b6e9303874a7bd89885b140c9/hosts","LogPath":"/var/lib/docker/containers/cd5ecdf38df06b4092e6cf67100cd20ad9c3cb4b6e9303874a7bd89885b140c9/cd5ecdf38df06b4092e6cf67100cd20ad9c3cb4b6e9303874a7bd89885b140c9-json.log","Name":"/keen_matsumoto","RestartCount":0,"Driver":"overlay2","Platform":"linux","MountLabel":"","ProcessLabel":"","AppArmorProfile":"","ExecIDs":null,"HostConfig":{"Binds":[],"ContainerIDFile":"","LogConfig":{"Type":"json-file","Config":{}},"NetworkMode":"default","PortBindings":{"3306/tcp":[{"HostIp":"0.0.0.0","HostPort":"0"}]},"RestartPolicy":{"Name":"","MaximumRetryCount":0},"AutoRemove":false,"VolumeDriver":"","VolumesFrom":[],"CapAdd":null,"CapDrop":null,"CgroupnsMode":"private","Dns":null,"DnsOptions":null,"DnsSearch":null,"ExtraHosts":[],"GroupAdd":null,"IpcMode":"shareable","Cgroup":"","Links":null,"OomScoreAdj":0,"PidMode":"","Privileged":false,"PublishAllPorts":false,"ReadonlyRootfs":false,"SecurityOpt":null,"UTSMode":"","UsernsMode":"","ShmSize":67108864,"Runtime":"runc","ConsoleSize":[0,0],"Isolation":"","CpuShares":0,"Memory":0,"NanoCpus":0,"CgroupParent":"","BlkioWeight":0,"BlkioWeightDevice":null,"BlkioDeviceReadBps":null,"BlkioDeviceWriteBps":null,"BlkioDeviceReadIOps":null,"BlkioDeviceWriteIOps":null,"CpuPeriod":0,"CpuQuota":0,"CpuRealtimePeriod":0,"CpuRealtimeRuntime":0,"CpusetCpus":"","CpusetMems":"","Devices":null,"DeviceCgroupRules":null,"DeviceRequests":null,"KernelMemory":0,"KernelMemoryTCP":0,"MemoryReservation":0,"MemorySwap":0,"MemorySwappiness":null,"OomKillDisable":null,"PidsLimit":null,"Ulimits":null,"CpuCount":0,"CpuPercent":0,"IOMaximumIOps":0,"IOMaximumBandwidth":0,"MaskedPaths":["/proc/asound","/proc/acpi","/proc/kcore","/proc/keys","/proc/latency_stats","/proc/timer_list","/proc/timer_stats","/proc/sched_debug","/proc/scsi","/sys/firmware"],"ReadonlyPaths":["/proc/bus","/proc/fs","/proc/irq","/proc/sys","/proc/sysrq-trigger"]},"GraphDriver":{"Data":{"LowerDir":"/var/lib/docker/overlay2/830e690ec83ecff869b59e4f673c0c63b2bc5c068e9f710933e6f61763699fd2-init/diff:/var/lib/docker/overlay2/1bd8849d7a296305617011f940aa5cfabbe972a513397b1b6bbc27639b6c1f30/diff:/var/lib/docker/overlay2/199d69b2fbf78af4d4c95dec4fd2f8835ab0347eb49fb20ebb2ff3b99fedd6ad/diff:/var/lib/docker/overlay2/d83c38d654989311f75b9491329846033bfb7714de76ef635380dcfad5c740d9/diff:/var/lib/docker/overlay2/08600d0aea2ab2728bebcf5d2589c640a842f53d1ba3c4a4adccb4d03b923cf6/diff:/var/lib/docker/overlay2/9ec7c63a3fb14d13ac788bbf5e282ca821edc41260b79944e5e631037d13ecda/diff:/var/lib/docker/overlay2/db601d7a1b4ea6da638db620462f0da96fa55c559d02269c9ddb09027936ed87/diff:/var/lib/docker/overlay2/a6d2bd03f942e2565f21e74cfe152c7ec836a1c2b583f0790c685b92bdcfda24/diff:/var/lib/docker/overlay2/9badd16ea2c5e2bf1fde8b579683e41137dfc46ed5449234149f199a6751cc84/diff:/var/lib/docker/overlay2/6efb85646ed12e2d1181ef4cc6f6f6732c00c15a4035fe17ebc4f075ca573c30/diff:/var/lib/docker/overlay2/895d7c0ec09144d6ed33936f4e98e11c18010f7abd708cae1ce43aec7a7f2621/diff:/var/lib/docker/overlay2/1c4ba77aa573ab6e5e5069fd15eae71b3da940bde0f97a922a227ffc8a1d1096/diff","MergedDir":"/var/lib/docker/overlay2/830e690ec83ecff869b59e4f673c0c63b2bc5c068e9f710933e6f61763699fd2/merged","UpperDir":"/var/lib/docker/overlay2/830e690ec83ecff869b59e4f673c0c63b2bc5c068e9f710933e6f61763699fd2/diff","WorkDir":"/var/lib/docker/overlay2/830e690ec83ecff869b59e4f673c0c63b2bc5c068e9f710933e6f61763699fd2/work"},"Name":"overlay2"},"Mounts":[{"Type":"volume","Name":"25868b8cea8ad6eba7f00a6fe83e8848def5cff8aab5c5943024031400fa063d","Source":"/var/lib/docker/volumes/25868b8cea8ad6eba7f00a6fe83e8848def5cff8aab5c5943024031400fa063d/_data","Destination":"/var/lib/mysql","Driver":"local","Mode":"","RW":true,"Propagation":""}],"Config":{"Hostname":"cd5ecdf38df0","Domainname":"","User":"","AttachStdin":false,"AttachStdout":false,"AttachStderr":false,"ExposedPorts":{"3306/tcp":{},"33060/tcp":{}},"Tty":false,"OpenStdin":false,"StdinOnce":false,"Env":["MYSQL_DATABASE=adm_videos","MYSQL_PASSWORD=123456","MYSQL_ROOT_PASSWORD=123456","PATH=/usr/local/sbin:/usr/local/bin:/usr/sbin:/usr/bin:/sbin:/bin","GOSU_VERSION=1.16","MYSQL_MAJOR=8.0","MYSQL_VERSION=8.0.32-1.el8","MYSQL_SHELL_VERSION=8.0.32-1.el8"],"Cmd":["mysqld"],"Image":"mysql:latest","Volumes":{"/var/lib/mysql":{}},"WorkingDir":"","Entrypoint":["docker-entrypoint.sh"],"OnBuild":null,"Labels":{"org.testcontainers":"true","org.testcontainers.lang":"java","org.testcontainers.sessionId":"71b9672a-6f61-4546-a7b6-d603100b2e56","org.testcontainers.version":"1.17.6"}},"NetworkSettings":{"Bridge":"","SandboxID":"56762d63452c709eadac6b5c5f4b6cdd30da833580c632f91fd658806eaf4ddb","HairpinMode":false,"LinkLocalIPv6Address":"","LinkLocalIPv6PrefixLen":0,"Ports":{"3306/tcp":[{"HostIp":"0.0.0.0","HostPort":"63819"}],"33060/tcp":null},"SandboxKey":"/var/run/docker/netns/56762d63452c","SecondaryIPAddresses":null,"SecondaryIPv6Addresses":null,"EndpointID":"92fc2600684327987bceb8e2716a72ba2420fccd56812c1491af8c03946e105c","Gateway":"172.17.0.1","GlobalIPv6Address":"","GlobalIPv6PrefixLen":0,"IPAddress":"172.17.0.3","IPPrefixLen":16,"IPv6Gateway":"","MacAddress":"02:42:ac:11:00:03","Networks":{"bridge":{"IPAMConfig":null,"Links":null,"Aliases":null,"NetworkID":"308e234c143065751b16b4500cb9f48d5c7fc2116504b3d816a5e51cd4771062","EndpointID":"92fc2600684327987bceb8e2716a72ba2420fccd56812c1491af8c03946e105c","Gateway":"172.17.0.1","IPAddress":"172.17.0.3","IPPrefixLen":16,"IPv6Gateway":"","GlobalIPv6Address":"","GlobalIPv6PrefixLen":0,"MacAddress":"02:42:ac:11:00:03","DriverOpts":null}}}}[\n]"
01:14:53.297 [Test worker] DEBUG com.github.dockerjava.zerodep.shaded.org.apache.hc.client5.http.wire - http-outgoing-2 << "[\r][\n]"
01:14:53.298 [Test worker] DEBUG com.github.dockerjava.zerodep.shaded.org.apache.hc.client5.http.wire - http-outgoing-2 << "0[\r][\n]"
01:14:53.298 [Test worker] DEBUG com.github.dockerjava.zerodep.shaded.org.apache.hc.client5.http.wire - http-outgoing-2 << "[\r][\n]"
01:14:53.298 [Test worker] DEBUG com.github.dockerjava.zerodep.shaded.org.apache.hc.client5.http.impl.classic.InternalHttpClient - ep-00000060: releasing valid endpoint
01:14:53.298 [Test worker] DEBUG com.github.dockerjava.zerodep.shaded.org.apache.hc.client5.http.impl.io.PoolingHttpClientConnectionManager - ep-00000060: releasing endpoint
01:14:53.298 [Test worker] DEBUG com.github.dockerjava.zerodep.shaded.org.apache.hc.client5.http.impl.io.PoolingHttpClientConnectionManager - ep-00000060: connection http-outgoing-2 can be kept alive for 3 MINUTES
01:14:53.298 [Test worker] DEBUG com.github.dockerjava.zerodep.shaded.org.apache.hc.client5.http.impl.io.PoolingHttpClientConnectionManager - ep-00000060: connection released [route: {}->unix://localhost:2375][total available: 1; route allocated: 1 of 2147483647; total allocated: 1 of 2147483647]
01:14:53.298 [Test worker] DEBUG ]]>&#x1f433;<![CDATA[ [mysql:latest] - Trying to create JDBC connection using com.mysql.cj.jdbc.Driver to jdbc:mysql://localhost:63819/adm_videos?useSSL=false&allowPublicKeyRetrieval=true with properties: {password=123456, user=root}
01:14:53.406 [Test worker] DEBUG org.testcontainers.shaded.com.github.dockerjava.core.command.AbstrDockerCmd - Cmd: cd5ecdf38df06b4092e6cf67100cd20ad9c3cb4b6e9303874a7bd89885b140c9,false
01:14:53.406 [Test worker] DEBUG org.testcontainers.shaded.com.github.dockerjava.core.exec.InspectContainerCmdExec - GET: DefaultWebTarget{path=[/containers/cd5ecdf38df06b4092e6cf67100cd20ad9c3cb4b6e9303874a7bd89885b140c9/json], queryParams={}}
01:14:53.407 [Test worker] DEBUG com.github.dockerjava.zerodep.shaded.org.apache.hc.client5.http.impl.classic.InternalHttpClient - ex-00000062: preparing request execution
01:14:53.407 [Test worker] DEBUG com.github.dockerjava.zerodep.shaded.org.apache.hc.client5.http.protocol.RequestAddCookies - Cookie spec selected: strict
01:14:53.407 [Test worker] DEBUG com.github.dockerjava.zerodep.shaded.org.apache.hc.client5.http.protocol.RequestAuthCache - Auth cache not set in the context
01:14:53.407 [Test worker] DEBUG com.github.dockerjava.zerodep.shaded.org.apache.hc.client5.http.impl.classic.ProtocolExec - ex-00000062: target auth state: UNCHALLENGED
01:14:53.407 [Test worker] DEBUG com.github.dockerjava.zerodep.shaded.org.apache.hc.client5.http.impl.classic.ProtocolExec - ex-00000062: proxy auth state: UNCHALLENGED
01:14:53.407 [Test worker] DEBUG com.github.dockerjava.zerodep.shaded.org.apache.hc.client5.http.impl.classic.ConnectExec - ex-00000062: acquiring connection with route {}->unix://localhost:2375
01:14:53.407 [Test worker] DEBUG com.github.dockerjava.zerodep.shaded.org.apache.hc.client5.http.impl.classic.InternalHttpClient - ex-00000062: acquiring endpoint (3 MINUTES)
01:14:53.407 [Test worker] DEBUG com.github.dockerjava.zerodep.shaded.org.apache.hc.client5.http.impl.io.PoolingHttpClientConnectionManager - ex-00000062: endpoint lease request (3 MINUTES) [route: {}->unix://localhost:2375][total available: 1; route allocated: 1 of 2147483647; total allocated: 1 of 2147483647]
01:14:53.407 [Test worker] DEBUG com.github.dockerjava.zerodep.shaded.org.apache.hc.client5.http.impl.io.PoolingHttpClientConnectionManager - ex-00000062: endpoint leased [route: {}->unix://localhost:2375][total available: 0; route allocated: 1 of 2147483647; total allocated: 1 of 2147483647]
01:14:53.407 [Test worker] DEBUG com.github.dockerjava.zerodep.shaded.org.apache.hc.client5.http.impl.io.PoolingHttpClientConnectionManager - ex-00000062: acquired ep-00000061
01:14:53.407 [Test worker] DEBUG com.github.dockerjava.zerodep.shaded.org.apache.hc.client5.http.impl.classic.InternalHttpClient - ex-00000062: acquired endpoint ep-00000061
01:14:53.407 [Test worker] DEBUG com.github.dockerjava.zerodep.shaded.org.apache.hc.client5.http.impl.classic.MainClientExec - ex-00000062: executing GET /v1.32/containers/cd5ecdf38df06b4092e6cf67100cd20ad9c3cb4b6e9303874a7bd89885b140c9/json HTTP/1.1
01:14:53.407 [Test worker] DEBUG com.github.dockerjava.zerodep.shaded.org.apache.hc.client5.http.impl.classic.InternalHttpClient - ep-00000061: start execution ex-00000062
01:14:53.407 [Test worker] DEBUG com.github.dockerjava.zerodep.shaded.org.apache.hc.client5.http.impl.io.PoolingHttpClientConnectionManager - ep-00000061: executing exchange ex-00000062 over http-outgoing-2
01:14:53.408 [Test worker] DEBUG com.github.dockerjava.zerodep.shaded.org.apache.hc.client5.http.headers - http-outgoing-2 >> GET /v1.32/containers/cd5ecdf38df06b4092e6cf67100cd20ad9c3cb4b6e9303874a7bd89885b140c9/json HTTP/1.1
01:14:53.408 [Test worker] DEBUG com.github.dockerjava.zerodep.shaded.org.apache.hc.client5.http.headers - http-outgoing-2 >> accept: application/json
01:14:53.408 [Test worker] DEBUG com.github.dockerjava.zerodep.shaded.org.apache.hc.client5.http.headers - http-outgoing-2 >> x-tc-sid: 71b9672a-6f61-4546-a7b6-d603100b2e56
01:14:53.408 [Test worker] DEBUG com.github.dockerjava.zerodep.shaded.org.apache.hc.client5.http.headers - http-outgoing-2 >> Accept-Encoding: gzip, x-gzip, deflate
01:14:53.408 [Test worker] DEBUG com.github.dockerjava.zerodep.shaded.org.apache.hc.client5.http.headers - http-outgoing-2 >> Host: localhost:2375
01:14:53.408 [Test worker] DEBUG com.github.dockerjava.zerodep.shaded.org.apache.hc.client5.http.headers - http-outgoing-2 >> Connection: keep-alive
01:14:53.408 [Test worker] DEBUG com.github.dockerjava.zerodep.shaded.org.apache.hc.client5.http.headers - http-outgoing-2 >> User-Agent: Apache-HttpClient/5.0.3 (Java/17.0.2)
01:14:53.408 [Test worker] DEBUG com.github.dockerjava.zerodep.shaded.org.apache.hc.client5.http.wire - http-outgoing-2 >> "GET /v1.32/containers/cd5ecdf38df06b4092e6cf67100cd20ad9c3cb4b6e9303874a7bd89885b140c9/json HTTP/1.1[\r][\n]"
01:14:53.408 [Test worker] DEBUG com.github.dockerjava.zerodep.shaded.org.apache.hc.client5.http.wire - http-outgoing-2 >> "accept: application/json[\r][\n]"
01:14:53.408 [Test worker] DEBUG com.github.dockerjava.zerodep.shaded.org.apache.hc.client5.http.wire - http-outgoing-2 >> "x-tc-sid: 71b9672a-6f61-4546-a7b6-d603100b2e56[\r][\n]"
01:14:53.408 [Test worker] DEBUG com.github.dockerjava.zerodep.shaded.org.apache.hc.client5.http.wire - http-outgoing-2 >> "Accept-Encoding: gzip, x-gzip, deflate[\r][\n]"
01:14:53.408 [Test worker] DEBUG com.github.dockerjava.zerodep.shaded.org.apache.hc.client5.http.wire - http-outgoing-2 >> "Host: localhost:2375[\r][\n]"
01:14:53.408 [Test worker] DEBUG com.github.dockerjava.zerodep.shaded.org.apache.hc.client5.http.wire - http-outgoing-2 >> "Connection: keep-alive[\r][\n]"
01:14:53.408 [Test worker] DEBUG com.github.dockerjava.zerodep.shaded.org.apache.hc.client5.http.wire - http-outgoing-2 >> "User-Agent: Apache-HttpClient/5.0.3 (Java/17.0.2)[\r][\n]"
01:14:53.408 [Test worker] DEBUG com.github.dockerjava.zerodep.shaded.org.apache.hc.client5.http.wire - http-outgoing-2 >> "[\r][\n]"
01:14:53.412 [Test worker] DEBUG com.github.dockerjava.zerodep.shaded.org.apache.hc.client5.http.wire - http-outgoing-2 << "HTTP/1.1 200 OK[\r][\n]"
01:14:53.413 [Test worker] DEBUG com.github.dockerjava.zerodep.shaded.org.apache.hc.client5.http.wire - http-outgoing-2 << "Api-Version: 1.41[\r][\n]"
01:14:53.413 [Test worker] DEBUG com.github.dockerjava.zerodep.shaded.org.apache.hc.client5.http.wire - http-outgoing-2 << "Content-Type: application/json[\r][\n]"
01:14:53.413 [Test worker] DEBUG com.github.dockerjava.zerodep.shaded.org.apache.hc.client5.http.wire - http-outgoing-2 << "Date: Tue, 28 Mar 2023 04:14:53 GMT[\r][\n]"
01:14:53.413 [Test worker] DEBUG com.github.dockerjava.zerodep.shaded.org.apache.hc.client5.http.wire - http-outgoing-2 << "Docker-Experimental: false[\r][\n]"
01:14:53.413 [Test worker] DEBUG com.github.dockerjava.zerodep.shaded.org.apache.hc.client5.http.wire - http-outgoing-2 << "Ostype: linux[\r][\n]"
01:14:53.413 [Test worker] DEBUG com.github.dockerjava.zerodep.shaded.org.apache.hc.client5.http.wire - http-outgoing-2 << "Server: Docker/20.10.21 (linux)[\r][\n]"
01:14:53.413 [Test worker] DEBUG com.github.dockerjava.zerodep.shaded.org.apache.hc.client5.http.wire - http-outgoing-2 << "Transfer-Encoding: chunked[\r][\n]"
01:14:53.413 [Test worker] DEBUG com.github.dockerjava.zerodep.shaded.org.apache.hc.client5.http.wire - http-outgoing-2 << "[\r][\n]"
01:14:53.413 [Test worker] DEBUG com.github.dockerjava.zerodep.shaded.org.apache.hc.client5.http.headers - http-outgoing-2 << HTTP/1.1 200 OK
01:14:53.413 [Test worker] DEBUG com.github.dockerjava.zerodep.shaded.org.apache.hc.client5.http.headers - http-outgoing-2 << Api-Version: 1.41
01:14:53.413 [Test worker] DEBUG com.github.dockerjava.zerodep.shaded.org.apache.hc.client5.http.headers - http-outgoing-2 << Content-Type: application/json
01:14:53.413 [Test worker] DEBUG com.github.dockerjava.zerodep.shaded.org.apache.hc.client5.http.headers - http-outgoing-2 << Date: Tue, 28 Mar 2023 04:14:53 GMT
01:14:53.413 [Test worker] DEBUG com.github.dockerjava.zerodep.shaded.org.apache.hc.client5.http.headers - http-outgoing-2 << Docker-Experimental: false
01:14:53.413 [Test worker] DEBUG com.github.dockerjava.zerodep.shaded.org.apache.hc.client5.http.headers - http-outgoing-2 << Ostype: linux
01:14:53.413 [Test worker] DEBUG com.github.dockerjava.zerodep.shaded.org.apache.hc.client5.http.headers - http-outgoing-2 << Server: Docker/20.10.21 (linux)
01:14:53.413 [Test worker] DEBUG com.github.dockerjava.zerodep.shaded.org.apache.hc.client5.http.headers - http-outgoing-2 << Transfer-Encoding: chunked
01:14:53.413 [Test worker] DEBUG com.github.dockerjava.zerodep.shaded.org.apache.hc.client5.http.impl.classic.MainClientExec - ex-00000062: connection can be kept alive for 3 MINUTES
01:14:53.418 [Test worker] DEBUG com.github.dockerjava.zerodep.shaded.org.apache.hc.client5.http.wire - http-outgoing-2 << "18c1[\r][\n]"
01:14:53.418 [Test worker] DEBUG com.github.dockerjava.zerodep.shaded.org.apache.hc.client5.http.wire - http-outgoing-2 << "{"Id":"cd5ecdf38df06b4092e6cf67100cd20ad9c3cb4b6e9303874a7bd89885b140c9","Created":"2023-03-28T04:14:43.179040379Z","Path":"docker-entrypoint.sh","Args":["mysqld"],"State":{"Status":"running","Running":true,"Paused":false,"Restarting":false,"OOMKilled":false,"Dead":false,"Pid":20152,"ExitCode":0,"Error":"","StartedAt":"2023-03-28T04:14:43.680338005Z","FinishedAt":"0001-01-01T00:00:00Z"},"Image":"sha256:c7c54c29e20dccc1aefb936c8eba8bb8b98b87a4921102aba87fde2df5810af9","ResolvConfPath":"/var/lib/docker/containers/cd5ecdf38df06b4092e6cf67100cd20ad9c3cb4b6e9303874a7bd89885b140c9/resolv.conf","HostnamePath":"/var/lib/docker/containers/cd5ecdf38df06b4092e6cf67100cd20ad9c3cb4b6e9303874a7bd89885b140c9/hostname","HostsPath":"/var/lib/docker/containers/cd5ecdf38df06b4092e6cf67100cd20ad9c3cb4b6e9303874a7bd89885b140c9/hosts","LogPath":"/var/lib/docker/containers/cd5ecdf38df06b4092e6cf67100cd20ad9c3cb4b6e9303874a7bd89885b140c9/cd5ecdf38df06b4092e6cf67100cd20ad9c3cb4b6e9303874a7bd89885b140c9-json.log","Name":"/keen_matsumoto","RestartCount":0,"Driver":"overlay2","Platform":"linux","MountLabel":"","ProcessLabel":"","AppArmorProfile":"","ExecIDs":null,"HostConfig":{"Binds":[],"ContainerIDFile":"","LogConfig":{"Type":"json-file","Config":{}},"NetworkMode":"default","PortBindings":{"3306/tcp":[{"HostIp":"0.0.0.0","HostPort":"0"}]},"RestartPolicy":{"Name":"","MaximumRetryCount":0},"AutoRemove":false,"VolumeDriver":"","VolumesFrom":[],"CapAdd":null,"CapDrop":null,"CgroupnsMode":"private","Dns":null,"DnsOptions":null,"DnsSearch":null,"ExtraHosts":[],"GroupAdd":null,"IpcMode":"shareable","Cgroup":"","Links":null,"OomScoreAdj":0,"PidMode":"","Privileged":false,"PublishAllPorts":false,"ReadonlyRootfs":false,"SecurityOpt":null,"UTSMode":"","UsernsMode":"","ShmSize":67108864,"Runtime":"runc","ConsoleSize":[0,0],"Isolation":"","CpuShares":0,"Memory":0,"NanoCpus":0,"CgroupParent":"","BlkioWeight":0,"BlkioWeightDevice":null,"BlkioDeviceReadBps":null,"BlkioDeviceWriteBps":null,"BlkioDeviceReadIOps":null,"BlkioDeviceWriteIOps":null,"CpuPeriod":0,"CpuQuota":0,"CpuRealtimePeriod":0,"CpuRealtimeRuntime":0,"CpusetCpus":"","CpusetMems":"","Devices":null,"DeviceCgroupRules":null,"DeviceRequests":null,"KernelMemory":0,"KernelMemoryTCP":0,"MemoryReservation":0,"MemorySwap":0,"MemorySwappiness":null,"OomKillDisable":null,"PidsLimit":null,"Ulimits":null,"CpuCount":0,"CpuPercent":0,"IOMaximumIOps":0,"IOMaximumBandwidth":0,"MaskedPaths":["/proc/asound","/proc/acpi","/proc/kcore","/proc/keys","/proc/latency_stats","/proc/timer_list","/proc/timer_stats","/proc/sched_debug","/proc/scsi","/sys/firmware"],"ReadonlyPaths":["/proc/bus","/proc/fs","/proc/irq","/proc/sys","/proc/sysrq-trigger"]},"GraphDriver":{"Data":{"LowerDir":"/var/lib/docker/overlay2/830e690ec83ecff869b59e4f673c0c63b2bc5c068e9f710933e6f61763699fd2-init/diff:/var/lib/docker/overlay2/1bd8849d7a296305617011f940aa5cfabbe972a513397b1b6bbc27639b6c1f30/diff:/var/lib/docker/overlay2/199d69b2fbf78af4d4c95dec4fd2f8835ab0347eb49fb20ebb2ff3b99fedd6ad/diff:/var/lib/docker/overlay2/d83c38d654989311f75b9491329846033bfb7714de76ef635380dcfad5c740d9/diff:/var/lib/docker/overlay2/08600d0aea2ab2728bebcf5d2589c640a842f53d1ba3c4a4adccb4d03b923cf6/diff:/var/lib/docker/overlay2/9ec7c63a3fb14d13ac788bbf5e282ca821edc41260b79944e5e631037d13ecda/diff:/var/lib/docker/overlay2/db601d7a1b4ea6da638db620462f0da96fa55c559d02269c9ddb09027936ed87/diff:/var/lib/docker/overlay2/a6d2bd03f942e2565f21e74cfe152c7ec836a1c2b583f0790c685b92bdcfda24/diff:/var/lib/docker/overlay2/9badd16ea2c5e2bf1fde8b579683e41137dfc46ed5449234149f199a6751cc84/diff:/var/lib/docker/overlay2/6efb85646ed12e2d1181ef4cc6f6f6732c00c15a4035fe17ebc4f075ca573c30/diff:/var/lib/docker/overlay2/895d7c0ec09144d6ed33936f4e98e11c18010f7abd708cae1ce43aec7a7f2621/diff:/var/lib/docker/overlay2/1c4ba77aa573ab6e5e5069fd15eae71b3da940bde0f97a922a227ffc8a1d1096/diff","MergedDir":"/var/lib/docker/overlay2/830e690ec83ecff869b59e4f673c0c63b2bc5c068e9f710933e6f61763699fd2/merged","UpperDir":"/var/lib/docker/overlay2/830e690ec83ecff869b59e4f673c0c63b2bc5c068e9f710933e6f61763699fd2/diff","WorkDir":"/var/lib/docker/overlay2/830e690ec83ecff869b59e4f673c0c63b2bc5c068e9f710933e6f61763699fd2/work"},"Name":"overlay2"},"Mounts":[{"Type":"volume","Name":"25868b8cea8ad6eba7f00a6fe83e8848def5cff8aab5c5943024031400fa063d","Source":"/var/lib/docker/volumes/25868b8cea8ad6eba7f00a6fe83e8848def5cff8aab5c5943024031400fa063d/_data","Destination":"/var/lib/mysql","Driver":"local","Mode":"","RW":true,"Propagation":""}],"Config":{"Hostname":"cd5ecdf38df0","Domainname":"","User":"","AttachStdin":false,"AttachStdout":false,"AttachStderr":false,"ExposedPorts":{"3306/tcp":{},"33060/tcp":{}},"Tty":false,"OpenStdin":false,"StdinOnce":false,"Env":["MYSQL_DATABASE=adm_videos","MYSQL_PASSWORD=123456","MYSQL_ROOT_PASSWORD=123456","PATH=/usr/local/sbin:/usr/local/bin:/usr/sbin:/usr/bin:/sbin:/bin","GOSU_VERSION=1.16","MYSQL_MAJOR=8.0","MYSQL_VERSION=8.0.32-1.el8","MYSQL_SHELL_VERSION=8.0.32-1.el8"],"Cmd":["mysqld"],"Image":"mysql:latest","Volumes":{"/var/lib/mysql":{}},"WorkingDir":"","Entrypoint":["docker-entrypoint.sh"],"OnBuild":null,"Labels":{"org.testcontainers":"true","org.testcontainers.lang":"java","org.testcontainers.sessionId":"71b9672a-6f61-4546-a7b6-d603100b2e56","org.testcontainers.version":"1.17.6"}},"NetworkSettings":{"Bridge":"","SandboxID":"56762d63452c709eadac6b5c5f4b6cdd30da833580c632f91fd658806eaf4ddb","HairpinMode":false,"LinkLocalIPv6Address":"","LinkLocalIPv6PrefixLen":0,"Ports":{"3306/tcp":[{"HostIp":"0.0.0.0","HostPort":"63819"}],"33060/tcp":null},"SandboxKey":"/var/run/docker/netns/56762d63452c","SecondaryIPAddresses":null,"SecondaryIPv6Addresses":null,"EndpointID":"92fc2600684327987bceb8e2716a72ba2420fccd56812c1491af8c03946e105c","Gateway":"172.17.0.1","GlobalIPv6Address":"","GlobalIPv6PrefixLen":0,"IPAddress":"172.17.0.3","IPPrefixLen":16,"IPv6Gateway":"","MacAddress":"02:42:ac:11:00:03","Networks":{"bridge":{"IPAMConfig":null,"Links":null,"Aliases":null,"NetworkID":"308e234c143065751b16b4500cb9f48d5c7fc2116504b3d816a5e51cd4771062","EndpointID":"92fc2600684327987bceb8e2716a72ba2420fccd56812c1491af8c03946e105c","Gateway":"172.17.0.1","IPAddress":"172.17.0.3","IPPrefixLen":16,"IPv6Gateway":"","GlobalIPv6Address":"","GlobalIPv6PrefixLen":0,"MacAddress":"02:42:ac:11:00:03","DriverOpts":null}}}}[\n]"
01:14:53.418 [Test worker] DEBUG com.github.dockerjava.zerodep.shaded.org.apache.hc.client5.http.wire - http-outgoing-2 << "[\r][\n]"
01:14:53.419 [Test worker] DEBUG com.github.dockerjava.zerodep.shaded.org.apache.hc.client5.http.wire - http-outgoing-2 << "0[\r][\n]"
01:14:53.419 [Test worker] DEBUG com.github.dockerjava.zerodep.shaded.org.apache.hc.client5.http.wire - http-outgoing-2 << "[\r][\n]"
01:14:53.419 [Test worker] DEBUG com.github.dockerjava.zerodep.shaded.org.apache.hc.client5.http.impl.classic.InternalHttpClient - ep-00000061: releasing valid endpoint
01:14:53.419 [Test worker] DEBUG com.github.dockerjava.zerodep.shaded.org.apache.hc.client5.http.impl.io.PoolingHttpClientConnectionManager - ep-00000061: releasing endpoint
01:14:53.419 [Test worker] DEBUG com.github.dockerjava.zerodep.shaded.org.apache.hc.client5.http.impl.io.PoolingHttpClientConnectionManager - ep-00000061: connection http-outgoing-2 can be kept alive for 3 MINUTES
01:14:53.419 [Test worker] DEBUG com.github.dockerjava.zerodep.shaded.org.apache.hc.client5.http.impl.io.PoolingHttpClientConnectionManager - ep-00000061: connection released [route: {}->unix://localhost:2375][total available: 1; route allocated: 1 of 2147483647; total allocated: 1 of 2147483647]
01:14:53.419 [Test worker] DEBUG ]]>&#x1f433;<![CDATA[ [mysql:latest] - Trying to create JDBC connection using com.mysql.cj.jdbc.Driver to jdbc:mysql://localhost:63819/adm_videos?useSSL=false&allowPublicKeyRetrieval=true with properties: {password=123456, user=root}
01:14:53.527 [Test worker] DEBUG org.testcontainers.shaded.com.github.dockerjava.core.command.AbstrDockerCmd - Cmd: cd5ecdf38df06b4092e6cf67100cd20ad9c3cb4b6e9303874a7bd89885b140c9,false
01:14:53.528 [Test worker] DEBUG org.testcontainers.shaded.com.github.dockerjava.core.exec.InspectContainerCmdExec - GET: DefaultWebTarget{path=[/containers/cd5ecdf38df06b4092e6cf67100cd20ad9c3cb4b6e9303874a7bd89885b140c9/json], queryParams={}}
01:14:53.529 [Test worker] DEBUG com.github.dockerjava.zerodep.shaded.org.apache.hc.client5.http.impl.classic.InternalHttpClient - ex-00000063: preparing request execution
01:14:53.530 [Test worker] DEBUG com.github.dockerjava.zerodep.shaded.org.apache.hc.client5.http.protocol.RequestAddCookies - Cookie spec selected: strict
01:14:53.530 [Test worker] DEBUG com.github.dockerjava.zerodep.shaded.org.apache.hc.client5.http.protocol.RequestAuthCache - Auth cache not set in the context
01:14:53.530 [Test worker] DEBUG com.github.dockerjava.zerodep.shaded.org.apache.hc.client5.http.impl.classic.ProtocolExec - ex-00000063: target auth state: UNCHALLENGED
01:14:53.530 [Test worker] DEBUG com.github.dockerjava.zerodep.shaded.org.apache.hc.client5.http.impl.classic.ProtocolExec - ex-00000063: proxy auth state: UNCHALLENGED
01:14:53.530 [Test worker] DEBUG com.github.dockerjava.zerodep.shaded.org.apache.hc.client5.http.impl.classic.ConnectExec - ex-00000063: acquiring connection with route {}->unix://localhost:2375
01:14:53.530 [Test worker] DEBUG com.github.dockerjava.zerodep.shaded.org.apache.hc.client5.http.impl.classic.InternalHttpClient - ex-00000063: acquiring endpoint (3 MINUTES)
01:14:53.531 [Test worker] DEBUG com.github.dockerjava.zerodep.shaded.org.apache.hc.client5.http.impl.io.PoolingHttpClientConnectionManager - ex-00000063: endpoint lease request (3 MINUTES) [route: {}->unix://localhost:2375][total available: 1; route allocated: 1 of 2147483647; total allocated: 1 of 2147483647]
01:14:53.531 [Test worker] DEBUG com.github.dockerjava.zerodep.shaded.org.apache.hc.client5.http.impl.io.PoolingHttpClientConnectionManager - ex-00000063: endpoint leased [route: {}->unix://localhost:2375][total available: 0; route allocated: 1 of 2147483647; total allocated: 1 of 2147483647]
01:14:53.531 [Test worker] DEBUG com.github.dockerjava.zerodep.shaded.org.apache.hc.client5.http.impl.io.PoolingHttpClientConnectionManager - ex-00000063: acquired ep-00000062
01:14:53.531 [Test worker] DEBUG com.github.dockerjava.zerodep.shaded.org.apache.hc.client5.http.impl.classic.InternalHttpClient - ex-00000063: acquired endpoint ep-00000062
01:14:53.531 [Test worker] DEBUG com.github.dockerjava.zerodep.shaded.org.apache.hc.client5.http.impl.classic.MainClientExec - ex-00000063: executing GET /v1.32/containers/cd5ecdf38df06b4092e6cf67100cd20ad9c3cb4b6e9303874a7bd89885b140c9/json HTTP/1.1
01:14:53.531 [Test worker] DEBUG com.github.dockerjava.zerodep.shaded.org.apache.hc.client5.http.impl.classic.InternalHttpClient - ep-00000062: start execution ex-00000063
01:14:53.532 [Test worker] DEBUG com.github.dockerjava.zerodep.shaded.org.apache.hc.client5.http.impl.io.PoolingHttpClientConnectionManager - ep-00000062: executing exchange ex-00000063 over http-outgoing-2
01:14:53.532 [Test worker] DEBUG com.github.dockerjava.zerodep.shaded.org.apache.hc.client5.http.headers - http-outgoing-2 >> GET /v1.32/containers/cd5ecdf38df06b4092e6cf67100cd20ad9c3cb4b6e9303874a7bd89885b140c9/json HTTP/1.1
01:14:53.532 [Test worker] DEBUG com.github.dockerjava.zerodep.shaded.org.apache.hc.client5.http.headers - http-outgoing-2 >> accept: application/json
01:14:53.532 [Test worker] DEBUG com.github.dockerjava.zerodep.shaded.org.apache.hc.client5.http.headers - http-outgoing-2 >> x-tc-sid: 71b9672a-6f61-4546-a7b6-d603100b2e56
01:14:53.532 [Test worker] DEBUG com.github.dockerjava.zerodep.shaded.org.apache.hc.client5.http.headers - http-outgoing-2 >> Accept-Encoding: gzip, x-gzip, deflate
01:14:53.532 [Test worker] DEBUG com.github.dockerjava.zerodep.shaded.org.apache.hc.client5.http.headers - http-outgoing-2 >> Host: localhost:2375
01:14:53.532 [Test worker] DEBUG com.github.dockerjava.zerodep.shaded.org.apache.hc.client5.http.headers - http-outgoing-2 >> Connection: keep-alive
01:14:53.532 [Test worker] DEBUG com.github.dockerjava.zerodep.shaded.org.apache.hc.client5.http.headers - http-outgoing-2 >> User-Agent: Apache-HttpClient/5.0.3 (Java/17.0.2)
01:14:53.532 [Test worker] DEBUG com.github.dockerjava.zerodep.shaded.org.apache.hc.client5.http.wire - http-outgoing-2 >> "GET /v1.32/containers/cd5ecdf38df06b4092e6cf67100cd20ad9c3cb4b6e9303874a7bd89885b140c9/json HTTP/1.1[\r][\n]"
01:14:53.532 [Test worker] DEBUG com.github.dockerjava.zerodep.shaded.org.apache.hc.client5.http.wire - http-outgoing-2 >> "accept: application/json[\r][\n]"
01:14:53.532 [Test worker] DEBUG com.github.dockerjava.zerodep.shaded.org.apache.hc.client5.http.wire - http-outgoing-2 >> "x-tc-sid: 71b9672a-6f61-4546-a7b6-d603100b2e56[\r][\n]"
01:14:53.532 [Test worker] DEBUG com.github.dockerjava.zerodep.shaded.org.apache.hc.client5.http.wire - http-outgoing-2 >> "Accept-Encoding: gzip, x-gzip, deflate[\r][\n]"
01:14:53.532 [Test worker] DEBUG com.github.dockerjava.zerodep.shaded.org.apache.hc.client5.http.wire - http-outgoing-2 >> "Host: localhost:2375[\r][\n]"
01:14:53.532 [Test worker] DEBUG com.github.dockerjava.zerodep.shaded.org.apache.hc.client5.http.wire - http-outgoing-2 >> "Connection: keep-alive[\r][\n]"
01:14:53.532 [Test worker] DEBUG com.github.dockerjava.zerodep.shaded.org.apache.hc.client5.http.wire - http-outgoing-2 >> "User-Agent: Apache-HttpClient/5.0.3 (Java/17.0.2)[\r][\n]"
01:14:53.532 [Test worker] DEBUG com.github.dockerjava.zerodep.shaded.org.apache.hc.client5.http.wire - http-outgoing-2 >> "[\r][\n]"
01:14:53.537 [Test worker] DEBUG com.github.dockerjava.zerodep.shaded.org.apache.hc.client5.http.wire - http-outgoing-2 << "HTTP/1.1 200 OK[\r][\n]"
01:14:53.537 [Test worker] DEBUG com.github.dockerjava.zerodep.shaded.org.apache.hc.client5.http.wire - http-outgoing-2 << "Api-Version: 1.41[\r][\n]"
01:14:53.537 [Test worker] DEBUG com.github.dockerjava.zerodep.shaded.org.apache.hc.client5.http.wire - http-outgoing-2 << "Content-Type: application/json[\r][\n]"
01:14:53.537 [Test worker] DEBUG com.github.dockerjava.zerodep.shaded.org.apache.hc.client5.http.wire - http-outgoing-2 << "Date: Tue, 28 Mar 2023 04:14:53 GMT[\r][\n]"
01:14:53.537 [Test worker] DEBUG com.github.dockerjava.zerodep.shaded.org.apache.hc.client5.http.wire - http-outgoing-2 << "Docker-Experimental: false[\r][\n]"
01:14:53.537 [Test worker] DEBUG com.github.dockerjava.zerodep.shaded.org.apache.hc.client5.http.wire - http-outgoing-2 << "Ostype: linux[\r][\n]"
01:14:53.537 [Test worker] DEBUG com.github.dockerjava.zerodep.shaded.org.apache.hc.client5.http.wire - http-outgoing-2 << "Server: Docker/20.10.21 (linux)[\r][\n]"
01:14:53.537 [Test worker] DEBUG com.github.dockerjava.zerodep.shaded.org.apache.hc.client5.http.wire - http-outgoing-2 << "Transfer-Encoding: chunked[\r][\n]"
01:14:53.537 [Test worker] DEBUG com.github.dockerjava.zerodep.shaded.org.apache.hc.client5.http.wire - http-outgoing-2 << "[\r][\n]"
01:14:53.537 [Test worker] DEBUG com.github.dockerjava.zerodep.shaded.org.apache.hc.client5.http.headers - http-outgoing-2 << HTTP/1.1 200 OK
01:14:53.537 [Test worker] DEBUG com.github.dockerjava.zerodep.shaded.org.apache.hc.client5.http.headers - http-outgoing-2 << Api-Version: 1.41
01:14:53.537 [Test worker] DEBUG com.github.dockerjava.zerodep.shaded.org.apache.hc.client5.http.headers - http-outgoing-2 << Content-Type: application/json
01:14:53.537 [Test worker] DEBUG com.github.dockerjava.zerodep.shaded.org.apache.hc.client5.http.headers - http-outgoing-2 << Date: Tue, 28 Mar 2023 04:14:53 GMT
01:14:53.537 [Test worker] DEBUG com.github.dockerjava.zerodep.shaded.org.apache.hc.client5.http.headers - http-outgoing-2 << Docker-Experimental: false
01:14:53.537 [Test worker] DEBUG com.github.dockerjava.zerodep.shaded.org.apache.hc.client5.http.headers - http-outgoing-2 << Ostype: linux
01:14:53.537 [Test worker] DEBUG com.github.dockerjava.zerodep.shaded.org.apache.hc.client5.http.headers - http-outgoing-2 << Server: Docker/20.10.21 (linux)
01:14:53.537 [Test worker] DEBUG com.github.dockerjava.zerodep.shaded.org.apache.hc.client5.http.headers - http-outgoing-2 << Transfer-Encoding: chunked
01:14:53.538 [Test worker] DEBUG com.github.dockerjava.zerodep.shaded.org.apache.hc.client5.http.impl.classic.MainClientExec - ex-00000063: connection can be kept alive for 3 MINUTES
01:14:53.539 [Test worker] DEBUG com.github.dockerjava.zerodep.shaded.org.apache.hc.client5.http.wire - http-outgoing-2 << "18c1[\r][\n]"
01:14:53.539 [Test worker] DEBUG com.github.dockerjava.zerodep.shaded.org.apache.hc.client5.http.wire - http-outgoing-2 << "{"Id":"cd5ecdf38df06b4092e6cf67100cd20ad9c3cb4b6e9303874a7bd89885b140c9","Created":"2023-03-28T04:14:43.179040379Z","Path":"docker-entrypoint.sh","Args":["mysqld"],"State":{"Status":"running","Running":true,"Paused":false,"Restarting":false,"OOMKilled":false,"Dead":false,"Pid":20152,"ExitCode":0,"Error":"","StartedAt":"2023-03-28T04:14:43.680338005Z","FinishedAt":"0001-01-01T00:00:00Z"},"Image":"sha256:c7c54c29e20dccc1aefb936c8eba8bb8b98b87a4921102aba87fde2df5810af9","ResolvConfPath":"/var/lib/docker/containers/cd5ecdf38df06b4092e6cf67100cd20ad9c3cb4b6e9303874a7bd89885b140c9/resolv.conf","HostnamePath":"/var/lib/docker/containers/cd5ecdf38df06b4092e6cf67100cd20ad9c3cb4b6e9303874a7bd89885b140c9/hostname","HostsPath":"/var/lib/docker/containers/cd5ecdf38df06b4092e6cf67100cd20ad9c3cb4b6e9303874a7bd89885b140c9/hosts","LogPath":"/var/lib/docker/containers/cd5ecdf38df06b4092e6cf67100cd20ad9c3cb4b6e9303874a7bd89885b140c9/cd5ecdf38df06b4092e6cf67100cd20ad9c3cb4b6e9303874a7bd89885b140c9-json.log","Name":"/keen_matsumoto","RestartCount":0,"Driver":"overlay2","Platform":"linux","MountLabel":"","ProcessLabel":"","AppArmorProfile":"","ExecIDs":null,"HostConfig":{"Binds":[],"ContainerIDFile":"","LogConfig":{"Type":"json-file","Config":{}},"NetworkMode":"default","PortBindings":{"3306/tcp":[{"HostIp":"0.0.0.0","HostPort":"0"}]},"RestartPolicy":{"Name":"","MaximumRetryCount":0},"AutoRemove":false,"VolumeDriver":"","VolumesFrom":[],"CapAdd":null,"CapDrop":null,"CgroupnsMode":"private","Dns":null,"DnsOptions":null,"DnsSearch":null,"ExtraHosts":[],"GroupAdd":null,"IpcMode":"shareable","Cgroup":"","Links":null,"OomScoreAdj":0,"PidMode":"","Privileged":false,"PublishAllPorts":false,"ReadonlyRootfs":false,"SecurityOpt":null,"UTSMode":"","UsernsMode":"","ShmSize":67108864,"Runtime":"runc","ConsoleSize":[0,0],"Isolation":"","CpuShares":0,"Memory":0,"NanoCpus":0,"CgroupParent":"","BlkioWeight":0,"BlkioWeightDevice":null,"BlkioDeviceReadBps":null,"BlkioDeviceWriteBps":null,"BlkioDeviceReadIOps":null,"BlkioDeviceWriteIOps":null,"CpuPeriod":0,"CpuQuota":0,"CpuRealtimePeriod":0,"CpuRealtimeRuntime":0,"CpusetCpus":"","CpusetMems":"","Devices":null,"DeviceCgroupRules":null,"DeviceRequests":null,"KernelMemory":0,"KernelMemoryTCP":0,"MemoryReservation":0,"MemorySwap":0,"MemorySwappiness":null,"OomKillDisable":null,"PidsLimit":null,"Ulimits":null,"CpuCount":0,"CpuPercent":0,"IOMaximumIOps":0,"IOMaximumBandwidth":0,"MaskedPaths":["/proc/asound","/proc/acpi","/proc/kcore","/proc/keys","/proc/latency_stats","/proc/timer_list","/proc/timer_stats","/proc/sched_debug","/proc/scsi","/sys/firmware"],"ReadonlyPaths":["/proc/bus","/proc/fs","/proc/irq","/proc/sys","/proc/sysrq-trigger"]},"GraphDriver":{"Data":{"LowerDir":"/var/lib/docker/overlay2/830e690ec83ecff869b59e4f673c0c63b2bc5c068e9f710933e6f61763699fd2-init/diff:/var/lib/docker/overlay2/1bd8849d7a296305617011f940aa5cfabbe972a513397b1b6bbc27639b6c1f30/diff:/var/lib/docker/overlay2/199d69b2fbf78af4d4c95dec4fd2f8835ab0347eb49fb20ebb2ff3b99fedd6ad/diff:/var/lib/docker/overlay2/d83c38d654989311f75b9491329846033bfb7714de76ef635380dcfad5c740d9/diff:/var/lib/docker/overlay2/08600d0aea2ab2728bebcf5d2589c640a842f53d1ba3c4a4adccb4d03b923cf6/diff:/var/lib/docker/overlay2/9ec7c63a3fb14d13ac788bbf5e282ca821edc41260b79944e5e631037d13ecda/diff:/var/lib/docker/overlay2/db601d7a1b4ea6da638db620462f0da96fa55c559d02269c9ddb09027936ed87/diff:/var/lib/docker/overlay2/a6d2bd03f942e2565f21e74cfe152c7ec836a1c2b583f0790c685b92bdcfda24/diff:/var/lib/docker/overlay2/9badd16ea2c5e2bf1fde8b579683e41137dfc46ed5449234149f199a6751cc84/diff:/var/lib/docker/overlay2/6efb85646ed12e2d1181ef4cc6f6f6732c00c15a4035fe17ebc4f075ca573c30/diff:/var/lib/docker/overlay2/895d7c0ec09144d6ed33936f4e98e11c18010f7abd708cae1ce43aec7a7f2621/diff:/var/lib/docker/overlay2/1c4ba77aa573ab6e5e5069fd15eae71b3da940bde0f97a922a227ffc8a1d1096/diff","MergedDir":"/var/lib/docker/overlay2/830e690ec83ecff869b59e4f673c0c63b2bc5c068e9f710933e6f61763699fd2/merged","UpperDir":"/var/lib/docker/overlay2/830e690ec83ecff869b59e4f673c0c63b2bc5c068e9f710933e6f61763699fd2/diff","WorkDir":"/var/lib/docker/overlay2/830e690ec83ecff869b59e4f673c0c63b2bc5c068e9f710933e6f61763699fd2/work"},"Name":"overlay2"},"Mounts":[{"Type":"volume","Name":"25868b8cea8ad6eba7f00a6fe83e8848def5cff8aab5c5943024031400fa063d","Source":"/var/lib/docker/volumes/25868b8cea8ad6eba7f00a6fe83e8848def5cff8aab5c5943024031400fa063d/_data","Destination":"/var/lib/mysql","Driver":"local","Mode":"","RW":true,"Propagation":""}],"Config":{"Hostname":"cd5ecdf38df0","Domainname":"","User":"","AttachStdin":false,"AttachStdout":false,"AttachStderr":false,"ExposedPorts":{"3306/tcp":{},"33060/tcp":{}},"Tty":false,"OpenStdin":false,"StdinOnce":false,"Env":["MYSQL_DATABASE=adm_videos","MYSQL_PASSWORD=123456","MYSQL_ROOT_PASSWORD=123456","PATH=/usr/local/sbin:/usr/local/bin:/usr/sbin:/usr/bin:/sbin:/bin","GOSU_VERSION=1.16","MYSQL_MAJOR=8.0","MYSQL_VERSION=8.0.32-1.el8","MYSQL_SHELL_VERSION=8.0.32-1.el8"],"Cmd":["mysqld"],"Image":"mysql:latest","Volumes":{"/var/lib/mysql":{}},"WorkingDir":"","Entrypoint":["docker-entrypoint.sh"],"OnBuild":null,"Labels":{"org.testcontainers":"true","org.testcontainers.lang":"java","org.testcontainers.sessionId":"71b9672a-6f61-4546-a7b6-d603100b2e56","org.testcontainers.version":"1.17.6"}},"NetworkSettings":{"Bridge":"","SandboxID":"56762d63452c709eadac6b5c5f4b6cdd30da833580c632f91fd658806eaf4ddb","HairpinMode":false,"LinkLocalIPv6Address":"","LinkLocalIPv6PrefixLen":0,"Ports":{"3306/tcp":[{"HostIp":"0.0.0.0","HostPort":"63819"}],"33060/tcp":null},"SandboxKey":"/var/run/docker/netns/56762d63452c","SecondaryIPAddresses":null,"SecondaryIPv6Addresses":null,"EndpointID":"92fc2600684327987bceb8e2716a72ba2420fccd56812c1491af8c03946e105c","Gateway":"172.17.0.1","GlobalIPv6Address":"","GlobalIPv6PrefixLen":0,"IPAddress":"172.17.0.3","IPPrefixLen":16,"IPv6Gateway":"","MacAddress":"02:42:ac:11:00:03","Networks":{"bridge":{"IPAMConfig":null,"Links":null,"Aliases":null,"NetworkID":"308e234c143065751b16b4500cb9f48d5c7fc2116504b3d816a5e51cd4771062","EndpointID":"92fc2600684327987bceb8e2716a72ba2420fccd56812c1491af8c03946e105c","Gateway":"172.17.0.1","IPAddress":"172.17.0.3","IPPrefixLen":16,"IPv6Gateway":"","GlobalIPv6Address":"","GlobalIPv6PrefixLen":0,"MacAddress":"02:42:ac:11:00:03","DriverOpts":null}}}}[\n]"
01:14:53.540 [Test worker] DEBUG com.github.dockerjava.zerodep.shaded.org.apache.hc.client5.http.wire - http-outgoing-2 << "[\r][\n]"
01:14:53.541 [Test worker] DEBUG com.github.dockerjava.zerodep.shaded.org.apache.hc.client5.http.wire - http-outgoing-2 << "0[\r][\n]"
01:14:53.541 [Test worker] DEBUG com.github.dockerjava.zerodep.shaded.org.apache.hc.client5.http.wire - http-outgoing-2 << "[\r][\n]"
01:14:53.541 [Test worker] DEBUG com.github.dockerjava.zerodep.shaded.org.apache.hc.client5.http.impl.classic.InternalHttpClient - ep-00000062: releasing valid endpoint
01:14:53.541 [Test worker] DEBUG com.github.dockerjava.zerodep.shaded.org.apache.hc.client5.http.impl.io.PoolingHttpClientConnectionManager - ep-00000062: releasing endpoint
01:14:53.541 [Test worker] DEBUG com.github.dockerjava.zerodep.shaded.org.apache.hc.client5.http.impl.io.PoolingHttpClientConnectionManager - ep-00000062: connection http-outgoing-2 can be kept alive for 3 MINUTES
01:14:53.541 [Test worker] DEBUG com.github.dockerjava.zerodep.shaded.org.apache.hc.client5.http.impl.io.PoolingHttpClientConnectionManager - ep-00000062: connection released [route: {}->unix://localhost:2375][total available: 1; route allocated: 1 of 2147483647; total allocated: 1 of 2147483647]
01:14:53.541 [Test worker] DEBUG ]]>&#x1f433;<![CDATA[ [mysql:latest] - Trying to create JDBC connection using com.mysql.cj.jdbc.Driver to jdbc:mysql://localhost:63819/adm_videos?useSSL=false&allowPublicKeyRetrieval=true with properties: {password=123456, user=root}
01:14:53.646 [Test worker] DEBUG org.testcontainers.shaded.com.github.dockerjava.core.command.AbstrDockerCmd - Cmd: cd5ecdf38df06b4092e6cf67100cd20ad9c3cb4b6e9303874a7bd89885b140c9,false
01:14:53.646 [Test worker] DEBUG org.testcontainers.shaded.com.github.dockerjava.core.exec.InspectContainerCmdExec - GET: DefaultWebTarget{path=[/containers/cd5ecdf38df06b4092e6cf67100cd20ad9c3cb4b6e9303874a7bd89885b140c9/json], queryParams={}}
01:14:53.649 [Test worker] DEBUG com.github.dockerjava.zerodep.shaded.org.apache.hc.client5.http.impl.classic.InternalHttpClient - ex-00000064: preparing request execution
01:14:53.649 [Test worker] DEBUG com.github.dockerjava.zerodep.shaded.org.apache.hc.client5.http.protocol.RequestAddCookies - Cookie spec selected: strict
01:14:53.649 [Test worker] DEBUG com.github.dockerjava.zerodep.shaded.org.apache.hc.client5.http.protocol.RequestAuthCache - Auth cache not set in the context
01:14:53.649 [Test worker] DEBUG com.github.dockerjava.zerodep.shaded.org.apache.hc.client5.http.impl.classic.ProtocolExec - ex-00000064: target auth state: UNCHALLENGED
01:14:53.649 [Test worker] DEBUG com.github.dockerjava.zerodep.shaded.org.apache.hc.client5.http.impl.classic.ProtocolExec - ex-00000064: proxy auth state: UNCHALLENGED
01:14:53.651 [Test worker] DEBUG com.github.dockerjava.zerodep.shaded.org.apache.hc.client5.http.impl.classic.ConnectExec - ex-00000064: acquiring connection with route {}->unix://localhost:2375
01:14:53.651 [Test worker] DEBUG com.github.dockerjava.zerodep.shaded.org.apache.hc.client5.http.impl.classic.InternalHttpClient - ex-00000064: acquiring endpoint (3 MINUTES)
01:14:53.651 [Test worker] DEBUG com.github.dockerjava.zerodep.shaded.org.apache.hc.client5.http.impl.io.PoolingHttpClientConnectionManager - ex-00000064: endpoint lease request (3 MINUTES) [route: {}->unix://localhost:2375][total available: 1; route allocated: 1 of 2147483647; total allocated: 1 of 2147483647]
01:14:53.651 [Test worker] DEBUG com.github.dockerjava.zerodep.shaded.org.apache.hc.client5.http.impl.io.PoolingHttpClientConnectionManager - ex-00000064: endpoint leased [route: {}->unix://localhost:2375][total available: 0; route allocated: 1 of 2147483647; total allocated: 1 of 2147483647]
01:14:53.663 [Test worker] DEBUG com.github.dockerjava.zerodep.shaded.org.apache.hc.client5.http.impl.io.PoolingHttpClientConnectionManager - ex-00000064: acquired ep-00000063
01:14:53.664 [Test worker] DEBUG com.github.dockerjava.zerodep.shaded.org.apache.hc.client5.http.impl.classic.InternalHttpClient - ex-00000064: acquired endpoint ep-00000063
01:14:53.664 [Test worker] DEBUG com.github.dockerjava.zerodep.shaded.org.apache.hc.client5.http.impl.classic.MainClientExec - ex-00000064: executing GET /v1.32/containers/cd5ecdf38df06b4092e6cf67100cd20ad9c3cb4b6e9303874a7bd89885b140c9/json HTTP/1.1
01:14:53.664 [Test worker] DEBUG com.github.dockerjava.zerodep.shaded.org.apache.hc.client5.http.impl.classic.InternalHttpClient - ep-00000063: start execution ex-00000064
01:14:53.664 [Test worker] DEBUG com.github.dockerjava.zerodep.shaded.org.apache.hc.client5.http.impl.io.PoolingHttpClientConnectionManager - ep-00000063: executing exchange ex-00000064 over http-outgoing-2
01:14:53.664 [Test worker] DEBUG com.github.dockerjava.zerodep.shaded.org.apache.hc.client5.http.headers - http-outgoing-2 >> GET /v1.32/containers/cd5ecdf38df06b4092e6cf67100cd20ad9c3cb4b6e9303874a7bd89885b140c9/json HTTP/1.1
01:14:53.664 [Test worker] DEBUG com.github.dockerjava.zerodep.shaded.org.apache.hc.client5.http.headers - http-outgoing-2 >> accept: application/json
01:14:53.664 [Test worker] DEBUG com.github.dockerjava.zerodep.shaded.org.apache.hc.client5.http.headers - http-outgoing-2 >> x-tc-sid: 71b9672a-6f61-4546-a7b6-d603100b2e56
01:14:53.664 [Test worker] DEBUG com.github.dockerjava.zerodep.shaded.org.apache.hc.client5.http.headers - http-outgoing-2 >> Accept-Encoding: gzip, x-gzip, deflate
01:14:53.664 [Test worker] DEBUG com.github.dockerjava.zerodep.shaded.org.apache.hc.client5.http.headers - http-outgoing-2 >> Host: localhost:2375
01:14:53.664 [Test worker] DEBUG com.github.dockerjava.zerodep.shaded.org.apache.hc.client5.http.headers - http-outgoing-2 >> Connection: keep-alive
01:14:53.664 [Test worker] DEBUG com.github.dockerjava.zerodep.shaded.org.apache.hc.client5.http.headers - http-outgoing-2 >> User-Agent: Apache-HttpClient/5.0.3 (Java/17.0.2)
01:14:53.674 [Test worker] DEBUG com.github.dockerjava.zerodep.shaded.org.apache.hc.client5.http.wire - http-outgoing-2 >> "GET /v1.32/containers/cd5ecdf38df06b4092e6cf67100cd20ad9c3cb4b6e9303874a7bd89885b140c9/json HTTP/1.1[\r][\n]"
01:14:53.674 [Test worker] DEBUG com.github.dockerjava.zerodep.shaded.org.apache.hc.client5.http.wire - http-outgoing-2 >> "accept: application/json[\r][\n]"
01:14:53.674 [Test worker] DEBUG com.github.dockerjava.zerodep.shaded.org.apache.hc.client5.http.wire - http-outgoing-2 >> "x-tc-sid: 71b9672a-6f61-4546-a7b6-d603100b2e56[\r][\n]"
01:14:53.674 [Test worker] DEBUG com.github.dockerjava.zerodep.shaded.org.apache.hc.client5.http.wire - http-outgoing-2 >> "Accept-Encoding: gzip, x-gzip, deflate[\r][\n]"
01:14:53.674 [Test worker] DEBUG com.github.dockerjava.zerodep.shaded.org.apache.hc.client5.http.wire - http-outgoing-2 >> "Host: localhost:2375[\r][\n]"
01:14:53.674 [Test worker] DEBUG com.github.dockerjava.zerodep.shaded.org.apache.hc.client5.http.wire - http-outgoing-2 >> "Connection: keep-alive[\r][\n]"
01:14:53.674 [Test worker] DEBUG com.github.dockerjava.zerodep.shaded.org.apache.hc.client5.http.wire - http-outgoing-2 >> "User-Agent: Apache-HttpClient/5.0.3 (Java/17.0.2)[\r][\n]"
01:14:53.674 [Test worker] DEBUG com.github.dockerjava.zerodep.shaded.org.apache.hc.client5.http.wire - http-outgoing-2 >> "[\r][\n]"
01:14:53.701 [Test worker] DEBUG com.github.dockerjava.zerodep.shaded.org.apache.hc.client5.http.wire - http-outgoing-2 << "HTTP/1.1 200 OK[\r][\n]"
01:14:53.701 [Test worker] DEBUG com.github.dockerjava.zerodep.shaded.org.apache.hc.client5.http.wire - http-outgoing-2 << "Api-Version: 1.41[\r][\n]"
01:14:53.701 [Test worker] DEBUG com.github.dockerjava.zerodep.shaded.org.apache.hc.client5.http.wire - http-outgoing-2 << "Content-Type: application/json[\r][\n]"
01:14:53.701 [Test worker] DEBUG com.github.dockerjava.zerodep.shaded.org.apache.hc.client5.http.wire - http-outgoing-2 << "Date: Tue, 28 Mar 2023 04:14:53 GMT[\r][\n]"
01:14:53.701 [Test worker] DEBUG com.github.dockerjava.zerodep.shaded.org.apache.hc.client5.http.wire - http-outgoing-2 << "Docker-Experimental: false[\r][\n]"
01:14:53.701 [Test worker] DEBUG com.github.dockerjava.zerodep.shaded.org.apache.hc.client5.http.wire - http-outgoing-2 << "Ostype: linux[\r][\n]"
01:14:53.701 [Test worker] DEBUG com.github.dockerjava.zerodep.shaded.org.apache.hc.client5.http.wire - http-outgoing-2 << "Server: Docker/20.10.21 (linux)[\r][\n]"
01:14:53.701 [Test worker] DEBUG com.github.dockerjava.zerodep.shaded.org.apache.hc.client5.http.wire - http-outgoing-2 << "Transfer-Encoding: chunked[\r][\n]"
01:14:53.701 [Test worker] DEBUG com.github.dockerjava.zerodep.shaded.org.apache.hc.client5.http.wire - http-outgoing-2 << "[\r][\n]"
01:14:53.701 [Test worker] DEBUG com.github.dockerjava.zerodep.shaded.org.apache.hc.client5.http.headers - http-outgoing-2 << HTTP/1.1 200 OK
01:14:53.701 [Test worker] DEBUG com.github.dockerjava.zerodep.shaded.org.apache.hc.client5.http.headers - http-outgoing-2 << Api-Version: 1.41
01:14:53.701 [Test worker] DEBUG com.github.dockerjava.zerodep.shaded.org.apache.hc.client5.http.headers - http-outgoing-2 << Content-Type: application/json
01:14:53.701 [Test worker] DEBUG com.github.dockerjava.zerodep.shaded.org.apache.hc.client5.http.headers - http-outgoing-2 << Date: Tue, 28 Mar 2023 04:14:53 GMT
01:14:53.701 [Test worker] DEBUG com.github.dockerjava.zerodep.shaded.org.apache.hc.client5.http.headers - http-outgoing-2 << Docker-Experimental: false
01:14:53.701 [Test worker] DEBUG com.github.dockerjava.zerodep.shaded.org.apache.hc.client5.http.headers - http-outgoing-2 << Ostype: linux
01:14:53.701 [Test worker] DEBUG com.github.dockerjava.zerodep.shaded.org.apache.hc.client5.http.headers - http-outgoing-2 << Server: Docker/20.10.21 (linux)
01:14:53.701 [Test worker] DEBUG com.github.dockerjava.zerodep.shaded.org.apache.hc.client5.http.headers - http-outgoing-2 << Transfer-Encoding: chunked
01:14:53.702 [Test worker] DEBUG com.github.dockerjava.zerodep.shaded.org.apache.hc.client5.http.impl.classic.MainClientExec - ex-00000064: connection can be kept alive for 3 MINUTES
01:14:53.706 [Test worker] DEBUG com.github.dockerjava.zerodep.shaded.org.apache.hc.client5.http.wire - http-outgoing-2 << "18c1[\r][\n]"
01:14:53.706 [Test worker] DEBUG com.github.dockerjava.zerodep.shaded.org.apache.hc.client5.http.wire - http-outgoing-2 << "{"Id":"cd5ecdf38df06b4092e6cf67100cd20ad9c3cb4b6e9303874a7bd89885b140c9","Created":"2023-03-28T04:14:43.179040379Z","Path":"docker-entrypoint.sh","Args":["mysqld"],"State":{"Status":"running","Running":true,"Paused":false,"Restarting":false,"OOMKilled":false,"Dead":false,"Pid":20152,"ExitCode":0,"Error":"","StartedAt":"2023-03-28T04:14:43.680338005Z","FinishedAt":"0001-01-01T00:00:00Z"},"Image":"sha256:c7c54c29e20dccc1aefb936c8eba8bb8b98b87a4921102aba87fde2df5810af9","ResolvConfPath":"/var/lib/docker/containers/cd5ecdf38df06b4092e6cf67100cd20ad9c3cb4b6e9303874a7bd89885b140c9/resolv.conf","HostnamePath":"/var/lib/docker/containers/cd5ecdf38df06b4092e6cf67100cd20ad9c3cb4b6e9303874a7bd89885b140c9/hostname","HostsPath":"/var/lib/docker/containers/cd5ecdf38df06b4092e6cf67100cd20ad9c3cb4b6e9303874a7bd89885b140c9/hosts","LogPath":"/var/lib/docker/containers/cd5ecdf38df06b4092e6cf67100cd20ad9c3cb4b6e9303874a7bd89885b140c9/cd5ecdf38df06b4092e6cf67100cd20ad9c3cb4b6e9303874a7bd89885b140c9-json.log","Name":"/keen_matsumoto","RestartCount":0,"Driver":"overlay2","Platform":"linux","MountLabel":"","ProcessLabel":"","AppArmorProfile":"","ExecIDs":null,"HostConfig":{"Binds":[],"ContainerIDFile":"","LogConfig":{"Type":"json-file","Config":{}},"NetworkMode":"default","PortBindings":{"3306/tcp":[{"HostIp":"0.0.0.0","HostPort":"0"}]},"RestartPolicy":{"Name":"","MaximumRetryCount":0},"AutoRemove":false,"VolumeDriver":"","VolumesFrom":[],"CapAdd":null,"CapDrop":null,"CgroupnsMode":"private","Dns":null,"DnsOptions":null,"DnsSearch":null,"ExtraHosts":[],"GroupAdd":null,"IpcMode":"shareable","Cgroup":"","Links":null,"OomScoreAdj":0,"PidMode":"","Privileged":false,"PublishAllPorts":false,"ReadonlyRootfs":false,"SecurityOpt":null,"UTSMode":"","UsernsMode":"","ShmSize":67108864,"Runtime":"runc","ConsoleSize":[0,0],"Isolation":"","CpuShares":0,"Memory":0,"NanoCpus":0,"CgroupParent":"","BlkioWeight":0,"BlkioWeightDevice":null,"BlkioDeviceReadBps":null,"BlkioDeviceWriteBps":null,"BlkioDeviceReadIOps":null,"BlkioDeviceWriteIOps":null,"CpuPeriod":0,"CpuQuota":0,"CpuRealtimePeriod":0,"CpuRealtimeRuntime":0,"CpusetCpus":"","CpusetMems":"","Devices":null,"DeviceCgroupRules":null,"DeviceRequests":null,"KernelMemory":0,"KernelMemoryTCP":0,"MemoryReservation":0,"MemorySwap":0,"MemorySwappiness":null,"OomKillDisable":null,"PidsLimit":null,"Ulimits":null,"CpuCount":0,"CpuPercent":0,"IOMaximumIOps":0,"IOMaximumBandwidth":0,"MaskedPaths":["/proc/asound","/proc/acpi","/proc/kcore","/proc/keys","/proc/latency_stats","/proc/timer_list","/proc/timer_stats","/proc/sched_debug","/proc/scsi","/sys/firmware"],"ReadonlyPaths":["/proc/bus","/proc/fs","/proc/irq","/proc/sys","/proc/sysrq-trigger"]},"GraphDriver":{"Data":{"LowerDir":"/var/lib/docker/overlay2/830e690ec83ecff869b59e4f673c0c63b2bc5c068e9f710933e6f61763699fd2-init/diff:/var/lib/docker/overlay2/1bd8849d7a296305617011f940aa5cfabbe972a513397b1b6bbc27639b6c1f30/diff:/var/lib/docker/overlay2/199d69b2fbf78af4d4c95dec4fd2f8835ab0347eb49fb20ebb2ff3b99fedd6ad/diff:/var/lib/docker/overlay2/d83c38d654989311f75b9491329846033bfb7714de76ef635380dcfad5c740d9/diff:/var/lib/docker/overlay2/08600d0aea2ab2728bebcf5d2589c640a842f53d1ba3c4a4adccb4d03b923cf6/diff:/var/lib/docker/overlay2/9ec7c63a3fb14d13ac788bbf5e282ca821edc41260b79944e5e631037d13ecda/diff:/var/lib/docker/overlay2/db601d7a1b4ea6da638db620462f0da96fa55c559d02269c9ddb09027936ed87/diff:/var/lib/docker/overlay2/a6d2bd03f942e2565f21e74cfe152c7ec836a1c2b583f0790c685b92bdcfda24/diff:/var/lib/docker/overlay2/9badd16ea2c5e2bf1fde8b579683e41137dfc46ed5449234149f199a6751cc84/diff:/var/lib/docker/overlay2/6efb85646ed12e2d1181ef4cc6f6f6732c00c15a4035fe17ebc4f075ca573c30/diff:/var/lib/docker/overlay2/895d7c0ec09144d6ed33936f4e98e11c18010f7abd708cae1ce43aec7a7f2621/diff:/var/lib/docker/overlay2/1c4ba77aa573ab6e5e5069fd15eae71b3da940bde0f97a922a227ffc8a1d1096/diff","MergedDir":"/var/lib/docker/overlay2/830e690ec83ecff869b59e4f673c0c63b2bc5c068e9f710933e6f61763699fd2/merged","UpperDir":"/var/lib/docker/overlay2/830e690ec83ecff869b59e4f673c0c63b2bc5c068e9f710933e6f61763699fd2/diff","WorkDir":"/var/lib/docker/overlay2/830e690ec83ecff869b59e4f673c0c63b2bc5c068e9f710933e6f61763699fd2/work"},"Name":"overlay2"},"Mounts":[{"Type":"volume","Name":"25868b8cea8ad6eba7f00a6fe83e8848def5cff8aab5c5943024031400fa063d","Source":"/var/lib/docker/volumes/25868b8cea8ad6eba7f00a6fe83e8848def5cff8aab5c5943024031400fa063d/_data","Destination":"/var/lib/mysql","Driver":"local","Mode":"","RW":true,"Propagation":""}],"Config":{"Hostname":"cd5ecdf38df0","Domainname":"","User":"","AttachStdin":false,"AttachStdout":false,"AttachStderr":false,"ExposedPorts":{"3306/tcp":{},"33060/tcp":{}},"Tty":false,"OpenStdin":false,"StdinOnce":false,"Env":["MYSQL_DATABASE=adm_videos","MYSQL_PASSWORD=123456","MYSQL_ROOT_PASSWORD=123456","PATH=/usr/local/sbin:/usr/local/bin:/usr/sbin:/usr/bin:/sbin:/bin","GOSU_VERSION=1.16","MYSQL_MAJOR=8.0","MYSQL_VERSION=8.0.32-1.el8","MYSQL_SHELL_VERSION=8.0.32-1.el8"],"Cmd":["mysqld"],"Image":"mysql:latest","Volumes":{"/var/lib/mysql":{}},"WorkingDir":"","Entrypoint":["docker-entrypoint.sh"],"OnBuild":null,"Labels":{"org.testcontainers":"true","org.testcontainers.lang":"java","org.testcontainers.sessionId":"71b9672a-6f61-4546-a7b6-d603100b2e56","org.testcontainers.version":"1.17.6"}},"NetworkSettings":{"Bridge":"","SandboxID":"56762d63452c709eadac6b5c5f4b6cdd30da833580c632f91fd658806eaf4ddb","HairpinMode":false,"LinkLocalIPv6Address":"","LinkLocalIPv6PrefixLen":0,"Ports":{"3306/tcp":[{"HostIp":"0.0.0.0","HostPort":"63819"}],"33060/tcp":null},"SandboxKey":"/var/run/docker/netns/56762d63452c","SecondaryIPAddresses":null,"SecondaryIPv6Addresses":null,"EndpointID":"92fc2600684327987bceb8e2716a72ba2420fccd56812c1491af8c03946e105c","Gateway":"172.17.0.1","GlobalIPv6Address":"","GlobalIPv6PrefixLen":0,"IPAddress":"172.17.0.3","IPPrefixLen":16,"IPv6Gateway":"","MacAddress":"02:42:ac:11:00:03","Networks":{"bridge":{"IPAMConfig":null,"Links":null,"Aliases":null,"NetworkID":"308e234c143065751b16b4500cb9f48d5c7fc2116504b3d816a5e51cd4771062","EndpointID":"92fc2600684327987bceb8e2716a72ba2420fccd56812c1491af8c03946e105c","Gateway":"172.17.0.1","IPAddress":"172.17.0.3","IPPrefixLen":16,"IPv6Gateway":"","GlobalIPv6Address":"","GlobalIPv6PrefixLen":0,"MacAddress":"02:42:ac:11:00:03","DriverOpts":null}}}}[\n]"
01:14:53.706 [Test worker] DEBUG com.github.dockerjava.zerodep.shaded.org.apache.hc.client5.http.wire - http-outgoing-2 << "[\r][\n]"
01:14:53.707 [Test worker] DEBUG com.github.dockerjava.zerodep.shaded.org.apache.hc.client5.http.wire - http-outgoing-2 << "0[\r][\n]"
01:14:53.707 [Test worker] DEBUG com.github.dockerjava.zerodep.shaded.org.apache.hc.client5.http.wire - http-outgoing-2 << "[\r][\n]"
01:14:53.707 [Test worker] DEBUG com.github.dockerjava.zerodep.shaded.org.apache.hc.client5.http.impl.classic.InternalHttpClient - ep-00000063: releasing valid endpoint
01:14:53.708 [Test worker] DEBUG com.github.dockerjava.zerodep.shaded.org.apache.hc.client5.http.impl.io.PoolingHttpClientConnectionManager - ep-00000063: releasing endpoint
01:14:53.708 [Test worker] DEBUG com.github.dockerjava.zerodep.shaded.org.apache.hc.client5.http.impl.io.PoolingHttpClientConnectionManager - ep-00000063: connection http-outgoing-2 can be kept alive for 3 MINUTES
01:14:53.708 [Test worker] DEBUG com.github.dockerjava.zerodep.shaded.org.apache.hc.client5.http.impl.io.PoolingHttpClientConnectionManager - ep-00000063: connection released [route: {}->unix://localhost:2375][total available: 1; route allocated: 1 of 2147483647; total allocated: 1 of 2147483647]
01:14:53.708 [Test worker] DEBUG ]]>&#x1f433;<![CDATA[ [mysql:latest] - Trying to create JDBC connection using com.mysql.cj.jdbc.Driver to jdbc:mysql://localhost:63819/adm_videos?useSSL=false&allowPublicKeyRetrieval=true with properties: {password=123456, user=root}
01:14:53.820 [Test worker] DEBUG org.testcontainers.shaded.com.github.dockerjava.core.command.AbstrDockerCmd - Cmd: cd5ecdf38df06b4092e6cf67100cd20ad9c3cb4b6e9303874a7bd89885b140c9,false
01:14:53.820 [Test worker] DEBUG org.testcontainers.shaded.com.github.dockerjava.core.exec.InspectContainerCmdExec - GET: DefaultWebTarget{path=[/containers/cd5ecdf38df06b4092e6cf67100cd20ad9c3cb4b6e9303874a7bd89885b140c9/json], queryParams={}}
01:14:53.821 [Test worker] DEBUG com.github.dockerjava.zerodep.shaded.org.apache.hc.client5.http.impl.classic.InternalHttpClient - ex-00000065: preparing request execution
01:14:53.821 [Test worker] DEBUG com.github.dockerjava.zerodep.shaded.org.apache.hc.client5.http.protocol.RequestAddCookies - Cookie spec selected: strict
01:14:53.821 [Test worker] DEBUG com.github.dockerjava.zerodep.shaded.org.apache.hc.client5.http.protocol.RequestAuthCache - Auth cache not set in the context
01:14:53.821 [Test worker] DEBUG com.github.dockerjava.zerodep.shaded.org.apache.hc.client5.http.impl.classic.ProtocolExec - ex-00000065: target auth state: UNCHALLENGED
01:14:53.821 [Test worker] DEBUG com.github.dockerjava.zerodep.shaded.org.apache.hc.client5.http.impl.classic.ProtocolExec - ex-00000065: proxy auth state: UNCHALLENGED
01:14:53.821 [Test worker] DEBUG com.github.dockerjava.zerodep.shaded.org.apache.hc.client5.http.impl.classic.ConnectExec - ex-00000065: acquiring connection with route {}->unix://localhost:2375
01:14:53.821 [Test worker] DEBUG com.github.dockerjava.zerodep.shaded.org.apache.hc.client5.http.impl.classic.InternalHttpClient - ex-00000065: acquiring endpoint (3 MINUTES)
01:14:53.821 [Test worker] DEBUG com.github.dockerjava.zerodep.shaded.org.apache.hc.client5.http.impl.io.PoolingHttpClientConnectionManager - ex-00000065: endpoint lease request (3 MINUTES) [route: {}->unix://localhost:2375][total available: 1; route allocated: 1 of 2147483647; total allocated: 1 of 2147483647]
01:14:53.822 [Test worker] DEBUG com.github.dockerjava.zerodep.shaded.org.apache.hc.client5.http.impl.io.PoolingHttpClientConnectionManager - ex-00000065: endpoint leased [route: {}->unix://localhost:2375][total available: 0; route allocated: 1 of 2147483647; total allocated: 1 of 2147483647]
01:14:53.822 [Test worker] DEBUG com.github.dockerjava.zerodep.shaded.org.apache.hc.client5.http.impl.io.PoolingHttpClientConnectionManager - ex-00000065: acquired ep-00000064
01:14:53.822 [Test worker] DEBUG com.github.dockerjava.zerodep.shaded.org.apache.hc.client5.http.impl.classic.InternalHttpClient - ex-00000065: acquired endpoint ep-00000064
01:14:53.822 [Test worker] DEBUG com.github.dockerjava.zerodep.shaded.org.apache.hc.client5.http.impl.classic.MainClientExec - ex-00000065: executing GET /v1.32/containers/cd5ecdf38df06b4092e6cf67100cd20ad9c3cb4b6e9303874a7bd89885b140c9/json HTTP/1.1
01:14:53.822 [Test worker] DEBUG com.github.dockerjava.zerodep.shaded.org.apache.hc.client5.http.impl.classic.InternalHttpClient - ep-00000064: start execution ex-00000065
01:14:53.822 [Test worker] DEBUG com.github.dockerjava.zerodep.shaded.org.apache.hc.client5.http.impl.io.PoolingHttpClientConnectionManager - ep-00000064: executing exchange ex-00000065 over http-outgoing-2
01:14:53.822 [Test worker] DEBUG com.github.dockerjava.zerodep.shaded.org.apache.hc.client5.http.headers - http-outgoing-2 >> GET /v1.32/containers/cd5ecdf38df06b4092e6cf67100cd20ad9c3cb4b6e9303874a7bd89885b140c9/json HTTP/1.1
01:14:53.822 [Test worker] DEBUG com.github.dockerjava.zerodep.shaded.org.apache.hc.client5.http.headers - http-outgoing-2 >> accept: application/json
01:14:53.822 [Test worker] DEBUG com.github.dockerjava.zerodep.shaded.org.apache.hc.client5.http.headers - http-outgoing-2 >> x-tc-sid: 71b9672a-6f61-4546-a7b6-d603100b2e56
01:14:53.822 [Test worker] DEBUG com.github.dockerjava.zerodep.shaded.org.apache.hc.client5.http.headers - http-outgoing-2 >> Accept-Encoding: gzip, x-gzip, deflate
01:14:53.822 [Test worker] DEBUG com.github.dockerjava.zerodep.shaded.org.apache.hc.client5.http.headers - http-outgoing-2 >> Host: localhost:2375
01:14:53.822 [Test worker] DEBUG com.github.dockerjava.zerodep.shaded.org.apache.hc.client5.http.headers - http-outgoing-2 >> Connection: keep-alive
01:14:53.822 [Test worker] DEBUG com.github.dockerjava.zerodep.shaded.org.apache.hc.client5.http.headers - http-outgoing-2 >> User-Agent: Apache-HttpClient/5.0.3 (Java/17.0.2)
01:14:53.822 [Test worker] DEBUG com.github.dockerjava.zerodep.shaded.org.apache.hc.client5.http.wire - http-outgoing-2 >> "GET /v1.32/containers/cd5ecdf38df06b4092e6cf67100cd20ad9c3cb4b6e9303874a7bd89885b140c9/json HTTP/1.1[\r][\n]"
01:14:53.822 [Test worker] DEBUG com.github.dockerjava.zerodep.shaded.org.apache.hc.client5.http.wire - http-outgoing-2 >> "accept: application/json[\r][\n]"
01:14:53.822 [Test worker] DEBUG com.github.dockerjava.zerodep.shaded.org.apache.hc.client5.http.wire - http-outgoing-2 >> "x-tc-sid: 71b9672a-6f61-4546-a7b6-d603100b2e56[\r][\n]"
01:14:53.822 [Test worker] DEBUG com.github.dockerjava.zerodep.shaded.org.apache.hc.client5.http.wire - http-outgoing-2 >> "Accept-Encoding: gzip, x-gzip, deflate[\r][\n]"
01:14:53.822 [Test worker] DEBUG com.github.dockerjava.zerodep.shaded.org.apache.hc.client5.http.wire - http-outgoing-2 >> "Host: localhost:2375[\r][\n]"
01:14:53.822 [Test worker] DEBUG com.github.dockerjava.zerodep.shaded.org.apache.hc.client5.http.wire - http-outgoing-2 >> "Connection: keep-alive[\r][\n]"
01:14:53.822 [Test worker] DEBUG com.github.dockerjava.zerodep.shaded.org.apache.hc.client5.http.wire - http-outgoing-2 >> "User-Agent: Apache-HttpClient/5.0.3 (Java/17.0.2)[\r][\n]"
01:14:53.822 [Test worker] DEBUG com.github.dockerjava.zerodep.shaded.org.apache.hc.client5.http.wire - http-outgoing-2 >> "[\r][\n]"
01:14:53.828 [Test worker] DEBUG com.github.dockerjava.zerodep.shaded.org.apache.hc.client5.http.wire - http-outgoing-2 << "HTTP/1.1 200 OK[\r][\n]"
01:14:53.828 [Test worker] DEBUG com.github.dockerjava.zerodep.shaded.org.apache.hc.client5.http.wire - http-outgoing-2 << "Api-Version: 1.41[\r][\n]"
01:14:53.828 [Test worker] DEBUG com.github.dockerjava.zerodep.shaded.org.apache.hc.client5.http.wire - http-outgoing-2 << "Content-Type: application/json[\r][\n]"
01:14:53.828 [Test worker] DEBUG com.github.dockerjava.zerodep.shaded.org.apache.hc.client5.http.wire - http-outgoing-2 << "Date: Tue, 28 Mar 2023 04:14:53 GMT[\r][\n]"
01:14:53.829 [Test worker] DEBUG com.github.dockerjava.zerodep.shaded.org.apache.hc.client5.http.wire - http-outgoing-2 << "Docker-Experimental: false[\r][\n]"
01:14:53.829 [Test worker] DEBUG com.github.dockerjava.zerodep.shaded.org.apache.hc.client5.http.wire - http-outgoing-2 << "Ostype: linux[\r][\n]"
01:14:53.829 [Test worker] DEBUG com.github.dockerjava.zerodep.shaded.org.apache.hc.client5.http.wire - http-outgoing-2 << "Server: Docker/20.10.21 (linux)[\r][\n]"
01:14:53.829 [Test worker] DEBUG com.github.dockerjava.zerodep.shaded.org.apache.hc.client5.http.wire - http-outgoing-2 << "Transfer-Encoding: chunked[\r][\n]"
01:14:53.829 [Test worker] DEBUG com.github.dockerjava.zerodep.shaded.org.apache.hc.client5.http.wire - http-outgoing-2 << "[\r][\n]"
01:14:53.829 [Test worker] DEBUG com.github.dockerjava.zerodep.shaded.org.apache.hc.client5.http.headers - http-outgoing-2 << HTTP/1.1 200 OK
01:14:53.829 [Test worker] DEBUG com.github.dockerjava.zerodep.shaded.org.apache.hc.client5.http.headers - http-outgoing-2 << Api-Version: 1.41
01:14:53.829 [Test worker] DEBUG com.github.dockerjava.zerodep.shaded.org.apache.hc.client5.http.headers - http-outgoing-2 << Content-Type: application/json
01:14:53.829 [Test worker] DEBUG com.github.dockerjava.zerodep.shaded.org.apache.hc.client5.http.headers - http-outgoing-2 << Date: Tue, 28 Mar 2023 04:14:53 GMT
01:14:53.829 [Test worker] DEBUG com.github.dockerjava.zerodep.shaded.org.apache.hc.client5.http.headers - http-outgoing-2 << Docker-Experimental: false
01:14:53.829 [Test worker] DEBUG com.github.dockerjava.zerodep.shaded.org.apache.hc.client5.http.headers - http-outgoing-2 << Ostype: linux
01:14:53.829 [Test worker] DEBUG com.github.dockerjava.zerodep.shaded.org.apache.hc.client5.http.headers - http-outgoing-2 << Server: Docker/20.10.21 (linux)
01:14:53.829 [Test worker] DEBUG com.github.dockerjava.zerodep.shaded.org.apache.hc.client5.http.headers - http-outgoing-2 << Transfer-Encoding: chunked
01:14:53.829 [Test worker] DEBUG com.github.dockerjava.zerodep.shaded.org.apache.hc.client5.http.impl.classic.MainClientExec - ex-00000065: connection can be kept alive for 3 MINUTES
01:14:53.832 [Test worker] DEBUG com.github.dockerjava.zerodep.shaded.org.apache.hc.client5.http.wire - http-outgoing-2 << "18c1[\r][\n]"
01:14:53.832 [Test worker] DEBUG com.github.dockerjava.zerodep.shaded.org.apache.hc.client5.http.wire - http-outgoing-2 << "{"Id":"cd5ecdf38df06b4092e6cf67100cd20ad9c3cb4b6e9303874a7bd89885b140c9","Created":"2023-03-28T04:14:43.179040379Z","Path":"docker-entrypoint.sh","Args":["mysqld"],"State":{"Status":"running","Running":true,"Paused":false,"Restarting":false,"OOMKilled":false,"Dead":false,"Pid":20152,"ExitCode":0,"Error":"","StartedAt":"2023-03-28T04:14:43.680338005Z","FinishedAt":"0001-01-01T00:00:00Z"},"Image":"sha256:c7c54c29e20dccc1aefb936c8eba8bb8b98b87a4921102aba87fde2df5810af9","ResolvConfPath":"/var/lib/docker/containers/cd5ecdf38df06b4092e6cf67100cd20ad9c3cb4b6e9303874a7bd89885b140c9/resolv.conf","HostnamePath":"/var/lib/docker/containers/cd5ecdf38df06b4092e6cf67100cd20ad9c3cb4b6e9303874a7bd89885b140c9/hostname","HostsPath":"/var/lib/docker/containers/cd5ecdf38df06b4092e6cf67100cd20ad9c3cb4b6e9303874a7bd89885b140c9/hosts","LogPath":"/var/lib/docker/containers/cd5ecdf38df06b4092e6cf67100cd20ad9c3cb4b6e9303874a7bd89885b140c9/cd5ecdf38df06b4092e6cf67100cd20ad9c3cb4b6e9303874a7bd89885b140c9-json.log","Name":"/keen_matsumoto","RestartCount":0,"Driver":"overlay2","Platform":"linux","MountLabel":"","ProcessLabel":"","AppArmorProfile":"","ExecIDs":null,"HostConfig":{"Binds":[],"ContainerIDFile":"","LogConfig":{"Type":"json-file","Config":{}},"NetworkMode":"default","PortBindings":{"3306/tcp":[{"HostIp":"0.0.0.0","HostPort":"0"}]},"RestartPolicy":{"Name":"","MaximumRetryCount":0},"AutoRemove":false,"VolumeDriver":"","VolumesFrom":[],"CapAdd":null,"CapDrop":null,"CgroupnsMode":"private","Dns":null,"DnsOptions":null,"DnsSearch":null,"ExtraHosts":[],"GroupAdd":null,"IpcMode":"shareable","Cgroup":"","Links":null,"OomScoreAdj":0,"PidMode":"","Privileged":false,"PublishAllPorts":false,"ReadonlyRootfs":false,"SecurityOpt":null,"UTSMode":"","UsernsMode":"","ShmSize":67108864,"Runtime":"runc","ConsoleSize":[0,0],"Isolation":"","CpuShares":0,"Memory":0,"NanoCpus":0,"CgroupParent":"","BlkioWeight":0,"BlkioWeightDevice":null,"BlkioDeviceReadBps":null,"BlkioDeviceWriteBps":null,"BlkioDeviceReadIOps":null,"BlkioDeviceWriteIOps":null,"CpuPeriod":0,"CpuQuota":0,"CpuRealtimePeriod":0,"CpuRealtimeRuntime":0,"CpusetCpus":"","CpusetMems":"","Devices":null,"DeviceCgroupRules":null,"DeviceRequests":null,"KernelMemory":0,"KernelMemoryTCP":0,"MemoryReservation":0,"MemorySwap":0,"MemorySwappiness":null,"OomKillDisable":null,"PidsLimit":null,"Ulimits":null,"CpuCount":0,"CpuPercent":0,"IOMaximumIOps":0,"IOMaximumBandwidth":0,"MaskedPaths":["/proc/asound","/proc/acpi","/proc/kcore","/proc/keys","/proc/latency_stats","/proc/timer_list","/proc/timer_stats","/proc/sched_debug","/proc/scsi","/sys/firmware"],"ReadonlyPaths":["/proc/bus","/proc/fs","/proc/irq","/proc/sys","/proc/sysrq-trigger"]},"GraphDriver":{"Data":{"LowerDir":"/var/lib/docker/overlay2/830e690ec83ecff869b59e4f673c0c63b2bc5c068e9f710933e6f61763699fd2-init/diff:/var/lib/docker/overlay2/1bd8849d7a296305617011f940aa5cfabbe972a513397b1b6bbc27639b6c1f30/diff:/var/lib/docker/overlay2/199d69b2fbf78af4d4c95dec4fd2f8835ab0347eb49fb20ebb2ff3b99fedd6ad/diff:/var/lib/docker/overlay2/d83c38d654989311f75b9491329846033bfb7714de76ef635380dcfad5c740d9/diff:/var/lib/docker/overlay2/08600d0aea2ab2728bebcf5d2589c640a842f53d1ba3c4a4adccb4d03b923cf6/diff:/var/lib/docker/overlay2/9ec7c63a3fb14d13ac788bbf5e282ca821edc41260b79944e5e631037d13ecda/diff:/var/lib/docker/overlay2/db601d7a1b4ea6da638db620462f0da96fa55c559d02269c9ddb09027936ed87/diff:/var/lib/docker/overlay2/a6d2bd03f942e2565f21e74cfe152c7ec836a1c2b583f0790c685b92bdcfda24/diff:/var/lib/docker/overlay2/9badd16ea2c5e2bf1fde8b579683e41137dfc46ed5449234149f199a6751cc84/diff:/var/lib/docker/overlay2/6efb85646ed12e2d1181ef4cc6f6f6732c00c15a4035fe17ebc4f075ca573c30/diff:/var/lib/docker/overlay2/895d7c0ec09144d6ed33936f4e98e11c18010f7abd708cae1ce43aec7a7f2621/diff:/var/lib/docker/overlay2/1c4ba77aa573ab6e5e5069fd15eae71b3da940bde0f97a922a227ffc8a1d1096/diff","MergedDir":"/var/lib/docker/overlay2/830e690ec83ecff869b59e4f673c0c63b2bc5c068e9f710933e6f61763699fd2/merged","UpperDir":"/var/lib/docker/overlay2/830e690ec83ecff869b59e4f673c0c63b2bc5c068e9f710933e6f61763699fd2/diff","WorkDir":"/var/lib/docker/overlay2/830e690ec83ecff869b59e4f673c0c63b2bc5c068e9f710933e6f61763699fd2/work"},"Name":"overlay2"},"Mounts":[{"Type":"volume","Name":"25868b8cea8ad6eba7f00a6fe83e8848def5cff8aab5c5943024031400fa063d","Source":"/var/lib/docker/volumes/25868b8cea8ad6eba7f00a6fe83e8848def5cff8aab5c5943024031400fa063d/_data","Destination":"/var/lib/mysql","Driver":"local","Mode":"","RW":true,"Propagation":""}],"Config":{"Hostname":"cd5ecdf38df0","Domainname":"","User":"","AttachStdin":false,"AttachStdout":false,"AttachStderr":false,"ExposedPorts":{"3306/tcp":{},"33060/tcp":{}},"Tty":false,"OpenStdin":false,"StdinOnce":false,"Env":["MYSQL_DATABASE=adm_videos","MYSQL_PASSWORD=123456","MYSQL_ROOT_PASSWORD=123456","PATH=/usr/local/sbin:/usr/local/bin:/usr/sbin:/usr/bin:/sbin:/bin","GOSU_VERSION=1.16","MYSQL_MAJOR=8.0","MYSQL_VERSION=8.0.32-1.el8","MYSQL_SHELL_VERSION=8.0.32-1.el8"],"Cmd":["mysqld"],"Image":"mysql:latest","Volumes":{"/var/lib/mysql":{}},"WorkingDir":"","Entrypoint":["docker-entrypoint.sh"],"OnBuild":null,"Labels":{"org.testcontainers":"true","org.testcontainers.lang":"java","org.testcontainers.sessionId":"71b9672a-6f61-4546-a7b6-d603100b2e56","org.testcontainers.version":"1.17.6"}},"NetworkSettings":{"Bridge":"","SandboxID":"56762d63452c709eadac6b5c5f4b6cdd30da833580c632f91fd658806eaf4ddb","HairpinMode":false,"LinkLocalIPv6Address":"","LinkLocalIPv6PrefixLen":0,"Ports":{"3306/tcp":[{"HostIp":"0.0.0.0","HostPort":"63819"}],"33060/tcp":null},"SandboxKey":"/var/run/docker/netns/56762d63452c","SecondaryIPAddresses":null,"SecondaryIPv6Addresses":null,"EndpointID":"92fc2600684327987bceb8e2716a72ba2420fccd56812c1491af8c03946e105c","Gateway":"172.17.0.1","GlobalIPv6Address":"","GlobalIPv6PrefixLen":0,"IPAddress":"172.17.0.3","IPPrefixLen":16,"IPv6Gateway":"","MacAddress":"02:42:ac:11:00:03","Networks":{"bridge":{"IPAMConfig":null,"Links":null,"Aliases":null,"NetworkID":"308e234c143065751b16b4500cb9f48d5c7fc2116504b3d816a5e51cd4771062","EndpointID":"92fc2600684327987bceb8e2716a72ba2420fccd56812c1491af8c03946e105c","Gateway":"172.17.0.1","IPAddress":"172.17.0.3","IPPrefixLen":16,"IPv6Gateway":"","GlobalIPv6Address":"","GlobalIPv6PrefixLen":0,"MacAddress":"02:42:ac:11:00:03","DriverOpts":null}}}}[\n]"
01:14:53.832 [Test worker] DEBUG com.github.dockerjava.zerodep.shaded.org.apache.hc.client5.http.wire - http-outgoing-2 << "[\r][\n]"
01:14:53.833 [Test worker] DEBUG com.github.dockerjava.zerodep.shaded.org.apache.hc.client5.http.wire - http-outgoing-2 << "0[\r][\n]"
01:14:53.833 [Test worker] DEBUG com.github.dockerjava.zerodep.shaded.org.apache.hc.client5.http.wire - http-outgoing-2 << "[\r][\n]"
01:14:53.833 [Test worker] DEBUG com.github.dockerjava.zerodep.shaded.org.apache.hc.client5.http.impl.classic.InternalHttpClient - ep-00000064: releasing valid endpoint
01:14:53.833 [Test worker] DEBUG com.github.dockerjava.zerodep.shaded.org.apache.hc.client5.http.impl.io.PoolingHttpClientConnectionManager - ep-00000064: releasing endpoint
01:14:53.833 [Test worker] DEBUG com.github.dockerjava.zerodep.shaded.org.apache.hc.client5.http.impl.io.PoolingHttpClientConnectionManager - ep-00000064: connection http-outgoing-2 can be kept alive for 3 MINUTES
01:14:53.833 [Test worker] DEBUG com.github.dockerjava.zerodep.shaded.org.apache.hc.client5.http.impl.io.PoolingHttpClientConnectionManager - ep-00000064: connection released [route: {}->unix://localhost:2375][total available: 1; route allocated: 1 of 2147483647; total allocated: 1 of 2147483647]
01:14:53.833 [Test worker] DEBUG ]]>&#x1f433;<![CDATA[ [mysql:latest] - Trying to create JDBC connection using com.mysql.cj.jdbc.Driver to jdbc:mysql://localhost:63819/adm_videos?useSSL=false&allowPublicKeyRetrieval=true with properties: {password=123456, user=root}
01:14:53.942 [Test worker] DEBUG org.testcontainers.shaded.com.github.dockerjava.core.command.AbstrDockerCmd - Cmd: cd5ecdf38df06b4092e6cf67100cd20ad9c3cb4b6e9303874a7bd89885b140c9,false
01:14:53.942 [Test worker] DEBUG org.testcontainers.shaded.com.github.dockerjava.core.exec.InspectContainerCmdExec - GET: DefaultWebTarget{path=[/containers/cd5ecdf38df06b4092e6cf67100cd20ad9c3cb4b6e9303874a7bd89885b140c9/json], queryParams={}}
01:14:53.942 [Test worker] DEBUG com.github.dockerjava.zerodep.shaded.org.apache.hc.client5.http.impl.classic.InternalHttpClient - ex-00000066: preparing request execution
01:14:53.943 [Test worker] DEBUG com.github.dockerjava.zerodep.shaded.org.apache.hc.client5.http.protocol.RequestAddCookies - Cookie spec selected: strict
01:14:53.943 [Test worker] DEBUG com.github.dockerjava.zerodep.shaded.org.apache.hc.client5.http.protocol.RequestAuthCache - Auth cache not set in the context
01:14:53.943 [Test worker] DEBUG com.github.dockerjava.zerodep.shaded.org.apache.hc.client5.http.impl.classic.ProtocolExec - ex-00000066: target auth state: UNCHALLENGED
01:14:53.943 [Test worker] DEBUG com.github.dockerjava.zerodep.shaded.org.apache.hc.client5.http.impl.classic.ProtocolExec - ex-00000066: proxy auth state: UNCHALLENGED
01:14:53.943 [Test worker] DEBUG com.github.dockerjava.zerodep.shaded.org.apache.hc.client5.http.impl.classic.ConnectExec - ex-00000066: acquiring connection with route {}->unix://localhost:2375
01:14:53.943 [Test worker] DEBUG com.github.dockerjava.zerodep.shaded.org.apache.hc.client5.http.impl.classic.InternalHttpClient - ex-00000066: acquiring endpoint (3 MINUTES)
01:14:53.943 [Test worker] DEBUG com.github.dockerjava.zerodep.shaded.org.apache.hc.client5.http.impl.io.PoolingHttpClientConnectionManager - ex-00000066: endpoint lease request (3 MINUTES) [route: {}->unix://localhost:2375][total available: 1; route allocated: 1 of 2147483647; total allocated: 1 of 2147483647]
01:14:53.943 [Test worker] DEBUG com.github.dockerjava.zerodep.shaded.org.apache.hc.client5.http.impl.io.PoolingHttpClientConnectionManager - ex-00000066: endpoint leased [route: {}->unix://localhost:2375][total available: 0; route allocated: 1 of 2147483647; total allocated: 1 of 2147483647]
01:14:53.943 [Test worker] DEBUG com.github.dockerjava.zerodep.shaded.org.apache.hc.client5.http.impl.io.PoolingHttpClientConnectionManager - ex-00000066: acquired ep-00000065
01:14:53.943 [Test worker] DEBUG com.github.dockerjava.zerodep.shaded.org.apache.hc.client5.http.impl.classic.InternalHttpClient - ex-00000066: acquired endpoint ep-00000065
01:14:53.943 [Test worker] DEBUG com.github.dockerjava.zerodep.shaded.org.apache.hc.client5.http.impl.classic.MainClientExec - ex-00000066: executing GET /v1.32/containers/cd5ecdf38df06b4092e6cf67100cd20ad9c3cb4b6e9303874a7bd89885b140c9/json HTTP/1.1
01:14:53.943 [Test worker] DEBUG com.github.dockerjava.zerodep.shaded.org.apache.hc.client5.http.impl.classic.InternalHttpClient - ep-00000065: start execution ex-00000066
01:14:53.943 [Test worker] DEBUG com.github.dockerjava.zerodep.shaded.org.apache.hc.client5.http.impl.io.PoolingHttpClientConnectionManager - ep-00000065: executing exchange ex-00000066 over http-outgoing-2
01:14:53.943 [Test worker] DEBUG com.github.dockerjava.zerodep.shaded.org.apache.hc.client5.http.headers - http-outgoing-2 >> GET /v1.32/containers/cd5ecdf38df06b4092e6cf67100cd20ad9c3cb4b6e9303874a7bd89885b140c9/json HTTP/1.1
01:14:53.943 [Test worker] DEBUG com.github.dockerjava.zerodep.shaded.org.apache.hc.client5.http.headers - http-outgoing-2 >> accept: application/json
01:14:53.943 [Test worker] DEBUG com.github.dockerjava.zerodep.shaded.org.apache.hc.client5.http.headers - http-outgoing-2 >> x-tc-sid: 71b9672a-6f61-4546-a7b6-d603100b2e56
01:14:53.943 [Test worker] DEBUG com.github.dockerjava.zerodep.shaded.org.apache.hc.client5.http.headers - http-outgoing-2 >> Accept-Encoding: gzip, x-gzip, deflate
01:14:53.943 [Test worker] DEBUG com.github.dockerjava.zerodep.shaded.org.apache.hc.client5.http.headers - http-outgoing-2 >> Host: localhost:2375
01:14:53.943 [Test worker] DEBUG com.github.dockerjava.zerodep.shaded.org.apache.hc.client5.http.headers - http-outgoing-2 >> Connection: keep-alive
01:14:53.943 [Test worker] DEBUG com.github.dockerjava.zerodep.shaded.org.apache.hc.client5.http.headers - http-outgoing-2 >> User-Agent: Apache-HttpClient/5.0.3 (Java/17.0.2)
01:14:53.943 [Test worker] DEBUG com.github.dockerjava.zerodep.shaded.org.apache.hc.client5.http.wire - http-outgoing-2 >> "GET /v1.32/containers/cd5ecdf38df06b4092e6cf67100cd20ad9c3cb4b6e9303874a7bd89885b140c9/json HTTP/1.1[\r][\n]"
01:14:53.943 [Test worker] DEBUG com.github.dockerjava.zerodep.shaded.org.apache.hc.client5.http.wire - http-outgoing-2 >> "accept: application/json[\r][\n]"
01:14:53.943 [Test worker] DEBUG com.github.dockerjava.zerodep.shaded.org.apache.hc.client5.http.wire - http-outgoing-2 >> "x-tc-sid: 71b9672a-6f61-4546-a7b6-d603100b2e56[\r][\n]"
01:14:53.943 [Test worker] DEBUG com.github.dockerjava.zerodep.shaded.org.apache.hc.client5.http.wire - http-outgoing-2 >> "Accept-Encoding: gzip, x-gzip, deflate[\r][\n]"
01:14:53.943 [Test worker] DEBUG com.github.dockerjava.zerodep.shaded.org.apache.hc.client5.http.wire - http-outgoing-2 >> "Host: localhost:2375[\r][\n]"
01:14:53.943 [Test worker] DEBUG com.github.dockerjava.zerodep.shaded.org.apache.hc.client5.http.wire - http-outgoing-2 >> "Connection: keep-alive[\r][\n]"
01:14:53.943 [Test worker] DEBUG com.github.dockerjava.zerodep.shaded.org.apache.hc.client5.http.wire - http-outgoing-2 >> "User-Agent: Apache-HttpClient/5.0.3 (Java/17.0.2)[\r][\n]"
01:14:53.943 [Test worker] DEBUG com.github.dockerjava.zerodep.shaded.org.apache.hc.client5.http.wire - http-outgoing-2 >> "[\r][\n]"
01:14:53.945 [Test worker] DEBUG com.github.dockerjava.zerodep.shaded.org.apache.hc.client5.http.wire - http-outgoing-2 << "HTTP/1.1 200 OK[\r][\n]"
01:14:53.945 [Test worker] DEBUG com.github.dockerjava.zerodep.shaded.org.apache.hc.client5.http.wire - http-outgoing-2 << "Api-Version: 1.41[\r][\n]"
01:14:53.945 [Test worker] DEBUG com.github.dockerjava.zerodep.shaded.org.apache.hc.client5.http.wire - http-outgoing-2 << "Content-Type: application/json[\r][\n]"
01:14:53.945 [Test worker] DEBUG com.github.dockerjava.zerodep.shaded.org.apache.hc.client5.http.wire - http-outgoing-2 << "Date: Tue, 28 Mar 2023 04:14:53 GMT[\r][\n]"
01:14:53.945 [Test worker] DEBUG com.github.dockerjava.zerodep.shaded.org.apache.hc.client5.http.wire - http-outgoing-2 << "Docker-Experimental: false[\r][\n]"
01:14:53.945 [Test worker] DEBUG com.github.dockerjava.zerodep.shaded.org.apache.hc.client5.http.wire - http-outgoing-2 << "Ostype: linux[\r][\n]"
01:14:53.945 [Test worker] DEBUG com.github.dockerjava.zerodep.shaded.org.apache.hc.client5.http.wire - http-outgoing-2 << "Server: Docker/20.10.21 (linux)[\r][\n]"
01:14:53.945 [Test worker] DEBUG com.github.dockerjava.zerodep.shaded.org.apache.hc.client5.http.wire - http-outgoing-2 << "Transfer-Encoding: chunked[\r][\n]"
01:14:53.945 [Test worker] DEBUG com.github.dockerjava.zerodep.shaded.org.apache.hc.client5.http.wire - http-outgoing-2 << "[\r][\n]"
01:14:53.945 [Test worker] DEBUG com.github.dockerjava.zerodep.shaded.org.apache.hc.client5.http.headers - http-outgoing-2 << HTTP/1.1 200 OK
01:14:53.945 [Test worker] DEBUG com.github.dockerjava.zerodep.shaded.org.apache.hc.client5.http.headers - http-outgoing-2 << Api-Version: 1.41
01:14:53.945 [Test worker] DEBUG com.github.dockerjava.zerodep.shaded.org.apache.hc.client5.http.headers - http-outgoing-2 << Content-Type: application/json
01:14:53.945 [Test worker] DEBUG com.github.dockerjava.zerodep.shaded.org.apache.hc.client5.http.headers - http-outgoing-2 << Date: Tue, 28 Mar 2023 04:14:53 GMT
01:14:53.945 [Test worker] DEBUG com.github.dockerjava.zerodep.shaded.org.apache.hc.client5.http.headers - http-outgoing-2 << Docker-Experimental: false
01:14:53.945 [Test worker] DEBUG com.github.dockerjava.zerodep.shaded.org.apache.hc.client5.http.headers - http-outgoing-2 << Ostype: linux
01:14:53.945 [Test worker] DEBUG com.github.dockerjava.zerodep.shaded.org.apache.hc.client5.http.headers - http-outgoing-2 << Server: Docker/20.10.21 (linux)
01:14:53.945 [Test worker] DEBUG com.github.dockerjava.zerodep.shaded.org.apache.hc.client5.http.headers - http-outgoing-2 << Transfer-Encoding: chunked
01:14:53.945 [Test worker] DEBUG com.github.dockerjava.zerodep.shaded.org.apache.hc.client5.http.impl.classic.MainClientExec - ex-00000066: connection can be kept alive for 3 MINUTES
01:14:53.947 [Test worker] DEBUG com.github.dockerjava.zerodep.shaded.org.apache.hc.client5.http.wire - http-outgoing-2 << "18c1[\r][\n]"
01:14:53.947 [Test worker] DEBUG com.github.dockerjava.zerodep.shaded.org.apache.hc.client5.http.wire - http-outgoing-2 << "{"Id":"cd5ecdf38df06b4092e6cf67100cd20ad9c3cb4b6e9303874a7bd89885b140c9","Created":"2023-03-28T04:14:43.179040379Z","Path":"docker-entrypoint.sh","Args":["mysqld"],"State":{"Status":"running","Running":true,"Paused":false,"Restarting":false,"OOMKilled":false,"Dead":false,"Pid":20152,"ExitCode":0,"Error":"","StartedAt":"2023-03-28T04:14:43.680338005Z","FinishedAt":"0001-01-01T00:00:00Z"},"Image":"sha256:c7c54c29e20dccc1aefb936c8eba8bb8b98b87a4921102aba87fde2df5810af9","ResolvConfPath":"/var/lib/docker/containers/cd5ecdf38df06b4092e6cf67100cd20ad9c3cb4b6e9303874a7bd89885b140c9/resolv.conf","HostnamePath":"/var/lib/docker/containers/cd5ecdf38df06b4092e6cf67100cd20ad9c3cb4b6e9303874a7bd89885b140c9/hostname","HostsPath":"/var/lib/docker/containers/cd5ecdf38df06b4092e6cf67100cd20ad9c3cb4b6e9303874a7bd89885b140c9/hosts","LogPath":"/var/lib/docker/containers/cd5ecdf38df06b4092e6cf67100cd20ad9c3cb4b6e9303874a7bd89885b140c9/cd5ecdf38df06b4092e6cf67100cd20ad9c3cb4b6e9303874a7bd89885b140c9-json.log","Name":"/keen_matsumoto","RestartCount":0,"Driver":"overlay2","Platform":"linux","MountLabel":"","ProcessLabel":"","AppArmorProfile":"","ExecIDs":null,"HostConfig":{"Binds":[],"ContainerIDFile":"","LogConfig":{"Type":"json-file","Config":{}},"NetworkMode":"default","PortBindings":{"3306/tcp":[{"HostIp":"0.0.0.0","HostPort":"0"}]},"RestartPolicy":{"Name":"","MaximumRetryCount":0},"AutoRemove":false,"VolumeDriver":"","VolumesFrom":[],"CapAdd":null,"CapDrop":null,"CgroupnsMode":"private","Dns":null,"DnsOptions":null,"DnsSearch":null,"ExtraHosts":[],"GroupAdd":null,"IpcMode":"shareable","Cgroup":"","Links":null,"OomScoreAdj":0,"PidMode":"","Privileged":false,"PublishAllPorts":false,"ReadonlyRootfs":false,"SecurityOpt":null,"UTSMode":"","UsernsMode":"","ShmSize":67108864,"Runtime":"runc","ConsoleSize":[0,0],"Isolation":"","CpuShares":0,"Memory":0,"NanoCpus":0,"CgroupParent":"","BlkioWeight":0,"BlkioWeightDevice":null,"BlkioDeviceReadBps":null,"BlkioDeviceWriteBps":null,"BlkioDeviceReadIOps":null,"BlkioDeviceWriteIOps":null,"CpuPeriod":0,"CpuQuota":0,"CpuRealtimePeriod":0,"CpuRealtimeRuntime":0,"CpusetCpus":"","CpusetMems":"","Devices":null,"DeviceCgroupRules":null,"DeviceRequests":null,"KernelMemory":0,"KernelMemoryTCP":0,"MemoryReservation":0,"MemorySwap":0,"MemorySwappiness":null,"OomKillDisable":null,"PidsLimit":null,"Ulimits":null,"CpuCount":0,"CpuPercent":0,"IOMaximumIOps":0,"IOMaximumBandwidth":0,"MaskedPaths":["/proc/asound","/proc/acpi","/proc/kcore","/proc/keys","/proc/latency_stats","/proc/timer_list","/proc/timer_stats","/proc/sched_debug","/proc/scsi","/sys/firmware"],"ReadonlyPaths":["/proc/bus","/proc/fs","/proc/irq","/proc/sys","/proc/sysrq-trigger"]},"GraphDriver":{"Data":{"LowerDir":"/var/lib/docker/overlay2/830e690ec83ecff869b59e4f673c0c63b2bc5c068e9f710933e6f61763699fd2-init/diff:/var/lib/docker/overlay2/1bd8849d7a296305617011f940aa5cfabbe972a513397b1b6bbc27639b6c1f30/diff:/var/lib/docker/overlay2/199d69b2fbf78af4d4c95dec4fd2f8835ab0347eb49fb20ebb2ff3b99fedd6ad/diff:/var/lib/docker/overlay2/d83c38d654989311f75b9491329846033bfb7714de76ef635380dcfad5c740d9/diff:/var/lib/docker/overlay2/08600d0aea2ab2728bebcf5d2589c640a842f53d1ba3c4a4adccb4d03b923cf6/diff:/var/lib/docker/overlay2/9ec7c63a3fb14d13ac788bbf5e282ca821edc41260b79944e5e631037d13ecda/diff:/var/lib/docker/overlay2/db601d7a1b4ea6da638db620462f0da96fa55c559d02269c9ddb09027936ed87/diff:/var/lib/docker/overlay2/a6d2bd03f942e2565f21e74cfe152c7ec836a1c2b583f0790c685b92bdcfda24/diff:/var/lib/docker/overlay2/9badd16ea2c5e2bf1fde8b579683e41137dfc46ed5449234149f199a6751cc84/diff:/var/lib/docker/overlay2/6efb85646ed12e2d1181ef4cc6f6f6732c00c15a4035fe17ebc4f075ca573c30/diff:/var/lib/docker/overlay2/895d7c0ec09144d6ed33936f4e98e11c18010f7abd708cae1ce43aec7a7f2621/diff:/var/lib/docker/overlay2/1c4ba77aa573ab6e5e5069fd15eae71b3da940bde0f97a922a227ffc8a1d1096/diff","MergedDir":"/var/lib/docker/overlay2/830e690ec83ecff869b59e4f673c0c63b2bc5c068e9f710933e6f61763699fd2/merged","UpperDir":"/var/lib/docker/overlay2/830e690ec83ecff869b59e4f673c0c63b2bc5c068e9f710933e6f61763699fd2/diff","WorkDir":"/var/lib/docker/overlay2/830e690ec83ecff869b59e4f673c0c63b2bc5c068e9f710933e6f61763699fd2/work"},"Name":"overlay2"},"Mounts":[{"Type":"volume","Name":"25868b8cea8ad6eba7f00a6fe83e8848def5cff8aab5c5943024031400fa063d","Source":"/var/lib/docker/volumes/25868b8cea8ad6eba7f00a6fe83e8848def5cff8aab5c5943024031400fa063d/_data","Destination":"/var/lib/mysql","Driver":"local","Mode":"","RW":true,"Propagation":""}],"Config":{"Hostname":"cd5ecdf38df0","Domainname":"","User":"","AttachStdin":false,"AttachStdout":false,"AttachStderr":false,"ExposedPorts":{"3306/tcp":{},"33060/tcp":{}},"Tty":false,"OpenStdin":false,"StdinOnce":false,"Env":["MYSQL_DATABASE=adm_videos","MYSQL_PASSWORD=123456","MYSQL_ROOT_PASSWORD=123456","PATH=/usr/local/sbin:/usr/local/bin:/usr/sbin:/usr/bin:/sbin:/bin","GOSU_VERSION=1.16","MYSQL_MAJOR=8.0","MYSQL_VERSION=8.0.32-1.el8","MYSQL_SHELL_VERSION=8.0.32-1.el8"],"Cmd":["mysqld"],"Image":"mysql:latest","Volumes":{"/var/lib/mysql":{}},"WorkingDir":"","Entrypoint":["docker-entrypoint.sh"],"OnBuild":null,"Labels":{"org.testcontainers":"true","org.testcontainers.lang":"java","org.testcontainers.sessionId":"71b9672a-6f61-4546-a7b6-d603100b2e56","org.testcontainers.version":"1.17.6"}},"NetworkSettings":{"Bridge":"","SandboxID":"56762d63452c709eadac6b5c5f4b6cdd30da833580c632f91fd658806eaf4ddb","HairpinMode":false,"LinkLocalIPv6Address":"","LinkLocalIPv6PrefixLen":0,"Ports":{"3306/tcp":[{"HostIp":"0.0.0.0","HostPort":"63819"}],"33060/tcp":null},"SandboxKey":"/var/run/docker/netns/56762d63452c","SecondaryIPAddresses":null,"SecondaryIPv6Addresses":null,"EndpointID":"92fc2600684327987bceb8e2716a72ba2420fccd56812c1491af8c03946e105c","Gateway":"172.17.0.1","GlobalIPv6Address":"","GlobalIPv6PrefixLen":0,"IPAddress":"172.17.0.3","IPPrefixLen":16,"IPv6Gateway":"","MacAddress":"02:42:ac:11:00:03","Networks":{"bridge":{"IPAMConfig":null,"Links":null,"Aliases":null,"NetworkID":"308e234c143065751b16b4500cb9f48d5c7fc2116504b3d816a5e51cd4771062","EndpointID":"92fc2600684327987bceb8e2716a72ba2420fccd56812c1491af8c03946e105c","Gateway":"172.17.0.1","IPAddress":"172.17.0.3","IPPrefixLen":16,"IPv6Gateway":"","GlobalIPv6Address":"","GlobalIPv6PrefixLen":0,"MacAddress":"02:42:ac:11:00:03","DriverOpts":null}}}}[\n]"
01:14:53.947 [Test worker] DEBUG com.github.dockerjava.zerodep.shaded.org.apache.hc.client5.http.wire - http-outgoing-2 << "[\r][\n]"
01:14:53.947 [Test worker] DEBUG com.github.dockerjava.zerodep.shaded.org.apache.hc.client5.http.wire - http-outgoing-2 << "0[\r][\n]"
01:14:53.947 [Test worker] DEBUG com.github.dockerjava.zerodep.shaded.org.apache.hc.client5.http.wire - http-outgoing-2 << "[\r][\n]"
01:14:53.947 [Test worker] DEBUG com.github.dockerjava.zerodep.shaded.org.apache.hc.client5.http.impl.classic.InternalHttpClient - ep-00000065: releasing valid endpoint
01:14:53.947 [Test worker] DEBUG com.github.dockerjava.zerodep.shaded.org.apache.hc.client5.http.impl.io.PoolingHttpClientConnectionManager - ep-00000065: releasing endpoint
01:14:53.947 [Test worker] DEBUG com.github.dockerjava.zerodep.shaded.org.apache.hc.client5.http.impl.io.PoolingHttpClientConnectionManager - ep-00000065: connection http-outgoing-2 can be kept alive for 3 MINUTES
01:14:53.947 [Test worker] DEBUG com.github.dockerjava.zerodep.shaded.org.apache.hc.client5.http.impl.io.PoolingHttpClientConnectionManager - ep-00000065: connection released [route: {}->unix://localhost:2375][total available: 1; route allocated: 1 of 2147483647; total allocated: 1 of 2147483647]
01:14:53.947 [Test worker] DEBUG ]]>&#x1f433;<![CDATA[ [mysql:latest] - Trying to create JDBC connection using com.mysql.cj.jdbc.Driver to jdbc:mysql://localhost:63819/adm_videos?useSSL=false&allowPublicKeyRetrieval=true with properties: {password=123456, user=root}
01:14:54.055 [Test worker] DEBUG org.testcontainers.shaded.com.github.dockerjava.core.command.AbstrDockerCmd - Cmd: cd5ecdf38df06b4092e6cf67100cd20ad9c3cb4b6e9303874a7bd89885b140c9,false
01:14:54.055 [Test worker] DEBUG org.testcontainers.shaded.com.github.dockerjava.core.exec.InspectContainerCmdExec - GET: DefaultWebTarget{path=[/containers/cd5ecdf38df06b4092e6cf67100cd20ad9c3cb4b6e9303874a7bd89885b140c9/json], queryParams={}}
01:14:54.055 [Test worker] DEBUG com.github.dockerjava.zerodep.shaded.org.apache.hc.client5.http.impl.classic.InternalHttpClient - ex-00000067: preparing request execution
01:14:54.055 [Test worker] DEBUG com.github.dockerjava.zerodep.shaded.org.apache.hc.client5.http.protocol.RequestAddCookies - Cookie spec selected: strict
01:14:54.055 [Test worker] DEBUG com.github.dockerjava.zerodep.shaded.org.apache.hc.client5.http.protocol.RequestAuthCache - Auth cache not set in the context
01:14:54.055 [Test worker] DEBUG com.github.dockerjava.zerodep.shaded.org.apache.hc.client5.http.impl.classic.ProtocolExec - ex-00000067: target auth state: UNCHALLENGED
01:14:54.055 [Test worker] DEBUG com.github.dockerjava.zerodep.shaded.org.apache.hc.client5.http.impl.classic.ProtocolExec - ex-00000067: proxy auth state: UNCHALLENGED
01:14:54.055 [Test worker] DEBUG com.github.dockerjava.zerodep.shaded.org.apache.hc.client5.http.impl.classic.ConnectExec - ex-00000067: acquiring connection with route {}->unix://localhost:2375
01:14:54.055 [Test worker] DEBUG com.github.dockerjava.zerodep.shaded.org.apache.hc.client5.http.impl.classic.InternalHttpClient - ex-00000067: acquiring endpoint (3 MINUTES)
01:14:54.055 [Test worker] DEBUG com.github.dockerjava.zerodep.shaded.org.apache.hc.client5.http.impl.io.PoolingHttpClientConnectionManager - ex-00000067: endpoint lease request (3 MINUTES) [route: {}->unix://localhost:2375][total available: 1; route allocated: 1 of 2147483647; total allocated: 1 of 2147483647]
01:14:54.055 [Test worker] DEBUG com.github.dockerjava.zerodep.shaded.org.apache.hc.client5.http.impl.io.PoolingHttpClientConnectionManager - ex-00000067: endpoint leased [route: {}->unix://localhost:2375][total available: 0; route allocated: 1 of 2147483647; total allocated: 1 of 2147483647]
01:14:54.055 [Test worker] DEBUG com.github.dockerjava.zerodep.shaded.org.apache.hc.client5.http.impl.io.PoolingHttpClientConnectionManager - ex-00000067: acquired ep-00000066
01:14:54.055 [Test worker] DEBUG com.github.dockerjava.zerodep.shaded.org.apache.hc.client5.http.impl.classic.InternalHttpClient - ex-00000067: acquired endpoint ep-00000066
01:14:54.055 [Test worker] DEBUG com.github.dockerjava.zerodep.shaded.org.apache.hc.client5.http.impl.classic.MainClientExec - ex-00000067: executing GET /v1.32/containers/cd5ecdf38df06b4092e6cf67100cd20ad9c3cb4b6e9303874a7bd89885b140c9/json HTTP/1.1
01:14:54.055 [Test worker] DEBUG com.github.dockerjava.zerodep.shaded.org.apache.hc.client5.http.impl.classic.InternalHttpClient - ep-00000066: start execution ex-00000067
01:14:54.055 [Test worker] DEBUG com.github.dockerjava.zerodep.shaded.org.apache.hc.client5.http.impl.io.PoolingHttpClientConnectionManager - ep-00000066: executing exchange ex-00000067 over http-outgoing-2
01:14:54.055 [Test worker] DEBUG com.github.dockerjava.zerodep.shaded.org.apache.hc.client5.http.headers - http-outgoing-2 >> GET /v1.32/containers/cd5ecdf38df06b4092e6cf67100cd20ad9c3cb4b6e9303874a7bd89885b140c9/json HTTP/1.1
01:14:54.055 [Test worker] DEBUG com.github.dockerjava.zerodep.shaded.org.apache.hc.client5.http.headers - http-outgoing-2 >> accept: application/json
01:14:54.055 [Test worker] DEBUG com.github.dockerjava.zerodep.shaded.org.apache.hc.client5.http.headers - http-outgoing-2 >> x-tc-sid: 71b9672a-6f61-4546-a7b6-d603100b2e56
01:14:54.055 [Test worker] DEBUG com.github.dockerjava.zerodep.shaded.org.apache.hc.client5.http.headers - http-outgoing-2 >> Accept-Encoding: gzip, x-gzip, deflate
01:14:54.055 [Test worker] DEBUG com.github.dockerjava.zerodep.shaded.org.apache.hc.client5.http.headers - http-outgoing-2 >> Host: localhost:2375
01:14:54.055 [Test worker] DEBUG com.github.dockerjava.zerodep.shaded.org.apache.hc.client5.http.headers - http-outgoing-2 >> Connection: keep-alive
01:14:54.055 [Test worker] DEBUG com.github.dockerjava.zerodep.shaded.org.apache.hc.client5.http.headers - http-outgoing-2 >> User-Agent: Apache-HttpClient/5.0.3 (Java/17.0.2)
01:14:54.055 [Test worker] DEBUG com.github.dockerjava.zerodep.shaded.org.apache.hc.client5.http.wire - http-outgoing-2 >> "GET /v1.32/containers/cd5ecdf38df06b4092e6cf67100cd20ad9c3cb4b6e9303874a7bd89885b140c9/json HTTP/1.1[\r][\n]"
01:14:54.055 [Test worker] DEBUG com.github.dockerjava.zerodep.shaded.org.apache.hc.client5.http.wire - http-outgoing-2 >> "accept: application/json[\r][\n]"
01:14:54.055 [Test worker] DEBUG com.github.dockerjava.zerodep.shaded.org.apache.hc.client5.http.wire - http-outgoing-2 >> "x-tc-sid: 71b9672a-6f61-4546-a7b6-d603100b2e56[\r][\n]"
01:14:54.055 [Test worker] DEBUG com.github.dockerjava.zerodep.shaded.org.apache.hc.client5.http.wire - http-outgoing-2 >> "Accept-Encoding: gzip, x-gzip, deflate[\r][\n]"
01:14:54.055 [Test worker] DEBUG com.github.dockerjava.zerodep.shaded.org.apache.hc.client5.http.wire - http-outgoing-2 >> "Host: localhost:2375[\r][\n]"
01:14:54.055 [Test worker] DEBUG com.github.dockerjava.zerodep.shaded.org.apache.hc.client5.http.wire - http-outgoing-2 >> "Connection: keep-alive[\r][\n]"
01:14:54.055 [Test worker] DEBUG com.github.dockerjava.zerodep.shaded.org.apache.hc.client5.http.wire - http-outgoing-2 >> "User-Agent: Apache-HttpClient/5.0.3 (Java/17.0.2)[\r][\n]"
01:14:54.055 [Test worker] DEBUG com.github.dockerjava.zerodep.shaded.org.apache.hc.client5.http.wire - http-outgoing-2 >> "[\r][\n]"
01:14:54.059 [Test worker] DEBUG com.github.dockerjava.zerodep.shaded.org.apache.hc.client5.http.wire - http-outgoing-2 << "HTTP/1.1 200 OK[\r][\n]"
01:14:54.059 [Test worker] DEBUG com.github.dockerjava.zerodep.shaded.org.apache.hc.client5.http.wire - http-outgoing-2 << "Api-Version: 1.41[\r][\n]"
01:14:54.059 [Test worker] DEBUG com.github.dockerjava.zerodep.shaded.org.apache.hc.client5.http.wire - http-outgoing-2 << "Content-Type: application/json[\r][\n]"
01:14:54.059 [Test worker] DEBUG com.github.dockerjava.zerodep.shaded.org.apache.hc.client5.http.wire - http-outgoing-2 << "Date: Tue, 28 Mar 2023 04:14:54 GMT[\r][\n]"
01:14:54.059 [Test worker] DEBUG com.github.dockerjava.zerodep.shaded.org.apache.hc.client5.http.wire - http-outgoing-2 << "Docker-Experimental: false[\r][\n]"
01:14:54.059 [Test worker] DEBUG com.github.dockerjava.zerodep.shaded.org.apache.hc.client5.http.wire - http-outgoing-2 << "Ostype: linux[\r][\n]"
01:14:54.059 [Test worker] DEBUG com.github.dockerjava.zerodep.shaded.org.apache.hc.client5.http.wire - http-outgoing-2 << "Server: Docker/20.10.21 (linux)[\r][\n]"
01:14:54.059 [Test worker] DEBUG com.github.dockerjava.zerodep.shaded.org.apache.hc.client5.http.wire - http-outgoing-2 << "Transfer-Encoding: chunked[\r][\n]"
01:14:54.059 [Test worker] DEBUG com.github.dockerjava.zerodep.shaded.org.apache.hc.client5.http.wire - http-outgoing-2 << "[\r][\n]"
01:14:54.059 [Test worker] DEBUG com.github.dockerjava.zerodep.shaded.org.apache.hc.client5.http.headers - http-outgoing-2 << HTTP/1.1 200 OK
01:14:54.059 [Test worker] DEBUG com.github.dockerjava.zerodep.shaded.org.apache.hc.client5.http.headers - http-outgoing-2 << Api-Version: 1.41
01:14:54.059 [Test worker] DEBUG com.github.dockerjava.zerodep.shaded.org.apache.hc.client5.http.headers - http-outgoing-2 << Content-Type: application/json
01:14:54.059 [Test worker] DEBUG com.github.dockerjava.zerodep.shaded.org.apache.hc.client5.http.headers - http-outgoing-2 << Date: Tue, 28 Mar 2023 04:14:54 GMT
01:14:54.059 [Test worker] DEBUG com.github.dockerjava.zerodep.shaded.org.apache.hc.client5.http.headers - http-outgoing-2 << Docker-Experimental: false
01:14:54.059 [Test worker] DEBUG com.github.dockerjava.zerodep.shaded.org.apache.hc.client5.http.headers - http-outgoing-2 << Ostype: linux
01:14:54.059 [Test worker] DEBUG com.github.dockerjava.zerodep.shaded.org.apache.hc.client5.http.headers - http-outgoing-2 << Server: Docker/20.10.21 (linux)
01:14:54.059 [Test worker] DEBUG com.github.dockerjava.zerodep.shaded.org.apache.hc.client5.http.headers - http-outgoing-2 << Transfer-Encoding: chunked
01:14:54.060 [Test worker] DEBUG com.github.dockerjava.zerodep.shaded.org.apache.hc.client5.http.impl.classic.MainClientExec - ex-00000067: connection can be kept alive for 3 MINUTES
01:14:54.062 [Test worker] DEBUG com.github.dockerjava.zerodep.shaded.org.apache.hc.client5.http.wire - http-outgoing-2 << "18c1[\r][\n]"
01:14:54.062 [Test worker] DEBUG com.github.dockerjava.zerodep.shaded.org.apache.hc.client5.http.wire - http-outgoing-2 << "{"Id":"cd5ecdf38df06b4092e6cf67100cd20ad9c3cb4b6e9303874a7bd89885b140c9","Created":"2023-03-28T04:14:43.179040379Z","Path":"docker-entrypoint.sh","Args":["mysqld"],"State":{"Status":"running","Running":true,"Paused":false,"Restarting":false,"OOMKilled":false,"Dead":false,"Pid":20152,"ExitCode":0,"Error":"","StartedAt":"2023-03-28T04:14:43.680338005Z","FinishedAt":"0001-01-01T00:00:00Z"},"Image":"sha256:c7c54c29e20dccc1aefb936c8eba8bb8b98b87a4921102aba87fde2df5810af9","ResolvConfPath":"/var/lib/docker/containers/cd5ecdf38df06b4092e6cf67100cd20ad9c3cb4b6e9303874a7bd89885b140c9/resolv.conf","HostnamePath":"/var/lib/docker/containers/cd5ecdf38df06b4092e6cf67100cd20ad9c3cb4b6e9303874a7bd89885b140c9/hostname","HostsPath":"/var/lib/docker/containers/cd5ecdf38df06b4092e6cf67100cd20ad9c3cb4b6e9303874a7bd89885b140c9/hosts","LogPath":"/var/lib/docker/containers/cd5ecdf38df06b4092e6cf67100cd20ad9c3cb4b6e9303874a7bd89885b140c9/cd5ecdf38df06b4092e6cf67100cd20ad9c3cb4b6e9303874a7bd89885b140c9-json.log","Name":"/keen_matsumoto","RestartCount":0,"Driver":"overlay2","Platform":"linux","MountLabel":"","ProcessLabel":"","AppArmorProfile":"","ExecIDs":null,"HostConfig":{"Binds":[],"ContainerIDFile":"","LogConfig":{"Type":"json-file","Config":{}},"NetworkMode":"default","PortBindings":{"3306/tcp":[{"HostIp":"0.0.0.0","HostPort":"0"}]},"RestartPolicy":{"Name":"","MaximumRetryCount":0},"AutoRemove":false,"VolumeDriver":"","VolumesFrom":[],"CapAdd":null,"CapDrop":null,"CgroupnsMode":"private","Dns":null,"DnsOptions":null,"DnsSearch":null,"ExtraHosts":[],"GroupAdd":null,"IpcMode":"shareable","Cgroup":"","Links":null,"OomScoreAdj":0,"PidMode":"","Privileged":false,"PublishAllPorts":false,"ReadonlyRootfs":false,"SecurityOpt":null,"UTSMode":"","UsernsMode":"","ShmSize":67108864,"Runtime":"runc","ConsoleSize":[0,0],"Isolation":"","CpuShares":0,"Memory":0,"NanoCpus":0,"CgroupParent":"","BlkioWeight":0,"BlkioWeightDevice":null,"BlkioDeviceReadBps":null,"BlkioDeviceWriteBps":null,"BlkioDeviceReadIOps":null,"BlkioDeviceWriteIOps":null,"CpuPeriod":0,"CpuQuota":0,"CpuRealtimePeriod":0,"CpuRealtimeRuntime":0,"CpusetCpus":"","CpusetMems":"","Devices":null,"DeviceCgroupRules":null,"DeviceRequests":null,"KernelMemory":0,"KernelMemoryTCP":0,"MemoryReservation":0,"MemorySwap":0,"MemorySwappiness":null,"OomKillDisable":null,"PidsLimit":null,"Ulimits":null,"CpuCount":0,"CpuPercent":0,"IOMaximumIOps":0,"IOMaximumBandwidth":0,"MaskedPaths":["/proc/asound","/proc/acpi","/proc/kcore","/proc/keys","/proc/latency_stats","/proc/timer_list","/proc/timer_stats","/proc/sched_debug","/proc/scsi","/sys/firmware"],"ReadonlyPaths":["/proc/bus","/proc/fs","/proc/irq","/proc/sys","/proc/sysrq-trigger"]},"GraphDriver":{"Data":{"LowerDir":"/var/lib/docker/overlay2/830e690ec83ecff869b59e4f673c0c63b2bc5c068e9f710933e6f61763699fd2-init/diff:/var/lib/docker/overlay2/1bd8849d7a296305617011f940aa5cfabbe972a513397b1b6bbc27639b6c1f30/diff:/var/lib/docker/overlay2/199d69b2fbf78af4d4c95dec4fd2f8835ab0347eb49fb20ebb2ff3b99fedd6ad/diff:/var/lib/docker/overlay2/d83c38d654989311f75b9491329846033bfb7714de76ef635380dcfad5c740d9/diff:/var/lib/docker/overlay2/08600d0aea2ab2728bebcf5d2589c640a842f53d1ba3c4a4adccb4d03b923cf6/diff:/var/lib/docker/overlay2/9ec7c63a3fb14d13ac788bbf5e282ca821edc41260b79944e5e631037d13ecda/diff:/var/lib/docker/overlay2/db601d7a1b4ea6da638db620462f0da96fa55c559d02269c9ddb09027936ed87/diff:/var/lib/docker/overlay2/a6d2bd03f942e2565f21e74cfe152c7ec836a1c2b583f0790c685b92bdcfda24/diff:/var/lib/docker/overlay2/9badd16ea2c5e2bf1fde8b579683e41137dfc46ed5449234149f199a6751cc84/diff:/var/lib/docker/overlay2/6efb85646ed12e2d1181ef4cc6f6f6732c00c15a4035fe17ebc4f075ca573c30/diff:/var/lib/docker/overlay2/895d7c0ec09144d6ed33936f4e98e11c18010f7abd708cae1ce43aec7a7f2621/diff:/var/lib/docker/overlay2/1c4ba77aa573ab6e5e5069fd15eae71b3da940bde0f97a922a227ffc8a1d1096/diff","MergedDir":"/var/lib/docker/overlay2/830e690ec83ecff869b59e4f673c0c63b2bc5c068e9f710933e6f61763699fd2/merged","UpperDir":"/var/lib/docker/overlay2/830e690ec83ecff869b59e4f673c0c63b2bc5c068e9f710933e6f61763699fd2/diff","WorkDir":"/var/lib/docker/overlay2/830e690ec83ecff869b59e4f673c0c63b2bc5c068e9f710933e6f61763699fd2/work"},"Name":"overlay2"},"Mounts":[{"Type":"volume","Name":"25868b8cea8ad6eba7f00a6fe83e8848def5cff8aab5c5943024031400fa063d","Source":"/var/lib/docker/volumes/25868b8cea8ad6eba7f00a6fe83e8848def5cff8aab5c5943024031400fa063d/_data","Destination":"/var/lib/mysql","Driver":"local","Mode":"","RW":true,"Propagation":""}],"Config":{"Hostname":"cd5ecdf38df0","Domainname":"","User":"","AttachStdin":false,"AttachStdout":false,"AttachStderr":false,"ExposedPorts":{"3306/tcp":{},"33060/tcp":{}},"Tty":false,"OpenStdin":false,"StdinOnce":false,"Env":["MYSQL_DATABASE=adm_videos","MYSQL_PASSWORD=123456","MYSQL_ROOT_PASSWORD=123456","PATH=/usr/local/sbin:/usr/local/bin:/usr/sbin:/usr/bin:/sbin:/bin","GOSU_VERSION=1.16","MYSQL_MAJOR=8.0","MYSQL_VERSION=8.0.32-1.el8","MYSQL_SHELL_VERSION=8.0.32-1.el8"],"Cmd":["mysqld"],"Image":"mysql:latest","Volumes":{"/var/lib/mysql":{}},"WorkingDir":"","Entrypoint":["docker-entrypoint.sh"],"OnBuild":null,"Labels":{"org.testcontainers":"true","org.testcontainers.lang":"java","org.testcontainers.sessionId":"71b9672a-6f61-4546-a7b6-d603100b2e56","org.testcontainers.version":"1.17.6"}},"NetworkSettings":{"Bridge":"","SandboxID":"56762d63452c709eadac6b5c5f4b6cdd30da833580c632f91fd658806eaf4ddb","HairpinMode":false,"LinkLocalIPv6Address":"","LinkLocalIPv6PrefixLen":0,"Ports":{"3306/tcp":[{"HostIp":"0.0.0.0","HostPort":"63819"}],"33060/tcp":null},"SandboxKey":"/var/run/docker/netns/56762d63452c","SecondaryIPAddresses":null,"SecondaryIPv6Addresses":null,"EndpointID":"92fc2600684327987bceb8e2716a72ba2420fccd56812c1491af8c03946e105c","Gateway":"172.17.0.1","GlobalIPv6Address":"","GlobalIPv6PrefixLen":0,"IPAddress":"172.17.0.3","IPPrefixLen":16,"IPv6Gateway":"","MacAddress":"02:42:ac:11:00:03","Networks":{"bridge":{"IPAMConfig":null,"Links":null,"Aliases":null,"NetworkID":"308e234c143065751b16b4500cb9f48d5c7fc2116504b3d816a5e51cd4771062","EndpointID":"92fc2600684327987bceb8e2716a72ba2420fccd56812c1491af8c03946e105c","Gateway":"172.17.0.1","IPAddress":"172.17.0.3","IPPrefixLen":16,"IPv6Gateway":"","GlobalIPv6Address":"","GlobalIPv6PrefixLen":0,"MacAddress":"02:42:ac:11:00:03","DriverOpts":null}}}}[\n]"
01:14:54.062 [Test worker] DEBUG com.github.dockerjava.zerodep.shaded.org.apache.hc.client5.http.wire - http-outgoing-2 << "[\r][\n]"
01:14:54.063 [Test worker] DEBUG com.github.dockerjava.zerodep.shaded.org.apache.hc.client5.http.wire - http-outgoing-2 << "0[\r][\n]"
01:14:54.063 [Test worker] DEBUG com.github.dockerjava.zerodep.shaded.org.apache.hc.client5.http.wire - http-outgoing-2 << "[\r][\n]"
01:14:54.063 [Test worker] DEBUG com.github.dockerjava.zerodep.shaded.org.apache.hc.client5.http.impl.classic.InternalHttpClient - ep-00000066: releasing valid endpoint
01:14:54.063 [Test worker] DEBUG com.github.dockerjava.zerodep.shaded.org.apache.hc.client5.http.impl.io.PoolingHttpClientConnectionManager - ep-00000066: releasing endpoint
01:14:54.063 [Test worker] DEBUG com.github.dockerjava.zerodep.shaded.org.apache.hc.client5.http.impl.io.PoolingHttpClientConnectionManager - ep-00000066: connection http-outgoing-2 can be kept alive for 3 MINUTES
01:14:54.063 [Test worker] DEBUG com.github.dockerjava.zerodep.shaded.org.apache.hc.client5.http.impl.io.PoolingHttpClientConnectionManager - ep-00000066: connection released [route: {}->unix://localhost:2375][total available: 1; route allocated: 1 of 2147483647; total allocated: 1 of 2147483647]
01:14:54.063 [Test worker] DEBUG ]]>&#x1f433;<![CDATA[ [mysql:latest] - Trying to create JDBC connection using com.mysql.cj.jdbc.Driver to jdbc:mysql://localhost:63819/adm_videos?useSSL=false&allowPublicKeyRetrieval=true with properties: {password=123456, user=root}
01:14:54.171 [Test worker] DEBUG org.testcontainers.shaded.com.github.dockerjava.core.command.AbstrDockerCmd - Cmd: cd5ecdf38df06b4092e6cf67100cd20ad9c3cb4b6e9303874a7bd89885b140c9,false
01:14:54.171 [Test worker] DEBUG org.testcontainers.shaded.com.github.dockerjava.core.exec.InspectContainerCmdExec - GET: DefaultWebTarget{path=[/containers/cd5ecdf38df06b4092e6cf67100cd20ad9c3cb4b6e9303874a7bd89885b140c9/json], queryParams={}}
01:14:54.171 [Test worker] DEBUG com.github.dockerjava.zerodep.shaded.org.apache.hc.client5.http.impl.classic.InternalHttpClient - ex-00000068: preparing request execution
01:14:54.171 [Test worker] DEBUG com.github.dockerjava.zerodep.shaded.org.apache.hc.client5.http.protocol.RequestAddCookies - Cookie spec selected: strict
01:14:54.171 [Test worker] DEBUG com.github.dockerjava.zerodep.shaded.org.apache.hc.client5.http.protocol.RequestAuthCache - Auth cache not set in the context
01:14:54.171 [Test worker] DEBUG com.github.dockerjava.zerodep.shaded.org.apache.hc.client5.http.impl.classic.ProtocolExec - ex-00000068: target auth state: UNCHALLENGED
01:14:54.171 [Test worker] DEBUG com.github.dockerjava.zerodep.shaded.org.apache.hc.client5.http.impl.classic.ProtocolExec - ex-00000068: proxy auth state: UNCHALLENGED
01:14:54.171 [Test worker] DEBUG com.github.dockerjava.zerodep.shaded.org.apache.hc.client5.http.impl.classic.ConnectExec - ex-00000068: acquiring connection with route {}->unix://localhost:2375
01:14:54.171 [Test worker] DEBUG com.github.dockerjava.zerodep.shaded.org.apache.hc.client5.http.impl.classic.InternalHttpClient - ex-00000068: acquiring endpoint (3 MINUTES)
01:14:54.171 [Test worker] DEBUG com.github.dockerjava.zerodep.shaded.org.apache.hc.client5.http.impl.io.PoolingHttpClientConnectionManager - ex-00000068: endpoint lease request (3 MINUTES) [route: {}->unix://localhost:2375][total available: 1; route allocated: 1 of 2147483647; total allocated: 1 of 2147483647]
01:14:54.171 [Test worker] DEBUG com.github.dockerjava.zerodep.shaded.org.apache.hc.client5.http.impl.io.PoolingHttpClientConnectionManager - ex-00000068: endpoint leased [route: {}->unix://localhost:2375][total available: 0; route allocated: 1 of 2147483647; total allocated: 1 of 2147483647]
01:14:54.171 [Test worker] DEBUG com.github.dockerjava.zerodep.shaded.org.apache.hc.client5.http.impl.io.PoolingHttpClientConnectionManager - ex-00000068: acquired ep-00000067
01:14:54.171 [Test worker] DEBUG com.github.dockerjava.zerodep.shaded.org.apache.hc.client5.http.impl.classic.InternalHttpClient - ex-00000068: acquired endpoint ep-00000067
01:14:54.171 [Test worker] DEBUG com.github.dockerjava.zerodep.shaded.org.apache.hc.client5.http.impl.classic.MainClientExec - ex-00000068: executing GET /v1.32/containers/cd5ecdf38df06b4092e6cf67100cd20ad9c3cb4b6e9303874a7bd89885b140c9/json HTTP/1.1
01:14:54.171 [Test worker] DEBUG com.github.dockerjava.zerodep.shaded.org.apache.hc.client5.http.impl.classic.InternalHttpClient - ep-00000067: start execution ex-00000068
01:14:54.171 [Test worker] DEBUG com.github.dockerjava.zerodep.shaded.org.apache.hc.client5.http.impl.io.PoolingHttpClientConnectionManager - ep-00000067: executing exchange ex-00000068 over http-outgoing-2
01:14:54.171 [Test worker] DEBUG com.github.dockerjava.zerodep.shaded.org.apache.hc.client5.http.headers - http-outgoing-2 >> GET /v1.32/containers/cd5ecdf38df06b4092e6cf67100cd20ad9c3cb4b6e9303874a7bd89885b140c9/json HTTP/1.1
01:14:54.171 [Test worker] DEBUG com.github.dockerjava.zerodep.shaded.org.apache.hc.client5.http.headers - http-outgoing-2 >> accept: application/json
01:14:54.171 [Test worker] DEBUG com.github.dockerjava.zerodep.shaded.org.apache.hc.client5.http.headers - http-outgoing-2 >> x-tc-sid: 71b9672a-6f61-4546-a7b6-d603100b2e56
01:14:54.171 [Test worker] DEBUG com.github.dockerjava.zerodep.shaded.org.apache.hc.client5.http.headers - http-outgoing-2 >> Accept-Encoding: gzip, x-gzip, deflate
01:14:54.171 [Test worker] DEBUG com.github.dockerjava.zerodep.shaded.org.apache.hc.client5.http.headers - http-outgoing-2 >> Host: localhost:2375
01:14:54.171 [Test worker] DEBUG com.github.dockerjava.zerodep.shaded.org.apache.hc.client5.http.headers - http-outgoing-2 >> Connection: keep-alive
01:14:54.171 [Test worker] DEBUG com.github.dockerjava.zerodep.shaded.org.apache.hc.client5.http.headers - http-outgoing-2 >> User-Agent: Apache-HttpClient/5.0.3 (Java/17.0.2)
01:14:54.171 [Test worker] DEBUG com.github.dockerjava.zerodep.shaded.org.apache.hc.client5.http.wire - http-outgoing-2 >> "GET /v1.32/containers/cd5ecdf38df06b4092e6cf67100cd20ad9c3cb4b6e9303874a7bd89885b140c9/json HTTP/1.1[\r][\n]"
01:14:54.171 [Test worker] DEBUG com.github.dockerjava.zerodep.shaded.org.apache.hc.client5.http.wire - http-outgoing-2 >> "accept: application/json[\r][\n]"
01:14:54.171 [Test worker] DEBUG com.github.dockerjava.zerodep.shaded.org.apache.hc.client5.http.wire - http-outgoing-2 >> "x-tc-sid: 71b9672a-6f61-4546-a7b6-d603100b2e56[\r][\n]"
01:14:54.171 [Test worker] DEBUG com.github.dockerjava.zerodep.shaded.org.apache.hc.client5.http.wire - http-outgoing-2 >> "Accept-Encoding: gzip, x-gzip, deflate[\r][\n]"
01:14:54.171 [Test worker] DEBUG com.github.dockerjava.zerodep.shaded.org.apache.hc.client5.http.wire - http-outgoing-2 >> "Host: localhost:2375[\r][\n]"
01:14:54.171 [Test worker] DEBUG com.github.dockerjava.zerodep.shaded.org.apache.hc.client5.http.wire - http-outgoing-2 >> "Connection: keep-alive[\r][\n]"
01:14:54.171 [Test worker] DEBUG com.github.dockerjava.zerodep.shaded.org.apache.hc.client5.http.wire - http-outgoing-2 >> "User-Agent: Apache-HttpClient/5.0.3 (Java/17.0.2)[\r][\n]"
01:14:54.171 [Test worker] DEBUG com.github.dockerjava.zerodep.shaded.org.apache.hc.client5.http.wire - http-outgoing-2 >> "[\r][\n]"
01:14:54.178 [Test worker] DEBUG com.github.dockerjava.zerodep.shaded.org.apache.hc.client5.http.wire - http-outgoing-2 << "HTTP/1.1 200 OK[\r][\n]"
01:14:54.178 [Test worker] DEBUG com.github.dockerjava.zerodep.shaded.org.apache.hc.client5.http.wire - http-outgoing-2 << "Api-Version: 1.41[\r][\n]"
01:14:54.178 [Test worker] DEBUG com.github.dockerjava.zerodep.shaded.org.apache.hc.client5.http.wire - http-outgoing-2 << "Content-Type: application/json[\r][\n]"
01:14:54.178 [Test worker] DEBUG com.github.dockerjava.zerodep.shaded.org.apache.hc.client5.http.wire - http-outgoing-2 << "Date: Tue, 28 Mar 2023 04:14:54 GMT[\r][\n]"
01:14:54.178 [Test worker] DEBUG com.github.dockerjava.zerodep.shaded.org.apache.hc.client5.http.wire - http-outgoing-2 << "Docker-Experimental: false[\r][\n]"
01:14:54.178 [Test worker] DEBUG com.github.dockerjava.zerodep.shaded.org.apache.hc.client5.http.wire - http-outgoing-2 << "Ostype: linux[\r][\n]"
01:14:54.178 [Test worker] DEBUG com.github.dockerjava.zerodep.shaded.org.apache.hc.client5.http.wire - http-outgoing-2 << "Server: Docker/20.10.21 (linux)[\r][\n]"
01:14:54.178 [Test worker] DEBUG com.github.dockerjava.zerodep.shaded.org.apache.hc.client5.http.wire - http-outgoing-2 << "Transfer-Encoding: chunked[\r][\n]"
01:14:54.178 [Test worker] DEBUG com.github.dockerjava.zerodep.shaded.org.apache.hc.client5.http.wire - http-outgoing-2 << "[\r][\n]"
01:14:54.178 [Test worker] DEBUG com.github.dockerjava.zerodep.shaded.org.apache.hc.client5.http.headers - http-outgoing-2 << HTTP/1.1 200 OK
01:14:54.178 [Test worker] DEBUG com.github.dockerjava.zerodep.shaded.org.apache.hc.client5.http.headers - http-outgoing-2 << Api-Version: 1.41
01:14:54.178 [Test worker] DEBUG com.github.dockerjava.zerodep.shaded.org.apache.hc.client5.http.headers - http-outgoing-2 << Content-Type: application/json
01:14:54.178 [Test worker] DEBUG com.github.dockerjava.zerodep.shaded.org.apache.hc.client5.http.headers - http-outgoing-2 << Date: Tue, 28 Mar 2023 04:14:54 GMT
01:14:54.178 [Test worker] DEBUG com.github.dockerjava.zerodep.shaded.org.apache.hc.client5.http.headers - http-outgoing-2 << Docker-Experimental: false
01:14:54.178 [Test worker] DEBUG com.github.dockerjava.zerodep.shaded.org.apache.hc.client5.http.headers - http-outgoing-2 << Ostype: linux
01:14:54.178 [Test worker] DEBUG com.github.dockerjava.zerodep.shaded.org.apache.hc.client5.http.headers - http-outgoing-2 << Server: Docker/20.10.21 (linux)
01:14:54.178 [Test worker] DEBUG com.github.dockerjava.zerodep.shaded.org.apache.hc.client5.http.headers - http-outgoing-2 << Transfer-Encoding: chunked
01:14:54.178 [Test worker] DEBUG com.github.dockerjava.zerodep.shaded.org.apache.hc.client5.http.impl.classic.MainClientExec - ex-00000068: connection can be kept alive for 3 MINUTES
01:14:54.194 [Test worker] DEBUG com.github.dockerjava.zerodep.shaded.org.apache.hc.client5.http.wire - http-outgoing-2 << "18c1[\r][\n]"
01:14:54.194 [Test worker] DEBUG com.github.dockerjava.zerodep.shaded.org.apache.hc.client5.http.wire - http-outgoing-2 << "{"Id":"cd5ecdf38df06b4092e6cf67100cd20ad9c3cb4b6e9303874a7bd89885b140c9","Created":"2023-03-28T04:14:43.179040379Z","Path":"docker-entrypoint.sh","Args":["mysqld"],"State":{"Status":"running","Running":true,"Paused":false,"Restarting":false,"OOMKilled":false,"Dead":false,"Pid":20152,"ExitCode":0,"Error":"","StartedAt":"2023-03-28T04:14:43.680338005Z","FinishedAt":"0001-01-01T00:00:00Z"},"Image":"sha256:c7c54c29e20dccc1aefb936c8eba8bb8b98b87a4921102aba87fde2df5810af9","ResolvConfPath":"/var/lib/docker/containers/cd5ecdf38df06b4092e6cf67100cd20ad9c3cb4b6e9303874a7bd89885b140c9/resolv.conf","HostnamePath":"/var/lib/docker/containers/cd5ecdf38df06b4092e6cf67100cd20ad9c3cb4b6e9303874a7bd89885b140c9/hostname","HostsPath":"/var/lib/docker/containers/cd5ecdf38df06b4092e6cf67100cd20ad9c3cb4b6e9303874a7bd89885b140c9/hosts","LogPath":"/var/lib/docker/containers/cd5ecdf38df06b4092e6cf67100cd20ad9c3cb4b6e9303874a7bd89885b140c9/cd5ecdf38df06b4092e6cf67100cd20ad9c3cb4b6e9303874a7bd89885b140c9-json.log","Name":"/keen_matsumoto","RestartCount":0,"Driver":"overlay2","Platform":"linux","MountLabel":"","ProcessLabel":"","AppArmorProfile":"","ExecIDs":null,"HostConfig":{"Binds":[],"ContainerIDFile":"","LogConfig":{"Type":"json-file","Config":{}},"NetworkMode":"default","PortBindings":{"3306/tcp":[{"HostIp":"0.0.0.0","HostPort":"0"}]},"RestartPolicy":{"Name":"","MaximumRetryCount":0},"AutoRemove":false,"VolumeDriver":"","VolumesFrom":[],"CapAdd":null,"CapDrop":null,"CgroupnsMode":"private","Dns":null,"DnsOptions":null,"DnsSearch":null,"ExtraHosts":[],"GroupAdd":null,"IpcMode":"shareable","Cgroup":"","Links":null,"OomScoreAdj":0,"PidMode":"","Privileged":false,"PublishAllPorts":false,"ReadonlyRootfs":false,"SecurityOpt":null,"UTSMode":"","UsernsMode":"","ShmSize":67108864,"Runtime":"runc","ConsoleSize":[0,0],"Isolation":"","CpuShares":0,"Memory":0,"NanoCpus":0,"CgroupParent":"","BlkioWeight":0,"BlkioWeightDevice":null,"BlkioDeviceReadBps":null,"BlkioDeviceWriteBps":null,"BlkioDeviceReadIOps":null,"BlkioDeviceWriteIOps":null,"CpuPeriod":0,"CpuQuota":0,"CpuRealtimePeriod":0,"CpuRealtimeRuntime":0,"CpusetCpus":"","CpusetMems":"","Devices":null,"DeviceCgroupRules":null,"DeviceRequests":null,"KernelMemory":0,"KernelMemoryTCP":0,"MemoryReservation":0,"MemorySwap":0,"MemorySwappiness":null,"OomKillDisable":null,"PidsLimit":null,"Ulimits":null,"CpuCount":0,"CpuPercent":0,"IOMaximumIOps":0,"IOMaximumBandwidth":0,"MaskedPaths":["/proc/asound","/proc/acpi","/proc/kcore","/proc/keys","/proc/latency_stats","/proc/timer_list","/proc/timer_stats","/proc/sched_debug","/proc/scsi","/sys/firmware"],"ReadonlyPaths":["/proc/bus","/proc/fs","/proc/irq","/proc/sys","/proc/sysrq-trigger"]},"GraphDriver":{"Data":{"LowerDir":"/var/lib/docker/overlay2/830e690ec83ecff869b59e4f673c0c63b2bc5c068e9f710933e6f61763699fd2-init/diff:/var/lib/docker/overlay2/1bd8849d7a296305617011f940aa5cfabbe972a513397b1b6bbc27639b6c1f30/diff:/var/lib/docker/overlay2/199d69b2fbf78af4d4c95dec4fd2f8835ab0347eb49fb20ebb2ff3b99fedd6ad/diff:/var/lib/docker/overlay2/d83c38d654989311f75b9491329846033bfb7714de76ef635380dcfad5c740d9/diff:/var/lib/docker/overlay2/08600d0aea2ab2728bebcf5d2589c640a842f53d1ba3c4a4adccb4d03b923cf6/diff:/var/lib/docker/overlay2/9ec7c63a3fb14d13ac788bbf5e282ca821edc41260b79944e5e631037d13ecda/diff:/var/lib/docker/overlay2/db601d7a1b4ea6da638db620462f0da96fa55c559d02269c9ddb09027936ed87/diff:/var/lib/docker/overlay2/a6d2bd03f942e2565f21e74cfe152c7ec836a1c2b583f0790c685b92bdcfda24/diff:/var/lib/docker/overlay2/9badd16ea2c5e2bf1fde8b579683e41137dfc46ed5449234149f199a6751cc84/diff:/var/lib/docker/overlay2/6efb85646ed12e2d1181ef4cc6f6f6732c00c15a4035fe17ebc4f075ca573c30/diff:/var/lib/docker/overlay2/895d7c0ec09144d6ed33936f4e98e11c18010f7abd708cae1ce43aec7a7f2621/diff:/var/lib/docker/overlay2/1c4ba77aa573ab6e5e5069fd15eae71b3da940bde0f97a922a227ffc8a1d1096/diff","MergedDir":"/var/lib/docker/overlay2/830e690ec83ecff869b59e4f673c0c63b2bc5c068e9f710933e6f61763699fd2/merged","UpperDir":"/var/lib/docker/overlay2/830e690ec83ecff869b59e4f673c0c63b2bc5c068e9f710933e6f61763699fd2/diff","WorkDir":"/var/lib/docker/overlay2/830e690ec83ecff869b59e4f673c0c63b2bc5c068e9f710933e6f61763699fd2/work"},"Name":"overlay2"},"Mounts":[{"Type":"volume","Name":"25868b8cea8ad6eba7f00a6fe83e8848def5cff8aab5c5943024031400fa063d","Source":"/var/lib/docker/volumes/25868b8cea8ad6eba7f00a6fe83e8848def5cff8aab5c5943024031400fa063d/_data","Destination":"/var/lib/mysql","Driver":"local","Mode":"","RW":true,"Propagation":""}],"Config":{"Hostname":"cd5ecdf38df0","Domainname":"","User":"","AttachStdin":false,"AttachStdout":false,"AttachStderr":false,"ExposedPorts":{"3306/tcp":{},"33060/tcp":{}},"Tty":false,"OpenStdin":false,"StdinOnce":false,"Env":["MYSQL_DATABASE=adm_videos","MYSQL_PASSWORD=123456","MYSQL_ROOT_PASSWORD=123456","PATH=/usr/local/sbin:/usr/local/bin:/usr/sbin:/usr/bin:/sbin:/bin","GOSU_VERSION=1.16","MYSQL_MAJOR=8.0","MYSQL_VERSION=8.0.32-1.el8","MYSQL_SHELL_VERSION=8.0.32-1.el8"],"Cmd":["mysqld"],"Image":"mysql:latest","Volumes":{"/var/lib/mysql":{}},"WorkingDir":"","Entrypoint":["docker-entrypoint.sh"],"OnBuild":null,"Labels":{"org.testcontainers":"true","org.testcontainers.lang":"java","org.testcontainers.sessionId":"71b9672a-6f61-4546-a7b6-d603100b2e56","org.testcontainers.version":"1.17.6"}},"NetworkSettings":{"Bridge":"","SandboxID":"56762d63452c709eadac6b5c5f4b6cdd30da833580c632f91fd658806eaf4ddb","HairpinMode":false,"LinkLocalIPv6Address":"","LinkLocalIPv6PrefixLen":0,"Ports":{"3306/tcp":[{"HostIp":"0.0.0.0","HostPort":"63819"}],"33060/tcp":null},"SandboxKey":"/var/run/docker/netns/56762d63452c","SecondaryIPAddresses":null,"SecondaryIPv6Addresses":null,"EndpointID":"92fc2600684327987bceb8e2716a72ba2420fccd56812c1491af8c03946e105c","Gateway":"172.17.0.1","GlobalIPv6Address":"","GlobalIPv6PrefixLen":0,"IPAddress":"172.17.0.3","IPPrefixLen":16,"IPv6Gateway":"","MacAddress":"02:42:ac:11:00:03","Networks":{"bridge":{"IPAMConfig":null,"Links":null,"Aliases":null,"NetworkID":"308e234c143065751b16b4500cb9f48d5c7fc2116504b3d816a5e51cd4771062","EndpointID":"92fc2600684327987bceb8e2716a72ba2420fccd56812c1491af8c03946e105c","Gateway":"172.17.0.1","IPAddress":"172.17.0.3","IPPrefixLen":16,"IPv6Gateway":"","GlobalIPv6Address":"","GlobalIPv6PrefixLen":0,"MacAddress":"02:42:ac:11:00:03","DriverOpts":null}}}}[\n]"
01:14:54.195 [Test worker] DEBUG com.github.dockerjava.zerodep.shaded.org.apache.hc.client5.http.wire - http-outgoing-2 << "[\r][\n]"
01:14:54.197 [Test worker] DEBUG com.github.dockerjava.zerodep.shaded.org.apache.hc.client5.http.wire - http-outgoing-2 << "0[\r][\n]"
01:14:54.197 [Test worker] DEBUG com.github.dockerjava.zerodep.shaded.org.apache.hc.client5.http.wire - http-outgoing-2 << "[\r][\n]"
01:14:54.197 [Test worker] DEBUG com.github.dockerjava.zerodep.shaded.org.apache.hc.client5.http.impl.classic.InternalHttpClient - ep-00000067: releasing valid endpoint
01:14:54.197 [Test worker] DEBUG com.github.dockerjava.zerodep.shaded.org.apache.hc.client5.http.impl.io.PoolingHttpClientConnectionManager - ep-00000067: releasing endpoint
01:14:54.197 [Test worker] DEBUG com.github.dockerjava.zerodep.shaded.org.apache.hc.client5.http.impl.io.PoolingHttpClientConnectionManager - ep-00000067: connection http-outgoing-2 can be kept alive for 3 MINUTES
01:14:54.197 [Test worker] DEBUG com.github.dockerjava.zerodep.shaded.org.apache.hc.client5.http.impl.io.PoolingHttpClientConnectionManager - ep-00000067: connection released [route: {}->unix://localhost:2375][total available: 1; route allocated: 1 of 2147483647; total allocated: 1 of 2147483647]
01:14:54.197 [Test worker] DEBUG ]]>&#x1f433;<![CDATA[ [mysql:latest] - Trying to create JDBC connection using com.mysql.cj.jdbc.Driver to jdbc:mysql://localhost:63819/adm_videos?useSSL=false&allowPublicKeyRetrieval=true with properties: {password=123456, user=root}
01:14:54.304 [Test worker] DEBUG org.testcontainers.shaded.com.github.dockerjava.core.command.AbstrDockerCmd - Cmd: cd5ecdf38df06b4092e6cf67100cd20ad9c3cb4b6e9303874a7bd89885b140c9,false
01:14:54.304 [Test worker] DEBUG org.testcontainers.shaded.com.github.dockerjava.core.exec.InspectContainerCmdExec - GET: DefaultWebTarget{path=[/containers/cd5ecdf38df06b4092e6cf67100cd20ad9c3cb4b6e9303874a7bd89885b140c9/json], queryParams={}}
01:14:54.304 [Test worker] DEBUG com.github.dockerjava.zerodep.shaded.org.apache.hc.client5.http.impl.classic.InternalHttpClient - ex-00000069: preparing request execution
01:14:54.304 [Test worker] DEBUG com.github.dockerjava.zerodep.shaded.org.apache.hc.client5.http.protocol.RequestAddCookies - Cookie spec selected: strict
01:14:54.305 [Test worker] DEBUG com.github.dockerjava.zerodep.shaded.org.apache.hc.client5.http.protocol.RequestAuthCache - Auth cache not set in the context
01:14:54.305 [Test worker] DEBUG com.github.dockerjava.zerodep.shaded.org.apache.hc.client5.http.impl.classic.ProtocolExec - ex-00000069: target auth state: UNCHALLENGED
01:14:54.305 [Test worker] DEBUG com.github.dockerjava.zerodep.shaded.org.apache.hc.client5.http.impl.classic.ProtocolExec - ex-00000069: proxy auth state: UNCHALLENGED
01:14:54.305 [Test worker] DEBUG com.github.dockerjava.zerodep.shaded.org.apache.hc.client5.http.impl.classic.ConnectExec - ex-00000069: acquiring connection with route {}->unix://localhost:2375
01:14:54.305 [Test worker] DEBUG com.github.dockerjava.zerodep.shaded.org.apache.hc.client5.http.impl.classic.InternalHttpClient - ex-00000069: acquiring endpoint (3 MINUTES)
01:14:54.305 [Test worker] DEBUG com.github.dockerjava.zerodep.shaded.org.apache.hc.client5.http.impl.io.PoolingHttpClientConnectionManager - ex-00000069: endpoint lease request (3 MINUTES) [route: {}->unix://localhost:2375][total available: 1; route allocated: 1 of 2147483647; total allocated: 1 of 2147483647]
01:14:54.305 [Test worker] DEBUG com.github.dockerjava.zerodep.shaded.org.apache.hc.client5.http.impl.io.PoolingHttpClientConnectionManager - ex-00000069: endpoint leased [route: {}->unix://localhost:2375][total available: 0; route allocated: 1 of 2147483647; total allocated: 1 of 2147483647]
01:14:54.305 [Test worker] DEBUG com.github.dockerjava.zerodep.shaded.org.apache.hc.client5.http.impl.io.PoolingHttpClientConnectionManager - ex-00000069: acquired ep-00000068
01:14:54.305 [Test worker] DEBUG com.github.dockerjava.zerodep.shaded.org.apache.hc.client5.http.impl.classic.InternalHttpClient - ex-00000069: acquired endpoint ep-00000068
01:14:54.305 [Test worker] DEBUG com.github.dockerjava.zerodep.shaded.org.apache.hc.client5.http.impl.classic.MainClientExec - ex-00000069: executing GET /v1.32/containers/cd5ecdf38df06b4092e6cf67100cd20ad9c3cb4b6e9303874a7bd89885b140c9/json HTTP/1.1
01:14:54.305 [Test worker] DEBUG com.github.dockerjava.zerodep.shaded.org.apache.hc.client5.http.impl.classic.InternalHttpClient - ep-00000068: start execution ex-00000069
01:14:54.305 [Test worker] DEBUG com.github.dockerjava.zerodep.shaded.org.apache.hc.client5.http.impl.io.PoolingHttpClientConnectionManager - ep-00000068: executing exchange ex-00000069 over http-outgoing-2
01:14:54.305 [Test worker] DEBUG com.github.dockerjava.zerodep.shaded.org.apache.hc.client5.http.headers - http-outgoing-2 >> GET /v1.32/containers/cd5ecdf38df06b4092e6cf67100cd20ad9c3cb4b6e9303874a7bd89885b140c9/json HTTP/1.1
01:14:54.305 [Test worker] DEBUG com.github.dockerjava.zerodep.shaded.org.apache.hc.client5.http.headers - http-outgoing-2 >> accept: application/json
01:14:54.305 [Test worker] DEBUG com.github.dockerjava.zerodep.shaded.org.apache.hc.client5.http.headers - http-outgoing-2 >> x-tc-sid: 71b9672a-6f61-4546-a7b6-d603100b2e56
01:14:54.305 [Test worker] DEBUG com.github.dockerjava.zerodep.shaded.org.apache.hc.client5.http.headers - http-outgoing-2 >> Accept-Encoding: gzip, x-gzip, deflate
01:14:54.305 [Test worker] DEBUG com.github.dockerjava.zerodep.shaded.org.apache.hc.client5.http.headers - http-outgoing-2 >> Host: localhost:2375
01:14:54.305 [Test worker] DEBUG com.github.dockerjava.zerodep.shaded.org.apache.hc.client5.http.headers - http-outgoing-2 >> Connection: keep-alive
01:14:54.305 [Test worker] DEBUG com.github.dockerjava.zerodep.shaded.org.apache.hc.client5.http.headers - http-outgoing-2 >> User-Agent: Apache-HttpClient/5.0.3 (Java/17.0.2)
01:14:54.305 [Test worker] DEBUG com.github.dockerjava.zerodep.shaded.org.apache.hc.client5.http.wire - http-outgoing-2 >> "GET /v1.32/containers/cd5ecdf38df06b4092e6cf67100cd20ad9c3cb4b6e9303874a7bd89885b140c9/json HTTP/1.1[\r][\n]"
01:14:54.305 [Test worker] DEBUG com.github.dockerjava.zerodep.shaded.org.apache.hc.client5.http.wire - http-outgoing-2 >> "accept: application/json[\r][\n]"
01:14:54.305 [Test worker] DEBUG com.github.dockerjava.zerodep.shaded.org.apache.hc.client5.http.wire - http-outgoing-2 >> "x-tc-sid: 71b9672a-6f61-4546-a7b6-d603100b2e56[\r][\n]"
01:14:54.305 [Test worker] DEBUG com.github.dockerjava.zerodep.shaded.org.apache.hc.client5.http.wire - http-outgoing-2 >> "Accept-Encoding: gzip, x-gzip, deflate[\r][\n]"
01:14:54.305 [Test worker] DEBUG com.github.dockerjava.zerodep.shaded.org.apache.hc.client5.http.wire - http-outgoing-2 >> "Host: localhost:2375[\r][\n]"
01:14:54.305 [Test worker] DEBUG com.github.dockerjava.zerodep.shaded.org.apache.hc.client5.http.wire - http-outgoing-2 >> "Connection: keep-alive[\r][\n]"
01:14:54.305 [Test worker] DEBUG com.github.dockerjava.zerodep.shaded.org.apache.hc.client5.http.wire - http-outgoing-2 >> "User-Agent: Apache-HttpClient/5.0.3 (Java/17.0.2)[\r][\n]"
01:14:54.305 [Test worker] DEBUG com.github.dockerjava.zerodep.shaded.org.apache.hc.client5.http.wire - http-outgoing-2 >> "[\r][\n]"
01:14:54.309 [Test worker] DEBUG com.github.dockerjava.zerodep.shaded.org.apache.hc.client5.http.wire - http-outgoing-2 << "HTTP/1.1 200 OK[\r][\n]"
01:14:54.309 [Test worker] DEBUG com.github.dockerjava.zerodep.shaded.org.apache.hc.client5.http.wire - http-outgoing-2 << "Api-Version: 1.41[\r][\n]"
01:14:54.309 [Test worker] DEBUG com.github.dockerjava.zerodep.shaded.org.apache.hc.client5.http.wire - http-outgoing-2 << "Content-Type: application/json[\r][\n]"
01:14:54.309 [Test worker] DEBUG com.github.dockerjava.zerodep.shaded.org.apache.hc.client5.http.wire - http-outgoing-2 << "Date: Tue, 28 Mar 2023 04:14:54 GMT[\r][\n]"
01:14:54.309 [Test worker] DEBUG com.github.dockerjava.zerodep.shaded.org.apache.hc.client5.http.wire - http-outgoing-2 << "Docker-Experimental: false[\r][\n]"
01:14:54.309 [Test worker] DEBUG com.github.dockerjava.zerodep.shaded.org.apache.hc.client5.http.wire - http-outgoing-2 << "Ostype: linux[\r][\n]"
01:14:54.309 [Test worker] DEBUG com.github.dockerjava.zerodep.shaded.org.apache.hc.client5.http.wire - http-outgoing-2 << "Server: Docker/20.10.21 (linux)[\r][\n]"
01:14:54.309 [Test worker] DEBUG com.github.dockerjava.zerodep.shaded.org.apache.hc.client5.http.wire - http-outgoing-2 << "Transfer-Encoding: chunked[\r][\n]"
01:14:54.309 [Test worker] DEBUG com.github.dockerjava.zerodep.shaded.org.apache.hc.client5.http.wire - http-outgoing-2 << "[\r][\n]"
01:14:54.309 [Test worker] DEBUG com.github.dockerjava.zerodep.shaded.org.apache.hc.client5.http.headers - http-outgoing-2 << HTTP/1.1 200 OK
01:14:54.309 [Test worker] DEBUG com.github.dockerjava.zerodep.shaded.org.apache.hc.client5.http.headers - http-outgoing-2 << Api-Version: 1.41
01:14:54.309 [Test worker] DEBUG com.github.dockerjava.zerodep.shaded.org.apache.hc.client5.http.headers - http-outgoing-2 << Content-Type: application/json
01:14:54.309 [Test worker] DEBUG com.github.dockerjava.zerodep.shaded.org.apache.hc.client5.http.headers - http-outgoing-2 << Date: Tue, 28 Mar 2023 04:14:54 GMT
01:14:54.309 [Test worker] DEBUG com.github.dockerjava.zerodep.shaded.org.apache.hc.client5.http.headers - http-outgoing-2 << Docker-Experimental: false
01:14:54.309 [Test worker] DEBUG com.github.dockerjava.zerodep.shaded.org.apache.hc.client5.http.headers - http-outgoing-2 << Ostype: linux
01:14:54.309 [Test worker] DEBUG com.github.dockerjava.zerodep.shaded.org.apache.hc.client5.http.headers - http-outgoing-2 << Server: Docker/20.10.21 (linux)
01:14:54.309 [Test worker] DEBUG com.github.dockerjava.zerodep.shaded.org.apache.hc.client5.http.headers - http-outgoing-2 << Transfer-Encoding: chunked
01:14:54.309 [Test worker] DEBUG com.github.dockerjava.zerodep.shaded.org.apache.hc.client5.http.impl.classic.MainClientExec - ex-00000069: connection can be kept alive for 3 MINUTES
01:14:54.312 [Test worker] DEBUG com.github.dockerjava.zerodep.shaded.org.apache.hc.client5.http.wire - http-outgoing-2 << "18c1[\r][\n]"
01:14:54.312 [Test worker] DEBUG com.github.dockerjava.zerodep.shaded.org.apache.hc.client5.http.wire - http-outgoing-2 << "{"Id":"cd5ecdf38df06b4092e6cf67100cd20ad9c3cb4b6e9303874a7bd89885b140c9","Created":"2023-03-28T04:14:43.179040379Z","Path":"docker-entrypoint.sh","Args":["mysqld"],"State":{"Status":"running","Running":true,"Paused":false,"Restarting":false,"OOMKilled":false,"Dead":false,"Pid":20152,"ExitCode":0,"Error":"","StartedAt":"2023-03-28T04:14:43.680338005Z","FinishedAt":"0001-01-01T00:00:00Z"},"Image":"sha256:c7c54c29e20dccc1aefb936c8eba8bb8b98b87a4921102aba87fde2df5810af9","ResolvConfPath":"/var/lib/docker/containers/cd5ecdf38df06b4092e6cf67100cd20ad9c3cb4b6e9303874a7bd89885b140c9/resolv.conf","HostnamePath":"/var/lib/docker/containers/cd5ecdf38df06b4092e6cf67100cd20ad9c3cb4b6e9303874a7bd89885b140c9/hostname","HostsPath":"/var/lib/docker/containers/cd5ecdf38df06b4092e6cf67100cd20ad9c3cb4b6e9303874a7bd89885b140c9/hosts","LogPath":"/var/lib/docker/containers/cd5ecdf38df06b4092e6cf67100cd20ad9c3cb4b6e9303874a7bd89885b140c9/cd5ecdf38df06b4092e6cf67100cd20ad9c3cb4b6e9303874a7bd89885b140c9-json.log","Name":"/keen_matsumoto","RestartCount":0,"Driver":"overlay2","Platform":"linux","MountLabel":"","ProcessLabel":"","AppArmorProfile":"","ExecIDs":null,"HostConfig":{"Binds":[],"ContainerIDFile":"","LogConfig":{"Type":"json-file","Config":{}},"NetworkMode":"default","PortBindings":{"3306/tcp":[{"HostIp":"0.0.0.0","HostPort":"0"}]},"RestartPolicy":{"Name":"","MaximumRetryCount":0},"AutoRemove":false,"VolumeDriver":"","VolumesFrom":[],"CapAdd":null,"CapDrop":null,"CgroupnsMode":"private","Dns":null,"DnsOptions":null,"DnsSearch":null,"ExtraHosts":[],"GroupAdd":null,"IpcMode":"shareable","Cgroup":"","Links":null,"OomScoreAdj":0,"PidMode":"","Privileged":false,"PublishAllPorts":false,"ReadonlyRootfs":false,"SecurityOpt":null,"UTSMode":"","UsernsMode":"","ShmSize":67108864,"Runtime":"runc","ConsoleSize":[0,0],"Isolation":"","CpuShares":0,"Memory":0,"NanoCpus":0,"CgroupParent":"","BlkioWeight":0,"BlkioWeightDevice":null,"BlkioDeviceReadBps":null,"BlkioDeviceWriteBps":null,"BlkioDeviceReadIOps":null,"BlkioDeviceWriteIOps":null,"CpuPeriod":0,"CpuQuota":0,"CpuRealtimePeriod":0,"CpuRealtimeRuntime":0,"CpusetCpus":"","CpusetMems":"","Devices":null,"DeviceCgroupRules":null,"DeviceRequests":null,"KernelMemory":0,"KernelMemoryTCP":0,"MemoryReservation":0,"MemorySwap":0,"MemorySwappiness":null,"OomKillDisable":null,"PidsLimit":null,"Ulimits":null,"CpuCount":0,"CpuPercent":0,"IOMaximumIOps":0,"IOMaximumBandwidth":0,"MaskedPaths":["/proc/asound","/proc/acpi","/proc/kcore","/proc/keys","/proc/latency_stats","/proc/timer_list","/proc/timer_stats","/proc/sched_debug","/proc/scsi","/sys/firmware"],"ReadonlyPaths":["/proc/bus","/proc/fs","/proc/irq","/proc/sys","/proc/sysrq-trigger"]},"GraphDriver":{"Data":{"LowerDir":"/var/lib/docker/overlay2/830e690ec83ecff869b59e4f673c0c63b2bc5c068e9f710933e6f61763699fd2-init/diff:/var/lib/docker/overlay2/1bd8849d7a296305617011f940aa5cfabbe972a513397b1b6bbc27639b6c1f30/diff:/var/lib/docker/overlay2/199d69b2fbf78af4d4c95dec4fd2f8835ab0347eb49fb20ebb2ff3b99fedd6ad/diff:/var/lib/docker/overlay2/d83c38d654989311f75b9491329846033bfb7714de76ef635380dcfad5c740d9/diff:/var/lib/docker/overlay2/08600d0aea2ab2728bebcf5d2589c640a842f53d1ba3c4a4adccb4d03b923cf6/diff:/var/lib/docker/overlay2/9ec7c63a3fb14d13ac788bbf5e282ca821edc41260b79944e5e631037d13ecda/diff:/var/lib/docker/overlay2/db601d7a1b4ea6da638db620462f0da96fa55c559d02269c9ddb09027936ed87/diff:/var/lib/docker/overlay2/a6d2bd03f942e2565f21e74cfe152c7ec836a1c2b583f0790c685b92bdcfda24/diff:/var/lib/docker/overlay2/9badd16ea2c5e2bf1fde8b579683e41137dfc46ed5449234149f199a6751cc84/diff:/var/lib/docker/overlay2/6efb85646ed12e2d1181ef4cc6f6f6732c00c15a4035fe17ebc4f075ca573c30/diff:/var/lib/docker/overlay2/895d7c0ec09144d6ed33936f4e98e11c18010f7abd708cae1ce43aec7a7f2621/diff:/var/lib/docker/overlay2/1c4ba77aa573ab6e5e5069fd15eae71b3da940bde0f97a922a227ffc8a1d1096/diff","MergedDir":"/var/lib/docker/overlay2/830e690ec83ecff869b59e4f673c0c63b2bc5c068e9f710933e6f61763699fd2/merged","UpperDir":"/var/lib/docker/overlay2/830e690ec83ecff869b59e4f673c0c63b2bc5c068e9f710933e6f61763699fd2/diff","WorkDir":"/var/lib/docker/overlay2/830e690ec83ecff869b59e4f673c0c63b2bc5c068e9f710933e6f61763699fd2/work"},"Name":"overlay2"},"Mounts":[{"Type":"volume","Name":"25868b8cea8ad6eba7f00a6fe83e8848def5cff8aab5c5943024031400fa063d","Source":"/var/lib/docker/volumes/25868b8cea8ad6eba7f00a6fe83e8848def5cff8aab5c5943024031400fa063d/_data","Destination":"/var/lib/mysql","Driver":"local","Mode":"","RW":true,"Propagation":""}],"Config":{"Hostname":"cd5ecdf38df0","Domainname":"","User":"","AttachStdin":false,"AttachStdout":false,"AttachStderr":false,"ExposedPorts":{"3306/tcp":{},"33060/tcp":{}},"Tty":false,"OpenStdin":false,"StdinOnce":false,"Env":["MYSQL_DATABASE=adm_videos","MYSQL_PASSWORD=123456","MYSQL_ROOT_PASSWORD=123456","PATH=/usr/local/sbin:/usr/local/bin:/usr/sbin:/usr/bin:/sbin:/bin","GOSU_VERSION=1.16","MYSQL_MAJOR=8.0","MYSQL_VERSION=8.0.32-1.el8","MYSQL_SHELL_VERSION=8.0.32-1.el8"],"Cmd":["mysqld"],"Image":"mysql:latest","Volumes":{"/var/lib/mysql":{}},"WorkingDir":"","Entrypoint":["docker-entrypoint.sh"],"OnBuild":null,"Labels":{"org.testcontainers":"true","org.testcontainers.lang":"java","org.testcontainers.sessionId":"71b9672a-6f61-4546-a7b6-d603100b2e56","org.testcontainers.version":"1.17.6"}},"NetworkSettings":{"Bridge":"","SandboxID":"56762d63452c709eadac6b5c5f4b6cdd30da833580c632f91fd658806eaf4ddb","HairpinMode":false,"LinkLocalIPv6Address":"","LinkLocalIPv6PrefixLen":0,"Ports":{"3306/tcp":[{"HostIp":"0.0.0.0","HostPort":"63819"}],"33060/tcp":null},"SandboxKey":"/var/run/docker/netns/56762d63452c","SecondaryIPAddresses":null,"SecondaryIPv6Addresses":null,"EndpointID":"92fc2600684327987bceb8e2716a72ba2420fccd56812c1491af8c03946e105c","Gateway":"172.17.0.1","GlobalIPv6Address":"","GlobalIPv6PrefixLen":0,"IPAddress":"172.17.0.3","IPPrefixLen":16,"IPv6Gateway":"","MacAddress":"02:42:ac:11:00:03","Networks":{"bridge":{"IPAMConfig":null,"Links":null,"Aliases":null,"NetworkID":"308e234c143065751b16b4500cb9f48d5c7fc2116504b3d816a5e51cd4771062","EndpointID":"92fc2600684327987bceb8e2716a72ba2420fccd56812c1491af8c03946e105c","Gateway":"172.17.0.1","IPAddress":"172.17.0.3","IPPrefixLen":16,"IPv6Gateway":"","GlobalIPv6Address":"","GlobalIPv6PrefixLen":0,"MacAddress":"02:42:ac:11:00:03","DriverOpts":null}}}}[\n]"
01:14:54.312 [Test worker] DEBUG com.github.dockerjava.zerodep.shaded.org.apache.hc.client5.http.wire - http-outgoing-2 << "[\r][\n]"
01:14:54.313 [Test worker] DEBUG com.github.dockerjava.zerodep.shaded.org.apache.hc.client5.http.wire - http-outgoing-2 << "0[\r][\n]"
01:14:54.313 [Test worker] DEBUG com.github.dockerjava.zerodep.shaded.org.apache.hc.client5.http.wire - http-outgoing-2 << "[\r][\n]"
01:14:54.313 [Test worker] DEBUG com.github.dockerjava.zerodep.shaded.org.apache.hc.client5.http.impl.classic.InternalHttpClient - ep-00000068: releasing valid endpoint
01:14:54.313 [Test worker] DEBUG com.github.dockerjava.zerodep.shaded.org.apache.hc.client5.http.impl.io.PoolingHttpClientConnectionManager - ep-00000068: releasing endpoint
01:14:54.313 [Test worker] DEBUG com.github.dockerjava.zerodep.shaded.org.apache.hc.client5.http.impl.io.PoolingHttpClientConnectionManager - ep-00000068: connection http-outgoing-2 can be kept alive for 3 MINUTES
01:14:54.313 [Test worker] DEBUG com.github.dockerjava.zerodep.shaded.org.apache.hc.client5.http.impl.io.PoolingHttpClientConnectionManager - ep-00000068: connection released [route: {}->unix://localhost:2375][total available: 1; route allocated: 1 of 2147483647; total allocated: 1 of 2147483647]
01:14:54.313 [Test worker] DEBUG ]]>&#x1f433;<![CDATA[ [mysql:latest] - Trying to create JDBC connection using com.mysql.cj.jdbc.Driver to jdbc:mysql://localhost:63819/adm_videos?useSSL=false&allowPublicKeyRetrieval=true with properties: {password=123456, user=root}
01:14:54.417 [Test worker] DEBUG org.testcontainers.shaded.com.github.dockerjava.core.command.AbstrDockerCmd - Cmd: cd5ecdf38df06b4092e6cf67100cd20ad9c3cb4b6e9303874a7bd89885b140c9,false
01:14:54.418 [Test worker] DEBUG org.testcontainers.shaded.com.github.dockerjava.core.exec.InspectContainerCmdExec - GET: DefaultWebTarget{path=[/containers/cd5ecdf38df06b4092e6cf67100cd20ad9c3cb4b6e9303874a7bd89885b140c9/json], queryParams={}}
01:14:54.418 [Test worker] DEBUG com.github.dockerjava.zerodep.shaded.org.apache.hc.client5.http.impl.classic.InternalHttpClient - ex-0000006A: preparing request execution
01:14:54.418 [Test worker] DEBUG com.github.dockerjava.zerodep.shaded.org.apache.hc.client5.http.protocol.RequestAddCookies - Cookie spec selected: strict
01:14:54.418 [Test worker] DEBUG com.github.dockerjava.zerodep.shaded.org.apache.hc.client5.http.protocol.RequestAuthCache - Auth cache not set in the context
01:14:54.418 [Test worker] DEBUG com.github.dockerjava.zerodep.shaded.org.apache.hc.client5.http.impl.classic.ProtocolExec - ex-0000006A: target auth state: UNCHALLENGED
01:14:54.418 [Test worker] DEBUG com.github.dockerjava.zerodep.shaded.org.apache.hc.client5.http.impl.classic.ProtocolExec - ex-0000006A: proxy auth state: UNCHALLENGED
01:14:54.418 [Test worker] DEBUG com.github.dockerjava.zerodep.shaded.org.apache.hc.client5.http.impl.classic.ConnectExec - ex-0000006A: acquiring connection with route {}->unix://localhost:2375
01:14:54.418 [Test worker] DEBUG com.github.dockerjava.zerodep.shaded.org.apache.hc.client5.http.impl.classic.InternalHttpClient - ex-0000006A: acquiring endpoint (3 MINUTES)
01:14:54.418 [Test worker] DEBUG com.github.dockerjava.zerodep.shaded.org.apache.hc.client5.http.impl.io.PoolingHttpClientConnectionManager - ex-0000006A: endpoint lease request (3 MINUTES) [route: {}->unix://localhost:2375][total available: 1; route allocated: 1 of 2147483647; total allocated: 1 of 2147483647]
01:14:54.418 [Test worker] DEBUG com.github.dockerjava.zerodep.shaded.org.apache.hc.client5.http.impl.io.PoolingHttpClientConnectionManager - ex-0000006A: endpoint leased [route: {}->unix://localhost:2375][total available: 0; route allocated: 1 of 2147483647; total allocated: 1 of 2147483647]
01:14:54.418 [Test worker] DEBUG com.github.dockerjava.zerodep.shaded.org.apache.hc.client5.http.impl.io.PoolingHttpClientConnectionManager - ex-0000006A: acquired ep-00000069
01:14:54.418 [Test worker] DEBUG com.github.dockerjava.zerodep.shaded.org.apache.hc.client5.http.impl.classic.InternalHttpClient - ex-0000006A: acquired endpoint ep-00000069
01:14:54.418 [Test worker] DEBUG com.github.dockerjava.zerodep.shaded.org.apache.hc.client5.http.impl.classic.MainClientExec - ex-0000006A: executing GET /v1.32/containers/cd5ecdf38df06b4092e6cf67100cd20ad9c3cb4b6e9303874a7bd89885b140c9/json HTTP/1.1
01:14:54.418 [Test worker] DEBUG com.github.dockerjava.zerodep.shaded.org.apache.hc.client5.http.impl.classic.InternalHttpClient - ep-00000069: start execution ex-0000006A
01:14:54.418 [Test worker] DEBUG com.github.dockerjava.zerodep.shaded.org.apache.hc.client5.http.impl.io.PoolingHttpClientConnectionManager - ep-00000069: executing exchange ex-0000006A over http-outgoing-2
01:14:54.418 [Test worker] DEBUG com.github.dockerjava.zerodep.shaded.org.apache.hc.client5.http.headers - http-outgoing-2 >> GET /v1.32/containers/cd5ecdf38df06b4092e6cf67100cd20ad9c3cb4b6e9303874a7bd89885b140c9/json HTTP/1.1
01:14:54.418 [Test worker] DEBUG com.github.dockerjava.zerodep.shaded.org.apache.hc.client5.http.headers - http-outgoing-2 >> accept: application/json
01:14:54.418 [Test worker] DEBUG com.github.dockerjava.zerodep.shaded.org.apache.hc.client5.http.headers - http-outgoing-2 >> x-tc-sid: 71b9672a-6f61-4546-a7b6-d603100b2e56
01:14:54.418 [Test worker] DEBUG com.github.dockerjava.zerodep.shaded.org.apache.hc.client5.http.headers - http-outgoing-2 >> Accept-Encoding: gzip, x-gzip, deflate
01:14:54.418 [Test worker] DEBUG com.github.dockerjava.zerodep.shaded.org.apache.hc.client5.http.headers - http-outgoing-2 >> Host: localhost:2375
01:14:54.418 [Test worker] DEBUG com.github.dockerjava.zerodep.shaded.org.apache.hc.client5.http.headers - http-outgoing-2 >> Connection: keep-alive
01:14:54.418 [Test worker] DEBUG com.github.dockerjava.zerodep.shaded.org.apache.hc.client5.http.headers - http-outgoing-2 >> User-Agent: Apache-HttpClient/5.0.3 (Java/17.0.2)
01:14:54.418 [Test worker] DEBUG com.github.dockerjava.zerodep.shaded.org.apache.hc.client5.http.wire - http-outgoing-2 >> "GET /v1.32/containers/cd5ecdf38df06b4092e6cf67100cd20ad9c3cb4b6e9303874a7bd89885b140c9/json HTTP/1.1[\r][\n]"
01:14:54.418 [Test worker] DEBUG com.github.dockerjava.zerodep.shaded.org.apache.hc.client5.http.wire - http-outgoing-2 >> "accept: application/json[\r][\n]"
01:14:54.418 [Test worker] DEBUG com.github.dockerjava.zerodep.shaded.org.apache.hc.client5.http.wire - http-outgoing-2 >> "x-tc-sid: 71b9672a-6f61-4546-a7b6-d603100b2e56[\r][\n]"
01:14:54.418 [Test worker] DEBUG com.github.dockerjava.zerodep.shaded.org.apache.hc.client5.http.wire - http-outgoing-2 >> "Accept-Encoding: gzip, x-gzip, deflate[\r][\n]"
01:14:54.418 [Test worker] DEBUG com.github.dockerjava.zerodep.shaded.org.apache.hc.client5.http.wire - http-outgoing-2 >> "Host: localhost:2375[\r][\n]"
01:14:54.418 [Test worker] DEBUG com.github.dockerjava.zerodep.shaded.org.apache.hc.client5.http.wire - http-outgoing-2 >> "Connection: keep-alive[\r][\n]"
01:14:54.418 [Test worker] DEBUG com.github.dockerjava.zerodep.shaded.org.apache.hc.client5.http.wire - http-outgoing-2 >> "User-Agent: Apache-HttpClient/5.0.3 (Java/17.0.2)[\r][\n]"
01:14:54.418 [Test worker] DEBUG com.github.dockerjava.zerodep.shaded.org.apache.hc.client5.http.wire - http-outgoing-2 >> "[\r][\n]"
01:14:54.422 [Test worker] DEBUG com.github.dockerjava.zerodep.shaded.org.apache.hc.client5.http.wire - http-outgoing-2 << "HTTP/1.1 200 OK[\r][\n]"
01:14:54.422 [Test worker] DEBUG com.github.dockerjava.zerodep.shaded.org.apache.hc.client5.http.wire - http-outgoing-2 << "Api-Version: 1.41[\r][\n]"
01:14:54.422 [Test worker] DEBUG com.github.dockerjava.zerodep.shaded.org.apache.hc.client5.http.wire - http-outgoing-2 << "Content-Type: application/json[\r][\n]"
01:14:54.422 [Test worker] DEBUG com.github.dockerjava.zerodep.shaded.org.apache.hc.client5.http.wire - http-outgoing-2 << "Date: Tue, 28 Mar 2023 04:14:54 GMT[\r][\n]"
01:14:54.422 [Test worker] DEBUG com.github.dockerjava.zerodep.shaded.org.apache.hc.client5.http.wire - http-outgoing-2 << "Docker-Experimental: false[\r][\n]"
01:14:54.422 [Test worker] DEBUG com.github.dockerjava.zerodep.shaded.org.apache.hc.client5.http.wire - http-outgoing-2 << "Ostype: linux[\r][\n]"
01:14:54.422 [Test worker] DEBUG com.github.dockerjava.zerodep.shaded.org.apache.hc.client5.http.wire - http-outgoing-2 << "Server: Docker/20.10.21 (linux)[\r][\n]"
01:14:54.422 [Test worker] DEBUG com.github.dockerjava.zerodep.shaded.org.apache.hc.client5.http.wire - http-outgoing-2 << "Transfer-Encoding: chunked[\r][\n]"
01:14:54.422 [Test worker] DEBUG com.github.dockerjava.zerodep.shaded.org.apache.hc.client5.http.wire - http-outgoing-2 << "[\r][\n]"
01:14:54.422 [Test worker] DEBUG com.github.dockerjava.zerodep.shaded.org.apache.hc.client5.http.headers - http-outgoing-2 << HTTP/1.1 200 OK
01:14:54.422 [Test worker] DEBUG com.github.dockerjava.zerodep.shaded.org.apache.hc.client5.http.headers - http-outgoing-2 << Api-Version: 1.41
01:14:54.422 [Test worker] DEBUG com.github.dockerjava.zerodep.shaded.org.apache.hc.client5.http.headers - http-outgoing-2 << Content-Type: application/json
01:14:54.422 [Test worker] DEBUG com.github.dockerjava.zerodep.shaded.org.apache.hc.client5.http.headers - http-outgoing-2 << Date: Tue, 28 Mar 2023 04:14:54 GMT
01:14:54.422 [Test worker] DEBUG com.github.dockerjava.zerodep.shaded.org.apache.hc.client5.http.headers - http-outgoing-2 << Docker-Experimental: false
01:14:54.422 [Test worker] DEBUG com.github.dockerjava.zerodep.shaded.org.apache.hc.client5.http.headers - http-outgoing-2 << Ostype: linux
01:14:54.422 [Test worker] DEBUG com.github.dockerjava.zerodep.shaded.org.apache.hc.client5.http.headers - http-outgoing-2 << Server: Docker/20.10.21 (linux)
01:14:54.422 [Test worker] DEBUG com.github.dockerjava.zerodep.shaded.org.apache.hc.client5.http.headers - http-outgoing-2 << Transfer-Encoding: chunked
01:14:54.422 [Test worker] DEBUG com.github.dockerjava.zerodep.shaded.org.apache.hc.client5.http.impl.classic.MainClientExec - ex-0000006A: connection can be kept alive for 3 MINUTES
01:14:54.423 [Test worker] DEBUG com.github.dockerjava.zerodep.shaded.org.apache.hc.client5.http.wire - http-outgoing-2 << "18c1[\r][\n]"
01:14:54.423 [Test worker] DEBUG com.github.dockerjava.zerodep.shaded.org.apache.hc.client5.http.wire - http-outgoing-2 << "{"Id":"cd5ecdf38df06b4092e6cf67100cd20ad9c3cb4b6e9303874a7bd89885b140c9","Created":"2023-03-28T04:14:43.179040379Z","Path":"docker-entrypoint.sh","Args":["mysqld"],"State":{"Status":"running","Running":true,"Paused":false,"Restarting":false,"OOMKilled":false,"Dead":false,"Pid":20152,"ExitCode":0,"Error":"","StartedAt":"2023-03-28T04:14:43.680338005Z","FinishedAt":"0001-01-01T00:00:00Z"},"Image":"sha256:c7c54c29e20dccc1aefb936c8eba8bb8b98b87a4921102aba87fde2df5810af9","ResolvConfPath":"/var/lib/docker/containers/cd5ecdf38df06b4092e6cf67100cd20ad9c3cb4b6e9303874a7bd89885b140c9/resolv.conf","HostnamePath":"/var/lib/docker/containers/cd5ecdf38df06b4092e6cf67100cd20ad9c3cb4b6e9303874a7bd89885b140c9/hostname","HostsPath":"/var/lib/docker/containers/cd5ecdf38df06b4092e6cf67100cd20ad9c3cb4b6e9303874a7bd89885b140c9/hosts","LogPath":"/var/lib/docker/containers/cd5ecdf38df06b4092e6cf67100cd20ad9c3cb4b6e9303874a7bd89885b140c9/cd5ecdf38df06b4092e6cf67100cd20ad9c3cb4b6e9303874a7bd89885b140c9-json.log","Name":"/keen_matsumoto","RestartCount":0,"Driver":"overlay2","Platform":"linux","MountLabel":"","ProcessLabel":"","AppArmorProfile":"","ExecIDs":null,"HostConfig":{"Binds":[],"ContainerIDFile":"","LogConfig":{"Type":"json-file","Config":{}},"NetworkMode":"default","PortBindings":{"3306/tcp":[{"HostIp":"0.0.0.0","HostPort":"0"}]},"RestartPolicy":{"Name":"","MaximumRetryCount":0},"AutoRemove":false,"VolumeDriver":"","VolumesFrom":[],"CapAdd":null,"CapDrop":null,"CgroupnsMode":"private","Dns":null,"DnsOptions":null,"DnsSearch":null,"ExtraHosts":[],"GroupAdd":null,"IpcMode":"shareable","Cgroup":"","Links":null,"OomScoreAdj":0,"PidMode":"","Privileged":false,"PublishAllPorts":false,"ReadonlyRootfs":false,"SecurityOpt":null,"UTSMode":"","UsernsMode":"","ShmSize":67108864,"Runtime":"runc","ConsoleSize":[0,0],"Isolation":"","CpuShares":0,"Memory":0,"NanoCpus":0,"CgroupParent":"","BlkioWeight":0,"BlkioWeightDevice":null,"BlkioDeviceReadBps":null,"BlkioDeviceWriteBps":null,"BlkioDeviceReadIOps":null,"BlkioDeviceWriteIOps":null,"CpuPeriod":0,"CpuQuota":0,"CpuRealtimePeriod":0,"CpuRealtimeRuntime":0,"CpusetCpus":"","CpusetMems":"","Devices":null,"DeviceCgroupRules":null,"DeviceRequests":null,"KernelMemory":0,"KernelMemoryTCP":0,"MemoryReservation":0,"MemorySwap":0,"MemorySwappiness":null,"OomKillDisable":null,"PidsLimit":null,"Ulimits":null,"CpuCount":0,"CpuPercent":0,"IOMaximumIOps":0,"IOMaximumBandwidth":0,"MaskedPaths":["/proc/asound","/proc/acpi","/proc/kcore","/proc/keys","/proc/latency_stats","/proc/timer_list","/proc/timer_stats","/proc/sched_debug","/proc/scsi","/sys/firmware"],"ReadonlyPaths":["/proc/bus","/proc/fs","/proc/irq","/proc/sys","/proc/sysrq-trigger"]},"GraphDriver":{"Data":{"LowerDir":"/var/lib/docker/overlay2/830e690ec83ecff869b59e4f673c0c63b2bc5c068e9f710933e6f61763699fd2-init/diff:/var/lib/docker/overlay2/1bd8849d7a296305617011f940aa5cfabbe972a513397b1b6bbc27639b6c1f30/diff:/var/lib/docker/overlay2/199d69b2fbf78af4d4c95dec4fd2f8835ab0347eb49fb20ebb2ff3b99fedd6ad/diff:/var/lib/docker/overlay2/d83c38d654989311f75b9491329846033bfb7714de76ef635380dcfad5c740d9/diff:/var/lib/docker/overlay2/08600d0aea2ab2728bebcf5d2589c640a842f53d1ba3c4a4adccb4d03b923cf6/diff:/var/lib/docker/overlay2/9ec7c63a3fb14d13ac788bbf5e282ca821edc41260b79944e5e631037d13ecda/diff:/var/lib/docker/overlay2/db601d7a1b4ea6da638db620462f0da96fa55c559d02269c9ddb09027936ed87/diff:/var/lib/docker/overlay2/a6d2bd03f942e2565f21e74cfe152c7ec836a1c2b583f0790c685b92bdcfda24/diff:/var/lib/docker/overlay2/9badd16ea2c5e2bf1fde8b579683e41137dfc46ed5449234149f199a6751cc84/diff:/var/lib/docker/overlay2/6efb85646ed12e2d1181ef4cc6f6f6732c00c15a4035fe17ebc4f075ca573c30/diff:/var/lib/docker/overlay2/895d7c0ec09144d6ed33936f4e98e11c18010f7abd708cae1ce43aec7a7f2621/diff:/var/lib/docker/overlay2/1c4ba77aa573ab6e5e5069fd15eae71b3da940bde0f97a922a227ffc8a1d1096/diff","MergedDir":"/var/lib/docker/overlay2/830e690ec83ecff869b59e4f673c0c63b2bc5c068e9f710933e6f61763699fd2/merged","UpperDir":"/var/lib/docker/overlay2/830e690ec83ecff869b59e4f673c0c63b2bc5c068e9f710933e6f61763699fd2/diff","WorkDir":"/var/lib/docker/overlay2/830e690ec83ecff869b59e4f673c0c63b2bc5c068e9f710933e6f61763699fd2/work"},"Name":"overlay2"},"Mounts":[{"Type":"volume","Name":"25868b8cea8ad6eba7f00a6fe83e8848def5cff8aab5c5943024031400fa063d","Source":"/var/lib/docker/volumes/25868b8cea8ad6eba7f00a6fe83e8848def5cff8aab5c5943024031400fa063d/_data","Destination":"/var/lib/mysql","Driver":"local","Mode":"","RW":true,"Propagation":""}],"Config":{"Hostname":"cd5ecdf38df0","Domainname":"","User":"","AttachStdin":false,"AttachStdout":false,"AttachStderr":false,"ExposedPorts":{"3306/tcp":{},"33060/tcp":{}},"Tty":false,"OpenStdin":false,"StdinOnce":false,"Env":["MYSQL_DATABASE=adm_videos","MYSQL_PASSWORD=123456","MYSQL_ROOT_PASSWORD=123456","PATH=/usr/local/sbin:/usr/local/bin:/usr/sbin:/usr/bin:/sbin:/bin","GOSU_VERSION=1.16","MYSQL_MAJOR=8.0","MYSQL_VERSION=8.0.32-1.el8","MYSQL_SHELL_VERSION=8.0.32-1.el8"],"Cmd":["mysqld"],"Image":"mysql:latest","Volumes":{"/var/lib/mysql":{}},"WorkingDir":"","Entrypoint":["docker-entrypoint.sh"],"OnBuild":null,"Labels":{"org.testcontainers":"true","org.testcontainers.lang":"java","org.testcontainers.sessionId":"71b9672a-6f61-4546-a7b6-d603100b2e56","org.testcontainers.version":"1.17.6"}},"NetworkSettings":{"Bridge":"","SandboxID":"56762d63452c709eadac6b5c5f4b6cdd30da833580c632f91fd658806eaf4ddb","HairpinMode":false,"LinkLocalIPv6Address":"","LinkLocalIPv6PrefixLen":0,"Ports":{"3306/tcp":[{"HostIp":"0.0.0.0","HostPort":"63819"}],"33060/tcp":null},"SandboxKey":"/var/run/docker/netns/56762d63452c","SecondaryIPAddresses":null,"SecondaryIPv6Addresses":null,"EndpointID":"92fc2600684327987bceb8e2716a72ba2420fccd56812c1491af8c03946e105c","Gateway":"172.17.0.1","GlobalIPv6Address":"","GlobalIPv6PrefixLen":0,"IPAddress":"172.17.0.3","IPPrefixLen":16,"IPv6Gateway":"","MacAddress":"02:42:ac:11:00:03","Networks":{"bridge":{"IPAMConfig":null,"Links":null,"Aliases":null,"NetworkID":"308e234c143065751b16b4500cb9f48d5c7fc2116504b3d816a5e51cd4771062","EndpointID":"92fc2600684327987bceb8e2716a72ba2420fccd56812c1491af8c03946e105c","Gateway":"172.17.0.1","IPAddress":"172.17.0.3","IPPrefixLen":16,"IPv6Gateway":"","GlobalIPv6Address":"","GlobalIPv6PrefixLen":0,"MacAddress":"02:42:ac:11:00:03","DriverOpts":null}}}}[\n]"
01:14:54.423 [Test worker] DEBUG com.github.dockerjava.zerodep.shaded.org.apache.hc.client5.http.wire - http-outgoing-2 << "[\r][\n]"
01:14:54.424 [Test worker] DEBUG com.github.dockerjava.zerodep.shaded.org.apache.hc.client5.http.wire - http-outgoing-2 << "0[\r][\n]"
01:14:54.424 [Test worker] DEBUG com.github.dockerjava.zerodep.shaded.org.apache.hc.client5.http.wire - http-outgoing-2 << "[\r][\n]"
01:14:54.424 [Test worker] DEBUG com.github.dockerjava.zerodep.shaded.org.apache.hc.client5.http.impl.classic.InternalHttpClient - ep-00000069: releasing valid endpoint
01:14:54.424 [Test worker] DEBUG com.github.dockerjava.zerodep.shaded.org.apache.hc.client5.http.impl.io.PoolingHttpClientConnectionManager - ep-00000069: releasing endpoint
01:14:54.424 [Test worker] DEBUG com.github.dockerjava.zerodep.shaded.org.apache.hc.client5.http.impl.io.PoolingHttpClientConnectionManager - ep-00000069: connection http-outgoing-2 can be kept alive for 3 MINUTES
01:14:54.424 [Test worker] DEBUG com.github.dockerjava.zerodep.shaded.org.apache.hc.client5.http.impl.io.PoolingHttpClientConnectionManager - ep-00000069: connection released [route: {}->unix://localhost:2375][total available: 1; route allocated: 1 of 2147483647; total allocated: 1 of 2147483647]
01:14:54.424 [Test worker] DEBUG ]]>&#x1f433;<![CDATA[ [mysql:latest] - Trying to create JDBC connection using com.mysql.cj.jdbc.Driver to jdbc:mysql://localhost:63819/adm_videos?useSSL=false&allowPublicKeyRetrieval=true with properties: {password=123456, user=root}
01:14:54.532 [Test worker] DEBUG org.testcontainers.shaded.com.github.dockerjava.core.command.AbstrDockerCmd - Cmd: cd5ecdf38df06b4092e6cf67100cd20ad9c3cb4b6e9303874a7bd89885b140c9,false
01:14:54.532 [Test worker] DEBUG org.testcontainers.shaded.com.github.dockerjava.core.exec.InspectContainerCmdExec - GET: DefaultWebTarget{path=[/containers/cd5ecdf38df06b4092e6cf67100cd20ad9c3cb4b6e9303874a7bd89885b140c9/json], queryParams={}}
01:14:54.532 [Test worker] DEBUG com.github.dockerjava.zerodep.shaded.org.apache.hc.client5.http.impl.classic.InternalHttpClient - ex-0000006B: preparing request execution
01:14:54.532 [Test worker] DEBUG com.github.dockerjava.zerodep.shaded.org.apache.hc.client5.http.protocol.RequestAddCookies - Cookie spec selected: strict
01:14:54.532 [Test worker] DEBUG com.github.dockerjava.zerodep.shaded.org.apache.hc.client5.http.protocol.RequestAuthCache - Auth cache not set in the context
01:14:54.532 [Test worker] DEBUG com.github.dockerjava.zerodep.shaded.org.apache.hc.client5.http.impl.classic.ProtocolExec - ex-0000006B: target auth state: UNCHALLENGED
01:14:54.532 [Test worker] DEBUG com.github.dockerjava.zerodep.shaded.org.apache.hc.client5.http.impl.classic.ProtocolExec - ex-0000006B: proxy auth state: UNCHALLENGED
01:14:54.532 [Test worker] DEBUG com.github.dockerjava.zerodep.shaded.org.apache.hc.client5.http.impl.classic.ConnectExec - ex-0000006B: acquiring connection with route {}->unix://localhost:2375
01:14:54.532 [Test worker] DEBUG com.github.dockerjava.zerodep.shaded.org.apache.hc.client5.http.impl.classic.InternalHttpClient - ex-0000006B: acquiring endpoint (3 MINUTES)
01:14:54.533 [Test worker] DEBUG com.github.dockerjava.zerodep.shaded.org.apache.hc.client5.http.impl.io.PoolingHttpClientConnectionManager - ex-0000006B: endpoint lease request (3 MINUTES) [route: {}->unix://localhost:2375][total available: 1; route allocated: 1 of 2147483647; total allocated: 1 of 2147483647]
01:14:54.533 [Test worker] DEBUG com.github.dockerjava.zerodep.shaded.org.apache.hc.client5.http.impl.io.PoolingHttpClientConnectionManager - ex-0000006B: endpoint leased [route: {}->unix://localhost:2375][total available: 0; route allocated: 1 of 2147483647; total allocated: 1 of 2147483647]
01:14:54.533 [Test worker] DEBUG com.github.dockerjava.zerodep.shaded.org.apache.hc.client5.http.impl.io.PoolingHttpClientConnectionManager - ex-0000006B: acquired ep-0000006A
01:14:54.533 [Test worker] DEBUG com.github.dockerjava.zerodep.shaded.org.apache.hc.client5.http.impl.classic.InternalHttpClient - ex-0000006B: acquired endpoint ep-0000006A
01:14:54.533 [Test worker] DEBUG com.github.dockerjava.zerodep.shaded.org.apache.hc.client5.http.impl.classic.MainClientExec - ex-0000006B: executing GET /v1.32/containers/cd5ecdf38df06b4092e6cf67100cd20ad9c3cb4b6e9303874a7bd89885b140c9/json HTTP/1.1
01:14:54.533 [Test worker] DEBUG com.github.dockerjava.zerodep.shaded.org.apache.hc.client5.http.impl.classic.InternalHttpClient - ep-0000006A: start execution ex-0000006B
01:14:54.533 [Test worker] DEBUG com.github.dockerjava.zerodep.shaded.org.apache.hc.client5.http.impl.io.PoolingHttpClientConnectionManager - ep-0000006A: executing exchange ex-0000006B over http-outgoing-2
01:14:54.533 [Test worker] DEBUG com.github.dockerjava.zerodep.shaded.org.apache.hc.client5.http.headers - http-outgoing-2 >> GET /v1.32/containers/cd5ecdf38df06b4092e6cf67100cd20ad9c3cb4b6e9303874a7bd89885b140c9/json HTTP/1.1
01:14:54.533 [Test worker] DEBUG com.github.dockerjava.zerodep.shaded.org.apache.hc.client5.http.headers - http-outgoing-2 >> accept: application/json
01:14:54.533 [Test worker] DEBUG com.github.dockerjava.zerodep.shaded.org.apache.hc.client5.http.headers - http-outgoing-2 >> x-tc-sid: 71b9672a-6f61-4546-a7b6-d603100b2e56
01:14:54.533 [Test worker] DEBUG com.github.dockerjava.zerodep.shaded.org.apache.hc.client5.http.headers - http-outgoing-2 >> Accept-Encoding: gzip, x-gzip, deflate
01:14:54.533 [Test worker] DEBUG com.github.dockerjava.zerodep.shaded.org.apache.hc.client5.http.headers - http-outgoing-2 >> Host: localhost:2375
01:14:54.533 [Test worker] DEBUG com.github.dockerjava.zerodep.shaded.org.apache.hc.client5.http.headers - http-outgoing-2 >> Connection: keep-alive
01:14:54.533 [Test worker] DEBUG com.github.dockerjava.zerodep.shaded.org.apache.hc.client5.http.headers - http-outgoing-2 >> User-Agent: Apache-HttpClient/5.0.3 (Java/17.0.2)
01:14:54.533 [Test worker] DEBUG com.github.dockerjava.zerodep.shaded.org.apache.hc.client5.http.wire - http-outgoing-2 >> "GET /v1.32/containers/cd5ecdf38df06b4092e6cf67100cd20ad9c3cb4b6e9303874a7bd89885b140c9/json HTTP/1.1[\r][\n]"
01:14:54.533 [Test worker] DEBUG com.github.dockerjava.zerodep.shaded.org.apache.hc.client5.http.wire - http-outgoing-2 >> "accept: application/json[\r][\n]"
01:14:54.533 [Test worker] DEBUG com.github.dockerjava.zerodep.shaded.org.apache.hc.client5.http.wire - http-outgoing-2 >> "x-tc-sid: 71b9672a-6f61-4546-a7b6-d603100b2e56[\r][\n]"
01:14:54.533 [Test worker] DEBUG com.github.dockerjava.zerodep.shaded.org.apache.hc.client5.http.wire - http-outgoing-2 >> "Accept-Encoding: gzip, x-gzip, deflate[\r][\n]"
01:14:54.533 [Test worker] DEBUG com.github.dockerjava.zerodep.shaded.org.apache.hc.client5.http.wire - http-outgoing-2 >> "Host: localhost:2375[\r][\n]"
01:14:54.533 [Test worker] DEBUG com.github.dockerjava.zerodep.shaded.org.apache.hc.client5.http.wire - http-outgoing-2 >> "Connection: keep-alive[\r][\n]"
01:14:54.533 [Test worker] DEBUG com.github.dockerjava.zerodep.shaded.org.apache.hc.client5.http.wire - http-outgoing-2 >> "User-Agent: Apache-HttpClient/5.0.3 (Java/17.0.2)[\r][\n]"
01:14:54.533 [Test worker] DEBUG com.github.dockerjava.zerodep.shaded.org.apache.hc.client5.http.wire - http-outgoing-2 >> "[\r][\n]"
01:14:54.536 [Test worker] DEBUG com.github.dockerjava.zerodep.shaded.org.apache.hc.client5.http.wire - http-outgoing-2 << "HTTP/1.1 200 OK[\r][\n]"
01:14:54.536 [Test worker] DEBUG com.github.dockerjava.zerodep.shaded.org.apache.hc.client5.http.wire - http-outgoing-2 << "Api-Version: 1.41[\r][\n]"
01:14:54.536 [Test worker] DEBUG com.github.dockerjava.zerodep.shaded.org.apache.hc.client5.http.wire - http-outgoing-2 << "Content-Type: application/json[\r][\n]"
01:14:54.536 [Test worker] DEBUG com.github.dockerjava.zerodep.shaded.org.apache.hc.client5.http.wire - http-outgoing-2 << "Date: Tue, 28 Mar 2023 04:14:54 GMT[\r][\n]"
01:14:54.536 [Test worker] DEBUG com.github.dockerjava.zerodep.shaded.org.apache.hc.client5.http.wire - http-outgoing-2 << "Docker-Experimental: false[\r][\n]"
01:14:54.536 [Test worker] DEBUG com.github.dockerjava.zerodep.shaded.org.apache.hc.client5.http.wire - http-outgoing-2 << "Ostype: linux[\r][\n]"
01:14:54.536 [Test worker] DEBUG com.github.dockerjava.zerodep.shaded.org.apache.hc.client5.http.wire - http-outgoing-2 << "Server: Docker/20.10.21 (linux)[\r][\n]"
01:14:54.536 [Test worker] DEBUG com.github.dockerjava.zerodep.shaded.org.apache.hc.client5.http.wire - http-outgoing-2 << "Transfer-Encoding: chunked[\r][\n]"
01:14:54.536 [Test worker] DEBUG com.github.dockerjava.zerodep.shaded.org.apache.hc.client5.http.wire - http-outgoing-2 << "[\r][\n]"
01:14:54.536 [Test worker] DEBUG com.github.dockerjava.zerodep.shaded.org.apache.hc.client5.http.headers - http-outgoing-2 << HTTP/1.1 200 OK
01:14:54.536 [Test worker] DEBUG com.github.dockerjava.zerodep.shaded.org.apache.hc.client5.http.headers - http-outgoing-2 << Api-Version: 1.41
01:14:54.536 [Test worker] DEBUG com.github.dockerjava.zerodep.shaded.org.apache.hc.client5.http.headers - http-outgoing-2 << Content-Type: application/json
01:14:54.536 [Test worker] DEBUG com.github.dockerjava.zerodep.shaded.org.apache.hc.client5.http.headers - http-outgoing-2 << Date: Tue, 28 Mar 2023 04:14:54 GMT
01:14:54.536 [Test worker] DEBUG com.github.dockerjava.zerodep.shaded.org.apache.hc.client5.http.headers - http-outgoing-2 << Docker-Experimental: false
01:14:54.536 [Test worker] DEBUG com.github.dockerjava.zerodep.shaded.org.apache.hc.client5.http.headers - http-outgoing-2 << Ostype: linux
01:14:54.536 [Test worker] DEBUG com.github.dockerjava.zerodep.shaded.org.apache.hc.client5.http.headers - http-outgoing-2 << Server: Docker/20.10.21 (linux)
01:14:54.536 [Test worker] DEBUG com.github.dockerjava.zerodep.shaded.org.apache.hc.client5.http.headers - http-outgoing-2 << Transfer-Encoding: chunked
01:14:54.536 [Test worker] DEBUG com.github.dockerjava.zerodep.shaded.org.apache.hc.client5.http.impl.classic.MainClientExec - ex-0000006B: connection can be kept alive for 3 MINUTES
01:14:54.538 [Test worker] DEBUG com.github.dockerjava.zerodep.shaded.org.apache.hc.client5.http.wire - http-outgoing-2 << "18c1[\r][\n]"
01:14:54.538 [Test worker] DEBUG com.github.dockerjava.zerodep.shaded.org.apache.hc.client5.http.wire - http-outgoing-2 << "{"Id":"cd5ecdf38df06b4092e6cf67100cd20ad9c3cb4b6e9303874a7bd89885b140c9","Created":"2023-03-28T04:14:43.179040379Z","Path":"docker-entrypoint.sh","Args":["mysqld"],"State":{"Status":"running","Running":true,"Paused":false,"Restarting":false,"OOMKilled":false,"Dead":false,"Pid":20152,"ExitCode":0,"Error":"","StartedAt":"2023-03-28T04:14:43.680338005Z","FinishedAt":"0001-01-01T00:00:00Z"},"Image":"sha256:c7c54c29e20dccc1aefb936c8eba8bb8b98b87a4921102aba87fde2df5810af9","ResolvConfPath":"/var/lib/docker/containers/cd5ecdf38df06b4092e6cf67100cd20ad9c3cb4b6e9303874a7bd89885b140c9/resolv.conf","HostnamePath":"/var/lib/docker/containers/cd5ecdf38df06b4092e6cf67100cd20ad9c3cb4b6e9303874a7bd89885b140c9/hostname","HostsPath":"/var/lib/docker/containers/cd5ecdf38df06b4092e6cf67100cd20ad9c3cb4b6e9303874a7bd89885b140c9/hosts","LogPath":"/var/lib/docker/containers/cd5ecdf38df06b4092e6cf67100cd20ad9c3cb4b6e9303874a7bd89885b140c9/cd5ecdf38df06b4092e6cf67100cd20ad9c3cb4b6e9303874a7bd89885b140c9-json.log","Name":"/keen_matsumoto","RestartCount":0,"Driver":"overlay2","Platform":"linux","MountLabel":"","ProcessLabel":"","AppArmorProfile":"","ExecIDs":null,"HostConfig":{"Binds":[],"ContainerIDFile":"","LogConfig":{"Type":"json-file","Config":{}},"NetworkMode":"default","PortBindings":{"3306/tcp":[{"HostIp":"0.0.0.0","HostPort":"0"}]},"RestartPolicy":{"Name":"","MaximumRetryCount":0},"AutoRemove":false,"VolumeDriver":"","VolumesFrom":[],"CapAdd":null,"CapDrop":null,"CgroupnsMode":"private","Dns":null,"DnsOptions":null,"DnsSearch":null,"ExtraHosts":[],"GroupAdd":null,"IpcMode":"shareable","Cgroup":"","Links":null,"OomScoreAdj":0,"PidMode":"","Privileged":false,"PublishAllPorts":false,"ReadonlyRootfs":false,"SecurityOpt":null,"UTSMode":"","UsernsMode":"","ShmSize":67108864,"Runtime":"runc","ConsoleSize":[0,0],"Isolation":"","CpuShares":0,"Memory":0,"NanoCpus":0,"CgroupParent":"","BlkioWeight":0,"BlkioWeightDevice":null,"BlkioDeviceReadBps":null,"BlkioDeviceWriteBps":null,"BlkioDeviceReadIOps":null,"BlkioDeviceWriteIOps":null,"CpuPeriod":0,"CpuQuota":0,"CpuRealtimePeriod":0,"CpuRealtimeRuntime":0,"CpusetCpus":"","CpusetMems":"","Devices":null,"DeviceCgroupRules":null,"DeviceRequests":null,"KernelMemory":0,"KernelMemoryTCP":0,"MemoryReservation":0,"MemorySwap":0,"MemorySwappiness":null,"OomKillDisable":null,"PidsLimit":null,"Ulimits":null,"CpuCount":0,"CpuPercent":0,"IOMaximumIOps":0,"IOMaximumBandwidth":0,"MaskedPaths":["/proc/asound","/proc/acpi","/proc/kcore","/proc/keys","/proc/latency_stats","/proc/timer_list","/proc/timer_stats","/proc/sched_debug","/proc/scsi","/sys/firmware"],"ReadonlyPaths":["/proc/bus","/proc/fs","/proc/irq","/proc/sys","/proc/sysrq-trigger"]},"GraphDriver":{"Data":{"LowerDir":"/var/lib/docker/overlay2/830e690ec83ecff869b59e4f673c0c63b2bc5c068e9f710933e6f61763699fd2-init/diff:/var/lib/docker/overlay2/1bd8849d7a296305617011f940aa5cfabbe972a513397b1b6bbc27639b6c1f30/diff:/var/lib/docker/overlay2/199d69b2fbf78af4d4c95dec4fd2f8835ab0347eb49fb20ebb2ff3b99fedd6ad/diff:/var/lib/docker/overlay2/d83c38d654989311f75b9491329846033bfb7714de76ef635380dcfad5c740d9/diff:/var/lib/docker/overlay2/08600d0aea2ab2728bebcf5d2589c640a842f53d1ba3c4a4adccb4d03b923cf6/diff:/var/lib/docker/overlay2/9ec7c63a3fb14d13ac788bbf5e282ca821edc41260b79944e5e631037d13ecda/diff:/var/lib/docker/overlay2/db601d7a1b4ea6da638db620462f0da96fa55c559d02269c9ddb09027936ed87/diff:/var/lib/docker/overlay2/a6d2bd03f942e2565f21e74cfe152c7ec836a1c2b583f0790c685b92bdcfda24/diff:/var/lib/docker/overlay2/9badd16ea2c5e2bf1fde8b579683e41137dfc46ed5449234149f199a6751cc84/diff:/var/lib/docker/overlay2/6efb85646ed12e2d1181ef4cc6f6f6732c00c15a4035fe17ebc4f075ca573c30/diff:/var/lib/docker/overlay2/895d7c0ec09144d6ed33936f4e98e11c18010f7abd708cae1ce43aec7a7f2621/diff:/var/lib/docker/overlay2/1c4ba77aa573ab6e5e5069fd15eae71b3da940bde0f97a922a227ffc8a1d1096/diff","MergedDir":"/var/lib/docker/overlay2/830e690ec83ecff869b59e4f673c0c63b2bc5c068e9f710933e6f61763699fd2/merged","UpperDir":"/var/lib/docker/overlay2/830e690ec83ecff869b59e4f673c0c63b2bc5c068e9f710933e6f61763699fd2/diff","WorkDir":"/var/lib/docker/overlay2/830e690ec83ecff869b59e4f673c0c63b2bc5c068e9f710933e6f61763699fd2/work"},"Name":"overlay2"},"Mounts":[{"Type":"volume","Name":"25868b8cea8ad6eba7f00a6fe83e8848def5cff8aab5c5943024031400fa063d","Source":"/var/lib/docker/volumes/25868b8cea8ad6eba7f00a6fe83e8848def5cff8aab5c5943024031400fa063d/_data","Destination":"/var/lib/mysql","Driver":"local","Mode":"","RW":true,"Propagation":""}],"Config":{"Hostname":"cd5ecdf38df0","Domainname":"","User":"","AttachStdin":false,"AttachStdout":false,"AttachStderr":false,"ExposedPorts":{"3306/tcp":{},"33060/tcp":{}},"Tty":false,"OpenStdin":false,"StdinOnce":false,"Env":["MYSQL_DATABASE=adm_videos","MYSQL_PASSWORD=123456","MYSQL_ROOT_PASSWORD=123456","PATH=/usr/local/sbin:/usr/local/bin:/usr/sbin:/usr/bin:/sbin:/bin","GOSU_VERSION=1.16","MYSQL_MAJOR=8.0","MYSQL_VERSION=8.0.32-1.el8","MYSQL_SHELL_VERSION=8.0.32-1.el8"],"Cmd":["mysqld"],"Image":"mysql:latest","Volumes":{"/var/lib/mysql":{}},"WorkingDir":"","Entrypoint":["docker-entrypoint.sh"],"OnBuild":null,"Labels":{"org.testcontainers":"true","org.testcontainers.lang":"java","org.testcontainers.sessionId":"71b9672a-6f61-4546-a7b6-d603100b2e56","org.testcontainers.version":"1.17.6"}},"NetworkSettings":{"Bridge":"","SandboxID":"56762d63452c709eadac6b5c5f4b6cdd30da833580c632f91fd658806eaf4ddb","HairpinMode":false,"LinkLocalIPv6Address":"","LinkLocalIPv6PrefixLen":0,"Ports":{"3306/tcp":[{"HostIp":"0.0.0.0","HostPort":"63819"}],"33060/tcp":null},"SandboxKey":"/var/run/docker/netns/56762d63452c","SecondaryIPAddresses":null,"SecondaryIPv6Addresses":null,"EndpointID":"92fc2600684327987bceb8e2716a72ba2420fccd56812c1491af8c03946e105c","Gateway":"172.17.0.1","GlobalIPv6Address":"","GlobalIPv6PrefixLen":0,"IPAddress":"172.17.0.3","IPPrefixLen":16,"IPv6Gateway":"","MacAddress":"02:42:ac:11:00:03","Networks":{"bridge":{"IPAMConfig":null,"Links":null,"Aliases":null,"NetworkID":"308e234c143065751b16b4500cb9f48d5c7fc2116504b3d816a5e51cd4771062","EndpointID":"92fc2600684327987bceb8e2716a72ba2420fccd56812c1491af8c03946e105c","Gateway":"172.17.0.1","IPAddress":"172.17.0.3","IPPrefixLen":16,"IPv6Gateway":"","GlobalIPv6Address":"","GlobalIPv6PrefixLen":0,"MacAddress":"02:42:ac:11:00:03","DriverOpts":null}}}}[\n]"
01:14:54.538 [Test worker] DEBUG com.github.dockerjava.zerodep.shaded.org.apache.hc.client5.http.wire - http-outgoing-2 << "[\r][\n]"
01:14:54.538 [Test worker] DEBUG com.github.dockerjava.zerodep.shaded.org.apache.hc.client5.http.wire - http-outgoing-2 << "0[\r][\n]"
01:14:54.538 [Test worker] DEBUG com.github.dockerjava.zerodep.shaded.org.apache.hc.client5.http.wire - http-outgoing-2 << "[\r][\n]"
01:14:54.538 [Test worker] DEBUG com.github.dockerjava.zerodep.shaded.org.apache.hc.client5.http.impl.classic.InternalHttpClient - ep-0000006A: releasing valid endpoint
01:14:54.538 [Test worker] DEBUG com.github.dockerjava.zerodep.shaded.org.apache.hc.client5.http.impl.io.PoolingHttpClientConnectionManager - ep-0000006A: releasing endpoint
01:14:54.538 [Test worker] DEBUG com.github.dockerjava.zerodep.shaded.org.apache.hc.client5.http.impl.io.PoolingHttpClientConnectionManager - ep-0000006A: connection http-outgoing-2 can be kept alive for 3 MINUTES
01:14:54.538 [Test worker] DEBUG com.github.dockerjava.zerodep.shaded.org.apache.hc.client5.http.impl.io.PoolingHttpClientConnectionManager - ep-0000006A: connection released [route: {}->unix://localhost:2375][total available: 1; route allocated: 1 of 2147483647; total allocated: 1 of 2147483647]
01:14:54.538 [Test worker] DEBUG ]]>&#x1f433;<![CDATA[ [mysql:latest] - Trying to create JDBC connection using com.mysql.cj.jdbc.Driver to jdbc:mysql://localhost:63819/adm_videos?useSSL=false&allowPublicKeyRetrieval=true with properties: {password=123456, user=root}
01:14:54.645 [Test worker] DEBUG org.testcontainers.shaded.com.github.dockerjava.core.command.AbstrDockerCmd - Cmd: cd5ecdf38df06b4092e6cf67100cd20ad9c3cb4b6e9303874a7bd89885b140c9,false
01:14:54.645 [Test worker] DEBUG org.testcontainers.shaded.com.github.dockerjava.core.exec.InspectContainerCmdExec - GET: DefaultWebTarget{path=[/containers/cd5ecdf38df06b4092e6cf67100cd20ad9c3cb4b6e9303874a7bd89885b140c9/json], queryParams={}}
01:14:54.646 [Test worker] DEBUG com.github.dockerjava.zerodep.shaded.org.apache.hc.client5.http.impl.classic.InternalHttpClient - ex-0000006C: preparing request execution
01:14:54.646 [Test worker] DEBUG com.github.dockerjava.zerodep.shaded.org.apache.hc.client5.http.protocol.RequestAddCookies - Cookie spec selected: strict
01:14:54.646 [Test worker] DEBUG com.github.dockerjava.zerodep.shaded.org.apache.hc.client5.http.protocol.RequestAuthCache - Auth cache not set in the context
01:14:54.646 [Test worker] DEBUG com.github.dockerjava.zerodep.shaded.org.apache.hc.client5.http.impl.classic.ProtocolExec - ex-0000006C: target auth state: UNCHALLENGED
01:14:54.646 [Test worker] DEBUG com.github.dockerjava.zerodep.shaded.org.apache.hc.client5.http.impl.classic.ProtocolExec - ex-0000006C: proxy auth state: UNCHALLENGED
01:14:54.646 [Test worker] DEBUG com.github.dockerjava.zerodep.shaded.org.apache.hc.client5.http.impl.classic.ConnectExec - ex-0000006C: acquiring connection with route {}->unix://localhost:2375
01:14:54.646 [Test worker] DEBUG com.github.dockerjava.zerodep.shaded.org.apache.hc.client5.http.impl.classic.InternalHttpClient - ex-0000006C: acquiring endpoint (3 MINUTES)
01:14:54.646 [Test worker] DEBUG com.github.dockerjava.zerodep.shaded.org.apache.hc.client5.http.impl.io.PoolingHttpClientConnectionManager - ex-0000006C: endpoint lease request (3 MINUTES) [route: {}->unix://localhost:2375][total available: 1; route allocated: 1 of 2147483647; total allocated: 1 of 2147483647]
01:14:54.646 [Test worker] DEBUG com.github.dockerjava.zerodep.shaded.org.apache.hc.client5.http.impl.io.PoolingHttpClientConnectionManager - ex-0000006C: endpoint leased [route: {}->unix://localhost:2375][total available: 0; route allocated: 1 of 2147483647; total allocated: 1 of 2147483647]
01:14:54.647 [Test worker] DEBUG com.github.dockerjava.zerodep.shaded.org.apache.hc.client5.http.impl.io.PoolingHttpClientConnectionManager - ex-0000006C: acquired ep-0000006B
01:14:54.647 [Test worker] DEBUG com.github.dockerjava.zerodep.shaded.org.apache.hc.client5.http.impl.classic.InternalHttpClient - ex-0000006C: acquired endpoint ep-0000006B
01:14:54.647 [Test worker] DEBUG com.github.dockerjava.zerodep.shaded.org.apache.hc.client5.http.impl.classic.MainClientExec - ex-0000006C: executing GET /v1.32/containers/cd5ecdf38df06b4092e6cf67100cd20ad9c3cb4b6e9303874a7bd89885b140c9/json HTTP/1.1
01:14:54.647 [Test worker] DEBUG com.github.dockerjava.zerodep.shaded.org.apache.hc.client5.http.impl.classic.InternalHttpClient - ep-0000006B: start execution ex-0000006C
01:14:54.647 [Test worker] DEBUG com.github.dockerjava.zerodep.shaded.org.apache.hc.client5.http.impl.io.PoolingHttpClientConnectionManager - ep-0000006B: executing exchange ex-0000006C over http-outgoing-2
01:14:54.647 [Test worker] DEBUG com.github.dockerjava.zerodep.shaded.org.apache.hc.client5.http.headers - http-outgoing-2 >> GET /v1.32/containers/cd5ecdf38df06b4092e6cf67100cd20ad9c3cb4b6e9303874a7bd89885b140c9/json HTTP/1.1
01:14:54.647 [Test worker] DEBUG com.github.dockerjava.zerodep.shaded.org.apache.hc.client5.http.headers - http-outgoing-2 >> accept: application/json
01:14:54.647 [Test worker] DEBUG com.github.dockerjava.zerodep.shaded.org.apache.hc.client5.http.headers - http-outgoing-2 >> x-tc-sid: 71b9672a-6f61-4546-a7b6-d603100b2e56
01:14:54.647 [Test worker] DEBUG com.github.dockerjava.zerodep.shaded.org.apache.hc.client5.http.headers - http-outgoing-2 >> Accept-Encoding: gzip, x-gzip, deflate
01:14:54.647 [Test worker] DEBUG com.github.dockerjava.zerodep.shaded.org.apache.hc.client5.http.headers - http-outgoing-2 >> Host: localhost:2375
01:14:54.647 [Test worker] DEBUG com.github.dockerjava.zerodep.shaded.org.apache.hc.client5.http.headers - http-outgoing-2 >> Connection: keep-alive
01:14:54.647 [Test worker] DEBUG com.github.dockerjava.zerodep.shaded.org.apache.hc.client5.http.headers - http-outgoing-2 >> User-Agent: Apache-HttpClient/5.0.3 (Java/17.0.2)
01:14:54.647 [Test worker] DEBUG com.github.dockerjava.zerodep.shaded.org.apache.hc.client5.http.wire - http-outgoing-2 >> "GET /v1.32/containers/cd5ecdf38df06b4092e6cf67100cd20ad9c3cb4b6e9303874a7bd89885b140c9/json HTTP/1.1[\r][\n]"
01:14:54.647 [Test worker] DEBUG com.github.dockerjava.zerodep.shaded.org.apache.hc.client5.http.wire - http-outgoing-2 >> "accept: application/json[\r][\n]"
01:14:54.647 [Test worker] DEBUG com.github.dockerjava.zerodep.shaded.org.apache.hc.client5.http.wire - http-outgoing-2 >> "x-tc-sid: 71b9672a-6f61-4546-a7b6-d603100b2e56[\r][\n]"
01:14:54.647 [Test worker] DEBUG com.github.dockerjava.zerodep.shaded.org.apache.hc.client5.http.wire - http-outgoing-2 >> "Accept-Encoding: gzip, x-gzip, deflate[\r][\n]"
01:14:54.647 [Test worker] DEBUG com.github.dockerjava.zerodep.shaded.org.apache.hc.client5.http.wire - http-outgoing-2 >> "Host: localhost:2375[\r][\n]"
01:14:54.647 [Test worker] DEBUG com.github.dockerjava.zerodep.shaded.org.apache.hc.client5.http.wire - http-outgoing-2 >> "Connection: keep-alive[\r][\n]"
01:14:54.647 [Test worker] DEBUG com.github.dockerjava.zerodep.shaded.org.apache.hc.client5.http.wire - http-outgoing-2 >> "User-Agent: Apache-HttpClient/5.0.3 (Java/17.0.2)[\r][\n]"
01:14:54.647 [Test worker] DEBUG com.github.dockerjava.zerodep.shaded.org.apache.hc.client5.http.wire - http-outgoing-2 >> "[\r][\n]"
01:14:54.649 [Test worker] DEBUG com.github.dockerjava.zerodep.shaded.org.apache.hc.client5.http.wire - http-outgoing-2 << "HTTP/1.1 200 OK[\r][\n]"
01:14:54.649 [Test worker] DEBUG com.github.dockerjava.zerodep.shaded.org.apache.hc.client5.http.wire - http-outgoing-2 << "Api-Version: 1.41[\r][\n]"
01:14:54.649 [Test worker] DEBUG com.github.dockerjava.zerodep.shaded.org.apache.hc.client5.http.wire - http-outgoing-2 << "Content-Type: application/json[\r][\n]"
01:14:54.649 [Test worker] DEBUG com.github.dockerjava.zerodep.shaded.org.apache.hc.client5.http.wire - http-outgoing-2 << "Date: Tue, 28 Mar 2023 04:14:54 GMT[\r][\n]"
01:14:54.649 [Test worker] DEBUG com.github.dockerjava.zerodep.shaded.org.apache.hc.client5.http.wire - http-outgoing-2 << "Docker-Experimental: false[\r][\n]"
01:14:54.649 [Test worker] DEBUG com.github.dockerjava.zerodep.shaded.org.apache.hc.client5.http.wire - http-outgoing-2 << "Ostype: linux[\r][\n]"
01:14:54.649 [Test worker] DEBUG com.github.dockerjava.zerodep.shaded.org.apache.hc.client5.http.wire - http-outgoing-2 << "Server: Docker/20.10.21 (linux)[\r][\n]"
01:14:54.649 [Test worker] DEBUG com.github.dockerjava.zerodep.shaded.org.apache.hc.client5.http.wire - http-outgoing-2 << "Transfer-Encoding: chunked[\r][\n]"
01:14:54.649 [Test worker] DEBUG com.github.dockerjava.zerodep.shaded.org.apache.hc.client5.http.wire - http-outgoing-2 << "[\r][\n]"
01:14:54.650 [Test worker] DEBUG com.github.dockerjava.zerodep.shaded.org.apache.hc.client5.http.headers - http-outgoing-2 << HTTP/1.1 200 OK
01:14:54.650 [Test worker] DEBUG com.github.dockerjava.zerodep.shaded.org.apache.hc.client5.http.headers - http-outgoing-2 << Api-Version: 1.41
01:14:54.650 [Test worker] DEBUG com.github.dockerjava.zerodep.shaded.org.apache.hc.client5.http.headers - http-outgoing-2 << Content-Type: application/json
01:14:54.650 [Test worker] DEBUG com.github.dockerjava.zerodep.shaded.org.apache.hc.client5.http.headers - http-outgoing-2 << Date: Tue, 28 Mar 2023 04:14:54 GMT
01:14:54.650 [Test worker] DEBUG com.github.dockerjava.zerodep.shaded.org.apache.hc.client5.http.headers - http-outgoing-2 << Docker-Experimental: false
01:14:54.650 [Test worker] DEBUG com.github.dockerjava.zerodep.shaded.org.apache.hc.client5.http.headers - http-outgoing-2 << Ostype: linux
01:14:54.650 [Test worker] DEBUG com.github.dockerjava.zerodep.shaded.org.apache.hc.client5.http.headers - http-outgoing-2 << Server: Docker/20.10.21 (linux)
01:14:54.650 [Test worker] DEBUG com.github.dockerjava.zerodep.shaded.org.apache.hc.client5.http.headers - http-outgoing-2 << Transfer-Encoding: chunked
01:14:54.650 [Test worker] DEBUG com.github.dockerjava.zerodep.shaded.org.apache.hc.client5.http.impl.classic.MainClientExec - ex-0000006C: connection can be kept alive for 3 MINUTES
01:14:54.651 [Test worker] DEBUG com.github.dockerjava.zerodep.shaded.org.apache.hc.client5.http.wire - http-outgoing-2 << "18c1[\r][\n]"
01:14:54.651 [Test worker] DEBUG com.github.dockerjava.zerodep.shaded.org.apache.hc.client5.http.wire - http-outgoing-2 << "{"Id":"cd5ecdf38df06b4092e6cf67100cd20ad9c3cb4b6e9303874a7bd89885b140c9","Created":"2023-03-28T04:14:43.179040379Z","Path":"docker-entrypoint.sh","Args":["mysqld"],"State":{"Status":"running","Running":true,"Paused":false,"Restarting":false,"OOMKilled":false,"Dead":false,"Pid":20152,"ExitCode":0,"Error":"","StartedAt":"2023-03-28T04:14:43.680338005Z","FinishedAt":"0001-01-01T00:00:00Z"},"Image":"sha256:c7c54c29e20dccc1aefb936c8eba8bb8b98b87a4921102aba87fde2df5810af9","ResolvConfPath":"/var/lib/docker/containers/cd5ecdf38df06b4092e6cf67100cd20ad9c3cb4b6e9303874a7bd89885b140c9/resolv.conf","HostnamePath":"/var/lib/docker/containers/cd5ecdf38df06b4092e6cf67100cd20ad9c3cb4b6e9303874a7bd89885b140c9/hostname","HostsPath":"/var/lib/docker/containers/cd5ecdf38df06b4092e6cf67100cd20ad9c3cb4b6e9303874a7bd89885b140c9/hosts","LogPath":"/var/lib/docker/containers/cd5ecdf38df06b4092e6cf67100cd20ad9c3cb4b6e9303874a7bd89885b140c9/cd5ecdf38df06b4092e6cf67100cd20ad9c3cb4b6e9303874a7bd89885b140c9-json.log","Name":"/keen_matsumoto","RestartCount":0,"Driver":"overlay2","Platform":"linux","MountLabel":"","ProcessLabel":"","AppArmorProfile":"","ExecIDs":null,"HostConfig":{"Binds":[],"ContainerIDFile":"","LogConfig":{"Type":"json-file","Config":{}},"NetworkMode":"default","PortBindings":{"3306/tcp":[{"HostIp":"0.0.0.0","HostPort":"0"}]},"RestartPolicy":{"Name":"","MaximumRetryCount":0},"AutoRemove":false,"VolumeDriver":"","VolumesFrom":[],"CapAdd":null,"CapDrop":null,"CgroupnsMode":"private","Dns":null,"DnsOptions":null,"DnsSearch":null,"ExtraHosts":[],"GroupAdd":null,"IpcMode":"shareable","Cgroup":"","Links":null,"OomScoreAdj":0,"PidMode":"","Privileged":false,"PublishAllPorts":false,"ReadonlyRootfs":false,"SecurityOpt":null,"UTSMode":"","UsernsMode":"","ShmSize":67108864,"Runtime":"runc","ConsoleSize":[0,0],"Isolation":"","CpuShares":0,"Memory":0,"NanoCpus":0,"CgroupParent":"","BlkioWeight":0,"BlkioWeightDevice":null,"BlkioDeviceReadBps":null,"BlkioDeviceWriteBps":null,"BlkioDeviceReadIOps":null,"BlkioDeviceWriteIOps":null,"CpuPeriod":0,"CpuQuota":0,"CpuRealtimePeriod":0,"CpuRealtimeRuntime":0,"CpusetCpus":"","CpusetMems":"","Devices":null,"DeviceCgroupRules":null,"DeviceRequests":null,"KernelMemory":0,"KernelMemoryTCP":0,"MemoryReservation":0,"MemorySwap":0,"MemorySwappiness":null,"OomKillDisable":null,"PidsLimit":null,"Ulimits":null,"CpuCount":0,"CpuPercent":0,"IOMaximumIOps":0,"IOMaximumBandwidth":0,"MaskedPaths":["/proc/asound","/proc/acpi","/proc/kcore","/proc/keys","/proc/latency_stats","/proc/timer_list","/proc/timer_stats","/proc/sched_debug","/proc/scsi","/sys/firmware"],"ReadonlyPaths":["/proc/bus","/proc/fs","/proc/irq","/proc/sys","/proc/sysrq-trigger"]},"GraphDriver":{"Data":{"LowerDir":"/var/lib/docker/overlay2/830e690ec83ecff869b59e4f673c0c63b2bc5c068e9f710933e6f61763699fd2-init/diff:/var/lib/docker/overlay2/1bd8849d7a296305617011f940aa5cfabbe972a513397b1b6bbc27639b6c1f30/diff:/var/lib/docker/overlay2/199d69b2fbf78af4d4c95dec4fd2f8835ab0347eb49fb20ebb2ff3b99fedd6ad/diff:/var/lib/docker/overlay2/d83c38d654989311f75b9491329846033bfb7714de76ef635380dcfad5c740d9/diff:/var/lib/docker/overlay2/08600d0aea2ab2728bebcf5d2589c640a842f53d1ba3c4a4adccb4d03b923cf6/diff:/var/lib/docker/overlay2/9ec7c63a3fb14d13ac788bbf5e282ca821edc41260b79944e5e631037d13ecda/diff:/var/lib/docker/overlay2/db601d7a1b4ea6da638db620462f0da96fa55c559d02269c9ddb09027936ed87/diff:/var/lib/docker/overlay2/a6d2bd03f942e2565f21e74cfe152c7ec836a1c2b583f0790c685b92bdcfda24/diff:/var/lib/docker/overlay2/9badd16ea2c5e2bf1fde8b579683e41137dfc46ed5449234149f199a6751cc84/diff:/var/lib/docker/overlay2/6efb85646ed12e2d1181ef4cc6f6f6732c00c15a4035fe17ebc4f075ca573c30/diff:/var/lib/docker/overlay2/895d7c0ec09144d6ed33936f4e98e11c18010f7abd708cae1ce43aec7a7f2621/diff:/var/lib/docker/overlay2/1c4ba77aa573ab6e5e5069fd15eae71b3da940bde0f97a922a227ffc8a1d1096/diff","MergedDir":"/var/lib/docker/overlay2/830e690ec83ecff869b59e4f673c0c63b2bc5c068e9f710933e6f61763699fd2/merged","UpperDir":"/var/lib/docker/overlay2/830e690ec83ecff869b59e4f673c0c63b2bc5c068e9f710933e6f61763699fd2/diff","WorkDir":"/var/lib/docker/overlay2/830e690ec83ecff869b59e4f673c0c63b2bc5c068e9f710933e6f61763699fd2/work"},"Name":"overlay2"},"Mounts":[{"Type":"volume","Name":"25868b8cea8ad6eba7f00a6fe83e8848def5cff8aab5c5943024031400fa063d","Source":"/var/lib/docker/volumes/25868b8cea8ad6eba7f00a6fe83e8848def5cff8aab5c5943024031400fa063d/_data","Destination":"/var/lib/mysql","Driver":"local","Mode":"","RW":true,"Propagation":""}],"Config":{"Hostname":"cd5ecdf38df0","Domainname":"","User":"","AttachStdin":false,"AttachStdout":false,"AttachStderr":false,"ExposedPorts":{"3306/tcp":{},"33060/tcp":{}},"Tty":false,"OpenStdin":false,"StdinOnce":false,"Env":["MYSQL_DATABASE=adm_videos","MYSQL_PASSWORD=123456","MYSQL_ROOT_PASSWORD=123456","PATH=/usr/local/sbin:/usr/local/bin:/usr/sbin:/usr/bin:/sbin:/bin","GOSU_VERSION=1.16","MYSQL_MAJOR=8.0","MYSQL_VERSION=8.0.32-1.el8","MYSQL_SHELL_VERSION=8.0.32-1.el8"],"Cmd":["mysqld"],"Image":"mysql:latest","Volumes":{"/var/lib/mysql":{}},"WorkingDir":"","Entrypoint":["docker-entrypoint.sh"],"OnBuild":null,"Labels":{"org.testcontainers":"true","org.testcontainers.lang":"java","org.testcontainers.sessionId":"71b9672a-6f61-4546-a7b6-d603100b2e56","org.testcontainers.version":"1.17.6"}},"NetworkSettings":{"Bridge":"","SandboxID":"56762d63452c709eadac6b5c5f4b6cdd30da833580c632f91fd658806eaf4ddb","HairpinMode":false,"LinkLocalIPv6Address":"","LinkLocalIPv6PrefixLen":0,"Ports":{"3306/tcp":[{"HostIp":"0.0.0.0","HostPort":"63819"}],"33060/tcp":null},"SandboxKey":"/var/run/docker/netns/56762d63452c","SecondaryIPAddresses":null,"SecondaryIPv6Addresses":null,"EndpointID":"92fc2600684327987bceb8e2716a72ba2420fccd56812c1491af8c03946e105c","Gateway":"172.17.0.1","GlobalIPv6Address":"","GlobalIPv6PrefixLen":0,"IPAddress":"172.17.0.3","IPPrefixLen":16,"IPv6Gateway":"","MacAddress":"02:42:ac:11:00:03","Networks":{"bridge":{"IPAMConfig":null,"Links":null,"Aliases":null,"NetworkID":"308e234c143065751b16b4500cb9f48d5c7fc2116504b3d816a5e51cd4771062","EndpointID":"92fc2600684327987bceb8e2716a72ba2420fccd56812c1491af8c03946e105c","Gateway":"172.17.0.1","IPAddress":"172.17.0.3","IPPrefixLen":16,"IPv6Gateway":"","GlobalIPv6Address":"","GlobalIPv6PrefixLen":0,"MacAddress":"02:42:ac:11:00:03","DriverOpts":null}}}}[\n]"
01:14:54.651 [Test worker] DEBUG com.github.dockerjava.zerodep.shaded.org.apache.hc.client5.http.wire - http-outgoing-2 << "[\r][\n]"
01:14:54.652 [Test worker] DEBUG com.github.dockerjava.zerodep.shaded.org.apache.hc.client5.http.wire - http-outgoing-2 << "0[\r][\n]"
01:14:54.652 [Test worker] DEBUG com.github.dockerjava.zerodep.shaded.org.apache.hc.client5.http.wire - http-outgoing-2 << "[\r][\n]"
01:14:54.652 [Test worker] DEBUG com.github.dockerjava.zerodep.shaded.org.apache.hc.client5.http.impl.classic.InternalHttpClient - ep-0000006B: releasing valid endpoint
01:14:54.652 [Test worker] DEBUG com.github.dockerjava.zerodep.shaded.org.apache.hc.client5.http.impl.io.PoolingHttpClientConnectionManager - ep-0000006B: releasing endpoint
01:14:54.652 [Test worker] DEBUG com.github.dockerjava.zerodep.shaded.org.apache.hc.client5.http.impl.io.PoolingHttpClientConnectionManager - ep-0000006B: connection http-outgoing-2 can be kept alive for 3 MINUTES
01:14:54.652 [Test worker] DEBUG com.github.dockerjava.zerodep.shaded.org.apache.hc.client5.http.impl.io.PoolingHttpClientConnectionManager - ep-0000006B: connection released [route: {}->unix://localhost:2375][total available: 1; route allocated: 1 of 2147483647; total allocated: 1 of 2147483647]
01:14:54.652 [Test worker] DEBUG ]]>&#x1f433;<![CDATA[ [mysql:latest] - Trying to create JDBC connection using com.mysql.cj.jdbc.Driver to jdbc:mysql://localhost:63819/adm_videos?useSSL=false&allowPublicKeyRetrieval=true with properties: {password=123456, user=root}
01:14:54.760 [Test worker] DEBUG org.testcontainers.shaded.com.github.dockerjava.core.command.AbstrDockerCmd - Cmd: cd5ecdf38df06b4092e6cf67100cd20ad9c3cb4b6e9303874a7bd89885b140c9,false
01:14:54.760 [Test worker] DEBUG org.testcontainers.shaded.com.github.dockerjava.core.exec.InspectContainerCmdExec - GET: DefaultWebTarget{path=[/containers/cd5ecdf38df06b4092e6cf67100cd20ad9c3cb4b6e9303874a7bd89885b140c9/json], queryParams={}}
01:14:54.761 [Test worker] DEBUG com.github.dockerjava.zerodep.shaded.org.apache.hc.client5.http.impl.classic.InternalHttpClient - ex-0000006D: preparing request execution
01:14:54.761 [Test worker] DEBUG com.github.dockerjava.zerodep.shaded.org.apache.hc.client5.http.protocol.RequestAddCookies - Cookie spec selected: strict
01:14:54.761 [Test worker] DEBUG com.github.dockerjava.zerodep.shaded.org.apache.hc.client5.http.protocol.RequestAuthCache - Auth cache not set in the context
01:14:54.761 [Test worker] DEBUG com.github.dockerjava.zerodep.shaded.org.apache.hc.client5.http.impl.classic.ProtocolExec - ex-0000006D: target auth state: UNCHALLENGED
01:14:54.761 [Test worker] DEBUG com.github.dockerjava.zerodep.shaded.org.apache.hc.client5.http.impl.classic.ProtocolExec - ex-0000006D: proxy auth state: UNCHALLENGED
01:14:54.761 [Test worker] DEBUG com.github.dockerjava.zerodep.shaded.org.apache.hc.client5.http.impl.classic.ConnectExec - ex-0000006D: acquiring connection with route {}->unix://localhost:2375
01:14:54.761 [Test worker] DEBUG com.github.dockerjava.zerodep.shaded.org.apache.hc.client5.http.impl.classic.InternalHttpClient - ex-0000006D: acquiring endpoint (3 MINUTES)
01:14:54.761 [Test worker] DEBUG com.github.dockerjava.zerodep.shaded.org.apache.hc.client5.http.impl.io.PoolingHttpClientConnectionManager - ex-0000006D: endpoint lease request (3 MINUTES) [route: {}->unix://localhost:2375][total available: 1; route allocated: 1 of 2147483647; total allocated: 1 of 2147483647]
01:14:54.761 [Test worker] DEBUG com.github.dockerjava.zerodep.shaded.org.apache.hc.client5.http.impl.io.PoolingHttpClientConnectionManager - ex-0000006D: endpoint leased [route: {}->unix://localhost:2375][total available: 0; route allocated: 1 of 2147483647; total allocated: 1 of 2147483647]
01:14:54.761 [Test worker] DEBUG com.github.dockerjava.zerodep.shaded.org.apache.hc.client5.http.impl.io.PoolingHttpClientConnectionManager - ex-0000006D: acquired ep-0000006C
01:14:54.761 [Test worker] DEBUG com.github.dockerjava.zerodep.shaded.org.apache.hc.client5.http.impl.classic.InternalHttpClient - ex-0000006D: acquired endpoint ep-0000006C
01:14:54.761 [Test worker] DEBUG com.github.dockerjava.zerodep.shaded.org.apache.hc.client5.http.impl.classic.MainClientExec - ex-0000006D: executing GET /v1.32/containers/cd5ecdf38df06b4092e6cf67100cd20ad9c3cb4b6e9303874a7bd89885b140c9/json HTTP/1.1
01:14:54.761 [Test worker] DEBUG com.github.dockerjava.zerodep.shaded.org.apache.hc.client5.http.impl.classic.InternalHttpClient - ep-0000006C: start execution ex-0000006D
01:14:54.761 [Test worker] DEBUG com.github.dockerjava.zerodep.shaded.org.apache.hc.client5.http.impl.io.PoolingHttpClientConnectionManager - ep-0000006C: executing exchange ex-0000006D over http-outgoing-2
01:14:54.761 [Test worker] DEBUG com.github.dockerjava.zerodep.shaded.org.apache.hc.client5.http.headers - http-outgoing-2 >> GET /v1.32/containers/cd5ecdf38df06b4092e6cf67100cd20ad9c3cb4b6e9303874a7bd89885b140c9/json HTTP/1.1
01:14:54.761 [Test worker] DEBUG com.github.dockerjava.zerodep.shaded.org.apache.hc.client5.http.headers - http-outgoing-2 >> accept: application/json
01:14:54.761 [Test worker] DEBUG com.github.dockerjava.zerodep.shaded.org.apache.hc.client5.http.headers - http-outgoing-2 >> x-tc-sid: 71b9672a-6f61-4546-a7b6-d603100b2e56
01:14:54.761 [Test worker] DEBUG com.github.dockerjava.zerodep.shaded.org.apache.hc.client5.http.headers - http-outgoing-2 >> Accept-Encoding: gzip, x-gzip, deflate
01:14:54.761 [Test worker] DEBUG com.github.dockerjava.zerodep.shaded.org.apache.hc.client5.http.headers - http-outgoing-2 >> Host: localhost:2375
01:14:54.761 [Test worker] DEBUG com.github.dockerjava.zerodep.shaded.org.apache.hc.client5.http.headers - http-outgoing-2 >> Connection: keep-alive
01:14:54.761 [Test worker] DEBUG com.github.dockerjava.zerodep.shaded.org.apache.hc.client5.http.headers - http-outgoing-2 >> User-Agent: Apache-HttpClient/5.0.3 (Java/17.0.2)
01:14:54.761 [Test worker] DEBUG com.github.dockerjava.zerodep.shaded.org.apache.hc.client5.http.wire - http-outgoing-2 >> "GET /v1.32/containers/cd5ecdf38df06b4092e6cf67100cd20ad9c3cb4b6e9303874a7bd89885b140c9/json HTTP/1.1[\r][\n]"
01:14:54.761 [Test worker] DEBUG com.github.dockerjava.zerodep.shaded.org.apache.hc.client5.http.wire - http-outgoing-2 >> "accept: application/json[\r][\n]"
01:14:54.761 [Test worker] DEBUG com.github.dockerjava.zerodep.shaded.org.apache.hc.client5.http.wire - http-outgoing-2 >> "x-tc-sid: 71b9672a-6f61-4546-a7b6-d603100b2e56[\r][\n]"
01:14:54.761 [Test worker] DEBUG com.github.dockerjava.zerodep.shaded.org.apache.hc.client5.http.wire - http-outgoing-2 >> "Accept-Encoding: gzip, x-gzip, deflate[\r][\n]"
01:14:54.761 [Test worker] DEBUG com.github.dockerjava.zerodep.shaded.org.apache.hc.client5.http.wire - http-outgoing-2 >> "Host: localhost:2375[\r][\n]"
01:14:54.761 [Test worker] DEBUG com.github.dockerjava.zerodep.shaded.org.apache.hc.client5.http.wire - http-outgoing-2 >> "Connection: keep-alive[\r][\n]"
01:14:54.761 [Test worker] DEBUG com.github.dockerjava.zerodep.shaded.org.apache.hc.client5.http.wire - http-outgoing-2 >> "User-Agent: Apache-HttpClient/5.0.3 (Java/17.0.2)[\r][\n]"
01:14:54.761 [Test worker] DEBUG com.github.dockerjava.zerodep.shaded.org.apache.hc.client5.http.wire - http-outgoing-2 >> "[\r][\n]"
01:14:54.769 [Test worker] DEBUG com.github.dockerjava.zerodep.shaded.org.apache.hc.client5.http.wire - http-outgoing-2 << "HTTP/1.1 200 OK[\r][\n]"
01:14:54.769 [Test worker] DEBUG com.github.dockerjava.zerodep.shaded.org.apache.hc.client5.http.wire - http-outgoing-2 << "Api-Version: 1.41[\r][\n]"
01:14:54.769 [Test worker] DEBUG com.github.dockerjava.zerodep.shaded.org.apache.hc.client5.http.wire - http-outgoing-2 << "Content-Type: application/json[\r][\n]"
01:14:54.769 [Test worker] DEBUG com.github.dockerjava.zerodep.shaded.org.apache.hc.client5.http.wire - http-outgoing-2 << "Date: Tue, 28 Mar 2023 04:14:54 GMT[\r][\n]"
01:14:54.769 [Test worker] DEBUG com.github.dockerjava.zerodep.shaded.org.apache.hc.client5.http.wire - http-outgoing-2 << "Docker-Experimental: false[\r][\n]"
01:14:54.769 [Test worker] DEBUG com.github.dockerjava.zerodep.shaded.org.apache.hc.client5.http.wire - http-outgoing-2 << "Ostype: linux[\r][\n]"
01:14:54.769 [Test worker] DEBUG com.github.dockerjava.zerodep.shaded.org.apache.hc.client5.http.wire - http-outgoing-2 << "Server: Docker/20.10.21 (linux)[\r][\n]"
01:14:54.769 [Test worker] DEBUG com.github.dockerjava.zerodep.shaded.org.apache.hc.client5.http.wire - http-outgoing-2 << "Transfer-Encoding: chunked[\r][\n]"
01:14:54.769 [Test worker] DEBUG com.github.dockerjava.zerodep.shaded.org.apache.hc.client5.http.wire - http-outgoing-2 << "[\r][\n]"
01:14:54.769 [Test worker] DEBUG com.github.dockerjava.zerodep.shaded.org.apache.hc.client5.http.headers - http-outgoing-2 << HTTP/1.1 200 OK
01:14:54.769 [Test worker] DEBUG com.github.dockerjava.zerodep.shaded.org.apache.hc.client5.http.headers - http-outgoing-2 << Api-Version: 1.41
01:14:54.769 [Test worker] DEBUG com.github.dockerjava.zerodep.shaded.org.apache.hc.client5.http.headers - http-outgoing-2 << Content-Type: application/json
01:14:54.769 [Test worker] DEBUG com.github.dockerjava.zerodep.shaded.org.apache.hc.client5.http.headers - http-outgoing-2 << Date: Tue, 28 Mar 2023 04:14:54 GMT
01:14:54.769 [Test worker] DEBUG com.github.dockerjava.zerodep.shaded.org.apache.hc.client5.http.headers - http-outgoing-2 << Docker-Experimental: false
01:14:54.769 [Test worker] DEBUG com.github.dockerjava.zerodep.shaded.org.apache.hc.client5.http.headers - http-outgoing-2 << Ostype: linux
01:14:54.769 [Test worker] DEBUG com.github.dockerjava.zerodep.shaded.org.apache.hc.client5.http.headers - http-outgoing-2 << Server: Docker/20.10.21 (linux)
01:14:54.769 [Test worker] DEBUG com.github.dockerjava.zerodep.shaded.org.apache.hc.client5.http.headers - http-outgoing-2 << Transfer-Encoding: chunked
01:14:54.769 [Test worker] DEBUG com.github.dockerjava.zerodep.shaded.org.apache.hc.client5.http.impl.classic.MainClientExec - ex-0000006D: connection can be kept alive for 3 MINUTES
01:14:54.772 [Test worker] DEBUG com.github.dockerjava.zerodep.shaded.org.apache.hc.client5.http.wire - http-outgoing-2 << "18c1[\r][\n]"
01:14:54.772 [Test worker] DEBUG com.github.dockerjava.zerodep.shaded.org.apache.hc.client5.http.wire - http-outgoing-2 << "{"Id":"cd5ecdf38df06b4092e6cf67100cd20ad9c3cb4b6e9303874a7bd89885b140c9","Created":"2023-03-28T04:14:43.179040379Z","Path":"docker-entrypoint.sh","Args":["mysqld"],"State":{"Status":"running","Running":true,"Paused":false,"Restarting":false,"OOMKilled":false,"Dead":false,"Pid":20152,"ExitCode":0,"Error":"","StartedAt":"2023-03-28T04:14:43.680338005Z","FinishedAt":"0001-01-01T00:00:00Z"},"Image":"sha256:c7c54c29e20dccc1aefb936c8eba8bb8b98b87a4921102aba87fde2df5810af9","ResolvConfPath":"/var/lib/docker/containers/cd5ecdf38df06b4092e6cf67100cd20ad9c3cb4b6e9303874a7bd89885b140c9/resolv.conf","HostnamePath":"/var/lib/docker/containers/cd5ecdf38df06b4092e6cf67100cd20ad9c3cb4b6e9303874a7bd89885b140c9/hostname","HostsPath":"/var/lib/docker/containers/cd5ecdf38df06b4092e6cf67100cd20ad9c3cb4b6e9303874a7bd89885b140c9/hosts","LogPath":"/var/lib/docker/containers/cd5ecdf38df06b4092e6cf67100cd20ad9c3cb4b6e9303874a7bd89885b140c9/cd5ecdf38df06b4092e6cf67100cd20ad9c3cb4b6e9303874a7bd89885b140c9-json.log","Name":"/keen_matsumoto","RestartCount":0,"Driver":"overlay2","Platform":"linux","MountLabel":"","ProcessLabel":"","AppArmorProfile":"","ExecIDs":null,"HostConfig":{"Binds":[],"ContainerIDFile":"","LogConfig":{"Type":"json-file","Config":{}},"NetworkMode":"default","PortBindings":{"3306/tcp":[{"HostIp":"0.0.0.0","HostPort":"0"}]},"RestartPolicy":{"Name":"","MaximumRetryCount":0},"AutoRemove":false,"VolumeDriver":"","VolumesFrom":[],"CapAdd":null,"CapDrop":null,"CgroupnsMode":"private","Dns":null,"DnsOptions":null,"DnsSearch":null,"ExtraHosts":[],"GroupAdd":null,"IpcMode":"shareable","Cgroup":"","Links":null,"OomScoreAdj":0,"PidMode":"","Privileged":false,"PublishAllPorts":false,"ReadonlyRootfs":false,"SecurityOpt":null,"UTSMode":"","UsernsMode":"","ShmSize":67108864,"Runtime":"runc","ConsoleSize":[0,0],"Isolation":"","CpuShares":0,"Memory":0,"NanoCpus":0,"CgroupParent":"","BlkioWeight":0,"BlkioWeightDevice":null,"BlkioDeviceReadBps":null,"BlkioDeviceWriteBps":null,"BlkioDeviceReadIOps":null,"BlkioDeviceWriteIOps":null,"CpuPeriod":0,"CpuQuota":0,"CpuRealtimePeriod":0,"CpuRealtimeRuntime":0,"CpusetCpus":"","CpusetMems":"","Devices":null,"DeviceCgroupRules":null,"DeviceRequests":null,"KernelMemory":0,"KernelMemoryTCP":0,"MemoryReservation":0,"MemorySwap":0,"MemorySwappiness":null,"OomKillDisable":null,"PidsLimit":null,"Ulimits":null,"CpuCount":0,"CpuPercent":0,"IOMaximumIOps":0,"IOMaximumBandwidth":0,"MaskedPaths":["/proc/asound","/proc/acpi","/proc/kcore","/proc/keys","/proc/latency_stats","/proc/timer_list","/proc/timer_stats","/proc/sched_debug","/proc/scsi","/sys/firmware"],"ReadonlyPaths":["/proc/bus","/proc/fs","/proc/irq","/proc/sys","/proc/sysrq-trigger"]},"GraphDriver":{"Data":{"LowerDir":"/var/lib/docker/overlay2/830e690ec83ecff869b59e4f673c0c63b2bc5c068e9f710933e6f61763699fd2-init/diff:/var/lib/docker/overlay2/1bd8849d7a296305617011f940aa5cfabbe972a513397b1b6bbc27639b6c1f30/diff:/var/lib/docker/overlay2/199d69b2fbf78af4d4c95dec4fd2f8835ab0347eb49fb20ebb2ff3b99fedd6ad/diff:/var/lib/docker/overlay2/d83c38d654989311f75b9491329846033bfb7714de76ef635380dcfad5c740d9/diff:/var/lib/docker/overlay2/08600d0aea2ab2728bebcf5d2589c640a842f53d1ba3c4a4adccb4d03b923cf6/diff:/var/lib/docker/overlay2/9ec7c63a3fb14d13ac788bbf5e282ca821edc41260b79944e5e631037d13ecda/diff:/var/lib/docker/overlay2/db601d7a1b4ea6da638db620462f0da96fa55c559d02269c9ddb09027936ed87/diff:/var/lib/docker/overlay2/a6d2bd03f942e2565f21e74cfe152c7ec836a1c2b583f0790c685b92bdcfda24/diff:/var/lib/docker/overlay2/9badd16ea2c5e2bf1fde8b579683e41137dfc46ed5449234149f199a6751cc84/diff:/var/lib/docker/overlay2/6efb85646ed12e2d1181ef4cc6f6f6732c00c15a4035fe17ebc4f075ca573c30/diff:/var/lib/docker/overlay2/895d7c0ec09144d6ed33936f4e98e11c18010f7abd708cae1ce43aec7a7f2621/diff:/var/lib/docker/overlay2/1c4ba77aa573ab6e5e5069fd15eae71b3da940bde0f97a922a227ffc8a1d1096/diff","MergedDir":"/var/lib/docker/overlay2/830e690ec83ecff869b59e4f673c0c63b2bc5c068e9f710933e6f61763699fd2/merged","UpperDir":"/var/lib/docker/overlay2/830e690ec83ecff869b59e4f673c0c63b2bc5c068e9f710933e6f61763699fd2/diff","WorkDir":"/var/lib/docker/overlay2/830e690ec83ecff869b59e4f673c0c63b2bc5c068e9f710933e6f61763699fd2/work"},"Name":"overlay2"},"Mounts":[{"Type":"volume","Name":"25868b8cea8ad6eba7f00a6fe83e8848def5cff8aab5c5943024031400fa063d","Source":"/var/lib/docker/volumes/25868b8cea8ad6eba7f00a6fe83e8848def5cff8aab5c5943024031400fa063d/_data","Destination":"/var/lib/mysql","Driver":"local","Mode":"","RW":true,"Propagation":""}],"Config":{"Hostname":"cd5ecdf38df0","Domainname":"","User":"","AttachStdin":false,"AttachStdout":false,"AttachStderr":false,"ExposedPorts":{"3306/tcp":{},"33060/tcp":{}},"Tty":false,"OpenStdin":false,"StdinOnce":false,"Env":["MYSQL_DATABASE=adm_videos","MYSQL_PASSWORD=123456","MYSQL_ROOT_PASSWORD=123456","PATH=/usr/local/sbin:/usr/local/bin:/usr/sbin:/usr/bin:/sbin:/bin","GOSU_VERSION=1.16","MYSQL_MAJOR=8.0","MYSQL_VERSION=8.0.32-1.el8","MYSQL_SHELL_VERSION=8.0.32-1.el8"],"Cmd":["mysqld"],"Image":"mysql:latest","Volumes":{"/var/lib/mysql":{}},"WorkingDir":"","Entrypoint":["docker-entrypoint.sh"],"OnBuild":null,"Labels":{"org.testcontainers":"true","org.testcontainers.lang":"java","org.testcontainers.sessionId":"71b9672a-6f61-4546-a7b6-d603100b2e56","org.testcontainers.version":"1.17.6"}},"NetworkSettings":{"Bridge":"","SandboxID":"56762d63452c709eadac6b5c5f4b6cdd30da833580c632f91fd658806eaf4ddb","HairpinMode":false,"LinkLocalIPv6Address":"","LinkLocalIPv6PrefixLen":0,"Ports":{"3306/tcp":[{"HostIp":"0.0.0.0","HostPort":"63819"}],"33060/tcp":null},"SandboxKey":"/var/run/docker/netns/56762d63452c","SecondaryIPAddresses":null,"SecondaryIPv6Addresses":null,"EndpointID":"92fc2600684327987bceb8e2716a72ba2420fccd56812c1491af8c03946e105c","Gateway":"172.17.0.1","GlobalIPv6Address":"","GlobalIPv6PrefixLen":0,"IPAddress":"172.17.0.3","IPPrefixLen":16,"IPv6Gateway":"","MacAddress":"02:42:ac:11:00:03","Networks":{"bridge":{"IPAMConfig":null,"Links":null,"Aliases":null,"NetworkID":"308e234c143065751b16b4500cb9f48d5c7fc2116504b3d816a5e51cd4771062","EndpointID":"92fc2600684327987bceb8e2716a72ba2420fccd56812c1491af8c03946e105c","Gateway":"172.17.0.1","IPAddress":"172.17.0.3","IPPrefixLen":16,"IPv6Gateway":"","GlobalIPv6Address":"","GlobalIPv6PrefixLen":0,"MacAddress":"02:42:ac:11:00:03","DriverOpts":null}}}}[\n]"
01:14:54.772 [Test worker] DEBUG com.github.dockerjava.zerodep.shaded.org.apache.hc.client5.http.wire - http-outgoing-2 << "[\r][\n]"
01:14:54.773 [Test worker] DEBUG com.github.dockerjava.zerodep.shaded.org.apache.hc.client5.http.wire - http-outgoing-2 << "0[\r][\n]"
01:14:54.774 [Test worker] DEBUG com.github.dockerjava.zerodep.shaded.org.apache.hc.client5.http.wire - http-outgoing-2 << "[\r][\n]"
01:14:54.774 [Test worker] DEBUG com.github.dockerjava.zerodep.shaded.org.apache.hc.client5.http.impl.classic.InternalHttpClient - ep-0000006C: releasing valid endpoint
01:14:54.774 [Test worker] DEBUG com.github.dockerjava.zerodep.shaded.org.apache.hc.client5.http.impl.io.PoolingHttpClientConnectionManager - ep-0000006C: releasing endpoint
01:14:54.774 [Test worker] DEBUG com.github.dockerjava.zerodep.shaded.org.apache.hc.client5.http.impl.io.PoolingHttpClientConnectionManager - ep-0000006C: connection http-outgoing-2 can be kept alive for 3 MINUTES
01:14:54.774 [Test worker] DEBUG com.github.dockerjava.zerodep.shaded.org.apache.hc.client5.http.impl.io.PoolingHttpClientConnectionManager - ep-0000006C: connection released [route: {}->unix://localhost:2375][total available: 1; route allocated: 1 of 2147483647; total allocated: 1 of 2147483647]
01:14:54.774 [Test worker] DEBUG ]]>&#x1f433;<![CDATA[ [mysql:latest] - Trying to create JDBC connection using com.mysql.cj.jdbc.Driver to jdbc:mysql://localhost:63819/adm_videos?useSSL=false&allowPublicKeyRetrieval=true with properties: {password=123456, user=root}
01:14:54.880 [Test worker] DEBUG org.testcontainers.shaded.com.github.dockerjava.core.command.AbstrDockerCmd - Cmd: cd5ecdf38df06b4092e6cf67100cd20ad9c3cb4b6e9303874a7bd89885b140c9,false
01:14:54.881 [Test worker] DEBUG org.testcontainers.shaded.com.github.dockerjava.core.exec.InspectContainerCmdExec - GET: DefaultWebTarget{path=[/containers/cd5ecdf38df06b4092e6cf67100cd20ad9c3cb4b6e9303874a7bd89885b140c9/json], queryParams={}}
01:14:54.881 [Test worker] DEBUG com.github.dockerjava.zerodep.shaded.org.apache.hc.client5.http.impl.classic.InternalHttpClient - ex-0000006E: preparing request execution
01:14:54.881 [Test worker] DEBUG com.github.dockerjava.zerodep.shaded.org.apache.hc.client5.http.protocol.RequestAddCookies - Cookie spec selected: strict
01:14:54.882 [Test worker] DEBUG com.github.dockerjava.zerodep.shaded.org.apache.hc.client5.http.protocol.RequestAuthCache - Auth cache not set in the context
01:14:54.882 [Test worker] DEBUG com.github.dockerjava.zerodep.shaded.org.apache.hc.client5.http.impl.classic.ProtocolExec - ex-0000006E: target auth state: UNCHALLENGED
01:14:54.882 [Test worker] DEBUG com.github.dockerjava.zerodep.shaded.org.apache.hc.client5.http.impl.classic.ProtocolExec - ex-0000006E: proxy auth state: UNCHALLENGED
01:14:54.882 [Test worker] DEBUG com.github.dockerjava.zerodep.shaded.org.apache.hc.client5.http.impl.classic.ConnectExec - ex-0000006E: acquiring connection with route {}->unix://localhost:2375
01:14:54.882 [Test worker] DEBUG com.github.dockerjava.zerodep.shaded.org.apache.hc.client5.http.impl.classic.InternalHttpClient - ex-0000006E: acquiring endpoint (3 MINUTES)
01:14:54.882 [Test worker] DEBUG com.github.dockerjava.zerodep.shaded.org.apache.hc.client5.http.impl.io.PoolingHttpClientConnectionManager - ex-0000006E: endpoint lease request (3 MINUTES) [route: {}->unix://localhost:2375][total available: 1; route allocated: 1 of 2147483647; total allocated: 1 of 2147483647]
01:14:54.882 [Test worker] DEBUG com.github.dockerjava.zerodep.shaded.org.apache.hc.client5.http.impl.io.PoolingHttpClientConnectionManager - ex-0000006E: endpoint leased [route: {}->unix://localhost:2375][total available: 0; route allocated: 1 of 2147483647; total allocated: 1 of 2147483647]
01:14:54.882 [Test worker] DEBUG com.github.dockerjava.zerodep.shaded.org.apache.hc.client5.http.impl.io.PoolingHttpClientConnectionManager - ex-0000006E: acquired ep-0000006D
01:14:54.882 [Test worker] DEBUG com.github.dockerjava.zerodep.shaded.org.apache.hc.client5.http.impl.classic.InternalHttpClient - ex-0000006E: acquired endpoint ep-0000006D
01:14:54.882 [Test worker] DEBUG com.github.dockerjava.zerodep.shaded.org.apache.hc.client5.http.impl.classic.MainClientExec - ex-0000006E: executing GET /v1.32/containers/cd5ecdf38df06b4092e6cf67100cd20ad9c3cb4b6e9303874a7bd89885b140c9/json HTTP/1.1
01:14:54.882 [Test worker] DEBUG com.github.dockerjava.zerodep.shaded.org.apache.hc.client5.http.impl.classic.InternalHttpClient - ep-0000006D: start execution ex-0000006E
01:14:54.882 [Test worker] DEBUG com.github.dockerjava.zerodep.shaded.org.apache.hc.client5.http.impl.io.PoolingHttpClientConnectionManager - ep-0000006D: executing exchange ex-0000006E over http-outgoing-2
01:14:54.882 [Test worker] DEBUG com.github.dockerjava.zerodep.shaded.org.apache.hc.client5.http.headers - http-outgoing-2 >> GET /v1.32/containers/cd5ecdf38df06b4092e6cf67100cd20ad9c3cb4b6e9303874a7bd89885b140c9/json HTTP/1.1
01:14:54.882 [Test worker] DEBUG com.github.dockerjava.zerodep.shaded.org.apache.hc.client5.http.headers - http-outgoing-2 >> accept: application/json
01:14:54.882 [Test worker] DEBUG com.github.dockerjava.zerodep.shaded.org.apache.hc.client5.http.headers - http-outgoing-2 >> x-tc-sid: 71b9672a-6f61-4546-a7b6-d603100b2e56
01:14:54.882 [Test worker] DEBUG com.github.dockerjava.zerodep.shaded.org.apache.hc.client5.http.headers - http-outgoing-2 >> Accept-Encoding: gzip, x-gzip, deflate
01:14:54.882 [Test worker] DEBUG com.github.dockerjava.zerodep.shaded.org.apache.hc.client5.http.headers - http-outgoing-2 >> Host: localhost:2375
01:14:54.882 [Test worker] DEBUG com.github.dockerjava.zerodep.shaded.org.apache.hc.client5.http.headers - http-outgoing-2 >> Connection: keep-alive
01:14:54.882 [Test worker] DEBUG com.github.dockerjava.zerodep.shaded.org.apache.hc.client5.http.headers - http-outgoing-2 >> User-Agent: Apache-HttpClient/5.0.3 (Java/17.0.2)
01:14:54.882 [Test worker] DEBUG com.github.dockerjava.zerodep.shaded.org.apache.hc.client5.http.wire - http-outgoing-2 >> "GET /v1.32/containers/cd5ecdf38df06b4092e6cf67100cd20ad9c3cb4b6e9303874a7bd89885b140c9/json HTTP/1.1[\r][\n]"
01:14:54.882 [Test worker] DEBUG com.github.dockerjava.zerodep.shaded.org.apache.hc.client5.http.wire - http-outgoing-2 >> "accept: application/json[\r][\n]"
01:14:54.882 [Test worker] DEBUG com.github.dockerjava.zerodep.shaded.org.apache.hc.client5.http.wire - http-outgoing-2 >> "x-tc-sid: 71b9672a-6f61-4546-a7b6-d603100b2e56[\r][\n]"
01:14:54.883 [Test worker] DEBUG com.github.dockerjava.zerodep.shaded.org.apache.hc.client5.http.wire - http-outgoing-2 >> "Accept-Encoding: gzip, x-gzip, deflate[\r][\n]"
01:14:54.883 [Test worker] DEBUG com.github.dockerjava.zerodep.shaded.org.apache.hc.client5.http.wire - http-outgoing-2 >> "Host: localhost:2375[\r][\n]"
01:14:54.883 [Test worker] DEBUG com.github.dockerjava.zerodep.shaded.org.apache.hc.client5.http.wire - http-outgoing-2 >> "Connection: keep-alive[\r][\n]"
01:14:54.883 [Test worker] DEBUG com.github.dockerjava.zerodep.shaded.org.apache.hc.client5.http.wire - http-outgoing-2 >> "User-Agent: Apache-HttpClient/5.0.3 (Java/17.0.2)[\r][\n]"
01:14:54.883 [Test worker] DEBUG com.github.dockerjava.zerodep.shaded.org.apache.hc.client5.http.wire - http-outgoing-2 >> "[\r][\n]"
01:14:54.891 [Test worker] DEBUG com.github.dockerjava.zerodep.shaded.org.apache.hc.client5.http.wire - http-outgoing-2 << "HTTP/1.1 200 OK[\r][\n]"
01:14:54.891 [Test worker] DEBUG com.github.dockerjava.zerodep.shaded.org.apache.hc.client5.http.wire - http-outgoing-2 << "Api-Version: 1.41[\r][\n]"
01:14:54.891 [Test worker] DEBUG com.github.dockerjava.zerodep.shaded.org.apache.hc.client5.http.wire - http-outgoing-2 << "Content-Type: application/json[\r][\n]"
01:14:54.891 [Test worker] DEBUG com.github.dockerjava.zerodep.shaded.org.apache.hc.client5.http.wire - http-outgoing-2 << "Date: Tue, 28 Mar 2023 04:14:54 GMT[\r][\n]"
01:14:54.891 [Test worker] DEBUG com.github.dockerjava.zerodep.shaded.org.apache.hc.client5.http.wire - http-outgoing-2 << "Docker-Experimental: false[\r][\n]"
01:14:54.891 [Test worker] DEBUG com.github.dockerjava.zerodep.shaded.org.apache.hc.client5.http.wire - http-outgoing-2 << "Ostype: linux[\r][\n]"
01:14:54.891 [Test worker] DEBUG com.github.dockerjava.zerodep.shaded.org.apache.hc.client5.http.wire - http-outgoing-2 << "Server: Docker/20.10.21 (linux)[\r][\n]"
01:14:54.891 [Test worker] DEBUG com.github.dockerjava.zerodep.shaded.org.apache.hc.client5.http.wire - http-outgoing-2 << "Transfer-Encoding: chunked[\r][\n]"
01:14:54.892 [Test worker] DEBUG com.github.dockerjava.zerodep.shaded.org.apache.hc.client5.http.wire - http-outgoing-2 << "[\r][\n]"
01:14:54.892 [Test worker] DEBUG com.github.dockerjava.zerodep.shaded.org.apache.hc.client5.http.headers - http-outgoing-2 << HTTP/1.1 200 OK
01:14:54.892 [Test worker] DEBUG com.github.dockerjava.zerodep.shaded.org.apache.hc.client5.http.headers - http-outgoing-2 << Api-Version: 1.41
01:14:54.892 [Test worker] DEBUG com.github.dockerjava.zerodep.shaded.org.apache.hc.client5.http.headers - http-outgoing-2 << Content-Type: application/json
01:14:54.892 [Test worker] DEBUG com.github.dockerjava.zerodep.shaded.org.apache.hc.client5.http.headers - http-outgoing-2 << Date: Tue, 28 Mar 2023 04:14:54 GMT
01:14:54.892 [Test worker] DEBUG com.github.dockerjava.zerodep.shaded.org.apache.hc.client5.http.headers - http-outgoing-2 << Docker-Experimental: false
01:14:54.892 [Test worker] DEBUG com.github.dockerjava.zerodep.shaded.org.apache.hc.client5.http.headers - http-outgoing-2 << Ostype: linux
01:14:54.892 [Test worker] DEBUG com.github.dockerjava.zerodep.shaded.org.apache.hc.client5.http.headers - http-outgoing-2 << Server: Docker/20.10.21 (linux)
01:14:54.892 [Test worker] DEBUG com.github.dockerjava.zerodep.shaded.org.apache.hc.client5.http.headers - http-outgoing-2 << Transfer-Encoding: chunked
01:14:54.892 [Test worker] DEBUG com.github.dockerjava.zerodep.shaded.org.apache.hc.client5.http.impl.classic.MainClientExec - ex-0000006E: connection can be kept alive for 3 MINUTES
01:14:54.895 [Test worker] DEBUG com.github.dockerjava.zerodep.shaded.org.apache.hc.client5.http.wire - http-outgoing-2 << "18c1[\r][\n]"
01:14:54.895 [Test worker] DEBUG com.github.dockerjava.zerodep.shaded.org.apache.hc.client5.http.wire - http-outgoing-2 << "{"Id":"cd5ecdf38df06b4092e6cf67100cd20ad9c3cb4b6e9303874a7bd89885b140c9","Created":"2023-03-28T04:14:43.179040379Z","Path":"docker-entrypoint.sh","Args":["mysqld"],"State":{"Status":"running","Running":true,"Paused":false,"Restarting":false,"OOMKilled":false,"Dead":false,"Pid":20152,"ExitCode":0,"Error":"","StartedAt":"2023-03-28T04:14:43.680338005Z","FinishedAt":"0001-01-01T00:00:00Z"},"Image":"sha256:c7c54c29e20dccc1aefb936c8eba8bb8b98b87a4921102aba87fde2df5810af9","ResolvConfPath":"/var/lib/docker/containers/cd5ecdf38df06b4092e6cf67100cd20ad9c3cb4b6e9303874a7bd89885b140c9/resolv.conf","HostnamePath":"/var/lib/docker/containers/cd5ecdf38df06b4092e6cf67100cd20ad9c3cb4b6e9303874a7bd89885b140c9/hostname","HostsPath":"/var/lib/docker/containers/cd5ecdf38df06b4092e6cf67100cd20ad9c3cb4b6e9303874a7bd89885b140c9/hosts","LogPath":"/var/lib/docker/containers/cd5ecdf38df06b4092e6cf67100cd20ad9c3cb4b6e9303874a7bd89885b140c9/cd5ecdf38df06b4092e6cf67100cd20ad9c3cb4b6e9303874a7bd89885b140c9-json.log","Name":"/keen_matsumoto","RestartCount":0,"Driver":"overlay2","Platform":"linux","MountLabel":"","ProcessLabel":"","AppArmorProfile":"","ExecIDs":null,"HostConfig":{"Binds":[],"ContainerIDFile":"","LogConfig":{"Type":"json-file","Config":{}},"NetworkMode":"default","PortBindings":{"3306/tcp":[{"HostIp":"0.0.0.0","HostPort":"0"}]},"RestartPolicy":{"Name":"","MaximumRetryCount":0},"AutoRemove":false,"VolumeDriver":"","VolumesFrom":[],"CapAdd":null,"CapDrop":null,"CgroupnsMode":"private","Dns":null,"DnsOptions":null,"DnsSearch":null,"ExtraHosts":[],"GroupAdd":null,"IpcMode":"shareable","Cgroup":"","Links":null,"OomScoreAdj":0,"PidMode":"","Privileged":false,"PublishAllPorts":false,"ReadonlyRootfs":false,"SecurityOpt":null,"UTSMode":"","UsernsMode":"","ShmSize":67108864,"Runtime":"runc","ConsoleSize":[0,0],"Isolation":"","CpuShares":0,"Memory":0,"NanoCpus":0,"CgroupParent":"","BlkioWeight":0,"BlkioWeightDevice":null,"BlkioDeviceReadBps":null,"BlkioDeviceWriteBps":null,"BlkioDeviceReadIOps":null,"BlkioDeviceWriteIOps":null,"CpuPeriod":0,"CpuQuota":0,"CpuRealtimePeriod":0,"CpuRealtimeRuntime":0,"CpusetCpus":"","CpusetMems":"","Devices":null,"DeviceCgroupRules":null,"DeviceRequests":null,"KernelMemory":0,"KernelMemoryTCP":0,"MemoryReservation":0,"MemorySwap":0,"MemorySwappiness":null,"OomKillDisable":null,"PidsLimit":null,"Ulimits":null,"CpuCount":0,"CpuPercent":0,"IOMaximumIOps":0,"IOMaximumBandwidth":0,"MaskedPaths":["/proc/asound","/proc/acpi","/proc/kcore","/proc/keys","/proc/latency_stats","/proc/timer_list","/proc/timer_stats","/proc/sched_debug","/proc/scsi","/sys/firmware"],"ReadonlyPaths":["/proc/bus","/proc/fs","/proc/irq","/proc/sys","/proc/sysrq-trigger"]},"GraphDriver":{"Data":{"LowerDir":"/var/lib/docker/overlay2/830e690ec83ecff869b59e4f673c0c63b2bc5c068e9f710933e6f61763699fd2-init/diff:/var/lib/docker/overlay2/1bd8849d7a296305617011f940aa5cfabbe972a513397b1b6bbc27639b6c1f30/diff:/var/lib/docker/overlay2/199d69b2fbf78af4d4c95dec4fd2f8835ab0347eb49fb20ebb2ff3b99fedd6ad/diff:/var/lib/docker/overlay2/d83c38d654989311f75b9491329846033bfb7714de76ef635380dcfad5c740d9/diff:/var/lib/docker/overlay2/08600d0aea2ab2728bebcf5d2589c640a842f53d1ba3c4a4adccb4d03b923cf6/diff:/var/lib/docker/overlay2/9ec7c63a3fb14d13ac788bbf5e282ca821edc41260b79944e5e631037d13ecda/diff:/var/lib/docker/overlay2/db601d7a1b4ea6da638db620462f0da96fa55c559d02269c9ddb09027936ed87/diff:/var/lib/docker/overlay2/a6d2bd03f942e2565f21e74cfe152c7ec836a1c2b583f0790c685b92bdcfda24/diff:/var/lib/docker/overlay2/9badd16ea2c5e2bf1fde8b579683e41137dfc46ed5449234149f199a6751cc84/diff:/var/lib/docker/overlay2/6efb85646ed12e2d1181ef4cc6f6f6732c00c15a4035fe17ebc4f075ca573c30/diff:/var/lib/docker/overlay2/895d7c0ec09144d6ed33936f4e98e11c18010f7abd708cae1ce43aec7a7f2621/diff:/var/lib/docker/overlay2/1c4ba77aa573ab6e5e5069fd15eae71b3da940bde0f97a922a227ffc8a1d1096/diff","MergedDir":"/var/lib/docker/overlay2/830e690ec83ecff869b59e4f673c0c63b2bc5c068e9f710933e6f61763699fd2/merged","UpperDir":"/var/lib/docker/overlay2/830e690ec83ecff869b59e4f673c0c63b2bc5c068e9f710933e6f61763699fd2/diff","WorkDir":"/var/lib/docker/overlay2/830e690ec83ecff869b59e4f673c0c63b2bc5c068e9f710933e6f61763699fd2/work"},"Name":"overlay2"},"Mounts":[{"Type":"volume","Name":"25868b8cea8ad6eba7f00a6fe83e8848def5cff8aab5c5943024031400fa063d","Source":"/var/lib/docker/volumes/25868b8cea8ad6eba7f00a6fe83e8848def5cff8aab5c5943024031400fa063d/_data","Destination":"/var/lib/mysql","Driver":"local","Mode":"","RW":true,"Propagation":""}],"Config":{"Hostname":"cd5ecdf38df0","Domainname":"","User":"","AttachStdin":false,"AttachStdout":false,"AttachStderr":false,"ExposedPorts":{"3306/tcp":{},"33060/tcp":{}},"Tty":false,"OpenStdin":false,"StdinOnce":false,"Env":["MYSQL_DATABASE=adm_videos","MYSQL_PASSWORD=123456","MYSQL_ROOT_PASSWORD=123456","PATH=/usr/local/sbin:/usr/local/bin:/usr/sbin:/usr/bin:/sbin:/bin","GOSU_VERSION=1.16","MYSQL_MAJOR=8.0","MYSQL_VERSION=8.0.32-1.el8","MYSQL_SHELL_VERSION=8.0.32-1.el8"],"Cmd":["mysqld"],"Image":"mysql:latest","Volumes":{"/var/lib/mysql":{}},"WorkingDir":"","Entrypoint":["docker-entrypoint.sh"],"OnBuild":null,"Labels":{"org.testcontainers":"true","org.testcontainers.lang":"java","org.testcontainers.sessionId":"71b9672a-6f61-4546-a7b6-d603100b2e56","org.testcontainers.version":"1.17.6"}},"NetworkSettings":{"Bridge":"","SandboxID":"56762d63452c709eadac6b5c5f4b6cdd30da833580c632f91fd658806eaf4ddb","HairpinMode":false,"LinkLocalIPv6Address":"","LinkLocalIPv6PrefixLen":0,"Ports":{"3306/tcp":[{"HostIp":"0.0.0.0","HostPort":"63819"}],"33060/tcp":null},"SandboxKey":"/var/run/docker/netns/56762d63452c","SecondaryIPAddresses":null,"SecondaryIPv6Addresses":null,"EndpointID":"92fc2600684327987bceb8e2716a72ba2420fccd56812c1491af8c03946e105c","Gateway":"172.17.0.1","GlobalIPv6Address":"","GlobalIPv6PrefixLen":0,"IPAddress":"172.17.0.3","IPPrefixLen":16,"IPv6Gateway":"","MacAddress":"02:42:ac:11:00:03","Networks":{"bridge":{"IPAMConfig":null,"Links":null,"Aliases":null,"NetworkID":"308e234c143065751b16b4500cb9f48d5c7fc2116504b3d816a5e51cd4771062","EndpointID":"92fc2600684327987bceb8e2716a72ba2420fccd56812c1491af8c03946e105c","Gateway":"172.17.0.1","IPAddress":"172.17.0.3","IPPrefixLen":16,"IPv6Gateway":"","GlobalIPv6Address":"","GlobalIPv6PrefixLen":0,"MacAddress":"02:42:ac:11:00:03","DriverOpts":null}}}}[\n]"
01:14:54.895 [Test worker] DEBUG com.github.dockerjava.zerodep.shaded.org.apache.hc.client5.http.wire - http-outgoing-2 << "[\r][\n]"
01:14:54.896 [Test worker] DEBUG com.github.dockerjava.zerodep.shaded.org.apache.hc.client5.http.wire - http-outgoing-2 << "0[\r][\n]"
01:14:54.896 [Test worker] DEBUG com.github.dockerjava.zerodep.shaded.org.apache.hc.client5.http.wire - http-outgoing-2 << "[\r][\n]"
01:14:54.896 [Test worker] DEBUG com.github.dockerjava.zerodep.shaded.org.apache.hc.client5.http.impl.classic.InternalHttpClient - ep-0000006D: releasing valid endpoint
01:14:54.896 [Test worker] DEBUG com.github.dockerjava.zerodep.shaded.org.apache.hc.client5.http.impl.io.PoolingHttpClientConnectionManager - ep-0000006D: releasing endpoint
01:14:54.896 [Test worker] DEBUG com.github.dockerjava.zerodep.shaded.org.apache.hc.client5.http.impl.io.PoolingHttpClientConnectionManager - ep-0000006D: connection http-outgoing-2 can be kept alive for 3 MINUTES
01:14:54.896 [Test worker] DEBUG com.github.dockerjava.zerodep.shaded.org.apache.hc.client5.http.impl.io.PoolingHttpClientConnectionManager - ep-0000006D: connection released [route: {}->unix://localhost:2375][total available: 1; route allocated: 1 of 2147483647; total allocated: 1 of 2147483647]
01:14:54.896 [Test worker] DEBUG ]]>&#x1f433;<![CDATA[ [mysql:latest] - Trying to create JDBC connection using com.mysql.cj.jdbc.Driver to jdbc:mysql://localhost:63819/adm_videos?useSSL=false&allowPublicKeyRetrieval=true with properties: {password=123456, user=root}
01:14:55.001 [Test worker] DEBUG org.testcontainers.shaded.com.github.dockerjava.core.command.AbstrDockerCmd - Cmd: cd5ecdf38df06b4092e6cf67100cd20ad9c3cb4b6e9303874a7bd89885b140c9,false
01:14:55.001 [Test worker] DEBUG org.testcontainers.shaded.com.github.dockerjava.core.exec.InspectContainerCmdExec - GET: DefaultWebTarget{path=[/containers/cd5ecdf38df06b4092e6cf67100cd20ad9c3cb4b6e9303874a7bd89885b140c9/json], queryParams={}}
01:14:55.001 [Test worker] DEBUG com.github.dockerjava.zerodep.shaded.org.apache.hc.client5.http.impl.classic.InternalHttpClient - ex-0000006F: preparing request execution
01:14:55.001 [Test worker] DEBUG com.github.dockerjava.zerodep.shaded.org.apache.hc.client5.http.protocol.RequestAddCookies - Cookie spec selected: strict
01:14:55.001 [Test worker] DEBUG com.github.dockerjava.zerodep.shaded.org.apache.hc.client5.http.protocol.RequestAuthCache - Auth cache not set in the context
01:14:55.001 [Test worker] DEBUG com.github.dockerjava.zerodep.shaded.org.apache.hc.client5.http.impl.classic.ProtocolExec - ex-0000006F: target auth state: UNCHALLENGED
01:14:55.001 [Test worker] DEBUG com.github.dockerjava.zerodep.shaded.org.apache.hc.client5.http.impl.classic.ProtocolExec - ex-0000006F: proxy auth state: UNCHALLENGED
01:14:55.001 [Test worker] DEBUG com.github.dockerjava.zerodep.shaded.org.apache.hc.client5.http.impl.classic.ConnectExec - ex-0000006F: acquiring connection with route {}->unix://localhost:2375
01:14:55.001 [Test worker] DEBUG com.github.dockerjava.zerodep.shaded.org.apache.hc.client5.http.impl.classic.InternalHttpClient - ex-0000006F: acquiring endpoint (3 MINUTES)
01:14:55.001 [Test worker] DEBUG com.github.dockerjava.zerodep.shaded.org.apache.hc.client5.http.impl.io.PoolingHttpClientConnectionManager - ex-0000006F: endpoint lease request (3 MINUTES) [route: {}->unix://localhost:2375][total available: 1; route allocated: 1 of 2147483647; total allocated: 1 of 2147483647]
01:14:55.001 [Test worker] DEBUG com.github.dockerjava.zerodep.shaded.org.apache.hc.client5.http.impl.io.PoolingHttpClientConnectionManager - ex-0000006F: endpoint leased [route: {}->unix://localhost:2375][total available: 0; route allocated: 1 of 2147483647; total allocated: 1 of 2147483647]
01:14:55.001 [Test worker] DEBUG com.github.dockerjava.zerodep.shaded.org.apache.hc.client5.http.impl.io.PoolingHttpClientConnectionManager - ex-0000006F: acquired ep-0000006E
01:14:55.001 [Test worker] DEBUG com.github.dockerjava.zerodep.shaded.org.apache.hc.client5.http.impl.classic.InternalHttpClient - ex-0000006F: acquired endpoint ep-0000006E
01:14:55.001 [Test worker] DEBUG com.github.dockerjava.zerodep.shaded.org.apache.hc.client5.http.impl.classic.MainClientExec - ex-0000006F: executing GET /v1.32/containers/cd5ecdf38df06b4092e6cf67100cd20ad9c3cb4b6e9303874a7bd89885b140c9/json HTTP/1.1
01:14:55.001 [Test worker] DEBUG com.github.dockerjava.zerodep.shaded.org.apache.hc.client5.http.impl.classic.InternalHttpClient - ep-0000006E: start execution ex-0000006F
01:14:55.001 [Test worker] DEBUG com.github.dockerjava.zerodep.shaded.org.apache.hc.client5.http.impl.io.PoolingHttpClientConnectionManager - ep-0000006E: executing exchange ex-0000006F over http-outgoing-2
01:14:55.001 [Test worker] DEBUG com.github.dockerjava.zerodep.shaded.org.apache.hc.client5.http.headers - http-outgoing-2 >> GET /v1.32/containers/cd5ecdf38df06b4092e6cf67100cd20ad9c3cb4b6e9303874a7bd89885b140c9/json HTTP/1.1
01:14:55.001 [Test worker] DEBUG com.github.dockerjava.zerodep.shaded.org.apache.hc.client5.http.headers - http-outgoing-2 >> accept: application/json
01:14:55.001 [Test worker] DEBUG com.github.dockerjava.zerodep.shaded.org.apache.hc.client5.http.headers - http-outgoing-2 >> x-tc-sid: 71b9672a-6f61-4546-a7b6-d603100b2e56
01:14:55.001 [Test worker] DEBUG com.github.dockerjava.zerodep.shaded.org.apache.hc.client5.http.headers - http-outgoing-2 >> Accept-Encoding: gzip, x-gzip, deflate
01:14:55.001 [Test worker] DEBUG com.github.dockerjava.zerodep.shaded.org.apache.hc.client5.http.headers - http-outgoing-2 >> Host: localhost:2375
01:14:55.001 [Test worker] DEBUG com.github.dockerjava.zerodep.shaded.org.apache.hc.client5.http.headers - http-outgoing-2 >> Connection: keep-alive
01:14:55.001 [Test worker] DEBUG com.github.dockerjava.zerodep.shaded.org.apache.hc.client5.http.headers - http-outgoing-2 >> User-Agent: Apache-HttpClient/5.0.3 (Java/17.0.2)
01:14:55.001 [Test worker] DEBUG com.github.dockerjava.zerodep.shaded.org.apache.hc.client5.http.wire - http-outgoing-2 >> "GET /v1.32/containers/cd5ecdf38df06b4092e6cf67100cd20ad9c3cb4b6e9303874a7bd89885b140c9/json HTTP/1.1[\r][\n]"
01:14:55.001 [Test worker] DEBUG com.github.dockerjava.zerodep.shaded.org.apache.hc.client5.http.wire - http-outgoing-2 >> "accept: application/json[\r][\n]"
01:14:55.001 [Test worker] DEBUG com.github.dockerjava.zerodep.shaded.org.apache.hc.client5.http.wire - http-outgoing-2 >> "x-tc-sid: 71b9672a-6f61-4546-a7b6-d603100b2e56[\r][\n]"
01:14:55.001 [Test worker] DEBUG com.github.dockerjava.zerodep.shaded.org.apache.hc.client5.http.wire - http-outgoing-2 >> "Accept-Encoding: gzip, x-gzip, deflate[\r][\n]"
01:14:55.001 [Test worker] DEBUG com.github.dockerjava.zerodep.shaded.org.apache.hc.client5.http.wire - http-outgoing-2 >> "Host: localhost:2375[\r][\n]"
01:14:55.001 [Test worker] DEBUG com.github.dockerjava.zerodep.shaded.org.apache.hc.client5.http.wire - http-outgoing-2 >> "Connection: keep-alive[\r][\n]"
01:14:55.001 [Test worker] DEBUG com.github.dockerjava.zerodep.shaded.org.apache.hc.client5.http.wire - http-outgoing-2 >> "User-Agent: Apache-HttpClient/5.0.3 (Java/17.0.2)[\r][\n]"
01:14:55.001 [Test worker] DEBUG com.github.dockerjava.zerodep.shaded.org.apache.hc.client5.http.wire - http-outgoing-2 >> "[\r][\n]"
01:14:55.008 [Test worker] DEBUG com.github.dockerjava.zerodep.shaded.org.apache.hc.client5.http.wire - http-outgoing-2 << "HTTP/1.1 200 OK[\r][\n]"
01:14:55.008 [Test worker] DEBUG com.github.dockerjava.zerodep.shaded.org.apache.hc.client5.http.wire - http-outgoing-2 << "Api-Version: 1.41[\r][\n]"
01:14:55.008 [Test worker] DEBUG com.github.dockerjava.zerodep.shaded.org.apache.hc.client5.http.wire - http-outgoing-2 << "Content-Type: application/json[\r][\n]"
01:14:55.008 [Test worker] DEBUG com.github.dockerjava.zerodep.shaded.org.apache.hc.client5.http.wire - http-outgoing-2 << "Date: Tue, 28 Mar 2023 04:14:55 GMT[\r][\n]"
01:14:55.008 [Test worker] DEBUG com.github.dockerjava.zerodep.shaded.org.apache.hc.client5.http.wire - http-outgoing-2 << "Docker-Experimental: false[\r][\n]"
01:14:55.008 [Test worker] DEBUG com.github.dockerjava.zerodep.shaded.org.apache.hc.client5.http.wire - http-outgoing-2 << "Ostype: linux[\r][\n]"
01:14:55.008 [Test worker] DEBUG com.github.dockerjava.zerodep.shaded.org.apache.hc.client5.http.wire - http-outgoing-2 << "Server: Docker/20.10.21 (linux)[\r][\n]"
01:14:55.008 [Test worker] DEBUG com.github.dockerjava.zerodep.shaded.org.apache.hc.client5.http.wire - http-outgoing-2 << "Transfer-Encoding: chunked[\r][\n]"
01:14:55.008 [Test worker] DEBUG com.github.dockerjava.zerodep.shaded.org.apache.hc.client5.http.wire - http-outgoing-2 << "[\r][\n]"
01:14:55.008 [Test worker] DEBUG com.github.dockerjava.zerodep.shaded.org.apache.hc.client5.http.headers - http-outgoing-2 << HTTP/1.1 200 OK
01:14:55.008 [Test worker] DEBUG com.github.dockerjava.zerodep.shaded.org.apache.hc.client5.http.headers - http-outgoing-2 << Api-Version: 1.41
01:14:55.008 [Test worker] DEBUG com.github.dockerjava.zerodep.shaded.org.apache.hc.client5.http.headers - http-outgoing-2 << Content-Type: application/json
01:14:55.008 [Test worker] DEBUG com.github.dockerjava.zerodep.shaded.org.apache.hc.client5.http.headers - http-outgoing-2 << Date: Tue, 28 Mar 2023 04:14:55 GMT
01:14:55.008 [Test worker] DEBUG com.github.dockerjava.zerodep.shaded.org.apache.hc.client5.http.headers - http-outgoing-2 << Docker-Experimental: false
01:14:55.008 [Test worker] DEBUG com.github.dockerjava.zerodep.shaded.org.apache.hc.client5.http.headers - http-outgoing-2 << Ostype: linux
01:14:55.008 [Test worker] DEBUG com.github.dockerjava.zerodep.shaded.org.apache.hc.client5.http.headers - http-outgoing-2 << Server: Docker/20.10.21 (linux)
01:14:55.008 [Test worker] DEBUG com.github.dockerjava.zerodep.shaded.org.apache.hc.client5.http.headers - http-outgoing-2 << Transfer-Encoding: chunked
01:14:55.008 [Test worker] DEBUG com.github.dockerjava.zerodep.shaded.org.apache.hc.client5.http.impl.classic.MainClientExec - ex-0000006F: connection can be kept alive for 3 MINUTES
01:14:55.011 [Test worker] DEBUG com.github.dockerjava.zerodep.shaded.org.apache.hc.client5.http.wire - http-outgoing-2 << "18c1[\r][\n]"
01:14:55.011 [Test worker] DEBUG com.github.dockerjava.zerodep.shaded.org.apache.hc.client5.http.wire - http-outgoing-2 << "{"Id":"cd5ecdf38df06b4092e6cf67100cd20ad9c3cb4b6e9303874a7bd89885b140c9","Created":"2023-03-28T04:14:43.179040379Z","Path":"docker-entrypoint.sh","Args":["mysqld"],"State":{"Status":"running","Running":true,"Paused":false,"Restarting":false,"OOMKilled":false,"Dead":false,"Pid":20152,"ExitCode":0,"Error":"","StartedAt":"2023-03-28T04:14:43.680338005Z","FinishedAt":"0001-01-01T00:00:00Z"},"Image":"sha256:c7c54c29e20dccc1aefb936c8eba8bb8b98b87a4921102aba87fde2df5810af9","ResolvConfPath":"/var/lib/docker/containers/cd5ecdf38df06b4092e6cf67100cd20ad9c3cb4b6e9303874a7bd89885b140c9/resolv.conf","HostnamePath":"/var/lib/docker/containers/cd5ecdf38df06b4092e6cf67100cd20ad9c3cb4b6e9303874a7bd89885b140c9/hostname","HostsPath":"/var/lib/docker/containers/cd5ecdf38df06b4092e6cf67100cd20ad9c3cb4b6e9303874a7bd89885b140c9/hosts","LogPath":"/var/lib/docker/containers/cd5ecdf38df06b4092e6cf67100cd20ad9c3cb4b6e9303874a7bd89885b140c9/cd5ecdf38df06b4092e6cf67100cd20ad9c3cb4b6e9303874a7bd89885b140c9-json.log","Name":"/keen_matsumoto","RestartCount":0,"Driver":"overlay2","Platform":"linux","MountLabel":"","ProcessLabel":"","AppArmorProfile":"","ExecIDs":null,"HostConfig":{"Binds":[],"ContainerIDFile":"","LogConfig":{"Type":"json-file","Config":{}},"NetworkMode":"default","PortBindings":{"3306/tcp":[{"HostIp":"0.0.0.0","HostPort":"0"}]},"RestartPolicy":{"Name":"","MaximumRetryCount":0},"AutoRemove":false,"VolumeDriver":"","VolumesFrom":[],"CapAdd":null,"CapDrop":null,"CgroupnsMode":"private","Dns":null,"DnsOptions":null,"DnsSearch":null,"ExtraHosts":[],"GroupAdd":null,"IpcMode":"shareable","Cgroup":"","Links":null,"OomScoreAdj":0,"PidMode":"","Privileged":false,"PublishAllPorts":false,"ReadonlyRootfs":false,"SecurityOpt":null,"UTSMode":"","UsernsMode":"","ShmSize":67108864,"Runtime":"runc","ConsoleSize":[0,0],"Isolation":"","CpuShares":0,"Memory":0,"NanoCpus":0,"CgroupParent":"","BlkioWeight":0,"BlkioWeightDevice":null,"BlkioDeviceReadBps":null,"BlkioDeviceWriteBps":null,"BlkioDeviceReadIOps":null,"BlkioDeviceWriteIOps":null,"CpuPeriod":0,"CpuQuota":0,"CpuRealtimePeriod":0,"CpuRealtimeRuntime":0,"CpusetCpus":"","CpusetMems":"","Devices":null,"DeviceCgroupRules":null,"DeviceRequests":null,"KernelMemory":0,"KernelMemoryTCP":0,"MemoryReservation":0,"MemorySwap":0,"MemorySwappiness":null,"OomKillDisable":null,"PidsLimit":null,"Ulimits":null,"CpuCount":0,"CpuPercent":0,"IOMaximumIOps":0,"IOMaximumBandwidth":0,"MaskedPaths":["/proc/asound","/proc/acpi","/proc/kcore","/proc/keys","/proc/latency_stats","/proc/timer_list","/proc/timer_stats","/proc/sched_debug","/proc/scsi","/sys/firmware"],"ReadonlyPaths":["/proc/bus","/proc/fs","/proc/irq","/proc/sys","/proc/sysrq-trigger"]},"GraphDriver":{"Data":{"LowerDir":"/var/lib/docker/overlay2/830e690ec83ecff869b59e4f673c0c63b2bc5c068e9f710933e6f61763699fd2-init/diff:/var/lib/docker/overlay2/1bd8849d7a296305617011f940aa5cfabbe972a513397b1b6bbc27639b6c1f30/diff:/var/lib/docker/overlay2/199d69b2fbf78af4d4c95dec4fd2f8835ab0347eb49fb20ebb2ff3b99fedd6ad/diff:/var/lib/docker/overlay2/d83c38d654989311f75b9491329846033bfb7714de76ef635380dcfad5c740d9/diff:/var/lib/docker/overlay2/08600d0aea2ab2728bebcf5d2589c640a842f53d1ba3c4a4adccb4d03b923cf6/diff:/var/lib/docker/overlay2/9ec7c63a3fb14d13ac788bbf5e282ca821edc41260b79944e5e631037d13ecda/diff:/var/lib/docker/overlay2/db601d7a1b4ea6da638db620462f0da96fa55c559d02269c9ddb09027936ed87/diff:/var/lib/docker/overlay2/a6d2bd03f942e2565f21e74cfe152c7ec836a1c2b583f0790c685b92bdcfda24/diff:/var/lib/docker/overlay2/9badd16ea2c5e2bf1fde8b579683e41137dfc46ed5449234149f199a6751cc84/diff:/var/lib/docker/overlay2/6efb85646ed12e2d1181ef4cc6f6f6732c00c15a4035fe17ebc4f075ca573c30/diff:/var/lib/docker/overlay2/895d7c0ec09144d6ed33936f4e98e11c18010f7abd708cae1ce43aec7a7f2621/diff:/var/lib/docker/overlay2/1c4ba77aa573ab6e5e5069fd15eae71b3da940bde0f97a922a227ffc8a1d1096/diff","MergedDir":"/var/lib/docker/overlay2/830e690ec83ecff869b59e4f673c0c63b2bc5c068e9f710933e6f61763699fd2/merged","UpperDir":"/var/lib/docker/overlay2/830e690ec83ecff869b59e4f673c0c63b2bc5c068e9f710933e6f61763699fd2/diff","WorkDir":"/var/lib/docker/overlay2/830e690ec83ecff869b59e4f673c0c63b2bc5c068e9f710933e6f61763699fd2/work"},"Name":"overlay2"},"Mounts":[{"Type":"volume","Name":"25868b8cea8ad6eba7f00a6fe83e8848def5cff8aab5c5943024031400fa063d","Source":"/var/lib/docker/volumes/25868b8cea8ad6eba7f00a6fe83e8848def5cff8aab5c5943024031400fa063d/_data","Destination":"/var/lib/mysql","Driver":"local","Mode":"","RW":true,"Propagation":""}],"Config":{"Hostname":"cd5ecdf38df0","Domainname":"","User":"","AttachStdin":false,"AttachStdout":false,"AttachStderr":false,"ExposedPorts":{"3306/tcp":{},"33060/tcp":{}},"Tty":false,"OpenStdin":false,"StdinOnce":false,"Env":["MYSQL_DATABASE=adm_videos","MYSQL_PASSWORD=123456","MYSQL_ROOT_PASSWORD=123456","PATH=/usr/local/sbin:/usr/local/bin:/usr/sbin:/usr/bin:/sbin:/bin","GOSU_VERSION=1.16","MYSQL_MAJOR=8.0","MYSQL_VERSION=8.0.32-1.el8","MYSQL_SHELL_VERSION=8.0.32-1.el8"],"Cmd":["mysqld"],"Image":"mysql:latest","Volumes":{"/var/lib/mysql":{}},"WorkingDir":"","Entrypoint":["docker-entrypoint.sh"],"OnBuild":null,"Labels":{"org.testcontainers":"true","org.testcontainers.lang":"java","org.testcontainers.sessionId":"71b9672a-6f61-4546-a7b6-d603100b2e56","org.testcontainers.version":"1.17.6"}},"NetworkSettings":{"Bridge":"","SandboxID":"56762d63452c709eadac6b5c5f4b6cdd30da833580c632f91fd658806eaf4ddb","HairpinMode":false,"LinkLocalIPv6Address":"","LinkLocalIPv6PrefixLen":0,"Ports":{"3306/tcp":[{"HostIp":"0.0.0.0","HostPort":"63819"}],"33060/tcp":null},"SandboxKey":"/var/run/docker/netns/56762d63452c","SecondaryIPAddresses":null,"SecondaryIPv6Addresses":null,"EndpointID":"92fc2600684327987bceb8e2716a72ba2420fccd56812c1491af8c03946e105c","Gateway":"172.17.0.1","GlobalIPv6Address":"","GlobalIPv6PrefixLen":0,"IPAddress":"172.17.0.3","IPPrefixLen":16,"IPv6Gateway":"","MacAddress":"02:42:ac:11:00:03","Networks":{"bridge":{"IPAMConfig":null,"Links":null,"Aliases":null,"NetworkID":"308e234c143065751b16b4500cb9f48d5c7fc2116504b3d816a5e51cd4771062","EndpointID":"92fc2600684327987bceb8e2716a72ba2420fccd56812c1491af8c03946e105c","Gateway":"172.17.0.1","IPAddress":"172.17.0.3","IPPrefixLen":16,"IPv6Gateway":"","GlobalIPv6Address":"","GlobalIPv6PrefixLen":0,"MacAddress":"02:42:ac:11:00:03","DriverOpts":null}}}}[\n]"
01:14:55.011 [Test worker] DEBUG com.github.dockerjava.zerodep.shaded.org.apache.hc.client5.http.wire - http-outgoing-2 << "[\r][\n]"
01:14:55.012 [Test worker] DEBUG com.github.dockerjava.zerodep.shaded.org.apache.hc.client5.http.wire - http-outgoing-2 << "0[\r][\n]"
01:14:55.012 [Test worker] DEBUG com.github.dockerjava.zerodep.shaded.org.apache.hc.client5.http.wire - http-outgoing-2 << "[\r][\n]"
01:14:55.012 [Test worker] DEBUG com.github.dockerjava.zerodep.shaded.org.apache.hc.client5.http.impl.classic.InternalHttpClient - ep-0000006E: releasing valid endpoint
01:14:55.012 [Test worker] DEBUG com.github.dockerjava.zerodep.shaded.org.apache.hc.client5.http.impl.io.PoolingHttpClientConnectionManager - ep-0000006E: releasing endpoint
01:14:55.012 [Test worker] DEBUG com.github.dockerjava.zerodep.shaded.org.apache.hc.client5.http.impl.io.PoolingHttpClientConnectionManager - ep-0000006E: connection http-outgoing-2 can be kept alive for 3 MINUTES
01:14:55.012 [Test worker] DEBUG com.github.dockerjava.zerodep.shaded.org.apache.hc.client5.http.impl.io.PoolingHttpClientConnectionManager - ep-0000006E: connection released [route: {}->unix://localhost:2375][total available: 1; route allocated: 1 of 2147483647; total allocated: 1 of 2147483647]
01:14:55.012 [Test worker] DEBUG ]]>&#x1f433;<![CDATA[ [mysql:latest] - Trying to create JDBC connection using com.mysql.cj.jdbc.Driver to jdbc:mysql://localhost:63819/adm_videos?useSSL=false&allowPublicKeyRetrieval=true with properties: {password=123456, user=root}
01:14:55.121 [Test worker] DEBUG org.testcontainers.shaded.com.github.dockerjava.core.command.AbstrDockerCmd - Cmd: cd5ecdf38df06b4092e6cf67100cd20ad9c3cb4b6e9303874a7bd89885b140c9,false
01:14:55.121 [Test worker] DEBUG org.testcontainers.shaded.com.github.dockerjava.core.exec.InspectContainerCmdExec - GET: DefaultWebTarget{path=[/containers/cd5ecdf38df06b4092e6cf67100cd20ad9c3cb4b6e9303874a7bd89885b140c9/json], queryParams={}}
01:14:55.121 [Test worker] DEBUG com.github.dockerjava.zerodep.shaded.org.apache.hc.client5.http.impl.classic.InternalHttpClient - ex-00000070: preparing request execution
01:14:55.121 [Test worker] DEBUG com.github.dockerjava.zerodep.shaded.org.apache.hc.client5.http.protocol.RequestAddCookies - Cookie spec selected: strict
01:14:55.121 [Test worker] DEBUG com.github.dockerjava.zerodep.shaded.org.apache.hc.client5.http.protocol.RequestAuthCache - Auth cache not set in the context
01:14:55.121 [Test worker] DEBUG com.github.dockerjava.zerodep.shaded.org.apache.hc.client5.http.impl.classic.ProtocolExec - ex-00000070: target auth state: UNCHALLENGED
01:14:55.121 [Test worker] DEBUG com.github.dockerjava.zerodep.shaded.org.apache.hc.client5.http.impl.classic.ProtocolExec - ex-00000070: proxy auth state: UNCHALLENGED
01:14:55.121 [Test worker] DEBUG com.github.dockerjava.zerodep.shaded.org.apache.hc.client5.http.impl.classic.ConnectExec - ex-00000070: acquiring connection with route {}->unix://localhost:2375
01:14:55.121 [Test worker] DEBUG com.github.dockerjava.zerodep.shaded.org.apache.hc.client5.http.impl.classic.InternalHttpClient - ex-00000070: acquiring endpoint (3 MINUTES)
01:14:55.121 [Test worker] DEBUG com.github.dockerjava.zerodep.shaded.org.apache.hc.client5.http.impl.io.PoolingHttpClientConnectionManager - ex-00000070: endpoint lease request (3 MINUTES) [route: {}->unix://localhost:2375][total available: 1; route allocated: 1 of 2147483647; total allocated: 1 of 2147483647]
01:14:55.122 [Test worker] DEBUG com.github.dockerjava.zerodep.shaded.org.apache.hc.client5.http.impl.io.PoolingHttpClientConnectionManager - ex-00000070: endpoint leased [route: {}->unix://localhost:2375][total available: 0; route allocated: 1 of 2147483647; total allocated: 1 of 2147483647]
01:14:55.122 [Test worker] DEBUG com.github.dockerjava.zerodep.shaded.org.apache.hc.client5.http.impl.io.PoolingHttpClientConnectionManager - ex-00000070: acquired ep-0000006F
01:14:55.122 [Test worker] DEBUG com.github.dockerjava.zerodep.shaded.org.apache.hc.client5.http.impl.classic.InternalHttpClient - ex-00000070: acquired endpoint ep-0000006F
01:14:55.122 [Test worker] DEBUG com.github.dockerjava.zerodep.shaded.org.apache.hc.client5.http.impl.classic.MainClientExec - ex-00000070: executing GET /v1.32/containers/cd5ecdf38df06b4092e6cf67100cd20ad9c3cb4b6e9303874a7bd89885b140c9/json HTTP/1.1
01:14:55.122 [Test worker] DEBUG com.github.dockerjava.zerodep.shaded.org.apache.hc.client5.http.impl.classic.InternalHttpClient - ep-0000006F: start execution ex-00000070
01:14:55.122 [Test worker] DEBUG com.github.dockerjava.zerodep.shaded.org.apache.hc.client5.http.impl.io.PoolingHttpClientConnectionManager - ep-0000006F: executing exchange ex-00000070 over http-outgoing-2
01:14:55.122 [Test worker] DEBUG com.github.dockerjava.zerodep.shaded.org.apache.hc.client5.http.headers - http-outgoing-2 >> GET /v1.32/containers/cd5ecdf38df06b4092e6cf67100cd20ad9c3cb4b6e9303874a7bd89885b140c9/json HTTP/1.1
01:14:55.122 [Test worker] DEBUG com.github.dockerjava.zerodep.shaded.org.apache.hc.client5.http.headers - http-outgoing-2 >> accept: application/json
01:14:55.122 [Test worker] DEBUG com.github.dockerjava.zerodep.shaded.org.apache.hc.client5.http.headers - http-outgoing-2 >> x-tc-sid: 71b9672a-6f61-4546-a7b6-d603100b2e56
01:14:55.122 [Test worker] DEBUG com.github.dockerjava.zerodep.shaded.org.apache.hc.client5.http.headers - http-outgoing-2 >> Accept-Encoding: gzip, x-gzip, deflate
01:14:55.122 [Test worker] DEBUG com.github.dockerjava.zerodep.shaded.org.apache.hc.client5.http.headers - http-outgoing-2 >> Host: localhost:2375
01:14:55.122 [Test worker] DEBUG com.github.dockerjava.zerodep.shaded.org.apache.hc.client5.http.headers - http-outgoing-2 >> Connection: keep-alive
01:14:55.122 [Test worker] DEBUG com.github.dockerjava.zerodep.shaded.org.apache.hc.client5.http.headers - http-outgoing-2 >> User-Agent: Apache-HttpClient/5.0.3 (Java/17.0.2)
01:14:55.122 [Test worker] DEBUG com.github.dockerjava.zerodep.shaded.org.apache.hc.client5.http.wire - http-outgoing-2 >> "GET /v1.32/containers/cd5ecdf38df06b4092e6cf67100cd20ad9c3cb4b6e9303874a7bd89885b140c9/json HTTP/1.1[\r][\n]"
01:14:55.122 [Test worker] DEBUG com.github.dockerjava.zerodep.shaded.org.apache.hc.client5.http.wire - http-outgoing-2 >> "accept: application/json[\r][\n]"
01:14:55.122 [Test worker] DEBUG com.github.dockerjava.zerodep.shaded.org.apache.hc.client5.http.wire - http-outgoing-2 >> "x-tc-sid: 71b9672a-6f61-4546-a7b6-d603100b2e56[\r][\n]"
01:14:55.122 [Test worker] DEBUG com.github.dockerjava.zerodep.shaded.org.apache.hc.client5.http.wire - http-outgoing-2 >> "Accept-Encoding: gzip, x-gzip, deflate[\r][\n]"
01:14:55.122 [Test worker] DEBUG com.github.dockerjava.zerodep.shaded.org.apache.hc.client5.http.wire - http-outgoing-2 >> "Host: localhost:2375[\r][\n]"
01:14:55.122 [Test worker] DEBUG com.github.dockerjava.zerodep.shaded.org.apache.hc.client5.http.wire - http-outgoing-2 >> "Connection: keep-alive[\r][\n]"
01:14:55.122 [Test worker] DEBUG com.github.dockerjava.zerodep.shaded.org.apache.hc.client5.http.wire - http-outgoing-2 >> "User-Agent: Apache-HttpClient/5.0.3 (Java/17.0.2)[\r][\n]"
01:14:55.122 [Test worker] DEBUG com.github.dockerjava.zerodep.shaded.org.apache.hc.client5.http.wire - http-outgoing-2 >> "[\r][\n]"
01:14:55.124 [Test worker] DEBUG com.github.dockerjava.zerodep.shaded.org.apache.hc.client5.http.wire - http-outgoing-2 << "HTTP/1.1 200 OK[\r][\n]"
01:14:55.124 [Test worker] DEBUG com.github.dockerjava.zerodep.shaded.org.apache.hc.client5.http.wire - http-outgoing-2 << "Api-Version: 1.41[\r][\n]"
01:14:55.124 [Test worker] DEBUG com.github.dockerjava.zerodep.shaded.org.apache.hc.client5.http.wire - http-outgoing-2 << "Content-Type: application/json[\r][\n]"
01:14:55.124 [Test worker] DEBUG com.github.dockerjava.zerodep.shaded.org.apache.hc.client5.http.wire - http-outgoing-2 << "Date: Tue, 28 Mar 2023 04:14:55 GMT[\r][\n]"
01:14:55.124 [Test worker] DEBUG com.github.dockerjava.zerodep.shaded.org.apache.hc.client5.http.wire - http-outgoing-2 << "Docker-Experimental: false[\r][\n]"
01:14:55.124 [Test worker] DEBUG com.github.dockerjava.zerodep.shaded.org.apache.hc.client5.http.wire - http-outgoing-2 << "Ostype: linux[\r][\n]"
01:14:55.124 [Test worker] DEBUG com.github.dockerjava.zerodep.shaded.org.apache.hc.client5.http.wire - http-outgoing-2 << "Server: Docker/20.10.21 (linux)[\r][\n]"
01:14:55.124 [Test worker] DEBUG com.github.dockerjava.zerodep.shaded.org.apache.hc.client5.http.wire - http-outgoing-2 << "Transfer-Encoding: chunked[\r][\n]"
01:14:55.124 [Test worker] DEBUG com.github.dockerjava.zerodep.shaded.org.apache.hc.client5.http.wire - http-outgoing-2 << "[\r][\n]"
01:14:55.124 [Test worker] DEBUG com.github.dockerjava.zerodep.shaded.org.apache.hc.client5.http.headers - http-outgoing-2 << HTTP/1.1 200 OK
01:14:55.124 [Test worker] DEBUG com.github.dockerjava.zerodep.shaded.org.apache.hc.client5.http.headers - http-outgoing-2 << Api-Version: 1.41
01:14:55.124 [Test worker] DEBUG com.github.dockerjava.zerodep.shaded.org.apache.hc.client5.http.headers - http-outgoing-2 << Content-Type: application/json
01:14:55.124 [Test worker] DEBUG com.github.dockerjava.zerodep.shaded.org.apache.hc.client5.http.headers - http-outgoing-2 << Date: Tue, 28 Mar 2023 04:14:55 GMT
01:14:55.124 [Test worker] DEBUG com.github.dockerjava.zerodep.shaded.org.apache.hc.client5.http.headers - http-outgoing-2 << Docker-Experimental: false
01:14:55.124 [Test worker] DEBUG com.github.dockerjava.zerodep.shaded.org.apache.hc.client5.http.headers - http-outgoing-2 << Ostype: linux
01:14:55.125 [Test worker] DEBUG com.github.dockerjava.zerodep.shaded.org.apache.hc.client5.http.headers - http-outgoing-2 << Server: Docker/20.10.21 (linux)
01:14:55.125 [Test worker] DEBUG com.github.dockerjava.zerodep.shaded.org.apache.hc.client5.http.headers - http-outgoing-2 << Transfer-Encoding: chunked
01:14:55.125 [Test worker] DEBUG com.github.dockerjava.zerodep.shaded.org.apache.hc.client5.http.impl.classic.MainClientExec - ex-00000070: connection can be kept alive for 3 MINUTES
01:14:55.127 [Test worker] DEBUG com.github.dockerjava.zerodep.shaded.org.apache.hc.client5.http.wire - http-outgoing-2 << "18c1[\r][\n]"
01:14:55.127 [Test worker] DEBUG com.github.dockerjava.zerodep.shaded.org.apache.hc.client5.http.wire - http-outgoing-2 << "{"Id":"cd5ecdf38df06b4092e6cf67100cd20ad9c3cb4b6e9303874a7bd89885b140c9","Created":"2023-03-28T04:14:43.179040379Z","Path":"docker-entrypoint.sh","Args":["mysqld"],"State":{"Status":"running","Running":true,"Paused":false,"Restarting":false,"OOMKilled":false,"Dead":false,"Pid":20152,"ExitCode":0,"Error":"","StartedAt":"2023-03-28T04:14:43.680338005Z","FinishedAt":"0001-01-01T00:00:00Z"},"Image":"sha256:c7c54c29e20dccc1aefb936c8eba8bb8b98b87a4921102aba87fde2df5810af9","ResolvConfPath":"/var/lib/docker/containers/cd5ecdf38df06b4092e6cf67100cd20ad9c3cb4b6e9303874a7bd89885b140c9/resolv.conf","HostnamePath":"/var/lib/docker/containers/cd5ecdf38df06b4092e6cf67100cd20ad9c3cb4b6e9303874a7bd89885b140c9/hostname","HostsPath":"/var/lib/docker/containers/cd5ecdf38df06b4092e6cf67100cd20ad9c3cb4b6e9303874a7bd89885b140c9/hosts","LogPath":"/var/lib/docker/containers/cd5ecdf38df06b4092e6cf67100cd20ad9c3cb4b6e9303874a7bd89885b140c9/cd5ecdf38df06b4092e6cf67100cd20ad9c3cb4b6e9303874a7bd89885b140c9-json.log","Name":"/keen_matsumoto","RestartCount":0,"Driver":"overlay2","Platform":"linux","MountLabel":"","ProcessLabel":"","AppArmorProfile":"","ExecIDs":null,"HostConfig":{"Binds":[],"ContainerIDFile":"","LogConfig":{"Type":"json-file","Config":{}},"NetworkMode":"default","PortBindings":{"3306/tcp":[{"HostIp":"0.0.0.0","HostPort":"0"}]},"RestartPolicy":{"Name":"","MaximumRetryCount":0},"AutoRemove":false,"VolumeDriver":"","VolumesFrom":[],"CapAdd":null,"CapDrop":null,"CgroupnsMode":"private","Dns":null,"DnsOptions":null,"DnsSearch":null,"ExtraHosts":[],"GroupAdd":null,"IpcMode":"shareable","Cgroup":"","Links":null,"OomScoreAdj":0,"PidMode":"","Privileged":false,"PublishAllPorts":false,"ReadonlyRootfs":false,"SecurityOpt":null,"UTSMode":"","UsernsMode":"","ShmSize":67108864,"Runtime":"runc","ConsoleSize":[0,0],"Isolation":"","CpuShares":0,"Memory":0,"NanoCpus":0,"CgroupParent":"","BlkioWeight":0,"BlkioWeightDevice":null,"BlkioDeviceReadBps":null,"BlkioDeviceWriteBps":null,"BlkioDeviceReadIOps":null,"BlkioDeviceWriteIOps":null,"CpuPeriod":0,"CpuQuota":0,"CpuRealtimePeriod":0,"CpuRealtimeRuntime":0,"CpusetCpus":"","CpusetMems":"","Devices":null,"DeviceCgroupRules":null,"DeviceRequests":null,"KernelMemory":0,"KernelMemoryTCP":0,"MemoryReservation":0,"MemorySwap":0,"MemorySwappiness":null,"OomKillDisable":null,"PidsLimit":null,"Ulimits":null,"CpuCount":0,"CpuPercent":0,"IOMaximumIOps":0,"IOMaximumBandwidth":0,"MaskedPaths":["/proc/asound","/proc/acpi","/proc/kcore","/proc/keys","/proc/latency_stats","/proc/timer_list","/proc/timer_stats","/proc/sched_debug","/proc/scsi","/sys/firmware"],"ReadonlyPaths":["/proc/bus","/proc/fs","/proc/irq","/proc/sys","/proc/sysrq-trigger"]},"GraphDriver":{"Data":{"LowerDir":"/var/lib/docker/overlay2/830e690ec83ecff869b59e4f673c0c63b2bc5c068e9f710933e6f61763699fd2-init/diff:/var/lib/docker/overlay2/1bd8849d7a296305617011f940aa5cfabbe972a513397b1b6bbc27639b6c1f30/diff:/var/lib/docker/overlay2/199d69b2fbf78af4d4c95dec4fd2f8835ab0347eb49fb20ebb2ff3b99fedd6ad/diff:/var/lib/docker/overlay2/d83c38d654989311f75b9491329846033bfb7714de76ef635380dcfad5c740d9/diff:/var/lib/docker/overlay2/08600d0aea2ab2728bebcf5d2589c640a842f53d1ba3c4a4adccb4d03b923cf6/diff:/var/lib/docker/overlay2/9ec7c63a3fb14d13ac788bbf5e282ca821edc41260b79944e5e631037d13ecda/diff:/var/lib/docker/overlay2/db601d7a1b4ea6da638db620462f0da96fa55c559d02269c9ddb09027936ed87/diff:/var/lib/docker/overlay2/a6d2bd03f942e2565f21e74cfe152c7ec836a1c2b583f0790c685b92bdcfda24/diff:/var/lib/docker/overlay2/9badd16ea2c5e2bf1fde8b579683e41137dfc46ed5449234149f199a6751cc84/diff:/var/lib/docker/overlay2/6efb85646ed12e2d1181ef4cc6f6f6732c00c15a4035fe17ebc4f075ca573c30/diff:/var/lib/docker/overlay2/895d7c0ec09144d6ed33936f4e98e11c18010f7abd708cae1ce43aec7a7f2621/diff:/var/lib/docker/overlay2/1c4ba77aa573ab6e5e5069fd15eae71b3da940bde0f97a922a227ffc8a1d1096/diff","MergedDir":"/var/lib/docker/overlay2/830e690ec83ecff869b59e4f673c0c63b2bc5c068e9f710933e6f61763699fd2/merged","UpperDir":"/var/lib/docker/overlay2/830e690ec83ecff869b59e4f673c0c63b2bc5c068e9f710933e6f61763699fd2/diff","WorkDir":"/var/lib/docker/overlay2/830e690ec83ecff869b59e4f673c0c63b2bc5c068e9f710933e6f61763699fd2/work"},"Name":"overlay2"},"Mounts":[{"Type":"volume","Name":"25868b8cea8ad6eba7f00a6fe83e8848def5cff8aab5c5943024031400fa063d","Source":"/var/lib/docker/volumes/25868b8cea8ad6eba7f00a6fe83e8848def5cff8aab5c5943024031400fa063d/_data","Destination":"/var/lib/mysql","Driver":"local","Mode":"","RW":true,"Propagation":""}],"Config":{"Hostname":"cd5ecdf38df0","Domainname":"","User":"","AttachStdin":false,"AttachStdout":false,"AttachStderr":false,"ExposedPorts":{"3306/tcp":{},"33060/tcp":{}},"Tty":false,"OpenStdin":false,"StdinOnce":false,"Env":["MYSQL_DATABASE=adm_videos","MYSQL_PASSWORD=123456","MYSQL_ROOT_PASSWORD=123456","PATH=/usr/local/sbin:/usr/local/bin:/usr/sbin:/usr/bin:/sbin:/bin","GOSU_VERSION=1.16","MYSQL_MAJOR=8.0","MYSQL_VERSION=8.0.32-1.el8","MYSQL_SHELL_VERSION=8.0.32-1.el8"],"Cmd":["mysqld"],"Image":"mysql:latest","Volumes":{"/var/lib/mysql":{}},"WorkingDir":"","Entrypoint":["docker-entrypoint.sh"],"OnBuild":null,"Labels":{"org.testcontainers":"true","org.testcontainers.lang":"java","org.testcontainers.sessionId":"71b9672a-6f61-4546-a7b6-d603100b2e56","org.testcontainers.version":"1.17.6"}},"NetworkSettings":{"Bridge":"","SandboxID":"56762d63452c709eadac6b5c5f4b6cdd30da833580c632f91fd658806eaf4ddb","HairpinMode":false,"LinkLocalIPv6Address":"","LinkLocalIPv6PrefixLen":0,"Ports":{"3306/tcp":[{"HostIp":"0.0.0.0","HostPort":"63819"}],"33060/tcp":null},"SandboxKey":"/var/run/docker/netns/56762d63452c","SecondaryIPAddresses":null,"SecondaryIPv6Addresses":null,"EndpointID":"92fc2600684327987bceb8e2716a72ba2420fccd56812c1491af8c03946e105c","Gateway":"172.17.0.1","GlobalIPv6Address":"","GlobalIPv6PrefixLen":0,"IPAddress":"172.17.0.3","IPPrefixLen":16,"IPv6Gateway":"","MacAddress":"02:42:ac:11:00:03","Networks":{"bridge":{"IPAMConfig":null,"Links":null,"Aliases":null,"NetworkID":"308e234c143065751b16b4500cb9f48d5c7fc2116504b3d816a5e51cd4771062","EndpointID":"92fc2600684327987bceb8e2716a72ba2420fccd56812c1491af8c03946e105c","Gateway":"172.17.0.1","IPAddress":"172.17.0.3","IPPrefixLen":16,"IPv6Gateway":"","GlobalIPv6Address":"","GlobalIPv6PrefixLen":0,"MacAddress":"02:42:ac:11:00:03","DriverOpts":null}}}}[\n]"
01:14:55.127 [Test worker] DEBUG com.github.dockerjava.zerodep.shaded.org.apache.hc.client5.http.wire - http-outgoing-2 << "[\r][\n]"
01:14:55.127 [Test worker] DEBUG com.github.dockerjava.zerodep.shaded.org.apache.hc.client5.http.wire - http-outgoing-2 << "0[\r][\n]"
01:14:55.127 [Test worker] DEBUG com.github.dockerjava.zerodep.shaded.org.apache.hc.client5.http.wire - http-outgoing-2 << "[\r][\n]"
01:14:55.127 [Test worker] DEBUG com.github.dockerjava.zerodep.shaded.org.apache.hc.client5.http.impl.classic.InternalHttpClient - ep-0000006F: releasing valid endpoint
01:14:55.127 [Test worker] DEBUG com.github.dockerjava.zerodep.shaded.org.apache.hc.client5.http.impl.io.PoolingHttpClientConnectionManager - ep-0000006F: releasing endpoint
01:14:55.127 [Test worker] DEBUG com.github.dockerjava.zerodep.shaded.org.apache.hc.client5.http.impl.io.PoolingHttpClientConnectionManager - ep-0000006F: connection http-outgoing-2 can be kept alive for 3 MINUTES
01:14:55.127 [Test worker] DEBUG com.github.dockerjava.zerodep.shaded.org.apache.hc.client5.http.impl.io.PoolingHttpClientConnectionManager - ep-0000006F: connection released [route: {}->unix://localhost:2375][total available: 1; route allocated: 1 of 2147483647; total allocated: 1 of 2147483647]
01:14:55.127 [Test worker] DEBUG ]]>&#x1f433;<![CDATA[ [mysql:latest] - Trying to create JDBC connection using com.mysql.cj.jdbc.Driver to jdbc:mysql://localhost:63819/adm_videos?useSSL=false&allowPublicKeyRetrieval=true with properties: {password=123456, user=root}
01:14:55.230 [Test worker] DEBUG org.testcontainers.shaded.com.github.dockerjava.core.command.AbstrDockerCmd - Cmd: cd5ecdf38df06b4092e6cf67100cd20ad9c3cb4b6e9303874a7bd89885b140c9,false
01:14:55.230 [Test worker] DEBUG org.testcontainers.shaded.com.github.dockerjava.core.exec.InspectContainerCmdExec - GET: DefaultWebTarget{path=[/containers/cd5ecdf38df06b4092e6cf67100cd20ad9c3cb4b6e9303874a7bd89885b140c9/json], queryParams={}}
01:14:55.230 [Test worker] DEBUG com.github.dockerjava.zerodep.shaded.org.apache.hc.client5.http.impl.classic.InternalHttpClient - ex-00000071: preparing request execution
01:14:55.231 [Test worker] DEBUG com.github.dockerjava.zerodep.shaded.org.apache.hc.client5.http.protocol.RequestAddCookies - Cookie spec selected: strict
01:14:55.231 [Test worker] DEBUG com.github.dockerjava.zerodep.shaded.org.apache.hc.client5.http.protocol.RequestAuthCache - Auth cache not set in the context
01:14:55.231 [Test worker] DEBUG com.github.dockerjava.zerodep.shaded.org.apache.hc.client5.http.impl.classic.ProtocolExec - ex-00000071: target auth state: UNCHALLENGED
01:14:55.231 [Test worker] DEBUG com.github.dockerjava.zerodep.shaded.org.apache.hc.client5.http.impl.classic.ProtocolExec - ex-00000071: proxy auth state: UNCHALLENGED
01:14:55.231 [Test worker] DEBUG com.github.dockerjava.zerodep.shaded.org.apache.hc.client5.http.impl.classic.ConnectExec - ex-00000071: acquiring connection with route {}->unix://localhost:2375
01:14:55.231 [Test worker] DEBUG com.github.dockerjava.zerodep.shaded.org.apache.hc.client5.http.impl.classic.InternalHttpClient - ex-00000071: acquiring endpoint (3 MINUTES)
01:14:55.231 [Test worker] DEBUG com.github.dockerjava.zerodep.shaded.org.apache.hc.client5.http.impl.io.PoolingHttpClientConnectionManager - ex-00000071: endpoint lease request (3 MINUTES) [route: {}->unix://localhost:2375][total available: 1; route allocated: 1 of 2147483647; total allocated: 1 of 2147483647]
01:14:55.231 [Test worker] DEBUG com.github.dockerjava.zerodep.shaded.org.apache.hc.client5.http.impl.io.PoolingHttpClientConnectionManager - ex-00000071: endpoint leased [route: {}->unix://localhost:2375][total available: 0; route allocated: 1 of 2147483647; total allocated: 1 of 2147483647]
01:14:55.231 [Test worker] DEBUG com.github.dockerjava.zerodep.shaded.org.apache.hc.client5.http.impl.io.PoolingHttpClientConnectionManager - ex-00000071: acquired ep-00000070
01:14:55.231 [Test worker] DEBUG com.github.dockerjava.zerodep.shaded.org.apache.hc.client5.http.impl.classic.InternalHttpClient - ex-00000071: acquired endpoint ep-00000070
01:14:55.231 [Test worker] DEBUG com.github.dockerjava.zerodep.shaded.org.apache.hc.client5.http.impl.classic.MainClientExec - ex-00000071: executing GET /v1.32/containers/cd5ecdf38df06b4092e6cf67100cd20ad9c3cb4b6e9303874a7bd89885b140c9/json HTTP/1.1
01:14:55.231 [Test worker] DEBUG com.github.dockerjava.zerodep.shaded.org.apache.hc.client5.http.impl.classic.InternalHttpClient - ep-00000070: start execution ex-00000071
01:14:55.231 [Test worker] DEBUG com.github.dockerjava.zerodep.shaded.org.apache.hc.client5.http.impl.io.PoolingHttpClientConnectionManager - ep-00000070: executing exchange ex-00000071 over http-outgoing-2
01:14:55.231 [Test worker] DEBUG com.github.dockerjava.zerodep.shaded.org.apache.hc.client5.http.headers - http-outgoing-2 >> GET /v1.32/containers/cd5ecdf38df06b4092e6cf67100cd20ad9c3cb4b6e9303874a7bd89885b140c9/json HTTP/1.1
01:14:55.231 [Test worker] DEBUG com.github.dockerjava.zerodep.shaded.org.apache.hc.client5.http.headers - http-outgoing-2 >> accept: application/json
01:14:55.231 [Test worker] DEBUG com.github.dockerjava.zerodep.shaded.org.apache.hc.client5.http.headers - http-outgoing-2 >> x-tc-sid: 71b9672a-6f61-4546-a7b6-d603100b2e56
01:14:55.231 [Test worker] DEBUG com.github.dockerjava.zerodep.shaded.org.apache.hc.client5.http.headers - http-outgoing-2 >> Accept-Encoding: gzip, x-gzip, deflate
01:14:55.231 [Test worker] DEBUG com.github.dockerjava.zerodep.shaded.org.apache.hc.client5.http.headers - http-outgoing-2 >> Host: localhost:2375
01:14:55.231 [Test worker] DEBUG com.github.dockerjava.zerodep.shaded.org.apache.hc.client5.http.headers - http-outgoing-2 >> Connection: keep-alive
01:14:55.231 [Test worker] DEBUG com.github.dockerjava.zerodep.shaded.org.apache.hc.client5.http.headers - http-outgoing-2 >> User-Agent: Apache-HttpClient/5.0.3 (Java/17.0.2)
01:14:55.231 [Test worker] DEBUG com.github.dockerjava.zerodep.shaded.org.apache.hc.client5.http.wire - http-outgoing-2 >> "GET /v1.32/containers/cd5ecdf38df06b4092e6cf67100cd20ad9c3cb4b6e9303874a7bd89885b140c9/json HTTP/1.1[\r][\n]"
01:14:55.231 [Test worker] DEBUG com.github.dockerjava.zerodep.shaded.org.apache.hc.client5.http.wire - http-outgoing-2 >> "accept: application/json[\r][\n]"
01:14:55.231 [Test worker] DEBUG com.github.dockerjava.zerodep.shaded.org.apache.hc.client5.http.wire - http-outgoing-2 >> "x-tc-sid: 71b9672a-6f61-4546-a7b6-d603100b2e56[\r][\n]"
01:14:55.231 [Test worker] DEBUG com.github.dockerjava.zerodep.shaded.org.apache.hc.client5.http.wire - http-outgoing-2 >> "Accept-Encoding: gzip, x-gzip, deflate[\r][\n]"
01:14:55.231 [Test worker] DEBUG com.github.dockerjava.zerodep.shaded.org.apache.hc.client5.http.wire - http-outgoing-2 >> "Host: localhost:2375[\r][\n]"
01:14:55.231 [Test worker] DEBUG com.github.dockerjava.zerodep.shaded.org.apache.hc.client5.http.wire - http-outgoing-2 >> "Connection: keep-alive[\r][\n]"
01:14:55.231 [Test worker] DEBUG com.github.dockerjava.zerodep.shaded.org.apache.hc.client5.http.wire - http-outgoing-2 >> "User-Agent: Apache-HttpClient/5.0.3 (Java/17.0.2)[\r][\n]"
01:14:55.231 [Test worker] DEBUG com.github.dockerjava.zerodep.shaded.org.apache.hc.client5.http.wire - http-outgoing-2 >> "[\r][\n]"
01:14:55.238 [Test worker] DEBUG com.github.dockerjava.zerodep.shaded.org.apache.hc.client5.http.wire - http-outgoing-2 << "HTTP/1.1 200 OK[\r][\n]"
01:14:55.239 [Test worker] DEBUG com.github.dockerjava.zerodep.shaded.org.apache.hc.client5.http.wire - http-outgoing-2 << "Api-Version: 1.41[\r][\n]"
01:14:55.239 [Test worker] DEBUG com.github.dockerjava.zerodep.shaded.org.apache.hc.client5.http.wire - http-outgoing-2 << "Content-Type: application/json[\r][\n]"
01:14:55.239 [Test worker] DEBUG com.github.dockerjava.zerodep.shaded.org.apache.hc.client5.http.wire - http-outgoing-2 << "Date: Tue, 28 Mar 2023 04:14:55 GMT[\r][\n]"
01:14:55.239 [Test worker] DEBUG com.github.dockerjava.zerodep.shaded.org.apache.hc.client5.http.wire - http-outgoing-2 << "Docker-Experimental: false[\r][\n]"
01:14:55.239 [Test worker] DEBUG com.github.dockerjava.zerodep.shaded.org.apache.hc.client5.http.wire - http-outgoing-2 << "Ostype: linux[\r][\n]"
01:14:55.239 [Test worker] DEBUG com.github.dockerjava.zerodep.shaded.org.apache.hc.client5.http.wire - http-outgoing-2 << "Server: Docker/20.10.21 (linux)[\r][\n]"
01:14:55.239 [Test worker] DEBUG com.github.dockerjava.zerodep.shaded.org.apache.hc.client5.http.wire - http-outgoing-2 << "Transfer-Encoding: chunked[\r][\n]"
01:14:55.239 [Test worker] DEBUG com.github.dockerjava.zerodep.shaded.org.apache.hc.client5.http.wire - http-outgoing-2 << "[\r][\n]"
01:14:55.239 [Test worker] DEBUG com.github.dockerjava.zerodep.shaded.org.apache.hc.client5.http.headers - http-outgoing-2 << HTTP/1.1 200 OK
01:14:55.239 [Test worker] DEBUG com.github.dockerjava.zerodep.shaded.org.apache.hc.client5.http.headers - http-outgoing-2 << Api-Version: 1.41
01:14:55.239 [Test worker] DEBUG com.github.dockerjava.zerodep.shaded.org.apache.hc.client5.http.headers - http-outgoing-2 << Content-Type: application/json
01:14:55.239 [Test worker] DEBUG com.github.dockerjava.zerodep.shaded.org.apache.hc.client5.http.headers - http-outgoing-2 << Date: Tue, 28 Mar 2023 04:14:55 GMT
01:14:55.239 [Test worker] DEBUG com.github.dockerjava.zerodep.shaded.org.apache.hc.client5.http.headers - http-outgoing-2 << Docker-Experimental: false
01:14:55.239 [Test worker] DEBUG com.github.dockerjava.zerodep.shaded.org.apache.hc.client5.http.headers - http-outgoing-2 << Ostype: linux
01:14:55.239 [Test worker] DEBUG com.github.dockerjava.zerodep.shaded.org.apache.hc.client5.http.headers - http-outgoing-2 << Server: Docker/20.10.21 (linux)
01:14:55.239 [Test worker] DEBUG com.github.dockerjava.zerodep.shaded.org.apache.hc.client5.http.headers - http-outgoing-2 << Transfer-Encoding: chunked
01:14:55.239 [Test worker] DEBUG com.github.dockerjava.zerodep.shaded.org.apache.hc.client5.http.impl.classic.MainClientExec - ex-00000071: connection can be kept alive for 3 MINUTES
01:14:55.242 [Test worker] DEBUG com.github.dockerjava.zerodep.shaded.org.apache.hc.client5.http.wire - http-outgoing-2 << "18c1[\r][\n]"
01:14:55.242 [Test worker] DEBUG com.github.dockerjava.zerodep.shaded.org.apache.hc.client5.http.wire - http-outgoing-2 << "{"Id":"cd5ecdf38df06b4092e6cf67100cd20ad9c3cb4b6e9303874a7bd89885b140c9","Created":"2023-03-28T04:14:43.179040379Z","Path":"docker-entrypoint.sh","Args":["mysqld"],"State":{"Status":"running","Running":true,"Paused":false,"Restarting":false,"OOMKilled":false,"Dead":false,"Pid":20152,"ExitCode":0,"Error":"","StartedAt":"2023-03-28T04:14:43.680338005Z","FinishedAt":"0001-01-01T00:00:00Z"},"Image":"sha256:c7c54c29e20dccc1aefb936c8eba8bb8b98b87a4921102aba87fde2df5810af9","ResolvConfPath":"/var/lib/docker/containers/cd5ecdf38df06b4092e6cf67100cd20ad9c3cb4b6e9303874a7bd89885b140c9/resolv.conf","HostnamePath":"/var/lib/docker/containers/cd5ecdf38df06b4092e6cf67100cd20ad9c3cb4b6e9303874a7bd89885b140c9/hostname","HostsPath":"/var/lib/docker/containers/cd5ecdf38df06b4092e6cf67100cd20ad9c3cb4b6e9303874a7bd89885b140c9/hosts","LogPath":"/var/lib/docker/containers/cd5ecdf38df06b4092e6cf67100cd20ad9c3cb4b6e9303874a7bd89885b140c9/cd5ecdf38df06b4092e6cf67100cd20ad9c3cb4b6e9303874a7bd89885b140c9-json.log","Name":"/keen_matsumoto","RestartCount":0,"Driver":"overlay2","Platform":"linux","MountLabel":"","ProcessLabel":"","AppArmorProfile":"","ExecIDs":null,"HostConfig":{"Binds":[],"ContainerIDFile":"","LogConfig":{"Type":"json-file","Config":{}},"NetworkMode":"default","PortBindings":{"3306/tcp":[{"HostIp":"0.0.0.0","HostPort":"0"}]},"RestartPolicy":{"Name":"","MaximumRetryCount":0},"AutoRemove":false,"VolumeDriver":"","VolumesFrom":[],"CapAdd":null,"CapDrop":null,"CgroupnsMode":"private","Dns":null,"DnsOptions":null,"DnsSearch":null,"ExtraHosts":[],"GroupAdd":null,"IpcMode":"shareable","Cgroup":"","Links":null,"OomScoreAdj":0,"PidMode":"","Privileged":false,"PublishAllPorts":false,"ReadonlyRootfs":false,"SecurityOpt":null,"UTSMode":"","UsernsMode":"","ShmSize":67108864,"Runtime":"runc","ConsoleSize":[0,0],"Isolation":"","CpuShares":0,"Memory":0,"NanoCpus":0,"CgroupParent":"","BlkioWeight":0,"BlkioWeightDevice":null,"BlkioDeviceReadBps":null,"BlkioDeviceWriteBps":null,"BlkioDeviceReadIOps":null,"BlkioDeviceWriteIOps":null,"CpuPeriod":0,"CpuQuota":0,"CpuRealtimePeriod":0,"CpuRealtimeRuntime":0,"CpusetCpus":"","CpusetMems":"","Devices":null,"DeviceCgroupRules":null,"DeviceRequests":null,"KernelMemory":0,"KernelMemoryTCP":0,"MemoryReservation":0,"MemorySwap":0,"MemorySwappiness":null,"OomKillDisable":null,"PidsLimit":null,"Ulimits":null,"CpuCount":0,"CpuPercent":0,"IOMaximumIOps":0,"IOMaximumBandwidth":0,"MaskedPaths":["/proc/asound","/proc/acpi","/proc/kcore","/proc/keys","/proc/latency_stats","/proc/timer_list","/proc/timer_stats","/proc/sched_debug","/proc/scsi","/sys/firmware"],"ReadonlyPaths":["/proc/bus","/proc/fs","/proc/irq","/proc/sys","/proc/sysrq-trigger"]},"GraphDriver":{"Data":{"LowerDir":"/var/lib/docker/overlay2/830e690ec83ecff869b59e4f673c0c63b2bc5c068e9f710933e6f61763699fd2-init/diff:/var/lib/docker/overlay2/1bd8849d7a296305617011f940aa5cfabbe972a513397b1b6bbc27639b6c1f30/diff:/var/lib/docker/overlay2/199d69b2fbf78af4d4c95dec4fd2f8835ab0347eb49fb20ebb2ff3b99fedd6ad/diff:/var/lib/docker/overlay2/d83c38d654989311f75b9491329846033bfb7714de76ef635380dcfad5c740d9/diff:/var/lib/docker/overlay2/08600d0aea2ab2728bebcf5d2589c640a842f53d1ba3c4a4adccb4d03b923cf6/diff:/var/lib/docker/overlay2/9ec7c63a3fb14d13ac788bbf5e282ca821edc41260b79944e5e631037d13ecda/diff:/var/lib/docker/overlay2/db601d7a1b4ea6da638db620462f0da96fa55c559d02269c9ddb09027936ed87/diff:/var/lib/docker/overlay2/a6d2bd03f942e2565f21e74cfe152c7ec836a1c2b583f0790c685b92bdcfda24/diff:/var/lib/docker/overlay2/9badd16ea2c5e2bf1fde8b579683e41137dfc46ed5449234149f199a6751cc84/diff:/var/lib/docker/overlay2/6efb85646ed12e2d1181ef4cc6f6f6732c00c15a4035fe17ebc4f075ca573c30/diff:/var/lib/docker/overlay2/895d7c0ec09144d6ed33936f4e98e11c18010f7abd708cae1ce43aec7a7f2621/diff:/var/lib/docker/overlay2/1c4ba77aa573ab6e5e5069fd15eae71b3da940bde0f97a922a227ffc8a1d1096/diff","MergedDir":"/var/lib/docker/overlay2/830e690ec83ecff869b59e4f673c0c63b2bc5c068e9f710933e6f61763699fd2/merged","UpperDir":"/var/lib/docker/overlay2/830e690ec83ecff869b59e4f673c0c63b2bc5c068e9f710933e6f61763699fd2/diff","WorkDir":"/var/lib/docker/overlay2/830e690ec83ecff869b59e4f673c0c63b2bc5c068e9f710933e6f61763699fd2/work"},"Name":"overlay2"},"Mounts":[{"Type":"volume","Name":"25868b8cea8ad6eba7f00a6fe83e8848def5cff8aab5c5943024031400fa063d","Source":"/var/lib/docker/volumes/25868b8cea8ad6eba7f00a6fe83e8848def5cff8aab5c5943024031400fa063d/_data","Destination":"/var/lib/mysql","Driver":"local","Mode":"","RW":true,"Propagation":""}],"Config":{"Hostname":"cd5ecdf38df0","Domainname":"","User":"","AttachStdin":false,"AttachStdout":false,"AttachStderr":false,"ExposedPorts":{"3306/tcp":{},"33060/tcp":{}},"Tty":false,"OpenStdin":false,"StdinOnce":false,"Env":["MYSQL_DATABASE=adm_videos","MYSQL_PASSWORD=123456","MYSQL_ROOT_PASSWORD=123456","PATH=/usr/local/sbin:/usr/local/bin:/usr/sbin:/usr/bin:/sbin:/bin","GOSU_VERSION=1.16","MYSQL_MAJOR=8.0","MYSQL_VERSION=8.0.32-1.el8","MYSQL_SHELL_VERSION=8.0.32-1.el8"],"Cmd":["mysqld"],"Image":"mysql:latest","Volumes":{"/var/lib/mysql":{}},"WorkingDir":"","Entrypoint":["docker-entrypoint.sh"],"OnBuild":null,"Labels":{"org.testcontainers":"true","org.testcontainers.lang":"java","org.testcontainers.sessionId":"71b9672a-6f61-4546-a7b6-d603100b2e56","org.testcontainers.version":"1.17.6"}},"NetworkSettings":{"Bridge":"","SandboxID":"56762d63452c709eadac6b5c5f4b6cdd30da833580c632f91fd658806eaf4ddb","HairpinMode":false,"LinkLocalIPv6Address":"","LinkLocalIPv6PrefixLen":0,"Ports":{"3306/tcp":[{"HostIp":"0.0.0.0","HostPort":"63819"}],"33060/tcp":null},"SandboxKey":"/var/run/docker/netns/56762d63452c","SecondaryIPAddresses":null,"SecondaryIPv6Addresses":null,"EndpointID":"92fc2600684327987bceb8e2716a72ba2420fccd56812c1491af8c03946e105c","Gateway":"172.17.0.1","GlobalIPv6Address":"","GlobalIPv6PrefixLen":0,"IPAddress":"172.17.0.3","IPPrefixLen":16,"IPv6Gateway":"","MacAddress":"02:42:ac:11:00:03","Networks":{"bridge":{"IPAMConfig":null,"Links":null,"Aliases":null,"NetworkID":"308e234c143065751b16b4500cb9f48d5c7fc2116504b3d816a5e51cd4771062","EndpointID":"92fc2600684327987bceb8e2716a72ba2420fccd56812c1491af8c03946e105c","Gateway":"172.17.0.1","IPAddress":"172.17.0.3","IPPrefixLen":16,"IPv6Gateway":"","GlobalIPv6Address":"","GlobalIPv6PrefixLen":0,"MacAddress":"02:42:ac:11:00:03","DriverOpts":null}}}}[\n]"
01:14:55.242 [Test worker] DEBUG com.github.dockerjava.zerodep.shaded.org.apache.hc.client5.http.wire - http-outgoing-2 << "[\r][\n]"
01:14:55.242 [Test worker] DEBUG com.github.dockerjava.zerodep.shaded.org.apache.hc.client5.http.wire - http-outgoing-2 << "0[\r][\n]"
01:14:55.242 [Test worker] DEBUG com.github.dockerjava.zerodep.shaded.org.apache.hc.client5.http.wire - http-outgoing-2 << "[\r][\n]"
01:14:55.242 [Test worker] DEBUG com.github.dockerjava.zerodep.shaded.org.apache.hc.client5.http.impl.classic.InternalHttpClient - ep-00000070: releasing valid endpoint
01:14:55.242 [Test worker] DEBUG com.github.dockerjava.zerodep.shaded.org.apache.hc.client5.http.impl.io.PoolingHttpClientConnectionManager - ep-00000070: releasing endpoint
01:14:55.242 [Test worker] DEBUG com.github.dockerjava.zerodep.shaded.org.apache.hc.client5.http.impl.io.PoolingHttpClientConnectionManager - ep-00000070: connection http-outgoing-2 can be kept alive for 3 MINUTES
01:14:55.242 [Test worker] DEBUG com.github.dockerjava.zerodep.shaded.org.apache.hc.client5.http.impl.io.PoolingHttpClientConnectionManager - ep-00000070: connection released [route: {}->unix://localhost:2375][total available: 1; route allocated: 1 of 2147483647; total allocated: 1 of 2147483647]
01:14:55.243 [Test worker] DEBUG ]]>&#x1f433;<![CDATA[ [mysql:latest] - Trying to create JDBC connection using com.mysql.cj.jdbc.Driver to jdbc:mysql://localhost:63819/adm_videos?useSSL=false&allowPublicKeyRetrieval=true with properties: {password=123456, user=root}
01:14:55.349 [Test worker] DEBUG org.testcontainers.shaded.com.github.dockerjava.core.command.AbstrDockerCmd - Cmd: cd5ecdf38df06b4092e6cf67100cd20ad9c3cb4b6e9303874a7bd89885b140c9,false
01:14:55.349 [Test worker] DEBUG org.testcontainers.shaded.com.github.dockerjava.core.exec.InspectContainerCmdExec - GET: DefaultWebTarget{path=[/containers/cd5ecdf38df06b4092e6cf67100cd20ad9c3cb4b6e9303874a7bd89885b140c9/json], queryParams={}}
01:14:55.351 [Test worker] DEBUG com.github.dockerjava.zerodep.shaded.org.apache.hc.client5.http.impl.classic.InternalHttpClient - ex-00000072: preparing request execution
01:14:55.357 [Test worker] DEBUG com.github.dockerjava.zerodep.shaded.org.apache.hc.client5.http.protocol.RequestAddCookies - Cookie spec selected: strict
01:14:55.357 [Test worker] DEBUG com.github.dockerjava.zerodep.shaded.org.apache.hc.client5.http.protocol.RequestAuthCache - Auth cache not set in the context
01:14:55.357 [Test worker] DEBUG com.github.dockerjava.zerodep.shaded.org.apache.hc.client5.http.impl.classic.ProtocolExec - ex-00000072: target auth state: UNCHALLENGED
01:14:55.357 [Test worker] DEBUG com.github.dockerjava.zerodep.shaded.org.apache.hc.client5.http.impl.classic.ProtocolExec - ex-00000072: proxy auth state: UNCHALLENGED
01:14:55.357 [Test worker] DEBUG com.github.dockerjava.zerodep.shaded.org.apache.hc.client5.http.impl.classic.ConnectExec - ex-00000072: acquiring connection with route {}->unix://localhost:2375
01:14:55.357 [Test worker] DEBUG com.github.dockerjava.zerodep.shaded.org.apache.hc.client5.http.impl.classic.InternalHttpClient - ex-00000072: acquiring endpoint (3 MINUTES)
01:14:55.361 [Test worker] DEBUG com.github.dockerjava.zerodep.shaded.org.apache.hc.client5.http.impl.io.PoolingHttpClientConnectionManager - ex-00000072: endpoint lease request (3 MINUTES) [route: {}->unix://localhost:2375][total available: 1; route allocated: 1 of 2147483647; total allocated: 1 of 2147483647]
01:14:55.361 [Test worker] DEBUG com.github.dockerjava.zerodep.shaded.org.apache.hc.client5.http.impl.io.PoolingHttpClientConnectionManager - ex-00000072: endpoint leased [route: {}->unix://localhost:2375][total available: 0; route allocated: 1 of 2147483647; total allocated: 1 of 2147483647]
01:14:55.361 [Test worker] DEBUG com.github.dockerjava.zerodep.shaded.org.apache.hc.client5.http.impl.io.PoolingHttpClientConnectionManager - ex-00000072: acquired ep-00000071
01:14:55.361 [Test worker] DEBUG com.github.dockerjava.zerodep.shaded.org.apache.hc.client5.http.impl.classic.InternalHttpClient - ex-00000072: acquired endpoint ep-00000071
01:14:55.362 [Test worker] DEBUG com.github.dockerjava.zerodep.shaded.org.apache.hc.client5.http.impl.classic.MainClientExec - ex-00000072: executing GET /v1.32/containers/cd5ecdf38df06b4092e6cf67100cd20ad9c3cb4b6e9303874a7bd89885b140c9/json HTTP/1.1
01:14:55.362 [Test worker] DEBUG com.github.dockerjava.zerodep.shaded.org.apache.hc.client5.http.impl.classic.InternalHttpClient - ep-00000071: start execution ex-00000072
01:14:55.362 [Test worker] DEBUG com.github.dockerjava.zerodep.shaded.org.apache.hc.client5.http.impl.io.PoolingHttpClientConnectionManager - ep-00000071: executing exchange ex-00000072 over http-outgoing-2
01:14:55.362 [Test worker] DEBUG com.github.dockerjava.zerodep.shaded.org.apache.hc.client5.http.headers - http-outgoing-2 >> GET /v1.32/containers/cd5ecdf38df06b4092e6cf67100cd20ad9c3cb4b6e9303874a7bd89885b140c9/json HTTP/1.1
01:14:55.362 [Test worker] DEBUG com.github.dockerjava.zerodep.shaded.org.apache.hc.client5.http.headers - http-outgoing-2 >> accept: application/json
01:14:55.362 [Test worker] DEBUG com.github.dockerjava.zerodep.shaded.org.apache.hc.client5.http.headers - http-outgoing-2 >> x-tc-sid: 71b9672a-6f61-4546-a7b6-d603100b2e56
01:14:55.362 [Test worker] DEBUG com.github.dockerjava.zerodep.shaded.org.apache.hc.client5.http.headers - http-outgoing-2 >> Accept-Encoding: gzip, x-gzip, deflate
01:14:55.362 [Test worker] DEBUG com.github.dockerjava.zerodep.shaded.org.apache.hc.client5.http.headers - http-outgoing-2 >> Host: localhost:2375
01:14:55.362 [Test worker] DEBUG com.github.dockerjava.zerodep.shaded.org.apache.hc.client5.http.headers - http-outgoing-2 >> Connection: keep-alive
01:14:55.362 [Test worker] DEBUG com.github.dockerjava.zerodep.shaded.org.apache.hc.client5.http.headers - http-outgoing-2 >> User-Agent: Apache-HttpClient/5.0.3 (Java/17.0.2)
01:14:55.362 [Test worker] DEBUG com.github.dockerjava.zerodep.shaded.org.apache.hc.client5.http.wire - http-outgoing-2 >> "GET /v1.32/containers/cd5ecdf38df06b4092e6cf67100cd20ad9c3cb4b6e9303874a7bd89885b140c9/json HTTP/1.1[\r][\n]"
01:14:55.362 [Test worker] DEBUG com.github.dockerjava.zerodep.shaded.org.apache.hc.client5.http.wire - http-outgoing-2 >> "accept: application/json[\r][\n]"
01:14:55.362 [Test worker] DEBUG com.github.dockerjava.zerodep.shaded.org.apache.hc.client5.http.wire - http-outgoing-2 >> "x-tc-sid: 71b9672a-6f61-4546-a7b6-d603100b2e56[\r][\n]"
01:14:55.362 [Test worker] DEBUG com.github.dockerjava.zerodep.shaded.org.apache.hc.client5.http.wire - http-outgoing-2 >> "Accept-Encoding: gzip, x-gzip, deflate[\r][\n]"
01:14:55.362 [Test worker] DEBUG com.github.dockerjava.zerodep.shaded.org.apache.hc.client5.http.wire - http-outgoing-2 >> "Host: localhost:2375[\r][\n]"
01:14:55.362 [Test worker] DEBUG com.github.dockerjava.zerodep.shaded.org.apache.hc.client5.http.wire - http-outgoing-2 >> "Connection: keep-alive[\r][\n]"
01:14:55.362 [Test worker] DEBUG com.github.dockerjava.zerodep.shaded.org.apache.hc.client5.http.wire - http-outgoing-2 >> "User-Agent: Apache-HttpClient/5.0.3 (Java/17.0.2)[\r][\n]"
01:14:55.362 [Test worker] DEBUG com.github.dockerjava.zerodep.shaded.org.apache.hc.client5.http.wire - http-outgoing-2 >> "[\r][\n]"
01:14:55.370 [Test worker] DEBUG com.github.dockerjava.zerodep.shaded.org.apache.hc.client5.http.wire - http-outgoing-2 << "HTTP/1.1 200 OK[\r][\n]"
01:14:55.370 [Test worker] DEBUG com.github.dockerjava.zerodep.shaded.org.apache.hc.client5.http.wire - http-outgoing-2 << "Api-Version: 1.41[\r][\n]"
01:14:55.370 [Test worker] DEBUG com.github.dockerjava.zerodep.shaded.org.apache.hc.client5.http.wire - http-outgoing-2 << "Content-Type: application/json[\r][\n]"
01:14:55.370 [Test worker] DEBUG com.github.dockerjava.zerodep.shaded.org.apache.hc.client5.http.wire - http-outgoing-2 << "Date: Tue, 28 Mar 2023 04:14:55 GMT[\r][\n]"
01:14:55.370 [Test worker] DEBUG com.github.dockerjava.zerodep.shaded.org.apache.hc.client5.http.wire - http-outgoing-2 << "Docker-Experimental: false[\r][\n]"
01:14:55.370 [Test worker] DEBUG com.github.dockerjava.zerodep.shaded.org.apache.hc.client5.http.wire - http-outgoing-2 << "Ostype: linux[\r][\n]"
01:14:55.370 [Test worker] DEBUG com.github.dockerjava.zerodep.shaded.org.apache.hc.client5.http.wire - http-outgoing-2 << "Server: Docker/20.10.21 (linux)[\r][\n]"
01:14:55.370 [Test worker] DEBUG com.github.dockerjava.zerodep.shaded.org.apache.hc.client5.http.wire - http-outgoing-2 << "Transfer-Encoding: chunked[\r][\n]"
01:14:55.370 [Test worker] DEBUG com.github.dockerjava.zerodep.shaded.org.apache.hc.client5.http.wire - http-outgoing-2 << "[\r][\n]"
01:14:55.370 [Test worker] DEBUG com.github.dockerjava.zerodep.shaded.org.apache.hc.client5.http.headers - http-outgoing-2 << HTTP/1.1 200 OK
01:14:55.370 [Test worker] DEBUG com.github.dockerjava.zerodep.shaded.org.apache.hc.client5.http.headers - http-outgoing-2 << Api-Version: 1.41
01:14:55.370 [Test worker] DEBUG com.github.dockerjava.zerodep.shaded.org.apache.hc.client5.http.headers - http-outgoing-2 << Content-Type: application/json
01:14:55.370 [Test worker] DEBUG com.github.dockerjava.zerodep.shaded.org.apache.hc.client5.http.headers - http-outgoing-2 << Date: Tue, 28 Mar 2023 04:14:55 GMT
01:14:55.370 [Test worker] DEBUG com.github.dockerjava.zerodep.shaded.org.apache.hc.client5.http.headers - http-outgoing-2 << Docker-Experimental: false
01:14:55.370 [Test worker] DEBUG com.github.dockerjava.zerodep.shaded.org.apache.hc.client5.http.headers - http-outgoing-2 << Ostype: linux
01:14:55.370 [Test worker] DEBUG com.github.dockerjava.zerodep.shaded.org.apache.hc.client5.http.headers - http-outgoing-2 << Server: Docker/20.10.21 (linux)
01:14:55.370 [Test worker] DEBUG com.github.dockerjava.zerodep.shaded.org.apache.hc.client5.http.headers - http-outgoing-2 << Transfer-Encoding: chunked
01:14:55.370 [Test worker] DEBUG com.github.dockerjava.zerodep.shaded.org.apache.hc.client5.http.impl.classic.MainClientExec - ex-00000072: connection can be kept alive for 3 MINUTES
01:14:55.374 [Test worker] DEBUG com.github.dockerjava.zerodep.shaded.org.apache.hc.client5.http.wire - http-outgoing-2 << "18c1[\r][\n]"
01:14:55.374 [Test worker] DEBUG com.github.dockerjava.zerodep.shaded.org.apache.hc.client5.http.wire - http-outgoing-2 << "{"Id":"cd5ecdf38df06b4092e6cf67100cd20ad9c3cb4b6e9303874a7bd89885b140c9","Created":"2023-03-28T04:14:43.179040379Z","Path":"docker-entrypoint.sh","Args":["mysqld"],"State":{"Status":"running","Running":true,"Paused":false,"Restarting":false,"OOMKilled":false,"Dead":false,"Pid":20152,"ExitCode":0,"Error":"","StartedAt":"2023-03-28T04:14:43.680338005Z","FinishedAt":"0001-01-01T00:00:00Z"},"Image":"sha256:c7c54c29e20dccc1aefb936c8eba8bb8b98b87a4921102aba87fde2df5810af9","ResolvConfPath":"/var/lib/docker/containers/cd5ecdf38df06b4092e6cf67100cd20ad9c3cb4b6e9303874a7bd89885b140c9/resolv.conf","HostnamePath":"/var/lib/docker/containers/cd5ecdf38df06b4092e6cf67100cd20ad9c3cb4b6e9303874a7bd89885b140c9/hostname","HostsPath":"/var/lib/docker/containers/cd5ecdf38df06b4092e6cf67100cd20ad9c3cb4b6e9303874a7bd89885b140c9/hosts","LogPath":"/var/lib/docker/containers/cd5ecdf38df06b4092e6cf67100cd20ad9c3cb4b6e9303874a7bd89885b140c9/cd5ecdf38df06b4092e6cf67100cd20ad9c3cb4b6e9303874a7bd89885b140c9-json.log","Name":"/keen_matsumoto","RestartCount":0,"Driver":"overlay2","Platform":"linux","MountLabel":"","ProcessLabel":"","AppArmorProfile":"","ExecIDs":null,"HostConfig":{"Binds":[],"ContainerIDFile":"","LogConfig":{"Type":"json-file","Config":{}},"NetworkMode":"default","PortBindings":{"3306/tcp":[{"HostIp":"0.0.0.0","HostPort":"0"}]},"RestartPolicy":{"Name":"","MaximumRetryCount":0},"AutoRemove":false,"VolumeDriver":"","VolumesFrom":[],"CapAdd":null,"CapDrop":null,"CgroupnsMode":"private","Dns":null,"DnsOptions":null,"DnsSearch":null,"ExtraHosts":[],"GroupAdd":null,"IpcMode":"shareable","Cgroup":"","Links":null,"OomScoreAdj":0,"PidMode":"","Privileged":false,"PublishAllPorts":false,"ReadonlyRootfs":false,"SecurityOpt":null,"UTSMode":"","UsernsMode":"","ShmSize":67108864,"Runtime":"runc","ConsoleSize":[0,0],"Isolation":"","CpuShares":0,"Memory":0,"NanoCpus":0,"CgroupParent":"","BlkioWeight":0,"BlkioWeightDevice":null,"BlkioDeviceReadBps":null,"BlkioDeviceWriteBps":null,"BlkioDeviceReadIOps":null,"BlkioDeviceWriteIOps":null,"CpuPeriod":0,"CpuQuota":0,"CpuRealtimePeriod":0,"CpuRealtimeRuntime":0,"CpusetCpus":"","CpusetMems":"","Devices":null,"DeviceCgroupRules":null,"DeviceRequests":null,"KernelMemory":0,"KernelMemoryTCP":0,"MemoryReservation":0,"MemorySwap":0,"MemorySwappiness":null,"OomKillDisable":null,"PidsLimit":null,"Ulimits":null,"CpuCount":0,"CpuPercent":0,"IOMaximumIOps":0,"IOMaximumBandwidth":0,"MaskedPaths":["/proc/asound","/proc/acpi","/proc/kcore","/proc/keys","/proc/latency_stats","/proc/timer_list","/proc/timer_stats","/proc/sched_debug","/proc/scsi","/sys/firmware"],"ReadonlyPaths":["/proc/bus","/proc/fs","/proc/irq","/proc/sys","/proc/sysrq-trigger"]},"GraphDriver":{"Data":{"LowerDir":"/var/lib/docker/overlay2/830e690ec83ecff869b59e4f673c0c63b2bc5c068e9f710933e6f61763699fd2-init/diff:/var/lib/docker/overlay2/1bd8849d7a296305617011f940aa5cfabbe972a513397b1b6bbc27639b6c1f30/diff:/var/lib/docker/overlay2/199d69b2fbf78af4d4c95dec4fd2f8835ab0347eb49fb20ebb2ff3b99fedd6ad/diff:/var/lib/docker/overlay2/d83c38d654989311f75b9491329846033bfb7714de76ef635380dcfad5c740d9/diff:/var/lib/docker/overlay2/08600d0aea2ab2728bebcf5d2589c640a842f53d1ba3c4a4adccb4d03b923cf6/diff:/var/lib/docker/overlay2/9ec7c63a3fb14d13ac788bbf5e282ca821edc41260b79944e5e631037d13ecda/diff:/var/lib/docker/overlay2/db601d7a1b4ea6da638db620462f0da96fa55c559d02269c9ddb09027936ed87/diff:/var/lib/docker/overlay2/a6d2bd03f942e2565f21e74cfe152c7ec836a1c2b583f0790c685b92bdcfda24/diff:/var/lib/docker/overlay2/9badd16ea2c5e2bf1fde8b579683e41137dfc46ed5449234149f199a6751cc84/diff:/var/lib/docker/overlay2/6efb85646ed12e2d1181ef4cc6f6f6732c00c15a4035fe17ebc4f075ca573c30/diff:/var/lib/docker/overlay2/895d7c0ec09144d6ed33936f4e98e11c18010f7abd708cae1ce43aec7a7f2621/diff:/var/lib/docker/overlay2/1c4ba77aa573ab6e5e5069fd15eae71b3da940bde0f97a922a227ffc8a1d1096/diff","MergedDir":"/var/lib/docker/overlay2/830e690ec83ecff869b59e4f673c0c63b2bc5c068e9f710933e6f61763699fd2/merged","UpperDir":"/var/lib/docker/overlay2/830e690ec83ecff869b59e4f673c0c63b2bc5c068e9f710933e6f61763699fd2/diff","WorkDir":"/var/lib/docker/overlay2/830e690ec83ecff869b59e4f673c0c63b2bc5c068e9f710933e6f61763699fd2/work"},"Name":"overlay2"},"Mounts":[{"Type":"volume","Name":"25868b8cea8ad6eba7f00a6fe83e8848def5cff8aab5c5943024031400fa063d","Source":"/var/lib/docker/volumes/25868b8cea8ad6eba7f00a6fe83e8848def5cff8aab5c5943024031400fa063d/_data","Destination":"/var/lib/mysql","Driver":"local","Mode":"","RW":true,"Propagation":""}],"Config":{"Hostname":"cd5ecdf38df0","Domainname":"","User":"","AttachStdin":false,"AttachStdout":false,"AttachStderr":false,"ExposedPorts":{"3306/tcp":{},"33060/tcp":{}},"Tty":false,"OpenStdin":false,"StdinOnce":false,"Env":["MYSQL_DATABASE=adm_videos","MYSQL_PASSWORD=123456","MYSQL_ROOT_PASSWORD=123456","PATH=/usr/local/sbin:/usr/local/bin:/usr/sbin:/usr/bin:/sbin:/bin","GOSU_VERSION=1.16","MYSQL_MAJOR=8.0","MYSQL_VERSION=8.0.32-1.el8","MYSQL_SHELL_VERSION=8.0.32-1.el8"],"Cmd":["mysqld"],"Image":"mysql:latest","Volumes":{"/var/lib/mysql":{}},"WorkingDir":"","Entrypoint":["docker-entrypoint.sh"],"OnBuild":null,"Labels":{"org.testcontainers":"true","org.testcontainers.lang":"java","org.testcontainers.sessionId":"71b9672a-6f61-4546-a7b6-d603100b2e56","org.testcontainers.version":"1.17.6"}},"NetworkSettings":{"Bridge":"","SandboxID":"56762d63452c709eadac6b5c5f4b6cdd30da833580c632f91fd658806eaf4ddb","HairpinMode":false,"LinkLocalIPv6Address":"","LinkLocalIPv6PrefixLen":0,"Ports":{"3306/tcp":[{"HostIp":"0.0.0.0","HostPort":"63819"}],"33060/tcp":null},"SandboxKey":"/var/run/docker/netns/56762d63452c","SecondaryIPAddresses":null,"SecondaryIPv6Addresses":null,"EndpointID":"92fc2600684327987bceb8e2716a72ba2420fccd56812c1491af8c03946e105c","Gateway":"172.17.0.1","GlobalIPv6Address":"","GlobalIPv6PrefixLen":0,"IPAddress":"172.17.0.3","IPPrefixLen":16,"IPv6Gateway":"","MacAddress":"02:42:ac:11:00:03","Networks":{"bridge":{"IPAMConfig":null,"Links":null,"Aliases":null,"NetworkID":"308e234c143065751b16b4500cb9f48d5c7fc2116504b3d816a5e51cd4771062","EndpointID":"92fc2600684327987bceb8e2716a72ba2420fccd56812c1491af8c03946e105c","Gateway":"172.17.0.1","IPAddress":"172.17.0.3","IPPrefixLen":16,"IPv6Gateway":"","GlobalIPv6Address":"","GlobalIPv6PrefixLen":0,"MacAddress":"02:42:ac:11:00:03","DriverOpts":null}}}}[\n]"
01:14:55.374 [Test worker] DEBUG com.github.dockerjava.zerodep.shaded.org.apache.hc.client5.http.wire - http-outgoing-2 << "[\r][\n]"
01:14:55.377 [Test worker] DEBUG com.github.dockerjava.zerodep.shaded.org.apache.hc.client5.http.wire - http-outgoing-2 << "0[\r][\n]"
01:14:55.377 [Test worker] DEBUG com.github.dockerjava.zerodep.shaded.org.apache.hc.client5.http.wire - http-outgoing-2 << "[\r][\n]"
01:14:55.377 [Test worker] DEBUG com.github.dockerjava.zerodep.shaded.org.apache.hc.client5.http.impl.classic.InternalHttpClient - ep-00000071: releasing valid endpoint
01:14:55.377 [Test worker] DEBUG com.github.dockerjava.zerodep.shaded.org.apache.hc.client5.http.impl.io.PoolingHttpClientConnectionManager - ep-00000071: releasing endpoint
01:14:55.377 [Test worker] DEBUG com.github.dockerjava.zerodep.shaded.org.apache.hc.client5.http.impl.io.PoolingHttpClientConnectionManager - ep-00000071: connection http-outgoing-2 can be kept alive for 3 MINUTES
01:14:55.378 [Test worker] DEBUG com.github.dockerjava.zerodep.shaded.org.apache.hc.client5.http.impl.io.PoolingHttpClientConnectionManager - ep-00000071: connection released [route: {}->unix://localhost:2375][total available: 1; route allocated: 1 of 2147483647; total allocated: 1 of 2147483647]
01:14:55.378 [Test worker] DEBUG ]]>&#x1f433;<![CDATA[ [mysql:latest] - Trying to create JDBC connection using com.mysql.cj.jdbc.Driver to jdbc:mysql://localhost:63819/adm_videos?useSSL=false&allowPublicKeyRetrieval=true with properties: {password=123456, user=root}
01:14:55.490 [Test worker] DEBUG org.testcontainers.shaded.com.github.dockerjava.core.command.AbstrDockerCmd - Cmd: cd5ecdf38df06b4092e6cf67100cd20ad9c3cb4b6e9303874a7bd89885b140c9,false
01:14:55.491 [Test worker] DEBUG org.testcontainers.shaded.com.github.dockerjava.core.exec.InspectContainerCmdExec - GET: DefaultWebTarget{path=[/containers/cd5ecdf38df06b4092e6cf67100cd20ad9c3cb4b6e9303874a7bd89885b140c9/json], queryParams={}}
01:14:55.491 [Test worker] DEBUG com.github.dockerjava.zerodep.shaded.org.apache.hc.client5.http.impl.classic.InternalHttpClient - ex-00000073: preparing request execution
01:14:55.491 [Test worker] DEBUG com.github.dockerjava.zerodep.shaded.org.apache.hc.client5.http.protocol.RequestAddCookies - Cookie spec selected: strict
01:14:55.491 [Test worker] DEBUG com.github.dockerjava.zerodep.shaded.org.apache.hc.client5.http.protocol.RequestAuthCache - Auth cache not set in the context
01:14:55.491 [Test worker] DEBUG com.github.dockerjava.zerodep.shaded.org.apache.hc.client5.http.impl.classic.ProtocolExec - ex-00000073: target auth state: UNCHALLENGED
01:14:55.491 [Test worker] DEBUG com.github.dockerjava.zerodep.shaded.org.apache.hc.client5.http.impl.classic.ProtocolExec - ex-00000073: proxy auth state: UNCHALLENGED
01:14:55.491 [Test worker] DEBUG com.github.dockerjava.zerodep.shaded.org.apache.hc.client5.http.impl.classic.ConnectExec - ex-00000073: acquiring connection with route {}->unix://localhost:2375
01:14:55.491 [Test worker] DEBUG com.github.dockerjava.zerodep.shaded.org.apache.hc.client5.http.impl.classic.InternalHttpClient - ex-00000073: acquiring endpoint (3 MINUTES)
01:14:55.492 [Test worker] DEBUG com.github.dockerjava.zerodep.shaded.org.apache.hc.client5.http.impl.io.PoolingHttpClientConnectionManager - ex-00000073: endpoint lease request (3 MINUTES) [route: {}->unix://localhost:2375][total available: 1; route allocated: 1 of 2147483647; total allocated: 1 of 2147483647]
01:14:55.492 [Test worker] DEBUG com.github.dockerjava.zerodep.shaded.org.apache.hc.client5.http.impl.io.PoolingHttpClientConnectionManager - ex-00000073: endpoint leased [route: {}->unix://localhost:2375][total available: 0; route allocated: 1 of 2147483647; total allocated: 1 of 2147483647]
01:14:55.492 [Test worker] DEBUG com.github.dockerjava.zerodep.shaded.org.apache.hc.client5.http.impl.io.PoolingHttpClientConnectionManager - ex-00000073: acquired ep-00000072
01:14:55.492 [Test worker] DEBUG com.github.dockerjava.zerodep.shaded.org.apache.hc.client5.http.impl.classic.InternalHttpClient - ex-00000073: acquired endpoint ep-00000072
01:14:55.492 [Test worker] DEBUG com.github.dockerjava.zerodep.shaded.org.apache.hc.client5.http.impl.classic.MainClientExec - ex-00000073: executing GET /v1.32/containers/cd5ecdf38df06b4092e6cf67100cd20ad9c3cb4b6e9303874a7bd89885b140c9/json HTTP/1.1
01:14:55.492 [Test worker] DEBUG com.github.dockerjava.zerodep.shaded.org.apache.hc.client5.http.impl.classic.InternalHttpClient - ep-00000072: start execution ex-00000073
01:14:55.492 [Test worker] DEBUG com.github.dockerjava.zerodep.shaded.org.apache.hc.client5.http.impl.io.PoolingHttpClientConnectionManager - ep-00000072: executing exchange ex-00000073 over http-outgoing-2
01:14:55.492 [Test worker] DEBUG com.github.dockerjava.zerodep.shaded.org.apache.hc.client5.http.headers - http-outgoing-2 >> GET /v1.32/containers/cd5ecdf38df06b4092e6cf67100cd20ad9c3cb4b6e9303874a7bd89885b140c9/json HTTP/1.1
01:14:55.492 [Test worker] DEBUG com.github.dockerjava.zerodep.shaded.org.apache.hc.client5.http.headers - http-outgoing-2 >> accept: application/json
01:14:55.492 [Test worker] DEBUG com.github.dockerjava.zerodep.shaded.org.apache.hc.client5.http.headers - http-outgoing-2 >> x-tc-sid: 71b9672a-6f61-4546-a7b6-d603100b2e56
01:14:55.492 [Test worker] DEBUG com.github.dockerjava.zerodep.shaded.org.apache.hc.client5.http.headers - http-outgoing-2 >> Accept-Encoding: gzip, x-gzip, deflate
01:14:55.492 [Test worker] DEBUG com.github.dockerjava.zerodep.shaded.org.apache.hc.client5.http.headers - http-outgoing-2 >> Host: localhost:2375
01:14:55.492 [Test worker] DEBUG com.github.dockerjava.zerodep.shaded.org.apache.hc.client5.http.headers - http-outgoing-2 >> Connection: keep-alive
01:14:55.492 [Test worker] DEBUG com.github.dockerjava.zerodep.shaded.org.apache.hc.client5.http.headers - http-outgoing-2 >> User-Agent: Apache-HttpClient/5.0.3 (Java/17.0.2)
01:14:55.492 [Test worker] DEBUG com.github.dockerjava.zerodep.shaded.org.apache.hc.client5.http.wire - http-outgoing-2 >> "GET /v1.32/containers/cd5ecdf38df06b4092e6cf67100cd20ad9c3cb4b6e9303874a7bd89885b140c9/json HTTP/1.1[\r][\n]"
01:14:55.492 [Test worker] DEBUG com.github.dockerjava.zerodep.shaded.org.apache.hc.client5.http.wire - http-outgoing-2 >> "accept: application/json[\r][\n]"
01:14:55.492 [Test worker] DEBUG com.github.dockerjava.zerodep.shaded.org.apache.hc.client5.http.wire - http-outgoing-2 >> "x-tc-sid: 71b9672a-6f61-4546-a7b6-d603100b2e56[\r][\n]"
01:14:55.492 [Test worker] DEBUG com.github.dockerjava.zerodep.shaded.org.apache.hc.client5.http.wire - http-outgoing-2 >> "Accept-Encoding: gzip, x-gzip, deflate[\r][\n]"
01:14:55.492 [Test worker] DEBUG com.github.dockerjava.zerodep.shaded.org.apache.hc.client5.http.wire - http-outgoing-2 >> "Host: localhost:2375[\r][\n]"
01:14:55.492 [Test worker] DEBUG com.github.dockerjava.zerodep.shaded.org.apache.hc.client5.http.wire - http-outgoing-2 >> "Connection: keep-alive[\r][\n]"
01:14:55.492 [Test worker] DEBUG com.github.dockerjava.zerodep.shaded.org.apache.hc.client5.http.wire - http-outgoing-2 >> "User-Agent: Apache-HttpClient/5.0.3 (Java/17.0.2)[\r][\n]"
01:14:55.492 [Test worker] DEBUG com.github.dockerjava.zerodep.shaded.org.apache.hc.client5.http.wire - http-outgoing-2 >> "[\r][\n]"
01:14:55.501 [Test worker] DEBUG com.github.dockerjava.zerodep.shaded.org.apache.hc.client5.http.wire - http-outgoing-2 << "HTTP/1.1 200 OK[\r][\n]"
01:14:55.501 [Test worker] DEBUG com.github.dockerjava.zerodep.shaded.org.apache.hc.client5.http.wire - http-outgoing-2 << "Api-Version: 1.41[\r][\n]"
01:14:55.501 [Test worker] DEBUG com.github.dockerjava.zerodep.shaded.org.apache.hc.client5.http.wire - http-outgoing-2 << "Content-Type: application/json[\r][\n]"
01:14:55.501 [Test worker] DEBUG com.github.dockerjava.zerodep.shaded.org.apache.hc.client5.http.wire - http-outgoing-2 << "Date: Tue, 28 Mar 2023 04:14:55 GMT[\r][\n]"
01:14:55.501 [Test worker] DEBUG com.github.dockerjava.zerodep.shaded.org.apache.hc.client5.http.wire - http-outgoing-2 << "Docker-Experimental: false[\r][\n]"
01:14:55.501 [Test worker] DEBUG com.github.dockerjava.zerodep.shaded.org.apache.hc.client5.http.wire - http-outgoing-2 << "Ostype: linux[\r][\n]"
01:14:55.501 [Test worker] DEBUG com.github.dockerjava.zerodep.shaded.org.apache.hc.client5.http.wire - http-outgoing-2 << "Server: Docker/20.10.21 (linux)[\r][\n]"
01:14:55.501 [Test worker] DEBUG com.github.dockerjava.zerodep.shaded.org.apache.hc.client5.http.wire - http-outgoing-2 << "Transfer-Encoding: chunked[\r][\n]"
01:14:55.501 [Test worker] DEBUG com.github.dockerjava.zerodep.shaded.org.apache.hc.client5.http.wire - http-outgoing-2 << "[\r][\n]"
01:14:55.501 [Test worker] DEBUG com.github.dockerjava.zerodep.shaded.org.apache.hc.client5.http.headers - http-outgoing-2 << HTTP/1.1 200 OK
01:14:55.501 [Test worker] DEBUG com.github.dockerjava.zerodep.shaded.org.apache.hc.client5.http.headers - http-outgoing-2 << Api-Version: 1.41
01:14:55.501 [Test worker] DEBUG com.github.dockerjava.zerodep.shaded.org.apache.hc.client5.http.headers - http-outgoing-2 << Content-Type: application/json
01:14:55.501 [Test worker] DEBUG com.github.dockerjava.zerodep.shaded.org.apache.hc.client5.http.headers - http-outgoing-2 << Date: Tue, 28 Mar 2023 04:14:55 GMT
01:14:55.501 [Test worker] DEBUG com.github.dockerjava.zerodep.shaded.org.apache.hc.client5.http.headers - http-outgoing-2 << Docker-Experimental: false
01:14:55.501 [Test worker] DEBUG com.github.dockerjava.zerodep.shaded.org.apache.hc.client5.http.headers - http-outgoing-2 << Ostype: linux
01:14:55.501 [Test worker] DEBUG com.github.dockerjava.zerodep.shaded.org.apache.hc.client5.http.headers - http-outgoing-2 << Server: Docker/20.10.21 (linux)
01:14:55.501 [Test worker] DEBUG com.github.dockerjava.zerodep.shaded.org.apache.hc.client5.http.headers - http-outgoing-2 << Transfer-Encoding: chunked
01:14:55.501 [Test worker] DEBUG com.github.dockerjava.zerodep.shaded.org.apache.hc.client5.http.impl.classic.MainClientExec - ex-00000073: connection can be kept alive for 3 MINUTES
01:14:55.502 [Test worker] DEBUG com.github.dockerjava.zerodep.shaded.org.apache.hc.client5.http.wire - http-outgoing-2 << "18c1[\r][\n]"
01:14:55.502 [Test worker] DEBUG com.github.dockerjava.zerodep.shaded.org.apache.hc.client5.http.wire - http-outgoing-2 << "{"Id":"cd5ecdf38df06b4092e6cf67100cd20ad9c3cb4b6e9303874a7bd89885b140c9","Created":"2023-03-28T04:14:43.179040379Z","Path":"docker-entrypoint.sh","Args":["mysqld"],"State":{"Status":"running","Running":true,"Paused":false,"Restarting":false,"OOMKilled":false,"Dead":false,"Pid":20152,"ExitCode":0,"Error":"","StartedAt":"2023-03-28T04:14:43.680338005Z","FinishedAt":"0001-01-01T00:00:00Z"},"Image":"sha256:c7c54c29e20dccc1aefb936c8eba8bb8b98b87a4921102aba87fde2df5810af9","ResolvConfPath":"/var/lib/docker/containers/cd5ecdf38df06b4092e6cf67100cd20ad9c3cb4b6e9303874a7bd89885b140c9/resolv.conf","HostnamePath":"/var/lib/docker/containers/cd5ecdf38df06b4092e6cf67100cd20ad9c3cb4b6e9303874a7bd89885b140c9/hostname","HostsPath":"/var/lib/docker/containers/cd5ecdf38df06b4092e6cf67100cd20ad9c3cb4b6e9303874a7bd89885b140c9/hosts","LogPath":"/var/lib/docker/containers/cd5ecdf38df06b4092e6cf67100cd20ad9c3cb4b6e9303874a7bd89885b140c9/cd5ecdf38df06b4092e6cf67100cd20ad9c3cb4b6e9303874a7bd89885b140c9-json.log","Name":"/keen_matsumoto","RestartCount":0,"Driver":"overlay2","Platform":"linux","MountLabel":"","ProcessLabel":"","AppArmorProfile":"","ExecIDs":null,"HostConfig":{"Binds":[],"ContainerIDFile":"","LogConfig":{"Type":"json-file","Config":{}},"NetworkMode":"default","PortBindings":{"3306/tcp":[{"HostIp":"0.0.0.0","HostPort":"0"}]},"RestartPolicy":{"Name":"","MaximumRetryCount":0},"AutoRemove":false,"VolumeDriver":"","VolumesFrom":[],"CapAdd":null,"CapDrop":null,"CgroupnsMode":"private","Dns":null,"DnsOptions":null,"DnsSearch":null,"ExtraHosts":[],"GroupAdd":null,"IpcMode":"shareable","Cgroup":"","Links":null,"OomScoreAdj":0,"PidMode":"","Privileged":false,"PublishAllPorts":false,"ReadonlyRootfs":false,"SecurityOpt":null,"UTSMode":"","UsernsMode":"","ShmSize":67108864,"Runtime":"runc","ConsoleSize":[0,0],"Isolation":"","CpuShares":0,"Memory":0,"NanoCpus":0,"CgroupParent":"","BlkioWeight":0,"BlkioWeightDevice":null,"BlkioDeviceReadBps":null,"BlkioDeviceWriteBps":null,"BlkioDeviceReadIOps":null,"BlkioDeviceWriteIOps":null,"CpuPeriod":0,"CpuQuota":0,"CpuRealtimePeriod":0,"CpuRealtimeRuntime":0,"CpusetCpus":"","CpusetMems":"","Devices":null,"DeviceCgroupRules":null,"DeviceRequests":null,"KernelMemory":0,"KernelMemoryTCP":0,"MemoryReservation":0,"MemorySwap":0,"MemorySwappiness":null,"OomKillDisable":null,"PidsLimit":null,"Ulimits":null,"CpuCount":0,"CpuPercent":0,"IOMaximumIOps":0,"IOMaximumBandwidth":0,"MaskedPaths":["/proc/asound","/proc/acpi","/proc/kcore","/proc/keys","/proc/latency_stats","/proc/timer_list","/proc/timer_stats","/proc/sched_debug","/proc/scsi","/sys/firmware"],"ReadonlyPaths":["/proc/bus","/proc/fs","/proc/irq","/proc/sys","/proc/sysrq-trigger"]},"GraphDriver":{"Data":{"LowerDir":"/var/lib/docker/overlay2/830e690ec83ecff869b59e4f673c0c63b2bc5c068e9f710933e6f61763699fd2-init/diff:/var/lib/docker/overlay2/1bd8849d7a296305617011f940aa5cfabbe972a513397b1b6bbc27639b6c1f30/diff:/var/lib/docker/overlay2/199d69b2fbf78af4d4c95dec4fd2f8835ab0347eb49fb20ebb2ff3b99fedd6ad/diff:/var/lib/docker/overlay2/d83c38d654989311f75b9491329846033bfb7714de76ef635380dcfad5c740d9/diff:/var/lib/docker/overlay2/08600d0aea2ab2728bebcf5d2589c640a842f53d1ba3c4a4adccb4d03b923cf6/diff:/var/lib/docker/overlay2/9ec7c63a3fb14d13ac788bbf5e282ca821edc41260b79944e5e631037d13ecda/diff:/var/lib/docker/overlay2/db601d7a1b4ea6da638db620462f0da96fa55c559d02269c9ddb09027936ed87/diff:/var/lib/docker/overlay2/a6d2bd03f942e2565f21e74cfe152c7ec836a1c2b583f0790c685b92bdcfda24/diff:/var/lib/docker/overlay2/9badd16ea2c5e2bf1fde8b579683e41137dfc46ed5449234149f199a6751cc84/diff:/var/lib/docker/overlay2/6efb85646ed12e2d1181ef4cc6f6f6732c00c15a4035fe17ebc4f075ca573c30/diff:/var/lib/docker/overlay2/895d7c0ec09144d6ed33936f4e98e11c18010f7abd708cae1ce43aec7a7f2621/diff:/var/lib/docker/overlay2/1c4ba77aa573ab6e5e5069fd15eae71b3da940bde0f97a922a227ffc8a1d1096/diff","MergedDir":"/var/lib/docker/overlay2/830e690ec83ecff869b59e4f673c0c63b2bc5c068e9f710933e6f61763699fd2/merged","UpperDir":"/var/lib/docker/overlay2/830e690ec83ecff869b59e4f673c0c63b2bc5c068e9f710933e6f61763699fd2/diff","WorkDir":"/var/lib/docker/overlay2/830e690ec83ecff869b59e4f673c0c63b2bc5c068e9f710933e6f61763699fd2/work"},"Name":"overlay2"},"Mounts":[{"Type":"volume","Name":"25868b8cea8ad6eba7f00a6fe83e8848def5cff8aab5c5943024031400fa063d","Source":"/var/lib/docker/volumes/25868b8cea8ad6eba7f00a6fe83e8848def5cff8aab5c5943024031400fa063d/_data","Destination":"/var/lib/mysql","Driver":"local","Mode":"","RW":true,"Propagation":""}],"Config":{"Hostname":"cd5ecdf38df0","Domainname":"","User":"","AttachStdin":false,"AttachStdout":false,"AttachStderr":false,"ExposedPorts":{"3306/tcp":{},"33060/tcp":{}},"Tty":false,"OpenStdin":false,"StdinOnce":false,"Env":["MYSQL_DATABASE=adm_videos","MYSQL_PASSWORD=123456","MYSQL_ROOT_PASSWORD=123456","PATH=/usr/local/sbin:/usr/local/bin:/usr/sbin:/usr/bin:/sbin:/bin","GOSU_VERSION=1.16","MYSQL_MAJOR=8.0","MYSQL_VERSION=8.0.32-1.el8","MYSQL_SHELL_VERSION=8.0.32-1.el8"],"Cmd":["mysqld"],"Image":"mysql:latest","Volumes":{"/var/lib/mysql":{}},"WorkingDir":"","Entrypoint":["docker-entrypoint.sh"],"OnBuild":null,"Labels":{"org.testcontainers":"true","org.testcontainers.lang":"java","org.testcontainers.sessionId":"71b9672a-6f61-4546-a7b6-d603100b2e56","org.testcontainers.version":"1.17.6"}},"NetworkSettings":{"Bridge":"","SandboxID":"56762d63452c709eadac6b5c5f4b6cdd30da833580c632f91fd658806eaf4ddb","HairpinMode":false,"LinkLocalIPv6Address":"","LinkLocalIPv6PrefixLen":0,"Ports":{"3306/tcp":[{"HostIp":"0.0.0.0","HostPort":"63819"}],"33060/tcp":null},"SandboxKey":"/var/run/docker/netns/56762d63452c","SecondaryIPAddresses":null,"SecondaryIPv6Addresses":null,"EndpointID":"92fc2600684327987bceb8e2716a72ba2420fccd56812c1491af8c03946e105c","Gateway":"172.17.0.1","GlobalIPv6Address":"","GlobalIPv6PrefixLen":0,"IPAddress":"172.17.0.3","IPPrefixLen":16,"IPv6Gateway":"","MacAddress":"02:42:ac:11:00:03","Networks":{"bridge":{"IPAMConfig":null,"Links":null,"Aliases":null,"NetworkID":"308e234c143065751b16b4500cb9f48d5c7fc2116504b3d816a5e51cd4771062","EndpointID":"92fc2600684327987bceb8e2716a72ba2420fccd56812c1491af8c03946e105c","Gateway":"172.17.0.1","IPAddress":"172.17.0.3","IPPrefixLen":16,"IPv6Gateway":"","GlobalIPv6Address":"","GlobalIPv6PrefixLen":0,"MacAddress":"02:42:ac:11:00:03","DriverOpts":null}}}}[\n]"
01:14:55.503 [Test worker] DEBUG com.github.dockerjava.zerodep.shaded.org.apache.hc.client5.http.wire - http-outgoing-2 << "[\r][\n]"
01:14:55.504 [Test worker] DEBUG com.github.dockerjava.zerodep.shaded.org.apache.hc.client5.http.wire - http-outgoing-2 << "0[\r][\n]"
01:14:55.504 [Test worker] DEBUG com.github.dockerjava.zerodep.shaded.org.apache.hc.client5.http.wire - http-outgoing-2 << "[\r][\n]"
01:14:55.504 [Test worker] DEBUG com.github.dockerjava.zerodep.shaded.org.apache.hc.client5.http.impl.classic.InternalHttpClient - ep-00000072: releasing valid endpoint
01:14:55.504 [Test worker] DEBUG com.github.dockerjava.zerodep.shaded.org.apache.hc.client5.http.impl.io.PoolingHttpClientConnectionManager - ep-00000072: releasing endpoint
01:14:55.504 [Test worker] DEBUG com.github.dockerjava.zerodep.shaded.org.apache.hc.client5.http.impl.io.PoolingHttpClientConnectionManager - ep-00000072: connection http-outgoing-2 can be kept alive for 3 MINUTES
01:14:55.504 [Test worker] DEBUG com.github.dockerjava.zerodep.shaded.org.apache.hc.client5.http.impl.io.PoolingHttpClientConnectionManager - ep-00000072: connection released [route: {}->unix://localhost:2375][total available: 1; route allocated: 1 of 2147483647; total allocated: 1 of 2147483647]
01:14:55.504 [Test worker] DEBUG ]]>&#x1f433;<![CDATA[ [mysql:latest] - Trying to create JDBC connection using com.mysql.cj.jdbc.Driver to jdbc:mysql://localhost:63819/adm_videos?useSSL=false&allowPublicKeyRetrieval=true with properties: {password=123456, user=root}
01:14:55.624 [Test worker] DEBUG org.testcontainers.shaded.com.github.dockerjava.core.command.AbstrDockerCmd - Cmd: cd5ecdf38df06b4092e6cf67100cd20ad9c3cb4b6e9303874a7bd89885b140c9,false
01:14:55.624 [Test worker] DEBUG org.testcontainers.shaded.com.github.dockerjava.core.exec.InspectContainerCmdExec - GET: DefaultWebTarget{path=[/containers/cd5ecdf38df06b4092e6cf67100cd20ad9c3cb4b6e9303874a7bd89885b140c9/json], queryParams={}}
01:14:55.624 [Test worker] DEBUG com.github.dockerjava.zerodep.shaded.org.apache.hc.client5.http.impl.classic.InternalHttpClient - ex-00000074: preparing request execution
01:14:55.624 [Test worker] DEBUG com.github.dockerjava.zerodep.shaded.org.apache.hc.client5.http.protocol.RequestAddCookies - Cookie spec selected: strict
01:14:55.624 [Test worker] DEBUG com.github.dockerjava.zerodep.shaded.org.apache.hc.client5.http.protocol.RequestAuthCache - Auth cache not set in the context
01:14:55.624 [Test worker] DEBUG com.github.dockerjava.zerodep.shaded.org.apache.hc.client5.http.impl.classic.ProtocolExec - ex-00000074: target auth state: UNCHALLENGED
01:14:55.624 [Test worker] DEBUG com.github.dockerjava.zerodep.shaded.org.apache.hc.client5.http.impl.classic.ProtocolExec - ex-00000074: proxy auth state: UNCHALLENGED
01:14:55.624 [Test worker] DEBUG com.github.dockerjava.zerodep.shaded.org.apache.hc.client5.http.impl.classic.ConnectExec - ex-00000074: acquiring connection with route {}->unix://localhost:2375
01:14:55.624 [Test worker] DEBUG com.github.dockerjava.zerodep.shaded.org.apache.hc.client5.http.impl.classic.InternalHttpClient - ex-00000074: acquiring endpoint (3 MINUTES)
01:14:55.624 [Test worker] DEBUG com.github.dockerjava.zerodep.shaded.org.apache.hc.client5.http.impl.io.PoolingHttpClientConnectionManager - ex-00000074: endpoint lease request (3 MINUTES) [route: {}->unix://localhost:2375][total available: 1; route allocated: 1 of 2147483647; total allocated: 1 of 2147483647]
01:14:55.624 [Test worker] DEBUG com.github.dockerjava.zerodep.shaded.org.apache.hc.client5.http.impl.io.PoolingHttpClientConnectionManager - ex-00000074: endpoint leased [route: {}->unix://localhost:2375][total available: 0; route allocated: 1 of 2147483647; total allocated: 1 of 2147483647]
01:14:55.624 [Test worker] DEBUG com.github.dockerjava.zerodep.shaded.org.apache.hc.client5.http.impl.io.PoolingHttpClientConnectionManager - ex-00000074: acquired ep-00000073
01:14:55.624 [Test worker] DEBUG com.github.dockerjava.zerodep.shaded.org.apache.hc.client5.http.impl.classic.InternalHttpClient - ex-00000074: acquired endpoint ep-00000073
01:14:55.624 [Test worker] DEBUG com.github.dockerjava.zerodep.shaded.org.apache.hc.client5.http.impl.classic.MainClientExec - ex-00000074: executing GET /v1.32/containers/cd5ecdf38df06b4092e6cf67100cd20ad9c3cb4b6e9303874a7bd89885b140c9/json HTTP/1.1
01:14:55.624 [Test worker] DEBUG com.github.dockerjava.zerodep.shaded.org.apache.hc.client5.http.impl.classic.InternalHttpClient - ep-00000073: start execution ex-00000074
01:14:55.624 [Test worker] DEBUG com.github.dockerjava.zerodep.shaded.org.apache.hc.client5.http.impl.io.PoolingHttpClientConnectionManager - ep-00000073: executing exchange ex-00000074 over http-outgoing-2
01:14:55.624 [Test worker] DEBUG com.github.dockerjava.zerodep.shaded.org.apache.hc.client5.http.headers - http-outgoing-2 >> GET /v1.32/containers/cd5ecdf38df06b4092e6cf67100cd20ad9c3cb4b6e9303874a7bd89885b140c9/json HTTP/1.1
01:14:55.624 [Test worker] DEBUG com.github.dockerjava.zerodep.shaded.org.apache.hc.client5.http.headers - http-outgoing-2 >> accept: application/json
01:14:55.624 [Test worker] DEBUG com.github.dockerjava.zerodep.shaded.org.apache.hc.client5.http.headers - http-outgoing-2 >> x-tc-sid: 71b9672a-6f61-4546-a7b6-d603100b2e56
01:14:55.624 [Test worker] DEBUG com.github.dockerjava.zerodep.shaded.org.apache.hc.client5.http.headers - http-outgoing-2 >> Accept-Encoding: gzip, x-gzip, deflate
01:14:55.624 [Test worker] DEBUG com.github.dockerjava.zerodep.shaded.org.apache.hc.client5.http.headers - http-outgoing-2 >> Host: localhost:2375
01:14:55.624 [Test worker] DEBUG com.github.dockerjava.zerodep.shaded.org.apache.hc.client5.http.headers - http-outgoing-2 >> Connection: keep-alive
01:14:55.624 [Test worker] DEBUG com.github.dockerjava.zerodep.shaded.org.apache.hc.client5.http.headers - http-outgoing-2 >> User-Agent: Apache-HttpClient/5.0.3 (Java/17.0.2)
01:14:55.624 [Test worker] DEBUG com.github.dockerjava.zerodep.shaded.org.apache.hc.client5.http.wire - http-outgoing-2 >> "GET /v1.32/containers/cd5ecdf38df06b4092e6cf67100cd20ad9c3cb4b6e9303874a7bd89885b140c9/json HTTP/1.1[\r][\n]"
01:14:55.624 [Test worker] DEBUG com.github.dockerjava.zerodep.shaded.org.apache.hc.client5.http.wire - http-outgoing-2 >> "accept: application/json[\r][\n]"
01:14:55.624 [Test worker] DEBUG com.github.dockerjava.zerodep.shaded.org.apache.hc.client5.http.wire - http-outgoing-2 >> "x-tc-sid: 71b9672a-6f61-4546-a7b6-d603100b2e56[\r][\n]"
01:14:55.624 [Test worker] DEBUG com.github.dockerjava.zerodep.shaded.org.apache.hc.client5.http.wire - http-outgoing-2 >> "Accept-Encoding: gzip, x-gzip, deflate[\r][\n]"
01:14:55.624 [Test worker] DEBUG com.github.dockerjava.zerodep.shaded.org.apache.hc.client5.http.wire - http-outgoing-2 >> "Host: localhost:2375[\r][\n]"
01:14:55.624 [Test worker] DEBUG com.github.dockerjava.zerodep.shaded.org.apache.hc.client5.http.wire - http-outgoing-2 >> "Connection: keep-alive[\r][\n]"
01:14:55.624 [Test worker] DEBUG com.github.dockerjava.zerodep.shaded.org.apache.hc.client5.http.wire - http-outgoing-2 >> "User-Agent: Apache-HttpClient/5.0.3 (Java/17.0.2)[\r][\n]"
01:14:55.624 [Test worker] DEBUG com.github.dockerjava.zerodep.shaded.org.apache.hc.client5.http.wire - http-outgoing-2 >> "[\r][\n]"
01:14:55.627 [Test worker] DEBUG com.github.dockerjava.zerodep.shaded.org.apache.hc.client5.http.wire - http-outgoing-2 << "HTTP/1.1 200 OK[\r][\n]"
01:14:55.627 [Test worker] DEBUG com.github.dockerjava.zerodep.shaded.org.apache.hc.client5.http.wire - http-outgoing-2 << "Api-Version: 1.41[\r][\n]"
01:14:55.627 [Test worker] DEBUG com.github.dockerjava.zerodep.shaded.org.apache.hc.client5.http.wire - http-outgoing-2 << "Content-Type: application/json[\r][\n]"
01:14:55.627 [Test worker] DEBUG com.github.dockerjava.zerodep.shaded.org.apache.hc.client5.http.wire - http-outgoing-2 << "Date: Tue, 28 Mar 2023 04:14:55 GMT[\r][\n]"
01:14:55.627 [Test worker] DEBUG com.github.dockerjava.zerodep.shaded.org.apache.hc.client5.http.wire - http-outgoing-2 << "Docker-Experimental: false[\r][\n]"
01:14:55.627 [Test worker] DEBUG com.github.dockerjava.zerodep.shaded.org.apache.hc.client5.http.wire - http-outgoing-2 << "Ostype: linux[\r][\n]"
01:14:55.627 [Test worker] DEBUG com.github.dockerjava.zerodep.shaded.org.apache.hc.client5.http.wire - http-outgoing-2 << "Server: Docker/20.10.21 (linux)[\r][\n]"
01:14:55.627 [Test worker] DEBUG com.github.dockerjava.zerodep.shaded.org.apache.hc.client5.http.wire - http-outgoing-2 << "Transfer-Encoding: chunked[\r][\n]"
01:14:55.627 [Test worker] DEBUG com.github.dockerjava.zerodep.shaded.org.apache.hc.client5.http.wire - http-outgoing-2 << "[\r][\n]"
01:14:55.627 [Test worker] DEBUG com.github.dockerjava.zerodep.shaded.org.apache.hc.client5.http.headers - http-outgoing-2 << HTTP/1.1 200 OK
01:14:55.627 [Test worker] DEBUG com.github.dockerjava.zerodep.shaded.org.apache.hc.client5.http.headers - http-outgoing-2 << Api-Version: 1.41
01:14:55.627 [Test worker] DEBUG com.github.dockerjava.zerodep.shaded.org.apache.hc.client5.http.headers - http-outgoing-2 << Content-Type: application/json
01:14:55.627 [Test worker] DEBUG com.github.dockerjava.zerodep.shaded.org.apache.hc.client5.http.headers - http-outgoing-2 << Date: Tue, 28 Mar 2023 04:14:55 GMT
01:14:55.627 [Test worker] DEBUG com.github.dockerjava.zerodep.shaded.org.apache.hc.client5.http.headers - http-outgoing-2 << Docker-Experimental: false
01:14:55.627 [Test worker] DEBUG com.github.dockerjava.zerodep.shaded.org.apache.hc.client5.http.headers - http-outgoing-2 << Ostype: linux
01:14:55.627 [Test worker] DEBUG com.github.dockerjava.zerodep.shaded.org.apache.hc.client5.http.headers - http-outgoing-2 << Server: Docker/20.10.21 (linux)
01:14:55.627 [Test worker] DEBUG com.github.dockerjava.zerodep.shaded.org.apache.hc.client5.http.headers - http-outgoing-2 << Transfer-Encoding: chunked
01:14:55.627 [Test worker] DEBUG com.github.dockerjava.zerodep.shaded.org.apache.hc.client5.http.impl.classic.MainClientExec - ex-00000074: connection can be kept alive for 3 MINUTES
01:14:55.629 [Test worker] DEBUG com.github.dockerjava.zerodep.shaded.org.apache.hc.client5.http.wire - http-outgoing-2 << "18c1[\r][\n]"
01:14:55.629 [Test worker] DEBUG com.github.dockerjava.zerodep.shaded.org.apache.hc.client5.http.wire - http-outgoing-2 << "{"Id":"cd5ecdf38df06b4092e6cf67100cd20ad9c3cb4b6e9303874a7bd89885b140c9","Created":"2023-03-28T04:14:43.179040379Z","Path":"docker-entrypoint.sh","Args":["mysqld"],"State":{"Status":"running","Running":true,"Paused":false,"Restarting":false,"OOMKilled":false,"Dead":false,"Pid":20152,"ExitCode":0,"Error":"","StartedAt":"2023-03-28T04:14:43.680338005Z","FinishedAt":"0001-01-01T00:00:00Z"},"Image":"sha256:c7c54c29e20dccc1aefb936c8eba8bb8b98b87a4921102aba87fde2df5810af9","ResolvConfPath":"/var/lib/docker/containers/cd5ecdf38df06b4092e6cf67100cd20ad9c3cb4b6e9303874a7bd89885b140c9/resolv.conf","HostnamePath":"/var/lib/docker/containers/cd5ecdf38df06b4092e6cf67100cd20ad9c3cb4b6e9303874a7bd89885b140c9/hostname","HostsPath":"/var/lib/docker/containers/cd5ecdf38df06b4092e6cf67100cd20ad9c3cb4b6e9303874a7bd89885b140c9/hosts","LogPath":"/var/lib/docker/containers/cd5ecdf38df06b4092e6cf67100cd20ad9c3cb4b6e9303874a7bd89885b140c9/cd5ecdf38df06b4092e6cf67100cd20ad9c3cb4b6e9303874a7bd89885b140c9-json.log","Name":"/keen_matsumoto","RestartCount":0,"Driver":"overlay2","Platform":"linux","MountLabel":"","ProcessLabel":"","AppArmorProfile":"","ExecIDs":null,"HostConfig":{"Binds":[],"ContainerIDFile":"","LogConfig":{"Type":"json-file","Config":{}},"NetworkMode":"default","PortBindings":{"3306/tcp":[{"HostIp":"0.0.0.0","HostPort":"0"}]},"RestartPolicy":{"Name":"","MaximumRetryCount":0},"AutoRemove":false,"VolumeDriver":"","VolumesFrom":[],"CapAdd":null,"CapDrop":null,"CgroupnsMode":"private","Dns":null,"DnsOptions":null,"DnsSearch":null,"ExtraHosts":[],"GroupAdd":null,"IpcMode":"shareable","Cgroup":"","Links":null,"OomScoreAdj":0,"PidMode":"","Privileged":false,"PublishAllPorts":false,"ReadonlyRootfs":false,"SecurityOpt":null,"UTSMode":"","UsernsMode":"","ShmSize":67108864,"Runtime":"runc","ConsoleSize":[0,0],"Isolation":"","CpuShares":0,"Memory":0,"NanoCpus":0,"CgroupParent":"","BlkioWeight":0,"BlkioWeightDevice":null,"BlkioDeviceReadBps":null,"BlkioDeviceWriteBps":null,"BlkioDeviceReadIOps":null,"BlkioDeviceWriteIOps":null,"CpuPeriod":0,"CpuQuota":0,"CpuRealtimePeriod":0,"CpuRealtimeRuntime":0,"CpusetCpus":"","CpusetMems":"","Devices":null,"DeviceCgroupRules":null,"DeviceRequests":null,"KernelMemory":0,"KernelMemoryTCP":0,"MemoryReservation":0,"MemorySwap":0,"MemorySwappiness":null,"OomKillDisable":null,"PidsLimit":null,"Ulimits":null,"CpuCount":0,"CpuPercent":0,"IOMaximumIOps":0,"IOMaximumBandwidth":0,"MaskedPaths":["/proc/asound","/proc/acpi","/proc/kcore","/proc/keys","/proc/latency_stats","/proc/timer_list","/proc/timer_stats","/proc/sched_debug","/proc/scsi","/sys/firmware"],"ReadonlyPaths":["/proc/bus","/proc/fs","/proc/irq","/proc/sys","/proc/sysrq-trigger"]},"GraphDriver":{"Data":{"LowerDir":"/var/lib/docker/overlay2/830e690ec83ecff869b59e4f673c0c63b2bc5c068e9f710933e6f61763699fd2-init/diff:/var/lib/docker/overlay2/1bd8849d7a296305617011f940aa5cfabbe972a513397b1b6bbc27639b6c1f30/diff:/var/lib/docker/overlay2/199d69b2fbf78af4d4c95dec4fd2f8835ab0347eb49fb20ebb2ff3b99fedd6ad/diff:/var/lib/docker/overlay2/d83c38d654989311f75b9491329846033bfb7714de76ef635380dcfad5c740d9/diff:/var/lib/docker/overlay2/08600d0aea2ab2728bebcf5d2589c640a842f53d1ba3c4a4adccb4d03b923cf6/diff:/var/lib/docker/overlay2/9ec7c63a3fb14d13ac788bbf5e282ca821edc41260b79944e5e631037d13ecda/diff:/var/lib/docker/overlay2/db601d7a1b4ea6da638db620462f0da96fa55c559d02269c9ddb09027936ed87/diff:/var/lib/docker/overlay2/a6d2bd03f942e2565f21e74cfe152c7ec836a1c2b583f0790c685b92bdcfda24/diff:/var/lib/docker/overlay2/9badd16ea2c5e2bf1fde8b579683e41137dfc46ed5449234149f199a6751cc84/diff:/var/lib/docker/overlay2/6efb85646ed12e2d1181ef4cc6f6f6732c00c15a4035fe17ebc4f075ca573c30/diff:/var/lib/docker/overlay2/895d7c0ec09144d6ed33936f4e98e11c18010f7abd708cae1ce43aec7a7f2621/diff:/var/lib/docker/overlay2/1c4ba77aa573ab6e5e5069fd15eae71b3da940bde0f97a922a227ffc8a1d1096/diff","MergedDir":"/var/lib/docker/overlay2/830e690ec83ecff869b59e4f673c0c63b2bc5c068e9f710933e6f61763699fd2/merged","UpperDir":"/var/lib/docker/overlay2/830e690ec83ecff869b59e4f673c0c63b2bc5c068e9f710933e6f61763699fd2/diff","WorkDir":"/var/lib/docker/overlay2/830e690ec83ecff869b59e4f673c0c63b2bc5c068e9f710933e6f61763699fd2/work"},"Name":"overlay2"},"Mounts":[{"Type":"volume","Name":"25868b8cea8ad6eba7f00a6fe83e8848def5cff8aab5c5943024031400fa063d","Source":"/var/lib/docker/volumes/25868b8cea8ad6eba7f00a6fe83e8848def5cff8aab5c5943024031400fa063d/_data","Destination":"/var/lib/mysql","Driver":"local","Mode":"","RW":true,"Propagation":""}],"Config":{"Hostname":"cd5ecdf38df0","Domainname":"","User":"","AttachStdin":false,"AttachStdout":false,"AttachStderr":false,"ExposedPorts":{"3306/tcp":{},"33060/tcp":{}},"Tty":false,"OpenStdin":false,"StdinOnce":false,"Env":["MYSQL_DATABASE=adm_videos","MYSQL_PASSWORD=123456","MYSQL_ROOT_PASSWORD=123456","PATH=/usr/local/sbin:/usr/local/bin:/usr/sbin:/usr/bin:/sbin:/bin","GOSU_VERSION=1.16","MYSQL_MAJOR=8.0","MYSQL_VERSION=8.0.32-1.el8","MYSQL_SHELL_VERSION=8.0.32-1.el8"],"Cmd":["mysqld"],"Image":"mysql:latest","Volumes":{"/var/lib/mysql":{}},"WorkingDir":"","Entrypoint":["docker-entrypoint.sh"],"OnBuild":null,"Labels":{"org.testcontainers":"true","org.testcontainers.lang":"java","org.testcontainers.sessionId":"71b9672a-6f61-4546-a7b6-d603100b2e56","org.testcontainers.version":"1.17.6"}},"NetworkSettings":{"Bridge":"","SandboxID":"56762d63452c709eadac6b5c5f4b6cdd30da833580c632f91fd658806eaf4ddb","HairpinMode":false,"LinkLocalIPv6Address":"","LinkLocalIPv6PrefixLen":0,"Ports":{"3306/tcp":[{"HostIp":"0.0.0.0","HostPort":"63819"}],"33060/tcp":null},"SandboxKey":"/var/run/docker/netns/56762d63452c","SecondaryIPAddresses":null,"SecondaryIPv6Addresses":null,"EndpointID":"92fc2600684327987bceb8e2716a72ba2420fccd56812c1491af8c03946e105c","Gateway":"172.17.0.1","GlobalIPv6Address":"","GlobalIPv6PrefixLen":0,"IPAddress":"172.17.0.3","IPPrefixLen":16,"IPv6Gateway":"","MacAddress":"02:42:ac:11:00:03","Networks":{"bridge":{"IPAMConfig":null,"Links":null,"Aliases":null,"NetworkID":"308e234c143065751b16b4500cb9f48d5c7fc2116504b3d816a5e51cd4771062","EndpointID":"92fc2600684327987bceb8e2716a72ba2420fccd56812c1491af8c03946e105c","Gateway":"172.17.0.1","IPAddress":"172.17.0.3","IPPrefixLen":16,"IPv6Gateway":"","GlobalIPv6Address":"","GlobalIPv6PrefixLen":0,"MacAddress":"02:42:ac:11:00:03","DriverOpts":null}}}}[\n]"
01:14:55.629 [Test worker] DEBUG com.github.dockerjava.zerodep.shaded.org.apache.hc.client5.http.wire - http-outgoing-2 << "[\r][\n]"
01:14:55.630 [Test worker] DEBUG com.github.dockerjava.zerodep.shaded.org.apache.hc.client5.http.wire - http-outgoing-2 << "0[\r][\n]"
01:14:55.630 [Test worker] DEBUG com.github.dockerjava.zerodep.shaded.org.apache.hc.client5.http.wire - http-outgoing-2 << "[\r][\n]"
01:14:55.630 [Test worker] DEBUG com.github.dockerjava.zerodep.shaded.org.apache.hc.client5.http.impl.classic.InternalHttpClient - ep-00000073: releasing valid endpoint
01:14:55.630 [Test worker] DEBUG com.github.dockerjava.zerodep.shaded.org.apache.hc.client5.http.impl.io.PoolingHttpClientConnectionManager - ep-00000073: releasing endpoint
01:14:55.630 [Test worker] DEBUG com.github.dockerjava.zerodep.shaded.org.apache.hc.client5.http.impl.io.PoolingHttpClientConnectionManager - ep-00000073: connection http-outgoing-2 can be kept alive for 3 MINUTES
01:14:55.630 [Test worker] DEBUG com.github.dockerjava.zerodep.shaded.org.apache.hc.client5.http.impl.io.PoolingHttpClientConnectionManager - ep-00000073: connection released [route: {}->unix://localhost:2375][total available: 1; route allocated: 1 of 2147483647; total allocated: 1 of 2147483647]
01:14:55.630 [Test worker] DEBUG ]]>&#x1f433;<![CDATA[ [mysql:latest] - Trying to create JDBC connection using com.mysql.cj.jdbc.Driver to jdbc:mysql://localhost:63819/adm_videos?useSSL=false&allowPublicKeyRetrieval=true with properties: {password=123456, user=root}
01:14:55.697 [Test worker] INFO ]]>&#x1f433;<![CDATA[ [mysql:latest] - Container is started (JDBC URL: jdbc:mysql://localhost:63819/adm_videos)
01:14:55.697 [Test worker] INFO ]]>&#x1f433;<![CDATA[ [mysql:latest] - Container mysql:latest started in PT12.536738S

  .   ____          _            __ _ _
 /\\ / ___'_ __ _ _(_)_ __  __ _ \ \ \ \
( ( )\___ | '_ | '_| | '_ \/ _` | \ \ \ \
 \\/  ___)| |_)| | | | | || (_| |  ) ) ) )
  '  |____| .__|_| |_|_| |_\__, | / / / /
 =========|_|==============|___/=/_/_/_/
 :: Spring Boot ::                (v2.7.7)

2023-03-28 01:14:55.990  INFO 75359 --- [    Test worker] c.r.a.c.e2e.category.CategoryE2ETest     : Starting CategoryE2ETest using Java 17.0.2 on RaderLeao-MacBook-Air.local with PID 75359 (started by raderleao in /Users/raderleao/src/dev/Workspace/admin-do-catalogo/infrastructure)
2023-03-28 01:14:55.991  INFO 75359 --- [    Test worker] c.r.a.c.e2e.category.CategoryE2ETest     : The following 1 profile is active: "test-e2e"
2023-03-28 01:14:56.765  INFO 75359 --- [    Test worker] .s.d.r.c.RepositoryConfigurationDelegate : Bootstrapping Spring Data JPA repositories in DEFAULT mode.
2023-03-28 01:14:56.800  INFO 75359 --- [    Test worker] .s.d.r.c.RepositoryConfigurationDelegate : Finished Spring Data repository scanning in 30 ms. Found 1 JPA repository interfaces.
2023-03-28 01:14:57.167  INFO 75359 --- [    Test worker] o.f.c.internal.license.VersionPrinter    : Flyway Community Edition 8.5.13 by Redgate
2023-03-28 01:14:57.167  INFO 75359 --- [    Test worker] o.f.c.internal.license.VersionPrinter    : See what's new here: https://flywaydb.org/documentation/learnmore/releaseNotes#8.5.13
2023-03-28 01:14:57.167  INFO 75359 --- [    Test worker] o.f.c.internal.license.VersionPrinter    : 
2023-03-28 01:14:57.173  WARN 75359 --- [    Test worker] com.zaxxer.hikari.HikariConfig           : master - idleTimeout is close to or more than maxLifetime, disabling it.
2023-03-28 01:14:57.174  INFO 75359 --- [    Test worker] com.zaxxer.hikari.HikariDataSource       : master - Starting...
2023-03-28 01:14:57.350  INFO 75359 --- [    Test worker] com.zaxxer.hikari.HikariDataSource       : master - Start completed.
2023-03-28 01:14:57.373  INFO 75359 --- [    Test worker] o.f.c.i.database.base.BaseDatabaseType   : Database: jdbc:mysql://localhost:63819/adm_videos (MySQL 8.0)
2023-03-28 01:14:57.470  INFO 75359 --- [    Test worker] o.f.core.internal.command.DbValidate     : Successfully validated 1 migration (execution time 00:00.026s)
2023-03-28 01:14:57.532  INFO 75359 --- [    Test worker] o.f.c.i.s.JdbcTableSchemaHistory         : Creating Schema History table `adm_videos`.`flyway_schema_history` ...
2023-03-28 01:14:57.670  INFO 75359 --- [    Test worker] o.f.core.internal.command.DbMigrate      : Current version of schema `adm_videos`: << Empty Schema >>
2023-03-28 01:14:57.684  INFO 75359 --- [    Test worker] o.f.core.internal.command.DbMigrate      : Migrating schema `adm_videos` to version "1 - initial"
2023-03-28 01:14:57.790  INFO 75359 --- [    Test worker] o.f.core.internal.command.DbMigrate      : Successfully applied 1 migration to schema `adm_videos`, now at version v1 (execution time 00:00.137s)
2023-03-28 01:14:58.003  INFO 75359 --- [    Test worker] o.hibernate.jpa.internal.util.LogHelper  : HHH000204: Processing PersistenceUnitInfo [name: default]
2023-03-28 01:14:58.050  INFO 75359 --- [    Test worker] org.hibernate.Version                    : HHH000412: Hibernate ORM core version 5.6.14.Final
2023-03-28 01:14:58.185  INFO 75359 --- [    Test worker] o.hibernate.annotations.common.Version   : HCANN000001: Hibernate Commons Annotations {5.1.2.Final}
2023-03-28 01:14:58.258  INFO 75359 --- [    Test worker] org.hibernate.dialect.Dialect            : HHH000400: Using dialect: org.hibernate.dialect.MySQL5InnoDBDialect
2023-03-28 01:14:58.662  INFO 75359 --- [    Test worker] o.h.e.t.j.p.i.JtaPlatformInitiator       : HHH000490: Using JtaPlatform implementation: [org.hibernate.engine.transaction.jta.platform.internal.NoJtaPlatform]
2023-03-28 01:14:58.669  INFO 75359 --- [    Test worker] j.LocalContainerEntityManagerFactoryBean : Initialized JPA EntityManagerFactory for persistence unit 'default'
2023-03-28 01:15:00.626  INFO 75359 --- [    Test worker] o.s.b.t.m.w.SpringBootMockServletContext : Initializing Spring TestDispatcherServlet ''
2023-03-28 01:15:00.627  INFO 75359 --- [    Test worker] o.s.t.web.servlet.TestDispatcherServlet  : Initializing Servlet ''
2023-03-28 01:15:00.628  INFO 75359 --- [    Test worker] o.s.t.web.servlet.TestDispatcherServlet  : Completed initialization in 1 ms
2023-03-28 01:15:00.647  INFO 75359 --- [    Test worker] c.r.a.c.e2e.category.CategoryE2ETest     : Started CategoryE2ETest in 4.921 seconds (JVM running for 19.579)
Hibernate: select categoryjp0_.id as id1_0_, categoryjp0_.active as active2_0_, categoryjp0_.created_at as created_3_0_, categoryjp0_.deleted_at as deleted_4_0_, categoryjp0_.description as descript5_0_, categoryjp0_.name as name6_0_, categoryjp0_.updated_at as updated_7_0_ from category categoryjp0_
Hibernate: select count(*) as col_0_0_ from category categoryjp0_
Hibernate: select categoryjp0_.id as id1_0_0_, categoryjp0_.active as active2_0_0_, categoryjp0_.created_at as created_3_0_0_, categoryjp0_.deleted_at as deleted_4_0_0_, categoryjp0_.description as descript5_0_0_, categoryjp0_.name as name6_0_0_, categoryjp0_.updated_at as updated_7_0_0_ from category categoryjp0_ where categoryjp0_.id=?
Hibernate: insert into category (active, created_at, deleted_at, description, name, updated_at, id) values (?, ?, ?, ?, ?, ?, ?)
Hibernate: select categoryjp0_.id as id1_0_0_, categoryjp0_.active as active2_0_0_, categoryjp0_.created_at as created_3_0_0_, categoryjp0_.deleted_at as deleted_4_0_0_, categoryjp0_.description as descript5_0_0_, categoryjp0_.name as name6_0_0_, categoryjp0_.updated_at as updated_7_0_0_ from category categoryjp0_ where categoryjp0_.id=?
Hibernate: select categoryjp0_.id as id1_0_0_, categoryjp0_.active as active2_0_0_, categoryjp0_.created_at as created_3_0_0_, categoryjp0_.deleted_at as deleted_4_0_0_, categoryjp0_.description as descript5_0_0_, categoryjp0_.name as name6_0_0_, categoryjp0_.updated_at as updated_7_0_0_ from category categoryjp0_ where categoryjp0_.id=?
Hibernate: update category set active=?, created_at=?, deleted_at=?, description=?, name=?, updated_at=? where id=?
Hibernate: select categoryjp0_.id as id1_0_0_, categoryjp0_.active as active2_0_0_, categoryjp0_.created_at as created_3_0_0_, categoryjp0_.deleted_at as deleted_4_0_0_, categoryjp0_.description as descript5_0_0_, categoryjp0_.name as name6_0_0_, categoryjp0_.updated_at as updated_7_0_0_ from category categoryjp0_ where categoryjp0_.id=?
Hibernate: select categoryjp0_.id as id1_0_, categoryjp0_.active as active2_0_, categoryjp0_.created_at as created_3_0_, categoryjp0_.deleted_at as deleted_4_0_, categoryjp0_.description as descript5_0_, categoryjp0_.name as name6_0_, categoryjp0_.updated_at as updated_7_0_ from category categoryjp0_
Hibernate: delete from category where id=?
Hibernate: select count(*) as col_0_0_ from category categoryjp0_
Hibernate: select categoryjp0_.id as id1_0_0_, categoryjp0_.active as active2_0_0_, categoryjp0_.created_at as created_3_0_0_, categoryjp0_.deleted_at as deleted_4_0_0_, categoryjp0_.description as descript5_0_0_, categoryjp0_.name as name6_0_0_, categoryjp0_.updated_at as updated_7_0_0_ from category categoryjp0_ where categoryjp0_.id=?
Hibernate: insert into category (active, created_at, deleted_at, description, name, updated_at, id) values (?, ?, ?, ?, ?, ?, ?)
Hibernate: select categoryjp0_.id as id1_0_0_, categoryjp0_.active as active2_0_0_, categoryjp0_.created_at as created_3_0_0_, categoryjp0_.deleted_at as deleted_4_0_0_, categoryjp0_.description as descript5_0_0_, categoryjp0_.name as name6_0_0_, categoryjp0_.updated_at as updated_7_0_0_ from category categoryjp0_ where categoryjp0_.id=?
Hibernate: select categoryjp0_.id as id1_0_, categoryjp0_.active as active2_0_, categoryjp0_.created_at as created_3_0_, categoryjp0_.deleted_at as deleted_4_0_, categoryjp0_.description as descript5_0_, categoryjp0_.name as name6_0_, categoryjp0_.updated_at as updated_7_0_ from category categoryjp0_
Hibernate: delete from category where id=?
Hibernate: select count(*) as col_0_0_ from category categoryjp0_
Hibernate: select categoryjp0_.id as id1_0_0_, categoryjp0_.active as active2_0_0_, categoryjp0_.created_at as created_3_0_0_, categoryjp0_.deleted_at as deleted_4_0_0_, categoryjp0_.description as descript5_0_0_, categoryjp0_.name as name6_0_0_, categoryjp0_.updated_at as updated_7_0_0_ from category categoryjp0_ where categoryjp0_.id=?
Hibernate: insert into category (active, created_at, deleted_at, description, name, updated_at, id) values (?, ?, ?, ?, ?, ?, ?)
Hibernate: select categoryjp0_.id as id1_0_0_, categoryjp0_.active as active2_0_0_, categoryjp0_.created_at as created_3_0_0_, categoryjp0_.deleted_at as deleted_4_0_0_, categoryjp0_.description as descript5_0_0_, categoryjp0_.name as name6_0_0_, categoryjp0_.updated_at as updated_7_0_0_ from category categoryjp0_ where categoryjp0_.id=?
Hibernate: insert into category (active, created_at, deleted_at, description, name, updated_at, id) values (?, ?, ?, ?, ?, ?, ?)
Hibernate: select categoryjp0_.id as id1_0_0_, categoryjp0_.active as active2_0_0_, categoryjp0_.created_at as created_3_0_0_, categoryjp0_.deleted_at as deleted_4_0_0_, categoryjp0_.description as descript5_0_0_, categoryjp0_.name as name6_0_0_, categoryjp0_.updated_at as updated_7_0_0_ from category categoryjp0_ where categoryjp0_.id=?
Hibernate: insert into category (active, created_at, deleted_at, description, name, updated_at, id) values (?, ?, ?, ?, ?, ?, ?)
Hibernate: select categoryjp0_.id as id1_0_, categoryjp0_.active as active2_0_, categoryjp0_.created_at as created_3_0_, categoryjp0_.deleted_at as deleted_4_0_, categoryjp0_.description as descript5_0_, categoryjp0_.name as name6_0_, categoryjp0_.updated_at as updated_7_0_ from category categoryjp0_ order by categoryjp0_.description desc limit ?
Hibernate: select count(categoryjp0_.id) as col_0_0_ from category categoryjp0_
Hibernate: select categoryjp0_.id as id1_0_, categoryjp0_.active as active2_0_, categoryjp0_.created_at as created_3_0_, categoryjp0_.deleted_at as deleted_4_0_, categoryjp0_.description as descript5_0_, categoryjp0_.name as name6_0_, categoryjp0_.updated_at as updated_7_0_ from category categoryjp0_
Hibernate: delete from category where id=?
Hibernate: delete from category where id=?
Hibernate: delete from category where id=?
Hibernate: select count(*) as col_0_0_ from category categoryjp0_
Hibernate: select categoryjp0_.id as id1_0_0_, categoryjp0_.active as active2_0_0_, categoryjp0_.created_at as created_3_0_0_, categoryjp0_.deleted_at as deleted_4_0_0_, categoryjp0_.description as descript5_0_0_, categoryjp0_.name as name6_0_0_, categoryjp0_.updated_at as updated_7_0_0_ from category categoryjp0_ where categoryjp0_.id=?
Hibernate: insert into category (active, created_at, deleted_at, description, name, updated_at, id) values (?, ?, ?, ?, ?, ?, ?)
Hibernate: select categoryjp0_.id as id1_0_0_, categoryjp0_.active as active2_0_0_, categoryjp0_.created_at as created_3_0_0_, categoryjp0_.deleted_at as deleted_4_0_0_, categoryjp0_.description as descript5_0_0_, categoryjp0_.name as name6_0_0_, categoryjp0_.updated_at as updated_7_0_0_ from category categoryjp0_ where categoryjp0_.id=?
Hibernate: insert into category (active, created_at, deleted_at, description, name, updated_at, id) values (?, ?, ?, ?, ?, ?, ?)
Hibernate: select categoryjp0_.id as id1_0_0_, categoryjp0_.active as active2_0_0_, categoryjp0_.created_at as created_3_0_0_, categoryjp0_.deleted_at as deleted_4_0_0_, categoryjp0_.description as descript5_0_0_, categoryjp0_.name as name6_0_0_, categoryjp0_.updated_at as updated_7_0_0_ from category categoryjp0_ where categoryjp0_.id=?
Hibernate: insert into category (active, created_at, deleted_at, description, name, updated_at, id) values (?, ?, ?, ?, ?, ?, ?)
Hibernate: select categoryjp0_.id as id1_0_, categoryjp0_.active as active2_0_, categoryjp0_.created_at as created_3_0_, categoryjp0_.deleted_at as deleted_4_0_, categoryjp0_.description as descript5_0_, categoryjp0_.name as name6_0_, categoryjp0_.updated_at as updated_7_0_ from category categoryjp0_ order by categoryjp0_.name asc limit ?
Hibernate: select count(categoryjp0_.id) as col_0_0_ from category categoryjp0_
Hibernate: select categoryjp0_.id as id1_0_, categoryjp0_.active as active2_0_, categoryjp0_.created_at as created_3_0_, categoryjp0_.deleted_at as deleted_4_0_, categoryjp0_.description as descript5_0_, categoryjp0_.name as name6_0_, categoryjp0_.updated_at as updated_7_0_ from category categoryjp0_ order by categoryjp0_.name asc limit ?, ?
Hibernate: select count(categoryjp0_.id) as col_0_0_ from category categoryjp0_
Hibernate: select categoryjp0_.id as id1_0_, categoryjp0_.active as active2_0_, categoryjp0_.created_at as created_3_0_, categoryjp0_.deleted_at as deleted_4_0_, categoryjp0_.description as descript5_0_, categoryjp0_.name as name6_0_, categoryjp0_.updated_at as updated_7_0_ from category categoryjp0_ order by categoryjp0_.name asc limit ?, ?
Hibernate: select count(categoryjp0_.id) as col_0_0_ from category categoryjp0_
Hibernate: select categoryjp0_.id as id1_0_, categoryjp0_.active as active2_0_, categoryjp0_.created_at as created_3_0_, categoryjp0_.deleted_at as deleted_4_0_, categoryjp0_.description as descript5_0_, categoryjp0_.name as name6_0_, categoryjp0_.updated_at as updated_7_0_ from category categoryjp0_ order by categoryjp0_.name asc limit ?, ?
Hibernate: select count(categoryjp0_.id) as col_0_0_ from category categoryjp0_
Hibernate: select categoryjp0_.id as id1_0_, categoryjp0_.active as active2_0_, categoryjp0_.created_at as created_3_0_, categoryjp0_.deleted_at as deleted_4_0_, categoryjp0_.description as descript5_0_, categoryjp0_.name as name6_0_, categoryjp0_.updated_at as updated_7_0_ from category categoryjp0_
Hibernate: delete from category where id=?
Hibernate: delete from category where id=?
Hibernate: delete from category where id=?
Hibernate: select count(*) as col_0_0_ from category categoryjp0_
Hibernate: select categoryjp0_.id as id1_0_0_, categoryjp0_.active as active2_0_0_, categoryjp0_.created_at as created_3_0_0_, categoryjp0_.deleted_at as deleted_4_0_0_, categoryjp0_.description as descript5_0_0_, categoryjp0_.name as name6_0_0_, categoryjp0_.updated_at as updated_7_0_0_ from category categoryjp0_ where categoryjp0_.id=?
Hibernate: insert into category (active, created_at, deleted_at, description, name, updated_at, id) values (?, ?, ?, ?, ?, ?, ?)
Hibernate: select categoryjp0_.id as id1_0_0_, categoryjp0_.active as active2_0_0_, categoryjp0_.created_at as created_3_0_0_, categoryjp0_.deleted_at as deleted_4_0_0_, categoryjp0_.description as descript5_0_0_, categoryjp0_.name as name6_0_0_, categoryjp0_.updated_at as updated_7_0_0_ from category categoryjp0_ where categoryjp0_.id=?
Hibernate: select categoryjp0_.id as id1_0_0_, categoryjp0_.active as active2_0_0_, categoryjp0_.created_at as created_3_0_0_, categoryjp0_.deleted_at as deleted_4_0_0_, categoryjp0_.description as descript5_0_0_, categoryjp0_.name as name6_0_0_, categoryjp0_.updated_at as updated_7_0_0_ from category categoryjp0_ where categoryjp0_.id=?
Hibernate: update category set active=?, created_at=?, deleted_at=?, description=?, name=?, updated_at=? where id=?
Hibernate: select categoryjp0_.id as id1_0_0_, categoryjp0_.active as active2_0_0_, categoryjp0_.created_at as created_3_0_0_, categoryjp0_.deleted_at as deleted_4_0_0_, categoryjp0_.description as descript5_0_0_, categoryjp0_.name as name6_0_0_, categoryjp0_.updated_at as updated_7_0_0_ from category categoryjp0_ where categoryjp0_.id=?
Hibernate: select categoryjp0_.id as id1_0_, categoryjp0_.active as active2_0_, categoryjp0_.created_at as created_3_0_, categoryjp0_.deleted_at as deleted_4_0_, categoryjp0_.description as descript5_0_, categoryjp0_.name as name6_0_, categoryjp0_.updated_at as updated_7_0_ from category categoryjp0_
Hibernate: delete from category where id=?
Hibernate: select count(*) as col_0_0_ from category categoryjp0_
Hibernate: select categoryjp0_.id as id1_0_0_, categoryjp0_.active as active2_0_0_, categoryjp0_.created_at as created_3_0_0_, categoryjp0_.deleted_at as deleted_4_0_0_, categoryjp0_.description as descript5_0_0_, categoryjp0_.name as name6_0_0_, categoryjp0_.updated_at as updated_7_0_0_ from category categoryjp0_ where categoryjp0_.id=?
Hibernate: insert into category (active, created_at, deleted_at, description, name, updated_at, id) values (?, ?, ?, ?, ?, ?, ?)
Hibernate: select categoryjp0_.id as id1_0_0_, categoryjp0_.active as active2_0_0_, categoryjp0_.created_at as created_3_0_0_, categoryjp0_.deleted_at as deleted_4_0_0_, categoryjp0_.description as descript5_0_0_, categoryjp0_.name as name6_0_0_, categoryjp0_.updated_at as updated_7_0_0_ from category categoryjp0_ where categoryjp0_.id=?
Hibernate: select count(*) as col_0_0_ from category categoryjp0_ where categoryjp0_.id=?
Hibernate: select categoryjp0_.id as id1_0_0_, categoryjp0_.active as active2_0_0_, categoryjp0_.created_at as created_3_0_0_, categoryjp0_.deleted_at as deleted_4_0_0_, categoryjp0_.description as descript5_0_0_, categoryjp0_.name as name6_0_0_, categoryjp0_.updated_at as updated_7_0_0_ from category categoryjp0_ where categoryjp0_.id=?
Hibernate: delete from category where id=?
Hibernate: select count(*) as col_0_0_ from category categoryjp0_ where categoryjp0_.id=?
Hibernate: select categoryjp0_.id as id1_0_, categoryjp0_.active as active2_0_, categoryjp0_.created_at as created_3_0_, categoryjp0_.deleted_at as deleted_4_0_, categoryjp0_.description as descript5_0_, categoryjp0_.name as name6_0_, categoryjp0_.updated_at as updated_7_0_ from category categoryjp0_
Hibernate: select count(*) as col_0_0_ from category categoryjp0_
Hibernate: select categoryjp0_.id as id1_0_0_, categoryjp0_.active as active2_0_0_, categoryjp0_.created_at as created_3_0_0_, categoryjp0_.deleted_at as deleted_4_0_0_, categoryjp0_.description as descript5_0_0_, categoryjp0_.name as name6_0_0_, categoryjp0_.updated_at as updated_7_0_0_ from category categoryjp0_ where categoryjp0_.id=?
Hibernate: insert into category (active, created_at, deleted_at, description, name, updated_at, id) values (?, ?, ?, ?, ?, ?, ?)
Hibernate: select categoryjp0_.id as id1_0_0_, categoryjp0_.active as active2_0_0_, categoryjp0_.created_at as created_3_0_0_, categoryjp0_.deleted_at as deleted_4_0_0_, categoryjp0_.description as descript5_0_0_, categoryjp0_.name as name6_0_0_, categoryjp0_.updated_at as updated_7_0_0_ from category categoryjp0_ where categoryjp0_.id=?
Hibernate: insert into category (active, created_at, deleted_at, description, name, updated_at, id) values (?, ?, ?, ?, ?, ?, ?)
Hibernate: select categoryjp0_.id as id1_0_0_, categoryjp0_.active as active2_0_0_, categoryjp0_.created_at as created_3_0_0_, categoryjp0_.deleted_at as deleted_4_0_0_, categoryjp0_.description as descript5_0_0_, categoryjp0_.name as name6_0_0_, categoryjp0_.updated_at as updated_7_0_0_ from category categoryjp0_ where categoryjp0_.id=?
Hibernate: insert into category (active, created_at, deleted_at, description, name, updated_at, id) values (?, ?, ?, ?, ?, ?, ?)
Hibernate: select categoryjp0_.id as id1_0_, categoryjp0_.active as active2_0_, categoryjp0_.created_at as created_3_0_, categoryjp0_.deleted_at as deleted_4_0_, categoryjp0_.description as descript5_0_, categoryjp0_.name as name6_0_, categoryjp0_.updated_at as updated_7_0_ from category categoryjp0_ where upper(categoryjp0_.name) like ? or upper(categoryjp0_.description) like ? order by categoryjp0_.name asc limit ?
Hibernate: select count(categoryjp0_.id) as col_0_0_ from category categoryjp0_ where upper(categoryjp0_.name) like ? or upper(categoryjp0_.description) like ?
Hibernate: select categoryjp0_.id as id1_0_, categoryjp0_.active as active2_0_, categoryjp0_.created_at as created_3_0_, categoryjp0_.deleted_at as deleted_4_0_, categoryjp0_.description as descript5_0_, categoryjp0_.name as name6_0_, categoryjp0_.updated_at as updated_7_0_ from category categoryjp0_
Hibernate: delete from category where id=?
Hibernate: delete from category where id=?
Hibernate: delete from category where id=?
Hibernate: select count(*) as col_0_0_ from category categoryjp0_
Hibernate: select categoryjp0_.id as id1_0_0_, categoryjp0_.active as active2_0_0_, categoryjp0_.created_at as created_3_0_0_, categoryjp0_.deleted_at as deleted_4_0_0_, categoryjp0_.description as descript5_0_0_, categoryjp0_.name as name6_0_0_, categoryjp0_.updated_at as updated_7_0_0_ from category categoryjp0_ where categoryjp0_.id=?
2023-03-28 01:15:01.845  WARN 75359 --- [    Test worker] c.f.j.m.a.s.OptimizedBeanPropertyWriter  : Disabling Afterburner serialization for class com.raderleao.admin.catalogo.infrastructure.api.controllers.GlobalExceptionHandler$ApiError (field #0; mutator com.fasterxml.jackson.module.afterburner.ser.StringMethodPropertyWriter), due to access error (type java.lang.IllegalAccessError, message=failed to access class com.raderleao.admin.catalogo.infrastructure.api.controllers.GlobalExceptionHandler$ApiError from class com.raderleao.admin.catalogo.infrastructure.api.controllers.GlobalExceptionHandler$ApiError$Access4JacksonSerializerd5513538 (com.raderleao.admin.catalogo.infrastructure.api.controllers.GlobalExceptionHandler$ApiError is in unnamed module of loader 'app'; com.raderleao.admin.catalogo.infrastructure.api.controllers.GlobalExceptionHandler$ApiError$Access4JacksonSerializerd5513538 is in unnamed module of loader com.fasterxml.jackson.module.afterburner.util.MyClassLoader @77da2881))


java.lang.IllegalAccessError: failed to access class com.raderleao.admin.catalogo.infrastructure.api.controllers.GlobalExceptionHandler$ApiError from class com.raderleao.admin.catalogo.infrastructure.api.controllers.GlobalExceptionHandler$ApiError$Access4JacksonSerializerd5513538 (com.raderleao.admin.catalogo.infrastructure.api.controllers.GlobalExceptionHandler$ApiError is in unnamed module of loader 'app'; com.raderleao.admin.catalogo.infrastructure.api.controllers.GlobalExceptionHandler$ApiError$Access4JacksonSerializerd5513538 is in unnamed module of loader com.fasterxml.jackson.module.afterburner.util.MyClassLoader @77da2881)
	at com.raderleao.admin.catalogo.infrastructure.api.controllers.GlobalExceptionHandler$ApiError$Access4JacksonSerializerd5513538.stringGetter(com/raderleao/admin/catalogo/infrastructure/api/controllers/GlobalExceptionHandler$ApiError$Access4JacksonSerializer.java) ~[na:na]
	at com.fasterxml.jackson.module.afterburner.ser.StringMethodPropertyWriter.serializeAsField(StringMethodPropertyWriter.java:44) ~[jackson-module-afterburner-2.13.1.jar:2.13.1]
	at com.fasterxml.jackson.databind.ser.std.BeanSerializerBase.serializeFields(BeanSerializerBase.java:774) ~[jackson-databind-2.13.4.2.jar:2.13.4.2]
	at com.fasterxml.jackson.databind.ser.BeanSerializer.serialize(BeanSerializer.java:178) ~[jackson-databind-2.13.4.2.jar:2.13.4.2]
	at com.fasterxml.jackson.databind.ser.DefaultSerializerProvider._serialize(DefaultSerializerProvider.java:480) ~[jackson-databind-2.13.4.2.jar:2.13.4.2]
	at com.fasterxml.jackson.databind.ser.DefaultSerializerProvider.serializeValue(DefaultSerializerProvider.java:319) ~[jackson-databind-2.13.4.2.jar:2.13.4.2]
	at com.fasterxml.jackson.databind.ObjectWriter$Prefetch.serialize(ObjectWriter.java:1518) ~[jackson-databind-2.13.4.2.jar:2.13.4.2]
	at com.fasterxml.jackson.databind.ObjectWriter.writeValue(ObjectWriter.java:1007) ~[jackson-databind-2.13.4.2.jar:2.13.4.2]
	at org.springframework.http.converter.json.AbstractJackson2HttpMessageConverter.writeInternal(AbstractJackson2HttpMessageConverter.java:456) ~[spring-web-5.3.24.jar:5.3.24]
	at org.springframework.http.converter.AbstractGenericHttpMessageConverter.write(AbstractGenericHttpMessageConverter.java:104) ~[spring-web-5.3.24.jar:5.3.24]
	at org.springframework.web.servlet.mvc.method.annotation.AbstractMessageConverterMethodProcessor.writeWithMessageConverters(AbstractMessageConverterMethodProcessor.java:290) ~[spring-webmvc-5.3.24.jar:5.3.24]
	at org.springframework.web.servlet.mvc.method.annotation.HttpEntityMethodProcessor.handleReturnValue(HttpEntityMethodProcessor.java:219) ~[spring-webmvc-5.3.24.jar:5.3.24]
	at org.springframework.web.method.support.HandlerMethodReturnValueHandlerComposite.handleReturnValue(HandlerMethodReturnValueHandlerComposite.java:78) ~[spring-web-5.3.24.jar:5.3.24]
	at org.springframework.web.servlet.mvc.method.annotation.ServletInvocableHandlerMethod.invokeAndHandle(ServletInvocableHandlerMethod.java:135) ~[spring-webmvc-5.3.24.jar:5.3.24]
	at org.springframework.web.servlet.mvc.method.annotation.ExceptionHandlerExceptionResolver.doResolveHandlerMethodException(ExceptionHandlerExceptionResolver.java:428) ~[spring-webmvc-5.3.24.jar:5.3.24]
	at org.springframework.web.servlet.handler.AbstractHandlerMethodExceptionResolver.doResolveException(AbstractHandlerMethodExceptionResolver.java:75) ~[spring-webmvc-5.3.24.jar:5.3.24]
	at org.springframework.web.servlet.handler.AbstractHandlerExceptionResolver.resolveException(AbstractHandlerExceptionResolver.java:142) ~[spring-webmvc-5.3.24.jar:5.3.24]
	at org.springframework.web.servlet.handler.HandlerExceptionResolverComposite.resolveException(HandlerExceptionResolverComposite.java:80) ~[spring-webmvc-5.3.24.jar:5.3.24]
	at org.springframework.web.servlet.DispatcherServlet.processHandlerException(DispatcherServlet.java:1331) ~[spring-webmvc-5.3.24.jar:5.3.24]
	at org.springframework.test.web.servlet.TestDispatcherServlet.processHandlerException(TestDispatcherServlet.java:144) ~[spring-test-5.3.24.jar:5.3.24]
	at org.springframework.web.servlet.DispatcherServlet.processDispatchResult(DispatcherServlet.java:1142) ~[spring-webmvc-5.3.24.jar:5.3.24]
	at org.springframework.web.servlet.DispatcherServlet.doDispatch(DispatcherServlet.java:1088) ~[spring-webmvc-5.3.24.jar:5.3.24]
	at org.springframework.web.servlet.DispatcherServlet.doService(DispatcherServlet.java:964) ~[spring-webmvc-5.3.24.jar:5.3.24]
	at org.springframework.web.servlet.FrameworkServlet.processRequest(FrameworkServlet.java:1006) ~[spring-webmvc-5.3.24.jar:5.3.24]
	at org.springframework.web.servlet.FrameworkServlet.doGet(FrameworkServlet.java:898) ~[spring-webmvc-5.3.24.jar:5.3.24]
	at javax.servlet.http.HttpServlet.service(HttpServlet.java:497) ~[jakarta.servlet-api-4.0.4.jar:4.0.4]
	at org.springframework.web.servlet.FrameworkServlet.service(FrameworkServlet.java:883) ~[spring-webmvc-5.3.24.jar:5.3.24]
	at org.springframework.test.web.servlet.TestDispatcherServlet.service(TestDispatcherServlet.java:72) ~[spring-test-5.3.24.jar:5.3.24]
	at javax.servlet.http.HttpServlet.service(HttpServlet.java:584) ~[jakarta.servlet-api-4.0.4.jar:4.0.4]
	at org.springframework.mock.web.MockFilterChain$ServletFilterProxy.doFilter(MockFilterChain.java:167) ~[spring-test-5.3.24.jar:5.3.24]
	at org.springframework.mock.web.MockFilterChain.doFilter(MockFilterChain.java:134) ~[spring-test-5.3.24.jar:5.3.24]
	at org.springframework.web.filter.RequestContextFilter.doFilterInternal(RequestContextFilter.java:100) ~[spring-web-5.3.24.jar:5.3.24]
	at org.springframework.web.filter.OncePerRequestFilter.doFilter(OncePerRequestFilter.java:117) ~[spring-web-5.3.24.jar:5.3.24]
	at org.springframework.mock.web.MockFilterChain.doFilter(MockFilterChain.java:134) ~[spring-test-5.3.24.jar:5.3.24]
	at org.springframework.web.filter.FormContentFilter.doFilterInternal(FormContentFilter.java:93) ~[spring-web-5.3.24.jar:5.3.24]
	at org.springframework.web.filter.OncePerRequestFilter.doFilter(OncePerRequestFilter.java:117) ~[spring-web-5.3.24.jar:5.3.24]
	at org.springframework.mock.web.MockFilterChain.doFilter(MockFilterChain.java:134) ~[spring-test-5.3.24.jar:5.3.24]
	at org.springframework.web.filter.CharacterEncodingFilter.doFilterInternal(CharacterEncodingFilter.java:201) ~[spring-web-5.3.24.jar:5.3.24]
	at org.springframework.web.filter.OncePerRequestFilter.doFilter(OncePerRequestFilter.java:117) ~[spring-web-5.3.24.jar:5.3.24]
	at org.springframework.mock.web.MockFilterChain.doFilter(MockFilterChain.java:134) ~[spring-test-5.3.24.jar:5.3.24]
	at org.springframework.test.web.servlet.MockMvc.perform(MockMvc.java:201) ~[spring-test-5.3.24.jar:5.3.24]
	at com.raderleao.admin.catalogo.e2e.category.CategoryE2ETest.asACatalogAdminIShouldBeAbleToSeeATreatedErrorByGettingAnotFoundCategory(CategoryE2ETest.java:179) ~[test/:na]
	at java.base/jdk.internal.reflect.NativeMethodAccessorImpl.invoke0(Native Method) ~[na:na]
	at java.base/jdk.internal.reflect.NativeMethodAccessorImpl.invoke(NativeMethodAccessorImpl.java:77) ~[na:na]
	at java.base/jdk.internal.reflect.DelegatingMethodAccessorImpl.invoke(DelegatingMethodAccessorImpl.java:43) ~[na:na]
	at java.base/java.lang.reflect.Method.invoke(Method.java:568) ~[na:na]
	at org.junit.platform.commons.util.ReflectionUtils.invokeMethod(ReflectionUtils.java:725) ~[junit-platform-commons-1.8.2.jar:1.8.2]
	at org.junit.jupiter.engine.execution.MethodInvocation.proceed(MethodInvocation.java:60) ~[junit-jupiter-engine-5.8.2.jar:5.8.2]
	at org.junit.jupiter.engine.execution.InvocationInterceptorChain$ValidatingInvocation.proceed(InvocationInterceptorChain.java:131) ~[junit-jupiter-engine-5.8.2.jar:5.8.2]
	at org.junit.jupiter.engine.extension.TimeoutExtension.intercept(TimeoutExtension.java:149) ~[junit-jupiter-engine-5.8.2.jar:5.8.2]
	at org.junit.jupiter.engine.extension.TimeoutExtension.interceptTestableMethod(TimeoutExtension.java:140) ~[junit-jupiter-engine-5.8.2.jar:5.8.2]
	at org.junit.jupiter.engine.extension.TimeoutExtension.interceptTestMethod(TimeoutExtension.java:84) ~[junit-jupiter-engine-5.8.2.jar:5.8.2]
	at org.junit.jupiter.engine.execution.ExecutableInvoker$ReflectiveInterceptorCall.lambda$ofVoidMethod$0(ExecutableInvoker.java:115) ~[junit-jupiter-engine-5.8.2.jar:5.8.2]
	at org.junit.jupiter.engine.execution.ExecutableInvoker.lambda$invoke$0(ExecutableInvoker.java:105) ~[junit-jupiter-engine-5.8.2.jar:5.8.2]
	at org.junit.jupiter.engine.execution.InvocationInterceptorChain$InterceptedInvocation.proceed(InvocationInterceptorChain.java:106) ~[junit-jupiter-engine-5.8.2.jar:5.8.2]
	at org.junit.jupiter.engine.execution.InvocationInterceptorChain.proceed(InvocationInterceptorChain.java:64) ~[junit-jupiter-engine-5.8.2.jar:5.8.2]
	at org.junit.jupiter.engine.execution.InvocationInterceptorChain.chainAndInvoke(InvocationInterceptorChain.java:45) ~[junit-jupiter-engine-5.8.2.jar:5.8.2]
	at org.junit.jupiter.engine.execution.InvocationInterceptorChain.invoke(InvocationInterceptorChain.java:37) ~[junit-jupiter-engine-5.8.2.jar:5.8.2]
	at org.junit.jupiter.engine.execution.ExecutableInvoker.invoke(ExecutableInvoker.java:104) ~[junit-jupiter-engine-5.8.2.jar:5.8.2]
	at org.junit.jupiter.engine.execution.ExecutableInvoker.invoke(ExecutableInvoker.java:98) ~[junit-jupiter-engine-5.8.2.jar:5.8.2]
	at org.junit.jupiter.engine.descriptor.TestMethodTestDescriptor.lambda$invokeTestMethod$7(TestMethodTestDescriptor.java:214) ~[junit-jupiter-engine-5.8.2.jar:5.8.2]
	at org.junit.platform.engine.support.hierarchical.ThrowableCollector.execute(ThrowableCollector.java:73) ~[junit-platform-engine-1.8.2.jar:1.8.2]
	at org.junit.jupiter.engine.descriptor.TestMethodTestDescriptor.invokeTestMethod(TestMethodTestDescriptor.java:210) ~[junit-jupiter-engine-5.8.2.jar:5.8.2]
	at org.junit.jupiter.engine.descriptor.TestMethodTestDescriptor.execute(TestMethodTestDescriptor.java:135) ~[junit-jupiter-engine-5.8.2.jar:5.8.2]
	at org.junit.jupiter.engine.descriptor.TestMethodTestDescriptor.execute(TestMethodTestDescriptor.java:66) ~[junit-jupiter-engine-5.8.2.jar:5.8.2]
	at org.junit.platform.engine.support.hierarchical.NodeTestTask.lambda$executeRecursively$6(NodeTestTask.java:151) ~[junit-platform-engine-1.8.2.jar:1.8.2]
	at org.junit.platform.engine.support.hierarchical.ThrowableCollector.execute(ThrowableCollector.java:73) ~[junit-platform-engine-1.8.2.jar:1.8.2]
	at org.junit.platform.engine.support.hierarchical.NodeTestTask.lambda$executeRecursively$8(NodeTestTask.java:141) ~[junit-platform-engine-1.8.2.jar:1.8.2]
	at org.junit.platform.engine.support.hierarchical.Node.around(Node.java:137) ~[junit-platform-engine-1.8.2.jar:1.8.2]
	at org.junit.platform.engine.support.hierarchical.NodeTestTask.lambda$executeRecursively$9(NodeTestTask.java:139) ~[junit-platform-engine-1.8.2.jar:1.8.2]
	at org.junit.platform.engine.support.hierarchical.ThrowableCollector.execute(ThrowableCollector.java:73) ~[junit-platform-engine-1.8.2.jar:1.8.2]
	at org.junit.platform.engine.support.hierarchical.NodeTestTask.executeRecursively(NodeTestTask.java:138) ~[junit-platform-engine-1.8.2.jar:1.8.2]
	at org.junit.platform.engine.support.hierarchical.NodeTestTask.execute(NodeTestTask.java:95) ~[junit-platform-engine-1.8.2.jar:1.8.2]
	at java.base/java.util.ArrayList.forEach(ArrayList.java:1511) ~[na:na]
	at org.junit.platform.engine.support.hierarchical.SameThreadHierarchicalTestExecutorService.invokeAll(SameThreadHierarchicalTestExecutorService.java:41) ~[junit-platform-engine-1.8.2.jar:1.8.2]
	at org.junit.platform.engine.support.hierarchical.NodeTestTask.lambda$executeRecursively$6(NodeTestTask.java:155) ~[junit-platform-engine-1.8.2.jar:1.8.2]
	at org.junit.platform.engine.support.hierarchical.ThrowableCollector.execute(ThrowableCollector.java:73) ~[junit-platform-engine-1.8.2.jar:1.8.2]
	at org.junit.platform.engine.support.hierarchical.NodeTestTask.lambda$executeRecursively$8(NodeTestTask.java:141) ~[junit-platform-engine-1.8.2.jar:1.8.2]
	at org.junit.platform.engine.support.hierarchical.Node.around(Node.java:137) ~[junit-platform-engine-1.8.2.jar:1.8.2]
	at org.junit.platform.engine.support.hierarchical.NodeTestTask.lambda$executeRecursively$9(NodeTestTask.java:139) ~[junit-platform-engine-1.8.2.jar:1.8.2]
	at org.junit.platform.engine.support.hierarchical.ThrowableCollector.execute(ThrowableCollector.java:73) ~[junit-platform-engine-1.8.2.jar:1.8.2]
	at org.junit.platform.engine.support.hierarchical.NodeTestTask.executeRecursively(NodeTestTask.java:138) ~[junit-platform-engine-1.8.2.jar:1.8.2]
	at org.junit.platform.engine.support.hierarchical.NodeTestTask.execute(NodeTestTask.java:95) ~[junit-platform-engine-1.8.2.jar:1.8.2]
	at java.base/java.util.ArrayList.forEach(ArrayList.java:1511) ~[na:na]
	at org.junit.platform.engine.support.hierarchical.SameThreadHierarchicalTestExecutorService.invokeAll(SameThreadHierarchicalTestExecutorService.java:41) ~[junit-platform-engine-1.8.2.jar:1.8.2]
	at org.junit.platform.engine.support.hierarchical.NodeTestTask.lambda$executeRecursively$6(NodeTestTask.java:155) ~[junit-platform-engine-1.8.2.jar:1.8.2]
	at org.junit.platform.engine.support.hierarchical.ThrowableCollector.execute(ThrowableCollector.java:73) ~[junit-platform-engine-1.8.2.jar:1.8.2]
	at org.junit.platform.engine.support.hierarchical.NodeTestTask.lambda$executeRecursively$8(NodeTestTask.java:141) ~[junit-platform-engine-1.8.2.jar:1.8.2]
	at org.junit.platform.engine.support.hierarchical.Node.around(Node.java:137) ~[junit-platform-engine-1.8.2.jar:1.8.2]
	at org.junit.platform.engine.support.hierarchical.NodeTestTask.lambda$executeRecursively$9(NodeTestTask.java:139) ~[junit-platform-engine-1.8.2.jar:1.8.2]
	at org.junit.platform.engine.support.hierarchical.ThrowableCollector.execute(ThrowableCollector.java:73) ~[junit-platform-engine-1.8.2.jar:1.8.2]
	at org.junit.platform.engine.support.hierarchical.NodeTestTask.executeRecursively(NodeTestTask.java:138) ~[junit-platform-engine-1.8.2.jar:1.8.2]
	at org.junit.platform.engine.support.hierarchical.NodeTestTask.execute(NodeTestTask.java:95) ~[junit-platform-engine-1.8.2.jar:1.8.2]
	at org.junit.platform.engine.support.hierarchical.SameThreadHierarchicalTestExecutorService.submit(SameThreadHierarchicalTestExecutorService.java:35) ~[junit-platform-engine-1.8.2.jar:1.8.2]
	at org.junit.platform.engine.support.hierarchical.HierarchicalTestExecutor.execute(HierarchicalTestExecutor.java:57) ~[junit-platform-engine-1.8.2.jar:1.8.2]
	at org.junit.platform.engine.support.hierarchical.HierarchicalTestEngine.execute(HierarchicalTestEngine.java:54) ~[junit-platform-engine-1.8.2.jar:1.8.2]
	at org.junit.platform.launcher.core.EngineExecutionOrchestrator.execute(EngineExecutionOrchestrator.java:107) ~[na:na]
	at org.junit.platform.launcher.core.EngineExecutionOrchestrator.execute(EngineExecutionOrchestrator.java:88) ~[na:na]
	at org.junit.platform.launcher.core.EngineExecutionOrchestrator.lambda$execute$0(EngineExecutionOrchestrator.java:54) ~[na:na]
	at org.junit.platform.launcher.core.EngineExecutionOrchestrator.withInterceptedStreams(EngineExecutionOrchestrator.java:67) ~[na:na]
	at org.junit.platform.launcher.core.EngineExecutionOrchestrator.execute(EngineExecutionOrchestrator.java:52) ~[na:na]
	at org.junit.platform.launcher.core.DefaultLauncher.execute(DefaultLauncher.java:114) ~[na:na]
	at org.junit.platform.launcher.core.DefaultLauncher.execute(DefaultLauncher.java:86) ~[na:na]
	at org.junit.platform.launcher.core.DefaultLauncherSession$DelegatingLauncher.execute(DefaultLauncherSession.java:86) ~[na:na]
	at org.junit.platform.launcher.core.SessionPerRequestLauncher.execute(SessionPerRequestLauncher.java:53) ~[na:na]
	at org.gradle.api.internal.tasks.testing.junitplatform.JUnitPlatformTestClassProcessor$CollectAllTestClassesExecutor.processAllTestClasses(JUnitPlatformTestClassProcessor.java:99) ~[na:na]
	at org.gradle.api.internal.tasks.testing.junitplatform.JUnitPlatformTestClassProcessor$CollectAllTestClassesExecutor.access$000(JUnitPlatformTestClassProcessor.java:79) ~[na:na]
	at org.gradle.api.internal.tasks.testing.junitplatform.JUnitPlatformTestClassProcessor.stop(JUnitPlatformTestClassProcessor.java:75) ~[na:na]
	at org.gradle.api.internal.tasks.testing.SuiteTestClassProcessor.stop(SuiteTestClassProcessor.java:62) ~[na:na]
	at java.base/jdk.internal.reflect.NativeMethodAccessorImpl.invoke0(Native Method) ~[na:na]
	at java.base/jdk.internal.reflect.NativeMethodAccessorImpl.invoke(NativeMethodAccessorImpl.java:77) ~[na:na]
	at java.base/jdk.internal.reflect.DelegatingMethodAccessorImpl.invoke(DelegatingMethodAccessorImpl.java:43) ~[na:na]
	at java.base/java.lang.reflect.Method.invoke(Method.java:568) ~[na:na]
	at org.gradle.internal.dispatch.ReflectionDispatch.dispatch(ReflectionDispatch.java:36) ~[na:na]
	at org.gradle.internal.dispatch.ReflectionDispatch.dispatch(ReflectionDispatch.java:24) ~[na:na]
	at org.gradle.internal.dispatch.ContextClassLoaderDispatch.dispatch(ContextClassLoaderDispatch.java:33) ~[na:na]
	at org.gradle.internal.dispatch.ProxyDispatchAdapter$DispatchingInvocationHandler.invoke(ProxyDispatchAdapter.java:94) ~[na:na]
	at jdk.proxy1/jdk.proxy1.$Proxy2.stop(Unknown Source) ~[na:na]
	at org.gradle.api.internal.tasks.testing.worker.TestWorker$3.run(TestWorker.java:193) ~[na:na]
	at org.gradle.api.internal.tasks.testing.worker.TestWorker.executeAndMaintainThreadName(TestWorker.java:129) ~[na:na]
	at org.gradle.api.internal.tasks.testing.worker.TestWorker.execute(TestWorker.java:100) ~[na:na]
	at org.gradle.api.internal.tasks.testing.worker.TestWorker.execute(TestWorker.java:60) ~[na:na]
	at org.gradle.process.internal.worker.child.ActionExecutionWorker.execute(ActionExecutionWorker.java:56) ~[na:na]
	at org.gradle.process.internal.worker.child.SystemApplicationClassLoaderWorker.call(SystemApplicationClassLoaderWorker.java:113) ~[na:na]
	at org.gradle.process.internal.worker.child.SystemApplicationClassLoaderWorker.call(SystemApplicationClassLoaderWorker.java:65) ~[na:na]
	at worker.org.gradle.process.internal.worker.GradleWorkerMain.run(GradleWorkerMain.java:69) ~[gradle-worker.jar:na]
	at worker.org.gradle.process.internal.worker.GradleWorkerMain.main(GradleWorkerMain.java:74) ~[gradle-worker.jar:na]

2023-03-28 01:15:01.850  WARN 75359 --- [    Test worker] c.f.j.m.a.s.OptimizedBeanPropertyWriter  : Disabling Afterburner serialization for class com.raderleao.admin.catalogo.infrastructure.api.controllers.GlobalExceptionHandler$ApiError (field #0; mutator com.fasterxml.jackson.module.afterburner.ser.ObjectMethodPropertyWriter), due to access error (type java.lang.IllegalAccessError, message=failed to access class com.raderleao.admin.catalogo.infrastructure.api.controllers.GlobalExceptionHandler$ApiError from class com.raderleao.admin.catalogo.infrastructure.api.controllers.GlobalExceptionHandler$ApiError$Access4JacksonSerializerd5513538 (com.raderleao.admin.catalogo.infrastructure.api.controllers.GlobalExceptionHandler$ApiError is in unnamed module of loader 'app'; com.raderleao.admin.catalogo.infrastructure.api.controllers.GlobalExceptionHandler$ApiError$Access4JacksonSerializerd5513538 is in unnamed module of loader com.fasterxml.jackson.module.afterburner.util.MyClassLoader @77da2881))


java.lang.IllegalAccessError: failed to access class com.raderleao.admin.catalogo.infrastructure.api.controllers.GlobalExceptionHandler$ApiError from class com.raderleao.admin.catalogo.infrastructure.api.controllers.GlobalExceptionHandler$ApiError$Access4JacksonSerializerd5513538 (com.raderleao.admin.catalogo.infrastructure.api.controllers.GlobalExceptionHandler$ApiError is in unnamed module of loader 'app'; com.raderleao.admin.catalogo.infrastructure.api.controllers.GlobalExceptionHandler$ApiError$Access4JacksonSerializerd5513538 is in unnamed module of loader com.fasterxml.jackson.module.afterburner.util.MyClassLoader @77da2881)
	at com.raderleao.admin.catalogo.infrastructure.api.controllers.GlobalExceptionHandler$ApiError$Access4JacksonSerializerd5513538.objectGetter(com/raderleao/admin/catalogo/infrastructure/api/controllers/GlobalExceptionHandler$ApiError$Access4JacksonSerializer.java) ~[na:na]
	at com.fasterxml.jackson.module.afterburner.ser.ObjectMethodPropertyWriter.serializeAsField(ObjectMethodPropertyWriter.java:45) ~[jackson-module-afterburner-2.13.1.jar:2.13.1]
	at com.fasterxml.jackson.databind.ser.std.BeanSerializerBase.serializeFields(BeanSerializerBase.java:774) ~[jackson-databind-2.13.4.2.jar:2.13.4.2]
	at com.fasterxml.jackson.databind.ser.BeanSerializer.serialize(BeanSerializer.java:178) ~[jackson-databind-2.13.4.2.jar:2.13.4.2]
	at com.fasterxml.jackson.databind.ser.DefaultSerializerProvider._serialize(DefaultSerializerProvider.java:480) ~[jackson-databind-2.13.4.2.jar:2.13.4.2]
	at com.fasterxml.jackson.databind.ser.DefaultSerializerProvider.serializeValue(DefaultSerializerProvider.java:319) ~[jackson-databind-2.13.4.2.jar:2.13.4.2]
	at com.fasterxml.jackson.databind.ObjectWriter$Prefetch.serialize(ObjectWriter.java:1518) ~[jackson-databind-2.13.4.2.jar:2.13.4.2]
	at com.fasterxml.jackson.databind.ObjectWriter.writeValue(ObjectWriter.java:1007) ~[jackson-databind-2.13.4.2.jar:2.13.4.2]
	at org.springframework.http.converter.json.AbstractJackson2HttpMessageConverter.writeInternal(AbstractJackson2HttpMessageConverter.java:456) ~[spring-web-5.3.24.jar:5.3.24]
	at org.springframework.http.converter.AbstractGenericHttpMessageConverter.write(AbstractGenericHttpMessageConverter.java:104) ~[spring-web-5.3.24.jar:5.3.24]
	at org.springframework.web.servlet.mvc.method.annotation.AbstractMessageConverterMethodProcessor.writeWithMessageConverters(AbstractMessageConverterMethodProcessor.java:290) ~[spring-webmvc-5.3.24.jar:5.3.24]
	at org.springframework.web.servlet.mvc.method.annotation.HttpEntityMethodProcessor.handleReturnValue(HttpEntityMethodProcessor.java:219) ~[spring-webmvc-5.3.24.jar:5.3.24]
	at org.springframework.web.method.support.HandlerMethodReturnValueHandlerComposite.handleReturnValue(HandlerMethodReturnValueHandlerComposite.java:78) ~[spring-web-5.3.24.jar:5.3.24]
	at org.springframework.web.servlet.mvc.method.annotation.ServletInvocableHandlerMethod.invokeAndHandle(ServletInvocableHandlerMethod.java:135) ~[spring-webmvc-5.3.24.jar:5.3.24]
	at org.springframework.web.servlet.mvc.method.annotation.ExceptionHandlerExceptionResolver.doResolveHandlerMethodException(ExceptionHandlerExceptionResolver.java:428) ~[spring-webmvc-5.3.24.jar:5.3.24]
	at org.springframework.web.servlet.handler.AbstractHandlerMethodExceptionResolver.doResolveException(AbstractHandlerMethodExceptionResolver.java:75) ~[spring-webmvc-5.3.24.jar:5.3.24]
	at org.springframework.web.servlet.handler.AbstractHandlerExceptionResolver.resolveException(AbstractHandlerExceptionResolver.java:142) ~[spring-webmvc-5.3.24.jar:5.3.24]
	at org.springframework.web.servlet.handler.HandlerExceptionResolverComposite.resolveException(HandlerExceptionResolverComposite.java:80) ~[spring-webmvc-5.3.24.jar:5.3.24]
	at org.springframework.web.servlet.DispatcherServlet.processHandlerException(DispatcherServlet.java:1331) ~[spring-webmvc-5.3.24.jar:5.3.24]
	at org.springframework.test.web.servlet.TestDispatcherServlet.processHandlerException(TestDispatcherServlet.java:144) ~[spring-test-5.3.24.jar:5.3.24]
	at org.springframework.web.servlet.DispatcherServlet.processDispatchResult(DispatcherServlet.java:1142) ~[spring-webmvc-5.3.24.jar:5.3.24]
	at org.springframework.web.servlet.DispatcherServlet.doDispatch(DispatcherServlet.java:1088) ~[spring-webmvc-5.3.24.jar:5.3.24]
	at org.springframework.web.servlet.DispatcherServlet.doService(DispatcherServlet.java:964) ~[spring-webmvc-5.3.24.jar:5.3.24]
	at org.springframework.web.servlet.FrameworkServlet.processRequest(FrameworkServlet.java:1006) ~[spring-webmvc-5.3.24.jar:5.3.24]
	at org.springframework.web.servlet.FrameworkServlet.doGet(FrameworkServlet.java:898) ~[spring-webmvc-5.3.24.jar:5.3.24]
	at javax.servlet.http.HttpServlet.service(HttpServlet.java:497) ~[jakarta.servlet-api-4.0.4.jar:4.0.4]
	at org.springframework.web.servlet.FrameworkServlet.service(FrameworkServlet.java:883) ~[spring-webmvc-5.3.24.jar:5.3.24]
	at org.springframework.test.web.servlet.TestDispatcherServlet.service(TestDispatcherServlet.java:72) ~[spring-test-5.3.24.jar:5.3.24]
	at javax.servlet.http.HttpServlet.service(HttpServlet.java:584) ~[jakarta.servlet-api-4.0.4.jar:4.0.4]
	at org.springframework.mock.web.MockFilterChain$ServletFilterProxy.doFilter(MockFilterChain.java:167) ~[spring-test-5.3.24.jar:5.3.24]
	at org.springframework.mock.web.MockFilterChain.doFilter(MockFilterChain.java:134) ~[spring-test-5.3.24.jar:5.3.24]
	at org.springframework.web.filter.RequestContextFilter.doFilterInternal(RequestContextFilter.java:100) ~[spring-web-5.3.24.jar:5.3.24]
	at org.springframework.web.filter.OncePerRequestFilter.doFilter(OncePerRequestFilter.java:117) ~[spring-web-5.3.24.jar:5.3.24]
	at org.springframework.mock.web.MockFilterChain.doFilter(MockFilterChain.java:134) ~[spring-test-5.3.24.jar:5.3.24]
	at org.springframework.web.filter.FormContentFilter.doFilterInternal(FormContentFilter.java:93) ~[spring-web-5.3.24.jar:5.3.24]
	at org.springframework.web.filter.OncePerRequestFilter.doFilter(OncePerRequestFilter.java:117) ~[spring-web-5.3.24.jar:5.3.24]
	at org.springframework.mock.web.MockFilterChain.doFilter(MockFilterChain.java:134) ~[spring-test-5.3.24.jar:5.3.24]
	at org.springframework.web.filter.CharacterEncodingFilter.doFilterInternal(CharacterEncodingFilter.java:201) ~[spring-web-5.3.24.jar:5.3.24]
	at org.springframework.web.filter.OncePerRequestFilter.doFilter(OncePerRequestFilter.java:117) ~[spring-web-5.3.24.jar:5.3.24]
	at org.springframework.mock.web.MockFilterChain.doFilter(MockFilterChain.java:134) ~[spring-test-5.3.24.jar:5.3.24]
	at org.springframework.test.web.servlet.MockMvc.perform(MockMvc.java:201) ~[spring-test-5.3.24.jar:5.3.24]
	at com.raderleao.admin.catalogo.e2e.category.CategoryE2ETest.asACatalogAdminIShouldBeAbleToSeeATreatedErrorByGettingAnotFoundCategory(CategoryE2ETest.java:179) ~[test/:na]
	at java.base/jdk.internal.reflect.NativeMethodAccessorImpl.invoke0(Native Method) ~[na:na]
	at java.base/jdk.internal.reflect.NativeMethodAccessorImpl.invoke(NativeMethodAccessorImpl.java:77) ~[na:na]
	at java.base/jdk.internal.reflect.DelegatingMethodAccessorImpl.invoke(DelegatingMethodAccessorImpl.java:43) ~[na:na]
	at java.base/java.lang.reflect.Method.invoke(Method.java:568) ~[na:na]
	at org.junit.platform.commons.util.ReflectionUtils.invokeMethod(ReflectionUtils.java:725) ~[junit-platform-commons-1.8.2.jar:1.8.2]
	at org.junit.jupiter.engine.execution.MethodInvocation.proceed(MethodInvocation.java:60) ~[junit-jupiter-engine-5.8.2.jar:5.8.2]
	at org.junit.jupiter.engine.execution.InvocationInterceptorChain$ValidatingInvocation.proceed(InvocationInterceptorChain.java:131) ~[junit-jupiter-engine-5.8.2.jar:5.8.2]
	at org.junit.jupiter.engine.extension.TimeoutExtension.intercept(TimeoutExtension.java:149) ~[junit-jupiter-engine-5.8.2.jar:5.8.2]
	at org.junit.jupiter.engine.extension.TimeoutExtension.interceptTestableMethod(TimeoutExtension.java:140) ~[junit-jupiter-engine-5.8.2.jar:5.8.2]
	at org.junit.jupiter.engine.extension.TimeoutExtension.interceptTestMethod(TimeoutExtension.java:84) ~[junit-jupiter-engine-5.8.2.jar:5.8.2]
	at org.junit.jupiter.engine.execution.ExecutableInvoker$ReflectiveInterceptorCall.lambda$ofVoidMethod$0(ExecutableInvoker.java:115) ~[junit-jupiter-engine-5.8.2.jar:5.8.2]
	at org.junit.jupiter.engine.execution.ExecutableInvoker.lambda$invoke$0(ExecutableInvoker.java:105) ~[junit-jupiter-engine-5.8.2.jar:5.8.2]
	at org.junit.jupiter.engine.execution.InvocationInterceptorChain$InterceptedInvocation.proceed(InvocationInterceptorChain.java:106) ~[junit-jupiter-engine-5.8.2.jar:5.8.2]
	at org.junit.jupiter.engine.execution.InvocationInterceptorChain.proceed(InvocationInterceptorChain.java:64) ~[junit-jupiter-engine-5.8.2.jar:5.8.2]
	at org.junit.jupiter.engine.execution.InvocationInterceptorChain.chainAndInvoke(InvocationInterceptorChain.java:45) ~[junit-jupiter-engine-5.8.2.jar:5.8.2]
	at org.junit.jupiter.engine.execution.InvocationInterceptorChain.invoke(InvocationInterceptorChain.java:37) ~[junit-jupiter-engine-5.8.2.jar:5.8.2]
	at org.junit.jupiter.engine.execution.ExecutableInvoker.invoke(ExecutableInvoker.java:104) ~[junit-jupiter-engine-5.8.2.jar:5.8.2]
	at org.junit.jupiter.engine.execution.ExecutableInvoker.invoke(ExecutableInvoker.java:98) ~[junit-jupiter-engine-5.8.2.jar:5.8.2]
	at org.junit.jupiter.engine.descriptor.TestMethodTestDescriptor.lambda$invokeTestMethod$7(TestMethodTestDescriptor.java:214) ~[junit-jupiter-engine-5.8.2.jar:5.8.2]
	at org.junit.platform.engine.support.hierarchical.ThrowableCollector.execute(ThrowableCollector.java:73) ~[junit-platform-engine-1.8.2.jar:1.8.2]
	at org.junit.jupiter.engine.descriptor.TestMethodTestDescriptor.invokeTestMethod(TestMethodTestDescriptor.java:210) ~[junit-jupiter-engine-5.8.2.jar:5.8.2]
	at org.junit.jupiter.engine.descriptor.TestMethodTestDescriptor.execute(TestMethodTestDescriptor.java:135) ~[junit-jupiter-engine-5.8.2.jar:5.8.2]
	at org.junit.jupiter.engine.descriptor.TestMethodTestDescriptor.execute(TestMethodTestDescriptor.java:66) ~[junit-jupiter-engine-5.8.2.jar:5.8.2]
	at org.junit.platform.engine.support.hierarchical.NodeTestTask.lambda$executeRecursively$6(NodeTestTask.java:151) ~[junit-platform-engine-1.8.2.jar:1.8.2]
	at org.junit.platform.engine.support.hierarchical.ThrowableCollector.execute(ThrowableCollector.java:73) ~[junit-platform-engine-1.8.2.jar:1.8.2]
	at org.junit.platform.engine.support.hierarchical.NodeTestTask.lambda$executeRecursively$8(NodeTestTask.java:141) ~[junit-platform-engine-1.8.2.jar:1.8.2]
	at org.junit.platform.engine.support.hierarchical.Node.around(Node.java:137) ~[junit-platform-engine-1.8.2.jar:1.8.2]
	at org.junit.platform.engine.support.hierarchical.NodeTestTask.lambda$executeRecursively$9(NodeTestTask.java:139) ~[junit-platform-engine-1.8.2.jar:1.8.2]
	at org.junit.platform.engine.support.hierarchical.ThrowableCollector.execute(ThrowableCollector.java:73) ~[junit-platform-engine-1.8.2.jar:1.8.2]
	at org.junit.platform.engine.support.hierarchical.NodeTestTask.executeRecursively(NodeTestTask.java:138) ~[junit-platform-engine-1.8.2.jar:1.8.2]
	at org.junit.platform.engine.support.hierarchical.NodeTestTask.execute(NodeTestTask.java:95) ~[junit-platform-engine-1.8.2.jar:1.8.2]
	at java.base/java.util.ArrayList.forEach(ArrayList.java:1511) ~[na:na]
	at org.junit.platform.engine.support.hierarchical.SameThreadHierarchicalTestExecutorService.invokeAll(SameThreadHierarchicalTestExecutorService.java:41) ~[junit-platform-engine-1.8.2.jar:1.8.2]
	at org.junit.platform.engine.support.hierarchical.NodeTestTask.lambda$executeRecursively$6(NodeTestTask.java:155) ~[junit-platform-engine-1.8.2.jar:1.8.2]
	at org.junit.platform.engine.support.hierarchical.ThrowableCollector.execute(ThrowableCollector.java:73) ~[junit-platform-engine-1.8.2.jar:1.8.2]
	at org.junit.platform.engine.support.hierarchical.NodeTestTask.lambda$executeRecursively$8(NodeTestTask.java:141) ~[junit-platform-engine-1.8.2.jar:1.8.2]
	at org.junit.platform.engine.support.hierarchical.Node.around(Node.java:137) ~[junit-platform-engine-1.8.2.jar:1.8.2]
	at org.junit.platform.engine.support.hierarchical.NodeTestTask.lambda$executeRecursively$9(NodeTestTask.java:139) ~[junit-platform-engine-1.8.2.jar:1.8.2]
	at org.junit.platform.engine.support.hierarchical.ThrowableCollector.execute(ThrowableCollector.java:73) ~[junit-platform-engine-1.8.2.jar:1.8.2]
	at org.junit.platform.engine.support.hierarchical.NodeTestTask.executeRecursively(NodeTestTask.java:138) ~[junit-platform-engine-1.8.2.jar:1.8.2]
	at org.junit.platform.engine.support.hierarchical.NodeTestTask.execute(NodeTestTask.java:95) ~[junit-platform-engine-1.8.2.jar:1.8.2]
	at java.base/java.util.ArrayList.forEach(ArrayList.java:1511) ~[na:na]
	at org.junit.platform.engine.support.hierarchical.SameThreadHierarchicalTestExecutorService.invokeAll(SameThreadHierarchicalTestExecutorService.java:41) ~[junit-platform-engine-1.8.2.jar:1.8.2]
	at org.junit.platform.engine.support.hierarchical.NodeTestTask.lambda$executeRecursively$6(NodeTestTask.java:155) ~[junit-platform-engine-1.8.2.jar:1.8.2]
	at org.junit.platform.engine.support.hierarchical.ThrowableCollector.execute(ThrowableCollector.java:73) ~[junit-platform-engine-1.8.2.jar:1.8.2]
	at org.junit.platform.engine.support.hierarchical.NodeTestTask.lambda$executeRecursively$8(NodeTestTask.java:141) ~[junit-platform-engine-1.8.2.jar:1.8.2]
	at org.junit.platform.engine.support.hierarchical.Node.around(Node.java:137) ~[junit-platform-engine-1.8.2.jar:1.8.2]
	at org.junit.platform.engine.support.hierarchical.NodeTestTask.lambda$executeRecursively$9(NodeTestTask.java:139) ~[junit-platform-engine-1.8.2.jar:1.8.2]
	at org.junit.platform.engine.support.hierarchical.ThrowableCollector.execute(ThrowableCollector.java:73) ~[junit-platform-engine-1.8.2.jar:1.8.2]
	at org.junit.platform.engine.support.hierarchical.NodeTestTask.executeRecursively(NodeTestTask.java:138) ~[junit-platform-engine-1.8.2.jar:1.8.2]
	at org.junit.platform.engine.support.hierarchical.NodeTestTask.execute(NodeTestTask.java:95) ~[junit-platform-engine-1.8.2.jar:1.8.2]
	at org.junit.platform.engine.support.hierarchical.SameThreadHierarchicalTestExecutorService.submit(SameThreadHierarchicalTestExecutorService.java:35) ~[junit-platform-engine-1.8.2.jar:1.8.2]
	at org.junit.platform.engine.support.hierarchical.HierarchicalTestExecutor.execute(HierarchicalTestExecutor.java:57) ~[junit-platform-engine-1.8.2.jar:1.8.2]
	at org.junit.platform.engine.support.hierarchical.HierarchicalTestEngine.execute(HierarchicalTestEngine.java:54) ~[junit-platform-engine-1.8.2.jar:1.8.2]
	at org.junit.platform.launcher.core.EngineExecutionOrchestrator.execute(EngineExecutionOrchestrator.java:107) ~[na:na]
	at org.junit.platform.launcher.core.EngineExecutionOrchestrator.execute(EngineExecutionOrchestrator.java:88) ~[na:na]
	at org.junit.platform.launcher.core.EngineExecutionOrchestrator.lambda$execute$0(EngineExecutionOrchestrator.java:54) ~[na:na]
	at org.junit.platform.launcher.core.EngineExecutionOrchestrator.withInterceptedStreams(EngineExecutionOrchestrator.java:67) ~[na:na]
	at org.junit.platform.launcher.core.EngineExecutionOrchestrator.execute(EngineExecutionOrchestrator.java:52) ~[na:na]
	at org.junit.platform.launcher.core.DefaultLauncher.execute(DefaultLauncher.java:114) ~[na:na]
	at org.junit.platform.launcher.core.DefaultLauncher.execute(DefaultLauncher.java:86) ~[na:na]
	at org.junit.platform.launcher.core.DefaultLauncherSession$DelegatingLauncher.execute(DefaultLauncherSession.java:86) ~[na:na]
	at org.junit.platform.launcher.core.SessionPerRequestLauncher.execute(SessionPerRequestLauncher.java:53) ~[na:na]
	at org.gradle.api.internal.tasks.testing.junitplatform.JUnitPlatformTestClassProcessor$CollectAllTestClassesExecutor.processAllTestClasses(JUnitPlatformTestClassProcessor.java:99) ~[na:na]
	at org.gradle.api.internal.tasks.testing.junitplatform.JUnitPlatformTestClassProcessor$CollectAllTestClassesExecutor.access$000(JUnitPlatformTestClassProcessor.java:79) ~[na:na]
	at org.gradle.api.internal.tasks.testing.junitplatform.JUnitPlatformTestClassProcessor.stop(JUnitPlatformTestClassProcessor.java:75) ~[na:na]
	at org.gradle.api.internal.tasks.testing.SuiteTestClassProcessor.stop(SuiteTestClassProcessor.java:62) ~[na:na]
	at java.base/jdk.internal.reflect.NativeMethodAccessorImpl.invoke0(Native Method) ~[na:na]
	at java.base/jdk.internal.reflect.NativeMethodAccessorImpl.invoke(NativeMethodAccessorImpl.java:77) ~[na:na]
	at java.base/jdk.internal.reflect.DelegatingMethodAccessorImpl.invoke(DelegatingMethodAccessorImpl.java:43) ~[na:na]
	at java.base/java.lang.reflect.Method.invoke(Method.java:568) ~[na:na]
	at org.gradle.internal.dispatch.ReflectionDispatch.dispatch(ReflectionDispatch.java:36) ~[na:na]
	at org.gradle.internal.dispatch.ReflectionDispatch.dispatch(ReflectionDispatch.java:24) ~[na:na]
	at org.gradle.internal.dispatch.ContextClassLoaderDispatch.dispatch(ContextClassLoaderDispatch.java:33) ~[na:na]
	at org.gradle.internal.dispatch.ProxyDispatchAdapter$DispatchingInvocationHandler.invoke(ProxyDispatchAdapter.java:94) ~[na:na]
	at jdk.proxy1/jdk.proxy1.$Proxy2.stop(Unknown Source) ~[na:na]
	at org.gradle.api.internal.tasks.testing.worker.TestWorker$3.run(TestWorker.java:193) ~[na:na]
	at org.gradle.api.internal.tasks.testing.worker.TestWorker.executeAndMaintainThreadName(TestWorker.java:129) ~[na:na]
	at org.gradle.api.internal.tasks.testing.worker.TestWorker.execute(TestWorker.java:100) ~[na:na]
	at org.gradle.api.internal.tasks.testing.worker.TestWorker.execute(TestWorker.java:60) ~[na:na]
	at org.gradle.process.internal.worker.child.ActionExecutionWorker.execute(ActionExecutionWorker.java:56) ~[na:na]
	at org.gradle.process.internal.worker.child.SystemApplicationClassLoaderWorker.call(SystemApplicationClassLoaderWorker.java:113) ~[na:na]
	at org.gradle.process.internal.worker.child.SystemApplicationClassLoaderWorker.call(SystemApplicationClassLoaderWorker.java:65) ~[na:na]
	at worker.org.gradle.process.internal.worker.GradleWorkerMain.run(GradleWorkerMain.java:69) ~[gradle-worker.jar:na]
	at worker.org.gradle.process.internal.worker.GradleWorkerMain.main(GradleWorkerMain.java:74) ~[gradle-worker.jar:na]

Hibernate: select categoryjp0_.id as id1_0_, categoryjp0_.active as active2_0_, categoryjp0_.created_at as created_3_0_, categoryjp0_.deleted_at as deleted_4_0_, categoryjp0_.description as descript5_0_, categoryjp0_.name as name6_0_, categoryjp0_.updated_at as updated_7_0_ from category categoryjp0_
Hibernate: select count(*) as col_0_0_ from category categoryjp0_
Hibernate: select categoryjp0_.id as id1_0_0_, categoryjp0_.active as active2_0_0_, categoryjp0_.created_at as created_3_0_0_, categoryjp0_.deleted_at as deleted_4_0_0_, categoryjp0_.description as descript5_0_0_, categoryjp0_.name as name6_0_0_, categoryjp0_.updated_at as updated_7_0_0_ from category categoryjp0_ where categoryjp0_.id=?
Hibernate: insert into category (active, created_at, deleted_at, description, name, updated_at, id) values (?, ?, ?, ?, ?, ?, ?)
Hibernate: select categoryjp0_.id as id1_0_0_, categoryjp0_.active as active2_0_0_, categoryjp0_.created_at as created_3_0_0_, categoryjp0_.deleted_at as deleted_4_0_0_, categoryjp0_.description as descript5_0_0_, categoryjp0_.name as name6_0_0_, categoryjp0_.updated_at as updated_7_0_0_ from category categoryjp0_ where categoryjp0_.id=?
Hibernate: select categoryjp0_.id as id1_0_, categoryjp0_.active as active2_0_, categoryjp0_.created_at as created_3_0_, categoryjp0_.deleted_at as deleted_4_0_, categoryjp0_.description as descript5_0_, categoryjp0_.name as name6_0_, categoryjp0_.updated_at as updated_7_0_ from category categoryjp0_
Hibernate: delete from category where id=?
Hibernate: select count(*) as col_0_0_ from category categoryjp0_
Hibernate: select categoryjp0_.id as id1_0_0_, categoryjp0_.active as active2_0_0_, categoryjp0_.created_at as created_3_0_0_, categoryjp0_.deleted_at as deleted_4_0_0_, categoryjp0_.description as descript5_0_0_, categoryjp0_.name as name6_0_0_, categoryjp0_.updated_at as updated_7_0_0_ from category categoryjp0_ where categoryjp0_.id=?
Hibernate: insert into category (active, created_at, deleted_at, description, name, updated_at, id) values (?, ?, ?, ?, ?, ?, ?)
Hibernate: select categoryjp0_.id as id1_0_0_, categoryjp0_.active as active2_0_0_, categoryjp0_.created_at as created_3_0_0_, categoryjp0_.deleted_at as deleted_4_0_0_, categoryjp0_.description as descript5_0_0_, categoryjp0_.name as name6_0_0_, categoryjp0_.updated_at as updated_7_0_0_ from category categoryjp0_ where categoryjp0_.id=?
Hibernate: select categoryjp0_.id as id1_0_0_, categoryjp0_.active as active2_0_0_, categoryjp0_.created_at as created_3_0_0_, categoryjp0_.deleted_at as deleted_4_0_0_, categoryjp0_.description as descript5_0_0_, categoryjp0_.name as name6_0_0_, categoryjp0_.updated_at as updated_7_0_0_ from category categoryjp0_ where categoryjp0_.id=?
Hibernate: update category set active=?, created_at=?, deleted_at=?, description=?, name=?, updated_at=? where id=?
Hibernate: select categoryjp0_.id as id1_0_0_, categoryjp0_.active as active2_0_0_, categoryjp0_.created_at as created_3_0_0_, categoryjp0_.deleted_at as deleted_4_0_0_, categoryjp0_.description as descript5_0_0_, categoryjp0_.name as name6_0_0_, categoryjp0_.updated_at as updated_7_0_0_ from category categoryjp0_ where categoryjp0_.id=?
]]></system-out>
  <system-err><![CDATA[]]></system-err>
</testsuite>
