<?xml version="1.0" encoding="UTF-8"?>
<testsuite name="com.raderleao.admin.catalogo.infrastructure.category.models.CreateCategoryRequestTest" tests="2" skipped="0" failures="0" errors="0" timestamp="2023-03-28T04:15:04" hostname="RaderLeao-MacBook-Air.local" time="0.012">
  <properties/>
  <testcase name="testMarshall()" classname="com.raderleao.admin.catalogo.infrastructure.category.models.CreateCategoryRequestTest" time="0.005"/>
  <testcase name="testUnmarshall()" classname="com.raderleao.admin.catalogo.infrastructure.category.models.CreateCategoryRequestTest" time="0.005"/>
  <system-out><![CDATA[2023-03-28 01:15:04.629  INFO 75359 --- [    Test worker] o.s.b.t.a.j.JsonTestContextBootstrapper  : Neither @ContextConfiguration nor @ContextHierarchy found for test class [com.raderleao.admin.catalogo.infrastructure.category.models.CreateCategoryRequestTest], using SpringBootContextLoader
2023-03-28 01:15:04.629  INFO 75359 --- [    Test worker] o.s.t.c.support.AbstractContextLoader    : Could not detect default resource locations for test class [com.raderleao.admin.catalogo.infrastructure.category.models.CreateCategoryRequestTest]: no resource found for suffixes {-context.xml, Context.groovy}.
2023-03-28 01:15:04.629  INFO 75359 --- [    Test worker] t.c.s.AnnotationConfigContextLoaderUtils : Could not detect default configuration classes for test class [com.raderleao.admin.catalogo.infrastructure.category.models.CreateCategoryRequestTest]: CreateCategoryRequestTest does not declare any static, non-private, non-final, nested classes annotated with @Configuration.
2023-03-28 01:15:04.632  INFO 75359 --- [    Test worker] .b.t.c.SpringBootTestContextBootstrapper : Found @SpringBootConfiguration com.raderleao.admin.catalogo.infrastructure.Main for test class com.raderleao.admin.catalogo.infrastructure.category.models.CreateCategoryRequestTest
2023-03-28 01:15:04.632  INFO 75359 --- [    Test worker] o.s.b.t.a.j.JsonTestContextBootstrapper  : Loaded default TestExecutionListener class names from location [META-INF/spring.factories]: [org.springframework.boot.test.autoconfigure.restdocs.RestDocsTestExecutionListener, org.springframework.boot.test.autoconfigure.web.client.MockRestServiceServerResetTestExecutionListener, org.springframework.boot.test.autoconfigure.web.servlet.MockMvcPrintOnlyOnFailureTestExecutionListener, org.springframework.boot.test.autoconfigure.web.servlet.WebDriverTestExecutionListener, org.springframework.boot.test.autoconfigure.webservices.client.MockWebServiceServerTestExecutionListener, org.springframework.boot.test.mock.mockito.MockitoTestExecutionListener, org.springframework.boot.test.mock.mockito.ResetMocksTestExecutionListener, org.springframework.test.context.web.ServletTestExecutionListener, org.springframework.test.context.support.DirtiesContextBeforeModesTestExecutionListener, org.springframework.test.context.event.ApplicationEventsTestExecutionListener, org.springframework.test.context.support.DependencyInjectionTestExecutionListener, org.springframework.test.context.support.DirtiesContextTestExecutionListener, org.springframework.test.context.transaction.TransactionalTestExecutionListener, org.springframework.test.context.jdbc.SqlScriptsTestExecutionListener, org.springframework.test.context.event.EventPublishingTestExecutionListener]
2023-03-28 01:15:04.632  INFO 75359 --- [    Test worker] o.s.b.t.a.j.JsonTestContextBootstrapper  : Using TestExecutionListeners: [org.springframework.test.context.web.ServletTestExecutionListener@6c648d16, org.springframework.test.context.support.DirtiesContextBeforeModesTestExecutionListener@12cb9eda, org.springframework.test.context.event.ApplicationEventsTestExecutionListener@70b38e0, org.springframework.boot.test.mock.mockito.MockitoTestExecutionListener@79414283, org.springframework.boot.test.autoconfigure.SpringBootDependencyInjectionTestExecutionListener@31857c80, org.springframework.test.context.support.DirtiesContextTestExecutionListener@7ff61924, org.springframework.test.context.transaction.TransactionalTestExecutionListener@2164f202, org.springframework.test.context.jdbc.SqlScriptsTestExecutionListener@5242e9f7, org.springframework.test.context.event.EventPublishingTestExecutionListener@48b9ee43, org.springframework.boot.test.autoconfigure.restdocs.RestDocsTestExecutionListener@7c9e149, org.springframework.boot.test.autoconfigure.web.client.MockRestServiceServerResetTestExecutionListener@1bbf750, org.springframework.boot.test.autoconfigure.web.servlet.MockMvcPrintOnlyOnFailureTestExecutionListener@4473bbc1, org.springframework.boot.test.autoconfigure.web.servlet.WebDriverTestExecutionListener@433f8efa, org.springframework.boot.test.autoconfigure.webservices.client.MockWebServiceServerTestExecutionListener@bb4fc7d, org.springframework.boot.test.mock.mockito.ResetMocksTestExecutionListener@55eb9b2c]
]]></system-out>
  <system-err><![CDATA[]]></system-err>
</testsuite>
