<?xml version="1.0" encoding="UTF-8"?>
<testsuite name="com.raderleao.admin.catalogo.infrastructure.category.models.CreateCategoryRequestTest" tests="2" skipped="0" failures="0" errors="0" timestamp="2023-03-21T05:28:44" hostname="RaderLeao-MacBook-Air.local" time="0.011">
  <properties/>
  <testcase name="testMarshall()" classname="com.raderleao.admin.catalogo.infrastructure.category.models.CreateCategoryRequestTest" time="0.005"/>
  <testcase name="testUnmarshall()" classname="com.raderleao.admin.catalogo.infrastructure.category.models.CreateCategoryRequestTest" time="0.005"/>
  <system-out><![CDATA[2023-03-21 02:28:44.866  INFO 62812 --- [    Test worker] o.s.b.t.a.j.JsonTestContextBootstrapper  : Neither @ContextConfiguration nor @ContextHierarchy found for test class [com.raderleao.admin.catalogo.infrastructure.category.models.CreateCategoryRequestTest], using SpringBootContextLoader
2023-03-21 02:28:44.867  INFO 62812 --- [    Test worker] o.s.t.c.support.AbstractContextLoader    : Could not detect default resource locations for test class [com.raderleao.admin.catalogo.infrastructure.category.models.CreateCategoryRequestTest]: no resource found for suffixes {-context.xml, Context.groovy}.
2023-03-21 02:28:44.867  INFO 62812 --- [    Test worker] t.c.s.AnnotationConfigContextLoaderUtils : Could not detect default configuration classes for test class [com.raderleao.admin.catalogo.infrastructure.category.models.CreateCategoryRequestTest]: CreateCategoryRequestTest does not declare any static, non-private, non-final, nested classes annotated with @Configuration.
2023-03-21 02:28:44.870  INFO 62812 --- [    Test worker] .b.t.c.SpringBootTestContextBootstrapper : Found @SpringBootConfiguration com.raderleao.admin.catalogo.infrastructure.Main for test class com.raderleao.admin.catalogo.infrastructure.category.models.CreateCategoryRequestTest
2023-03-21 02:28:44.870  INFO 62812 --- [    Test worker] o.s.b.t.a.j.JsonTestContextBootstrapper  : Loaded default TestExecutionListener class names from location [META-INF/spring.factories]: [org.springframework.boot.test.autoconfigure.restdocs.RestDocsTestExecutionListener, org.springframework.boot.test.autoconfigure.web.client.MockRestServiceServerResetTestExecutionListener, org.springframework.boot.test.autoconfigure.web.servlet.MockMvcPrintOnlyOnFailureTestExecutionListener, org.springframework.boot.test.autoconfigure.web.servlet.WebDriverTestExecutionListener, org.springframework.boot.test.autoconfigure.webservices.client.MockWebServiceServerTestExecutionListener, org.springframework.boot.test.mock.mockito.MockitoTestExecutionListener, org.springframework.boot.test.mock.mockito.ResetMocksTestExecutionListener, org.springframework.test.context.web.ServletTestExecutionListener, org.springframework.test.context.support.DirtiesContextBeforeModesTestExecutionListener, org.springframework.test.context.event.ApplicationEventsTestExecutionListener, org.springframework.test.context.support.DependencyInjectionTestExecutionListener, org.springframework.test.context.support.DirtiesContextTestExecutionListener, org.springframework.test.context.transaction.TransactionalTestExecutionListener, org.springframework.test.context.jdbc.SqlScriptsTestExecutionListener, org.springframework.test.context.event.EventPublishingTestExecutionListener]
2023-03-21 02:28:44.870  INFO 62812 --- [    Test worker] o.s.b.t.a.j.JsonTestContextBootstrapper  : Using TestExecutionListeners: [org.springframework.test.context.web.ServletTestExecutionListener@52f1f54, org.springframework.test.context.support.DirtiesContextBeforeModesTestExecutionListener@2495a351, org.springframework.test.context.event.ApplicationEventsTestExecutionListener@245155b8, org.springframework.boot.test.mock.mockito.MockitoTestExecutionListener@4b6cb083, org.springframework.boot.test.autoconfigure.SpringBootDependencyInjectionTestExecutionListener@3644d305, org.springframework.test.context.support.DirtiesContextTestExecutionListener@3fc261b7, org.springframework.test.context.transaction.TransactionalTestExecutionListener@11101f62, org.springframework.test.context.jdbc.SqlScriptsTestExecutionListener@3fd64d6b, org.springframework.test.context.event.EventPublishingTestExecutionListener@2f9a7d6f, org.springframework.boot.test.autoconfigure.restdocs.RestDocsTestExecutionListener@3f96ef2, org.springframework.boot.test.autoconfigure.web.client.MockRestServiceServerResetTestExecutionListener@12039ae0, org.springframework.boot.test.autoconfigure.web.servlet.MockMvcPrintOnlyOnFailureTestExecutionListener@1fb320de, org.springframework.boot.test.autoconfigure.web.servlet.WebDriverTestExecutionListener@633e4742, org.springframework.boot.test.autoconfigure.webservices.client.MockWebServiceServerTestExecutionListener@2bf83b29, org.springframework.boot.test.mock.mockito.ResetMocksTestExecutionListener@25a2702c]
]]></system-out>
  <system-err><![CDATA[]]></system-err>
</testsuite>
