<?xml version="1.0" encoding="UTF-8"?>
<testsuite name="com.raderleao.admin.catalogo.domain.category.CategoryTest" tests="12" skipped="0" failures="0" errors="0" timestamp="2023-04-03T01:05:11" hostname="RaderLeao-MacBook-Air.local" time="0.021">
  <properties/>
  <testcase name="givenAValidInactiveCategory_whenCallActivate_thenReturnCategoryActivated()" classname="com.raderleao.admin.catalogo.domain.category.CategoryTest" time="0.009"/>
  <testcase name="givenAValidCategory_whenCallUpdate_thenReturnCategoryUpdated()" classname="com.raderleao.admin.catalogo.domain.category.CategoryTest" time="0.001"/>
  <testcase name="givenAnInvalidEmptyName_whenCallNewCategoryAndValidate_thenShouldReceiveError()" classname="com.raderleao.admin.catalogo.domain.category.CategoryTest" time="0.001"/>
  <testcase name="givenAnInvalidNameLengthMoreThan255_whenCallNewCategoryAndValidate_thenShouldReceiveError()" classname="com.raderleao.admin.catalogo.domain.category.CategoryTest" time="0.001"/>
  <testcase name="givenAValidFalseIsActive_whenCallNewCategoryAndValidate_thenShouldReceiveOK()" classname="com.raderleao.admin.catalogo.domain.category.CategoryTest" time="0.001"/>
  <testcase name="givenAValidEmptyDescription_whenCallNewCategoryAndValidate_thenShouldReceiveOK()" classname="com.raderleao.admin.catalogo.domain.category.CategoryTest" time="0.001"/>
  <testcase name="givenAValidActiveCategory_whenCallDeactivate_thenReturnCategoryInactivated()" classname="com.raderleao.admin.catalogo.domain.category.CategoryTest" time="0.001"/>
  <testcase name="givenAnInvalidNameLengthLessThan3_whenCallNewCategoryAndValidate_thenShouldReceiveError()" classname="com.raderleao.admin.catalogo.domain.category.CategoryTest" time="0.0"/>
  <testcase name="givenAValidParams_whenCallNewCategory_themInstantiateACategory()" classname="com.raderleao.admin.catalogo.domain.category.CategoryTest" time="0.0"/>
  <testcase name="givenAValidCategory_whenCallUpdateWithInvalidParams_thenReturnCategoryUpdated()" classname="com.raderleao.admin.catalogo.domain.category.CategoryTest" time="0.0"/>
  <testcase name="givenAValidCategory_whenCallUpdateToInactive_thenReturnCategoryUpdated()" classname="com.raderleao.admin.catalogo.domain.category.CategoryTest" time="0.001"/>
  <testcase name="givenAnInvalidNullName_whenCallNewCategoryAndValidate_thenShouldReceiveError()" classname="com.raderleao.admin.catalogo.domain.category.CategoryTest" time="0.0"/>
  <system-out><![CDATA[]]></system-out>
  <system-err><![CDATA[]]></system-err>
</testsuite>
