<?xml version="1.0" encoding="UTF-8"?>
<testsuite name="com.raderleao.admin.catalogo.domain.genre.GenreTest" tests="4" skipped="0" failures="0" errors="0" timestamp="2023-03-27T14:54:16" hostname="RaderLeao-MacBook-Air.local" time="0.052">
  <properties/>
  <testcase name="givenValidParams_whenCallNewGenre_shouldInstantiateAGenre()" classname="com.raderleao.admin.catalogo.domain.genre.GenreTest" time="0.038"/>
  <testcase name="givenInvalidNullName_whenCallNewGenreAndValidate_shouldReceiveAError()" classname="com.raderleao.admin.catalogo.domain.genre.GenreTest" time="0.004"/>
  <testcase name="givenInvalidNameWithLengthGreaterThan255_whenCallNewGenreAndValidate_shouldReceiveAError()" classname="com.raderleao.admin.catalogo.domain.genre.GenreTest" time="0.002"/>
  <testcase name="givenInvalidEmpityName_whenCallNewGenreAndValidate_shouldReceiveAError()" classname="com.raderleao.admin.catalogo.domain.genre.GenreTest" time="0.003"/>
  <system-out><![CDATA[]]></system-out>
  <system-err><![CDATA[]]></system-err>
</testsuite>
